<?xml version="1.0" encoding="UTF-8"?>
<testsuite name="tourGuide.TestPerformance" tests="2" skipped="0" failures="0" errors="0" timestamp="2022-06-07T09:13:38" hostname="DESKTOP-TNAE49C" time="3.336">
  <properties/>
  <testcase name="highVolumeTrackLocation" classname="tourGuide.TestPerformance" time="1.308"/>
  <testcase name="highVolumeGetRewards" classname="tourGuide.TestPerformance" time="2.028"/>
  <system-out><![CDATA[10:13:38.586 [Test worker] INFO tourGuide.service.TourGuideService - TestMode enabled
10:13:38.586 [Test worker] DEBUG tourGuide.service.TourGuideService - Initializing users
10:13:38.605 [Test worker] DEBUG tourGuide.service.TourGuideService - Created 100 internal test users.
10:13:38.605 [Test worker] DEBUG tourGuide.service.TourGuideService - Finished initializing users
10:13:38.606 [pool-6-thread-1] DEBUG tourGuide.tracker.Tracker - Begin Tracker. Tracking 100 users.
10:13:38.607 [pool-6-thread-1] DEBUG org.springframework.web.reactive.function.client.ExchangeFunctions - [4677df02] HTTP GET http://localhost:8083/userLocation?userId=78f6de9d-c77d-4a53-a18e-304adf1fbdda
10:13:38.608 [reactor-http-nio-4] DEBUG reactor.netty.resources.PooledConnectionProvider - [id: 0x1694d70f, L:/127.0.0.1:50610 - R:localhost/127.0.0.1:8083] Channel acquired, now 1 active connections and 0 inactive connections
10:13:38.608 [reactor-http-nio-4] DEBUG reactor.netty.http.client.HttpClientConnect - [id: 0x1694d70f, L:/127.0.0.1:50610 - R:localhost/127.0.0.1:8083] Handler is being applied: {uri=http://localhost:8083/userLocation?userId=78f6de9d-c77d-4a53-a18e-304adf1fbdda, method=GET}
10:13:38.610 [reactor-http-nio-4] DEBUG reactor.netty.resources.PooledConnectionProvider - [id: 0x1694d70f, L:/127.0.0.1:50610 - R:localhost/127.0.0.1:8083] onStateChange(GET{uri=/userLocation?userId=78f6de9d-c77d-4a53-a18e-304adf1fbdda, connection=PooledConnection{channel=[id: 0x1694d70f, L:/127.0.0.1:50610 - R:localhost/127.0.0.1:8083]}}, [request_sent])
10:13:38.611 [pool-4-thread-1] DEBUG org.springframework.web.reactive.function.client.ExchangeFunctions - [d0363c5] HTTP GET http://localhost:8083/userLocation?userId=78f6de9d-c77d-4a53-a18e-304adf1fbdda
10:13:38.613 [reactor-http-nio-2] DEBUG reactor.netty.resources.PooledConnectionProvider - [id: 0xd70c172e] Created new pooled channel, now 1 active connections and 1 inactive connections
10:13:38.613 [reactor-http-nio-2] DEBUG reactor.netty.channel.BootstrapHandlers - [id: 0xd70c172e] Initialized pipeline DefaultChannelPipeline{(BootstrapHandlers$BootstrapInitializerHandler#0 = reactor.netty.channel.BootstrapHandlers$BootstrapInitializerHandler), (SimpleChannelPool$1#0 = io.netty.channel.pool.SimpleChannelPool$1), (reactor.left.httpCodec = io.netty.handler.codec.http.HttpClientCodec), (reactor.left.decompressor = io.netty.handler.codec.http.HttpContentDecompressor), (reactor.right.reactiveBridge = reactor.netty.channel.ChannelOperationsHandler)}
10:13:38.617 [reactor-http-nio-2] DEBUG reactor.netty.resources.PooledConnectionProvider - [id: 0xd70c172e, L:/127.0.0.1:50612 - R:localhost/127.0.0.1:8083] onStateChange(PooledConnection{channel=[id: 0xd70c172e, L:/127.0.0.1:50612 - R:localhost/127.0.0.1:8083]}, [connected])
10:13:38.617 [reactor-http-nio-2] DEBUG reactor.netty.resources.PooledConnectionProvider - [id: 0xd70c172e, L:/127.0.0.1:50612 - R:localhost/127.0.0.1:8083] onStateChange(GET{uri=/, connection=PooledConnection{channel=[id: 0xd70c172e, L:/127.0.0.1:50612 - R:localhost/127.0.0.1:8083]}}, [configured])
10:13:38.617 [pool-4-thread-3] DEBUG org.springframework.web.reactive.function.client.ExchangeFunctions - [6dffe413] HTTP GET http://localhost:8083/userLocation?userId=f39bec7c-db33-4abf-a27f-640dd305188c
10:13:38.619 [reactor-http-nio-4] DEBUG reactor.netty.resources.PooledConnectionProvider - [id: 0xb12e3b99] Created new pooled channel, now 1 active connections and 2 inactive connections
10:13:38.619 [reactor-http-nio-4] DEBUG reactor.netty.channel.BootstrapHandlers - [id: 0xb12e3b99] Initialized pipeline DefaultChannelPipeline{(BootstrapHandlers$BootstrapInitializerHandler#0 = reactor.netty.channel.BootstrapHandlers$BootstrapInitializerHandler), (SimpleChannelPool$1#0 = io.netty.channel.pool.SimpleChannelPool$1), (reactor.left.httpCodec = io.netty.handler.codec.http.HttpClientCodec), (reactor.left.decompressor = io.netty.handler.codec.http.HttpContentDecompressor), (reactor.right.reactiveBridge = reactor.netty.channel.ChannelOperationsHandler)}
10:13:38.619 [reactor-http-nio-2] DEBUG reactor.netty.resources.PooledConnectionProvider - [id: 0xd70c172e, L:/127.0.0.1:50612 - R:localhost/127.0.0.1:8083] Registering pool release on close event for channel
10:13:38.620 [reactor-http-nio-2] DEBUG reactor.netty.http.client.HttpClientConnect - [id: 0xd70c172e, L:/127.0.0.1:50612 - R:localhost/127.0.0.1:8083] Handler is being applied: {uri=http://localhost:8083/userLocation?userId=78f6de9d-c77d-4a53-a18e-304adf1fbdda, method=GET}
10:13:38.620 [reactor-http-nio-4] DEBUG reactor.netty.resources.PooledConnectionProvider - [id: 0xb12e3b99, L:/127.0.0.1:50613 - R:localhost/127.0.0.1:8083] onStateChange(PooledConnection{channel=[id: 0xb12e3b99, L:/127.0.0.1:50613 - R:localhost/127.0.0.1:8083]}, [connected])
10:13:38.621 [reactor-http-nio-4] DEBUG reactor.netty.resources.PooledConnectionProvider - [id: 0xb12e3b99, L:/127.0.0.1:50613 - R:localhost/127.0.0.1:8083] onStateChange(GET{uri=/, connection=PooledConnection{channel=[id: 0xb12e3b99, L:/127.0.0.1:50613 - R:localhost/127.0.0.1:8083]}}, [configured])
10:13:38.621 [reactor-http-nio-2] DEBUG reactor.netty.resources.PooledConnectionProvider - [id: 0xd70c172e, L:/127.0.0.1:50612 - R:localhost/127.0.0.1:8083] onStateChange(GET{uri=/userLocation?userId=78f6de9d-c77d-4a53-a18e-304adf1fbdda, connection=PooledConnection{channel=[id: 0xd70c172e, L:/127.0.0.1:50612 - R:localhost/127.0.0.1:8083]}}, [request_sent])
10:13:38.621 [reactor-http-nio-2] DEBUG reactor.netty.resources.PooledConnectionProvider - [id: 0xd70c172e, L:/127.0.0.1:50612 - R:localhost/127.0.0.1:8083] Channel connected, now 2 active connections and 1 inactive connections
10:13:38.622 [reactor-http-nio-4] DEBUG reactor.netty.resources.PooledConnectionProvider - [id: 0xb12e3b99, L:/127.0.0.1:50613 - R:localhost/127.0.0.1:8083] Registering pool release on close event for channel
10:13:38.622 [reactor-http-nio-4] DEBUG reactor.netty.http.client.HttpClientConnect - [id: 0xb12e3b99, L:/127.0.0.1:50613 - R:localhost/127.0.0.1:8083] Handler is being applied: {uri=http://localhost:8083/userLocation?userId=f39bec7c-db33-4abf-a27f-640dd305188c, method=GET}
10:13:38.623 [reactor-http-nio-4] DEBUG reactor.netty.resources.PooledConnectionProvider - [id: 0xb12e3b99, L:/127.0.0.1:50613 - R:localhost/127.0.0.1:8083] onStateChange(GET{uri=/userLocation?userId=f39bec7c-db33-4abf-a27f-640dd305188c, connection=PooledConnection{channel=[id: 0xb12e3b99, L:/127.0.0.1:50613 - R:localhost/127.0.0.1:8083]}}, [request_sent])
10:13:38.624 [reactor-http-nio-4] DEBUG reactor.netty.resources.PooledConnectionProvider - [id: 0xb12e3b99, L:/127.0.0.1:50613 - R:localhost/127.0.0.1:8083] Channel connected, now 3 active connections and 0 inactive connections
10:13:38.626 [pool-4-thread-4] DEBUG org.springframework.web.reactive.function.client.ExchangeFunctions - [223dadda] HTTP GET http://localhost:8083/userLocation?userId=be31e814-c8bb-47b6-97f3-409b9dc274f5
10:13:38.627 [pool-4-thread-5] DEBUG org.springframework.web.reactive.function.client.ExchangeFunctions - [74078851] HTTP GET http://localhost:8083/userLocation?userId=64da71b3-730a-4136-8499-c11f623b8ec0
10:13:38.627 [reactor-http-nio-2] DEBUG reactor.netty.resources.PooledConnectionProvider - [id: 0xa0c2642f] Created new pooled channel, now 3 active connections and 1 inactive connections
10:13:38.627 [reactor-http-nio-2] DEBUG reactor.netty.channel.BootstrapHandlers - [id: 0xa0c2642f] Initialized pipeline DefaultChannelPipeline{(BootstrapHandlers$BootstrapInitializerHandler#0 = reactor.netty.channel.BootstrapHandlers$BootstrapInitializerHandler), (SimpleChannelPool$1#0 = io.netty.channel.pool.SimpleChannelPool$1), (reactor.left.httpCodec = io.netty.handler.codec.http.HttpClientCodec), (reactor.left.decompressor = io.netty.handler.codec.http.HttpContentDecompressor), (reactor.right.reactiveBridge = reactor.netty.channel.ChannelOperationsHandler)}
10:13:38.628 [reactor-http-nio-4] DEBUG reactor.netty.resources.PooledConnectionProvider - [id: 0xb37fd56e] Created new pooled channel, now 3 active connections and 2 inactive connections
10:13:38.628 [reactor-http-nio-4] DEBUG reactor.netty.channel.BootstrapHandlers - [id: 0xb37fd56e] Initialized pipeline DefaultChannelPipeline{(BootstrapHandlers$BootstrapInitializerHandler#0 = reactor.netty.channel.BootstrapHandlers$BootstrapInitializerHandler), (SimpleChannelPool$1#0 = io.netty.channel.pool.SimpleChannelPool$1), (reactor.left.httpCodec = io.netty.handler.codec.http.HttpClientCodec), (reactor.left.decompressor = io.netty.handler.codec.http.HttpContentDecompressor), (reactor.right.reactiveBridge = reactor.netty.channel.ChannelOperationsHandler)}
10:13:38.629 [reactor-http-nio-2] DEBUG reactor.netty.resources.PooledConnectionProvider - [id: 0xa0c2642f, L:/127.0.0.1:50614 - R:localhost/127.0.0.1:8083] onStateChange(PooledConnection{channel=[id: 0xa0c2642f, L:/127.0.0.1:50614 - R:localhost/127.0.0.1:8083]}, [connected])
10:13:38.629 [reactor-http-nio-2] DEBUG reactor.netty.resources.PooledConnectionProvider - [id: 0xa0c2642f, L:/127.0.0.1:50614 - R:localhost/127.0.0.1:8083] onStateChange(GET{uri=/, connection=PooledConnection{channel=[id: 0xa0c2642f, L:/127.0.0.1:50614 - R:localhost/127.0.0.1:8083]}}, [configured])
10:13:38.630 [reactor-http-nio-4] DEBUG reactor.netty.resources.PooledConnectionProvider - [id: 0xb37fd56e, L:/127.0.0.1:50615 - R:localhost/127.0.0.1:8083] onStateChange(PooledConnection{channel=[id: 0xb37fd56e, L:/127.0.0.1:50615 - R:localhost/127.0.0.1:8083]}, [connected])
10:13:38.630 [reactor-http-nio-4] DEBUG reactor.netty.resources.PooledConnectionProvider - [id: 0xb37fd56e, L:/127.0.0.1:50615 - R:localhost/127.0.0.1:8083] onStateChange(GET{uri=/, connection=PooledConnection{channel=[id: 0xb37fd56e, L:/127.0.0.1:50615 - R:localhost/127.0.0.1:8083]}}, [configured])
10:13:38.630 [reactor-http-nio-4] DEBUG reactor.netty.resources.PooledConnectionProvider - [id: 0xb37fd56e, L:/127.0.0.1:50615 - R:localhost/127.0.0.1:8083] Registering pool release on close event for channel
10:13:38.630 [reactor-http-nio-2] DEBUG reactor.netty.resources.PooledConnectionProvider - [id: 0xa0c2642f, L:/127.0.0.1:50614 - R:localhost/127.0.0.1:8083] Registering pool release on close event for channel
10:13:38.630 [reactor-http-nio-4] DEBUG reactor.netty.http.client.HttpClientConnect - [id: 0xb37fd56e, L:/127.0.0.1:50615 - R:localhost/127.0.0.1:8083] Handler is being applied: {uri=http://localhost:8083/userLocation?userId=64da71b3-730a-4136-8499-c11f623b8ec0, method=GET}
10:13:38.630 [reactor-http-nio-2] DEBUG reactor.netty.http.client.HttpClientConnect - [id: 0xa0c2642f, L:/127.0.0.1:50614 - R:localhost/127.0.0.1:8083] Handler is being applied: {uri=http://localhost:8083/userLocation?userId=be31e814-c8bb-47b6-97f3-409b9dc274f5, method=GET}
10:13:38.631 [reactor-http-nio-2] DEBUG reactor.netty.resources.PooledConnectionProvider - [id: 0xa0c2642f, L:/127.0.0.1:50614 - R:localhost/127.0.0.1:8083] onStateChange(GET{uri=/userLocation?userId=be31e814-c8bb-47b6-97f3-409b9dc274f5, connection=PooledConnection{channel=[id: 0xa0c2642f, L:/127.0.0.1:50614 - R:localhost/127.0.0.1:8083]}}, [request_sent])
10:13:38.631 [reactor-http-nio-2] DEBUG reactor.netty.resources.PooledConnectionProvider - [id: 0xa0c2642f, L:/127.0.0.1:50614 - R:localhost/127.0.0.1:8083] Channel connected, now 5 active connections and 0 inactive connections
10:13:38.626 [pool-4-thread-2] DEBUG org.springframework.web.reactive.function.client.ExchangeFunctions - [16574500] HTTP GET http://localhost:8083/userLocation?userId=d249f6c6-8d41-427e-9820-1984b10eda2d
10:13:38.631 [reactor-http-nio-4] DEBUG reactor.netty.resources.PooledConnectionProvider - [id: 0xb37fd56e, L:/127.0.0.1:50615 - R:localhost/127.0.0.1:8083] onStateChange(GET{uri=/userLocation?userId=64da71b3-730a-4136-8499-c11f623b8ec0, connection=PooledConnection{channel=[id: 0xb37fd56e, L:/127.0.0.1:50615 - R:localhost/127.0.0.1:8083]}}, [request_sent])
10:13:38.632 [reactor-http-nio-4] DEBUG reactor.netty.resources.PooledConnectionProvider - [id: 0xb37fd56e, L:/127.0.0.1:50615 - R:localhost/127.0.0.1:8083] Channel connected, now 5 active connections and 0 inactive connections
10:13:38.633 [reactor-http-nio-2] DEBUG reactor.netty.resources.PooledConnectionProvider - [id: 0x011036a3] Created new pooled channel, now 5 active connections and 1 inactive connections
10:13:38.634 [reactor-http-nio-2] DEBUG reactor.netty.channel.BootstrapHandlers - [id: 0x011036a3] Initialized pipeline DefaultChannelPipeline{(BootstrapHandlers$BootstrapInitializerHandler#0 = reactor.netty.channel.BootstrapHandlers$BootstrapInitializerHandler), (SimpleChannelPool$1#0 = io.netty.channel.pool.SimpleChannelPool$1), (reactor.left.httpCodec = io.netty.handler.codec.http.HttpClientCodec), (reactor.left.decompressor = io.netty.handler.codec.http.HttpContentDecompressor), (reactor.right.reactiveBridge = reactor.netty.channel.ChannelOperationsHandler)}
10:13:38.635 [reactor-http-nio-2] DEBUG reactor.netty.resources.PooledConnectionProvider - [id: 0x011036a3, L:/127.0.0.1:50616 - R:localhost/127.0.0.1:8083] onStateChange(PooledConnection{channel=[id: 0x011036a3, L:/127.0.0.1:50616 - R:localhost/127.0.0.1:8083]}, [connected])
10:13:38.636 [reactor-http-nio-2] DEBUG reactor.netty.resources.PooledConnectionProvider - [id: 0x011036a3, L:/127.0.0.1:50616 - R:localhost/127.0.0.1:8083] onStateChange(GET{uri=/, connection=PooledConnection{channel=[id: 0x011036a3, L:/127.0.0.1:50616 - R:localhost/127.0.0.1:8083]}}, [configured])
10:13:38.636 [reactor-http-nio-2] DEBUG reactor.netty.resources.PooledConnectionProvider - [id: 0x011036a3, L:/127.0.0.1:50616 - R:localhost/127.0.0.1:8083] Registering pool release on close event for channel
10:13:38.636 [reactor-http-nio-2] DEBUG reactor.netty.http.client.HttpClientConnect - [id: 0x011036a3, L:/127.0.0.1:50616 - R:localhost/127.0.0.1:8083] Handler is being applied: {uri=http://localhost:8083/userLocation?userId=d249f6c6-8d41-427e-9820-1984b10eda2d, method=GET}
10:13:38.638 [reactor-http-nio-2] DEBUG reactor.netty.resources.PooledConnectionProvider - [id: 0x011036a3, L:/127.0.0.1:50616 - R:localhost/127.0.0.1:8083] onStateChange(GET{uri=/userLocation?userId=d249f6c6-8d41-427e-9820-1984b10eda2d, connection=PooledConnection{channel=[id: 0x011036a3, L:/127.0.0.1:50616 - R:localhost/127.0.0.1:8083]}}, [request_sent])
10:13:38.638 [reactor-http-nio-2] DEBUG reactor.netty.resources.PooledConnectionProvider - [id: 0x011036a3, L:/127.0.0.1:50616 - R:localhost/127.0.0.1:8083] Channel connected, now 6 active connections and 0 inactive connections
10:13:38.638 [pool-4-thread-6] DEBUG org.springframework.web.reactive.function.client.ExchangeFunctions - [58a681ac] HTTP GET http://localhost:8083/userLocation?userId=81a49ace-40cb-43c2-9a65-2c111ac1ee40
10:13:38.638 [pool-4-thread-7] DEBUG org.springframework.web.reactive.function.client.ExchangeFunctions - [5913835b] HTTP GET http://localhost:8083/userLocation?userId=6bf791a0-14be-4219-9cfc-854964a8e488
10:13:38.639 [reactor-http-nio-4] DEBUG reactor.netty.resources.PooledConnectionProvider - [id: 0xffcbc3fa] Created new pooled channel, now 6 active connections and 1 inactive connections
10:13:38.640 [reactor-http-nio-4] DEBUG reactor.netty.channel.BootstrapHandlers - [id: 0xffcbc3fa] Initialized pipeline DefaultChannelPipeline{(BootstrapHandlers$BootstrapInitializerHandler#0 = reactor.netty.channel.BootstrapHandlers$BootstrapInitializerHandler), (SimpleChannelPool$1#0 = io.netty.channel.pool.SimpleChannelPool$1), (reactor.left.httpCodec = io.netty.handler.codec.http.HttpClientCodec), (reactor.left.decompressor = io.netty.handler.codec.http.HttpContentDecompressor), (reactor.right.reactiveBridge = reactor.netty.channel.ChannelOperationsHandler)}
10:13:38.640 [reactor-http-nio-2] DEBUG reactor.netty.resources.PooledConnectionProvider - [id: 0x7da5620d] Created new pooled channel, now 6 active connections and 2 inactive connections
10:13:38.640 [reactor-http-nio-2] DEBUG reactor.netty.channel.BootstrapHandlers - [id: 0x7da5620d] Initialized pipeline DefaultChannelPipeline{(BootstrapHandlers$BootstrapInitializerHandler#0 = reactor.netty.channel.BootstrapHandlers$BootstrapInitializerHandler), (SimpleChannelPool$1#0 = io.netty.channel.pool.SimpleChannelPool$1), (reactor.left.httpCodec = io.netty.handler.codec.http.HttpClientCodec), (reactor.left.decompressor = io.netty.handler.codec.http.HttpContentDecompressor), (reactor.right.reactiveBridge = reactor.netty.channel.ChannelOperationsHandler)}
10:13:38.641 [reactor-http-nio-4] DEBUG reactor.netty.resources.PooledConnectionProvider - [id: 0xffcbc3fa, L:/127.0.0.1:50617 - R:localhost/127.0.0.1:8083] onStateChange(PooledConnection{channel=[id: 0xffcbc3fa, L:/127.0.0.1:50617 - R:localhost/127.0.0.1:8083]}, [connected])
10:13:38.641 [reactor-http-nio-4] DEBUG reactor.netty.resources.PooledConnectionProvider - [id: 0xffcbc3fa, L:/127.0.0.1:50617 - R:localhost/127.0.0.1:8083] onStateChange(GET{uri=/, connection=PooledConnection{channel=[id: 0xffcbc3fa, L:/127.0.0.1:50617 - R:localhost/127.0.0.1:8083]}}, [configured])
10:13:38.641 [reactor-http-nio-4] DEBUG reactor.netty.resources.PooledConnectionProvider - [id: 0xffcbc3fa, L:/127.0.0.1:50617 - R:localhost/127.0.0.1:8083] Registering pool release on close event for channel
10:13:38.642 [reactor-http-nio-4] DEBUG reactor.netty.http.client.HttpClientConnect - [id: 0xffcbc3fa, L:/127.0.0.1:50617 - R:localhost/127.0.0.1:8083] Handler is being applied: {uri=http://localhost:8083/userLocation?userId=81a49ace-40cb-43c2-9a65-2c111ac1ee40, method=GET}
10:13:38.642 [reactor-http-nio-2] DEBUG reactor.netty.resources.PooledConnectionProvider - [id: 0x7da5620d, L:/127.0.0.1:50618 - R:localhost/127.0.0.1:8083] onStateChange(PooledConnection{channel=[id: 0x7da5620d, L:/127.0.0.1:50618 - R:localhost/127.0.0.1:8083]}, [connected])
10:13:38.642 [reactor-http-nio-2] DEBUG reactor.netty.resources.PooledConnectionProvider - [id: 0x7da5620d, L:/127.0.0.1:50618 - R:localhost/127.0.0.1:8083] onStateChange(GET{uri=/, connection=PooledConnection{channel=[id: 0x7da5620d, L:/127.0.0.1:50618 - R:localhost/127.0.0.1:8083]}}, [configured])
10:13:38.642 [reactor-http-nio-2] DEBUG reactor.netty.resources.PooledConnectionProvider - [id: 0x7da5620d, L:/127.0.0.1:50618 - R:localhost/127.0.0.1:8083] Registering pool release on close event for channel
10:13:38.642 [reactor-http-nio-2] DEBUG reactor.netty.http.client.HttpClientConnect - [id: 0x7da5620d, L:/127.0.0.1:50618 - R:localhost/127.0.0.1:8083] Handler is being applied: {uri=http://localhost:8083/userLocation?userId=6bf791a0-14be-4219-9cfc-854964a8e488, method=GET}
10:13:38.643 [reactor-http-nio-4] DEBUG reactor.netty.resources.PooledConnectionProvider - [id: 0xffcbc3fa, L:/127.0.0.1:50617 - R:localhost/127.0.0.1:8083] onStateChange(GET{uri=/userLocation?userId=81a49ace-40cb-43c2-9a65-2c111ac1ee40, connection=PooledConnection{channel=[id: 0xffcbc3fa, L:/127.0.0.1:50617 - R:localhost/127.0.0.1:8083]}}, [request_sent])
10:13:38.643 [reactor-http-nio-4] DEBUG reactor.netty.resources.PooledConnectionProvider - [id: 0xffcbc3fa, L:/127.0.0.1:50617 - R:localhost/127.0.0.1:8083] Channel connected, now 8 active connections and 0 inactive connections
10:13:38.643 [reactor-http-nio-2] DEBUG reactor.netty.resources.PooledConnectionProvider - [id: 0x7da5620d, L:/127.0.0.1:50618 - R:localhost/127.0.0.1:8083] onStateChange(GET{uri=/userLocation?userId=6bf791a0-14be-4219-9cfc-854964a8e488, connection=PooledConnection{channel=[id: 0x7da5620d, L:/127.0.0.1:50618 - R:localhost/127.0.0.1:8083]}}, [request_sent])
10:13:38.643 [reactor-http-nio-2] DEBUG reactor.netty.resources.PooledConnectionProvider - [id: 0x7da5620d, L:/127.0.0.1:50618 - R:localhost/127.0.0.1:8083] Channel connected, now 8 active connections and 0 inactive connections
10:13:38.646 [pool-4-thread-9] DEBUG org.springframework.web.reactive.function.client.ExchangeFunctions - [5c7c1002] HTTP GET http://localhost:8083/userLocation?userId=cef76596-3a72-44c5-b51f-681b89b8e87c
10:13:38.646 [pool-4-thread-11] DEBUG org.springframework.web.reactive.function.client.ExchangeFunctions - [6f143efc] HTTP GET http://localhost:8083/userLocation?userId=b1076bf9-2def-4702-bbdd-cbd60c129159
10:13:38.647 [reactor-http-nio-2] DEBUG reactor.netty.resources.PooledConnectionProvider - [id: 0xf6a1e568] Created new pooled channel, now 8 active connections and 2 inactive connections
10:13:38.647 [reactor-http-nio-2] DEBUG reactor.netty.channel.BootstrapHandlers - [id: 0xf6a1e568] Initialized pipeline DefaultChannelPipeline{(BootstrapHandlers$BootstrapInitializerHandler#0 = reactor.netty.channel.BootstrapHandlers$BootstrapInitializerHandler), (SimpleChannelPool$1#0 = io.netty.channel.pool.SimpleChannelPool$1), (reactor.left.httpCodec = io.netty.handler.codec.http.HttpClientCodec), (reactor.left.decompressor = io.netty.handler.codec.http.HttpContentDecompressor), (reactor.right.reactiveBridge = reactor.netty.channel.ChannelOperationsHandler)}
10:13:38.646 [pool-4-thread-8] DEBUG org.springframework.web.reactive.function.client.ExchangeFunctions - [70ab3198] HTTP GET http://localhost:8083/userLocation?userId=759273ac-5db3-4bce-a2be-0d80b31997ed
10:13:38.647 [reactor-http-nio-1] DEBUG reactor.netty.resources.PooledConnectionProvider - [id: 0x5dcee25b] Created new pooled channel, now 8 active connections and 2 inactive connections
10:13:38.649 [reactor-http-nio-1] DEBUG reactor.netty.channel.BootstrapHandlers - [id: 0x5dcee25b] Initialized pipeline DefaultChannelPipeline{(BootstrapHandlers$BootstrapInitializerHandler#0 = reactor.netty.channel.BootstrapHandlers$BootstrapInitializerHandler), (SimpleChannelPool$1#0 = io.netty.channel.pool.SimpleChannelPool$1), (reactor.left.httpCodec = io.netty.handler.codec.http.HttpClientCodec), (reactor.left.decompressor = io.netty.handler.codec.http.HttpContentDecompressor), (reactor.right.reactiveBridge = reactor.netty.channel.ChannelOperationsHandler)}
10:13:38.648 [pool-4-thread-10] DEBUG org.springframework.web.reactive.function.client.ExchangeFunctions - [6abec8b3] HTTP GET http://localhost:8083/userLocation?userId=65292bdd-a7cb-4a0d-827e-84fb4952a1b3
10:13:38.648 [reactor-http-nio-2] DEBUG reactor.netty.resources.PooledConnectionProvider - [id: 0xf6a1e568, L:/127.0.0.1:50619 - R:localhost/127.0.0.1:8083] onStateChange(PooledConnection{channel=[id: 0xf6a1e568, L:/127.0.0.1:50619 - R:localhost/127.0.0.1:8083]}, [connected])
10:13:38.649 [reactor-http-nio-2] DEBUG reactor.netty.resources.PooledConnectionProvider - [id: 0xf6a1e568, L:/127.0.0.1:50619 - R:localhost/127.0.0.1:8083] onStateChange(GET{uri=/, connection=PooledConnection{channel=[id: 0xf6a1e568, L:/127.0.0.1:50619 - R:localhost/127.0.0.1:8083]}}, [configured])
10:13:38.649 [reactor-http-nio-2] DEBUG reactor.netty.resources.PooledConnectionProvider - [id: 0xf6a1e568, L:/127.0.0.1:50619 - R:localhost/127.0.0.1:8083] Registering pool release on close event for channel
10:13:38.649 [reactor-http-nio-2] DEBUG reactor.netty.http.client.HttpClientConnect - [id: 0xf6a1e568, L:/127.0.0.1:50619 - R:localhost/127.0.0.1:8083] Handler is being applied: {uri=http://localhost:8083/userLocation?userId=b1076bf9-2def-4702-bbdd-cbd60c129159, method=GET}
10:13:38.650 [reactor-http-nio-1] DEBUG reactor.netty.resources.PooledConnectionProvider - [id: 0x5dcee25b, L:/127.0.0.1:50620 - R:localhost/127.0.0.1:8083] onStateChange(PooledConnection{channel=[id: 0x5dcee25b, L:/127.0.0.1:50620 - R:localhost/127.0.0.1:8083]}, [connected])
10:13:38.650 [reactor-http-nio-1] DEBUG reactor.netty.resources.PooledConnectionProvider - [id: 0x5dcee25b, L:/127.0.0.1:50620 - R:localhost/127.0.0.1:8083] onStateChange(GET{uri=/, connection=PooledConnection{channel=[id: 0x5dcee25b, L:/127.0.0.1:50620 - R:localhost/127.0.0.1:8083]}}, [configured])
10:13:38.650 [reactor-http-nio-1] DEBUG reactor.netty.resources.PooledConnectionProvider - [id: 0x5dcee25b, L:/127.0.0.1:50620 - R:localhost/127.0.0.1:8083] Registering pool release on close event for channel
10:13:38.650 [reactor-http-nio-1] DEBUG reactor.netty.http.client.HttpClientConnect - [id: 0x5dcee25b, L:/127.0.0.1:50620 - R:localhost/127.0.0.1:8083] Handler is being applied: {uri=http://localhost:8083/userLocation?userId=cef76596-3a72-44c5-b51f-681b89b8e87c, method=GET}
10:13:38.650 [reactor-http-nio-4] DEBUG reactor.netty.resources.PooledConnectionProvider - [id: 0x3846aaec] Created new pooled channel, now 10 active connections and 1 inactive connections
10:13:38.650 [reactor-http-nio-4] DEBUG reactor.netty.channel.BootstrapHandlers - [id: 0x3846aaec] Initialized pipeline DefaultChannelPipeline{(BootstrapHandlers$BootstrapInitializerHandler#0 = reactor.netty.channel.BootstrapHandlers$BootstrapInitializerHandler), (SimpleChannelPool$1#0 = io.netty.channel.pool.SimpleChannelPool$1), (reactor.left.httpCodec = io.netty.handler.codec.http.HttpClientCodec), (reactor.left.decompressor = io.netty.handler.codec.http.HttpContentDecompressor), (reactor.right.reactiveBridge = reactor.netty.channel.ChannelOperationsHandler)}
10:13:38.650 [reactor-http-nio-2] DEBUG reactor.netty.resources.PooledConnectionProvider - [id: 0xf6a1e568, L:/127.0.0.1:50619 - R:localhost/127.0.0.1:8083] onStateChange(GET{uri=/userLocation?userId=b1076bf9-2def-4702-bbdd-cbd60c129159, connection=PooledConnection{channel=[id: 0xf6a1e568, L:/127.0.0.1:50619 - R:localhost/127.0.0.1:8083]}}, [request_sent])
10:13:38.651 [reactor-http-nio-2] DEBUG reactor.netty.resources.PooledConnectionProvider - [id: 0xf6a1e568, L:/127.0.0.1:50619 - R:localhost/127.0.0.1:8083] Channel connected, now 10 active connections and 1 inactive connections
10:13:38.653 [reactor-http-nio-4] DEBUG reactor.netty.resources.PooledConnectionProvider - [id: 0x3846aaec, L:/127.0.0.1:50621 - R:localhost/127.0.0.1:8083] onStateChange(PooledConnection{channel=[id: 0x3846aaec, L:/127.0.0.1:50621 - R:localhost/127.0.0.1:8083]}, [connected])
10:13:38.654 [reactor-http-nio-4] DEBUG reactor.netty.resources.PooledConnectionProvider - [id: 0x3846aaec, L:/127.0.0.1:50621 - R:localhost/127.0.0.1:8083] onStateChange(GET{uri=/, connection=PooledConnection{channel=[id: 0x3846aaec, L:/127.0.0.1:50621 - R:localhost/127.0.0.1:8083]}}, [configured])
10:13:38.654 [reactor-http-nio-4] DEBUG reactor.netty.resources.PooledConnectionProvider - [id: 0x3846aaec, L:/127.0.0.1:50621 - R:localhost/127.0.0.1:8083] Registering pool release on close event for channel
10:13:38.654 [reactor-http-nio-4] DEBUG reactor.netty.http.client.HttpClientConnect - [id: 0x3846aaec, L:/127.0.0.1:50621 - R:localhost/127.0.0.1:8083] Handler is being applied: {uri=http://localhost:8083/userLocation?userId=759273ac-5db3-4bce-a2be-0d80b31997ed, method=GET}
10:13:38.656 [reactor-http-nio-2] DEBUG reactor.netty.resources.PooledConnectionProvider - [id: 0x49dcd8d7] Created new pooled channel, now 11 active connections and 1 inactive connections
10:13:38.656 [reactor-http-nio-1] DEBUG reactor.netty.resources.PooledConnectionProvider - [id: 0x5dcee25b, L:/127.0.0.1:50620 - R:localhost/127.0.0.1:8083] onStateChange(GET{uri=/userLocation?userId=cef76596-3a72-44c5-b51f-681b89b8e87c, connection=PooledConnection{channel=[id: 0x5dcee25b, L:/127.0.0.1:50620 - R:localhost/127.0.0.1:8083]}}, [request_sent])
10:13:38.656 [reactor-http-nio-1] DEBUG reactor.netty.resources.PooledConnectionProvider - [id: 0x5dcee25b, L:/127.0.0.1:50620 - R:localhost/127.0.0.1:8083] Channel connected, now 11 active connections and 1 inactive connections
10:13:38.656 [reactor-http-nio-2] DEBUG reactor.netty.channel.BootstrapHandlers - [id: 0x49dcd8d7] Initialized pipeline DefaultChannelPipeline{(BootstrapHandlers$BootstrapInitializerHandler#0 = reactor.netty.channel.BootstrapHandlers$BootstrapInitializerHandler), (SimpleChannelPool$1#0 = io.netty.channel.pool.SimpleChannelPool$1), (reactor.left.httpCodec = io.netty.handler.codec.http.HttpClientCodec), (reactor.left.decompressor = io.netty.handler.codec.http.HttpContentDecompressor), (reactor.right.reactiveBridge = reactor.netty.channel.ChannelOperationsHandler)}
10:13:38.656 [reactor-http-nio-4] DEBUG reactor.netty.resources.PooledConnectionProvider - [id: 0x3846aaec, L:/127.0.0.1:50621 - R:localhost/127.0.0.1:8083] onStateChange(GET{uri=/userLocation?userId=759273ac-5db3-4bce-a2be-0d80b31997ed, connection=PooledConnection{channel=[id: 0x3846aaec, L:/127.0.0.1:50621 - R:localhost/127.0.0.1:8083]}}, [request_sent])
10:13:38.656 [reactor-http-nio-4] DEBUG reactor.netty.resources.PooledConnectionProvider - [id: 0x3846aaec, L:/127.0.0.1:50621 - R:localhost/127.0.0.1:8083] Channel connected, now 11 active connections and 1 inactive connections
10:13:38.658 [reactor-http-nio-2] DEBUG reactor.netty.resources.PooledConnectionProvider - [id: 0x49dcd8d7, L:/127.0.0.1:50622 - R:localhost/127.0.0.1:8083] onStateChange(PooledConnection{channel=[id: 0x49dcd8d7, L:/127.0.0.1:50622 - R:localhost/127.0.0.1:8083]}, [connected])
10:13:38.658 [reactor-http-nio-2] DEBUG reactor.netty.resources.PooledConnectionProvider - [id: 0x49dcd8d7, L:/127.0.0.1:50622 - R:localhost/127.0.0.1:8083] onStateChange(GET{uri=/, connection=PooledConnection{channel=[id: 0x49dcd8d7, L:/127.0.0.1:50622 - R:localhost/127.0.0.1:8083]}}, [configured])
10:13:38.659 [reactor-http-nio-2] DEBUG reactor.netty.resources.PooledConnectionProvider - [id: 0x49dcd8d7, L:/127.0.0.1:50622 - R:localhost/127.0.0.1:8083] Registering pool release on close event for channel
10:13:38.659 [reactor-http-nio-2] DEBUG reactor.netty.http.client.HttpClientConnect - [id: 0x49dcd8d7, L:/127.0.0.1:50622 - R:localhost/127.0.0.1:8083] Handler is being applied: {uri=http://localhost:8083/userLocation?userId=65292bdd-a7cb-4a0d-827e-84fb4952a1b3, method=GET}
10:13:38.660 [reactor-http-nio-2] DEBUG reactor.netty.resources.PooledConnectionProvider - [id: 0x49dcd8d7, L:/127.0.0.1:50622 - R:localhost/127.0.0.1:8083] onStateChange(GET{uri=/userLocation?userId=65292bdd-a7cb-4a0d-827e-84fb4952a1b3, connection=PooledConnection{channel=[id: 0x49dcd8d7, L:/127.0.0.1:50622 - R:localhost/127.0.0.1:8083]}}, [request_sent])
10:13:38.660 [reactor-http-nio-2] DEBUG reactor.netty.resources.PooledConnectionProvider - [id: 0x49dcd8d7, L:/127.0.0.1:50622 - R:localhost/127.0.0.1:8083] Channel connected, now 12 active connections and 0 inactive connections
10:13:38.666 [pool-4-thread-13] DEBUG org.springframework.web.reactive.function.client.ExchangeFunctions - [7eb8260e] HTTP GET http://localhost:8083/userLocation?userId=be263f92-0b1b-4a49-886b-170347b892a4
10:13:38.667 [pool-4-thread-14] DEBUG org.springframework.web.reactive.function.client.ExchangeFunctions - [13b13cf4] HTTP GET http://localhost:8083/userLocation?userId=a470ced3-d641-4836-b7be-d5e429ee1754
10:13:38.666 [pool-4-thread-12] DEBUG org.springframework.web.reactive.function.client.ExchangeFunctions - [7f5f7296] HTTP GET http://localhost:8083/userLocation?userId=e4434030-6575-4b86-985c-9b4fab703544
10:13:38.667 [reactor-http-nio-4] DEBUG reactor.netty.resources.PooledConnectionProvider - [id: 0xce2e26b5] Created new pooled channel, now 12 active connections and 1 inactive connections
10:13:38.670 [reactor-http-nio-4] DEBUG reactor.netty.channel.BootstrapHandlers - [id: 0xce2e26b5] Initialized pipeline DefaultChannelPipeline{(BootstrapHandlers$BootstrapInitializerHandler#0 = reactor.netty.channel.BootstrapHandlers$BootstrapInitializerHandler), (SimpleChannelPool$1#0 = io.netty.channel.pool.SimpleChannelPool$1), (reactor.left.httpCodec = io.netty.handler.codec.http.HttpClientCodec), (reactor.left.decompressor = io.netty.handler.codec.http.HttpContentDecompressor), (reactor.right.reactiveBridge = reactor.netty.channel.ChannelOperationsHandler)}
10:13:38.670 [reactor-http-nio-2] DEBUG reactor.netty.resources.PooledConnectionProvider - [id: 0xaea19dad] Created new pooled channel, now 12 active connections and 2 inactive connections
10:13:38.671 [reactor-http-nio-2] DEBUG reactor.netty.channel.BootstrapHandlers - [id: 0xaea19dad] Initialized pipeline DefaultChannelPipeline{(BootstrapHandlers$BootstrapInitializerHandler#0 = reactor.netty.channel.BootstrapHandlers$BootstrapInitializerHandler), (SimpleChannelPool$1#0 = io.netty.channel.pool.SimpleChannelPool$1), (reactor.left.httpCodec = io.netty.handler.codec.http.HttpClientCodec), (reactor.left.decompressor = io.netty.handler.codec.http.HttpContentDecompressor), (reactor.right.reactiveBridge = reactor.netty.channel.ChannelOperationsHandler)}
10:13:38.671 [reactor-http-nio-4] DEBUG reactor.netty.resources.PooledConnectionProvider - [id: 0xce2e26b5, L:/127.0.0.1:50623 - R:localhost/127.0.0.1:8083] onStateChange(PooledConnection{channel=[id: 0xce2e26b5, L:/127.0.0.1:50623 - R:localhost/127.0.0.1:8083]}, [connected])
10:13:38.671 [reactor-http-nio-4] DEBUG reactor.netty.resources.PooledConnectionProvider - [id: 0xce2e26b5, L:/127.0.0.1:50623 - R:localhost/127.0.0.1:8083] onStateChange(GET{uri=/, connection=PooledConnection{channel=[id: 0xce2e26b5, L:/127.0.0.1:50623 - R:localhost/127.0.0.1:8083]}}, [configured])
10:13:38.671 [reactor-http-nio-4] DEBUG reactor.netty.resources.PooledConnectionProvider - [id: 0xce2e26b5, L:/127.0.0.1:50623 - R:localhost/127.0.0.1:8083] Registering pool release on close event for channel
10:13:38.671 [reactor-http-nio-4] DEBUG reactor.netty.http.client.HttpClientConnect - [id: 0xce2e26b5, L:/127.0.0.1:50623 - R:localhost/127.0.0.1:8083] Handler is being applied: {uri=http://localhost:8083/userLocation?userId=be263f92-0b1b-4a49-886b-170347b892a4, method=GET}
10:13:38.673 [reactor-http-nio-2] DEBUG reactor.netty.resources.PooledConnectionProvider - [id: 0xaea19dad, L:/127.0.0.1:50624 - R:localhost/127.0.0.1:8083] onStateChange(PooledConnection{channel=[id: 0xaea19dad, L:/127.0.0.1:50624 - R:localhost/127.0.0.1:8083]}, [connected])
10:13:38.673 [reactor-http-nio-2] DEBUG reactor.netty.resources.PooledConnectionProvider - [id: 0xaea19dad, L:/127.0.0.1:50624 - R:localhost/127.0.0.1:8083] onStateChange(GET{uri=/, connection=PooledConnection{channel=[id: 0xaea19dad, L:/127.0.0.1:50624 - R:localhost/127.0.0.1:8083]}}, [configured])
10:13:38.673 [reactor-http-nio-4] DEBUG reactor.netty.resources.PooledConnectionProvider - [id: 0xce2e26b5, L:/127.0.0.1:50623 - R:localhost/127.0.0.1:8083] onStateChange(GET{uri=/userLocation?userId=be263f92-0b1b-4a49-886b-170347b892a4, connection=PooledConnection{channel=[id: 0xce2e26b5, L:/127.0.0.1:50623 - R:localhost/127.0.0.1:8083]}}, [request_sent])
10:13:38.674 [reactor-http-nio-4] DEBUG reactor.netty.resources.PooledConnectionProvider - [id: 0xce2e26b5, L:/127.0.0.1:50623 - R:localhost/127.0.0.1:8083] Channel connected, now 13 active connections and 1 inactive connections
10:13:38.674 [reactor-http-nio-2] DEBUG reactor.netty.resources.PooledConnectionProvider - [id: 0xaea19dad, L:/127.0.0.1:50624 - R:localhost/127.0.0.1:8083] Registering pool release on close event for channel
10:13:38.674 [reactor-http-nio-2] DEBUG reactor.netty.http.client.HttpClientConnect - [id: 0xaea19dad, L:/127.0.0.1:50624 - R:localhost/127.0.0.1:8083] Handler is being applied: {uri=http://localhost:8083/userLocation?userId=a470ced3-d641-4836-b7be-d5e429ee1754, method=GET}
10:13:38.676 [reactor-http-nio-2] DEBUG reactor.netty.resources.PooledConnectionProvider - [id: 0xaea19dad, L:/127.0.0.1:50624 - R:localhost/127.0.0.1:8083] onStateChange(GET{uri=/userLocation?userId=a470ced3-d641-4836-b7be-d5e429ee1754, connection=PooledConnection{channel=[id: 0xaea19dad, L:/127.0.0.1:50624 - R:localhost/127.0.0.1:8083]}}, [request_sent])
10:13:38.676 [reactor-http-nio-2] DEBUG reactor.netty.resources.PooledConnectionProvider - [id: 0xaea19dad, L:/127.0.0.1:50624 - R:localhost/127.0.0.1:8083] Channel connected, now 14 active connections and 0 inactive connections
10:13:38.676 [reactor-http-nio-4] DEBUG reactor.netty.resources.PooledConnectionProvider - [id: 0x634507d6] Created new pooled channel, now 14 active connections and 1 inactive connections
10:13:38.676 [reactor-http-nio-4] DEBUG reactor.netty.channel.BootstrapHandlers - [id: 0x634507d6] Initialized pipeline DefaultChannelPipeline{(BootstrapHandlers$BootstrapInitializerHandler#0 = reactor.netty.channel.BootstrapHandlers$BootstrapInitializerHandler), (SimpleChannelPool$1#0 = io.netty.channel.pool.SimpleChannelPool$1), (reactor.left.httpCodec = io.netty.handler.codec.http.HttpClientCodec), (reactor.left.decompressor = io.netty.handler.codec.http.HttpContentDecompressor), (reactor.right.reactiveBridge = reactor.netty.channel.ChannelOperationsHandler)}
10:13:38.678 [reactor-http-nio-4] DEBUG reactor.netty.resources.PooledConnectionProvider - [id: 0x634507d6, L:/127.0.0.1:50625 - R:localhost/127.0.0.1:8083] onStateChange(PooledConnection{channel=[id: 0x634507d6, L:/127.0.0.1:50625 - R:localhost/127.0.0.1:8083]}, [connected])
10:13:38.679 [reactor-http-nio-4] DEBUG reactor.netty.resources.PooledConnectionProvider - [id: 0x634507d6, L:/127.0.0.1:50625 - R:localhost/127.0.0.1:8083] onStateChange(GET{uri=/, connection=PooledConnection{channel=[id: 0x634507d6, L:/127.0.0.1:50625 - R:localhost/127.0.0.1:8083]}}, [configured])
10:13:38.679 [reactor-http-nio-4] DEBUG reactor.netty.resources.PooledConnectionProvider - [id: 0x634507d6, L:/127.0.0.1:50625 - R:localhost/127.0.0.1:8083] Registering pool release on close event for channel
10:13:38.679 [reactor-http-nio-4] DEBUG reactor.netty.http.client.HttpClientConnect - [id: 0x634507d6, L:/127.0.0.1:50625 - R:localhost/127.0.0.1:8083] Handler is being applied: {uri=http://localhost:8083/userLocation?userId=e4434030-6575-4b86-985c-9b4fab703544, method=GET}
10:13:38.681 [reactor-http-nio-4] DEBUG reactor.netty.resources.PooledConnectionProvider - [id: 0x634507d6, L:/127.0.0.1:50625 - R:localhost/127.0.0.1:8083] onStateChange(GET{uri=/userLocation?userId=e4434030-6575-4b86-985c-9b4fab703544, connection=PooledConnection{channel=[id: 0x634507d6, L:/127.0.0.1:50625 - R:localhost/127.0.0.1:8083]}}, [request_sent])
10:13:38.682 [reactor-http-nio-4] DEBUG reactor.netty.resources.PooledConnectionProvider - [id: 0x634507d6, L:/127.0.0.1:50625 - R:localhost/127.0.0.1:8083] Channel connected, now 15 active connections and 0 inactive connections
10:13:38.683 [pool-4-thread-15] DEBUG org.springframework.web.reactive.function.client.ExchangeFunctions - [492268d2] HTTP GET http://localhost:8083/userLocation?userId=018a464f-a15c-4130-a580-660a748574ae
10:13:38.684 [reactor-http-nio-2] DEBUG reactor.netty.resources.PooledConnectionProvider - [id: 0xfff007b6] Created new pooled channel, now 15 active connections and 1 inactive connections
10:13:38.684 [reactor-http-nio-2] DEBUG reactor.netty.channel.BootstrapHandlers - [id: 0xfff007b6] Initialized pipeline DefaultChannelPipeline{(BootstrapHandlers$BootstrapInitializerHandler#0 = reactor.netty.channel.BootstrapHandlers$BootstrapInitializerHandler), (SimpleChannelPool$1#0 = io.netty.channel.pool.SimpleChannelPool$1), (reactor.left.httpCodec = io.netty.handler.codec.http.HttpClientCodec), (reactor.left.decompressor = io.netty.handler.codec.http.HttpContentDecompressor), (reactor.right.reactiveBridge = reactor.netty.channel.ChannelOperationsHandler)}
10:13:38.686 [reactor-http-nio-2] DEBUG reactor.netty.resources.PooledConnectionProvider - [id: 0xfff007b6, L:/127.0.0.1:50626 - R:localhost/127.0.0.1:8083] onStateChange(PooledConnection{channel=[id: 0xfff007b6, L:/127.0.0.1:50626 - R:localhost/127.0.0.1:8083]}, [connected])
10:13:38.687 [reactor-http-nio-2] DEBUG reactor.netty.resources.PooledConnectionProvider - [id: 0xfff007b6, L:/127.0.0.1:50626 - R:localhost/127.0.0.1:8083] onStateChange(GET{uri=/, connection=PooledConnection{channel=[id: 0xfff007b6, L:/127.0.0.1:50626 - R:localhost/127.0.0.1:8083]}}, [configured])
10:13:38.687 [reactor-http-nio-2] DEBUG reactor.netty.resources.PooledConnectionProvider - [id: 0xfff007b6, L:/127.0.0.1:50626 - R:localhost/127.0.0.1:8083] Registering pool release on close event for channel
10:13:38.687 [pool-4-thread-16] DEBUG org.springframework.web.reactive.function.client.ExchangeFunctions - [9989191] HTTP GET http://localhost:8083/userLocation?userId=aabe902f-2793-4160-9afb-b8a7522eb22a
10:13:38.687 [reactor-http-nio-2] DEBUG reactor.netty.http.client.HttpClientConnect - [id: 0xfff007b6, L:/127.0.0.1:50626 - R:localhost/127.0.0.1:8083] Handler is being applied: {uri=http://localhost:8083/userLocation?userId=018a464f-a15c-4130-a580-660a748574ae, method=GET}
10:13:38.688 [reactor-http-nio-4] DEBUG reactor.netty.resources.PooledConnectionProvider - [id: 0x0e8dc7e0] Created new pooled channel, now 16 active connections and 1 inactive connections
10:13:38.688 [reactor-http-nio-4] DEBUG reactor.netty.channel.BootstrapHandlers - [id: 0x0e8dc7e0] Initialized pipeline DefaultChannelPipeline{(BootstrapHandlers$BootstrapInitializerHandler#0 = reactor.netty.channel.BootstrapHandlers$BootstrapInitializerHandler), (SimpleChannelPool$1#0 = io.netty.channel.pool.SimpleChannelPool$1), (reactor.left.httpCodec = io.netty.handler.codec.http.HttpClientCodec), (reactor.left.decompressor = io.netty.handler.codec.http.HttpContentDecompressor), (reactor.right.reactiveBridge = reactor.netty.channel.ChannelOperationsHandler)}
10:13:38.690 [reactor-http-nio-4] DEBUG reactor.netty.resources.PooledConnectionProvider - [id: 0x0e8dc7e0, L:/127.0.0.1:50627 - R:localhost/127.0.0.1:8083] onStateChange(PooledConnection{channel=[id: 0x0e8dc7e0, L:/127.0.0.1:50627 - R:localhost/127.0.0.1:8083]}, [connected])
10:13:38.690 [reactor-http-nio-4] DEBUG reactor.netty.resources.PooledConnectionProvider - [id: 0x0e8dc7e0, L:/127.0.0.1:50627 - R:localhost/127.0.0.1:8083] onStateChange(GET{uri=/, connection=PooledConnection{channel=[id: 0x0e8dc7e0, L:/127.0.0.1:50627 - R:localhost/127.0.0.1:8083]}}, [configured])
10:13:38.690 [reactor-http-nio-4] DEBUG reactor.netty.resources.PooledConnectionProvider - [id: 0x0e8dc7e0, L:/127.0.0.1:50627 - R:localhost/127.0.0.1:8083] Registering pool release on close event for channel
10:13:38.690 [reactor-http-nio-4] DEBUG reactor.netty.http.client.HttpClientConnect - [id: 0x0e8dc7e0, L:/127.0.0.1:50627 - R:localhost/127.0.0.1:8083] Handler is being applied: {uri=http://localhost:8083/userLocation?userId=aabe902f-2793-4160-9afb-b8a7522eb22a, method=GET}
10:13:38.691 [reactor-http-nio-2] DEBUG reactor.netty.resources.PooledConnectionProvider - [id: 0xfff007b6, L:/127.0.0.1:50626 - R:localhost/127.0.0.1:8083] onStateChange(GET{uri=/userLocation?userId=018a464f-a15c-4130-a580-660a748574ae, connection=PooledConnection{channel=[id: 0xfff007b6, L:/127.0.0.1:50626 - R:localhost/127.0.0.1:8083]}}, [request_sent])
10:13:38.691 [reactor-http-nio-2] DEBUG reactor.netty.resources.PooledConnectionProvider - [id: 0xfff007b6, L:/127.0.0.1:50626 - R:localhost/127.0.0.1:8083] Channel connected, now 17 active connections and 0 inactive connections
10:13:38.692 [reactor-http-nio-4] DEBUG reactor.netty.resources.PooledConnectionProvider - [id: 0x0e8dc7e0, L:/127.0.0.1:50627 - R:localhost/127.0.0.1:8083] onStateChange(GET{uri=/userLocation?userId=aabe902f-2793-4160-9afb-b8a7522eb22a, connection=PooledConnection{channel=[id: 0x0e8dc7e0, L:/127.0.0.1:50627 - R:localhost/127.0.0.1:8083]}}, [request_sent])
10:13:38.692 [reactor-http-nio-4] DEBUG reactor.netty.resources.PooledConnectionProvider - [id: 0x0e8dc7e0, L:/127.0.0.1:50627 - R:localhost/127.0.0.1:8083] Channel connected, now 17 active connections and 0 inactive connections
10:13:38.692 [pool-4-thread-17] DEBUG org.springframework.web.reactive.function.client.ExchangeFunctions - [3387c6e9] HTTP GET http://localhost:8083/userLocation?userId=0dcdcf3d-875c-469c-bb8b-56c73b2feef6
10:13:38.694 [reactor-http-nio-2] DEBUG reactor.netty.resources.PooledConnectionProvider - [id: 0xcfb207a6] Created new pooled channel, now 17 active connections and 1 inactive connections
10:13:38.694 [reactor-http-nio-2] DEBUG reactor.netty.channel.BootstrapHandlers - [id: 0xcfb207a6] Initialized pipeline DefaultChannelPipeline{(BootstrapHandlers$BootstrapInitializerHandler#0 = reactor.netty.channel.BootstrapHandlers$BootstrapInitializerHandler), (SimpleChannelPool$1#0 = io.netty.channel.pool.SimpleChannelPool$1), (reactor.left.httpCodec = io.netty.handler.codec.http.HttpClientCodec), (reactor.left.decompressor = io.netty.handler.codec.http.HttpContentDecompressor), (reactor.right.reactiveBridge = reactor.netty.channel.ChannelOperationsHandler)}
10:13:38.695 [reactor-http-nio-2] DEBUG reactor.netty.resources.PooledConnectionProvider - [id: 0xcfb207a6, L:/127.0.0.1:50628 - R:localhost/127.0.0.1:8083] onStateChange(PooledConnection{channel=[id: 0xcfb207a6, L:/127.0.0.1:50628 - R:localhost/127.0.0.1:8083]}, [connected])
10:13:38.696 [reactor-http-nio-2] DEBUG reactor.netty.resources.PooledConnectionProvider - [id: 0xcfb207a6, L:/127.0.0.1:50628 - R:localhost/127.0.0.1:8083] onStateChange(GET{uri=/, connection=PooledConnection{channel=[id: 0xcfb207a6, L:/127.0.0.1:50628 - R:localhost/127.0.0.1:8083]}}, [configured])
10:13:38.696 [reactor-http-nio-2] DEBUG reactor.netty.resources.PooledConnectionProvider - [id: 0xcfb207a6, L:/127.0.0.1:50628 - R:localhost/127.0.0.1:8083] Registering pool release on close event for channel
10:13:38.696 [reactor-http-nio-2] DEBUG reactor.netty.http.client.HttpClientConnect - [id: 0xcfb207a6, L:/127.0.0.1:50628 - R:localhost/127.0.0.1:8083] Handler is being applied: {uri=http://localhost:8083/userLocation?userId=0dcdcf3d-875c-469c-bb8b-56c73b2feef6, method=GET}
10:13:38.698 [reactor-http-nio-2] DEBUG reactor.netty.resources.PooledConnectionProvider - [id: 0xcfb207a6, L:/127.0.0.1:50628 - R:localhost/127.0.0.1:8083] onStateChange(GET{uri=/userLocation?userId=0dcdcf3d-875c-469c-bb8b-56c73b2feef6, connection=PooledConnection{channel=[id: 0xcfb207a6, L:/127.0.0.1:50628 - R:localhost/127.0.0.1:8083]}}, [request_sent])
10:13:38.698 [reactor-http-nio-2] DEBUG reactor.netty.resources.PooledConnectionProvider - [id: 0xcfb207a6, L:/127.0.0.1:50628 - R:localhost/127.0.0.1:8083] Channel connected, now 18 active connections and 0 inactive connections
10:13:38.701 [pool-4-thread-19] DEBUG org.springframework.web.reactive.function.client.ExchangeFunctions - [188d5af2] HTTP GET http://localhost:8083/userLocation?userId=dec7f51b-8801-4cc9-858b-834ddd24abd9
10:13:38.702 [pool-4-thread-18] DEBUG org.springframework.web.reactive.function.client.ExchangeFunctions - [6db8b6b3] HTTP GET http://localhost:8083/userLocation?userId=e36769bb-6e12-474c-b902-73c6e05ac50d
10:13:38.703 [reactor-http-nio-1] DEBUG reactor.netty.resources.PooledConnectionProvider - [id: 0xc90edc5e] Created new pooled channel, now 18 active connections and 2 inactive connections
10:13:38.703 [reactor-http-nio-2] DEBUG reactor.netty.resources.PooledConnectionProvider - [id: 0x10c31243] Created new pooled channel, now 18 active connections and 2 inactive connections
10:13:38.704 [reactor-http-nio-2] DEBUG reactor.netty.channel.BootstrapHandlers - [id: 0x10c31243] Initialized pipeline DefaultChannelPipeline{(BootstrapHandlers$BootstrapInitializerHandler#0 = reactor.netty.channel.BootstrapHandlers$BootstrapInitializerHandler), (SimpleChannelPool$1#0 = io.netty.channel.pool.SimpleChannelPool$1), (reactor.left.httpCodec = io.netty.handler.codec.http.HttpClientCodec), (reactor.left.decompressor = io.netty.handler.codec.http.HttpContentDecompressor), (reactor.right.reactiveBridge = reactor.netty.channel.ChannelOperationsHandler)}
10:13:38.704 [reactor-http-nio-1] DEBUG reactor.netty.channel.BootstrapHandlers - [id: 0xc90edc5e] Initialized pipeline DefaultChannelPipeline{(BootstrapHandlers$BootstrapInitializerHandler#0 = reactor.netty.channel.BootstrapHandlers$BootstrapInitializerHandler), (SimpleChannelPool$1#0 = io.netty.channel.pool.SimpleChannelPool$1), (reactor.left.httpCodec = io.netty.handler.codec.http.HttpClientCodec), (reactor.left.decompressor = io.netty.handler.codec.http.HttpContentDecompressor), (reactor.right.reactiveBridge = reactor.netty.channel.ChannelOperationsHandler)}
10:13:38.705 [reactor-http-nio-1] DEBUG reactor.netty.resources.PooledConnectionProvider - [id: 0xc90edc5e, L:/127.0.0.1:50630 - R:localhost/127.0.0.1:8083] onStateChange(PooledConnection{channel=[id: 0xc90edc5e, L:/127.0.0.1:50630 - R:localhost/127.0.0.1:8083]}, [connected])
10:13:38.705 [reactor-http-nio-1] DEBUG reactor.netty.resources.PooledConnectionProvider - [id: 0xc90edc5e, L:/127.0.0.1:50630 - R:localhost/127.0.0.1:8083] onStateChange(GET{uri=/, connection=PooledConnection{channel=[id: 0xc90edc5e, L:/127.0.0.1:50630 - R:localhost/127.0.0.1:8083]}}, [configured])
10:13:38.706 [reactor-http-nio-2] DEBUG reactor.netty.resources.PooledConnectionProvider - [id: 0x10c31243, L:/127.0.0.1:50629 - R:localhost/127.0.0.1:8083] onStateChange(PooledConnection{channel=[id: 0x10c31243, L:/127.0.0.1:50629 - R:localhost/127.0.0.1:8083]}, [connected])
10:13:38.706 [reactor-http-nio-2] DEBUG reactor.netty.resources.PooledConnectionProvider - [id: 0x10c31243, L:/127.0.0.1:50629 - R:localhost/127.0.0.1:8083] onStateChange(GET{uri=/, connection=PooledConnection{channel=[id: 0x10c31243, L:/127.0.0.1:50629 - R:localhost/127.0.0.1:8083]}}, [configured])
10:13:38.706 [reactor-http-nio-1] DEBUG reactor.netty.resources.PooledConnectionProvider - [id: 0xc90edc5e, L:/127.0.0.1:50630 - R:localhost/127.0.0.1:8083] Registering pool release on close event for channel
10:13:38.706 [reactor-http-nio-2] DEBUG reactor.netty.resources.PooledConnectionProvider - [id: 0x10c31243, L:/127.0.0.1:50629 - R:localhost/127.0.0.1:8083] Registering pool release on close event for channel
10:13:38.706 [reactor-http-nio-1] DEBUG reactor.netty.http.client.HttpClientConnect - [id: 0xc90edc5e, L:/127.0.0.1:50630 - R:localhost/127.0.0.1:8083] Handler is being applied: {uri=http://localhost:8083/userLocation?userId=e36769bb-6e12-474c-b902-73c6e05ac50d, method=GET}
10:13:38.706 [reactor-http-nio-2] DEBUG reactor.netty.http.client.HttpClientConnect - [id: 0x10c31243, L:/127.0.0.1:50629 - R:localhost/127.0.0.1:8083] Handler is being applied: {uri=http://localhost:8083/userLocation?userId=dec7f51b-8801-4cc9-858b-834ddd24abd9, method=GET}
10:13:38.707 [reactor-http-nio-2] DEBUG reactor.netty.resources.PooledConnectionProvider - [id: 0x10c31243, L:/127.0.0.1:50629 - R:localhost/127.0.0.1:8083] onStateChange(GET{uri=/userLocation?userId=dec7f51b-8801-4cc9-858b-834ddd24abd9, connection=PooledConnection{channel=[id: 0x10c31243, L:/127.0.0.1:50629 - R:localhost/127.0.0.1:8083]}}, [request_sent])
10:13:38.708 [reactor-http-nio-2] DEBUG reactor.netty.resources.PooledConnectionProvider - [id: 0x10c31243, L:/127.0.0.1:50629 - R:localhost/127.0.0.1:8083] Channel connected, now 20 active connections and 0 inactive connections
10:13:38.708 [reactor-http-nio-1] DEBUG reactor.netty.resources.PooledConnectionProvider - [id: 0xc90edc5e, L:/127.0.0.1:50630 - R:localhost/127.0.0.1:8083] onStateChange(GET{uri=/userLocation?userId=e36769bb-6e12-474c-b902-73c6e05ac50d, connection=PooledConnection{channel=[id: 0xc90edc5e, L:/127.0.0.1:50630 - R:localhost/127.0.0.1:8083]}}, [request_sent])
10:13:38.708 [reactor-http-nio-1] DEBUG reactor.netty.resources.PooledConnectionProvider - [id: 0xc90edc5e, L:/127.0.0.1:50630 - R:localhost/127.0.0.1:8083] Channel connected, now 20 active connections and 0 inactive connections
10:13:38.709 [pool-4-thread-20] DEBUG org.springframework.web.reactive.function.client.ExchangeFunctions - [6135091e] HTTP GET http://localhost:8083/userLocation?userId=b8fc91b4-48e9-4745-9e17-599e3688caee
10:13:38.711 [pool-4-thread-21] DEBUG org.springframework.web.reactive.function.client.ExchangeFunctions - [192c9b06] HTTP GET http://localhost:8083/userLocation?userId=46135697-c068-445c-931e-2093ba0049c3
10:13:38.712 [reactor-http-nio-1] DEBUG reactor.netty.resources.PooledConnectionProvider - [id: 0x8ed49f05] Created new pooled channel, now 20 active connections and 1 inactive connections
10:13:38.712 [reactor-http-nio-1] DEBUG reactor.netty.channel.BootstrapHandlers - [id: 0x8ed49f05] Initialized pipeline DefaultChannelPipeline{(BootstrapHandlers$BootstrapInitializerHandler#0 = reactor.netty.channel.BootstrapHandlers$BootstrapInitializerHandler), (SimpleChannelPool$1#0 = io.netty.channel.pool.SimpleChannelPool$1), (reactor.left.httpCodec = io.netty.handler.codec.http.HttpClientCodec), (reactor.left.decompressor = io.netty.handler.codec.http.HttpContentDecompressor), (reactor.right.reactiveBridge = reactor.netty.channel.ChannelOperationsHandler)}
10:13:38.713 [reactor-http-nio-2] DEBUG reactor.netty.resources.PooledConnectionProvider - [id: 0x254a87ce] Created new pooled channel, now 20 active connections and 2 inactive connections
10:13:38.713 [reactor-http-nio-2] DEBUG reactor.netty.channel.BootstrapHandlers - [id: 0x254a87ce] Initialized pipeline DefaultChannelPipeline{(BootstrapHandlers$BootstrapInitializerHandler#0 = reactor.netty.channel.BootstrapHandlers$BootstrapInitializerHandler), (SimpleChannelPool$1#0 = io.netty.channel.pool.SimpleChannelPool$1), (reactor.left.httpCodec = io.netty.handler.codec.http.HttpClientCodec), (reactor.left.decompressor = io.netty.handler.codec.http.HttpContentDecompressor), (reactor.right.reactiveBridge = reactor.netty.channel.ChannelOperationsHandler)}
10:13:38.714 [reactor-http-nio-1] DEBUG reactor.netty.resources.PooledConnectionProvider - [id: 0x8ed49f05, L:/127.0.0.1:50631 - R:localhost/127.0.0.1:8083] onStateChange(PooledConnection{channel=[id: 0x8ed49f05, L:/127.0.0.1:50631 - R:localhost/127.0.0.1:8083]}, [connected])
10:13:38.714 [reactor-http-nio-1] DEBUG reactor.netty.resources.PooledConnectionProvider - [id: 0x8ed49f05, L:/127.0.0.1:50631 - R:localhost/127.0.0.1:8083] onStateChange(GET{uri=/, connection=PooledConnection{channel=[id: 0x8ed49f05, L:/127.0.0.1:50631 - R:localhost/127.0.0.1:8083]}}, [configured])
10:13:38.715 [reactor-http-nio-1] DEBUG reactor.netty.resources.PooledConnectionProvider - [id: 0x8ed49f05, L:/127.0.0.1:50631 - R:localhost/127.0.0.1:8083] Registering pool release on close event for channel
10:13:38.715 [reactor-http-nio-1] DEBUG reactor.netty.http.client.HttpClientConnect - [id: 0x8ed49f05, L:/127.0.0.1:50631 - R:localhost/127.0.0.1:8083] Handler is being applied: {uri=http://localhost:8083/userLocation?userId=46135697-c068-445c-931e-2093ba0049c3, method=GET}
10:13:38.716 [reactor-http-nio-1] DEBUG reactor.netty.resources.PooledConnectionProvider - [id: 0x8ed49f05, L:/127.0.0.1:50631 - R:localhost/127.0.0.1:8083] onStateChange(GET{uri=/userLocation?userId=46135697-c068-445c-931e-2093ba0049c3, connection=PooledConnection{channel=[id: 0x8ed49f05, L:/127.0.0.1:50631 - R:localhost/127.0.0.1:8083]}}, [request_sent])
10:13:38.717 [reactor-http-nio-1] DEBUG reactor.netty.resources.PooledConnectionProvider - [id: 0x8ed49f05, L:/127.0.0.1:50631 - R:localhost/127.0.0.1:8083] Channel connected, now 21 active connections and 1 inactive connections
10:13:38.719 [reactor-http-nio-2] DEBUG reactor.netty.resources.PooledConnectionProvider - [id: 0x254a87ce, L:/127.0.0.1:50632 - R:localhost/127.0.0.1:8083] onStateChange(PooledConnection{channel=[id: 0x254a87ce, L:/127.0.0.1:50632 - R:localhost/127.0.0.1:8083]}, [connected])
10:13:38.719 [reactor-http-nio-2] DEBUG reactor.netty.resources.PooledConnectionProvider - [id: 0x254a87ce, L:/127.0.0.1:50632 - R:localhost/127.0.0.1:8083] onStateChange(GET{uri=/, connection=PooledConnection{channel=[id: 0x254a87ce, L:/127.0.0.1:50632 - R:localhost/127.0.0.1:8083]}}, [configured])
10:13:38.719 [reactor-http-nio-2] DEBUG reactor.netty.resources.PooledConnectionProvider - [id: 0x254a87ce, L:/127.0.0.1:50632 - R:localhost/127.0.0.1:8083] Registering pool release on close event for channel
10:13:38.719 [reactor-http-nio-2] DEBUG reactor.netty.http.client.HttpClientConnect - [id: 0x254a87ce, L:/127.0.0.1:50632 - R:localhost/127.0.0.1:8083] Handler is being applied: {uri=http://localhost:8083/userLocation?userId=b8fc91b4-48e9-4745-9e17-599e3688caee, method=GET}
10:13:38.721 [reactor-http-nio-2] DEBUG reactor.netty.resources.PooledConnectionProvider - [id: 0x254a87ce, L:/127.0.0.1:50632 - R:localhost/127.0.0.1:8083] onStateChange(GET{uri=/userLocation?userId=b8fc91b4-48e9-4745-9e17-599e3688caee, connection=PooledConnection{channel=[id: 0x254a87ce, L:/127.0.0.1:50632 - R:localhost/127.0.0.1:8083]}}, [request_sent])
10:13:38.721 [reactor-http-nio-2] DEBUG reactor.netty.resources.PooledConnectionProvider - [id: 0x254a87ce, L:/127.0.0.1:50632 - R:localhost/127.0.0.1:8083] Channel connected, now 22 active connections and 0 inactive connections
10:13:38.723 [pool-4-thread-22] DEBUG org.springframework.web.reactive.function.client.ExchangeFunctions - [6876c8e3] HTTP GET http://localhost:8083/userLocation?userId=90aedb06-1ea6-4265-b889-3627fd54eb2b
10:13:38.724 [reactor-http-nio-4] DEBUG reactor.netty.resources.PooledConnectionProvider - [id: 0x96ea5c39] Created new pooled channel, now 22 active connections and 1 inactive connections
10:13:38.725 [reactor-http-nio-4] DEBUG reactor.netty.channel.BootstrapHandlers - [id: 0x96ea5c39] Initialized pipeline DefaultChannelPipeline{(BootstrapHandlers$BootstrapInitializerHandler#0 = reactor.netty.channel.BootstrapHandlers$BootstrapInitializerHandler), (SimpleChannelPool$1#0 = io.netty.channel.pool.SimpleChannelPool$1), (reactor.left.httpCodec = io.netty.handler.codec.http.HttpClientCodec), (reactor.left.decompressor = io.netty.handler.codec.http.HttpContentDecompressor), (reactor.right.reactiveBridge = reactor.netty.channel.ChannelOperationsHandler)}
10:13:38.726 [reactor-http-nio-4] DEBUG reactor.netty.resources.PooledConnectionProvider - [id: 0x96ea5c39, L:/127.0.0.1:50633 - R:localhost/127.0.0.1:8083] onStateChange(PooledConnection{channel=[id: 0x96ea5c39, L:/127.0.0.1:50633 - R:localhost/127.0.0.1:8083]}, [connected])
10:13:38.726 [reactor-http-nio-4] DEBUG reactor.netty.resources.PooledConnectionProvider - [id: 0x96ea5c39, L:/127.0.0.1:50633 - R:localhost/127.0.0.1:8083] onStateChange(GET{uri=/, connection=PooledConnection{channel=[id: 0x96ea5c39, L:/127.0.0.1:50633 - R:localhost/127.0.0.1:8083]}}, [configured])
10:13:38.726 [reactor-http-nio-4] DEBUG reactor.netty.resources.PooledConnectionProvider - [id: 0x96ea5c39, L:/127.0.0.1:50633 - R:localhost/127.0.0.1:8083] Registering pool release on close event for channel
10:13:38.726 [reactor-http-nio-4] DEBUG reactor.netty.http.client.HttpClientConnect - [id: 0x96ea5c39, L:/127.0.0.1:50633 - R:localhost/127.0.0.1:8083] Handler is being applied: {uri=http://localhost:8083/userLocation?userId=90aedb06-1ea6-4265-b889-3627fd54eb2b, method=GET}
10:13:38.728 [reactor-http-nio-4] DEBUG reactor.netty.resources.PooledConnectionProvider - [id: 0x96ea5c39, L:/127.0.0.1:50633 - R:localhost/127.0.0.1:8083] onStateChange(GET{uri=/userLocation?userId=90aedb06-1ea6-4265-b889-3627fd54eb2b, connection=PooledConnection{channel=[id: 0x96ea5c39, L:/127.0.0.1:50633 - R:localhost/127.0.0.1:8083]}}, [request_sent])
10:13:38.728 [reactor-http-nio-4] DEBUG reactor.netty.resources.PooledConnectionProvider - [id: 0x96ea5c39, L:/127.0.0.1:50633 - R:localhost/127.0.0.1:8083] Channel connected, now 23 active connections and 0 inactive connections
10:13:38.730 [pool-4-thread-23] DEBUG org.springframework.web.reactive.function.client.ExchangeFunctions - [281471a9] HTTP GET http://localhost:8083/userLocation?userId=109bf20d-4797-40ca-be9a-14c30db07996
10:13:38.731 [reactor-http-nio-2] DEBUG reactor.netty.resources.PooledConnectionProvider - [id: 0xd51be2b9] Created new pooled channel, now 23 active connections and 1 inactive connections
10:13:38.731 [reactor-http-nio-2] DEBUG reactor.netty.channel.BootstrapHandlers - [id: 0xd51be2b9] Initialized pipeline DefaultChannelPipeline{(BootstrapHandlers$BootstrapInitializerHandler#0 = reactor.netty.channel.BootstrapHandlers$BootstrapInitializerHandler), (SimpleChannelPool$1#0 = io.netty.channel.pool.SimpleChannelPool$1), (reactor.left.httpCodec = io.netty.handler.codec.http.HttpClientCodec), (reactor.left.decompressor = io.netty.handler.codec.http.HttpContentDecompressor), (reactor.right.reactiveBridge = reactor.netty.channel.ChannelOperationsHandler)}
10:13:38.732 [reactor-http-nio-2] DEBUG reactor.netty.resources.PooledConnectionProvider - [id: 0xd51be2b9, L:/127.0.0.1:50634 - R:localhost/127.0.0.1:8083] onStateChange(PooledConnection{channel=[id: 0xd51be2b9, L:/127.0.0.1:50634 - R:localhost/127.0.0.1:8083]}, [connected])
10:13:38.733 [reactor-http-nio-2] DEBUG reactor.netty.resources.PooledConnectionProvider - [id: 0xd51be2b9, L:/127.0.0.1:50634 - R:localhost/127.0.0.1:8083] onStateChange(GET{uri=/, connection=PooledConnection{channel=[id: 0xd51be2b9, L:/127.0.0.1:50634 - R:localhost/127.0.0.1:8083]}}, [configured])
10:13:38.733 [reactor-http-nio-2] DEBUG reactor.netty.resources.PooledConnectionProvider - [id: 0xd51be2b9, L:/127.0.0.1:50634 - R:localhost/127.0.0.1:8083] Registering pool release on close event for channel
10:13:38.733 [reactor-http-nio-2] DEBUG reactor.netty.http.client.HttpClientConnect - [id: 0xd51be2b9, L:/127.0.0.1:50634 - R:localhost/127.0.0.1:8083] Handler is being applied: {uri=http://localhost:8083/userLocation?userId=109bf20d-4797-40ca-be9a-14c30db07996, method=GET}
10:13:38.734 [reactor-http-nio-2] DEBUG reactor.netty.resources.PooledConnectionProvider - [id: 0xd51be2b9, L:/127.0.0.1:50634 - R:localhost/127.0.0.1:8083] onStateChange(GET{uri=/userLocation?userId=109bf20d-4797-40ca-be9a-14c30db07996, connection=PooledConnection{channel=[id: 0xd51be2b9, L:/127.0.0.1:50634 - R:localhost/127.0.0.1:8083]}}, [request_sent])
10:13:38.735 [reactor-http-nio-2] DEBUG reactor.netty.resources.PooledConnectionProvider - [id: 0xd51be2b9, L:/127.0.0.1:50634 - R:localhost/127.0.0.1:8083] Channel connected, now 24 active connections and 0 inactive connections
10:13:38.738 [pool-4-thread-24] DEBUG org.springframework.web.reactive.function.client.ExchangeFunctions - [1682ba15] HTTP GET http://localhost:8083/userLocation?userId=721bca82-6a64-4af3-831e-3322246d9f3a
10:13:38.739 [reactor-http-nio-4] DEBUG reactor.netty.resources.PooledConnectionProvider - [id: 0xfedf6624] Created new pooled channel, now 24 active connections and 1 inactive connections
10:13:38.739 [reactor-http-nio-4] DEBUG reactor.netty.channel.BootstrapHandlers - [id: 0xfedf6624] Initialized pipeline DefaultChannelPipeline{(BootstrapHandlers$BootstrapInitializerHandler#0 = reactor.netty.channel.BootstrapHandlers$BootstrapInitializerHandler), (SimpleChannelPool$1#0 = io.netty.channel.pool.SimpleChannelPool$1), (reactor.left.httpCodec = io.netty.handler.codec.http.HttpClientCodec), (reactor.left.decompressor = io.netty.handler.codec.http.HttpContentDecompressor), (reactor.right.reactiveBridge = reactor.netty.channel.ChannelOperationsHandler)}
10:13:38.740 [reactor-http-nio-4] DEBUG reactor.netty.resources.PooledConnectionProvider - [id: 0xfedf6624, L:/127.0.0.1:50635 - R:localhost/127.0.0.1:8083] onStateChange(PooledConnection{channel=[id: 0xfedf6624, L:/127.0.0.1:50635 - R:localhost/127.0.0.1:8083]}, [connected])
10:13:38.741 [reactor-http-nio-4] DEBUG reactor.netty.resources.PooledConnectionProvider - [id: 0xfedf6624, L:/127.0.0.1:50635 - R:localhost/127.0.0.1:8083] onStateChange(GET{uri=/, connection=PooledConnection{channel=[id: 0xfedf6624, L:/127.0.0.1:50635 - R:localhost/127.0.0.1:8083]}}, [configured])
10:13:38.741 [reactor-http-nio-4] DEBUG reactor.netty.resources.PooledConnectionProvider - [id: 0xfedf6624, L:/127.0.0.1:50635 - R:localhost/127.0.0.1:8083] Registering pool release on close event for channel
10:13:38.741 [reactor-http-nio-4] DEBUG reactor.netty.http.client.HttpClientConnect - [id: 0xfedf6624, L:/127.0.0.1:50635 - R:localhost/127.0.0.1:8083] Handler is being applied: {uri=http://localhost:8083/userLocation?userId=721bca82-6a64-4af3-831e-3322246d9f3a, method=GET}
10:13:38.741 [pool-4-thread-25] DEBUG org.springframework.web.reactive.function.client.ExchangeFunctions - [61782b00] HTTP GET http://localhost:8083/userLocation?userId=dbfe7b79-61c1-430e-92f2-ef12b43f1413
10:13:38.743 [reactor-http-nio-4] DEBUG reactor.netty.resources.PooledConnectionProvider - [id: 0xfedf6624, L:/127.0.0.1:50635 - R:localhost/127.0.0.1:8083] onStateChange(GET{uri=/userLocation?userId=721bca82-6a64-4af3-831e-3322246d9f3a, connection=PooledConnection{channel=[id: 0xfedf6624, L:/127.0.0.1:50635 - R:localhost/127.0.0.1:8083]}}, [request_sent])
10:13:38.743 [reactor-http-nio-4] DEBUG reactor.netty.resources.PooledConnectionProvider - [id: 0xfedf6624, L:/127.0.0.1:50635 - R:localhost/127.0.0.1:8083] Channel connected, now 25 active connections and 0 inactive connections
10:13:38.744 [reactor-http-nio-2] DEBUG reactor.netty.resources.PooledConnectionProvider - [id: 0xa8057036] Created new pooled channel, now 25 active connections and 1 inactive connections
10:13:38.745 [reactor-http-nio-2] DEBUG reactor.netty.channel.BootstrapHandlers - [id: 0xa8057036] Initialized pipeline DefaultChannelPipeline{(BootstrapHandlers$BootstrapInitializerHandler#0 = reactor.netty.channel.BootstrapHandlers$BootstrapInitializerHandler), (SimpleChannelPool$1#0 = io.netty.channel.pool.SimpleChannelPool$1), (reactor.left.httpCodec = io.netty.handler.codec.http.HttpClientCodec), (reactor.left.decompressor = io.netty.handler.codec.http.HttpContentDecompressor), (reactor.right.reactiveBridge = reactor.netty.channel.ChannelOperationsHandler)}
10:13:38.746 [reactor-http-nio-2] DEBUG reactor.netty.resources.PooledConnectionProvider - [id: 0xa8057036, L:/127.0.0.1:50636 - R:localhost/127.0.0.1:8083] onStateChange(PooledConnection{channel=[id: 0xa8057036, L:/127.0.0.1:50636 - R:localhost/127.0.0.1:8083]}, [connected])
10:13:38.747 [reactor-http-nio-2] DEBUG reactor.netty.resources.PooledConnectionProvider - [id: 0xa8057036, L:/127.0.0.1:50636 - R:localhost/127.0.0.1:8083] onStateChange(GET{uri=/, connection=PooledConnection{channel=[id: 0xa8057036, L:/127.0.0.1:50636 - R:localhost/127.0.0.1:8083]}}, [configured])
10:13:38.747 [reactor-http-nio-2] DEBUG reactor.netty.resources.PooledConnectionProvider - [id: 0xa8057036, L:/127.0.0.1:50636 - R:localhost/127.0.0.1:8083] Registering pool release on close event for channel
10:13:38.748 [reactor-http-nio-2] DEBUG reactor.netty.http.client.HttpClientConnect - [id: 0xa8057036, L:/127.0.0.1:50636 - R:localhost/127.0.0.1:8083] Handler is being applied: {uri=http://localhost:8083/userLocation?userId=dbfe7b79-61c1-430e-92f2-ef12b43f1413, method=GET}
10:13:38.749 [reactor-http-nio-2] DEBUG reactor.netty.resources.PooledConnectionProvider - [id: 0xa8057036, L:/127.0.0.1:50636 - R:localhost/127.0.0.1:8083] onStateChange(GET{uri=/userLocation?userId=dbfe7b79-61c1-430e-92f2-ef12b43f1413, connection=PooledConnection{channel=[id: 0xa8057036, L:/127.0.0.1:50636 - R:localhost/127.0.0.1:8083]}}, [request_sent])
10:13:38.749 [reactor-http-nio-2] DEBUG reactor.netty.resources.PooledConnectionProvider - [id: 0xa8057036, L:/127.0.0.1:50636 - R:localhost/127.0.0.1:8083] Channel connected, now 26 active connections and 0 inactive connections
10:13:38.751 [pool-4-thread-26] DEBUG org.springframework.web.reactive.function.client.ExchangeFunctions - [2964c419] HTTP GET http://localhost:8083/userLocation?userId=92eb3b3c-f847-4337-ab83-abf9680cbb2a
10:13:38.752 [pool-4-thread-27] DEBUG org.springframework.web.reactive.function.client.ExchangeFunctions - [3973211a] HTTP GET http://localhost:8083/userLocation?userId=b4cc0282-4244-46ee-be68-1654ad804aaa
10:13:38.752 [reactor-http-nio-4] DEBUG reactor.netty.resources.PooledConnectionProvider - [id: 0x5fcffdd2] Created new pooled channel, now 26 active connections and 1 inactive connections
10:13:38.752 [reactor-http-nio-4] DEBUG reactor.netty.channel.BootstrapHandlers - [id: 0x5fcffdd2] Initialized pipeline DefaultChannelPipeline{(BootstrapHandlers$BootstrapInitializerHandler#0 = reactor.netty.channel.BootstrapHandlers$BootstrapInitializerHandler), (SimpleChannelPool$1#0 = io.netty.channel.pool.SimpleChannelPool$1), (reactor.left.httpCodec = io.netty.handler.codec.http.HttpClientCodec), (reactor.left.decompressor = io.netty.handler.codec.http.HttpContentDecompressor), (reactor.right.reactiveBridge = reactor.netty.channel.ChannelOperationsHandler)}
10:13:38.754 [reactor-http-nio-4] DEBUG reactor.netty.resources.PooledConnectionProvider - [id: 0x5fcffdd2, L:/127.0.0.1:50637 - R:localhost/127.0.0.1:8083] onStateChange(PooledConnection{channel=[id: 0x5fcffdd2, L:/127.0.0.1:50637 - R:localhost/127.0.0.1:8083]}, [connected])
10:13:38.755 [reactor-http-nio-4] DEBUG reactor.netty.resources.PooledConnectionProvider - [id: 0x5fcffdd2, L:/127.0.0.1:50637 - R:localhost/127.0.0.1:8083] onStateChange(GET{uri=/, connection=PooledConnection{channel=[id: 0x5fcffdd2, L:/127.0.0.1:50637 - R:localhost/127.0.0.1:8083]}}, [configured])
10:13:38.755 [reactor-http-nio-4] DEBUG reactor.netty.resources.PooledConnectionProvider - [id: 0x5fcffdd2, L:/127.0.0.1:50637 - R:localhost/127.0.0.1:8083] Registering pool release on close event for channel
10:13:38.756 [reactor-http-nio-4] DEBUG reactor.netty.http.client.HttpClientConnect - [id: 0x5fcffdd2, L:/127.0.0.1:50637 - R:localhost/127.0.0.1:8083] Handler is being applied: {uri=http://localhost:8083/userLocation?userId=92eb3b3c-f847-4337-ab83-abf9680cbb2a, method=GET}
10:13:38.757 [reactor-http-nio-4] DEBUG reactor.netty.resources.PooledConnectionProvider - [id: 0x5fcffdd2, L:/127.0.0.1:50637 - R:localhost/127.0.0.1:8083] onStateChange(GET{uri=/userLocation?userId=92eb3b3c-f847-4337-ab83-abf9680cbb2a, connection=PooledConnection{channel=[id: 0x5fcffdd2, L:/127.0.0.1:50637 - R:localhost/127.0.0.1:8083]}}, [request_sent])
10:13:38.758 [reactor-http-nio-4] DEBUG reactor.netty.resources.PooledConnectionProvider - [id: 0x5fcffdd2, L:/127.0.0.1:50637 - R:localhost/127.0.0.1:8083] Channel connected, now 27 active connections and 0 inactive connections
10:13:38.759 [reactor-http-nio-2] DEBUG reactor.netty.resources.PooledConnectionProvider - [id: 0x0cb37e86] Created new pooled channel, now 27 active connections and 1 inactive connections
10:13:38.759 [reactor-http-nio-2] DEBUG reactor.netty.channel.BootstrapHandlers - [id: 0x0cb37e86] Initialized pipeline DefaultChannelPipeline{(BootstrapHandlers$BootstrapInitializerHandler#0 = reactor.netty.channel.BootstrapHandlers$BootstrapInitializerHandler), (SimpleChannelPool$1#0 = io.netty.channel.pool.SimpleChannelPool$1), (reactor.left.httpCodec = io.netty.handler.codec.http.HttpClientCodec), (reactor.left.decompressor = io.netty.handler.codec.http.HttpContentDecompressor), (reactor.right.reactiveBridge = reactor.netty.channel.ChannelOperationsHandler)}
10:13:38.760 [reactor-http-nio-2] DEBUG reactor.netty.resources.PooledConnectionProvider - [id: 0x0cb37e86, L:/127.0.0.1:50638 - R:localhost/127.0.0.1:8083] onStateChange(PooledConnection{channel=[id: 0x0cb37e86, L:/127.0.0.1:50638 - R:localhost/127.0.0.1:8083]}, [connected])
10:13:38.760 [reactor-http-nio-2] DEBUG reactor.netty.resources.PooledConnectionProvider - [id: 0x0cb37e86, L:/127.0.0.1:50638 - R:localhost/127.0.0.1:8083] onStateChange(GET{uri=/, connection=PooledConnection{channel=[id: 0x0cb37e86, L:/127.0.0.1:50638 - R:localhost/127.0.0.1:8083]}}, [configured])
10:13:38.762 [reactor-http-nio-2] DEBUG reactor.netty.resources.PooledConnectionProvider - [id: 0x0cb37e86, L:/127.0.0.1:50638 - R:localhost/127.0.0.1:8083] Registering pool release on close event for channel
10:13:38.762 [reactor-http-nio-2] DEBUG reactor.netty.http.client.HttpClientConnect - [id: 0x0cb37e86, L:/127.0.0.1:50638 - R:localhost/127.0.0.1:8083] Handler is being applied: {uri=http://localhost:8083/userLocation?userId=b4cc0282-4244-46ee-be68-1654ad804aaa, method=GET}
10:13:38.763 [reactor-http-nio-2] DEBUG reactor.netty.resources.PooledConnectionProvider - [id: 0x0cb37e86, L:/127.0.0.1:50638 - R:localhost/127.0.0.1:8083] onStateChange(GET{uri=/userLocation?userId=b4cc0282-4244-46ee-be68-1654ad804aaa, connection=PooledConnection{channel=[id: 0x0cb37e86, L:/127.0.0.1:50638 - R:localhost/127.0.0.1:8083]}}, [request_sent])
10:13:38.763 [reactor-http-nio-2] DEBUG reactor.netty.resources.PooledConnectionProvider - [id: 0x0cb37e86, L:/127.0.0.1:50638 - R:localhost/127.0.0.1:8083] Channel connected, now 28 active connections and 0 inactive connections
10:13:38.771 [pool-4-thread-28] DEBUG org.springframework.web.reactive.function.client.ExchangeFunctions - [1cd7a84a] HTTP GET http://localhost:8083/userLocation?userId=0a78056b-41db-4375-9722-9e5000b235db
10:13:38.773 [reactor-http-nio-4] DEBUG reactor.netty.resources.PooledConnectionProvider - [id: 0x676c50cf] Created new pooled channel, now 28 active connections and 1 inactive connections
10:13:38.774 [reactor-http-nio-4] DEBUG reactor.netty.channel.BootstrapHandlers - [id: 0x676c50cf] Initialized pipeline DefaultChannelPipeline{(BootstrapHandlers$BootstrapInitializerHandler#0 = reactor.netty.channel.BootstrapHandlers$BootstrapInitializerHandler), (SimpleChannelPool$1#0 = io.netty.channel.pool.SimpleChannelPool$1), (reactor.left.httpCodec = io.netty.handler.codec.http.HttpClientCodec), (reactor.left.decompressor = io.netty.handler.codec.http.HttpContentDecompressor), (reactor.right.reactiveBridge = reactor.netty.channel.ChannelOperationsHandler)}
10:13:38.775 [reactor-http-nio-4] DEBUG reactor.netty.resources.PooledConnectionProvider - [id: 0x676c50cf, L:/127.0.0.1:50639 - R:localhost/127.0.0.1:8083] onStateChange(PooledConnection{channel=[id: 0x676c50cf, L:/127.0.0.1:50639 - R:localhost/127.0.0.1:8083]}, [connected])
10:13:38.776 [reactor-http-nio-4] DEBUG reactor.netty.resources.PooledConnectionProvider - [id: 0x676c50cf, L:/127.0.0.1:50639 - R:localhost/127.0.0.1:8083] onStateChange(GET{uri=/, connection=PooledConnection{channel=[id: 0x676c50cf, L:/127.0.0.1:50639 - R:localhost/127.0.0.1:8083]}}, [configured])
10:13:38.776 [reactor-http-nio-4] DEBUG reactor.netty.resources.PooledConnectionProvider - [id: 0x676c50cf, L:/127.0.0.1:50639 - R:localhost/127.0.0.1:8083] Registering pool release on close event for channel
10:13:38.776 [reactor-http-nio-4] DEBUG reactor.netty.http.client.HttpClientConnect - [id: 0x676c50cf, L:/127.0.0.1:50639 - R:localhost/127.0.0.1:8083] Handler is being applied: {uri=http://localhost:8083/userLocation?userId=0a78056b-41db-4375-9722-9e5000b235db, method=GET}
10:13:38.778 [reactor-http-nio-4] DEBUG reactor.netty.resources.PooledConnectionProvider - [id: 0x676c50cf, L:/127.0.0.1:50639 - R:localhost/127.0.0.1:8083] onStateChange(GET{uri=/userLocation?userId=0a78056b-41db-4375-9722-9e5000b235db, connection=PooledConnection{channel=[id: 0x676c50cf, L:/127.0.0.1:50639 - R:localhost/127.0.0.1:8083]}}, [request_sent])
10:13:38.778 [reactor-http-nio-4] DEBUG reactor.netty.resources.PooledConnectionProvider - [id: 0x676c50cf, L:/127.0.0.1:50639 - R:localhost/127.0.0.1:8083] Channel connected, now 29 active connections and 0 inactive connections
10:13:38.785 [reactor-http-nio-2] DEBUG reactor.netty.http.client.HttpClientOperations - [id: 0xd70c172e, L:/127.0.0.1:50612 - R:localhost/127.0.0.1:8083] Received response (auto-read:false) : [Content-Type=application/json, Transfer-Encoding=chunked, Date=Tue, 07 Jun 2022 09:13:38 GMT]
10:13:38.785 [reactor-http-nio-2] DEBUG reactor.netty.resources.PooledConnectionProvider - [id: 0xd70c172e, L:/127.0.0.1:50612 - R:localhost/127.0.0.1:8083] onStateChange(GET{uri=/userLocation?userId=78f6de9d-c77d-4a53-a18e-304adf1fbdda, connection=PooledConnection{channel=[id: 0xd70c172e, L:/127.0.0.1:50612 - R:localhost/127.0.0.1:8083]}}, [response_received])
10:13:38.785 [reactor-http-nio-2] DEBUG org.springframework.web.reactive.function.client.ExchangeFunctions - [d0363c5] Response 200 OK
10:13:38.786 [reactor-http-nio-2] DEBUG reactor.netty.channel.FluxReceive - [id: 0xd70c172e, L:/127.0.0.1:50612 - R:localhost/127.0.0.1:8083] Subscribing inbound receiver [pending: 0, cancelled:false, inboundDone: false]
10:13:38.787 [reactor-http-nio-2] DEBUG reactor.netty.http.client.HttpClientOperations - [id: 0xd70c172e, L:/127.0.0.1:50612 - R:localhost/127.0.0.1:8083] Received last HTTP packet
10:13:38.787 [reactor-http-nio-2] DEBUG org.springframework.core.codec.StringDecoder - [d0363c5] Decoded "{"userId":"78f6de9d-c77d-4a53-a18e-304adf1fbdda","location":{"longitude":-156.80216,"latitude":16.2 (truncated)...
10:13:38.787 [reactor-http-nio-2] DEBUG reactor.netty.resources.PooledConnectionProvider - [id: 0xd70c172e, L:/127.0.0.1:50612 - R:localhost/127.0.0.1:8083] onStateChange(GET{uri=/userLocation?userId=78f6de9d-c77d-4a53-a18e-304adf1fbdda, connection=PooledConnection{channel=[id: 0xd70c172e, L:/127.0.0.1:50612 - R:localhost/127.0.0.1:8083]}}, [disconnecting])
10:13:38.787 [reactor-http-nio-2] DEBUG reactor.netty.resources.PooledConnectionProvider - [id: 0xd70c172e, L:/127.0.0.1:50612 - R:localhost/127.0.0.1:8083] Releasing channel
10:13:38.787 [reactor-http-nio-2] DEBUG reactor.netty.resources.PooledConnectionProvider - [id: 0xd70c172e, L:/127.0.0.1:50612 - R:localhost/127.0.0.1:8083] Channel cleaned, now 28 active connections and 1 inactive connections
10:13:38.790 [pool-4-thread-1] DEBUG org.springframework.web.reactive.function.client.ExchangeFunctions - [5472d8ff] HTTP GET http://localhost:8083/attractions
10:13:38.792 [reactor-http-nio-2] DEBUG reactor.netty.resources.PooledConnectionProvider - [id: 0xd70c172e, L:/127.0.0.1:50612 - R:localhost/127.0.0.1:8083] Channel acquired, now 29 active connections and 0 inactive connections
10:13:38.792 [reactor-http-nio-2] DEBUG reactor.netty.http.client.HttpClientConnect - [id: 0xd70c172e, L:/127.0.0.1:50612 - R:localhost/127.0.0.1:8083] Handler is being applied: {uri=http://localhost:8083/attractions, method=GET}
10:13:38.794 [reactor-http-nio-2] DEBUG reactor.netty.resources.PooledConnectionProvider - [id: 0xd70c172e, L:/127.0.0.1:50612 - R:localhost/127.0.0.1:8083] onStateChange(GET{uri=/attractions, connection=PooledConnection{channel=[id: 0xd70c172e, L:/127.0.0.1:50612 - R:localhost/127.0.0.1:8083]}}, [request_sent])
10:13:38.810 [pool-4-thread-29] DEBUG org.springframework.web.reactive.function.client.ExchangeFunctions - [2a5e41c5] HTTP GET http://localhost:8083/userLocation?userId=f4d9ccfa-ab36-48b3-b28e-50297c0c31ef
10:13:38.814 [reactor-http-nio-3] DEBUG reactor.netty.resources.PooledConnectionProvider - [id: 0xd9faa4fe] Created new pooled channel, now 29 active connections and 1 inactive connections
10:13:38.815 [reactor-http-nio-3] DEBUG reactor.netty.channel.BootstrapHandlers - [id: 0xd9faa4fe] Initialized pipeline DefaultChannelPipeline{(BootstrapHandlers$BootstrapInitializerHandler#0 = reactor.netty.channel.BootstrapHandlers$BootstrapInitializerHandler), (SimpleChannelPool$1#0 = io.netty.channel.pool.SimpleChannelPool$1), (reactor.left.httpCodec = io.netty.handler.codec.http.HttpClientCodec), (reactor.left.decompressor = io.netty.handler.codec.http.HttpContentDecompressor), (reactor.right.reactiveBridge = reactor.netty.channel.ChannelOperationsHandler)}
10:13:38.815 [reactor-http-nio-4] DEBUG reactor.netty.http.client.HttpClientOperations - [id: 0xb12e3b99, L:/127.0.0.1:50613 - R:localhost/127.0.0.1:8083] Received response (auto-read:false) : [Content-Type=application/json, Transfer-Encoding=chunked, Date=Tue, 07 Jun 2022 09:13:38 GMT]
10:13:38.815 [reactor-http-nio-4] DEBUG reactor.netty.resources.PooledConnectionProvider - [id: 0xb12e3b99, L:/127.0.0.1:50613 - R:localhost/127.0.0.1:8083] onStateChange(GET{uri=/userLocation?userId=f39bec7c-db33-4abf-a27f-640dd305188c, connection=PooledConnection{channel=[id: 0xb12e3b99, L:/127.0.0.1:50613 - R:localhost/127.0.0.1:8083]}}, [response_received])
10:13:38.815 [reactor-http-nio-4] DEBUG org.springframework.web.reactive.function.client.ExchangeFunctions - [6dffe413] Response 200 OK
10:13:38.816 [reactor-http-nio-4] DEBUG reactor.netty.channel.FluxReceive - [id: 0xb12e3b99, L:/127.0.0.1:50613 - R:localhost/127.0.0.1:8083] Subscribing inbound receiver [pending: 0, cancelled:false, inboundDone: false]
10:13:38.816 [reactor-http-nio-3] DEBUG reactor.netty.resources.PooledConnectionProvider - [id: 0xd9faa4fe, L:/127.0.0.1:50640 - R:localhost/127.0.0.1:8083] onStateChange(PooledConnection{channel=[id: 0xd9faa4fe, L:/127.0.0.1:50640 - R:localhost/127.0.0.1:8083]}, [connected])
10:13:38.816 [reactor-http-nio-3] DEBUG reactor.netty.resources.PooledConnectionProvider - [id: 0xd9faa4fe, L:/127.0.0.1:50640 - R:localhost/127.0.0.1:8083] onStateChange(GET{uri=/, connection=PooledConnection{channel=[id: 0xd9faa4fe, L:/127.0.0.1:50640 - R:localhost/127.0.0.1:8083]}}, [configured])
10:13:38.816 [reactor-http-nio-3] DEBUG reactor.netty.resources.PooledConnectionProvider - [id: 0xd9faa4fe, L:/127.0.0.1:50640 - R:localhost/127.0.0.1:8083] Registering pool release on close event for channel
10:13:38.817 [reactor-http-nio-3] DEBUG reactor.netty.http.client.HttpClientConnect - [id: 0xd9faa4fe, L:/127.0.0.1:50640 - R:localhost/127.0.0.1:8083] Handler is being applied: {uri=http://localhost:8083/userLocation?userId=f4d9ccfa-ab36-48b3-b28e-50297c0c31ef, method=GET}
10:13:38.817 [reactor-http-nio-4] DEBUG reactor.netty.http.client.HttpClientOperations - [id: 0xb12e3b99, L:/127.0.0.1:50613 - R:localhost/127.0.0.1:8083] Received last HTTP packet
10:13:38.817 [reactor-http-nio-4] DEBUG org.springframework.core.codec.StringDecoder - [6dffe413] Decoded "{"userId":"f39bec7c-db33-4abf-a27f-640dd305188c","location":{"longitude":56.186074,"latitude":-3.47 (truncated)...
10:13:38.818 [reactor-http-nio-4] DEBUG reactor.netty.resources.PooledConnectionProvider - [id: 0xb12e3b99, L:/127.0.0.1:50613 - R:localhost/127.0.0.1:8083] onStateChange(GET{uri=/userLocation?userId=f39bec7c-db33-4abf-a27f-640dd305188c, connection=PooledConnection{channel=[id: 0xb12e3b99, L:/127.0.0.1:50613 - R:localhost/127.0.0.1:8083]}}, [disconnecting])
10:13:38.818 [reactor-http-nio-4] DEBUG reactor.netty.resources.PooledConnectionProvider - [id: 0xb12e3b99, L:/127.0.0.1:50613 - R:localhost/127.0.0.1:8083] Releasing channel
10:13:38.818 [reactor-http-nio-4] DEBUG reactor.netty.resources.PooledConnectionProvider - [id: 0xb12e3b99, L:/127.0.0.1:50613 - R:localhost/127.0.0.1:8083] Channel cleaned, now 29 active connections and 1 inactive connections
10:13:38.825 [reactor-http-nio-2] DEBUG reactor.netty.http.client.HttpClientOperations - [id: 0xa0c2642f, L:/127.0.0.1:50614 - R:localhost/127.0.0.1:8083] Received response (auto-read:false) : [Content-Type=application/json, Transfer-Encoding=chunked, Date=Tue, 07 Jun 2022 09:13:38 GMT]
10:13:38.825 [reactor-http-nio-3] DEBUG reactor.netty.resources.PooledConnectionProvider - [id: 0xd9faa4fe, L:/127.0.0.1:50640 - R:localhost/127.0.0.1:8083] onStateChange(GET{uri=/userLocation?userId=f4d9ccfa-ab36-48b3-b28e-50297c0c31ef, connection=PooledConnection{channel=[id: 0xd9faa4fe, L:/127.0.0.1:50640 - R:localhost/127.0.0.1:8083]}}, [request_sent])
10:13:38.826 [reactor-http-nio-2] DEBUG reactor.netty.resources.PooledConnectionProvider - [id: 0xa0c2642f, L:/127.0.0.1:50614 - R:localhost/127.0.0.1:8083] onStateChange(GET{uri=/userLocation?userId=be31e814-c8bb-47b6-97f3-409b9dc274f5, connection=PooledConnection{channel=[id: 0xa0c2642f, L:/127.0.0.1:50614 - R:localhost/127.0.0.1:8083]}}, [response_received])
10:13:38.826 [reactor-http-nio-3] DEBUG reactor.netty.resources.PooledConnectionProvider - [id: 0xd9faa4fe, L:/127.0.0.1:50640 - R:localhost/127.0.0.1:8083] Channel connected, now 29 active connections and 1 inactive connections
10:13:38.826 [reactor-http-nio-2] DEBUG org.springframework.web.reactive.function.client.ExchangeFunctions - [223dadda] Response 200 OK
10:13:38.826 [reactor-http-nio-2] DEBUG reactor.netty.channel.FluxReceive - [id: 0xa0c2642f, L:/127.0.0.1:50614 - R:localhost/127.0.0.1:8083] Subscribing inbound receiver [pending: 0, cancelled:false, inboundDone: false]
10:13:38.828 [reactor-http-nio-2] DEBUG reactor.netty.http.client.HttpClientOperations - [id: 0xa0c2642f, L:/127.0.0.1:50614 - R:localhost/127.0.0.1:8083] Received last HTTP packet
10:13:38.828 [reactor-http-nio-4] DEBUG reactor.netty.http.client.HttpClientOperations - [id: 0xb37fd56e, L:/127.0.0.1:50615 - R:localhost/127.0.0.1:8083] Received response (auto-read:false) : [Content-Type=application/json, Transfer-Encoding=chunked, Date=Tue, 07 Jun 2022 09:13:38 GMT]
10:13:38.828 [reactor-http-nio-4] DEBUG reactor.netty.resources.PooledConnectionProvider - [id: 0xb37fd56e, L:/127.0.0.1:50615 - R:localhost/127.0.0.1:8083] onStateChange(GET{uri=/userLocation?userId=64da71b3-730a-4136-8499-c11f623b8ec0, connection=PooledConnection{channel=[id: 0xb37fd56e, L:/127.0.0.1:50615 - R:localhost/127.0.0.1:8083]}}, [response_received])
10:13:38.828 [reactor-http-nio-2] DEBUG org.springframework.core.codec.StringDecoder - [223dadda] Decoded "{"userId":"be31e814-c8bb-47b6-97f3-409b9dc274f5","location":{"longitude":-28.275426,"latitude":-82. (truncated)...
10:13:38.828 [reactor-http-nio-4] DEBUG org.springframework.web.reactive.function.client.ExchangeFunctions - [74078851] Response 200 OK
10:13:38.828 [reactor-http-nio-2] DEBUG reactor.netty.resources.PooledConnectionProvider - [id: 0xa0c2642f, L:/127.0.0.1:50614 - R:localhost/127.0.0.1:8083] onStateChange(GET{uri=/userLocation?userId=be31e814-c8bb-47b6-97f3-409b9dc274f5, connection=PooledConnection{channel=[id: 0xa0c2642f, L:/127.0.0.1:50614 - R:localhost/127.0.0.1:8083]}}, [disconnecting])
10:13:38.828 [reactor-http-nio-2] DEBUG reactor.netty.resources.PooledConnectionProvider - [id: 0xa0c2642f, L:/127.0.0.1:50614 - R:localhost/127.0.0.1:8083] Releasing channel
10:13:38.828 [reactor-http-nio-2] DEBUG reactor.netty.resources.PooledConnectionProvider - [id: 0xa0c2642f, L:/127.0.0.1:50614 - R:localhost/127.0.0.1:8083] Channel cleaned, now 28 active connections and 2 inactive connections
10:13:38.829 [reactor-http-nio-4] DEBUG reactor.netty.channel.FluxReceive - [id: 0xb37fd56e, L:/127.0.0.1:50615 - R:localhost/127.0.0.1:8083] Subscribing inbound receiver [pending: 0, cancelled:false, inboundDone: false]
10:13:38.830 [reactor-http-nio-4] DEBUG reactor.netty.http.client.HttpClientOperations - [id: 0x1694d70f, L:/127.0.0.1:50610 - R:localhost/127.0.0.1:8083] Received response (auto-read:false) : [Content-Type=application/json, Transfer-Encoding=chunked, Date=Tue, 07 Jun 2022 09:13:38 GMT]
10:13:38.830 [reactor-http-nio-4] DEBUG reactor.netty.resources.PooledConnectionProvider - [id: 0x1694d70f, L:/127.0.0.1:50610 - R:localhost/127.0.0.1:8083] onStateChange(GET{uri=/userLocation?userId=78f6de9d-c77d-4a53-a18e-304adf1fbdda, connection=PooledConnection{channel=[id: 0x1694d70f, L:/127.0.0.1:50610 - R:localhost/127.0.0.1:8083]}}, [response_received])
10:13:38.830 [reactor-http-nio-4] DEBUG org.springframework.web.reactive.function.client.ExchangeFunctions - [4677df02] Response 200 OK
10:13:38.831 [reactor-http-nio-4] DEBUG reactor.netty.channel.FluxReceive - [id: 0x1694d70f, L:/127.0.0.1:50610 - R:localhost/127.0.0.1:8083] Subscribing inbound receiver [pending: 0, cancelled:false, inboundDone: false]
10:13:38.831 [reactor-http-nio-4] DEBUG reactor.netty.http.client.HttpClientOperations - [id: 0x1694d70f, L:/127.0.0.1:50610 - R:localhost/127.0.0.1:8083] Received last HTTP packet
10:13:38.832 [reactor-http-nio-4] DEBUG org.springframework.core.codec.StringDecoder - [4677df02] Decoded "{"userId":"78f6de9d-c77d-4a53-a18e-304adf1fbdda","location":{"longitude":-66.792755,"latitude":7.18 (truncated)...
10:13:38.832 [reactor-http-nio-4] DEBUG reactor.netty.resources.PooledConnectionProvider - [id: 0x1694d70f, L:/127.0.0.1:50610 - R:localhost/127.0.0.1:8083] onStateChange(GET{uri=/userLocation?userId=78f6de9d-c77d-4a53-a18e-304adf1fbdda, connection=PooledConnection{channel=[id: 0x1694d70f, L:/127.0.0.1:50610 - R:localhost/127.0.0.1:8083]}}, [disconnecting])
10:13:38.832 [reactor-http-nio-4] DEBUG reactor.netty.resources.PooledConnectionProvider - [id: 0x1694d70f, L:/127.0.0.1:50610 - R:localhost/127.0.0.1:8083] Releasing channel
10:13:38.832 [reactor-http-nio-4] DEBUG reactor.netty.resources.PooledConnectionProvider - [id: 0x1694d70f, L:/127.0.0.1:50610 - R:localhost/127.0.0.1:8083] Channel cleaned, now 27 active connections and 3 inactive connections
10:13:38.832 [reactor-http-nio-4] DEBUG reactor.netty.http.client.HttpClientOperations - [id: 0xb37fd56e, L:/127.0.0.1:50615 - R:localhost/127.0.0.1:8083] Received last HTTP packet
10:13:38.833 [reactor-http-nio-4] DEBUG org.springframework.core.codec.StringDecoder - [74078851] Decoded "{"userId":"64da71b3-730a-4136-8499-c11f623b8ec0","location":{"longitude":164.472768,"latitude":33.7 (truncated)...
10:13:38.833 [reactor-http-nio-4] DEBUG reactor.netty.resources.PooledConnectionProvider - [id: 0xb37fd56e, L:/127.0.0.1:50615 - R:localhost/127.0.0.1:8083] onStateChange(GET{uri=/userLocation?userId=64da71b3-730a-4136-8499-c11f623b8ec0, connection=PooledConnection{channel=[id: 0xb37fd56e, L:/127.0.0.1:50615 - R:localhost/127.0.0.1:8083]}}, [disconnecting])
10:13:38.833 [reactor-http-nio-4] DEBUG reactor.netty.resources.PooledConnectionProvider - [id: 0xb37fd56e, L:/127.0.0.1:50615 - R:localhost/127.0.0.1:8083] Releasing channel
10:13:38.833 [reactor-http-nio-4] DEBUG reactor.netty.resources.PooledConnectionProvider - [id: 0xb37fd56e, L:/127.0.0.1:50615 - R:localhost/127.0.0.1:8083] Channel cleaned, now 26 active connections and 4 inactive connections
10:13:38.837 [reactor-http-nio-2] DEBUG reactor.netty.http.client.HttpClientOperations - [id: 0xd70c172e, L:/127.0.0.1:50612 - R:localhost/127.0.0.1:8083] Received response (auto-read:false) : [Content-Type=application/json, Transfer-Encoding=chunked, Date=Tue, 07 Jun 2022 09:13:38 GMT]
10:13:38.837 [reactor-http-nio-2] DEBUG reactor.netty.resources.PooledConnectionProvider - [id: 0xd70c172e, L:/127.0.0.1:50612 - R:localhost/127.0.0.1:8083] onStateChange(GET{uri=/attractions, connection=PooledConnection{channel=[id: 0xd70c172e, L:/127.0.0.1:50612 - R:localhost/127.0.0.1:8083]}}, [response_received])
10:13:38.838 [reactor-http-nio-2] DEBUG org.springframework.web.reactive.function.client.ExchangeFunctions - [5472d8ff] Response 200 OK
10:13:38.838 [reactor-http-nio-2] DEBUG reactor.netty.channel.FluxReceive - [id: 0xd70c172e, L:/127.0.0.1:50612 - R:localhost/127.0.0.1:8083] Subscribing inbound receiver [pending: 0, cancelled:false, inboundDone: false]
10:13:38.840 [reactor-http-nio-2] DEBUG reactor.netty.http.client.HttpClientOperations - [id: 0xd70c172e, L:/127.0.0.1:50612 - R:localhost/127.0.0.1:8083] Received last HTTP packet
10:13:38.840 [reactor-http-nio-2] DEBUG org.springframework.core.codec.StringDecoder - [5472d8ff] Decoded "[{"longitude":-117.922008,"latitude":33.817595,"attractionName":"Disneyland","city":"Anaheim","stat (truncated)...
10:13:38.840 [reactor-http-nio-2] DEBUG reactor.netty.resources.PooledConnectionProvider - [id: 0xd70c172e, L:/127.0.0.1:50612 - R:localhost/127.0.0.1:8083] onStateChange(GET{uri=/attractions, connection=PooledConnection{channel=[id: 0xd70c172e, L:/127.0.0.1:50612 - R:localhost/127.0.0.1:8083]}}, [disconnecting])
10:13:38.840 [reactor-http-nio-2] DEBUG reactor.netty.resources.PooledConnectionProvider - [id: 0xd70c172e, L:/127.0.0.1:50612 - R:localhost/127.0.0.1:8083] Releasing channel
10:13:38.840 [reactor-http-nio-2] DEBUG reactor.netty.resources.PooledConnectionProvider - [id: 0xd70c172e, L:/127.0.0.1:50612 - R:localhost/127.0.0.1:8083] Channel cleaned, now 25 active connections and 5 inactive connections
10:13:38.843 [pool-4-thread-3] DEBUG org.springframework.web.reactive.function.client.ExchangeFunctions - [633807dc] HTTP GET http://localhost:8083/attractions
10:13:38.843 [pool-4-thread-4] DEBUG org.springframework.web.reactive.function.client.ExchangeFunctions - [2cfa47ed] HTTP GET http://localhost:8083/attractions
10:13:38.844 [reactor-http-nio-4] DEBUG reactor.netty.resources.PooledConnectionProvider - [id: 0xb12e3b99, L:/127.0.0.1:50613 - R:localhost/127.0.0.1:8083] Channel acquired, now 26 active connections and 4 inactive connections
10:13:38.844 [pool-6-thread-1] DEBUG org.springframework.web.reactive.function.client.ExchangeFunctions - [48b039bc] HTTP GET http://localhost:8083/attractions
10:13:38.844 [reactor-http-nio-4] DEBUG reactor.netty.http.client.HttpClientConnect - [id: 0xb12e3b99, L:/127.0.0.1:50613 - R:localhost/127.0.0.1:8083] Handler is being applied: {uri=http://localhost:8083/attractions, method=GET}
10:13:38.845 [reactor-http-nio-2] DEBUG reactor.netty.resources.PooledConnectionProvider - [id: 0xa0c2642f, L:/127.0.0.1:50614 - R:localhost/127.0.0.1:8083] Channel acquired, now 27 active connections and 3 inactive connections
10:13:38.845 [reactor-http-nio-2] DEBUG reactor.netty.http.client.HttpClientConnect - [id: 0xa0c2642f, L:/127.0.0.1:50614 - R:localhost/127.0.0.1:8083] Handler is being applied: {uri=http://localhost:8083/attractions, method=GET}
10:13:38.846 [reactor-http-nio-4] DEBUG reactor.netty.resources.PooledConnectionProvider - [id: 0xb12e3b99, L:/127.0.0.1:50613 - R:localhost/127.0.0.1:8083] onStateChange(GET{uri=/attractions, connection=PooledConnection{channel=[id: 0xb12e3b99, L:/127.0.0.1:50613 - R:localhost/127.0.0.1:8083]}}, [request_sent])
10:13:38.846 [reactor-http-nio-2] DEBUG reactor.netty.resources.PooledConnectionProvider - [id: 0xa0c2642f, L:/127.0.0.1:50614 - R:localhost/127.0.0.1:8083] onStateChange(GET{uri=/attractions, connection=PooledConnection{channel=[id: 0xa0c2642f, L:/127.0.0.1:50614 - R:localhost/127.0.0.1:8083]}}, [request_sent])
10:13:38.847 [reactor-http-nio-4] DEBUG reactor.netty.resources.PooledConnectionProvider - [id: 0x1694d70f, L:/127.0.0.1:50610 - R:localhost/127.0.0.1:8083] Channel acquired, now 28 active connections and 2 inactive connections
10:13:38.847 [reactor-http-nio-4] DEBUG reactor.netty.http.client.HttpClientConnect - [id: 0x1694d70f, L:/127.0.0.1:50610 - R:localhost/127.0.0.1:8083] Handler is being applied: {uri=http://localhost:8083/attractions, method=GET}
10:13:38.848 [reactor-http-nio-4] DEBUG reactor.netty.resources.PooledConnectionProvider - [id: 0x1694d70f, L:/127.0.0.1:50610 - R:localhost/127.0.0.1:8083] onStateChange(GET{uri=/attractions, connection=PooledConnection{channel=[id: 0x1694d70f, L:/127.0.0.1:50610 - R:localhost/127.0.0.1:8083]}}, [request_sent])
10:13:38.849 [pool-4-thread-5] DEBUG org.springframework.web.reactive.function.client.ExchangeFunctions - [7ac068a1] HTTP GET http://localhost:8083/attractions
10:13:38.851 [reactor-http-nio-4] DEBUG reactor.netty.resources.PooledConnectionProvider - [id: 0xb37fd56e, L:/127.0.0.1:50615 - R:localhost/127.0.0.1:8083] Channel acquired, now 29 active connections and 1 inactive connections
10:13:38.851 [reactor-http-nio-4] DEBUG reactor.netty.http.client.HttpClientConnect - [id: 0xb37fd56e, L:/127.0.0.1:50615 - R:localhost/127.0.0.1:8083] Handler is being applied: {uri=http://localhost:8083/attractions, method=GET}
10:13:38.852 [reactor-http-nio-4] DEBUG reactor.netty.resources.PooledConnectionProvider - [id: 0xb37fd56e, L:/127.0.0.1:50615 - R:localhost/127.0.0.1:8083] onStateChange(GET{uri=/attractions, connection=PooledConnection{channel=[id: 0xb37fd56e, L:/127.0.0.1:50615 - R:localhost/127.0.0.1:8083]}}, [request_sent])
10:13:38.857 [reactor-http-nio-2] DEBUG reactor.netty.http.client.HttpClientOperations - [id: 0x011036a3, L:/127.0.0.1:50616 - R:localhost/127.0.0.1:8083] Received response (auto-read:false) : [Content-Type=application/json, Transfer-Encoding=chunked, Date=Tue, 07 Jun 2022 09:13:38 GMT]
10:13:38.857 [reactor-http-nio-2] DEBUG reactor.netty.resources.PooledConnectionProvider - [id: 0x011036a3, L:/127.0.0.1:50616 - R:localhost/127.0.0.1:8083] onStateChange(GET{uri=/userLocation?userId=d249f6c6-8d41-427e-9820-1984b10eda2d, connection=PooledConnection{channel=[id: 0x011036a3, L:/127.0.0.1:50616 - R:localhost/127.0.0.1:8083]}}, [response_received])
10:13:38.857 [reactor-http-nio-2] DEBUG org.springframework.web.reactive.function.client.ExchangeFunctions - [16574500] Response 200 OK
10:13:38.858 [reactor-http-nio-2] DEBUG reactor.netty.channel.FluxReceive - [id: 0x011036a3, L:/127.0.0.1:50616 - R:localhost/127.0.0.1:8083] Subscribing inbound receiver [pending: 0, cancelled:false, inboundDone: false]
10:13:38.859 [reactor-http-nio-2] DEBUG reactor.netty.http.client.HttpClientOperations - [id: 0x011036a3, L:/127.0.0.1:50616 - R:localhost/127.0.0.1:8083] Received last HTTP packet
10:13:38.859 [reactor-http-nio-2] DEBUG org.springframework.core.codec.StringDecoder - [16574500] Decoded "{"userId":"d249f6c6-8d41-427e-9820-1984b10eda2d","location":{"longitude":-41.675526,"latitude":24.2 (truncated)...
10:13:38.859 [reactor-http-nio-2] DEBUG reactor.netty.resources.PooledConnectionProvider - [id: 0x011036a3, L:/127.0.0.1:50616 - R:localhost/127.0.0.1:8083] onStateChange(GET{uri=/userLocation?userId=d249f6c6-8d41-427e-9820-1984b10eda2d, connection=PooledConnection{channel=[id: 0x011036a3, L:/127.0.0.1:50616 - R:localhost/127.0.0.1:8083]}}, [disconnecting])
10:13:38.859 [reactor-http-nio-2] DEBUG reactor.netty.resources.PooledConnectionProvider - [id: 0x011036a3, L:/127.0.0.1:50616 - R:localhost/127.0.0.1:8083] Releasing channel
10:13:38.859 [reactor-http-nio-2] DEBUG reactor.netty.resources.PooledConnectionProvider - [id: 0x011036a3, L:/127.0.0.1:50616 - R:localhost/127.0.0.1:8083] Channel cleaned, now 28 active connections and 2 inactive connections
10:13:38.860 [reactor-http-nio-2] DEBUG reactor.netty.http.client.HttpClientOperations - [id: 0x7da5620d, L:/127.0.0.1:50618 - R:localhost/127.0.0.1:8083] Received response (auto-read:false) : [Content-Type=application/json, Transfer-Encoding=chunked, Date=Tue, 07 Jun 2022 09:13:38 GMT]
10:13:38.860 [reactor-http-nio-2] DEBUG reactor.netty.resources.PooledConnectionProvider - [id: 0x7da5620d, L:/127.0.0.1:50618 - R:localhost/127.0.0.1:8083] onStateChange(GET{uri=/userLocation?userId=6bf791a0-14be-4219-9cfc-854964a8e488, connection=PooledConnection{channel=[id: 0x7da5620d, L:/127.0.0.1:50618 - R:localhost/127.0.0.1:8083]}}, [response_received])
10:13:38.860 [reactor-http-nio-2] DEBUG org.springframework.web.reactive.function.client.ExchangeFunctions - [5913835b] Response 200 OK
10:13:38.861 [reactor-http-nio-2] DEBUG reactor.netty.channel.FluxReceive - [id: 0x7da5620d, L:/127.0.0.1:50618 - R:localhost/127.0.0.1:8083] Subscribing inbound receiver [pending: 0, cancelled:false, inboundDone: false]
10:13:38.861 [reactor-http-nio-2] DEBUG reactor.netty.http.client.HttpClientOperations - [id: 0x7da5620d, L:/127.0.0.1:50618 - R:localhost/127.0.0.1:8083] Received last HTTP packet
10:13:38.861 [reactor-http-nio-2] DEBUG org.springframework.core.codec.StringDecoder - [5913835b] Decoded "{"userId":"6bf791a0-14be-4219-9cfc-854964a8e488","location":{"longitude":106.250586,"latitude":-72. (truncated)...
10:13:38.862 [reactor-http-nio-2] DEBUG reactor.netty.resources.PooledConnectionProvider - [id: 0x7da5620d, L:/127.0.0.1:50618 - R:localhost/127.0.0.1:8083] onStateChange(GET{uri=/userLocation?userId=6bf791a0-14be-4219-9cfc-854964a8e488, connection=PooledConnection{channel=[id: 0x7da5620d, L:/127.0.0.1:50618 - R:localhost/127.0.0.1:8083]}}, [disconnecting])
10:13:38.862 [reactor-http-nio-2] DEBUG reactor.netty.resources.PooledConnectionProvider - [id: 0x7da5620d, L:/127.0.0.1:50618 - R:localhost/127.0.0.1:8083] Releasing channel
10:13:38.862 [reactor-http-nio-2] DEBUG reactor.netty.resources.PooledConnectionProvider - [id: 0x7da5620d, L:/127.0.0.1:50618 - R:localhost/127.0.0.1:8083] Channel cleaned, now 27 active connections and 3 inactive connections
10:13:38.865 [reactor-http-nio-4] DEBUG reactor.netty.http.client.HttpClientOperations - [id: 0x3846aaec, L:/127.0.0.1:50621 - R:localhost/127.0.0.1:8083] Received response (auto-read:false) : [Content-Type=application/json, Transfer-Encoding=chunked, Date=Tue, 07 Jun 2022 09:13:38 GMT]
10:13:38.865 [reactor-http-nio-4] DEBUG reactor.netty.resources.PooledConnectionProvider - [id: 0x3846aaec, L:/127.0.0.1:50621 - R:localhost/127.0.0.1:8083] onStateChange(GET{uri=/userLocation?userId=759273ac-5db3-4bce-a2be-0d80b31997ed, connection=PooledConnection{channel=[id: 0x3846aaec, L:/127.0.0.1:50621 - R:localhost/127.0.0.1:8083]}}, [response_received])
10:13:38.865 [reactor-http-nio-4] DEBUG org.springframework.web.reactive.function.client.ExchangeFunctions - [70ab3198] Response 200 OK
10:13:38.866 [reactor-http-nio-4] DEBUG reactor.netty.channel.FluxReceive - [id: 0x3846aaec, L:/127.0.0.1:50621 - R:localhost/127.0.0.1:8083] Subscribing inbound receiver [pending: 0, cancelled:false, inboundDone: false]
10:13:38.866 [reactor-http-nio-4] DEBUG reactor.netty.http.client.HttpClientOperations - [id: 0x3846aaec, L:/127.0.0.1:50621 - R:localhost/127.0.0.1:8083] Received last HTTP packet
10:13:38.867 [reactor-http-nio-4] DEBUG org.springframework.core.codec.StringDecoder - [70ab3198] Decoded "{"userId":"759273ac-5db3-4bce-a2be-0d80b31997ed","location":{"longitude":-10.466858,"latitude":49.3 (truncated)...
10:13:38.867 [reactor-http-nio-4] DEBUG reactor.netty.resources.PooledConnectionProvider - [id: 0x3846aaec, L:/127.0.0.1:50621 - R:localhost/127.0.0.1:8083] onStateChange(GET{uri=/userLocation?userId=759273ac-5db3-4bce-a2be-0d80b31997ed, connection=PooledConnection{channel=[id: 0x3846aaec, L:/127.0.0.1:50621 - R:localhost/127.0.0.1:8083]}}, [disconnecting])
10:13:38.867 [reactor-http-nio-4] DEBUG reactor.netty.resources.PooledConnectionProvider - [id: 0x3846aaec, L:/127.0.0.1:50621 - R:localhost/127.0.0.1:8083] Releasing channel
10:13:38.867 [reactor-http-nio-4] DEBUG reactor.netty.resources.PooledConnectionProvider - [id: 0x3846aaec, L:/127.0.0.1:50621 - R:localhost/127.0.0.1:8083] Channel cleaned, now 26 active connections and 4 inactive connections
10:13:38.868 [pool-4-thread-2] DEBUG org.springframework.web.reactive.function.client.ExchangeFunctions - [1890a9ba] HTTP GET http://localhost:8083/attractions
10:13:38.868 [pool-4-thread-7] DEBUG org.springframework.web.reactive.function.client.ExchangeFunctions - [57d46609] HTTP GET http://localhost:8083/attractions
10:13:38.869 [reactor-http-nio-2] DEBUG reactor.netty.resources.PooledConnectionProvider - [id: 0xd70c172e, L:/127.0.0.1:50612 - R:localhost/127.0.0.1:8083] Channel acquired, now 27 active connections and 3 inactive connections
10:13:38.869 [reactor-http-nio-2] DEBUG reactor.netty.http.client.HttpClientConnect - [id: 0xd70c172e, L:/127.0.0.1:50612 - R:localhost/127.0.0.1:8083] Handler is being applied: {uri=http://localhost:8083/attractions, method=GET}
10:13:38.870 [reactor-http-nio-2] DEBUG reactor.netty.resources.PooledConnectionProvider - [id: 0xd70c172e, L:/127.0.0.1:50612 - R:localhost/127.0.0.1:8083] onStateChange(GET{uri=/attractions, connection=PooledConnection{channel=[id: 0xd70c172e, L:/127.0.0.1:50612 - R:localhost/127.0.0.1:8083]}}, [request_sent])
10:13:38.870 [reactor-http-nio-2] DEBUG reactor.netty.resources.PooledConnectionProvider - [id: 0x011036a3, L:/127.0.0.1:50616 - R:localhost/127.0.0.1:8083] Channel acquired, now 28 active connections and 2 inactive connections
10:13:38.870 [reactor-http-nio-2] DEBUG reactor.netty.http.client.HttpClientConnect - [id: 0x011036a3, L:/127.0.0.1:50616 - R:localhost/127.0.0.1:8083] Handler is being applied: {uri=http://localhost:8083/attractions, method=GET}
10:13:38.871 [reactor-http-nio-4] DEBUG reactor.netty.http.client.HttpClientOperations - [id: 0xffcbc3fa, L:/127.0.0.1:50617 - R:localhost/127.0.0.1:8083] Received response (auto-read:false) : [Content-Type=application/json, Transfer-Encoding=chunked, Date=Tue, 07 Jun 2022 09:13:38 GMT]
10:13:38.871 [reactor-http-nio-4] DEBUG reactor.netty.resources.PooledConnectionProvider - [id: 0xffcbc3fa, L:/127.0.0.1:50617 - R:localhost/127.0.0.1:8083] onStateChange(GET{uri=/userLocation?userId=81a49ace-40cb-43c2-9a65-2c111ac1ee40, connection=PooledConnection{channel=[id: 0xffcbc3fa, L:/127.0.0.1:50617 - R:localhost/127.0.0.1:8083]}}, [response_received])
10:13:38.871 [reactor-http-nio-4] DEBUG org.springframework.web.reactive.function.client.ExchangeFunctions - [58a681ac] Response 200 OK
10:13:38.871 [reactor-http-nio-2] DEBUG reactor.netty.resources.PooledConnectionProvider - [id: 0x011036a3, L:/127.0.0.1:50616 - R:localhost/127.0.0.1:8083] onStateChange(GET{uri=/attractions, connection=PooledConnection{channel=[id: 0x011036a3, L:/127.0.0.1:50616 - R:localhost/127.0.0.1:8083]}}, [request_sent])
10:13:38.872 [reactor-http-nio-4] DEBUG reactor.netty.channel.FluxReceive - [id: 0xffcbc3fa, L:/127.0.0.1:50617 - R:localhost/127.0.0.1:8083] Subscribing inbound receiver [pending: 0, cancelled:false, inboundDone: false]
10:13:38.872 [reactor-http-nio-4] DEBUG reactor.netty.http.client.HttpClientOperations - [id: 0xffcbc3fa, L:/127.0.0.1:50617 - R:localhost/127.0.0.1:8083] Received last HTTP packet
10:13:38.873 [reactor-http-nio-4] DEBUG org.springframework.core.codec.StringDecoder - [58a681ac] Decoded "{"userId":"81a49ace-40cb-43c2-9a65-2c111ac1ee40","location":{"longitude":78.33741,"latitude":20.249 (truncated)...
10:13:38.873 [reactor-http-nio-4] DEBUG reactor.netty.resources.PooledConnectionProvider - [id: 0xffcbc3fa, L:/127.0.0.1:50617 - R:localhost/127.0.0.1:8083] onStateChange(GET{uri=/userLocation?userId=81a49ace-40cb-43c2-9a65-2c111ac1ee40, connection=PooledConnection{channel=[id: 0xffcbc3fa, L:/127.0.0.1:50617 - R:localhost/127.0.0.1:8083]}}, [disconnecting])
10:13:38.873 [reactor-http-nio-4] DEBUG reactor.netty.resources.PooledConnectionProvider - [id: 0xffcbc3fa, L:/127.0.0.1:50617 - R:localhost/127.0.0.1:8083] Releasing channel
10:13:38.873 [reactor-http-nio-4] DEBUG reactor.netty.resources.PooledConnectionProvider - [id: 0xffcbc3fa, L:/127.0.0.1:50617 - R:localhost/127.0.0.1:8083] Channel cleaned, now 27 active connections and 3 inactive connections
10:13:38.874 [reactor-http-nio-4] DEBUG reactor.netty.http.client.HttpClientOperations - [id: 0xb12e3b99, L:/127.0.0.1:50613 - R:localhost/127.0.0.1:8083] Received response (auto-read:false) : [Content-Type=application/json, Transfer-Encoding=chunked, Date=Tue, 07 Jun 2022 09:13:38 GMT]
10:13:38.874 [reactor-http-nio-4] DEBUG reactor.netty.resources.PooledConnectionProvider - [id: 0xb12e3b99, L:/127.0.0.1:50613 - R:localhost/127.0.0.1:8083] onStateChange(GET{uri=/attractions, connection=PooledConnection{channel=[id: 0xb12e3b99, L:/127.0.0.1:50613 - R:localhost/127.0.0.1:8083]}}, [response_received])
10:13:38.874 [reactor-http-nio-4] DEBUG org.springframework.web.reactive.function.client.ExchangeFunctions - [633807dc] Response 200 OK
10:13:38.874 [reactor-http-nio-4] DEBUG reactor.netty.channel.FluxReceive - [id: 0xb12e3b99, L:/127.0.0.1:50613 - R:localhost/127.0.0.1:8083] Subscribing inbound receiver [pending: 0, cancelled:false, inboundDone: false]
10:13:38.875 [reactor-http-nio-4] DEBUG reactor.netty.http.client.HttpClientOperations - [id: 0xb12e3b99, L:/127.0.0.1:50613 - R:localhost/127.0.0.1:8083] Received last HTTP packet
10:13:38.876 [reactor-http-nio-4] DEBUG org.springframework.core.codec.StringDecoder - [633807dc] Decoded "[{"longitude":-117.922008,"latitude":33.817595,"attractionName":"Disneyland","city":"Anaheim","stat (truncated)...
10:13:38.876 [reactor-http-nio-4] DEBUG reactor.netty.resources.PooledConnectionProvider - [id: 0xb12e3b99, L:/127.0.0.1:50613 - R:localhost/127.0.0.1:8083] onStateChange(GET{uri=/attractions, connection=PooledConnection{channel=[id: 0xb12e3b99, L:/127.0.0.1:50613 - R:localhost/127.0.0.1:8083]}}, [disconnecting])
10:13:38.876 [reactor-http-nio-4] DEBUG reactor.netty.resources.PooledConnectionProvider - [id: 0xb12e3b99, L:/127.0.0.1:50613 - R:localhost/127.0.0.1:8083] Releasing channel
10:13:38.876 [reactor-http-nio-4] DEBUG reactor.netty.resources.PooledConnectionProvider - [id: 0xb12e3b99, L:/127.0.0.1:50613 - R:localhost/127.0.0.1:8083] Channel cleaned, now 26 active connections and 4 inactive connections
10:13:38.879 [reactor-http-nio-2] DEBUG reactor.netty.http.client.HttpClientOperations - [id: 0xa0c2642f, L:/127.0.0.1:50614 - R:localhost/127.0.0.1:8083] Received response (auto-read:false) : [Content-Type=application/json, Transfer-Encoding=chunked, Date=Tue, 07 Jun 2022 09:13:38 GMT]
10:13:38.879 [reactor-http-nio-2] DEBUG reactor.netty.resources.PooledConnectionProvider - [id: 0xa0c2642f, L:/127.0.0.1:50614 - R:localhost/127.0.0.1:8083] onStateChange(GET{uri=/attractions, connection=PooledConnection{channel=[id: 0xa0c2642f, L:/127.0.0.1:50614 - R:localhost/127.0.0.1:8083]}}, [response_received])
10:13:38.879 [reactor-http-nio-2] DEBUG org.springframework.web.reactive.function.client.ExchangeFunctions - [2cfa47ed] Response 200 OK
10:13:38.879 [pool-4-thread-8] DEBUG org.springframework.web.reactive.function.client.ExchangeFunctions - [7e6cd1fd] HTTP GET http://localhost:8083/attractions
10:13:38.880 [reactor-http-nio-2] DEBUG reactor.netty.channel.FluxReceive - [id: 0xa0c2642f, L:/127.0.0.1:50614 - R:localhost/127.0.0.1:8083] Subscribing inbound receiver [pending: 0, cancelled:false, inboundDone: false]
10:13:38.880 [reactor-http-nio-2] DEBUG reactor.netty.http.client.HttpClientOperations - [id: 0xa0c2642f, L:/127.0.0.1:50614 - R:localhost/127.0.0.1:8083] Received last HTTP packet
10:13:38.881 [reactor-http-nio-2] DEBUG org.springframework.core.codec.StringDecoder - [2cfa47ed] Decoded "[{"longitude":-117.922008,"latitude":33.817595,"attractionName":"Disneyland","city":"Anaheim","stat (truncated)...
10:13:38.881 [reactor-http-nio-2] DEBUG reactor.netty.resources.PooledConnectionProvider - [id: 0xa0c2642f, L:/127.0.0.1:50614 - R:localhost/127.0.0.1:8083] onStateChange(GET{uri=/attractions, connection=PooledConnection{channel=[id: 0xa0c2642f, L:/127.0.0.1:50614 - R:localhost/127.0.0.1:8083]}}, [disconnecting])
10:13:38.881 [reactor-http-nio-2] DEBUG reactor.netty.resources.PooledConnectionProvider - [id: 0xa0c2642f, L:/127.0.0.1:50614 - R:localhost/127.0.0.1:8083] Releasing channel
10:13:38.881 [reactor-http-nio-2] DEBUG reactor.netty.resources.PooledConnectionProvider - [id: 0xa0c2642f, L:/127.0.0.1:50614 - R:localhost/127.0.0.1:8083] Channel cleaned, now 25 active connections and 5 inactive connections
10:13:38.881 [reactor-http-nio-2] DEBUG reactor.netty.resources.PooledConnectionProvider - [id: 0x7da5620d, L:/127.0.0.1:50618 - R:localhost/127.0.0.1:8083] Channel acquired, now 26 active connections and 4 inactive connections
10:13:38.881 [reactor-http-nio-2] DEBUG reactor.netty.http.client.HttpClientConnect - [id: 0x7da5620d, L:/127.0.0.1:50618 - R:localhost/127.0.0.1:8083] Handler is being applied: {uri=http://localhost:8083/attractions, method=GET}
10:13:38.883 [reactor-http-nio-2] DEBUG reactor.netty.resources.PooledConnectionProvider - [id: 0x7da5620d, L:/127.0.0.1:50618 - R:localhost/127.0.0.1:8083] onStateChange(GET{uri=/attractions, connection=PooledConnection{channel=[id: 0x7da5620d, L:/127.0.0.1:50618 - R:localhost/127.0.0.1:8083]}}, [request_sent])
10:13:38.883 [reactor-http-nio-4] DEBUG reactor.netty.http.client.HttpClientOperations - [id: 0xb37fd56e, L:/127.0.0.1:50615 - R:localhost/127.0.0.1:8083] Received response (auto-read:false) : [Content-Type=application/json, Transfer-Encoding=chunked, Date=Tue, 07 Jun 2022 09:13:38 GMT]
10:13:38.883 [reactor-http-nio-4] DEBUG reactor.netty.resources.PooledConnectionProvider - [id: 0xb37fd56e, L:/127.0.0.1:50615 - R:localhost/127.0.0.1:8083] onStateChange(GET{uri=/attractions, connection=PooledConnection{channel=[id: 0xb37fd56e, L:/127.0.0.1:50615 - R:localhost/127.0.0.1:8083]}}, [response_received])
10:13:38.883 [reactor-http-nio-4] DEBUG org.springframework.web.reactive.function.client.ExchangeFunctions - [7ac068a1] Response 200 OK
10:13:38.884 [reactor-http-nio-4] DEBUG reactor.netty.channel.FluxReceive - [id: 0xb37fd56e, L:/127.0.0.1:50615 - R:localhost/127.0.0.1:8083] Subscribing inbound receiver [pending: 0, cancelled:false, inboundDone: false]
10:13:38.886 [reactor-http-nio-4] DEBUG reactor.netty.http.client.HttpClientOperations - [id: 0xb37fd56e, L:/127.0.0.1:50615 - R:localhost/127.0.0.1:8083] Received last HTTP packet
10:13:38.886 [reactor-http-nio-4] DEBUG org.springframework.core.codec.StringDecoder - [7ac068a1] Decoded "[{"longitude":-117.922008,"latitude":33.817595,"attractionName":"Disneyland","city":"Anaheim","stat (truncated)...
10:13:38.886 [reactor-http-nio-4] DEBUG reactor.netty.resources.PooledConnectionProvider - [id: 0xb37fd56e, L:/127.0.0.1:50615 - R:localhost/127.0.0.1:8083] onStateChange(GET{uri=/attractions, connection=PooledConnection{channel=[id: 0xb37fd56e, L:/127.0.0.1:50615 - R:localhost/127.0.0.1:8083]}}, [disconnecting])
10:13:38.886 [reactor-http-nio-4] DEBUG reactor.netty.resources.PooledConnectionProvider - [id: 0xb37fd56e, L:/127.0.0.1:50615 - R:localhost/127.0.0.1:8083] Releasing channel
10:13:38.886 [reactor-http-nio-4] DEBUG reactor.netty.resources.PooledConnectionProvider - [id: 0xb37fd56e, L:/127.0.0.1:50615 - R:localhost/127.0.0.1:8083] Channel cleaned, now 25 active connections and 5 inactive connections
10:13:38.890 [reactor-http-nio-4] DEBUG reactor.netty.http.client.HttpClientOperations - [id: 0x1694d70f, L:/127.0.0.1:50610 - R:localhost/127.0.0.1:8083] Received response (auto-read:false) : [Content-Type=application/json, Transfer-Encoding=chunked, Date=Tue, 07 Jun 2022 09:13:38 GMT]
10:13:38.890 [reactor-http-nio-4] DEBUG reactor.netty.resources.PooledConnectionProvider - [id: 0x1694d70f, L:/127.0.0.1:50610 - R:localhost/127.0.0.1:8083] onStateChange(GET{uri=/attractions, connection=PooledConnection{channel=[id: 0x1694d70f, L:/127.0.0.1:50610 - R:localhost/127.0.0.1:8083]}}, [response_received])
10:13:38.890 [reactor-http-nio-4] DEBUG org.springframework.web.reactive.function.client.ExchangeFunctions - [48b039bc] Response 200 OK
10:13:38.891 [reactor-http-nio-4] DEBUG reactor.netty.channel.FluxReceive - [id: 0x1694d70f, L:/127.0.0.1:50610 - R:localhost/127.0.0.1:8083] Subscribing inbound receiver [pending: 0, cancelled:false, inboundDone: false]
10:13:38.891 [reactor-http-nio-4] DEBUG reactor.netty.http.client.HttpClientOperations - [id: 0x1694d70f, L:/127.0.0.1:50610 - R:localhost/127.0.0.1:8083] Received last HTTP packet
10:13:38.893 [reactor-http-nio-4] DEBUG org.springframework.core.codec.StringDecoder - [48b039bc] Decoded "[{"longitude":-117.922008,"latitude":33.817595,"attractionName":"Disneyland","city":"Anaheim","stat (truncated)...
10:13:38.893 [reactor-http-nio-4] DEBUG reactor.netty.resources.PooledConnectionProvider - [id: 0x1694d70f, L:/127.0.0.1:50610 - R:localhost/127.0.0.1:8083] onStateChange(GET{uri=/attractions, connection=PooledConnection{channel=[id: 0x1694d70f, L:/127.0.0.1:50610 - R:localhost/127.0.0.1:8083]}}, [disconnecting])
10:13:38.893 [reactor-http-nio-4] DEBUG reactor.netty.resources.PooledConnectionProvider - [id: 0x1694d70f, L:/127.0.0.1:50610 - R:localhost/127.0.0.1:8083] Releasing channel
10:13:38.893 [reactor-http-nio-4] DEBUG reactor.netty.resources.PooledConnectionProvider - [id: 0x1694d70f, L:/127.0.0.1:50610 - R:localhost/127.0.0.1:8083] Channel cleaned, now 24 active connections and 6 inactive connections
10:13:38.886 [pool-4-thread-6] DEBUG org.springframework.web.reactive.function.client.ExchangeFunctions - [566164c8] HTTP GET http://localhost:8083/attractions
10:13:38.896 [reactor-http-nio-2] DEBUG reactor.netty.http.client.HttpClientOperations - [id: 0xd70c172e, L:/127.0.0.1:50612 - R:localhost/127.0.0.1:8083] Received response (auto-read:false) : [Content-Type=application/json, Transfer-Encoding=chunked, Date=Tue, 07 Jun 2022 09:13:38 GMT]
10:13:38.897 [reactor-http-nio-2] DEBUG reactor.netty.resources.PooledConnectionProvider - [id: 0xd70c172e, L:/127.0.0.1:50612 - R:localhost/127.0.0.1:8083] onStateChange(GET{uri=/attractions, connection=PooledConnection{channel=[id: 0xd70c172e, L:/127.0.0.1:50612 - R:localhost/127.0.0.1:8083]}}, [response_received])
10:13:38.897 [reactor-http-nio-2] DEBUG org.springframework.web.reactive.function.client.ExchangeFunctions - [1890a9ba] Response 200 OK
10:13:38.898 [reactor-http-nio-2] DEBUG reactor.netty.channel.FluxReceive - [id: 0xd70c172e, L:/127.0.0.1:50612 - R:localhost/127.0.0.1:8083] Subscribing inbound receiver [pending: 0, cancelled:false, inboundDone: false]
10:13:38.898 [reactor-http-nio-4] DEBUG reactor.netty.resources.PooledConnectionProvider - [id: 0x3846aaec, L:/127.0.0.1:50621 - R:localhost/127.0.0.1:8083] Channel acquired, now 25 active connections and 5 inactive connections
10:13:38.898 [reactor-http-nio-4] DEBUG reactor.netty.http.client.HttpClientConnect - [id: 0x3846aaec, L:/127.0.0.1:50621 - R:localhost/127.0.0.1:8083] Handler is being applied: {uri=http://localhost:8083/attractions, method=GET}
10:13:38.899 [reactor-http-nio-2] DEBUG reactor.netty.http.client.HttpClientOperations - [id: 0xd70c172e, L:/127.0.0.1:50612 - R:localhost/127.0.0.1:8083] Received last HTTP packet
10:13:38.899 [reactor-http-nio-4] DEBUG reactor.netty.resources.PooledConnectionProvider - [id: 0x3846aaec, L:/127.0.0.1:50621 - R:localhost/127.0.0.1:8083] onStateChange(GET{uri=/attractions, connection=PooledConnection{channel=[id: 0x3846aaec, L:/127.0.0.1:50621 - R:localhost/127.0.0.1:8083]}}, [request_sent])
10:13:38.900 [reactor-http-nio-2] DEBUG org.springframework.core.codec.StringDecoder - [1890a9ba] Decoded "[{"longitude":-117.922008,"latitude":33.817595,"attractionName":"Disneyland","city":"Anaheim","stat (truncated)...
10:13:38.900 [reactor-http-nio-2] DEBUG reactor.netty.resources.PooledConnectionProvider - [id: 0xd70c172e, L:/127.0.0.1:50612 - R:localhost/127.0.0.1:8083] onStateChange(GET{uri=/attractions, connection=PooledConnection{channel=[id: 0xd70c172e, L:/127.0.0.1:50612 - R:localhost/127.0.0.1:8083]}}, [disconnecting])
10:13:38.900 [reactor-http-nio-2] DEBUG reactor.netty.resources.PooledConnectionProvider - [id: 0xd70c172e, L:/127.0.0.1:50612 - R:localhost/127.0.0.1:8083] Releasing channel
10:13:38.900 [reactor-http-nio-2] DEBUG reactor.netty.resources.PooledConnectionProvider - [id: 0xd70c172e, L:/127.0.0.1:50612 - R:localhost/127.0.0.1:8083] Channel cleaned, now 24 active connections and 6 inactive connections
10:13:38.906 [pool-6-thread-1] DEBUG org.springframework.web.reactive.function.client.ExchangeFunctions - [4c8fb472] HTTP GET http://localhost:8083/userLocation?userId=d249f6c6-8d41-427e-9820-1984b10eda2d
10:13:38.906 [reactor-http-nio-4] DEBUG reactor.netty.resources.PooledConnectionProvider - [id: 0xffcbc3fa, L:/127.0.0.1:50617 - R:localhost/127.0.0.1:8083] Channel acquired, now 25 active connections and 5 inactive connections
10:13:38.906 [reactor-http-nio-4] DEBUG reactor.netty.http.client.HttpClientConnect - [id: 0xffcbc3fa, L:/127.0.0.1:50617 - R:localhost/127.0.0.1:8083] Handler is being applied: {uri=http://localhost:8083/userLocation?userId=d249f6c6-8d41-427e-9820-1984b10eda2d, method=GET}
10:13:38.908 [reactor-http-nio-2] DEBUG reactor.netty.http.client.HttpClientOperations - [id: 0x011036a3, L:/127.0.0.1:50616 - R:localhost/127.0.0.1:8083] Received response (auto-read:false) : [Content-Type=application/json, Transfer-Encoding=chunked, Date=Tue, 07 Jun 2022 09:13:38 GMT]
10:13:38.908 [reactor-http-nio-2] DEBUG reactor.netty.resources.PooledConnectionProvider - [id: 0x011036a3, L:/127.0.0.1:50616 - R:localhost/127.0.0.1:8083] onStateChange(GET{uri=/attractions, connection=PooledConnection{channel=[id: 0x011036a3, L:/127.0.0.1:50616 - R:localhost/127.0.0.1:8083]}}, [response_received])
10:13:38.908 [reactor-http-nio-2] DEBUG org.springframework.web.reactive.function.client.ExchangeFunctions - [57d46609] Response 200 OK
10:13:38.908 [reactor-http-nio-2] DEBUG reactor.netty.channel.FluxReceive - [id: 0x011036a3, L:/127.0.0.1:50616 - R:localhost/127.0.0.1:8083] Subscribing inbound receiver [pending: 0, cancelled:false, inboundDone: false]
10:13:38.909 [reactor-http-nio-2] DEBUG reactor.netty.http.client.HttpClientOperations - [id: 0x011036a3, L:/127.0.0.1:50616 - R:localhost/127.0.0.1:8083] Received last HTTP packet
10:13:38.909 [reactor-http-nio-2] DEBUG org.springframework.core.codec.StringDecoder - [57d46609] Decoded "[{"longitude":-117.922008,"latitude":33.817595,"attractionName":"Disneyland","city":"Anaheim","stat (truncated)...
10:13:38.909 [reactor-http-nio-2] DEBUG reactor.netty.resources.PooledConnectionProvider - [id: 0x011036a3, L:/127.0.0.1:50616 - R:localhost/127.0.0.1:8083] onStateChange(GET{uri=/attractions, connection=PooledConnection{channel=[id: 0x011036a3, L:/127.0.0.1:50616 - R:localhost/127.0.0.1:8083]}}, [disconnecting])
10:13:38.909 [reactor-http-nio-2] DEBUG reactor.netty.resources.PooledConnectionProvider - [id: 0x011036a3, L:/127.0.0.1:50616 - R:localhost/127.0.0.1:8083] Releasing channel
10:13:38.909 [reactor-http-nio-2] DEBUG reactor.netty.resources.PooledConnectionProvider - [id: 0x011036a3, L:/127.0.0.1:50616 - R:localhost/127.0.0.1:8083] Channel cleaned, now 24 active connections and 6 inactive connections
10:13:38.912 [reactor-http-nio-2] DEBUG reactor.netty.http.client.HttpClientOperations - [id: 0xf6a1e568, L:/127.0.0.1:50619 - R:localhost/127.0.0.1:8083] Received response (auto-read:false) : [Content-Type=application/json, Transfer-Encoding=chunked, Date=Tue, 07 Jun 2022 09:13:38 GMT]
10:13:38.912 [reactor-http-nio-2] DEBUG reactor.netty.resources.PooledConnectionProvider - [id: 0xf6a1e568, L:/127.0.0.1:50619 - R:localhost/127.0.0.1:8083] onStateChange(GET{uri=/userLocation?userId=b1076bf9-2def-4702-bbdd-cbd60c129159, connection=PooledConnection{channel=[id: 0xf6a1e568, L:/127.0.0.1:50619 - R:localhost/127.0.0.1:8083]}}, [response_received])
10:13:38.913 [reactor-http-nio-2] DEBUG org.springframework.web.reactive.function.client.ExchangeFunctions - [6f143efc] Response 200 OK
10:13:38.913 [reactor-http-nio-2] DEBUG reactor.netty.channel.FluxReceive - [id: 0xf6a1e568, L:/127.0.0.1:50619 - R:localhost/127.0.0.1:8083] Subscribing inbound receiver [pending: 0, cancelled:false, inboundDone: false]
10:13:38.914 [reactor-http-nio-2] DEBUG reactor.netty.http.client.HttpClientOperations - [id: 0xf6a1e568, L:/127.0.0.1:50619 - R:localhost/127.0.0.1:8083] Received last HTTP packet
10:13:38.914 [reactor-http-nio-2] DEBUG org.springframework.core.codec.StringDecoder - [6f143efc] Decoded "{"userId":"b1076bf9-2def-4702-bbdd-cbd60c129159","location":{"longitude":-68.89119,"latitude":27.35 (truncated)...
10:13:38.914 [reactor-http-nio-2] DEBUG reactor.netty.resources.PooledConnectionProvider - [id: 0xf6a1e568, L:/127.0.0.1:50619 - R:localhost/127.0.0.1:8083] onStateChange(GET{uri=/userLocation?userId=b1076bf9-2def-4702-bbdd-cbd60c129159, connection=PooledConnection{channel=[id: 0xf6a1e568, L:/127.0.0.1:50619 - R:localhost/127.0.0.1:8083]}}, [disconnecting])
10:13:38.914 [reactor-http-nio-2] DEBUG reactor.netty.resources.PooledConnectionProvider - [id: 0xf6a1e568, L:/127.0.0.1:50619 - R:localhost/127.0.0.1:8083] Releasing channel
10:13:38.914 [reactor-http-nio-2] DEBUG reactor.netty.resources.PooledConnectionProvider - [id: 0xf6a1e568, L:/127.0.0.1:50619 - R:localhost/127.0.0.1:8083] Channel cleaned, now 23 active connections and 7 inactive connections
10:13:38.915 [reactor-http-nio-4] DEBUG reactor.netty.resources.PooledConnectionProvider - [id: 0xffcbc3fa, L:/127.0.0.1:50617 - R:localhost/127.0.0.1:8083] onStateChange(GET{uri=/userLocation?userId=d249f6c6-8d41-427e-9820-1984b10eda2d, connection=PooledConnection{channel=[id: 0xffcbc3fa, L:/127.0.0.1:50617 - R:localhost/127.0.0.1:8083]}}, [request_sent])
10:13:38.943 [reactor-http-nio-1] DEBUG reactor.netty.http.client.HttpClientOperations - [id: 0x5dcee25b, L:/127.0.0.1:50620 - R:localhost/127.0.0.1:8083] Received response (auto-read:false) : [Content-Type=application/json, Transfer-Encoding=chunked, Date=Tue, 07 Jun 2022 09:13:38 GMT]
10:13:38.943 [reactor-http-nio-3] DEBUG reactor.netty.http.client.HttpClientOperations - [id: 0xd9faa4fe, L:/127.0.0.1:50640 - R:localhost/127.0.0.1:8083] Received response (auto-read:false) : [Content-Type=application/json, Transfer-Encoding=chunked, Date=Tue, 07 Jun 2022 09:13:38 GMT]
10:13:38.944 [reactor-http-nio-1] DEBUG reactor.netty.resources.PooledConnectionProvider - [id: 0x5dcee25b, L:/127.0.0.1:50620 - R:localhost/127.0.0.1:8083] onStateChange(GET{uri=/userLocation?userId=cef76596-3a72-44c5-b51f-681b89b8e87c, connection=PooledConnection{channel=[id: 0x5dcee25b, L:/127.0.0.1:50620 - R:localhost/127.0.0.1:8083]}}, [response_received])
10:13:38.944 [reactor-http-nio-3] DEBUG reactor.netty.resources.PooledConnectionProvider - [id: 0xd9faa4fe, L:/127.0.0.1:50640 - R:localhost/127.0.0.1:8083] onStateChange(GET{uri=/userLocation?userId=f4d9ccfa-ab36-48b3-b28e-50297c0c31ef, connection=PooledConnection{channel=[id: 0xd9faa4fe, L:/127.0.0.1:50640 - R:localhost/127.0.0.1:8083]}}, [response_received])
10:13:38.944 [reactor-http-nio-1] DEBUG org.springframework.web.reactive.function.client.ExchangeFunctions - [5c7c1002] Response 200 OK
10:13:38.944 [reactor-http-nio-3] DEBUG org.springframework.web.reactive.function.client.ExchangeFunctions - [2a5e41c5] Response 200 OK
10:13:38.944 [reactor-http-nio-1] DEBUG reactor.netty.channel.FluxReceive - [id: 0x5dcee25b, L:/127.0.0.1:50620 - R:localhost/127.0.0.1:8083] Subscribing inbound receiver [pending: 0, cancelled:false, inboundDone: false]
10:13:38.944 [reactor-http-nio-3] DEBUG reactor.netty.channel.FluxReceive - [id: 0xd9faa4fe, L:/127.0.0.1:50640 - R:localhost/127.0.0.1:8083] Subscribing inbound receiver [pending: 0, cancelled:false, inboundDone: false]
10:13:38.944 [reactor-http-nio-3] DEBUG reactor.netty.http.client.HttpClientOperations - [id: 0xd9faa4fe, L:/127.0.0.1:50640 - R:localhost/127.0.0.1:8083] Received last HTTP packet
10:13:38.944 [reactor-http-nio-1] DEBUG reactor.netty.http.client.HttpClientOperations - [id: 0x5dcee25b, L:/127.0.0.1:50620 - R:localhost/127.0.0.1:8083] Received last HTTP packet
10:13:38.945 [reactor-http-nio-1] DEBUG org.springframework.core.codec.StringDecoder - [5c7c1002] Decoded "{"userId":"cef76596-3a72-44c5-b51f-681b89b8e87c","location":{"longitude":20.473514,"latitude":-69.8 (truncated)...
10:13:38.945 [reactor-http-nio-3] DEBUG org.springframework.core.codec.StringDecoder - [2a5e41c5] Decoded "{"userId":"f4d9ccfa-ab36-48b3-b28e-50297c0c31ef","location":{"longitude":57.460806,"latitude":-51.7 (truncated)...
10:13:38.945 [reactor-http-nio-1] DEBUG reactor.netty.resources.PooledConnectionProvider - [id: 0x5dcee25b, L:/127.0.0.1:50620 - R:localhost/127.0.0.1:8083] onStateChange(GET{uri=/userLocation?userId=cef76596-3a72-44c5-b51f-681b89b8e87c, connection=PooledConnection{channel=[id: 0x5dcee25b, L:/127.0.0.1:50620 - R:localhost/127.0.0.1:8083]}}, [disconnecting])
10:13:38.945 [reactor-http-nio-3] DEBUG reactor.netty.resources.PooledConnectionProvider - [id: 0xd9faa4fe, L:/127.0.0.1:50640 - R:localhost/127.0.0.1:8083] onStateChange(GET{uri=/userLocation?userId=f4d9ccfa-ab36-48b3-b28e-50297c0c31ef, connection=PooledConnection{channel=[id: 0xd9faa4fe, L:/127.0.0.1:50640 - R:localhost/127.0.0.1:8083]}}, [disconnecting])
10:13:38.945 [reactor-http-nio-1] DEBUG reactor.netty.resources.PooledConnectionProvider - [id: 0x5dcee25b, L:/127.0.0.1:50620 - R:localhost/127.0.0.1:8083] Releasing channel
10:13:38.945 [reactor-http-nio-3] DEBUG reactor.netty.resources.PooledConnectionProvider - [id: 0xd9faa4fe, L:/127.0.0.1:50640 - R:localhost/127.0.0.1:8083] Releasing channel
10:13:38.945 [reactor-http-nio-3] DEBUG reactor.netty.resources.PooledConnectionProvider - [id: 0xd9faa4fe, L:/127.0.0.1:50640 - R:localhost/127.0.0.1:8083] Channel cleaned, now 21 active connections and 9 inactive connections
10:13:38.945 [reactor-http-nio-1] DEBUG reactor.netty.resources.PooledConnectionProvider - [id: 0x5dcee25b, L:/127.0.0.1:50620 - R:localhost/127.0.0.1:8083] Channel cleaned, now 21 active connections and 9 inactive connections
10:13:38.945 [reactor-http-nio-2] DEBUG reactor.netty.http.client.HttpClientOperations - [id: 0x7da5620d, L:/127.0.0.1:50618 - R:localhost/127.0.0.1:8083] Received response (auto-read:false) : [Content-Type=application/json, Transfer-Encoding=chunked, Date=Tue, 07 Jun 2022 09:13:38 GMT]
10:13:38.945 [reactor-http-nio-2] DEBUG reactor.netty.resources.PooledConnectionProvider - [id: 0x7da5620d, L:/127.0.0.1:50618 - R:localhost/127.0.0.1:8083] onStateChange(GET{uri=/attractions, connection=PooledConnection{channel=[id: 0x7da5620d, L:/127.0.0.1:50618 - R:localhost/127.0.0.1:8083]}}, [response_received])
10:13:38.945 [reactor-http-nio-1] DEBUG reactor.netty.http.client.HttpClientOperations - [id: 0xc90edc5e, L:/127.0.0.1:50630 - R:localhost/127.0.0.1:8083] Received response (auto-read:false) : [Content-Type=application/json, Transfer-Encoding=chunked, Date=Tue, 07 Jun 2022 09:13:38 GMT]
10:13:38.945 [reactor-http-nio-1] DEBUG reactor.netty.resources.PooledConnectionProvider - [id: 0xc90edc5e, L:/127.0.0.1:50630 - R:localhost/127.0.0.1:8083] onStateChange(GET{uri=/userLocation?userId=e36769bb-6e12-474c-b902-73c6e05ac50d, connection=PooledConnection{channel=[id: 0xc90edc5e, L:/127.0.0.1:50630 - R:localhost/127.0.0.1:8083]}}, [response_received])
10:13:38.945 [reactor-http-nio-2] DEBUG org.springframework.web.reactive.function.client.ExchangeFunctions - [7e6cd1fd] Response 200 OK
10:13:38.946 [reactor-http-nio-1] DEBUG org.springframework.web.reactive.function.client.ExchangeFunctions - [6db8b6b3] Response 200 OK
10:13:38.946 [reactor-http-nio-1] DEBUG reactor.netty.channel.FluxReceive - [id: 0xc90edc5e, L:/127.0.0.1:50630 - R:localhost/127.0.0.1:8083] Subscribing inbound receiver [pending: 0, cancelled:false, inboundDone: false]
10:13:38.946 [reactor-http-nio-4] DEBUG reactor.netty.http.client.HttpClientOperations - [id: 0x3846aaec, L:/127.0.0.1:50621 - R:localhost/127.0.0.1:8083] Received response (auto-read:false) : [Content-Type=application/json, Transfer-Encoding=chunked, Date=Tue, 07 Jun 2022 09:13:38 GMT]
10:13:38.946 [reactor-http-nio-1] DEBUG reactor.netty.http.client.HttpClientOperations - [id: 0xc90edc5e, L:/127.0.0.1:50630 - R:localhost/127.0.0.1:8083] Received last HTTP packet
10:13:38.946 [reactor-http-nio-4] DEBUG reactor.netty.resources.PooledConnectionProvider - [id: 0x3846aaec, L:/127.0.0.1:50621 - R:localhost/127.0.0.1:8083] onStateChange(GET{uri=/attractions, connection=PooledConnection{channel=[id: 0x3846aaec, L:/127.0.0.1:50621 - R:localhost/127.0.0.1:8083]}}, [response_received])
10:13:38.946 [reactor-http-nio-4] DEBUG org.springframework.web.reactive.function.client.ExchangeFunctions - [566164c8] Response 200 OK
10:13:38.946 [reactor-http-nio-1] DEBUG org.springframework.core.codec.StringDecoder - [6db8b6b3] Decoded "{"userId":"e36769bb-6e12-474c-b902-73c6e05ac50d","location":{"longitude":82.976538,"latitude":-25.5 (truncated)...
10:13:38.946 [reactor-http-nio-1] DEBUG reactor.netty.resources.PooledConnectionProvider - [id: 0xc90edc5e, L:/127.0.0.1:50630 - R:localhost/127.0.0.1:8083] onStateChange(GET{uri=/userLocation?userId=e36769bb-6e12-474c-b902-73c6e05ac50d, connection=PooledConnection{channel=[id: 0xc90edc5e, L:/127.0.0.1:50630 - R:localhost/127.0.0.1:8083]}}, [disconnecting])
10:13:38.947 [reactor-http-nio-1] DEBUG reactor.netty.resources.PooledConnectionProvider - [id: 0xc90edc5e, L:/127.0.0.1:50630 - R:localhost/127.0.0.1:8083] Releasing channel
10:13:38.947 [reactor-http-nio-1] DEBUG reactor.netty.resources.PooledConnectionProvider - [id: 0xc90edc5e, L:/127.0.0.1:50630 - R:localhost/127.0.0.1:8083] Channel cleaned, now 20 active connections and 10 inactive connections
10:13:38.947 [reactor-http-nio-4] DEBUG reactor.netty.channel.FluxReceive - [id: 0x3846aaec, L:/127.0.0.1:50621 - R:localhost/127.0.0.1:8083] Subscribing inbound receiver [pending: 0, cancelled:false, inboundDone: false]
10:13:38.947 [reactor-http-nio-1] DEBUG reactor.netty.http.client.HttpClientOperations - [id: 0x8ed49f05, L:/127.0.0.1:50631 - R:localhost/127.0.0.1:8083] Received response (auto-read:false) : [Content-Type=application/json, Transfer-Encoding=chunked, Date=Tue, 07 Jun 2022 09:13:38 GMT]
10:13:38.947 [reactor-http-nio-1] DEBUG reactor.netty.resources.PooledConnectionProvider - [id: 0x8ed49f05, L:/127.0.0.1:50631 - R:localhost/127.0.0.1:8083] onStateChange(GET{uri=/userLocation?userId=46135697-c068-445c-931e-2093ba0049c3, connection=PooledConnection{channel=[id: 0x8ed49f05, L:/127.0.0.1:50631 - R:localhost/127.0.0.1:8083]}}, [response_received])
10:13:38.948 [reactor-http-nio-1] DEBUG org.springframework.web.reactive.function.client.ExchangeFunctions - [192c9b06] Response 200 OK
10:13:38.948 [reactor-http-nio-1] DEBUG reactor.netty.channel.FluxReceive - [id: 0x8ed49f05, L:/127.0.0.1:50631 - R:localhost/127.0.0.1:8083] Subscribing inbound receiver [pending: 0, cancelled:false, inboundDone: false]
10:13:38.948 [pool-4-thread-30] DEBUG org.springframework.web.reactive.function.client.ExchangeFunctions - [793e9837] HTTP GET http://localhost:8083/userLocation?userId=21cb9875-20f4-4b66-a72c-aea10db5b166
10:13:38.948 [reactor-http-nio-1] DEBUG reactor.netty.http.client.HttpClientOperations - [id: 0x8ed49f05, L:/127.0.0.1:50631 - R:localhost/127.0.0.1:8083] Received last HTTP packet
10:13:38.948 [reactor-http-nio-1] DEBUG org.springframework.core.codec.StringDecoder - [192c9b06] Decoded "{"userId":"46135697-c068-445c-931e-2093ba0049c3","location":{"longitude":27.853475,"latitude":-17.2 (truncated)...
10:13:38.949 [reactor-http-nio-1] DEBUG reactor.netty.resources.PooledConnectionProvider - [id: 0x8ed49f05, L:/127.0.0.1:50631 - R:localhost/127.0.0.1:8083] onStateChange(GET{uri=/userLocation?userId=46135697-c068-445c-931e-2093ba0049c3, connection=PooledConnection{channel=[id: 0x8ed49f05, L:/127.0.0.1:50631 - R:localhost/127.0.0.1:8083]}}, [disconnecting])
10:13:38.949 [reactor-http-nio-1] DEBUG reactor.netty.resources.PooledConnectionProvider - [id: 0x8ed49f05, L:/127.0.0.1:50631 - R:localhost/127.0.0.1:8083] Releasing channel
10:13:38.949 [reactor-http-nio-1] DEBUG reactor.netty.resources.PooledConnectionProvider - [id: 0x8ed49f05, L:/127.0.0.1:50631 - R:localhost/127.0.0.1:8083] Channel cleaned, now 19 active connections and 11 inactive connections
10:13:38.949 [reactor-http-nio-4] DEBUG reactor.netty.http.client.HttpClientOperations - [id: 0x3846aaec, L:/127.0.0.1:50621 - R:localhost/127.0.0.1:8083] Received last HTTP packet
10:13:38.950 [pool-4-thread-31] DEBUG org.springframework.web.reactive.function.client.ExchangeFunctions - [32bb3c35] HTTP GET http://localhost:8083/userLocation?userId=982ca511-b99a-4cea-8b42-29a3306898be
10:13:38.950 [pool-4-thread-11] DEBUG org.springframework.web.reactive.function.client.ExchangeFunctions - [61d3cd6e] HTTP GET http://localhost:8083/attractions
10:13:38.950 [pool-4-thread-32] DEBUG org.springframework.web.reactive.function.client.ExchangeFunctions - [525d05a4] HTTP GET http://localhost:8083/userLocation?userId=cdcce6f7-057d-4e77-bc6d-962d6d1cc06c
10:13:38.952 [pool-4-thread-33] DEBUG org.springframework.web.reactive.function.client.ExchangeFunctions - [7aaf9bd1] HTTP GET http://localhost:8083/userLocation?userId=7f76991c-b973-4ed4-95d7-dc4bc47210fc
10:13:38.952 [pool-4-thread-34] DEBUG org.springframework.web.reactive.function.client.ExchangeFunctions - [6298b392] HTTP GET http://localhost:8083/userLocation?userId=5764eae9-718e-4621-bfc6-6bbddbcc01c4
10:13:38.953 [pool-4-thread-35] DEBUG org.springframework.web.reactive.function.client.ExchangeFunctions - [492fc6a7] HTTP GET http://localhost:8083/userLocation?userId=28570b88-391c-43d3-a9be-2f876d2554f7
10:13:38.953 [pool-4-thread-37] DEBUG org.springframework.web.reactive.function.client.ExchangeFunctions - [2c0b2070] HTTP GET http://localhost:8083/userLocation?userId=96191adb-4297-47e0-b8a2-a371c1a03e56
10:13:38.954 [pool-4-thread-38] DEBUG org.springframework.web.reactive.function.client.ExchangeFunctions - [2c209053] HTTP GET http://localhost:8083/userLocation?userId=531b4a63-da9e-4917-9612-3a733479ef75
10:13:38.954 [reactor-http-nio-1] DEBUG reactor.netty.resources.PooledConnectionProvider - [id: 0x5dcee25b, L:/127.0.0.1:50620 - R:localhost/127.0.0.1:8083] Channel acquired, now 20 active connections and 10 inactive connections
10:13:38.954 [reactor-http-nio-1] DEBUG reactor.netty.http.client.HttpClientConnect - [id: 0x5dcee25b, L:/127.0.0.1:50620 - R:localhost/127.0.0.1:8083] Handler is being applied: {uri=http://localhost:8083/userLocation?userId=531b4a63-da9e-4917-9612-3a733479ef75, method=GET}
10:13:38.955 [pool-4-thread-40] DEBUG org.springframework.web.reactive.function.client.ExchangeFunctions - [de068c3] HTTP GET http://localhost:8083/userLocation?userId=490b5c4b-f002-469a-9390-3a7503da2cd7
10:13:38.956 [reactor-http-nio-1] DEBUG reactor.netty.resources.PooledConnectionProvider - [id: 0x5dcee25b, L:/127.0.0.1:50620 - R:localhost/127.0.0.1:8083] onStateChange(GET{uri=/userLocation?userId=531b4a63-da9e-4917-9612-3a733479ef75, connection=PooledConnection{channel=[id: 0x5dcee25b, L:/127.0.0.1:50620 - R:localhost/127.0.0.1:8083]}}, [request_sent])
10:13:38.956 [pool-4-thread-41] DEBUG org.springframework.web.reactive.function.client.ExchangeFunctions - [5536040e] HTTP GET http://localhost:8083/userLocation?userId=c5d3e050-b51e-4c9d-9f7e-ddf17f596f11
10:13:38.957 [pool-4-thread-39] DEBUG org.springframework.web.reactive.function.client.ExchangeFunctions - [27095626] HTTP GET http://localhost:8083/userLocation?userId=077a2d9a-3cd9-4e9e-bb9d-0e2531bfdfb1
10:13:38.958 [reactor-http-nio-1] DEBUG reactor.netty.resources.PooledConnectionProvider - [id: 0xec1f4ce8] Created new pooled channel, now 20 active connections and 11 inactive connections
10:13:38.958 [reactor-http-nio-1] DEBUG reactor.netty.channel.BootstrapHandlers - [id: 0xec1f4ce8] Initialized pipeline DefaultChannelPipeline{(BootstrapHandlers$BootstrapInitializerHandler#0 = reactor.netty.channel.BootstrapHandlers$BootstrapInitializerHandler), (SimpleChannelPool$1#0 = io.netty.channel.pool.SimpleChannelPool$1), (reactor.left.httpCodec = io.netty.handler.codec.http.HttpClientCodec), (reactor.left.decompressor = io.netty.handler.codec.http.HttpContentDecompressor), (reactor.right.reactiveBridge = reactor.netty.channel.ChannelOperationsHandler)}
10:13:38.958 [reactor-http-nio-1] DEBUG reactor.netty.resources.PooledConnectionProvider - [id: 0x8ed49f05, L:/127.0.0.1:50631 - R:localhost/127.0.0.1:8083] Channel acquired, now 21 active connections and 10 inactive connections
10:13:38.958 [reactor-http-nio-1] DEBUG reactor.netty.http.client.HttpClientConnect - [id: 0x8ed49f05, L:/127.0.0.1:50631 - R:localhost/127.0.0.1:8083] Handler is being applied: {uri=http://localhost:8083/userLocation?userId=c5d3e050-b51e-4c9d-9f7e-ddf17f596f11, method=GET}
10:13:38.958 [pool-4-thread-42] DEBUG org.springframework.web.reactive.function.client.ExchangeFunctions - [385ba8c9] HTTP GET http://localhost:8083/userLocation?userId=adf5dd55-cc3b-4760-85c5-6ea9ac9bc664
10:13:38.958 [pool-4-thread-43] DEBUG org.springframework.web.reactive.function.client.ExchangeFunctions - [148002fd] HTTP GET http://localhost:8083/userLocation?userId=5d180488-7b6e-47b1-92a9-fc0ad842b792
10:13:38.959 [reactor-http-nio-1] DEBUG reactor.netty.resources.PooledConnectionProvider - [id: 0x8ed49f05, L:/127.0.0.1:50631 - R:localhost/127.0.0.1:8083] onStateChange(GET{uri=/userLocation?userId=c5d3e050-b51e-4c9d-9f7e-ddf17f596f11, connection=PooledConnection{channel=[id: 0x8ed49f05, L:/127.0.0.1:50631 - R:localhost/127.0.0.1:8083]}}, [request_sent])
10:13:38.960 [reactor-http-nio-1] DEBUG reactor.netty.resources.PooledConnectionProvider - [id: 0x51cedde0] Created new pooled channel, now 21 active connections and 11 inactive connections
10:13:38.960 [reactor-http-nio-1] DEBUG reactor.netty.channel.BootstrapHandlers - [id: 0x51cedde0] Initialized pipeline DefaultChannelPipeline{(BootstrapHandlers$BootstrapInitializerHandler#0 = reactor.netty.channel.BootstrapHandlers$BootstrapInitializerHandler), (SimpleChannelPool$1#0 = io.netty.channel.pool.SimpleChannelPool$1), (reactor.left.httpCodec = io.netty.handler.codec.http.HttpClientCodec), (reactor.left.decompressor = io.netty.handler.codec.http.HttpContentDecompressor), (reactor.right.reactiveBridge = reactor.netty.channel.ChannelOperationsHandler)}
10:13:38.960 [pool-4-thread-46] DEBUG org.springframework.web.reactive.function.client.ExchangeFunctions - [6b60bc1c] HTTP GET http://localhost:8083/userLocation?userId=0aa01fa4-ed2c-4ead-b5bc-eed32e7bfd0c
10:13:38.961 [reactor-http-nio-1] DEBUG reactor.netty.resources.PooledConnectionProvider - [id: 0xec1f4ce8, L:/127.0.0.1:50641 - R:localhost/127.0.0.1:8083] onStateChange(PooledConnection{channel=[id: 0xec1f4ce8, L:/127.0.0.1:50641 - R:localhost/127.0.0.1:8083]}, [connected])
10:13:38.962 [reactor-http-nio-1] DEBUG reactor.netty.resources.PooledConnectionProvider - [id: 0xec1f4ce8, L:/127.0.0.1:50641 - R:localhost/127.0.0.1:8083] onStateChange(GET{uri=/, connection=PooledConnection{channel=[id: 0xec1f4ce8, L:/127.0.0.1:50641 - R:localhost/127.0.0.1:8083]}}, [configured])
10:13:38.962 [pool-4-thread-45] DEBUG org.springframework.web.reactive.function.client.ExchangeFunctions - [3173874b] HTTP GET http://localhost:8083/userLocation?userId=037d3fe1-a57f-4a9b-b2d2-da302b0966ea
10:13:38.962 [reactor-http-nio-1] DEBUG reactor.netty.resources.PooledConnectionProvider - [id: 0x51cedde0, L:/127.0.0.1:50642 - R:localhost/127.0.0.1:8083] onStateChange(PooledConnection{channel=[id: 0x51cedde0, L:/127.0.0.1:50642 - R:localhost/127.0.0.1:8083]}, [connected])
10:13:38.962 [reactor-http-nio-1] DEBUG reactor.netty.resources.PooledConnectionProvider - [id: 0x51cedde0, L:/127.0.0.1:50642 - R:localhost/127.0.0.1:8083] onStateChange(GET{uri=/, connection=PooledConnection{channel=[id: 0x51cedde0, L:/127.0.0.1:50642 - R:localhost/127.0.0.1:8083]}}, [configured])
10:13:38.963 [pool-4-thread-50] DEBUG org.springframework.web.reactive.function.client.ExchangeFunctions - [61cead0e] HTTP GET http://localhost:8083/userLocation?userId=3630ace2-8af0-45e6-93d3-7f4f8966549a
10:13:38.963 [pool-4-thread-52] DEBUG org.springframework.web.reactive.function.client.ExchangeFunctions - [101dca54] HTTP GET http://localhost:8083/userLocation?userId=f5a88ae5-64b3-477d-b740-6bd470bcd0a1
10:13:38.964 [reactor-http-nio-1] DEBUG reactor.netty.resources.PooledConnectionProvider - [id: 0x895d9623] Created new pooled channel, now 21 active connections and 13 inactive connections
10:13:38.964 [reactor-http-nio-1] DEBUG reactor.netty.channel.BootstrapHandlers - [id: 0x895d9623] Initialized pipeline DefaultChannelPipeline{(BootstrapHandlers$BootstrapInitializerHandler#0 = reactor.netty.channel.BootstrapHandlers$BootstrapInitializerHandler), (SimpleChannelPool$1#0 = io.netty.channel.pool.SimpleChannelPool$1), (reactor.left.httpCodec = io.netty.handler.codec.http.HttpClientCodec), (reactor.left.decompressor = io.netty.handler.codec.http.HttpContentDecompressor), (reactor.right.reactiveBridge = reactor.netty.channel.ChannelOperationsHandler)}
10:13:38.964 [pool-4-thread-55] DEBUG org.springframework.web.reactive.function.client.ExchangeFunctions - [393ced30] HTTP GET http://localhost:8083/userLocation?userId=0032fa06-9bfa-4b8a-ba9c-06d0b19a644e
10:13:38.965 [reactor-http-nio-1] DEBUG reactor.netty.resources.PooledConnectionProvider - [id: 0x895d9623, L:/127.0.0.1:50643 - R:localhost/127.0.0.1:8083] onStateChange(PooledConnection{channel=[id: 0x895d9623, L:/127.0.0.1:50643 - R:localhost/127.0.0.1:8083]}, [connected])
10:13:38.965 [reactor-http-nio-1] DEBUG reactor.netty.resources.PooledConnectionProvider - [id: 0x895d9623, L:/127.0.0.1:50643 - R:localhost/127.0.0.1:8083] onStateChange(GET{uri=/, connection=PooledConnection{channel=[id: 0x895d9623, L:/127.0.0.1:50643 - R:localhost/127.0.0.1:8083]}}, [configured])
10:13:38.965 [reactor-http-nio-1] DEBUG reactor.netty.resources.PooledConnectionProvider - [id: 0xb12e3ff3] Created new pooled channel, now 21 active connections and 14 inactive connections
10:13:38.966 [reactor-http-nio-1] DEBUG reactor.netty.channel.BootstrapHandlers - [id: 0xb12e3ff3] Initialized pipeline DefaultChannelPipeline{(BootstrapHandlers$BootstrapInitializerHandler#0 = reactor.netty.channel.BootstrapHandlers$BootstrapInitializerHandler), (SimpleChannelPool$1#0 = io.netty.channel.pool.SimpleChannelPool$1), (reactor.left.httpCodec = io.netty.handler.codec.http.HttpClientCodec), (reactor.left.decompressor = io.netty.handler.codec.http.HttpContentDecompressor), (reactor.right.reactiveBridge = reactor.netty.channel.ChannelOperationsHandler)}
10:13:38.966 [pool-4-thread-57] DEBUG org.springframework.web.reactive.function.client.ExchangeFunctions - [40b59304] HTTP GET http://localhost:8083/userLocation?userId=bfc8a13d-653a-4987-9d36-1a3644ceb2a7
10:13:38.967 [reactor-http-nio-1] DEBUG reactor.netty.resources.PooledConnectionProvider - [id: 0xb12e3ff3, L:/127.0.0.1:50644 - R:localhost/127.0.0.1:8083] onStateChange(PooledConnection{channel=[id: 0xb12e3ff3, L:/127.0.0.1:50644 - R:localhost/127.0.0.1:8083]}, [connected])
10:13:38.967 [reactor-http-nio-1] DEBUG reactor.netty.resources.PooledConnectionProvider - [id: 0xb12e3ff3, L:/127.0.0.1:50644 - R:localhost/127.0.0.1:8083] onStateChange(GET{uri=/, connection=PooledConnection{channel=[id: 0xb12e3ff3, L:/127.0.0.1:50644 - R:localhost/127.0.0.1:8083]}}, [configured])
10:13:38.967 [pool-4-thread-59] DEBUG org.springframework.web.reactive.function.client.ExchangeFunctions - [72e8c19a] HTTP GET http://localhost:8083/userLocation?userId=33ae5fb2-8b8d-40a1-84cc-844dbfc032a0
10:13:38.969 [pool-4-thread-63] DEBUG org.springframework.web.reactive.function.client.ExchangeFunctions - [2f704208] HTTP GET http://localhost:8083/userLocation?userId=aa55f962-0d22-4923-a16f-96149a00f132
10:13:38.969 [pool-4-thread-65] DEBUG org.springframework.web.reactive.function.client.ExchangeFunctions - [5337b21e] HTTP GET http://localhost:8083/userLocation?userId=96b73c78-647b-4276-8ec1-5cd908cc7e6a
10:13:38.969 [reactor-http-nio-1] DEBUG reactor.netty.resources.PooledConnectionProvider - [id: 0xea840478] Created new pooled channel, now 21 active connections and 15 inactive connections
10:13:38.969 [reactor-http-nio-1] DEBUG reactor.netty.channel.BootstrapHandlers - [id: 0xea840478] Initialized pipeline DefaultChannelPipeline{(BootstrapHandlers$BootstrapInitializerHandler#0 = reactor.netty.channel.BootstrapHandlers$BootstrapInitializerHandler), (SimpleChannelPool$1#0 = io.netty.channel.pool.SimpleChannelPool$1), (reactor.left.httpCodec = io.netty.handler.codec.http.HttpClientCodec), (reactor.left.decompressor = io.netty.handler.codec.http.HttpContentDecompressor), (reactor.right.reactiveBridge = reactor.netty.channel.ChannelOperationsHandler)}
10:13:38.970 [pool-4-thread-66] DEBUG org.springframework.web.reactive.function.client.ExchangeFunctions - [6c3bc59c] HTTP GET http://localhost:8083/userLocation?userId=9fd2fe7a-aaa6-4229-b7ee-052225a77f0a
10:13:38.971 [reactor-http-nio-1] DEBUG reactor.netty.resources.PooledConnectionProvider - [id: 0xea840478, L:/127.0.0.1:50645 - R:localhost/127.0.0.1:8083] onStateChange(PooledConnection{channel=[id: 0xea840478, L:/127.0.0.1:50645 - R:localhost/127.0.0.1:8083]}, [connected])
10:13:38.971 [reactor-http-nio-1] DEBUG reactor.netty.resources.PooledConnectionProvider - [id: 0xea840478, L:/127.0.0.1:50645 - R:localhost/127.0.0.1:8083] onStateChange(GET{uri=/, connection=PooledConnection{channel=[id: 0xea840478, L:/127.0.0.1:50645 - R:localhost/127.0.0.1:8083]}}, [configured])
10:13:38.971 [pool-4-thread-68] DEBUG org.springframework.web.reactive.function.client.ExchangeFunctions - [679397a4] HTTP GET http://localhost:8083/userLocation?userId=25b7a900-d32d-465e-8c04-ac564f32efed
10:13:38.972 [pool-4-thread-67] DEBUG org.springframework.web.reactive.function.client.ExchangeFunctions - [74034069] HTTP GET http://localhost:8083/userLocation?userId=2f0c514d-6471-49ae-96c2-62abe42be9f6
10:13:38.972 [pool-4-thread-70] DEBUG org.springframework.web.reactive.function.client.ExchangeFunctions - [cd0c7b] HTTP GET http://localhost:8083/userLocation?userId=91533ac2-6de4-4af1-88ec-062e8d2e8874
10:13:38.972 [pool-4-thread-72] DEBUG org.springframework.web.reactive.function.client.ExchangeFunctions - [5651a738] HTTP GET http://localhost:8083/userLocation?userId=bedd92a8-2a89-46f4-8fc9-d97fc6aaacd1
10:13:38.973 [pool-4-thread-73] DEBUG org.springframework.web.reactive.function.client.ExchangeFunctions - [65a7e444] HTTP GET http://localhost:8083/userLocation?userId=9dc56f5c-fe02-41ae-b410-4a32a37cda45
10:13:38.974 [pool-4-thread-75] DEBUG org.springframework.web.reactive.function.client.ExchangeFunctions - [294a4ec5] HTTP GET http://localhost:8083/userLocation?userId=42cd22ee-5d25-4154-86bc-6a33c758406f
10:13:38.974 [pool-4-thread-78] DEBUG org.springframework.web.reactive.function.client.ExchangeFunctions - [1f86d778] HTTP GET http://localhost:8083/userLocation?userId=82e2c9d7-cbd9-4132-90fe-5ed9f9bbee63
10:13:38.975 [pool-4-thread-79] DEBUG org.springframework.web.reactive.function.client.ExchangeFunctions - [5c773610] HTTP GET http://localhost:8083/userLocation?userId=5df5b46a-2e08-4184-abcf-b22f789a2f21
10:13:38.975 [pool-4-thread-81] DEBUG org.springframework.web.reactive.function.client.ExchangeFunctions - [4e9362d6] HTTP GET http://localhost:8083/userLocation?userId=e2c142d7-241b-4ae7-9baf-083abe70f24d
10:13:38.976 [pool-4-thread-82] DEBUG org.springframework.web.reactive.function.client.ExchangeFunctions - [11e7745b] HTTP GET http://localhost:8083/userLocation?userId=de147d6d-3a03-45b7-a3bd-82a4ade78756
10:13:38.977 [pool-4-thread-85] DEBUG org.springframework.web.reactive.function.client.ExchangeFunctions - [150bdf31] HTTP GET http://localhost:8083/userLocation?userId=d0c40cb2-9271-4410-99f1-5ba3bd4e3461
10:13:38.977 [pool-4-thread-84] DEBUG org.springframework.web.reactive.function.client.ExchangeFunctions - [35da479d] HTTP GET http://localhost:8083/userLocation?userId=067f6b23-ff17-49bf-8045-f969f858b780
10:13:38.978 [reactor-http-nio-1] DEBUG reactor.netty.resources.PooledConnectionProvider - [id: 0x91102b11] Created new pooled channel, now 21 active connections and 16 inactive connections
10:13:38.978 [reactor-http-nio-1] DEBUG reactor.netty.channel.BootstrapHandlers - [id: 0x91102b11] Initialized pipeline DefaultChannelPipeline{(BootstrapHandlers$BootstrapInitializerHandler#0 = reactor.netty.channel.BootstrapHandlers$BootstrapInitializerHandler), (SimpleChannelPool$1#0 = io.netty.channel.pool.SimpleChannelPool$1), (reactor.left.httpCodec = io.netty.handler.codec.http.HttpClientCodec), (reactor.left.decompressor = io.netty.handler.codec.http.HttpContentDecompressor), (reactor.right.reactiveBridge = reactor.netty.channel.ChannelOperationsHandler)}
10:13:38.979 [pool-4-thread-88] DEBUG org.springframework.web.reactive.function.client.ExchangeFunctions - [652df72c] HTTP GET http://localhost:8083/userLocation?userId=11d26981-c461-4f0e-a292-f9e265c405d3
10:13:38.979 [pool-4-thread-87] DEBUG org.springframework.web.reactive.function.client.ExchangeFunctions - [5613a15f] HTTP GET http://localhost:8083/userLocation?userId=d1d8f505-5ba2-4242-8651-e368b7021794
10:13:38.979 [reactor-http-nio-1] DEBUG reactor.netty.resources.PooledConnectionProvider - [id: 0x91102b11, L:/127.0.0.1:50646 - R:localhost/127.0.0.1:8083] onStateChange(PooledConnection{channel=[id: 0x91102b11, L:/127.0.0.1:50646 - R:localhost/127.0.0.1:8083]}, [connected])
10:13:38.980 [reactor-http-nio-1] DEBUG reactor.netty.resources.PooledConnectionProvider - [id: 0x91102b11, L:/127.0.0.1:50646 - R:localhost/127.0.0.1:8083] onStateChange(GET{uri=/, connection=PooledConnection{channel=[id: 0x91102b11, L:/127.0.0.1:50646 - R:localhost/127.0.0.1:8083]}}, [configured])
10:13:38.980 [reactor-http-nio-1] DEBUG reactor.netty.resources.PooledConnectionProvider - [id: 0xde36731e] Created new pooled channel, now 21 active connections and 17 inactive connections
10:13:38.980 [reactor-http-nio-1] DEBUG reactor.netty.channel.BootstrapHandlers - [id: 0xde36731e] Initialized pipeline DefaultChannelPipeline{(BootstrapHandlers$BootstrapInitializerHandler#0 = reactor.netty.channel.BootstrapHandlers$BootstrapInitializerHandler), (SimpleChannelPool$1#0 = io.netty.channel.pool.SimpleChannelPool$1), (reactor.left.httpCodec = io.netty.handler.codec.http.HttpClientCodec), (reactor.left.decompressor = io.netty.handler.codec.http.HttpContentDecompressor), (reactor.right.reactiveBridge = reactor.netty.channel.ChannelOperationsHandler)}
10:13:38.981 [pool-4-thread-90] DEBUG org.springframework.web.reactive.function.client.ExchangeFunctions - [4d6d45f5] HTTP GET http://localhost:8083/userLocation?userId=9a19c615-386b-4c33-8446-cd163f80ee0b
10:13:38.981 [reactor-http-nio-1] DEBUG reactor.netty.resources.PooledConnectionProvider - [id: 0xde36731e, L:/127.0.0.1:50647 - R:localhost/127.0.0.1:8083] onStateChange(PooledConnection{channel=[id: 0xde36731e, L:/127.0.0.1:50647 - R:localhost/127.0.0.1:8083]}, [connected])
10:13:38.982 [reactor-http-nio-1] DEBUG reactor.netty.resources.PooledConnectionProvider - [id: 0xde36731e, L:/127.0.0.1:50647 - R:localhost/127.0.0.1:8083] onStateChange(GET{uri=/, connection=PooledConnection{channel=[id: 0xde36731e, L:/127.0.0.1:50647 - R:localhost/127.0.0.1:8083]}}, [configured])
10:13:38.982 [pool-4-thread-89] DEBUG org.springframework.web.reactive.function.client.ExchangeFunctions - [28b6060e] HTTP GET http://localhost:8083/userLocation?userId=26b15582-8a26-420f-84db-ca191ddb5594
10:13:38.983 [pool-4-thread-91] DEBUG org.springframework.web.reactive.function.client.ExchangeFunctions - [a3d6c4d] HTTP GET http://localhost:8083/userLocation?userId=93e39cc7-f900-4d03-ac94-752d8561f5aa
10:13:38.983 [pool-4-thread-92] DEBUG org.springframework.web.reactive.function.client.ExchangeFunctions - [6176b890] HTTP GET http://localhost:8083/userLocation?userId=d2164fa2-8cec-4a37-8e84-b20f6d5ddd0c
10:13:38.984 [reactor-http-nio-1] DEBUG reactor.netty.resources.PooledConnectionProvider - [id: 0xb5706181] Created new pooled channel, now 21 active connections and 18 inactive connections
10:13:38.984 [reactor-http-nio-1] DEBUG reactor.netty.channel.BootstrapHandlers - [id: 0xb5706181] Initialized pipeline DefaultChannelPipeline{(BootstrapHandlers$BootstrapInitializerHandler#0 = reactor.netty.channel.BootstrapHandlers$BootstrapInitializerHandler), (SimpleChannelPool$1#0 = io.netty.channel.pool.SimpleChannelPool$1), (reactor.left.httpCodec = io.netty.handler.codec.http.HttpClientCodec), (reactor.left.decompressor = io.netty.handler.codec.http.HttpContentDecompressor), (reactor.right.reactiveBridge = reactor.netty.channel.ChannelOperationsHandler)}
10:13:38.985 [reactor-http-nio-1] DEBUG reactor.netty.resources.PooledConnectionProvider - [id: 0xb5706181, L:/127.0.0.1:50648 - R:localhost/127.0.0.1:8083] onStateChange(PooledConnection{channel=[id: 0xb5706181, L:/127.0.0.1:50648 - R:localhost/127.0.0.1:8083]}, [connected])
10:13:38.985 [reactor-http-nio-1] DEBUG reactor.netty.resources.PooledConnectionProvider - [id: 0xb5706181, L:/127.0.0.1:50648 - R:localhost/127.0.0.1:8083] onStateChange(GET{uri=/, connection=PooledConnection{channel=[id: 0xb5706181, L:/127.0.0.1:50648 - R:localhost/127.0.0.1:8083]}}, [configured])
10:13:38.986 [pool-4-thread-98] DEBUG org.springframework.web.reactive.function.client.ExchangeFunctions - [52ac218] HTTP GET http://localhost:8083/userLocation?userId=ebca1cd6-90a3-4bb0-b551-3ae4503727b4
10:13:38.986 [pool-4-thread-96] DEBUG org.springframework.web.reactive.function.client.ExchangeFunctions - [1f6e8fbf] HTTP GET http://localhost:8083/userLocation?userId=658bd5a9-bdf0-4302-af36-02f44b4487d1
10:13:38.987 [pool-4-thread-97] DEBUG org.springframework.web.reactive.function.client.ExchangeFunctions - [4aee78bc] HTTP GET http://localhost:8083/userLocation?userId=7f6ce6e3-9067-4592-8a32-bd86c99bc90b
10:13:38.988 [pool-4-thread-100] DEBUG org.springframework.web.reactive.function.client.ExchangeFunctions - [11bb8e5b] HTTP GET http://localhost:8083/userLocation?userId=fbda8f75-6913-48fb-923f-85ae5c31df57
10:13:38.976 [pool-4-thread-83] DEBUG org.springframework.web.reactive.function.client.ExchangeFunctions - [1b571d96] HTTP GET http://localhost:8083/userLocation?userId=e8b48aaa-d4bc-45a4-b5c4-0d09ff658761
10:13:38.997 [pool-4-thread-64] DEBUG org.springframework.web.reactive.function.client.ExchangeFunctions - [7b937552] HTTP GET http://localhost:8083/userLocation?userId=a90ca546-787f-43e3-9e39-e78e52f3702f
10:13:38.998 [pool-4-thread-69] DEBUG org.springframework.web.reactive.function.client.ExchangeFunctions - [8d989bf] HTTP GET http://localhost:8083/userLocation?userId=c8067915-3003-4190-9090-8b3eb97c830d
10:13:38.963 [pool-4-thread-51] DEBUG org.springframework.web.reactive.function.client.ExchangeFunctions - [54f481cd] HTTP GET http://localhost:8083/userLocation?userId=6482d15f-f300-41e8-911d-306aae6f0429
10:13:38.963 [pool-4-thread-53] DEBUG org.springframework.web.reactive.function.client.ExchangeFunctions - [65dfd82b] HTTP GET http://localhost:8083/userLocation?userId=db116f68-3dbe-4174-894e-8f05e00fa30c
10:13:38.963 [pool-4-thread-54] DEBUG org.springframework.web.reactive.function.client.ExchangeFunctions - [31843e77] HTTP GET http://localhost:8083/userLocation?userId=f579f27b-8c82-4fbf-baf2-737371089d9a
10:13:38.961 [reactor-http-nio-3] DEBUG reactor.netty.resources.PooledConnectionProvider - [id: 0x3f9a41fc] Created new pooled channel, now 21 active connections and 12 inactive connections
10:13:39.001 [reactor-http-nio-3] DEBUG reactor.netty.channel.BootstrapHandlers - [id: 0x3f9a41fc] Initialized pipeline DefaultChannelPipeline{(BootstrapHandlers$BootstrapInitializerHandler#0 = reactor.netty.channel.BootstrapHandlers$BootstrapInitializerHandler), (SimpleChannelPool$1#0 = io.netty.channel.pool.SimpleChannelPool$1), (reactor.left.httpCodec = io.netty.handler.codec.http.HttpClientCodec), (reactor.left.decompressor = io.netty.handler.codec.http.HttpContentDecompressor), (reactor.right.reactiveBridge = reactor.netty.channel.ChannelOperationsHandler)}
10:13:38.965 [pool-4-thread-56] DEBUG org.springframework.web.reactive.function.client.ExchangeFunctions - [11b352bc] HTTP GET http://localhost:8083/userLocation?userId=a0860b4f-8e68-482f-ab64-5814741c4271
10:13:39.001 [reactor-http-nio-3] DEBUG reactor.netty.resources.PooledConnectionProvider - [id: 0x066048e0] Created new pooled channel, now 21 active connections and 20 inactive connections
10:13:39.002 [reactor-http-nio-3] DEBUG reactor.netty.channel.BootstrapHandlers - [id: 0x066048e0] Initialized pipeline DefaultChannelPipeline{(BootstrapHandlers$BootstrapInitializerHandler#0 = reactor.netty.channel.BootstrapHandlers$BootstrapInitializerHandler), (SimpleChannelPool$1#0 = io.netty.channel.pool.SimpleChannelPool$1), (reactor.left.httpCodec = io.netty.handler.codec.http.HttpClientCodec), (reactor.left.decompressor = io.netty.handler.codec.http.HttpContentDecompressor), (reactor.right.reactiveBridge = reactor.netty.channel.ChannelOperationsHandler)}
10:13:39.002 [reactor-http-nio-3] DEBUG reactor.netty.resources.PooledConnectionProvider - [id: 0x8480b771] Created new pooled channel, now 21 active connections and 21 inactive connections
10:13:39.002 [reactor-http-nio-3] DEBUG reactor.netty.channel.BootstrapHandlers - [id: 0x8480b771] Initialized pipeline DefaultChannelPipeline{(BootstrapHandlers$BootstrapInitializerHandler#0 = reactor.netty.channel.BootstrapHandlers$BootstrapInitializerHandler), (SimpleChannelPool$1#0 = io.netty.channel.pool.SimpleChannelPool$1), (reactor.left.httpCodec = io.netty.handler.codec.http.HttpClientCodec), (reactor.left.decompressor = io.netty.handler.codec.http.HttpContentDecompressor), (reactor.right.reactiveBridge = reactor.netty.channel.ChannelOperationsHandler)}
10:13:39.002 [reactor-http-nio-3] DEBUG reactor.netty.resources.PooledConnectionProvider - [id: 0x3ebd4108] Created new pooled channel, now 21 active connections and 22 inactive connections
10:13:39.002 [reactor-http-nio-3] DEBUG reactor.netty.channel.BootstrapHandlers - [id: 0x3ebd4108] Initialized pipeline DefaultChannelPipeline{(BootstrapHandlers$BootstrapInitializerHandler#0 = reactor.netty.channel.BootstrapHandlers$BootstrapInitializerHandler), (SimpleChannelPool$1#0 = io.netty.channel.pool.SimpleChannelPool$1), (reactor.left.httpCodec = io.netty.handler.codec.http.HttpClientCodec), (reactor.left.decompressor = io.netty.handler.codec.http.HttpContentDecompressor), (reactor.right.reactiveBridge = reactor.netty.channel.ChannelOperationsHandler)}
10:13:39.002 [reactor-http-nio-3] DEBUG reactor.netty.resources.PooledConnectionProvider - [id: 0x3304da66] Created new pooled channel, now 21 active connections and 23 inactive connections
10:13:39.003 [reactor-http-nio-3] DEBUG reactor.netty.channel.BootstrapHandlers - [id: 0x3304da66] Initialized pipeline DefaultChannelPipeline{(BootstrapHandlers$BootstrapInitializerHandler#0 = reactor.netty.channel.BootstrapHandlers$BootstrapInitializerHandler), (SimpleChannelPool$1#0 = io.netty.channel.pool.SimpleChannelPool$1), (reactor.left.httpCodec = io.netty.handler.codec.http.HttpClientCodec), (reactor.left.decompressor = io.netty.handler.codec.http.HttpContentDecompressor), (reactor.right.reactiveBridge = reactor.netty.channel.ChannelOperationsHandler)}
10:13:39.003 [reactor-http-nio-3] DEBUG reactor.netty.resources.PooledConnectionProvider - [id: 0x5d51966d] Created new pooled channel, now 21 active connections and 24 inactive connections
10:13:39.003 [reactor-http-nio-3] DEBUG reactor.netty.channel.BootstrapHandlers - [id: 0x5d51966d] Initialized pipeline DefaultChannelPipeline{(BootstrapHandlers$BootstrapInitializerHandler#0 = reactor.netty.channel.BootstrapHandlers$BootstrapInitializerHandler), (SimpleChannelPool$1#0 = io.netty.channel.pool.SimpleChannelPool$1), (reactor.left.httpCodec = io.netty.handler.codec.http.HttpClientCodec), (reactor.left.decompressor = io.netty.handler.codec.http.HttpContentDecompressor), (reactor.right.reactiveBridge = reactor.netty.channel.ChannelOperationsHandler)}
10:13:39.003 [reactor-http-nio-3] DEBUG reactor.netty.resources.PooledConnectionProvider - [id: 0x16156b84] Created new pooled channel, now 21 active connections and 25 inactive connections
10:13:39.003 [reactor-http-nio-3] DEBUG reactor.netty.channel.BootstrapHandlers - [id: 0x16156b84] Initialized pipeline DefaultChannelPipeline{(BootstrapHandlers$BootstrapInitializerHandler#0 = reactor.netty.channel.BootstrapHandlers$BootstrapInitializerHandler), (SimpleChannelPool$1#0 = io.netty.channel.pool.SimpleChannelPool$1), (reactor.left.httpCodec = io.netty.handler.codec.http.HttpClientCodec), (reactor.left.decompressor = io.netty.handler.codec.http.HttpContentDecompressor), (reactor.right.reactiveBridge = reactor.netty.channel.ChannelOperationsHandler)}
10:13:39.003 [reactor-http-nio-3] DEBUG reactor.netty.resources.PooledConnectionProvider - [id: 0x1ff223b6] Created new pooled channel, now 21 active connections and 26 inactive connections
10:13:39.004 [reactor-http-nio-3] DEBUG reactor.netty.channel.BootstrapHandlers - [id: 0x1ff223b6] Initialized pipeline DefaultChannelPipeline{(BootstrapHandlers$BootstrapInitializerHandler#0 = reactor.netty.channel.BootstrapHandlers$BootstrapInitializerHandler), (SimpleChannelPool$1#0 = io.netty.channel.pool.SimpleChannelPool$1), (reactor.left.httpCodec = io.netty.handler.codec.http.HttpClientCodec), (reactor.left.decompressor = io.netty.handler.codec.http.HttpContentDecompressor), (reactor.right.reactiveBridge = reactor.netty.channel.ChannelOperationsHandler)}
10:13:39.004 [reactor-http-nio-3] DEBUG reactor.netty.resources.PooledConnectionProvider - [id: 0xca71adf9] Created new pooled channel, now 21 active connections and 27 inactive connections
10:13:39.004 [reactor-http-nio-3] DEBUG reactor.netty.channel.BootstrapHandlers - [id: 0xca71adf9] Initialized pipeline DefaultChannelPipeline{(BootstrapHandlers$BootstrapInitializerHandler#0 = reactor.netty.channel.BootstrapHandlers$BootstrapInitializerHandler), (SimpleChannelPool$1#0 = io.netty.channel.pool.SimpleChannelPool$1), (reactor.left.httpCodec = io.netty.handler.codec.http.HttpClientCodec), (reactor.left.decompressor = io.netty.handler.codec.http.HttpContentDecompressor), (reactor.right.reactiveBridge = reactor.netty.channel.ChannelOperationsHandler)}
10:13:39.006 [reactor-http-nio-3] DEBUG reactor.netty.resources.PooledConnectionProvider - [id: 0xf5289a3b] Created new pooled channel, now 21 active connections and 28 inactive connections
10:13:38.967 [pool-4-thread-60] DEBUG org.springframework.web.reactive.function.client.ExchangeFunctions - [5e0e7e44] HTTP GET http://localhost:8083/userLocation?userId=fbc535a9-7ba3-4721-abcb-54791daaef4f
10:13:39.007 [reactor-http-nio-3] DEBUG reactor.netty.channel.BootstrapHandlers - [id: 0xf5289a3b] Initialized pipeline DefaultChannelPipeline{(BootstrapHandlers$BootstrapInitializerHandler#0 = reactor.netty.channel.BootstrapHandlers$BootstrapInitializerHandler), (SimpleChannelPool$1#0 = io.netty.channel.pool.SimpleChannelPool$1), (reactor.left.httpCodec = io.netty.handler.codec.http.HttpClientCodec), (reactor.left.decompressor = io.netty.handler.codec.http.HttpContentDecompressor), (reactor.right.reactiveBridge = reactor.netty.channel.ChannelOperationsHandler)}
10:13:38.968 [pool-4-thread-61] DEBUG org.springframework.web.reactive.function.client.ExchangeFunctions - [4cb0fc8] HTTP GET http://localhost:8083/userLocation?userId=f8f91f9b-a848-4372-bced-7d3f87e04098
10:13:38.972 [pool-4-thread-71] DEBUG org.springframework.web.reactive.function.client.ExchangeFunctions - [6d6a427f] HTTP GET http://localhost:8083/userLocation?userId=cd2f5469-5667-4c2c-a16b-58fb05875eff
10:13:38.973 [pool-4-thread-74] DEBUG org.springframework.web.reactive.function.client.ExchangeFunctions - [16138d50] HTTP GET http://localhost:8083/userLocation?userId=9bcbb1e0-5010-4359-9dd0-286a840ae0cb
10:13:38.974 [pool-4-thread-77] DEBUG org.springframework.web.reactive.function.client.ExchangeFunctions - [6f51b905] HTTP GET http://localhost:8083/userLocation?userId=db3dc6a2-0809-4b24-81f7-64a58a0aef8f
10:13:38.985 [pool-4-thread-93] DEBUG org.springframework.web.reactive.function.client.ExchangeFunctions - [683a6000] HTTP GET http://localhost:8083/userLocation?userId=12543915-5304-4bbe-b71a-b78477085992
10:13:38.986 [pool-4-thread-95] DEBUG org.springframework.web.reactive.function.client.ExchangeFunctions - [5570bd05] HTTP GET http://localhost:8083/userLocation?userId=5d00d436-7323-4548-9407-49a1b9a2f479
10:13:38.990 [reactor-http-nio-2] DEBUG reactor.netty.channel.FluxReceive - [id: 0x7da5620d, L:/127.0.0.1:50618 - R:localhost/127.0.0.1:8083] Subscribing inbound receiver [pending: 0, cancelled:false, inboundDone: false]
10:13:38.990 [pool-4-thread-9] DEBUG org.springframework.web.reactive.function.client.ExchangeFunctions - [52bbf5fd] HTTP GET http://localhost:8083/attractions
10:13:38.991 [pool-4-thread-29] DEBUG org.springframework.web.reactive.function.client.ExchangeFunctions - [2499bafe] HTTP GET http://localhost:8083/attractions
10:13:39.017 [reactor-http-nio-2] DEBUG reactor.netty.http.client.HttpClientOperations - [id: 0x7da5620d, L:/127.0.0.1:50618 - R:localhost/127.0.0.1:8083] Received last HTTP packet
10:13:38.991 [pool-4-thread-21] DEBUG org.springframework.web.reactive.function.client.ExchangeFunctions - [17eb7653] HTTP GET http://localhost:8083/attractions
10:13:39.018 [reactor-http-nio-2] DEBUG org.springframework.core.codec.StringDecoder - [7e6cd1fd] Decoded "[{"longitude":-117.922008,"latitude":33.817595,"attractionName":"Disneyland","city":"Anaheim","stat (truncated)...
10:13:39.018 [reactor-http-nio-2] DEBUG reactor.netty.resources.PooledConnectionProvider - [id: 0x7da5620d, L:/127.0.0.1:50618 - R:localhost/127.0.0.1:8083] onStateChange(GET{uri=/attractions, connection=PooledConnection{channel=[id: 0x7da5620d, L:/127.0.0.1:50618 - R:localhost/127.0.0.1:8083]}}, [disconnecting])
10:13:39.018 [reactor-http-nio-2] DEBUG reactor.netty.resources.PooledConnectionProvider - [id: 0x7da5620d, L:/127.0.0.1:50618 - R:localhost/127.0.0.1:8083] Releasing channel
10:13:39.018 [reactor-http-nio-2] DEBUG reactor.netty.resources.PooledConnectionProvider - [id: 0x7da5620d, L:/127.0.0.1:50618 - R:localhost/127.0.0.1:8083] Channel cleaned, now 20 active connections and 30 inactive connections
10:13:38.992 [reactor-http-nio-4] DEBUG org.springframework.core.codec.StringDecoder - [566164c8] Decoded "[{"longitude":-117.922008,"latitude":33.817595,"attractionName":"Disneyland","city":"Anaheim","stat (truncated)...
10:13:39.019 [reactor-http-nio-4] DEBUG reactor.netty.resources.PooledConnectionProvider - [id: 0x3846aaec, L:/127.0.0.1:50621 - R:localhost/127.0.0.1:8083] onStateChange(GET{uri=/attractions, connection=PooledConnection{channel=[id: 0x3846aaec, L:/127.0.0.1:50621 - R:localhost/127.0.0.1:8083]}}, [disconnecting])
10:13:39.019 [reactor-http-nio-4] DEBUG reactor.netty.resources.PooledConnectionProvider - [id: 0x3846aaec, L:/127.0.0.1:50621 - R:localhost/127.0.0.1:8083] Releasing channel
10:13:39.019 [reactor-http-nio-4] DEBUG reactor.netty.resources.PooledConnectionProvider - [id: 0x3846aaec, L:/127.0.0.1:50621 - R:localhost/127.0.0.1:8083] Channel cleaned, now 19 active connections and 31 inactive connections
10:13:39.019 [reactor-http-nio-2] DEBUG reactor.netty.resources.PooledConnectionProvider - [id: 0xa0c2642f, L:/127.0.0.1:50614 - R:localhost/127.0.0.1:8083] Channel acquired, now 20 active connections and 30 inactive connections
10:13:39.020 [reactor-http-nio-2] DEBUG reactor.netty.http.client.HttpClientConnect - [id: 0xa0c2642f, L:/127.0.0.1:50614 - R:localhost/127.0.0.1:8083] Handler is being applied: {uri=http://localhost:8083/userLocation?userId=982ca511-b99a-4cea-8b42-29a3306898be, method=GET}
10:13:39.021 [reactor-http-nio-2] DEBUG reactor.netty.resources.PooledConnectionProvider - [id: 0xa0c2642f, L:/127.0.0.1:50614 - R:localhost/127.0.0.1:8083] onStateChange(GET{uri=/userLocation?userId=982ca511-b99a-4cea-8b42-29a3306898be, connection=PooledConnection{channel=[id: 0xa0c2642f, L:/127.0.0.1:50614 - R:localhost/127.0.0.1:8083]}}, [request_sent])
10:13:39.022 [reactor-http-nio-2] DEBUG reactor.netty.resources.PooledConnectionProvider - [id: 0x011036a3, L:/127.0.0.1:50616 - R:localhost/127.0.0.1:8083] Channel acquired, now 21 active connections and 29 inactive connections
10:13:39.022 [reactor-http-nio-2] DEBUG reactor.netty.http.client.HttpClientConnect - [id: 0x011036a3, L:/127.0.0.1:50616 - R:localhost/127.0.0.1:8083] Handler is being applied: {uri=http://localhost:8083/userLocation?userId=5764eae9-718e-4621-bfc6-6bbddbcc01c4, method=GET}
10:13:39.023 [reactor-http-nio-2] DEBUG reactor.netty.resources.PooledConnectionProvider - [id: 0x011036a3, L:/127.0.0.1:50616 - R:localhost/127.0.0.1:8083] onStateChange(GET{uri=/userLocation?userId=5764eae9-718e-4621-bfc6-6bbddbcc01c4, connection=PooledConnection{channel=[id: 0x011036a3, L:/127.0.0.1:50616 - R:localhost/127.0.0.1:8083]}}, [request_sent])
10:13:39.024 [reactor-http-nio-2] DEBUG reactor.netty.resources.PooledConnectionProvider - [id: 0xaed570cd] Created new pooled channel, now 21 active connections and 30 inactive connections
10:13:39.024 [reactor-http-nio-2] DEBUG reactor.netty.channel.BootstrapHandlers - [id: 0xaed570cd] Initialized pipeline DefaultChannelPipeline{(BootstrapHandlers$BootstrapInitializerHandler#0 = reactor.netty.channel.BootstrapHandlers$BootstrapInitializerHandler), (SimpleChannelPool$1#0 = io.netty.channel.pool.SimpleChannelPool$1), (reactor.left.httpCodec = io.netty.handler.codec.http.HttpClientCodec), (reactor.left.decompressor = io.netty.handler.codec.http.HttpContentDecompressor), (reactor.right.reactiveBridge = reactor.netty.channel.ChannelOperationsHandler)}
10:13:39.024 [reactor-http-nio-2] DEBUG reactor.netty.resources.PooledConnectionProvider - [id: 0xa135700d] Created new pooled channel, now 21 active connections and 31 inactive connections
10:13:38.953 [pool-4-thread-36] DEBUG org.springframework.web.reactive.function.client.ExchangeFunctions - [6515b72] HTTP GET http://localhost:8083/userLocation?userId=05f0cbf3-9e87-4b75-a485-45bf9a6da9f2
10:13:39.026 [reactor-http-nio-4] DEBUG reactor.netty.http.client.HttpClientOperations - [id: 0xce2e26b5, L:/127.0.0.1:50623 - R:localhost/127.0.0.1:8083] Received response (auto-read:false) : [Content-Type=application/json, Transfer-Encoding=chunked, Date=Tue, 07 Jun 2022 09:13:38 GMT]
10:13:39.026 [reactor-http-nio-4] DEBUG reactor.netty.resources.PooledConnectionProvider - [id: 0xce2e26b5, L:/127.0.0.1:50623 - R:localhost/127.0.0.1:8083] onStateChange(GET{uri=/userLocation?userId=be263f92-0b1b-4a49-886b-170347b892a4, connection=PooledConnection{channel=[id: 0xce2e26b5, L:/127.0.0.1:50623 - R:localhost/127.0.0.1:8083]}}, [response_received])
10:13:39.026 [reactor-http-nio-4] DEBUG org.springframework.web.reactive.function.client.ExchangeFunctions - [7eb8260e] Response 200 OK
10:13:39.026 [reactor-http-nio-4] DEBUG reactor.netty.channel.FluxReceive - [id: 0xce2e26b5, L:/127.0.0.1:50623 - R:localhost/127.0.0.1:8083] Subscribing inbound receiver [pending: 0, cancelled:false, inboundDone: false]
10:13:39.027 [reactor-http-nio-4] DEBUG reactor.netty.http.client.HttpClientOperations - [id: 0xce2e26b5, L:/127.0.0.1:50623 - R:localhost/127.0.0.1:8083] Received last HTTP packet
10:13:39.027 [reactor-http-nio-4] DEBUG org.springframework.core.codec.StringDecoder - [7eb8260e] Decoded "{"userId":"be263f92-0b1b-4a49-886b-170347b892a4","location":{"longitude":-62.548039,"latitude":75.7 (truncated)...
10:13:39.027 [reactor-http-nio-4] DEBUG reactor.netty.resources.PooledConnectionProvider - [id: 0xce2e26b5, L:/127.0.0.1:50623 - R:localhost/127.0.0.1:8083] onStateChange(GET{uri=/userLocation?userId=be263f92-0b1b-4a49-886b-170347b892a4, connection=PooledConnection{channel=[id: 0xce2e26b5, L:/127.0.0.1:50623 - R:localhost/127.0.0.1:8083]}}, [disconnecting])
10:13:39.027 [reactor-http-nio-4] DEBUG reactor.netty.resources.PooledConnectionProvider - [id: 0xce2e26b5, L:/127.0.0.1:50623 - R:localhost/127.0.0.1:8083] Releasing channel
10:13:39.027 [reactor-http-nio-4] DEBUG reactor.netty.resources.PooledConnectionProvider - [id: 0xce2e26b5, L:/127.0.0.1:50623 - R:localhost/127.0.0.1:8083] Channel cleaned, now 20 active connections and 32 inactive connections
10:13:39.027 [reactor-http-nio-4] DEBUG reactor.netty.http.client.HttpClientOperations - [id: 0x634507d6, L:/127.0.0.1:50625 - R:localhost/127.0.0.1:8083] Received response (auto-read:false) : [Content-Type=application/json, Transfer-Encoding=chunked, Date=Tue, 07 Jun 2022 09:13:38 GMT]
10:13:39.027 [reactor-http-nio-4] DEBUG reactor.netty.resources.PooledConnectionProvider - [id: 0x634507d6, L:/127.0.0.1:50625 - R:localhost/127.0.0.1:8083] onStateChange(GET{uri=/userLocation?userId=e4434030-6575-4b86-985c-9b4fab703544, connection=PooledConnection{channel=[id: 0x634507d6, L:/127.0.0.1:50625 - R:localhost/127.0.0.1:8083]}}, [response_received])
10:13:39.028 [reactor-http-nio-4] DEBUG org.springframework.web.reactive.function.client.ExchangeFunctions - [7f5f7296] Response 200 OK
10:13:39.028 [reactor-http-nio-4] DEBUG reactor.netty.channel.FluxReceive - [id: 0x634507d6, L:/127.0.0.1:50625 - R:localhost/127.0.0.1:8083] Subscribing inbound receiver [pending: 0, cancelled:false, inboundDone: false]
10:13:39.028 [reactor-http-nio-2] DEBUG reactor.netty.channel.BootstrapHandlers - [id: 0xa135700d] Initialized pipeline DefaultChannelPipeline{(BootstrapHandlers$BootstrapInitializerHandler#0 = reactor.netty.channel.BootstrapHandlers$BootstrapInitializerHandler), (SimpleChannelPool$1#0 = io.netty.channel.pool.SimpleChannelPool$1), (reactor.left.httpCodec = io.netty.handler.codec.http.HttpClientCodec), (reactor.left.decompressor = io.netty.handler.codec.http.HttpContentDecompressor), (reactor.right.reactiveBridge = reactor.netty.channel.ChannelOperationsHandler)}
10:13:39.028 [reactor-http-nio-4] DEBUG reactor.netty.http.client.HttpClientOperations - [id: 0x634507d6, L:/127.0.0.1:50625 - R:localhost/127.0.0.1:8083] Received last HTTP packet
10:13:39.029 [reactor-http-nio-4] DEBUG org.springframework.core.codec.StringDecoder - [7f5f7296] Decoded "{"userId":"e4434030-6575-4b86-985c-9b4fab703544","location":{"longitude":-173.986021,"latitude":-19 (truncated)...
10:13:39.029 [reactor-http-nio-4] DEBUG reactor.netty.resources.PooledConnectionProvider - [id: 0x634507d6, L:/127.0.0.1:50625 - R:localhost/127.0.0.1:8083] onStateChange(GET{uri=/userLocation?userId=e4434030-6575-4b86-985c-9b4fab703544, connection=PooledConnection{channel=[id: 0x634507d6, L:/127.0.0.1:50625 - R:localhost/127.0.0.1:8083]}}, [disconnecting])
10:13:39.029 [reactor-http-nio-4] DEBUG reactor.netty.resources.PooledConnectionProvider - [id: 0x634507d6, L:/127.0.0.1:50625 - R:localhost/127.0.0.1:8083] Releasing channel
10:13:39.029 [reactor-http-nio-4] DEBUG reactor.netty.resources.PooledConnectionProvider - [id: 0x634507d6, L:/127.0.0.1:50625 - R:localhost/127.0.0.1:8083] Channel cleaned, now 19 active connections and 34 inactive connections
10:13:39.029 [reactor-http-nio-2] DEBUG reactor.netty.resources.PooledConnectionProvider - [id: 0x6e22cddb] Created new pooled channel, now 19 active connections and 34 inactive connections
10:13:39.029 [reactor-http-nio-2] DEBUG reactor.netty.channel.BootstrapHandlers - [id: 0x6e22cddb] Initialized pipeline DefaultChannelPipeline{(BootstrapHandlers$BootstrapInitializerHandler#0 = reactor.netty.channel.BootstrapHandlers$BootstrapInitializerHandler), (SimpleChannelPool$1#0 = io.netty.channel.pool.SimpleChannelPool$1), (reactor.left.httpCodec = io.netty.handler.codec.http.HttpClientCodec), (reactor.left.decompressor = io.netty.handler.codec.http.HttpContentDecompressor), (reactor.right.reactiveBridge = reactor.netty.channel.ChannelOperationsHandler)}
10:13:39.029 [reactor-http-nio-2] DEBUG reactor.netty.resources.PooledConnectionProvider - [id: 0xa634fb68] Created new pooled channel, now 19 active connections and 35 inactive connections
10:13:39.030 [reactor-http-nio-2] DEBUG reactor.netty.channel.BootstrapHandlers - [id: 0xa634fb68] Initialized pipeline DefaultChannelPipeline{(BootstrapHandlers$BootstrapInitializerHandler#0 = reactor.netty.channel.BootstrapHandlers$BootstrapInitializerHandler), (SimpleChannelPool$1#0 = io.netty.channel.pool.SimpleChannelPool$1), (reactor.left.httpCodec = io.netty.handler.codec.http.HttpClientCodec), (reactor.left.decompressor = io.netty.handler.codec.http.HttpContentDecompressor), (reactor.right.reactiveBridge = reactor.netty.channel.ChannelOperationsHandler)}
10:13:39.030 [reactor-http-nio-2] DEBUG reactor.netty.resources.PooledConnectionProvider - [id: 0x8d657d6f] Created new pooled channel, now 19 active connections and 36 inactive connections
10:13:39.030 [reactor-http-nio-2] DEBUG reactor.netty.channel.BootstrapHandlers - [id: 0x8d657d6f] Initialized pipeline DefaultChannelPipeline{(BootstrapHandlers$BootstrapInitializerHandler#0 = reactor.netty.channel.BootstrapHandlers$BootstrapInitializerHandler), (SimpleChannelPool$1#0 = io.netty.channel.pool.SimpleChannelPool$1), (reactor.left.httpCodec = io.netty.handler.codec.http.HttpClientCodec), (reactor.left.decompressor = io.netty.handler.codec.http.HttpContentDecompressor), (reactor.right.reactiveBridge = reactor.netty.channel.ChannelOperationsHandler)}
10:13:38.992 [pool-4-thread-18] DEBUG org.springframework.web.reactive.function.client.ExchangeFunctions - [637f5574] HTTP GET http://localhost:8083/attractions
10:13:39.030 [reactor-http-nio-2] DEBUG reactor.netty.resources.PooledConnectionProvider - [id: 0xe039fca8] Created new pooled channel, now 19 active connections and 37 inactive connections
10:13:39.030 [reactor-http-nio-2] DEBUG reactor.netty.channel.BootstrapHandlers - [id: 0xe039fca8] Initialized pipeline DefaultChannelPipeline{(BootstrapHandlers$BootstrapInitializerHandler#0 = reactor.netty.channel.BootstrapHandlers$BootstrapInitializerHandler), (SimpleChannelPool$1#0 = io.netty.channel.pool.SimpleChannelPool$1), (reactor.left.httpCodec = io.netty.handler.codec.http.HttpClientCodec), (reactor.left.decompressor = io.netty.handler.codec.http.HttpContentDecompressor), (reactor.right.reactiveBridge = reactor.netty.channel.ChannelOperationsHandler)}
10:13:39.030 [reactor-http-nio-2] DEBUG reactor.netty.resources.PooledConnectionProvider - [id: 0x0da0a9f9] Created new pooled channel, now 19 active connections and 38 inactive connections
10:13:39.031 [reactor-http-nio-2] DEBUG reactor.netty.channel.BootstrapHandlers - [id: 0x0da0a9f9] Initialized pipeline DefaultChannelPipeline{(BootstrapHandlers$BootstrapInitializerHandler#0 = reactor.netty.channel.BootstrapHandlers$BootstrapInitializerHandler), (SimpleChannelPool$1#0 = io.netty.channel.pool.SimpleChannelPool$1), (reactor.left.httpCodec = io.netty.handler.codec.http.HttpClientCodec), (reactor.left.decompressor = io.netty.handler.codec.http.HttpContentDecompressor), (reactor.right.reactiveBridge = reactor.netty.channel.ChannelOperationsHandler)}
10:13:39.031 [reactor-http-nio-2] DEBUG reactor.netty.resources.PooledConnectionProvider - [id: 0x8d01d79b] Created new pooled channel, now 19 active connections and 39 inactive connections
10:13:39.031 [reactor-http-nio-2] DEBUG reactor.netty.channel.BootstrapHandlers - [id: 0x8d01d79b] Initialized pipeline DefaultChannelPipeline{(BootstrapHandlers$BootstrapInitializerHandler#0 = reactor.netty.channel.BootstrapHandlers$BootstrapInitializerHandler), (SimpleChannelPool$1#0 = io.netty.channel.pool.SimpleChannelPool$1), (reactor.left.httpCodec = io.netty.handler.codec.http.HttpClientCodec), (reactor.left.decompressor = io.netty.handler.codec.http.HttpContentDecompressor), (reactor.right.reactiveBridge = reactor.netty.channel.ChannelOperationsHandler)}
10:13:39.031 [reactor-http-nio-2] DEBUG reactor.netty.resources.PooledConnectionProvider - [id: 0xcfabeeff] Created new pooled channel, now 19 active connections and 40 inactive connections
10:13:39.032 [pool-4-thread-13] DEBUG org.springframework.web.reactive.function.client.ExchangeFunctions - [707fc7a9] HTTP GET http://localhost:8083/attractions
10:13:39.033 [reactor-http-nio-4] DEBUG reactor.netty.http.client.HttpClientOperations - [id: 0x0e8dc7e0, L:/127.0.0.1:50627 - R:localhost/127.0.0.1:8083] Received response (auto-read:false) : [Content-Type=application/json, Transfer-Encoding=chunked, Date=Tue, 07 Jun 2022 09:13:38 GMT]
10:13:39.033 [reactor-http-nio-4] DEBUG reactor.netty.resources.PooledConnectionProvider - [id: 0x0e8dc7e0, L:/127.0.0.1:50627 - R:localhost/127.0.0.1:8083] onStateChange(GET{uri=/userLocation?userId=aabe902f-2793-4160-9afb-b8a7522eb22a, connection=PooledConnection{channel=[id: 0x0e8dc7e0, L:/127.0.0.1:50627 - R:localhost/127.0.0.1:8083]}}, [response_received])
10:13:39.033 [reactor-http-nio-4] DEBUG org.springframework.web.reactive.function.client.ExchangeFunctions - [9989191] Response 200 OK
10:13:39.033 [pool-4-thread-12] DEBUG org.springframework.web.reactive.function.client.ExchangeFunctions - [30a58936] HTTP GET http://localhost:8083/attractions
10:13:38.992 [pool-4-thread-44] DEBUG org.springframework.web.reactive.function.client.ExchangeFunctions - [72625a0] HTTP GET http://localhost:8083/userLocation?userId=8a52b086-1e63-47e6-a112-866ce1404c75
10:13:39.033 [reactor-http-nio-4] DEBUG reactor.netty.channel.FluxReceive - [id: 0x0e8dc7e0, L:/127.0.0.1:50627 - R:localhost/127.0.0.1:8083] Subscribing inbound receiver [pending: 0, cancelled:false, inboundDone: false]
10:13:39.033 [reactor-http-nio-4] DEBUG reactor.netty.http.client.HttpClientOperations - [id: 0x0e8dc7e0, L:/127.0.0.1:50627 - R:localhost/127.0.0.1:8083] Received last HTTP packet
10:13:39.034 [reactor-http-nio-4] DEBUG org.springframework.core.codec.StringDecoder - [9989191] Decoded "{"userId":"aabe902f-2793-4160-9afb-b8a7522eb22a","location":{"longitude":160.388531,"latitude":64.2 (truncated)...
10:13:39.034 [reactor-http-nio-4] DEBUG reactor.netty.resources.PooledConnectionProvider - [id: 0x0e8dc7e0, L:/127.0.0.1:50627 - R:localhost/127.0.0.1:8083] onStateChange(GET{uri=/userLocation?userId=aabe902f-2793-4160-9afb-b8a7522eb22a, connection=PooledConnection{channel=[id: 0x0e8dc7e0, L:/127.0.0.1:50627 - R:localhost/127.0.0.1:8083]}}, [disconnecting])
10:13:39.034 [reactor-http-nio-4] DEBUG reactor.netty.resources.PooledConnectionProvider - [id: 0x0e8dc7e0, L:/127.0.0.1:50627 - R:localhost/127.0.0.1:8083] Releasing channel
10:13:39.034 [reactor-http-nio-4] DEBUG reactor.netty.resources.PooledConnectionProvider - [id: 0x0e8dc7e0, L:/127.0.0.1:50627 - R:localhost/127.0.0.1:8083] Channel cleaned, now 18 active connections and 41 inactive connections
10:13:39.034 [reactor-http-nio-4] DEBUG reactor.netty.resources.PooledConnectionProvider - [id: 0x1694d70f, L:/127.0.0.1:50610 - R:localhost/127.0.0.1:8083] Channel acquired, now 19 active connections and 40 inactive connections
10:13:39.034 [reactor-http-nio-2] DEBUG reactor.netty.channel.BootstrapHandlers - [id: 0xcfabeeff] Initialized pipeline DefaultChannelPipeline{(BootstrapHandlers$BootstrapInitializerHandler#0 = reactor.netty.channel.BootstrapHandlers$BootstrapInitializerHandler), (SimpleChannelPool$1#0 = io.netty.channel.pool.SimpleChannelPool$1), (reactor.left.httpCodec = io.netty.handler.codec.http.HttpClientCodec), (reactor.left.decompressor = io.netty.handler.codec.http.HttpContentDecompressor), (reactor.right.reactiveBridge = reactor.netty.channel.ChannelOperationsHandler)}
10:13:39.034 [reactor-http-nio-4] DEBUG reactor.netty.http.client.HttpClientConnect - [id: 0x1694d70f, L:/127.0.0.1:50610 - R:localhost/127.0.0.1:8083] Handler is being applied: {uri=http://localhost:8083/userLocation?userId=cdcce6f7-057d-4e77-bc6d-962d6d1cc06c, method=GET}
10:13:39.034 [reactor-http-nio-2] DEBUG reactor.netty.resources.PooledConnectionProvider - [id: 0x2d54db0e] Created new pooled channel, now 19 active connections and 41 inactive connections
10:13:39.035 [reactor-http-nio-2] DEBUG reactor.netty.channel.BootstrapHandlers - [id: 0x2d54db0e] Initialized pipeline DefaultChannelPipeline{(BootstrapHandlers$BootstrapInitializerHandler#0 = reactor.netty.channel.BootstrapHandlers$BootstrapInitializerHandler), (SimpleChannelPool$1#0 = io.netty.channel.pool.SimpleChannelPool$1), (reactor.left.httpCodec = io.netty.handler.codec.http.HttpClientCodec), (reactor.left.decompressor = io.netty.handler.codec.http.HttpContentDecompressor), (reactor.right.reactiveBridge = reactor.netty.channel.ChannelOperationsHandler)}
10:13:39.035 [reactor-http-nio-2] DEBUG reactor.netty.resources.PooledConnectionProvider - [id: 0xc558618d] Created new pooled channel, now 19 active connections and 42 inactive connections
10:13:39.035 [reactor-http-nio-2] DEBUG reactor.netty.channel.BootstrapHandlers - [id: 0xc558618d] Initialized pipeline DefaultChannelPipeline{(BootstrapHandlers$BootstrapInitializerHandler#0 = reactor.netty.channel.BootstrapHandlers$BootstrapInitializerHandler), (SimpleChannelPool$1#0 = io.netty.channel.pool.SimpleChannelPool$1), (reactor.left.httpCodec = io.netty.handler.codec.http.HttpClientCodec), (reactor.left.decompressor = io.netty.handler.codec.http.HttpContentDecompressor), (reactor.right.reactiveBridge = reactor.netty.channel.ChannelOperationsHandler)}
10:13:39.037 [reactor-http-nio-4] DEBUG reactor.netty.resources.PooledConnectionProvider - [id: 0x1694d70f, L:/127.0.0.1:50610 - R:localhost/127.0.0.1:8083] onStateChange(GET{uri=/userLocation?userId=cdcce6f7-057d-4e77-bc6d-962d6d1cc06c, connection=PooledConnection{channel=[id: 0x1694d70f, L:/127.0.0.1:50610 - R:localhost/127.0.0.1:8083]}}, [request_sent])
10:13:39.039 [reactor-http-nio-4] DEBUG reactor.netty.resources.PooledConnectionProvider - [id: 0xce32d0ed] Created new pooled channel, now 19 active connections and 43 inactive connections
10:13:39.039 [reactor-http-nio-4] DEBUG reactor.netty.channel.BootstrapHandlers - [id: 0xce32d0ed] Initialized pipeline DefaultChannelPipeline{(BootstrapHandlers$BootstrapInitializerHandler#0 = reactor.netty.channel.BootstrapHandlers$BootstrapInitializerHandler), (SimpleChannelPool$1#0 = io.netty.channel.pool.SimpleChannelPool$1), (reactor.left.httpCodec = io.netty.handler.codec.http.HttpClientCodec), (reactor.left.decompressor = io.netty.handler.codec.http.HttpContentDecompressor), (reactor.right.reactiveBridge = reactor.netty.channel.ChannelOperationsHandler)}
10:13:39.040 [reactor-http-nio-4] DEBUG reactor.netty.resources.PooledConnectionProvider - [id: 0x269b11ab] Created new pooled channel, now 19 active connections and 44 inactive connections
10:13:39.041 [reactor-http-nio-4] DEBUG reactor.netty.channel.BootstrapHandlers - [id: 0x269b11ab] Initialized pipeline DefaultChannelPipeline{(BootstrapHandlers$BootstrapInitializerHandler#0 = reactor.netty.channel.BootstrapHandlers$BootstrapInitializerHandler), (SimpleChannelPool$1#0 = io.netty.channel.pool.SimpleChannelPool$1), (reactor.left.httpCodec = io.netty.handler.codec.http.HttpClientCodec), (reactor.left.decompressor = io.netty.handler.codec.http.HttpContentDecompressor), (reactor.right.reactiveBridge = reactor.netty.channel.ChannelOperationsHandler)}
10:13:39.041 [reactor-http-nio-4] DEBUG reactor.netty.resources.PooledConnectionProvider - [id: 0xd35da22f] Created new pooled channel, now 19 active connections and 45 inactive connections
10:13:39.042 [reactor-http-nio-4] DEBUG reactor.netty.channel.BootstrapHandlers - [id: 0xd35da22f] Initialized pipeline DefaultChannelPipeline{(BootstrapHandlers$BootstrapInitializerHandler#0 = reactor.netty.channel.BootstrapHandlers$BootstrapInitializerHandler), (SimpleChannelPool$1#0 = io.netty.channel.pool.SimpleChannelPool$1), (reactor.left.httpCodec = io.netty.handler.codec.http.HttpClientCodec), (reactor.left.decompressor = io.netty.handler.codec.http.HttpContentDecompressor), (reactor.right.reactiveBridge = reactor.netty.channel.ChannelOperationsHandler)}
10:13:39.042 [reactor-http-nio-4] DEBUG reactor.netty.resources.PooledConnectionProvider - [id: 0x1925c564] Created new pooled channel, now 19 active connections and 46 inactive connections
10:13:39.042 [reactor-http-nio-4] DEBUG reactor.netty.channel.BootstrapHandlers - [id: 0x1925c564] Initialized pipeline DefaultChannelPipeline{(BootstrapHandlers$BootstrapInitializerHandler#0 = reactor.netty.channel.BootstrapHandlers$BootstrapInitializerHandler), (SimpleChannelPool$1#0 = io.netty.channel.pool.SimpleChannelPool$1), (reactor.left.httpCodec = io.netty.handler.codec.http.HttpClientCodec), (reactor.left.decompressor = io.netty.handler.codec.http.HttpContentDecompressor), (reactor.right.reactiveBridge = reactor.netty.channel.ChannelOperationsHandler)}
10:13:39.042 [reactor-http-nio-4] DEBUG reactor.netty.resources.PooledConnectionProvider - [id: 0x8f9ca272] Created new pooled channel, now 19 active connections and 47 inactive connections
10:13:39.042 [reactor-http-nio-4] DEBUG reactor.netty.channel.BootstrapHandlers - [id: 0x8f9ca272] Initialized pipeline DefaultChannelPipeline{(BootstrapHandlers$BootstrapInitializerHandler#0 = reactor.netty.channel.BootstrapHandlers$BootstrapInitializerHandler), (SimpleChannelPool$1#0 = io.netty.channel.pool.SimpleChannelPool$1), (reactor.left.httpCodec = io.netty.handler.codec.http.HttpClientCodec), (reactor.left.decompressor = io.netty.handler.codec.http.HttpContentDecompressor), (reactor.right.reactiveBridge = reactor.netty.channel.ChannelOperationsHandler)}
10:13:39.044 [reactor-http-nio-4] DEBUG reactor.netty.resources.PooledConnectionProvider - [id: 0x204ddfda] Created new pooled channel, now 19 active connections and 48 inactive connections
10:13:39.044 [reactor-http-nio-4] DEBUG reactor.netty.channel.BootstrapHandlers - [id: 0x204ddfda] Initialized pipeline DefaultChannelPipeline{(BootstrapHandlers$BootstrapInitializerHandler#0 = reactor.netty.channel.BootstrapHandlers$BootstrapInitializerHandler), (SimpleChannelPool$1#0 = io.netty.channel.pool.SimpleChannelPool$1), (reactor.left.httpCodec = io.netty.handler.codec.http.HttpClientCodec), (reactor.left.decompressor = io.netty.handler.codec.http.HttpContentDecompressor), (reactor.right.reactiveBridge = reactor.netty.channel.ChannelOperationsHandler)}
10:13:39.045 [reactor-http-nio-4] DEBUG reactor.netty.resources.PooledConnectionProvider - [id: 0xaf549f54] Created new pooled channel, now 19 active connections and 49 inactive connections
10:13:39.045 [reactor-http-nio-4] DEBUG reactor.netty.channel.BootstrapHandlers - [id: 0xaf549f54] Initialized pipeline DefaultChannelPipeline{(BootstrapHandlers$BootstrapInitializerHandler#0 = reactor.netty.channel.BootstrapHandlers$BootstrapInitializerHandler), (SimpleChannelPool$1#0 = io.netty.channel.pool.SimpleChannelPool$1), (reactor.left.httpCodec = io.netty.handler.codec.http.HttpClientCodec), (reactor.left.decompressor = io.netty.handler.codec.http.HttpContentDecompressor), (reactor.right.reactiveBridge = reactor.netty.channel.ChannelOperationsHandler)}
10:13:39.045 [reactor-http-nio-2] DEBUG reactor.netty.http.client.HttpClientOperations - [id: 0x49dcd8d7, L:/127.0.0.1:50622 - R:localhost/127.0.0.1:8083] Received response (auto-read:false) : [Content-Type=application/json, Transfer-Encoding=chunked, Date=Tue, 07 Jun 2022 09:13:38 GMT]
10:13:39.045 [reactor-http-nio-2] DEBUG reactor.netty.resources.PooledConnectionProvider - [id: 0x49dcd8d7, L:/127.0.0.1:50622 - R:localhost/127.0.0.1:8083] onStateChange(GET{uri=/userLocation?userId=65292bdd-a7cb-4a0d-827e-84fb4952a1b3, connection=PooledConnection{channel=[id: 0x49dcd8d7, L:/127.0.0.1:50622 - R:localhost/127.0.0.1:8083]}}, [response_received])
10:13:39.045 [reactor-http-nio-2] DEBUG org.springframework.web.reactive.function.client.ExchangeFunctions - [6abec8b3] Response 200 OK
10:13:39.046 [reactor-http-nio-2] DEBUG reactor.netty.channel.FluxReceive - [id: 0x49dcd8d7, L:/127.0.0.1:50622 - R:localhost/127.0.0.1:8083] Subscribing inbound receiver [pending: 0, cancelled:false, inboundDone: false]
10:13:38.993 [reactor-http-nio-1] DEBUG reactor.netty.resources.PooledConnectionProvider - [id: 0xdc047dac] Created new pooled channel, now 21 active connections and 19 inactive connections
10:13:39.046 [reactor-http-nio-2] DEBUG reactor.netty.http.client.HttpClientOperations - [id: 0x49dcd8d7, L:/127.0.0.1:50622 - R:localhost/127.0.0.1:8083] Received last HTTP packet
10:13:39.046 [reactor-http-nio-2] DEBUG org.springframework.core.codec.StringDecoder - [6abec8b3] Decoded "{"userId":"65292bdd-a7cb-4a0d-827e-84fb4952a1b3","location":{"longitude":-91.51574,"latitude":-30.6 (truncated)...
10:13:39.046 [reactor-http-nio-2] DEBUG reactor.netty.resources.PooledConnectionProvider - [id: 0x49dcd8d7, L:/127.0.0.1:50622 - R:localhost/127.0.0.1:8083] onStateChange(GET{uri=/userLocation?userId=65292bdd-a7cb-4a0d-827e-84fb4952a1b3, connection=PooledConnection{channel=[id: 0x49dcd8d7, L:/127.0.0.1:50622 - R:localhost/127.0.0.1:8083]}}, [disconnecting])
10:13:39.047 [reactor-http-nio-2] DEBUG reactor.netty.resources.PooledConnectionProvider - [id: 0x49dcd8d7, L:/127.0.0.1:50622 - R:localhost/127.0.0.1:8083] Releasing channel
10:13:39.047 [reactor-http-nio-2] DEBUG reactor.netty.resources.PooledConnectionProvider - [id: 0x49dcd8d7, L:/127.0.0.1:50622 - R:localhost/127.0.0.1:8083] Channel cleaned, now 18 active connections and 51 inactive connections
10:13:39.047 [reactor-http-nio-2] DEBUG reactor.netty.http.client.HttpClientOperations - [id: 0xaea19dad, L:/127.0.0.1:50624 - R:localhost/127.0.0.1:8083] Received response (auto-read:false) : [Content-Type=application/json, Transfer-Encoding=chunked, Date=Tue, 07 Jun 2022 09:13:38 GMT]
10:13:39.047 [reactor-http-nio-2] DEBUG reactor.netty.resources.PooledConnectionProvider - [id: 0xaea19dad, L:/127.0.0.1:50624 - R:localhost/127.0.0.1:8083] onStateChange(GET{uri=/userLocation?userId=a470ced3-d641-4836-b7be-d5e429ee1754, connection=PooledConnection{channel=[id: 0xaea19dad, L:/127.0.0.1:50624 - R:localhost/127.0.0.1:8083]}}, [response_received])
10:13:39.047 [reactor-http-nio-2] DEBUG org.springframework.web.reactive.function.client.ExchangeFunctions - [13b13cf4] Response 200 OK
10:13:39.047 [reactor-http-nio-2] DEBUG reactor.netty.channel.FluxReceive - [id: 0xaea19dad, L:/127.0.0.1:50624 - R:localhost/127.0.0.1:8083] Subscribing inbound receiver [pending: 0, cancelled:false, inboundDone: false]
10:13:39.048 [reactor-http-nio-2] DEBUG reactor.netty.http.client.HttpClientOperations - [id: 0xaea19dad, L:/127.0.0.1:50624 - R:localhost/127.0.0.1:8083] Received last HTTP packet
10:13:39.048 [reactor-http-nio-2] DEBUG org.springframework.core.codec.StringDecoder - [13b13cf4] Decoded "{"userId":"a470ced3-d641-4836-b7be-d5e429ee1754","location":{"longitude":-31.580842,"latitude":-30. (truncated)...
10:13:39.048 [reactor-http-nio-2] DEBUG reactor.netty.resources.PooledConnectionProvider - [id: 0xaea19dad, L:/127.0.0.1:50624 - R:localhost/127.0.0.1:8083] onStateChange(GET{uri=/userLocation?userId=a470ced3-d641-4836-b7be-d5e429ee1754, connection=PooledConnection{channel=[id: 0xaea19dad, L:/127.0.0.1:50624 - R:localhost/127.0.0.1:8083]}}, [disconnecting])
10:13:39.048 [reactor-http-nio-2] DEBUG reactor.netty.resources.PooledConnectionProvider - [id: 0xaea19dad, L:/127.0.0.1:50624 - R:localhost/127.0.0.1:8083] Releasing channel
10:13:39.048 [reactor-http-nio-2] DEBUG reactor.netty.resources.PooledConnectionProvider - [id: 0xaea19dad, L:/127.0.0.1:50624 - R:localhost/127.0.0.1:8083] Channel cleaned, now 17 active connections and 52 inactive connections
10:13:39.050 [pool-4-thread-16] DEBUG org.springframework.web.reactive.function.client.ExchangeFunctions - [75f6ed2] HTTP GET http://localhost:8083/attractions
10:13:39.050 [reactor-http-nio-2] DEBUG reactor.netty.http.client.HttpClientOperations - [id: 0xfff007b6, L:/127.0.0.1:50626 - R:localhost/127.0.0.1:8083] Received response (auto-read:false) : [Content-Type=application/json, Transfer-Encoding=chunked, Date=Tue, 07 Jun 2022 09:13:38 GMT]
10:13:39.050 [reactor-http-nio-2] DEBUG reactor.netty.resources.PooledConnectionProvider - [id: 0xfff007b6, L:/127.0.0.1:50626 - R:localhost/127.0.0.1:8083] onStateChange(GET{uri=/userLocation?userId=018a464f-a15c-4130-a580-660a748574ae, connection=PooledConnection{channel=[id: 0xfff007b6, L:/127.0.0.1:50626 - R:localhost/127.0.0.1:8083]}}, [response_received])
10:13:39.050 [reactor-http-nio-2] DEBUG org.springframework.web.reactive.function.client.ExchangeFunctions - [492268d2] Response 200 OK
10:13:39.051 [reactor-http-nio-2] DEBUG reactor.netty.channel.FluxReceive - [id: 0xfff007b6, L:/127.0.0.1:50626 - R:localhost/127.0.0.1:8083] Subscribing inbound receiver [pending: 0, cancelled:false, inboundDone: false]
10:13:39.052 [reactor-http-nio-2] DEBUG reactor.netty.http.client.HttpClientOperations - [id: 0xfff007b6, L:/127.0.0.1:50626 - R:localhost/127.0.0.1:8083] Received last HTTP packet
10:13:39.052 [reactor-http-nio-2] DEBUG org.springframework.core.codec.StringDecoder - [492268d2] Decoded "{"userId":"018a464f-a15c-4130-a580-660a748574ae","location":{"longitude":105.280245,"latitude":-51. (truncated)...
10:13:39.052 [reactor-http-nio-2] DEBUG reactor.netty.resources.PooledConnectionProvider - [id: 0xfff007b6, L:/127.0.0.1:50626 - R:localhost/127.0.0.1:8083] onStateChange(GET{uri=/userLocation?userId=018a464f-a15c-4130-a580-660a748574ae, connection=PooledConnection{channel=[id: 0xfff007b6, L:/127.0.0.1:50626 - R:localhost/127.0.0.1:8083]}}, [disconnecting])
10:13:39.052 [reactor-http-nio-2] DEBUG reactor.netty.resources.PooledConnectionProvider - [id: 0xfff007b6, L:/127.0.0.1:50626 - R:localhost/127.0.0.1:8083] Releasing channel
10:13:39.053 [reactor-http-nio-2] DEBUG reactor.netty.resources.PooledConnectionProvider - [id: 0xfff007b6, L:/127.0.0.1:50626 - R:localhost/127.0.0.1:8083] Channel cleaned, now 16 active connections and 53 inactive connections
10:13:39.054 [reactor-http-nio-2] DEBUG reactor.netty.http.client.HttpClientOperations - [id: 0xcfb207a6, L:/127.0.0.1:50628 - R:localhost/127.0.0.1:8083] Received response (auto-read:false) : [Content-Type=application/json, Transfer-Encoding=chunked, Date=Tue, 07 Jun 2022 09:13:38 GMT]
10:13:39.054 [reactor-http-nio-2] DEBUG reactor.netty.resources.PooledConnectionProvider - [id: 0xcfb207a6, L:/127.0.0.1:50628 - R:localhost/127.0.0.1:8083] onStateChange(GET{uri=/userLocation?userId=0dcdcf3d-875c-469c-bb8b-56c73b2feef6, connection=PooledConnection{channel=[id: 0xcfb207a6, L:/127.0.0.1:50628 - R:localhost/127.0.0.1:8083]}}, [response_received])
10:13:39.054 [reactor-http-nio-2] DEBUG org.springframework.web.reactive.function.client.ExchangeFunctions - [3387c6e9] Response 200 OK
10:13:38.994 [pool-4-thread-49] DEBUG org.springframework.web.reactive.function.client.ExchangeFunctions - [7da78f09] HTTP GET http://localhost:8083/userLocation?userId=04e43a38-4eba-41fe-9434-98aa48961809
10:13:39.055 [reactor-http-nio-2] DEBUG reactor.netty.channel.FluxReceive - [id: 0xcfb207a6, L:/127.0.0.1:50628 - R:localhost/127.0.0.1:8083] Subscribing inbound receiver [pending: 0, cancelled:false, inboundDone: false]
10:13:39.055 [reactor-http-nio-2] DEBUG reactor.netty.http.client.HttpClientOperations - [id: 0xcfb207a6, L:/127.0.0.1:50628 - R:localhost/127.0.0.1:8083] Received last HTTP packet
10:13:39.055 [reactor-http-nio-2] DEBUG org.springframework.core.codec.StringDecoder - [3387c6e9] Decoded "{"userId":"0dcdcf3d-875c-469c-bb8b-56c73b2feef6","location":{"longitude":-1.821567,"latitude":-57.3 (truncated)...
10:13:39.055 [reactor-http-nio-2] DEBUG reactor.netty.resources.PooledConnectionProvider - [id: 0xcfb207a6, L:/127.0.0.1:50628 - R:localhost/127.0.0.1:8083] onStateChange(GET{uri=/userLocation?userId=0dcdcf3d-875c-469c-bb8b-56c73b2feef6, connection=PooledConnection{channel=[id: 0xcfb207a6, L:/127.0.0.1:50628 - R:localhost/127.0.0.1:8083]}}, [disconnecting])
10:13:39.055 [reactor-http-nio-2] DEBUG reactor.netty.resources.PooledConnectionProvider - [id: 0xcfb207a6, L:/127.0.0.1:50628 - R:localhost/127.0.0.1:8083] Releasing channel
10:13:39.055 [reactor-http-nio-2] DEBUG reactor.netty.resources.PooledConnectionProvider - [id: 0xcfb207a6, L:/127.0.0.1:50628 - R:localhost/127.0.0.1:8083] Channel cleaned, now 15 active connections and 54 inactive connections
10:13:39.056 [reactor-http-nio-2] DEBUG reactor.netty.http.client.HttpClientOperations - [id: 0x10c31243, L:/127.0.0.1:50629 - R:localhost/127.0.0.1:8083] Received response (auto-read:false) : [Content-Type=application/json, Transfer-Encoding=chunked, Date=Tue, 07 Jun 2022 09:13:38 GMT]
10:13:39.056 [reactor-http-nio-2] DEBUG reactor.netty.resources.PooledConnectionProvider - [id: 0x10c31243, L:/127.0.0.1:50629 - R:localhost/127.0.0.1:8083] onStateChange(GET{uri=/userLocation?userId=dec7f51b-8801-4cc9-858b-834ddd24abd9, connection=PooledConnection{channel=[id: 0x10c31243, L:/127.0.0.1:50629 - R:localhost/127.0.0.1:8083]}}, [response_received])
10:13:39.056 [reactor-http-nio-2] DEBUG org.springframework.web.reactive.function.client.ExchangeFunctions - [188d5af2] Response 200 OK
10:13:39.056 [reactor-http-nio-2] DEBUG reactor.netty.channel.FluxReceive - [id: 0x10c31243, L:/127.0.0.1:50629 - R:localhost/127.0.0.1:8083] Subscribing inbound receiver [pending: 0, cancelled:false, inboundDone: false]
10:13:39.056 [pool-4-thread-10] DEBUG org.springframework.web.reactive.function.client.ExchangeFunctions - [64793b94] HTTP GET http://localhost:8083/attractions
10:13:39.057 [reactor-http-nio-2] DEBUG reactor.netty.http.client.HttpClientOperations - [id: 0x10c31243, L:/127.0.0.1:50629 - R:localhost/127.0.0.1:8083] Received last HTTP packet
10:13:39.057 [reactor-http-nio-2] DEBUG org.springframework.core.codec.StringDecoder - [188d5af2] Decoded "{"userId":"dec7f51b-8801-4cc9-858b-834ddd24abd9","location":{"longitude":69.836205,"latitude":-13.2 (truncated)...
10:13:39.057 [reactor-http-nio-2] DEBUG reactor.netty.resources.PooledConnectionProvider - [id: 0x10c31243, L:/127.0.0.1:50629 - R:localhost/127.0.0.1:8083] onStateChange(GET{uri=/userLocation?userId=dec7f51b-8801-4cc9-858b-834ddd24abd9, connection=PooledConnection{channel=[id: 0x10c31243, L:/127.0.0.1:50629 - R:localhost/127.0.0.1:8083]}}, [disconnecting])
10:13:39.057 [reactor-http-nio-2] DEBUG reactor.netty.resources.PooledConnectionProvider - [id: 0x10c31243, L:/127.0.0.1:50629 - R:localhost/127.0.0.1:8083] Releasing channel
10:13:39.057 [reactor-http-nio-2] DEBUG reactor.netty.resources.PooledConnectionProvider - [id: 0x10c31243, L:/127.0.0.1:50629 - R:localhost/127.0.0.1:8083] Channel cleaned, now 14 active connections and 55 inactive connections
10:13:39.057 [reactor-http-nio-2] DEBUG reactor.netty.resources.PooledConnectionProvider - [id: 0xaed570cd, L:/127.0.0.1:50659 - R:localhost/127.0.0.1:8083] onStateChange(PooledConnection{channel=[id: 0xaed570cd, L:/127.0.0.1:50659 - R:localhost/127.0.0.1:8083]}, [connected])
10:13:39.057 [reactor-http-nio-2] DEBUG reactor.netty.resources.PooledConnectionProvider - [id: 0xaed570cd, L:/127.0.0.1:50659 - R:localhost/127.0.0.1:8083] onStateChange(GET{uri=/, connection=PooledConnection{channel=[id: 0xaed570cd, L:/127.0.0.1:50659 - R:localhost/127.0.0.1:8083]}}, [configured])
10:13:39.058 [pool-4-thread-14] DEBUG org.springframework.web.reactive.function.client.ExchangeFunctions - [1d76c0f2] HTTP GET http://localhost:8083/attractions
10:13:39.058 [reactor-http-nio-2] DEBUG reactor.netty.resources.PooledConnectionProvider - [id: 0xa135700d, L:/127.0.0.1:50660 - R:localhost/127.0.0.1:8083] onStateChange(PooledConnection{channel=[id: 0xa135700d, L:/127.0.0.1:50660 - R:localhost/127.0.0.1:8083]}, [connected])
10:13:39.058 [reactor-http-nio-2] DEBUG reactor.netty.resources.PooledConnectionProvider - [id: 0xa135700d, L:/127.0.0.1:50660 - R:localhost/127.0.0.1:8083] onStateChange(GET{uri=/, connection=PooledConnection{channel=[id: 0xa135700d, L:/127.0.0.1:50660 - R:localhost/127.0.0.1:8083]}}, [configured])
10:13:39.058 [reactor-http-nio-2] DEBUG reactor.netty.resources.PooledConnectionProvider - [id: 0x6e22cddb, L:/127.0.0.1:50661 - R:localhost/127.0.0.1:8083] onStateChange(PooledConnection{channel=[id: 0x6e22cddb, L:/127.0.0.1:50661 - R:localhost/127.0.0.1:8083]}, [connected])
10:13:39.058 [reactor-http-nio-2] DEBUG reactor.netty.resources.PooledConnectionProvider - [id: 0x6e22cddb, L:/127.0.0.1:50661 - R:localhost/127.0.0.1:8083] onStateChange(GET{uri=/, connection=PooledConnection{channel=[id: 0x6e22cddb, L:/127.0.0.1:50661 - R:localhost/127.0.0.1:8083]}}, [configured])
10:13:39.058 [reactor-http-nio-2] DEBUG reactor.netty.resources.PooledConnectionProvider - [id: 0xa634fb68, L:/127.0.0.1:50662 - R:localhost/127.0.0.1:8083] onStateChange(PooledConnection{channel=[id: 0xa634fb68, L:/127.0.0.1:50662 - R:localhost/127.0.0.1:8083]}, [connected])
10:13:39.058 [reactor-http-nio-2] DEBUG reactor.netty.resources.PooledConnectionProvider - [id: 0xa634fb68, L:/127.0.0.1:50662 - R:localhost/127.0.0.1:8083] onStateChange(GET{uri=/, connection=PooledConnection{channel=[id: 0xa634fb68, L:/127.0.0.1:50662 - R:localhost/127.0.0.1:8083]}}, [configured])
10:13:39.058 [reactor-http-nio-2] DEBUG reactor.netty.resources.PooledConnectionProvider - [id: 0x8d657d6f, L:/127.0.0.1:50663 - R:localhost/127.0.0.1:8083] onStateChange(PooledConnection{channel=[id: 0x8d657d6f, L:/127.0.0.1:50663 - R:localhost/127.0.0.1:8083]}, [connected])
10:13:39.058 [reactor-http-nio-2] DEBUG reactor.netty.resources.PooledConnectionProvider - [id: 0x8d657d6f, L:/127.0.0.1:50663 - R:localhost/127.0.0.1:8083] onStateChange(GET{uri=/, connection=PooledConnection{channel=[id: 0x8d657d6f, L:/127.0.0.1:50663 - R:localhost/127.0.0.1:8083]}}, [configured])
10:13:39.058 [reactor-http-nio-2] DEBUG reactor.netty.resources.PooledConnectionProvider - [id: 0xe039fca8, L:/127.0.0.1:50664 - R:localhost/127.0.0.1:8083] onStateChange(PooledConnection{channel=[id: 0xe039fca8, L:/127.0.0.1:50664 - R:localhost/127.0.0.1:8083]}, [connected])
10:13:39.059 [reactor-http-nio-2] DEBUG reactor.netty.resources.PooledConnectionProvider - [id: 0xe039fca8, L:/127.0.0.1:50664 - R:localhost/127.0.0.1:8083] onStateChange(GET{uri=/, connection=PooledConnection{channel=[id: 0xe039fca8, L:/127.0.0.1:50664 - R:localhost/127.0.0.1:8083]}}, [configured])
10:13:39.059 [reactor-http-nio-2] DEBUG reactor.netty.resources.PooledConnectionProvider - [id: 0x0da0a9f9, L:/127.0.0.1:50665 - R:localhost/127.0.0.1:8083] onStateChange(PooledConnection{channel=[id: 0x0da0a9f9, L:/127.0.0.1:50665 - R:localhost/127.0.0.1:8083]}, [connected])
10:13:39.059 [reactor-http-nio-2] DEBUG reactor.netty.resources.PooledConnectionProvider - [id: 0x0da0a9f9, L:/127.0.0.1:50665 - R:localhost/127.0.0.1:8083] onStateChange(GET{uri=/, connection=PooledConnection{channel=[id: 0x0da0a9f9, L:/127.0.0.1:50665 - R:localhost/127.0.0.1:8083]}}, [configured])
10:13:39.059 [reactor-http-nio-2] DEBUG reactor.netty.resources.PooledConnectionProvider - [id: 0x8d01d79b, L:/127.0.0.1:50666 - R:localhost/127.0.0.1:8083] onStateChange(PooledConnection{channel=[id: 0x8d01d79b, L:/127.0.0.1:50666 - R:localhost/127.0.0.1:8083]}, [connected])
10:13:39.059 [reactor-http-nio-2] DEBUG reactor.netty.resources.PooledConnectionProvider - [id: 0x8d01d79b, L:/127.0.0.1:50666 - R:localhost/127.0.0.1:8083] onStateChange(GET{uri=/, connection=PooledConnection{channel=[id: 0x8d01d79b, L:/127.0.0.1:50666 - R:localhost/127.0.0.1:8083]}}, [configured])
10:13:39.059 [reactor-http-nio-2] DEBUG reactor.netty.resources.PooledConnectionProvider - [id: 0xcfabeeff, L:/127.0.0.1:50667 - R:localhost/127.0.0.1:8083] onStateChange(PooledConnection{channel=[id: 0xcfabeeff, L:/127.0.0.1:50667 - R:localhost/127.0.0.1:8083]}, [connected])
10:13:39.059 [reactor-http-nio-2] DEBUG reactor.netty.resources.PooledConnectionProvider - [id: 0xcfabeeff, L:/127.0.0.1:50667 - R:localhost/127.0.0.1:8083] onStateChange(GET{uri=/, connection=PooledConnection{channel=[id: 0xcfabeeff, L:/127.0.0.1:50667 - R:localhost/127.0.0.1:8083]}}, [configured])
10:13:39.060 [reactor-http-nio-2] DEBUG reactor.netty.resources.PooledConnectionProvider - [id: 0x2d54db0e, L:/127.0.0.1:50668 - R:localhost/127.0.0.1:8083] onStateChange(PooledConnection{channel=[id: 0x2d54db0e, L:/127.0.0.1:50668 - R:localhost/127.0.0.1:8083]}, [connected])
10:13:39.060 [reactor-http-nio-2] DEBUG reactor.netty.resources.PooledConnectionProvider - [id: 0x2d54db0e, L:/127.0.0.1:50668 - R:localhost/127.0.0.1:8083] onStateChange(GET{uri=/, connection=PooledConnection{channel=[id: 0x2d54db0e, L:/127.0.0.1:50668 - R:localhost/127.0.0.1:8083]}}, [configured])
10:13:39.060 [reactor-http-nio-2] DEBUG reactor.netty.resources.PooledConnectionProvider - [id: 0xc558618d, L:/127.0.0.1:50669 - R:localhost/127.0.0.1:8083] onStateChange(PooledConnection{channel=[id: 0xc558618d, L:/127.0.0.1:50669 - R:localhost/127.0.0.1:8083]}, [connected])
10:13:39.061 [reactor-http-nio-2] DEBUG reactor.netty.resources.PooledConnectionProvider - [id: 0xc558618d, L:/127.0.0.1:50669 - R:localhost/127.0.0.1:8083] onStateChange(GET{uri=/, connection=PooledConnection{channel=[id: 0xc558618d, L:/127.0.0.1:50669 - R:localhost/127.0.0.1:8083]}}, [configured])
10:13:38.994 [pool-4-thread-47] DEBUG org.springframework.web.reactive.function.client.ExchangeFunctions - [1098ced1] HTTP GET http://localhost:8083/userLocation?userId=32cde73c-e0b4-4c33-ab34-6914f13279d8
10:13:39.064 [reactor-http-nio-2] DEBUG reactor.netty.resources.PooledConnectionProvider - [id: 0xcfb207a6, L:/127.0.0.1:50628 - R:localhost/127.0.0.1:8083] Channel acquired, now 15 active connections and 54 inactive connections
10:13:39.064 [reactor-http-nio-2] DEBUG reactor.netty.http.client.HttpClientConnect - [id: 0xcfb207a6, L:/127.0.0.1:50628 - R:localhost/127.0.0.1:8083] Handler is being applied: {uri=http://localhost:8083/userLocation?userId=32cde73c-e0b4-4c33-ab34-6914f13279d8, method=GET}
10:13:39.065 [reactor-http-nio-2] DEBUG reactor.netty.resources.PooledConnectionProvider - [id: 0xcfb207a6, L:/127.0.0.1:50628 - R:localhost/127.0.0.1:8083] onStateChange(GET{uri=/userLocation?userId=32cde73c-e0b4-4c33-ab34-6914f13279d8, connection=PooledConnection{channel=[id: 0xcfb207a6, L:/127.0.0.1:50628 - R:localhost/127.0.0.1:8083]}}, [request_sent])
10:13:38.994 [pool-4-thread-48] DEBUG org.springframework.web.reactive.function.client.ExchangeFunctions - [d3a3d24] HTTP GET http://localhost:8083/userLocation?userId=d486a7d9-bee9-4a31-8678-6c25de29be8d
10:13:39.068 [pool-4-thread-17] DEBUG org.springframework.web.reactive.function.client.ExchangeFunctions - [3d402ee9] HTTP GET http://localhost:8083/attractions
10:13:38.995 [pool-4-thread-58] DEBUG org.springframework.web.reactive.function.client.ExchangeFunctions - [5ca2be10] HTTP GET http://localhost:8083/userLocation?userId=00f4039e-df06-48b8-910d-7d5a1ab351b3
10:13:38.995 [pool-4-thread-62] DEBUG org.springframework.web.reactive.function.client.ExchangeFunctions - [3632cbaf] HTTP GET http://localhost:8083/userLocation?userId=6bed1fc0-3310-4704-bbe7-1b540e52e4d8
10:13:38.995 [pool-4-thread-80] DEBUG org.springframework.web.reactive.function.client.ExchangeFunctions - [8c5ab21] HTTP GET http://localhost:8083/userLocation?userId=164161b0-f0dd-4717-be45-fcbe1b886583
10:13:38.995 [pool-4-thread-99] DEBUG org.springframework.web.reactive.function.client.ExchangeFunctions - [339e1c00] HTTP GET http://localhost:8083/userLocation?userId=ec16b99c-489e-4aac-98bd-ea20bc241d79
10:13:38.995 [pool-4-thread-86] DEBUG org.springframework.web.reactive.function.client.ExchangeFunctions - [709276a6] HTTP GET http://localhost:8083/userLocation?userId=5b155730-df25-42b9-ab70-0e94a6ef1dd6
10:13:38.974 [pool-4-thread-76] DEBUG org.springframework.web.reactive.function.client.ExchangeFunctions - [250a62f1] HTTP GET http://localhost:8083/userLocation?userId=12a7f729-300a-4c6f-a25d-779e4a72ee06
10:13:39.013 [reactor-http-nio-3] DEBUG reactor.netty.resources.PooledConnectionProvider - [id: 0xa3626cd8] Created new pooled channel, now 21 active connections and 29 inactive connections
10:13:39.075 [reactor-http-nio-2] DEBUG reactor.netty.resources.PooledConnectionProvider - [id: 0x139d3d87] Created new pooled channel, now 15 active connections and 55 inactive connections
10:13:39.077 [reactor-http-nio-3] DEBUG reactor.netty.channel.BootstrapHandlers - [id: 0xa3626cd8] Initialized pipeline DefaultChannelPipeline{(BootstrapHandlers$BootstrapInitializerHandler#0 = reactor.netty.channel.BootstrapHandlers$BootstrapInitializerHandler), (SimpleChannelPool$1#0 = io.netty.channel.pool.SimpleChannelPool$1), (reactor.left.httpCodec = io.netty.handler.codec.http.HttpClientCodec), (reactor.left.decompressor = io.netty.handler.codec.http.HttpContentDecompressor), (reactor.right.reactiveBridge = reactor.netty.channel.ChannelOperationsHandler)}
10:13:39.077 [reactor-http-nio-3] DEBUG reactor.netty.resources.PooledConnectionProvider - [id: 0x848154ea] Created new pooled channel, now 15 active connections and 56 inactive connections
10:13:39.077 [reactor-http-nio-3] DEBUG reactor.netty.channel.BootstrapHandlers - [id: 0x848154ea] Initialized pipeline DefaultChannelPipeline{(BootstrapHandlers$BootstrapInitializerHandler#0 = reactor.netty.channel.BootstrapHandlers$BootstrapInitializerHandler), (SimpleChannelPool$1#0 = io.netty.channel.pool.SimpleChannelPool$1), (reactor.left.httpCodec = io.netty.handler.codec.http.HttpClientCodec), (reactor.left.decompressor = io.netty.handler.codec.http.HttpContentDecompressor), (reactor.right.reactiveBridge = reactor.netty.channel.ChannelOperationsHandler)}
10:13:39.077 [reactor-http-nio-2] DEBUG reactor.netty.channel.BootstrapHandlers - [id: 0x139d3d87] Initialized pipeline DefaultChannelPipeline{(BootstrapHandlers$BootstrapInitializerHandler#0 = reactor.netty.channel.BootstrapHandlers$BootstrapInitializerHandler), (SimpleChannelPool$1#0 = io.netty.channel.pool.SimpleChannelPool$1), (reactor.left.httpCodec = io.netty.handler.codec.http.HttpClientCodec), (reactor.left.decompressor = io.netty.handler.codec.http.HttpContentDecompressor), (reactor.right.reactiveBridge = reactor.netty.channel.ChannelOperationsHandler)}
10:13:39.045 [reactor-http-nio-4] DEBUG reactor.netty.resources.PooledConnectionProvider - [id: 0x16ab4917] Created new pooled channel, now 19 active connections and 50 inactive connections
10:13:39.078 [reactor-http-nio-4] DEBUG reactor.netty.channel.BootstrapHandlers - [id: 0x16ab4917] Initialized pipeline DefaultChannelPipeline{(BootstrapHandlers$BootstrapInitializerHandler#0 = reactor.netty.channel.BootstrapHandlers$BootstrapInitializerHandler), (SimpleChannelPool$1#0 = io.netty.channel.pool.SimpleChannelPool$1), (reactor.left.httpCodec = io.netty.handler.codec.http.HttpClientCodec), (reactor.left.decompressor = io.netty.handler.codec.http.HttpContentDecompressor), (reactor.right.reactiveBridge = reactor.netty.channel.ChannelOperationsHandler)}
10:13:39.079 [reactor-http-nio-4] DEBUG reactor.netty.resources.PooledConnectionProvider - [id: 0xb232e8be] Created new pooled channel, now 15 active connections and 57 inactive connections
10:13:39.079 [reactor-http-nio-4] DEBUG reactor.netty.channel.BootstrapHandlers - [id: 0xb232e8be] Initialized pipeline DefaultChannelPipeline{(BootstrapHandlers$BootstrapInitializerHandler#0 = reactor.netty.channel.BootstrapHandlers$BootstrapInitializerHandler), (SimpleChannelPool$1#0 = io.netty.channel.pool.SimpleChannelPool$1), (reactor.left.httpCodec = io.netty.handler.codec.http.HttpClientCodec), (reactor.left.decompressor = io.netty.handler.codec.http.HttpContentDecompressor), (reactor.right.reactiveBridge = reactor.netty.channel.ChannelOperationsHandler)}
10:13:39.081 [reactor-http-nio-4] DEBUG reactor.netty.resources.PooledConnectionProvider - [id: 0x0fdbb1c2] Created new pooled channel, now 15 active connections and 58 inactive connections
10:13:39.081 [reactor-http-nio-2] DEBUG reactor.netty.resources.PooledConnectionProvider - [id: 0x139d3d87, L:/127.0.0.1:50670 - R:localhost/127.0.0.1:8083] onStateChange(PooledConnection{channel=[id: 0x139d3d87, L:/127.0.0.1:50670 - R:localhost/127.0.0.1:8083]}, [connected])
10:13:39.083 [reactor-http-nio-4] DEBUG reactor.netty.channel.BootstrapHandlers - [id: 0x0fdbb1c2] Initialized pipeline DefaultChannelPipeline{(BootstrapHandlers$BootstrapInitializerHandler#0 = reactor.netty.channel.BootstrapHandlers$BootstrapInitializerHandler), (SimpleChannelPool$1#0 = io.netty.channel.pool.SimpleChannelPool$1), (reactor.left.httpCodec = io.netty.handler.codec.http.HttpClientCodec), (reactor.left.decompressor = io.netty.handler.codec.http.HttpContentDecompressor), (reactor.right.reactiveBridge = reactor.netty.channel.ChannelOperationsHandler)}
10:13:39.084 [reactor-http-nio-2] DEBUG reactor.netty.resources.PooledConnectionProvider - [id: 0x139d3d87, L:/127.0.0.1:50670 - R:localhost/127.0.0.1:8083] onStateChange(GET{uri=/, connection=PooledConnection{channel=[id: 0x139d3d87, L:/127.0.0.1:50670 - R:localhost/127.0.0.1:8083]}}, [configured])
10:13:39.084 [reactor-http-nio-4] DEBUG reactor.netty.resources.PooledConnectionProvider - [id: 0xd848025a] Created new pooled channel, now 15 active connections and 59 inactive connections
10:13:39.084 [reactor-http-nio-4] DEBUG reactor.netty.channel.BootstrapHandlers - [id: 0xd848025a] Initialized pipeline DefaultChannelPipeline{(BootstrapHandlers$BootstrapInitializerHandler#0 = reactor.netty.channel.BootstrapHandlers$BootstrapInitializerHandler), (SimpleChannelPool$1#0 = io.netty.channel.pool.SimpleChannelPool$1), (reactor.left.httpCodec = io.netty.handler.codec.http.HttpClientCodec), (reactor.left.decompressor = io.netty.handler.codec.http.HttpContentDecompressor), (reactor.right.reactiveBridge = reactor.netty.channel.ChannelOperationsHandler)}
10:13:39.085 [reactor-http-nio-2] DEBUG reactor.netty.resources.PooledConnectionProvider - [id: 0x7da5620d, L:/127.0.0.1:50618 - R:localhost/127.0.0.1:8083] Channel acquired, now 16 active connections and 58 inactive connections
10:13:39.085 [reactor-http-nio-2] DEBUG reactor.netty.http.client.HttpClientConnect - [id: 0x7da5620d, L:/127.0.0.1:50618 - R:localhost/127.0.0.1:8083] Handler is being applied: {uri=http://localhost:8083/userLocation?userId=05f0cbf3-9e87-4b75-a485-45bf9a6da9f2, method=GET}
10:13:39.087 [reactor-http-nio-2] DEBUG reactor.netty.resources.PooledConnectionProvider - [id: 0x7da5620d, L:/127.0.0.1:50618 - R:localhost/127.0.0.1:8083] onStateChange(GET{uri=/userLocation?userId=05f0cbf3-9e87-4b75-a485-45bf9a6da9f2, connection=PooledConnection{channel=[id: 0x7da5620d, L:/127.0.0.1:50618 - R:localhost/127.0.0.1:8083]}}, [request_sent])
10:13:39.092 [reactor-http-nio-3] DEBUG reactor.netty.resources.PooledConnectionProvider - [id: 0xbacd0b54] Created new pooled channel, now 16 active connections and 59 inactive connections
10:13:39.095 [reactor-http-nio-3] DEBUG reactor.netty.channel.BootstrapHandlers - [id: 0xbacd0b54] Initialized pipeline DefaultChannelPipeline{(BootstrapHandlers$BootstrapInitializerHandler#0 = reactor.netty.channel.BootstrapHandlers$BootstrapInitializerHandler), (SimpleChannelPool$1#0 = io.netty.channel.pool.SimpleChannelPool$1), (reactor.left.httpCodec = io.netty.handler.codec.http.HttpClientCodec), (reactor.left.decompressor = io.netty.handler.codec.http.HttpContentDecompressor), (reactor.right.reactiveBridge = reactor.netty.channel.ChannelOperationsHandler)}
10:13:39.095 [reactor-http-nio-3] DEBUG reactor.netty.resources.PooledConnectionProvider - [id: 0x90a5bcc2] Created new pooled channel, now 16 active connections and 60 inactive connections
10:13:39.096 [reactor-http-nio-3] DEBUG reactor.netty.channel.BootstrapHandlers - [id: 0x90a5bcc2] Initialized pipeline DefaultChannelPipeline{(BootstrapHandlers$BootstrapInitializerHandler#0 = reactor.netty.channel.BootstrapHandlers$BootstrapInitializerHandler), (SimpleChannelPool$1#0 = io.netty.channel.pool.SimpleChannelPool$1), (reactor.left.httpCodec = io.netty.handler.codec.http.HttpClientCodec), (reactor.left.decompressor = io.netty.handler.codec.http.HttpContentDecompressor), (reactor.right.reactiveBridge = reactor.netty.channel.ChannelOperationsHandler)}
10:13:39.097 [reactor-http-nio-2] DEBUG reactor.netty.resources.PooledConnectionProvider - [id: 0xf6a1e568, L:/127.0.0.1:50619 - R:localhost/127.0.0.1:8083] Channel acquired, now 18 active connections and 58 inactive connections
10:13:39.097 [reactor-http-nio-2] DEBUG reactor.netty.http.client.HttpClientConnect - [id: 0xf6a1e568, L:/127.0.0.1:50619 - R:localhost/127.0.0.1:8083] Handler is being applied: {uri=http://localhost:8083/userLocation?userId=28570b88-391c-43d3-a9be-2f876d2554f7, method=GET}
10:13:39.098 [reactor-http-nio-2] DEBUG reactor.netty.resources.PooledConnectionProvider - [id: 0xf6a1e568, L:/127.0.0.1:50619 - R:localhost/127.0.0.1:8083] onStateChange(GET{uri=/userLocation?userId=28570b88-391c-43d3-a9be-2f876d2554f7, connection=PooledConnection{channel=[id: 0xf6a1e568, L:/127.0.0.1:50619 - R:localhost/127.0.0.1:8083]}}, [request_sent])
10:13:39.099 [reactor-http-nio-2] DEBUG reactor.netty.resources.PooledConnectionProvider - [id: 0xa634fb68, L:/127.0.0.1:50662 - R:localhost/127.0.0.1:8083] Registering pool release on close event for channel
10:13:39.099 [reactor-http-nio-4] DEBUG reactor.netty.resources.PooledConnectionProvider - [id: 0x6bb66c88] Created new pooled channel, now 19 active connections and 58 inactive connections
10:13:39.099 [reactor-http-nio-2] DEBUG reactor.netty.http.client.HttpClientConnect - [id: 0xa634fb68, L:/127.0.0.1:50662 - R:localhost/127.0.0.1:8083] Handler is being applied: {uri=http://localhost:8083/userLocation?userId=067f6b23-ff17-49bf-8045-f969f858b780, method=GET}
10:13:39.100 [reactor-http-nio-2] DEBUG reactor.netty.resources.PooledConnectionProvider - [id: 0xa634fb68, L:/127.0.0.1:50662 - R:localhost/127.0.0.1:8083] onStateChange(GET{uri=/userLocation?userId=067f6b23-ff17-49bf-8045-f969f858b780, connection=PooledConnection{channel=[id: 0xa634fb68, L:/127.0.0.1:50662 - R:localhost/127.0.0.1:8083]}}, [request_sent])
10:13:39.101 [reactor-http-nio-2] DEBUG reactor.netty.resources.PooledConnectionProvider - [id: 0xa634fb68, L:/127.0.0.1:50662 - R:localhost/127.0.0.1:8083] Channel connected, now 19 active connections and 58 inactive connections
10:13:39.101 [reactor-http-nio-2] DEBUG reactor.netty.resources.PooledConnectionProvider - [id: 0x0da0a9f9, L:/127.0.0.1:50665 - R:localhost/127.0.0.1:8083] Registering pool release on close event for channel
10:13:39.101 [reactor-http-nio-2] DEBUG reactor.netty.http.client.HttpClientConnect - [id: 0x0da0a9f9, L:/127.0.0.1:50665 - R:localhost/127.0.0.1:8083] Handler is being applied: {uri=http://localhost:8083/userLocation?userId=d2164fa2-8cec-4a37-8e84-b20f6d5ddd0c, method=GET}
10:13:39.102 [reactor-http-nio-2] DEBUG reactor.netty.resources.PooledConnectionProvider - [id: 0x0da0a9f9, L:/127.0.0.1:50665 - R:localhost/127.0.0.1:8083] onStateChange(GET{uri=/userLocation?userId=d2164fa2-8cec-4a37-8e84-b20f6d5ddd0c, connection=PooledConnection{channel=[id: 0x0da0a9f9, L:/127.0.0.1:50665 - R:localhost/127.0.0.1:8083]}}, [request_sent])
10:13:39.102 [reactor-http-nio-2] DEBUG reactor.netty.resources.PooledConnectionProvider - [id: 0x0da0a9f9, L:/127.0.0.1:50665 - R:localhost/127.0.0.1:8083] Channel connected, now 20 active connections and 57 inactive connections
10:13:39.102 [reactor-http-nio-2] DEBUG reactor.netty.resources.PooledConnectionProvider - [id: 0xc558618d, L:/127.0.0.1:50669 - R:localhost/127.0.0.1:8083] Registering pool release on close event for channel
10:13:39.102 [reactor-http-nio-2] DEBUG reactor.netty.http.client.HttpClientConnect - [id: 0xc558618d, L:/127.0.0.1:50669 - R:localhost/127.0.0.1:8083] Handler is being applied: {uri=http://localhost:8083/userLocation?userId=cd2f5469-5667-4c2c-a16b-58fb05875eff, method=GET}
10:13:39.103 [reactor-http-nio-2] DEBUG reactor.netty.resources.PooledConnectionProvider - [id: 0xc558618d, L:/127.0.0.1:50669 - R:localhost/127.0.0.1:8083] onStateChange(GET{uri=/userLocation?userId=cd2f5469-5667-4c2c-a16b-58fb05875eff, connection=PooledConnection{channel=[id: 0xc558618d, L:/127.0.0.1:50669 - R:localhost/127.0.0.1:8083]}}, [request_sent])
10:13:39.103 [reactor-http-nio-2] DEBUG reactor.netty.resources.PooledConnectionProvider - [id: 0xc558618d, L:/127.0.0.1:50669 - R:localhost/127.0.0.1:8083] Channel connected, now 21 active connections and 56 inactive connections
10:13:39.103 [reactor-http-nio-2] DEBUG reactor.netty.resources.PooledConnectionProvider - [id: 0xaea19dad, L:/127.0.0.1:50624 - R:localhost/127.0.0.1:8083] Channel acquired, now 22 active connections and 55 inactive connections
10:13:39.103 [reactor-http-nio-4] DEBUG reactor.netty.channel.BootstrapHandlers - [id: 0x6bb66c88] Initialized pipeline DefaultChannelPipeline{(BootstrapHandlers$BootstrapInitializerHandler#0 = reactor.netty.channel.BootstrapHandlers$BootstrapInitializerHandler), (SimpleChannelPool$1#0 = io.netty.channel.pool.SimpleChannelPool$1), (reactor.left.httpCodec = io.netty.handler.codec.http.HttpClientCodec), (reactor.left.decompressor = io.netty.handler.codec.http.HttpContentDecompressor), (reactor.right.reactiveBridge = reactor.netty.channel.ChannelOperationsHandler)}
10:13:39.096 [reactor-http-nio-3] DEBUG reactor.netty.resources.PooledConnectionProvider - [id: 0xd9faa4fe, L:/127.0.0.1:50640 - R:localhost/127.0.0.1:8083] Channel acquired, now 22 active connections and 55 inactive connections
10:13:39.103 [reactor-http-nio-3] DEBUG reactor.netty.http.client.HttpClientConnect - [id: 0xd9faa4fe, L:/127.0.0.1:50640 - R:localhost/127.0.0.1:8083] Handler is being applied: {uri=http://localhost:8083/userLocation?userId=96191adb-4297-47e0-b8a2-a371c1a03e56, method=GET}
10:13:39.104 [reactor-http-nio-3] DEBUG reactor.netty.resources.PooledConnectionProvider - [id: 0xd9faa4fe, L:/127.0.0.1:50640 - R:localhost/127.0.0.1:8083] onStateChange(GET{uri=/userLocation?userId=96191adb-4297-47e0-b8a2-a371c1a03e56, connection=PooledConnection{channel=[id: 0xd9faa4fe, L:/127.0.0.1:50640 - R:localhost/127.0.0.1:8083]}}, [request_sent])
10:13:39.105 [reactor-http-nio-3] DEBUG reactor.netty.resources.PooledConnectionProvider - [id: 0x75450fe9] Created new pooled channel, now 22 active connections and 56 inactive connections
10:13:39.106 [reactor-http-nio-3] DEBUG reactor.netty.channel.BootstrapHandlers - [id: 0x75450fe9] Initialized pipeline DefaultChannelPipeline{(BootstrapHandlers$BootstrapInitializerHandler#0 = reactor.netty.channel.BootstrapHandlers$BootstrapInitializerHandler), (SimpleChannelPool$1#0 = io.netty.channel.pool.SimpleChannelPool$1), (reactor.left.httpCodec = io.netty.handler.codec.http.HttpClientCodec), (reactor.left.decompressor = io.netty.handler.codec.http.HttpContentDecompressor), (reactor.right.reactiveBridge = reactor.netty.channel.ChannelOperationsHandler)}
10:13:39.107 [reactor-http-nio-3] DEBUG reactor.netty.resources.PooledConnectionProvider - [id: 0x2dcb9d1a] Created new pooled channel, now 22 active connections and 57 inactive connections
10:13:39.107 [reactor-http-nio-3] DEBUG reactor.netty.channel.BootstrapHandlers - [id: 0x2dcb9d1a] Initialized pipeline DefaultChannelPipeline{(BootstrapHandlers$BootstrapInitializerHandler#0 = reactor.netty.channel.BootstrapHandlers$BootstrapInitializerHandler), (SimpleChannelPool$1#0 = io.netty.channel.pool.SimpleChannelPool$1), (reactor.left.httpCodec = io.netty.handler.codec.http.HttpClientCodec), (reactor.left.decompressor = io.netty.handler.codec.http.HttpContentDecompressor), (reactor.right.reactiveBridge = reactor.netty.channel.ChannelOperationsHandler)}
10:13:39.108 [reactor-http-nio-4] DEBUG reactor.netty.resources.PooledConnectionProvider - [id: 0xce2e26b5, L:/127.0.0.1:50623 - R:localhost/127.0.0.1:8083] Channel acquired, now 23 active connections and 56 inactive connections
10:13:39.108 [reactor-http-nio-4] DEBUG reactor.netty.http.client.HttpClientConnect - [id: 0xce2e26b5, L:/127.0.0.1:50623 - R:localhost/127.0.0.1:8083] Handler is being applied: {uri=http://localhost:8083/attractions, method=GET}
10:13:39.046 [reactor-http-nio-1] DEBUG reactor.netty.channel.BootstrapHandlers - [id: 0xdc047dac] Initialized pipeline DefaultChannelPipeline{(BootstrapHandlers$BootstrapInitializerHandler#0 = reactor.netty.channel.BootstrapHandlers$BootstrapInitializerHandler), (SimpleChannelPool$1#0 = io.netty.channel.pool.SimpleChannelPool$1), (reactor.left.httpCodec = io.netty.handler.codec.http.HttpClientCodec), (reactor.left.decompressor = io.netty.handler.codec.http.HttpContentDecompressor), (reactor.right.reactiveBridge = reactor.netty.channel.ChannelOperationsHandler)}
10:13:39.114 [reactor-http-nio-3] DEBUG reactor.netty.resources.PooledConnectionProvider - [id: 0x3f9a41fc, L:/127.0.0.1:50649 - R:localhost/127.0.0.1:8083] onStateChange(PooledConnection{channel=[id: 0x3f9a41fc, L:/127.0.0.1:50649 - R:localhost/127.0.0.1:8083]}, [connected])
10:13:39.115 [reactor-http-nio-3] DEBUG reactor.netty.resources.PooledConnectionProvider - [id: 0x3f9a41fc, L:/127.0.0.1:50649 - R:localhost/127.0.0.1:8083] onStateChange(GET{uri=/, connection=PooledConnection{channel=[id: 0x3f9a41fc, L:/127.0.0.1:50649 - R:localhost/127.0.0.1:8083]}}, [configured])
10:13:39.115 [reactor-http-nio-3] DEBUG reactor.netty.resources.PooledConnectionProvider - [id: 0x066048e0, L:/127.0.0.1:50650 - R:localhost/127.0.0.1:8083] onStateChange(PooledConnection{channel=[id: 0x066048e0, L:/127.0.0.1:50650 - R:localhost/127.0.0.1:8083]}, [connected])
10:13:39.115 [reactor-http-nio-3] DEBUG reactor.netty.resources.PooledConnectionProvider - [id: 0x066048e0, L:/127.0.0.1:50650 - R:localhost/127.0.0.1:8083] onStateChange(GET{uri=/, connection=PooledConnection{channel=[id: 0x066048e0, L:/127.0.0.1:50650 - R:localhost/127.0.0.1:8083]}}, [configured])
10:13:39.116 [reactor-http-nio-1] DEBUG reactor.netty.resources.PooledConnectionProvider - [id: 0x5bb369e8] Created new pooled channel, now 23 active connections and 57 inactive connections
10:13:39.116 [reactor-http-nio-3] DEBUG reactor.netty.resources.PooledConnectionProvider - [id: 0x8480b771, L:/127.0.0.1:50651 - R:localhost/127.0.0.1:8083] onStateChange(PooledConnection{channel=[id: 0x8480b771, L:/127.0.0.1:50651 - R:localhost/127.0.0.1:8083]}, [connected])
10:13:39.117 [reactor-http-nio-3] DEBUG reactor.netty.resources.PooledConnectionProvider - [id: 0x8480b771, L:/127.0.0.1:50651 - R:localhost/127.0.0.1:8083] onStateChange(GET{uri=/, connection=PooledConnection{channel=[id: 0x8480b771, L:/127.0.0.1:50651 - R:localhost/127.0.0.1:8083]}}, [configured])
10:13:39.117 [reactor-http-nio-3] DEBUG reactor.netty.resources.PooledConnectionProvider - [id: 0x3ebd4108, L:/127.0.0.1:50652 - R:localhost/127.0.0.1:8083] onStateChange(PooledConnection{channel=[id: 0x3ebd4108, L:/127.0.0.1:50652 - R:localhost/127.0.0.1:8083]}, [connected])
10:13:39.117 [reactor-http-nio-3] DEBUG reactor.netty.resources.PooledConnectionProvider - [id: 0x3ebd4108, L:/127.0.0.1:50652 - R:localhost/127.0.0.1:8083] onStateChange(GET{uri=/, connection=PooledConnection{channel=[id: 0x3ebd4108, L:/127.0.0.1:50652 - R:localhost/127.0.0.1:8083]}}, [configured])
10:13:39.117 [reactor-http-nio-3] DEBUG reactor.netty.resources.PooledConnectionProvider - [id: 0x3304da66, L:/127.0.0.1:50653 - R:localhost/127.0.0.1:8083] onStateChange(PooledConnection{channel=[id: 0x3304da66, L:/127.0.0.1:50653 - R:localhost/127.0.0.1:8083]}, [connected])
10:13:39.117 [reactor-http-nio-3] DEBUG reactor.netty.resources.PooledConnectionProvider - [id: 0x3304da66, L:/127.0.0.1:50653 - R:localhost/127.0.0.1:8083] onStateChange(GET{uri=/, connection=PooledConnection{channel=[id: 0x3304da66, L:/127.0.0.1:50653 - R:localhost/127.0.0.1:8083]}}, [configured])
10:13:39.118 [reactor-http-nio-3] DEBUG reactor.netty.resources.PooledConnectionProvider - [id: 0x5d51966d, L:/127.0.0.1:50654 - R:localhost/127.0.0.1:8083] onStateChange(PooledConnection{channel=[id: 0x5d51966d, L:/127.0.0.1:50654 - R:localhost/127.0.0.1:8083]}, [connected])
10:13:39.118 [reactor-http-nio-3] DEBUG reactor.netty.resources.PooledConnectionProvider - [id: 0x5d51966d, L:/127.0.0.1:50654 - R:localhost/127.0.0.1:8083] onStateChange(GET{uri=/, connection=PooledConnection{channel=[id: 0x5d51966d, L:/127.0.0.1:50654 - R:localhost/127.0.0.1:8083]}}, [configured])
10:13:39.119 [reactor-http-nio-3] DEBUG reactor.netty.resources.PooledConnectionProvider - [id: 0x16156b84, L:/127.0.0.1:50655 - R:localhost/127.0.0.1:8083] onStateChange(PooledConnection{channel=[id: 0x16156b84, L:/127.0.0.1:50655 - R:localhost/127.0.0.1:8083]}, [connected])
10:13:39.119 [reactor-http-nio-3] DEBUG reactor.netty.resources.PooledConnectionProvider - [id: 0x16156b84, L:/127.0.0.1:50655 - R:localhost/127.0.0.1:8083] onStateChange(GET{uri=/, connection=PooledConnection{channel=[id: 0x16156b84, L:/127.0.0.1:50655 - R:localhost/127.0.0.1:8083]}}, [configured])
10:13:39.119 [reactor-http-nio-3] DEBUG reactor.netty.resources.PooledConnectionProvider - [id: 0x1ff223b6, L:/127.0.0.1:50656 - R:localhost/127.0.0.1:8083] onStateChange(PooledConnection{channel=[id: 0x1ff223b6, L:/127.0.0.1:50656 - R:localhost/127.0.0.1:8083]}, [connected])
10:13:39.119 [reactor-http-nio-3] DEBUG reactor.netty.resources.PooledConnectionProvider - [id: 0x1ff223b6, L:/127.0.0.1:50656 - R:localhost/127.0.0.1:8083] onStateChange(GET{uri=/, connection=PooledConnection{channel=[id: 0x1ff223b6, L:/127.0.0.1:50656 - R:localhost/127.0.0.1:8083]}}, [configured])
10:13:39.120 [reactor-http-nio-3] DEBUG reactor.netty.resources.PooledConnectionProvider - [id: 0xca71adf9, L:/127.0.0.1:50657 - R:localhost/127.0.0.1:8083] onStateChange(PooledConnection{channel=[id: 0xca71adf9, L:/127.0.0.1:50657 - R:localhost/127.0.0.1:8083]}, [connected])
10:13:39.120 [reactor-http-nio-3] DEBUG reactor.netty.resources.PooledConnectionProvider - [id: 0xca71adf9, L:/127.0.0.1:50657 - R:localhost/127.0.0.1:8083] onStateChange(GET{uri=/, connection=PooledConnection{channel=[id: 0xca71adf9, L:/127.0.0.1:50657 - R:localhost/127.0.0.1:8083]}}, [configured])
10:13:39.121 [reactor-http-nio-3] DEBUG reactor.netty.resources.PooledConnectionProvider - [id: 0xf5289a3b, L:/127.0.0.1:50658 - R:localhost/127.0.0.1:8083] onStateChange(PooledConnection{channel=[id: 0xf5289a3b, L:/127.0.0.1:50658 - R:localhost/127.0.0.1:8083]}, [connected])
10:13:39.122 [reactor-http-nio-3] DEBUG reactor.netty.resources.PooledConnectionProvider - [id: 0xf5289a3b, L:/127.0.0.1:50658 - R:localhost/127.0.0.1:8083] onStateChange(GET{uri=/, connection=PooledConnection{channel=[id: 0xf5289a3b, L:/127.0.0.1:50658 - R:localhost/127.0.0.1:8083]}}, [configured])
10:13:39.123 [reactor-http-nio-3] DEBUG reactor.netty.resources.PooledConnectionProvider - [id: 0xa3626cd8, L:/127.0.0.1:50681 - R:localhost/127.0.0.1:8083] onStateChange(PooledConnection{channel=[id: 0xa3626cd8, L:/127.0.0.1:50681 - R:localhost/127.0.0.1:8083]}, [connected])
10:13:39.123 [reactor-http-nio-3] DEBUG reactor.netty.resources.PooledConnectionProvider - [id: 0xa3626cd8, L:/127.0.0.1:50681 - R:localhost/127.0.0.1:8083] onStateChange(GET{uri=/, connection=PooledConnection{channel=[id: 0xa3626cd8, L:/127.0.0.1:50681 - R:localhost/127.0.0.1:8083]}}, [configured])
10:13:39.124 [reactor-http-nio-3] DEBUG reactor.netty.resources.PooledConnectionProvider - [id: 0x848154ea, L:/127.0.0.1:50683 - R:localhost/127.0.0.1:8083] onStateChange(PooledConnection{channel=[id: 0x848154ea, L:/127.0.0.1:50683 - R:localhost/127.0.0.1:8083]}, [connected])
10:13:39.125 [reactor-http-nio-3] DEBUG reactor.netty.resources.PooledConnectionProvider - [id: 0x848154ea, L:/127.0.0.1:50683 - R:localhost/127.0.0.1:8083] onStateChange(GET{uri=/, connection=PooledConnection{channel=[id: 0x848154ea, L:/127.0.0.1:50683 - R:localhost/127.0.0.1:8083]}}, [configured])
10:13:39.126 [reactor-http-nio-3] DEBUG reactor.netty.resources.PooledConnectionProvider - [id: 0xbacd0b54, L:/127.0.0.1:50684 - R:localhost/127.0.0.1:8083] onStateChange(PooledConnection{channel=[id: 0xbacd0b54, L:/127.0.0.1:50684 - R:localhost/127.0.0.1:8083]}, [connected])
10:13:39.126 [reactor-http-nio-3] DEBUG reactor.netty.resources.PooledConnectionProvider - [id: 0xbacd0b54, L:/127.0.0.1:50684 - R:localhost/127.0.0.1:8083] onStateChange(GET{uri=/, connection=PooledConnection{channel=[id: 0xbacd0b54, L:/127.0.0.1:50684 - R:localhost/127.0.0.1:8083]}}, [configured])
10:13:39.127 [reactor-http-nio-3] DEBUG reactor.netty.resources.PooledConnectionProvider - [id: 0x90a5bcc2, L:/127.0.0.1:50685 - R:localhost/127.0.0.1:8083] onStateChange(PooledConnection{channel=[id: 0x90a5bcc2, L:/127.0.0.1:50685 - R:localhost/127.0.0.1:8083]}, [connected])
10:13:39.127 [reactor-http-nio-3] DEBUG reactor.netty.resources.PooledConnectionProvider - [id: 0x90a5bcc2, L:/127.0.0.1:50685 - R:localhost/127.0.0.1:8083] onStateChange(GET{uri=/, connection=PooledConnection{channel=[id: 0x90a5bcc2, L:/127.0.0.1:50685 - R:localhost/127.0.0.1:8083]}}, [configured])
10:13:39.128 [reactor-http-nio-3] DEBUG reactor.netty.resources.PooledConnectionProvider - [id: 0x75450fe9, L:/127.0.0.1:50686 - R:localhost/127.0.0.1:8083] onStateChange(PooledConnection{channel=[id: 0x75450fe9, L:/127.0.0.1:50686 - R:localhost/127.0.0.1:8083]}, [connected])
10:13:39.061 [pool-4-thread-15] DEBUG org.springframework.web.reactive.function.client.ExchangeFunctions - [47e59f86] HTTP GET http://localhost:8083/attractions
10:13:39.129 [reactor-http-nio-3] DEBUG reactor.netty.resources.PooledConnectionProvider - [id: 0x75450fe9, L:/127.0.0.1:50686 - R:localhost/127.0.0.1:8083] onStateChange(GET{uri=/, connection=PooledConnection{channel=[id: 0x75450fe9, L:/127.0.0.1:50686 - R:localhost/127.0.0.1:8083]}}, [configured])
10:13:39.129 [reactor-http-nio-3] DEBUG reactor.netty.resources.PooledConnectionProvider - [id: 0x2dcb9d1a, L:/127.0.0.1:50687 - R:localhost/127.0.0.1:8083] onStateChange(PooledConnection{channel=[id: 0x2dcb9d1a, L:/127.0.0.1:50687 - R:localhost/127.0.0.1:8083]}, [connected])
10:13:39.129 [reactor-http-nio-3] DEBUG reactor.netty.resources.PooledConnectionProvider - [id: 0x2dcb9d1a, L:/127.0.0.1:50687 - R:localhost/127.0.0.1:8083] onStateChange(GET{uri=/, connection=PooledConnection{channel=[id: 0x2dcb9d1a, L:/127.0.0.1:50687 - R:localhost/127.0.0.1:8083]}}, [configured])
10:13:39.130 [reactor-http-nio-3] DEBUG reactor.netty.resources.PooledConnectionProvider - [id: 0x21943d07] Created new pooled channel, now 23 active connections and 58 inactive connections
10:13:39.130 [reactor-http-nio-3] DEBUG reactor.netty.channel.BootstrapHandlers - [id: 0x21943d07] Initialized pipeline DefaultChannelPipeline{(BootstrapHandlers$BootstrapInitializerHandler#0 = reactor.netty.channel.BootstrapHandlers$BootstrapInitializerHandler), (SimpleChannelPool$1#0 = io.netty.channel.pool.SimpleChannelPool$1), (reactor.left.httpCodec = io.netty.handler.codec.http.HttpClientCodec), (reactor.left.decompressor = io.netty.handler.codec.http.HttpContentDecompressor), (reactor.right.reactiveBridge = reactor.netty.channel.ChannelOperationsHandler)}
10:13:39.069 [pool-4-thread-19] DEBUG org.springframework.web.reactive.function.client.ExchangeFunctions - [164ab793] HTTP GET http://localhost:8083/attractions
10:13:39.135 [reactor-http-nio-3] DEBUG reactor.netty.resources.PooledConnectionProvider - [id: 0x21943d07, L:/127.0.0.1:50688 - R:localhost/127.0.0.1:8083] onStateChange(PooledConnection{channel=[id: 0x21943d07, L:/127.0.0.1:50688 - R:localhost/127.0.0.1:8083]}, [connected])
10:13:39.135 [reactor-http-nio-3] DEBUG reactor.netty.resources.PooledConnectionProvider - [id: 0x21943d07, L:/127.0.0.1:50688 - R:localhost/127.0.0.1:8083] onStateChange(GET{uri=/, connection=PooledConnection{channel=[id: 0x21943d07, L:/127.0.0.1:50688 - R:localhost/127.0.0.1:8083]}}, [configured])
10:13:39.103 [reactor-http-nio-2] DEBUG reactor.netty.http.client.HttpClientConnect - [id: 0xaea19dad, L:/127.0.0.1:50624 - R:localhost/127.0.0.1:8083] Handler is being applied: {uri=http://localhost:8083/attractions, method=GET}
10:13:39.140 [reactor-http-nio-2] DEBUG reactor.netty.resources.PooledConnectionProvider - [id: 0xaea19dad, L:/127.0.0.1:50624 - R:localhost/127.0.0.1:8083] onStateChange(GET{uri=/attractions, connection=PooledConnection{channel=[id: 0xaea19dad, L:/127.0.0.1:50624 - R:localhost/127.0.0.1:8083]}}, [request_sent])
10:13:39.140 [reactor-http-nio-2] DEBUG reactor.netty.resources.PooledConnectionProvider - [id: 0x8d657d6f, L:/127.0.0.1:50663 - R:localhost/127.0.0.1:8083] Registering pool release on close event for channel
10:13:39.140 [reactor-http-nio-2] DEBUG reactor.netty.http.client.HttpClientConnect - [id: 0x8d657d6f, L:/127.0.0.1:50663 - R:localhost/127.0.0.1:8083] Handler is being applied: {uri=http://localhost:8083/userLocation?userId=11d26981-c461-4f0e-a292-f9e265c405d3, method=GET}
10:13:39.114 [reactor-http-nio-4] DEBUG reactor.netty.resources.PooledConnectionProvider - [id: 0xce2e26b5, L:/127.0.0.1:50623 - R:localhost/127.0.0.1:8083] onStateChange(GET{uri=/attractions, connection=PooledConnection{channel=[id: 0xce2e26b5, L:/127.0.0.1:50623 - R:localhost/127.0.0.1:8083]}}, [request_sent])
10:13:39.142 [reactor-http-nio-4] DEBUG reactor.netty.resources.PooledConnectionProvider - [id: 0xb37fd56e, L:/127.0.0.1:50615 - R:localhost/127.0.0.1:8083] Channel acquired, now 25 active connections and 56 inactive connections
10:13:39.142 [reactor-http-nio-2] DEBUG reactor.netty.resources.PooledConnectionProvider - [id: 0x8d657d6f, L:/127.0.0.1:50663 - R:localhost/127.0.0.1:8083] onStateChange(GET{uri=/userLocation?userId=11d26981-c461-4f0e-a292-f9e265c405d3, connection=PooledConnection{channel=[id: 0x8d657d6f, L:/127.0.0.1:50663 - R:localhost/127.0.0.1:8083]}}, [request_sent])
10:13:39.142 [reactor-http-nio-2] DEBUG reactor.netty.resources.PooledConnectionProvider - [id: 0x8d657d6f, L:/127.0.0.1:50663 - R:localhost/127.0.0.1:8083] Channel connected, now 25 active connections and 56 inactive connections
10:13:39.142 [reactor-http-nio-2] DEBUG reactor.netty.resources.PooledConnectionProvider - [id: 0xcfabeeff, L:/127.0.0.1:50667 - R:localhost/127.0.0.1:8083] Registering pool release on close event for channel
10:13:39.142 [reactor-http-nio-4] DEBUG reactor.netty.http.client.HttpClientConnect - [id: 0xb37fd56e, L:/127.0.0.1:50615 - R:localhost/127.0.0.1:8083] Handler is being applied: {uri=http://localhost:8083/attractions, method=GET}
10:13:39.142 [reactor-http-nio-2] DEBUG reactor.netty.http.client.HttpClientConnect - [id: 0xcfabeeff, L:/127.0.0.1:50667 - R:localhost/127.0.0.1:8083] Handler is being applied: {uri=http://localhost:8083/userLocation?userId=7f6ce6e3-9067-4592-8a32-bd86c99bc90b, method=GET}
10:13:39.117 [reactor-http-nio-1] DEBUG reactor.netty.channel.BootstrapHandlers - [id: 0x5bb369e8] Initialized pipeline DefaultChannelPipeline{(BootstrapHandlers$BootstrapInitializerHandler#0 = reactor.netty.channel.BootstrapHandlers$BootstrapInitializerHandler), (SimpleChannelPool$1#0 = io.netty.channel.pool.SimpleChannelPool$1), (reactor.left.httpCodec = io.netty.handler.codec.http.HttpClientCodec), (reactor.left.decompressor = io.netty.handler.codec.http.HttpContentDecompressor), (reactor.right.reactiveBridge = reactor.netty.channel.ChannelOperationsHandler)}
10:13:39.144 [reactor-http-nio-4] DEBUG reactor.netty.resources.PooledConnectionProvider - [id: 0xb37fd56e, L:/127.0.0.1:50615 - R:localhost/127.0.0.1:8083] onStateChange(GET{uri=/attractions, connection=PooledConnection{channel=[id: 0xb37fd56e, L:/127.0.0.1:50615 - R:localhost/127.0.0.1:8083]}}, [request_sent])
10:13:39.145 [reactor-http-nio-4] DEBUG reactor.netty.resources.PooledConnectionProvider - [id: 0x0e8dc7e0, L:/127.0.0.1:50627 - R:localhost/127.0.0.1:8083] Channel acquired, now 27 active connections and 55 inactive connections
10:13:39.146 [reactor-http-nio-4] DEBUG reactor.netty.http.client.HttpClientConnect - [id: 0x0e8dc7e0, L:/127.0.0.1:50627 - R:localhost/127.0.0.1:8083] Handler is being applied: {uri=http://localhost:8083/attractions, method=GET}
10:13:39.146 [reactor-http-nio-2] DEBUG reactor.netty.resources.PooledConnectionProvider - [id: 0xcfabeeff, L:/127.0.0.1:50667 - R:localhost/127.0.0.1:8083] onStateChange(GET{uri=/userLocation?userId=7f6ce6e3-9067-4592-8a32-bd86c99bc90b, connection=PooledConnection{channel=[id: 0xcfabeeff, L:/127.0.0.1:50667 - R:localhost/127.0.0.1:8083]}}, [request_sent])
10:13:39.146 [reactor-http-nio-2] DEBUG reactor.netty.resources.PooledConnectionProvider - [id: 0xcfabeeff, L:/127.0.0.1:50667 - R:localhost/127.0.0.1:8083] Channel connected, now 27 active connections and 55 inactive connections
10:13:39.146 [reactor-http-nio-2] DEBUG reactor.netty.resources.PooledConnectionProvider - [id: 0x49dcd8d7, L:/127.0.0.1:50622 - R:localhost/127.0.0.1:8083] Channel acquired, now 28 active connections and 54 inactive connections
10:13:39.146 [reactor-http-nio-2] DEBUG reactor.netty.http.client.HttpClientConnect - [id: 0x49dcd8d7, L:/127.0.0.1:50622 - R:localhost/127.0.0.1:8083] Handler is being applied: {uri=http://localhost:8083/userLocation?userId=04e43a38-4eba-41fe-9434-98aa48961809, method=GET}
10:13:39.148 [reactor-http-nio-4] DEBUG reactor.netty.resources.PooledConnectionProvider - [id: 0x0e8dc7e0, L:/127.0.0.1:50627 - R:localhost/127.0.0.1:8083] onStateChange(GET{uri=/attractions, connection=PooledConnection{channel=[id: 0x0e8dc7e0, L:/127.0.0.1:50627 - R:localhost/127.0.0.1:8083]}}, [request_sent])
10:13:39.150 [reactor-http-nio-4] DEBUG reactor.netty.resources.PooledConnectionProvider - [id: 0x634507d6, L:/127.0.0.1:50625 - R:localhost/127.0.0.1:8083] Channel acquired, now 29 active connections and 53 inactive connections
10:13:39.151 [reactor-http-nio-4] DEBUG reactor.netty.http.client.HttpClientConnect - [id: 0x634507d6, L:/127.0.0.1:50625 - R:localhost/127.0.0.1:8083] Handler is being applied: {uri=http://localhost:8083/attractions, method=GET}
10:13:39.153 [reactor-http-nio-2] DEBUG reactor.netty.resources.PooledConnectionProvider - [id: 0x49dcd8d7, L:/127.0.0.1:50622 - R:localhost/127.0.0.1:8083] onStateChange(GET{uri=/userLocation?userId=04e43a38-4eba-41fe-9434-98aa48961809, connection=PooledConnection{channel=[id: 0x49dcd8d7, L:/127.0.0.1:50622 - R:localhost/127.0.0.1:8083]}}, [request_sent])
10:13:39.153 [reactor-http-nio-2] DEBUG reactor.netty.resources.PooledConnectionProvider - [id: 0x10c31243, L:/127.0.0.1:50629 - R:localhost/127.0.0.1:8083] Channel acquired, now 30 active connections and 52 inactive connections
10:13:39.153 [reactor-http-nio-2] DEBUG reactor.netty.http.client.HttpClientConnect - [id: 0x10c31243, L:/127.0.0.1:50629 - R:localhost/127.0.0.1:8083] Handler is being applied: {uri=http://localhost:8083/userLocation?userId=d486a7d9-bee9-4a31-8678-6c25de29be8d, method=GET}
10:13:39.144 [reactor-http-nio-1] DEBUG reactor.netty.resources.PooledConnectionProvider - [id: 0xe6c21e31] Created new pooled channel, now 26 active connections and 56 inactive connections
10:13:39.156 [reactor-http-nio-1] DEBUG reactor.netty.channel.BootstrapHandlers - [id: 0xe6c21e31] Initialized pipeline DefaultChannelPipeline{(BootstrapHandlers$BootstrapInitializerHandler#0 = reactor.netty.channel.BootstrapHandlers$BootstrapInitializerHandler), (SimpleChannelPool$1#0 = io.netty.channel.pool.SimpleChannelPool$1), (reactor.left.httpCodec = io.netty.handler.codec.http.HttpClientCodec), (reactor.left.decompressor = io.netty.handler.codec.http.HttpContentDecompressor), (reactor.right.reactiveBridge = reactor.netty.channel.ChannelOperationsHandler)}
10:13:39.156 [reactor-http-nio-2] DEBUG reactor.netty.resources.PooledConnectionProvider - [id: 0x10c31243, L:/127.0.0.1:50629 - R:localhost/127.0.0.1:8083] onStateChange(GET{uri=/userLocation?userId=d486a7d9-bee9-4a31-8678-6c25de29be8d, connection=PooledConnection{channel=[id: 0x10c31243, L:/127.0.0.1:50629 - R:localhost/127.0.0.1:8083]}}, [request_sent])
10:13:39.156 [reactor-http-nio-2] DEBUG reactor.netty.resources.PooledConnectionProvider - [id: 0x139d3d87, L:/127.0.0.1:50670 - R:localhost/127.0.0.1:8083] Registering pool release on close event for channel
10:13:39.156 [reactor-http-nio-2] DEBUG reactor.netty.http.client.HttpClientConnect - [id: 0x139d3d87, L:/127.0.0.1:50670 - R:localhost/127.0.0.1:8083] Handler is being applied: {uri=http://localhost:8083/userLocation?userId=ec16b99c-489e-4aac-98bd-ea20bc241d79, method=GET}
10:13:39.156 [reactor-http-nio-1] DEBUG reactor.netty.resources.PooledConnectionProvider - [id: 0x8bf126b9] Created new pooled channel, now 31 active connections and 52 inactive connections
10:13:39.157 [reactor-http-nio-1] DEBUG reactor.netty.channel.BootstrapHandlers - [id: 0x8bf126b9] Initialized pipeline DefaultChannelPipeline{(BootstrapHandlers$BootstrapInitializerHandler#0 = reactor.netty.channel.BootstrapHandlers$BootstrapInitializerHandler), (SimpleChannelPool$1#0 = io.netty.channel.pool.SimpleChannelPool$1), (reactor.left.httpCodec = io.netty.handler.codec.http.HttpClientCodec), (reactor.left.decompressor = io.netty.handler.codec.http.HttpContentDecompressor), (reactor.right.reactiveBridge = reactor.netty.channel.ChannelOperationsHandler)}
10:13:39.157 [reactor-http-nio-1] DEBUG reactor.netty.resources.PooledConnectionProvider - [id: 0x91102b11, L:/127.0.0.1:50646 - R:localhost/127.0.0.1:8083] Registering pool release on close event for channel
10:13:39.157 [reactor-http-nio-1] DEBUG reactor.netty.http.client.HttpClientConnect - [id: 0x91102b11, L:/127.0.0.1:50646 - R:localhost/127.0.0.1:8083] Handler is being applied: {uri=http://localhost:8083/userLocation?userId=d0c40cb2-9271-4410-99f1-5ba3bd4e3461, method=GET}
10:13:39.158 [reactor-http-nio-2] DEBUG reactor.netty.resources.PooledConnectionProvider - [id: 0x139d3d87, L:/127.0.0.1:50670 - R:localhost/127.0.0.1:8083] onStateChange(GET{uri=/userLocation?userId=ec16b99c-489e-4aac-98bd-ea20bc241d79, connection=PooledConnection{channel=[id: 0x139d3d87, L:/127.0.0.1:50670 - R:localhost/127.0.0.1:8083]}}, [request_sent])
10:13:39.158 [reactor-http-nio-2] DEBUG reactor.netty.resources.PooledConnectionProvider - [id: 0x139d3d87, L:/127.0.0.1:50670 - R:localhost/127.0.0.1:8083] Channel connected, now 32 active connections and 51 inactive connections
10:13:39.158 [reactor-http-nio-3] DEBUG reactor.netty.resources.PooledConnectionProvider - [id: 0x3f9a41fc, L:/127.0.0.1:50649 - R:localhost/127.0.0.1:8083] Registering pool release on close event for channel
10:13:39.158 [reactor-http-nio-3] DEBUG reactor.netty.http.client.HttpClientConnect - [id: 0x3f9a41fc, L:/127.0.0.1:50649 - R:localhost/127.0.0.1:8083] Handler is being applied: {uri=http://localhost:8083/userLocation?userId=0aa01fa4-ed2c-4ead-b5bc-eed32e7bfd0c, method=GET}
10:13:39.159 [reactor-http-nio-3] DEBUG reactor.netty.resources.PooledConnectionProvider - [id: 0x3f9a41fc, L:/127.0.0.1:50649 - R:localhost/127.0.0.1:8083] onStateChange(GET{uri=/userLocation?userId=0aa01fa4-ed2c-4ead-b5bc-eed32e7bfd0c, connection=PooledConnection{channel=[id: 0x3f9a41fc, L:/127.0.0.1:50649 - R:localhost/127.0.0.1:8083]}}, [request_sent])
10:13:39.159 [reactor-http-nio-3] DEBUG reactor.netty.resources.PooledConnectionProvider - [id: 0x3f9a41fc, L:/127.0.0.1:50649 - R:localhost/127.0.0.1:8083] Channel connected, now 33 active connections and 50 inactive connections
10:13:39.159 [reactor-http-nio-3] DEBUG reactor.netty.resources.PooledConnectionProvider - [id: 0x066048e0, L:/127.0.0.1:50650 - R:localhost/127.0.0.1:8083] Registering pool release on close event for channel
10:13:39.159 [reactor-http-nio-3] DEBUG reactor.netty.http.client.HttpClientConnect - [id: 0x066048e0, L:/127.0.0.1:50650 - R:localhost/127.0.0.1:8083] Handler is being applied: {uri=http://localhost:8083/userLocation?userId=f5a88ae5-64b3-477d-b740-6bd470bcd0a1, method=GET}
10:13:39.159 [reactor-http-nio-1] DEBUG reactor.netty.resources.PooledConnectionProvider - [id: 0x91102b11, L:/127.0.0.1:50646 - R:localhost/127.0.0.1:8083] onStateChange(GET{uri=/userLocation?userId=d0c40cb2-9271-4410-99f1-5ba3bd4e3461, connection=PooledConnection{channel=[id: 0x91102b11, L:/127.0.0.1:50646 - R:localhost/127.0.0.1:8083]}}, [request_sent])
10:13:39.160 [reactor-http-nio-1] DEBUG reactor.netty.resources.PooledConnectionProvider - [id: 0x91102b11, L:/127.0.0.1:50646 - R:localhost/127.0.0.1:8083] Channel connected, now 34 active connections and 49 inactive connections
10:13:39.160 [reactor-http-nio-1] DEBUG reactor.netty.resources.PooledConnectionProvider - [id: 0xb5706181, L:/127.0.0.1:50648 - R:localhost/127.0.0.1:8083] Registering pool release on close event for channel
10:13:39.160 [reactor-http-nio-1] DEBUG reactor.netty.http.client.HttpClientConnect - [id: 0xb5706181, L:/127.0.0.1:50648 - R:localhost/127.0.0.1:8083] Handler is being applied: {uri=http://localhost:8083/userLocation?userId=93e39cc7-f900-4d03-ac94-752d8561f5aa, method=GET}
10:13:39.160 [reactor-http-nio-3] DEBUG reactor.netty.resources.PooledConnectionProvider - [id: 0x066048e0, L:/127.0.0.1:50650 - R:localhost/127.0.0.1:8083] onStateChange(GET{uri=/userLocation?userId=f5a88ae5-64b3-477d-b740-6bd470bcd0a1, connection=PooledConnection{channel=[id: 0x066048e0, L:/127.0.0.1:50650 - R:localhost/127.0.0.1:8083]}}, [request_sent])
10:13:39.160 [reactor-http-nio-3] DEBUG reactor.netty.resources.PooledConnectionProvider - [id: 0x066048e0, L:/127.0.0.1:50650 - R:localhost/127.0.0.1:8083] Channel connected, now 35 active connections and 48 inactive connections
10:13:39.160 [reactor-http-nio-3] DEBUG reactor.netty.resources.PooledConnectionProvider - [id: 0x8480b771, L:/127.0.0.1:50651 - R:localhost/127.0.0.1:8083] Registering pool release on close event for channel
10:13:39.160 [reactor-http-nio-3] DEBUG reactor.netty.http.client.HttpClientConnect - [id: 0x8480b771, L:/127.0.0.1:50651 - R:localhost/127.0.0.1:8083] Handler is being applied: {uri=http://localhost:8083/userLocation?userId=bfc8a13d-653a-4987-9d36-1a3644ceb2a7, method=GET}
10:13:39.161 [reactor-http-nio-3] DEBUG reactor.netty.resources.PooledConnectionProvider - [id: 0x8480b771, L:/127.0.0.1:50651 - R:localhost/127.0.0.1:8083] onStateChange(GET{uri=/userLocation?userId=bfc8a13d-653a-4987-9d36-1a3644ceb2a7, connection=PooledConnection{channel=[id: 0x8480b771, L:/127.0.0.1:50651 - R:localhost/127.0.0.1:8083]}}, [request_sent])
10:13:39.161 [reactor-http-nio-3] DEBUG reactor.netty.resources.PooledConnectionProvider - [id: 0x8480b771, L:/127.0.0.1:50651 - R:localhost/127.0.0.1:8083] Channel connected, now 36 active connections and 47 inactive connections
10:13:39.161 [reactor-http-nio-3] DEBUG reactor.netty.resources.PooledConnectionProvider - [id: 0x3304da66, L:/127.0.0.1:50653 - R:localhost/127.0.0.1:8083] Registering pool release on close event for channel
10:13:39.162 [reactor-http-nio-3] DEBUG reactor.netty.http.client.HttpClientConnect - [id: 0x3304da66, L:/127.0.0.1:50653 - R:localhost/127.0.0.1:8083] Handler is being applied: {uri=http://localhost:8083/userLocation?userId=91533ac2-6de4-4af1-88ec-062e8d2e8874, method=GET}
10:13:39.163 [reactor-http-nio-3] DEBUG reactor.netty.resources.PooledConnectionProvider - [id: 0x3304da66, L:/127.0.0.1:50653 - R:localhost/127.0.0.1:8083] onStateChange(GET{uri=/userLocation?userId=91533ac2-6de4-4af1-88ec-062e8d2e8874, connection=PooledConnection{channel=[id: 0x3304da66, L:/127.0.0.1:50653 - R:localhost/127.0.0.1:8083]}}, [request_sent])
10:13:39.163 [reactor-http-nio-3] DEBUG reactor.netty.resources.PooledConnectionProvider - [id: 0x3304da66, L:/127.0.0.1:50653 - R:localhost/127.0.0.1:8083] Channel connected, now 37 active connections and 46 inactive connections
10:13:39.163 [reactor-http-nio-3] DEBUG reactor.netty.resources.PooledConnectionProvider - [id: 0x16156b84, L:/127.0.0.1:50655 - R:localhost/127.0.0.1:8083] Registering pool release on close event for channel
10:13:39.163 [reactor-http-nio-3] DEBUG reactor.netty.http.client.HttpClientConnect - [id: 0x16156b84, L:/127.0.0.1:50655 - R:localhost/127.0.0.1:8083] Handler is being applied: {uri=http://localhost:8083/userLocation?userId=a90ca546-787f-43e3-9e39-e78e52f3702f, method=GET}
10:13:39.164 [reactor-http-nio-3] DEBUG reactor.netty.resources.PooledConnectionProvider - [id: 0x16156b84, L:/127.0.0.1:50655 - R:localhost/127.0.0.1:8083] onStateChange(GET{uri=/userLocation?userId=a90ca546-787f-43e3-9e39-e78e52f3702f, connection=PooledConnection{channel=[id: 0x16156b84, L:/127.0.0.1:50655 - R:localhost/127.0.0.1:8083]}}, [request_sent])
10:13:39.164 [reactor-http-nio-1] DEBUG reactor.netty.resources.PooledConnectionProvider - [id: 0xb5706181, L:/127.0.0.1:50648 - R:localhost/127.0.0.1:8083] onStateChange(GET{uri=/userLocation?userId=93e39cc7-f900-4d03-ac94-752d8561f5aa, connection=PooledConnection{channel=[id: 0xb5706181, L:/127.0.0.1:50648 - R:localhost/127.0.0.1:8083]}}, [request_sent])
10:13:39.164 [reactor-http-nio-3] DEBUG reactor.netty.resources.PooledConnectionProvider - [id: 0x16156b84, L:/127.0.0.1:50655 - R:localhost/127.0.0.1:8083] Channel connected, now 38 active connections and 45 inactive connections
10:13:39.164 [reactor-http-nio-3] DEBUG reactor.netty.resources.PooledConnectionProvider - [id: 0xf5289a3b, L:/127.0.0.1:50658 - R:localhost/127.0.0.1:8083] Registering pool release on close event for channel
10:13:39.164 [reactor-http-nio-3] DEBUG reactor.netty.http.client.HttpClientConnect - [id: 0xf5289a3b, L:/127.0.0.1:50658 - R:localhost/127.0.0.1:8083] Handler is being applied: {uri=http://localhost:8083/userLocation?userId=a0860b4f-8e68-482f-ab64-5814741c4271, method=GET}
10:13:39.164 [reactor-http-nio-1] DEBUG reactor.netty.resources.PooledConnectionProvider - [id: 0xb5706181, L:/127.0.0.1:50648 - R:localhost/127.0.0.1:8083] Channel connected, now 39 active connections and 44 inactive connections
10:13:39.165 [reactor-http-nio-1] DEBUG reactor.netty.resources.PooledConnectionProvider - [id: 0xaf8669db] Created new pooled channel, now 39 active connections and 45 inactive connections
10:13:39.165 [reactor-http-nio-1] DEBUG reactor.netty.channel.BootstrapHandlers - [id: 0xaf8669db] Initialized pipeline DefaultChannelPipeline{(BootstrapHandlers$BootstrapInitializerHandler#0 = reactor.netty.channel.BootstrapHandlers$BootstrapInitializerHandler), (SimpleChannelPool$1#0 = io.netty.channel.pool.SimpleChannelPool$1), (reactor.left.httpCodec = io.netty.handler.codec.http.HttpClientCodec), (reactor.left.decompressor = io.netty.handler.codec.http.HttpContentDecompressor), (reactor.right.reactiveBridge = reactor.netty.channel.ChannelOperationsHandler)}
10:13:39.165 [reactor-http-nio-3] DEBUG reactor.netty.resources.PooledConnectionProvider - [id: 0xf5289a3b, L:/127.0.0.1:50658 - R:localhost/127.0.0.1:8083] onStateChange(GET{uri=/userLocation?userId=a0860b4f-8e68-482f-ab64-5814741c4271, connection=PooledConnection{channel=[id: 0xf5289a3b, L:/127.0.0.1:50658 - R:localhost/127.0.0.1:8083]}}, [request_sent])
10:13:39.165 [reactor-http-nio-3] DEBUG reactor.netty.resources.PooledConnectionProvider - [id: 0xf5289a3b, L:/127.0.0.1:50658 - R:localhost/127.0.0.1:8083] Channel connected, now 39 active connections and 45 inactive connections
10:13:39.165 [reactor-http-nio-3] DEBUG reactor.netty.resources.PooledConnectionProvider - [id: 0xa3626cd8, L:/127.0.0.1:50681 - R:localhost/127.0.0.1:8083] Registering pool release on close event for channel
10:13:39.165 [reactor-http-nio-3] DEBUG reactor.netty.http.client.HttpClientConnect - [id: 0xa3626cd8, L:/127.0.0.1:50681 - R:localhost/127.0.0.1:8083] Handler is being applied: {uri=http://localhost:8083/userLocation?userId=f8f91f9b-a848-4372-bced-7d3f87e04098, method=GET}
10:13:39.167 [reactor-http-nio-3] DEBUG reactor.netty.resources.PooledConnectionProvider - [id: 0xa3626cd8, L:/127.0.0.1:50681 - R:localhost/127.0.0.1:8083] onStateChange(GET{uri=/userLocation?userId=f8f91f9b-a848-4372-bced-7d3f87e04098, connection=PooledConnection{channel=[id: 0xa3626cd8, L:/127.0.0.1:50681 - R:localhost/127.0.0.1:8083]}}, [request_sent])
10:13:39.167 [reactor-http-nio-3] DEBUG reactor.netty.resources.PooledConnectionProvider - [id: 0xa3626cd8, L:/127.0.0.1:50681 - R:localhost/127.0.0.1:8083] Channel connected, now 40 active connections and 44 inactive connections
10:13:39.167 [reactor-http-nio-3] DEBUG reactor.netty.resources.PooledConnectionProvider - [id: 0xbacd0b54, L:/127.0.0.1:50684 - R:localhost/127.0.0.1:8083] Registering pool release on close event for channel
10:13:39.167 [reactor-http-nio-3] DEBUG reactor.netty.http.client.HttpClientConnect - [id: 0xbacd0b54, L:/127.0.0.1:50684 - R:localhost/127.0.0.1:8083] Handler is being applied: {uri=http://localhost:8083/userLocation?userId=12543915-5304-4bbe-b71a-b78477085992, method=GET}
10:13:39.167 [reactor-http-nio-1] DEBUG reactor.netty.resources.PooledConnectionProvider - [id: 0xd8b5b2a4] Created new pooled channel, now 41 active connections and 44 inactive connections
10:13:39.168 [reactor-http-nio-3] DEBUG reactor.netty.resources.PooledConnectionProvider - [id: 0xbacd0b54, L:/127.0.0.1:50684 - R:localhost/127.0.0.1:8083] onStateChange(GET{uri=/userLocation?userId=12543915-5304-4bbe-b71a-b78477085992, connection=PooledConnection{channel=[id: 0xbacd0b54, L:/127.0.0.1:50684 - R:localhost/127.0.0.1:8083]}}, [request_sent])
10:13:39.168 [reactor-http-nio-3] DEBUG reactor.netty.resources.PooledConnectionProvider - [id: 0xbacd0b54, L:/127.0.0.1:50684 - R:localhost/127.0.0.1:8083] Channel connected, now 41 active connections and 44 inactive connections
10:13:39.168 [reactor-http-nio-3] DEBUG reactor.netty.resources.PooledConnectionProvider - [id: 0x90a5bcc2, L:/127.0.0.1:50685 - R:localhost/127.0.0.1:8083] Registering pool release on close event for channel
10:13:39.168 [reactor-http-nio-3] DEBUG reactor.netty.http.client.HttpClientConnect - [id: 0x90a5bcc2, L:/127.0.0.1:50685 - R:localhost/127.0.0.1:8083] Handler is being applied: {uri=http://localhost:8083/attractions, method=GET}
10:13:39.169 [reactor-http-nio-1] DEBUG reactor.netty.channel.BootstrapHandlers - [id: 0xd8b5b2a4] Initialized pipeline DefaultChannelPipeline{(BootstrapHandlers$BootstrapInitializerHandler#0 = reactor.netty.channel.BootstrapHandlers$BootstrapInitializerHandler), (SimpleChannelPool$1#0 = io.netty.channel.pool.SimpleChannelPool$1), (reactor.left.httpCodec = io.netty.handler.codec.http.HttpClientCodec), (reactor.left.decompressor = io.netty.handler.codec.http.HttpContentDecompressor), (reactor.right.reactiveBridge = reactor.netty.channel.ChannelOperationsHandler)}
10:13:39.169 [reactor-http-nio-3] DEBUG reactor.netty.resources.PooledConnectionProvider - [id: 0x90a5bcc2, L:/127.0.0.1:50685 - R:localhost/127.0.0.1:8083] onStateChange(GET{uri=/attractions, connection=PooledConnection{channel=[id: 0x90a5bcc2, L:/127.0.0.1:50685 - R:localhost/127.0.0.1:8083]}}, [request_sent])
10:13:39.170 [reactor-http-nio-3] DEBUG reactor.netty.resources.PooledConnectionProvider - [id: 0x90a5bcc2, L:/127.0.0.1:50685 - R:localhost/127.0.0.1:8083] Channel connected, now 42 active connections and 43 inactive connections
10:13:39.170 [reactor-http-nio-3] DEBUG reactor.netty.resources.PooledConnectionProvider - [id: 0x75450fe9, L:/127.0.0.1:50686 - R:localhost/127.0.0.1:8083] Registering pool release on close event for channel
10:13:39.170 [reactor-http-nio-3] DEBUG reactor.netty.http.client.HttpClientConnect - [id: 0x75450fe9, L:/127.0.0.1:50686 - R:localhost/127.0.0.1:8083] Handler is being applied: {uri=http://localhost:8083/userLocation?userId=00f4039e-df06-48b8-910d-7d5a1ab351b3, method=GET}
10:13:39.171 [reactor-http-nio-3] DEBUG reactor.netty.resources.PooledConnectionProvider - [id: 0x75450fe9, L:/127.0.0.1:50686 - R:localhost/127.0.0.1:8083] onStateChange(GET{uri=/userLocation?userId=00f4039e-df06-48b8-910d-7d5a1ab351b3, connection=PooledConnection{channel=[id: 0x75450fe9, L:/127.0.0.1:50686 - R:localhost/127.0.0.1:8083]}}, [request_sent])
10:13:39.171 [reactor-http-nio-3] DEBUG reactor.netty.resources.PooledConnectionProvider - [id: 0x75450fe9, L:/127.0.0.1:50686 - R:localhost/127.0.0.1:8083] Channel connected, now 43 active connections and 42 inactive connections
10:13:39.171 [reactor-http-nio-3] DEBUG reactor.netty.resources.PooledConnectionProvider - [id: 0x2dcb9d1a, L:/127.0.0.1:50687 - R:localhost/127.0.0.1:8083] Registering pool release on close event for channel
10:13:39.171 [reactor-http-nio-3] DEBUG reactor.netty.http.client.HttpClientConnect - [id: 0x2dcb9d1a, L:/127.0.0.1:50687 - R:localhost/127.0.0.1:8083] Handler is being applied: {uri=http://localhost:8083/userLocation?userId=164161b0-f0dd-4717-be45-fcbe1b886583, method=GET}
10:13:39.172 [reactor-http-nio-3] DEBUG reactor.netty.resources.PooledConnectionProvider - [id: 0x2dcb9d1a, L:/127.0.0.1:50687 - R:localhost/127.0.0.1:8083] onStateChange(GET{uri=/userLocation?userId=164161b0-f0dd-4717-be45-fcbe1b886583, connection=PooledConnection{channel=[id: 0x2dcb9d1a, L:/127.0.0.1:50687 - R:localhost/127.0.0.1:8083]}}, [request_sent])
10:13:39.172 [reactor-http-nio-3] DEBUG reactor.netty.resources.PooledConnectionProvider - [id: 0x2dcb9d1a, L:/127.0.0.1:50687 - R:localhost/127.0.0.1:8083] Channel connected, now 44 active connections and 41 inactive connections
10:13:39.172 [reactor-http-nio-3] DEBUG reactor.netty.resources.PooledConnectionProvider - [id: 0x21943d07, L:/127.0.0.1:50688 - R:localhost/127.0.0.1:8083] Registering pool release on close event for channel
10:13:39.172 [reactor-http-nio-1] DEBUG reactor.netty.resources.PooledConnectionProvider - [id: 0xf19dc01d] Created new pooled channel, now 45 active connections and 41 inactive connections
10:13:39.172 [reactor-http-nio-3] DEBUG reactor.netty.http.client.HttpClientConnect - [id: 0x21943d07, L:/127.0.0.1:50688 - R:localhost/127.0.0.1:8083] Handler is being applied: {uri=http://localhost:8083/attractions, method=GET}
10:13:39.172 [reactor-http-nio-1] DEBUG reactor.netty.channel.BootstrapHandlers - [id: 0xf19dc01d] Initialized pipeline DefaultChannelPipeline{(BootstrapHandlers$BootstrapInitializerHandler#0 = reactor.netty.channel.BootstrapHandlers$BootstrapInitializerHandler), (SimpleChannelPool$1#0 = io.netty.channel.pool.SimpleChannelPool$1), (reactor.left.httpCodec = io.netty.handler.codec.http.HttpClientCodec), (reactor.left.decompressor = io.netty.handler.codec.http.HttpContentDecompressor), (reactor.right.reactiveBridge = reactor.netty.channel.ChannelOperationsHandler)}
10:13:39.173 [reactor-http-nio-3] DEBUG reactor.netty.resources.PooledConnectionProvider - [id: 0x21943d07, L:/127.0.0.1:50688 - R:localhost/127.0.0.1:8083] onStateChange(GET{uri=/attractions, connection=PooledConnection{channel=[id: 0x21943d07, L:/127.0.0.1:50688 - R:localhost/127.0.0.1:8083]}}, [request_sent])
10:13:39.173 [reactor-http-nio-3] DEBUG reactor.netty.resources.PooledConnectionProvider - [id: 0x21943d07, L:/127.0.0.1:50688 - R:localhost/127.0.0.1:8083] Channel connected, now 45 active connections and 41 inactive connections
10:13:39.173 [reactor-http-nio-1] DEBUG reactor.netty.resources.PooledConnectionProvider - [id: 0x21feabf2] Created new pooled channel, now 45 active connections and 42 inactive connections
10:13:39.174 [reactor-http-nio-1] DEBUG reactor.netty.channel.BootstrapHandlers - [id: 0x21feabf2] Initialized pipeline DefaultChannelPipeline{(BootstrapHandlers$BootstrapInitializerHandler#0 = reactor.netty.channel.BootstrapHandlers$BootstrapInitializerHandler), (SimpleChannelPool$1#0 = io.netty.channel.pool.SimpleChannelPool$1), (reactor.left.httpCodec = io.netty.handler.codec.http.HttpClientCodec), (reactor.left.decompressor = io.netty.handler.codec.http.HttpContentDecompressor), (reactor.right.reactiveBridge = reactor.netty.channel.ChannelOperationsHandler)}
10:13:39.174 [reactor-http-nio-1] DEBUG reactor.netty.resources.PooledConnectionProvider - [id: 0xc90edc5e, L:/127.0.0.1:50630 - R:localhost/127.0.0.1:8083] Channel acquired, now 46 active connections and 41 inactive connections
10:13:39.174 [reactor-http-nio-2] DEBUG reactor.netty.resources.PooledConnectionProvider - [id: 0xd70c172e, L:/127.0.0.1:50612 - R:localhost/127.0.0.1:8083] Channel acquired, now 47 active connections and 40 inactive connections
10:13:39.174 [reactor-http-nio-2] DEBUG reactor.netty.http.client.HttpClientConnect - [id: 0xd70c172e, L:/127.0.0.1:50612 - R:localhost/127.0.0.1:8083] Handler is being applied: {uri=http://localhost:8083/userLocation?userId=7f76991c-b973-4ed4-95d7-dc4bc47210fc, method=GET}
10:13:39.175 [reactor-http-nio-2] DEBUG reactor.netty.resources.PooledConnectionProvider - [id: 0xd70c172e, L:/127.0.0.1:50612 - R:localhost/127.0.0.1:8083] onStateChange(GET{uri=/userLocation?userId=7f76991c-b973-4ed4-95d7-dc4bc47210fc, connection=PooledConnection{channel=[id: 0xd70c172e, L:/127.0.0.1:50612 - R:localhost/127.0.0.1:8083]}}, [request_sent])
10:13:39.176 [reactor-http-nio-1] DEBUG reactor.netty.http.client.HttpClientConnect - [id: 0xc90edc5e, L:/127.0.0.1:50630 - R:localhost/127.0.0.1:8083] Handler is being applied: {uri=http://localhost:8083/userLocation?userId=490b5c4b-f002-469a-9390-3a7503da2cd7, method=GET}
10:13:39.179 [reactor-http-nio-1] DEBUG reactor.netty.resources.PooledConnectionProvider - [id: 0xc90edc5e, L:/127.0.0.1:50630 - R:localhost/127.0.0.1:8083] onStateChange(GET{uri=/userLocation?userId=490b5c4b-f002-469a-9390-3a7503da2cd7, connection=PooledConnection{channel=[id: 0xc90edc5e, L:/127.0.0.1:50630 - R:localhost/127.0.0.1:8083]}}, [request_sent])
10:13:39.179 [reactor-http-nio-1] DEBUG reactor.netty.resources.PooledConnectionProvider - [id: 0x51cedde0, L:/127.0.0.1:50642 - R:localhost/127.0.0.1:8083] Registering pool release on close event for channel
10:13:39.179 [reactor-http-nio-1] DEBUG reactor.netty.http.client.HttpClientConnect - [id: 0x51cedde0, L:/127.0.0.1:50642 - R:localhost/127.0.0.1:8083] Handler is being applied: {uri=http://localhost:8083/userLocation?userId=adf5dd55-cc3b-4760-85c5-6ea9ac9bc664, method=GET}
10:13:39.180 [reactor-http-nio-1] DEBUG reactor.netty.resources.PooledConnectionProvider - [id: 0x51cedde0, L:/127.0.0.1:50642 - R:localhost/127.0.0.1:8083] onStateChange(GET{uri=/userLocation?userId=adf5dd55-cc3b-4760-85c5-6ea9ac9bc664, connection=PooledConnection{channel=[id: 0x51cedde0, L:/127.0.0.1:50642 - R:localhost/127.0.0.1:8083]}}, [request_sent])
10:13:39.181 [reactor-http-nio-1] DEBUG reactor.netty.resources.PooledConnectionProvider - [id: 0x51cedde0, L:/127.0.0.1:50642 - R:localhost/127.0.0.1:8083] Channel connected, now 48 active connections and 39 inactive connections
10:13:39.181 [reactor-http-nio-1] DEBUG reactor.netty.resources.PooledConnectionProvider - [id: 0x8e179e05] Created new pooled channel, now 48 active connections and 40 inactive connections
10:13:39.181 [reactor-http-nio-1] DEBUG reactor.netty.channel.BootstrapHandlers - [id: 0x8e179e05] Initialized pipeline DefaultChannelPipeline{(BootstrapHandlers$BootstrapInitializerHandler#0 = reactor.netty.channel.BootstrapHandlers$BootstrapInitializerHandler), (SimpleChannelPool$1#0 = io.netty.channel.pool.SimpleChannelPool$1), (reactor.left.httpCodec = io.netty.handler.codec.http.HttpClientCodec), (reactor.left.decompressor = io.netty.handler.codec.http.HttpContentDecompressor), (reactor.right.reactiveBridge = reactor.netty.channel.ChannelOperationsHandler)}
10:13:39.182 [reactor-http-nio-4] DEBUG reactor.netty.resources.PooledConnectionProvider - [id: 0x634507d6, L:/127.0.0.1:50625 - R:localhost/127.0.0.1:8083] onStateChange(GET{uri=/attractions, connection=PooledConnection{channel=[id: 0x634507d6, L:/127.0.0.1:50625 - R:localhost/127.0.0.1:8083]}}, [request_sent])
10:13:39.182 [reactor-http-nio-4] DEBUG reactor.netty.resources.PooledConnectionProvider - [id: 0xb12e3b99, L:/127.0.0.1:50613 - R:localhost/127.0.0.1:8083] Channel acquired, now 50 active connections and 38 inactive connections
10:13:39.182 [reactor-http-nio-3] DEBUG reactor.netty.resources.PooledConnectionProvider - [id: 0x1ff223b6, L:/127.0.0.1:50656 - R:localhost/127.0.0.1:8083] Registering pool release on close event for channel
10:13:39.182 [reactor-http-nio-4] DEBUG reactor.netty.http.client.HttpClientConnect - [id: 0xb12e3b99, L:/127.0.0.1:50613 - R:localhost/127.0.0.1:8083] Handler is being applied: {uri=http://localhost:8083/userLocation?userId=21cb9875-20f4-4b66-a72c-aea10db5b166, method=GET}
10:13:39.182 [reactor-http-nio-3] DEBUG reactor.netty.http.client.HttpClientConnect - [id: 0x1ff223b6, L:/127.0.0.1:50656 - R:localhost/127.0.0.1:8083] Handler is being applied: {uri=http://localhost:8083/userLocation?userId=c8067915-3003-4190-9090-8b3eb97c830d, method=GET}
10:13:39.183 [reactor-http-nio-4] DEBUG reactor.netty.resources.PooledConnectionProvider - [id: 0xb12e3b99, L:/127.0.0.1:50613 - R:localhost/127.0.0.1:8083] onStateChange(GET{uri=/userLocation?userId=21cb9875-20f4-4b66-a72c-aea10db5b166, connection=PooledConnection{channel=[id: 0xb12e3b99, L:/127.0.0.1:50613 - R:localhost/127.0.0.1:8083]}}, [request_sent])
10:13:39.182 [reactor-http-nio-1] DEBUG reactor.netty.resources.PooledConnectionProvider - [id: 0xec1f4ce8, L:/127.0.0.1:50641 - R:localhost/127.0.0.1:8083] Registering pool release on close event for channel
10:13:39.187 [reactor-http-nio-1] DEBUG reactor.netty.http.client.HttpClientConnect - [id: 0xec1f4ce8, L:/127.0.0.1:50641 - R:localhost/127.0.0.1:8083] Handler is being applied: {uri=http://localhost:8083/userLocation?userId=077a2d9a-3cd9-4e9e-bb9d-0e2531bfdfb1, method=GET}
10:13:39.188 [reactor-http-nio-2] DEBUG reactor.netty.http.client.HttpClientOperations - [id: 0xaea19dad, L:/127.0.0.1:50624 - R:localhost/127.0.0.1:8083] Received response (auto-read:false) : [Content-Type=application/json, Transfer-Encoding=chunked, Date=Tue, 07 Jun 2022 09:13:38 GMT]
10:13:39.188 [reactor-http-nio-2] DEBUG reactor.netty.resources.PooledConnectionProvider - [id: 0xaea19dad, L:/127.0.0.1:50624 - R:localhost/127.0.0.1:8083] onStateChange(GET{uri=/attractions, connection=PooledConnection{channel=[id: 0xaea19dad, L:/127.0.0.1:50624 - R:localhost/127.0.0.1:8083]}}, [response_received])
10:13:39.189 [reactor-http-nio-2] DEBUG org.springframework.web.reactive.function.client.ExchangeFunctions - [64793b94] Response 200 OK
10:13:39.189 [reactor-http-nio-2] DEBUG reactor.netty.channel.FluxReceive - [id: 0xaea19dad, L:/127.0.0.1:50624 - R:localhost/127.0.0.1:8083] Subscribing inbound receiver [pending: 0, cancelled:false, inboundDone: false]
10:13:39.190 [reactor-http-nio-2] DEBUG reactor.netty.http.client.HttpClientOperations - [id: 0xaea19dad, L:/127.0.0.1:50624 - R:localhost/127.0.0.1:8083] Received last HTTP packet
10:13:39.190 [reactor-http-nio-2] DEBUG org.springframework.core.codec.StringDecoder - [64793b94] Decoded "[{"longitude":-117.922008,"latitude":33.817595,"attractionName":"Disneyland","city":"Anaheim","stat (truncated)...
10:13:39.190 [reactor-http-nio-2] DEBUG reactor.netty.resources.PooledConnectionProvider - [id: 0xaea19dad, L:/127.0.0.1:50624 - R:localhost/127.0.0.1:8083] onStateChange(GET{uri=/attractions, connection=PooledConnection{channel=[id: 0xaea19dad, L:/127.0.0.1:50624 - R:localhost/127.0.0.1:8083]}}, [disconnecting])
10:13:39.190 [reactor-http-nio-2] DEBUG reactor.netty.resources.PooledConnectionProvider - [id: 0xaea19dad, L:/127.0.0.1:50624 - R:localhost/127.0.0.1:8083] Releasing channel
10:13:39.190 [reactor-http-nio-2] DEBUG reactor.netty.resources.PooledConnectionProvider - [id: 0xaea19dad, L:/127.0.0.1:50624 - R:localhost/127.0.0.1:8083] Channel cleaned, now 50 active connections and 38 inactive connections
10:13:39.191 [reactor-http-nio-3] DEBUG reactor.netty.resources.PooledConnectionProvider - [id: 0x1ff223b6, L:/127.0.0.1:50656 - R:localhost/127.0.0.1:8083] onStateChange(GET{uri=/userLocation?userId=c8067915-3003-4190-9090-8b3eb97c830d, connection=PooledConnection{channel=[id: 0x1ff223b6, L:/127.0.0.1:50656 - R:localhost/127.0.0.1:8083]}}, [request_sent])
10:13:39.198 [reactor-http-nio-4] DEBUG reactor.netty.http.client.HttpClientOperations - [id: 0xce2e26b5, L:/127.0.0.1:50623 - R:localhost/127.0.0.1:8083] Received response (auto-read:false) : [Content-Type=application/json, Transfer-Encoding=chunked, Date=Tue, 07 Jun 2022 09:13:38 GMT]
10:13:39.198 [reactor-http-nio-4] DEBUG reactor.netty.resources.PooledConnectionProvider - [id: 0xce2e26b5, L:/127.0.0.1:50623 - R:localhost/127.0.0.1:8083] onStateChange(GET{uri=/attractions, connection=PooledConnection{channel=[id: 0xce2e26b5, L:/127.0.0.1:50623 - R:localhost/127.0.0.1:8083]}}, [response_received])
10:13:39.198 [reactor-http-nio-4] DEBUG org.springframework.web.reactive.function.client.ExchangeFunctions - [707fc7a9] Response 200 OK
10:13:39.199 [reactor-http-nio-3] DEBUG reactor.netty.resources.PooledConnectionProvider - [id: 0x1ff223b6, L:/127.0.0.1:50656 - R:localhost/127.0.0.1:8083] Channel connected, now 50 active connections and 38 inactive connections
10:13:39.199 [reactor-http-nio-3] DEBUG reactor.netty.resources.PooledConnectionProvider - [id: 0xca71adf9, L:/127.0.0.1:50657 - R:localhost/127.0.0.1:8083] Registering pool release on close event for channel
10:13:39.199 [reactor-http-nio-3] DEBUG reactor.netty.http.client.HttpClientConnect - [id: 0xca71adf9, L:/127.0.0.1:50657 - R:localhost/127.0.0.1:8083] Handler is being applied: {uri=http://localhost:8083/userLocation?userId=6482d15f-f300-41e8-911d-306aae6f0429, method=GET}
10:13:39.200 [reactor-http-nio-3] DEBUG reactor.netty.resources.PooledConnectionProvider - [id: 0xca71adf9, L:/127.0.0.1:50657 - R:localhost/127.0.0.1:8083] onStateChange(GET{uri=/userLocation?userId=6482d15f-f300-41e8-911d-306aae6f0429, connection=PooledConnection{channel=[id: 0xca71adf9, L:/127.0.0.1:50657 - R:localhost/127.0.0.1:8083]}}, [request_sent])
10:13:39.201 [reactor-http-nio-3] DEBUG reactor.netty.resources.PooledConnectionProvider - [id: 0xca71adf9, L:/127.0.0.1:50657 - R:localhost/127.0.0.1:8083] Channel connected, now 51 active connections and 37 inactive connections
10:13:39.195 [reactor-http-nio-1] DEBUG reactor.netty.resources.PooledConnectionProvider - [id: 0xec1f4ce8, L:/127.0.0.1:50641 - R:localhost/127.0.0.1:8083] onStateChange(GET{uri=/userLocation?userId=077a2d9a-3cd9-4e9e-bb9d-0e2531bfdfb1, connection=PooledConnection{channel=[id: 0xec1f4ce8, L:/127.0.0.1:50641 - R:localhost/127.0.0.1:8083]}}, [request_sent])
10:13:39.204 [reactor-http-nio-1] DEBUG reactor.netty.resources.PooledConnectionProvider - [id: 0xec1f4ce8, L:/127.0.0.1:50641 - R:localhost/127.0.0.1:8083] Channel connected, now 51 active connections and 37 inactive connections
10:13:39.204 [reactor-http-nio-1] DEBUG reactor.netty.resources.PooledConnectionProvider - [id: 0x895d9623, L:/127.0.0.1:50643 - R:localhost/127.0.0.1:8083] Registering pool release on close event for channel
10:13:39.204 [reactor-http-nio-1] DEBUG reactor.netty.http.client.HttpClientConnect - [id: 0x895d9623, L:/127.0.0.1:50643 - R:localhost/127.0.0.1:8083] Handler is being applied: {uri=http://localhost:8083/userLocation?userId=3630ace2-8af0-45e6-93d3-7f4f8966549a, method=GET}
10:13:39.207 [reactor-http-nio-1] DEBUG reactor.netty.resources.PooledConnectionProvider - [id: 0x895d9623, L:/127.0.0.1:50643 - R:localhost/127.0.0.1:8083] onStateChange(GET{uri=/userLocation?userId=3630ace2-8af0-45e6-93d3-7f4f8966549a, connection=PooledConnection{channel=[id: 0x895d9623, L:/127.0.0.1:50643 - R:localhost/127.0.0.1:8083]}}, [request_sent])
10:13:39.207 [reactor-http-nio-1] DEBUG reactor.netty.resources.PooledConnectionProvider - [id: 0x895d9623, L:/127.0.0.1:50643 - R:localhost/127.0.0.1:8083] Channel connected, now 52 active connections and 36 inactive connections
10:13:39.207 [reactor-http-nio-1] DEBUG reactor.netty.resources.PooledConnectionProvider - [id: 0xb12e3ff3, L:/127.0.0.1:50644 - R:localhost/127.0.0.1:8083] Registering pool release on close event for channel
10:13:39.207 [reactor-http-nio-1] DEBUG reactor.netty.http.client.HttpClientConnect - [id: 0xb12e3ff3, L:/127.0.0.1:50644 - R:localhost/127.0.0.1:8083] Handler is being applied: {uri=http://localhost:8083/userLocation?userId=0032fa06-9bfa-4b8a-ba9c-06d0b19a644e, method=GET}
10:13:39.209 [reactor-http-nio-1] DEBUG reactor.netty.resources.PooledConnectionProvider - [id: 0xb12e3ff3, L:/127.0.0.1:50644 - R:localhost/127.0.0.1:8083] onStateChange(GET{uri=/userLocation?userId=0032fa06-9bfa-4b8a-ba9c-06d0b19a644e, connection=PooledConnection{channel=[id: 0xb12e3ff3, L:/127.0.0.1:50644 - R:localhost/127.0.0.1:8083]}}, [request_sent])
10:13:39.209 [reactor-http-nio-1] DEBUG reactor.netty.resources.PooledConnectionProvider - [id: 0xb12e3ff3, L:/127.0.0.1:50644 - R:localhost/127.0.0.1:8083] Channel connected, now 53 active connections and 35 inactive connections
10:13:39.209 [reactor-http-nio-1] DEBUG reactor.netty.resources.PooledConnectionProvider - [id: 0xea840478, L:/127.0.0.1:50645 - R:localhost/127.0.0.1:8083] Registering pool release on close event for channel
10:13:39.209 [reactor-http-nio-1] DEBUG reactor.netty.http.client.HttpClientConnect - [id: 0xea840478, L:/127.0.0.1:50645 - R:localhost/127.0.0.1:8083] Handler is being applied: {uri=http://localhost:8083/userLocation?userId=33ae5fb2-8b8d-40a1-84cc-844dbfc032a0, method=GET}
10:13:39.199 [reactor-http-nio-4] DEBUG reactor.netty.channel.FluxReceive - [id: 0xce2e26b5, L:/127.0.0.1:50623 - R:localhost/127.0.0.1:8083] Subscribing inbound receiver [pending: 0, cancelled:false, inboundDone: false]
10:13:39.211 [reactor-http-nio-1] DEBUG reactor.netty.resources.PooledConnectionProvider - [id: 0xea840478, L:/127.0.0.1:50645 - R:localhost/127.0.0.1:8083] onStateChange(GET{uri=/userLocation?userId=33ae5fb2-8b8d-40a1-84cc-844dbfc032a0, connection=PooledConnection{channel=[id: 0xea840478, L:/127.0.0.1:50645 - R:localhost/127.0.0.1:8083]}}, [request_sent])
10:13:39.211 [reactor-http-nio-1] DEBUG reactor.netty.resources.PooledConnectionProvider - [id: 0xea840478, L:/127.0.0.1:50645 - R:localhost/127.0.0.1:8083] Channel connected, now 54 active connections and 34 inactive connections
10:13:39.211 [reactor-http-nio-1] DEBUG reactor.netty.resources.PooledConnectionProvider - [id: 0xde36731e, L:/127.0.0.1:50647 - R:localhost/127.0.0.1:8083] Registering pool release on close event for channel
10:13:39.211 [reactor-http-nio-4] DEBUG reactor.netty.http.client.HttpClientOperations - [id: 0xce2e26b5, L:/127.0.0.1:50623 - R:localhost/127.0.0.1:8083] Received last HTTP packet
10:13:39.211 [reactor-http-nio-1] DEBUG reactor.netty.http.client.HttpClientConnect - [id: 0xde36731e, L:/127.0.0.1:50647 - R:localhost/127.0.0.1:8083] Handler is being applied: {uri=http://localhost:8083/userLocation?userId=d1d8f505-5ba2-4242-8651-e368b7021794, method=GET}
10:13:39.212 [reactor-http-nio-4] DEBUG org.springframework.core.codec.StringDecoder - [707fc7a9] Decoded "[{"longitude":-117.922008,"latitude":33.817595,"attractionName":"Disneyland","city":"Anaheim","stat (truncated)...
10:13:39.212 [reactor-http-nio-4] DEBUG reactor.netty.resources.PooledConnectionProvider - [id: 0xce2e26b5, L:/127.0.0.1:50623 - R:localhost/127.0.0.1:8083] onStateChange(GET{uri=/attractions, connection=PooledConnection{channel=[id: 0xce2e26b5, L:/127.0.0.1:50623 - R:localhost/127.0.0.1:8083]}}, [disconnecting])
10:13:39.212 [reactor-http-nio-4] DEBUG reactor.netty.resources.PooledConnectionProvider - [id: 0xce2e26b5, L:/127.0.0.1:50623 - R:localhost/127.0.0.1:8083] Releasing channel
10:13:39.212 [reactor-http-nio-4] DEBUG reactor.netty.resources.PooledConnectionProvider - [id: 0xce2e26b5, L:/127.0.0.1:50623 - R:localhost/127.0.0.1:8083] Channel cleaned, now 54 active connections and 34 inactive connections
10:13:39.212 [reactor-http-nio-1] DEBUG reactor.netty.resources.PooledConnectionProvider - [id: 0xde36731e, L:/127.0.0.1:50647 - R:localhost/127.0.0.1:8083] onStateChange(GET{uri=/userLocation?userId=d1d8f505-5ba2-4242-8651-e368b7021794, connection=PooledConnection{channel=[id: 0xde36731e, L:/127.0.0.1:50647 - R:localhost/127.0.0.1:8083]}}, [request_sent])
10:13:39.213 [reactor-http-nio-1] DEBUG reactor.netty.resources.PooledConnectionProvider - [id: 0xde36731e, L:/127.0.0.1:50647 - R:localhost/127.0.0.1:8083] Channel connected, now 54 active connections and 34 inactive connections
10:13:39.213 [reactor-http-nio-4] DEBUG reactor.netty.resources.PooledConnectionProvider - [id: 0xce32d0ed, L:/127.0.0.1:50671 - R:localhost/127.0.0.1:8083] onStateChange(PooledConnection{channel=[id: 0xce32d0ed, L:/127.0.0.1:50671 - R:localhost/127.0.0.1:8083]}, [connected])
10:13:39.213 [reactor-http-nio-1] DEBUG reactor.netty.resources.PooledConnectionProvider - [id: 0x0a3705f4] Created new pooled channel, now 54 active connections and 35 inactive connections
10:13:39.213 [reactor-http-nio-2] DEBUG reactor.netty.resources.PooledConnectionProvider - [id: 0xaed570cd, L:/127.0.0.1:50659 - R:localhost/127.0.0.1:8083] Registering pool release on close event for channel
10:13:39.213 [reactor-http-nio-4] DEBUG reactor.netty.resources.PooledConnectionProvider - [id: 0xce32d0ed, L:/127.0.0.1:50671 - R:localhost/127.0.0.1:8083] onStateChange(GET{uri=/, connection=PooledConnection{channel=[id: 0xce32d0ed, L:/127.0.0.1:50671 - R:localhost/127.0.0.1:8083]}}, [configured])
10:13:39.213 [reactor-http-nio-2] DEBUG reactor.netty.http.client.HttpClientConnect - [id: 0xaed570cd, L:/127.0.0.1:50659 - R:localhost/127.0.0.1:8083] Handler is being applied: {uri=http://localhost:8083/userLocation?userId=bedd92a8-2a89-46f4-8fc9-d97fc6aaacd1, method=GET}
10:13:39.213 [reactor-http-nio-1] DEBUG reactor.netty.channel.BootstrapHandlers - [id: 0x0a3705f4] Initialized pipeline DefaultChannelPipeline{(BootstrapHandlers$BootstrapInitializerHandler#0 = reactor.netty.channel.BootstrapHandlers$BootstrapInitializerHandler), (SimpleChannelPool$1#0 = io.netty.channel.pool.SimpleChannelPool$1), (reactor.left.httpCodec = io.netty.handler.codec.http.HttpClientCodec), (reactor.left.decompressor = io.netty.handler.codec.http.HttpContentDecompressor), (reactor.right.reactiveBridge = reactor.netty.channel.ChannelOperationsHandler)}
10:13:39.214 [reactor-http-nio-2] DEBUG reactor.netty.resources.PooledConnectionProvider - [id: 0xaed570cd, L:/127.0.0.1:50659 - R:localhost/127.0.0.1:8083] onStateChange(GET{uri=/userLocation?userId=bedd92a8-2a89-46f4-8fc9-d97fc6aaacd1, connection=PooledConnection{channel=[id: 0xaed570cd, L:/127.0.0.1:50659 - R:localhost/127.0.0.1:8083]}}, [request_sent])
10:13:39.214 [reactor-http-nio-2] DEBUG reactor.netty.resources.PooledConnectionProvider - [id: 0xaed570cd, L:/127.0.0.1:50659 - R:localhost/127.0.0.1:8083] Channel connected, now 55 active connections and 34 inactive connections
10:13:39.214 [reactor-http-nio-2] DEBUG reactor.netty.resources.PooledConnectionProvider - [id: 0xa135700d, L:/127.0.0.1:50660 - R:localhost/127.0.0.1:8083] Registering pool release on close event for channel
10:13:39.214 [reactor-http-nio-2] DEBUG reactor.netty.http.client.HttpClientConnect - [id: 0xa135700d, L:/127.0.0.1:50660 - R:localhost/127.0.0.1:8083] Handler is being applied: {uri=http://localhost:8083/userLocation?userId=42cd22ee-5d25-4154-86bc-6a33c758406f, method=GET}
10:13:39.215 [reactor-http-nio-2] DEBUG reactor.netty.resources.PooledConnectionProvider - [id: 0xa135700d, L:/127.0.0.1:50660 - R:localhost/127.0.0.1:8083] onStateChange(GET{uri=/userLocation?userId=42cd22ee-5d25-4154-86bc-6a33c758406f, connection=PooledConnection{channel=[id: 0xa135700d, L:/127.0.0.1:50660 - R:localhost/127.0.0.1:8083]}}, [request_sent])
10:13:39.216 [reactor-http-nio-2] DEBUG reactor.netty.resources.PooledConnectionProvider - [id: 0xa135700d, L:/127.0.0.1:50660 - R:localhost/127.0.0.1:8083] Channel connected, now 56 active connections and 33 inactive connections
10:13:39.216 [reactor-http-nio-2] DEBUG reactor.netty.resources.PooledConnectionProvider - [id: 0x6e22cddb, L:/127.0.0.1:50661 - R:localhost/127.0.0.1:8083] Registering pool release on close event for channel
10:13:39.216 [reactor-http-nio-2] DEBUG reactor.netty.http.client.HttpClientConnect - [id: 0x6e22cddb, L:/127.0.0.1:50661 - R:localhost/127.0.0.1:8083] Handler is being applied: {uri=http://localhost:8083/userLocation?userId=de147d6d-3a03-45b7-a3bd-82a4ade78756, method=GET}
10:13:39.217 [reactor-http-nio-2] DEBUG reactor.netty.resources.PooledConnectionProvider - [id: 0x6e22cddb, L:/127.0.0.1:50661 - R:localhost/127.0.0.1:8083] onStateChange(GET{uri=/userLocation?userId=de147d6d-3a03-45b7-a3bd-82a4ade78756, connection=PooledConnection{channel=[id: 0x6e22cddb, L:/127.0.0.1:50661 - R:localhost/127.0.0.1:8083]}}, [request_sent])
10:13:39.217 [reactor-http-nio-2] DEBUG reactor.netty.resources.PooledConnectionProvider - [id: 0x6e22cddb, L:/127.0.0.1:50661 - R:localhost/127.0.0.1:8083] Channel connected, now 57 active connections and 32 inactive connections
10:13:39.217 [reactor-http-nio-2] DEBUG reactor.netty.resources.PooledConnectionProvider - [id: 0xe039fca8, L:/127.0.0.1:50664 - R:localhost/127.0.0.1:8083] Registering pool release on close event for channel
10:13:39.217 [reactor-http-nio-2] DEBUG reactor.netty.http.client.HttpClientConnect - [id: 0xe039fca8, L:/127.0.0.1:50664 - R:localhost/127.0.0.1:8083] Handler is being applied: {uri=http://localhost:8083/userLocation?userId=26b15582-8a26-420f-84db-ca191ddb5594, method=GET}
10:13:39.218 [reactor-http-nio-2] DEBUG reactor.netty.resources.PooledConnectionProvider - [id: 0xe039fca8, L:/127.0.0.1:50664 - R:localhost/127.0.0.1:8083] onStateChange(GET{uri=/userLocation?userId=26b15582-8a26-420f-84db-ca191ddb5594, connection=PooledConnection{channel=[id: 0xe039fca8, L:/127.0.0.1:50664 - R:localhost/127.0.0.1:8083]}}, [request_sent])
10:13:39.218 [reactor-http-nio-2] DEBUG reactor.netty.resources.PooledConnectionProvider - [id: 0xe039fca8, L:/127.0.0.1:50664 - R:localhost/127.0.0.1:8083] Channel connected, now 58 active connections and 32 inactive connections
10:13:39.218 [reactor-http-nio-2] DEBUG reactor.netty.resources.PooledConnectionProvider - [id: 0x8d01d79b, L:/127.0.0.1:50666 - R:localhost/127.0.0.1:8083] Registering pool release on close event for channel
10:13:39.218 [reactor-http-nio-2] DEBUG reactor.netty.http.client.HttpClientConnect - [id: 0x8d01d79b, L:/127.0.0.1:50666 - R:localhost/127.0.0.1:8083] Handler is being applied: {uri=http://localhost:8083/userLocation?userId=658bd5a9-bdf0-4302-af36-02f44b4487d1, method=GET}
10:13:39.219 [reactor-http-nio-2] DEBUG reactor.netty.resources.PooledConnectionProvider - [id: 0x8d01d79b, L:/127.0.0.1:50666 - R:localhost/127.0.0.1:8083] onStateChange(GET{uri=/userLocation?userId=658bd5a9-bdf0-4302-af36-02f44b4487d1, connection=PooledConnection{channel=[id: 0x8d01d79b, L:/127.0.0.1:50666 - R:localhost/127.0.0.1:8083]}}, [request_sent])
10:13:39.219 [reactor-http-nio-2] DEBUG reactor.netty.resources.PooledConnectionProvider - [id: 0x8d01d79b, L:/127.0.0.1:50666 - R:localhost/127.0.0.1:8083] Channel connected, now 59 active connections and 31 inactive connections
10:13:39.219 [reactor-http-nio-2] DEBUG reactor.netty.resources.PooledConnectionProvider - [id: 0x2d54db0e, L:/127.0.0.1:50668 - R:localhost/127.0.0.1:8083] Registering pool release on close event for channel
10:13:39.220 [reactor-http-nio-2] DEBUG reactor.netty.http.client.HttpClientConnect - [id: 0x2d54db0e, L:/127.0.0.1:50668 - R:localhost/127.0.0.1:8083] Handler is being applied: {uri=http://localhost:8083/userLocation?userId=db116f68-3dbe-4174-894e-8f05e00fa30c, method=GET}
10:13:39.221 [reactor-http-nio-2] DEBUG reactor.netty.resources.PooledConnectionProvider - [id: 0x2d54db0e, L:/127.0.0.1:50668 - R:localhost/127.0.0.1:8083] onStateChange(GET{uri=/userLocation?userId=db116f68-3dbe-4174-894e-8f05e00fa30c, connection=PooledConnection{channel=[id: 0x2d54db0e, L:/127.0.0.1:50668 - R:localhost/127.0.0.1:8083]}}, [request_sent])
10:13:39.221 [reactor-http-nio-2] DEBUG reactor.netty.resources.PooledConnectionProvider - [id: 0x2d54db0e, L:/127.0.0.1:50668 - R:localhost/127.0.0.1:8083] Channel connected, now 60 active connections and 30 inactive connections
10:13:39.221 [reactor-http-nio-2] DEBUG reactor.netty.resources.PooledConnectionProvider - [id: 0xfff007b6, L:/127.0.0.1:50626 - R:localhost/127.0.0.1:8083] Channel acquired, now 61 active connections and 29 inactive connections
10:13:39.221 [reactor-http-nio-2] DEBUG reactor.netty.http.client.HttpClientConnect - [id: 0xfff007b6, L:/127.0.0.1:50626 - R:localhost/127.0.0.1:8083] Handler is being applied: {uri=http://localhost:8083/attractions, method=GET}
10:13:39.222 [reactor-http-nio-2] DEBUG reactor.netty.resources.PooledConnectionProvider - [id: 0xfff007b6, L:/127.0.0.1:50626 - R:localhost/127.0.0.1:8083] onStateChange(GET{uri=/attractions, connection=PooledConnection{channel=[id: 0xfff007b6, L:/127.0.0.1:50626 - R:localhost/127.0.0.1:8083]}}, [request_sent])
10:13:39.222 [reactor-http-nio-1] DEBUG reactor.netty.resources.PooledConnectionProvider - [id: 0x35c68692] Created new pooled channel, now 61 active connections and 29 inactive connections
10:13:39.223 [reactor-http-nio-1] DEBUG reactor.netty.channel.BootstrapHandlers - [id: 0x35c68692] Initialized pipeline DefaultChannelPipeline{(BootstrapHandlers$BootstrapInitializerHandler#0 = reactor.netty.channel.BootstrapHandlers$BootstrapInitializerHandler), (SimpleChannelPool$1#0 = io.netty.channel.pool.SimpleChannelPool$1), (reactor.left.httpCodec = io.netty.handler.codec.http.HttpClientCodec), (reactor.left.decompressor = io.netty.handler.codec.http.HttpContentDecompressor), (reactor.right.reactiveBridge = reactor.netty.channel.ChannelOperationsHandler)}
10:13:39.223 [reactor-http-nio-1] DEBUG reactor.netty.resources.PooledConnectionProvider - [id: 0xf112af30] Created new pooled channel, now 61 active connections and 30 inactive connections
10:13:39.224 [reactor-http-nio-1] DEBUG reactor.netty.channel.BootstrapHandlers - [id: 0xf112af30] Initialized pipeline DefaultChannelPipeline{(BootstrapHandlers$BootstrapInitializerHandler#0 = reactor.netty.channel.BootstrapHandlers$BootstrapInitializerHandler), (SimpleChannelPool$1#0 = io.netty.channel.pool.SimpleChannelPool$1), (reactor.left.httpCodec = io.netty.handler.codec.http.HttpClientCodec), (reactor.left.decompressor = io.netty.handler.codec.http.HttpContentDecompressor), (reactor.right.reactiveBridge = reactor.netty.channel.ChannelOperationsHandler)}
10:13:39.225 [reactor-http-nio-3] DEBUG reactor.netty.resources.PooledConnectionProvider - [id: 0x3ebd4108, L:/127.0.0.1:50652 - R:localhost/127.0.0.1:8083] Registering pool release on close event for channel
10:13:39.225 [reactor-http-nio-3] DEBUG reactor.netty.http.client.HttpClientConnect - [id: 0x3ebd4108, L:/127.0.0.1:50652 - R:localhost/127.0.0.1:8083] Handler is being applied: {uri=http://localhost:8083/userLocation?userId=9fd2fe7a-aaa6-4229-b7ee-052225a77f0a, method=GET}
10:13:39.226 [reactor-http-nio-1] DEBUG reactor.netty.resources.PooledConnectionProvider - [id: 0x07b5f9ab] Created new pooled channel, now 62 active connections and 30 inactive connections
10:13:39.227 [reactor-http-nio-3] DEBUG reactor.netty.resources.PooledConnectionProvider - [id: 0x3ebd4108, L:/127.0.0.1:50652 - R:localhost/127.0.0.1:8083] onStateChange(GET{uri=/userLocation?userId=9fd2fe7a-aaa6-4229-b7ee-052225a77f0a, connection=PooledConnection{channel=[id: 0x3ebd4108, L:/127.0.0.1:50652 - R:localhost/127.0.0.1:8083]}}, [request_sent])
10:13:39.227 [reactor-http-nio-3] DEBUG reactor.netty.resources.PooledConnectionProvider - [id: 0x3ebd4108, L:/127.0.0.1:50652 - R:localhost/127.0.0.1:8083] Channel connected, now 62 active connections and 30 inactive connections
10:13:39.227 [reactor-http-nio-3] DEBUG reactor.netty.resources.PooledConnectionProvider - [id: 0x5d51966d, L:/127.0.0.1:50654 - R:localhost/127.0.0.1:8083] Registering pool release on close event for channel
10:13:39.227 [reactor-http-nio-3] DEBUG reactor.netty.http.client.HttpClientConnect - [id: 0x5d51966d, L:/127.0.0.1:50654 - R:localhost/127.0.0.1:8083] Handler is being applied: {uri=http://localhost:8083/userLocation?userId=5df5b46a-2e08-4184-abcf-b22f789a2f21, method=GET}
10:13:39.228 [reactor-http-nio-3] DEBUG reactor.netty.resources.PooledConnectionProvider - [id: 0x5d51966d, L:/127.0.0.1:50654 - R:localhost/127.0.0.1:8083] onStateChange(GET{uri=/userLocation?userId=5df5b46a-2e08-4184-abcf-b22f789a2f21, connection=PooledConnection{channel=[id: 0x5d51966d, L:/127.0.0.1:50654 - R:localhost/127.0.0.1:8083]}}, [request_sent])
10:13:39.228 [reactor-http-nio-3] DEBUG reactor.netty.resources.PooledConnectionProvider - [id: 0x5d51966d, L:/127.0.0.1:50654 - R:localhost/127.0.0.1:8083] Channel connected, now 63 active connections and 29 inactive connections
10:13:39.228 [reactor-http-nio-3] DEBUG reactor.netty.resources.PooledConnectionProvider - [id: 0x848154ea, L:/127.0.0.1:50683 - R:localhost/127.0.0.1:8083] Registering pool release on close event for channel
10:13:39.228 [reactor-http-nio-3] DEBUG reactor.netty.http.client.HttpClientConnect - [id: 0x848154ea, L:/127.0.0.1:50683 - R:localhost/127.0.0.1:8083] Handler is being applied: {uri=http://localhost:8083/userLocation?userId=9bcbb1e0-5010-4359-9dd0-286a840ae0cb, method=GET}
10:13:39.213 [reactor-http-nio-4] DEBUG reactor.netty.resources.PooledConnectionProvider - [id: 0x269b11ab, L:/127.0.0.1:50672 - R:localhost/127.0.0.1:8083] onStateChange(PooledConnection{channel=[id: 0x269b11ab, L:/127.0.0.1:50672 - R:localhost/127.0.0.1:8083]}, [connected])
10:13:39.229 [reactor-http-nio-4] DEBUG reactor.netty.resources.PooledConnectionProvider - [id: 0x269b11ab, L:/127.0.0.1:50672 - R:localhost/127.0.0.1:8083] onStateChange(GET{uri=/, connection=PooledConnection{channel=[id: 0x269b11ab, L:/127.0.0.1:50672 - R:localhost/127.0.0.1:8083]}}, [configured])
10:13:39.230 [reactor-http-nio-4] DEBUG reactor.netty.resources.PooledConnectionProvider - [id: 0xd35da22f, L:/127.0.0.1:50673 - R:localhost/127.0.0.1:8083] onStateChange(PooledConnection{channel=[id: 0xd35da22f, L:/127.0.0.1:50673 - R:localhost/127.0.0.1:8083]}, [connected])
10:13:39.230 [reactor-http-nio-4] DEBUG reactor.netty.resources.PooledConnectionProvider - [id: 0xd35da22f, L:/127.0.0.1:50673 - R:localhost/127.0.0.1:8083] onStateChange(GET{uri=/, connection=PooledConnection{channel=[id: 0xd35da22f, L:/127.0.0.1:50673 - R:localhost/127.0.0.1:8083]}}, [configured])
10:13:39.231 [reactor-http-nio-4] DEBUG reactor.netty.resources.PooledConnectionProvider - [id: 0x1925c564, L:/127.0.0.1:50674 - R:localhost/127.0.0.1:8083] onStateChange(PooledConnection{channel=[id: 0x1925c564, L:/127.0.0.1:50674 - R:localhost/127.0.0.1:8083]}, [connected])
10:13:39.232 [reactor-http-nio-4] DEBUG reactor.netty.resources.PooledConnectionProvider - [id: 0x1925c564, L:/127.0.0.1:50674 - R:localhost/127.0.0.1:8083] onStateChange(GET{uri=/, connection=PooledConnection{channel=[id: 0x1925c564, L:/127.0.0.1:50674 - R:localhost/127.0.0.1:8083]}}, [configured])
10:13:39.232 [reactor-http-nio-4] DEBUG reactor.netty.resources.PooledConnectionProvider - [id: 0x8f9ca272, L:/127.0.0.1:50675 - R:localhost/127.0.0.1:8083] onStateChange(PooledConnection{channel=[id: 0x8f9ca272, L:/127.0.0.1:50675 - R:localhost/127.0.0.1:8083]}, [connected])
10:13:39.232 [reactor-http-nio-4] DEBUG reactor.netty.resources.PooledConnectionProvider - [id: 0x8f9ca272, L:/127.0.0.1:50675 - R:localhost/127.0.0.1:8083] onStateChange(GET{uri=/, connection=PooledConnection{channel=[id: 0x8f9ca272, L:/127.0.0.1:50675 - R:localhost/127.0.0.1:8083]}}, [configured])
10:13:39.233 [reactor-http-nio-4] DEBUG reactor.netty.resources.PooledConnectionProvider - [id: 0x204ddfda, L:/127.0.0.1:50676 - R:localhost/127.0.0.1:8083] onStateChange(PooledConnection{channel=[id: 0x204ddfda, L:/127.0.0.1:50676 - R:localhost/127.0.0.1:8083]}, [connected])
10:13:39.233 [reactor-http-nio-4] DEBUG reactor.netty.resources.PooledConnectionProvider - [id: 0x204ddfda, L:/127.0.0.1:50676 - R:localhost/127.0.0.1:8083] onStateChange(GET{uri=/, connection=PooledConnection{channel=[id: 0x204ddfda, L:/127.0.0.1:50676 - R:localhost/127.0.0.1:8083]}}, [configured])
10:13:39.233 [reactor-http-nio-4] DEBUG reactor.netty.resources.PooledConnectionProvider - [id: 0xaf549f54, L:/127.0.0.1:50677 - R:localhost/127.0.0.1:8083] onStateChange(PooledConnection{channel=[id: 0xaf549f54, L:/127.0.0.1:50677 - R:localhost/127.0.0.1:8083]}, [connected])
10:13:39.234 [reactor-http-nio-4] DEBUG reactor.netty.resources.PooledConnectionProvider - [id: 0xaf549f54, L:/127.0.0.1:50677 - R:localhost/127.0.0.1:8083] onStateChange(GET{uri=/, connection=PooledConnection{channel=[id: 0xaf549f54, L:/127.0.0.1:50677 - R:localhost/127.0.0.1:8083]}}, [configured])
10:13:39.236 [reactor-http-nio-4] DEBUG reactor.netty.resources.PooledConnectionProvider - [id: 0x16ab4917, L:/127.0.0.1:50678 - R:localhost/127.0.0.1:8083] onStateChange(PooledConnection{channel=[id: 0x16ab4917, L:/127.0.0.1:50678 - R:localhost/127.0.0.1:8083]}, [connected])
10:13:39.237 [reactor-http-nio-4] DEBUG reactor.netty.resources.PooledConnectionProvider - [id: 0x16ab4917, L:/127.0.0.1:50678 - R:localhost/127.0.0.1:8083] onStateChange(GET{uri=/, connection=PooledConnection{channel=[id: 0x16ab4917, L:/127.0.0.1:50678 - R:localhost/127.0.0.1:8083]}}, [configured])
10:13:39.237 [reactor-http-nio-4] DEBUG reactor.netty.resources.PooledConnectionProvider - [id: 0xb232e8be, L:/127.0.0.1:50679 - R:localhost/127.0.0.1:8083] onStateChange(PooledConnection{channel=[id: 0xb232e8be, L:/127.0.0.1:50679 - R:localhost/127.0.0.1:8083]}, [connected])
10:13:39.237 [reactor-http-nio-4] DEBUG reactor.netty.resources.PooledConnectionProvider - [id: 0xb232e8be, L:/127.0.0.1:50679 - R:localhost/127.0.0.1:8083] onStateChange(GET{uri=/, connection=PooledConnection{channel=[id: 0xb232e8be, L:/127.0.0.1:50679 - R:localhost/127.0.0.1:8083]}}, [configured])
10:13:39.237 [reactor-http-nio-4] DEBUG reactor.netty.resources.PooledConnectionProvider - [id: 0x0fdbb1c2, L:/127.0.0.1:50680 - R:localhost/127.0.0.1:8083] onStateChange(PooledConnection{channel=[id: 0x0fdbb1c2, L:/127.0.0.1:50680 - R:localhost/127.0.0.1:8083]}, [connected])
10:13:39.238 [reactor-http-nio-4] DEBUG reactor.netty.resources.PooledConnectionProvider - [id: 0x0fdbb1c2, L:/127.0.0.1:50680 - R:localhost/127.0.0.1:8083] onStateChange(GET{uri=/, connection=PooledConnection{channel=[id: 0x0fdbb1c2, L:/127.0.0.1:50680 - R:localhost/127.0.0.1:8083]}}, [configured])
10:13:39.239 [reactor-http-nio-4] DEBUG reactor.netty.resources.PooledConnectionProvider - [id: 0xd848025a, L:/127.0.0.1:50682 - R:localhost/127.0.0.1:8083] onStateChange(PooledConnection{channel=[id: 0xd848025a, L:/127.0.0.1:50682 - R:localhost/127.0.0.1:8083]}, [connected])
10:13:39.239 [reactor-http-nio-4] DEBUG reactor.netty.resources.PooledConnectionProvider - [id: 0xd848025a, L:/127.0.0.1:50682 - R:localhost/127.0.0.1:8083] onStateChange(GET{uri=/, connection=PooledConnection{channel=[id: 0xd848025a, L:/127.0.0.1:50682 - R:localhost/127.0.0.1:8083]}}, [configured])
10:13:39.239 [reactor-http-nio-4] DEBUG reactor.netty.resources.PooledConnectionProvider - [id: 0x6bb66c88, L:/127.0.0.1:50689 - R:localhost/127.0.0.1:8083] onStateChange(PooledConnection{channel=[id: 0x6bb66c88, L:/127.0.0.1:50689 - R:localhost/127.0.0.1:8083]}, [connected])
10:13:39.240 [reactor-http-nio-4] DEBUG reactor.netty.resources.PooledConnectionProvider - [id: 0x6bb66c88, L:/127.0.0.1:50689 - R:localhost/127.0.0.1:8083] onStateChange(GET{uri=/, connection=PooledConnection{channel=[id: 0x6bb66c88, L:/127.0.0.1:50689 - R:localhost/127.0.0.1:8083]}}, [configured])
10:13:39.240 [reactor-http-nio-4] DEBUG reactor.netty.resources.PooledConnectionProvider - [id: 0xce32d0ed, L:/127.0.0.1:50671 - R:localhost/127.0.0.1:8083] Registering pool release on close event for channel
10:13:39.240 [reactor-http-nio-4] DEBUG reactor.netty.http.client.HttpClientConnect - [id: 0xce32d0ed, L:/127.0.0.1:50671 - R:localhost/127.0.0.1:8083] Handler is being applied: {uri=http://localhost:8083/userLocation?userId=5d180488-7b6e-47b1-92a9-fc0ad842b792, method=GET}
10:13:39.227 [reactor-http-nio-1] DEBUG reactor.netty.channel.BootstrapHandlers - [id: 0x07b5f9ab] Initialized pipeline DefaultChannelPipeline{(BootstrapHandlers$BootstrapInitializerHandler#0 = reactor.netty.channel.BootstrapHandlers$BootstrapInitializerHandler), (SimpleChannelPool$1#0 = io.netty.channel.pool.SimpleChannelPool$1), (reactor.left.httpCodec = io.netty.handler.codec.http.HttpClientCodec), (reactor.left.decompressor = io.netty.handler.codec.http.HttpContentDecompressor), (reactor.right.reactiveBridge = reactor.netty.channel.ChannelOperationsHandler)}
10:13:39.229 [reactor-http-nio-3] DEBUG reactor.netty.resources.PooledConnectionProvider - [id: 0x848154ea, L:/127.0.0.1:50683 - R:localhost/127.0.0.1:8083] onStateChange(GET{uri=/userLocation?userId=9bcbb1e0-5010-4359-9dd0-286a840ae0cb, connection=PooledConnection{channel=[id: 0x848154ea, L:/127.0.0.1:50683 - R:localhost/127.0.0.1:8083]}}, [request_sent])
10:13:39.242 [reactor-http-nio-3] DEBUG reactor.netty.resources.PooledConnectionProvider - [id: 0x848154ea, L:/127.0.0.1:50683 - R:localhost/127.0.0.1:8083] Channel connected, now 65 active connections and 27 inactive connections
10:13:39.242 [reactor-http-nio-4] DEBUG reactor.netty.resources.PooledConnectionProvider - [id: 0xce32d0ed, L:/127.0.0.1:50671 - R:localhost/127.0.0.1:8083] onStateChange(GET{uri=/userLocation?userId=5d180488-7b6e-47b1-92a9-fc0ad842b792, connection=PooledConnection{channel=[id: 0xce32d0ed, L:/127.0.0.1:50671 - R:localhost/127.0.0.1:8083]}}, [request_sent])
10:13:39.242 [reactor-http-nio-4] DEBUG reactor.netty.resources.PooledConnectionProvider - [id: 0xce32d0ed, L:/127.0.0.1:50671 - R:localhost/127.0.0.1:8083] Channel connected, now 65 active connections and 27 inactive connections
10:13:39.242 [reactor-http-nio-4] DEBUG reactor.netty.resources.PooledConnectionProvider - [id: 0x269b11ab, L:/127.0.0.1:50672 - R:localhost/127.0.0.1:8083] Registering pool release on close event for channel
10:13:39.242 [reactor-http-nio-4] DEBUG reactor.netty.http.client.HttpClientConnect - [id: 0x269b11ab, L:/127.0.0.1:50672 - R:localhost/127.0.0.1:8083] Handler is being applied: {uri=http://localhost:8083/userLocation?userId=aa55f962-0d22-4923-a16f-96149a00f132, method=GET}
10:13:39.244 [reactor-http-nio-4] DEBUG reactor.netty.resources.PooledConnectionProvider - [id: 0x269b11ab, L:/127.0.0.1:50672 - R:localhost/127.0.0.1:8083] onStateChange(GET{uri=/userLocation?userId=aa55f962-0d22-4923-a16f-96149a00f132, connection=PooledConnection{channel=[id: 0x269b11ab, L:/127.0.0.1:50672 - R:localhost/127.0.0.1:8083]}}, [request_sent])
10:13:39.245 [reactor-http-nio-4] DEBUG reactor.netty.resources.PooledConnectionProvider - [id: 0x269b11ab, L:/127.0.0.1:50672 - R:localhost/127.0.0.1:8083] Channel connected, now 66 active connections and 26 inactive connections
10:13:39.245 [reactor-http-nio-4] DEBUG reactor.netty.resources.PooledConnectionProvider - [id: 0x3846aaec, L:/127.0.0.1:50621 - R:localhost/127.0.0.1:8083] Channel acquired, now 67 active connections and 25 inactive connections
10:13:39.245 [reactor-http-nio-4] DEBUG reactor.netty.http.client.HttpClientConnect - [id: 0x3846aaec, L:/127.0.0.1:50621 - R:localhost/127.0.0.1:8083] Handler is being applied: {uri=http://localhost:8083/attractions, method=GET}
10:13:39.246 [reactor-http-nio-4] DEBUG reactor.netty.resources.PooledConnectionProvider - [id: 0x3846aaec, L:/127.0.0.1:50621 - R:localhost/127.0.0.1:8083] onStateChange(GET{uri=/attractions, connection=PooledConnection{channel=[id: 0x3846aaec, L:/127.0.0.1:50621 - R:localhost/127.0.0.1:8083]}}, [request_sent])
10:13:39.247 [reactor-http-nio-4] DEBUG reactor.netty.resources.PooledConnectionProvider - [id: 0xd35da22f, L:/127.0.0.1:50673 - R:localhost/127.0.0.1:8083] Registering pool release on close event for channel
10:13:39.247 [reactor-http-nio-4] DEBUG reactor.netty.http.client.HttpClientConnect - [id: 0xd35da22f, L:/127.0.0.1:50673 - R:localhost/127.0.0.1:8083] Handler is being applied: {uri=http://localhost:8083/userLocation?userId=25b7a900-d32d-465e-8c04-ac564f32efed, method=GET}
10:13:39.249 [reactor-http-nio-4] DEBUG reactor.netty.resources.PooledConnectionProvider - [id: 0xd35da22f, L:/127.0.0.1:50673 - R:localhost/127.0.0.1:8083] onStateChange(GET{uri=/userLocation?userId=25b7a900-d32d-465e-8c04-ac564f32efed, connection=PooledConnection{channel=[id: 0xd35da22f, L:/127.0.0.1:50673 - R:localhost/127.0.0.1:8083]}}, [request_sent])
10:13:39.249 [reactor-http-nio-4] DEBUG reactor.netty.resources.PooledConnectionProvider - [id: 0xd35da22f, L:/127.0.0.1:50673 - R:localhost/127.0.0.1:8083] Channel connected, now 68 active connections and 24 inactive connections
10:13:39.249 [reactor-http-nio-4] DEBUG reactor.netty.resources.PooledConnectionProvider - [id: 0xaf549f54, L:/127.0.0.1:50677 - R:localhost/127.0.0.1:8083] Registering pool release on close event for channel
10:13:39.249 [reactor-http-nio-4] DEBUG reactor.netty.http.client.HttpClientConnect - [id: 0xaf549f54, L:/127.0.0.1:50677 - R:localhost/127.0.0.1:8083] Handler is being applied: {uri=http://localhost:8083/userLocation?userId=e2c142d7-241b-4ae7-9baf-083abe70f24d, method=GET}
10:13:39.255 [reactor-http-nio-1] DEBUG reactor.netty.resources.PooledConnectionProvider - [id: 0xdc047dac, L:/127.0.0.1:50690 - R:localhost/127.0.0.1:8083] onStateChange(PooledConnection{channel=[id: 0xdc047dac, L:/127.0.0.1:50690 - R:localhost/127.0.0.1:8083]}, [connected])
10:13:39.255 [reactor-http-nio-1] DEBUG reactor.netty.resources.PooledConnectionProvider - [id: 0xdc047dac, L:/127.0.0.1:50690 - R:localhost/127.0.0.1:8083] onStateChange(GET{uri=/, connection=PooledConnection{channel=[id: 0xdc047dac, L:/127.0.0.1:50690 - R:localhost/127.0.0.1:8083]}}, [configured])
10:13:39.255 [reactor-http-nio-1] DEBUG reactor.netty.resources.PooledConnectionProvider - [id: 0x5bb369e8, L:/127.0.0.1:50691 - R:localhost/127.0.0.1:8083] onStateChange(PooledConnection{channel=[id: 0x5bb369e8, L:/127.0.0.1:50691 - R:localhost/127.0.0.1:8083]}, [connected])
10:13:39.255 [reactor-http-nio-1] DEBUG reactor.netty.resources.PooledConnectionProvider - [id: 0x5bb369e8, L:/127.0.0.1:50691 - R:localhost/127.0.0.1:8083] onStateChange(GET{uri=/, connection=PooledConnection{channel=[id: 0x5bb369e8, L:/127.0.0.1:50691 - R:localhost/127.0.0.1:8083]}}, [configured])
10:13:39.256 [reactor-http-nio-1] DEBUG reactor.netty.resources.PooledConnectionProvider - [id: 0xe6c21e31, L:/127.0.0.1:50692 - R:localhost/127.0.0.1:8083] onStateChange(PooledConnection{channel=[id: 0xe6c21e31, L:/127.0.0.1:50692 - R:localhost/127.0.0.1:8083]}, [connected])
10:13:39.256 [reactor-http-nio-1] DEBUG reactor.netty.resources.PooledConnectionProvider - [id: 0xe6c21e31, L:/127.0.0.1:50692 - R:localhost/127.0.0.1:8083] onStateChange(GET{uri=/, connection=PooledConnection{channel=[id: 0xe6c21e31, L:/127.0.0.1:50692 - R:localhost/127.0.0.1:8083]}}, [configured])
10:13:39.256 [reactor-http-nio-1] DEBUG reactor.netty.resources.PooledConnectionProvider - [id: 0x8bf126b9, L:/127.0.0.1:50693 - R:localhost/127.0.0.1:8083] onStateChange(PooledConnection{channel=[id: 0x8bf126b9, L:/127.0.0.1:50693 - R:localhost/127.0.0.1:8083]}, [connected])
10:13:39.256 [reactor-http-nio-1] DEBUG reactor.netty.resources.PooledConnectionProvider - [id: 0x8bf126b9, L:/127.0.0.1:50693 - R:localhost/127.0.0.1:8083] onStateChange(GET{uri=/, connection=PooledConnection{channel=[id: 0x8bf126b9, L:/127.0.0.1:50693 - R:localhost/127.0.0.1:8083]}}, [configured])
10:13:39.256 [reactor-http-nio-1] DEBUG reactor.netty.resources.PooledConnectionProvider - [id: 0xaf8669db, L:/127.0.0.1:50694 - R:localhost/127.0.0.1:8083] onStateChange(PooledConnection{channel=[id: 0xaf8669db, L:/127.0.0.1:50694 - R:localhost/127.0.0.1:8083]}, [connected])
10:13:39.257 [reactor-http-nio-1] DEBUG reactor.netty.resources.PooledConnectionProvider - [id: 0xaf8669db, L:/127.0.0.1:50694 - R:localhost/127.0.0.1:8083] onStateChange(GET{uri=/, connection=PooledConnection{channel=[id: 0xaf8669db, L:/127.0.0.1:50694 - R:localhost/127.0.0.1:8083]}}, [configured])
10:13:39.257 [reactor-http-nio-1] DEBUG reactor.netty.resources.PooledConnectionProvider - [id: 0xd8b5b2a4, L:/127.0.0.1:50695 - R:localhost/127.0.0.1:8083] onStateChange(PooledConnection{channel=[id: 0xd8b5b2a4, L:/127.0.0.1:50695 - R:localhost/127.0.0.1:8083]}, [connected])
10:13:39.257 [reactor-http-nio-1] DEBUG reactor.netty.resources.PooledConnectionProvider - [id: 0xd8b5b2a4, L:/127.0.0.1:50695 - R:localhost/127.0.0.1:8083] onStateChange(GET{uri=/, connection=PooledConnection{channel=[id: 0xd8b5b2a4, L:/127.0.0.1:50695 - R:localhost/127.0.0.1:8083]}}, [configured])
10:13:39.257 [reactor-http-nio-1] DEBUG reactor.netty.resources.PooledConnectionProvider - [id: 0xf19dc01d, L:/127.0.0.1:50696 - R:localhost/127.0.0.1:8083] onStateChange(PooledConnection{channel=[id: 0xf19dc01d, L:/127.0.0.1:50696 - R:localhost/127.0.0.1:8083]}, [connected])
10:13:39.257 [reactor-http-nio-1] DEBUG reactor.netty.resources.PooledConnectionProvider - [id: 0xf19dc01d, L:/127.0.0.1:50696 - R:localhost/127.0.0.1:8083] onStateChange(GET{uri=/, connection=PooledConnection{channel=[id: 0xf19dc01d, L:/127.0.0.1:50696 - R:localhost/127.0.0.1:8083]}}, [configured])
10:13:39.258 [reactor-http-nio-1] DEBUG reactor.netty.resources.PooledConnectionProvider - [id: 0x21feabf2, L:/127.0.0.1:50697 - R:localhost/127.0.0.1:8083] onStateChange(PooledConnection{channel=[id: 0x21feabf2, L:/127.0.0.1:50697 - R:localhost/127.0.0.1:8083]}, [connected])
10:13:39.258 [reactor-http-nio-1] DEBUG reactor.netty.resources.PooledConnectionProvider - [id: 0x21feabf2, L:/127.0.0.1:50697 - R:localhost/127.0.0.1:8083] onStateChange(GET{uri=/, connection=PooledConnection{channel=[id: 0x21feabf2, L:/127.0.0.1:50697 - R:localhost/127.0.0.1:8083]}}, [configured])
10:13:39.258 [reactor-http-nio-1] DEBUG reactor.netty.resources.PooledConnectionProvider - [id: 0x8e179e05, L:/127.0.0.1:50698 - R:localhost/127.0.0.1:8083] onStateChange(PooledConnection{channel=[id: 0x8e179e05, L:/127.0.0.1:50698 - R:localhost/127.0.0.1:8083]}, [connected])
10:13:39.258 [reactor-http-nio-1] DEBUG reactor.netty.resources.PooledConnectionProvider - [id: 0x8e179e05, L:/127.0.0.1:50698 - R:localhost/127.0.0.1:8083] onStateChange(GET{uri=/, connection=PooledConnection{channel=[id: 0x8e179e05, L:/127.0.0.1:50698 - R:localhost/127.0.0.1:8083]}}, [configured])
10:13:39.259 [reactor-http-nio-1] DEBUG reactor.netty.resources.PooledConnectionProvider - [id: 0x0a3705f4, L:/127.0.0.1:50699 - R:localhost/127.0.0.1:8083] onStateChange(PooledConnection{channel=[id: 0x0a3705f4, L:/127.0.0.1:50699 - R:localhost/127.0.0.1:8083]}, [connected])
10:13:39.259 [reactor-http-nio-1] DEBUG reactor.netty.resources.PooledConnectionProvider - [id: 0x0a3705f4, L:/127.0.0.1:50699 - R:localhost/127.0.0.1:8083] onStateChange(GET{uri=/, connection=PooledConnection{channel=[id: 0x0a3705f4, L:/127.0.0.1:50699 - R:localhost/127.0.0.1:8083]}}, [configured])
10:13:39.259 [reactor-http-nio-1] DEBUG reactor.netty.resources.PooledConnectionProvider - [id: 0x35c68692, L:/127.0.0.1:50700 - R:localhost/127.0.0.1:8083] onStateChange(PooledConnection{channel=[id: 0x35c68692, L:/127.0.0.1:50700 - R:localhost/127.0.0.1:8083]}, [connected])
10:13:39.259 [reactor-http-nio-1] DEBUG reactor.netty.resources.PooledConnectionProvider - [id: 0x35c68692, L:/127.0.0.1:50700 - R:localhost/127.0.0.1:8083] onStateChange(GET{uri=/, connection=PooledConnection{channel=[id: 0x35c68692, L:/127.0.0.1:50700 - R:localhost/127.0.0.1:8083]}}, [configured])
10:13:39.260 [reactor-http-nio-1] DEBUG reactor.netty.resources.PooledConnectionProvider - [id: 0xf112af30, L:/127.0.0.1:50701 - R:localhost/127.0.0.1:8083] onStateChange(PooledConnection{channel=[id: 0xf112af30, L:/127.0.0.1:50701 - R:localhost/127.0.0.1:8083]}, [connected])
10:13:39.260 [reactor-http-nio-1] DEBUG reactor.netty.resources.PooledConnectionProvider - [id: 0xf112af30, L:/127.0.0.1:50701 - R:localhost/127.0.0.1:8083] onStateChange(GET{uri=/, connection=PooledConnection{channel=[id: 0xf112af30, L:/127.0.0.1:50701 - R:localhost/127.0.0.1:8083]}}, [configured])
10:13:39.260 [reactor-http-nio-1] DEBUG reactor.netty.resources.PooledConnectionProvider - [id: 0x07b5f9ab, L:/127.0.0.1:50702 - R:localhost/127.0.0.1:8083] onStateChange(PooledConnection{channel=[id: 0x07b5f9ab, L:/127.0.0.1:50702 - R:localhost/127.0.0.1:8083]}, [connected])
10:13:39.260 [reactor-http-nio-1] DEBUG reactor.netty.resources.PooledConnectionProvider - [id: 0x07b5f9ab, L:/127.0.0.1:50702 - R:localhost/127.0.0.1:8083] onStateChange(GET{uri=/, connection=PooledConnection{channel=[id: 0x07b5f9ab, L:/127.0.0.1:50702 - R:localhost/127.0.0.1:8083]}}, [configured])
10:13:39.260 [reactor-http-nio-1] DEBUG reactor.netty.resources.PooledConnectionProvider - [id: 0x5bb369e8, L:/127.0.0.1:50691 - R:localhost/127.0.0.1:8083] Registering pool release on close event for channel
10:13:39.260 [reactor-http-nio-1] DEBUG reactor.netty.http.client.HttpClientConnect - [id: 0x5bb369e8, L:/127.0.0.1:50691 - R:localhost/127.0.0.1:8083] Handler is being applied: {uri=http://localhost:8083/userLocation?userId=e8b48aaa-d4bc-45a4-b5c4-0d09ff658761, method=GET}
10:13:39.282 [reactor-http-nio-2] DEBUG reactor.netty.http.client.HttpClientOperations - [id: 0xa8057036, L:/127.0.0.1:50636 - R:localhost/127.0.0.1:8083] Received response (auto-read:false) : [Content-Type=application/json, Transfer-Encoding=chunked, Date=Tue, 07 Jun 2022 09:13:38 GMT]
10:13:39.282 [reactor-http-nio-2] DEBUG reactor.netty.resources.PooledConnectionProvider - [id: 0xa8057036, L:/127.0.0.1:50636 - R:localhost/127.0.0.1:8083] onStateChange(GET{uri=/userLocation?userId=dbfe7b79-61c1-430e-92f2-ef12b43f1413, connection=PooledConnection{channel=[id: 0xa8057036, L:/127.0.0.1:50636 - R:localhost/127.0.0.1:8083]}}, [response_received])
10:13:39.282 [reactor-http-nio-2] DEBUG org.springframework.web.reactive.function.client.ExchangeFunctions - [61782b00] Response 200 OK
10:13:39.282 [pool-4-thread-94] DEBUG org.springframework.web.reactive.function.client.ExchangeFunctions - [5f5d9206] HTTP GET http://localhost:8083/userLocation?userId=766fc440-23b0-466b-bbc9-7fa5692df024
10:13:39.283 [reactor-http-nio-2] DEBUG reactor.netty.channel.FluxReceive - [id: 0xa8057036, L:/127.0.0.1:50636 - R:localhost/127.0.0.1:8083] Subscribing inbound receiver [pending: 0, cancelled:false, inboundDone: false]
10:13:39.284 [reactor-http-nio-2] DEBUG reactor.netty.http.client.HttpClientOperations - [id: 0xa0c2642f, L:/127.0.0.1:50614 - R:localhost/127.0.0.1:8083] Received response (auto-read:false) : [Content-Type=application/json, Transfer-Encoding=chunked, Date=Tue, 07 Jun 2022 09:13:38 GMT]
10:13:39.284 [reactor-http-nio-2] DEBUG reactor.netty.resources.PooledConnectionProvider - [id: 0xa0c2642f, L:/127.0.0.1:50614 - R:localhost/127.0.0.1:8083] onStateChange(GET{uri=/userLocation?userId=982ca511-b99a-4cea-8b42-29a3306898be, connection=PooledConnection{channel=[id: 0xa0c2642f, L:/127.0.0.1:50614 - R:localhost/127.0.0.1:8083]}}, [response_received])
10:13:39.284 [reactor-http-nio-2] DEBUG org.springframework.web.reactive.function.client.ExchangeFunctions - [32bb3c35] Response 200 OK
10:13:39.284 [reactor-http-nio-2] DEBUG reactor.netty.channel.FluxReceive - [id: 0xa0c2642f, L:/127.0.0.1:50614 - R:localhost/127.0.0.1:8083] Subscribing inbound receiver [pending: 0, cancelled:false, inboundDone: false]
10:13:39.285 [reactor-http-nio-2] DEBUG reactor.netty.http.client.HttpClientOperations - [id: 0xa0c2642f, L:/127.0.0.1:50614 - R:localhost/127.0.0.1:8083] Received last HTTP packet
10:13:39.285 [reactor-http-nio-2] DEBUG org.springframework.core.codec.StringDecoder - [32bb3c35] Decoded "{"userId":"982ca511-b99a-4cea-8b42-29a3306898be","location":{"longitude":28.575047,"latitude":23.34 (truncated)...
10:13:39.285 [reactor-http-nio-2] DEBUG reactor.netty.resources.PooledConnectionProvider - [id: 0xa0c2642f, L:/127.0.0.1:50614 - R:localhost/127.0.0.1:8083] onStateChange(GET{uri=/userLocation?userId=982ca511-b99a-4cea-8b42-29a3306898be, connection=PooledConnection{channel=[id: 0xa0c2642f, L:/127.0.0.1:50614 - R:localhost/127.0.0.1:8083]}}, [disconnecting])
10:13:39.285 [reactor-http-nio-2] DEBUG reactor.netty.resources.PooledConnectionProvider - [id: 0xa0c2642f, L:/127.0.0.1:50614 - R:localhost/127.0.0.1:8083] Releasing channel
10:13:39.285 [reactor-http-nio-2] DEBUG reactor.netty.resources.PooledConnectionProvider - [id: 0xa0c2642f, L:/127.0.0.1:50614 - R:localhost/127.0.0.1:8083] Channel cleaned, now 69 active connections and 23 inactive connections
10:13:39.286 [reactor-http-nio-2] DEBUG reactor.netty.http.client.HttpClientOperations - [id: 0x011036a3, L:/127.0.0.1:50616 - R:localhost/127.0.0.1:8083] Received response (auto-read:false) : [Content-Type=application/json, Transfer-Encoding=chunked, Date=Tue, 07 Jun 2022 09:13:38 GMT]
10:13:39.286 [reactor-http-nio-2] DEBUG reactor.netty.resources.PooledConnectionProvider - [id: 0x011036a3, L:/127.0.0.1:50616 - R:localhost/127.0.0.1:8083] onStateChange(GET{uri=/userLocation?userId=5764eae9-718e-4621-bfc6-6bbddbcc01c4, connection=PooledConnection{channel=[id: 0x011036a3, L:/127.0.0.1:50616 - R:localhost/127.0.0.1:8083]}}, [response_received])
10:13:39.286 [reactor-http-nio-2] DEBUG org.springframework.web.reactive.function.client.ExchangeFunctions - [6298b392] Response 200 OK
10:13:39.286 [reactor-http-nio-2] DEBUG reactor.netty.channel.FluxReceive - [id: 0x011036a3, L:/127.0.0.1:50616 - R:localhost/127.0.0.1:8083] Subscribing inbound receiver [pending: 0, cancelled:false, inboundDone: false]
10:13:39.287 [reactor-http-nio-2] DEBUG reactor.netty.http.client.HttpClientOperations - [id: 0x011036a3, L:/127.0.0.1:50616 - R:localhost/127.0.0.1:8083] Received last HTTP packet
10:13:39.287 [reactor-http-nio-2] DEBUG org.springframework.core.codec.StringDecoder - [6298b392] Decoded "{"userId":"5764eae9-718e-4621-bfc6-6bbddbcc01c4","location":{"longitude":9.506944,"latitude":2.1479 (truncated)...
10:13:39.287 [reactor-http-nio-2] DEBUG reactor.netty.resources.PooledConnectionProvider - [id: 0x011036a3, L:/127.0.0.1:50616 - R:localhost/127.0.0.1:8083] onStateChange(GET{uri=/userLocation?userId=5764eae9-718e-4621-bfc6-6bbddbcc01c4, connection=PooledConnection{channel=[id: 0x011036a3, L:/127.0.0.1:50616 - R:localhost/127.0.0.1:8083]}}, [disconnecting])
10:13:39.287 [reactor-http-nio-2] DEBUG reactor.netty.resources.PooledConnectionProvider - [id: 0x011036a3, L:/127.0.0.1:50616 - R:localhost/127.0.0.1:8083] Releasing channel
10:13:39.287 [reactor-http-nio-2] DEBUG reactor.netty.resources.PooledConnectionProvider - [id: 0x011036a3, L:/127.0.0.1:50616 - R:localhost/127.0.0.1:8083] Channel cleaned, now 68 active connections and 24 inactive connections
10:13:39.288 [reactor-http-nio-2] DEBUG reactor.netty.http.client.HttpClientOperations - [id: 0xf6a1e568, L:/127.0.0.1:50619 - R:localhost/127.0.0.1:8083] Received response (auto-read:false) : [Content-Type=application/json, Transfer-Encoding=chunked, Date=Tue, 07 Jun 2022 09:13:38 GMT]
10:13:39.288 [reactor-http-nio-2] DEBUG reactor.netty.resources.PooledConnectionProvider - [id: 0xf6a1e568, L:/127.0.0.1:50619 - R:localhost/127.0.0.1:8083] onStateChange(GET{uri=/userLocation?userId=28570b88-391c-43d3-a9be-2f876d2554f7, connection=PooledConnection{channel=[id: 0xf6a1e568, L:/127.0.0.1:50619 - R:localhost/127.0.0.1:8083]}}, [response_received])
10:13:39.288 [reactor-http-nio-2] DEBUG org.springframework.web.reactive.function.client.ExchangeFunctions - [492fc6a7] Response 200 OK
10:13:39.289 [reactor-http-nio-2] DEBUG reactor.netty.channel.FluxReceive - [id: 0xf6a1e568, L:/127.0.0.1:50619 - R:localhost/127.0.0.1:8083] Subscribing inbound receiver [pending: 0, cancelled:false, inboundDone: false]
10:13:39.289 [reactor-http-nio-2] DEBUG reactor.netty.http.client.HttpClientOperations - [id: 0xf6a1e568, L:/127.0.0.1:50619 - R:localhost/127.0.0.1:8083] Received last HTTP packet
10:13:39.289 [reactor-http-nio-2] DEBUG org.springframework.core.codec.StringDecoder - [492fc6a7] Decoded "{"userId":"28570b88-391c-43d3-a9be-2f876d2554f7","location":{"longitude":113.281541,"latitude":56.5 (truncated)...
10:13:39.289 [reactor-http-nio-2] DEBUG reactor.netty.resources.PooledConnectionProvider - [id: 0xf6a1e568, L:/127.0.0.1:50619 - R:localhost/127.0.0.1:8083] onStateChange(GET{uri=/userLocation?userId=28570b88-391c-43d3-a9be-2f876d2554f7, connection=PooledConnection{channel=[id: 0xf6a1e568, L:/127.0.0.1:50619 - R:localhost/127.0.0.1:8083]}}, [disconnecting])
10:13:39.289 [reactor-http-nio-2] DEBUG reactor.netty.resources.PooledConnectionProvider - [id: 0xf6a1e568, L:/127.0.0.1:50619 - R:localhost/127.0.0.1:8083] Releasing channel
10:13:39.289 [reactor-http-nio-2] DEBUG reactor.netty.resources.PooledConnectionProvider - [id: 0xf6a1e568, L:/127.0.0.1:50619 - R:localhost/127.0.0.1:8083] Channel cleaned, now 67 active connections and 25 inactive connections
10:13:39.290 [reactor-http-nio-2] DEBUG reactor.netty.http.client.HttpClientOperations - [id: 0xcfb207a6, L:/127.0.0.1:50628 - R:localhost/127.0.0.1:8083] Received response (auto-read:false) : [Content-Type=application/json, Transfer-Encoding=chunked, Date=Tue, 07 Jun 2022 09:13:38 GMT]
10:13:39.290 [reactor-http-nio-2] DEBUG reactor.netty.resources.PooledConnectionProvider - [id: 0xcfb207a6, L:/127.0.0.1:50628 - R:localhost/127.0.0.1:8083] onStateChange(GET{uri=/userLocation?userId=32cde73c-e0b4-4c33-ab34-6914f13279d8, connection=PooledConnection{channel=[id: 0xcfb207a6, L:/127.0.0.1:50628 - R:localhost/127.0.0.1:8083]}}, [response_received])
10:13:39.290 [reactor-http-nio-2] DEBUG org.springframework.web.reactive.function.client.ExchangeFunctions - [1098ced1] Response 200 OK
10:13:39.291 [reactor-http-nio-2] DEBUG reactor.netty.channel.FluxReceive - [id: 0xcfb207a6, L:/127.0.0.1:50628 - R:localhost/127.0.0.1:8083] Subscribing inbound receiver [pending: 0, cancelled:false, inboundDone: false]
10:13:39.291 [reactor-http-nio-2] DEBUG reactor.netty.http.client.HttpClientOperations - [id: 0xcfb207a6, L:/127.0.0.1:50628 - R:localhost/127.0.0.1:8083] Received last HTTP packet
10:13:39.291 [pool-4-thread-34] DEBUG org.springframework.web.reactive.function.client.ExchangeFunctions - [6c5f41b1] HTTP GET http://localhost:8083/attractions
10:13:39.291 [reactor-http-nio-2] DEBUG org.springframework.core.codec.StringDecoder - [1098ced1] Decoded "{"userId":"32cde73c-e0b4-4c33-ab34-6914f13279d8","location":{"longitude":-21.508285,"latitude":-54. (truncated)...
10:13:39.291 [reactor-http-nio-2] DEBUG reactor.netty.resources.PooledConnectionProvider - [id: 0xcfb207a6, L:/127.0.0.1:50628 - R:localhost/127.0.0.1:8083] onStateChange(GET{uri=/userLocation?userId=32cde73c-e0b4-4c33-ab34-6914f13279d8, connection=PooledConnection{channel=[id: 0xcfb207a6, L:/127.0.0.1:50628 - R:localhost/127.0.0.1:8083]}}, [disconnecting])
10:13:39.291 [reactor-http-nio-2] DEBUG reactor.netty.resources.PooledConnectionProvider - [id: 0xcfb207a6, L:/127.0.0.1:50628 - R:localhost/127.0.0.1:8083] Releasing channel
10:13:39.291 [reactor-http-nio-2] DEBUG reactor.netty.resources.PooledConnectionProvider - [id: 0xcfb207a6, L:/127.0.0.1:50628 - R:localhost/127.0.0.1:8083] Channel cleaned, now 66 active connections and 26 inactive connections
10:13:39.292 [reactor-http-nio-2] DEBUG reactor.netty.http.client.HttpClientOperations - [id: 0x254a87ce, L:/127.0.0.1:50632 - R:localhost/127.0.0.1:8083] Received response (auto-read:false) : [Content-Type=application/json, Transfer-Encoding=chunked, Date=Tue, 07 Jun 2022 09:13:38 GMT]
10:13:39.292 [pool-4-thread-31] DEBUG org.springframework.web.reactive.function.client.ExchangeFunctions - [3c7cd412] HTTP GET http://localhost:8083/attractions
10:13:39.292 [reactor-http-nio-2] DEBUG reactor.netty.resources.PooledConnectionProvider - [id: 0x254a87ce, L:/127.0.0.1:50632 - R:localhost/127.0.0.1:8083] onStateChange(GET{uri=/userLocation?userId=b8fc91b4-48e9-4745-9e17-599e3688caee, connection=PooledConnection{channel=[id: 0x254a87ce, L:/127.0.0.1:50632 - R:localhost/127.0.0.1:8083]}}, [response_received])
10:13:39.292 [reactor-http-nio-2] DEBUG org.springframework.web.reactive.function.client.ExchangeFunctions - [6135091e] Response 200 OK
10:13:39.292 [reactor-http-nio-2] DEBUG reactor.netty.channel.FluxReceive - [id: 0x254a87ce, L:/127.0.0.1:50632 - R:localhost/127.0.0.1:8083] Subscribing inbound receiver [pending: 0, cancelled:false, inboundDone: false]
10:13:39.293 [reactor-http-nio-2] DEBUG reactor.netty.http.client.HttpClientOperations - [id: 0x254a87ce, L:/127.0.0.1:50632 - R:localhost/127.0.0.1:8083] Received last HTTP packet
10:13:39.293 [reactor-http-nio-2] DEBUG org.springframework.core.codec.StringDecoder - [6135091e] Decoded "{"userId":"b8fc91b4-48e9-4745-9e17-599e3688caee","location":{"longitude":167.432177,"latitude":59.6 (truncated)...
10:13:39.293 [reactor-http-nio-2] DEBUG reactor.netty.resources.PooledConnectionProvider - [id: 0x254a87ce, L:/127.0.0.1:50632 - R:localhost/127.0.0.1:8083] onStateChange(GET{uri=/userLocation?userId=b8fc91b4-48e9-4745-9e17-599e3688caee, connection=PooledConnection{channel=[id: 0x254a87ce, L:/127.0.0.1:50632 - R:localhost/127.0.0.1:8083]}}, [disconnecting])
10:13:39.293 [reactor-http-nio-2] DEBUG reactor.netty.resources.PooledConnectionProvider - [id: 0x254a87ce, L:/127.0.0.1:50632 - R:localhost/127.0.0.1:8083] Releasing channel
10:13:39.293 [reactor-http-nio-2] DEBUG reactor.netty.resources.PooledConnectionProvider - [id: 0x254a87ce, L:/127.0.0.1:50632 - R:localhost/127.0.0.1:8083] Channel cleaned, now 65 active connections and 27 inactive connections
10:13:39.286 [reactor-http-nio-1] DEBUG reactor.netty.resources.PooledConnectionProvider - [id: 0x5bb369e8, L:/127.0.0.1:50691 - R:localhost/127.0.0.1:8083] onStateChange(GET{uri=/userLocation?userId=e8b48aaa-d4bc-45a4-b5c4-0d09ff658761, connection=PooledConnection{channel=[id: 0x5bb369e8, L:/127.0.0.1:50691 - R:localhost/127.0.0.1:8083]}}, [request_sent])
10:13:39.294 [reactor-http-nio-1] DEBUG reactor.netty.resources.PooledConnectionProvider - [id: 0x5bb369e8, L:/127.0.0.1:50691 - R:localhost/127.0.0.1:8083] Channel connected, now 65 active connections and 27 inactive connections
10:13:39.294 [reactor-http-nio-1] DEBUG reactor.netty.resources.PooledConnectionProvider - [id: 0xe6c21e31, L:/127.0.0.1:50692 - R:localhost/127.0.0.1:8083] Registering pool release on close event for channel
10:13:39.294 [reactor-http-nio-1] DEBUG reactor.netty.http.client.HttpClientConnect - [id: 0xe6c21e31, L:/127.0.0.1:50692 - R:localhost/127.0.0.1:8083] Handler is being applied: {uri=http://localhost:8083/userLocation?userId=96b73c78-647b-4276-8ec1-5cd908cc7e6a, method=GET}
10:13:39.295 [reactor-http-nio-1] DEBUG reactor.netty.resources.PooledConnectionProvider - [id: 0xe6c21e31, L:/127.0.0.1:50692 - R:localhost/127.0.0.1:8083] onStateChange(GET{uri=/userLocation?userId=96b73c78-647b-4276-8ec1-5cd908cc7e6a, connection=PooledConnection{channel=[id: 0xe6c21e31, L:/127.0.0.1:50692 - R:localhost/127.0.0.1:8083]}}, [request_sent])
10:13:39.295 [reactor-http-nio-1] DEBUG reactor.netty.resources.PooledConnectionProvider - [id: 0xe6c21e31, L:/127.0.0.1:50692 - R:localhost/127.0.0.1:8083] Channel connected, now 66 active connections and 26 inactive connections
10:13:39.295 [reactor-http-nio-1] DEBUG reactor.netty.resources.PooledConnectionProvider - [id: 0x21feabf2, L:/127.0.0.1:50697 - R:localhost/127.0.0.1:8083] Registering pool release on close event for channel
10:13:39.295 [reactor-http-nio-1] DEBUG reactor.netty.http.client.HttpClientConnect - [id: 0x21feabf2, L:/127.0.0.1:50697 - R:localhost/127.0.0.1:8083] Handler is being applied: {uri=http://localhost:8083/attractions, method=GET}
10:13:39.296 [pool-4-thread-35] DEBUG org.springframework.web.reactive.function.client.ExchangeFunctions - [47e821f2] HTTP GET http://localhost:8083/attractions
10:13:39.296 [reactor-http-nio-4] DEBUG reactor.netty.resources.PooledConnectionProvider - [id: 0xaf549f54, L:/127.0.0.1:50677 - R:localhost/127.0.0.1:8083] onStateChange(GET{uri=/userLocation?userId=e2c142d7-241b-4ae7-9baf-083abe70f24d, connection=PooledConnection{channel=[id: 0xaf549f54, L:/127.0.0.1:50677 - R:localhost/127.0.0.1:8083]}}, [request_sent])
10:13:39.296 [reactor-http-nio-4] DEBUG reactor.netty.resources.PooledConnectionProvider - [id: 0xaf549f54, L:/127.0.0.1:50677 - R:localhost/127.0.0.1:8083] Channel connected, now 67 active connections and 25 inactive connections
10:13:39.296 [reactor-http-nio-4] DEBUG reactor.netty.resources.PooledConnectionProvider - [id: 0x0fdbb1c2, L:/127.0.0.1:50680 - R:localhost/127.0.0.1:8083] Registering pool release on close event for channel
10:13:39.296 [reactor-http-nio-4] DEBUG reactor.netty.http.client.HttpClientConnect - [id: 0x0fdbb1c2, L:/127.0.0.1:50680 - R:localhost/127.0.0.1:8083] Handler is being applied: {uri=http://localhost:8083/userLocation?userId=fbda8f75-6913-48fb-923f-85ae5c31df57, method=GET}
10:13:39.297 [reactor-http-nio-2] DEBUG reactor.netty.http.client.HttpClientOperations - [id: 0xd51be2b9, L:/127.0.0.1:50634 - R:localhost/127.0.0.1:8083] Received response (auto-read:false) : [Content-Type=application/json, Transfer-Encoding=chunked, Date=Tue, 07 Jun 2022 09:13:38 GMT]
10:13:39.297 [reactor-http-nio-2] DEBUG reactor.netty.resources.PooledConnectionProvider - [id: 0xd51be2b9, L:/127.0.0.1:50634 - R:localhost/127.0.0.1:8083] onStateChange(GET{uri=/userLocation?userId=109bf20d-4797-40ca-be9a-14c30db07996, connection=PooledConnection{channel=[id: 0xd51be2b9, L:/127.0.0.1:50634 - R:localhost/127.0.0.1:8083]}}, [response_received])
10:13:39.297 [reactor-http-nio-2] DEBUG org.springframework.web.reactive.function.client.ExchangeFunctions - [281471a9] Response 200 OK
10:13:39.298 [reactor-http-nio-2] DEBUG reactor.netty.channel.FluxReceive - [id: 0xd51be2b9, L:/127.0.0.1:50634 - R:localhost/127.0.0.1:8083] Subscribing inbound receiver [pending: 0, cancelled:false, inboundDone: false]
10:13:39.298 [reactor-http-nio-2] DEBUG reactor.netty.http.client.HttpClientOperations - [id: 0xd51be2b9, L:/127.0.0.1:50634 - R:localhost/127.0.0.1:8083] Received last HTTP packet
10:13:39.298 [reactor-http-nio-2] DEBUG org.springframework.core.codec.StringDecoder - [281471a9] Decoded "{"userId":"109bf20d-4797-40ca-be9a-14c30db07996","location":{"longitude":171.508833,"latitude":-26. (truncated)...
10:13:39.298 [reactor-http-nio-2] DEBUG reactor.netty.resources.PooledConnectionProvider - [id: 0xd51be2b9, L:/127.0.0.1:50634 - R:localhost/127.0.0.1:8083] onStateChange(GET{uri=/userLocation?userId=109bf20d-4797-40ca-be9a-14c30db07996, connection=PooledConnection{channel=[id: 0xd51be2b9, L:/127.0.0.1:50634 - R:localhost/127.0.0.1:8083]}}, [disconnecting])
10:13:39.298 [reactor-http-nio-2] DEBUG reactor.netty.resources.PooledConnectionProvider - [id: 0xd51be2b9, L:/127.0.0.1:50634 - R:localhost/127.0.0.1:8083] Releasing channel
10:13:39.298 [reactor-http-nio-2] DEBUG reactor.netty.resources.PooledConnectionProvider - [id: 0xd51be2b9, L:/127.0.0.1:50634 - R:localhost/127.0.0.1:8083] Channel cleaned, now 67 active connections and 25 inactive connections
10:13:39.299 [reactor-http-nio-2] DEBUG reactor.netty.http.client.HttpClientOperations - [id: 0xa8057036, L:/127.0.0.1:50636 - R:localhost/127.0.0.1:8083] Received last HTTP packet
10:13:39.299 [reactor-http-nio-2] DEBUG org.springframework.core.codec.StringDecoder - [61782b00] Decoded "{"userId":"dbfe7b79-61c1-430e-92f2-ef12b43f1413","location":{"longitude":118.683826,"latitude":8.39 (truncated)...
10:13:39.299 [reactor-http-nio-2] DEBUG reactor.netty.resources.PooledConnectionProvider - [id: 0xa8057036, L:/127.0.0.1:50636 - R:localhost/127.0.0.1:8083] onStateChange(GET{uri=/userLocation?userId=dbfe7b79-61c1-430e-92f2-ef12b43f1413, connection=PooledConnection{channel=[id: 0xa8057036, L:/127.0.0.1:50636 - R:localhost/127.0.0.1:8083]}}, [disconnecting])
10:13:39.299 [reactor-http-nio-2] DEBUG reactor.netty.resources.PooledConnectionProvider - [id: 0xa8057036, L:/127.0.0.1:50636 - R:localhost/127.0.0.1:8083] Releasing channel
10:13:39.299 [reactor-http-nio-2] DEBUG reactor.netty.resources.PooledConnectionProvider - [id: 0xa8057036, L:/127.0.0.1:50636 - R:localhost/127.0.0.1:8083] Channel cleaned, now 66 active connections and 26 inactive connections
10:13:39.299 [reactor-http-nio-2] DEBUG reactor.netty.http.client.HttpClientOperations - [id: 0x0cb37e86, L:/127.0.0.1:50638 - R:localhost/127.0.0.1:8083] Received response (auto-read:false) : [Content-Type=application/json, Transfer-Encoding=chunked, Date=Tue, 07 Jun 2022 09:13:38 GMT]
10:13:39.299 [reactor-http-nio-2] DEBUG reactor.netty.resources.PooledConnectionProvider - [id: 0x0cb37e86, L:/127.0.0.1:50638 - R:localhost/127.0.0.1:8083] onStateChange(GET{uri=/userLocation?userId=b4cc0282-4244-46ee-be68-1654ad804aaa, connection=PooledConnection{channel=[id: 0x0cb37e86, L:/127.0.0.1:50638 - R:localhost/127.0.0.1:8083]}}, [response_received])
10:13:39.299 [reactor-http-nio-2] DEBUG org.springframework.web.reactive.function.client.ExchangeFunctions - [3973211a] Response 200 OK
10:13:39.300 [reactor-http-nio-2] DEBUG reactor.netty.channel.FluxReceive - [id: 0x0cb37e86, L:/127.0.0.1:50638 - R:localhost/127.0.0.1:8083] Subscribing inbound receiver [pending: 0, cancelled:false, inboundDone: false]
10:13:39.300 [reactor-http-nio-2] DEBUG reactor.netty.http.client.HttpClientOperations - [id: 0x0cb37e86, L:/127.0.0.1:50638 - R:localhost/127.0.0.1:8083] Received last HTTP packet
10:13:39.300 [reactor-http-nio-2] DEBUG org.springframework.core.codec.StringDecoder - [3973211a] Decoded "{"userId":"b4cc0282-4244-46ee-be68-1654ad804aaa","location":{"longitude":-23.142872,"latitude":16.2 (truncated)...
10:13:39.300 [reactor-http-nio-2] DEBUG reactor.netty.resources.PooledConnectionProvider - [id: 0x0cb37e86, L:/127.0.0.1:50638 - R:localhost/127.0.0.1:8083] onStateChange(GET{uri=/userLocation?userId=b4cc0282-4244-46ee-be68-1654ad804aaa, connection=PooledConnection{channel=[id: 0x0cb37e86, L:/127.0.0.1:50638 - R:localhost/127.0.0.1:8083]}}, [disconnecting])
10:13:39.300 [reactor-http-nio-2] DEBUG reactor.netty.resources.PooledConnectionProvider - [id: 0x0cb37e86, L:/127.0.0.1:50638 - R:localhost/127.0.0.1:8083] Releasing channel
10:13:39.300 [reactor-http-nio-2] DEBUG reactor.netty.resources.PooledConnectionProvider - [id: 0x0cb37e86, L:/127.0.0.1:50638 - R:localhost/127.0.0.1:8083] Channel cleaned, now 65 active connections and 27 inactive connections
10:13:39.300 [reactor-http-nio-2] DEBUG reactor.netty.resources.PooledConnectionProvider - [id: 0xaea19dad, L:/127.0.0.1:50624 - R:localhost/127.0.0.1:8083] Channel acquired, now 66 active connections and 26 inactive connections
10:13:39.300 [reactor-http-nio-2] DEBUG reactor.netty.http.client.HttpClientConnect - [id: 0xaea19dad, L:/127.0.0.1:50624 - R:localhost/127.0.0.1:8083] Handler is being applied: {uri=http://localhost:8083/userLocation?userId=766fc440-23b0-466b-bbc9-7fa5692df024, method=GET}
10:13:39.301 [reactor-http-nio-2] DEBUG reactor.netty.resources.PooledConnectionProvider - [id: 0xaea19dad, L:/127.0.0.1:50624 - R:localhost/127.0.0.1:8083] onStateChange(GET{uri=/userLocation?userId=766fc440-23b0-466b-bbc9-7fa5692df024, connection=PooledConnection{channel=[id: 0xaea19dad, L:/127.0.0.1:50624 - R:localhost/127.0.0.1:8083]}}, [request_sent])
10:13:39.296 [reactor-http-nio-1] DEBUG reactor.netty.resources.PooledConnectionProvider - [id: 0x21feabf2, L:/127.0.0.1:50697 - R:localhost/127.0.0.1:8083] onStateChange(GET{uri=/attractions, connection=PooledConnection{channel=[id: 0x21feabf2, L:/127.0.0.1:50697 - R:localhost/127.0.0.1:8083]}}, [request_sent])
10:13:39.302 [pool-4-thread-20] DEBUG org.springframework.web.reactive.function.client.ExchangeFunctions - [6ff2fb48] HTTP GET http://localhost:8083/attractions
10:13:39.302 [reactor-http-nio-1] DEBUG reactor.netty.resources.PooledConnectionProvider - [id: 0x21feabf2, L:/127.0.0.1:50697 - R:localhost/127.0.0.1:8083] Channel connected, now 66 active connections and 26 inactive connections
10:13:39.303 [reactor-http-nio-1] DEBUG reactor.netty.resources.PooledConnectionProvider - [id: 0xf112af30, L:/127.0.0.1:50701 - R:localhost/127.0.0.1:8083] Registering pool release on close event for channel
10:13:39.303 [reactor-http-nio-1] DEBUG reactor.netty.http.client.HttpClientConnect - [id: 0xf112af30, L:/127.0.0.1:50701 - R:localhost/127.0.0.1:8083] Handler is being applied: {uri=http://localhost:8083/userLocation?userId=12a7f729-300a-4c6f-a25d-779e4a72ee06, method=GET}
10:13:39.303 [reactor-http-nio-2] DEBUG reactor.netty.resources.PooledConnectionProvider - [id: 0xf6a1e568, L:/127.0.0.1:50619 - R:localhost/127.0.0.1:8083] Channel acquired, now 68 active connections and 24 inactive connections
10:13:39.303 [reactor-http-nio-2] DEBUG reactor.netty.http.client.HttpClientConnect - [id: 0xf6a1e568, L:/127.0.0.1:50619 - R:localhost/127.0.0.1:8083] Handler is being applied: {uri=http://localhost:8083/attractions, method=GET}
10:13:39.304 [reactor-http-nio-2] DEBUG reactor.netty.resources.PooledConnectionProvider - [id: 0xf6a1e568, L:/127.0.0.1:50619 - R:localhost/127.0.0.1:8083] onStateChange(GET{uri=/attractions, connection=PooledConnection{channel=[id: 0xf6a1e568, L:/127.0.0.1:50619 - R:localhost/127.0.0.1:8083]}}, [request_sent])
10:13:39.304 [reactor-http-nio-1] DEBUG reactor.netty.resources.PooledConnectionProvider - [id: 0xf112af30, L:/127.0.0.1:50701 - R:localhost/127.0.0.1:8083] onStateChange(GET{uri=/userLocation?userId=12a7f729-300a-4c6f-a25d-779e4a72ee06, connection=PooledConnection{channel=[id: 0xf112af30, L:/127.0.0.1:50701 - R:localhost/127.0.0.1:8083]}}, [request_sent])
10:13:39.304 [reactor-http-nio-1] DEBUG reactor.netty.resources.PooledConnectionProvider - [id: 0xf112af30, L:/127.0.0.1:50701 - R:localhost/127.0.0.1:8083] Channel connected, now 68 active connections and 24 inactive connections
10:13:39.304 [reactor-http-nio-2] DEBUG reactor.netty.resources.PooledConnectionProvider - [id: 0x011036a3, L:/127.0.0.1:50616 - R:localhost/127.0.0.1:8083] Channel acquired, now 69 active connections and 23 inactive connections
10:13:39.305 [reactor-http-nio-2] DEBUG reactor.netty.http.client.HttpClientConnect - [id: 0x011036a3, L:/127.0.0.1:50616 - R:localhost/127.0.0.1:8083] Handler is being applied: {uri=http://localhost:8083/attractions, method=GET}
10:13:39.305 [reactor-http-nio-1] DEBUG reactor.netty.http.client.HttpClientOperations - [id: 0x5dcee25b, L:/127.0.0.1:50620 - R:localhost/127.0.0.1:8083] Received response (auto-read:false) : [Content-Type=application/json, Transfer-Encoding=chunked, Date=Tue, 07 Jun 2022 09:13:38 GMT]
10:13:39.305 [reactor-http-nio-1] DEBUG reactor.netty.resources.PooledConnectionProvider - [id: 0x5dcee25b, L:/127.0.0.1:50620 - R:localhost/127.0.0.1:8083] onStateChange(GET{uri=/userLocation?userId=531b4a63-da9e-4917-9612-3a733479ef75, connection=PooledConnection{channel=[id: 0x5dcee25b, L:/127.0.0.1:50620 - R:localhost/127.0.0.1:8083]}}, [response_received])
10:13:39.305 [reactor-http-nio-1] DEBUG org.springframework.web.reactive.function.client.ExchangeFunctions - [2c209053] Response 200 OK
10:13:39.305 [reactor-http-nio-1] DEBUG reactor.netty.channel.FluxReceive - [id: 0x5dcee25b, L:/127.0.0.1:50620 - R:localhost/127.0.0.1:8083] Subscribing inbound receiver [pending: 0, cancelled:false, inboundDone: false]
10:13:39.306 [reactor-http-nio-2] DEBUG reactor.netty.resources.PooledConnectionProvider - [id: 0x011036a3, L:/127.0.0.1:50616 - R:localhost/127.0.0.1:8083] onStateChange(GET{uri=/attractions, connection=PooledConnection{channel=[id: 0x011036a3, L:/127.0.0.1:50616 - R:localhost/127.0.0.1:8083]}}, [request_sent])
10:13:39.306 [reactor-http-nio-1] DEBUG reactor.netty.http.client.HttpClientOperations - [id: 0x5dcee25b, L:/127.0.0.1:50620 - R:localhost/127.0.0.1:8083] Received last HTTP packet
10:13:39.306 [reactor-http-nio-1] DEBUG org.springframework.core.codec.StringDecoder - [2c209053] Decoded "{"userId":"531b4a63-da9e-4917-9612-3a733479ef75","location":{"longitude":-19.230976,"latitude":3.41 (truncated)...
10:13:39.306 [reactor-http-nio-1] DEBUG reactor.netty.resources.PooledConnectionProvider - [id: 0x5dcee25b, L:/127.0.0.1:50620 - R:localhost/127.0.0.1:8083] onStateChange(GET{uri=/userLocation?userId=531b4a63-da9e-4917-9612-3a733479ef75, connection=PooledConnection{channel=[id: 0x5dcee25b, L:/127.0.0.1:50620 - R:localhost/127.0.0.1:8083]}}, [disconnecting])
10:13:39.306 [reactor-http-nio-1] DEBUG reactor.netty.resources.PooledConnectionProvider - [id: 0x5dcee25b, L:/127.0.0.1:50620 - R:localhost/127.0.0.1:8083] Releasing channel
10:13:39.306 [reactor-http-nio-1] DEBUG reactor.netty.resources.PooledConnectionProvider - [id: 0x5dcee25b, L:/127.0.0.1:50620 - R:localhost/127.0.0.1:8083] Channel cleaned, now 68 active connections and 24 inactive connections
10:13:39.306 [reactor-http-nio-1] DEBUG reactor.netty.http.client.HttpClientOperations - [id: 0x8ed49f05, L:/127.0.0.1:50631 - R:localhost/127.0.0.1:8083] Received response (auto-read:false) : [Content-Type=application/json, Transfer-Encoding=chunked, Date=Tue, 07 Jun 2022 09:13:38 GMT]
10:13:39.306 [reactor-http-nio-1] DEBUG reactor.netty.resources.PooledConnectionProvider - [id: 0x8ed49f05, L:/127.0.0.1:50631 - R:localhost/127.0.0.1:8083] onStateChange(GET{uri=/userLocation?userId=c5d3e050-b51e-4c9d-9f7e-ddf17f596f11, connection=PooledConnection{channel=[id: 0x8ed49f05, L:/127.0.0.1:50631 - R:localhost/127.0.0.1:8083]}}, [response_received])
10:13:39.306 [reactor-http-nio-1] DEBUG org.springframework.web.reactive.function.client.ExchangeFunctions - [5536040e] Response 200 OK
10:13:39.307 [pool-4-thread-23] DEBUG org.springframework.web.reactive.function.client.ExchangeFunctions - [26d38adb] HTTP GET http://localhost:8083/attractions
10:13:39.307 [reactor-http-nio-1] DEBUG reactor.netty.channel.FluxReceive - [id: 0x8ed49f05, L:/127.0.0.1:50631 - R:localhost/127.0.0.1:8083] Subscribing inbound receiver [pending: 0, cancelled:false, inboundDone: false]
10:13:39.307 [reactor-http-nio-1] DEBUG reactor.netty.http.client.HttpClientOperations - [id: 0x8ed49f05, L:/127.0.0.1:50631 - R:localhost/127.0.0.1:8083] Received last HTTP packet
10:13:39.307 [reactor-http-nio-1] DEBUG org.springframework.core.codec.StringDecoder - [5536040e] Decoded "{"userId":"c5d3e050-b51e-4c9d-9f7e-ddf17f596f11","location":{"longitude":-29.347394,"latitude":36.9 (truncated)...
10:13:39.307 [reactor-http-nio-1] DEBUG reactor.netty.resources.PooledConnectionProvider - [id: 0x8ed49f05, L:/127.0.0.1:50631 - R:localhost/127.0.0.1:8083] onStateChange(GET{uri=/userLocation?userId=c5d3e050-b51e-4c9d-9f7e-ddf17f596f11, connection=PooledConnection{channel=[id: 0x8ed49f05, L:/127.0.0.1:50631 - R:localhost/127.0.0.1:8083]}}, [disconnecting])
10:13:39.307 [reactor-http-nio-1] DEBUG reactor.netty.resources.PooledConnectionProvider - [id: 0x8ed49f05, L:/127.0.0.1:50631 - R:localhost/127.0.0.1:8083] Releasing channel
10:13:39.307 [reactor-http-nio-1] DEBUG reactor.netty.resources.PooledConnectionProvider - [id: 0x8ed49f05, L:/127.0.0.1:50631 - R:localhost/127.0.0.1:8083] Channel cleaned, now 67 active connections and 25 inactive connections
10:13:39.298 [reactor-http-nio-4] DEBUG reactor.netty.resources.PooledConnectionProvider - [id: 0x0fdbb1c2, L:/127.0.0.1:50680 - R:localhost/127.0.0.1:8083] onStateChange(GET{uri=/userLocation?userId=fbda8f75-6913-48fb-923f-85ae5c31df57, connection=PooledConnection{channel=[id: 0x0fdbb1c2, L:/127.0.0.1:50680 - R:localhost/127.0.0.1:8083]}}, [request_sent])
10:13:39.308 [reactor-http-nio-4] DEBUG reactor.netty.resources.PooledConnectionProvider - [id: 0x0fdbb1c2, L:/127.0.0.1:50680 - R:localhost/127.0.0.1:8083] Channel connected, now 68 active connections and 24 inactive connections
10:13:39.308 [reactor-http-nio-4] DEBUG reactor.netty.resources.PooledConnectionProvider - [id: 0xd848025a, L:/127.0.0.1:50682 - R:localhost/127.0.0.1:8083] Registering pool release on close event for channel
10:13:39.308 [reactor-http-nio-4] DEBUG reactor.netty.http.client.HttpClientConnect - [id: 0xd848025a, L:/127.0.0.1:50682 - R:localhost/127.0.0.1:8083] Handler is being applied: {uri=http://localhost:8083/attractions, method=GET}
10:13:39.309 [reactor-http-nio-4] DEBUG reactor.netty.resources.PooledConnectionProvider - [id: 0xd848025a, L:/127.0.0.1:50682 - R:localhost/127.0.0.1:8083] onStateChange(GET{uri=/attractions, connection=PooledConnection{channel=[id: 0xd848025a, L:/127.0.0.1:50682 - R:localhost/127.0.0.1:8083]}}, [request_sent])
10:13:39.309 [reactor-http-nio-4] DEBUG reactor.netty.resources.PooledConnectionProvider - [id: 0xd848025a, L:/127.0.0.1:50682 - R:localhost/127.0.0.1:8083] Channel connected, now 69 active connections and 23 inactive connections
10:13:39.309 [reactor-http-nio-4] DEBUG reactor.netty.resources.PooledConnectionProvider - [id: 0x8f9ca272, L:/127.0.0.1:50675 - R:localhost/127.0.0.1:8083] Registering pool release on close event for channel
10:13:39.309 [reactor-http-nio-4] DEBUG reactor.netty.http.client.HttpClientConnect - [id: 0x8f9ca272, L:/127.0.0.1:50675 - R:localhost/127.0.0.1:8083] Handler is being applied: {uri=http://localhost:8083/userLocation?userId=9dc56f5c-fe02-41ae-b410-4a32a37cda45, method=GET}
10:13:39.309 [pool-4-thread-27] DEBUG org.springframework.web.reactive.function.client.ExchangeFunctions - [37b4d844] HTTP GET http://localhost:8083/attractions
10:13:39.310 [reactor-http-nio-4] DEBUG reactor.netty.resources.PooledConnectionProvider - [id: 0x8f9ca272, L:/127.0.0.1:50675 - R:localhost/127.0.0.1:8083] onStateChange(GET{uri=/userLocation?userId=9dc56f5c-fe02-41ae-b410-4a32a37cda45, connection=PooledConnection{channel=[id: 0x8f9ca272, L:/127.0.0.1:50675 - R:localhost/127.0.0.1:8083]}}, [request_sent])
10:13:39.310 [reactor-http-nio-4] DEBUG reactor.netty.resources.PooledConnectionProvider - [id: 0x8f9ca272, L:/127.0.0.1:50675 - R:localhost/127.0.0.1:8083] Channel connected, now 70 active connections and 22 inactive connections
10:13:39.310 [reactor-http-nio-4] DEBUG reactor.netty.resources.PooledConnectionProvider - [id: 0x204ddfda, L:/127.0.0.1:50676 - R:localhost/127.0.0.1:8083] Registering pool release on close event for channel
10:13:39.310 [reactor-http-nio-4] DEBUG reactor.netty.http.client.HttpClientConnect - [id: 0x204ddfda, L:/127.0.0.1:50676 - R:localhost/127.0.0.1:8083] Handler is being applied: {uri=http://localhost:8083/userLocation?userId=82e2c9d7-cbd9-4132-90fe-5ed9f9bbee63, method=GET}
10:13:39.311 [reactor-http-nio-4] DEBUG reactor.netty.resources.PooledConnectionProvider - [id: 0x204ddfda, L:/127.0.0.1:50676 - R:localhost/127.0.0.1:8083] onStateChange(GET{uri=/userLocation?userId=82e2c9d7-cbd9-4132-90fe-5ed9f9bbee63, connection=PooledConnection{channel=[id: 0x204ddfda, L:/127.0.0.1:50676 - R:localhost/127.0.0.1:8083]}}, [request_sent])
10:13:39.311 [reactor-http-nio-4] DEBUG reactor.netty.resources.PooledConnectionProvider - [id: 0x204ddfda, L:/127.0.0.1:50676 - R:localhost/127.0.0.1:8083] Channel connected, now 71 active connections and 21 inactive connections
10:13:39.311 [reactor-http-nio-4] DEBUG reactor.netty.resources.PooledConnectionProvider - [id: 0x16ab4917, L:/127.0.0.1:50678 - R:localhost/127.0.0.1:8083] Registering pool release on close event for channel
10:13:39.311 [reactor-http-nio-4] DEBUG reactor.netty.http.client.HttpClientConnect - [id: 0x16ab4917, L:/127.0.0.1:50678 - R:localhost/127.0.0.1:8083] Handler is being applied: {uri=http://localhost:8083/userLocation?userId=9a19c615-386b-4c33-8446-cd163f80ee0b, method=GET}
10:13:39.312 [reactor-http-nio-4] DEBUG reactor.netty.resources.PooledConnectionProvider - [id: 0x16ab4917, L:/127.0.0.1:50678 - R:localhost/127.0.0.1:8083] onStateChange(GET{uri=/userLocation?userId=9a19c615-386b-4c33-8446-cd163f80ee0b, connection=PooledConnection{channel=[id: 0x16ab4917, L:/127.0.0.1:50678 - R:localhost/127.0.0.1:8083]}}, [request_sent])
10:13:39.312 [reactor-http-nio-4] DEBUG reactor.netty.resources.PooledConnectionProvider - [id: 0x16ab4917, L:/127.0.0.1:50678 - R:localhost/127.0.0.1:8083] Channel connected, now 72 active connections and 20 inactive connections
10:13:39.313 [reactor-http-nio-4] DEBUG reactor.netty.resources.PooledConnectionProvider - [id: 0xb232e8be, L:/127.0.0.1:50679 - R:localhost/127.0.0.1:8083] Registering pool release on close event for channel
10:13:39.313 [reactor-http-nio-4] DEBUG reactor.netty.http.client.HttpClientConnect - [id: 0xb232e8be, L:/127.0.0.1:50679 - R:localhost/127.0.0.1:8083] Handler is being applied: {uri=http://localhost:8083/userLocation?userId=ebca1cd6-90a3-4bb0-b551-3ae4503727b4, method=GET}
10:13:39.313 [pool-4-thread-38] DEBUG org.springframework.web.reactive.function.client.ExchangeFunctions - [22e77ba7] HTTP GET http://localhost:8083/attractions
10:13:39.313 [pool-4-thread-41] DEBUG org.springframework.web.reactive.function.client.ExchangeFunctions - [5bf1f0d8] HTTP GET http://localhost:8083/attractions
10:13:39.314 [reactor-http-nio-4] DEBUG reactor.netty.resources.PooledConnectionProvider - [id: 0xb232e8be, L:/127.0.0.1:50679 - R:localhost/127.0.0.1:8083] onStateChange(GET{uri=/userLocation?userId=ebca1cd6-90a3-4bb0-b551-3ae4503727b4, connection=PooledConnection{channel=[id: 0xb232e8be, L:/127.0.0.1:50679 - R:localhost/127.0.0.1:8083]}}, [request_sent])
10:13:39.314 [reactor-http-nio-4] DEBUG reactor.netty.resources.PooledConnectionProvider - [id: 0xb232e8be, L:/127.0.0.1:50679 - R:localhost/127.0.0.1:8083] Channel connected, now 73 active connections and 19 inactive connections
10:13:39.314 [reactor-http-nio-4] DEBUG reactor.netty.resources.PooledConnectionProvider - [id: 0x1925c564, L:/127.0.0.1:50674 - R:localhost/127.0.0.1:8083] Registering pool release on close event for channel
10:13:39.314 [reactor-http-nio-4] DEBUG reactor.netty.http.client.HttpClientConnect - [id: 0x1925c564, L:/127.0.0.1:50674 - R:localhost/127.0.0.1:8083] Handler is being applied: {uri=http://localhost:8083/userLocation?userId=2f0c514d-6471-49ae-96c2-62abe42be9f6, method=GET}
10:13:39.315 [pool-4-thread-47] DEBUG org.springframework.web.reactive.function.client.ExchangeFunctions - [1e5f32b2] HTTP GET http://localhost:8083/attractions
10:13:39.308 [reactor-http-nio-2] DEBUG reactor.netty.resources.PooledConnectionProvider - [id: 0xcfb207a6, L:/127.0.0.1:50628 - R:localhost/127.0.0.1:8083] Channel acquired, now 68 active connections and 24 inactive connections
10:13:39.315 [reactor-http-nio-2] DEBUG reactor.netty.http.client.HttpClientConnect - [id: 0xcfb207a6, L:/127.0.0.1:50628 - R:localhost/127.0.0.1:8083] Handler is being applied: {uri=http://localhost:8083/attractions, method=GET}
10:13:39.315 [reactor-http-nio-4] DEBUG reactor.netty.resources.PooledConnectionProvider - [id: 0x1925c564, L:/127.0.0.1:50674 - R:localhost/127.0.0.1:8083] onStateChange(GET{uri=/userLocation?userId=2f0c514d-6471-49ae-96c2-62abe42be9f6, connection=PooledConnection{channel=[id: 0x1925c564, L:/127.0.0.1:50674 - R:localhost/127.0.0.1:8083]}}, [request_sent])
10:13:39.315 [reactor-http-nio-4] DEBUG reactor.netty.resources.PooledConnectionProvider - [id: 0x1925c564, L:/127.0.0.1:50674 - R:localhost/127.0.0.1:8083] Channel connected, now 74 active connections and 18 inactive connections
10:13:39.315 [reactor-http-nio-4] DEBUG reactor.netty.resources.PooledConnectionProvider - [id: 0x6bb66c88, L:/127.0.0.1:50689 - R:localhost/127.0.0.1:8083] Registering pool release on close event for channel
10:13:39.315 [reactor-http-nio-4] DEBUG reactor.netty.http.client.HttpClientConnect - [id: 0x6bb66c88, L:/127.0.0.1:50689 - R:localhost/127.0.0.1:8083] Handler is being applied: {uri=http://localhost:8083/userLocation?userId=5b155730-df25-42b9-ab70-0e94a6ef1dd6, method=GET}
10:13:39.315 [reactor-http-nio-2] DEBUG reactor.netty.resources.PooledConnectionProvider - [id: 0xcfb207a6, L:/127.0.0.1:50628 - R:localhost/127.0.0.1:8083] onStateChange(GET{uri=/attractions, connection=PooledConnection{channel=[id: 0xcfb207a6, L:/127.0.0.1:50628 - R:localhost/127.0.0.1:8083]}}, [request_sent])
10:13:39.316 [reactor-http-nio-2] DEBUG reactor.netty.resources.PooledConnectionProvider - [id: 0xa8057036, L:/127.0.0.1:50636 - R:localhost/127.0.0.1:8083] Channel acquired, now 76 active connections and 16 inactive connections
10:13:39.316 [reactor-http-nio-2] DEBUG reactor.netty.http.client.HttpClientConnect - [id: 0xa8057036, L:/127.0.0.1:50636 - R:localhost/127.0.0.1:8083] Handler is being applied: {uri=http://localhost:8083/attractions, method=GET}
10:13:39.316 [reactor-http-nio-4] DEBUG reactor.netty.resources.PooledConnectionProvider - [id: 0x6bb66c88, L:/127.0.0.1:50689 - R:localhost/127.0.0.1:8083] onStateChange(GET{uri=/userLocation?userId=5b155730-df25-42b9-ab70-0e94a6ef1dd6, connection=PooledConnection{channel=[id: 0x6bb66c88, L:/127.0.0.1:50689 - R:localhost/127.0.0.1:8083]}}, [request_sent])
10:13:39.316 [reactor-http-nio-4] DEBUG reactor.netty.resources.PooledConnectionProvider - [id: 0x6bb66c88, L:/127.0.0.1:50689 - R:localhost/127.0.0.1:8083] Channel connected, now 76 active connections and 16 inactive connections
10:13:39.316 [reactor-http-nio-2] DEBUG reactor.netty.resources.PooledConnectionProvider - [id: 0xa8057036, L:/127.0.0.1:50636 - R:localhost/127.0.0.1:8083] onStateChange(GET{uri=/attractions, connection=PooledConnection{channel=[id: 0xa8057036, L:/127.0.0.1:50636 - R:localhost/127.0.0.1:8083]}}, [request_sent])
10:13:39.317 [reactor-http-nio-1] DEBUG reactor.netty.resources.PooledConnectionProvider - [id: 0xdc047dac, L:/127.0.0.1:50690 - R:localhost/127.0.0.1:8083] Registering pool release on close event for channel
10:13:39.317 [reactor-http-nio-1] DEBUG reactor.netty.http.client.HttpClientConnect - [id: 0xdc047dac, L:/127.0.0.1:50690 - R:localhost/127.0.0.1:8083] Handler is being applied: {uri=http://localhost:8083/userLocation?userId=037d3fe1-a57f-4a9b-b2d2-da302b0966ea, method=GET}
10:13:39.317 [reactor-http-nio-2] DEBUG reactor.netty.resources.PooledConnectionProvider - [id: 0xd51be2b9, L:/127.0.0.1:50634 - R:localhost/127.0.0.1:8083] Channel acquired, now 78 active connections and 14 inactive connections
10:13:39.317 [reactor-http-nio-2] DEBUG reactor.netty.http.client.HttpClientConnect - [id: 0xd51be2b9, L:/127.0.0.1:50634 - R:localhost/127.0.0.1:8083] Handler is being applied: {uri=http://localhost:8083/attractions, method=GET}
10:13:39.317 [reactor-http-nio-1] DEBUG reactor.netty.resources.PooledConnectionProvider - [id: 0xdc047dac, L:/127.0.0.1:50690 - R:localhost/127.0.0.1:8083] onStateChange(GET{uri=/userLocation?userId=037d3fe1-a57f-4a9b-b2d2-da302b0966ea, connection=PooledConnection{channel=[id: 0xdc047dac, L:/127.0.0.1:50690 - R:localhost/127.0.0.1:8083]}}, [request_sent])
10:13:39.318 [reactor-http-nio-1] DEBUG reactor.netty.resources.PooledConnectionProvider - [id: 0xdc047dac, L:/127.0.0.1:50690 - R:localhost/127.0.0.1:8083] Channel connected, now 78 active connections and 14 inactive connections
10:13:39.318 [reactor-http-nio-2] DEBUG reactor.netty.resources.PooledConnectionProvider - [id: 0xd51be2b9, L:/127.0.0.1:50634 - R:localhost/127.0.0.1:8083] onStateChange(GET{uri=/attractions, connection=PooledConnection{channel=[id: 0xd51be2b9, L:/127.0.0.1:50634 - R:localhost/127.0.0.1:8083]}}, [request_sent])
10:13:39.318 [reactor-http-nio-2] DEBUG reactor.netty.resources.PooledConnectionProvider - [id: 0x0cb37e86, L:/127.0.0.1:50638 - R:localhost/127.0.0.1:8083] Channel acquired, now 79 active connections and 13 inactive connections
10:13:39.318 [reactor-http-nio-2] DEBUG reactor.netty.http.client.HttpClientConnect - [id: 0x0cb37e86, L:/127.0.0.1:50638 - R:localhost/127.0.0.1:8083] Handler is being applied: {uri=http://localhost:8083/attractions, method=GET}
10:13:39.318 [reactor-http-nio-1] DEBUG reactor.netty.resources.PooledConnectionProvider - [id: 0x8bf126b9, L:/127.0.0.1:50693 - R:localhost/127.0.0.1:8083] Registering pool release on close event for channel
10:13:39.318 [reactor-http-nio-1] DEBUG reactor.netty.http.client.HttpClientConnect - [id: 0x8bf126b9, L:/127.0.0.1:50693 - R:localhost/127.0.0.1:8083] Handler is being applied: {uri=http://localhost:8083/userLocation?userId=f579f27b-8c82-4fbf-baf2-737371089d9a, method=GET}
10:13:39.319 [reactor-http-nio-1] DEBUG reactor.netty.resources.PooledConnectionProvider - [id: 0x8bf126b9, L:/127.0.0.1:50693 - R:localhost/127.0.0.1:8083] onStateChange(GET{uri=/userLocation?userId=f579f27b-8c82-4fbf-baf2-737371089d9a, connection=PooledConnection{channel=[id: 0x8bf126b9, L:/127.0.0.1:50693 - R:localhost/127.0.0.1:8083]}}, [request_sent])
10:13:39.319 [reactor-http-nio-1] DEBUG reactor.netty.resources.PooledConnectionProvider - [id: 0x8bf126b9, L:/127.0.0.1:50693 - R:localhost/127.0.0.1:8083] Channel connected, now 80 active connections and 12 inactive connections
10:13:39.321 [reactor-http-nio-1] DEBUG reactor.netty.resources.PooledConnectionProvider - [id: 0xaf8669db, L:/127.0.0.1:50694 - R:localhost/127.0.0.1:8083] Registering pool release on close event for channel
10:13:39.321 [reactor-http-nio-1] DEBUG reactor.netty.http.client.HttpClientConnect - [id: 0xaf8669db, L:/127.0.0.1:50694 - R:localhost/127.0.0.1:8083] Handler is being applied: {uri=http://localhost:8083/userLocation?userId=fbc535a9-7ba3-4721-abcb-54791daaef4f, method=GET}
10:13:39.323 [reactor-http-nio-4] DEBUG reactor.netty.resources.PooledConnectionProvider - [id: 0xce2e26b5, L:/127.0.0.1:50623 - R:localhost/127.0.0.1:8083] Channel acquired, now 82 active connections and 10 inactive connections
10:13:39.324 [reactor-http-nio-1] DEBUG reactor.netty.resources.PooledConnectionProvider - [id: 0xaf8669db, L:/127.0.0.1:50694 - R:localhost/127.0.0.1:8083] onStateChange(GET{uri=/userLocation?userId=fbc535a9-7ba3-4721-abcb-54791daaef4f, connection=PooledConnection{channel=[id: 0xaf8669db, L:/127.0.0.1:50694 - R:localhost/127.0.0.1:8083]}}, [request_sent])
10:13:39.324 [reactor-http-nio-1] DEBUG reactor.netty.resources.PooledConnectionProvider - [id: 0xaf8669db, L:/127.0.0.1:50694 - R:localhost/127.0.0.1:8083] Channel connected, now 82 active connections and 10 inactive connections
10:13:39.324 [reactor-http-nio-1] DEBUG reactor.netty.resources.PooledConnectionProvider - [id: 0xd8b5b2a4, L:/127.0.0.1:50695 - R:localhost/127.0.0.1:8083] Registering pool release on close event for channel
10:13:39.324 [reactor-http-nio-1] DEBUG reactor.netty.http.client.HttpClientConnect - [id: 0xd8b5b2a4, L:/127.0.0.1:50695 - R:localhost/127.0.0.1:8083] Handler is being applied: {uri=http://localhost:8083/userLocation?userId=db3dc6a2-0809-4b24-81f7-64a58a0aef8f, method=GET}
10:13:39.326 [reactor-http-nio-4] DEBUG reactor.netty.http.client.HttpClientConnect - [id: 0xce2e26b5, L:/127.0.0.1:50623 - R:localhost/127.0.0.1:8083] Handler is being applied: {uri=http://localhost:8083/attractions, method=GET}
10:13:39.327 [reactor-http-nio-1] DEBUG reactor.netty.resources.PooledConnectionProvider - [id: 0xd8b5b2a4, L:/127.0.0.1:50695 - R:localhost/127.0.0.1:8083] onStateChange(GET{uri=/userLocation?userId=db3dc6a2-0809-4b24-81f7-64a58a0aef8f, connection=PooledConnection{channel=[id: 0xd8b5b2a4, L:/127.0.0.1:50695 - R:localhost/127.0.0.1:8083]}}, [request_sent])
10:13:39.327 [reactor-http-nio-1] DEBUG reactor.netty.resources.PooledConnectionProvider - [id: 0xd8b5b2a4, L:/127.0.0.1:50695 - R:localhost/127.0.0.1:8083] Channel connected, now 83 active connections and 9 inactive connections
10:13:39.327 [reactor-http-nio-1] DEBUG reactor.netty.resources.PooledConnectionProvider - [id: 0xf19dc01d, L:/127.0.0.1:50696 - R:localhost/127.0.0.1:8083] Registering pool release on close event for channel
10:13:39.327 [reactor-http-nio-1] DEBUG reactor.netty.http.client.HttpClientConnect - [id: 0xf19dc01d, L:/127.0.0.1:50696 - R:localhost/127.0.0.1:8083] Handler is being applied: {uri=http://localhost:8083/userLocation?userId=5d00d436-7323-4548-9407-49a1b9a2f479, method=GET}
10:13:39.328 [reactor-http-nio-4] DEBUG reactor.netty.resources.PooledConnectionProvider - [id: 0xce2e26b5, L:/127.0.0.1:50623 - R:localhost/127.0.0.1:8083] onStateChange(GET{uri=/attractions, connection=PooledConnection{channel=[id: 0xce2e26b5, L:/127.0.0.1:50623 - R:localhost/127.0.0.1:8083]}}, [request_sent])
10:13:39.328 [reactor-http-nio-1] DEBUG reactor.netty.resources.PooledConnectionProvider - [id: 0xf19dc01d, L:/127.0.0.1:50696 - R:localhost/127.0.0.1:8083] onStateChange(GET{uri=/userLocation?userId=5d00d436-7323-4548-9407-49a1b9a2f479, connection=PooledConnection{channel=[id: 0xf19dc01d, L:/127.0.0.1:50696 - R:localhost/127.0.0.1:8083]}}, [request_sent])
10:13:39.328 [reactor-http-nio-1] DEBUG reactor.netty.resources.PooledConnectionProvider - [id: 0xf19dc01d, L:/127.0.0.1:50696 - R:localhost/127.0.0.1:8083] Channel connected, now 84 active connections and 8 inactive connections
10:13:39.328 [reactor-http-nio-1] DEBUG reactor.netty.resources.PooledConnectionProvider - [id: 0x8e179e05, L:/127.0.0.1:50698 - R:localhost/127.0.0.1:8083] Registering pool release on close event for channel
10:13:39.328 [reactor-http-nio-1] DEBUG reactor.netty.http.client.HttpClientConnect - [id: 0x8e179e05, L:/127.0.0.1:50698 - R:localhost/127.0.0.1:8083] Handler is being applied: {uri=http://localhost:8083/userLocation?userId=8a52b086-1e63-47e6-a112-866ce1404c75, method=GET}
10:13:39.329 [reactor-http-nio-2] DEBUG reactor.netty.resources.PooledConnectionProvider - [id: 0x0cb37e86, L:/127.0.0.1:50638 - R:localhost/127.0.0.1:8083] onStateChange(GET{uri=/attractions, connection=PooledConnection{channel=[id: 0x0cb37e86, L:/127.0.0.1:50638 - R:localhost/127.0.0.1:8083]}}, [request_sent])
10:13:39.329 [reactor-http-nio-2] DEBUG reactor.netty.resources.PooledConnectionProvider - [id: 0xa0c2642f, L:/127.0.0.1:50614 - R:localhost/127.0.0.1:8083] Channel acquired, now 86 active connections and 6 inactive connections
10:13:39.329 [reactor-http-nio-1] DEBUG reactor.netty.resources.PooledConnectionProvider - [id: 0x8e179e05, L:/127.0.0.1:50698 - R:localhost/127.0.0.1:8083] onStateChange(GET{uri=/userLocation?userId=8a52b086-1e63-47e6-a112-866ce1404c75, connection=PooledConnection{channel=[id: 0x8e179e05, L:/127.0.0.1:50698 - R:localhost/127.0.0.1:8083]}}, [request_sent])
10:13:39.329 [reactor-http-nio-1] DEBUG reactor.netty.resources.PooledConnectionProvider - [id: 0x8e179e05, L:/127.0.0.1:50698 - R:localhost/127.0.0.1:8083] Channel connected, now 86 active connections and 6 inactive connections
10:13:39.329 [reactor-http-nio-1] DEBUG reactor.netty.resources.PooledConnectionProvider - [id: 0x0a3705f4, L:/127.0.0.1:50699 - R:localhost/127.0.0.1:8083] Registering pool release on close event for channel
10:13:39.329 [reactor-http-nio-2] DEBUG reactor.netty.http.client.HttpClientConnect - [id: 0xa0c2642f, L:/127.0.0.1:50614 - R:localhost/127.0.0.1:8083] Handler is being applied: {uri=http://localhost:8083/attractions, method=GET}
10:13:39.329 [reactor-http-nio-1] DEBUG reactor.netty.http.client.HttpClientConnect - [id: 0x0a3705f4, L:/127.0.0.1:50699 - R:localhost/127.0.0.1:8083] Handler is being applied: {uri=http://localhost:8083/attractions, method=GET}
10:13:39.330 [reactor-http-nio-1] DEBUG reactor.netty.resources.PooledConnectionProvider - [id: 0x0a3705f4, L:/127.0.0.1:50699 - R:localhost/127.0.0.1:8083] onStateChange(GET{uri=/attractions, connection=PooledConnection{channel=[id: 0x0a3705f4, L:/127.0.0.1:50699 - R:localhost/127.0.0.1:8083]}}, [request_sent])
10:13:39.330 [reactor-http-nio-1] DEBUG reactor.netty.resources.PooledConnectionProvider - [id: 0x0a3705f4, L:/127.0.0.1:50699 - R:localhost/127.0.0.1:8083] Channel connected, now 87 active connections and 5 inactive connections
10:13:39.330 [reactor-http-nio-1] DEBUG reactor.netty.resources.PooledConnectionProvider - [id: 0x35c68692, L:/127.0.0.1:50700 - R:localhost/127.0.0.1:8083] Registering pool release on close event for channel
10:13:39.330 [reactor-http-nio-2] DEBUG reactor.netty.resources.PooledConnectionProvider - [id: 0xa0c2642f, L:/127.0.0.1:50614 - R:localhost/127.0.0.1:8083] onStateChange(GET{uri=/attractions, connection=PooledConnection{channel=[id: 0xa0c2642f, L:/127.0.0.1:50614 - R:localhost/127.0.0.1:8083]}}, [request_sent])
10:13:39.330 [reactor-http-nio-1] DEBUG reactor.netty.http.client.HttpClientConnect - [id: 0x35c68692, L:/127.0.0.1:50700 - R:localhost/127.0.0.1:8083] Handler is being applied: {uri=http://localhost:8083/userLocation?userId=6bed1fc0-3310-4704-bbe7-1b540e52e4d8, method=GET}
10:13:39.330 [reactor-http-nio-4] DEBUG reactor.netty.http.client.HttpClientOperations - [id: 0x1694d70f, L:/127.0.0.1:50610 - R:localhost/127.0.0.1:8083] Received response (auto-read:false) : [Content-Type=application/json, Transfer-Encoding=chunked, Date=Tue, 07 Jun 2022 09:13:38 GMT]
10:13:39.330 [reactor-http-nio-4] DEBUG reactor.netty.resources.PooledConnectionProvider - [id: 0x1694d70f, L:/127.0.0.1:50610 - R:localhost/127.0.0.1:8083] onStateChange(GET{uri=/userLocation?userId=cdcce6f7-057d-4e77-bc6d-962d6d1cc06c, connection=PooledConnection{channel=[id: 0x1694d70f, L:/127.0.0.1:50610 - R:localhost/127.0.0.1:8083]}}, [response_received])
10:13:39.330 [pool-4-thread-25] DEBUG org.springframework.web.reactive.function.client.ExchangeFunctions - [6fbfc95f] HTTP GET http://localhost:8083/attractions
10:13:39.330 [reactor-http-nio-4] DEBUG org.springframework.web.reactive.function.client.ExchangeFunctions - [525d05a4] Response 200 OK
10:13:39.331 [reactor-http-nio-4] DEBUG reactor.netty.channel.FluxReceive - [id: 0x1694d70f, L:/127.0.0.1:50610 - R:localhost/127.0.0.1:8083] Subscribing inbound receiver [pending: 0, cancelled:false, inboundDone: false]
10:13:39.331 [reactor-http-nio-1] DEBUG reactor.netty.resources.PooledConnectionProvider - [id: 0x35c68692, L:/127.0.0.1:50700 - R:localhost/127.0.0.1:8083] onStateChange(GET{uri=/userLocation?userId=6bed1fc0-3310-4704-bbe7-1b540e52e4d8, connection=PooledConnection{channel=[id: 0x35c68692, L:/127.0.0.1:50700 - R:localhost/127.0.0.1:8083]}}, [request_sent])
10:13:39.331 [reactor-http-nio-1] DEBUG reactor.netty.resources.PooledConnectionProvider - [id: 0x35c68692, L:/127.0.0.1:50700 - R:localhost/127.0.0.1:8083] Channel connected, now 88 active connections and 4 inactive connections
10:13:39.331 [reactor-http-nio-1] DEBUG reactor.netty.resources.PooledConnectionProvider - [id: 0x07b5f9ab, L:/127.0.0.1:50702 - R:localhost/127.0.0.1:8083] Registering pool release on close event for channel
10:13:39.331 [reactor-http-nio-1] DEBUG reactor.netty.http.client.HttpClientConnect - [id: 0x07b5f9ab, L:/127.0.0.1:50702 - R:localhost/127.0.0.1:8083] Handler is being applied: {uri=http://localhost:8083/attractions, method=GET}
10:13:39.331 [reactor-http-nio-4] DEBUG reactor.netty.http.client.HttpClientOperations - [id: 0x1694d70f, L:/127.0.0.1:50610 - R:localhost/127.0.0.1:8083] Received last HTTP packet
10:13:39.331 [reactor-http-nio-4] DEBUG org.springframework.core.codec.StringDecoder - [525d05a4] Decoded "{"userId":"cdcce6f7-057d-4e77-bc6d-962d6d1cc06c","location":{"longitude":69.204667,"latitude":-12.8 (truncated)...
10:13:39.331 [reactor-http-nio-4] DEBUG reactor.netty.resources.PooledConnectionProvider - [id: 0x1694d70f, L:/127.0.0.1:50610 - R:localhost/127.0.0.1:8083] onStateChange(GET{uri=/userLocation?userId=cdcce6f7-057d-4e77-bc6d-962d6d1cc06c, connection=PooledConnection{channel=[id: 0x1694d70f, L:/127.0.0.1:50610 - R:localhost/127.0.0.1:8083]}}, [disconnecting])
10:13:39.331 [reactor-http-nio-4] DEBUG reactor.netty.resources.PooledConnectionProvider - [id: 0x1694d70f, L:/127.0.0.1:50610 - R:localhost/127.0.0.1:8083] Releasing channel
10:13:39.331 [reactor-http-nio-4] DEBUG reactor.netty.resources.PooledConnectionProvider - [id: 0x1694d70f, L:/127.0.0.1:50610 - R:localhost/127.0.0.1:8083] Channel cleaned, now 88 active connections and 4 inactive connections
10:13:39.332 [reactor-http-nio-1] DEBUG reactor.netty.resources.PooledConnectionProvider - [id: 0x07b5f9ab, L:/127.0.0.1:50702 - R:localhost/127.0.0.1:8083] onStateChange(GET{uri=/attractions, connection=PooledConnection{channel=[id: 0x07b5f9ab, L:/127.0.0.1:50702 - R:localhost/127.0.0.1:8083]}}, [request_sent])
10:13:39.332 [reactor-http-nio-1] DEBUG reactor.netty.resources.PooledConnectionProvider - [id: 0x07b5f9ab, L:/127.0.0.1:50702 - R:localhost/127.0.0.1:8083] Channel connected, now 89 active connections and 3 inactive connections
10:13:39.332 [reactor-http-nio-4] DEBUG reactor.netty.http.client.HttpClientOperations - [id: 0xb37fd56e, L:/127.0.0.1:50615 - R:localhost/127.0.0.1:8083] Received response (auto-read:false) : [Content-Type=application/json, Transfer-Encoding=chunked, Date=Tue, 07 Jun 2022 09:13:38 GMT]
10:13:39.333 [reactor-http-nio-4] DEBUG reactor.netty.resources.PooledConnectionProvider - [id: 0xb37fd56e, L:/127.0.0.1:50615 - R:localhost/127.0.0.1:8083] onStateChange(GET{uri=/attractions, connection=PooledConnection{channel=[id: 0xb37fd56e, L:/127.0.0.1:50615 - R:localhost/127.0.0.1:8083]}}, [response_received])
10:13:39.333 [reactor-http-nio-4] DEBUG org.springframework.web.reactive.function.client.ExchangeFunctions - [61d3cd6e] Response 200 OK
10:13:39.334 [reactor-http-nio-4] DEBUG reactor.netty.channel.FluxReceive - [id: 0xb37fd56e, L:/127.0.0.1:50615 - R:localhost/127.0.0.1:8083] Subscribing inbound receiver [pending: 0, cancelled:false, inboundDone: false]
10:13:39.334 [reactor-http-nio-4] DEBUG reactor.netty.http.client.HttpClientOperations - [id: 0xb37fd56e, L:/127.0.0.1:50615 - R:localhost/127.0.0.1:8083] Received last HTTP packet
10:13:39.335 [pool-4-thread-32] DEBUG org.springframework.web.reactive.function.client.ExchangeFunctions - [5c9af19f] HTTP GET http://localhost:8083/attractions
10:13:39.335 [reactor-http-nio-4] DEBUG org.springframework.core.codec.StringDecoder - [61d3cd6e] Decoded "[{"longitude":-117.922008,"latitude":33.817595,"attractionName":"Disneyland","city":"Anaheim","stat (truncated)...
10:13:39.335 [reactor-http-nio-4] DEBUG reactor.netty.resources.PooledConnectionProvider - [id: 0xb37fd56e, L:/127.0.0.1:50615 - R:localhost/127.0.0.1:8083] onStateChange(GET{uri=/attractions, connection=PooledConnection{channel=[id: 0xb37fd56e, L:/127.0.0.1:50615 - R:localhost/127.0.0.1:8083]}}, [disconnecting])
10:13:39.335 [reactor-http-nio-4] DEBUG reactor.netty.resources.PooledConnectionProvider - [id: 0xb37fd56e, L:/127.0.0.1:50615 - R:localhost/127.0.0.1:8083] Releasing channel
10:13:39.335 [reactor-http-nio-4] DEBUG reactor.netty.resources.PooledConnectionProvider - [id: 0xb37fd56e, L:/127.0.0.1:50615 - R:localhost/127.0.0.1:8083] Channel cleaned, now 88 active connections and 4 inactive connections
10:13:39.336 [reactor-http-nio-1] DEBUG reactor.netty.resources.PooledConnectionProvider - [id: 0x8ed49f05, L:/127.0.0.1:50631 - R:localhost/127.0.0.1:8083] Channel acquired, now 89 active connections and 3 inactive connections
10:13:39.336 [reactor-http-nio-1] DEBUG reactor.netty.http.client.HttpClientConnect - [id: 0x8ed49f05, L:/127.0.0.1:50631 - R:localhost/127.0.0.1:8083] Handler is being applied: {uri=http://localhost:8083/attractions, method=GET}
10:13:39.336 [reactor-http-nio-4] DEBUG reactor.netty.http.client.HttpClientOperations - [id: 0xffcbc3fa, L:/127.0.0.1:50617 - R:localhost/127.0.0.1:8083] Received response (auto-read:false) : [Content-Type=application/json, Transfer-Encoding=chunked, Date=Tue, 07 Jun 2022 09:13:38 GMT]
10:13:39.336 [reactor-http-nio-4] DEBUG reactor.netty.resources.PooledConnectionProvider - [id: 0xffcbc3fa, L:/127.0.0.1:50617 - R:localhost/127.0.0.1:8083] onStateChange(GET{uri=/userLocation?userId=d249f6c6-8d41-427e-9820-1984b10eda2d, connection=PooledConnection{channel=[id: 0xffcbc3fa, L:/127.0.0.1:50617 - R:localhost/127.0.0.1:8083]}}, [response_received])
10:13:39.336 [reactor-http-nio-4] DEBUG org.springframework.web.reactive.function.client.ExchangeFunctions - [4c8fb472] Response 200 OK
10:13:39.337 [reactor-http-nio-1] DEBUG reactor.netty.resources.PooledConnectionProvider - [id: 0x8ed49f05, L:/127.0.0.1:50631 - R:localhost/127.0.0.1:8083] onStateChange(GET{uri=/attractions, connection=PooledConnection{channel=[id: 0x8ed49f05, L:/127.0.0.1:50631 - R:localhost/127.0.0.1:8083]}}, [request_sent])
10:13:39.337 [reactor-http-nio-4] DEBUG reactor.netty.channel.FluxReceive - [id: 0xffcbc3fa, L:/127.0.0.1:50617 - R:localhost/127.0.0.1:8083] Subscribing inbound receiver [pending: 0, cancelled:false, inboundDone: false]
10:13:39.337 [reactor-http-nio-4] DEBUG reactor.netty.http.client.HttpClientOperations - [id: 0xffcbc3fa, L:/127.0.0.1:50617 - R:localhost/127.0.0.1:8083] Received last HTTP packet
10:13:39.338 [reactor-http-nio-4] DEBUG org.springframework.core.codec.StringDecoder - [4c8fb472] Decoded "{"userId":"d249f6c6-8d41-427e-9820-1984b10eda2d","location":{"longitude":128.882293,"latitude":11.8 (truncated)...
10:13:39.338 [reactor-http-nio-4] DEBUG reactor.netty.resources.PooledConnectionProvider - [id: 0xffcbc3fa, L:/127.0.0.1:50617 - R:localhost/127.0.0.1:8083] onStateChange(GET{uri=/userLocation?userId=d249f6c6-8d41-427e-9820-1984b10eda2d, connection=PooledConnection{channel=[id: 0xffcbc3fa, L:/127.0.0.1:50617 - R:localhost/127.0.0.1:8083]}}, [disconnecting])
10:13:39.338 [reactor-http-nio-4] DEBUG reactor.netty.resources.PooledConnectionProvider - [id: 0xffcbc3fa, L:/127.0.0.1:50617 - R:localhost/127.0.0.1:8083] Releasing channel
10:13:39.339 [reactor-http-nio-4] DEBUG reactor.netty.resources.PooledConnectionProvider - [id: 0xffcbc3fa, L:/127.0.0.1:50617 - R:localhost/127.0.0.1:8083] Channel cleaned, now 88 active connections and 4 inactive connections
10:13:39.339 [reactor-http-nio-4] DEBUG reactor.netty.http.client.HttpClientOperations - [id: 0x0e8dc7e0, L:/127.0.0.1:50627 - R:localhost/127.0.0.1:8083] Received response (auto-read:false) : [Content-Type=application/json, Transfer-Encoding=chunked, Date=Tue, 07 Jun 2022 09:13:38 GMT]
10:13:39.339 [reactor-http-nio-4] DEBUG reactor.netty.resources.PooledConnectionProvider - [id: 0x0e8dc7e0, L:/127.0.0.1:50627 - R:localhost/127.0.0.1:8083] onStateChange(GET{uri=/attractions, connection=PooledConnection{channel=[id: 0x0e8dc7e0, L:/127.0.0.1:50627 - R:localhost/127.0.0.1:8083]}}, [response_received])
10:13:39.339 [reactor-http-nio-4] DEBUG org.springframework.web.reactive.function.client.ExchangeFunctions - [75f6ed2] Response 200 OK
10:13:39.340 [reactor-http-nio-4] DEBUG reactor.netty.channel.FluxReceive - [id: 0x0e8dc7e0, L:/127.0.0.1:50627 - R:localhost/127.0.0.1:8083] Subscribing inbound receiver [pending: 0, cancelled:false, inboundDone: false]
10:13:39.340 [reactor-http-nio-4] DEBUG reactor.netty.http.client.HttpClientOperations - [id: 0x0e8dc7e0, L:/127.0.0.1:50627 - R:localhost/127.0.0.1:8083] Received last HTTP packet
10:13:39.341 [reactor-http-nio-4] DEBUG org.springframework.core.codec.StringDecoder - [75f6ed2] Decoded "[{"longitude":-117.922008,"latitude":33.817595,"attractionName":"Disneyland","city":"Anaheim","stat (truncated)...
10:13:39.341 [reactor-http-nio-4] DEBUG reactor.netty.resources.PooledConnectionProvider - [id: 0x0e8dc7e0, L:/127.0.0.1:50627 - R:localhost/127.0.0.1:8083] onStateChange(GET{uri=/attractions, connection=PooledConnection{channel=[id: 0x0e8dc7e0, L:/127.0.0.1:50627 - R:localhost/127.0.0.1:8083]}}, [disconnecting])
10:13:39.341 [reactor-http-nio-4] DEBUG reactor.netty.resources.PooledConnectionProvider - [id: 0x0e8dc7e0, L:/127.0.0.1:50627 - R:localhost/127.0.0.1:8083] Releasing channel
10:13:39.341 [reactor-http-nio-4] DEBUG reactor.netty.resources.PooledConnectionProvider - [id: 0x0e8dc7e0, L:/127.0.0.1:50627 - R:localhost/127.0.0.1:8083] Channel cleaned, now 87 active connections and 5 inactive connections
10:13:39.341 [reactor-http-nio-4] DEBUG reactor.netty.http.client.HttpClientOperations - [id: 0x96ea5c39, L:/127.0.0.1:50633 - R:localhost/127.0.0.1:8083] Received response (auto-read:false) : [Content-Type=application/json, Transfer-Encoding=chunked, Date=Tue, 07 Jun 2022 09:13:38 GMT]
10:13:39.341 [reactor-http-nio-4] DEBUG reactor.netty.resources.PooledConnectionProvider - [id: 0x96ea5c39, L:/127.0.0.1:50633 - R:localhost/127.0.0.1:8083] onStateChange(GET{uri=/userLocation?userId=90aedb06-1ea6-4265-b889-3627fd54eb2b, connection=PooledConnection{channel=[id: 0x96ea5c39, L:/127.0.0.1:50633 - R:localhost/127.0.0.1:8083]}}, [response_received])
10:13:39.341 [reactor-http-nio-4] DEBUG org.springframework.web.reactive.function.client.ExchangeFunctions - [6876c8e3] Response 200 OK
10:13:39.332 [reactor-http-nio-2] DEBUG reactor.netty.resources.PooledConnectionProvider - [id: 0x254a87ce, L:/127.0.0.1:50632 - R:localhost/127.0.0.1:8083] Channel acquired, now 89 active connections and 3 inactive connections
10:13:39.342 [reactor-http-nio-4] DEBUG reactor.netty.channel.FluxReceive - [id: 0x96ea5c39, L:/127.0.0.1:50633 - R:localhost/127.0.0.1:8083] Subscribing inbound receiver [pending: 0, cancelled:false, inboundDone: false]
10:13:39.342 [reactor-http-nio-4] DEBUG reactor.netty.http.client.HttpClientOperations - [id: 0x96ea5c39, L:/127.0.0.1:50633 - R:localhost/127.0.0.1:8083] Received last HTTP packet
10:13:39.342 [reactor-http-nio-4] DEBUG org.springframework.core.codec.StringDecoder - [6876c8e3] Decoded "{"userId":"90aedb06-1ea6-4265-b889-3627fd54eb2b","location":{"longitude":168.560471,"latitude":58.2 (truncated)...
10:13:39.342 [reactor-http-nio-4] DEBUG reactor.netty.resources.PooledConnectionProvider - [id: 0x96ea5c39, L:/127.0.0.1:50633 - R:localhost/127.0.0.1:8083] onStateChange(GET{uri=/userLocation?userId=90aedb06-1ea6-4265-b889-3627fd54eb2b, connection=PooledConnection{channel=[id: 0x96ea5c39, L:/127.0.0.1:50633 - R:localhost/127.0.0.1:8083]}}, [disconnecting])
10:13:39.342 [reactor-http-nio-4] DEBUG reactor.netty.resources.PooledConnectionProvider - [id: 0x96ea5c39, L:/127.0.0.1:50633 - R:localhost/127.0.0.1:8083] Releasing channel
10:13:39.342 [reactor-http-nio-2] DEBUG reactor.netty.http.client.HttpClientConnect - [id: 0x254a87ce, L:/127.0.0.1:50632 - R:localhost/127.0.0.1:8083] Handler is being applied: {uri=http://localhost:8083/attractions, method=GET}
10:13:39.343 [reactor-http-nio-4] DEBUG reactor.netty.resources.PooledConnectionProvider - [id: 0x96ea5c39, L:/127.0.0.1:50633 - R:localhost/127.0.0.1:8083] Channel cleaned, now 86 active connections and 6 inactive connections
10:13:39.343 [reactor-http-nio-4] DEBUG reactor.netty.http.client.HttpClientOperations - [id: 0xfedf6624, L:/127.0.0.1:50635 - R:localhost/127.0.0.1:8083] Received response (auto-read:false) : [Content-Type=application/json, Transfer-Encoding=chunked, Date=Tue, 07 Jun 2022 09:13:38 GMT]
10:13:39.343 [reactor-http-nio-4] DEBUG reactor.netty.resources.PooledConnectionProvider - [id: 0xfedf6624, L:/127.0.0.1:50635 - R:localhost/127.0.0.1:8083] onStateChange(GET{uri=/userLocation?userId=721bca82-6a64-4af3-831e-3322246d9f3a, connection=PooledConnection{channel=[id: 0xfedf6624, L:/127.0.0.1:50635 - R:localhost/127.0.0.1:8083]}}, [response_received])
10:13:39.343 [reactor-http-nio-4] DEBUG org.springframework.web.reactive.function.client.ExchangeFunctions - [1682ba15] Response 200 OK
10:13:39.343 [reactor-http-nio-2] DEBUG reactor.netty.resources.PooledConnectionProvider - [id: 0x254a87ce, L:/127.0.0.1:50632 - R:localhost/127.0.0.1:8083] onStateChange(GET{uri=/attractions, connection=PooledConnection{channel=[id: 0x254a87ce, L:/127.0.0.1:50632 - R:localhost/127.0.0.1:8083]}}, [request_sent])
10:13:39.344 [pool-6-thread-1] DEBUG org.springframework.web.reactive.function.client.ExchangeFunctions - [98d3387] HTTP GET http://localhost:8083/attractions
10:13:39.344 [reactor-http-nio-4] DEBUG reactor.netty.channel.FluxReceive - [id: 0xfedf6624, L:/127.0.0.1:50635 - R:localhost/127.0.0.1:8083] Subscribing inbound receiver [pending: 0, cancelled:false, inboundDone: false]
10:13:39.344 [reactor-http-nio-4] DEBUG reactor.netty.http.client.HttpClientOperations - [id: 0xfedf6624, L:/127.0.0.1:50635 - R:localhost/127.0.0.1:8083] Received last HTTP packet
10:13:39.344 [reactor-http-nio-4] DEBUG org.springframework.core.codec.StringDecoder - [1682ba15] Decoded "{"userId":"721bca82-6a64-4af3-831e-3322246d9f3a","location":{"longitude":24.729453,"latitude":-50.2 (truncated)...
10:13:39.344 [reactor-http-nio-4] DEBUG reactor.netty.resources.PooledConnectionProvider - [id: 0xfedf6624, L:/127.0.0.1:50635 - R:localhost/127.0.0.1:8083] onStateChange(GET{uri=/userLocation?userId=721bca82-6a64-4af3-831e-3322246d9f3a, connection=PooledConnection{channel=[id: 0xfedf6624, L:/127.0.0.1:50635 - R:localhost/127.0.0.1:8083]}}, [disconnecting])
10:13:39.344 [reactor-http-nio-4] DEBUG reactor.netty.resources.PooledConnectionProvider - [id: 0xfedf6624, L:/127.0.0.1:50635 - R:localhost/127.0.0.1:8083] Releasing channel
10:13:39.344 [reactor-http-nio-4] DEBUG reactor.netty.resources.PooledConnectionProvider - [id: 0xfedf6624, L:/127.0.0.1:50635 - R:localhost/127.0.0.1:8083] Channel cleaned, now 85 active connections and 7 inactive connections
10:13:39.345 [reactor-http-nio-4] DEBUG reactor.netty.http.client.HttpClientOperations - [id: 0x5fcffdd2, L:/127.0.0.1:50637 - R:localhost/127.0.0.1:8083] Received response (auto-read:false) : [Content-Type=application/json, Transfer-Encoding=chunked, Date=Tue, 07 Jun 2022 09:13:38 GMT]
10:13:39.345 [reactor-http-nio-4] DEBUG reactor.netty.resources.PooledConnectionProvider - [id: 0x5fcffdd2, L:/127.0.0.1:50637 - R:localhost/127.0.0.1:8083] onStateChange(GET{uri=/userLocation?userId=92eb3b3c-f847-4337-ab83-abf9680cbb2a, connection=PooledConnection{channel=[id: 0x5fcffdd2, L:/127.0.0.1:50637 - R:localhost/127.0.0.1:8083]}}, [response_received])
10:13:39.345 [reactor-http-nio-4] DEBUG org.springframework.web.reactive.function.client.ExchangeFunctions - [2964c419] Response 200 OK
10:13:39.345 [reactor-http-nio-4] DEBUG reactor.netty.channel.FluxReceive - [id: 0x5fcffdd2, L:/127.0.0.1:50637 - R:localhost/127.0.0.1:8083] Subscribing inbound receiver [pending: 0, cancelled:false, inboundDone: false]
10:13:39.346 [reactor-http-nio-4] DEBUG reactor.netty.http.client.HttpClientOperations - [id: 0x5fcffdd2, L:/127.0.0.1:50637 - R:localhost/127.0.0.1:8083] Received last HTTP packet
10:13:39.346 [pool-4-thread-22] DEBUG org.springframework.web.reactive.function.client.ExchangeFunctions - [66b12b9d] HTTP GET http://localhost:8083/attractions
10:13:39.346 [reactor-http-nio-4] DEBUG org.springframework.core.codec.StringDecoder - [2964c419] Decoded "{"userId":"92eb3b3c-f847-4337-ab83-abf9680cbb2a","location":{"longitude":162.556707,"latitude":70.3 (truncated)...
10:13:39.346 [reactor-http-nio-4] DEBUG reactor.netty.resources.PooledConnectionProvider - [id: 0x5fcffdd2, L:/127.0.0.1:50637 - R:localhost/127.0.0.1:8083] onStateChange(GET{uri=/userLocation?userId=92eb3b3c-f847-4337-ab83-abf9680cbb2a, connection=PooledConnection{channel=[id: 0x5fcffdd2, L:/127.0.0.1:50637 - R:localhost/127.0.0.1:8083]}}, [disconnecting])
10:13:39.346 [reactor-http-nio-4] DEBUG reactor.netty.resources.PooledConnectionProvider - [id: 0x5fcffdd2, L:/127.0.0.1:50637 - R:localhost/127.0.0.1:8083] Releasing channel
10:13:39.346 [reactor-http-nio-4] DEBUG reactor.netty.resources.PooledConnectionProvider - [id: 0x5fcffdd2, L:/127.0.0.1:50637 - R:localhost/127.0.0.1:8083] Channel cleaned, now 84 active connections and 8 inactive connections
10:13:39.347 [reactor-http-nio-4] DEBUG reactor.netty.http.client.HttpClientOperations - [id: 0x676c50cf, L:/127.0.0.1:50639 - R:localhost/127.0.0.1:8083] Received response (auto-read:false) : [Content-Type=application/json, Transfer-Encoding=chunked, Date=Tue, 07 Jun 2022 09:13:38 GMT]
10:13:39.347 [reactor-http-nio-4] DEBUG reactor.netty.resources.PooledConnectionProvider - [id: 0x676c50cf, L:/127.0.0.1:50639 - R:localhost/127.0.0.1:8083] onStateChange(GET{uri=/userLocation?userId=0a78056b-41db-4375-9722-9e5000b235db, connection=PooledConnection{channel=[id: 0x676c50cf, L:/127.0.0.1:50639 - R:localhost/127.0.0.1:8083]}}, [response_received])
10:13:39.347 [reactor-http-nio-4] DEBUG org.springframework.web.reactive.function.client.ExchangeFunctions - [1cd7a84a] Response 200 OK
10:13:39.347 [reactor-http-nio-4] DEBUG reactor.netty.channel.FluxReceive - [id: 0x676c50cf, L:/127.0.0.1:50639 - R:localhost/127.0.0.1:8083] Subscribing inbound receiver [pending: 0, cancelled:false, inboundDone: false]
10:13:39.348 [reactor-http-nio-4] DEBUG reactor.netty.http.client.HttpClientOperations - [id: 0x676c50cf, L:/127.0.0.1:50639 - R:localhost/127.0.0.1:8083] Received last HTTP packet
10:13:39.348 [reactor-http-nio-4] DEBUG org.springframework.core.codec.StringDecoder - [1cd7a84a] Decoded "{"userId":"0a78056b-41db-4375-9722-9e5000b235db","location":{"longitude":155.08089,"latitude":-59.0 (truncated)...
10:13:39.348 [reactor-http-nio-4] DEBUG reactor.netty.resources.PooledConnectionProvider - [id: 0x676c50cf, L:/127.0.0.1:50639 - R:localhost/127.0.0.1:8083] onStateChange(GET{uri=/userLocation?userId=0a78056b-41db-4375-9722-9e5000b235db, connection=PooledConnection{channel=[id: 0x676c50cf, L:/127.0.0.1:50639 - R:localhost/127.0.0.1:8083]}}, [disconnecting])
10:13:39.348 [reactor-http-nio-4] DEBUG reactor.netty.resources.PooledConnectionProvider - [id: 0x676c50cf, L:/127.0.0.1:50639 - R:localhost/127.0.0.1:8083] Releasing channel
10:13:39.348 [reactor-http-nio-4] DEBUG reactor.netty.resources.PooledConnectionProvider - [id: 0x676c50cf, L:/127.0.0.1:50639 - R:localhost/127.0.0.1:8083] Channel cleaned, now 83 active connections and 9 inactive connections
10:13:39.348 [reactor-http-nio-1] DEBUG reactor.netty.resources.PooledConnectionProvider - [id: 0x5dcee25b, L:/127.0.0.1:50620 - R:localhost/127.0.0.1:8083] Channel acquired, now 84 active connections and 8 inactive connections
10:13:39.348 [reactor-http-nio-1] DEBUG reactor.netty.http.client.HttpClientConnect - [id: 0x5dcee25b, L:/127.0.0.1:50620 - R:localhost/127.0.0.1:8083] Handler is being applied: {uri=http://localhost:8083/attractions, method=GET}
10:13:39.349 [reactor-http-nio-1] DEBUG reactor.netty.resources.PooledConnectionProvider - [id: 0x5dcee25b, L:/127.0.0.1:50620 - R:localhost/127.0.0.1:8083] onStateChange(GET{uri=/attractions, connection=PooledConnection{channel=[id: 0x5dcee25b, L:/127.0.0.1:50620 - R:localhost/127.0.0.1:8083]}}, [request_sent])
10:13:39.346 [pool-4-thread-24] DEBUG org.springframework.web.reactive.function.client.ExchangeFunctions - [184556b5] HTTP GET http://localhost:8083/attractions
10:13:39.350 [reactor-http-nio-4] DEBUG reactor.netty.resources.PooledConnectionProvider - [id: 0x1694d70f, L:/127.0.0.1:50610 - R:localhost/127.0.0.1:8083] Channel acquired, now 85 active connections and 7 inactive connections
10:13:39.350 [reactor-http-nio-4] DEBUG reactor.netty.http.client.HttpClientConnect - [id: 0x1694d70f, L:/127.0.0.1:50610 - R:localhost/127.0.0.1:8083] Handler is being applied: {uri=http://localhost:8083/attractions, method=GET}
10:13:39.351 [reactor-http-nio-4] DEBUG reactor.netty.resources.PooledConnectionProvider - [id: 0x1694d70f, L:/127.0.0.1:50610 - R:localhost/127.0.0.1:8083] onStateChange(GET{uri=/attractions, connection=PooledConnection{channel=[id: 0x1694d70f, L:/127.0.0.1:50610 - R:localhost/127.0.0.1:8083]}}, [request_sent])
10:13:39.351 [reactor-http-nio-4] DEBUG reactor.netty.resources.PooledConnectionProvider - [id: 0xb37fd56e, L:/127.0.0.1:50615 - R:localhost/127.0.0.1:8083] Channel acquired, now 86 active connections and 6 inactive connections
10:13:39.351 [reactor-http-nio-4] DEBUG reactor.netty.http.client.HttpClientConnect - [id: 0xb37fd56e, L:/127.0.0.1:50615 - R:localhost/127.0.0.1:8083] Handler is being applied: {uri=http://localhost:8083/attractions, method=GET}
10:13:39.351 [pool-4-thread-26] DEBUG org.springframework.web.reactive.function.client.ExchangeFunctions - [27a32f45] HTTP GET http://localhost:8083/attractions
10:13:39.352 [reactor-http-nio-4] DEBUG reactor.netty.resources.PooledConnectionProvider - [id: 0xb37fd56e, L:/127.0.0.1:50615 - R:localhost/127.0.0.1:8083] onStateChange(GET{uri=/attractions, connection=PooledConnection{channel=[id: 0xb37fd56e, L:/127.0.0.1:50615 - R:localhost/127.0.0.1:8083]}}, [request_sent])
10:13:39.352 [reactor-http-nio-4] DEBUG reactor.netty.resources.PooledConnectionProvider - [id: 0xffcbc3fa, L:/127.0.0.1:50617 - R:localhost/127.0.0.1:8083] Channel acquired, now 87 active connections and 5 inactive connections
10:13:39.352 [reactor-http-nio-4] DEBUG reactor.netty.http.client.HttpClientConnect - [id: 0xffcbc3fa, L:/127.0.0.1:50617 - R:localhost/127.0.0.1:8083] Handler is being applied: {uri=http://localhost:8083/attractions, method=GET}
10:13:39.353 [pool-4-thread-28] DEBUG org.springframework.web.reactive.function.client.ExchangeFunctions - [121055a0] HTTP GET http://localhost:8083/attractions
10:13:39.353 [reactor-http-nio-4] DEBUG reactor.netty.resources.PooledConnectionProvider - [id: 0xffcbc3fa, L:/127.0.0.1:50617 - R:localhost/127.0.0.1:8083] onStateChange(GET{uri=/attractions, connection=PooledConnection{channel=[id: 0xffcbc3fa, L:/127.0.0.1:50617 - R:localhost/127.0.0.1:8083]}}, [request_sent])
10:13:39.354 [reactor-http-nio-4] DEBUG reactor.netty.resources.PooledConnectionProvider - [id: 0x0e8dc7e0, L:/127.0.0.1:50627 - R:localhost/127.0.0.1:8083] Channel acquired, now 88 active connections and 4 inactive connections
10:13:39.354 [reactor-http-nio-4] DEBUG reactor.netty.http.client.HttpClientConnect - [id: 0x0e8dc7e0, L:/127.0.0.1:50627 - R:localhost/127.0.0.1:8083] Handler is being applied: {uri=http://localhost:8083/attractions, method=GET}
10:13:39.355 [reactor-http-nio-4] DEBUG reactor.netty.resources.PooledConnectionProvider - [id: 0x0e8dc7e0, L:/127.0.0.1:50627 - R:localhost/127.0.0.1:8083] onStateChange(GET{uri=/attractions, connection=PooledConnection{channel=[id: 0x0e8dc7e0, L:/127.0.0.1:50627 - R:localhost/127.0.0.1:8083]}}, [request_sent])
10:13:39.355 [reactor-http-nio-4] DEBUG reactor.netty.resources.PooledConnectionProvider - [id: 0x96ea5c39, L:/127.0.0.1:50633 - R:localhost/127.0.0.1:8083] Channel acquired, now 89 active connections and 3 inactive connections
10:13:39.355 [reactor-http-nio-4] DEBUG reactor.netty.http.client.HttpClientConnect - [id: 0x96ea5c39, L:/127.0.0.1:50633 - R:localhost/127.0.0.1:8083] Handler is being applied: {uri=http://localhost:8083/attractions, method=GET}
10:13:39.356 [reactor-http-nio-4] DEBUG reactor.netty.resources.PooledConnectionProvider - [id: 0x96ea5c39, L:/127.0.0.1:50633 - R:localhost/127.0.0.1:8083] onStateChange(GET{uri=/attractions, connection=PooledConnection{channel=[id: 0x96ea5c39, L:/127.0.0.1:50633 - R:localhost/127.0.0.1:8083]}}, [request_sent])
10:13:39.356 [reactor-http-nio-2] DEBUG reactor.netty.http.client.HttpClientOperations - [id: 0x7da5620d, L:/127.0.0.1:50618 - R:localhost/127.0.0.1:8083] Received response (auto-read:false) : [Content-Type=application/json, Transfer-Encoding=chunked, Date=Tue, 07 Jun 2022 09:13:38 GMT]
10:13:39.356 [reactor-http-nio-2] DEBUG reactor.netty.resources.PooledConnectionProvider - [id: 0x7da5620d, L:/127.0.0.1:50618 - R:localhost/127.0.0.1:8083] onStateChange(GET{uri=/userLocation?userId=05f0cbf3-9e87-4b75-a485-45bf9a6da9f2, connection=PooledConnection{channel=[id: 0x7da5620d, L:/127.0.0.1:50618 - R:localhost/127.0.0.1:8083]}}, [response_received])
10:13:39.357 [reactor-http-nio-2] DEBUG org.springframework.web.reactive.function.client.ExchangeFunctions - [6515b72] Response 200 OK
10:13:39.357 [reactor-http-nio-2] DEBUG reactor.netty.channel.FluxReceive - [id: 0x7da5620d, L:/127.0.0.1:50618 - R:localhost/127.0.0.1:8083] Subscribing inbound receiver [pending: 0, cancelled:false, inboundDone: false]
10:13:39.357 [reactor-http-nio-2] DEBUG reactor.netty.http.client.HttpClientOperations - [id: 0x7da5620d, L:/127.0.0.1:50618 - R:localhost/127.0.0.1:8083] Received last HTTP packet
10:13:39.358 [reactor-http-nio-2] DEBUG org.springframework.core.codec.StringDecoder - [6515b72] Decoded "{"userId":"05f0cbf3-9e87-4b75-a485-45bf9a6da9f2","location":{"longitude":-22.254435,"latitude":-6.5 (truncated)...
10:13:39.358 [reactor-http-nio-2] DEBUG reactor.netty.resources.PooledConnectionProvider - [id: 0x7da5620d, L:/127.0.0.1:50618 - R:localhost/127.0.0.1:8083] onStateChange(GET{uri=/userLocation?userId=05f0cbf3-9e87-4b75-a485-45bf9a6da9f2, connection=PooledConnection{channel=[id: 0x7da5620d, L:/127.0.0.1:50618 - R:localhost/127.0.0.1:8083]}}, [disconnecting])
10:13:39.358 [reactor-http-nio-2] DEBUG reactor.netty.resources.PooledConnectionProvider - [id: 0x7da5620d, L:/127.0.0.1:50618 - R:localhost/127.0.0.1:8083] Releasing channel
10:13:39.358 [reactor-http-nio-2] DEBUG reactor.netty.resources.PooledConnectionProvider - [id: 0x7da5620d, L:/127.0.0.1:50618 - R:localhost/127.0.0.1:8083] Channel cleaned, now 88 active connections and 4 inactive connections
10:13:39.359 [reactor-http-nio-3] DEBUG reactor.netty.http.client.HttpClientOperations - [id: 0xd9faa4fe, L:/127.0.0.1:50640 - R:localhost/127.0.0.1:8083] Received response (auto-read:false) : [Content-Type=application/json, Transfer-Encoding=chunked, Date=Tue, 07 Jun 2022 09:13:38 GMT]
10:13:39.359 [reactor-http-nio-3] DEBUG reactor.netty.resources.PooledConnectionProvider - [id: 0xd9faa4fe, L:/127.0.0.1:50640 - R:localhost/127.0.0.1:8083] onStateChange(GET{uri=/userLocation?userId=96191adb-4297-47e0-b8a2-a371c1a03e56, connection=PooledConnection{channel=[id: 0xd9faa4fe, L:/127.0.0.1:50640 - R:localhost/127.0.0.1:8083]}}, [response_received])
10:13:39.359 [reactor-http-nio-3] DEBUG org.springframework.web.reactive.function.client.ExchangeFunctions - [2c0b2070] Response 200 OK
10:13:39.360 [reactor-http-nio-2] DEBUG reactor.netty.http.client.HttpClientOperations - [id: 0x8d657d6f, L:/127.0.0.1:50663 - R:localhost/127.0.0.1:8083] Received response (auto-read:false) : [Content-Type=application/json, Transfer-Encoding=chunked, Date=Tue, 07 Jun 2022 09:13:38 GMT]
10:13:39.360 [reactor-http-nio-2] DEBUG reactor.netty.resources.PooledConnectionProvider - [id: 0x8d657d6f, L:/127.0.0.1:50663 - R:localhost/127.0.0.1:8083] onStateChange(GET{uri=/userLocation?userId=11d26981-c461-4f0e-a292-f9e265c405d3, connection=PooledConnection{channel=[id: 0x8d657d6f, L:/127.0.0.1:50663 - R:localhost/127.0.0.1:8083]}}, [response_received])
10:13:39.360 [reactor-http-nio-2] DEBUG org.springframework.web.reactive.function.client.ExchangeFunctions - [652df72c] Response 200 OK
10:13:39.360 [reactor-http-nio-3] DEBUG reactor.netty.channel.FluxReceive - [id: 0xd9faa4fe, L:/127.0.0.1:50640 - R:localhost/127.0.0.1:8083] Subscribing inbound receiver [pending: 0, cancelled:false, inboundDone: false]
10:13:39.360 [reactor-http-nio-2] DEBUG reactor.netty.channel.FluxReceive - [id: 0x8d657d6f, L:/127.0.0.1:50663 - R:localhost/127.0.0.1:8083] Subscribing inbound receiver [pending: 0, cancelled:false, inboundDone: false]
10:13:39.360 [reactor-http-nio-3] DEBUG reactor.netty.http.client.HttpClientOperations - [id: 0xd9faa4fe, L:/127.0.0.1:50640 - R:localhost/127.0.0.1:8083] Received last HTTP packet
10:13:39.360 [reactor-http-nio-3] DEBUG org.springframework.core.codec.StringDecoder - [2c0b2070] Decoded "{"userId":"96191adb-4297-47e0-b8a2-a371c1a03e56","location":{"longitude":-110.343573,"latitude":-33 (truncated)...
10:13:39.360 [reactor-http-nio-2] DEBUG reactor.netty.http.client.HttpClientOperations - [id: 0x8d657d6f, L:/127.0.0.1:50663 - R:localhost/127.0.0.1:8083] Received last HTTP packet
10:13:39.360 [reactor-http-nio-3] DEBUG reactor.netty.resources.PooledConnectionProvider - [id: 0xd9faa4fe, L:/127.0.0.1:50640 - R:localhost/127.0.0.1:8083] onStateChange(GET{uri=/userLocation?userId=96191adb-4297-47e0-b8a2-a371c1a03e56, connection=PooledConnection{channel=[id: 0xd9faa4fe, L:/127.0.0.1:50640 - R:localhost/127.0.0.1:8083]}}, [disconnecting])
10:13:39.361 [reactor-http-nio-3] DEBUG reactor.netty.resources.PooledConnectionProvider - [id: 0xd9faa4fe, L:/127.0.0.1:50640 - R:localhost/127.0.0.1:8083] Releasing channel
10:13:39.361 [reactor-http-nio-3] DEBUG reactor.netty.resources.PooledConnectionProvider - [id: 0xd9faa4fe, L:/127.0.0.1:50640 - R:localhost/127.0.0.1:8083] Channel cleaned, now 87 active connections and 5 inactive connections
10:13:39.361 [reactor-http-nio-2] DEBUG org.springframework.core.codec.StringDecoder - [652df72c] Decoded "{"userId":"11d26981-c461-4f0e-a292-f9e265c405d3","location":{"longitude":165.38849,"latitude":-23.1 (truncated)...
10:13:39.361 [reactor-http-nio-2] DEBUG reactor.netty.resources.PooledConnectionProvider - [id: 0x8d657d6f, L:/127.0.0.1:50663 - R:localhost/127.0.0.1:8083] onStateChange(GET{uri=/userLocation?userId=11d26981-c461-4f0e-a292-f9e265c405d3, connection=PooledConnection{channel=[id: 0x8d657d6f, L:/127.0.0.1:50663 - R:localhost/127.0.0.1:8083]}}, [disconnecting])
10:13:39.361 [reactor-http-nio-2] DEBUG reactor.netty.resources.PooledConnectionProvider - [id: 0x8d657d6f, L:/127.0.0.1:50663 - R:localhost/127.0.0.1:8083] Releasing channel
10:13:39.361 [reactor-http-nio-2] DEBUG reactor.netty.resources.PooledConnectionProvider - [id: 0x8d657d6f, L:/127.0.0.1:50663 - R:localhost/127.0.0.1:8083] Channel cleaned, now 86 active connections and 6 inactive connections
10:13:39.362 [reactor-http-nio-2] DEBUG reactor.netty.http.client.HttpClientOperations - [id: 0xa634fb68, L:/127.0.0.1:50662 - R:localhost/127.0.0.1:8083] Received response (auto-read:false) : [Content-Type=application/json, Transfer-Encoding=chunked, Date=Tue, 07 Jun 2022 09:13:38 GMT]
10:13:39.363 [reactor-http-nio-2] DEBUG reactor.netty.resources.PooledConnectionProvider - [id: 0xa634fb68, L:/127.0.0.1:50662 - R:localhost/127.0.0.1:8083] onStateChange(GET{uri=/userLocation?userId=067f6b23-ff17-49bf-8045-f969f858b780, connection=PooledConnection{channel=[id: 0xa634fb68, L:/127.0.0.1:50662 - R:localhost/127.0.0.1:8083]}}, [response_received])
10:13:39.363 [reactor-http-nio-2] DEBUG org.springframework.web.reactive.function.client.ExchangeFunctions - [35da479d] Response 200 OK
10:13:39.363 [reactor-http-nio-2] DEBUG reactor.netty.channel.FluxReceive - [id: 0xa634fb68, L:/127.0.0.1:50662 - R:localhost/127.0.0.1:8083] Subscribing inbound receiver [pending: 0, cancelled:false, inboundDone: false]
10:13:39.364 [reactor-http-nio-2] DEBUG reactor.netty.http.client.HttpClientOperations - [id: 0xa634fb68, L:/127.0.0.1:50662 - R:localhost/127.0.0.1:8083] Received last HTTP packet
10:13:39.364 [reactor-http-nio-2] DEBUG org.springframework.core.codec.StringDecoder - [35da479d] Decoded "{"userId":"067f6b23-ff17-49bf-8045-f969f858b780","location":{"longitude":85.5502,"latitude":-37.006 (truncated)...
10:13:39.364 [reactor-http-nio-2] DEBUG reactor.netty.resources.PooledConnectionProvider - [id: 0xa634fb68, L:/127.0.0.1:50662 - R:localhost/127.0.0.1:8083] onStateChange(GET{uri=/userLocation?userId=067f6b23-ff17-49bf-8045-f969f858b780, connection=PooledConnection{channel=[id: 0xa634fb68, L:/127.0.0.1:50662 - R:localhost/127.0.0.1:8083]}}, [disconnecting])
10:13:39.364 [reactor-http-nio-2] DEBUG reactor.netty.resources.PooledConnectionProvider - [id: 0xa634fb68, L:/127.0.0.1:50662 - R:localhost/127.0.0.1:8083] Releasing channel
10:13:39.364 [reactor-http-nio-2] DEBUG reactor.netty.resources.PooledConnectionProvider - [id: 0xa634fb68, L:/127.0.0.1:50662 - R:localhost/127.0.0.1:8083] Channel cleaned, now 85 active connections and 7 inactive connections
10:13:39.366 [reactor-http-nio-2] DEBUG reactor.netty.http.client.HttpClientOperations - [id: 0x0da0a9f9, L:/127.0.0.1:50665 - R:localhost/127.0.0.1:8083] Received response (auto-read:false) : [Content-Type=application/json, Transfer-Encoding=chunked, Date=Tue, 07 Jun 2022 09:13:38 GMT]
10:13:39.366 [reactor-http-nio-2] DEBUG reactor.netty.resources.PooledConnectionProvider - [id: 0x0da0a9f9, L:/127.0.0.1:50665 - R:localhost/127.0.0.1:8083] onStateChange(GET{uri=/userLocation?userId=d2164fa2-8cec-4a37-8e84-b20f6d5ddd0c, connection=PooledConnection{channel=[id: 0x0da0a9f9, L:/127.0.0.1:50665 - R:localhost/127.0.0.1:8083]}}, [response_received])
10:13:39.366 [reactor-http-nio-2] DEBUG org.springframework.web.reactive.function.client.ExchangeFunctions - [6176b890] Response 200 OK
10:13:39.367 [reactor-http-nio-2] DEBUG reactor.netty.channel.FluxReceive - [id: 0x0da0a9f9, L:/127.0.0.1:50665 - R:localhost/127.0.0.1:8083] Subscribing inbound receiver [pending: 0, cancelled:false, inboundDone: false]
10:13:39.367 [reactor-http-nio-2] DEBUG reactor.netty.http.client.HttpClientOperations - [id: 0x0da0a9f9, L:/127.0.0.1:50665 - R:localhost/127.0.0.1:8083] Received last HTTP packet
10:13:39.368 [reactor-http-nio-2] DEBUG org.springframework.core.codec.StringDecoder - [6176b890] Decoded "{"userId":"d2164fa2-8cec-4a37-8e84-b20f6d5ddd0c","location":{"longitude":-170.589446,"latitude":35. (truncated)...
10:13:39.368 [reactor-http-nio-2] DEBUG reactor.netty.resources.PooledConnectionProvider - [id: 0x0da0a9f9, L:/127.0.0.1:50665 - R:localhost/127.0.0.1:8083] onStateChange(GET{uri=/userLocation?userId=d2164fa2-8cec-4a37-8e84-b20f6d5ddd0c, connection=PooledConnection{channel=[id: 0x0da0a9f9, L:/127.0.0.1:50665 - R:localhost/127.0.0.1:8083]}}, [disconnecting])
10:13:39.368 [reactor-http-nio-2] DEBUG reactor.netty.resources.PooledConnectionProvider - [id: 0x0da0a9f9, L:/127.0.0.1:50665 - R:localhost/127.0.0.1:8083] Releasing channel
10:13:39.368 [reactor-http-nio-2] DEBUG reactor.netty.resources.PooledConnectionProvider - [id: 0x0da0a9f9, L:/127.0.0.1:50665 - R:localhost/127.0.0.1:8083] Channel cleaned, now 84 active connections and 8 inactive connections
10:13:39.370 [reactor-http-nio-2] DEBUG reactor.netty.http.client.HttpClientOperations - [id: 0xc558618d, L:/127.0.0.1:50669 - R:localhost/127.0.0.1:8083] Received response (auto-read:false) : [Content-Type=application/json, Transfer-Encoding=chunked, Date=Tue, 07 Jun 2022 09:13:38 GMT]
10:13:39.370 [reactor-http-nio-2] DEBUG reactor.netty.resources.PooledConnectionProvider - [id: 0xc558618d, L:/127.0.0.1:50669 - R:localhost/127.0.0.1:8083] onStateChange(GET{uri=/userLocation?userId=cd2f5469-5667-4c2c-a16b-58fb05875eff, connection=PooledConnection{channel=[id: 0xc558618d, L:/127.0.0.1:50669 - R:localhost/127.0.0.1:8083]}}, [response_received])
10:13:39.370 [reactor-http-nio-2] DEBUG org.springframework.web.reactive.function.client.ExchangeFunctions - [6d6a427f] Response 200 OK
10:13:39.370 [reactor-http-nio-2] DEBUG reactor.netty.channel.FluxReceive - [id: 0xc558618d, L:/127.0.0.1:50669 - R:localhost/127.0.0.1:8083] Subscribing inbound receiver [pending: 0, cancelled:false, inboundDone: false]
10:13:39.371 [reactor-http-nio-2] DEBUG reactor.netty.http.client.HttpClientOperations - [id: 0xc558618d, L:/127.0.0.1:50669 - R:localhost/127.0.0.1:8083] Received last HTTP packet
10:13:39.371 [reactor-http-nio-2] DEBUG org.springframework.core.codec.StringDecoder - [6d6a427f] Decoded "{"userId":"cd2f5469-5667-4c2c-a16b-58fb05875eff","location":{"longitude":161.868347,"latitude":-72. (truncated)...
10:13:39.371 [reactor-http-nio-2] DEBUG reactor.netty.resources.PooledConnectionProvider - [id: 0xc558618d, L:/127.0.0.1:50669 - R:localhost/127.0.0.1:8083] onStateChange(GET{uri=/userLocation?userId=cd2f5469-5667-4c2c-a16b-58fb05875eff, connection=PooledConnection{channel=[id: 0xc558618d, L:/127.0.0.1:50669 - R:localhost/127.0.0.1:8083]}}, [disconnecting])
10:13:39.371 [reactor-http-nio-2] DEBUG reactor.netty.resources.PooledConnectionProvider - [id: 0xc558618d, L:/127.0.0.1:50669 - R:localhost/127.0.0.1:8083] Releasing channel
10:13:39.371 [reactor-http-nio-2] DEBUG reactor.netty.resources.PooledConnectionProvider - [id: 0xc558618d, L:/127.0.0.1:50669 - R:localhost/127.0.0.1:8083] Channel cleaned, now 83 active connections and 9 inactive connections
10:13:39.373 [reactor-http-nio-2] DEBUG reactor.netty.http.client.HttpClientOperations - [id: 0x49dcd8d7, L:/127.0.0.1:50622 - R:localhost/127.0.0.1:8083] Received response (auto-read:false) : [Content-Type=application/json, Transfer-Encoding=chunked, Date=Tue, 07 Jun 2022 09:13:38 GMT]
10:13:39.373 [reactor-http-nio-2] DEBUG reactor.netty.resources.PooledConnectionProvider - [id: 0x49dcd8d7, L:/127.0.0.1:50622 - R:localhost/127.0.0.1:8083] onStateChange(GET{uri=/userLocation?userId=04e43a38-4eba-41fe-9434-98aa48961809, connection=PooledConnection{channel=[id: 0x49dcd8d7, L:/127.0.0.1:50622 - R:localhost/127.0.0.1:8083]}}, [response_received])
10:13:39.373 [reactor-http-nio-2] DEBUG org.springframework.web.reactive.function.client.ExchangeFunctions - [7da78f09] Response 200 OK
10:13:39.374 [reactor-http-nio-2] DEBUG reactor.netty.channel.FluxReceive - [id: 0x49dcd8d7, L:/127.0.0.1:50622 - R:localhost/127.0.0.1:8083] Subscribing inbound receiver [pending: 0, cancelled:false, inboundDone: false]
10:13:39.375 [reactor-http-nio-2] DEBUG reactor.netty.http.client.HttpClientOperations - [id: 0x49dcd8d7, L:/127.0.0.1:50622 - R:localhost/127.0.0.1:8083] Received last HTTP packet
10:13:39.375 [reactor-http-nio-2] DEBUG org.springframework.core.codec.StringDecoder - [7da78f09] Decoded "{"userId":"04e43a38-4eba-41fe-9434-98aa48961809","location":{"longitude":169.021326,"latitude":27.7 (truncated)...
10:13:39.375 [reactor-http-nio-2] DEBUG reactor.netty.resources.PooledConnectionProvider - [id: 0x49dcd8d7, L:/127.0.0.1:50622 - R:localhost/127.0.0.1:8083] onStateChange(GET{uri=/userLocation?userId=04e43a38-4eba-41fe-9434-98aa48961809, connection=PooledConnection{channel=[id: 0x49dcd8d7, L:/127.0.0.1:50622 - R:localhost/127.0.0.1:8083]}}, [disconnecting])
10:13:39.375 [reactor-http-nio-2] DEBUG reactor.netty.resources.PooledConnectionProvider - [id: 0x49dcd8d7, L:/127.0.0.1:50622 - R:localhost/127.0.0.1:8083] Releasing channel
10:13:39.375 [reactor-http-nio-2] DEBUG reactor.netty.resources.PooledConnectionProvider - [id: 0x49dcd8d7, L:/127.0.0.1:50622 - R:localhost/127.0.0.1:8083] Channel cleaned, now 82 active connections and 10 inactive connections
10:13:39.377 [reactor-http-nio-2] DEBUG reactor.netty.http.client.HttpClientOperations - [id: 0x10c31243, L:/127.0.0.1:50629 - R:localhost/127.0.0.1:8083] Received response (auto-read:false) : [Content-Type=application/json, Transfer-Encoding=chunked, Date=Tue, 07 Jun 2022 09:13:38 GMT]
10:13:39.377 [reactor-http-nio-3] DEBUG reactor.netty.http.client.HttpClientOperations - [id: 0x1ff223b6, L:/127.0.0.1:50656 - R:localhost/127.0.0.1:8083] Received response (auto-read:false) : [Content-Type=application/json, Transfer-Encoding=chunked, Date=Tue, 07 Jun 2022 09:13:38 GMT]
10:13:39.377 [reactor-http-nio-2] DEBUG reactor.netty.resources.PooledConnectionProvider - [id: 0x10c31243, L:/127.0.0.1:50629 - R:localhost/127.0.0.1:8083] onStateChange(GET{uri=/userLocation?userId=d486a7d9-bee9-4a31-8678-6c25de29be8d, connection=PooledConnection{channel=[id: 0x10c31243, L:/127.0.0.1:50629 - R:localhost/127.0.0.1:8083]}}, [response_received])
10:13:39.377 [reactor-http-nio-3] DEBUG reactor.netty.resources.PooledConnectionProvider - [id: 0x1ff223b6, L:/127.0.0.1:50656 - R:localhost/127.0.0.1:8083] onStateChange(GET{uri=/userLocation?userId=c8067915-3003-4190-9090-8b3eb97c830d, connection=PooledConnection{channel=[id: 0x1ff223b6, L:/127.0.0.1:50656 - R:localhost/127.0.0.1:8083]}}, [response_received])
10:13:39.378 [reactor-http-nio-3] DEBUG org.springframework.web.reactive.function.client.ExchangeFunctions - [8d989bf] Response 200 OK
10:13:39.378 [reactor-http-nio-2] DEBUG org.springframework.web.reactive.function.client.ExchangeFunctions - [d3a3d24] Response 200 OK
10:13:39.378 [reactor-http-nio-3] DEBUG reactor.netty.channel.FluxReceive - [id: 0x1ff223b6, L:/127.0.0.1:50656 - R:localhost/127.0.0.1:8083] Subscribing inbound receiver [pending: 0, cancelled:false, inboundDone: false]
10:13:39.378 [reactor-http-nio-2] DEBUG reactor.netty.channel.FluxReceive - [id: 0x10c31243, L:/127.0.0.1:50629 - R:localhost/127.0.0.1:8083] Subscribing inbound receiver [pending: 0, cancelled:false, inboundDone: false]
10:13:39.378 [reactor-http-nio-3] DEBUG reactor.netty.http.client.HttpClientOperations - [id: 0x1ff223b6, L:/127.0.0.1:50656 - R:localhost/127.0.0.1:8083] Received last HTTP packet
10:13:39.378 [reactor-http-nio-3] DEBUG org.springframework.core.codec.StringDecoder - [8d989bf] Decoded "{"userId":"c8067915-3003-4190-9090-8b3eb97c830d","location":{"longitude":-38.824244,"latitude":-46. (truncated)...
10:13:39.378 [reactor-http-nio-3] DEBUG reactor.netty.resources.PooledConnectionProvider - [id: 0x1ff223b6, L:/127.0.0.1:50656 - R:localhost/127.0.0.1:8083] onStateChange(GET{uri=/userLocation?userId=c8067915-3003-4190-9090-8b3eb97c830d, connection=PooledConnection{channel=[id: 0x1ff223b6, L:/127.0.0.1:50656 - R:localhost/127.0.0.1:8083]}}, [disconnecting])
10:13:39.379 [reactor-http-nio-3] DEBUG reactor.netty.resources.PooledConnectionProvider - [id: 0x1ff223b6, L:/127.0.0.1:50656 - R:localhost/127.0.0.1:8083] Releasing channel
10:13:39.379 [reactor-http-nio-3] DEBUG reactor.netty.resources.PooledConnectionProvider - [id: 0x1ff223b6, L:/127.0.0.1:50656 - R:localhost/127.0.0.1:8083] Channel cleaned, now 81 active connections and 11 inactive connections
10:13:39.380 [reactor-http-nio-2] DEBUG reactor.netty.http.client.HttpClientOperations - [id: 0x10c31243, L:/127.0.0.1:50629 - R:localhost/127.0.0.1:8083] Received last HTTP packet
10:13:39.380 [reactor-http-nio-2] DEBUG org.springframework.core.codec.StringDecoder - [d3a3d24] Decoded "{"userId":"d486a7d9-bee9-4a31-8678-6c25de29be8d","location":{"longitude":58.853815,"latitude":-49.8 (truncated)...
10:13:39.380 [reactor-http-nio-2] DEBUG reactor.netty.resources.PooledConnectionProvider - [id: 0x10c31243, L:/127.0.0.1:50629 - R:localhost/127.0.0.1:8083] onStateChange(GET{uri=/userLocation?userId=d486a7d9-bee9-4a31-8678-6c25de29be8d, connection=PooledConnection{channel=[id: 0x10c31243, L:/127.0.0.1:50629 - R:localhost/127.0.0.1:8083]}}, [disconnecting])
10:13:39.380 [reactor-http-nio-2] DEBUG reactor.netty.resources.PooledConnectionProvider - [id: 0x10c31243, L:/127.0.0.1:50629 - R:localhost/127.0.0.1:8083] Releasing channel
10:13:39.380 [reactor-http-nio-2] DEBUG reactor.netty.resources.PooledConnectionProvider - [id: 0x10c31243, L:/127.0.0.1:50629 - R:localhost/127.0.0.1:8083] Channel cleaned, now 80 active connections and 12 inactive connections
10:13:39.382 [reactor-http-nio-1] DEBUG reactor.netty.http.client.HttpClientOperations - [id: 0xec1f4ce8, L:/127.0.0.1:50641 - R:localhost/127.0.0.1:8083] Received response (auto-read:false) : [Content-Type=application/json, Transfer-Encoding=chunked, Date=Tue, 07 Jun 2022 09:13:38 GMT]
10:13:39.382 [reactor-http-nio-2] DEBUG reactor.netty.http.client.HttpClientOperations - [id: 0xcfabeeff, L:/127.0.0.1:50667 - R:localhost/127.0.0.1:8083] Received response (auto-read:false) : [Content-Type=application/json, Transfer-Encoding=chunked, Date=Tue, 07 Jun 2022 09:13:38 GMT]
10:13:39.382 [reactor-http-nio-2] DEBUG reactor.netty.resources.PooledConnectionProvider - [id: 0xcfabeeff, L:/127.0.0.1:50667 - R:localhost/127.0.0.1:8083] onStateChange(GET{uri=/userLocation?userId=7f6ce6e3-9067-4592-8a32-bd86c99bc90b, connection=PooledConnection{channel=[id: 0xcfabeeff, L:/127.0.0.1:50667 - R:localhost/127.0.0.1:8083]}}, [response_received])
10:13:39.382 [reactor-http-nio-1] DEBUG reactor.netty.resources.PooledConnectionProvider - [id: 0xec1f4ce8, L:/127.0.0.1:50641 - R:localhost/127.0.0.1:8083] onStateChange(GET{uri=/userLocation?userId=077a2d9a-3cd9-4e9e-bb9d-0e2531bfdfb1, connection=PooledConnection{channel=[id: 0xec1f4ce8, L:/127.0.0.1:50641 - R:localhost/127.0.0.1:8083]}}, [response_received])
10:13:39.383 [reactor-http-nio-1] DEBUG org.springframework.web.reactive.function.client.ExchangeFunctions - [27095626] Response 200 OK
10:13:39.383 [reactor-http-nio-2] DEBUG org.springframework.web.reactive.function.client.ExchangeFunctions - [4aee78bc] Response 200 OK
10:13:39.383 [reactor-http-nio-1] DEBUG reactor.netty.channel.FluxReceive - [id: 0xec1f4ce8, L:/127.0.0.1:50641 - R:localhost/127.0.0.1:8083] Subscribing inbound receiver [pending: 0, cancelled:false, inboundDone: false]
10:13:39.383 [reactor-http-nio-2] DEBUG reactor.netty.channel.FluxReceive - [id: 0xcfabeeff, L:/127.0.0.1:50667 - R:localhost/127.0.0.1:8083] Subscribing inbound receiver [pending: 0, cancelled:false, inboundDone: false]
10:13:39.384 [reactor-http-nio-1] DEBUG reactor.netty.http.client.HttpClientOperations - [id: 0xec1f4ce8, L:/127.0.0.1:50641 - R:localhost/127.0.0.1:8083] Received last HTTP packet
10:13:39.384 [reactor-http-nio-1] DEBUG org.springframework.core.codec.StringDecoder - [27095626] Decoded "{"userId":"077a2d9a-3cd9-4e9e-bb9d-0e2531bfdfb1","location":{"longitude":102.526788,"latitude":-43. (truncated)...
10:13:39.384 [reactor-http-nio-1] DEBUG reactor.netty.resources.PooledConnectionProvider - [id: 0xec1f4ce8, L:/127.0.0.1:50641 - R:localhost/127.0.0.1:8083] onStateChange(GET{uri=/userLocation?userId=077a2d9a-3cd9-4e9e-bb9d-0e2531bfdfb1, connection=PooledConnection{channel=[id: 0xec1f4ce8, L:/127.0.0.1:50641 - R:localhost/127.0.0.1:8083]}}, [disconnecting])
10:13:39.384 [reactor-http-nio-1] DEBUG reactor.netty.resources.PooledConnectionProvider - [id: 0xec1f4ce8, L:/127.0.0.1:50641 - R:localhost/127.0.0.1:8083] Releasing channel
10:13:39.384 [reactor-http-nio-1] DEBUG reactor.netty.resources.PooledConnectionProvider - [id: 0xec1f4ce8, L:/127.0.0.1:50641 - R:localhost/127.0.0.1:8083] Channel cleaned, now 79 active connections and 13 inactive connections
10:13:39.385 [reactor-http-nio-2] DEBUG reactor.netty.http.client.HttpClientOperations - [id: 0xcfabeeff, L:/127.0.0.1:50667 - R:localhost/127.0.0.1:8083] Received last HTTP packet
10:13:39.385 [reactor-http-nio-2] DEBUG org.springframework.core.codec.StringDecoder - [4aee78bc] Decoded "{"userId":"7f6ce6e3-9067-4592-8a32-bd86c99bc90b","location":{"longitude":14.28838,"latitude":-34.17 (truncated)...
10:13:39.385 [reactor-http-nio-2] DEBUG reactor.netty.resources.PooledConnectionProvider - [id: 0xcfabeeff, L:/127.0.0.1:50667 - R:localhost/127.0.0.1:8083] onStateChange(GET{uri=/userLocation?userId=7f6ce6e3-9067-4592-8a32-bd86c99bc90b, connection=PooledConnection{channel=[id: 0xcfabeeff, L:/127.0.0.1:50667 - R:localhost/127.0.0.1:8083]}}, [disconnecting])
10:13:39.385 [reactor-http-nio-2] DEBUG reactor.netty.resources.PooledConnectionProvider - [id: 0xcfabeeff, L:/127.0.0.1:50667 - R:localhost/127.0.0.1:8083] Releasing channel
10:13:39.385 [reactor-http-nio-2] DEBUG reactor.netty.resources.PooledConnectionProvider - [id: 0xcfabeeff, L:/127.0.0.1:50667 - R:localhost/127.0.0.1:8083] Channel cleaned, now 78 active connections and 14 inactive connections
10:13:39.386 [reactor-http-nio-1] DEBUG reactor.netty.http.client.HttpClientOperations - [id: 0xde36731e, L:/127.0.0.1:50647 - R:localhost/127.0.0.1:8083] Received response (auto-read:false) : [Content-Type=application/json, Transfer-Encoding=chunked, Date=Tue, 07 Jun 2022 09:13:38 GMT]
10:13:39.386 [reactor-http-nio-1] DEBUG reactor.netty.resources.PooledConnectionProvider - [id: 0xde36731e, L:/127.0.0.1:50647 - R:localhost/127.0.0.1:8083] onStateChange(GET{uri=/userLocation?userId=d1d8f505-5ba2-4242-8651-e368b7021794, connection=PooledConnection{channel=[id: 0xde36731e, L:/127.0.0.1:50647 - R:localhost/127.0.0.1:8083]}}, [response_received])
10:13:39.386 [reactor-http-nio-1] DEBUG org.springframework.web.reactive.function.client.ExchangeFunctions - [5613a15f] Response 200 OK
10:13:39.387 [reactor-http-nio-1] DEBUG reactor.netty.channel.FluxReceive - [id: 0xde36731e, L:/127.0.0.1:50647 - R:localhost/127.0.0.1:8083] Subscribing inbound receiver [pending: 0, cancelled:false, inboundDone: false]
10:13:39.388 [reactor-http-nio-1] DEBUG reactor.netty.http.client.HttpClientOperations - [id: 0xb12e3ff3, L:/127.0.0.1:50644 - R:localhost/127.0.0.1:8083] Received response (auto-read:false) : [Content-Type=application/json, Transfer-Encoding=chunked, Date=Tue, 07 Jun 2022 09:13:38 GMT]
10:13:39.388 [reactor-http-nio-3] DEBUG reactor.netty.http.client.HttpClientOperations - [id: 0x90a5bcc2, L:/127.0.0.1:50685 - R:localhost/127.0.0.1:8083] Received response (auto-read:false) : [Content-Type=application/json, Transfer-Encoding=chunked, Date=Tue, 07 Jun 2022 09:13:38 GMT]
10:13:39.388 [reactor-http-nio-3] DEBUG reactor.netty.resources.PooledConnectionProvider - [id: 0x90a5bcc2, L:/127.0.0.1:50685 - R:localhost/127.0.0.1:8083] onStateChange(GET{uri=/attractions, connection=PooledConnection{channel=[id: 0x90a5bcc2, L:/127.0.0.1:50685 - R:localhost/127.0.0.1:8083]}}, [response_received])
10:13:39.388 [reactor-http-nio-1] DEBUG reactor.netty.resources.PooledConnectionProvider - [id: 0xb12e3ff3, L:/127.0.0.1:50644 - R:localhost/127.0.0.1:8083] onStateChange(GET{uri=/userLocation?userId=0032fa06-9bfa-4b8a-ba9c-06d0b19a644e, connection=PooledConnection{channel=[id: 0xb12e3ff3, L:/127.0.0.1:50644 - R:localhost/127.0.0.1:8083]}}, [response_received])
10:13:39.388 [reactor-http-nio-3] DEBUG org.springframework.web.reactive.function.client.ExchangeFunctions - [17eb7653] Response 200 OK
10:13:39.388 [reactor-http-nio-1] DEBUG org.springframework.web.reactive.function.client.ExchangeFunctions - [393ced30] Response 200 OK
10:13:39.388 [reactor-http-nio-3] DEBUG reactor.netty.channel.FluxReceive - [id: 0x90a5bcc2, L:/127.0.0.1:50685 - R:localhost/127.0.0.1:8083] Subscribing inbound receiver [pending: 0, cancelled:false, inboundDone: false]
10:13:39.388 [reactor-http-nio-1] DEBUG reactor.netty.channel.FluxReceive - [id: 0xb12e3ff3, L:/127.0.0.1:50644 - R:localhost/127.0.0.1:8083] Subscribing inbound receiver [pending: 0, cancelled:false, inboundDone: false]
10:13:39.389 [reactor-http-nio-3] DEBUG reactor.netty.http.client.HttpClientOperations - [id: 0x90a5bcc2, L:/127.0.0.1:50685 - R:localhost/127.0.0.1:8083] Received last HTTP packet
10:13:39.389 [reactor-http-nio-3] DEBUG org.springframework.core.codec.StringDecoder - [17eb7653] Decoded "[{"longitude":-117.922008,"latitude":33.817595,"attractionName":"Disneyland","city":"Anaheim","stat (truncated)...
10:13:39.389 [reactor-http-nio-1] DEBUG reactor.netty.http.client.HttpClientOperations - [id: 0xde36731e, L:/127.0.0.1:50647 - R:localhost/127.0.0.1:8083] Received last HTTP packet
10:13:39.389 [reactor-http-nio-3] DEBUG reactor.netty.resources.PooledConnectionProvider - [id: 0x90a5bcc2, L:/127.0.0.1:50685 - R:localhost/127.0.0.1:8083] onStateChange(GET{uri=/attractions, connection=PooledConnection{channel=[id: 0x90a5bcc2, L:/127.0.0.1:50685 - R:localhost/127.0.0.1:8083]}}, [disconnecting])
10:13:39.389 [reactor-http-nio-3] DEBUG reactor.netty.resources.PooledConnectionProvider - [id: 0x90a5bcc2, L:/127.0.0.1:50685 - R:localhost/127.0.0.1:8083] Releasing channel
10:13:39.389 [reactor-http-nio-3] DEBUG reactor.netty.resources.PooledConnectionProvider - [id: 0x90a5bcc2, L:/127.0.0.1:50685 - R:localhost/127.0.0.1:8083] Channel cleaned, now 77 active connections and 15 inactive connections
10:13:39.389 [reactor-http-nio-1] DEBUG org.springframework.core.codec.StringDecoder - [5613a15f] Decoded "{"userId":"d1d8f505-5ba2-4242-8651-e368b7021794","location":{"longitude":-149.27872,"latitude":-68. (truncated)...
10:13:39.389 [reactor-http-nio-1] DEBUG reactor.netty.resources.PooledConnectionProvider - [id: 0xde36731e, L:/127.0.0.1:50647 - R:localhost/127.0.0.1:8083] onStateChange(GET{uri=/userLocation?userId=d1d8f505-5ba2-4242-8651-e368b7021794, connection=PooledConnection{channel=[id: 0xde36731e, L:/127.0.0.1:50647 - R:localhost/127.0.0.1:8083]}}, [disconnecting])
10:13:39.389 [reactor-http-nio-1] DEBUG reactor.netty.resources.PooledConnectionProvider - [id: 0xde36731e, L:/127.0.0.1:50647 - R:localhost/127.0.0.1:8083] Releasing channel
10:13:39.389 [reactor-http-nio-1] DEBUG reactor.netty.resources.PooledConnectionProvider - [id: 0xde36731e, L:/127.0.0.1:50647 - R:localhost/127.0.0.1:8083] Channel cleaned, now 76 active connections and 16 inactive connections
10:13:39.390 [reactor-http-nio-1] DEBUG reactor.netty.http.client.HttpClientOperations - [id: 0xb12e3ff3, L:/127.0.0.1:50644 - R:localhost/127.0.0.1:8083] Received last HTTP packet
10:13:39.390 [reactor-http-nio-1] DEBUG org.springframework.core.codec.StringDecoder - [393ced30] Decoded "{"userId":"0032fa06-9bfa-4b8a-ba9c-06d0b19a644e","location":{"longitude":114.07117,"latitude":48.46 (truncated)...
10:13:39.390 [reactor-http-nio-1] DEBUG reactor.netty.resources.PooledConnectionProvider - [id: 0xb12e3ff3, L:/127.0.0.1:50644 - R:localhost/127.0.0.1:8083] onStateChange(GET{uri=/userLocation?userId=0032fa06-9bfa-4b8a-ba9c-06d0b19a644e, connection=PooledConnection{channel=[id: 0xb12e3ff3, L:/127.0.0.1:50644 - R:localhost/127.0.0.1:8083]}}, [disconnecting])
10:13:39.390 [reactor-http-nio-1] DEBUG reactor.netty.resources.PooledConnectionProvider - [id: 0xb12e3ff3, L:/127.0.0.1:50644 - R:localhost/127.0.0.1:8083] Releasing channel
10:13:39.390 [reactor-http-nio-1] DEBUG reactor.netty.resources.PooledConnectionProvider - [id: 0xb12e3ff3, L:/127.0.0.1:50644 - R:localhost/127.0.0.1:8083] Channel cleaned, now 75 active connections and 17 inactive connections
10:13:39.391 [reactor-http-nio-3] DEBUG reactor.netty.http.client.HttpClientOperations - [id: 0x8480b771, L:/127.0.0.1:50651 - R:localhost/127.0.0.1:8083] Received response (auto-read:false) : [Content-Type=application/json, Transfer-Encoding=chunked, Date=Tue, 07 Jun 2022 09:13:38 GMT]
10:13:39.391 [reactor-http-nio-3] DEBUG reactor.netty.resources.PooledConnectionProvider - [id: 0x8480b771, L:/127.0.0.1:50651 - R:localhost/127.0.0.1:8083] onStateChange(GET{uri=/userLocation?userId=bfc8a13d-653a-4987-9d36-1a3644ceb2a7, connection=PooledConnection{channel=[id: 0x8480b771, L:/127.0.0.1:50651 - R:localhost/127.0.0.1:8083]}}, [response_received])
10:13:39.392 [reactor-http-nio-3] DEBUG org.springframework.web.reactive.function.client.ExchangeFunctions - [40b59304] Response 200 OK
10:13:39.392 [reactor-http-nio-3] DEBUG reactor.netty.channel.FluxReceive - [id: 0x8480b771, L:/127.0.0.1:50651 - R:localhost/127.0.0.1:8083] Subscribing inbound receiver [pending: 0, cancelled:false, inboundDone: false]
10:13:39.393 [reactor-http-nio-3] DEBUG reactor.netty.http.client.HttpClientOperations - [id: 0x8480b771, L:/127.0.0.1:50651 - R:localhost/127.0.0.1:8083] Received last HTTP packet
10:13:39.393 [reactor-http-nio-1] DEBUG reactor.netty.http.client.HttpClientOperations - [id: 0x91102b11, L:/127.0.0.1:50646 - R:localhost/127.0.0.1:8083] Received response (auto-read:false) : [Content-Type=application/json, Transfer-Encoding=chunked, Date=Tue, 07 Jun 2022 09:13:38 GMT]
10:13:39.393 [reactor-http-nio-1] DEBUG reactor.netty.resources.PooledConnectionProvider - [id: 0x91102b11, L:/127.0.0.1:50646 - R:localhost/127.0.0.1:8083] onStateChange(GET{uri=/userLocation?userId=d0c40cb2-9271-4410-99f1-5ba3bd4e3461, connection=PooledConnection{channel=[id: 0x91102b11, L:/127.0.0.1:50646 - R:localhost/127.0.0.1:8083]}}, [response_received])
10:13:39.393 [reactor-http-nio-1] DEBUG org.springframework.web.reactive.function.client.ExchangeFunctions - [150bdf31] Response 200 OK
10:13:39.393 [reactor-http-nio-3] DEBUG org.springframework.core.codec.StringDecoder - [40b59304] Decoded "{"userId":"bfc8a13d-653a-4987-9d36-1a3644ceb2a7","location":{"longitude":64.468579,"latitude":-44.9 (truncated)...
10:13:39.393 [reactor-http-nio-3] DEBUG reactor.netty.resources.PooledConnectionProvider - [id: 0x8480b771, L:/127.0.0.1:50651 - R:localhost/127.0.0.1:8083] onStateChange(GET{uri=/userLocation?userId=bfc8a13d-653a-4987-9d36-1a3644ceb2a7, connection=PooledConnection{channel=[id: 0x8480b771, L:/127.0.0.1:50651 - R:localhost/127.0.0.1:8083]}}, [disconnecting])
10:13:39.393 [reactor-http-nio-3] DEBUG reactor.netty.resources.PooledConnectionProvider - [id: 0x8480b771, L:/127.0.0.1:50651 - R:localhost/127.0.0.1:8083] Releasing channel
10:13:39.393 [reactor-http-nio-3] DEBUG reactor.netty.resources.PooledConnectionProvider - [id: 0x8480b771, L:/127.0.0.1:50651 - R:localhost/127.0.0.1:8083] Channel cleaned, now 74 active connections and 18 inactive connections
10:13:39.394 [reactor-http-nio-1] DEBUG reactor.netty.channel.FluxReceive - [id: 0x91102b11, L:/127.0.0.1:50646 - R:localhost/127.0.0.1:8083] Subscribing inbound receiver [pending: 0, cancelled:false, inboundDone: false]
10:13:39.394 [reactor-http-nio-1] DEBUG reactor.netty.http.client.HttpClientOperations - [id: 0x91102b11, L:/127.0.0.1:50646 - R:localhost/127.0.0.1:8083] Received last HTTP packet
10:13:39.394 [reactor-http-nio-1] DEBUG org.springframework.core.codec.StringDecoder - [150bdf31] Decoded "{"userId":"d0c40cb2-9271-4410-99f1-5ba3bd4e3461","location":{"longitude":-80.743617,"latitude":33.5 (truncated)...
10:13:39.394 [reactor-http-nio-1] DEBUG reactor.netty.resources.PooledConnectionProvider - [id: 0x91102b11, L:/127.0.0.1:50646 - R:localhost/127.0.0.1:8083] onStateChange(GET{uri=/userLocation?userId=d0c40cb2-9271-4410-99f1-5ba3bd4e3461, connection=PooledConnection{channel=[id: 0x91102b11, L:/127.0.0.1:50646 - R:localhost/127.0.0.1:8083]}}, [disconnecting])
10:13:39.395 [reactor-http-nio-1] DEBUG reactor.netty.resources.PooledConnectionProvider - [id: 0x91102b11, L:/127.0.0.1:50646 - R:localhost/127.0.0.1:8083] Releasing channel
10:13:39.395 [reactor-http-nio-1] DEBUG reactor.netty.resources.PooledConnectionProvider - [id: 0x91102b11, L:/127.0.0.1:50646 - R:localhost/127.0.0.1:8083] Channel cleaned, now 73 active connections and 19 inactive connections
10:13:39.396 [reactor-http-nio-3] DEBUG reactor.netty.http.client.HttpClientOperations - [id: 0x3304da66, L:/127.0.0.1:50653 - R:localhost/127.0.0.1:8083] Received response (auto-read:false) : [Content-Type=application/json, Transfer-Encoding=chunked, Date=Tue, 07 Jun 2022 09:13:38 GMT]
10:13:39.396 [reactor-http-nio-3] DEBUG reactor.netty.resources.PooledConnectionProvider - [id: 0x3304da66, L:/127.0.0.1:50653 - R:localhost/127.0.0.1:8083] onStateChange(GET{uri=/userLocation?userId=91533ac2-6de4-4af1-88ec-062e8d2e8874, connection=PooledConnection{channel=[id: 0x3304da66, L:/127.0.0.1:50653 - R:localhost/127.0.0.1:8083]}}, [response_received])
10:13:39.396 [reactor-http-nio-3] DEBUG org.springframework.web.reactive.function.client.ExchangeFunctions - [cd0c7b] Response 200 OK
10:13:39.397 [reactor-http-nio-3] DEBUG reactor.netty.channel.FluxReceive - [id: 0x3304da66, L:/127.0.0.1:50653 - R:localhost/127.0.0.1:8083] Subscribing inbound receiver [pending: 0, cancelled:false, inboundDone: false]
10:13:39.397 [reactor-http-nio-3] DEBUG reactor.netty.http.client.HttpClientOperations - [id: 0x3304da66, L:/127.0.0.1:50653 - R:localhost/127.0.0.1:8083] Received last HTTP packet
10:13:39.398 [reactor-http-nio-3] DEBUG org.springframework.core.codec.StringDecoder - [cd0c7b] Decoded "{"userId":"91533ac2-6de4-4af1-88ec-062e8d2e8874","location":{"longitude":163.347046,"latitude":-19. (truncated)...
10:13:39.398 [reactor-http-nio-3] DEBUG reactor.netty.resources.PooledConnectionProvider - [id: 0x3304da66, L:/127.0.0.1:50653 - R:localhost/127.0.0.1:8083] onStateChange(GET{uri=/userLocation?userId=91533ac2-6de4-4af1-88ec-062e8d2e8874, connection=PooledConnection{channel=[id: 0x3304da66, L:/127.0.0.1:50653 - R:localhost/127.0.0.1:8083]}}, [disconnecting])
10:13:39.398 [reactor-http-nio-3] DEBUG reactor.netty.resources.PooledConnectionProvider - [id: 0x3304da66, L:/127.0.0.1:50653 - R:localhost/127.0.0.1:8083] Releasing channel
10:13:39.398 [reactor-http-nio-3] DEBUG reactor.netty.resources.PooledConnectionProvider - [id: 0x3304da66, L:/127.0.0.1:50653 - R:localhost/127.0.0.1:8083] Channel cleaned, now 72 active connections and 20 inactive connections
10:13:39.400 [pool-4-thread-88] DEBUG org.springframework.web.reactive.function.client.ExchangeFunctions - [6bea05f9] HTTP GET http://localhost:8083/attractions
10:13:39.402 [pool-4-thread-92] DEBUG org.springframework.web.reactive.function.client.ExchangeFunctions - [6fb15ace] HTTP GET http://localhost:8083/attractions
10:13:39.402 [pool-4-thread-84] DEBUG org.springframework.web.reactive.function.client.ExchangeFunctions - [3b1daf56] HTTP GET http://localhost:8083/attractions
10:13:39.404 [pool-4-thread-71] DEBUG org.springframework.web.reactive.function.client.ExchangeFunctions - [63ada1a2] HTTP GET http://localhost:8083/attractions
10:13:39.404 [reactor-http-nio-2] DEBUG reactor.netty.resources.PooledConnectionProvider - [id: 0x7da5620d, L:/127.0.0.1:50618 - R:localhost/127.0.0.1:8083] Channel acquired, now 73 active connections and 19 inactive connections
10:13:39.404 [reactor-http-nio-2] DEBUG reactor.netty.http.client.HttpClientConnect - [id: 0x7da5620d, L:/127.0.0.1:50618 - R:localhost/127.0.0.1:8083] Handler is being applied: {uri=http://localhost:8083/attractions, method=GET}
10:13:39.405 [reactor-http-nio-2] DEBUG reactor.netty.resources.PooledConnectionProvider - [id: 0x7da5620d, L:/127.0.0.1:50618 - R:localhost/127.0.0.1:8083] onStateChange(GET{uri=/attractions, connection=PooledConnection{channel=[id: 0x7da5620d, L:/127.0.0.1:50618 - R:localhost/127.0.0.1:8083]}}, [request_sent])
10:13:39.406 [pool-4-thread-69] DEBUG org.springframework.web.reactive.function.client.ExchangeFunctions - [61e76d4] HTTP GET http://localhost:8083/attractions
10:13:39.406 [reactor-http-nio-3] DEBUG reactor.netty.resources.PooledConnectionProvider - [id: 0xd9faa4fe, L:/127.0.0.1:50640 - R:localhost/127.0.0.1:8083] Channel acquired, now 74 active connections and 18 inactive connections
10:13:39.406 [reactor-http-nio-3] DEBUG reactor.netty.http.client.HttpClientConnect - [id: 0xd9faa4fe, L:/127.0.0.1:50640 - R:localhost/127.0.0.1:8083] Handler is being applied: {uri=http://localhost:8083/attractions, method=GET}
10:13:39.407 [reactor-http-nio-3] DEBUG reactor.netty.resources.PooledConnectionProvider - [id: 0xd9faa4fe, L:/127.0.0.1:50640 - R:localhost/127.0.0.1:8083] onStateChange(GET{uri=/attractions, connection=PooledConnection{channel=[id: 0xd9faa4fe, L:/127.0.0.1:50640 - R:localhost/127.0.0.1:8083]}}, [request_sent])
10:13:39.408 [pool-4-thread-97] DEBUG org.springframework.web.reactive.function.client.ExchangeFunctions - [44299f91] HTTP GET http://localhost:8083/attractions
10:13:39.408 [pool-4-thread-39] DEBUG org.springframework.web.reactive.function.client.ExchangeFunctions - [29cebcb7] HTTP GET http://localhost:8083/attractions
10:13:39.409 [reactor-http-nio-2] DEBUG reactor.netty.resources.PooledConnectionProvider - [id: 0xa634fb68, L:/127.0.0.1:50662 - R:localhost/127.0.0.1:8083] Channel acquired, now 75 active connections and 17 inactive connections
10:13:39.409 [reactor-http-nio-2] DEBUG reactor.netty.http.client.HttpClientConnect - [id: 0xa634fb68, L:/127.0.0.1:50662 - R:localhost/127.0.0.1:8083] Handler is being applied: {uri=http://localhost:8083/attractions, method=GET}
10:13:39.410 [pool-4-thread-87] DEBUG org.springframework.web.reactive.function.client.ExchangeFunctions - [58d445ed] HTTP GET http://localhost:8083/attractions
10:13:39.410 [reactor-http-nio-2] DEBUG reactor.netty.resources.PooledConnectionProvider - [id: 0xa634fb68, L:/127.0.0.1:50662 - R:localhost/127.0.0.1:8083] onStateChange(GET{uri=/attractions, connection=PooledConnection{channel=[id: 0xa634fb68, L:/127.0.0.1:50662 - R:localhost/127.0.0.1:8083]}}, [request_sent])
10:13:39.411 [reactor-http-nio-2] DEBUG reactor.netty.resources.PooledConnectionProvider - [id: 0x0da0a9f9, L:/127.0.0.1:50665 - R:localhost/127.0.0.1:8083] Channel acquired, now 76 active connections and 16 inactive connections
10:13:39.411 [reactor-http-nio-2] DEBUG reactor.netty.http.client.HttpClientConnect - [id: 0x0da0a9f9, L:/127.0.0.1:50665 - R:localhost/127.0.0.1:8083] Handler is being applied: {uri=http://localhost:8083/attractions, method=GET}
10:13:39.412 [reactor-http-nio-2] DEBUG reactor.netty.resources.PooledConnectionProvider - [id: 0x0da0a9f9, L:/127.0.0.1:50665 - R:localhost/127.0.0.1:8083] onStateChange(GET{uri=/attractions, connection=PooledConnection{channel=[id: 0x0da0a9f9, L:/127.0.0.1:50665 - R:localhost/127.0.0.1:8083]}}, [request_sent])
10:13:39.413 [pool-4-thread-55] DEBUG org.springframework.web.reactive.function.client.ExchangeFunctions - [37fb0467] HTTP GET http://localhost:8083/attractions
10:13:39.414 [reactor-http-nio-2] DEBUG reactor.netty.resources.PooledConnectionProvider - [id: 0xc558618d, L:/127.0.0.1:50669 - R:localhost/127.0.0.1:8083] Channel acquired, now 77 active connections and 15 inactive connections
10:13:39.415 [reactor-http-nio-2] DEBUG reactor.netty.http.client.HttpClientConnect - [id: 0xc558618d, L:/127.0.0.1:50669 - R:localhost/127.0.0.1:8083] Handler is being applied: {uri=http://localhost:8083/attractions, method=GET}
10:13:39.416 [reactor-http-nio-2] DEBUG reactor.netty.resources.PooledConnectionProvider - [id: 0xc558618d, L:/127.0.0.1:50669 - R:localhost/127.0.0.1:8083] onStateChange(GET{uri=/attractions, connection=PooledConnection{channel=[id: 0xc558618d, L:/127.0.0.1:50669 - R:localhost/127.0.0.1:8083]}}, [request_sent])
10:13:39.416 [pool-4-thread-85] DEBUG org.springframework.web.reactive.function.client.ExchangeFunctions - [1bcc23e0] HTTP GET http://localhost:8083/attractions
10:13:39.416 [pool-4-thread-36] DEBUG org.springframework.web.reactive.function.client.ExchangeFunctions - [896a5c8] HTTP GET http://localhost:8083/attractions
10:13:39.400 [pool-4-thread-37] DEBUG org.springframework.web.reactive.function.client.ExchangeFunctions - [22ccdb81] HTTP GET http://localhost:8083/attractions
10:13:39.417 [reactor-http-nio-2] DEBUG reactor.netty.resources.PooledConnectionProvider - [id: 0x10c31243, L:/127.0.0.1:50629 - R:localhost/127.0.0.1:8083] Channel acquired, now 79 active connections and 13 inactive connections
10:13:39.434 [reactor-http-nio-2] DEBUG reactor.netty.http.client.HttpClientConnect - [id: 0x10c31243, L:/127.0.0.1:50629 - R:localhost/127.0.0.1:8083] Handler is being applied: {uri=http://localhost:8083/attractions, method=GET}
10:13:39.441 [reactor-http-nio-1] DEBUG reactor.netty.http.client.HttpClientOperations - [id: 0x21feabf2, L:/127.0.0.1:50697 - R:localhost/127.0.0.1:8083] Received response (auto-read:false) : [Content-Type=application/json, Transfer-Encoding=chunked, Date=Tue, 07 Jun 2022 09:13:38 GMT]
10:13:39.441 [reactor-http-nio-1] DEBUG reactor.netty.resources.PooledConnectionProvider - [id: 0x21feabf2, L:/127.0.0.1:50697 - R:localhost/127.0.0.1:8083] onStateChange(GET{uri=/attractions, connection=PooledConnection{channel=[id: 0x21feabf2, L:/127.0.0.1:50697 - R:localhost/127.0.0.1:8083]}}, [response_received])
10:13:39.441 [reactor-http-nio-1] DEBUG org.springframework.web.reactive.function.client.ExchangeFunctions - [2499bafe] Response 200 OK
10:13:39.441 [reactor-http-nio-1] DEBUG reactor.netty.channel.FluxReceive - [id: 0x21feabf2, L:/127.0.0.1:50697 - R:localhost/127.0.0.1:8083] Subscribing inbound receiver [pending: 0, cancelled:false, inboundDone: false]
10:13:39.442 [reactor-http-nio-1] DEBUG reactor.netty.http.client.HttpClientOperations - [id: 0x21feabf2, L:/127.0.0.1:50697 - R:localhost/127.0.0.1:8083] Received last HTTP packet
10:13:39.443 [reactor-http-nio-1] DEBUG org.springframework.core.codec.StringDecoder - [2499bafe] Decoded "[{"longitude":-117.922008,"latitude":33.817595,"attractionName":"Disneyland","city":"Anaheim","stat (truncated)...
10:13:39.443 [reactor-http-nio-1] DEBUG reactor.netty.resources.PooledConnectionProvider - [id: 0x21feabf2, L:/127.0.0.1:50697 - R:localhost/127.0.0.1:8083] onStateChange(GET{uri=/attractions, connection=PooledConnection{channel=[id: 0x21feabf2, L:/127.0.0.1:50697 - R:localhost/127.0.0.1:8083]}}, [disconnecting])
10:13:39.443 [reactor-http-nio-1] DEBUG reactor.netty.resources.PooledConnectionProvider - [id: 0x21feabf2, L:/127.0.0.1:50697 - R:localhost/127.0.0.1:8083] Releasing channel
10:13:39.443 [reactor-http-nio-1] DEBUG reactor.netty.resources.PooledConnectionProvider - [id: 0x21feabf2, L:/127.0.0.1:50697 - R:localhost/127.0.0.1:8083] Channel cleaned, now 78 active connections and 14 inactive connections
10:13:39.445 [reactor-http-nio-1] DEBUG reactor.netty.http.client.HttpClientOperations - [id: 0xb5706181, L:/127.0.0.1:50648 - R:localhost/127.0.0.1:8083] Received response (auto-read:false) : [Content-Type=application/json, Transfer-Encoding=chunked, Date=Tue, 07 Jun 2022 09:13:38 GMT]
10:13:39.445 [reactor-http-nio-1] DEBUG reactor.netty.resources.PooledConnectionProvider - [id: 0xb5706181, L:/127.0.0.1:50648 - R:localhost/127.0.0.1:8083] onStateChange(GET{uri=/userLocation?userId=93e39cc7-f900-4d03-ac94-752d8561f5aa, connection=PooledConnection{channel=[id: 0xb5706181, L:/127.0.0.1:50648 - R:localhost/127.0.0.1:8083]}}, [response_received])
10:13:39.445 [reactor-http-nio-1] DEBUG org.springframework.web.reactive.function.client.ExchangeFunctions - [a3d6c4d] Response 200 OK
10:13:39.445 [reactor-http-nio-1] DEBUG reactor.netty.channel.FluxReceive - [id: 0xb5706181, L:/127.0.0.1:50648 - R:localhost/127.0.0.1:8083] Subscribing inbound receiver [pending: 0, cancelled:false, inboundDone: false]
10:13:39.446 [reactor-http-nio-1] DEBUG reactor.netty.http.client.HttpClientOperations - [id: 0xb5706181, L:/127.0.0.1:50648 - R:localhost/127.0.0.1:8083] Received last HTTP packet
10:13:39.446 [reactor-http-nio-1] DEBUG org.springframework.core.codec.StringDecoder - [a3d6c4d] Decoded "{"userId":"93e39cc7-f900-4d03-ac94-752d8561f5aa","location":{"longitude":2.58798,"latitude":52.6615 (truncated)...
10:13:39.446 [reactor-http-nio-1] DEBUG reactor.netty.resources.PooledConnectionProvider - [id: 0xb5706181, L:/127.0.0.1:50648 - R:localhost/127.0.0.1:8083] onStateChange(GET{uri=/userLocation?userId=93e39cc7-f900-4d03-ac94-752d8561f5aa, connection=PooledConnection{channel=[id: 0xb5706181, L:/127.0.0.1:50648 - R:localhost/127.0.0.1:8083]}}, [disconnecting])
10:13:39.446 [reactor-http-nio-1] DEBUG reactor.netty.resources.PooledConnectionProvider - [id: 0xb5706181, L:/127.0.0.1:50648 - R:localhost/127.0.0.1:8083] Releasing channel
10:13:39.446 [reactor-http-nio-1] DEBUG reactor.netty.resources.PooledConnectionProvider - [id: 0xb5706181, L:/127.0.0.1:50648 - R:localhost/127.0.0.1:8083] Channel cleaned, now 77 active connections and 15 inactive connections
10:13:39.450 [reactor-http-nio-1] DEBUG reactor.netty.http.client.HttpClientOperations - [id: 0x895d9623, L:/127.0.0.1:50643 - R:localhost/127.0.0.1:8083] Received response (auto-read:false) : [Content-Type=application/json, Transfer-Encoding=chunked, Date=Tue, 07 Jun 2022 09:13:38 GMT]
10:13:39.450 [reactor-http-nio-1] DEBUG reactor.netty.resources.PooledConnectionProvider - [id: 0x895d9623, L:/127.0.0.1:50643 - R:localhost/127.0.0.1:8083] onStateChange(GET{uri=/userLocation?userId=3630ace2-8af0-45e6-93d3-7f4f8966549a, connection=PooledConnection{channel=[id: 0x895d9623, L:/127.0.0.1:50643 - R:localhost/127.0.0.1:8083]}}, [response_received])
10:13:39.450 [reactor-http-nio-1] DEBUG org.springframework.web.reactive.function.client.ExchangeFunctions - [61cead0e] Response 200 OK
10:13:39.451 [reactor-http-nio-1] DEBUG reactor.netty.channel.FluxReceive - [id: 0x895d9623, L:/127.0.0.1:50643 - R:localhost/127.0.0.1:8083] Subscribing inbound receiver [pending: 0, cancelled:false, inboundDone: false]
10:13:39.451 [reactor-http-nio-1] DEBUG reactor.netty.http.client.HttpClientOperations - [id: 0x895d9623, L:/127.0.0.1:50643 - R:localhost/127.0.0.1:8083] Received last HTTP packet
10:13:39.452 [reactor-http-nio-1] DEBUG org.springframework.core.codec.StringDecoder - [61cead0e] Decoded "{"userId":"3630ace2-8af0-45e6-93d3-7f4f8966549a","location":{"longitude":-33.588351,"latitude":-43. (truncated)...
10:13:39.452 [reactor-http-nio-1] DEBUG reactor.netty.resources.PooledConnectionProvider - [id: 0x895d9623, L:/127.0.0.1:50643 - R:localhost/127.0.0.1:8083] onStateChange(GET{uri=/userLocation?userId=3630ace2-8af0-45e6-93d3-7f4f8966549a, connection=PooledConnection{channel=[id: 0x895d9623, L:/127.0.0.1:50643 - R:localhost/127.0.0.1:8083]}}, [disconnecting])
10:13:39.452 [reactor-http-nio-1] DEBUG reactor.netty.resources.PooledConnectionProvider - [id: 0x895d9623, L:/127.0.0.1:50643 - R:localhost/127.0.0.1:8083] Releasing channel
10:13:39.452 [reactor-http-nio-1] DEBUG reactor.netty.resources.PooledConnectionProvider - [id: 0x895d9623, L:/127.0.0.1:50643 - R:localhost/127.0.0.1:8083] Channel cleaned, now 76 active connections and 16 inactive connections
10:13:39.456 [pool-4-thread-70] DEBUG org.springframework.web.reactive.function.client.ExchangeFunctions - [e0ae212] HTTP GET http://localhost:8083/attractions
10:13:39.404 [pool-4-thread-49] DEBUG org.springframework.web.reactive.function.client.ExchangeFunctions - [73607ecd] HTTP GET http://localhost:8083/attractions
10:13:39.458 [reactor-http-nio-4] DEBUG reactor.netty.resources.PooledConnectionProvider - [id: 0x5fcffdd2, L:/127.0.0.1:50637 - R:localhost/127.0.0.1:8083] Channel acquired, now 77 active connections and 15 inactive connections
10:13:39.458 [reactor-http-nio-4] DEBUG reactor.netty.http.client.HttpClientConnect - [id: 0x5fcffdd2, L:/127.0.0.1:50637 - R:localhost/127.0.0.1:8083] Handler is being applied: {uri=http://localhost:8083/attractions, method=GET}
10:13:39.459 [reactor-http-nio-4] DEBUG reactor.netty.resources.PooledConnectionProvider - [id: 0x5fcffdd2, L:/127.0.0.1:50637 - R:localhost/127.0.0.1:8083] onStateChange(GET{uri=/attractions, connection=PooledConnection{channel=[id: 0x5fcffdd2, L:/127.0.0.1:50637 - R:localhost/127.0.0.1:8083]}}, [request_sent])
10:13:39.459 [reactor-http-nio-4] DEBUG reactor.netty.resources.PooledConnectionProvider - [id: 0x676c50cf, L:/127.0.0.1:50639 - R:localhost/127.0.0.1:8083] Channel acquired, now 78 active connections and 14 inactive connections
10:13:39.460 [reactor-http-nio-4] DEBUG reactor.netty.http.client.HttpClientConnect - [id: 0x676c50cf, L:/127.0.0.1:50639 - R:localhost/127.0.0.1:8083] Handler is being applied: {uri=http://localhost:8083/attractions, method=GET}
10:13:39.460 [reactor-http-nio-2] DEBUG reactor.netty.resources.PooledConnectionProvider - [id: 0x10c31243, L:/127.0.0.1:50629 - R:localhost/127.0.0.1:8083] onStateChange(GET{uri=/attractions, connection=PooledConnection{channel=[id: 0x10c31243, L:/127.0.0.1:50629 - R:localhost/127.0.0.1:8083]}}, [request_sent])
10:13:39.460 [reactor-http-nio-2] DEBUG reactor.netty.resources.PooledConnectionProvider - [id: 0x8d657d6f, L:/127.0.0.1:50663 - R:localhost/127.0.0.1:8083] Channel acquired, now 79 active connections and 13 inactive connections
10:13:39.461 [reactor-http-nio-2] DEBUG reactor.netty.http.client.HttpClientConnect - [id: 0x8d657d6f, L:/127.0.0.1:50663 - R:localhost/127.0.0.1:8083] Handler is being applied: {uri=http://localhost:8083/attractions, method=GET}
10:13:39.461 [reactor-http-nio-4] DEBUG reactor.netty.resources.PooledConnectionProvider - [id: 0x676c50cf, L:/127.0.0.1:50639 - R:localhost/127.0.0.1:8083] onStateChange(GET{uri=/attractions, connection=PooledConnection{channel=[id: 0x676c50cf, L:/127.0.0.1:50639 - R:localhost/127.0.0.1:8083]}}, [request_sent])
10:13:39.461 [reactor-http-nio-2] DEBUG reactor.netty.resources.PooledConnectionProvider - [id: 0x8d657d6f, L:/127.0.0.1:50663 - R:localhost/127.0.0.1:8083] onStateChange(GET{uri=/attractions, connection=PooledConnection{channel=[id: 0x8d657d6f, L:/127.0.0.1:50663 - R:localhost/127.0.0.1:8083]}}, [request_sent])
10:13:39.461 [reactor-http-nio-2] DEBUG reactor.netty.resources.PooledConnectionProvider - [id: 0x49dcd8d7, L:/127.0.0.1:50622 - R:localhost/127.0.0.1:8083] Channel acquired, now 80 active connections and 12 inactive connections
10:13:39.461 [reactor-http-nio-4] DEBUG reactor.netty.http.client.HttpClientOperations - [id: 0xffcbc3fa, L:/127.0.0.1:50617 - R:localhost/127.0.0.1:8083] Received response (auto-read:false) : [Content-Type=application/json, Transfer-Encoding=chunked, Date=Tue, 07 Jun 2022 09:13:38 GMT]
10:13:39.462 [reactor-http-nio-4] DEBUG reactor.netty.resources.PooledConnectionProvider - [id: 0xffcbc3fa, L:/127.0.0.1:50617 - R:localhost/127.0.0.1:8083] onStateChange(GET{uri=/attractions, connection=PooledConnection{channel=[id: 0xffcbc3fa, L:/127.0.0.1:50617 - R:localhost/127.0.0.1:8083]}}, [response_received])
10:13:39.462 [reactor-http-nio-4] DEBUG org.springframework.web.reactive.function.client.ExchangeFunctions - [184556b5] Response 200 OK
10:13:39.462 [reactor-http-nio-4] DEBUG reactor.netty.channel.FluxReceive - [id: 0xffcbc3fa, L:/127.0.0.1:50617 - R:localhost/127.0.0.1:8083] Subscribing inbound receiver [pending: 0, cancelled:false, inboundDone: false]
10:13:39.463 [reactor-http-nio-4] DEBUG reactor.netty.http.client.HttpClientOperations - [id: 0xffcbc3fa, L:/127.0.0.1:50617 - R:localhost/127.0.0.1:8083] Received last HTTP packet
10:13:39.463 [reactor-http-nio-4] DEBUG org.springframework.core.codec.StringDecoder - [184556b5] Decoded "[{"longitude":-117.922008,"latitude":33.817595,"attractionName":"Disneyland","city":"Anaheim","stat (truncated)...
10:13:39.463 [reactor-http-nio-4] DEBUG reactor.netty.resources.PooledConnectionProvider - [id: 0xffcbc3fa, L:/127.0.0.1:50617 - R:localhost/127.0.0.1:8083] onStateChange(GET{uri=/attractions, connection=PooledConnection{channel=[id: 0xffcbc3fa, L:/127.0.0.1:50617 - R:localhost/127.0.0.1:8083]}}, [disconnecting])
10:13:39.463 [reactor-http-nio-4] DEBUG reactor.netty.resources.PooledConnectionProvider - [id: 0xffcbc3fa, L:/127.0.0.1:50617 - R:localhost/127.0.0.1:8083] Releasing channel
10:13:39.463 [reactor-http-nio-4] DEBUG reactor.netty.resources.PooledConnectionProvider - [id: 0xffcbc3fa, L:/127.0.0.1:50617 - R:localhost/127.0.0.1:8083] Channel cleaned, now 79 active connections and 13 inactive connections
10:13:39.464 [reactor-http-nio-4] DEBUG reactor.netty.http.client.HttpClientOperations - [id: 0x3846aaec, L:/127.0.0.1:50621 - R:localhost/127.0.0.1:8083] Received response (auto-read:false) : [Content-Type=application/json, Transfer-Encoding=chunked, Date=Tue, 07 Jun 2022 09:13:38 GMT]
10:13:39.464 [reactor-http-nio-4] DEBUG reactor.netty.resources.PooledConnectionProvider - [id: 0x3846aaec, L:/127.0.0.1:50621 - R:localhost/127.0.0.1:8083] onStateChange(GET{uri=/attractions, connection=PooledConnection{channel=[id: 0x3846aaec, L:/127.0.0.1:50621 - R:localhost/127.0.0.1:8083]}}, [response_received])
10:13:39.465 [reactor-http-nio-1] DEBUG reactor.netty.http.client.HttpClientOperations - [id: 0x5dcee25b, L:/127.0.0.1:50620 - R:localhost/127.0.0.1:8083] Received response (auto-read:false) : [Content-Type=application/json, Transfer-Encoding=chunked, Date=Tue, 07 Jun 2022 09:13:38 GMT]
10:13:39.465 [reactor-http-nio-1] DEBUG reactor.netty.resources.PooledConnectionProvider - [id: 0x5dcee25b, L:/127.0.0.1:50620 - R:localhost/127.0.0.1:8083] onStateChange(GET{uri=/attractions, connection=PooledConnection{channel=[id: 0x5dcee25b, L:/127.0.0.1:50620 - R:localhost/127.0.0.1:8083]}}, [response_received])
10:13:39.465 [reactor-http-nio-1] DEBUG org.springframework.web.reactive.function.client.ExchangeFunctions - [6fbfc95f] Response 200 OK
10:13:39.466 [reactor-http-nio-1] DEBUG reactor.netty.channel.FluxReceive - [id: 0x5dcee25b, L:/127.0.0.1:50620 - R:localhost/127.0.0.1:8083] Subscribing inbound receiver [pending: 0, cancelled:false, inboundDone: false]
10:13:39.467 [reactor-http-nio-1] DEBUG reactor.netty.http.client.HttpClientOperations - [id: 0x5dcee25b, L:/127.0.0.1:50620 - R:localhost/127.0.0.1:8083] Received last HTTP packet
10:13:39.469 [reactor-http-nio-1] DEBUG org.springframework.core.codec.StringDecoder - [6fbfc95f] Decoded "[{"longitude":-117.922008,"latitude":33.817595,"attractionName":"Disneyland","city":"Anaheim","stat (truncated)...
10:13:39.469 [reactor-http-nio-1] DEBUG reactor.netty.resources.PooledConnectionProvider - [id: 0x5dcee25b, L:/127.0.0.1:50620 - R:localhost/127.0.0.1:8083] onStateChange(GET{uri=/attractions, connection=PooledConnection{channel=[id: 0x5dcee25b, L:/127.0.0.1:50620 - R:localhost/127.0.0.1:8083]}}, [disconnecting])
10:13:39.469 [reactor-http-nio-1] DEBUG reactor.netty.resources.PooledConnectionProvider - [id: 0x5dcee25b, L:/127.0.0.1:50620 - R:localhost/127.0.0.1:8083] Releasing channel
10:13:39.469 [reactor-http-nio-1] DEBUG reactor.netty.resources.PooledConnectionProvider - [id: 0x5dcee25b, L:/127.0.0.1:50620 - R:localhost/127.0.0.1:8083] Channel cleaned, now 78 active connections and 14 inactive connections
10:13:39.473 [pool-4-thread-91] DEBUG org.springframework.web.reactive.function.client.ExchangeFunctions - [4fa837a] HTTP GET http://localhost:8083/attractions
10:13:39.477 [pool-4-thread-50] DEBUG org.springframework.web.reactive.function.client.ExchangeFunctions - [6f095f47] HTTP GET http://localhost:8083/attractions
10:13:39.479 [reactor-http-nio-1] DEBUG reactor.netty.http.client.HttpClientOperations - [id: 0x51cedde0, L:/127.0.0.1:50642 - R:localhost/127.0.0.1:8083] Received response (auto-read:false) : [Content-Type=application/json, Transfer-Encoding=chunked, Date=Tue, 07 Jun 2022 09:13:38 GMT]
10:13:39.479 [reactor-http-nio-1] DEBUG reactor.netty.resources.PooledConnectionProvider - [id: 0x51cedde0, L:/127.0.0.1:50642 - R:localhost/127.0.0.1:8083] onStateChange(GET{uri=/userLocation?userId=adf5dd55-cc3b-4760-85c5-6ea9ac9bc664, connection=PooledConnection{channel=[id: 0x51cedde0, L:/127.0.0.1:50642 - R:localhost/127.0.0.1:8083]}}, [response_received])
10:13:39.479 [reactor-http-nio-1] DEBUG org.springframework.web.reactive.function.client.ExchangeFunctions - [385ba8c9] Response 200 OK
10:13:39.480 [reactor-http-nio-1] DEBUG reactor.netty.channel.FluxReceive - [id: 0x51cedde0, L:/127.0.0.1:50642 - R:localhost/127.0.0.1:8083] Subscribing inbound receiver [pending: 0, cancelled:false, inboundDone: false]
10:13:39.481 [reactor-http-nio-1] DEBUG reactor.netty.http.client.HttpClientOperations - [id: 0x51cedde0, L:/127.0.0.1:50642 - R:localhost/127.0.0.1:8083] Received last HTTP packet
10:13:39.481 [reactor-http-nio-1] DEBUG org.springframework.core.codec.StringDecoder - [385ba8c9] Decoded "{"userId":"adf5dd55-cc3b-4760-85c5-6ea9ac9bc664","location":{"longitude":-175.520607,"latitude":51. (truncated)...
10:13:39.481 [reactor-http-nio-1] DEBUG reactor.netty.resources.PooledConnectionProvider - [id: 0x51cedde0, L:/127.0.0.1:50642 - R:localhost/127.0.0.1:8083] onStateChange(GET{uri=/userLocation?userId=adf5dd55-cc3b-4760-85c5-6ea9ac9bc664, connection=PooledConnection{channel=[id: 0x51cedde0, L:/127.0.0.1:50642 - R:localhost/127.0.0.1:8083]}}, [disconnecting])
10:13:39.481 [reactor-http-nio-1] DEBUG reactor.netty.resources.PooledConnectionProvider - [id: 0x51cedde0, L:/127.0.0.1:50642 - R:localhost/127.0.0.1:8083] Releasing channel
10:13:39.481 [reactor-http-nio-1] DEBUG reactor.netty.resources.PooledConnectionProvider - [id: 0x51cedde0, L:/127.0.0.1:50642 - R:localhost/127.0.0.1:8083] Channel cleaned, now 77 active connections and 15 inactive connections
10:13:39.406 [pool-4-thread-48] DEBUG org.springframework.web.reactive.function.client.ExchangeFunctions - [3fdd2f3] HTTP GET http://localhost:8083/attractions
10:13:39.417 [reactor-http-nio-3] DEBUG reactor.netty.resources.PooledConnectionProvider - [id: 0x1ff223b6, L:/127.0.0.1:50656 - R:localhost/127.0.0.1:8083] Channel acquired, now 79 active connections and 13 inactive connections
10:13:39.482 [reactor-http-nio-3] DEBUG reactor.netty.http.client.HttpClientConnect - [id: 0x1ff223b6, L:/127.0.0.1:50656 - R:localhost/127.0.0.1:8083] Handler is being applied: {uri=http://localhost:8083/attractions, method=GET}
10:13:39.483 [reactor-http-nio-3] DEBUG reactor.netty.resources.PooledConnectionProvider - [id: 0x1ff223b6, L:/127.0.0.1:50656 - R:localhost/127.0.0.1:8083] onStateChange(GET{uri=/attractions, connection=PooledConnection{channel=[id: 0x1ff223b6, L:/127.0.0.1:50656 - R:localhost/127.0.0.1:8083]}}, [request_sent])
10:13:39.483 [reactor-http-nio-1] DEBUG reactor.netty.http.client.HttpClientOperations - [id: 0x0a3705f4, L:/127.0.0.1:50699 - R:localhost/127.0.0.1:8083] Received response (auto-read:false) : [Content-Type=application/json, Transfer-Encoding=chunked, Date=Tue, 07 Jun 2022 09:13:38 GMT]
10:13:39.483 [reactor-http-nio-1] DEBUG reactor.netty.resources.PooledConnectionProvider - [id: 0x0a3705f4, L:/127.0.0.1:50699 - R:localhost/127.0.0.1:8083] onStateChange(GET{uri=/attractions, connection=PooledConnection{channel=[id: 0x0a3705f4, L:/127.0.0.1:50699 - R:localhost/127.0.0.1:8083]}}, [response_received])
10:13:39.483 [reactor-http-nio-1] DEBUG org.springframework.web.reactive.function.client.ExchangeFunctions - [3d402ee9] Response 200 OK
10:13:39.484 [reactor-http-nio-1] DEBUG reactor.netty.channel.FluxReceive - [id: 0x0a3705f4, L:/127.0.0.1:50699 - R:localhost/127.0.0.1:8083] Subscribing inbound receiver [pending: 0, cancelled:false, inboundDone: false]
10:13:39.484 [reactor-http-nio-1] DEBUG reactor.netty.http.client.HttpClientOperations - [id: 0x0a3705f4, L:/127.0.0.1:50699 - R:localhost/127.0.0.1:8083] Received last HTTP packet
10:13:39.485 [reactor-http-nio-3] DEBUG reactor.netty.http.client.HttpClientOperations - [id: 0xd9faa4fe, L:/127.0.0.1:50640 - R:localhost/127.0.0.1:8083] Received response (auto-read:false) : [Content-Type=application/json, Transfer-Encoding=chunked, Date=Tue, 07 Jun 2022 09:13:38 GMT]
10:13:39.485 [reactor-http-nio-1] DEBUG org.springframework.core.codec.StringDecoder - [3d402ee9] Decoded "[{"longitude":-117.922008,"latitude":33.817595,"attractionName":"Disneyland","city":"Anaheim","stat (truncated)...
10:13:39.485 [reactor-http-nio-3] DEBUG reactor.netty.resources.PooledConnectionProvider - [id: 0xd9faa4fe, L:/127.0.0.1:50640 - R:localhost/127.0.0.1:8083] onStateChange(GET{uri=/attractions, connection=PooledConnection{channel=[id: 0xd9faa4fe, L:/127.0.0.1:50640 - R:localhost/127.0.0.1:8083]}}, [response_received])
10:13:39.485 [reactor-http-nio-1] DEBUG reactor.netty.resources.PooledConnectionProvider - [id: 0x0a3705f4, L:/127.0.0.1:50699 - R:localhost/127.0.0.1:8083] onStateChange(GET{uri=/attractions, connection=PooledConnection{channel=[id: 0x0a3705f4, L:/127.0.0.1:50699 - R:localhost/127.0.0.1:8083]}}, [disconnecting])
10:13:39.485 [reactor-http-nio-1] DEBUG reactor.netty.resources.PooledConnectionProvider - [id: 0x0a3705f4, L:/127.0.0.1:50699 - R:localhost/127.0.0.1:8083] Releasing channel
10:13:39.485 [reactor-http-nio-3] DEBUG org.springframework.web.reactive.function.client.ExchangeFunctions - [61e76d4] Response 200 OK
10:13:39.485 [reactor-http-nio-1] DEBUG reactor.netty.resources.PooledConnectionProvider - [id: 0x0a3705f4, L:/127.0.0.1:50699 - R:localhost/127.0.0.1:8083] Channel cleaned, now 76 active connections and 16 inactive connections
10:13:39.485 [reactor-http-nio-1] DEBUG reactor.netty.resources.PooledConnectionProvider - [id: 0xec1f4ce8, L:/127.0.0.1:50641 - R:localhost/127.0.0.1:8083] Channel acquired, now 77 active connections and 15 inactive connections
10:13:39.485 [reactor-http-nio-1] DEBUG reactor.netty.http.client.HttpClientConnect - [id: 0xec1f4ce8, L:/127.0.0.1:50641 - R:localhost/127.0.0.1:8083] Handler is being applied: {uri=http://localhost:8083/attractions, method=GET}
10:13:39.485 [reactor-http-nio-3] DEBUG reactor.netty.channel.FluxReceive - [id: 0xd9faa4fe, L:/127.0.0.1:50640 - R:localhost/127.0.0.1:8083] Subscribing inbound receiver [pending: 0, cancelled:false, inboundDone: false]
10:13:39.486 [reactor-http-nio-1] DEBUG reactor.netty.resources.PooledConnectionProvider - [id: 0xec1f4ce8, L:/127.0.0.1:50641 - R:localhost/127.0.0.1:8083] onStateChange(GET{uri=/attractions, connection=PooledConnection{channel=[id: 0xec1f4ce8, L:/127.0.0.1:50641 - R:localhost/127.0.0.1:8083]}}, [request_sent])
10:13:39.486 [reactor-http-nio-3] DEBUG reactor.netty.http.client.HttpClientOperations - [id: 0xd9faa4fe, L:/127.0.0.1:50640 - R:localhost/127.0.0.1:8083] Received last HTTP packet
10:13:39.486 [reactor-http-nio-1] DEBUG reactor.netty.resources.PooledConnectionProvider - [id: 0xb12e3ff3, L:/127.0.0.1:50644 - R:localhost/127.0.0.1:8083] Channel acquired, now 78 active connections and 14 inactive connections
10:13:39.486 [reactor-http-nio-3] DEBUG org.springframework.core.codec.StringDecoder - [61e76d4] Decoded "[{"longitude":-117.922008,"latitude":33.817595,"attractionName":"Disneyland","city":"Anaheim","stat (truncated)...
10:13:39.486 [reactor-http-nio-1] DEBUG reactor.netty.http.client.HttpClientConnect - [id: 0xb12e3ff3, L:/127.0.0.1:50644 - R:localhost/127.0.0.1:8083] Handler is being applied: {uri=http://localhost:8083/attractions, method=GET}
10:13:39.486 [reactor-http-nio-3] DEBUG reactor.netty.resources.PooledConnectionProvider - [id: 0xd9faa4fe, L:/127.0.0.1:50640 - R:localhost/127.0.0.1:8083] onStateChange(GET{uri=/attractions, connection=PooledConnection{channel=[id: 0xd9faa4fe, L:/127.0.0.1:50640 - R:localhost/127.0.0.1:8083]}}, [disconnecting])
10:13:39.486 [reactor-http-nio-3] DEBUG reactor.netty.resources.PooledConnectionProvider - [id: 0xd9faa4fe, L:/127.0.0.1:50640 - R:localhost/127.0.0.1:8083] Releasing channel
10:13:39.486 [reactor-http-nio-3] DEBUG reactor.netty.resources.PooledConnectionProvider - [id: 0xd9faa4fe, L:/127.0.0.1:50640 - R:localhost/127.0.0.1:8083] Channel cleaned, now 77 active connections and 15 inactive connections
10:13:39.486 [reactor-http-nio-3] DEBUG reactor.netty.http.client.HttpClientOperations - [id: 0x3f9a41fc, L:/127.0.0.1:50649 - R:localhost/127.0.0.1:8083] Received response (auto-read:false) : [Content-Type=application/json, Transfer-Encoding=chunked, Date=Tue, 07 Jun 2022 09:13:38 GMT]
10:13:39.486 [reactor-http-nio-3] DEBUG reactor.netty.resources.PooledConnectionProvider - [id: 0x3f9a41fc, L:/127.0.0.1:50649 - R:localhost/127.0.0.1:8083] onStateChange(GET{uri=/userLocation?userId=0aa01fa4-ed2c-4ead-b5bc-eed32e7bfd0c, connection=PooledConnection{channel=[id: 0x3f9a41fc, L:/127.0.0.1:50649 - R:localhost/127.0.0.1:8083]}}, [response_received])
10:13:39.487 [reactor-http-nio-3] DEBUG org.springframework.web.reactive.function.client.ExchangeFunctions - [6b60bc1c] Response 200 OK
10:13:39.487 [reactor-http-nio-3] DEBUG reactor.netty.channel.FluxReceive - [id: 0x3f9a41fc, L:/127.0.0.1:50649 - R:localhost/127.0.0.1:8083] Subscribing inbound receiver [pending: 0, cancelled:false, inboundDone: false]
10:13:39.491 [reactor-http-nio-4] DEBUG org.springframework.web.reactive.function.client.ExchangeFunctions - [637f5574] Response 200 OK
10:13:39.492 [reactor-http-nio-4] DEBUG reactor.netty.channel.FluxReceive - [id: 0x3846aaec, L:/127.0.0.1:50621 - R:localhost/127.0.0.1:8083] Subscribing inbound receiver [pending: 0, cancelled:false, inboundDone: false]
10:13:39.492 [reactor-http-nio-4] DEBUG reactor.netty.http.client.HttpClientOperations - [id: 0x3846aaec, L:/127.0.0.1:50621 - R:localhost/127.0.0.1:8083] Received last HTTP packet
10:13:39.493 [reactor-http-nio-4] DEBUG org.springframework.core.codec.StringDecoder - [637f5574] Decoded "[{"longitude":-117.922008,"latitude":33.817595,"attractionName":"Disneyland","city":"Anaheim","stat (truncated)...
10:13:39.493 [reactor-http-nio-4] DEBUG reactor.netty.resources.PooledConnectionProvider - [id: 0x3846aaec, L:/127.0.0.1:50621 - R:localhost/127.0.0.1:8083] onStateChange(GET{uri=/attractions, connection=PooledConnection{channel=[id: 0x3846aaec, L:/127.0.0.1:50621 - R:localhost/127.0.0.1:8083]}}, [disconnecting])
10:13:39.493 [reactor-http-nio-4] DEBUG reactor.netty.resources.PooledConnectionProvider - [id: 0x3846aaec, L:/127.0.0.1:50621 - R:localhost/127.0.0.1:8083] Releasing channel
10:13:39.493 [reactor-http-nio-4] DEBUG reactor.netty.resources.PooledConnectionProvider - [id: 0x3846aaec, L:/127.0.0.1:50621 - R:localhost/127.0.0.1:8083] Channel cleaned, now 76 active connections and 16 inactive connections
10:13:39.493 [reactor-http-nio-4] DEBUG reactor.netty.http.client.HttpClientOperations - [id: 0x634507d6, L:/127.0.0.1:50625 - R:localhost/127.0.0.1:8083] Received response (auto-read:false) : [Content-Type=application/json, Transfer-Encoding=chunked, Date=Tue, 07 Jun 2022 09:13:38 GMT]
10:13:39.494 [reactor-http-nio-4] DEBUG reactor.netty.resources.PooledConnectionProvider - [id: 0x634507d6, L:/127.0.0.1:50625 - R:localhost/127.0.0.1:8083] onStateChange(GET{uri=/attractions, connection=PooledConnection{channel=[id: 0x634507d6, L:/127.0.0.1:50625 - R:localhost/127.0.0.1:8083]}}, [response_received])
10:13:39.494 [reactor-http-nio-4] DEBUG org.springframework.web.reactive.function.client.ExchangeFunctions - [30a58936] Response 200 OK
10:13:39.494 [reactor-http-nio-4] DEBUG reactor.netty.channel.FluxReceive - [id: 0x634507d6, L:/127.0.0.1:50625 - R:localhost/127.0.0.1:8083] Subscribing inbound receiver [pending: 0, cancelled:false, inboundDone: false]
10:13:39.494 [reactor-http-nio-4] DEBUG reactor.netty.http.client.HttpClientOperations - [id: 0x634507d6, L:/127.0.0.1:50625 - R:localhost/127.0.0.1:8083] Received last HTTP packet
10:13:39.495 [reactor-http-nio-4] DEBUG org.springframework.core.codec.StringDecoder - [30a58936] Decoded "[{"longitude":-117.922008,"latitude":33.817595,"attractionName":"Disneyland","city":"Anaheim","stat (truncated)...
10:13:39.495 [reactor-http-nio-4] DEBUG reactor.netty.resources.PooledConnectionProvider - [id: 0x634507d6, L:/127.0.0.1:50625 - R:localhost/127.0.0.1:8083] onStateChange(GET{uri=/attractions, connection=PooledConnection{channel=[id: 0x634507d6, L:/127.0.0.1:50625 - R:localhost/127.0.0.1:8083]}}, [disconnecting])
10:13:39.495 [reactor-http-nio-4] DEBUG reactor.netty.resources.PooledConnectionProvider - [id: 0x634507d6, L:/127.0.0.1:50625 - R:localhost/127.0.0.1:8083] Releasing channel
10:13:39.495 [reactor-http-nio-4] DEBUG reactor.netty.resources.PooledConnectionProvider - [id: 0x634507d6, L:/127.0.0.1:50625 - R:localhost/127.0.0.1:8083] Channel cleaned, now 75 active connections and 17 inactive connections
10:13:39.413 [pool-4-thread-57] DEBUG org.springframework.web.reactive.function.client.ExchangeFunctions - [4e727562] HTTP GET http://localhost:8083/attractions
10:13:39.500 [reactor-http-nio-3] DEBUG reactor.netty.http.client.HttpClientOperations - [id: 0x3f9a41fc, L:/127.0.0.1:50649 - R:localhost/127.0.0.1:8083] Received last HTTP packet
10:13:39.500 [reactor-http-nio-3] DEBUG org.springframework.core.codec.StringDecoder - [6b60bc1c] Decoded "{"userId":"0aa01fa4-ed2c-4ead-b5bc-eed32e7bfd0c","location":{"longitude":-154.227757,"latitude":-50 (truncated)...
10:13:39.500 [reactor-http-nio-3] DEBUG reactor.netty.resources.PooledConnectionProvider - [id: 0x3f9a41fc, L:/127.0.0.1:50649 - R:localhost/127.0.0.1:8083] onStateChange(GET{uri=/userLocation?userId=0aa01fa4-ed2c-4ead-b5bc-eed32e7bfd0c, connection=PooledConnection{channel=[id: 0x3f9a41fc, L:/127.0.0.1:50649 - R:localhost/127.0.0.1:8083]}}, [disconnecting])
10:13:39.500 [reactor-http-nio-3] DEBUG reactor.netty.resources.PooledConnectionProvider - [id: 0x3f9a41fc, L:/127.0.0.1:50649 - R:localhost/127.0.0.1:8083] Releasing channel
10:13:39.500 [reactor-http-nio-3] DEBUG reactor.netty.resources.PooledConnectionProvider - [id: 0x3f9a41fc, L:/127.0.0.1:50649 - R:localhost/127.0.0.1:8083] Channel cleaned, now 74 active connections and 18 inactive connections
10:13:39.501 [reactor-http-nio-3] DEBUG reactor.netty.http.client.HttpClientOperations - [id: 0x066048e0, L:/127.0.0.1:50650 - R:localhost/127.0.0.1:8083] Received response (auto-read:false) : [Content-Type=application/json, Transfer-Encoding=chunked, Date=Tue, 07 Jun 2022 09:13:38 GMT]
10:13:39.501 [reactor-http-nio-3] DEBUG reactor.netty.resources.PooledConnectionProvider - [id: 0x066048e0, L:/127.0.0.1:50650 - R:localhost/127.0.0.1:8083] onStateChange(GET{uri=/userLocation?userId=f5a88ae5-64b3-477d-b740-6bd470bcd0a1, connection=PooledConnection{channel=[id: 0x066048e0, L:/127.0.0.1:50650 - R:localhost/127.0.0.1:8083]}}, [response_received])
10:13:39.501 [reactor-http-nio-3] DEBUG org.springframework.web.reactive.function.client.ExchangeFunctions - [101dca54] Response 200 OK
10:13:39.501 [reactor-http-nio-3] DEBUG reactor.netty.channel.FluxReceive - [id: 0x066048e0, L:/127.0.0.1:50650 - R:localhost/127.0.0.1:8083] Subscribing inbound receiver [pending: 0, cancelled:false, inboundDone: false]
10:13:39.502 [reactor-http-nio-3] DEBUG reactor.netty.http.client.HttpClientOperations - [id: 0x066048e0, L:/127.0.0.1:50650 - R:localhost/127.0.0.1:8083] Received last HTTP packet
10:13:39.502 [reactor-http-nio-3] DEBUG org.springframework.core.codec.StringDecoder - [101dca54] Decoded "{"userId":"f5a88ae5-64b3-477d-b740-6bd470bcd0a1","location":{"longitude":58.75951,"latitude":-63.60 (truncated)...
10:13:39.502 [reactor-http-nio-3] DEBUG reactor.netty.resources.PooledConnectionProvider - [id: 0x066048e0, L:/127.0.0.1:50650 - R:localhost/127.0.0.1:8083] onStateChange(GET{uri=/userLocation?userId=f5a88ae5-64b3-477d-b740-6bd470bcd0a1, connection=PooledConnection{channel=[id: 0x066048e0, L:/127.0.0.1:50650 - R:localhost/127.0.0.1:8083]}}, [disconnecting])
10:13:39.502 [reactor-http-nio-3] DEBUG reactor.netty.resources.PooledConnectionProvider - [id: 0x066048e0, L:/127.0.0.1:50650 - R:localhost/127.0.0.1:8083] Releasing channel
10:13:39.502 [reactor-http-nio-3] DEBUG reactor.netty.resources.PooledConnectionProvider - [id: 0x066048e0, L:/127.0.0.1:50650 - R:localhost/127.0.0.1:8083] Channel cleaned, now 73 active connections and 19 inactive connections
10:13:39.502 [reactor-http-nio-3] DEBUG reactor.netty.http.client.HttpClientOperations - [id: 0x16156b84, L:/127.0.0.1:50655 - R:localhost/127.0.0.1:8083] Received response (auto-read:false) : [Content-Type=application/json, Transfer-Encoding=chunked, Date=Tue, 07 Jun 2022 09:13:38 GMT]
10:13:39.502 [reactor-http-nio-3] DEBUG reactor.netty.resources.PooledConnectionProvider - [id: 0x16156b84, L:/127.0.0.1:50655 - R:localhost/127.0.0.1:8083] onStateChange(GET{uri=/userLocation?userId=a90ca546-787f-43e3-9e39-e78e52f3702f, connection=PooledConnection{channel=[id: 0x16156b84, L:/127.0.0.1:50655 - R:localhost/127.0.0.1:8083]}}, [response_received])
10:13:39.503 [reactor-http-nio-3] DEBUG org.springframework.web.reactive.function.client.ExchangeFunctions - [7b937552] Response 200 OK
10:13:39.504 [reactor-http-nio-4] DEBUG reactor.netty.http.client.HttpClientOperations - [id: 0x0e8dc7e0, L:/127.0.0.1:50627 - R:localhost/127.0.0.1:8083] Received response (auto-read:false) : [Content-Type=application/json, Transfer-Encoding=chunked, Date=Tue, 07 Jun 2022 09:13:38 GMT]
10:13:39.504 [reactor-http-nio-4] DEBUG reactor.netty.resources.PooledConnectionProvider - [id: 0x0e8dc7e0, L:/127.0.0.1:50627 - R:localhost/127.0.0.1:8083] onStateChange(GET{uri=/attractions, connection=PooledConnection{channel=[id: 0x0e8dc7e0, L:/127.0.0.1:50627 - R:localhost/127.0.0.1:8083]}}, [response_received])
10:13:39.504 [reactor-http-nio-4] DEBUG org.springframework.web.reactive.function.client.ExchangeFunctions - [27a32f45] Response 200 OK
10:13:39.483 [reactor-http-nio-2] DEBUG reactor.netty.http.client.HttpClientConnect - [id: 0x49dcd8d7, L:/127.0.0.1:50622 - R:localhost/127.0.0.1:8083] Handler is being applied: {uri=http://localhost:8083/attractions, method=GET}
10:13:39.505 [reactor-http-nio-4] DEBUG reactor.netty.channel.FluxReceive - [id: 0x0e8dc7e0, L:/127.0.0.1:50627 - R:localhost/127.0.0.1:8083] Subscribing inbound receiver [pending: 0, cancelled:false, inboundDone: false]
10:13:39.505 [reactor-http-nio-4] DEBUG reactor.netty.http.client.HttpClientOperations - [id: 0x0e8dc7e0, L:/127.0.0.1:50627 - R:localhost/127.0.0.1:8083] Received last HTTP packet
10:13:39.506 [reactor-http-nio-2] DEBUG reactor.netty.resources.PooledConnectionProvider - [id: 0x49dcd8d7, L:/127.0.0.1:50622 - R:localhost/127.0.0.1:8083] onStateChange(GET{uri=/attractions, connection=PooledConnection{channel=[id: 0x49dcd8d7, L:/127.0.0.1:50622 - R:localhost/127.0.0.1:8083]}}, [request_sent])
10:13:39.506 [reactor-http-nio-2] DEBUG reactor.netty.resources.PooledConnectionProvider - [id: 0xcfabeeff, L:/127.0.0.1:50667 - R:localhost/127.0.0.1:8083] Channel acquired, now 74 active connections and 18 inactive connections
10:13:39.506 [reactor-http-nio-2] DEBUG reactor.netty.http.client.HttpClientConnect - [id: 0xcfabeeff, L:/127.0.0.1:50667 - R:localhost/127.0.0.1:8083] Handler is being applied: {uri=http://localhost:8083/attractions, method=GET}
10:13:39.506 [reactor-http-nio-4] DEBUG org.springframework.core.codec.StringDecoder - [27a32f45] Decoded "[{"longitude":-117.922008,"latitude":33.817595,"attractionName":"Disneyland","city":"Anaheim","stat (truncated)...
10:13:39.506 [reactor-http-nio-4] DEBUG reactor.netty.resources.PooledConnectionProvider - [id: 0x0e8dc7e0, L:/127.0.0.1:50627 - R:localhost/127.0.0.1:8083] onStateChange(GET{uri=/attractions, connection=PooledConnection{channel=[id: 0x0e8dc7e0, L:/127.0.0.1:50627 - R:localhost/127.0.0.1:8083]}}, [disconnecting])
10:13:39.506 [reactor-http-nio-4] DEBUG reactor.netty.resources.PooledConnectionProvider - [id: 0x0e8dc7e0, L:/127.0.0.1:50627 - R:localhost/127.0.0.1:8083] Releasing channel
10:13:39.506 [reactor-http-nio-4] DEBUG reactor.netty.resources.PooledConnectionProvider - [id: 0x0e8dc7e0, L:/127.0.0.1:50627 - R:localhost/127.0.0.1:8083] Channel cleaned, now 73 active connections and 19 inactive connections
10:13:39.507 [reactor-http-nio-2] DEBUG reactor.netty.resources.PooledConnectionProvider - [id: 0xcfabeeff, L:/127.0.0.1:50667 - R:localhost/127.0.0.1:8083] onStateChange(GET{uri=/attractions, connection=PooledConnection{channel=[id: 0xcfabeeff, L:/127.0.0.1:50667 - R:localhost/127.0.0.1:8083]}}, [request_sent])
10:13:39.507 [reactor-http-nio-4] DEBUG reactor.netty.http.client.HttpClientOperations - [id: 0xd848025a, L:/127.0.0.1:50682 - R:localhost/127.0.0.1:8083] Received response (auto-read:false) : [Content-Type=application/json, Transfer-Encoding=chunked, Date=Tue, 07 Jun 2022 09:13:38 GMT]
10:13:39.507 [reactor-http-nio-4] DEBUG reactor.netty.resources.PooledConnectionProvider - [id: 0xd848025a, L:/127.0.0.1:50682 - R:localhost/127.0.0.1:8083] onStateChange(GET{uri=/attractions, connection=PooledConnection{channel=[id: 0xd848025a, L:/127.0.0.1:50682 - R:localhost/127.0.0.1:8083]}}, [response_received])
10:13:39.507 [reactor-http-nio-4] DEBUG org.springframework.web.reactive.function.client.ExchangeFunctions - [52bbf5fd] Response 200 OK
10:13:39.508 [reactor-http-nio-4] DEBUG reactor.netty.channel.FluxReceive - [id: 0xd848025a, L:/127.0.0.1:50682 - R:localhost/127.0.0.1:8083] Subscribing inbound receiver [pending: 0, cancelled:false, inboundDone: false]
10:13:39.508 [reactor-http-nio-4] DEBUG reactor.netty.http.client.HttpClientOperations - [id: 0xd848025a, L:/127.0.0.1:50682 - R:localhost/127.0.0.1:8083] Received last HTTP packet
10:13:39.509 [reactor-http-nio-4] DEBUG org.springframework.core.codec.StringDecoder - [52bbf5fd] Decoded "[{"longitude":-117.922008,"latitude":33.817595,"attractionName":"Disneyland","city":"Anaheim","stat (truncated)...
10:13:39.509 [reactor-http-nio-4] DEBUG reactor.netty.resources.PooledConnectionProvider - [id: 0xd848025a, L:/127.0.0.1:50682 - R:localhost/127.0.0.1:8083] onStateChange(GET{uri=/attractions, connection=PooledConnection{channel=[id: 0xd848025a, L:/127.0.0.1:50682 - R:localhost/127.0.0.1:8083]}}, [disconnecting])
10:13:39.509 [reactor-http-nio-4] DEBUG reactor.netty.resources.PooledConnectionProvider - [id: 0xd848025a, L:/127.0.0.1:50682 - R:localhost/127.0.0.1:8083] Releasing channel
10:13:39.509 [reactor-http-nio-4] DEBUG reactor.netty.resources.PooledConnectionProvider - [id: 0xd848025a, L:/127.0.0.1:50682 - R:localhost/127.0.0.1:8083] Channel cleaned, now 72 active connections and 20 inactive connections
10:13:39.509 [reactor-http-nio-4] DEBUG reactor.netty.resources.PooledConnectionProvider - [id: 0xfedf6624, L:/127.0.0.1:50635 - R:localhost/127.0.0.1:8083] Channel acquired, now 73 active connections and 19 inactive connections
10:13:39.509 [reactor-http-nio-4] DEBUG reactor.netty.http.client.HttpClientConnect - [id: 0xfedf6624, L:/127.0.0.1:50635 - R:localhost/127.0.0.1:8083] Handler is being applied: {uri=http://localhost:8083/attractions, method=GET}
10:13:39.510 [reactor-http-nio-4] DEBUG reactor.netty.resources.PooledConnectionProvider - [id: 0xfedf6624, L:/127.0.0.1:50635 - R:localhost/127.0.0.1:8083] onStateChange(GET{uri=/attractions, connection=PooledConnection{channel=[id: 0xfedf6624, L:/127.0.0.1:50635 - R:localhost/127.0.0.1:8083]}}, [request_sent])
10:13:39.511 [pool-4-thread-46] DEBUG org.springframework.web.reactive.function.client.ExchangeFunctions - [65a74f00] HTTP GET http://localhost:8083/attractions
10:13:39.487 [reactor-http-nio-1] DEBUG reactor.netty.resources.PooledConnectionProvider - [id: 0xb12e3ff3, L:/127.0.0.1:50644 - R:localhost/127.0.0.1:8083] onStateChange(GET{uri=/attractions, connection=PooledConnection{channel=[id: 0xb12e3ff3, L:/127.0.0.1:50644 - R:localhost/127.0.0.1:8083]}}, [request_sent])
10:13:39.511 [reactor-http-nio-3] DEBUG reactor.netty.channel.FluxReceive - [id: 0x16156b84, L:/127.0.0.1:50655 - R:localhost/127.0.0.1:8083] Subscribing inbound receiver [pending: 0, cancelled:false, inboundDone: false]
10:13:39.512 [reactor-http-nio-3] DEBUG reactor.netty.http.client.HttpClientOperations - [id: 0x16156b84, L:/127.0.0.1:50655 - R:localhost/127.0.0.1:8083] Received last HTTP packet
10:13:39.512 [reactor-http-nio-3] DEBUG org.springframework.core.codec.StringDecoder - [7b937552] Decoded "{"userId":"a90ca546-787f-43e3-9e39-e78e52f3702f","location":{"longitude":22.151658,"latitude":48.25 (truncated)...
10:13:39.512 [reactor-http-nio-3] DEBUG reactor.netty.resources.PooledConnectionProvider - [id: 0x16156b84, L:/127.0.0.1:50655 - R:localhost/127.0.0.1:8083] onStateChange(GET{uri=/userLocation?userId=a90ca546-787f-43e3-9e39-e78e52f3702f, connection=PooledConnection{channel=[id: 0x16156b84, L:/127.0.0.1:50655 - R:localhost/127.0.0.1:8083]}}, [disconnecting])
10:13:39.512 [reactor-http-nio-3] DEBUG reactor.netty.resources.PooledConnectionProvider - [id: 0x16156b84, L:/127.0.0.1:50655 - R:localhost/127.0.0.1:8083] Releasing channel
10:13:39.512 [reactor-http-nio-3] DEBUG reactor.netty.resources.PooledConnectionProvider - [id: 0x16156b84, L:/127.0.0.1:50655 - R:localhost/127.0.0.1:8083] Channel cleaned, now 73 active connections and 19 inactive connections
10:13:39.512 [pool-4-thread-52] DEBUG org.springframework.web.reactive.function.client.ExchangeFunctions - [1eda3627] HTTP GET http://localhost:8083/attractions
10:13:39.512 [pool-4-thread-42] DEBUG org.springframework.web.reactive.function.client.ExchangeFunctions - [369c51b2] HTTP GET http://localhost:8083/attractions
10:13:39.513 [reactor-http-nio-3] DEBUG reactor.netty.http.client.HttpClientOperations - [id: 0xf5289a3b, L:/127.0.0.1:50658 - R:localhost/127.0.0.1:8083] Received response (auto-read:false) : [Content-Type=application/json, Transfer-Encoding=chunked, Date=Tue, 07 Jun 2022 09:13:38 GMT]
10:13:39.513 [reactor-http-nio-3] DEBUG reactor.netty.resources.PooledConnectionProvider - [id: 0xf5289a3b, L:/127.0.0.1:50658 - R:localhost/127.0.0.1:8083] onStateChange(GET{uri=/userLocation?userId=a0860b4f-8e68-482f-ab64-5814741c4271, connection=PooledConnection{channel=[id: 0xf5289a3b, L:/127.0.0.1:50658 - R:localhost/127.0.0.1:8083]}}, [response_received])
10:13:39.513 [reactor-http-nio-3] DEBUG org.springframework.web.reactive.function.client.ExchangeFunctions - [11b352bc] Response 200 OK
10:13:39.513 [reactor-http-nio-3] DEBUG reactor.netty.channel.FluxReceive - [id: 0xf5289a3b, L:/127.0.0.1:50658 - R:localhost/127.0.0.1:8083] Subscribing inbound receiver [pending: 0, cancelled:false, inboundDone: false]
10:13:39.513 [reactor-http-nio-3] DEBUG reactor.netty.http.client.HttpClientOperations - [id: 0xf5289a3b, L:/127.0.0.1:50658 - R:localhost/127.0.0.1:8083] Received last HTTP packet
10:13:39.514 [reactor-http-nio-3] DEBUG org.springframework.core.codec.StringDecoder - [11b352bc] Decoded "{"userId":"a0860b4f-8e68-482f-ab64-5814741c4271","location":{"longitude":-96.558491,"latitude":-45. (truncated)...
10:13:39.514 [reactor-http-nio-3] DEBUG reactor.netty.resources.PooledConnectionProvider - [id: 0xf5289a3b, L:/127.0.0.1:50658 - R:localhost/127.0.0.1:8083] onStateChange(GET{uri=/userLocation?userId=a0860b4f-8e68-482f-ab64-5814741c4271, connection=PooledConnection{channel=[id: 0xf5289a3b, L:/127.0.0.1:50658 - R:localhost/127.0.0.1:8083]}}, [disconnecting])
10:13:39.514 [reactor-http-nio-3] DEBUG reactor.netty.resources.PooledConnectionProvider - [id: 0xf5289a3b, L:/127.0.0.1:50658 - R:localhost/127.0.0.1:8083] Releasing channel
10:13:39.514 [reactor-http-nio-3] DEBUG reactor.netty.resources.PooledConnectionProvider - [id: 0xf5289a3b, L:/127.0.0.1:50658 - R:localhost/127.0.0.1:8083] Channel cleaned, now 72 active connections and 20 inactive connections
10:13:39.514 [reactor-http-nio-3] DEBUG reactor.netty.http.client.HttpClientOperations - [id: 0xa3626cd8, L:/127.0.0.1:50681 - R:localhost/127.0.0.1:8083] Received response (auto-read:false) : [Content-Type=application/json, Transfer-Encoding=chunked, Date=Tue, 07 Jun 2022 09:13:38 GMT]
10:13:39.514 [reactor-http-nio-3] DEBUG reactor.netty.resources.PooledConnectionProvider - [id: 0xa3626cd8, L:/127.0.0.1:50681 - R:localhost/127.0.0.1:8083] onStateChange(GET{uri=/userLocation?userId=f8f91f9b-a848-4372-bced-7d3f87e04098, connection=PooledConnection{channel=[id: 0xa3626cd8, L:/127.0.0.1:50681 - R:localhost/127.0.0.1:8083]}}, [response_received])
10:13:39.514 [reactor-http-nio-3] DEBUG org.springframework.web.reactive.function.client.ExchangeFunctions - [4cb0fc8] Response 200 OK
10:13:39.514 [reactor-http-nio-3] DEBUG reactor.netty.channel.FluxReceive - [id: 0xa3626cd8, L:/127.0.0.1:50681 - R:localhost/127.0.0.1:8083] Subscribing inbound receiver [pending: 0, cancelled:false, inboundDone: false]
10:13:39.515 [reactor-http-nio-3] DEBUG reactor.netty.http.client.HttpClientOperations - [id: 0xa3626cd8, L:/127.0.0.1:50681 - R:localhost/127.0.0.1:8083] Received last HTTP packet
10:13:39.515 [reactor-http-nio-3] DEBUG org.springframework.core.codec.StringDecoder - [4cb0fc8] Decoded "{"userId":"f8f91f9b-a848-4372-bced-7d3f87e04098","location":{"longitude":23.269568,"latitude":-68.3 (truncated)...
10:13:39.515 [reactor-http-nio-3] DEBUG reactor.netty.resources.PooledConnectionProvider - [id: 0xa3626cd8, L:/127.0.0.1:50681 - R:localhost/127.0.0.1:8083] onStateChange(GET{uri=/userLocation?userId=f8f91f9b-a848-4372-bced-7d3f87e04098, connection=PooledConnection{channel=[id: 0xa3626cd8, L:/127.0.0.1:50681 - R:localhost/127.0.0.1:8083]}}, [disconnecting])
10:13:39.515 [reactor-http-nio-3] DEBUG reactor.netty.resources.PooledConnectionProvider - [id: 0xa3626cd8, L:/127.0.0.1:50681 - R:localhost/127.0.0.1:8083] Releasing channel
10:13:39.515 [reactor-http-nio-3] DEBUG reactor.netty.resources.PooledConnectionProvider - [id: 0xa3626cd8, L:/127.0.0.1:50681 - R:localhost/127.0.0.1:8083] Channel cleaned, now 71 active connections and 21 inactive connections
10:13:39.515 [reactor-http-nio-3] DEBUG reactor.netty.http.client.HttpClientOperations - [id: 0x848154ea, L:/127.0.0.1:50683 - R:localhost/127.0.0.1:8083] Received response (auto-read:false) : [Content-Type=application/json, Transfer-Encoding=chunked, Date=Tue, 07 Jun 2022 09:13:38 GMT]
10:13:39.515 [reactor-http-nio-3] DEBUG reactor.netty.resources.PooledConnectionProvider - [id: 0x848154ea, L:/127.0.0.1:50683 - R:localhost/127.0.0.1:8083] onStateChange(GET{uri=/userLocation?userId=9bcbb1e0-5010-4359-9dd0-286a840ae0cb, connection=PooledConnection{channel=[id: 0x848154ea, L:/127.0.0.1:50683 - R:localhost/127.0.0.1:8083]}}, [response_received])
10:13:39.516 [reactor-http-nio-3] DEBUG org.springframework.web.reactive.function.client.ExchangeFunctions - [16138d50] Response 200 OK
10:13:39.516 [reactor-http-nio-3] DEBUG reactor.netty.channel.FluxReceive - [id: 0x848154ea, L:/127.0.0.1:50683 - R:localhost/127.0.0.1:8083] Subscribing inbound receiver [pending: 0, cancelled:false, inboundDone: false]
10:13:39.516 [reactor-http-nio-3] DEBUG reactor.netty.http.client.HttpClientOperations - [id: 0x848154ea, L:/127.0.0.1:50683 - R:localhost/127.0.0.1:8083] Received last HTTP packet
10:13:39.516 [reactor-http-nio-3] DEBUG org.springframework.core.codec.StringDecoder - [16138d50] Decoded "{"userId":"9bcbb1e0-5010-4359-9dd0-286a840ae0cb","location":{"longitude":159.288783,"latitude":-26. (truncated)...
10:13:39.516 [reactor-http-nio-3] DEBUG reactor.netty.resources.PooledConnectionProvider - [id: 0x848154ea, L:/127.0.0.1:50683 - R:localhost/127.0.0.1:8083] onStateChange(GET{uri=/userLocation?userId=9bcbb1e0-5010-4359-9dd0-286a840ae0cb, connection=PooledConnection{channel=[id: 0x848154ea, L:/127.0.0.1:50683 - R:localhost/127.0.0.1:8083]}}, [disconnecting])
10:13:39.516 [reactor-http-nio-3] DEBUG reactor.netty.resources.PooledConnectionProvider - [id: 0x848154ea, L:/127.0.0.1:50683 - R:localhost/127.0.0.1:8083] Releasing channel
10:13:39.516 [reactor-http-nio-3] DEBUG reactor.netty.resources.PooledConnectionProvider - [id: 0x848154ea, L:/127.0.0.1:50683 - R:localhost/127.0.0.1:8083] Channel cleaned, now 70 active connections and 22 inactive connections
10:13:39.517 [reactor-http-nio-3] DEBUG reactor.netty.http.client.HttpClientOperations - [id: 0xbacd0b54, L:/127.0.0.1:50684 - R:localhost/127.0.0.1:8083] Received response (auto-read:false) : [Content-Type=application/json, Transfer-Encoding=chunked, Date=Tue, 07 Jun 2022 09:13:38 GMT]
10:13:39.517 [reactor-http-nio-3] DEBUG reactor.netty.resources.PooledConnectionProvider - [id: 0xbacd0b54, L:/127.0.0.1:50684 - R:localhost/127.0.0.1:8083] onStateChange(GET{uri=/userLocation?userId=12543915-5304-4bbe-b71a-b78477085992, connection=PooledConnection{channel=[id: 0xbacd0b54, L:/127.0.0.1:50684 - R:localhost/127.0.0.1:8083]}}, [response_received])
10:13:39.517 [reactor-http-nio-3] DEBUG org.springframework.web.reactive.function.client.ExchangeFunctions - [683a6000] Response 200 OK
10:13:39.517 [reactor-http-nio-3] DEBUG reactor.netty.channel.FluxReceive - [id: 0xbacd0b54, L:/127.0.0.1:50684 - R:localhost/127.0.0.1:8083] Subscribing inbound receiver [pending: 0, cancelled:false, inboundDone: false]
10:13:39.507 [reactor-http-nio-2] DEBUG reactor.netty.http.client.HttpClientOperations - [id: 0xa0c2642f, L:/127.0.0.1:50614 - R:localhost/127.0.0.1:8083] Received response (auto-read:false) : [Content-Type=application/json, Transfer-Encoding=chunked, Date=Tue, 07 Jun 2022 09:13:38 GMT]
10:13:39.518 [reactor-http-nio-2] DEBUG reactor.netty.resources.PooledConnectionProvider - [id: 0xa0c2642f, L:/127.0.0.1:50614 - R:localhost/127.0.0.1:8083] onStateChange(GET{uri=/attractions, connection=PooledConnection{channel=[id: 0xa0c2642f, L:/127.0.0.1:50614 - R:localhost/127.0.0.1:8083]}}, [response_received])
10:13:39.518 [reactor-http-nio-2] DEBUG org.springframework.web.reactive.function.client.ExchangeFunctions - [3c7cd412] Response 200 OK
10:13:39.518 [reactor-http-nio-2] DEBUG reactor.netty.channel.FluxReceive - [id: 0xa0c2642f, L:/127.0.0.1:50614 - R:localhost/127.0.0.1:8083] Subscribing inbound receiver [pending: 0, cancelled:false, inboundDone: false]
10:13:39.519 [reactor-http-nio-2] DEBUG reactor.netty.http.client.HttpClientOperations - [id: 0xa0c2642f, L:/127.0.0.1:50614 - R:localhost/127.0.0.1:8083] Received last HTTP packet
10:13:39.519 [reactor-http-nio-2] DEBUG org.springframework.core.codec.StringDecoder - [3c7cd412] Decoded "[{"longitude":-117.922008,"latitude":33.817595,"attractionName":"Disneyland","city":"Anaheim","stat (truncated)...
10:13:39.519 [reactor-http-nio-2] DEBUG reactor.netty.resources.PooledConnectionProvider - [id: 0xa0c2642f, L:/127.0.0.1:50614 - R:localhost/127.0.0.1:8083] onStateChange(GET{uri=/attractions, connection=PooledConnection{channel=[id: 0xa0c2642f, L:/127.0.0.1:50614 - R:localhost/127.0.0.1:8083]}}, [disconnecting])
10:13:39.519 [reactor-http-nio-2] DEBUG reactor.netty.resources.PooledConnectionProvider - [id: 0xa0c2642f, L:/127.0.0.1:50614 - R:localhost/127.0.0.1:8083] Releasing channel
10:13:39.520 [reactor-http-nio-2] DEBUG reactor.netty.resources.PooledConnectionProvider - [id: 0xa0c2642f, L:/127.0.0.1:50614 - R:localhost/127.0.0.1:8083] Channel cleaned, now 69 active connections and 23 inactive connections
10:13:39.520 [reactor-http-nio-2] DEBUG reactor.netty.http.client.HttpClientOperations - [id: 0x011036a3, L:/127.0.0.1:50616 - R:localhost/127.0.0.1:8083] Received response (auto-read:false) : [Content-Type=application/json, Transfer-Encoding=chunked, Date=Tue, 07 Jun 2022 09:13:38 GMT]
10:13:39.520 [reactor-http-nio-2] DEBUG reactor.netty.resources.PooledConnectionProvider - [id: 0x011036a3, L:/127.0.0.1:50616 - R:localhost/127.0.0.1:8083] onStateChange(GET{uri=/attractions, connection=PooledConnection{channel=[id: 0x011036a3, L:/127.0.0.1:50616 - R:localhost/127.0.0.1:8083]}}, [response_received])
10:13:39.520 [reactor-http-nio-2] DEBUG org.springframework.web.reactive.function.client.ExchangeFunctions - [47e821f2] Response 200 OK
10:13:39.520 [reactor-http-nio-2] DEBUG reactor.netty.channel.FluxReceive - [id: 0x011036a3, L:/127.0.0.1:50616 - R:localhost/127.0.0.1:8083] Subscribing inbound receiver [pending: 0, cancelled:false, inboundDone: false]
10:13:39.521 [pool-4-thread-56] DEBUG org.springframework.web.reactive.function.client.ExchangeFunctions - [1f74befa] HTTP GET http://localhost:8083/attractions
10:13:39.522 [pool-4-thread-61] DEBUG org.springframework.web.reactive.function.client.ExchangeFunctions - [a0ce121] HTTP GET http://localhost:8083/attractions
10:13:39.523 [reactor-http-nio-4] DEBUG reactor.netty.http.client.HttpClientOperations - [id: 0x1694d70f, L:/127.0.0.1:50610 - R:localhost/127.0.0.1:8083] Received response (auto-read:false) : [Content-Type=application/json, Transfer-Encoding=chunked, Date=Tue, 07 Jun 2022 09:13:38 GMT]
10:13:39.523 [reactor-http-nio-4] DEBUG reactor.netty.resources.PooledConnectionProvider - [id: 0x1694d70f, L:/127.0.0.1:50610 - R:localhost/127.0.0.1:8083] onStateChange(GET{uri=/attractions, connection=PooledConnection{channel=[id: 0x1694d70f, L:/127.0.0.1:50610 - R:localhost/127.0.0.1:8083]}}, [response_received])
10:13:39.523 [reactor-http-nio-4] DEBUG org.springframework.web.reactive.function.client.ExchangeFunctions - [98d3387] Response 200 OK
10:13:39.523 [reactor-http-nio-4] DEBUG reactor.netty.channel.FluxReceive - [id: 0x1694d70f, L:/127.0.0.1:50610 - R:localhost/127.0.0.1:8083] Subscribing inbound receiver [pending: 0, cancelled:false, inboundDone: false]
10:13:39.524 [reactor-http-nio-4] DEBUG reactor.netty.http.client.HttpClientOperations - [id: 0x1694d70f, L:/127.0.0.1:50610 - R:localhost/127.0.0.1:8083] Received last HTTP packet
10:13:39.524 [pool-4-thread-74] DEBUG org.springframework.web.reactive.function.client.ExchangeFunctions - [18d461e2] HTTP GET http://localhost:8083/attractions
10:13:39.524 [reactor-http-nio-4] DEBUG org.springframework.core.codec.StringDecoder - [98d3387] Decoded "[{"longitude":-117.922008,"latitude":33.817595,"attractionName":"Disneyland","city":"Anaheim","stat (truncated)...
10:13:39.524 [reactor-http-nio-4] DEBUG reactor.netty.resources.PooledConnectionProvider - [id: 0x1694d70f, L:/127.0.0.1:50610 - R:localhost/127.0.0.1:8083] onStateChange(GET{uri=/attractions, connection=PooledConnection{channel=[id: 0x1694d70f, L:/127.0.0.1:50610 - R:localhost/127.0.0.1:8083]}}, [disconnecting])
10:13:39.524 [reactor-http-nio-4] DEBUG reactor.netty.resources.PooledConnectionProvider - [id: 0x1694d70f, L:/127.0.0.1:50610 - R:localhost/127.0.0.1:8083] Releasing channel
10:13:39.524 [reactor-http-nio-4] DEBUG reactor.netty.resources.PooledConnectionProvider - [id: 0x1694d70f, L:/127.0.0.1:50610 - R:localhost/127.0.0.1:8083] Channel cleaned, now 68 active connections and 24 inactive connections
10:13:39.525 [reactor-http-nio-4] DEBUG reactor.netty.http.client.HttpClientOperations - [id: 0xb37fd56e, L:/127.0.0.1:50615 - R:localhost/127.0.0.1:8083] Received response (auto-read:false) : [Content-Type=application/json, Transfer-Encoding=chunked, Date=Tue, 07 Jun 2022 09:13:38 GMT]
10:13:39.525 [reactor-http-nio-4] DEBUG reactor.netty.resources.PooledConnectionProvider - [id: 0xb37fd56e, L:/127.0.0.1:50615 - R:localhost/127.0.0.1:8083] onStateChange(GET{uri=/attractions, connection=PooledConnection{channel=[id: 0xb37fd56e, L:/127.0.0.1:50615 - R:localhost/127.0.0.1:8083]}}, [response_received])
10:13:39.525 [reactor-http-nio-4] DEBUG org.springframework.web.reactive.function.client.ExchangeFunctions - [66b12b9d] Response 200 OK
10:13:39.525 [reactor-http-nio-4] DEBUG reactor.netty.channel.FluxReceive - [id: 0xb37fd56e, L:/127.0.0.1:50615 - R:localhost/127.0.0.1:8083] Subscribing inbound receiver [pending: 0, cancelled:false, inboundDone: false]
10:13:39.526 [reactor-http-nio-4] DEBUG reactor.netty.http.client.HttpClientOperations - [id: 0xb37fd56e, L:/127.0.0.1:50615 - R:localhost/127.0.0.1:8083] Received last HTTP packet
10:13:39.511 [reactor-http-nio-1] DEBUG reactor.netty.resources.PooledConnectionProvider - [id: 0xde36731e, L:/127.0.0.1:50647 - R:localhost/127.0.0.1:8083] Channel acquired, now 74 active connections and 18 inactive connections
10:13:39.526 [reactor-http-nio-1] DEBUG reactor.netty.http.client.HttpClientConnect - [id: 0xde36731e, L:/127.0.0.1:50647 - R:localhost/127.0.0.1:8083] Handler is being applied: {uri=http://localhost:8083/attractions, method=GET}
10:13:39.526 [reactor-http-nio-4] DEBUG org.springframework.core.codec.StringDecoder - [66b12b9d] Decoded "[{"longitude":-117.922008,"latitude":33.817595,"attractionName":"Disneyland","city":"Anaheim","stat (truncated)...
10:13:39.526 [reactor-http-nio-4] DEBUG reactor.netty.resources.PooledConnectionProvider - [id: 0xb37fd56e, L:/127.0.0.1:50615 - R:localhost/127.0.0.1:8083] onStateChange(GET{uri=/attractions, connection=PooledConnection{channel=[id: 0xb37fd56e, L:/127.0.0.1:50615 - R:localhost/127.0.0.1:8083]}}, [disconnecting])
10:13:39.526 [reactor-http-nio-4] DEBUG reactor.netty.resources.PooledConnectionProvider - [id: 0xb37fd56e, L:/127.0.0.1:50615 - R:localhost/127.0.0.1:8083] Releasing channel
10:13:39.526 [reactor-http-nio-4] DEBUG reactor.netty.resources.PooledConnectionProvider - [id: 0xb37fd56e, L:/127.0.0.1:50615 - R:localhost/127.0.0.1:8083] Channel cleaned, now 67 active connections and 25 inactive connections
10:13:39.527 [reactor-http-nio-1] DEBUG reactor.netty.resources.PooledConnectionProvider - [id: 0xde36731e, L:/127.0.0.1:50647 - R:localhost/127.0.0.1:8083] onStateChange(GET{uri=/attractions, connection=PooledConnection{channel=[id: 0xde36731e, L:/127.0.0.1:50647 - R:localhost/127.0.0.1:8083]}}, [request_sent])
10:13:39.527 [reactor-http-nio-1] DEBUG reactor.netty.resources.PooledConnectionProvider - [id: 0x91102b11, L:/127.0.0.1:50646 - R:localhost/127.0.0.1:8083] Channel acquired, now 68 active connections and 24 inactive connections
10:13:39.527 [reactor-http-nio-1] DEBUG reactor.netty.http.client.HttpClientConnect - [id: 0x91102b11, L:/127.0.0.1:50646 - R:localhost/127.0.0.1:8083] Handler is being applied: {uri=http://localhost:8083/attractions, method=GET}
10:13:39.528 [reactor-http-nio-4] DEBUG reactor.netty.http.client.HttpClientOperations - [id: 0xce2e26b5, L:/127.0.0.1:50623 - R:localhost/127.0.0.1:8083] Received response (auto-read:false) : [Content-Type=application/json, Transfer-Encoding=chunked, Date=Tue, 07 Jun 2022 09:13:38 GMT]
10:13:39.528 [reactor-http-nio-4] DEBUG reactor.netty.resources.PooledConnectionProvider - [id: 0xce2e26b5, L:/127.0.0.1:50623 - R:localhost/127.0.0.1:8083] onStateChange(GET{uri=/attractions, connection=PooledConnection{channel=[id: 0xce2e26b5, L:/127.0.0.1:50623 - R:localhost/127.0.0.1:8083]}}, [response_received])
10:13:39.528 [reactor-http-nio-4] DEBUG org.springframework.web.reactive.function.client.ExchangeFunctions - [6c5f41b1] Response 200 OK
10:13:39.528 [reactor-http-nio-1] DEBUG reactor.netty.resources.PooledConnectionProvider - [id: 0x91102b11, L:/127.0.0.1:50646 - R:localhost/127.0.0.1:8083] onStateChange(GET{uri=/attractions, connection=PooledConnection{channel=[id: 0x91102b11, L:/127.0.0.1:50646 - R:localhost/127.0.0.1:8083]}}, [request_sent])
10:13:39.528 [reactor-http-nio-1] DEBUG reactor.netty.resources.PooledConnectionProvider - [id: 0x895d9623, L:/127.0.0.1:50643 - R:localhost/127.0.0.1:8083] Channel acquired, now 69 active connections and 23 inactive connections
10:13:39.528 [reactor-http-nio-4] DEBUG reactor.netty.channel.FluxReceive - [id: 0xce2e26b5, L:/127.0.0.1:50623 - R:localhost/127.0.0.1:8083] Subscribing inbound receiver [pending: 0, cancelled:false, inboundDone: false]
10:13:39.528 [reactor-http-nio-1] DEBUG reactor.netty.http.client.HttpClientConnect - [id: 0x895d9623, L:/127.0.0.1:50643 - R:localhost/127.0.0.1:8083] Handler is being applied: {uri=http://localhost:8083/attractions, method=GET}
10:13:39.528 [reactor-http-nio-4] DEBUG reactor.netty.http.client.HttpClientOperations - [id: 0xce2e26b5, L:/127.0.0.1:50623 - R:localhost/127.0.0.1:8083] Received last HTTP packet
10:13:39.529 [reactor-http-nio-1] DEBUG reactor.netty.resources.PooledConnectionProvider - [id: 0x895d9623, L:/127.0.0.1:50643 - R:localhost/127.0.0.1:8083] onStateChange(GET{uri=/attractions, connection=PooledConnection{channel=[id: 0x895d9623, L:/127.0.0.1:50643 - R:localhost/127.0.0.1:8083]}}, [request_sent])
10:13:39.529 [reactor-http-nio-4] DEBUG org.springframework.core.codec.StringDecoder - [6c5f41b1] Decoded "[{"longitude":-117.922008,"latitude":33.817595,"attractionName":"Disneyland","city":"Anaheim","stat (truncated)...
10:13:39.529 [reactor-http-nio-4] DEBUG reactor.netty.resources.PooledConnectionProvider - [id: 0xce2e26b5, L:/127.0.0.1:50623 - R:localhost/127.0.0.1:8083] onStateChange(GET{uri=/attractions, connection=PooledConnection{channel=[id: 0xce2e26b5, L:/127.0.0.1:50623 - R:localhost/127.0.0.1:8083]}}, [disconnecting])
10:13:39.529 [reactor-http-nio-4] DEBUG reactor.netty.resources.PooledConnectionProvider - [id: 0xce2e26b5, L:/127.0.0.1:50623 - R:localhost/127.0.0.1:8083] Releasing channel
10:13:39.529 [reactor-http-nio-4] DEBUG reactor.netty.resources.PooledConnectionProvider - [id: 0xce2e26b5, L:/127.0.0.1:50623 - R:localhost/127.0.0.1:8083] Channel cleaned, now 68 active connections and 24 inactive connections
10:13:39.529 [reactor-http-nio-1] DEBUG reactor.netty.http.client.HttpClientOperations - [id: 0x8ed49f05, L:/127.0.0.1:50631 - R:localhost/127.0.0.1:8083] Received response (auto-read:false) : [Content-Type=application/json, Transfer-Encoding=chunked, Date=Tue, 07 Jun 2022 09:13:38 GMT]
10:13:39.529 [reactor-http-nio-1] DEBUG reactor.netty.resources.PooledConnectionProvider - [id: 0x8ed49f05, L:/127.0.0.1:50631 - R:localhost/127.0.0.1:8083] onStateChange(GET{uri=/attractions, connection=PooledConnection{channel=[id: 0x8ed49f05, L:/127.0.0.1:50631 - R:localhost/127.0.0.1:8083]}}, [response_received])
10:13:39.529 [reactor-http-nio-1] DEBUG org.springframework.web.reactive.function.client.ExchangeFunctions - [5c9af19f] Response 200 OK
10:13:39.518 [reactor-http-nio-3] DEBUG reactor.netty.http.client.HttpClientOperations - [id: 0xbacd0b54, L:/127.0.0.1:50684 - R:localhost/127.0.0.1:8083] Received last HTTP packet
10:13:39.530 [reactor-http-nio-3] DEBUG org.springframework.core.codec.StringDecoder - [683a6000] Decoded "{"userId":"12543915-5304-4bbe-b71a-b78477085992","location":{"longitude":-167.08056,"latitude":16.4 (truncated)...
10:13:39.531 [reactor-http-nio-3] DEBUG reactor.netty.resources.PooledConnectionProvider - [id: 0xbacd0b54, L:/127.0.0.1:50684 - R:localhost/127.0.0.1:8083] onStateChange(GET{uri=/userLocation?userId=12543915-5304-4bbe-b71a-b78477085992, connection=PooledConnection{channel=[id: 0xbacd0b54, L:/127.0.0.1:50684 - R:localhost/127.0.0.1:8083]}}, [disconnecting])
10:13:39.531 [reactor-http-nio-3] DEBUG reactor.netty.resources.PooledConnectionProvider - [id: 0xbacd0b54, L:/127.0.0.1:50684 - R:localhost/127.0.0.1:8083] Releasing channel
10:13:39.531 [reactor-http-nio-3] DEBUG reactor.netty.resources.PooledConnectionProvider - [id: 0xbacd0b54, L:/127.0.0.1:50684 - R:localhost/127.0.0.1:8083] Channel cleaned, now 67 active connections and 25 inactive connections
10:13:39.519 [pool-4-thread-64] DEBUG org.springframework.web.reactive.function.client.ExchangeFunctions - [75549450] HTTP GET http://localhost:8083/attractions
10:13:39.533 [reactor-http-nio-1] DEBUG reactor.netty.channel.FluxReceive - [id: 0x8ed49f05, L:/127.0.0.1:50631 - R:localhost/127.0.0.1:8083] Subscribing inbound receiver [pending: 0, cancelled:false, inboundDone: false]
10:13:39.534 [reactor-http-nio-1] DEBUG reactor.netty.http.client.HttpClientOperations - [id: 0x8ed49f05, L:/127.0.0.1:50631 - R:localhost/127.0.0.1:8083] Received last HTTP packet
10:13:39.535 [reactor-http-nio-1] DEBUG org.springframework.core.codec.StringDecoder - [5c9af19f] Decoded "[{"longitude":-117.922008,"latitude":33.817595,"attractionName":"Disneyland","city":"Anaheim","stat (truncated)...
10:13:39.535 [reactor-http-nio-1] DEBUG reactor.netty.resources.PooledConnectionProvider - [id: 0x8ed49f05, L:/127.0.0.1:50631 - R:localhost/127.0.0.1:8083] onStateChange(GET{uri=/attractions, connection=PooledConnection{channel=[id: 0x8ed49f05, L:/127.0.0.1:50631 - R:localhost/127.0.0.1:8083]}}, [disconnecting])
10:13:39.535 [reactor-http-nio-1] DEBUG reactor.netty.resources.PooledConnectionProvider - [id: 0x8ed49f05, L:/127.0.0.1:50631 - R:localhost/127.0.0.1:8083] Releasing channel
10:13:39.535 [reactor-http-nio-1] DEBUG reactor.netty.resources.PooledConnectionProvider - [id: 0x8ed49f05, L:/127.0.0.1:50631 - R:localhost/127.0.0.1:8083] Channel cleaned, now 66 active connections and 26 inactive connections
10:13:39.535 [pool-4-thread-93] DEBUG org.springframework.web.reactive.function.client.ExchangeFunctions - [66fd8377] HTTP GET http://localhost:8083/attractions
10:13:39.535 [reactor-http-nio-1] DEBUG reactor.netty.http.client.HttpClientOperations - [id: 0xec1f4ce8, L:/127.0.0.1:50641 - R:localhost/127.0.0.1:8083] Received response (auto-read:false) : [Content-Type=application/json, Transfer-Encoding=chunked, Date=Tue, 07 Jun 2022 09:13:38 GMT]
10:13:39.535 [reactor-http-nio-1] DEBUG reactor.netty.resources.PooledConnectionProvider - [id: 0xec1f4ce8, L:/127.0.0.1:50641 - R:localhost/127.0.0.1:8083] onStateChange(GET{uri=/attractions, connection=PooledConnection{channel=[id: 0xec1f4ce8, L:/127.0.0.1:50641 - R:localhost/127.0.0.1:8083]}}, [response_received])
10:13:39.535 [reactor-http-nio-1] DEBUG org.springframework.web.reactive.function.client.ExchangeFunctions - [e0ae212] Response 200 OK
10:13:39.533 [pool-6-thread-1] DEBUG org.springframework.web.reactive.function.client.ExchangeFunctions - [717a727b] HTTP GET http://localhost:8083/userLocation?userId=f39bec7c-db33-4abf-a27f-640dd305188c
10:13:39.536 [reactor-http-nio-3] DEBUG reactor.netty.http.client.HttpClientOperations - [id: 0x21943d07, L:/127.0.0.1:50688 - R:localhost/127.0.0.1:8083] Received response (auto-read:false) : [Content-Type=application/json, Transfer-Encoding=chunked, Date=Tue, 07 Jun 2022 09:13:38 GMT]
10:13:39.536 [reactor-http-nio-3] DEBUG reactor.netty.resources.PooledConnectionProvider - [id: 0x21943d07, L:/127.0.0.1:50688 - R:localhost/127.0.0.1:8083] onStateChange(GET{uri=/attractions, connection=PooledConnection{channel=[id: 0x21943d07, L:/127.0.0.1:50688 - R:localhost/127.0.0.1:8083]}}, [response_received])
10:13:39.536 [reactor-http-nio-3] DEBUG org.springframework.web.reactive.function.client.ExchangeFunctions - [47e59f86] Response 200 OK
10:13:39.536 [reactor-http-nio-3] DEBUG reactor.netty.channel.FluxReceive - [id: 0x21943d07, L:/127.0.0.1:50688 - R:localhost/127.0.0.1:8083] Subscribing inbound receiver [pending: 0, cancelled:false, inboundDone: false]
10:13:39.536 [reactor-http-nio-3] DEBUG reactor.netty.http.client.HttpClientOperations - [id: 0x21943d07, L:/127.0.0.1:50688 - R:localhost/127.0.0.1:8083] Received last HTTP packet
10:13:39.537 [reactor-http-nio-3] DEBUG org.springframework.core.codec.StringDecoder - [47e59f86] Decoded "[{"longitude":-117.922008,"latitude":33.817595,"attractionName":"Disneyland","city":"Anaheim","stat (truncated)...
10:13:39.537 [reactor-http-nio-3] DEBUG reactor.netty.resources.PooledConnectionProvider - [id: 0x21943d07, L:/127.0.0.1:50688 - R:localhost/127.0.0.1:8083] onStateChange(GET{uri=/attractions, connection=PooledConnection{channel=[id: 0x21943d07, L:/127.0.0.1:50688 - R:localhost/127.0.0.1:8083]}}, [disconnecting])
10:13:39.537 [reactor-http-nio-3] DEBUG reactor.netty.resources.PooledConnectionProvider - [id: 0x21943d07, L:/127.0.0.1:50688 - R:localhost/127.0.0.1:8083] Releasing channel
10:13:39.537 [reactor-http-nio-3] DEBUG reactor.netty.resources.PooledConnectionProvider - [id: 0x21943d07, L:/127.0.0.1:50688 - R:localhost/127.0.0.1:8083] Channel cleaned, now 65 active connections and 27 inactive connections
10:13:39.537 [reactor-http-nio-3] DEBUG reactor.netty.resources.PooledConnectionProvider - [id: 0x90a5bcc2, L:/127.0.0.1:50685 - R:localhost/127.0.0.1:8083] Channel acquired, now 66 active connections and 26 inactive connections
10:13:39.521 [reactor-http-nio-2] DEBUG reactor.netty.http.client.HttpClientOperations - [id: 0x011036a3, L:/127.0.0.1:50616 - R:localhost/127.0.0.1:8083] Received last HTTP packet
10:13:39.537 [reactor-http-nio-3] DEBUG reactor.netty.http.client.HttpClientConnect - [id: 0x90a5bcc2, L:/127.0.0.1:50685 - R:localhost/127.0.0.1:8083] Handler is being applied: {uri=http://localhost:8083/attractions, method=GET}
10:13:39.538 [reactor-http-nio-2] DEBUG org.springframework.core.codec.StringDecoder - [47e821f2] Decoded "[{"longitude":-117.922008,"latitude":33.817595,"attractionName":"Disneyland","city":"Anaheim","stat (truncated)...
10:13:39.538 [reactor-http-nio-2] DEBUG reactor.netty.resources.PooledConnectionProvider - [id: 0x011036a3, L:/127.0.0.1:50616 - R:localhost/127.0.0.1:8083] onStateChange(GET{uri=/attractions, connection=PooledConnection{channel=[id: 0x011036a3, L:/127.0.0.1:50616 - R:localhost/127.0.0.1:8083]}}, [disconnecting])
10:13:39.538 [reactor-http-nio-2] DEBUG reactor.netty.resources.PooledConnectionProvider - [id: 0x011036a3, L:/127.0.0.1:50616 - R:localhost/127.0.0.1:8083] Releasing channel
10:13:39.538 [reactor-http-nio-2] DEBUG reactor.netty.resources.PooledConnectionProvider - [id: 0x011036a3, L:/127.0.0.1:50616 - R:localhost/127.0.0.1:8083] Channel cleaned, now 65 active connections and 27 inactive connections
10:13:39.538 [reactor-http-nio-3] DEBUG reactor.netty.resources.PooledConnectionProvider - [id: 0x90a5bcc2, L:/127.0.0.1:50685 - R:localhost/127.0.0.1:8083] onStateChange(GET{uri=/attractions, connection=PooledConnection{channel=[id: 0x90a5bcc2, L:/127.0.0.1:50685 - R:localhost/127.0.0.1:8083]}}, [request_sent])
10:13:39.538 [reactor-http-nio-2] DEBUG reactor.netty.http.client.HttpClientOperations - [id: 0x7da5620d, L:/127.0.0.1:50618 - R:localhost/127.0.0.1:8083] Received response (auto-read:false) : [Content-Type=application/json, Transfer-Encoding=chunked, Date=Tue, 07 Jun 2022 09:13:38 GMT]
10:13:39.538 [reactor-http-nio-2] DEBUG reactor.netty.resources.PooledConnectionProvider - [id: 0x7da5620d, L:/127.0.0.1:50618 - R:localhost/127.0.0.1:8083] onStateChange(GET{uri=/attractions, connection=PooledConnection{channel=[id: 0x7da5620d, L:/127.0.0.1:50618 - R:localhost/127.0.0.1:8083]}}, [response_received])
10:13:39.539 [reactor-http-nio-2] DEBUG org.springframework.web.reactive.function.client.ExchangeFunctions - [63ada1a2] Response 200 OK
10:13:39.539 [reactor-http-nio-3] DEBUG reactor.netty.http.client.HttpClientOperations - [id: 0x1ff223b6, L:/127.0.0.1:50656 - R:localhost/127.0.0.1:8083] Received response (auto-read:false) : [Content-Type=application/json, Transfer-Encoding=chunked, Date=Tue, 07 Jun 2022 09:13:38 GMT]
10:13:39.539 [reactor-http-nio-3] DEBUG reactor.netty.resources.PooledConnectionProvider - [id: 0x1ff223b6, L:/127.0.0.1:50656 - R:localhost/127.0.0.1:8083] onStateChange(GET{uri=/attractions, connection=PooledConnection{channel=[id: 0x1ff223b6, L:/127.0.0.1:50656 - R:localhost/127.0.0.1:8083]}}, [response_received])
10:13:39.539 [reactor-http-nio-3] DEBUG org.springframework.web.reactive.function.client.ExchangeFunctions - [896a5c8] Response 200 OK
10:13:39.539 [reactor-http-nio-2] DEBUG reactor.netty.channel.FluxReceive - [id: 0x7da5620d, L:/127.0.0.1:50618 - R:localhost/127.0.0.1:8083] Subscribing inbound receiver [pending: 0, cancelled:false, inboundDone: false]
10:13:39.539 [reactor-http-nio-3] DEBUG reactor.netty.channel.FluxReceive - [id: 0x1ff223b6, L:/127.0.0.1:50656 - R:localhost/127.0.0.1:8083] Subscribing inbound receiver [pending: 0, cancelled:false, inboundDone: false]
10:13:39.539 [reactor-http-nio-2] DEBUG reactor.netty.http.client.HttpClientOperations - [id: 0x7da5620d, L:/127.0.0.1:50618 - R:localhost/127.0.0.1:8083] Received last HTTP packet
10:13:39.539 [reactor-http-nio-3] DEBUG reactor.netty.http.client.HttpClientOperations - [id: 0x1ff223b6, L:/127.0.0.1:50656 - R:localhost/127.0.0.1:8083] Received last HTTP packet
10:13:39.539 [reactor-http-nio-3] DEBUG org.springframework.core.codec.StringDecoder - [896a5c8] Decoded "[{"longitude":-117.922008,"latitude":33.817595,"attractionName":"Disneyland","city":"Anaheim","stat (truncated)...
10:13:39.539 [reactor-http-nio-3] DEBUG reactor.netty.resources.PooledConnectionProvider - [id: 0x1ff223b6, L:/127.0.0.1:50656 - R:localhost/127.0.0.1:8083] onStateChange(GET{uri=/attractions, connection=PooledConnection{channel=[id: 0x1ff223b6, L:/127.0.0.1:50656 - R:localhost/127.0.0.1:8083]}}, [disconnecting])
10:13:39.539 [reactor-http-nio-3] DEBUG reactor.netty.resources.PooledConnectionProvider - [id: 0x1ff223b6, L:/127.0.0.1:50656 - R:localhost/127.0.0.1:8083] Releasing channel
10:13:39.539 [reactor-http-nio-3] DEBUG reactor.netty.resources.PooledConnectionProvider - [id: 0x1ff223b6, L:/127.0.0.1:50656 - R:localhost/127.0.0.1:8083] Channel cleaned, now 64 active connections and 28 inactive connections
10:13:39.540 [reactor-http-nio-2] DEBUG org.springframework.core.codec.StringDecoder - [63ada1a2] Decoded "[{"longitude":-117.922008,"latitude":33.817595,"attractionName":"Disneyland","city":"Anaheim","stat (truncated)...
10:13:39.540 [reactor-http-nio-2] DEBUG reactor.netty.resources.PooledConnectionProvider - [id: 0x7da5620d, L:/127.0.0.1:50618 - R:localhost/127.0.0.1:8083] onStateChange(GET{uri=/attractions, connection=PooledConnection{channel=[id: 0x7da5620d, L:/127.0.0.1:50618 - R:localhost/127.0.0.1:8083]}}, [disconnecting])
10:13:39.540 [reactor-http-nio-2] DEBUG reactor.netty.resources.PooledConnectionProvider - [id: 0x7da5620d, L:/127.0.0.1:50618 - R:localhost/127.0.0.1:8083] Releasing channel
10:13:39.540 [reactor-http-nio-2] DEBUG reactor.netty.resources.PooledConnectionProvider - [id: 0x7da5620d, L:/127.0.0.1:50618 - R:localhost/127.0.0.1:8083] Channel cleaned, now 63 active connections and 29 inactive connections
10:13:39.540 [reactor-http-nio-2] DEBUG reactor.netty.http.client.HttpClientOperations - [id: 0xf6a1e568, L:/127.0.0.1:50619 - R:localhost/127.0.0.1:8083] Received response (auto-read:false) : [Content-Type=application/json, Transfer-Encoding=chunked, Date=Tue, 07 Jun 2022 09:13:38 GMT]
10:13:39.540 [reactor-http-nio-2] DEBUG reactor.netty.resources.PooledConnectionProvider - [id: 0xf6a1e568, L:/127.0.0.1:50619 - R:localhost/127.0.0.1:8083] onStateChange(GET{uri=/attractions, connection=PooledConnection{channel=[id: 0xf6a1e568, L:/127.0.0.1:50619 - R:localhost/127.0.0.1:8083]}}, [response_received])
10:13:39.540 [reactor-http-nio-2] DEBUG org.springframework.web.reactive.function.client.ExchangeFunctions - [6ff2fb48] Response 200 OK
10:13:39.540 [reactor-http-nio-2] DEBUG reactor.netty.channel.FluxReceive - [id: 0xf6a1e568, L:/127.0.0.1:50619 - R:localhost/127.0.0.1:8083] Subscribing inbound receiver [pending: 0, cancelled:false, inboundDone: false]
10:13:39.541 [reactor-http-nio-2] DEBUG reactor.netty.http.client.HttpClientOperations - [id: 0xf6a1e568, L:/127.0.0.1:50619 - R:localhost/127.0.0.1:8083] Received last HTTP packet
10:13:39.541 [reactor-http-nio-2] DEBUG org.springframework.core.codec.StringDecoder - [6ff2fb48] Decoded "[{"longitude":-117.922008,"latitude":33.817595,"attractionName":"Disneyland","city":"Anaheim","stat (truncated)...
10:13:39.541 [reactor-http-nio-2] DEBUG reactor.netty.resources.PooledConnectionProvider - [id: 0xf6a1e568, L:/127.0.0.1:50619 - R:localhost/127.0.0.1:8083] onStateChange(GET{uri=/attractions, connection=PooledConnection{channel=[id: 0xf6a1e568, L:/127.0.0.1:50619 - R:localhost/127.0.0.1:8083]}}, [disconnecting])
10:13:39.541 [reactor-http-nio-2] DEBUG reactor.netty.resources.PooledConnectionProvider - [id: 0xf6a1e568, L:/127.0.0.1:50619 - R:localhost/127.0.0.1:8083] Releasing channel
10:13:39.541 [reactor-http-nio-2] DEBUG reactor.netty.resources.PooledConnectionProvider - [id: 0xf6a1e568, L:/127.0.0.1:50619 - R:localhost/127.0.0.1:8083] Channel cleaned, now 62 active connections and 30 inactive connections
10:13:39.542 [reactor-http-nio-2] DEBUG reactor.netty.http.client.HttpClientOperations - [id: 0xfff007b6, L:/127.0.0.1:50626 - R:localhost/127.0.0.1:8083] Received response (auto-read:false) : [Content-Type=application/json, Transfer-Encoding=chunked, Date=Tue, 07 Jun 2022 09:13:38 GMT]
10:13:39.542 [reactor-http-nio-2] DEBUG reactor.netty.resources.PooledConnectionProvider - [id: 0xfff007b6, L:/127.0.0.1:50626 - R:localhost/127.0.0.1:8083] onStateChange(GET{uri=/attractions, connection=PooledConnection{channel=[id: 0xfff007b6, L:/127.0.0.1:50626 - R:localhost/127.0.0.1:8083]}}, [response_received])
10:13:39.542 [reactor-http-nio-2] DEBUG org.springframework.web.reactive.function.client.ExchangeFunctions - [1d76c0f2] Response 200 OK
10:13:39.529 [reactor-http-nio-4] DEBUG reactor.netty.http.client.HttpClientOperations - [id: 0x96ea5c39, L:/127.0.0.1:50633 - R:localhost/127.0.0.1:8083] Received response (auto-read:false) : [Content-Type=application/json, Transfer-Encoding=chunked, Date=Tue, 07 Jun 2022 09:13:38 GMT]
10:13:39.542 [reactor-http-nio-4] DEBUG reactor.netty.resources.PooledConnectionProvider - [id: 0x96ea5c39, L:/127.0.0.1:50633 - R:localhost/127.0.0.1:8083] onStateChange(GET{uri=/attractions, connection=PooledConnection{channel=[id: 0x96ea5c39, L:/127.0.0.1:50633 - R:localhost/127.0.0.1:8083]}}, [response_received])
10:13:39.542 [reactor-http-nio-4] DEBUG org.springframework.web.reactive.function.client.ExchangeFunctions - [121055a0] Response 200 OK
10:13:39.542 [reactor-http-nio-2] DEBUG reactor.netty.channel.FluxReceive - [id: 0xfff007b6, L:/127.0.0.1:50626 - R:localhost/127.0.0.1:8083] Subscribing inbound receiver [pending: 0, cancelled:false, inboundDone: false]
10:13:39.542 [reactor-http-nio-2] DEBUG reactor.netty.http.client.HttpClientOperations - [id: 0xfff007b6, L:/127.0.0.1:50626 - R:localhost/127.0.0.1:8083] Received last HTTP packet
10:13:39.543 [reactor-http-nio-4] DEBUG reactor.netty.channel.FluxReceive - [id: 0x96ea5c39, L:/127.0.0.1:50633 - R:localhost/127.0.0.1:8083] Subscribing inbound receiver [pending: 0, cancelled:false, inboundDone: false]
10:13:39.543 [reactor-http-nio-2] DEBUG org.springframework.core.codec.StringDecoder - [1d76c0f2] Decoded "[{"longitude":-117.922008,"latitude":33.817595,"attractionName":"Disneyland","city":"Anaheim","stat (truncated)...
10:13:39.543 [reactor-http-nio-2] DEBUG reactor.netty.resources.PooledConnectionProvider - [id: 0xfff007b6, L:/127.0.0.1:50626 - R:localhost/127.0.0.1:8083] onStateChange(GET{uri=/attractions, connection=PooledConnection{channel=[id: 0xfff007b6, L:/127.0.0.1:50626 - R:localhost/127.0.0.1:8083]}}, [disconnecting])
10:13:39.543 [reactor-http-nio-2] DEBUG reactor.netty.resources.PooledConnectionProvider - [id: 0xfff007b6, L:/127.0.0.1:50626 - R:localhost/127.0.0.1:8083] Releasing channel
10:13:39.543 [reactor-http-nio-2] DEBUG reactor.netty.resources.PooledConnectionProvider - [id: 0xfff007b6, L:/127.0.0.1:50626 - R:localhost/127.0.0.1:8083] Channel cleaned, now 61 active connections and 31 inactive connections
10:13:39.543 [reactor-http-nio-2] DEBUG reactor.netty.http.client.HttpClientOperations - [id: 0xcfb207a6, L:/127.0.0.1:50628 - R:localhost/127.0.0.1:8083] Received response (auto-read:false) : [Content-Type=application/json, Transfer-Encoding=chunked, Date=Tue, 07 Jun 2022 09:13:38 GMT]
10:13:39.543 [reactor-http-nio-2] DEBUG reactor.netty.resources.PooledConnectionProvider - [id: 0xcfb207a6, L:/127.0.0.1:50628 - R:localhost/127.0.0.1:8083] onStateChange(GET{uri=/attractions, connection=PooledConnection{channel=[id: 0xcfb207a6, L:/127.0.0.1:50628 - R:localhost/127.0.0.1:8083]}}, [response_received])
10:13:39.544 [reactor-http-nio-2] DEBUG org.springframework.web.reactive.function.client.ExchangeFunctions - [26d38adb] Response 200 OK
10:13:39.544 [reactor-http-nio-2] DEBUG reactor.netty.channel.FluxReceive - [id: 0xcfb207a6, L:/127.0.0.1:50628 - R:localhost/127.0.0.1:8083] Subscribing inbound receiver [pending: 0, cancelled:false, inboundDone: false]
10:13:39.545 [reactor-http-nio-2] DEBUG reactor.netty.http.client.HttpClientOperations - [id: 0xcfb207a6, L:/127.0.0.1:50628 - R:localhost/127.0.0.1:8083] Received last HTTP packet
10:13:39.545 [reactor-http-nio-2] DEBUG org.springframework.core.codec.StringDecoder - [26d38adb] Decoded "[{"longitude":-117.922008,"latitude":33.817595,"attractionName":"Disneyland","city":"Anaheim","stat (truncated)...
10:13:39.545 [reactor-http-nio-2] DEBUG reactor.netty.resources.PooledConnectionProvider - [id: 0xcfb207a6, L:/127.0.0.1:50628 - R:localhost/127.0.0.1:8083] onStateChange(GET{uri=/attractions, connection=PooledConnection{channel=[id: 0xcfb207a6, L:/127.0.0.1:50628 - R:localhost/127.0.0.1:8083]}}, [disconnecting])
10:13:39.545 [reactor-http-nio-2] DEBUG reactor.netty.resources.PooledConnectionProvider - [id: 0xcfb207a6, L:/127.0.0.1:50628 - R:localhost/127.0.0.1:8083] Releasing channel
10:13:39.545 [reactor-http-nio-2] DEBUG reactor.netty.resources.PooledConnectionProvider - [id: 0xcfb207a6, L:/127.0.0.1:50628 - R:localhost/127.0.0.1:8083] Channel cleaned, now 60 active connections and 32 inactive connections
10:13:39.545 [reactor-http-nio-2] DEBUG reactor.netty.http.client.HttpClientOperations - [id: 0x10c31243, L:/127.0.0.1:50629 - R:localhost/127.0.0.1:8083] Received response (auto-read:false) : [Content-Type=application/json, Transfer-Encoding=chunked, Date=Tue, 07 Jun 2022 09:13:38 GMT]
10:13:39.545 [reactor-http-nio-2] DEBUG reactor.netty.resources.PooledConnectionProvider - [id: 0x10c31243, L:/127.0.0.1:50629 - R:localhost/127.0.0.1:8083] onStateChange(GET{uri=/attractions, connection=PooledConnection{channel=[id: 0x10c31243, L:/127.0.0.1:50629 - R:localhost/127.0.0.1:8083]}}, [response_received])
10:13:39.546 [reactor-http-nio-2] DEBUG org.springframework.web.reactive.function.client.ExchangeFunctions - [22ccdb81] Response 200 OK
10:13:39.546 [reactor-http-nio-2] DEBUG reactor.netty.channel.FluxReceive - [id: 0x10c31243, L:/127.0.0.1:50629 - R:localhost/127.0.0.1:8083] Subscribing inbound receiver [pending: 0, cancelled:false, inboundDone: false]
10:13:39.546 [reactor-http-nio-2] DEBUG reactor.netty.http.client.HttpClientOperations - [id: 0x10c31243, L:/127.0.0.1:50629 - R:localhost/127.0.0.1:8083] Received last HTTP packet
10:13:39.535 [reactor-http-nio-1] DEBUG reactor.netty.channel.FluxReceive - [id: 0xec1f4ce8, L:/127.0.0.1:50641 - R:localhost/127.0.0.1:8083] Subscribing inbound receiver [pending: 0, cancelled:false, inboundDone: false]
10:13:39.547 [reactor-http-nio-1] DEBUG reactor.netty.http.client.HttpClientOperations - [id: 0xec1f4ce8, L:/127.0.0.1:50641 - R:localhost/127.0.0.1:8083] Received last HTTP packet
10:13:39.548 [reactor-http-nio-1] DEBUG org.springframework.core.codec.StringDecoder - [e0ae212] Decoded "[{"longitude":-117.922008,"latitude":33.817595,"attractionName":"Disneyland","city":"Anaheim","stat (truncated)...
10:13:39.548 [reactor-http-nio-1] DEBUG reactor.netty.resources.PooledConnectionProvider - [id: 0xec1f4ce8, L:/127.0.0.1:50641 - R:localhost/127.0.0.1:8083] onStateChange(GET{uri=/attractions, connection=PooledConnection{channel=[id: 0xec1f4ce8, L:/127.0.0.1:50641 - R:localhost/127.0.0.1:8083]}}, [disconnecting])
10:13:39.548 [reactor-http-nio-1] DEBUG reactor.netty.resources.PooledConnectionProvider - [id: 0xec1f4ce8, L:/127.0.0.1:50641 - R:localhost/127.0.0.1:8083] Releasing channel
10:13:39.548 [reactor-http-nio-1] DEBUG reactor.netty.resources.PooledConnectionProvider - [id: 0xec1f4ce8, L:/127.0.0.1:50641 - R:localhost/127.0.0.1:8083] Channel cleaned, now 59 active connections and 33 inactive connections
10:13:39.549 [reactor-http-nio-1] DEBUG reactor.netty.http.client.HttpClientOperations - [id: 0xb12e3ff3, L:/127.0.0.1:50644 - R:localhost/127.0.0.1:8083] Received response (auto-read:false) : [Content-Type=application/json, Transfer-Encoding=chunked, Date=Tue, 07 Jun 2022 09:13:38 GMT]
10:13:39.549 [reactor-http-nio-1] DEBUG reactor.netty.resources.PooledConnectionProvider - [id: 0xb12e3ff3, L:/127.0.0.1:50644 - R:localhost/127.0.0.1:8083] onStateChange(GET{uri=/attractions, connection=PooledConnection{channel=[id: 0xb12e3ff3, L:/127.0.0.1:50644 - R:localhost/127.0.0.1:8083]}}, [response_received])
10:13:39.549 [reactor-http-nio-1] DEBUG org.springframework.web.reactive.function.client.ExchangeFunctions - [3fdd2f3] Response 200 OK
10:13:39.549 [reactor-http-nio-4] DEBUG reactor.netty.http.client.HttpClientOperations - [id: 0x96ea5c39, L:/127.0.0.1:50633 - R:localhost/127.0.0.1:8083] Received last HTTP packet
10:13:39.550 [reactor-http-nio-4] DEBUG org.springframework.core.codec.StringDecoder - [121055a0] Decoded "[{"longitude":-117.922008,"latitude":33.817595,"attractionName":"Disneyland","city":"Anaheim","stat (truncated)...
10:13:39.550 [reactor-http-nio-4] DEBUG reactor.netty.resources.PooledConnectionProvider - [id: 0x96ea5c39, L:/127.0.0.1:50633 - R:localhost/127.0.0.1:8083] onStateChange(GET{uri=/attractions, connection=PooledConnection{channel=[id: 0x96ea5c39, L:/127.0.0.1:50633 - R:localhost/127.0.0.1:8083]}}, [disconnecting])
10:13:39.550 [reactor-http-nio-4] DEBUG reactor.netty.resources.PooledConnectionProvider - [id: 0x96ea5c39, L:/127.0.0.1:50633 - R:localhost/127.0.0.1:8083] Releasing channel
10:13:39.550 [reactor-http-nio-4] DEBUG reactor.netty.resources.PooledConnectionProvider - [id: 0x96ea5c39, L:/127.0.0.1:50633 - R:localhost/127.0.0.1:8083] Channel cleaned, now 58 active connections and 34 inactive connections
10:13:39.550 [reactor-http-nio-1] DEBUG reactor.netty.channel.FluxReceive - [id: 0xb12e3ff3, L:/127.0.0.1:50644 - R:localhost/127.0.0.1:8083] Subscribing inbound receiver [pending: 0, cancelled:false, inboundDone: false]
10:13:39.550 [reactor-http-nio-1] DEBUG reactor.netty.http.client.HttpClientOperations - [id: 0xb12e3ff3, L:/127.0.0.1:50644 - R:localhost/127.0.0.1:8083] Received last HTTP packet
10:13:39.550 [reactor-http-nio-1] DEBUG org.springframework.core.codec.StringDecoder - [3fdd2f3] Decoded "[{"longitude":-117.922008,"latitude":33.817595,"attractionName":"Disneyland","city":"Anaheim","stat (truncated)...
10:13:39.551 [reactor-http-nio-1] DEBUG reactor.netty.resources.PooledConnectionProvider - [id: 0xb12e3ff3, L:/127.0.0.1:50644 - R:localhost/127.0.0.1:8083] onStateChange(GET{uri=/attractions, connection=PooledConnection{channel=[id: 0xb12e3ff3, L:/127.0.0.1:50644 - R:localhost/127.0.0.1:8083]}}, [disconnecting])
10:13:39.551 [reactor-http-nio-2] DEBUG org.springframework.core.codec.StringDecoder - [22ccdb81] Decoded "[{"longitude":-117.922008,"latitude":33.817595,"attractionName":"Disneyland","city":"Anaheim","stat (truncated)...
10:13:39.551 [reactor-http-nio-2] DEBUG reactor.netty.resources.PooledConnectionProvider - [id: 0x10c31243, L:/127.0.0.1:50629 - R:localhost/127.0.0.1:8083] onStateChange(GET{uri=/attractions, connection=PooledConnection{channel=[id: 0x10c31243, L:/127.0.0.1:50629 - R:localhost/127.0.0.1:8083]}}, [disconnecting])
10:13:39.551 [reactor-http-nio-2] DEBUG reactor.netty.resources.PooledConnectionProvider - [id: 0x10c31243, L:/127.0.0.1:50629 - R:localhost/127.0.0.1:8083] Releasing channel
10:13:39.551 [reactor-http-nio-2] DEBUG reactor.netty.resources.PooledConnectionProvider - [id: 0x10c31243, L:/127.0.0.1:50629 - R:localhost/127.0.0.1:8083] Channel cleaned, now 57 active connections and 35 inactive connections
10:13:39.551 [reactor-http-nio-2] DEBUG reactor.netty.http.client.HttpClientOperations - [id: 0x254a87ce, L:/127.0.0.1:50632 - R:localhost/127.0.0.1:8083] Received response (auto-read:false) : [Content-Type=application/json, Transfer-Encoding=chunked, Date=Tue, 07 Jun 2022 09:13:38 GMT]
10:13:39.551 [reactor-http-nio-2] DEBUG reactor.netty.resources.PooledConnectionProvider - [id: 0x254a87ce, L:/127.0.0.1:50632 - R:localhost/127.0.0.1:8083] onStateChange(GET{uri=/attractions, connection=PooledConnection{channel=[id: 0x254a87ce, L:/127.0.0.1:50632 - R:localhost/127.0.0.1:8083]}}, [response_received])
10:13:39.552 [reactor-http-nio-2] DEBUG org.springframework.web.reactive.function.client.ExchangeFunctions - [37b4d844] Response 200 OK
10:13:39.552 [reactor-http-nio-2] DEBUG reactor.netty.channel.FluxReceive - [id: 0x254a87ce, L:/127.0.0.1:50632 - R:localhost/127.0.0.1:8083] Subscribing inbound receiver [pending: 0, cancelled:false, inboundDone: false]
10:13:39.552 [reactor-http-nio-2] DEBUG reactor.netty.http.client.HttpClientOperations - [id: 0x254a87ce, L:/127.0.0.1:50632 - R:localhost/127.0.0.1:8083] Received last HTTP packet
10:13:39.553 [reactor-http-nio-2] DEBUG org.springframework.core.codec.StringDecoder - [37b4d844] Decoded "[{"longitude":-117.922008,"latitude":33.817595,"attractionName":"Disneyland","city":"Anaheim","stat (truncated)...
10:13:39.553 [reactor-http-nio-2] DEBUG reactor.netty.resources.PooledConnectionProvider - [id: 0x254a87ce, L:/127.0.0.1:50632 - R:localhost/127.0.0.1:8083] onStateChange(GET{uri=/attractions, connection=PooledConnection{channel=[id: 0x254a87ce, L:/127.0.0.1:50632 - R:localhost/127.0.0.1:8083]}}, [disconnecting])
10:13:39.553 [reactor-http-nio-2] DEBUG reactor.netty.resources.PooledConnectionProvider - [id: 0x254a87ce, L:/127.0.0.1:50632 - R:localhost/127.0.0.1:8083] Releasing channel
10:13:39.553 [reactor-http-nio-2] DEBUG reactor.netty.resources.PooledConnectionProvider - [id: 0x254a87ce, L:/127.0.0.1:50632 - R:localhost/127.0.0.1:8083] Channel cleaned, now 56 active connections and 36 inactive connections
10:13:39.553 [reactor-http-nio-2] DEBUG reactor.netty.http.client.HttpClientOperations - [id: 0xd51be2b9, L:/127.0.0.1:50634 - R:localhost/127.0.0.1:8083] Received response (auto-read:false) : [Content-Type=application/json, Transfer-Encoding=chunked, Date=Tue, 07 Jun 2022 09:13:38 GMT]
10:13:39.553 [reactor-http-nio-2] DEBUG reactor.netty.resources.PooledConnectionProvider - [id: 0xd51be2b9, L:/127.0.0.1:50634 - R:localhost/127.0.0.1:8083] onStateChange(GET{uri=/attractions, connection=PooledConnection{channel=[id: 0xd51be2b9, L:/127.0.0.1:50634 - R:localhost/127.0.0.1:8083]}}, [response_received])
10:13:39.553 [reactor-http-nio-2] DEBUG org.springframework.web.reactive.function.client.ExchangeFunctions - [22e77ba7] Response 200 OK
10:13:39.554 [reactor-http-nio-2] DEBUG reactor.netty.channel.FluxReceive - [id: 0xd51be2b9, L:/127.0.0.1:50634 - R:localhost/127.0.0.1:8083] Subscribing inbound receiver [pending: 0, cancelled:false, inboundDone: false]
10:13:39.551 [reactor-http-nio-1] DEBUG reactor.netty.resources.PooledConnectionProvider - [id: 0xb12e3ff3, L:/127.0.0.1:50644 - R:localhost/127.0.0.1:8083] Releasing channel
10:13:39.554 [reactor-http-nio-4] DEBUG reactor.netty.http.client.HttpClientOperations - [id: 0x5fcffdd2, L:/127.0.0.1:50637 - R:localhost/127.0.0.1:8083] Received response (auto-read:false) : [Content-Type=application/json, Transfer-Encoding=chunked, Date=Tue, 07 Jun 2022 09:13:38 GMT]
10:13:39.554 [reactor-http-nio-1] DEBUG reactor.netty.resources.PooledConnectionProvider - [id: 0xb12e3ff3, L:/127.0.0.1:50644 - R:localhost/127.0.0.1:8083] Channel cleaned, now 55 active connections and 37 inactive connections
10:13:39.554 [reactor-http-nio-4] DEBUG reactor.netty.resources.PooledConnectionProvider - [id: 0x5fcffdd2, L:/127.0.0.1:50637 - R:localhost/127.0.0.1:8083] onStateChange(GET{uri=/attractions, connection=PooledConnection{channel=[id: 0x5fcffdd2, L:/127.0.0.1:50637 - R:localhost/127.0.0.1:8083]}}, [response_received])
10:13:39.554 [reactor-http-nio-4] DEBUG org.springframework.web.reactive.function.client.ExchangeFunctions - [6fb15ace] Response 200 OK
10:13:39.554 [reactor-http-nio-4] DEBUG reactor.netty.channel.FluxReceive - [id: 0x5fcffdd2, L:/127.0.0.1:50637 - R:localhost/127.0.0.1:8083] Subscribing inbound receiver [pending: 0, cancelled:false, inboundDone: false]
10:13:39.555 [reactor-http-nio-4] DEBUG reactor.netty.http.client.HttpClientOperations - [id: 0x5fcffdd2, L:/127.0.0.1:50637 - R:localhost/127.0.0.1:8083] Received last HTTP packet
10:13:39.555 [reactor-http-nio-4] DEBUG org.springframework.core.codec.StringDecoder - [6fb15ace] Decoded "[{"longitude":-117.922008,"latitude":33.817595,"attractionName":"Disneyland","city":"Anaheim","stat (truncated)...
10:13:39.555 [reactor-http-nio-4] DEBUG reactor.netty.resources.PooledConnectionProvider - [id: 0x5fcffdd2, L:/127.0.0.1:50637 - R:localhost/127.0.0.1:8083] onStateChange(GET{uri=/attractions, connection=PooledConnection{channel=[id: 0x5fcffdd2, L:/127.0.0.1:50637 - R:localhost/127.0.0.1:8083]}}, [disconnecting])
10:13:39.555 [reactor-http-nio-4] DEBUG reactor.netty.resources.PooledConnectionProvider - [id: 0x5fcffdd2, L:/127.0.0.1:50637 - R:localhost/127.0.0.1:8083] Releasing channel
10:13:39.555 [reactor-http-nio-4] DEBUG reactor.netty.resources.PooledConnectionProvider - [id: 0x5fcffdd2, L:/127.0.0.1:50637 - R:localhost/127.0.0.1:8083] Channel cleaned, now 54 active connections and 38 inactive connections
10:13:39.556 [reactor-http-nio-4] DEBUG reactor.netty.http.client.HttpClientOperations - [id: 0x676c50cf, L:/127.0.0.1:50639 - R:localhost/127.0.0.1:8083] Received response (auto-read:false) : [Content-Type=application/json, Transfer-Encoding=chunked, Date=Tue, 07 Jun 2022 09:13:38 GMT]
10:13:39.556 [reactor-http-nio-4] DEBUG reactor.netty.resources.PooledConnectionProvider - [id: 0x676c50cf, L:/127.0.0.1:50639 - R:localhost/127.0.0.1:8083] onStateChange(GET{uri=/attractions, connection=PooledConnection{channel=[id: 0x676c50cf, L:/127.0.0.1:50639 - R:localhost/127.0.0.1:8083]}}, [response_received])
10:13:39.556 [reactor-http-nio-4] DEBUG org.springframework.web.reactive.function.client.ExchangeFunctions - [3b1daf56] Response 200 OK
10:13:39.556 [reactor-http-nio-4] DEBUG reactor.netty.channel.FluxReceive - [id: 0x676c50cf, L:/127.0.0.1:50639 - R:localhost/127.0.0.1:8083] Subscribing inbound receiver [pending: 0, cancelled:false, inboundDone: false]
10:13:39.556 [reactor-http-nio-4] DEBUG reactor.netty.http.client.HttpClientOperations - [id: 0x676c50cf, L:/127.0.0.1:50639 - R:localhost/127.0.0.1:8083] Received last HTTP packet
10:13:39.557 [reactor-http-nio-3] DEBUG reactor.netty.http.client.HttpClientOperations - [id: 0x90a5bcc2, L:/127.0.0.1:50685 - R:localhost/127.0.0.1:8083] Received response (auto-read:false) : [Content-Type=application/json, Transfer-Encoding=chunked, Date=Tue, 07 Jun 2022 09:13:38 GMT]
10:13:39.557 [reactor-http-nio-3] DEBUG reactor.netty.resources.PooledConnectionProvider - [id: 0x90a5bcc2, L:/127.0.0.1:50685 - R:localhost/127.0.0.1:8083] onStateChange(GET{uri=/attractions, connection=PooledConnection{channel=[id: 0x90a5bcc2, L:/127.0.0.1:50685 - R:localhost/127.0.0.1:8083]}}, [response_received])
10:13:39.557 [reactor-http-nio-4] DEBUG org.springframework.core.codec.StringDecoder - [3b1daf56] Decoded "[{"longitude":-117.922008,"latitude":33.817595,"attractionName":"Disneyland","city":"Anaheim","stat (truncated)...
10:13:39.558 [reactor-http-nio-3] DEBUG org.springframework.web.reactive.function.client.ExchangeFunctions - [4fa837a] Response 200 OK
10:13:39.558 [reactor-http-nio-3] DEBUG reactor.netty.channel.FluxReceive - [id: 0x90a5bcc2, L:/127.0.0.1:50685 - R:localhost/127.0.0.1:8083] Subscribing inbound receiver [pending: 0, cancelled:false, inboundDone: false]
10:13:39.558 [reactor-http-nio-4] DEBUG reactor.netty.resources.PooledConnectionProvider - [id: 0x676c50cf, L:/127.0.0.1:50639 - R:localhost/127.0.0.1:8083] onStateChange(GET{uri=/attractions, connection=PooledConnection{channel=[id: 0x676c50cf, L:/127.0.0.1:50639 - R:localhost/127.0.0.1:8083]}}, [disconnecting])
10:13:39.558 [reactor-http-nio-4] DEBUG reactor.netty.resources.PooledConnectionProvider - [id: 0x676c50cf, L:/127.0.0.1:50639 - R:localhost/127.0.0.1:8083] Releasing channel
10:13:39.558 [reactor-http-nio-4] DEBUG reactor.netty.resources.PooledConnectionProvider - [id: 0x676c50cf, L:/127.0.0.1:50639 - R:localhost/127.0.0.1:8083] Channel cleaned, now 53 active connections and 39 inactive connections
10:13:39.558 [reactor-http-nio-2] DEBUG reactor.netty.http.client.HttpClientOperations - [id: 0xd51be2b9, L:/127.0.0.1:50634 - R:localhost/127.0.0.1:8083] Received last HTTP packet
10:13:39.558 [reactor-http-nio-4] DEBUG reactor.netty.http.client.HttpClientOperations - [id: 0xce32d0ed, L:/127.0.0.1:50671 - R:localhost/127.0.0.1:8083] Received response (auto-read:false) : [Content-Type=application/json, Transfer-Encoding=chunked, Date=Tue, 07 Jun 2022 09:13:38 GMT]
10:13:39.558 [reactor-http-nio-4] DEBUG reactor.netty.resources.PooledConnectionProvider - [id: 0xce32d0ed, L:/127.0.0.1:50671 - R:localhost/127.0.0.1:8083] onStateChange(GET{uri=/userLocation?userId=5d180488-7b6e-47b1-92a9-fc0ad842b792, connection=PooledConnection{channel=[id: 0xce32d0ed, L:/127.0.0.1:50671 - R:localhost/127.0.0.1:8083]}}, [response_received])
10:13:39.559 [reactor-http-nio-4] DEBUG org.springframework.web.reactive.function.client.ExchangeFunctions - [148002fd] Response 200 OK
10:13:39.559 [reactor-http-nio-2] DEBUG org.springframework.core.codec.StringDecoder - [22e77ba7] Decoded "[{"longitude":-117.922008,"latitude":33.817595,"attractionName":"Disneyland","city":"Anaheim","stat (truncated)...
10:13:39.559 [reactor-http-nio-2] DEBUG reactor.netty.resources.PooledConnectionProvider - [id: 0xd51be2b9, L:/127.0.0.1:50634 - R:localhost/127.0.0.1:8083] onStateChange(GET{uri=/attractions, connection=PooledConnection{channel=[id: 0xd51be2b9, L:/127.0.0.1:50634 - R:localhost/127.0.0.1:8083]}}, [disconnecting])
10:13:39.559 [reactor-http-nio-2] DEBUG reactor.netty.resources.PooledConnectionProvider - [id: 0xd51be2b9, L:/127.0.0.1:50634 - R:localhost/127.0.0.1:8083] Releasing channel
10:13:39.559 [reactor-http-nio-2] DEBUG reactor.netty.resources.PooledConnectionProvider - [id: 0xd51be2b9, L:/127.0.0.1:50634 - R:localhost/127.0.0.1:8083] Channel cleaned, now 52 active connections and 40 inactive connections
10:13:39.559 [reactor-http-nio-4] DEBUG reactor.netty.channel.FluxReceive - [id: 0xce32d0ed, L:/127.0.0.1:50671 - R:localhost/127.0.0.1:8083] Subscribing inbound receiver [pending: 0, cancelled:false, inboundDone: false]
10:13:39.559 [reactor-http-nio-2] DEBUG reactor.netty.http.client.HttpClientOperations - [id: 0xa8057036, L:/127.0.0.1:50636 - R:localhost/127.0.0.1:8083] Received response (auto-read:false) : [Content-Type=application/json, Transfer-Encoding=chunked, Date=Tue, 07 Jun 2022 09:13:38 GMT]
10:13:39.559 [reactor-http-nio-2] DEBUG reactor.netty.resources.PooledConnectionProvider - [id: 0xa8057036, L:/127.0.0.1:50636 - R:localhost/127.0.0.1:8083] onStateChange(GET{uri=/attractions, connection=PooledConnection{channel=[id: 0xa8057036, L:/127.0.0.1:50636 - R:localhost/127.0.0.1:8083]}}, [response_received])
10:13:39.559 [reactor-http-nio-2] DEBUG org.springframework.web.reactive.function.client.ExchangeFunctions - [5bf1f0d8] Response 200 OK
10:13:39.559 [reactor-http-nio-4] DEBUG reactor.netty.http.client.HttpClientOperations - [id: 0xce32d0ed, L:/127.0.0.1:50671 - R:localhost/127.0.0.1:8083] Received last HTTP packet
10:13:39.559 [reactor-http-nio-4] DEBUG org.springframework.core.codec.StringDecoder - [148002fd] Decoded "{"userId":"5d180488-7b6e-47b1-92a9-fc0ad842b792","location":{"longitude":169.041891,"latitude":20.9 (truncated)...
10:13:39.559 [reactor-http-nio-4] DEBUG reactor.netty.resources.PooledConnectionProvider - [id: 0xce32d0ed, L:/127.0.0.1:50671 - R:localhost/127.0.0.1:8083] onStateChange(GET{uri=/userLocation?userId=5d180488-7b6e-47b1-92a9-fc0ad842b792, connection=PooledConnection{channel=[id: 0xce32d0ed, L:/127.0.0.1:50671 - R:localhost/127.0.0.1:8083]}}, [disconnecting])
10:13:39.559 [reactor-http-nio-4] DEBUG reactor.netty.resources.PooledConnectionProvider - [id: 0xce32d0ed, L:/127.0.0.1:50671 - R:localhost/127.0.0.1:8083] Releasing channel
10:13:39.559 [reactor-http-nio-4] DEBUG reactor.netty.resources.PooledConnectionProvider - [id: 0xce32d0ed, L:/127.0.0.1:50671 - R:localhost/127.0.0.1:8083] Channel cleaned, now 51 active connections and 41 inactive connections
10:13:39.554 [reactor-http-nio-1] DEBUG reactor.netty.http.client.HttpClientOperations - [id: 0x07b5f9ab, L:/127.0.0.1:50702 - R:localhost/127.0.0.1:8083] Received response (auto-read:false) : [Content-Type=application/json, Transfer-Encoding=chunked, Date=Tue, 07 Jun 2022 09:13:38 GMT]
10:13:39.559 [reactor-http-nio-1] DEBUG reactor.netty.resources.PooledConnectionProvider - [id: 0x07b5f9ab, L:/127.0.0.1:50702 - R:localhost/127.0.0.1:8083] onStateChange(GET{uri=/attractions, connection=PooledConnection{channel=[id: 0x07b5f9ab, L:/127.0.0.1:50702 - R:localhost/127.0.0.1:8083]}}, [response_received])
10:13:39.559 [reactor-http-nio-1] DEBUG org.springframework.web.reactive.function.client.ExchangeFunctions - [164ab793] Response 200 OK
10:13:39.560 [reactor-http-nio-1] DEBUG reactor.netty.channel.FluxReceive - [id: 0x07b5f9ab, L:/127.0.0.1:50702 - R:localhost/127.0.0.1:8083] Subscribing inbound receiver [pending: 0, cancelled:false, inboundDone: false]
10:13:39.560 [reactor-http-nio-4] DEBUG reactor.netty.http.client.HttpClientOperations - [id: 0xfedf6624, L:/127.0.0.1:50635 - R:localhost/127.0.0.1:8083] Received response (auto-read:false) : [Content-Type=application/json, Transfer-Encoding=chunked, Date=Tue, 07 Jun 2022 09:13:38 GMT]
10:13:39.560 [reactor-http-nio-4] DEBUG reactor.netty.resources.PooledConnectionProvider - [id: 0xfedf6624, L:/127.0.0.1:50635 - R:localhost/127.0.0.1:8083] onStateChange(GET{uri=/attractions, connection=PooledConnection{channel=[id: 0xfedf6624, L:/127.0.0.1:50635 - R:localhost/127.0.0.1:8083]}}, [response_received])
10:13:39.560 [reactor-http-nio-4] DEBUG org.springframework.web.reactive.function.client.ExchangeFunctions - [6bea05f9] Response 200 OK
10:13:39.561 [reactor-http-nio-4] DEBUG reactor.netty.channel.FluxReceive - [id: 0xfedf6624, L:/127.0.0.1:50635 - R:localhost/127.0.0.1:8083] Subscribing inbound receiver [pending: 0, cancelled:false, inboundDone: false]
10:13:39.561 [reactor-http-nio-4] DEBUG reactor.netty.http.client.HttpClientOperations - [id: 0xfedf6624, L:/127.0.0.1:50635 - R:localhost/127.0.0.1:8083] Received last HTTP packet
10:13:39.561 [reactor-http-nio-4] DEBUG org.springframework.core.codec.StringDecoder - [6bea05f9] Decoded "[{"longitude":-117.922008,"latitude":33.817595,"attractionName":"Disneyland","city":"Anaheim","stat (truncated)...
10:13:39.561 [reactor-http-nio-4] DEBUG reactor.netty.resources.PooledConnectionProvider - [id: 0xfedf6624, L:/127.0.0.1:50635 - R:localhost/127.0.0.1:8083] onStateChange(GET{uri=/attractions, connection=PooledConnection{channel=[id: 0xfedf6624, L:/127.0.0.1:50635 - R:localhost/127.0.0.1:8083]}}, [disconnecting])
10:13:39.561 [reactor-http-nio-4] DEBUG reactor.netty.resources.PooledConnectionProvider - [id: 0xfedf6624, L:/127.0.0.1:50635 - R:localhost/127.0.0.1:8083] Releasing channel
10:13:39.561 [reactor-http-nio-4] DEBUG reactor.netty.resources.PooledConnectionProvider - [id: 0xfedf6624, L:/127.0.0.1:50635 - R:localhost/127.0.0.1:8083] Channel cleaned, now 51 active connections and 41 inactive connections
10:13:39.564 [pool-4-thread-43] DEBUG org.springframework.web.reactive.function.client.ExchangeFunctions - [1a47ee1d] HTTP GET http://localhost:8083/attractions
10:13:39.559 [reactor-http-nio-2] DEBUG reactor.netty.channel.FluxReceive - [id: 0xa8057036, L:/127.0.0.1:50636 - R:localhost/127.0.0.1:8083] Subscribing inbound receiver [pending: 0, cancelled:false, inboundDone: false]
10:13:39.560 [reactor-http-nio-3] DEBUG reactor.netty.resources.PooledConnectionProvider - [id: 0x8480b771, L:/127.0.0.1:50651 - R:localhost/127.0.0.1:8083] Channel acquired, now 52 active connections and 40 inactive connections
10:13:39.565 [reactor-http-nio-3] DEBUG reactor.netty.http.client.HttpClientConnect - [id: 0x8480b771, L:/127.0.0.1:50651 - R:localhost/127.0.0.1:8083] Handler is being applied: {uri=http://localhost:8083/attractions, method=GET}
10:13:39.566 [reactor-http-nio-3] DEBUG reactor.netty.resources.PooledConnectionProvider - [id: 0x8480b771, L:/127.0.0.1:50651 - R:localhost/127.0.0.1:8083] onStateChange(GET{uri=/attractions, connection=PooledConnection{channel=[id: 0x8480b771, L:/127.0.0.1:50651 - R:localhost/127.0.0.1:8083]}}, [request_sent])
10:13:39.566 [reactor-http-nio-3] DEBUG reactor.netty.http.client.HttpClientOperations - [id: 0x90a5bcc2, L:/127.0.0.1:50685 - R:localhost/127.0.0.1:8083] Received last HTTP packet
10:13:39.567 [reactor-http-nio-3] DEBUG org.springframework.core.codec.StringDecoder - [4fa837a] Decoded "[{"longitude":-117.922008,"latitude":33.817595,"attractionName":"Disneyland","city":"Anaheim","stat (truncated)...
10:13:39.567 [reactor-http-nio-3] DEBUG reactor.netty.resources.PooledConnectionProvider - [id: 0x90a5bcc2, L:/127.0.0.1:50685 - R:localhost/127.0.0.1:8083] onStateChange(GET{uri=/attractions, connection=PooledConnection{channel=[id: 0x90a5bcc2, L:/127.0.0.1:50685 - R:localhost/127.0.0.1:8083]}}, [disconnecting])
10:13:39.567 [reactor-http-nio-3] DEBUG reactor.netty.resources.PooledConnectionProvider - [id: 0x90a5bcc2, L:/127.0.0.1:50685 - R:localhost/127.0.0.1:8083] Releasing channel
10:13:39.567 [reactor-http-nio-3] DEBUG reactor.netty.resources.PooledConnectionProvider - [id: 0x90a5bcc2, L:/127.0.0.1:50685 - R:localhost/127.0.0.1:8083] Channel cleaned, now 50 active connections and 42 inactive connections
10:13:39.560 [reactor-http-nio-1] DEBUG reactor.netty.http.client.HttpClientOperations - [id: 0x07b5f9ab, L:/127.0.0.1:50702 - R:localhost/127.0.0.1:8083] Received last HTTP packet
10:13:39.568 [reactor-http-nio-1] DEBUG org.springframework.core.codec.StringDecoder - [164ab793] Decoded "[{"longitude":-117.922008,"latitude":33.817595,"attractionName":"Disneyland","city":"Anaheim","stat (truncated)...
10:13:39.568 [reactor-http-nio-1] DEBUG reactor.netty.resources.PooledConnectionProvider - [id: 0x07b5f9ab, L:/127.0.0.1:50702 - R:localhost/127.0.0.1:8083] onStateChange(GET{uri=/attractions, connection=PooledConnection{channel=[id: 0x07b5f9ab, L:/127.0.0.1:50702 - R:localhost/127.0.0.1:8083]}}, [disconnecting])
10:13:39.568 [reactor-http-nio-1] DEBUG reactor.netty.resources.PooledConnectionProvider - [id: 0x07b5f9ab, L:/127.0.0.1:50702 - R:localhost/127.0.0.1:8083] Releasing channel
10:13:39.568 [reactor-http-nio-1] DEBUG reactor.netty.resources.PooledConnectionProvider - [id: 0x07b5f9ab, L:/127.0.0.1:50702 - R:localhost/127.0.0.1:8083] Channel cleaned, now 49 active connections and 43 inactive connections
10:13:39.568 [reactor-http-nio-1] DEBUG reactor.netty.resources.PooledConnectionProvider - [id: 0x0a3705f4, L:/127.0.0.1:50699 - R:localhost/127.0.0.1:8083] Channel acquired, now 50 active connections and 42 inactive connections
10:13:39.569 [reactor-http-nio-1] DEBUG reactor.netty.http.client.HttpClientConnect - [id: 0x0a3705f4, L:/127.0.0.1:50699 - R:localhost/127.0.0.1:8083] Handler is being applied: {uri=http://localhost:8083/userLocation?userId=f39bec7c-db33-4abf-a27f-640dd305188c, method=GET}
10:13:39.570 [reactor-http-nio-1] DEBUG reactor.netty.resources.PooledConnectionProvider - [id: 0x0a3705f4, L:/127.0.0.1:50699 - R:localhost/127.0.0.1:8083] onStateChange(GET{uri=/userLocation?userId=f39bec7c-db33-4abf-a27f-640dd305188c, connection=PooledConnection{channel=[id: 0x0a3705f4, L:/127.0.0.1:50699 - R:localhost/127.0.0.1:8083]}}, [request_sent])
10:13:39.570 [reactor-http-nio-1] DEBUG reactor.netty.resources.PooledConnectionProvider - [id: 0x21feabf2, L:/127.0.0.1:50697 - R:localhost/127.0.0.1:8083] Channel acquired, now 51 active connections and 41 inactive connections
10:13:39.570 [reactor-http-nio-1] DEBUG reactor.netty.http.client.HttpClientConnect - [id: 0x21feabf2, L:/127.0.0.1:50697 - R:localhost/127.0.0.1:8083] Handler is being applied: {uri=http://localhost:8083/attractions, method=GET}
10:13:39.571 [reactor-http-nio-1] DEBUG reactor.netty.resources.PooledConnectionProvider - [id: 0x21feabf2, L:/127.0.0.1:50697 - R:localhost/127.0.0.1:8083] onStateChange(GET{uri=/attractions, connection=PooledConnection{channel=[id: 0x21feabf2, L:/127.0.0.1:50697 - R:localhost/127.0.0.1:8083]}}, [request_sent])
10:13:39.571 [reactor-http-nio-1] DEBUG reactor.netty.resources.PooledConnectionProvider - [id: 0xb5706181, L:/127.0.0.1:50648 - R:localhost/127.0.0.1:8083] Channel acquired, now 52 active connections and 40 inactive connections
10:13:39.571 [reactor-http-nio-2] DEBUG reactor.netty.http.client.HttpClientOperations - [id: 0xa8057036, L:/127.0.0.1:50636 - R:localhost/127.0.0.1:8083] Received last HTTP packet
10:13:39.572 [reactor-http-nio-2] DEBUG org.springframework.core.codec.StringDecoder - [5bf1f0d8] Decoded "[{"longitude":-117.922008,"latitude":33.817595,"attractionName":"Disneyland","city":"Anaheim","stat (truncated)...
10:13:39.572 [reactor-http-nio-2] DEBUG reactor.netty.resources.PooledConnectionProvider - [id: 0xa8057036, L:/127.0.0.1:50636 - R:localhost/127.0.0.1:8083] onStateChange(GET{uri=/attractions, connection=PooledConnection{channel=[id: 0xa8057036, L:/127.0.0.1:50636 - R:localhost/127.0.0.1:8083]}}, [disconnecting])
10:13:39.572 [reactor-http-nio-2] DEBUG reactor.netty.resources.PooledConnectionProvider - [id: 0xa8057036, L:/127.0.0.1:50636 - R:localhost/127.0.0.1:8083] Releasing channel
10:13:39.572 [reactor-http-nio-2] DEBUG reactor.netty.resources.PooledConnectionProvider - [id: 0xa8057036, L:/127.0.0.1:50636 - R:localhost/127.0.0.1:8083] Channel cleaned, now 51 active connections and 41 inactive connections
10:13:39.571 [reactor-http-nio-1] DEBUG reactor.netty.http.client.HttpClientConnect - [id: 0xb5706181, L:/127.0.0.1:50648 - R:localhost/127.0.0.1:8083] Handler is being applied: {uri=http://localhost:8083/attractions, method=GET}
10:13:39.573 [reactor-http-nio-1] DEBUG reactor.netty.resources.PooledConnectionProvider - [id: 0xb5706181, L:/127.0.0.1:50648 - R:localhost/127.0.0.1:8083] onStateChange(GET{uri=/attractions, connection=PooledConnection{channel=[id: 0xb5706181, L:/127.0.0.1:50648 - R:localhost/127.0.0.1:8083]}}, [request_sent])
10:13:39.573 [reactor-http-nio-1] DEBUG reactor.netty.resources.PooledConnectionProvider - [id: 0x5dcee25b, L:/127.0.0.1:50620 - R:localhost/127.0.0.1:8083] Channel acquired, now 52 active connections and 40 inactive connections
10:13:39.573 [reactor-http-nio-1] DEBUG reactor.netty.http.client.HttpClientConnect - [id: 0x5dcee25b, L:/127.0.0.1:50620 - R:localhost/127.0.0.1:8083] Handler is being applied: {uri=http://localhost:8083/attractions, method=GET}
10:13:39.574 [reactor-http-nio-1] DEBUG reactor.netty.resources.PooledConnectionProvider - [id: 0x5dcee25b, L:/127.0.0.1:50620 - R:localhost/127.0.0.1:8083] onStateChange(GET{uri=/attractions, connection=PooledConnection{channel=[id: 0x5dcee25b, L:/127.0.0.1:50620 - R:localhost/127.0.0.1:8083]}}, [request_sent])
10:13:39.574 [reactor-http-nio-1] DEBUG reactor.netty.resources.PooledConnectionProvider - [id: 0x51cedde0, L:/127.0.0.1:50642 - R:localhost/127.0.0.1:8083] Channel acquired, now 53 active connections and 39 inactive connections
10:13:39.574 [reactor-http-nio-1] DEBUG reactor.netty.http.client.HttpClientConnect - [id: 0x51cedde0, L:/127.0.0.1:50642 - R:localhost/127.0.0.1:8083] Handler is being applied: {uri=http://localhost:8083/attractions, method=GET}
10:13:39.576 [reactor-http-nio-1] DEBUG reactor.netty.resources.PooledConnectionProvider - [id: 0x51cedde0, L:/127.0.0.1:50642 - R:localhost/127.0.0.1:8083] onStateChange(GET{uri=/attractions, connection=PooledConnection{channel=[id: 0x51cedde0, L:/127.0.0.1:50642 - R:localhost/127.0.0.1:8083]}}, [request_sent])
10:13:39.572 [reactor-http-nio-2] DEBUG reactor.netty.http.client.HttpClientOperations - [id: 0x0cb37e86, L:/127.0.0.1:50638 - R:localhost/127.0.0.1:8083] Received response (auto-read:false) : [Content-Type=application/json, Transfer-Encoding=chunked, Date=Tue, 07 Jun 2022 09:13:38 GMT]
10:13:39.576 [reactor-http-nio-2] DEBUG reactor.netty.resources.PooledConnectionProvider - [id: 0x0cb37e86, L:/127.0.0.1:50638 - R:localhost/127.0.0.1:8083] onStateChange(GET{uri=/attractions, connection=PooledConnection{channel=[id: 0x0cb37e86, L:/127.0.0.1:50638 - R:localhost/127.0.0.1:8083]}}, [response_received])
10:13:39.576 [reactor-http-nio-2] DEBUG org.springframework.web.reactive.function.client.ExchangeFunctions - [1e5f32b2] Response 200 OK
10:13:39.576 [reactor-http-nio-1] DEBUG reactor.netty.http.client.HttpClientOperations - [id: 0x895d9623, L:/127.0.0.1:50643 - R:localhost/127.0.0.1:8083] Received response (auto-read:false) : [Content-Type=application/json, Transfer-Encoding=chunked, Date=Tue, 07 Jun 2022 09:13:38 GMT]
10:13:39.576 [reactor-http-nio-1] DEBUG reactor.netty.resources.PooledConnectionProvider - [id: 0x895d9623, L:/127.0.0.1:50643 - R:localhost/127.0.0.1:8083] onStateChange(GET{uri=/attractions, connection=PooledConnection{channel=[id: 0x895d9623, L:/127.0.0.1:50643 - R:localhost/127.0.0.1:8083]}}, [response_received])
10:13:39.576 [reactor-http-nio-1] DEBUG org.springframework.web.reactive.function.client.ExchangeFunctions - [a0ce121] Response 200 OK
10:13:39.576 [reactor-http-nio-2] DEBUG reactor.netty.channel.FluxReceive - [id: 0x0cb37e86, L:/127.0.0.1:50638 - R:localhost/127.0.0.1:8083] Subscribing inbound receiver [pending: 0, cancelled:false, inboundDone: false]
10:13:39.577 [reactor-http-nio-1] DEBUG reactor.netty.channel.FluxReceive - [id: 0x895d9623, L:/127.0.0.1:50643 - R:localhost/127.0.0.1:8083] Subscribing inbound receiver [pending: 0, cancelled:false, inboundDone: false]
10:13:39.577 [reactor-http-nio-2] DEBUG reactor.netty.http.client.HttpClientOperations - [id: 0x0cb37e86, L:/127.0.0.1:50638 - R:localhost/127.0.0.1:8083] Received last HTTP packet
10:13:39.577 [reactor-http-nio-1] DEBUG reactor.netty.http.client.HttpClientOperations - [id: 0x895d9623, L:/127.0.0.1:50643 - R:localhost/127.0.0.1:8083] Received last HTTP packet
10:13:39.577 [reactor-http-nio-1] DEBUG org.springframework.core.codec.StringDecoder - [a0ce121] Decoded "[{"longitude":-117.922008,"latitude":33.817595,"attractionName":"Disneyland","city":"Anaheim","stat (truncated)...
10:13:39.577 [reactor-http-nio-1] DEBUG reactor.netty.resources.PooledConnectionProvider - [id: 0x895d9623, L:/127.0.0.1:50643 - R:localhost/127.0.0.1:8083] onStateChange(GET{uri=/attractions, connection=PooledConnection{channel=[id: 0x895d9623, L:/127.0.0.1:50643 - R:localhost/127.0.0.1:8083]}}, [disconnecting])
10:13:39.577 [reactor-http-nio-1] DEBUG reactor.netty.resources.PooledConnectionProvider - [id: 0x895d9623, L:/127.0.0.1:50643 - R:localhost/127.0.0.1:8083] Releasing channel
10:13:39.577 [reactor-http-nio-1] DEBUG reactor.netty.resources.PooledConnectionProvider - [id: 0x895d9623, L:/127.0.0.1:50643 - R:localhost/127.0.0.1:8083] Channel cleaned, now 52 active connections and 40 inactive connections
10:13:39.577 [reactor-http-nio-2] DEBUG org.springframework.core.codec.StringDecoder - [1e5f32b2] Decoded "[{"longitude":-117.922008,"latitude":33.817595,"attractionName":"Disneyland","city":"Anaheim","stat (truncated)...
10:13:39.578 [reactor-http-nio-1] DEBUG reactor.netty.http.client.HttpClientOperations - [id: 0x91102b11, L:/127.0.0.1:50646 - R:localhost/127.0.0.1:8083] Received response (auto-read:false) : [Content-Type=application/json, Transfer-Encoding=chunked, Date=Tue, 07 Jun 2022 09:13:38 GMT]
10:13:39.578 [reactor-http-nio-1] DEBUG reactor.netty.resources.PooledConnectionProvider - [id: 0x91102b11, L:/127.0.0.1:50646 - R:localhost/127.0.0.1:8083] onStateChange(GET{uri=/attractions, connection=PooledConnection{channel=[id: 0x91102b11, L:/127.0.0.1:50646 - R:localhost/127.0.0.1:8083]}}, [response_received])
10:13:39.578 [reactor-http-nio-1] DEBUG org.springframework.web.reactive.function.client.ExchangeFunctions - [65a74f00] Response 200 OK
10:13:39.578 [reactor-http-nio-2] DEBUG reactor.netty.resources.PooledConnectionProvider - [id: 0x0cb37e86, L:/127.0.0.1:50638 - R:localhost/127.0.0.1:8083] onStateChange(GET{uri=/attractions, connection=PooledConnection{channel=[id: 0x0cb37e86, L:/127.0.0.1:50638 - R:localhost/127.0.0.1:8083]}}, [disconnecting])
10:13:39.578 [reactor-http-nio-1] DEBUG reactor.netty.channel.FluxReceive - [id: 0x91102b11, L:/127.0.0.1:50646 - R:localhost/127.0.0.1:8083] Subscribing inbound receiver [pending: 0, cancelled:false, inboundDone: false]
10:13:39.579 [reactor-http-nio-1] DEBUG reactor.netty.http.client.HttpClientOperations - [id: 0x91102b11, L:/127.0.0.1:50646 - R:localhost/127.0.0.1:8083] Received last HTTP packet
10:13:39.579 [reactor-http-nio-1] DEBUG org.springframework.core.codec.StringDecoder - [65a74f00] Decoded "[{"longitude":-117.922008,"latitude":33.817595,"attractionName":"Disneyland","city":"Anaheim","stat (truncated)...
10:13:39.579 [reactor-http-nio-1] DEBUG reactor.netty.resources.PooledConnectionProvider - [id: 0x91102b11, L:/127.0.0.1:50646 - R:localhost/127.0.0.1:8083] onStateChange(GET{uri=/attractions, connection=PooledConnection{channel=[id: 0x91102b11, L:/127.0.0.1:50646 - R:localhost/127.0.0.1:8083]}}, [disconnecting])
10:13:39.580 [reactor-http-nio-1] DEBUG reactor.netty.resources.PooledConnectionProvider - [id: 0x91102b11, L:/127.0.0.1:50646 - R:localhost/127.0.0.1:8083] Releasing channel
10:13:39.580 [reactor-http-nio-1] DEBUG reactor.netty.resources.PooledConnectionProvider - [id: 0x91102b11, L:/127.0.0.1:50646 - R:localhost/127.0.0.1:8083] Channel cleaned, now 51 active connections and 41 inactive connections
10:13:39.580 [reactor-http-nio-1] DEBUG reactor.netty.http.client.HttpClientOperations - [id: 0xde36731e, L:/127.0.0.1:50647 - R:localhost/127.0.0.1:8083] Received response (auto-read:false) : [Content-Type=application/json, Transfer-Encoding=chunked, Date=Tue, 07 Jun 2022 09:13:38 GMT]
10:13:39.580 [reactor-http-nio-1] DEBUG reactor.netty.resources.PooledConnectionProvider - [id: 0xde36731e, L:/127.0.0.1:50647 - R:localhost/127.0.0.1:8083] onStateChange(GET{uri=/attractions, connection=PooledConnection{channel=[id: 0xde36731e, L:/127.0.0.1:50647 - R:localhost/127.0.0.1:8083]}}, [response_received])
10:13:39.578 [reactor-http-nio-2] DEBUG reactor.netty.resources.PooledConnectionProvider - [id: 0x0cb37e86, L:/127.0.0.1:50638 - R:localhost/127.0.0.1:8083] Releasing channel
10:13:39.580 [reactor-http-nio-1] DEBUG org.springframework.web.reactive.function.client.ExchangeFunctions - [6f095f47] Response 200 OK
10:13:39.581 [reactor-http-nio-1] DEBUG reactor.netty.channel.FluxReceive - [id: 0xde36731e, L:/127.0.0.1:50647 - R:localhost/127.0.0.1:8083] Subscribing inbound receiver [pending: 0, cancelled:false, inboundDone: false]
10:13:39.581 [reactor-http-nio-1] DEBUG reactor.netty.http.client.HttpClientOperations - [id: 0xde36731e, L:/127.0.0.1:50647 - R:localhost/127.0.0.1:8083] Received last HTTP packet
10:13:39.581 [reactor-http-nio-2] DEBUG reactor.netty.resources.PooledConnectionProvider - [id: 0x0cb37e86, L:/127.0.0.1:50638 - R:localhost/127.0.0.1:8083] Channel cleaned, now 50 active connections and 42 inactive connections
10:13:39.581 [reactor-http-nio-1] DEBUG org.springframework.core.codec.StringDecoder - [6f095f47] Decoded "[{"longitude":-117.922008,"latitude":33.817595,"attractionName":"Disneyland","city":"Anaheim","stat (truncated)...
10:13:39.581 [reactor-http-nio-1] DEBUG reactor.netty.resources.PooledConnectionProvider - [id: 0xde36731e, L:/127.0.0.1:50647 - R:localhost/127.0.0.1:8083] onStateChange(GET{uri=/attractions, connection=PooledConnection{channel=[id: 0xde36731e, L:/127.0.0.1:50647 - R:localhost/127.0.0.1:8083]}}, [disconnecting])
10:13:39.581 [reactor-http-nio-1] DEBUG reactor.netty.resources.PooledConnectionProvider - [id: 0xde36731e, L:/127.0.0.1:50647 - R:localhost/127.0.0.1:8083] Releasing channel
10:13:39.581 [reactor-http-nio-1] DEBUG reactor.netty.resources.PooledConnectionProvider - [id: 0xde36731e, L:/127.0.0.1:50647 - R:localhost/127.0.0.1:8083] Channel cleaned, now 49 active connections and 43 inactive connections
10:13:39.581 [reactor-http-nio-2] DEBUG reactor.netty.http.client.HttpClientOperations - [id: 0xa634fb68, L:/127.0.0.1:50662 - R:localhost/127.0.0.1:8083] Received response (auto-read:false) : [Content-Type=application/json, Transfer-Encoding=chunked, Date=Tue, 07 Jun 2022 09:13:38 GMT]
10:13:39.581 [reactor-http-nio-2] DEBUG reactor.netty.resources.PooledConnectionProvider - [id: 0xa634fb68, L:/127.0.0.1:50662 - R:localhost/127.0.0.1:8083] onStateChange(GET{uri=/attractions, connection=PooledConnection{channel=[id: 0xa634fb68, L:/127.0.0.1:50662 - R:localhost/127.0.0.1:8083]}}, [response_received])
10:13:39.581 [reactor-http-nio-2] DEBUG org.springframework.web.reactive.function.client.ExchangeFunctions - [29cebcb7] Response 200 OK
10:13:39.582 [reactor-http-nio-2] DEBUG reactor.netty.channel.FluxReceive - [id: 0xa634fb68, L:/127.0.0.1:50662 - R:localhost/127.0.0.1:8083] Subscribing inbound receiver [pending: 0, cancelled:false, inboundDone: false]
10:13:39.582 [reactor-http-nio-2] DEBUG reactor.netty.http.client.HttpClientOperations - [id: 0xa634fb68, L:/127.0.0.1:50662 - R:localhost/127.0.0.1:8083] Received last HTTP packet
10:13:39.582 [reactor-http-nio-2] DEBUG org.springframework.core.codec.StringDecoder - [29cebcb7] Decoded "[{"longitude":-117.922008,"latitude":33.817595,"attractionName":"Disneyland","city":"Anaheim","stat (truncated)...
10:13:39.583 [reactor-http-nio-2] DEBUG reactor.netty.resources.PooledConnectionProvider - [id: 0xa634fb68, L:/127.0.0.1:50662 - R:localhost/127.0.0.1:8083] onStateChange(GET{uri=/attractions, connection=PooledConnection{channel=[id: 0xa634fb68, L:/127.0.0.1:50662 - R:localhost/127.0.0.1:8083]}}, [disconnecting])
10:13:39.583 [reactor-http-nio-2] DEBUG reactor.netty.resources.PooledConnectionProvider - [id: 0xa634fb68, L:/127.0.0.1:50662 - R:localhost/127.0.0.1:8083] Releasing channel
10:13:39.583 [reactor-http-nio-2] DEBUG reactor.netty.resources.PooledConnectionProvider - [id: 0xa634fb68, L:/127.0.0.1:50662 - R:localhost/127.0.0.1:8083] Channel cleaned, now 48 active connections and 44 inactive connections
10:13:39.583 [reactor-http-nio-2] DEBUG reactor.netty.http.client.HttpClientOperations - [id: 0x8d657d6f, L:/127.0.0.1:50663 - R:localhost/127.0.0.1:8083] Received response (auto-read:false) : [Content-Type=application/json, Transfer-Encoding=chunked, Date=Tue, 07 Jun 2022 09:13:38 GMT]
10:13:39.583 [reactor-http-nio-2] DEBUG reactor.netty.resources.PooledConnectionProvider - [id: 0x8d657d6f, L:/127.0.0.1:50663 - R:localhost/127.0.0.1:8083] onStateChange(GET{uri=/attractions, connection=PooledConnection{channel=[id: 0x8d657d6f, L:/127.0.0.1:50663 - R:localhost/127.0.0.1:8083]}}, [response_received])
10:13:39.583 [reactor-http-nio-2] DEBUG org.springframework.web.reactive.function.client.ExchangeFunctions - [44299f91] Response 200 OK
10:13:39.584 [reactor-http-nio-2] DEBUG reactor.netty.channel.FluxReceive - [id: 0x8d657d6f, L:/127.0.0.1:50663 - R:localhost/127.0.0.1:8083] Subscribing inbound receiver [pending: 0, cancelled:false, inboundDone: false]
10:13:39.584 [reactor-http-nio-2] DEBUG reactor.netty.http.client.HttpClientOperations - [id: 0x8d657d6f, L:/127.0.0.1:50663 - R:localhost/127.0.0.1:8083] Received last HTTP packet
10:13:39.585 [reactor-http-nio-2] DEBUG org.springframework.core.codec.StringDecoder - [44299f91] Decoded "[{"longitude":-117.922008,"latitude":33.817595,"attractionName":"Disneyland","city":"Anaheim","stat (truncated)...
10:13:39.585 [reactor-http-nio-2] DEBUG reactor.netty.resources.PooledConnectionProvider - [id: 0x8d657d6f, L:/127.0.0.1:50663 - R:localhost/127.0.0.1:8083] onStateChange(GET{uri=/attractions, connection=PooledConnection{channel=[id: 0x8d657d6f, L:/127.0.0.1:50663 - R:localhost/127.0.0.1:8083]}}, [disconnecting])
10:13:39.585 [reactor-http-nio-2] DEBUG reactor.netty.resources.PooledConnectionProvider - [id: 0x8d657d6f, L:/127.0.0.1:50663 - R:localhost/127.0.0.1:8083] Releasing channel
10:13:39.585 [reactor-http-nio-2] DEBUG reactor.netty.resources.PooledConnectionProvider - [id: 0x8d657d6f, L:/127.0.0.1:50663 - R:localhost/127.0.0.1:8083] Channel cleaned, now 47 active connections and 45 inactive connections
10:13:39.585 [reactor-http-nio-2] DEBUG reactor.netty.http.client.HttpClientOperations - [id: 0xe039fca8, L:/127.0.0.1:50664 - R:localhost/127.0.0.1:8083] Received response (auto-read:false) : [Content-Type=application/json, Transfer-Encoding=chunked, Date=Tue, 07 Jun 2022 09:13:38 GMT]
10:13:39.585 [reactor-http-nio-2] DEBUG reactor.netty.resources.PooledConnectionProvider - [id: 0xe039fca8, L:/127.0.0.1:50664 - R:localhost/127.0.0.1:8083] onStateChange(GET{uri=/userLocation?userId=26b15582-8a26-420f-84db-ca191ddb5594, connection=PooledConnection{channel=[id: 0xe039fca8, L:/127.0.0.1:50664 - R:localhost/127.0.0.1:8083]}}, [response_received])
10:13:39.585 [reactor-http-nio-2] DEBUG org.springframework.web.reactive.function.client.ExchangeFunctions - [28b6060e] Response 200 OK
10:13:39.586 [reactor-http-nio-2] DEBUG reactor.netty.channel.FluxReceive - [id: 0xe039fca8, L:/127.0.0.1:50664 - R:localhost/127.0.0.1:8083] Subscribing inbound receiver [pending: 0, cancelled:false, inboundDone: false]
10:13:39.586 [reactor-http-nio-2] DEBUG reactor.netty.http.client.HttpClientOperations - [id: 0xe039fca8, L:/127.0.0.1:50664 - R:localhost/127.0.0.1:8083] Received last HTTP packet
10:13:39.586 [reactor-http-nio-2] DEBUG org.springframework.core.codec.StringDecoder - [28b6060e] Decoded "{"userId":"26b15582-8a26-420f-84db-ca191ddb5594","location":{"longitude":141.772714,"latitude":39.7 (truncated)...
10:13:39.587 [reactor-http-nio-2] DEBUG reactor.netty.resources.PooledConnectionProvider - [id: 0xe039fca8, L:/127.0.0.1:50664 - R:localhost/127.0.0.1:8083] onStateChange(GET{uri=/userLocation?userId=26b15582-8a26-420f-84db-ca191ddb5594, connection=PooledConnection{channel=[id: 0xe039fca8, L:/127.0.0.1:50664 - R:localhost/127.0.0.1:8083]}}, [disconnecting])
10:13:39.587 [reactor-http-nio-2] DEBUG reactor.netty.resources.PooledConnectionProvider - [id: 0xe039fca8, L:/127.0.0.1:50664 - R:localhost/127.0.0.1:8083] Releasing channel
10:13:39.587 [reactor-http-nio-2] DEBUG reactor.netty.resources.PooledConnectionProvider - [id: 0xe039fca8, L:/127.0.0.1:50664 - R:localhost/127.0.0.1:8083] Channel cleaned, now 46 active connections and 46 inactive connections
10:13:39.587 [reactor-http-nio-3] DEBUG reactor.netty.http.client.HttpClientOperations - [id: 0x8480b771, L:/127.0.0.1:50651 - R:localhost/127.0.0.1:8083] Received response (auto-read:false) : [Content-Type=application/json, Transfer-Encoding=chunked, Date=Tue, 07 Jun 2022 09:13:39 GMT]
10:13:39.587 [reactor-http-nio-3] DEBUG reactor.netty.resources.PooledConnectionProvider - [id: 0x8480b771, L:/127.0.0.1:50651 - R:localhost/127.0.0.1:8083] onStateChange(GET{uri=/attractions, connection=PooledConnection{channel=[id: 0x8480b771, L:/127.0.0.1:50651 - R:localhost/127.0.0.1:8083]}}, [response_received])
10:13:39.587 [reactor-http-nio-3] DEBUG org.springframework.web.reactive.function.client.ExchangeFunctions - [4e727562] Response 200 OK
10:13:39.587 [reactor-http-nio-2] DEBUG reactor.netty.http.client.HttpClientOperations - [id: 0x0da0a9f9, L:/127.0.0.1:50665 - R:localhost/127.0.0.1:8083] Received response (auto-read:false) : [Content-Type=application/json, Transfer-Encoding=chunked, Date=Tue, 07 Jun 2022 09:13:38 GMT]
10:13:39.587 [reactor-http-nio-2] DEBUG reactor.netty.resources.PooledConnectionProvider - [id: 0x0da0a9f9, L:/127.0.0.1:50665 - R:localhost/127.0.0.1:8083] onStateChange(GET{uri=/attractions, connection=PooledConnection{channel=[id: 0x0da0a9f9, L:/127.0.0.1:50665 - R:localhost/127.0.0.1:8083]}}, [response_received])
10:13:39.587 [reactor-http-nio-2] DEBUG org.springframework.web.reactive.function.client.ExchangeFunctions - [58d445ed] Response 200 OK
10:13:39.588 [reactor-http-nio-3] DEBUG reactor.netty.channel.FluxReceive - [id: 0x8480b771, L:/127.0.0.1:50651 - R:localhost/127.0.0.1:8083] Subscribing inbound receiver [pending: 0, cancelled:false, inboundDone: false]
10:13:39.588 [reactor-http-nio-2] DEBUG reactor.netty.channel.FluxReceive - [id: 0x0da0a9f9, L:/127.0.0.1:50665 - R:localhost/127.0.0.1:8083] Subscribing inbound receiver [pending: 0, cancelled:false, inboundDone: false]
10:13:39.589 [reactor-http-nio-3] DEBUG reactor.netty.http.client.HttpClientOperations - [id: 0x8480b771, L:/127.0.0.1:50651 - R:localhost/127.0.0.1:8083] Received last HTTP packet
10:13:39.589 [reactor-http-nio-3] DEBUG org.springframework.core.codec.StringDecoder - [4e727562] Decoded "[{"longitude":-117.922008,"latitude":33.817595,"attractionName":"Disneyland","city":"Anaheim","stat (truncated)...
10:13:39.589 [reactor-http-nio-3] DEBUG reactor.netty.resources.PooledConnectionProvider - [id: 0x8480b771, L:/127.0.0.1:50651 - R:localhost/127.0.0.1:8083] onStateChange(GET{uri=/attractions, connection=PooledConnection{channel=[id: 0x8480b771, L:/127.0.0.1:50651 - R:localhost/127.0.0.1:8083]}}, [disconnecting])
10:13:39.589 [reactor-http-nio-3] DEBUG reactor.netty.resources.PooledConnectionProvider - [id: 0x8480b771, L:/127.0.0.1:50651 - R:localhost/127.0.0.1:8083] Releasing channel
10:13:39.589 [reactor-http-nio-3] DEBUG reactor.netty.resources.PooledConnectionProvider - [id: 0x8480b771, L:/127.0.0.1:50651 - R:localhost/127.0.0.1:8083] Channel cleaned, now 45 active connections and 47 inactive connections
10:13:39.590 [reactor-http-nio-2] DEBUG reactor.netty.http.client.HttpClientOperations - [id: 0x0da0a9f9, L:/127.0.0.1:50665 - R:localhost/127.0.0.1:8083] Received last HTTP packet
10:13:39.590 [reactor-http-nio-2] DEBUG org.springframework.core.codec.StringDecoder - [58d445ed] Decoded "[{"longitude":-117.922008,"latitude":33.817595,"attractionName":"Disneyland","city":"Anaheim","stat (truncated)...
10:13:39.590 [reactor-http-nio-2] DEBUG reactor.netty.resources.PooledConnectionProvider - [id: 0x0da0a9f9, L:/127.0.0.1:50665 - R:localhost/127.0.0.1:8083] onStateChange(GET{uri=/attractions, connection=PooledConnection{channel=[id: 0x0da0a9f9, L:/127.0.0.1:50665 - R:localhost/127.0.0.1:8083]}}, [disconnecting])
10:13:39.590 [reactor-http-nio-2] DEBUG reactor.netty.resources.PooledConnectionProvider - [id: 0x0da0a9f9, L:/127.0.0.1:50665 - R:localhost/127.0.0.1:8083] Releasing channel
10:13:39.590 [reactor-http-nio-2] DEBUG reactor.netty.resources.PooledConnectionProvider - [id: 0x0da0a9f9, L:/127.0.0.1:50665 - R:localhost/127.0.0.1:8083] Channel cleaned, now 44 active connections and 48 inactive connections
10:13:39.591 [reactor-http-nio-2] DEBUG reactor.netty.http.client.HttpClientOperations - [id: 0x8d01d79b, L:/127.0.0.1:50666 - R:localhost/127.0.0.1:8083] Received response (auto-read:false) : [Content-Type=application/json, Transfer-Encoding=chunked, Date=Tue, 07 Jun 2022 09:13:38 GMT]
10:13:39.591 [reactor-http-nio-2] DEBUG reactor.netty.resources.PooledConnectionProvider - [id: 0x8d01d79b, L:/127.0.0.1:50666 - R:localhost/127.0.0.1:8083] onStateChange(GET{uri=/userLocation?userId=658bd5a9-bdf0-4302-af36-02f44b4487d1, connection=PooledConnection{channel=[id: 0x8d01d79b, L:/127.0.0.1:50666 - R:localhost/127.0.0.1:8083]}}, [response_received])
10:13:39.591 [reactor-http-nio-2] DEBUG org.springframework.web.reactive.function.client.ExchangeFunctions - [1f6e8fbf] Response 200 OK
10:13:39.592 [reactor-http-nio-2] DEBUG reactor.netty.channel.FluxReceive - [id: 0x8d01d79b, L:/127.0.0.1:50666 - R:localhost/127.0.0.1:8083] Subscribing inbound receiver [pending: 0, cancelled:false, inboundDone: false]
10:13:39.592 [reactor-http-nio-2] DEBUG reactor.netty.http.client.HttpClientOperations - [id: 0x8d01d79b, L:/127.0.0.1:50666 - R:localhost/127.0.0.1:8083] Received last HTTP packet
10:13:39.592 [reactor-http-nio-2] DEBUG org.springframework.core.codec.StringDecoder - [1f6e8fbf] Decoded "{"userId":"658bd5a9-bdf0-4302-af36-02f44b4487d1","location":{"longitude":79.451919,"latitude":48.56 (truncated)...
10:13:39.592 [reactor-http-nio-2] DEBUG reactor.netty.resources.PooledConnectionProvider - [id: 0x8d01d79b, L:/127.0.0.1:50666 - R:localhost/127.0.0.1:8083] onStateChange(GET{uri=/userLocation?userId=658bd5a9-bdf0-4302-af36-02f44b4487d1, connection=PooledConnection{channel=[id: 0x8d01d79b, L:/127.0.0.1:50666 - R:localhost/127.0.0.1:8083]}}, [disconnecting])
10:13:39.592 [reactor-http-nio-2] DEBUG reactor.netty.resources.PooledConnectionProvider - [id: 0x8d01d79b, L:/127.0.0.1:50666 - R:localhost/127.0.0.1:8083] Releasing channel
10:13:39.592 [reactor-http-nio-2] DEBUG reactor.netty.resources.PooledConnectionProvider - [id: 0x8d01d79b, L:/127.0.0.1:50666 - R:localhost/127.0.0.1:8083] Channel cleaned, now 43 active connections and 49 inactive connections
10:13:39.592 [reactor-http-nio-2] DEBUG reactor.netty.http.client.HttpClientOperations - [id: 0xc558618d, L:/127.0.0.1:50669 - R:localhost/127.0.0.1:8083] Received response (auto-read:false) : [Content-Type=application/json, Transfer-Encoding=chunked, Date=Tue, 07 Jun 2022 09:13:38 GMT]
10:13:39.592 [reactor-http-nio-2] DEBUG reactor.netty.resources.PooledConnectionProvider - [id: 0xc558618d, L:/127.0.0.1:50669 - R:localhost/127.0.0.1:8083] onStateChange(GET{uri=/attractions, connection=PooledConnection{channel=[id: 0xc558618d, L:/127.0.0.1:50669 - R:localhost/127.0.0.1:8083]}}, [response_received])
10:13:39.592 [reactor-http-nio-2] DEBUG org.springframework.web.reactive.function.client.ExchangeFunctions - [37fb0467] Response 200 OK
10:13:39.593 [reactor-http-nio-2] DEBUG reactor.netty.channel.FluxReceive - [id: 0xc558618d, L:/127.0.0.1:50669 - R:localhost/127.0.0.1:8083] Subscribing inbound receiver [pending: 0, cancelled:false, inboundDone: false]
10:13:39.593 [reactor-http-nio-2] DEBUG reactor.netty.http.client.HttpClientOperations - [id: 0xc558618d, L:/127.0.0.1:50669 - R:localhost/127.0.0.1:8083] Received last HTTP packet
10:13:39.595 [pool-4-thread-89] DEBUG org.springframework.web.reactive.function.client.ExchangeFunctions - [2671fd68] HTTP GET http://localhost:8083/attractions
10:13:39.596 [reactor-http-nio-4] DEBUG reactor.netty.resources.PooledConnectionProvider - [id: 0x3846aaec, L:/127.0.0.1:50621 - R:localhost/127.0.0.1:8083] Channel acquired, now 44 active connections and 48 inactive connections
10:13:39.596 [reactor-http-nio-4] DEBUG reactor.netty.http.client.HttpClientConnect - [id: 0x3846aaec, L:/127.0.0.1:50621 - R:localhost/127.0.0.1:8083] Handler is being applied: {uri=http://localhost:8083/attractions, method=GET}
10:13:39.597 [reactor-http-nio-4] DEBUG reactor.netty.resources.PooledConnectionProvider - [id: 0x3846aaec, L:/127.0.0.1:50621 - R:localhost/127.0.0.1:8083] onStateChange(GET{uri=/attractions, connection=PooledConnection{channel=[id: 0x3846aaec, L:/127.0.0.1:50621 - R:localhost/127.0.0.1:8083]}}, [request_sent])
10:13:39.599 [reactor-http-nio-1] DEBUG reactor.netty.http.client.HttpClientOperations - [id: 0x21feabf2, L:/127.0.0.1:50697 - R:localhost/127.0.0.1:8083] Received response (auto-read:false) : [Content-Type=application/json, Transfer-Encoding=chunked, Date=Tue, 07 Jun 2022 09:13:39 GMT]
10:13:39.599 [reactor-http-nio-1] DEBUG reactor.netty.resources.PooledConnectionProvider - [id: 0x21feabf2, L:/127.0.0.1:50697 - R:localhost/127.0.0.1:8083] onStateChange(GET{uri=/attractions, connection=PooledConnection{channel=[id: 0x21feabf2, L:/127.0.0.1:50697 - R:localhost/127.0.0.1:8083]}}, [response_received])
10:13:39.599 [reactor-http-nio-1] DEBUG org.springframework.web.reactive.function.client.ExchangeFunctions - [369c51b2] Response 200 OK
10:13:39.600 [pool-4-thread-96] DEBUG org.springframework.web.reactive.function.client.ExchangeFunctions - [11a96222] HTTP GET http://localhost:8083/attractions
10:13:39.600 [reactor-http-nio-1] DEBUG reactor.netty.channel.FluxReceive - [id: 0x21feabf2, L:/127.0.0.1:50697 - R:localhost/127.0.0.1:8083] Subscribing inbound receiver [pending: 0, cancelled:false, inboundDone: false]
10:13:39.600 [reactor-http-nio-4] DEBUG reactor.netty.resources.PooledConnectionProvider - [id: 0x634507d6, L:/127.0.0.1:50625 - R:localhost/127.0.0.1:8083] Channel acquired, now 45 active connections and 47 inactive connections
10:13:39.600 [reactor-http-nio-4] DEBUG reactor.netty.http.client.HttpClientConnect - [id: 0x634507d6, L:/127.0.0.1:50625 - R:localhost/127.0.0.1:8083] Handler is being applied: {uri=http://localhost:8083/attractions, method=GET}
10:13:39.602 [reactor-http-nio-1] DEBUG reactor.netty.http.client.HttpClientOperations - [id: 0x21feabf2, L:/127.0.0.1:50697 - R:localhost/127.0.0.1:8083] Received last HTTP packet
10:13:39.602 [reactor-http-nio-4] DEBUG reactor.netty.resources.PooledConnectionProvider - [id: 0x634507d6, L:/127.0.0.1:50625 - R:localhost/127.0.0.1:8083] onStateChange(GET{uri=/attractions, connection=PooledConnection{channel=[id: 0x634507d6, L:/127.0.0.1:50625 - R:localhost/127.0.0.1:8083]}}, [request_sent])
10:13:39.602 [reactor-http-nio-1] DEBUG org.springframework.core.codec.StringDecoder - [369c51b2] Decoded "[{"longitude":-117.922008,"latitude":33.817595,"attractionName":"Disneyland","city":"Anaheim","stat (truncated)...
10:13:39.602 [reactor-http-nio-1] DEBUG reactor.netty.resources.PooledConnectionProvider - [id: 0x21feabf2, L:/127.0.0.1:50697 - R:localhost/127.0.0.1:8083] onStateChange(GET{uri=/attractions, connection=PooledConnection{channel=[id: 0x21feabf2, L:/127.0.0.1:50697 - R:localhost/127.0.0.1:8083]}}, [disconnecting])
10:13:39.602 [reactor-http-nio-1] DEBUG reactor.netty.resources.PooledConnectionProvider - [id: 0x21feabf2, L:/127.0.0.1:50697 - R:localhost/127.0.0.1:8083] Releasing channel
10:13:39.602 [reactor-http-nio-1] DEBUG reactor.netty.resources.PooledConnectionProvider - [id: 0x21feabf2, L:/127.0.0.1:50697 - R:localhost/127.0.0.1:8083] Channel cleaned, now 44 active connections and 48 inactive connections
10:13:39.604 [reactor-http-nio-1] DEBUG reactor.netty.http.client.HttpClientOperations - [id: 0xb5706181, L:/127.0.0.1:50648 - R:localhost/127.0.0.1:8083] Received response (auto-read:false) : [Content-Type=application/json, Transfer-Encoding=chunked, Date=Tue, 07 Jun 2022 09:13:39 GMT]
10:13:39.604 [reactor-http-nio-1] DEBUG reactor.netty.resources.PooledConnectionProvider - [id: 0xb5706181, L:/127.0.0.1:50648 - R:localhost/127.0.0.1:8083] onStateChange(GET{uri=/attractions, connection=PooledConnection{channel=[id: 0xb5706181, L:/127.0.0.1:50648 - R:localhost/127.0.0.1:8083]}}, [response_received])
10:13:39.604 [reactor-http-nio-1] DEBUG org.springframework.web.reactive.function.client.ExchangeFunctions - [1f74befa] Response 200 OK
10:13:39.604 [reactor-http-nio-1] DEBUG reactor.netty.channel.FluxReceive - [id: 0xb5706181, L:/127.0.0.1:50648 - R:localhost/127.0.0.1:8083] Subscribing inbound receiver [pending: 0, cancelled:false, inboundDone: false]
10:13:39.605 [reactor-http-nio-1] DEBUG reactor.netty.http.client.HttpClientOperations - [id: 0xb5706181, L:/127.0.0.1:50648 - R:localhost/127.0.0.1:8083] Received last HTTP packet
10:13:39.606 [reactor-http-nio-1] DEBUG org.springframework.core.codec.StringDecoder - [1f74befa] Decoded "[{"longitude":-117.922008,"latitude":33.817595,"attractionName":"Disneyland","city":"Anaheim","stat (truncated)...
10:13:39.606 [reactor-http-nio-1] DEBUG reactor.netty.resources.PooledConnectionProvider - [id: 0xb5706181, L:/127.0.0.1:50648 - R:localhost/127.0.0.1:8083] onStateChange(GET{uri=/attractions, connection=PooledConnection{channel=[id: 0xb5706181, L:/127.0.0.1:50648 - R:localhost/127.0.0.1:8083]}}, [disconnecting])
10:13:39.606 [reactor-http-nio-1] DEBUG reactor.netty.resources.PooledConnectionProvider - [id: 0xb5706181, L:/127.0.0.1:50648 - R:localhost/127.0.0.1:8083] Releasing channel
10:13:39.606 [reactor-http-nio-1] DEBUG reactor.netty.resources.PooledConnectionProvider - [id: 0xb5706181, L:/127.0.0.1:50648 - R:localhost/127.0.0.1:8083] Channel cleaned, now 43 active connections and 49 inactive connections
10:13:39.607 [reactor-http-nio-1] DEBUG reactor.netty.http.client.HttpClientOperations - [id: 0x51cedde0, L:/127.0.0.1:50642 - R:localhost/127.0.0.1:8083] Received response (auto-read:false) : [Content-Type=application/json, Transfer-Encoding=chunked, Date=Tue, 07 Jun 2022 09:13:39 GMT]
10:13:39.607 [reactor-http-nio-1] DEBUG reactor.netty.resources.PooledConnectionProvider - [id: 0x51cedde0, L:/127.0.0.1:50642 - R:localhost/127.0.0.1:8083] onStateChange(GET{uri=/attractions, connection=PooledConnection{channel=[id: 0x51cedde0, L:/127.0.0.1:50642 - R:localhost/127.0.0.1:8083]}}, [response_received])
10:13:39.608 [reactor-http-nio-1] DEBUG org.springframework.web.reactive.function.client.ExchangeFunctions - [66fd8377] Response 200 OK
10:13:39.608 [reactor-http-nio-1] DEBUG reactor.netty.channel.FluxReceive - [id: 0x51cedde0, L:/127.0.0.1:50642 - R:localhost/127.0.0.1:8083] Subscribing inbound receiver [pending: 0, cancelled:false, inboundDone: false]
10:13:39.609 [reactor-http-nio-1] DEBUG reactor.netty.http.client.HttpClientOperations - [id: 0x5dcee25b, L:/127.0.0.1:50620 - R:localhost/127.0.0.1:8083] Received response (auto-read:false) : [Content-Type=application/json, Transfer-Encoding=chunked, Date=Tue, 07 Jun 2022 09:13:39 GMT]
10:13:39.609 [reactor-http-nio-1] DEBUG reactor.netty.resources.PooledConnectionProvider - [id: 0x5dcee25b, L:/127.0.0.1:50620 - R:localhost/127.0.0.1:8083] onStateChange(GET{uri=/attractions, connection=PooledConnection{channel=[id: 0x5dcee25b, L:/127.0.0.1:50620 - R:localhost/127.0.0.1:8083]}}, [response_received])
10:13:39.609 [reactor-http-nio-1] DEBUG org.springframework.web.reactive.function.client.ExchangeFunctions - [75549450] Response 200 OK
10:13:39.609 [reactor-http-nio-1] DEBUG reactor.netty.channel.FluxReceive - [id: 0x5dcee25b, L:/127.0.0.1:50620 - R:localhost/127.0.0.1:8083] Subscribing inbound receiver [pending: 0, cancelled:false, inboundDone: false]
10:13:39.610 [reactor-http-nio-1] DEBUG reactor.netty.http.client.HttpClientOperations - [id: 0x5dcee25b, L:/127.0.0.1:50620 - R:localhost/127.0.0.1:8083] Received last HTTP packet
10:13:39.610 [reactor-http-nio-1] DEBUG org.springframework.core.codec.StringDecoder - [75549450] Decoded "[{"longitude":-117.922008,"latitude":33.817595,"attractionName":"Disneyland","city":"Anaheim","stat (truncated)...
10:13:39.610 [reactor-http-nio-1] DEBUG reactor.netty.resources.PooledConnectionProvider - [id: 0x5dcee25b, L:/127.0.0.1:50620 - R:localhost/127.0.0.1:8083] onStateChange(GET{uri=/attractions, connection=PooledConnection{channel=[id: 0x5dcee25b, L:/127.0.0.1:50620 - R:localhost/127.0.0.1:8083]}}, [disconnecting])
10:13:39.610 [reactor-http-nio-1] DEBUG reactor.netty.resources.PooledConnectionProvider - [id: 0x5dcee25b, L:/127.0.0.1:50620 - R:localhost/127.0.0.1:8083] Releasing channel
10:13:39.610 [reactor-http-nio-1] DEBUG reactor.netty.resources.PooledConnectionProvider - [id: 0x5dcee25b, L:/127.0.0.1:50620 - R:localhost/127.0.0.1:8083] Channel cleaned, now 42 active connections and 50 inactive connections
10:13:39.611 [reactor-http-nio-1] DEBUG reactor.netty.http.client.HttpClientOperations - [id: 0x51cedde0, L:/127.0.0.1:50642 - R:localhost/127.0.0.1:8083] Received last HTTP packet
10:13:39.611 [reactor-http-nio-1] DEBUG org.springframework.core.codec.StringDecoder - [66fd8377] Decoded "[{"longitude":-117.922008,"latitude":33.817595,"attractionName":"Disneyland","city":"Anaheim","stat (truncated)...
10:13:39.611 [reactor-http-nio-1] DEBUG reactor.netty.resources.PooledConnectionProvider - [id: 0x51cedde0, L:/127.0.0.1:50642 - R:localhost/127.0.0.1:8083] onStateChange(GET{uri=/attractions, connection=PooledConnection{channel=[id: 0x51cedde0, L:/127.0.0.1:50642 - R:localhost/127.0.0.1:8083]}}, [disconnecting])
10:13:39.611 [reactor-http-nio-1] DEBUG reactor.netty.resources.PooledConnectionProvider - [id: 0x51cedde0, L:/127.0.0.1:50642 - R:localhost/127.0.0.1:8083] Releasing channel
10:13:39.611 [reactor-http-nio-1] DEBUG reactor.netty.resources.PooledConnectionProvider - [id: 0x51cedde0, L:/127.0.0.1:50642 - R:localhost/127.0.0.1:8083] Channel cleaned, now 41 active connections and 51 inactive connections
10:13:39.615 [reactor-http-nio-1] DEBUG reactor.netty.http.client.HttpClientOperations - [id: 0xc90edc5e, L:/127.0.0.1:50630 - R:localhost/127.0.0.1:8083] Received response (auto-read:false) : [Content-Type=application/json, Transfer-Encoding=chunked, Date=Tue, 07 Jun 2022 09:13:39 GMT]
10:13:39.615 [reactor-http-nio-3] DEBUG reactor.netty.http.client.HttpClientOperations - [id: 0xca71adf9, L:/127.0.0.1:50657 - R:localhost/127.0.0.1:8083] Received response (auto-read:false) : [Content-Type=application/json, Transfer-Encoding=chunked, Date=Tue, 07 Jun 2022 09:13:39 GMT]
10:13:39.615 [reactor-http-nio-1] DEBUG reactor.netty.resources.PooledConnectionProvider - [id: 0xc90edc5e, L:/127.0.0.1:50630 - R:localhost/127.0.0.1:8083] onStateChange(GET{uri=/userLocation?userId=490b5c4b-f002-469a-9390-3a7503da2cd7, connection=PooledConnection{channel=[id: 0xc90edc5e, L:/127.0.0.1:50630 - R:localhost/127.0.0.1:8083]}}, [response_received])
10:13:39.615 [reactor-http-nio-3] DEBUG reactor.netty.resources.PooledConnectionProvider - [id: 0xca71adf9, L:/127.0.0.1:50657 - R:localhost/127.0.0.1:8083] onStateChange(GET{uri=/userLocation?userId=6482d15f-f300-41e8-911d-306aae6f0429, connection=PooledConnection{channel=[id: 0xca71adf9, L:/127.0.0.1:50657 - R:localhost/127.0.0.1:8083]}}, [response_received])
10:13:39.615 [reactor-http-nio-1] DEBUG org.springframework.web.reactive.function.client.ExchangeFunctions - [de068c3] Response 200 OK
10:13:39.615 [reactor-http-nio-3] DEBUG org.springframework.web.reactive.function.client.ExchangeFunctions - [54f481cd] Response 200 OK
10:13:39.615 [reactor-http-nio-1] DEBUG reactor.netty.channel.FluxReceive - [id: 0xc90edc5e, L:/127.0.0.1:50630 - R:localhost/127.0.0.1:8083] Subscribing inbound receiver [pending: 0, cancelled:false, inboundDone: false]
10:13:39.615 [reactor-http-nio-3] DEBUG reactor.netty.channel.FluxReceive - [id: 0xca71adf9, L:/127.0.0.1:50657 - R:localhost/127.0.0.1:8083] Subscribing inbound receiver [pending: 0, cancelled:false, inboundDone: false]
10:13:39.616 [reactor-http-nio-3] DEBUG reactor.netty.http.client.HttpClientOperations - [id: 0xca71adf9, L:/127.0.0.1:50657 - R:localhost/127.0.0.1:8083] Received last HTTP packet
10:13:39.616 [reactor-http-nio-3] DEBUG org.springframework.core.codec.StringDecoder - [54f481cd] Decoded "{"userId":"6482d15f-f300-41e8-911d-306aae6f0429","location":{"longitude":72.384712,"latitude":41.04 (truncated)...
10:13:39.616 [reactor-http-nio-3] DEBUG reactor.netty.resources.PooledConnectionProvider - [id: 0xca71adf9, L:/127.0.0.1:50657 - R:localhost/127.0.0.1:8083] onStateChange(GET{uri=/userLocation?userId=6482d15f-f300-41e8-911d-306aae6f0429, connection=PooledConnection{channel=[id: 0xca71adf9, L:/127.0.0.1:50657 - R:localhost/127.0.0.1:8083]}}, [disconnecting])
10:13:39.616 [reactor-http-nio-3] DEBUG reactor.netty.resources.PooledConnectionProvider - [id: 0xca71adf9, L:/127.0.0.1:50657 - R:localhost/127.0.0.1:8083] Releasing channel
10:13:39.616 [reactor-http-nio-3] DEBUG reactor.netty.resources.PooledConnectionProvider - [id: 0xca71adf9, L:/127.0.0.1:50657 - R:localhost/127.0.0.1:8083] Channel cleaned, now 40 active connections and 52 inactive connections
10:13:39.618 [reactor-http-nio-4] DEBUG reactor.netty.http.client.HttpClientOperations - [id: 0x3846aaec, L:/127.0.0.1:50621 - R:localhost/127.0.0.1:8083] Received response (auto-read:false) : [Content-Type=application/json, Transfer-Encoding=chunked, Date=Tue, 07 Jun 2022 09:13:39 GMT]
10:13:39.618 [reactor-http-nio-4] DEBUG reactor.netty.resources.PooledConnectionProvider - [id: 0x3846aaec, L:/127.0.0.1:50621 - R:localhost/127.0.0.1:8083] onStateChange(GET{uri=/attractions, connection=PooledConnection{channel=[id: 0x3846aaec, L:/127.0.0.1:50621 - R:localhost/127.0.0.1:8083]}}, [response_received])
10:13:39.618 [reactor-http-nio-4] DEBUG org.springframework.web.reactive.function.client.ExchangeFunctions - [2671fd68] Response 200 OK
10:13:39.619 [pool-4-thread-51] DEBUG org.springframework.web.reactive.function.client.ExchangeFunctions - [5a336523] HTTP GET http://localhost:8083/attractions
10:13:39.620 [reactor-http-nio-3] DEBUG reactor.netty.resources.PooledConnectionProvider - [id: 0x3f9a41fc, L:/127.0.0.1:50649 - R:localhost/127.0.0.1:8083] Channel acquired, now 41 active connections and 51 inactive connections
10:13:39.620 [reactor-http-nio-3] DEBUG reactor.netty.http.client.HttpClientConnect - [id: 0x3f9a41fc, L:/127.0.0.1:50649 - R:localhost/127.0.0.1:8083] Handler is being applied: {uri=http://localhost:8083/attractions, method=GET}
10:13:39.620 [reactor-http-nio-4] DEBUG reactor.netty.channel.FluxReceive - [id: 0x3846aaec, L:/127.0.0.1:50621 - R:localhost/127.0.0.1:8083] Subscribing inbound receiver [pending: 0, cancelled:false, inboundDone: false]
10:13:39.621 [reactor-http-nio-3] DEBUG reactor.netty.resources.PooledConnectionProvider - [id: 0x3f9a41fc, L:/127.0.0.1:50649 - R:localhost/127.0.0.1:8083] onStateChange(GET{uri=/attractions, connection=PooledConnection{channel=[id: 0x3f9a41fc, L:/127.0.0.1:50649 - R:localhost/127.0.0.1:8083]}}, [request_sent])
10:13:39.621 [reactor-http-nio-4] DEBUG reactor.netty.http.client.HttpClientOperations - [id: 0x3846aaec, L:/127.0.0.1:50621 - R:localhost/127.0.0.1:8083] Received last HTTP packet
10:13:39.622 [reactor-http-nio-4] DEBUG org.springframework.core.codec.StringDecoder - [2671fd68] Decoded "[{"longitude":-117.922008,"latitude":33.817595,"attractionName":"Disneyland","city":"Anaheim","stat (truncated)...
10:13:39.622 [reactor-http-nio-4] DEBUG reactor.netty.resources.PooledConnectionProvider - [id: 0x3846aaec, L:/127.0.0.1:50621 - R:localhost/127.0.0.1:8083] onStateChange(GET{uri=/attractions, connection=PooledConnection{channel=[id: 0x3846aaec, L:/127.0.0.1:50621 - R:localhost/127.0.0.1:8083]}}, [disconnecting])
10:13:39.622 [reactor-http-nio-4] DEBUG reactor.netty.resources.PooledConnectionProvider - [id: 0x3846aaec, L:/127.0.0.1:50621 - R:localhost/127.0.0.1:8083] Releasing channel
10:13:39.622 [reactor-http-nio-4] DEBUG reactor.netty.resources.PooledConnectionProvider - [id: 0x3846aaec, L:/127.0.0.1:50621 - R:localhost/127.0.0.1:8083] Channel cleaned, now 40 active connections and 52 inactive connections
10:13:39.623 [reactor-http-nio-4] DEBUG reactor.netty.http.client.HttpClientOperations - [id: 0x634507d6, L:/127.0.0.1:50625 - R:localhost/127.0.0.1:8083] Received response (auto-read:false) : [Content-Type=application/json, Transfer-Encoding=chunked, Date=Tue, 07 Jun 2022 09:13:39 GMT]
10:13:39.623 [reactor-http-nio-4] DEBUG reactor.netty.resources.PooledConnectionProvider - [id: 0x634507d6, L:/127.0.0.1:50625 - R:localhost/127.0.0.1:8083] onStateChange(GET{uri=/attractions, connection=PooledConnection{channel=[id: 0x634507d6, L:/127.0.0.1:50625 - R:localhost/127.0.0.1:8083]}}, [response_received])
10:13:39.623 [reactor-http-nio-4] DEBUG org.springframework.web.reactive.function.client.ExchangeFunctions - [11a96222] Response 200 OK
10:13:39.623 [reactor-http-nio-4] DEBUG reactor.netty.channel.FluxReceive - [id: 0x634507d6, L:/127.0.0.1:50625 - R:localhost/127.0.0.1:8083] Subscribing inbound receiver [pending: 0, cancelled:false, inboundDone: false]
10:13:39.623 [reactor-http-nio-4] DEBUG reactor.netty.http.client.HttpClientOperations - [id: 0x634507d6, L:/127.0.0.1:50625 - R:localhost/127.0.0.1:8083] Received last HTTP packet
10:13:39.624 [reactor-http-nio-4] DEBUG org.springframework.core.codec.StringDecoder - [11a96222] Decoded "[{"longitude":-117.922008,"latitude":33.817595,"attractionName":"Disneyland","city":"Anaheim","stat (truncated)...
10:13:39.624 [reactor-http-nio-4] DEBUG reactor.netty.resources.PooledConnectionProvider - [id: 0x634507d6, L:/127.0.0.1:50625 - R:localhost/127.0.0.1:8083] onStateChange(GET{uri=/attractions, connection=PooledConnection{channel=[id: 0x634507d6, L:/127.0.0.1:50625 - R:localhost/127.0.0.1:8083]}}, [disconnecting])
10:13:39.624 [reactor-http-nio-4] DEBUG reactor.netty.resources.PooledConnectionProvider - [id: 0x634507d6, L:/127.0.0.1:50625 - R:localhost/127.0.0.1:8083] Releasing channel
10:13:39.624 [reactor-http-nio-4] DEBUG reactor.netty.resources.PooledConnectionProvider - [id: 0x634507d6, L:/127.0.0.1:50625 - R:localhost/127.0.0.1:8083] Channel cleaned, now 39 active connections and 53 inactive connections
10:13:39.624 [reactor-http-nio-1] DEBUG reactor.netty.http.client.HttpClientOperations - [id: 0xc90edc5e, L:/127.0.0.1:50630 - R:localhost/127.0.0.1:8083] Received last HTTP packet
10:13:39.625 [reactor-http-nio-1] DEBUG org.springframework.core.codec.StringDecoder - [de068c3] Decoded "{"userId":"490b5c4b-f002-469a-9390-3a7503da2cd7","location":{"longitude":-74.372056,"latitude":5.77 (truncated)...
10:13:39.625 [reactor-http-nio-1] DEBUG reactor.netty.resources.PooledConnectionProvider - [id: 0xc90edc5e, L:/127.0.0.1:50630 - R:localhost/127.0.0.1:8083] onStateChange(GET{uri=/userLocation?userId=490b5c4b-f002-469a-9390-3a7503da2cd7, connection=PooledConnection{channel=[id: 0xc90edc5e, L:/127.0.0.1:50630 - R:localhost/127.0.0.1:8083]}}, [disconnecting])
10:13:39.625 [reactor-http-nio-1] DEBUG reactor.netty.resources.PooledConnectionProvider - [id: 0xc90edc5e, L:/127.0.0.1:50630 - R:localhost/127.0.0.1:8083] Releasing channel
10:13:39.625 [reactor-http-nio-1] DEBUG reactor.netty.resources.PooledConnectionProvider - [id: 0xc90edc5e, L:/127.0.0.1:50630 - R:localhost/127.0.0.1:8083] Channel cleaned, now 38 active connections and 54 inactive connections
10:13:39.626 [reactor-http-nio-4] DEBUG reactor.netty.http.client.HttpClientOperations - [id: 0x6bb66c88, L:/127.0.0.1:50689 - R:localhost/127.0.0.1:8083] Received response (auto-read:false) : [Content-Type=application/json, Transfer-Encoding=chunked, Date=Tue, 07 Jun 2022 09:13:39 GMT]
10:13:39.626 [pool-4-thread-40] DEBUG org.springframework.web.reactive.function.client.ExchangeFunctions - [327870f] HTTP GET http://localhost:8083/attractions
10:13:39.626 [reactor-http-nio-4] DEBUG reactor.netty.resources.PooledConnectionProvider - [id: 0x6bb66c88, L:/127.0.0.1:50689 - R:localhost/127.0.0.1:8083] onStateChange(GET{uri=/userLocation?userId=5b155730-df25-42b9-ab70-0e94a6ef1dd6, connection=PooledConnection{channel=[id: 0x6bb66c88, L:/127.0.0.1:50689 - R:localhost/127.0.0.1:8083]}}, [response_received])
10:13:39.626 [reactor-http-nio-4] DEBUG org.springframework.web.reactive.function.client.ExchangeFunctions - [709276a6] Response 200 OK
10:13:39.627 [reactor-http-nio-4] DEBUG reactor.netty.channel.FluxReceive - [id: 0x6bb66c88, L:/127.0.0.1:50689 - R:localhost/127.0.0.1:8083] Subscribing inbound receiver [pending: 0, cancelled:false, inboundDone: false]
10:13:39.627 [reactor-http-nio-4] DEBUG reactor.netty.http.client.HttpClientOperations - [id: 0x6bb66c88, L:/127.0.0.1:50689 - R:localhost/127.0.0.1:8083] Received last HTTP packet
10:13:39.627 [reactor-http-nio-4] DEBUG org.springframework.core.codec.StringDecoder - [709276a6] Decoded "{"userId":"5b155730-df25-42b9-ab70-0e94a6ef1dd6","location":{"longitude":-63.1726,"latitude":-24.19 (truncated)...
10:13:39.627 [reactor-http-nio-4] DEBUG reactor.netty.resources.PooledConnectionProvider - [id: 0x6bb66c88, L:/127.0.0.1:50689 - R:localhost/127.0.0.1:8083] onStateChange(GET{uri=/userLocation?userId=5b155730-df25-42b9-ab70-0e94a6ef1dd6, connection=PooledConnection{channel=[id: 0x6bb66c88, L:/127.0.0.1:50689 - R:localhost/127.0.0.1:8083]}}, [disconnecting])
10:13:39.627 [reactor-http-nio-4] DEBUG reactor.netty.resources.PooledConnectionProvider - [id: 0x6bb66c88, L:/127.0.0.1:50689 - R:localhost/127.0.0.1:8083] Releasing channel
10:13:39.627 [reactor-http-nio-4] DEBUG reactor.netty.resources.PooledConnectionProvider - [id: 0x6bb66c88, L:/127.0.0.1:50689 - R:localhost/127.0.0.1:8083] Channel cleaned, now 37 active connections and 55 inactive connections
10:13:39.629 [reactor-http-nio-4] DEBUG reactor.netty.http.client.HttpClientOperations - [id: 0xb12e3b99, L:/127.0.0.1:50613 - R:localhost/127.0.0.1:8083] Received response (auto-read:false) : [Content-Type=application/json, Transfer-Encoding=chunked, Date=Tue, 07 Jun 2022 09:13:39 GMT]
10:13:39.629 [reactor-http-nio-1] DEBUG reactor.netty.http.client.HttpClientOperations - [id: 0xea840478, L:/127.0.0.1:50645 - R:localhost/127.0.0.1:8083] Received response (auto-read:false) : [Content-Type=application/json, Transfer-Encoding=chunked, Date=Tue, 07 Jun 2022 09:13:39 GMT]
10:13:39.629 [reactor-http-nio-4] DEBUG reactor.netty.resources.PooledConnectionProvider - [id: 0xb12e3b99, L:/127.0.0.1:50613 - R:localhost/127.0.0.1:8083] onStateChange(GET{uri=/userLocation?userId=21cb9875-20f4-4b66-a72c-aea10db5b166, connection=PooledConnection{channel=[id: 0xb12e3b99, L:/127.0.0.1:50613 - R:localhost/127.0.0.1:8083]}}, [response_received])
10:13:39.629 [reactor-http-nio-1] DEBUG reactor.netty.resources.PooledConnectionProvider - [id: 0xea840478, L:/127.0.0.1:50645 - R:localhost/127.0.0.1:8083] onStateChange(GET{uri=/userLocation?userId=33ae5fb2-8b8d-40a1-84cc-844dbfc032a0, connection=PooledConnection{channel=[id: 0xea840478, L:/127.0.0.1:50645 - R:localhost/127.0.0.1:8083]}}, [response_received])
10:13:39.629 [pool-4-thread-86] DEBUG org.springframework.web.reactive.function.client.ExchangeFunctions - [7e5596c4] HTTP GET http://localhost:8083/attractions
10:13:39.629 [reactor-http-nio-4] DEBUG org.springframework.web.reactive.function.client.ExchangeFunctions - [793e9837] Response 200 OK
10:13:39.629 [reactor-http-nio-1] DEBUG org.springframework.web.reactive.function.client.ExchangeFunctions - [72e8c19a] Response 200 OK
10:13:39.629 [reactor-http-nio-4] DEBUG reactor.netty.channel.FluxReceive - [id: 0xb12e3b99, L:/127.0.0.1:50613 - R:localhost/127.0.0.1:8083] Subscribing inbound receiver [pending: 0, cancelled:false, inboundDone: false]
10:13:39.630 [reactor-http-nio-1] DEBUG reactor.netty.channel.FluxReceive - [id: 0xea840478, L:/127.0.0.1:50645 - R:localhost/127.0.0.1:8083] Subscribing inbound receiver [pending: 0, cancelled:false, inboundDone: false]
10:13:39.630 [reactor-http-nio-1] DEBUG reactor.netty.http.client.HttpClientOperations - [id: 0xea840478, L:/127.0.0.1:50645 - R:localhost/127.0.0.1:8083] Received last HTTP packet
10:13:39.630 [reactor-http-nio-1] DEBUG org.springframework.core.codec.StringDecoder - [72e8c19a] Decoded "{"userId":"33ae5fb2-8b8d-40a1-84cc-844dbfc032a0","location":{"longitude":-73.237169,"latitude":-50. (truncated)...
10:13:39.630 [reactor-http-nio-1] DEBUG reactor.netty.resources.PooledConnectionProvider - [id: 0xea840478, L:/127.0.0.1:50645 - R:localhost/127.0.0.1:8083] onStateChange(GET{uri=/userLocation?userId=33ae5fb2-8b8d-40a1-84cc-844dbfc032a0, connection=PooledConnection{channel=[id: 0xea840478, L:/127.0.0.1:50645 - R:localhost/127.0.0.1:8083]}}, [disconnecting])
10:13:39.630 [reactor-http-nio-1] DEBUG reactor.netty.resources.PooledConnectionProvider - [id: 0xea840478, L:/127.0.0.1:50645 - R:localhost/127.0.0.1:8083] Releasing channel
10:13:39.630 [reactor-http-nio-1] DEBUG reactor.netty.resources.PooledConnectionProvider - [id: 0xea840478, L:/127.0.0.1:50645 - R:localhost/127.0.0.1:8083] Channel cleaned, now 36 active connections and 56 inactive connections
10:13:39.630 [reactor-http-nio-4] DEBUG reactor.netty.resources.PooledConnectionProvider - [id: 0x0e8dc7e0, L:/127.0.0.1:50627 - R:localhost/127.0.0.1:8083] Channel acquired, now 37 active connections and 55 inactive connections
10:13:39.630 [reactor-http-nio-4] DEBUG reactor.netty.http.client.HttpClientConnect - [id: 0x0e8dc7e0, L:/127.0.0.1:50627 - R:localhost/127.0.0.1:8083] Handler is being applied: {uri=http://localhost:8083/attractions, method=GET}
10:13:39.631 [reactor-http-nio-4] DEBUG reactor.netty.resources.PooledConnectionProvider - [id: 0x0e8dc7e0, L:/127.0.0.1:50627 - R:localhost/127.0.0.1:8083] onStateChange(GET{uri=/attractions, connection=PooledConnection{channel=[id: 0x0e8dc7e0, L:/127.0.0.1:50627 - R:localhost/127.0.0.1:8083]}}, [request_sent])
10:13:39.632 [reactor-http-nio-4] DEBUG reactor.netty.http.client.HttpClientOperations - [id: 0xb12e3b99, L:/127.0.0.1:50613 - R:localhost/127.0.0.1:8083] Received last HTTP packet
10:13:39.632 [reactor-http-nio-4] DEBUG org.springframework.core.codec.StringDecoder - [793e9837] Decoded "{"userId":"21cb9875-20f4-4b66-a72c-aea10db5b166","location":{"longitude":57.723559,"latitude":8.630 (truncated)...
10:13:39.632 [reactor-http-nio-4] DEBUG reactor.netty.resources.PooledConnectionProvider - [id: 0xb12e3b99, L:/127.0.0.1:50613 - R:localhost/127.0.0.1:8083] onStateChange(GET{uri=/userLocation?userId=21cb9875-20f4-4b66-a72c-aea10db5b166, connection=PooledConnection{channel=[id: 0xb12e3b99, L:/127.0.0.1:50613 - R:localhost/127.0.0.1:8083]}}, [disconnecting])
10:13:39.632 [reactor-http-nio-4] DEBUG reactor.netty.resources.PooledConnectionProvider - [id: 0xb12e3b99, L:/127.0.0.1:50613 - R:localhost/127.0.0.1:8083] Releasing channel
10:13:39.632 [reactor-http-nio-4] DEBUG reactor.netty.resources.PooledConnectionProvider - [id: 0xb12e3b99, L:/127.0.0.1:50613 - R:localhost/127.0.0.1:8083] Channel cleaned, now 36 active connections and 56 inactive connections
10:13:39.633 [pool-4-thread-59] DEBUG org.springframework.web.reactive.function.client.ExchangeFunctions - [7c2f21b7] HTTP GET http://localhost:8083/attractions
10:13:39.634 [reactor-http-nio-3] DEBUG reactor.netty.http.client.HttpClientOperations - [id: 0x3f9a41fc, L:/127.0.0.1:50649 - R:localhost/127.0.0.1:8083] Received response (auto-read:false) : [Content-Type=application/json, Transfer-Encoding=chunked, Date=Tue, 07 Jun 2022 09:13:39 GMT]
10:13:39.634 [reactor-http-nio-3] DEBUG reactor.netty.resources.PooledConnectionProvider - [id: 0x3f9a41fc, L:/127.0.0.1:50649 - R:localhost/127.0.0.1:8083] onStateChange(GET{uri=/attractions, connection=PooledConnection{channel=[id: 0x3f9a41fc, L:/127.0.0.1:50649 - R:localhost/127.0.0.1:8083]}}, [response_received])
10:13:39.634 [reactor-http-nio-3] DEBUG org.springframework.web.reactive.function.client.ExchangeFunctions - [5a336523] Response 200 OK
10:13:39.634 [reactor-http-nio-3] DEBUG reactor.netty.channel.FluxReceive - [id: 0x3f9a41fc, L:/127.0.0.1:50649 - R:localhost/127.0.0.1:8083] Subscribing inbound receiver [pending: 0, cancelled:false, inboundDone: false]
10:13:39.634 [reactor-http-nio-4] DEBUG reactor.netty.resources.PooledConnectionProvider - [id: 0xd848025a, L:/127.0.0.1:50682 - R:localhost/127.0.0.1:8083] Channel acquired, now 37 active connections and 55 inactive connections
10:13:39.634 [reactor-http-nio-4] DEBUG reactor.netty.http.client.HttpClientConnect - [id: 0xd848025a, L:/127.0.0.1:50682 - R:localhost/127.0.0.1:8083] Handler is being applied: {uri=http://localhost:8083/attractions, method=GET}
10:13:39.635 [reactor-http-nio-3] DEBUG reactor.netty.http.client.HttpClientOperations - [id: 0x3f9a41fc, L:/127.0.0.1:50649 - R:localhost/127.0.0.1:8083] Received last HTTP packet
10:13:39.635 [reactor-http-nio-3] DEBUG org.springframework.core.codec.StringDecoder - [5a336523] Decoded "[{"longitude":-117.922008,"latitude":33.817595,"attractionName":"Disneyland","city":"Anaheim","stat (truncated)...
10:13:39.635 [reactor-http-nio-3] DEBUG reactor.netty.resources.PooledConnectionProvider - [id: 0x3f9a41fc, L:/127.0.0.1:50649 - R:localhost/127.0.0.1:8083] onStateChange(GET{uri=/attractions, connection=PooledConnection{channel=[id: 0x3f9a41fc, L:/127.0.0.1:50649 - R:localhost/127.0.0.1:8083]}}, [disconnecting])
10:13:39.635 [reactor-http-nio-3] DEBUG reactor.netty.resources.PooledConnectionProvider - [id: 0x3f9a41fc, L:/127.0.0.1:50649 - R:localhost/127.0.0.1:8083] Releasing channel
10:13:39.635 [reactor-http-nio-3] DEBUG reactor.netty.resources.PooledConnectionProvider - [id: 0x3f9a41fc, L:/127.0.0.1:50649 - R:localhost/127.0.0.1:8083] Channel cleaned, now 36 active connections and 56 inactive connections
10:13:39.635 [reactor-http-nio-4] DEBUG reactor.netty.resources.PooledConnectionProvider - [id: 0xd848025a, L:/127.0.0.1:50682 - R:localhost/127.0.0.1:8083] onStateChange(GET{uri=/attractions, connection=PooledConnection{channel=[id: 0xd848025a, L:/127.0.0.1:50682 - R:localhost/127.0.0.1:8083]}}, [request_sent])
10:13:39.636 [pool-4-thread-30] DEBUG org.springframework.web.reactive.function.client.ExchangeFunctions - [77f96960] HTTP GET http://localhost:8083/attractions
10:13:39.638 [reactor-http-nio-3] DEBUG reactor.netty.resources.PooledConnectionProvider - [id: 0x16156b84, L:/127.0.0.1:50655 - R:localhost/127.0.0.1:8083] Channel acquired, now 37 active connections and 55 inactive connections
10:13:39.638 [reactor-http-nio-3] DEBUG reactor.netty.http.client.HttpClientConnect - [id: 0x16156b84, L:/127.0.0.1:50655 - R:localhost/127.0.0.1:8083] Handler is being applied: {uri=http://localhost:8083/attractions, method=GET}
10:13:39.639 [reactor-http-nio-3] DEBUG reactor.netty.resources.PooledConnectionProvider - [id: 0x16156b84, L:/127.0.0.1:50655 - R:localhost/127.0.0.1:8083] onStateChange(GET{uri=/attractions, connection=PooledConnection{channel=[id: 0x16156b84, L:/127.0.0.1:50655 - R:localhost/127.0.0.1:8083]}}, [request_sent])
10:13:39.639 [reactor-http-nio-4] DEBUG reactor.netty.http.client.HttpClientOperations - [id: 0xd35da22f, L:/127.0.0.1:50673 - R:localhost/127.0.0.1:8083] Received response (auto-read:false) : [Content-Type=application/json, Transfer-Encoding=chunked, Date=Tue, 07 Jun 2022 09:13:39 GMT]
10:13:39.639 [reactor-http-nio-4] DEBUG reactor.netty.resources.PooledConnectionProvider - [id: 0xd35da22f, L:/127.0.0.1:50673 - R:localhost/127.0.0.1:8083] onStateChange(GET{uri=/userLocation?userId=25b7a900-d32d-465e-8c04-ac564f32efed, connection=PooledConnection{channel=[id: 0xd35da22f, L:/127.0.0.1:50673 - R:localhost/127.0.0.1:8083]}}, [response_received])
10:13:39.639 [reactor-http-nio-4] DEBUG org.springframework.web.reactive.function.client.ExchangeFunctions - [679397a4] Response 200 OK
10:13:39.639 [reactor-http-nio-4] DEBUG reactor.netty.channel.FluxReceive - [id: 0xd35da22f, L:/127.0.0.1:50673 - R:localhost/127.0.0.1:8083] Subscribing inbound receiver [pending: 0, cancelled:false, inboundDone: false]
10:13:39.640 [reactor-http-nio-4] DEBUG reactor.netty.http.client.HttpClientOperations - [id: 0xd35da22f, L:/127.0.0.1:50673 - R:localhost/127.0.0.1:8083] Received last HTTP packet
10:13:39.640 [reactor-http-nio-4] DEBUG org.springframework.core.codec.StringDecoder - [679397a4] Decoded "{"userId":"25b7a900-d32d-465e-8c04-ac564f32efed","location":{"longitude":126.808989,"latitude":75.6 (truncated)...
10:13:39.640 [reactor-http-nio-4] DEBUG reactor.netty.resources.PooledConnectionProvider - [id: 0xd35da22f, L:/127.0.0.1:50673 - R:localhost/127.0.0.1:8083] onStateChange(GET{uri=/userLocation?userId=25b7a900-d32d-465e-8c04-ac564f32efed, connection=PooledConnection{channel=[id: 0xd35da22f, L:/127.0.0.1:50673 - R:localhost/127.0.0.1:8083]}}, [disconnecting])
10:13:39.640 [reactor-http-nio-4] DEBUG reactor.netty.resources.PooledConnectionProvider - [id: 0xd35da22f, L:/127.0.0.1:50673 - R:localhost/127.0.0.1:8083] Releasing channel
10:13:39.640 [reactor-http-nio-4] DEBUG reactor.netty.resources.PooledConnectionProvider - [id: 0xd35da22f, L:/127.0.0.1:50673 - R:localhost/127.0.0.1:8083] Channel cleaned, now 36 active connections and 56 inactive connections
10:13:39.641 [reactor-http-nio-3] DEBUG reactor.netty.http.client.HttpClientOperations - [id: 0x3ebd4108, L:/127.0.0.1:50652 - R:localhost/127.0.0.1:8083] Received response (auto-read:false) : [Content-Type=application/json, Transfer-Encoding=chunked, Date=Tue, 07 Jun 2022 09:13:39 GMT]
10:13:39.641 [reactor-http-nio-3] DEBUG reactor.netty.resources.PooledConnectionProvider - [id: 0x3ebd4108, L:/127.0.0.1:50652 - R:localhost/127.0.0.1:8083] onStateChange(GET{uri=/userLocation?userId=9fd2fe7a-aaa6-4229-b7ee-052225a77f0a, connection=PooledConnection{channel=[id: 0x3ebd4108, L:/127.0.0.1:50652 - R:localhost/127.0.0.1:8083]}}, [response_received])
10:13:39.641 [reactor-http-nio-3] DEBUG org.springframework.web.reactive.function.client.ExchangeFunctions - [6c3bc59c] Response 200 OK
10:13:39.642 [reactor-http-nio-3] DEBUG reactor.netty.channel.FluxReceive - [id: 0x3ebd4108, L:/127.0.0.1:50652 - R:localhost/127.0.0.1:8083] Subscribing inbound receiver [pending: 0, cancelled:false, inboundDone: false]
10:13:39.642 [pool-4-thread-68] DEBUG org.springframework.web.reactive.function.client.ExchangeFunctions - [69547526] HTTP GET http://localhost:8083/attractions
10:13:39.642 [reactor-http-nio-3] DEBUG reactor.netty.http.client.HttpClientOperations - [id: 0x3ebd4108, L:/127.0.0.1:50652 - R:localhost/127.0.0.1:8083] Received last HTTP packet
10:13:39.642 [reactor-http-nio-3] DEBUG org.springframework.core.codec.StringDecoder - [6c3bc59c] Decoded "{"userId":"9fd2fe7a-aaa6-4229-b7ee-052225a77f0a","location":{"longitude":91.061756,"latitude":13.92 (truncated)...
10:13:39.642 [reactor-http-nio-3] DEBUG reactor.netty.resources.PooledConnectionProvider - [id: 0x3ebd4108, L:/127.0.0.1:50652 - R:localhost/127.0.0.1:8083] onStateChange(GET{uri=/userLocation?userId=9fd2fe7a-aaa6-4229-b7ee-052225a77f0a, connection=PooledConnection{channel=[id: 0x3ebd4108, L:/127.0.0.1:50652 - R:localhost/127.0.0.1:8083]}}, [disconnecting])
10:13:39.642 [reactor-http-nio-3] DEBUG reactor.netty.resources.PooledConnectionProvider - [id: 0x3ebd4108, L:/127.0.0.1:50652 - R:localhost/127.0.0.1:8083] Releasing channel
10:13:39.642 [reactor-http-nio-3] DEBUG reactor.netty.resources.PooledConnectionProvider - [id: 0x3ebd4108, L:/127.0.0.1:50652 - R:localhost/127.0.0.1:8083] Channel cleaned, now 35 active connections and 57 inactive connections
10:13:39.644 [pool-4-thread-66] DEBUG org.springframework.web.reactive.function.client.ExchangeFunctions - [62fc266b] HTTP GET http://localhost:8083/attractions
10:13:39.644 [reactor-http-nio-3] DEBUG reactor.netty.resources.PooledConnectionProvider - [id: 0xa3626cd8, L:/127.0.0.1:50681 - R:localhost/127.0.0.1:8083] Channel acquired, now 36 active connections and 56 inactive connections
10:13:39.644 [reactor-http-nio-3] DEBUG reactor.netty.http.client.HttpClientConnect - [id: 0xa3626cd8, L:/127.0.0.1:50681 - R:localhost/127.0.0.1:8083] Handler is being applied: {uri=http://localhost:8083/attractions, method=GET}
10:13:39.645 [reactor-http-nio-4] DEBUG reactor.netty.http.client.HttpClientOperations - [id: 0x0e8dc7e0, L:/127.0.0.1:50627 - R:localhost/127.0.0.1:8083] Received response (auto-read:false) : [Content-Type=application/json, Transfer-Encoding=chunked, Date=Tue, 07 Jun 2022 09:13:39 GMT]
10:13:39.645 [reactor-http-nio-3] DEBUG reactor.netty.resources.PooledConnectionProvider - [id: 0xa3626cd8, L:/127.0.0.1:50681 - R:localhost/127.0.0.1:8083] onStateChange(GET{uri=/attractions, connection=PooledConnection{channel=[id: 0xa3626cd8, L:/127.0.0.1:50681 - R:localhost/127.0.0.1:8083]}}, [request_sent])
10:13:39.645 [reactor-http-nio-4] DEBUG reactor.netty.resources.PooledConnectionProvider - [id: 0x0e8dc7e0, L:/127.0.0.1:50627 - R:localhost/127.0.0.1:8083] onStateChange(GET{uri=/attractions, connection=PooledConnection{channel=[id: 0x0e8dc7e0, L:/127.0.0.1:50627 - R:localhost/127.0.0.1:8083]}}, [response_received])
10:13:39.646 [reactor-http-nio-4] DEBUG org.springframework.web.reactive.function.client.ExchangeFunctions - [7e5596c4] Response 200 OK
10:13:39.646 [reactor-http-nio-4] DEBUG reactor.netty.channel.FluxReceive - [id: 0x0e8dc7e0, L:/127.0.0.1:50627 - R:localhost/127.0.0.1:8083] Subscribing inbound receiver [pending: 0, cancelled:false, inboundDone: false]
10:13:39.646 [reactor-http-nio-4] DEBUG reactor.netty.http.client.HttpClientOperations - [id: 0x0e8dc7e0, L:/127.0.0.1:50627 - R:localhost/127.0.0.1:8083] Received last HTTP packet
10:13:39.647 [reactor-http-nio-4] DEBUG org.springframework.core.codec.StringDecoder - [7e5596c4] Decoded "[{"longitude":-117.922008,"latitude":33.817595,"attractionName":"Disneyland","city":"Anaheim","stat (truncated)...
10:13:39.647 [reactor-http-nio-4] DEBUG reactor.netty.resources.PooledConnectionProvider - [id: 0x0e8dc7e0, L:/127.0.0.1:50627 - R:localhost/127.0.0.1:8083] onStateChange(GET{uri=/attractions, connection=PooledConnection{channel=[id: 0x0e8dc7e0, L:/127.0.0.1:50627 - R:localhost/127.0.0.1:8083]}}, [disconnecting])
10:13:39.647 [reactor-http-nio-4] DEBUG reactor.netty.resources.PooledConnectionProvider - [id: 0x0e8dc7e0, L:/127.0.0.1:50627 - R:localhost/127.0.0.1:8083] Releasing channel
10:13:39.647 [reactor-http-nio-4] DEBUG reactor.netty.resources.PooledConnectionProvider - [id: 0x0e8dc7e0, L:/127.0.0.1:50627 - R:localhost/127.0.0.1:8083] Channel cleaned, now 35 active connections and 57 inactive connections
10:13:39.650 [reactor-http-nio-4] DEBUG reactor.netty.http.client.HttpClientOperations - [id: 0xd848025a, L:/127.0.0.1:50682 - R:localhost/127.0.0.1:8083] Received response (auto-read:false) : [Content-Type=application/json, Transfer-Encoding=chunked, Date=Tue, 07 Jun 2022 09:13:39 GMT]
10:13:39.650 [reactor-http-nio-4] DEBUG reactor.netty.resources.PooledConnectionProvider - [id: 0xd848025a, L:/127.0.0.1:50682 - R:localhost/127.0.0.1:8083] onStateChange(GET{uri=/attractions, connection=PooledConnection{channel=[id: 0xd848025a, L:/127.0.0.1:50682 - R:localhost/127.0.0.1:8083]}}, [response_received])
10:13:39.650 [reactor-http-nio-4] DEBUG org.springframework.web.reactive.function.client.ExchangeFunctions - [7c2f21b7] Response 200 OK
10:13:39.650 [reactor-http-nio-4] DEBUG reactor.netty.channel.FluxReceive - [id: 0xd848025a, L:/127.0.0.1:50682 - R:localhost/127.0.0.1:8083] Subscribing inbound receiver [pending: 0, cancelled:false, inboundDone: false]
10:13:39.651 [reactor-http-nio-4] DEBUG reactor.netty.http.client.HttpClientOperations - [id: 0xd848025a, L:/127.0.0.1:50682 - R:localhost/127.0.0.1:8083] Received last HTTP packet
10:13:39.652 [reactor-http-nio-4] DEBUG org.springframework.core.codec.StringDecoder - [7c2f21b7] Decoded "[{"longitude":-117.922008,"latitude":33.817595,"attractionName":"Disneyland","city":"Anaheim","stat (truncated)...
10:13:39.652 [reactor-http-nio-4] DEBUG reactor.netty.resources.PooledConnectionProvider - [id: 0xd848025a, L:/127.0.0.1:50682 - R:localhost/127.0.0.1:8083] onStateChange(GET{uri=/attractions, connection=PooledConnection{channel=[id: 0xd848025a, L:/127.0.0.1:50682 - R:localhost/127.0.0.1:8083]}}, [disconnecting])
10:13:39.652 [reactor-http-nio-4] DEBUG reactor.netty.resources.PooledConnectionProvider - [id: 0xd848025a, L:/127.0.0.1:50682 - R:localhost/127.0.0.1:8083] Releasing channel
10:13:39.652 [reactor-http-nio-4] DEBUG reactor.netty.resources.PooledConnectionProvider - [id: 0xd848025a, L:/127.0.0.1:50682 - R:localhost/127.0.0.1:8083] Channel cleaned, now 34 active connections and 58 inactive connections
10:13:39.652 [reactor-http-nio-3] DEBUG reactor.netty.http.client.HttpClientOperations - [id: 0x16156b84, L:/127.0.0.1:50655 - R:localhost/127.0.0.1:8083] Received response (auto-read:false) : [Content-Type=application/json, Transfer-Encoding=chunked, Date=Tue, 07 Jun 2022 09:13:39 GMT]
10:13:39.652 [reactor-http-nio-3] DEBUG reactor.netty.resources.PooledConnectionProvider - [id: 0x16156b84, L:/127.0.0.1:50655 - R:localhost/127.0.0.1:8083] onStateChange(GET{uri=/attractions, connection=PooledConnection{channel=[id: 0x16156b84, L:/127.0.0.1:50655 - R:localhost/127.0.0.1:8083]}}, [response_received])
10:13:39.653 [reactor-http-nio-3] DEBUG org.springframework.web.reactive.function.client.ExchangeFunctions - [77f96960] Response 200 OK
10:13:39.653 [reactor-http-nio-3] DEBUG reactor.netty.channel.FluxReceive - [id: 0x16156b84, L:/127.0.0.1:50655 - R:localhost/127.0.0.1:8083] Subscribing inbound receiver [pending: 0, cancelled:false, inboundDone: false]
10:13:39.653 [reactor-http-nio-3] DEBUG reactor.netty.http.client.HttpClientOperations - [id: 0x16156b84, L:/127.0.0.1:50655 - R:localhost/127.0.0.1:8083] Received last HTTP packet
10:13:39.654 [reactor-http-nio-3] DEBUG org.springframework.core.codec.StringDecoder - [77f96960] Decoded "[{"longitude":-117.922008,"latitude":33.817595,"attractionName":"Disneyland","city":"Anaheim","stat (truncated)...
10:13:39.654 [reactor-http-nio-3] DEBUG reactor.netty.resources.PooledConnectionProvider - [id: 0x16156b84, L:/127.0.0.1:50655 - R:localhost/127.0.0.1:8083] onStateChange(GET{uri=/attractions, connection=PooledConnection{channel=[id: 0x16156b84, L:/127.0.0.1:50655 - R:localhost/127.0.0.1:8083]}}, [disconnecting])
10:13:39.654 [reactor-http-nio-3] DEBUG reactor.netty.resources.PooledConnectionProvider - [id: 0x16156b84, L:/127.0.0.1:50655 - R:localhost/127.0.0.1:8083] Releasing channel
10:13:39.654 [reactor-http-nio-3] DEBUG reactor.netty.resources.PooledConnectionProvider - [id: 0x16156b84, L:/127.0.0.1:50655 - R:localhost/127.0.0.1:8083] Channel cleaned, now 33 active connections and 59 inactive connections
10:13:39.655 [reactor-http-nio-4] DEBUG reactor.netty.http.client.HttpClientOperations - [id: 0xaf549f54, L:/127.0.0.1:50677 - R:localhost/127.0.0.1:8083] Received response (auto-read:false) : [Content-Type=application/json, Transfer-Encoding=chunked, Date=Tue, 07 Jun 2022 09:13:39 GMT]
10:13:39.655 [reactor-http-nio-4] DEBUG reactor.netty.resources.PooledConnectionProvider - [id: 0xaf549f54, L:/127.0.0.1:50677 - R:localhost/127.0.0.1:8083] onStateChange(GET{uri=/userLocation?userId=e2c142d7-241b-4ae7-9baf-083abe70f24d, connection=PooledConnection{channel=[id: 0xaf549f54, L:/127.0.0.1:50677 - R:localhost/127.0.0.1:8083]}}, [response_received])
10:13:39.655 [reactor-http-nio-4] DEBUG org.springframework.web.reactive.function.client.ExchangeFunctions - [4e9362d6] Response 200 OK
10:13:39.655 [reactor-http-nio-4] DEBUG reactor.netty.channel.FluxReceive - [id: 0xaf549f54, L:/127.0.0.1:50677 - R:localhost/127.0.0.1:8083] Subscribing inbound receiver [pending: 0, cancelled:false, inboundDone: false]
10:13:39.656 [reactor-http-nio-4] DEBUG reactor.netty.http.client.HttpClientOperations - [id: 0x269b11ab, L:/127.0.0.1:50672 - R:localhost/127.0.0.1:8083] Received response (auto-read:false) : [Content-Type=application/json, Transfer-Encoding=chunked, Date=Tue, 07 Jun 2022 09:13:39 GMT]
10:13:39.656 [reactor-http-nio-4] DEBUG reactor.netty.resources.PooledConnectionProvider - [id: 0x269b11ab, L:/127.0.0.1:50672 - R:localhost/127.0.0.1:8083] onStateChange(GET{uri=/userLocation?userId=aa55f962-0d22-4923-a16f-96149a00f132, connection=PooledConnection{channel=[id: 0x269b11ab, L:/127.0.0.1:50672 - R:localhost/127.0.0.1:8083]}}, [response_received])
10:13:39.656 [reactor-http-nio-4] DEBUG org.springframework.web.reactive.function.client.ExchangeFunctions - [2f704208] Response 200 OK
10:13:39.656 [reactor-http-nio-4] DEBUG reactor.netty.channel.FluxReceive - [id: 0x269b11ab, L:/127.0.0.1:50672 - R:localhost/127.0.0.1:8083] Subscribing inbound receiver [pending: 0, cancelled:false, inboundDone: false]
10:13:39.657 [reactor-http-nio-4] DEBUG reactor.netty.http.client.HttpClientOperations - [id: 0x269b11ab, L:/127.0.0.1:50672 - R:localhost/127.0.0.1:8083] Received last HTTP packet
10:13:39.657 [reactor-http-nio-4] DEBUG org.springframework.core.codec.StringDecoder - [2f704208] Decoded "{"userId":"aa55f962-0d22-4923-a16f-96149a00f132","location":{"longitude":-112.596163,"latitude":17. (truncated)...
10:13:39.657 [reactor-http-nio-4] DEBUG reactor.netty.resources.PooledConnectionProvider - [id: 0x269b11ab, L:/127.0.0.1:50672 - R:localhost/127.0.0.1:8083] onStateChange(GET{uri=/userLocation?userId=aa55f962-0d22-4923-a16f-96149a00f132, connection=PooledConnection{channel=[id: 0x269b11ab, L:/127.0.0.1:50672 - R:localhost/127.0.0.1:8083]}}, [disconnecting])
10:13:39.657 [reactor-http-nio-4] DEBUG reactor.netty.resources.PooledConnectionProvider - [id: 0x269b11ab, L:/127.0.0.1:50672 - R:localhost/127.0.0.1:8083] Releasing channel
10:13:39.657 [reactor-http-nio-4] DEBUG reactor.netty.resources.PooledConnectionProvider - [id: 0x269b11ab, L:/127.0.0.1:50672 - R:localhost/127.0.0.1:8083] Channel cleaned, now 32 active connections and 60 inactive connections
10:13:39.657 [reactor-http-nio-4] DEBUG reactor.netty.http.client.HttpClientOperations - [id: 0xaf549f54, L:/127.0.0.1:50677 - R:localhost/127.0.0.1:8083] Received last HTTP packet
10:13:39.657 [reactor-http-nio-4] DEBUG org.springframework.core.codec.StringDecoder - [4e9362d6] Decoded "{"userId":"e2c142d7-241b-4ae7-9baf-083abe70f24d","location":{"longitude":-17.683567,"latitude":25.1 (truncated)...
10:13:39.657 [reactor-http-nio-4] DEBUG reactor.netty.resources.PooledConnectionProvider - [id: 0xaf549f54, L:/127.0.0.1:50677 - R:localhost/127.0.0.1:8083] onStateChange(GET{uri=/userLocation?userId=e2c142d7-241b-4ae7-9baf-083abe70f24d, connection=PooledConnection{channel=[id: 0xaf549f54, L:/127.0.0.1:50677 - R:localhost/127.0.0.1:8083]}}, [disconnecting])
10:13:39.657 [reactor-http-nio-4] DEBUG reactor.netty.resources.PooledConnectionProvider - [id: 0xaf549f54, L:/127.0.0.1:50677 - R:localhost/127.0.0.1:8083] Releasing channel
10:13:39.657 [reactor-http-nio-4] DEBUG reactor.netty.resources.PooledConnectionProvider - [id: 0xaf549f54, L:/127.0.0.1:50677 - R:localhost/127.0.0.1:8083] Channel cleaned, now 31 active connections and 61 inactive connections
10:13:39.658 [reactor-http-nio-3] DEBUG reactor.netty.http.client.HttpClientOperations - [id: 0xa3626cd8, L:/127.0.0.1:50681 - R:localhost/127.0.0.1:8083] Received response (auto-read:false) : [Content-Type=application/json, Transfer-Encoding=chunked, Date=Tue, 07 Jun 2022 09:13:39 GMT]
10:13:39.658 [reactor-http-nio-3] DEBUG reactor.netty.resources.PooledConnectionProvider - [id: 0xa3626cd8, L:/127.0.0.1:50681 - R:localhost/127.0.0.1:8083] onStateChange(GET{uri=/attractions, connection=PooledConnection{channel=[id: 0xa3626cd8, L:/127.0.0.1:50681 - R:localhost/127.0.0.1:8083]}}, [response_received])
10:13:39.658 [reactor-http-nio-3] DEBUG org.springframework.web.reactive.function.client.ExchangeFunctions - [62fc266b] Response 200 OK
10:13:39.658 [reactor-http-nio-3] DEBUG reactor.netty.channel.FluxReceive - [id: 0xa3626cd8, L:/127.0.0.1:50681 - R:localhost/127.0.0.1:8083] Subscribing inbound receiver [pending: 0, cancelled:false, inboundDone: false]
10:13:39.659 [reactor-http-nio-3] DEBUG reactor.netty.http.client.HttpClientOperations - [id: 0xa3626cd8, L:/127.0.0.1:50681 - R:localhost/127.0.0.1:8083] Received last HTTP packet
10:13:39.659 [pool-4-thread-81] DEBUG org.springframework.web.reactive.function.client.ExchangeFunctions - [40548574] HTTP GET http://localhost:8083/attractions
10:13:39.659 [reactor-http-nio-3] DEBUG org.springframework.core.codec.StringDecoder - [62fc266b] Decoded "[{"longitude":-117.922008,"latitude":33.817595,"attractionName":"Disneyland","city":"Anaheim","stat (truncated)...
10:13:39.659 [reactor-http-nio-3] DEBUG reactor.netty.resources.PooledConnectionProvider - [id: 0xa3626cd8, L:/127.0.0.1:50681 - R:localhost/127.0.0.1:8083] onStateChange(GET{uri=/attractions, connection=PooledConnection{channel=[id: 0xa3626cd8, L:/127.0.0.1:50681 - R:localhost/127.0.0.1:8083]}}, [disconnecting])
10:13:39.659 [reactor-http-nio-3] DEBUG reactor.netty.resources.PooledConnectionProvider - [id: 0xa3626cd8, L:/127.0.0.1:50681 - R:localhost/127.0.0.1:8083] Releasing channel
10:13:39.659 [reactor-http-nio-3] DEBUG reactor.netty.resources.PooledConnectionProvider - [id: 0xa3626cd8, L:/127.0.0.1:50681 - R:localhost/127.0.0.1:8083] Channel cleaned, now 30 active connections and 62 inactive connections
10:13:39.660 [reactor-http-nio-3] DEBUG reactor.netty.resources.PooledConnectionProvider - [id: 0x848154ea, L:/127.0.0.1:50683 - R:localhost/127.0.0.1:8083] Channel acquired, now 31 active connections and 61 inactive connections
10:13:39.660 [reactor-http-nio-3] DEBUG reactor.netty.http.client.HttpClientConnect - [id: 0x848154ea, L:/127.0.0.1:50683 - R:localhost/127.0.0.1:8083] Handler is being applied: {uri=http://localhost:8083/attractions, method=GET}
10:13:39.661 [pool-4-thread-63] DEBUG org.springframework.web.reactive.function.client.ExchangeFunctions - [21b7b996] HTTP GET http://localhost:8083/attractions
10:13:39.661 [reactor-http-nio-3] DEBUG reactor.netty.resources.PooledConnectionProvider - [id: 0x848154ea, L:/127.0.0.1:50683 - R:localhost/127.0.0.1:8083] onStateChange(GET{uri=/attractions, connection=PooledConnection{channel=[id: 0x848154ea, L:/127.0.0.1:50683 - R:localhost/127.0.0.1:8083]}}, [request_sent])
10:13:39.662 [reactor-http-nio-1] DEBUG reactor.netty.http.client.HttpClientOperations - [id: 0xe6c21e31, L:/127.0.0.1:50692 - R:localhost/127.0.0.1:8083] Received response (auto-read:false) : [Content-Type=application/json, Transfer-Encoding=chunked, Date=Tue, 07 Jun 2022 09:13:39 GMT]
10:13:39.662 [reactor-http-nio-1] DEBUG reactor.netty.resources.PooledConnectionProvider - [id: 0xe6c21e31, L:/127.0.0.1:50692 - R:localhost/127.0.0.1:8083] onStateChange(GET{uri=/userLocation?userId=96b73c78-647b-4276-8ec1-5cd908cc7e6a, connection=PooledConnection{channel=[id: 0xe6c21e31, L:/127.0.0.1:50692 - R:localhost/127.0.0.1:8083]}}, [response_received])
10:13:39.662 [reactor-http-nio-1] DEBUG org.springframework.web.reactive.function.client.ExchangeFunctions - [5337b21e] Response 200 OK
10:13:39.663 [reactor-http-nio-4] DEBUG reactor.netty.http.client.HttpClientOperations - [id: 0xb232e8be, L:/127.0.0.1:50679 - R:localhost/127.0.0.1:8083] Received response (auto-read:false) : [Content-Type=application/json, Transfer-Encoding=chunked, Date=Tue, 07 Jun 2022 09:13:39 GMT]
10:13:39.663 [reactor-http-nio-4] DEBUG reactor.netty.resources.PooledConnectionProvider - [id: 0xb232e8be, L:/127.0.0.1:50679 - R:localhost/127.0.0.1:8083] onStateChange(GET{uri=/userLocation?userId=ebca1cd6-90a3-4bb0-b551-3ae4503727b4, connection=PooledConnection{channel=[id: 0xb232e8be, L:/127.0.0.1:50679 - R:localhost/127.0.0.1:8083]}}, [response_received])
10:13:39.663 [reactor-http-nio-4] DEBUG org.springframework.web.reactive.function.client.ExchangeFunctions - [52ac218] Response 200 OK
10:13:39.663 [reactor-http-nio-1] DEBUG reactor.netty.channel.FluxReceive - [id: 0xe6c21e31, L:/127.0.0.1:50692 - R:localhost/127.0.0.1:8083] Subscribing inbound receiver [pending: 0, cancelled:false, inboundDone: false]
10:13:39.663 [reactor-http-nio-4] DEBUG reactor.netty.channel.FluxReceive - [id: 0xb232e8be, L:/127.0.0.1:50679 - R:localhost/127.0.0.1:8083] Subscribing inbound receiver [pending: 0, cancelled:false, inboundDone: false]
10:13:39.663 [reactor-http-nio-4] DEBUG reactor.netty.http.client.HttpClientOperations - [id: 0xb232e8be, L:/127.0.0.1:50679 - R:localhost/127.0.0.1:8083] Received last HTTP packet
10:13:39.663 [reactor-http-nio-1] DEBUG reactor.netty.http.client.HttpClientOperations - [id: 0x5bb369e8, L:/127.0.0.1:50691 - R:localhost/127.0.0.1:8083] Received response (auto-read:false) : [Content-Type=application/json, Transfer-Encoding=chunked, Date=Tue, 07 Jun 2022 09:13:39 GMT]
10:13:39.663 [reactor-http-nio-1] DEBUG reactor.netty.resources.PooledConnectionProvider - [id: 0x5bb369e8, L:/127.0.0.1:50691 - R:localhost/127.0.0.1:8083] onStateChange(GET{uri=/userLocation?userId=e8b48aaa-d4bc-45a4-b5c4-0d09ff658761, connection=PooledConnection{channel=[id: 0x5bb369e8, L:/127.0.0.1:50691 - R:localhost/127.0.0.1:8083]}}, [response_received])
10:13:39.663 [reactor-http-nio-4] DEBUG org.springframework.core.codec.StringDecoder - [52ac218] Decoded "{"userId":"ebca1cd6-90a3-4bb0-b551-3ae4503727b4","location":{"longitude":159.668506,"latitude":15.9 (truncated)...
10:13:39.663 [reactor-http-nio-1] DEBUG org.springframework.web.reactive.function.client.ExchangeFunctions - [1b571d96] Response 200 OK
10:13:39.664 [reactor-http-nio-4] DEBUG reactor.netty.resources.PooledConnectionProvider - [id: 0xb232e8be, L:/127.0.0.1:50679 - R:localhost/127.0.0.1:8083] onStateChange(GET{uri=/userLocation?userId=ebca1cd6-90a3-4bb0-b551-3ae4503727b4, connection=PooledConnection{channel=[id: 0xb232e8be, L:/127.0.0.1:50679 - R:localhost/127.0.0.1:8083]}}, [disconnecting])
10:13:39.664 [reactor-http-nio-4] DEBUG reactor.netty.resources.PooledConnectionProvider - [id: 0xb232e8be, L:/127.0.0.1:50679 - R:localhost/127.0.0.1:8083] Releasing channel
10:13:39.664 [reactor-http-nio-4] DEBUG reactor.netty.resources.PooledConnectionProvider - [id: 0xb232e8be, L:/127.0.0.1:50679 - R:localhost/127.0.0.1:8083] Channel cleaned, now 30 active connections and 62 inactive connections
10:13:39.664 [reactor-http-nio-1] DEBUG reactor.netty.channel.FluxReceive - [id: 0x5bb369e8, L:/127.0.0.1:50691 - R:localhost/127.0.0.1:8083] Subscribing inbound receiver [pending: 0, cancelled:false, inboundDone: false]
10:13:39.664 [reactor-http-nio-1] DEBUG reactor.netty.http.client.HttpClientOperations - [id: 0xe6c21e31, L:/127.0.0.1:50692 - R:localhost/127.0.0.1:8083] Received last HTTP packet
10:13:39.664 [reactor-http-nio-1] DEBUG org.springframework.core.codec.StringDecoder - [5337b21e] Decoded "{"userId":"96b73c78-647b-4276-8ec1-5cd908cc7e6a","location":{"longitude":122.031808,"latitude":36.0 (truncated)...
10:13:39.664 [reactor-http-nio-1] DEBUG reactor.netty.resources.PooledConnectionProvider - [id: 0xe6c21e31, L:/127.0.0.1:50692 - R:localhost/127.0.0.1:8083] onStateChange(GET{uri=/userLocation?userId=96b73c78-647b-4276-8ec1-5cd908cc7e6a, connection=PooledConnection{channel=[id: 0xe6c21e31, L:/127.0.0.1:50692 - R:localhost/127.0.0.1:8083]}}, [disconnecting])
10:13:39.664 [reactor-http-nio-1] DEBUG reactor.netty.resources.PooledConnectionProvider - [id: 0xe6c21e31, L:/127.0.0.1:50692 - R:localhost/127.0.0.1:8083] Releasing channel
10:13:39.664 [reactor-http-nio-1] DEBUG reactor.netty.resources.PooledConnectionProvider - [id: 0xe6c21e31, L:/127.0.0.1:50692 - R:localhost/127.0.0.1:8083] Channel cleaned, now 29 active connections and 63 inactive connections
10:13:39.665 [pool-4-thread-98] DEBUG org.springframework.web.reactive.function.client.ExchangeFunctions - [bed2ccd] HTTP GET http://localhost:8083/attractions
10:13:39.666 [pool-4-thread-65] DEBUG org.springframework.web.reactive.function.client.ExchangeFunctions - [5df04608] HTTP GET http://localhost:8083/attractions
10:13:39.666 [reactor-http-nio-4] DEBUG reactor.netty.resources.PooledConnectionProvider - [id: 0xb37fd56e, L:/127.0.0.1:50615 - R:localhost/127.0.0.1:8083] Channel acquired, now 30 active connections and 62 inactive connections
10:13:39.667 [reactor-http-nio-4] DEBUG reactor.netty.http.client.HttpClientConnect - [id: 0xb37fd56e, L:/127.0.0.1:50615 - R:localhost/127.0.0.1:8083] Handler is being applied: {uri=http://localhost:8083/attractions, method=GET}
10:13:39.667 [reactor-http-nio-1] DEBUG reactor.netty.http.client.HttpClientOperations - [id: 0x5bb369e8, L:/127.0.0.1:50691 - R:localhost/127.0.0.1:8083] Received last HTTP packet
10:13:39.667 [reactor-http-nio-1] DEBUG org.springframework.core.codec.StringDecoder - [1b571d96] Decoded "{"userId":"e8b48aaa-d4bc-45a4-b5c4-0d09ff658761","location":{"longitude":-12.853339,"latitude":64.1 (truncated)...
10:13:39.667 [reactor-http-nio-1] DEBUG reactor.netty.resources.PooledConnectionProvider - [id: 0x5bb369e8, L:/127.0.0.1:50691 - R:localhost/127.0.0.1:8083] onStateChange(GET{uri=/userLocation?userId=e8b48aaa-d4bc-45a4-b5c4-0d09ff658761, connection=PooledConnection{channel=[id: 0x5bb369e8, L:/127.0.0.1:50691 - R:localhost/127.0.0.1:8083]}}, [disconnecting])
10:13:39.667 [reactor-http-nio-1] DEBUG reactor.netty.resources.PooledConnectionProvider - [id: 0x5bb369e8, L:/127.0.0.1:50691 - R:localhost/127.0.0.1:8083] Releasing channel
10:13:39.667 [reactor-http-nio-1] DEBUG reactor.netty.resources.PooledConnectionProvider - [id: 0x5bb369e8, L:/127.0.0.1:50691 - R:localhost/127.0.0.1:8083] Channel cleaned, now 29 active connections and 63 inactive connections
10:13:39.667 [reactor-http-nio-4] DEBUG reactor.netty.resources.PooledConnectionProvider - [id: 0xb37fd56e, L:/127.0.0.1:50615 - R:localhost/127.0.0.1:8083] onStateChange(GET{uri=/attractions, connection=PooledConnection{channel=[id: 0xb37fd56e, L:/127.0.0.1:50615 - R:localhost/127.0.0.1:8083]}}, [request_sent])
10:13:39.669 [pool-4-thread-83] DEBUG org.springframework.web.reactive.function.client.ExchangeFunctions - [1590f08c] HTTP GET http://localhost:8083/attractions
10:13:39.670 [reactor-http-nio-4] DEBUG reactor.netty.resources.PooledConnectionProvider - [id: 0xce2e26b5, L:/127.0.0.1:50623 - R:localhost/127.0.0.1:8083] Channel acquired, now 30 active connections and 62 inactive connections
10:13:39.670 [reactor-http-nio-4] DEBUG reactor.netty.http.client.HttpClientConnect - [id: 0xce2e26b5, L:/127.0.0.1:50623 - R:localhost/127.0.0.1:8083] Handler is being applied: {uri=http://localhost:8083/attractions, method=GET}
10:13:39.671 [reactor-http-nio-4] DEBUG reactor.netty.resources.PooledConnectionProvider - [id: 0xce2e26b5, L:/127.0.0.1:50623 - R:localhost/127.0.0.1:8083] onStateChange(GET{uri=/attractions, connection=PooledConnection{channel=[id: 0xce2e26b5, L:/127.0.0.1:50623 - R:localhost/127.0.0.1:8083]}}, [request_sent])
10:13:39.671 [reactor-http-nio-4] DEBUG reactor.netty.http.client.HttpClientOperations - [id: 0x8f9ca272, L:/127.0.0.1:50675 - R:localhost/127.0.0.1:8083] Received response (auto-read:false) : [Content-Type=application/json, Transfer-Encoding=chunked, Date=Tue, 07 Jun 2022 09:13:39 GMT]
10:13:39.671 [reactor-http-nio-4] DEBUG reactor.netty.resources.PooledConnectionProvider - [id: 0x8f9ca272, L:/127.0.0.1:50675 - R:localhost/127.0.0.1:8083] onStateChange(GET{uri=/userLocation?userId=9dc56f5c-fe02-41ae-b410-4a32a37cda45, connection=PooledConnection{channel=[id: 0x8f9ca272, L:/127.0.0.1:50675 - R:localhost/127.0.0.1:8083]}}, [response_received])
10:13:39.671 [reactor-http-nio-4] DEBUG org.springframework.web.reactive.function.client.ExchangeFunctions - [65a7e444] Response 200 OK
10:13:39.672 [reactor-http-nio-4] DEBUG reactor.netty.channel.FluxReceive - [id: 0x8f9ca272, L:/127.0.0.1:50675 - R:localhost/127.0.0.1:8083] Subscribing inbound receiver [pending: 0, cancelled:false, inboundDone: false]
10:13:39.672 [reactor-http-nio-4] DEBUG reactor.netty.http.client.HttpClientOperations - [id: 0x8f9ca272, L:/127.0.0.1:50675 - R:localhost/127.0.0.1:8083] Received last HTTP packet
10:13:39.672 [reactor-http-nio-4] DEBUG org.springframework.core.codec.StringDecoder - [65a7e444] Decoded "{"userId":"9dc56f5c-fe02-41ae-b410-4a32a37cda45","location":{"longitude":-38.637665,"latitude":-35. (truncated)...
10:13:39.672 [reactor-http-nio-4] DEBUG reactor.netty.resources.PooledConnectionProvider - [id: 0x8f9ca272, L:/127.0.0.1:50675 - R:localhost/127.0.0.1:8083] onStateChange(GET{uri=/userLocation?userId=9dc56f5c-fe02-41ae-b410-4a32a37cda45, connection=PooledConnection{channel=[id: 0x8f9ca272, L:/127.0.0.1:50675 - R:localhost/127.0.0.1:8083]}}, [disconnecting])
10:13:39.672 [reactor-http-nio-4] DEBUG reactor.netty.resources.PooledConnectionProvider - [id: 0x8f9ca272, L:/127.0.0.1:50675 - R:localhost/127.0.0.1:8083] Releasing channel
10:13:39.672 [reactor-http-nio-4] DEBUG reactor.netty.resources.PooledConnectionProvider - [id: 0x8f9ca272, L:/127.0.0.1:50675 - R:localhost/127.0.0.1:8083] Channel cleaned, now 29 active connections and 63 inactive connections
10:13:39.673 [reactor-http-nio-3] DEBUG reactor.netty.http.client.HttpClientOperations - [id: 0x848154ea, L:/127.0.0.1:50683 - R:localhost/127.0.0.1:8083] Received response (auto-read:false) : [Content-Type=application/json, Transfer-Encoding=chunked, Date=Tue, 07 Jun 2022 09:13:39 GMT]
10:13:39.673 [reactor-http-nio-3] DEBUG reactor.netty.resources.PooledConnectionProvider - [id: 0x848154ea, L:/127.0.0.1:50683 - R:localhost/127.0.0.1:8083] onStateChange(GET{uri=/attractions, connection=PooledConnection{channel=[id: 0x848154ea, L:/127.0.0.1:50683 - R:localhost/127.0.0.1:8083]}}, [response_received])
10:13:39.673 [reactor-http-nio-3] DEBUG org.springframework.web.reactive.function.client.ExchangeFunctions - [40548574] Response 200 OK
10:13:39.674 [reactor-http-nio-3] DEBUG reactor.netty.channel.FluxReceive - [id: 0x848154ea, L:/127.0.0.1:50683 - R:localhost/127.0.0.1:8083] Subscribing inbound receiver [pending: 0, cancelled:false, inboundDone: false]
10:13:39.674 [reactor-http-nio-3] DEBUG reactor.netty.http.client.HttpClientOperations - [id: 0x848154ea, L:/127.0.0.1:50683 - R:localhost/127.0.0.1:8083] Received last HTTP packet
10:13:39.674 [pool-4-thread-73] DEBUG org.springframework.web.reactive.function.client.ExchangeFunctions - [6b601680] HTTP GET http://localhost:8083/attractions
10:13:39.674 [reactor-http-nio-3] DEBUG org.springframework.core.codec.StringDecoder - [40548574] Decoded "[{"longitude":-117.922008,"latitude":33.817595,"attractionName":"Disneyland","city":"Anaheim","stat (truncated)...
10:13:39.674 [reactor-http-nio-3] DEBUG reactor.netty.resources.PooledConnectionProvider - [id: 0x848154ea, L:/127.0.0.1:50683 - R:localhost/127.0.0.1:8083] onStateChange(GET{uri=/attractions, connection=PooledConnection{channel=[id: 0x848154ea, L:/127.0.0.1:50683 - R:localhost/127.0.0.1:8083]}}, [disconnecting])
10:13:39.674 [reactor-http-nio-3] DEBUG reactor.netty.resources.PooledConnectionProvider - [id: 0x848154ea, L:/127.0.0.1:50683 - R:localhost/127.0.0.1:8083] Releasing channel
10:13:39.674 [reactor-http-nio-3] DEBUG reactor.netty.resources.PooledConnectionProvider - [id: 0x848154ea, L:/127.0.0.1:50683 - R:localhost/127.0.0.1:8083] Channel cleaned, now 28 active connections and 64 inactive connections
10:13:39.675 [reactor-http-nio-3] DEBUG reactor.netty.resources.PooledConnectionProvider - [id: 0xbacd0b54, L:/127.0.0.1:50684 - R:localhost/127.0.0.1:8083] Channel acquired, now 29 active connections and 63 inactive connections
10:13:39.675 [reactor-http-nio-3] DEBUG reactor.netty.http.client.HttpClientConnect - [id: 0xbacd0b54, L:/127.0.0.1:50684 - R:localhost/127.0.0.1:8083] Handler is being applied: {uri=http://localhost:8083/attractions, method=GET}
10:13:39.676 [reactor-http-nio-3] DEBUG reactor.netty.resources.PooledConnectionProvider - [id: 0xbacd0b54, L:/127.0.0.1:50684 - R:localhost/127.0.0.1:8083] onStateChange(GET{uri=/attractions, connection=PooledConnection{channel=[id: 0xbacd0b54, L:/127.0.0.1:50684 - R:localhost/127.0.0.1:8083]}}, [request_sent])
10:13:39.677 [reactor-http-nio-1] DEBUG reactor.netty.http.client.HttpClientOperations - [id: 0xd8b5b2a4, L:/127.0.0.1:50695 - R:localhost/127.0.0.1:8083] Received response (auto-read:false) : [Content-Type=application/json, Transfer-Encoding=chunked, Date=Tue, 07 Jun 2022 09:13:39 GMT]
10:13:39.677 [reactor-http-nio-1] DEBUG reactor.netty.resources.PooledConnectionProvider - [id: 0xd8b5b2a4, L:/127.0.0.1:50695 - R:localhost/127.0.0.1:8083] onStateChange(GET{uri=/userLocation?userId=db3dc6a2-0809-4b24-81f7-64a58a0aef8f, connection=PooledConnection{channel=[id: 0xd8b5b2a4, L:/127.0.0.1:50695 - R:localhost/127.0.0.1:8083]}}, [response_received])
10:13:39.677 [reactor-http-nio-1] DEBUG org.springframework.web.reactive.function.client.ExchangeFunctions - [6f51b905] Response 200 OK
10:13:39.678 [reactor-http-nio-1] DEBUG reactor.netty.channel.FluxReceive - [id: 0xd8b5b2a4, L:/127.0.0.1:50695 - R:localhost/127.0.0.1:8083] Subscribing inbound receiver [pending: 0, cancelled:false, inboundDone: false]
10:13:39.678 [reactor-http-nio-1] DEBUG reactor.netty.http.client.HttpClientOperations - [id: 0xd8b5b2a4, L:/127.0.0.1:50695 - R:localhost/127.0.0.1:8083] Received last HTTP packet
10:13:39.678 [reactor-http-nio-1] DEBUG org.springframework.core.codec.StringDecoder - [6f51b905] Decoded "{"userId":"db3dc6a2-0809-4b24-81f7-64a58a0aef8f","location":{"longitude":172.714721,"latitude":20.6 (truncated)...
10:13:39.678 [reactor-http-nio-1] DEBUG reactor.netty.resources.PooledConnectionProvider - [id: 0xd8b5b2a4, L:/127.0.0.1:50695 - R:localhost/127.0.0.1:8083] onStateChange(GET{uri=/userLocation?userId=db3dc6a2-0809-4b24-81f7-64a58a0aef8f, connection=PooledConnection{channel=[id: 0xd8b5b2a4, L:/127.0.0.1:50695 - R:localhost/127.0.0.1:8083]}}, [disconnecting])
10:13:39.678 [reactor-http-nio-1] DEBUG reactor.netty.resources.PooledConnectionProvider - [id: 0xd8b5b2a4, L:/127.0.0.1:50695 - R:localhost/127.0.0.1:8083] Releasing channel
10:13:39.678 [reactor-http-nio-1] DEBUG reactor.netty.resources.PooledConnectionProvider - [id: 0xd8b5b2a4, L:/127.0.0.1:50695 - R:localhost/127.0.0.1:8083] Channel cleaned, now 28 active connections and 64 inactive connections
10:13:39.679 [reactor-http-nio-1] DEBUG reactor.netty.http.client.HttpClientOperations - [id: 0x8e179e05, L:/127.0.0.1:50698 - R:localhost/127.0.0.1:8083] Received response (auto-read:false) : [Content-Type=application/json, Transfer-Encoding=chunked, Date=Tue, 07 Jun 2022 09:13:39 GMT]
10:13:39.679 [reactor-http-nio-1] DEBUG reactor.netty.resources.PooledConnectionProvider - [id: 0x8e179e05, L:/127.0.0.1:50698 - R:localhost/127.0.0.1:8083] onStateChange(GET{uri=/userLocation?userId=8a52b086-1e63-47e6-a112-866ce1404c75, connection=PooledConnection{channel=[id: 0x8e179e05, L:/127.0.0.1:50698 - R:localhost/127.0.0.1:8083]}}, [response_received])
10:13:39.679 [reactor-http-nio-1] DEBUG org.springframework.web.reactive.function.client.ExchangeFunctions - [72625a0] Response 200 OK
10:13:39.679 [reactor-http-nio-1] DEBUG reactor.netty.channel.FluxReceive - [id: 0x8e179e05, L:/127.0.0.1:50698 - R:localhost/127.0.0.1:8083] Subscribing inbound receiver [pending: 0, cancelled:false, inboundDone: false]
10:13:39.680 [pool-4-thread-77] DEBUG org.springframework.web.reactive.function.client.ExchangeFunctions - [61965a9f] HTTP GET http://localhost:8083/attractions
10:13:39.680 [reactor-http-nio-1] DEBUG reactor.netty.http.client.HttpClientOperations - [id: 0x8e179e05, L:/127.0.0.1:50698 - R:localhost/127.0.0.1:8083] Received last HTTP packet
10:13:39.680 [reactor-http-nio-1] DEBUG org.springframework.core.codec.StringDecoder - [72625a0] Decoded "{"userId":"8a52b086-1e63-47e6-a112-866ce1404c75","location":{"longitude":95.472058,"latitude":-65.2 (truncated)...
10:13:39.680 [reactor-http-nio-1] DEBUG reactor.netty.resources.PooledConnectionProvider - [id: 0x8e179e05, L:/127.0.0.1:50698 - R:localhost/127.0.0.1:8083] onStateChange(GET{uri=/userLocation?userId=8a52b086-1e63-47e6-a112-866ce1404c75, connection=PooledConnection{channel=[id: 0x8e179e05, L:/127.0.0.1:50698 - R:localhost/127.0.0.1:8083]}}, [disconnecting])
10:13:39.680 [reactor-http-nio-1] DEBUG reactor.netty.resources.PooledConnectionProvider - [id: 0x8e179e05, L:/127.0.0.1:50698 - R:localhost/127.0.0.1:8083] Releasing channel
10:13:39.680 [reactor-http-nio-1] DEBUG reactor.netty.resources.PooledConnectionProvider - [id: 0x8e179e05, L:/127.0.0.1:50698 - R:localhost/127.0.0.1:8083] Channel cleaned, now 27 active connections and 65 inactive connections
10:13:39.682 [reactor-http-nio-4] DEBUG reactor.netty.http.client.HttpClientOperations - [id: 0xb37fd56e, L:/127.0.0.1:50615 - R:localhost/127.0.0.1:8083] Received response (auto-read:false) : [Content-Type=application/json, Transfer-Encoding=chunked, Date=Tue, 07 Jun 2022 09:13:39 GMT]
10:13:39.682 [reactor-http-nio-4] DEBUG reactor.netty.resources.PooledConnectionProvider - [id: 0xb37fd56e, L:/127.0.0.1:50615 - R:localhost/127.0.0.1:8083] onStateChange(GET{uri=/attractions, connection=PooledConnection{channel=[id: 0xb37fd56e, L:/127.0.0.1:50615 - R:localhost/127.0.0.1:8083]}}, [response_received])
10:13:39.682 [reactor-http-nio-4] DEBUG org.springframework.web.reactive.function.client.ExchangeFunctions - [5df04608] Response 200 OK
10:13:39.682 [reactor-http-nio-4] DEBUG reactor.netty.channel.FluxReceive - [id: 0xb37fd56e, L:/127.0.0.1:50615 - R:localhost/127.0.0.1:8083] Subscribing inbound receiver [pending: 0, cancelled:false, inboundDone: false]
10:13:39.683 [pool-4-thread-44] DEBUG org.springframework.web.reactive.function.client.ExchangeFunctions - [9e1cb34] HTTP GET http://localhost:8083/attractions
10:13:39.683 [reactor-http-nio-4] DEBUG reactor.netty.http.client.HttpClientOperations - [id: 0xb37fd56e, L:/127.0.0.1:50615 - R:localhost/127.0.0.1:8083] Received last HTTP packet
10:13:39.683 [reactor-http-nio-4] DEBUG org.springframework.core.codec.StringDecoder - [5df04608] Decoded "[{"longitude":-117.922008,"latitude":33.817595,"attractionName":"Disneyland","city":"Anaheim","stat (truncated)...
10:13:39.683 [reactor-http-nio-3] DEBUG reactor.netty.resources.PooledConnectionProvider - [id: 0x21943d07, L:/127.0.0.1:50688 - R:localhost/127.0.0.1:8083] Channel acquired, now 28 active connections and 64 inactive connections
10:13:39.683 [reactor-http-nio-4] DEBUG reactor.netty.resources.PooledConnectionProvider - [id: 0xb37fd56e, L:/127.0.0.1:50615 - R:localhost/127.0.0.1:8083] onStateChange(GET{uri=/attractions, connection=PooledConnection{channel=[id: 0xb37fd56e, L:/127.0.0.1:50615 - R:localhost/127.0.0.1:8083]}}, [disconnecting])
10:13:39.683 [reactor-http-nio-4] DEBUG reactor.netty.resources.PooledConnectionProvider - [id: 0xb37fd56e, L:/127.0.0.1:50615 - R:localhost/127.0.0.1:8083] Releasing channel
10:13:39.683 [reactor-http-nio-4] DEBUG reactor.netty.resources.PooledConnectionProvider - [id: 0xb37fd56e, L:/127.0.0.1:50615 - R:localhost/127.0.0.1:8083] Channel cleaned, now 27 active connections and 65 inactive connections
10:13:39.683 [reactor-http-nio-3] DEBUG reactor.netty.http.client.HttpClientConnect - [id: 0x21943d07, L:/127.0.0.1:50688 - R:localhost/127.0.0.1:8083] Handler is being applied: {uri=http://localhost:8083/attractions, method=GET}
10:13:39.684 [reactor-http-nio-4] DEBUG reactor.netty.http.client.HttpClientOperations - [id: 0xce2e26b5, L:/127.0.0.1:50623 - R:localhost/127.0.0.1:8083] Received response (auto-read:false) : [Content-Type=application/json, Transfer-Encoding=chunked, Date=Tue, 07 Jun 2022 09:13:39 GMT]
10:13:39.684 [reactor-http-nio-4] DEBUG reactor.netty.resources.PooledConnectionProvider - [id: 0xce2e26b5, L:/127.0.0.1:50623 - R:localhost/127.0.0.1:8083] onStateChange(GET{uri=/attractions, connection=PooledConnection{channel=[id: 0xce2e26b5, L:/127.0.0.1:50623 - R:localhost/127.0.0.1:8083]}}, [response_received])
10:13:39.684 [reactor-http-nio-4] DEBUG org.springframework.web.reactive.function.client.ExchangeFunctions - [1590f08c] Response 200 OK
10:13:39.684 [reactor-http-nio-3] DEBUG reactor.netty.resources.PooledConnectionProvider - [id: 0x21943d07, L:/127.0.0.1:50688 - R:localhost/127.0.0.1:8083] onStateChange(GET{uri=/attractions, connection=PooledConnection{channel=[id: 0x21943d07, L:/127.0.0.1:50688 - R:localhost/127.0.0.1:8083]}}, [request_sent])
10:13:39.685 [reactor-http-nio-4] DEBUG reactor.netty.channel.FluxReceive - [id: 0xce2e26b5, L:/127.0.0.1:50623 - R:localhost/127.0.0.1:8083] Subscribing inbound receiver [pending: 0, cancelled:false, inboundDone: false]
10:13:39.685 [reactor-http-nio-4] DEBUG reactor.netty.http.client.HttpClientOperations - [id: 0xce2e26b5, L:/127.0.0.1:50623 - R:localhost/127.0.0.1:8083] Received last HTTP packet
10:13:39.685 [reactor-http-nio-4] DEBUG org.springframework.core.codec.StringDecoder - [1590f08c] Decoded "[{"longitude":-117.922008,"latitude":33.817595,"attractionName":"Disneyland","city":"Anaheim","stat (truncated)...
10:13:39.685 [reactor-http-nio-4] DEBUG reactor.netty.resources.PooledConnectionProvider - [id: 0xce2e26b5, L:/127.0.0.1:50623 - R:localhost/127.0.0.1:8083] onStateChange(GET{uri=/attractions, connection=PooledConnection{channel=[id: 0xce2e26b5, L:/127.0.0.1:50623 - R:localhost/127.0.0.1:8083]}}, [disconnecting])
10:13:39.685 [reactor-http-nio-4] DEBUG reactor.netty.resources.PooledConnectionProvider - [id: 0xce2e26b5, L:/127.0.0.1:50623 - R:localhost/127.0.0.1:8083] Releasing channel
10:13:39.685 [reactor-http-nio-4] DEBUG reactor.netty.resources.PooledConnectionProvider - [id: 0xce2e26b5, L:/127.0.0.1:50623 - R:localhost/127.0.0.1:8083] Channel cleaned, now 26 active connections and 66 inactive connections
10:13:39.686 [reactor-http-nio-3] DEBUG reactor.netty.http.client.HttpClientOperations - [id: 0x5d51966d, L:/127.0.0.1:50654 - R:localhost/127.0.0.1:8083] Received response (auto-read:false) : [Content-Type=application/json, Transfer-Encoding=chunked, Date=Tue, 07 Jun 2022 09:13:39 GMT]
10:13:39.686 [reactor-http-nio-3] DEBUG reactor.netty.resources.PooledConnectionProvider - [id: 0x5d51966d, L:/127.0.0.1:50654 - R:localhost/127.0.0.1:8083] onStateChange(GET{uri=/userLocation?userId=5df5b46a-2e08-4184-abcf-b22f789a2f21, connection=PooledConnection{channel=[id: 0x5d51966d, L:/127.0.0.1:50654 - R:localhost/127.0.0.1:8083]}}, [response_received])
10:13:39.686 [reactor-http-nio-3] DEBUG org.springframework.web.reactive.function.client.ExchangeFunctions - [5c773610] Response 200 OK
10:13:39.687 [reactor-http-nio-3] DEBUG reactor.netty.channel.FluxReceive - [id: 0x5d51966d, L:/127.0.0.1:50654 - R:localhost/127.0.0.1:8083] Subscribing inbound receiver [pending: 0, cancelled:false, inboundDone: false]
10:13:39.687 [reactor-http-nio-4] DEBUG reactor.netty.http.client.HttpClientOperations - [id: 0x0fdbb1c2, L:/127.0.0.1:50680 - R:localhost/127.0.0.1:8083] Received response (auto-read:false) : [Content-Type=application/json, Transfer-Encoding=chunked, Date=Tue, 07 Jun 2022 09:13:39 GMT]
10:13:39.687 [reactor-http-nio-4] DEBUG reactor.netty.resources.PooledConnectionProvider - [id: 0x0fdbb1c2, L:/127.0.0.1:50680 - R:localhost/127.0.0.1:8083] onStateChange(GET{uri=/userLocation?userId=fbda8f75-6913-48fb-923f-85ae5c31df57, connection=PooledConnection{channel=[id: 0x0fdbb1c2, L:/127.0.0.1:50680 - R:localhost/127.0.0.1:8083]}}, [response_received])
10:13:39.687 [reactor-http-nio-4] DEBUG org.springframework.web.reactive.function.client.ExchangeFunctions - [11bb8e5b] Response 200 OK
10:13:39.687 [reactor-http-nio-3] DEBUG reactor.netty.http.client.HttpClientOperations - [id: 0x5d51966d, L:/127.0.0.1:50654 - R:localhost/127.0.0.1:8083] Received last HTTP packet
10:13:39.687 [reactor-http-nio-3] DEBUG org.springframework.core.codec.StringDecoder - [5c773610] Decoded "{"userId":"5df5b46a-2e08-4184-abcf-b22f789a2f21","location":{"longitude":56.082062,"latitude":-2.74 (truncated)...
10:13:39.687 [reactor-http-nio-4] DEBUG reactor.netty.channel.FluxReceive - [id: 0x0fdbb1c2, L:/127.0.0.1:50680 - R:localhost/127.0.0.1:8083] Subscribing inbound receiver [pending: 0, cancelled:false, inboundDone: false]
10:13:39.687 [reactor-http-nio-3] DEBUG reactor.netty.resources.PooledConnectionProvider - [id: 0x5d51966d, L:/127.0.0.1:50654 - R:localhost/127.0.0.1:8083] onStateChange(GET{uri=/userLocation?userId=5df5b46a-2e08-4184-abcf-b22f789a2f21, connection=PooledConnection{channel=[id: 0x5d51966d, L:/127.0.0.1:50654 - R:localhost/127.0.0.1:8083]}}, [disconnecting])
10:13:39.687 [reactor-http-nio-3] DEBUG reactor.netty.resources.PooledConnectionProvider - [id: 0x5d51966d, L:/127.0.0.1:50654 - R:localhost/127.0.0.1:8083] Releasing channel
10:13:39.687 [reactor-http-nio-3] DEBUG reactor.netty.resources.PooledConnectionProvider - [id: 0x5d51966d, L:/127.0.0.1:50654 - R:localhost/127.0.0.1:8083] Channel cleaned, now 25 active connections and 67 inactive connections
10:13:39.688 [reactor-http-nio-4] DEBUG reactor.netty.http.client.HttpClientOperations - [id: 0x0fdbb1c2, L:/127.0.0.1:50680 - R:localhost/127.0.0.1:8083] Received last HTTP packet
10:13:39.688 [reactor-http-nio-4] DEBUG org.springframework.core.codec.StringDecoder - [11bb8e5b] Decoded "{"userId":"fbda8f75-6913-48fb-923f-85ae5c31df57","location":{"longitude":132.37402,"latitude":3.158 (truncated)...
10:13:39.688 [reactor-http-nio-4] DEBUG reactor.netty.resources.PooledConnectionProvider - [id: 0x0fdbb1c2, L:/127.0.0.1:50680 - R:localhost/127.0.0.1:8083] onStateChange(GET{uri=/userLocation?userId=fbda8f75-6913-48fb-923f-85ae5c31df57, connection=PooledConnection{channel=[id: 0x0fdbb1c2, L:/127.0.0.1:50680 - R:localhost/127.0.0.1:8083]}}, [disconnecting])
10:13:39.688 [reactor-http-nio-4] DEBUG reactor.netty.resources.PooledConnectionProvider - [id: 0x0fdbb1c2, L:/127.0.0.1:50680 - R:localhost/127.0.0.1:8083] Releasing channel
10:13:39.688 [reactor-http-nio-4] DEBUG reactor.netty.resources.PooledConnectionProvider - [id: 0x0fdbb1c2, L:/127.0.0.1:50680 - R:localhost/127.0.0.1:8083] Channel cleaned, now 24 active connections and 68 inactive connections
10:13:39.689 [reactor-http-nio-3] DEBUG reactor.netty.http.client.HttpClientOperations - [id: 0xbacd0b54, L:/127.0.0.1:50684 - R:localhost/127.0.0.1:8083] Received response (auto-read:false) : [Content-Type=application/json, Transfer-Encoding=chunked, Date=Tue, 07 Jun 2022 09:13:39 GMT]
10:13:39.689 [reactor-http-nio-3] DEBUG reactor.netty.resources.PooledConnectionProvider - [id: 0xbacd0b54, L:/127.0.0.1:50684 - R:localhost/127.0.0.1:8083] onStateChange(GET{uri=/attractions, connection=PooledConnection{channel=[id: 0xbacd0b54, L:/127.0.0.1:50684 - R:localhost/127.0.0.1:8083]}}, [response_received])
10:13:39.689 [reactor-http-nio-3] DEBUG org.springframework.web.reactive.function.client.ExchangeFunctions - [6b601680] Response 200 OK
10:13:39.689 [pool-4-thread-79] DEBUG org.springframework.web.reactive.function.client.ExchangeFunctions - [52b0d3ee] HTTP GET http://localhost:8083/attractions
10:13:39.689 [reactor-http-nio-3] DEBUG reactor.netty.channel.FluxReceive - [id: 0xbacd0b54, L:/127.0.0.1:50684 - R:localhost/127.0.0.1:8083] Subscribing inbound receiver [pending: 0, cancelled:false, inboundDone: false]
10:13:39.690 [reactor-http-nio-1] DEBUG reactor.netty.http.client.HttpClientOperations - [id: 0xaf8669db, L:/127.0.0.1:50694 - R:localhost/127.0.0.1:8083] Received response (auto-read:false) : [Content-Type=application/json, Transfer-Encoding=chunked, Date=Tue, 07 Jun 2022 09:13:39 GMT]
10:13:39.690 [reactor-http-nio-1] DEBUG reactor.netty.resources.PooledConnectionProvider - [id: 0xaf8669db, L:/127.0.0.1:50694 - R:localhost/127.0.0.1:8083] onStateChange(GET{uri=/userLocation?userId=fbc535a9-7ba3-4721-abcb-54791daaef4f, connection=PooledConnection{channel=[id: 0xaf8669db, L:/127.0.0.1:50694 - R:localhost/127.0.0.1:8083]}}, [response_received])
10:13:39.690 [reactor-http-nio-3] DEBUG reactor.netty.http.client.HttpClientOperations - [id: 0xbacd0b54, L:/127.0.0.1:50684 - R:localhost/127.0.0.1:8083] Received last HTTP packet
10:13:39.690 [reactor-http-nio-1] DEBUG org.springframework.web.reactive.function.client.ExchangeFunctions - [5e0e7e44] Response 200 OK
10:13:39.690 [reactor-http-nio-3] DEBUG org.springframework.core.codec.StringDecoder - [6b601680] Decoded "[{"longitude":-117.922008,"latitude":33.817595,"attractionName":"Disneyland","city":"Anaheim","stat (truncated)...
10:13:39.690 [reactor-http-nio-3] DEBUG reactor.netty.resources.PooledConnectionProvider - [id: 0xbacd0b54, L:/127.0.0.1:50684 - R:localhost/127.0.0.1:8083] onStateChange(GET{uri=/attractions, connection=PooledConnection{channel=[id: 0xbacd0b54, L:/127.0.0.1:50684 - R:localhost/127.0.0.1:8083]}}, [disconnecting])
10:13:39.690 [reactor-http-nio-3] DEBUG reactor.netty.resources.PooledConnectionProvider - [id: 0xbacd0b54, L:/127.0.0.1:50684 - R:localhost/127.0.0.1:8083] Releasing channel
10:13:39.690 [reactor-http-nio-3] DEBUG reactor.netty.resources.PooledConnectionProvider - [id: 0xbacd0b54, L:/127.0.0.1:50684 - R:localhost/127.0.0.1:8083] Channel cleaned, now 23 active connections and 69 inactive connections
10:13:39.690 [reactor-http-nio-1] DEBUG reactor.netty.channel.FluxReceive - [id: 0xaf8669db, L:/127.0.0.1:50694 - R:localhost/127.0.0.1:8083] Subscribing inbound receiver [pending: 0, cancelled:false, inboundDone: false]
10:13:39.692 [pool-4-thread-100] DEBUG org.springframework.web.reactive.function.client.ExchangeFunctions - [1f7c621c] HTTP GET http://localhost:8083/attractions
10:13:39.692 [reactor-http-nio-1] DEBUG reactor.netty.http.client.HttpClientOperations - [id: 0xaf8669db, L:/127.0.0.1:50694 - R:localhost/127.0.0.1:8083] Received last HTTP packet
10:13:39.692 [reactor-http-nio-1] DEBUG org.springframework.core.codec.StringDecoder - [5e0e7e44] Decoded "{"userId":"fbc535a9-7ba3-4721-abcb-54791daaef4f","location":{"longitude":12.966495,"latitude":-20.8 (truncated)...
10:13:39.692 [reactor-http-nio-1] DEBUG reactor.netty.resources.PooledConnectionProvider - [id: 0xaf8669db, L:/127.0.0.1:50694 - R:localhost/127.0.0.1:8083] onStateChange(GET{uri=/userLocation?userId=fbc535a9-7ba3-4721-abcb-54791daaef4f, connection=PooledConnection{channel=[id: 0xaf8669db, L:/127.0.0.1:50694 - R:localhost/127.0.0.1:8083]}}, [disconnecting])
10:13:39.692 [reactor-http-nio-1] DEBUG reactor.netty.resources.PooledConnectionProvider - [id: 0xaf8669db, L:/127.0.0.1:50694 - R:localhost/127.0.0.1:8083] Releasing channel
10:13:39.692 [reactor-http-nio-1] DEBUG reactor.netty.resources.PooledConnectionProvider - [id: 0xaf8669db, L:/127.0.0.1:50694 - R:localhost/127.0.0.1:8083] Channel cleaned, now 22 active connections and 70 inactive connections
10:13:39.693 [reactor-http-nio-3] DEBUG reactor.netty.resources.PooledConnectionProvider - [id: 0x1ff223b6, L:/127.0.0.1:50656 - R:localhost/127.0.0.1:8083] Channel acquired, now 23 active connections and 69 inactive connections
10:13:39.693 [reactor-http-nio-3] DEBUG reactor.netty.http.client.HttpClientConnect - [id: 0x1ff223b6, L:/127.0.0.1:50656 - R:localhost/127.0.0.1:8083] Handler is being applied: {uri=http://localhost:8083/attractions, method=GET}
10:13:39.694 [reactor-http-nio-3] DEBUG reactor.netty.resources.PooledConnectionProvider - [id: 0x1ff223b6, L:/127.0.0.1:50656 - R:localhost/127.0.0.1:8083] onStateChange(GET{uri=/attractions, connection=PooledConnection{channel=[id: 0x1ff223b6, L:/127.0.0.1:50656 - R:localhost/127.0.0.1:8083]}}, [request_sent])
10:13:39.694 [reactor-http-nio-4] DEBUG reactor.netty.http.client.HttpClientOperations - [id: 0x1925c564, L:/127.0.0.1:50674 - R:localhost/127.0.0.1:8083] Received response (auto-read:false) : [Content-Type=application/json, Transfer-Encoding=chunked, Date=Tue, 07 Jun 2022 09:13:39 GMT]
10:13:39.694 [reactor-http-nio-4] DEBUG reactor.netty.resources.PooledConnectionProvider - [id: 0x1925c564, L:/127.0.0.1:50674 - R:localhost/127.0.0.1:8083] onStateChange(GET{uri=/userLocation?userId=2f0c514d-6471-49ae-96c2-62abe42be9f6, connection=PooledConnection{channel=[id: 0x1925c564, L:/127.0.0.1:50674 - R:localhost/127.0.0.1:8083]}}, [response_received])
10:13:39.694 [reactor-http-nio-4] DEBUG org.springframework.web.reactive.function.client.ExchangeFunctions - [74034069] Response 200 OK
10:13:39.694 [pool-4-thread-60] DEBUG org.springframework.web.reactive.function.client.ExchangeFunctions - [50c99bf5] HTTP GET http://localhost:8083/attractions
10:13:39.694 [reactor-http-nio-4] DEBUG reactor.netty.channel.FluxReceive - [id: 0x1925c564, L:/127.0.0.1:50674 - R:localhost/127.0.0.1:8083] Subscribing inbound receiver [pending: 0, cancelled:false, inboundDone: false]
10:13:39.695 [reactor-http-nio-4] DEBUG reactor.netty.http.client.HttpClientOperations - [id: 0x1925c564, L:/127.0.0.1:50674 - R:localhost/127.0.0.1:8083] Received last HTTP packet
10:13:39.695 [reactor-http-nio-4] DEBUG org.springframework.core.codec.StringDecoder - [74034069] Decoded "{"userId":"2f0c514d-6471-49ae-96c2-62abe42be9f6","location":{"longitude":125.879501,"latitude":-25. (truncated)...
10:13:39.695 [reactor-http-nio-4] DEBUG reactor.netty.resources.PooledConnectionProvider - [id: 0x1925c564, L:/127.0.0.1:50674 - R:localhost/127.0.0.1:8083] onStateChange(GET{uri=/userLocation?userId=2f0c514d-6471-49ae-96c2-62abe42be9f6, connection=PooledConnection{channel=[id: 0x1925c564, L:/127.0.0.1:50674 - R:localhost/127.0.0.1:8083]}}, [disconnecting])
10:13:39.695 [reactor-http-nio-4] DEBUG reactor.netty.resources.PooledConnectionProvider - [id: 0x1925c564, L:/127.0.0.1:50674 - R:localhost/127.0.0.1:8083] Releasing channel
10:13:39.695 [reactor-http-nio-4] DEBUG reactor.netty.resources.PooledConnectionProvider - [id: 0x1925c564, L:/127.0.0.1:50674 - R:localhost/127.0.0.1:8083] Channel cleaned, now 22 active connections and 70 inactive connections
10:13:39.697 [reactor-http-nio-3] DEBUG reactor.netty.http.client.HttpClientOperations - [id: 0x21943d07, L:/127.0.0.1:50688 - R:localhost/127.0.0.1:8083] Received response (auto-read:false) : [Content-Type=application/json, Transfer-Encoding=chunked, Date=Tue, 07 Jun 2022 09:13:39 GMT]
10:13:39.697 [reactor-http-nio-3] DEBUG reactor.netty.resources.PooledConnectionProvider - [id: 0x21943d07, L:/127.0.0.1:50688 - R:localhost/127.0.0.1:8083] onStateChange(GET{uri=/attractions, connection=PooledConnection{channel=[id: 0x21943d07, L:/127.0.0.1:50688 - R:localhost/127.0.0.1:8083]}}, [response_received])
10:13:39.697 [reactor-http-nio-3] DEBUG org.springframework.web.reactive.function.client.ExchangeFunctions - [9e1cb34] Response 200 OK
10:13:39.697 [reactor-http-nio-4] DEBUG reactor.netty.http.client.HttpClientOperations - [id: 0x204ddfda, L:/127.0.0.1:50676 - R:localhost/127.0.0.1:8083] Received response (auto-read:false) : [Content-Type=application/json, Transfer-Encoding=chunked, Date=Tue, 07 Jun 2022 09:13:39 GMT]
10:13:39.697 [reactor-http-nio-4] DEBUG reactor.netty.resources.PooledConnectionProvider - [id: 0x204ddfda, L:/127.0.0.1:50676 - R:localhost/127.0.0.1:8083] onStateChange(GET{uri=/userLocation?userId=82e2c9d7-cbd9-4132-90fe-5ed9f9bbee63, connection=PooledConnection{channel=[id: 0x204ddfda, L:/127.0.0.1:50676 - R:localhost/127.0.0.1:8083]}}, [response_received])
10:13:39.697 [reactor-http-nio-3] DEBUG reactor.netty.channel.FluxReceive - [id: 0x21943d07, L:/127.0.0.1:50688 - R:localhost/127.0.0.1:8083] Subscribing inbound receiver [pending: 0, cancelled:false, inboundDone: false]
10:13:39.698 [reactor-http-nio-4] DEBUG org.springframework.web.reactive.function.client.ExchangeFunctions - [1f86d778] Response 200 OK
10:13:39.698 [reactor-http-nio-3] DEBUG reactor.netty.http.client.HttpClientOperations - [id: 0x21943d07, L:/127.0.0.1:50688 - R:localhost/127.0.0.1:8083] Received last HTTP packet
10:13:39.698 [reactor-http-nio-3] DEBUG org.springframework.core.codec.StringDecoder - [9e1cb34] Decoded "[{"longitude":-117.922008,"latitude":33.817595,"attractionName":"Disneyland","city":"Anaheim","stat (truncated)...
10:13:39.698 [pool-4-thread-67] DEBUG org.springframework.web.reactive.function.client.ExchangeFunctions - [7ac4a099] HTTP GET http://localhost:8083/attractions
10:13:39.698 [reactor-http-nio-3] DEBUG reactor.netty.resources.PooledConnectionProvider - [id: 0x21943d07, L:/127.0.0.1:50688 - R:localhost/127.0.0.1:8083] onStateChange(GET{uri=/attractions, connection=PooledConnection{channel=[id: 0x21943d07, L:/127.0.0.1:50688 - R:localhost/127.0.0.1:8083]}}, [disconnecting])
10:13:39.698 [reactor-http-nio-3] DEBUG reactor.netty.resources.PooledConnectionProvider - [id: 0x21943d07, L:/127.0.0.1:50688 - R:localhost/127.0.0.1:8083] Releasing channel
10:13:39.698 [reactor-http-nio-3] DEBUG reactor.netty.resources.PooledConnectionProvider - [id: 0x21943d07, L:/127.0.0.1:50688 - R:localhost/127.0.0.1:8083] Channel cleaned, now 21 active connections and 71 inactive connections
10:13:39.699 [reactor-http-nio-4] DEBUG reactor.netty.channel.FluxReceive - [id: 0x204ddfda, L:/127.0.0.1:50676 - R:localhost/127.0.0.1:8083] Subscribing inbound receiver [pending: 0, cancelled:false, inboundDone: false]
10:13:39.699 [reactor-http-nio-4] DEBUG reactor.netty.http.client.HttpClientOperations - [id: 0x204ddfda, L:/127.0.0.1:50676 - R:localhost/127.0.0.1:8083] Received last HTTP packet
10:13:39.699 [reactor-http-nio-4] DEBUG org.springframework.core.codec.StringDecoder - [1f86d778] Decoded "{"userId":"82e2c9d7-cbd9-4132-90fe-5ed9f9bbee63","location":{"longitude":-122.770819,"latitude":-5. (truncated)...
10:13:39.699 [reactor-http-nio-4] DEBUG reactor.netty.resources.PooledConnectionProvider - [id: 0x204ddfda, L:/127.0.0.1:50676 - R:localhost/127.0.0.1:8083] onStateChange(GET{uri=/userLocation?userId=82e2c9d7-cbd9-4132-90fe-5ed9f9bbee63, connection=PooledConnection{channel=[id: 0x204ddfda, L:/127.0.0.1:50676 - R:localhost/127.0.0.1:8083]}}, [disconnecting])
10:13:39.699 [reactor-http-nio-4] DEBUG reactor.netty.resources.PooledConnectionProvider - [id: 0x204ddfda, L:/127.0.0.1:50676 - R:localhost/127.0.0.1:8083] Releasing channel
10:13:39.699 [reactor-http-nio-4] DEBUG reactor.netty.resources.PooledConnectionProvider - [id: 0x204ddfda, L:/127.0.0.1:50676 - R:localhost/127.0.0.1:8083] Channel cleaned, now 20 active connections and 72 inactive connections
10:13:39.702 [pool-4-thread-78] DEBUG org.springframework.web.reactive.function.client.ExchangeFunctions - [11413af8] HTTP GET http://localhost:8083/attractions
10:13:39.704 [reactor-http-nio-1] DEBUG reactor.netty.http.client.HttpClientOperations - [id: 0xf112af30, L:/127.0.0.1:50701 - R:localhost/127.0.0.1:8083] Received response (auto-read:false) : [Content-Type=application/json, Transfer-Encoding=chunked, Date=Tue, 07 Jun 2022 09:13:39 GMT]
10:13:39.705 [reactor-http-nio-1] DEBUG reactor.netty.resources.PooledConnectionProvider - [id: 0xf112af30, L:/127.0.0.1:50701 - R:localhost/127.0.0.1:8083] onStateChange(GET{uri=/userLocation?userId=12a7f729-300a-4c6f-a25d-779e4a72ee06, connection=PooledConnection{channel=[id: 0xf112af30, L:/127.0.0.1:50701 - R:localhost/127.0.0.1:8083]}}, [response_received])
10:13:39.705 [reactor-http-nio-1] DEBUG org.springframework.web.reactive.function.client.ExchangeFunctions - [250a62f1] Response 200 OK
10:13:39.705 [reactor-http-nio-1] DEBUG reactor.netty.channel.FluxReceive - [id: 0xf112af30, L:/127.0.0.1:50701 - R:localhost/127.0.0.1:8083] Subscribing inbound receiver [pending: 0, cancelled:false, inboundDone: false]
10:13:39.705 [reactor-http-nio-1] DEBUG reactor.netty.http.client.HttpClientOperations - [id: 0xf112af30, L:/127.0.0.1:50701 - R:localhost/127.0.0.1:8083] Received last HTTP packet
10:13:39.706 [reactor-http-nio-1] DEBUG org.springframework.core.codec.StringDecoder - [250a62f1] Decoded "{"userId":"12a7f729-300a-4c6f-a25d-779e4a72ee06","location":{"longitude":-50.473131,"latitude":-45. (truncated)...
10:13:39.706 [reactor-http-nio-1] DEBUG reactor.netty.resources.PooledConnectionProvider - [id: 0xf112af30, L:/127.0.0.1:50701 - R:localhost/127.0.0.1:8083] onStateChange(GET{uri=/userLocation?userId=12a7f729-300a-4c6f-a25d-779e4a72ee06, connection=PooledConnection{channel=[id: 0xf112af30, L:/127.0.0.1:50701 - R:localhost/127.0.0.1:8083]}}, [disconnecting])
10:13:39.706 [reactor-http-nio-1] DEBUG reactor.netty.resources.PooledConnectionProvider - [id: 0xf112af30, L:/127.0.0.1:50701 - R:localhost/127.0.0.1:8083] Releasing channel
10:13:39.706 [reactor-http-nio-1] DEBUG reactor.netty.resources.PooledConnectionProvider - [id: 0xf112af30, L:/127.0.0.1:50701 - R:localhost/127.0.0.1:8083] Channel cleaned, now 19 active connections and 73 inactive connections
10:13:39.707 [reactor-http-nio-1] DEBUG reactor.netty.http.client.HttpClientOperations - [id: 0x8bf126b9, L:/127.0.0.1:50693 - R:localhost/127.0.0.1:8083] Received response (auto-read:false) : [Content-Type=application/json, Transfer-Encoding=chunked, Date=Tue, 07 Jun 2022 09:13:39 GMT]
10:13:39.707 [reactor-http-nio-1] DEBUG reactor.netty.resources.PooledConnectionProvider - [id: 0x8bf126b9, L:/127.0.0.1:50693 - R:localhost/127.0.0.1:8083] onStateChange(GET{uri=/userLocation?userId=f579f27b-8c82-4fbf-baf2-737371089d9a, connection=PooledConnection{channel=[id: 0x8bf126b9, L:/127.0.0.1:50693 - R:localhost/127.0.0.1:8083]}}, [response_received])
10:13:39.707 [reactor-http-nio-1] DEBUG org.springframework.web.reactive.function.client.ExchangeFunctions - [31843e77] Response 200 OK
10:13:39.707 [reactor-http-nio-1] DEBUG reactor.netty.channel.FluxReceive - [id: 0x8bf126b9, L:/127.0.0.1:50693 - R:localhost/127.0.0.1:8083] Subscribing inbound receiver [pending: 0, cancelled:false, inboundDone: false]
10:13:39.708 [pool-4-thread-76] DEBUG org.springframework.web.reactive.function.client.ExchangeFunctions - [2bcd8820] HTTP GET http://localhost:8083/attractions
10:13:39.709 [reactor-http-nio-1] DEBUG reactor.netty.http.client.HttpClientOperations - [id: 0x8bf126b9, L:/127.0.0.1:50693 - R:localhost/127.0.0.1:8083] Received last HTTP packet
10:13:39.709 [reactor-http-nio-1] DEBUG org.springframework.core.codec.StringDecoder - [31843e77] Decoded "{"userId":"f579f27b-8c82-4fbf-baf2-737371089d9a","location":{"longitude":75.561791,"latitude":-18.0 (truncated)...
10:13:39.709 [reactor-http-nio-1] DEBUG reactor.netty.resources.PooledConnectionProvider - [id: 0x8bf126b9, L:/127.0.0.1:50693 - R:localhost/127.0.0.1:8083] onStateChange(GET{uri=/userLocation?userId=f579f27b-8c82-4fbf-baf2-737371089d9a, connection=PooledConnection{channel=[id: 0x8bf126b9, L:/127.0.0.1:50693 - R:localhost/127.0.0.1:8083]}}, [disconnecting])
10:13:39.709 [reactor-http-nio-1] DEBUG reactor.netty.resources.PooledConnectionProvider - [id: 0x8bf126b9, L:/127.0.0.1:50693 - R:localhost/127.0.0.1:8083] Releasing channel
10:13:39.709 [reactor-http-nio-1] DEBUG reactor.netty.resources.PooledConnectionProvider - [id: 0x8bf126b9, L:/127.0.0.1:50693 - R:localhost/127.0.0.1:8083] Channel cleaned, now 18 active connections and 74 inactive connections
10:13:39.710 [reactor-http-nio-3] DEBUG reactor.netty.http.client.HttpClientOperations - [id: 0x1ff223b6, L:/127.0.0.1:50656 - R:localhost/127.0.0.1:8083] Received response (auto-read:false) : [Content-Type=application/json, Transfer-Encoding=chunked, Date=Tue, 07 Jun 2022 09:13:39 GMT]
10:13:39.710 [reactor-http-nio-3] DEBUG reactor.netty.resources.PooledConnectionProvider - [id: 0x1ff223b6, L:/127.0.0.1:50656 - R:localhost/127.0.0.1:8083] onStateChange(GET{uri=/attractions, connection=PooledConnection{channel=[id: 0x1ff223b6, L:/127.0.0.1:50656 - R:localhost/127.0.0.1:8083]}}, [response_received])
10:13:39.710 [reactor-http-nio-3] DEBUG org.springframework.web.reactive.function.client.ExchangeFunctions - [1f7c621c] Response 200 OK
10:13:39.711 [reactor-http-nio-3] DEBUG reactor.netty.channel.FluxReceive - [id: 0x1ff223b6, L:/127.0.0.1:50656 - R:localhost/127.0.0.1:8083] Subscribing inbound receiver [pending: 0, cancelled:false, inboundDone: false]
10:13:39.711 [reactor-http-nio-3] DEBUG reactor.netty.http.client.HttpClientOperations - [id: 0x1ff223b6, L:/127.0.0.1:50656 - R:localhost/127.0.0.1:8083] Received last HTTP packet
10:13:39.712 [reactor-http-nio-3] DEBUG org.springframework.core.codec.StringDecoder - [1f7c621c] Decoded "[{"longitude":-117.922008,"latitude":33.817595,"attractionName":"Disneyland","city":"Anaheim","stat (truncated)...
10:13:39.712 [reactor-http-nio-3] DEBUG reactor.netty.resources.PooledConnectionProvider - [id: 0x1ff223b6, L:/127.0.0.1:50656 - R:localhost/127.0.0.1:8083] onStateChange(GET{uri=/attractions, connection=PooledConnection{channel=[id: 0x1ff223b6, L:/127.0.0.1:50656 - R:localhost/127.0.0.1:8083]}}, [disconnecting])
10:13:39.712 [reactor-http-nio-3] DEBUG reactor.netty.resources.PooledConnectionProvider - [id: 0x1ff223b6, L:/127.0.0.1:50656 - R:localhost/127.0.0.1:8083] Releasing channel
10:13:39.712 [reactor-http-nio-3] DEBUG reactor.netty.resources.PooledConnectionProvider - [id: 0x1ff223b6, L:/127.0.0.1:50656 - R:localhost/127.0.0.1:8083] Channel cleaned, now 17 active connections and 75 inactive connections
10:13:39.713 [pool-4-thread-54] DEBUG org.springframework.web.reactive.function.client.ExchangeFunctions - [3f43d637] HTTP GET http://localhost:8083/attractions
10:13:39.714 [reactor-http-nio-3] DEBUG reactor.netty.http.client.HttpClientOperations - [id: 0x2dcb9d1a, L:/127.0.0.1:50687 - R:localhost/127.0.0.1:8083] Received response (auto-read:false) : [Content-Type=application/json, Transfer-Encoding=chunked, Date=Tue, 07 Jun 2022 09:13:39 GMT]
10:13:39.714 [reactor-http-nio-3] DEBUG reactor.netty.resources.PooledConnectionProvider - [id: 0x2dcb9d1a, L:/127.0.0.1:50687 - R:localhost/127.0.0.1:8083] onStateChange(GET{uri=/userLocation?userId=164161b0-f0dd-4717-be45-fcbe1b886583, connection=PooledConnection{channel=[id: 0x2dcb9d1a, L:/127.0.0.1:50687 - R:localhost/127.0.0.1:8083]}}, [response_received])
10:13:39.714 [reactor-http-nio-3] DEBUG org.springframework.web.reactive.function.client.ExchangeFunctions - [8c5ab21] Response 200 OK
10:13:39.715 [reactor-http-nio-3] DEBUG reactor.netty.channel.FluxReceive - [id: 0x2dcb9d1a, L:/127.0.0.1:50687 - R:localhost/127.0.0.1:8083] Subscribing inbound receiver [pending: 0, cancelled:false, inboundDone: false]
10:13:39.715 [reactor-http-nio-3] DEBUG reactor.netty.http.client.HttpClientOperations - [id: 0x2dcb9d1a, L:/127.0.0.1:50687 - R:localhost/127.0.0.1:8083] Received last HTTP packet
10:13:39.715 [reactor-http-nio-3] DEBUG org.springframework.core.codec.StringDecoder - [8c5ab21] Decoded "{"userId":"164161b0-f0dd-4717-be45-fcbe1b886583","location":{"longitude":90.022499,"latitude":34.56 (truncated)...
10:13:39.716 [reactor-http-nio-3] DEBUG reactor.netty.resources.PooledConnectionProvider - [id: 0x2dcb9d1a, L:/127.0.0.1:50687 - R:localhost/127.0.0.1:8083] onStateChange(GET{uri=/userLocation?userId=164161b0-f0dd-4717-be45-fcbe1b886583, connection=PooledConnection{channel=[id: 0x2dcb9d1a, L:/127.0.0.1:50687 - R:localhost/127.0.0.1:8083]}}, [disconnecting])
10:13:39.716 [reactor-http-nio-3] DEBUG reactor.netty.resources.PooledConnectionProvider - [id: 0x2dcb9d1a, L:/127.0.0.1:50687 - R:localhost/127.0.0.1:8083] Releasing channel
10:13:39.716 [reactor-http-nio-3] DEBUG reactor.netty.resources.PooledConnectionProvider - [id: 0x2dcb9d1a, L:/127.0.0.1:50687 - R:localhost/127.0.0.1:8083] Channel cleaned, now 16 active connections and 76 inactive connections
10:13:39.716 [reactor-http-nio-4] DEBUG reactor.netty.http.client.HttpClientOperations - [id: 0x16ab4917, L:/127.0.0.1:50678 - R:localhost/127.0.0.1:8083] Received response (auto-read:false) : [Content-Type=application/json, Transfer-Encoding=chunked, Date=Tue, 07 Jun 2022 09:13:39 GMT]
10:13:39.716 [reactor-http-nio-1] DEBUG reactor.netty.http.client.HttpClientOperations - [id: 0x35c68692, L:/127.0.0.1:50700 - R:localhost/127.0.0.1:8083] Received response (auto-read:false) : [Content-Type=application/json, Transfer-Encoding=chunked, Date=Tue, 07 Jun 2022 09:13:39 GMT]
10:13:39.716 [reactor-http-nio-4] DEBUG reactor.netty.resources.PooledConnectionProvider - [id: 0x16ab4917, L:/127.0.0.1:50678 - R:localhost/127.0.0.1:8083] onStateChange(GET{uri=/userLocation?userId=9a19c615-386b-4c33-8446-cd163f80ee0b, connection=PooledConnection{channel=[id: 0x16ab4917, L:/127.0.0.1:50678 - R:localhost/127.0.0.1:8083]}}, [response_received])
10:13:39.716 [reactor-http-nio-1] DEBUG reactor.netty.resources.PooledConnectionProvider - [id: 0x35c68692, L:/127.0.0.1:50700 - R:localhost/127.0.0.1:8083] onStateChange(GET{uri=/userLocation?userId=6bed1fc0-3310-4704-bbe7-1b540e52e4d8, connection=PooledConnection{channel=[id: 0x35c68692, L:/127.0.0.1:50700 - R:localhost/127.0.0.1:8083]}}, [response_received])
10:13:39.716 [reactor-http-nio-1] DEBUG org.springframework.web.reactive.function.client.ExchangeFunctions - [3632cbaf] Response 200 OK
10:13:39.716 [reactor-http-nio-4] DEBUG org.springframework.web.reactive.function.client.ExchangeFunctions - [4d6d45f5] Response 200 OK
10:13:39.716 [reactor-http-nio-1] DEBUG reactor.netty.channel.FluxReceive - [id: 0x35c68692, L:/127.0.0.1:50700 - R:localhost/127.0.0.1:8083] Subscribing inbound receiver [pending: 0, cancelled:false, inboundDone: false]
10:13:39.716 [reactor-http-nio-4] DEBUG reactor.netty.channel.FluxReceive - [id: 0x16ab4917, L:/127.0.0.1:50678 - R:localhost/127.0.0.1:8083] Subscribing inbound receiver [pending: 0, cancelled:false, inboundDone: false]
10:13:39.717 [reactor-http-nio-4] DEBUG reactor.netty.http.client.HttpClientOperations - [id: 0x16ab4917, L:/127.0.0.1:50678 - R:localhost/127.0.0.1:8083] Received last HTTP packet
10:13:39.718 [reactor-http-nio-4] DEBUG org.springframework.core.codec.StringDecoder - [4d6d45f5] Decoded "{"userId":"9a19c615-386b-4c33-8446-cd163f80ee0b","location":{"longitude":-164.665616,"latitude":78. (truncated)...
10:13:39.718 [reactor-http-nio-4] DEBUG reactor.netty.resources.PooledConnectionProvider - [id: 0x16ab4917, L:/127.0.0.1:50678 - R:localhost/127.0.0.1:8083] onStateChange(GET{uri=/userLocation?userId=9a19c615-386b-4c33-8446-cd163f80ee0b, connection=PooledConnection{channel=[id: 0x16ab4917, L:/127.0.0.1:50678 - R:localhost/127.0.0.1:8083]}}, [disconnecting])
10:13:39.718 [reactor-http-nio-4] DEBUG reactor.netty.resources.PooledConnectionProvider - [id: 0x16ab4917, L:/127.0.0.1:50678 - R:localhost/127.0.0.1:8083] Releasing channel
10:13:39.718 [reactor-http-nio-4] DEBUG reactor.netty.resources.PooledConnectionProvider - [id: 0x16ab4917, L:/127.0.0.1:50678 - R:localhost/127.0.0.1:8083] Channel cleaned, now 15 active connections and 77 inactive connections
10:13:39.719 [pool-4-thread-80] DEBUG org.springframework.web.reactive.function.client.ExchangeFunctions - [6025449] HTTP GET http://localhost:8083/attractions
10:13:39.720 [reactor-http-nio-4] DEBUG reactor.netty.resources.PooledConnectionProvider - [id: 0x96ea5c39, L:/127.0.0.1:50633 - R:localhost/127.0.0.1:8083] Channel acquired, now 16 active connections and 76 inactive connections
10:13:39.720 [pool-4-thread-90] DEBUG org.springframework.web.reactive.function.client.ExchangeFunctions - [43aaa228] HTTP GET http://localhost:8083/attractions
10:13:39.720 [reactor-http-nio-4] DEBUG reactor.netty.http.client.HttpClientConnect - [id: 0x96ea5c39, L:/127.0.0.1:50633 - R:localhost/127.0.0.1:8083] Handler is being applied: {uri=http://localhost:8083/attractions, method=GET}
10:13:39.721 [reactor-http-nio-4] DEBUG reactor.netty.resources.PooledConnectionProvider - [id: 0x96ea5c39, L:/127.0.0.1:50633 - R:localhost/127.0.0.1:8083] onStateChange(GET{uri=/attractions, connection=PooledConnection{channel=[id: 0x96ea5c39, L:/127.0.0.1:50633 - R:localhost/127.0.0.1:8083]}}, [request_sent])
10:13:39.721 [reactor-http-nio-1] DEBUG reactor.netty.http.client.HttpClientOperations - [id: 0x35c68692, L:/127.0.0.1:50700 - R:localhost/127.0.0.1:8083] Received last HTTP packet
10:13:39.721 [reactor-http-nio-1] DEBUG org.springframework.core.codec.StringDecoder - [3632cbaf] Decoded "{"userId":"6bed1fc0-3310-4704-bbe7-1b540e52e4d8","location":{"longitude":63.280795,"latitude":25.38 (truncated)...
10:13:39.721 [reactor-http-nio-1] DEBUG reactor.netty.resources.PooledConnectionProvider - [id: 0x35c68692, L:/127.0.0.1:50700 - R:localhost/127.0.0.1:8083] onStateChange(GET{uri=/userLocation?userId=6bed1fc0-3310-4704-bbe7-1b540e52e4d8, connection=PooledConnection{channel=[id: 0x35c68692, L:/127.0.0.1:50700 - R:localhost/127.0.0.1:8083]}}, [disconnecting])
10:13:39.722 [reactor-http-nio-1] DEBUG reactor.netty.resources.PooledConnectionProvider - [id: 0x35c68692, L:/127.0.0.1:50700 - R:localhost/127.0.0.1:8083] Releasing channel
10:13:39.722 [reactor-http-nio-1] DEBUG reactor.netty.resources.PooledConnectionProvider - [id: 0x35c68692, L:/127.0.0.1:50700 - R:localhost/127.0.0.1:8083] Channel cleaned, now 15 active connections and 77 inactive connections
10:13:39.723 [pool-4-thread-62] DEBUG org.springframework.web.reactive.function.client.ExchangeFunctions - [38f53319] HTTP GET http://localhost:8083/attractions
10:13:39.724 [reactor-http-nio-1] DEBUG reactor.netty.http.client.HttpClientOperations - [id: 0xf19dc01d, L:/127.0.0.1:50696 - R:localhost/127.0.0.1:8083] Received response (auto-read:false) : [Content-Type=application/json, Transfer-Encoding=chunked, Date=Tue, 07 Jun 2022 09:13:39 GMT]
10:13:39.724 [reactor-http-nio-1] DEBUG reactor.netty.resources.PooledConnectionProvider - [id: 0xf19dc01d, L:/127.0.0.1:50696 - R:localhost/127.0.0.1:8083] onStateChange(GET{uri=/userLocation?userId=5d00d436-7323-4548-9407-49a1b9a2f479, connection=PooledConnection{channel=[id: 0xf19dc01d, L:/127.0.0.1:50696 - R:localhost/127.0.0.1:8083]}}, [response_received])
10:13:39.724 [reactor-http-nio-1] DEBUG org.springframework.web.reactive.function.client.ExchangeFunctions - [5570bd05] Response 200 OK
10:13:39.724 [reactor-http-nio-1] DEBUG reactor.netty.channel.FluxReceive - [id: 0xf19dc01d, L:/127.0.0.1:50696 - R:localhost/127.0.0.1:8083] Subscribing inbound receiver [pending: 0, cancelled:false, inboundDone: false]
10:13:39.726 [reactor-http-nio-1] DEBUG reactor.netty.http.client.HttpClientOperations - [id: 0xf19dc01d, L:/127.0.0.1:50696 - R:localhost/127.0.0.1:8083] Received last HTTP packet
10:13:39.726 [reactor-http-nio-1] DEBUG org.springframework.core.codec.StringDecoder - [5570bd05] Decoded "{"userId":"5d00d436-7323-4548-9407-49a1b9a2f479","location":{"longitude":-46.023041,"latitude":-74. (truncated)...
10:13:39.726 [reactor-http-nio-1] DEBUG reactor.netty.resources.PooledConnectionProvider - [id: 0xf19dc01d, L:/127.0.0.1:50696 - R:localhost/127.0.0.1:8083] onStateChange(GET{uri=/userLocation?userId=5d00d436-7323-4548-9407-49a1b9a2f479, connection=PooledConnection{channel=[id: 0xf19dc01d, L:/127.0.0.1:50696 - R:localhost/127.0.0.1:8083]}}, [disconnecting])
10:13:39.726 [reactor-http-nio-1] DEBUG reactor.netty.resources.PooledConnectionProvider - [id: 0xf19dc01d, L:/127.0.0.1:50696 - R:localhost/127.0.0.1:8083] Releasing channel
10:13:39.726 [reactor-http-nio-1] DEBUG reactor.netty.resources.PooledConnectionProvider - [id: 0xf19dc01d, L:/127.0.0.1:50696 - R:localhost/127.0.0.1:8083] Channel cleaned, now 14 active connections and 78 inactive connections
10:13:39.728 [pool-4-thread-95] DEBUG org.springframework.web.reactive.function.client.ExchangeFunctions - [5bb759db] HTTP GET http://localhost:8083/attractions
10:13:39.733 [reactor-http-nio-4] DEBUG reactor.netty.http.client.HttpClientOperations - [id: 0x96ea5c39, L:/127.0.0.1:50633 - R:localhost/127.0.0.1:8083] Received response (auto-read:false) : [Content-Type=application/json, Transfer-Encoding=chunked, Date=Tue, 07 Jun 2022 09:13:39 GMT]
10:13:39.733 [reactor-http-nio-4] DEBUG reactor.netty.resources.PooledConnectionProvider - [id: 0x96ea5c39, L:/127.0.0.1:50633 - R:localhost/127.0.0.1:8083] onStateChange(GET{uri=/attractions, connection=PooledConnection{channel=[id: 0x96ea5c39, L:/127.0.0.1:50633 - R:localhost/127.0.0.1:8083]}}, [response_received])
10:13:39.733 [reactor-http-nio-4] DEBUG org.springframework.web.reactive.function.client.ExchangeFunctions - [6025449] Response 200 OK
10:13:39.734 [reactor-http-nio-4] DEBUG reactor.netty.channel.FluxReceive - [id: 0x96ea5c39, L:/127.0.0.1:50633 - R:localhost/127.0.0.1:8083] Subscribing inbound receiver [pending: 0, cancelled:false, inboundDone: false]
10:13:39.734 [reactor-http-nio-4] DEBUG reactor.netty.http.client.HttpClientOperations - [id: 0x96ea5c39, L:/127.0.0.1:50633 - R:localhost/127.0.0.1:8083] Received last HTTP packet
10:13:39.735 [reactor-http-nio-4] DEBUG org.springframework.core.codec.StringDecoder - [6025449] Decoded "[{"longitude":-117.922008,"latitude":33.817595,"attractionName":"Disneyland","city":"Anaheim","stat (truncated)...
10:13:39.735 [reactor-http-nio-4] DEBUG reactor.netty.resources.PooledConnectionProvider - [id: 0x96ea5c39, L:/127.0.0.1:50633 - R:localhost/127.0.0.1:8083] onStateChange(GET{uri=/attractions, connection=PooledConnection{channel=[id: 0x96ea5c39, L:/127.0.0.1:50633 - R:localhost/127.0.0.1:8083]}}, [disconnecting])
10:13:39.735 [reactor-http-nio-4] DEBUG reactor.netty.resources.PooledConnectionProvider - [id: 0x96ea5c39, L:/127.0.0.1:50633 - R:localhost/127.0.0.1:8083] Releasing channel
10:13:39.735 [reactor-http-nio-4] DEBUG reactor.netty.resources.PooledConnectionProvider - [id: 0x96ea5c39, L:/127.0.0.1:50633 - R:localhost/127.0.0.1:8083] Channel cleaned, now 13 active connections and 79 inactive connections
10:13:39.739 [reactor-http-nio-1] DEBUG reactor.netty.http.client.HttpClientOperations - [id: 0xdc047dac, L:/127.0.0.1:50690 - R:localhost/127.0.0.1:8083] Received response (auto-read:false) : [Content-Type=application/json, Transfer-Encoding=chunked, Date=Tue, 07 Jun 2022 09:13:39 GMT]
10:13:39.739 [reactor-http-nio-1] DEBUG reactor.netty.resources.PooledConnectionProvider - [id: 0xdc047dac, L:/127.0.0.1:50690 - R:localhost/127.0.0.1:8083] onStateChange(GET{uri=/userLocation?userId=037d3fe1-a57f-4a9b-b2d2-da302b0966ea, connection=PooledConnection{channel=[id: 0xdc047dac, L:/127.0.0.1:50690 - R:localhost/127.0.0.1:8083]}}, [response_received])
10:13:39.739 [reactor-http-nio-1] DEBUG org.springframework.web.reactive.function.client.ExchangeFunctions - [3173874b] Response 200 OK
10:13:39.739 [reactor-http-nio-1] DEBUG reactor.netty.channel.FluxReceive - [id: 0xdc047dac, L:/127.0.0.1:50690 - R:localhost/127.0.0.1:8083] Subscribing inbound receiver [pending: 0, cancelled:false, inboundDone: false]
10:13:39.740 [reactor-http-nio-3] DEBUG reactor.netty.http.client.HttpClientOperations - [id: 0x75450fe9, L:/127.0.0.1:50686 - R:localhost/127.0.0.1:8083] Received response (auto-read:false) : [Content-Type=application/json, Transfer-Encoding=chunked, Date=Tue, 07 Jun 2022 09:13:39 GMT]
10:13:39.740 [reactor-http-nio-3] DEBUG reactor.netty.resources.PooledConnectionProvider - [id: 0x75450fe9, L:/127.0.0.1:50686 - R:localhost/127.0.0.1:8083] onStateChange(GET{uri=/userLocation?userId=00f4039e-df06-48b8-910d-7d5a1ab351b3, connection=PooledConnection{channel=[id: 0x75450fe9, L:/127.0.0.1:50686 - R:localhost/127.0.0.1:8083]}}, [response_received])
10:13:39.740 [reactor-http-nio-1] DEBUG reactor.netty.http.client.HttpClientOperations - [id: 0xdc047dac, L:/127.0.0.1:50690 - R:localhost/127.0.0.1:8083] Received last HTTP packet
10:13:39.740 [reactor-http-nio-3] DEBUG org.springframework.web.reactive.function.client.ExchangeFunctions - [5ca2be10] Response 200 OK
10:13:39.740 [reactor-http-nio-1] DEBUG org.springframework.core.codec.StringDecoder - [3173874b] Decoded "{"userId":"037d3fe1-a57f-4a9b-b2d2-da302b0966ea","location":{"longitude":157.511797,"latitude":-13. (truncated)...
10:13:39.740 [reactor-http-nio-1] DEBUG reactor.netty.resources.PooledConnectionProvider - [id: 0xdc047dac, L:/127.0.0.1:50690 - R:localhost/127.0.0.1:8083] onStateChange(GET{uri=/userLocation?userId=037d3fe1-a57f-4a9b-b2d2-da302b0966ea, connection=PooledConnection{channel=[id: 0xdc047dac, L:/127.0.0.1:50690 - R:localhost/127.0.0.1:8083]}}, [disconnecting])
10:13:39.740 [reactor-http-nio-1] DEBUG reactor.netty.resources.PooledConnectionProvider - [id: 0xdc047dac, L:/127.0.0.1:50690 - R:localhost/127.0.0.1:8083] Releasing channel
10:13:39.740 [reactor-http-nio-1] DEBUG reactor.netty.resources.PooledConnectionProvider - [id: 0xdc047dac, L:/127.0.0.1:50690 - R:localhost/127.0.0.1:8083] Channel cleaned, now 12 active connections and 80 inactive connections
10:13:39.740 [reactor-http-nio-3] DEBUG reactor.netty.channel.FluxReceive - [id: 0x75450fe9, L:/127.0.0.1:50686 - R:localhost/127.0.0.1:8083] Subscribing inbound receiver [pending: 0, cancelled:false, inboundDone: false]
10:13:39.741 [reactor-http-nio-3] DEBUG reactor.netty.http.client.HttpClientOperations - [id: 0x75450fe9, L:/127.0.0.1:50686 - R:localhost/127.0.0.1:8083] Received last HTTP packet
10:13:39.741 [reactor-http-nio-3] DEBUG org.springframework.core.codec.StringDecoder - [5ca2be10] Decoded "{"userId":"00f4039e-df06-48b8-910d-7d5a1ab351b3","location":{"longitude":133.067241,"latitude":72.0 (truncated)...
10:13:39.741 [reactor-http-nio-3] DEBUG reactor.netty.resources.PooledConnectionProvider - [id: 0x75450fe9, L:/127.0.0.1:50686 - R:localhost/127.0.0.1:8083] onStateChange(GET{uri=/userLocation?userId=00f4039e-df06-48b8-910d-7d5a1ab351b3, connection=PooledConnection{channel=[id: 0x75450fe9, L:/127.0.0.1:50686 - R:localhost/127.0.0.1:8083]}}, [disconnecting])
10:13:39.741 [reactor-http-nio-3] DEBUG reactor.netty.resources.PooledConnectionProvider - [id: 0x75450fe9, L:/127.0.0.1:50686 - R:localhost/127.0.0.1:8083] Releasing channel
10:13:39.741 [reactor-http-nio-3] DEBUG reactor.netty.resources.PooledConnectionProvider - [id: 0x75450fe9, L:/127.0.0.1:50686 - R:localhost/127.0.0.1:8083] Channel cleaned, now 11 active connections and 81 inactive connections
10:13:39.742 [pool-4-thread-45] DEBUG org.springframework.web.reactive.function.client.ExchangeFunctions - [3fb46f15] HTTP GET http://localhost:8083/attractions
10:13:39.743 [reactor-http-nio-4] DEBUG reactor.netty.resources.PooledConnectionProvider - [id: 0x5fcffdd2, L:/127.0.0.1:50637 - R:localhost/127.0.0.1:8083] Channel acquired, now 12 active connections and 80 inactive connections
10:13:39.743 [reactor-http-nio-4] DEBUG reactor.netty.http.client.HttpClientConnect - [id: 0x5fcffdd2, L:/127.0.0.1:50637 - R:localhost/127.0.0.1:8083] Handler is being applied: {uri=http://localhost:8083/attractions, method=GET}
10:13:39.744 [reactor-http-nio-4] DEBUG reactor.netty.resources.PooledConnectionProvider - [id: 0x5fcffdd2, L:/127.0.0.1:50637 - R:localhost/127.0.0.1:8083] onStateChange(GET{uri=/attractions, connection=PooledConnection{channel=[id: 0x5fcffdd2, L:/127.0.0.1:50637 - R:localhost/127.0.0.1:8083]}}, [request_sent])
10:13:39.744 [pool-4-thread-58] DEBUG org.springframework.web.reactive.function.client.ExchangeFunctions - [52654bf4] HTTP GET http://localhost:8083/attractions
10:13:39.744 [reactor-http-nio-4] DEBUG reactor.netty.resources.PooledConnectionProvider - [id: 0x676c50cf, L:/127.0.0.1:50639 - R:localhost/127.0.0.1:8083] Channel acquired, now 13 active connections and 79 inactive connections
10:13:39.745 [reactor-http-nio-4] DEBUG reactor.netty.http.client.HttpClientConnect - [id: 0x676c50cf, L:/127.0.0.1:50639 - R:localhost/127.0.0.1:8083] Handler is being applied: {uri=http://localhost:8083/attractions, method=GET}
10:13:39.745 [reactor-http-nio-4] DEBUG reactor.netty.resources.PooledConnectionProvider - [id: 0x676c50cf, L:/127.0.0.1:50639 - R:localhost/127.0.0.1:8083] onStateChange(GET{uri=/attractions, connection=PooledConnection{channel=[id: 0x676c50cf, L:/127.0.0.1:50639 - R:localhost/127.0.0.1:8083]}}, [request_sent])
10:13:39.746 [reactor-http-nio-2] DEBUG org.springframework.core.codec.StringDecoder - [37fb0467] Decoded "[{"longitude":-117.922008,"latitude":33.817595,"attractionName":"Disneyland","city":"Anaheim","stat (truncated)...
10:13:39.746 [reactor-http-nio-2] DEBUG reactor.netty.resources.PooledConnectionProvider - [id: 0xc558618d, L:/127.0.0.1:50669 - R:localhost/127.0.0.1:8083] onStateChange(GET{uri=/attractions, connection=PooledConnection{channel=[id: 0xc558618d, L:/127.0.0.1:50669 - R:localhost/127.0.0.1:8083]}}, [disconnecting])
10:13:39.747 [reactor-http-nio-2] DEBUG reactor.netty.resources.PooledConnectionProvider - [id: 0xc558618d, L:/127.0.0.1:50669 - R:localhost/127.0.0.1:8083] Releasing channel
10:13:39.747 [reactor-http-nio-2] DEBUG reactor.netty.resources.PooledConnectionProvider - [id: 0xc558618d, L:/127.0.0.1:50669 - R:localhost/127.0.0.1:8083] Channel cleaned, now 12 active connections and 80 inactive connections
10:13:39.748 [reactor-http-nio-2] DEBUG reactor.netty.http.client.HttpClientOperations - [id: 0x139d3d87, L:/127.0.0.1:50670 - R:localhost/127.0.0.1:8083] Received response (auto-read:false) : [Content-Type=application/json, Transfer-Encoding=chunked, Date=Tue, 07 Jun 2022 09:13:38 GMT]
10:13:39.749 [reactor-http-nio-2] DEBUG reactor.netty.resources.PooledConnectionProvider - [id: 0x139d3d87, L:/127.0.0.1:50670 - R:localhost/127.0.0.1:8083] onStateChange(GET{uri=/userLocation?userId=ec16b99c-489e-4aac-98bd-ea20bc241d79, connection=PooledConnection{channel=[id: 0x139d3d87, L:/127.0.0.1:50670 - R:localhost/127.0.0.1:8083]}}, [response_received])
10:13:39.749 [reactor-http-nio-2] DEBUG org.springframework.web.reactive.function.client.ExchangeFunctions - [339e1c00] Response 200 OK
10:13:39.749 [reactor-http-nio-2] DEBUG reactor.netty.channel.FluxReceive - [id: 0x139d3d87, L:/127.0.0.1:50670 - R:localhost/127.0.0.1:8083] Subscribing inbound receiver [pending: 0, cancelled:false, inboundDone: false]
10:13:39.750 [reactor-http-nio-2] DEBUG reactor.netty.http.client.HttpClientOperations - [id: 0x139d3d87, L:/127.0.0.1:50670 - R:localhost/127.0.0.1:8083] Received last HTTP packet
10:13:39.751 [reactor-http-nio-2] DEBUG org.springframework.core.codec.StringDecoder - [339e1c00] Decoded "{"userId":"ec16b99c-489e-4aac-98bd-ea20bc241d79","location":{"longitude":-167.902779,"latitude":-7. (truncated)...
10:13:39.751 [reactor-http-nio-2] DEBUG reactor.netty.resources.PooledConnectionProvider - [id: 0x139d3d87, L:/127.0.0.1:50670 - R:localhost/127.0.0.1:8083] onStateChange(GET{uri=/userLocation?userId=ec16b99c-489e-4aac-98bd-ea20bc241d79, connection=PooledConnection{channel=[id: 0x139d3d87, L:/127.0.0.1:50670 - R:localhost/127.0.0.1:8083]}}, [disconnecting])
10:13:39.753 [pool-4-thread-99] DEBUG org.springframework.web.reactive.function.client.ExchangeFunctions - [3d59f403] HTTP GET http://localhost:8083/attractions
10:13:39.753 [reactor-http-nio-2] DEBUG reactor.netty.resources.PooledConnectionProvider - [id: 0x139d3d87, L:/127.0.0.1:50670 - R:localhost/127.0.0.1:8083] Releasing channel
10:13:39.754 [reactor-http-nio-2] DEBUG reactor.netty.resources.PooledConnectionProvider - [id: 0x139d3d87, L:/127.0.0.1:50670 - R:localhost/127.0.0.1:8083] Channel cleaned, now 11 active connections and 81 inactive connections
10:13:39.755 [reactor-http-nio-3] DEBUG reactor.netty.resources.PooledConnectionProvider - [id: 0x3304da66, L:/127.0.0.1:50653 - R:localhost/127.0.0.1:8083] Channel acquired, now 12 active connections and 80 inactive connections
10:13:39.755 [reactor-http-nio-3] DEBUG reactor.netty.http.client.HttpClientConnect - [id: 0x3304da66, L:/127.0.0.1:50653 - R:localhost/127.0.0.1:8083] Handler is being applied: {uri=http://localhost:8083/attractions, method=GET}
10:13:39.756 [reactor-http-nio-3] DEBUG reactor.netty.resources.PooledConnectionProvider - [id: 0x3304da66, L:/127.0.0.1:50653 - R:localhost/127.0.0.1:8083] onStateChange(GET{uri=/attractions, connection=PooledConnection{channel=[id: 0x3304da66, L:/127.0.0.1:50653 - R:localhost/127.0.0.1:8083]}}, [request_sent])
10:13:39.756 [reactor-http-nio-4] DEBUG reactor.netty.resources.PooledConnectionProvider - [id: 0xffcbc3fa, L:/127.0.0.1:50617 - R:localhost/127.0.0.1:8083] Channel acquired, now 13 active connections and 79 inactive connections
10:13:39.756 [reactor-http-nio-4] DEBUG reactor.netty.http.client.HttpClientConnect - [id: 0xffcbc3fa, L:/127.0.0.1:50617 - R:localhost/127.0.0.1:8083] Handler is being applied: {uri=http://localhost:8083/attractions, method=GET}
10:13:39.757 [reactor-http-nio-4] DEBUG reactor.netty.resources.PooledConnectionProvider - [id: 0xffcbc3fa, L:/127.0.0.1:50617 - R:localhost/127.0.0.1:8083] onStateChange(GET{uri=/attractions, connection=PooledConnection{channel=[id: 0xffcbc3fa, L:/127.0.0.1:50617 - R:localhost/127.0.0.1:8083]}}, [request_sent])
10:13:39.758 [reactor-http-nio-4] DEBUG reactor.netty.http.client.HttpClientOperations - [id: 0x5fcffdd2, L:/127.0.0.1:50637 - R:localhost/127.0.0.1:8083] Received response (auto-read:false) : [Content-Type=application/json, Transfer-Encoding=chunked, Date=Tue, 07 Jun 2022 09:13:39 GMT]
10:13:39.759 [reactor-http-nio-4] DEBUG reactor.netty.resources.PooledConnectionProvider - [id: 0x5fcffdd2, L:/127.0.0.1:50637 - R:localhost/127.0.0.1:8083] onStateChange(GET{uri=/attractions, connection=PooledConnection{channel=[id: 0x5fcffdd2, L:/127.0.0.1:50637 - R:localhost/127.0.0.1:8083]}}, [response_received])
10:13:39.759 [reactor-http-nio-4] DEBUG org.springframework.web.reactive.function.client.ExchangeFunctions - [3fb46f15] Response 200 OK
10:13:39.759 [reactor-http-nio-3] DEBUG reactor.netty.resources.PooledConnectionProvider - [id: 0xd9faa4fe, L:/127.0.0.1:50640 - R:localhost/127.0.0.1:8083] Channel acquired, now 14 active connections and 78 inactive connections
10:13:39.759 [reactor-http-nio-4] DEBUG reactor.netty.channel.FluxReceive - [id: 0x5fcffdd2, L:/127.0.0.1:50637 - R:localhost/127.0.0.1:8083] Subscribing inbound receiver [pending: 0, cancelled:false, inboundDone: false]
10:13:39.759 [reactor-http-nio-3] DEBUG reactor.netty.http.client.HttpClientConnect - [id: 0xd9faa4fe, L:/127.0.0.1:50640 - R:localhost/127.0.0.1:8083] Handler is being applied: {uri=http://localhost:8083/attractions, method=GET}
10:13:39.760 [reactor-http-nio-4] DEBUG reactor.netty.http.client.HttpClientOperations - [id: 0x5fcffdd2, L:/127.0.0.1:50637 - R:localhost/127.0.0.1:8083] Received last HTTP packet
10:13:39.760 [reactor-http-nio-4] DEBUG org.springframework.core.codec.StringDecoder - [3fb46f15] Decoded "[{"longitude":-117.922008,"latitude":33.817595,"attractionName":"Disneyland","city":"Anaheim","stat (truncated)...
10:13:39.760 [reactor-http-nio-3] DEBUG reactor.netty.resources.PooledConnectionProvider - [id: 0xd9faa4fe, L:/127.0.0.1:50640 - R:localhost/127.0.0.1:8083] onStateChange(GET{uri=/attractions, connection=PooledConnection{channel=[id: 0xd9faa4fe, L:/127.0.0.1:50640 - R:localhost/127.0.0.1:8083]}}, [request_sent])
10:13:39.760 [reactor-http-nio-4] DEBUG reactor.netty.resources.PooledConnectionProvider - [id: 0x5fcffdd2, L:/127.0.0.1:50637 - R:localhost/127.0.0.1:8083] onStateChange(GET{uri=/attractions, connection=PooledConnection{channel=[id: 0x5fcffdd2, L:/127.0.0.1:50637 - R:localhost/127.0.0.1:8083]}}, [disconnecting])
10:13:39.760 [reactor-http-nio-4] DEBUG reactor.netty.resources.PooledConnectionProvider - [id: 0x5fcffdd2, L:/127.0.0.1:50637 - R:localhost/127.0.0.1:8083] Releasing channel
10:13:39.760 [reactor-http-nio-4] DEBUG reactor.netty.resources.PooledConnectionProvider - [id: 0x5fcffdd2, L:/127.0.0.1:50637 - R:localhost/127.0.0.1:8083] Channel cleaned, now 13 active connections and 79 inactive connections
10:13:39.761 [reactor-http-nio-4] DEBUG reactor.netty.http.client.HttpClientOperations - [id: 0x676c50cf, L:/127.0.0.1:50639 - R:localhost/127.0.0.1:8083] Received response (auto-read:false) : [Content-Type=application/json, Transfer-Encoding=chunked, Date=Tue, 07 Jun 2022 09:13:39 GMT]
10:13:39.761 [reactor-http-nio-4] DEBUG reactor.netty.resources.PooledConnectionProvider - [id: 0x676c50cf, L:/127.0.0.1:50639 - R:localhost/127.0.0.1:8083] onStateChange(GET{uri=/attractions, connection=PooledConnection{channel=[id: 0x676c50cf, L:/127.0.0.1:50639 - R:localhost/127.0.0.1:8083]}}, [response_received])
10:13:39.761 [reactor-http-nio-4] DEBUG org.springframework.web.reactive.function.client.ExchangeFunctions - [52654bf4] Response 200 OK
10:13:39.761 [reactor-http-nio-4] DEBUG reactor.netty.channel.FluxReceive - [id: 0x676c50cf, L:/127.0.0.1:50639 - R:localhost/127.0.0.1:8083] Subscribing inbound receiver [pending: 0, cancelled:false, inboundDone: false]
10:13:39.761 [reactor-http-nio-4] DEBUG reactor.netty.http.client.HttpClientOperations - [id: 0x676c50cf, L:/127.0.0.1:50639 - R:localhost/127.0.0.1:8083] Received last HTTP packet
10:13:39.762 [reactor-http-nio-4] DEBUG org.springframework.core.codec.StringDecoder - [52654bf4] Decoded "[{"longitude":-117.922008,"latitude":33.817595,"attractionName":"Disneyland","city":"Anaheim","stat (truncated)...
10:13:39.762 [reactor-http-nio-4] DEBUG reactor.netty.resources.PooledConnectionProvider - [id: 0x676c50cf, L:/127.0.0.1:50639 - R:localhost/127.0.0.1:8083] onStateChange(GET{uri=/attractions, connection=PooledConnection{channel=[id: 0x676c50cf, L:/127.0.0.1:50639 - R:localhost/127.0.0.1:8083]}}, [disconnecting])
10:13:39.762 [reactor-http-nio-4] DEBUG reactor.netty.resources.PooledConnectionProvider - [id: 0x676c50cf, L:/127.0.0.1:50639 - R:localhost/127.0.0.1:8083] Releasing channel
10:13:39.762 [reactor-http-nio-4] DEBUG reactor.netty.resources.PooledConnectionProvider - [id: 0x676c50cf, L:/127.0.0.1:50639 - R:localhost/127.0.0.1:8083] Channel cleaned, now 12 active connections and 80 inactive connections
10:13:39.763 [reactor-http-nio-3] DEBUG reactor.netty.resources.PooledConnectionProvider - [id: 0x066048e0, L:/127.0.0.1:50650 - R:localhost/127.0.0.1:8083] Channel acquired, now 13 active connections and 79 inactive connections
10:13:39.763 [reactor-http-nio-3] DEBUG reactor.netty.http.client.HttpClientConnect - [id: 0x066048e0, L:/127.0.0.1:50650 - R:localhost/127.0.0.1:8083] Handler is being applied: {uri=http://localhost:8083/attractions, method=GET}
10:13:39.763 [reactor-http-nio-1] DEBUG reactor.netty.resources.PooledConnectionProvider - [id: 0x8ed49f05, L:/127.0.0.1:50631 - R:localhost/127.0.0.1:8083] Channel acquired, now 14 active connections and 78 inactive connections
10:13:39.764 [reactor-http-nio-1] DEBUG reactor.netty.http.client.HttpClientConnect - [id: 0x8ed49f05, L:/127.0.0.1:50631 - R:localhost/127.0.0.1:8083] Handler is being applied: {uri=http://localhost:8083/attractions, method=GET}
10:13:39.764 [reactor-http-nio-3] DEBUG reactor.netty.resources.PooledConnectionProvider - [id: 0x066048e0, L:/127.0.0.1:50650 - R:localhost/127.0.0.1:8083] onStateChange(GET{uri=/attractions, connection=PooledConnection{channel=[id: 0x066048e0, L:/127.0.0.1:50650 - R:localhost/127.0.0.1:8083]}}, [request_sent])
10:13:39.764 [reactor-http-nio-4] DEBUG reactor.netty.resources.PooledConnectionProvider - [id: 0x1694d70f, L:/127.0.0.1:50610 - R:localhost/127.0.0.1:8083] Channel acquired, now 15 active connections and 77 inactive connections
10:13:39.764 [reactor-http-nio-4] DEBUG reactor.netty.http.client.HttpClientConnect - [id: 0x1694d70f, L:/127.0.0.1:50610 - R:localhost/127.0.0.1:8083] Handler is being applied: {uri=http://localhost:8083/attractions, method=GET}
10:13:39.765 [reactor-http-nio-1] DEBUG reactor.netty.resources.PooledConnectionProvider - [id: 0x8ed49f05, L:/127.0.0.1:50631 - R:localhost/127.0.0.1:8083] onStateChange(GET{uri=/attractions, connection=PooledConnection{channel=[id: 0x8ed49f05, L:/127.0.0.1:50631 - R:localhost/127.0.0.1:8083]}}, [request_sent])
10:13:39.765 [reactor-http-nio-4] DEBUG reactor.netty.resources.PooledConnectionProvider - [id: 0x1694d70f, L:/127.0.0.1:50610 - R:localhost/127.0.0.1:8083] onStateChange(GET{uri=/attractions, connection=PooledConnection{channel=[id: 0x1694d70f, L:/127.0.0.1:50610 - R:localhost/127.0.0.1:8083]}}, [request_sent])
10:13:39.764 [reactor-http-nio-3] DEBUG reactor.netty.resources.PooledConnectionProvider - [id: 0xf5289a3b, L:/127.0.0.1:50658 - R:localhost/127.0.0.1:8083] Channel acquired, now 16 active connections and 76 inactive connections
10:13:39.765 [reactor-http-nio-3] DEBUG reactor.netty.http.client.HttpClientConnect - [id: 0xf5289a3b, L:/127.0.0.1:50658 - R:localhost/127.0.0.1:8083] Handler is being applied: {uri=http://localhost:8083/attractions, method=GET}
10:13:39.766 [reactor-http-nio-3] DEBUG reactor.netty.resources.PooledConnectionProvider - [id: 0xf5289a3b, L:/127.0.0.1:50658 - R:localhost/127.0.0.1:8083] onStateChange(GET{uri=/attractions, connection=PooledConnection{channel=[id: 0xf5289a3b, L:/127.0.0.1:50658 - R:localhost/127.0.0.1:8083]}}, [request_sent])
10:13:39.768 [reactor-http-nio-2] DEBUG reactor.netty.resources.PooledConnectionProvider - [id: 0x7da5620d, L:/127.0.0.1:50618 - R:localhost/127.0.0.1:8083] Channel acquired, now 17 active connections and 75 inactive connections
10:13:39.768 [reactor-http-nio-3] DEBUG reactor.netty.http.client.HttpClientOperations - [id: 0x3304da66, L:/127.0.0.1:50653 - R:localhost/127.0.0.1:8083] Received response (auto-read:false) : [Content-Type=application/json, Transfer-Encoding=chunked, Date=Tue, 07 Jun 2022 09:13:39 GMT]
10:13:39.769 [reactor-http-nio-3] DEBUG reactor.netty.resources.PooledConnectionProvider - [id: 0x3304da66, L:/127.0.0.1:50653 - R:localhost/127.0.0.1:8083] onStateChange(GET{uri=/attractions, connection=PooledConnection{channel=[id: 0x3304da66, L:/127.0.0.1:50653 - R:localhost/127.0.0.1:8083]}}, [response_received])
10:13:39.769 [reactor-http-nio-3] DEBUG org.springframework.web.reactive.function.client.ExchangeFunctions - [1eda3627] Response 200 OK
10:13:39.769 [reactor-http-nio-3] DEBUG reactor.netty.channel.FluxReceive - [id: 0x3304da66, L:/127.0.0.1:50653 - R:localhost/127.0.0.1:8083] Subscribing inbound receiver [pending: 0, cancelled:false, inboundDone: false]
10:13:39.770 [reactor-http-nio-3] DEBUG reactor.netty.http.client.HttpClientOperations - [id: 0x3304da66, L:/127.0.0.1:50653 - R:localhost/127.0.0.1:8083] Received last HTTP packet
10:13:39.770 [reactor-http-nio-2] DEBUG reactor.netty.http.client.HttpClientConnect - [id: 0x7da5620d, L:/127.0.0.1:50618 - R:localhost/127.0.0.1:8083] Handler is being applied: {uri=http://localhost:8083/attractions, method=GET}
10:13:39.770 [reactor-http-nio-3] DEBUG org.springframework.core.codec.StringDecoder - [1eda3627] Decoded "[{"longitude":-117.922008,"latitude":33.817595,"attractionName":"Disneyland","city":"Anaheim","stat (truncated)...
10:13:39.770 [reactor-http-nio-4] DEBUG reactor.netty.http.client.HttpClientOperations - [id: 0xffcbc3fa, L:/127.0.0.1:50617 - R:localhost/127.0.0.1:8083] Received response (auto-read:false) : [Content-Type=application/json, Transfer-Encoding=chunked, Date=Tue, 07 Jun 2022 09:13:39 GMT]
10:13:39.771 [reactor-http-nio-3] DEBUG reactor.netty.resources.PooledConnectionProvider - [id: 0x3304da66, L:/127.0.0.1:50653 - R:localhost/127.0.0.1:8083] onStateChange(GET{uri=/attractions, connection=PooledConnection{channel=[id: 0x3304da66, L:/127.0.0.1:50653 - R:localhost/127.0.0.1:8083]}}, [disconnecting])
10:13:39.771 [reactor-http-nio-4] DEBUG reactor.netty.resources.PooledConnectionProvider - [id: 0xffcbc3fa, L:/127.0.0.1:50617 - R:localhost/127.0.0.1:8083] onStateChange(GET{uri=/attractions, connection=PooledConnection{channel=[id: 0xffcbc3fa, L:/127.0.0.1:50617 - R:localhost/127.0.0.1:8083]}}, [response_received])
10:13:39.771 [reactor-http-nio-3] DEBUG reactor.netty.resources.PooledConnectionProvider - [id: 0x3304da66, L:/127.0.0.1:50653 - R:localhost/127.0.0.1:8083] Releasing channel
10:13:39.771 [reactor-http-nio-4] DEBUG org.springframework.web.reactive.function.client.ExchangeFunctions - [18d461e2] Response 200 OK
10:13:39.771 [reactor-http-nio-3] DEBUG reactor.netty.resources.PooledConnectionProvider - [id: 0x3304da66, L:/127.0.0.1:50653 - R:localhost/127.0.0.1:8083] Channel cleaned, now 16 active connections and 76 inactive connections
10:13:39.771 [reactor-http-nio-4] DEBUG reactor.netty.channel.FluxReceive - [id: 0xffcbc3fa, L:/127.0.0.1:50617 - R:localhost/127.0.0.1:8083] Subscribing inbound receiver [pending: 0, cancelled:false, inboundDone: false]
10:13:39.772 [reactor-http-nio-4] DEBUG reactor.netty.http.client.HttpClientOperations - [id: 0xffcbc3fa, L:/127.0.0.1:50617 - R:localhost/127.0.0.1:8083] Received last HTTP packet
10:13:39.772 [reactor-http-nio-4] DEBUG org.springframework.core.codec.StringDecoder - [18d461e2] Decoded "[{"longitude":-117.922008,"latitude":33.817595,"attractionName":"Disneyland","city":"Anaheim","stat (truncated)...
10:13:39.772 [reactor-http-nio-4] DEBUG reactor.netty.resources.PooledConnectionProvider - [id: 0xffcbc3fa, L:/127.0.0.1:50617 - R:localhost/127.0.0.1:8083] onStateChange(GET{uri=/attractions, connection=PooledConnection{channel=[id: 0xffcbc3fa, L:/127.0.0.1:50617 - R:localhost/127.0.0.1:8083]}}, [disconnecting])
10:13:39.772 [reactor-http-nio-4] DEBUG reactor.netty.resources.PooledConnectionProvider - [id: 0xffcbc3fa, L:/127.0.0.1:50617 - R:localhost/127.0.0.1:8083] Releasing channel
10:13:39.772 [reactor-http-nio-4] DEBUG reactor.netty.resources.PooledConnectionProvider - [id: 0xffcbc3fa, L:/127.0.0.1:50617 - R:localhost/127.0.0.1:8083] Channel cleaned, now 15 active connections and 77 inactive connections
10:13:39.774 [reactor-http-nio-2] DEBUG reactor.netty.resources.PooledConnectionProvider - [id: 0x7da5620d, L:/127.0.0.1:50618 - R:localhost/127.0.0.1:8083] onStateChange(GET{uri=/attractions, connection=PooledConnection{channel=[id: 0x7da5620d, L:/127.0.0.1:50618 - R:localhost/127.0.0.1:8083]}}, [request_sent])
10:13:39.774 [reactor-http-nio-3] DEBUG reactor.netty.http.client.HttpClientOperations - [id: 0xd9faa4fe, L:/127.0.0.1:50640 - R:localhost/127.0.0.1:8083] Received response (auto-read:false) : [Content-Type=application/json, Transfer-Encoding=chunked, Date=Tue, 07 Jun 2022 09:13:39 GMT]
10:13:39.774 [reactor-http-nio-3] DEBUG reactor.netty.resources.PooledConnectionProvider - [id: 0xd9faa4fe, L:/127.0.0.1:50640 - R:localhost/127.0.0.1:8083] onStateChange(GET{uri=/attractions, connection=PooledConnection{channel=[id: 0xd9faa4fe, L:/127.0.0.1:50640 - R:localhost/127.0.0.1:8083]}}, [response_received])
10:13:39.774 [reactor-http-nio-3] DEBUG org.springframework.web.reactive.function.client.ExchangeFunctions - [1a47ee1d] Response 200 OK
10:13:39.775 [reactor-http-nio-3] DEBUG reactor.netty.channel.FluxReceive - [id: 0xd9faa4fe, L:/127.0.0.1:50640 - R:localhost/127.0.0.1:8083] Subscribing inbound receiver [pending: 0, cancelled:false, inboundDone: false]
10:13:39.775 [reactor-http-nio-3] DEBUG reactor.netty.http.client.HttpClientOperations - [id: 0xd9faa4fe, L:/127.0.0.1:50640 - R:localhost/127.0.0.1:8083] Received last HTTP packet
10:13:39.775 [reactor-http-nio-3] DEBUG org.springframework.core.codec.StringDecoder - [1a47ee1d] Decoded "[{"longitude":-117.922008,"latitude":33.817595,"attractionName":"Disneyland","city":"Anaheim","stat (truncated)...
10:13:39.776 [reactor-http-nio-3] DEBUG reactor.netty.resources.PooledConnectionProvider - [id: 0xd9faa4fe, L:/127.0.0.1:50640 - R:localhost/127.0.0.1:8083] onStateChange(GET{uri=/attractions, connection=PooledConnection{channel=[id: 0xd9faa4fe, L:/127.0.0.1:50640 - R:localhost/127.0.0.1:8083]}}, [disconnecting])
10:13:39.776 [reactor-http-nio-3] DEBUG reactor.netty.resources.PooledConnectionProvider - [id: 0xd9faa4fe, L:/127.0.0.1:50640 - R:localhost/127.0.0.1:8083] Releasing channel
10:13:39.776 [reactor-http-nio-3] DEBUG reactor.netty.resources.PooledConnectionProvider - [id: 0xd9faa4fe, L:/127.0.0.1:50640 - R:localhost/127.0.0.1:8083] Channel cleaned, now 14 active connections and 78 inactive connections
10:13:39.776 [reactor-http-nio-1] DEBUG reactor.netty.resources.PooledConnectionProvider - [id: 0xec1f4ce8, L:/127.0.0.1:50641 - R:localhost/127.0.0.1:8083] Channel acquired, now 15 active connections and 77 inactive connections
10:13:39.776 [reactor-http-nio-1] DEBUG reactor.netty.http.client.HttpClientConnect - [id: 0xec1f4ce8, L:/127.0.0.1:50641 - R:localhost/127.0.0.1:8083] Handler is being applied: {uri=http://localhost:8083/attractions, method=GET}
10:13:39.776 [reactor-http-nio-2] DEBUG reactor.netty.resources.PooledConnectionProvider - [id: 0xa0c2642f, L:/127.0.0.1:50614 - R:localhost/127.0.0.1:8083] Channel acquired, now 16 active connections and 76 inactive connections
10:13:39.776 [reactor-http-nio-2] DEBUG reactor.netty.http.client.HttpClientConnect - [id: 0xa0c2642f, L:/127.0.0.1:50614 - R:localhost/127.0.0.1:8083] Handler is being applied: {uri=http://localhost:8083/attractions, method=GET}
10:13:39.777 [reactor-http-nio-1] DEBUG reactor.netty.resources.PooledConnectionProvider - [id: 0xec1f4ce8, L:/127.0.0.1:50641 - R:localhost/127.0.0.1:8083] onStateChange(GET{uri=/attractions, connection=PooledConnection{channel=[id: 0xec1f4ce8, L:/127.0.0.1:50641 - R:localhost/127.0.0.1:8083]}}, [request_sent])
10:13:39.777 [reactor-http-nio-1] DEBUG reactor.netty.resources.PooledConnectionProvider - [id: 0xb12e3ff3, L:/127.0.0.1:50644 - R:localhost/127.0.0.1:8083] Channel acquired, now 17 active connections and 75 inactive connections
10:13:39.777 [reactor-http-nio-1] DEBUG reactor.netty.http.client.HttpClientConnect - [id: 0xb12e3ff3, L:/127.0.0.1:50644 - R:localhost/127.0.0.1:8083] Handler is being applied: {uri=http://localhost:8083/attractions, method=GET}
10:13:39.777 [reactor-http-nio-2] DEBUG reactor.netty.resources.PooledConnectionProvider - [id: 0xa0c2642f, L:/127.0.0.1:50614 - R:localhost/127.0.0.1:8083] onStateChange(GET{uri=/attractions, connection=PooledConnection{channel=[id: 0xa0c2642f, L:/127.0.0.1:50614 - R:localhost/127.0.0.1:8083]}}, [request_sent])
10:13:39.777 [reactor-http-nio-2] DEBUG reactor.netty.resources.PooledConnectionProvider - [id: 0x011036a3, L:/127.0.0.1:50616 - R:localhost/127.0.0.1:8083] Channel acquired, now 18 active connections and 74 inactive connections
10:13:39.777 [reactor-http-nio-2] DEBUG reactor.netty.http.client.HttpClientConnect - [id: 0x011036a3, L:/127.0.0.1:50616 - R:localhost/127.0.0.1:8083] Handler is being applied: {uri=http://localhost:8083/attractions, method=GET}
10:13:39.778 [reactor-http-nio-1] DEBUG reactor.netty.resources.PooledConnectionProvider - [id: 0xb12e3ff3, L:/127.0.0.1:50644 - R:localhost/127.0.0.1:8083] onStateChange(GET{uri=/attractions, connection=PooledConnection{channel=[id: 0xb12e3ff3, L:/127.0.0.1:50644 - R:localhost/127.0.0.1:8083]}}, [request_sent])
10:13:39.778 [reactor-http-nio-2] DEBUG reactor.netty.resources.PooledConnectionProvider - [id: 0x011036a3, L:/127.0.0.1:50616 - R:localhost/127.0.0.1:8083] onStateChange(GET{uri=/attractions, connection=PooledConnection{channel=[id: 0x011036a3, L:/127.0.0.1:50616 - R:localhost/127.0.0.1:8083]}}, [request_sent])
10:13:39.778 [reactor-http-nio-2] DEBUG reactor.netty.resources.PooledConnectionProvider - [id: 0xfff007b6, L:/127.0.0.1:50626 - R:localhost/127.0.0.1:8083] Channel acquired, now 19 active connections and 73 inactive connections
10:13:39.778 [reactor-http-nio-2] DEBUG reactor.netty.http.client.HttpClientConnect - [id: 0xfff007b6, L:/127.0.0.1:50626 - R:localhost/127.0.0.1:8083] Handler is being applied: {uri=http://localhost:8083/attractions, method=GET}
10:13:39.780 [reactor-http-nio-2] DEBUG reactor.netty.resources.PooledConnectionProvider - [id: 0xfff007b6, L:/127.0.0.1:50626 - R:localhost/127.0.0.1:8083] onStateChange(GET{uri=/attractions, connection=PooledConnection{channel=[id: 0xfff007b6, L:/127.0.0.1:50626 - R:localhost/127.0.0.1:8083]}}, [request_sent])
10:13:39.780 [reactor-http-nio-2] DEBUG reactor.netty.resources.PooledConnectionProvider - [id: 0xf6a1e568, L:/127.0.0.1:50619 - R:localhost/127.0.0.1:8083] Channel acquired, now 20 active connections and 72 inactive connections
10:13:39.780 [reactor-http-nio-2] DEBUG reactor.netty.http.client.HttpClientConnect - [id: 0xf6a1e568, L:/127.0.0.1:50619 - R:localhost/127.0.0.1:8083] Handler is being applied: {uri=http://localhost:8083/attractions, method=GET}
10:13:39.781 [reactor-http-nio-2] DEBUG reactor.netty.resources.PooledConnectionProvider - [id: 0xf6a1e568, L:/127.0.0.1:50619 - R:localhost/127.0.0.1:8083] onStateChange(GET{uri=/attractions, connection=PooledConnection{channel=[id: 0xf6a1e568, L:/127.0.0.1:50619 - R:localhost/127.0.0.1:8083]}}, [request_sent])
10:13:39.781 [reactor-http-nio-2] DEBUG reactor.netty.resources.PooledConnectionProvider - [id: 0xcfb207a6, L:/127.0.0.1:50628 - R:localhost/127.0.0.1:8083] Channel acquired, now 21 active connections and 71 inactive connections
10:13:39.781 [reactor-http-nio-2] DEBUG reactor.netty.http.client.HttpClientConnect - [id: 0xcfb207a6, L:/127.0.0.1:50628 - R:localhost/127.0.0.1:8083] Handler is being applied: {uri=http://localhost:8083/attractions, method=GET}
10:13:39.781 [reactor-http-nio-2] DEBUG reactor.netty.resources.PooledConnectionProvider - [id: 0xcfb207a6, L:/127.0.0.1:50628 - R:localhost/127.0.0.1:8083] onStateChange(GET{uri=/attractions, connection=PooledConnection{channel=[id: 0xcfb207a6, L:/127.0.0.1:50628 - R:localhost/127.0.0.1:8083]}}, [request_sent])
10:13:39.782 [reactor-http-nio-2] DEBUG reactor.netty.resources.PooledConnectionProvider - [id: 0x10c31243, L:/127.0.0.1:50629 - R:localhost/127.0.0.1:8083] Channel acquired, now 22 active connections and 70 inactive connections
10:13:39.782 [reactor-http-nio-2] DEBUG reactor.netty.http.client.HttpClientConnect - [id: 0x10c31243, L:/127.0.0.1:50629 - R:localhost/127.0.0.1:8083] Handler is being applied: {uri=http://localhost:8083/attractions, method=GET}
10:13:39.782 [reactor-http-nio-1] DEBUG reactor.netty.http.client.HttpClientOperations - [id: 0x8ed49f05, L:/127.0.0.1:50631 - R:localhost/127.0.0.1:8083] Received response (auto-read:false) : [Content-Type=application/json, Transfer-Encoding=chunked, Date=Tue, 07 Jun 2022 09:13:39 GMT]
10:13:39.782 [reactor-http-nio-3] DEBUG reactor.netty.http.client.HttpClientOperations - [id: 0xf5289a3b, L:/127.0.0.1:50658 - R:localhost/127.0.0.1:8083] Received response (auto-read:false) : [Content-Type=application/json, Transfer-Encoding=chunked, Date=Tue, 07 Jun 2022 09:13:39 GMT]
10:13:39.782 [reactor-http-nio-1] DEBUG reactor.netty.resources.PooledConnectionProvider - [id: 0x8ed49f05, L:/127.0.0.1:50631 - R:localhost/127.0.0.1:8083] onStateChange(GET{uri=/attractions, connection=PooledConnection{channel=[id: 0x8ed49f05, L:/127.0.0.1:50631 - R:localhost/127.0.0.1:8083]}}, [response_received])
10:13:39.782 [reactor-http-nio-3] DEBUG reactor.netty.resources.PooledConnectionProvider - [id: 0xf5289a3b, L:/127.0.0.1:50658 - R:localhost/127.0.0.1:8083] onStateChange(GET{uri=/attractions, connection=PooledConnection{channel=[id: 0xf5289a3b, L:/127.0.0.1:50658 - R:localhost/127.0.0.1:8083]}}, [response_received])
10:13:39.782 [reactor-http-nio-1] DEBUG org.springframework.web.reactive.function.client.ExchangeFunctions - [61965a9f] Response 200 OK
10:13:39.782 [reactor-http-nio-3] DEBUG org.springframework.web.reactive.function.client.ExchangeFunctions - [69547526] Response 200 OK
10:13:39.782 [reactor-http-nio-1] DEBUG reactor.netty.channel.FluxReceive - [id: 0x8ed49f05, L:/127.0.0.1:50631 - R:localhost/127.0.0.1:8083] Subscribing inbound receiver [pending: 0, cancelled:false, inboundDone: false]
10:13:39.782 [reactor-http-nio-3] DEBUG reactor.netty.channel.FluxReceive - [id: 0xf5289a3b, L:/127.0.0.1:50658 - R:localhost/127.0.0.1:8083] Subscribing inbound receiver [pending: 0, cancelled:false, inboundDone: false]
10:13:39.783 [reactor-http-nio-1] DEBUG reactor.netty.http.client.HttpClientOperations - [id: 0x8ed49f05, L:/127.0.0.1:50631 - R:localhost/127.0.0.1:8083] Received last HTTP packet
10:13:39.783 [reactor-http-nio-1] DEBUG org.springframework.core.codec.StringDecoder - [61965a9f] Decoded "[{"longitude":-117.922008,"latitude":33.817595,"attractionName":"Disneyland","city":"Anaheim","stat (truncated)...
10:13:39.783 [reactor-http-nio-1] DEBUG reactor.netty.resources.PooledConnectionProvider - [id: 0x8ed49f05, L:/127.0.0.1:50631 - R:localhost/127.0.0.1:8083] onStateChange(GET{uri=/attractions, connection=PooledConnection{channel=[id: 0x8ed49f05, L:/127.0.0.1:50631 - R:localhost/127.0.0.1:8083]}}, [disconnecting])
10:13:39.783 [reactor-http-nio-1] DEBUG reactor.netty.resources.PooledConnectionProvider - [id: 0x8ed49f05, L:/127.0.0.1:50631 - R:localhost/127.0.0.1:8083] Releasing channel
10:13:39.783 [reactor-http-nio-1] DEBUG reactor.netty.resources.PooledConnectionProvider - [id: 0x8ed49f05, L:/127.0.0.1:50631 - R:localhost/127.0.0.1:8083] Channel cleaned, now 21 active connections and 71 inactive connections
10:13:39.783 [reactor-http-nio-2] DEBUG reactor.netty.resources.PooledConnectionProvider - [id: 0x10c31243, L:/127.0.0.1:50629 - R:localhost/127.0.0.1:8083] onStateChange(GET{uri=/attractions, connection=PooledConnection{channel=[id: 0x10c31243, L:/127.0.0.1:50629 - R:localhost/127.0.0.1:8083]}}, [request_sent])
10:13:39.784 [reactor-http-nio-2] DEBUG reactor.netty.resources.PooledConnectionProvider - [id: 0x254a87ce, L:/127.0.0.1:50632 - R:localhost/127.0.0.1:8083] Channel acquired, now 22 active connections and 70 inactive connections
10:13:39.784 [reactor-http-nio-2] DEBUG reactor.netty.http.client.HttpClientConnect - [id: 0x254a87ce, L:/127.0.0.1:50632 - R:localhost/127.0.0.1:8083] Handler is being applied: {uri=http://localhost:8083/attractions, method=GET}
10:13:39.784 [reactor-http-nio-3] DEBUG reactor.netty.http.client.HttpClientOperations - [id: 0xf5289a3b, L:/127.0.0.1:50658 - R:localhost/127.0.0.1:8083] Received last HTTP packet
10:13:39.785 [reactor-http-nio-3] DEBUG org.springframework.core.codec.StringDecoder - [69547526] Decoded "[{"longitude":-117.922008,"latitude":33.817595,"attractionName":"Disneyland","city":"Anaheim","stat (truncated)...
10:13:39.785 [reactor-http-nio-3] DEBUG reactor.netty.resources.PooledConnectionProvider - [id: 0xf5289a3b, L:/127.0.0.1:50658 - R:localhost/127.0.0.1:8083] onStateChange(GET{uri=/attractions, connection=PooledConnection{channel=[id: 0xf5289a3b, L:/127.0.0.1:50658 - R:localhost/127.0.0.1:8083]}}, [disconnecting])
10:13:39.785 [reactor-http-nio-3] DEBUG reactor.netty.resources.PooledConnectionProvider - [id: 0xf5289a3b, L:/127.0.0.1:50658 - R:localhost/127.0.0.1:8083] Releasing channel
10:13:39.785 [reactor-http-nio-3] DEBUG reactor.netty.resources.PooledConnectionProvider - [id: 0xf5289a3b, L:/127.0.0.1:50658 - R:localhost/127.0.0.1:8083] Channel cleaned, now 21 active connections and 71 inactive connections
10:13:39.786 [reactor-http-nio-2] DEBUG reactor.netty.resources.PooledConnectionProvider - [id: 0x254a87ce, L:/127.0.0.1:50632 - R:localhost/127.0.0.1:8083] onStateChange(GET{uri=/attractions, connection=PooledConnection{channel=[id: 0x254a87ce, L:/127.0.0.1:50632 - R:localhost/127.0.0.1:8083]}}, [request_sent])
10:13:39.786 [reactor-http-nio-2] DEBUG reactor.netty.resources.PooledConnectionProvider - [id: 0xd51be2b9, L:/127.0.0.1:50634 - R:localhost/127.0.0.1:8083] Channel acquired, now 22 active connections and 70 inactive connections
10:13:39.786 [reactor-http-nio-2] DEBUG reactor.netty.http.client.HttpClientConnect - [id: 0xd51be2b9, L:/127.0.0.1:50634 - R:localhost/127.0.0.1:8083] Handler is being applied: {uri=http://localhost:8083/attractions, method=GET}
10:13:39.788 [reactor-http-nio-2] DEBUG reactor.netty.resources.PooledConnectionProvider - [id: 0xd51be2b9, L:/127.0.0.1:50634 - R:localhost/127.0.0.1:8083] onStateChange(GET{uri=/attractions, connection=PooledConnection{channel=[id: 0xd51be2b9, L:/127.0.0.1:50634 - R:localhost/127.0.0.1:8083]}}, [request_sent])
10:13:39.788 [reactor-http-nio-3] DEBUG reactor.netty.http.client.HttpClientOperations - [id: 0x066048e0, L:/127.0.0.1:50650 - R:localhost/127.0.0.1:8083] Received response (auto-read:false) : [Content-Type=application/json, Transfer-Encoding=chunked, Date=Tue, 07 Jun 2022 09:13:39 GMT]
10:13:39.788 [reactor-http-nio-3] DEBUG reactor.netty.resources.PooledConnectionProvider - [id: 0x066048e0, L:/127.0.0.1:50650 - R:localhost/127.0.0.1:8083] onStateChange(GET{uri=/attractions, connection=PooledConnection{channel=[id: 0x066048e0, L:/127.0.0.1:50650 - R:localhost/127.0.0.1:8083]}}, [response_received])
10:13:39.789 [reactor-http-nio-3] DEBUG org.springframework.web.reactive.function.client.ExchangeFunctions - [327870f] Response 200 OK
10:13:39.789 [reactor-http-nio-3] DEBUG reactor.netty.channel.FluxReceive - [id: 0x066048e0, L:/127.0.0.1:50650 - R:localhost/127.0.0.1:8083] Subscribing inbound receiver [pending: 0, cancelled:false, inboundDone: false]
10:13:39.789 [reactor-http-nio-3] DEBUG reactor.netty.http.client.HttpClientOperations - [id: 0x066048e0, L:/127.0.0.1:50650 - R:localhost/127.0.0.1:8083] Received last HTTP packet
10:13:39.793 [reactor-http-nio-4] DEBUG reactor.netty.http.client.HttpClientOperations - [id: 0x1694d70f, L:/127.0.0.1:50610 - R:localhost/127.0.0.1:8083] Received response (auto-read:false) : [Content-Type=application/json, Transfer-Encoding=chunked, Date=Tue, 07 Jun 2022 09:13:39 GMT]
10:13:39.794 [reactor-http-nio-4] DEBUG reactor.netty.resources.PooledConnectionProvider - [id: 0x1694d70f, L:/127.0.0.1:50610 - R:localhost/127.0.0.1:8083] onStateChange(GET{uri=/attractions, connection=PooledConnection{channel=[id: 0x1694d70f, L:/127.0.0.1:50610 - R:localhost/127.0.0.1:8083]}}, [response_received])
10:13:39.794 [reactor-http-nio-4] DEBUG org.springframework.web.reactive.function.client.ExchangeFunctions - [bed2ccd] Response 200 OK
10:13:39.794 [reactor-http-nio-4] DEBUG reactor.netty.channel.FluxReceive - [id: 0x1694d70f, L:/127.0.0.1:50610 - R:localhost/127.0.0.1:8083] Subscribing inbound receiver [pending: 0, cancelled:false, inboundDone: false]
10:13:39.795 [reactor-http-nio-4] DEBUG reactor.netty.http.client.HttpClientOperations - [id: 0x1694d70f, L:/127.0.0.1:50610 - R:localhost/127.0.0.1:8083] Received last HTTP packet
10:13:39.795 [reactor-http-nio-4] DEBUG org.springframework.core.codec.StringDecoder - [bed2ccd] Decoded "[{"longitude":-117.922008,"latitude":33.817595,"attractionName":"Disneyland","city":"Anaheim","stat (truncated)...
10:13:39.795 [reactor-http-nio-4] DEBUG reactor.netty.resources.PooledConnectionProvider - [id: 0x1694d70f, L:/127.0.0.1:50610 - R:localhost/127.0.0.1:8083] onStateChange(GET{uri=/attractions, connection=PooledConnection{channel=[id: 0x1694d70f, L:/127.0.0.1:50610 - R:localhost/127.0.0.1:8083]}}, [disconnecting])
10:13:39.795 [reactor-http-nio-4] DEBUG reactor.netty.resources.PooledConnectionProvider - [id: 0x1694d70f, L:/127.0.0.1:50610 - R:localhost/127.0.0.1:8083] Releasing channel
10:13:39.795 [reactor-http-nio-4] DEBUG reactor.netty.resources.PooledConnectionProvider - [id: 0x1694d70f, L:/127.0.0.1:50610 - R:localhost/127.0.0.1:8083] Channel cleaned, now 21 active connections and 71 inactive connections
10:13:39.796 [reactor-http-nio-1] DEBUG reactor.netty.http.client.HttpClientOperations - [id: 0xec1f4ce8, L:/127.0.0.1:50641 - R:localhost/127.0.0.1:8083] Received response (auto-read:false) : [Content-Type=application/json, Transfer-Encoding=chunked, Date=Tue, 07 Jun 2022 09:13:39 GMT]
10:13:39.797 [reactor-http-nio-1] DEBUG reactor.netty.resources.PooledConnectionProvider - [id: 0xec1f4ce8, L:/127.0.0.1:50641 - R:localhost/127.0.0.1:8083] onStateChange(GET{uri=/attractions, connection=PooledConnection{channel=[id: 0xec1f4ce8, L:/127.0.0.1:50641 - R:localhost/127.0.0.1:8083]}}, [response_received])
10:13:39.797 [reactor-http-nio-1] DEBUG org.springframework.web.reactive.function.client.ExchangeFunctions - [3f43d637] Response 200 OK
10:13:39.797 [reactor-http-nio-1] DEBUG reactor.netty.channel.FluxReceive - [id: 0xec1f4ce8, L:/127.0.0.1:50641 - R:localhost/127.0.0.1:8083] Subscribing inbound receiver [pending: 0, cancelled:false, inboundDone: false]
10:13:39.797 [reactor-http-nio-1] DEBUG reactor.netty.http.client.HttpClientOperations - [id: 0xec1f4ce8, L:/127.0.0.1:50641 - R:localhost/127.0.0.1:8083] Received last HTTP packet
10:13:39.798 [reactor-http-nio-1] DEBUG org.springframework.core.codec.StringDecoder - [3f43d637] Decoded "[{"longitude":-117.922008,"latitude":33.817595,"attractionName":"Disneyland","city":"Anaheim","stat (truncated)...
10:13:39.798 [reactor-http-nio-1] DEBUG reactor.netty.resources.PooledConnectionProvider - [id: 0xec1f4ce8, L:/127.0.0.1:50641 - R:localhost/127.0.0.1:8083] onStateChange(GET{uri=/attractions, connection=PooledConnection{channel=[id: 0xec1f4ce8, L:/127.0.0.1:50641 - R:localhost/127.0.0.1:8083]}}, [disconnecting])
10:13:39.798 [reactor-http-nio-1] DEBUG reactor.netty.resources.PooledConnectionProvider - [id: 0xec1f4ce8, L:/127.0.0.1:50641 - R:localhost/127.0.0.1:8083] Releasing channel
10:13:39.798 [reactor-http-nio-1] DEBUG reactor.netty.resources.PooledConnectionProvider - [id: 0xec1f4ce8, L:/127.0.0.1:50641 - R:localhost/127.0.0.1:8083] Channel cleaned, now 20 active connections and 72 inactive connections
10:13:39.798 [reactor-http-nio-2] DEBUG reactor.netty.http.client.HttpClientOperations - [id: 0xd70c172e, L:/127.0.0.1:50612 - R:localhost/127.0.0.1:8083] Received response (auto-read:false) : [Content-Type=application/json, Transfer-Encoding=chunked, Date=Tue, 07 Jun 2022 09:13:39 GMT]
10:13:39.798 [reactor-http-nio-2] DEBUG reactor.netty.resources.PooledConnectionProvider - [id: 0xd70c172e, L:/127.0.0.1:50612 - R:localhost/127.0.0.1:8083] onStateChange(GET{uri=/userLocation?userId=7f76991c-b973-4ed4-95d7-dc4bc47210fc, connection=PooledConnection{channel=[id: 0xd70c172e, L:/127.0.0.1:50612 - R:localhost/127.0.0.1:8083]}}, [response_received])
10:13:39.799 [reactor-http-nio-2] DEBUG org.springframework.web.reactive.function.client.ExchangeFunctions - [7aaf9bd1] Response 200 OK
10:13:39.799 [reactor-http-nio-2] DEBUG reactor.netty.channel.FluxReceive - [id: 0xd70c172e, L:/127.0.0.1:50612 - R:localhost/127.0.0.1:8083] Subscribing inbound receiver [pending: 0, cancelled:false, inboundDone: false]
10:13:39.799 [reactor-http-nio-2] DEBUG reactor.netty.http.client.HttpClientOperations - [id: 0xd70c172e, L:/127.0.0.1:50612 - R:localhost/127.0.0.1:8083] Received last HTTP packet
10:13:39.799 [reactor-http-nio-2] DEBUG org.springframework.core.codec.StringDecoder - [7aaf9bd1] Decoded "{"userId":"7f76991c-b973-4ed4-95d7-dc4bc47210fc","location":{"longitude":48.888413,"latitude":58.77 (truncated)...
10:13:39.800 [reactor-http-nio-2] DEBUG reactor.netty.resources.PooledConnectionProvider - [id: 0xd70c172e, L:/127.0.0.1:50612 - R:localhost/127.0.0.1:8083] onStateChange(GET{uri=/userLocation?userId=7f76991c-b973-4ed4-95d7-dc4bc47210fc, connection=PooledConnection{channel=[id: 0xd70c172e, L:/127.0.0.1:50612 - R:localhost/127.0.0.1:8083]}}, [disconnecting])
10:13:39.800 [reactor-http-nio-2] DEBUG reactor.netty.resources.PooledConnectionProvider - [id: 0xd70c172e, L:/127.0.0.1:50612 - R:localhost/127.0.0.1:8083] Releasing channel
10:13:39.800 [reactor-http-nio-2] DEBUG reactor.netty.resources.PooledConnectionProvider - [id: 0xd70c172e, L:/127.0.0.1:50612 - R:localhost/127.0.0.1:8083] Channel cleaned, now 19 active connections and 73 inactive connections
10:13:39.800 [reactor-http-nio-3] DEBUG org.springframework.core.codec.StringDecoder - [327870f] Decoded "[{"longitude":-117.922008,"latitude":33.817595,"attractionName":"Disneyland","city":"Anaheim","stat (truncated)...
10:13:39.800 [reactor-http-nio-3] DEBUG reactor.netty.resources.PooledConnectionProvider - [id: 0x066048e0, L:/127.0.0.1:50650 - R:localhost/127.0.0.1:8083] onStateChange(GET{uri=/attractions, connection=PooledConnection{channel=[id: 0x066048e0, L:/127.0.0.1:50650 - R:localhost/127.0.0.1:8083]}}, [disconnecting])
10:13:39.800 [reactor-http-nio-3] DEBUG reactor.netty.resources.PooledConnectionProvider - [id: 0x066048e0, L:/127.0.0.1:50650 - R:localhost/127.0.0.1:8083] Releasing channel
10:13:39.800 [reactor-http-nio-2] DEBUG reactor.netty.http.client.HttpClientOperations - [id: 0x49dcd8d7, L:/127.0.0.1:50622 - R:localhost/127.0.0.1:8083] Received response (auto-read:false) : [Content-Type=application/json, Transfer-Encoding=chunked, Date=Tue, 07 Jun 2022 09:13:38 GMT]
10:13:39.800 [reactor-http-nio-3] DEBUG reactor.netty.resources.PooledConnectionProvider - [id: 0x066048e0, L:/127.0.0.1:50650 - R:localhost/127.0.0.1:8083] Channel cleaned, now 18 active connections and 74 inactive connections
10:13:39.802 [reactor-http-nio-1] DEBUG reactor.netty.http.client.HttpClientOperations - [id: 0xb12e3ff3, L:/127.0.0.1:50644 - R:localhost/127.0.0.1:8083] Received response (auto-read:false) : [Content-Type=application/json, Transfer-Encoding=chunked, Date=Tue, 07 Jun 2022 09:13:39 GMT]
10:13:39.802 [reactor-http-nio-1] DEBUG reactor.netty.resources.PooledConnectionProvider - [id: 0xb12e3ff3, L:/127.0.0.1:50644 - R:localhost/127.0.0.1:8083] onStateChange(GET{uri=/attractions, connection=PooledConnection{channel=[id: 0xb12e3ff3, L:/127.0.0.1:50644 - R:localhost/127.0.0.1:8083]}}, [response_received])
10:13:39.802 [reactor-http-nio-1] DEBUG org.springframework.web.reactive.function.client.ExchangeFunctions - [5bb759db] Response 200 OK
10:13:39.802 [reactor-http-nio-1] DEBUG reactor.netty.channel.FluxReceive - [id: 0xb12e3ff3, L:/127.0.0.1:50644 - R:localhost/127.0.0.1:8083] Subscribing inbound receiver [pending: 0, cancelled:false, inboundDone: false]
10:13:39.803 [reactor-http-nio-1] DEBUG reactor.netty.http.client.HttpClientOperations - [id: 0xb12e3ff3, L:/127.0.0.1:50644 - R:localhost/127.0.0.1:8083] Received last HTTP packet
10:13:39.803 [reactor-http-nio-1] DEBUG org.springframework.core.codec.StringDecoder - [5bb759db] Decoded "[{"longitude":-117.922008,"latitude":33.817595,"attractionName":"Disneyland","city":"Anaheim","stat (truncated)...
10:13:39.804 [reactor-http-nio-1] DEBUG reactor.netty.resources.PooledConnectionProvider - [id: 0xb12e3ff3, L:/127.0.0.1:50644 - R:localhost/127.0.0.1:8083] onStateChange(GET{uri=/attractions, connection=PooledConnection{channel=[id: 0xb12e3ff3, L:/127.0.0.1:50644 - R:localhost/127.0.0.1:8083]}}, [disconnecting])
10:13:39.804 [reactor-http-nio-1] DEBUG reactor.netty.resources.PooledConnectionProvider - [id: 0xb12e3ff3, L:/127.0.0.1:50644 - R:localhost/127.0.0.1:8083] Releasing channel
10:13:39.804 [reactor-http-nio-1] DEBUG reactor.netty.resources.PooledConnectionProvider - [id: 0xb12e3ff3, L:/127.0.0.1:50644 - R:localhost/127.0.0.1:8083] Channel cleaned, now 17 active connections and 75 inactive connections
10:13:39.800 [reactor-http-nio-2] DEBUG reactor.netty.resources.PooledConnectionProvider - [id: 0x49dcd8d7, L:/127.0.0.1:50622 - R:localhost/127.0.0.1:8083] onStateChange(GET{uri=/attractions, connection=PooledConnection{channel=[id: 0x49dcd8d7, L:/127.0.0.1:50622 - R:localhost/127.0.0.1:8083]}}, [response_received])
10:13:39.806 [pool-4-thread-33] DEBUG org.springframework.web.reactive.function.client.ExchangeFunctions - [74687af4] HTTP GET http://localhost:8083/attractions
10:13:39.806 [reactor-http-nio-2] DEBUG org.springframework.web.reactive.function.client.ExchangeFunctions - [1bcc23e0] Response 200 OK
10:13:39.806 [reactor-http-nio-2] DEBUG reactor.netty.channel.FluxReceive - [id: 0x49dcd8d7, L:/127.0.0.1:50622 - R:localhost/127.0.0.1:8083] Subscribing inbound receiver [pending: 0, cancelled:false, inboundDone: false]
10:13:39.807 [reactor-http-nio-2] DEBUG reactor.netty.http.client.HttpClientOperations - [id: 0x49dcd8d7, L:/127.0.0.1:50622 - R:localhost/127.0.0.1:8083] Received last HTTP packet
10:13:39.807 [reactor-http-nio-2] DEBUG org.springframework.core.codec.StringDecoder - [1bcc23e0] Decoded "[{"longitude":-117.922008,"latitude":33.817595,"attractionName":"Disneyland","city":"Anaheim","stat (truncated)...
10:13:39.807 [reactor-http-nio-2] DEBUG reactor.netty.resources.PooledConnectionProvider - [id: 0x49dcd8d7, L:/127.0.0.1:50622 - R:localhost/127.0.0.1:8083] onStateChange(GET{uri=/attractions, connection=PooledConnection{channel=[id: 0x49dcd8d7, L:/127.0.0.1:50622 - R:localhost/127.0.0.1:8083]}}, [disconnecting])
10:13:39.807 [reactor-http-nio-2] DEBUG reactor.netty.resources.PooledConnectionProvider - [id: 0x49dcd8d7, L:/127.0.0.1:50622 - R:localhost/127.0.0.1:8083] Releasing channel
10:13:39.807 [reactor-http-nio-2] DEBUG reactor.netty.resources.PooledConnectionProvider - [id: 0x49dcd8d7, L:/127.0.0.1:50622 - R:localhost/127.0.0.1:8083] Channel cleaned, now 16 active connections and 76 inactive connections
10:13:39.808 [reactor-http-nio-2] DEBUG reactor.netty.http.client.HttpClientOperations - [id: 0xaea19dad, L:/127.0.0.1:50624 - R:localhost/127.0.0.1:8083] Received response (auto-read:false) : [Content-Type=application/json, Transfer-Encoding=chunked, Date=Tue, 07 Jun 2022 09:13:39 GMT]
10:13:39.808 [reactor-http-nio-2] DEBUG reactor.netty.resources.PooledConnectionProvider - [id: 0xaea19dad, L:/127.0.0.1:50624 - R:localhost/127.0.0.1:8083] onStateChange(GET{uri=/userLocation?userId=766fc440-23b0-466b-bbc9-7fa5692df024, connection=PooledConnection{channel=[id: 0xaea19dad, L:/127.0.0.1:50624 - R:localhost/127.0.0.1:8083]}}, [response_received])
10:13:39.808 [reactor-http-nio-2] DEBUG org.springframework.web.reactive.function.client.ExchangeFunctions - [5f5d9206] Response 200 OK
10:13:39.808 [reactor-http-nio-2] DEBUG reactor.netty.channel.FluxReceive - [id: 0xaea19dad, L:/127.0.0.1:50624 - R:localhost/127.0.0.1:8083] Subscribing inbound receiver [pending: 0, cancelled:false, inboundDone: false]
10:13:39.808 [reactor-http-nio-2] DEBUG reactor.netty.http.client.HttpClientOperations - [id: 0xaea19dad, L:/127.0.0.1:50624 - R:localhost/127.0.0.1:8083] Received last HTTP packet
10:13:39.808 [reactor-http-nio-2] DEBUG org.springframework.core.codec.StringDecoder - [5f5d9206] Decoded "{"userId":"766fc440-23b0-466b-bbc9-7fa5692df024","location":{"longitude":147.759616,"latitude":-30. (truncated)...
10:13:39.808 [reactor-http-nio-2] DEBUG reactor.netty.resources.PooledConnectionProvider - [id: 0xaea19dad, L:/127.0.0.1:50624 - R:localhost/127.0.0.1:8083] onStateChange(GET{uri=/userLocation?userId=766fc440-23b0-466b-bbc9-7fa5692df024, connection=PooledConnection{channel=[id: 0xaea19dad, L:/127.0.0.1:50624 - R:localhost/127.0.0.1:8083]}}, [disconnecting])
10:13:39.808 [reactor-http-nio-2] DEBUG reactor.netty.resources.PooledConnectionProvider - [id: 0xaea19dad, L:/127.0.0.1:50624 - R:localhost/127.0.0.1:8083] Releasing channel
10:13:39.808 [reactor-http-nio-2] DEBUG reactor.netty.resources.PooledConnectionProvider - [id: 0xaea19dad, L:/127.0.0.1:50624 - R:localhost/127.0.0.1:8083] Channel cleaned, now 15 active connections and 77 inactive connections
10:13:39.809 [reactor-http-nio-2] DEBUG reactor.netty.http.client.HttpClientOperations - [id: 0xaed570cd, L:/127.0.0.1:50659 - R:localhost/127.0.0.1:8083] Received response (auto-read:false) : [Content-Type=application/json, Transfer-Encoding=chunked, Date=Tue, 07 Jun 2022 09:13:39 GMT]
10:13:39.809 [reactor-http-nio-2] DEBUG reactor.netty.resources.PooledConnectionProvider - [id: 0xaed570cd, L:/127.0.0.1:50659 - R:localhost/127.0.0.1:8083] onStateChange(GET{uri=/userLocation?userId=bedd92a8-2a89-46f4-8fc9-d97fc6aaacd1, connection=PooledConnection{channel=[id: 0xaed570cd, L:/127.0.0.1:50659 - R:localhost/127.0.0.1:8083]}}, [response_received])
10:13:39.809 [reactor-http-nio-2] DEBUG org.springframework.web.reactive.function.client.ExchangeFunctions - [5651a738] Response 200 OK
10:13:39.809 [reactor-http-nio-2] DEBUG reactor.netty.channel.FluxReceive - [id: 0xaed570cd, L:/127.0.0.1:50659 - R:localhost/127.0.0.1:8083] Subscribing inbound receiver [pending: 0, cancelled:false, inboundDone: false]
10:13:39.810 [reactor-http-nio-2] DEBUG reactor.netty.http.client.HttpClientOperations - [id: 0xaed570cd, L:/127.0.0.1:50659 - R:localhost/127.0.0.1:8083] Received last HTTP packet
10:13:39.810 [reactor-http-nio-2] DEBUG org.springframework.core.codec.StringDecoder - [5651a738] Decoded "{"userId":"bedd92a8-2a89-46f4-8fc9-d97fc6aaacd1","location":{"longitude":164.714756,"latitude":-52. (truncated)...
10:13:39.810 [reactor-http-nio-2] DEBUG reactor.netty.resources.PooledConnectionProvider - [id: 0xaed570cd, L:/127.0.0.1:50659 - R:localhost/127.0.0.1:8083] onStateChange(GET{uri=/userLocation?userId=bedd92a8-2a89-46f4-8fc9-d97fc6aaacd1, connection=PooledConnection{channel=[id: 0xaed570cd, L:/127.0.0.1:50659 - R:localhost/127.0.0.1:8083]}}, [disconnecting])
10:13:39.810 [reactor-http-nio-2] DEBUG reactor.netty.resources.PooledConnectionProvider - [id: 0xaed570cd, L:/127.0.0.1:50659 - R:localhost/127.0.0.1:8083] Releasing channel
10:13:39.810 [reactor-http-nio-2] DEBUG reactor.netty.resources.PooledConnectionProvider - [id: 0xaed570cd, L:/127.0.0.1:50659 - R:localhost/127.0.0.1:8083] Channel cleaned, now 14 active connections and 78 inactive connections
10:13:39.810 [reactor-http-nio-2] DEBUG reactor.netty.http.client.HttpClientOperations - [id: 0xa135700d, L:/127.0.0.1:50660 - R:localhost/127.0.0.1:8083] Received response (auto-read:false) : [Content-Type=application/json, Transfer-Encoding=chunked, Date=Tue, 07 Jun 2022 09:13:39 GMT]
10:13:39.810 [reactor-http-nio-2] DEBUG reactor.netty.resources.PooledConnectionProvider - [id: 0xa135700d, L:/127.0.0.1:50660 - R:localhost/127.0.0.1:8083] onStateChange(GET{uri=/userLocation?userId=42cd22ee-5d25-4154-86bc-6a33c758406f, connection=PooledConnection{channel=[id: 0xa135700d, L:/127.0.0.1:50660 - R:localhost/127.0.0.1:8083]}}, [response_received])
10:13:39.810 [reactor-http-nio-2] DEBUG org.springframework.web.reactive.function.client.ExchangeFunctions - [294a4ec5] Response 200 OK
10:13:39.811 [reactor-http-nio-2] DEBUG reactor.netty.channel.FluxReceive - [id: 0xa135700d, L:/127.0.0.1:50660 - R:localhost/127.0.0.1:8083] Subscribing inbound receiver [pending: 0, cancelled:false, inboundDone: false]
10:13:39.811 [reactor-http-nio-2] DEBUG reactor.netty.http.client.HttpClientOperations - [id: 0xa135700d, L:/127.0.0.1:50660 - R:localhost/127.0.0.1:8083] Received last HTTP packet
10:13:39.811 [reactor-http-nio-2] DEBUG org.springframework.core.codec.StringDecoder - [294a4ec5] Decoded "{"userId":"42cd22ee-5d25-4154-86bc-6a33c758406f","location":{"longitude":30.714345,"latitude":56.52 (truncated)...
10:13:39.811 [reactor-http-nio-2] DEBUG reactor.netty.resources.PooledConnectionProvider - [id: 0xa135700d, L:/127.0.0.1:50660 - R:localhost/127.0.0.1:8083] onStateChange(GET{uri=/userLocation?userId=42cd22ee-5d25-4154-86bc-6a33c758406f, connection=PooledConnection{channel=[id: 0xa135700d, L:/127.0.0.1:50660 - R:localhost/127.0.0.1:8083]}}, [disconnecting])
10:13:39.811 [reactor-http-nio-2] DEBUG reactor.netty.resources.PooledConnectionProvider - [id: 0xa135700d, L:/127.0.0.1:50660 - R:localhost/127.0.0.1:8083] Releasing channel
10:13:39.811 [reactor-http-nio-2] DEBUG reactor.netty.resources.PooledConnectionProvider - [id: 0xa135700d, L:/127.0.0.1:50660 - R:localhost/127.0.0.1:8083] Channel cleaned, now 13 active connections and 79 inactive connections
10:13:39.811 [reactor-http-nio-2] DEBUG reactor.netty.http.client.HttpClientOperations - [id: 0x6e22cddb, L:/127.0.0.1:50661 - R:localhost/127.0.0.1:8083] Received response (auto-read:false) : [Content-Type=application/json, Transfer-Encoding=chunked, Date=Tue, 07 Jun 2022 09:13:39 GMT]
10:13:39.811 [reactor-http-nio-2] DEBUG reactor.netty.resources.PooledConnectionProvider - [id: 0x6e22cddb, L:/127.0.0.1:50661 - R:localhost/127.0.0.1:8083] onStateChange(GET{uri=/userLocation?userId=de147d6d-3a03-45b7-a3bd-82a4ade78756, connection=PooledConnection{channel=[id: 0x6e22cddb, L:/127.0.0.1:50661 - R:localhost/127.0.0.1:8083]}}, [response_received])
10:13:39.812 [reactor-http-nio-2] DEBUG org.springframework.web.reactive.function.client.ExchangeFunctions - [11e7745b] Response 200 OK
10:13:39.812 [reactor-http-nio-2] DEBUG reactor.netty.channel.FluxReceive - [id: 0x6e22cddb, L:/127.0.0.1:50661 - R:localhost/127.0.0.1:8083] Subscribing inbound receiver [pending: 0, cancelled:false, inboundDone: false]
10:13:39.812 [reactor-http-nio-2] DEBUG reactor.netty.http.client.HttpClientOperations - [id: 0x6e22cddb, L:/127.0.0.1:50661 - R:localhost/127.0.0.1:8083] Received last HTTP packet
10:13:39.817 [pool-4-thread-94] DEBUG org.springframework.web.reactive.function.client.ExchangeFunctions - [519a779d] HTTP GET http://localhost:8083/attractions
10:13:39.818 [reactor-http-nio-4] DEBUG reactor.netty.resources.PooledConnectionProvider - [id: 0xfedf6624, L:/127.0.0.1:50635 - R:localhost/127.0.0.1:8083] Channel acquired, now 14 active connections and 78 inactive connections
10:13:39.818 [reactor-http-nio-4] DEBUG reactor.netty.http.client.HttpClientConnect - [id: 0xfedf6624, L:/127.0.0.1:50635 - R:localhost/127.0.0.1:8083] Handler is being applied: {uri=http://localhost:8083/attractions, method=GET}
10:13:39.819 [reactor-http-nio-4] DEBUG reactor.netty.resources.PooledConnectionProvider - [id: 0xfedf6624, L:/127.0.0.1:50635 - R:localhost/127.0.0.1:8083] onStateChange(GET{uri=/attractions, connection=PooledConnection{channel=[id: 0xfedf6624, L:/127.0.0.1:50635 - R:localhost/127.0.0.1:8083]}}, [request_sent])
10:13:39.819 [reactor-http-nio-2] DEBUG org.springframework.core.codec.StringDecoder - [11e7745b] Decoded "{"userId":"de147d6d-3a03-45b7-a3bd-82a4ade78756","location":{"longitude":3.959199,"latitude":45.490 (truncated)...
10:13:39.820 [reactor-http-nio-2] DEBUG reactor.netty.resources.PooledConnectionProvider - [id: 0x6e22cddb, L:/127.0.0.1:50661 - R:localhost/127.0.0.1:8083] onStateChange(GET{uri=/userLocation?userId=de147d6d-3a03-45b7-a3bd-82a4ade78756, connection=PooledConnection{channel=[id: 0x6e22cddb, L:/127.0.0.1:50661 - R:localhost/127.0.0.1:8083]}}, [disconnecting])
10:13:39.820 [reactor-http-nio-2] DEBUG reactor.netty.resources.PooledConnectionProvider - [id: 0x6e22cddb, L:/127.0.0.1:50661 - R:localhost/127.0.0.1:8083] Releasing channel
10:13:39.820 [reactor-http-nio-2] DEBUG reactor.netty.resources.PooledConnectionProvider - [id: 0x6e22cddb, L:/127.0.0.1:50661 - R:localhost/127.0.0.1:8083] Channel cleaned, now 13 active connections and 79 inactive connections
10:13:39.820 [reactor-http-nio-2] DEBUG reactor.netty.http.client.HttpClientOperations - [id: 0xcfabeeff, L:/127.0.0.1:50667 - R:localhost/127.0.0.1:8083] Received response (auto-read:false) : [Content-Type=application/json, Transfer-Encoding=chunked, Date=Tue, 07 Jun 2022 09:13:38 GMT]
10:13:39.820 [reactor-http-nio-2] DEBUG reactor.netty.resources.PooledConnectionProvider - [id: 0xcfabeeff, L:/127.0.0.1:50667 - R:localhost/127.0.0.1:8083] onStateChange(GET{uri=/attractions, connection=PooledConnection{channel=[id: 0xcfabeeff, L:/127.0.0.1:50667 - R:localhost/127.0.0.1:8083]}}, [response_received])
10:13:39.820 [reactor-http-nio-2] DEBUG org.springframework.web.reactive.function.client.ExchangeFunctions - [73607ecd] Response 200 OK
10:13:39.820 [reactor-http-nio-2] DEBUG reactor.netty.channel.FluxReceive - [id: 0xcfabeeff, L:/127.0.0.1:50667 - R:localhost/127.0.0.1:8083] Subscribing inbound receiver [pending: 0, cancelled:false, inboundDone: false]
10:13:39.821 [pool-4-thread-75] DEBUG org.springframework.web.reactive.function.client.ExchangeFunctions - [278da59c] HTTP GET http://localhost:8083/attractions
10:13:39.821 [reactor-http-nio-2] DEBUG reactor.netty.http.client.HttpClientOperations - [id: 0xcfabeeff, L:/127.0.0.1:50667 - R:localhost/127.0.0.1:8083] Received last HTTP packet
10:13:39.822 [reactor-http-nio-3] DEBUG reactor.netty.resources.PooledConnectionProvider - [id: 0x90a5bcc2, L:/127.0.0.1:50685 - R:localhost/127.0.0.1:8083] Channel acquired, now 14 active connections and 78 inactive connections
10:13:39.822 [reactor-http-nio-3] DEBUG reactor.netty.http.client.HttpClientConnect - [id: 0x90a5bcc2, L:/127.0.0.1:50685 - R:localhost/127.0.0.1:8083] Handler is being applied: {uri=http://localhost:8083/attractions, method=GET}
10:13:39.822 [reactor-http-nio-3] DEBUG reactor.netty.resources.PooledConnectionProvider - [id: 0x90a5bcc2, L:/127.0.0.1:50685 - R:localhost/127.0.0.1:8083] onStateChange(GET{uri=/attractions, connection=PooledConnection{channel=[id: 0x90a5bcc2, L:/127.0.0.1:50685 - R:localhost/127.0.0.1:8083]}}, [request_sent])
10:13:39.823 [pool-4-thread-72] DEBUG org.springframework.web.reactive.function.client.ExchangeFunctions - [58964382] HTTP GET http://localhost:8083/attractions
10:13:39.823 [reactor-http-nio-1] DEBUG reactor.netty.resources.PooledConnectionProvider - [id: 0x07b5f9ab, L:/127.0.0.1:50702 - R:localhost/127.0.0.1:8083] Channel acquired, now 15 active connections and 77 inactive connections
10:13:39.823 [reactor-http-nio-1] DEBUG reactor.netty.http.client.HttpClientConnect - [id: 0x07b5f9ab, L:/127.0.0.1:50702 - R:localhost/127.0.0.1:8083] Handler is being applied: {uri=http://localhost:8083/attractions, method=GET}
10:13:39.824 [reactor-http-nio-1] DEBUG reactor.netty.resources.PooledConnectionProvider - [id: 0x07b5f9ab, L:/127.0.0.1:50702 - R:localhost/127.0.0.1:8083] onStateChange(GET{uri=/attractions, connection=PooledConnection{channel=[id: 0x07b5f9ab, L:/127.0.0.1:50702 - R:localhost/127.0.0.1:8083]}}, [request_sent])
10:13:39.826 [reactor-http-nio-2] DEBUG org.springframework.core.codec.StringDecoder - [73607ecd] Decoded "[{"longitude":-117.922008,"latitude":33.817595,"attractionName":"Disneyland","city":"Anaheim","stat (truncated)...
10:13:39.826 [reactor-http-nio-2] DEBUG reactor.netty.resources.PooledConnectionProvider - [id: 0xcfabeeff, L:/127.0.0.1:50667 - R:localhost/127.0.0.1:8083] onStateChange(GET{uri=/attractions, connection=PooledConnection{channel=[id: 0xcfabeeff, L:/127.0.0.1:50667 - R:localhost/127.0.0.1:8083]}}, [disconnecting])
10:13:39.826 [reactor-http-nio-2] DEBUG reactor.netty.resources.PooledConnectionProvider - [id: 0xcfabeeff, L:/127.0.0.1:50667 - R:localhost/127.0.0.1:8083] Releasing channel
10:13:39.826 [reactor-http-nio-2] DEBUG reactor.netty.resources.PooledConnectionProvider - [id: 0xcfabeeff, L:/127.0.0.1:50667 - R:localhost/127.0.0.1:8083] Channel cleaned, now 14 active connections and 78 inactive connections
10:13:39.826 [pool-4-thread-82] DEBUG org.springframework.web.reactive.function.client.ExchangeFunctions - [1f209817] HTTP GET http://localhost:8083/attractions
10:13:39.826 [reactor-http-nio-2] DEBUG reactor.netty.http.client.HttpClientOperations - [id: 0x2d54db0e, L:/127.0.0.1:50668 - R:localhost/127.0.0.1:8083] Received response (auto-read:false) : [Content-Type=application/json, Transfer-Encoding=chunked, Date=Tue, 07 Jun 2022 09:13:39 GMT]
10:13:39.827 [reactor-http-nio-2] DEBUG reactor.netty.resources.PooledConnectionProvider - [id: 0x2d54db0e, L:/127.0.0.1:50668 - R:localhost/127.0.0.1:8083] onStateChange(GET{uri=/userLocation?userId=db116f68-3dbe-4174-894e-8f05e00fa30c, connection=PooledConnection{channel=[id: 0x2d54db0e, L:/127.0.0.1:50668 - R:localhost/127.0.0.1:8083]}}, [response_received])
10:13:39.827 [reactor-http-nio-2] DEBUG org.springframework.web.reactive.function.client.ExchangeFunctions - [65dfd82b] Response 200 OK
10:13:39.827 [reactor-http-nio-2] DEBUG reactor.netty.channel.FluxReceive - [id: 0x2d54db0e, L:/127.0.0.1:50668 - R:localhost/127.0.0.1:8083] Subscribing inbound receiver [pending: 0, cancelled:false, inboundDone: false]
10:13:39.827 [reactor-http-nio-2] DEBUG reactor.netty.http.client.HttpClientOperations - [id: 0x2d54db0e, L:/127.0.0.1:50668 - R:localhost/127.0.0.1:8083] Received last HTTP packet
10:13:39.827 [reactor-http-nio-2] DEBUG org.springframework.core.codec.StringDecoder - [65dfd82b] Decoded "{"userId":"db116f68-3dbe-4174-894e-8f05e00fa30c","location":{"longitude":170.567984,"latitude":23.4 (truncated)...
10:13:39.827 [reactor-http-nio-2] DEBUG reactor.netty.resources.PooledConnectionProvider - [id: 0x2d54db0e, L:/127.0.0.1:50668 - R:localhost/127.0.0.1:8083] onStateChange(GET{uri=/userLocation?userId=db116f68-3dbe-4174-894e-8f05e00fa30c, connection=PooledConnection{channel=[id: 0x2d54db0e, L:/127.0.0.1:50668 - R:localhost/127.0.0.1:8083]}}, [disconnecting])
10:13:39.827 [reactor-http-nio-2] DEBUG reactor.netty.resources.PooledConnectionProvider - [id: 0x2d54db0e, L:/127.0.0.1:50668 - R:localhost/127.0.0.1:8083] Releasing channel
10:13:39.827 [reactor-http-nio-2] DEBUG reactor.netty.resources.PooledConnectionProvider - [id: 0x2d54db0e, L:/127.0.0.1:50668 - R:localhost/127.0.0.1:8083] Channel cleaned, now 13 active connections and 79 inactive connections
10:13:39.828 [reactor-http-nio-4] DEBUG reactor.netty.resources.PooledConnectionProvider - [id: 0xce32d0ed, L:/127.0.0.1:50671 - R:localhost/127.0.0.1:8083] Channel acquired, now 14 active connections and 78 inactive connections
10:13:39.828 [reactor-http-nio-4] DEBUG reactor.netty.http.client.HttpClientConnect - [id: 0xce32d0ed, L:/127.0.0.1:50671 - R:localhost/127.0.0.1:8083] Handler is being applied: {uri=http://localhost:8083/attractions, method=GET}
10:13:39.828 [reactor-http-nio-2] DEBUG reactor.netty.resources.PooledConnectionProvider - [id: 0xa8057036, L:/127.0.0.1:50636 - R:localhost/127.0.0.1:8083] Channel acquired, now 15 active connections and 77 inactive connections
10:13:39.828 [reactor-http-nio-2] DEBUG reactor.netty.http.client.HttpClientConnect - [id: 0xa8057036, L:/127.0.0.1:50636 - R:localhost/127.0.0.1:8083] Handler is being applied: {uri=http://localhost:8083/attractions, method=GET}
10:13:39.828 [reactor-http-nio-4] DEBUG reactor.netty.resources.PooledConnectionProvider - [id: 0xce32d0ed, L:/127.0.0.1:50671 - R:localhost/127.0.0.1:8083] onStateChange(GET{uri=/attractions, connection=PooledConnection{channel=[id: 0xce32d0ed, L:/127.0.0.1:50671 - R:localhost/127.0.0.1:8083]}}, [request_sent])
10:13:39.829 [reactor-http-nio-2] DEBUG reactor.netty.resources.PooledConnectionProvider - [id: 0xa8057036, L:/127.0.0.1:50636 - R:localhost/127.0.0.1:8083] onStateChange(GET{uri=/attractions, connection=PooledConnection{channel=[id: 0xa8057036, L:/127.0.0.1:50636 - R:localhost/127.0.0.1:8083]}}, [request_sent])
10:13:39.830 [reactor-http-nio-2] DEBUG reactor.netty.http.client.HttpClientOperations - [id: 0xa0c2642f, L:/127.0.0.1:50614 - R:localhost/127.0.0.1:8083] Received response (auto-read:false) : [Content-Type=application/json, Transfer-Encoding=chunked, Date=Tue, 07 Jun 2022 09:13:39 GMT]
10:13:39.830 [reactor-http-nio-2] DEBUG reactor.netty.resources.PooledConnectionProvider - [id: 0xa0c2642f, L:/127.0.0.1:50614 - R:localhost/127.0.0.1:8083] onStateChange(GET{uri=/attractions, connection=PooledConnection{channel=[id: 0xa0c2642f, L:/127.0.0.1:50614 - R:localhost/127.0.0.1:8083]}}, [response_received])
10:13:39.830 [reactor-http-nio-2] DEBUG org.springframework.web.reactive.function.client.ExchangeFunctions - [21b7b996] Response 200 OK
10:13:39.830 [reactor-http-nio-2] DEBUG reactor.netty.channel.FluxReceive - [id: 0xa0c2642f, L:/127.0.0.1:50614 - R:localhost/127.0.0.1:8083] Subscribing inbound receiver [pending: 0, cancelled:false, inboundDone: false]
10:13:39.830 [reactor-http-nio-2] DEBUG reactor.netty.http.client.HttpClientOperations - [id: 0xa0c2642f, L:/127.0.0.1:50614 - R:localhost/127.0.0.1:8083] Received last HTTP packet
10:13:39.831 [reactor-http-nio-2] DEBUG org.springframework.core.codec.StringDecoder - [21b7b996] Decoded "[{"longitude":-117.922008,"latitude":33.817595,"attractionName":"Disneyland","city":"Anaheim","stat (truncated)...
10:13:39.832 [reactor-http-nio-2] DEBUG reactor.netty.resources.PooledConnectionProvider - [id: 0xa0c2642f, L:/127.0.0.1:50614 - R:localhost/127.0.0.1:8083] onStateChange(GET{uri=/attractions, connection=PooledConnection{channel=[id: 0xa0c2642f, L:/127.0.0.1:50614 - R:localhost/127.0.0.1:8083]}}, [disconnecting])
10:13:39.832 [reactor-http-nio-2] DEBUG reactor.netty.resources.PooledConnectionProvider - [id: 0xa0c2642f, L:/127.0.0.1:50614 - R:localhost/127.0.0.1:8083] Releasing channel
10:13:39.832 [reactor-http-nio-2] DEBUG reactor.netty.resources.PooledConnectionProvider - [id: 0xa0c2642f, L:/127.0.0.1:50614 - R:localhost/127.0.0.1:8083] Channel cleaned, now 14 active connections and 78 inactive connections
10:13:39.832 [reactor-http-nio-2] DEBUG reactor.netty.http.client.HttpClientOperations - [id: 0x011036a3, L:/127.0.0.1:50616 - R:localhost/127.0.0.1:8083] Received response (auto-read:false) : [Content-Type=application/json, Transfer-Encoding=chunked, Date=Tue, 07 Jun 2022 09:13:39 GMT]
10:13:39.832 [reactor-http-nio-2] DEBUG reactor.netty.resources.PooledConnectionProvider - [id: 0x011036a3, L:/127.0.0.1:50616 - R:localhost/127.0.0.1:8083] onStateChange(GET{uri=/attractions, connection=PooledConnection{channel=[id: 0x011036a3, L:/127.0.0.1:50616 - R:localhost/127.0.0.1:8083]}}, [response_received])
10:13:39.832 [reactor-http-nio-2] DEBUG org.springframework.web.reactive.function.client.ExchangeFunctions - [52b0d3ee] Response 200 OK
10:13:39.832 [pool-4-thread-53] DEBUG org.springframework.web.reactive.function.client.ExchangeFunctions - [6b183ae0] HTTP GET http://localhost:8083/attractions
10:13:39.833 [reactor-http-nio-1] DEBUG reactor.netty.resources.PooledConnectionProvider - [id: 0x895d9623, L:/127.0.0.1:50643 - R:localhost/127.0.0.1:8083] Channel acquired, now 15 active connections and 77 inactive connections
10:13:39.833 [reactor-http-nio-1] DEBUG reactor.netty.http.client.HttpClientConnect - [id: 0x895d9623, L:/127.0.0.1:50643 - R:localhost/127.0.0.1:8083] Handler is being applied: {uri=http://localhost:8083/attractions, method=GET}
10:13:39.834 [reactor-http-nio-1] DEBUG reactor.netty.resources.PooledConnectionProvider - [id: 0x895d9623, L:/127.0.0.1:50643 - R:localhost/127.0.0.1:8083] onStateChange(GET{uri=/attractions, connection=PooledConnection{channel=[id: 0x895d9623, L:/127.0.0.1:50643 - R:localhost/127.0.0.1:8083]}}, [request_sent])
10:13:39.835 [reactor-http-nio-2] DEBUG reactor.netty.channel.FluxReceive - [id: 0x011036a3, L:/127.0.0.1:50616 - R:localhost/127.0.0.1:8083] Subscribing inbound receiver [pending: 0, cancelled:false, inboundDone: false]
10:13:39.835 [reactor-http-nio-2] DEBUG reactor.netty.http.client.HttpClientOperations - [id: 0x011036a3, L:/127.0.0.1:50616 - R:localhost/127.0.0.1:8083] Received last HTTP packet
10:13:39.835 [reactor-http-nio-2] DEBUG org.springframework.core.codec.StringDecoder - [52b0d3ee] Decoded "[{"longitude":-117.922008,"latitude":33.817595,"attractionName":"Disneyland","city":"Anaheim","stat (truncated)...
10:13:39.835 [reactor-http-nio-2] DEBUG reactor.netty.resources.PooledConnectionProvider - [id: 0x011036a3, L:/127.0.0.1:50616 - R:localhost/127.0.0.1:8083] onStateChange(GET{uri=/attractions, connection=PooledConnection{channel=[id: 0x011036a3, L:/127.0.0.1:50616 - R:localhost/127.0.0.1:8083]}}, [disconnecting])
10:13:39.835 [reactor-http-nio-2] DEBUG reactor.netty.resources.PooledConnectionProvider - [id: 0x011036a3, L:/127.0.0.1:50616 - R:localhost/127.0.0.1:8083] Releasing channel
10:13:39.835 [reactor-http-nio-2] DEBUG reactor.netty.resources.PooledConnectionProvider - [id: 0x011036a3, L:/127.0.0.1:50616 - R:localhost/127.0.0.1:8083] Channel cleaned, now 14 active connections and 78 inactive connections
10:13:39.835 [reactor-http-nio-2] DEBUG reactor.netty.http.client.HttpClientOperations - [id: 0x7da5620d, L:/127.0.0.1:50618 - R:localhost/127.0.0.1:8083] Received response (auto-read:false) : [Content-Type=application/json, Transfer-Encoding=chunked, Date=Tue, 07 Jun 2022 09:13:39 GMT]
10:13:39.835 [reactor-http-nio-2] DEBUG reactor.netty.resources.PooledConnectionProvider - [id: 0x7da5620d, L:/127.0.0.1:50618 - R:localhost/127.0.0.1:8083] onStateChange(GET{uri=/attractions, connection=PooledConnection{channel=[id: 0x7da5620d, L:/127.0.0.1:50618 - R:localhost/127.0.0.1:8083]}}, [response_received])
10:13:39.835 [reactor-http-nio-2] DEBUG org.springframework.web.reactive.function.client.ExchangeFunctions - [50c99bf5] Response 200 OK
10:13:39.836 [reactor-http-nio-2] DEBUG reactor.netty.channel.FluxReceive - [id: 0x7da5620d, L:/127.0.0.1:50618 - R:localhost/127.0.0.1:8083] Subscribing inbound receiver [pending: 0, cancelled:false, inboundDone: false]
10:13:39.836 [reactor-http-nio-2] DEBUG reactor.netty.http.client.HttpClientOperations - [id: 0x7da5620d, L:/127.0.0.1:50618 - R:localhost/127.0.0.1:8083] Received last HTTP packet
10:13:39.837 [reactor-http-nio-2] DEBUG org.springframework.core.codec.StringDecoder - [50c99bf5] Decoded "[{"longitude":-117.922008,"latitude":33.817595,"attractionName":"Disneyland","city":"Anaheim","stat (truncated)...
10:13:39.837 [reactor-http-nio-2] DEBUG reactor.netty.resources.PooledConnectionProvider - [id: 0x7da5620d, L:/127.0.0.1:50618 - R:localhost/127.0.0.1:8083] onStateChange(GET{uri=/attractions, connection=PooledConnection{channel=[id: 0x7da5620d, L:/127.0.0.1:50618 - R:localhost/127.0.0.1:8083]}}, [disconnecting])
10:13:39.837 [reactor-http-nio-2] DEBUG reactor.netty.resources.PooledConnectionProvider - [id: 0x7da5620d, L:/127.0.0.1:50618 - R:localhost/127.0.0.1:8083] Releasing channel
10:13:39.837 [reactor-http-nio-2] DEBUG reactor.netty.resources.PooledConnectionProvider - [id: 0x7da5620d, L:/127.0.0.1:50618 - R:localhost/127.0.0.1:8083] Channel cleaned, now 13 active connections and 79 inactive connections
10:13:39.837 [reactor-http-nio-2] DEBUG reactor.netty.http.client.HttpClientOperations - [id: 0xf6a1e568, L:/127.0.0.1:50619 - R:localhost/127.0.0.1:8083] Received response (auto-read:false) : [Content-Type=application/json, Transfer-Encoding=chunked, Date=Tue, 07 Jun 2022 09:13:39 GMT]
10:13:39.837 [reactor-http-nio-2] DEBUG reactor.netty.resources.PooledConnectionProvider - [id: 0xf6a1e568, L:/127.0.0.1:50619 - R:localhost/127.0.0.1:8083] onStateChange(GET{uri=/attractions, connection=PooledConnection{channel=[id: 0xf6a1e568, L:/127.0.0.1:50619 - R:localhost/127.0.0.1:8083]}}, [response_received])
10:13:39.837 [reactor-http-nio-2] DEBUG org.springframework.web.reactive.function.client.ExchangeFunctions - [7ac4a099] Response 200 OK
10:13:39.838 [reactor-http-nio-4] DEBUG reactor.netty.http.client.HttpClientOperations - [id: 0xfedf6624, L:/127.0.0.1:50635 - R:localhost/127.0.0.1:8083] Received response (auto-read:false) : [Content-Type=application/json, Transfer-Encoding=chunked, Date=Tue, 07 Jun 2022 09:13:39 GMT]
10:13:39.838 [reactor-http-nio-4] DEBUG reactor.netty.resources.PooledConnectionProvider - [id: 0xfedf6624, L:/127.0.0.1:50635 - R:localhost/127.0.0.1:8083] onStateChange(GET{uri=/attractions, connection=PooledConnection{channel=[id: 0xfedf6624, L:/127.0.0.1:50635 - R:localhost/127.0.0.1:8083]}}, [response_received])
10:13:39.838 [reactor-http-nio-4] DEBUG org.springframework.web.reactive.function.client.ExchangeFunctions - [519a779d] Response 200 OK
10:13:39.838 [reactor-http-nio-4] DEBUG reactor.netty.channel.FluxReceive - [id: 0xfedf6624, L:/127.0.0.1:50635 - R:localhost/127.0.0.1:8083] Subscribing inbound receiver [pending: 0, cancelled:false, inboundDone: false]
10:13:39.839 [reactor-http-nio-4] DEBUG reactor.netty.http.client.HttpClientOperations - [id: 0xfedf6624, L:/127.0.0.1:50635 - R:localhost/127.0.0.1:8083] Received last HTTP packet
10:13:39.839 [reactor-http-nio-4] DEBUG org.springframework.core.codec.StringDecoder - [519a779d] Decoded "[{"longitude":-117.922008,"latitude":33.817595,"attractionName":"Disneyland","city":"Anaheim","stat (truncated)...
10:13:39.839 [reactor-http-nio-4] DEBUG reactor.netty.resources.PooledConnectionProvider - [id: 0xfedf6624, L:/127.0.0.1:50635 - R:localhost/127.0.0.1:8083] onStateChange(GET{uri=/attractions, connection=PooledConnection{channel=[id: 0xfedf6624, L:/127.0.0.1:50635 - R:localhost/127.0.0.1:8083]}}, [disconnecting])
10:13:39.840 [reactor-http-nio-4] DEBUG reactor.netty.resources.PooledConnectionProvider - [id: 0xfedf6624, L:/127.0.0.1:50635 - R:localhost/127.0.0.1:8083] Releasing channel
10:13:39.840 [reactor-http-nio-4] DEBUG reactor.netty.resources.PooledConnectionProvider - [id: 0xfedf6624, L:/127.0.0.1:50635 - R:localhost/127.0.0.1:8083] Channel cleaned, now 12 active connections and 80 inactive connections
10:13:39.843 [reactor-http-nio-3] DEBUG reactor.netty.http.client.HttpClientOperations - [id: 0x90a5bcc2, L:/127.0.0.1:50685 - R:localhost/127.0.0.1:8083] Received response (auto-read:false) : [Content-Type=application/json, Transfer-Encoding=chunked, Date=Tue, 07 Jun 2022 09:13:39 GMT]
10:13:39.843 [reactor-http-nio-3] DEBUG reactor.netty.resources.PooledConnectionProvider - [id: 0x90a5bcc2, L:/127.0.0.1:50685 - R:localhost/127.0.0.1:8083] onStateChange(GET{uri=/attractions, connection=PooledConnection{channel=[id: 0x90a5bcc2, L:/127.0.0.1:50685 - R:localhost/127.0.0.1:8083]}}, [response_received])
10:13:39.844 [reactor-http-nio-3] DEBUG org.springframework.web.reactive.function.client.ExchangeFunctions - [278da59c] Response 200 OK
10:13:39.844 [reactor-http-nio-3] DEBUG reactor.netty.channel.FluxReceive - [id: 0x90a5bcc2, L:/127.0.0.1:50685 - R:localhost/127.0.0.1:8083] Subscribing inbound receiver [pending: 0, cancelled:false, inboundDone: false]
10:13:39.845 [reactor-http-nio-3] DEBUG reactor.netty.http.client.HttpClientOperations - [id: 0x90a5bcc2, L:/127.0.0.1:50685 - R:localhost/127.0.0.1:8083] Received last HTTP packet
10:13:39.845 [reactor-http-nio-3] DEBUG org.springframework.core.codec.StringDecoder - [278da59c] Decoded "[{"longitude":-117.922008,"latitude":33.817595,"attractionName":"Disneyland","city":"Anaheim","stat (truncated)...
10:13:39.845 [reactor-http-nio-3] DEBUG reactor.netty.resources.PooledConnectionProvider - [id: 0x90a5bcc2, L:/127.0.0.1:50685 - R:localhost/127.0.0.1:8083] onStateChange(GET{uri=/attractions, connection=PooledConnection{channel=[id: 0x90a5bcc2, L:/127.0.0.1:50685 - R:localhost/127.0.0.1:8083]}}, [disconnecting])
10:13:39.845 [reactor-http-nio-3] DEBUG reactor.netty.resources.PooledConnectionProvider - [id: 0x90a5bcc2, L:/127.0.0.1:50685 - R:localhost/127.0.0.1:8083] Releasing channel
10:13:39.845 [reactor-http-nio-3] DEBUG reactor.netty.resources.PooledConnectionProvider - [id: 0x90a5bcc2, L:/127.0.0.1:50685 - R:localhost/127.0.0.1:8083] Channel cleaned, now 11 active connections and 81 inactive connections
10:13:39.847 [reactor-http-nio-1] DEBUG reactor.netty.http.client.HttpClientOperations - [id: 0x07b5f9ab, L:/127.0.0.1:50702 - R:localhost/127.0.0.1:8083] Received response (auto-read:false) : [Content-Type=application/json, Transfer-Encoding=chunked, Date=Tue, 07 Jun 2022 09:13:39 GMT]
10:13:39.847 [reactor-http-nio-1] DEBUG reactor.netty.resources.PooledConnectionProvider - [id: 0x07b5f9ab, L:/127.0.0.1:50702 - R:localhost/127.0.0.1:8083] onStateChange(GET{uri=/attractions, connection=PooledConnection{channel=[id: 0x07b5f9ab, L:/127.0.0.1:50702 - R:localhost/127.0.0.1:8083]}}, [response_received])
10:13:39.847 [reactor-http-nio-1] DEBUG org.springframework.web.reactive.function.client.ExchangeFunctions - [58964382] Response 200 OK
10:13:39.847 [reactor-http-nio-1] DEBUG reactor.netty.channel.FluxReceive - [id: 0x07b5f9ab, L:/127.0.0.1:50702 - R:localhost/127.0.0.1:8083] Subscribing inbound receiver [pending: 0, cancelled:false, inboundDone: false]
10:13:39.849 [reactor-http-nio-1] DEBUG reactor.netty.http.client.HttpClientOperations - [id: 0x07b5f9ab, L:/127.0.0.1:50702 - R:localhost/127.0.0.1:8083] Received last HTTP packet
10:13:39.849 [reactor-http-nio-1] DEBUG org.springframework.core.codec.StringDecoder - [58964382] Decoded "[{"longitude":-117.922008,"latitude":33.817595,"attractionName":"Disneyland","city":"Anaheim","stat (truncated)...
10:13:39.849 [reactor-http-nio-1] DEBUG reactor.netty.resources.PooledConnectionProvider - [id: 0x07b5f9ab, L:/127.0.0.1:50702 - R:localhost/127.0.0.1:8083] onStateChange(GET{uri=/attractions, connection=PooledConnection{channel=[id: 0x07b5f9ab, L:/127.0.0.1:50702 - R:localhost/127.0.0.1:8083]}}, [disconnecting])
10:13:39.849 [reactor-http-nio-1] DEBUG reactor.netty.resources.PooledConnectionProvider - [id: 0x07b5f9ab, L:/127.0.0.1:50702 - R:localhost/127.0.0.1:8083] Releasing channel
10:13:39.849 [reactor-http-nio-1] DEBUG reactor.netty.resources.PooledConnectionProvider - [id: 0x07b5f9ab, L:/127.0.0.1:50702 - R:localhost/127.0.0.1:8083] Channel cleaned, now 10 active connections and 82 inactive connections
10:13:39.852 [reactor-http-nio-1] DEBUG reactor.netty.http.client.HttpClientOperations - [id: 0x0a3705f4, L:/127.0.0.1:50699 - R:localhost/127.0.0.1:8083] Received response (auto-read:false) : [Content-Type=application/json, Transfer-Encoding=chunked, Date=Tue, 07 Jun 2022 09:13:39 GMT]
10:13:39.852 [reactor-http-nio-1] DEBUG reactor.netty.resources.PooledConnectionProvider - [id: 0x0a3705f4, L:/127.0.0.1:50699 - R:localhost/127.0.0.1:8083] onStateChange(GET{uri=/userLocation?userId=f39bec7c-db33-4abf-a27f-640dd305188c, connection=PooledConnection{channel=[id: 0x0a3705f4, L:/127.0.0.1:50699 - R:localhost/127.0.0.1:8083]}}, [response_received])
10:13:39.852 [reactor-http-nio-1] DEBUG org.springframework.web.reactive.function.client.ExchangeFunctions - [717a727b] Response 200 OK
10:13:39.852 [reactor-http-nio-1] DEBUG reactor.netty.channel.FluxReceive - [id: 0x0a3705f4, L:/127.0.0.1:50699 - R:localhost/127.0.0.1:8083] Subscribing inbound receiver [pending: 0, cancelled:false, inboundDone: false]
10:13:39.854 [reactor-http-nio-4] DEBUG reactor.netty.http.client.HttpClientOperations - [id: 0xce32d0ed, L:/127.0.0.1:50671 - R:localhost/127.0.0.1:8083] Received response (auto-read:false) : [Content-Type=application/json, Transfer-Encoding=chunked, Date=Tue, 07 Jun 2022 09:13:39 GMT]
10:13:39.854 [reactor-http-nio-4] DEBUG reactor.netty.resources.PooledConnectionProvider - [id: 0xce32d0ed, L:/127.0.0.1:50671 - R:localhost/127.0.0.1:8083] onStateChange(GET{uri=/attractions, connection=PooledConnection{channel=[id: 0xce32d0ed, L:/127.0.0.1:50671 - R:localhost/127.0.0.1:8083]}}, [response_received])
10:13:39.854 [reactor-http-nio-4] DEBUG org.springframework.web.reactive.function.client.ExchangeFunctions - [74687af4] Response 200 OK
10:13:39.854 [reactor-http-nio-4] DEBUG reactor.netty.channel.FluxReceive - [id: 0xce32d0ed, L:/127.0.0.1:50671 - R:localhost/127.0.0.1:8083] Subscribing inbound receiver [pending: 0, cancelled:false, inboundDone: false]
10:13:39.855 [reactor-http-nio-4] DEBUG reactor.netty.http.client.HttpClientOperations - [id: 0xce32d0ed, L:/127.0.0.1:50671 - R:localhost/127.0.0.1:8083] Received last HTTP packet
10:13:39.855 [reactor-http-nio-4] DEBUG org.springframework.core.codec.StringDecoder - [74687af4] Decoded "[{"longitude":-117.922008,"latitude":33.817595,"attractionName":"Disneyland","city":"Anaheim","stat (truncated)...
10:13:39.855 [reactor-http-nio-4] DEBUG reactor.netty.resources.PooledConnectionProvider - [id: 0xce32d0ed, L:/127.0.0.1:50671 - R:localhost/127.0.0.1:8083] onStateChange(GET{uri=/attractions, connection=PooledConnection{channel=[id: 0xce32d0ed, L:/127.0.0.1:50671 - R:localhost/127.0.0.1:8083]}}, [disconnecting])
10:13:39.855 [reactor-http-nio-4] DEBUG reactor.netty.resources.PooledConnectionProvider - [id: 0xce32d0ed, L:/127.0.0.1:50671 - R:localhost/127.0.0.1:8083] Releasing channel
10:13:39.855 [reactor-http-nio-4] DEBUG reactor.netty.resources.PooledConnectionProvider - [id: 0xce32d0ed, L:/127.0.0.1:50671 - R:localhost/127.0.0.1:8083] Channel cleaned, now 9 active connections and 83 inactive connections
10:13:39.856 [reactor-http-nio-1] DEBUG reactor.netty.http.client.HttpClientOperations - [id: 0x895d9623, L:/127.0.0.1:50643 - R:localhost/127.0.0.1:8083] Received response (auto-read:false) : [Content-Type=application/json, Transfer-Encoding=chunked, Date=Tue, 07 Jun 2022 09:13:39 GMT]
10:13:39.856 [reactor-http-nio-1] DEBUG reactor.netty.resources.PooledConnectionProvider - [id: 0x895d9623, L:/127.0.0.1:50643 - R:localhost/127.0.0.1:8083] onStateChange(GET{uri=/attractions, connection=PooledConnection{channel=[id: 0x895d9623, L:/127.0.0.1:50643 - R:localhost/127.0.0.1:8083]}}, [response_received])
10:13:39.856 [reactor-http-nio-1] DEBUG org.springframework.web.reactive.function.client.ExchangeFunctions - [6b183ae0] Response 200 OK
10:13:39.857 [reactor-http-nio-1] DEBUG reactor.netty.channel.FluxReceive - [id: 0x895d9623, L:/127.0.0.1:50643 - R:localhost/127.0.0.1:8083] Subscribing inbound receiver [pending: 0, cancelled:false, inboundDone: false]
10:13:39.857 [reactor-http-nio-1] DEBUG reactor.netty.http.client.HttpClientOperations - [id: 0x895d9623, L:/127.0.0.1:50643 - R:localhost/127.0.0.1:8083] Received last HTTP packet
10:13:39.857 [reactor-http-nio-1] DEBUG org.springframework.core.codec.StringDecoder - [6b183ae0] Decoded "[{"longitude":-117.922008,"latitude":33.817595,"attractionName":"Disneyland","city":"Anaheim","stat (truncated)...
10:13:39.858 [reactor-http-nio-1] DEBUG reactor.netty.resources.PooledConnectionProvider - [id: 0x895d9623, L:/127.0.0.1:50643 - R:localhost/127.0.0.1:8083] onStateChange(GET{uri=/attractions, connection=PooledConnection{channel=[id: 0x895d9623, L:/127.0.0.1:50643 - R:localhost/127.0.0.1:8083]}}, [disconnecting])
10:13:39.858 [reactor-http-nio-1] DEBUG reactor.netty.resources.PooledConnectionProvider - [id: 0x895d9623, L:/127.0.0.1:50643 - R:localhost/127.0.0.1:8083] Releasing channel
10:13:39.858 [reactor-http-nio-1] DEBUG reactor.netty.resources.PooledConnectionProvider - [id: 0x895d9623, L:/127.0.0.1:50643 - R:localhost/127.0.0.1:8083] Channel cleaned, now 8 active connections and 84 inactive connections
10:13:39.860 [reactor-http-nio-1] DEBUG reactor.netty.http.client.HttpClientOperations - [id: 0x0a3705f4, L:/127.0.0.1:50699 - R:localhost/127.0.0.1:8083] Received last HTTP packet
10:13:39.860 [reactor-http-nio-1] DEBUG org.springframework.core.codec.StringDecoder - [717a727b] Decoded "{"userId":"f39bec7c-db33-4abf-a27f-640dd305188c","location":{"longitude":-54.647551,"latitude":14.3 (truncated)...
10:13:39.860 [reactor-http-nio-1] DEBUG reactor.netty.resources.PooledConnectionProvider - [id: 0x0a3705f4, L:/127.0.0.1:50699 - R:localhost/127.0.0.1:8083] onStateChange(GET{uri=/userLocation?userId=f39bec7c-db33-4abf-a27f-640dd305188c, connection=PooledConnection{channel=[id: 0x0a3705f4, L:/127.0.0.1:50699 - R:localhost/127.0.0.1:8083]}}, [disconnecting])
10:13:39.860 [reactor-http-nio-1] DEBUG reactor.netty.resources.PooledConnectionProvider - [id: 0x0a3705f4, L:/127.0.0.1:50699 - R:localhost/127.0.0.1:8083] Releasing channel
10:13:39.860 [reactor-http-nio-1] DEBUG reactor.netty.resources.PooledConnectionProvider - [id: 0x0a3705f4, L:/127.0.0.1:50699 - R:localhost/127.0.0.1:8083] Channel cleaned, now 7 active connections and 85 inactive connections
10:13:39.862 [pool-6-thread-1] DEBUG org.springframework.web.reactive.function.client.ExchangeFunctions - [38ced831] HTTP GET http://localhost:8083/attractions
10:13:39.863 [reactor-http-nio-1] DEBUG reactor.netty.resources.PooledConnectionProvider - [id: 0x91102b11, L:/127.0.0.1:50646 - R:localhost/127.0.0.1:8083] Channel acquired, now 8 active connections and 84 inactive connections
10:13:39.863 [reactor-http-nio-1] DEBUG reactor.netty.http.client.HttpClientConnect - [id: 0x91102b11, L:/127.0.0.1:50646 - R:localhost/127.0.0.1:8083] Handler is being applied: {uri=http://localhost:8083/attractions, method=GET}
10:13:39.864 [reactor-http-nio-1] DEBUG reactor.netty.resources.PooledConnectionProvider - [id: 0x91102b11, L:/127.0.0.1:50646 - R:localhost/127.0.0.1:8083] onStateChange(GET{uri=/attractions, connection=PooledConnection{channel=[id: 0x91102b11, L:/127.0.0.1:50646 - R:localhost/127.0.0.1:8083]}}, [request_sent])
10:13:39.870 [reactor-http-nio-2] DEBUG reactor.netty.channel.FluxReceive - [id: 0xf6a1e568, L:/127.0.0.1:50619 - R:localhost/127.0.0.1:8083] Subscribing inbound receiver [pending: 0, cancelled:false, inboundDone: false]
10:13:39.871 [reactor-http-nio-2] DEBUG reactor.netty.http.client.HttpClientOperations - [id: 0xf6a1e568, L:/127.0.0.1:50619 - R:localhost/127.0.0.1:8083] Received last HTTP packet
10:13:39.871 [reactor-http-nio-2] DEBUG org.springframework.core.codec.StringDecoder - [7ac4a099] Decoded "[{"longitude":-117.922008,"latitude":33.817595,"attractionName":"Disneyland","city":"Anaheim","stat (truncated)...
10:13:39.872 [reactor-http-nio-2] DEBUG reactor.netty.resources.PooledConnectionProvider - [id: 0xf6a1e568, L:/127.0.0.1:50619 - R:localhost/127.0.0.1:8083] onStateChange(GET{uri=/attractions, connection=PooledConnection{channel=[id: 0xf6a1e568, L:/127.0.0.1:50619 - R:localhost/127.0.0.1:8083]}}, [disconnecting])
10:13:39.872 [reactor-http-nio-2] DEBUG reactor.netty.resources.PooledConnectionProvider - [id: 0xf6a1e568, L:/127.0.0.1:50619 - R:localhost/127.0.0.1:8083] Releasing channel
10:13:39.872 [reactor-http-nio-2] DEBUG reactor.netty.resources.PooledConnectionProvider - [id: 0xf6a1e568, L:/127.0.0.1:50619 - R:localhost/127.0.0.1:8083] Channel cleaned, now 7 active connections and 85 inactive connections
10:13:39.873 [reactor-http-nio-2] DEBUG reactor.netty.http.client.HttpClientOperations - [id: 0xfff007b6, L:/127.0.0.1:50626 - R:localhost/127.0.0.1:8083] Received response (auto-read:false) : [Content-Type=application/json, Transfer-Encoding=chunked, Date=Tue, 07 Jun 2022 09:13:39 GMT]
10:13:39.874 [reactor-http-nio-2] DEBUG reactor.netty.resources.PooledConnectionProvider - [id: 0xfff007b6, L:/127.0.0.1:50626 - R:localhost/127.0.0.1:8083] onStateChange(GET{uri=/attractions, connection=PooledConnection{channel=[id: 0xfff007b6, L:/127.0.0.1:50626 - R:localhost/127.0.0.1:8083]}}, [response_received])
10:13:39.874 [reactor-http-nio-2] DEBUG org.springframework.web.reactive.function.client.ExchangeFunctions - [11413af8] Response 200 OK
10:13:39.874 [reactor-http-nio-2] DEBUG reactor.netty.channel.FluxReceive - [id: 0xfff007b6, L:/127.0.0.1:50626 - R:localhost/127.0.0.1:8083] Subscribing inbound receiver [pending: 0, cancelled:false, inboundDone: false]
10:13:39.875 [reactor-http-nio-2] DEBUG reactor.netty.http.client.HttpClientOperations - [id: 0xfff007b6, L:/127.0.0.1:50626 - R:localhost/127.0.0.1:8083] Received last HTTP packet
10:13:39.875 [reactor-http-nio-2] DEBUG org.springframework.core.codec.StringDecoder - [11413af8] Decoded "[{"longitude":-117.922008,"latitude":33.817595,"attractionName":"Disneyland","city":"Anaheim","stat (truncated)...
10:13:39.875 [reactor-http-nio-2] DEBUG reactor.netty.resources.PooledConnectionProvider - [id: 0xfff007b6, L:/127.0.0.1:50626 - R:localhost/127.0.0.1:8083] onStateChange(GET{uri=/attractions, connection=PooledConnection{channel=[id: 0xfff007b6, L:/127.0.0.1:50626 - R:localhost/127.0.0.1:8083]}}, [disconnecting])
10:13:39.875 [reactor-http-nio-2] DEBUG reactor.netty.resources.PooledConnectionProvider - [id: 0xfff007b6, L:/127.0.0.1:50626 - R:localhost/127.0.0.1:8083] Releasing channel
10:13:39.876 [reactor-http-nio-2] DEBUG reactor.netty.resources.PooledConnectionProvider - [id: 0xfff007b6, L:/127.0.0.1:50626 - R:localhost/127.0.0.1:8083] Channel cleaned, now 6 active connections and 86 inactive connections
10:13:39.876 [reactor-http-nio-2] DEBUG reactor.netty.http.client.HttpClientOperations - [id: 0xcfb207a6, L:/127.0.0.1:50628 - R:localhost/127.0.0.1:8083] Received response (auto-read:false) : [Content-Type=application/json, Transfer-Encoding=chunked, Date=Tue, 07 Jun 2022 09:13:39 GMT]
10:13:39.877 [reactor-http-nio-2] DEBUG reactor.netty.resources.PooledConnectionProvider - [id: 0xcfb207a6, L:/127.0.0.1:50628 - R:localhost/127.0.0.1:8083] onStateChange(GET{uri=/attractions, connection=PooledConnection{channel=[id: 0xcfb207a6, L:/127.0.0.1:50628 - R:localhost/127.0.0.1:8083]}}, [response_received])
10:13:39.877 [reactor-http-nio-1] DEBUG reactor.netty.http.client.HttpClientOperations - [id: 0x91102b11, L:/127.0.0.1:50646 - R:localhost/127.0.0.1:8083] Received response (auto-read:false) : [Content-Type=application/json, Transfer-Encoding=chunked, Date=Tue, 07 Jun 2022 09:13:39 GMT]
10:13:39.877 [reactor-http-nio-1] DEBUG reactor.netty.resources.PooledConnectionProvider - [id: 0x91102b11, L:/127.0.0.1:50646 - R:localhost/127.0.0.1:8083] onStateChange(GET{uri=/attractions, connection=PooledConnection{channel=[id: 0x91102b11, L:/127.0.0.1:50646 - R:localhost/127.0.0.1:8083]}}, [response_received])
10:13:39.877 [reactor-http-nio-1] DEBUG org.springframework.web.reactive.function.client.ExchangeFunctions - [38ced831] Response 200 OK
10:13:39.878 [reactor-http-nio-1] DEBUG reactor.netty.channel.FluxReceive - [id: 0x91102b11, L:/127.0.0.1:50646 - R:localhost/127.0.0.1:8083] Subscribing inbound receiver [pending: 0, cancelled:false, inboundDone: false]
10:13:39.878 [reactor-http-nio-2] DEBUG org.springframework.web.reactive.function.client.ExchangeFunctions - [2bcd8820] Response 200 OK
10:13:39.878 [reactor-http-nio-1] DEBUG reactor.netty.http.client.HttpClientOperations - [id: 0x91102b11, L:/127.0.0.1:50646 - R:localhost/127.0.0.1:8083] Received last HTTP packet
10:13:39.878 [reactor-http-nio-1] DEBUG org.springframework.core.codec.StringDecoder - [38ced831] Decoded "[{"longitude":-117.922008,"latitude":33.817595,"attractionName":"Disneyland","city":"Anaheim","stat (truncated)...
10:13:39.878 [reactor-http-nio-1] DEBUG reactor.netty.resources.PooledConnectionProvider - [id: 0x91102b11, L:/127.0.0.1:50646 - R:localhost/127.0.0.1:8083] onStateChange(GET{uri=/attractions, connection=PooledConnection{channel=[id: 0x91102b11, L:/127.0.0.1:50646 - R:localhost/127.0.0.1:8083]}}, [disconnecting])
10:13:39.878 [reactor-http-nio-1] DEBUG reactor.netty.resources.PooledConnectionProvider - [id: 0x91102b11, L:/127.0.0.1:50646 - R:localhost/127.0.0.1:8083] Releasing channel
10:13:39.878 [reactor-http-nio-1] DEBUG reactor.netty.resources.PooledConnectionProvider - [id: 0x91102b11, L:/127.0.0.1:50646 - R:localhost/127.0.0.1:8083] Channel cleaned, now 5 active connections and 87 inactive connections
10:13:39.879 [reactor-http-nio-2] DEBUG reactor.netty.channel.FluxReceive - [id: 0xcfb207a6, L:/127.0.0.1:50628 - R:localhost/127.0.0.1:8083] Subscribing inbound receiver [pending: 0, cancelled:false, inboundDone: false]
10:13:39.880 [pool-6-thread-1] DEBUG org.springframework.web.reactive.function.client.ExchangeFunctions - [9d3c77e] HTTP GET http://localhost:8083/userLocation?userId=be31e814-c8bb-47b6-97f3-409b9dc274f5
10:13:39.880 [reactor-http-nio-2] DEBUG reactor.netty.http.client.HttpClientOperations - [id: 0xcfb207a6, L:/127.0.0.1:50628 - R:localhost/127.0.0.1:8083] Received last HTTP packet
10:13:39.880 [reactor-http-nio-2] DEBUG org.springframework.core.codec.StringDecoder - [2bcd8820] Decoded "[{"longitude":-117.922008,"latitude":33.817595,"attractionName":"Disneyland","city":"Anaheim","stat (truncated)...
10:13:39.881 [reactor-http-nio-2] DEBUG reactor.netty.resources.PooledConnectionProvider - [id: 0xcfb207a6, L:/127.0.0.1:50628 - R:localhost/127.0.0.1:8083] onStateChange(GET{uri=/attractions, connection=PooledConnection{channel=[id: 0xcfb207a6, L:/127.0.0.1:50628 - R:localhost/127.0.0.1:8083]}}, [disconnecting])
10:13:39.881 [reactor-http-nio-2] DEBUG reactor.netty.resources.PooledConnectionProvider - [id: 0xcfb207a6, L:/127.0.0.1:50628 - R:localhost/127.0.0.1:8083] Releasing channel
10:13:39.881 [reactor-http-nio-2] DEBUG reactor.netty.resources.PooledConnectionProvider - [id: 0xcfb207a6, L:/127.0.0.1:50628 - R:localhost/127.0.0.1:8083] Channel cleaned, now 4 active connections and 88 inactive connections
10:13:39.881 [reactor-http-nio-2] DEBUG reactor.netty.http.client.HttpClientOperations - [id: 0x10c31243, L:/127.0.0.1:50629 - R:localhost/127.0.0.1:8083] Received response (auto-read:false) : [Content-Type=application/json, Transfer-Encoding=chunked, Date=Tue, 07 Jun 2022 09:13:39 GMT]
10:13:39.882 [reactor-http-nio-2] DEBUG reactor.netty.resources.PooledConnectionProvider - [id: 0x10c31243, L:/127.0.0.1:50629 - R:localhost/127.0.0.1:8083] onStateChange(GET{uri=/attractions, connection=PooledConnection{channel=[id: 0x10c31243, L:/127.0.0.1:50629 - R:localhost/127.0.0.1:8083]}}, [response_received])
10:13:39.882 [reactor-http-nio-2] DEBUG org.springframework.web.reactive.function.client.ExchangeFunctions - [43aaa228] Response 200 OK
10:13:39.882 [reactor-http-nio-2] DEBUG reactor.netty.channel.FluxReceive - [id: 0x10c31243, L:/127.0.0.1:50629 - R:localhost/127.0.0.1:8083] Subscribing inbound receiver [pending: 0, cancelled:false, inboundDone: false]
10:13:39.882 [reactor-http-nio-2] DEBUG reactor.netty.http.client.HttpClientOperations - [id: 0x10c31243, L:/127.0.0.1:50629 - R:localhost/127.0.0.1:8083] Received last HTTP packet
10:13:39.883 [reactor-http-nio-2] DEBUG org.springframework.core.codec.StringDecoder - [43aaa228] Decoded "[{"longitude":-117.922008,"latitude":33.817595,"attractionName":"Disneyland","city":"Anaheim","stat (truncated)...
10:13:39.883 [reactor-http-nio-2] DEBUG reactor.netty.resources.PooledConnectionProvider - [id: 0x10c31243, L:/127.0.0.1:50629 - R:localhost/127.0.0.1:8083] onStateChange(GET{uri=/attractions, connection=PooledConnection{channel=[id: 0x10c31243, L:/127.0.0.1:50629 - R:localhost/127.0.0.1:8083]}}, [disconnecting])
10:13:39.883 [reactor-http-nio-2] DEBUG reactor.netty.resources.PooledConnectionProvider - [id: 0x10c31243, L:/127.0.0.1:50629 - R:localhost/127.0.0.1:8083] Releasing channel
10:13:39.883 [reactor-http-nio-2] DEBUG reactor.netty.resources.PooledConnectionProvider - [id: 0x10c31243, L:/127.0.0.1:50629 - R:localhost/127.0.0.1:8083] Channel cleaned, now 3 active connections and 89 inactive connections
10:13:39.884 [reactor-http-nio-2] DEBUG reactor.netty.http.client.HttpClientOperations - [id: 0x254a87ce, L:/127.0.0.1:50632 - R:localhost/127.0.0.1:8083] Received response (auto-read:false) : [Content-Type=application/json, Transfer-Encoding=chunked, Date=Tue, 07 Jun 2022 09:13:39 GMT]
10:13:39.884 [reactor-http-nio-2] DEBUG reactor.netty.resources.PooledConnectionProvider - [id: 0x254a87ce, L:/127.0.0.1:50632 - R:localhost/127.0.0.1:8083] onStateChange(GET{uri=/attractions, connection=PooledConnection{channel=[id: 0x254a87ce, L:/127.0.0.1:50632 - R:localhost/127.0.0.1:8083]}}, [response_received])
10:13:39.885 [reactor-http-nio-2] DEBUG org.springframework.web.reactive.function.client.ExchangeFunctions - [38f53319] Response 200 OK
10:13:39.885 [reactor-http-nio-2] DEBUG reactor.netty.channel.FluxReceive - [id: 0x254a87ce, L:/127.0.0.1:50632 - R:localhost/127.0.0.1:8083] Subscribing inbound receiver [pending: 0, cancelled:false, inboundDone: false]
10:13:39.885 [reactor-http-nio-2] DEBUG reactor.netty.http.client.HttpClientOperations - [id: 0x254a87ce, L:/127.0.0.1:50632 - R:localhost/127.0.0.1:8083] Received last HTTP packet
10:13:39.886 [reactor-http-nio-2] DEBUG org.springframework.core.codec.StringDecoder - [38f53319] Decoded "[{"longitude":-117.922008,"latitude":33.817595,"attractionName":"Disneyland","city":"Anaheim","stat (truncated)...
10:13:39.886 [reactor-http-nio-2] DEBUG reactor.netty.resources.PooledConnectionProvider - [id: 0x254a87ce, L:/127.0.0.1:50632 - R:localhost/127.0.0.1:8083] onStateChange(GET{uri=/attractions, connection=PooledConnection{channel=[id: 0x254a87ce, L:/127.0.0.1:50632 - R:localhost/127.0.0.1:8083]}}, [disconnecting])
10:13:39.886 [reactor-http-nio-2] DEBUG reactor.netty.resources.PooledConnectionProvider - [id: 0x254a87ce, L:/127.0.0.1:50632 - R:localhost/127.0.0.1:8083] Releasing channel
10:13:39.886 [reactor-http-nio-2] DEBUG reactor.netty.resources.PooledConnectionProvider - [id: 0x254a87ce, L:/127.0.0.1:50632 - R:localhost/127.0.0.1:8083] Channel cleaned, now 2 active connections and 90 inactive connections
10:13:39.887 [reactor-http-nio-2] DEBUG reactor.netty.http.client.HttpClientOperations - [id: 0xd51be2b9, L:/127.0.0.1:50634 - R:localhost/127.0.0.1:8083] Received response (auto-read:false) : [Content-Type=application/json, Transfer-Encoding=chunked, Date=Tue, 07 Jun 2022 09:13:39 GMT]
10:13:39.888 [reactor-http-nio-2] DEBUG reactor.netty.resources.PooledConnectionProvider - [id: 0xd51be2b9, L:/127.0.0.1:50634 - R:localhost/127.0.0.1:8083] onStateChange(GET{uri=/attractions, connection=PooledConnection{channel=[id: 0xd51be2b9, L:/127.0.0.1:50634 - R:localhost/127.0.0.1:8083]}}, [response_received])
10:13:39.888 [reactor-http-nio-2] DEBUG org.springframework.web.reactive.function.client.ExchangeFunctions - [3d59f403] Response 200 OK
10:13:39.888 [reactor-http-nio-2] DEBUG reactor.netty.channel.FluxReceive - [id: 0xd51be2b9, L:/127.0.0.1:50634 - R:localhost/127.0.0.1:8083] Subscribing inbound receiver [pending: 0, cancelled:false, inboundDone: false]
10:13:39.889 [reactor-http-nio-2] DEBUG reactor.netty.http.client.HttpClientOperations - [id: 0xd51be2b9, L:/127.0.0.1:50634 - R:localhost/127.0.0.1:8083] Received last HTTP packet
10:13:39.889 [reactor-http-nio-2] DEBUG org.springframework.core.codec.StringDecoder - [3d59f403] Decoded "[{"longitude":-117.922008,"latitude":33.817595,"attractionName":"Disneyland","city":"Anaheim","stat (truncated)...
10:13:39.889 [reactor-http-nio-2] DEBUG reactor.netty.resources.PooledConnectionProvider - [id: 0xd51be2b9, L:/127.0.0.1:50634 - R:localhost/127.0.0.1:8083] onStateChange(GET{uri=/attractions, connection=PooledConnection{channel=[id: 0xd51be2b9, L:/127.0.0.1:50634 - R:localhost/127.0.0.1:8083]}}, [disconnecting])
10:13:39.890 [reactor-http-nio-2] DEBUG reactor.netty.resources.PooledConnectionProvider - [id: 0xd51be2b9, L:/127.0.0.1:50634 - R:localhost/127.0.0.1:8083] Releasing channel
10:13:39.890 [reactor-http-nio-2] DEBUG reactor.netty.resources.PooledConnectionProvider - [id: 0xd51be2b9, L:/127.0.0.1:50634 - R:localhost/127.0.0.1:8083] Channel cleaned, now 1 active connections and 91 inactive connections
10:13:39.891 [reactor-http-nio-2] DEBUG reactor.netty.http.client.HttpClientOperations - [id: 0xa8057036, L:/127.0.0.1:50636 - R:localhost/127.0.0.1:8083] Received response (auto-read:false) : [Content-Type=application/json, Transfer-Encoding=chunked, Date=Tue, 07 Jun 2022 09:13:39 GMT]
10:13:39.892 [reactor-http-nio-2] DEBUG reactor.netty.resources.PooledConnectionProvider - [id: 0xa8057036, L:/127.0.0.1:50636 - R:localhost/127.0.0.1:8083] onStateChange(GET{uri=/attractions, connection=PooledConnection{channel=[id: 0xa8057036, L:/127.0.0.1:50636 - R:localhost/127.0.0.1:8083]}}, [response_received])
10:13:39.892 [reactor-http-nio-2] DEBUG org.springframework.web.reactive.function.client.ExchangeFunctions - [1f209817] Response 200 OK
10:13:39.892 [reactor-http-nio-2] DEBUG reactor.netty.channel.FluxReceive - [id: 0xa8057036, L:/127.0.0.1:50636 - R:localhost/127.0.0.1:8083] Subscribing inbound receiver [pending: 0, cancelled:false, inboundDone: false]
10:13:39.893 [reactor-http-nio-2] DEBUG reactor.netty.http.client.HttpClientOperations - [id: 0xa8057036, L:/127.0.0.1:50636 - R:localhost/127.0.0.1:8083] Received last HTTP packet
10:13:39.893 [reactor-http-nio-2] DEBUG org.springframework.core.codec.StringDecoder - [1f209817] Decoded "[{"longitude":-117.922008,"latitude":33.817595,"attractionName":"Disneyland","city":"Anaheim","stat (truncated)...
10:13:39.893 [reactor-http-nio-2] DEBUG reactor.netty.resources.PooledConnectionProvider - [id: 0xa8057036, L:/127.0.0.1:50636 - R:localhost/127.0.0.1:8083] onStateChange(GET{uri=/attractions, connection=PooledConnection{channel=[id: 0xa8057036, L:/127.0.0.1:50636 - R:localhost/127.0.0.1:8083]}}, [disconnecting])
10:13:39.893 [reactor-http-nio-2] DEBUG reactor.netty.resources.PooledConnectionProvider - [id: 0xa8057036, L:/127.0.0.1:50636 - R:localhost/127.0.0.1:8083] Releasing channel
10:13:39.894 [reactor-http-nio-2] DEBUG reactor.netty.resources.PooledConnectionProvider - [id: 0xa8057036, L:/127.0.0.1:50636 - R:localhost/127.0.0.1:8083] Channel cleaned, now 0 active connections and 92 inactive connections
highVolumeTrackLocation: Time Elapsed: 1 seconds.
10:13:39.894 [pool-6-thread-1] DEBUG org.springframework.web.reactive.function.client.ExchangeFunctions - [9d3c77e] Cancel signal (to close connection)
10:13:39.894 [Test worker] INFO tourGuide.service.TourGuideService - TestMode enabled
10:13:39.895 [Test worker] DEBUG tourGuide.service.TourGuideService - Initializing users
10:13:39.906 [reactor-http-nio-2] DEBUG reactor.netty.resources.PooledConnectionProvider - [id: 0x0cb37e86, L:/127.0.0.1:50638 - R:localhost/127.0.0.1:8083] Channel acquired, now 1 active connections and 91 inactive connections
10:13:39.906 [reactor-http-nio-2] DEBUG reactor.netty.http.client.HttpClientConnect - [id: 0x0cb37e86, L:/127.0.0.1:50638 - R:localhost/127.0.0.1:8083] Handler is being applied: {uri=http://localhost:8083/userLocation?userId=be31e814-c8bb-47b6-97f3-409b9dc274f5, method=GET}
10:13:39.912 [Test worker] DEBUG tourGuide.service.TourGuideService - Created 100 internal test users.
10:13:39.912 [Test worker] DEBUG tourGuide.service.TourGuideService - Finished initializing users
10:13:39.913 [reactor-http-nio-2] DEBUG reactor.netty.resources.PooledConnectionProvider - [id: 0x0cb37e86, L:/127.0.0.1:50638 - R:localhost/127.0.0.1:8083] onStateChange(GET{uri=/userLocation?userId=be31e814-c8bb-47b6-97f3-409b9dc274f5, connection=PooledConnection{channel=[id: 0x0cb37e86, L:/127.0.0.1:50638 - R:localhost/127.0.0.1:8083]}}, [request_sent])
10:13:39.914 [reactor-http-nio-2] DEBUG reactor.netty.resources.PooledConnectionProvider - [id: 0x0cb37e86, L:/127.0.0.1:50638 ! R:localhost/127.0.0.1:8083] Channel cleaned, now 0 active connections and 92 inactive connections
10:13:39.914 [reactor-http-nio-2] DEBUG reactor.netty.resources.PooledConnectionProvider - [id: 0x0cb37e86, L:/127.0.0.1:50638 ! R:localhost/127.0.0.1:8083] Channel closed, now 0 active connections and 91 inactive connections
10:13:39.930 [pool-9-thread-1] DEBUG tourGuide.tracker.Tracker - Begin Tracker. Tracking 100 users.
10:13:39.931 [pool-9-thread-1] DEBUG org.springframework.web.reactive.function.client.ExchangeFunctions - [7c9e89e7] HTTP GET http://localhost:8083/userLocation?userId=db4dd83f-6323-412d-8311-aaddb9a912c1
10:13:39.933 [reactor-http-nio-1] DEBUG reactor.netty.resources.PooledConnectionProvider - [id: 0xde36731e, L:/127.0.0.1:50647 - R:localhost/127.0.0.1:8083] Channel acquired, now 1 active connections and 90 inactive connections
10:13:39.933 [reactor-http-nio-1] DEBUG reactor.netty.http.client.HttpClientConnect - [id: 0xde36731e, L:/127.0.0.1:50647 - R:localhost/127.0.0.1:8083] Handler is being applied: {uri=http://localhost:8083/userLocation?userId=db4dd83f-6323-412d-8311-aaddb9a912c1, method=GET}
10:13:39.934 [reactor-http-nio-1] DEBUG reactor.netty.resources.PooledConnectionProvider - [id: 0xde36731e, L:/127.0.0.1:50647 - R:localhost/127.0.0.1:8083] onStateChange(GET{uri=/userLocation?userId=db4dd83f-6323-412d-8311-aaddb9a912c1, connection=PooledConnection{channel=[id: 0xde36731e, L:/127.0.0.1:50647 - R:localhost/127.0.0.1:8083]}}, [request_sent])
10:13:39.937 [pool-7-thread-1] DEBUG org.springframework.web.reactive.function.client.ExchangeFunctions - [78a18797] HTTP GET http://localhost:8083/attractions
10:13:39.938 [reactor-http-nio-2] DEBUG reactor.netty.resources.PooledConnectionProvider - [id: 0xa634fb68, L:/127.0.0.1:50662 - R:localhost/127.0.0.1:8083] Channel acquired, now 2 active connections and 89 inactive connections
10:13:39.938 [reactor-http-nio-2] DEBUG reactor.netty.http.client.HttpClientConnect - [id: 0xa634fb68, L:/127.0.0.1:50662 - R:localhost/127.0.0.1:8083] Handler is being applied: {uri=http://localhost:8083/attractions, method=GET}
10:13:39.939 [reactor-http-nio-2] DEBUG reactor.netty.resources.PooledConnectionProvider - [id: 0xa634fb68, L:/127.0.0.1:50662 - R:localhost/127.0.0.1:8083] onStateChange(GET{uri=/attractions, connection=PooledConnection{channel=[id: 0xa634fb68, L:/127.0.0.1:50662 - R:localhost/127.0.0.1:8083]}}, [request_sent])
10:13:39.951 [reactor-http-nio-2] DEBUG reactor.netty.http.client.HttpClientOperations - [id: 0xa634fb68, L:/127.0.0.1:50662 - R:localhost/127.0.0.1:8083] Received response (auto-read:false) : [Content-Type=application/json, Transfer-Encoding=chunked, Date=Tue, 07 Jun 2022 09:13:39 GMT]
10:13:39.951 [reactor-http-nio-2] DEBUG reactor.netty.resources.PooledConnectionProvider - [id: 0xa634fb68, L:/127.0.0.1:50662 - R:localhost/127.0.0.1:8083] onStateChange(GET{uri=/attractions, connection=PooledConnection{channel=[id: 0xa634fb68, L:/127.0.0.1:50662 - R:localhost/127.0.0.1:8083]}}, [response_received])
10:13:39.951 [reactor-http-nio-2] DEBUG org.springframework.web.reactive.function.client.ExchangeFunctions - [78a18797] Response 200 OK
10:13:39.952 [reactor-http-nio-2] DEBUG reactor.netty.channel.FluxReceive - [id: 0xa634fb68, L:/127.0.0.1:50662 - R:localhost/127.0.0.1:8083] Subscribing inbound receiver [pending: 0, cancelled:false, inboundDone: false]
10:13:39.952 [reactor-http-nio-2] DEBUG reactor.netty.http.client.HttpClientOperations - [id: 0xa634fb68, L:/127.0.0.1:50662 - R:localhost/127.0.0.1:8083] Received last HTTP packet
10:13:39.953 [reactor-http-nio-2] DEBUG org.springframework.core.codec.StringDecoder - [78a18797] Decoded "[{"longitude":-117.922008,"latitude":33.817595,"attractionName":"Disneyland","city":"Anaheim","stat (truncated)...
10:13:39.953 [reactor-http-nio-2] DEBUG reactor.netty.resources.PooledConnectionProvider - [id: 0xa634fb68, L:/127.0.0.1:50662 - R:localhost/127.0.0.1:8083] onStateChange(GET{uri=/attractions, connection=PooledConnection{channel=[id: 0xa634fb68, L:/127.0.0.1:50662 - R:localhost/127.0.0.1:8083]}}, [disconnecting])
10:13:39.953 [reactor-http-nio-2] DEBUG reactor.netty.resources.PooledConnectionProvider - [id: 0xa634fb68, L:/127.0.0.1:50662 - R:localhost/127.0.0.1:8083] Releasing channel
10:13:39.953 [reactor-http-nio-2] DEBUG reactor.netty.resources.PooledConnectionProvider - [id: 0xa634fb68, L:/127.0.0.1:50662 - R:localhost/127.0.0.1:8083] Channel cleaned, now 1 active connections and 90 inactive connections
10:13:39.961 [pool-7-thread-2] DEBUG org.springframework.web.reactive.function.client.ExchangeFunctions - [47ba6e6f] HTTP GET http://localhost:8083/attractions
10:13:39.962 [reactor-http-nio-2] DEBUG reactor.netty.resources.PooledConnectionProvider - [id: 0x8d657d6f, L:/127.0.0.1:50663 - R:localhost/127.0.0.1:8083] Channel acquired, now 2 active connections and 89 inactive connections
10:13:39.963 [reactor-http-nio-2] DEBUG reactor.netty.http.client.HttpClientConnect - [id: 0x8d657d6f, L:/127.0.0.1:50663 - R:localhost/127.0.0.1:8083] Handler is being applied: {uri=http://localhost:8083/attractions, method=GET}
10:13:39.964 [reactor-http-nio-2] DEBUG reactor.netty.resources.PooledConnectionProvider - [id: 0x8d657d6f, L:/127.0.0.1:50663 - R:localhost/127.0.0.1:8083] onStateChange(GET{uri=/attractions, connection=PooledConnection{channel=[id: 0x8d657d6f, L:/127.0.0.1:50663 - R:localhost/127.0.0.1:8083]}}, [request_sent])
10:13:39.971 [pool-7-thread-3] DEBUG org.springframework.web.reactive.function.client.ExchangeFunctions - [632e2151] HTTP GET http://localhost:8083/attractions
10:13:39.973 [reactor-http-nio-2] DEBUG reactor.netty.resources.PooledConnectionProvider - [id: 0xe039fca8, L:/127.0.0.1:50664 - R:localhost/127.0.0.1:8083] Channel acquired, now 3 active connections and 88 inactive connections
10:13:39.973 [reactor-http-nio-2] DEBUG reactor.netty.http.client.HttpClientConnect - [id: 0xe039fca8, L:/127.0.0.1:50664 - R:localhost/127.0.0.1:8083] Handler is being applied: {uri=http://localhost:8083/attractions, method=GET}
10:13:39.974 [reactor-http-nio-2] DEBUG reactor.netty.resources.PooledConnectionProvider - [id: 0xe039fca8, L:/127.0.0.1:50664 - R:localhost/127.0.0.1:8083] onStateChange(GET{uri=/attractions, connection=PooledConnection{channel=[id: 0xe039fca8, L:/127.0.0.1:50664 - R:localhost/127.0.0.1:8083]}}, [request_sent])
10:13:39.975 [pool-7-thread-4] DEBUG org.springframework.web.reactive.function.client.ExchangeFunctions - [16936bd6] HTTP GET http://localhost:8083/attractions
10:13:39.976 [pool-7-thread-5] DEBUG org.springframework.web.reactive.function.client.ExchangeFunctions - [5ca721f1] HTTP GET http://localhost:8083/attractions
10:13:39.977 [reactor-http-nio-3] DEBUG reactor.netty.resources.PooledConnectionProvider - [id: 0x8480b771, L:/127.0.0.1:50651 - R:localhost/127.0.0.1:8083] Channel acquired, now 4 active connections and 87 inactive connections
10:13:39.977 [reactor-http-nio-2] DEBUG reactor.netty.resources.PooledConnectionProvider - [id: 0x0da0a9f9, L:/127.0.0.1:50665 - R:localhost/127.0.0.1:8083] Channel acquired, now 5 active connections and 86 inactive connections
10:13:39.977 [reactor-http-nio-3] DEBUG reactor.netty.http.client.HttpClientConnect - [id: 0x8480b771, L:/127.0.0.1:50651 - R:localhost/127.0.0.1:8083] Handler is being applied: {uri=http://localhost:8083/attractions, method=GET}
10:13:39.977 [reactor-http-nio-2] DEBUG reactor.netty.http.client.HttpClientConnect - [id: 0x0da0a9f9, L:/127.0.0.1:50665 - R:localhost/127.0.0.1:8083] Handler is being applied: {uri=http://localhost:8083/attractions, method=GET}
10:13:39.977 [reactor-http-nio-3] DEBUG reactor.netty.resources.PooledConnectionProvider - [id: 0x8480b771, L:/127.0.0.1:50651 - R:localhost/127.0.0.1:8083] onStateChange(GET{uri=/attractions, connection=PooledConnection{channel=[id: 0x8480b771, L:/127.0.0.1:50651 - R:localhost/127.0.0.1:8083]}}, [request_sent])
10:13:39.977 [reactor-http-nio-2] DEBUG reactor.netty.resources.PooledConnectionProvider - [id: 0x0da0a9f9, L:/127.0.0.1:50665 - R:localhost/127.0.0.1:8083] onStateChange(GET{uri=/attractions, connection=PooledConnection{channel=[id: 0x0da0a9f9, L:/127.0.0.1:50665 - R:localhost/127.0.0.1:8083]}}, [request_sent])
10:13:39.979 [reactor-http-nio-2] DEBUG reactor.netty.http.client.HttpClientOperations - [id: 0x8d657d6f, L:/127.0.0.1:50663 - R:localhost/127.0.0.1:8083] Received response (auto-read:false) : [Content-Type=application/json, Transfer-Encoding=chunked, Date=Tue, 07 Jun 2022 09:13:39 GMT]
10:13:39.979 [reactor-http-nio-2] DEBUG reactor.netty.resources.PooledConnectionProvider - [id: 0x8d657d6f, L:/127.0.0.1:50663 - R:localhost/127.0.0.1:8083] onStateChange(GET{uri=/attractions, connection=PooledConnection{channel=[id: 0x8d657d6f, L:/127.0.0.1:50663 - R:localhost/127.0.0.1:8083]}}, [response_received])
10:13:39.979 [reactor-http-nio-2] DEBUG org.springframework.web.reactive.function.client.ExchangeFunctions - [47ba6e6f] Response 200 OK
10:13:39.979 [reactor-http-nio-2] DEBUG reactor.netty.channel.FluxReceive - [id: 0x8d657d6f, L:/127.0.0.1:50663 - R:localhost/127.0.0.1:8083] Subscribing inbound receiver [pending: 0, cancelled:false, inboundDone: false]
10:13:39.980 [reactor-http-nio-2] DEBUG reactor.netty.http.client.HttpClientOperations - [id: 0x8d657d6f, L:/127.0.0.1:50663 - R:localhost/127.0.0.1:8083] Received last HTTP packet
10:13:39.980 [reactor-http-nio-2] DEBUG org.springframework.core.codec.StringDecoder - [47ba6e6f] Decoded "[{"longitude":-117.922008,"latitude":33.817595,"attractionName":"Disneyland","city":"Anaheim","stat (truncated)...
10:13:39.980 [reactor-http-nio-2] DEBUG reactor.netty.resources.PooledConnectionProvider - [id: 0x8d657d6f, L:/127.0.0.1:50663 - R:localhost/127.0.0.1:8083] onStateChange(GET{uri=/attractions, connection=PooledConnection{channel=[id: 0x8d657d6f, L:/127.0.0.1:50663 - R:localhost/127.0.0.1:8083]}}, [disconnecting])
10:13:39.980 [reactor-http-nio-2] DEBUG reactor.netty.resources.PooledConnectionProvider - [id: 0x8d657d6f, L:/127.0.0.1:50663 - R:localhost/127.0.0.1:8083] Releasing channel
10:13:39.980 [reactor-http-nio-2] DEBUG reactor.netty.resources.PooledConnectionProvider - [id: 0x8d657d6f, L:/127.0.0.1:50663 - R:localhost/127.0.0.1:8083] Channel cleaned, now 4 active connections and 87 inactive connections
10:13:39.980 [pool-7-thread-6] DEBUG org.springframework.web.reactive.function.client.ExchangeFunctions - [7768f497] HTTP GET http://localhost:8083/attractions
10:13:39.981 [pool-7-thread-2] DEBUG org.springframework.web.reactive.function.client.ExchangeFunctions - [497d88e8] HTTP GET http://localhost:8084/attractionRewardPoint?attractionId=8e23fd95-8487-453a-9f42-fe6b9659e0b2&userId=db4dd83f-6323-412d-8311-aaddb9a912c1
10:13:39.981 [reactor-http-nio-2] DEBUG reactor.netty.resources.PooledConnectionProvider - [id: 0x8d01d79b, L:/127.0.0.1:50666 - R:localhost/127.0.0.1:8083] Channel acquired, now 5 active connections and 86 inactive connections
10:13:39.982 [reactor-http-nio-2] DEBUG reactor.netty.http.client.HttpClientConnect - [id: 0x8d01d79b, L:/127.0.0.1:50666 - R:localhost/127.0.0.1:8083] Handler is being applied: {uri=http://localhost:8083/attractions, method=GET}
10:13:39.982 [reactor-http-nio-2] DEBUG reactor.netty.resources.PooledConnectionProvider - [id: 0x8d01d79b, L:/127.0.0.1:50666 - R:localhost/127.0.0.1:8083] onStateChange(GET{uri=/attractions, connection=PooledConnection{channel=[id: 0x8d01d79b, L:/127.0.0.1:50666 - R:localhost/127.0.0.1:8083]}}, [request_sent])
10:13:39.983 [reactor-http-nio-2] DEBUG reactor.netty.resources.PooledConnectionProvider - [id: 0xc07d744c, L:/127.0.0.1:50611 - R:localhost/127.0.0.1:8084] Channel acquired, now 1 active connections and 0 inactive connections
10:13:39.983 [reactor-http-nio-2] DEBUG reactor.netty.http.client.HttpClientConnect - [id: 0xc07d744c, L:/127.0.0.1:50611 - R:localhost/127.0.0.1:8084] Handler is being applied: {uri=http://localhost:8084/attractionRewardPoint?attractionId=8e23fd95-8487-453a-9f42-fe6b9659e0b2&userId=db4dd83f-6323-412d-8311-aaddb9a912c1, method=GET}
10:13:39.984 [reactor-http-nio-2] DEBUG reactor.netty.resources.PooledConnectionProvider - [id: 0xc07d744c, L:/127.0.0.1:50611 - R:localhost/127.0.0.1:8084] onStateChange(GET{uri=/attractionRewardPoint?attractionId=8e23fd95-8487-453a-9f42-fe6b9659e0b2&userId=db4dd83f-6323-412d-8311-aaddb9a912c1, connection=PooledConnection{channel=[id: 0xc07d744c, L:/127.0.0.1:50611 - R:localhost/127.0.0.1:8084]}}, [request_sent])
10:13:39.986 [reactor-http-nio-2] DEBUG reactor.netty.http.client.HttpClientOperations - [id: 0xe039fca8, L:/127.0.0.1:50664 - R:localhost/127.0.0.1:8083] Received response (auto-read:false) : [Content-Type=application/json, Transfer-Encoding=chunked, Date=Tue, 07 Jun 2022 09:13:39 GMT]
10:13:39.986 [reactor-http-nio-2] DEBUG reactor.netty.resources.PooledConnectionProvider - [id: 0xe039fca8, L:/127.0.0.1:50664 - R:localhost/127.0.0.1:8083] onStateChange(GET{uri=/attractions, connection=PooledConnection{channel=[id: 0xe039fca8, L:/127.0.0.1:50664 - R:localhost/127.0.0.1:8083]}}, [response_received])
10:13:39.987 [reactor-http-nio-2] DEBUG org.springframework.web.reactive.function.client.ExchangeFunctions - [632e2151] Response 200 OK
10:13:39.987 [reactor-http-nio-2] DEBUG reactor.netty.channel.FluxReceive - [id: 0xe039fca8, L:/127.0.0.1:50664 - R:localhost/127.0.0.1:8083] Subscribing inbound receiver [pending: 0, cancelled:false, inboundDone: false]
10:13:39.988 [reactor-http-nio-2] DEBUG reactor.netty.http.client.HttpClientOperations - [id: 0xe039fca8, L:/127.0.0.1:50664 - R:localhost/127.0.0.1:8083] Received last HTTP packet
10:13:39.988 [reactor-http-nio-2] DEBUG org.springframework.core.codec.StringDecoder - [632e2151] Decoded "[{"longitude":-117.922008,"latitude":33.817595,"attractionName":"Disneyland","city":"Anaheim","stat (truncated)...
10:13:39.988 [reactor-http-nio-2] DEBUG reactor.netty.resources.PooledConnectionProvider - [id: 0xe039fca8, L:/127.0.0.1:50664 - R:localhost/127.0.0.1:8083] onStateChange(GET{uri=/attractions, connection=PooledConnection{channel=[id: 0xe039fca8, L:/127.0.0.1:50664 - R:localhost/127.0.0.1:8083]}}, [disconnecting])
10:13:39.988 [reactor-http-nio-2] DEBUG reactor.netty.resources.PooledConnectionProvider - [id: 0xe039fca8, L:/127.0.0.1:50664 - R:localhost/127.0.0.1:8083] Releasing channel
10:13:39.988 [reactor-http-nio-2] DEBUG reactor.netty.resources.PooledConnectionProvider - [id: 0xe039fca8, L:/127.0.0.1:50664 - R:localhost/127.0.0.1:8083] Channel cleaned, now 4 active connections and 87 inactive connections
10:13:39.990 [reactor-http-nio-2] DEBUG reactor.netty.http.client.HttpClientOperations - [id: 0x0da0a9f9, L:/127.0.0.1:50665 - R:localhost/127.0.0.1:8083] Received response (auto-read:false) : [Content-Type=application/json, Transfer-Encoding=chunked, Date=Tue, 07 Jun 2022 09:13:39 GMT]
10:13:39.990 [reactor-http-nio-2] DEBUG reactor.netty.resources.PooledConnectionProvider - [id: 0x0da0a9f9, L:/127.0.0.1:50665 - R:localhost/127.0.0.1:8083] onStateChange(GET{uri=/attractions, connection=PooledConnection{channel=[id: 0x0da0a9f9, L:/127.0.0.1:50665 - R:localhost/127.0.0.1:8083]}}, [response_received])
10:13:39.990 [reactor-http-nio-2] DEBUG org.springframework.web.reactive.function.client.ExchangeFunctions - [5ca721f1] Response 200 OK
10:13:39.990 [reactor-http-nio-2] DEBUG reactor.netty.channel.FluxReceive - [id: 0x0da0a9f9, L:/127.0.0.1:50665 - R:localhost/127.0.0.1:8083] Subscribing inbound receiver [pending: 0, cancelled:false, inboundDone: false]
10:13:39.991 [reactor-http-nio-2] DEBUG reactor.netty.http.client.HttpClientOperations - [id: 0x0da0a9f9, L:/127.0.0.1:50665 - R:localhost/127.0.0.1:8083] Received last HTTP packet
10:13:39.991 [reactor-http-nio-2] DEBUG org.springframework.core.codec.StringDecoder - [5ca721f1] Decoded "[{"longitude":-117.922008,"latitude":33.817595,"attractionName":"Disneyland","city":"Anaheim","stat (truncated)...
10:13:39.991 [reactor-http-nio-2] DEBUG reactor.netty.resources.PooledConnectionProvider - [id: 0x0da0a9f9, L:/127.0.0.1:50665 - R:localhost/127.0.0.1:8083] onStateChange(GET{uri=/attractions, connection=PooledConnection{channel=[id: 0x0da0a9f9, L:/127.0.0.1:50665 - R:localhost/127.0.0.1:8083]}}, [disconnecting])
10:13:39.991 [reactor-http-nio-2] DEBUG reactor.netty.resources.PooledConnectionProvider - [id: 0x0da0a9f9, L:/127.0.0.1:50665 - R:localhost/127.0.0.1:8083] Releasing channel
10:13:39.991 [reactor-http-nio-2] DEBUG reactor.netty.resources.PooledConnectionProvider - [id: 0x0da0a9f9, L:/127.0.0.1:50665 - R:localhost/127.0.0.1:8083] Channel cleaned, now 3 active connections and 88 inactive connections
10:13:39.991 [pool-7-thread-3] DEBUG org.springframework.web.reactive.function.client.ExchangeFunctions - [6de9c344] HTTP GET http://localhost:8084/attractionRewardPoint?attractionId=11fd7e5d-eab2-4936-a5fe-a6896c21e3ee&userId=4c25f870-073d-4861-9942-c23667173fbc
10:13:39.992 [reactor-http-nio-3] DEBUG reactor.netty.http.client.HttpClientOperations - [id: 0x8480b771, L:/127.0.0.1:50651 - R:localhost/127.0.0.1:8083] Received response (auto-read:false) : [Content-Type=application/json, Transfer-Encoding=chunked, Date=Tue, 07 Jun 2022 09:13:39 GMT]
10:13:39.992 [reactor-http-nio-3] DEBUG reactor.netty.resources.PooledConnectionProvider - [id: 0x8480b771, L:/127.0.0.1:50651 - R:localhost/127.0.0.1:8083] onStateChange(GET{uri=/attractions, connection=PooledConnection{channel=[id: 0x8480b771, L:/127.0.0.1:50651 - R:localhost/127.0.0.1:8083]}}, [response_received])
10:13:39.992 [reactor-http-nio-3] DEBUG org.springframework.web.reactive.function.client.ExchangeFunctions - [16936bd6] Response 200 OK
10:13:39.993 [reactor-http-nio-3] DEBUG reactor.netty.channel.FluxReceive - [id: 0x8480b771, L:/127.0.0.1:50651 - R:localhost/127.0.0.1:8083] Subscribing inbound receiver [pending: 0, cancelled:false, inboundDone: false]
10:13:39.993 [reactor-http-nio-3] DEBUG reactor.netty.resources.PooledConnectionProvider - [id: 0x48b467a1] Created new pooled channel, now 1 active connections and 1 inactive connections
10:13:39.993 [pool-7-thread-5] DEBUG org.springframework.web.reactive.function.client.ExchangeFunctions - [5260c415] HTTP GET http://localhost:8084/attractionRewardPoint?attractionId=3416e59b-0445-4e9e-b005-1dd5fb524db8&userId=5d9dac7b-605c-4cf1-b2a8-96616e156a54
10:13:39.993 [reactor-http-nio-3] DEBUG reactor.netty.channel.BootstrapHandlers - [id: 0x48b467a1] Initialized pipeline DefaultChannelPipeline{(BootstrapHandlers$BootstrapInitializerHandler#0 = reactor.netty.channel.BootstrapHandlers$BootstrapInitializerHandler), (SimpleChannelPool$1#0 = io.netty.channel.pool.SimpleChannelPool$1), (reactor.left.httpCodec = io.netty.handler.codec.http.HttpClientCodec), (reactor.left.decompressor = io.netty.handler.codec.http.HttpContentDecompressor), (reactor.right.reactiveBridge = reactor.netty.channel.ChannelOperationsHandler)}
10:13:39.994 [reactor-http-nio-1] DEBUG reactor.netty.resources.PooledConnectionProvider - [id: 0x3f9a2510] Created new pooled channel, now 1 active connections and 2 inactive connections
10:13:39.994 [reactor-http-nio-3] DEBUG reactor.netty.http.client.HttpClientOperations - [id: 0x8480b771, L:/127.0.0.1:50651 - R:localhost/127.0.0.1:8083] Received last HTTP packet
10:13:39.994 [reactor-http-nio-1] DEBUG reactor.netty.channel.BootstrapHandlers - [id: 0x3f9a2510] Initialized pipeline DefaultChannelPipeline{(BootstrapHandlers$BootstrapInitializerHandler#0 = reactor.netty.channel.BootstrapHandlers$BootstrapInitializerHandler), (SimpleChannelPool$1#0 = io.netty.channel.pool.SimpleChannelPool$1), (reactor.left.httpCodec = io.netty.handler.codec.http.HttpClientCodec), (reactor.left.decompressor = io.netty.handler.codec.http.HttpContentDecompressor), (reactor.right.reactiveBridge = reactor.netty.channel.ChannelOperationsHandler)}
10:13:39.994 [reactor-http-nio-3] DEBUG org.springframework.core.codec.StringDecoder - [16936bd6] Decoded "[{"longitude":-117.922008,"latitude":33.817595,"attractionName":"Disneyland","city":"Anaheim","stat (truncated)...
10:13:39.995 [reactor-http-nio-3] DEBUG reactor.netty.resources.PooledConnectionProvider - [id: 0x8480b771, L:/127.0.0.1:50651 - R:localhost/127.0.0.1:8083] onStateChange(GET{uri=/attractions, connection=PooledConnection{channel=[id: 0x8480b771, L:/127.0.0.1:50651 - R:localhost/127.0.0.1:8083]}}, [disconnecting])
10:13:39.995 [reactor-http-nio-3] DEBUG reactor.netty.resources.PooledConnectionProvider - [id: 0x8480b771, L:/127.0.0.1:50651 - R:localhost/127.0.0.1:8083] Releasing channel
10:13:39.995 [reactor-http-nio-3] DEBUG reactor.netty.resources.PooledConnectionProvider - [id: 0x8480b771, L:/127.0.0.1:50651 - R:localhost/127.0.0.1:8083] Channel cleaned, now 2 active connections and 89 inactive connections
10:13:39.995 [reactor-http-nio-3] DEBUG reactor.netty.resources.PooledConnectionProvider - [id: 0x48b467a1, L:/127.0.0.1:50703 - R:localhost/127.0.0.1:8084] onStateChange(PooledConnection{channel=[id: 0x48b467a1, L:/127.0.0.1:50703 - R:localhost/127.0.0.1:8084]}, [connected])
10:13:39.995 [reactor-http-nio-3] DEBUG reactor.netty.resources.PooledConnectionProvider - [id: 0x48b467a1, L:/127.0.0.1:50703 - R:localhost/127.0.0.1:8084] onStateChange(GET{uri=/, connection=PooledConnection{channel=[id: 0x48b467a1, L:/127.0.0.1:50703 - R:localhost/127.0.0.1:8084]}}, [configured])
10:13:39.995 [reactor-http-nio-3] DEBUG reactor.netty.resources.PooledConnectionProvider - [id: 0x48b467a1, L:/127.0.0.1:50703 - R:localhost/127.0.0.1:8084] Registering pool release on close event for channel
10:13:39.995 [reactor-http-nio-1] DEBUG reactor.netty.resources.PooledConnectionProvider - [id: 0x3f9a2510, L:/127.0.0.1:50704 - R:localhost/127.0.0.1:8084] onStateChange(PooledConnection{channel=[id: 0x3f9a2510, L:/127.0.0.1:50704 - R:localhost/127.0.0.1:8084]}, [connected])
10:13:39.995 [reactor-http-nio-3] DEBUG reactor.netty.http.client.HttpClientConnect - [id: 0x48b467a1, L:/127.0.0.1:50703 - R:localhost/127.0.0.1:8084] Handler is being applied: {uri=http://localhost:8084/attractionRewardPoint?attractionId=11fd7e5d-eab2-4936-a5fe-a6896c21e3ee&userId=4c25f870-073d-4861-9942-c23667173fbc, method=GET}
10:13:39.995 [reactor-http-nio-1] DEBUG reactor.netty.resources.PooledConnectionProvider - [id: 0x3f9a2510, L:/127.0.0.1:50704 - R:localhost/127.0.0.1:8084] onStateChange(GET{uri=/, connection=PooledConnection{channel=[id: 0x3f9a2510, L:/127.0.0.1:50704 - R:localhost/127.0.0.1:8084]}}, [configured])
10:13:39.996 [reactor-http-nio-1] DEBUG reactor.netty.resources.PooledConnectionProvider - [id: 0x3f9a2510, L:/127.0.0.1:50704 - R:localhost/127.0.0.1:8084] Registering pool release on close event for channel
10:13:39.996 [reactor-http-nio-1] DEBUG reactor.netty.http.client.HttpClientConnect - [id: 0x3f9a2510, L:/127.0.0.1:50704 - R:localhost/127.0.0.1:8084] Handler is being applied: {uri=http://localhost:8084/attractionRewardPoint?attractionId=3416e59b-0445-4e9e-b005-1dd5fb524db8&userId=5d9dac7b-605c-4cf1-b2a8-96616e156a54, method=GET}
10:13:39.996 [reactor-http-nio-3] DEBUG reactor.netty.resources.PooledConnectionProvider - [id: 0x48b467a1, L:/127.0.0.1:50703 - R:localhost/127.0.0.1:8084] onStateChange(GET{uri=/attractionRewardPoint?attractionId=11fd7e5d-eab2-4936-a5fe-a6896c21e3ee&userId=4c25f870-073d-4861-9942-c23667173fbc, connection=PooledConnection{channel=[id: 0x48b467a1, L:/127.0.0.1:50703 - R:localhost/127.0.0.1:8084]}}, [request_sent])
10:13:39.996 [reactor-http-nio-3] DEBUG reactor.netty.resources.PooledConnectionProvider - [id: 0x48b467a1, L:/127.0.0.1:50703 - R:localhost/127.0.0.1:8084] Channel connected, now 3 active connections and 0 inactive connections
10:13:39.997 [reactor-http-nio-1] DEBUG reactor.netty.resources.PooledConnectionProvider - [id: 0x3f9a2510, L:/127.0.0.1:50704 - R:localhost/127.0.0.1:8084] onStateChange(GET{uri=/attractionRewardPoint?attractionId=3416e59b-0445-4e9e-b005-1dd5fb524db8&userId=5d9dac7b-605c-4cf1-b2a8-96616e156a54, connection=PooledConnection{channel=[id: 0x3f9a2510, L:/127.0.0.1:50704 - R:localhost/127.0.0.1:8084]}}, [request_sent])
10:13:39.997 [reactor-http-nio-1] DEBUG reactor.netty.resources.PooledConnectionProvider - [id: 0x3f9a2510, L:/127.0.0.1:50704 - R:localhost/127.0.0.1:8084] Channel connected, now 3 active connections and 0 inactive connections
10:13:39.997 [pool-7-thread-4] DEBUG org.springframework.web.reactive.function.client.ExchangeFunctions - [18549774] HTTP GET http://localhost:8084/attractionRewardPoint?attractionId=f08386e6-7d9a-4a87-b4ef-53a69b07bb06&userId=351938d0-48a6-469b-ae7f-4371a3e02584
10:13:39.998 [reactor-http-nio-3] DEBUG reactor.netty.resources.PooledConnectionProvider - [id: 0x8f58ba65] Created new pooled channel, now 3 active connections and 1 inactive connections
10:13:39.999 [reactor-http-nio-3] DEBUG reactor.netty.channel.BootstrapHandlers - [id: 0x8f58ba65] Initialized pipeline DefaultChannelPipeline{(BootstrapHandlers$BootstrapInitializerHandler#0 = reactor.netty.channel.BootstrapHandlers$BootstrapInitializerHandler), (SimpleChannelPool$1#0 = io.netty.channel.pool.SimpleChannelPool$1), (reactor.left.httpCodec = io.netty.handler.codec.http.HttpClientCodec), (reactor.left.decompressor = io.netty.handler.codec.http.HttpContentDecompressor), (reactor.right.reactiveBridge = reactor.netty.channel.ChannelOperationsHandler)}
10:13:39.999 [reactor-http-nio-2] DEBUG reactor.netty.http.client.HttpClientOperations - [id: 0x8d01d79b, L:/127.0.0.1:50666 - R:localhost/127.0.0.1:8083] Received response (auto-read:false) : [Content-Type=application/json, Transfer-Encoding=chunked, Date=Tue, 07 Jun 2022 09:13:39 GMT]
10:13:39.999 [reactor-http-nio-2] DEBUG reactor.netty.resources.PooledConnectionProvider - [id: 0x8d01d79b, L:/127.0.0.1:50666 - R:localhost/127.0.0.1:8083] onStateChange(GET{uri=/attractions, connection=PooledConnection{channel=[id: 0x8d01d79b, L:/127.0.0.1:50666 - R:localhost/127.0.0.1:8083]}}, [response_received])
10:13:39.999 [reactor-http-nio-2] DEBUG org.springframework.web.reactive.function.client.ExchangeFunctions - [7768f497] Response 200 OK
10:13:39.999 [reactor-http-nio-2] DEBUG reactor.netty.channel.FluxReceive - [id: 0x8d01d79b, L:/127.0.0.1:50666 - R:localhost/127.0.0.1:8083] Subscribing inbound receiver [pending: 0, cancelled:false, inboundDone: false]
10:13:40.000 [reactor-http-nio-2] DEBUG reactor.netty.http.client.HttpClientOperations - [id: 0x8d01d79b, L:/127.0.0.1:50666 - R:localhost/127.0.0.1:8083] Received last HTTP packet
10:13:40.000 [reactor-http-nio-3] DEBUG reactor.netty.resources.PooledConnectionProvider - [id: 0x8f58ba65, L:/127.0.0.1:50705 - R:localhost/127.0.0.1:8084] onStateChange(PooledConnection{channel=[id: 0x8f58ba65, L:/127.0.0.1:50705 - R:localhost/127.0.0.1:8084]}, [connected])
10:13:40.000 [reactor-http-nio-2] DEBUG org.springframework.core.codec.StringDecoder - [7768f497] Decoded "[{"longitude":-117.922008,"latitude":33.817595,"attractionName":"Disneyland","city":"Anaheim","stat (truncated)...
10:13:40.000 [reactor-http-nio-3] DEBUG reactor.netty.resources.PooledConnectionProvider - [id: 0x8f58ba65, L:/127.0.0.1:50705 - R:localhost/127.0.0.1:8084] onStateChange(GET{uri=/, connection=PooledConnection{channel=[id: 0x8f58ba65, L:/127.0.0.1:50705 - R:localhost/127.0.0.1:8084]}}, [configured])
10:13:40.000 [reactor-http-nio-2] DEBUG reactor.netty.resources.PooledConnectionProvider - [id: 0x8d01d79b, L:/127.0.0.1:50666 - R:localhost/127.0.0.1:8083] onStateChange(GET{uri=/attractions, connection=PooledConnection{channel=[id: 0x8d01d79b, L:/127.0.0.1:50666 - R:localhost/127.0.0.1:8083]}}, [disconnecting])
10:13:40.000 [reactor-http-nio-2] DEBUG reactor.netty.resources.PooledConnectionProvider - [id: 0x8d01d79b, L:/127.0.0.1:50666 - R:localhost/127.0.0.1:8083] Releasing channel
10:13:40.000 [reactor-http-nio-2] DEBUG reactor.netty.resources.PooledConnectionProvider - [id: 0x8d01d79b, L:/127.0.0.1:50666 - R:localhost/127.0.0.1:8083] Channel cleaned, now 1 active connections and 90 inactive connections
10:13:40.000 [reactor-http-nio-3] DEBUG reactor.netty.resources.PooledConnectionProvider - [id: 0x8f58ba65, L:/127.0.0.1:50705 - R:localhost/127.0.0.1:8084] Registering pool release on close event for channel
10:13:40.001 [reactor-http-nio-3] DEBUG reactor.netty.http.client.HttpClientConnect - [id: 0x8f58ba65, L:/127.0.0.1:50705 - R:localhost/127.0.0.1:8084] Handler is being applied: {uri=http://localhost:8084/attractionRewardPoint?attractionId=f08386e6-7d9a-4a87-b4ef-53a69b07bb06&userId=351938d0-48a6-469b-ae7f-4371a3e02584, method=GET}
10:13:40.002 [reactor-http-nio-3] DEBUG reactor.netty.resources.PooledConnectionProvider - [id: 0x8f58ba65, L:/127.0.0.1:50705 - R:localhost/127.0.0.1:8084] onStateChange(GET{uri=/attractionRewardPoint?attractionId=f08386e6-7d9a-4a87-b4ef-53a69b07bb06&userId=351938d0-48a6-469b-ae7f-4371a3e02584, connection=PooledConnection{channel=[id: 0x8f58ba65, L:/127.0.0.1:50705 - R:localhost/127.0.0.1:8084]}}, [request_sent])
10:13:40.002 [reactor-http-nio-3] DEBUG reactor.netty.resources.PooledConnectionProvider - [id: 0x8f58ba65, L:/127.0.0.1:50705 - R:localhost/127.0.0.1:8084] Channel connected, now 4 active connections and 0 inactive connections
10:13:40.004 [pool-7-thread-6] DEBUG org.springframework.web.reactive.function.client.ExchangeFunctions - [79af140a] HTTP GET http://localhost:8084/attractionRewardPoint?attractionId=888bba3b-c64e-45e0-b07e-847f41851f0b&userId=b5335eb4-d98f-4937-bb76-01f5b1f0b7a2
10:13:40.006 [reactor-http-nio-1] DEBUG reactor.netty.resources.PooledConnectionProvider - [id: 0xb8d31447] Created new pooled channel, now 4 active connections and 1 inactive connections
10:13:40.007 [reactor-http-nio-1] DEBUG reactor.netty.channel.BootstrapHandlers - [id: 0xb8d31447] Initialized pipeline DefaultChannelPipeline{(BootstrapHandlers$BootstrapInitializerHandler#0 = reactor.netty.channel.BootstrapHandlers$BootstrapInitializerHandler), (SimpleChannelPool$1#0 = io.netty.channel.pool.SimpleChannelPool$1), (reactor.left.httpCodec = io.netty.handler.codec.http.HttpClientCodec), (reactor.left.decompressor = io.netty.handler.codec.http.HttpContentDecompressor), (reactor.right.reactiveBridge = reactor.netty.channel.ChannelOperationsHandler)}
10:13:40.008 [reactor-http-nio-1] DEBUG reactor.netty.resources.PooledConnectionProvider - [id: 0xb8d31447, L:/127.0.0.1:50706 - R:localhost/127.0.0.1:8084] onStateChange(PooledConnection{channel=[id: 0xb8d31447, L:/127.0.0.1:50706 - R:localhost/127.0.0.1:8084]}, [connected])
10:13:40.008 [reactor-http-nio-1] DEBUG reactor.netty.resources.PooledConnectionProvider - [id: 0xb8d31447, L:/127.0.0.1:50706 - R:localhost/127.0.0.1:8084] onStateChange(GET{uri=/, connection=PooledConnection{channel=[id: 0xb8d31447, L:/127.0.0.1:50706 - R:localhost/127.0.0.1:8084]}}, [configured])
10:13:40.008 [reactor-http-nio-1] DEBUG reactor.netty.resources.PooledConnectionProvider - [id: 0xb8d31447, L:/127.0.0.1:50706 - R:localhost/127.0.0.1:8084] Registering pool release on close event for channel
10:13:40.008 [reactor-http-nio-1] DEBUG reactor.netty.http.client.HttpClientConnect - [id: 0xb8d31447, L:/127.0.0.1:50706 - R:localhost/127.0.0.1:8084] Handler is being applied: {uri=http://localhost:8084/attractionRewardPoint?attractionId=888bba3b-c64e-45e0-b07e-847f41851f0b&userId=b5335eb4-d98f-4937-bb76-01f5b1f0b7a2, method=GET}
10:13:40.009 [reactor-http-nio-1] DEBUG reactor.netty.resources.PooledConnectionProvider - [id: 0xb8d31447, L:/127.0.0.1:50706 - R:localhost/127.0.0.1:8084] onStateChange(GET{uri=/attractionRewardPoint?attractionId=888bba3b-c64e-45e0-b07e-847f41851f0b&userId=b5335eb4-d98f-4937-bb76-01f5b1f0b7a2, connection=PooledConnection{channel=[id: 0xb8d31447, L:/127.0.0.1:50706 - R:localhost/127.0.0.1:8084]}}, [request_sent])
10:13:40.009 [reactor-http-nio-1] DEBUG reactor.netty.resources.PooledConnectionProvider - [id: 0xb8d31447, L:/127.0.0.1:50706 - R:localhost/127.0.0.1:8084] Channel connected, now 5 active connections and 0 inactive connections
10:13:40.035 [pool-7-thread-7] DEBUG org.springframework.web.reactive.function.client.ExchangeFunctions - [78236030] HTTP GET http://localhost:8083/attractions
10:13:40.036 [reactor-http-nio-1] DEBUG reactor.netty.resources.PooledConnectionProvider - [id: 0x21feabf2, L:/127.0.0.1:50697 - R:localhost/127.0.0.1:8083] Channel acquired, now 2 active connections and 89 inactive connections
10:13:40.036 [reactor-http-nio-1] DEBUG reactor.netty.http.client.HttpClientConnect - [id: 0x21feabf2, L:/127.0.0.1:50697 - R:localhost/127.0.0.1:8083] Handler is being applied: {uri=http://localhost:8083/attractions, method=GET}
10:13:40.037 [reactor-http-nio-1] DEBUG reactor.netty.resources.PooledConnectionProvider - [id: 0x21feabf2, L:/127.0.0.1:50697 - R:localhost/127.0.0.1:8083] onStateChange(GET{uri=/attractions, connection=PooledConnection{channel=[id: 0x21feabf2, L:/127.0.0.1:50697 - R:localhost/127.0.0.1:8083]}}, [request_sent])
10:13:40.039 [reactor-http-nio-1] DEBUG reactor.netty.http.client.HttpClientOperations - [id: 0xde36731e, L:/127.0.0.1:50647 - R:localhost/127.0.0.1:8083] Received response (auto-read:false) : [Content-Type=application/json, Transfer-Encoding=chunked, Date=Tue, 07 Jun 2022 09:13:39 GMT]
10:13:40.040 [reactor-http-nio-1] DEBUG reactor.netty.resources.PooledConnectionProvider - [id: 0xde36731e, L:/127.0.0.1:50647 - R:localhost/127.0.0.1:8083] onStateChange(GET{uri=/userLocation?userId=db4dd83f-6323-412d-8311-aaddb9a912c1, connection=PooledConnection{channel=[id: 0xde36731e, L:/127.0.0.1:50647 - R:localhost/127.0.0.1:8083]}}, [response_received])
10:13:40.040 [reactor-http-nio-1] DEBUG org.springframework.web.reactive.function.client.ExchangeFunctions - [7c9e89e7] Response 200 OK
10:13:40.040 [reactor-http-nio-1] DEBUG reactor.netty.channel.FluxReceive - [id: 0xde36731e, L:/127.0.0.1:50647 - R:localhost/127.0.0.1:8083] Subscribing inbound receiver [pending: 0, cancelled:false, inboundDone: false]
10:13:40.041 [reactor-http-nio-1] DEBUG reactor.netty.http.client.HttpClientOperations - [id: 0xde36731e, L:/127.0.0.1:50647 - R:localhost/127.0.0.1:8083] Received last HTTP packet
10:13:40.041 [reactor-http-nio-1] DEBUG org.springframework.core.codec.StringDecoder - [7c9e89e7] Decoded "{"userId":"db4dd83f-6323-412d-8311-aaddb9a912c1","location":{"longitude":-54.94504,"latitude":-28.2 (truncated)...
10:13:40.041 [reactor-http-nio-1] DEBUG reactor.netty.resources.PooledConnectionProvider - [id: 0xde36731e, L:/127.0.0.1:50647 - R:localhost/127.0.0.1:8083] onStateChange(GET{uri=/userLocation?userId=db4dd83f-6323-412d-8311-aaddb9a912c1, connection=PooledConnection{channel=[id: 0xde36731e, L:/127.0.0.1:50647 - R:localhost/127.0.0.1:8083]}}, [disconnecting])
10:13:40.041 [reactor-http-nio-1] DEBUG reactor.netty.resources.PooledConnectionProvider - [id: 0xde36731e, L:/127.0.0.1:50647 - R:localhost/127.0.0.1:8083] Releasing channel
10:13:40.041 [reactor-http-nio-1] DEBUG reactor.netty.resources.PooledConnectionProvider - [id: 0xde36731e, L:/127.0.0.1:50647 - R:localhost/127.0.0.1:8083] Channel cleaned, now 1 active connections and 90 inactive connections
10:13:40.043 [pool-9-thread-1] DEBUG org.springframework.web.reactive.function.client.ExchangeFunctions - [72597804] HTTP GET http://localhost:8083/attractions
10:13:40.044 [reactor-http-nio-1] DEBUG reactor.netty.resources.PooledConnectionProvider - [id: 0xb5706181, L:/127.0.0.1:50648 - R:localhost/127.0.0.1:8083] Channel acquired, now 2 active connections and 89 inactive connections
10:13:40.044 [reactor-http-nio-1] DEBUG reactor.netty.http.client.HttpClientConnect - [id: 0xb5706181, L:/127.0.0.1:50648 - R:localhost/127.0.0.1:8083] Handler is being applied: {uri=http://localhost:8083/attractions, method=GET}
10:13:40.045 [reactor-http-nio-1] DEBUG reactor.netty.resources.PooledConnectionProvider - [id: 0xb5706181, L:/127.0.0.1:50648 - R:localhost/127.0.0.1:8083] onStateChange(GET{uri=/attractions, connection=PooledConnection{channel=[id: 0xb5706181, L:/127.0.0.1:50648 - R:localhost/127.0.0.1:8083]}}, [request_sent])
10:13:40.047 [pool-7-thread-8] DEBUG org.springframework.web.reactive.function.client.ExchangeFunctions - [4a354225] HTTP GET http://localhost:8083/attractions
10:13:40.048 [reactor-http-nio-1] DEBUG reactor.netty.resources.PooledConnectionProvider - [id: 0x5dcee25b, L:/127.0.0.1:50620 - R:localhost/127.0.0.1:8083] Channel acquired, now 3 active connections and 88 inactive connections
10:13:40.048 [reactor-http-nio-1] DEBUG reactor.netty.http.client.HttpClientConnect - [id: 0x5dcee25b, L:/127.0.0.1:50620 - R:localhost/127.0.0.1:8083] Handler is being applied: {uri=http://localhost:8083/attractions, method=GET}
10:13:40.049 [reactor-http-nio-1] DEBUG reactor.netty.resources.PooledConnectionProvider - [id: 0x5dcee25b, L:/127.0.0.1:50620 - R:localhost/127.0.0.1:8083] onStateChange(GET{uri=/attractions, connection=PooledConnection{channel=[id: 0x5dcee25b, L:/127.0.0.1:50620 - R:localhost/127.0.0.1:8083]}}, [request_sent])
10:13:40.051 [reactor-http-nio-1] DEBUG reactor.netty.http.client.HttpClientOperations - [id: 0x21feabf2, L:/127.0.0.1:50697 - R:localhost/127.0.0.1:8083] Received response (auto-read:false) : [Content-Type=application/json, Transfer-Encoding=chunked, Date=Tue, 07 Jun 2022 09:13:39 GMT]
10:13:40.051 [reactor-http-nio-1] DEBUG reactor.netty.resources.PooledConnectionProvider - [id: 0x21feabf2, L:/127.0.0.1:50697 - R:localhost/127.0.0.1:8083] onStateChange(GET{uri=/attractions, connection=PooledConnection{channel=[id: 0x21feabf2, L:/127.0.0.1:50697 - R:localhost/127.0.0.1:8083]}}, [response_received])
10:13:40.051 [reactor-http-nio-1] DEBUG org.springframework.web.reactive.function.client.ExchangeFunctions - [78236030] Response 200 OK
10:13:40.051 [reactor-http-nio-1] DEBUG reactor.netty.channel.FluxReceive - [id: 0x21feabf2, L:/127.0.0.1:50697 - R:localhost/127.0.0.1:8083] Subscribing inbound receiver [pending: 0, cancelled:false, inboundDone: false]
10:13:40.052 [reactor-http-nio-1] DEBUG reactor.netty.http.client.HttpClientOperations - [id: 0x21feabf2, L:/127.0.0.1:50697 - R:localhost/127.0.0.1:8083] Received last HTTP packet
10:13:40.052 [reactor-http-nio-1] DEBUG org.springframework.core.codec.StringDecoder - [78236030] Decoded "[{"longitude":-117.922008,"latitude":33.817595,"attractionName":"Disneyland","city":"Anaheim","stat (truncated)...
10:13:40.052 [reactor-http-nio-1] DEBUG reactor.netty.resources.PooledConnectionProvider - [id: 0x21feabf2, L:/127.0.0.1:50697 - R:localhost/127.0.0.1:8083] onStateChange(GET{uri=/attractions, connection=PooledConnection{channel=[id: 0x21feabf2, L:/127.0.0.1:50697 - R:localhost/127.0.0.1:8083]}}, [disconnecting])
10:13:40.052 [reactor-http-nio-1] DEBUG reactor.netty.resources.PooledConnectionProvider - [id: 0x21feabf2, L:/127.0.0.1:50697 - R:localhost/127.0.0.1:8083] Releasing channel
10:13:40.052 [reactor-http-nio-1] DEBUG reactor.netty.resources.PooledConnectionProvider - [id: 0x21feabf2, L:/127.0.0.1:50697 - R:localhost/127.0.0.1:8083] Channel cleaned, now 2 active connections and 89 inactive connections
10:13:40.054 [pool-7-thread-7] DEBUG org.springframework.web.reactive.function.client.ExchangeFunctions - [76e48144] HTTP GET http://localhost:8084/attractionRewardPoint?attractionId=12ea7605-68f9-4824-b1e2-740cc463857c&userId=5a57e190-bdc2-4fba-993c-aa3bbcb4ba0b
10:13:40.055 [reactor-http-nio-2] DEBUG reactor.netty.resources.PooledConnectionProvider - [id: 0x1cce88bc] Created new pooled channel, now 5 active connections and 1 inactive connections
10:13:40.055 [reactor-http-nio-2] DEBUG reactor.netty.channel.BootstrapHandlers - [id: 0x1cce88bc] Initialized pipeline DefaultChannelPipeline{(BootstrapHandlers$BootstrapInitializerHandler#0 = reactor.netty.channel.BootstrapHandlers$BootstrapInitializerHandler), (SimpleChannelPool$1#0 = io.netty.channel.pool.SimpleChannelPool$1), (reactor.left.httpCodec = io.netty.handler.codec.http.HttpClientCodec), (reactor.left.decompressor = io.netty.handler.codec.http.HttpContentDecompressor), (reactor.right.reactiveBridge = reactor.netty.channel.ChannelOperationsHandler)}
10:13:40.056 [reactor-http-nio-2] DEBUG reactor.netty.resources.PooledConnectionProvider - [id: 0x1cce88bc, L:/127.0.0.1:50707 - R:localhost/127.0.0.1:8084] onStateChange(PooledConnection{channel=[id: 0x1cce88bc, L:/127.0.0.1:50707 - R:localhost/127.0.0.1:8084]}, [connected])
10:13:40.057 [reactor-http-nio-2] DEBUG reactor.netty.resources.PooledConnectionProvider - [id: 0x1cce88bc, L:/127.0.0.1:50707 - R:localhost/127.0.0.1:8084] onStateChange(GET{uri=/, connection=PooledConnection{channel=[id: 0x1cce88bc, L:/127.0.0.1:50707 - R:localhost/127.0.0.1:8084]}}, [configured])
10:13:40.057 [reactor-http-nio-2] DEBUG reactor.netty.resources.PooledConnectionProvider - [id: 0x1cce88bc, L:/127.0.0.1:50707 - R:localhost/127.0.0.1:8084] Registering pool release on close event for channel
10:13:40.057 [reactor-http-nio-2] DEBUG reactor.netty.http.client.HttpClientConnect - [id: 0x1cce88bc, L:/127.0.0.1:50707 - R:localhost/127.0.0.1:8084] Handler is being applied: {uri=http://localhost:8084/attractionRewardPoint?attractionId=12ea7605-68f9-4824-b1e2-740cc463857c&userId=5a57e190-bdc2-4fba-993c-aa3bbcb4ba0b, method=GET}
10:13:40.058 [reactor-http-nio-2] DEBUG reactor.netty.resources.PooledConnectionProvider - [id: 0x1cce88bc, L:/127.0.0.1:50707 - R:localhost/127.0.0.1:8084] onStateChange(GET{uri=/attractionRewardPoint?attractionId=12ea7605-68f9-4824-b1e2-740cc463857c&userId=5a57e190-bdc2-4fba-993c-aa3bbcb4ba0b, connection=PooledConnection{channel=[id: 0x1cce88bc, L:/127.0.0.1:50707 - R:localhost/127.0.0.1:8084]}}, [request_sent])
10:13:40.058 [reactor-http-nio-2] DEBUG reactor.netty.resources.PooledConnectionProvider - [id: 0x1cce88bc, L:/127.0.0.1:50707 - R:localhost/127.0.0.1:8084] Channel connected, now 6 active connections and 0 inactive connections
10:13:40.060 [reactor-http-nio-1] DEBUG reactor.netty.http.client.HttpClientOperations - [id: 0xb5706181, L:/127.0.0.1:50648 - R:localhost/127.0.0.1:8083] Received response (auto-read:false) : [Content-Type=application/json, Transfer-Encoding=chunked, Date=Tue, 07 Jun 2022 09:13:39 GMT]
10:13:40.060 [reactor-http-nio-1] DEBUG reactor.netty.resources.PooledConnectionProvider - [id: 0xb5706181, L:/127.0.0.1:50648 - R:localhost/127.0.0.1:8083] onStateChange(GET{uri=/attractions, connection=PooledConnection{channel=[id: 0xb5706181, L:/127.0.0.1:50648 - R:localhost/127.0.0.1:8083]}}, [response_received])
10:13:40.061 [reactor-http-nio-1] DEBUG org.springframework.web.reactive.function.client.ExchangeFunctions - [72597804] Response 200 OK
10:13:40.061 [reactor-http-nio-1] DEBUG reactor.netty.channel.FluxReceive - [id: 0xb5706181, L:/127.0.0.1:50648 - R:localhost/127.0.0.1:8083] Subscribing inbound receiver [pending: 0, cancelled:false, inboundDone: false]
10:13:40.061 [reactor-http-nio-1] DEBUG reactor.netty.http.client.HttpClientOperations - [id: 0xb5706181, L:/127.0.0.1:50648 - R:localhost/127.0.0.1:8083] Received last HTTP packet
10:13:40.061 [reactor-http-nio-1] DEBUG org.springframework.core.codec.StringDecoder - [72597804] Decoded "[{"longitude":-117.922008,"latitude":33.817595,"attractionName":"Disneyland","city":"Anaheim","stat (truncated)...
10:13:40.061 [reactor-http-nio-1] DEBUG reactor.netty.resources.PooledConnectionProvider - [id: 0xb5706181, L:/127.0.0.1:50648 - R:localhost/127.0.0.1:8083] onStateChange(GET{uri=/attractions, connection=PooledConnection{channel=[id: 0xb5706181, L:/127.0.0.1:50648 - R:localhost/127.0.0.1:8083]}}, [disconnecting])
10:13:40.061 [reactor-http-nio-1] DEBUG reactor.netty.resources.PooledConnectionProvider - [id: 0xb5706181, L:/127.0.0.1:50648 - R:localhost/127.0.0.1:8083] Releasing channel
10:13:40.061 [reactor-http-nio-1] DEBUG reactor.netty.resources.PooledConnectionProvider - [id: 0xb5706181, L:/127.0.0.1:50648 - R:localhost/127.0.0.1:8083] Channel cleaned, now 1 active connections and 90 inactive connections
10:13:40.063 [reactor-http-nio-1] DEBUG reactor.netty.http.client.HttpClientOperations - [id: 0x5dcee25b, L:/127.0.0.1:50620 - R:localhost/127.0.0.1:8083] Received response (auto-read:false) : [Content-Type=application/json, Transfer-Encoding=chunked, Date=Tue, 07 Jun 2022 09:13:39 GMT]
10:13:40.063 [reactor-http-nio-1] DEBUG reactor.netty.resources.PooledConnectionProvider - [id: 0x5dcee25b, L:/127.0.0.1:50620 - R:localhost/127.0.0.1:8083] onStateChange(GET{uri=/attractions, connection=PooledConnection{channel=[id: 0x5dcee25b, L:/127.0.0.1:50620 - R:localhost/127.0.0.1:8083]}}, [response_received])
10:13:40.063 [reactor-http-nio-1] DEBUG org.springframework.web.reactive.function.client.ExchangeFunctions - [4a354225] Response 200 OK
10:13:40.063 [reactor-http-nio-1] DEBUG reactor.netty.channel.FluxReceive - [id: 0x5dcee25b, L:/127.0.0.1:50620 - R:localhost/127.0.0.1:8083] Subscribing inbound receiver [pending: 0, cancelled:false, inboundDone: false]
10:13:40.064 [reactor-http-nio-1] DEBUG reactor.netty.http.client.HttpClientOperations - [id: 0x5dcee25b, L:/127.0.0.1:50620 - R:localhost/127.0.0.1:8083] Received last HTTP packet
10:13:40.064 [reactor-http-nio-1] DEBUG org.springframework.core.codec.StringDecoder - [4a354225] Decoded "[{"longitude":-117.922008,"latitude":33.817595,"attractionName":"Disneyland","city":"Anaheim","stat (truncated)...
10:13:40.064 [reactor-http-nio-1] DEBUG reactor.netty.resources.PooledConnectionProvider - [id: 0x5dcee25b, L:/127.0.0.1:50620 - R:localhost/127.0.0.1:8083] onStateChange(GET{uri=/attractions, connection=PooledConnection{channel=[id: 0x5dcee25b, L:/127.0.0.1:50620 - R:localhost/127.0.0.1:8083]}}, [disconnecting])
10:13:40.064 [reactor-http-nio-1] DEBUG reactor.netty.resources.PooledConnectionProvider - [id: 0x5dcee25b, L:/127.0.0.1:50620 - R:localhost/127.0.0.1:8083] Releasing channel
10:13:40.064 [reactor-http-nio-1] DEBUG reactor.netty.resources.PooledConnectionProvider - [id: 0x5dcee25b, L:/127.0.0.1:50620 - R:localhost/127.0.0.1:8083] Channel cleaned, now 0 active connections and 91 inactive connections
10:13:40.065 [pool-9-thread-1] DEBUG org.springframework.web.reactive.function.client.ExchangeFunctions - [7666e297] HTTP GET http://localhost:8084/attractionRewardPoint?attractionId=3a801758-ebea-4a4e-9ffe-06799e00f7bd&userId=db4dd83f-6323-412d-8311-aaddb9a912c1
10:13:40.066 [pool-7-thread-8] DEBUG org.springframework.web.reactive.function.client.ExchangeFunctions - [44f2b513] HTTP GET http://localhost:8084/attractionRewardPoint?attractionId=2efdeba5-8e5e-4779-a9a3-632ba44d7081&userId=458e247b-d0f3-461b-be74-3959fd7f8d42
10:13:40.067 [reactor-http-nio-2] DEBUG reactor.netty.resources.PooledConnectionProvider - [id: 0xef7aaa4d] Created new pooled channel, now 6 active connections and 1 inactive connections
10:13:40.067 [reactor-http-nio-1] DEBUG reactor.netty.resources.PooledConnectionProvider - [id: 0xb6a724cd] Created new pooled channel, now 6 active connections and 2 inactive connections
10:13:40.067 [reactor-http-nio-2] DEBUG reactor.netty.channel.BootstrapHandlers - [id: 0xef7aaa4d] Initialized pipeline DefaultChannelPipeline{(BootstrapHandlers$BootstrapInitializerHandler#0 = reactor.netty.channel.BootstrapHandlers$BootstrapInitializerHandler), (SimpleChannelPool$1#0 = io.netty.channel.pool.SimpleChannelPool$1), (reactor.left.httpCodec = io.netty.handler.codec.http.HttpClientCodec), (reactor.left.decompressor = io.netty.handler.codec.http.HttpContentDecompressor), (reactor.right.reactiveBridge = reactor.netty.channel.ChannelOperationsHandler)}
10:13:40.067 [reactor-http-nio-1] DEBUG reactor.netty.channel.BootstrapHandlers - [id: 0xb6a724cd] Initialized pipeline DefaultChannelPipeline{(BootstrapHandlers$BootstrapInitializerHandler#0 = reactor.netty.channel.BootstrapHandlers$BootstrapInitializerHandler), (SimpleChannelPool$1#0 = io.netty.channel.pool.SimpleChannelPool$1), (reactor.left.httpCodec = io.netty.handler.codec.http.HttpClientCodec), (reactor.left.decompressor = io.netty.handler.codec.http.HttpContentDecompressor), (reactor.right.reactiveBridge = reactor.netty.channel.ChannelOperationsHandler)}
10:13:40.068 [reactor-http-nio-2] DEBUG reactor.netty.resources.PooledConnectionProvider - [id: 0xef7aaa4d, L:/127.0.0.1:50708 - R:localhost/127.0.0.1:8084] onStateChange(PooledConnection{channel=[id: 0xef7aaa4d, L:/127.0.0.1:50708 - R:localhost/127.0.0.1:8084]}, [connected])
10:13:40.068 [reactor-http-nio-2] DEBUG reactor.netty.resources.PooledConnectionProvider - [id: 0xef7aaa4d, L:/127.0.0.1:50708 - R:localhost/127.0.0.1:8084] onStateChange(GET{uri=/, connection=PooledConnection{channel=[id: 0xef7aaa4d, L:/127.0.0.1:50708 - R:localhost/127.0.0.1:8084]}}, [configured])
10:13:40.069 [reactor-http-nio-1] DEBUG reactor.netty.resources.PooledConnectionProvider - [id: 0xb6a724cd, L:/127.0.0.1:50709 - R:localhost/127.0.0.1:8084] onStateChange(PooledConnection{channel=[id: 0xb6a724cd, L:/127.0.0.1:50709 - R:localhost/127.0.0.1:8084]}, [connected])
10:13:40.069 [reactor-http-nio-1] DEBUG reactor.netty.resources.PooledConnectionProvider - [id: 0xb6a724cd, L:/127.0.0.1:50709 - R:localhost/127.0.0.1:8084] onStateChange(GET{uri=/, connection=PooledConnection{channel=[id: 0xb6a724cd, L:/127.0.0.1:50709 - R:localhost/127.0.0.1:8084]}}, [configured])
10:13:40.069 [reactor-http-nio-1] DEBUG reactor.netty.resources.PooledConnectionProvider - [id: 0xb6a724cd, L:/127.0.0.1:50709 - R:localhost/127.0.0.1:8084] Registering pool release on close event for channel
10:13:40.069 [reactor-http-nio-1] DEBUG reactor.netty.http.client.HttpClientConnect - [id: 0xb6a724cd, L:/127.0.0.1:50709 - R:localhost/127.0.0.1:8084] Handler is being applied: {uri=http://localhost:8084/attractionRewardPoint?attractionId=3a801758-ebea-4a4e-9ffe-06799e00f7bd&userId=db4dd83f-6323-412d-8311-aaddb9a912c1, method=GET}
10:13:40.069 [reactor-http-nio-2] DEBUG reactor.netty.resources.PooledConnectionProvider - [id: 0xef7aaa4d, L:/127.0.0.1:50708 - R:localhost/127.0.0.1:8084] Registering pool release on close event for channel
10:13:40.069 [reactor-http-nio-2] DEBUG reactor.netty.http.client.HttpClientConnect - [id: 0xef7aaa4d, L:/127.0.0.1:50708 - R:localhost/127.0.0.1:8084] Handler is being applied: {uri=http://localhost:8084/attractionRewardPoint?attractionId=2efdeba5-8e5e-4779-a9a3-632ba44d7081&userId=458e247b-d0f3-461b-be74-3959fd7f8d42, method=GET}
10:13:40.070 [reactor-http-nio-2] DEBUG reactor.netty.resources.PooledConnectionProvider - [id: 0xef7aaa4d, L:/127.0.0.1:50708 - R:localhost/127.0.0.1:8084] onStateChange(GET{uri=/attractionRewardPoint?attractionId=2efdeba5-8e5e-4779-a9a3-632ba44d7081&userId=458e247b-d0f3-461b-be74-3959fd7f8d42, connection=PooledConnection{channel=[id: 0xef7aaa4d, L:/127.0.0.1:50708 - R:localhost/127.0.0.1:8084]}}, [request_sent])
10:13:40.070 [reactor-http-nio-2] DEBUG reactor.netty.resources.PooledConnectionProvider - [id: 0xef7aaa4d, L:/127.0.0.1:50708 - R:localhost/127.0.0.1:8084] Channel connected, now 8 active connections and 0 inactive connections
10:13:40.070 [reactor-http-nio-1] DEBUG reactor.netty.resources.PooledConnectionProvider - [id: 0xb6a724cd, L:/127.0.0.1:50709 - R:localhost/127.0.0.1:8084] onStateChange(GET{uri=/attractionRewardPoint?attractionId=3a801758-ebea-4a4e-9ffe-06799e00f7bd&userId=db4dd83f-6323-412d-8311-aaddb9a912c1, connection=PooledConnection{channel=[id: 0xb6a724cd, L:/127.0.0.1:50709 - R:localhost/127.0.0.1:8084]}}, [request_sent])
10:13:40.070 [reactor-http-nio-1] DEBUG reactor.netty.resources.PooledConnectionProvider - [id: 0xb6a724cd, L:/127.0.0.1:50709 - R:localhost/127.0.0.1:8084] Channel connected, now 8 active connections and 0 inactive connections
10:13:40.074 [pool-7-thread-9] DEBUG org.springframework.web.reactive.function.client.ExchangeFunctions - [27ff520] HTTP GET http://localhost:8083/attractions
10:13:40.076 [reactor-http-nio-1] DEBUG reactor.netty.resources.PooledConnectionProvider - [id: 0x51cedde0, L:/127.0.0.1:50642 - R:localhost/127.0.0.1:8083] Channel acquired, now 1 active connections and 90 inactive connections
10:13:40.076 [reactor-http-nio-1] DEBUG reactor.netty.http.client.HttpClientConnect - [id: 0x51cedde0, L:/127.0.0.1:50642 - R:localhost/127.0.0.1:8083] Handler is being applied: {uri=http://localhost:8083/attractions, method=GET}
10:13:40.076 [reactor-http-nio-1] DEBUG reactor.netty.resources.PooledConnectionProvider - [id: 0x51cedde0, L:/127.0.0.1:50642 - R:localhost/127.0.0.1:8083] onStateChange(GET{uri=/attractions, connection=PooledConnection{channel=[id: 0x51cedde0, L:/127.0.0.1:50642 - R:localhost/127.0.0.1:8083]}}, [request_sent])
10:13:40.078 [pool-7-thread-10] DEBUG org.springframework.web.reactive.function.client.ExchangeFunctions - [7fe36a4b] HTTP GET http://localhost:8083/attractions
10:13:40.079 [reactor-http-nio-3] DEBUG reactor.netty.resources.PooledConnectionProvider - [id: 0xca71adf9, L:/127.0.0.1:50657 - R:localhost/127.0.0.1:8083] Channel acquired, now 2 active connections and 89 inactive connections
10:13:40.079 [reactor-http-nio-3] DEBUG reactor.netty.http.client.HttpClientConnect - [id: 0xca71adf9, L:/127.0.0.1:50657 - R:localhost/127.0.0.1:8083] Handler is being applied: {uri=http://localhost:8083/attractions, method=GET}
10:13:40.080 [reactor-http-nio-3] DEBUG reactor.netty.resources.PooledConnectionProvider - [id: 0xca71adf9, L:/127.0.0.1:50657 - R:localhost/127.0.0.1:8083] onStateChange(GET{uri=/attractions, connection=PooledConnection{channel=[id: 0xca71adf9, L:/127.0.0.1:50657 - R:localhost/127.0.0.1:8083]}}, [request_sent])
10:13:40.081 [pool-7-thread-11] DEBUG org.springframework.web.reactive.function.client.ExchangeFunctions - [51cec74c] HTTP GET http://localhost:8083/attractions
10:13:40.082 [reactor-http-nio-4] DEBUG reactor.netty.resources.PooledConnectionProvider - [id: 0x3846aaec, L:/127.0.0.1:50621 - R:localhost/127.0.0.1:8083] Channel acquired, now 3 active connections and 88 inactive connections
10:13:40.082 [reactor-http-nio-4] DEBUG reactor.netty.http.client.HttpClientConnect - [id: 0x3846aaec, L:/127.0.0.1:50621 - R:localhost/127.0.0.1:8083] Handler is being applied: {uri=http://localhost:8083/attractions, method=GET}
10:13:40.083 [pool-7-thread-12] DEBUG org.springframework.web.reactive.function.client.ExchangeFunctions - [2c577d6e] HTTP GET http://localhost:8083/attractions
10:13:40.083 [reactor-http-nio-4] DEBUG reactor.netty.resources.PooledConnectionProvider - [id: 0x3846aaec, L:/127.0.0.1:50621 - R:localhost/127.0.0.1:8083] onStateChange(GET{uri=/attractions, connection=PooledConnection{channel=[id: 0x3846aaec, L:/127.0.0.1:50621 - R:localhost/127.0.0.1:8083]}}, [request_sent])
10:13:40.085 [reactor-http-nio-4] DEBUG reactor.netty.resources.PooledConnectionProvider - [id: 0x634507d6, L:/127.0.0.1:50625 - R:localhost/127.0.0.1:8083] Channel acquired, now 4 active connections and 87 inactive connections
10:13:40.085 [reactor-http-nio-4] DEBUG reactor.netty.http.client.HttpClientConnect - [id: 0x634507d6, L:/127.0.0.1:50625 - R:localhost/127.0.0.1:8083] Handler is being applied: {uri=http://localhost:8083/attractions, method=GET}
10:13:40.086 [reactor-http-nio-4] DEBUG reactor.netty.resources.PooledConnectionProvider - [id: 0x634507d6, L:/127.0.0.1:50625 - R:localhost/127.0.0.1:8083] onStateChange(GET{uri=/attractions, connection=PooledConnection{channel=[id: 0x634507d6, L:/127.0.0.1:50625 - R:localhost/127.0.0.1:8083]}}, [request_sent])
10:13:40.086 [pool-7-thread-13] DEBUG org.springframework.web.reactive.function.client.ExchangeFunctions - [25b8666d] HTTP GET http://localhost:8083/attractions
10:13:40.087 [reactor-http-nio-1] DEBUG reactor.netty.resources.PooledConnectionProvider - [id: 0xc90edc5e, L:/127.0.0.1:50630 - R:localhost/127.0.0.1:8083] Channel acquired, now 5 active connections and 86 inactive connections
10:13:40.087 [reactor-http-nio-1] DEBUG reactor.netty.http.client.HttpClientConnect - [id: 0xc90edc5e, L:/127.0.0.1:50630 - R:localhost/127.0.0.1:8083] Handler is being applied: {uri=http://localhost:8083/attractions, method=GET}
10:13:40.088 [pool-7-thread-14] DEBUG org.springframework.web.reactive.function.client.ExchangeFunctions - [6f1b95af] HTTP GET http://localhost:8083/attractions
10:13:40.088 [reactor-http-nio-1] DEBUG reactor.netty.resources.PooledConnectionProvider - [id: 0xc90edc5e, L:/127.0.0.1:50630 - R:localhost/127.0.0.1:8083] onStateChange(GET{uri=/attractions, connection=PooledConnection{channel=[id: 0xc90edc5e, L:/127.0.0.1:50630 - R:localhost/127.0.0.1:8083]}}, [request_sent])
10:13:40.088 [reactor-http-nio-4] DEBUG reactor.netty.resources.PooledConnectionProvider - [id: 0x6bb66c88, L:/127.0.0.1:50689 - R:localhost/127.0.0.1:8083] Channel acquired, now 6 active connections and 85 inactive connections
10:13:40.088 [reactor-http-nio-4] DEBUG reactor.netty.http.client.HttpClientConnect - [id: 0x6bb66c88, L:/127.0.0.1:50689 - R:localhost/127.0.0.1:8083] Handler is being applied: {uri=http://localhost:8083/attractions, method=GET}
10:13:40.089 [reactor-http-nio-4] DEBUG reactor.netty.resources.PooledConnectionProvider - [id: 0x6bb66c88, L:/127.0.0.1:50689 - R:localhost/127.0.0.1:8083] onStateChange(GET{uri=/attractions, connection=PooledConnection{channel=[id: 0x6bb66c88, L:/127.0.0.1:50689 - R:localhost/127.0.0.1:8083]}}, [request_sent])
10:13:40.089 [reactor-http-nio-1] DEBUG reactor.netty.http.client.HttpClientOperations - [id: 0x51cedde0, L:/127.0.0.1:50642 - R:localhost/127.0.0.1:8083] Received response (auto-read:false) : [Content-Type=application/json, Transfer-Encoding=chunked, Date=Tue, 07 Jun 2022 09:13:39 GMT]
10:13:40.089 [reactor-http-nio-1] DEBUG reactor.netty.resources.PooledConnectionProvider - [id: 0x51cedde0, L:/127.0.0.1:50642 - R:localhost/127.0.0.1:8083] onStateChange(GET{uri=/attractions, connection=PooledConnection{channel=[id: 0x51cedde0, L:/127.0.0.1:50642 - R:localhost/127.0.0.1:8083]}}, [response_received])
10:13:40.089 [reactor-http-nio-1] DEBUG org.springframework.web.reactive.function.client.ExchangeFunctions - [27ff520] Response 200 OK
10:13:40.090 [reactor-http-nio-1] DEBUG reactor.netty.channel.FluxReceive - [id: 0x51cedde0, L:/127.0.0.1:50642 - R:localhost/127.0.0.1:8083] Subscribing inbound receiver [pending: 0, cancelled:false, inboundDone: false]
10:13:40.090 [reactor-http-nio-1] DEBUG reactor.netty.http.client.HttpClientOperations - [id: 0x51cedde0, L:/127.0.0.1:50642 - R:localhost/127.0.0.1:8083] Received last HTTP packet
10:13:40.090 [reactor-http-nio-1] DEBUG org.springframework.core.codec.StringDecoder - [27ff520] Decoded "[{"longitude":-117.922008,"latitude":33.817595,"attractionName":"Disneyland","city":"Anaheim","stat (truncated)...
10:13:40.090 [reactor-http-nio-1] DEBUG reactor.netty.resources.PooledConnectionProvider - [id: 0x51cedde0, L:/127.0.0.1:50642 - R:localhost/127.0.0.1:8083] onStateChange(GET{uri=/attractions, connection=PooledConnection{channel=[id: 0x51cedde0, L:/127.0.0.1:50642 - R:localhost/127.0.0.1:8083]}}, [disconnecting])
10:13:40.090 [reactor-http-nio-1] DEBUG reactor.netty.resources.PooledConnectionProvider - [id: 0x51cedde0, L:/127.0.0.1:50642 - R:localhost/127.0.0.1:8083] Releasing channel
10:13:40.090 [reactor-http-nio-1] DEBUG reactor.netty.resources.PooledConnectionProvider - [id: 0x51cedde0, L:/127.0.0.1:50642 - R:localhost/127.0.0.1:8083] Channel cleaned, now 5 active connections and 86 inactive connections
10:13:40.092 [pool-7-thread-9] DEBUG org.springframework.web.reactive.function.client.ExchangeFunctions - [cb80b1f] HTTP GET http://localhost:8084/attractionRewardPoint?attractionId=59f23d0e-9b85-4270-85a1-54bd4e790c09&userId=09891c02-6489-465b-bc9c-b55b9f99bd98
10:13:40.093 [reactor-http-nio-3] DEBUG reactor.netty.http.client.HttpClientOperations - [id: 0xca71adf9, L:/127.0.0.1:50657 - R:localhost/127.0.0.1:8083] Received response (auto-read:false) : [Content-Type=application/json, Transfer-Encoding=chunked, Date=Tue, 07 Jun 2022 09:13:39 GMT]
10:13:40.093 [reactor-http-nio-3] DEBUG reactor.netty.resources.PooledConnectionProvider - [id: 0xca71adf9, L:/127.0.0.1:50657 - R:localhost/127.0.0.1:8083] onStateChange(GET{uri=/attractions, connection=PooledConnection{channel=[id: 0xca71adf9, L:/127.0.0.1:50657 - R:localhost/127.0.0.1:8083]}}, [response_received])
10:13:40.093 [reactor-http-nio-3] DEBUG org.springframework.web.reactive.function.client.ExchangeFunctions - [7fe36a4b] Response 200 OK
10:13:40.093 [reactor-http-nio-3] DEBUG reactor.netty.channel.FluxReceive - [id: 0xca71adf9, L:/127.0.0.1:50657 - R:localhost/127.0.0.1:8083] Subscribing inbound receiver [pending: 0, cancelled:false, inboundDone: false]
10:13:40.094 [reactor-http-nio-2] DEBUG reactor.netty.resources.PooledConnectionProvider - [id: 0x90129510] Created new pooled channel, now 8 active connections and 1 inactive connections
10:13:40.094 [reactor-http-nio-2] DEBUG reactor.netty.channel.BootstrapHandlers - [id: 0x90129510] Initialized pipeline DefaultChannelPipeline{(BootstrapHandlers$BootstrapInitializerHandler#0 = reactor.netty.channel.BootstrapHandlers$BootstrapInitializerHandler), (SimpleChannelPool$1#0 = io.netty.channel.pool.SimpleChannelPool$1), (reactor.left.httpCodec = io.netty.handler.codec.http.HttpClientCodec), (reactor.left.decompressor = io.netty.handler.codec.http.HttpContentDecompressor), (reactor.right.reactiveBridge = reactor.netty.channel.ChannelOperationsHandler)}
10:13:40.094 [reactor-http-nio-3] DEBUG reactor.netty.http.client.HttpClientOperations - [id: 0xca71adf9, L:/127.0.0.1:50657 - R:localhost/127.0.0.1:8083] Received last HTTP packet
10:13:40.094 [reactor-http-nio-3] DEBUG org.springframework.core.codec.StringDecoder - [7fe36a4b] Decoded "[{"longitude":-117.922008,"latitude":33.817595,"attractionName":"Disneyland","city":"Anaheim","stat (truncated)...
10:13:40.094 [reactor-http-nio-3] DEBUG reactor.netty.resources.PooledConnectionProvider - [id: 0xca71adf9, L:/127.0.0.1:50657 - R:localhost/127.0.0.1:8083] onStateChange(GET{uri=/attractions, connection=PooledConnection{channel=[id: 0xca71adf9, L:/127.0.0.1:50657 - R:localhost/127.0.0.1:8083]}}, [disconnecting])
10:13:40.094 [reactor-http-nio-3] DEBUG reactor.netty.resources.PooledConnectionProvider - [id: 0xca71adf9, L:/127.0.0.1:50657 - R:localhost/127.0.0.1:8083] Releasing channel
10:13:40.094 [reactor-http-nio-3] DEBUG reactor.netty.resources.PooledConnectionProvider - [id: 0xca71adf9, L:/127.0.0.1:50657 - R:localhost/127.0.0.1:8083] Channel cleaned, now 4 active connections and 87 inactive connections
10:13:40.092 [pool-7-thread-15] DEBUG org.springframework.web.reactive.function.client.ExchangeFunctions - [5a733de8] HTTP GET http://localhost:8083/attractions
10:13:40.095 [reactor-http-nio-1] DEBUG reactor.netty.resources.PooledConnectionProvider - [id: 0xea840478, L:/127.0.0.1:50645 - R:localhost/127.0.0.1:8083] Channel acquired, now 5 active connections and 86 inactive connections
10:13:40.096 [reactor-http-nio-1] DEBUG reactor.netty.http.client.HttpClientConnect - [id: 0xea840478, L:/127.0.0.1:50645 - R:localhost/127.0.0.1:8083] Handler is being applied: {uri=http://localhost:8083/attractions, method=GET}
10:13:40.096 [reactor-http-nio-2] DEBUG reactor.netty.resources.PooledConnectionProvider - [id: 0x90129510, L:/127.0.0.1:50710 - R:localhost/127.0.0.1:8084] onStateChange(PooledConnection{channel=[id: 0x90129510, L:/127.0.0.1:50710 - R:localhost/127.0.0.1:8084]}, [connected])
10:13:40.096 [reactor-http-nio-2] DEBUG reactor.netty.resources.PooledConnectionProvider - [id: 0x90129510, L:/127.0.0.1:50710 - R:localhost/127.0.0.1:8084] onStateChange(GET{uri=/, connection=PooledConnection{channel=[id: 0x90129510, L:/127.0.0.1:50710 - R:localhost/127.0.0.1:8084]}}, [configured])
10:13:40.097 [reactor-http-nio-1] DEBUG reactor.netty.resources.PooledConnectionProvider - [id: 0xea840478, L:/127.0.0.1:50645 - R:localhost/127.0.0.1:8083] onStateChange(GET{uri=/attractions, connection=PooledConnection{channel=[id: 0xea840478, L:/127.0.0.1:50645 - R:localhost/127.0.0.1:8083]}}, [request_sent])
10:13:40.097 [reactor-http-nio-2] DEBUG reactor.netty.resources.PooledConnectionProvider - [id: 0x90129510, L:/127.0.0.1:50710 - R:localhost/127.0.0.1:8084] Registering pool release on close event for channel
10:13:40.097 [reactor-http-nio-2] DEBUG reactor.netty.http.client.HttpClientConnect - [id: 0x90129510, L:/127.0.0.1:50710 - R:localhost/127.0.0.1:8084] Handler is being applied: {uri=http://localhost:8084/attractionRewardPoint?attractionId=59f23d0e-9b85-4270-85a1-54bd4e790c09&userId=09891c02-6489-465b-bc9c-b55b9f99bd98, method=GET}
10:13:40.098 [reactor-http-nio-2] DEBUG reactor.netty.resources.PooledConnectionProvider - [id: 0x90129510, L:/127.0.0.1:50710 - R:localhost/127.0.0.1:8084] onStateChange(GET{uri=/attractionRewardPoint?attractionId=59f23d0e-9b85-4270-85a1-54bd4e790c09&userId=09891c02-6489-465b-bc9c-b55b9f99bd98, connection=PooledConnection{channel=[id: 0x90129510, L:/127.0.0.1:50710 - R:localhost/127.0.0.1:8084]}}, [request_sent])
10:13:40.098 [reactor-http-nio-2] DEBUG reactor.netty.resources.PooledConnectionProvider - [id: 0x90129510, L:/127.0.0.1:50710 - R:localhost/127.0.0.1:8084] Channel connected, now 9 active connections and 0 inactive connections
10:13:40.100 [reactor-http-nio-4] DEBUG reactor.netty.http.client.HttpClientOperations - [id: 0x3846aaec, L:/127.0.0.1:50621 - R:localhost/127.0.0.1:8083] Received response (auto-read:false) : [Content-Type=application/json, Transfer-Encoding=chunked, Date=Tue, 07 Jun 2022 09:13:39 GMT]
10:13:40.100 [reactor-http-nio-4] DEBUG reactor.netty.resources.PooledConnectionProvider - [id: 0x3846aaec, L:/127.0.0.1:50621 - R:localhost/127.0.0.1:8083] onStateChange(GET{uri=/attractions, connection=PooledConnection{channel=[id: 0x3846aaec, L:/127.0.0.1:50621 - R:localhost/127.0.0.1:8083]}}, [response_received])
10:13:40.100 [reactor-http-nio-4] DEBUG org.springframework.web.reactive.function.client.ExchangeFunctions - [51cec74c] Response 200 OK
10:13:40.100 [reactor-http-nio-4] DEBUG reactor.netty.channel.FluxReceive - [id: 0x3846aaec, L:/127.0.0.1:50621 - R:localhost/127.0.0.1:8083] Subscribing inbound receiver [pending: 0, cancelled:false, inboundDone: false]
10:13:40.102 [pool-7-thread-10] DEBUG org.springframework.web.reactive.function.client.ExchangeFunctions - [71248bc7] HTTP GET http://localhost:8084/attractionRewardPoint?attractionId=de489cb4-d93e-425f-828b-381a521e43dd&userId=42eb901d-40e0-45aa-b19c-61c5dcd033b9
10:13:40.102 [reactor-http-nio-4] DEBUG reactor.netty.http.client.HttpClientOperations - [id: 0x3846aaec, L:/127.0.0.1:50621 - R:localhost/127.0.0.1:8083] Received last HTTP packet
10:13:40.102 [reactor-http-nio-4] DEBUG org.springframework.core.codec.StringDecoder - [51cec74c] Decoded "[{"longitude":-117.922008,"latitude":33.817595,"attractionName":"Disneyland","city":"Anaheim","stat (truncated)...
10:13:40.102 [reactor-http-nio-4] DEBUG reactor.netty.resources.PooledConnectionProvider - [id: 0x3846aaec, L:/127.0.0.1:50621 - R:localhost/127.0.0.1:8083] onStateChange(GET{uri=/attractions, connection=PooledConnection{channel=[id: 0x3846aaec, L:/127.0.0.1:50621 - R:localhost/127.0.0.1:8083]}}, [disconnecting])
10:13:40.102 [reactor-http-nio-4] DEBUG reactor.netty.resources.PooledConnectionProvider - [id: 0x3846aaec, L:/127.0.0.1:50621 - R:localhost/127.0.0.1:8083] Releasing channel
10:13:40.102 [reactor-http-nio-4] DEBUG reactor.netty.resources.PooledConnectionProvider - [id: 0x3846aaec, L:/127.0.0.1:50621 - R:localhost/127.0.0.1:8083] Channel cleaned, now 4 active connections and 87 inactive connections
10:13:40.104 [reactor-http-nio-1] DEBUG reactor.netty.resources.PooledConnectionProvider - [id: 0x13354c9f] Created new pooled channel, now 9 active connections and 1 inactive connections
10:13:40.104 [reactor-http-nio-4] DEBUG reactor.netty.http.client.HttpClientOperations - [id: 0x634507d6, L:/127.0.0.1:50625 - R:localhost/127.0.0.1:8083] Received response (auto-read:false) : [Content-Type=application/json, Transfer-Encoding=chunked, Date=Tue, 07 Jun 2022 09:13:39 GMT]
10:13:40.104 [reactor-http-nio-4] DEBUG reactor.netty.resources.PooledConnectionProvider - [id: 0x634507d6, L:/127.0.0.1:50625 - R:localhost/127.0.0.1:8083] onStateChange(GET{uri=/attractions, connection=PooledConnection{channel=[id: 0x634507d6, L:/127.0.0.1:50625 - R:localhost/127.0.0.1:8083]}}, [response_received])
10:13:40.104 [reactor-http-nio-4] DEBUG org.springframework.web.reactive.function.client.ExchangeFunctions - [2c577d6e] Response 200 OK
10:13:40.104 [reactor-http-nio-1] DEBUG reactor.netty.channel.BootstrapHandlers - [id: 0x13354c9f] Initialized pipeline DefaultChannelPipeline{(BootstrapHandlers$BootstrapInitializerHandler#0 = reactor.netty.channel.BootstrapHandlers$BootstrapInitializerHandler), (SimpleChannelPool$1#0 = io.netty.channel.pool.SimpleChannelPool$1), (reactor.left.httpCodec = io.netty.handler.codec.http.HttpClientCodec), (reactor.left.decompressor = io.netty.handler.codec.http.HttpContentDecompressor), (reactor.right.reactiveBridge = reactor.netty.channel.ChannelOperationsHandler)}
10:13:40.104 [reactor-http-nio-4] DEBUG reactor.netty.channel.FluxReceive - [id: 0x634507d6, L:/127.0.0.1:50625 - R:localhost/127.0.0.1:8083] Subscribing inbound receiver [pending: 0, cancelled:false, inboundDone: false]
10:13:40.105 [reactor-http-nio-1] DEBUG reactor.netty.resources.PooledConnectionProvider - [id: 0x13354c9f, L:/127.0.0.1:50711 - R:localhost/127.0.0.1:8084] onStateChange(PooledConnection{channel=[id: 0x13354c9f, L:/127.0.0.1:50711 - R:localhost/127.0.0.1:8084]}, [connected])
10:13:40.105 [reactor-http-nio-4] DEBUG reactor.netty.http.client.HttpClientOperations - [id: 0x634507d6, L:/127.0.0.1:50625 - R:localhost/127.0.0.1:8083] Received last HTTP packet
10:13:40.105 [reactor-http-nio-1] DEBUG reactor.netty.resources.PooledConnectionProvider - [id: 0x13354c9f, L:/127.0.0.1:50711 - R:localhost/127.0.0.1:8084] onStateChange(GET{uri=/, connection=PooledConnection{channel=[id: 0x13354c9f, L:/127.0.0.1:50711 - R:localhost/127.0.0.1:8084]}}, [configured])
10:13:40.105 [reactor-http-nio-4] DEBUG org.springframework.core.codec.StringDecoder - [2c577d6e] Decoded "[{"longitude":-117.922008,"latitude":33.817595,"attractionName":"Disneyland","city":"Anaheim","stat (truncated)...
10:13:40.106 [reactor-http-nio-4] DEBUG reactor.netty.resources.PooledConnectionProvider - [id: 0x634507d6, L:/127.0.0.1:50625 - R:localhost/127.0.0.1:8083] onStateChange(GET{uri=/attractions, connection=PooledConnection{channel=[id: 0x634507d6, L:/127.0.0.1:50625 - R:localhost/127.0.0.1:8083]}}, [disconnecting])
10:13:40.106 [reactor-http-nio-4] DEBUG reactor.netty.resources.PooledConnectionProvider - [id: 0x634507d6, L:/127.0.0.1:50625 - R:localhost/127.0.0.1:8083] Releasing channel
10:13:40.106 [reactor-http-nio-4] DEBUG reactor.netty.resources.PooledConnectionProvider - [id: 0x634507d6, L:/127.0.0.1:50625 - R:localhost/127.0.0.1:8083] Channel cleaned, now 3 active connections and 88 inactive connections
10:13:40.106 [reactor-http-nio-1] DEBUG reactor.netty.resources.PooledConnectionProvider - [id: 0x13354c9f, L:/127.0.0.1:50711 - R:localhost/127.0.0.1:8084] Registering pool release on close event for channel
10:13:40.106 [reactor-http-nio-1] DEBUG reactor.netty.http.client.HttpClientConnect - [id: 0x13354c9f, L:/127.0.0.1:50711 - R:localhost/127.0.0.1:8084] Handler is being applied: {uri=http://localhost:8084/attractionRewardPoint?attractionId=de489cb4-d93e-425f-828b-381a521e43dd&userId=42eb901d-40e0-45aa-b19c-61c5dcd033b9, method=GET}
10:13:40.107 [reactor-http-nio-1] DEBUG reactor.netty.resources.PooledConnectionProvider - [id: 0x13354c9f, L:/127.0.0.1:50711 - R:localhost/127.0.0.1:8084] onStateChange(GET{uri=/attractionRewardPoint?attractionId=de489cb4-d93e-425f-828b-381a521e43dd&userId=42eb901d-40e0-45aa-b19c-61c5dcd033b9, connection=PooledConnection{channel=[id: 0x13354c9f, L:/127.0.0.1:50711 - R:localhost/127.0.0.1:8084]}}, [request_sent])
10:13:40.107 [reactor-http-nio-1] DEBUG reactor.netty.resources.PooledConnectionProvider - [id: 0x13354c9f, L:/127.0.0.1:50711 - R:localhost/127.0.0.1:8084] Channel connected, now 10 active connections and 0 inactive connections
10:13:40.108 [reactor-http-nio-4] DEBUG reactor.netty.http.client.HttpClientOperations - [id: 0x6bb66c88, L:/127.0.0.1:50689 - R:localhost/127.0.0.1:8083] Received response (auto-read:false) : [Content-Type=application/json, Transfer-Encoding=chunked, Date=Tue, 07 Jun 2022 09:13:39 GMT]
10:13:40.108 [reactor-http-nio-1] DEBUG reactor.netty.http.client.HttpClientOperations - [id: 0xc90edc5e, L:/127.0.0.1:50630 - R:localhost/127.0.0.1:8083] Received response (auto-read:false) : [Content-Type=application/json, Transfer-Encoding=chunked, Date=Tue, 07 Jun 2022 09:13:39 GMT]
10:13:40.108 [reactor-http-nio-4] DEBUG reactor.netty.resources.PooledConnectionProvider - [id: 0x6bb66c88, L:/127.0.0.1:50689 - R:localhost/127.0.0.1:8083] onStateChange(GET{uri=/attractions, connection=PooledConnection{channel=[id: 0x6bb66c88, L:/127.0.0.1:50689 - R:localhost/127.0.0.1:8083]}}, [response_received])
10:13:40.108 [reactor-http-nio-1] DEBUG reactor.netty.resources.PooledConnectionProvider - [id: 0xc90edc5e, L:/127.0.0.1:50630 - R:localhost/127.0.0.1:8083] onStateChange(GET{uri=/attractions, connection=PooledConnection{channel=[id: 0xc90edc5e, L:/127.0.0.1:50630 - R:localhost/127.0.0.1:8083]}}, [response_received])
10:13:40.108 [reactor-http-nio-4] DEBUG org.springframework.web.reactive.function.client.ExchangeFunctions - [6f1b95af] Response 200 OK
10:13:40.108 [reactor-http-nio-1] DEBUG org.springframework.web.reactive.function.client.ExchangeFunctions - [25b8666d] Response 200 OK
10:13:40.109 [reactor-http-nio-1] DEBUG reactor.netty.channel.FluxReceive - [id: 0xc90edc5e, L:/127.0.0.1:50630 - R:localhost/127.0.0.1:8083] Subscribing inbound receiver [pending: 0, cancelled:false, inboundDone: false]
10:13:40.109 [reactor-http-nio-4] DEBUG reactor.netty.channel.FluxReceive - [id: 0x6bb66c88, L:/127.0.0.1:50689 - R:localhost/127.0.0.1:8083] Subscribing inbound receiver [pending: 0, cancelled:false, inboundDone: false]
10:13:40.109 [reactor-http-nio-1] DEBUG reactor.netty.http.client.HttpClientOperations - [id: 0xc90edc5e, L:/127.0.0.1:50630 - R:localhost/127.0.0.1:8083] Received last HTTP packet
10:13:40.109 [reactor-http-nio-1] DEBUG org.springframework.core.codec.StringDecoder - [25b8666d] Decoded "[{"longitude":-117.922008,"latitude":33.817595,"attractionName":"Disneyland","city":"Anaheim","stat (truncated)...
10:13:40.109 [reactor-http-nio-1] DEBUG reactor.netty.resources.PooledConnectionProvider - [id: 0xc90edc5e, L:/127.0.0.1:50630 - R:localhost/127.0.0.1:8083] onStateChange(GET{uri=/attractions, connection=PooledConnection{channel=[id: 0xc90edc5e, L:/127.0.0.1:50630 - R:localhost/127.0.0.1:8083]}}, [disconnecting])
10:13:40.109 [reactor-http-nio-1] DEBUG reactor.netty.resources.PooledConnectionProvider - [id: 0xc90edc5e, L:/127.0.0.1:50630 - R:localhost/127.0.0.1:8083] Releasing channel
10:13:40.110 [reactor-http-nio-1] DEBUG reactor.netty.resources.PooledConnectionProvider - [id: 0xc90edc5e, L:/127.0.0.1:50630 - R:localhost/127.0.0.1:8083] Channel cleaned, now 2 active connections and 89 inactive connections
10:13:40.110 [reactor-http-nio-4] DEBUG reactor.netty.http.client.HttpClientOperations - [id: 0x6bb66c88, L:/127.0.0.1:50689 - R:localhost/127.0.0.1:8083] Received last HTTP packet
10:13:40.110 [reactor-http-nio-4] DEBUG org.springframework.core.codec.StringDecoder - [6f1b95af] Decoded "[{"longitude":-117.922008,"latitude":33.817595,"attractionName":"Disneyland","city":"Anaheim","stat (truncated)...
10:13:40.110 [reactor-http-nio-4] DEBUG reactor.netty.resources.PooledConnectionProvider - [id: 0x6bb66c88, L:/127.0.0.1:50689 - R:localhost/127.0.0.1:8083] onStateChange(GET{uri=/attractions, connection=PooledConnection{channel=[id: 0x6bb66c88, L:/127.0.0.1:50689 - R:localhost/127.0.0.1:8083]}}, [disconnecting])
10:13:40.110 [reactor-http-nio-4] DEBUG reactor.netty.resources.PooledConnectionProvider - [id: 0x6bb66c88, L:/127.0.0.1:50689 - R:localhost/127.0.0.1:8083] Releasing channel
10:13:40.110 [reactor-http-nio-4] DEBUG reactor.netty.resources.PooledConnectionProvider - [id: 0x6bb66c88, L:/127.0.0.1:50689 - R:localhost/127.0.0.1:8083] Channel cleaned, now 1 active connections and 90 inactive connections
10:13:40.111 [pool-7-thread-11] DEBUG org.springframework.web.reactive.function.client.ExchangeFunctions - [5f093305] HTTP GET http://localhost:8084/attractionRewardPoint?attractionId=c77acbcd-8f1f-4f2f-93ca-d9bd5817ff08&userId=364f79d7-e492-4542-8236-11188f6eb144
10:13:40.112 [reactor-http-nio-3] DEBUG reactor.netty.resources.PooledConnectionProvider - [id: 0x7f6c80a6] Created new pooled channel, now 10 active connections and 1 inactive connections
10:13:40.112 [reactor-http-nio-3] DEBUG reactor.netty.channel.BootstrapHandlers - [id: 0x7f6c80a6] Initialized pipeline DefaultChannelPipeline{(BootstrapHandlers$BootstrapInitializerHandler#0 = reactor.netty.channel.BootstrapHandlers$BootstrapInitializerHandler), (SimpleChannelPool$1#0 = io.netty.channel.pool.SimpleChannelPool$1), (reactor.left.httpCodec = io.netty.handler.codec.http.HttpClientCodec), (reactor.left.decompressor = io.netty.handler.codec.http.HttpContentDecompressor), (reactor.right.reactiveBridge = reactor.netty.channel.ChannelOperationsHandler)}
10:13:40.113 [reactor-http-nio-3] DEBUG reactor.netty.resources.PooledConnectionProvider - [id: 0x7f6c80a6, L:/127.0.0.1:50712 - R:localhost/127.0.0.1:8084] onStateChange(PooledConnection{channel=[id: 0x7f6c80a6, L:/127.0.0.1:50712 - R:localhost/127.0.0.1:8084]}, [connected])
10:13:40.114 [reactor-http-nio-3] DEBUG reactor.netty.resources.PooledConnectionProvider - [id: 0x7f6c80a6, L:/127.0.0.1:50712 - R:localhost/127.0.0.1:8084] onStateChange(GET{uri=/, connection=PooledConnection{channel=[id: 0x7f6c80a6, L:/127.0.0.1:50712 - R:localhost/127.0.0.1:8084]}}, [configured])
10:13:40.114 [reactor-http-nio-3] DEBUG reactor.netty.resources.PooledConnectionProvider - [id: 0x7f6c80a6, L:/127.0.0.1:50712 - R:localhost/127.0.0.1:8084] Registering pool release on close event for channel
10:13:40.114 [reactor-http-nio-3] DEBUG reactor.netty.http.client.HttpClientConnect - [id: 0x7f6c80a6, L:/127.0.0.1:50712 - R:localhost/127.0.0.1:8084] Handler is being applied: {uri=http://localhost:8084/attractionRewardPoint?attractionId=c77acbcd-8f1f-4f2f-93ca-d9bd5817ff08&userId=364f79d7-e492-4542-8236-11188f6eb144, method=GET}
10:13:40.115 [reactor-http-nio-3] DEBUG reactor.netty.resources.PooledConnectionProvider - [id: 0x7f6c80a6, L:/127.0.0.1:50712 - R:localhost/127.0.0.1:8084] onStateChange(GET{uri=/attractionRewardPoint?attractionId=c77acbcd-8f1f-4f2f-93ca-d9bd5817ff08&userId=364f79d7-e492-4542-8236-11188f6eb144, connection=PooledConnection{channel=[id: 0x7f6c80a6, L:/127.0.0.1:50712 - R:localhost/127.0.0.1:8084]}}, [request_sent])
10:13:40.115 [reactor-http-nio-3] DEBUG reactor.netty.resources.PooledConnectionProvider - [id: 0x7f6c80a6, L:/127.0.0.1:50712 - R:localhost/127.0.0.1:8084] Channel connected, now 11 active connections and 0 inactive connections
10:13:40.117 [pool-7-thread-12] DEBUG org.springframework.web.reactive.function.client.ExchangeFunctions - [22909694] HTTP GET http://localhost:8084/attractionRewardPoint?attractionId=0e87fa8d-f9d9-407e-9300-148c3351d87e&userId=be98bfd0-4db0-4bff-8748-f51963965635
10:13:40.118 [reactor-http-nio-1] DEBUG reactor.netty.resources.PooledConnectionProvider - [id: 0xd8c11f27] Created new pooled channel, now 11 active connections and 1 inactive connections
10:13:40.118 [reactor-http-nio-1] DEBUG reactor.netty.channel.BootstrapHandlers - [id: 0xd8c11f27] Initialized pipeline DefaultChannelPipeline{(BootstrapHandlers$BootstrapInitializerHandler#0 = reactor.netty.channel.BootstrapHandlers$BootstrapInitializerHandler), (SimpleChannelPool$1#0 = io.netty.channel.pool.SimpleChannelPool$1), (reactor.left.httpCodec = io.netty.handler.codec.http.HttpClientCodec), (reactor.left.decompressor = io.netty.handler.codec.http.HttpContentDecompressor), (reactor.right.reactiveBridge = reactor.netty.channel.ChannelOperationsHandler)}
10:13:40.119 [reactor-http-nio-1] DEBUG reactor.netty.resources.PooledConnectionProvider - [id: 0xd8c11f27, L:/127.0.0.1:50713 - R:localhost/127.0.0.1:8084] onStateChange(PooledConnection{channel=[id: 0xd8c11f27, L:/127.0.0.1:50713 - R:localhost/127.0.0.1:8084]}, [connected])
10:13:40.119 [reactor-http-nio-1] DEBUG reactor.netty.resources.PooledConnectionProvider - [id: 0xd8c11f27, L:/127.0.0.1:50713 - R:localhost/127.0.0.1:8084] onStateChange(GET{uri=/, connection=PooledConnection{channel=[id: 0xd8c11f27, L:/127.0.0.1:50713 - R:localhost/127.0.0.1:8084]}}, [configured])
10:13:40.120 [reactor-http-nio-1] DEBUG reactor.netty.resources.PooledConnectionProvider - [id: 0xd8c11f27, L:/127.0.0.1:50713 - R:localhost/127.0.0.1:8084] Registering pool release on close event for channel
10:13:40.120 [reactor-http-nio-1] DEBUG reactor.netty.http.client.HttpClientConnect - [id: 0xd8c11f27, L:/127.0.0.1:50713 - R:localhost/127.0.0.1:8084] Handler is being applied: {uri=http://localhost:8084/attractionRewardPoint?attractionId=0e87fa8d-f9d9-407e-9300-148c3351d87e&userId=be98bfd0-4db0-4bff-8748-f51963965635, method=GET}
10:13:40.121 [reactor-http-nio-1] DEBUG reactor.netty.resources.PooledConnectionProvider - [id: 0xd8c11f27, L:/127.0.0.1:50713 - R:localhost/127.0.0.1:8084] onStateChange(GET{uri=/attractionRewardPoint?attractionId=0e87fa8d-f9d9-407e-9300-148c3351d87e&userId=be98bfd0-4db0-4bff-8748-f51963965635, connection=PooledConnection{channel=[id: 0xd8c11f27, L:/127.0.0.1:50713 - R:localhost/127.0.0.1:8084]}}, [request_sent])
10:13:40.121 [reactor-http-nio-1] DEBUG reactor.netty.resources.PooledConnectionProvider - [id: 0xd8c11f27, L:/127.0.0.1:50713 - R:localhost/127.0.0.1:8084] Channel connected, now 12 active connections and 0 inactive connections
10:13:40.121 [pool-7-thread-13] DEBUG org.springframework.web.reactive.function.client.ExchangeFunctions - [2b7f8caa] HTTP GET http://localhost:8084/attractionRewardPoint?attractionId=4e8bb7c6-a7cd-49aa-a899-eb72f539473b&userId=86812f3f-622a-47f6-b49c-e2c151771ecb
10:13:40.121 [pool-7-thread-14] DEBUG org.springframework.web.reactive.function.client.ExchangeFunctions - [61dc663c] HTTP GET http://localhost:8084/attractionRewardPoint?attractionId=9035c5a4-8632-4fd1-a437-e817bf839f7c&userId=2f14224e-ef57-428e-9f40-53e3252a9ea9
10:13:40.122 [reactor-http-nio-4] DEBUG reactor.netty.resources.PooledConnectionProvider - [id: 0x0a0728b4] Created new pooled channel, now 12 active connections and 1 inactive connections
10:13:40.122 [reactor-http-nio-1] DEBUG reactor.netty.resources.PooledConnectionProvider - [id: 0xf75d7644] Created new pooled channel, now 12 active connections and 2 inactive connections
10:13:40.122 [reactor-http-nio-4] DEBUG reactor.netty.channel.BootstrapHandlers - [id: 0x0a0728b4] Initialized pipeline DefaultChannelPipeline{(BootstrapHandlers$BootstrapInitializerHandler#0 = reactor.netty.channel.BootstrapHandlers$BootstrapInitializerHandler), (SimpleChannelPool$1#0 = io.netty.channel.pool.SimpleChannelPool$1), (reactor.left.httpCodec = io.netty.handler.codec.http.HttpClientCodec), (reactor.left.decompressor = io.netty.handler.codec.http.HttpContentDecompressor), (reactor.right.reactiveBridge = reactor.netty.channel.ChannelOperationsHandler)}
10:13:40.122 [reactor-http-nio-1] DEBUG reactor.netty.channel.BootstrapHandlers - [id: 0xf75d7644] Initialized pipeline DefaultChannelPipeline{(BootstrapHandlers$BootstrapInitializerHandler#0 = reactor.netty.channel.BootstrapHandlers$BootstrapInitializerHandler), (SimpleChannelPool$1#0 = io.netty.channel.pool.SimpleChannelPool$1), (reactor.left.httpCodec = io.netty.handler.codec.http.HttpClientCodec), (reactor.left.decompressor = io.netty.handler.codec.http.HttpContentDecompressor), (reactor.right.reactiveBridge = reactor.netty.channel.ChannelOperationsHandler)}
10:13:40.123 [reactor-http-nio-4] DEBUG reactor.netty.resources.PooledConnectionProvider - [id: 0x0a0728b4, L:/127.0.0.1:50714 - R:localhost/127.0.0.1:8084] onStateChange(PooledConnection{channel=[id: 0x0a0728b4, L:/127.0.0.1:50714 - R:localhost/127.0.0.1:8084]}, [connected])
10:13:40.123 [reactor-http-nio-4] DEBUG reactor.netty.resources.PooledConnectionProvider - [id: 0x0a0728b4, L:/127.0.0.1:50714 - R:localhost/127.0.0.1:8084] onStateChange(GET{uri=/, connection=PooledConnection{channel=[id: 0x0a0728b4, L:/127.0.0.1:50714 - R:localhost/127.0.0.1:8084]}}, [configured])
10:13:40.123 [reactor-http-nio-1] DEBUG reactor.netty.http.client.HttpClientOperations - [id: 0xea840478, L:/127.0.0.1:50645 - R:localhost/127.0.0.1:8083] Received response (auto-read:false) : [Content-Type=application/json, Transfer-Encoding=chunked, Date=Tue, 07 Jun 2022 09:13:39 GMT]
10:13:40.123 [reactor-http-nio-1] DEBUG reactor.netty.resources.PooledConnectionProvider - [id: 0xea840478, L:/127.0.0.1:50645 - R:localhost/127.0.0.1:8083] onStateChange(GET{uri=/attractions, connection=PooledConnection{channel=[id: 0xea840478, L:/127.0.0.1:50645 - R:localhost/127.0.0.1:8083]}}, [response_received])
10:13:40.123 [reactor-http-nio-1] DEBUG org.springframework.web.reactive.function.client.ExchangeFunctions - [5a733de8] Response 200 OK
10:13:40.123 [reactor-http-nio-1] DEBUG reactor.netty.channel.FluxReceive - [id: 0xea840478, L:/127.0.0.1:50645 - R:localhost/127.0.0.1:8083] Subscribing inbound receiver [pending: 0, cancelled:false, inboundDone: false]
10:13:40.124 [reactor-http-nio-1] DEBUG reactor.netty.http.client.HttpClientOperations - [id: 0xea840478, L:/127.0.0.1:50645 - R:localhost/127.0.0.1:8083] Received last HTTP packet
10:13:40.124 [reactor-http-nio-1] DEBUG org.springframework.core.codec.StringDecoder - [5a733de8] Decoded "[{"longitude":-117.922008,"latitude":33.817595,"attractionName":"Disneyland","city":"Anaheim","stat (truncated)...
10:13:40.124 [reactor-http-nio-1] DEBUG reactor.netty.resources.PooledConnectionProvider - [id: 0xea840478, L:/127.0.0.1:50645 - R:localhost/127.0.0.1:8083] onStateChange(GET{uri=/attractions, connection=PooledConnection{channel=[id: 0xea840478, L:/127.0.0.1:50645 - R:localhost/127.0.0.1:8083]}}, [disconnecting])
10:13:40.124 [reactor-http-nio-1] DEBUG reactor.netty.resources.PooledConnectionProvider - [id: 0xea840478, L:/127.0.0.1:50645 - R:localhost/127.0.0.1:8083] Releasing channel
10:13:40.124 [reactor-http-nio-1] DEBUG reactor.netty.resources.PooledConnectionProvider - [id: 0xea840478, L:/127.0.0.1:50645 - R:localhost/127.0.0.1:8083] Channel cleaned, now 0 active connections and 91 inactive connections
10:13:40.124 [reactor-http-nio-1] DEBUG reactor.netty.resources.PooledConnectionProvider - [id: 0xf75d7644, L:/127.0.0.1:50715 - R:localhost/127.0.0.1:8084] onStateChange(PooledConnection{channel=[id: 0xf75d7644, L:/127.0.0.1:50715 - R:localhost/127.0.0.1:8084]}, [connected])
10:13:40.124 [reactor-http-nio-1] DEBUG reactor.netty.resources.PooledConnectionProvider - [id: 0xf75d7644, L:/127.0.0.1:50715 - R:localhost/127.0.0.1:8084] onStateChange(GET{uri=/, connection=PooledConnection{channel=[id: 0xf75d7644, L:/127.0.0.1:50715 - R:localhost/127.0.0.1:8084]}}, [configured])
10:13:40.125 [reactor-http-nio-1] DEBUG reactor.netty.resources.PooledConnectionProvider - [id: 0xf75d7644, L:/127.0.0.1:50715 - R:localhost/127.0.0.1:8084] Registering pool release on close event for channel
10:13:40.125 [reactor-http-nio-4] DEBUG reactor.netty.resources.PooledConnectionProvider - [id: 0x0a0728b4, L:/127.0.0.1:50714 - R:localhost/127.0.0.1:8084] Registering pool release on close event for channel
10:13:40.125 [reactor-http-nio-1] DEBUG reactor.netty.http.client.HttpClientConnect - [id: 0xf75d7644, L:/127.0.0.1:50715 - R:localhost/127.0.0.1:8084] Handler is being applied: {uri=http://localhost:8084/attractionRewardPoint?attractionId=9035c5a4-8632-4fd1-a437-e817bf839f7c&userId=2f14224e-ef57-428e-9f40-53e3252a9ea9, method=GET}
10:13:40.125 [reactor-http-nio-4] DEBUG reactor.netty.http.client.HttpClientConnect - [id: 0x0a0728b4, L:/127.0.0.1:50714 - R:localhost/127.0.0.1:8084] Handler is being applied: {uri=http://localhost:8084/attractionRewardPoint?attractionId=4e8bb7c6-a7cd-49aa-a899-eb72f539473b&userId=86812f3f-622a-47f6-b49c-e2c151771ecb, method=GET}
10:13:40.126 [reactor-http-nio-1] DEBUG reactor.netty.resources.PooledConnectionProvider - [id: 0xf75d7644, L:/127.0.0.1:50715 - R:localhost/127.0.0.1:8084] onStateChange(GET{uri=/attractionRewardPoint?attractionId=9035c5a4-8632-4fd1-a437-e817bf839f7c&userId=2f14224e-ef57-428e-9f40-53e3252a9ea9, connection=PooledConnection{channel=[id: 0xf75d7644, L:/127.0.0.1:50715 - R:localhost/127.0.0.1:8084]}}, [request_sent])
10:13:40.126 [reactor-http-nio-1] DEBUG reactor.netty.resources.PooledConnectionProvider - [id: 0xf75d7644, L:/127.0.0.1:50715 - R:localhost/127.0.0.1:8084] Channel connected, now 14 active connections and 0 inactive connections
10:13:40.126 [reactor-http-nio-4] DEBUG reactor.netty.resources.PooledConnectionProvider - [id: 0x0a0728b4, L:/127.0.0.1:50714 - R:localhost/127.0.0.1:8084] onStateChange(GET{uri=/attractionRewardPoint?attractionId=4e8bb7c6-a7cd-49aa-a899-eb72f539473b&userId=86812f3f-622a-47f6-b49c-e2c151771ecb, connection=PooledConnection{channel=[id: 0x0a0728b4, L:/127.0.0.1:50714 - R:localhost/127.0.0.1:8084]}}, [request_sent])
10:13:40.126 [reactor-http-nio-4] DEBUG reactor.netty.resources.PooledConnectionProvider - [id: 0x0a0728b4, L:/127.0.0.1:50714 - R:localhost/127.0.0.1:8084] Channel connected, now 14 active connections and 0 inactive connections
10:13:40.128 [pool-7-thread-15] DEBUG org.springframework.web.reactive.function.client.ExchangeFunctions - [54b4d8d6] HTTP GET http://localhost:8084/attractionRewardPoint?attractionId=834348b4-3dc5-43e0-bc61-9af208fd31b5&userId=720a2e9c-6824-458d-a392-d60015761cc6
10:13:40.129 [reactor-http-nio-3] DEBUG reactor.netty.resources.PooledConnectionProvider - [id: 0xf8dc966d] Created new pooled channel, now 14 active connections and 1 inactive connections
10:13:40.129 [reactor-http-nio-3] DEBUG reactor.netty.channel.BootstrapHandlers - [id: 0xf8dc966d] Initialized pipeline DefaultChannelPipeline{(BootstrapHandlers$BootstrapInitializerHandler#0 = reactor.netty.channel.BootstrapHandlers$BootstrapInitializerHandler), (SimpleChannelPool$1#0 = io.netty.channel.pool.SimpleChannelPool$1), (reactor.left.httpCodec = io.netty.handler.codec.http.HttpClientCodec), (reactor.left.decompressor = io.netty.handler.codec.http.HttpContentDecompressor), (reactor.right.reactiveBridge = reactor.netty.channel.ChannelOperationsHandler)}
10:13:40.130 [reactor-http-nio-3] DEBUG reactor.netty.resources.PooledConnectionProvider - [id: 0xf8dc966d, L:/127.0.0.1:50716 - R:localhost/127.0.0.1:8084] onStateChange(PooledConnection{channel=[id: 0xf8dc966d, L:/127.0.0.1:50716 - R:localhost/127.0.0.1:8084]}, [connected])
10:13:40.130 [reactor-http-nio-3] DEBUG reactor.netty.resources.PooledConnectionProvider - [id: 0xf8dc966d, L:/127.0.0.1:50716 - R:localhost/127.0.0.1:8084] onStateChange(GET{uri=/, connection=PooledConnection{channel=[id: 0xf8dc966d, L:/127.0.0.1:50716 - R:localhost/127.0.0.1:8084]}}, [configured])
10:13:40.131 [reactor-http-nio-3] DEBUG reactor.netty.resources.PooledConnectionProvider - [id: 0xf8dc966d, L:/127.0.0.1:50716 - R:localhost/127.0.0.1:8084] Registering pool release on close event for channel
10:13:40.131 [reactor-http-nio-3] DEBUG reactor.netty.http.client.HttpClientConnect - [id: 0xf8dc966d, L:/127.0.0.1:50716 - R:localhost/127.0.0.1:8084] Handler is being applied: {uri=http://localhost:8084/attractionRewardPoint?attractionId=834348b4-3dc5-43e0-bc61-9af208fd31b5&userId=720a2e9c-6824-458d-a392-d60015761cc6, method=GET}
10:13:40.131 [reactor-http-nio-3] DEBUG reactor.netty.resources.PooledConnectionProvider - [id: 0xf8dc966d, L:/127.0.0.1:50716 - R:localhost/127.0.0.1:8084] onStateChange(GET{uri=/attractionRewardPoint?attractionId=834348b4-3dc5-43e0-bc61-9af208fd31b5&userId=720a2e9c-6824-458d-a392-d60015761cc6, connection=PooledConnection{channel=[id: 0xf8dc966d, L:/127.0.0.1:50716 - R:localhost/127.0.0.1:8084]}}, [request_sent])
10:13:40.132 [reactor-http-nio-3] DEBUG reactor.netty.resources.PooledConnectionProvider - [id: 0xf8dc966d, L:/127.0.0.1:50716 - R:localhost/127.0.0.1:8084] Channel connected, now 15 active connections and 0 inactive connections
10:13:40.137 [pool-7-thread-16] DEBUG org.springframework.web.reactive.function.client.ExchangeFunctions - [6a239e43] HTTP GET http://localhost:8083/attractions
10:13:40.138 [reactor-http-nio-4] DEBUG reactor.netty.resources.PooledConnectionProvider - [id: 0xb12e3b99, L:/127.0.0.1:50613 - R:localhost/127.0.0.1:8083] Channel acquired, now 1 active connections and 90 inactive connections
10:13:40.138 [reactor-http-nio-4] DEBUG reactor.netty.http.client.HttpClientConnect - [id: 0xb12e3b99, L:/127.0.0.1:50613 - R:localhost/127.0.0.1:8083] Handler is being applied: {uri=http://localhost:8083/attractions, method=GET}
10:13:40.138 [reactor-http-nio-4] DEBUG reactor.netty.resources.PooledConnectionProvider - [id: 0xb12e3b99, L:/127.0.0.1:50613 - R:localhost/127.0.0.1:8083] onStateChange(GET{uri=/attractions, connection=PooledConnection{channel=[id: 0xb12e3b99, L:/127.0.0.1:50613 - R:localhost/127.0.0.1:8083]}}, [request_sent])
10:13:40.142 [pool-7-thread-17] DEBUG org.springframework.web.reactive.function.client.ExchangeFunctions - [75ff6ce] HTTP GET http://localhost:8083/attractions
10:13:40.143 [reactor-http-nio-3] DEBUG reactor.netty.resources.PooledConnectionProvider - [id: 0x3f9a41fc, L:/127.0.0.1:50649 - R:localhost/127.0.0.1:8083] Channel acquired, now 2 active connections and 89 inactive connections
10:13:40.143 [reactor-http-nio-3] DEBUG reactor.netty.http.client.HttpClientConnect - [id: 0x3f9a41fc, L:/127.0.0.1:50649 - R:localhost/127.0.0.1:8083] Handler is being applied: {uri=http://localhost:8083/attractions, method=GET}
10:13:40.144 [reactor-http-nio-3] DEBUG reactor.netty.resources.PooledConnectionProvider - [id: 0x3f9a41fc, L:/127.0.0.1:50649 - R:localhost/127.0.0.1:8083] onStateChange(GET{uri=/attractions, connection=PooledConnection{channel=[id: 0x3f9a41fc, L:/127.0.0.1:50649 - R:localhost/127.0.0.1:8083]}}, [request_sent])
10:13:40.147 [pool-7-thread-18] DEBUG org.springframework.web.reactive.function.client.ExchangeFunctions - [7adeac22] HTTP GET http://localhost:8083/attractions
10:13:40.148 [reactor-http-nio-4] DEBUG reactor.netty.resources.PooledConnectionProvider - [id: 0xd35da22f, L:/127.0.0.1:50673 - R:localhost/127.0.0.1:8083] Channel acquired, now 3 active connections and 88 inactive connections
10:13:40.148 [reactor-http-nio-4] DEBUG reactor.netty.http.client.HttpClientConnect - [id: 0xd35da22f, L:/127.0.0.1:50673 - R:localhost/127.0.0.1:8083] Handler is being applied: {uri=http://localhost:8083/attractions, method=GET}
10:13:40.149 [reactor-http-nio-4] DEBUG reactor.netty.resources.PooledConnectionProvider - [id: 0xd35da22f, L:/127.0.0.1:50673 - R:localhost/127.0.0.1:8083] onStateChange(GET{uri=/attractions, connection=PooledConnection{channel=[id: 0xd35da22f, L:/127.0.0.1:50673 - R:localhost/127.0.0.1:8083]}}, [request_sent])
10:13:40.151 [reactor-http-nio-4] DEBUG reactor.netty.http.client.HttpClientOperations - [id: 0xb12e3b99, L:/127.0.0.1:50613 - R:localhost/127.0.0.1:8083] Received response (auto-read:false) : [Content-Type=application/json, Transfer-Encoding=chunked, Date=Tue, 07 Jun 2022 09:13:39 GMT]
10:13:40.151 [reactor-http-nio-4] DEBUG reactor.netty.resources.PooledConnectionProvider - [id: 0xb12e3b99, L:/127.0.0.1:50613 - R:localhost/127.0.0.1:8083] onStateChange(GET{uri=/attractions, connection=PooledConnection{channel=[id: 0xb12e3b99, L:/127.0.0.1:50613 - R:localhost/127.0.0.1:8083]}}, [response_received])
10:13:40.151 [reactor-http-nio-4] DEBUG org.springframework.web.reactive.function.client.ExchangeFunctions - [6a239e43] Response 200 OK
10:13:40.151 [reactor-http-nio-4] DEBUG reactor.netty.channel.FluxReceive - [id: 0xb12e3b99, L:/127.0.0.1:50613 - R:localhost/127.0.0.1:8083] Subscribing inbound receiver [pending: 0, cancelled:false, inboundDone: false]
10:13:40.152 [reactor-http-nio-4] DEBUG reactor.netty.http.client.HttpClientOperations - [id: 0xb12e3b99, L:/127.0.0.1:50613 - R:localhost/127.0.0.1:8083] Received last HTTP packet
10:13:40.152 [reactor-http-nio-4] DEBUG org.springframework.core.codec.StringDecoder - [6a239e43] Decoded "[{"longitude":-117.922008,"latitude":33.817595,"attractionName":"Disneyland","city":"Anaheim","stat (truncated)...
10:13:40.152 [reactor-http-nio-4] DEBUG reactor.netty.resources.PooledConnectionProvider - [id: 0xb12e3b99, L:/127.0.0.1:50613 - R:localhost/127.0.0.1:8083] onStateChange(GET{uri=/attractions, connection=PooledConnection{channel=[id: 0xb12e3b99, L:/127.0.0.1:50613 - R:localhost/127.0.0.1:8083]}}, [disconnecting])
10:13:40.152 [reactor-http-nio-4] DEBUG reactor.netty.resources.PooledConnectionProvider - [id: 0xb12e3b99, L:/127.0.0.1:50613 - R:localhost/127.0.0.1:8083] Releasing channel
10:13:40.152 [reactor-http-nio-4] DEBUG reactor.netty.resources.PooledConnectionProvider - [id: 0xb12e3b99, L:/127.0.0.1:50613 - R:localhost/127.0.0.1:8083] Channel cleaned, now 2 active connections and 89 inactive connections
10:13:40.153 [pool-7-thread-16] DEBUG org.springframework.web.reactive.function.client.ExchangeFunctions - [64e46d77] HTTP GET http://localhost:8084/attractionRewardPoint?attractionId=033edfb3-012d-4b2b-8877-f4a1fa907837&userId=b61c151d-19b1-4334-8be6-20b554a8e07a
10:13:40.154 [reactor-http-nio-4] DEBUG reactor.netty.resources.PooledConnectionProvider - [id: 0x371462f1] Created new pooled channel, now 15 active connections and 1 inactive connections
10:13:40.154 [reactor-http-nio-4] DEBUG reactor.netty.channel.BootstrapHandlers - [id: 0x371462f1] Initialized pipeline DefaultChannelPipeline{(BootstrapHandlers$BootstrapInitializerHandler#0 = reactor.netty.channel.BootstrapHandlers$BootstrapInitializerHandler), (SimpleChannelPool$1#0 = io.netty.channel.pool.SimpleChannelPool$1), (reactor.left.httpCodec = io.netty.handler.codec.http.HttpClientCodec), (reactor.left.decompressor = io.netty.handler.codec.http.HttpContentDecompressor), (reactor.right.reactiveBridge = reactor.netty.channel.ChannelOperationsHandler)}
10:13:40.155 [reactor-http-nio-4] DEBUG reactor.netty.resources.PooledConnectionProvider - [id: 0x371462f1, L:/127.0.0.1:50717 - R:localhost/127.0.0.1:8084] onStateChange(PooledConnection{channel=[id: 0x371462f1, L:/127.0.0.1:50717 - R:localhost/127.0.0.1:8084]}, [connected])
10:13:40.155 [reactor-http-nio-4] DEBUG reactor.netty.resources.PooledConnectionProvider - [id: 0x371462f1, L:/127.0.0.1:50717 - R:localhost/127.0.0.1:8084] onStateChange(GET{uri=/, connection=PooledConnection{channel=[id: 0x371462f1, L:/127.0.0.1:50717 - R:localhost/127.0.0.1:8084]}}, [configured])
10:13:40.156 [reactor-http-nio-4] DEBUG reactor.netty.resources.PooledConnectionProvider - [id: 0x371462f1, L:/127.0.0.1:50717 - R:localhost/127.0.0.1:8084] Registering pool release on close event for channel
10:13:40.156 [reactor-http-nio-4] DEBUG reactor.netty.http.client.HttpClientConnect - [id: 0x371462f1, L:/127.0.0.1:50717 - R:localhost/127.0.0.1:8084] Handler is being applied: {uri=http://localhost:8084/attractionRewardPoint?attractionId=033edfb3-012d-4b2b-8877-f4a1fa907837&userId=b61c151d-19b1-4334-8be6-20b554a8e07a, method=GET}
10:13:40.157 [reactor-http-nio-4] DEBUG reactor.netty.resources.PooledConnectionProvider - [id: 0x371462f1, L:/127.0.0.1:50717 - R:localhost/127.0.0.1:8084] onStateChange(GET{uri=/attractionRewardPoint?attractionId=033edfb3-012d-4b2b-8877-f4a1fa907837&userId=b61c151d-19b1-4334-8be6-20b554a8e07a, connection=PooledConnection{channel=[id: 0x371462f1, L:/127.0.0.1:50717 - R:localhost/127.0.0.1:8084]}}, [request_sent])
10:13:40.157 [reactor-http-nio-4] DEBUG reactor.netty.resources.PooledConnectionProvider - [id: 0x371462f1, L:/127.0.0.1:50717 - R:localhost/127.0.0.1:8084] Channel connected, now 16 active connections and 0 inactive connections
10:13:40.157 [reactor-http-nio-3] DEBUG reactor.netty.http.client.HttpClientOperations - [id: 0x3f9a41fc, L:/127.0.0.1:50649 - R:localhost/127.0.0.1:8083] Received response (auto-read:false) : [Content-Type=application/json, Transfer-Encoding=chunked, Date=Tue, 07 Jun 2022 09:13:39 GMT]
10:13:40.158 [reactor-http-nio-3] DEBUG reactor.netty.resources.PooledConnectionProvider - [id: 0x3f9a41fc, L:/127.0.0.1:50649 - R:localhost/127.0.0.1:8083] onStateChange(GET{uri=/attractions, connection=PooledConnection{channel=[id: 0x3f9a41fc, L:/127.0.0.1:50649 - R:localhost/127.0.0.1:8083]}}, [response_received])
10:13:40.158 [reactor-http-nio-3] DEBUG org.springframework.web.reactive.function.client.ExchangeFunctions - [75ff6ce] Response 200 OK
10:13:40.158 [reactor-http-nio-3] DEBUG reactor.netty.channel.FluxReceive - [id: 0x3f9a41fc, L:/127.0.0.1:50649 - R:localhost/127.0.0.1:8083] Subscribing inbound receiver [pending: 0, cancelled:false, inboundDone: false]
10:13:40.158 [reactor-http-nio-3] DEBUG reactor.netty.http.client.HttpClientOperations - [id: 0x3f9a41fc, L:/127.0.0.1:50649 - R:localhost/127.0.0.1:8083] Received last HTTP packet
10:13:40.158 [reactor-http-nio-3] DEBUG org.springframework.core.codec.StringDecoder - [75ff6ce] Decoded "[{"longitude":-117.922008,"latitude":33.817595,"attractionName":"Disneyland","city":"Anaheim","stat (truncated)...
10:13:40.158 [reactor-http-nio-3] DEBUG reactor.netty.resources.PooledConnectionProvider - [id: 0x3f9a41fc, L:/127.0.0.1:50649 - R:localhost/127.0.0.1:8083] onStateChange(GET{uri=/attractions, connection=PooledConnection{channel=[id: 0x3f9a41fc, L:/127.0.0.1:50649 - R:localhost/127.0.0.1:8083]}}, [disconnecting])
10:13:40.159 [reactor-http-nio-3] DEBUG reactor.netty.resources.PooledConnectionProvider - [id: 0x3f9a41fc, L:/127.0.0.1:50649 - R:localhost/127.0.0.1:8083] Releasing channel
10:13:40.159 [reactor-http-nio-3] DEBUG reactor.netty.resources.PooledConnectionProvider - [id: 0x3f9a41fc, L:/127.0.0.1:50649 - R:localhost/127.0.0.1:8083] Channel cleaned, now 1 active connections and 90 inactive connections
10:13:40.160 [pool-7-thread-17] DEBUG org.springframework.web.reactive.function.client.ExchangeFunctions - [9981855] HTTP GET http://localhost:8084/attractionRewardPoint?attractionId=91558d8a-8495-409c-9922-224834d4853f&userId=1975fd97-1ba1-4f43-9cd6-96e06373b76d
10:13:40.160 [reactor-http-nio-2] DEBUG reactor.netty.resources.PooledConnectionProvider - [id: 0x9804c67f] Created new pooled channel, now 16 active connections and 1 inactive connections
10:13:40.161 [reactor-http-nio-2] DEBUG reactor.netty.channel.BootstrapHandlers - [id: 0x9804c67f] Initialized pipeline DefaultChannelPipeline{(BootstrapHandlers$BootstrapInitializerHandler#0 = reactor.netty.channel.BootstrapHandlers$BootstrapInitializerHandler), (SimpleChannelPool$1#0 = io.netty.channel.pool.SimpleChannelPool$1), (reactor.left.httpCodec = io.netty.handler.codec.http.HttpClientCodec), (reactor.left.decompressor = io.netty.handler.codec.http.HttpContentDecompressor), (reactor.right.reactiveBridge = reactor.netty.channel.ChannelOperationsHandler)}
10:13:40.161 [reactor-http-nio-4] DEBUG reactor.netty.http.client.HttpClientOperations - [id: 0xd35da22f, L:/127.0.0.1:50673 - R:localhost/127.0.0.1:8083] Received response (auto-read:false) : [Content-Type=application/json, Transfer-Encoding=chunked, Date=Tue, 07 Jun 2022 09:13:39 GMT]
10:13:40.161 [reactor-http-nio-4] DEBUG reactor.netty.resources.PooledConnectionProvider - [id: 0xd35da22f, L:/127.0.0.1:50673 - R:localhost/127.0.0.1:8083] onStateChange(GET{uri=/attractions, connection=PooledConnection{channel=[id: 0xd35da22f, L:/127.0.0.1:50673 - R:localhost/127.0.0.1:8083]}}, [response_received])
10:13:40.161 [reactor-http-nio-4] DEBUG org.springframework.web.reactive.function.client.ExchangeFunctions - [7adeac22] Response 200 OK
10:13:40.161 [reactor-http-nio-4] DEBUG reactor.netty.channel.FluxReceive - [id: 0xd35da22f, L:/127.0.0.1:50673 - R:localhost/127.0.0.1:8083] Subscribing inbound receiver [pending: 0, cancelled:false, inboundDone: false]
10:13:40.162 [reactor-http-nio-4] DEBUG reactor.netty.http.client.HttpClientOperations - [id: 0xd35da22f, L:/127.0.0.1:50673 - R:localhost/127.0.0.1:8083] Received last HTTP packet
10:13:40.162 [reactor-http-nio-4] DEBUG org.springframework.core.codec.StringDecoder - [7adeac22] Decoded "[{"longitude":-117.922008,"latitude":33.817595,"attractionName":"Disneyland","city":"Anaheim","stat (truncated)...
10:13:40.162 [reactor-http-nio-4] DEBUG reactor.netty.resources.PooledConnectionProvider - [id: 0xd35da22f, L:/127.0.0.1:50673 - R:localhost/127.0.0.1:8083] onStateChange(GET{uri=/attractions, connection=PooledConnection{channel=[id: 0xd35da22f, L:/127.0.0.1:50673 - R:localhost/127.0.0.1:8083]}}, [disconnecting])
10:13:40.162 [reactor-http-nio-4] DEBUG reactor.netty.resources.PooledConnectionProvider - [id: 0xd35da22f, L:/127.0.0.1:50673 - R:localhost/127.0.0.1:8083] Releasing channel
10:13:40.162 [reactor-http-nio-4] DEBUG reactor.netty.resources.PooledConnectionProvider - [id: 0xd35da22f, L:/127.0.0.1:50673 - R:localhost/127.0.0.1:8083] Channel cleaned, now 0 active connections and 91 inactive connections
10:13:40.162 [reactor-http-nio-2] DEBUG reactor.netty.resources.PooledConnectionProvider - [id: 0x9804c67f, L:/127.0.0.1:50718 - R:localhost/127.0.0.1:8084] onStateChange(PooledConnection{channel=[id: 0x9804c67f, L:/127.0.0.1:50718 - R:localhost/127.0.0.1:8084]}, [connected])
10:13:40.163 [reactor-http-nio-2] DEBUG reactor.netty.resources.PooledConnectionProvider - [id: 0x9804c67f, L:/127.0.0.1:50718 - R:localhost/127.0.0.1:8084] onStateChange(GET{uri=/, connection=PooledConnection{channel=[id: 0x9804c67f, L:/127.0.0.1:50718 - R:localhost/127.0.0.1:8084]}}, [configured])
10:13:40.163 [reactor-http-nio-2] DEBUG reactor.netty.resources.PooledConnectionProvider - [id: 0x9804c67f, L:/127.0.0.1:50718 - R:localhost/127.0.0.1:8084] Registering pool release on close event for channel
10:13:40.163 [reactor-http-nio-2] DEBUG reactor.netty.http.client.HttpClientConnect - [id: 0x9804c67f, L:/127.0.0.1:50718 - R:localhost/127.0.0.1:8084] Handler is being applied: {uri=http://localhost:8084/attractionRewardPoint?attractionId=91558d8a-8495-409c-9922-224834d4853f&userId=1975fd97-1ba1-4f43-9cd6-96e06373b76d, method=GET}
10:13:40.163 [reactor-http-nio-2] DEBUG reactor.netty.resources.PooledConnectionProvider - [id: 0x9804c67f, L:/127.0.0.1:50718 - R:localhost/127.0.0.1:8084] onStateChange(GET{uri=/attractionRewardPoint?attractionId=91558d8a-8495-409c-9922-224834d4853f&userId=1975fd97-1ba1-4f43-9cd6-96e06373b76d, connection=PooledConnection{channel=[id: 0x9804c67f, L:/127.0.0.1:50718 - R:localhost/127.0.0.1:8084]}}, [request_sent])
10:13:40.164 [reactor-http-nio-2] DEBUG reactor.netty.resources.PooledConnectionProvider - [id: 0x9804c67f, L:/127.0.0.1:50718 - R:localhost/127.0.0.1:8084] Channel connected, now 17 active connections and 0 inactive connections
10:13:40.164 [pool-7-thread-18] DEBUG org.springframework.web.reactive.function.client.ExchangeFunctions - [74194d09] HTTP GET http://localhost:8084/attractionRewardPoint?attractionId=7bedc8cc-6889-46f0-bb00-fbb738de689e&userId=a9ae8b32-c961-4de0-9d23-fc4625d7823f
10:13:40.165 [reactor-http-nio-4] DEBUG reactor.netty.resources.PooledConnectionProvider - [id: 0x388a51af] Created new pooled channel, now 17 active connections and 1 inactive connections
10:13:40.165 [reactor-http-nio-4] DEBUG reactor.netty.channel.BootstrapHandlers - [id: 0x388a51af] Initialized pipeline DefaultChannelPipeline{(BootstrapHandlers$BootstrapInitializerHandler#0 = reactor.netty.channel.BootstrapHandlers$BootstrapInitializerHandler), (SimpleChannelPool$1#0 = io.netty.channel.pool.SimpleChannelPool$1), (reactor.left.httpCodec = io.netty.handler.codec.http.HttpClientCodec), (reactor.left.decompressor = io.netty.handler.codec.http.HttpContentDecompressor), (reactor.right.reactiveBridge = reactor.netty.channel.ChannelOperationsHandler)}
10:13:40.166 [reactor-http-nio-4] DEBUG reactor.netty.resources.PooledConnectionProvider - [id: 0x388a51af, L:/127.0.0.1:50719 - R:localhost/127.0.0.1:8084] onStateChange(PooledConnection{channel=[id: 0x388a51af, L:/127.0.0.1:50719 - R:localhost/127.0.0.1:8084]}, [connected])
10:13:40.166 [reactor-http-nio-4] DEBUG reactor.netty.resources.PooledConnectionProvider - [id: 0x388a51af, L:/127.0.0.1:50719 - R:localhost/127.0.0.1:8084] onStateChange(GET{uri=/, connection=PooledConnection{channel=[id: 0x388a51af, L:/127.0.0.1:50719 - R:localhost/127.0.0.1:8084]}}, [configured])
10:13:40.166 [reactor-http-nio-4] DEBUG reactor.netty.resources.PooledConnectionProvider - [id: 0x388a51af, L:/127.0.0.1:50719 - R:localhost/127.0.0.1:8084] Registering pool release on close event for channel
10:13:40.167 [reactor-http-nio-4] DEBUG reactor.netty.http.client.HttpClientConnect - [id: 0x388a51af, L:/127.0.0.1:50719 - R:localhost/127.0.0.1:8084] Handler is being applied: {uri=http://localhost:8084/attractionRewardPoint?attractionId=7bedc8cc-6889-46f0-bb00-fbb738de689e&userId=a9ae8b32-c961-4de0-9d23-fc4625d7823f, method=GET}
10:13:40.167 [reactor-http-nio-4] DEBUG reactor.netty.resources.PooledConnectionProvider - [id: 0x388a51af, L:/127.0.0.1:50719 - R:localhost/127.0.0.1:8084] onStateChange(GET{uri=/attractionRewardPoint?attractionId=7bedc8cc-6889-46f0-bb00-fbb738de689e&userId=a9ae8b32-c961-4de0-9d23-fc4625d7823f, connection=PooledConnection{channel=[id: 0x388a51af, L:/127.0.0.1:50719 - R:localhost/127.0.0.1:8084]}}, [request_sent])
10:13:40.168 [reactor-http-nio-4] DEBUG reactor.netty.resources.PooledConnectionProvider - [id: 0x388a51af, L:/127.0.0.1:50719 - R:localhost/127.0.0.1:8084] Channel connected, now 18 active connections and 0 inactive connections
10:13:40.186 [pool-7-thread-19] DEBUG org.springframework.web.reactive.function.client.ExchangeFunctions - [5c9b7a3] HTTP GET http://localhost:8083/attractions
10:13:40.188 [reactor-http-nio-3] DEBUG reactor.netty.resources.PooledConnectionProvider - [id: 0x3ebd4108, L:/127.0.0.1:50652 - R:localhost/127.0.0.1:8083] Channel acquired, now 1 active connections and 90 inactive connections
10:13:40.188 [reactor-http-nio-3] DEBUG reactor.netty.http.client.HttpClientConnect - [id: 0x3ebd4108, L:/127.0.0.1:50652 - R:localhost/127.0.0.1:8083] Handler is being applied: {uri=http://localhost:8083/attractions, method=GET}
10:13:40.188 [reactor-http-nio-3] DEBUG reactor.netty.resources.PooledConnectionProvider - [id: 0x3ebd4108, L:/127.0.0.1:50652 - R:localhost/127.0.0.1:8083] onStateChange(GET{uri=/attractions, connection=PooledConnection{channel=[id: 0x3ebd4108, L:/127.0.0.1:50652 - R:localhost/127.0.0.1:8083]}}, [request_sent])
10:13:40.190 [pool-7-thread-20] DEBUG org.springframework.web.reactive.function.client.ExchangeFunctions - [3436c9b0] HTTP GET http://localhost:8083/attractions
10:13:40.191 [reactor-http-nio-4] DEBUG reactor.netty.resources.PooledConnectionProvider - [id: 0x0e8dc7e0, L:/127.0.0.1:50627 - R:localhost/127.0.0.1:8083] Channel acquired, now 2 active connections and 89 inactive connections
10:13:40.192 [reactor-http-nio-4] DEBUG reactor.netty.http.client.HttpClientConnect - [id: 0x0e8dc7e0, L:/127.0.0.1:50627 - R:localhost/127.0.0.1:8083] Handler is being applied: {uri=http://localhost:8083/attractions, method=GET}
10:13:40.192 [reactor-http-nio-4] DEBUG reactor.netty.resources.PooledConnectionProvider - [id: 0x0e8dc7e0, L:/127.0.0.1:50627 - R:localhost/127.0.0.1:8083] onStateChange(GET{uri=/attractions, connection=PooledConnection{channel=[id: 0x0e8dc7e0, L:/127.0.0.1:50627 - R:localhost/127.0.0.1:8083]}}, [request_sent])
10:13:40.194 [pool-7-thread-21] DEBUG org.springframework.web.reactive.function.client.ExchangeFunctions - [5f0b4914] HTTP GET http://localhost:8083/attractions
10:13:40.195 [reactor-http-nio-4] DEBUG reactor.netty.resources.PooledConnectionProvider - [id: 0xd848025a, L:/127.0.0.1:50682 - R:localhost/127.0.0.1:8083] Channel acquired, now 3 active connections and 88 inactive connections
10:13:40.195 [reactor-http-nio-4] DEBUG reactor.netty.http.client.HttpClientConnect - [id: 0xd848025a, L:/127.0.0.1:50682 - R:localhost/127.0.0.1:8083] Handler is being applied: {uri=http://localhost:8083/attractions, method=GET}
10:13:40.196 [reactor-http-nio-4] DEBUG reactor.netty.resources.PooledConnectionProvider - [id: 0xd848025a, L:/127.0.0.1:50682 - R:localhost/127.0.0.1:8083] onStateChange(GET{uri=/attractions, connection=PooledConnection{channel=[id: 0xd848025a, L:/127.0.0.1:50682 - R:localhost/127.0.0.1:8083]}}, [request_sent])
10:13:40.198 [pool-7-thread-22] DEBUG org.springframework.web.reactive.function.client.ExchangeFunctions - [6a663016] HTTP GET http://localhost:8083/attractions
10:13:40.199 [reactor-http-nio-3] DEBUG reactor.netty.resources.PooledConnectionProvider - [id: 0x16156b84, L:/127.0.0.1:50655 - R:localhost/127.0.0.1:8083] Channel acquired, now 4 active connections and 87 inactive connections
10:13:40.199 [reactor-http-nio-3] DEBUG reactor.netty.http.client.HttpClientConnect - [id: 0x16156b84, L:/127.0.0.1:50655 - R:localhost/127.0.0.1:8083] Handler is being applied: {uri=http://localhost:8083/attractions, method=GET}
10:13:40.200 [reactor-http-nio-3] DEBUG reactor.netty.resources.PooledConnectionProvider - [id: 0x16156b84, L:/127.0.0.1:50655 - R:localhost/127.0.0.1:8083] onStateChange(GET{uri=/attractions, connection=PooledConnection{channel=[id: 0x16156b84, L:/127.0.0.1:50655 - R:localhost/127.0.0.1:8083]}}, [request_sent])
10:13:40.202 [reactor-http-nio-3] DEBUG reactor.netty.http.client.HttpClientOperations - [id: 0x3ebd4108, L:/127.0.0.1:50652 - R:localhost/127.0.0.1:8083] Received response (auto-read:false) : [Content-Type=application/json, Transfer-Encoding=chunked, Date=Tue, 07 Jun 2022 09:13:39 GMT]
10:13:40.202 [reactor-http-nio-3] DEBUG reactor.netty.resources.PooledConnectionProvider - [id: 0x3ebd4108, L:/127.0.0.1:50652 - R:localhost/127.0.0.1:8083] onStateChange(GET{uri=/attractions, connection=PooledConnection{channel=[id: 0x3ebd4108, L:/127.0.0.1:50652 - R:localhost/127.0.0.1:8083]}}, [response_received])
10:13:40.202 [reactor-http-nio-3] DEBUG org.springframework.web.reactive.function.client.ExchangeFunctions - [5c9b7a3] Response 200 OK
10:13:40.202 [reactor-http-nio-3] DEBUG reactor.netty.channel.FluxReceive - [id: 0x3ebd4108, L:/127.0.0.1:50652 - R:localhost/127.0.0.1:8083] Subscribing inbound receiver [pending: 0, cancelled:false, inboundDone: false]
10:13:40.203 [reactor-http-nio-3] DEBUG reactor.netty.http.client.HttpClientOperations - [id: 0x3ebd4108, L:/127.0.0.1:50652 - R:localhost/127.0.0.1:8083] Received last HTTP packet
10:13:40.203 [reactor-http-nio-3] DEBUG org.springframework.core.codec.StringDecoder - [5c9b7a3] Decoded "[{"longitude":-117.922008,"latitude":33.817595,"attractionName":"Disneyland","city":"Anaheim","stat (truncated)...
10:13:40.203 [reactor-http-nio-3] DEBUG reactor.netty.resources.PooledConnectionProvider - [id: 0x3ebd4108, L:/127.0.0.1:50652 - R:localhost/127.0.0.1:8083] onStateChange(GET{uri=/attractions, connection=PooledConnection{channel=[id: 0x3ebd4108, L:/127.0.0.1:50652 - R:localhost/127.0.0.1:8083]}}, [disconnecting])
10:13:40.203 [reactor-http-nio-3] DEBUG reactor.netty.resources.PooledConnectionProvider - [id: 0x3ebd4108, L:/127.0.0.1:50652 - R:localhost/127.0.0.1:8083] Releasing channel
10:13:40.203 [reactor-http-nio-3] DEBUG reactor.netty.resources.PooledConnectionProvider - [id: 0x3ebd4108, L:/127.0.0.1:50652 - R:localhost/127.0.0.1:8083] Channel cleaned, now 3 active connections and 88 inactive connections
10:13:40.205 [pool-7-thread-19] DEBUG org.springframework.web.reactive.function.client.ExchangeFunctions - [b0e496a] HTTP GET http://localhost:8084/attractionRewardPoint?attractionId=5c9e3abc-587b-4662-b4aa-0f16e2612f17&userId=c523b245-2ed3-4cfb-88ec-967469a8244a
10:13:40.206 [reactor-http-nio-2] DEBUG reactor.netty.resources.PooledConnectionProvider - [id: 0x383c9309] Created new pooled channel, now 18 active connections and 1 inactive connections
10:13:40.206 [reactor-http-nio-2] DEBUG reactor.netty.channel.BootstrapHandlers - [id: 0x383c9309] Initialized pipeline DefaultChannelPipeline{(BootstrapHandlers$BootstrapInitializerHandler#0 = reactor.netty.channel.BootstrapHandlers$BootstrapInitializerHandler), (SimpleChannelPool$1#0 = io.netty.channel.pool.SimpleChannelPool$1), (reactor.left.httpCodec = io.netty.handler.codec.http.HttpClientCodec), (reactor.left.decompressor = io.netty.handler.codec.http.HttpContentDecompressor), (reactor.right.reactiveBridge = reactor.netty.channel.ChannelOperationsHandler)}
10:13:40.207 [reactor-http-nio-2] DEBUG reactor.netty.resources.PooledConnectionProvider - [id: 0x383c9309, L:/127.0.0.1:50720 - R:localhost/127.0.0.1:8084] onStateChange(PooledConnection{channel=[id: 0x383c9309, L:/127.0.0.1:50720 - R:localhost/127.0.0.1:8084]}, [connected])
10:13:40.207 [reactor-http-nio-2] DEBUG reactor.netty.resources.PooledConnectionProvider - [id: 0x383c9309, L:/127.0.0.1:50720 - R:localhost/127.0.0.1:8084] onStateChange(GET{uri=/, connection=PooledConnection{channel=[id: 0x383c9309, L:/127.0.0.1:50720 - R:localhost/127.0.0.1:8084]}}, [configured])
10:13:40.207 [reactor-http-nio-2] DEBUG reactor.netty.resources.PooledConnectionProvider - [id: 0x383c9309, L:/127.0.0.1:50720 - R:localhost/127.0.0.1:8084] Registering pool release on close event for channel
10:13:40.207 [reactor-http-nio-2] DEBUG reactor.netty.http.client.HttpClientConnect - [id: 0x383c9309, L:/127.0.0.1:50720 - R:localhost/127.0.0.1:8084] Handler is being applied: {uri=http://localhost:8084/attractionRewardPoint?attractionId=5c9e3abc-587b-4662-b4aa-0f16e2612f17&userId=c523b245-2ed3-4cfb-88ec-967469a8244a, method=GET}
10:13:40.208 [reactor-http-nio-4] DEBUG reactor.netty.http.client.HttpClientOperations - [id: 0x0e8dc7e0, L:/127.0.0.1:50627 - R:localhost/127.0.0.1:8083] Received response (auto-read:false) : [Content-Type=application/json, Transfer-Encoding=chunked, Date=Tue, 07 Jun 2022 09:13:39 GMT]
10:13:40.208 [reactor-http-nio-4] DEBUG reactor.netty.resources.PooledConnectionProvider - [id: 0x0e8dc7e0, L:/127.0.0.1:50627 - R:localhost/127.0.0.1:8083] onStateChange(GET{uri=/attractions, connection=PooledConnection{channel=[id: 0x0e8dc7e0, L:/127.0.0.1:50627 - R:localhost/127.0.0.1:8083]}}, [response_received])
10:13:40.208 [reactor-http-nio-4] DEBUG org.springframework.web.reactive.function.client.ExchangeFunctions - [3436c9b0] Response 200 OK
10:13:40.208 [reactor-http-nio-2] DEBUG reactor.netty.resources.PooledConnectionProvider - [id: 0x383c9309, L:/127.0.0.1:50720 - R:localhost/127.0.0.1:8084] onStateChange(GET{uri=/attractionRewardPoint?attractionId=5c9e3abc-587b-4662-b4aa-0f16e2612f17&userId=c523b245-2ed3-4cfb-88ec-967469a8244a, connection=PooledConnection{channel=[id: 0x383c9309, L:/127.0.0.1:50720 - R:localhost/127.0.0.1:8084]}}, [request_sent])
10:13:40.208 [reactor-http-nio-2] DEBUG reactor.netty.resources.PooledConnectionProvider - [id: 0x383c9309, L:/127.0.0.1:50720 - R:localhost/127.0.0.1:8084] Channel connected, now 19 active connections and 0 inactive connections
10:13:40.209 [reactor-http-nio-4] DEBUG reactor.netty.channel.FluxReceive - [id: 0x0e8dc7e0, L:/127.0.0.1:50627 - R:localhost/127.0.0.1:8083] Subscribing inbound receiver [pending: 0, cancelled:false, inboundDone: false]
10:13:40.210 [reactor-http-nio-4] DEBUG reactor.netty.http.client.HttpClientOperations - [id: 0x0e8dc7e0, L:/127.0.0.1:50627 - R:localhost/127.0.0.1:8083] Received last HTTP packet
10:13:40.210 [reactor-http-nio-4] DEBUG org.springframework.core.codec.StringDecoder - [3436c9b0] Decoded "[{"longitude":-117.922008,"latitude":33.817595,"attractionName":"Disneyland","city":"Anaheim","stat (truncated)...
10:13:40.210 [reactor-http-nio-4] DEBUG reactor.netty.resources.PooledConnectionProvider - [id: 0x0e8dc7e0, L:/127.0.0.1:50627 - R:localhost/127.0.0.1:8083] onStateChange(GET{uri=/attractions, connection=PooledConnection{channel=[id: 0x0e8dc7e0, L:/127.0.0.1:50627 - R:localhost/127.0.0.1:8083]}}, [disconnecting])
10:13:40.210 [reactor-http-nio-4] DEBUG reactor.netty.resources.PooledConnectionProvider - [id: 0x0e8dc7e0, L:/127.0.0.1:50627 - R:localhost/127.0.0.1:8083] Releasing channel
10:13:40.210 [reactor-http-nio-4] DEBUG reactor.netty.resources.PooledConnectionProvider - [id: 0x0e8dc7e0, L:/127.0.0.1:50627 - R:localhost/127.0.0.1:8083] Channel cleaned, now 2 active connections and 89 inactive connections
10:13:40.211 [reactor-http-nio-4] DEBUG reactor.netty.http.client.HttpClientOperations - [id: 0xd848025a, L:/127.0.0.1:50682 - R:localhost/127.0.0.1:8083] Received response (auto-read:false) : [Content-Type=application/json, Transfer-Encoding=chunked, Date=Tue, 07 Jun 2022 09:13:39 GMT]
10:13:40.211 [reactor-http-nio-4] DEBUG reactor.netty.resources.PooledConnectionProvider - [id: 0xd848025a, L:/127.0.0.1:50682 - R:localhost/127.0.0.1:8083] onStateChange(GET{uri=/attractions, connection=PooledConnection{channel=[id: 0xd848025a, L:/127.0.0.1:50682 - R:localhost/127.0.0.1:8083]}}, [response_received])
10:13:40.211 [reactor-http-nio-4] DEBUG org.springframework.web.reactive.function.client.ExchangeFunctions - [5f0b4914] Response 200 OK
10:13:40.212 [reactor-http-nio-4] DEBUG reactor.netty.channel.FluxReceive - [id: 0xd848025a, L:/127.0.0.1:50682 - R:localhost/127.0.0.1:8083] Subscribing inbound receiver [pending: 0, cancelled:false, inboundDone: false]
10:13:40.212 [reactor-http-nio-4] DEBUG reactor.netty.http.client.HttpClientOperations - [id: 0xd848025a, L:/127.0.0.1:50682 - R:localhost/127.0.0.1:8083] Received last HTTP packet
10:13:40.212 [reactor-http-nio-4] DEBUG org.springframework.core.codec.StringDecoder - [5f0b4914] Decoded "[{"longitude":-117.922008,"latitude":33.817595,"attractionName":"Disneyland","city":"Anaheim","stat (truncated)...
10:13:40.212 [reactor-http-nio-4] DEBUG reactor.netty.resources.PooledConnectionProvider - [id: 0xd848025a, L:/127.0.0.1:50682 - R:localhost/127.0.0.1:8083] onStateChange(GET{uri=/attractions, connection=PooledConnection{channel=[id: 0xd848025a, L:/127.0.0.1:50682 - R:localhost/127.0.0.1:8083]}}, [disconnecting])
10:13:40.212 [reactor-http-nio-4] DEBUG reactor.netty.resources.PooledConnectionProvider - [id: 0xd848025a, L:/127.0.0.1:50682 - R:localhost/127.0.0.1:8083] Releasing channel
10:13:40.213 [reactor-http-nio-4] DEBUG reactor.netty.resources.PooledConnectionProvider - [id: 0xd848025a, L:/127.0.0.1:50682 - R:localhost/127.0.0.1:8083] Channel cleaned, now 1 active connections and 90 inactive connections
10:13:40.215 [reactor-http-nio-3] DEBUG reactor.netty.http.client.HttpClientOperations - [id: 0x16156b84, L:/127.0.0.1:50655 - R:localhost/127.0.0.1:8083] Received response (auto-read:false) : [Content-Type=application/json, Transfer-Encoding=chunked, Date=Tue, 07 Jun 2022 09:13:39 GMT]
10:13:40.215 [reactor-http-nio-3] DEBUG reactor.netty.resources.PooledConnectionProvider - [id: 0x16156b84, L:/127.0.0.1:50655 - R:localhost/127.0.0.1:8083] onStateChange(GET{uri=/attractions, connection=PooledConnection{channel=[id: 0x16156b84, L:/127.0.0.1:50655 - R:localhost/127.0.0.1:8083]}}, [response_received])
10:13:40.215 [reactor-http-nio-3] DEBUG org.springframework.web.reactive.function.client.ExchangeFunctions - [6a663016] Response 200 OK
10:13:40.215 [reactor-http-nio-3] DEBUG reactor.netty.channel.FluxReceive - [id: 0x16156b84, L:/127.0.0.1:50655 - R:localhost/127.0.0.1:8083] Subscribing inbound receiver [pending: 0, cancelled:false, inboundDone: false]
10:13:40.216 [reactor-http-nio-3] DEBUG reactor.netty.http.client.HttpClientOperations - [id: 0x16156b84, L:/127.0.0.1:50655 - R:localhost/127.0.0.1:8083] Received last HTTP packet
10:13:40.216 [reactor-http-nio-3] DEBUG org.springframework.core.codec.StringDecoder - [6a663016] Decoded "[{"longitude":-117.922008,"latitude":33.817595,"attractionName":"Disneyland","city":"Anaheim","stat (truncated)...
10:13:40.216 [reactor-http-nio-3] DEBUG reactor.netty.resources.PooledConnectionProvider - [id: 0x16156b84, L:/127.0.0.1:50655 - R:localhost/127.0.0.1:8083] onStateChange(GET{uri=/attractions, connection=PooledConnection{channel=[id: 0x16156b84, L:/127.0.0.1:50655 - R:localhost/127.0.0.1:8083]}}, [disconnecting])
10:13:40.216 [reactor-http-nio-3] DEBUG reactor.netty.resources.PooledConnectionProvider - [id: 0x16156b84, L:/127.0.0.1:50655 - R:localhost/127.0.0.1:8083] Releasing channel
10:13:40.216 [reactor-http-nio-3] DEBUG reactor.netty.resources.PooledConnectionProvider - [id: 0x16156b84, L:/127.0.0.1:50655 - R:localhost/127.0.0.1:8083] Channel cleaned, now 0 active connections and 91 inactive connections
10:13:40.218 [pool-7-thread-21] DEBUG org.springframework.web.reactive.function.client.ExchangeFunctions - [51ccbc85] HTTP GET http://localhost:8084/attractionRewardPoint?attractionId=abbb568d-cd84-459d-8b5e-10edea152c77&userId=428a22b7-686a-4727-9f8c-51ba693dce7d
10:13:40.219 [reactor-http-nio-4] DEBUG reactor.netty.resources.PooledConnectionProvider - [id: 0x7419f596] Created new pooled channel, now 19 active connections and 1 inactive connections
10:13:40.219 [reactor-http-nio-4] DEBUG reactor.netty.channel.BootstrapHandlers - [id: 0x7419f596] Initialized pipeline DefaultChannelPipeline{(BootstrapHandlers$BootstrapInitializerHandler#0 = reactor.netty.channel.BootstrapHandlers$BootstrapInitializerHandler), (SimpleChannelPool$1#0 = io.netty.channel.pool.SimpleChannelPool$1), (reactor.left.httpCodec = io.netty.handler.codec.http.HttpClientCodec), (reactor.left.decompressor = io.netty.handler.codec.http.HttpContentDecompressor), (reactor.right.reactiveBridge = reactor.netty.channel.ChannelOperationsHandler)}
10:13:40.221 [reactor-http-nio-4] DEBUG reactor.netty.resources.PooledConnectionProvider - [id: 0x7419f596, L:/127.0.0.1:50721 - R:localhost/127.0.0.1:8084] onStateChange(PooledConnection{channel=[id: 0x7419f596, L:/127.0.0.1:50721 - R:localhost/127.0.0.1:8084]}, [connected])
10:13:40.221 [reactor-http-nio-4] DEBUG reactor.netty.resources.PooledConnectionProvider - [id: 0x7419f596, L:/127.0.0.1:50721 - R:localhost/127.0.0.1:8084] onStateChange(GET{uri=/, connection=PooledConnection{channel=[id: 0x7419f596, L:/127.0.0.1:50721 - R:localhost/127.0.0.1:8084]}}, [configured])
10:13:40.222 [reactor-http-nio-4] DEBUG reactor.netty.resources.PooledConnectionProvider - [id: 0x7419f596, L:/127.0.0.1:50721 - R:localhost/127.0.0.1:8084] Registering pool release on close event for channel
10:13:40.222 [reactor-http-nio-4] DEBUG reactor.netty.http.client.HttpClientConnect - [id: 0x7419f596, L:/127.0.0.1:50721 - R:localhost/127.0.0.1:8084] Handler is being applied: {uri=http://localhost:8084/attractionRewardPoint?attractionId=abbb568d-cd84-459d-8b5e-10edea152c77&userId=428a22b7-686a-4727-9f8c-51ba693dce7d, method=GET}
10:13:40.223 [reactor-http-nio-4] DEBUG reactor.netty.resources.PooledConnectionProvider - [id: 0x7419f596, L:/127.0.0.1:50721 - R:localhost/127.0.0.1:8084] onStateChange(GET{uri=/attractionRewardPoint?attractionId=abbb568d-cd84-459d-8b5e-10edea152c77&userId=428a22b7-686a-4727-9f8c-51ba693dce7d, connection=PooledConnection{channel=[id: 0x7419f596, L:/127.0.0.1:50721 - R:localhost/127.0.0.1:8084]}}, [request_sent])
10:13:40.223 [reactor-http-nio-4] DEBUG reactor.netty.resources.PooledConnectionProvider - [id: 0x7419f596, L:/127.0.0.1:50721 - R:localhost/127.0.0.1:8084] Channel connected, now 20 active connections and 0 inactive connections
10:13:40.224 [pool-7-thread-20] DEBUG org.springframework.web.reactive.function.client.ExchangeFunctions - [3af13146] HTTP GET http://localhost:8084/attractionRewardPoint?attractionId=2bf9d45a-8ffd-4666-99eb-208a60e7013a&userId=b7ad6903-169d-45f3-a278-30b2acf53d32
10:13:40.225 [reactor-http-nio-2] DEBUG reactor.netty.resources.PooledConnectionProvider - [id: 0xcd4f998e] Created new pooled channel, now 20 active connections and 1 inactive connections
10:13:40.225 [reactor-http-nio-2] DEBUG reactor.netty.channel.BootstrapHandlers - [id: 0xcd4f998e] Initialized pipeline DefaultChannelPipeline{(BootstrapHandlers$BootstrapInitializerHandler#0 = reactor.netty.channel.BootstrapHandlers$BootstrapInitializerHandler), (SimpleChannelPool$1#0 = io.netty.channel.pool.SimpleChannelPool$1), (reactor.left.httpCodec = io.netty.handler.codec.http.HttpClientCodec), (reactor.left.decompressor = io.netty.handler.codec.http.HttpContentDecompressor), (reactor.right.reactiveBridge = reactor.netty.channel.ChannelOperationsHandler)}
10:13:40.226 [reactor-http-nio-2] DEBUG reactor.netty.resources.PooledConnectionProvider - [id: 0xcd4f998e, L:/127.0.0.1:50722 - R:localhost/127.0.0.1:8084] onStateChange(PooledConnection{channel=[id: 0xcd4f998e, L:/127.0.0.1:50722 - R:localhost/127.0.0.1:8084]}, [connected])
10:13:40.227 [reactor-http-nio-2] DEBUG reactor.netty.resources.PooledConnectionProvider - [id: 0xcd4f998e, L:/127.0.0.1:50722 - R:localhost/127.0.0.1:8084] onStateChange(GET{uri=/, connection=PooledConnection{channel=[id: 0xcd4f998e, L:/127.0.0.1:50722 - R:localhost/127.0.0.1:8084]}}, [configured])
10:13:40.227 [reactor-http-nio-2] DEBUG reactor.netty.resources.PooledConnectionProvider - [id: 0xcd4f998e, L:/127.0.0.1:50722 - R:localhost/127.0.0.1:8084] Registering pool release on close event for channel
10:13:40.227 [reactor-http-nio-2] DEBUG reactor.netty.http.client.HttpClientConnect - [id: 0xcd4f998e, L:/127.0.0.1:50722 - R:localhost/127.0.0.1:8084] Handler is being applied: {uri=http://localhost:8084/attractionRewardPoint?attractionId=2bf9d45a-8ffd-4666-99eb-208a60e7013a&userId=b7ad6903-169d-45f3-a278-30b2acf53d32, method=GET}
10:13:40.228 [reactor-http-nio-2] DEBUG reactor.netty.resources.PooledConnectionProvider - [id: 0xcd4f998e, L:/127.0.0.1:50722 - R:localhost/127.0.0.1:8084] onStateChange(GET{uri=/attractionRewardPoint?attractionId=2bf9d45a-8ffd-4666-99eb-208a60e7013a&userId=b7ad6903-169d-45f3-a278-30b2acf53d32, connection=PooledConnection{channel=[id: 0xcd4f998e, L:/127.0.0.1:50722 - R:localhost/127.0.0.1:8084]}}, [request_sent])
10:13:40.228 [reactor-http-nio-2] DEBUG reactor.netty.resources.PooledConnectionProvider - [id: 0xcd4f998e, L:/127.0.0.1:50722 - R:localhost/127.0.0.1:8084] Channel connected, now 21 active connections and 0 inactive connections
10:13:40.231 [pool-7-thread-22] DEBUG org.springframework.web.reactive.function.client.ExchangeFunctions - [64a1d32a] HTTP GET http://localhost:8084/attractionRewardPoint?attractionId=7a58519b-28d5-4047-863d-65f257ec05ef&userId=0d7b0866-1149-4405-ad7b-2d30a8c19534
10:13:40.232 [reactor-http-nio-4] DEBUG reactor.netty.resources.PooledConnectionProvider - [id: 0x338b878d] Created new pooled channel, now 21 active connections and 1 inactive connections
10:13:40.232 [reactor-http-nio-4] DEBUG reactor.netty.channel.BootstrapHandlers - [id: 0x338b878d] Initialized pipeline DefaultChannelPipeline{(BootstrapHandlers$BootstrapInitializerHandler#0 = reactor.netty.channel.BootstrapHandlers$BootstrapInitializerHandler), (SimpleChannelPool$1#0 = io.netty.channel.pool.SimpleChannelPool$1), (reactor.left.httpCodec = io.netty.handler.codec.http.HttpClientCodec), (reactor.left.decompressor = io.netty.handler.codec.http.HttpContentDecompressor), (reactor.right.reactiveBridge = reactor.netty.channel.ChannelOperationsHandler)}
10:13:40.233 [reactor-http-nio-4] DEBUG reactor.netty.resources.PooledConnectionProvider - [id: 0x338b878d, L:/127.0.0.1:50723 - R:localhost/127.0.0.1:8084] onStateChange(PooledConnection{channel=[id: 0x338b878d, L:/127.0.0.1:50723 - R:localhost/127.0.0.1:8084]}, [connected])
10:13:40.234 [reactor-http-nio-4] DEBUG reactor.netty.resources.PooledConnectionProvider - [id: 0x338b878d, L:/127.0.0.1:50723 - R:localhost/127.0.0.1:8084] onStateChange(GET{uri=/, connection=PooledConnection{channel=[id: 0x338b878d, L:/127.0.0.1:50723 - R:localhost/127.0.0.1:8084]}}, [configured])
10:13:40.235 [reactor-http-nio-4] DEBUG reactor.netty.resources.PooledConnectionProvider - [id: 0x338b878d, L:/127.0.0.1:50723 - R:localhost/127.0.0.1:8084] Registering pool release on close event for channel
10:13:40.235 [reactor-http-nio-4] DEBUG reactor.netty.http.client.HttpClientConnect - [id: 0x338b878d, L:/127.0.0.1:50723 - R:localhost/127.0.0.1:8084] Handler is being applied: {uri=http://localhost:8084/attractionRewardPoint?attractionId=7a58519b-28d5-4047-863d-65f257ec05ef&userId=0d7b0866-1149-4405-ad7b-2d30a8c19534, method=GET}
10:13:40.236 [reactor-http-nio-4] DEBUG reactor.netty.resources.PooledConnectionProvider - [id: 0x338b878d, L:/127.0.0.1:50723 - R:localhost/127.0.0.1:8084] onStateChange(GET{uri=/attractionRewardPoint?attractionId=7a58519b-28d5-4047-863d-65f257ec05ef&userId=0d7b0866-1149-4405-ad7b-2d30a8c19534, connection=PooledConnection{channel=[id: 0x338b878d, L:/127.0.0.1:50723 - R:localhost/127.0.0.1:8084]}}, [request_sent])
10:13:40.236 [reactor-http-nio-4] DEBUG reactor.netty.resources.PooledConnectionProvider - [id: 0x338b878d, L:/127.0.0.1:50723 - R:localhost/127.0.0.1:8084] Channel connected, now 22 active connections and 0 inactive connections
10:13:40.247 [pool-7-thread-23] DEBUG org.springframework.web.reactive.function.client.ExchangeFunctions - [611816df] HTTP GET http://localhost:8083/attractions
10:13:40.249 [reactor-http-nio-4] DEBUG reactor.netty.resources.PooledConnectionProvider - [id: 0x269b11ab, L:/127.0.0.1:50672 - R:localhost/127.0.0.1:8083] Channel acquired, now 1 active connections and 90 inactive connections
10:13:40.249 [reactor-http-nio-4] DEBUG reactor.netty.http.client.HttpClientConnect - [id: 0x269b11ab, L:/127.0.0.1:50672 - R:localhost/127.0.0.1:8083] Handler is being applied: {uri=http://localhost:8083/attractions, method=GET}
10:13:40.250 [reactor-http-nio-4] DEBUG reactor.netty.resources.PooledConnectionProvider - [id: 0x269b11ab, L:/127.0.0.1:50672 - R:localhost/127.0.0.1:8083] onStateChange(GET{uri=/attractions, connection=PooledConnection{channel=[id: 0x269b11ab, L:/127.0.0.1:50672 - R:localhost/127.0.0.1:8083]}}, [request_sent])
10:13:40.254 [reactor-http-nio-2] DEBUG reactor.netty.http.client.HttpClientOperations - [id: 0x90129510, L:/127.0.0.1:50710 - R:localhost/127.0.0.1:8084] Received response (auto-read:false) : [Content-Type=application/json, Transfer-Encoding=chunked, Date=Tue, 07 Jun 2022 09:13:40 GMT]
10:13:40.254 [reactor-http-nio-2] DEBUG reactor.netty.resources.PooledConnectionProvider - [id: 0x90129510, L:/127.0.0.1:50710 - R:localhost/127.0.0.1:8084] onStateChange(GET{uri=/attractionRewardPoint?attractionId=59f23d0e-9b85-4270-85a1-54bd4e790c09&userId=09891c02-6489-465b-bc9c-b55b9f99bd98, connection=PooledConnection{channel=[id: 0x90129510, L:/127.0.0.1:50710 - R:localhost/127.0.0.1:8084]}}, [response_received])
10:13:40.254 [reactor-http-nio-2] DEBUG org.springframework.web.reactive.function.client.ExchangeFunctions - [cb80b1f] Response 200 OK
10:13:40.254 [reactor-http-nio-2] DEBUG reactor.netty.channel.FluxReceive - [id: 0x90129510, L:/127.0.0.1:50710 - R:localhost/127.0.0.1:8084] Subscribing inbound receiver [pending: 0, cancelled:false, inboundDone: false]
10:13:40.254 [reactor-http-nio-2] DEBUG reactor.netty.http.client.HttpClientOperations - [id: 0x90129510, L:/127.0.0.1:50710 - R:localhost/127.0.0.1:8084] Received last HTTP packet
10:13:40.255 [reactor-http-nio-2] DEBUG org.springframework.core.codec.StringDecoder - [cb80b1f] Decoded "151"
10:13:40.255 [reactor-http-nio-2] DEBUG reactor.netty.resources.PooledConnectionProvider - [id: 0x90129510, L:/127.0.0.1:50710 - R:localhost/127.0.0.1:8084] onStateChange(GET{uri=/attractionRewardPoint?attractionId=59f23d0e-9b85-4270-85a1-54bd4e790c09&userId=09891c02-6489-465b-bc9c-b55b9f99bd98, connection=PooledConnection{channel=[id: 0x90129510, L:/127.0.0.1:50710 - R:localhost/127.0.0.1:8084]}}, [disconnecting])
10:13:40.255 [reactor-http-nio-2] DEBUG reactor.netty.resources.PooledConnectionProvider - [id: 0x90129510, L:/127.0.0.1:50710 - R:localhost/127.0.0.1:8084] Releasing channel
10:13:40.255 [reactor-http-nio-2] DEBUG reactor.netty.resources.PooledConnectionProvider - [id: 0x90129510, L:/127.0.0.1:50710 - R:localhost/127.0.0.1:8084] Channel cleaned, now 21 active connections and 1 inactive connections
10:13:40.257 [pool-7-thread-24] DEBUG org.springframework.web.reactive.function.client.ExchangeFunctions - [7132b291] HTTP GET http://localhost:8083/attractions
10:13:40.258 [reactor-http-nio-4] DEBUG reactor.netty.resources.PooledConnectionProvider - [id: 0xaf549f54, L:/127.0.0.1:50677 - R:localhost/127.0.0.1:8083] Channel acquired, now 2 active connections and 89 inactive connections
10:13:40.258 [reactor-http-nio-4] DEBUG reactor.netty.http.client.HttpClientConnect - [id: 0xaf549f54, L:/127.0.0.1:50677 - R:localhost/127.0.0.1:8083] Handler is being applied: {uri=http://localhost:8083/attractions, method=GET}
10:13:40.259 [reactor-http-nio-4] DEBUG reactor.netty.resources.PooledConnectionProvider - [id: 0xaf549f54, L:/127.0.0.1:50677 - R:localhost/127.0.0.1:8083] onStateChange(GET{uri=/attractions, connection=PooledConnection{channel=[id: 0xaf549f54, L:/127.0.0.1:50677 - R:localhost/127.0.0.1:8083]}}, [request_sent])
10:13:40.261 [pool-7-thread-25] DEBUG org.springframework.web.reactive.function.client.ExchangeFunctions - [60e4ec14] HTTP GET http://localhost:8083/attractions
10:13:40.261 [reactor-http-nio-3] DEBUG reactor.netty.resources.PooledConnectionProvider - [id: 0xa3626cd8, L:/127.0.0.1:50681 - R:localhost/127.0.0.1:8083] Channel acquired, now 3 active connections and 88 inactive connections
10:13:40.262 [reactor-http-nio-3] DEBUG reactor.netty.http.client.HttpClientConnect - [id: 0xa3626cd8, L:/127.0.0.1:50681 - R:localhost/127.0.0.1:8083] Handler is being applied: {uri=http://localhost:8083/attractions, method=GET}
10:13:40.262 [reactor-http-nio-3] DEBUG reactor.netty.resources.PooledConnectionProvider - [id: 0xa3626cd8, L:/127.0.0.1:50681 - R:localhost/127.0.0.1:8083] onStateChange(GET{uri=/attractions, connection=PooledConnection{channel=[id: 0xa3626cd8, L:/127.0.0.1:50681 - R:localhost/127.0.0.1:8083]}}, [request_sent])
10:13:40.264 [reactor-http-nio-4] DEBUG reactor.netty.http.client.HttpClientOperations - [id: 0x269b11ab, L:/127.0.0.1:50672 - R:localhost/127.0.0.1:8083] Received response (auto-read:false) : [Content-Type=application/json, Transfer-Encoding=chunked, Date=Tue, 07 Jun 2022 09:13:39 GMT]
10:13:40.264 [reactor-http-nio-4] DEBUG reactor.netty.resources.PooledConnectionProvider - [id: 0x269b11ab, L:/127.0.0.1:50672 - R:localhost/127.0.0.1:8083] onStateChange(GET{uri=/attractions, connection=PooledConnection{channel=[id: 0x269b11ab, L:/127.0.0.1:50672 - R:localhost/127.0.0.1:8083]}}, [response_received])
10:13:40.264 [reactor-http-nio-4] DEBUG org.springframework.web.reactive.function.client.ExchangeFunctions - [611816df] Response 200 OK
10:13:40.264 [reactor-http-nio-4] DEBUG reactor.netty.channel.FluxReceive - [id: 0x269b11ab, L:/127.0.0.1:50672 - R:localhost/127.0.0.1:8083] Subscribing inbound receiver [pending: 0, cancelled:false, inboundDone: false]
10:13:40.265 [reactor-http-nio-4] DEBUG reactor.netty.http.client.HttpClientOperations - [id: 0x269b11ab, L:/127.0.0.1:50672 - R:localhost/127.0.0.1:8083] Received last HTTP packet
10:13:40.265 [reactor-http-nio-4] DEBUG org.springframework.core.codec.StringDecoder - [611816df] Decoded "[{"longitude":-117.922008,"latitude":33.817595,"attractionName":"Disneyland","city":"Anaheim","stat (truncated)...
10:13:40.265 [reactor-http-nio-4] DEBUG reactor.netty.resources.PooledConnectionProvider - [id: 0x269b11ab, L:/127.0.0.1:50672 - R:localhost/127.0.0.1:8083] onStateChange(GET{uri=/attractions, connection=PooledConnection{channel=[id: 0x269b11ab, L:/127.0.0.1:50672 - R:localhost/127.0.0.1:8083]}}, [disconnecting])
10:13:40.265 [reactor-http-nio-4] DEBUG reactor.netty.resources.PooledConnectionProvider - [id: 0x269b11ab, L:/127.0.0.1:50672 - R:localhost/127.0.0.1:8083] Releasing channel
10:13:40.265 [reactor-http-nio-4] DEBUG reactor.netty.resources.PooledConnectionProvider - [id: 0x269b11ab, L:/127.0.0.1:50672 - R:localhost/127.0.0.1:8083] Channel cleaned, now 2 active connections and 89 inactive connections
10:13:40.266 [pool-7-thread-26] DEBUG org.springframework.web.reactive.function.client.ExchangeFunctions - [3fe73f90] HTTP GET http://localhost:8083/attractions
10:13:40.280 [reactor-http-nio-2] DEBUG reactor.netty.http.client.HttpClientOperations - [id: 0x1cce88bc, L:/127.0.0.1:50707 - R:localhost/127.0.0.1:8084] Received response (auto-read:false) : [Content-Type=application/json, Transfer-Encoding=chunked, Date=Tue, 07 Jun 2022 09:13:40 GMT]
10:13:40.280 [reactor-http-nio-2] DEBUG reactor.netty.resources.PooledConnectionProvider - [id: 0x1cce88bc, L:/127.0.0.1:50707 - R:localhost/127.0.0.1:8084] onStateChange(GET{uri=/attractionRewardPoint?attractionId=12ea7605-68f9-4824-b1e2-740cc463857c&userId=5a57e190-bdc2-4fba-993c-aa3bbcb4ba0b, connection=PooledConnection{channel=[id: 0x1cce88bc, L:/127.0.0.1:50707 - R:localhost/127.0.0.1:8084]}}, [response_received])
10:13:40.281 [reactor-http-nio-2] DEBUG org.springframework.web.reactive.function.client.ExchangeFunctions - [76e48144] Response 200 OK
10:13:40.281 [reactor-http-nio-2] DEBUG reactor.netty.channel.FluxReceive - [id: 0x1cce88bc, L:/127.0.0.1:50707 - R:localhost/127.0.0.1:8084] Subscribing inbound receiver [pending: 0, cancelled:false, inboundDone: false]
10:13:40.281 [reactor-http-nio-2] DEBUG reactor.netty.http.client.HttpClientOperations - [id: 0x1cce88bc, L:/127.0.0.1:50707 - R:localhost/127.0.0.1:8084] Received last HTTP packet
10:13:40.281 [reactor-http-nio-2] DEBUG org.springframework.core.codec.StringDecoder - [76e48144] Decoded "754"
10:13:40.281 [reactor-http-nio-2] DEBUG reactor.netty.resources.PooledConnectionProvider - [id: 0x1cce88bc, L:/127.0.0.1:50707 - R:localhost/127.0.0.1:8084] onStateChange(GET{uri=/attractionRewardPoint?attractionId=12ea7605-68f9-4824-b1e2-740cc463857c&userId=5a57e190-bdc2-4fba-993c-aa3bbcb4ba0b, connection=PooledConnection{channel=[id: 0x1cce88bc, L:/127.0.0.1:50707 - R:localhost/127.0.0.1:8084]}}, [disconnecting])
10:13:40.281 [reactor-http-nio-2] DEBUG reactor.netty.resources.PooledConnectionProvider - [id: 0x1cce88bc, L:/127.0.0.1:50707 - R:localhost/127.0.0.1:8084] Releasing channel
10:13:40.281 [reactor-http-nio-2] DEBUG reactor.netty.resources.PooledConnectionProvider - [id: 0x1cce88bc, L:/127.0.0.1:50707 - R:localhost/127.0.0.1:8084] Channel cleaned, now 20 active connections and 2 inactive connections
10:13:40.280 [reactor-http-nio-3] DEBUG reactor.netty.http.client.HttpClientOperations - [id: 0x48b467a1, L:/127.0.0.1:50703 - R:localhost/127.0.0.1:8084] Received response (auto-read:false) : [Content-Type=application/json, Transfer-Encoding=chunked, Date=Tue, 07 Jun 2022 09:13:40 GMT]
10:13:40.282 [reactor-http-nio-3] DEBUG reactor.netty.resources.PooledConnectionProvider - [id: 0x48b467a1, L:/127.0.0.1:50703 - R:localhost/127.0.0.1:8084] onStateChange(GET{uri=/attractionRewardPoint?attractionId=11fd7e5d-eab2-4936-a5fe-a6896c21e3ee&userId=4c25f870-073d-4861-9942-c23667173fbc, connection=PooledConnection{channel=[id: 0x48b467a1, L:/127.0.0.1:50703 - R:localhost/127.0.0.1:8084]}}, [response_received])
10:13:40.280 [reactor-http-nio-4] DEBUG reactor.netty.http.client.HttpClientOperations - [id: 0xaf549f54, L:/127.0.0.1:50677 - R:localhost/127.0.0.1:8083] Received response (auto-read:false) : [Content-Type=application/json, Transfer-Encoding=chunked, Date=Tue, 07 Jun 2022 09:13:39 GMT]
10:13:40.282 [reactor-http-nio-4] DEBUG reactor.netty.resources.PooledConnectionProvider - [id: 0xaf549f54, L:/127.0.0.1:50677 - R:localhost/127.0.0.1:8083] onStateChange(GET{uri=/attractions, connection=PooledConnection{channel=[id: 0xaf549f54, L:/127.0.0.1:50677 - R:localhost/127.0.0.1:8083]}}, [response_received])
10:13:40.282 [reactor-http-nio-3] DEBUG org.springframework.web.reactive.function.client.ExchangeFunctions - [6de9c344] Response 200 OK
10:13:40.282 [reactor-http-nio-4] DEBUG org.springframework.web.reactive.function.client.ExchangeFunctions - [7132b291] Response 200 OK
10:13:40.282 [reactor-http-nio-3] DEBUG reactor.netty.channel.FluxReceive - [id: 0x48b467a1, L:/127.0.0.1:50703 - R:localhost/127.0.0.1:8084] Subscribing inbound receiver [pending: 0, cancelled:false, inboundDone: false]
10:13:40.282 [reactor-http-nio-4] DEBUG reactor.netty.channel.FluxReceive - [id: 0xaf549f54, L:/127.0.0.1:50677 - R:localhost/127.0.0.1:8083] Subscribing inbound receiver [pending: 0, cancelled:false, inboundDone: false]
10:13:40.282 [reactor-http-nio-3] DEBUG reactor.netty.http.client.HttpClientOperations - [id: 0x48b467a1, L:/127.0.0.1:50703 - R:localhost/127.0.0.1:8084] Received last HTTP packet
10:13:40.282 [reactor-http-nio-4] DEBUG reactor.netty.http.client.HttpClientOperations - [id: 0xaf549f54, L:/127.0.0.1:50677 - R:localhost/127.0.0.1:8083] Received last HTTP packet
10:13:40.282 [reactor-http-nio-3] DEBUG org.springframework.core.codec.StringDecoder - [6de9c344] Decoded "805"
10:13:40.282 [reactor-http-nio-3] DEBUG reactor.netty.resources.PooledConnectionProvider - [id: 0x48b467a1, L:/127.0.0.1:50703 - R:localhost/127.0.0.1:8084] onStateChange(GET{uri=/attractionRewardPoint?attractionId=11fd7e5d-eab2-4936-a5fe-a6896c21e3ee&userId=4c25f870-073d-4861-9942-c23667173fbc, connection=PooledConnection{channel=[id: 0x48b467a1, L:/127.0.0.1:50703 - R:localhost/127.0.0.1:8084]}}, [disconnecting])
10:13:40.282 [reactor-http-nio-3] DEBUG reactor.netty.resources.PooledConnectionProvider - [id: 0x48b467a1, L:/127.0.0.1:50703 - R:localhost/127.0.0.1:8084] Releasing channel
10:13:40.282 [reactor-http-nio-3] DEBUG reactor.netty.resources.PooledConnectionProvider - [id: 0x48b467a1, L:/127.0.0.1:50703 - R:localhost/127.0.0.1:8084] Channel cleaned, now 19 active connections and 3 inactive connections
10:13:40.282 [reactor-http-nio-4] DEBUG org.springframework.core.codec.StringDecoder - [7132b291] Decoded "[{"longitude":-117.922008,"latitude":33.817595,"attractionName":"Disneyland","city":"Anaheim","stat (truncated)...
10:13:40.282 [reactor-http-nio-4] DEBUG reactor.netty.resources.PooledConnectionProvider - [id: 0xaf549f54, L:/127.0.0.1:50677 - R:localhost/127.0.0.1:8083] onStateChange(GET{uri=/attractions, connection=PooledConnection{channel=[id: 0xaf549f54, L:/127.0.0.1:50677 - R:localhost/127.0.0.1:8083]}}, [disconnecting])
10:13:40.282 [reactor-http-nio-4] DEBUG reactor.netty.resources.PooledConnectionProvider - [id: 0xaf549f54, L:/127.0.0.1:50677 - R:localhost/127.0.0.1:8083] Releasing channel
10:13:40.282 [reactor-http-nio-4] DEBUG reactor.netty.resources.PooledConnectionProvider - [id: 0xaf549f54, L:/127.0.0.1:50677 - R:localhost/127.0.0.1:8083] Channel cleaned, now 1 active connections and 90 inactive connections
10:13:40.282 [reactor-http-nio-3] DEBUG reactor.netty.http.client.HttpClientOperations - [id: 0xa3626cd8, L:/127.0.0.1:50681 - R:localhost/127.0.0.1:8083] Received response (auto-read:false) : [Content-Type=application/json, Transfer-Encoding=chunked, Date=Tue, 07 Jun 2022 09:13:39 GMT]
10:13:40.283 [reactor-http-nio-3] DEBUG reactor.netty.resources.PooledConnectionProvider - [id: 0xa3626cd8, L:/127.0.0.1:50681 - R:localhost/127.0.0.1:8083] onStateChange(GET{uri=/attractions, connection=PooledConnection{channel=[id: 0xa3626cd8, L:/127.0.0.1:50681 - R:localhost/127.0.0.1:8083]}}, [response_received])
10:13:40.283 [reactor-http-nio-3] DEBUG org.springframework.web.reactive.function.client.ExchangeFunctions - [60e4ec14] Response 200 OK
10:13:40.283 [reactor-http-nio-3] DEBUG reactor.netty.channel.FluxReceive - [id: 0xa3626cd8, L:/127.0.0.1:50681 - R:localhost/127.0.0.1:8083] Subscribing inbound receiver [pending: 0, cancelled:false, inboundDone: false]
10:13:40.283 [reactor-http-nio-3] DEBUG reactor.netty.http.client.HttpClientOperations - [id: 0xa3626cd8, L:/127.0.0.1:50681 - R:localhost/127.0.0.1:8083] Received last HTTP packet
10:13:40.283 [reactor-http-nio-3] DEBUG org.springframework.core.codec.StringDecoder - [60e4ec14] Decoded "[{"longitude":-117.922008,"latitude":33.817595,"attractionName":"Disneyland","city":"Anaheim","stat (truncated)...
10:13:40.283 [reactor-http-nio-3] DEBUG reactor.netty.resources.PooledConnectionProvider - [id: 0xa3626cd8, L:/127.0.0.1:50681 - R:localhost/127.0.0.1:8083] onStateChange(GET{uri=/attractions, connection=PooledConnection{channel=[id: 0xa3626cd8, L:/127.0.0.1:50681 - R:localhost/127.0.0.1:8083]}}, [disconnecting])
10:13:40.283 [reactor-http-nio-3] DEBUG reactor.netty.resources.PooledConnectionProvider - [id: 0xa3626cd8, L:/127.0.0.1:50681 - R:localhost/127.0.0.1:8083] Releasing channel
10:13:40.283 [reactor-http-nio-3] DEBUG reactor.netty.resources.PooledConnectionProvider - [id: 0xa3626cd8, L:/127.0.0.1:50681 - R:localhost/127.0.0.1:8083] Channel cleaned, now 0 active connections and 91 inactive connections
10:13:40.283 [reactor-http-nio-4] DEBUG reactor.netty.resources.PooledConnectionProvider - [id: 0xb232e8be, L:/127.0.0.1:50679 - R:localhost/127.0.0.1:8083] Channel acquired, now 1 active connections and 90 inactive connections
10:13:40.284 [reactor-http-nio-4] DEBUG reactor.netty.http.client.HttpClientConnect - [id: 0xb232e8be, L:/127.0.0.1:50679 - R:localhost/127.0.0.1:8083] Handler is being applied: {uri=http://localhost:8083/attractions, method=GET}
10:13:40.284 [reactor-http-nio-4] DEBUG reactor.netty.resources.PooledConnectionProvider - [id: 0xb232e8be, L:/127.0.0.1:50679 - R:localhost/127.0.0.1:8083] onStateChange(GET{uri=/attractions, connection=PooledConnection{channel=[id: 0xb232e8be, L:/127.0.0.1:50679 - R:localhost/127.0.0.1:8083]}}, [request_sent])
10:13:40.285 [pool-7-thread-27] DEBUG org.springframework.web.reactive.function.client.ExchangeFunctions - [48adc7a4] HTTP GET http://localhost:8083/attractions
10:13:40.286 [reactor-http-nio-1] DEBUG reactor.netty.resources.PooledConnectionProvider - [id: 0xe6c21e31, L:/127.0.0.1:50692 - R:localhost/127.0.0.1:8083] Channel acquired, now 2 active connections and 89 inactive connections
10:13:40.286 [reactor-http-nio-1] DEBUG reactor.netty.http.client.HttpClientConnect - [id: 0xe6c21e31, L:/127.0.0.1:50692 - R:localhost/127.0.0.1:8083] Handler is being applied: {uri=http://localhost:8083/attractions, method=GET}
10:13:40.286 [reactor-http-nio-1] DEBUG reactor.netty.resources.PooledConnectionProvider - [id: 0xe6c21e31, L:/127.0.0.1:50692 - R:localhost/127.0.0.1:8083] onStateChange(GET{uri=/attractions, connection=PooledConnection{channel=[id: 0xe6c21e31, L:/127.0.0.1:50692 - R:localhost/127.0.0.1:8083]}}, [request_sent])
10:13:40.287 [pool-7-thread-28] DEBUG org.springframework.web.reactive.function.client.ExchangeFunctions - [49561663] HTTP GET http://localhost:8083/attractions
10:13:40.288 [reactor-http-nio-1] DEBUG reactor.netty.resources.PooledConnectionProvider - [id: 0x5bb369e8, L:/127.0.0.1:50691 - R:localhost/127.0.0.1:8083] Channel acquired, now 3 active connections and 88 inactive connections
10:13:40.288 [reactor-http-nio-1] DEBUG reactor.netty.http.client.HttpClientConnect - [id: 0x5bb369e8, L:/127.0.0.1:50691 - R:localhost/127.0.0.1:8083] Handler is being applied: {uri=http://localhost:8083/attractions, method=GET}
10:13:40.289 [reactor-http-nio-1] DEBUG reactor.netty.resources.PooledConnectionProvider - [id: 0x5bb369e8, L:/127.0.0.1:50691 - R:localhost/127.0.0.1:8083] onStateChange(GET{uri=/attractions, connection=PooledConnection{channel=[id: 0x5bb369e8, L:/127.0.0.1:50691 - R:localhost/127.0.0.1:8083]}}, [request_sent])
10:13:40.290 [pool-7-thread-29] DEBUG org.springframework.web.reactive.function.client.ExchangeFunctions - [4cb894c4] HTTP GET http://localhost:8083/attractions
10:13:40.291 [reactor-http-nio-4] DEBUG reactor.netty.resources.PooledConnectionProvider - [id: 0x8f9ca272, L:/127.0.0.1:50675 - R:localhost/127.0.0.1:8083] Channel acquired, now 4 active connections and 87 inactive connections
10:13:40.291 [reactor-http-nio-4] DEBUG reactor.netty.http.client.HttpClientConnect - [id: 0x8f9ca272, L:/127.0.0.1:50675 - R:localhost/127.0.0.1:8083] Handler is being applied: {uri=http://localhost:8083/attractions, method=GET}
10:13:40.292 [reactor-http-nio-4] DEBUG reactor.netty.resources.PooledConnectionProvider - [id: 0x8f9ca272, L:/127.0.0.1:50675 - R:localhost/127.0.0.1:8083] onStateChange(GET{uri=/attractions, connection=PooledConnection{channel=[id: 0x8f9ca272, L:/127.0.0.1:50675 - R:localhost/127.0.0.1:8083]}}, [request_sent])
10:13:40.292 [pool-7-thread-30] DEBUG org.springframework.web.reactive.function.client.ExchangeFunctions - [5371e506] HTTP GET http://localhost:8083/attractions
10:13:40.293 [reactor-http-nio-3] DEBUG reactor.netty.resources.PooledConnectionProvider - [id: 0x848154ea, L:/127.0.0.1:50683 - R:localhost/127.0.0.1:8083] Channel acquired, now 5 active connections and 86 inactive connections
10:13:40.293 [reactor-http-nio-3] DEBUG reactor.netty.http.client.HttpClientConnect - [id: 0x848154ea, L:/127.0.0.1:50683 - R:localhost/127.0.0.1:8083] Handler is being applied: {uri=http://localhost:8083/attractions, method=GET}
10:13:40.294 [reactor-http-nio-3] DEBUG reactor.netty.resources.PooledConnectionProvider - [id: 0x848154ea, L:/127.0.0.1:50683 - R:localhost/127.0.0.1:8083] onStateChange(GET{uri=/attractions, connection=PooledConnection{channel=[id: 0x848154ea, L:/127.0.0.1:50683 - R:localhost/127.0.0.1:8083]}}, [request_sent])
10:13:40.294 [pool-7-thread-31] DEBUG org.springframework.web.reactive.function.client.ExchangeFunctions - [40c2675] HTTP GET http://localhost:8083/attractions
10:13:40.295 [reactor-http-nio-1] DEBUG reactor.netty.resources.PooledConnectionProvider - [id: 0xd8b5b2a4, L:/127.0.0.1:50695 - R:localhost/127.0.0.1:8083] Channel acquired, now 6 active connections and 85 inactive connections
10:13:40.296 [reactor-http-nio-1] DEBUG reactor.netty.http.client.HttpClientConnect - [id: 0xd8b5b2a4, L:/127.0.0.1:50695 - R:localhost/127.0.0.1:8083] Handler is being applied: {uri=http://localhost:8083/attractions, method=GET}
10:13:40.296 [reactor-http-nio-1] DEBUG reactor.netty.resources.PooledConnectionProvider - [id: 0xd8b5b2a4, L:/127.0.0.1:50695 - R:localhost/127.0.0.1:8083] onStateChange(GET{uri=/attractions, connection=PooledConnection{channel=[id: 0xd8b5b2a4, L:/127.0.0.1:50695 - R:localhost/127.0.0.1:8083]}}, [request_sent])
10:13:40.297 [pool-7-thread-32] DEBUG org.springframework.web.reactive.function.client.ExchangeFunctions - [25f18077] HTTP GET http://localhost:8083/attractions
10:13:40.298 [reactor-http-nio-1] DEBUG reactor.netty.resources.PooledConnectionProvider - [id: 0x8e179e05, L:/127.0.0.1:50698 - R:localhost/127.0.0.1:8083] Channel acquired, now 7 active connections and 84 inactive connections
10:13:40.298 [reactor-http-nio-1] DEBUG reactor.netty.http.client.HttpClientConnect - [id: 0x8e179e05, L:/127.0.0.1:50698 - R:localhost/127.0.0.1:8083] Handler is being applied: {uri=http://localhost:8083/attractions, method=GET}
10:13:40.299 [reactor-http-nio-1] DEBUG reactor.netty.resources.PooledConnectionProvider - [id: 0x8e179e05, L:/127.0.0.1:50698 - R:localhost/127.0.0.1:8083] onStateChange(GET{uri=/attractions, connection=PooledConnection{channel=[id: 0x8e179e05, L:/127.0.0.1:50698 - R:localhost/127.0.0.1:8083]}}, [request_sent])
10:13:40.299 [pool-7-thread-33] DEBUG org.springframework.web.reactive.function.client.ExchangeFunctions - [4f124f83] HTTP GET http://localhost:8083/attractions
10:13:40.301 [reactor-http-nio-4] DEBUG reactor.netty.resources.PooledConnectionProvider - [id: 0xb37fd56e, L:/127.0.0.1:50615 - R:localhost/127.0.0.1:8083] Channel acquired, now 8 active connections and 83 inactive connections
10:13:40.301 [reactor-http-nio-4] DEBUG reactor.netty.http.client.HttpClientConnect - [id: 0xb37fd56e, L:/127.0.0.1:50615 - R:localhost/127.0.0.1:8083] Handler is being applied: {uri=http://localhost:8083/attractions, method=GET}
10:13:40.301 [reactor-http-nio-4] DEBUG reactor.netty.resources.PooledConnectionProvider - [id: 0xb37fd56e, L:/127.0.0.1:50615 - R:localhost/127.0.0.1:8083] onStateChange(GET{uri=/attractions, connection=PooledConnection{channel=[id: 0xb37fd56e, L:/127.0.0.1:50615 - R:localhost/127.0.0.1:8083]}}, [request_sent])
10:13:40.302 [pool-7-thread-35] DEBUG org.springframework.web.reactive.function.client.ExchangeFunctions - [4b4fee8a] HTTP GET http://localhost:8083/attractions
10:13:40.303 [reactor-http-nio-4] DEBUG reactor.netty.resources.PooledConnectionProvider - [id: 0xce2e26b5, L:/127.0.0.1:50623 - R:localhost/127.0.0.1:8083] Channel acquired, now 9 active connections and 82 inactive connections
10:13:40.304 [reactor-http-nio-4] DEBUG reactor.netty.http.client.HttpClientConnect - [id: 0xce2e26b5, L:/127.0.0.1:50623 - R:localhost/127.0.0.1:8083] Handler is being applied: {uri=http://localhost:8083/attractions, method=GET}
10:13:40.304 [reactor-http-nio-4] DEBUG reactor.netty.resources.PooledConnectionProvider - [id: 0xce2e26b5, L:/127.0.0.1:50623 - R:localhost/127.0.0.1:8083] onStateChange(GET{uri=/attractions, connection=PooledConnection{channel=[id: 0xce2e26b5, L:/127.0.0.1:50623 - R:localhost/127.0.0.1:8083]}}, [request_sent])
10:13:40.303 [pool-7-thread-36] DEBUG org.springframework.web.reactive.function.client.ExchangeFunctions - [77783bb2] HTTP GET http://localhost:8083/attractions
10:13:40.305 [pool-7-thread-37] DEBUG org.springframework.web.reactive.function.client.ExchangeFunctions - [71b611fc] HTTP GET http://localhost:8083/attractions
10:13:40.306 [reactor-http-nio-3] DEBUG reactor.netty.resources.PooledConnectionProvider - [id: 0x5d51966d, L:/127.0.0.1:50654 - R:localhost/127.0.0.1:8083] Channel acquired, now 10 active connections and 81 inactive connections
10:13:40.306 [reactor-http-nio-3] DEBUG reactor.netty.http.client.HttpClientConnect - [id: 0x5d51966d, L:/127.0.0.1:50654 - R:localhost/127.0.0.1:8083] Handler is being applied: {uri=http://localhost:8083/attractions, method=GET}
10:13:40.306 [reactor-http-nio-4] DEBUG reactor.netty.resources.PooledConnectionProvider - [id: 0x0fdbb1c2, L:/127.0.0.1:50680 - R:localhost/127.0.0.1:8083] Channel acquired, now 11 active connections and 80 inactive connections
10:13:40.306 [reactor-http-nio-4] DEBUG reactor.netty.http.client.HttpClientConnect - [id: 0x0fdbb1c2, L:/127.0.0.1:50680 - R:localhost/127.0.0.1:8083] Handler is being applied: {uri=http://localhost:8083/attractions, method=GET}
10:13:40.307 [reactor-http-nio-3] DEBUG reactor.netty.resources.PooledConnectionProvider - [id: 0x5d51966d, L:/127.0.0.1:50654 - R:localhost/127.0.0.1:8083] onStateChange(GET{uri=/attractions, connection=PooledConnection{channel=[id: 0x5d51966d, L:/127.0.0.1:50654 - R:localhost/127.0.0.1:8083]}}, [request_sent])
10:13:40.307 [reactor-http-nio-4] DEBUG reactor.netty.resources.PooledConnectionProvider - [id: 0x0fdbb1c2, L:/127.0.0.1:50680 - R:localhost/127.0.0.1:8083] onStateChange(GET{uri=/attractions, connection=PooledConnection{channel=[id: 0x0fdbb1c2, L:/127.0.0.1:50680 - R:localhost/127.0.0.1:8083]}}, [request_sent])
10:13:40.308 [pool-7-thread-39] DEBUG org.springframework.web.reactive.function.client.ExchangeFunctions - [792877e] HTTP GET http://localhost:8083/attractions
10:13:40.308 [pool-7-thread-38] DEBUG org.springframework.web.reactive.function.client.ExchangeFunctions - [592bd2b0] HTTP GET http://localhost:8083/attractions
10:13:40.308 [reactor-http-nio-3] DEBUG reactor.netty.resources.PooledConnectionProvider - [id: 0xbacd0b54, L:/127.0.0.1:50684 - R:localhost/127.0.0.1:8083] Channel acquired, now 12 active connections and 79 inactive connections
10:13:40.308 [reactor-http-nio-3] DEBUG reactor.netty.http.client.HttpClientConnect - [id: 0xbacd0b54, L:/127.0.0.1:50684 - R:localhost/127.0.0.1:8083] Handler is being applied: {uri=http://localhost:8083/attractions, method=GET}
10:13:40.309 [reactor-http-nio-3] DEBUG reactor.netty.resources.PooledConnectionProvider - [id: 0xbacd0b54, L:/127.0.0.1:50684 - R:localhost/127.0.0.1:8083] onStateChange(GET{uri=/attractions, connection=PooledConnection{channel=[id: 0xbacd0b54, L:/127.0.0.1:50684 - R:localhost/127.0.0.1:8083]}}, [request_sent])
10:13:40.309 [reactor-http-nio-1] DEBUG reactor.netty.resources.PooledConnectionProvider - [id: 0xaf8669db, L:/127.0.0.1:50694 - R:localhost/127.0.0.1:8083] Channel acquired, now 13 active connections and 78 inactive connections
10:13:40.309 [reactor-http-nio-1] DEBUG reactor.netty.http.client.HttpClientConnect - [id: 0xaf8669db, L:/127.0.0.1:50694 - R:localhost/127.0.0.1:8083] Handler is being applied: {uri=http://localhost:8083/attractions, method=GET}
10:13:40.310 [reactor-http-nio-1] DEBUG reactor.netty.resources.PooledConnectionProvider - [id: 0xaf8669db, L:/127.0.0.1:50694 - R:localhost/127.0.0.1:8083] onStateChange(GET{uri=/attractions, connection=PooledConnection{channel=[id: 0xaf8669db, L:/127.0.0.1:50694 - R:localhost/127.0.0.1:8083]}}, [request_sent])
10:13:40.310 [pool-7-thread-41] DEBUG org.springframework.web.reactive.function.client.ExchangeFunctions - [118238a7] HTTP GET http://localhost:8083/attractions
10:13:40.311 [pool-7-thread-40] DEBUG org.springframework.web.reactive.function.client.ExchangeFunctions - [4237fd74] HTTP GET http://localhost:8083/attractions
10:13:40.312 [reactor-http-nio-4] DEBUG reactor.netty.resources.PooledConnectionProvider - [id: 0x1925c564, L:/127.0.0.1:50674 - R:localhost/127.0.0.1:8083] Channel acquired, now 14 active connections and 77 inactive connections
10:13:40.312 [reactor-http-nio-4] DEBUG reactor.netty.http.client.HttpClientConnect - [id: 0x1925c564, L:/127.0.0.1:50674 - R:localhost/127.0.0.1:8083] Handler is being applied: {uri=http://localhost:8083/attractions, method=GET}
10:13:40.312 [reactor-http-nio-3] DEBUG reactor.netty.resources.PooledConnectionProvider - [id: 0x21943d07, L:/127.0.0.1:50688 - R:localhost/127.0.0.1:8083] Channel acquired, now 15 active connections and 76 inactive connections
10:13:40.312 [reactor-http-nio-3] DEBUG reactor.netty.http.client.HttpClientConnect - [id: 0x21943d07, L:/127.0.0.1:50688 - R:localhost/127.0.0.1:8083] Handler is being applied: {uri=http://localhost:8083/attractions, method=GET}
10:13:40.313 [reactor-http-nio-4] DEBUG reactor.netty.resources.PooledConnectionProvider - [id: 0x1925c564, L:/127.0.0.1:50674 - R:localhost/127.0.0.1:8083] onStateChange(GET{uri=/attractions, connection=PooledConnection{channel=[id: 0x1925c564, L:/127.0.0.1:50674 - R:localhost/127.0.0.1:8083]}}, [request_sent])
10:13:40.313 [pool-7-thread-44] DEBUG org.springframework.web.reactive.function.client.ExchangeFunctions - [5163cbae] HTTP GET http://localhost:8083/attractions
10:13:40.313 [reactor-http-nio-3] DEBUG reactor.netty.resources.PooledConnectionProvider - [id: 0x21943d07, L:/127.0.0.1:50688 - R:localhost/127.0.0.1:8083] onStateChange(GET{uri=/attractions, connection=PooledConnection{channel=[id: 0x21943d07, L:/127.0.0.1:50688 - R:localhost/127.0.0.1:8083]}}, [request_sent])
10:13:40.314 [reactor-http-nio-4] DEBUG reactor.netty.resources.PooledConnectionProvider - [id: 0x204ddfda, L:/127.0.0.1:50676 - R:localhost/127.0.0.1:8083] Channel acquired, now 16 active connections and 75 inactive connections
10:13:40.314 [reactor-http-nio-4] DEBUG reactor.netty.http.client.HttpClientConnect - [id: 0x204ddfda, L:/127.0.0.1:50676 - R:localhost/127.0.0.1:8083] Handler is being applied: {uri=http://localhost:8083/attractions, method=GET}
10:13:40.315 [pool-7-thread-46] DEBUG org.springframework.web.reactive.function.client.ExchangeFunctions - [618243e0] HTTP GET http://localhost:8083/attractions
10:13:40.315 [reactor-http-nio-4] DEBUG reactor.netty.resources.PooledConnectionProvider - [id: 0x204ddfda, L:/127.0.0.1:50676 - R:localhost/127.0.0.1:8083] onStateChange(GET{uri=/attractions, connection=PooledConnection{channel=[id: 0x204ddfda, L:/127.0.0.1:50676 - R:localhost/127.0.0.1:8083]}}, [request_sent])
10:13:40.315 [pool-7-thread-47] DEBUG org.springframework.web.reactive.function.client.ExchangeFunctions - [2c856779] HTTP GET http://localhost:8083/attractions
10:13:40.315 [pool-7-thread-48] DEBUG org.springframework.web.reactive.function.client.ExchangeFunctions - [27611b48] HTTP GET http://localhost:8083/attractions
10:13:40.315 [reactor-http-nio-1] DEBUG reactor.netty.resources.PooledConnectionProvider - [id: 0x8bf126b9, L:/127.0.0.1:50693 - R:localhost/127.0.0.1:8083] Channel acquired, now 17 active connections and 74 inactive connections
10:13:40.315 [reactor-http-nio-1] DEBUG reactor.netty.http.client.HttpClientConnect - [id: 0x8bf126b9, L:/127.0.0.1:50693 - R:localhost/127.0.0.1:8083] Handler is being applied: {uri=http://localhost:8083/attractions, method=GET}
10:13:40.316 [pool-7-thread-49] DEBUG org.springframework.web.reactive.function.client.ExchangeFunctions - [6cc9f62c] HTTP GET http://localhost:8083/attractions
10:13:40.316 [reactor-http-nio-1] DEBUG reactor.netty.resources.PooledConnectionProvider - [id: 0x8bf126b9, L:/127.0.0.1:50693 - R:localhost/127.0.0.1:8083] onStateChange(GET{uri=/attractions, connection=PooledConnection{channel=[id: 0x8bf126b9, L:/127.0.0.1:50693 - R:localhost/127.0.0.1:8083]}}, [request_sent])
10:13:40.316 [reactor-http-nio-1] DEBUG reactor.netty.resources.PooledConnectionProvider - [id: 0xf112af30, L:/127.0.0.1:50701 - R:localhost/127.0.0.1:8083] Channel acquired, now 18 active connections and 73 inactive connections
10:13:40.316 [reactor-http-nio-1] DEBUG reactor.netty.http.client.HttpClientConnect - [id: 0xf112af30, L:/127.0.0.1:50701 - R:localhost/127.0.0.1:8083] Handler is being applied: {uri=http://localhost:8083/attractions, method=GET}
10:13:40.317 [reactor-http-nio-1] DEBUG reactor.netty.resources.PooledConnectionProvider - [id: 0xf112af30, L:/127.0.0.1:50701 - R:localhost/127.0.0.1:8083] onStateChange(GET{uri=/attractions, connection=PooledConnection{channel=[id: 0xf112af30, L:/127.0.0.1:50701 - R:localhost/127.0.0.1:8083]}}, [request_sent])
10:13:40.317 [reactor-http-nio-3] DEBUG reactor.netty.resources.PooledConnectionProvider - [id: 0x1ff223b6, L:/127.0.0.1:50656 - R:localhost/127.0.0.1:8083] Channel acquired, now 19 active connections and 72 inactive connections
10:13:40.317 [reactor-http-nio-3] DEBUG reactor.netty.http.client.HttpClientConnect - [id: 0x1ff223b6, L:/127.0.0.1:50656 - R:localhost/127.0.0.1:8083] Handler is being applied: {uri=http://localhost:8083/attractions, method=GET}
10:13:40.318 [reactor-http-nio-3] DEBUG reactor.netty.resources.PooledConnectionProvider - [id: 0x1ff223b6, L:/127.0.0.1:50656 - R:localhost/127.0.0.1:8083] onStateChange(GET{uri=/attractions, connection=PooledConnection{channel=[id: 0x1ff223b6, L:/127.0.0.1:50656 - R:localhost/127.0.0.1:8083]}}, [request_sent])
10:13:40.319 [reactor-http-nio-3] DEBUG reactor.netty.resources.PooledConnectionProvider - [id: 0x2dcb9d1a, L:/127.0.0.1:50687 - R:localhost/127.0.0.1:8083] Channel acquired, now 20 active connections and 71 inactive connections
10:13:40.319 [reactor-http-nio-3] DEBUG reactor.netty.http.client.HttpClientConnect - [id: 0x2dcb9d1a, L:/127.0.0.1:50687 - R:localhost/127.0.0.1:8083] Handler is being applied: {uri=http://localhost:8083/attractions, method=GET}
10:13:40.320 [reactor-http-nio-3] DEBUG reactor.netty.resources.PooledConnectionProvider - [id: 0x2dcb9d1a, L:/127.0.0.1:50687 - R:localhost/127.0.0.1:8083] onStateChange(GET{uri=/attractions, connection=PooledConnection{channel=[id: 0x2dcb9d1a, L:/127.0.0.1:50687 - R:localhost/127.0.0.1:8083]}}, [request_sent])
10:13:40.321 [pool-7-thread-50] DEBUG org.springframework.web.reactive.function.client.ExchangeFunctions - [3ac9804d] HTTP GET http://localhost:8083/attractions
10:13:40.321 [pool-7-thread-52] DEBUG org.springframework.web.reactive.function.client.ExchangeFunctions - [545b21d3] HTTP GET http://localhost:8083/attractions
10:13:40.321 [reactor-http-nio-4] DEBUG reactor.netty.resources.PooledConnectionProvider - [id: 0x16ab4917, L:/127.0.0.1:50678 - R:localhost/127.0.0.1:8083] Channel acquired, now 21 active connections and 70 inactive connections
10:13:40.321 [reactor-http-nio-1] DEBUG reactor.netty.resources.PooledConnectionProvider - [id: 0x35c68692, L:/127.0.0.1:50700 - R:localhost/127.0.0.1:8083] Channel acquired, now 22 active connections and 69 inactive connections
10:13:40.322 [reactor-http-nio-1] DEBUG reactor.netty.http.client.HttpClientConnect - [id: 0x35c68692, L:/127.0.0.1:50700 - R:localhost/127.0.0.1:8083] Handler is being applied: {uri=http://localhost:8083/attractions, method=GET}
10:13:40.322 [pool-7-thread-53] DEBUG org.springframework.web.reactive.function.client.ExchangeFunctions - [369eebc0] HTTP GET http://localhost:8083/attractions
10:13:40.322 [reactor-http-nio-1] DEBUG reactor.netty.resources.PooledConnectionProvider - [id: 0x35c68692, L:/127.0.0.1:50700 - R:localhost/127.0.0.1:8083] onStateChange(GET{uri=/attractions, connection=PooledConnection{channel=[id: 0x35c68692, L:/127.0.0.1:50700 - R:localhost/127.0.0.1:8083]}}, [request_sent])
10:13:40.323 [pool-7-thread-54] DEBUG org.springframework.web.reactive.function.client.ExchangeFunctions - [579b9a38] HTTP GET http://localhost:8083/attractions
10:13:40.324 [pool-7-thread-55] DEBUG org.springframework.web.reactive.function.client.ExchangeFunctions - [15b79ecb] HTTP GET http://localhost:8083/attractions
10:13:40.324 [pool-7-thread-56] DEBUG org.springframework.web.reactive.function.client.ExchangeFunctions - [2a4f0347] HTTP GET http://localhost:8083/attractions
10:13:40.324 [pool-7-thread-57] DEBUG org.springframework.web.reactive.function.client.ExchangeFunctions - [4e01ddd4] HTTP GET http://localhost:8083/attractions
10:13:40.325 [reactor-http-nio-2] DEBUG reactor.netty.resources.PooledConnectionProvider - [id: 0xc558618d, L:/127.0.0.1:50669 - R:localhost/127.0.0.1:8083] Channel acquired, now 24 active connections and 67 inactive connections
10:13:40.325 [pool-7-thread-58] DEBUG org.springframework.web.reactive.function.client.ExchangeFunctions - [45969616] HTTP GET http://localhost:8083/attractions
10:13:40.326 [pool-7-thread-59] DEBUG org.springframework.web.reactive.function.client.ExchangeFunctions - [1f5d1af6] HTTP GET http://localhost:8083/attractions
10:13:40.326 [pool-7-thread-61] DEBUG org.springframework.web.reactive.function.client.ExchangeFunctions - [676beb61] HTTP GET http://localhost:8083/attractions
10:13:40.326 [pool-7-thread-62] DEBUG org.springframework.web.reactive.function.client.ExchangeFunctions - [6451e20e] HTTP GET http://localhost:8083/attractions
10:13:40.327 [pool-7-thread-63] DEBUG org.springframework.web.reactive.function.client.ExchangeFunctions - [16000241] HTTP GET http://localhost:8083/attractions
10:13:40.328 [pool-7-thread-64] DEBUG org.springframework.web.reactive.function.client.ExchangeFunctions - [73a3a390] HTTP GET http://localhost:8083/attractions
10:13:40.329 [pool-7-thread-65] DEBUG org.springframework.web.reactive.function.client.ExchangeFunctions - [4ec3275e] HTTP GET http://localhost:8083/attractions
10:13:40.330 [pool-7-thread-66] DEBUG org.springframework.web.reactive.function.client.ExchangeFunctions - [46da8ebd] HTTP GET http://localhost:8083/attractions
10:13:40.331 [pool-7-thread-67] DEBUG org.springframework.web.reactive.function.client.ExchangeFunctions - [1a10bd01] HTTP GET http://localhost:8083/attractions
10:13:40.332 [pool-7-thread-68] DEBUG org.springframework.web.reactive.function.client.ExchangeFunctions - [7cf40934] HTTP GET http://localhost:8083/attractions
10:13:40.332 [pool-7-thread-69] DEBUG org.springframework.web.reactive.function.client.ExchangeFunctions - [3aae90ba] HTTP GET http://localhost:8083/attractions
10:13:40.334 [pool-7-thread-70] DEBUG org.springframework.web.reactive.function.client.ExchangeFunctions - [5c51c192] HTTP GET http://localhost:8083/attractions
10:13:40.335 [pool-7-thread-71] DEBUG org.springframework.web.reactive.function.client.ExchangeFunctions - [4b092f3d] HTTP GET http://localhost:8083/attractions
10:13:40.335 [pool-7-thread-73] DEBUG org.springframework.web.reactive.function.client.ExchangeFunctions - [6c60b111] HTTP GET http://localhost:8083/attractions
10:13:40.335 [pool-7-thread-72] DEBUG org.springframework.web.reactive.function.client.ExchangeFunctions - [4d0d88e6] HTTP GET http://localhost:8083/attractions
10:13:40.336 [pool-7-thread-75] DEBUG org.springframework.web.reactive.function.client.ExchangeFunctions - [478620c4] HTTP GET http://localhost:8083/attractions
10:13:40.336 [pool-7-thread-76] DEBUG org.springframework.web.reactive.function.client.ExchangeFunctions - [2d494091] HTTP GET http://localhost:8083/attractions
10:13:40.337 [pool-7-thread-78] DEBUG org.springframework.web.reactive.function.client.ExchangeFunctions - [2146a826] HTTP GET http://localhost:8083/attractions
10:13:40.337 [pool-7-thread-79] DEBUG org.springframework.web.reactive.function.client.ExchangeFunctions - [3b429f8f] HTTP GET http://localhost:8083/attractions
10:13:40.337 [pool-7-thread-80] DEBUG org.springframework.web.reactive.function.client.ExchangeFunctions - [3246d539] HTTP GET http://localhost:8083/attractions
10:13:40.338 [pool-7-thread-83] DEBUG org.springframework.web.reactive.function.client.ExchangeFunctions - [6140a29c] HTTP GET http://localhost:8083/attractions
10:13:40.337 [pool-7-thread-82] DEBUG org.springframework.web.reactive.function.client.ExchangeFunctions - [9e3bda] HTTP GET http://localhost:8083/attractions
10:13:40.338 [pool-7-thread-85] DEBUG org.springframework.web.reactive.function.client.ExchangeFunctions - [19aa4bd5] HTTP GET http://localhost:8083/attractions
10:13:40.338 [pool-7-thread-87] DEBUG org.springframework.web.reactive.function.client.ExchangeFunctions - [57e8c1b2] HTTP GET http://localhost:8083/attractions
10:13:40.339 [pool-7-thread-86] DEBUG org.springframework.web.reactive.function.client.ExchangeFunctions - [6e50880f] HTTP GET http://localhost:8083/attractions
10:13:40.339 [pool-7-thread-88] DEBUG org.springframework.web.reactive.function.client.ExchangeFunctions - [6cf4fa8b] HTTP GET http://localhost:8083/attractions
10:13:40.339 [pool-7-thread-89] DEBUG org.springframework.web.reactive.function.client.ExchangeFunctions - [1cf8b9a8] HTTP GET http://localhost:8083/attractions
10:13:40.340 [reactor-http-nio-3] DEBUG reactor.netty.resources.PooledConnectionProvider - [id: 0x90a5bcc2, L:/127.0.0.1:50685 - R:localhost/127.0.0.1:8083] Channel acquired, now 25 active connections and 66 inactive connections
10:13:40.340 [reactor-http-nio-3] DEBUG reactor.netty.http.client.HttpClientConnect - [id: 0x90a5bcc2, L:/127.0.0.1:50685 - R:localhost/127.0.0.1:8083] Handler is being applied: {uri=http://localhost:8083/attractions, method=GET}
10:13:40.341 [reactor-http-nio-3] DEBUG reactor.netty.resources.PooledConnectionProvider - [id: 0x90a5bcc2, L:/127.0.0.1:50685 - R:localhost/127.0.0.1:8083] onStateChange(GET{uri=/attractions, connection=PooledConnection{channel=[id: 0x90a5bcc2, L:/127.0.0.1:50685 - R:localhost/127.0.0.1:8083]}}, [request_sent])
10:13:40.340 [pool-7-thread-91] DEBUG org.springframework.web.reactive.function.client.ExchangeFunctions - [57f86b9a] HTTP GET http://localhost:8083/attractions
10:13:40.341 [pool-7-thread-92] DEBUG org.springframework.web.reactive.function.client.ExchangeFunctions - [19c44400] HTTP GET http://localhost:8083/attractions
10:13:40.342 [pool-7-thread-94] DEBUG org.springframework.web.reactive.function.client.ExchangeFunctions - [2aead71b] HTTP GET http://localhost:8083/attractions
10:13:40.342 [pool-7-thread-95] DEBUG org.springframework.web.reactive.function.client.ExchangeFunctions - [225c61ff] HTTP GET http://localhost:8083/attractions
10:13:40.343 [pool-7-thread-96] DEBUG org.springframework.web.reactive.function.client.ExchangeFunctions - [2caff4b1] HTTP GET http://localhost:8083/attractions
10:13:40.343 [pool-7-thread-97] DEBUG org.springframework.web.reactive.function.client.ExchangeFunctions - [3c844f5b] HTTP GET http://localhost:8083/attractions
10:13:40.343 [pool-7-thread-98] DEBUG org.springframework.web.reactive.function.client.ExchangeFunctions - [3c212bbc] HTTP GET http://localhost:8083/attractions
10:13:40.344 [pool-7-thread-100] DEBUG org.springframework.web.reactive.function.client.ExchangeFunctions - [df63960] HTTP GET http://localhost:8083/attractions
10:13:40.344 [pool-7-thread-101] DEBUG org.springframework.web.reactive.function.client.ExchangeFunctions - [41454a68] HTTP GET http://localhost:8083/attractions
10:13:40.345 [pool-7-thread-24] DEBUG org.springframework.web.reactive.function.client.ExchangeFunctions - [7ff552c7] HTTP GET http://localhost:8084/attractionRewardPoint?attractionId=1b4541f6-47d8-4338-80b4-26d364323358&userId=75a11c86-23ed-4aee-a547-9f160949e283
10:13:40.346 [pool-7-thread-25] DEBUG org.springframework.web.reactive.function.client.ExchangeFunctions - [6e230e78] HTTP GET http://localhost:8084/attractionRewardPoint?attractionId=7528523b-e159-4371-9fc2-5612682e2d8d&userId=71a62ff6-c1de-4ee6-ac7d-d1b0573b16e9
10:13:40.347 [pool-7-thread-34] DEBUG org.springframework.web.reactive.function.client.ExchangeFunctions - [7f49580] HTTP GET http://localhost:8083/attractions
10:13:40.314 [pool-7-thread-45] DEBUG org.springframework.web.reactive.function.client.ExchangeFunctions - [6e7e93d9] HTTP GET http://localhost:8083/attractions
10:13:40.347 [pool-7-thread-42] DEBUG org.springframework.web.reactive.function.client.ExchangeFunctions - [173ba36d] HTTP GET http://localhost:8083/attractions
10:13:40.348 [pool-7-thread-23] DEBUG org.springframework.web.reactive.function.client.ExchangeFunctions - [6fdff48c] HTTP GET http://localhost:8084/attractionRewardPoint?attractionId=6e3de2e5-10f7-40d7-b10a-b54275fe75a9&userId=e31fa619-7fac-4d99-91f3-2073742ca318
10:13:40.321 [pool-7-thread-51] DEBUG org.springframework.web.reactive.function.client.ExchangeFunctions - [35b9aee0] HTTP GET http://localhost:8083/attractions
10:13:40.321 [reactor-http-nio-4] DEBUG reactor.netty.http.client.HttpClientConnect - [id: 0x16ab4917, L:/127.0.0.1:50678 - R:localhost/127.0.0.1:8083] Handler is being applied: {uri=http://localhost:8083/attractions, method=GET}
10:13:40.363 [pool-7-thread-43] DEBUG org.springframework.web.reactive.function.client.ExchangeFunctions - [130263db] HTTP GET http://localhost:8083/attractions
10:13:40.364 [reactor-http-nio-4] DEBUG reactor.netty.resources.PooledConnectionProvider - [id: 0x16ab4917, L:/127.0.0.1:50678 - R:localhost/127.0.0.1:8083] onStateChange(GET{uri=/attractions, connection=PooledConnection{channel=[id: 0x16ab4917, L:/127.0.0.1:50678 - R:localhost/127.0.0.1:8083]}}, [request_sent])
10:13:40.364 [reactor-http-nio-4] DEBUG reactor.netty.resources.PooledConnectionProvider - [id: 0x5fcffdd2, L:/127.0.0.1:50637 - R:localhost/127.0.0.1:8083] Channel acquired, now 26 active connections and 65 inactive connections
10:13:40.364 [reactor-http-nio-4] DEBUG reactor.netty.http.client.HttpClientConnect - [id: 0x5fcffdd2, L:/127.0.0.1:50637 - R:localhost/127.0.0.1:8083] Handler is being applied: {uri=http://localhost:8083/attractions, method=GET}
10:13:40.365 [reactor-http-nio-4] DEBUG reactor.netty.resources.PooledConnectionProvider - [id: 0x5fcffdd2, L:/127.0.0.1:50637 - R:localhost/127.0.0.1:8083] onStateChange(GET{uri=/attractions, connection=PooledConnection{channel=[id: 0x5fcffdd2, L:/127.0.0.1:50637 - R:localhost/127.0.0.1:8083]}}, [request_sent])
10:13:40.366 [reactor-http-nio-4] DEBUG reactor.netty.resources.PooledConnectionProvider - [id: 0x96ea5c39, L:/127.0.0.1:50633 - R:localhost/127.0.0.1:8083] Channel acquired, now 27 active connections and 64 inactive connections
10:13:40.366 [reactor-http-nio-4] DEBUG reactor.netty.http.client.HttpClientConnect - [id: 0x96ea5c39, L:/127.0.0.1:50633 - R:localhost/127.0.0.1:8083] Handler is being applied: {uri=http://localhost:8083/attractions, method=GET}
10:13:40.366 [reactor-http-nio-4] DEBUG reactor.netty.resources.PooledConnectionProvider - [id: 0x96ea5c39, L:/127.0.0.1:50633 - R:localhost/127.0.0.1:8083] onStateChange(GET{uri=/attractions, connection=PooledConnection{channel=[id: 0x96ea5c39, L:/127.0.0.1:50633 - R:localhost/127.0.0.1:8083]}}, [request_sent])
10:13:40.367 [reactor-http-nio-4] DEBUG reactor.netty.resources.PooledConnectionProvider - [id: 0xffcbc3fa, L:/127.0.0.1:50617 - R:localhost/127.0.0.1:8083] Channel acquired, now 29 active connections and 62 inactive connections
10:13:40.367 [reactor-http-nio-4] DEBUG reactor.netty.http.client.HttpClientConnect - [id: 0xffcbc3fa, L:/127.0.0.1:50617 - R:localhost/127.0.0.1:8083] Handler is being applied: {uri=http://localhost:8083/attractions, method=GET}
10:13:40.368 [reactor-http-nio-4] DEBUG reactor.netty.resources.PooledConnectionProvider - [id: 0xffcbc3fa, L:/127.0.0.1:50617 - R:localhost/127.0.0.1:8083] onStateChange(GET{uri=/attractions, connection=PooledConnection{channel=[id: 0xffcbc3fa, L:/127.0.0.1:50617 - R:localhost/127.0.0.1:8083]}}, [request_sent])
10:13:40.368 [reactor-http-nio-4] DEBUG reactor.netty.http.client.HttpClientOperations - [id: 0xb37fd56e, L:/127.0.0.1:50615 - R:localhost/127.0.0.1:8083] Received response (auto-read:false) : [Content-Type=application/json, Transfer-Encoding=chunked, Date=Tue, 07 Jun 2022 09:13:39 GMT]
10:13:40.369 [reactor-http-nio-4] DEBUG reactor.netty.resources.PooledConnectionProvider - [id: 0xb37fd56e, L:/127.0.0.1:50615 - R:localhost/127.0.0.1:8083] onStateChange(GET{uri=/attractions, connection=PooledConnection{channel=[id: 0xb37fd56e, L:/127.0.0.1:50615 - R:localhost/127.0.0.1:8083]}}, [response_received])
10:13:40.369 [reactor-http-nio-4] DEBUG org.springframework.web.reactive.function.client.ExchangeFunctions - [4f124f83] Response 200 OK
10:13:40.369 [reactor-http-nio-4] DEBUG reactor.netty.channel.FluxReceive - [id: 0xb37fd56e, L:/127.0.0.1:50615 - R:localhost/127.0.0.1:8083] Subscribing inbound receiver [pending: 0, cancelled:false, inboundDone: false]
10:13:40.323 [reactor-http-nio-1] DEBUG reactor.netty.resources.PooledConnectionProvider - [id: 0xf19dc01d, L:/127.0.0.1:50696 - R:localhost/127.0.0.1:8083] Channel acquired, now 23 active connections and 68 inactive connections
10:13:40.369 [reactor-http-nio-1] DEBUG reactor.netty.http.client.HttpClientConnect - [id: 0xf19dc01d, L:/127.0.0.1:50696 - R:localhost/127.0.0.1:8083] Handler is being applied: {uri=http://localhost:8083/attractions, method=GET}
10:13:40.370 [reactor-http-nio-4] DEBUG reactor.netty.http.client.HttpClientOperations - [id: 0xb37fd56e, L:/127.0.0.1:50615 - R:localhost/127.0.0.1:8083] Received last HTTP packet
10:13:40.370 [reactor-http-nio-1] DEBUG reactor.netty.resources.PooledConnectionProvider - [id: 0xf19dc01d, L:/127.0.0.1:50696 - R:localhost/127.0.0.1:8083] onStateChange(GET{uri=/attractions, connection=PooledConnection{channel=[id: 0xf19dc01d, L:/127.0.0.1:50696 - R:localhost/127.0.0.1:8083]}}, [request_sent])
10:13:40.371 [reactor-http-nio-4] DEBUG org.springframework.core.codec.StringDecoder - [4f124f83] Decoded "[{"longitude":-117.922008,"latitude":33.817595,"attractionName":"Disneyland","city":"Anaheim","stat (truncated)...
10:13:40.371 [reactor-http-nio-4] DEBUG reactor.netty.resources.PooledConnectionProvider - [id: 0xb37fd56e, L:/127.0.0.1:50615 - R:localhost/127.0.0.1:8083] onStateChange(GET{uri=/attractions, connection=PooledConnection{channel=[id: 0xb37fd56e, L:/127.0.0.1:50615 - R:localhost/127.0.0.1:8083]}}, [disconnecting])
10:13:40.371 [reactor-http-nio-1] DEBUG reactor.netty.resources.PooledConnectionProvider - [id: 0x8ed49f05, L:/127.0.0.1:50631 - R:localhost/127.0.0.1:8083] Channel acquired, now 30 active connections and 61 inactive connections
10:13:40.371 [reactor-http-nio-4] DEBUG reactor.netty.resources.PooledConnectionProvider - [id: 0xb37fd56e, L:/127.0.0.1:50615 - R:localhost/127.0.0.1:8083] Releasing channel
10:13:40.371 [reactor-http-nio-4] DEBUG reactor.netty.resources.PooledConnectionProvider - [id: 0xb37fd56e, L:/127.0.0.1:50615 - R:localhost/127.0.0.1:8083] Channel cleaned, now 29 active connections and 62 inactive connections
10:13:40.371 [reactor-http-nio-1] DEBUG reactor.netty.http.client.HttpClientConnect - [id: 0x8ed49f05, L:/127.0.0.1:50631 - R:localhost/127.0.0.1:8083] Handler is being applied: {uri=http://localhost:8083/attractions, method=GET}
10:13:40.371 [reactor-http-nio-4] DEBUG reactor.netty.http.client.HttpClientOperations - [id: 0xce2e26b5, L:/127.0.0.1:50623 - R:localhost/127.0.0.1:8083] Received response (auto-read:false) : [Content-Type=application/json, Transfer-Encoding=chunked, Date=Tue, 07 Jun 2022 09:13:39 GMT]
10:13:40.371 [reactor-http-nio-4] DEBUG reactor.netty.resources.PooledConnectionProvider - [id: 0xce2e26b5, L:/127.0.0.1:50623 - R:localhost/127.0.0.1:8083] onStateChange(GET{uri=/attractions, connection=PooledConnection{channel=[id: 0xce2e26b5, L:/127.0.0.1:50623 - R:localhost/127.0.0.1:8083]}}, [response_received])
10:13:40.371 [reactor-http-nio-4] DEBUG org.springframework.web.reactive.function.client.ExchangeFunctions - [4b4fee8a] Response 200 OK
10:13:40.371 [reactor-http-nio-1] DEBUG reactor.netty.resources.PooledConnectionProvider - [id: 0x8ed49f05, L:/127.0.0.1:50631 - R:localhost/127.0.0.1:8083] onStateChange(GET{uri=/attractions, connection=PooledConnection{channel=[id: 0x8ed49f05, L:/127.0.0.1:50631 - R:localhost/127.0.0.1:8083]}}, [request_sent])
10:13:40.372 [reactor-http-nio-4] DEBUG reactor.netty.channel.FluxReceive - [id: 0xce2e26b5, L:/127.0.0.1:50623 - R:localhost/127.0.0.1:8083] Subscribing inbound receiver [pending: 0, cancelled:false, inboundDone: false]
10:13:40.372 [reactor-http-nio-4] DEBUG reactor.netty.http.client.HttpClientOperations - [id: 0xce2e26b5, L:/127.0.0.1:50623 - R:localhost/127.0.0.1:8083] Received last HTTP packet
10:13:40.372 [reactor-http-nio-4] DEBUG org.springframework.core.codec.StringDecoder - [4b4fee8a] Decoded "[{"longitude":-117.922008,"latitude":33.817595,"attractionName":"Disneyland","city":"Anaheim","stat (truncated)...
10:13:40.372 [reactor-http-nio-4] DEBUG reactor.netty.resources.PooledConnectionProvider - [id: 0xce2e26b5, L:/127.0.0.1:50623 - R:localhost/127.0.0.1:8083] onStateChange(GET{uri=/attractions, connection=PooledConnection{channel=[id: 0xce2e26b5, L:/127.0.0.1:50623 - R:localhost/127.0.0.1:8083]}}, [disconnecting])
10:13:40.372 [reactor-http-nio-4] DEBUG reactor.netty.resources.PooledConnectionProvider - [id: 0xce2e26b5, L:/127.0.0.1:50623 - R:localhost/127.0.0.1:8083] Releasing channel
10:13:40.372 [reactor-http-nio-4] DEBUG reactor.netty.resources.PooledConnectionProvider - [id: 0xce2e26b5, L:/127.0.0.1:50623 - R:localhost/127.0.0.1:8083] Channel cleaned, now 28 active connections and 63 inactive connections
10:13:40.372 [reactor-http-nio-4] DEBUG reactor.netty.http.client.HttpClientOperations - [id: 0x0fdbb1c2, L:/127.0.0.1:50680 - R:localhost/127.0.0.1:8083] Received response (auto-read:false) : [Content-Type=application/json, Transfer-Encoding=chunked, Date=Tue, 07 Jun 2022 09:13:39 GMT]
10:13:40.372 [reactor-http-nio-4] DEBUG reactor.netty.resources.PooledConnectionProvider - [id: 0x0fdbb1c2, L:/127.0.0.1:50680 - R:localhost/127.0.0.1:8083] onStateChange(GET{uri=/attractions, connection=PooledConnection{channel=[id: 0x0fdbb1c2, L:/127.0.0.1:50680 - R:localhost/127.0.0.1:8083]}}, [response_received])
10:13:40.372 [reactor-http-nio-4] DEBUG org.springframework.web.reactive.function.client.ExchangeFunctions - [71b611fc] Response 200 OK
10:13:40.373 [reactor-http-nio-4] DEBUG reactor.netty.channel.FluxReceive - [id: 0x0fdbb1c2, L:/127.0.0.1:50680 - R:localhost/127.0.0.1:8083] Subscribing inbound receiver [pending: 0, cancelled:false, inboundDone: false]
10:13:40.374 [reactor-http-nio-4] DEBUG reactor.netty.http.client.HttpClientOperations - [id: 0x0fdbb1c2, L:/127.0.0.1:50680 - R:localhost/127.0.0.1:8083] Received last HTTP packet
10:13:40.374 [reactor-http-nio-4] DEBUG org.springframework.core.codec.StringDecoder - [71b611fc] Decoded "[{"longitude":-117.922008,"latitude":33.817595,"attractionName":"Disneyland","city":"Anaheim","stat (truncated)...
10:13:40.374 [reactor-http-nio-4] DEBUG reactor.netty.resources.PooledConnectionProvider - [id: 0x0fdbb1c2, L:/127.0.0.1:50680 - R:localhost/127.0.0.1:8083] onStateChange(GET{uri=/attractions, connection=PooledConnection{channel=[id: 0x0fdbb1c2, L:/127.0.0.1:50680 - R:localhost/127.0.0.1:8083]}}, [disconnecting])
10:13:40.374 [reactor-http-nio-4] DEBUG reactor.netty.resources.PooledConnectionProvider - [id: 0x0fdbb1c2, L:/127.0.0.1:50680 - R:localhost/127.0.0.1:8083] Releasing channel
10:13:40.374 [reactor-http-nio-4] DEBUG reactor.netty.resources.PooledConnectionProvider - [id: 0x0fdbb1c2, L:/127.0.0.1:50680 - R:localhost/127.0.0.1:8083] Channel cleaned, now 27 active connections and 64 inactive connections
10:13:40.375 [reactor-http-nio-4] DEBUG reactor.netty.resources.PooledConnectionProvider - [id: 0x676c50cf, L:/127.0.0.1:50639 - R:localhost/127.0.0.1:8083] Channel acquired, now 28 active connections and 63 inactive connections
10:13:40.375 [reactor-http-nio-4] DEBUG reactor.netty.http.client.HttpClientConnect - [id: 0x676c50cf, L:/127.0.0.1:50639 - R:localhost/127.0.0.1:8083] Handler is being applied: {uri=http://localhost:8083/attractions, method=GET}
10:13:40.376 [reactor-http-nio-4] DEBUG reactor.netty.resources.PooledConnectionProvider - [id: 0x676c50cf, L:/127.0.0.1:50639 - R:localhost/127.0.0.1:8083] onStateChange(GET{uri=/attractions, connection=PooledConnection{channel=[id: 0x676c50cf, L:/127.0.0.1:50639 - R:localhost/127.0.0.1:8083]}}, [request_sent])
10:13:40.376 [reactor-http-nio-4] DEBUG reactor.netty.resources.PooledConnectionProvider - [id: 0xce32d0ed, L:/127.0.0.1:50671 - R:localhost/127.0.0.1:8083] Channel acquired, now 29 active connections and 62 inactive connections
10:13:40.376 [reactor-http-nio-4] DEBUG reactor.netty.http.client.HttpClientConnect - [id: 0xce32d0ed, L:/127.0.0.1:50671 - R:localhost/127.0.0.1:8083] Handler is being applied: {uri=http://localhost:8083/attractions, method=GET}
10:13:40.376 [reactor-http-nio-4] DEBUG reactor.netty.resources.PooledConnectionProvider - [id: 0xce32d0ed, L:/127.0.0.1:50671 - R:localhost/127.0.0.1:8083] onStateChange(GET{uri=/attractions, connection=PooledConnection{channel=[id: 0xce32d0ed, L:/127.0.0.1:50671 - R:localhost/127.0.0.1:8083]}}, [request_sent])
10:13:40.325 [reactor-http-nio-2] DEBUG reactor.netty.http.client.HttpClientConnect - [id: 0xc558618d, L:/127.0.0.1:50669 - R:localhost/127.0.0.1:8083] Handler is being applied: {uri=http://localhost:8083/attractions, method=GET}
10:13:40.387 [reactor-http-nio-2] DEBUG reactor.netty.resources.PooledConnectionProvider - [id: 0xc558618d, L:/127.0.0.1:50669 - R:localhost/127.0.0.1:8083] onStateChange(GET{uri=/attractions, connection=PooledConnection{channel=[id: 0xc558618d, L:/127.0.0.1:50669 - R:localhost/127.0.0.1:8083]}}, [request_sent])
10:13:40.387 [reactor-http-nio-2] DEBUG reactor.netty.resources.PooledConnectionProvider - [id: 0xaed570cd, L:/127.0.0.1:50659 - R:localhost/127.0.0.1:8083] Channel acquired, now 30 active connections and 61 inactive connections
10:13:40.387 [reactor-http-nio-2] DEBUG reactor.netty.http.client.HttpClientConnect - [id: 0xaed570cd, L:/127.0.0.1:50659 - R:localhost/127.0.0.1:8083] Handler is being applied: {uri=http://localhost:8083/attractions, method=GET}
10:13:40.387 [pool-7-thread-35] DEBUG org.springframework.web.reactive.function.client.ExchangeFunctions - [45881993] HTTP GET http://localhost:8084/attractionRewardPoint?attractionId=1f3d0099-876e-4054-9bf2-c76a07acfc0c&userId=90778aba-4a74-43d1-ac12-0c2a2f815af0
10:13:40.387 [pool-7-thread-33] DEBUG org.springframework.web.reactive.function.client.ExchangeFunctions - [41d5a811] HTTP GET http://localhost:8084/attractionRewardPoint?attractionId=0fe97dde-44f9-4b2c-b623-2d954021cf0d&userId=e0a3d642-015b-4202-b337-43f612c2c281
10:13:40.388 [reactor-http-nio-2] DEBUG reactor.netty.resources.PooledConnectionProvider - [id: 0xaed570cd, L:/127.0.0.1:50659 - R:localhost/127.0.0.1:8083] onStateChange(GET{uri=/attractions, connection=PooledConnection{channel=[id: 0xaed570cd, L:/127.0.0.1:50659 - R:localhost/127.0.0.1:8083]}}, [request_sent])
10:13:40.388 [reactor-http-nio-2] DEBUG reactor.netty.resources.PooledConnectionProvider - [id: 0x2d54db0e, L:/127.0.0.1:50668 - R:localhost/127.0.0.1:8083] Channel acquired, now 31 active connections and 60 inactive connections
10:13:40.388 [reactor-http-nio-2] DEBUG reactor.netty.http.client.HttpClientConnect - [id: 0x2d54db0e, L:/127.0.0.1:50668 - R:localhost/127.0.0.1:8083] Handler is being applied: {uri=http://localhost:8083/attractions, method=GET}
10:13:40.389 [reactor-http-nio-2] DEBUG reactor.netty.resources.PooledConnectionProvider - [id: 0x2d54db0e, L:/127.0.0.1:50668 - R:localhost/127.0.0.1:8083] onStateChange(GET{uri=/attractions, connection=PooledConnection{channel=[id: 0x2d54db0e, L:/127.0.0.1:50668 - R:localhost/127.0.0.1:8083]}}, [request_sent])
10:13:40.390 [reactor-http-nio-2] DEBUG reactor.netty.resources.PooledConnectionProvider - [id: 0xd51be2b9, L:/127.0.0.1:50634 - R:localhost/127.0.0.1:8083] Channel acquired, now 32 active connections and 59 inactive connections
10:13:40.390 [reactor-http-nio-2] DEBUG reactor.netty.http.client.HttpClientConnect - [id: 0xd51be2b9, L:/127.0.0.1:50634 - R:localhost/127.0.0.1:8083] Handler is being applied: {uri=http://localhost:8083/attractions, method=GET}
10:13:40.391 [reactor-http-nio-2] DEBUG reactor.netty.resources.PooledConnectionProvider - [id: 0xd51be2b9, L:/127.0.0.1:50634 - R:localhost/127.0.0.1:8083] onStateChange(GET{uri=/attractions, connection=PooledConnection{channel=[id: 0xd51be2b9, L:/127.0.0.1:50634 - R:localhost/127.0.0.1:8083]}}, [request_sent])
10:13:40.391 [reactor-http-nio-2] DEBUG reactor.netty.resources.PooledConnectionProvider - [id: 0xa634fb68, L:/127.0.0.1:50662 - R:localhost/127.0.0.1:8083] Channel acquired, now 33 active connections and 58 inactive connections
10:13:40.391 [reactor-http-nio-2] DEBUG reactor.netty.http.client.HttpClientConnect - [id: 0xa634fb68, L:/127.0.0.1:50662 - R:localhost/127.0.0.1:8083] Handler is being applied: {uri=http://localhost:8083/attractions, method=GET}
10:13:40.392 [reactor-http-nio-2] DEBUG reactor.netty.resources.PooledConnectionProvider - [id: 0xa634fb68, L:/127.0.0.1:50662 - R:localhost/127.0.0.1:8083] onStateChange(GET{uri=/attractions, connection=PooledConnection{channel=[id: 0xa634fb68, L:/127.0.0.1:50662 - R:localhost/127.0.0.1:8083]}}, [request_sent])
10:13:40.392 [reactor-http-nio-2] DEBUG reactor.netty.resources.PooledConnectionProvider - [id: 0x0da0a9f9, L:/127.0.0.1:50665 - R:localhost/127.0.0.1:8083] Channel acquired, now 34 active connections and 57 inactive connections
10:13:40.392 [reactor-http-nio-2] DEBUG reactor.netty.http.client.HttpClientConnect - [id: 0x0da0a9f9, L:/127.0.0.1:50665 - R:localhost/127.0.0.1:8083] Handler is being applied: {uri=http://localhost:8083/attractions, method=GET}
10:13:40.393 [reactor-http-nio-2] DEBUG reactor.netty.resources.PooledConnectionProvider - [id: 0x0da0a9f9, L:/127.0.0.1:50665 - R:localhost/127.0.0.1:8083] onStateChange(GET{uri=/attractions, connection=PooledConnection{channel=[id: 0x0da0a9f9, L:/127.0.0.1:50665 - R:localhost/127.0.0.1:8083]}}, [request_sent])
10:13:40.394 [reactor-http-nio-4] DEBUG reactor.netty.resources.PooledConnectionProvider - [id: 0xfedf6624, L:/127.0.0.1:50635 - R:localhost/127.0.0.1:8083] Channel acquired, now 35 active connections and 56 inactive connections
10:13:40.394 [reactor-http-nio-2] DEBUG reactor.netty.resources.PooledConnectionProvider - [id: 0x49dcd8d7, L:/127.0.0.1:50622 - R:localhost/127.0.0.1:8083] Channel acquired, now 36 active connections and 55 inactive connections
10:13:40.394 [reactor-http-nio-4] DEBUG reactor.netty.http.client.HttpClientConnect - [id: 0xfedf6624, L:/127.0.0.1:50635 - R:localhost/127.0.0.1:8083] Handler is being applied: {uri=http://localhost:8083/attractions, method=GET}
10:13:40.394 [reactor-http-nio-2] DEBUG reactor.netty.http.client.HttpClientConnect - [id: 0x49dcd8d7, L:/127.0.0.1:50622 - R:localhost/127.0.0.1:8083] Handler is being applied: {uri=http://localhost:8083/attractions, method=GET}
10:13:40.394 [reactor-http-nio-4] DEBUG reactor.netty.resources.PooledConnectionProvider - [id: 0xfedf6624, L:/127.0.0.1:50635 - R:localhost/127.0.0.1:8083] onStateChange(GET{uri=/attractions, connection=PooledConnection{channel=[id: 0xfedf6624, L:/127.0.0.1:50635 - R:localhost/127.0.0.1:8083]}}, [request_sent])
10:13:40.395 [reactor-http-nio-2] DEBUG reactor.netty.resources.PooledConnectionProvider - [id: 0x49dcd8d7, L:/127.0.0.1:50622 - R:localhost/127.0.0.1:8083] onStateChange(GET{uri=/attractions, connection=PooledConnection{channel=[id: 0x49dcd8d7, L:/127.0.0.1:50622 - R:localhost/127.0.0.1:8083]}}, [request_sent])
10:13:40.395 [reactor-http-nio-2] DEBUG reactor.netty.resources.PooledConnectionProvider - [id: 0xfcc4724b] Created new pooled channel, now 19 active connections and 4 inactive connections
10:13:40.396 [reactor-http-nio-4] DEBUG reactor.netty.http.client.HttpClientOperations - [id: 0x204ddfda, L:/127.0.0.1:50676 - R:localhost/127.0.0.1:8083] Received response (auto-read:false) : [Content-Type=application/json, Transfer-Encoding=chunked, Date=Tue, 07 Jun 2022 09:13:39 GMT]
10:13:40.396 [reactor-http-nio-4] DEBUG reactor.netty.resources.PooledConnectionProvider - [id: 0x204ddfda, L:/127.0.0.1:50676 - R:localhost/127.0.0.1:8083] onStateChange(GET{uri=/attractions, connection=PooledConnection{channel=[id: 0x204ddfda, L:/127.0.0.1:50676 - R:localhost/127.0.0.1:8083]}}, [response_received])
10:13:40.396 [reactor-http-nio-4] DEBUG org.springframework.web.reactive.function.client.ExchangeFunctions - [5163cbae] Response 200 OK
10:13:40.396 [reactor-http-nio-4] DEBUG reactor.netty.channel.FluxReceive - [id: 0x204ddfda, L:/127.0.0.1:50676 - R:localhost/127.0.0.1:8083] Subscribing inbound receiver [pending: 0, cancelled:false, inboundDone: false]
10:13:40.397 [reactor-http-nio-2] DEBUG reactor.netty.channel.BootstrapHandlers - [id: 0xfcc4724b] Initialized pipeline DefaultChannelPipeline{(BootstrapHandlers$BootstrapInitializerHandler#0 = reactor.netty.channel.BootstrapHandlers$BootstrapInitializerHandler), (SimpleChannelPool$1#0 = io.netty.channel.pool.SimpleChannelPool$1), (reactor.left.httpCodec = io.netty.handler.codec.http.HttpClientCodec), (reactor.left.decompressor = io.netty.handler.codec.http.HttpContentDecompressor), (reactor.right.reactiveBridge = reactor.netty.channel.ChannelOperationsHandler)}
10:13:40.397 [reactor-http-nio-2] DEBUG reactor.netty.resources.PooledConnectionProvider - [id: 0x6e22cddb, L:/127.0.0.1:50661 - R:localhost/127.0.0.1:8083] Channel acquired, now 37 active connections and 54 inactive connections
10:13:40.397 [reactor-http-nio-2] DEBUG reactor.netty.http.client.HttpClientConnect - [id: 0x6e22cddb, L:/127.0.0.1:50661 - R:localhost/127.0.0.1:8083] Handler is being applied: {uri=http://localhost:8083/attractions, method=GET}
10:13:40.397 [reactor-http-nio-4] DEBUG reactor.netty.http.client.HttpClientOperations - [id: 0x204ddfda, L:/127.0.0.1:50676 - R:localhost/127.0.0.1:8083] Received last HTTP packet
10:13:40.398 [reactor-http-nio-4] DEBUG org.springframework.core.codec.StringDecoder - [5163cbae] Decoded "[{"longitude":-117.922008,"latitude":33.817595,"attractionName":"Disneyland","city":"Anaheim","stat (truncated)...
10:13:40.398 [reactor-http-nio-4] DEBUG reactor.netty.resources.PooledConnectionProvider - [id: 0x204ddfda, L:/127.0.0.1:50676 - R:localhost/127.0.0.1:8083] onStateChange(GET{uri=/attractions, connection=PooledConnection{channel=[id: 0x204ddfda, L:/127.0.0.1:50676 - R:localhost/127.0.0.1:8083]}}, [disconnecting])
10:13:40.398 [reactor-http-nio-4] DEBUG reactor.netty.resources.PooledConnectionProvider - [id: 0x204ddfda, L:/127.0.0.1:50676 - R:localhost/127.0.0.1:8083] Releasing channel
10:13:40.398 [reactor-http-nio-4] DEBUG reactor.netty.resources.PooledConnectionProvider - [id: 0x204ddfda, L:/127.0.0.1:50676 - R:localhost/127.0.0.1:8083] Channel cleaned, now 36 active connections and 55 inactive connections
10:13:40.400 [reactor-http-nio-2] DEBUG reactor.netty.resources.PooledConnectionProvider - [id: 0x6e22cddb, L:/127.0.0.1:50661 - R:localhost/127.0.0.1:8083] onStateChange(GET{uri=/attractions, connection=PooledConnection{channel=[id: 0x6e22cddb, L:/127.0.0.1:50661 - R:localhost/127.0.0.1:8083]}}, [request_sent])
10:13:40.400 [reactor-http-nio-2] DEBUG reactor.netty.resources.PooledConnectionProvider - [id: 0x011036a3, L:/127.0.0.1:50616 - R:localhost/127.0.0.1:8083] Channel acquired, now 37 active connections and 54 inactive connections
10:13:40.400 [reactor-http-nio-2] DEBUG reactor.netty.http.client.HttpClientConnect - [id: 0x011036a3, L:/127.0.0.1:50616 - R:localhost/127.0.0.1:8083] Handler is being applied: {uri=http://localhost:8083/attractions, method=GET}
10:13:40.401 [reactor-http-nio-2] DEBUG reactor.netty.resources.PooledConnectionProvider - [id: 0x011036a3, L:/127.0.0.1:50616 - R:localhost/127.0.0.1:8083] onStateChange(GET{uri=/attractions, connection=PooledConnection{channel=[id: 0x011036a3, L:/127.0.0.1:50616 - R:localhost/127.0.0.1:8083]}}, [request_sent])
10:13:40.401 [reactor-http-nio-2] DEBUG reactor.netty.resources.PooledConnectionProvider - [id: 0xf6a1e568, L:/127.0.0.1:50619 - R:localhost/127.0.0.1:8083] Channel acquired, now 38 active connections and 53 inactive connections
10:13:40.401 [reactor-http-nio-2] DEBUG reactor.netty.http.client.HttpClientConnect - [id: 0xf6a1e568, L:/127.0.0.1:50619 - R:localhost/127.0.0.1:8083] Handler is being applied: {uri=http://localhost:8083/attractions, method=GET}
10:13:40.402 [reactor-http-nio-2] DEBUG reactor.netty.resources.PooledConnectionProvider - [id: 0xf6a1e568, L:/127.0.0.1:50619 - R:localhost/127.0.0.1:8083] onStateChange(GET{uri=/attractions, connection=PooledConnection{channel=[id: 0xf6a1e568, L:/127.0.0.1:50619 - R:localhost/127.0.0.1:8083]}}, [request_sent])
10:13:40.402 [reactor-http-nio-2] DEBUG reactor.netty.resources.PooledConnectionProvider - [id: 0x10c31243, L:/127.0.0.1:50629 - R:localhost/127.0.0.1:8083] Channel acquired, now 39 active connections and 52 inactive connections
10:13:40.326 [pool-7-thread-60] DEBUG org.springframework.web.reactive.function.client.ExchangeFunctions - [7dacaa1] HTTP GET http://localhost:8083/attractions
10:13:40.403 [reactor-http-nio-2] DEBUG reactor.netty.http.client.HttpClientConnect - [id: 0x10c31243, L:/127.0.0.1:50629 - R:localhost/127.0.0.1:8083] Handler is being applied: {uri=http://localhost:8083/attractions, method=GET}
10:13:40.404 [reactor-http-nio-2] DEBUG reactor.netty.resources.PooledConnectionProvider - [id: 0x10c31243, L:/127.0.0.1:50629 - R:localhost/127.0.0.1:8083] onStateChange(GET{uri=/attractions, connection=PooledConnection{channel=[id: 0x10c31243, L:/127.0.0.1:50629 - R:localhost/127.0.0.1:8083]}}, [request_sent])
10:13:40.404 [reactor-http-nio-2] DEBUG reactor.netty.resources.PooledConnectionProvider - [id: 0x1cce88bc, L:/127.0.0.1:50707 - R:localhost/127.0.0.1:8084] Channel acquired, now 20 active connections and 3 inactive connections
10:13:40.404 [reactor-http-nio-2] DEBUG reactor.netty.http.client.HttpClientConnect - [id: 0x1cce88bc, L:/127.0.0.1:50707 - R:localhost/127.0.0.1:8084] Handler is being applied: {uri=http://localhost:8084/attractionRewardPoint?attractionId=7528523b-e159-4371-9fc2-5612682e2d8d&userId=71a62ff6-c1de-4ee6-ac7d-d1b0573b16e9, method=GET}
10:13:40.405 [reactor-http-nio-2] DEBUG reactor.netty.resources.PooledConnectionProvider - [id: 0x1cce88bc, L:/127.0.0.1:50707 - R:localhost/127.0.0.1:8084] onStateChange(GET{uri=/attractionRewardPoint?attractionId=7528523b-e159-4371-9fc2-5612682e2d8d&userId=71a62ff6-c1de-4ee6-ac7d-d1b0573b16e9, connection=PooledConnection{channel=[id: 0x1cce88bc, L:/127.0.0.1:50707 - R:localhost/127.0.0.1:8084]}}, [request_sent])
10:13:40.406 [reactor-http-nio-2] DEBUG reactor.netty.resources.PooledConnectionProvider - [id: 0xfcc4724b, L:/127.0.0.1:50724 - R:localhost/127.0.0.1:8084] onStateChange(PooledConnection{channel=[id: 0xfcc4724b, L:/127.0.0.1:50724 - R:localhost/127.0.0.1:8084]}, [connected])
10:13:40.406 [reactor-http-nio-2] DEBUG reactor.netty.resources.PooledConnectionProvider - [id: 0xfcc4724b, L:/127.0.0.1:50724 - R:localhost/127.0.0.1:8084] onStateChange(GET{uri=/, connection=PooledConnection{channel=[id: 0xfcc4724b, L:/127.0.0.1:50724 - R:localhost/127.0.0.1:8084]}}, [configured])
10:13:40.409 [reactor-http-nio-4] DEBUG reactor.netty.http.client.HttpClientOperations - [id: 0xce32d0ed, L:/127.0.0.1:50671 - R:localhost/127.0.0.1:8083] Received response (auto-read:false) : [Content-Type=application/json, Transfer-Encoding=chunked, Date=Tue, 07 Jun 2022 09:13:39 GMT]
10:13:40.410 [reactor-http-nio-4] DEBUG reactor.netty.resources.PooledConnectionProvider - [id: 0xce32d0ed, L:/127.0.0.1:50671 - R:localhost/127.0.0.1:8083] onStateChange(GET{uri=/attractions, connection=PooledConnection{channel=[id: 0xce32d0ed, L:/127.0.0.1:50671 - R:localhost/127.0.0.1:8083]}}, [response_received])
10:13:40.410 [reactor-http-nio-4] DEBUG org.springframework.web.reactive.function.client.ExchangeFunctions - [1cf8b9a8] Response 200 OK
10:13:40.410 [reactor-http-nio-4] DEBUG reactor.netty.channel.FluxReceive - [id: 0xce32d0ed, L:/127.0.0.1:50671 - R:localhost/127.0.0.1:8083] Subscribing inbound receiver [pending: 0, cancelled:false, inboundDone: false]
10:13:40.410 [reactor-http-nio-4] DEBUG reactor.netty.http.client.HttpClientOperations - [id: 0x676c50cf, L:/127.0.0.1:50639 - R:localhost/127.0.0.1:8083] Received response (auto-read:false) : [Content-Type=application/json, Transfer-Encoding=chunked, Date=Tue, 07 Jun 2022 09:13:39 GMT]
10:13:40.410 [reactor-http-nio-4] DEBUG reactor.netty.resources.PooledConnectionProvider - [id: 0x676c50cf, L:/127.0.0.1:50639 - R:localhost/127.0.0.1:8083] onStateChange(GET{uri=/attractions, connection=PooledConnection{channel=[id: 0x676c50cf, L:/127.0.0.1:50639 - R:localhost/127.0.0.1:8083]}}, [response_received])
10:13:40.411 [reactor-http-nio-4] DEBUG org.springframework.web.reactive.function.client.ExchangeFunctions - [676beb61] Response 200 OK
10:13:40.411 [reactor-http-nio-4] DEBUG reactor.netty.channel.FluxReceive - [id: 0x676c50cf, L:/127.0.0.1:50639 - R:localhost/127.0.0.1:8083] Subscribing inbound receiver [pending: 0, cancelled:false, inboundDone: false]
10:13:40.411 [reactor-http-nio-4] DEBUG reactor.netty.http.client.HttpClientOperations - [id: 0x676c50cf, L:/127.0.0.1:50639 - R:localhost/127.0.0.1:8083] Received last HTTP packet
10:13:40.411 [reactor-http-nio-4] DEBUG org.springframework.core.codec.StringDecoder - [676beb61] Decoded "[{"longitude":-117.922008,"latitude":33.817595,"attractionName":"Disneyland","city":"Anaheim","stat (truncated)...
10:13:40.411 [reactor-http-nio-4] DEBUG reactor.netty.resources.PooledConnectionProvider - [id: 0x676c50cf, L:/127.0.0.1:50639 - R:localhost/127.0.0.1:8083] onStateChange(GET{uri=/attractions, connection=PooledConnection{channel=[id: 0x676c50cf, L:/127.0.0.1:50639 - R:localhost/127.0.0.1:8083]}}, [disconnecting])
10:13:40.411 [reactor-http-nio-4] DEBUG reactor.netty.resources.PooledConnectionProvider - [id: 0x676c50cf, L:/127.0.0.1:50639 - R:localhost/127.0.0.1:8083] Releasing channel
10:13:40.411 [reactor-http-nio-4] DEBUG reactor.netty.resources.PooledConnectionProvider - [id: 0x676c50cf, L:/127.0.0.1:50639 - R:localhost/127.0.0.1:8083] Channel cleaned, now 38 active connections and 53 inactive connections
10:13:40.412 [reactor-http-nio-4] DEBUG reactor.netty.http.client.HttpClientOperations - [id: 0xce32d0ed, L:/127.0.0.1:50671 - R:localhost/127.0.0.1:8083] Received last HTTP packet
10:13:40.412 [reactor-http-nio-4] DEBUG org.springframework.core.codec.StringDecoder - [1cf8b9a8] Decoded "[{"longitude":-117.922008,"latitude":33.817595,"attractionName":"Disneyland","city":"Anaheim","stat (truncated)...
10:13:40.412 [reactor-http-nio-4] DEBUG reactor.netty.resources.PooledConnectionProvider - [id: 0xce32d0ed, L:/127.0.0.1:50671 - R:localhost/127.0.0.1:8083] onStateChange(GET{uri=/attractions, connection=PooledConnection{channel=[id: 0xce32d0ed, L:/127.0.0.1:50671 - R:localhost/127.0.0.1:8083]}}, [disconnecting])
10:13:40.412 [reactor-http-nio-4] DEBUG reactor.netty.resources.PooledConnectionProvider - [id: 0xce32d0ed, L:/127.0.0.1:50671 - R:localhost/127.0.0.1:8083] Releasing channel
10:13:40.412 [reactor-http-nio-4] DEBUG reactor.netty.resources.PooledConnectionProvider - [id: 0xce32d0ed, L:/127.0.0.1:50671 - R:localhost/127.0.0.1:8083] Channel cleaned, now 37 active connections and 54 inactive connections
10:13:40.413 [pool-7-thread-44] DEBUG org.springframework.web.reactive.function.client.ExchangeFunctions - [5fa43ff2] HTTP GET http://localhost:8084/attractionRewardPoint?attractionId=b2f6d21e-7e7a-4dcb-af49-8d225ef3832f&userId=9ae583a6-d7ec-4cfd-8c71-0638fa3ff1c9
10:13:40.415 [reactor-http-nio-2] DEBUG reactor.netty.http.client.HttpClientOperations - [id: 0xc558618d, L:/127.0.0.1:50669 - R:localhost/127.0.0.1:8083] Received response (auto-read:false) : [Content-Type=application/json, Transfer-Encoding=chunked, Date=Tue, 07 Jun 2022 09:13:39 GMT]
10:13:40.415 [reactor-http-nio-2] DEBUG reactor.netty.resources.PooledConnectionProvider - [id: 0xc558618d, L:/127.0.0.1:50669 - R:localhost/127.0.0.1:8083] onStateChange(GET{uri=/attractions, connection=PooledConnection{channel=[id: 0xc558618d, L:/127.0.0.1:50669 - R:localhost/127.0.0.1:8083]}}, [response_received])
10:13:40.415 [reactor-http-nio-2] DEBUG org.springframework.web.reactive.function.client.ExchangeFunctions - [4e01ddd4] Response 200 OK
10:13:40.416 [reactor-http-nio-2] DEBUG reactor.netty.channel.FluxReceive - [id: 0xc558618d, L:/127.0.0.1:50669 - R:localhost/127.0.0.1:8083] Subscribing inbound receiver [pending: 0, cancelled:false, inboundDone: false]
10:13:40.416 [reactor-http-nio-2] DEBUG reactor.netty.http.client.HttpClientOperations - [id: 0xc558618d, L:/127.0.0.1:50669 - R:localhost/127.0.0.1:8083] Received last HTTP packet
10:13:40.416 [reactor-http-nio-2] DEBUG org.springframework.core.codec.StringDecoder - [4e01ddd4] Decoded "[{"longitude":-117.922008,"latitude":33.817595,"attractionName":"Disneyland","city":"Anaheim","stat (truncated)...
10:13:40.416 [reactor-http-nio-2] DEBUG reactor.netty.resources.PooledConnectionProvider - [id: 0xc558618d, L:/127.0.0.1:50669 - R:localhost/127.0.0.1:8083] onStateChange(GET{uri=/attractions, connection=PooledConnection{channel=[id: 0xc558618d, L:/127.0.0.1:50669 - R:localhost/127.0.0.1:8083]}}, [disconnecting])
10:13:40.416 [reactor-http-nio-2] DEBUG reactor.netty.resources.PooledConnectionProvider - [id: 0xc558618d, L:/127.0.0.1:50669 - R:localhost/127.0.0.1:8083] Releasing channel
10:13:40.416 [reactor-http-nio-2] DEBUG reactor.netty.resources.PooledConnectionProvider - [id: 0xc558618d, L:/127.0.0.1:50669 - R:localhost/127.0.0.1:8083] Channel cleaned, now 36 active connections and 55 inactive connections
10:13:40.417 [reactor-http-nio-2] DEBUG reactor.netty.http.client.HttpClientOperations - [id: 0xaed570cd, L:/127.0.0.1:50659 - R:localhost/127.0.0.1:8083] Received response (auto-read:false) : [Content-Type=application/json, Transfer-Encoding=chunked, Date=Tue, 07 Jun 2022 09:13:39 GMT]
10:13:40.417 [reactor-http-nio-2] DEBUG reactor.netty.resources.PooledConnectionProvider - [id: 0xaed570cd, L:/127.0.0.1:50659 - R:localhost/127.0.0.1:8083] onStateChange(GET{uri=/attractions, connection=PooledConnection{channel=[id: 0xaed570cd, L:/127.0.0.1:50659 - R:localhost/127.0.0.1:8083]}}, [response_received])
10:13:40.418 [reactor-http-nio-2] DEBUG org.springframework.web.reactive.function.client.ExchangeFunctions - [478620c4] Response 200 OK
10:13:40.418 [reactor-http-nio-2] DEBUG reactor.netty.channel.FluxReceive - [id: 0xaed570cd, L:/127.0.0.1:50659 - R:localhost/127.0.0.1:8083] Subscribing inbound receiver [pending: 0, cancelled:false, inboundDone: false]
10:13:40.418 [reactor-http-nio-2] DEBUG reactor.netty.http.client.HttpClientOperations - [id: 0xaed570cd, L:/127.0.0.1:50659 - R:localhost/127.0.0.1:8083] Received last HTTP packet
10:13:40.336 [pool-7-thread-74] DEBUG org.springframework.web.reactive.function.client.ExchangeFunctions - [654becaf] HTTP GET http://localhost:8083/attractions
10:13:40.418 [reactor-http-nio-2] DEBUG org.springframework.core.codec.StringDecoder - [478620c4] Decoded "[{"longitude":-117.922008,"latitude":33.817595,"attractionName":"Disneyland","city":"Anaheim","stat (truncated)...
10:13:40.418 [reactor-http-nio-2] DEBUG reactor.netty.resources.PooledConnectionProvider - [id: 0xaed570cd, L:/127.0.0.1:50659 - R:localhost/127.0.0.1:8083] onStateChange(GET{uri=/attractions, connection=PooledConnection{channel=[id: 0xaed570cd, L:/127.0.0.1:50659 - R:localhost/127.0.0.1:8083]}}, [disconnecting])
10:13:40.418 [reactor-http-nio-2] DEBUG reactor.netty.resources.PooledConnectionProvider - [id: 0xaed570cd, L:/127.0.0.1:50659 - R:localhost/127.0.0.1:8083] Releasing channel
10:13:40.418 [reactor-http-nio-2] DEBUG reactor.netty.resources.PooledConnectionProvider - [id: 0xaed570cd, L:/127.0.0.1:50659 - R:localhost/127.0.0.1:8083] Channel cleaned, now 35 active connections and 56 inactive connections
10:13:40.419 [reactor-http-nio-2] DEBUG reactor.netty.resources.PooledConnectionProvider - [id: 0x8d01d79b, L:/127.0.0.1:50666 - R:localhost/127.0.0.1:8083] Channel acquired, now 36 active connections and 55 inactive connections
10:13:40.419 [reactor-http-nio-2] DEBUG reactor.netty.http.client.HttpClientConnect - [id: 0x8d01d79b, L:/127.0.0.1:50666 - R:localhost/127.0.0.1:8083] Handler is being applied: {uri=http://localhost:8083/attractions, method=GET}
10:13:40.420 [reactor-http-nio-2] DEBUG reactor.netty.resources.PooledConnectionProvider - [id: 0x8d01d79b, L:/127.0.0.1:50666 - R:localhost/127.0.0.1:8083] onStateChange(GET{uri=/attractions, connection=PooledConnection{channel=[id: 0x8d01d79b, L:/127.0.0.1:50666 - R:localhost/127.0.0.1:8083]}}, [request_sent])
10:13:40.422 [reactor-http-nio-2] DEBUG reactor.netty.http.client.HttpClientOperations - [id: 0x2d54db0e, L:/127.0.0.1:50668 - R:localhost/127.0.0.1:8083] Received response (auto-read:false) : [Content-Type=application/json, Transfer-Encoding=chunked, Date=Tue, 07 Jun 2022 09:13:39 GMT]
10:13:40.422 [reactor-http-nio-2] DEBUG reactor.netty.resources.PooledConnectionProvider - [id: 0x2d54db0e, L:/127.0.0.1:50668 - R:localhost/127.0.0.1:8083] onStateChange(GET{uri=/attractions, connection=PooledConnection{channel=[id: 0x2d54db0e, L:/127.0.0.1:50668 - R:localhost/127.0.0.1:8083]}}, [response_received])
10:13:40.422 [reactor-http-nio-2] DEBUG org.springframework.web.reactive.function.client.ExchangeFunctions - [3246d539] Response 200 OK
10:13:40.423 [reactor-http-nio-2] DEBUG reactor.netty.channel.FluxReceive - [id: 0x2d54db0e, L:/127.0.0.1:50668 - R:localhost/127.0.0.1:8083] Subscribing inbound receiver [pending: 0, cancelled:false, inboundDone: false]
10:13:40.423 [reactor-http-nio-2] DEBUG reactor.netty.http.client.HttpClientOperations - [id: 0x2d54db0e, L:/127.0.0.1:50668 - R:localhost/127.0.0.1:8083] Received last HTTP packet
10:13:40.423 [reactor-http-nio-2] DEBUG org.springframework.core.codec.StringDecoder - [3246d539] Decoded "[{"longitude":-117.922008,"latitude":33.817595,"attractionName":"Disneyland","city":"Anaheim","stat (truncated)...
10:13:40.423 [reactor-http-nio-2] DEBUG reactor.netty.resources.PooledConnectionProvider - [id: 0x2d54db0e, L:/127.0.0.1:50668 - R:localhost/127.0.0.1:8083] onStateChange(GET{uri=/attractions, connection=PooledConnection{channel=[id: 0x2d54db0e, L:/127.0.0.1:50668 - R:localhost/127.0.0.1:8083]}}, [disconnecting])
10:13:40.423 [reactor-http-nio-2] DEBUG reactor.netty.resources.PooledConnectionProvider - [id: 0x2d54db0e, L:/127.0.0.1:50668 - R:localhost/127.0.0.1:8083] Releasing channel
10:13:40.423 [pool-7-thread-61] DEBUG org.springframework.web.reactive.function.client.ExchangeFunctions - [69ac19fc] HTTP GET http://localhost:8084/attractionRewardPoint?attractionId=338228eb-646d-4efc-bfc5-133467202889&userId=d6b5f890-5dd1-4914-90d3-ca65d0fccbfc
10:13:40.424 [reactor-http-nio-4] DEBUG reactor.netty.resources.PooledConnectionProvider - [id: 0x0c97e14e] Created new pooled channel, now 20 active connections and 4 inactive connections
10:13:40.425 [reactor-http-nio-4] DEBUG reactor.netty.channel.BootstrapHandlers - [id: 0x0c97e14e] Initialized pipeline DefaultChannelPipeline{(BootstrapHandlers$BootstrapInitializerHandler#0 = reactor.netty.channel.BootstrapHandlers$BootstrapInitializerHandler), (SimpleChannelPool$1#0 = io.netty.channel.pool.SimpleChannelPool$1), (reactor.left.httpCodec = io.netty.handler.codec.http.HttpClientCodec), (reactor.left.decompressor = io.netty.handler.codec.http.HttpContentDecompressor), (reactor.right.reactiveBridge = reactor.netty.channel.ChannelOperationsHandler)}
10:13:40.425 [pool-7-thread-89] DEBUG org.springframework.web.reactive.function.client.ExchangeFunctions - [123f5447] HTTP GET http://localhost:8084/attractionRewardPoint?attractionId=c0d4426c-ce7e-4717-9e81-7b06e02ca776&userId=d86715d6-ae33-4242-b191-06483d5be15c
10:13:40.426 [reactor-http-nio-4] DEBUG reactor.netty.resources.PooledConnectionProvider - [id: 0x0c97e14e, L:/127.0.0.1:50725 - R:localhost/127.0.0.1:8084] onStateChange(PooledConnection{channel=[id: 0x0c97e14e, L:/127.0.0.1:50725 - R:localhost/127.0.0.1:8084]}, [connected])
10:13:40.426 [reactor-http-nio-4] DEBUG reactor.netty.resources.PooledConnectionProvider - [id: 0x0c97e14e, L:/127.0.0.1:50725 - R:localhost/127.0.0.1:8084] onStateChange(GET{uri=/, connection=PooledConnection{channel=[id: 0x0c97e14e, L:/127.0.0.1:50725 - R:localhost/127.0.0.1:8084]}}, [configured])
10:13:40.427 [pool-7-thread-57] DEBUG org.springframework.web.reactive.function.client.ExchangeFunctions - [40c62a64] HTTP GET http://localhost:8084/attractionRewardPoint?attractionId=1e87745e-f16e-4e10-899f-1c36618f1366&userId=716110c9-18c0-4878-9646-c069546585d0
10:13:40.428 [reactor-http-nio-4] DEBUG reactor.netty.http.client.HttpClientOperations - [id: 0x96ea5c39, L:/127.0.0.1:50633 - R:localhost/127.0.0.1:8083] Received response (auto-read:false) : [Content-Type=application/json, Transfer-Encoding=chunked, Date=Tue, 07 Jun 2022 09:13:39 GMT]
10:13:40.428 [reactor-http-nio-4] DEBUG reactor.netty.resources.PooledConnectionProvider - [id: 0x96ea5c39, L:/127.0.0.1:50633 - R:localhost/127.0.0.1:8083] onStateChange(GET{uri=/attractions, connection=PooledConnection{channel=[id: 0x96ea5c39, L:/127.0.0.1:50633 - R:localhost/127.0.0.1:8083]}}, [response_received])
10:13:40.428 [reactor-http-nio-4] DEBUG org.springframework.web.reactive.function.client.ExchangeFunctions - [579b9a38] Response 200 OK
10:13:40.428 [reactor-http-nio-4] DEBUG reactor.netty.channel.FluxReceive - [id: 0x96ea5c39, L:/127.0.0.1:50633 - R:localhost/127.0.0.1:8083] Subscribing inbound receiver [pending: 0, cancelled:false, inboundDone: false]
10:13:40.429 [reactor-http-nio-4] DEBUG reactor.netty.resources.PooledConnectionProvider - [id: 0x1b11ea1c] Created new pooled channel, now 20 active connections and 5 inactive connections
10:13:40.429 [reactor-http-nio-4] DEBUG reactor.netty.channel.BootstrapHandlers - [id: 0x1b11ea1c] Initialized pipeline DefaultChannelPipeline{(BootstrapHandlers$BootstrapInitializerHandler#0 = reactor.netty.channel.BootstrapHandlers$BootstrapInitializerHandler), (SimpleChannelPool$1#0 = io.netty.channel.pool.SimpleChannelPool$1), (reactor.left.httpCodec = io.netty.handler.codec.http.HttpClientCodec), (reactor.left.decompressor = io.netty.handler.codec.http.HttpContentDecompressor), (reactor.right.reactiveBridge = reactor.netty.channel.ChannelOperationsHandler)}
10:13:40.430 [reactor-http-nio-4] DEBUG reactor.netty.http.client.HttpClientOperations - [id: 0x96ea5c39, L:/127.0.0.1:50633 - R:localhost/127.0.0.1:8083] Received last HTTP packet
10:13:40.430 [reactor-http-nio-4] DEBUG org.springframework.core.codec.StringDecoder - [579b9a38] Decoded "[{"longitude":-117.922008,"latitude":33.817595,"attractionName":"Disneyland","city":"Anaheim","stat (truncated)...
10:13:40.430 [reactor-http-nio-4] DEBUG reactor.netty.resources.PooledConnectionProvider - [id: 0x96ea5c39, L:/127.0.0.1:50633 - R:localhost/127.0.0.1:8083] onStateChange(GET{uri=/attractions, connection=PooledConnection{channel=[id: 0x96ea5c39, L:/127.0.0.1:50633 - R:localhost/127.0.0.1:8083]}}, [disconnecting])
10:13:40.430 [reactor-http-nio-4] DEBUG reactor.netty.resources.PooledConnectionProvider - [id: 0x96ea5c39, L:/127.0.0.1:50633 - R:localhost/127.0.0.1:8083] Releasing channel
10:13:40.430 [reactor-http-nio-4] DEBUG reactor.netty.resources.PooledConnectionProvider - [id: 0x96ea5c39, L:/127.0.0.1:50633 - R:localhost/127.0.0.1:8083] Channel cleaned, now 34 active connections and 57 inactive connections
10:13:40.430 [reactor-http-nio-4] DEBUG reactor.netty.resources.PooledConnectionProvider - [id: 0x1b11ea1c, L:/127.0.0.1:50726 - R:localhost/127.0.0.1:8084] onStateChange(PooledConnection{channel=[id: 0x1b11ea1c, L:/127.0.0.1:50726 - R:localhost/127.0.0.1:8084]}, [connected])
10:13:40.430 [reactor-http-nio-4] DEBUG reactor.netty.resources.PooledConnectionProvider - [id: 0x1b11ea1c, L:/127.0.0.1:50726 - R:localhost/127.0.0.1:8084] onStateChange(GET{uri=/, connection=PooledConnection{channel=[id: 0x1b11ea1c, L:/127.0.0.1:50726 - R:localhost/127.0.0.1:8084]}}, [configured])
10:13:40.433 [pool-7-thread-80] DEBUG org.springframework.web.reactive.function.client.ExchangeFunctions - [3c812d01] HTTP GET http://localhost:8084/attractionRewardPoint?attractionId=4e9a54a8-7854-458b-9cc1-6ae68f0a4a06&userId=27809b4a-942f-4c0c-9758-b7975329d5b0
10:13:40.436 [reactor-http-nio-4] DEBUG reactor.netty.http.client.HttpClientOperations - [id: 0x8f9ca272, L:/127.0.0.1:50675 - R:localhost/127.0.0.1:8083] Received response (auto-read:false) : [Content-Type=application/json, Transfer-Encoding=chunked, Date=Tue, 07 Jun 2022 09:13:39 GMT]
10:13:40.436 [reactor-http-nio-4] DEBUG reactor.netty.resources.PooledConnectionProvider - [id: 0x8f9ca272, L:/127.0.0.1:50675 - R:localhost/127.0.0.1:8083] onStateChange(GET{uri=/attractions, connection=PooledConnection{channel=[id: 0x8f9ca272, L:/127.0.0.1:50675 - R:localhost/127.0.0.1:8083]}}, [response_received])
10:13:40.436 [reactor-http-nio-4] DEBUG org.springframework.web.reactive.function.client.ExchangeFunctions - [4cb894c4] Response 200 OK
10:13:40.437 [reactor-http-nio-4] DEBUG reactor.netty.channel.FluxReceive - [id: 0x8f9ca272, L:/127.0.0.1:50675 - R:localhost/127.0.0.1:8083] Subscribing inbound receiver [pending: 0, cancelled:false, inboundDone: false]
10:13:40.437 [reactor-http-nio-4] DEBUG reactor.netty.http.client.HttpClientOperations - [id: 0x8f9ca272, L:/127.0.0.1:50675 - R:localhost/127.0.0.1:8083] Received last HTTP packet
10:13:40.437 [reactor-http-nio-4] DEBUG org.springframework.core.codec.StringDecoder - [4cb894c4] Decoded "[{"longitude":-117.922008,"latitude":33.817595,"attractionName":"Disneyland","city":"Anaheim","stat (truncated)...
10:13:40.437 [reactor-http-nio-4] DEBUG reactor.netty.resources.PooledConnectionProvider - [id: 0x8f9ca272, L:/127.0.0.1:50675 - R:localhost/127.0.0.1:8083] onStateChange(GET{uri=/attractions, connection=PooledConnection{channel=[id: 0x8f9ca272, L:/127.0.0.1:50675 - R:localhost/127.0.0.1:8083]}}, [disconnecting])
10:13:40.437 [reactor-http-nio-4] DEBUG reactor.netty.resources.PooledConnectionProvider - [id: 0x8f9ca272, L:/127.0.0.1:50675 - R:localhost/127.0.0.1:8083] Releasing channel
10:13:40.437 [reactor-http-nio-4] DEBUG reactor.netty.resources.PooledConnectionProvider - [id: 0x8f9ca272, L:/127.0.0.1:50675 - R:localhost/127.0.0.1:8083] Channel cleaned, now 33 active connections and 58 inactive connections
10:13:40.336 [pool-7-thread-77] DEBUG org.springframework.web.reactive.function.client.ExchangeFunctions - [7b52b984] HTTP GET http://localhost:8083/attractions
10:13:40.441 [pool-7-thread-54] DEBUG org.springframework.web.reactive.function.client.ExchangeFunctions - [595c6ebb] HTTP GET http://localhost:8084/attractionRewardPoint?attractionId=0c289859-0fee-46b9-b94c-df11ceba0891&userId=6abd4a79-320d-4501-a67e-74eeb59044d8
10:13:40.443 [reactor-http-nio-4] DEBUG reactor.netty.http.client.HttpClientOperations - [id: 0xfedf6624, L:/127.0.0.1:50635 - R:localhost/127.0.0.1:8083] Received response (auto-read:false) : [Content-Type=application/json, Transfer-Encoding=chunked, Date=Tue, 07 Jun 2022 09:13:39 GMT]
10:13:40.443 [reactor-http-nio-4] DEBUG reactor.netty.resources.PooledConnectionProvider - [id: 0xfedf6624, L:/127.0.0.1:50635 - R:localhost/127.0.0.1:8083] onStateChange(GET{uri=/attractions, connection=PooledConnection{channel=[id: 0xfedf6624, L:/127.0.0.1:50635 - R:localhost/127.0.0.1:8083]}}, [response_received])
10:13:40.443 [reactor-http-nio-4] DEBUG org.springframework.web.reactive.function.client.ExchangeFunctions - [57e8c1b2] Response 200 OK
10:13:40.444 [reactor-http-nio-4] DEBUG reactor.netty.channel.FluxReceive - [id: 0xfedf6624, L:/127.0.0.1:50635 - R:localhost/127.0.0.1:8083] Subscribing inbound receiver [pending: 0, cancelled:false, inboundDone: false]
10:13:40.444 [reactor-http-nio-4] DEBUG reactor.netty.http.client.HttpClientOperations - [id: 0xfedf6624, L:/127.0.0.1:50635 - R:localhost/127.0.0.1:8083] Received last HTTP packet
10:13:40.444 [reactor-http-nio-4] DEBUG org.springframework.core.codec.StringDecoder - [57e8c1b2] Decoded "[{"longitude":-117.922008,"latitude":33.817595,"attractionName":"Disneyland","city":"Anaheim","stat (truncated)...
10:13:40.445 [reactor-http-nio-4] DEBUG reactor.netty.resources.PooledConnectionProvider - [id: 0xfedf6624, L:/127.0.0.1:50635 - R:localhost/127.0.0.1:8083] onStateChange(GET{uri=/attractions, connection=PooledConnection{channel=[id: 0xfedf6624, L:/127.0.0.1:50635 - R:localhost/127.0.0.1:8083]}}, [disconnecting])
10:13:40.445 [reactor-http-nio-4] DEBUG reactor.netty.resources.PooledConnectionProvider - [id: 0xfedf6624, L:/127.0.0.1:50635 - R:localhost/127.0.0.1:8083] Releasing channel
10:13:40.445 [reactor-http-nio-4] DEBUG reactor.netty.resources.PooledConnectionProvider - [id: 0xfedf6624, L:/127.0.0.1:50635 - R:localhost/127.0.0.1:8083] Channel cleaned, now 32 active connections and 59 inactive connections
10:13:40.337 [pool-7-thread-81] DEBUG org.springframework.web.reactive.function.client.ExchangeFunctions - [77921332] HTTP GET http://localhost:8083/attractions
10:13:40.446 [reactor-http-nio-4] DEBUG reactor.netty.http.client.HttpClientOperations - [id: 0xb232e8be, L:/127.0.0.1:50679 - R:localhost/127.0.0.1:8083] Received response (auto-read:false) : [Content-Type=application/json, Transfer-Encoding=chunked, Date=Tue, 07 Jun 2022 09:13:39 GMT]
10:13:40.446 [reactor-http-nio-4] DEBUG reactor.netty.resources.PooledConnectionProvider - [id: 0xb232e8be, L:/127.0.0.1:50679 - R:localhost/127.0.0.1:8083] onStateChange(GET{uri=/attractions, connection=PooledConnection{channel=[id: 0xb232e8be, L:/127.0.0.1:50679 - R:localhost/127.0.0.1:8083]}}, [response_received])
10:13:40.446 [reactor-http-nio-4] DEBUG org.springframework.web.reactive.function.client.ExchangeFunctions - [3fe73f90] Response 200 OK
10:13:40.446 [reactor-http-nio-4] DEBUG reactor.netty.channel.FluxReceive - [id: 0xb232e8be, L:/127.0.0.1:50679 - R:localhost/127.0.0.1:8083] Subscribing inbound receiver [pending: 0, cancelled:false, inboundDone: false]
10:13:40.446 [pool-7-thread-29] DEBUG org.springframework.web.reactive.function.client.ExchangeFunctions - [427f6323] HTTP GET http://localhost:8084/attractionRewardPoint?attractionId=b746179e-e275-4af9-b76e-40126bcda393&userId=173afebe-8df2-4071-b758-f2d00030e29a
10:13:40.446 [reactor-http-nio-4] DEBUG reactor.netty.http.client.HttpClientOperations - [id: 0xb232e8be, L:/127.0.0.1:50679 - R:localhost/127.0.0.1:8083] Received last HTTP packet
10:13:40.447 [reactor-http-nio-4] DEBUG org.springframework.core.codec.StringDecoder - [3fe73f90] Decoded "[{"longitude":-117.922008,"latitude":33.817595,"attractionName":"Disneyland","city":"Anaheim","stat (truncated)...
10:13:40.447 [reactor-http-nio-4] DEBUG reactor.netty.resources.PooledConnectionProvider - [id: 0xb232e8be, L:/127.0.0.1:50679 - R:localhost/127.0.0.1:8083] onStateChange(GET{uri=/attractions, connection=PooledConnection{channel=[id: 0xb232e8be, L:/127.0.0.1:50679 - R:localhost/127.0.0.1:8083]}}, [disconnecting])
10:13:40.447 [reactor-http-nio-4] DEBUG reactor.netty.resources.PooledConnectionProvider - [id: 0xb232e8be, L:/127.0.0.1:50679 - R:localhost/127.0.0.1:8083] Releasing channel
10:13:40.447 [reactor-http-nio-4] DEBUG reactor.netty.resources.PooledConnectionProvider - [id: 0xb232e8be, L:/127.0.0.1:50679 - R:localhost/127.0.0.1:8083] Channel cleaned, now 31 active connections and 60 inactive connections
10:13:40.447 [reactor-http-nio-4] DEBUG reactor.netty.resources.PooledConnectionProvider - [id: 0x9da3c0e2] Created new pooled channel, now 20 active connections and 6 inactive connections
10:13:40.447 [reactor-http-nio-4] DEBUG reactor.netty.channel.BootstrapHandlers - [id: 0x9da3c0e2] Initialized pipeline DefaultChannelPipeline{(BootstrapHandlers$BootstrapInitializerHandler#0 = reactor.netty.channel.BootstrapHandlers$BootstrapInitializerHandler), (SimpleChannelPool$1#0 = io.netty.channel.pool.SimpleChannelPool$1), (reactor.left.httpCodec = io.netty.handler.codec.http.HttpClientCodec), (reactor.left.decompressor = io.netty.handler.codec.http.HttpContentDecompressor), (reactor.right.reactiveBridge = reactor.netty.channel.ChannelOperationsHandler)}
10:13:40.448 [reactor-http-nio-4] DEBUG reactor.netty.resources.PooledConnectionProvider - [id: 0x9da3c0e2, L:/127.0.0.1:50727 - R:localhost/127.0.0.1:8084] onStateChange(PooledConnection{channel=[id: 0x9da3c0e2, L:/127.0.0.1:50727 - R:localhost/127.0.0.1:8084]}, [connected])
10:13:40.448 [reactor-http-nio-4] DEBUG reactor.netty.resources.PooledConnectionProvider - [id: 0x9da3c0e2, L:/127.0.0.1:50727 - R:localhost/127.0.0.1:8084] onStateChange(GET{uri=/, connection=PooledConnection{channel=[id: 0x9da3c0e2, L:/127.0.0.1:50727 - R:localhost/127.0.0.1:8084]}}, [configured])
10:13:40.338 [pool-7-thread-84] DEBUG org.springframework.web.reactive.function.client.ExchangeFunctions - [1dbffb66] HTTP GET http://localhost:8083/attractions
10:13:40.449 [pool-7-thread-87] DEBUG org.springframework.web.reactive.function.client.ExchangeFunctions - [592f253f] HTTP GET http://localhost:8084/attractionRewardPoint?attractionId=a8a6714e-790d-49c5-bff5-5675803a6879&userId=73ea8a1e-ec14-42c8-b812-882a6f0cfb84
10:13:40.450 [reactor-http-nio-4] DEBUG reactor.netty.http.client.HttpClientOperations - [id: 0x1925c564, L:/127.0.0.1:50674 - R:localhost/127.0.0.1:8083] Received response (auto-read:false) : [Content-Type=application/json, Transfer-Encoding=chunked, Date=Tue, 07 Jun 2022 09:13:39 GMT]
10:13:40.450 [reactor-http-nio-4] DEBUG reactor.netty.resources.PooledConnectionProvider - [id: 0x1925c564, L:/127.0.0.1:50674 - R:localhost/127.0.0.1:8083] onStateChange(GET{uri=/attractions, connection=PooledConnection{channel=[id: 0x1925c564, L:/127.0.0.1:50674 - R:localhost/127.0.0.1:8083]}}, [response_received])
10:13:40.450 [reactor-http-nio-4] DEBUG org.springframework.web.reactive.function.client.ExchangeFunctions - [118238a7] Response 200 OK
10:13:40.450 [pool-7-thread-26] DEBUG org.springframework.web.reactive.function.client.ExchangeFunctions - [3120d61c] HTTP GET http://localhost:8084/attractionRewardPoint?attractionId=3aca9373-122d-4e30-b67d-f3c7d9977345&userId=24fe4571-d6ea-4b1e-9faa-2dc66541c89a
10:13:40.451 [reactor-http-nio-4] DEBUG reactor.netty.channel.FluxReceive - [id: 0x1925c564, L:/127.0.0.1:50674 - R:localhost/127.0.0.1:8083] Subscribing inbound receiver [pending: 0, cancelled:false, inboundDone: false]
10:13:40.451 [reactor-http-nio-4] DEBUG reactor.netty.http.client.HttpClientOperations - [id: 0x1925c564, L:/127.0.0.1:50674 - R:localhost/127.0.0.1:8083] Received last HTTP packet
10:13:40.340 [pool-7-thread-90] DEBUG org.springframework.web.reactive.function.client.ExchangeFunctions - [7813a1a6] HTTP GET http://localhost:8083/attractions
10:13:40.451 [reactor-http-nio-4] DEBUG org.springframework.core.codec.StringDecoder - [118238a7] Decoded "[{"longitude":-117.922008,"latitude":33.817595,"attractionName":"Disneyland","city":"Anaheim","stat (truncated)...
10:13:40.451 [reactor-http-nio-4] DEBUG reactor.netty.resources.PooledConnectionProvider - [id: 0x1925c564, L:/127.0.0.1:50674 - R:localhost/127.0.0.1:8083] onStateChange(GET{uri=/attractions, connection=PooledConnection{channel=[id: 0x1925c564, L:/127.0.0.1:50674 - R:localhost/127.0.0.1:8083]}}, [disconnecting])
10:13:40.451 [reactor-http-nio-4] DEBUG reactor.netty.resources.PooledConnectionProvider - [id: 0x1925c564, L:/127.0.0.1:50674 - R:localhost/127.0.0.1:8083] Releasing channel
10:13:40.451 [reactor-http-nio-4] DEBUG reactor.netty.resources.PooledConnectionProvider - [id: 0x1925c564, L:/127.0.0.1:50674 - R:localhost/127.0.0.1:8083] Channel cleaned, now 30 active connections and 61 inactive connections
10:13:40.341 [pool-7-thread-93] DEBUG org.springframework.web.reactive.function.client.ExchangeFunctions - [12a60849] HTTP GET http://localhost:8083/attractions
10:13:40.343 [pool-7-thread-99] DEBUG org.springframework.web.reactive.function.client.ExchangeFunctions - [5ee7ab90] HTTP GET http://localhost:8083/attractions
10:13:40.455 [pool-7-thread-41] DEBUG org.springframework.web.reactive.function.client.ExchangeFunctions - [1f45d4e7] HTTP GET http://localhost:8084/attractionRewardPoint?attractionId=1857bd52-01a0-4150-9526-e0e81d8d638d&userId=bc0910a3-c78c-447c-ba18-de62c59166bd
10:13:40.366 [reactor-http-nio-3] DEBUG reactor.netty.resources.PooledConnectionProvider - [id: 0xd9faa4fe, L:/127.0.0.1:50640 - R:localhost/127.0.0.1:8083] Channel acquired, now 28 active connections and 63 inactive connections
10:13:40.455 [reactor-http-nio-3] DEBUG reactor.netty.http.client.HttpClientConnect - [id: 0xd9faa4fe, L:/127.0.0.1:50640 - R:localhost/127.0.0.1:8083] Handler is being applied: {uri=http://localhost:8083/attractions, method=GET}
10:13:40.456 [reactor-http-nio-3] DEBUG reactor.netty.resources.PooledConnectionProvider - [id: 0xd9faa4fe, L:/127.0.0.1:50640 - R:localhost/127.0.0.1:8083] onStateChange(GET{uri=/attractions, connection=PooledConnection{channel=[id: 0xd9faa4fe, L:/127.0.0.1:50640 - R:localhost/127.0.0.1:8083]}}, [request_sent])
10:13:40.456 [reactor-http-nio-3] DEBUG reactor.netty.resources.PooledConnectionProvider - [id: 0x48b467a1, L:/127.0.0.1:50703 - R:localhost/127.0.0.1:8084] Channel acquired, now 21 active connections and 5 inactive connections
10:13:40.456 [reactor-http-nio-3] DEBUG reactor.netty.http.client.HttpClientConnect - [id: 0x48b467a1, L:/127.0.0.1:50703 - R:localhost/127.0.0.1:8084] Handler is being applied: {uri=http://localhost:8084/attractionRewardPoint?attractionId=6e3de2e5-10f7-40d7-b10a-b54275fe75a9&userId=e31fa619-7fac-4d99-91f3-2073742ca318, method=GET}
10:13:40.372 [reactor-http-nio-1] DEBUG reactor.netty.http.client.HttpClientOperations - [id: 0xe6c21e31, L:/127.0.0.1:50692 - R:localhost/127.0.0.1:8083] Received response (auto-read:false) : [Content-Type=application/json, Transfer-Encoding=chunked, Date=Tue, 07 Jun 2022 09:13:39 GMT]
10:13:40.456 [reactor-http-nio-1] DEBUG reactor.netty.resources.PooledConnectionProvider - [id: 0xe6c21e31, L:/127.0.0.1:50692 - R:localhost/127.0.0.1:8083] onStateChange(GET{uri=/attractions, connection=PooledConnection{channel=[id: 0xe6c21e31, L:/127.0.0.1:50692 - R:localhost/127.0.0.1:8083]}}, [response_received])
10:13:40.457 [reactor-http-nio-1] DEBUG org.springframework.web.reactive.function.client.ExchangeFunctions - [48adc7a4] Response 200 OK
10:13:40.457 [reactor-http-nio-3] DEBUG reactor.netty.resources.PooledConnectionProvider - [id: 0x48b467a1, L:/127.0.0.1:50703 - R:localhost/127.0.0.1:8084] onStateChange(GET{uri=/attractionRewardPoint?attractionId=6e3de2e5-10f7-40d7-b10a-b54275fe75a9&userId=e31fa619-7fac-4d99-91f3-2073742ca318, connection=PooledConnection{channel=[id: 0x48b467a1, L:/127.0.0.1:50703 - R:localhost/127.0.0.1:8084]}}, [request_sent])
10:13:40.457 [reactor-http-nio-3] DEBUG reactor.netty.resources.PooledConnectionProvider - [id: 0x75450fe9, L:/127.0.0.1:50686 - R:localhost/127.0.0.1:8083] Channel acquired, now 31 active connections and 60 inactive connections
10:13:40.457 [reactor-http-nio-3] DEBUG reactor.netty.http.client.HttpClientConnect - [id: 0x75450fe9, L:/127.0.0.1:50686 - R:localhost/127.0.0.1:8083] Handler is being applied: {uri=http://localhost:8083/attractions, method=GET}
10:13:40.390 [pool-7-thread-37] DEBUG org.springframework.web.reactive.function.client.ExchangeFunctions - [7f71e1ba] HTTP GET http://localhost:8084/attractionRewardPoint?attractionId=63c714d2-b9e7-469b-8363-20dd6dc0519e&userId=428e69dc-fc8f-4428-8a70-cc9897242f8d
10:13:40.457 [reactor-http-nio-1] DEBUG reactor.netty.channel.FluxReceive - [id: 0xe6c21e31, L:/127.0.0.1:50692 - R:localhost/127.0.0.1:8083] Subscribing inbound receiver [pending: 0, cancelled:false, inboundDone: false]
10:13:40.457 [reactor-http-nio-1] DEBUG reactor.netty.http.client.HttpClientOperations - [id: 0xe6c21e31, L:/127.0.0.1:50692 - R:localhost/127.0.0.1:8083] Received last HTTP packet
10:13:40.457 [reactor-http-nio-3] DEBUG reactor.netty.resources.PooledConnectionProvider - [id: 0x75450fe9, L:/127.0.0.1:50686 - R:localhost/127.0.0.1:8083] onStateChange(GET{uri=/attractions, connection=PooledConnection{channel=[id: 0x75450fe9, L:/127.0.0.1:50686 - R:localhost/127.0.0.1:8083]}}, [request_sent])
10:13:40.458 [reactor-http-nio-3] DEBUG reactor.netty.resources.PooledConnectionProvider - [id: 0x3304da66, L:/127.0.0.1:50653 - R:localhost/127.0.0.1:8083] Channel acquired, now 32 active connections and 59 inactive connections
10:13:40.458 [reactor-http-nio-3] DEBUG reactor.netty.http.client.HttpClientConnect - [id: 0x3304da66, L:/127.0.0.1:50653 - R:localhost/127.0.0.1:8083] Handler is being applied: {uri=http://localhost:8083/attractions, method=GET}
10:13:40.458 [reactor-http-nio-1] DEBUG org.springframework.core.codec.StringDecoder - [48adc7a4] Decoded "[{"longitude":-117.922008,"latitude":33.817595,"attractionName":"Disneyland","city":"Anaheim","stat (truncated)...
10:13:40.458 [reactor-http-nio-1] DEBUG reactor.netty.resources.PooledConnectionProvider - [id: 0xe6c21e31, L:/127.0.0.1:50692 - R:localhost/127.0.0.1:8083] onStateChange(GET{uri=/attractions, connection=PooledConnection{channel=[id: 0xe6c21e31, L:/127.0.0.1:50692 - R:localhost/127.0.0.1:8083]}}, [disconnecting])
10:13:40.458 [reactor-http-nio-1] DEBUG reactor.netty.resources.PooledConnectionProvider - [id: 0xe6c21e31, L:/127.0.0.1:50692 - R:localhost/127.0.0.1:8083] Releasing channel
10:13:40.458 [reactor-http-nio-1] DEBUG reactor.netty.resources.PooledConnectionProvider - [id: 0xe6c21e31, L:/127.0.0.1:50692 - R:localhost/127.0.0.1:8083] Channel cleaned, now 31 active connections and 60 inactive connections
10:13:40.458 [reactor-http-nio-3] DEBUG reactor.netty.resources.PooledConnectionProvider - [id: 0x3304da66, L:/127.0.0.1:50653 - R:localhost/127.0.0.1:8083] onStateChange(GET{uri=/attractions, connection=PooledConnection{channel=[id: 0x3304da66, L:/127.0.0.1:50653 - R:localhost/127.0.0.1:8083]}}, [request_sent])
10:13:40.458 [reactor-http-nio-3] DEBUG reactor.netty.resources.PooledConnectionProvider - [id: 0xf5289a3b, L:/127.0.0.1:50658 - R:localhost/127.0.0.1:8083] Channel acquired, now 32 active connections and 59 inactive connections
10:13:40.458 [reactor-http-nio-3] DEBUG reactor.netty.http.client.HttpClientConnect - [id: 0xf5289a3b, L:/127.0.0.1:50658 - R:localhost/127.0.0.1:8083] Handler is being applied: {uri=http://localhost:8083/attractions, method=GET}
10:13:40.459 [reactor-http-nio-1] DEBUG reactor.netty.http.client.HttpClientOperations - [id: 0x8e179e05, L:/127.0.0.1:50698 - R:localhost/127.0.0.1:8083] Received response (auto-read:false) : [Content-Type=application/json, Transfer-Encoding=chunked, Date=Tue, 07 Jun 2022 09:13:39 GMT]
10:13:40.459 [reactor-http-nio-1] DEBUG reactor.netty.resources.PooledConnectionProvider - [id: 0x8e179e05, L:/127.0.0.1:50698 - R:localhost/127.0.0.1:8083] onStateChange(GET{uri=/attractions, connection=PooledConnection{channel=[id: 0x8e179e05, L:/127.0.0.1:50698 - R:localhost/127.0.0.1:8083]}}, [response_received])
10:13:40.459 [reactor-http-nio-1] DEBUG org.springframework.web.reactive.function.client.ExchangeFunctions - [25f18077] Response 200 OK
10:13:40.459 [reactor-http-nio-3] DEBUG reactor.netty.resources.PooledConnectionProvider - [id: 0xf5289a3b, L:/127.0.0.1:50658 - R:localhost/127.0.0.1:8083] onStateChange(GET{uri=/attractions, connection=PooledConnection{channel=[id: 0xf5289a3b, L:/127.0.0.1:50658 - R:localhost/127.0.0.1:8083]}}, [request_sent])
10:13:40.459 [reactor-http-nio-3] DEBUG reactor.netty.resources.PooledConnectionProvider - [id: 0x066048e0, L:/127.0.0.1:50650 - R:localhost/127.0.0.1:8083] Channel acquired, now 33 active connections and 58 inactive connections
10:13:40.459 [reactor-http-nio-1] DEBUG reactor.netty.channel.FluxReceive - [id: 0x8e179e05, L:/127.0.0.1:50698 - R:localhost/127.0.0.1:8083] Subscribing inbound receiver [pending: 0, cancelled:false, inboundDone: false]
10:13:40.459 [reactor-http-nio-3] DEBUG reactor.netty.http.client.HttpClientConnect - [id: 0x066048e0, L:/127.0.0.1:50650 - R:localhost/127.0.0.1:8083] Handler is being applied: {uri=http://localhost:8083/attractions, method=GET}
10:13:40.460 [reactor-http-nio-1] DEBUG reactor.netty.http.client.HttpClientOperations - [id: 0x8e179e05, L:/127.0.0.1:50698 - R:localhost/127.0.0.1:8083] Received last HTTP packet
10:13:40.460 [reactor-http-nio-1] DEBUG org.springframework.core.codec.StringDecoder - [25f18077] Decoded "[{"longitude":-117.922008,"latitude":33.817595,"attractionName":"Disneyland","city":"Anaheim","stat (truncated)...
10:13:40.460 [reactor-http-nio-1] DEBUG reactor.netty.resources.PooledConnectionProvider - [id: 0x8e179e05, L:/127.0.0.1:50698 - R:localhost/127.0.0.1:8083] onStateChange(GET{uri=/attractions, connection=PooledConnection{channel=[id: 0x8e179e05, L:/127.0.0.1:50698 - R:localhost/127.0.0.1:8083]}}, [disconnecting])
10:13:40.460 [reactor-http-nio-1] DEBUG reactor.netty.resources.PooledConnectionProvider - [id: 0x8e179e05, L:/127.0.0.1:50698 - R:localhost/127.0.0.1:8083] Releasing channel
10:13:40.460 [reactor-http-nio-3] DEBUG reactor.netty.resources.PooledConnectionProvider - [id: 0x066048e0, L:/127.0.0.1:50650 - R:localhost/127.0.0.1:8083] onStateChange(GET{uri=/attractions, connection=PooledConnection{channel=[id: 0x066048e0, L:/127.0.0.1:50650 - R:localhost/127.0.0.1:8083]}}, [request_sent])
10:13:40.460 [reactor-http-nio-1] DEBUG reactor.netty.resources.PooledConnectionProvider - [id: 0x8e179e05, L:/127.0.0.1:50698 - R:localhost/127.0.0.1:8083] Channel cleaned, now 32 active connections and 59 inactive connections
10:13:40.460 [reactor-http-nio-3] DEBUG reactor.netty.resources.PooledConnectionProvider - [id: 0x8480b771, L:/127.0.0.1:50651 - R:localhost/127.0.0.1:8083] Channel acquired, now 33 active connections and 58 inactive connections
10:13:40.460 [reactor-http-nio-1] DEBUG reactor.netty.resources.PooledConnectionProvider - [id: 0xdc047dac, L:/127.0.0.1:50690 - R:localhost/127.0.0.1:8083] Channel acquired, now 34 active connections and 57 inactive connections
10:13:40.460 [reactor-http-nio-3] DEBUG reactor.netty.http.client.HttpClientConnect - [id: 0x8480b771, L:/127.0.0.1:50651 - R:localhost/127.0.0.1:8083] Handler is being applied: {uri=http://localhost:8083/attractions, method=GET}
10:13:40.460 [reactor-http-nio-1] DEBUG reactor.netty.http.client.HttpClientConnect - [id: 0xdc047dac, L:/127.0.0.1:50690 - R:localhost/127.0.0.1:8083] Handler is being applied: {uri=http://localhost:8083/attractions, method=GET}
10:13:40.461 [reactor-http-nio-3] DEBUG reactor.netty.resources.PooledConnectionProvider - [id: 0x8480b771, L:/127.0.0.1:50651 - R:localhost/127.0.0.1:8083] onStateChange(GET{uri=/attractions, connection=PooledConnection{channel=[id: 0x8480b771, L:/127.0.0.1:50651 - R:localhost/127.0.0.1:8083]}}, [request_sent])
10:13:40.461 [reactor-http-nio-1] DEBUG reactor.netty.resources.PooledConnectionProvider - [id: 0xdc047dac, L:/127.0.0.1:50690 - R:localhost/127.0.0.1:8083] onStateChange(GET{uri=/attractions, connection=PooledConnection{channel=[id: 0xdc047dac, L:/127.0.0.1:50690 - R:localhost/127.0.0.1:8083]}}, [request_sent])
10:13:40.461 [reactor-http-nio-1] DEBUG reactor.netty.resources.PooledConnectionProvider - [id: 0xec1f4ce8, L:/127.0.0.1:50641 - R:localhost/127.0.0.1:8083] Channel acquired, now 35 active connections and 56 inactive connections
10:13:40.461 [reactor-http-nio-1] DEBUG reactor.netty.http.client.HttpClientConnect - [id: 0xec1f4ce8, L:/127.0.0.1:50641 - R:localhost/127.0.0.1:8083] Handler is being applied: {uri=http://localhost:8083/attractions, method=GET}
10:13:40.424 [reactor-http-nio-2] DEBUG reactor.netty.resources.PooledConnectionProvider - [id: 0x2d54db0e, L:/127.0.0.1:50668 - R:localhost/127.0.0.1:8083] Channel cleaned, now 35 active connections and 56 inactive connections
10:13:40.462 [reactor-http-nio-2] DEBUG reactor.netty.resources.PooledConnectionProvider - [id: 0x1cbe9dd2] Created new pooled channel, now 21 active connections and 7 inactive connections
10:13:40.462 [reactor-http-nio-2] DEBUG reactor.netty.channel.BootstrapHandlers - [id: 0x1cbe9dd2] Initialized pipeline DefaultChannelPipeline{(BootstrapHandlers$BootstrapInitializerHandler#0 = reactor.netty.channel.BootstrapHandlers$BootstrapInitializerHandler), (SimpleChannelPool$1#0 = io.netty.channel.pool.SimpleChannelPool$1), (reactor.left.httpCodec = io.netty.handler.codec.http.HttpClientCodec), (reactor.left.decompressor = io.netty.handler.codec.http.HttpContentDecompressor), (reactor.right.reactiveBridge = reactor.netty.channel.ChannelOperationsHandler)}
10:13:40.462 [reactor-http-nio-2] DEBUG reactor.netty.resources.PooledConnectionProvider - [id: 0x9422b205] Created new pooled channel, now 21 active connections and 8 inactive connections
10:13:40.462 [reactor-http-nio-2] DEBUG reactor.netty.channel.BootstrapHandlers - [id: 0x9422b205] Initialized pipeline DefaultChannelPipeline{(BootstrapHandlers$BootstrapInitializerHandler#0 = reactor.netty.channel.BootstrapHandlers$BootstrapInitializerHandler), (SimpleChannelPool$1#0 = io.netty.channel.pool.SimpleChannelPool$1), (reactor.left.httpCodec = io.netty.handler.codec.http.HttpClientCodec), (reactor.left.decompressor = io.netty.handler.codec.http.HttpContentDecompressor), (reactor.right.reactiveBridge = reactor.netty.channel.ChannelOperationsHandler)}
10:13:40.462 [reactor-http-nio-2] DEBUG reactor.netty.resources.PooledConnectionProvider - [id: 0x41c9227f] Created new pooled channel, now 21 active connections and 9 inactive connections
10:13:40.462 [reactor-http-nio-2] DEBUG reactor.netty.channel.BootstrapHandlers - [id: 0x41c9227f] Initialized pipeline DefaultChannelPipeline{(BootstrapHandlers$BootstrapInitializerHandler#0 = reactor.netty.channel.BootstrapHandlers$BootstrapInitializerHandler), (SimpleChannelPool$1#0 = io.netty.channel.pool.SimpleChannelPool$1), (reactor.left.httpCodec = io.netty.handler.codec.http.HttpClientCodec), (reactor.left.decompressor = io.netty.handler.codec.http.HttpContentDecompressor), (reactor.right.reactiveBridge = reactor.netty.channel.ChannelOperationsHandler)}
10:13:40.462 [reactor-http-nio-2] DEBUG reactor.netty.resources.PooledConnectionProvider - [id: 0x139d3d87, L:/127.0.0.1:50670 - R:localhost/127.0.0.1:8083] Channel acquired, now 36 active connections and 55 inactive connections
10:13:40.462 [reactor-http-nio-2] DEBUG reactor.netty.http.client.HttpClientConnect - [id: 0x139d3d87, L:/127.0.0.1:50670 - R:localhost/127.0.0.1:8083] Handler is being applied: {uri=http://localhost:8083/attractions, method=GET}
10:13:40.463 [pool-7-thread-32] DEBUG org.springframework.web.reactive.function.client.ExchangeFunctions - [2b367ab9] HTTP GET http://localhost:8084/attractionRewardPoint?attractionId=59e2ba29-8f0c-4758-9671-9f0f0aa9d40e&userId=62fb8aed-6cca-4e73-9f77-42de9bdccfa8
10:13:40.430 [pool-7-thread-75] DEBUG org.springframework.web.reactive.function.client.ExchangeFunctions - [4941c644] HTTP GET http://localhost:8084/attractionRewardPoint?attractionId=59344aa7-b64a-46cb-873f-4ae5b336bd48&userId=285a8f3d-73aa-447b-a813-d454dc236c0f
10:13:40.454 [reactor-http-nio-4] DEBUG reactor.netty.http.client.HttpClientOperations - [id: 0xffcbc3fa, L:/127.0.0.1:50617 - R:localhost/127.0.0.1:8083] Received response (auto-read:false) : [Content-Type=application/json, Transfer-Encoding=chunked, Date=Tue, 07 Jun 2022 09:13:39 GMT]
10:13:40.463 [reactor-http-nio-4] DEBUG reactor.netty.resources.PooledConnectionProvider - [id: 0xffcbc3fa, L:/127.0.0.1:50617 - R:localhost/127.0.0.1:8083] onStateChange(GET{uri=/attractions, connection=PooledConnection{channel=[id: 0xffcbc3fa, L:/127.0.0.1:50617 - R:localhost/127.0.0.1:8083]}}, [response_received])
10:13:40.463 [reactor-http-nio-4] DEBUG org.springframework.web.reactive.function.client.ExchangeFunctions - [16000241] Response 200 OK
10:13:40.463 [reactor-http-nio-4] DEBUG reactor.netty.channel.FluxReceive - [id: 0xffcbc3fa, L:/127.0.0.1:50617 - R:localhost/127.0.0.1:8083] Subscribing inbound receiver [pending: 0, cancelled:false, inboundDone: false]
10:13:40.463 [reactor-http-nio-4] DEBUG reactor.netty.resources.PooledConnectionProvider - [id: 0x1694d70f, L:/127.0.0.1:50610 - R:localhost/127.0.0.1:8083] Channel acquired, now 37 active connections and 54 inactive connections
10:13:40.463 [reactor-http-nio-4] DEBUG reactor.netty.http.client.HttpClientConnect - [id: 0x1694d70f, L:/127.0.0.1:50610 - R:localhost/127.0.0.1:8083] Handler is being applied: {uri=http://localhost:8083/attractions, method=GET}
10:13:40.461 [reactor-http-nio-3] DEBUG reactor.netty.resources.PooledConnectionProvider - [id: 0x8624e492] Created new pooled channel, now 21 active connections and 6 inactive connections
10:13:40.465 [reactor-http-nio-4] DEBUG reactor.netty.resources.PooledConnectionProvider - [id: 0x1694d70f, L:/127.0.0.1:50610 - R:localhost/127.0.0.1:8083] onStateChange(GET{uri=/attractions, connection=PooledConnection{channel=[id: 0x1694d70f, L:/127.0.0.1:50610 - R:localhost/127.0.0.1:8083]}}, [request_sent])
10:13:40.465 [reactor-http-nio-3] DEBUG reactor.netty.channel.BootstrapHandlers - [id: 0x8624e492] Initialized pipeline DefaultChannelPipeline{(BootstrapHandlers$BootstrapInitializerHandler#0 = reactor.netty.channel.BootstrapHandlers$BootstrapInitializerHandler), (SimpleChannelPool$1#0 = io.netty.channel.pool.SimpleChannelPool$1), (reactor.left.httpCodec = io.netty.handler.codec.http.HttpClientCodec), (reactor.left.decompressor = io.netty.handler.codec.http.HttpContentDecompressor), (reactor.right.reactiveBridge = reactor.netty.channel.ChannelOperationsHandler)}
10:13:40.463 [pool-7-thread-27] DEBUG org.springframework.web.reactive.function.client.ExchangeFunctions - [466a30c1] HTTP GET http://localhost:8084/attractionRewardPoint?attractionId=1768a052-9946-44c6-beeb-f16b1ec136f4&userId=d5f0bc61-ad91-4176-82f8-5b7ac4b0e257
10:13:40.467 [reactor-http-nio-3] DEBUG reactor.netty.http.client.HttpClientOperations - [id: 0x5d51966d, L:/127.0.0.1:50654 - R:localhost/127.0.0.1:8083] Received response (auto-read:false) : [Content-Type=application/json, Transfer-Encoding=chunked, Date=Tue, 07 Jun 2022 09:13:39 GMT]
10:13:40.467 [reactor-http-nio-3] DEBUG reactor.netty.resources.PooledConnectionProvider - [id: 0x5d51966d, L:/127.0.0.1:50654 - R:localhost/127.0.0.1:8083] onStateChange(GET{uri=/attractions, connection=PooledConnection{channel=[id: 0x5d51966d, L:/127.0.0.1:50654 - R:localhost/127.0.0.1:8083]}}, [response_received])
10:13:40.467 [reactor-http-nio-3] DEBUG org.springframework.web.reactive.function.client.ExchangeFunctions - [77783bb2] Response 200 OK
10:13:40.463 [reactor-http-nio-2] DEBUG reactor.netty.resources.PooledConnectionProvider - [id: 0x139d3d87, L:/127.0.0.1:50670 - R:localhost/127.0.0.1:8083] onStateChange(GET{uri=/attractions, connection=PooledConnection{channel=[id: 0x139d3d87, L:/127.0.0.1:50670 - R:localhost/127.0.0.1:8083]}}, [request_sent])
10:13:40.468 [reactor-http-nio-2] DEBUG reactor.netty.resources.PooledConnectionProvider - [id: 0xa135700d, L:/127.0.0.1:50660 - R:localhost/127.0.0.1:8083] Channel acquired, now 38 active connections and 53 inactive connections
10:13:40.468 [reactor-http-nio-2] DEBUG reactor.netty.http.client.HttpClientConnect - [id: 0xa135700d, L:/127.0.0.1:50660 - R:localhost/127.0.0.1:8083] Handler is being applied: {uri=http://localhost:8083/attractions, method=GET}
10:13:40.469 [reactor-http-nio-2] DEBUG reactor.netty.resources.PooledConnectionProvider - [id: 0xa135700d, L:/127.0.0.1:50660 - R:localhost/127.0.0.1:8083] onStateChange(GET{uri=/attractions, connection=PooledConnection{channel=[id: 0xa135700d, L:/127.0.0.1:50660 - R:localhost/127.0.0.1:8083]}}, [request_sent])
10:13:40.462 [reactor-http-nio-1] DEBUG reactor.netty.resources.PooledConnectionProvider - [id: 0xec1f4ce8, L:/127.0.0.1:50641 - R:localhost/127.0.0.1:8083] onStateChange(GET{uri=/attractions, connection=PooledConnection{channel=[id: 0xec1f4ce8, L:/127.0.0.1:50641 - R:localhost/127.0.0.1:8083]}}, [request_sent])
10:13:40.469 [reactor-http-nio-2] DEBUG reactor.netty.resources.PooledConnectionProvider - [id: 0xa0c2642f, L:/127.0.0.1:50614 - R:localhost/127.0.0.1:8083] Channel acquired, now 39 active connections and 52 inactive connections
10:13:40.469 [reactor-http-nio-1] DEBUG reactor.netty.resources.PooledConnectionProvider - [id: 0x07b5f9ab, L:/127.0.0.1:50702 - R:localhost/127.0.0.1:8083] Channel acquired, now 40 active connections and 51 inactive connections
10:13:40.470 [reactor-http-nio-2] DEBUG reactor.netty.http.client.HttpClientConnect - [id: 0xa0c2642f, L:/127.0.0.1:50614 - R:localhost/127.0.0.1:8083] Handler is being applied: {uri=http://localhost:8083/attractions, method=GET}
10:13:40.470 [reactor-http-nio-1] DEBUG reactor.netty.http.client.HttpClientConnect - [id: 0x07b5f9ab, L:/127.0.0.1:50702 - R:localhost/127.0.0.1:8083] Handler is being applied: {uri=http://localhost:8083/attractions, method=GET}
10:13:40.470 [reactor-http-nio-1] DEBUG reactor.netty.resources.PooledConnectionProvider - [id: 0x07b5f9ab, L:/127.0.0.1:50702 - R:localhost/127.0.0.1:8083] onStateChange(GET{uri=/attractions, connection=PooledConnection{channel=[id: 0x07b5f9ab, L:/127.0.0.1:50702 - R:localhost/127.0.0.1:8083]}}, [request_sent])
10:13:40.470 [reactor-http-nio-2] DEBUG reactor.netty.resources.PooledConnectionProvider - [id: 0xa0c2642f, L:/127.0.0.1:50614 - R:localhost/127.0.0.1:8083] onStateChange(GET{uri=/attractions, connection=PooledConnection{channel=[id: 0xa0c2642f, L:/127.0.0.1:50614 - R:localhost/127.0.0.1:8083]}}, [request_sent])
10:13:40.470 [reactor-http-nio-2] DEBUG reactor.netty.resources.PooledConnectionProvider - [id: 0xcfb207a6, L:/127.0.0.1:50628 - R:localhost/127.0.0.1:8083] Channel acquired, now 41 active connections and 50 inactive connections
10:13:40.470 [reactor-http-nio-1] DEBUG reactor.netty.resources.PooledConnectionProvider - [id: 0x3e00cca6] Created new pooled channel, now 21 active connections and 11 inactive connections
10:13:40.470 [reactor-http-nio-2] DEBUG reactor.netty.http.client.HttpClientConnect - [id: 0xcfb207a6, L:/127.0.0.1:50628 - R:localhost/127.0.0.1:8083] Handler is being applied: {uri=http://localhost:8083/attractions, method=GET}
10:13:40.465 [reactor-http-nio-4] DEBUG reactor.netty.resources.PooledConnectionProvider - [id: 0x30b9c15a] Created new pooled channel, now 21 active connections and 10 inactive connections
10:13:40.470 [reactor-http-nio-4] DEBUG reactor.netty.channel.BootstrapHandlers - [id: 0x30b9c15a] Initialized pipeline DefaultChannelPipeline{(BootstrapHandlers$BootstrapInitializerHandler#0 = reactor.netty.channel.BootstrapHandlers$BootstrapInitializerHandler), (SimpleChannelPool$1#0 = io.netty.channel.pool.SimpleChannelPool$1), (reactor.left.httpCodec = io.netty.handler.codec.http.HttpClientCodec), (reactor.left.decompressor = io.netty.handler.codec.http.HttpContentDecompressor), (reactor.right.reactiveBridge = reactor.netty.channel.ChannelOperationsHandler)}
10:13:40.471 [reactor-http-nio-4] DEBUG reactor.netty.resources.PooledConnectionProvider - [id: 0x0c97e14e, L:/127.0.0.1:50725 - R:localhost/127.0.0.1:8084] Registering pool release on close event for channel
10:13:40.471 [reactor-http-nio-4] DEBUG reactor.netty.http.client.HttpClientConnect - [id: 0x0c97e14e, L:/127.0.0.1:50725 - R:localhost/127.0.0.1:8084] Handler is being applied: {uri=http://localhost:8084/attractionRewardPoint?attractionId=338228eb-646d-4efc-bfc5-133467202889&userId=d6b5f890-5dd1-4914-90d3-ca65d0fccbfc, method=GET}
10:13:40.471 [reactor-http-nio-2] DEBUG reactor.netty.resources.PooledConnectionProvider - [id: 0xcfb207a6, L:/127.0.0.1:50628 - R:localhost/127.0.0.1:8083] onStateChange(GET{uri=/attractions, connection=PooledConnection{channel=[id: 0xcfb207a6, L:/127.0.0.1:50628 - R:localhost/127.0.0.1:8083]}}, [request_sent])
10:13:40.471 [reactor-http-nio-2] DEBUG reactor.netty.resources.PooledConnectionProvider - [id: 0x90129510, L:/127.0.0.1:50710 - R:localhost/127.0.0.1:8084] Channel acquired, now 23 active connections and 9 inactive connections
10:13:40.471 [reactor-http-nio-2] DEBUG reactor.netty.http.client.HttpClientConnect - [id: 0x90129510, L:/127.0.0.1:50710 - R:localhost/127.0.0.1:8084] Handler is being applied: {uri=http://localhost:8084/attractionRewardPoint?attractionId=1b4541f6-47d8-4338-80b4-26d364323358&userId=75a11c86-23ed-4aee-a547-9f160949e283, method=GET}
10:13:40.471 [reactor-http-nio-3] DEBUG reactor.netty.channel.FluxReceive - [id: 0x5d51966d, L:/127.0.0.1:50654 - R:localhost/127.0.0.1:8083] Subscribing inbound receiver [pending: 0, cancelled:false, inboundDone: false]
10:13:40.472 [reactor-http-nio-3] DEBUG reactor.netty.http.client.HttpClientOperations - [id: 0x5d51966d, L:/127.0.0.1:50654 - R:localhost/127.0.0.1:8083] Received last HTTP packet
10:13:40.472 [reactor-http-nio-2] DEBUG reactor.netty.resources.PooledConnectionProvider - [id: 0x90129510, L:/127.0.0.1:50710 - R:localhost/127.0.0.1:8084] onStateChange(GET{uri=/attractionRewardPoint?attractionId=1b4541f6-47d8-4338-80b4-26d364323358&userId=75a11c86-23ed-4aee-a547-9f160949e283, connection=PooledConnection{channel=[id: 0x90129510, L:/127.0.0.1:50710 - R:localhost/127.0.0.1:8084]}}, [request_sent])
10:13:40.472 [reactor-http-nio-3] DEBUG org.springframework.core.codec.StringDecoder - [77783bb2] Decoded "[{"longitude":-117.922008,"latitude":33.817595,"attractionName":"Disneyland","city":"Anaheim","stat (truncated)...
10:13:40.472 [reactor-http-nio-2] DEBUG reactor.netty.resources.PooledConnectionProvider - [id: 0x8d657d6f, L:/127.0.0.1:50663 - R:localhost/127.0.0.1:8083] Channel acquired, now 42 active connections and 49 inactive connections
10:13:40.472 [reactor-http-nio-3] DEBUG reactor.netty.resources.PooledConnectionProvider - [id: 0x5d51966d, L:/127.0.0.1:50654 - R:localhost/127.0.0.1:8083] onStateChange(GET{uri=/attractions, connection=PooledConnection{channel=[id: 0x5d51966d, L:/127.0.0.1:50654 - R:localhost/127.0.0.1:8083]}}, [disconnecting])
10:13:40.472 [reactor-http-nio-3] DEBUG reactor.netty.resources.PooledConnectionProvider - [id: 0x5d51966d, L:/127.0.0.1:50654 - R:localhost/127.0.0.1:8083] Releasing channel
10:13:40.472 [reactor-http-nio-2] DEBUG reactor.netty.http.client.HttpClientConnect - [id: 0x8d657d6f, L:/127.0.0.1:50663 - R:localhost/127.0.0.1:8083] Handler is being applied: {uri=http://localhost:8083/attractions, method=GET}
10:13:40.472 [reactor-http-nio-3] DEBUG reactor.netty.resources.PooledConnectionProvider - [id: 0x5d51966d, L:/127.0.0.1:50654 - R:localhost/127.0.0.1:8083] Channel cleaned, now 41 active connections and 50 inactive connections
10:13:40.472 [reactor-http-nio-3] DEBUG reactor.netty.http.client.HttpClientOperations - [id: 0x1ff223b6, L:/127.0.0.1:50656 - R:localhost/127.0.0.1:8083] Received response (auto-read:false) : [Content-Type=application/json, Transfer-Encoding=chunked, Date=Tue, 07 Jun 2022 09:13:39 GMT]
10:13:40.472 [reactor-http-nio-3] DEBUG reactor.netty.resources.PooledConnectionProvider - [id: 0x1ff223b6, L:/127.0.0.1:50656 - R:localhost/127.0.0.1:8083] onStateChange(GET{uri=/attractions, connection=PooledConnection{channel=[id: 0x1ff223b6, L:/127.0.0.1:50656 - R:localhost/127.0.0.1:8083]}}, [response_received])
10:13:40.472 [reactor-http-nio-3] DEBUG org.springframework.web.reactive.function.client.ExchangeFunctions - [6cc9f62c] Response 200 OK
10:13:40.473 [reactor-http-nio-2] DEBUG reactor.netty.resources.PooledConnectionProvider - [id: 0x8d657d6f, L:/127.0.0.1:50663 - R:localhost/127.0.0.1:8083] onStateChange(GET{uri=/attractions, connection=PooledConnection{channel=[id: 0x8d657d6f, L:/127.0.0.1:50663 - R:localhost/127.0.0.1:8083]}}, [request_sent])
10:13:40.473 [reactor-http-nio-2] DEBUG reactor.netty.resources.PooledConnectionProvider - [id: 0xfcc4724b, L:/127.0.0.1:50724 - R:localhost/127.0.0.1:8084] Registering pool release on close event for channel
10:13:40.473 [reactor-http-nio-2] DEBUG reactor.netty.http.client.HttpClientConnect - [id: 0xfcc4724b, L:/127.0.0.1:50724 - R:localhost/127.0.0.1:8084] Handler is being applied: {uri=http://localhost:8084/attractionRewardPoint?attractionId=0fe97dde-44f9-4b2c-b623-2d954021cf0d&userId=e0a3d642-015b-4202-b337-43f612c2c281, method=GET}
10:13:40.473 [reactor-http-nio-3] DEBUG reactor.netty.channel.FluxReceive - [id: 0x1ff223b6, L:/127.0.0.1:50656 - R:localhost/127.0.0.1:8083] Subscribing inbound receiver [pending: 0, cancelled:false, inboundDone: false]
10:13:40.473 [reactor-http-nio-3] DEBUG reactor.netty.http.client.HttpClientOperations - [id: 0x1ff223b6, L:/127.0.0.1:50656 - R:localhost/127.0.0.1:8083] Received last HTTP packet
10:13:40.473 [reactor-http-nio-3] DEBUG org.springframework.core.codec.StringDecoder - [6cc9f62c] Decoded "[{"longitude":-117.922008,"latitude":33.817595,"attractionName":"Disneyland","city":"Anaheim","stat (truncated)...
10:13:40.473 [reactor-http-nio-3] DEBUG reactor.netty.resources.PooledConnectionProvider - [id: 0x1ff223b6, L:/127.0.0.1:50656 - R:localhost/127.0.0.1:8083] onStateChange(GET{uri=/attractions, connection=PooledConnection{channel=[id: 0x1ff223b6, L:/127.0.0.1:50656 - R:localhost/127.0.0.1:8083]}}, [disconnecting])
10:13:40.473 [reactor-http-nio-3] DEBUG reactor.netty.resources.PooledConnectionProvider - [id: 0x1ff223b6, L:/127.0.0.1:50656 - R:localhost/127.0.0.1:8083] Releasing channel
10:13:40.473 [reactor-http-nio-3] DEBUG reactor.netty.resources.PooledConnectionProvider - [id: 0x1ff223b6, L:/127.0.0.1:50656 - R:localhost/127.0.0.1:8083] Channel cleaned, now 40 active connections and 51 inactive connections
10:13:40.473 [reactor-http-nio-3] DEBUG reactor.netty.http.client.HttpClientOperations - [id: 0x848154ea, L:/127.0.0.1:50683 - R:localhost/127.0.0.1:8083] Received response (auto-read:false) : [Content-Type=application/json, Transfer-Encoding=chunked, Date=Tue, 07 Jun 2022 09:13:39 GMT]
10:13:40.473 [reactor-http-nio-3] DEBUG reactor.netty.resources.PooledConnectionProvider - [id: 0x848154ea, L:/127.0.0.1:50683 - R:localhost/127.0.0.1:8083] onStateChange(GET{uri=/attractions, connection=PooledConnection{channel=[id: 0x848154ea, L:/127.0.0.1:50683 - R:localhost/127.0.0.1:8083]}}, [response_received])
10:13:40.474 [reactor-http-nio-3] DEBUG org.springframework.web.reactive.function.client.ExchangeFunctions - [5371e506] Response 200 OK
10:13:40.470 [reactor-http-nio-1] DEBUG reactor.netty.channel.BootstrapHandlers - [id: 0x3e00cca6] Initialized pipeline DefaultChannelPipeline{(BootstrapHandlers$BootstrapInitializerHandler#0 = reactor.netty.channel.BootstrapHandlers$BootstrapInitializerHandler), (SimpleChannelPool$1#0 = io.netty.channel.pool.SimpleChannelPool$1), (reactor.left.httpCodec = io.netty.handler.codec.http.HttpClientCodec), (reactor.left.decompressor = io.netty.handler.codec.http.HttpContentDecompressor), (reactor.right.reactiveBridge = reactor.netty.channel.ChannelOperationsHandler)}
10:13:40.474 [reactor-http-nio-3] DEBUG reactor.netty.channel.FluxReceive - [id: 0x848154ea, L:/127.0.0.1:50683 - R:localhost/127.0.0.1:8083] Subscribing inbound receiver [pending: 0, cancelled:false, inboundDone: false]
10:13:40.474 [reactor-http-nio-1] DEBUG reactor.netty.resources.PooledConnectionProvider - [id: 0x895d9623, L:/127.0.0.1:50643 - R:localhost/127.0.0.1:8083] Channel acquired, now 41 active connections and 50 inactive connections
10:13:40.474 [reactor-http-nio-3] DEBUG reactor.netty.http.client.HttpClientOperations - [id: 0x848154ea, L:/127.0.0.1:50683 - R:localhost/127.0.0.1:8083] Received last HTTP packet
10:13:40.474 [reactor-http-nio-1] DEBUG reactor.netty.http.client.HttpClientConnect - [id: 0x895d9623, L:/127.0.0.1:50643 - R:localhost/127.0.0.1:8083] Handler is being applied: {uri=http://localhost:8083/attractions, method=GET}
10:13:40.474 [reactor-http-nio-3] DEBUG org.springframework.core.codec.StringDecoder - [5371e506] Decoded "[{"longitude":-117.922008,"latitude":33.817595,"attractionName":"Disneyland","city":"Anaheim","stat (truncated)...
10:13:40.474 [reactor-http-nio-3] DEBUG reactor.netty.resources.PooledConnectionProvider - [id: 0x848154ea, L:/127.0.0.1:50683 - R:localhost/127.0.0.1:8083] onStateChange(GET{uri=/attractions, connection=PooledConnection{channel=[id: 0x848154ea, L:/127.0.0.1:50683 - R:localhost/127.0.0.1:8083]}}, [disconnecting])
10:13:40.474 [reactor-http-nio-3] DEBUG reactor.netty.resources.PooledConnectionProvider - [id: 0x848154ea, L:/127.0.0.1:50683 - R:localhost/127.0.0.1:8083] Releasing channel
10:13:40.474 [reactor-http-nio-3] DEBUG reactor.netty.resources.PooledConnectionProvider - [id: 0x848154ea, L:/127.0.0.1:50683 - R:localhost/127.0.0.1:8083] Channel cleaned, now 40 active connections and 51 inactive connections
10:13:40.475 [reactor-http-nio-3] DEBUG reactor.netty.http.client.HttpClientOperations - [id: 0xbacd0b54, L:/127.0.0.1:50684 - R:localhost/127.0.0.1:8083] Received response (auto-read:false) : [Content-Type=application/json, Transfer-Encoding=chunked, Date=Tue, 07 Jun 2022 09:13:39 GMT]
10:13:40.475 [reactor-http-nio-3] DEBUG reactor.netty.resources.PooledConnectionProvider - [id: 0xbacd0b54, L:/127.0.0.1:50684 - R:localhost/127.0.0.1:8083] onStateChange(GET{uri=/attractions, connection=PooledConnection{channel=[id: 0xbacd0b54, L:/127.0.0.1:50684 - R:localhost/127.0.0.1:8083]}}, [response_received])
10:13:40.475 [reactor-http-nio-3] DEBUG org.springframework.web.reactive.function.client.ExchangeFunctions - [792877e] Response 200 OK
10:13:40.475 [reactor-http-nio-3] DEBUG reactor.netty.channel.FluxReceive - [id: 0xbacd0b54, L:/127.0.0.1:50684 - R:localhost/127.0.0.1:8083] Subscribing inbound receiver [pending: 0, cancelled:false, inboundDone: false]
10:13:40.476 [reactor-http-nio-3] DEBUG reactor.netty.http.client.HttpClientOperations - [id: 0xbacd0b54, L:/127.0.0.1:50684 - R:localhost/127.0.0.1:8083] Received last HTTP packet
10:13:40.476 [reactor-http-nio-3] DEBUG org.springframework.core.codec.StringDecoder - [792877e] Decoded "[{"longitude":-117.922008,"latitude":33.817595,"attractionName":"Disneyland","city":"Anaheim","stat (truncated)...
10:13:40.476 [reactor-http-nio-3] DEBUG reactor.netty.resources.PooledConnectionProvider - [id: 0xbacd0b54, L:/127.0.0.1:50684 - R:localhost/127.0.0.1:8083] onStateChange(GET{uri=/attractions, connection=PooledConnection{channel=[id: 0xbacd0b54, L:/127.0.0.1:50684 - R:localhost/127.0.0.1:8083]}}, [disconnecting])
10:13:40.476 [reactor-http-nio-3] DEBUG reactor.netty.resources.PooledConnectionProvider - [id: 0xbacd0b54, L:/127.0.0.1:50684 - R:localhost/127.0.0.1:8083] Releasing channel
10:13:40.476 [reactor-http-nio-3] DEBUG reactor.netty.resources.PooledConnectionProvider - [id: 0xbacd0b54, L:/127.0.0.1:50684 - R:localhost/127.0.0.1:8083] Channel cleaned, now 39 active connections and 52 inactive connections
10:13:40.476 [reactor-http-nio-1] DEBUG reactor.netty.resources.PooledConnectionProvider - [id: 0x895d9623, L:/127.0.0.1:50643 - R:localhost/127.0.0.1:8083] onStateChange(GET{uri=/attractions, connection=PooledConnection{channel=[id: 0x895d9623, L:/127.0.0.1:50643 - R:localhost/127.0.0.1:8083]}}, [request_sent])
10:13:40.476 [reactor-http-nio-1] DEBUG reactor.netty.resources.PooledConnectionProvider - [id: 0x91102b11, L:/127.0.0.1:50646 - R:localhost/127.0.0.1:8083] Channel acquired, now 40 active connections and 51 inactive connections
10:13:40.476 [reactor-http-nio-1] DEBUG reactor.netty.http.client.HttpClientConnect - [id: 0x91102b11, L:/127.0.0.1:50646 - R:localhost/127.0.0.1:8083] Handler is being applied: {uri=http://localhost:8083/attractions, method=GET}
10:13:40.476 [reactor-http-nio-3] DEBUG reactor.netty.http.client.HttpClientOperations - [id: 0x90a5bcc2, L:/127.0.0.1:50685 - R:localhost/127.0.0.1:8083] Received response (auto-read:false) : [Content-Type=application/json, Transfer-Encoding=chunked, Date=Tue, 07 Jun 2022 09:13:39 GMT]
10:13:40.476 [reactor-http-nio-3] DEBUG reactor.netty.resources.PooledConnectionProvider - [id: 0x90a5bcc2, L:/127.0.0.1:50685 - R:localhost/127.0.0.1:8083] onStateChange(GET{uri=/attractions, connection=PooledConnection{channel=[id: 0x90a5bcc2, L:/127.0.0.1:50685 - R:localhost/127.0.0.1:8083]}}, [response_received])
10:13:40.476 [reactor-http-nio-3] DEBUG org.springframework.web.reactive.function.client.ExchangeFunctions - [6e50880f] Response 200 OK
10:13:40.477 [reactor-http-nio-3] DEBUG reactor.netty.channel.FluxReceive - [id: 0x90a5bcc2, L:/127.0.0.1:50685 - R:localhost/127.0.0.1:8083] Subscribing inbound receiver [pending: 0, cancelled:false, inboundDone: false]
10:13:40.477 [reactor-http-nio-3] DEBUG reactor.netty.http.client.HttpClientOperations - [id: 0x90a5bcc2, L:/127.0.0.1:50685 - R:localhost/127.0.0.1:8083] Received last HTTP packet
10:13:40.477 [reactor-http-nio-1] DEBUG reactor.netty.resources.PooledConnectionProvider - [id: 0x91102b11, L:/127.0.0.1:50646 - R:localhost/127.0.0.1:8083] onStateChange(GET{uri=/attractions, connection=PooledConnection{channel=[id: 0x91102b11, L:/127.0.0.1:50646 - R:localhost/127.0.0.1:8083]}}, [request_sent])
10:13:40.477 [reactor-http-nio-3] DEBUG org.springframework.core.codec.StringDecoder - [6e50880f] Decoded "[{"longitude":-117.922008,"latitude":33.817595,"attractionName":"Disneyland","city":"Anaheim","stat (truncated)...
10:13:40.477 [reactor-http-nio-3] DEBUG reactor.netty.resources.PooledConnectionProvider - [id: 0x90a5bcc2, L:/127.0.0.1:50685 - R:localhost/127.0.0.1:8083] onStateChange(GET{uri=/attractions, connection=PooledConnection{channel=[id: 0x90a5bcc2, L:/127.0.0.1:50685 - R:localhost/127.0.0.1:8083]}}, [disconnecting])
10:13:40.477 [reactor-http-nio-1] DEBUG reactor.netty.resources.PooledConnectionProvider - [id: 0x1640c7be] Created new pooled channel, now 24 active connections and 9 inactive connections
10:13:40.477 [reactor-http-nio-1] DEBUG reactor.netty.channel.BootstrapHandlers - [id: 0x1640c7be] Initialized pipeline DefaultChannelPipeline{(BootstrapHandlers$BootstrapInitializerHandler#0 = reactor.netty.channel.BootstrapHandlers$BootstrapInitializerHandler), (SimpleChannelPool$1#0 = io.netty.channel.pool.SimpleChannelPool$1), (reactor.left.httpCodec = io.netty.handler.codec.http.HttpClientCodec), (reactor.left.decompressor = io.netty.handler.codec.http.HttpContentDecompressor), (reactor.right.reactiveBridge = reactor.netty.channel.ChannelOperationsHandler)}
10:13:40.478 [reactor-http-nio-1] DEBUG reactor.netty.resources.PooledConnectionProvider - [id: 0x62e81799] Created new pooled channel, now 24 active connections and 10 inactive connections
10:13:40.478 [reactor-http-nio-1] DEBUG reactor.netty.channel.BootstrapHandlers - [id: 0x62e81799] Initialized pipeline DefaultChannelPipeline{(BootstrapHandlers$BootstrapInitializerHandler#0 = reactor.netty.channel.BootstrapHandlers$BootstrapInitializerHandler), (SimpleChannelPool$1#0 = io.netty.channel.pool.SimpleChannelPool$1), (reactor.left.httpCodec = io.netty.handler.codec.http.HttpClientCodec), (reactor.left.decompressor = io.netty.handler.codec.http.HttpContentDecompressor), (reactor.right.reactiveBridge = reactor.netty.channel.ChannelOperationsHandler)}
10:13:40.478 [reactor-http-nio-1] DEBUG reactor.netty.resources.PooledConnectionProvider - [id: 0xb5706181, L:/127.0.0.1:50648 - R:localhost/127.0.0.1:8083] Channel acquired, now 41 active connections and 50 inactive connections
10:13:40.478 [reactor-http-nio-1] DEBUG reactor.netty.http.client.HttpClientConnect - [id: 0xb5706181, L:/127.0.0.1:50648 - R:localhost/127.0.0.1:8083] Handler is being applied: {uri=http://localhost:8083/attractions, method=GET}
10:13:40.479 [reactor-http-nio-1] DEBUG reactor.netty.resources.PooledConnectionProvider - [id: 0xb5706181, L:/127.0.0.1:50648 - R:localhost/127.0.0.1:8083] onStateChange(GET{uri=/attractions, connection=PooledConnection{channel=[id: 0xb5706181, L:/127.0.0.1:50648 - R:localhost/127.0.0.1:8083]}}, [request_sent])
10:13:40.479 [reactor-http-nio-1] DEBUG reactor.netty.resources.PooledConnectionProvider - [id: 0xeed71bdb] Created new pooled channel, now 24 active connections and 11 inactive connections
10:13:40.479 [reactor-http-nio-1] DEBUG reactor.netty.channel.BootstrapHandlers - [id: 0xeed71bdb] Initialized pipeline DefaultChannelPipeline{(BootstrapHandlers$BootstrapInitializerHandler#0 = reactor.netty.channel.BootstrapHandlers$BootstrapInitializerHandler), (SimpleChannelPool$1#0 = io.netty.channel.pool.SimpleChannelPool$1), (reactor.left.httpCodec = io.netty.handler.codec.http.HttpClientCodec), (reactor.left.decompressor = io.netty.handler.codec.http.HttpContentDecompressor), (reactor.right.reactiveBridge = reactor.netty.channel.ChannelOperationsHandler)}
10:13:40.480 [reactor-http-nio-1] DEBUG reactor.netty.resources.PooledConnectionProvider - [id: 0xb12e3ff3, L:/127.0.0.1:50644 - R:localhost/127.0.0.1:8083] Channel acquired, now 42 active connections and 49 inactive connections
10:13:40.480 [reactor-http-nio-1] DEBUG reactor.netty.http.client.HttpClientConnect - [id: 0xb12e3ff3, L:/127.0.0.1:50644 - R:localhost/127.0.0.1:8083] Handler is being applied: {uri=http://localhost:8083/attractions, method=GET}
10:13:40.480 [reactor-http-nio-1] DEBUG reactor.netty.resources.PooledConnectionProvider - [id: 0xb12e3ff3, L:/127.0.0.1:50644 - R:localhost/127.0.0.1:8083] onStateChange(GET{uri=/attractions, connection=PooledConnection{channel=[id: 0xb12e3ff3, L:/127.0.0.1:50644 - R:localhost/127.0.0.1:8083]}}, [request_sent])
10:13:40.481 [reactor-http-nio-1] DEBUG reactor.netty.resources.PooledConnectionProvider - [id: 0x0a3705f4, L:/127.0.0.1:50699 - R:localhost/127.0.0.1:8083] Channel acquired, now 43 active connections and 48 inactive connections
10:13:40.481 [reactor-http-nio-1] DEBUG reactor.netty.http.client.HttpClientConnect - [id: 0x0a3705f4, L:/127.0.0.1:50699 - R:localhost/127.0.0.1:8083] Handler is being applied: {uri=http://localhost:8083/attractions, method=GET}
10:13:40.481 [reactor-http-nio-1] DEBUG reactor.netty.resources.PooledConnectionProvider - [id: 0x0a3705f4, L:/127.0.0.1:50699 - R:localhost/127.0.0.1:8083] onStateChange(GET{uri=/attractions, connection=PooledConnection{channel=[id: 0x0a3705f4, L:/127.0.0.1:50699 - R:localhost/127.0.0.1:8083]}}, [request_sent])
10:13:40.486 [pool-7-thread-36] DEBUG org.springframework.web.reactive.function.client.ExchangeFunctions - [79bfdb2d] HTTP GET http://localhost:8084/attractionRewardPoint?attractionId=7c11faed-bb1d-4565-a6db-b2a010768ec1&userId=e306ebf7-82ba-410e-b762-1e54fb160d83
10:13:40.486 [reactor-http-nio-1] DEBUG reactor.netty.http.client.HttpClientOperations - [id: 0x8ed49f05, L:/127.0.0.1:50631 - R:localhost/127.0.0.1:8083] Received response (auto-read:false) : [Content-Type=application/json, Transfer-Encoding=chunked, Date=Tue, 07 Jun 2022 09:13:39 GMT]
10:13:40.487 [reactor-http-nio-1] DEBUG reactor.netty.resources.PooledConnectionProvider - [id: 0x8ed49f05, L:/127.0.0.1:50631 - R:localhost/127.0.0.1:8083] onStateChange(GET{uri=/attractions, connection=PooledConnection{channel=[id: 0x8ed49f05, L:/127.0.0.1:50631 - R:localhost/127.0.0.1:8083]}}, [response_received])
10:13:40.487 [reactor-http-nio-1] DEBUG org.springframework.web.reactive.function.client.ExchangeFunctions - [4ec3275e] Response 200 OK
10:13:40.487 [reactor-http-nio-1] DEBUG reactor.netty.channel.FluxReceive - [id: 0x8ed49f05, L:/127.0.0.1:50631 - R:localhost/127.0.0.1:8083] Subscribing inbound receiver [pending: 0, cancelled:false, inboundDone: false]
10:13:40.487 [reactor-http-nio-1] DEBUG reactor.netty.http.client.HttpClientOperations - [id: 0x8ed49f05, L:/127.0.0.1:50631 - R:localhost/127.0.0.1:8083] Received last HTTP packet
10:13:40.487 [reactor-http-nio-1] DEBUG org.springframework.core.codec.StringDecoder - [4ec3275e] Decoded "[{"longitude":-117.922008,"latitude":33.817595,"attractionName":"Disneyland","city":"Anaheim","stat (truncated)...
10:13:40.487 [reactor-http-nio-1] DEBUG reactor.netty.resources.PooledConnectionProvider - [id: 0x8ed49f05, L:/127.0.0.1:50631 - R:localhost/127.0.0.1:8083] onStateChange(GET{uri=/attractions, connection=PooledConnection{channel=[id: 0x8ed49f05, L:/127.0.0.1:50631 - R:localhost/127.0.0.1:8083]}}, [disconnecting])
10:13:40.487 [reactor-http-nio-1] DEBUG reactor.netty.resources.PooledConnectionProvider - [id: 0x8ed49f05, L:/127.0.0.1:50631 - R:localhost/127.0.0.1:8083] Releasing channel
10:13:40.488 [reactor-http-nio-1] DEBUG reactor.netty.resources.PooledConnectionProvider - [id: 0x8ed49f05, L:/127.0.0.1:50631 - R:localhost/127.0.0.1:8083] Channel cleaned, now 42 active connections and 49 inactive connections
10:13:40.488 [reactor-http-nio-1] DEBUG reactor.netty.http.client.HttpClientOperations - [id: 0x5bb369e8, L:/127.0.0.1:50691 - R:localhost/127.0.0.1:8083] Received response (auto-read:false) : [Content-Type=application/json, Transfer-Encoding=chunked, Date=Tue, 07 Jun 2022 09:13:39 GMT]
10:13:40.488 [reactor-http-nio-1] DEBUG reactor.netty.resources.PooledConnectionProvider - [id: 0x5bb369e8, L:/127.0.0.1:50691 - R:localhost/127.0.0.1:8083] onStateChange(GET{uri=/attractions, connection=PooledConnection{channel=[id: 0x5bb369e8, L:/127.0.0.1:50691 - R:localhost/127.0.0.1:8083]}}, [response_received])
10:13:40.488 [reactor-http-nio-1] DEBUG org.springframework.web.reactive.function.client.ExchangeFunctions - [49561663] Response 200 OK
10:13:40.488 [reactor-http-nio-1] DEBUG reactor.netty.channel.FluxReceive - [id: 0x5bb369e8, L:/127.0.0.1:50691 - R:localhost/127.0.0.1:8083] Subscribing inbound receiver [pending: 0, cancelled:false, inboundDone: false]
10:13:40.488 [reactor-http-nio-1] DEBUG reactor.netty.http.client.HttpClientOperations - [id: 0x5bb369e8, L:/127.0.0.1:50691 - R:localhost/127.0.0.1:8083] Received last HTTP packet
10:13:40.489 [reactor-http-nio-1] DEBUG org.springframework.core.codec.StringDecoder - [49561663] Decoded "[{"longitude":-117.922008,"latitude":33.817595,"attractionName":"Disneyland","city":"Anaheim","stat (truncated)...
10:13:40.489 [reactor-http-nio-1] DEBUG reactor.netty.resources.PooledConnectionProvider - [id: 0x5bb369e8, L:/127.0.0.1:50691 - R:localhost/127.0.0.1:8083] onStateChange(GET{uri=/attractions, connection=PooledConnection{channel=[id: 0x5bb369e8, L:/127.0.0.1:50691 - R:localhost/127.0.0.1:8083]}}, [disconnecting])
10:13:40.489 [reactor-http-nio-1] DEBUG reactor.netty.resources.PooledConnectionProvider - [id: 0x5bb369e8, L:/127.0.0.1:50691 - R:localhost/127.0.0.1:8083] Releasing channel
10:13:40.489 [reactor-http-nio-1] DEBUG reactor.netty.resources.PooledConnectionProvider - [id: 0x5bb369e8, L:/127.0.0.1:50691 - R:localhost/127.0.0.1:8083] Channel cleaned, now 41 active connections and 50 inactive connections
10:13:40.489 [reactor-http-nio-1] DEBUG reactor.netty.http.client.HttpClientOperations - [id: 0x8bf126b9, L:/127.0.0.1:50693 - R:localhost/127.0.0.1:8083] Received response (auto-read:false) : [Content-Type=application/json, Transfer-Encoding=chunked, Date=Tue, 07 Jun 2022 09:13:39 GMT]
10:13:40.489 [reactor-http-nio-1] DEBUG reactor.netty.resources.PooledConnectionProvider - [id: 0x8bf126b9, L:/127.0.0.1:50693 - R:localhost/127.0.0.1:8083] onStateChange(GET{uri=/attractions, connection=PooledConnection{channel=[id: 0x8bf126b9, L:/127.0.0.1:50693 - R:localhost/127.0.0.1:8083]}}, [response_received])
10:13:40.489 [reactor-http-nio-1] DEBUG org.springframework.web.reactive.function.client.ExchangeFunctions - [2c856779] Response 200 OK
10:13:40.489 [reactor-http-nio-1] DEBUG reactor.netty.channel.FluxReceive - [id: 0x8bf126b9, L:/127.0.0.1:50693 - R:localhost/127.0.0.1:8083] Subscribing inbound receiver [pending: 0, cancelled:false, inboundDone: false]
10:13:40.490 [reactor-http-nio-1] DEBUG reactor.netty.http.client.HttpClientOperations - [id: 0x8bf126b9, L:/127.0.0.1:50693 - R:localhost/127.0.0.1:8083] Received last HTTP packet
10:13:40.472 [reactor-http-nio-4] DEBUG reactor.netty.resources.PooledConnectionProvider - [id: 0x0c97e14e, L:/127.0.0.1:50725 - R:localhost/127.0.0.1:8084] onStateChange(GET{uri=/attractionRewardPoint?attractionId=338228eb-646d-4efc-bfc5-133467202889&userId=d6b5f890-5dd1-4914-90d3-ca65d0fccbfc, connection=PooledConnection{channel=[id: 0x0c97e14e, L:/127.0.0.1:50725 - R:localhost/127.0.0.1:8084]}}, [request_sent])
10:13:40.490 [reactor-http-nio-4] DEBUG reactor.netty.resources.PooledConnectionProvider - [id: 0x0c97e14e, L:/127.0.0.1:50725 - R:localhost/127.0.0.1:8084] Channel connected, now 24 active connections and 11 inactive connections
10:13:40.490 [reactor-http-nio-4] DEBUG reactor.netty.resources.PooledConnectionProvider - [id: 0x1b11ea1c, L:/127.0.0.1:50726 - R:localhost/127.0.0.1:8084] Registering pool release on close event for channel
10:13:40.490 [reactor-http-nio-4] DEBUG reactor.netty.http.client.HttpClientConnect - [id: 0x1b11ea1c, L:/127.0.0.1:50726 - R:localhost/127.0.0.1:8084] Handler is being applied: {uri=http://localhost:8084/attractionRewardPoint?attractionId=1e87745e-f16e-4e10-899f-1c36618f1366&userId=716110c9-18c0-4878-9646-c069546585d0, method=GET}
10:13:40.490 [reactor-http-nio-1] DEBUG org.springframework.core.codec.StringDecoder - [2c856779] Decoded "[{"longitude":-117.922008,"latitude":33.817595,"attractionName":"Disneyland","city":"Anaheim","stat (truncated)...
10:13:40.490 [reactor-http-nio-1] DEBUG reactor.netty.resources.PooledConnectionProvider - [id: 0x8bf126b9, L:/127.0.0.1:50693 - R:localhost/127.0.0.1:8083] onStateChange(GET{uri=/attractions, connection=PooledConnection{channel=[id: 0x8bf126b9, L:/127.0.0.1:50693 - R:localhost/127.0.0.1:8083]}}, [disconnecting])
10:13:40.490 [reactor-http-nio-1] DEBUG reactor.netty.resources.PooledConnectionProvider - [id: 0x8bf126b9, L:/127.0.0.1:50693 - R:localhost/127.0.0.1:8083] Releasing channel
10:13:40.490 [reactor-http-nio-1] DEBUG reactor.netty.resources.PooledConnectionProvider - [id: 0x8bf126b9, L:/127.0.0.1:50693 - R:localhost/127.0.0.1:8083] Channel cleaned, now 40 active connections and 51 inactive connections
10:13:40.490 [reactor-http-nio-1] DEBUG reactor.netty.http.client.HttpClientOperations - [id: 0xaf8669db, L:/127.0.0.1:50694 - R:localhost/127.0.0.1:8083] Received response (auto-read:false) : [Content-Type=application/json, Transfer-Encoding=chunked, Date=Tue, 07 Jun 2022 09:13:39 GMT]
10:13:40.490 [reactor-http-nio-1] DEBUG reactor.netty.resources.PooledConnectionProvider - [id: 0xaf8669db, L:/127.0.0.1:50694 - R:localhost/127.0.0.1:8083] onStateChange(GET{uri=/attractions, connection=PooledConnection{channel=[id: 0xaf8669db, L:/127.0.0.1:50694 - R:localhost/127.0.0.1:8083]}}, [response_received])
10:13:40.490 [reactor-http-nio-1] DEBUG org.springframework.web.reactive.function.client.ExchangeFunctions - [592bd2b0] Response 200 OK
10:13:40.491 [reactor-http-nio-1] DEBUG reactor.netty.channel.FluxReceive - [id: 0xaf8669db, L:/127.0.0.1:50694 - R:localhost/127.0.0.1:8083] Subscribing inbound receiver [pending: 0, cancelled:false, inboundDone: false]
10:13:40.491 [reactor-http-nio-4] DEBUG reactor.netty.resources.PooledConnectionProvider - [id: 0x1b11ea1c, L:/127.0.0.1:50726 - R:localhost/127.0.0.1:8084] onStateChange(GET{uri=/attractionRewardPoint?attractionId=1e87745e-f16e-4e10-899f-1c36618f1366&userId=716110c9-18c0-4878-9646-c069546585d0, connection=PooledConnection{channel=[id: 0x1b11ea1c, L:/127.0.0.1:50726 - R:localhost/127.0.0.1:8084]}}, [request_sent])
10:13:40.491 [reactor-http-nio-4] DEBUG reactor.netty.resources.PooledConnectionProvider - [id: 0x1b11ea1c, L:/127.0.0.1:50726 - R:localhost/127.0.0.1:8084] Channel connected, now 25 active connections and 10 inactive connections
10:13:40.491 [reactor-http-nio-4] DEBUG reactor.netty.resources.PooledConnectionProvider - [id: 0x9da3c0e2, L:/127.0.0.1:50727 - R:localhost/127.0.0.1:8084] Registering pool release on close event for channel
10:13:40.491 [reactor-http-nio-4] DEBUG reactor.netty.http.client.HttpClientConnect - [id: 0x9da3c0e2, L:/127.0.0.1:50727 - R:localhost/127.0.0.1:8084] Handler is being applied: {uri=http://localhost:8084/attractionRewardPoint?attractionId=b746179e-e275-4af9-b76e-40126bcda393&userId=173afebe-8df2-4071-b758-f2d00030e29a, method=GET}
10:13:40.491 [reactor-http-nio-1] DEBUG reactor.netty.http.client.HttpClientOperations - [id: 0xaf8669db, L:/127.0.0.1:50694 - R:localhost/127.0.0.1:8083] Received last HTTP packet
10:13:40.492 [reactor-http-nio-1] DEBUG org.springframework.core.codec.StringDecoder - [592bd2b0] Decoded "[{"longitude":-117.922008,"latitude":33.817595,"attractionName":"Disneyland","city":"Anaheim","stat (truncated)...
10:13:40.492 [reactor-http-nio-1] DEBUG reactor.netty.resources.PooledConnectionProvider - [id: 0xaf8669db, L:/127.0.0.1:50694 - R:localhost/127.0.0.1:8083] onStateChange(GET{uri=/attractions, connection=PooledConnection{channel=[id: 0xaf8669db, L:/127.0.0.1:50694 - R:localhost/127.0.0.1:8083]}}, [disconnecting])
10:13:40.492 [reactor-http-nio-1] DEBUG reactor.netty.resources.PooledConnectionProvider - [id: 0xaf8669db, L:/127.0.0.1:50694 - R:localhost/127.0.0.1:8083] Releasing channel
10:13:40.492 [reactor-http-nio-1] DEBUG reactor.netty.resources.PooledConnectionProvider - [id: 0xaf8669db, L:/127.0.0.1:50694 - R:localhost/127.0.0.1:8083] Channel cleaned, now 39 active connections and 52 inactive connections
10:13:40.492 [reactor-http-nio-1] DEBUG reactor.netty.http.client.HttpClientOperations - [id: 0xd8b5b2a4, L:/127.0.0.1:50695 - R:localhost/127.0.0.1:8083] Received response (auto-read:false) : [Content-Type=application/json, Transfer-Encoding=chunked, Date=Tue, 07 Jun 2022 09:13:39 GMT]
10:13:40.492 [reactor-http-nio-1] DEBUG reactor.netty.resources.PooledConnectionProvider - [id: 0xd8b5b2a4, L:/127.0.0.1:50695 - R:localhost/127.0.0.1:8083] onStateChange(GET{uri=/attractions, connection=PooledConnection{channel=[id: 0xd8b5b2a4, L:/127.0.0.1:50695 - R:localhost/127.0.0.1:8083]}}, [response_received])
10:13:40.492 [reactor-http-nio-4] DEBUG reactor.netty.resources.PooledConnectionProvider - [id: 0x9da3c0e2, L:/127.0.0.1:50727 - R:localhost/127.0.0.1:8084] onStateChange(GET{uri=/attractionRewardPoint?attractionId=b746179e-e275-4af9-b76e-40126bcda393&userId=173afebe-8df2-4071-b758-f2d00030e29a, connection=PooledConnection{channel=[id: 0x9da3c0e2, L:/127.0.0.1:50727 - R:localhost/127.0.0.1:8084]}}, [request_sent])
10:13:40.492 [reactor-http-nio-1] DEBUG org.springframework.web.reactive.function.client.ExchangeFunctions - [40c2675] Response 200 OK
10:13:40.492 [reactor-http-nio-1] DEBUG reactor.netty.channel.FluxReceive - [id: 0xd8b5b2a4, L:/127.0.0.1:50695 - R:localhost/127.0.0.1:8083] Subscribing inbound receiver [pending: 0, cancelled:false, inboundDone: false]
10:13:40.493 [reactor-http-nio-1] DEBUG reactor.netty.http.client.HttpClientOperations - [id: 0xd8b5b2a4, L:/127.0.0.1:50695 - R:localhost/127.0.0.1:8083] Received last HTTP packet
10:13:40.493 [reactor-http-nio-1] DEBUG org.springframework.core.codec.StringDecoder - [40c2675] Decoded "[{"longitude":-117.922008,"latitude":33.817595,"attractionName":"Disneyland","city":"Anaheim","stat (truncated)...
10:13:40.493 [reactor-http-nio-1] DEBUG reactor.netty.resources.PooledConnectionProvider - [id: 0xd8b5b2a4, L:/127.0.0.1:50695 - R:localhost/127.0.0.1:8083] onStateChange(GET{uri=/attractions, connection=PooledConnection{channel=[id: 0xd8b5b2a4, L:/127.0.0.1:50695 - R:localhost/127.0.0.1:8083]}}, [disconnecting])
10:13:40.493 [reactor-http-nio-1] DEBUG reactor.netty.resources.PooledConnectionProvider - [id: 0xd8b5b2a4, L:/127.0.0.1:50695 - R:localhost/127.0.0.1:8083] Releasing channel
10:13:40.493 [reactor-http-nio-1] DEBUG reactor.netty.resources.PooledConnectionProvider - [id: 0xd8b5b2a4, L:/127.0.0.1:50695 - R:localhost/127.0.0.1:8083] Channel cleaned, now 38 active connections and 53 inactive connections
10:13:40.493 [reactor-http-nio-1] DEBUG reactor.netty.http.client.HttpClientOperations - [id: 0xf19dc01d, L:/127.0.0.1:50696 - R:localhost/127.0.0.1:8083] Received response (auto-read:false) : [Content-Type=application/json, Transfer-Encoding=chunked, Date=Tue, 07 Jun 2022 09:13:39 GMT]
10:13:40.493 [reactor-http-nio-1] DEBUG reactor.netty.resources.PooledConnectionProvider - [id: 0xf19dc01d, L:/127.0.0.1:50696 - R:localhost/127.0.0.1:8083] onStateChange(GET{uri=/attractions, connection=PooledConnection{channel=[id: 0xf19dc01d, L:/127.0.0.1:50696 - R:localhost/127.0.0.1:8083]}}, [response_received])
10:13:40.493 [reactor-http-nio-1] DEBUG org.springframework.web.reactive.function.client.ExchangeFunctions - [369eebc0] Response 200 OK
10:13:40.494 [reactor-http-nio-1] DEBUG reactor.netty.channel.FluxReceive - [id: 0xf19dc01d, L:/127.0.0.1:50696 - R:localhost/127.0.0.1:8083] Subscribing inbound receiver [pending: 0, cancelled:false, inboundDone: false]
10:13:40.494 [reactor-http-nio-1] DEBUG reactor.netty.http.client.HttpClientOperations - [id: 0xf19dc01d, L:/127.0.0.1:50696 - R:localhost/127.0.0.1:8083] Received last HTTP packet
10:13:40.494 [reactor-http-nio-1] DEBUG org.springframework.core.codec.StringDecoder - [369eebc0] Decoded "[{"longitude":-117.922008,"latitude":33.817595,"attractionName":"Disneyland","city":"Anaheim","stat (truncated)...
10:13:40.494 [reactor-http-nio-1] DEBUG reactor.netty.resources.PooledConnectionProvider - [id: 0xf19dc01d, L:/127.0.0.1:50696 - R:localhost/127.0.0.1:8083] onStateChange(GET{uri=/attractions, connection=PooledConnection{channel=[id: 0xf19dc01d, L:/127.0.0.1:50696 - R:localhost/127.0.0.1:8083]}}, [disconnecting])
10:13:40.494 [reactor-http-nio-1] DEBUG reactor.netty.resources.PooledConnectionProvider - [id: 0xf19dc01d, L:/127.0.0.1:50696 - R:localhost/127.0.0.1:8083] Releasing channel
10:13:40.494 [reactor-http-nio-1] DEBUG reactor.netty.resources.PooledConnectionProvider - [id: 0xf19dc01d, L:/127.0.0.1:50696 - R:localhost/127.0.0.1:8083] Channel cleaned, now 37 active connections and 54 inactive connections
10:13:40.494 [reactor-http-nio-1] DEBUG reactor.netty.http.client.HttpClientOperations - [id: 0x35c68692, L:/127.0.0.1:50700 - R:localhost/127.0.0.1:8083] Received response (auto-read:false) : [Content-Type=application/json, Transfer-Encoding=chunked, Date=Tue, 07 Jun 2022 09:13:39 GMT]
10:13:40.494 [reactor-http-nio-1] DEBUG reactor.netty.resources.PooledConnectionProvider - [id: 0x35c68692, L:/127.0.0.1:50700 - R:localhost/127.0.0.1:8083] onStateChange(GET{uri=/attractions, connection=PooledConnection{channel=[id: 0x35c68692, L:/127.0.0.1:50700 - R:localhost/127.0.0.1:8083]}}, [response_received])
10:13:40.494 [reactor-http-nio-1] DEBUG org.springframework.web.reactive.function.client.ExchangeFunctions - [545b21d3] Response 200 OK
10:13:40.495 [reactor-http-nio-1] DEBUG reactor.netty.channel.FluxReceive - [id: 0x35c68692, L:/127.0.0.1:50700 - R:localhost/127.0.0.1:8083] Subscribing inbound receiver [pending: 0, cancelled:false, inboundDone: false]
10:13:40.495 [reactor-http-nio-1] DEBUG reactor.netty.http.client.HttpClientOperations - [id: 0x35c68692, L:/127.0.0.1:50700 - R:localhost/127.0.0.1:8083] Received last HTTP packet
10:13:40.495 [reactor-http-nio-1] DEBUG org.springframework.core.codec.StringDecoder - [545b21d3] Decoded "[{"longitude":-117.922008,"latitude":33.817595,"attractionName":"Disneyland","city":"Anaheim","stat (truncated)...
10:13:40.495 [reactor-http-nio-1] DEBUG reactor.netty.resources.PooledConnectionProvider - [id: 0x35c68692, L:/127.0.0.1:50700 - R:localhost/127.0.0.1:8083] onStateChange(GET{uri=/attractions, connection=PooledConnection{channel=[id: 0x35c68692, L:/127.0.0.1:50700 - R:localhost/127.0.0.1:8083]}}, [disconnecting])
10:13:40.495 [reactor-http-nio-1] DEBUG reactor.netty.resources.PooledConnectionProvider - [id: 0x35c68692, L:/127.0.0.1:50700 - R:localhost/127.0.0.1:8083] Releasing channel
10:13:40.495 [reactor-http-nio-1] DEBUG reactor.netty.resources.PooledConnectionProvider - [id: 0x35c68692, L:/127.0.0.1:50700 - R:localhost/127.0.0.1:8083] Channel cleaned, now 36 active connections and 55 inactive connections
10:13:40.495 [reactor-http-nio-1] DEBUG reactor.netty.http.client.HttpClientOperations - [id: 0xf112af30, L:/127.0.0.1:50701 - R:localhost/127.0.0.1:8083] Received response (auto-read:false) : [Content-Type=application/json, Transfer-Encoding=chunked, Date=Tue, 07 Jun 2022 09:13:39 GMT]
10:13:40.495 [reactor-http-nio-1] DEBUG reactor.netty.resources.PooledConnectionProvider - [id: 0xf112af30, L:/127.0.0.1:50701 - R:localhost/127.0.0.1:8083] onStateChange(GET{uri=/attractions, connection=PooledConnection{channel=[id: 0xf112af30, L:/127.0.0.1:50701 - R:localhost/127.0.0.1:8083]}}, [response_received])
10:13:40.496 [reactor-http-nio-1] DEBUG org.springframework.web.reactive.function.client.ExchangeFunctions - [618243e0] Response 200 OK
10:13:40.496 [reactor-http-nio-1] DEBUG reactor.netty.channel.FluxReceive - [id: 0xf112af30, L:/127.0.0.1:50701 - R:localhost/127.0.0.1:8083] Subscribing inbound receiver [pending: 0, cancelled:false, inboundDone: false]
10:13:40.499 [pool-7-thread-39] DEBUG org.springframework.web.reactive.function.client.ExchangeFunctions - [95569fc] HTTP GET http://localhost:8084/attractionRewardPoint?attractionId=9d1e7774-f458-4c27-93a9-7923c4536dce&userId=f86c0c70-fb97-45b0-a2f0-f47dfe26c0d2
10:13:40.501 [pool-7-thread-86] DEBUG org.springframework.web.reactive.function.client.ExchangeFunctions - [60976bb5] HTTP GET http://localhost:8084/attractionRewardPoint?attractionId=c096d550-0a96-479f-a10f-c6b8534154d8&userId=2d124a40-08d5-415b-a5ca-836c178fbf7d
10:13:40.474 [reactor-http-nio-2] DEBUG reactor.netty.resources.PooledConnectionProvider - [id: 0xfcc4724b, L:/127.0.0.1:50724 - R:localhost/127.0.0.1:8084] onStateChange(GET{uri=/attractionRewardPoint?attractionId=0fe97dde-44f9-4b2c-b623-2d954021cf0d&userId=e0a3d642-015b-4202-b337-43f612c2c281, connection=PooledConnection{channel=[id: 0xfcc4724b, L:/127.0.0.1:50724 - R:localhost/127.0.0.1:8084]}}, [request_sent])
10:13:40.504 [reactor-http-nio-2] DEBUG reactor.netty.resources.PooledConnectionProvider - [id: 0xfcc4724b, L:/127.0.0.1:50724 - R:localhost/127.0.0.1:8084] Channel connected, now 26 active connections and 9 inactive connections
10:13:40.504 [pool-7-thread-65] DEBUG org.springframework.web.reactive.function.client.ExchangeFunctions - [4004d0f6] HTTP GET http://localhost:8084/attractionRewardPoint?attractionId=44d7a853-12c7-43c8-8578-9e9c5872c543&userId=d1d6ab30-46fa-4750-9b8c-658f5ad65f05
10:13:40.505 [pool-7-thread-28] DEBUG org.springframework.web.reactive.function.client.ExchangeFunctions - [4791e139] HTTP GET http://localhost:8084/attractionRewardPoint?attractionId=71292568-fe2e-4c1f-8443-b03ef667a2b0&userId=0414d8bc-eb08-44fd-9476-e6ed94259ca4
10:13:40.506 [pool-7-thread-47] DEBUG org.springframework.web.reactive.function.client.ExchangeFunctions - [22429c99] HTTP GET http://localhost:8084/attractionRewardPoint?attractionId=7cae6b7f-5233-4117-b54f-d0ac37332e0b&userId=e13d8a00-077a-4759-8a9f-b4177cd3575f
10:13:40.507 [pool-7-thread-31] DEBUG org.springframework.web.reactive.function.client.ExchangeFunctions - [acbd884] HTTP GET http://localhost:8084/attractionRewardPoint?attractionId=3b5afe5d-9b40-440d-be01-04fa09f814a7&userId=6ad9c11a-e84f-450b-b65f-3a2ca9508378
10:13:40.507 [reactor-http-nio-2] DEBUG reactor.netty.resources.PooledConnectionProvider - [id: 0x2dd70f15] Created new pooled channel, now 26 active connections and 10 inactive connections
10:13:40.508 [reactor-http-nio-2] DEBUG reactor.netty.channel.BootstrapHandlers - [id: 0x2dd70f15] Initialized pipeline DefaultChannelPipeline{(BootstrapHandlers$BootstrapInitializerHandler#0 = reactor.netty.channel.BootstrapHandlers$BootstrapInitializerHandler), (SimpleChannelPool$1#0 = io.netty.channel.pool.SimpleChannelPool$1), (reactor.left.httpCodec = io.netty.handler.codec.http.HttpClientCodec), (reactor.left.decompressor = io.netty.handler.codec.http.HttpContentDecompressor), (reactor.right.reactiveBridge = reactor.netty.channel.ChannelOperationsHandler)}
10:13:40.508 [reactor-http-nio-2] DEBUG reactor.netty.resources.PooledConnectionProvider - [id: 0x7dc65269] Created new pooled channel, now 26 active connections and 11 inactive connections
10:13:40.508 [reactor-http-nio-2] DEBUG reactor.netty.channel.BootstrapHandlers - [id: 0x7dc65269] Initialized pipeline DefaultChannelPipeline{(BootstrapHandlers$BootstrapInitializerHandler#0 = reactor.netty.channel.BootstrapHandlers$BootstrapInitializerHandler), (SimpleChannelPool$1#0 = io.netty.channel.pool.SimpleChannelPool$1), (reactor.left.httpCodec = io.netty.handler.codec.http.HttpClientCodec), (reactor.left.decompressor = io.netty.handler.codec.http.HttpContentDecompressor), (reactor.right.reactiveBridge = reactor.netty.channel.ChannelOperationsHandler)}
10:13:40.508 [pool-7-thread-52] DEBUG org.springframework.web.reactive.function.client.ExchangeFunctions - [5a9cd528] HTTP GET http://localhost:8084/attractionRewardPoint?attractionId=e02d00af-5933-4e2f-b2d7-d830f602f5e8&userId=d21ced5f-ec5b-45dc-ae90-65d4cef57d36
10:13:40.508 [reactor-http-nio-2] DEBUG reactor.netty.resources.PooledConnectionProvider - [id: 0xd70c172e, L:/127.0.0.1:50612 - R:localhost/127.0.0.1:8083] Channel acquired, now 37 active connections and 54 inactive connections
10:13:40.508 [reactor-http-nio-2] DEBUG reactor.netty.http.client.HttpClientConnect - [id: 0xd70c172e, L:/127.0.0.1:50612 - R:localhost/127.0.0.1:8083] Handler is being applied: {uri=http://localhost:8083/attractions, method=GET}
10:13:40.508 [reactor-http-nio-1] DEBUG reactor.netty.http.client.HttpClientOperations - [id: 0xf112af30, L:/127.0.0.1:50701 - R:localhost/127.0.0.1:8083] Received last HTTP packet
10:13:40.508 [reactor-http-nio-1] DEBUG org.springframework.core.codec.StringDecoder - [618243e0] Decoded "[{"longitude":-117.922008,"latitude":33.817595,"attractionName":"Disneyland","city":"Anaheim","stat (truncated)...
10:13:40.509 [reactor-http-nio-1] DEBUG reactor.netty.resources.PooledConnectionProvider - [id: 0xf112af30, L:/127.0.0.1:50701 - R:localhost/127.0.0.1:8083] onStateChange(GET{uri=/attractions, connection=PooledConnection{channel=[id: 0xf112af30, L:/127.0.0.1:50701 - R:localhost/127.0.0.1:8083]}}, [disconnecting])
10:13:40.509 [reactor-http-nio-1] DEBUG reactor.netty.resources.PooledConnectionProvider - [id: 0xf112af30, L:/127.0.0.1:50701 - R:localhost/127.0.0.1:8083] Releasing channel
10:13:40.509 [reactor-http-nio-1] DEBUG reactor.netty.resources.PooledConnectionProvider - [id: 0xf112af30, L:/127.0.0.1:50701 - R:localhost/127.0.0.1:8083] Channel cleaned, now 36 active connections and 55 inactive connections
10:13:40.509 [reactor-http-nio-1] DEBUG reactor.netty.resources.PooledConnectionProvider - [id: 0x3e00cca6, L:/127.0.0.1:50729 - R:localhost/127.0.0.1:8084] onStateChange(PooledConnection{channel=[id: 0x3e00cca6, L:/127.0.0.1:50729 - R:localhost/127.0.0.1:8084]}, [connected])
10:13:40.509 [reactor-http-nio-2] DEBUG reactor.netty.resources.PooledConnectionProvider - [id: 0xd70c172e, L:/127.0.0.1:50612 - R:localhost/127.0.0.1:8083] onStateChange(GET{uri=/attractions, connection=PooledConnection{channel=[id: 0xd70c172e, L:/127.0.0.1:50612 - R:localhost/127.0.0.1:8083]}}, [request_sent])
10:13:40.509 [reactor-http-nio-2] DEBUG reactor.netty.resources.PooledConnectionProvider - [id: 0xaea19dad, L:/127.0.0.1:50624 - R:localhost/127.0.0.1:8083] Channel acquired, now 37 active connections and 54 inactive connections
10:13:40.509 [reactor-http-nio-2] DEBUG reactor.netty.http.client.HttpClientConnect - [id: 0xaea19dad, L:/127.0.0.1:50624 - R:localhost/127.0.0.1:8083] Handler is being applied: {uri=http://localhost:8083/attractions, method=GET}
10:13:40.510 [pool-7-thread-30] DEBUG org.springframework.web.reactive.function.client.ExchangeFunctions - [5db61118] HTTP GET http://localhost:8084/attractionRewardPoint?attractionId=1a1549ea-a149-4d05-b7af-8e000c2f6e34&userId=ad624b30-b314-4c79-bf83-0952ae3877b7
10:13:40.510 [reactor-http-nio-2] DEBUG reactor.netty.resources.PooledConnectionProvider - [id: 0xaea19dad, L:/127.0.0.1:50624 - R:localhost/127.0.0.1:8083] onStateChange(GET{uri=/attractions, connection=PooledConnection{channel=[id: 0xaea19dad, L:/127.0.0.1:50624 - R:localhost/127.0.0.1:8083]}}, [request_sent])
10:13:40.510 [reactor-http-nio-2] DEBUG reactor.netty.resources.PooledConnectionProvider - [id: 0xcfabeeff, L:/127.0.0.1:50667 - R:localhost/127.0.0.1:8083] Channel acquired, now 38 active connections and 53 inactive connections
10:13:40.510 [reactor-http-nio-2] DEBUG reactor.netty.http.client.HttpClientConnect - [id: 0xcfabeeff, L:/127.0.0.1:50667 - R:localhost/127.0.0.1:8083] Handler is being applied: {uri=http://localhost:8083/attractions, method=GET}
10:13:40.511 [reactor-http-nio-2] DEBUG reactor.netty.resources.PooledConnectionProvider - [id: 0xcfabeeff, L:/127.0.0.1:50667 - R:localhost/127.0.0.1:8083] onStateChange(GET{uri=/attractions, connection=PooledConnection{channel=[id: 0xcfabeeff, L:/127.0.0.1:50667 - R:localhost/127.0.0.1:8083]}}, [request_sent])
10:13:40.511 [reactor-http-nio-2] DEBUG reactor.netty.resources.PooledConnectionProvider - [id: 0x7da5620d, L:/127.0.0.1:50618 - R:localhost/127.0.0.1:8083] Channel acquired, now 39 active connections and 52 inactive connections
10:13:40.511 [reactor-http-nio-2] DEBUG reactor.netty.http.client.HttpClientConnect - [id: 0x7da5620d, L:/127.0.0.1:50618 - R:localhost/127.0.0.1:8083] Handler is being applied: {uri=http://localhost:8083/attractions, method=GET}
10:13:40.512 [reactor-http-nio-2] DEBUG reactor.netty.resources.PooledConnectionProvider - [id: 0x7da5620d, L:/127.0.0.1:50618 - R:localhost/127.0.0.1:8083] onStateChange(GET{uri=/attractions, connection=PooledConnection{channel=[id: 0x7da5620d, L:/127.0.0.1:50618 - R:localhost/127.0.0.1:8083]}}, [request_sent])
10:13:40.512 [reactor-http-nio-2] DEBUG reactor.netty.resources.PooledConnectionProvider - [id: 0xfff007b6, L:/127.0.0.1:50626 - R:localhost/127.0.0.1:8083] Channel acquired, now 40 active connections and 51 inactive connections
10:13:40.512 [reactor-http-nio-2] DEBUG reactor.netty.http.client.HttpClientConnect - [id: 0xfff007b6, L:/127.0.0.1:50626 - R:localhost/127.0.0.1:8083] Handler is being applied: {uri=http://localhost:8083/attractions, method=GET}
10:13:40.477 [reactor-http-nio-3] DEBUG reactor.netty.resources.PooledConnectionProvider - [id: 0x90a5bcc2, L:/127.0.0.1:50685 - R:localhost/127.0.0.1:8083] Releasing channel
10:13:40.513 [reactor-http-nio-3] DEBUG reactor.netty.resources.PooledConnectionProvider - [id: 0x90a5bcc2, L:/127.0.0.1:50685 - R:localhost/127.0.0.1:8083] Channel cleaned, now 39 active connections and 52 inactive connections
10:13:40.513 [reactor-http-nio-3] DEBUG reactor.netty.http.client.HttpClientOperations - [id: 0x2dcb9d1a, L:/127.0.0.1:50687 - R:localhost/127.0.0.1:8083] Received response (auto-read:false) : [Content-Type=application/json, Transfer-Encoding=chunked, Date=Tue, 07 Jun 2022 09:13:39 GMT]
10:13:40.513 [reactor-http-nio-3] DEBUG reactor.netty.resources.PooledConnectionProvider - [id: 0x2dcb9d1a, L:/127.0.0.1:50687 - R:localhost/127.0.0.1:8083] onStateChange(GET{uri=/attractions, connection=PooledConnection{channel=[id: 0x2dcb9d1a, L:/127.0.0.1:50687 - R:localhost/127.0.0.1:8083]}}, [response_received])
10:13:40.513 [reactor-http-nio-3] DEBUG org.springframework.web.reactive.function.client.ExchangeFunctions - [27611b48] Response 200 OK
10:13:40.514 [reactor-http-nio-3] DEBUG reactor.netty.channel.FluxReceive - [id: 0x2dcb9d1a, L:/127.0.0.1:50687 - R:localhost/127.0.0.1:8083] Subscribing inbound receiver [pending: 0, cancelled:false, inboundDone: false]
10:13:40.514 [reactor-http-nio-3] DEBUG reactor.netty.http.client.HttpClientOperations - [id: 0x2dcb9d1a, L:/127.0.0.1:50687 - R:localhost/127.0.0.1:8083] Received last HTTP packet
10:13:40.515 [reactor-http-nio-3] DEBUG org.springframework.core.codec.StringDecoder - [27611b48] Decoded "[{"longitude":-117.922008,"latitude":33.817595,"attractionName":"Disneyland","city":"Anaheim","stat (truncated)...
10:13:40.515 [reactor-http-nio-3] DEBUG reactor.netty.resources.PooledConnectionProvider - [id: 0x2dcb9d1a, L:/127.0.0.1:50687 - R:localhost/127.0.0.1:8083] onStateChange(GET{uri=/attractions, connection=PooledConnection{channel=[id: 0x2dcb9d1a, L:/127.0.0.1:50687 - R:localhost/127.0.0.1:8083]}}, [disconnecting])
10:13:40.515 [reactor-http-nio-3] DEBUG reactor.netty.resources.PooledConnectionProvider - [id: 0x2dcb9d1a, L:/127.0.0.1:50687 - R:localhost/127.0.0.1:8083] Releasing channel
10:13:40.515 [reactor-http-nio-3] DEBUG reactor.netty.resources.PooledConnectionProvider - [id: 0x2dcb9d1a, L:/127.0.0.1:50687 - R:localhost/127.0.0.1:8083] Channel cleaned, now 38 active connections and 53 inactive connections
10:13:40.515 [pool-7-thread-46] DEBUG org.springframework.web.reactive.function.client.ExchangeFunctions - [6f45a1a0] HTTP GET http://localhost:8084/attractionRewardPoint?attractionId=7458dd2a-1a4f-4bc1-b860-3c62184f36be&userId=e07c3b7a-2158-46d8-9919-0230e27f5fa0
10:13:40.515 [reactor-http-nio-3] DEBUG reactor.netty.http.client.HttpClientOperations - [id: 0x21943d07, L:/127.0.0.1:50688 - R:localhost/127.0.0.1:8083] Received response (auto-read:false) : [Content-Type=application/json, Transfer-Encoding=chunked, Date=Tue, 07 Jun 2022 09:13:39 GMT]
10:13:40.515 [reactor-http-nio-3] DEBUG reactor.netty.resources.PooledConnectionProvider - [id: 0x21943d07, L:/127.0.0.1:50688 - R:localhost/127.0.0.1:8083] onStateChange(GET{uri=/attractions, connection=PooledConnection{channel=[id: 0x21943d07, L:/127.0.0.1:50688 - R:localhost/127.0.0.1:8083]}}, [response_received])
10:13:40.515 [reactor-http-nio-3] DEBUG org.springframework.web.reactive.function.client.ExchangeFunctions - [4237fd74] Response 200 OK
10:13:40.516 [reactor-http-nio-3] DEBUG reactor.netty.channel.FluxReceive - [id: 0x21943d07, L:/127.0.0.1:50688 - R:localhost/127.0.0.1:8083] Subscribing inbound receiver [pending: 0, cancelled:false, inboundDone: false]
10:13:40.516 [reactor-http-nio-3] DEBUG reactor.netty.http.client.HttpClientOperations - [id: 0x21943d07, L:/127.0.0.1:50688 - R:localhost/127.0.0.1:8083] Received last HTTP packet
10:13:40.516 [reactor-http-nio-3] DEBUG org.springframework.core.codec.StringDecoder - [4237fd74] Decoded "[{"longitude":-117.922008,"latitude":33.817595,"attractionName":"Disneyland","city":"Anaheim","stat (truncated)...
10:13:40.516 [reactor-http-nio-3] DEBUG reactor.netty.resources.PooledConnectionProvider - [id: 0x21943d07, L:/127.0.0.1:50688 - R:localhost/127.0.0.1:8083] onStateChange(GET{uri=/attractions, connection=PooledConnection{channel=[id: 0x21943d07, L:/127.0.0.1:50688 - R:localhost/127.0.0.1:8083]}}, [disconnecting])
10:13:40.516 [reactor-http-nio-3] DEBUG reactor.netty.resources.PooledConnectionProvider - [id: 0x21943d07, L:/127.0.0.1:50688 - R:localhost/127.0.0.1:8083] Releasing channel
10:13:40.516 [reactor-http-nio-3] DEBUG reactor.netty.resources.PooledConnectionProvider - [id: 0x21943d07, L:/127.0.0.1:50688 - R:localhost/127.0.0.1:8083] Channel cleaned, now 37 active connections and 54 inactive connections
10:13:40.516 [reactor-http-nio-3] DEBUG reactor.netty.resources.PooledConnectionProvider - [id: 0x8624e492, L:/127.0.0.1:50728 - R:localhost/127.0.0.1:8084] onStateChange(PooledConnection{channel=[id: 0x8624e492, L:/127.0.0.1:50728 - R:localhost/127.0.0.1:8084]}, [connected])
10:13:40.516 [reactor-http-nio-3] DEBUG reactor.netty.resources.PooledConnectionProvider - [id: 0x8624e492, L:/127.0.0.1:50728 - R:localhost/127.0.0.1:8084] onStateChange(GET{uri=/, connection=PooledConnection{channel=[id: 0x8624e492, L:/127.0.0.1:50728 - R:localhost/127.0.0.1:8084]}}, [configured])
10:13:40.516 [reactor-http-nio-3] DEBUG reactor.netty.resources.PooledConnectionProvider - [id: 0xce654a47] Created new pooled channel, now 26 active connections and 12 inactive connections
10:13:40.517 [reactor-http-nio-3] DEBUG reactor.netty.channel.BootstrapHandlers - [id: 0xce654a47] Initialized pipeline DefaultChannelPipeline{(BootstrapHandlers$BootstrapInitializerHandler#0 = reactor.netty.channel.BootstrapHandlers$BootstrapInitializerHandler), (SimpleChannelPool$1#0 = io.netty.channel.pool.SimpleChannelPool$1), (reactor.left.httpCodec = io.netty.handler.codec.http.HttpClientCodec), (reactor.left.decompressor = io.netty.handler.codec.http.HttpContentDecompressor), (reactor.right.reactiveBridge = reactor.netty.channel.ChannelOperationsHandler)}
10:13:40.517 [reactor-http-nio-3] DEBUG reactor.netty.resources.PooledConnectionProvider - [id: 0xb1ebf2b6] Created new pooled channel, now 26 active connections and 13 inactive connections
10:13:40.517 [reactor-http-nio-3] DEBUG reactor.netty.channel.BootstrapHandlers - [id: 0xb1ebf2b6] Initialized pipeline DefaultChannelPipeline{(BootstrapHandlers$BootstrapInitializerHandler#0 = reactor.netty.channel.BootstrapHandlers$BootstrapInitializerHandler), (SimpleChannelPool$1#0 = io.netty.channel.pool.SimpleChannelPool$1), (reactor.left.httpCodec = io.netty.handler.codec.http.HttpClientCodec), (reactor.left.decompressor = io.netty.handler.codec.http.HttpContentDecompressor), (reactor.right.reactiveBridge = reactor.netty.channel.ChannelOperationsHandler)}
10:13:40.517 [reactor-http-nio-3] DEBUG reactor.netty.resources.PooledConnectionProvider - [id: 0xc156f3c0] Created new pooled channel, now 26 active connections and 14 inactive connections
10:13:40.517 [reactor-http-nio-3] DEBUG reactor.netty.channel.BootstrapHandlers - [id: 0xc156f3c0] Initialized pipeline DefaultChannelPipeline{(BootstrapHandlers$BootstrapInitializerHandler#0 = reactor.netty.channel.BootstrapHandlers$BootstrapInitializerHandler), (SimpleChannelPool$1#0 = io.netty.channel.pool.SimpleChannelPool$1), (reactor.left.httpCodec = io.netty.handler.codec.http.HttpClientCodec), (reactor.left.decompressor = io.netty.handler.codec.http.HttpContentDecompressor), (reactor.right.reactiveBridge = reactor.netty.channel.ChannelOperationsHandler)}
10:13:40.518 [reactor-http-nio-3] DEBUG reactor.netty.resources.PooledConnectionProvider - [id: 0xdeb3f006] Created new pooled channel, now 26 active connections and 15 inactive connections
10:13:40.518 [reactor-http-nio-3] DEBUG reactor.netty.channel.BootstrapHandlers - [id: 0xdeb3f006] Initialized pipeline DefaultChannelPipeline{(BootstrapHandlers$BootstrapInitializerHandler#0 = reactor.netty.channel.BootstrapHandlers$BootstrapInitializerHandler), (SimpleChannelPool$1#0 = io.netty.channel.pool.SimpleChannelPool$1), (reactor.left.httpCodec = io.netty.handler.codec.http.HttpClientCodec), (reactor.left.decompressor = io.netty.handler.codec.http.HttpContentDecompressor), (reactor.right.reactiveBridge = reactor.netty.channel.ChannelOperationsHandler)}
10:13:40.490 [pool-7-thread-49] DEBUG org.springframework.web.reactive.function.client.ExchangeFunctions - [620e05c5] HTTP GET http://localhost:8084/attractionRewardPoint?attractionId=5c7f9629-e6b9-4e12-82a9-d433dc8683cf&userId=f53672c7-078f-4c80-a598-ab2bc570a30f
10:13:40.520 [reactor-http-nio-3] DEBUG reactor.netty.http.client.HttpClientOperations - [id: 0xd9faa4fe, L:/127.0.0.1:50640 - R:localhost/127.0.0.1:8083] Received response (auto-read:false) : [Content-Type=application/json, Transfer-Encoding=chunked, Date=Tue, 07 Jun 2022 09:13:39 GMT]
10:13:40.521 [reactor-http-nio-3] DEBUG reactor.netty.resources.PooledConnectionProvider - [id: 0xd9faa4fe, L:/127.0.0.1:50640 - R:localhost/127.0.0.1:8083] onStateChange(GET{uri=/attractions, connection=PooledConnection{channel=[id: 0xd9faa4fe, L:/127.0.0.1:50640 - R:localhost/127.0.0.1:8083]}}, [response_received])
10:13:40.521 [reactor-http-nio-3] DEBUG org.springframework.web.reactive.function.client.ExchangeFunctions - [73a3a390] Response 200 OK
10:13:40.521 [reactor-http-nio-3] DEBUG reactor.netty.channel.FluxReceive - [id: 0xd9faa4fe, L:/127.0.0.1:50640 - R:localhost/127.0.0.1:8083] Subscribing inbound receiver [pending: 0, cancelled:false, inboundDone: false]
10:13:40.521 [reactor-http-nio-3] DEBUG reactor.netty.http.client.HttpClientOperations - [id: 0xd9faa4fe, L:/127.0.0.1:50640 - R:localhost/127.0.0.1:8083] Received last HTTP packet
10:13:40.521 [reactor-http-nio-3] DEBUG org.springframework.core.codec.StringDecoder - [73a3a390] Decoded "[{"longitude":-117.922008,"latitude":33.817595,"attractionName":"Disneyland","city":"Anaheim","stat (truncated)...
10:13:40.521 [reactor-http-nio-3] DEBUG reactor.netty.resources.PooledConnectionProvider - [id: 0xd9faa4fe, L:/127.0.0.1:50640 - R:localhost/127.0.0.1:8083] onStateChange(GET{uri=/attractions, connection=PooledConnection{channel=[id: 0xd9faa4fe, L:/127.0.0.1:50640 - R:localhost/127.0.0.1:8083]}}, [disconnecting])
10:13:40.521 [reactor-http-nio-3] DEBUG reactor.netty.resources.PooledConnectionProvider - [id: 0xd9faa4fe, L:/127.0.0.1:50640 - R:localhost/127.0.0.1:8083] Releasing channel
10:13:40.522 [reactor-http-nio-3] DEBUG reactor.netty.resources.PooledConnectionProvider - [id: 0xd9faa4fe, L:/127.0.0.1:50640 - R:localhost/127.0.0.1:8083] Channel cleaned, now 36 active connections and 55 inactive connections
10:13:40.522 [reactor-http-nio-3] DEBUG reactor.netty.http.client.HttpClientOperations - [id: 0x066048e0, L:/127.0.0.1:50650 - R:localhost/127.0.0.1:8083] Received response (auto-read:false) : [Content-Type=application/json, Transfer-Encoding=chunked, Date=Tue, 07 Jun 2022 09:13:39 GMT]
10:13:40.522 [reactor-http-nio-3] DEBUG reactor.netty.resources.PooledConnectionProvider - [id: 0x066048e0, L:/127.0.0.1:50650 - R:localhost/127.0.0.1:8083] onStateChange(GET{uri=/attractions, connection=PooledConnection{channel=[id: 0x066048e0, L:/127.0.0.1:50650 - R:localhost/127.0.0.1:8083]}}, [response_received])
10:13:40.522 [pool-7-thread-48] DEBUG org.springframework.web.reactive.function.client.ExchangeFunctions - [29a6f1d4] HTTP GET http://localhost:8084/attractionRewardPoint?attractionId=2345652d-679d-4e87-b59d-3db70fcc406a&userId=f1a958f1-a203-4c4d-b774-af42ad526b42
10:13:40.522 [reactor-http-nio-3] DEBUG org.springframework.web.reactive.function.client.ExchangeFunctions - [5c51c192] Response 200 OK
10:13:40.522 [pool-7-thread-40] DEBUG org.springframework.web.reactive.function.client.ExchangeFunctions - [4cf00b42] HTTP GET http://localhost:8084/attractionRewardPoint?attractionId=b0f1b646-d5d8-44d9-9702-58b8550bab1e&userId=3c12dfd5-6c6f-4675-9423-be11492536da
10:13:40.522 [reactor-http-nio-3] DEBUG reactor.netty.channel.FluxReceive - [id: 0x066048e0, L:/127.0.0.1:50650 - R:localhost/127.0.0.1:8083] Subscribing inbound receiver [pending: 0, cancelled:false, inboundDone: false]
10:13:40.522 [reactor-http-nio-3] DEBUG reactor.netty.http.client.HttpClientOperations - [id: 0x066048e0, L:/127.0.0.1:50650 - R:localhost/127.0.0.1:8083] Received last HTTP packet
10:13:40.522 [reactor-http-nio-3] DEBUG org.springframework.core.codec.StringDecoder - [5c51c192] Decoded "[{"longitude":-117.922008,"latitude":33.817595,"attractionName":"Disneyland","city":"Anaheim","stat (truncated)...
10:13:40.522 [reactor-http-nio-3] DEBUG reactor.netty.resources.PooledConnectionProvider - [id: 0x066048e0, L:/127.0.0.1:50650 - R:localhost/127.0.0.1:8083] onStateChange(GET{uri=/attractions, connection=PooledConnection{channel=[id: 0x066048e0, L:/127.0.0.1:50650 - R:localhost/127.0.0.1:8083]}}, [disconnecting])
10:13:40.523 [reactor-http-nio-3] DEBUG reactor.netty.resources.PooledConnectionProvider - [id: 0x066048e0, L:/127.0.0.1:50650 - R:localhost/127.0.0.1:8083] Releasing channel
10:13:40.523 [reactor-http-nio-3] DEBUG reactor.netty.resources.PooledConnectionProvider - [id: 0x066048e0, L:/127.0.0.1:50650 - R:localhost/127.0.0.1:8083] Channel cleaned, now 35 active connections and 56 inactive connections
10:13:40.523 [reactor-http-nio-3] DEBUG reactor.netty.http.client.HttpClientOperations - [id: 0x8480b771, L:/127.0.0.1:50651 - R:localhost/127.0.0.1:8083] Received response (auto-read:false) : [Content-Type=application/json, Transfer-Encoding=chunked, Date=Tue, 07 Jun 2022 09:13:39 GMT]
10:13:40.523 [reactor-http-nio-3] DEBUG reactor.netty.resources.PooledConnectionProvider - [id: 0x8480b771, L:/127.0.0.1:50651 - R:localhost/127.0.0.1:8083] onStateChange(GET{uri=/attractions, connection=PooledConnection{channel=[id: 0x8480b771, L:/127.0.0.1:50651 - R:localhost/127.0.0.1:8083]}}, [response_received])
10:13:40.523 [reactor-http-nio-3] DEBUG org.springframework.web.reactive.function.client.ExchangeFunctions - [7dacaa1] Response 200 OK
10:13:40.523 [reactor-http-nio-3] DEBUG reactor.netty.channel.FluxReceive - [id: 0x8480b771, L:/127.0.0.1:50651 - R:localhost/127.0.0.1:8083] Subscribing inbound receiver [pending: 0, cancelled:false, inboundDone: false]
10:13:40.524 [reactor-http-nio-3] DEBUG reactor.netty.http.client.HttpClientOperations - [id: 0x8480b771, L:/127.0.0.1:50651 - R:localhost/127.0.0.1:8083] Received last HTTP packet
10:13:40.524 [reactor-http-nio-3] DEBUG org.springframework.core.codec.StringDecoder - [7dacaa1] Decoded "[{"longitude":-117.922008,"latitude":33.817595,"attractionName":"Disneyland","city":"Anaheim","stat (truncated)...
10:13:40.492 [reactor-http-nio-4] DEBUG reactor.netty.resources.PooledConnectionProvider - [id: 0x9da3c0e2, L:/127.0.0.1:50727 - R:localhost/127.0.0.1:8084] Channel connected, now 26 active connections and 9 inactive connections
10:13:40.524 [reactor-http-nio-3] DEBUG reactor.netty.resources.PooledConnectionProvider - [id: 0x8480b771, L:/127.0.0.1:50651 - R:localhost/127.0.0.1:8083] onStateChange(GET{uri=/attractions, connection=PooledConnection{channel=[id: 0x8480b771, L:/127.0.0.1:50651 - R:localhost/127.0.0.1:8083]}}, [disconnecting])
10:13:40.524 [reactor-http-nio-3] DEBUG reactor.netty.resources.PooledConnectionProvider - [id: 0x8480b771, L:/127.0.0.1:50651 - R:localhost/127.0.0.1:8083] Releasing channel
10:13:40.524 [reactor-http-nio-3] DEBUG reactor.netty.resources.PooledConnectionProvider - [id: 0x8480b771, L:/127.0.0.1:50651 - R:localhost/127.0.0.1:8083] Channel cleaned, now 34 active connections and 57 inactive connections
10:13:40.524 [reactor-http-nio-3] DEBUG reactor.netty.http.client.HttpClientOperations - [id: 0x3304da66, L:/127.0.0.1:50653 - R:localhost/127.0.0.1:8083] Received response (auto-read:false) : [Content-Type=application/json, Transfer-Encoding=chunked, Date=Tue, 07 Jun 2022 09:13:39 GMT]
10:13:40.524 [reactor-http-nio-3] DEBUG reactor.netty.resources.PooledConnectionProvider - [id: 0x3304da66, L:/127.0.0.1:50653 - R:localhost/127.0.0.1:8083] onStateChange(GET{uri=/attractions, connection=PooledConnection{channel=[id: 0x3304da66, L:/127.0.0.1:50653 - R:localhost/127.0.0.1:8083]}}, [response_received])
10:13:40.524 [reactor-http-nio-3] DEBUG org.springframework.web.reactive.function.client.ExchangeFunctions - [6451e20e] Response 200 OK
10:13:40.524 [reactor-http-nio-4] DEBUG reactor.netty.resources.PooledConnectionProvider - [id: 0xa3e8f735] Created new pooled channel, now 26 active connections and 16 inactive connections
10:13:40.525 [reactor-http-nio-4] DEBUG reactor.netty.channel.BootstrapHandlers - [id: 0xa3e8f735] Initialized pipeline DefaultChannelPipeline{(BootstrapHandlers$BootstrapInitializerHandler#0 = reactor.netty.channel.BootstrapHandlers$BootstrapInitializerHandler), (SimpleChannelPool$1#0 = io.netty.channel.pool.SimpleChannelPool$1), (reactor.left.httpCodec = io.netty.handler.codec.http.HttpClientCodec), (reactor.left.decompressor = io.netty.handler.codec.http.HttpContentDecompressor), (reactor.right.reactiveBridge = reactor.netty.channel.ChannelOperationsHandler)}
10:13:40.526 [reactor-http-nio-4] DEBUG reactor.netty.resources.PooledConnectionProvider - [id: 0x833e183a] Created new pooled channel, now 26 active connections and 17 inactive connections
10:13:40.526 [reactor-http-nio-4] DEBUG reactor.netty.channel.BootstrapHandlers - [id: 0x833e183a] Initialized pipeline DefaultChannelPipeline{(BootstrapHandlers$BootstrapInitializerHandler#0 = reactor.netty.channel.BootstrapHandlers$BootstrapInitializerHandler), (SimpleChannelPool$1#0 = io.netty.channel.pool.SimpleChannelPool$1), (reactor.left.httpCodec = io.netty.handler.codec.http.HttpClientCodec), (reactor.left.decompressor = io.netty.handler.codec.http.HttpContentDecompressor), (reactor.right.reactiveBridge = reactor.netty.channel.ChannelOperationsHandler)}
10:13:40.527 [pool-7-thread-64] DEBUG org.springframework.web.reactive.function.client.ExchangeFunctions - [7d644394] HTTP GET http://localhost:8084/attractionRewardPoint?attractionId=ece418b1-b11f-4214-a308-83aab536806d&userId=264d1239-dff1-4213-b80e-964cbda3e012
10:13:40.527 [reactor-http-nio-4] DEBUG reactor.netty.resources.PooledConnectionProvider - [id: 0x004c7bc8] Created new pooled channel, now 26 active connections and 18 inactive connections
10:13:40.527 [reactor-http-nio-4] DEBUG reactor.netty.channel.BootstrapHandlers - [id: 0x004c7bc8] Initialized pipeline DefaultChannelPipeline{(BootstrapHandlers$BootstrapInitializerHandler#0 = reactor.netty.channel.BootstrapHandlers$BootstrapInitializerHandler), (SimpleChannelPool$1#0 = io.netty.channel.pool.SimpleChannelPool$1), (reactor.left.httpCodec = io.netty.handler.codec.http.HttpClientCodec), (reactor.left.decompressor = io.netty.handler.codec.http.HttpContentDecompressor), (reactor.right.reactiveBridge = reactor.netty.channel.ChannelOperationsHandler)}
10:13:40.527 [reactor-http-nio-4] DEBUG reactor.netty.resources.PooledConnectionProvider - [id: 0x4f049100] Created new pooled channel, now 26 active connections and 19 inactive connections
10:13:40.527 [reactor-http-nio-4] DEBUG reactor.netty.channel.BootstrapHandlers - [id: 0x4f049100] Initialized pipeline DefaultChannelPipeline{(BootstrapHandlers$BootstrapInitializerHandler#0 = reactor.netty.channel.BootstrapHandlers$BootstrapInitializerHandler), (SimpleChannelPool$1#0 = io.netty.channel.pool.SimpleChannelPool$1), (reactor.left.httpCodec = io.netty.handler.codec.http.HttpClientCodec), (reactor.left.decompressor = io.netty.handler.codec.http.HttpContentDecompressor), (reactor.right.reactiveBridge = reactor.netty.channel.ChannelOperationsHandler)}
10:13:40.527 [reactor-http-nio-4] DEBUG reactor.netty.resources.PooledConnectionProvider - [id: 0x3561b8ef] Created new pooled channel, now 26 active connections and 20 inactive connections
10:13:40.528 [reactor-http-nio-4] DEBUG reactor.netty.channel.BootstrapHandlers - [id: 0x3561b8ef] Initialized pipeline DefaultChannelPipeline{(BootstrapHandlers$BootstrapInitializerHandler#0 = reactor.netty.channel.BootstrapHandlers$BootstrapInitializerHandler), (SimpleChannelPool$1#0 = io.netty.channel.pool.SimpleChannelPool$1), (reactor.left.httpCodec = io.netty.handler.codec.http.HttpClientCodec), (reactor.left.decompressor = io.netty.handler.codec.http.HttpContentDecompressor), (reactor.right.reactiveBridge = reactor.netty.channel.ChannelOperationsHandler)}
10:13:40.529 [pool-7-thread-70] DEBUG org.springframework.web.reactive.function.client.ExchangeFunctions - [52962468] HTTP GET http://localhost:8084/attractionRewardPoint?attractionId=e7b42292-20e7-452c-87cb-557a37d7da79&userId=3ef9d21f-9f1a-4332-9b8c-0bf168c8ef50
10:13:40.531 [reactor-http-nio-4] DEBUG reactor.netty.resources.PooledConnectionProvider - [id: 0x3255e1df] Created new pooled channel, now 26 active connections and 21 inactive connections
10:13:40.531 [reactor-http-nio-4] DEBUG reactor.netty.channel.BootstrapHandlers - [id: 0x3255e1df] Initialized pipeline DefaultChannelPipeline{(BootstrapHandlers$BootstrapInitializerHandler#0 = reactor.netty.channel.BootstrapHandlers$BootstrapInitializerHandler), (SimpleChannelPool$1#0 = io.netty.channel.pool.SimpleChannelPool$1), (reactor.left.httpCodec = io.netty.handler.codec.http.HttpClientCodec), (reactor.left.decompressor = io.netty.handler.codec.http.HttpContentDecompressor), (reactor.right.reactiveBridge = reactor.netty.channel.ChannelOperationsHandler)}
10:13:40.533 [reactor-http-nio-4] DEBUG reactor.netty.http.client.HttpClientOperations - [id: 0x1694d70f, L:/127.0.0.1:50610 - R:localhost/127.0.0.1:8083] Received response (auto-read:false) : [Content-Type=application/json, Transfer-Encoding=chunked, Date=Tue, 07 Jun 2022 09:13:39 GMT]
10:13:40.533 [reactor-http-nio-4] DEBUG reactor.netty.resources.PooledConnectionProvider - [id: 0x1694d70f, L:/127.0.0.1:50610 - R:localhost/127.0.0.1:8083] onStateChange(GET{uri=/attractions, connection=PooledConnection{channel=[id: 0x1694d70f, L:/127.0.0.1:50610 - R:localhost/127.0.0.1:8083]}}, [response_received])
10:13:40.533 [reactor-http-nio-4] DEBUG org.springframework.web.reactive.function.client.ExchangeFunctions - [1a10bd01] Response 200 OK
10:13:40.533 [reactor-http-nio-4] DEBUG reactor.netty.channel.FluxReceive - [id: 0x1694d70f, L:/127.0.0.1:50610 - R:localhost/127.0.0.1:8083] Subscribing inbound receiver [pending: 0, cancelled:false, inboundDone: false]
10:13:40.534 [reactor-http-nio-4] DEBUG reactor.netty.http.client.HttpClientOperations - [id: 0x1694d70f, L:/127.0.0.1:50610 - R:localhost/127.0.0.1:8083] Received last HTTP packet
10:13:40.534 [reactor-http-nio-4] DEBUG org.springframework.core.codec.StringDecoder - [1a10bd01] Decoded "[{"longitude":-117.922008,"latitude":33.817595,"attractionName":"Disneyland","city":"Anaheim","stat (truncated)...
10:13:40.534 [reactor-http-nio-4] DEBUG reactor.netty.resources.PooledConnectionProvider - [id: 0x1694d70f, L:/127.0.0.1:50610 - R:localhost/127.0.0.1:8083] onStateChange(GET{uri=/attractions, connection=PooledConnection{channel=[id: 0x1694d70f, L:/127.0.0.1:50610 - R:localhost/127.0.0.1:8083]}}, [disconnecting])
10:13:40.534 [reactor-http-nio-4] DEBUG reactor.netty.resources.PooledConnectionProvider - [id: 0x1694d70f, L:/127.0.0.1:50610 - R:localhost/127.0.0.1:8083] Releasing channel
10:13:40.534 [reactor-http-nio-4] DEBUG reactor.netty.resources.PooledConnectionProvider - [id: 0x1694d70f, L:/127.0.0.1:50610 - R:localhost/127.0.0.1:8083] Channel cleaned, now 33 active connections and 58 inactive connections
10:13:40.535 [reactor-http-nio-4] DEBUG reactor.netty.http.client.HttpClientOperations - [id: 0xffcbc3fa, L:/127.0.0.1:50617 - R:localhost/127.0.0.1:8083] Received last HTTP packet
10:13:40.535 [reactor-http-nio-4] DEBUG org.springframework.core.codec.StringDecoder - [16000241] Decoded "[{"longitude":-117.922008,"latitude":33.817595,"attractionName":"Disneyland","city":"Anaheim","stat (truncated)...
10:13:40.535 [reactor-http-nio-4] DEBUG reactor.netty.resources.PooledConnectionProvider - [id: 0xffcbc3fa, L:/127.0.0.1:50617 - R:localhost/127.0.0.1:8083] onStateChange(GET{uri=/attractions, connection=PooledConnection{channel=[id: 0xffcbc3fa, L:/127.0.0.1:50617 - R:localhost/127.0.0.1:8083]}}, [disconnecting])
10:13:40.535 [reactor-http-nio-4] DEBUG reactor.netty.resources.PooledConnectionProvider - [id: 0xffcbc3fa, L:/127.0.0.1:50617 - R:localhost/127.0.0.1:8083] Releasing channel
10:13:40.535 [reactor-http-nio-4] DEBUG reactor.netty.resources.PooledConnectionProvider - [id: 0xffcbc3fa, L:/127.0.0.1:50617 - R:localhost/127.0.0.1:8083] Channel cleaned, now 32 active connections and 59 inactive connections
10:13:40.535 [reactor-http-nio-4] DEBUG reactor.netty.http.client.HttpClientOperations - [id: 0x5fcffdd2, L:/127.0.0.1:50637 - R:localhost/127.0.0.1:8083] Received response (auto-read:false) : [Content-Type=application/json, Transfer-Encoding=chunked, Date=Tue, 07 Jun 2022 09:13:39 GMT]
10:13:40.535 [reactor-http-nio-4] DEBUG reactor.netty.resources.PooledConnectionProvider - [id: 0x5fcffdd2, L:/127.0.0.1:50637 - R:localhost/127.0.0.1:8083] onStateChange(GET{uri=/attractions, connection=PooledConnection{channel=[id: 0x5fcffdd2, L:/127.0.0.1:50637 - R:localhost/127.0.0.1:8083]}}, [response_received])
10:13:40.535 [reactor-http-nio-4] DEBUG org.springframework.web.reactive.function.client.ExchangeFunctions - [1f5d1af6] Response 200 OK
10:13:40.507 [pool-7-thread-38] DEBUG org.springframework.web.reactive.function.client.ExchangeFunctions - [57ec27e5] HTTP GET http://localhost:8084/attractionRewardPoint?attractionId=59bdd39e-643c-4718-928d-39f6bfbc70db&userId=4a96be0f-4316-4f65-854c-cae190c3afb9
10:13:40.536 [reactor-http-nio-4] DEBUG reactor.netty.channel.FluxReceive - [id: 0x5fcffdd2, L:/127.0.0.1:50637 - R:localhost/127.0.0.1:8083] Subscribing inbound receiver [pending: 0, cancelled:false, inboundDone: false]
10:13:40.536 [reactor-http-nio-4] DEBUG reactor.netty.http.client.HttpClientOperations - [id: 0x5fcffdd2, L:/127.0.0.1:50637 - R:localhost/127.0.0.1:8083] Received last HTTP packet
10:13:40.536 [reactor-http-nio-4] DEBUG org.springframework.core.codec.StringDecoder - [1f5d1af6] Decoded "[{"longitude":-117.922008,"latitude":33.817595,"attractionName":"Disneyland","city":"Anaheim","stat (truncated)...
10:13:40.536 [reactor-http-nio-4] DEBUG reactor.netty.resources.PooledConnectionProvider - [id: 0x5fcffdd2, L:/127.0.0.1:50637 - R:localhost/127.0.0.1:8083] onStateChange(GET{uri=/attractions, connection=PooledConnection{channel=[id: 0x5fcffdd2, L:/127.0.0.1:50637 - R:localhost/127.0.0.1:8083]}}, [disconnecting])
10:13:40.536 [reactor-http-nio-4] DEBUG reactor.netty.resources.PooledConnectionProvider - [id: 0x5fcffdd2, L:/127.0.0.1:50637 - R:localhost/127.0.0.1:8083] Releasing channel
10:13:40.536 [reactor-http-nio-4] DEBUG reactor.netty.resources.PooledConnectionProvider - [id: 0x5fcffdd2, L:/127.0.0.1:50637 - R:localhost/127.0.0.1:8083] Channel cleaned, now 31 active connections and 60 inactive connections
10:13:40.536 [reactor-http-nio-4] DEBUG reactor.netty.http.client.HttpClientOperations - [id: 0x16ab4917, L:/127.0.0.1:50678 - R:localhost/127.0.0.1:8083] Received response (auto-read:false) : [Content-Type=application/json, Transfer-Encoding=chunked, Date=Tue, 07 Jun 2022 09:13:39 GMT]
10:13:40.536 [reactor-http-nio-4] DEBUG reactor.netty.resources.PooledConnectionProvider - [id: 0x16ab4917, L:/127.0.0.1:50678 - R:localhost/127.0.0.1:8083] onStateChange(GET{uri=/attractions, connection=PooledConnection{channel=[id: 0x16ab4917, L:/127.0.0.1:50678 - R:localhost/127.0.0.1:8083]}}, [response_received])
10:13:40.536 [reactor-http-nio-4] DEBUG org.springframework.web.reactive.function.client.ExchangeFunctions - [3ac9804d] Response 200 OK
10:13:40.537 [reactor-http-nio-4] DEBUG reactor.netty.channel.FluxReceive - [id: 0x16ab4917, L:/127.0.0.1:50678 - R:localhost/127.0.0.1:8083] Subscribing inbound receiver [pending: 0, cancelled:false, inboundDone: false]
10:13:40.537 [reactor-http-nio-4] DEBUG reactor.netty.http.client.HttpClientOperations - [id: 0x16ab4917, L:/127.0.0.1:50678 - R:localhost/127.0.0.1:8083] Received last HTTP packet
10:13:40.537 [reactor-http-nio-4] DEBUG org.springframework.core.codec.StringDecoder - [3ac9804d] Decoded "[{"longitude":-117.922008,"latitude":33.817595,"attractionName":"Disneyland","city":"Anaheim","stat (truncated)...
10:13:40.537 [reactor-http-nio-4] DEBUG reactor.netty.resources.PooledConnectionProvider - [id: 0x16ab4917, L:/127.0.0.1:50678 - R:localhost/127.0.0.1:8083] onStateChange(GET{uri=/attractions, connection=PooledConnection{channel=[id: 0x16ab4917, L:/127.0.0.1:50678 - R:localhost/127.0.0.1:8083]}}, [disconnecting])
10:13:40.537 [reactor-http-nio-4] DEBUG reactor.netty.resources.PooledConnectionProvider - [id: 0x16ab4917, L:/127.0.0.1:50678 - R:localhost/127.0.0.1:8083] Releasing channel
10:13:40.537 [reactor-http-nio-4] DEBUG reactor.netty.resources.PooledConnectionProvider - [id: 0x16ab4917, L:/127.0.0.1:50678 - R:localhost/127.0.0.1:8083] Channel cleaned, now 30 active connections and 61 inactive connections
10:13:40.538 [reactor-http-nio-4] DEBUG reactor.netty.resources.PooledConnectionProvider - [id: 0x30b9c15a, L:/127.0.0.1:50740 - R:localhost/127.0.0.1:8084] onStateChange(PooledConnection{channel=[id: 0x30b9c15a, L:/127.0.0.1:50740 - R:localhost/127.0.0.1:8084]}, [connected])
10:13:40.538 [reactor-http-nio-4] DEBUG reactor.netty.resources.PooledConnectionProvider - [id: 0x30b9c15a, L:/127.0.0.1:50740 - R:localhost/127.0.0.1:8084] onStateChange(GET{uri=/, connection=PooledConnection{channel=[id: 0x30b9c15a, L:/127.0.0.1:50740 - R:localhost/127.0.0.1:8084]}}, [configured])
10:13:40.538 [reactor-http-nio-4] DEBUG reactor.netty.resources.PooledConnectionProvider - [id: 0xa3e8f735, L:/127.0.0.1:50741 - R:localhost/127.0.0.1:8084] onStateChange(PooledConnection{channel=[id: 0xa3e8f735, L:/127.0.0.1:50741 - R:localhost/127.0.0.1:8084]}, [connected])
10:13:40.538 [reactor-http-nio-4] DEBUG reactor.netty.resources.PooledConnectionProvider - [id: 0xa3e8f735, L:/127.0.0.1:50741 - R:localhost/127.0.0.1:8084] onStateChange(GET{uri=/, connection=PooledConnection{channel=[id: 0xa3e8f735, L:/127.0.0.1:50741 - R:localhost/127.0.0.1:8084]}}, [configured])
10:13:40.538 [reactor-http-nio-4] DEBUG reactor.netty.resources.PooledConnectionProvider - [id: 0x833e183a, L:/127.0.0.1:50742 - R:localhost/127.0.0.1:8084] onStateChange(PooledConnection{channel=[id: 0x833e183a, L:/127.0.0.1:50742 - R:localhost/127.0.0.1:8084]}, [connected])
10:13:40.538 [reactor-http-nio-4] DEBUG reactor.netty.resources.PooledConnectionProvider - [id: 0x833e183a, L:/127.0.0.1:50742 - R:localhost/127.0.0.1:8084] onStateChange(GET{uri=/, connection=PooledConnection{channel=[id: 0x833e183a, L:/127.0.0.1:50742 - R:localhost/127.0.0.1:8084]}}, [configured])
10:13:40.538 [reactor-http-nio-4] DEBUG reactor.netty.resources.PooledConnectionProvider - [id: 0x004c7bc8, L:/127.0.0.1:50743 - R:localhost/127.0.0.1:8084] onStateChange(PooledConnection{channel=[id: 0x004c7bc8, L:/127.0.0.1:50743 - R:localhost/127.0.0.1:8084]}, [connected])
10:13:40.538 [reactor-http-nio-4] DEBUG reactor.netty.resources.PooledConnectionProvider - [id: 0x004c7bc8, L:/127.0.0.1:50743 - R:localhost/127.0.0.1:8084] onStateChange(GET{uri=/, connection=PooledConnection{channel=[id: 0x004c7bc8, L:/127.0.0.1:50743 - R:localhost/127.0.0.1:8084]}}, [configured])
10:13:40.538 [reactor-http-nio-4] DEBUG reactor.netty.resources.PooledConnectionProvider - [id: 0x4f049100, L:/127.0.0.1:50744 - R:localhost/127.0.0.1:8084] onStateChange(PooledConnection{channel=[id: 0x4f049100, L:/127.0.0.1:50744 - R:localhost/127.0.0.1:8084]}, [connected])
10:13:40.538 [reactor-http-nio-4] DEBUG reactor.netty.resources.PooledConnectionProvider - [id: 0x4f049100, L:/127.0.0.1:50744 - R:localhost/127.0.0.1:8084] onStateChange(GET{uri=/, connection=PooledConnection{channel=[id: 0x4f049100, L:/127.0.0.1:50744 - R:localhost/127.0.0.1:8084]}}, [configured])
10:13:40.538 [reactor-http-nio-4] DEBUG reactor.netty.resources.PooledConnectionProvider - [id: 0x3561b8ef, L:/127.0.0.1:50745 - R:localhost/127.0.0.1:8084] onStateChange(PooledConnection{channel=[id: 0x3561b8ef, L:/127.0.0.1:50745 - R:localhost/127.0.0.1:8084]}, [connected])
10:13:40.538 [reactor-http-nio-4] DEBUG reactor.netty.resources.PooledConnectionProvider - [id: 0x3561b8ef, L:/127.0.0.1:50745 - R:localhost/127.0.0.1:8084] onStateChange(GET{uri=/, connection=PooledConnection{channel=[id: 0x3561b8ef, L:/127.0.0.1:50745 - R:localhost/127.0.0.1:8084]}}, [configured])
10:13:40.538 [reactor-http-nio-4] DEBUG reactor.netty.resources.PooledConnectionProvider - [id: 0x3255e1df, L:/127.0.0.1:50746 - R:localhost/127.0.0.1:8084] onStateChange(PooledConnection{channel=[id: 0x3255e1df, L:/127.0.0.1:50746 - R:localhost/127.0.0.1:8084]}, [connected])
10:13:40.538 [reactor-http-nio-4] DEBUG reactor.netty.resources.PooledConnectionProvider - [id: 0x3255e1df, L:/127.0.0.1:50746 - R:localhost/127.0.0.1:8084] onStateChange(GET{uri=/, connection=PooledConnection{channel=[id: 0x3255e1df, L:/127.0.0.1:50746 - R:localhost/127.0.0.1:8084]}}, [configured])
10:13:40.539 [pool-7-thread-67] DEBUG org.springframework.web.reactive.function.client.ExchangeFunctions - [14d74033] HTTP GET http://localhost:8084/attractionRewardPoint?attractionId=12644e11-9f64-4029-b1f7-7d257c6a12f2&userId=dcf5c949-212e-4023-8c99-d09229d2d7cc
10:13:40.508 [pool-7-thread-53] DEBUG org.springframework.web.reactive.function.client.ExchangeFunctions - [38591363] HTTP GET http://localhost:8084/attractionRewardPoint?attractionId=d129dc74-9d9f-44f4-9ac6-ff1bc1987fc2&userId=fa185121-64d3-4696-b69d-d12fefbdd2e1
10:13:40.540 [pool-7-thread-63] DEBUG org.springframework.web.reactive.function.client.ExchangeFunctions - [18c7fef1] HTTP GET http://localhost:8084/attractionRewardPoint?attractionId=d1e83fa2-2339-44da-80e4-a5a89272f5a7&userId=40f506ec-ed53-40a4-ad8a-523578eb41ce
10:13:40.540 [pool-7-thread-59] DEBUG org.springframework.web.reactive.function.client.ExchangeFunctions - [119af76d] HTTP GET http://localhost:8084/attractionRewardPoint?attractionId=e60aad2a-bb6c-43f7-a2ae-7c01a5c4a5a5&userId=f9b664db-ddb4-4cb3-9c2f-21dcdc3814f0
10:13:40.509 [reactor-http-nio-1] DEBUG reactor.netty.resources.PooledConnectionProvider - [id: 0x3e00cca6, L:/127.0.0.1:50729 - R:localhost/127.0.0.1:8084] onStateChange(GET{uri=/, connection=PooledConnection{channel=[id: 0x3e00cca6, L:/127.0.0.1:50729 - R:localhost/127.0.0.1:8084]}}, [configured])
10:13:40.513 [reactor-http-nio-2] DEBUG reactor.netty.resources.PooledConnectionProvider - [id: 0xfff007b6, L:/127.0.0.1:50626 - R:localhost/127.0.0.1:8083] onStateChange(GET{uri=/attractions, connection=PooledConnection{channel=[id: 0xfff007b6, L:/127.0.0.1:50626 - R:localhost/127.0.0.1:8083]}}, [request_sent])
10:13:40.541 [reactor-http-nio-1] DEBUG reactor.netty.resources.PooledConnectionProvider - [id: 0x1640c7be, L:/127.0.0.1:50730 - R:localhost/127.0.0.1:8084] onStateChange(PooledConnection{channel=[id: 0x1640c7be, L:/127.0.0.1:50730 - R:localhost/127.0.0.1:8084]}, [connected])
10:13:40.541 [reactor-http-nio-2] DEBUG reactor.netty.resources.PooledConnectionProvider - [id: 0x254a87ce, L:/127.0.0.1:50632 - R:localhost/127.0.0.1:8083] Channel acquired, now 31 active connections and 60 inactive connections
10:13:40.541 [reactor-http-nio-1] DEBUG reactor.netty.resources.PooledConnectionProvider - [id: 0x1640c7be, L:/127.0.0.1:50730 - R:localhost/127.0.0.1:8084] onStateChange(GET{uri=/, connection=PooledConnection{channel=[id: 0x1640c7be, L:/127.0.0.1:50730 - R:localhost/127.0.0.1:8084]}}, [configured])
10:13:40.542 [reactor-http-nio-2] DEBUG reactor.netty.http.client.HttpClientConnect - [id: 0x254a87ce, L:/127.0.0.1:50632 - R:localhost/127.0.0.1:8083] Handler is being applied: {uri=http://localhost:8083/attractions, method=GET}
10:13:40.542 [reactor-http-nio-1] DEBUG reactor.netty.resources.PooledConnectionProvider - [id: 0x62e81799, L:/127.0.0.1:50731 - R:localhost/127.0.0.1:8084] onStateChange(PooledConnection{channel=[id: 0x62e81799, L:/127.0.0.1:50731 - R:localhost/127.0.0.1:8084]}, [connected])
10:13:40.542 [reactor-http-nio-1] DEBUG reactor.netty.resources.PooledConnectionProvider - [id: 0x62e81799, L:/127.0.0.1:50731 - R:localhost/127.0.0.1:8084] onStateChange(GET{uri=/, connection=PooledConnection{channel=[id: 0x62e81799, L:/127.0.0.1:50731 - R:localhost/127.0.0.1:8084]}}, [configured])
10:13:40.542 [reactor-http-nio-1] DEBUG reactor.netty.resources.PooledConnectionProvider - [id: 0xeed71bdb, L:/127.0.0.1:50732 - R:localhost/127.0.0.1:8084] onStateChange(PooledConnection{channel=[id: 0xeed71bdb, L:/127.0.0.1:50732 - R:localhost/127.0.0.1:8084]}, [connected])
10:13:40.542 [reactor-http-nio-1] DEBUG reactor.netty.resources.PooledConnectionProvider - [id: 0xeed71bdb, L:/127.0.0.1:50732 - R:localhost/127.0.0.1:8084] onStateChange(GET{uri=/, connection=PooledConnection{channel=[id: 0xeed71bdb, L:/127.0.0.1:50732 - R:localhost/127.0.0.1:8084]}}, [configured])
10:13:40.543 [reactor-http-nio-1] DEBUG reactor.netty.resources.PooledConnectionProvider - [id: 0x75560c92] Created new pooled channel, now 26 active connections and 22 inactive connections
10:13:40.543 [reactor-http-nio-1] DEBUG reactor.netty.channel.BootstrapHandlers - [id: 0x75560c92] Initialized pipeline DefaultChannelPipeline{(BootstrapHandlers$BootstrapInitializerHandler#0 = reactor.netty.channel.BootstrapHandlers$BootstrapInitializerHandler), (SimpleChannelPool$1#0 = io.netty.channel.pool.SimpleChannelPool$1), (reactor.left.httpCodec = io.netty.handler.codec.http.HttpClientCodec), (reactor.left.decompressor = io.netty.handler.codec.http.HttpContentDecompressor), (reactor.right.reactiveBridge = reactor.netty.channel.ChannelOperationsHandler)}
10:13:40.543 [reactor-http-nio-2] DEBUG reactor.netty.resources.PooledConnectionProvider - [id: 0x254a87ce, L:/127.0.0.1:50632 - R:localhost/127.0.0.1:8083] onStateChange(GET{uri=/attractions, connection=PooledConnection{channel=[id: 0x254a87ce, L:/127.0.0.1:50632 - R:localhost/127.0.0.1:8083]}}, [request_sent])
10:13:40.543 [reactor-http-nio-2] DEBUG reactor.netty.resources.PooledConnectionProvider - [id: 0xa8057036, L:/127.0.0.1:50636 - R:localhost/127.0.0.1:8083] Channel acquired, now 32 active connections and 59 inactive connections
10:13:40.543 [reactor-http-nio-2] DEBUG reactor.netty.http.client.HttpClientConnect - [id: 0xa8057036, L:/127.0.0.1:50636 - R:localhost/127.0.0.1:8083] Handler is being applied: {uri=http://localhost:8083/attractions, method=GET}
10:13:40.543 [pool-7-thread-50] DEBUG org.springframework.web.reactive.function.client.ExchangeFunctions - [340e6964] HTTP GET http://localhost:8084/attractionRewardPoint?attractionId=f41b257a-d125-483b-98df-d205b187ada7&userId=8651dab1-ba25-4f33-bb80-23af3c96bcde
10:13:40.543 [reactor-http-nio-1] DEBUG reactor.netty.resources.PooledConnectionProvider - [id: 0x95683d86] Created new pooled channel, now 26 active connections and 23 inactive connections
10:13:40.543 [reactor-http-nio-1] DEBUG reactor.netty.channel.BootstrapHandlers - [id: 0x95683d86] Initialized pipeline DefaultChannelPipeline{(BootstrapHandlers$BootstrapInitializerHandler#0 = reactor.netty.channel.BootstrapHandlers$BootstrapInitializerHandler), (SimpleChannelPool$1#0 = io.netty.channel.pool.SimpleChannelPool$1), (reactor.left.httpCodec = io.netty.handler.codec.http.HttpClientCodec), (reactor.left.decompressor = io.netty.handler.codec.http.HttpContentDecompressor), (reactor.right.reactiveBridge = reactor.netty.channel.ChannelOperationsHandler)}
10:13:40.543 [reactor-http-nio-1] DEBUG reactor.netty.resources.PooledConnectionProvider - [id: 0xc183b5df] Created new pooled channel, now 26 active connections and 24 inactive connections
10:13:40.543 [reactor-http-nio-1] DEBUG reactor.netty.channel.BootstrapHandlers - [id: 0xc183b5df] Initialized pipeline DefaultChannelPipeline{(BootstrapHandlers$BootstrapInitializerHandler#0 = reactor.netty.channel.BootstrapHandlers$BootstrapInitializerHandler), (SimpleChannelPool$1#0 = io.netty.channel.pool.SimpleChannelPool$1), (reactor.left.httpCodec = io.netty.handler.codec.http.HttpClientCodec), (reactor.left.decompressor = io.netty.handler.codec.http.HttpContentDecompressor), (reactor.right.reactiveBridge = reactor.netty.channel.ChannelOperationsHandler)}
10:13:40.543 [reactor-http-nio-1] DEBUG reactor.netty.resources.PooledConnectionProvider - [id: 0xde36731e, L:/127.0.0.1:50647 - R:localhost/127.0.0.1:8083] Channel acquired, now 33 active connections and 58 inactive connections
10:13:40.544 [reactor-http-nio-1] DEBUG reactor.netty.http.client.HttpClientConnect - [id: 0xde36731e, L:/127.0.0.1:50647 - R:localhost/127.0.0.1:8083] Handler is being applied: {uri=http://localhost:8083/attractions, method=GET}
10:13:40.544 [reactor-http-nio-2] DEBUG reactor.netty.resources.PooledConnectionProvider - [id: 0xa8057036, L:/127.0.0.1:50636 - R:localhost/127.0.0.1:8083] onStateChange(GET{uri=/attractions, connection=PooledConnection{channel=[id: 0xa8057036, L:/127.0.0.1:50636 - R:localhost/127.0.0.1:8083]}}, [request_sent])
10:13:40.544 [reactor-http-nio-2] DEBUG reactor.netty.resources.PooledConnectionProvider - [id: 0xe039fca8, L:/127.0.0.1:50664 - R:localhost/127.0.0.1:8083] Channel acquired, now 34 active connections and 57 inactive connections
10:13:40.544 [reactor-http-nio-2] DEBUG reactor.netty.http.client.HttpClientConnect - [id: 0xe039fca8, L:/127.0.0.1:50664 - R:localhost/127.0.0.1:8083] Handler is being applied: {uri=http://localhost:8083/attractions, method=GET}
10:13:40.544 [reactor-http-nio-2] DEBUG reactor.netty.resources.PooledConnectionProvider - [id: 0xe039fca8, L:/127.0.0.1:50664 - R:localhost/127.0.0.1:8083] onStateChange(GET{uri=/attractions, connection=PooledConnection{channel=[id: 0xe039fca8, L:/127.0.0.1:50664 - R:localhost/127.0.0.1:8083]}}, [request_sent])
10:13:40.544 [reactor-http-nio-1] DEBUG reactor.netty.resources.PooledConnectionProvider - [id: 0xde36731e, L:/127.0.0.1:50647 - R:localhost/127.0.0.1:8083] onStateChange(GET{uri=/attractions, connection=PooledConnection{channel=[id: 0xde36731e, L:/127.0.0.1:50647 - R:localhost/127.0.0.1:8083]}}, [request_sent])
10:13:40.544 [reactor-http-nio-1] DEBUG reactor.netty.resources.PooledConnectionProvider - [id: 0x51cedde0, L:/127.0.0.1:50642 - R:localhost/127.0.0.1:8083] Channel acquired, now 35 active connections and 56 inactive connections
10:13:40.544 [reactor-http-nio-1] DEBUG reactor.netty.http.client.HttpClientConnect - [id: 0x51cedde0, L:/127.0.0.1:50642 - R:localhost/127.0.0.1:8083] Handler is being applied: {uri=http://localhost:8083/attractions, method=GET}
10:13:40.545 [reactor-http-nio-1] DEBUG reactor.netty.resources.PooledConnectionProvider - [id: 0x51cedde0, L:/127.0.0.1:50642 - R:localhost/127.0.0.1:8083] onStateChange(GET{uri=/attractions, connection=PooledConnection{channel=[id: 0x51cedde0, L:/127.0.0.1:50642 - R:localhost/127.0.0.1:8083]}}, [request_sent])
10:13:40.545 [reactor-http-nio-1] DEBUG reactor.netty.resources.PooledConnectionProvider - [id: 0x3e00cca6, L:/127.0.0.1:50729 - R:localhost/127.0.0.1:8084] Registering pool release on close event for channel
10:13:40.545 [reactor-http-nio-2] DEBUG reactor.netty.resources.PooledConnectionProvider - [id: 0x032dfe27] Created new pooled channel, now 27 active connections and 24 inactive connections
10:13:40.546 [reactor-http-nio-1] DEBUG reactor.netty.http.client.HttpClientConnect - [id: 0x3e00cca6, L:/127.0.0.1:50729 - R:localhost/127.0.0.1:8084] Handler is being applied: {uri=http://localhost:8084/attractionRewardPoint?attractionId=1f3d0099-876e-4054-9bf2-c76a07acfc0c&userId=90778aba-4a74-43d1-ac12-0c2a2f815af0, method=GET}
10:13:40.546 [reactor-http-nio-2] DEBUG reactor.netty.channel.BootstrapHandlers - [id: 0x032dfe27] Initialized pipeline DefaultChannelPipeline{(BootstrapHandlers$BootstrapInitializerHandler#0 = reactor.netty.channel.BootstrapHandlers$BootstrapInitializerHandler), (SimpleChannelPool$1#0 = io.netty.channel.pool.SimpleChannelPool$1), (reactor.left.httpCodec = io.netty.handler.codec.http.HttpClientCodec), (reactor.left.decompressor = io.netty.handler.codec.http.HttpContentDecompressor), (reactor.right.reactiveBridge = reactor.netty.channel.ChannelOperationsHandler)}
10:13:40.546 [reactor-http-nio-2] DEBUG reactor.netty.resources.PooledConnectionProvider - [id: 0x612ab57a] Created new pooled channel, now 27 active connections and 25 inactive connections
10:13:40.546 [reactor-http-nio-2] DEBUG reactor.netty.channel.BootstrapHandlers - [id: 0x612ab57a] Initialized pipeline DefaultChannelPipeline{(BootstrapHandlers$BootstrapInitializerHandler#0 = reactor.netty.channel.BootstrapHandlers$BootstrapInitializerHandler), (SimpleChannelPool$1#0 = io.netty.channel.pool.SimpleChannelPool$1), (reactor.left.httpCodec = io.netty.handler.codec.http.HttpClientCodec), (reactor.left.decompressor = io.netty.handler.codec.http.HttpContentDecompressor), (reactor.right.reactiveBridge = reactor.netty.channel.ChannelOperationsHandler)}
10:13:40.546 [reactor-http-nio-1] DEBUG reactor.netty.resources.PooledConnectionProvider - [id: 0x3e00cca6, L:/127.0.0.1:50729 - R:localhost/127.0.0.1:8084] onStateChange(GET{uri=/attractionRewardPoint?attractionId=1f3d0099-876e-4054-9bf2-c76a07acfc0c&userId=90778aba-4a74-43d1-ac12-0c2a2f815af0, connection=PooledConnection{channel=[id: 0x3e00cca6, L:/127.0.0.1:50729 - R:localhost/127.0.0.1:8084]}}, [request_sent])
10:13:40.546 [reactor-http-nio-1] DEBUG reactor.netty.resources.PooledConnectionProvider - [id: 0x3e00cca6, L:/127.0.0.1:50729 - R:localhost/127.0.0.1:8084] Channel connected, now 27 active connections and 25 inactive connections
10:13:40.547 [reactor-http-nio-2] DEBUG reactor.netty.resources.PooledConnectionProvider - [id: 0x2222e878] Created new pooled channel, now 27 active connections and 26 inactive connections
10:13:40.547 [reactor-http-nio-4] DEBUG reactor.netty.resources.PooledConnectionProvider - [id: 0x004c7bc8, L:/127.0.0.1:50743 - R:localhost/127.0.0.1:8084] Registering pool release on close event for channel
10:13:40.547 [reactor-http-nio-4] DEBUG reactor.netty.http.client.HttpClientConnect - [id: 0x004c7bc8, L:/127.0.0.1:50743 - R:localhost/127.0.0.1:8084] Handler is being applied: {uri=http://localhost:8084/attractionRewardPoint?attractionId=9d1e7774-f458-4c27-93a9-7923c4536dce&userId=f86c0c70-fb97-45b0-a2f0-f47dfe26c0d2, method=GET}
10:13:40.547 [reactor-http-nio-2] DEBUG reactor.netty.channel.BootstrapHandlers - [id: 0x2222e878] Initialized pipeline DefaultChannelPipeline{(BootstrapHandlers$BootstrapInitializerHandler#0 = reactor.netty.channel.BootstrapHandlers$BootstrapInitializerHandler), (SimpleChannelPool$1#0 = io.netty.channel.pool.SimpleChannelPool$1), (reactor.left.httpCodec = io.netty.handler.codec.http.HttpClientCodec), (reactor.left.decompressor = io.netty.handler.codec.http.HttpContentDecompressor), (reactor.right.reactiveBridge = reactor.netty.channel.ChannelOperationsHandler)}
10:13:40.547 [reactor-http-nio-2] DEBUG reactor.netty.resources.PooledConnectionProvider - [id: 0x90f70157] Created new pooled channel, now 28 active connections and 26 inactive connections
10:13:40.547 [reactor-http-nio-2] DEBUG reactor.netty.channel.BootstrapHandlers - [id: 0x90f70157] Initialized pipeline DefaultChannelPipeline{(BootstrapHandlers$BootstrapInitializerHandler#0 = reactor.netty.channel.BootstrapHandlers$BootstrapInitializerHandler), (SimpleChannelPool$1#0 = io.netty.channel.pool.SimpleChannelPool$1), (reactor.left.httpCodec = io.netty.handler.codec.http.HttpClientCodec), (reactor.left.decompressor = io.netty.handler.codec.http.HttpContentDecompressor), (reactor.right.reactiveBridge = reactor.netty.channel.ChannelOperationsHandler)}
10:13:40.547 [reactor-http-nio-1] DEBUG reactor.netty.resources.PooledConnectionProvider - [id: 0x713ad321] Created new pooled channel, now 28 active connections and 27 inactive connections
10:13:40.548 [reactor-http-nio-1] DEBUG reactor.netty.channel.BootstrapHandlers - [id: 0x713ad321] Initialized pipeline DefaultChannelPipeline{(BootstrapHandlers$BootstrapInitializerHandler#0 = reactor.netty.channel.BootstrapHandlers$BootstrapInitializerHandler), (SimpleChannelPool$1#0 = io.netty.channel.pool.SimpleChannelPool$1), (reactor.left.httpCodec = io.netty.handler.codec.http.HttpClientCodec), (reactor.left.decompressor = io.netty.handler.codec.http.HttpContentDecompressor), (reactor.right.reactiveBridge = reactor.netty.channel.ChannelOperationsHandler)}
10:13:40.548 [reactor-http-nio-1] DEBUG reactor.netty.resources.PooledConnectionProvider - [id: 0xa93b08ed] Created new pooled channel, now 28 active connections and 28 inactive connections
10:13:40.548 [reactor-http-nio-1] DEBUG reactor.netty.channel.BootstrapHandlers - [id: 0xa93b08ed] Initialized pipeline DefaultChannelPipeline{(BootstrapHandlers$BootstrapInitializerHandler#0 = reactor.netty.channel.BootstrapHandlers$BootstrapInitializerHandler), (SimpleChannelPool$1#0 = io.netty.channel.pool.SimpleChannelPool$1), (reactor.left.httpCodec = io.netty.handler.codec.http.HttpClientCodec), (reactor.left.decompressor = io.netty.handler.codec.http.HttpContentDecompressor), (reactor.right.reactiveBridge = reactor.netty.channel.ChannelOperationsHandler)}
10:13:40.548 [reactor-http-nio-4] DEBUG reactor.netty.resources.PooledConnectionProvider - [id: 0x004c7bc8, L:/127.0.0.1:50743 - R:localhost/127.0.0.1:8084] onStateChange(GET{uri=/attractionRewardPoint?attractionId=9d1e7774-f458-4c27-93a9-7923c4536dce&userId=f86c0c70-fb97-45b0-a2f0-f47dfe26c0d2, connection=PooledConnection{channel=[id: 0x004c7bc8, L:/127.0.0.1:50743 - R:localhost/127.0.0.1:8084]}}, [request_sent])
10:13:40.548 [reactor-http-nio-4] DEBUG reactor.netty.resources.PooledConnectionProvider - [id: 0x004c7bc8, L:/127.0.0.1:50743 - R:localhost/127.0.0.1:8084] Channel connected, now 28 active connections and 28 inactive connections
10:13:40.548 [reactor-http-nio-4] DEBUG reactor.netty.resources.PooledConnectionProvider - [id: 0x3561b8ef, L:/127.0.0.1:50745 - R:localhost/127.0.0.1:8084] Registering pool release on close event for channel
10:13:40.548 [reactor-http-nio-4] DEBUG reactor.netty.http.client.HttpClientConnect - [id: 0x3561b8ef, L:/127.0.0.1:50745 - R:localhost/127.0.0.1:8084] Handler is being applied: {uri=http://localhost:8084/attractionRewardPoint?attractionId=b0f1b646-d5d8-44d9-9702-58b8550bab1e&userId=3c12dfd5-6c6f-4675-9423-be11492536da, method=GET}
10:13:40.525 [reactor-http-nio-3] DEBUG reactor.netty.channel.FluxReceive - [id: 0x3304da66, L:/127.0.0.1:50653 - R:localhost/127.0.0.1:8083] Subscribing inbound receiver [pending: 0, cancelled:false, inboundDone: false]
10:13:40.549 [reactor-http-nio-3] DEBUG reactor.netty.http.client.HttpClientOperations - [id: 0x3304da66, L:/127.0.0.1:50653 - R:localhost/127.0.0.1:8083] Received last HTTP packet
10:13:40.549 [reactor-http-nio-4] DEBUG reactor.netty.resources.PooledConnectionProvider - [id: 0x3561b8ef, L:/127.0.0.1:50745 - R:localhost/127.0.0.1:8084] onStateChange(GET{uri=/attractionRewardPoint?attractionId=b0f1b646-d5d8-44d9-9702-58b8550bab1e&userId=3c12dfd5-6c6f-4675-9423-be11492536da, connection=PooledConnection{channel=[id: 0x3561b8ef, L:/127.0.0.1:50745 - R:localhost/127.0.0.1:8084]}}, [request_sent])
10:13:40.549 [reactor-http-nio-4] DEBUG reactor.netty.resources.PooledConnectionProvider - [id: 0x3561b8ef, L:/127.0.0.1:50745 - R:localhost/127.0.0.1:8084] Channel connected, now 30 active connections and 26 inactive connections
10:13:40.535 [pool-7-thread-60] DEBUG org.springframework.web.reactive.function.client.ExchangeFunctions - [91d242a] HTTP GET http://localhost:8084/attractionRewardPoint?attractionId=9f4366cb-9a24-474b-9fc2-65c5b794db8d&userId=5e782c2c-4785-4413-8a6d-0d086452d61b
10:13:40.551 [reactor-http-nio-2] DEBUG reactor.netty.http.client.HttpClientOperations - [id: 0xd70c172e, L:/127.0.0.1:50612 - R:localhost/127.0.0.1:8083] Received response (auto-read:false) : [Content-Type=application/json, Transfer-Encoding=chunked, Date=Tue, 07 Jun 2022 09:13:39 GMT]
10:13:40.551 [reactor-http-nio-2] DEBUG reactor.netty.resources.PooledConnectionProvider - [id: 0xd70c172e, L:/127.0.0.1:50612 - R:localhost/127.0.0.1:8083] onStateChange(GET{uri=/attractions, connection=PooledConnection{channel=[id: 0xd70c172e, L:/127.0.0.1:50612 - R:localhost/127.0.0.1:8083]}}, [response_received])
10:13:40.551 [reactor-http-nio-2] DEBUG org.springframework.web.reactive.function.client.ExchangeFunctions - [3aae90ba] Response 200 OK
10:13:40.551 [reactor-http-nio-4] DEBUG reactor.netty.resources.PooledConnectionProvider - [id: 0x63c75a8a] Created new pooled channel, now 30 active connections and 27 inactive connections
10:13:40.552 [reactor-http-nio-4] DEBUG reactor.netty.channel.BootstrapHandlers - [id: 0x63c75a8a] Initialized pipeline DefaultChannelPipeline{(BootstrapHandlers$BootstrapInitializerHandler#0 = reactor.netty.channel.BootstrapHandlers$BootstrapInitializerHandler), (SimpleChannelPool$1#0 = io.netty.channel.pool.SimpleChannelPool$1), (reactor.left.httpCodec = io.netty.handler.codec.http.HttpClientCodec), (reactor.left.decompressor = io.netty.handler.codec.http.HttpContentDecompressor), (reactor.right.reactiveBridge = reactor.netty.channel.ChannelOperationsHandler)}
10:13:40.552 [reactor-http-nio-2] DEBUG reactor.netty.channel.FluxReceive - [id: 0xd70c172e, L:/127.0.0.1:50612 - R:localhost/127.0.0.1:8083] Subscribing inbound receiver [pending: 0, cancelled:false, inboundDone: false]
10:13:40.548 [reactor-http-nio-1] DEBUG reactor.netty.resources.PooledConnectionProvider - [id: 0x1640c7be, L:/127.0.0.1:50730 - R:localhost/127.0.0.1:8084] Registering pool release on close event for channel
10:13:40.552 [reactor-http-nio-2] DEBUG reactor.netty.http.client.HttpClientOperations - [id: 0xd70c172e, L:/127.0.0.1:50612 - R:localhost/127.0.0.1:8083] Received last HTTP packet
10:13:40.552 [reactor-http-nio-1] DEBUG reactor.netty.http.client.HttpClientConnect - [id: 0x1640c7be, L:/127.0.0.1:50730 - R:localhost/127.0.0.1:8084] Handler is being applied: {uri=http://localhost:8084/attractionRewardPoint?attractionId=b2f6d21e-7e7a-4dcb-af49-8d225ef3832f&userId=9ae583a6-d7ec-4cfd-8c71-0638fa3ff1c9, method=GET}
10:13:40.552 [reactor-http-nio-2] DEBUG org.springframework.core.codec.StringDecoder - [3aae90ba] Decoded "[{"longitude":-117.922008,"latitude":33.817595,"attractionName":"Disneyland","city":"Anaheim","stat (truncated)...
10:13:40.553 [reactor-http-nio-2] DEBUG reactor.netty.resources.PooledConnectionProvider - [id: 0xd70c172e, L:/127.0.0.1:50612 - R:localhost/127.0.0.1:8083] onStateChange(GET{uri=/attractions, connection=PooledConnection{channel=[id: 0xd70c172e, L:/127.0.0.1:50612 - R:localhost/127.0.0.1:8083]}}, [disconnecting])
10:13:40.553 [reactor-http-nio-2] DEBUG reactor.netty.resources.PooledConnectionProvider - [id: 0xd70c172e, L:/127.0.0.1:50612 - R:localhost/127.0.0.1:8083] Releasing channel
10:13:40.553 [reactor-http-nio-2] DEBUG reactor.netty.resources.PooledConnectionProvider - [id: 0xd70c172e, L:/127.0.0.1:50612 - R:localhost/127.0.0.1:8083] Channel cleaned, now 34 active connections and 57 inactive connections
10:13:40.553 [reactor-http-nio-4] DEBUG reactor.netty.resources.PooledConnectionProvider - [id: 0x63c75a8a, L:/127.0.0.1:50753 - R:localhost/127.0.0.1:8084] onStateChange(PooledConnection{channel=[id: 0x63c75a8a, L:/127.0.0.1:50753 - R:localhost/127.0.0.1:8084]}, [connected])
10:13:40.553 [reactor-http-nio-4] DEBUG reactor.netty.resources.PooledConnectionProvider - [id: 0x63c75a8a, L:/127.0.0.1:50753 - R:localhost/127.0.0.1:8084] onStateChange(GET{uri=/, connection=PooledConnection{channel=[id: 0x63c75a8a, L:/127.0.0.1:50753 - R:localhost/127.0.0.1:8084]}}, [configured])
10:13:40.553 [reactor-http-nio-2] DEBUG reactor.netty.http.client.HttpClientOperations - [id: 0xa0c2642f, L:/127.0.0.1:50614 - R:localhost/127.0.0.1:8083] Received response (auto-read:false) : [Content-Type=application/json, Transfer-Encoding=chunked, Date=Tue, 07 Jun 2022 09:13:39 GMT]
10:13:40.553 [reactor-http-nio-2] DEBUG reactor.netty.resources.PooledConnectionProvider - [id: 0xa0c2642f, L:/127.0.0.1:50614 - R:localhost/127.0.0.1:8083] onStateChange(GET{uri=/attractions, connection=PooledConnection{channel=[id: 0xa0c2642f, L:/127.0.0.1:50614 - R:localhost/127.0.0.1:8083]}}, [response_received])
10:13:40.553 [reactor-http-nio-2] DEBUG org.springframework.web.reactive.function.client.ExchangeFunctions - [6140a29c] Response 200 OK
10:13:40.554 [reactor-http-nio-1] DEBUG reactor.netty.resources.PooledConnectionProvider - [id: 0x1640c7be, L:/127.0.0.1:50730 - R:localhost/127.0.0.1:8084] onStateChange(GET{uri=/attractionRewardPoint?attractionId=b2f6d21e-7e7a-4dcb-af49-8d225ef3832f&userId=9ae583a6-d7ec-4cfd-8c71-0638fa3ff1c9, connection=PooledConnection{channel=[id: 0x1640c7be, L:/127.0.0.1:50730 - R:localhost/127.0.0.1:8084]}}, [request_sent])
10:13:40.554 [reactor-http-nio-1] DEBUG reactor.netty.resources.PooledConnectionProvider - [id: 0x1640c7be, L:/127.0.0.1:50730 - R:localhost/127.0.0.1:8084] Channel connected, now 30 active connections and 27 inactive connections
10:13:40.554 [reactor-http-nio-1] DEBUG reactor.netty.resources.PooledConnectionProvider - [id: 0x62e81799, L:/127.0.0.1:50731 - R:localhost/127.0.0.1:8084] Registering pool release on close event for channel
10:13:40.554 [reactor-http-nio-1] DEBUG reactor.netty.http.client.HttpClientConnect - [id: 0x62e81799, L:/127.0.0.1:50731 - R:localhost/127.0.0.1:8084] Handler is being applied: {uri=http://localhost:8084/attractionRewardPoint?attractionId=0c289859-0fee-46b9-b94c-df11ceba0891&userId=6abd4a79-320d-4501-a67e-74eeb59044d8, method=GET}
10:13:40.554 [reactor-http-nio-2] DEBUG reactor.netty.channel.FluxReceive - [id: 0xa0c2642f, L:/127.0.0.1:50614 - R:localhost/127.0.0.1:8083] Subscribing inbound receiver [pending: 0, cancelled:false, inboundDone: false]
10:13:40.554 [reactor-http-nio-2] DEBUG reactor.netty.http.client.HttpClientOperations - [id: 0xa0c2642f, L:/127.0.0.1:50614 - R:localhost/127.0.0.1:8083] Received last HTTP packet
10:13:40.549 [reactor-http-nio-3] DEBUG org.springframework.core.codec.StringDecoder - [6451e20e] Decoded "[{"longitude":-117.922008,"latitude":33.817595,"attractionName":"Disneyland","city":"Anaheim","stat (truncated)...
10:13:40.555 [reactor-http-nio-2] DEBUG org.springframework.core.codec.StringDecoder - [6140a29c] Decoded "[{"longitude":-117.922008,"latitude":33.817595,"attractionName":"Disneyland","city":"Anaheim","stat (truncated)...
10:13:40.555 [reactor-http-nio-2] DEBUG reactor.netty.resources.PooledConnectionProvider - [id: 0xa0c2642f, L:/127.0.0.1:50614 - R:localhost/127.0.0.1:8083] onStateChange(GET{uri=/attractions, connection=PooledConnection{channel=[id: 0xa0c2642f, L:/127.0.0.1:50614 - R:localhost/127.0.0.1:8083]}}, [disconnecting])
10:13:40.555 [reactor-http-nio-2] DEBUG reactor.netty.resources.PooledConnectionProvider - [id: 0xa0c2642f, L:/127.0.0.1:50614 - R:localhost/127.0.0.1:8083] Releasing channel
10:13:40.555 [reactor-http-nio-2] DEBUG reactor.netty.resources.PooledConnectionProvider - [id: 0xa0c2642f, L:/127.0.0.1:50614 - R:localhost/127.0.0.1:8083] Channel cleaned, now 33 active connections and 58 inactive connections
10:13:40.555 [reactor-http-nio-3] DEBUG reactor.netty.resources.PooledConnectionProvider - [id: 0x3304da66, L:/127.0.0.1:50653 - R:localhost/127.0.0.1:8083] onStateChange(GET{uri=/attractions, connection=PooledConnection{channel=[id: 0x3304da66, L:/127.0.0.1:50653 - R:localhost/127.0.0.1:8083]}}, [disconnecting])
10:13:40.555 [reactor-http-nio-3] DEBUG reactor.netty.resources.PooledConnectionProvider - [id: 0x3304da66, L:/127.0.0.1:50653 - R:localhost/127.0.0.1:8083] Releasing channel
10:13:40.555 [reactor-http-nio-3] DEBUG reactor.netty.resources.PooledConnectionProvider - [id: 0x3304da66, L:/127.0.0.1:50653 - R:localhost/127.0.0.1:8083] Channel cleaned, now 32 active connections and 59 inactive connections
10:13:40.555 [reactor-http-nio-2] DEBUG reactor.netty.http.client.HttpClientOperations - [id: 0x011036a3, L:/127.0.0.1:50616 - R:localhost/127.0.0.1:8083] Received response (auto-read:false) : [Content-Type=application/json, Transfer-Encoding=chunked, Date=Tue, 07 Jun 2022 09:13:39 GMT]
10:13:40.555 [reactor-http-nio-2] DEBUG reactor.netty.resources.PooledConnectionProvider - [id: 0x011036a3, L:/127.0.0.1:50616 - R:localhost/127.0.0.1:8083] onStateChange(GET{uri=/attractions, connection=PooledConnection{channel=[id: 0x011036a3, L:/127.0.0.1:50616 - R:localhost/127.0.0.1:8083]}}, [response_received])
10:13:40.555 [reactor-http-nio-2] DEBUG org.springframework.web.reactive.function.client.ExchangeFunctions - [9e3bda] Response 200 OK
10:13:40.556 [reactor-http-nio-2] DEBUG reactor.netty.channel.FluxReceive - [id: 0x011036a3, L:/127.0.0.1:50616 - R:localhost/127.0.0.1:8083] Subscribing inbound receiver [pending: 0, cancelled:false, inboundDone: false]
10:13:40.556 [reactor-http-nio-2] DEBUG reactor.netty.http.client.HttpClientOperations - [id: 0x011036a3, L:/127.0.0.1:50616 - R:localhost/127.0.0.1:8083] Received last HTTP packet
10:13:40.556 [reactor-http-nio-2] DEBUG org.springframework.core.codec.StringDecoder - [9e3bda] Decoded "[{"longitude":-117.922008,"latitude":33.817595,"attractionName":"Disneyland","city":"Anaheim","stat (truncated)...
10:13:40.556 [reactor-http-nio-2] DEBUG reactor.netty.resources.PooledConnectionProvider - [id: 0x011036a3, L:/127.0.0.1:50616 - R:localhost/127.0.0.1:8083] onStateChange(GET{uri=/attractions, connection=PooledConnection{channel=[id: 0x011036a3, L:/127.0.0.1:50616 - R:localhost/127.0.0.1:8083]}}, [disconnecting])
10:13:40.556 [reactor-http-nio-2] DEBUG reactor.netty.resources.PooledConnectionProvider - [id: 0x011036a3, L:/127.0.0.1:50616 - R:localhost/127.0.0.1:8083] Releasing channel
10:13:40.556 [pool-7-thread-69] DEBUG org.springframework.web.reactive.function.client.ExchangeFunctions - [3469699f] HTTP GET http://localhost:8084/attractionRewardPoint?attractionId=78c1c3dd-4d13-4cc9-aae3-3df846ee557d&userId=f667af53-1776-4804-afc2-f30d83dcad27
10:13:40.556 [reactor-http-nio-2] DEBUG reactor.netty.resources.PooledConnectionProvider - [id: 0x011036a3, L:/127.0.0.1:50616 - R:localhost/127.0.0.1:8083] Channel cleaned, now 31 active connections and 60 inactive connections
10:13:40.556 [reactor-http-nio-2] DEBUG reactor.netty.http.client.HttpClientOperations - [id: 0x7da5620d, L:/127.0.0.1:50618 - R:localhost/127.0.0.1:8083] Received response (auto-read:false) : [Content-Type=application/json, Transfer-Encoding=chunked, Date=Tue, 07 Jun 2022 09:13:39 GMT]
10:13:40.556 [reactor-http-nio-2] DEBUG reactor.netty.resources.PooledConnectionProvider - [id: 0x7da5620d, L:/127.0.0.1:50618 - R:localhost/127.0.0.1:8083] onStateChange(GET{uri=/attractions, connection=PooledConnection{channel=[id: 0x7da5620d, L:/127.0.0.1:50618 - R:localhost/127.0.0.1:8083]}}, [response_received])
10:13:40.557 [reactor-http-nio-2] DEBUG org.springframework.web.reactive.function.client.ExchangeFunctions - [19aa4bd5] Response 200 OK
10:13:40.557 [reactor-http-nio-2] DEBUG reactor.netty.channel.FluxReceive - [id: 0x7da5620d, L:/127.0.0.1:50618 - R:localhost/127.0.0.1:8083] Subscribing inbound receiver [pending: 0, cancelled:false, inboundDone: false]
10:13:40.557 [reactor-http-nio-2] DEBUG reactor.netty.http.client.HttpClientOperations - [id: 0x7da5620d, L:/127.0.0.1:50618 - R:localhost/127.0.0.1:8083] Received last HTTP packet
10:13:40.557 [reactor-http-nio-2] DEBUG org.springframework.core.codec.StringDecoder - [19aa4bd5] Decoded "[{"longitude":-117.922008,"latitude":33.817595,"attractionName":"Disneyland","city":"Anaheim","stat (truncated)...
10:13:40.557 [reactor-http-nio-2] DEBUG reactor.netty.resources.PooledConnectionProvider - [id: 0x7da5620d, L:/127.0.0.1:50618 - R:localhost/127.0.0.1:8083] onStateChange(GET{uri=/attractions, connection=PooledConnection{channel=[id: 0x7da5620d, L:/127.0.0.1:50618 - R:localhost/127.0.0.1:8083]}}, [disconnecting])
10:13:40.557 [reactor-http-nio-2] DEBUG reactor.netty.resources.PooledConnectionProvider - [id: 0x7da5620d, L:/127.0.0.1:50618 - R:localhost/127.0.0.1:8083] Releasing channel
10:13:40.557 [reactor-http-nio-2] DEBUG reactor.netty.resources.PooledConnectionProvider - [id: 0x7da5620d, L:/127.0.0.1:50618 - R:localhost/127.0.0.1:8083] Channel cleaned, now 30 active connections and 61 inactive connections
10:13:40.558 [reactor-http-nio-2] DEBUG reactor.netty.http.client.HttpClientOperations - [id: 0xf6a1e568, L:/127.0.0.1:50619 - R:localhost/127.0.0.1:8083] Received response (auto-read:false) : [Content-Type=application/json, Transfer-Encoding=chunked, Date=Tue, 07 Jun 2022 09:13:39 GMT]
10:13:40.558 [reactor-http-nio-2] DEBUG reactor.netty.resources.PooledConnectionProvider - [id: 0xf6a1e568, L:/127.0.0.1:50619 - R:localhost/127.0.0.1:8083] onStateChange(GET{uri=/attractions, connection=PooledConnection{channel=[id: 0xf6a1e568, L:/127.0.0.1:50619 - R:localhost/127.0.0.1:8083]}}, [response_received])
10:13:40.558 [reactor-http-nio-2] DEBUG org.springframework.web.reactive.function.client.ExchangeFunctions - [2aead71b] Response 200 OK
10:13:40.555 [reactor-http-nio-1] DEBUG reactor.netty.resources.PooledConnectionProvider - [id: 0x62e81799, L:/127.0.0.1:50731 - R:localhost/127.0.0.1:8084] onStateChange(GET{uri=/attractionRewardPoint?attractionId=0c289859-0fee-46b9-b94c-df11ceba0891&userId=6abd4a79-320d-4501-a67e-74eeb59044d8, connection=PooledConnection{channel=[id: 0x62e81799, L:/127.0.0.1:50731 - R:localhost/127.0.0.1:8084]}}, [request_sent])
10:13:40.558 [reactor-http-nio-1] DEBUG reactor.netty.resources.PooledConnectionProvider - [id: 0x62e81799, L:/127.0.0.1:50731 - R:localhost/127.0.0.1:8084] Channel connected, now 31 active connections and 26 inactive connections
10:13:40.558 [reactor-http-nio-1] DEBUG reactor.netty.resources.PooledConnectionProvider - [id: 0xeed71bdb, L:/127.0.0.1:50732 - R:localhost/127.0.0.1:8084] Registering pool release on close event for channel
10:13:40.558 [reactor-http-nio-1] DEBUG reactor.netty.http.client.HttpClientConnect - [id: 0xeed71bdb, L:/127.0.0.1:50732 - R:localhost/127.0.0.1:8084] Handler is being applied: {uri=http://localhost:8084/attractionRewardPoint?attractionId=3aca9373-122d-4e30-b67d-f3c7d9977345&userId=24fe4571-d6ea-4b1e-9faa-2dc66541c89a, method=GET}
10:13:40.558 [reactor-http-nio-2] DEBUG reactor.netty.channel.FluxReceive - [id: 0xf6a1e568, L:/127.0.0.1:50619 - R:localhost/127.0.0.1:8083] Subscribing inbound receiver [pending: 0, cancelled:false, inboundDone: false]
10:13:40.558 [reactor-http-nio-2] DEBUG reactor.netty.http.client.HttpClientOperations - [id: 0xf6a1e568, L:/127.0.0.1:50619 - R:localhost/127.0.0.1:8083] Received last HTTP packet
10:13:40.558 [pool-7-thread-83] DEBUG org.springframework.web.reactive.function.client.ExchangeFunctions - [6f8750c4] HTTP GET http://localhost:8084/attractionRewardPoint?attractionId=5aa8e30a-89ac-405e-8ba3-f3489f4e6efb&userId=76309d6e-ba2a-4ee8-a912-745eca9de9e0
10:13:40.558 [reactor-http-nio-2] DEBUG org.springframework.core.codec.StringDecoder - [2aead71b] Decoded "[{"longitude":-117.922008,"latitude":33.817595,"attractionName":"Disneyland","city":"Anaheim","stat (truncated)...
10:13:40.558 [reactor-http-nio-2] DEBUG reactor.netty.resources.PooledConnectionProvider - [id: 0xf6a1e568, L:/127.0.0.1:50619 - R:localhost/127.0.0.1:8083] onStateChange(GET{uri=/attractions, connection=PooledConnection{channel=[id: 0xf6a1e568, L:/127.0.0.1:50619 - R:localhost/127.0.0.1:8083]}}, [disconnecting])
10:13:40.558 [reactor-http-nio-2] DEBUG reactor.netty.resources.PooledConnectionProvider - [id: 0xf6a1e568, L:/127.0.0.1:50619 - R:localhost/127.0.0.1:8083] Releasing channel
10:13:40.558 [reactor-http-nio-2] DEBUG reactor.netty.resources.PooledConnectionProvider - [id: 0xf6a1e568, L:/127.0.0.1:50619 - R:localhost/127.0.0.1:8083] Channel cleaned, now 29 active connections and 62 inactive connections
10:13:40.559 [reactor-http-nio-2] DEBUG reactor.netty.http.client.HttpClientOperations - [id: 0x49dcd8d7, L:/127.0.0.1:50622 - R:localhost/127.0.0.1:8083] Received response (auto-read:false) : [Content-Type=application/json, Transfer-Encoding=chunked, Date=Tue, 07 Jun 2022 09:13:39 GMT]
10:13:40.559 [reactor-http-nio-2] DEBUG reactor.netty.resources.PooledConnectionProvider - [id: 0x49dcd8d7, L:/127.0.0.1:50622 - R:localhost/127.0.0.1:8083] onStateChange(GET{uri=/attractions, connection=PooledConnection{channel=[id: 0x49dcd8d7, L:/127.0.0.1:50622 - R:localhost/127.0.0.1:8083]}}, [response_received])
10:13:40.559 [reactor-http-nio-4] DEBUG reactor.netty.resources.PooledConnectionProvider - [id: 0xaf0062a0] Created new pooled channel, now 32 active connections and 26 inactive connections
10:13:40.559 [reactor-http-nio-2] DEBUG org.springframework.web.reactive.function.client.ExchangeFunctions - [6c60b111] Response 200 OK
10:13:40.560 [reactor-http-nio-4] DEBUG reactor.netty.channel.BootstrapHandlers - [id: 0xaf0062a0] Initialized pipeline DefaultChannelPipeline{(BootstrapHandlers$BootstrapInitializerHandler#0 = reactor.netty.channel.BootstrapHandlers$BootstrapInitializerHandler), (SimpleChannelPool$1#0 = io.netty.channel.pool.SimpleChannelPool$1), (reactor.left.httpCodec = io.netty.handler.codec.http.HttpClientCodec), (reactor.left.decompressor = io.netty.handler.codec.http.HttpContentDecompressor), (reactor.right.reactiveBridge = reactor.netty.channel.ChannelOperationsHandler)}
10:13:40.560 [reactor-http-nio-2] DEBUG reactor.netty.channel.FluxReceive - [id: 0x49dcd8d7, L:/127.0.0.1:50622 - R:localhost/127.0.0.1:8083] Subscribing inbound receiver [pending: 0, cancelled:false, inboundDone: false]
10:13:40.560 [reactor-http-nio-2] DEBUG reactor.netty.http.client.HttpClientOperations - [id: 0x49dcd8d7, L:/127.0.0.1:50622 - R:localhost/127.0.0.1:8083] Received last HTTP packet
10:13:40.560 [reactor-http-nio-2] DEBUG org.springframework.core.codec.StringDecoder - [6c60b111] Decoded "[{"longitude":-117.922008,"latitude":33.817595,"attractionName":"Disneyland","city":"Anaheim","stat (truncated)...
10:13:40.560 [reactor-http-nio-2] DEBUG reactor.netty.resources.PooledConnectionProvider - [id: 0x49dcd8d7, L:/127.0.0.1:50622 - R:localhost/127.0.0.1:8083] onStateChange(GET{uri=/attractions, connection=PooledConnection{channel=[id: 0x49dcd8d7, L:/127.0.0.1:50622 - R:localhost/127.0.0.1:8083]}}, [disconnecting])
10:13:40.560 [reactor-http-nio-2] DEBUG reactor.netty.resources.PooledConnectionProvider - [id: 0x49dcd8d7, L:/127.0.0.1:50622 - R:localhost/127.0.0.1:8083] Releasing channel
10:13:40.560 [reactor-http-nio-2] DEBUG reactor.netty.resources.PooledConnectionProvider - [id: 0x49dcd8d7, L:/127.0.0.1:50622 - R:localhost/127.0.0.1:8083] Channel cleaned, now 28 active connections and 63 inactive connections
10:13:40.560 [reactor-http-nio-2] DEBUG reactor.netty.http.client.HttpClientOperations - [id: 0xaea19dad, L:/127.0.0.1:50624 - R:localhost/127.0.0.1:8083] Received response (auto-read:false) : [Content-Type=application/json, Transfer-Encoding=chunked, Date=Tue, 07 Jun 2022 09:13:39 GMT]
10:13:40.560 [reactor-http-nio-2] DEBUG reactor.netty.resources.PooledConnectionProvider - [id: 0xaea19dad, L:/127.0.0.1:50624 - R:localhost/127.0.0.1:8083] onStateChange(GET{uri=/attractions, connection=PooledConnection{channel=[id: 0xaea19dad, L:/127.0.0.1:50624 - R:localhost/127.0.0.1:8083]}}, [response_received])
10:13:40.561 [reactor-http-nio-4] DEBUG reactor.netty.resources.PooledConnectionProvider - [id: 0xaf0062a0, L:/127.0.0.1:50754 - R:localhost/127.0.0.1:8084] onStateChange(PooledConnection{channel=[id: 0xaf0062a0, L:/127.0.0.1:50754 - R:localhost/127.0.0.1:8084]}, [connected])
10:13:40.561 [reactor-http-nio-2] DEBUG org.springframework.web.reactive.function.client.ExchangeFunctions - [4d0d88e6] Response 200 OK
10:13:40.561 [reactor-http-nio-4] DEBUG reactor.netty.resources.PooledConnectionProvider - [id: 0xaf0062a0, L:/127.0.0.1:50754 - R:localhost/127.0.0.1:8084] onStateChange(GET{uri=/, connection=PooledConnection{channel=[id: 0xaf0062a0, L:/127.0.0.1:50754 - R:localhost/127.0.0.1:8084]}}, [configured])
10:13:40.561 [reactor-http-nio-2] DEBUG reactor.netty.channel.FluxReceive - [id: 0xaea19dad, L:/127.0.0.1:50624 - R:localhost/127.0.0.1:8083] Subscribing inbound receiver [pending: 0, cancelled:false, inboundDone: false]
10:13:40.561 [reactor-http-nio-2] DEBUG reactor.netty.http.client.HttpClientOperations - [id: 0xaea19dad, L:/127.0.0.1:50624 - R:localhost/127.0.0.1:8083] Received last HTTP packet
10:13:40.561 [pool-7-thread-62] DEBUG org.springframework.web.reactive.function.client.ExchangeFunctions - [6a9600f4] HTTP GET http://localhost:8084/attractionRewardPoint?attractionId=7123b4b9-a763-43ea-8687-2c61e50ffb4c&userId=eb239fd3-7dad-44d0-8347-40dc584de6c4
10:13:40.561 [reactor-http-nio-2] DEBUG org.springframework.core.codec.StringDecoder - [4d0d88e6] Decoded "[{"longitude":-117.922008,"latitude":33.817595,"attractionName":"Disneyland","city":"Anaheim","stat (truncated)...
10:13:40.561 [reactor-http-nio-2] DEBUG reactor.netty.resources.PooledConnectionProvider - [id: 0xaea19dad, L:/127.0.0.1:50624 - R:localhost/127.0.0.1:8083] onStateChange(GET{uri=/attractions, connection=PooledConnection{channel=[id: 0xaea19dad, L:/127.0.0.1:50624 - R:localhost/127.0.0.1:8083]}}, [disconnecting])
10:13:40.561 [reactor-http-nio-2] DEBUG reactor.netty.resources.PooledConnectionProvider - [id: 0xaea19dad, L:/127.0.0.1:50624 - R:localhost/127.0.0.1:8083] Releasing channel
10:13:40.561 [reactor-http-nio-2] DEBUG reactor.netty.resources.PooledConnectionProvider - [id: 0xaea19dad, L:/127.0.0.1:50624 - R:localhost/127.0.0.1:8083] Channel cleaned, now 27 active connections and 64 inactive connections
10:13:40.562 [reactor-http-nio-2] DEBUG reactor.netty.http.client.HttpClientOperations - [id: 0xfff007b6, L:/127.0.0.1:50626 - R:localhost/127.0.0.1:8083] Received response (auto-read:false) : [Content-Type=application/json, Transfer-Encoding=chunked, Date=Tue, 07 Jun 2022 09:13:39 GMT]
10:13:40.562 [reactor-http-nio-2] DEBUG reactor.netty.resources.PooledConnectionProvider - [id: 0xfff007b6, L:/127.0.0.1:50626 - R:localhost/127.0.0.1:8083] onStateChange(GET{uri=/attractions, connection=PooledConnection{channel=[id: 0xfff007b6, L:/127.0.0.1:50626 - R:localhost/127.0.0.1:8083]}}, [response_received])
10:13:40.562 [reactor-http-nio-2] DEBUG org.springframework.web.reactive.function.client.ExchangeFunctions - [225c61ff] Response 200 OK
10:13:40.562 [pool-7-thread-82] DEBUG org.springframework.web.reactive.function.client.ExchangeFunctions - [e59c5b9] HTTP GET http://localhost:8084/attractionRewardPoint?attractionId=61d7b39f-93f4-4f82-9f62-d7a86e899aec&userId=3259481b-b05f-4503-b766-4ac299883d06
10:13:40.563 [pool-7-thread-85] DEBUG org.springframework.web.reactive.function.client.ExchangeFunctions - [176db690] HTTP GET http://localhost:8084/attractionRewardPoint?attractionId=30b318e7-7d9a-41c1-b306-722bbd473417&userId=93b7a9fc-7700-42d8-9892-4f17d0ecac7d
10:13:40.563 [reactor-http-nio-4] DEBUG reactor.netty.resources.PooledConnectionProvider - [id: 0x2f9e1089] Created new pooled channel, now 32 active connections and 27 inactive connections
10:13:40.563 [reactor-http-nio-4] DEBUG reactor.netty.channel.BootstrapHandlers - [id: 0x2f9e1089] Initialized pipeline DefaultChannelPipeline{(BootstrapHandlers$BootstrapInitializerHandler#0 = reactor.netty.channel.BootstrapHandlers$BootstrapInitializerHandler), (SimpleChannelPool$1#0 = io.netty.channel.pool.SimpleChannelPool$1), (reactor.left.httpCodec = io.netty.handler.codec.http.HttpClientCodec), (reactor.left.decompressor = io.netty.handler.codec.http.HttpContentDecompressor), (reactor.right.reactiveBridge = reactor.netty.channel.ChannelOperationsHandler)}
10:13:40.563 [reactor-http-nio-2] DEBUG reactor.netty.channel.FluxReceive - [id: 0xfff007b6, L:/127.0.0.1:50626 - R:localhost/127.0.0.1:8083] Subscribing inbound receiver [pending: 0, cancelled:false, inboundDone: false]
10:13:40.563 [reactor-http-nio-2] DEBUG reactor.netty.http.client.HttpClientOperations - [id: 0xfff007b6, L:/127.0.0.1:50626 - R:localhost/127.0.0.1:8083] Received last HTTP packet
10:13:40.564 [reactor-http-nio-2] DEBUG org.springframework.core.codec.StringDecoder - [225c61ff] Decoded "[{"longitude":-117.922008,"latitude":33.817595,"attractionName":"Disneyland","city":"Anaheim","stat (truncated)...
10:13:40.564 [reactor-http-nio-2] DEBUG reactor.netty.resources.PooledConnectionProvider - [id: 0xfff007b6, L:/127.0.0.1:50626 - R:localhost/127.0.0.1:8083] onStateChange(GET{uri=/attractions, connection=PooledConnection{channel=[id: 0xfff007b6, L:/127.0.0.1:50626 - R:localhost/127.0.0.1:8083]}}, [disconnecting])
10:13:40.564 [reactor-http-nio-2] DEBUG reactor.netty.resources.PooledConnectionProvider - [id: 0xfff007b6, L:/127.0.0.1:50626 - R:localhost/127.0.0.1:8083] Releasing channel
10:13:40.564 [reactor-http-nio-2] DEBUG reactor.netty.resources.PooledConnectionProvider - [id: 0xfff007b6, L:/127.0.0.1:50626 - R:localhost/127.0.0.1:8083] Channel cleaned, now 26 active connections and 65 inactive connections
10:13:40.564 [reactor-http-nio-4] DEBUG reactor.netty.resources.PooledConnectionProvider - [id: 0x2f9e1089, L:/127.0.0.1:50755 - R:localhost/127.0.0.1:8084] onStateChange(PooledConnection{channel=[id: 0x2f9e1089, L:/127.0.0.1:50755 - R:localhost/127.0.0.1:8084]}, [connected])
10:13:40.564 [reactor-http-nio-4] DEBUG reactor.netty.resources.PooledConnectionProvider - [id: 0x2f9e1089, L:/127.0.0.1:50755 - R:localhost/127.0.0.1:8084] onStateChange(GET{uri=/, connection=PooledConnection{channel=[id: 0x2f9e1089, L:/127.0.0.1:50755 - R:localhost/127.0.0.1:8084]}}, [configured])
10:13:40.555 [reactor-http-nio-3] DEBUG reactor.netty.http.client.HttpClientOperations - [id: 0xf5289a3b, L:/127.0.0.1:50658 - R:localhost/127.0.0.1:8083] Received response (auto-read:false) : [Content-Type=application/json, Transfer-Encoding=chunked, Date=Tue, 07 Jun 2022 09:13:39 GMT]
10:13:40.565 [reactor-http-nio-3] DEBUG reactor.netty.resources.PooledConnectionProvider - [id: 0xf5289a3b, L:/127.0.0.1:50658 - R:localhost/127.0.0.1:8083] onStateChange(GET{uri=/attractions, connection=PooledConnection{channel=[id: 0xf5289a3b, L:/127.0.0.1:50658 - R:localhost/127.0.0.1:8083]}}, [response_received])
10:13:40.565 [reactor-http-nio-2] DEBUG reactor.netty.http.client.HttpClientOperations - [id: 0xcfb207a6, L:/127.0.0.1:50628 - R:localhost/127.0.0.1:8083] Received response (auto-read:false) : [Content-Type=application/json, Transfer-Encoding=chunked, Date=Tue, 07 Jun 2022 09:13:39 GMT]
10:13:40.565 [reactor-http-nio-2] DEBUG reactor.netty.resources.PooledConnectionProvider - [id: 0xcfb207a6, L:/127.0.0.1:50628 - R:localhost/127.0.0.1:8083] onStateChange(GET{uri=/attractions, connection=PooledConnection{channel=[id: 0xcfb207a6, L:/127.0.0.1:50628 - R:localhost/127.0.0.1:8083]}}, [response_received])
10:13:40.565 [reactor-http-nio-3] DEBUG org.springframework.web.reactive.function.client.ExchangeFunctions - [46da8ebd] Response 200 OK
10:13:40.565 [reactor-http-nio-2] DEBUG org.springframework.web.reactive.function.client.ExchangeFunctions - [3c844f5b] Response 200 OK
10:13:40.565 [reactor-http-nio-2] DEBUG reactor.netty.channel.FluxReceive - [id: 0xcfb207a6, L:/127.0.0.1:50628 - R:localhost/127.0.0.1:8083] Subscribing inbound receiver [pending: 0, cancelled:false, inboundDone: false]
10:13:40.565 [reactor-http-nio-2] DEBUG reactor.netty.http.client.HttpClientOperations - [id: 0xcfb207a6, L:/127.0.0.1:50628 - R:localhost/127.0.0.1:8083] Received last HTTP packet
10:13:40.565 [reactor-http-nio-2] DEBUG org.springframework.core.codec.StringDecoder - [3c844f5b] Decoded "[{"longitude":-117.922008,"latitude":33.817595,"attractionName":"Disneyland","city":"Anaheim","stat (truncated)...
10:13:40.565 [reactor-http-nio-2] DEBUG reactor.netty.resources.PooledConnectionProvider - [id: 0xcfb207a6, L:/127.0.0.1:50628 - R:localhost/127.0.0.1:8083] onStateChange(GET{uri=/attractions, connection=PooledConnection{channel=[id: 0xcfb207a6, L:/127.0.0.1:50628 - R:localhost/127.0.0.1:8083]}}, [disconnecting])
10:13:40.565 [reactor-http-nio-2] DEBUG reactor.netty.resources.PooledConnectionProvider - [id: 0xcfb207a6, L:/127.0.0.1:50628 - R:localhost/127.0.0.1:8083] Releasing channel
10:13:40.565 [reactor-http-nio-2] DEBUG reactor.netty.resources.PooledConnectionProvider - [id: 0xcfb207a6, L:/127.0.0.1:50628 - R:localhost/127.0.0.1:8083] Channel cleaned, now 25 active connections and 66 inactive connections
10:13:40.566 [reactor-http-nio-2] DEBUG reactor.netty.http.client.HttpClientOperations - [id: 0x10c31243, L:/127.0.0.1:50629 - R:localhost/127.0.0.1:8083] Received response (auto-read:false) : [Content-Type=application/json, Transfer-Encoding=chunked, Date=Tue, 07 Jun 2022 09:13:39 GMT]
10:13:40.566 [reactor-http-nio-2] DEBUG reactor.netty.resources.PooledConnectionProvider - [id: 0x10c31243, L:/127.0.0.1:50629 - R:localhost/127.0.0.1:8083] onStateChange(GET{uri=/attractions, connection=PooledConnection{channel=[id: 0x10c31243, L:/127.0.0.1:50629 - R:localhost/127.0.0.1:8083]}}, [response_received])
10:13:40.566 [reactor-http-nio-2] DEBUG org.springframework.web.reactive.function.client.ExchangeFunctions - [3c212bbc] Response 200 OK
10:13:40.566 [reactor-http-nio-2] DEBUG reactor.netty.channel.FluxReceive - [id: 0x10c31243, L:/127.0.0.1:50629 - R:localhost/127.0.0.1:8083] Subscribing inbound receiver [pending: 0, cancelled:false, inboundDone: false]
10:13:40.566 [pool-7-thread-94] DEBUG org.springframework.web.reactive.function.client.ExchangeFunctions - [242d2c36] HTTP GET http://localhost:8084/attractionRewardPoint?attractionId=f472d2fb-9fa0-4542-abde-056413058b9b&userId=c6fe09ac-9aec-444e-bc17-375014e9cb7f
10:13:40.566 [reactor-http-nio-2] DEBUG reactor.netty.http.client.HttpClientOperations - [id: 0x10c31243, L:/127.0.0.1:50629 - R:localhost/127.0.0.1:8083] Received last HTTP packet
10:13:40.566 [reactor-http-nio-2] DEBUG org.springframework.core.codec.StringDecoder - [3c212bbc] Decoded "[{"longitude":-117.922008,"latitude":33.817595,"attractionName":"Disneyland","city":"Anaheim","stat (truncated)...
10:13:40.566 [reactor-http-nio-2] DEBUG reactor.netty.resources.PooledConnectionProvider - [id: 0x10c31243, L:/127.0.0.1:50629 - R:localhost/127.0.0.1:8083] onStateChange(GET{uri=/attractions, connection=PooledConnection{channel=[id: 0x10c31243, L:/127.0.0.1:50629 - R:localhost/127.0.0.1:8083]}}, [disconnecting])
10:13:40.566 [reactor-http-nio-2] DEBUG reactor.netty.resources.PooledConnectionProvider - [id: 0x10c31243, L:/127.0.0.1:50629 - R:localhost/127.0.0.1:8083] Releasing channel
10:13:40.566 [reactor-http-nio-2] DEBUG reactor.netty.resources.PooledConnectionProvider - [id: 0x10c31243, L:/127.0.0.1:50629 - R:localhost/127.0.0.1:8083] Channel cleaned, now 24 active connections and 67 inactive connections
10:13:40.567 [reactor-http-nio-2] DEBUG reactor.netty.http.client.HttpClientOperations - [id: 0xd51be2b9, L:/127.0.0.1:50634 - R:localhost/127.0.0.1:8083] Received response (auto-read:false) : [Content-Type=application/json, Transfer-Encoding=chunked, Date=Tue, 07 Jun 2022 09:13:39 GMT]
10:13:40.567 [reactor-http-nio-2] DEBUG reactor.netty.resources.PooledConnectionProvider - [id: 0xd51be2b9, L:/127.0.0.1:50634 - R:localhost/127.0.0.1:8083] onStateChange(GET{uri=/attractions, connection=PooledConnection{channel=[id: 0xd51be2b9, L:/127.0.0.1:50634 - R:localhost/127.0.0.1:8083]}}, [response_received])
10:13:40.567 [reactor-http-nio-2] DEBUG org.springframework.web.reactive.function.client.ExchangeFunctions - [41454a68] Response 200 OK
10:13:40.567 [reactor-http-nio-4] DEBUG reactor.netty.resources.PooledConnectionProvider - [id: 0x98316c91] Created new pooled channel, now 32 active connections and 28 inactive connections
10:13:40.567 [reactor-http-nio-2] DEBUG reactor.netty.channel.FluxReceive - [id: 0xd51be2b9, L:/127.0.0.1:50634 - R:localhost/127.0.0.1:8083] Subscribing inbound receiver [pending: 0, cancelled:false, inboundDone: false]
10:13:40.559 [reactor-http-nio-1] DEBUG reactor.netty.resources.PooledConnectionProvider - [id: 0xeed71bdb, L:/127.0.0.1:50732 - R:localhost/127.0.0.1:8084] onStateChange(GET{uri=/attractionRewardPoint?attractionId=3aca9373-122d-4e30-b67d-f3c7d9977345&userId=24fe4571-d6ea-4b1e-9faa-2dc66541c89a, connection=PooledConnection{channel=[id: 0xeed71bdb, L:/127.0.0.1:50732 - R:localhost/127.0.0.1:8084]}}, [request_sent])
10:13:40.568 [reactor-http-nio-1] DEBUG reactor.netty.resources.PooledConnectionProvider - [id: 0xeed71bdb, L:/127.0.0.1:50732 - R:localhost/127.0.0.1:8084] Channel connected, now 32 active connections and 28 inactive connections
10:13:40.568 [reactor-http-nio-2] DEBUG reactor.netty.http.client.HttpClientOperations - [id: 0xd51be2b9, L:/127.0.0.1:50634 - R:localhost/127.0.0.1:8083] Received last HTTP packet
10:13:40.568 [reactor-http-nio-2] DEBUG org.springframework.core.codec.StringDecoder - [41454a68] Decoded "[{"longitude":-117.922008,"latitude":33.817595,"attractionName":"Disneyland","city":"Anaheim","stat (truncated)...
10:13:40.568 [reactor-http-nio-2] DEBUG reactor.netty.resources.PooledConnectionProvider - [id: 0xd51be2b9, L:/127.0.0.1:50634 - R:localhost/127.0.0.1:8083] onStateChange(GET{uri=/attractions, connection=PooledConnection{channel=[id: 0xd51be2b9, L:/127.0.0.1:50634 - R:localhost/127.0.0.1:8083]}}, [disconnecting])
10:13:40.568 [reactor-http-nio-2] DEBUG reactor.netty.resources.PooledConnectionProvider - [id: 0xd51be2b9, L:/127.0.0.1:50634 - R:localhost/127.0.0.1:8083] Releasing channel
10:13:40.568 [reactor-http-nio-2] DEBUG reactor.netty.resources.PooledConnectionProvider - [id: 0xd51be2b9, L:/127.0.0.1:50634 - R:localhost/127.0.0.1:8083] Channel cleaned, now 23 active connections and 68 inactive connections
10:13:40.568 [reactor-http-nio-2] DEBUG reactor.netty.http.client.HttpClientOperations - [id: 0x139d3d87, L:/127.0.0.1:50670 - R:localhost/127.0.0.1:8083] Received response (auto-read:false) : [Content-Type=application/json, Transfer-Encoding=chunked, Date=Tue, 07 Jun 2022 09:13:39 GMT]
10:13:40.568 [reactor-http-nio-2] DEBUG reactor.netty.resources.PooledConnectionProvider - [id: 0x139d3d87, L:/127.0.0.1:50670 - R:localhost/127.0.0.1:8083] onStateChange(GET{uri=/attractions, connection=PooledConnection{channel=[id: 0x139d3d87, L:/127.0.0.1:50670 - R:localhost/127.0.0.1:8083]}}, [response_received])
10:13:40.568 [reactor-http-nio-2] DEBUG org.springframework.web.reactive.function.client.ExchangeFunctions - [45969616] Response 200 OK
10:13:40.569 [reactor-http-nio-2] DEBUG reactor.netty.channel.FluxReceive - [id: 0x139d3d87, L:/127.0.0.1:50670 - R:localhost/127.0.0.1:8083] Subscribing inbound receiver [pending: 0, cancelled:false, inboundDone: false]
10:13:40.569 [reactor-http-nio-2] DEBUG reactor.netty.http.client.HttpClientOperations - [id: 0x139d3d87, L:/127.0.0.1:50670 - R:localhost/127.0.0.1:8083] Received last HTTP packet
10:13:40.569 [reactor-http-nio-2] DEBUG org.springframework.core.codec.StringDecoder - [45969616] Decoded "[{"longitude":-117.922008,"latitude":33.817595,"attractionName":"Disneyland","city":"Anaheim","stat (truncated)...
10:13:40.569 [reactor-http-nio-2] DEBUG reactor.netty.resources.PooledConnectionProvider - [id: 0x139d3d87, L:/127.0.0.1:50670 - R:localhost/127.0.0.1:8083] onStateChange(GET{uri=/attractions, connection=PooledConnection{channel=[id: 0x139d3d87, L:/127.0.0.1:50670 - R:localhost/127.0.0.1:8083]}}, [disconnecting])
10:13:40.569 [reactor-http-nio-2] DEBUG reactor.netty.resources.PooledConnectionProvider - [id: 0x139d3d87, L:/127.0.0.1:50670 - R:localhost/127.0.0.1:8083] Releasing channel
10:13:40.569 [reactor-http-nio-2] DEBUG reactor.netty.resources.PooledConnectionProvider - [id: 0x139d3d87, L:/127.0.0.1:50670 - R:localhost/127.0.0.1:8083] Channel cleaned, now 22 active connections and 69 inactive connections
10:13:40.570 [reactor-http-nio-2] DEBUG reactor.netty.http.client.HttpClientOperations - [id: 0xa135700d, L:/127.0.0.1:50660 - R:localhost/127.0.0.1:8083] Received response (auto-read:false) : [Content-Type=application/json, Transfer-Encoding=chunked, Date=Tue, 07 Jun 2022 09:13:39 GMT]
10:13:40.570 [reactor-http-nio-2] DEBUG reactor.netty.resources.PooledConnectionProvider - [id: 0xa135700d, L:/127.0.0.1:50660 - R:localhost/127.0.0.1:8083] onStateChange(GET{uri=/attractions, connection=PooledConnection{channel=[id: 0xa135700d, L:/127.0.0.1:50660 - R:localhost/127.0.0.1:8083]}}, [response_received])
10:13:40.570 [reactor-http-nio-2] DEBUG org.springframework.web.reactive.function.client.ExchangeFunctions - [2d494091] Response 200 OK
10:13:40.570 [reactor-http-nio-2] DEBUG reactor.netty.channel.FluxReceive - [id: 0xa135700d, L:/127.0.0.1:50660 - R:localhost/127.0.0.1:8083] Subscribing inbound receiver [pending: 0, cancelled:false, inboundDone: false]
10:13:40.570 [reactor-http-nio-2] DEBUG reactor.netty.http.client.HttpClientOperations - [id: 0xa135700d, L:/127.0.0.1:50660 - R:localhost/127.0.0.1:8083] Received last HTTP packet
10:13:40.571 [reactor-http-nio-2] DEBUG org.springframework.core.codec.StringDecoder - [2d494091] Decoded "[{"longitude":-117.922008,"latitude":33.817595,"attractionName":"Disneyland","city":"Anaheim","stat (truncated)...
10:13:40.571 [reactor-http-nio-2] DEBUG reactor.netty.resources.PooledConnectionProvider - [id: 0xa135700d, L:/127.0.0.1:50660 - R:localhost/127.0.0.1:8083] onStateChange(GET{uri=/attractions, connection=PooledConnection{channel=[id: 0xa135700d, L:/127.0.0.1:50660 - R:localhost/127.0.0.1:8083]}}, [disconnecting])
10:13:40.571 [reactor-http-nio-2] DEBUG reactor.netty.resources.PooledConnectionProvider - [id: 0xa135700d, L:/127.0.0.1:50660 - R:localhost/127.0.0.1:8083] Releasing channel
10:13:40.571 [reactor-http-nio-2] DEBUG reactor.netty.resources.PooledConnectionProvider - [id: 0xa135700d, L:/127.0.0.1:50660 - R:localhost/127.0.0.1:8083] Channel cleaned, now 22 active connections and 69 inactive connections
10:13:40.571 [reactor-http-nio-2] DEBUG reactor.netty.http.client.HttpClientOperations - [id: 0x6e22cddb, L:/127.0.0.1:50661 - R:localhost/127.0.0.1:8083] Received response (auto-read:false) : [Content-Type=application/json, Transfer-Encoding=chunked, Date=Tue, 07 Jun 2022 09:13:39 GMT]
10:13:40.571 [reactor-http-nio-2] DEBUG reactor.netty.resources.PooledConnectionProvider - [id: 0x6e22cddb, L:/127.0.0.1:50661 - R:localhost/127.0.0.1:8083] onStateChange(GET{uri=/attractions, connection=PooledConnection{channel=[id: 0x6e22cddb, L:/127.0.0.1:50661 - R:localhost/127.0.0.1:8083]}}, [response_received])
10:13:40.571 [pool-7-thread-72] DEBUG org.springframework.web.reactive.function.client.ExchangeFunctions - [43ca6f37] HTTP GET http://localhost:8084/attractionRewardPoint?attractionId=8e47c2b3-ac52-4da0-85ea-ce3045cb5855&userId=d68abac2-f1e4-42b9-ba51-1e6a14d59d8d
10:13:40.565 [reactor-http-nio-3] DEBUG reactor.netty.channel.FluxReceive - [id: 0xf5289a3b, L:/127.0.0.1:50658 - R:localhost/127.0.0.1:8083] Subscribing inbound receiver [pending: 0, cancelled:false, inboundDone: false]
10:13:40.567 [reactor-http-nio-4] DEBUG reactor.netty.channel.BootstrapHandlers - [id: 0x98316c91] Initialized pipeline DefaultChannelPipeline{(BootstrapHandlers$BootstrapInitializerHandler#0 = reactor.netty.channel.BootstrapHandlers$BootstrapInitializerHandler), (SimpleChannelPool$1#0 = io.netty.channel.pool.SimpleChannelPool$1), (reactor.left.httpCodec = io.netty.handler.codec.http.HttpClientCodec), (reactor.left.decompressor = io.netty.handler.codec.http.HttpContentDecompressor), (reactor.right.reactiveBridge = reactor.netty.channel.ChannelOperationsHandler)}
10:13:40.574 [pool-7-thread-95] DEBUG org.springframework.web.reactive.function.client.ExchangeFunctions - [2c9b8bc4] HTTP GET http://localhost:8084/attractionRewardPoint?attractionId=4a9146ec-6741-48d8-a0b2-7d7dc86f0652&userId=0a4ff80a-bc91-416b-86ab-6ee219c08ecb
10:13:40.574 [reactor-http-nio-3] DEBUG reactor.netty.http.client.HttpClientOperations - [id: 0xf5289a3b, L:/127.0.0.1:50658 - R:localhost/127.0.0.1:8083] Received last HTTP packet
10:13:40.574 [reactor-http-nio-3] DEBUG org.springframework.core.codec.StringDecoder - [46da8ebd] Decoded "[{"longitude":-117.922008,"latitude":33.817595,"attractionName":"Disneyland","city":"Anaheim","stat (truncated)...
10:13:40.575 [reactor-http-nio-4] DEBUG reactor.netty.resources.PooledConnectionProvider - [id: 0x98316c91, L:/127.0.0.1:50759 - R:localhost/127.0.0.1:8084] onStateChange(PooledConnection{channel=[id: 0x98316c91, L:/127.0.0.1:50759 - R:localhost/127.0.0.1:8084]}, [connected])
10:13:40.575 [reactor-http-nio-4] DEBUG reactor.netty.resources.PooledConnectionProvider - [id: 0x98316c91, L:/127.0.0.1:50759 - R:localhost/127.0.0.1:8084] onStateChange(GET{uri=/, connection=PooledConnection{channel=[id: 0x98316c91, L:/127.0.0.1:50759 - R:localhost/127.0.0.1:8084]}}, [configured])
10:13:40.574 [reactor-http-nio-3] DEBUG reactor.netty.resources.PooledConnectionProvider - [id: 0xf5289a3b, L:/127.0.0.1:50658 - R:localhost/127.0.0.1:8083] onStateChange(GET{uri=/attractions, connection=PooledConnection{channel=[id: 0xf5289a3b, L:/127.0.0.1:50658 - R:localhost/127.0.0.1:8083]}}, [disconnecting])
10:13:40.575 [reactor-http-nio-3] DEBUG reactor.netty.resources.PooledConnectionProvider - [id: 0xf5289a3b, L:/127.0.0.1:50658 - R:localhost/127.0.0.1:8083] Releasing channel
10:13:40.575 [reactor-http-nio-3] DEBUG reactor.netty.resources.PooledConnectionProvider - [id: 0xf5289a3b, L:/127.0.0.1:50658 - R:localhost/127.0.0.1:8083] Channel cleaned, now 21 active connections and 70 inactive connections
10:13:40.575 [reactor-http-nio-3] DEBUG reactor.netty.http.client.HttpClientOperations - [id: 0x75450fe9, L:/127.0.0.1:50686 - R:localhost/127.0.0.1:8083] Received response (auto-read:false) : [Content-Type=application/json, Transfer-Encoding=chunked, Date=Tue, 07 Jun 2022 09:13:39 GMT]
10:13:40.576 [reactor-http-nio-3] DEBUG reactor.netty.resources.PooledConnectionProvider - [id: 0x75450fe9, L:/127.0.0.1:50686 - R:localhost/127.0.0.1:8083] onStateChange(GET{uri=/attractions, connection=PooledConnection{channel=[id: 0x75450fe9, L:/127.0.0.1:50686 - R:localhost/127.0.0.1:8083]}}, [response_received])
10:13:40.576 [reactor-http-nio-3] DEBUG org.springframework.web.reactive.function.client.ExchangeFunctions - [2a4f0347] Response 200 OK
10:13:40.576 [reactor-http-nio-3] DEBUG reactor.netty.channel.FluxReceive - [id: 0x75450fe9, L:/127.0.0.1:50686 - R:localhost/127.0.0.1:8083] Subscribing inbound receiver [pending: 0, cancelled:false, inboundDone: false]
10:13:40.576 [pool-7-thread-97] DEBUG org.springframework.web.reactive.function.client.ExchangeFunctions - [3243a6bb] HTTP GET http://localhost:8084/attractionRewardPoint?attractionId=29a41d11-8953-4654-8103-c873f6d719ac&userId=4c169ce2-e0e3-454f-9d5c-122b1bc6c714
10:13:40.577 [reactor-http-nio-4] DEBUG reactor.netty.resources.PooledConnectionProvider - [id: 0x92582088] Created new pooled channel, now 32 active connections and 29 inactive connections
10:13:40.577 [reactor-http-nio-4] DEBUG reactor.netty.channel.BootstrapHandlers - [id: 0x92582088] Initialized pipeline DefaultChannelPipeline{(BootstrapHandlers$BootstrapInitializerHandler#0 = reactor.netty.channel.BootstrapHandlers$BootstrapInitializerHandler), (SimpleChannelPool$1#0 = io.netty.channel.pool.SimpleChannelPool$1), (reactor.left.httpCodec = io.netty.handler.codec.http.HttpClientCodec), (reactor.left.decompressor = io.netty.handler.codec.http.HttpContentDecompressor), (reactor.right.reactiveBridge = reactor.netty.channel.ChannelOperationsHandler)}
10:13:40.578 [reactor-http-nio-3] DEBUG reactor.netty.http.client.HttpClientOperations - [id: 0x75450fe9, L:/127.0.0.1:50686 - R:localhost/127.0.0.1:8083] Received last HTTP packet
10:13:40.578 [reactor-http-nio-4] DEBUG reactor.netty.resources.PooledConnectionProvider - [id: 0x92582088, L:/127.0.0.1:50760 - R:localhost/127.0.0.1:8084] onStateChange(PooledConnection{channel=[id: 0x92582088, L:/127.0.0.1:50760 - R:localhost/127.0.0.1:8084]}, [connected])
10:13:40.578 [reactor-http-nio-3] DEBUG org.springframework.core.codec.StringDecoder - [2a4f0347] Decoded "[{"longitude":-117.922008,"latitude":33.817595,"attractionName":"Disneyland","city":"Anaheim","stat (truncated)...
10:13:40.578 [reactor-http-nio-3] DEBUG reactor.netty.resources.PooledConnectionProvider - [id: 0x75450fe9, L:/127.0.0.1:50686 - R:localhost/127.0.0.1:8083] onStateChange(GET{uri=/attractions, connection=PooledConnection{channel=[id: 0x75450fe9, L:/127.0.0.1:50686 - R:localhost/127.0.0.1:8083]}}, [disconnecting])
10:13:40.579 [reactor-http-nio-3] DEBUG reactor.netty.resources.PooledConnectionProvider - [id: 0x75450fe9, L:/127.0.0.1:50686 - R:localhost/127.0.0.1:8083] Releasing channel
10:13:40.579 [reactor-http-nio-3] DEBUG reactor.netty.resources.PooledConnectionProvider - [id: 0x75450fe9, L:/127.0.0.1:50686 - R:localhost/127.0.0.1:8083] Channel cleaned, now 20 active connections and 71 inactive connections
10:13:40.579 [reactor-http-nio-3] DEBUG reactor.netty.resources.PooledConnectionProvider - [id: 0xce654a47, L:/127.0.0.1:50736 - R:localhost/127.0.0.1:8084] onStateChange(PooledConnection{channel=[id: 0xce654a47, L:/127.0.0.1:50736 - R:localhost/127.0.0.1:8084]}, [connected])
10:13:40.579 [reactor-http-nio-3] DEBUG reactor.netty.resources.PooledConnectionProvider - [id: 0xce654a47, L:/127.0.0.1:50736 - R:localhost/127.0.0.1:8084] onStateChange(GET{uri=/, connection=PooledConnection{channel=[id: 0xce654a47, L:/127.0.0.1:50736 - R:localhost/127.0.0.1:8084]}}, [configured])
10:13:40.579 [reactor-http-nio-3] DEBUG reactor.netty.resources.PooledConnectionProvider - [id: 0xb1ebf2b6, L:/127.0.0.1:50737 - R:localhost/127.0.0.1:8084] onStateChange(PooledConnection{channel=[id: 0xb1ebf2b6, L:/127.0.0.1:50737 - R:localhost/127.0.0.1:8084]}, [connected])
10:13:40.579 [reactor-http-nio-3] DEBUG reactor.netty.resources.PooledConnectionProvider - [id: 0xb1ebf2b6, L:/127.0.0.1:50737 - R:localhost/127.0.0.1:8084] onStateChange(GET{uri=/, connection=PooledConnection{channel=[id: 0xb1ebf2b6, L:/127.0.0.1:50737 - R:localhost/127.0.0.1:8084]}}, [configured])
10:13:40.579 [reactor-http-nio-3] DEBUG reactor.netty.resources.PooledConnectionProvider - [id: 0xc156f3c0, L:/127.0.0.1:50738 - R:localhost/127.0.0.1:8084] onStateChange(PooledConnection{channel=[id: 0xc156f3c0, L:/127.0.0.1:50738 - R:localhost/127.0.0.1:8084]}, [connected])
10:13:40.579 [reactor-http-nio-3] DEBUG reactor.netty.resources.PooledConnectionProvider - [id: 0xc156f3c0, L:/127.0.0.1:50738 - R:localhost/127.0.0.1:8084] onStateChange(GET{uri=/, connection=PooledConnection{channel=[id: 0xc156f3c0, L:/127.0.0.1:50738 - R:localhost/127.0.0.1:8084]}}, [configured])
10:13:40.579 [reactor-http-nio-3] DEBUG reactor.netty.resources.PooledConnectionProvider - [id: 0xace8fdd1] Created new pooled channel, now 32 active connections and 30 inactive connections
10:13:40.579 [reactor-http-nio-3] DEBUG reactor.netty.channel.BootstrapHandlers - [id: 0xace8fdd1] Initialized pipeline DefaultChannelPipeline{(BootstrapHandlers$BootstrapInitializerHandler#0 = reactor.netty.channel.BootstrapHandlers$BootstrapInitializerHandler), (SimpleChannelPool$1#0 = io.netty.channel.pool.SimpleChannelPool$1), (reactor.left.httpCodec = io.netty.handler.codec.http.HttpClientCodec), (reactor.left.decompressor = io.netty.handler.codec.http.HttpContentDecompressor), (reactor.right.reactiveBridge = reactor.netty.channel.ChannelOperationsHandler)}
10:13:40.580 [reactor-http-nio-3] DEBUG reactor.netty.resources.PooledConnectionProvider - [id: 0xca71adf9, L:/127.0.0.1:50657 - R:localhost/127.0.0.1:8083] Channel acquired, now 21 active connections and 70 inactive connections
10:13:40.580 [reactor-http-nio-3] DEBUG reactor.netty.http.client.HttpClientConnect - [id: 0xca71adf9, L:/127.0.0.1:50657 - R:localhost/127.0.0.1:8083] Handler is being applied: {uri=http://localhost:8083/attractions, method=GET}
10:13:40.580 [pool-7-thread-98] DEBUG org.springframework.web.reactive.function.client.ExchangeFunctions - [32e6c248] HTTP GET http://localhost:8084/attractionRewardPoint?attractionId=da71ed73-2a38-4ac7-a8b9-05386de14880&userId=b379db45-c560-49a7-87ba-0c33f29f2a18
10:13:40.580 [reactor-http-nio-3] DEBUG reactor.netty.resources.PooledConnectionProvider - [id: 0xca71adf9, L:/127.0.0.1:50657 - R:localhost/127.0.0.1:8083] onStateChange(GET{uri=/attractions, connection=PooledConnection{channel=[id: 0xca71adf9, L:/127.0.0.1:50657 - R:localhost/127.0.0.1:8083]}}, [request_sent])
10:13:40.581 [reactor-http-nio-3] DEBUG reactor.netty.resources.PooledConnectionProvider - [id: 0x8624e492, L:/127.0.0.1:50728 - R:localhost/127.0.0.1:8084] Registering pool release on close event for channel
10:13:40.581 [reactor-http-nio-3] DEBUG reactor.netty.http.client.HttpClientConnect - [id: 0x8624e492, L:/127.0.0.1:50728 - R:localhost/127.0.0.1:8084] Handler is being applied: {uri=http://localhost:8084/attractionRewardPoint?attractionId=a8a6714e-790d-49c5-bff5-5675803a6879&userId=73ea8a1e-ec14-42c8-b812-882a6f0cfb84, method=GET}
10:13:40.581 [pool-7-thread-101] DEBUG org.springframework.web.reactive.function.client.ExchangeFunctions - [4f82bc30] HTTP GET http://localhost:8084/attractionRewardPoint?attractionId=52be3472-71ac-49e7-9ddf-3264811c144f&userId=9f9be6b3-8b11-4add-9c50-15b3dc86f1ca
10:13:40.581 [reactor-http-nio-3] DEBUG reactor.netty.resources.PooledConnectionProvider - [id: 0x8624e492, L:/127.0.0.1:50728 - R:localhost/127.0.0.1:8084] onStateChange(GET{uri=/attractionRewardPoint?attractionId=a8a6714e-790d-49c5-bff5-5675803a6879&userId=73ea8a1e-ec14-42c8-b812-882a6f0cfb84, connection=PooledConnection{channel=[id: 0x8624e492, L:/127.0.0.1:50728 - R:localhost/127.0.0.1:8084]}}, [request_sent])
10:13:40.582 [reactor-http-nio-3] DEBUG reactor.netty.resources.PooledConnectionProvider - [id: 0x8624e492, L:/127.0.0.1:50728 - R:localhost/127.0.0.1:8084] Channel connected, now 33 active connections and 29 inactive connections
10:13:40.582 [reactor-http-nio-3] DEBUG reactor.netty.resources.PooledConnectionProvider - [id: 0xdeb3f006, L:/127.0.0.1:50739 - R:localhost/127.0.0.1:8084] onStateChange(PooledConnection{channel=[id: 0xdeb3f006, L:/127.0.0.1:50739 - R:localhost/127.0.0.1:8084]}, [connected])
10:13:40.583 [reactor-http-nio-3] DEBUG reactor.netty.resources.PooledConnectionProvider - [id: 0xdeb3f006, L:/127.0.0.1:50739 - R:localhost/127.0.0.1:8084] onStateChange(GET{uri=/, connection=PooledConnection{channel=[id: 0xdeb3f006, L:/127.0.0.1:50739 - R:localhost/127.0.0.1:8084]}}, [configured])
10:13:40.583 [reactor-http-nio-3] DEBUG reactor.netty.resources.PooledConnectionProvider - [id: 0xace8fdd1, L:/127.0.0.1:50761 - R:localhost/127.0.0.1:8084] onStateChange(PooledConnection{channel=[id: 0xace8fdd1, L:/127.0.0.1:50761 - R:localhost/127.0.0.1:8084]}, [connected])
10:13:40.583 [reactor-http-nio-3] DEBUG reactor.netty.resources.PooledConnectionProvider - [id: 0xace8fdd1, L:/127.0.0.1:50761 - R:localhost/127.0.0.1:8084] onStateChange(GET{uri=/, connection=PooledConnection{channel=[id: 0xace8fdd1, L:/127.0.0.1:50761 - R:localhost/127.0.0.1:8084]}}, [configured])
10:13:40.583 [pool-7-thread-73] DEBUG org.springframework.web.reactive.function.client.ExchangeFunctions - [62a752ed] HTTP GET http://localhost:8084/attractionRewardPoint?attractionId=8fcf9d24-24fa-422e-9f89-03a5bec50366&userId=e198e169-3f9d-41e9-b642-ca43ae1b3e66
10:13:40.584 [pool-7-thread-58] DEBUG org.springframework.web.reactive.function.client.ExchangeFunctions - [4b5160d4] HTTP GET http://localhost:8084/attractionRewardPoint?attractionId=844fc33a-3444-4b77-aa47-c7e6c6a80319&userId=654ff530-b5c5-45f0-9dbe-00269d4d7426
10:13:40.585 [reactor-http-nio-3] DEBUG reactor.netty.resources.PooledConnectionProvider - [id: 0xde4a226d] Created new pooled channel, now 33 active connections and 30 inactive connections
10:13:40.585 [reactor-http-nio-3] DEBUG reactor.netty.channel.BootstrapHandlers - [id: 0xde4a226d] Initialized pipeline DefaultChannelPipeline{(BootstrapHandlers$BootstrapInitializerHandler#0 = reactor.netty.channel.BootstrapHandlers$BootstrapInitializerHandler), (SimpleChannelPool$1#0 = io.netty.channel.pool.SimpleChannelPool$1), (reactor.left.httpCodec = io.netty.handler.codec.http.HttpClientCodec), (reactor.left.decompressor = io.netty.handler.codec.http.HttpContentDecompressor), (reactor.right.reactiveBridge = reactor.netty.channel.ChannelOperationsHandler)}
10:13:40.586 [reactor-http-nio-3] DEBUG reactor.netty.resources.PooledConnectionProvider - [id: 0xde4a226d, L:/127.0.0.1:50762 - R:localhost/127.0.0.1:8084] onStateChange(PooledConnection{channel=[id: 0xde4a226d, L:/127.0.0.1:50762 - R:localhost/127.0.0.1:8084]}, [connected])
10:13:40.586 [reactor-http-nio-3] DEBUG reactor.netty.resources.PooledConnectionProvider - [id: 0xde4a226d, L:/127.0.0.1:50762 - R:localhost/127.0.0.1:8084] onStateChange(GET{uri=/, connection=PooledConnection{channel=[id: 0xde4a226d, L:/127.0.0.1:50762 - R:localhost/127.0.0.1:8084]}}, [configured])
10:13:40.570 [reactor-http-nio-1] DEBUG reactor.netty.resources.PooledConnectionProvider - [id: 0x21feabf2, L:/127.0.0.1:50697 - R:localhost/127.0.0.1:8083] Channel acquired, now 23 active connections and 68 inactive connections
10:13:40.586 [reactor-http-nio-1] DEBUG reactor.netty.http.client.HttpClientConnect - [id: 0x21feabf2, L:/127.0.0.1:50697 - R:localhost/127.0.0.1:8083] Handler is being applied: {uri=http://localhost:8083/attractions, method=GET}
10:13:40.587 [reactor-http-nio-1] DEBUG reactor.netty.resources.PooledConnectionProvider - [id: 0x21feabf2, L:/127.0.0.1:50697 - R:localhost/127.0.0.1:8083] onStateChange(GET{uri=/attractions, connection=PooledConnection{channel=[id: 0x21feabf2, L:/127.0.0.1:50697 - R:localhost/127.0.0.1:8083]}}, [request_sent])
10:13:40.587 [reactor-http-nio-1] DEBUG reactor.netty.resources.PooledConnectionProvider - [id: 0x5dcee25b, L:/127.0.0.1:50620 - R:localhost/127.0.0.1:8083] Channel acquired, now 22 active connections and 69 inactive connections
10:13:40.587 [reactor-http-nio-1] DEBUG reactor.netty.http.client.HttpClientConnect - [id: 0x5dcee25b, L:/127.0.0.1:50620 - R:localhost/127.0.0.1:8083] Handler is being applied: {uri=http://localhost:8083/attractions, method=GET}
10:13:40.588 [reactor-http-nio-1] DEBUG reactor.netty.resources.PooledConnectionProvider - [id: 0x5dcee25b, L:/127.0.0.1:50620 - R:localhost/127.0.0.1:8083] onStateChange(GET{uri=/attractions, connection=PooledConnection{channel=[id: 0x5dcee25b, L:/127.0.0.1:50620 - R:localhost/127.0.0.1:8083]}}, [request_sent])
10:13:40.588 [pool-7-thread-66] DEBUG org.springframework.web.reactive.function.client.ExchangeFunctions - [481d6816] HTTP GET http://localhost:8084/attractionRewardPoint?attractionId=cea37647-8ec1-4c92-b4bf-3d2c4e141011&userId=bd905a22-d917-4a90-b949-3a026760844b
10:13:40.589 [reactor-http-nio-3] DEBUG reactor.netty.resources.PooledConnectionProvider - [id: 0xace8fdd1, L:/127.0.0.1:50761 - R:localhost/127.0.0.1:8084] Registering pool release on close event for channel
10:13:40.589 [reactor-http-nio-3] DEBUG reactor.netty.http.client.HttpClientConnect - [id: 0xace8fdd1, L:/127.0.0.1:50761 - R:localhost/127.0.0.1:8084] Handler is being applied: {uri=http://localhost:8084/attractionRewardPoint?attractionId=2345652d-679d-4e87-b59d-3db70fcc406a&userId=f1a958f1-a203-4c4d-b774-af42ad526b42, method=GET}
10:13:40.590 [reactor-http-nio-1] DEBUG reactor.netty.http.client.HttpClientOperations - [id: 0xec1f4ce8, L:/127.0.0.1:50641 - R:localhost/127.0.0.1:8083] Received response (auto-read:false) : [Content-Type=application/json, Transfer-Encoding=chunked, Date=Tue, 07 Jun 2022 09:13:39 GMT]
10:13:40.590 [reactor-http-nio-1] DEBUG reactor.netty.resources.PooledConnectionProvider - [id: 0xec1f4ce8, L:/127.0.0.1:50641 - R:localhost/127.0.0.1:8083] onStateChange(GET{uri=/attractions, connection=PooledConnection{channel=[id: 0xec1f4ce8, L:/127.0.0.1:50641 - R:localhost/127.0.0.1:8083]}}, [response_received])
10:13:40.590 [reactor-http-nio-1] DEBUG org.springframework.web.reactive.function.client.ExchangeFunctions - [7cf40934] Response 200 OK
10:13:40.590 [reactor-http-nio-3] DEBUG reactor.netty.resources.PooledConnectionProvider - [id: 0xace8fdd1, L:/127.0.0.1:50761 - R:localhost/127.0.0.1:8084] onStateChange(GET{uri=/attractionRewardPoint?attractionId=2345652d-679d-4e87-b59d-3db70fcc406a&userId=f1a958f1-a203-4c4d-b774-af42ad526b42, connection=PooledConnection{channel=[id: 0xace8fdd1, L:/127.0.0.1:50761 - R:localhost/127.0.0.1:8084]}}, [request_sent])
10:13:40.590 [reactor-http-nio-3] DEBUG reactor.netty.resources.PooledConnectionProvider - [id: 0xace8fdd1, L:/127.0.0.1:50761 - R:localhost/127.0.0.1:8084] Channel connected, now 34 active connections and 29 inactive connections
10:13:40.590 [reactor-http-nio-1] DEBUG reactor.netty.channel.FluxReceive - [id: 0xec1f4ce8, L:/127.0.0.1:50641 - R:localhost/127.0.0.1:8083] Subscribing inbound receiver [pending: 0, cancelled:false, inboundDone: false]
10:13:40.591 [reactor-http-nio-1] DEBUG reactor.netty.http.client.HttpClientOperations - [id: 0xec1f4ce8, L:/127.0.0.1:50641 - R:localhost/127.0.0.1:8083] Received last HTTP packet
10:13:40.591 [reactor-http-nio-1] DEBUG org.springframework.core.codec.StringDecoder - [7cf40934] Decoded "[{"longitude":-117.922008,"latitude":33.817595,"attractionName":"Disneyland","city":"Anaheim","stat (truncated)...
10:13:40.591 [reactor-http-nio-1] DEBUG reactor.netty.resources.PooledConnectionProvider - [id: 0xec1f4ce8, L:/127.0.0.1:50641 - R:localhost/127.0.0.1:8083] onStateChange(GET{uri=/attractions, connection=PooledConnection{channel=[id: 0xec1f4ce8, L:/127.0.0.1:50641 - R:localhost/127.0.0.1:8083]}}, [disconnecting])
10:13:40.591 [reactor-http-nio-1] DEBUG reactor.netty.resources.PooledConnectionProvider - [id: 0xec1f4ce8, L:/127.0.0.1:50641 - R:localhost/127.0.0.1:8083] Releasing channel
10:13:40.591 [reactor-http-nio-1] DEBUG reactor.netty.resources.PooledConnectionProvider - [id: 0xec1f4ce8, L:/127.0.0.1:50641 - R:localhost/127.0.0.1:8083] Channel cleaned, now 21 active connections and 70 inactive connections
10:13:40.591 [pool-7-thread-56] DEBUG org.springframework.web.reactive.function.client.ExchangeFunctions - [2488f87e] HTTP GET http://localhost:8084/attractionRewardPoint?attractionId=54dc6705-31a5-4360-bcbc-bddfbed8f0e9&userId=215bdaf6-7efd-4f82-9cf7-59906bdb1f5b
10:13:40.591 [reactor-http-nio-1] DEBUG reactor.netty.http.client.HttpClientOperations - [id: 0x51cedde0, L:/127.0.0.1:50642 - R:localhost/127.0.0.1:8083] Received response (auto-read:false) : [Content-Type=application/json, Transfer-Encoding=chunked, Date=Tue, 07 Jun 2022 09:13:39 GMT]
10:13:40.591 [reactor-http-nio-1] DEBUG reactor.netty.resources.PooledConnectionProvider - [id: 0x51cedde0, L:/127.0.0.1:50642 - R:localhost/127.0.0.1:8083] onStateChange(GET{uri=/attractions, connection=PooledConnection{channel=[id: 0x51cedde0, L:/127.0.0.1:50642 - R:localhost/127.0.0.1:8083]}}, [response_received])
10:13:40.592 [reactor-http-nio-1] DEBUG org.springframework.web.reactive.function.client.ExchangeFunctions - [12a60849] Response 200 OK
10:13:40.592 [reactor-http-nio-1] DEBUG reactor.netty.channel.FluxReceive - [id: 0x51cedde0, L:/127.0.0.1:50642 - R:localhost/127.0.0.1:8083] Subscribing inbound receiver [pending: 0, cancelled:false, inboundDone: false]
10:13:40.571 [reactor-http-nio-2] DEBUG org.springframework.web.reactive.function.client.ExchangeFunctions - [2146a826] Response 200 OK
10:13:40.578 [reactor-http-nio-4] DEBUG reactor.netty.resources.PooledConnectionProvider - [id: 0x92582088, L:/127.0.0.1:50760 - R:localhost/127.0.0.1:8084] onStateChange(GET{uri=/, connection=PooledConnection{channel=[id: 0x92582088, L:/127.0.0.1:50760 - R:localhost/127.0.0.1:8084]}}, [configured])
10:13:40.590 [reactor-http-nio-3] DEBUG reactor.netty.resources.PooledConnectionProvider - [id: 0xde4a226d, L:/127.0.0.1:50762 - R:localhost/127.0.0.1:8084] Registering pool release on close event for channel
10:13:40.592 [reactor-http-nio-4] DEBUG reactor.netty.resources.PooledConnectionProvider - [id: 0x30b9c15a, L:/127.0.0.1:50740 - R:localhost/127.0.0.1:8084] Registering pool release on close event for channel
10:13:40.592 [reactor-http-nio-3] DEBUG reactor.netty.http.client.HttpClientConnect - [id: 0xde4a226d, L:/127.0.0.1:50762 - R:localhost/127.0.0.1:8084] Handler is being applied: {uri=http://localhost:8084/attractionRewardPoint?attractionId=8fcf9d24-24fa-422e-9f89-03a5bec50366&userId=e198e169-3f9d-41e9-b642-ca43ae1b3e66, method=GET}
10:13:40.592 [reactor-http-nio-4] DEBUG reactor.netty.http.client.HttpClientConnect - [id: 0x30b9c15a, L:/127.0.0.1:50740 - R:localhost/127.0.0.1:8084] Handler is being applied: {uri=http://localhost:8084/attractionRewardPoint?attractionId=63c714d2-b9e7-469b-8363-20dd6dc0519e&userId=428e69dc-fc8f-4428-8a70-cc9897242f8d, method=GET}
10:13:40.593 [reactor-http-nio-2] DEBUG reactor.netty.channel.FluxReceive - [id: 0x6e22cddb, L:/127.0.0.1:50661 - R:localhost/127.0.0.1:8083] Subscribing inbound receiver [pending: 0, cancelled:false, inboundDone: false]
10:13:40.593 [reactor-http-nio-2] DEBUG reactor.netty.http.client.HttpClientOperations - [id: 0x6e22cddb, L:/127.0.0.1:50661 - R:localhost/127.0.0.1:8083] Received last HTTP packet
10:13:40.593 [reactor-http-nio-2] DEBUG org.springframework.core.codec.StringDecoder - [2146a826] Decoded "[{"longitude":-117.922008,"latitude":33.817595,"attractionName":"Disneyland","city":"Anaheim","stat (truncated)...
10:13:40.593 [reactor-http-nio-4] DEBUG reactor.netty.resources.PooledConnectionProvider - [id: 0x30b9c15a, L:/127.0.0.1:50740 - R:localhost/127.0.0.1:8084] onStateChange(GET{uri=/attractionRewardPoint?attractionId=63c714d2-b9e7-469b-8363-20dd6dc0519e&userId=428e69dc-fc8f-4428-8a70-cc9897242f8d, connection=PooledConnection{channel=[id: 0x30b9c15a, L:/127.0.0.1:50740 - R:localhost/127.0.0.1:8084]}}, [request_sent])
10:13:40.593 [reactor-http-nio-4] DEBUG reactor.netty.resources.PooledConnectionProvider - [id: 0x30b9c15a, L:/127.0.0.1:50740 - R:localhost/127.0.0.1:8084] Channel connected, now 36 active connections and 27 inactive connections
10:13:40.593 [reactor-http-nio-4] DEBUG reactor.netty.resources.PooledConnectionProvider - [id: 0xa3e8f735, L:/127.0.0.1:50741 - R:localhost/127.0.0.1:8084] Registering pool release on close event for channel
10:13:40.593 [reactor-http-nio-4] DEBUG reactor.netty.http.client.HttpClientConnect - [id: 0xa3e8f735, L:/127.0.0.1:50741 - R:localhost/127.0.0.1:8084] Handler is being applied: {uri=http://localhost:8084/attractionRewardPoint?attractionId=59344aa7-b64a-46cb-873f-4ae5b336bd48&userId=285a8f3d-73aa-447b-a813-d454dc236c0f, method=GET}
10:13:40.593 [reactor-http-nio-3] DEBUG reactor.netty.resources.PooledConnectionProvider - [id: 0xde4a226d, L:/127.0.0.1:50762 - R:localhost/127.0.0.1:8084] onStateChange(GET{uri=/attractionRewardPoint?attractionId=8fcf9d24-24fa-422e-9f89-03a5bec50366&userId=e198e169-3f9d-41e9-b642-ca43ae1b3e66, connection=PooledConnection{channel=[id: 0xde4a226d, L:/127.0.0.1:50762 - R:localhost/127.0.0.1:8084]}}, [request_sent])
10:13:40.593 [reactor-http-nio-3] DEBUG reactor.netty.resources.PooledConnectionProvider - [id: 0xde4a226d, L:/127.0.0.1:50762 - R:localhost/127.0.0.1:8084] Channel connected, now 37 active connections and 26 inactive connections
10:13:40.593 [reactor-http-nio-2] DEBUG reactor.netty.resources.PooledConnectionProvider - [id: 0x6e22cddb, L:/127.0.0.1:50661 - R:localhost/127.0.0.1:8083] onStateChange(GET{uri=/attractions, connection=PooledConnection{channel=[id: 0x6e22cddb, L:/127.0.0.1:50661 - R:localhost/127.0.0.1:8083]}}, [disconnecting])
10:13:40.593 [reactor-http-nio-2] DEBUG reactor.netty.resources.PooledConnectionProvider - [id: 0x6e22cddb, L:/127.0.0.1:50661 - R:localhost/127.0.0.1:8083] Releasing channel
10:13:40.594 [reactor-http-nio-2] DEBUG reactor.netty.resources.PooledConnectionProvider - [id: 0x6e22cddb, L:/127.0.0.1:50661 - R:localhost/127.0.0.1:8083] Channel cleaned, now 20 active connections and 71 inactive connections
10:13:40.594 [reactor-http-nio-1] DEBUG reactor.netty.http.client.HttpClientOperations - [id: 0x51cedde0, L:/127.0.0.1:50642 - R:localhost/127.0.0.1:8083] Received last HTTP packet
10:13:40.594 [reactor-http-nio-4] DEBUG reactor.netty.resources.PooledConnectionProvider - [id: 0xa3e8f735, L:/127.0.0.1:50741 - R:localhost/127.0.0.1:8084] onStateChange(GET{uri=/attractionRewardPoint?attractionId=59344aa7-b64a-46cb-873f-4ae5b336bd48&userId=285a8f3d-73aa-447b-a813-d454dc236c0f, connection=PooledConnection{channel=[id: 0xa3e8f735, L:/127.0.0.1:50741 - R:localhost/127.0.0.1:8084]}}, [request_sent])
10:13:40.594 [reactor-http-nio-4] DEBUG reactor.netty.resources.PooledConnectionProvider - [id: 0xa3e8f735, L:/127.0.0.1:50741 - R:localhost/127.0.0.1:8084] Channel connected, now 37 active connections and 26 inactive connections
10:13:40.594 [reactor-http-nio-1] DEBUG org.springframework.core.codec.StringDecoder - [12a60849] Decoded "[{"longitude":-117.922008,"latitude":33.817595,"attractionName":"Disneyland","city":"Anaheim","stat (truncated)...
10:13:40.594 [reactor-http-nio-4] DEBUG reactor.netty.resources.PooledConnectionProvider - [id: 0x833e183a, L:/127.0.0.1:50742 - R:localhost/127.0.0.1:8084] Registering pool release on close event for channel
10:13:40.594 [reactor-http-nio-1] DEBUG reactor.netty.resources.PooledConnectionProvider - [id: 0x51cedde0, L:/127.0.0.1:50642 - R:localhost/127.0.0.1:8083] onStateChange(GET{uri=/attractions, connection=PooledConnection{channel=[id: 0x51cedde0, L:/127.0.0.1:50642 - R:localhost/127.0.0.1:8083]}}, [disconnecting])
10:13:40.594 [reactor-http-nio-4] DEBUG reactor.netty.http.client.HttpClientConnect - [id: 0x833e183a, L:/127.0.0.1:50742 - R:localhost/127.0.0.1:8084] Handler is being applied: {uri=http://localhost:8084/attractionRewardPoint?attractionId=7c11faed-bb1d-4565-a6db-b2a010768ec1&userId=e306ebf7-82ba-410e-b762-1e54fb160d83, method=GET}
10:13:40.594 [reactor-http-nio-1] DEBUG reactor.netty.resources.PooledConnectionProvider - [id: 0x51cedde0, L:/127.0.0.1:50642 - R:localhost/127.0.0.1:8083] Releasing channel
10:13:40.594 [reactor-http-nio-1] DEBUG reactor.netty.resources.PooledConnectionProvider - [id: 0x51cedde0, L:/127.0.0.1:50642 - R:localhost/127.0.0.1:8083] Channel cleaned, now 19 active connections and 72 inactive connections
10:13:40.595 [reactor-http-nio-2] DEBUG reactor.netty.http.client.HttpClientOperations - [id: 0xa634fb68, L:/127.0.0.1:50662 - R:localhost/127.0.0.1:8083] Received response (auto-read:false) : [Content-Type=application/json, Transfer-Encoding=chunked, Date=Tue, 07 Jun 2022 09:13:39 GMT]
10:13:40.595 [reactor-http-nio-2] DEBUG reactor.netty.resources.PooledConnectionProvider - [id: 0xa634fb68, L:/127.0.0.1:50662 - R:localhost/127.0.0.1:8083] onStateChange(GET{uri=/attractions, connection=PooledConnection{channel=[id: 0xa634fb68, L:/127.0.0.1:50662 - R:localhost/127.0.0.1:8083]}}, [response_received])
10:13:40.595 [reactor-http-nio-2] DEBUG org.springframework.web.reactive.function.client.ExchangeFunctions - [6e7e93d9] Response 200 OK
10:13:40.595 [reactor-http-nio-2] DEBUG reactor.netty.channel.FluxReceive - [id: 0xa634fb68, L:/127.0.0.1:50662 - R:localhost/127.0.0.1:8083] Subscribing inbound receiver [pending: 0, cancelled:false, inboundDone: false]
10:13:40.595 [reactor-http-nio-4] DEBUG reactor.netty.resources.PooledConnectionProvider - [id: 0x833e183a, L:/127.0.0.1:50742 - R:localhost/127.0.0.1:8084] onStateChange(GET{uri=/attractionRewardPoint?attractionId=7c11faed-bb1d-4565-a6db-b2a010768ec1&userId=e306ebf7-82ba-410e-b762-1e54fb160d83, connection=PooledConnection{channel=[id: 0x833e183a, L:/127.0.0.1:50742 - R:localhost/127.0.0.1:8084]}}, [request_sent])
10:13:40.595 [reactor-http-nio-4] DEBUG reactor.netty.resources.PooledConnectionProvider - [id: 0x833e183a, L:/127.0.0.1:50742 - R:localhost/127.0.0.1:8084] Channel connected, now 38 active connections and 25 inactive connections
10:13:40.595 [reactor-http-nio-4] DEBUG reactor.netty.resources.PooledConnectionProvider - [id: 0x4f049100, L:/127.0.0.1:50744 - R:localhost/127.0.0.1:8084] Registering pool release on close event for channel
10:13:40.595 [reactor-http-nio-4] DEBUG reactor.netty.http.client.HttpClientConnect - [id: 0x4f049100, L:/127.0.0.1:50744 - R:localhost/127.0.0.1:8084] Handler is being applied: {uri=http://localhost:8084/attractionRewardPoint?attractionId=5c7f9629-e6b9-4e12-82a9-d433dc8683cf&userId=f53672c7-078f-4c80-a598-ab2bc570a30f, method=GET}
10:13:40.595 [reactor-http-nio-2] DEBUG reactor.netty.http.client.HttpClientOperations - [id: 0xa634fb68, L:/127.0.0.1:50662 - R:localhost/127.0.0.1:8083] Received last HTTP packet
10:13:40.595 [reactor-http-nio-2] DEBUG org.springframework.core.codec.StringDecoder - [6e7e93d9] Decoded "[{"longitude":-117.922008,"latitude":33.817595,"attractionName":"Disneyland","city":"Anaheim","stat (truncated)...
10:13:40.595 [reactor-http-nio-2] DEBUG reactor.netty.resources.PooledConnectionProvider - [id: 0xa634fb68, L:/127.0.0.1:50662 - R:localhost/127.0.0.1:8083] onStateChange(GET{uri=/attractions, connection=PooledConnection{channel=[id: 0xa634fb68, L:/127.0.0.1:50662 - R:localhost/127.0.0.1:8083]}}, [disconnecting])
10:13:40.595 [reactor-http-nio-2] DEBUG reactor.netty.resources.PooledConnectionProvider - [id: 0xa634fb68, L:/127.0.0.1:50662 - R:localhost/127.0.0.1:8083] Releasing channel
10:13:40.596 [reactor-http-nio-2] DEBUG reactor.netty.resources.PooledConnectionProvider - [id: 0xa634fb68, L:/127.0.0.1:50662 - R:localhost/127.0.0.1:8083] Channel cleaned, now 18 active connections and 73 inactive connections
10:13:40.596 [reactor-http-nio-2] DEBUG reactor.netty.http.client.HttpClientOperations - [id: 0x8d657d6f, L:/127.0.0.1:50663 - R:localhost/127.0.0.1:8083] Received response (auto-read:false) : [Content-Type=application/json, Transfer-Encoding=chunked, Date=Tue, 07 Jun 2022 09:13:39 GMT]
10:13:40.596 [reactor-http-nio-2] DEBUG reactor.netty.resources.PooledConnectionProvider - [id: 0x8d657d6f, L:/127.0.0.1:50663 - R:localhost/127.0.0.1:8083] onStateChange(GET{uri=/attractions, connection=PooledConnection{channel=[id: 0x8d657d6f, L:/127.0.0.1:50663 - R:localhost/127.0.0.1:8083]}}, [response_received])
10:13:40.596 [reactor-http-nio-4] DEBUG reactor.netty.resources.PooledConnectionProvider - [id: 0x4f049100, L:/127.0.0.1:50744 - R:localhost/127.0.0.1:8084] onStateChange(GET{uri=/attractionRewardPoint?attractionId=5c7f9629-e6b9-4e12-82a9-d433dc8683cf&userId=f53672c7-078f-4c80-a598-ab2bc570a30f, connection=PooledConnection{channel=[id: 0x4f049100, L:/127.0.0.1:50744 - R:localhost/127.0.0.1:8084]}}, [request_sent])
10:13:40.596 [reactor-http-nio-4] DEBUG reactor.netty.resources.PooledConnectionProvider - [id: 0x4f049100, L:/127.0.0.1:50744 - R:localhost/127.0.0.1:8084] Channel connected, now 39 active connections and 24 inactive connections
10:13:40.596 [reactor-http-nio-4] DEBUG reactor.netty.resources.PooledConnectionProvider - [id: 0x3255e1df, L:/127.0.0.1:50746 - R:localhost/127.0.0.1:8084] Registering pool release on close event for channel
10:13:40.596 [reactor-http-nio-4] DEBUG reactor.netty.http.client.HttpClientConnect - [id: 0x3255e1df, L:/127.0.0.1:50746 - R:localhost/127.0.0.1:8084] Handler is being applied: {uri=http://localhost:8084/attractionRewardPoint?attractionId=e7b42292-20e7-452c-87cb-557a37d7da79&userId=3ef9d21f-9f1a-4332-9b8c-0bf168c8ef50, method=GET}
10:13:40.596 [reactor-http-nio-2] DEBUG org.springframework.web.reactive.function.client.ExchangeFunctions - [173ba36d] Response 200 OK
10:13:40.600 [reactor-http-nio-4] DEBUG reactor.netty.resources.PooledConnectionProvider - [id: 0x3255e1df, L:/127.0.0.1:50746 - R:localhost/127.0.0.1:8084] onStateChange(GET{uri=/attractionRewardPoint?attractionId=e7b42292-20e7-452c-87cb-557a37d7da79&userId=3ef9d21f-9f1a-4332-9b8c-0bf168c8ef50, connection=PooledConnection{channel=[id: 0x3255e1df, L:/127.0.0.1:50746 - R:localhost/127.0.0.1:8084]}}, [request_sent])
10:13:40.601 [reactor-http-nio-4] DEBUG reactor.netty.resources.PooledConnectionProvider - [id: 0x3255e1df, L:/127.0.0.1:50746 - R:localhost/127.0.0.1:8084] Channel connected, now 40 active connections and 23 inactive connections
10:13:40.601 [reactor-http-nio-4] DEBUG reactor.netty.resources.PooledConnectionProvider - [id: 0x63c75a8a, L:/127.0.0.1:50753 - R:localhost/127.0.0.1:8084] Registering pool release on close event for channel
10:13:40.601 [reactor-http-nio-4] DEBUG reactor.netty.http.client.HttpClientConnect - [id: 0x63c75a8a, L:/127.0.0.1:50753 - R:localhost/127.0.0.1:8084] Handler is being applied: {uri=http://localhost:8084/attractionRewardPoint?attractionId=9f4366cb-9a24-474b-9fc2-65c5b794db8d&userId=5e782c2c-4785-4413-8a6d-0d086452d61b, method=GET}
10:13:40.601 [reactor-http-nio-3] DEBUG reactor.netty.http.client.HttpClientOperations - [id: 0xca71adf9, L:/127.0.0.1:50657 - R:localhost/127.0.0.1:8083] Received response (auto-read:false) : [Content-Type=application/json, Transfer-Encoding=chunked, Date=Tue, 07 Jun 2022 09:13:40 GMT]
10:13:40.601 [reactor-http-nio-3] DEBUG reactor.netty.resources.PooledConnectionProvider - [id: 0xca71adf9, L:/127.0.0.1:50657 - R:localhost/127.0.0.1:8083] onStateChange(GET{uri=/attractions, connection=PooledConnection{channel=[id: 0xca71adf9, L:/127.0.0.1:50657 - R:localhost/127.0.0.1:8083]}}, [response_received])
10:13:40.602 [reactor-http-nio-3] DEBUG org.springframework.web.reactive.function.client.ExchangeFunctions - [5ee7ab90] Response 200 OK
10:13:40.602 [reactor-http-nio-4] DEBUG reactor.netty.resources.PooledConnectionProvider - [id: 0x63c75a8a, L:/127.0.0.1:50753 - R:localhost/127.0.0.1:8084] onStateChange(GET{uri=/attractionRewardPoint?attractionId=9f4366cb-9a24-474b-9fc2-65c5b794db8d&userId=5e782c2c-4785-4413-8a6d-0d086452d61b, connection=PooledConnection{channel=[id: 0x63c75a8a, L:/127.0.0.1:50753 - R:localhost/127.0.0.1:8084]}}, [request_sent])
10:13:40.602 [reactor-http-nio-3] DEBUG reactor.netty.channel.FluxReceive - [id: 0xca71adf9, L:/127.0.0.1:50657 - R:localhost/127.0.0.1:8083] Subscribing inbound receiver [pending: 0, cancelled:false, inboundDone: false]
10:13:40.602 [reactor-http-nio-4] DEBUG reactor.netty.resources.PooledConnectionProvider - [id: 0x63c75a8a, L:/127.0.0.1:50753 - R:localhost/127.0.0.1:8084] Channel connected, now 41 active connections and 22 inactive connections
10:13:40.602 [reactor-http-nio-4] DEBUG reactor.netty.resources.PooledConnectionProvider - [id: 0xaf0062a0, L:/127.0.0.1:50754 - R:localhost/127.0.0.1:8084] Registering pool release on close event for channel
10:13:40.602 [reactor-http-nio-4] DEBUG reactor.netty.http.client.HttpClientConnect - [id: 0xaf0062a0, L:/127.0.0.1:50754 - R:localhost/127.0.0.1:8084] Handler is being applied: {uri=http://localhost:8084/attractionRewardPoint?attractionId=5aa8e30a-89ac-405e-8ba3-f3489f4e6efb&userId=76309d6e-ba2a-4ee8-a912-745eca9de9e0, method=GET}
10:13:40.603 [reactor-http-nio-4] DEBUG reactor.netty.resources.PooledConnectionProvider - [id: 0xaf0062a0, L:/127.0.0.1:50754 - R:localhost/127.0.0.1:8084] onStateChange(GET{uri=/attractionRewardPoint?attractionId=5aa8e30a-89ac-405e-8ba3-f3489f4e6efb&userId=76309d6e-ba2a-4ee8-a912-745eca9de9e0, connection=PooledConnection{channel=[id: 0xaf0062a0, L:/127.0.0.1:50754 - R:localhost/127.0.0.1:8084]}}, [request_sent])
10:13:40.603 [reactor-http-nio-4] DEBUG reactor.netty.resources.PooledConnectionProvider - [id: 0xaf0062a0, L:/127.0.0.1:50754 - R:localhost/127.0.0.1:8084] Channel connected, now 42 active connections and 21 inactive connections
10:13:40.603 [reactor-http-nio-4] DEBUG reactor.netty.resources.PooledConnectionProvider - [id: 0x2f9e1089, L:/127.0.0.1:50755 - R:localhost/127.0.0.1:8084] Registering pool release on close event for channel
10:13:40.603 [reactor-http-nio-4] DEBUG reactor.netty.http.client.HttpClientConnect - [id: 0x2f9e1089, L:/127.0.0.1:50755 - R:localhost/127.0.0.1:8084] Handler is being applied: {uri=http://localhost:8084/attractionRewardPoint?attractionId=61d7b39f-93f4-4f82-9f62-d7a86e899aec&userId=3259481b-b05f-4503-b766-4ac299883d06, method=GET}
10:13:40.603 [reactor-http-nio-3] DEBUG reactor.netty.http.client.HttpClientOperations - [id: 0xca71adf9, L:/127.0.0.1:50657 - R:localhost/127.0.0.1:8083] Received last HTTP packet
10:13:40.603 [reactor-http-nio-3] DEBUG org.springframework.core.codec.StringDecoder - [5ee7ab90] Decoded "[{"longitude":-117.922008,"latitude":33.817595,"attractionName":"Disneyland","city":"Anaheim","stat (truncated)...
10:13:40.603 [reactor-http-nio-3] DEBUG reactor.netty.resources.PooledConnectionProvider - [id: 0xca71adf9, L:/127.0.0.1:50657 - R:localhost/127.0.0.1:8083] onStateChange(GET{uri=/attractions, connection=PooledConnection{channel=[id: 0xca71adf9, L:/127.0.0.1:50657 - R:localhost/127.0.0.1:8083]}}, [disconnecting])
10:13:40.603 [reactor-http-nio-3] DEBUG reactor.netty.resources.PooledConnectionProvider - [id: 0xca71adf9, L:/127.0.0.1:50657 - R:localhost/127.0.0.1:8083] Releasing channel
10:13:40.603 [reactor-http-nio-3] DEBUG reactor.netty.resources.PooledConnectionProvider - [id: 0xca71adf9, L:/127.0.0.1:50657 - R:localhost/127.0.0.1:8083] Channel cleaned, now 17 active connections and 74 inactive connections
10:13:40.604 [reactor-http-nio-4] DEBUG reactor.netty.resources.PooledConnectionProvider - [id: 0x2f9e1089, L:/127.0.0.1:50755 - R:localhost/127.0.0.1:8084] onStateChange(GET{uri=/attractionRewardPoint?attractionId=61d7b39f-93f4-4f82-9f62-d7a86e899aec&userId=3259481b-b05f-4503-b766-4ac299883d06, connection=PooledConnection{channel=[id: 0x2f9e1089, L:/127.0.0.1:50755 - R:localhost/127.0.0.1:8084]}}, [request_sent])
10:13:40.604 [reactor-http-nio-4] DEBUG reactor.netty.resources.PooledConnectionProvider - [id: 0x2f9e1089, L:/127.0.0.1:50755 - R:localhost/127.0.0.1:8084] Channel connected, now 43 active connections and 20 inactive connections
10:13:40.604 [reactor-http-nio-4] DEBUG reactor.netty.resources.PooledConnectionProvider - [id: 0x98316c91, L:/127.0.0.1:50759 - R:localhost/127.0.0.1:8084] Registering pool release on close event for channel
10:13:40.604 [reactor-http-nio-4] DEBUG reactor.netty.http.client.HttpClientConnect - [id: 0x98316c91, L:/127.0.0.1:50759 - R:localhost/127.0.0.1:8084] Handler is being applied: {uri=http://localhost:8084/attractionRewardPoint?attractionId=f472d2fb-9fa0-4542-abde-056413058b9b&userId=c6fe09ac-9aec-444e-bc17-375014e9cb7f, method=GET}
10:13:40.605 [reactor-http-nio-4] DEBUG reactor.netty.resources.PooledConnectionProvider - [id: 0x98316c91, L:/127.0.0.1:50759 - R:localhost/127.0.0.1:8084] onStateChange(GET{uri=/attractionRewardPoint?attractionId=f472d2fb-9fa0-4542-abde-056413058b9b&userId=c6fe09ac-9aec-444e-bc17-375014e9cb7f, connection=PooledConnection{channel=[id: 0x98316c91, L:/127.0.0.1:50759 - R:localhost/127.0.0.1:8084]}}, [request_sent])
10:13:40.605 [reactor-http-nio-4] DEBUG reactor.netty.resources.PooledConnectionProvider - [id: 0x98316c91, L:/127.0.0.1:50759 - R:localhost/127.0.0.1:8084] Channel connected, now 44 active connections and 19 inactive connections
10:13:40.605 [reactor-http-nio-4] DEBUG reactor.netty.resources.PooledConnectionProvider - [id: 0x92582088, L:/127.0.0.1:50760 - R:localhost/127.0.0.1:8084] Registering pool release on close event for channel
10:13:40.605 [reactor-http-nio-4] DEBUG reactor.netty.http.client.HttpClientConnect - [id: 0x92582088, L:/127.0.0.1:50760 - R:localhost/127.0.0.1:8084] Handler is being applied: {uri=http://localhost:8084/attractionRewardPoint?attractionId=29a41d11-8953-4654-8103-c873f6d719ac&userId=4c169ce2-e0e3-454f-9d5c-122b1bc6c714, method=GET}
10:13:40.606 [pool-7-thread-78] DEBUG org.springframework.web.reactive.function.client.ExchangeFunctions - [2f81527e] HTTP GET http://localhost:8084/attractionRewardPoint?attractionId=e84cbfb8-f62c-465f-91b0-15a3a32e4008&userId=8ccaf1b4-1117-430b-8f7c-7116f58e0c02
10:13:40.595 [reactor-http-nio-1] DEBUG reactor.netty.http.client.HttpClientOperations - [id: 0x895d9623, L:/127.0.0.1:50643 - R:localhost/127.0.0.1:8083] Received response (auto-read:false) : [Content-Type=application/json, Transfer-Encoding=chunked, Date=Tue, 07 Jun 2022 09:13:39 GMT]
10:13:40.606 [reactor-http-nio-1] DEBUG reactor.netty.resources.PooledConnectionProvider - [id: 0x895d9623, L:/127.0.0.1:50643 - R:localhost/127.0.0.1:8083] onStateChange(GET{uri=/attractions, connection=PooledConnection{channel=[id: 0x895d9623, L:/127.0.0.1:50643 - R:localhost/127.0.0.1:8083]}}, [response_received])
10:13:40.607 [reactor-http-nio-1] DEBUG org.springframework.web.reactive.function.client.ExchangeFunctions - [57f86b9a] Response 200 OK
10:13:40.607 [reactor-http-nio-1] DEBUG reactor.netty.channel.FluxReceive - [id: 0x895d9623, L:/127.0.0.1:50643 - R:localhost/127.0.0.1:8083] Subscribing inbound receiver [pending: 0, cancelled:false, inboundDone: false]
10:13:40.607 [reactor-http-nio-1] DEBUG reactor.netty.http.client.HttpClientOperations - [id: 0x895d9623, L:/127.0.0.1:50643 - R:localhost/127.0.0.1:8083] Received last HTTP packet
10:13:40.607 [reactor-http-nio-1] DEBUG org.springframework.core.codec.StringDecoder - [57f86b9a] Decoded "[{"longitude":-117.922008,"latitude":33.817595,"attractionName":"Disneyland","city":"Anaheim","stat (truncated)...
10:13:40.607 [reactor-http-nio-1] DEBUG reactor.netty.resources.PooledConnectionProvider - [id: 0x895d9623, L:/127.0.0.1:50643 - R:localhost/127.0.0.1:8083] onStateChange(GET{uri=/attractions, connection=PooledConnection{channel=[id: 0x895d9623, L:/127.0.0.1:50643 - R:localhost/127.0.0.1:8083]}}, [disconnecting])
10:13:40.607 [reactor-http-nio-1] DEBUG reactor.netty.resources.PooledConnectionProvider - [id: 0x895d9623, L:/127.0.0.1:50643 - R:localhost/127.0.0.1:8083] Releasing channel
10:13:40.607 [reactor-http-nio-1] DEBUG reactor.netty.resources.PooledConnectionProvider - [id: 0x895d9623, L:/127.0.0.1:50643 - R:localhost/127.0.0.1:8083] Channel cleaned, now 16 active connections and 75 inactive connections
10:13:40.608 [reactor-http-nio-1] DEBUG reactor.netty.http.client.HttpClientOperations - [id: 0xb12e3ff3, L:/127.0.0.1:50644 - R:localhost/127.0.0.1:8083] Received response (auto-read:false) : [Content-Type=application/json, Transfer-Encoding=chunked, Date=Tue, 07 Jun 2022 09:13:39 GMT]
10:13:40.608 [reactor-http-nio-1] DEBUG reactor.netty.resources.PooledConnectionProvider - [id: 0xb12e3ff3, L:/127.0.0.1:50644 - R:localhost/127.0.0.1:8083] onStateChange(GET{uri=/attractions, connection=PooledConnection{channel=[id: 0xb12e3ff3, L:/127.0.0.1:50644 - R:localhost/127.0.0.1:8083]}}, [response_received])
10:13:40.608 [reactor-http-nio-1] DEBUG org.springframework.web.reactive.function.client.ExchangeFunctions - [4b092f3d] Response 200 OK
10:13:40.608 [pool-7-thread-45] DEBUG org.springframework.web.reactive.function.client.ExchangeFunctions - [60b97066] HTTP GET http://localhost:8084/attractionRewardPoint?attractionId=529abaec-47fc-4a81-9a49-27e48077263b&userId=95c11f38-994f-4959-bf61-9657f40cf135
10:13:40.608 [reactor-http-nio-1] DEBUG reactor.netty.channel.FluxReceive - [id: 0xb12e3ff3, L:/127.0.0.1:50644 - R:localhost/127.0.0.1:8083] Subscribing inbound receiver [pending: 0, cancelled:false, inboundDone: false]
10:13:40.608 [reactor-http-nio-1] DEBUG reactor.netty.http.client.HttpClientOperations - [id: 0xb12e3ff3, L:/127.0.0.1:50644 - R:localhost/127.0.0.1:8083] Received last HTTP packet
10:13:40.608 [reactor-http-nio-1] DEBUG org.springframework.core.codec.StringDecoder - [4b092f3d] Decoded "[{"longitude":-117.922008,"latitude":33.817595,"attractionName":"Disneyland","city":"Anaheim","stat (truncated)...
10:13:40.608 [reactor-http-nio-1] DEBUG reactor.netty.resources.PooledConnectionProvider - [id: 0xb12e3ff3, L:/127.0.0.1:50644 - R:localhost/127.0.0.1:8083] onStateChange(GET{uri=/attractions, connection=PooledConnection{channel=[id: 0xb12e3ff3, L:/127.0.0.1:50644 - R:localhost/127.0.0.1:8083]}}, [disconnecting])
10:13:40.608 [reactor-http-nio-1] DEBUG reactor.netty.resources.PooledConnectionProvider - [id: 0xb12e3ff3, L:/127.0.0.1:50644 - R:localhost/127.0.0.1:8083] Releasing channel
10:13:40.608 [reactor-http-nio-1] DEBUG reactor.netty.resources.PooledConnectionProvider - [id: 0xb12e3ff3, L:/127.0.0.1:50644 - R:localhost/127.0.0.1:8083] Channel cleaned, now 15 active connections and 76 inactive connections
10:13:40.609 [reactor-http-nio-1] DEBUG reactor.netty.http.client.HttpClientOperations - [id: 0x91102b11, L:/127.0.0.1:50646 - R:localhost/127.0.0.1:8083] Received response (auto-read:false) : [Content-Type=application/json, Transfer-Encoding=chunked, Date=Tue, 07 Jun 2022 09:13:39 GMT]
10:13:40.609 [reactor-http-nio-1] DEBUG reactor.netty.resources.PooledConnectionProvider - [id: 0x91102b11, L:/127.0.0.1:50646 - R:localhost/127.0.0.1:8083] onStateChange(GET{uri=/attractions, connection=PooledConnection{channel=[id: 0x91102b11, L:/127.0.0.1:50646 - R:localhost/127.0.0.1:8083]}}, [response_received])
10:13:40.609 [reactor-http-nio-1] DEBUG org.springframework.web.reactive.function.client.ExchangeFunctions - [2caff4b1] Response 200 OK
10:13:40.609 [reactor-http-nio-1] DEBUG reactor.netty.channel.FluxReceive - [id: 0x91102b11, L:/127.0.0.1:50646 - R:localhost/127.0.0.1:8083] Subscribing inbound receiver [pending: 0, cancelled:false, inboundDone: false]
10:13:40.610 [reactor-http-nio-1] DEBUG reactor.netty.http.client.HttpClientOperations - [id: 0x91102b11, L:/127.0.0.1:50646 - R:localhost/127.0.0.1:8083] Received last HTTP packet
10:13:40.610 [reactor-http-nio-1] DEBUG org.springframework.core.codec.StringDecoder - [2caff4b1] Decoded "[{"longitude":-117.922008,"latitude":33.817595,"attractionName":"Disneyland","city":"Anaheim","stat (truncated)...
10:13:40.610 [reactor-http-nio-1] DEBUG reactor.netty.resources.PooledConnectionProvider - [id: 0x91102b11, L:/127.0.0.1:50646 - R:localhost/127.0.0.1:8083] onStateChange(GET{uri=/attractions, connection=PooledConnection{channel=[id: 0x91102b11, L:/127.0.0.1:50646 - R:localhost/127.0.0.1:8083]}}, [disconnecting])
10:13:40.610 [reactor-http-nio-1] DEBUG reactor.netty.resources.PooledConnectionProvider - [id: 0x91102b11, L:/127.0.0.1:50646 - R:localhost/127.0.0.1:8083] Releasing channel
10:13:40.610 [reactor-http-nio-1] DEBUG reactor.netty.resources.PooledConnectionProvider - [id: 0x91102b11, L:/127.0.0.1:50646 - R:localhost/127.0.0.1:8083] Channel cleaned, now 14 active connections and 77 inactive connections
10:13:40.610 [reactor-http-nio-1] DEBUG reactor.netty.http.client.HttpClientOperations - [id: 0xde36731e, L:/127.0.0.1:50647 - R:localhost/127.0.0.1:8083] Received response (auto-read:false) : [Content-Type=application/json, Transfer-Encoding=chunked, Date=Tue, 07 Jun 2022 09:13:39 GMT]
10:13:40.610 [reactor-http-nio-1] DEBUG reactor.netty.resources.PooledConnectionProvider - [id: 0xde36731e, L:/127.0.0.1:50647 - R:localhost/127.0.0.1:8083] onStateChange(GET{uri=/attractions, connection=PooledConnection{channel=[id: 0xde36731e, L:/127.0.0.1:50647 - R:localhost/127.0.0.1:8083]}}, [response_received])
10:13:40.610 [reactor-http-nio-1] DEBUG org.springframework.web.reactive.function.client.ExchangeFunctions - [7b52b984] Response 200 OK
10:13:40.610 [pool-7-thread-99] DEBUG org.springframework.web.reactive.function.client.ExchangeFunctions - [50204e3c] HTTP GET http://localhost:8084/attractionRewardPoint?attractionId=b48fd3e6-4d07-4aef-b4a6-9c5d86b1ff5f&userId=98a7b76b-be48-43e8-8768-8bdb276972ff
10:13:40.610 [pool-7-thread-76] DEBUG org.springframework.web.reactive.function.client.ExchangeFunctions - [238eab48] HTTP GET http://localhost:8084/attractionRewardPoint?attractionId=4aa05616-87b0-419f-ac8b-54c7b5e643bb&userId=29a93660-f8d3-4284-b04b-c3a38b5343c7
10:13:40.611 [reactor-http-nio-1] DEBUG reactor.netty.channel.FluxReceive - [id: 0xde36731e, L:/127.0.0.1:50647 - R:localhost/127.0.0.1:8083] Subscribing inbound receiver [pending: 0, cancelled:false, inboundDone: false]
10:13:40.611 [reactor-http-nio-1] DEBUG reactor.netty.http.client.HttpClientOperations - [id: 0xde36731e, L:/127.0.0.1:50647 - R:localhost/127.0.0.1:8083] Received last HTTP packet
10:13:40.611 [reactor-http-nio-1] DEBUG org.springframework.core.codec.StringDecoder - [7b52b984] Decoded "[{"longitude":-117.922008,"latitude":33.817595,"attractionName":"Disneyland","city":"Anaheim","stat (truncated)...
10:13:40.611 [reactor-http-nio-1] DEBUG reactor.netty.resources.PooledConnectionProvider - [id: 0xde36731e, L:/127.0.0.1:50647 - R:localhost/127.0.0.1:8083] onStateChange(GET{uri=/attractions, connection=PooledConnection{channel=[id: 0xde36731e, L:/127.0.0.1:50647 - R:localhost/127.0.0.1:8083]}}, [disconnecting])
10:13:40.611 [reactor-http-nio-4] DEBUG reactor.netty.resources.PooledConnectionProvider - [id: 0x92582088, L:/127.0.0.1:50760 - R:localhost/127.0.0.1:8084] onStateChange(GET{uri=/attractionRewardPoint?attractionId=29a41d11-8953-4654-8103-c873f6d719ac&userId=4c169ce2-e0e3-454f-9d5c-122b1bc6c714, connection=PooledConnection{channel=[id: 0x92582088, L:/127.0.0.1:50760 - R:localhost/127.0.0.1:8084]}}, [request_sent])
10:13:40.611 [reactor-http-nio-4] DEBUG reactor.netty.resources.PooledConnectionProvider - [id: 0x92582088, L:/127.0.0.1:50760 - R:localhost/127.0.0.1:8084] Channel connected, now 45 active connections and 18 inactive connections
10:13:40.611 [reactor-http-nio-4] DEBUG reactor.netty.resources.PooledConnectionProvider - [id: 0xa4e3db9d] Created new pooled channel, now 45 active connections and 19 inactive connections
10:13:40.611 [reactor-http-nio-4] DEBUG reactor.netty.channel.BootstrapHandlers - [id: 0xa4e3db9d] Initialized pipeline DefaultChannelPipeline{(BootstrapHandlers$BootstrapInitializerHandler#0 = reactor.netty.channel.BootstrapHandlers$BootstrapInitializerHandler), (SimpleChannelPool$1#0 = io.netty.channel.pool.SimpleChannelPool$1), (reactor.left.httpCodec = io.netty.handler.codec.http.HttpClientCodec), (reactor.left.decompressor = io.netty.handler.codec.http.HttpContentDecompressor), (reactor.right.reactiveBridge = reactor.netty.channel.ChannelOperationsHandler)}
10:13:40.612 [reactor-http-nio-4] DEBUG reactor.netty.resources.PooledConnectionProvider - [id: 0xc8702a80] Created new pooled channel, now 45 active connections and 20 inactive connections
10:13:40.612 [reactor-http-nio-2] DEBUG reactor.netty.channel.FluxReceive - [id: 0x8d657d6f, L:/127.0.0.1:50663 - R:localhost/127.0.0.1:8083] Subscribing inbound receiver [pending: 0, cancelled:false, inboundDone: false]
10:13:40.612 [reactor-http-nio-2] DEBUG reactor.netty.http.client.HttpClientOperations - [id: 0x8d657d6f, L:/127.0.0.1:50663 - R:localhost/127.0.0.1:8083] Received last HTTP packet
10:13:40.613 [reactor-http-nio-2] DEBUG org.springframework.core.codec.StringDecoder - [173ba36d] Decoded "[{"longitude":-117.922008,"latitude":33.817595,"attractionName":"Disneyland","city":"Anaheim","stat (truncated)...
10:13:40.613 [reactor-http-nio-2] DEBUG reactor.netty.resources.PooledConnectionProvider - [id: 0x8d657d6f, L:/127.0.0.1:50663 - R:localhost/127.0.0.1:8083] onStateChange(GET{uri=/attractions, connection=PooledConnection{channel=[id: 0x8d657d6f, L:/127.0.0.1:50663 - R:localhost/127.0.0.1:8083]}}, [disconnecting])
10:13:40.613 [reactor-http-nio-2] DEBUG reactor.netty.resources.PooledConnectionProvider - [id: 0x8d657d6f, L:/127.0.0.1:50663 - R:localhost/127.0.0.1:8083] Releasing channel
10:13:40.613 [reactor-http-nio-2] DEBUG reactor.netty.resources.PooledConnectionProvider - [id: 0x8d657d6f, L:/127.0.0.1:50663 - R:localhost/127.0.0.1:8083] Channel cleaned, now 13 active connections and 78 inactive connections
10:13:40.613 [reactor-http-nio-2] DEBUG reactor.netty.http.client.HttpClientOperations - [id: 0x0da0a9f9, L:/127.0.0.1:50665 - R:localhost/127.0.0.1:8083] Received response (auto-read:false) : [Content-Type=application/json, Transfer-Encoding=chunked, Date=Tue, 07 Jun 2022 09:13:39 GMT]
10:13:40.613 [reactor-http-nio-2] DEBUG reactor.netty.resources.PooledConnectionProvider - [id: 0x0da0a9f9, L:/127.0.0.1:50665 - R:localhost/127.0.0.1:8083] onStateChange(GET{uri=/attractions, connection=PooledConnection{channel=[id: 0x0da0a9f9, L:/127.0.0.1:50665 - R:localhost/127.0.0.1:8083]}}, [response_received])
10:13:40.613 [reactor-http-nio-2] DEBUG org.springframework.web.reactive.function.client.ExchangeFunctions - [130263db] Response 200 OK
10:13:40.613 [reactor-http-nio-2] DEBUG reactor.netty.channel.FluxReceive - [id: 0x0da0a9f9, L:/127.0.0.1:50665 - R:localhost/127.0.0.1:8083] Subscribing inbound receiver [pending: 0, cancelled:false, inboundDone: false]
10:13:40.613 [reactor-http-nio-2] DEBUG reactor.netty.http.client.HttpClientOperations - [id: 0x0da0a9f9, L:/127.0.0.1:50665 - R:localhost/127.0.0.1:8083] Received last HTTP packet
10:13:40.614 [reactor-http-nio-2] DEBUG org.springframework.core.codec.StringDecoder - [130263db] Decoded "[{"longitude":-117.922008,"latitude":33.817595,"attractionName":"Disneyland","city":"Anaheim","stat (truncated)...
10:13:40.614 [pool-7-thread-96] DEBUG org.springframework.web.reactive.function.client.ExchangeFunctions - [22680f54] HTTP GET http://localhost:8084/attractionRewardPoint?attractionId=b3ed894b-3ed6-42af-9341-fcb6dbdaf5a9&userId=08338153-a1f7-4115-99cc-af0c0c51972d
10:13:40.614 [reactor-http-nio-1] DEBUG reactor.netty.resources.PooledConnectionProvider - [id: 0xde36731e, L:/127.0.0.1:50647 - R:localhost/127.0.0.1:8083] Releasing channel
10:13:40.614 [reactor-http-nio-1] DEBUG reactor.netty.resources.PooledConnectionProvider - [id: 0xde36731e, L:/127.0.0.1:50647 - R:localhost/127.0.0.1:8083] Channel cleaned, now 12 active connections and 79 inactive connections
10:13:40.614 [pool-7-thread-93] DEBUG org.springframework.web.reactive.function.client.ExchangeFunctions - [1c61f46d] HTTP GET http://localhost:8084/attractionRewardPoint?attractionId=53ca9202-99aa-480f-ad5b-359dd8c06f23&userId=068f66f5-e383-4345-af0b-b3a744bad9cc
10:13:40.615 [pool-7-thread-42] DEBUG org.springframework.web.reactive.function.client.ExchangeFunctions - [19fc5ffa] HTTP GET http://localhost:8084/attractionRewardPoint?attractionId=fdedc03e-8190-4dfc-a8f7-87b7d53b0a4b&userId=70cb0e49-d240-47f2-8841-9928694b2969
10:13:40.615 [reactor-http-nio-1] DEBUG reactor.netty.http.client.HttpClientOperations - [id: 0xb5706181, L:/127.0.0.1:50648 - R:localhost/127.0.0.1:8083] Received response (auto-read:false) : [Content-Type=application/json, Transfer-Encoding=chunked, Date=Tue, 07 Jun 2022 09:13:39 GMT]
10:13:40.615 [reactor-http-nio-1] DEBUG reactor.netty.resources.PooledConnectionProvider - [id: 0xb5706181, L:/127.0.0.1:50648 - R:localhost/127.0.0.1:8083] onStateChange(GET{uri=/attractions, connection=PooledConnection{channel=[id: 0xb5706181, L:/127.0.0.1:50648 - R:localhost/127.0.0.1:8083]}}, [response_received])
10:13:40.615 [reactor-http-nio-1] DEBUG org.springframework.web.reactive.function.client.ExchangeFunctions - [1dbffb66] Response 200 OK
10:13:40.615 [reactor-http-nio-1] DEBUG reactor.netty.channel.FluxReceive - [id: 0xb5706181, L:/127.0.0.1:50648 - R:localhost/127.0.0.1:8083] Subscribing inbound receiver [pending: 0, cancelled:false, inboundDone: false]
10:13:40.615 [reactor-http-nio-1] DEBUG reactor.netty.http.client.HttpClientOperations - [id: 0xb5706181, L:/127.0.0.1:50648 - R:localhost/127.0.0.1:8083] Received last HTTP packet
10:13:40.616 [reactor-http-nio-1] DEBUG org.springframework.core.codec.StringDecoder - [1dbffb66] Decoded "[{"longitude":-117.922008,"latitude":33.817595,"attractionName":"Disneyland","city":"Anaheim","stat (truncated)...
10:13:40.616 [reactor-http-nio-1] DEBUG reactor.netty.resources.PooledConnectionProvider - [id: 0xb5706181, L:/127.0.0.1:50648 - R:localhost/127.0.0.1:8083] onStateChange(GET{uri=/attractions, connection=PooledConnection{channel=[id: 0xb5706181, L:/127.0.0.1:50648 - R:localhost/127.0.0.1:8083]}}, [disconnecting])
10:13:40.616 [reactor-http-nio-1] DEBUG reactor.netty.resources.PooledConnectionProvider - [id: 0xb5706181, L:/127.0.0.1:50648 - R:localhost/127.0.0.1:8083] Releasing channel
10:13:40.616 [reactor-http-nio-1] DEBUG reactor.netty.resources.PooledConnectionProvider - [id: 0xb5706181, L:/127.0.0.1:50648 - R:localhost/127.0.0.1:8083] Channel cleaned, now 11 active connections and 80 inactive connections
10:13:40.616 [reactor-http-nio-1] DEBUG reactor.netty.http.client.HttpClientOperations - [id: 0xdc047dac, L:/127.0.0.1:50690 - R:localhost/127.0.0.1:8083] Received response (auto-read:false) : [Content-Type=application/json, Transfer-Encoding=chunked, Date=Tue, 07 Jun 2022 09:13:39 GMT]
10:13:40.616 [reactor-http-nio-1] DEBUG reactor.netty.resources.PooledConnectionProvider - [id: 0xdc047dac, L:/127.0.0.1:50690 - R:localhost/127.0.0.1:8083] onStateChange(GET{uri=/attractions, connection=PooledConnection{channel=[id: 0xdc047dac, L:/127.0.0.1:50690 - R:localhost/127.0.0.1:8083]}}, [response_received])
10:13:40.616 [reactor-http-nio-1] DEBUG org.springframework.web.reactive.function.client.ExchangeFunctions - [15b79ecb] Response 200 OK
10:13:40.616 [reactor-http-nio-1] DEBUG reactor.netty.channel.FluxReceive - [id: 0xdc047dac, L:/127.0.0.1:50690 - R:localhost/127.0.0.1:8083] Subscribing inbound receiver [pending: 0, cancelled:false, inboundDone: false]
10:13:40.617 [reactor-http-nio-1] DEBUG reactor.netty.http.client.HttpClientOperations - [id: 0xdc047dac, L:/127.0.0.1:50690 - R:localhost/127.0.0.1:8083] Received last HTTP packet
10:13:40.618 [reactor-http-nio-1] DEBUG org.springframework.core.codec.StringDecoder - [15b79ecb] Decoded "[{"longitude":-117.922008,"latitude":33.817595,"attractionName":"Disneyland","city":"Anaheim","stat (truncated)...
10:13:40.618 [pool-7-thread-43] DEBUG org.springframework.web.reactive.function.client.ExchangeFunctions - [1dc58fcb] HTTP GET http://localhost:8084/attractionRewardPoint?attractionId=b220b371-b854-414d-9f0d-2d4bab1fda67&userId=020c8986-4fef-4e11-b23c-8000a8094176
10:13:40.618 [reactor-http-nio-1] DEBUG reactor.netty.resources.PooledConnectionProvider - [id: 0xdc047dac, L:/127.0.0.1:50690 - R:localhost/127.0.0.1:8083] onStateChange(GET{uri=/attractions, connection=PooledConnection{channel=[id: 0xdc047dac, L:/127.0.0.1:50690 - R:localhost/127.0.0.1:8083]}}, [disconnecting])
10:13:40.618 [reactor-http-nio-1] DEBUG reactor.netty.resources.PooledConnectionProvider - [id: 0xdc047dac, L:/127.0.0.1:50690 - R:localhost/127.0.0.1:8083] Releasing channel
10:13:40.618 [reactor-http-nio-1] DEBUG reactor.netty.resources.PooledConnectionProvider - [id: 0xdc047dac, L:/127.0.0.1:50690 - R:localhost/127.0.0.1:8083] Channel cleaned, now 10 active connections and 81 inactive connections
10:13:40.618 [reactor-http-nio-1] DEBUG reactor.netty.http.client.HttpClientOperations - [id: 0x0a3705f4, L:/127.0.0.1:50699 - R:localhost/127.0.0.1:8083] Received response (auto-read:false) : [Content-Type=application/json, Transfer-Encoding=chunked, Date=Tue, 07 Jun 2022 09:13:39 GMT]
10:13:40.618 [reactor-http-nio-1] DEBUG reactor.netty.resources.PooledConnectionProvider - [id: 0x0a3705f4, L:/127.0.0.1:50699 - R:localhost/127.0.0.1:8083] onStateChange(GET{uri=/attractions, connection=PooledConnection{channel=[id: 0x0a3705f4, L:/127.0.0.1:50699 - R:localhost/127.0.0.1:8083]}}, [response_received])
10:13:40.618 [reactor-http-nio-1] DEBUG org.springframework.web.reactive.function.client.ExchangeFunctions - [19c44400] Response 200 OK
10:13:40.614 [pool-7-thread-77] DEBUG org.springframework.web.reactive.function.client.ExchangeFunctions - [7595589e] HTTP GET http://localhost:8084/attractionRewardPoint?attractionId=2ab1bb0d-e838-4d01-af66-a857d7aa9a38&userId=178b58c8-2073-4fad-8256-3f2caeee26c6
10:13:40.618 [reactor-http-nio-1] DEBUG reactor.netty.channel.FluxReceive - [id: 0x0a3705f4, L:/127.0.0.1:50699 - R:localhost/127.0.0.1:8083] Subscribing inbound receiver [pending: 0, cancelled:false, inboundDone: false]
10:13:40.618 [reactor-http-nio-1] DEBUG reactor.netty.http.client.HttpClientOperations - [id: 0x0a3705f4, L:/127.0.0.1:50699 - R:localhost/127.0.0.1:8083] Received last HTTP packet
10:13:40.619 [reactor-http-nio-4] DEBUG reactor.netty.channel.BootstrapHandlers - [id: 0xc8702a80] Initialized pipeline DefaultChannelPipeline{(BootstrapHandlers$BootstrapInitializerHandler#0 = reactor.netty.channel.BootstrapHandlers$BootstrapInitializerHandler), (SimpleChannelPool$1#0 = io.netty.channel.pool.SimpleChannelPool$1), (reactor.left.httpCodec = io.netty.handler.codec.http.HttpClientCodec), (reactor.left.decompressor = io.netty.handler.codec.http.HttpContentDecompressor), (reactor.right.reactiveBridge = reactor.netty.channel.ChannelOperationsHandler)}
10:13:40.619 [reactor-http-nio-4] DEBUG reactor.netty.resources.PooledConnectionProvider - [id: 0x7a2f53c8] Created new pooled channel, now 45 active connections and 21 inactive connections
10:13:40.619 [reactor-http-nio-4] DEBUG reactor.netty.channel.BootstrapHandlers - [id: 0x7a2f53c8] Initialized pipeline DefaultChannelPipeline{(BootstrapHandlers$BootstrapInitializerHandler#0 = reactor.netty.channel.BootstrapHandlers$BootstrapInitializerHandler), (SimpleChannelPool$1#0 = io.netty.channel.pool.SimpleChannelPool$1), (reactor.left.httpCodec = io.netty.handler.codec.http.HttpClientCodec), (reactor.left.decompressor = io.netty.handler.codec.http.HttpContentDecompressor), (reactor.right.reactiveBridge = reactor.netty.channel.ChannelOperationsHandler)}
10:13:40.619 [reactor-http-nio-4] DEBUG reactor.netty.resources.PooledConnectionProvider - [id: 0x408f064e] Created new pooled channel, now 45 active connections and 22 inactive connections
10:13:40.619 [reactor-http-nio-4] DEBUG reactor.netty.channel.BootstrapHandlers - [id: 0x408f064e] Initialized pipeline DefaultChannelPipeline{(BootstrapHandlers$BootstrapInitializerHandler#0 = reactor.netty.channel.BootstrapHandlers$BootstrapInitializerHandler), (SimpleChannelPool$1#0 = io.netty.channel.pool.SimpleChannelPool$1), (reactor.left.httpCodec = io.netty.handler.codec.http.HttpClientCodec), (reactor.left.decompressor = io.netty.handler.codec.http.HttpContentDecompressor), (reactor.right.reactiveBridge = reactor.netty.channel.ChannelOperationsHandler)}
10:13:40.620 [reactor-http-nio-4] DEBUG reactor.netty.resources.PooledConnectionProvider - [id: 0x583eb79d] Created new pooled channel, now 45 active connections and 23 inactive connections
10:13:40.620 [reactor-http-nio-4] DEBUG reactor.netty.channel.BootstrapHandlers - [id: 0x583eb79d] Initialized pipeline DefaultChannelPipeline{(BootstrapHandlers$BootstrapInitializerHandler#0 = reactor.netty.channel.BootstrapHandlers$BootstrapInitializerHandler), (SimpleChannelPool$1#0 = io.netty.channel.pool.SimpleChannelPool$1), (reactor.left.httpCodec = io.netty.handler.codec.http.HttpClientCodec), (reactor.left.decompressor = io.netty.handler.codec.http.HttpContentDecompressor), (reactor.right.reactiveBridge = reactor.netty.channel.ChannelOperationsHandler)}
10:13:40.620 [reactor-http-nio-4] DEBUG reactor.netty.resources.PooledConnectionProvider - [id: 0xef5527dd] Created new pooled channel, now 45 active connections and 24 inactive connections
10:13:40.620 [reactor-http-nio-4] DEBUG reactor.netty.channel.BootstrapHandlers - [id: 0xef5527dd] Initialized pipeline DefaultChannelPipeline{(BootstrapHandlers$BootstrapInitializerHandler#0 = reactor.netty.channel.BootstrapHandlers$BootstrapInitializerHandler), (SimpleChannelPool$1#0 = io.netty.channel.pool.SimpleChannelPool$1), (reactor.left.httpCodec = io.netty.handler.codec.http.HttpClientCodec), (reactor.left.decompressor = io.netty.handler.codec.http.HttpContentDecompressor), (reactor.right.reactiveBridge = reactor.netty.channel.ChannelOperationsHandler)}
10:13:40.620 [reactor-http-nio-4] DEBUG reactor.netty.resources.PooledConnectionProvider - [id: 0x2f294f73] Created new pooled channel, now 45 active connections and 25 inactive connections
10:13:40.620 [pool-7-thread-84] DEBUG org.springframework.web.reactive.function.client.ExchangeFunctions - [137816a1] HTTP GET http://localhost:8084/attractionRewardPoint?attractionId=c3ac492c-597e-4ea5-9bfa-35e6a0acb214&userId=73009aa3-a56b-4b36-9e10-9ffc4e24a280
10:13:40.620 [reactor-http-nio-4] DEBUG reactor.netty.channel.BootstrapHandlers - [id: 0x2f294f73] Initialized pipeline DefaultChannelPipeline{(BootstrapHandlers$BootstrapInitializerHandler#0 = reactor.netty.channel.BootstrapHandlers$BootstrapInitializerHandler), (SimpleChannelPool$1#0 = io.netty.channel.pool.SimpleChannelPool$1), (reactor.left.httpCodec = io.netty.handler.codec.http.HttpClientCodec), (reactor.left.decompressor = io.netty.handler.codec.http.HttpContentDecompressor), (reactor.right.reactiveBridge = reactor.netty.channel.ChannelOperationsHandler)}
10:13:40.614 [reactor-http-nio-2] DEBUG reactor.netty.resources.PooledConnectionProvider - [id: 0x0da0a9f9, L:/127.0.0.1:50665 - R:localhost/127.0.0.1:8083] onStateChange(GET{uri=/attractions, connection=PooledConnection{channel=[id: 0x0da0a9f9, L:/127.0.0.1:50665 - R:localhost/127.0.0.1:8083]}}, [disconnecting])
10:13:40.621 [reactor-http-nio-2] DEBUG reactor.netty.resources.PooledConnectionProvider - [id: 0x0da0a9f9, L:/127.0.0.1:50665 - R:localhost/127.0.0.1:8083] Releasing channel
10:13:40.621 [reactor-http-nio-2] DEBUG reactor.netty.resources.PooledConnectionProvider - [id: 0x0da0a9f9, L:/127.0.0.1:50665 - R:localhost/127.0.0.1:8083] Channel cleaned, now 9 active connections and 82 inactive connections
10:13:40.623 [pool-7-thread-55] DEBUG org.springframework.web.reactive.function.client.ExchangeFunctions - [1b70720d] HTTP GET http://localhost:8084/attractionRewardPoint?attractionId=7e3ef129-2769-4825-bfbe-1497a8b57e0f&userId=3b542262-2bb7-4cf2-b2db-23e856b232f2
10:13:40.624 [reactor-http-nio-4] DEBUG reactor.netty.resources.PooledConnectionProvider - [id: 0x3ef06b3f] Created new pooled channel, now 45 active connections and 26 inactive connections
10:13:40.624 [reactor-http-nio-4] DEBUG reactor.netty.channel.BootstrapHandlers - [id: 0x3ef06b3f] Initialized pipeline DefaultChannelPipeline{(BootstrapHandlers$BootstrapInitializerHandler#0 = reactor.netty.channel.BootstrapHandlers$BootstrapInitializerHandler), (SimpleChannelPool$1#0 = io.netty.channel.pool.SimpleChannelPool$1), (reactor.left.httpCodec = io.netty.handler.codec.http.HttpClientCodec), (reactor.left.decompressor = io.netty.handler.codec.http.HttpContentDecompressor), (reactor.right.reactiveBridge = reactor.netty.channel.ChannelOperationsHandler)}
10:13:40.624 [reactor-http-nio-2] DEBUG reactor.netty.http.client.HttpClientOperations - [id: 0x8d01d79b, L:/127.0.0.1:50666 - R:localhost/127.0.0.1:8083] Received response (auto-read:false) : [Content-Type=application/json, Transfer-Encoding=chunked, Date=Tue, 07 Jun 2022 09:13:39 GMT]
10:13:40.619 [reactor-http-nio-1] DEBUG org.springframework.core.codec.StringDecoder - [19c44400] Decoded "[{"longitude":-117.922008,"latitude":33.817595,"attractionName":"Disneyland","city":"Anaheim","stat (truncated)...
10:13:40.624 [reactor-http-nio-2] DEBUG reactor.netty.resources.PooledConnectionProvider - [id: 0x8d01d79b, L:/127.0.0.1:50666 - R:localhost/127.0.0.1:8083] onStateChange(GET{uri=/attractions, connection=PooledConnection{channel=[id: 0x8d01d79b, L:/127.0.0.1:50666 - R:localhost/127.0.0.1:8083]}}, [response_received])
10:13:40.624 [reactor-http-nio-1] DEBUG reactor.netty.resources.PooledConnectionProvider - [id: 0x0a3705f4, L:/127.0.0.1:50699 - R:localhost/127.0.0.1:8083] onStateChange(GET{uri=/attractions, connection=PooledConnection{channel=[id: 0x0a3705f4, L:/127.0.0.1:50699 - R:localhost/127.0.0.1:8083]}}, [disconnecting])
10:13:40.624 [reactor-http-nio-1] DEBUG reactor.netty.resources.PooledConnectionProvider - [id: 0x0a3705f4, L:/127.0.0.1:50699 - R:localhost/127.0.0.1:8083] Releasing channel
10:13:40.624 [reactor-http-nio-1] DEBUG reactor.netty.resources.PooledConnectionProvider - [id: 0x0a3705f4, L:/127.0.0.1:50699 - R:localhost/127.0.0.1:8083] Channel cleaned, now 8 active connections and 83 inactive connections
10:13:40.625 [reactor-http-nio-1] DEBUG reactor.netty.http.client.HttpClientOperations - [id: 0x07b5f9ab, L:/127.0.0.1:50702 - R:localhost/127.0.0.1:8083] Received response (auto-read:false) : [Content-Type=application/json, Transfer-Encoding=chunked, Date=Tue, 07 Jun 2022 09:13:39 GMT]
10:13:40.625 [reactor-http-nio-1] DEBUG reactor.netty.resources.PooledConnectionProvider - [id: 0x07b5f9ab, L:/127.0.0.1:50702 - R:localhost/127.0.0.1:8083] onStateChange(GET{uri=/attractions, connection=PooledConnection{channel=[id: 0x07b5f9ab, L:/127.0.0.1:50702 - R:localhost/127.0.0.1:8083]}}, [response_received])
10:13:40.625 [reactor-http-nio-1] DEBUG org.springframework.web.reactive.function.client.ExchangeFunctions - [6cf4fa8b] Response 200 OK
10:13:40.625 [pool-7-thread-91] DEBUG org.springframework.web.reactive.function.client.ExchangeFunctions - [593f8f15] HTTP GET http://localhost:8084/attractionRewardPoint?attractionId=96b73ad7-287f-4883-921a-acbafeaa6f13&userId=1228b7dc-c8e8-46d6-9184-51b9cd8b964e
10:13:40.625 [reactor-http-nio-4] DEBUG reactor.netty.resources.PooledConnectionProvider - [id: 0xa4e3db9d, L:/127.0.0.1:50765 - R:localhost/127.0.0.1:8084] onStateChange(PooledConnection{channel=[id: 0xa4e3db9d, L:/127.0.0.1:50765 - R:localhost/127.0.0.1:8084]}, [connected])
10:13:40.625 [reactor-http-nio-4] DEBUG reactor.netty.resources.PooledConnectionProvider - [id: 0xa4e3db9d, L:/127.0.0.1:50765 - R:localhost/127.0.0.1:8084] onStateChange(GET{uri=/, connection=PooledConnection{channel=[id: 0xa4e3db9d, L:/127.0.0.1:50765 - R:localhost/127.0.0.1:8084]}}, [configured])
10:13:40.626 [reactor-http-nio-4] DEBUG reactor.netty.resources.PooledConnectionProvider - [id: 0xc8702a80, L:/127.0.0.1:50766 - R:localhost/127.0.0.1:8084] onStateChange(PooledConnection{channel=[id: 0xc8702a80, L:/127.0.0.1:50766 - R:localhost/127.0.0.1:8084]}, [connected])
10:13:40.626 [reactor-http-nio-4] DEBUG reactor.netty.resources.PooledConnectionProvider - [id: 0xc8702a80, L:/127.0.0.1:50766 - R:localhost/127.0.0.1:8084] onStateChange(GET{uri=/, connection=PooledConnection{channel=[id: 0xc8702a80, L:/127.0.0.1:50766 - R:localhost/127.0.0.1:8084]}}, [configured])
10:13:40.626 [reactor-http-nio-1] DEBUG reactor.netty.channel.FluxReceive - [id: 0x07b5f9ab, L:/127.0.0.1:50702 - R:localhost/127.0.0.1:8083] Subscribing inbound receiver [pending: 0, cancelled:false, inboundDone: false]
10:13:40.626 [reactor-http-nio-2] DEBUG org.springframework.web.reactive.function.client.ExchangeFunctions - [654becaf] Response 200 OK
10:13:40.626 [reactor-http-nio-1] DEBUG reactor.netty.http.client.HttpClientOperations - [id: 0x07b5f9ab, L:/127.0.0.1:50702 - R:localhost/127.0.0.1:8083] Received last HTTP packet
10:13:40.626 [reactor-http-nio-2] DEBUG reactor.netty.channel.FluxReceive - [id: 0x8d01d79b, L:/127.0.0.1:50666 - R:localhost/127.0.0.1:8083] Subscribing inbound receiver [pending: 0, cancelled:false, inboundDone: false]
10:13:40.626 [reactor-http-nio-1] DEBUG org.springframework.core.codec.StringDecoder - [6cf4fa8b] Decoded "[{"longitude":-117.922008,"latitude":33.817595,"attractionName":"Disneyland","city":"Anaheim","stat (truncated)...
10:13:40.626 [reactor-http-nio-2] DEBUG reactor.netty.http.client.HttpClientOperations - [id: 0x8d01d79b, L:/127.0.0.1:50666 - R:localhost/127.0.0.1:8083] Received last HTTP packet
10:13:40.626 [reactor-http-nio-1] DEBUG reactor.netty.resources.PooledConnectionProvider - [id: 0x07b5f9ab, L:/127.0.0.1:50702 - R:localhost/127.0.0.1:8083] onStateChange(GET{uri=/attractions, connection=PooledConnection{channel=[id: 0x07b5f9ab, L:/127.0.0.1:50702 - R:localhost/127.0.0.1:8083]}}, [disconnecting])
10:13:40.626 [reactor-http-nio-1] DEBUG reactor.netty.resources.PooledConnectionProvider - [id: 0x07b5f9ab, L:/127.0.0.1:50702 - R:localhost/127.0.0.1:8083] Releasing channel
10:13:40.626 [reactor-http-nio-1] DEBUG reactor.netty.resources.PooledConnectionProvider - [id: 0x07b5f9ab, L:/127.0.0.1:50702 - R:localhost/127.0.0.1:8083] Channel cleaned, now 7 active connections and 84 inactive connections
10:13:40.626 [reactor-http-nio-2] DEBUG org.springframework.core.codec.StringDecoder - [654becaf] Decoded "[{"longitude":-117.922008,"latitude":33.817595,"attractionName":"Disneyland","city":"Anaheim","stat (truncated)...
10:13:40.626 [reactor-http-nio-2] DEBUG reactor.netty.resources.PooledConnectionProvider - [id: 0x8d01d79b, L:/127.0.0.1:50666 - R:localhost/127.0.0.1:8083] onStateChange(GET{uri=/attractions, connection=PooledConnection{channel=[id: 0x8d01d79b, L:/127.0.0.1:50666 - R:localhost/127.0.0.1:8083]}}, [disconnecting])
10:13:40.626 [reactor-http-nio-2] DEBUG reactor.netty.resources.PooledConnectionProvider - [id: 0x8d01d79b, L:/127.0.0.1:50666 - R:localhost/127.0.0.1:8083] Releasing channel
10:13:40.626 [reactor-http-nio-2] DEBUG reactor.netty.resources.PooledConnectionProvider - [id: 0x8d01d79b, L:/127.0.0.1:50666 - R:localhost/127.0.0.1:8083] Channel cleaned, now 6 active connections and 85 inactive connections
10:13:40.619 [pool-7-thread-68] DEBUG org.springframework.web.reactive.function.client.ExchangeFunctions - [7233e8da] HTTP GET http://localhost:8084/attractionRewardPoint?attractionId=227e658f-7afc-4a2b-9323-362e330f16b2&userId=1692717e-3761-4ef5-8886-d1f9780664f6
10:13:40.626 [reactor-http-nio-1] DEBUG reactor.netty.resources.PooledConnectionProvider - [id: 0x75560c92, L:/127.0.0.1:50756 - R:localhost/127.0.0.1:8084] onStateChange(PooledConnection{channel=[id: 0x75560c92, L:/127.0.0.1:50756 - R:localhost/127.0.0.1:8084]}, [connected])
10:13:40.626 [reactor-http-nio-1] DEBUG reactor.netty.resources.PooledConnectionProvider - [id: 0x75560c92, L:/127.0.0.1:50756 - R:localhost/127.0.0.1:8084] onStateChange(GET{uri=/, connection=PooledConnection{channel=[id: 0x75560c92, L:/127.0.0.1:50756 - R:localhost/127.0.0.1:8084]}}, [configured])
10:13:40.627 [reactor-http-nio-2] DEBUG reactor.netty.http.client.HttpClientOperations - [id: 0xcfabeeff, L:/127.0.0.1:50667 - R:localhost/127.0.0.1:8083] Received response (auto-read:false) : [Content-Type=application/json, Transfer-Encoding=chunked, Date=Tue, 07 Jun 2022 09:13:39 GMT]
10:13:40.627 [reactor-http-nio-2] DEBUG reactor.netty.resources.PooledConnectionProvider - [id: 0xcfabeeff, L:/127.0.0.1:50667 - R:localhost/127.0.0.1:8083] onStateChange(GET{uri=/attractions, connection=PooledConnection{channel=[id: 0xcfabeeff, L:/127.0.0.1:50667 - R:localhost/127.0.0.1:8083]}}, [response_received])
10:13:40.627 [reactor-http-nio-2] DEBUG org.springframework.web.reactive.function.client.ExchangeFunctions - [3b429f8f] Response 200 OK
10:13:40.627 [reactor-http-nio-2] DEBUG reactor.netty.channel.FluxReceive - [id: 0xcfabeeff, L:/127.0.0.1:50667 - R:localhost/127.0.0.1:8083] Subscribing inbound receiver [pending: 0, cancelled:false, inboundDone: false]
10:13:40.627 [reactor-http-nio-2] DEBUG reactor.netty.http.client.HttpClientOperations - [id: 0xcfabeeff, L:/127.0.0.1:50667 - R:localhost/127.0.0.1:8083] Received last HTTP packet
10:13:40.627 [reactor-http-nio-2] DEBUG org.springframework.core.codec.StringDecoder - [3b429f8f] Decoded "[{"longitude":-117.922008,"latitude":33.817595,"attractionName":"Disneyland","city":"Anaheim","stat (truncated)...
10:13:40.627 [reactor-http-nio-2] DEBUG reactor.netty.resources.PooledConnectionProvider - [id: 0xcfabeeff, L:/127.0.0.1:50667 - R:localhost/127.0.0.1:8083] onStateChange(GET{uri=/attractions, connection=PooledConnection{channel=[id: 0xcfabeeff, L:/127.0.0.1:50667 - R:localhost/127.0.0.1:8083]}}, [disconnecting])
10:13:40.627 [reactor-http-nio-2] DEBUG reactor.netty.resources.PooledConnectionProvider - [id: 0xcfabeeff, L:/127.0.0.1:50667 - R:localhost/127.0.0.1:8083] Releasing channel
10:13:40.627 [reactor-http-nio-2] DEBUG reactor.netty.resources.PooledConnectionProvider - [id: 0xcfabeeff, L:/127.0.0.1:50667 - R:localhost/127.0.0.1:8083] Channel cleaned, now 5 active connections and 86 inactive connections
10:13:40.628 [reactor-http-nio-2] DEBUG reactor.netty.resources.PooledConnectionProvider - [id: 0x1cbe9dd2, L:/127.0.0.1:50733 - R:localhost/127.0.0.1:8084] onStateChange(PooledConnection{channel=[id: 0x1cbe9dd2, L:/127.0.0.1:50733 - R:localhost/127.0.0.1:8084]}, [connected])
10:13:40.628 [reactor-http-nio-2] DEBUG reactor.netty.resources.PooledConnectionProvider - [id: 0x1cbe9dd2, L:/127.0.0.1:50733 - R:localhost/127.0.0.1:8084] onStateChange(GET{uri=/, connection=PooledConnection{channel=[id: 0x1cbe9dd2, L:/127.0.0.1:50733 - R:localhost/127.0.0.1:8084]}}, [configured])
10:13:40.628 [reactor-http-nio-2] DEBUG reactor.netty.resources.PooledConnectionProvider - [id: 0x9422b205, L:/127.0.0.1:50734 - R:localhost/127.0.0.1:8084] onStateChange(PooledConnection{channel=[id: 0x9422b205, L:/127.0.0.1:50734 - R:localhost/127.0.0.1:8084]}, [connected])
10:13:40.628 [reactor-http-nio-2] DEBUG reactor.netty.resources.PooledConnectionProvider - [id: 0x9422b205, L:/127.0.0.1:50734 - R:localhost/127.0.0.1:8084] onStateChange(GET{uri=/, connection=PooledConnection{channel=[id: 0x9422b205, L:/127.0.0.1:50734 - R:localhost/127.0.0.1:8084]}}, [configured])
10:13:40.628 [reactor-http-nio-2] DEBUG reactor.netty.resources.PooledConnectionProvider - [id: 0x41c9227f, L:/127.0.0.1:50735 - R:localhost/127.0.0.1:8084] onStateChange(PooledConnection{channel=[id: 0x41c9227f, L:/127.0.0.1:50735 - R:localhost/127.0.0.1:8084]}, [connected])
10:13:40.628 [reactor-http-nio-2] DEBUG reactor.netty.resources.PooledConnectionProvider - [id: 0x41c9227f, L:/127.0.0.1:50735 - R:localhost/127.0.0.1:8084] onStateChange(GET{uri=/, connection=PooledConnection{channel=[id: 0x41c9227f, L:/127.0.0.1:50735 - R:localhost/127.0.0.1:8084]}}, [configured])
10:13:40.628 [reactor-http-nio-2] DEBUG reactor.netty.resources.PooledConnectionProvider - [id: 0x2dd70f15, L:/127.0.0.1:50747 - R:localhost/127.0.0.1:8084] onStateChange(PooledConnection{channel=[id: 0x2dd70f15, L:/127.0.0.1:50747 - R:localhost/127.0.0.1:8084]}, [connected])
10:13:40.628 [reactor-http-nio-2] DEBUG reactor.netty.resources.PooledConnectionProvider - [id: 0x2dd70f15, L:/127.0.0.1:50747 - R:localhost/127.0.0.1:8084] onStateChange(GET{uri=/, connection=PooledConnection{channel=[id: 0x2dd70f15, L:/127.0.0.1:50747 - R:localhost/127.0.0.1:8084]}}, [configured])
10:13:40.628 [reactor-http-nio-2] DEBUG reactor.netty.resources.PooledConnectionProvider - [id: 0x7dc65269, L:/127.0.0.1:50748 - R:localhost/127.0.0.1:8084] onStateChange(PooledConnection{channel=[id: 0x7dc65269, L:/127.0.0.1:50748 - R:localhost/127.0.0.1:8084]}, [connected])
10:13:40.628 [reactor-http-nio-2] DEBUG reactor.netty.resources.PooledConnectionProvider - [id: 0x7dc65269, L:/127.0.0.1:50748 - R:localhost/127.0.0.1:8084] onStateChange(GET{uri=/, connection=PooledConnection{channel=[id: 0x7dc65269, L:/127.0.0.1:50748 - R:localhost/127.0.0.1:8084]}}, [configured])
10:13:40.628 [reactor-http-nio-2] DEBUG reactor.netty.resources.PooledConnectionProvider - [id: 0x032dfe27, L:/127.0.0.1:50749 - R:localhost/127.0.0.1:8084] onStateChange(PooledConnection{channel=[id: 0x032dfe27, L:/127.0.0.1:50749 - R:localhost/127.0.0.1:8084]}, [connected])
10:13:40.628 [reactor-http-nio-2] DEBUG reactor.netty.resources.PooledConnectionProvider - [id: 0x032dfe27, L:/127.0.0.1:50749 - R:localhost/127.0.0.1:8084] onStateChange(GET{uri=/, connection=PooledConnection{channel=[id: 0x032dfe27, L:/127.0.0.1:50749 - R:localhost/127.0.0.1:8084]}}, [configured])
10:13:40.628 [reactor-http-nio-2] DEBUG reactor.netty.resources.PooledConnectionProvider - [id: 0x612ab57a, L:/127.0.0.1:50750 - R:localhost/127.0.0.1:8084] onStateChange(PooledConnection{channel=[id: 0x612ab57a, L:/127.0.0.1:50750 - R:localhost/127.0.0.1:8084]}, [connected])
10:13:40.628 [reactor-http-nio-2] DEBUG reactor.netty.resources.PooledConnectionProvider - [id: 0x612ab57a, L:/127.0.0.1:50750 - R:localhost/127.0.0.1:8084] onStateChange(GET{uri=/, connection=PooledConnection{channel=[id: 0x612ab57a, L:/127.0.0.1:50750 - R:localhost/127.0.0.1:8084]}}, [configured])
10:13:40.629 [reactor-http-nio-2] DEBUG reactor.netty.resources.PooledConnectionProvider - [id: 0x2222e878, L:/127.0.0.1:50751 - R:localhost/127.0.0.1:8084] onStateChange(PooledConnection{channel=[id: 0x2222e878, L:/127.0.0.1:50751 - R:localhost/127.0.0.1:8084]}, [connected])
10:13:40.629 [reactor-http-nio-2] DEBUG reactor.netty.resources.PooledConnectionProvider - [id: 0x2222e878, L:/127.0.0.1:50751 - R:localhost/127.0.0.1:8084] onStateChange(GET{uri=/, connection=PooledConnection{channel=[id: 0x2222e878, L:/127.0.0.1:50751 - R:localhost/127.0.0.1:8084]}}, [configured])
10:13:40.629 [reactor-http-nio-2] DEBUG reactor.netty.resources.PooledConnectionProvider - [id: 0x90f70157, L:/127.0.0.1:50752 - R:localhost/127.0.0.1:8084] onStateChange(PooledConnection{channel=[id: 0x90f70157, L:/127.0.0.1:50752 - R:localhost/127.0.0.1:8084]}, [connected])
10:13:40.629 [reactor-http-nio-2] DEBUG reactor.netty.resources.PooledConnectionProvider - [id: 0x90f70157, L:/127.0.0.1:50752 - R:localhost/127.0.0.1:8084] onStateChange(GET{uri=/, connection=PooledConnection{channel=[id: 0x90f70157, L:/127.0.0.1:50752 - R:localhost/127.0.0.1:8084]}}, [configured])
10:13:40.629 [pool-7-thread-88] DEBUG org.springframework.web.reactive.function.client.ExchangeFunctions - [62331965] HTTP GET http://localhost:8084/attractionRewardPoint?attractionId=285d9baf-d3d1-463c-a1ac-84711f146495&userId=3e6851ab-4c5d-4d9b-ad55-c9a0d6632f44
10:13:40.629 [reactor-http-nio-2] DEBUG reactor.netty.resources.PooledConnectionProvider - [id: 0xbe9121ba] Created new pooled channel, now 45 active connections and 27 inactive connections
10:13:40.629 [reactor-http-nio-2] DEBUG reactor.netty.channel.BootstrapHandlers - [id: 0xbe9121ba] Initialized pipeline DefaultChannelPipeline{(BootstrapHandlers$BootstrapInitializerHandler#0 = reactor.netty.channel.BootstrapHandlers$BootstrapInitializerHandler), (SimpleChannelPool$1#0 = io.netty.channel.pool.SimpleChannelPool$1), (reactor.left.httpCodec = io.netty.handler.codec.http.HttpClientCodec), (reactor.left.decompressor = io.netty.handler.codec.http.HttpContentDecompressor), (reactor.right.reactiveBridge = reactor.netty.channel.ChannelOperationsHandler)}
10:13:40.629 [reactor-http-nio-2] DEBUG reactor.netty.resources.PooledConnectionProvider - [id: 0xa8ee55df] Created new pooled channel, now 45 active connections and 28 inactive connections
10:13:40.629 [reactor-http-nio-2] DEBUG reactor.netty.channel.BootstrapHandlers - [id: 0xa8ee55df] Initialized pipeline DefaultChannelPipeline{(BootstrapHandlers$BootstrapInitializerHandler#0 = reactor.netty.channel.BootstrapHandlers$BootstrapInitializerHandler), (SimpleChannelPool$1#0 = io.netty.channel.pool.SimpleChannelPool$1), (reactor.left.httpCodec = io.netty.handler.codec.http.HttpClientCodec), (reactor.left.decompressor = io.netty.handler.codec.http.HttpContentDecompressor), (reactor.right.reactiveBridge = reactor.netty.channel.ChannelOperationsHandler)}
10:13:40.629 [reactor-http-nio-2] DEBUG reactor.netty.resources.PooledConnectionProvider - [id: 0x1b708e34] Created new pooled channel, now 45 active connections and 29 inactive connections
10:13:40.626 [reactor-http-nio-4] DEBUG reactor.netty.resources.PooledConnectionProvider - [id: 0x7a2f53c8, L:/127.0.0.1:50767 - R:localhost/127.0.0.1:8084] onStateChange(PooledConnection{channel=[id: 0x7a2f53c8, L:/127.0.0.1:50767 - R:localhost/127.0.0.1:8084]}, [connected])
10:13:40.629 [reactor-http-nio-2] DEBUG reactor.netty.channel.BootstrapHandlers - [id: 0x1b708e34] Initialized pipeline DefaultChannelPipeline{(BootstrapHandlers$BootstrapInitializerHandler#0 = reactor.netty.channel.BootstrapHandlers$BootstrapInitializerHandler), (SimpleChannelPool$1#0 = io.netty.channel.pool.SimpleChannelPool$1), (reactor.left.httpCodec = io.netty.handler.codec.http.HttpClientCodec), (reactor.left.decompressor = io.netty.handler.codec.http.HttpContentDecompressor), (reactor.right.reactiveBridge = reactor.netty.channel.ChannelOperationsHandler)}
10:13:40.629 [reactor-http-nio-4] DEBUG reactor.netty.resources.PooledConnectionProvider - [id: 0x7a2f53c8, L:/127.0.0.1:50767 - R:localhost/127.0.0.1:8084] onStateChange(GET{uri=/, connection=PooledConnection{channel=[id: 0x7a2f53c8, L:/127.0.0.1:50767 - R:localhost/127.0.0.1:8084]}}, [configured])
10:13:40.629 [reactor-http-nio-2] DEBUG reactor.netty.resources.PooledConnectionProvider - [id: 0x44171484] Created new pooled channel, now 45 active connections and 30 inactive connections
10:13:40.629 [reactor-http-nio-2] DEBUG reactor.netty.channel.BootstrapHandlers - [id: 0x44171484] Initialized pipeline DefaultChannelPipeline{(BootstrapHandlers$BootstrapInitializerHandler#0 = reactor.netty.channel.BootstrapHandlers$BootstrapInitializerHandler), (SimpleChannelPool$1#0 = io.netty.channel.pool.SimpleChannelPool$1), (reactor.left.httpCodec = io.netty.handler.codec.http.HttpClientCodec), (reactor.left.decompressor = io.netty.handler.codec.http.HttpContentDecompressor), (reactor.right.reactiveBridge = reactor.netty.channel.ChannelOperationsHandler)}
10:13:40.627 [reactor-http-nio-1] DEBUG reactor.netty.resources.PooledConnectionProvider - [id: 0x95683d86, L:/127.0.0.1:50757 - R:localhost/127.0.0.1:8084] onStateChange(PooledConnection{channel=[id: 0x95683d86, L:/127.0.0.1:50757 - R:localhost/127.0.0.1:8084]}, [connected])
10:13:40.657 [reactor-http-nio-1] DEBUG reactor.netty.resources.PooledConnectionProvider - [id: 0x95683d86, L:/127.0.0.1:50757 - R:localhost/127.0.0.1:8084] onStateChange(GET{uri=/, connection=PooledConnection{channel=[id: 0x95683d86, L:/127.0.0.1:50757 - R:localhost/127.0.0.1:8084]}}, [configured])
10:13:40.628 [pool-7-thread-71] DEBUG org.springframework.web.reactive.function.client.ExchangeFunctions - [45cec82c] HTTP GET http://localhost:8084/attractionRewardPoint?attractionId=85a25dda-b185-4cba-91a1-4c57b799a567&userId=5db9bc43-bca9-46bd-9296-5c17d04271af
10:13:40.658 [reactor-http-nio-1] DEBUG reactor.netty.resources.PooledConnectionProvider - [id: 0xc183b5df, L:/127.0.0.1:50758 - R:localhost/127.0.0.1:8084] onStateChange(PooledConnection{channel=[id: 0xc183b5df, L:/127.0.0.1:50758 - R:localhost/127.0.0.1:8084]}, [connected])
10:13:40.659 [reactor-http-nio-1] DEBUG reactor.netty.resources.PooledConnectionProvider - [id: 0xc183b5df, L:/127.0.0.1:50758 - R:localhost/127.0.0.1:8084] onStateChange(GET{uri=/, connection=PooledConnection{channel=[id: 0xc183b5df, L:/127.0.0.1:50758 - R:localhost/127.0.0.1:8084]}}, [configured])
10:13:40.660 [reactor-http-nio-1] DEBUG reactor.netty.resources.PooledConnectionProvider - [id: 0x713ad321, L:/127.0.0.1:50763 - R:localhost/127.0.0.1:8084] onStateChange(PooledConnection{channel=[id: 0x713ad321, L:/127.0.0.1:50763 - R:localhost/127.0.0.1:8084]}, [connected])
10:13:40.660 [reactor-http-nio-1] DEBUG reactor.netty.resources.PooledConnectionProvider - [id: 0x713ad321, L:/127.0.0.1:50763 - R:localhost/127.0.0.1:8084] onStateChange(GET{uri=/, connection=PooledConnection{channel=[id: 0x713ad321, L:/127.0.0.1:50763 - R:localhost/127.0.0.1:8084]}}, [configured])
10:13:40.660 [reactor-http-nio-1] DEBUG reactor.netty.resources.PooledConnectionProvider - [id: 0xa93b08ed, L:/127.0.0.1:50764 - R:localhost/127.0.0.1:8084] onStateChange(PooledConnection{channel=[id: 0xa93b08ed, L:/127.0.0.1:50764 - R:localhost/127.0.0.1:8084]}, [connected])
10:13:40.661 [reactor-http-nio-1] DEBUG reactor.netty.resources.PooledConnectionProvider - [id: 0xa93b08ed, L:/127.0.0.1:50764 - R:localhost/127.0.0.1:8084] onStateChange(GET{uri=/, connection=PooledConnection{channel=[id: 0xa93b08ed, L:/127.0.0.1:50764 - R:localhost/127.0.0.1:8084]}}, [configured])
10:13:40.661 [reactor-http-nio-1] DEBUG reactor.netty.resources.PooledConnectionProvider - [id: 0xb2ba23ff] Created new pooled channel, now 45 active connections and 31 inactive connections
10:13:40.661 [reactor-http-nio-1] DEBUG reactor.netty.channel.BootstrapHandlers - [id: 0xb2ba23ff] Initialized pipeline DefaultChannelPipeline{(BootstrapHandlers$BootstrapInitializerHandler#0 = reactor.netty.channel.BootstrapHandlers$BootstrapInitializerHandler), (SimpleChannelPool$1#0 = io.netty.channel.pool.SimpleChannelPool$1), (reactor.left.httpCodec = io.netty.handler.codec.http.HttpClientCodec), (reactor.left.decompressor = io.netty.handler.codec.http.HttpContentDecompressor), (reactor.right.reactiveBridge = reactor.netty.channel.ChannelOperationsHandler)}
10:13:40.628 [pool-7-thread-92] DEBUG org.springframework.web.reactive.function.client.ExchangeFunctions - [1703b948] HTTP GET http://localhost:8084/attractionRewardPoint?attractionId=95c926e7-51b0-4fc3-b08f-9bfcea16e945&userId=68770eb4-d2ff-4690-9983-a2df221ec525
10:13:40.669 [reactor-http-nio-1] DEBUG reactor.netty.http.client.HttpClientOperations - [id: 0x5dcee25b, L:/127.0.0.1:50620 - R:localhost/127.0.0.1:8083] Received response (auto-read:false) : [Content-Type=application/json, Transfer-Encoding=chunked, Date=Tue, 07 Jun 2022 09:13:40 GMT]
10:13:40.630 [pool-7-thread-74] DEBUG org.springframework.web.reactive.function.client.ExchangeFunctions - [6b8c1e76] HTTP GET http://localhost:8084/attractionRewardPoint?attractionId=e16b91d0-dfb8-4e04-98de-a099dfc938ee&userId=b7a0c44e-f215-46e6-b165-a100d3e85abb
10:13:40.669 [reactor-http-nio-1] DEBUG reactor.netty.resources.PooledConnectionProvider - [id: 0x5dcee25b, L:/127.0.0.1:50620 - R:localhost/127.0.0.1:8083] onStateChange(GET{uri=/attractions, connection=PooledConnection{channel=[id: 0x5dcee25b, L:/127.0.0.1:50620 - R:localhost/127.0.0.1:8083]}}, [response_received])
10:13:40.669 [reactor-http-nio-1] DEBUG org.springframework.web.reactive.function.client.ExchangeFunctions - [7813a1a6] Response 200 OK
10:13:40.670 [reactor-http-nio-1] DEBUG reactor.netty.channel.FluxReceive - [id: 0x5dcee25b, L:/127.0.0.1:50620 - R:localhost/127.0.0.1:8083] Subscribing inbound receiver [pending: 0, cancelled:false, inboundDone: false]
10:13:40.670 [reactor-http-nio-1] DEBUG reactor.netty.http.client.HttpClientOperations - [id: 0x5dcee25b, L:/127.0.0.1:50620 - R:localhost/127.0.0.1:8083] Received last HTTP packet
10:13:40.670 [reactor-http-nio-1] DEBUG org.springframework.core.codec.StringDecoder - [7813a1a6] Decoded "[{"longitude":-117.922008,"latitude":33.817595,"attractionName":"Disneyland","city":"Anaheim","stat (truncated)...
10:13:40.670 [reactor-http-nio-1] DEBUG reactor.netty.resources.PooledConnectionProvider - [id: 0x5dcee25b, L:/127.0.0.1:50620 - R:localhost/127.0.0.1:8083] onStateChange(GET{uri=/attractions, connection=PooledConnection{channel=[id: 0x5dcee25b, L:/127.0.0.1:50620 - R:localhost/127.0.0.1:8083]}}, [disconnecting])
10:13:40.670 [reactor-http-nio-1] DEBUG reactor.netty.resources.PooledConnectionProvider - [id: 0x5dcee25b, L:/127.0.0.1:50620 - R:localhost/127.0.0.1:8083] Releasing channel
10:13:40.670 [reactor-http-nio-1] DEBUG reactor.netty.resources.PooledConnectionProvider - [id: 0x5dcee25b, L:/127.0.0.1:50620 - R:localhost/127.0.0.1:8083] Channel cleaned, now 4 active connections and 87 inactive connections
10:13:40.670 [reactor-http-nio-1] DEBUG reactor.netty.http.client.HttpClientOperations - [id: 0x21feabf2, L:/127.0.0.1:50697 - R:localhost/127.0.0.1:8083] Received response (auto-read:false) : [Content-Type=application/json, Transfer-Encoding=chunked, Date=Tue, 07 Jun 2022 09:13:40 GMT]
10:13:40.670 [reactor-http-nio-1] DEBUG reactor.netty.resources.PooledConnectionProvider - [id: 0x21feabf2, L:/127.0.0.1:50697 - R:localhost/127.0.0.1:8083] onStateChange(GET{uri=/attractions, connection=PooledConnection{channel=[id: 0x21feabf2, L:/127.0.0.1:50697 - R:localhost/127.0.0.1:8083]}}, [response_received])
10:13:40.671 [reactor-http-nio-1] DEBUG org.springframework.web.reactive.function.client.ExchangeFunctions - [77921332] Response 200 OK
10:13:40.671 [reactor-http-nio-1] DEBUG reactor.netty.channel.FluxReceive - [id: 0x21feabf2, L:/127.0.0.1:50697 - R:localhost/127.0.0.1:8083] Subscribing inbound receiver [pending: 0, cancelled:false, inboundDone: false]
10:13:40.630 [reactor-http-nio-4] DEBUG reactor.netty.resources.PooledConnectionProvider - [id: 0x408f064e, L:/127.0.0.1:50768 - R:localhost/127.0.0.1:8084] onStateChange(PooledConnection{channel=[id: 0x408f064e, L:/127.0.0.1:50768 - R:localhost/127.0.0.1:8084]}, [connected])
10:13:40.673 [reactor-http-nio-4] DEBUG reactor.netty.resources.PooledConnectionProvider - [id: 0x408f064e, L:/127.0.0.1:50768 - R:localhost/127.0.0.1:8084] onStateChange(GET{uri=/, connection=PooledConnection{channel=[id: 0x408f064e, L:/127.0.0.1:50768 - R:localhost/127.0.0.1:8084]}}, [configured])
10:13:40.674 [reactor-http-nio-4] DEBUG reactor.netty.resources.PooledConnectionProvider - [id: 0x583eb79d, L:/127.0.0.1:50769 - R:localhost/127.0.0.1:8084] onStateChange(PooledConnection{channel=[id: 0x583eb79d, L:/127.0.0.1:50769 - R:localhost/127.0.0.1:8084]}, [connected])
10:13:40.674 [reactor-http-nio-4] DEBUG reactor.netty.resources.PooledConnectionProvider - [id: 0x583eb79d, L:/127.0.0.1:50769 - R:localhost/127.0.0.1:8084] onStateChange(GET{uri=/, connection=PooledConnection{channel=[id: 0x583eb79d, L:/127.0.0.1:50769 - R:localhost/127.0.0.1:8084]}}, [configured])
10:13:40.674 [reactor-http-nio-4] DEBUG reactor.netty.resources.PooledConnectionProvider - [id: 0xef5527dd, L:/127.0.0.1:50770 - R:localhost/127.0.0.1:8084] onStateChange(PooledConnection{channel=[id: 0xef5527dd, L:/127.0.0.1:50770 - R:localhost/127.0.0.1:8084]}, [connected])
10:13:40.674 [reactor-http-nio-4] DEBUG reactor.netty.resources.PooledConnectionProvider - [id: 0xef5527dd, L:/127.0.0.1:50770 - R:localhost/127.0.0.1:8084] onStateChange(GET{uri=/, connection=PooledConnection{channel=[id: 0xef5527dd, L:/127.0.0.1:50770 - R:localhost/127.0.0.1:8084]}}, [configured])
10:13:40.674 [reactor-http-nio-4] DEBUG reactor.netty.resources.PooledConnectionProvider - [id: 0x2f294f73, L:/127.0.0.1:50771 - R:localhost/127.0.0.1:8084] onStateChange(PooledConnection{channel=[id: 0x2f294f73, L:/127.0.0.1:50771 - R:localhost/127.0.0.1:8084]}, [connected])
10:13:40.674 [reactor-http-nio-4] DEBUG reactor.netty.resources.PooledConnectionProvider - [id: 0x2f294f73, L:/127.0.0.1:50771 - R:localhost/127.0.0.1:8084] onStateChange(GET{uri=/, connection=PooledConnection{channel=[id: 0x2f294f73, L:/127.0.0.1:50771 - R:localhost/127.0.0.1:8084]}}, [configured])
10:13:40.674 [reactor-http-nio-4] DEBUG reactor.netty.resources.PooledConnectionProvider - [id: 0x3ef06b3f, L:/127.0.0.1:50772 - R:localhost/127.0.0.1:8084] onStateChange(PooledConnection{channel=[id: 0x3ef06b3f, L:/127.0.0.1:50772 - R:localhost/127.0.0.1:8084]}, [connected])
10:13:40.674 [reactor-http-nio-4] DEBUG reactor.netty.resources.PooledConnectionProvider - [id: 0x3ef06b3f, L:/127.0.0.1:50772 - R:localhost/127.0.0.1:8084] onStateChange(GET{uri=/, connection=PooledConnection{channel=[id: 0x3ef06b3f, L:/127.0.0.1:50772 - R:localhost/127.0.0.1:8084]}}, [configured])
10:13:40.674 [reactor-http-nio-4] DEBUG reactor.netty.resources.PooledConnectionProvider - [id: 0xa4e3db9d, L:/127.0.0.1:50765 - R:localhost/127.0.0.1:8084] Registering pool release on close event for channel
10:13:40.674 [reactor-http-nio-4] DEBUG reactor.netty.http.client.HttpClientConnect - [id: 0xa4e3db9d, L:/127.0.0.1:50765 - R:localhost/127.0.0.1:8084] Handler is being applied: {uri=http://localhost:8084/attractionRewardPoint?attractionId=52be3472-71ac-49e7-9ddf-3264811c144f&userId=9f9be6b3-8b11-4add-9c50-15b3dc86f1ca, method=GET}
10:13:40.675 [reactor-http-nio-4] DEBUG reactor.netty.resources.PooledConnectionProvider - [id: 0xa4e3db9d, L:/127.0.0.1:50765 - R:localhost/127.0.0.1:8084] onStateChange(GET{uri=/attractionRewardPoint?attractionId=52be3472-71ac-49e7-9ddf-3264811c144f&userId=9f9be6b3-8b11-4add-9c50-15b3dc86f1ca, connection=PooledConnection{channel=[id: 0xa4e3db9d, L:/127.0.0.1:50765 - R:localhost/127.0.0.1:8084]}}, [request_sent])
10:13:40.675 [reactor-http-nio-4] DEBUG reactor.netty.resources.PooledConnectionProvider - [id: 0xa4e3db9d, L:/127.0.0.1:50765 - R:localhost/127.0.0.1:8084] Channel connected, now 46 active connections and 30 inactive connections
10:13:40.675 [reactor-http-nio-4] DEBUG reactor.netty.resources.PooledConnectionProvider - [id: 0x7a2f53c8, L:/127.0.0.1:50767 - R:localhost/127.0.0.1:8084] Registering pool release on close event for channel
10:13:40.675 [reactor-http-nio-4] DEBUG reactor.netty.http.client.HttpClientConnect - [id: 0x7a2f53c8, L:/127.0.0.1:50767 - R:localhost/127.0.0.1:8084] Handler is being applied: {uri=http://localhost:8084/attractionRewardPoint?attractionId=54dc6705-31a5-4360-bcbc-bddfbed8f0e9&userId=215bdaf6-7efd-4f82-9cf7-59906bdb1f5b, method=GET}
10:13:40.676 [reactor-http-nio-4] DEBUG reactor.netty.resources.PooledConnectionProvider - [id: 0x7a2f53c8, L:/127.0.0.1:50767 - R:localhost/127.0.0.1:8084] onStateChange(GET{uri=/attractionRewardPoint?attractionId=54dc6705-31a5-4360-bcbc-bddfbed8f0e9&userId=215bdaf6-7efd-4f82-9cf7-59906bdb1f5b, connection=PooledConnection{channel=[id: 0x7a2f53c8, L:/127.0.0.1:50767 - R:localhost/127.0.0.1:8084]}}, [request_sent])
10:13:40.676 [reactor-http-nio-4] DEBUG reactor.netty.resources.PooledConnectionProvider - [id: 0x7a2f53c8, L:/127.0.0.1:50767 - R:localhost/127.0.0.1:8084] Channel connected, now 47 active connections and 29 inactive connections
10:13:40.677 [reactor-http-nio-4] DEBUG reactor.netty.resources.PooledConnectionProvider - [id: 0xb3eadf5d] Created new pooled channel, now 47 active connections and 30 inactive connections
10:13:40.677 [reactor-http-nio-4] DEBUG reactor.netty.channel.BootstrapHandlers - [id: 0xb3eadf5d] Initialized pipeline DefaultChannelPipeline{(BootstrapHandlers$BootstrapInitializerHandler#0 = reactor.netty.channel.BootstrapHandlers$BootstrapInitializerHandler), (SimpleChannelPool$1#0 = io.netty.channel.pool.SimpleChannelPool$1), (reactor.left.httpCodec = io.netty.handler.codec.http.HttpClientCodec), (reactor.left.decompressor = io.netty.handler.codec.http.HttpContentDecompressor), (reactor.right.reactiveBridge = reactor.netty.channel.ChannelOperationsHandler)}
10:13:40.677 [reactor-http-nio-4] DEBUG reactor.netty.resources.PooledConnectionProvider - [id: 0x408f064e, L:/127.0.0.1:50768 - R:localhost/127.0.0.1:8084] Registering pool release on close event for channel
10:13:40.677 [reactor-http-nio-4] DEBUG reactor.netty.http.client.HttpClientConnect - [id: 0x408f064e, L:/127.0.0.1:50768 - R:localhost/127.0.0.1:8084] Handler is being applied: {uri=http://localhost:8084/attractionRewardPoint?attractionId=e84cbfb8-f62c-465f-91b0-15a3a32e4008&userId=8ccaf1b4-1117-430b-8f7c-7116f58e0c02, method=GET}
10:13:40.677 [pool-7-thread-90] DEBUG org.springframework.web.reactive.function.client.ExchangeFunctions - [76d450d4] HTTP GET http://localhost:8084/attractionRewardPoint?attractionId=b8d02ffe-8884-43ee-947e-afbc64cc4126&userId=ab917132-c45b-4fe3-82e8-b31db03a2c81
10:13:40.678 [reactor-http-nio-4] DEBUG reactor.netty.resources.PooledConnectionProvider - [id: 0x408f064e, L:/127.0.0.1:50768 - R:localhost/127.0.0.1:8084] onStateChange(GET{uri=/attractionRewardPoint?attractionId=e84cbfb8-f62c-465f-91b0-15a3a32e4008&userId=8ccaf1b4-1117-430b-8f7c-7116f58e0c02, connection=PooledConnection{channel=[id: 0x408f064e, L:/127.0.0.1:50768 - R:localhost/127.0.0.1:8084]}}, [request_sent])
10:13:40.678 [reactor-http-nio-4] DEBUG reactor.netty.resources.PooledConnectionProvider - [id: 0x408f064e, L:/127.0.0.1:50768 - R:localhost/127.0.0.1:8084] Channel connected, now 48 active connections and 29 inactive connections
10:13:40.678 [reactor-http-nio-4] DEBUG reactor.netty.resources.PooledConnectionProvider - [id: 0xb26d22bd] Created new pooled channel, now 48 active connections and 30 inactive connections
10:13:40.678 [reactor-http-nio-4] DEBUG reactor.netty.channel.BootstrapHandlers - [id: 0xb26d22bd] Initialized pipeline DefaultChannelPipeline{(BootstrapHandlers$BootstrapInitializerHandler#0 = reactor.netty.channel.BootstrapHandlers$BootstrapInitializerHandler), (SimpleChannelPool$1#0 = io.netty.channel.pool.SimpleChannelPool$1), (reactor.left.httpCodec = io.netty.handler.codec.http.HttpClientCodec), (reactor.left.decompressor = io.netty.handler.codec.http.HttpContentDecompressor), (reactor.right.reactiveBridge = reactor.netty.channel.ChannelOperationsHandler)}
10:13:40.678 [reactor-http-nio-4] DEBUG reactor.netty.resources.PooledConnectionProvider - [id: 0x78df3940] Created new pooled channel, now 48 active connections and 31 inactive connections
10:13:40.678 [reactor-http-nio-4] DEBUG reactor.netty.channel.BootstrapHandlers - [id: 0x78df3940] Initialized pipeline DefaultChannelPipeline{(BootstrapHandlers$BootstrapInitializerHandler#0 = reactor.netty.channel.BootstrapHandlers$BootstrapInitializerHandler), (SimpleChannelPool$1#0 = io.netty.channel.pool.SimpleChannelPool$1), (reactor.left.httpCodec = io.netty.handler.codec.http.HttpClientCodec), (reactor.left.decompressor = io.netty.handler.codec.http.HttpContentDecompressor), (reactor.right.reactiveBridge = reactor.netty.channel.ChannelOperationsHandler)}
10:13:40.631 [pool-7-thread-79] DEBUG org.springframework.web.reactive.function.client.ExchangeFunctions - [35857697] HTTP GET http://localhost:8084/attractionRewardPoint?attractionId=911ab491-98eb-490a-93a8-e7b69ee1b601&userId=09c78efa-d6e5-47c6-9db0-1f956bd37796
10:13:40.680 [reactor-http-nio-4] DEBUG reactor.netty.resources.PooledConnectionProvider - [id: 0x90a4e7db] Created new pooled channel, now 48 active connections and 32 inactive connections
10:13:40.680 [reactor-http-nio-4] DEBUG reactor.netty.channel.BootstrapHandlers - [id: 0x90a4e7db] Initialized pipeline DefaultChannelPipeline{(BootstrapHandlers$BootstrapInitializerHandler#0 = reactor.netty.channel.BootstrapHandlers$BootstrapInitializerHandler), (SimpleChannelPool$1#0 = io.netty.channel.pool.SimpleChannelPool$1), (reactor.left.httpCodec = io.netty.handler.codec.http.HttpClientCodec), (reactor.left.decompressor = io.netty.handler.codec.http.HttpContentDecompressor), (reactor.right.reactiveBridge = reactor.netty.channel.ChannelOperationsHandler)}
10:13:40.682 [reactor-http-nio-4] DEBUG reactor.netty.http.client.HttpClientOperations - [id: 0x371462f1, L:/127.0.0.1:50717 - R:localhost/127.0.0.1:8084] Received response (auto-read:false) : [Content-Type=application/json, Transfer-Encoding=chunked, Date=Tue, 07 Jun 2022 09:13:40 GMT]
10:13:40.683 [reactor-http-nio-4] DEBUG reactor.netty.resources.PooledConnectionProvider - [id: 0x371462f1, L:/127.0.0.1:50717 - R:localhost/127.0.0.1:8084] onStateChange(GET{uri=/attractionRewardPoint?attractionId=033edfb3-012d-4b2b-8877-f4a1fa907837&userId=b61c151d-19b1-4334-8be6-20b554a8e07a, connection=PooledConnection{channel=[id: 0x371462f1, L:/127.0.0.1:50717 - R:localhost/127.0.0.1:8084]}}, [response_received])
10:13:40.683 [reactor-http-nio-4] DEBUG org.springframework.web.reactive.function.client.ExchangeFunctions - [64e46d77] Response 200 OK
10:13:40.683 [reactor-http-nio-4] DEBUG reactor.netty.channel.FluxReceive - [id: 0x371462f1, L:/127.0.0.1:50717 - R:localhost/127.0.0.1:8084] Subscribing inbound receiver [pending: 0, cancelled:false, inboundDone: false]
10:13:40.683 [reactor-http-nio-4] DEBUG reactor.netty.http.client.HttpClientOperations - [id: 0x371462f1, L:/127.0.0.1:50717 - R:localhost/127.0.0.1:8084] Received last HTTP packet
10:13:40.683 [reactor-http-nio-4] DEBUG org.springframework.core.codec.StringDecoder - [64e46d77] Decoded "560"
10:13:40.683 [reactor-http-nio-4] DEBUG reactor.netty.resources.PooledConnectionProvider - [id: 0x371462f1, L:/127.0.0.1:50717 - R:localhost/127.0.0.1:8084] onStateChange(GET{uri=/attractionRewardPoint?attractionId=033edfb3-012d-4b2b-8877-f4a1fa907837&userId=b61c151d-19b1-4334-8be6-20b554a8e07a, connection=PooledConnection{channel=[id: 0x371462f1, L:/127.0.0.1:50717 - R:localhost/127.0.0.1:8084]}}, [disconnecting])
10:13:40.683 [reactor-http-nio-4] DEBUG reactor.netty.resources.PooledConnectionProvider - [id: 0x371462f1, L:/127.0.0.1:50717 - R:localhost/127.0.0.1:8084] Releasing channel
10:13:40.683 [reactor-http-nio-4] DEBUG reactor.netty.resources.PooledConnectionProvider - [id: 0x371462f1, L:/127.0.0.1:50717 - R:localhost/127.0.0.1:8084] Channel cleaned, now 47 active connections and 33 inactive connections
10:13:40.683 [reactor-http-nio-4] DEBUG reactor.netty.resources.PooledConnectionProvider - [id: 0xb3eadf5d, L:/127.0.0.1:50774 - R:localhost/127.0.0.1:8084] onStateChange(PooledConnection{channel=[id: 0xb3eadf5d, L:/127.0.0.1:50774 - R:localhost/127.0.0.1:8084]}, [connected])
10:13:40.684 [reactor-http-nio-4] DEBUG reactor.netty.resources.PooledConnectionProvider - [id: 0xb3eadf5d, L:/127.0.0.1:50774 - R:localhost/127.0.0.1:8084] onStateChange(GET{uri=/, connection=PooledConnection{channel=[id: 0xb3eadf5d, L:/127.0.0.1:50774 - R:localhost/127.0.0.1:8084]}}, [configured])
10:13:40.684 [reactor-http-nio-4] DEBUG reactor.netty.resources.PooledConnectionProvider - [id: 0xb26d22bd, L:/127.0.0.1:50775 - R:localhost/127.0.0.1:8084] onStateChange(PooledConnection{channel=[id: 0xb26d22bd, L:/127.0.0.1:50775 - R:localhost/127.0.0.1:8084]}, [connected])
10:13:40.684 [reactor-http-nio-4] DEBUG reactor.netty.resources.PooledConnectionProvider - [id: 0xb26d22bd, L:/127.0.0.1:50775 - R:localhost/127.0.0.1:8084] onStateChange(GET{uri=/, connection=PooledConnection{channel=[id: 0xb26d22bd, L:/127.0.0.1:50775 - R:localhost/127.0.0.1:8084]}}, [configured])
10:13:40.684 [reactor-http-nio-4] DEBUG reactor.netty.resources.PooledConnectionProvider - [id: 0x78df3940, L:/127.0.0.1:50776 - R:localhost/127.0.0.1:8084] onStateChange(PooledConnection{channel=[id: 0x78df3940, L:/127.0.0.1:50776 - R:localhost/127.0.0.1:8084]}, [connected])
10:13:40.684 [reactor-http-nio-4] DEBUG reactor.netty.resources.PooledConnectionProvider - [id: 0x78df3940, L:/127.0.0.1:50776 - R:localhost/127.0.0.1:8084] onStateChange(GET{uri=/, connection=PooledConnection{channel=[id: 0x78df3940, L:/127.0.0.1:50776 - R:localhost/127.0.0.1:8084]}}, [configured])
10:13:40.684 [reactor-http-nio-4] DEBUG reactor.netty.resources.PooledConnectionProvider - [id: 0x90a4e7db, L:/127.0.0.1:50777 - R:localhost/127.0.0.1:8084] onStateChange(PooledConnection{channel=[id: 0x90a4e7db, L:/127.0.0.1:50777 - R:localhost/127.0.0.1:8084]}, [connected])
10:13:40.684 [reactor-http-nio-4] DEBUG reactor.netty.resources.PooledConnectionProvider - [id: 0x90a4e7db, L:/127.0.0.1:50777 - R:localhost/127.0.0.1:8084] onStateChange(GET{uri=/, connection=PooledConnection{channel=[id: 0x90a4e7db, L:/127.0.0.1:50777 - R:localhost/127.0.0.1:8084]}}, [configured])
10:13:40.637 [reactor-http-nio-3] DEBUG reactor.netty.http.client.HttpClientOperations - [id: 0x7f6c80a6, L:/127.0.0.1:50712 - R:localhost/127.0.0.1:8084] Received response (auto-read:false) : [Content-Type=application/json, Transfer-Encoding=chunked, Date=Tue, 07 Jun 2022 09:13:40 GMT]
10:13:40.685 [reactor-http-nio-3] DEBUG reactor.netty.resources.PooledConnectionProvider - [id: 0x7f6c80a6, L:/127.0.0.1:50712 - R:localhost/127.0.0.1:8084] onStateChange(GET{uri=/attractionRewardPoint?attractionId=c77acbcd-8f1f-4f2f-93ca-d9bd5817ff08&userId=364f79d7-e492-4542-8236-11188f6eb144, connection=PooledConnection{channel=[id: 0x7f6c80a6, L:/127.0.0.1:50712 - R:localhost/127.0.0.1:8084]}}, [response_received])
10:13:40.685 [reactor-http-nio-3] DEBUG org.springframework.web.reactive.function.client.ExchangeFunctions - [5f093305] Response 200 OK
10:13:40.685 [reactor-http-nio-3] DEBUG reactor.netty.channel.FluxReceive - [id: 0x7f6c80a6, L:/127.0.0.1:50712 - R:localhost/127.0.0.1:8084] Subscribing inbound receiver [pending: 0, cancelled:false, inboundDone: false]
10:13:40.686 [reactor-http-nio-3] DEBUG reactor.netty.resources.PooledConnectionProvider - [id: 0x9a3a7abf] Created new pooled channel, now 47 active connections and 34 inactive connections
10:13:40.686 [reactor-http-nio-3] DEBUG reactor.netty.channel.BootstrapHandlers - [id: 0x9a3a7abf] Initialized pipeline DefaultChannelPipeline{(BootstrapHandlers$BootstrapInitializerHandler#0 = reactor.netty.channel.BootstrapHandlers$BootstrapInitializerHandler), (SimpleChannelPool$1#0 = io.netty.channel.pool.SimpleChannelPool$1), (reactor.left.httpCodec = io.netty.handler.codec.http.HttpClientCodec), (reactor.left.decompressor = io.netty.handler.codec.http.HttpContentDecompressor), (reactor.right.reactiveBridge = reactor.netty.channel.ChannelOperationsHandler)}
10:13:40.686 [reactor-http-nio-4] DEBUG reactor.netty.resources.PooledConnectionProvider - [id: 0x583eb79d, L:/127.0.0.1:50769 - R:localhost/127.0.0.1:8084] Registering pool release on close event for channel
10:13:40.686 [reactor-http-nio-4] DEBUG reactor.netty.http.client.HttpClientConnect - [id: 0x583eb79d, L:/127.0.0.1:50769 - R:localhost/127.0.0.1:8084] Handler is being applied: {uri=http://localhost:8084/attractionRewardPoint?attractionId=b3ed894b-3ed6-42af-9341-fcb6dbdaf5a9&userId=08338153-a1f7-4115-99cc-af0c0c51972d, method=GET}
10:13:40.687 [reactor-http-nio-4] DEBUG reactor.netty.resources.PooledConnectionProvider - [id: 0x583eb79d, L:/127.0.0.1:50769 - R:localhost/127.0.0.1:8084] onStateChange(GET{uri=/attractionRewardPoint?attractionId=b3ed894b-3ed6-42af-9341-fcb6dbdaf5a9&userId=08338153-a1f7-4115-99cc-af0c0c51972d, connection=PooledConnection{channel=[id: 0x583eb79d, L:/127.0.0.1:50769 - R:localhost/127.0.0.1:8084]}}, [request_sent])
10:13:40.687 [reactor-http-nio-4] DEBUG reactor.netty.resources.PooledConnectionProvider - [id: 0x583eb79d, L:/127.0.0.1:50769 - R:localhost/127.0.0.1:8084] Channel connected, now 48 active connections and 33 inactive connections
10:13:40.687 [reactor-http-nio-4] DEBUG reactor.netty.resources.PooledConnectionProvider - [id: 0xef5527dd, L:/127.0.0.1:50770 - R:localhost/127.0.0.1:8084] Registering pool release on close event for channel
10:13:40.687 [reactor-http-nio-4] DEBUG reactor.netty.http.client.HttpClientConnect - [id: 0xef5527dd, L:/127.0.0.1:50770 - R:localhost/127.0.0.1:8084] Handler is being applied: {uri=http://localhost:8084/attractionRewardPoint?attractionId=fdedc03e-8190-4dfc-a8f7-87b7d53b0a4b&userId=70cb0e49-d240-47f2-8841-9928694b2969, method=GET}
10:13:40.688 [reactor-http-nio-4] DEBUG reactor.netty.resources.PooledConnectionProvider - [id: 0xef5527dd, L:/127.0.0.1:50770 - R:localhost/127.0.0.1:8084] onStateChange(GET{uri=/attractionRewardPoint?attractionId=fdedc03e-8190-4dfc-a8f7-87b7d53b0a4b&userId=70cb0e49-d240-47f2-8841-9928694b2969, connection=PooledConnection{channel=[id: 0xef5527dd, L:/127.0.0.1:50770 - R:localhost/127.0.0.1:8084]}}, [request_sent])
10:13:40.688 [reactor-http-nio-4] DEBUG reactor.netty.resources.PooledConnectionProvider - [id: 0xef5527dd, L:/127.0.0.1:50770 - R:localhost/127.0.0.1:8084] Channel connected, now 49 active connections and 32 inactive connections
10:13:40.688 [reactor-http-nio-4] DEBUG reactor.netty.resources.PooledConnectionProvider - [id: 0x2f294f73, L:/127.0.0.1:50771 - R:localhost/127.0.0.1:8084] Registering pool release on close event for channel
10:13:40.688 [reactor-http-nio-4] DEBUG reactor.netty.http.client.HttpClientConnect - [id: 0x2f294f73, L:/127.0.0.1:50771 - R:localhost/127.0.0.1:8084] Handler is being applied: {uri=http://localhost:8084/attractionRewardPoint?attractionId=2ab1bb0d-e838-4d01-af66-a857d7aa9a38&userId=178b58c8-2073-4fad-8256-3f2caeee26c6, method=GET}
10:13:40.689 [reactor-http-nio-4] DEBUG reactor.netty.resources.PooledConnectionProvider - [id: 0x2f294f73, L:/127.0.0.1:50771 - R:localhost/127.0.0.1:8084] onStateChange(GET{uri=/attractionRewardPoint?attractionId=2ab1bb0d-e838-4d01-af66-a857d7aa9a38&userId=178b58c8-2073-4fad-8256-3f2caeee26c6, connection=PooledConnection{channel=[id: 0x2f294f73, L:/127.0.0.1:50771 - R:localhost/127.0.0.1:8084]}}, [request_sent])
10:13:40.689 [reactor-http-nio-4] DEBUG reactor.netty.resources.PooledConnectionProvider - [id: 0x2f294f73, L:/127.0.0.1:50771 - R:localhost/127.0.0.1:8084] Channel connected, now 50 active connections and 31 inactive connections
10:13:40.690 [reactor-http-nio-4] DEBUG reactor.netty.resources.PooledConnectionProvider - [id: 0x3ef06b3f, L:/127.0.0.1:50772 - R:localhost/127.0.0.1:8084] Registering pool release on close event for channel
10:13:40.690 [reactor-http-nio-4] DEBUG reactor.netty.http.client.HttpClientConnect - [id: 0x3ef06b3f, L:/127.0.0.1:50772 - R:localhost/127.0.0.1:8084] Handler is being applied: {uri=http://localhost:8084/attractionRewardPoint?attractionId=7e3ef129-2769-4825-bfbe-1497a8b57e0f&userId=3b542262-2bb7-4cf2-b2db-23e856b232f2, method=GET}
10:13:40.691 [reactor-http-nio-4] DEBUG reactor.netty.resources.PooledConnectionProvider - [id: 0x3ef06b3f, L:/127.0.0.1:50772 - R:localhost/127.0.0.1:8084] onStateChange(GET{uri=/attractionRewardPoint?attractionId=7e3ef129-2769-4825-bfbe-1497a8b57e0f&userId=3b542262-2bb7-4cf2-b2db-23e856b232f2, connection=PooledConnection{channel=[id: 0x3ef06b3f, L:/127.0.0.1:50772 - R:localhost/127.0.0.1:8084]}}, [request_sent])
10:13:40.691 [reactor-http-nio-4] DEBUG reactor.netty.resources.PooledConnectionProvider - [id: 0x3ef06b3f, L:/127.0.0.1:50772 - R:localhost/127.0.0.1:8084] Channel connected, now 51 active connections and 30 inactive connections
10:13:40.691 [reactor-http-nio-4] DEBUG reactor.netty.resources.PooledConnectionProvider - [id: 0xb3eadf5d, L:/127.0.0.1:50774 - R:localhost/127.0.0.1:8084] Registering pool release on close event for channel
10:13:40.691 [reactor-http-nio-4] DEBUG reactor.netty.http.client.HttpClientConnect - [id: 0xb3eadf5d, L:/127.0.0.1:50774 - R:localhost/127.0.0.1:8084] Handler is being applied: {uri=http://localhost:8084/attractionRewardPoint?attractionId=227e658f-7afc-4a2b-9323-362e330f16b2&userId=1692717e-3761-4ef5-8886-d1f9780664f6, method=GET}
10:13:40.691 [reactor-http-nio-3] DEBUG reactor.netty.http.client.HttpClientOperations - [id: 0x7f6c80a6, L:/127.0.0.1:50712 - R:localhost/127.0.0.1:8084] Received last HTTP packet
10:13:40.691 [reactor-http-nio-3] DEBUG org.springframework.core.codec.StringDecoder - [5f093305] Decoded "954"
10:13:40.691 [reactor-http-nio-3] DEBUG reactor.netty.resources.PooledConnectionProvider - [id: 0x7f6c80a6, L:/127.0.0.1:50712 - R:localhost/127.0.0.1:8084] onStateChange(GET{uri=/attractionRewardPoint?attractionId=c77acbcd-8f1f-4f2f-93ca-d9bd5817ff08&userId=364f79d7-e492-4542-8236-11188f6eb144, connection=PooledConnection{channel=[id: 0x7f6c80a6, L:/127.0.0.1:50712 - R:localhost/127.0.0.1:8084]}}, [disconnecting])
10:13:40.691 [reactor-http-nio-3] DEBUG reactor.netty.resources.PooledConnectionProvider - [id: 0x7f6c80a6, L:/127.0.0.1:50712 - R:localhost/127.0.0.1:8084] Releasing channel
10:13:40.691 [reactor-http-nio-3] DEBUG reactor.netty.resources.PooledConnectionProvider - [id: 0x7f6c80a6, L:/127.0.0.1:50712 - R:localhost/127.0.0.1:8084] Channel cleaned, now 51 active connections and 30 inactive connections
10:13:40.692 [reactor-http-nio-4] DEBUG reactor.netty.resources.PooledConnectionProvider - [id: 0xb3eadf5d, L:/127.0.0.1:50774 - R:localhost/127.0.0.1:8084] onStateChange(GET{uri=/attractionRewardPoint?attractionId=227e658f-7afc-4a2b-9323-362e330f16b2&userId=1692717e-3761-4ef5-8886-d1f9780664f6, connection=PooledConnection{channel=[id: 0xb3eadf5d, L:/127.0.0.1:50774 - R:localhost/127.0.0.1:8084]}}, [request_sent])
10:13:40.692 [reactor-http-nio-4] DEBUG reactor.netty.resources.PooledConnectionProvider - [id: 0xb3eadf5d, L:/127.0.0.1:50774 - R:localhost/127.0.0.1:8084] Channel connected, now 51 active connections and 30 inactive connections
10:13:40.692 [reactor-http-nio-4] DEBUG reactor.netty.resources.PooledConnectionProvider - [id: 0x78df3940, L:/127.0.0.1:50776 - R:localhost/127.0.0.1:8084] Registering pool release on close event for channel
10:13:40.692 [reactor-http-nio-4] DEBUG reactor.netty.http.client.HttpClientConnect - [id: 0x78df3940, L:/127.0.0.1:50776 - R:localhost/127.0.0.1:8084] Handler is being applied: {uri=http://localhost:8084/attractionRewardPoint?attractionId=95c926e7-51b0-4fc3-b08f-9bfcea16e945&userId=68770eb4-d2ff-4690-9983-a2df221ec525, method=GET}
10:13:40.692 [reactor-http-nio-3] DEBUG reactor.netty.resources.PooledConnectionProvider - [id: 0x9a3a7abf, L:/127.0.0.1:50778 - R:localhost/127.0.0.1:8084] onStateChange(PooledConnection{channel=[id: 0x9a3a7abf, L:/127.0.0.1:50778 - R:localhost/127.0.0.1:8084]}, [connected])
10:13:40.692 [reactor-http-nio-3] DEBUG reactor.netty.resources.PooledConnectionProvider - [id: 0x9a3a7abf, L:/127.0.0.1:50778 - R:localhost/127.0.0.1:8084] onStateChange(GET{uri=/, connection=PooledConnection{channel=[id: 0x9a3a7abf, L:/127.0.0.1:50778 - R:localhost/127.0.0.1:8084]}}, [configured])
10:13:40.692 [reactor-http-nio-4] DEBUG reactor.netty.resources.PooledConnectionProvider - [id: 0x78df3940, L:/127.0.0.1:50776 - R:localhost/127.0.0.1:8084] onStateChange(GET{uri=/attractionRewardPoint?attractionId=95c926e7-51b0-4fc3-b08f-9bfcea16e945&userId=68770eb4-d2ff-4690-9983-a2df221ec525, connection=PooledConnection{channel=[id: 0x78df3940, L:/127.0.0.1:50776 - R:localhost/127.0.0.1:8084]}}, [request_sent])
10:13:40.693 [reactor-http-nio-4] DEBUG reactor.netty.resources.PooledConnectionProvider - [id: 0x78df3940, L:/127.0.0.1:50776 - R:localhost/127.0.0.1:8084] Channel connected, now 52 active connections and 29 inactive connections
10:13:40.693 [reactor-http-nio-4] DEBUG reactor.netty.resources.PooledConnectionProvider - [id: 0x90a4e7db, L:/127.0.0.1:50777 - R:localhost/127.0.0.1:8084] Registering pool release on close event for channel
10:13:40.693 [reactor-http-nio-4] DEBUG reactor.netty.http.client.HttpClientConnect - [id: 0x90a4e7db, L:/127.0.0.1:50777 - R:localhost/127.0.0.1:8084] Handler is being applied: {uri=http://localhost:8084/attractionRewardPoint?attractionId=b8d02ffe-8884-43ee-947e-afbc64cc4126&userId=ab917132-c45b-4fe3-82e8-b31db03a2c81, method=GET}
10:13:40.693 [reactor-http-nio-4] DEBUG reactor.netty.resources.PooledConnectionProvider - [id: 0x90a4e7db, L:/127.0.0.1:50777 - R:localhost/127.0.0.1:8084] onStateChange(GET{uri=/attractionRewardPoint?attractionId=b8d02ffe-8884-43ee-947e-afbc64cc4126&userId=ab917132-c45b-4fe3-82e8-b31db03a2c81, connection=PooledConnection{channel=[id: 0x90a4e7db, L:/127.0.0.1:50777 - R:localhost/127.0.0.1:8084]}}, [request_sent])
10:13:40.693 [reactor-http-nio-4] DEBUG reactor.netty.resources.PooledConnectionProvider - [id: 0x90a4e7db, L:/127.0.0.1:50777 - R:localhost/127.0.0.1:8084] Channel connected, now 53 active connections and 28 inactive connections
10:13:40.694 [reactor-http-nio-3] DEBUG reactor.netty.resources.PooledConnectionProvider - [id: 0x9a3a7abf, L:/127.0.0.1:50778 - R:localhost/127.0.0.1:8084] Registering pool release on close event for channel
10:13:40.694 [reactor-http-nio-3] DEBUG reactor.netty.http.client.HttpClientConnect - [id: 0x9a3a7abf, L:/127.0.0.1:50778 - R:localhost/127.0.0.1:8084] Handler is being applied: {uri=http://localhost:8084/attractionRewardPoint?attractionId=e60aad2a-bb6c-43f7-a2ae-7c01a5c4a5a5&userId=f9b664db-ddb4-4cb3-9c2f-21dcdc3814f0, method=GET}
10:13:40.695 [reactor-http-nio-3] DEBUG reactor.netty.resources.PooledConnectionProvider - [id: 0x9a3a7abf, L:/127.0.0.1:50778 - R:localhost/127.0.0.1:8084] onStateChange(GET{uri=/attractionRewardPoint?attractionId=e60aad2a-bb6c-43f7-a2ae-7c01a5c4a5a5&userId=f9b664db-ddb4-4cb3-9c2f-21dcdc3814f0, connection=PooledConnection{channel=[id: 0x9a3a7abf, L:/127.0.0.1:50778 - R:localhost/127.0.0.1:8084]}}, [request_sent])
10:13:40.695 [reactor-http-nio-3] DEBUG reactor.netty.resources.PooledConnectionProvider - [id: 0x9a3a7abf, L:/127.0.0.1:50778 - R:localhost/127.0.0.1:8084] Channel connected, now 54 active connections and 27 inactive connections
10:13:40.709 [reactor-http-nio-4] DEBUG reactor.netty.http.client.HttpClientOperations - [id: 0x0a0728b4, L:/127.0.0.1:50714 - R:localhost/127.0.0.1:8084] Received response (auto-read:false) : [Content-Type=application/json, Transfer-Encoding=chunked, Date=Tue, 07 Jun 2022 09:13:40 GMT]
10:13:40.709 [reactor-http-nio-4] DEBUG reactor.netty.resources.PooledConnectionProvider - [id: 0x0a0728b4, L:/127.0.0.1:50714 - R:localhost/127.0.0.1:8084] onStateChange(GET{uri=/attractionRewardPoint?attractionId=4e8bb7c6-a7cd-49aa-a899-eb72f539473b&userId=86812f3f-622a-47f6-b49c-e2c151771ecb, connection=PooledConnection{channel=[id: 0x0a0728b4, L:/127.0.0.1:50714 - R:localhost/127.0.0.1:8084]}}, [response_received])
10:13:40.709 [reactor-http-nio-4] DEBUG org.springframework.web.reactive.function.client.ExchangeFunctions - [2b7f8caa] Response 200 OK
10:13:40.709 [reactor-http-nio-4] DEBUG reactor.netty.channel.FluxReceive - [id: 0x0a0728b4, L:/127.0.0.1:50714 - R:localhost/127.0.0.1:8084] Subscribing inbound receiver [pending: 0, cancelled:false, inboundDone: false]
10:13:40.710 [reactor-http-nio-4] DEBUG reactor.netty.http.client.HttpClientOperations - [id: 0x0a0728b4, L:/127.0.0.1:50714 - R:localhost/127.0.0.1:8084] Received last HTTP packet
10:13:40.710 [reactor-http-nio-4] DEBUG org.springframework.core.codec.StringDecoder - [2b7f8caa] Decoded "45"
10:13:40.710 [reactor-http-nio-4] DEBUG reactor.netty.resources.PooledConnectionProvider - [id: 0x0a0728b4, L:/127.0.0.1:50714 - R:localhost/127.0.0.1:8084] onStateChange(GET{uri=/attractionRewardPoint?attractionId=4e8bb7c6-a7cd-49aa-a899-eb72f539473b&userId=86812f3f-622a-47f6-b49c-e2c151771ecb, connection=PooledConnection{channel=[id: 0x0a0728b4, L:/127.0.0.1:50714 - R:localhost/127.0.0.1:8084]}}, [disconnecting])
10:13:40.710 [reactor-http-nio-4] DEBUG reactor.netty.resources.PooledConnectionProvider - [id: 0x0a0728b4, L:/127.0.0.1:50714 - R:localhost/127.0.0.1:8084] Releasing channel
10:13:40.710 [reactor-http-nio-4] DEBUG reactor.netty.resources.PooledConnectionProvider - [id: 0x0a0728b4, L:/127.0.0.1:50714 - R:localhost/127.0.0.1:8084] Channel cleaned, now 53 active connections and 28 inactive connections
10:13:40.714 [reactor-http-nio-2] DEBUG reactor.netty.resources.PooledConnectionProvider - [id: 0x92ae0da6] Created new pooled channel, now 53 active connections and 29 inactive connections
10:13:40.714 [reactor-http-nio-3] DEBUG reactor.netty.resources.PooledConnectionProvider - [id: 0xce654a47, L:/127.0.0.1:50736 - R:localhost/127.0.0.1:8084] Registering pool release on close event for channel
10:13:40.714 [reactor-http-nio-3] DEBUG reactor.netty.http.client.HttpClientConnect - [id: 0xce654a47, L:/127.0.0.1:50736 - R:localhost/127.0.0.1:8084] Handler is being applied: {uri=http://localhost:8084/attractionRewardPoint?attractionId=c096d550-0a96-479f-a10f-c6b8534154d8&userId=2d124a40-08d5-415b-a5ca-836c178fbf7d, method=GET}
10:13:40.715 [reactor-http-nio-2] DEBUG reactor.netty.channel.BootstrapHandlers - [id: 0x92ae0da6] Initialized pipeline DefaultChannelPipeline{(BootstrapHandlers$BootstrapInitializerHandler#0 = reactor.netty.channel.BootstrapHandlers$BootstrapInitializerHandler), (SimpleChannelPool$1#0 = io.netty.channel.pool.SimpleChannelPool$1), (reactor.left.httpCodec = io.netty.handler.codec.http.HttpClientCodec), (reactor.left.decompressor = io.netty.handler.codec.http.HttpContentDecompressor), (reactor.right.reactiveBridge = reactor.netty.channel.ChannelOperationsHandler)}
10:13:40.715 [reactor-http-nio-3] DEBUG reactor.netty.resources.PooledConnectionProvider - [id: 0xce654a47, L:/127.0.0.1:50736 - R:localhost/127.0.0.1:8084] onStateChange(GET{uri=/attractionRewardPoint?attractionId=c096d550-0a96-479f-a10f-c6b8534154d8&userId=2d124a40-08d5-415b-a5ca-836c178fbf7d, connection=PooledConnection{channel=[id: 0xce654a47, L:/127.0.0.1:50736 - R:localhost/127.0.0.1:8084]}}, [request_sent])
10:13:40.715 [reactor-http-nio-3] DEBUG reactor.netty.resources.PooledConnectionProvider - [id: 0xce654a47, L:/127.0.0.1:50736 - R:localhost/127.0.0.1:8084] Channel connected, now 54 active connections and 28 inactive connections
10:13:40.715 [reactor-http-nio-3] DEBUG reactor.netty.resources.PooledConnectionProvider - [id: 0xb1ebf2b6, L:/127.0.0.1:50737 - R:localhost/127.0.0.1:8084] Registering pool release on close event for channel
10:13:40.715 [reactor-http-nio-3] DEBUG reactor.netty.http.client.HttpClientConnect - [id: 0xb1ebf2b6, L:/127.0.0.1:50737 - R:localhost/127.0.0.1:8084] Handler is being applied: {uri=http://localhost:8084/attractionRewardPoint?attractionId=71292568-fe2e-4c1f-8443-b03ef667a2b0&userId=0414d8bc-eb08-44fd-9476-e6ed94259ca4, method=GET}
10:13:40.716 [reactor-http-nio-3] DEBUG reactor.netty.resources.PooledConnectionProvider - [id: 0xb1ebf2b6, L:/127.0.0.1:50737 - R:localhost/127.0.0.1:8084] onStateChange(GET{uri=/attractionRewardPoint?attractionId=71292568-fe2e-4c1f-8443-b03ef667a2b0&userId=0414d8bc-eb08-44fd-9476-e6ed94259ca4, connection=PooledConnection{channel=[id: 0xb1ebf2b6, L:/127.0.0.1:50737 - R:localhost/127.0.0.1:8084]}}, [request_sent])
10:13:40.716 [reactor-http-nio-3] DEBUG reactor.netty.resources.PooledConnectionProvider - [id: 0xb1ebf2b6, L:/127.0.0.1:50737 - R:localhost/127.0.0.1:8084] Channel connected, now 55 active connections and 27 inactive connections
10:13:40.716 [reactor-http-nio-3] DEBUG reactor.netty.resources.PooledConnectionProvider - [id: 0xc156f3c0, L:/127.0.0.1:50738 - R:localhost/127.0.0.1:8084] Registering pool release on close event for channel
10:13:40.716 [reactor-http-nio-3] DEBUG reactor.netty.http.client.HttpClientConnect - [id: 0xc156f3c0, L:/127.0.0.1:50738 - R:localhost/127.0.0.1:8084] Handler is being applied: {uri=http://localhost:8084/attractionRewardPoint?attractionId=3b5afe5d-9b40-440d-be01-04fa09f814a7&userId=6ad9c11a-e84f-450b-b65f-3a2ca9508378, method=GET}
10:13:40.717 [reactor-http-nio-3] DEBUG reactor.netty.resources.PooledConnectionProvider - [id: 0xc156f3c0, L:/127.0.0.1:50738 - R:localhost/127.0.0.1:8084] onStateChange(GET{uri=/attractionRewardPoint?attractionId=3b5afe5d-9b40-440d-be01-04fa09f814a7&userId=6ad9c11a-e84f-450b-b65f-3a2ca9508378, connection=PooledConnection{channel=[id: 0xc156f3c0, L:/127.0.0.1:50738 - R:localhost/127.0.0.1:8084]}}, [request_sent])
10:13:40.717 [reactor-http-nio-3] DEBUG reactor.netty.resources.PooledConnectionProvider - [id: 0xc156f3c0, L:/127.0.0.1:50738 - R:localhost/127.0.0.1:8084] Channel connected, now 56 active connections and 26 inactive connections
10:13:40.720 [reactor-http-nio-3] DEBUG reactor.netty.resources.PooledConnectionProvider - [id: 0xdeb3f006, L:/127.0.0.1:50739 - R:localhost/127.0.0.1:8084] Registering pool release on close event for channel
10:13:40.720 [reactor-http-nio-3] DEBUG reactor.netty.http.client.HttpClientConnect - [id: 0xdeb3f006, L:/127.0.0.1:50739 - R:localhost/127.0.0.1:8084] Handler is being applied: {uri=http://localhost:8084/attractionRewardPoint?attractionId=1a1549ea-a149-4d05-b7af-8e000c2f6e34&userId=ad624b30-b314-4c79-bf83-0952ae3877b7, method=GET}
10:13:40.721 [reactor-http-nio-3] DEBUG reactor.netty.resources.PooledConnectionProvider - [id: 0xdeb3f006, L:/127.0.0.1:50739 - R:localhost/127.0.0.1:8084] onStateChange(GET{uri=/attractionRewardPoint?attractionId=1a1549ea-a149-4d05-b7af-8e000c2f6e34&userId=ad624b30-b314-4c79-bf83-0952ae3877b7, connection=PooledConnection{channel=[id: 0xdeb3f006, L:/127.0.0.1:50739 - R:localhost/127.0.0.1:8084]}}, [request_sent])
10:13:40.721 [reactor-http-nio-3] DEBUG reactor.netty.resources.PooledConnectionProvider - [id: 0xdeb3f006, L:/127.0.0.1:50739 - R:localhost/127.0.0.1:8084] Channel connected, now 57 active connections and 26 inactive connections
10:13:40.722 [reactor-http-nio-2] DEBUG reactor.netty.resources.PooledConnectionProvider - [id: 0x83dea694] Created new pooled channel, now 57 active connections and 26 inactive connections
10:13:40.723 [reactor-http-nio-2] DEBUG reactor.netty.channel.BootstrapHandlers - [id: 0x83dea694] Initialized pipeline DefaultChannelPipeline{(BootstrapHandlers$BootstrapInitializerHandler#0 = reactor.netty.channel.BootstrapHandlers$BootstrapInitializerHandler), (SimpleChannelPool$1#0 = io.netty.channel.pool.SimpleChannelPool$1), (reactor.left.httpCodec = io.netty.handler.codec.http.HttpClientCodec), (reactor.left.decompressor = io.netty.handler.codec.http.HttpContentDecompressor), (reactor.right.reactiveBridge = reactor.netty.channel.ChannelOperationsHandler)}
10:13:40.723 [reactor-http-nio-2] DEBUG reactor.netty.resources.PooledConnectionProvider - [id: 0x46405dac] Created new pooled channel, now 57 active connections and 27 inactive connections
10:13:40.726 [reactor-http-nio-2] DEBUG reactor.netty.channel.BootstrapHandlers - [id: 0x46405dac] Initialized pipeline DefaultChannelPipeline{(BootstrapHandlers$BootstrapInitializerHandler#0 = reactor.netty.channel.BootstrapHandlers$BootstrapInitializerHandler), (SimpleChannelPool$1#0 = io.netty.channel.pool.SimpleChannelPool$1), (reactor.left.httpCodec = io.netty.handler.codec.http.HttpClientCodec), (reactor.left.decompressor = io.netty.handler.codec.http.HttpContentDecompressor), (reactor.right.reactiveBridge = reactor.netty.channel.ChannelOperationsHandler)}
10:13:40.727 [reactor-http-nio-2] DEBUG reactor.netty.resources.PooledConnectionProvider - [id: 0xb1e4566b] Created new pooled channel, now 57 active connections and 28 inactive connections
10:13:40.727 [reactor-http-nio-2] DEBUG reactor.netty.channel.BootstrapHandlers - [id: 0xb1e4566b] Initialized pipeline DefaultChannelPipeline{(BootstrapHandlers$BootstrapInitializerHandler#0 = reactor.netty.channel.BootstrapHandlers$BootstrapInitializerHandler), (SimpleChannelPool$1#0 = io.netty.channel.pool.SimpleChannelPool$1), (reactor.left.httpCodec = io.netty.handler.codec.http.HttpClientCodec), (reactor.left.decompressor = io.netty.handler.codec.http.HttpContentDecompressor), (reactor.right.reactiveBridge = reactor.netty.channel.ChannelOperationsHandler)}
10:13:40.727 [reactor-http-nio-2] DEBUG reactor.netty.resources.PooledConnectionProvider - [id: 0x81dd93d6] Created new pooled channel, now 57 active connections and 29 inactive connections
10:13:40.728 [reactor-http-nio-2] DEBUG reactor.netty.channel.BootstrapHandlers - [id: 0x81dd93d6] Initialized pipeline DefaultChannelPipeline{(BootstrapHandlers$BootstrapInitializerHandler#0 = reactor.netty.channel.BootstrapHandlers$BootstrapInitializerHandler), (SimpleChannelPool$1#0 = io.netty.channel.pool.SimpleChannelPool$1), (reactor.left.httpCodec = io.netty.handler.codec.http.HttpClientCodec), (reactor.left.decompressor = io.netty.handler.codec.http.HttpContentDecompressor), (reactor.right.reactiveBridge = reactor.netty.channel.ChannelOperationsHandler)}
10:13:40.728 [reactor-http-nio-2] DEBUG reactor.netty.resources.PooledConnectionProvider - [id: 0x355a0469] Created new pooled channel, now 57 active connections and 30 inactive connections
10:13:40.728 [reactor-http-nio-2] DEBUG reactor.netty.channel.BootstrapHandlers - [id: 0x355a0469] Initialized pipeline DefaultChannelPipeline{(BootstrapHandlers$BootstrapInitializerHandler#0 = reactor.netty.channel.BootstrapHandlers$BootstrapInitializerHandler), (SimpleChannelPool$1#0 = io.netty.channel.pool.SimpleChannelPool$1), (reactor.left.httpCodec = io.netty.handler.codec.http.HttpClientCodec), (reactor.left.decompressor = io.netty.handler.codec.http.HttpContentDecompressor), (reactor.right.reactiveBridge = reactor.netty.channel.ChannelOperationsHandler)}
10:13:40.729 [reactor-http-nio-2] DEBUG reactor.netty.resources.PooledConnectionProvider - [id: 0x07343312] Created new pooled channel, now 57 active connections and 31 inactive connections
10:13:40.729 [reactor-http-nio-2] DEBUG reactor.netty.channel.BootstrapHandlers - [id: 0x07343312] Initialized pipeline DefaultChannelPipeline{(BootstrapHandlers$BootstrapInitializerHandler#0 = reactor.netty.channel.BootstrapHandlers$BootstrapInitializerHandler), (SimpleChannelPool$1#0 = io.netty.channel.pool.SimpleChannelPool$1), (reactor.left.httpCodec = io.netty.handler.codec.http.HttpClientCodec), (reactor.left.decompressor = io.netty.handler.codec.http.HttpContentDecompressor), (reactor.right.reactiveBridge = reactor.netty.channel.ChannelOperationsHandler)}
10:13:40.729 [reactor-http-nio-2] DEBUG reactor.netty.resources.PooledConnectionProvider - [id: 0xe8186bf9] Created new pooled channel, now 57 active connections and 32 inactive connections
10:13:40.729 [reactor-http-nio-2] DEBUG reactor.netty.channel.BootstrapHandlers - [id: 0xe8186bf9] Initialized pipeline DefaultChannelPipeline{(BootstrapHandlers$BootstrapInitializerHandler#0 = reactor.netty.channel.BootstrapHandlers$BootstrapInitializerHandler), (SimpleChannelPool$1#0 = io.netty.channel.pool.SimpleChannelPool$1), (reactor.left.httpCodec = io.netty.handler.codec.http.HttpClientCodec), (reactor.left.decompressor = io.netty.handler.codec.http.HttpContentDecompressor), (reactor.right.reactiveBridge = reactor.netty.channel.ChannelOperationsHandler)}
10:13:40.730 [reactor-http-nio-2] DEBUG reactor.netty.resources.PooledConnectionProvider - [id: 0x0d3b50f8] Created new pooled channel, now 57 active connections and 33 inactive connections
10:13:40.730 [reactor-http-nio-4] DEBUG reactor.netty.resources.PooledConnectionProvider - [id: 0xc8702a80, L:/127.0.0.1:50766 - R:localhost/127.0.0.1:8084] Registering pool release on close event for channel
10:13:40.730 [reactor-http-nio-4] DEBUG reactor.netty.http.client.HttpClientConnect - [id: 0xc8702a80, L:/127.0.0.1:50766 - R:localhost/127.0.0.1:8084] Handler is being applied: {uri=http://localhost:8084/attractionRewardPoint?attractionId=844fc33a-3444-4b77-aa47-c7e6c6a80319&userId=654ff530-b5c5-45f0-9dbe-00269d4d7426, method=GET}
10:13:40.730 [reactor-http-nio-2] DEBUG reactor.netty.channel.BootstrapHandlers - [id: 0x0d3b50f8] Initialized pipeline DefaultChannelPipeline{(BootstrapHandlers$BootstrapInitializerHandler#0 = reactor.netty.channel.BootstrapHandlers$BootstrapInitializerHandler), (SimpleChannelPool$1#0 = io.netty.channel.pool.SimpleChannelPool$1), (reactor.left.httpCodec = io.netty.handler.codec.http.HttpClientCodec), (reactor.left.decompressor = io.netty.handler.codec.http.HttpContentDecompressor), (reactor.right.reactiveBridge = reactor.netty.channel.ChannelOperationsHandler)}
10:13:40.731 [reactor-http-nio-4] DEBUG reactor.netty.resources.PooledConnectionProvider - [id: 0xc8702a80, L:/127.0.0.1:50766 - R:localhost/127.0.0.1:8084] onStateChange(GET{uri=/attractionRewardPoint?attractionId=844fc33a-3444-4b77-aa47-c7e6c6a80319&userId=654ff530-b5c5-45f0-9dbe-00269d4d7426, connection=PooledConnection{channel=[id: 0xc8702a80, L:/127.0.0.1:50766 - R:localhost/127.0.0.1:8084]}}, [request_sent])
10:13:40.731 [reactor-http-nio-4] DEBUG reactor.netty.resources.PooledConnectionProvider - [id: 0xc8702a80, L:/127.0.0.1:50766 - R:localhost/127.0.0.1:8084] Channel connected, now 58 active connections and 32 inactive connections
10:13:40.732 [reactor-http-nio-2] DEBUG reactor.netty.resources.PooledConnectionProvider - [id: 0xc5527000] Created new pooled channel, now 58 active connections and 33 inactive connections
10:13:40.732 [reactor-http-nio-2] DEBUG reactor.netty.channel.BootstrapHandlers - [id: 0xc5527000] Initialized pipeline DefaultChannelPipeline{(BootstrapHandlers$BootstrapInitializerHandler#0 = reactor.netty.channel.BootstrapHandlers$BootstrapInitializerHandler), (SimpleChannelPool$1#0 = io.netty.channel.pool.SimpleChannelPool$1), (reactor.left.httpCodec = io.netty.handler.codec.http.HttpClientCodec), (reactor.left.decompressor = io.netty.handler.codec.http.HttpContentDecompressor), (reactor.right.reactiveBridge = reactor.netty.channel.ChannelOperationsHandler)}
10:13:40.735 [reactor-http-nio-2] DEBUG reactor.netty.resources.PooledConnectionProvider - [id: 0x75706e45] Created new pooled channel, now 58 active connections and 34 inactive connections
10:13:40.735 [reactor-http-nio-2] DEBUG reactor.netty.channel.BootstrapHandlers - [id: 0x75706e45] Initialized pipeline DefaultChannelPipeline{(BootstrapHandlers$BootstrapInitializerHandler#0 = reactor.netty.channel.BootstrapHandlers$BootstrapInitializerHandler), (SimpleChannelPool$1#0 = io.netty.channel.pool.SimpleChannelPool$1), (reactor.left.httpCodec = io.netty.handler.codec.http.HttpClientCodec), (reactor.left.decompressor = io.netty.handler.codec.http.HttpContentDecompressor), (reactor.right.reactiveBridge = reactor.netty.channel.ChannelOperationsHandler)}
10:13:40.736 [reactor-http-nio-2] DEBUG reactor.netty.resources.PooledConnectionProvider - [id: 0x1cbe9dd2, L:/127.0.0.1:50733 - R:localhost/127.0.0.1:8084] Registering pool release on close event for channel
10:13:40.736 [reactor-http-nio-2] DEBUG reactor.netty.http.client.HttpClientConnect - [id: 0x1cbe9dd2, L:/127.0.0.1:50733 - R:localhost/127.0.0.1:8084] Handler is being applied: {uri=http://localhost:8084/attractionRewardPoint?attractionId=c0d4426c-ce7e-4717-9e81-7b06e02ca776&userId=d86715d6-ae33-4242-b191-06483d5be15c, method=GET}
10:13:40.737 [reactor-http-nio-2] DEBUG reactor.netty.resources.PooledConnectionProvider - [id: 0x1cbe9dd2, L:/127.0.0.1:50733 - R:localhost/127.0.0.1:8084] onStateChange(GET{uri=/attractionRewardPoint?attractionId=c0d4426c-ce7e-4717-9e81-7b06e02ca776&userId=d86715d6-ae33-4242-b191-06483d5be15c, connection=PooledConnection{channel=[id: 0x1cbe9dd2, L:/127.0.0.1:50733 - R:localhost/127.0.0.1:8084]}}, [request_sent])
10:13:40.737 [reactor-http-nio-2] DEBUG reactor.netty.resources.PooledConnectionProvider - [id: 0x1cbe9dd2, L:/127.0.0.1:50733 - R:localhost/127.0.0.1:8084] Channel connected, now 59 active connections and 33 inactive connections
10:13:40.737 [reactor-http-nio-2] DEBUG reactor.netty.resources.PooledConnectionProvider - [id: 0x9422b205, L:/127.0.0.1:50734 - R:localhost/127.0.0.1:8084] Registering pool release on close event for channel
10:13:40.737 [reactor-http-nio-2] DEBUG reactor.netty.http.client.HttpClientConnect - [id: 0x9422b205, L:/127.0.0.1:50734 - R:localhost/127.0.0.1:8084] Handler is being applied: {uri=http://localhost:8084/attractionRewardPoint?attractionId=4e9a54a8-7854-458b-9cc1-6ae68f0a4a06&userId=27809b4a-942f-4c0c-9758-b7975329d5b0, method=GET}
10:13:40.738 [reactor-http-nio-2] DEBUG reactor.netty.resources.PooledConnectionProvider - [id: 0x9422b205, L:/127.0.0.1:50734 - R:localhost/127.0.0.1:8084] onStateChange(GET{uri=/attractionRewardPoint?attractionId=4e9a54a8-7854-458b-9cc1-6ae68f0a4a06&userId=27809b4a-942f-4c0c-9758-b7975329d5b0, connection=PooledConnection{channel=[id: 0x9422b205, L:/127.0.0.1:50734 - R:localhost/127.0.0.1:8084]}}, [request_sent])
10:13:40.739 [reactor-http-nio-2] DEBUG reactor.netty.resources.PooledConnectionProvider - [id: 0x9422b205, L:/127.0.0.1:50734 - R:localhost/127.0.0.1:8084] Channel connected, now 60 active connections and 32 inactive connections
10:13:40.739 [reactor-http-nio-2] DEBUG reactor.netty.resources.PooledConnectionProvider - [id: 0x41c9227f, L:/127.0.0.1:50735 - R:localhost/127.0.0.1:8084] Registering pool release on close event for channel
10:13:40.739 [reactor-http-nio-2] DEBUG reactor.netty.http.client.HttpClientConnect - [id: 0x41c9227f, L:/127.0.0.1:50735 - R:localhost/127.0.0.1:8084] Handler is being applied: {uri=http://localhost:8084/attractionRewardPoint?attractionId=1857bd52-01a0-4150-9526-e0e81d8d638d&userId=bc0910a3-c78c-447c-ba18-de62c59166bd, method=GET}
10:13:40.740 [reactor-http-nio-2] DEBUG reactor.netty.resources.PooledConnectionProvider - [id: 0x41c9227f, L:/127.0.0.1:50735 - R:localhost/127.0.0.1:8084] onStateChange(GET{uri=/attractionRewardPoint?attractionId=1857bd52-01a0-4150-9526-e0e81d8d638d&userId=bc0910a3-c78c-447c-ba18-de62c59166bd, connection=PooledConnection{channel=[id: 0x41c9227f, L:/127.0.0.1:50735 - R:localhost/127.0.0.1:8084]}}, [request_sent])
10:13:40.740 [reactor-http-nio-2] DEBUG reactor.netty.resources.PooledConnectionProvider - [id: 0x41c9227f, L:/127.0.0.1:50735 - R:localhost/127.0.0.1:8084] Channel connected, now 61 active connections and 31 inactive connections
10:13:40.740 [reactor-http-nio-2] DEBUG reactor.netty.resources.PooledConnectionProvider - [id: 0x2dd70f15, L:/127.0.0.1:50747 - R:localhost/127.0.0.1:8084] Registering pool release on close event for channel
10:13:40.740 [reactor-http-nio-2] DEBUG reactor.netty.http.client.HttpClientConnect - [id: 0x2dd70f15, L:/127.0.0.1:50747 - R:localhost/127.0.0.1:8084] Handler is being applied: {uri=http://localhost:8084/attractionRewardPoint?attractionId=59e2ba29-8f0c-4758-9671-9f0f0aa9d40e&userId=62fb8aed-6cca-4e73-9f77-42de9bdccfa8, method=GET}
10:13:40.741 [reactor-http-nio-2] DEBUG reactor.netty.resources.PooledConnectionProvider - [id: 0x2dd70f15, L:/127.0.0.1:50747 - R:localhost/127.0.0.1:8084] onStateChange(GET{uri=/attractionRewardPoint?attractionId=59e2ba29-8f0c-4758-9671-9f0f0aa9d40e&userId=62fb8aed-6cca-4e73-9f77-42de9bdccfa8, connection=PooledConnection{channel=[id: 0x2dd70f15, L:/127.0.0.1:50747 - R:localhost/127.0.0.1:8084]}}, [request_sent])
10:13:40.742 [reactor-http-nio-2] DEBUG reactor.netty.resources.PooledConnectionProvider - [id: 0x2dd70f15, L:/127.0.0.1:50747 - R:localhost/127.0.0.1:8084] Channel connected, now 62 active connections and 30 inactive connections
10:13:40.742 [reactor-http-nio-2] DEBUG reactor.netty.resources.PooledConnectionProvider - [id: 0x7dc65269, L:/127.0.0.1:50748 - R:localhost/127.0.0.1:8084] Registering pool release on close event for channel
10:13:40.742 [reactor-http-nio-2] DEBUG reactor.netty.http.client.HttpClientConnect - [id: 0x7dc65269, L:/127.0.0.1:50748 - R:localhost/127.0.0.1:8084] Handler is being applied: {uri=http://localhost:8084/attractionRewardPoint?attractionId=1768a052-9946-44c6-beeb-f16b1ec136f4&userId=d5f0bc61-ad91-4176-82f8-5b7ac4b0e257, method=GET}
10:13:40.743 [reactor-http-nio-2] DEBUG reactor.netty.resources.PooledConnectionProvider - [id: 0x7dc65269, L:/127.0.0.1:50748 - R:localhost/127.0.0.1:8084] onStateChange(GET{uri=/attractionRewardPoint?attractionId=1768a052-9946-44c6-beeb-f16b1ec136f4&userId=d5f0bc61-ad91-4176-82f8-5b7ac4b0e257, connection=PooledConnection{channel=[id: 0x7dc65269, L:/127.0.0.1:50748 - R:localhost/127.0.0.1:8084]}}, [request_sent])
10:13:40.743 [reactor-http-nio-2] DEBUG reactor.netty.resources.PooledConnectionProvider - [id: 0x7dc65269, L:/127.0.0.1:50748 - R:localhost/127.0.0.1:8084] Channel connected, now 63 active connections and 29 inactive connections
10:13:40.744 [reactor-http-nio-2] DEBUG reactor.netty.resources.PooledConnectionProvider - [id: 0x032dfe27, L:/127.0.0.1:50749 - R:localhost/127.0.0.1:8084] Registering pool release on close event for channel
10:13:40.744 [reactor-http-nio-2] DEBUG reactor.netty.http.client.HttpClientConnect - [id: 0x032dfe27, L:/127.0.0.1:50749 - R:localhost/127.0.0.1:8084] Handler is being applied: {uri=http://localhost:8084/attractionRewardPoint?attractionId=7458dd2a-1a4f-4bc1-b860-3c62184f36be&userId=e07c3b7a-2158-46d8-9919-0230e27f5fa0, method=GET}
10:13:40.745 [reactor-http-nio-2] DEBUG reactor.netty.resources.PooledConnectionProvider - [id: 0x032dfe27, L:/127.0.0.1:50749 - R:localhost/127.0.0.1:8084] onStateChange(GET{uri=/attractionRewardPoint?attractionId=7458dd2a-1a4f-4bc1-b860-3c62184f36be&userId=e07c3b7a-2158-46d8-9919-0230e27f5fa0, connection=PooledConnection{channel=[id: 0x032dfe27, L:/127.0.0.1:50749 - R:localhost/127.0.0.1:8084]}}, [request_sent])
10:13:40.745 [reactor-http-nio-2] DEBUG reactor.netty.resources.PooledConnectionProvider - [id: 0x032dfe27, L:/127.0.0.1:50749 - R:localhost/127.0.0.1:8084] Channel connected, now 64 active connections and 28 inactive connections
10:13:40.745 [reactor-http-nio-2] DEBUG reactor.netty.resources.PooledConnectionProvider - [id: 0x612ab57a, L:/127.0.0.1:50750 - R:localhost/127.0.0.1:8084] Registering pool release on close event for channel
10:13:40.745 [reactor-http-nio-2] DEBUG reactor.netty.http.client.HttpClientConnect - [id: 0x612ab57a, L:/127.0.0.1:50750 - R:localhost/127.0.0.1:8084] Handler is being applied: {uri=http://localhost:8084/attractionRewardPoint?attractionId=ece418b1-b11f-4214-a308-83aab536806d&userId=264d1239-dff1-4213-b80e-964cbda3e012, method=GET}
10:13:40.747 [reactor-http-nio-2] DEBUG reactor.netty.resources.PooledConnectionProvider - [id: 0x612ab57a, L:/127.0.0.1:50750 - R:localhost/127.0.0.1:8084] onStateChange(GET{uri=/attractionRewardPoint?attractionId=ece418b1-b11f-4214-a308-83aab536806d&userId=264d1239-dff1-4213-b80e-964cbda3e012, connection=PooledConnection{channel=[id: 0x612ab57a, L:/127.0.0.1:50750 - R:localhost/127.0.0.1:8084]}}, [request_sent])
10:13:40.747 [reactor-http-nio-2] DEBUG reactor.netty.resources.PooledConnectionProvider - [id: 0x612ab57a, L:/127.0.0.1:50750 - R:localhost/127.0.0.1:8084] Channel connected, now 65 active connections and 27 inactive connections
10:13:40.747 [reactor-http-nio-2] DEBUG reactor.netty.resources.PooledConnectionProvider - [id: 0x2222e878, L:/127.0.0.1:50751 - R:localhost/127.0.0.1:8084] Registering pool release on close event for channel
10:13:40.748 [reactor-http-nio-2] DEBUG reactor.netty.http.client.HttpClientConnect - [id: 0x2222e878, L:/127.0.0.1:50751 - R:localhost/127.0.0.1:8084] Handler is being applied: {uri=http://localhost:8084/attractionRewardPoint?attractionId=59bdd39e-643c-4718-928d-39f6bfbc70db&userId=4a96be0f-4316-4f65-854c-cae190c3afb9, method=GET}
10:13:40.749 [reactor-http-nio-2] DEBUG reactor.netty.resources.PooledConnectionProvider - [id: 0x2222e878, L:/127.0.0.1:50751 - R:localhost/127.0.0.1:8084] onStateChange(GET{uri=/attractionRewardPoint?attractionId=59bdd39e-643c-4718-928d-39f6bfbc70db&userId=4a96be0f-4316-4f65-854c-cae190c3afb9, connection=PooledConnection{channel=[id: 0x2222e878, L:/127.0.0.1:50751 - R:localhost/127.0.0.1:8084]}}, [request_sent])
10:13:40.749 [reactor-http-nio-2] DEBUG reactor.netty.resources.PooledConnectionProvider - [id: 0x2222e878, L:/127.0.0.1:50751 - R:localhost/127.0.0.1:8084] Channel connected, now 66 active connections and 26 inactive connections
10:13:40.749 [reactor-http-nio-2] DEBUG reactor.netty.resources.PooledConnectionProvider - [id: 0xe6f93d55] Created new pooled channel, now 66 active connections and 27 inactive connections
10:13:40.750 [reactor-http-nio-2] DEBUG reactor.netty.channel.BootstrapHandlers - [id: 0xe6f93d55] Initialized pipeline DefaultChannelPipeline{(BootstrapHandlers$BootstrapInitializerHandler#0 = reactor.netty.channel.BootstrapHandlers$BootstrapInitializerHandler), (SimpleChannelPool$1#0 = io.netty.channel.pool.SimpleChannelPool$1), (reactor.left.httpCodec = io.netty.handler.codec.http.HttpClientCodec), (reactor.left.decompressor = io.netty.handler.codec.http.HttpContentDecompressor), (reactor.right.reactiveBridge = reactor.netty.channel.ChannelOperationsHandler)}
10:13:40.750 [reactor-http-nio-2] DEBUG reactor.netty.resources.PooledConnectionProvider - [id: 0x90f70157, L:/127.0.0.1:50752 - R:localhost/127.0.0.1:8084] Registering pool release on close event for channel
10:13:40.751 [reactor-http-nio-2] DEBUG reactor.netty.http.client.HttpClientConnect - [id: 0x90f70157, L:/127.0.0.1:50752 - R:localhost/127.0.0.1:8084] Handler is being applied: {uri=http://localhost:8084/attractionRewardPoint?attractionId=d129dc74-9d9f-44f4-9ac6-ff1bc1987fc2&userId=fa185121-64d3-4696-b69d-d12fefbdd2e1, method=GET}
10:13:40.753 [reactor-http-nio-2] DEBUG reactor.netty.resources.PooledConnectionProvider - [id: 0x90f70157, L:/127.0.0.1:50752 - R:localhost/127.0.0.1:8084] onStateChange(GET{uri=/attractionRewardPoint?attractionId=d129dc74-9d9f-44f4-9ac6-ff1bc1987fc2&userId=fa185121-64d3-4696-b69d-d12fefbdd2e1, connection=PooledConnection{channel=[id: 0x90f70157, L:/127.0.0.1:50752 - R:localhost/127.0.0.1:8084]}}, [request_sent])
10:13:40.753 [reactor-http-nio-2] DEBUG reactor.netty.resources.PooledConnectionProvider - [id: 0x90f70157, L:/127.0.0.1:50752 - R:localhost/127.0.0.1:8084] Channel connected, now 67 active connections and 26 inactive connections
10:13:40.753 [reactor-http-nio-2] DEBUG reactor.netty.resources.PooledConnectionProvider - [id: 0xb72e5ffb] Created new pooled channel, now 67 active connections and 27 inactive connections
10:13:40.754 [reactor-http-nio-2] DEBUG reactor.netty.channel.BootstrapHandlers - [id: 0xb72e5ffb] Initialized pipeline DefaultChannelPipeline{(BootstrapHandlers$BootstrapInitializerHandler#0 = reactor.netty.channel.BootstrapHandlers$BootstrapInitializerHandler), (SimpleChannelPool$1#0 = io.netty.channel.pool.SimpleChannelPool$1), (reactor.left.httpCodec = io.netty.handler.codec.http.HttpClientCodec), (reactor.left.decompressor = io.netty.handler.codec.http.HttpContentDecompressor), (reactor.right.reactiveBridge = reactor.netty.channel.ChannelOperationsHandler)}
10:13:40.754 [reactor-http-nio-4] DEBUG reactor.netty.resources.PooledConnectionProvider - [id: 0xb26d22bd, L:/127.0.0.1:50775 - R:localhost/127.0.0.1:8084] Registering pool release on close event for channel
10:13:40.755 [reactor-http-nio-4] DEBUG reactor.netty.http.client.HttpClientConnect - [id: 0xb26d22bd, L:/127.0.0.1:50775 - R:localhost/127.0.0.1:8084] Handler is being applied: {uri=http://localhost:8084/attractionRewardPoint?attractionId=f41b257a-d125-483b-98df-d205b187ada7&userId=8651dab1-ba25-4f33-bb80-23af3c96bcde, method=GET}
10:13:40.756 [reactor-http-nio-4] DEBUG reactor.netty.resources.PooledConnectionProvider - [id: 0xb26d22bd, L:/127.0.0.1:50775 - R:localhost/127.0.0.1:8084] onStateChange(GET{uri=/attractionRewardPoint?attractionId=f41b257a-d125-483b-98df-d205b187ada7&userId=8651dab1-ba25-4f33-bb80-23af3c96bcde, connection=PooledConnection{channel=[id: 0xb26d22bd, L:/127.0.0.1:50775 - R:localhost/127.0.0.1:8084]}}, [request_sent])
10:13:40.756 [reactor-http-nio-4] DEBUG reactor.netty.resources.PooledConnectionProvider - [id: 0xb26d22bd, L:/127.0.0.1:50775 - R:localhost/127.0.0.1:8084] Channel connected, now 68 active connections and 26 inactive connections
10:13:40.767 [reactor-http-nio-2] DEBUG reactor.netty.http.client.HttpClientOperations - [id: 0xc07d744c, L:/127.0.0.1:50611 - R:localhost/127.0.0.1:8084] Received response (auto-read:false) : [Content-Type=application/json, Transfer-Encoding=chunked, Date=Tue, 07 Jun 2022 09:13:40 GMT]
10:13:40.767 [reactor-http-nio-2] DEBUG reactor.netty.resources.PooledConnectionProvider - [id: 0xc07d744c, L:/127.0.0.1:50611 - R:localhost/127.0.0.1:8084] onStateChange(GET{uri=/attractionRewardPoint?attractionId=8e23fd95-8487-453a-9f42-fe6b9659e0b2&userId=db4dd83f-6323-412d-8311-aaddb9a912c1, connection=PooledConnection{channel=[id: 0xc07d744c, L:/127.0.0.1:50611 - R:localhost/127.0.0.1:8084]}}, [response_received])
10:13:40.768 [reactor-http-nio-2] DEBUG org.springframework.web.reactive.function.client.ExchangeFunctions - [497d88e8] Response 200 OK
10:13:40.768 [reactor-http-nio-2] DEBUG reactor.netty.channel.FluxReceive - [id: 0xc07d744c, L:/127.0.0.1:50611 - R:localhost/127.0.0.1:8084] Subscribing inbound receiver [pending: 0, cancelled:false, inboundDone: false]
10:13:40.771 [reactor-http-nio-2] DEBUG reactor.netty.http.client.HttpClientOperations - [id: 0xc07d744c, L:/127.0.0.1:50611 - R:localhost/127.0.0.1:8084] Received last HTTP packet
10:13:40.771 [reactor-http-nio-2] DEBUG org.springframework.core.codec.StringDecoder - [497d88e8] Decoded "436"
10:13:40.772 [reactor-http-nio-2] DEBUG reactor.netty.resources.PooledConnectionProvider - [id: 0xc07d744c, L:/127.0.0.1:50611 - R:localhost/127.0.0.1:8084] onStateChange(GET{uri=/attractionRewardPoint?attractionId=8e23fd95-8487-453a-9f42-fe6b9659e0b2&userId=db4dd83f-6323-412d-8311-aaddb9a912c1, connection=PooledConnection{channel=[id: 0xc07d744c, L:/127.0.0.1:50611 - R:localhost/127.0.0.1:8084]}}, [disconnecting])
10:13:40.772 [reactor-http-nio-2] DEBUG reactor.netty.resources.PooledConnectionProvider - [id: 0xc07d744c, L:/127.0.0.1:50611 - R:localhost/127.0.0.1:8084] Releasing channel
10:13:40.773 [reactor-http-nio-2] DEBUG reactor.netty.resources.PooledConnectionProvider - [id: 0xc07d744c, L:/127.0.0.1:50611 - R:localhost/127.0.0.1:8084] Channel cleaned, now 67 active connections and 27 inactive connections
10:13:40.774 [reactor-http-nio-2] DEBUG reactor.netty.http.client.HttpClientOperations - [id: 0x254a87ce, L:/127.0.0.1:50632 - R:localhost/127.0.0.1:8083] Received response (auto-read:false) : [Content-Type=application/json, Transfer-Encoding=chunked, Date=Tue, 07 Jun 2022 09:13:39 GMT]
10:13:40.774 [reactor-http-nio-2] DEBUG reactor.netty.resources.PooledConnectionProvider - [id: 0x254a87ce, L:/127.0.0.1:50632 - R:localhost/127.0.0.1:8083] onStateChange(GET{uri=/attractions, connection=PooledConnection{channel=[id: 0x254a87ce, L:/127.0.0.1:50632 - R:localhost/127.0.0.1:8083]}}, [response_received])
10:13:40.774 [reactor-http-nio-2] DEBUG org.springframework.web.reactive.function.client.ExchangeFunctions - [df63960] Response 200 OK
10:13:40.775 [reactor-http-nio-2] DEBUG reactor.netty.channel.FluxReceive - [id: 0x254a87ce, L:/127.0.0.1:50632 - R:localhost/127.0.0.1:8083] Subscribing inbound receiver [pending: 0, cancelled:false, inboundDone: false]
10:13:40.775 [reactor-http-nio-2] DEBUG reactor.netty.http.client.HttpClientOperations - [id: 0x254a87ce, L:/127.0.0.1:50632 - R:localhost/127.0.0.1:8083] Received last HTTP packet
10:13:40.776 [reactor-http-nio-2] DEBUG org.springframework.core.codec.StringDecoder - [df63960] Decoded "[{"longitude":-117.922008,"latitude":33.817595,"attractionName":"Disneyland","city":"Anaheim","stat (truncated)...
10:13:40.776 [reactor-http-nio-2] DEBUG reactor.netty.resources.PooledConnectionProvider - [id: 0x254a87ce, L:/127.0.0.1:50632 - R:localhost/127.0.0.1:8083] onStateChange(GET{uri=/attractions, connection=PooledConnection{channel=[id: 0x254a87ce, L:/127.0.0.1:50632 - R:localhost/127.0.0.1:8083]}}, [disconnecting])
10:13:40.776 [reactor-http-nio-2] DEBUG reactor.netty.resources.PooledConnectionProvider - [id: 0x254a87ce, L:/127.0.0.1:50632 - R:localhost/127.0.0.1:8083] Releasing channel
10:13:40.777 [reactor-http-nio-2] DEBUG reactor.netty.resources.PooledConnectionProvider - [id: 0x254a87ce, L:/127.0.0.1:50632 - R:localhost/127.0.0.1:8083] Channel cleaned, now 3 active connections and 88 inactive connections
10:13:40.777 [pool-7-thread-100] DEBUG org.springframework.web.reactive.function.client.ExchangeFunctions - [331d6ae] HTTP GET http://localhost:8084/attractionRewardPoint?attractionId=b4809252-3e5b-4a47-9272-efbfa2f9f5dc&userId=6ebf02a1-35ec-4469-8b7d-2cb8a5dc356b
10:13:40.778 [reactor-http-nio-4] DEBUG reactor.netty.resources.PooledConnectionProvider - [id: 0x371462f1, L:/127.0.0.1:50717 - R:localhost/127.0.0.1:8084] Channel acquired, now 68 active connections and 26 inactive connections
10:13:40.778 [reactor-http-nio-4] DEBUG reactor.netty.http.client.HttpClientConnect - [id: 0x371462f1, L:/127.0.0.1:50717 - R:localhost/127.0.0.1:8084] Handler is being applied: {uri=http://localhost:8084/attractionRewardPoint?attractionId=b4809252-3e5b-4a47-9272-efbfa2f9f5dc&userId=6ebf02a1-35ec-4469-8b7d-2cb8a5dc356b, method=GET}
10:13:40.779 [reactor-http-nio-2] DEBUG reactor.netty.http.client.HttpClientOperations - [id: 0xa8057036, L:/127.0.0.1:50636 - R:localhost/127.0.0.1:8083] Received response (auto-read:false) : [Content-Type=application/json, Transfer-Encoding=chunked, Date=Tue, 07 Jun 2022 09:13:39 GMT]
10:13:40.780 [reactor-http-nio-4] DEBUG reactor.netty.resources.PooledConnectionProvider - [id: 0x371462f1, L:/127.0.0.1:50717 - R:localhost/127.0.0.1:8084] onStateChange(GET{uri=/attractionRewardPoint?attractionId=b4809252-3e5b-4a47-9272-efbfa2f9f5dc&userId=6ebf02a1-35ec-4469-8b7d-2cb8a5dc356b, connection=PooledConnection{channel=[id: 0x371462f1, L:/127.0.0.1:50717 - R:localhost/127.0.0.1:8084]}}, [request_sent])
10:13:40.780 [reactor-http-nio-2] DEBUG reactor.netty.resources.PooledConnectionProvider - [id: 0xa8057036, L:/127.0.0.1:50636 - R:localhost/127.0.0.1:8083] onStateChange(GET{uri=/attractions, connection=PooledConnection{channel=[id: 0xa8057036, L:/127.0.0.1:50636 - R:localhost/127.0.0.1:8083]}}, [response_received])
10:13:40.780 [reactor-http-nio-2] DEBUG org.springframework.web.reactive.function.client.ExchangeFunctions - [7f49580] Response 200 OK
10:13:40.781 [reactor-http-nio-2] DEBUG reactor.netty.channel.FluxReceive - [id: 0xa8057036, L:/127.0.0.1:50636 - R:localhost/127.0.0.1:8083] Subscribing inbound receiver [pending: 0, cancelled:false, inboundDone: false]
10:13:40.781 [reactor-http-nio-2] DEBUG reactor.netty.http.client.HttpClientOperations - [id: 0xa8057036, L:/127.0.0.1:50636 - R:localhost/127.0.0.1:8083] Received last HTTP packet
10:13:40.782 [reactor-http-nio-2] DEBUG org.springframework.core.codec.StringDecoder - [7f49580] Decoded "[{"longitude":-117.922008,"latitude":33.817595,"attractionName":"Disneyland","city":"Anaheim","stat (truncated)...
10:13:40.782 [reactor-http-nio-2] DEBUG reactor.netty.resources.PooledConnectionProvider - [id: 0xa8057036, L:/127.0.0.1:50636 - R:localhost/127.0.0.1:8083] onStateChange(GET{uri=/attractions, connection=PooledConnection{channel=[id: 0xa8057036, L:/127.0.0.1:50636 - R:localhost/127.0.0.1:8083]}}, [disconnecting])
10:13:40.783 [pool-7-thread-34] DEBUG org.springframework.web.reactive.function.client.ExchangeFunctions - [9337b0e] HTTP GET http://localhost:8084/attractionRewardPoint?attractionId=477fee71-8b48-4a6f-ad9f-03bd5f0aab5a&userId=23f49509-3618-4323-bf77-abb711fd01e5
10:13:40.785 [reactor-http-nio-1] DEBUG reactor.netty.http.client.HttpClientOperations - [id: 0x21feabf2, L:/127.0.0.1:50697 - R:localhost/127.0.0.1:8083] Received last HTTP packet
10:13:40.839 [reactor-http-nio-1] DEBUG org.springframework.core.codec.StringDecoder - [77921332] Decoded "[{"longitude":-117.922008,"latitude":33.817595,"attractionName":"Disneyland","city":"Anaheim","stat (truncated)...
10:13:40.806 [reactor-http-nio-3] DEBUG reactor.netty.http.client.HttpClientOperations - [id: 0xf8dc966d, L:/127.0.0.1:50716 - R:localhost/127.0.0.1:8084] Received response (auto-read:false) : [Content-Type=application/json, Transfer-Encoding=chunked, Date=Tue, 07 Jun 2022 09:13:40 GMT]
10:13:40.819 [reactor-http-nio-4] DEBUG reactor.netty.http.client.HttpClientOperations - [id: 0x3561b8ef, L:/127.0.0.1:50745 - R:localhost/127.0.0.1:8084] Received response (auto-read:false) : [Content-Type=application/json, Transfer-Encoding=chunked, Date=Tue, 07 Jun 2022 09:13:40 GMT]
10:13:40.839 [reactor-http-nio-1] DEBUG reactor.netty.resources.PooledConnectionProvider - [id: 0x21feabf2, L:/127.0.0.1:50697 - R:localhost/127.0.0.1:8083] onStateChange(GET{uri=/attractions, connection=PooledConnection{channel=[id: 0x21feabf2, L:/127.0.0.1:50697 - R:localhost/127.0.0.1:8083]}}, [disconnecting])
10:13:40.839 [reactor-http-nio-4] DEBUG reactor.netty.resources.PooledConnectionProvider - [id: 0x3561b8ef, L:/127.0.0.1:50745 - R:localhost/127.0.0.1:8084] onStateChange(GET{uri=/attractionRewardPoint?attractionId=b0f1b646-d5d8-44d9-9702-58b8550bab1e&userId=3c12dfd5-6c6f-4675-9423-be11492536da, connection=PooledConnection{channel=[id: 0x3561b8ef, L:/127.0.0.1:50745 - R:localhost/127.0.0.1:8084]}}, [response_received])
10:13:40.839 [reactor-http-nio-3] DEBUG reactor.netty.resources.PooledConnectionProvider - [id: 0xf8dc966d, L:/127.0.0.1:50716 - R:localhost/127.0.0.1:8084] onStateChange(GET{uri=/attractionRewardPoint?attractionId=834348b4-3dc5-43e0-bc61-9af208fd31b5&userId=720a2e9c-6824-458d-a392-d60015761cc6, connection=PooledConnection{channel=[id: 0xf8dc966d, L:/127.0.0.1:50716 - R:localhost/127.0.0.1:8084]}}, [response_received])
10:13:40.839 [reactor-http-nio-3] DEBUG org.springframework.web.reactive.function.client.ExchangeFunctions - [54b4d8d6] Response 200 OK
10:13:40.839 [reactor-http-nio-1] DEBUG reactor.netty.resources.PooledConnectionProvider - [id: 0x21feabf2, L:/127.0.0.1:50697 - R:localhost/127.0.0.1:8083] Releasing channel
10:13:40.839 [reactor-http-nio-4] DEBUG org.springframework.web.reactive.function.client.ExchangeFunctions - [4cf00b42] Response 200 OK
10:13:40.839 [reactor-http-nio-1] DEBUG reactor.netty.resources.PooledConnectionProvider - [id: 0x21feabf2, L:/127.0.0.1:50697 - R:localhost/127.0.0.1:8083] Channel cleaned, now 2 active connections and 89 inactive connections
10:13:40.839 [reactor-http-nio-4] DEBUG reactor.netty.channel.FluxReceive - [id: 0x3561b8ef, L:/127.0.0.1:50745 - R:localhost/127.0.0.1:8084] Subscribing inbound receiver [pending: 0, cancelled:false, inboundDone: false]
10:13:40.840 [reactor-http-nio-4] DEBUG reactor.netty.http.client.HttpClientOperations - [id: 0x4f049100, L:/127.0.0.1:50744 - R:localhost/127.0.0.1:8084] Received response (auto-read:false) : [Content-Type=application/json, Transfer-Encoding=chunked, Date=Tue, 07 Jun 2022 09:13:40 GMT]
10:13:40.840 [reactor-http-nio-4] DEBUG reactor.netty.resources.PooledConnectionProvider - [id: 0x4f049100, L:/127.0.0.1:50744 - R:localhost/127.0.0.1:8084] onStateChange(GET{uri=/attractionRewardPoint?attractionId=5c7f9629-e6b9-4e12-82a9-d433dc8683cf&userId=f53672c7-078f-4c80-a598-ab2bc570a30f, connection=PooledConnection{channel=[id: 0x4f049100, L:/127.0.0.1:50744 - R:localhost/127.0.0.1:8084]}}, [response_received])
10:13:40.840 [reactor-http-nio-4] DEBUG org.springframework.web.reactive.function.client.ExchangeFunctions - [620e05c5] Response 200 OK
10:13:40.840 [reactor-http-nio-4] DEBUG reactor.netty.channel.FluxReceive - [id: 0x4f049100, L:/127.0.0.1:50744 - R:localhost/127.0.0.1:8084] Subscribing inbound receiver [pending: 0, cancelled:false, inboundDone: false]
10:13:40.840 [reactor-http-nio-4] DEBUG reactor.netty.http.client.HttpClientOperations - [id: 0x4f049100, L:/127.0.0.1:50744 - R:localhost/127.0.0.1:8084] Received last HTTP packet
10:13:40.840 [reactor-http-nio-4] DEBUG org.springframework.core.codec.StringDecoder - [620e05c5] Decoded "119"
10:13:40.840 [reactor-http-nio-4] DEBUG reactor.netty.resources.PooledConnectionProvider - [id: 0x4f049100, L:/127.0.0.1:50744 - R:localhost/127.0.0.1:8084] onStateChange(GET{uri=/attractionRewardPoint?attractionId=5c7f9629-e6b9-4e12-82a9-d433dc8683cf&userId=f53672c7-078f-4c80-a598-ab2bc570a30f, connection=PooledConnection{channel=[id: 0x4f049100, L:/127.0.0.1:50744 - R:localhost/127.0.0.1:8084]}}, [disconnecting])
10:13:40.840 [reactor-http-nio-4] DEBUG reactor.netty.resources.PooledConnectionProvider - [id: 0x4f049100, L:/127.0.0.1:50744 - R:localhost/127.0.0.1:8084] Releasing channel
10:13:40.840 [reactor-http-nio-4] DEBUG reactor.netty.resources.PooledConnectionProvider - [id: 0x4f049100, L:/127.0.0.1:50744 - R:localhost/127.0.0.1:8084] Channel cleaned, now 67 active connections and 27 inactive connections
10:13:40.841 [reactor-http-nio-4] DEBUG reactor.netty.http.client.HttpClientOperations - [id: 0x3561b8ef, L:/127.0.0.1:50745 - R:localhost/127.0.0.1:8084] Received last HTTP packet
10:13:40.841 [reactor-http-nio-4] DEBUG org.springframework.core.codec.StringDecoder - [4cf00b42] Decoded "150"
10:13:40.841 [reactor-http-nio-4] DEBUG reactor.netty.resources.PooledConnectionProvider - [id: 0x3561b8ef, L:/127.0.0.1:50745 - R:localhost/127.0.0.1:8084] onStateChange(GET{uri=/attractionRewardPoint?attractionId=b0f1b646-d5d8-44d9-9702-58b8550bab1e&userId=3c12dfd5-6c6f-4675-9423-be11492536da, connection=PooledConnection{channel=[id: 0x3561b8ef, L:/127.0.0.1:50745 - R:localhost/127.0.0.1:8084]}}, [disconnecting])
10:13:40.841 [reactor-http-nio-4] DEBUG reactor.netty.resources.PooledConnectionProvider - [id: 0x3561b8ef, L:/127.0.0.1:50745 - R:localhost/127.0.0.1:8084] Releasing channel
10:13:40.841 [reactor-http-nio-4] DEBUG reactor.netty.resources.PooledConnectionProvider - [id: 0x3561b8ef, L:/127.0.0.1:50745 - R:localhost/127.0.0.1:8084] Channel cleaned, now 66 active connections and 28 inactive connections
10:13:40.841 [pool-7-thread-81] DEBUG org.springframework.web.reactive.function.client.ExchangeFunctions - [7955e3b0] HTTP GET http://localhost:8084/attractionRewardPoint?attractionId=cd16e42d-18c2-4481-abba-adf235283e74&userId=0ff86ed4-9aec-4779-a236-2e2d114a9895
10:13:40.841 [reactor-http-nio-3] DEBUG reactor.netty.channel.FluxReceive - [id: 0xf8dc966d, L:/127.0.0.1:50716 - R:localhost/127.0.0.1:8084] Subscribing inbound receiver [pending: 0, cancelled:false, inboundDone: false]
10:13:40.841 [reactor-http-nio-3] DEBUG reactor.netty.http.client.HttpClientOperations - [id: 0xf8dc966d, L:/127.0.0.1:50716 - R:localhost/127.0.0.1:8084] Received last HTTP packet
10:13:40.840 [reactor-http-nio-1] DEBUG reactor.netty.http.client.HttpClientOperations - [id: 0x3f9a2510, L:/127.0.0.1:50704 - R:localhost/127.0.0.1:8084] Received response (auto-read:false) : [Content-Type=application/json, Transfer-Encoding=chunked, Date=Tue, 07 Jun 2022 09:13:40 GMT]
10:13:40.841 [reactor-http-nio-1] DEBUG reactor.netty.resources.PooledConnectionProvider - [id: 0x3f9a2510, L:/127.0.0.1:50704 - R:localhost/127.0.0.1:8084] onStateChange(GET{uri=/attractionRewardPoint?attractionId=3416e59b-0445-4e9e-b005-1dd5fb524db8&userId=5d9dac7b-605c-4cf1-b2a8-96616e156a54, connection=PooledConnection{channel=[id: 0x3f9a2510, L:/127.0.0.1:50704 - R:localhost/127.0.0.1:8084]}}, [response_received])
10:13:40.841 [reactor-http-nio-3] DEBUG org.springframework.core.codec.StringDecoder - [54b4d8d6] Decoded "814"
10:13:40.841 [reactor-http-nio-3] DEBUG reactor.netty.resources.PooledConnectionProvider - [id: 0xf8dc966d, L:/127.0.0.1:50716 - R:localhost/127.0.0.1:8084] onStateChange(GET{uri=/attractionRewardPoint?attractionId=834348b4-3dc5-43e0-bc61-9af208fd31b5&userId=720a2e9c-6824-458d-a392-d60015761cc6, connection=PooledConnection{channel=[id: 0xf8dc966d, L:/127.0.0.1:50716 - R:localhost/127.0.0.1:8084]}}, [disconnecting])
10:13:40.841 [reactor-http-nio-3] DEBUG reactor.netty.resources.PooledConnectionProvider - [id: 0xf8dc966d, L:/127.0.0.1:50716 - R:localhost/127.0.0.1:8084] Releasing channel
10:13:40.841 [reactor-http-nio-1] DEBUG org.springframework.web.reactive.function.client.ExchangeFunctions - [5260c415] Response 200 OK
10:13:40.841 [reactor-http-nio-3] DEBUG reactor.netty.resources.PooledConnectionProvider - [id: 0xf8dc966d, L:/127.0.0.1:50716 - R:localhost/127.0.0.1:8084] Channel cleaned, now 65 active connections and 29 inactive connections
10:13:40.842 [reactor-http-nio-3] DEBUG reactor.netty.http.client.HttpClientOperations - [id: 0x8624e492, L:/127.0.0.1:50728 - R:localhost/127.0.0.1:8084] Received response (auto-read:false) : [Content-Type=application/json, Transfer-Encoding=chunked, Date=Tue, 07 Jun 2022 09:13:40 GMT]
10:13:40.842 [reactor-http-nio-3] DEBUG reactor.netty.resources.PooledConnectionProvider - [id: 0x8624e492, L:/127.0.0.1:50728 - R:localhost/127.0.0.1:8084] onStateChange(GET{uri=/attractionRewardPoint?attractionId=a8a6714e-790d-49c5-bff5-5675803a6879&userId=73ea8a1e-ec14-42c8-b812-882a6f0cfb84, connection=PooledConnection{channel=[id: 0x8624e492, L:/127.0.0.1:50728 - R:localhost/127.0.0.1:8084]}}, [response_received])
10:13:40.842 [reactor-http-nio-3] DEBUG org.springframework.web.reactive.function.client.ExchangeFunctions - [592f253f] Response 200 OK
10:13:40.842 [reactor-http-nio-1] DEBUG reactor.netty.channel.FluxReceive - [id: 0x3f9a2510, L:/127.0.0.1:50704 - R:localhost/127.0.0.1:8084] Subscribing inbound receiver [pending: 0, cancelled:false, inboundDone: false]
10:13:40.842 [reactor-http-nio-1] DEBUG reactor.netty.http.client.HttpClientOperations - [id: 0x3f9a2510, L:/127.0.0.1:50704 - R:localhost/127.0.0.1:8084] Received last HTTP packet
10:13:40.842 [reactor-http-nio-3] DEBUG reactor.netty.channel.FluxReceive - [id: 0x8624e492, L:/127.0.0.1:50728 - R:localhost/127.0.0.1:8084] Subscribing inbound receiver [pending: 0, cancelled:false, inboundDone: false]
10:13:40.842 [reactor-http-nio-1] DEBUG org.springframework.core.codec.StringDecoder - [5260c415] Decoded "118"
10:13:40.842 [reactor-http-nio-3] DEBUG reactor.netty.http.client.HttpClientOperations - [id: 0x8624e492, L:/127.0.0.1:50728 - R:localhost/127.0.0.1:8084] Received last HTTP packet
10:13:40.842 [reactor-http-nio-1] DEBUG reactor.netty.resources.PooledConnectionProvider - [id: 0x3f9a2510, L:/127.0.0.1:50704 - R:localhost/127.0.0.1:8084] onStateChange(GET{uri=/attractionRewardPoint?attractionId=3416e59b-0445-4e9e-b005-1dd5fb524db8&userId=5d9dac7b-605c-4cf1-b2a8-96616e156a54, connection=PooledConnection{channel=[id: 0x3f9a2510, L:/127.0.0.1:50704 - R:localhost/127.0.0.1:8084]}}, [disconnecting])
10:13:40.842 [reactor-http-nio-1] DEBUG reactor.netty.resources.PooledConnectionProvider - [id: 0x3f9a2510, L:/127.0.0.1:50704 - R:localhost/127.0.0.1:8084] Releasing channel
10:13:40.842 [reactor-http-nio-3] DEBUG org.springframework.core.codec.StringDecoder - [592f253f] Decoded "778"
10:13:40.842 [reactor-http-nio-1] DEBUG reactor.netty.resources.PooledConnectionProvider - [id: 0x3f9a2510, L:/127.0.0.1:50704 - R:localhost/127.0.0.1:8084] Channel cleaned, now 64 active connections and 30 inactive connections
10:13:40.842 [reactor-http-nio-3] DEBUG reactor.netty.resources.PooledConnectionProvider - [id: 0x8624e492, L:/127.0.0.1:50728 - R:localhost/127.0.0.1:8084] onStateChange(GET{uri=/attractionRewardPoint?attractionId=a8a6714e-790d-49c5-bff5-5675803a6879&userId=73ea8a1e-ec14-42c8-b812-882a6f0cfb84, connection=PooledConnection{channel=[id: 0x8624e492, L:/127.0.0.1:50728 - R:localhost/127.0.0.1:8084]}}, [disconnecting])
10:13:40.842 [reactor-http-nio-3] DEBUG reactor.netty.resources.PooledConnectionProvider - [id: 0x8624e492, L:/127.0.0.1:50728 - R:localhost/127.0.0.1:8084] Releasing channel
10:13:40.842 [reactor-http-nio-3] DEBUG reactor.netty.resources.PooledConnectionProvider - [id: 0x8624e492, L:/127.0.0.1:50728 - R:localhost/127.0.0.1:8084] Channel cleaned, now 63 active connections and 31 inactive connections
10:13:40.842 [reactor-http-nio-3] DEBUG reactor.netty.resources.PooledConnectionProvider - [id: 0x7f6c80a6, L:/127.0.0.1:50712 - R:localhost/127.0.0.1:8084] Channel acquired, now 64 active connections and 30 inactive connections
10:13:40.842 [reactor-http-nio-3] DEBUG reactor.netty.http.client.HttpClientConnect - [id: 0x7f6c80a6, L:/127.0.0.1:50712 - R:localhost/127.0.0.1:8084] Handler is being applied: {uri=http://localhost:8084/attractionRewardPoint?attractionId=477fee71-8b48-4a6f-ad9f-03bd5f0aab5a&userId=23f49509-3618-4323-bf77-abb711fd01e5, method=GET}
10:13:40.842 [reactor-http-nio-1] DEBUG reactor.netty.resources.PooledConnectionProvider - [id: 0xb2ba23ff, L:/127.0.0.1:50773 - R:localhost/127.0.0.1:8084] onStateChange(PooledConnection{channel=[id: 0xb2ba23ff, L:/127.0.0.1:50773 - R:localhost/127.0.0.1:8084]}, [connected])
10:13:40.842 [reactor-http-nio-1] DEBUG reactor.netty.resources.PooledConnectionProvider - [id: 0xb2ba23ff, L:/127.0.0.1:50773 - R:localhost/127.0.0.1:8084] onStateChange(GET{uri=/, connection=PooledConnection{channel=[id: 0xb2ba23ff, L:/127.0.0.1:50773 - R:localhost/127.0.0.1:8084]}}, [configured])
10:13:40.843 [reactor-http-nio-1] DEBUG reactor.netty.resources.PooledConnectionProvider - [id: 0x75560c92, L:/127.0.0.1:50756 - R:localhost/127.0.0.1:8084] Registering pool release on close event for channel
10:13:40.843 [reactor-http-nio-1] DEBUG reactor.netty.http.client.HttpClientConnect - [id: 0x75560c92, L:/127.0.0.1:50756 - R:localhost/127.0.0.1:8084] Handler is being applied: {uri=http://localhost:8084/attractionRewardPoint?attractionId=44d7a853-12c7-43c8-8578-9e9c5872c543&userId=d1d6ab30-46fa-4750-9b8c-658f5ad65f05, method=GET}
10:13:40.843 [reactor-http-nio-3] DEBUG reactor.netty.resources.PooledConnectionProvider - [id: 0x7f6c80a6, L:/127.0.0.1:50712 - R:localhost/127.0.0.1:8084] onStateChange(GET{uri=/attractionRewardPoint?attractionId=477fee71-8b48-4a6f-ad9f-03bd5f0aab5a&userId=23f49509-3618-4323-bf77-abb711fd01e5, connection=PooledConnection{channel=[id: 0x7f6c80a6, L:/127.0.0.1:50712 - R:localhost/127.0.0.1:8084]}}, [request_sent])
10:13:40.843 [reactor-http-nio-1] DEBUG reactor.netty.resources.PooledConnectionProvider - [id: 0x75560c92, L:/127.0.0.1:50756 - R:localhost/127.0.0.1:8084] onStateChange(GET{uri=/attractionRewardPoint?attractionId=44d7a853-12c7-43c8-8578-9e9c5872c543&userId=d1d6ab30-46fa-4750-9b8c-658f5ad65f05, connection=PooledConnection{channel=[id: 0x75560c92, L:/127.0.0.1:50756 - R:localhost/127.0.0.1:8084]}}, [request_sent])
10:13:40.843 [reactor-http-nio-1] DEBUG reactor.netty.resources.PooledConnectionProvider - [id: 0x75560c92, L:/127.0.0.1:50756 - R:localhost/127.0.0.1:8084] Channel connected, now 65 active connections and 29 inactive connections
10:13:40.844 [reactor-http-nio-1] DEBUG reactor.netty.resources.PooledConnectionProvider - [id: 0x95683d86, L:/127.0.0.1:50757 - R:localhost/127.0.0.1:8084] Registering pool release on close event for channel
10:13:40.844 [reactor-http-nio-1] DEBUG reactor.netty.http.client.HttpClientConnect - [id: 0x95683d86, L:/127.0.0.1:50757 - R:localhost/127.0.0.1:8084] Handler is being applied: {uri=http://localhost:8084/attractionRewardPoint?attractionId=7cae6b7f-5233-4117-b54f-d0ac37332e0b&userId=e13d8a00-077a-4759-8a9f-b4177cd3575f, method=GET}
10:13:40.845 [reactor-http-nio-1] DEBUG reactor.netty.resources.PooledConnectionProvider - [id: 0x95683d86, L:/127.0.0.1:50757 - R:localhost/127.0.0.1:8084] onStateChange(GET{uri=/attractionRewardPoint?attractionId=7cae6b7f-5233-4117-b54f-d0ac37332e0b&userId=e13d8a00-077a-4759-8a9f-b4177cd3575f, connection=PooledConnection{channel=[id: 0x95683d86, L:/127.0.0.1:50757 - R:localhost/127.0.0.1:8084]}}, [request_sent])
10:13:40.845 [reactor-http-nio-1] DEBUG reactor.netty.resources.PooledConnectionProvider - [id: 0x95683d86, L:/127.0.0.1:50757 - R:localhost/127.0.0.1:8084] Channel connected, now 66 active connections and 28 inactive connections
10:13:40.845 [reactor-http-nio-1] DEBUG reactor.netty.resources.PooledConnectionProvider - [id: 0xc183b5df, L:/127.0.0.1:50758 - R:localhost/127.0.0.1:8084] Registering pool release on close event for channel
10:13:40.845 [reactor-http-nio-1] DEBUG reactor.netty.http.client.HttpClientConnect - [id: 0xc183b5df, L:/127.0.0.1:50758 - R:localhost/127.0.0.1:8084] Handler is being applied: {uri=http://localhost:8084/attractionRewardPoint?attractionId=e02d00af-5933-4e2f-b2d7-d830f602f5e8&userId=d21ced5f-ec5b-45dc-ae90-65d4cef57d36, method=GET}
10:13:40.846 [reactor-http-nio-1] DEBUG reactor.netty.resources.PooledConnectionProvider - [id: 0xc183b5df, L:/127.0.0.1:50758 - R:localhost/127.0.0.1:8084] onStateChange(GET{uri=/attractionRewardPoint?attractionId=e02d00af-5933-4e2f-b2d7-d830f602f5e8&userId=d21ced5f-ec5b-45dc-ae90-65d4cef57d36, connection=PooledConnection{channel=[id: 0xc183b5df, L:/127.0.0.1:50758 - R:localhost/127.0.0.1:8084]}}, [request_sent])
10:13:40.846 [reactor-http-nio-1] DEBUG reactor.netty.resources.PooledConnectionProvider - [id: 0xc183b5df, L:/127.0.0.1:50758 - R:localhost/127.0.0.1:8084] Channel connected, now 67 active connections and 27 inactive connections
10:13:40.846 [reactor-http-nio-1] DEBUG reactor.netty.resources.PooledConnectionProvider - [id: 0x713ad321, L:/127.0.0.1:50763 - R:localhost/127.0.0.1:8084] Registering pool release on close event for channel
10:13:40.846 [reactor-http-nio-1] DEBUG reactor.netty.http.client.HttpClientConnect - [id: 0x713ad321, L:/127.0.0.1:50763 - R:localhost/127.0.0.1:8084] Handler is being applied: {uri=http://localhost:8084/attractionRewardPoint?attractionId=12644e11-9f64-4029-b1f7-7d257c6a12f2&userId=dcf5c949-212e-4023-8c99-d09229d2d7cc, method=GET}
10:13:40.847 [reactor-http-nio-1] DEBUG reactor.netty.resources.PooledConnectionProvider - [id: 0x713ad321, L:/127.0.0.1:50763 - R:localhost/127.0.0.1:8084] onStateChange(GET{uri=/attractionRewardPoint?attractionId=12644e11-9f64-4029-b1f7-7d257c6a12f2&userId=dcf5c949-212e-4023-8c99-d09229d2d7cc, connection=PooledConnection{channel=[id: 0x713ad321, L:/127.0.0.1:50763 - R:localhost/127.0.0.1:8084]}}, [request_sent])
10:13:40.847 [reactor-http-nio-1] DEBUG reactor.netty.resources.PooledConnectionProvider - [id: 0x713ad321, L:/127.0.0.1:50763 - R:localhost/127.0.0.1:8084] Channel connected, now 68 active connections and 26 inactive connections
10:13:40.847 [reactor-http-nio-1] DEBUG reactor.netty.resources.PooledConnectionProvider - [id: 0xa93b08ed, L:/127.0.0.1:50764 - R:localhost/127.0.0.1:8084] Registering pool release on close event for channel
10:13:40.847 [reactor-http-nio-1] DEBUG reactor.netty.http.client.HttpClientConnect - [id: 0xa93b08ed, L:/127.0.0.1:50764 - R:localhost/127.0.0.1:8084] Handler is being applied: {uri=http://localhost:8084/attractionRewardPoint?attractionId=d1e83fa2-2339-44da-80e4-a5a89272f5a7&userId=40f506ec-ed53-40a4-ad8a-523578eb41ce, method=GET}
10:13:40.848 [reactor-http-nio-1] DEBUG reactor.netty.resources.PooledConnectionProvider - [id: 0xa93b08ed, L:/127.0.0.1:50764 - R:localhost/127.0.0.1:8084] onStateChange(GET{uri=/attractionRewardPoint?attractionId=d1e83fa2-2339-44da-80e4-a5a89272f5a7&userId=40f506ec-ed53-40a4-ad8a-523578eb41ce, connection=PooledConnection{channel=[id: 0xa93b08ed, L:/127.0.0.1:50764 - R:localhost/127.0.0.1:8084]}}, [request_sent])
10:13:40.848 [reactor-http-nio-1] DEBUG reactor.netty.resources.PooledConnectionProvider - [id: 0xa93b08ed, L:/127.0.0.1:50764 - R:localhost/127.0.0.1:8084] Channel connected, now 69 active connections and 25 inactive connections
10:13:40.848 [reactor-http-nio-1] DEBUG reactor.netty.resources.PooledConnectionProvider - [id: 0xb2ba23ff, L:/127.0.0.1:50773 - R:localhost/127.0.0.1:8084] Registering pool release on close event for channel
10:13:40.848 [reactor-http-nio-1] DEBUG reactor.netty.http.client.HttpClientConnect - [id: 0xb2ba23ff, L:/127.0.0.1:50773 - R:localhost/127.0.0.1:8084] Handler is being applied: {uri=http://localhost:8084/attractionRewardPoint?attractionId=4aa05616-87b0-419f-ac8b-54c7b5e643bb&userId=29a93660-f8d3-4284-b04b-c3a38b5343c7, method=GET}
10:13:40.848 [reactor-http-nio-4] DEBUG reactor.netty.resources.PooledConnectionProvider - [id: 0x0a0728b4, L:/127.0.0.1:50714 - R:localhost/127.0.0.1:8084] Channel acquired, now 71 active connections and 23 inactive connections
10:13:40.848 [reactor-http-nio-4] DEBUG reactor.netty.http.client.HttpClientConnect - [id: 0x0a0728b4, L:/127.0.0.1:50714 - R:localhost/127.0.0.1:8084] Handler is being applied: {uri=http://localhost:8084/attractionRewardPoint?attractionId=cd16e42d-18c2-4481-abba-adf235283e74&userId=0ff86ed4-9aec-4779-a236-2e2d114a9895, method=GET}
10:13:40.849 [reactor-http-nio-4] DEBUG reactor.netty.resources.PooledConnectionProvider - [id: 0x0a0728b4, L:/127.0.0.1:50714 - R:localhost/127.0.0.1:8084] onStateChange(GET{uri=/attractionRewardPoint?attractionId=cd16e42d-18c2-4481-abba-adf235283e74&userId=0ff86ed4-9aec-4779-a236-2e2d114a9895, connection=PooledConnection{channel=[id: 0x0a0728b4, L:/127.0.0.1:50714 - R:localhost/127.0.0.1:8084]}}, [request_sent])
10:13:40.849 [reactor-http-nio-1] DEBUG reactor.netty.resources.PooledConnectionProvider - [id: 0xb2ba23ff, L:/127.0.0.1:50773 - R:localhost/127.0.0.1:8084] onStateChange(GET{uri=/attractionRewardPoint?attractionId=4aa05616-87b0-419f-ac8b-54c7b5e643bb&userId=29a93660-f8d3-4284-b04b-c3a38b5343c7, connection=PooledConnection{channel=[id: 0xb2ba23ff, L:/127.0.0.1:50773 - R:localhost/127.0.0.1:8084]}}, [request_sent])
10:13:40.849 [reactor-http-nio-1] DEBUG reactor.netty.resources.PooledConnectionProvider - [id: 0xb2ba23ff, L:/127.0.0.1:50773 - R:localhost/127.0.0.1:8084] Channel connected, now 71 active connections and 23 inactive connections
10:13:40.849 [reactor-http-nio-1] DEBUG reactor.netty.http.client.HttpClientOperations - [id: 0xb6a724cd, L:/127.0.0.1:50709 - R:localhost/127.0.0.1:8084] Received response (auto-read:false) : [Content-Type=application/json, Transfer-Encoding=chunked, Date=Tue, 07 Jun 2022 09:13:40 GMT]
10:13:40.849 [reactor-http-nio-1] DEBUG reactor.netty.resources.PooledConnectionProvider - [id: 0xb6a724cd, L:/127.0.0.1:50709 - R:localhost/127.0.0.1:8084] onStateChange(GET{uri=/attractionRewardPoint?attractionId=3a801758-ebea-4a4e-9ffe-06799e00f7bd&userId=db4dd83f-6323-412d-8311-aaddb9a912c1, connection=PooledConnection{channel=[id: 0xb6a724cd, L:/127.0.0.1:50709 - R:localhost/127.0.0.1:8084]}}, [response_received])
10:13:40.849 [reactor-http-nio-1] DEBUG org.springframework.web.reactive.function.client.ExchangeFunctions - [7666e297] Response 200 OK
10:13:40.850 [reactor-http-nio-1] DEBUG reactor.netty.channel.FluxReceive - [id: 0xb6a724cd, L:/127.0.0.1:50709 - R:localhost/127.0.0.1:8084] Subscribing inbound receiver [pending: 0, cancelled:false, inboundDone: false]
10:13:40.850 [reactor-http-nio-1] DEBUG reactor.netty.http.client.HttpClientOperations - [id: 0xb6a724cd, L:/127.0.0.1:50709 - R:localhost/127.0.0.1:8084] Received last HTTP packet
10:13:40.850 [reactor-http-nio-1] DEBUG org.springframework.core.codec.StringDecoder - [7666e297] Decoded "973"
10:13:40.850 [reactor-http-nio-1] DEBUG reactor.netty.resources.PooledConnectionProvider - [id: 0xb6a724cd, L:/127.0.0.1:50709 - R:localhost/127.0.0.1:8084] onStateChange(GET{uri=/attractionRewardPoint?attractionId=3a801758-ebea-4a4e-9ffe-06799e00f7bd&userId=db4dd83f-6323-412d-8311-aaddb9a912c1, connection=PooledConnection{channel=[id: 0xb6a724cd, L:/127.0.0.1:50709 - R:localhost/127.0.0.1:8084]}}, [disconnecting])
10:13:40.850 [reactor-http-nio-1] DEBUG reactor.netty.resources.PooledConnectionProvider - [id: 0xb6a724cd, L:/127.0.0.1:50709 - R:localhost/127.0.0.1:8084] Releasing channel
10:13:40.850 [reactor-http-nio-1] DEBUG reactor.netty.resources.PooledConnectionProvider - [id: 0xb6a724cd, L:/127.0.0.1:50709 - R:localhost/127.0.0.1:8084] Channel cleaned, now 70 active connections and 24 inactive connections
10:13:40.851 [reactor-http-nio-1] DEBUG reactor.netty.http.client.HttpClientOperations - [id: 0x13354c9f, L:/127.0.0.1:50711 - R:localhost/127.0.0.1:8084] Received response (auto-read:false) : [Content-Type=application/json, Transfer-Encoding=chunked, Date=Tue, 07 Jun 2022 09:13:40 GMT]
10:13:40.852 [reactor-http-nio-1] DEBUG reactor.netty.resources.PooledConnectionProvider - [id: 0x13354c9f, L:/127.0.0.1:50711 - R:localhost/127.0.0.1:8084] onStateChange(GET{uri=/attractionRewardPoint?attractionId=de489cb4-d93e-425f-828b-381a521e43dd&userId=42eb901d-40e0-45aa-b19c-61c5dcd033b9, connection=PooledConnection{channel=[id: 0x13354c9f, L:/127.0.0.1:50711 - R:localhost/127.0.0.1:8084]}}, [response_received])
10:13:40.852 [reactor-http-nio-1] DEBUG org.springframework.web.reactive.function.client.ExchangeFunctions - [71248bc7] Response 200 OK
10:13:40.852 [reactor-http-nio-1] DEBUG reactor.netty.channel.FluxReceive - [id: 0x13354c9f, L:/127.0.0.1:50711 - R:localhost/127.0.0.1:8084] Subscribing inbound receiver [pending: 0, cancelled:false, inboundDone: false]
10:13:40.852 [reactor-http-nio-1] DEBUG reactor.netty.http.client.HttpClientOperations - [id: 0x13354c9f, L:/127.0.0.1:50711 - R:localhost/127.0.0.1:8084] Received last HTTP packet
10:13:40.852 [reactor-http-nio-1] DEBUG org.springframework.core.codec.StringDecoder - [71248bc7] Decoded "330"
10:13:40.853 [reactor-http-nio-1] DEBUG reactor.netty.resources.PooledConnectionProvider - [id: 0x13354c9f, L:/127.0.0.1:50711 - R:localhost/127.0.0.1:8084] onStateChange(GET{uri=/attractionRewardPoint?attractionId=de489cb4-d93e-425f-828b-381a521e43dd&userId=42eb901d-40e0-45aa-b19c-61c5dcd033b9, connection=PooledConnection{channel=[id: 0x13354c9f, L:/127.0.0.1:50711 - R:localhost/127.0.0.1:8084]}}, [disconnecting])
10:13:40.853 [reactor-http-nio-1] DEBUG reactor.netty.resources.PooledConnectionProvider - [id: 0x13354c9f, L:/127.0.0.1:50711 - R:localhost/127.0.0.1:8084] Releasing channel
10:13:40.853 [reactor-http-nio-1] DEBUG reactor.netty.resources.PooledConnectionProvider - [id: 0x13354c9f, L:/127.0.0.1:50711 - R:localhost/127.0.0.1:8084] Channel cleaned, now 69 active connections and 25 inactive connections
10:13:40.853 [pool-9-thread-1] DEBUG org.springframework.web.reactive.function.client.ExchangeFunctions - [3364723f] HTTP GET http://localhost:8083/userLocation?userId=4c25f870-073d-4861-9942-c23667173fbc
10:13:40.853 [reactor-http-nio-1] DEBUG reactor.netty.http.client.HttpClientOperations - [id: 0xf75d7644, L:/127.0.0.1:50715 - R:localhost/127.0.0.1:8084] Received response (auto-read:false) : [Content-Type=application/json, Transfer-Encoding=chunked, Date=Tue, 07 Jun 2022 09:13:40 GMT]
10:13:40.853 [reactor-http-nio-1] DEBUG reactor.netty.resources.PooledConnectionProvider - [id: 0xf75d7644, L:/127.0.0.1:50715 - R:localhost/127.0.0.1:8084] onStateChange(GET{uri=/attractionRewardPoint?attractionId=9035c5a4-8632-4fd1-a437-e817bf839f7c&userId=2f14224e-ef57-428e-9f40-53e3252a9ea9, connection=PooledConnection{channel=[id: 0xf75d7644, L:/127.0.0.1:50715 - R:localhost/127.0.0.1:8084]}}, [response_received])
10:13:40.853 [reactor-http-nio-1] DEBUG org.springframework.web.reactive.function.client.ExchangeFunctions - [61dc663c] Response 200 OK
10:13:40.853 [reactor-http-nio-1] DEBUG reactor.netty.channel.FluxReceive - [id: 0xf75d7644, L:/127.0.0.1:50715 - R:localhost/127.0.0.1:8084] Subscribing inbound receiver [pending: 0, cancelled:false, inboundDone: false]
10:13:40.854 [reactor-http-nio-1] DEBUG reactor.netty.http.client.HttpClientOperations - [id: 0xf75d7644, L:/127.0.0.1:50715 - R:localhost/127.0.0.1:8084] Received last HTTP packet
10:13:40.854 [reactor-http-nio-1] DEBUG org.springframework.core.codec.StringDecoder - [61dc663c] Decoded "351"
10:13:40.854 [reactor-http-nio-1] DEBUG reactor.netty.resources.PooledConnectionProvider - [id: 0xf75d7644, L:/127.0.0.1:50715 - R:localhost/127.0.0.1:8084] onStateChange(GET{uri=/attractionRewardPoint?attractionId=9035c5a4-8632-4fd1-a437-e817bf839f7c&userId=2f14224e-ef57-428e-9f40-53e3252a9ea9, connection=PooledConnection{channel=[id: 0xf75d7644, L:/127.0.0.1:50715 - R:localhost/127.0.0.1:8084]}}, [disconnecting])
10:13:40.854 [reactor-http-nio-1] DEBUG reactor.netty.resources.PooledConnectionProvider - [id: 0xf75d7644, L:/127.0.0.1:50715 - R:localhost/127.0.0.1:8084] Releasing channel
10:13:40.854 [reactor-http-nio-1] DEBUG reactor.netty.resources.PooledConnectionProvider - [id: 0xf75d7644, L:/127.0.0.1:50715 - R:localhost/127.0.0.1:8084] Channel cleaned, now 68 active connections and 26 inactive connections
10:13:40.857 [reactor-http-nio-1] DEBUG reactor.netty.http.client.HttpClientOperations - [id: 0x95683d86, L:/127.0.0.1:50757 - R:localhost/127.0.0.1:8084] Received response (auto-read:false) : [Content-Type=application/json, Transfer-Encoding=chunked, Date=Tue, 07 Jun 2022 09:13:40 GMT]
10:13:40.857 [reactor-http-nio-1] DEBUG reactor.netty.resources.PooledConnectionProvider - [id: 0x95683d86, L:/127.0.0.1:50757 - R:localhost/127.0.0.1:8084] onStateChange(GET{uri=/attractionRewardPoint?attractionId=7cae6b7f-5233-4117-b54f-d0ac37332e0b&userId=e13d8a00-077a-4759-8a9f-b4177cd3575f, connection=PooledConnection{channel=[id: 0x95683d86, L:/127.0.0.1:50757 - R:localhost/127.0.0.1:8084]}}, [response_received])
10:13:40.857 [reactor-http-nio-1] DEBUG org.springframework.web.reactive.function.client.ExchangeFunctions - [22429c99] Response 200 OK
10:13:40.857 [reactor-http-nio-1] DEBUG reactor.netty.channel.FluxReceive - [id: 0x95683d86, L:/127.0.0.1:50757 - R:localhost/127.0.0.1:8084] Subscribing inbound receiver [pending: 0, cancelled:false, inboundDone: false]
10:13:40.858 [reactor-http-nio-1] DEBUG reactor.netty.http.client.HttpClientOperations - [id: 0x95683d86, L:/127.0.0.1:50757 - R:localhost/127.0.0.1:8084] Received last HTTP packet
10:13:40.859 [reactor-http-nio-1] DEBUG org.springframework.core.codec.StringDecoder - [22429c99] Decoded "504"
10:13:40.859 [reactor-http-nio-1] DEBUG reactor.netty.resources.PooledConnectionProvider - [id: 0x95683d86, L:/127.0.0.1:50757 - R:localhost/127.0.0.1:8084] onStateChange(GET{uri=/attractionRewardPoint?attractionId=7cae6b7f-5233-4117-b54f-d0ac37332e0b&userId=e13d8a00-077a-4759-8a9f-b4177cd3575f, connection=PooledConnection{channel=[id: 0x95683d86, L:/127.0.0.1:50757 - R:localhost/127.0.0.1:8084]}}, [disconnecting])
10:13:40.859 [reactor-http-nio-1] DEBUG reactor.netty.resources.PooledConnectionProvider - [id: 0x95683d86, L:/127.0.0.1:50757 - R:localhost/127.0.0.1:8084] Releasing channel
10:13:40.859 [reactor-http-nio-1] DEBUG reactor.netty.resources.PooledConnectionProvider - [id: 0x95683d86, L:/127.0.0.1:50757 - R:localhost/127.0.0.1:8084] Channel cleaned, now 67 active connections and 27 inactive connections
10:13:40.859 [reactor-http-nio-2] DEBUG reactor.netty.resources.PooledConnectionProvider - [id: 0xa8057036, L:/127.0.0.1:50636 - R:localhost/127.0.0.1:8083] Releasing channel
10:13:40.859 [reactor-http-nio-2] DEBUG reactor.netty.resources.PooledConnectionProvider - [id: 0xa8057036, L:/127.0.0.1:50636 - R:localhost/127.0.0.1:8083] Channel cleaned, now 1 active connections and 90 inactive connections
10:13:40.860 [reactor-http-nio-2] DEBUG reactor.netty.http.client.HttpClientOperations - [id: 0xe039fca8, L:/127.0.0.1:50664 - R:localhost/127.0.0.1:8083] Received response (auto-read:false) : [Content-Type=application/json, Transfer-Encoding=chunked, Date=Tue, 07 Jun 2022 09:13:39 GMT]
10:13:40.860 [reactor-http-nio-2] DEBUG reactor.netty.resources.PooledConnectionProvider - [id: 0xe039fca8, L:/127.0.0.1:50664 - R:localhost/127.0.0.1:8083] onStateChange(GET{uri=/attractions, connection=PooledConnection{channel=[id: 0xe039fca8, L:/127.0.0.1:50664 - R:localhost/127.0.0.1:8083]}}, [response_received])
10:13:40.860 [reactor-http-nio-2] DEBUG org.springframework.web.reactive.function.client.ExchangeFunctions - [35b9aee0] Response 200 OK
10:13:40.860 [reactor-http-nio-2] DEBUG reactor.netty.channel.FluxReceive - [id: 0xe039fca8, L:/127.0.0.1:50664 - R:localhost/127.0.0.1:8083] Subscribing inbound receiver [pending: 0, cancelled:false, inboundDone: false]
10:13:40.860 [reactor-http-nio-2] DEBUG reactor.netty.http.client.HttpClientOperations - [id: 0xe039fca8, L:/127.0.0.1:50664 - R:localhost/127.0.0.1:8083] Received last HTTP packet
10:13:40.861 [reactor-http-nio-2] DEBUG org.springframework.core.codec.StringDecoder - [35b9aee0] Decoded "[{"longitude":-117.922008,"latitude":33.817595,"attractionName":"Disneyland","city":"Anaheim","stat (truncated)...
10:13:40.861 [reactor-http-nio-2] DEBUG reactor.netty.resources.PooledConnectionProvider - [id: 0xe039fca8, L:/127.0.0.1:50664 - R:localhost/127.0.0.1:8083] onStateChange(GET{uri=/attractions, connection=PooledConnection{channel=[id: 0xe039fca8, L:/127.0.0.1:50664 - R:localhost/127.0.0.1:8083]}}, [disconnecting])
10:13:40.861 [reactor-http-nio-2] DEBUG reactor.netty.resources.PooledConnectionProvider - [id: 0xe039fca8, L:/127.0.0.1:50664 - R:localhost/127.0.0.1:8083] Releasing channel
10:13:40.861 [reactor-http-nio-2] DEBUG reactor.netty.resources.PooledConnectionProvider - [id: 0xe039fca8, L:/127.0.0.1:50664 - R:localhost/127.0.0.1:8083] Channel cleaned, now 0 active connections and 91 inactive connections
10:13:40.862 [reactor-http-nio-2] DEBUG reactor.netty.http.client.HttpClientOperations - [id: 0xcd4f998e, L:/127.0.0.1:50722 - R:localhost/127.0.0.1:8084] Received response (auto-read:false) : [Content-Type=application/json, Transfer-Encoding=chunked, Date=Tue, 07 Jun 2022 09:13:40 GMT]
10:13:40.862 [reactor-http-nio-2] DEBUG reactor.netty.resources.PooledConnectionProvider - [id: 0xcd4f998e, L:/127.0.0.1:50722 - R:localhost/127.0.0.1:8084] onStateChange(GET{uri=/attractionRewardPoint?attractionId=2bf9d45a-8ffd-4666-99eb-208a60e7013a&userId=b7ad6903-169d-45f3-a278-30b2acf53d32, connection=PooledConnection{channel=[id: 0xcd4f998e, L:/127.0.0.1:50722 - R:localhost/127.0.0.1:8084]}}, [response_received])
10:13:40.862 [pool-7-thread-51] DEBUG org.springframework.web.reactive.function.client.ExchangeFunctions - [3b7e5627] HTTP GET http://localhost:8084/attractionRewardPoint?attractionId=6205f48a-2348-4857-8741-876e405668a7&userId=a1daf087-3aa2-49cc-83e9-8095169ad8b1
10:13:40.862 [reactor-http-nio-2] DEBUG org.springframework.web.reactive.function.client.ExchangeFunctions - [3af13146] Response 200 OK
10:13:40.862 [reactor-http-nio-2] DEBUG reactor.netty.channel.FluxReceive - [id: 0xcd4f998e, L:/127.0.0.1:50722 - R:localhost/127.0.0.1:8084] Subscribing inbound receiver [pending: 0, cancelled:false, inboundDone: false]
10:13:40.862 [reactor-http-nio-2] DEBUG reactor.netty.http.client.HttpClientOperations - [id: 0xcd4f998e, L:/127.0.0.1:50722 - R:localhost/127.0.0.1:8084] Received last HTTP packet
10:13:40.863 [reactor-http-nio-2] DEBUG org.springframework.core.codec.StringDecoder - [3af13146] Decoded "733"
10:13:40.863 [reactor-http-nio-2] DEBUG reactor.netty.resources.PooledConnectionProvider - [id: 0xcd4f998e, L:/127.0.0.1:50722 - R:localhost/127.0.0.1:8084] onStateChange(GET{uri=/attractionRewardPoint?attractionId=2bf9d45a-8ffd-4666-99eb-208a60e7013a&userId=b7ad6903-169d-45f3-a278-30b2acf53d32, connection=PooledConnection{channel=[id: 0xcd4f998e, L:/127.0.0.1:50722 - R:localhost/127.0.0.1:8084]}}, [disconnecting])
10:13:40.863 [reactor-http-nio-2] DEBUG reactor.netty.resources.PooledConnectionProvider - [id: 0xcd4f998e, L:/127.0.0.1:50722 - R:localhost/127.0.0.1:8084] Releasing channel
10:13:40.863 [reactor-http-nio-2] DEBUG reactor.netty.resources.PooledConnectionProvider - [id: 0xcd4f998e, L:/127.0.0.1:50722 - R:localhost/127.0.0.1:8084] Channel cleaned, now 66 active connections and 28 inactive connections
10:13:40.864 [reactor-http-nio-2] DEBUG reactor.netty.resources.PooledConnectionProvider - [id: 0xbe9121ba, L:/127.0.0.1:50779 - R:localhost/127.0.0.1:8084] onStateChange(PooledConnection{channel=[id: 0xbe9121ba, L:/127.0.0.1:50779 - R:localhost/127.0.0.1:8084]}, [connected])
10:13:40.864 [reactor-http-nio-2] DEBUG reactor.netty.resources.PooledConnectionProvider - [id: 0xbe9121ba, L:/127.0.0.1:50779 - R:localhost/127.0.0.1:8084] onStateChange(GET{uri=/, connection=PooledConnection{channel=[id: 0xbe9121ba, L:/127.0.0.1:50779 - R:localhost/127.0.0.1:8084]}}, [configured])
10:13:40.864 [reactor-http-nio-2] DEBUG reactor.netty.resources.PooledConnectionProvider - [id: 0xa8ee55df, L:/127.0.0.1:50780 - R:localhost/127.0.0.1:8084] onStateChange(PooledConnection{channel=[id: 0xa8ee55df, L:/127.0.0.1:50780 - R:localhost/127.0.0.1:8084]}, [connected])
10:13:40.864 [reactor-http-nio-2] DEBUG reactor.netty.resources.PooledConnectionProvider - [id: 0xa8ee55df, L:/127.0.0.1:50780 - R:localhost/127.0.0.1:8084] onStateChange(GET{uri=/, connection=PooledConnection{channel=[id: 0xa8ee55df, L:/127.0.0.1:50780 - R:localhost/127.0.0.1:8084]}}, [configured])
10:13:40.865 [reactor-http-nio-2] DEBUG reactor.netty.resources.PooledConnectionProvider - [id: 0x1b708e34, L:/127.0.0.1:50781 - R:localhost/127.0.0.1:8084] onStateChange(PooledConnection{channel=[id: 0x1b708e34, L:/127.0.0.1:50781 - R:localhost/127.0.0.1:8084]}, [connected])
10:13:40.865 [reactor-http-nio-4] DEBUG reactor.netty.http.client.HttpClientOperations - [id: 0x388a51af, L:/127.0.0.1:50719 - R:localhost/127.0.0.1:8084] Received response (auto-read:false) : [Content-Type=application/json, Transfer-Encoding=chunked, Date=Tue, 07 Jun 2022 09:13:40 GMT]
10:13:40.865 [reactor-http-nio-2] DEBUG reactor.netty.resources.PooledConnectionProvider - [id: 0x1b708e34, L:/127.0.0.1:50781 - R:localhost/127.0.0.1:8084] onStateChange(GET{uri=/, connection=PooledConnection{channel=[id: 0x1b708e34, L:/127.0.0.1:50781 - R:localhost/127.0.0.1:8084]}}, [configured])
10:13:40.865 [reactor-http-nio-4] DEBUG reactor.netty.resources.PooledConnectionProvider - [id: 0x388a51af, L:/127.0.0.1:50719 - R:localhost/127.0.0.1:8084] onStateChange(GET{uri=/attractionRewardPoint?attractionId=7bedc8cc-6889-46f0-bb00-fbb738de689e&userId=a9ae8b32-c961-4de0-9d23-fc4625d7823f, connection=PooledConnection{channel=[id: 0x388a51af, L:/127.0.0.1:50719 - R:localhost/127.0.0.1:8084]}}, [response_received])
10:13:40.865 [reactor-http-nio-4] DEBUG org.springframework.web.reactive.function.client.ExchangeFunctions - [74194d09] Response 200 OK
10:13:40.865 [reactor-http-nio-4] DEBUG reactor.netty.channel.FluxReceive - [id: 0x388a51af, L:/127.0.0.1:50719 - R:localhost/127.0.0.1:8084] Subscribing inbound receiver [pending: 0, cancelled:false, inboundDone: false]
10:13:40.865 [reactor-http-nio-2] DEBUG reactor.netty.resources.PooledConnectionProvider - [id: 0x44171484, L:/127.0.0.1:50782 - R:localhost/127.0.0.1:8084] onStateChange(PooledConnection{channel=[id: 0x44171484, L:/127.0.0.1:50782 - R:localhost/127.0.0.1:8084]}, [connected])
10:13:40.866 [reactor-http-nio-2] DEBUG reactor.netty.resources.PooledConnectionProvider - [id: 0x44171484, L:/127.0.0.1:50782 - R:localhost/127.0.0.1:8084] onStateChange(GET{uri=/, connection=PooledConnection{channel=[id: 0x44171484, L:/127.0.0.1:50782 - R:localhost/127.0.0.1:8084]}}, [configured])
10:13:40.866 [reactor-http-nio-2] DEBUG reactor.netty.resources.PooledConnectionProvider - [id: 0x92ae0da6, L:/127.0.0.1:50783 - R:localhost/127.0.0.1:8084] onStateChange(PooledConnection{channel=[id: 0x92ae0da6, L:/127.0.0.1:50783 - R:localhost/127.0.0.1:8084]}, [connected])
10:13:40.866 [reactor-http-nio-2] DEBUG reactor.netty.resources.PooledConnectionProvider - [id: 0x92ae0da6, L:/127.0.0.1:50783 - R:localhost/127.0.0.1:8084] onStateChange(GET{uri=/, connection=PooledConnection{channel=[id: 0x92ae0da6, L:/127.0.0.1:50783 - R:localhost/127.0.0.1:8084]}}, [configured])
10:13:40.866 [reactor-http-nio-2] DEBUG reactor.netty.resources.PooledConnectionProvider - [id: 0x83dea694, L:/127.0.0.1:50784 - R:localhost/127.0.0.1:8084] onStateChange(PooledConnection{channel=[id: 0x83dea694, L:/127.0.0.1:50784 - R:localhost/127.0.0.1:8084]}, [connected])
10:13:40.866 [reactor-http-nio-2] DEBUG reactor.netty.resources.PooledConnectionProvider - [id: 0x83dea694, L:/127.0.0.1:50784 - R:localhost/127.0.0.1:8084] onStateChange(GET{uri=/, connection=PooledConnection{channel=[id: 0x83dea694, L:/127.0.0.1:50784 - R:localhost/127.0.0.1:8084]}}, [configured])
10:13:40.866 [reactor-http-nio-2] DEBUG reactor.netty.resources.PooledConnectionProvider - [id: 0x46405dac, L:/127.0.0.1:50785 - R:localhost/127.0.0.1:8084] onStateChange(PooledConnection{channel=[id: 0x46405dac, L:/127.0.0.1:50785 - R:localhost/127.0.0.1:8084]}, [connected])
10:13:40.866 [reactor-http-nio-2] DEBUG reactor.netty.resources.PooledConnectionProvider - [id: 0x46405dac, L:/127.0.0.1:50785 - R:localhost/127.0.0.1:8084] onStateChange(GET{uri=/, connection=PooledConnection{channel=[id: 0x46405dac, L:/127.0.0.1:50785 - R:localhost/127.0.0.1:8084]}}, [configured])
10:13:40.866 [reactor-http-nio-2] DEBUG reactor.netty.resources.PooledConnectionProvider - [id: 0xb1e4566b, L:/127.0.0.1:50786 - R:localhost/127.0.0.1:8084] onStateChange(PooledConnection{channel=[id: 0xb1e4566b, L:/127.0.0.1:50786 - R:localhost/127.0.0.1:8084]}, [connected])
10:13:40.866 [reactor-http-nio-2] DEBUG reactor.netty.resources.PooledConnectionProvider - [id: 0xb1e4566b, L:/127.0.0.1:50786 - R:localhost/127.0.0.1:8084] onStateChange(GET{uri=/, connection=PooledConnection{channel=[id: 0xb1e4566b, L:/127.0.0.1:50786 - R:localhost/127.0.0.1:8084]}}, [configured])
10:13:40.867 [reactor-http-nio-2] DEBUG reactor.netty.resources.PooledConnectionProvider - [id: 0x81dd93d6, L:/127.0.0.1:50787 - R:localhost/127.0.0.1:8084] onStateChange(PooledConnection{channel=[id: 0x81dd93d6, L:/127.0.0.1:50787 - R:localhost/127.0.0.1:8084]}, [connected])
10:13:40.867 [reactor-http-nio-2] DEBUG reactor.netty.resources.PooledConnectionProvider - [id: 0x81dd93d6, L:/127.0.0.1:50787 - R:localhost/127.0.0.1:8084] onStateChange(GET{uri=/, connection=PooledConnection{channel=[id: 0x81dd93d6, L:/127.0.0.1:50787 - R:localhost/127.0.0.1:8084]}}, [configured])
10:13:40.867 [reactor-http-nio-2] DEBUG reactor.netty.resources.PooledConnectionProvider - [id: 0x355a0469, L:/127.0.0.1:50788 - R:localhost/127.0.0.1:8084] onStateChange(PooledConnection{channel=[id: 0x355a0469, L:/127.0.0.1:50788 - R:localhost/127.0.0.1:8084]}, [connected])
10:13:40.867 [reactor-http-nio-2] DEBUG reactor.netty.resources.PooledConnectionProvider - [id: 0x355a0469, L:/127.0.0.1:50788 - R:localhost/127.0.0.1:8084] onStateChange(GET{uri=/, connection=PooledConnection{channel=[id: 0x355a0469, L:/127.0.0.1:50788 - R:localhost/127.0.0.1:8084]}}, [configured])
10:13:40.868 [reactor-http-nio-2] DEBUG reactor.netty.resources.PooledConnectionProvider - [id: 0x07343312, L:/127.0.0.1:50789 - R:localhost/127.0.0.1:8084] onStateChange(PooledConnection{channel=[id: 0x07343312, L:/127.0.0.1:50789 - R:localhost/127.0.0.1:8084]}, [connected])
10:13:40.868 [reactor-http-nio-2] DEBUG reactor.netty.resources.PooledConnectionProvider - [id: 0x07343312, L:/127.0.0.1:50789 - R:localhost/127.0.0.1:8084] onStateChange(GET{uri=/, connection=PooledConnection{channel=[id: 0x07343312, L:/127.0.0.1:50789 - R:localhost/127.0.0.1:8084]}}, [configured])
10:13:40.868 [reactor-http-nio-2] DEBUG reactor.netty.resources.PooledConnectionProvider - [id: 0xe8186bf9, L:/127.0.0.1:50790 - R:localhost/127.0.0.1:8084] onStateChange(PooledConnection{channel=[id: 0xe8186bf9, L:/127.0.0.1:50790 - R:localhost/127.0.0.1:8084]}, [connected])
10:13:40.868 [reactor-http-nio-4] DEBUG reactor.netty.http.client.HttpClientOperations - [id: 0x388a51af, L:/127.0.0.1:50719 - R:localhost/127.0.0.1:8084] Received last HTTP packet
10:13:40.868 [reactor-http-nio-2] DEBUG reactor.netty.resources.PooledConnectionProvider - [id: 0xe8186bf9, L:/127.0.0.1:50790 - R:localhost/127.0.0.1:8084] onStateChange(GET{uri=/, connection=PooledConnection{channel=[id: 0xe8186bf9, L:/127.0.0.1:50790 - R:localhost/127.0.0.1:8084]}}, [configured])
10:13:40.868 [reactor-http-nio-4] DEBUG org.springframework.core.codec.StringDecoder - [74194d09] Decoded "207"
10:13:40.868 [reactor-http-nio-4] DEBUG reactor.netty.resources.PooledConnectionProvider - [id: 0x388a51af, L:/127.0.0.1:50719 - R:localhost/127.0.0.1:8084] onStateChange(GET{uri=/attractionRewardPoint?attractionId=7bedc8cc-6889-46f0-bb00-fbb738de689e&userId=a9ae8b32-c961-4de0-9d23-fc4625d7823f, connection=PooledConnection{channel=[id: 0x388a51af, L:/127.0.0.1:50719 - R:localhost/127.0.0.1:8084]}}, [disconnecting])
10:13:40.868 [reactor-http-nio-4] DEBUG reactor.netty.resources.PooledConnectionProvider - [id: 0x388a51af, L:/127.0.0.1:50719 - R:localhost/127.0.0.1:8084] Releasing channel
10:13:40.869 [reactor-http-nio-4] DEBUG reactor.netty.resources.PooledConnectionProvider - [id: 0x388a51af, L:/127.0.0.1:50719 - R:localhost/127.0.0.1:8084] Channel cleaned, now 65 active connections and 29 inactive connections
10:13:40.869 [reactor-http-nio-2] DEBUG reactor.netty.resources.PooledConnectionProvider - [id: 0x0d3b50f8, L:/127.0.0.1:50791 - R:localhost/127.0.0.1:8084] onStateChange(PooledConnection{channel=[id: 0x0d3b50f8, L:/127.0.0.1:50791 - R:localhost/127.0.0.1:8084]}, [connected])
10:13:40.869 [reactor-http-nio-2] DEBUG reactor.netty.resources.PooledConnectionProvider - [id: 0x0d3b50f8, L:/127.0.0.1:50791 - R:localhost/127.0.0.1:8084] onStateChange(GET{uri=/, connection=PooledConnection{channel=[id: 0x0d3b50f8, L:/127.0.0.1:50791 - R:localhost/127.0.0.1:8084]}}, [configured])
10:13:40.869 [reactor-http-nio-2] DEBUG reactor.netty.resources.PooledConnectionProvider - [id: 0xc5527000, L:/127.0.0.1:50792 - R:localhost/127.0.0.1:8084] onStateChange(PooledConnection{channel=[id: 0xc5527000, L:/127.0.0.1:50792 - R:localhost/127.0.0.1:8084]}, [connected])
10:13:40.869 [reactor-http-nio-2] DEBUG reactor.netty.resources.PooledConnectionProvider - [id: 0xc5527000, L:/127.0.0.1:50792 - R:localhost/127.0.0.1:8084] onStateChange(GET{uri=/, connection=PooledConnection{channel=[id: 0xc5527000, L:/127.0.0.1:50792 - R:localhost/127.0.0.1:8084]}}, [configured])
10:13:40.869 [reactor-http-nio-2] DEBUG reactor.netty.resources.PooledConnectionProvider - [id: 0x75706e45, L:/127.0.0.1:50793 - R:localhost/127.0.0.1:8084] onStateChange(PooledConnection{channel=[id: 0x75706e45, L:/127.0.0.1:50793 - R:localhost/127.0.0.1:8084]}, [connected])
10:13:40.869 [reactor-http-nio-2] DEBUG reactor.netty.resources.PooledConnectionProvider - [id: 0x75706e45, L:/127.0.0.1:50793 - R:localhost/127.0.0.1:8084] onStateChange(GET{uri=/, connection=PooledConnection{channel=[id: 0x75706e45, L:/127.0.0.1:50793 - R:localhost/127.0.0.1:8084]}}, [configured])
10:13:40.870 [reactor-http-nio-2] DEBUG reactor.netty.resources.PooledConnectionProvider - [id: 0xe6f93d55, L:/127.0.0.1:50794 - R:localhost/127.0.0.1:8084] onStateChange(PooledConnection{channel=[id: 0xe6f93d55, L:/127.0.0.1:50794 - R:localhost/127.0.0.1:8084]}, [connected])
10:13:40.870 [reactor-http-nio-2] DEBUG reactor.netty.resources.PooledConnectionProvider - [id: 0xe6f93d55, L:/127.0.0.1:50794 - R:localhost/127.0.0.1:8084] onStateChange(GET{uri=/, connection=PooledConnection{channel=[id: 0xe6f93d55, L:/127.0.0.1:50794 - R:localhost/127.0.0.1:8084]}}, [configured])
10:13:40.870 [reactor-http-nio-2] DEBUG reactor.netty.resources.PooledConnectionProvider - [id: 0xb72e5ffb, L:/127.0.0.1:50795 - R:localhost/127.0.0.1:8084] onStateChange(PooledConnection{channel=[id: 0xb72e5ffb, L:/127.0.0.1:50795 - R:localhost/127.0.0.1:8084]}, [connected])
10:13:40.870 [reactor-http-nio-2] DEBUG reactor.netty.resources.PooledConnectionProvider - [id: 0xb72e5ffb, L:/127.0.0.1:50795 - R:localhost/127.0.0.1:8084] onStateChange(GET{uri=/, connection=PooledConnection{channel=[id: 0xb72e5ffb, L:/127.0.0.1:50795 - R:localhost/127.0.0.1:8084]}}, [configured])
10:13:40.870 [reactor-http-nio-4] DEBUG reactor.netty.resources.PooledConnectionProvider - [id: 0x3846aaec, L:/127.0.0.1:50621 - R:localhost/127.0.0.1:8083] Channel acquired, now 1 active connections and 90 inactive connections
10:13:40.870 [reactor-http-nio-4] DEBUG reactor.netty.http.client.HttpClientConnect - [id: 0x3846aaec, L:/127.0.0.1:50621 - R:localhost/127.0.0.1:8083] Handler is being applied: {uri=http://localhost:8083/userLocation?userId=4c25f870-073d-4861-9942-c23667173fbc, method=GET}
10:13:40.870 [reactor-http-nio-2] DEBUG reactor.netty.resources.PooledConnectionProvider - [id: 0xbe9121ba, L:/127.0.0.1:50779 - R:localhost/127.0.0.1:8084] Registering pool release on close event for channel
10:13:40.870 [reactor-http-nio-2] DEBUG reactor.netty.http.client.HttpClientConnect - [id: 0xbe9121ba, L:/127.0.0.1:50779 - R:localhost/127.0.0.1:8084] Handler is being applied: {uri=http://localhost:8084/attractionRewardPoint?attractionId=78c1c3dd-4d13-4cc9-aae3-3df846ee557d&userId=f667af53-1776-4804-afc2-f30d83dcad27, method=GET}
10:13:40.871 [reactor-http-nio-4] DEBUG reactor.netty.resources.PooledConnectionProvider - [id: 0x3846aaec, L:/127.0.0.1:50621 - R:localhost/127.0.0.1:8083] onStateChange(GET{uri=/userLocation?userId=4c25f870-073d-4861-9942-c23667173fbc, connection=PooledConnection{channel=[id: 0x3846aaec, L:/127.0.0.1:50621 - R:localhost/127.0.0.1:8083]}}, [request_sent])
10:13:40.871 [reactor-http-nio-2] DEBUG reactor.netty.resources.PooledConnectionProvider - [id: 0xbe9121ba, L:/127.0.0.1:50779 - R:localhost/127.0.0.1:8084] onStateChange(GET{uri=/attractionRewardPoint?attractionId=78c1c3dd-4d13-4cc9-aae3-3df846ee557d&userId=f667af53-1776-4804-afc2-f30d83dcad27, connection=PooledConnection{channel=[id: 0xbe9121ba, L:/127.0.0.1:50779 - R:localhost/127.0.0.1:8084]}}, [request_sent])
10:13:40.871 [reactor-http-nio-2] DEBUG reactor.netty.resources.PooledConnectionProvider - [id: 0xbe9121ba, L:/127.0.0.1:50779 - R:localhost/127.0.0.1:8084] Channel connected, now 66 active connections and 28 inactive connections
10:13:40.871 [reactor-http-nio-2] DEBUG reactor.netty.resources.PooledConnectionProvider - [id: 0xa8ee55df, L:/127.0.0.1:50780 - R:localhost/127.0.0.1:8084] Registering pool release on close event for channel
10:13:40.871 [reactor-http-nio-2] DEBUG reactor.netty.http.client.HttpClientConnect - [id: 0xa8ee55df, L:/127.0.0.1:50780 - R:localhost/127.0.0.1:8084] Handler is being applied: {uri=http://localhost:8084/attractionRewardPoint?attractionId=7123b4b9-a763-43ea-8687-2c61e50ffb4c&userId=eb239fd3-7dad-44d0-8347-40dc584de6c4, method=GET}
10:13:40.872 [reactor-http-nio-2] DEBUG reactor.netty.resources.PooledConnectionProvider - [id: 0xa8ee55df, L:/127.0.0.1:50780 - R:localhost/127.0.0.1:8084] onStateChange(GET{uri=/attractionRewardPoint?attractionId=7123b4b9-a763-43ea-8687-2c61e50ffb4c&userId=eb239fd3-7dad-44d0-8347-40dc584de6c4, connection=PooledConnection{channel=[id: 0xa8ee55df, L:/127.0.0.1:50780 - R:localhost/127.0.0.1:8084]}}, [request_sent])
10:13:40.872 [reactor-http-nio-2] DEBUG reactor.netty.resources.PooledConnectionProvider - [id: 0xa8ee55df, L:/127.0.0.1:50780 - R:localhost/127.0.0.1:8084] Channel connected, now 67 active connections and 27 inactive connections
10:13:40.872 [reactor-http-nio-2] DEBUG reactor.netty.resources.PooledConnectionProvider - [id: 0x1b708e34, L:/127.0.0.1:50781 - R:localhost/127.0.0.1:8084] Registering pool release on close event for channel
10:13:40.872 [reactor-http-nio-2] DEBUG reactor.netty.http.client.HttpClientConnect - [id: 0x1b708e34, L:/127.0.0.1:50781 - R:localhost/127.0.0.1:8084] Handler is being applied: {uri=http://localhost:8084/attractionRewardPoint?attractionId=30b318e7-7d9a-41c1-b306-722bbd473417&userId=93b7a9fc-7700-42d8-9892-4f17d0ecac7d, method=GET}
10:13:40.873 [reactor-http-nio-2] DEBUG reactor.netty.resources.PooledConnectionProvider - [id: 0x1b708e34, L:/127.0.0.1:50781 - R:localhost/127.0.0.1:8084] onStateChange(GET{uri=/attractionRewardPoint?attractionId=30b318e7-7d9a-41c1-b306-722bbd473417&userId=93b7a9fc-7700-42d8-9892-4f17d0ecac7d, connection=PooledConnection{channel=[id: 0x1b708e34, L:/127.0.0.1:50781 - R:localhost/127.0.0.1:8084]}}, [request_sent])
10:13:40.873 [reactor-http-nio-2] DEBUG reactor.netty.resources.PooledConnectionProvider - [id: 0x1b708e34, L:/127.0.0.1:50781 - R:localhost/127.0.0.1:8084] Channel connected, now 68 active connections and 26 inactive connections
10:13:40.873 [reactor-http-nio-2] DEBUG reactor.netty.resources.PooledConnectionProvider - [id: 0x44171484, L:/127.0.0.1:50782 - R:localhost/127.0.0.1:8084] Registering pool release on close event for channel
10:13:40.873 [reactor-http-nio-2] DEBUG reactor.netty.http.client.HttpClientConnect - [id: 0x44171484, L:/127.0.0.1:50782 - R:localhost/127.0.0.1:8084] Handler is being applied: {uri=http://localhost:8084/attractionRewardPoint?attractionId=8e47c2b3-ac52-4da0-85ea-ce3045cb5855&userId=d68abac2-f1e4-42b9-ba51-1e6a14d59d8d, method=GET}
10:13:40.874 [reactor-http-nio-2] DEBUG reactor.netty.resources.PooledConnectionProvider - [id: 0x44171484, L:/127.0.0.1:50782 - R:localhost/127.0.0.1:8084] onStateChange(GET{uri=/attractionRewardPoint?attractionId=8e47c2b3-ac52-4da0-85ea-ce3045cb5855&userId=d68abac2-f1e4-42b9-ba51-1e6a14d59d8d, connection=PooledConnection{channel=[id: 0x44171484, L:/127.0.0.1:50782 - R:localhost/127.0.0.1:8084]}}, [request_sent])
10:13:40.874 [reactor-http-nio-2] DEBUG reactor.netty.resources.PooledConnectionProvider - [id: 0x44171484, L:/127.0.0.1:50782 - R:localhost/127.0.0.1:8084] Channel connected, now 69 active connections and 25 inactive connections
10:13:40.874 [reactor-http-nio-2] DEBUG reactor.netty.resources.PooledConnectionProvider - [id: 0x92ae0da6, L:/127.0.0.1:50783 - R:localhost/127.0.0.1:8084] Registering pool release on close event for channel
10:13:40.874 [reactor-http-nio-2] DEBUG reactor.netty.http.client.HttpClientConnect - [id: 0x92ae0da6, L:/127.0.0.1:50783 - R:localhost/127.0.0.1:8084] Handler is being applied: {uri=http://localhost:8084/attractionRewardPoint?attractionId=da71ed73-2a38-4ac7-a8b9-05386de14880&userId=b379db45-c560-49a7-87ba-0c33f29f2a18, method=GET}
10:13:40.875 [reactor-http-nio-2] DEBUG reactor.netty.resources.PooledConnectionProvider - [id: 0x92ae0da6, L:/127.0.0.1:50783 - R:localhost/127.0.0.1:8084] onStateChange(GET{uri=/attractionRewardPoint?attractionId=da71ed73-2a38-4ac7-a8b9-05386de14880&userId=b379db45-c560-49a7-87ba-0c33f29f2a18, connection=PooledConnection{channel=[id: 0x92ae0da6, L:/127.0.0.1:50783 - R:localhost/127.0.0.1:8084]}}, [request_sent])
10:13:40.875 [reactor-http-nio-2] DEBUG reactor.netty.resources.PooledConnectionProvider - [id: 0x92ae0da6, L:/127.0.0.1:50783 - R:localhost/127.0.0.1:8084] Channel connected, now 70 active connections and 24 inactive connections
10:13:40.875 [reactor-http-nio-2] DEBUG reactor.netty.resources.PooledConnectionProvider - [id: 0x83dea694, L:/127.0.0.1:50784 - R:localhost/127.0.0.1:8084] Registering pool release on close event for channel
10:13:40.875 [reactor-http-nio-2] DEBUG reactor.netty.http.client.HttpClientConnect - [id: 0x83dea694, L:/127.0.0.1:50784 - R:localhost/127.0.0.1:8084] Handler is being applied: {uri=http://localhost:8084/attractionRewardPoint?attractionId=cea37647-8ec1-4c92-b4bf-3d2c4e141011&userId=bd905a22-d917-4a90-b949-3a026760844b, method=GET}
10:13:40.876 [reactor-http-nio-2] DEBUG reactor.netty.resources.PooledConnectionProvider - [id: 0x83dea694, L:/127.0.0.1:50784 - R:localhost/127.0.0.1:8084] onStateChange(GET{uri=/attractionRewardPoint?attractionId=cea37647-8ec1-4c92-b4bf-3d2c4e141011&userId=bd905a22-d917-4a90-b949-3a026760844b, connection=PooledConnection{channel=[id: 0x83dea694, L:/127.0.0.1:50784 - R:localhost/127.0.0.1:8084]}}, [request_sent])
10:13:40.876 [reactor-http-nio-2] DEBUG reactor.netty.resources.PooledConnectionProvider - [id: 0x83dea694, L:/127.0.0.1:50784 - R:localhost/127.0.0.1:8084] Channel connected, now 71 active connections and 23 inactive connections
10:13:40.876 [reactor-http-nio-2] DEBUG reactor.netty.resources.PooledConnectionProvider - [id: 0x46405dac, L:/127.0.0.1:50785 - R:localhost/127.0.0.1:8084] Registering pool release on close event for channel
10:13:40.876 [reactor-http-nio-2] DEBUG reactor.netty.http.client.HttpClientConnect - [id: 0x46405dac, L:/127.0.0.1:50785 - R:localhost/127.0.0.1:8084] Handler is being applied: {uri=http://localhost:8084/attractionRewardPoint?attractionId=4a9146ec-6741-48d8-a0b2-7d7dc86f0652&userId=0a4ff80a-bc91-416b-86ab-6ee219c08ecb, method=GET}
10:13:40.877 [reactor-http-nio-2] DEBUG reactor.netty.resources.PooledConnectionProvider - [id: 0x46405dac, L:/127.0.0.1:50785 - R:localhost/127.0.0.1:8084] onStateChange(GET{uri=/attractionRewardPoint?attractionId=4a9146ec-6741-48d8-a0b2-7d7dc86f0652&userId=0a4ff80a-bc91-416b-86ab-6ee219c08ecb, connection=PooledConnection{channel=[id: 0x46405dac, L:/127.0.0.1:50785 - R:localhost/127.0.0.1:8084]}}, [request_sent])
10:13:40.877 [reactor-http-nio-2] DEBUG reactor.netty.resources.PooledConnectionProvider - [id: 0x46405dac, L:/127.0.0.1:50785 - R:localhost/127.0.0.1:8084] Channel connected, now 72 active connections and 22 inactive connections
10:13:40.877 [reactor-http-nio-2] DEBUG reactor.netty.resources.PooledConnectionProvider - [id: 0xb1e4566b, L:/127.0.0.1:50786 - R:localhost/127.0.0.1:8084] Registering pool release on close event for channel
10:13:40.877 [reactor-http-nio-2] DEBUG reactor.netty.http.client.HttpClientConnect - [id: 0xb1e4566b, L:/127.0.0.1:50786 - R:localhost/127.0.0.1:8084] Handler is being applied: {uri=http://localhost:8084/attractionRewardPoint?attractionId=529abaec-47fc-4a81-9a49-27e48077263b&userId=95c11f38-994f-4959-bf61-9657f40cf135, method=GET}
10:13:40.878 [reactor-http-nio-2] DEBUG reactor.netty.resources.PooledConnectionProvider - [id: 0xb1e4566b, L:/127.0.0.1:50786 - R:localhost/127.0.0.1:8084] onStateChange(GET{uri=/attractionRewardPoint?attractionId=529abaec-47fc-4a81-9a49-27e48077263b&userId=95c11f38-994f-4959-bf61-9657f40cf135, connection=PooledConnection{channel=[id: 0xb1e4566b, L:/127.0.0.1:50786 - R:localhost/127.0.0.1:8084]}}, [request_sent])
10:13:40.879 [reactor-http-nio-2] DEBUG reactor.netty.resources.PooledConnectionProvider - [id: 0xb1e4566b, L:/127.0.0.1:50786 - R:localhost/127.0.0.1:8084] Channel connected, now 73 active connections and 21 inactive connections
10:13:40.879 [reactor-http-nio-2] DEBUG reactor.netty.resources.PooledConnectionProvider - [id: 0x81dd93d6, L:/127.0.0.1:50787 - R:localhost/127.0.0.1:8084] Registering pool release on close event for channel
10:13:40.879 [reactor-http-nio-2] DEBUG reactor.netty.http.client.HttpClientConnect - [id: 0x81dd93d6, L:/127.0.0.1:50787 - R:localhost/127.0.0.1:8084] Handler is being applied: {uri=http://localhost:8084/attractionRewardPoint?attractionId=b48fd3e6-4d07-4aef-b4a6-9c5d86b1ff5f&userId=98a7b76b-be48-43e8-8768-8bdb276972ff, method=GET}
10:13:40.879 [reactor-http-nio-2] DEBUG reactor.netty.resources.PooledConnectionProvider - [id: 0x81dd93d6, L:/127.0.0.1:50787 - R:localhost/127.0.0.1:8084] onStateChange(GET{uri=/attractionRewardPoint?attractionId=b48fd3e6-4d07-4aef-b4a6-9c5d86b1ff5f&userId=98a7b76b-be48-43e8-8768-8bdb276972ff, connection=PooledConnection{channel=[id: 0x81dd93d6, L:/127.0.0.1:50787 - R:localhost/127.0.0.1:8084]}}, [request_sent])
10:13:40.879 [reactor-http-nio-2] DEBUG reactor.netty.resources.PooledConnectionProvider - [id: 0x81dd93d6, L:/127.0.0.1:50787 - R:localhost/127.0.0.1:8084] Channel connected, now 74 active connections and 20 inactive connections
10:13:40.880 [reactor-http-nio-2] DEBUG reactor.netty.resources.PooledConnectionProvider - [id: 0x355a0469, L:/127.0.0.1:50788 - R:localhost/127.0.0.1:8084] Registering pool release on close event for channel
10:13:40.880 [reactor-http-nio-2] DEBUG reactor.netty.http.client.HttpClientConnect - [id: 0x355a0469, L:/127.0.0.1:50788 - R:localhost/127.0.0.1:8084] Handler is being applied: {uri=http://localhost:8084/attractionRewardPoint?attractionId=53ca9202-99aa-480f-ad5b-359dd8c06f23&userId=068f66f5-e383-4345-af0b-b3a744bad9cc, method=GET}
10:13:40.880 [reactor-http-nio-2] DEBUG reactor.netty.resources.PooledConnectionProvider - [id: 0x355a0469, L:/127.0.0.1:50788 - R:localhost/127.0.0.1:8084] onStateChange(GET{uri=/attractionRewardPoint?attractionId=53ca9202-99aa-480f-ad5b-359dd8c06f23&userId=068f66f5-e383-4345-af0b-b3a744bad9cc, connection=PooledConnection{channel=[id: 0x355a0469, L:/127.0.0.1:50788 - R:localhost/127.0.0.1:8084]}}, [request_sent])
10:13:40.881 [reactor-http-nio-2] DEBUG reactor.netty.resources.PooledConnectionProvider - [id: 0x355a0469, L:/127.0.0.1:50788 - R:localhost/127.0.0.1:8084] Channel connected, now 75 active connections and 19 inactive connections
10:13:40.881 [reactor-http-nio-2] DEBUG reactor.netty.resources.PooledConnectionProvider - [id: 0x07343312, L:/127.0.0.1:50789 - R:localhost/127.0.0.1:8084] Registering pool release on close event for channel
10:13:40.881 [reactor-http-nio-2] DEBUG reactor.netty.http.client.HttpClientConnect - [id: 0x07343312, L:/127.0.0.1:50789 - R:localhost/127.0.0.1:8084] Handler is being applied: {uri=http://localhost:8084/attractionRewardPoint?attractionId=b220b371-b854-414d-9f0d-2d4bab1fda67&userId=020c8986-4fef-4e11-b23c-8000a8094176, method=GET}
10:13:40.881 [reactor-http-nio-2] DEBUG reactor.netty.resources.PooledConnectionProvider - [id: 0x07343312, L:/127.0.0.1:50789 - R:localhost/127.0.0.1:8084] onStateChange(GET{uri=/attractionRewardPoint?attractionId=b220b371-b854-414d-9f0d-2d4bab1fda67&userId=020c8986-4fef-4e11-b23c-8000a8094176, connection=PooledConnection{channel=[id: 0x07343312, L:/127.0.0.1:50789 - R:localhost/127.0.0.1:8084]}}, [request_sent])
10:13:40.881 [reactor-http-nio-2] DEBUG reactor.netty.resources.PooledConnectionProvider - [id: 0x07343312, L:/127.0.0.1:50789 - R:localhost/127.0.0.1:8084] Channel connected, now 76 active connections and 18 inactive connections
10:13:40.881 [reactor-http-nio-2] DEBUG reactor.netty.resources.PooledConnectionProvider - [id: 0xe8186bf9, L:/127.0.0.1:50790 - R:localhost/127.0.0.1:8084] Registering pool release on close event for channel
10:13:40.881 [reactor-http-nio-2] DEBUG reactor.netty.http.client.HttpClientConnect - [id: 0xe8186bf9, L:/127.0.0.1:50790 - R:localhost/127.0.0.1:8084] Handler is being applied: {uri=http://localhost:8084/attractionRewardPoint?attractionId=c3ac492c-597e-4ea5-9bfa-35e6a0acb214&userId=73009aa3-a56b-4b36-9e10-9ffc4e24a280, method=GET}
10:13:40.882 [reactor-http-nio-2] DEBUG reactor.netty.resources.PooledConnectionProvider - [id: 0xe8186bf9, L:/127.0.0.1:50790 - R:localhost/127.0.0.1:8084] onStateChange(GET{uri=/attractionRewardPoint?attractionId=c3ac492c-597e-4ea5-9bfa-35e6a0acb214&userId=73009aa3-a56b-4b36-9e10-9ffc4e24a280, connection=PooledConnection{channel=[id: 0xe8186bf9, L:/127.0.0.1:50790 - R:localhost/127.0.0.1:8084]}}, [request_sent])
10:13:40.882 [reactor-http-nio-2] DEBUG reactor.netty.resources.PooledConnectionProvider - [id: 0xe8186bf9, L:/127.0.0.1:50790 - R:localhost/127.0.0.1:8084] Channel connected, now 77 active connections and 17 inactive connections
10:13:40.882 [reactor-http-nio-2] DEBUG reactor.netty.resources.PooledConnectionProvider - [id: 0x0d3b50f8, L:/127.0.0.1:50791 - R:localhost/127.0.0.1:8084] Registering pool release on close event for channel
10:13:40.882 [reactor-http-nio-2] DEBUG reactor.netty.http.client.HttpClientConnect - [id: 0x0d3b50f8, L:/127.0.0.1:50791 - R:localhost/127.0.0.1:8084] Handler is being applied: {uri=http://localhost:8084/attractionRewardPoint?attractionId=96b73ad7-287f-4883-921a-acbafeaa6f13&userId=1228b7dc-c8e8-46d6-9184-51b9cd8b964e, method=GET}
10:13:40.883 [reactor-http-nio-2] DEBUG reactor.netty.resources.PooledConnectionProvider - [id: 0x0d3b50f8, L:/127.0.0.1:50791 - R:localhost/127.0.0.1:8084] onStateChange(GET{uri=/attractionRewardPoint?attractionId=96b73ad7-287f-4883-921a-acbafeaa6f13&userId=1228b7dc-c8e8-46d6-9184-51b9cd8b964e, connection=PooledConnection{channel=[id: 0x0d3b50f8, L:/127.0.0.1:50791 - R:localhost/127.0.0.1:8084]}}, [request_sent])
10:13:40.883 [reactor-http-nio-2] DEBUG reactor.netty.resources.PooledConnectionProvider - [id: 0x0d3b50f8, L:/127.0.0.1:50791 - R:localhost/127.0.0.1:8084] Channel connected, now 78 active connections and 16 inactive connections
10:13:40.883 [reactor-http-nio-2] DEBUG reactor.netty.resources.PooledConnectionProvider - [id: 0xc5527000, L:/127.0.0.1:50792 - R:localhost/127.0.0.1:8084] Registering pool release on close event for channel
10:13:40.883 [reactor-http-nio-2] DEBUG reactor.netty.http.client.HttpClientConnect - [id: 0xc5527000, L:/127.0.0.1:50792 - R:localhost/127.0.0.1:8084] Handler is being applied: {uri=http://localhost:8084/attractionRewardPoint?attractionId=285d9baf-d3d1-463c-a1ac-84711f146495&userId=3e6851ab-4c5d-4d9b-ad55-c9a0d6632f44, method=GET}
10:13:40.884 [reactor-http-nio-2] DEBUG reactor.netty.resources.PooledConnectionProvider - [id: 0xc5527000, L:/127.0.0.1:50792 - R:localhost/127.0.0.1:8084] onStateChange(GET{uri=/attractionRewardPoint?attractionId=285d9baf-d3d1-463c-a1ac-84711f146495&userId=3e6851ab-4c5d-4d9b-ad55-c9a0d6632f44, connection=PooledConnection{channel=[id: 0xc5527000, L:/127.0.0.1:50792 - R:localhost/127.0.0.1:8084]}}, [request_sent])
10:13:40.884 [reactor-http-nio-2] DEBUG reactor.netty.resources.PooledConnectionProvider - [id: 0xc5527000, L:/127.0.0.1:50792 - R:localhost/127.0.0.1:8084] Channel connected, now 79 active connections and 15 inactive connections
10:13:40.884 [reactor-http-nio-2] DEBUG reactor.netty.resources.PooledConnectionProvider - [id: 0x75706e45, L:/127.0.0.1:50793 - R:localhost/127.0.0.1:8084] Registering pool release on close event for channel
10:13:40.884 [reactor-http-nio-2] DEBUG reactor.netty.http.client.HttpClientConnect - [id: 0x75706e45, L:/127.0.0.1:50793 - R:localhost/127.0.0.1:8084] Handler is being applied: {uri=http://localhost:8084/attractionRewardPoint?attractionId=85a25dda-b185-4cba-91a1-4c57b799a567&userId=5db9bc43-bca9-46bd-9296-5c17d04271af, method=GET}
10:13:40.885 [reactor-http-nio-2] DEBUG reactor.netty.resources.PooledConnectionProvider - [id: 0x75706e45, L:/127.0.0.1:50793 - R:localhost/127.0.0.1:8084] onStateChange(GET{uri=/attractionRewardPoint?attractionId=85a25dda-b185-4cba-91a1-4c57b799a567&userId=5db9bc43-bca9-46bd-9296-5c17d04271af, connection=PooledConnection{channel=[id: 0x75706e45, L:/127.0.0.1:50793 - R:localhost/127.0.0.1:8084]}}, [request_sent])
10:13:40.885 [reactor-http-nio-2] DEBUG reactor.netty.resources.PooledConnectionProvider - [id: 0x75706e45, L:/127.0.0.1:50793 - R:localhost/127.0.0.1:8084] Channel connected, now 80 active connections and 14 inactive connections
10:13:40.885 [reactor-http-nio-2] DEBUG reactor.netty.resources.PooledConnectionProvider - [id: 0xe6f93d55, L:/127.0.0.1:50794 - R:localhost/127.0.0.1:8084] Registering pool release on close event for channel
10:13:40.885 [reactor-http-nio-2] DEBUG reactor.netty.http.client.HttpClientConnect - [id: 0xe6f93d55, L:/127.0.0.1:50794 - R:localhost/127.0.0.1:8084] Handler is being applied: {uri=http://localhost:8084/attractionRewardPoint?attractionId=e16b91d0-dfb8-4e04-98de-a099dfc938ee&userId=b7a0c44e-f215-46e6-b165-a100d3e85abb, method=GET}
10:13:40.886 [reactor-http-nio-2] DEBUG reactor.netty.resources.PooledConnectionProvider - [id: 0xe6f93d55, L:/127.0.0.1:50794 - R:localhost/127.0.0.1:8084] onStateChange(GET{uri=/attractionRewardPoint?attractionId=e16b91d0-dfb8-4e04-98de-a099dfc938ee&userId=b7a0c44e-f215-46e6-b165-a100d3e85abb, connection=PooledConnection{channel=[id: 0xe6f93d55, L:/127.0.0.1:50794 - R:localhost/127.0.0.1:8084]}}, [request_sent])
10:13:40.886 [reactor-http-nio-2] DEBUG reactor.netty.resources.PooledConnectionProvider - [id: 0xe6f93d55, L:/127.0.0.1:50794 - R:localhost/127.0.0.1:8084] Channel connected, now 81 active connections and 13 inactive connections
10:13:40.886 [reactor-http-nio-2] DEBUG reactor.netty.resources.PooledConnectionProvider - [id: 0xb72e5ffb, L:/127.0.0.1:50795 - R:localhost/127.0.0.1:8084] Registering pool release on close event for channel
10:13:40.886 [reactor-http-nio-2] DEBUG reactor.netty.http.client.HttpClientConnect - [id: 0xb72e5ffb, L:/127.0.0.1:50795 - R:localhost/127.0.0.1:8084] Handler is being applied: {uri=http://localhost:8084/attractionRewardPoint?attractionId=911ab491-98eb-490a-93a8-e7b69ee1b601&userId=09c78efa-d6e5-47c6-9db0-1f956bd37796, method=GET}
10:13:40.887 [reactor-http-nio-2] DEBUG reactor.netty.resources.PooledConnectionProvider - [id: 0xb72e5ffb, L:/127.0.0.1:50795 - R:localhost/127.0.0.1:8084] onStateChange(GET{uri=/attractionRewardPoint?attractionId=911ab491-98eb-490a-93a8-e7b69ee1b601&userId=09c78efa-d6e5-47c6-9db0-1f956bd37796, connection=PooledConnection{channel=[id: 0xb72e5ffb, L:/127.0.0.1:50795 - R:localhost/127.0.0.1:8084]}}, [request_sent])
10:13:40.887 [reactor-http-nio-2] DEBUG reactor.netty.resources.PooledConnectionProvider - [id: 0xb72e5ffb, L:/127.0.0.1:50795 - R:localhost/127.0.0.1:8084] Channel connected, now 82 active connections and 12 inactive connections
10:13:40.887 [reactor-http-nio-2] DEBUG reactor.netty.resources.PooledConnectionProvider - [id: 0xc07d744c, L:/127.0.0.1:50611 - R:localhost/127.0.0.1:8084] Channel acquired, now 83 active connections and 11 inactive connections
10:13:40.887 [reactor-http-nio-2] DEBUG reactor.netty.http.client.HttpClientConnect - [id: 0xc07d744c, L:/127.0.0.1:50611 - R:localhost/127.0.0.1:8084] Handler is being applied: {uri=http://localhost:8084/attractionRewardPoint?attractionId=6205f48a-2348-4857-8741-876e405668a7&userId=a1daf087-3aa2-49cc-83e9-8095169ad8b1, method=GET}
10:13:40.888 [reactor-http-nio-2] DEBUG reactor.netty.resources.PooledConnectionProvider - [id: 0xc07d744c, L:/127.0.0.1:50611 - R:localhost/127.0.0.1:8084] onStateChange(GET{uri=/attractionRewardPoint?attractionId=6205f48a-2348-4857-8741-876e405668a7&userId=a1daf087-3aa2-49cc-83e9-8095169ad8b1, connection=PooledConnection{channel=[id: 0xc07d744c, L:/127.0.0.1:50611 - R:localhost/127.0.0.1:8084]}}, [request_sent])
10:13:40.888 [reactor-http-nio-2] DEBUG reactor.netty.http.client.HttpClientOperations - [id: 0xef7aaa4d, L:/127.0.0.1:50708 - R:localhost/127.0.0.1:8084] Received response (auto-read:false) : [Content-Type=application/json, Transfer-Encoding=chunked, Date=Tue, 07 Jun 2022 09:13:40 GMT]
10:13:40.888 [reactor-http-nio-2] DEBUG reactor.netty.resources.PooledConnectionProvider - [id: 0xef7aaa4d, L:/127.0.0.1:50708 - R:localhost/127.0.0.1:8084] onStateChange(GET{uri=/attractionRewardPoint?attractionId=2efdeba5-8e5e-4779-a9a3-632ba44d7081&userId=458e247b-d0f3-461b-be74-3959fd7f8d42, connection=PooledConnection{channel=[id: 0xef7aaa4d, L:/127.0.0.1:50708 - R:localhost/127.0.0.1:8084]}}, [response_received])
10:13:40.888 [reactor-http-nio-2] DEBUG org.springframework.web.reactive.function.client.ExchangeFunctions - [44f2b513] Response 200 OK
10:13:40.889 [reactor-http-nio-2] DEBUG reactor.netty.channel.FluxReceive - [id: 0xef7aaa4d, L:/127.0.0.1:50708 - R:localhost/127.0.0.1:8084] Subscribing inbound receiver [pending: 0, cancelled:false, inboundDone: false]
10:13:40.889 [reactor-http-nio-2] DEBUG reactor.netty.http.client.HttpClientOperations - [id: 0xef7aaa4d, L:/127.0.0.1:50708 - R:localhost/127.0.0.1:8084] Received last HTTP packet
10:13:40.889 [reactor-http-nio-2] DEBUG org.springframework.core.codec.StringDecoder - [44f2b513] Decoded "562"
10:13:40.889 [reactor-http-nio-2] DEBUG reactor.netty.resources.PooledConnectionProvider - [id: 0xef7aaa4d, L:/127.0.0.1:50708 - R:localhost/127.0.0.1:8084] onStateChange(GET{uri=/attractionRewardPoint?attractionId=2efdeba5-8e5e-4779-a9a3-632ba44d7081&userId=458e247b-d0f3-461b-be74-3959fd7f8d42, connection=PooledConnection{channel=[id: 0xef7aaa4d, L:/127.0.0.1:50708 - R:localhost/127.0.0.1:8084]}}, [disconnecting])
10:13:40.889 [reactor-http-nio-2] DEBUG reactor.netty.resources.PooledConnectionProvider - [id: 0xef7aaa4d, L:/127.0.0.1:50708 - R:localhost/127.0.0.1:8084] Releasing channel
10:13:40.889 [reactor-http-nio-2] DEBUG reactor.netty.resources.PooledConnectionProvider - [id: 0xef7aaa4d, L:/127.0.0.1:50708 - R:localhost/127.0.0.1:8084] Channel cleaned, now 82 active connections and 12 inactive connections
10:13:40.891 [reactor-http-nio-4] DEBUG reactor.netty.http.client.HttpClientOperations - [id: 0x3255e1df, L:/127.0.0.1:50746 - R:localhost/127.0.0.1:8084] Received response (auto-read:false) : [Content-Type=application/json, Transfer-Encoding=chunked, Date=Tue, 07 Jun 2022 09:13:40 GMT]
10:13:40.891 [reactor-http-nio-4] DEBUG reactor.netty.resources.PooledConnectionProvider - [id: 0x3255e1df, L:/127.0.0.1:50746 - R:localhost/127.0.0.1:8084] onStateChange(GET{uri=/attractionRewardPoint?attractionId=e7b42292-20e7-452c-87cb-557a37d7da79&userId=3ef9d21f-9f1a-4332-9b8c-0bf168c8ef50, connection=PooledConnection{channel=[id: 0x3255e1df, L:/127.0.0.1:50746 - R:localhost/127.0.0.1:8084]}}, [response_received])
10:13:40.891 [reactor-http-nio-4] DEBUG org.springframework.web.reactive.function.client.ExchangeFunctions - [52962468] Response 200 OK
10:13:40.891 [reactor-http-nio-4] DEBUG reactor.netty.channel.FluxReceive - [id: 0x3255e1df, L:/127.0.0.1:50746 - R:localhost/127.0.0.1:8084] Subscribing inbound receiver [pending: 0, cancelled:false, inboundDone: false]
10:13:40.892 [reactor-http-nio-4] DEBUG reactor.netty.http.client.HttpClientOperations - [id: 0x3255e1df, L:/127.0.0.1:50746 - R:localhost/127.0.0.1:8084] Received last HTTP packet
10:13:40.892 [reactor-http-nio-4] DEBUG org.springframework.core.codec.StringDecoder - [52962468] Decoded "891"
10:13:40.892 [reactor-http-nio-4] DEBUG reactor.netty.resources.PooledConnectionProvider - [id: 0x3255e1df, L:/127.0.0.1:50746 - R:localhost/127.0.0.1:8084] onStateChange(GET{uri=/attractionRewardPoint?attractionId=e7b42292-20e7-452c-87cb-557a37d7da79&userId=3ef9d21f-9f1a-4332-9b8c-0bf168c8ef50, connection=PooledConnection{channel=[id: 0x3255e1df, L:/127.0.0.1:50746 - R:localhost/127.0.0.1:8084]}}, [disconnecting])
10:13:40.892 [reactor-http-nio-4] DEBUG reactor.netty.resources.PooledConnectionProvider - [id: 0x3255e1df, L:/127.0.0.1:50746 - R:localhost/127.0.0.1:8084] Releasing channel
10:13:40.892 [reactor-http-nio-4] DEBUG reactor.netty.resources.PooledConnectionProvider - [id: 0x3255e1df, L:/127.0.0.1:50746 - R:localhost/127.0.0.1:8084] Channel cleaned, now 81 active connections and 13 inactive connections
10:13:40.920 [reactor-http-nio-4] DEBUG reactor.netty.http.client.HttpClientOperations - [id: 0x338b878d, L:/127.0.0.1:50723 - R:localhost/127.0.0.1:8084] Received response (auto-read:false) : [Content-Type=application/json, Transfer-Encoding=chunked, Date=Tue, 07 Jun 2022 09:13:40 GMT]
10:13:40.920 [reactor-http-nio-4] DEBUG reactor.netty.resources.PooledConnectionProvider - [id: 0x338b878d, L:/127.0.0.1:50723 - R:localhost/127.0.0.1:8084] onStateChange(GET{uri=/attractionRewardPoint?attractionId=7a58519b-28d5-4047-863d-65f257ec05ef&userId=0d7b0866-1149-4405-ad7b-2d30a8c19534, connection=PooledConnection{channel=[id: 0x338b878d, L:/127.0.0.1:50723 - R:localhost/127.0.0.1:8084]}}, [response_received])
10:13:40.920 [reactor-http-nio-4] DEBUG org.springframework.web.reactive.function.client.ExchangeFunctions - [64a1d32a] Response 200 OK
10:13:40.920 [reactor-http-nio-4] DEBUG reactor.netty.channel.FluxReceive - [id: 0x338b878d, L:/127.0.0.1:50723 - R:localhost/127.0.0.1:8084] Subscribing inbound receiver [pending: 0, cancelled:false, inboundDone: false]
10:13:40.921 [reactor-http-nio-4] DEBUG reactor.netty.http.client.HttpClientOperations - [id: 0x338b878d, L:/127.0.0.1:50723 - R:localhost/127.0.0.1:8084] Received last HTTP packet
10:13:40.921 [reactor-http-nio-4] DEBUG org.springframework.core.codec.StringDecoder - [64a1d32a] Decoded "843"
10:13:40.921 [reactor-http-nio-4] DEBUG reactor.netty.resources.PooledConnectionProvider - [id: 0x338b878d, L:/127.0.0.1:50723 - R:localhost/127.0.0.1:8084] onStateChange(GET{uri=/attractionRewardPoint?attractionId=7a58519b-28d5-4047-863d-65f257ec05ef&userId=0d7b0866-1149-4405-ad7b-2d30a8c19534, connection=PooledConnection{channel=[id: 0x338b878d, L:/127.0.0.1:50723 - R:localhost/127.0.0.1:8084]}}, [disconnecting])
10:13:40.922 [reactor-http-nio-4] DEBUG reactor.netty.resources.PooledConnectionProvider - [id: 0x338b878d, L:/127.0.0.1:50723 - R:localhost/127.0.0.1:8084] Releasing channel
10:13:40.922 [reactor-http-nio-4] DEBUG reactor.netty.resources.PooledConnectionProvider - [id: 0x338b878d, L:/127.0.0.1:50723 - R:localhost/127.0.0.1:8084] Channel cleaned, now 80 active connections and 14 inactive connections
10:13:40.924 [reactor-http-nio-4] DEBUG reactor.netty.http.client.HttpClientOperations - [id: 0x7419f596, L:/127.0.0.1:50721 - R:localhost/127.0.0.1:8084] Received response (auto-read:false) : [Content-Type=application/json, Transfer-Encoding=chunked, Date=Tue, 07 Jun 2022 09:13:40 GMT]
10:13:40.924 [reactor-http-nio-4] DEBUG reactor.netty.resources.PooledConnectionProvider - [id: 0x7419f596, L:/127.0.0.1:50721 - R:localhost/127.0.0.1:8084] onStateChange(GET{uri=/attractionRewardPoint?attractionId=abbb568d-cd84-459d-8b5e-10edea152c77&userId=428a22b7-686a-4727-9f8c-51ba693dce7d, connection=PooledConnection{channel=[id: 0x7419f596, L:/127.0.0.1:50721 - R:localhost/127.0.0.1:8084]}}, [response_received])
10:13:40.924 [reactor-http-nio-4] DEBUG org.springframework.web.reactive.function.client.ExchangeFunctions - [51ccbc85] Response 200 OK
10:13:40.924 [reactor-http-nio-4] DEBUG reactor.netty.channel.FluxReceive - [id: 0x7419f596, L:/127.0.0.1:50721 - R:localhost/127.0.0.1:8084] Subscribing inbound receiver [pending: 0, cancelled:false, inboundDone: false]
10:13:40.925 [reactor-http-nio-4] DEBUG reactor.netty.http.client.HttpClientOperations - [id: 0x7419f596, L:/127.0.0.1:50721 - R:localhost/127.0.0.1:8084] Received last HTTP packet
10:13:40.925 [reactor-http-nio-4] DEBUG org.springframework.core.codec.StringDecoder - [51ccbc85] Decoded "199"
10:13:40.925 [reactor-http-nio-4] DEBUG reactor.netty.resources.PooledConnectionProvider - [id: 0x7419f596, L:/127.0.0.1:50721 - R:localhost/127.0.0.1:8084] onStateChange(GET{uri=/attractionRewardPoint?attractionId=abbb568d-cd84-459d-8b5e-10edea152c77&userId=428a22b7-686a-4727-9f8c-51ba693dce7d, connection=PooledConnection{channel=[id: 0x7419f596, L:/127.0.0.1:50721 - R:localhost/127.0.0.1:8084]}}, [disconnecting])
10:13:40.925 [reactor-http-nio-4] DEBUG reactor.netty.resources.PooledConnectionProvider - [id: 0x7419f596, L:/127.0.0.1:50721 - R:localhost/127.0.0.1:8084] Releasing channel
10:13:40.925 [reactor-http-nio-4] DEBUG reactor.netty.resources.PooledConnectionProvider - [id: 0x7419f596, L:/127.0.0.1:50721 - R:localhost/127.0.0.1:8084] Channel cleaned, now 79 active connections and 15 inactive connections
10:13:40.934 [reactor-http-nio-2] DEBUG reactor.netty.http.client.HttpClientOperations - [id: 0xfcc4724b, L:/127.0.0.1:50724 - R:localhost/127.0.0.1:8084] Received response (auto-read:false) : [Content-Type=application/json, Transfer-Encoding=chunked, Date=Tue, 07 Jun 2022 09:13:40 GMT]
10:13:40.934 [reactor-http-nio-2] DEBUG reactor.netty.resources.PooledConnectionProvider - [id: 0xfcc4724b, L:/127.0.0.1:50724 - R:localhost/127.0.0.1:8084] onStateChange(GET{uri=/attractionRewardPoint?attractionId=0fe97dde-44f9-4b2c-b623-2d954021cf0d&userId=e0a3d642-015b-4202-b337-43f612c2c281, connection=PooledConnection{channel=[id: 0xfcc4724b, L:/127.0.0.1:50724 - R:localhost/127.0.0.1:8084]}}, [response_received])
10:13:40.934 [reactor-http-nio-2] DEBUG org.springframework.web.reactive.function.client.ExchangeFunctions - [41d5a811] Response 200 OK
10:13:40.934 [reactor-http-nio-2] DEBUG reactor.netty.channel.FluxReceive - [id: 0xfcc4724b, L:/127.0.0.1:50724 - R:localhost/127.0.0.1:8084] Subscribing inbound receiver [pending: 0, cancelled:false, inboundDone: false]
10:13:40.935 [reactor-http-nio-2] DEBUG reactor.netty.http.client.HttpClientOperations - [id: 0xfcc4724b, L:/127.0.0.1:50724 - R:localhost/127.0.0.1:8084] Received last HTTP packet
10:13:40.935 [reactor-http-nio-2] DEBUG org.springframework.core.codec.StringDecoder - [41d5a811] Decoded "881"
10:13:40.935 [reactor-http-nio-2] DEBUG reactor.netty.resources.PooledConnectionProvider - [id: 0xfcc4724b, L:/127.0.0.1:50724 - R:localhost/127.0.0.1:8084] onStateChange(GET{uri=/attractionRewardPoint?attractionId=0fe97dde-44f9-4b2c-b623-2d954021cf0d&userId=e0a3d642-015b-4202-b337-43f612c2c281, connection=PooledConnection{channel=[id: 0xfcc4724b, L:/127.0.0.1:50724 - R:localhost/127.0.0.1:8084]}}, [disconnecting])
10:13:40.935 [reactor-http-nio-2] DEBUG reactor.netty.resources.PooledConnectionProvider - [id: 0xfcc4724b, L:/127.0.0.1:50724 - R:localhost/127.0.0.1:8084] Releasing channel
10:13:40.935 [reactor-http-nio-2] DEBUG reactor.netty.resources.PooledConnectionProvider - [id: 0xfcc4724b, L:/127.0.0.1:50724 - R:localhost/127.0.0.1:8084] Channel cleaned, now 78 active connections and 16 inactive connections
10:13:40.938 [reactor-http-nio-4] DEBUG reactor.netty.http.client.HttpClientOperations - [id: 0x3846aaec, L:/127.0.0.1:50621 - R:localhost/127.0.0.1:8083] Received response (auto-read:false) : [Content-Type=application/json, Transfer-Encoding=chunked, Date=Tue, 07 Jun 2022 09:13:40 GMT]
10:13:40.938 [reactor-http-nio-4] DEBUG reactor.netty.resources.PooledConnectionProvider - [id: 0x3846aaec, L:/127.0.0.1:50621 - R:localhost/127.0.0.1:8083] onStateChange(GET{uri=/userLocation?userId=4c25f870-073d-4861-9942-c23667173fbc, connection=PooledConnection{channel=[id: 0x3846aaec, L:/127.0.0.1:50621 - R:localhost/127.0.0.1:8083]}}, [response_received])
10:13:40.938 [reactor-http-nio-4] DEBUG org.springframework.web.reactive.function.client.ExchangeFunctions - [3364723f] Response 200 OK
10:13:40.938 [reactor-http-nio-4] DEBUG reactor.netty.channel.FluxReceive - [id: 0x3846aaec, L:/127.0.0.1:50621 - R:localhost/127.0.0.1:8083] Subscribing inbound receiver [pending: 0, cancelled:false, inboundDone: false]
10:13:40.939 [reactor-http-nio-4] DEBUG reactor.netty.http.client.HttpClientOperations - [id: 0x3846aaec, L:/127.0.0.1:50621 - R:localhost/127.0.0.1:8083] Received last HTTP packet
10:13:40.939 [reactor-http-nio-4] DEBUG org.springframework.core.codec.StringDecoder - [3364723f] Decoded "{"userId":"4c25f870-073d-4861-9942-c23667173fbc","location":{"longitude":-46.416447,"latitude":22.7 (truncated)...
10:13:40.939 [reactor-http-nio-4] DEBUG reactor.netty.resources.PooledConnectionProvider - [id: 0x3846aaec, L:/127.0.0.1:50621 - R:localhost/127.0.0.1:8083] onStateChange(GET{uri=/userLocation?userId=4c25f870-073d-4861-9942-c23667173fbc, connection=PooledConnection{channel=[id: 0x3846aaec, L:/127.0.0.1:50621 - R:localhost/127.0.0.1:8083]}}, [disconnecting])
10:13:40.939 [reactor-http-nio-4] DEBUG reactor.netty.resources.PooledConnectionProvider - [id: 0x3846aaec, L:/127.0.0.1:50621 - R:localhost/127.0.0.1:8083] Releasing channel
10:13:40.939 [reactor-http-nio-4] DEBUG reactor.netty.resources.PooledConnectionProvider - [id: 0x3846aaec, L:/127.0.0.1:50621 - R:localhost/127.0.0.1:8083] Channel cleaned, now 0 active connections and 91 inactive connections
10:13:40.940 [pool-9-thread-1] DEBUG org.springframework.web.reactive.function.client.ExchangeFunctions - [3b3d0405] HTTP GET http://localhost:8083/attractions
10:13:40.941 [reactor-http-nio-4] DEBUG reactor.netty.resources.PooledConnectionProvider - [id: 0x634507d6, L:/127.0.0.1:50625 - R:localhost/127.0.0.1:8083] Channel acquired, now 1 active connections and 90 inactive connections
10:13:40.941 [reactor-http-nio-4] DEBUG reactor.netty.http.client.HttpClientConnect - [id: 0x634507d6, L:/127.0.0.1:50625 - R:localhost/127.0.0.1:8083] Handler is being applied: {uri=http://localhost:8083/attractions, method=GET}
10:13:40.942 [reactor-http-nio-4] DEBUG reactor.netty.resources.PooledConnectionProvider - [id: 0x634507d6, L:/127.0.0.1:50625 - R:localhost/127.0.0.1:8083] onStateChange(GET{uri=/attractions, connection=PooledConnection{channel=[id: 0x634507d6, L:/127.0.0.1:50625 - R:localhost/127.0.0.1:8083]}}, [request_sent])
10:13:40.944 [reactor-http-nio-1] DEBUG reactor.netty.http.client.HttpClientOperations - [id: 0x1640c7be, L:/127.0.0.1:50730 - R:localhost/127.0.0.1:8084] Received response (auto-read:false) : [Content-Type=application/json, Transfer-Encoding=chunked, Date=Tue, 07 Jun 2022 09:13:40 GMT]
10:13:40.945 [reactor-http-nio-1] DEBUG reactor.netty.resources.PooledConnectionProvider - [id: 0x1640c7be, L:/127.0.0.1:50730 - R:localhost/127.0.0.1:8084] onStateChange(GET{uri=/attractionRewardPoint?attractionId=b2f6d21e-7e7a-4dcb-af49-8d225ef3832f&userId=9ae583a6-d7ec-4cfd-8c71-0638fa3ff1c9, connection=PooledConnection{channel=[id: 0x1640c7be, L:/127.0.0.1:50730 - R:localhost/127.0.0.1:8084]}}, [response_received])
10:13:40.945 [reactor-http-nio-1] DEBUG org.springframework.web.reactive.function.client.ExchangeFunctions - [5fa43ff2] Response 200 OK
10:13:40.945 [reactor-http-nio-1] DEBUG reactor.netty.channel.FluxReceive - [id: 0x1640c7be, L:/127.0.0.1:50730 - R:localhost/127.0.0.1:8084] Subscribing inbound receiver [pending: 0, cancelled:false, inboundDone: false]
10:13:40.945 [reactor-http-nio-1] DEBUG reactor.netty.http.client.HttpClientOperations - [id: 0x1640c7be, L:/127.0.0.1:50730 - R:localhost/127.0.0.1:8084] Received last HTTP packet
10:13:40.945 [reactor-http-nio-1] DEBUG org.springframework.core.codec.StringDecoder - [5fa43ff2] Decoded "414"
10:13:40.945 [reactor-http-nio-1] DEBUG reactor.netty.resources.PooledConnectionProvider - [id: 0x1640c7be, L:/127.0.0.1:50730 - R:localhost/127.0.0.1:8084] onStateChange(GET{uri=/attractionRewardPoint?attractionId=b2f6d21e-7e7a-4dcb-af49-8d225ef3832f&userId=9ae583a6-d7ec-4cfd-8c71-0638fa3ff1c9, connection=PooledConnection{channel=[id: 0x1640c7be, L:/127.0.0.1:50730 - R:localhost/127.0.0.1:8084]}}, [disconnecting])
10:13:40.946 [reactor-http-nio-1] DEBUG reactor.netty.resources.PooledConnectionProvider - [id: 0x1640c7be, L:/127.0.0.1:50730 - R:localhost/127.0.0.1:8084] Releasing channel
10:13:40.946 [reactor-http-nio-1] DEBUG reactor.netty.resources.PooledConnectionProvider - [id: 0x1640c7be, L:/127.0.0.1:50730 - R:localhost/127.0.0.1:8084] Channel cleaned, now 77 active connections and 17 inactive connections
10:13:40.947 [reactor-http-nio-2] DEBUG reactor.netty.http.client.HttpClientOperations - [id: 0x1cce88bc, L:/127.0.0.1:50707 - R:localhost/127.0.0.1:8084] Received response (auto-read:false) : [Content-Type=application/json, Transfer-Encoding=chunked, Date=Tue, 07 Jun 2022 09:13:40 GMT]
10:13:40.947 [reactor-http-nio-2] DEBUG reactor.netty.resources.PooledConnectionProvider - [id: 0x1cce88bc, L:/127.0.0.1:50707 - R:localhost/127.0.0.1:8084] onStateChange(GET{uri=/attractionRewardPoint?attractionId=7528523b-e159-4371-9fc2-5612682e2d8d&userId=71a62ff6-c1de-4ee6-ac7d-d1b0573b16e9, connection=PooledConnection{channel=[id: 0x1cce88bc, L:/127.0.0.1:50707 - R:localhost/127.0.0.1:8084]}}, [response_received])
10:13:40.947 [reactor-http-nio-2] DEBUG org.springframework.web.reactive.function.client.ExchangeFunctions - [6e230e78] Response 200 OK
10:13:40.948 [reactor-http-nio-2] DEBUG reactor.netty.channel.FluxReceive - [id: 0x1cce88bc, L:/127.0.0.1:50707 - R:localhost/127.0.0.1:8084] Subscribing inbound receiver [pending: 0, cancelled:false, inboundDone: false]
10:13:40.948 [reactor-http-nio-2] DEBUG reactor.netty.http.client.HttpClientOperations - [id: 0x1cce88bc, L:/127.0.0.1:50707 - R:localhost/127.0.0.1:8084] Received last HTTP packet
10:13:40.948 [reactor-http-nio-2] DEBUG org.springframework.core.codec.StringDecoder - [6e230e78] Decoded "642"
10:13:40.948 [reactor-http-nio-2] DEBUG reactor.netty.resources.PooledConnectionProvider - [id: 0x1cce88bc, L:/127.0.0.1:50707 - R:localhost/127.0.0.1:8084] onStateChange(GET{uri=/attractionRewardPoint?attractionId=7528523b-e159-4371-9fc2-5612682e2d8d&userId=71a62ff6-c1de-4ee6-ac7d-d1b0573b16e9, connection=PooledConnection{channel=[id: 0x1cce88bc, L:/127.0.0.1:50707 - R:localhost/127.0.0.1:8084]}}, [disconnecting])
10:13:40.948 [reactor-http-nio-2] DEBUG reactor.netty.resources.PooledConnectionProvider - [id: 0x1cce88bc, L:/127.0.0.1:50707 - R:localhost/127.0.0.1:8084] Releasing channel
10:13:40.948 [reactor-http-nio-2] DEBUG reactor.netty.resources.PooledConnectionProvider - [id: 0x1cce88bc, L:/127.0.0.1:50707 - R:localhost/127.0.0.1:8084] Channel cleaned, now 76 active connections and 18 inactive connections
10:13:40.954 [reactor-http-nio-4] DEBUG reactor.netty.http.client.HttpClientOperations - [id: 0x634507d6, L:/127.0.0.1:50625 - R:localhost/127.0.0.1:8083] Received response (auto-read:false) : [Content-Type=application/json, Transfer-Encoding=chunked, Date=Tue, 07 Jun 2022 09:13:40 GMT]
10:13:40.954 [reactor-http-nio-4] DEBUG reactor.netty.resources.PooledConnectionProvider - [id: 0x634507d6, L:/127.0.0.1:50625 - R:localhost/127.0.0.1:8083] onStateChange(GET{uri=/attractions, connection=PooledConnection{channel=[id: 0x634507d6, L:/127.0.0.1:50625 - R:localhost/127.0.0.1:8083]}}, [response_received])
10:13:40.954 [reactor-http-nio-4] DEBUG org.springframework.web.reactive.function.client.ExchangeFunctions - [3b3d0405] Response 200 OK
10:13:40.954 [reactor-http-nio-4] DEBUG reactor.netty.channel.FluxReceive - [id: 0x634507d6, L:/127.0.0.1:50625 - R:localhost/127.0.0.1:8083] Subscribing inbound receiver [pending: 0, cancelled:false, inboundDone: false]
10:13:40.955 [reactor-http-nio-4] DEBUG reactor.netty.http.client.HttpClientOperations - [id: 0x634507d6, L:/127.0.0.1:50625 - R:localhost/127.0.0.1:8083] Received last HTTP packet
10:13:40.955 [reactor-http-nio-4] DEBUG org.springframework.core.codec.StringDecoder - [3b3d0405] Decoded "[{"longitude":-117.922008,"latitude":33.817595,"attractionName":"Disneyland","city":"Anaheim","stat (truncated)...
10:13:40.955 [reactor-http-nio-4] DEBUG reactor.netty.resources.PooledConnectionProvider - [id: 0x634507d6, L:/127.0.0.1:50625 - R:localhost/127.0.0.1:8083] onStateChange(GET{uri=/attractions, connection=PooledConnection{channel=[id: 0x634507d6, L:/127.0.0.1:50625 - R:localhost/127.0.0.1:8083]}}, [disconnecting])
10:13:40.955 [reactor-http-nio-4] DEBUG reactor.netty.resources.PooledConnectionProvider - [id: 0x634507d6, L:/127.0.0.1:50625 - R:localhost/127.0.0.1:8083] Releasing channel
10:13:40.955 [reactor-http-nio-4] DEBUG reactor.netty.resources.PooledConnectionProvider - [id: 0x634507d6, L:/127.0.0.1:50625 - R:localhost/127.0.0.1:8083] Channel cleaned, now 0 active connections and 91 inactive connections
10:13:40.956 [pool-9-thread-1] DEBUG org.springframework.web.reactive.function.client.ExchangeFunctions - [29dc23e] HTTP GET http://localhost:8083/userLocation?userId=351938d0-48a6-469b-ae7f-4371a3e02584
10:13:40.957 [reactor-http-nio-1] DEBUG reactor.netty.resources.PooledConnectionProvider - [id: 0xc90edc5e, L:/127.0.0.1:50630 - R:localhost/127.0.0.1:8083] Channel acquired, now 1 active connections and 90 inactive connections
10:13:40.957 [reactor-http-nio-1] DEBUG reactor.netty.http.client.HttpClientConnect - [id: 0xc90edc5e, L:/127.0.0.1:50630 - R:localhost/127.0.0.1:8083] Handler is being applied: {uri=http://localhost:8083/userLocation?userId=351938d0-48a6-469b-ae7f-4371a3e02584, method=GET}
10:13:40.957 [reactor-http-nio-4] DEBUG reactor.netty.http.client.HttpClientOperations - [id: 0xb3eadf5d, L:/127.0.0.1:50774 - R:localhost/127.0.0.1:8084] Received response (auto-read:false) : [Content-Type=application/json, Transfer-Encoding=chunked, Date=Tue, 07 Jun 2022 09:13:40 GMT]
10:13:40.958 [reactor-http-nio-4] DEBUG reactor.netty.resources.PooledConnectionProvider - [id: 0xb3eadf5d, L:/127.0.0.1:50774 - R:localhost/127.0.0.1:8084] onStateChange(GET{uri=/attractionRewardPoint?attractionId=227e658f-7afc-4a2b-9323-362e330f16b2&userId=1692717e-3761-4ef5-8886-d1f9780664f6, connection=PooledConnection{channel=[id: 0xb3eadf5d, L:/127.0.0.1:50774 - R:localhost/127.0.0.1:8084]}}, [response_received])
10:13:40.958 [reactor-http-nio-1] DEBUG reactor.netty.resources.PooledConnectionProvider - [id: 0xc90edc5e, L:/127.0.0.1:50630 - R:localhost/127.0.0.1:8083] onStateChange(GET{uri=/userLocation?userId=351938d0-48a6-469b-ae7f-4371a3e02584, connection=PooledConnection{channel=[id: 0xc90edc5e, L:/127.0.0.1:50630 - R:localhost/127.0.0.1:8083]}}, [request_sent])
10:13:40.958 [reactor-http-nio-4] DEBUG org.springframework.web.reactive.function.client.ExchangeFunctions - [7233e8da] Response 200 OK
10:13:40.958 [reactor-http-nio-4] DEBUG reactor.netty.channel.FluxReceive - [id: 0xb3eadf5d, L:/127.0.0.1:50774 - R:localhost/127.0.0.1:8084] Subscribing inbound receiver [pending: 0, cancelled:false, inboundDone: false]
10:13:40.972 [reactor-http-nio-4] DEBUG reactor.netty.http.client.HttpClientOperations - [id: 0xb3eadf5d, L:/127.0.0.1:50774 - R:localhost/127.0.0.1:8084] Received last HTTP packet
10:13:40.972 [reactor-http-nio-4] DEBUG org.springframework.core.codec.StringDecoder - [7233e8da] Decoded "767"
10:13:40.972 [reactor-http-nio-4] DEBUG reactor.netty.resources.PooledConnectionProvider - [id: 0xb3eadf5d, L:/127.0.0.1:50774 - R:localhost/127.0.0.1:8084] onStateChange(GET{uri=/attractionRewardPoint?attractionId=227e658f-7afc-4a2b-9323-362e330f16b2&userId=1692717e-3761-4ef5-8886-d1f9780664f6, connection=PooledConnection{channel=[id: 0xb3eadf5d, L:/127.0.0.1:50774 - R:localhost/127.0.0.1:8084]}}, [disconnecting])
10:13:40.972 [reactor-http-nio-4] DEBUG reactor.netty.resources.PooledConnectionProvider - [id: 0xb3eadf5d, L:/127.0.0.1:50774 - R:localhost/127.0.0.1:8084] Releasing channel
10:13:40.972 [reactor-http-nio-4] DEBUG reactor.netty.resources.PooledConnectionProvider - [id: 0xb3eadf5d, L:/127.0.0.1:50774 - R:localhost/127.0.0.1:8084] Channel cleaned, now 75 active connections and 19 inactive connections
10:13:40.976 [reactor-http-nio-4] DEBUG reactor.netty.http.client.HttpClientOperations - [id: 0x583eb79d, L:/127.0.0.1:50769 - R:localhost/127.0.0.1:8084] Received response (auto-read:false) : [Content-Type=application/json, Transfer-Encoding=chunked, Date=Tue, 07 Jun 2022 09:13:40 GMT]
10:13:40.976 [reactor-http-nio-4] DEBUG reactor.netty.resources.PooledConnectionProvider - [id: 0x583eb79d, L:/127.0.0.1:50769 - R:localhost/127.0.0.1:8084] onStateChange(GET{uri=/attractionRewardPoint?attractionId=b3ed894b-3ed6-42af-9341-fcb6dbdaf5a9&userId=08338153-a1f7-4115-99cc-af0c0c51972d, connection=PooledConnection{channel=[id: 0x583eb79d, L:/127.0.0.1:50769 - R:localhost/127.0.0.1:8084]}}, [response_received])
10:13:40.976 [reactor-http-nio-4] DEBUG org.springframework.web.reactive.function.client.ExchangeFunctions - [22680f54] Response 200 OK
10:13:40.976 [reactor-http-nio-4] DEBUG reactor.netty.channel.FluxReceive - [id: 0x583eb79d, L:/127.0.0.1:50769 - R:localhost/127.0.0.1:8084] Subscribing inbound receiver [pending: 0, cancelled:false, inboundDone: false]
10:13:40.977 [reactor-http-nio-4] DEBUG reactor.netty.http.client.HttpClientOperations - [id: 0x583eb79d, L:/127.0.0.1:50769 - R:localhost/127.0.0.1:8084] Received last HTTP packet
10:13:40.977 [reactor-http-nio-4] DEBUG org.springframework.core.codec.StringDecoder - [22680f54] Decoded "186"
10:13:40.977 [reactor-http-nio-4] DEBUG reactor.netty.resources.PooledConnectionProvider - [id: 0x583eb79d, L:/127.0.0.1:50769 - R:localhost/127.0.0.1:8084] onStateChange(GET{uri=/attractionRewardPoint?attractionId=b3ed894b-3ed6-42af-9341-fcb6dbdaf5a9&userId=08338153-a1f7-4115-99cc-af0c0c51972d, connection=PooledConnection{channel=[id: 0x583eb79d, L:/127.0.0.1:50769 - R:localhost/127.0.0.1:8084]}}, [disconnecting])
10:13:40.977 [reactor-http-nio-4] DEBUG reactor.netty.resources.PooledConnectionProvider - [id: 0x583eb79d, L:/127.0.0.1:50769 - R:localhost/127.0.0.1:8084] Releasing channel
10:13:40.977 [reactor-http-nio-4] DEBUG reactor.netty.resources.PooledConnectionProvider - [id: 0x583eb79d, L:/127.0.0.1:50769 - R:localhost/127.0.0.1:8084] Channel cleaned, now 74 active connections and 20 inactive connections
10:13:40.979 [reactor-http-nio-1] DEBUG reactor.netty.http.client.HttpClientOperations - [id: 0xb8d31447, L:/127.0.0.1:50706 - R:localhost/127.0.0.1:8084] Received response (auto-read:false) : [Content-Type=application/json, Transfer-Encoding=chunked, Date=Tue, 07 Jun 2022 09:13:40 GMT]
10:13:40.979 [reactor-http-nio-1] DEBUG reactor.netty.resources.PooledConnectionProvider - [id: 0xb8d31447, L:/127.0.0.1:50706 - R:localhost/127.0.0.1:8084] onStateChange(GET{uri=/attractionRewardPoint?attractionId=888bba3b-c64e-45e0-b07e-847f41851f0b&userId=b5335eb4-d98f-4937-bb76-01f5b1f0b7a2, connection=PooledConnection{channel=[id: 0xb8d31447, L:/127.0.0.1:50706 - R:localhost/127.0.0.1:8084]}}, [response_received])
10:13:40.979 [reactor-http-nio-1] DEBUG org.springframework.web.reactive.function.client.ExchangeFunctions - [79af140a] Response 200 OK
10:13:40.980 [reactor-http-nio-1] DEBUG reactor.netty.channel.FluxReceive - [id: 0xb8d31447, L:/127.0.0.1:50706 - R:localhost/127.0.0.1:8084] Subscribing inbound receiver [pending: 0, cancelled:false, inboundDone: false]
10:13:40.980 [reactor-http-nio-1] DEBUG reactor.netty.http.client.HttpClientOperations - [id: 0xb8d31447, L:/127.0.0.1:50706 - R:localhost/127.0.0.1:8084] Received last HTTP packet
10:13:40.980 [reactor-http-nio-1] DEBUG org.springframework.core.codec.StringDecoder - [79af140a] Decoded "608"
10:13:40.980 [reactor-http-nio-1] DEBUG reactor.netty.resources.PooledConnectionProvider - [id: 0xb8d31447, L:/127.0.0.1:50706 - R:localhost/127.0.0.1:8084] onStateChange(GET{uri=/attractionRewardPoint?attractionId=888bba3b-c64e-45e0-b07e-847f41851f0b&userId=b5335eb4-d98f-4937-bb76-01f5b1f0b7a2, connection=PooledConnection{channel=[id: 0xb8d31447, L:/127.0.0.1:50706 - R:localhost/127.0.0.1:8084]}}, [disconnecting])
10:13:40.980 [reactor-http-nio-1] DEBUG reactor.netty.resources.PooledConnectionProvider - [id: 0xb8d31447, L:/127.0.0.1:50706 - R:localhost/127.0.0.1:8084] Releasing channel
10:13:40.980 [reactor-http-nio-1] DEBUG reactor.netty.resources.PooledConnectionProvider - [id: 0xb8d31447, L:/127.0.0.1:50706 - R:localhost/127.0.0.1:8084] Channel cleaned, now 73 active connections and 21 inactive connections
10:13:40.982 [reactor-http-nio-2] DEBUG reactor.netty.http.client.HttpClientOperations - [id: 0x9804c67f, L:/127.0.0.1:50718 - R:localhost/127.0.0.1:8084] Received response (auto-read:false) : [Content-Type=application/json, Transfer-Encoding=chunked, Date=Tue, 07 Jun 2022 09:13:40 GMT]
10:13:40.982 [reactor-http-nio-2] DEBUG reactor.netty.resources.PooledConnectionProvider - [id: 0x9804c67f, L:/127.0.0.1:50718 - R:localhost/127.0.0.1:8084] onStateChange(GET{uri=/attractionRewardPoint?attractionId=91558d8a-8495-409c-9922-224834d4853f&userId=1975fd97-1ba1-4f43-9cd6-96e06373b76d, connection=PooledConnection{channel=[id: 0x9804c67f, L:/127.0.0.1:50718 - R:localhost/127.0.0.1:8084]}}, [response_received])
10:13:40.982 [reactor-http-nio-2] DEBUG org.springframework.web.reactive.function.client.ExchangeFunctions - [9981855] Response 200 OK
10:13:40.983 [reactor-http-nio-2] DEBUG reactor.netty.channel.FluxReceive - [id: 0x9804c67f, L:/127.0.0.1:50718 - R:localhost/127.0.0.1:8084] Subscribing inbound receiver [pending: 0, cancelled:false, inboundDone: false]
10:13:40.984 [reactor-http-nio-2] DEBUG reactor.netty.http.client.HttpClientOperations - [id: 0x9804c67f, L:/127.0.0.1:50718 - R:localhost/127.0.0.1:8084] Received last HTTP packet
10:13:40.984 [reactor-http-nio-2] DEBUG org.springframework.core.codec.StringDecoder - [9981855] Decoded "782"
10:13:40.984 [reactor-http-nio-2] DEBUG reactor.netty.resources.PooledConnectionProvider - [id: 0x9804c67f, L:/127.0.0.1:50718 - R:localhost/127.0.0.1:8084] onStateChange(GET{uri=/attractionRewardPoint?attractionId=91558d8a-8495-409c-9922-224834d4853f&userId=1975fd97-1ba1-4f43-9cd6-96e06373b76d, connection=PooledConnection{channel=[id: 0x9804c67f, L:/127.0.0.1:50718 - R:localhost/127.0.0.1:8084]}}, [disconnecting])
10:13:40.984 [reactor-http-nio-2] DEBUG reactor.netty.resources.PooledConnectionProvider - [id: 0x9804c67f, L:/127.0.0.1:50718 - R:localhost/127.0.0.1:8084] Releasing channel
10:13:40.984 [reactor-http-nio-2] DEBUG reactor.netty.resources.PooledConnectionProvider - [id: 0x9804c67f, L:/127.0.0.1:50718 - R:localhost/127.0.0.1:8084] Channel cleaned, now 72 active connections and 22 inactive connections
10:13:40.997 [reactor-http-nio-1] DEBUG reactor.netty.http.client.HttpClientOperations - [id: 0x62e81799, L:/127.0.0.1:50731 - R:localhost/127.0.0.1:8084] Received response (auto-read:false) : [Content-Type=application/json, Transfer-Encoding=chunked, Date=Tue, 07 Jun 2022 09:13:40 GMT]
10:13:40.997 [reactor-http-nio-1] DEBUG reactor.netty.resources.PooledConnectionProvider - [id: 0x62e81799, L:/127.0.0.1:50731 - R:localhost/127.0.0.1:8084] onStateChange(GET{uri=/attractionRewardPoint?attractionId=0c289859-0fee-46b9-b94c-df11ceba0891&userId=6abd4a79-320d-4501-a67e-74eeb59044d8, connection=PooledConnection{channel=[id: 0x62e81799, L:/127.0.0.1:50731 - R:localhost/127.0.0.1:8084]}}, [response_received])
10:13:40.997 [reactor-http-nio-1] DEBUG org.springframework.web.reactive.function.client.ExchangeFunctions - [595c6ebb] Response 200 OK
10:13:40.997 [reactor-http-nio-1] DEBUG reactor.netty.channel.FluxReceive - [id: 0x62e81799, L:/127.0.0.1:50731 - R:localhost/127.0.0.1:8084] Subscribing inbound receiver [pending: 0, cancelled:false, inboundDone: false]
10:13:40.998 [reactor-http-nio-1] DEBUG reactor.netty.http.client.HttpClientOperations - [id: 0x62e81799, L:/127.0.0.1:50731 - R:localhost/127.0.0.1:8084] Received last HTTP packet
10:13:40.998 [reactor-http-nio-1] DEBUG org.springframework.core.codec.StringDecoder - [595c6ebb] Decoded "535"
10:13:40.998 [reactor-http-nio-1] DEBUG reactor.netty.resources.PooledConnectionProvider - [id: 0x62e81799, L:/127.0.0.1:50731 - R:localhost/127.0.0.1:8084] onStateChange(GET{uri=/attractionRewardPoint?attractionId=0c289859-0fee-46b9-b94c-df11ceba0891&userId=6abd4a79-320d-4501-a67e-74eeb59044d8, connection=PooledConnection{channel=[id: 0x62e81799, L:/127.0.0.1:50731 - R:localhost/127.0.0.1:8084]}}, [disconnecting])
10:13:40.998 [reactor-http-nio-1] DEBUG reactor.netty.resources.PooledConnectionProvider - [id: 0x62e81799, L:/127.0.0.1:50731 - R:localhost/127.0.0.1:8084] Releasing channel
10:13:40.998 [reactor-http-nio-1] DEBUG reactor.netty.resources.PooledConnectionProvider - [id: 0x62e81799, L:/127.0.0.1:50731 - R:localhost/127.0.0.1:8084] Channel cleaned, now 71 active connections and 23 inactive connections
10:13:40.999 [reactor-http-nio-2] DEBUG reactor.netty.http.client.HttpClientOperations - [id: 0x2dd70f15, L:/127.0.0.1:50747 - R:localhost/127.0.0.1:8084] Received response (auto-read:false) : [Content-Type=application/json, Transfer-Encoding=chunked, Date=Tue, 07 Jun 2022 09:13:40 GMT]
10:13:40.999 [reactor-http-nio-2] DEBUG reactor.netty.resources.PooledConnectionProvider - [id: 0x2dd70f15, L:/127.0.0.1:50747 - R:localhost/127.0.0.1:8084] onStateChange(GET{uri=/attractionRewardPoint?attractionId=59e2ba29-8f0c-4758-9671-9f0f0aa9d40e&userId=62fb8aed-6cca-4e73-9f77-42de9bdccfa8, connection=PooledConnection{channel=[id: 0x2dd70f15, L:/127.0.0.1:50747 - R:localhost/127.0.0.1:8084]}}, [response_received])
10:13:41.000 [reactor-http-nio-2] DEBUG org.springframework.web.reactive.function.client.ExchangeFunctions - [2b367ab9] Response 200 OK
10:13:40.999 [reactor-http-nio-3] DEBUG reactor.netty.http.client.HttpClientOperations - [id: 0x8f58ba65, L:/127.0.0.1:50705 - R:localhost/127.0.0.1:8084] Received response (auto-read:false) : [Content-Type=application/json, Transfer-Encoding=chunked, Date=Tue, 07 Jun 2022 09:13:40 GMT]
10:13:41.000 [reactor-http-nio-3] DEBUG reactor.netty.resources.PooledConnectionProvider - [id: 0x8f58ba65, L:/127.0.0.1:50705 - R:localhost/127.0.0.1:8084] onStateChange(GET{uri=/attractionRewardPoint?attractionId=f08386e6-7d9a-4a87-b4ef-53a69b07bb06&userId=351938d0-48a6-469b-ae7f-4371a3e02584, connection=PooledConnection{channel=[id: 0x8f58ba65, L:/127.0.0.1:50705 - R:localhost/127.0.0.1:8084]}}, [response_received])
10:13:41.000 [reactor-http-nio-3] DEBUG org.springframework.web.reactive.function.client.ExchangeFunctions - [18549774] Response 200 OK
10:13:41.000 [reactor-http-nio-2] DEBUG reactor.netty.channel.FluxReceive - [id: 0x2dd70f15, L:/127.0.0.1:50747 - R:localhost/127.0.0.1:8084] Subscribing inbound receiver [pending: 0, cancelled:false, inboundDone: false]
10:13:41.000 [reactor-http-nio-3] DEBUG reactor.netty.channel.FluxReceive - [id: 0x8f58ba65, L:/127.0.0.1:50705 - R:localhost/127.0.0.1:8084] Subscribing inbound receiver [pending: 0, cancelled:false, inboundDone: false]
10:13:41.001 [reactor-http-nio-3] DEBUG reactor.netty.http.client.HttpClientOperations - [id: 0x8f58ba65, L:/127.0.0.1:50705 - R:localhost/127.0.0.1:8084] Received last HTTP packet
10:13:41.001 [reactor-http-nio-3] DEBUG org.springframework.core.codec.StringDecoder - [18549774] Decoded "89"
10:13:41.001 [reactor-http-nio-3] DEBUG reactor.netty.resources.PooledConnectionProvider - [id: 0x8f58ba65, L:/127.0.0.1:50705 - R:localhost/127.0.0.1:8084] onStateChange(GET{uri=/attractionRewardPoint?attractionId=f08386e6-7d9a-4a87-b4ef-53a69b07bb06&userId=351938d0-48a6-469b-ae7f-4371a3e02584, connection=PooledConnection{channel=[id: 0x8f58ba65, L:/127.0.0.1:50705 - R:localhost/127.0.0.1:8084]}}, [disconnecting])
10:13:41.001 [reactor-http-nio-3] DEBUG reactor.netty.resources.PooledConnectionProvider - [id: 0x8f58ba65, L:/127.0.0.1:50705 - R:localhost/127.0.0.1:8084] Releasing channel
10:13:41.001 [reactor-http-nio-3] DEBUG reactor.netty.resources.PooledConnectionProvider - [id: 0x8f58ba65, L:/127.0.0.1:50705 - R:localhost/127.0.0.1:8084] Channel cleaned, now 70 active connections and 24 inactive connections
10:13:41.002 [reactor-http-nio-2] DEBUG reactor.netty.http.client.HttpClientOperations - [id: 0x2dd70f15, L:/127.0.0.1:50747 - R:localhost/127.0.0.1:8084] Received last HTTP packet
10:13:41.002 [reactor-http-nio-2] DEBUG org.springframework.core.codec.StringDecoder - [2b367ab9] Decoded "986"
10:13:41.002 [reactor-http-nio-2] DEBUG reactor.netty.resources.PooledConnectionProvider - [id: 0x2dd70f15, L:/127.0.0.1:50747 - R:localhost/127.0.0.1:8084] onStateChange(GET{uri=/attractionRewardPoint?attractionId=59e2ba29-8f0c-4758-9671-9f0f0aa9d40e&userId=62fb8aed-6cca-4e73-9f77-42de9bdccfa8, connection=PooledConnection{channel=[id: 0x2dd70f15, L:/127.0.0.1:50747 - R:localhost/127.0.0.1:8084]}}, [disconnecting])
10:13:41.003 [reactor-http-nio-2] DEBUG reactor.netty.resources.PooledConnectionProvider - [id: 0x2dd70f15, L:/127.0.0.1:50747 - R:localhost/127.0.0.1:8084] Releasing channel
10:13:41.003 [reactor-http-nio-2] DEBUG reactor.netty.resources.PooledConnectionProvider - [id: 0x2dd70f15, L:/127.0.0.1:50747 - R:localhost/127.0.0.1:8084] Channel cleaned, now 69 active connections and 25 inactive connections
10:13:41.015 [reactor-http-nio-1] DEBUG reactor.netty.http.client.HttpClientOperations - [id: 0xc90edc5e, L:/127.0.0.1:50630 - R:localhost/127.0.0.1:8083] Received response (auto-read:false) : [Content-Type=application/json, Transfer-Encoding=chunked, Date=Tue, 07 Jun 2022 09:13:40 GMT]
10:13:41.015 [reactor-http-nio-1] DEBUG reactor.netty.resources.PooledConnectionProvider - [id: 0xc90edc5e, L:/127.0.0.1:50630 - R:localhost/127.0.0.1:8083] onStateChange(GET{uri=/userLocation?userId=351938d0-48a6-469b-ae7f-4371a3e02584, connection=PooledConnection{channel=[id: 0xc90edc5e, L:/127.0.0.1:50630 - R:localhost/127.0.0.1:8083]}}, [response_received])
10:13:41.015 [reactor-http-nio-1] DEBUG org.springframework.web.reactive.function.client.ExchangeFunctions - [29dc23e] Response 200 OK
10:13:41.015 [reactor-http-nio-1] DEBUG reactor.netty.channel.FluxReceive - [id: 0xc90edc5e, L:/127.0.0.1:50630 - R:localhost/127.0.0.1:8083] Subscribing inbound receiver [pending: 0, cancelled:false, inboundDone: false]
10:13:41.015 [reactor-http-nio-1] DEBUG reactor.netty.http.client.HttpClientOperations - [id: 0xc90edc5e, L:/127.0.0.1:50630 - R:localhost/127.0.0.1:8083] Received last HTTP packet
10:13:41.016 [reactor-http-nio-1] DEBUG org.springframework.core.codec.StringDecoder - [29dc23e] Decoded "{"userId":"351938d0-48a6-469b-ae7f-4371a3e02584","location":{"longitude":54.685741,"latitude":78.05 (truncated)...
10:13:41.016 [reactor-http-nio-1] DEBUG reactor.netty.resources.PooledConnectionProvider - [id: 0xc90edc5e, L:/127.0.0.1:50630 - R:localhost/127.0.0.1:8083] onStateChange(GET{uri=/userLocation?userId=351938d0-48a6-469b-ae7f-4371a3e02584, connection=PooledConnection{channel=[id: 0xc90edc5e, L:/127.0.0.1:50630 - R:localhost/127.0.0.1:8083]}}, [disconnecting])
10:13:41.016 [reactor-http-nio-1] DEBUG reactor.netty.resources.PooledConnectionProvider - [id: 0xc90edc5e, L:/127.0.0.1:50630 - R:localhost/127.0.0.1:8083] Releasing channel
10:13:41.016 [reactor-http-nio-1] DEBUG reactor.netty.resources.PooledConnectionProvider - [id: 0xc90edc5e, L:/127.0.0.1:50630 - R:localhost/127.0.0.1:8083] Channel cleaned, now 0 active connections and 91 inactive connections
10:13:41.018 [pool-9-thread-1] DEBUG org.springframework.web.reactive.function.client.ExchangeFunctions - [432eeaa0] HTTP GET http://localhost:8083/attractions
10:13:41.019 [reactor-http-nio-4] DEBUG reactor.netty.resources.PooledConnectionProvider - [id: 0x6bb66c88, L:/127.0.0.1:50689 - R:localhost/127.0.0.1:8083] Channel acquired, now 1 active connections and 90 inactive connections
10:13:41.019 [reactor-http-nio-4] DEBUG reactor.netty.http.client.HttpClientConnect - [id: 0x6bb66c88, L:/127.0.0.1:50689 - R:localhost/127.0.0.1:8083] Handler is being applied: {uri=http://localhost:8083/attractions, method=GET}
10:13:41.020 [reactor-http-nio-4] DEBUG reactor.netty.resources.PooledConnectionProvider - [id: 0x6bb66c88, L:/127.0.0.1:50689 - R:localhost/127.0.0.1:8083] onStateChange(GET{uri=/attractions, connection=PooledConnection{channel=[id: 0x6bb66c88, L:/127.0.0.1:50689 - R:localhost/127.0.0.1:8083]}}, [request_sent])
10:13:41.025 [reactor-http-nio-2] DEBUG reactor.netty.http.client.HttpClientOperations - [id: 0x41c9227f, L:/127.0.0.1:50735 - R:localhost/127.0.0.1:8084] Received response (auto-read:false) : [Content-Type=application/json, Transfer-Encoding=chunked, Date=Tue, 07 Jun 2022 09:13:40 GMT]
10:13:41.025 [reactor-http-nio-2] DEBUG reactor.netty.resources.PooledConnectionProvider - [id: 0x41c9227f, L:/127.0.0.1:50735 - R:localhost/127.0.0.1:8084] onStateChange(GET{uri=/attractionRewardPoint?attractionId=1857bd52-01a0-4150-9526-e0e81d8d638d&userId=bc0910a3-c78c-447c-ba18-de62c59166bd, connection=PooledConnection{channel=[id: 0x41c9227f, L:/127.0.0.1:50735 - R:localhost/127.0.0.1:8084]}}, [response_received])
10:13:41.025 [reactor-http-nio-2] DEBUG org.springframework.web.reactive.function.client.ExchangeFunctions - [1f45d4e7] Response 200 OK
10:13:41.025 [reactor-http-nio-2] DEBUG reactor.netty.channel.FluxReceive - [id: 0x41c9227f, L:/127.0.0.1:50735 - R:localhost/127.0.0.1:8084] Subscribing inbound receiver [pending: 0, cancelled:false, inboundDone: false]
10:13:41.026 [reactor-http-nio-2] DEBUG reactor.netty.http.client.HttpClientOperations - [id: 0x41c9227f, L:/127.0.0.1:50735 - R:localhost/127.0.0.1:8084] Received last HTTP packet
10:13:41.026 [reactor-http-nio-2] DEBUG org.springframework.core.codec.StringDecoder - [1f45d4e7] Decoded "716"
10:13:41.026 [reactor-http-nio-2] DEBUG reactor.netty.resources.PooledConnectionProvider - [id: 0x41c9227f, L:/127.0.0.1:50735 - R:localhost/127.0.0.1:8084] onStateChange(GET{uri=/attractionRewardPoint?attractionId=1857bd52-01a0-4150-9526-e0e81d8d638d&userId=bc0910a3-c78c-447c-ba18-de62c59166bd, connection=PooledConnection{channel=[id: 0x41c9227f, L:/127.0.0.1:50735 - R:localhost/127.0.0.1:8084]}}, [disconnecting])
10:13:41.026 [reactor-http-nio-2] DEBUG reactor.netty.resources.PooledConnectionProvider - [id: 0x41c9227f, L:/127.0.0.1:50735 - R:localhost/127.0.0.1:8084] Releasing channel
10:13:41.026 [reactor-http-nio-2] DEBUG reactor.netty.resources.PooledConnectionProvider - [id: 0x41c9227f, L:/127.0.0.1:50735 - R:localhost/127.0.0.1:8084] Channel cleaned, now 68 active connections and 26 inactive connections
10:13:41.033 [reactor-http-nio-4] DEBUG reactor.netty.http.client.HttpClientOperations - [id: 0x6bb66c88, L:/127.0.0.1:50689 - R:localhost/127.0.0.1:8083] Received response (auto-read:false) : [Content-Type=application/json, Transfer-Encoding=chunked, Date=Tue, 07 Jun 2022 09:13:40 GMT]
10:13:41.033 [reactor-http-nio-4] DEBUG reactor.netty.resources.PooledConnectionProvider - [id: 0x6bb66c88, L:/127.0.0.1:50689 - R:localhost/127.0.0.1:8083] onStateChange(GET{uri=/attractions, connection=PooledConnection{channel=[id: 0x6bb66c88, L:/127.0.0.1:50689 - R:localhost/127.0.0.1:8083]}}, [response_received])
10:13:41.033 [reactor-http-nio-4] DEBUG org.springframework.web.reactive.function.client.ExchangeFunctions - [432eeaa0] Response 200 OK
10:13:41.033 [reactor-http-nio-4] DEBUG reactor.netty.channel.FluxReceive - [id: 0x6bb66c88, L:/127.0.0.1:50689 - R:localhost/127.0.0.1:8083] Subscribing inbound receiver [pending: 0, cancelled:false, inboundDone: false]
10:13:41.034 [reactor-http-nio-4] DEBUG reactor.netty.http.client.HttpClientOperations - [id: 0x6bb66c88, L:/127.0.0.1:50689 - R:localhost/127.0.0.1:8083] Received last HTTP packet
10:13:41.034 [reactor-http-nio-4] DEBUG org.springframework.core.codec.StringDecoder - [432eeaa0] Decoded "[{"longitude":-117.922008,"latitude":33.817595,"attractionName":"Disneyland","city":"Anaheim","stat (truncated)...
10:13:41.034 [reactor-http-nio-4] DEBUG reactor.netty.resources.PooledConnectionProvider - [id: 0x6bb66c88, L:/127.0.0.1:50689 - R:localhost/127.0.0.1:8083] onStateChange(GET{uri=/attractions, connection=PooledConnection{channel=[id: 0x6bb66c88, L:/127.0.0.1:50689 - R:localhost/127.0.0.1:8083]}}, [disconnecting])
10:13:41.034 [reactor-http-nio-4] DEBUG reactor.netty.resources.PooledConnectionProvider - [id: 0x6bb66c88, L:/127.0.0.1:50689 - R:localhost/127.0.0.1:8083] Releasing channel
10:13:41.034 [reactor-http-nio-4] DEBUG reactor.netty.resources.PooledConnectionProvider - [id: 0x6bb66c88, L:/127.0.0.1:50689 - R:localhost/127.0.0.1:8083] Channel cleaned, now 0 active connections and 91 inactive connections
10:13:41.035 [pool-9-thread-1] DEBUG org.springframework.web.reactive.function.client.ExchangeFunctions - [534b8d70] HTTP GET http://localhost:8083/userLocation?userId=5d9dac7b-605c-4cf1-b2a8-96616e156a54
10:13:41.036 [reactor-http-nio-1] DEBUG reactor.netty.resources.PooledConnectionProvider - [id: 0xea840478, L:/127.0.0.1:50645 - R:localhost/127.0.0.1:8083] Channel acquired, now 1 active connections and 90 inactive connections
10:13:41.036 [reactor-http-nio-1] DEBUG reactor.netty.http.client.HttpClientConnect - [id: 0xea840478, L:/127.0.0.1:50645 - R:localhost/127.0.0.1:8083] Handler is being applied: {uri=http://localhost:8083/userLocation?userId=5d9dac7b-605c-4cf1-b2a8-96616e156a54, method=GET}
10:13:41.037 [reactor-http-nio-1] DEBUG reactor.netty.resources.PooledConnectionProvider - [id: 0xea840478, L:/127.0.0.1:50645 - R:localhost/127.0.0.1:8083] onStateChange(GET{uri=/userLocation?userId=5d9dac7b-605c-4cf1-b2a8-96616e156a54, connection=PooledConnection{channel=[id: 0xea840478, L:/127.0.0.1:50645 - R:localhost/127.0.0.1:8083]}}, [request_sent])
10:13:41.052 [reactor-http-nio-4] DEBUG reactor.netty.http.client.HttpClientOperations - [id: 0x833e183a, L:/127.0.0.1:50742 - R:localhost/127.0.0.1:8084] Received response (auto-read:false) : [Content-Type=application/json, Transfer-Encoding=chunked, Date=Tue, 07 Jun 2022 09:13:40 GMT]
10:13:41.052 [reactor-http-nio-4] DEBUG reactor.netty.resources.PooledConnectionProvider - [id: 0x833e183a, L:/127.0.0.1:50742 - R:localhost/127.0.0.1:8084] onStateChange(GET{uri=/attractionRewardPoint?attractionId=7c11faed-bb1d-4565-a6db-b2a010768ec1&userId=e306ebf7-82ba-410e-b762-1e54fb160d83, connection=PooledConnection{channel=[id: 0x833e183a, L:/127.0.0.1:50742 - R:localhost/127.0.0.1:8084]}}, [response_received])
10:13:41.052 [reactor-http-nio-4] DEBUG org.springframework.web.reactive.function.client.ExchangeFunctions - [79bfdb2d] Response 200 OK
10:13:41.052 [reactor-http-nio-4] DEBUG reactor.netty.channel.FluxReceive - [id: 0x833e183a, L:/127.0.0.1:50742 - R:localhost/127.0.0.1:8084] Subscribing inbound receiver [pending: 0, cancelled:false, inboundDone: false]
10:13:41.053 [reactor-http-nio-4] DEBUG reactor.netty.http.client.HttpClientOperations - [id: 0x833e183a, L:/127.0.0.1:50742 - R:localhost/127.0.0.1:8084] Received last HTTP packet
10:13:41.053 [reactor-http-nio-4] DEBUG org.springframework.core.codec.StringDecoder - [79bfdb2d] Decoded "838"
10:13:41.053 [reactor-http-nio-4] DEBUG reactor.netty.resources.PooledConnectionProvider - [id: 0x833e183a, L:/127.0.0.1:50742 - R:localhost/127.0.0.1:8084] onStateChange(GET{uri=/attractionRewardPoint?attractionId=7c11faed-bb1d-4565-a6db-b2a010768ec1&userId=e306ebf7-82ba-410e-b762-1e54fb160d83, connection=PooledConnection{channel=[id: 0x833e183a, L:/127.0.0.1:50742 - R:localhost/127.0.0.1:8084]}}, [disconnecting])
10:13:41.053 [reactor-http-nio-4] DEBUG reactor.netty.resources.PooledConnectionProvider - [id: 0x833e183a, L:/127.0.0.1:50742 - R:localhost/127.0.0.1:8084] Releasing channel
10:13:41.053 [reactor-http-nio-4] DEBUG reactor.netty.resources.PooledConnectionProvider - [id: 0x833e183a, L:/127.0.0.1:50742 - R:localhost/127.0.0.1:8084] Channel cleaned, now 67 active connections and 27 inactive connections
10:13:41.065 [reactor-http-nio-1] DEBUG reactor.netty.http.client.HttpClientOperations - [id: 0x3e00cca6, L:/127.0.0.1:50729 - R:localhost/127.0.0.1:8084] Received response (auto-read:false) : [Content-Type=application/json, Transfer-Encoding=chunked, Date=Tue, 07 Jun 2022 09:13:40 GMT]
10:13:41.066 [reactor-http-nio-1] DEBUG reactor.netty.resources.PooledConnectionProvider - [id: 0x3e00cca6, L:/127.0.0.1:50729 - R:localhost/127.0.0.1:8084] onStateChange(GET{uri=/attractionRewardPoint?attractionId=1f3d0099-876e-4054-9bf2-c76a07acfc0c&userId=90778aba-4a74-43d1-ac12-0c2a2f815af0, connection=PooledConnection{channel=[id: 0x3e00cca6, L:/127.0.0.1:50729 - R:localhost/127.0.0.1:8084]}}, [response_received])
10:13:41.066 [reactor-http-nio-1] DEBUG org.springframework.web.reactive.function.client.ExchangeFunctions - [45881993] Response 200 OK
10:13:41.066 [reactor-http-nio-1] DEBUG reactor.netty.channel.FluxReceive - [id: 0x3e00cca6, L:/127.0.0.1:50729 - R:localhost/127.0.0.1:8084] Subscribing inbound receiver [pending: 0, cancelled:false, inboundDone: false]
10:13:41.067 [reactor-http-nio-1] DEBUG reactor.netty.http.client.HttpClientOperations - [id: 0x3e00cca6, L:/127.0.0.1:50729 - R:localhost/127.0.0.1:8084] Received last HTTP packet
10:13:41.067 [reactor-http-nio-1] DEBUG org.springframework.core.codec.StringDecoder - [45881993] Decoded "40"
10:13:41.067 [reactor-http-nio-1] DEBUG reactor.netty.resources.PooledConnectionProvider - [id: 0x3e00cca6, L:/127.0.0.1:50729 - R:localhost/127.0.0.1:8084] onStateChange(GET{uri=/attractionRewardPoint?attractionId=1f3d0099-876e-4054-9bf2-c76a07acfc0c&userId=90778aba-4a74-43d1-ac12-0c2a2f815af0, connection=PooledConnection{channel=[id: 0x3e00cca6, L:/127.0.0.1:50729 - R:localhost/127.0.0.1:8084]}}, [disconnecting])
10:13:41.067 [reactor-http-nio-1] DEBUG reactor.netty.resources.PooledConnectionProvider - [id: 0x3e00cca6, L:/127.0.0.1:50729 - R:localhost/127.0.0.1:8084] Releasing channel
10:13:41.067 [reactor-http-nio-1] DEBUG reactor.netty.resources.PooledConnectionProvider - [id: 0x3e00cca6, L:/127.0.0.1:50729 - R:localhost/127.0.0.1:8084] Channel cleaned, now 66 active connections and 28 inactive connections
10:13:41.069 [reactor-http-nio-2] DEBUG reactor.netty.http.client.HttpClientOperations - [id: 0xc5527000, L:/127.0.0.1:50792 - R:localhost/127.0.0.1:8084] Received response (auto-read:false) : [Content-Type=application/json, Transfer-Encoding=chunked, Date=Tue, 07 Jun 2022 09:13:40 GMT]
10:13:41.069 [reactor-http-nio-2] DEBUG reactor.netty.resources.PooledConnectionProvider - [id: 0xc5527000, L:/127.0.0.1:50792 - R:localhost/127.0.0.1:8084] onStateChange(GET{uri=/attractionRewardPoint?attractionId=285d9baf-d3d1-463c-a1ac-84711f146495&userId=3e6851ab-4c5d-4d9b-ad55-c9a0d6632f44, connection=PooledConnection{channel=[id: 0xc5527000, L:/127.0.0.1:50792 - R:localhost/127.0.0.1:8084]}}, [response_received])
10:13:41.069 [reactor-http-nio-2] DEBUG org.springframework.web.reactive.function.client.ExchangeFunctions - [62331965] Response 200 OK
10:13:41.069 [reactor-http-nio-2] DEBUG reactor.netty.channel.FluxReceive - [id: 0xc5527000, L:/127.0.0.1:50792 - R:localhost/127.0.0.1:8084] Subscribing inbound receiver [pending: 0, cancelled:false, inboundDone: false]
10:13:41.070 [reactor-http-nio-2] DEBUG reactor.netty.http.client.HttpClientOperations - [id: 0xc5527000, L:/127.0.0.1:50792 - R:localhost/127.0.0.1:8084] Received last HTTP packet
10:13:41.070 [reactor-http-nio-2] DEBUG org.springframework.core.codec.StringDecoder - [62331965] Decoded "337"
10:13:41.070 [reactor-http-nio-2] DEBUG reactor.netty.resources.PooledConnectionProvider - [id: 0xc5527000, L:/127.0.0.1:50792 - R:localhost/127.0.0.1:8084] onStateChange(GET{uri=/attractionRewardPoint?attractionId=285d9baf-d3d1-463c-a1ac-84711f146495&userId=3e6851ab-4c5d-4d9b-ad55-c9a0d6632f44, connection=PooledConnection{channel=[id: 0xc5527000, L:/127.0.0.1:50792 - R:localhost/127.0.0.1:8084]}}, [disconnecting])
10:13:41.070 [reactor-http-nio-2] DEBUG reactor.netty.resources.PooledConnectionProvider - [id: 0xc5527000, L:/127.0.0.1:50792 - R:localhost/127.0.0.1:8084] Releasing channel
10:13:41.070 [reactor-http-nio-2] DEBUG reactor.netty.resources.PooledConnectionProvider - [id: 0xc5527000, L:/127.0.0.1:50792 - R:localhost/127.0.0.1:8084] Channel cleaned, now 65 active connections and 29 inactive connections
10:13:41.076 [reactor-http-nio-3] DEBUG reactor.netty.http.client.HttpClientOperations - [id: 0xc156f3c0, L:/127.0.0.1:50738 - R:localhost/127.0.0.1:8084] Received response (auto-read:false) : [Content-Type=application/json, Transfer-Encoding=chunked, Date=Tue, 07 Jun 2022 09:13:40 GMT]
10:13:41.076 [reactor-http-nio-3] DEBUG reactor.netty.resources.PooledConnectionProvider - [id: 0xc156f3c0, L:/127.0.0.1:50738 - R:localhost/127.0.0.1:8084] onStateChange(GET{uri=/attractionRewardPoint?attractionId=3b5afe5d-9b40-440d-be01-04fa09f814a7&userId=6ad9c11a-e84f-450b-b65f-3a2ca9508378, connection=PooledConnection{channel=[id: 0xc156f3c0, L:/127.0.0.1:50738 - R:localhost/127.0.0.1:8084]}}, [response_received])
10:13:41.076 [reactor-http-nio-3] DEBUG org.springframework.web.reactive.function.client.ExchangeFunctions - [acbd884] Response 200 OK
10:13:41.076 [reactor-http-nio-3] DEBUG reactor.netty.channel.FluxReceive - [id: 0xc156f3c0, L:/127.0.0.1:50738 - R:localhost/127.0.0.1:8084] Subscribing inbound receiver [pending: 0, cancelled:false, inboundDone: false]
10:13:41.077 [reactor-http-nio-3] DEBUG reactor.netty.http.client.HttpClientOperations - [id: 0xc156f3c0, L:/127.0.0.1:50738 - R:localhost/127.0.0.1:8084] Received last HTTP packet
10:13:41.077 [reactor-http-nio-3] DEBUG org.springframework.core.codec.StringDecoder - [acbd884] Decoded "393"
10:13:41.077 [reactor-http-nio-3] DEBUG reactor.netty.resources.PooledConnectionProvider - [id: 0xc156f3c0, L:/127.0.0.1:50738 - R:localhost/127.0.0.1:8084] onStateChange(GET{uri=/attractionRewardPoint?attractionId=3b5afe5d-9b40-440d-be01-04fa09f814a7&userId=6ad9c11a-e84f-450b-b65f-3a2ca9508378, connection=PooledConnection{channel=[id: 0xc156f3c0, L:/127.0.0.1:50738 - R:localhost/127.0.0.1:8084]}}, [disconnecting])
10:13:41.077 [reactor-http-nio-3] DEBUG reactor.netty.resources.PooledConnectionProvider - [id: 0xc156f3c0, L:/127.0.0.1:50738 - R:localhost/127.0.0.1:8084] Releasing channel
10:13:41.077 [reactor-http-nio-3] DEBUG reactor.netty.resources.PooledConnectionProvider - [id: 0xc156f3c0, L:/127.0.0.1:50738 - R:localhost/127.0.0.1:8084] Channel cleaned, now 64 active connections and 30 inactive connections
10:13:41.107 [reactor-http-nio-2] DEBUG reactor.netty.http.client.HttpClientOperations - [id: 0x90129510, L:/127.0.0.1:50710 - R:localhost/127.0.0.1:8084] Received response (auto-read:false) : [Content-Type=application/json, Transfer-Encoding=chunked, Date=Tue, 07 Jun 2022 09:13:40 GMT]
10:13:41.107 [reactor-http-nio-2] DEBUG reactor.netty.resources.PooledConnectionProvider - [id: 0x90129510, L:/127.0.0.1:50710 - R:localhost/127.0.0.1:8084] onStateChange(GET{uri=/attractionRewardPoint?attractionId=1b4541f6-47d8-4338-80b4-26d364323358&userId=75a11c86-23ed-4aee-a547-9f160949e283, connection=PooledConnection{channel=[id: 0x90129510, L:/127.0.0.1:50710 - R:localhost/127.0.0.1:8084]}}, [response_received])
10:13:41.107 [reactor-http-nio-2] DEBUG org.springframework.web.reactive.function.client.ExchangeFunctions - [7ff552c7] Response 200 OK
10:13:41.107 [reactor-http-nio-2] DEBUG reactor.netty.channel.FluxReceive - [id: 0x90129510, L:/127.0.0.1:50710 - R:localhost/127.0.0.1:8084] Subscribing inbound receiver [pending: 0, cancelled:false, inboundDone: false]
10:13:41.108 [reactor-http-nio-2] DEBUG reactor.netty.http.client.HttpClientOperations - [id: 0x90129510, L:/127.0.0.1:50710 - R:localhost/127.0.0.1:8084] Received last HTTP packet
10:13:41.108 [reactor-http-nio-2] DEBUG org.springframework.core.codec.StringDecoder - [7ff552c7] Decoded "314"
10:13:41.108 [reactor-http-nio-2] DEBUG reactor.netty.resources.PooledConnectionProvider - [id: 0x90129510, L:/127.0.0.1:50710 - R:localhost/127.0.0.1:8084] onStateChange(GET{uri=/attractionRewardPoint?attractionId=1b4541f6-47d8-4338-80b4-26d364323358&userId=75a11c86-23ed-4aee-a547-9f160949e283, connection=PooledConnection{channel=[id: 0x90129510, L:/127.0.0.1:50710 - R:localhost/127.0.0.1:8084]}}, [disconnecting])
10:13:41.108 [reactor-http-nio-2] DEBUG reactor.netty.resources.PooledConnectionProvider - [id: 0x90129510, L:/127.0.0.1:50710 - R:localhost/127.0.0.1:8084] Releasing channel
10:13:41.108 [reactor-http-nio-2] DEBUG reactor.netty.resources.PooledConnectionProvider - [id: 0x90129510, L:/127.0.0.1:50710 - R:localhost/127.0.0.1:8084] Channel cleaned, now 63 active connections and 31 inactive connections
10:13:41.119 [reactor-http-nio-1] DEBUG reactor.netty.http.client.HttpClientOperations - [id: 0xea840478, L:/127.0.0.1:50645 - R:localhost/127.0.0.1:8083] Received response (auto-read:false) : [Content-Type=application/json, Transfer-Encoding=chunked, Date=Tue, 07 Jun 2022 09:13:40 GMT]
10:13:41.119 [reactor-http-nio-1] DEBUG reactor.netty.resources.PooledConnectionProvider - [id: 0xea840478, L:/127.0.0.1:50645 - R:localhost/127.0.0.1:8083] onStateChange(GET{uri=/userLocation?userId=5d9dac7b-605c-4cf1-b2a8-96616e156a54, connection=PooledConnection{channel=[id: 0xea840478, L:/127.0.0.1:50645 - R:localhost/127.0.0.1:8083]}}, [response_received])
10:13:41.119 [reactor-http-nio-1] DEBUG org.springframework.web.reactive.function.client.ExchangeFunctions - [534b8d70] Response 200 OK
10:13:41.119 [reactor-http-nio-1] DEBUG reactor.netty.channel.FluxReceive - [id: 0xea840478, L:/127.0.0.1:50645 - R:localhost/127.0.0.1:8083] Subscribing inbound receiver [pending: 0, cancelled:false, inboundDone: false]
10:13:41.119 [reactor-http-nio-1] DEBUG reactor.netty.http.client.HttpClientOperations - [id: 0xea840478, L:/127.0.0.1:50645 - R:localhost/127.0.0.1:8083] Received last HTTP packet
10:13:41.119 [reactor-http-nio-1] DEBUG org.springframework.core.codec.StringDecoder - [534b8d70] Decoded "{"userId":"5d9dac7b-605c-4cf1-b2a8-96616e156a54","location":{"longitude":-166.477567,"latitude":-35 (truncated)...
10:13:41.119 [reactor-http-nio-1] DEBUG reactor.netty.resources.PooledConnectionProvider - [id: 0xea840478, L:/127.0.0.1:50645 - R:localhost/127.0.0.1:8083] onStateChange(GET{uri=/userLocation?userId=5d9dac7b-605c-4cf1-b2a8-96616e156a54, connection=PooledConnection{channel=[id: 0xea840478, L:/127.0.0.1:50645 - R:localhost/127.0.0.1:8083]}}, [disconnecting])
10:13:41.120 [reactor-http-nio-1] DEBUG reactor.netty.resources.PooledConnectionProvider - [id: 0xea840478, L:/127.0.0.1:50645 - R:localhost/127.0.0.1:8083] Releasing channel
10:13:41.120 [reactor-http-nio-1] DEBUG reactor.netty.resources.PooledConnectionProvider - [id: 0xea840478, L:/127.0.0.1:50645 - R:localhost/127.0.0.1:8083] Channel cleaned, now 0 active connections and 91 inactive connections
10:13:41.120 [pool-9-thread-1] DEBUG org.springframework.web.reactive.function.client.ExchangeFunctions - [85b630] HTTP GET http://localhost:8083/attractions
10:13:41.121 [reactor-http-nio-4] DEBUG reactor.netty.resources.PooledConnectionProvider - [id: 0xb12e3b99, L:/127.0.0.1:50613 - R:localhost/127.0.0.1:8083] Channel acquired, now 1 active connections and 90 inactive connections
10:13:41.121 [reactor-http-nio-4] DEBUG reactor.netty.http.client.HttpClientConnect - [id: 0xb12e3b99, L:/127.0.0.1:50613 - R:localhost/127.0.0.1:8083] Handler is being applied: {uri=http://localhost:8083/attractions, method=GET}
10:13:41.122 [reactor-http-nio-4] DEBUG reactor.netty.resources.PooledConnectionProvider - [id: 0xb12e3b99, L:/127.0.0.1:50613 - R:localhost/127.0.0.1:8083] onStateChange(GET{uri=/attractions, connection=PooledConnection{channel=[id: 0xb12e3b99, L:/127.0.0.1:50613 - R:localhost/127.0.0.1:8083]}}, [request_sent])
10:13:41.129 [reactor-http-nio-4] DEBUG reactor.netty.http.client.HttpClientOperations - [id: 0x371462f1, L:/127.0.0.1:50717 - R:localhost/127.0.0.1:8084] Received response (auto-read:false) : [Content-Type=application/json, Transfer-Encoding=chunked, Date=Tue, 07 Jun 2022 09:13:40 GMT]
10:13:41.129 [reactor-http-nio-1] DEBUG reactor.netty.http.client.HttpClientOperations - [id: 0xd8c11f27, L:/127.0.0.1:50713 - R:localhost/127.0.0.1:8084] Received response (auto-read:false) : [Content-Type=application/json, Transfer-Encoding=chunked, Date=Tue, 07 Jun 2022 09:13:40 GMT]
10:13:41.129 [reactor-http-nio-4] DEBUG reactor.netty.resources.PooledConnectionProvider - [id: 0x371462f1, L:/127.0.0.1:50717 - R:localhost/127.0.0.1:8084] onStateChange(GET{uri=/attractionRewardPoint?attractionId=b4809252-3e5b-4a47-9272-efbfa2f9f5dc&userId=6ebf02a1-35ec-4469-8b7d-2cb8a5dc356b, connection=PooledConnection{channel=[id: 0x371462f1, L:/127.0.0.1:50717 - R:localhost/127.0.0.1:8084]}}, [response_received])
10:13:41.129 [reactor-http-nio-2] DEBUG reactor.netty.http.client.HttpClientOperations - [id: 0xbe9121ba, L:/127.0.0.1:50779 - R:localhost/127.0.0.1:8084] Received response (auto-read:false) : [Content-Type=application/json, Transfer-Encoding=chunked, Date=Tue, 07 Jun 2022 09:13:40 GMT]
10:13:41.129 [reactor-http-nio-1] DEBUG reactor.netty.resources.PooledConnectionProvider - [id: 0xd8c11f27, L:/127.0.0.1:50713 - R:localhost/127.0.0.1:8084] onStateChange(GET{uri=/attractionRewardPoint?attractionId=0e87fa8d-f9d9-407e-9300-148c3351d87e&userId=be98bfd0-4db0-4bff-8748-f51963965635, connection=PooledConnection{channel=[id: 0xd8c11f27, L:/127.0.0.1:50713 - R:localhost/127.0.0.1:8084]}}, [response_received])
10:13:41.129 [reactor-http-nio-2] DEBUG reactor.netty.resources.PooledConnectionProvider - [id: 0xbe9121ba, L:/127.0.0.1:50779 - R:localhost/127.0.0.1:8084] onStateChange(GET{uri=/attractionRewardPoint?attractionId=78c1c3dd-4d13-4cc9-aae3-3df846ee557d&userId=f667af53-1776-4804-afc2-f30d83dcad27, connection=PooledConnection{channel=[id: 0xbe9121ba, L:/127.0.0.1:50779 - R:localhost/127.0.0.1:8084]}}, [response_received])
10:13:41.129 [reactor-http-nio-1] DEBUG org.springframework.web.reactive.function.client.ExchangeFunctions - [22909694] Response 200 OK
10:13:41.129 [reactor-http-nio-2] DEBUG org.springframework.web.reactive.function.client.ExchangeFunctions - [3469699f] Response 200 OK
10:13:41.129 [reactor-http-nio-4] DEBUG org.springframework.web.reactive.function.client.ExchangeFunctions - [331d6ae] Response 200 OK
10:13:41.129 [reactor-http-nio-1] DEBUG reactor.netty.channel.FluxReceive - [id: 0xd8c11f27, L:/127.0.0.1:50713 - R:localhost/127.0.0.1:8084] Subscribing inbound receiver [pending: 0, cancelled:false, inboundDone: false]
10:13:41.129 [reactor-http-nio-4] DEBUG reactor.netty.channel.FluxReceive - [id: 0x371462f1, L:/127.0.0.1:50717 - R:localhost/127.0.0.1:8084] Subscribing inbound receiver [pending: 0, cancelled:false, inboundDone: false]
10:13:41.129 [reactor-http-nio-2] DEBUG reactor.netty.channel.FluxReceive - [id: 0xbe9121ba, L:/127.0.0.1:50779 - R:localhost/127.0.0.1:8084] Subscribing inbound receiver [pending: 0, cancelled:false, inboundDone: false]
10:13:41.129 [reactor-http-nio-1] DEBUG reactor.netty.http.client.HttpClientOperations - [id: 0xd8c11f27, L:/127.0.0.1:50713 - R:localhost/127.0.0.1:8084] Received last HTTP packet
10:13:41.129 [reactor-http-nio-1] DEBUG org.springframework.core.codec.StringDecoder - [22909694] Decoded "787"
10:13:41.129 [reactor-http-nio-1] DEBUG reactor.netty.resources.PooledConnectionProvider - [id: 0xd8c11f27, L:/127.0.0.1:50713 - R:localhost/127.0.0.1:8084] onStateChange(GET{uri=/attractionRewardPoint?attractionId=0e87fa8d-f9d9-407e-9300-148c3351d87e&userId=be98bfd0-4db0-4bff-8748-f51963965635, connection=PooledConnection{channel=[id: 0xd8c11f27, L:/127.0.0.1:50713 - R:localhost/127.0.0.1:8084]}}, [disconnecting])
10:13:41.130 [reactor-http-nio-1] DEBUG reactor.netty.resources.PooledConnectionProvider - [id: 0xd8c11f27, L:/127.0.0.1:50713 - R:localhost/127.0.0.1:8084] Releasing channel
10:13:41.130 [reactor-http-nio-1] DEBUG reactor.netty.resources.PooledConnectionProvider - [id: 0xd8c11f27, L:/127.0.0.1:50713 - R:localhost/127.0.0.1:8084] Channel cleaned, now 62 active connections and 32 inactive connections
10:13:41.130 [reactor-http-nio-2] DEBUG reactor.netty.http.client.HttpClientOperations - [id: 0xbe9121ba, L:/127.0.0.1:50779 - R:localhost/127.0.0.1:8084] Received last HTTP packet
10:13:41.130 [reactor-http-nio-4] DEBUG reactor.netty.http.client.HttpClientOperations - [id: 0x371462f1, L:/127.0.0.1:50717 - R:localhost/127.0.0.1:8084] Received last HTTP packet
10:13:41.130 [reactor-http-nio-2] DEBUG org.springframework.core.codec.StringDecoder - [3469699f] Decoded "819"
10:13:41.130 [reactor-http-nio-4] DEBUG org.springframework.core.codec.StringDecoder - [331d6ae] Decoded "967"
10:13:41.130 [reactor-http-nio-2] DEBUG reactor.netty.resources.PooledConnectionProvider - [id: 0xbe9121ba, L:/127.0.0.1:50779 - R:localhost/127.0.0.1:8084] onStateChange(GET{uri=/attractionRewardPoint?attractionId=78c1c3dd-4d13-4cc9-aae3-3df846ee557d&userId=f667af53-1776-4804-afc2-f30d83dcad27, connection=PooledConnection{channel=[id: 0xbe9121ba, L:/127.0.0.1:50779 - R:localhost/127.0.0.1:8084]}}, [disconnecting])
10:13:41.130 [reactor-http-nio-4] DEBUG reactor.netty.resources.PooledConnectionProvider - [id: 0x371462f1, L:/127.0.0.1:50717 - R:localhost/127.0.0.1:8084] onStateChange(GET{uri=/attractionRewardPoint?attractionId=b4809252-3e5b-4a47-9272-efbfa2f9f5dc&userId=6ebf02a1-35ec-4469-8b7d-2cb8a5dc356b, connection=PooledConnection{channel=[id: 0x371462f1, L:/127.0.0.1:50717 - R:localhost/127.0.0.1:8084]}}, [disconnecting])
10:13:41.130 [reactor-http-nio-2] DEBUG reactor.netty.resources.PooledConnectionProvider - [id: 0xbe9121ba, L:/127.0.0.1:50779 - R:localhost/127.0.0.1:8084] Releasing channel
10:13:41.130 [reactor-http-nio-4] DEBUG reactor.netty.resources.PooledConnectionProvider - [id: 0x371462f1, L:/127.0.0.1:50717 - R:localhost/127.0.0.1:8084] Releasing channel
10:13:41.131 [reactor-http-nio-2] DEBUG reactor.netty.resources.PooledConnectionProvider - [id: 0xbe9121ba, L:/127.0.0.1:50779 - R:localhost/127.0.0.1:8084] Channel cleaned, now 60 active connections and 34 inactive connections
10:13:41.131 [reactor-http-nio-4] DEBUG reactor.netty.resources.PooledConnectionProvider - [id: 0x371462f1, L:/127.0.0.1:50717 - R:localhost/127.0.0.1:8084] Channel cleaned, now 60 active connections and 34 inactive connections
10:13:41.135 [reactor-http-nio-4] DEBUG reactor.netty.http.client.HttpClientOperations - [id: 0xb12e3b99, L:/127.0.0.1:50613 - R:localhost/127.0.0.1:8083] Received response (auto-read:false) : [Content-Type=application/json, Transfer-Encoding=chunked, Date=Tue, 07 Jun 2022 09:13:40 GMT]
10:13:41.135 [reactor-http-nio-4] DEBUG reactor.netty.resources.PooledConnectionProvider - [id: 0xb12e3b99, L:/127.0.0.1:50613 - R:localhost/127.0.0.1:8083] onStateChange(GET{uri=/attractions, connection=PooledConnection{channel=[id: 0xb12e3b99, L:/127.0.0.1:50613 - R:localhost/127.0.0.1:8083]}}, [response_received])
10:13:41.135 [reactor-http-nio-4] DEBUG org.springframework.web.reactive.function.client.ExchangeFunctions - [85b630] Response 200 OK
10:13:41.135 [reactor-http-nio-4] DEBUG reactor.netty.channel.FluxReceive - [id: 0xb12e3b99, L:/127.0.0.1:50613 - R:localhost/127.0.0.1:8083] Subscribing inbound receiver [pending: 0, cancelled:false, inboundDone: false]
10:13:41.135 [reactor-http-nio-4] DEBUG reactor.netty.http.client.HttpClientOperations - [id: 0xb12e3b99, L:/127.0.0.1:50613 - R:localhost/127.0.0.1:8083] Received last HTTP packet
10:13:41.136 [reactor-http-nio-4] DEBUG org.springframework.core.codec.StringDecoder - [85b630] Decoded "[{"longitude":-117.922008,"latitude":33.817595,"attractionName":"Disneyland","city":"Anaheim","stat (truncated)...
10:13:41.136 [reactor-http-nio-4] DEBUG reactor.netty.resources.PooledConnectionProvider - [id: 0xb12e3b99, L:/127.0.0.1:50613 - R:localhost/127.0.0.1:8083] onStateChange(GET{uri=/attractions, connection=PooledConnection{channel=[id: 0xb12e3b99, L:/127.0.0.1:50613 - R:localhost/127.0.0.1:8083]}}, [disconnecting])
10:13:41.136 [reactor-http-nio-4] DEBUG reactor.netty.resources.PooledConnectionProvider - [id: 0xb12e3b99, L:/127.0.0.1:50613 - R:localhost/127.0.0.1:8083] Releasing channel
10:13:41.136 [reactor-http-nio-4] DEBUG reactor.netty.resources.PooledConnectionProvider - [id: 0xb12e3b99, L:/127.0.0.1:50613 - R:localhost/127.0.0.1:8083] Channel cleaned, now 0 active connections and 91 inactive connections
10:13:41.136 [reactor-http-nio-4] DEBUG reactor.netty.http.client.HttpClientOperations - [id: 0x98316c91, L:/127.0.0.1:50759 - R:localhost/127.0.0.1:8084] Received response (auto-read:false) : [Content-Type=application/json, Transfer-Encoding=chunked, Date=Tue, 07 Jun 2022 09:13:40 GMT]
10:13:41.136 [reactor-http-nio-4] DEBUG reactor.netty.resources.PooledConnectionProvider - [id: 0x98316c91, L:/127.0.0.1:50759 - R:localhost/127.0.0.1:8084] onStateChange(GET{uri=/attractionRewardPoint?attractionId=f472d2fb-9fa0-4542-abde-056413058b9b&userId=c6fe09ac-9aec-444e-bc17-375014e9cb7f, connection=PooledConnection{channel=[id: 0x98316c91, L:/127.0.0.1:50759 - R:localhost/127.0.0.1:8084]}}, [response_received])
10:13:41.136 [reactor-http-nio-4] DEBUG org.springframework.web.reactive.function.client.ExchangeFunctions - [242d2c36] Response 200 OK
10:13:41.137 [reactor-http-nio-4] DEBUG reactor.netty.channel.FluxReceive - [id: 0x98316c91, L:/127.0.0.1:50759 - R:localhost/127.0.0.1:8084] Subscribing inbound receiver [pending: 0, cancelled:false, inboundDone: false]
10:13:41.137 [pool-9-thread-1] DEBUG org.springframework.web.reactive.function.client.ExchangeFunctions - [6ce5182c] HTTP GET http://localhost:8083/userLocation?userId=b5335eb4-d98f-4937-bb76-01f5b1f0b7a2
10:13:41.138 [reactor-http-nio-4] DEBUG reactor.netty.http.client.HttpClientOperations - [id: 0x98316c91, L:/127.0.0.1:50759 - R:localhost/127.0.0.1:8084] Received last HTTP packet
10:13:41.138 [reactor-http-nio-4] DEBUG org.springframework.core.codec.StringDecoder - [242d2c36] Decoded "920"
10:13:41.138 [reactor-http-nio-4] DEBUG reactor.netty.resources.PooledConnectionProvider - [id: 0x98316c91, L:/127.0.0.1:50759 - R:localhost/127.0.0.1:8084] onStateChange(GET{uri=/attractionRewardPoint?attractionId=f472d2fb-9fa0-4542-abde-056413058b9b&userId=c6fe09ac-9aec-444e-bc17-375014e9cb7f, connection=PooledConnection{channel=[id: 0x98316c91, L:/127.0.0.1:50759 - R:localhost/127.0.0.1:8084]}}, [disconnecting])
10:13:41.138 [reactor-http-nio-4] DEBUG reactor.netty.resources.PooledConnectionProvider - [id: 0x98316c91, L:/127.0.0.1:50759 - R:localhost/127.0.0.1:8084] Releasing channel
10:13:41.138 [reactor-http-nio-3] DEBUG reactor.netty.resources.PooledConnectionProvider - [id: 0x3f9a41fc, L:/127.0.0.1:50649 - R:localhost/127.0.0.1:8083] Channel acquired, now 1 active connections and 90 inactive connections
10:13:41.138 [reactor-http-nio-4] DEBUG reactor.netty.resources.PooledConnectionProvider - [id: 0x98316c91, L:/127.0.0.1:50759 - R:localhost/127.0.0.1:8084] Channel cleaned, now 59 active connections and 35 inactive connections
10:13:41.138 [reactor-http-nio-3] DEBUG reactor.netty.http.client.HttpClientConnect - [id: 0x3f9a41fc, L:/127.0.0.1:50649 - R:localhost/127.0.0.1:8083] Handler is being applied: {uri=http://localhost:8083/userLocation?userId=b5335eb4-d98f-4937-bb76-01f5b1f0b7a2, method=GET}
10:13:41.139 [reactor-http-nio-3] DEBUG reactor.netty.resources.PooledConnectionProvider - [id: 0x3f9a41fc, L:/127.0.0.1:50649 - R:localhost/127.0.0.1:8083] onStateChange(GET{uri=/userLocation?userId=b5335eb4-d98f-4937-bb76-01f5b1f0b7a2, connection=PooledConnection{channel=[id: 0x3f9a41fc, L:/127.0.0.1:50649 - R:localhost/127.0.0.1:8083]}}, [request_sent])
10:13:41.153 [reactor-http-nio-4] DEBUG reactor.netty.http.client.HttpClientOperations - [id: 0xb26d22bd, L:/127.0.0.1:50775 - R:localhost/127.0.0.1:8084] Received response (auto-read:false) : [Content-Type=application/json, Transfer-Encoding=chunked, Date=Tue, 07 Jun 2022 09:13:40 GMT]
10:13:41.153 [reactor-http-nio-4] DEBUG reactor.netty.resources.PooledConnectionProvider - [id: 0xb26d22bd, L:/127.0.0.1:50775 - R:localhost/127.0.0.1:8084] onStateChange(GET{uri=/attractionRewardPoint?attractionId=f41b257a-d125-483b-98df-d205b187ada7&userId=8651dab1-ba25-4f33-bb80-23af3c96bcde, connection=PooledConnection{channel=[id: 0xb26d22bd, L:/127.0.0.1:50775 - R:localhost/127.0.0.1:8084]}}, [response_received])
10:13:41.153 [reactor-http-nio-4] DEBUG org.springframework.web.reactive.function.client.ExchangeFunctions - [340e6964] Response 200 OK
10:13:41.153 [reactor-http-nio-2] DEBUG reactor.netty.http.client.HttpClientOperations - [id: 0x92ae0da6, L:/127.0.0.1:50783 - R:localhost/127.0.0.1:8084] Received response (auto-read:false) : [Content-Type=application/json, Transfer-Encoding=chunked, Date=Tue, 07 Jun 2022 09:13:40 GMT]
10:13:41.153 [reactor-http-nio-2] DEBUG reactor.netty.resources.PooledConnectionProvider - [id: 0x92ae0da6, L:/127.0.0.1:50783 - R:localhost/127.0.0.1:8084] onStateChange(GET{uri=/attractionRewardPoint?attractionId=da71ed73-2a38-4ac7-a8b9-05386de14880&userId=b379db45-c560-49a7-87ba-0c33f29f2a18, connection=PooledConnection{channel=[id: 0x92ae0da6, L:/127.0.0.1:50783 - R:localhost/127.0.0.1:8084]}}, [response_received])
10:13:41.153 [reactor-http-nio-2] DEBUG org.springframework.web.reactive.function.client.ExchangeFunctions - [32e6c248] Response 200 OK
10:13:41.154 [reactor-http-nio-4] DEBUG reactor.netty.channel.FluxReceive - [id: 0xb26d22bd, L:/127.0.0.1:50775 - R:localhost/127.0.0.1:8084] Subscribing inbound receiver [pending: 0, cancelled:false, inboundDone: false]
10:13:41.154 [reactor-http-nio-2] DEBUG reactor.netty.channel.FluxReceive - [id: 0x92ae0da6, L:/127.0.0.1:50783 - R:localhost/127.0.0.1:8084] Subscribing inbound receiver [pending: 0, cancelled:false, inboundDone: false]
10:13:41.154 [reactor-http-nio-2] DEBUG reactor.netty.http.client.HttpClientOperations - [id: 0x92ae0da6, L:/127.0.0.1:50783 - R:localhost/127.0.0.1:8084] Received last HTTP packet
10:13:41.154 [reactor-http-nio-2] DEBUG org.springframework.core.codec.StringDecoder - [32e6c248] Decoded "168"
10:13:41.154 [reactor-http-nio-2] DEBUG reactor.netty.resources.PooledConnectionProvider - [id: 0x92ae0da6, L:/127.0.0.1:50783 - R:localhost/127.0.0.1:8084] onStateChange(GET{uri=/attractionRewardPoint?attractionId=da71ed73-2a38-4ac7-a8b9-05386de14880&userId=b379db45-c560-49a7-87ba-0c33f29f2a18, connection=PooledConnection{channel=[id: 0x92ae0da6, L:/127.0.0.1:50783 - R:localhost/127.0.0.1:8084]}}, [disconnecting])
10:13:41.154 [reactor-http-nio-2] DEBUG reactor.netty.resources.PooledConnectionProvider - [id: 0x92ae0da6, L:/127.0.0.1:50783 - R:localhost/127.0.0.1:8084] Releasing channel
10:13:41.154 [reactor-http-nio-2] DEBUG reactor.netty.resources.PooledConnectionProvider - [id: 0x92ae0da6, L:/127.0.0.1:50783 - R:localhost/127.0.0.1:8084] Channel cleaned, now 58 active connections and 36 inactive connections
10:13:41.155 [reactor-http-nio-4] DEBUG reactor.netty.http.client.HttpClientOperations - [id: 0xb26d22bd, L:/127.0.0.1:50775 - R:localhost/127.0.0.1:8084] Received last HTTP packet
10:13:41.155 [reactor-http-nio-4] DEBUG org.springframework.core.codec.StringDecoder - [340e6964] Decoded "521"
10:13:41.155 [reactor-http-nio-4] DEBUG reactor.netty.resources.PooledConnectionProvider - [id: 0xb26d22bd, L:/127.0.0.1:50775 - R:localhost/127.0.0.1:8084] onStateChange(GET{uri=/attractionRewardPoint?attractionId=f41b257a-d125-483b-98df-d205b187ada7&userId=8651dab1-ba25-4f33-bb80-23af3c96bcde, connection=PooledConnection{channel=[id: 0xb26d22bd, L:/127.0.0.1:50775 - R:localhost/127.0.0.1:8084]}}, [disconnecting])
10:13:41.155 [reactor-http-nio-4] DEBUG reactor.netty.resources.PooledConnectionProvider - [id: 0xb26d22bd, L:/127.0.0.1:50775 - R:localhost/127.0.0.1:8084] Releasing channel
10:13:41.155 [reactor-http-nio-4] DEBUG reactor.netty.resources.PooledConnectionProvider - [id: 0xb26d22bd, L:/127.0.0.1:50775 - R:localhost/127.0.0.1:8084] Channel cleaned, now 57 active connections and 37 inactive connections
10:13:41.167 [reactor-http-nio-2] DEBUG reactor.netty.http.client.HttpClientOperations - [id: 0xe8186bf9, L:/127.0.0.1:50790 - R:localhost/127.0.0.1:8084] Received response (auto-read:false) : [Content-Type=application/json, Transfer-Encoding=chunked, Date=Tue, 07 Jun 2022 09:13:40 GMT]
10:13:41.167 [reactor-http-nio-2] DEBUG reactor.netty.resources.PooledConnectionProvider - [id: 0xe8186bf9, L:/127.0.0.1:50790 - R:localhost/127.0.0.1:8084] onStateChange(GET{uri=/attractionRewardPoint?attractionId=c3ac492c-597e-4ea5-9bfa-35e6a0acb214&userId=73009aa3-a56b-4b36-9e10-9ffc4e24a280, connection=PooledConnection{channel=[id: 0xe8186bf9, L:/127.0.0.1:50790 - R:localhost/127.0.0.1:8084]}}, [response_received])
10:13:41.167 [reactor-http-nio-2] DEBUG org.springframework.web.reactive.function.client.ExchangeFunctions - [137816a1] Response 200 OK
10:13:41.167 [reactor-http-nio-2] DEBUG reactor.netty.channel.FluxReceive - [id: 0xe8186bf9, L:/127.0.0.1:50790 - R:localhost/127.0.0.1:8084] Subscribing inbound receiver [pending: 0, cancelled:false, inboundDone: false]
10:13:41.168 [reactor-http-nio-2] DEBUG reactor.netty.http.client.HttpClientOperations - [id: 0xe8186bf9, L:/127.0.0.1:50790 - R:localhost/127.0.0.1:8084] Received last HTTP packet
10:13:41.169 [reactor-http-nio-2] DEBUG org.springframework.core.codec.StringDecoder - [137816a1] Decoded "727"
10:13:41.169 [reactor-http-nio-2] DEBUG reactor.netty.resources.PooledConnectionProvider - [id: 0xe8186bf9, L:/127.0.0.1:50790 - R:localhost/127.0.0.1:8084] onStateChange(GET{uri=/attractionRewardPoint?attractionId=c3ac492c-597e-4ea5-9bfa-35e6a0acb214&userId=73009aa3-a56b-4b36-9e10-9ffc4e24a280, connection=PooledConnection{channel=[id: 0xe8186bf9, L:/127.0.0.1:50790 - R:localhost/127.0.0.1:8084]}}, [disconnecting])
10:13:41.169 [reactor-http-nio-2] DEBUG reactor.netty.resources.PooledConnectionProvider - [id: 0xe8186bf9, L:/127.0.0.1:50790 - R:localhost/127.0.0.1:8084] Releasing channel
10:13:41.169 [reactor-http-nio-2] DEBUG reactor.netty.resources.PooledConnectionProvider - [id: 0xe8186bf9, L:/127.0.0.1:50790 - R:localhost/127.0.0.1:8084] Channel cleaned, now 56 active connections and 38 inactive connections
10:13:41.171 [reactor-http-nio-4] DEBUG reactor.netty.http.client.HttpClientOperations - [id: 0x90a4e7db, L:/127.0.0.1:50777 - R:localhost/127.0.0.1:8084] Received response (auto-read:false) : [Content-Type=application/json, Transfer-Encoding=chunked, Date=Tue, 07 Jun 2022 09:13:40 GMT]
10:13:41.171 [reactor-http-nio-4] DEBUG reactor.netty.resources.PooledConnectionProvider - [id: 0x90a4e7db, L:/127.0.0.1:50777 - R:localhost/127.0.0.1:8084] onStateChange(GET{uri=/attractionRewardPoint?attractionId=b8d02ffe-8884-43ee-947e-afbc64cc4126&userId=ab917132-c45b-4fe3-82e8-b31db03a2c81, connection=PooledConnection{channel=[id: 0x90a4e7db, L:/127.0.0.1:50777 - R:localhost/127.0.0.1:8084]}}, [response_received])
10:13:41.171 [reactor-http-nio-4] DEBUG org.springframework.web.reactive.function.client.ExchangeFunctions - [76d450d4] Response 200 OK
10:13:41.171 [reactor-http-nio-4] DEBUG reactor.netty.channel.FluxReceive - [id: 0x90a4e7db, L:/127.0.0.1:50777 - R:localhost/127.0.0.1:8084] Subscribing inbound receiver [pending: 0, cancelled:false, inboundDone: false]
10:13:41.171 [reactor-http-nio-4] DEBUG reactor.netty.http.client.HttpClientOperations - [id: 0x90a4e7db, L:/127.0.0.1:50777 - R:localhost/127.0.0.1:8084] Received last HTTP packet
10:13:41.172 [reactor-http-nio-4] DEBUG org.springframework.core.codec.StringDecoder - [76d450d4] Decoded "602"
10:13:41.172 [reactor-http-nio-4] DEBUG reactor.netty.resources.PooledConnectionProvider - [id: 0x90a4e7db, L:/127.0.0.1:50777 - R:localhost/127.0.0.1:8084] onStateChange(GET{uri=/attractionRewardPoint?attractionId=b8d02ffe-8884-43ee-947e-afbc64cc4126&userId=ab917132-c45b-4fe3-82e8-b31db03a2c81, connection=PooledConnection{channel=[id: 0x90a4e7db, L:/127.0.0.1:50777 - R:localhost/127.0.0.1:8084]}}, [disconnecting])
10:13:41.172 [reactor-http-nio-4] DEBUG reactor.netty.resources.PooledConnectionProvider - [id: 0x90a4e7db, L:/127.0.0.1:50777 - R:localhost/127.0.0.1:8084] Releasing channel
10:13:41.172 [reactor-http-nio-4] DEBUG reactor.netty.resources.PooledConnectionProvider - [id: 0x90a4e7db, L:/127.0.0.1:50777 - R:localhost/127.0.0.1:8084] Channel cleaned, now 55 active connections and 39 inactive connections
10:13:41.175 [reactor-http-nio-4] DEBUG reactor.netty.http.client.HttpClientOperations - [id: 0xaf0062a0, L:/127.0.0.1:50754 - R:localhost/127.0.0.1:8084] Received response (auto-read:false) : [Content-Type=application/json, Transfer-Encoding=chunked, Date=Tue, 07 Jun 2022 09:13:40 GMT]
10:13:41.176 [reactor-http-nio-4] DEBUG reactor.netty.resources.PooledConnectionProvider - [id: 0xaf0062a0, L:/127.0.0.1:50754 - R:localhost/127.0.0.1:8084] onStateChange(GET{uri=/attractionRewardPoint?attractionId=5aa8e30a-89ac-405e-8ba3-f3489f4e6efb&userId=76309d6e-ba2a-4ee8-a912-745eca9de9e0, connection=PooledConnection{channel=[id: 0xaf0062a0, L:/127.0.0.1:50754 - R:localhost/127.0.0.1:8084]}}, [response_received])
10:13:41.176 [reactor-http-nio-4] DEBUG org.springframework.web.reactive.function.client.ExchangeFunctions - [6f8750c4] Response 200 OK
10:13:41.176 [reactor-http-nio-4] DEBUG reactor.netty.channel.FluxReceive - [id: 0xaf0062a0, L:/127.0.0.1:50754 - R:localhost/127.0.0.1:8084] Subscribing inbound receiver [pending: 0, cancelled:false, inboundDone: false]
10:13:41.176 [reactor-http-nio-4] DEBUG reactor.netty.http.client.HttpClientOperations - [id: 0xaf0062a0, L:/127.0.0.1:50754 - R:localhost/127.0.0.1:8084] Received last HTTP packet
10:13:41.177 [reactor-http-nio-4] DEBUG org.springframework.core.codec.StringDecoder - [6f8750c4] Decoded "153"
10:13:41.177 [reactor-http-nio-4] DEBUG reactor.netty.resources.PooledConnectionProvider - [id: 0xaf0062a0, L:/127.0.0.1:50754 - R:localhost/127.0.0.1:8084] onStateChange(GET{uri=/attractionRewardPoint?attractionId=5aa8e30a-89ac-405e-8ba3-f3489f4e6efb&userId=76309d6e-ba2a-4ee8-a912-745eca9de9e0, connection=PooledConnection{channel=[id: 0xaf0062a0, L:/127.0.0.1:50754 - R:localhost/127.0.0.1:8084]}}, [disconnecting])
10:13:41.177 [reactor-http-nio-4] DEBUG reactor.netty.resources.PooledConnectionProvider - [id: 0xaf0062a0, L:/127.0.0.1:50754 - R:localhost/127.0.0.1:8084] Releasing channel
10:13:41.177 [reactor-http-nio-4] DEBUG reactor.netty.resources.PooledConnectionProvider - [id: 0xaf0062a0, L:/127.0.0.1:50754 - R:localhost/127.0.0.1:8084] Channel cleaned, now 54 active connections and 40 inactive connections
10:13:41.192 [reactor-http-nio-2] DEBUG reactor.netty.http.client.HttpClientOperations - [id: 0x383c9309, L:/127.0.0.1:50720 - R:localhost/127.0.0.1:8084] Received response (auto-read:false) : [Content-Type=application/json, Transfer-Encoding=chunked, Date=Tue, 07 Jun 2022 09:13:40 GMT]
10:13:41.192 [reactor-http-nio-2] DEBUG reactor.netty.resources.PooledConnectionProvider - [id: 0x383c9309, L:/127.0.0.1:50720 - R:localhost/127.0.0.1:8084] onStateChange(GET{uri=/attractionRewardPoint?attractionId=5c9e3abc-587b-4662-b4aa-0f16e2612f17&userId=c523b245-2ed3-4cfb-88ec-967469a8244a, connection=PooledConnection{channel=[id: 0x383c9309, L:/127.0.0.1:50720 - R:localhost/127.0.0.1:8084]}}, [response_received])
10:13:41.192 [reactor-http-nio-2] DEBUG org.springframework.web.reactive.function.client.ExchangeFunctions - [b0e496a] Response 200 OK
10:13:41.192 [reactor-http-nio-2] DEBUG reactor.netty.channel.FluxReceive - [id: 0x383c9309, L:/127.0.0.1:50720 - R:localhost/127.0.0.1:8084] Subscribing inbound receiver [pending: 0, cancelled:false, inboundDone: false]
10:13:41.193 [reactor-http-nio-2] DEBUG reactor.netty.http.client.HttpClientOperations - [id: 0x383c9309, L:/127.0.0.1:50720 - R:localhost/127.0.0.1:8084] Received last HTTP packet
10:13:41.193 [reactor-http-nio-2] DEBUG org.springframework.core.codec.StringDecoder - [b0e496a] Decoded "590"
10:13:41.193 [reactor-http-nio-2] DEBUG reactor.netty.resources.PooledConnectionProvider - [id: 0x383c9309, L:/127.0.0.1:50720 - R:localhost/127.0.0.1:8084] onStateChange(GET{uri=/attractionRewardPoint?attractionId=5c9e3abc-587b-4662-b4aa-0f16e2612f17&userId=c523b245-2ed3-4cfb-88ec-967469a8244a, connection=PooledConnection{channel=[id: 0x383c9309, L:/127.0.0.1:50720 - R:localhost/127.0.0.1:8084]}}, [disconnecting])
10:13:41.193 [reactor-http-nio-2] DEBUG reactor.netty.resources.PooledConnectionProvider - [id: 0x383c9309, L:/127.0.0.1:50720 - R:localhost/127.0.0.1:8084] Releasing channel
10:13:41.193 [reactor-http-nio-2] DEBUG reactor.netty.resources.PooledConnectionProvider - [id: 0x383c9309, L:/127.0.0.1:50720 - R:localhost/127.0.0.1:8084] Channel cleaned, now 53 active connections and 41 inactive connections
10:13:41.194 [reactor-http-nio-3] DEBUG reactor.netty.http.client.HttpClientOperations - [id: 0x3f9a41fc, L:/127.0.0.1:50649 - R:localhost/127.0.0.1:8083] Received response (auto-read:false) : [Content-Type=application/json, Transfer-Encoding=chunked, Date=Tue, 07 Jun 2022 09:13:40 GMT]
10:13:41.194 [reactor-http-nio-3] DEBUG reactor.netty.resources.PooledConnectionProvider - [id: 0x3f9a41fc, L:/127.0.0.1:50649 - R:localhost/127.0.0.1:8083] onStateChange(GET{uri=/userLocation?userId=b5335eb4-d98f-4937-bb76-01f5b1f0b7a2, connection=PooledConnection{channel=[id: 0x3f9a41fc, L:/127.0.0.1:50649 - R:localhost/127.0.0.1:8083]}}, [response_received])
10:13:41.194 [reactor-http-nio-3] DEBUG org.springframework.web.reactive.function.client.ExchangeFunctions - [6ce5182c] Response 200 OK
10:13:41.195 [reactor-http-nio-3] DEBUG reactor.netty.channel.FluxReceive - [id: 0x3f9a41fc, L:/127.0.0.1:50649 - R:localhost/127.0.0.1:8083] Subscribing inbound receiver [pending: 0, cancelled:false, inboundDone: false]
10:13:41.195 [reactor-http-nio-3] DEBUG reactor.netty.http.client.HttpClientOperations - [id: 0x3f9a41fc, L:/127.0.0.1:50649 - R:localhost/127.0.0.1:8083] Received last HTTP packet
10:13:41.195 [reactor-http-nio-3] DEBUG org.springframework.core.codec.StringDecoder - [6ce5182c] Decoded "{"userId":"b5335eb4-d98f-4937-bb76-01f5b1f0b7a2","location":{"longitude":33.65817,"latitude":31.145 (truncated)...
10:13:41.195 [reactor-http-nio-3] DEBUG reactor.netty.resources.PooledConnectionProvider - [id: 0x3f9a41fc, L:/127.0.0.1:50649 - R:localhost/127.0.0.1:8083] onStateChange(GET{uri=/userLocation?userId=b5335eb4-d98f-4937-bb76-01f5b1f0b7a2, connection=PooledConnection{channel=[id: 0x3f9a41fc, L:/127.0.0.1:50649 - R:localhost/127.0.0.1:8083]}}, [disconnecting])
10:13:41.195 [reactor-http-nio-3] DEBUG reactor.netty.resources.PooledConnectionProvider - [id: 0x3f9a41fc, L:/127.0.0.1:50649 - R:localhost/127.0.0.1:8083] Releasing channel
10:13:41.195 [reactor-http-nio-3] DEBUG reactor.netty.resources.PooledConnectionProvider - [id: 0x3f9a41fc, L:/127.0.0.1:50649 - R:localhost/127.0.0.1:8083] Channel cleaned, now 0 active connections and 91 inactive connections
10:13:41.196 [pool-9-thread-1] DEBUG org.springframework.web.reactive.function.client.ExchangeFunctions - [582a84fa] HTTP GET http://localhost:8083/attractions
10:13:41.197 [reactor-http-nio-4] DEBUG reactor.netty.resources.PooledConnectionProvider - [id: 0xd35da22f, L:/127.0.0.1:50673 - R:localhost/127.0.0.1:8083] Channel acquired, now 1 active connections and 90 inactive connections
10:13:41.197 [reactor-http-nio-4] DEBUG reactor.netty.http.client.HttpClientConnect - [id: 0xd35da22f, L:/127.0.0.1:50673 - R:localhost/127.0.0.1:8083] Handler is being applied: {uri=http://localhost:8083/attractions, method=GET}
10:13:41.198 [reactor-http-nio-4] DEBUG reactor.netty.resources.PooledConnectionProvider - [id: 0xd35da22f, L:/127.0.0.1:50673 - R:localhost/127.0.0.1:8083] onStateChange(GET{uri=/attractions, connection=PooledConnection{channel=[id: 0xd35da22f, L:/127.0.0.1:50673 - R:localhost/127.0.0.1:8083]}}, [request_sent])
10:13:41.210 [reactor-http-nio-4] DEBUG reactor.netty.http.client.HttpClientOperations - [id: 0xd35da22f, L:/127.0.0.1:50673 - R:localhost/127.0.0.1:8083] Received response (auto-read:false) : [Content-Type=application/json, Transfer-Encoding=chunked, Date=Tue, 07 Jun 2022 09:13:40 GMT]
10:13:41.210 [reactor-http-nio-4] DEBUG reactor.netty.resources.PooledConnectionProvider - [id: 0xd35da22f, L:/127.0.0.1:50673 - R:localhost/127.0.0.1:8083] onStateChange(GET{uri=/attractions, connection=PooledConnection{channel=[id: 0xd35da22f, L:/127.0.0.1:50673 - R:localhost/127.0.0.1:8083]}}, [response_received])
10:13:41.211 [reactor-http-nio-4] DEBUG org.springframework.web.reactive.function.client.ExchangeFunctions - [582a84fa] Response 200 OK
10:13:41.211 [reactor-http-nio-4] DEBUG reactor.netty.channel.FluxReceive - [id: 0xd35da22f, L:/127.0.0.1:50673 - R:localhost/127.0.0.1:8083] Subscribing inbound receiver [pending: 0, cancelled:false, inboundDone: false]
10:13:41.211 [reactor-http-nio-4] DEBUG reactor.netty.http.client.HttpClientOperations - [id: 0xd35da22f, L:/127.0.0.1:50673 - R:localhost/127.0.0.1:8083] Received last HTTP packet
10:13:41.211 [reactor-http-nio-4] DEBUG org.springframework.core.codec.StringDecoder - [582a84fa] Decoded "[{"longitude":-117.922008,"latitude":33.817595,"attractionName":"Disneyland","city":"Anaheim","stat (truncated)...
10:13:41.211 [reactor-http-nio-4] DEBUG reactor.netty.resources.PooledConnectionProvider - [id: 0xd35da22f, L:/127.0.0.1:50673 - R:localhost/127.0.0.1:8083] onStateChange(GET{uri=/attractions, connection=PooledConnection{channel=[id: 0xd35da22f, L:/127.0.0.1:50673 - R:localhost/127.0.0.1:8083]}}, [disconnecting])
10:13:41.211 [reactor-http-nio-4] DEBUG reactor.netty.resources.PooledConnectionProvider - [id: 0xd35da22f, L:/127.0.0.1:50673 - R:localhost/127.0.0.1:8083] Releasing channel
10:13:41.211 [reactor-http-nio-4] DEBUG reactor.netty.resources.PooledConnectionProvider - [id: 0xd35da22f, L:/127.0.0.1:50673 - R:localhost/127.0.0.1:8083] Channel cleaned, now 0 active connections and 91 inactive connections
10:13:41.212 [pool-9-thread-1] DEBUG org.springframework.web.reactive.function.client.ExchangeFunctions - [5705b282] HTTP GET http://localhost:8083/userLocation?userId=5a57e190-bdc2-4fba-993c-aa3bbcb4ba0b
10:13:41.213 [reactor-http-nio-3] DEBUG reactor.netty.resources.PooledConnectionProvider - [id: 0x3ebd4108, L:/127.0.0.1:50652 - R:localhost/127.0.0.1:8083] Channel acquired, now 1 active connections and 90 inactive connections
10:13:41.213 [reactor-http-nio-3] DEBUG reactor.netty.http.client.HttpClientConnect - [id: 0x3ebd4108, L:/127.0.0.1:50652 - R:localhost/127.0.0.1:8083] Handler is being applied: {uri=http://localhost:8083/userLocation?userId=5a57e190-bdc2-4fba-993c-aa3bbcb4ba0b, method=GET}
10:13:41.213 [reactor-http-nio-3] DEBUG reactor.netty.resources.PooledConnectionProvider - [id: 0x3ebd4108, L:/127.0.0.1:50652 - R:localhost/127.0.0.1:8083] onStateChange(GET{uri=/userLocation?userId=5a57e190-bdc2-4fba-993c-aa3bbcb4ba0b, connection=PooledConnection{channel=[id: 0x3ebd4108, L:/127.0.0.1:50652 - R:localhost/127.0.0.1:8083]}}, [request_sent])
10:13:41.222 [reactor-http-nio-3] DEBUG reactor.netty.http.client.HttpClientOperations - [id: 0xde4a226d, L:/127.0.0.1:50762 - R:localhost/127.0.0.1:8084] Received response (auto-read:false) : [Content-Type=application/json, Transfer-Encoding=chunked, Date=Tue, 07 Jun 2022 09:13:40 GMT]
10:13:41.223 [reactor-http-nio-3] DEBUG reactor.netty.resources.PooledConnectionProvider - [id: 0xde4a226d, L:/127.0.0.1:50762 - R:localhost/127.0.0.1:8084] onStateChange(GET{uri=/attractionRewardPoint?attractionId=8fcf9d24-24fa-422e-9f89-03a5bec50366&userId=e198e169-3f9d-41e9-b642-ca43ae1b3e66, connection=PooledConnection{channel=[id: 0xde4a226d, L:/127.0.0.1:50762 - R:localhost/127.0.0.1:8084]}}, [response_received])
10:13:41.223 [reactor-http-nio-3] DEBUG org.springframework.web.reactive.function.client.ExchangeFunctions - [62a752ed] Response 200 OK
10:13:41.223 [reactor-http-nio-3] DEBUG reactor.netty.channel.FluxReceive - [id: 0xde4a226d, L:/127.0.0.1:50762 - R:localhost/127.0.0.1:8084] Subscribing inbound receiver [pending: 0, cancelled:false, inboundDone: false]
10:13:41.223 [reactor-http-nio-3] DEBUG reactor.netty.http.client.HttpClientOperations - [id: 0xde4a226d, L:/127.0.0.1:50762 - R:localhost/127.0.0.1:8084] Received last HTTP packet
10:13:41.223 [reactor-http-nio-3] DEBUG org.springframework.core.codec.StringDecoder - [62a752ed] Decoded "209"
10:13:41.223 [reactor-http-nio-3] DEBUG reactor.netty.resources.PooledConnectionProvider - [id: 0xde4a226d, L:/127.0.0.1:50762 - R:localhost/127.0.0.1:8084] onStateChange(GET{uri=/attractionRewardPoint?attractionId=8fcf9d24-24fa-422e-9f89-03a5bec50366&userId=e198e169-3f9d-41e9-b642-ca43ae1b3e66, connection=PooledConnection{channel=[id: 0xde4a226d, L:/127.0.0.1:50762 - R:localhost/127.0.0.1:8084]}}, [disconnecting])
10:13:41.223 [reactor-http-nio-3] DEBUG reactor.netty.resources.PooledConnectionProvider - [id: 0xde4a226d, L:/127.0.0.1:50762 - R:localhost/127.0.0.1:8084] Releasing channel
10:13:41.223 [reactor-http-nio-3] DEBUG reactor.netty.resources.PooledConnectionProvider - [id: 0xde4a226d, L:/127.0.0.1:50762 - R:localhost/127.0.0.1:8084] Channel cleaned, now 52 active connections and 42 inactive connections
10:13:41.247 [reactor-http-nio-4] DEBUG reactor.netty.http.client.HttpClientOperations - [id: 0x9da3c0e2, L:/127.0.0.1:50727 - R:localhost/127.0.0.1:8084] Received response (auto-read:false) : [Content-Type=application/json, Transfer-Encoding=chunked, Date=Tue, 07 Jun 2022 09:13:40 GMT]
10:13:41.247 [reactor-http-nio-4] DEBUG reactor.netty.resources.PooledConnectionProvider - [id: 0x9da3c0e2, L:/127.0.0.1:50727 - R:localhost/127.0.0.1:8084] onStateChange(GET{uri=/attractionRewardPoint?attractionId=b746179e-e275-4af9-b76e-40126bcda393&userId=173afebe-8df2-4071-b758-f2d00030e29a, connection=PooledConnection{channel=[id: 0x9da3c0e2, L:/127.0.0.1:50727 - R:localhost/127.0.0.1:8084]}}, [response_received])
10:13:41.248 [reactor-http-nio-4] DEBUG org.springframework.web.reactive.function.client.ExchangeFunctions - [427f6323] Response 200 OK
10:13:41.248 [reactor-http-nio-4] DEBUG reactor.netty.channel.FluxReceive - [id: 0x9da3c0e2, L:/127.0.0.1:50727 - R:localhost/127.0.0.1:8084] Subscribing inbound receiver [pending: 0, cancelled:false, inboundDone: false]
10:13:41.248 [reactor-http-nio-4] DEBUG reactor.netty.http.client.HttpClientOperations - [id: 0x9da3c0e2, L:/127.0.0.1:50727 - R:localhost/127.0.0.1:8084] Received last HTTP packet
10:13:41.248 [reactor-http-nio-4] DEBUG org.springframework.core.codec.StringDecoder - [427f6323] Decoded "183"
10:13:41.248 [reactor-http-nio-4] DEBUG reactor.netty.resources.PooledConnectionProvider - [id: 0x9da3c0e2, L:/127.0.0.1:50727 - R:localhost/127.0.0.1:8084] onStateChange(GET{uri=/attractionRewardPoint?attractionId=b746179e-e275-4af9-b76e-40126bcda393&userId=173afebe-8df2-4071-b758-f2d00030e29a, connection=PooledConnection{channel=[id: 0x9da3c0e2, L:/127.0.0.1:50727 - R:localhost/127.0.0.1:8084]}}, [disconnecting])
10:13:41.248 [reactor-http-nio-4] DEBUG reactor.netty.resources.PooledConnectionProvider - [id: 0x9da3c0e2, L:/127.0.0.1:50727 - R:localhost/127.0.0.1:8084] Releasing channel
10:13:41.249 [reactor-http-nio-4] DEBUG reactor.netty.resources.PooledConnectionProvider - [id: 0x9da3c0e2, L:/127.0.0.1:50727 - R:localhost/127.0.0.1:8084] Channel cleaned, now 51 active connections and 43 inactive connections
10:13:41.251 [reactor-http-nio-2] DEBUG reactor.netty.http.client.HttpClientOperations - [id: 0x2222e878, L:/127.0.0.1:50751 - R:localhost/127.0.0.1:8084] Received response (auto-read:false) : [Content-Type=application/json, Transfer-Encoding=chunked, Date=Tue, 07 Jun 2022 09:13:40 GMT]
10:13:41.252 [reactor-http-nio-2] DEBUG reactor.netty.resources.PooledConnectionProvider - [id: 0x2222e878, L:/127.0.0.1:50751 - R:localhost/127.0.0.1:8084] onStateChange(GET{uri=/attractionRewardPoint?attractionId=59bdd39e-643c-4718-928d-39f6bfbc70db&userId=4a96be0f-4316-4f65-854c-cae190c3afb9, connection=PooledConnection{channel=[id: 0x2222e878, L:/127.0.0.1:50751 - R:localhost/127.0.0.1:8084]}}, [response_received])
10:13:41.252 [reactor-http-nio-2] DEBUG org.springframework.web.reactive.function.client.ExchangeFunctions - [57ec27e5] Response 200 OK
10:13:41.252 [reactor-http-nio-2] DEBUG reactor.netty.channel.FluxReceive - [id: 0x2222e878, L:/127.0.0.1:50751 - R:localhost/127.0.0.1:8084] Subscribing inbound receiver [pending: 0, cancelled:false, inboundDone: false]
10:13:41.252 [reactor-http-nio-2] DEBUG reactor.netty.http.client.HttpClientOperations - [id: 0x2222e878, L:/127.0.0.1:50751 - R:localhost/127.0.0.1:8084] Received last HTTP packet
10:13:41.252 [reactor-http-nio-2] DEBUG org.springframework.core.codec.StringDecoder - [57ec27e5] Decoded "203"
10:13:41.252 [reactor-http-nio-2] DEBUG reactor.netty.resources.PooledConnectionProvider - [id: 0x2222e878, L:/127.0.0.1:50751 - R:localhost/127.0.0.1:8084] onStateChange(GET{uri=/attractionRewardPoint?attractionId=59bdd39e-643c-4718-928d-39f6bfbc70db&userId=4a96be0f-4316-4f65-854c-cae190c3afb9, connection=PooledConnection{channel=[id: 0x2222e878, L:/127.0.0.1:50751 - R:localhost/127.0.0.1:8084]}}, [disconnecting])
10:13:41.252 [reactor-http-nio-2] DEBUG reactor.netty.resources.PooledConnectionProvider - [id: 0x2222e878, L:/127.0.0.1:50751 - R:localhost/127.0.0.1:8084] Releasing channel
10:13:41.253 [reactor-http-nio-2] DEBUG reactor.netty.resources.PooledConnectionProvider - [id: 0x2222e878, L:/127.0.0.1:50751 - R:localhost/127.0.0.1:8084] Channel cleaned, now 50 active connections and 44 inactive connections
10:13:41.257 [reactor-http-nio-3] DEBUG reactor.netty.http.client.HttpClientOperations - [id: 0x9a3a7abf, L:/127.0.0.1:50778 - R:localhost/127.0.0.1:8084] Received response (auto-read:false) : [Content-Type=application/json, Transfer-Encoding=chunked, Date=Tue, 07 Jun 2022 09:13:41 GMT]
10:13:41.257 [reactor-http-nio-3] DEBUG reactor.netty.resources.PooledConnectionProvider - [id: 0x9a3a7abf, L:/127.0.0.1:50778 - R:localhost/127.0.0.1:8084] onStateChange(GET{uri=/attractionRewardPoint?attractionId=e60aad2a-bb6c-43f7-a2ae-7c01a5c4a5a5&userId=f9b664db-ddb4-4cb3-9c2f-21dcdc3814f0, connection=PooledConnection{channel=[id: 0x9a3a7abf, L:/127.0.0.1:50778 - R:localhost/127.0.0.1:8084]}}, [response_received])
10:13:41.257 [reactor-http-nio-3] DEBUG org.springframework.web.reactive.function.client.ExchangeFunctions - [119af76d] Response 200 OK
10:13:41.257 [reactor-http-nio-3] DEBUG reactor.netty.channel.FluxReceive - [id: 0x9a3a7abf, L:/127.0.0.1:50778 - R:localhost/127.0.0.1:8084] Subscribing inbound receiver [pending: 0, cancelled:false, inboundDone: false]
10:13:41.258 [reactor-http-nio-3] DEBUG reactor.netty.http.client.HttpClientOperations - [id: 0x9a3a7abf, L:/127.0.0.1:50778 - R:localhost/127.0.0.1:8084] Received last HTTP packet
10:13:41.258 [reactor-http-nio-3] DEBUG org.springframework.core.codec.StringDecoder - [119af76d] Decoded "939"
10:13:41.258 [reactor-http-nio-3] DEBUG reactor.netty.resources.PooledConnectionProvider - [id: 0x9a3a7abf, L:/127.0.0.1:50778 - R:localhost/127.0.0.1:8084] onStateChange(GET{uri=/attractionRewardPoint?attractionId=e60aad2a-bb6c-43f7-a2ae-7c01a5c4a5a5&userId=f9b664db-ddb4-4cb3-9c2f-21dcdc3814f0, connection=PooledConnection{channel=[id: 0x9a3a7abf, L:/127.0.0.1:50778 - R:localhost/127.0.0.1:8084]}}, [disconnecting])
10:13:41.258 [reactor-http-nio-3] DEBUG reactor.netty.resources.PooledConnectionProvider - [id: 0x9a3a7abf, L:/127.0.0.1:50778 - R:localhost/127.0.0.1:8084] Releasing channel
10:13:41.258 [reactor-http-nio-3] DEBUG reactor.netty.resources.PooledConnectionProvider - [id: 0x9a3a7abf, L:/127.0.0.1:50778 - R:localhost/127.0.0.1:8084] Channel cleaned, now 49 active connections and 45 inactive connections
10:13:41.260 [reactor-http-nio-1] DEBUG reactor.netty.http.client.HttpClientOperations - [id: 0xa93b08ed, L:/127.0.0.1:50764 - R:localhost/127.0.0.1:8084] Received response (auto-read:false) : [Content-Type=application/json, Transfer-Encoding=chunked, Date=Tue, 07 Jun 2022 09:13:41 GMT]
10:13:41.260 [reactor-http-nio-1] DEBUG reactor.netty.resources.PooledConnectionProvider - [id: 0xa93b08ed, L:/127.0.0.1:50764 - R:localhost/127.0.0.1:8084] onStateChange(GET{uri=/attractionRewardPoint?attractionId=d1e83fa2-2339-44da-80e4-a5a89272f5a7&userId=40f506ec-ed53-40a4-ad8a-523578eb41ce, connection=PooledConnection{channel=[id: 0xa93b08ed, L:/127.0.0.1:50764 - R:localhost/127.0.0.1:8084]}}, [response_received])
10:13:41.260 [reactor-http-nio-1] DEBUG org.springframework.web.reactive.function.client.ExchangeFunctions - [18c7fef1] Response 200 OK
10:13:41.260 [reactor-http-nio-1] DEBUG reactor.netty.channel.FluxReceive - [id: 0xa93b08ed, L:/127.0.0.1:50764 - R:localhost/127.0.0.1:8084] Subscribing inbound receiver [pending: 0, cancelled:false, inboundDone: false]
10:13:41.261 [reactor-http-nio-1] DEBUG reactor.netty.http.client.HttpClientOperations - [id: 0xa93b08ed, L:/127.0.0.1:50764 - R:localhost/127.0.0.1:8084] Received last HTTP packet
10:13:41.261 [reactor-http-nio-1] DEBUG org.springframework.core.codec.StringDecoder - [18c7fef1] Decoded "108"
10:13:41.261 [reactor-http-nio-1] DEBUG reactor.netty.resources.PooledConnectionProvider - [id: 0xa93b08ed, L:/127.0.0.1:50764 - R:localhost/127.0.0.1:8084] onStateChange(GET{uri=/attractionRewardPoint?attractionId=d1e83fa2-2339-44da-80e4-a5a89272f5a7&userId=40f506ec-ed53-40a4-ad8a-523578eb41ce, connection=PooledConnection{channel=[id: 0xa93b08ed, L:/127.0.0.1:50764 - R:localhost/127.0.0.1:8084]}}, [disconnecting])
10:13:41.261 [reactor-http-nio-1] DEBUG reactor.netty.resources.PooledConnectionProvider - [id: 0xa93b08ed, L:/127.0.0.1:50764 - R:localhost/127.0.0.1:8084] Releasing channel
10:13:41.261 [reactor-http-nio-1] DEBUG reactor.netty.resources.PooledConnectionProvider - [id: 0xa93b08ed, L:/127.0.0.1:50764 - R:localhost/127.0.0.1:8084] Channel cleaned, now 48 active connections and 46 inactive connections
10:13:41.262 [reactor-http-nio-2] DEBUG reactor.netty.http.client.HttpClientOperations - [id: 0x7dc65269, L:/127.0.0.1:50748 - R:localhost/127.0.0.1:8084] Received response (auto-read:false) : [Content-Type=application/json, Transfer-Encoding=chunked, Date=Tue, 07 Jun 2022 09:13:41 GMT]
10:13:41.263 [reactor-http-nio-2] DEBUG reactor.netty.resources.PooledConnectionProvider - [id: 0x7dc65269, L:/127.0.0.1:50748 - R:localhost/127.0.0.1:8084] onStateChange(GET{uri=/attractionRewardPoint?attractionId=1768a052-9946-44c6-beeb-f16b1ec136f4&userId=d5f0bc61-ad91-4176-82f8-5b7ac4b0e257, connection=PooledConnection{channel=[id: 0x7dc65269, L:/127.0.0.1:50748 - R:localhost/127.0.0.1:8084]}}, [response_received])
10:13:41.263 [reactor-http-nio-2] DEBUG org.springframework.web.reactive.function.client.ExchangeFunctions - [466a30c1] Response 200 OK
10:13:41.263 [reactor-http-nio-2] DEBUG reactor.netty.channel.FluxReceive - [id: 0x7dc65269, L:/127.0.0.1:50748 - R:localhost/127.0.0.1:8084] Subscribing inbound receiver [pending: 0, cancelled:false, inboundDone: false]
10:13:41.263 [reactor-http-nio-2] DEBUG reactor.netty.http.client.HttpClientOperations - [id: 0x7dc65269, L:/127.0.0.1:50748 - R:localhost/127.0.0.1:8084] Received last HTTP packet
10:13:41.264 [reactor-http-nio-2] DEBUG org.springframework.core.codec.StringDecoder - [466a30c1] Decoded "591"
10:13:41.264 [reactor-http-nio-2] DEBUG reactor.netty.resources.PooledConnectionProvider - [id: 0x7dc65269, L:/127.0.0.1:50748 - R:localhost/127.0.0.1:8084] onStateChange(GET{uri=/attractionRewardPoint?attractionId=1768a052-9946-44c6-beeb-f16b1ec136f4&userId=d5f0bc61-ad91-4176-82f8-5b7ac4b0e257, connection=PooledConnection{channel=[id: 0x7dc65269, L:/127.0.0.1:50748 - R:localhost/127.0.0.1:8084]}}, [disconnecting])
10:13:41.264 [reactor-http-nio-2] DEBUG reactor.netty.resources.PooledConnectionProvider - [id: 0x7dc65269, L:/127.0.0.1:50748 - R:localhost/127.0.0.1:8084] Releasing channel
10:13:41.264 [reactor-http-nio-2] DEBUG reactor.netty.resources.PooledConnectionProvider - [id: 0x7dc65269, L:/127.0.0.1:50748 - R:localhost/127.0.0.1:8084] Channel cleaned, now 47 active connections and 47 inactive connections
10:13:41.284 [reactor-http-nio-3] DEBUG reactor.netty.http.client.HttpClientOperations - [id: 0x3ebd4108, L:/127.0.0.1:50652 - R:localhost/127.0.0.1:8083] Received response (auto-read:false) : [Content-Type=application/json, Transfer-Encoding=chunked, Date=Tue, 07 Jun 2022 09:13:40 GMT]
10:13:41.284 [reactor-http-nio-3] DEBUG reactor.netty.resources.PooledConnectionProvider - [id: 0x3ebd4108, L:/127.0.0.1:50652 - R:localhost/127.0.0.1:8083] onStateChange(GET{uri=/userLocation?userId=5a57e190-bdc2-4fba-993c-aa3bbcb4ba0b, connection=PooledConnection{channel=[id: 0x3ebd4108, L:/127.0.0.1:50652 - R:localhost/127.0.0.1:8083]}}, [response_received])
10:13:41.284 [reactor-http-nio-3] DEBUG org.springframework.web.reactive.function.client.ExchangeFunctions - [5705b282] Response 200 OK
10:13:41.284 [reactor-http-nio-3] DEBUG reactor.netty.channel.FluxReceive - [id: 0x3ebd4108, L:/127.0.0.1:50652 - R:localhost/127.0.0.1:8083] Subscribing inbound receiver [pending: 0, cancelled:false, inboundDone: false]
10:13:41.285 [reactor-http-nio-3] DEBUG reactor.netty.http.client.HttpClientOperations - [id: 0x3ebd4108, L:/127.0.0.1:50652 - R:localhost/127.0.0.1:8083] Received last HTTP packet
10:13:41.285 [reactor-http-nio-3] DEBUG org.springframework.core.codec.StringDecoder - [5705b282] Decoded "{"userId":"5a57e190-bdc2-4fba-993c-aa3bbcb4ba0b","location":{"longitude":21.321689,"latitude":-84.6 (truncated)...
10:13:41.285 [reactor-http-nio-3] DEBUG reactor.netty.resources.PooledConnectionProvider - [id: 0x3ebd4108, L:/127.0.0.1:50652 - R:localhost/127.0.0.1:8083] onStateChange(GET{uri=/userLocation?userId=5a57e190-bdc2-4fba-993c-aa3bbcb4ba0b, connection=PooledConnection{channel=[id: 0x3ebd4108, L:/127.0.0.1:50652 - R:localhost/127.0.0.1:8083]}}, [disconnecting])
10:13:41.285 [reactor-http-nio-3] DEBUG reactor.netty.resources.PooledConnectionProvider - [id: 0x3ebd4108, L:/127.0.0.1:50652 - R:localhost/127.0.0.1:8083] Releasing channel
10:13:41.285 [reactor-http-nio-3] DEBUG reactor.netty.resources.PooledConnectionProvider - [id: 0x3ebd4108, L:/127.0.0.1:50652 - R:localhost/127.0.0.1:8083] Channel cleaned, now 0 active connections and 91 inactive connections
10:13:41.286 [pool-9-thread-1] DEBUG org.springframework.web.reactive.function.client.ExchangeFunctions - [7a9caa64] HTTP GET http://localhost:8083/attractions
10:13:41.286 [reactor-http-nio-4] DEBUG reactor.netty.resources.PooledConnectionProvider - [id: 0x0e8dc7e0, L:/127.0.0.1:50627 - R:localhost/127.0.0.1:8083] Channel acquired, now 1 active connections and 90 inactive connections
10:13:41.286 [reactor-http-nio-4] DEBUG reactor.netty.http.client.HttpClientConnect - [id: 0x0e8dc7e0, L:/127.0.0.1:50627 - R:localhost/127.0.0.1:8083] Handler is being applied: {uri=http://localhost:8083/attractions, method=GET}
10:13:41.287 [reactor-http-nio-4] DEBUG reactor.netty.resources.PooledConnectionProvider - [id: 0x0e8dc7e0, L:/127.0.0.1:50627 - R:localhost/127.0.0.1:8083] onStateChange(GET{uri=/attractions, connection=PooledConnection{channel=[id: 0x0e8dc7e0, L:/127.0.0.1:50627 - R:localhost/127.0.0.1:8083]}}, [request_sent])
10:13:41.299 [reactor-http-nio-4] DEBUG reactor.netty.http.client.HttpClientOperations - [id: 0x0e8dc7e0, L:/127.0.0.1:50627 - R:localhost/127.0.0.1:8083] Received response (auto-read:false) : [Content-Type=application/json, Transfer-Encoding=chunked, Date=Tue, 07 Jun 2022 09:13:40 GMT]
10:13:41.299 [reactor-http-nio-4] DEBUG reactor.netty.resources.PooledConnectionProvider - [id: 0x0e8dc7e0, L:/127.0.0.1:50627 - R:localhost/127.0.0.1:8083] onStateChange(GET{uri=/attractions, connection=PooledConnection{channel=[id: 0x0e8dc7e0, L:/127.0.0.1:50627 - R:localhost/127.0.0.1:8083]}}, [response_received])
10:13:41.300 [reactor-http-nio-4] DEBUG org.springframework.web.reactive.function.client.ExchangeFunctions - [7a9caa64] Response 200 OK
10:13:41.300 [reactor-http-nio-4] DEBUG reactor.netty.channel.FluxReceive - [id: 0x0e8dc7e0, L:/127.0.0.1:50627 - R:localhost/127.0.0.1:8083] Subscribing inbound receiver [pending: 0, cancelled:false, inboundDone: false]
10:13:41.300 [reactor-http-nio-4] DEBUG reactor.netty.http.client.HttpClientOperations - [id: 0x0e8dc7e0, L:/127.0.0.1:50627 - R:localhost/127.0.0.1:8083] Received last HTTP packet
10:13:41.301 [reactor-http-nio-4] DEBUG org.springframework.core.codec.StringDecoder - [7a9caa64] Decoded "[{"longitude":-117.922008,"latitude":33.817595,"attractionName":"Disneyland","city":"Anaheim","stat (truncated)...
10:13:41.301 [reactor-http-nio-4] DEBUG reactor.netty.resources.PooledConnectionProvider - [id: 0x0e8dc7e0, L:/127.0.0.1:50627 - R:localhost/127.0.0.1:8083] onStateChange(GET{uri=/attractions, connection=PooledConnection{channel=[id: 0x0e8dc7e0, L:/127.0.0.1:50627 - R:localhost/127.0.0.1:8083]}}, [disconnecting])
10:13:41.301 [reactor-http-nio-4] DEBUG reactor.netty.resources.PooledConnectionProvider - [id: 0x0e8dc7e0, L:/127.0.0.1:50627 - R:localhost/127.0.0.1:8083] Releasing channel
10:13:41.301 [reactor-http-nio-4] DEBUG reactor.netty.resources.PooledConnectionProvider - [id: 0x0e8dc7e0, L:/127.0.0.1:50627 - R:localhost/127.0.0.1:8083] Channel cleaned, now 0 active connections and 91 inactive connections
10:13:41.305 [pool-9-thread-1] DEBUG org.springframework.web.reactive.function.client.ExchangeFunctions - [3efcf963] HTTP GET http://localhost:8083/userLocation?userId=458e247b-d0f3-461b-be74-3959fd7f8d42
10:13:41.306 [reactor-http-nio-4] DEBUG reactor.netty.resources.PooledConnectionProvider - [id: 0xd848025a, L:/127.0.0.1:50682 - R:localhost/127.0.0.1:8083] Channel acquired, now 1 active connections and 90 inactive connections
10:13:41.306 [reactor-http-nio-4] DEBUG reactor.netty.http.client.HttpClientConnect - [id: 0xd848025a, L:/127.0.0.1:50682 - R:localhost/127.0.0.1:8083] Handler is being applied: {uri=http://localhost:8083/userLocation?userId=458e247b-d0f3-461b-be74-3959fd7f8d42, method=GET}
10:13:41.307 [reactor-http-nio-4] DEBUG reactor.netty.resources.PooledConnectionProvider - [id: 0xd848025a, L:/127.0.0.1:50682 - R:localhost/127.0.0.1:8083] onStateChange(GET{uri=/userLocation?userId=458e247b-d0f3-461b-be74-3959fd7f8d42, connection=PooledConnection{channel=[id: 0xd848025a, L:/127.0.0.1:50682 - R:localhost/127.0.0.1:8083]}}, [request_sent])
10:13:41.332 [reactor-http-nio-4] DEBUG reactor.netty.http.client.HttpClientOperations - [id: 0x2f9e1089, L:/127.0.0.1:50755 - R:localhost/127.0.0.1:8084] Received response (auto-read:false) : [Content-Type=application/json, Transfer-Encoding=chunked, Date=Tue, 07 Jun 2022 09:13:41 GMT]
10:13:41.333 [reactor-http-nio-4] DEBUG reactor.netty.resources.PooledConnectionProvider - [id: 0x2f9e1089, L:/127.0.0.1:50755 - R:localhost/127.0.0.1:8084] onStateChange(GET{uri=/attractionRewardPoint?attractionId=61d7b39f-93f4-4f82-9f62-d7a86e899aec&userId=3259481b-b05f-4503-b766-4ac299883d06, connection=PooledConnection{channel=[id: 0x2f9e1089, L:/127.0.0.1:50755 - R:localhost/127.0.0.1:8084]}}, [response_received])
10:13:41.333 [reactor-http-nio-4] DEBUG org.springframework.web.reactive.function.client.ExchangeFunctions - [e59c5b9] Response 200 OK
10:13:41.333 [reactor-http-nio-4] DEBUG reactor.netty.channel.FluxReceive - [id: 0x2f9e1089, L:/127.0.0.1:50755 - R:localhost/127.0.0.1:8084] Subscribing inbound receiver [pending: 0, cancelled:false, inboundDone: false]
10:13:41.333 [reactor-http-nio-4] DEBUG reactor.netty.http.client.HttpClientOperations - [id: 0x2f9e1089, L:/127.0.0.1:50755 - R:localhost/127.0.0.1:8084] Received last HTTP packet
10:13:41.333 [reactor-http-nio-4] DEBUG org.springframework.core.codec.StringDecoder - [e59c5b9] Decoded "496"
10:13:41.333 [reactor-http-nio-4] DEBUG reactor.netty.resources.PooledConnectionProvider - [id: 0x2f9e1089, L:/127.0.0.1:50755 - R:localhost/127.0.0.1:8084] onStateChange(GET{uri=/attractionRewardPoint?attractionId=61d7b39f-93f4-4f82-9f62-d7a86e899aec&userId=3259481b-b05f-4503-b766-4ac299883d06, connection=PooledConnection{channel=[id: 0x2f9e1089, L:/127.0.0.1:50755 - R:localhost/127.0.0.1:8084]}}, [disconnecting])
10:13:41.334 [reactor-http-nio-4] DEBUG reactor.netty.resources.PooledConnectionProvider - [id: 0x2f9e1089, L:/127.0.0.1:50755 - R:localhost/127.0.0.1:8084] Releasing channel
10:13:41.334 [reactor-http-nio-4] DEBUG reactor.netty.resources.PooledConnectionProvider - [id: 0x2f9e1089, L:/127.0.0.1:50755 - R:localhost/127.0.0.1:8084] Channel cleaned, now 46 active connections and 48 inactive connections
10:13:41.338 [reactor-http-nio-4] DEBUG reactor.netty.http.client.HttpClientOperations - [id: 0x408f064e, L:/127.0.0.1:50768 - R:localhost/127.0.0.1:8084] Received response (auto-read:false) : [Content-Type=application/json, Transfer-Encoding=chunked, Date=Tue, 07 Jun 2022 09:13:41 GMT]
10:13:41.338 [reactor-http-nio-4] DEBUG reactor.netty.resources.PooledConnectionProvider - [id: 0x408f064e, L:/127.0.0.1:50768 - R:localhost/127.0.0.1:8084] onStateChange(GET{uri=/attractionRewardPoint?attractionId=e84cbfb8-f62c-465f-91b0-15a3a32e4008&userId=8ccaf1b4-1117-430b-8f7c-7116f58e0c02, connection=PooledConnection{channel=[id: 0x408f064e, L:/127.0.0.1:50768 - R:localhost/127.0.0.1:8084]}}, [response_received])
10:13:41.338 [reactor-http-nio-4] DEBUG org.springframework.web.reactive.function.client.ExchangeFunctions - [2f81527e] Response 200 OK
10:13:41.338 [reactor-http-nio-4] DEBUG reactor.netty.channel.FluxReceive - [id: 0x408f064e, L:/127.0.0.1:50768 - R:localhost/127.0.0.1:8084] Subscribing inbound receiver [pending: 0, cancelled:false, inboundDone: false]
10:13:41.338 [reactor-http-nio-4] DEBUG reactor.netty.http.client.HttpClientOperations - [id: 0x408f064e, L:/127.0.0.1:50768 - R:localhost/127.0.0.1:8084] Received last HTTP packet
10:13:41.339 [reactor-http-nio-4] DEBUG org.springframework.core.codec.StringDecoder - [2f81527e] Decoded "760"
10:13:41.339 [reactor-http-nio-4] DEBUG reactor.netty.resources.PooledConnectionProvider - [id: 0x408f064e, L:/127.0.0.1:50768 - R:localhost/127.0.0.1:8084] onStateChange(GET{uri=/attractionRewardPoint?attractionId=e84cbfb8-f62c-465f-91b0-15a3a32e4008&userId=8ccaf1b4-1117-430b-8f7c-7116f58e0c02, connection=PooledConnection{channel=[id: 0x408f064e, L:/127.0.0.1:50768 - R:localhost/127.0.0.1:8084]}}, [disconnecting])
10:13:41.339 [reactor-http-nio-4] DEBUG reactor.netty.resources.PooledConnectionProvider - [id: 0x408f064e, L:/127.0.0.1:50768 - R:localhost/127.0.0.1:8084] Releasing channel
10:13:41.339 [reactor-http-nio-4] DEBUG reactor.netty.resources.PooledConnectionProvider - [id: 0x408f064e, L:/127.0.0.1:50768 - R:localhost/127.0.0.1:8084] Channel cleaned, now 45 active connections and 49 inactive connections
10:13:41.339 [reactor-http-nio-4] DEBUG reactor.netty.http.client.HttpClientOperations - [id: 0x0a0728b4, L:/127.0.0.1:50714 - R:localhost/127.0.0.1:8084] Received response (auto-read:false) : [Content-Type=application/json, Transfer-Encoding=chunked, Date=Tue, 07 Jun 2022 09:13:41 GMT]
10:13:41.339 [reactor-http-nio-4] DEBUG reactor.netty.resources.PooledConnectionProvider - [id: 0x0a0728b4, L:/127.0.0.1:50714 - R:localhost/127.0.0.1:8084] onStateChange(GET{uri=/attractionRewardPoint?attractionId=cd16e42d-18c2-4481-abba-adf235283e74&userId=0ff86ed4-9aec-4779-a236-2e2d114a9895, connection=PooledConnection{channel=[id: 0x0a0728b4, L:/127.0.0.1:50714 - R:localhost/127.0.0.1:8084]}}, [response_received])
10:13:41.339 [reactor-http-nio-4] DEBUG org.springframework.web.reactive.function.client.ExchangeFunctions - [7955e3b0] Response 200 OK
10:13:41.339 [reactor-http-nio-4] DEBUG reactor.netty.channel.FluxReceive - [id: 0x0a0728b4, L:/127.0.0.1:50714 - R:localhost/127.0.0.1:8084] Subscribing inbound receiver [pending: 0, cancelled:false, inboundDone: false]
10:13:41.340 [reactor-http-nio-4] DEBUG reactor.netty.http.client.HttpClientOperations - [id: 0x0a0728b4, L:/127.0.0.1:50714 - R:localhost/127.0.0.1:8084] Received last HTTP packet
10:13:41.340 [reactor-http-nio-4] DEBUG org.springframework.core.codec.StringDecoder - [7955e3b0] Decoded "774"
10:13:41.340 [reactor-http-nio-4] DEBUG reactor.netty.resources.PooledConnectionProvider - [id: 0x0a0728b4, L:/127.0.0.1:50714 - R:localhost/127.0.0.1:8084] onStateChange(GET{uri=/attractionRewardPoint?attractionId=cd16e42d-18c2-4481-abba-adf235283e74&userId=0ff86ed4-9aec-4779-a236-2e2d114a9895, connection=PooledConnection{channel=[id: 0x0a0728b4, L:/127.0.0.1:50714 - R:localhost/127.0.0.1:8084]}}, [disconnecting])
10:13:41.340 [reactor-http-nio-4] DEBUG reactor.netty.resources.PooledConnectionProvider - [id: 0x0a0728b4, L:/127.0.0.1:50714 - R:localhost/127.0.0.1:8084] Releasing channel
10:13:41.340 [reactor-http-nio-4] DEBUG reactor.netty.resources.PooledConnectionProvider - [id: 0x0a0728b4, L:/127.0.0.1:50714 - R:localhost/127.0.0.1:8084] Channel cleaned, now 44 active connections and 50 inactive connections
10:13:41.346 [reactor-http-nio-3] DEBUG reactor.netty.http.client.HttpClientOperations - [id: 0x48b467a1, L:/127.0.0.1:50703 - R:localhost/127.0.0.1:8084] Received response (auto-read:false) : [Content-Type=application/json, Transfer-Encoding=chunked, Date=Tue, 07 Jun 2022 09:13:41 GMT]
10:13:41.347 [reactor-http-nio-3] DEBUG reactor.netty.resources.PooledConnectionProvider - [id: 0x48b467a1, L:/127.0.0.1:50703 - R:localhost/127.0.0.1:8084] onStateChange(GET{uri=/attractionRewardPoint?attractionId=6e3de2e5-10f7-40d7-b10a-b54275fe75a9&userId=e31fa619-7fac-4d99-91f3-2073742ca318, connection=PooledConnection{channel=[id: 0x48b467a1, L:/127.0.0.1:50703 - R:localhost/127.0.0.1:8084]}}, [response_received])
10:13:41.347 [reactor-http-nio-3] DEBUG org.springframework.web.reactive.function.client.ExchangeFunctions - [6fdff48c] Response 200 OK
10:13:41.347 [reactor-http-nio-3] DEBUG reactor.netty.channel.FluxReceive - [id: 0x48b467a1, L:/127.0.0.1:50703 - R:localhost/127.0.0.1:8084] Subscribing inbound receiver [pending: 0, cancelled:false, inboundDone: false]
10:13:41.347 [reactor-http-nio-3] DEBUG reactor.netty.http.client.HttpClientOperations - [id: 0x48b467a1, L:/127.0.0.1:50703 - R:localhost/127.0.0.1:8084] Received last HTTP packet
10:13:41.347 [reactor-http-nio-3] DEBUG org.springframework.core.codec.StringDecoder - [6fdff48c] Decoded "820"
10:13:41.347 [reactor-http-nio-3] DEBUG reactor.netty.resources.PooledConnectionProvider - [id: 0x48b467a1, L:/127.0.0.1:50703 - R:localhost/127.0.0.1:8084] onStateChange(GET{uri=/attractionRewardPoint?attractionId=6e3de2e5-10f7-40d7-b10a-b54275fe75a9&userId=e31fa619-7fac-4d99-91f3-2073742ca318, connection=PooledConnection{channel=[id: 0x48b467a1, L:/127.0.0.1:50703 - R:localhost/127.0.0.1:8084]}}, [disconnecting])
10:13:41.348 [reactor-http-nio-3] DEBUG reactor.netty.resources.PooledConnectionProvider - [id: 0x48b467a1, L:/127.0.0.1:50703 - R:localhost/127.0.0.1:8084] Releasing channel
10:13:41.348 [reactor-http-nio-3] DEBUG reactor.netty.resources.PooledConnectionProvider - [id: 0x48b467a1, L:/127.0.0.1:50703 - R:localhost/127.0.0.1:8084] Channel cleaned, now 43 active connections and 51 inactive connections
10:13:41.349 [reactor-http-nio-3] DEBUG reactor.netty.http.client.HttpClientOperations - [id: 0x7f6c80a6, L:/127.0.0.1:50712 - R:localhost/127.0.0.1:8084] Received response (auto-read:false) : [Content-Type=application/json, Transfer-Encoding=chunked, Date=Tue, 07 Jun 2022 09:13:41 GMT]
10:13:41.349 [reactor-http-nio-3] DEBUG reactor.netty.resources.PooledConnectionProvider - [id: 0x7f6c80a6, L:/127.0.0.1:50712 - R:localhost/127.0.0.1:8084] onStateChange(GET{uri=/attractionRewardPoint?attractionId=477fee71-8b48-4a6f-ad9f-03bd5f0aab5a&userId=23f49509-3618-4323-bf77-abb711fd01e5, connection=PooledConnection{channel=[id: 0x7f6c80a6, L:/127.0.0.1:50712 - R:localhost/127.0.0.1:8084]}}, [response_received])
10:13:41.350 [reactor-http-nio-3] DEBUG org.springframework.web.reactive.function.client.ExchangeFunctions - [9337b0e] Response 200 OK
10:13:41.350 [reactor-http-nio-3] DEBUG reactor.netty.channel.FluxReceive - [id: 0x7f6c80a6, L:/127.0.0.1:50712 - R:localhost/127.0.0.1:8084] Subscribing inbound receiver [pending: 0, cancelled:false, inboundDone: false]
10:13:41.351 [reactor-http-nio-3] DEBUG reactor.netty.http.client.HttpClientOperations - [id: 0x7f6c80a6, L:/127.0.0.1:50712 - R:localhost/127.0.0.1:8084] Received last HTTP packet
10:13:41.351 [reactor-http-nio-3] DEBUG org.springframework.core.codec.StringDecoder - [9337b0e] Decoded "776"
10:13:41.351 [reactor-http-nio-3] DEBUG reactor.netty.resources.PooledConnectionProvider - [id: 0x7f6c80a6, L:/127.0.0.1:50712 - R:localhost/127.0.0.1:8084] onStateChange(GET{uri=/attractionRewardPoint?attractionId=477fee71-8b48-4a6f-ad9f-03bd5f0aab5a&userId=23f49509-3618-4323-bf77-abb711fd01e5, connection=PooledConnection{channel=[id: 0x7f6c80a6, L:/127.0.0.1:50712 - R:localhost/127.0.0.1:8084]}}, [disconnecting])
10:13:41.351 [reactor-http-nio-3] DEBUG reactor.netty.resources.PooledConnectionProvider - [id: 0x7f6c80a6, L:/127.0.0.1:50712 - R:localhost/127.0.0.1:8084] Releasing channel
10:13:41.351 [reactor-http-nio-3] DEBUG reactor.netty.resources.PooledConnectionProvider - [id: 0x7f6c80a6, L:/127.0.0.1:50712 - R:localhost/127.0.0.1:8084] Channel cleaned, now 42 active connections and 52 inactive connections
10:13:41.361 [reactor-http-nio-1] DEBUG reactor.netty.http.client.HttpClientOperations - [id: 0xb2ba23ff, L:/127.0.0.1:50773 - R:localhost/127.0.0.1:8084] Received response (auto-read:false) : [Content-Type=application/json, Transfer-Encoding=chunked, Date=Tue, 07 Jun 2022 09:13:41 GMT]
10:13:41.361 [reactor-http-nio-1] DEBUG reactor.netty.resources.PooledConnectionProvider - [id: 0xb2ba23ff, L:/127.0.0.1:50773 - R:localhost/127.0.0.1:8084] onStateChange(GET{uri=/attractionRewardPoint?attractionId=4aa05616-87b0-419f-ac8b-54c7b5e643bb&userId=29a93660-f8d3-4284-b04b-c3a38b5343c7, connection=PooledConnection{channel=[id: 0xb2ba23ff, L:/127.0.0.1:50773 - R:localhost/127.0.0.1:8084]}}, [response_received])
10:13:41.362 [reactor-http-nio-1] DEBUG org.springframework.web.reactive.function.client.ExchangeFunctions - [238eab48] Response 200 OK
10:13:41.362 [reactor-http-nio-1] DEBUG reactor.netty.channel.FluxReceive - [id: 0xb2ba23ff, L:/127.0.0.1:50773 - R:localhost/127.0.0.1:8084] Subscribing inbound receiver [pending: 0, cancelled:false, inboundDone: false]
10:13:41.362 [reactor-http-nio-1] DEBUG reactor.netty.http.client.HttpClientOperations - [id: 0xb2ba23ff, L:/127.0.0.1:50773 - R:localhost/127.0.0.1:8084] Received last HTTP packet
10:13:41.363 [reactor-http-nio-1] DEBUG org.springframework.core.codec.StringDecoder - [238eab48] Decoded "602"
10:13:41.363 [reactor-http-nio-1] DEBUG reactor.netty.resources.PooledConnectionProvider - [id: 0xb2ba23ff, L:/127.0.0.1:50773 - R:localhost/127.0.0.1:8084] onStateChange(GET{uri=/attractionRewardPoint?attractionId=4aa05616-87b0-419f-ac8b-54c7b5e643bb&userId=29a93660-f8d3-4284-b04b-c3a38b5343c7, connection=PooledConnection{channel=[id: 0xb2ba23ff, L:/127.0.0.1:50773 - R:localhost/127.0.0.1:8084]}}, [disconnecting])
10:13:41.363 [reactor-http-nio-1] DEBUG reactor.netty.resources.PooledConnectionProvider - [id: 0xb2ba23ff, L:/127.0.0.1:50773 - R:localhost/127.0.0.1:8084] Releasing channel
10:13:41.363 [reactor-http-nio-1] DEBUG reactor.netty.resources.PooledConnectionProvider - [id: 0xb2ba23ff, L:/127.0.0.1:50773 - R:localhost/127.0.0.1:8084] Channel cleaned, now 41 active connections and 53 inactive connections
10:13:41.375 [reactor-http-nio-4] DEBUG reactor.netty.http.client.HttpClientOperations - [id: 0xef5527dd, L:/127.0.0.1:50770 - R:localhost/127.0.0.1:8084] Received response (auto-read:false) : [Content-Type=application/json, Transfer-Encoding=chunked, Date=Tue, 07 Jun 2022 09:13:41 GMT]
10:13:41.375 [reactor-http-nio-4] DEBUG reactor.netty.resources.PooledConnectionProvider - [id: 0xef5527dd, L:/127.0.0.1:50770 - R:localhost/127.0.0.1:8084] onStateChange(GET{uri=/attractionRewardPoint?attractionId=fdedc03e-8190-4dfc-a8f7-87b7d53b0a4b&userId=70cb0e49-d240-47f2-8841-9928694b2969, connection=PooledConnection{channel=[id: 0xef5527dd, L:/127.0.0.1:50770 - R:localhost/127.0.0.1:8084]}}, [response_received])
10:13:41.376 [reactor-http-nio-4] DEBUG org.springframework.web.reactive.function.client.ExchangeFunctions - [19fc5ffa] Response 200 OK
10:13:41.376 [reactor-http-nio-4] DEBUG reactor.netty.channel.FluxReceive - [id: 0xef5527dd, L:/127.0.0.1:50770 - R:localhost/127.0.0.1:8084] Subscribing inbound receiver [pending: 0, cancelled:false, inboundDone: false]
10:13:41.376 [reactor-http-nio-4] DEBUG reactor.netty.http.client.HttpClientOperations - [id: 0xef5527dd, L:/127.0.0.1:50770 - R:localhost/127.0.0.1:8084] Received last HTTP packet
10:13:41.377 [reactor-http-nio-4] DEBUG org.springframework.core.codec.StringDecoder - [19fc5ffa] Decoded "247"
10:13:41.377 [reactor-http-nio-4] DEBUG reactor.netty.resources.PooledConnectionProvider - [id: 0xef5527dd, L:/127.0.0.1:50770 - R:localhost/127.0.0.1:8084] onStateChange(GET{uri=/attractionRewardPoint?attractionId=fdedc03e-8190-4dfc-a8f7-87b7d53b0a4b&userId=70cb0e49-d240-47f2-8841-9928694b2969, connection=PooledConnection{channel=[id: 0xef5527dd, L:/127.0.0.1:50770 - R:localhost/127.0.0.1:8084]}}, [disconnecting])
10:13:41.377 [reactor-http-nio-4] DEBUG reactor.netty.resources.PooledConnectionProvider - [id: 0xef5527dd, L:/127.0.0.1:50770 - R:localhost/127.0.0.1:8084] Releasing channel
10:13:41.377 [reactor-http-nio-4] DEBUG reactor.netty.resources.PooledConnectionProvider - [id: 0xef5527dd, L:/127.0.0.1:50770 - R:localhost/127.0.0.1:8084] Channel cleaned, now 40 active connections and 54 inactive connections
10:13:41.399 [reactor-http-nio-2] DEBUG reactor.netty.http.client.HttpClientOperations - [id: 0x90f70157, L:/127.0.0.1:50752 - R:localhost/127.0.0.1:8084] Received response (auto-read:false) : [Content-Type=application/json, Transfer-Encoding=chunked, Date=Tue, 07 Jun 2022 09:13:41 GMT]
10:13:41.400 [reactor-http-nio-2] DEBUG reactor.netty.resources.PooledConnectionProvider - [id: 0x90f70157, L:/127.0.0.1:50752 - R:localhost/127.0.0.1:8084] onStateChange(GET{uri=/attractionRewardPoint?attractionId=d129dc74-9d9f-44f4-9ac6-ff1bc1987fc2&userId=fa185121-64d3-4696-b69d-d12fefbdd2e1, connection=PooledConnection{channel=[id: 0x90f70157, L:/127.0.0.1:50752 - R:localhost/127.0.0.1:8084]}}, [response_received])
10:13:41.400 [reactor-http-nio-2] DEBUG org.springframework.web.reactive.function.client.ExchangeFunctions - [38591363] Response 200 OK
10:13:41.400 [reactor-http-nio-2] DEBUG reactor.netty.channel.FluxReceive - [id: 0x90f70157, L:/127.0.0.1:50752 - R:localhost/127.0.0.1:8084] Subscribing inbound receiver [pending: 0, cancelled:false, inboundDone: false]
10:13:41.401 [reactor-http-nio-2] DEBUG reactor.netty.http.client.HttpClientOperations - [id: 0x90f70157, L:/127.0.0.1:50752 - R:localhost/127.0.0.1:8084] Received last HTTP packet
10:13:41.401 [reactor-http-nio-2] DEBUG org.springframework.core.codec.StringDecoder - [38591363] Decoded "830"
10:13:41.401 [reactor-http-nio-2] DEBUG reactor.netty.resources.PooledConnectionProvider - [id: 0x90f70157, L:/127.0.0.1:50752 - R:localhost/127.0.0.1:8084] onStateChange(GET{uri=/attractionRewardPoint?attractionId=d129dc74-9d9f-44f4-9ac6-ff1bc1987fc2&userId=fa185121-64d3-4696-b69d-d12fefbdd2e1, connection=PooledConnection{channel=[id: 0x90f70157, L:/127.0.0.1:50752 - R:localhost/127.0.0.1:8084]}}, [disconnecting])
10:13:41.401 [reactor-http-nio-2] DEBUG reactor.netty.resources.PooledConnectionProvider - [id: 0x90f70157, L:/127.0.0.1:50752 - R:localhost/127.0.0.1:8084] Releasing channel
10:13:41.401 [reactor-http-nio-2] DEBUG reactor.netty.resources.PooledConnectionProvider - [id: 0x90f70157, L:/127.0.0.1:50752 - R:localhost/127.0.0.1:8084] Channel cleaned, now 39 active connections and 55 inactive connections
10:13:41.406 [reactor-http-nio-4] DEBUG reactor.netty.http.client.HttpClientOperations - [id: 0xd848025a, L:/127.0.0.1:50682 - R:localhost/127.0.0.1:8083] Received response (auto-read:false) : [Content-Type=application/json, Transfer-Encoding=chunked, Date=Tue, 07 Jun 2022 09:13:40 GMT]
10:13:41.406 [reactor-http-nio-4] DEBUG reactor.netty.resources.PooledConnectionProvider - [id: 0xd848025a, L:/127.0.0.1:50682 - R:localhost/127.0.0.1:8083] onStateChange(GET{uri=/userLocation?userId=458e247b-d0f3-461b-be74-3959fd7f8d42, connection=PooledConnection{channel=[id: 0xd848025a, L:/127.0.0.1:50682 - R:localhost/127.0.0.1:8083]}}, [response_received])
10:13:41.406 [reactor-http-nio-4] DEBUG org.springframework.web.reactive.function.client.ExchangeFunctions - [3efcf963] Response 200 OK
10:13:41.406 [reactor-http-nio-4] DEBUG reactor.netty.channel.FluxReceive - [id: 0xd848025a, L:/127.0.0.1:50682 - R:localhost/127.0.0.1:8083] Subscribing inbound receiver [pending: 0, cancelled:false, inboundDone: false]
10:13:41.406 [reactor-http-nio-4] DEBUG reactor.netty.http.client.HttpClientOperations - [id: 0xd848025a, L:/127.0.0.1:50682 - R:localhost/127.0.0.1:8083] Received last HTTP packet
10:13:41.406 [reactor-http-nio-4] DEBUG org.springframework.core.codec.StringDecoder - [3efcf963] Decoded "{"userId":"458e247b-d0f3-461b-be74-3959fd7f8d42","location":{"longitude":34.605448,"latitude":47.88 (truncated)...
10:13:41.406 [reactor-http-nio-4] DEBUG reactor.netty.resources.PooledConnectionProvider - [id: 0xd848025a, L:/127.0.0.1:50682 - R:localhost/127.0.0.1:8083] onStateChange(GET{uri=/userLocation?userId=458e247b-d0f3-461b-be74-3959fd7f8d42, connection=PooledConnection{channel=[id: 0xd848025a, L:/127.0.0.1:50682 - R:localhost/127.0.0.1:8083]}}, [disconnecting])
10:13:41.406 [reactor-http-nio-4] DEBUG reactor.netty.resources.PooledConnectionProvider - [id: 0xd848025a, L:/127.0.0.1:50682 - R:localhost/127.0.0.1:8083] Releasing channel
10:13:41.407 [reactor-http-nio-4] DEBUG reactor.netty.resources.PooledConnectionProvider - [id: 0xd848025a, L:/127.0.0.1:50682 - R:localhost/127.0.0.1:8083] Channel cleaned, now 0 active connections and 91 inactive connections
10:13:41.408 [pool-9-thread-1] DEBUG org.springframework.web.reactive.function.client.ExchangeFunctions - [327da712] HTTP GET http://localhost:8083/attractions
10:13:41.409 [reactor-http-nio-3] DEBUG reactor.netty.resources.PooledConnectionProvider - [id: 0x16156b84, L:/127.0.0.1:50655 - R:localhost/127.0.0.1:8083] Channel acquired, now 1 active connections and 90 inactive connections
10:13:41.409 [reactor-http-nio-3] DEBUG reactor.netty.http.client.HttpClientConnect - [id: 0x16156b84, L:/127.0.0.1:50655 - R:localhost/127.0.0.1:8083] Handler is being applied: {uri=http://localhost:8083/attractions, method=GET}
10:13:41.410 [reactor-http-nio-3] DEBUG reactor.netty.resources.PooledConnectionProvider - [id: 0x16156b84, L:/127.0.0.1:50655 - R:localhost/127.0.0.1:8083] onStateChange(GET{uri=/attractions, connection=PooledConnection{channel=[id: 0x16156b84, L:/127.0.0.1:50655 - R:localhost/127.0.0.1:8083]}}, [request_sent])
10:13:41.416 [reactor-http-nio-4] DEBUG reactor.netty.http.client.HttpClientOperations - [id: 0x7a2f53c8, L:/127.0.0.1:50767 - R:localhost/127.0.0.1:8084] Received response (auto-read:false) : [Content-Type=application/json, Transfer-Encoding=chunked, Date=Tue, 07 Jun 2022 09:13:41 GMT]
10:13:41.416 [reactor-http-nio-4] DEBUG reactor.netty.resources.PooledConnectionProvider - [id: 0x7a2f53c8, L:/127.0.0.1:50767 - R:localhost/127.0.0.1:8084] onStateChange(GET{uri=/attractionRewardPoint?attractionId=54dc6705-31a5-4360-bcbc-bddfbed8f0e9&userId=215bdaf6-7efd-4f82-9cf7-59906bdb1f5b, connection=PooledConnection{channel=[id: 0x7a2f53c8, L:/127.0.0.1:50767 - R:localhost/127.0.0.1:8084]}}, [response_received])
10:13:41.416 [reactor-http-nio-4] DEBUG org.springframework.web.reactive.function.client.ExchangeFunctions - [2488f87e] Response 200 OK
10:13:41.416 [reactor-http-nio-4] DEBUG reactor.netty.channel.FluxReceive - [id: 0x7a2f53c8, L:/127.0.0.1:50767 - R:localhost/127.0.0.1:8084] Subscribing inbound receiver [pending: 0, cancelled:false, inboundDone: false]
10:13:41.416 [reactor-http-nio-2] DEBUG reactor.netty.http.client.HttpClientOperations - [id: 0x0d3b50f8, L:/127.0.0.1:50791 - R:localhost/127.0.0.1:8084] Received response (auto-read:false) : [Content-Type=application/json, Transfer-Encoding=chunked, Date=Tue, 07 Jun 2022 09:13:41 GMT]
10:13:41.416 [reactor-http-nio-2] DEBUG reactor.netty.resources.PooledConnectionProvider - [id: 0x0d3b50f8, L:/127.0.0.1:50791 - R:localhost/127.0.0.1:8084] onStateChange(GET{uri=/attractionRewardPoint?attractionId=96b73ad7-287f-4883-921a-acbafeaa6f13&userId=1228b7dc-c8e8-46d6-9184-51b9cd8b964e, connection=PooledConnection{channel=[id: 0x0d3b50f8, L:/127.0.0.1:50791 - R:localhost/127.0.0.1:8084]}}, [response_received])
10:13:41.416 [reactor-http-nio-2] DEBUG org.springframework.web.reactive.function.client.ExchangeFunctions - [593f8f15] Response 200 OK
10:13:41.417 [reactor-http-nio-2] DEBUG reactor.netty.channel.FluxReceive - [id: 0x0d3b50f8, L:/127.0.0.1:50791 - R:localhost/127.0.0.1:8084] Subscribing inbound receiver [pending: 0, cancelled:false, inboundDone: false]
10:13:41.418 [reactor-http-nio-2] DEBUG reactor.netty.http.client.HttpClientOperations - [id: 0x0d3b50f8, L:/127.0.0.1:50791 - R:localhost/127.0.0.1:8084] Received last HTTP packet
10:13:41.418 [reactor-http-nio-2] DEBUG org.springframework.core.codec.StringDecoder - [593f8f15] Decoded "924"
10:13:41.418 [reactor-http-nio-2] DEBUG reactor.netty.resources.PooledConnectionProvider - [id: 0x0d3b50f8, L:/127.0.0.1:50791 - R:localhost/127.0.0.1:8084] onStateChange(GET{uri=/attractionRewardPoint?attractionId=96b73ad7-287f-4883-921a-acbafeaa6f13&userId=1228b7dc-c8e8-46d6-9184-51b9cd8b964e, connection=PooledConnection{channel=[id: 0x0d3b50f8, L:/127.0.0.1:50791 - R:localhost/127.0.0.1:8084]}}, [disconnecting])
10:13:41.418 [reactor-http-nio-2] DEBUG reactor.netty.resources.PooledConnectionProvider - [id: 0x0d3b50f8, L:/127.0.0.1:50791 - R:localhost/127.0.0.1:8084] Releasing channel
10:13:41.418 [reactor-http-nio-2] DEBUG reactor.netty.resources.PooledConnectionProvider - [id: 0x0d3b50f8, L:/127.0.0.1:50791 - R:localhost/127.0.0.1:8084] Channel cleaned, now 38 active connections and 56 inactive connections
10:13:41.420 [reactor-http-nio-4] DEBUG reactor.netty.http.client.HttpClientOperations - [id: 0x7a2f53c8, L:/127.0.0.1:50767 - R:localhost/127.0.0.1:8084] Received last HTTP packet
10:13:41.420 [reactor-http-nio-4] DEBUG org.springframework.core.codec.StringDecoder - [2488f87e] Decoded "527"
10:13:41.420 [reactor-http-nio-4] DEBUG reactor.netty.resources.PooledConnectionProvider - [id: 0x7a2f53c8, L:/127.0.0.1:50767 - R:localhost/127.0.0.1:8084] onStateChange(GET{uri=/attractionRewardPoint?attractionId=54dc6705-31a5-4360-bcbc-bddfbed8f0e9&userId=215bdaf6-7efd-4f82-9cf7-59906bdb1f5b, connection=PooledConnection{channel=[id: 0x7a2f53c8, L:/127.0.0.1:50767 - R:localhost/127.0.0.1:8084]}}, [disconnecting])
10:13:41.420 [reactor-http-nio-4] DEBUG reactor.netty.resources.PooledConnectionProvider - [id: 0x7a2f53c8, L:/127.0.0.1:50767 - R:localhost/127.0.0.1:8084] Releasing channel
10:13:41.420 [reactor-http-nio-4] DEBUG reactor.netty.resources.PooledConnectionProvider - [id: 0x7a2f53c8, L:/127.0.0.1:50767 - R:localhost/127.0.0.1:8084] Channel cleaned, now 37 active connections and 57 inactive connections
10:13:41.423 [reactor-http-nio-3] DEBUG reactor.netty.http.client.HttpClientOperations - [id: 0x16156b84, L:/127.0.0.1:50655 - R:localhost/127.0.0.1:8083] Received response (auto-read:false) : [Content-Type=application/json, Transfer-Encoding=chunked, Date=Tue, 07 Jun 2022 09:13:40 GMT]
10:13:41.423 [reactor-http-nio-3] DEBUG reactor.netty.resources.PooledConnectionProvider - [id: 0x16156b84, L:/127.0.0.1:50655 - R:localhost/127.0.0.1:8083] onStateChange(GET{uri=/attractions, connection=PooledConnection{channel=[id: 0x16156b84, L:/127.0.0.1:50655 - R:localhost/127.0.0.1:8083]}}, [response_received])
10:13:41.423 [reactor-http-nio-3] DEBUG org.springframework.web.reactive.function.client.ExchangeFunctions - [327da712] Response 200 OK
10:13:41.423 [reactor-http-nio-3] DEBUG reactor.netty.channel.FluxReceive - [id: 0x16156b84, L:/127.0.0.1:50655 - R:localhost/127.0.0.1:8083] Subscribing inbound receiver [pending: 0, cancelled:false, inboundDone: false]
10:13:41.423 [reactor-http-nio-3] DEBUG reactor.netty.http.client.HttpClientOperations - [id: 0x16156b84, L:/127.0.0.1:50655 - R:localhost/127.0.0.1:8083] Received last HTTP packet
10:13:41.424 [reactor-http-nio-3] DEBUG org.springframework.core.codec.StringDecoder - [327da712] Decoded "[{"longitude":-117.922008,"latitude":33.817595,"attractionName":"Disneyland","city":"Anaheim","stat (truncated)...
10:13:41.424 [reactor-http-nio-3] DEBUG reactor.netty.resources.PooledConnectionProvider - [id: 0x16156b84, L:/127.0.0.1:50655 - R:localhost/127.0.0.1:8083] onStateChange(GET{uri=/attractions, connection=PooledConnection{channel=[id: 0x16156b84, L:/127.0.0.1:50655 - R:localhost/127.0.0.1:8083]}}, [disconnecting])
10:13:41.424 [reactor-http-nio-3] DEBUG reactor.netty.resources.PooledConnectionProvider - [id: 0x16156b84, L:/127.0.0.1:50655 - R:localhost/127.0.0.1:8083] Releasing channel
10:13:41.424 [reactor-http-nio-3] DEBUG reactor.netty.resources.PooledConnectionProvider - [id: 0x16156b84, L:/127.0.0.1:50655 - R:localhost/127.0.0.1:8083] Channel cleaned, now 0 active connections and 91 inactive connections
10:13:41.425 [pool-9-thread-1] DEBUG org.springframework.web.reactive.function.client.ExchangeFunctions - [4816827d] HTTP GET http://localhost:8083/userLocation?userId=09891c02-6489-465b-bc9c-b55b9f99bd98
10:13:41.427 [reactor-http-nio-4] DEBUG reactor.netty.resources.PooledConnectionProvider - [id: 0x269b11ab, L:/127.0.0.1:50672 - R:localhost/127.0.0.1:8083] Channel acquired, now 1 active connections and 90 inactive connections
10:13:41.427 [reactor-http-nio-4] DEBUG reactor.netty.http.client.HttpClientConnect - [id: 0x269b11ab, L:/127.0.0.1:50672 - R:localhost/127.0.0.1:8083] Handler is being applied: {uri=http://localhost:8083/userLocation?userId=09891c02-6489-465b-bc9c-b55b9f99bd98, method=GET}
10:13:41.427 [reactor-http-nio-4] DEBUG reactor.netty.resources.PooledConnectionProvider - [id: 0x269b11ab, L:/127.0.0.1:50672 - R:localhost/127.0.0.1:8083] onStateChange(GET{uri=/userLocation?userId=09891c02-6489-465b-bc9c-b55b9f99bd98, connection=PooledConnection{channel=[id: 0x269b11ab, L:/127.0.0.1:50672 - R:localhost/127.0.0.1:8083]}}, [request_sent])
10:13:41.429 [reactor-http-nio-4] DEBUG reactor.netty.http.client.HttpClientOperations - [id: 0x63c75a8a, L:/127.0.0.1:50753 - R:localhost/127.0.0.1:8084] Received response (auto-read:false) : [Content-Type=application/json, Transfer-Encoding=chunked, Date=Tue, 07 Jun 2022 09:13:41 GMT]
10:13:41.429 [reactor-http-nio-4] DEBUG reactor.netty.resources.PooledConnectionProvider - [id: 0x63c75a8a, L:/127.0.0.1:50753 - R:localhost/127.0.0.1:8084] onStateChange(GET{uri=/attractionRewardPoint?attractionId=9f4366cb-9a24-474b-9fc2-65c5b794db8d&userId=5e782c2c-4785-4413-8a6d-0d086452d61b, connection=PooledConnection{channel=[id: 0x63c75a8a, L:/127.0.0.1:50753 - R:localhost/127.0.0.1:8084]}}, [response_received])
10:13:41.429 [reactor-http-nio-4] DEBUG org.springframework.web.reactive.function.client.ExchangeFunctions - [91d242a] Response 200 OK
10:13:41.429 [reactor-http-nio-4] DEBUG reactor.netty.channel.FluxReceive - [id: 0x63c75a8a, L:/127.0.0.1:50753 - R:localhost/127.0.0.1:8084] Subscribing inbound receiver [pending: 0, cancelled:false, inboundDone: false]
10:13:41.430 [reactor-http-nio-4] DEBUG reactor.netty.http.client.HttpClientOperations - [id: 0x63c75a8a, L:/127.0.0.1:50753 - R:localhost/127.0.0.1:8084] Received last HTTP packet
10:13:41.430 [reactor-http-nio-4] DEBUG org.springframework.core.codec.StringDecoder - [91d242a] Decoded "921"
10:13:41.430 [reactor-http-nio-4] DEBUG reactor.netty.resources.PooledConnectionProvider - [id: 0x63c75a8a, L:/127.0.0.1:50753 - R:localhost/127.0.0.1:8084] onStateChange(GET{uri=/attractionRewardPoint?attractionId=9f4366cb-9a24-474b-9fc2-65c5b794db8d&userId=5e782c2c-4785-4413-8a6d-0d086452d61b, connection=PooledConnection{channel=[id: 0x63c75a8a, L:/127.0.0.1:50753 - R:localhost/127.0.0.1:8084]}}, [disconnecting])
10:13:41.430 [reactor-http-nio-4] DEBUG reactor.netty.resources.PooledConnectionProvider - [id: 0x63c75a8a, L:/127.0.0.1:50753 - R:localhost/127.0.0.1:8084] Releasing channel
10:13:41.430 [reactor-http-nio-4] DEBUG reactor.netty.resources.PooledConnectionProvider - [id: 0x63c75a8a, L:/127.0.0.1:50753 - R:localhost/127.0.0.1:8084] Channel cleaned, now 36 active connections and 58 inactive connections
10:13:41.442 [reactor-http-nio-4] DEBUG reactor.netty.http.client.HttpClientOperations - [id: 0x92582088, L:/127.0.0.1:50760 - R:localhost/127.0.0.1:8084] Received response (auto-read:false) : [Content-Type=application/json, Transfer-Encoding=chunked, Date=Tue, 07 Jun 2022 09:13:41 GMT]
10:13:41.442 [reactor-http-nio-4] DEBUG reactor.netty.resources.PooledConnectionProvider - [id: 0x92582088, L:/127.0.0.1:50760 - R:localhost/127.0.0.1:8084] onStateChange(GET{uri=/attractionRewardPoint?attractionId=29a41d11-8953-4654-8103-c873f6d719ac&userId=4c169ce2-e0e3-454f-9d5c-122b1bc6c714, connection=PooledConnection{channel=[id: 0x92582088, L:/127.0.0.1:50760 - R:localhost/127.0.0.1:8084]}}, [response_received])
10:13:41.443 [reactor-http-nio-4] DEBUG org.springframework.web.reactive.function.client.ExchangeFunctions - [3243a6bb] Response 200 OK
10:13:41.443 [reactor-http-nio-4] DEBUG reactor.netty.channel.FluxReceive - [id: 0x92582088, L:/127.0.0.1:50760 - R:localhost/127.0.0.1:8084] Subscribing inbound receiver [pending: 0, cancelled:false, inboundDone: false]
10:13:41.443 [reactor-http-nio-4] DEBUG reactor.netty.http.client.HttpClientOperations - [id: 0x92582088, L:/127.0.0.1:50760 - R:localhost/127.0.0.1:8084] Received last HTTP packet
10:13:41.443 [reactor-http-nio-4] DEBUG org.springframework.core.codec.StringDecoder - [3243a6bb] Decoded "280"
10:13:41.443 [reactor-http-nio-4] DEBUG reactor.netty.resources.PooledConnectionProvider - [id: 0x92582088, L:/127.0.0.1:50760 - R:localhost/127.0.0.1:8084] onStateChange(GET{uri=/attractionRewardPoint?attractionId=29a41d11-8953-4654-8103-c873f6d719ac&userId=4c169ce2-e0e3-454f-9d5c-122b1bc6c714, connection=PooledConnection{channel=[id: 0x92582088, L:/127.0.0.1:50760 - R:localhost/127.0.0.1:8084]}}, [disconnecting])
10:13:41.443 [reactor-http-nio-4] DEBUG reactor.netty.resources.PooledConnectionProvider - [id: 0x92582088, L:/127.0.0.1:50760 - R:localhost/127.0.0.1:8084] Releasing channel
10:13:41.444 [reactor-http-nio-4] DEBUG reactor.netty.resources.PooledConnectionProvider - [id: 0x92582088, L:/127.0.0.1:50760 - R:localhost/127.0.0.1:8084] Channel cleaned, now 35 active connections and 59 inactive connections
10:13:41.466 [reactor-http-nio-2] DEBUG reactor.netty.http.client.HttpClientOperations - [id: 0x75706e45, L:/127.0.0.1:50793 - R:localhost/127.0.0.1:8084] Received response (auto-read:false) : [Content-Type=application/json, Transfer-Encoding=chunked, Date=Tue, 07 Jun 2022 09:13:41 GMT]
10:13:41.467 [reactor-http-nio-2] DEBUG reactor.netty.resources.PooledConnectionProvider - [id: 0x75706e45, L:/127.0.0.1:50793 - R:localhost/127.0.0.1:8084] onStateChange(GET{uri=/attractionRewardPoint?attractionId=85a25dda-b185-4cba-91a1-4c57b799a567&userId=5db9bc43-bca9-46bd-9296-5c17d04271af, connection=PooledConnection{channel=[id: 0x75706e45, L:/127.0.0.1:50793 - R:localhost/127.0.0.1:8084]}}, [response_received])
10:13:41.467 [reactor-http-nio-2] DEBUG org.springframework.web.reactive.function.client.ExchangeFunctions - [45cec82c] Response 200 OK
10:13:41.468 [reactor-http-nio-2] DEBUG reactor.netty.channel.FluxReceive - [id: 0x75706e45, L:/127.0.0.1:50793 - R:localhost/127.0.0.1:8084] Subscribing inbound receiver [pending: 0, cancelled:false, inboundDone: false]
10:13:41.475 [reactor-http-nio-2] DEBUG reactor.netty.http.client.HttpClientOperations - [id: 0x75706e45, L:/127.0.0.1:50793 - R:localhost/127.0.0.1:8084] Received last HTTP packet
10:13:41.475 [reactor-http-nio-2] DEBUG org.springframework.core.codec.StringDecoder - [45cec82c] Decoded "153"
10:13:41.475 [reactor-http-nio-2] DEBUG reactor.netty.resources.PooledConnectionProvider - [id: 0x75706e45, L:/127.0.0.1:50793 - R:localhost/127.0.0.1:8084] onStateChange(GET{uri=/attractionRewardPoint?attractionId=85a25dda-b185-4cba-91a1-4c57b799a567&userId=5db9bc43-bca9-46bd-9296-5c17d04271af, connection=PooledConnection{channel=[id: 0x75706e45, L:/127.0.0.1:50793 - R:localhost/127.0.0.1:8084]}}, [disconnecting])
10:13:41.475 [reactor-http-nio-2] DEBUG reactor.netty.resources.PooledConnectionProvider - [id: 0x75706e45, L:/127.0.0.1:50793 - R:localhost/127.0.0.1:8084] Releasing channel
10:13:41.475 [reactor-http-nio-2] DEBUG reactor.netty.resources.PooledConnectionProvider - [id: 0x75706e45, L:/127.0.0.1:50793 - R:localhost/127.0.0.1:8084] Channel cleaned, now 34 active connections and 60 inactive connections
10:13:41.489 [reactor-http-nio-2] DEBUG reactor.netty.http.client.HttpClientOperations - [id: 0x07343312, L:/127.0.0.1:50789 - R:localhost/127.0.0.1:8084] Received response (auto-read:false) : [Content-Type=application/json, Transfer-Encoding=chunked, Date=Tue, 07 Jun 2022 09:13:41 GMT]
10:13:41.490 [reactor-http-nio-2] DEBUG reactor.netty.resources.PooledConnectionProvider - [id: 0x07343312, L:/127.0.0.1:50789 - R:localhost/127.0.0.1:8084] onStateChange(GET{uri=/attractionRewardPoint?attractionId=b220b371-b854-414d-9f0d-2d4bab1fda67&userId=020c8986-4fef-4e11-b23c-8000a8094176, connection=PooledConnection{channel=[id: 0x07343312, L:/127.0.0.1:50789 - R:localhost/127.0.0.1:8084]}}, [response_received])
10:13:41.490 [reactor-http-nio-2] DEBUG org.springframework.web.reactive.function.client.ExchangeFunctions - [1dc58fcb] Response 200 OK
10:13:41.490 [reactor-http-nio-2] DEBUG reactor.netty.channel.FluxReceive - [id: 0x07343312, L:/127.0.0.1:50789 - R:localhost/127.0.0.1:8084] Subscribing inbound receiver [pending: 0, cancelled:false, inboundDone: false]
10:13:41.492 [reactor-http-nio-2] DEBUG reactor.netty.http.client.HttpClientOperations - [id: 0x07343312, L:/127.0.0.1:50789 - R:localhost/127.0.0.1:8084] Received last HTTP packet
10:13:41.492 [reactor-http-nio-2] DEBUG org.springframework.core.codec.StringDecoder - [1dc58fcb] Decoded "189"
10:13:41.492 [reactor-http-nio-2] DEBUG reactor.netty.resources.PooledConnectionProvider - [id: 0x07343312, L:/127.0.0.1:50789 - R:localhost/127.0.0.1:8084] onStateChange(GET{uri=/attractionRewardPoint?attractionId=b220b371-b854-414d-9f0d-2d4bab1fda67&userId=020c8986-4fef-4e11-b23c-8000a8094176, connection=PooledConnection{channel=[id: 0x07343312, L:/127.0.0.1:50789 - R:localhost/127.0.0.1:8084]}}, [disconnecting])
10:13:41.493 [reactor-http-nio-2] DEBUG reactor.netty.resources.PooledConnectionProvider - [id: 0x07343312, L:/127.0.0.1:50789 - R:localhost/127.0.0.1:8084] Releasing channel
10:13:41.493 [reactor-http-nio-2] DEBUG reactor.netty.resources.PooledConnectionProvider - [id: 0x07343312, L:/127.0.0.1:50789 - R:localhost/127.0.0.1:8084] Channel cleaned, now 33 active connections and 61 inactive connections
10:13:41.495 [reactor-http-nio-4] DEBUG reactor.netty.http.client.HttpClientOperations - [id: 0xa4e3db9d, L:/127.0.0.1:50765 - R:localhost/127.0.0.1:8084] Received response (auto-read:false) : [Content-Type=application/json, Transfer-Encoding=chunked, Date=Tue, 07 Jun 2022 09:13:41 GMT]
10:13:41.495 [reactor-http-nio-4] DEBUG reactor.netty.resources.PooledConnectionProvider - [id: 0xa4e3db9d, L:/127.0.0.1:50765 - R:localhost/127.0.0.1:8084] onStateChange(GET{uri=/attractionRewardPoint?attractionId=52be3472-71ac-49e7-9ddf-3264811c144f&userId=9f9be6b3-8b11-4add-9c50-15b3dc86f1ca, connection=PooledConnection{channel=[id: 0xa4e3db9d, L:/127.0.0.1:50765 - R:localhost/127.0.0.1:8084]}}, [response_received])
10:13:41.495 [reactor-http-nio-4] DEBUG org.springframework.web.reactive.function.client.ExchangeFunctions - [4f82bc30] Response 200 OK
10:13:41.495 [reactor-http-nio-4] DEBUG reactor.netty.channel.FluxReceive - [id: 0xa4e3db9d, L:/127.0.0.1:50765 - R:localhost/127.0.0.1:8084] Subscribing inbound receiver [pending: 0, cancelled:false, inboundDone: false]
10:13:41.497 [reactor-http-nio-4] DEBUG reactor.netty.http.client.HttpClientOperations - [id: 0x269b11ab, L:/127.0.0.1:50672 - R:localhost/127.0.0.1:8083] Received response (auto-read:false) : [Content-Type=application/json, Transfer-Encoding=chunked, Date=Tue, 07 Jun 2022 09:13:40 GMT]
10:13:41.497 [reactor-http-nio-4] DEBUG reactor.netty.resources.PooledConnectionProvider - [id: 0x269b11ab, L:/127.0.0.1:50672 - R:localhost/127.0.0.1:8083] onStateChange(GET{uri=/userLocation?userId=09891c02-6489-465b-bc9c-b55b9f99bd98, connection=PooledConnection{channel=[id: 0x269b11ab, L:/127.0.0.1:50672 - R:localhost/127.0.0.1:8083]}}, [response_received])
10:13:41.497 [reactor-http-nio-4] DEBUG org.springframework.web.reactive.function.client.ExchangeFunctions - [4816827d] Response 200 OK
10:13:41.498 [reactor-http-nio-4] DEBUG reactor.netty.channel.FluxReceive - [id: 0x269b11ab, L:/127.0.0.1:50672 - R:localhost/127.0.0.1:8083] Subscribing inbound receiver [pending: 0, cancelled:false, inboundDone: false]
10:13:41.505 [reactor-http-nio-4] DEBUG reactor.netty.http.client.HttpClientOperations - [id: 0x269b11ab, L:/127.0.0.1:50672 - R:localhost/127.0.0.1:8083] Received last HTTP packet
10:13:41.505 [reactor-http-nio-4] DEBUG org.springframework.core.codec.StringDecoder - [4816827d] Decoded "{"userId":"09891c02-6489-465b-bc9c-b55b9f99bd98","location":{"longitude":4.206959,"latitude":8.6641 (truncated)...
10:13:41.505 [reactor-http-nio-4] DEBUG reactor.netty.resources.PooledConnectionProvider - [id: 0x269b11ab, L:/127.0.0.1:50672 - R:localhost/127.0.0.1:8083] onStateChange(GET{uri=/userLocation?userId=09891c02-6489-465b-bc9c-b55b9f99bd98, connection=PooledConnection{channel=[id: 0x269b11ab, L:/127.0.0.1:50672 - R:localhost/127.0.0.1:8083]}}, [disconnecting])
10:13:41.505 [reactor-http-nio-4] DEBUG reactor.netty.resources.PooledConnectionProvider - [id: 0x269b11ab, L:/127.0.0.1:50672 - R:localhost/127.0.0.1:8083] Releasing channel
10:13:41.505 [reactor-http-nio-4] DEBUG reactor.netty.resources.PooledConnectionProvider - [id: 0x269b11ab, L:/127.0.0.1:50672 - R:localhost/127.0.0.1:8083] Channel cleaned, now 0 active connections and 91 inactive connections
10:13:41.514 [pool-9-thread-1] DEBUG org.springframework.web.reactive.function.client.ExchangeFunctions - [5746ce91] HTTP GET http://localhost:8083/attractions
10:13:41.517 [reactor-http-nio-4] DEBUG reactor.netty.resources.PooledConnectionProvider - [id: 0xaf549f54, L:/127.0.0.1:50677 - R:localhost/127.0.0.1:8083] Channel acquired, now 1 active connections and 90 inactive connections
10:13:41.517 [reactor-http-nio-4] DEBUG reactor.netty.http.client.HttpClientConnect - [id: 0xaf549f54, L:/127.0.0.1:50677 - R:localhost/127.0.0.1:8083] Handler is being applied: {uri=http://localhost:8083/attractions, method=GET}
10:13:41.518 [reactor-http-nio-4] DEBUG reactor.netty.resources.PooledConnectionProvider - [id: 0xaf549f54, L:/127.0.0.1:50677 - R:localhost/127.0.0.1:8083] onStateChange(GET{uri=/attractions, connection=PooledConnection{channel=[id: 0xaf549f54, L:/127.0.0.1:50677 - R:localhost/127.0.0.1:8083]}}, [request_sent])
10:13:41.535 [reactor-http-nio-4] DEBUG reactor.netty.http.client.HttpClientOperations - [id: 0xa4e3db9d, L:/127.0.0.1:50765 - R:localhost/127.0.0.1:8084] Received last HTTP packet
10:13:41.536 [reactor-http-nio-4] DEBUG org.springframework.core.codec.StringDecoder - [4f82bc30] Decoded "327"
10:13:41.536 [reactor-http-nio-4] DEBUG reactor.netty.resources.PooledConnectionProvider - [id: 0xa4e3db9d, L:/127.0.0.1:50765 - R:localhost/127.0.0.1:8084] onStateChange(GET{uri=/attractionRewardPoint?attractionId=52be3472-71ac-49e7-9ddf-3264811c144f&userId=9f9be6b3-8b11-4add-9c50-15b3dc86f1ca, connection=PooledConnection{channel=[id: 0xa4e3db9d, L:/127.0.0.1:50765 - R:localhost/127.0.0.1:8084]}}, [disconnecting])
10:13:41.536 [reactor-http-nio-4] DEBUG reactor.netty.resources.PooledConnectionProvider - [id: 0xa4e3db9d, L:/127.0.0.1:50765 - R:localhost/127.0.0.1:8084] Releasing channel
10:13:41.536 [reactor-http-nio-4] DEBUG reactor.netty.resources.PooledConnectionProvider - [id: 0xa4e3db9d, L:/127.0.0.1:50765 - R:localhost/127.0.0.1:8084] Channel cleaned, now 32 active connections and 62 inactive connections
10:13:41.543 [reactor-http-nio-4] DEBUG reactor.netty.http.client.HttpClientOperations - [id: 0xaf549f54, L:/127.0.0.1:50677 - R:localhost/127.0.0.1:8083] Received response (auto-read:false) : [Content-Type=application/json, Transfer-Encoding=chunked, Date=Tue, 07 Jun 2022 09:13:40 GMT]
10:13:41.543 [reactor-http-nio-4] DEBUG reactor.netty.resources.PooledConnectionProvider - [id: 0xaf549f54, L:/127.0.0.1:50677 - R:localhost/127.0.0.1:8083] onStateChange(GET{uri=/attractions, connection=PooledConnection{channel=[id: 0xaf549f54, L:/127.0.0.1:50677 - R:localhost/127.0.0.1:8083]}}, [response_received])
10:13:41.543 [reactor-http-nio-4] DEBUG org.springframework.web.reactive.function.client.ExchangeFunctions - [5746ce91] Response 200 OK
10:13:41.543 [reactor-http-nio-4] DEBUG reactor.netty.channel.FluxReceive - [id: 0xaf549f54, L:/127.0.0.1:50677 - R:localhost/127.0.0.1:8083] Subscribing inbound receiver [pending: 0, cancelled:false, inboundDone: false]
10:13:41.549 [reactor-http-nio-4] DEBUG reactor.netty.http.client.HttpClientOperations - [id: 0xaf549f54, L:/127.0.0.1:50677 - R:localhost/127.0.0.1:8083] Received last HTTP packet
10:13:41.549 [reactor-http-nio-4] DEBUG org.springframework.core.codec.StringDecoder - [5746ce91] Decoded "[{"longitude":-117.922008,"latitude":33.817595,"attractionName":"Disneyland","city":"Anaheim","stat (truncated)...
10:13:41.549 [reactor-http-nio-4] DEBUG reactor.netty.resources.PooledConnectionProvider - [id: 0xaf549f54, L:/127.0.0.1:50677 - R:localhost/127.0.0.1:8083] onStateChange(GET{uri=/attractions, connection=PooledConnection{channel=[id: 0xaf549f54, L:/127.0.0.1:50677 - R:localhost/127.0.0.1:8083]}}, [disconnecting])
10:13:41.549 [reactor-http-nio-4] DEBUG reactor.netty.resources.PooledConnectionProvider - [id: 0xaf549f54, L:/127.0.0.1:50677 - R:localhost/127.0.0.1:8083] Releasing channel
10:13:41.549 [reactor-http-nio-4] DEBUG reactor.netty.resources.PooledConnectionProvider - [id: 0xaf549f54, L:/127.0.0.1:50677 - R:localhost/127.0.0.1:8083] Channel cleaned, now 0 active connections and 91 inactive connections
10:13:41.555 [pool-9-thread-1] DEBUG org.springframework.web.reactive.function.client.ExchangeFunctions - [ea802fb] HTTP GET http://localhost:8083/userLocation?userId=42eb901d-40e0-45aa-b19c-61c5dcd033b9
10:13:41.557 [reactor-http-nio-3] DEBUG reactor.netty.resources.PooledConnectionProvider - [id: 0xa3626cd8, L:/127.0.0.1:50681 - R:localhost/127.0.0.1:8083] Channel acquired, now 1 active connections and 90 inactive connections
10:13:41.557 [reactor-http-nio-3] DEBUG reactor.netty.http.client.HttpClientConnect - [id: 0xa3626cd8, L:/127.0.0.1:50681 - R:localhost/127.0.0.1:8083] Handler is being applied: {uri=http://localhost:8083/userLocation?userId=42eb901d-40e0-45aa-b19c-61c5dcd033b9, method=GET}
10:13:41.558 [reactor-http-nio-3] DEBUG reactor.netty.resources.PooledConnectionProvider - [id: 0xa3626cd8, L:/127.0.0.1:50681 - R:localhost/127.0.0.1:8083] onStateChange(GET{uri=/userLocation?userId=42eb901d-40e0-45aa-b19c-61c5dcd033b9, connection=PooledConnection{channel=[id: 0xa3626cd8, L:/127.0.0.1:50681 - R:localhost/127.0.0.1:8083]}}, [request_sent])
10:13:41.559 [reactor-http-nio-2] DEBUG reactor.netty.http.client.HttpClientOperations - [id: 0x612ab57a, L:/127.0.0.1:50750 - R:localhost/127.0.0.1:8084] Received response (auto-read:false) : [Content-Type=application/json, Transfer-Encoding=chunked, Date=Tue, 07 Jun 2022 09:13:41 GMT]
10:13:41.559 [reactor-http-nio-2] DEBUG reactor.netty.resources.PooledConnectionProvider - [id: 0x612ab57a, L:/127.0.0.1:50750 - R:localhost/127.0.0.1:8084] onStateChange(GET{uri=/attractionRewardPoint?attractionId=ece418b1-b11f-4214-a308-83aab536806d&userId=264d1239-dff1-4213-b80e-964cbda3e012, connection=PooledConnection{channel=[id: 0x612ab57a, L:/127.0.0.1:50750 - R:localhost/127.0.0.1:8084]}}, [response_received])
10:13:41.559 [reactor-http-nio-2] DEBUG org.springframework.web.reactive.function.client.ExchangeFunctions - [7d644394] Response 200 OK
10:13:41.559 [reactor-http-nio-2] DEBUG reactor.netty.channel.FluxReceive - [id: 0x612ab57a, L:/127.0.0.1:50750 - R:localhost/127.0.0.1:8084] Subscribing inbound receiver [pending: 0, cancelled:false, inboundDone: false]
10:13:41.560 [reactor-http-nio-4] DEBUG reactor.netty.http.client.HttpClientOperations - [id: 0x30b9c15a, L:/127.0.0.1:50740 - R:localhost/127.0.0.1:8084] Received response (auto-read:false) : [Content-Type=application/json, Transfer-Encoding=chunked, Date=Tue, 07 Jun 2022 09:13:41 GMT]
10:13:41.560 [reactor-http-nio-2] DEBUG reactor.netty.http.client.HttpClientOperations - [id: 0x612ab57a, L:/127.0.0.1:50750 - R:localhost/127.0.0.1:8084] Received last HTTP packet
10:13:41.560 [reactor-http-nio-4] DEBUG reactor.netty.resources.PooledConnectionProvider - [id: 0x30b9c15a, L:/127.0.0.1:50740 - R:localhost/127.0.0.1:8084] onStateChange(GET{uri=/attractionRewardPoint?attractionId=63c714d2-b9e7-469b-8363-20dd6dc0519e&userId=428e69dc-fc8f-4428-8a70-cc9897242f8d, connection=PooledConnection{channel=[id: 0x30b9c15a, L:/127.0.0.1:50740 - R:localhost/127.0.0.1:8084]}}, [response_received])
10:13:41.560 [reactor-http-nio-4] DEBUG org.springframework.web.reactive.function.client.ExchangeFunctions - [7f71e1ba] Response 200 OK
10:13:41.560 [reactor-http-nio-2] DEBUG org.springframework.core.codec.StringDecoder - [7d644394] Decoded "465"
10:13:41.560 [reactor-http-nio-2] DEBUG reactor.netty.resources.PooledConnectionProvider - [id: 0x612ab57a, L:/127.0.0.1:50750 - R:localhost/127.0.0.1:8084] onStateChange(GET{uri=/attractionRewardPoint?attractionId=ece418b1-b11f-4214-a308-83aab536806d&userId=264d1239-dff1-4213-b80e-964cbda3e012, connection=PooledConnection{channel=[id: 0x612ab57a, L:/127.0.0.1:50750 - R:localhost/127.0.0.1:8084]}}, [disconnecting])
10:13:41.560 [reactor-http-nio-2] DEBUG reactor.netty.resources.PooledConnectionProvider - [id: 0x612ab57a, L:/127.0.0.1:50750 - R:localhost/127.0.0.1:8084] Releasing channel
10:13:41.560 [reactor-http-nio-2] DEBUG reactor.netty.resources.PooledConnectionProvider - [id: 0x612ab57a, L:/127.0.0.1:50750 - R:localhost/127.0.0.1:8084] Channel cleaned, now 31 active connections and 63 inactive connections
10:13:41.560 [reactor-http-nio-4] DEBUG reactor.netty.channel.FluxReceive - [id: 0x30b9c15a, L:/127.0.0.1:50740 - R:localhost/127.0.0.1:8084] Subscribing inbound receiver [pending: 0, cancelled:false, inboundDone: false]
10:13:41.561 [reactor-http-nio-4] DEBUG reactor.netty.http.client.HttpClientOperations - [id: 0x30b9c15a, L:/127.0.0.1:50740 - R:localhost/127.0.0.1:8084] Received last HTTP packet
10:13:41.561 [reactor-http-nio-4] DEBUG org.springframework.core.codec.StringDecoder - [7f71e1ba] Decoded "875"
10:13:41.561 [reactor-http-nio-4] DEBUG reactor.netty.resources.PooledConnectionProvider - [id: 0x30b9c15a, L:/127.0.0.1:50740 - R:localhost/127.0.0.1:8084] onStateChange(GET{uri=/attractionRewardPoint?attractionId=63c714d2-b9e7-469b-8363-20dd6dc0519e&userId=428e69dc-fc8f-4428-8a70-cc9897242f8d, connection=PooledConnection{channel=[id: 0x30b9c15a, L:/127.0.0.1:50740 - R:localhost/127.0.0.1:8084]}}, [disconnecting])
10:13:41.561 [reactor-http-nio-4] DEBUG reactor.netty.resources.PooledConnectionProvider - [id: 0x30b9c15a, L:/127.0.0.1:50740 - R:localhost/127.0.0.1:8084] Releasing channel
10:13:41.561 [reactor-http-nio-4] DEBUG reactor.netty.resources.PooledConnectionProvider - [id: 0x30b9c15a, L:/127.0.0.1:50740 - R:localhost/127.0.0.1:8084] Channel cleaned, now 30 active connections and 64 inactive connections
10:13:41.562 [reactor-http-nio-2] DEBUG reactor.netty.http.client.HttpClientOperations - [id: 0x1b708e34, L:/127.0.0.1:50781 - R:localhost/127.0.0.1:8084] Received response (auto-read:false) : [Content-Type=application/json, Transfer-Encoding=chunked, Date=Tue, 07 Jun 2022 09:13:41 GMT]
10:13:41.563 [reactor-http-nio-2] DEBUG reactor.netty.resources.PooledConnectionProvider - [id: 0x1b708e34, L:/127.0.0.1:50781 - R:localhost/127.0.0.1:8084] onStateChange(GET{uri=/attractionRewardPoint?attractionId=30b318e7-7d9a-41c1-b306-722bbd473417&userId=93b7a9fc-7700-42d8-9892-4f17d0ecac7d, connection=PooledConnection{channel=[id: 0x1b708e34, L:/127.0.0.1:50781 - R:localhost/127.0.0.1:8084]}}, [response_received])
10:13:41.562 [reactor-http-nio-4] DEBUG reactor.netty.http.client.HttpClientOperations - [id: 0xc8702a80, L:/127.0.0.1:50766 - R:localhost/127.0.0.1:8084] Received response (auto-read:false) : [Content-Type=application/json, Transfer-Encoding=chunked, Date=Tue, 07 Jun 2022 09:13:41 GMT]
10:13:41.563 [reactor-http-nio-4] DEBUG reactor.netty.resources.PooledConnectionProvider - [id: 0xc8702a80, L:/127.0.0.1:50766 - R:localhost/127.0.0.1:8084] onStateChange(GET{uri=/attractionRewardPoint?attractionId=844fc33a-3444-4b77-aa47-c7e6c6a80319&userId=654ff530-b5c5-45f0-9dbe-00269d4d7426, connection=PooledConnection{channel=[id: 0xc8702a80, L:/127.0.0.1:50766 - R:localhost/127.0.0.1:8084]}}, [response_received])
10:13:41.563 [reactor-http-nio-2] DEBUG org.springframework.web.reactive.function.client.ExchangeFunctions - [176db690] Response 200 OK
10:13:41.563 [reactor-http-nio-4] DEBUG org.springframework.web.reactive.function.client.ExchangeFunctions - [4b5160d4] Response 200 OK
10:13:41.563 [reactor-http-nio-4] DEBUG reactor.netty.channel.FluxReceive - [id: 0xc8702a80, L:/127.0.0.1:50766 - R:localhost/127.0.0.1:8084] Subscribing inbound receiver [pending: 0, cancelled:false, inboundDone: false]
10:13:41.563 [reactor-http-nio-2] DEBUG reactor.netty.channel.FluxReceive - [id: 0x1b708e34, L:/127.0.0.1:50781 - R:localhost/127.0.0.1:8084] Subscribing inbound receiver [pending: 0, cancelled:false, inboundDone: false]
10:13:41.563 [reactor-http-nio-2] DEBUG reactor.netty.http.client.HttpClientOperations - [id: 0x1b708e34, L:/127.0.0.1:50781 - R:localhost/127.0.0.1:8084] Received last HTTP packet
10:13:41.563 [reactor-http-nio-2] DEBUG org.springframework.core.codec.StringDecoder - [176db690] Decoded "656"
10:13:41.564 [reactor-http-nio-2] DEBUG reactor.netty.resources.PooledConnectionProvider - [id: 0x1b708e34, L:/127.0.0.1:50781 - R:localhost/127.0.0.1:8084] onStateChange(GET{uri=/attractionRewardPoint?attractionId=30b318e7-7d9a-41c1-b306-722bbd473417&userId=93b7a9fc-7700-42d8-9892-4f17d0ecac7d, connection=PooledConnection{channel=[id: 0x1b708e34, L:/127.0.0.1:50781 - R:localhost/127.0.0.1:8084]}}, [disconnecting])
10:13:41.564 [reactor-http-nio-2] DEBUG reactor.netty.resources.PooledConnectionProvider - [id: 0x1b708e34, L:/127.0.0.1:50781 - R:localhost/127.0.0.1:8084] Releasing channel
10:13:41.564 [reactor-http-nio-2] DEBUG reactor.netty.resources.PooledConnectionProvider - [id: 0x1b708e34, L:/127.0.0.1:50781 - R:localhost/127.0.0.1:8084] Channel cleaned, now 29 active connections and 65 inactive connections
10:13:41.565 [reactor-http-nio-4] DEBUG reactor.netty.http.client.HttpClientOperations - [id: 0xc8702a80, L:/127.0.0.1:50766 - R:localhost/127.0.0.1:8084] Received last HTTP packet
10:13:41.565 [reactor-http-nio-4] DEBUG org.springframework.core.codec.StringDecoder - [4b5160d4] Decoded "378"
10:13:41.565 [reactor-http-nio-4] DEBUG reactor.netty.resources.PooledConnectionProvider - [id: 0xc8702a80, L:/127.0.0.1:50766 - R:localhost/127.0.0.1:8084] onStateChange(GET{uri=/attractionRewardPoint?attractionId=844fc33a-3444-4b77-aa47-c7e6c6a80319&userId=654ff530-b5c5-45f0-9dbe-00269d4d7426, connection=PooledConnection{channel=[id: 0xc8702a80, L:/127.0.0.1:50766 - R:localhost/127.0.0.1:8084]}}, [disconnecting])
10:13:41.565 [reactor-http-nio-4] DEBUG reactor.netty.resources.PooledConnectionProvider - [id: 0xc8702a80, L:/127.0.0.1:50766 - R:localhost/127.0.0.1:8084] Releasing channel
10:13:41.565 [reactor-http-nio-4] DEBUG reactor.netty.resources.PooledConnectionProvider - [id: 0xc8702a80, L:/127.0.0.1:50766 - R:localhost/127.0.0.1:8084] Channel cleaned, now 28 active connections and 66 inactive connections
10:13:41.566 [reactor-http-nio-3] DEBUG reactor.netty.http.client.HttpClientOperations - [id: 0xce654a47, L:/127.0.0.1:50736 - R:localhost/127.0.0.1:8084] Received response (auto-read:false) : [Content-Type=application/json, Transfer-Encoding=chunked, Date=Tue, 07 Jun 2022 09:13:41 GMT]
10:13:41.566 [reactor-http-nio-3] DEBUG reactor.netty.resources.PooledConnectionProvider - [id: 0xce654a47, L:/127.0.0.1:50736 - R:localhost/127.0.0.1:8084] onStateChange(GET{uri=/attractionRewardPoint?attractionId=c096d550-0a96-479f-a10f-c6b8534154d8&userId=2d124a40-08d5-415b-a5ca-836c178fbf7d, connection=PooledConnection{channel=[id: 0xce654a47, L:/127.0.0.1:50736 - R:localhost/127.0.0.1:8084]}}, [response_received])
10:13:41.566 [reactor-http-nio-3] DEBUG org.springframework.web.reactive.function.client.ExchangeFunctions - [60976bb5] Response 200 OK
10:13:41.566 [reactor-http-nio-3] DEBUG reactor.netty.channel.FluxReceive - [id: 0xce654a47, L:/127.0.0.1:50736 - R:localhost/127.0.0.1:8084] Subscribing inbound receiver [pending: 0, cancelled:false, inboundDone: false]
10:13:41.566 [reactor-http-nio-3] DEBUG reactor.netty.http.client.HttpClientOperations - [id: 0xce654a47, L:/127.0.0.1:50736 - R:localhost/127.0.0.1:8084] Received last HTTP packet
10:13:41.567 [reactor-http-nio-3] DEBUG org.springframework.core.codec.StringDecoder - [60976bb5] Decoded "371"
10:13:41.567 [reactor-http-nio-3] DEBUG reactor.netty.resources.PooledConnectionProvider - [id: 0xce654a47, L:/127.0.0.1:50736 - R:localhost/127.0.0.1:8084] onStateChange(GET{uri=/attractionRewardPoint?attractionId=c096d550-0a96-479f-a10f-c6b8534154d8&userId=2d124a40-08d5-415b-a5ca-836c178fbf7d, connection=PooledConnection{channel=[id: 0xce654a47, L:/127.0.0.1:50736 - R:localhost/127.0.0.1:8084]}}, [disconnecting])
10:13:41.567 [reactor-http-nio-3] DEBUG reactor.netty.resources.PooledConnectionProvider - [id: 0xce654a47, L:/127.0.0.1:50736 - R:localhost/127.0.0.1:8084] Releasing channel
10:13:41.567 [reactor-http-nio-3] DEBUG reactor.netty.resources.PooledConnectionProvider - [id: 0xce654a47, L:/127.0.0.1:50736 - R:localhost/127.0.0.1:8084] Channel cleaned, now 27 active connections and 67 inactive connections
10:13:41.569 [reactor-http-nio-1] DEBUG reactor.netty.http.client.HttpClientOperations - [id: 0x75560c92, L:/127.0.0.1:50756 - R:localhost/127.0.0.1:8084] Received response (auto-read:false) : [Content-Type=application/json, Transfer-Encoding=chunked, Date=Tue, 07 Jun 2022 09:13:41 GMT]
10:13:41.569 [reactor-http-nio-1] DEBUG reactor.netty.resources.PooledConnectionProvider - [id: 0x75560c92, L:/127.0.0.1:50756 - R:localhost/127.0.0.1:8084] onStateChange(GET{uri=/attractionRewardPoint?attractionId=44d7a853-12c7-43c8-8578-9e9c5872c543&userId=d1d6ab30-46fa-4750-9b8c-658f5ad65f05, connection=PooledConnection{channel=[id: 0x75560c92, L:/127.0.0.1:50756 - R:localhost/127.0.0.1:8084]}}, [response_received])
10:13:41.569 [reactor-http-nio-1] DEBUG org.springframework.web.reactive.function.client.ExchangeFunctions - [4004d0f6] Response 200 OK
10:13:41.569 [reactor-http-nio-2] DEBUG reactor.netty.http.client.HttpClientOperations - [id: 0xa8ee55df, L:/127.0.0.1:50780 - R:localhost/127.0.0.1:8084] Received response (auto-read:false) : [Content-Type=application/json, Transfer-Encoding=chunked, Date=Tue, 07 Jun 2022 09:13:41 GMT]
10:13:41.569 [reactor-http-nio-2] DEBUG reactor.netty.resources.PooledConnectionProvider - [id: 0xa8ee55df, L:/127.0.0.1:50780 - R:localhost/127.0.0.1:8084] onStateChange(GET{uri=/attractionRewardPoint?attractionId=7123b4b9-a763-43ea-8687-2c61e50ffb4c&userId=eb239fd3-7dad-44d0-8347-40dc584de6c4, connection=PooledConnection{channel=[id: 0xa8ee55df, L:/127.0.0.1:50780 - R:localhost/127.0.0.1:8084]}}, [response_received])
10:13:41.569 [reactor-http-nio-2] DEBUG org.springframework.web.reactive.function.client.ExchangeFunctions - [6a9600f4] Response 200 OK
10:13:41.569 [reactor-http-nio-1] DEBUG reactor.netty.channel.FluxReceive - [id: 0x75560c92, L:/127.0.0.1:50756 - R:localhost/127.0.0.1:8084] Subscribing inbound receiver [pending: 0, cancelled:false, inboundDone: false]
10:13:41.569 [reactor-http-nio-2] DEBUG reactor.netty.channel.FluxReceive - [id: 0xa8ee55df, L:/127.0.0.1:50780 - R:localhost/127.0.0.1:8084] Subscribing inbound receiver [pending: 0, cancelled:false, inboundDone: false]
10:13:41.569 [reactor-http-nio-1] DEBUG reactor.netty.http.client.HttpClientOperations - [id: 0x75560c92, L:/127.0.0.1:50756 - R:localhost/127.0.0.1:8084] Received last HTTP packet
10:13:41.569 [reactor-http-nio-1] DEBUG org.springframework.core.codec.StringDecoder - [4004d0f6] Decoded "777"
10:13:41.569 [reactor-http-nio-1] DEBUG reactor.netty.resources.PooledConnectionProvider - [id: 0x75560c92, L:/127.0.0.1:50756 - R:localhost/127.0.0.1:8084] onStateChange(GET{uri=/attractionRewardPoint?attractionId=44d7a853-12c7-43c8-8578-9e9c5872c543&userId=d1d6ab30-46fa-4750-9b8c-658f5ad65f05, connection=PooledConnection{channel=[id: 0x75560c92, L:/127.0.0.1:50756 - R:localhost/127.0.0.1:8084]}}, [disconnecting])
10:13:41.569 [reactor-http-nio-1] DEBUG reactor.netty.resources.PooledConnectionProvider - [id: 0x75560c92, L:/127.0.0.1:50756 - R:localhost/127.0.0.1:8084] Releasing channel
10:13:41.569 [reactor-http-nio-1] DEBUG reactor.netty.resources.PooledConnectionProvider - [id: 0x75560c92, L:/127.0.0.1:50756 - R:localhost/127.0.0.1:8084] Channel cleaned, now 26 active connections and 68 inactive connections
10:13:41.570 [reactor-http-nio-2] DEBUG reactor.netty.http.client.HttpClientOperations - [id: 0xa8ee55df, L:/127.0.0.1:50780 - R:localhost/127.0.0.1:8084] Received last HTTP packet
10:13:41.571 [reactor-http-nio-2] DEBUG org.springframework.core.codec.StringDecoder - [6a9600f4] Decoded "87"
10:13:41.571 [reactor-http-nio-2] DEBUG reactor.netty.resources.PooledConnectionProvider - [id: 0xa8ee55df, L:/127.0.0.1:50780 - R:localhost/127.0.0.1:8084] onStateChange(GET{uri=/attractionRewardPoint?attractionId=7123b4b9-a763-43ea-8687-2c61e50ffb4c&userId=eb239fd3-7dad-44d0-8347-40dc584de6c4, connection=PooledConnection{channel=[id: 0xa8ee55df, L:/127.0.0.1:50780 - R:localhost/127.0.0.1:8084]}}, [disconnecting])
10:13:41.571 [reactor-http-nio-2] DEBUG reactor.netty.resources.PooledConnectionProvider - [id: 0xa8ee55df, L:/127.0.0.1:50780 - R:localhost/127.0.0.1:8084] Releasing channel
10:13:41.571 [reactor-http-nio-2] DEBUG reactor.netty.resources.PooledConnectionProvider - [id: 0xa8ee55df, L:/127.0.0.1:50780 - R:localhost/127.0.0.1:8084] Channel cleaned, now 25 active connections and 69 inactive connections
10:13:41.572 [reactor-http-nio-2] DEBUG reactor.netty.http.client.HttpClientOperations - [id: 0x032dfe27, L:/127.0.0.1:50749 - R:localhost/127.0.0.1:8084] Received response (auto-read:false) : [Content-Type=application/json, Transfer-Encoding=chunked, Date=Tue, 07 Jun 2022 09:13:41 GMT]
10:13:41.572 [reactor-http-nio-2] DEBUG reactor.netty.resources.PooledConnectionProvider - [id: 0x032dfe27, L:/127.0.0.1:50749 - R:localhost/127.0.0.1:8084] onStateChange(GET{uri=/attractionRewardPoint?attractionId=7458dd2a-1a4f-4bc1-b860-3c62184f36be&userId=e07c3b7a-2158-46d8-9919-0230e27f5fa0, connection=PooledConnection{channel=[id: 0x032dfe27, L:/127.0.0.1:50749 - R:localhost/127.0.0.1:8084]}}, [response_received])
10:13:41.572 [reactor-http-nio-2] DEBUG org.springframework.web.reactive.function.client.ExchangeFunctions - [6f45a1a0] Response 200 OK
10:13:41.573 [reactor-http-nio-2] DEBUG reactor.netty.channel.FluxReceive - [id: 0x032dfe27, L:/127.0.0.1:50749 - R:localhost/127.0.0.1:8084] Subscribing inbound receiver [pending: 0, cancelled:false, inboundDone: false]
10:13:41.573 [reactor-http-nio-2] DEBUG reactor.netty.http.client.HttpClientOperations - [id: 0x032dfe27, L:/127.0.0.1:50749 - R:localhost/127.0.0.1:8084] Received last HTTP packet
10:13:41.573 [reactor-http-nio-2] DEBUG org.springframework.core.codec.StringDecoder - [6f45a1a0] Decoded "177"
10:13:41.573 [reactor-http-nio-2] DEBUG reactor.netty.resources.PooledConnectionProvider - [id: 0x032dfe27, L:/127.0.0.1:50749 - R:localhost/127.0.0.1:8084] onStateChange(GET{uri=/attractionRewardPoint?attractionId=7458dd2a-1a4f-4bc1-b860-3c62184f36be&userId=e07c3b7a-2158-46d8-9919-0230e27f5fa0, connection=PooledConnection{channel=[id: 0x032dfe27, L:/127.0.0.1:50749 - R:localhost/127.0.0.1:8084]}}, [disconnecting])
10:13:41.573 [reactor-http-nio-2] DEBUG reactor.netty.resources.PooledConnectionProvider - [id: 0x032dfe27, L:/127.0.0.1:50749 - R:localhost/127.0.0.1:8084] Releasing channel
10:13:41.573 [reactor-http-nio-2] DEBUG reactor.netty.resources.PooledConnectionProvider - [id: 0x032dfe27, L:/127.0.0.1:50749 - R:localhost/127.0.0.1:8084] Channel cleaned, now 24 active connections and 70 inactive connections
10:13:41.575 [reactor-http-nio-3] DEBUG reactor.netty.http.client.HttpClientOperations - [id: 0xb1ebf2b6, L:/127.0.0.1:50737 - R:localhost/127.0.0.1:8084] Received response (auto-read:false) : [Content-Type=application/json, Transfer-Encoding=chunked, Date=Tue, 07 Jun 2022 09:13:41 GMT]
10:13:41.575 [reactor-http-nio-3] DEBUG reactor.netty.resources.PooledConnectionProvider - [id: 0xb1ebf2b6, L:/127.0.0.1:50737 - R:localhost/127.0.0.1:8084] onStateChange(GET{uri=/attractionRewardPoint?attractionId=71292568-fe2e-4c1f-8443-b03ef667a2b0&userId=0414d8bc-eb08-44fd-9476-e6ed94259ca4, connection=PooledConnection{channel=[id: 0xb1ebf2b6, L:/127.0.0.1:50737 - R:localhost/127.0.0.1:8084]}}, [response_received])
10:13:41.575 [reactor-http-nio-3] DEBUG org.springframework.web.reactive.function.client.ExchangeFunctions - [4791e139] Response 200 OK
10:13:41.575 [reactor-http-nio-3] DEBUG reactor.netty.channel.FluxReceive - [id: 0xb1ebf2b6, L:/127.0.0.1:50737 - R:localhost/127.0.0.1:8084] Subscribing inbound receiver [pending: 0, cancelled:false, inboundDone: false]
10:13:41.576 [reactor-http-nio-3] DEBUG reactor.netty.http.client.HttpClientOperations - [id: 0xb1ebf2b6, L:/127.0.0.1:50737 - R:localhost/127.0.0.1:8084] Received last HTTP packet
10:13:41.576 [reactor-http-nio-3] DEBUG org.springframework.core.codec.StringDecoder - [4791e139] Decoded "787"
10:13:41.576 [reactor-http-nio-3] DEBUG reactor.netty.resources.PooledConnectionProvider - [id: 0xb1ebf2b6, L:/127.0.0.1:50737 - R:localhost/127.0.0.1:8084] onStateChange(GET{uri=/attractionRewardPoint?attractionId=71292568-fe2e-4c1f-8443-b03ef667a2b0&userId=0414d8bc-eb08-44fd-9476-e6ed94259ca4, connection=PooledConnection{channel=[id: 0xb1ebf2b6, L:/127.0.0.1:50737 - R:localhost/127.0.0.1:8084]}}, [disconnecting])
10:13:41.576 [reactor-http-nio-3] DEBUG reactor.netty.resources.PooledConnectionProvider - [id: 0xb1ebf2b6, L:/127.0.0.1:50737 - R:localhost/127.0.0.1:8084] Releasing channel
10:13:41.576 [reactor-http-nio-3] DEBUG reactor.netty.resources.PooledConnectionProvider - [id: 0xb1ebf2b6, L:/127.0.0.1:50737 - R:localhost/127.0.0.1:8084] Channel cleaned, now 23 active connections and 71 inactive connections
10:13:41.577 [reactor-http-nio-4] DEBUG reactor.netty.http.client.HttpClientOperations - [id: 0xa3e8f735, L:/127.0.0.1:50741 - R:localhost/127.0.0.1:8084] Received response (auto-read:false) : [Content-Type=application/json, Transfer-Encoding=chunked, Date=Tue, 07 Jun 2022 09:13:41 GMT]
10:13:41.577 [reactor-http-nio-4] DEBUG reactor.netty.resources.PooledConnectionProvider - [id: 0xa3e8f735, L:/127.0.0.1:50741 - R:localhost/127.0.0.1:8084] onStateChange(GET{uri=/attractionRewardPoint?attractionId=59344aa7-b64a-46cb-873f-4ae5b336bd48&userId=285a8f3d-73aa-447b-a813-d454dc236c0f, connection=PooledConnection{channel=[id: 0xa3e8f735, L:/127.0.0.1:50741 - R:localhost/127.0.0.1:8084]}}, [response_received])
10:13:41.578 [reactor-http-nio-4] DEBUG org.springframework.web.reactive.function.client.ExchangeFunctions - [4941c644] Response 200 OK
10:13:41.578 [reactor-http-nio-4] DEBUG reactor.netty.channel.FluxReceive - [id: 0xa3e8f735, L:/127.0.0.1:50741 - R:localhost/127.0.0.1:8084] Subscribing inbound receiver [pending: 0, cancelled:false, inboundDone: false]
10:13:41.578 [reactor-http-nio-4] DEBUG reactor.netty.http.client.HttpClientOperations - [id: 0xa3e8f735, L:/127.0.0.1:50741 - R:localhost/127.0.0.1:8084] Received last HTTP packet
10:13:41.578 [reactor-http-nio-4] DEBUG org.springframework.core.codec.StringDecoder - [4941c644] Decoded "180"
10:13:41.578 [reactor-http-nio-4] DEBUG reactor.netty.resources.PooledConnectionProvider - [id: 0xa3e8f735, L:/127.0.0.1:50741 - R:localhost/127.0.0.1:8084] onStateChange(GET{uri=/attractionRewardPoint?attractionId=59344aa7-b64a-46cb-873f-4ae5b336bd48&userId=285a8f3d-73aa-447b-a813-d454dc236c0f, connection=PooledConnection{channel=[id: 0xa3e8f735, L:/127.0.0.1:50741 - R:localhost/127.0.0.1:8084]}}, [disconnecting])
10:13:41.578 [reactor-http-nio-4] DEBUG reactor.netty.resources.PooledConnectionProvider - [id: 0xa3e8f735, L:/127.0.0.1:50741 - R:localhost/127.0.0.1:8084] Releasing channel
10:13:41.578 [reactor-http-nio-4] DEBUG reactor.netty.resources.PooledConnectionProvider - [id: 0xa3e8f735, L:/127.0.0.1:50741 - R:localhost/127.0.0.1:8084] Channel cleaned, now 22 active connections and 72 inactive connections
10:13:41.579 [reactor-http-nio-1] DEBUG reactor.netty.http.client.HttpClientOperations - [id: 0xeed71bdb, L:/127.0.0.1:50732 - R:localhost/127.0.0.1:8084] Received response (auto-read:false) : [Content-Type=application/json, Transfer-Encoding=chunked, Date=Tue, 07 Jun 2022 09:13:41 GMT]
10:13:41.580 [reactor-http-nio-1] DEBUG reactor.netty.resources.PooledConnectionProvider - [id: 0xeed71bdb, L:/127.0.0.1:50732 - R:localhost/127.0.0.1:8084] onStateChange(GET{uri=/attractionRewardPoint?attractionId=3aca9373-122d-4e30-b67d-f3c7d9977345&userId=24fe4571-d6ea-4b1e-9faa-2dc66541c89a, connection=PooledConnection{channel=[id: 0xeed71bdb, L:/127.0.0.1:50732 - R:localhost/127.0.0.1:8084]}}, [response_received])
10:13:41.580 [reactor-http-nio-1] DEBUG org.springframework.web.reactive.function.client.ExchangeFunctions - [3120d61c] Response 200 OK
10:13:41.580 [reactor-http-nio-1] DEBUG reactor.netty.channel.FluxReceive - [id: 0xeed71bdb, L:/127.0.0.1:50732 - R:localhost/127.0.0.1:8084] Subscribing inbound receiver [pending: 0, cancelled:false, inboundDone: false]
10:13:41.581 [reactor-http-nio-1] DEBUG reactor.netty.http.client.HttpClientOperations - [id: 0xeed71bdb, L:/127.0.0.1:50732 - R:localhost/127.0.0.1:8084] Received last HTTP packet
10:13:41.581 [reactor-http-nio-1] DEBUG org.springframework.core.codec.StringDecoder - [3120d61c] Decoded "546"
10:13:41.581 [reactor-http-nio-2] DEBUG reactor.netty.http.client.HttpClientOperations - [id: 0x46405dac, L:/127.0.0.1:50785 - R:localhost/127.0.0.1:8084] Received response (auto-read:false) : [Content-Type=application/json, Transfer-Encoding=chunked, Date=Tue, 07 Jun 2022 09:13:41 GMT]
10:13:41.581 [reactor-http-nio-1] DEBUG reactor.netty.resources.PooledConnectionProvider - [id: 0xeed71bdb, L:/127.0.0.1:50732 - R:localhost/127.0.0.1:8084] onStateChange(GET{uri=/attractionRewardPoint?attractionId=3aca9373-122d-4e30-b67d-f3c7d9977345&userId=24fe4571-d6ea-4b1e-9faa-2dc66541c89a, connection=PooledConnection{channel=[id: 0xeed71bdb, L:/127.0.0.1:50732 - R:localhost/127.0.0.1:8084]}}, [disconnecting])
10:13:41.581 [reactor-http-nio-1] DEBUG reactor.netty.resources.PooledConnectionProvider - [id: 0xeed71bdb, L:/127.0.0.1:50732 - R:localhost/127.0.0.1:8084] Releasing channel
10:13:41.581 [reactor-http-nio-2] DEBUG reactor.netty.resources.PooledConnectionProvider - [id: 0x46405dac, L:/127.0.0.1:50785 - R:localhost/127.0.0.1:8084] onStateChange(GET{uri=/attractionRewardPoint?attractionId=4a9146ec-6741-48d8-a0b2-7d7dc86f0652&userId=0a4ff80a-bc91-416b-86ab-6ee219c08ecb, connection=PooledConnection{channel=[id: 0x46405dac, L:/127.0.0.1:50785 - R:localhost/127.0.0.1:8084]}}, [response_received])
10:13:41.581 [reactor-http-nio-1] DEBUG reactor.netty.resources.PooledConnectionProvider - [id: 0xeed71bdb, L:/127.0.0.1:50732 - R:localhost/127.0.0.1:8084] Channel cleaned, now 21 active connections and 73 inactive connections
10:13:41.581 [reactor-http-nio-2] DEBUG org.springframework.web.reactive.function.client.ExchangeFunctions - [2c9b8bc4] Response 200 OK
10:13:41.581 [reactor-http-nio-2] DEBUG reactor.netty.channel.FluxReceive - [id: 0x46405dac, L:/127.0.0.1:50785 - R:localhost/127.0.0.1:8084] Subscribing inbound receiver [pending: 0, cancelled:false, inboundDone: false]
10:13:41.582 [reactor-http-nio-2] DEBUG reactor.netty.http.client.HttpClientOperations - [id: 0x46405dac, L:/127.0.0.1:50785 - R:localhost/127.0.0.1:8084] Received last HTTP packet
10:13:41.583 [reactor-http-nio-2] DEBUG org.springframework.core.codec.StringDecoder - [2c9b8bc4] Decoded "27"
10:13:41.583 [reactor-http-nio-2] DEBUG reactor.netty.resources.PooledConnectionProvider - [id: 0x46405dac, L:/127.0.0.1:50785 - R:localhost/127.0.0.1:8084] onStateChange(GET{uri=/attractionRewardPoint?attractionId=4a9146ec-6741-48d8-a0b2-7d7dc86f0652&userId=0a4ff80a-bc91-416b-86ab-6ee219c08ecb, connection=PooledConnection{channel=[id: 0x46405dac, L:/127.0.0.1:50785 - R:localhost/127.0.0.1:8084]}}, [disconnecting])
10:13:41.583 [reactor-http-nio-2] DEBUG reactor.netty.resources.PooledConnectionProvider - [id: 0x46405dac, L:/127.0.0.1:50785 - R:localhost/127.0.0.1:8084] Releasing channel
10:13:41.583 [reactor-http-nio-2] DEBUG reactor.netty.resources.PooledConnectionProvider - [id: 0x46405dac, L:/127.0.0.1:50785 - R:localhost/127.0.0.1:8084] Channel cleaned, now 20 active connections and 74 inactive connections
10:13:41.585 [reactor-http-nio-4] DEBUG reactor.netty.http.client.HttpClientOperations - [id: 0x0c97e14e, L:/127.0.0.1:50725 - R:localhost/127.0.0.1:8084] Received response (auto-read:false) : [Content-Type=application/json, Transfer-Encoding=chunked, Date=Tue, 07 Jun 2022 09:13:41 GMT]
10:13:41.585 [reactor-http-nio-4] DEBUG reactor.netty.resources.PooledConnectionProvider - [id: 0x0c97e14e, L:/127.0.0.1:50725 - R:localhost/127.0.0.1:8084] onStateChange(GET{uri=/attractionRewardPoint?attractionId=338228eb-646d-4efc-bfc5-133467202889&userId=d6b5f890-5dd1-4914-90d3-ca65d0fccbfc, connection=PooledConnection{channel=[id: 0x0c97e14e, L:/127.0.0.1:50725 - R:localhost/127.0.0.1:8084]}}, [response_received])
10:13:41.585 [reactor-http-nio-4] DEBUG org.springframework.web.reactive.function.client.ExchangeFunctions - [69ac19fc] Response 200 OK
10:13:41.585 [reactor-http-nio-4] DEBUG reactor.netty.channel.FluxReceive - [id: 0x0c97e14e, L:/127.0.0.1:50725 - R:localhost/127.0.0.1:8084] Subscribing inbound receiver [pending: 0, cancelled:false, inboundDone: false]
10:13:41.586 [reactor-http-nio-4] DEBUG reactor.netty.http.client.HttpClientOperations - [id: 0x0c97e14e, L:/127.0.0.1:50725 - R:localhost/127.0.0.1:8084] Received last HTTP packet
10:13:41.586 [reactor-http-nio-4] DEBUG org.springframework.core.codec.StringDecoder - [69ac19fc] Decoded "681"
10:13:41.586 [reactor-http-nio-4] DEBUG reactor.netty.resources.PooledConnectionProvider - [id: 0x0c97e14e, L:/127.0.0.1:50725 - R:localhost/127.0.0.1:8084] onStateChange(GET{uri=/attractionRewardPoint?attractionId=338228eb-646d-4efc-bfc5-133467202889&userId=d6b5f890-5dd1-4914-90d3-ca65d0fccbfc, connection=PooledConnection{channel=[id: 0x0c97e14e, L:/127.0.0.1:50725 - R:localhost/127.0.0.1:8084]}}, [disconnecting])
10:13:41.586 [reactor-http-nio-4] DEBUG reactor.netty.resources.PooledConnectionProvider - [id: 0x0c97e14e, L:/127.0.0.1:50725 - R:localhost/127.0.0.1:8084] Releasing channel
10:13:41.586 [reactor-http-nio-4] DEBUG reactor.netty.resources.PooledConnectionProvider - [id: 0x0c97e14e, L:/127.0.0.1:50725 - R:localhost/127.0.0.1:8084] Channel cleaned, now 19 active connections and 75 inactive connections
10:13:41.596 [reactor-http-nio-4] DEBUG reactor.netty.http.client.HttpClientOperations - [id: 0x1b11ea1c, L:/127.0.0.1:50726 - R:localhost/127.0.0.1:8084] Received response (auto-read:false) : [Content-Type=application/json, Transfer-Encoding=chunked, Date=Tue, 07 Jun 2022 09:13:41 GMT]
10:13:41.596 [reactor-http-nio-4] DEBUG reactor.netty.resources.PooledConnectionProvider - [id: 0x1b11ea1c, L:/127.0.0.1:50726 - R:localhost/127.0.0.1:8084] onStateChange(GET{uri=/attractionRewardPoint?attractionId=1e87745e-f16e-4e10-899f-1c36618f1366&userId=716110c9-18c0-4878-9646-c069546585d0, connection=PooledConnection{channel=[id: 0x1b11ea1c, L:/127.0.0.1:50726 - R:localhost/127.0.0.1:8084]}}, [response_received])
10:13:41.596 [reactor-http-nio-4] DEBUG org.springframework.web.reactive.function.client.ExchangeFunctions - [40c62a64] Response 200 OK
10:13:41.596 [reactor-http-nio-4] DEBUG reactor.netty.channel.FluxReceive - [id: 0x1b11ea1c, L:/127.0.0.1:50726 - R:localhost/127.0.0.1:8084] Subscribing inbound receiver [pending: 0, cancelled:false, inboundDone: false]
10:13:41.598 [reactor-http-nio-4] DEBUG reactor.netty.http.client.HttpClientOperations - [id: 0x1b11ea1c, L:/127.0.0.1:50726 - R:localhost/127.0.0.1:8084] Received last HTTP packet
10:13:41.598 [reactor-http-nio-4] DEBUG org.springframework.core.codec.StringDecoder - [40c62a64] Decoded "4"
10:13:41.598 [reactor-http-nio-4] DEBUG reactor.netty.resources.PooledConnectionProvider - [id: 0x1b11ea1c, L:/127.0.0.1:50726 - R:localhost/127.0.0.1:8084] onStateChange(GET{uri=/attractionRewardPoint?attractionId=1e87745e-f16e-4e10-899f-1c36618f1366&userId=716110c9-18c0-4878-9646-c069546585d0, connection=PooledConnection{channel=[id: 0x1b11ea1c, L:/127.0.0.1:50726 - R:localhost/127.0.0.1:8084]}}, [disconnecting])
10:13:41.598 [reactor-http-nio-4] DEBUG reactor.netty.resources.PooledConnectionProvider - [id: 0x1b11ea1c, L:/127.0.0.1:50726 - R:localhost/127.0.0.1:8084] Releasing channel
10:13:41.598 [reactor-http-nio-4] DEBUG reactor.netty.resources.PooledConnectionProvider - [id: 0x1b11ea1c, L:/127.0.0.1:50726 - R:localhost/127.0.0.1:8084] Channel cleaned, now 18 active connections and 76 inactive connections
10:13:41.601 [reactor-http-nio-4] DEBUG reactor.netty.http.client.HttpClientOperations - [id: 0x78df3940, L:/127.0.0.1:50776 - R:localhost/127.0.0.1:8084] Received response (auto-read:false) : [Content-Type=application/json, Transfer-Encoding=chunked, Date=Tue, 07 Jun 2022 09:13:41 GMT]
10:13:41.602 [reactor-http-nio-4] DEBUG reactor.netty.resources.PooledConnectionProvider - [id: 0x78df3940, L:/127.0.0.1:50776 - R:localhost/127.0.0.1:8084] onStateChange(GET{uri=/attractionRewardPoint?attractionId=95c926e7-51b0-4fc3-b08f-9bfcea16e945&userId=68770eb4-d2ff-4690-9983-a2df221ec525, connection=PooledConnection{channel=[id: 0x78df3940, L:/127.0.0.1:50776 - R:localhost/127.0.0.1:8084]}}, [response_received])
10:13:41.602 [reactor-http-nio-4] DEBUG org.springframework.web.reactive.function.client.ExchangeFunctions - [1703b948] Response 200 OK
10:13:41.602 [reactor-http-nio-4] DEBUG reactor.netty.channel.FluxReceive - [id: 0x78df3940, L:/127.0.0.1:50776 - R:localhost/127.0.0.1:8084] Subscribing inbound receiver [pending: 0, cancelled:false, inboundDone: false]
10:13:41.603 [reactor-http-nio-4] DEBUG reactor.netty.http.client.HttpClientOperations - [id: 0x78df3940, L:/127.0.0.1:50776 - R:localhost/127.0.0.1:8084] Received last HTTP packet
10:13:41.603 [reactor-http-nio-4] DEBUG org.springframework.core.codec.StringDecoder - [1703b948] Decoded "569"
10:13:41.603 [reactor-http-nio-4] DEBUG reactor.netty.resources.PooledConnectionProvider - [id: 0x78df3940, L:/127.0.0.1:50776 - R:localhost/127.0.0.1:8084] onStateChange(GET{uri=/attractionRewardPoint?attractionId=95c926e7-51b0-4fc3-b08f-9bfcea16e945&userId=68770eb4-d2ff-4690-9983-a2df221ec525, connection=PooledConnection{channel=[id: 0x78df3940, L:/127.0.0.1:50776 - R:localhost/127.0.0.1:8084]}}, [disconnecting])
10:13:41.603 [reactor-http-nio-4] DEBUG reactor.netty.resources.PooledConnectionProvider - [id: 0x78df3940, L:/127.0.0.1:50776 - R:localhost/127.0.0.1:8084] Releasing channel
10:13:41.603 [reactor-http-nio-4] DEBUG reactor.netty.resources.PooledConnectionProvider - [id: 0x78df3940, L:/127.0.0.1:50776 - R:localhost/127.0.0.1:8084] Channel cleaned, now 17 active connections and 77 inactive connections
10:13:41.639 [reactor-http-nio-1] DEBUG reactor.netty.http.client.HttpClientOperations - [id: 0x713ad321, L:/127.0.0.1:50763 - R:localhost/127.0.0.1:8084] Received response (auto-read:false) : [Content-Type=application/json, Transfer-Encoding=chunked, Date=Tue, 07 Jun 2022 09:13:41 GMT]
10:13:41.639 [reactor-http-nio-1] DEBUG reactor.netty.resources.PooledConnectionProvider - [id: 0x713ad321, L:/127.0.0.1:50763 - R:localhost/127.0.0.1:8084] onStateChange(GET{uri=/attractionRewardPoint?attractionId=12644e11-9f64-4029-b1f7-7d257c6a12f2&userId=dcf5c949-212e-4023-8c99-d09229d2d7cc, connection=PooledConnection{channel=[id: 0x713ad321, L:/127.0.0.1:50763 - R:localhost/127.0.0.1:8084]}}, [response_received])
10:13:41.639 [reactor-http-nio-1] DEBUG org.springframework.web.reactive.function.client.ExchangeFunctions - [14d74033] Response 200 OK
10:13:41.639 [reactor-http-nio-1] DEBUG reactor.netty.channel.FluxReceive - [id: 0x713ad321, L:/127.0.0.1:50763 - R:localhost/127.0.0.1:8084] Subscribing inbound receiver [pending: 0, cancelled:false, inboundDone: false]
10:13:41.642 [reactor-http-nio-1] DEBUG reactor.netty.http.client.HttpClientOperations - [id: 0x713ad321, L:/127.0.0.1:50763 - R:localhost/127.0.0.1:8084] Received last HTTP packet
10:13:41.642 [reactor-http-nio-1] DEBUG org.springframework.core.codec.StringDecoder - [14d74033] Decoded "867"
10:13:41.642 [reactor-http-nio-1] DEBUG reactor.netty.resources.PooledConnectionProvider - [id: 0x713ad321, L:/127.0.0.1:50763 - R:localhost/127.0.0.1:8084] onStateChange(GET{uri=/attractionRewardPoint?attractionId=12644e11-9f64-4029-b1f7-7d257c6a12f2&userId=dcf5c949-212e-4023-8c99-d09229d2d7cc, connection=PooledConnection{channel=[id: 0x713ad321, L:/127.0.0.1:50763 - R:localhost/127.0.0.1:8084]}}, [disconnecting])
10:13:41.642 [reactor-http-nio-1] DEBUG reactor.netty.resources.PooledConnectionProvider - [id: 0x713ad321, L:/127.0.0.1:50763 - R:localhost/127.0.0.1:8084] Releasing channel
10:13:41.642 [reactor-http-nio-1] DEBUG reactor.netty.resources.PooledConnectionProvider - [id: 0x713ad321, L:/127.0.0.1:50763 - R:localhost/127.0.0.1:8084] Channel cleaned, now 16 active connections and 78 inactive connections
10:13:41.652 [reactor-http-nio-2] DEBUG reactor.netty.http.client.HttpClientOperations - [id: 0xc07d744c, L:/127.0.0.1:50611 - R:localhost/127.0.0.1:8084] Received response (auto-read:false) : [Content-Type=application/json, Transfer-Encoding=chunked, Date=Tue, 07 Jun 2022 09:13:41 GMT]
10:13:41.652 [reactor-http-nio-2] DEBUG reactor.netty.resources.PooledConnectionProvider - [id: 0xc07d744c, L:/127.0.0.1:50611 - R:localhost/127.0.0.1:8084] onStateChange(GET{uri=/attractionRewardPoint?attractionId=6205f48a-2348-4857-8741-876e405668a7&userId=a1daf087-3aa2-49cc-83e9-8095169ad8b1, connection=PooledConnection{channel=[id: 0xc07d744c, L:/127.0.0.1:50611 - R:localhost/127.0.0.1:8084]}}, [response_received])
10:13:41.652 [reactor-http-nio-2] DEBUG org.springframework.web.reactive.function.client.ExchangeFunctions - [3b7e5627] Response 200 OK
10:13:41.652 [reactor-http-nio-2] DEBUG reactor.netty.channel.FluxReceive - [id: 0xc07d744c, L:/127.0.0.1:50611 - R:localhost/127.0.0.1:8084] Subscribing inbound receiver [pending: 0, cancelled:false, inboundDone: false]
10:13:41.653 [reactor-http-nio-2] DEBUG reactor.netty.http.client.HttpClientOperations - [id: 0xc07d744c, L:/127.0.0.1:50611 - R:localhost/127.0.0.1:8084] Received last HTTP packet
10:13:41.653 [reactor-http-nio-2] DEBUG org.springframework.core.codec.StringDecoder - [3b7e5627] Decoded "825"
10:13:41.653 [reactor-http-nio-2] DEBUG reactor.netty.resources.PooledConnectionProvider - [id: 0xc07d744c, L:/127.0.0.1:50611 - R:localhost/127.0.0.1:8084] onStateChange(GET{uri=/attractionRewardPoint?attractionId=6205f48a-2348-4857-8741-876e405668a7&userId=a1daf087-3aa2-49cc-83e9-8095169ad8b1, connection=PooledConnection{channel=[id: 0xc07d744c, L:/127.0.0.1:50611 - R:localhost/127.0.0.1:8084]}}, [disconnecting])
10:13:41.653 [reactor-http-nio-2] DEBUG reactor.netty.resources.PooledConnectionProvider - [id: 0xc07d744c, L:/127.0.0.1:50611 - R:localhost/127.0.0.1:8084] Releasing channel
10:13:41.653 [reactor-http-nio-2] DEBUG reactor.netty.resources.PooledConnectionProvider - [id: 0xc07d744c, L:/127.0.0.1:50611 - R:localhost/127.0.0.1:8084] Channel cleaned, now 15 active connections and 79 inactive connections
10:13:41.655 [reactor-http-nio-4] DEBUG reactor.netty.http.client.HttpClientOperations - [id: 0x004c7bc8, L:/127.0.0.1:50743 - R:localhost/127.0.0.1:8084] Received response (auto-read:false) : [Content-Type=application/json, Transfer-Encoding=chunked, Date=Tue, 07 Jun 2022 09:13:41 GMT]
10:13:41.655 [reactor-http-nio-4] DEBUG reactor.netty.resources.PooledConnectionProvider - [id: 0x004c7bc8, L:/127.0.0.1:50743 - R:localhost/127.0.0.1:8084] onStateChange(GET{uri=/attractionRewardPoint?attractionId=9d1e7774-f458-4c27-93a9-7923c4536dce&userId=f86c0c70-fb97-45b0-a2f0-f47dfe26c0d2, connection=PooledConnection{channel=[id: 0x004c7bc8, L:/127.0.0.1:50743 - R:localhost/127.0.0.1:8084]}}, [response_received])
10:13:41.655 [reactor-http-nio-4] DEBUG org.springframework.web.reactive.function.client.ExchangeFunctions - [95569fc] Response 200 OK
10:13:41.655 [reactor-http-nio-4] DEBUG reactor.netty.channel.FluxReceive - [id: 0x004c7bc8, L:/127.0.0.1:50743 - R:localhost/127.0.0.1:8084] Subscribing inbound receiver [pending: 0, cancelled:false, inboundDone: false]
10:13:41.655 [reactor-http-nio-4] DEBUG reactor.netty.http.client.HttpClientOperations - [id: 0x004c7bc8, L:/127.0.0.1:50743 - R:localhost/127.0.0.1:8084] Received last HTTP packet
10:13:41.656 [reactor-http-nio-4] DEBUG org.springframework.core.codec.StringDecoder - [95569fc] Decoded "982"
10:13:41.656 [reactor-http-nio-4] DEBUG reactor.netty.resources.PooledConnectionProvider - [id: 0x004c7bc8, L:/127.0.0.1:50743 - R:localhost/127.0.0.1:8084] onStateChange(GET{uri=/attractionRewardPoint?attractionId=9d1e7774-f458-4c27-93a9-7923c4536dce&userId=f86c0c70-fb97-45b0-a2f0-f47dfe26c0d2, connection=PooledConnection{channel=[id: 0x004c7bc8, L:/127.0.0.1:50743 - R:localhost/127.0.0.1:8084]}}, [disconnecting])
10:13:41.656 [reactor-http-nio-4] DEBUG reactor.netty.resources.PooledConnectionProvider - [id: 0x004c7bc8, L:/127.0.0.1:50743 - R:localhost/127.0.0.1:8084] Releasing channel
10:13:41.656 [reactor-http-nio-4] DEBUG reactor.netty.resources.PooledConnectionProvider - [id: 0x004c7bc8, L:/127.0.0.1:50743 - R:localhost/127.0.0.1:8084] Channel cleaned, now 14 active connections and 80 inactive connections
10:13:41.656 [reactor-http-nio-3] DEBUG reactor.netty.http.client.HttpClientOperations - [id: 0xa3626cd8, L:/127.0.0.1:50681 - R:localhost/127.0.0.1:8083] Received response (auto-read:false) : [Content-Type=application/json, Transfer-Encoding=chunked, Date=Tue, 07 Jun 2022 09:13:41 GMT]
10:13:41.656 [reactor-http-nio-3] DEBUG reactor.netty.resources.PooledConnectionProvider - [id: 0xa3626cd8, L:/127.0.0.1:50681 - R:localhost/127.0.0.1:8083] onStateChange(GET{uri=/userLocation?userId=42eb901d-40e0-45aa-b19c-61c5dcd033b9, connection=PooledConnection{channel=[id: 0xa3626cd8, L:/127.0.0.1:50681 - R:localhost/127.0.0.1:8083]}}, [response_received])
10:13:41.657 [reactor-http-nio-4] DEBUG reactor.netty.http.client.HttpClientOperations - [id: 0x2f294f73, L:/127.0.0.1:50771 - R:localhost/127.0.0.1:8084] Received response (auto-read:false) : [Content-Type=application/json, Transfer-Encoding=chunked, Date=Tue, 07 Jun 2022 09:13:41 GMT]
10:13:41.657 [reactor-http-nio-4] DEBUG reactor.netty.resources.PooledConnectionProvider - [id: 0x2f294f73, L:/127.0.0.1:50771 - R:localhost/127.0.0.1:8084] onStateChange(GET{uri=/attractionRewardPoint?attractionId=2ab1bb0d-e838-4d01-af66-a857d7aa9a38&userId=178b58c8-2073-4fad-8256-3f2caeee26c6, connection=PooledConnection{channel=[id: 0x2f294f73, L:/127.0.0.1:50771 - R:localhost/127.0.0.1:8084]}}, [response_received])
10:13:41.657 [reactor-http-nio-3] DEBUG org.springframework.web.reactive.function.client.ExchangeFunctions - [ea802fb] Response 200 OK
10:13:41.657 [reactor-http-nio-4] DEBUG org.springframework.web.reactive.function.client.ExchangeFunctions - [7595589e] Response 200 OK
10:13:41.657 [reactor-http-nio-4] DEBUG reactor.netty.channel.FluxReceive - [id: 0x2f294f73, L:/127.0.0.1:50771 - R:localhost/127.0.0.1:8084] Subscribing inbound receiver [pending: 0, cancelled:false, inboundDone: false]
10:13:41.657 [reactor-http-nio-3] DEBUG reactor.netty.channel.FluxReceive - [id: 0xa3626cd8, L:/127.0.0.1:50681 - R:localhost/127.0.0.1:8083] Subscribing inbound receiver [pending: 0, cancelled:false, inboundDone: false]
10:13:41.657 [reactor-http-nio-3] DEBUG reactor.netty.http.client.HttpClientOperations - [id: 0xa3626cd8, L:/127.0.0.1:50681 - R:localhost/127.0.0.1:8083] Received last HTTP packet
10:13:41.658 [reactor-http-nio-3] DEBUG org.springframework.core.codec.StringDecoder - [ea802fb] Decoded "{"userId":"42eb901d-40e0-45aa-b19c-61c5dcd033b9","location":{"longitude":-61.518086,"latitude":73.8 (truncated)...
10:13:41.658 [reactor-http-nio-3] DEBUG reactor.netty.resources.PooledConnectionProvider - [id: 0xa3626cd8, L:/127.0.0.1:50681 - R:localhost/127.0.0.1:8083] onStateChange(GET{uri=/userLocation?userId=42eb901d-40e0-45aa-b19c-61c5dcd033b9, connection=PooledConnection{channel=[id: 0xa3626cd8, L:/127.0.0.1:50681 - R:localhost/127.0.0.1:8083]}}, [disconnecting])
10:13:41.658 [reactor-http-nio-3] DEBUG reactor.netty.resources.PooledConnectionProvider - [id: 0xa3626cd8, L:/127.0.0.1:50681 - R:localhost/127.0.0.1:8083] Releasing channel
10:13:41.658 [reactor-http-nio-3] DEBUG reactor.netty.resources.PooledConnectionProvider - [id: 0xa3626cd8, L:/127.0.0.1:50681 - R:localhost/127.0.0.1:8083] Channel cleaned, now 0 active connections and 91 inactive connections
10:13:41.659 [reactor-http-nio-4] DEBUG reactor.netty.http.client.HttpClientOperations - [id: 0x2f294f73, L:/127.0.0.1:50771 - R:localhost/127.0.0.1:8084] Received last HTTP packet
10:13:41.659 [reactor-http-nio-4] DEBUG org.springframework.core.codec.StringDecoder - [7595589e] Decoded "192"
10:13:41.659 [reactor-http-nio-4] DEBUG reactor.netty.resources.PooledConnectionProvider - [id: 0x2f294f73, L:/127.0.0.1:50771 - R:localhost/127.0.0.1:8084] onStateChange(GET{uri=/attractionRewardPoint?attractionId=2ab1bb0d-e838-4d01-af66-a857d7aa9a38&userId=178b58c8-2073-4fad-8256-3f2caeee26c6, connection=PooledConnection{channel=[id: 0x2f294f73, L:/127.0.0.1:50771 - R:localhost/127.0.0.1:8084]}}, [disconnecting])
10:13:41.659 [reactor-http-nio-4] DEBUG reactor.netty.resources.PooledConnectionProvider - [id: 0x2f294f73, L:/127.0.0.1:50771 - R:localhost/127.0.0.1:8084] Releasing channel
10:13:41.659 [reactor-http-nio-4] DEBUG reactor.netty.resources.PooledConnectionProvider - [id: 0x2f294f73, L:/127.0.0.1:50771 - R:localhost/127.0.0.1:8084] Channel cleaned, now 13 active connections and 81 inactive connections
10:13:41.660 [pool-9-thread-1] DEBUG org.springframework.web.reactive.function.client.ExchangeFunctions - [51b2710b] HTTP GET http://localhost:8083/attractions
10:13:41.661 [reactor-http-nio-4] DEBUG reactor.netty.resources.PooledConnectionProvider - [id: 0xb37fd56e, L:/127.0.0.1:50615 - R:localhost/127.0.0.1:8083] Channel acquired, now 1 active connections and 90 inactive connections
10:13:41.661 [reactor-http-nio-4] DEBUG reactor.netty.http.client.HttpClientConnect - [id: 0xb37fd56e, L:/127.0.0.1:50615 - R:localhost/127.0.0.1:8083] Handler is being applied: {uri=http://localhost:8083/attractions, method=GET}
10:13:41.661 [reactor-http-nio-4] DEBUG reactor.netty.resources.PooledConnectionProvider - [id: 0xb37fd56e, L:/127.0.0.1:50615 - R:localhost/127.0.0.1:8083] onStateChange(GET{uri=/attractions, connection=PooledConnection{channel=[id: 0xb37fd56e, L:/127.0.0.1:50615 - R:localhost/127.0.0.1:8083]}}, [request_sent])
10:13:41.664 [reactor-http-nio-3] DEBUG reactor.netty.http.client.HttpClientOperations - [id: 0xace8fdd1, L:/127.0.0.1:50761 - R:localhost/127.0.0.1:8084] Received response (auto-read:false) : [Content-Type=application/json, Transfer-Encoding=chunked, Date=Tue, 07 Jun 2022 09:13:41 GMT]
10:13:41.664 [reactor-http-nio-3] DEBUG reactor.netty.resources.PooledConnectionProvider - [id: 0xace8fdd1, L:/127.0.0.1:50761 - R:localhost/127.0.0.1:8084] onStateChange(GET{uri=/attractionRewardPoint?attractionId=2345652d-679d-4e87-b59d-3db70fcc406a&userId=f1a958f1-a203-4c4d-b774-af42ad526b42, connection=PooledConnection{channel=[id: 0xace8fdd1, L:/127.0.0.1:50761 - R:localhost/127.0.0.1:8084]}}, [response_received])
10:13:41.664 [reactor-http-nio-3] DEBUG org.springframework.web.reactive.function.client.ExchangeFunctions - [29a6f1d4] Response 200 OK
10:13:41.664 [reactor-http-nio-3] DEBUG reactor.netty.channel.FluxReceive - [id: 0xace8fdd1, L:/127.0.0.1:50761 - R:localhost/127.0.0.1:8084] Subscribing inbound receiver [pending: 0, cancelled:false, inboundDone: false]
10:13:41.665 [reactor-http-nio-3] DEBUG reactor.netty.http.client.HttpClientOperations - [id: 0xace8fdd1, L:/127.0.0.1:50761 - R:localhost/127.0.0.1:8084] Received last HTTP packet
10:13:41.665 [reactor-http-nio-3] DEBUG org.springframework.core.codec.StringDecoder - [29a6f1d4] Decoded "997"
10:13:41.665 [reactor-http-nio-3] DEBUG reactor.netty.resources.PooledConnectionProvider - [id: 0xace8fdd1, L:/127.0.0.1:50761 - R:localhost/127.0.0.1:8084] onStateChange(GET{uri=/attractionRewardPoint?attractionId=2345652d-679d-4e87-b59d-3db70fcc406a&userId=f1a958f1-a203-4c4d-b774-af42ad526b42, connection=PooledConnection{channel=[id: 0xace8fdd1, L:/127.0.0.1:50761 - R:localhost/127.0.0.1:8084]}}, [disconnecting])
10:13:41.665 [reactor-http-nio-3] DEBUG reactor.netty.resources.PooledConnectionProvider - [id: 0xace8fdd1, L:/127.0.0.1:50761 - R:localhost/127.0.0.1:8084] Releasing channel
10:13:41.665 [reactor-http-nio-3] DEBUG reactor.netty.resources.PooledConnectionProvider - [id: 0xace8fdd1, L:/127.0.0.1:50761 - R:localhost/127.0.0.1:8084] Channel cleaned, now 12 active connections and 82 inactive connections
10:13:41.674 [reactor-http-nio-4] DEBUG reactor.netty.http.client.HttpClientOperations - [id: 0xb37fd56e, L:/127.0.0.1:50615 - R:localhost/127.0.0.1:8083] Received response (auto-read:false) : [Content-Type=application/json, Transfer-Encoding=chunked, Date=Tue, 07 Jun 2022 09:13:41 GMT]
10:13:41.674 [reactor-http-nio-4] DEBUG reactor.netty.resources.PooledConnectionProvider - [id: 0xb37fd56e, L:/127.0.0.1:50615 - R:localhost/127.0.0.1:8083] onStateChange(GET{uri=/attractions, connection=PooledConnection{channel=[id: 0xb37fd56e, L:/127.0.0.1:50615 - R:localhost/127.0.0.1:8083]}}, [response_received])
10:13:41.674 [reactor-http-nio-4] DEBUG org.springframework.web.reactive.function.client.ExchangeFunctions - [51b2710b] Response 200 OK
10:13:41.674 [reactor-http-nio-4] DEBUG reactor.netty.channel.FluxReceive - [id: 0xb37fd56e, L:/127.0.0.1:50615 - R:localhost/127.0.0.1:8083] Subscribing inbound receiver [pending: 0, cancelled:false, inboundDone: false]
10:13:41.674 [reactor-http-nio-4] DEBUG reactor.netty.http.client.HttpClientOperations - [id: 0xb37fd56e, L:/127.0.0.1:50615 - R:localhost/127.0.0.1:8083] Received last HTTP packet
10:13:41.675 [reactor-http-nio-4] DEBUG org.springframework.core.codec.StringDecoder - [51b2710b] Decoded "[{"longitude":-117.922008,"latitude":33.817595,"attractionName":"Disneyland","city":"Anaheim","stat (truncated)...
10:13:41.675 [reactor-http-nio-4] DEBUG reactor.netty.resources.PooledConnectionProvider - [id: 0xb37fd56e, L:/127.0.0.1:50615 - R:localhost/127.0.0.1:8083] onStateChange(GET{uri=/attractions, connection=PooledConnection{channel=[id: 0xb37fd56e, L:/127.0.0.1:50615 - R:localhost/127.0.0.1:8083]}}, [disconnecting])
10:13:41.675 [reactor-http-nio-4] DEBUG reactor.netty.resources.PooledConnectionProvider - [id: 0xb37fd56e, L:/127.0.0.1:50615 - R:localhost/127.0.0.1:8083] Releasing channel
10:13:41.675 [reactor-http-nio-4] DEBUG reactor.netty.resources.PooledConnectionProvider - [id: 0xb37fd56e, L:/127.0.0.1:50615 - R:localhost/127.0.0.1:8083] Channel cleaned, now 0 active connections and 91 inactive connections
10:13:41.676 [pool-9-thread-1] DEBUG org.springframework.web.reactive.function.client.ExchangeFunctions - [2d4b142a] HTTP GET http://localhost:8083/userLocation?userId=364f79d7-e492-4542-8236-11188f6eb144
10:13:41.677 [reactor-http-nio-4] DEBUG reactor.netty.resources.PooledConnectionProvider - [id: 0xce2e26b5, L:/127.0.0.1:50623 - R:localhost/127.0.0.1:8083] Channel acquired, now 1 active connections and 90 inactive connections
10:13:41.677 [reactor-http-nio-4] DEBUG reactor.netty.http.client.HttpClientConnect - [id: 0xce2e26b5, L:/127.0.0.1:50623 - R:localhost/127.0.0.1:8083] Handler is being applied: {uri=http://localhost:8083/userLocation?userId=364f79d7-e492-4542-8236-11188f6eb144, method=GET}
10:13:41.678 [reactor-http-nio-4] DEBUG reactor.netty.resources.PooledConnectionProvider - [id: 0xce2e26b5, L:/127.0.0.1:50623 - R:localhost/127.0.0.1:8083] onStateChange(GET{uri=/userLocation?userId=364f79d7-e492-4542-8236-11188f6eb144, connection=PooledConnection{channel=[id: 0xce2e26b5, L:/127.0.0.1:50623 - R:localhost/127.0.0.1:8083]}}, [request_sent])
10:13:41.686 [reactor-http-nio-2] DEBUG reactor.netty.http.client.HttpClientOperations - [id: 0x1cbe9dd2, L:/127.0.0.1:50733 - R:localhost/127.0.0.1:8084] Received response (auto-read:false) : [Content-Type=application/json, Transfer-Encoding=chunked, Date=Tue, 07 Jun 2022 09:13:41 GMT]
10:13:41.686 [reactor-http-nio-2] DEBUG reactor.netty.resources.PooledConnectionProvider - [id: 0x1cbe9dd2, L:/127.0.0.1:50733 - R:localhost/127.0.0.1:8084] onStateChange(GET{uri=/attractionRewardPoint?attractionId=c0d4426c-ce7e-4717-9e81-7b06e02ca776&userId=d86715d6-ae33-4242-b191-06483d5be15c, connection=PooledConnection{channel=[id: 0x1cbe9dd2, L:/127.0.0.1:50733 - R:localhost/127.0.0.1:8084]}}, [response_received])
10:13:41.686 [reactor-http-nio-2] DEBUG org.springframework.web.reactive.function.client.ExchangeFunctions - [123f5447] Response 200 OK
10:13:41.686 [reactor-http-nio-2] DEBUG reactor.netty.channel.FluxReceive - [id: 0x1cbe9dd2, L:/127.0.0.1:50733 - R:localhost/127.0.0.1:8084] Subscribing inbound receiver [pending: 0, cancelled:false, inboundDone: false]
10:13:41.687 [reactor-http-nio-2] DEBUG reactor.netty.http.client.HttpClientOperations - [id: 0x1cbe9dd2, L:/127.0.0.1:50733 - R:localhost/127.0.0.1:8084] Received last HTTP packet
10:13:41.687 [reactor-http-nio-2] DEBUG org.springframework.core.codec.StringDecoder - [123f5447] Decoded "511"
10:13:41.687 [reactor-http-nio-2] DEBUG reactor.netty.resources.PooledConnectionProvider - [id: 0x1cbe9dd2, L:/127.0.0.1:50733 - R:localhost/127.0.0.1:8084] onStateChange(GET{uri=/attractionRewardPoint?attractionId=c0d4426c-ce7e-4717-9e81-7b06e02ca776&userId=d86715d6-ae33-4242-b191-06483d5be15c, connection=PooledConnection{channel=[id: 0x1cbe9dd2, L:/127.0.0.1:50733 - R:localhost/127.0.0.1:8084]}}, [disconnecting])
10:13:41.687 [reactor-http-nio-2] DEBUG reactor.netty.resources.PooledConnectionProvider - [id: 0x1cbe9dd2, L:/127.0.0.1:50733 - R:localhost/127.0.0.1:8084] Releasing channel
10:13:41.687 [reactor-http-nio-2] DEBUG reactor.netty.resources.PooledConnectionProvider - [id: 0x1cbe9dd2, L:/127.0.0.1:50733 - R:localhost/127.0.0.1:8084] Channel cleaned, now 11 active connections and 83 inactive connections
10:13:41.689 [reactor-http-nio-2] DEBUG reactor.netty.http.client.HttpClientOperations - [id: 0x81dd93d6, L:/127.0.0.1:50787 - R:localhost/127.0.0.1:8084] Received response (auto-read:false) : [Content-Type=application/json, Transfer-Encoding=chunked, Date=Tue, 07 Jun 2022 09:13:41 GMT]
10:13:41.689 [reactor-http-nio-2] DEBUG reactor.netty.resources.PooledConnectionProvider - [id: 0x81dd93d6, L:/127.0.0.1:50787 - R:localhost/127.0.0.1:8084] onStateChange(GET{uri=/attractionRewardPoint?attractionId=b48fd3e6-4d07-4aef-b4a6-9c5d86b1ff5f&userId=98a7b76b-be48-43e8-8768-8bdb276972ff, connection=PooledConnection{channel=[id: 0x81dd93d6, L:/127.0.0.1:50787 - R:localhost/127.0.0.1:8084]}}, [response_received])
10:13:41.689 [reactor-http-nio-2] DEBUG org.springframework.web.reactive.function.client.ExchangeFunctions - [50204e3c] Response 200 OK
10:13:41.689 [reactor-http-nio-2] DEBUG reactor.netty.channel.FluxReceive - [id: 0x81dd93d6, L:/127.0.0.1:50787 - R:localhost/127.0.0.1:8084] Subscribing inbound receiver [pending: 0, cancelled:false, inboundDone: false]
10:13:41.690 [reactor-http-nio-2] DEBUG reactor.netty.http.client.HttpClientOperations - [id: 0x81dd93d6, L:/127.0.0.1:50787 - R:localhost/127.0.0.1:8084] Received last HTTP packet
10:13:41.690 [reactor-http-nio-2] DEBUG org.springframework.core.codec.StringDecoder - [50204e3c] Decoded "59"
10:13:41.690 [reactor-http-nio-2] DEBUG reactor.netty.resources.PooledConnectionProvider - [id: 0x81dd93d6, L:/127.0.0.1:50787 - R:localhost/127.0.0.1:8084] onStateChange(GET{uri=/attractionRewardPoint?attractionId=b48fd3e6-4d07-4aef-b4a6-9c5d86b1ff5f&userId=98a7b76b-be48-43e8-8768-8bdb276972ff, connection=PooledConnection{channel=[id: 0x81dd93d6, L:/127.0.0.1:50787 - R:localhost/127.0.0.1:8084]}}, [disconnecting])
10:13:41.690 [reactor-http-nio-2] DEBUG reactor.netty.resources.PooledConnectionProvider - [id: 0x81dd93d6, L:/127.0.0.1:50787 - R:localhost/127.0.0.1:8084] Releasing channel
10:13:41.690 [reactor-http-nio-2] DEBUG reactor.netty.resources.PooledConnectionProvider - [id: 0x81dd93d6, L:/127.0.0.1:50787 - R:localhost/127.0.0.1:8084] Channel cleaned, now 10 active connections and 84 inactive connections
10:13:41.692 [reactor-http-nio-2] DEBUG reactor.netty.http.client.HttpClientOperations - [id: 0xe6f93d55, L:/127.0.0.1:50794 - R:localhost/127.0.0.1:8084] Received response (auto-read:false) : [Content-Type=application/json, Transfer-Encoding=chunked, Date=Tue, 07 Jun 2022 09:13:41 GMT]
10:13:41.692 [reactor-http-nio-2] DEBUG reactor.netty.resources.PooledConnectionProvider - [id: 0xe6f93d55, L:/127.0.0.1:50794 - R:localhost/127.0.0.1:8084] onStateChange(GET{uri=/attractionRewardPoint?attractionId=e16b91d0-dfb8-4e04-98de-a099dfc938ee&userId=b7a0c44e-f215-46e6-b165-a100d3e85abb, connection=PooledConnection{channel=[id: 0xe6f93d55, L:/127.0.0.1:50794 - R:localhost/127.0.0.1:8084]}}, [response_received])
10:13:41.692 [reactor-http-nio-2] DEBUG org.springframework.web.reactive.function.client.ExchangeFunctions - [6b8c1e76] Response 200 OK
10:13:41.692 [reactor-http-nio-2] DEBUG reactor.netty.channel.FluxReceive - [id: 0xe6f93d55, L:/127.0.0.1:50794 - R:localhost/127.0.0.1:8084] Subscribing inbound receiver [pending: 0, cancelled:false, inboundDone: false]
10:13:41.693 [reactor-http-nio-2] DEBUG reactor.netty.http.client.HttpClientOperations - [id: 0xe6f93d55, L:/127.0.0.1:50794 - R:localhost/127.0.0.1:8084] Received last HTTP packet
10:13:41.693 [reactor-http-nio-2] DEBUG org.springframework.core.codec.StringDecoder - [6b8c1e76] Decoded "425"
10:13:41.693 [reactor-http-nio-2] DEBUG reactor.netty.resources.PooledConnectionProvider - [id: 0xe6f93d55, L:/127.0.0.1:50794 - R:localhost/127.0.0.1:8084] onStateChange(GET{uri=/attractionRewardPoint?attractionId=e16b91d0-dfb8-4e04-98de-a099dfc938ee&userId=b7a0c44e-f215-46e6-b165-a100d3e85abb, connection=PooledConnection{channel=[id: 0xe6f93d55, L:/127.0.0.1:50794 - R:localhost/127.0.0.1:8084]}}, [disconnecting])
10:13:41.693 [reactor-http-nio-2] DEBUG reactor.netty.resources.PooledConnectionProvider - [id: 0xe6f93d55, L:/127.0.0.1:50794 - R:localhost/127.0.0.1:8084] Releasing channel
10:13:41.693 [reactor-http-nio-2] DEBUG reactor.netty.resources.PooledConnectionProvider - [id: 0xe6f93d55, L:/127.0.0.1:50794 - R:localhost/127.0.0.1:8084] Channel cleaned, now 9 active connections and 85 inactive connections
10:13:41.716 [reactor-http-nio-1] DEBUG reactor.netty.http.client.HttpClientOperations - [id: 0xc183b5df, L:/127.0.0.1:50758 - R:localhost/127.0.0.1:8084] Received response (auto-read:false) : [Content-Type=application/json, Transfer-Encoding=chunked, Date=Tue, 07 Jun 2022 09:13:41 GMT]
10:13:41.716 [reactor-http-nio-1] DEBUG reactor.netty.resources.PooledConnectionProvider - [id: 0xc183b5df, L:/127.0.0.1:50758 - R:localhost/127.0.0.1:8084] onStateChange(GET{uri=/attractionRewardPoint?attractionId=e02d00af-5933-4e2f-b2d7-d830f602f5e8&userId=d21ced5f-ec5b-45dc-ae90-65d4cef57d36, connection=PooledConnection{channel=[id: 0xc183b5df, L:/127.0.0.1:50758 - R:localhost/127.0.0.1:8084]}}, [response_received])
10:13:41.716 [reactor-http-nio-1] DEBUG org.springframework.web.reactive.function.client.ExchangeFunctions - [5a9cd528] Response 200 OK
10:13:41.716 [reactor-http-nio-1] DEBUG reactor.netty.channel.FluxReceive - [id: 0xc183b5df, L:/127.0.0.1:50758 - R:localhost/127.0.0.1:8084] Subscribing inbound receiver [pending: 0, cancelled:false, inboundDone: false]
10:13:41.717 [reactor-http-nio-1] DEBUG reactor.netty.http.client.HttpClientOperations - [id: 0xc183b5df, L:/127.0.0.1:50758 - R:localhost/127.0.0.1:8084] Received last HTTP packet
10:13:41.717 [reactor-http-nio-1] DEBUG org.springframework.core.codec.StringDecoder - [5a9cd528] Decoded "390"
10:13:41.717 [reactor-http-nio-1] DEBUG reactor.netty.resources.PooledConnectionProvider - [id: 0xc183b5df, L:/127.0.0.1:50758 - R:localhost/127.0.0.1:8084] onStateChange(GET{uri=/attractionRewardPoint?attractionId=e02d00af-5933-4e2f-b2d7-d830f602f5e8&userId=d21ced5f-ec5b-45dc-ae90-65d4cef57d36, connection=PooledConnection{channel=[id: 0xc183b5df, L:/127.0.0.1:50758 - R:localhost/127.0.0.1:8084]}}, [disconnecting])
10:13:41.717 [reactor-http-nio-1] DEBUG reactor.netty.resources.PooledConnectionProvider - [id: 0xc183b5df, L:/127.0.0.1:50758 - R:localhost/127.0.0.1:8084] Releasing channel
10:13:41.717 [reactor-http-nio-1] DEBUG reactor.netty.resources.PooledConnectionProvider - [id: 0xc183b5df, L:/127.0.0.1:50758 - R:localhost/127.0.0.1:8084] Channel cleaned, now 8 active connections and 86 inactive connections
10:13:41.720 [reactor-http-nio-3] DEBUG reactor.netty.http.client.HttpClientOperations - [id: 0xdeb3f006, L:/127.0.0.1:50739 - R:localhost/127.0.0.1:8084] Received response (auto-read:false) : [Content-Type=application/json, Transfer-Encoding=chunked, Date=Tue, 07 Jun 2022 09:13:41 GMT]
10:13:41.720 [reactor-http-nio-3] DEBUG reactor.netty.resources.PooledConnectionProvider - [id: 0xdeb3f006, L:/127.0.0.1:50739 - R:localhost/127.0.0.1:8084] onStateChange(GET{uri=/attractionRewardPoint?attractionId=1a1549ea-a149-4d05-b7af-8e000c2f6e34&userId=ad624b30-b314-4c79-bf83-0952ae3877b7, connection=PooledConnection{channel=[id: 0xdeb3f006, L:/127.0.0.1:50739 - R:localhost/127.0.0.1:8084]}}, [response_received])
10:13:41.720 [reactor-http-nio-3] DEBUG org.springframework.web.reactive.function.client.ExchangeFunctions - [5db61118] Response 200 OK
10:13:41.721 [reactor-http-nio-3] DEBUG reactor.netty.channel.FluxReceive - [id: 0xdeb3f006, L:/127.0.0.1:50739 - R:localhost/127.0.0.1:8084] Subscribing inbound receiver [pending: 0, cancelled:false, inboundDone: false]
10:13:41.722 [reactor-http-nio-3] DEBUG reactor.netty.http.client.HttpClientOperations - [id: 0xdeb3f006, L:/127.0.0.1:50739 - R:localhost/127.0.0.1:8084] Received last HTTP packet
10:13:41.722 [reactor-http-nio-3] DEBUG org.springframework.core.codec.StringDecoder - [5db61118] Decoded "216"
10:13:41.722 [reactor-http-nio-3] DEBUG reactor.netty.resources.PooledConnectionProvider - [id: 0xdeb3f006, L:/127.0.0.1:50739 - R:localhost/127.0.0.1:8084] onStateChange(GET{uri=/attractionRewardPoint?attractionId=1a1549ea-a149-4d05-b7af-8e000c2f6e34&userId=ad624b30-b314-4c79-bf83-0952ae3877b7, connection=PooledConnection{channel=[id: 0xdeb3f006, L:/127.0.0.1:50739 - R:localhost/127.0.0.1:8084]}}, [disconnecting])
10:13:41.722 [reactor-http-nio-3] DEBUG reactor.netty.resources.PooledConnectionProvider - [id: 0xdeb3f006, L:/127.0.0.1:50739 - R:localhost/127.0.0.1:8084] Releasing channel
10:13:41.722 [reactor-http-nio-3] DEBUG reactor.netty.resources.PooledConnectionProvider - [id: 0xdeb3f006, L:/127.0.0.1:50739 - R:localhost/127.0.0.1:8084] Channel cleaned, now 7 active connections and 87 inactive connections
10:13:41.743 [reactor-http-nio-2] DEBUG reactor.netty.http.client.HttpClientOperations - [id: 0x44171484, L:/127.0.0.1:50782 - R:localhost/127.0.0.1:8084] Received response (auto-read:false) : [Content-Type=application/json, Transfer-Encoding=chunked, Date=Tue, 07 Jun 2022 09:13:41 GMT]
10:13:41.743 [reactor-http-nio-2] DEBUG reactor.netty.resources.PooledConnectionProvider - [id: 0x44171484, L:/127.0.0.1:50782 - R:localhost/127.0.0.1:8084] onStateChange(GET{uri=/attractionRewardPoint?attractionId=8e47c2b3-ac52-4da0-85ea-ce3045cb5855&userId=d68abac2-f1e4-42b9-ba51-1e6a14d59d8d, connection=PooledConnection{channel=[id: 0x44171484, L:/127.0.0.1:50782 - R:localhost/127.0.0.1:8084]}}, [response_received])
10:13:41.743 [reactor-http-nio-2] DEBUG org.springframework.web.reactive.function.client.ExchangeFunctions - [43ca6f37] Response 200 OK
10:13:41.743 [reactor-http-nio-2] DEBUG reactor.netty.channel.FluxReceive - [id: 0x44171484, L:/127.0.0.1:50782 - R:localhost/127.0.0.1:8084] Subscribing inbound receiver [pending: 0, cancelled:false, inboundDone: false]
10:13:41.744 [reactor-http-nio-2] DEBUG reactor.netty.http.client.HttpClientOperations - [id: 0x44171484, L:/127.0.0.1:50782 - R:localhost/127.0.0.1:8084] Received last HTTP packet
10:13:41.744 [reactor-http-nio-2] DEBUG org.springframework.core.codec.StringDecoder - [43ca6f37] Decoded "340"
10:13:41.744 [reactor-http-nio-2] DEBUG reactor.netty.resources.PooledConnectionProvider - [id: 0x44171484, L:/127.0.0.1:50782 - R:localhost/127.0.0.1:8084] onStateChange(GET{uri=/attractionRewardPoint?attractionId=8e47c2b3-ac52-4da0-85ea-ce3045cb5855&userId=d68abac2-f1e4-42b9-ba51-1e6a14d59d8d, connection=PooledConnection{channel=[id: 0x44171484, L:/127.0.0.1:50782 - R:localhost/127.0.0.1:8084]}}, [disconnecting])
10:13:41.744 [reactor-http-nio-2] DEBUG reactor.netty.resources.PooledConnectionProvider - [id: 0x44171484, L:/127.0.0.1:50782 - R:localhost/127.0.0.1:8084] Releasing channel
10:13:41.744 [reactor-http-nio-2] DEBUG reactor.netty.resources.PooledConnectionProvider - [id: 0x44171484, L:/127.0.0.1:50782 - R:localhost/127.0.0.1:8084] Channel cleaned, now 6 active connections and 88 inactive connections
10:13:41.755 [reactor-http-nio-2] DEBUG reactor.netty.http.client.HttpClientOperations - [id: 0xb1e4566b, L:/127.0.0.1:50786 - R:localhost/127.0.0.1:8084] Received response (auto-read:false) : [Content-Type=application/json, Transfer-Encoding=chunked, Date=Tue, 07 Jun 2022 09:13:41 GMT]
10:13:41.755 [reactor-http-nio-2] DEBUG reactor.netty.resources.PooledConnectionProvider - [id: 0xb1e4566b, L:/127.0.0.1:50786 - R:localhost/127.0.0.1:8084] onStateChange(GET{uri=/attractionRewardPoint?attractionId=529abaec-47fc-4a81-9a49-27e48077263b&userId=95c11f38-994f-4959-bf61-9657f40cf135, connection=PooledConnection{channel=[id: 0xb1e4566b, L:/127.0.0.1:50786 - R:localhost/127.0.0.1:8084]}}, [response_received])
10:13:41.755 [reactor-http-nio-2] DEBUG org.springframework.web.reactive.function.client.ExchangeFunctions - [60b97066] Response 200 OK
10:13:41.755 [reactor-http-nio-2] DEBUG reactor.netty.channel.FluxReceive - [id: 0xb1e4566b, L:/127.0.0.1:50786 - R:localhost/127.0.0.1:8084] Subscribing inbound receiver [pending: 0, cancelled:false, inboundDone: false]
10:13:41.756 [reactor-http-nio-2] DEBUG reactor.netty.http.client.HttpClientOperations - [id: 0xb1e4566b, L:/127.0.0.1:50786 - R:localhost/127.0.0.1:8084] Received last HTTP packet
10:13:41.756 [reactor-http-nio-2] DEBUG org.springframework.core.codec.StringDecoder - [60b97066] Decoded "154"
10:13:41.756 [reactor-http-nio-2] DEBUG reactor.netty.resources.PooledConnectionProvider - [id: 0xb1e4566b, L:/127.0.0.1:50786 - R:localhost/127.0.0.1:8084] onStateChange(GET{uri=/attractionRewardPoint?attractionId=529abaec-47fc-4a81-9a49-27e48077263b&userId=95c11f38-994f-4959-bf61-9657f40cf135, connection=PooledConnection{channel=[id: 0xb1e4566b, L:/127.0.0.1:50786 - R:localhost/127.0.0.1:8084]}}, [disconnecting])
10:13:41.756 [reactor-http-nio-2] DEBUG reactor.netty.resources.PooledConnectionProvider - [id: 0xb1e4566b, L:/127.0.0.1:50786 - R:localhost/127.0.0.1:8084] Releasing channel
10:13:41.756 [reactor-http-nio-2] DEBUG reactor.netty.resources.PooledConnectionProvider - [id: 0xb1e4566b, L:/127.0.0.1:50786 - R:localhost/127.0.0.1:8084] Channel cleaned, now 5 active connections and 89 inactive connections
10:13:41.759 [reactor-http-nio-4] DEBUG reactor.netty.http.client.HttpClientOperations - [id: 0xce2e26b5, L:/127.0.0.1:50623 - R:localhost/127.0.0.1:8083] Received response (auto-read:false) : [Content-Type=application/json, Transfer-Encoding=chunked, Date=Tue, 07 Jun 2022 09:13:41 GMT]
10:13:41.759 [reactor-http-nio-4] DEBUG reactor.netty.resources.PooledConnectionProvider - [id: 0xce2e26b5, L:/127.0.0.1:50623 - R:localhost/127.0.0.1:8083] onStateChange(GET{uri=/userLocation?userId=364f79d7-e492-4542-8236-11188f6eb144, connection=PooledConnection{channel=[id: 0xce2e26b5, L:/127.0.0.1:50623 - R:localhost/127.0.0.1:8083]}}, [response_received])
10:13:41.759 [reactor-http-nio-4] DEBUG org.springframework.web.reactive.function.client.ExchangeFunctions - [2d4b142a] Response 200 OK
10:13:41.759 [reactor-http-nio-4] DEBUG reactor.netty.channel.FluxReceive - [id: 0xce2e26b5, L:/127.0.0.1:50623 - R:localhost/127.0.0.1:8083] Subscribing inbound receiver [pending: 0, cancelled:false, inboundDone: false]
10:13:41.760 [reactor-http-nio-4] DEBUG reactor.netty.http.client.HttpClientOperations - [id: 0xce2e26b5, L:/127.0.0.1:50623 - R:localhost/127.0.0.1:8083] Received last HTTP packet
10:13:41.760 [reactor-http-nio-4] DEBUG org.springframework.core.codec.StringDecoder - [2d4b142a] Decoded "{"userId":"364f79d7-e492-4542-8236-11188f6eb144","location":{"longitude":142.921258,"latitude":-21. (truncated)...
10:13:41.760 [reactor-http-nio-4] DEBUG reactor.netty.resources.PooledConnectionProvider - [id: 0xce2e26b5, L:/127.0.0.1:50623 - R:localhost/127.0.0.1:8083] onStateChange(GET{uri=/userLocation?userId=364f79d7-e492-4542-8236-11188f6eb144, connection=PooledConnection{channel=[id: 0xce2e26b5, L:/127.0.0.1:50623 - R:localhost/127.0.0.1:8083]}}, [disconnecting])
10:13:41.760 [reactor-http-nio-4] DEBUG reactor.netty.resources.PooledConnectionProvider - [id: 0xce2e26b5, L:/127.0.0.1:50623 - R:localhost/127.0.0.1:8083] Releasing channel
10:13:41.760 [reactor-http-nio-4] DEBUG reactor.netty.resources.PooledConnectionProvider - [id: 0xce2e26b5, L:/127.0.0.1:50623 - R:localhost/127.0.0.1:8083] Channel cleaned, now 0 active connections and 91 inactive connections
10:13:41.761 [pool-9-thread-1] DEBUG org.springframework.web.reactive.function.client.ExchangeFunctions - [4c987554] HTTP GET http://localhost:8083/attractions
10:13:41.762 [reactor-http-nio-4] DEBUG reactor.netty.resources.PooledConnectionProvider - [id: 0x0fdbb1c2, L:/127.0.0.1:50680 - R:localhost/127.0.0.1:8083] Channel acquired, now 1 active connections and 90 inactive connections
10:13:41.762 [reactor-http-nio-4] DEBUG reactor.netty.http.client.HttpClientConnect - [id: 0x0fdbb1c2, L:/127.0.0.1:50680 - R:localhost/127.0.0.1:8083] Handler is being applied: {uri=http://localhost:8083/attractions, method=GET}
10:13:41.763 [reactor-http-nio-4] DEBUG reactor.netty.resources.PooledConnectionProvider - [id: 0x0fdbb1c2, L:/127.0.0.1:50680 - R:localhost/127.0.0.1:8083] onStateChange(GET{uri=/attractions, connection=PooledConnection{channel=[id: 0x0fdbb1c2, L:/127.0.0.1:50680 - R:localhost/127.0.0.1:8083]}}, [request_sent])
10:13:41.765 [reactor-http-nio-2] DEBUG reactor.netty.http.client.HttpClientOperations - [id: 0x9422b205, L:/127.0.0.1:50734 - R:localhost/127.0.0.1:8084] Received response (auto-read:false) : [Content-Type=application/json, Transfer-Encoding=chunked, Date=Tue, 07 Jun 2022 09:13:41 GMT]
10:13:41.765 [reactor-http-nio-2] DEBUG reactor.netty.resources.PooledConnectionProvider - [id: 0x9422b205, L:/127.0.0.1:50734 - R:localhost/127.0.0.1:8084] onStateChange(GET{uri=/attractionRewardPoint?attractionId=4e9a54a8-7854-458b-9cc1-6ae68f0a4a06&userId=27809b4a-942f-4c0c-9758-b7975329d5b0, connection=PooledConnection{channel=[id: 0x9422b205, L:/127.0.0.1:50734 - R:localhost/127.0.0.1:8084]}}, [response_received])
10:13:41.765 [reactor-http-nio-2] DEBUG org.springframework.web.reactive.function.client.ExchangeFunctions - [3c812d01] Response 200 OK
10:13:41.765 [reactor-http-nio-2] DEBUG reactor.netty.channel.FluxReceive - [id: 0x9422b205, L:/127.0.0.1:50734 - R:localhost/127.0.0.1:8084] Subscribing inbound receiver [pending: 0, cancelled:false, inboundDone: false]
10:13:41.766 [reactor-http-nio-2] DEBUG reactor.netty.http.client.HttpClientOperations - [id: 0x9422b205, L:/127.0.0.1:50734 - R:localhost/127.0.0.1:8084] Received last HTTP packet
10:13:41.766 [reactor-http-nio-2] DEBUG org.springframework.core.codec.StringDecoder - [3c812d01] Decoded "808"
10:13:41.766 [reactor-http-nio-2] DEBUG reactor.netty.resources.PooledConnectionProvider - [id: 0x9422b205, L:/127.0.0.1:50734 - R:localhost/127.0.0.1:8084] onStateChange(GET{uri=/attractionRewardPoint?attractionId=4e9a54a8-7854-458b-9cc1-6ae68f0a4a06&userId=27809b4a-942f-4c0c-9758-b7975329d5b0, connection=PooledConnection{channel=[id: 0x9422b205, L:/127.0.0.1:50734 - R:localhost/127.0.0.1:8084]}}, [disconnecting])
10:13:41.766 [reactor-http-nio-2] DEBUG reactor.netty.resources.PooledConnectionProvider - [id: 0x9422b205, L:/127.0.0.1:50734 - R:localhost/127.0.0.1:8084] Releasing channel
10:13:41.766 [reactor-http-nio-2] DEBUG reactor.netty.resources.PooledConnectionProvider - [id: 0x9422b205, L:/127.0.0.1:50734 - R:localhost/127.0.0.1:8084] Channel cleaned, now 4 active connections and 90 inactive connections
10:13:41.775 [reactor-http-nio-4] DEBUG reactor.netty.http.client.HttpClientOperations - [id: 0x0fdbb1c2, L:/127.0.0.1:50680 - R:localhost/127.0.0.1:8083] Received response (auto-read:false) : [Content-Type=application/json, Transfer-Encoding=chunked, Date=Tue, 07 Jun 2022 09:13:41 GMT]
10:13:41.775 [reactor-http-nio-4] DEBUG reactor.netty.resources.PooledConnectionProvider - [id: 0x0fdbb1c2, L:/127.0.0.1:50680 - R:localhost/127.0.0.1:8083] onStateChange(GET{uri=/attractions, connection=PooledConnection{channel=[id: 0x0fdbb1c2, L:/127.0.0.1:50680 - R:localhost/127.0.0.1:8083]}}, [response_received])
10:13:41.775 [reactor-http-nio-4] DEBUG org.springframework.web.reactive.function.client.ExchangeFunctions - [4c987554] Response 200 OK
10:13:41.775 [reactor-http-nio-4] DEBUG reactor.netty.channel.FluxReceive - [id: 0x0fdbb1c2, L:/127.0.0.1:50680 - R:localhost/127.0.0.1:8083] Subscribing inbound receiver [pending: 0, cancelled:false, inboundDone: false]
10:13:41.775 [reactor-http-nio-4] DEBUG reactor.netty.http.client.HttpClientOperations - [id: 0x0fdbb1c2, L:/127.0.0.1:50680 - R:localhost/127.0.0.1:8083] Received last HTTP packet
10:13:41.776 [reactor-http-nio-4] DEBUG org.springframework.core.codec.StringDecoder - [4c987554] Decoded "[{"longitude":-117.922008,"latitude":33.817595,"attractionName":"Disneyland","city":"Anaheim","stat (truncated)...
10:13:41.776 [reactor-http-nio-4] DEBUG reactor.netty.resources.PooledConnectionProvider - [id: 0x0fdbb1c2, L:/127.0.0.1:50680 - R:localhost/127.0.0.1:8083] onStateChange(GET{uri=/attractions, connection=PooledConnection{channel=[id: 0x0fdbb1c2, L:/127.0.0.1:50680 - R:localhost/127.0.0.1:8083]}}, [disconnecting])
10:13:41.776 [reactor-http-nio-4] DEBUG reactor.netty.resources.PooledConnectionProvider - [id: 0x0fdbb1c2, L:/127.0.0.1:50680 - R:localhost/127.0.0.1:8083] Releasing channel
10:13:41.776 [reactor-http-nio-4] DEBUG reactor.netty.resources.PooledConnectionProvider - [id: 0x0fdbb1c2, L:/127.0.0.1:50680 - R:localhost/127.0.0.1:8083] Channel cleaned, now 0 active connections and 91 inactive connections
10:13:41.778 [pool-9-thread-1] DEBUG org.springframework.web.reactive.function.client.ExchangeFunctions - [26919e6] HTTP GET http://localhost:8083/userLocation?userId=be98bfd0-4db0-4bff-8748-f51963965635
10:13:41.779 [reactor-http-nio-4] DEBUG reactor.netty.resources.PooledConnectionProvider - [id: 0x204ddfda, L:/127.0.0.1:50676 - R:localhost/127.0.0.1:8083] Channel acquired, now 1 active connections and 90 inactive connections
10:13:41.779 [reactor-http-nio-4] DEBUG reactor.netty.http.client.HttpClientConnect - [id: 0x204ddfda, L:/127.0.0.1:50676 - R:localhost/127.0.0.1:8083] Handler is being applied: {uri=http://localhost:8083/userLocation?userId=be98bfd0-4db0-4bff-8748-f51963965635, method=GET}
10:13:41.780 [reactor-http-nio-4] DEBUG reactor.netty.resources.PooledConnectionProvider - [id: 0x204ddfda, L:/127.0.0.1:50676 - R:localhost/127.0.0.1:8083] onStateChange(GET{uri=/userLocation?userId=be98bfd0-4db0-4bff-8748-f51963965635, connection=PooledConnection{channel=[id: 0x204ddfda, L:/127.0.0.1:50676 - R:localhost/127.0.0.1:8083]}}, [request_sent])
10:13:41.782 [reactor-http-nio-4] DEBUG reactor.netty.http.client.HttpClientOperations - [id: 0x3ef06b3f, L:/127.0.0.1:50772 - R:localhost/127.0.0.1:8084] Received response (auto-read:false) : [Content-Type=application/json, Transfer-Encoding=chunked, Date=Tue, 07 Jun 2022 09:13:41 GMT]
10:13:41.782 [reactor-http-nio-4] DEBUG reactor.netty.resources.PooledConnectionProvider - [id: 0x3ef06b3f, L:/127.0.0.1:50772 - R:localhost/127.0.0.1:8084] onStateChange(GET{uri=/attractionRewardPoint?attractionId=7e3ef129-2769-4825-bfbe-1497a8b57e0f&userId=3b542262-2bb7-4cf2-b2db-23e856b232f2, connection=PooledConnection{channel=[id: 0x3ef06b3f, L:/127.0.0.1:50772 - R:localhost/127.0.0.1:8084]}}, [response_received])
10:13:41.782 [reactor-http-nio-4] DEBUG org.springframework.web.reactive.function.client.ExchangeFunctions - [1b70720d] Response 200 OK
10:13:41.783 [reactor-http-nio-4] DEBUG reactor.netty.channel.FluxReceive - [id: 0x3ef06b3f, L:/127.0.0.1:50772 - R:localhost/127.0.0.1:8084] Subscribing inbound receiver [pending: 0, cancelled:false, inboundDone: false]
10:13:41.783 [reactor-http-nio-4] DEBUG reactor.netty.http.client.HttpClientOperations - [id: 0x3ef06b3f, L:/127.0.0.1:50772 - R:localhost/127.0.0.1:8084] Received last HTTP packet
10:13:41.784 [reactor-http-nio-4] DEBUG org.springframework.core.codec.StringDecoder - [1b70720d] Decoded "565"
10:13:41.784 [reactor-http-nio-4] DEBUG reactor.netty.resources.PooledConnectionProvider - [id: 0x3ef06b3f, L:/127.0.0.1:50772 - R:localhost/127.0.0.1:8084] onStateChange(GET{uri=/attractionRewardPoint?attractionId=7e3ef129-2769-4825-bfbe-1497a8b57e0f&userId=3b542262-2bb7-4cf2-b2db-23e856b232f2, connection=PooledConnection{channel=[id: 0x3ef06b3f, L:/127.0.0.1:50772 - R:localhost/127.0.0.1:8084]}}, [disconnecting])
10:13:41.784 [reactor-http-nio-4] DEBUG reactor.netty.resources.PooledConnectionProvider - [id: 0x3ef06b3f, L:/127.0.0.1:50772 - R:localhost/127.0.0.1:8084] Releasing channel
10:13:41.784 [reactor-http-nio-4] DEBUG reactor.netty.resources.PooledConnectionProvider - [id: 0x3ef06b3f, L:/127.0.0.1:50772 - R:localhost/127.0.0.1:8084] Channel cleaned, now 3 active connections and 91 inactive connections
10:13:41.786 [reactor-http-nio-2] DEBUG reactor.netty.http.client.HttpClientOperations - [id: 0x355a0469, L:/127.0.0.1:50788 - R:localhost/127.0.0.1:8084] Received response (auto-read:false) : [Content-Type=application/json, Transfer-Encoding=chunked, Date=Tue, 07 Jun 2022 09:13:41 GMT]
10:13:41.786 [reactor-http-nio-2] DEBUG reactor.netty.resources.PooledConnectionProvider - [id: 0x355a0469, L:/127.0.0.1:50788 - R:localhost/127.0.0.1:8084] onStateChange(GET{uri=/attractionRewardPoint?attractionId=53ca9202-99aa-480f-ad5b-359dd8c06f23&userId=068f66f5-e383-4345-af0b-b3a744bad9cc, connection=PooledConnection{channel=[id: 0x355a0469, L:/127.0.0.1:50788 - R:localhost/127.0.0.1:8084]}}, [response_received])
10:13:41.786 [reactor-http-nio-2] DEBUG org.springframework.web.reactive.function.client.ExchangeFunctions - [1c61f46d] Response 200 OK
10:13:41.786 [reactor-http-nio-2] DEBUG reactor.netty.channel.FluxReceive - [id: 0x355a0469, L:/127.0.0.1:50788 - R:localhost/127.0.0.1:8084] Subscribing inbound receiver [pending: 0, cancelled:false, inboundDone: false]
10:13:41.787 [reactor-http-nio-2] DEBUG reactor.netty.http.client.HttpClientOperations - [id: 0x355a0469, L:/127.0.0.1:50788 - R:localhost/127.0.0.1:8084] Received last HTTP packet
10:13:41.787 [reactor-http-nio-2] DEBUG org.springframework.core.codec.StringDecoder - [1c61f46d] Decoded "315"
10:13:41.787 [reactor-http-nio-2] DEBUG reactor.netty.resources.PooledConnectionProvider - [id: 0x355a0469, L:/127.0.0.1:50788 - R:localhost/127.0.0.1:8084] onStateChange(GET{uri=/attractionRewardPoint?attractionId=53ca9202-99aa-480f-ad5b-359dd8c06f23&userId=068f66f5-e383-4345-af0b-b3a744bad9cc, connection=PooledConnection{channel=[id: 0x355a0469, L:/127.0.0.1:50788 - R:localhost/127.0.0.1:8084]}}, [disconnecting])
10:13:41.787 [reactor-http-nio-2] DEBUG reactor.netty.resources.PooledConnectionProvider - [id: 0x355a0469, L:/127.0.0.1:50788 - R:localhost/127.0.0.1:8084] Releasing channel
10:13:41.787 [reactor-http-nio-2] DEBUG reactor.netty.resources.PooledConnectionProvider - [id: 0x355a0469, L:/127.0.0.1:50788 - R:localhost/127.0.0.1:8084] Channel cleaned, now 2 active connections and 92 inactive connections
10:13:41.810 [reactor-http-nio-2] DEBUG reactor.netty.http.client.HttpClientOperations - [id: 0x83dea694, L:/127.0.0.1:50784 - R:localhost/127.0.0.1:8084] Received response (auto-read:false) : [Content-Type=application/json, Transfer-Encoding=chunked, Date=Tue, 07 Jun 2022 09:13:41 GMT]
10:13:41.810 [reactor-http-nio-2] DEBUG reactor.netty.resources.PooledConnectionProvider - [id: 0x83dea694, L:/127.0.0.1:50784 - R:localhost/127.0.0.1:8084] onStateChange(GET{uri=/attractionRewardPoint?attractionId=cea37647-8ec1-4c92-b4bf-3d2c4e141011&userId=bd905a22-d917-4a90-b949-3a026760844b, connection=PooledConnection{channel=[id: 0x83dea694, L:/127.0.0.1:50784 - R:localhost/127.0.0.1:8084]}}, [response_received])
10:13:41.810 [reactor-http-nio-2] DEBUG org.springframework.web.reactive.function.client.ExchangeFunctions - [481d6816] Response 200 OK
10:13:41.810 [reactor-http-nio-2] DEBUG reactor.netty.channel.FluxReceive - [id: 0x83dea694, L:/127.0.0.1:50784 - R:localhost/127.0.0.1:8084] Subscribing inbound receiver [pending: 0, cancelled:false, inboundDone: false]
10:13:41.811 [reactor-http-nio-2] DEBUG reactor.netty.http.client.HttpClientOperations - [id: 0x83dea694, L:/127.0.0.1:50784 - R:localhost/127.0.0.1:8084] Received last HTTP packet
10:13:41.811 [reactor-http-nio-2] DEBUG org.springframework.core.codec.StringDecoder - [481d6816] Decoded "610"
10:13:41.811 [reactor-http-nio-2] DEBUG reactor.netty.resources.PooledConnectionProvider - [id: 0x83dea694, L:/127.0.0.1:50784 - R:localhost/127.0.0.1:8084] onStateChange(GET{uri=/attractionRewardPoint?attractionId=cea37647-8ec1-4c92-b4bf-3d2c4e141011&userId=bd905a22-d917-4a90-b949-3a026760844b, connection=PooledConnection{channel=[id: 0x83dea694, L:/127.0.0.1:50784 - R:localhost/127.0.0.1:8084]}}, [disconnecting])
10:13:41.811 [reactor-http-nio-2] DEBUG reactor.netty.resources.PooledConnectionProvider - [id: 0x83dea694, L:/127.0.0.1:50784 - R:localhost/127.0.0.1:8084] Releasing channel
10:13:41.811 [reactor-http-nio-2] DEBUG reactor.netty.resources.PooledConnectionProvider - [id: 0x83dea694, L:/127.0.0.1:50784 - R:localhost/127.0.0.1:8084] Channel cleaned, now 1 active connections and 93 inactive connections
10:13:41.856 [reactor-http-nio-4] DEBUG reactor.netty.http.client.HttpClientOperations - [id: 0x204ddfda, L:/127.0.0.1:50676 - R:localhost/127.0.0.1:8083] Received response (auto-read:false) : [Content-Type=application/json, Transfer-Encoding=chunked, Date=Tue, 07 Jun 2022 09:13:41 GMT]
10:13:41.856 [reactor-http-nio-4] DEBUG reactor.netty.resources.PooledConnectionProvider - [id: 0x204ddfda, L:/127.0.0.1:50676 - R:localhost/127.0.0.1:8083] onStateChange(GET{uri=/userLocation?userId=be98bfd0-4db0-4bff-8748-f51963965635, connection=PooledConnection{channel=[id: 0x204ddfda, L:/127.0.0.1:50676 - R:localhost/127.0.0.1:8083]}}, [response_received])
10:13:41.856 [reactor-http-nio-4] DEBUG org.springframework.web.reactive.function.client.ExchangeFunctions - [26919e6] Response 200 OK
10:13:41.856 [reactor-http-nio-4] DEBUG reactor.netty.channel.FluxReceive - [id: 0x204ddfda, L:/127.0.0.1:50676 - R:localhost/127.0.0.1:8083] Subscribing inbound receiver [pending: 0, cancelled:false, inboundDone: false]
10:13:41.857 [reactor-http-nio-4] DEBUG reactor.netty.http.client.HttpClientOperations - [id: 0x204ddfda, L:/127.0.0.1:50676 - R:localhost/127.0.0.1:8083] Received last HTTP packet
10:13:41.857 [reactor-http-nio-4] DEBUG org.springframework.core.codec.StringDecoder - [26919e6] Decoded "{"userId":"be98bfd0-4db0-4bff-8748-f51963965635","location":{"longitude":-51.023555,"latitude":1.29 (truncated)...
10:13:41.857 [reactor-http-nio-4] DEBUG reactor.netty.resources.PooledConnectionProvider - [id: 0x204ddfda, L:/127.0.0.1:50676 - R:localhost/127.0.0.1:8083] onStateChange(GET{uri=/userLocation?userId=be98bfd0-4db0-4bff-8748-f51963965635, connection=PooledConnection{channel=[id: 0x204ddfda, L:/127.0.0.1:50676 - R:localhost/127.0.0.1:8083]}}, [disconnecting])
10:13:41.857 [reactor-http-nio-4] DEBUG reactor.netty.resources.PooledConnectionProvider - [id: 0x204ddfda, L:/127.0.0.1:50676 - R:localhost/127.0.0.1:8083] Releasing channel
10:13:41.857 [reactor-http-nio-4] DEBUG reactor.netty.resources.PooledConnectionProvider - [id: 0x204ddfda, L:/127.0.0.1:50676 - R:localhost/127.0.0.1:8083] Channel cleaned, now 0 active connections and 91 inactive connections
10:13:41.858 [pool-9-thread-1] DEBUG org.springframework.web.reactive.function.client.ExchangeFunctions - [40910a89] HTTP GET http://localhost:8083/attractions
10:13:41.859 [reactor-http-nio-4] DEBUG reactor.netty.resources.PooledConnectionProvider - [id: 0x676c50cf, L:/127.0.0.1:50639 - R:localhost/127.0.0.1:8083] Channel acquired, now 1 active connections and 90 inactive connections
10:13:41.859 [reactor-http-nio-4] DEBUG reactor.netty.http.client.HttpClientConnect - [id: 0x676c50cf, L:/127.0.0.1:50639 - R:localhost/127.0.0.1:8083] Handler is being applied: {uri=http://localhost:8083/attractions, method=GET}
10:13:41.860 [reactor-http-nio-4] DEBUG reactor.netty.resources.PooledConnectionProvider - [id: 0x676c50cf, L:/127.0.0.1:50639 - R:localhost/127.0.0.1:8083] onStateChange(GET{uri=/attractions, connection=PooledConnection{channel=[id: 0x676c50cf, L:/127.0.0.1:50639 - R:localhost/127.0.0.1:8083]}}, [request_sent])
10:13:41.872 [reactor-http-nio-4] DEBUG reactor.netty.http.client.HttpClientOperations - [id: 0x676c50cf, L:/127.0.0.1:50639 - R:localhost/127.0.0.1:8083] Received response (auto-read:false) : [Content-Type=application/json, Transfer-Encoding=chunked, Date=Tue, 07 Jun 2022 09:13:41 GMT]
10:13:41.872 [reactor-http-nio-4] DEBUG reactor.netty.resources.PooledConnectionProvider - [id: 0x676c50cf, L:/127.0.0.1:50639 - R:localhost/127.0.0.1:8083] onStateChange(GET{uri=/attractions, connection=PooledConnection{channel=[id: 0x676c50cf, L:/127.0.0.1:50639 - R:localhost/127.0.0.1:8083]}}, [response_received])
10:13:41.872 [reactor-http-nio-4] DEBUG org.springframework.web.reactive.function.client.ExchangeFunctions - [40910a89] Response 200 OK
10:13:41.872 [reactor-http-nio-4] DEBUG reactor.netty.channel.FluxReceive - [id: 0x676c50cf, L:/127.0.0.1:50639 - R:localhost/127.0.0.1:8083] Subscribing inbound receiver [pending: 0, cancelled:false, inboundDone: false]
10:13:41.873 [reactor-http-nio-4] DEBUG reactor.netty.http.client.HttpClientOperations - [id: 0x676c50cf, L:/127.0.0.1:50639 - R:localhost/127.0.0.1:8083] Received last HTTP packet
10:13:41.873 [reactor-http-nio-4] DEBUG org.springframework.core.codec.StringDecoder - [40910a89] Decoded "[{"longitude":-117.922008,"latitude":33.817595,"attractionName":"Disneyland","city":"Anaheim","stat (truncated)...
10:13:41.873 [reactor-http-nio-4] DEBUG reactor.netty.resources.PooledConnectionProvider - [id: 0x676c50cf, L:/127.0.0.1:50639 - R:localhost/127.0.0.1:8083] onStateChange(GET{uri=/attractions, connection=PooledConnection{channel=[id: 0x676c50cf, L:/127.0.0.1:50639 - R:localhost/127.0.0.1:8083]}}, [disconnecting])
10:13:41.873 [reactor-http-nio-4] DEBUG reactor.netty.resources.PooledConnectionProvider - [id: 0x676c50cf, L:/127.0.0.1:50639 - R:localhost/127.0.0.1:8083] Releasing channel
10:13:41.873 [reactor-http-nio-4] DEBUG reactor.netty.resources.PooledConnectionProvider - [id: 0x676c50cf, L:/127.0.0.1:50639 - R:localhost/127.0.0.1:8083] Channel cleaned, now 0 active connections and 91 inactive connections
10:13:41.874 [pool-9-thread-1] DEBUG org.springframework.web.reactive.function.client.ExchangeFunctions - [358ebcf5] HTTP GET http://localhost:8083/userLocation?userId=86812f3f-622a-47f6-b49c-e2c151771ecb
10:13:41.875 [reactor-http-nio-4] DEBUG reactor.netty.resources.PooledConnectionProvider - [id: 0xce32d0ed, L:/127.0.0.1:50671 - R:localhost/127.0.0.1:8083] Channel acquired, now 1 active connections and 90 inactive connections
10:13:41.875 [reactor-http-nio-4] DEBUG reactor.netty.http.client.HttpClientConnect - [id: 0xce32d0ed, L:/127.0.0.1:50671 - R:localhost/127.0.0.1:8083] Handler is being applied: {uri=http://localhost:8083/userLocation?userId=86812f3f-622a-47f6-b49c-e2c151771ecb, method=GET}
10:13:41.876 [reactor-http-nio-4] DEBUG reactor.netty.resources.PooledConnectionProvider - [id: 0xce32d0ed, L:/127.0.0.1:50671 - R:localhost/127.0.0.1:8083] onStateChange(GET{uri=/userLocation?userId=86812f3f-622a-47f6-b49c-e2c151771ecb, connection=PooledConnection{channel=[id: 0xce32d0ed, L:/127.0.0.1:50671 - R:localhost/127.0.0.1:8083]}}, [request_sent])
10:13:41.913 [reactor-http-nio-4] DEBUG reactor.netty.http.client.HttpClientOperations - [id: 0xce32d0ed, L:/127.0.0.1:50671 - R:localhost/127.0.0.1:8083] Received response (auto-read:false) : [Content-Type=application/json, Transfer-Encoding=chunked, Date=Tue, 07 Jun 2022 09:13:41 GMT]
10:13:41.913 [reactor-http-nio-4] DEBUG reactor.netty.resources.PooledConnectionProvider - [id: 0xce32d0ed, L:/127.0.0.1:50671 - R:localhost/127.0.0.1:8083] onStateChange(GET{uri=/userLocation?userId=86812f3f-622a-47f6-b49c-e2c151771ecb, connection=PooledConnection{channel=[id: 0xce32d0ed, L:/127.0.0.1:50671 - R:localhost/127.0.0.1:8083]}}, [response_received])
10:13:41.913 [reactor-http-nio-4] DEBUG org.springframework.web.reactive.function.client.ExchangeFunctions - [358ebcf5] Response 200 OK
10:13:41.913 [reactor-http-nio-4] DEBUG reactor.netty.channel.FluxReceive - [id: 0xce32d0ed, L:/127.0.0.1:50671 - R:localhost/127.0.0.1:8083] Subscribing inbound receiver [pending: 0, cancelled:false, inboundDone: false]
10:13:41.914 [reactor-http-nio-4] DEBUG reactor.netty.http.client.HttpClientOperations - [id: 0xce32d0ed, L:/127.0.0.1:50671 - R:localhost/127.0.0.1:8083] Received last HTTP packet
10:13:41.914 [reactor-http-nio-4] DEBUG org.springframework.core.codec.StringDecoder - [358ebcf5] Decoded "{"userId":"86812f3f-622a-47f6-b49c-e2c151771ecb","location":{"longitude":107.096443,"latitude":-43. (truncated)...
10:13:41.914 [reactor-http-nio-4] DEBUG reactor.netty.resources.PooledConnectionProvider - [id: 0xce32d0ed, L:/127.0.0.1:50671 - R:localhost/127.0.0.1:8083] onStateChange(GET{uri=/userLocation?userId=86812f3f-622a-47f6-b49c-e2c151771ecb, connection=PooledConnection{channel=[id: 0xce32d0ed, L:/127.0.0.1:50671 - R:localhost/127.0.0.1:8083]}}, [disconnecting])
10:13:41.914 [reactor-http-nio-4] DEBUG reactor.netty.resources.PooledConnectionProvider - [id: 0xce32d0ed, L:/127.0.0.1:50671 - R:localhost/127.0.0.1:8083] Releasing channel
10:13:41.914 [reactor-http-nio-4] DEBUG reactor.netty.resources.PooledConnectionProvider - [id: 0xce32d0ed, L:/127.0.0.1:50671 - R:localhost/127.0.0.1:8083] Channel cleaned, now 0 active connections and 91 inactive connections
10:13:41.915 [pool-9-thread-1] DEBUG org.springframework.web.reactive.function.client.ExchangeFunctions - [3a335dc5] HTTP GET http://localhost:8083/attractions
10:13:41.916 [reactor-http-nio-2] DEBUG reactor.netty.resources.PooledConnectionProvider - [id: 0xc558618d, L:/127.0.0.1:50669 - R:localhost/127.0.0.1:8083] Channel acquired, now 1 active connections and 90 inactive connections
10:13:41.916 [reactor-http-nio-2] DEBUG reactor.netty.http.client.HttpClientConnect - [id: 0xc558618d, L:/127.0.0.1:50669 - R:localhost/127.0.0.1:8083] Handler is being applied: {uri=http://localhost:8083/attractions, method=GET}
10:13:41.917 [reactor-http-nio-2] DEBUG reactor.netty.resources.PooledConnectionProvider - [id: 0xc558618d, L:/127.0.0.1:50669 - R:localhost/127.0.0.1:8083] onStateChange(GET{uri=/attractions, connection=PooledConnection{channel=[id: 0xc558618d, L:/127.0.0.1:50669 - R:localhost/127.0.0.1:8083]}}, [request_sent])
10:13:41.919 [reactor-http-nio-2] DEBUG reactor.netty.http.client.HttpClientOperations - [id: 0xb72e5ffb, L:/127.0.0.1:50795 - R:localhost/127.0.0.1:8084] Received response (auto-read:false) : [Content-Type=application/json, Transfer-Encoding=chunked, Date=Tue, 07 Jun 2022 09:13:41 GMT]
10:13:41.919 [reactor-http-nio-2] DEBUG reactor.netty.resources.PooledConnectionProvider - [id: 0xb72e5ffb, L:/127.0.0.1:50795 - R:localhost/127.0.0.1:8084] onStateChange(GET{uri=/attractionRewardPoint?attractionId=911ab491-98eb-490a-93a8-e7b69ee1b601&userId=09c78efa-d6e5-47c6-9db0-1f956bd37796, connection=PooledConnection{channel=[id: 0xb72e5ffb, L:/127.0.0.1:50795 - R:localhost/127.0.0.1:8084]}}, [response_received])
10:13:41.919 [reactor-http-nio-2] DEBUG org.springframework.web.reactive.function.client.ExchangeFunctions - [35857697] Response 200 OK
10:13:41.920 [reactor-http-nio-2] DEBUG reactor.netty.channel.FluxReceive - [id: 0xb72e5ffb, L:/127.0.0.1:50795 - R:localhost/127.0.0.1:8084] Subscribing inbound receiver [pending: 0, cancelled:false, inboundDone: false]
10:13:41.920 [reactor-http-nio-2] DEBUG reactor.netty.http.client.HttpClientOperations - [id: 0xb72e5ffb, L:/127.0.0.1:50795 - R:localhost/127.0.0.1:8084] Received last HTTP packet
10:13:41.920 [reactor-http-nio-2] DEBUG org.springframework.core.codec.StringDecoder - [35857697] Decoded "448"
10:13:41.920 [reactor-http-nio-2] DEBUG reactor.netty.resources.PooledConnectionProvider - [id: 0xb72e5ffb, L:/127.0.0.1:50795 - R:localhost/127.0.0.1:8084] onStateChange(GET{uri=/attractionRewardPoint?attractionId=911ab491-98eb-490a-93a8-e7b69ee1b601&userId=09c78efa-d6e5-47c6-9db0-1f956bd37796, connection=PooledConnection{channel=[id: 0xb72e5ffb, L:/127.0.0.1:50795 - R:localhost/127.0.0.1:8084]}}, [disconnecting])
10:13:41.920 [reactor-http-nio-2] DEBUG reactor.netty.resources.PooledConnectionProvider - [id: 0xb72e5ffb, L:/127.0.0.1:50795 - R:localhost/127.0.0.1:8084] Releasing channel
10:13:41.920 [reactor-http-nio-2] DEBUG reactor.netty.resources.PooledConnectionProvider - [id: 0xb72e5ffb, L:/127.0.0.1:50795 - R:localhost/127.0.0.1:8084] Channel cleaned, now 0 active connections and 94 inactive connections
10:13:41.921 [pool-9-thread-1] DEBUG org.springframework.web.reactive.function.client.ExchangeFunctions - [3a335dc5] Cancel signal (to close connection)
highVolumeGetRewards: Time Elapsed: 2 seconds.
]]></system-out>
  <system-err><![CDATA[Exception in thread "pool-7-thread-2" java.util.ConcurrentModificationException
	at java.base/java.util.ArrayList$Itr.checkForComodification(ArrayList.java:1013)
	at java.base/java.util.ArrayList$Itr.next(ArrayList.java:967)
	at tourGuide.service.RewardsService.calculateRewards(RewardsService.java:42)
	at tourGuide.TestPerformance$2.run(TestPerformance.java:101)
	at java.base/java.util.concurrent.ThreadPoolExecutor.runWorker(ThreadPoolExecutor.java:1130)
	at java.base/java.util.concurrent.ThreadPoolExecutor$Worker.run(ThreadPoolExecutor.java:630)
	at java.base/java.lang.Thread.run(Thread.java:832)
]]></system-err>
</testsuite>
