<?xml version="1.0" encoding="UTF-8"?>
<testsuite name="tourGuide.TestRewardsService" tests="3" skipped="0" failures="0" errors="0" timestamp="2022-06-15T14:53:20" hostname="DESKTOP-TNAE49C" time="0.059">
  <properties/>
  <testcase name="nearAllAttractions" classname="tourGuide.TestRewardsService" time="0.021"/>
  <testcase name="userGetRewards" classname="tourGuide.TestRewardsService" time="0.019"/>
  <testcase name="isWithinAttractionProximity" classname="tourGuide.TestRewardsService" time="0.019"/>
  <system-out><![CDATA[15:53:20.537 [Test worker] DEBUG tourGuide.service.TourGuideService - Initializing users
15:53:20.538 [Test worker] DEBUG tourGuide.service.TourGuideService - Created 1 internal test users.
15:53:20.538 [Test worker] DEBUG tourGuide.service.TourGuideService - Finished initializing users
15:53:20.538 [Test worker] DEBUG tourGuide.service.TourGuideService - Initialize tripPricer
15:53:20.538 [Test worker] DEBUG org.springframework.web.reactive.function.client.ExchangeFunctions - [1163a27] HTTP GET http://localhost:8083/attractions
15:53:20.541 [reactor-http-nio-46] DEBUG reactor.netty.resources.PooledConnectionProvider - [id: 0xed17734c, L:/127.0.0.1:51825 - R:localhost/127.0.0.1:8083] Channel acquired, now 1 active connections and 300 inactive connections
15:53:20.542 [reactor-http-nio-46] DEBUG reactor.netty.http.client.HttpClientConnect - [id: 0xed17734c, L:/127.0.0.1:51825 - R:localhost/127.0.0.1:8083] Handler is being applied: {uri=http://localhost:8083/attractions, method=GET}
15:53:20.542 [reactor-http-nio-46] DEBUG reactor.netty.resources.PooledConnectionProvider - [id: 0xed17734c, L:/127.0.0.1:51825 - R:localhost/127.0.0.1:8083] onStateChange(GET{uri=/attractions, connection=PooledConnection{channel=[id: 0xed17734c, L:/127.0.0.1:51825 - R:localhost/127.0.0.1:8083]}}, [request_sent])
15:53:20.543 [pool-10-thread-1] DEBUG tourGuide.tracker.Tracker - Begin Tracker. Tracking 1 users.
15:53:20.546 [pool-9-thread-1] DEBUG org.springframework.web.reactive.function.client.ExchangeFunctions - [4debe9c3] HTTP GET http://localhost:8083/userLocation?userId=dcda8cdc-d785-4d30-aa11-6add5ccf30a4
15:53:20.549 [reactor-http-nio-41] DEBUG reactor.netty.resources.PooledConnectionProvider - [id: 0x0c95a1e6, L:/127.0.0.1:51725 - R:localhost/127.0.0.1:8083] Channel acquired, now 2 active connections and 299 inactive connections
15:53:20.549 [reactor-http-nio-41] DEBUG reactor.netty.http.client.HttpClientConnect - [id: 0x0c95a1e6, L:/127.0.0.1:51725 - R:localhost/127.0.0.1:8083] Handler is being applied: {uri=http://localhost:8083/userLocation?userId=dcda8cdc-d785-4d30-aa11-6add5ccf30a4, method=GET}
15:53:20.549 [reactor-http-nio-41] DEBUG reactor.netty.resources.PooledConnectionProvider - [id: 0x0c95a1e6, L:/127.0.0.1:51725 - R:localhost/127.0.0.1:8083] onStateChange(GET{uri=/userLocation?userId=dcda8cdc-d785-4d30-aa11-6add5ccf30a4, connection=PooledConnection{channel=[id: 0x0c95a1e6, L:/127.0.0.1:51725 - R:localhost/127.0.0.1:8083]}}, [request_sent])
15:53:20.556 [reactor-http-nio-46] DEBUG reactor.netty.http.client.HttpClientOperations - [id: 0xed17734c, L:/127.0.0.1:51825 - R:localhost/127.0.0.1:8083] Received response (auto-read:false) : [Content-Type=application/json, Transfer-Encoding=chunked, Date=Wed, 15 Jun 2022 14:53:19 GMT]
15:53:20.556 [reactor-http-nio-46] DEBUG reactor.netty.resources.PooledConnectionProvider - [id: 0xed17734c, L:/127.0.0.1:51825 - R:localhost/127.0.0.1:8083] onStateChange(GET{uri=/attractions, connection=PooledConnection{channel=[id: 0xed17734c, L:/127.0.0.1:51825 - R:localhost/127.0.0.1:8083]}}, [response_received])
15:53:20.556 [reactor-http-nio-46] DEBUG org.springframework.web.reactive.function.client.ExchangeFunctions - [1163a27] Response 200 OK
15:53:20.556 [reactor-http-nio-46] DEBUG reactor.netty.channel.FluxReceive - [id: 0xed17734c, L:/127.0.0.1:51825 - R:localhost/127.0.0.1:8083] Subscribing inbound receiver [pending: 0, cancelled:false, inboundDone: false]
15:53:20.557 [reactor-http-nio-46] DEBUG reactor.netty.http.client.HttpClientOperations - [id: 0xed17734c, L:/127.0.0.1:51825 - R:localhost/127.0.0.1:8083] Received last HTTP packet
15:53:20.557 [reactor-http-nio-46] DEBUG org.springframework.core.codec.StringDecoder - [1163a27] Decoded "[{"longitude":-117.922008,"latitude":33.817595,"attractionName":"Disneyland","city":"Anaheim","stat (truncated)...
15:53:20.557 [reactor-http-nio-46] DEBUG reactor.netty.resources.PooledConnectionProvider - [id: 0xed17734c, L:/127.0.0.1:51825 - R:localhost/127.0.0.1:8083] onStateChange(GET{uri=/attractions, connection=PooledConnection{channel=[id: 0xed17734c, L:/127.0.0.1:51825 - R:localhost/127.0.0.1:8083]}}, [disconnecting])
15:53:20.557 [reactor-http-nio-46] DEBUG reactor.netty.resources.PooledConnectionProvider - [id: 0xed17734c, L:/127.0.0.1:51825 - R:localhost/127.0.0.1:8083] Releasing channel
15:53:20.557 [reactor-http-nio-46] DEBUG reactor.netty.resources.PooledConnectionProvider - [id: 0xed17734c, L:/127.0.0.1:51825 - R:localhost/127.0.0.1:8083] Channel cleaned, now 1 active connections and 300 inactive connections
15:53:20.558 [pool-10-thread-1] DEBUG tourGuide.tracker.Tracker - Tracker Time Elapsed: 0 seconds.
15:53:20.558 [pool-10-thread-1] DEBUG tourGuide.tracker.Tracker - Tracker sleeping
15:53:20.558 [Test worker] DEBUG tourGuide.service.TourGuideService - Initializing users
15:53:20.558 [Test worker] DEBUG tourGuide.service.TourGuideService - Created 0 internal test users.
15:53:20.558 [Test worker] DEBUG tourGuide.service.TourGuideService - Finished initializing users
15:53:20.559 [Test worker] DEBUG tourGuide.service.TourGuideService - Initialize tripPricer
15:53:20.559 [pool-13-thread-1] DEBUG tourGuide.tracker.Tracker - Begin Tracker. Tracking 0 users.
15:53:20.559 [Test worker] DEBUG org.springframework.web.reactive.function.client.ExchangeFunctions - [5416f8db] HTTP GET http://localhost:8083/attractions
15:53:20.561 [reactor-http-nio-46] DEBUG reactor.netty.resources.PooledConnectionProvider - [id: 0x7e95ad76, L:/127.0.0.1:51814 - R:localhost/127.0.0.1:8083] Channel acquired, now 2 active connections and 299 inactive connections
15:53:20.561 [reactor-http-nio-46] DEBUG reactor.netty.http.client.HttpClientConnect - [id: 0x7e95ad76, L:/127.0.0.1:51814 - R:localhost/127.0.0.1:8083] Handler is being applied: {uri=http://localhost:8083/attractions, method=GET}
15:53:20.562 [reactor-http-nio-46] DEBUG reactor.netty.resources.PooledConnectionProvider - [id: 0x7e95ad76, L:/127.0.0.1:51814 - R:localhost/127.0.0.1:8083] onStateChange(GET{uri=/attractions, connection=PooledConnection{channel=[id: 0x7e95ad76, L:/127.0.0.1:51814 - R:localhost/127.0.0.1:8083]}}, [request_sent])
15:53:20.575 [reactor-http-nio-46] DEBUG reactor.netty.http.client.HttpClientOperations - [id: 0x7e95ad76, L:/127.0.0.1:51814 - R:localhost/127.0.0.1:8083] Received response (auto-read:false) : [Content-Type=application/json, Transfer-Encoding=chunked, Date=Wed, 15 Jun 2022 14:53:19 GMT]
15:53:20.575 [reactor-http-nio-46] DEBUG reactor.netty.resources.PooledConnectionProvider - [id: 0x7e95ad76, L:/127.0.0.1:51814 - R:localhost/127.0.0.1:8083] onStateChange(GET{uri=/attractions, connection=PooledConnection{channel=[id: 0x7e95ad76, L:/127.0.0.1:51814 - R:localhost/127.0.0.1:8083]}}, [response_received])
15:53:20.575 [reactor-http-nio-46] DEBUG org.springframework.web.reactive.function.client.ExchangeFunctions - [5416f8db] Response 200 OK
15:53:20.575 [reactor-http-nio-46] DEBUG reactor.netty.channel.FluxReceive - [id: 0x7e95ad76, L:/127.0.0.1:51814 - R:localhost/127.0.0.1:8083] Subscribing inbound receiver [pending: 0, cancelled:false, inboundDone: false]
15:53:20.575 [reactor-http-nio-46] DEBUG reactor.netty.http.client.HttpClientOperations - [id: 0x7e95ad76, L:/127.0.0.1:51814 - R:localhost/127.0.0.1:8083] Received last HTTP packet
15:53:20.575 [reactor-http-nio-46] DEBUG org.springframework.core.codec.StringDecoder - [5416f8db] Decoded "[{"longitude":-117.922008,"latitude":33.817595,"attractionName":"Disneyland","city":"Anaheim","stat (truncated)...
15:53:20.575 [reactor-http-nio-46] DEBUG reactor.netty.resources.PooledConnectionProvider - [id: 0x7e95ad76, L:/127.0.0.1:51814 - R:localhost/127.0.0.1:8083] onStateChange(GET{uri=/attractions, connection=PooledConnection{channel=[id: 0x7e95ad76, L:/127.0.0.1:51814 - R:localhost/127.0.0.1:8083]}}, [disconnecting])
15:53:20.575 [reactor-http-nio-46] DEBUG reactor.netty.resources.PooledConnectionProvider - [id: 0x7e95ad76, L:/127.0.0.1:51814 - R:localhost/127.0.0.1:8083] Releasing channel
15:53:20.575 [reactor-http-nio-46] DEBUG reactor.netty.resources.PooledConnectionProvider - [id: 0x7e95ad76, L:/127.0.0.1:51814 - R:localhost/127.0.0.1:8083] Channel cleaned, now 1 active connections and 300 inactive connections
15:53:20.576 [Test worker] INFO tourGuide.service.TourGuideService - attraction [tourGuide.gpsUtil.Attraction@64e1377c, tourGuide.gpsUtil.Attraction@b0fd744, tourGuide.gpsUtil.Attraction@92d1782, tourGuide.gpsUtil.Attraction@6a1ef65c, tourGuide.gpsUtil.Attraction@72976b4, tourGuide.gpsUtil.Attraction@726934e2, tourGuide.gpsUtil.Attraction@1319bc2a, tourGuide.gpsUtil.Attraction@e280403, tourGuide.gpsUtil.Attraction@42f85fa4, tourGuide.gpsUtil.Attraction@798dad3d, tourGuide.gpsUtil.Attraction@27abb6ca, tourGuide.gpsUtil.Attraction@696db620, tourGuide.gpsUtil.Attraction@6968c1d6, tourGuide.gpsUtil.Attraction@7d986d83, tourGuide.gpsUtil.Attraction@77f991c, tourGuide.gpsUtil.Attraction@3a7e365, tourGuide.gpsUtil.Attraction@2ceee4b6, tourGuide.gpsUtil.Attraction@12a470dd, tourGuide.gpsUtil.Attraction@6968bcec, tourGuide.gpsUtil.Attraction@5568c66f, tourGuide.gpsUtil.Attraction@e784320, tourGuide.gpsUtil.Attraction@3f6bf8aa, tourGuide.gpsUtil.Attraction@13c8ac77, tourGuide.gpsUtil.Attraction@4bdf, tourGuide.gpsUtil.Attraction@4cad79bc, tourGuide.gpsUtil.Attraction@2c63762b]
15:53:20.577 [pool-13-thread-1] DEBUG tourGuide.tracker.Tracker - Tracker Time Elapsed: 0 seconds.
15:53:20.577 [pool-13-thread-1] DEBUG tourGuide.tracker.Tracker - Tracker sleeping
15:53:20.577 [Test worker] DEBUG org.springframework.web.reactive.function.client.ExchangeFunctions - [78422efb] HTTP GET http://localhost:8083/attractions
15:53:20.578 [pool-12-thread-1] DEBUG org.springframework.web.reactive.function.client.ExchangeFunctions - [73580130] HTTP GET http://localhost:8083/userLocation?userId=2a6d305d-2374-4ae2-9626-0b9d42f919c9
15:53:20.578 [reactor-http-nio-46] DEBUG reactor.netty.resources.PooledConnectionProvider - [id: 0x0c4def98, L:/127.0.0.1:51813 - R:localhost/127.0.0.1:8083] Channel acquired, now 2 active connections and 299 inactive connections
15:53:20.578 [reactor-http-nio-46] DEBUG reactor.netty.http.client.HttpClientConnect - [id: 0x0c4def98, L:/127.0.0.1:51813 - R:localhost/127.0.0.1:8083] Handler is being applied: {uri=http://localhost:8083/attractions, method=GET}
15:53:20.579 [reactor-http-nio-46] DEBUG reactor.netty.resources.PooledConnectionProvider - [id: 0x0c4def98, L:/127.0.0.1:51813 - R:localhost/127.0.0.1:8083] onStateChange(GET{uri=/attractions, connection=PooledConnection{channel=[id: 0x0c4def98, L:/127.0.0.1:51813 - R:localhost/127.0.0.1:8083]}}, [request_sent])
15:53:20.580 [reactor-http-nio-46] DEBUG reactor.netty.resources.PooledConnectionProvider - [id: 0xcde170f5, L:/127.0.0.1:51800 - R:localhost/127.0.0.1:8083] Channel acquired, now 3 active connections and 298 inactive connections
15:53:20.580 [reactor-http-nio-46] DEBUG reactor.netty.http.client.HttpClientConnect - [id: 0xcde170f5, L:/127.0.0.1:51800 - R:localhost/127.0.0.1:8083] Handler is being applied: {uri=http://localhost:8083/userLocation?userId=2a6d305d-2374-4ae2-9626-0b9d42f919c9, method=GET}
15:53:20.581 [reactor-http-nio-46] DEBUG reactor.netty.resources.PooledConnectionProvider - [id: 0xcde170f5, L:/127.0.0.1:51800 - R:localhost/127.0.0.1:8083] onStateChange(GET{uri=/userLocation?userId=2a6d305d-2374-4ae2-9626-0b9d42f919c9, connection=PooledConnection{channel=[id: 0xcde170f5, L:/127.0.0.1:51800 - R:localhost/127.0.0.1:8083]}}, [request_sent])
15:53:20.586 [reactor-http-nio-41] DEBUG reactor.netty.http.client.HttpClientOperations - [id: 0x0c95a1e6, L:/127.0.0.1:51725 - R:localhost/127.0.0.1:8083] Received response (auto-read:false) : [Content-Type=application/json, Transfer-Encoding=chunked, Date=Wed, 15 Jun 2022 14:53:19 GMT]
15:53:20.586 [reactor-http-nio-41] DEBUG reactor.netty.resources.PooledConnectionProvider - [id: 0x0c95a1e6, L:/127.0.0.1:51725 - R:localhost/127.0.0.1:8083] onStateChange(GET{uri=/userLocation?userId=dcda8cdc-d785-4d30-aa11-6add5ccf30a4, connection=PooledConnection{channel=[id: 0x0c95a1e6, L:/127.0.0.1:51725 - R:localhost/127.0.0.1:8083]}}, [response_received])
15:53:20.586 [reactor-http-nio-41] DEBUG org.springframework.web.reactive.function.client.ExchangeFunctions - [4debe9c3] Response 200 OK
15:53:20.587 [reactor-http-nio-41] DEBUG reactor.netty.channel.FluxReceive - [id: 0x0c95a1e6, L:/127.0.0.1:51725 - R:localhost/127.0.0.1:8083] Subscribing inbound receiver [pending: 0, cancelled:false, inboundDone: false]
15:53:20.587 [reactor-http-nio-41] DEBUG reactor.netty.http.client.HttpClientOperations - [id: 0x0c95a1e6, L:/127.0.0.1:51725 - R:localhost/127.0.0.1:8083] Received last HTTP packet
15:53:20.587 [reactor-http-nio-41] DEBUG org.springframework.core.codec.StringDecoder - [4debe9c3] Decoded "{"userId":"dcda8cdc-d785-4d30-aa11-6add5ccf30a4","location":{"longitude":-156.23271,"latitude":16.5 (truncated)...
15:53:20.587 [reactor-http-nio-41] DEBUG reactor.netty.resources.PooledConnectionProvider - [id: 0x0c95a1e6, L:/127.0.0.1:51725 - R:localhost/127.0.0.1:8083] onStateChange(GET{uri=/userLocation?userId=dcda8cdc-d785-4d30-aa11-6add5ccf30a4, connection=PooledConnection{channel=[id: 0x0c95a1e6, L:/127.0.0.1:51725 - R:localhost/127.0.0.1:8083]}}, [disconnecting])
15:53:20.587 [reactor-http-nio-41] DEBUG reactor.netty.resources.PooledConnectionProvider - [id: 0x0c95a1e6, L:/127.0.0.1:51725 - R:localhost/127.0.0.1:8083] Releasing channel
15:53:20.587 [reactor-http-nio-41] DEBUG reactor.netty.resources.PooledConnectionProvider - [id: 0x0c95a1e6, L:/127.0.0.1:51725 - R:localhost/127.0.0.1:8083] Channel cleaned, now 2 active connections and 299 inactive connections
15:53:20.589 [pool-9-thread-1] INFO tourGuide.service.TourGuideService - visitedLocatio tourGuide.gpsUtil.VisitedLocation@432c1e0e
15:53:20.589 [pool-9-thread-1] DEBUG org.springframework.web.reactive.function.client.ExchangeFunctions - [471382b3] HTTP GET http://localhost:8083/attractions
15:53:20.592 [reactor-http-nio-46] DEBUG reactor.netty.resources.PooledConnectionProvider - [id: 0xad15f065, L:/127.0.0.1:51819 - R:localhost/127.0.0.1:8083] Channel acquired, now 3 active connections and 298 inactive connections
15:53:20.592 [reactor-http-nio-46] DEBUG reactor.netty.http.client.HttpClientConnect - [id: 0xad15f065, L:/127.0.0.1:51819 - R:localhost/127.0.0.1:8083] Handler is being applied: {uri=http://localhost:8083/attractions, method=GET}
15:53:20.593 [reactor-http-nio-46] DEBUG reactor.netty.resources.PooledConnectionProvider - [id: 0xad15f065, L:/127.0.0.1:51819 - R:localhost/127.0.0.1:8083] onStateChange(GET{uri=/attractions, connection=PooledConnection{channel=[id: 0xad15f065, L:/127.0.0.1:51819 - R:localhost/127.0.0.1:8083]}}, [request_sent])
15:53:20.595 [reactor-http-nio-46] DEBUG reactor.netty.http.client.HttpClientOperations - [id: 0x0c4def98, L:/127.0.0.1:51813 - R:localhost/127.0.0.1:8083] Received response (auto-read:false) : [Content-Type=application/json, Transfer-Encoding=chunked, Date=Wed, 15 Jun 2022 14:53:19 GMT]
15:53:20.595 [reactor-http-nio-46] DEBUG reactor.netty.resources.PooledConnectionProvider - [id: 0x0c4def98, L:/127.0.0.1:51813 - R:localhost/127.0.0.1:8083] onStateChange(GET{uri=/attractions, connection=PooledConnection{channel=[id: 0x0c4def98, L:/127.0.0.1:51813 - R:localhost/127.0.0.1:8083]}}, [response_received])
15:53:20.595 [reactor-http-nio-46] DEBUG org.springframework.web.reactive.function.client.ExchangeFunctions - [78422efb] Response 200 OK
15:53:20.595 [reactor-http-nio-46] DEBUG reactor.netty.channel.FluxReceive - [id: 0x0c4def98, L:/127.0.0.1:51813 - R:localhost/127.0.0.1:8083] Subscribing inbound receiver [pending: 0, cancelled:false, inboundDone: false]
15:53:20.595 [reactor-http-nio-46] DEBUG reactor.netty.http.client.HttpClientOperations - [id: 0x0c4def98, L:/127.0.0.1:51813 - R:localhost/127.0.0.1:8083] Received last HTTP packet
15:53:20.595 [reactor-http-nio-46] DEBUG org.springframework.core.codec.StringDecoder - [78422efb] Decoded "[{"longitude":-117.922008,"latitude":33.817595,"attractionName":"Disneyland","city":"Anaheim","stat (truncated)...
15:53:20.595 [reactor-http-nio-46] DEBUG reactor.netty.resources.PooledConnectionProvider - [id: 0x0c4def98, L:/127.0.0.1:51813 - R:localhost/127.0.0.1:8083] onStateChange(GET{uri=/attractions, connection=PooledConnection{channel=[id: 0x0c4def98, L:/127.0.0.1:51813 - R:localhost/127.0.0.1:8083]}}, [disconnecting])
15:53:20.595 [reactor-http-nio-46] DEBUG reactor.netty.resources.PooledConnectionProvider - [id: 0x0c4def98, L:/127.0.0.1:51813 - R:localhost/127.0.0.1:8083] Releasing channel
15:53:20.595 [reactor-http-nio-46] DEBUG reactor.netty.resources.PooledConnectionProvider - [id: 0x0c4def98, L:/127.0.0.1:51813 - R:localhost/127.0.0.1:8083] Channel cleaned, now 2 active connections and 299 inactive connections
]]></system-out>
  <system-err><![CDATA[]]></system-err>
</testsuite>
