<?xml version="1.0" encoding="UTF-8"?>
<testsuite name="tourGuide.TestRewardsService" tests="3" skipped="1" failures="0" errors="0" timestamp="2022-06-07T09:13:33" hostname="DESKTOP-TNAE49C" time="5.062">
  <properties/>
  <testcase name="nearAllAttractions" classname="tourGuide.TestRewardsService" time="0.0">
    <skipped/>
  </testcase>
  <testcase name="userGetRewards" classname="tourGuide.TestRewardsService" time="4.831"/>
  <testcase name="isWithinAttractionProximity" classname="tourGuide.TestRewardsService" time="0.024"/>
  <system-out><![CDATA[10:13:33.799 [Test worker] INFO tourGuide.service.TourGuideService - TestMode enabled
10:13:33.817 [Test worker] DEBUG tourGuide.service.TourGuideService - Initializing users
10:13:33.822 [Test worker] DEBUG tourGuide.service.TourGuideService - Created 0 internal test users.
10:13:33.823 [Test worker] DEBUG tourGuide.service.TourGuideService - Finished initializing users
10:13:33.894 [pool-2-thread-1] DEBUG tourGuide.tracker.Tracker - Begin Tracker. Tracking 0 users.
10:13:33.898 [pool-2-thread-1] DEBUG tourGuide.tracker.Tracker - Tracker Time Elapsed: 0 seconds.
10:13:33.900 [pool-2-thread-1] DEBUG tourGuide.tracker.Tracker - Tracker sleeping
10:13:35.689 [Test worker] DEBUG io.netty.util.internal.logging.InternalLoggerFactory - Using SLF4J as the default logging framework
10:13:35.760 [Test worker] DEBUG io.netty.util.internal.PlatformDependent - Platform: Windows
10:13:35.767 [Test worker] DEBUG io.netty.util.internal.PlatformDependent0 - -Dio.netty.noUnsafe: false
10:13:35.768 [Test worker] DEBUG io.netty.util.internal.PlatformDependent0 - Java version: 15
10:13:35.772 [Test worker] DEBUG io.netty.util.internal.PlatformDependent0 - sun.misc.Unsafe.theUnsafe: available
10:13:35.775 [Test worker] DEBUG io.netty.util.internal.PlatformDependent0 - sun.misc.Unsafe.copyMemory: available
10:13:35.777 [Test worker] DEBUG io.netty.util.internal.PlatformDependent0 - java.nio.Buffer.address: available
10:13:35.786 [Test worker] DEBUG io.netty.util.internal.PlatformDependent0 - direct buffer constructor: unavailable
java.lang.UnsupportedOperationException: Reflective setAccessible(true) disabled
	at io.netty.util.internal.ReflectionUtil.trySetAccessible(ReflectionUtil.java:31)
	at io.netty.util.internal.PlatformDependent0$4.run(PlatformDependent0.java:224)
	at java.base/java.security.AccessController.doPrivileged(AccessController.java:312)
	at io.netty.util.internal.PlatformDependent0.<clinit>(PlatformDependent0.java:218)
	at io.netty.util.internal.PlatformDependent.isAndroid(PlatformDependent.java:214)
	at io.netty.util.internal.PlatformDependent.<clinit>(PlatformDependent.java:82)
	at io.netty.util.ConstantPool.<init>(ConstantPool.java:32)
	at io.netty.channel.ChannelOption$1.<init>(ChannelOption.java:35)
	at io.netty.channel.ChannelOption.<clinit>(ChannelOption.java:35)
	at reactor.netty.tcp.TcpClient.<clinit>(TcpClient.java:599)
	at reactor.netty.http.client.HttpClient.<clinit>(HttpClient.java:932)
	at org.springframework.http.client.reactive.ReactorClientHttpConnector.<init>(ReactorClientHttpConnector.java:57)
	at org.springframework.web.reactive.function.client.DefaultWebClientBuilder.initExchangeFunction(DefaultWebClientBuilder.java:226)
	at org.springframework.web.reactive.function.client.DefaultWebClientBuilder.build(DefaultWebClientBuilder.java:207)
	at tourGuide.service.GpsUtilService.getAttractions(GpsUtilService.java:23)
	at tourGuide.TestRewardsService.userGetRewards(TestRewardsService.java:34)
	at java.base/jdk.internal.reflect.NativeMethodAccessorImpl.invoke0(Native Method)
	at java.base/jdk.internal.reflect.NativeMethodAccessorImpl.invoke(NativeMethodAccessorImpl.java:64)
	at java.base/jdk.internal.reflect.DelegatingMethodAccessorImpl.invoke(DelegatingMethodAccessorImpl.java:43)
	at java.base/java.lang.reflect.Method.invoke(Method.java:564)
	at org.junit.runners.model.FrameworkMethod$1.runReflectiveCall(FrameworkMethod.java:50)
	at org.junit.internal.runners.model.ReflectiveCallable.run(ReflectiveCallable.java:12)
	at org.junit.runners.model.FrameworkMethod.invokeExplosively(FrameworkMethod.java:47)
	at org.junit.internal.runners.statements.InvokeMethod.evaluate(InvokeMethod.java:17)
	at org.junit.runners.ParentRunner.runLeaf(ParentRunner.java:325)
	at org.junit.runners.BlockJUnit4ClassRunner.runChild(BlockJUnit4ClassRunner.java:78)
	at org.junit.runners.BlockJUnit4ClassRunner.runChild(BlockJUnit4ClassRunner.java:57)
	at org.junit.runners.ParentRunner$3.run(ParentRunner.java:290)
	at org.junit.runners.ParentRunner$1.schedule(ParentRunner.java:71)
	at org.junit.runners.ParentRunner.runChildren(ParentRunner.java:288)
	at org.junit.runners.ParentRunner.access$000(ParentRunner.java:58)
	at org.junit.runners.ParentRunner$2.evaluate(ParentRunner.java:268)
	at org.junit.runners.ParentRunner.run(ParentRunner.java:363)
	at org.gradle.api.internal.tasks.testing.junit.JUnitTestClassExecutor.runTestClass(JUnitTestClassExecutor.java:110)
	at org.gradle.api.internal.tasks.testing.junit.JUnitTestClassExecutor.execute(JUnitTestClassExecutor.java:58)
	at org.gradle.api.internal.tasks.testing.junit.JUnitTestClassExecutor.execute(JUnitTestClassExecutor.java:38)
	at org.gradle.api.internal.tasks.testing.junit.AbstractJUnitTestClassProcessor.processTestClass(AbstractJUnitTestClassProcessor.java:62)
	at org.gradle.api.internal.tasks.testing.SuiteTestClassProcessor.processTestClass(SuiteTestClassProcessor.java:51)
	at java.base/jdk.internal.reflect.NativeMethodAccessorImpl.invoke0(Native Method)
	at java.base/jdk.internal.reflect.NativeMethodAccessorImpl.invoke(NativeMethodAccessorImpl.java:64)
	at java.base/jdk.internal.reflect.DelegatingMethodAccessorImpl.invoke(DelegatingMethodAccessorImpl.java:43)
	at java.base/java.lang.reflect.Method.invoke(Method.java:564)
	at org.gradle.internal.dispatch.ReflectionDispatch.dispatch(ReflectionDispatch.java:36)
	at org.gradle.internal.dispatch.ReflectionDispatch.dispatch(ReflectionDispatch.java:24)
	at org.gradle.internal.dispatch.ContextClassLoaderDispatch.dispatch(ContextClassLoaderDispatch.java:33)
	at org.gradle.internal.dispatch.ProxyDispatchAdapter$DispatchingInvocationHandler.invoke(ProxyDispatchAdapter.java:94)
	at com.sun.proxy.$Proxy5.processTestClass(Unknown Source)
	at org.gradle.api.internal.tasks.testing.worker.TestWorker$2.run(TestWorker.java:176)
	at org.gradle.api.internal.tasks.testing.worker.TestWorker.executeAndMaintainThreadName(TestWorker.java:129)
	at org.gradle.api.internal.tasks.testing.worker.TestWorker.execute(TestWorker.java:100)
	at org.gradle.api.internal.tasks.testing.worker.TestWorker.execute(TestWorker.java:60)
	at org.gradle.process.internal.worker.child.ActionExecutionWorker.execute(ActionExecutionWorker.java:56)
	at org.gradle.process.internal.worker.child.SystemApplicationClassLoaderWorker.call(SystemApplicationClassLoaderWorker.java:133)
	at org.gradle.process.internal.worker.child.SystemApplicationClassLoaderWorker.call(SystemApplicationClassLoaderWorker.java:71)
	at worker.org.gradle.process.internal.worker.GradleWorkerMain.run(GradleWorkerMain.java:69)
	at worker.org.gradle.process.internal.worker.GradleWorkerMain.main(GradleWorkerMain.java:74)
10:13:35.795 [Test worker] DEBUG io.netty.util.internal.PlatformDependent0 - java.nio.Bits.unaligned: available, true
10:13:35.798 [Test worker] DEBUG io.netty.util.internal.PlatformDependent0 - jdk.internal.misc.Unsafe.allocateUninitializedArray(int): unavailable
java.lang.IllegalAccessException: class io.netty.util.internal.PlatformDependent0$6 cannot access class jdk.internal.misc.Unsafe (in module java.base) because module java.base does not export jdk.internal.misc to unnamed module @4aa8f0b4
	at java.base/jdk.internal.reflect.Reflection.newIllegalAccessException(Reflection.java:385)
	at java.base/java.lang.reflect.AccessibleObject.checkAccess(AccessibleObject.java:693)
	at java.base/java.lang.reflect.Method.invoke(Method.java:556)
	at io.netty.util.internal.PlatformDependent0$6.run(PlatformDependent0.java:334)
	at java.base/java.security.AccessController.doPrivileged(AccessController.java:312)
	at io.netty.util.internal.PlatformDependent0.<clinit>(PlatformDependent0.java:325)
	at io.netty.util.internal.PlatformDependent.isAndroid(PlatformDependent.java:214)
	at io.netty.util.internal.PlatformDependent.<clinit>(PlatformDependent.java:82)
	at io.netty.util.ConstantPool.<init>(ConstantPool.java:32)
	at io.netty.channel.ChannelOption$1.<init>(ChannelOption.java:35)
	at io.netty.channel.ChannelOption.<clinit>(ChannelOption.java:35)
	at reactor.netty.tcp.TcpClient.<clinit>(TcpClient.java:599)
	at reactor.netty.http.client.HttpClient.<clinit>(HttpClient.java:932)
	at org.springframework.http.client.reactive.ReactorClientHttpConnector.<init>(ReactorClientHttpConnector.java:57)
	at org.springframework.web.reactive.function.client.DefaultWebClientBuilder.initExchangeFunction(DefaultWebClientBuilder.java:226)
	at org.springframework.web.reactive.function.client.DefaultWebClientBuilder.build(DefaultWebClientBuilder.java:207)
	at tourGuide.service.GpsUtilService.getAttractions(GpsUtilService.java:23)
	at tourGuide.TestRewardsService.userGetRewards(TestRewardsService.java:34)
	at java.base/jdk.internal.reflect.NativeMethodAccessorImpl.invoke0(Native Method)
	at java.base/jdk.internal.reflect.NativeMethodAccessorImpl.invoke(NativeMethodAccessorImpl.java:64)
	at java.base/jdk.internal.reflect.DelegatingMethodAccessorImpl.invoke(DelegatingMethodAccessorImpl.java:43)
	at java.base/java.lang.reflect.Method.invoke(Method.java:564)
	at org.junit.runners.model.FrameworkMethod$1.runReflectiveCall(FrameworkMethod.java:50)
	at org.junit.internal.runners.model.ReflectiveCallable.run(ReflectiveCallable.java:12)
	at org.junit.runners.model.FrameworkMethod.invokeExplosively(FrameworkMethod.java:47)
	at org.junit.internal.runners.statements.InvokeMethod.evaluate(InvokeMethod.java:17)
	at org.junit.runners.ParentRunner.runLeaf(ParentRunner.java:325)
	at org.junit.runners.BlockJUnit4ClassRunner.runChild(BlockJUnit4ClassRunner.java:78)
	at org.junit.runners.BlockJUnit4ClassRunner.runChild(BlockJUnit4ClassRunner.java:57)
	at org.junit.runners.ParentRunner$3.run(ParentRunner.java:290)
	at org.junit.runners.ParentRunner$1.schedule(ParentRunner.java:71)
	at org.junit.runners.ParentRunner.runChildren(ParentRunner.java:288)
	at org.junit.runners.ParentRunner.access$000(ParentRunner.java:58)
	at org.junit.runners.ParentRunner$2.evaluate(ParentRunner.java:268)
	at org.junit.runners.ParentRunner.run(ParentRunner.java:363)
	at org.gradle.api.internal.tasks.testing.junit.JUnitTestClassExecutor.runTestClass(JUnitTestClassExecutor.java:110)
	at org.gradle.api.internal.tasks.testing.junit.JUnitTestClassExecutor.execute(JUnitTestClassExecutor.java:58)
	at org.gradle.api.internal.tasks.testing.junit.JUnitTestClassExecutor.execute(JUnitTestClassExecutor.java:38)
	at org.gradle.api.internal.tasks.testing.junit.AbstractJUnitTestClassProcessor.processTestClass(AbstractJUnitTestClassProcessor.java:62)
	at org.gradle.api.internal.tasks.testing.SuiteTestClassProcessor.processTestClass(SuiteTestClassProcessor.java:51)
	at java.base/jdk.internal.reflect.NativeMethodAccessorImpl.invoke0(Native Method)
	at java.base/jdk.internal.reflect.NativeMethodAccessorImpl.invoke(NativeMethodAccessorImpl.java:64)
	at java.base/jdk.internal.reflect.DelegatingMethodAccessorImpl.invoke(DelegatingMethodAccessorImpl.java:43)
	at java.base/java.lang.reflect.Method.invoke(Method.java:564)
	at org.gradle.internal.dispatch.ReflectionDispatch.dispatch(ReflectionDispatch.java:36)
	at org.gradle.internal.dispatch.ReflectionDispatch.dispatch(ReflectionDispatch.java:24)
	at org.gradle.internal.dispatch.ContextClassLoaderDispatch.dispatch(ContextClassLoaderDispatch.java:33)
	at org.gradle.internal.dispatch.ProxyDispatchAdapter$DispatchingInvocationHandler.invoke(ProxyDispatchAdapter.java:94)
	at com.sun.proxy.$Proxy5.processTestClass(Unknown Source)
	at org.gradle.api.internal.tasks.testing.worker.TestWorker$2.run(TestWorker.java:176)
	at org.gradle.api.internal.tasks.testing.worker.TestWorker.executeAndMaintainThreadName(TestWorker.java:129)
	at org.gradle.api.internal.tasks.testing.worker.TestWorker.execute(TestWorker.java:100)
	at org.gradle.api.internal.tasks.testing.worker.TestWorker.execute(TestWorker.java:60)
	at org.gradle.process.internal.worker.child.ActionExecutionWorker.execute(ActionExecutionWorker.java:56)
	at org.gradle.process.internal.worker.child.SystemApplicationClassLoaderWorker.call(SystemApplicationClassLoaderWorker.java:133)
	at org.gradle.process.internal.worker.child.SystemApplicationClassLoaderWorker.call(SystemApplicationClassLoaderWorker.java:71)
	at worker.org.gradle.process.internal.worker.GradleWorkerMain.run(GradleWorkerMain.java:69)
	at worker.org.gradle.process.internal.worker.GradleWorkerMain.main(GradleWorkerMain.java:74)
10:13:35.801 [Test worker] DEBUG io.netty.util.internal.PlatformDependent0 - java.nio.DirectByteBuffer.<init>(long, int): unavailable
10:13:35.801 [Test worker] DEBUG io.netty.util.internal.PlatformDependent - sun.misc.Unsafe: available
10:13:35.832 [Test worker] DEBUG io.netty.util.internal.PlatformDependent - maxDirectMemory: 536870912 bytes (maybe)
10:13:35.832 [Test worker] DEBUG io.netty.util.internal.PlatformDependent - -Dio.netty.tmpdir: C:\Users\OGHORO~1\AppData\Local\Temp (java.io.tmpdir)
10:13:35.832 [Test worker] DEBUG io.netty.util.internal.PlatformDependent - -Dio.netty.bitMode: 64 (sun.arch.data.model)
10:13:35.834 [Test worker] DEBUG io.netty.util.internal.PlatformDependent - -Dio.netty.maxDirectMemory: -1 bytes
10:13:35.834 [Test worker] DEBUG io.netty.util.internal.PlatformDependent - -Dio.netty.uninitializedArrayAllocationThreshold: -1
10:13:35.838 [Test worker] DEBUG io.netty.util.internal.CleanerJava9 - java.nio.ByteBuffer.cleaner(): available
10:13:35.838 [Test worker] DEBUG io.netty.util.internal.PlatformDependent - -Dio.netty.noPreferDirect: false
10:13:35.842 [Test worker] DEBUG io.netty.util.NetUtil - -Djava.net.preferIPv4Stack: false
10:13:35.842 [Test worker] DEBUG io.netty.util.NetUtil - -Djava.net.preferIPv6Addresses: false
10:13:35.857 [Test worker] DEBUG io.netty.util.NetUtil - Loopback interface: lo (Software Loopback Interface 1, 127.0.0.1)
10:13:35.859 [Test worker] DEBUG io.netty.util.NetUtil - Failed to get SOMAXCONN from sysctl and file \proc\sys\net\core\somaxconn. Default: 200
10:13:35.866 [Test worker] DEBUG reactor.util.Loggers$LoggerFactory - Using Slf4j logging framework
10:13:35.906 [Test worker] DEBUG reactor.netty.tcp.TcpResources - [http] resources will use the default LoopResources: DefaultLoopResources {prefix=reactor-http, daemon=true, selectCount=4, workerCount=4}
10:13:35.906 [Test worker] DEBUG reactor.netty.tcp.TcpResources - [http] resources will use the default ConnectionProvider: PooledConnectionProvider {name=http, poolFactory=reactor.netty.resources.ConnectionProvider$$Lambda$180/0x0000000800d17518@7e15f4d4}
10:13:36.145 [Test worker] DEBUG reactor.netty.resources.DefaultLoopEpoll - Default Epoll support : false
10:13:36.147 [Test worker] DEBUG reactor.netty.resources.DefaultLoopKQueue - Default KQueue support : false
10:13:36.158 [Test worker] DEBUG io.netty.channel.MultithreadEventLoopGroup - -Dio.netty.eventLoopThreads: 8
10:13:36.203 [Test worker] DEBUG io.netty.util.internal.InternalThreadLocalMap - -Dio.netty.threadLocalMap.stringBuilder.initialSize: 1024
10:13:36.204 [Test worker] DEBUG io.netty.util.internal.InternalThreadLocalMap - -Dio.netty.threadLocalMap.stringBuilder.maxSize: 4096
10:13:36.218 [Test worker] DEBUG io.netty.channel.nio.NioEventLoop - -Dio.netty.noKeySetOptimization: false
10:13:36.218 [Test worker] DEBUG io.netty.channel.nio.NioEventLoop - -Dio.netty.selectorAutoRebuildThreshold: 512
10:13:36.240 [Test worker] DEBUG io.netty.util.internal.PlatformDependent - org.jctools-core.MpscChunkedArrayQueue: available
10:13:36.522 [Test worker] DEBUG org.springframework.web.reactive.function.client.ExchangeFunctions - [26e0d39c] HTTP GET http://localhost:8083/attractions
10:13:36.546 [Test worker] DEBUG reactor.netty.resources.PooledConnectionProvider - Creating new client pool [http] for localhost/<unresolved>:8083
10:13:36.566 [Test worker] DEBUG io.netty.channel.DefaultChannelId - -Dio.netty.processId: 150072 (auto-detected)
10:13:36.619 [Test worker] DEBUG io.netty.channel.DefaultChannelId - -Dio.netty.machineId: f8:ac:65:ff:fe:cf:7b:0a (auto-detected)
10:13:36.650 [Test worker] DEBUG io.netty.util.ResourceLeakDetector - -Dio.netty.leakDetection.level: simple
10:13:36.650 [Test worker] DEBUG io.netty.util.ResourceLeakDetector - -Dio.netty.leakDetection.targetRecords: 4
10:13:36.722 [Test worker] DEBUG io.netty.buffer.PooledByteBufAllocator - -Dio.netty.allocator.numHeapArenas: 5
10:13:36.722 [Test worker] DEBUG io.netty.buffer.PooledByteBufAllocator - -Dio.netty.allocator.numDirectArenas: 5
10:13:36.722 [Test worker] DEBUG io.netty.buffer.PooledByteBufAllocator - -Dio.netty.allocator.pageSize: 8192
10:13:36.723 [Test worker] DEBUG io.netty.buffer.PooledByteBufAllocator - -Dio.netty.allocator.maxOrder: 11
10:13:36.724 [Test worker] DEBUG io.netty.buffer.PooledByteBufAllocator - -Dio.netty.allocator.chunkSize: 16777216
10:13:36.724 [Test worker] DEBUG io.netty.buffer.PooledByteBufAllocator - -Dio.netty.allocator.tinyCacheSize: 512
10:13:36.724 [Test worker] DEBUG io.netty.buffer.PooledByteBufAllocator - -Dio.netty.allocator.smallCacheSize: 256
10:13:36.725 [Test worker] DEBUG io.netty.buffer.PooledByteBufAllocator - -Dio.netty.allocator.normalCacheSize: 64
10:13:36.727 [Test worker] DEBUG io.netty.buffer.PooledByteBufAllocator - -Dio.netty.allocator.maxCachedBufferCapacity: 32768
10:13:36.728 [Test worker] DEBUG io.netty.buffer.PooledByteBufAllocator - -Dio.netty.allocator.cacheTrimInterval: 8192
10:13:36.729 [Test worker] DEBUG io.netty.buffer.PooledByteBufAllocator - -Dio.netty.allocator.cacheTrimIntervalMillis: 0
10:13:36.730 [Test worker] DEBUG io.netty.buffer.PooledByteBufAllocator - -Dio.netty.allocator.useCacheForAllThreads: true
10:13:36.730 [Test worker] DEBUG io.netty.buffer.PooledByteBufAllocator - -Dio.netty.allocator.maxCachedByteBuffersPerChunk: 1023
10:13:36.755 [Test worker] DEBUG io.netty.buffer.ByteBufUtil - -Dio.netty.allocator.type: pooled
10:13:36.756 [Test worker] DEBUG io.netty.buffer.ByteBufUtil - -Dio.netty.threadLocalDirectBufferSize: 0
10:13:36.756 [Test worker] DEBUG io.netty.buffer.ByteBufUtil - -Dio.netty.maxThreadLocalCharBufferSize: 16384
10:13:36.785 [reactor-http-nio-4] DEBUG reactor.netty.resources.PooledConnectionProvider - [id: 0x1694d70f] Created new pooled channel, now 0 active connections and 1 inactive connections
10:13:36.852 [reactor-http-nio-4] DEBUG io.netty.buffer.AbstractByteBuf - -Dio.netty.buffer.checkAccessible: true
10:13:36.852 [reactor-http-nio-4] DEBUG io.netty.buffer.AbstractByteBuf - -Dio.netty.buffer.checkBounds: true
10:13:36.855 [reactor-http-nio-4] DEBUG io.netty.util.ResourceLeakDetectorFactory - Loaded default ResourceLeakDetector: io.netty.util.ResourceLeakDetector@bc1adab
10:13:36.872 [reactor-http-nio-4] DEBUG reactor.netty.channel.BootstrapHandlers - [id: 0x1694d70f] Initialized pipeline DefaultChannelPipeline{(BootstrapHandlers$BootstrapInitializerHandler#0 = reactor.netty.channel.BootstrapHandlers$BootstrapInitializerHandler), (SimpleChannelPool$1#0 = io.netty.channel.pool.SimpleChannelPool$1), (reactor.left.httpCodec = io.netty.handler.codec.http.HttpClientCodec), (reactor.left.decompressor = io.netty.handler.codec.http.HttpContentDecompressor), (reactor.right.reactiveBridge = reactor.netty.channel.ChannelOperationsHandler)}
10:13:36.890 [reactor-http-nio-4] DEBUG reactor.netty.resources.PooledConnectionProvider - [id: 0x1694d70f, L:/127.0.0.1:50610 - R:localhost/127.0.0.1:8083] onStateChange(PooledConnection{channel=[id: 0x1694d70f, L:/127.0.0.1:50610 - R:localhost/127.0.0.1:8083]}, [connected])
10:13:36.922 [reactor-http-nio-4] DEBUG reactor.netty.resources.PooledConnectionProvider - [id: 0x1694d70f, L:/127.0.0.1:50610 - R:localhost/127.0.0.1:8083] onStateChange(GET{uri=/, connection=PooledConnection{channel=[id: 0x1694d70f, L:/127.0.0.1:50610 - R:localhost/127.0.0.1:8083]}}, [configured])
10:13:36.926 [reactor-http-nio-4] DEBUG reactor.netty.resources.PooledConnectionProvider - [id: 0x1694d70f, L:/127.0.0.1:50610 - R:localhost/127.0.0.1:8083] Registering pool release on close event for channel
10:13:36.930 [reactor-http-nio-4] DEBUG reactor.netty.http.client.HttpClientConnect - [id: 0x1694d70f, L:/127.0.0.1:50610 - R:localhost/127.0.0.1:8083] Handler is being applied: {uri=http://localhost:8083/attractions, method=GET}
10:13:36.978 [reactor-http-nio-4] DEBUG io.netty.util.Recycler - -Dio.netty.recycler.maxCapacityPerThread: 4096
10:13:36.980 [reactor-http-nio-4] DEBUG io.netty.util.Recycler - -Dio.netty.recycler.maxSharedCapacityFactor: 2
10:13:36.981 [reactor-http-nio-4] DEBUG io.netty.util.Recycler - -Dio.netty.recycler.linkCapacity: 16
10:13:36.981 [reactor-http-nio-4] DEBUG io.netty.util.Recycler - -Dio.netty.recycler.ratio: 8
10:13:37.007 [reactor-http-nio-4] DEBUG reactor.netty.resources.PooledConnectionProvider - [id: 0x1694d70f, L:/127.0.0.1:50610 - R:localhost/127.0.0.1:8083] onStateChange(GET{uri=/attractions, connection=PooledConnection{channel=[id: 0x1694d70f, L:/127.0.0.1:50610 - R:localhost/127.0.0.1:8083]}}, [request_sent])
10:13:37.007 [reactor-http-nio-4] DEBUG reactor.netty.resources.PooledConnectionProvider - [id: 0x1694d70f, L:/127.0.0.1:50610 - R:localhost/127.0.0.1:8083] Channel connected, now 1 active connections and 0 inactive connections
10:13:37.182 [reactor-http-nio-4] DEBUG reactor.netty.http.client.HttpClientOperations - [id: 0x1694d70f, L:/127.0.0.1:50610 - R:localhost/127.0.0.1:8083] Received response (auto-read:false) : [Content-Type=application/json, Transfer-Encoding=chunked, Date=Tue, 07 Jun 2022 09:13:37 GMT]
10:13:37.182 [reactor-http-nio-4] DEBUG reactor.netty.resources.PooledConnectionProvider - [id: 0x1694d70f, L:/127.0.0.1:50610 - R:localhost/127.0.0.1:8083] onStateChange(GET{uri=/attractions, connection=PooledConnection{channel=[id: 0x1694d70f, L:/127.0.0.1:50610 - R:localhost/127.0.0.1:8083]}}, [response_received])
10:13:37.186 [reactor-http-nio-4] DEBUG org.springframework.web.reactive.function.client.ExchangeFunctions - [26e0d39c] Response 200 OK
10:13:37.210 [reactor-http-nio-4] DEBUG reactor.netty.channel.FluxReceive - [id: 0x1694d70f, L:/127.0.0.1:50610 - R:localhost/127.0.0.1:8083] Subscribing inbound receiver [pending: 0, cancelled:false, inboundDone: false]
10:13:37.218 [reactor-http-nio-4] DEBUG reactor.netty.http.client.HttpClientOperations - [id: 0x1694d70f, L:/127.0.0.1:50610 - R:localhost/127.0.0.1:8083] Received last HTTP packet
10:13:37.224 [reactor-http-nio-4] DEBUG org.springframework.core.codec.StringDecoder - [26e0d39c] Decoded "[{"longitude":-117.922008,"latitude":33.817595,"attractionName":"Disneyland","city":"Anaheim","stat (truncated)...
10:13:37.224 [reactor-http-nio-4] DEBUG reactor.netty.resources.PooledConnectionProvider - [id: 0x1694d70f, L:/127.0.0.1:50610 - R:localhost/127.0.0.1:8083] onStateChange(GET{uri=/attractions, connection=PooledConnection{channel=[id: 0x1694d70f, L:/127.0.0.1:50610 - R:localhost/127.0.0.1:8083]}}, [disconnecting])
10:13:37.224 [reactor-http-nio-4] DEBUG reactor.netty.resources.PooledConnectionProvider - [id: 0x1694d70f, L:/127.0.0.1:50610 - R:localhost/127.0.0.1:8083] Releasing channel
10:13:37.225 [reactor-http-nio-4] DEBUG reactor.netty.resources.PooledConnectionProvider - [id: 0x1694d70f, L:/127.0.0.1:50610 - R:localhost/127.0.0.1:8083] Channel cleaned, now 0 active connections and 1 inactive connections
10:13:37.319 [Test worker] DEBUG org.springframework.web.reactive.function.client.ExchangeFunctions - [4f7ba0af] HTTP GET http://localhost:8083/userLocation?userId=d2da5e9d-2ef4-4cc7-a7cc-5c842b1d7a00
10:13:37.322 [reactor-http-nio-4] DEBUG reactor.netty.resources.PooledConnectionProvider - [id: 0x1694d70f, L:/127.0.0.1:50610 - R:localhost/127.0.0.1:8083] Channel acquired, now 1 active connections and 0 inactive connections
10:13:37.323 [reactor-http-nio-4] DEBUG reactor.netty.http.client.HttpClientConnect - [id: 0x1694d70f, L:/127.0.0.1:50610 - R:localhost/127.0.0.1:8083] Handler is being applied: {uri=http://localhost:8083/userLocation?userId=d2da5e9d-2ef4-4cc7-a7cc-5c842b1d7a00, method=GET}
10:13:37.324 [reactor-http-nio-4] DEBUG reactor.netty.resources.PooledConnectionProvider - [id: 0x1694d70f, L:/127.0.0.1:50610 - R:localhost/127.0.0.1:8083] onStateChange(GET{uri=/userLocation?userId=d2da5e9d-2ef4-4cc7-a7cc-5c842b1d7a00, connection=PooledConnection{channel=[id: 0x1694d70f, L:/127.0.0.1:50610 - R:localhost/127.0.0.1:8083]}}, [request_sent])
10:13:37.425 [reactor-http-nio-4] DEBUG reactor.netty.http.client.HttpClientOperations - [id: 0x1694d70f, L:/127.0.0.1:50610 - R:localhost/127.0.0.1:8083] Received response (auto-read:false) : [Content-Type=application/json, Transfer-Encoding=chunked, Date=Tue, 07 Jun 2022 09:13:37 GMT]
10:13:37.425 [reactor-http-nio-4] DEBUG reactor.netty.resources.PooledConnectionProvider - [id: 0x1694d70f, L:/127.0.0.1:50610 - R:localhost/127.0.0.1:8083] onStateChange(GET{uri=/userLocation?userId=d2da5e9d-2ef4-4cc7-a7cc-5c842b1d7a00, connection=PooledConnection{channel=[id: 0x1694d70f, L:/127.0.0.1:50610 - R:localhost/127.0.0.1:8083]}}, [response_received])
10:13:37.426 [reactor-http-nio-4] DEBUG org.springframework.web.reactive.function.client.ExchangeFunctions - [4f7ba0af] Response 200 OK
10:13:37.426 [reactor-http-nio-4] DEBUG reactor.netty.channel.FluxReceive - [id: 0x1694d70f, L:/127.0.0.1:50610 - R:localhost/127.0.0.1:8083] Subscribing inbound receiver [pending: 0, cancelled:false, inboundDone: false]
10:13:37.427 [reactor-http-nio-4] DEBUG reactor.netty.http.client.HttpClientOperations - [id: 0x1694d70f, L:/127.0.0.1:50610 - R:localhost/127.0.0.1:8083] Received last HTTP packet
10:13:37.428 [reactor-http-nio-4] DEBUG org.springframework.core.codec.StringDecoder - [4f7ba0af] Decoded "{"userId":"d2da5e9d-2ef4-4cc7-a7cc-5c842b1d7a00","location":{"longitude":109.254794,"latitude":-71. (truncated)...
10:13:37.428 [reactor-http-nio-4] DEBUG reactor.netty.resources.PooledConnectionProvider - [id: 0x1694d70f, L:/127.0.0.1:50610 - R:localhost/127.0.0.1:8083] onStateChange(GET{uri=/userLocation?userId=d2da5e9d-2ef4-4cc7-a7cc-5c842b1d7a00, connection=PooledConnection{channel=[id: 0x1694d70f, L:/127.0.0.1:50610 - R:localhost/127.0.0.1:8083]}}, [disconnecting])
10:13:37.428 [reactor-http-nio-4] DEBUG reactor.netty.resources.PooledConnectionProvider - [id: 0x1694d70f, L:/127.0.0.1:50610 - R:localhost/127.0.0.1:8083] Releasing channel
10:13:37.428 [reactor-http-nio-4] DEBUG reactor.netty.resources.PooledConnectionProvider - [id: 0x1694d70f, L:/127.0.0.1:50610 - R:localhost/127.0.0.1:8083] Channel cleaned, now 0 active connections and 1 inactive connections
10:13:37.438 [Test worker] DEBUG org.springframework.web.reactive.function.client.ExchangeFunctions - [2a6dbb7c] HTTP GET http://localhost:8083/attractions
10:13:37.439 [reactor-http-nio-4] DEBUG reactor.netty.resources.PooledConnectionProvider - [id: 0x1694d70f, L:/127.0.0.1:50610 - R:localhost/127.0.0.1:8083] Channel acquired, now 1 active connections and 0 inactive connections
10:13:37.440 [reactor-http-nio-4] DEBUG reactor.netty.http.client.HttpClientConnect - [id: 0x1694d70f, L:/127.0.0.1:50610 - R:localhost/127.0.0.1:8083] Handler is being applied: {uri=http://localhost:8083/attractions, method=GET}
10:13:37.441 [reactor-http-nio-4] DEBUG reactor.netty.resources.PooledConnectionProvider - [id: 0x1694d70f, L:/127.0.0.1:50610 - R:localhost/127.0.0.1:8083] onStateChange(GET{uri=/attractions, connection=PooledConnection{channel=[id: 0x1694d70f, L:/127.0.0.1:50610 - R:localhost/127.0.0.1:8083]}}, [request_sent])
10:13:37.456 [reactor-http-nio-4] DEBUG reactor.netty.http.client.HttpClientOperations - [id: 0x1694d70f, L:/127.0.0.1:50610 - R:localhost/127.0.0.1:8083] Received response (auto-read:false) : [Content-Type=application/json, Transfer-Encoding=chunked, Date=Tue, 07 Jun 2022 09:13:37 GMT]
10:13:37.456 [reactor-http-nio-4] DEBUG reactor.netty.resources.PooledConnectionProvider - [id: 0x1694d70f, L:/127.0.0.1:50610 - R:localhost/127.0.0.1:8083] onStateChange(GET{uri=/attractions, connection=PooledConnection{channel=[id: 0x1694d70f, L:/127.0.0.1:50610 - R:localhost/127.0.0.1:8083]}}, [response_received])
10:13:37.456 [reactor-http-nio-4] DEBUG org.springframework.web.reactive.function.client.ExchangeFunctions - [2a6dbb7c] Response 200 OK
10:13:37.457 [reactor-http-nio-4] DEBUG reactor.netty.channel.FluxReceive - [id: 0x1694d70f, L:/127.0.0.1:50610 - R:localhost/127.0.0.1:8083] Subscribing inbound receiver [pending: 0, cancelled:false, inboundDone: false]
10:13:37.458 [reactor-http-nio-4] DEBUG reactor.netty.http.client.HttpClientOperations - [id: 0x1694d70f, L:/127.0.0.1:50610 - R:localhost/127.0.0.1:8083] Received last HTTP packet
10:13:37.459 [reactor-http-nio-4] DEBUG org.springframework.core.codec.StringDecoder - [2a6dbb7c] Decoded "[{"longitude":-117.922008,"latitude":33.817595,"attractionName":"Disneyland","city":"Anaheim","stat (truncated)...
10:13:37.460 [reactor-http-nio-4] DEBUG reactor.netty.resources.PooledConnectionProvider - [id: 0x1694d70f, L:/127.0.0.1:50610 - R:localhost/127.0.0.1:8083] onStateChange(GET{uri=/attractions, connection=PooledConnection{channel=[id: 0x1694d70f, L:/127.0.0.1:50610 - R:localhost/127.0.0.1:8083]}}, [disconnecting])
10:13:37.460 [reactor-http-nio-4] DEBUG reactor.netty.resources.PooledConnectionProvider - [id: 0x1694d70f, L:/127.0.0.1:50610 - R:localhost/127.0.0.1:8083] Releasing channel
10:13:37.460 [reactor-http-nio-4] DEBUG reactor.netty.resources.PooledConnectionProvider - [id: 0x1694d70f, L:/127.0.0.1:50610 - R:localhost/127.0.0.1:8083] Channel cleaned, now 0 active connections and 1 inactive connections
10:13:37.467 [Test worker] DEBUG org.springframework.web.reactive.function.client.ExchangeFunctions - [3dd750ba] HTTP GET http://localhost:8084/attractionRewardPoint?attractionId=94c75cf2-484e-49aa-948a-b90a71c51033&userId=d2da5e9d-2ef4-4cc7-a7cc-5c842b1d7a00
10:13:37.467 [Test worker] DEBUG reactor.netty.resources.PooledConnectionProvider - Creating new client pool [http] for localhost/<unresolved>:8084
10:13:37.469 [reactor-http-nio-2] DEBUG reactor.netty.resources.PooledConnectionProvider - [id: 0xc07d744c] Created new pooled channel, now 0 active connections and 1 inactive connections
10:13:37.470 [reactor-http-nio-2] DEBUG reactor.netty.channel.BootstrapHandlers - [id: 0xc07d744c] Initialized pipeline DefaultChannelPipeline{(BootstrapHandlers$BootstrapInitializerHandler#0 = reactor.netty.channel.BootstrapHandlers$BootstrapInitializerHandler), (SimpleChannelPool$1#0 = io.netty.channel.pool.SimpleChannelPool$1), (reactor.left.httpCodec = io.netty.handler.codec.http.HttpClientCodec), (reactor.left.decompressor = io.netty.handler.codec.http.HttpContentDecompressor), (reactor.right.reactiveBridge = reactor.netty.channel.ChannelOperationsHandler)}
10:13:37.472 [reactor-http-nio-2] DEBUG reactor.netty.resources.PooledConnectionProvider - [id: 0xc07d744c, L:/127.0.0.1:50611 - R:localhost/127.0.0.1:8084] onStateChange(PooledConnection{channel=[id: 0xc07d744c, L:/127.0.0.1:50611 - R:localhost/127.0.0.1:8084]}, [connected])
10:13:37.472 [reactor-http-nio-2] DEBUG reactor.netty.resources.PooledConnectionProvider - [id: 0xc07d744c, L:/127.0.0.1:50611 - R:localhost/127.0.0.1:8084] onStateChange(GET{uri=/, connection=PooledConnection{channel=[id: 0xc07d744c, L:/127.0.0.1:50611 - R:localhost/127.0.0.1:8084]}}, [configured])
10:13:37.472 [reactor-http-nio-2] DEBUG reactor.netty.resources.PooledConnectionProvider - [id: 0xc07d744c, L:/127.0.0.1:50611 - R:localhost/127.0.0.1:8084] Registering pool release on close event for channel
10:13:37.472 [reactor-http-nio-2] DEBUG reactor.netty.http.client.HttpClientConnect - [id: 0xc07d744c, L:/127.0.0.1:50611 - R:localhost/127.0.0.1:8084] Handler is being applied: {uri=http://localhost:8084/attractionRewardPoint?attractionId=94c75cf2-484e-49aa-948a-b90a71c51033&userId=d2da5e9d-2ef4-4cc7-a7cc-5c842b1d7a00, method=GET}
10:13:37.480 [reactor-http-nio-2] DEBUG reactor.netty.resources.PooledConnectionProvider - [id: 0xc07d744c, L:/127.0.0.1:50611 - R:localhost/127.0.0.1:8084] onStateChange(GET{uri=/attractionRewardPoint?attractionId=94c75cf2-484e-49aa-948a-b90a71c51033&userId=d2da5e9d-2ef4-4cc7-a7cc-5c842b1d7a00, connection=PooledConnection{channel=[id: 0xc07d744c, L:/127.0.0.1:50611 - R:localhost/127.0.0.1:8084]}}, [request_sent])
10:13:37.480 [reactor-http-nio-2] DEBUG reactor.netty.resources.PooledConnectionProvider - [id: 0xc07d744c, L:/127.0.0.1:50611 - R:localhost/127.0.0.1:8084] Channel connected, now 1 active connections and 0 inactive connections
10:13:38.550 [reactor-http-nio-2] DEBUG reactor.netty.http.client.HttpClientOperations - [id: 0xc07d744c, L:/127.0.0.1:50611 - R:localhost/127.0.0.1:8084] Received response (auto-read:false) : [Content-Type=application/json, Transfer-Encoding=chunked, Date=Tue, 07 Jun 2022 09:13:38 GMT]
10:13:38.550 [reactor-http-nio-2] DEBUG reactor.netty.resources.PooledConnectionProvider - [id: 0xc07d744c, L:/127.0.0.1:50611 - R:localhost/127.0.0.1:8084] onStateChange(GET{uri=/attractionRewardPoint?attractionId=94c75cf2-484e-49aa-948a-b90a71c51033&userId=d2da5e9d-2ef4-4cc7-a7cc-5c842b1d7a00, connection=PooledConnection{channel=[id: 0xc07d744c, L:/127.0.0.1:50611 - R:localhost/127.0.0.1:8084]}}, [response_received])
10:13:38.551 [reactor-http-nio-2] DEBUG org.springframework.web.reactive.function.client.ExchangeFunctions - [3dd750ba] Response 200 OK
10:13:38.552 [reactor-http-nio-2] DEBUG reactor.netty.channel.FluxReceive - [id: 0xc07d744c, L:/127.0.0.1:50611 - R:localhost/127.0.0.1:8084] Subscribing inbound receiver [pending: 0, cancelled:false, inboundDone: false]
10:13:38.554 [reactor-http-nio-2] DEBUG reactor.netty.http.client.HttpClientOperations - [id: 0xc07d744c, L:/127.0.0.1:50611 - R:localhost/127.0.0.1:8084] Received last HTTP packet
10:13:38.555 [reactor-http-nio-2] DEBUG org.springframework.core.codec.StringDecoder - [3dd750ba] Decoded "353"
10:13:38.555 [reactor-http-nio-2] DEBUG reactor.netty.resources.PooledConnectionProvider - [id: 0xc07d744c, L:/127.0.0.1:50611 - R:localhost/127.0.0.1:8084] onStateChange(GET{uri=/attractionRewardPoint?attractionId=94c75cf2-484e-49aa-948a-b90a71c51033&userId=d2da5e9d-2ef4-4cc7-a7cc-5c842b1d7a00, connection=PooledConnection{channel=[id: 0xc07d744c, L:/127.0.0.1:50611 - R:localhost/127.0.0.1:8084]}}, [disconnecting])
10:13:38.555 [reactor-http-nio-2] DEBUG reactor.netty.resources.PooledConnectionProvider - [id: 0xc07d744c, L:/127.0.0.1:50611 - R:localhost/127.0.0.1:8084] Releasing channel
10:13:38.555 [reactor-http-nio-2] DEBUG reactor.netty.resources.PooledConnectionProvider - [id: 0xc07d744c, L:/127.0.0.1:50611 - R:localhost/127.0.0.1:8084] Channel cleaned, now 0 active connections and 1 inactive connections
10:13:38.559 [Test worker] DEBUG org.springframework.web.reactive.function.client.ExchangeFunctions - [37364634] HTTP GET http://localhost:8083/attractions
10:13:38.561 [reactor-http-nio-4] DEBUG reactor.netty.resources.PooledConnectionProvider - [id: 0x1694d70f, L:/127.0.0.1:50610 - R:localhost/127.0.0.1:8083] Channel acquired, now 1 active connections and 0 inactive connections
10:13:38.561 [reactor-http-nio-4] DEBUG reactor.netty.http.client.HttpClientConnect - [id: 0x1694d70f, L:/127.0.0.1:50610 - R:localhost/127.0.0.1:8083] Handler is being applied: {uri=http://localhost:8083/attractions, method=GET}
10:13:38.563 [reactor-http-nio-4] DEBUG reactor.netty.resources.PooledConnectionProvider - [id: 0x1694d70f, L:/127.0.0.1:50610 - R:localhost/127.0.0.1:8083] onStateChange(GET{uri=/attractions, connection=PooledConnection{channel=[id: 0x1694d70f, L:/127.0.0.1:50610 - R:localhost/127.0.0.1:8083]}}, [request_sent])
10:13:38.578 [reactor-http-nio-4] DEBUG reactor.netty.http.client.HttpClientOperations - [id: 0x1694d70f, L:/127.0.0.1:50610 - R:localhost/127.0.0.1:8083] Received response (auto-read:false) : [Content-Type=application/json, Transfer-Encoding=chunked, Date=Tue, 07 Jun 2022 09:13:38 GMT]
10:13:38.578 [reactor-http-nio-4] DEBUG reactor.netty.resources.PooledConnectionProvider - [id: 0x1694d70f, L:/127.0.0.1:50610 - R:localhost/127.0.0.1:8083] onStateChange(GET{uri=/attractions, connection=PooledConnection{channel=[id: 0x1694d70f, L:/127.0.0.1:50610 - R:localhost/127.0.0.1:8083]}}, [response_received])
10:13:38.578 [reactor-http-nio-4] DEBUG org.springframework.web.reactive.function.client.ExchangeFunctions - [37364634] Response 200 OK
10:13:38.579 [reactor-http-nio-4] DEBUG reactor.netty.channel.FluxReceive - [id: 0x1694d70f, L:/127.0.0.1:50610 - R:localhost/127.0.0.1:8083] Subscribing inbound receiver [pending: 0, cancelled:false, inboundDone: false]
10:13:38.580 [reactor-http-nio-4] DEBUG reactor.netty.http.client.HttpClientOperations - [id: 0x1694d70f, L:/127.0.0.1:50610 - R:localhost/127.0.0.1:8083] Received last HTTP packet
10:13:38.580 [reactor-http-nio-4] DEBUG org.springframework.core.codec.StringDecoder - [37364634] Decoded "[{"longitude":-117.922008,"latitude":33.817595,"attractionName":"Disneyland","city":"Anaheim","stat (truncated)...
10:13:38.581 [reactor-http-nio-4] DEBUG reactor.netty.resources.PooledConnectionProvider - [id: 0x1694d70f, L:/127.0.0.1:50610 - R:localhost/127.0.0.1:8083] onStateChange(GET{uri=/attractions, connection=PooledConnection{channel=[id: 0x1694d70f, L:/127.0.0.1:50610 - R:localhost/127.0.0.1:8083]}}, [disconnecting])
10:13:38.581 [reactor-http-nio-4] DEBUG reactor.netty.resources.PooledConnectionProvider - [id: 0x1694d70f, L:/127.0.0.1:50610 - R:localhost/127.0.0.1:8083] Releasing channel
10:13:38.581 [reactor-http-nio-4] DEBUG reactor.netty.resources.PooledConnectionProvider - [id: 0x1694d70f, L:/127.0.0.1:50610 - R:localhost/127.0.0.1:8083] Channel cleaned, now 0 active connections and 1 inactive connections
]]></system-out>
  <system-err><![CDATA[Jun 07, 2022 10:13:33 AM org.javamoney.moneta.DefaultMonetaryContextFactory createMonetaryContextNonNullConfig
INFO: Using custom MathContext: precision=256, roundingMode=HALF_EVEN
]]></system-err>
</testsuite>
