<?xml version="1.0" encoding="UTF-8"?>
<testsuite name="tourGuide.TestPerformance" tests="2" skipped="0" failures="0" errors="0" timestamp="2022-06-15T14:53:06" hostname="DESKTOP-TNAE49C" time="13.686">
  <properties/>
  <testcase name="highVolumeTrackLocation" classname="tourGuide.TestPerformance" time="0.633"/>
  <testcase name="highVolumeGetRewards" classname="tourGuide.TestPerformance" time="13.053"/>
  <system-out><![CDATA[15:53:07.049 [Test worker] DEBUG tourGuide.service.TourGuideService - Initializing users
15:53:07.391 [Test worker] DEBUG tourGuide.service.TourGuideService - Created 100 internal test users.
15:53:07.391 [Test worker] DEBUG tourGuide.service.TourGuideService - Finished initializing users
15:53:07.399 [Test worker] DEBUG tourGuide.service.TourGuideService - Initialize tripPricer
15:53:07.446 [pool-3-thread-1] DEBUG tourGuide.tracker.Tracker - Begin Tracker. Tracking 100 users.
highVolumeTrackLocation: Time Elapsed: 0 seconds.
15:53:07.480 [Test worker] DEBUG tourGuide.service.TourGuideService - Initializing users
15:53:07.482 [pool-3-thread-1] DEBUG tourGuide.tracker.Tracker - Tracker Time Elapsed: 0 seconds.
15:53:07.482 [pool-3-thread-1] DEBUG tourGuide.tracker.Tracker - Tracker sleeping
15:53:07.534 [Test worker] DEBUG tourGuide.service.TourGuideService - Created 100 internal test users.
15:53:07.536 [Test worker] DEBUG tourGuide.service.TourGuideService - Finished initializing users
15:53:07.537 [Test worker] DEBUG tourGuide.service.TourGuideService - Initialize tripPricer
15:53:07.755 [pool-6-thread-1] DEBUG tourGuide.tracker.Tracker - Begin Tracker. Tracking 100 users.
15:53:09.123 [pool-2-thread-15] DEBUG io.netty.util.internal.logging.InternalLoggerFactory - Using SLF4J as the default logging framework
15:53:09.231 [pool-2-thread-15] DEBUG io.netty.util.internal.PlatformDependent - Platform: Windows
15:53:09.239 [pool-2-thread-15] DEBUG io.netty.util.internal.PlatformDependent0 - -Dio.netty.noUnsafe: false
15:53:09.239 [pool-2-thread-15] DEBUG io.netty.util.internal.PlatformDependent0 - Java version: 15
15:53:09.243 [pool-2-thread-15] DEBUG io.netty.util.internal.PlatformDependent0 - sun.misc.Unsafe.theUnsafe: available
15:53:09.247 [pool-2-thread-15] DEBUG io.netty.util.internal.PlatformDependent0 - sun.misc.Unsafe.copyMemory: available
15:53:09.249 [pool-2-thread-15] DEBUG io.netty.util.internal.PlatformDependent0 - java.nio.Buffer.address: available
15:53:09.256 [pool-2-thread-15] DEBUG io.netty.util.internal.PlatformDependent0 - direct buffer constructor: unavailable
java.lang.UnsupportedOperationException: Reflective setAccessible(true) disabled
	at io.netty.util.internal.ReflectionUtil.trySetAccessible(ReflectionUtil.java:31)
	at io.netty.util.internal.PlatformDependent0$4.run(PlatformDependent0.java:224)
	at java.base/java.security.AccessController.doPrivileged(AccessController.java:312)
	at io.netty.util.internal.PlatformDependent0.<clinit>(PlatformDependent0.java:218)
	at io.netty.util.internal.PlatformDependent.isAndroid(PlatformDependent.java:214)
	at io.netty.util.internal.PlatformDependent.<clinit>(PlatformDependent.java:82)
	at io.netty.util.ConstantPool.<init>(ConstantPool.java:32)
	at io.netty.channel.ChannelOption$1.<init>(ChannelOption.java:35)
	at io.netty.channel.ChannelOption.<clinit>(ChannelOption.java:35)
	at reactor.netty.tcp.TcpClient.<clinit>(TcpClient.java:599)
	at reactor.netty.http.client.HttpClient.<clinit>(HttpClient.java:932)
	at org.springframework.http.client.reactive.ReactorClientHttpConnector.<init>(ReactorClientHttpConnector.java:57)
	at org.springframework.web.reactive.function.client.DefaultWebClientBuilder.initExchangeFunction(DefaultWebClientBuilder.java:226)
	at org.springframework.web.reactive.function.client.DefaultWebClientBuilder.build(DefaultWebClientBuilder.java:207)
	at tourGuide.service.GpsUtilService.getUserLocation(GpsUtilService.java:45)
	at tourGuide.service.TourGuideService.lambda$submitLocation$1(TourGuideService.java:145)
	at java.base/java.util.concurrent.CompletableFuture$AsyncSupply.run(CompletableFuture.java:1764)
	at java.base/java.util.concurrent.ThreadPoolExecutor.runWorker(ThreadPoolExecutor.java:1130)
	at java.base/java.util.concurrent.ThreadPoolExecutor$Worker.run(ThreadPoolExecutor.java:630)
	at java.base/java.lang.Thread.run(Thread.java:832)
15:53:09.261 [pool-2-thread-15] DEBUG io.netty.util.internal.PlatformDependent0 - java.nio.Bits.unaligned: available, true
15:53:09.264 [pool-2-thread-15] DEBUG io.netty.util.internal.PlatformDependent0 - jdk.internal.misc.Unsafe.allocateUninitializedArray(int): unavailable
java.lang.IllegalAccessException: class io.netty.util.internal.PlatformDependent0$6 cannot access class jdk.internal.misc.Unsafe (in module java.base) because module java.base does not export jdk.internal.misc to unnamed module @4aa8f0b4
	at java.base/jdk.internal.reflect.Reflection.newIllegalAccessException(Reflection.java:385)
	at java.base/java.lang.reflect.AccessibleObject.checkAccess(AccessibleObject.java:693)
	at java.base/java.lang.reflect.Method.invoke(Method.java:556)
	at io.netty.util.internal.PlatformDependent0$6.run(PlatformDependent0.java:334)
	at java.base/java.security.AccessController.doPrivileged(AccessController.java:312)
	at io.netty.util.internal.PlatformDependent0.<clinit>(PlatformDependent0.java:325)
	at io.netty.util.internal.PlatformDependent.isAndroid(PlatformDependent.java:214)
	at io.netty.util.internal.PlatformDependent.<clinit>(PlatformDependent.java:82)
	at io.netty.util.ConstantPool.<init>(ConstantPool.java:32)
	at io.netty.channel.ChannelOption$1.<init>(ChannelOption.java:35)
	at io.netty.channel.ChannelOption.<clinit>(ChannelOption.java:35)
	at reactor.netty.tcp.TcpClient.<clinit>(TcpClient.java:599)
	at reactor.netty.http.client.HttpClient.<clinit>(HttpClient.java:932)
	at org.springframework.http.client.reactive.ReactorClientHttpConnector.<init>(ReactorClientHttpConnector.java:57)
	at org.springframework.web.reactive.function.client.DefaultWebClientBuilder.initExchangeFunction(DefaultWebClientBuilder.java:226)
	at org.springframework.web.reactive.function.client.DefaultWebClientBuilder.build(DefaultWebClientBuilder.java:207)
	at tourGuide.service.GpsUtilService.getUserLocation(GpsUtilService.java:45)
	at tourGuide.service.TourGuideService.lambda$submitLocation$1(TourGuideService.java:145)
	at java.base/java.util.concurrent.CompletableFuture$AsyncSupply.run(CompletableFuture.java:1764)
	at java.base/java.util.concurrent.ThreadPoolExecutor.runWorker(ThreadPoolExecutor.java:1130)
	at java.base/java.util.concurrent.ThreadPoolExecutor$Worker.run(ThreadPoolExecutor.java:630)
	at java.base/java.lang.Thread.run(Thread.java:832)
15:53:09.266 [pool-2-thread-15] DEBUG io.netty.util.internal.PlatformDependent0 - java.nio.DirectByteBuffer.<init>(long, int): unavailable
15:53:09.266 [pool-2-thread-15] DEBUG io.netty.util.internal.PlatformDependent - sun.misc.Unsafe: available
15:53:09.287 [pool-2-thread-15] DEBUG io.netty.util.internal.PlatformDependent - maxDirectMemory: 536870912 bytes (maybe)
15:53:09.288 [pool-2-thread-15] DEBUG io.netty.util.internal.PlatformDependent - -Dio.netty.tmpdir: C:\Users\OGHORO~1\AppData\Local\Temp (java.io.tmpdir)
15:53:09.289 [pool-2-thread-15] DEBUG io.netty.util.internal.PlatformDependent - -Dio.netty.bitMode: 64 (sun.arch.data.model)
15:53:09.292 [pool-2-thread-15] DEBUG io.netty.util.internal.PlatformDependent - -Dio.netty.maxDirectMemory: -1 bytes
15:53:09.293 [pool-2-thread-15] DEBUG io.netty.util.internal.PlatformDependent - -Dio.netty.uninitializedArrayAllocationThreshold: -1
15:53:09.296 [pool-2-thread-15] DEBUG io.netty.util.internal.CleanerJava9 - java.nio.ByteBuffer.cleaner(): available
15:53:09.296 [pool-2-thread-15] DEBUG io.netty.util.internal.PlatformDependent - -Dio.netty.noPreferDirect: false
15:53:09.303 [pool-2-thread-15] DEBUG io.netty.util.NetUtil - -Djava.net.preferIPv4Stack: false
15:53:09.303 [pool-2-thread-15] DEBUG io.netty.util.NetUtil - -Djava.net.preferIPv6Addresses: false
15:53:09.318 [pool-2-thread-15] DEBUG io.netty.util.NetUtil - Loopback interface: lo (Software Loopback Interface 1, 127.0.0.1)
15:53:09.320 [pool-2-thread-15] DEBUG io.netty.util.NetUtil - Failed to get SOMAXCONN from sysctl and file \proc\sys\net\core\somaxconn. Default: 200
15:53:09.328 [pool-2-thread-15] DEBUG reactor.util.Loggers$LoggerFactory - Using Slf4j logging framework
15:53:09.386 [pool-2-thread-180] DEBUG reactor.netty.tcp.TcpResources - [http] resources will use the default LoopResources: DefaultLoopResources {prefix=reactor-http, daemon=true, selectCount=4, workerCount=4}
15:53:09.387 [pool-2-thread-180] DEBUG reactor.netty.tcp.TcpResources - [http] resources will use the default ConnectionProvider: PooledConnectionProvider {name=http, poolFactory=reactor.netty.resources.ConnectionProvider$$Lambda$184/0x0000000800d17518@729d5a98}
15:53:10.162 [pool-5-thread-43] DEBUG reactor.netty.resources.DefaultLoopEpoll - Default Epoll support : false
15:53:10.171 [pool-5-thread-43] DEBUG reactor.netty.resources.DefaultLoopKQueue - Default KQueue support : false
15:53:10.213 [pool-2-thread-76] DEBUG io.netty.channel.MultithreadEventLoopGroup - -Dio.netty.eventLoopThreads: 8
15:53:10.371 [pool-2-thread-143] DEBUG io.netty.util.internal.InternalThreadLocalMap - -Dio.netty.threadLocalMap.stringBuilder.initialSize: 1024
15:53:10.372 [pool-2-thread-143] DEBUG io.netty.util.internal.InternalThreadLocalMap - -Dio.netty.threadLocalMap.stringBuilder.maxSize: 4096
15:53:10.464 [pool-2-thread-178] DEBUG io.netty.channel.nio.NioEventLoop - -Dio.netty.noKeySetOptimization: false
15:53:10.464 [pool-2-thread-178] DEBUG io.netty.channel.nio.NioEventLoop - -Dio.netty.selectorAutoRebuildThreshold: 512
15:53:10.496 [pool-2-thread-141] DEBUG io.netty.util.internal.PlatformDependent - org.jctools-core.MpscChunkedArrayQueue: available
15:53:11.351 [reactor-http-nio-41] DEBUG io.netty.channel.nio.NioEventLoop - Selector.select() returned prematurely 3 times in a row for Selector io.netty.channel.nio.SelectedSelectionKeySetSelector@5f454f4d.
15:53:11.374 [reactor-http-nio-48] DEBUG io.netty.channel.nio.NioEventLoop - Selector.select() returned prematurely 3 times in a row for Selector io.netty.channel.nio.SelectedSelectionKeySetSelector@3c50dd56.
15:53:11.377 [reactor-http-nio-46] DEBUG io.netty.channel.nio.NioEventLoop - Selector.select() returned prematurely 3 times in a row for Selector io.netty.channel.nio.SelectedSelectionKeySetSelector@1d7d31ae.
15:53:11.389 [reactor-http-nio-48] DEBUG io.netty.channel.nio.NioEventLoop - Selector.select() returned prematurely 3 times in a row for Selector io.netty.channel.nio.SelectedSelectionKeySetSelector@3c50dd56.
15:53:11.412 [reactor-http-nio-41] DEBUG io.netty.channel.nio.NioEventLoop - Selector.select() returned prematurely 3 times in a row for Selector io.netty.channel.nio.SelectedSelectionKeySetSelector@5f454f4d.
15:53:11.432 [reactor-http-nio-41] DEBUG io.netty.channel.nio.NioEventLoop - Selector.select() returned prematurely 3 times in a row for Selector io.netty.channel.nio.SelectedSelectionKeySetSelector@5f454f4d.
15:53:11.440 [reactor-http-nio-41] DEBUG io.netty.channel.nio.NioEventLoop - Selector.select() returned prematurely 6 times in a row for Selector io.netty.channel.nio.SelectedSelectionKeySetSelector@5f454f4d.
15:53:11.440 [reactor-http-nio-46] DEBUG io.netty.channel.nio.NioEventLoop - Selector.select() returned prematurely 7 times in a row for Selector io.netty.channel.nio.SelectedSelectionKeySetSelector@1d7d31ae.
15:53:11.441 [reactor-http-nio-47] DEBUG io.netty.channel.nio.NioEventLoop - Selector.select() returned prematurely 5 times in a row for Selector io.netty.channel.nio.SelectedSelectionKeySetSelector@381e0dc9.
15:53:11.443 [reactor-http-nio-48] DEBUG io.netty.channel.nio.NioEventLoop - Selector.select() returned prematurely 5 times in a row for Selector io.netty.channel.nio.SelectedSelectionKeySetSelector@3c50dd56.
15:53:11.769 [pool-2-thread-195] DEBUG org.springframework.web.reactive.function.client.ExchangeFunctions - [45f0a190] HTTP GET http://localhost:8083/userLocation?userId=f1a54c71-142b-4534-9113-5f5f1ae30e36
15:53:11.770 [pool-2-thread-58] DEBUG org.springframework.web.reactive.function.client.ExchangeFunctions - [4e4cc2b8] HTTP GET http://localhost:8083/userLocation?userId=647c62c0-3290-4677-a999-616603e75d37
15:53:11.771 [pool-2-thread-122] DEBUG org.springframework.web.reactive.function.client.ExchangeFunctions - [32eb3b14] HTTP GET http://localhost:8083/userLocation?userId=652092c2-d693-4c58-a54b-0e1508c2d9a2
15:53:11.772 [pool-5-thread-1] DEBUG org.springframework.web.reactive.function.client.ExchangeFunctions - [53912edc] HTTP GET http://localhost:8083/userLocation?userId=00904688-3e76-4d1e-83b8-bf844cc062f8
15:53:11.772 [pool-5-thread-82] DEBUG org.springframework.web.reactive.function.client.ExchangeFunctions - [c3a184e] HTTP GET http://localhost:8083/userLocation?userId=7e305e34-618a-47e4-be09-8c09da411f26
15:53:11.778 [pool-5-thread-36] DEBUG org.springframework.web.reactive.function.client.ExchangeFunctions - [228972d5] HTTP GET http://localhost:8083/userLocation?userId=6a917193-35e1-40bf-bb9f-5c64a014c07f
15:53:11.818 [pool-2-thread-185] DEBUG org.springframework.web.reactive.function.client.ExchangeFunctions - [5302eace] HTTP GET http://localhost:8083/userLocation?userId=f80c60a3-f237-40b4-8375-be9b1e4ed47e
15:53:11.818 [pool-2-thread-151] DEBUG org.springframework.web.reactive.function.client.ExchangeFunctions - [d8a896c] HTTP GET http://localhost:8083/userLocation?userId=27f4c1cb-757a-42c0-8fb9-25de34a04ba6
15:53:11.777 [pool-2-thread-145] DEBUG org.springframework.web.reactive.function.client.ExchangeFunctions - [3fcdb228] HTTP GET http://localhost:8083/userLocation?userId=9b69196d-837d-4bdc-9692-cd6b54850db0
15:53:11.819 [pool-5-thread-17] DEBUG org.springframework.web.reactive.function.client.ExchangeFunctions - [5098206d] HTTP GET http://localhost:8083/userLocation?userId=09a6062c-41d3-43de-a306-620c94551067
15:53:11.819 [pool-2-thread-33] DEBUG org.springframework.web.reactive.function.client.ExchangeFunctions - [5d7ed309] HTTP GET http://localhost:8083/userLocation?userId=e10bc72d-f2dd-4dfe-9486-158778e05cb7
15:53:11.820 [pool-5-thread-97] DEBUG org.springframework.web.reactive.function.client.ExchangeFunctions - [33ab84ea] HTTP GET http://localhost:8083/userLocation?userId=a65f14ad-241a-48b6-8296-62ddf329154e
15:53:11.820 [pool-2-thread-2] DEBUG org.springframework.web.reactive.function.client.ExchangeFunctions - [39f0d8d3] HTTP GET http://localhost:8083/userLocation?userId=d5fa2128-829b-4e00-94a4-31828d642bf7
15:53:11.820 [pool-2-thread-137] DEBUG org.springframework.web.reactive.function.client.ExchangeFunctions - [1c21dad0] HTTP GET http://localhost:8083/userLocation?userId=5c9823cc-fa10-4fb4-9a00-cfa65eb29ceb
15:53:11.821 [pool-2-thread-35] DEBUG org.springframework.web.reactive.function.client.ExchangeFunctions - [e8e5b82] HTTP GET http://localhost:8083/userLocation?userId=4a48e687-99d4-4fe1-b601-16f3ff739de7
15:53:11.821 [pool-2-thread-45] DEBUG org.springframework.web.reactive.function.client.ExchangeFunctions - [b8ac45] HTTP GET http://localhost:8083/userLocation?userId=fd80722c-e7de-4145-8bc7-543b11bae293
15:53:11.822 [pool-2-thread-85] DEBUG org.springframework.web.reactive.function.client.ExchangeFunctions - [3c005c5b] HTTP GET http://localhost:8083/userLocation?userId=f9382d8e-4800-479b-8f04-b7bc83467483
15:53:11.822 [pool-2-thread-4] DEBUG org.springframework.web.reactive.function.client.ExchangeFunctions - [2e2a5435] HTTP GET http://localhost:8083/userLocation?userId=11b358ad-f909-4cc6-8c5f-e48c802218c2
15:53:11.847 [pool-2-thread-79] DEBUG org.springframework.web.reactive.function.client.ExchangeFunctions - [1cf37d3a] HTTP GET http://localhost:8083/userLocation?userId=66f18ee4-1d6b-4491-8adf-0552e490ad0c
15:53:11.848 [pool-5-thread-54] DEBUG org.springframework.web.reactive.function.client.ExchangeFunctions - [44ad3ba6] HTTP GET http://localhost:8083/userLocation?userId=2f2a5659-c7d4-4513-b5ff-f94b8cabfa65
15:53:11.849 [pool-5-thread-57] DEBUG org.springframework.web.reactive.function.client.ExchangeFunctions - [8cfcee0] HTTP GET http://localhost:8083/userLocation?userId=ce9750d0-cc20-45f5-974d-c75bc9b10d91
15:53:11.850 [pool-2-thread-46] DEBUG org.springframework.web.reactive.function.client.ExchangeFunctions - [5c0a7af7] HTTP GET http://localhost:8083/userLocation?userId=2a1be45a-3cae-483d-8741-ef5976ed0f2c
15:53:11.851 [pool-2-thread-120] DEBUG org.springframework.web.reactive.function.client.ExchangeFunctions - [6deee1c8] HTTP GET http://localhost:8083/userLocation?userId=08e97f18-a490-4149-9c2e-136eb8957ab6
15:53:11.778 [pool-2-thread-13] DEBUG org.springframework.web.reactive.function.client.ExchangeFunctions - [7cb1591] HTTP GET http://localhost:8083/userLocation?userId=da72c1bd-d194-48d7-b7b7-0755761b9887
15:53:11.772 [pool-2-thread-84] DEBUG org.springframework.web.reactive.function.client.ExchangeFunctions - [3035e2f3] HTTP GET http://localhost:8083/userLocation?userId=fb685411-eba7-49e5-b06d-c7d078d23c14
15:53:11.854 [pool-2-thread-21] DEBUG org.springframework.web.reactive.function.client.ExchangeFunctions - [2621f56c] HTTP GET http://localhost:8083/userLocation?userId=c2af3be4-cca7-4917-b99b-fa1f52904c61
15:53:11.855 [pool-2-thread-22] DEBUG org.springframework.web.reactive.function.client.ExchangeFunctions - [1be3feab] HTTP GET http://localhost:8083/userLocation?userId=89c6ee3b-0398-4be6-b43c-8c24d6e60369
15:53:11.778 [pool-2-thread-92] DEBUG org.springframework.web.reactive.function.client.ExchangeFunctions - [6cd0e99] HTTP GET http://localhost:8083/userLocation?userId=1601e45f-583a-43b8-a122-3f7ea5a829ad
15:53:11.772 [pool-2-thread-106] DEBUG org.springframework.web.reactive.function.client.ExchangeFunctions - [640798b7] HTTP GET http://localhost:8083/userLocation?userId=89c6ee3b-0398-4be6-b43c-8c24d6e60369
15:53:11.858 [pool-2-thread-153] DEBUG org.springframework.web.reactive.function.client.ExchangeFunctions - [7ca4f8b6] HTTP GET http://localhost:8083/userLocation?userId=de30c4f9-0c2e-4313-b1ec-d154aafc174c
15:53:11.817 [pool-2-thread-193] DEBUG org.springframework.web.reactive.function.client.ExchangeFunctions - [afa0107] HTTP GET http://localhost:8083/userLocation?userId=8b6b22ef-3099-4b58-b546-87bda8bd2ad5
15:53:11.859 [pool-2-thread-123] DEBUG org.springframework.web.reactive.function.client.ExchangeFunctions - [29115c42] HTTP GET http://localhost:8083/userLocation?userId=313a54f5-2fc6-4668-adb5-cb7950b88f8f
15:53:11.772 [pool-5-thread-9] DEBUG org.springframework.web.reactive.function.client.ExchangeFunctions - [69c4dad5] HTTP GET http://localhost:8083/userLocation?userId=58bf569f-e092-4ca5-97ea-98ce1becdae1
15:53:11.860 [pool-5-thread-43] DEBUG org.springframework.web.reactive.function.client.ExchangeFunctions - [329e2e8a] HTTP GET http://localhost:8083/userLocation?userId=de83508a-4c4c-41c3-8bb1-d9c6cc6043f4
15:53:11.860 [pool-2-thread-197] DEBUG org.springframework.web.reactive.function.client.ExchangeFunctions - [4d7bca04] HTTP GET http://localhost:8083/userLocation?userId=f4dd5a80-5da9-4aca-a404-32d6f6e29b08
15:53:11.816 [pool-2-thread-190] DEBUG org.springframework.web.reactive.function.client.ExchangeFunctions - [27c70537] HTTP GET http://localhost:8083/userLocation?userId=8ed54952-4f9e-4c47-84c1-d9ce7808a34e
15:53:11.861 [pool-5-thread-34] DEBUG org.springframework.web.reactive.function.client.ExchangeFunctions - [433b7302] HTTP GET http://localhost:8083/userLocation?userId=5de48127-e4e7-42fa-b144-8f460a3fcf43
15:53:11.862 [pool-2-thread-148] DEBUG org.springframework.web.reactive.function.client.ExchangeFunctions - [797d7268] HTTP GET http://localhost:8083/userLocation?userId=ab0094df-5aad-417a-86c4-33b91f1f0495
15:53:11.778 [pool-2-thread-83] DEBUG org.springframework.web.reactive.function.client.ExchangeFunctions - [7557abca] HTTP GET http://localhost:8083/userLocation?userId=4dd2a22e-e8a7-4b63-a707-568281ce85d1
15:53:11.864 [pool-2-thread-195] DEBUG reactor.netty.resources.PooledConnectionProvider - Creating new client pool [http] for localhost/<unresolved>:8083
15:53:11.773 [pool-2-thread-152] DEBUG org.springframework.web.reactive.function.client.ExchangeFunctions - [3b7a4fad] HTTP GET http://localhost:8083/userLocation?userId=b32eea6e-4a09-4df8-82c0-d80e9412bdd8
15:53:11.865 [pool-2-thread-157] DEBUG org.springframework.web.reactive.function.client.ExchangeFunctions - [213d38d4] HTTP GET http://localhost:8083/userLocation?userId=0b108d8d-756c-4750-b1ba-90846f00ab79
15:53:11.815 [pool-2-thread-15] DEBUG org.springframework.web.reactive.function.client.ExchangeFunctions - [63d7f6c] HTTP GET http://localhost:8083/userLocation?userId=f4fd57d3-6036-4c90-8077-e7466268c131
15:53:11.865 [pool-2-thread-86] DEBUG org.springframework.web.reactive.function.client.ExchangeFunctions - [40267ced] HTTP GET http://localhost:8083/userLocation?userId=d5fa2128-829b-4e00-94a4-31828d642bf7
15:53:11.773 [pool-2-thread-65] DEBUG org.springframework.web.reactive.function.client.ExchangeFunctions - [333e96a7] HTTP GET http://localhost:8083/userLocation?userId=92ca89e3-4afa-43e1-a1ae-e2e5947c2149
15:53:11.866 [pool-2-thread-70] DEBUG org.springframework.web.reactive.function.client.ExchangeFunctions - [6894487b] HTTP GET http://localhost:8083/userLocation?userId=cf5f7f30-4f9e-488a-8e3b-f9697d5069bc
15:53:11.803 [pool-2-thread-126] DEBUG org.springframework.web.reactive.function.client.ExchangeFunctions - [99dcf72] HTTP GET http://localhost:8083/userLocation?userId=655a0ea0-29f6-4f84-95ee-34c0ca4e2a80
15:53:11.868 [pool-2-thread-144] DEBUG org.springframework.web.reactive.function.client.ExchangeFunctions - [7fec351c] HTTP GET http://localhost:8083/userLocation?userId=5735eaef-6d4f-43eb-908b-ff5341a2a20a
15:53:11.773 [pool-2-thread-31] DEBUG org.springframework.web.reactive.function.client.ExchangeFunctions - [1d6e53b1] HTTP GET http://localhost:8083/userLocation?userId=50120c4b-a862-4b8f-8f6f-7b3b94c1459c
15:53:11.773 [pool-5-thread-51] DEBUG org.springframework.web.reactive.function.client.ExchangeFunctions - [169f3d25] HTTP GET http://localhost:8083/userLocation?userId=60816d0e-c866-45ad-b87d-bc0be9102cc3
15:53:11.774 [pool-2-thread-91] DEBUG org.springframework.web.reactive.function.client.ExchangeFunctions - [3b4ebf60] HTTP GET http://localhost:8083/userLocation?userId=d9360777-59f7-4c5c-8aba-210e8106d0e1
15:53:11.869 [pool-2-thread-20] DEBUG org.springframework.web.reactive.function.client.ExchangeFunctions - [6b238cc2] HTTP GET http://localhost:8083/userLocation?userId=8b3af590-1cb0-4ee3-87ae-29eefec5db37
15:53:11.774 [pool-2-thread-5] DEBUG org.springframework.web.reactive.function.client.ExchangeFunctions - [65e7e25d] HTTP GET http://localhost:8083/userLocation?userId=880559bb-3b50-40c2-96ea-bd541dc11f0b
15:53:11.778 [pool-5-thread-23] DEBUG org.springframework.web.reactive.function.client.ExchangeFunctions - [29a30584] HTTP GET http://localhost:8083/userLocation?userId=09ba93de-bb45-48fd-9a9c-12d97c598215
15:53:11.774 [pool-2-thread-128] DEBUG org.springframework.web.reactive.function.client.ExchangeFunctions - [37cbc94e] HTTP GET http://localhost:8083/userLocation?userId=e3105df5-3255-4fd6-858e-3884c57c26cb
15:53:11.873 [pool-2-thread-173] DEBUG org.springframework.web.reactive.function.client.ExchangeFunctions - [5ecb2e16] HTTP GET http://localhost:8083/userLocation?userId=da8a8b72-b2e4-4962-a9bd-13f356b24b7b
15:53:11.875 [pool-2-thread-32] DEBUG org.springframework.web.reactive.function.client.ExchangeFunctions - [2973c8ca] HTTP GET http://localhost:8083/userLocation?userId=457d1855-8539-4c04-932a-195926ca8bfc
15:53:11.774 [pool-2-thread-71] DEBUG org.springframework.web.reactive.function.client.ExchangeFunctions - [60ed4194] HTTP GET http://localhost:8083/userLocation?userId=2323a4e9-0ee2-49dc-bf78-c083ef243bae
15:53:11.878 [pool-5-thread-12] DEBUG org.springframework.web.reactive.function.client.ExchangeFunctions - [473305f8] HTTP GET http://localhost:8083/userLocation?userId=35cb77b3-8dbb-4dca-a662-dc46e8450beb
15:53:11.778 [pool-5-thread-8] DEBUG org.springframework.web.reactive.function.client.ExchangeFunctions - [32fa7260] HTTP GET http://localhost:8083/userLocation?userId=3664b340-eb94-4838-838a-d3963cc336f7
15:53:11.774 [pool-2-thread-88] DEBUG org.springframework.web.reactive.function.client.ExchangeFunctions - [4310816c] HTTP GET http://localhost:8083/userLocation?userId=11b358ad-f909-4cc6-8c5f-e48c802218c2
15:53:11.881 [pool-2-thread-57] DEBUG org.springframework.web.reactive.function.client.ExchangeFunctions - [30733891] HTTP GET http://localhost:8083/userLocation?userId=80da2ec1-9d32-4b92-9483-5dfe3689c638
15:53:11.882 [pool-2-thread-163] DEBUG org.springframework.web.reactive.function.client.ExchangeFunctions - [da801a5] HTTP GET http://localhost:8083/userLocation?userId=3e2c0ae5-b0d7-4b41-9397-d6d35e1e7618
15:53:11.884 [pool-5-thread-68] DEBUG org.springframework.web.reactive.function.client.ExchangeFunctions - [74f74c56] HTTP GET http://localhost:8083/userLocation?userId=2a2f76dd-edc1-41f9-956e-94275535b848
15:53:11.774 [pool-5-thread-71] DEBUG org.springframework.web.reactive.function.client.ExchangeFunctions - [35633eb8] HTTP GET http://localhost:8083/userLocation?userId=30496959-4733-4b7e-859a-d17c68bbf8d0
15:53:11.888 [pool-5-thread-11] DEBUG org.springframework.web.reactive.function.client.ExchangeFunctions - [63ea2302] HTTP GET http://localhost:8083/userLocation?userId=c4babeef-acee-476b-924f-cddcc4b3dad3
15:53:11.889 [pool-2-thread-125] DEBUG org.springframework.web.reactive.function.client.ExchangeFunctions - [5e07f003] HTTP GET http://localhost:8083/userLocation?userId=cddbbc6b-b49d-45e0-8740-bdd6db0041a3
15:53:11.889 [pool-2-thread-66] DEBUG org.springframework.web.reactive.function.client.ExchangeFunctions - [18362ab7] HTTP GET http://localhost:8083/userLocation?userId=27f4c1cb-757a-42c0-8fb9-25de34a04ba6
15:53:11.889 [pool-2-thread-12] DEBUG org.springframework.web.reactive.function.client.ExchangeFunctions - [64dd44dd] HTTP GET http://localhost:8083/userLocation?userId=0759ee05-6d95-4419-b3ad-2322d0318125
15:53:11.774 [pool-5-thread-83] DEBUG org.springframework.web.reactive.function.client.ExchangeFunctions - [687eea8] HTTP GET http://localhost:8083/userLocation?userId=a26189ba-ad29-4bc1-8cdd-69497deab952
15:53:11.890 [pool-5-thread-98] DEBUG org.springframework.web.reactive.function.client.ExchangeFunctions - [20400767] HTTP GET http://localhost:8083/userLocation?userId=bf6ca283-1512-4f32-a67d-dec7af3d9456
15:53:11.891 [pool-5-thread-31] DEBUG org.springframework.web.reactive.function.client.ExchangeFunctions - [35e6be39] HTTP GET http://localhost:8083/userLocation?userId=cd7dc0ac-1435-4f55-b4cf-a388bb5e7022
15:53:11.891 [pool-2-thread-90] DEBUG org.springframework.web.reactive.function.client.ExchangeFunctions - [4963a304] HTTP GET http://localhost:8083/userLocation?userId=f183e1fb-acc7-4330-abf3-89672675771a
15:53:11.774 [pool-2-thread-103] DEBUG org.springframework.web.reactive.function.client.ExchangeFunctions - [7e73a2e1] HTTP GET http://localhost:8083/userLocation?userId=b2276fdc-0b32-4170-a590-9b88caff71b6
15:53:11.892 [pool-5-thread-22] DEBUG org.springframework.web.reactive.function.client.ExchangeFunctions - [403bc4ac] HTTP GET http://localhost:8083/userLocation?userId=086ff253-59e1-45ed-9f0b-90e96da74140
15:53:11.892 [pool-2-thread-177] DEBUG org.springframework.web.reactive.function.client.ExchangeFunctions - [1d86fa11] HTTP GET http://localhost:8083/userLocation?userId=47f7fc0d-9b59-4944-8365-959fd7e89072
15:53:11.897 [pool-5-thread-60] DEBUG org.springframework.web.reactive.function.client.ExchangeFunctions - [6e2c2eaa] HTTP GET http://localhost:8083/userLocation?userId=5ae50876-0f88-4653-8652-0711d4c15c82
15:53:11.900 [pool-2-thread-165] DEBUG org.springframework.web.reactive.function.client.ExchangeFunctions - [cfff474] HTTP GET http://localhost:8083/userLocation?userId=5f3998fd-f2d4-49ae-9b29-e2f60b730771
15:53:11.778 [pool-2-thread-187] DEBUG org.springframework.web.reactive.function.client.ExchangeFunctions - [3f2a08e5] HTTP GET http://localhost:8083/userLocation?userId=26f24560-3c0e-4c0d-a21f-546ee99df0f1
15:53:11.901 [pool-2-thread-78] DEBUG org.springframework.web.reactive.function.client.ExchangeFunctions - [132a337b] HTTP GET http://localhost:8083/userLocation?userId=3e2c0ae5-b0d7-4b41-9397-d6d35e1e7618
15:53:11.774 [pool-5-thread-13] DEBUG org.springframework.web.reactive.function.client.ExchangeFunctions - [4802cbf] HTTP GET http://localhost:8083/userLocation?userId=6c24fd1f-0757-49ab-befc-1d3c9d6f37cd
15:53:11.778 [pool-2-thread-183] DEBUG org.springframework.web.reactive.function.client.ExchangeFunctions - [52b2981f] HTTP GET http://localhost:8083/userLocation?userId=81384c37-c44d-40fc-865f-d7533aca6d33
15:53:11.903 [pool-2-thread-154] DEBUG org.springframework.web.reactive.function.client.ExchangeFunctions - [2d87492e] HTTP GET http://localhost:8083/userLocation?userId=d64e7f59-c19d-4652-96cc-7be8de45d2fc
15:53:11.774 [pool-2-thread-56] DEBUG org.springframework.web.reactive.function.client.ExchangeFunctions - [6bf5035] HTTP GET http://localhost:8083/userLocation?userId=36d31ffd-69ff-47a4-a141-7cfc9495185e
15:53:11.774 [pool-2-thread-112] DEBUG org.springframework.web.reactive.function.client.ExchangeFunctions - [3652f518] HTTP GET http://localhost:8083/userLocation?userId=40cc75b6-c77f-4f0f-a892-508899205994
15:53:11.905 [pool-2-thread-40] DEBUG org.springframework.web.reactive.function.client.ExchangeFunctions - [6ae449f8] HTTP GET http://localhost:8083/userLocation?userId=ccb6c744-5025-45b1-b9b9-b5d288e8a3a7
15:53:11.775 [pool-2-thread-11] DEBUG org.springframework.web.reactive.function.client.ExchangeFunctions - [53160df6] HTTP GET http://localhost:8083/userLocation?userId=5dee6a78-54a6-4559-82a1-992fb2ac424b
15:53:11.907 [pool-5-thread-73] DEBUG org.springframework.web.reactive.function.client.ExchangeFunctions - [7bb9e802] HTTP GET http://localhost:8083/userLocation?userId=ffe6ce65-ba9b-4b0e-afb9-413e3c25efd8
15:53:11.907 [pool-2-thread-110] DEBUG org.springframework.web.reactive.function.client.ExchangeFunctions - [52a267b0] HTTP GET http://localhost:8083/userLocation?userId=cf17fc8f-a2ac-4810-b0dc-1e93bc867745
15:53:11.775 [pool-2-thread-118] DEBUG org.springframework.web.reactive.function.client.ExchangeFunctions - [13036818] HTTP GET http://localhost:8083/userLocation?userId=14c04e9f-c545-4371-b2af-25d9313b93dc
15:53:11.775 [pool-2-thread-7] DEBUG org.springframework.web.reactive.function.client.ExchangeFunctions - [3b79f3e2] HTTP GET http://localhost:8083/userLocation?userId=d9360777-59f7-4c5c-8aba-210e8106d0e1
15:53:11.910 [pool-5-thread-56] DEBUG org.springframework.web.reactive.function.client.ExchangeFunctions - [23052940] HTTP GET http://localhost:8083/userLocation?userId=653710d7-d742-4648-8e9d-0ffc7f849f40
15:53:11.775 [pool-5-thread-3] DEBUG org.springframework.web.reactive.function.client.ExchangeFunctions - [381016fa] HTTP GET http://localhost:8083/userLocation?userId=13e3d617-c848-411f-b435-d04ad599b9b5
15:53:11.911 [pool-2-thread-132] DEBUG org.springframework.web.reactive.function.client.ExchangeFunctions - [34973c25] HTTP GET http://localhost:8083/userLocation?userId=5670eed1-2152-42b9-968c-6e0fa1a77d9c
15:53:11.775 [pool-5-thread-35] DEBUG org.springframework.web.reactive.function.client.ExchangeFunctions - [11c1c8d7] HTTP GET http://localhost:8083/userLocation?userId=513c3e8d-4835-459b-b62d-87d7e1cc7dd1
15:53:11.775 [pool-2-thread-135] DEBUG org.springframework.web.reactive.function.client.ExchangeFunctions - [4c98a0fd] HTTP GET http://localhost:8083/userLocation?userId=de9ecbf0-9d95-496b-8cd5-daa46f35cba4
15:53:11.912 [pool-2-thread-72] DEBUG org.springframework.web.reactive.function.client.ExchangeFunctions - [6bb075c9] HTTP GET http://localhost:8083/userLocation?userId=0b108d8d-756c-4750-b1ba-90846f00ab79
15:53:11.775 [pool-5-thread-77] DEBUG org.springframework.web.reactive.function.client.ExchangeFunctions - [8d5b689] HTTP GET http://localhost:8083/userLocation?userId=7eb57187-2499-4fcb-adcb-1990d1edbc40
15:53:11.913 [pool-2-thread-104] DEBUG org.springframework.web.reactive.function.client.ExchangeFunctions - [6164417b] HTTP GET http://localhost:8083/userLocation?userId=8b3af590-1cb0-4ee3-87ae-29eefec5db37
15:53:11.914 [pool-2-thread-52] DEBUG org.springframework.web.reactive.function.client.ExchangeFunctions - [6d4ee07e] HTTP GET http://localhost:8083/userLocation?userId=5c9823cc-fa10-4fb4-9a00-cfa65eb29ceb
15:53:11.775 [pool-2-thread-41] DEBUG org.springframework.web.reactive.function.client.ExchangeFunctions - [1b094a1e] HTTP GET http://localhost:8083/userLocation?userId=cddbbc6b-b49d-45e0-8740-bdd6db0041a3
15:53:11.915 [pool-2-thread-73] DEBUG org.springframework.web.reactive.function.client.ExchangeFunctions - [3522d3d3] HTTP GET http://localhost:8083/userLocation?userId=27f9dd78-8eb6-400a-a18e-c3c94ddc3b69
15:53:11.775 [pool-2-thread-39] DEBUG org.springframework.web.reactive.function.client.ExchangeFunctions - [64473f5f] HTTP GET http://localhost:8083/userLocation?userId=313a54f5-2fc6-4668-adb5-cb7950b88f8f
15:53:11.917 [pool-5-thread-99] DEBUG org.springframework.web.reactive.function.client.ExchangeFunctions - [5ca4ae75] HTTP GET http://localhost:8083/userLocation?userId=a47d0356-018a-4ef4-9417-4fbbf3da3cb9
15:53:11.775 [pool-2-thread-61] DEBUG org.springframework.web.reactive.function.client.ExchangeFunctions - [4786e818] HTTP GET http://localhost:8083/userLocation?userId=87dca8ff-e094-4c79-924a-37cf4870c980
15:53:11.922 [pool-2-thread-23] DEBUG org.springframework.web.reactive.function.client.ExchangeFunctions - [10264f30] HTTP GET http://localhost:8083/userLocation?userId=f90542d1-92dd-4a05-aa1f-366fea9313e4
15:53:11.923 [pool-5-thread-10] DEBUG org.springframework.web.reactive.function.client.ExchangeFunctions - [7a116c9] HTTP GET http://localhost:8083/userLocation?userId=312d26d8-02da-48e0-b509-149fa782e3a9
15:53:11.924 [pool-2-thread-58] DEBUG io.netty.channel.DefaultChannelId - -Dio.netty.processId: 163704 (auto-detected)
15:53:11.775 [pool-2-thread-81] DEBUG org.springframework.web.reactive.function.client.ExchangeFunctions - [1a8f9ae] HTTP GET http://localhost:8083/userLocation?userId=00dc9ee6-f632-4bb5-beec-72a91d131c93
15:53:11.925 [pool-2-thread-49] DEBUG org.springframework.web.reactive.function.client.ExchangeFunctions - [514cf0ed] HTTP GET http://localhost:8083/userLocation?userId=f39d7f07-4ddc-4fae-b701-514c8d1c0cfa
15:53:11.926 [pool-5-thread-100] DEBUG org.springframework.web.reactive.function.client.ExchangeFunctions - [40f628be] HTTP GET http://localhost:8083/userLocation?userId=ea32b189-1cc0-4182-b548-638b7d1e3ad7
15:53:11.926 [pool-5-thread-46] DEBUG org.springframework.web.reactive.function.client.ExchangeFunctions - [353e0e6e] HTTP GET http://localhost:8083/userLocation?userId=bbfa4e4d-3222-479c-bc51-1814cbee9fc8
15:53:11.927 [pool-2-thread-113] DEBUG org.springframework.web.reactive.function.client.ExchangeFunctions - [b07845c] HTTP GET http://localhost:8083/userLocation?userId=3a128795-52ee-44f2-8988-44f054b718ac
15:53:11.776 [pool-5-thread-44] DEBUG org.springframework.web.reactive.function.client.ExchangeFunctions - [54a872ea] HTTP GET http://localhost:8083/userLocation?userId=0e1ba366-5f59-4662-93cf-9417a747ad34
15:53:11.929 [pool-5-thread-19] DEBUG org.springframework.web.reactive.function.client.ExchangeFunctions - [2c61317d] HTTP GET http://localhost:8083/userLocation?userId=2f9c4b88-f56c-4b12-9c0b-4f443e947e9a
15:53:11.776 [pool-5-thread-62] DEBUG org.springframework.web.reactive.function.client.ExchangeFunctions - [13cdffb9] HTTP GET http://localhost:8083/userLocation?userId=88c2cb3b-3227-44c2-8f6f-29264039dcf5
15:53:11.932 [pool-2-thread-47] DEBUG org.springframework.web.reactive.function.client.ExchangeFunctions - [770383e5] HTTP GET http://localhost:8083/userLocation?userId=2ab6b755-8b5f-4050-b432-6fefd49470d3
15:53:11.776 [pool-2-thread-149] DEBUG org.springframework.web.reactive.function.client.ExchangeFunctions - [60453302] HTTP GET http://localhost:8083/userLocation?userId=f77b0ac0-cb63-4c8f-b6b9-5d1e3977ac6b
15:53:11.933 [pool-2-thread-146] DEBUG org.springframework.web.reactive.function.client.ExchangeFunctions - [17aa64b3] HTTP GET http://localhost:8083/userLocation?userId=87dca8ff-e094-4c79-924a-37cf4870c980
15:53:11.776 [pool-5-thread-61] DEBUG org.springframework.web.reactive.function.client.ExchangeFunctions - [2f02309a] HTTP GET http://localhost:8083/userLocation?userId=08ecf570-a8de-4f69-95cd-349cc93cd714
15:53:11.936 [pool-2-thread-89] DEBUG org.springframework.web.reactive.function.client.ExchangeFunctions - [5aa70f54] HTTP GET http://localhost:8083/userLocation?userId=880559bb-3b50-40c2-96ea-bd541dc11f0b
15:53:11.776 [pool-2-thread-94] DEBUG org.springframework.web.reactive.function.client.ExchangeFunctions - [1aad4740] HTTP GET http://localhost:8083/userLocation?userId=91bd1919-8565-44b1-9b6f-77a7a44f7646
15:53:11.937 [pool-5-thread-52] DEBUG org.springframework.web.reactive.function.client.ExchangeFunctions - [7b3834f6] HTTP GET http://localhost:8083/userLocation?userId=3ec4fbe0-0dde-427c-9cd5-84402ced7c38
15:53:11.776 [pool-5-thread-50] DEBUG org.springframework.web.reactive.function.client.ExchangeFunctions - [662d8bd9] HTTP GET http://localhost:8083/userLocation?userId=82b29bb7-3818-4c7e-a650-0ae9da3921af
15:53:11.776 [pool-2-thread-51] DEBUG org.springframework.web.reactive.function.client.ExchangeFunctions - [9879b8b] HTTP GET http://localhost:8083/userLocation?userId=a7fc695d-a318-4c81-88d6-d1ffa47053cb
15:53:11.938 [pool-2-thread-167] DEBUG org.springframework.web.reactive.function.client.ExchangeFunctions - [dc101f5] HTTP GET http://localhost:8083/userLocation?userId=91e276bf-8fe9-4138-969a-e4a51f035991
15:53:11.776 [pool-2-thread-172] DEBUG org.springframework.web.reactive.function.client.ExchangeFunctions - [2b73c6d] HTTP GET http://localhost:8083/userLocation?userId=26f24560-3c0e-4c0d-a21f-546ee99df0f1
15:53:11.939 [pool-5-thread-89] DEBUG org.springframework.web.reactive.function.client.ExchangeFunctions - [28154557] HTTP GET http://localhost:8083/userLocation?userId=1a461332-fc9e-4e85-89a3-4f0117cbcc9e
15:53:11.776 [pool-5-thread-66] DEBUG org.springframework.web.reactive.function.client.ExchangeFunctions - [66107393] HTTP GET http://localhost:8083/userLocation?userId=022b05a8-67e6-40c4-b201-3ea1d558cb51
15:53:11.942 [pool-5-thread-86] DEBUG org.springframework.web.reactive.function.client.ExchangeFunctions - [4d621481] HTTP GET http://localhost:8083/userLocation?userId=44362f3e-058f-45ae-95de-537e69527046
15:53:11.776 [pool-2-thread-162] DEBUG org.springframework.web.reactive.function.client.ExchangeFunctions - [749859d] HTTP GET http://localhost:8083/userLocation?userId=9ae6a340-96bd-49bd-aca7-b0c3409d2cb9
15:53:11.945 [pool-5-thread-76] DEBUG org.springframework.web.reactive.function.client.ExchangeFunctions - [7fcd293b] HTTP GET http://localhost:8083/userLocation?userId=1d15b43e-ce9f-45f4-b030-1a3333c336cb
15:53:11.776 [pool-2-thread-17] DEBUG org.springframework.web.reactive.function.client.ExchangeFunctions - [7f75c00] HTTP GET http://localhost:8083/userLocation?userId=bce57cb7-bb2e-4db9-bddc-23ec1436ba36
15:53:11.946 [pool-2-thread-38] DEBUG org.springframework.web.reactive.function.client.ExchangeFunctions - [2dd68760] HTTP GET http://localhost:8083/userLocation?userId=652092c2-d693-4c58-a54b-0e1508c2d9a2
15:53:11.776 [pool-2-thread-142] DEBUG org.springframework.web.reactive.function.client.ExchangeFunctions - [4511af8d] HTTP GET http://localhost:8083/userLocation?userId=80da2ec1-9d32-4b92-9483-5dfe3689c638
15:53:11.948 [pool-2-thread-16] DEBUG org.springframework.web.reactive.function.client.ExchangeFunctions - [44ada37a] HTTP GET http://localhost:8083/userLocation?userId=8492c52b-b7d3-4bfb-93e5-296375e4cab8
15:53:11.776 [pool-5-thread-90] DEBUG org.springframework.web.reactive.function.client.ExchangeFunctions - [186fbbf6] HTTP GET http://localhost:8083/userLocation?userId=23ded068-1f66-4eb7-a8f7-0adbdcd6fa73
15:53:11.949 [pool-2-thread-62] DEBUG org.springframework.web.reactive.function.client.ExchangeFunctions - [4bc63477] HTTP GET http://localhost:8083/userLocation?userId=667c2c56-a457-4fc2-89a1-387e17d38fa3
15:53:11.776 [pool-2-thread-115] DEBUG org.springframework.web.reactive.function.client.ExchangeFunctions - [24597174] HTTP GET http://localhost:8083/userLocation?userId=50120c4b-a862-4b8f-8f6f-7b3b94c1459c
15:53:11.952 [pool-2-thread-138] DEBUG org.springframework.web.reactive.function.client.ExchangeFunctions - [691bb35c] HTTP GET http://localhost:8083/userLocation?userId=7086d242-38f3-4070-9f21-38354754fa7c
15:53:11.952 [pool-2-thread-192] DEBUG org.springframework.web.reactive.function.client.ExchangeFunctions - [706e1286] HTTP GET http://localhost:8083/userLocation?userId=47f7fc0d-9b59-4944-8365-959fd7e89072
15:53:11.776 [pool-2-thread-48] DEBUG org.springframework.web.reactive.function.client.ExchangeFunctions - [56830178] HTTP GET http://localhost:8083/userLocation?userId=5670eed1-2152-42b9-968c-6e0fa1a77d9c
15:53:11.955 [pool-2-thread-1] DEBUG org.springframework.web.reactive.function.client.ExchangeFunctions - [1b75b7b3] HTTP GET http://localhost:8083/userLocation?userId=f9382d8e-4800-479b-8f04-b7bc83467483
15:53:11.956 [pool-2-thread-141] DEBUG org.springframework.web.reactive.function.client.ExchangeFunctions - [6caca11e] HTTP GET http://localhost:8083/userLocation?userId=36d31ffd-69ff-47a4-a141-7cfc9495185e
15:53:11.956 [pool-2-thread-37] DEBUG org.springframework.web.reactive.function.client.ExchangeFunctions - [7cebd039] HTTP GET http://localhost:8083/userLocation?userId=43a6b1c9-5911-4846-904f-de16a621546c
15:53:11.777 [pool-2-thread-107] DEBUG org.springframework.web.reactive.function.client.ExchangeFunctions - [6bc92239] HTTP GET http://localhost:8083/userLocation?userId=f90542d1-92dd-4a05-aa1f-366fea9313e4
15:53:11.957 [pool-5-thread-14] DEBUG org.springframework.web.reactive.function.client.ExchangeFunctions - [4209ef5d] HTTP GET http://localhost:8083/userLocation?userId=e548fae0-2377-4a4f-8b85-2eea590f802d
15:53:11.777 [pool-2-thread-131] DEBUG org.springframework.web.reactive.function.client.ExchangeFunctions - [48711119] HTTP GET http://localhost:8083/userLocation?userId=2ab6b755-8b5f-4050-b432-6fefd49470d3
15:53:11.959 [pool-5-thread-2] DEBUG org.springframework.web.reactive.function.client.ExchangeFunctions - [6de2fc9d] HTTP GET http://localhost:8083/userLocation?userId=e5d8a3b0-65c4-4bca-b1ce-5c169cb11a99
15:53:11.959 [pool-5-thread-93] DEBUG org.springframework.web.reactive.function.client.ExchangeFunctions - [738ec554] HTTP GET http://localhost:8083/userLocation?userId=bbba9704-2e44-4e72-bdbc-72abee18331c
15:53:11.960 [pool-2-thread-199] DEBUG org.springframework.web.reactive.function.client.ExchangeFunctions - [3ccd908c] HTTP GET http://localhost:8083/userLocation?userId=364817b4-3d4e-4909-836b-8405f9e45a72
15:53:11.777 [pool-5-thread-47] DEBUG org.springframework.web.reactive.function.client.ExchangeFunctions - [4252f6d] HTTP GET http://localhost:8083/userLocation?userId=17e328fa-6d3f-4114-bb82-70207a82fbd9
15:53:11.961 [pool-2-thread-175] DEBUG org.springframework.web.reactive.function.client.ExchangeFunctions - [49c44a0e] HTTP GET http://localhost:8083/userLocation?userId=8ed54952-4f9e-4c47-84c1-d9ce7808a34e
15:53:11.961 [pool-5-thread-92] DEBUG org.springframework.web.reactive.function.client.ExchangeFunctions - [b799b03] HTTP GET http://localhost:8083/userLocation?userId=84b2fa37-782a-495e-800c-5890e31ff510
15:53:11.777 [pool-2-thread-18] DEBUG org.springframework.web.reactive.function.client.ExchangeFunctions - [74aec17e] HTTP GET http://localhost:8083/userLocation?userId=d0d602a8-05ff-400c-a4ae-e6ef4dc149d4
15:53:11.963 [pool-2-thread-54] DEBUG org.springframework.web.reactive.function.client.ExchangeFunctions - [69b776f3] HTTP GET http://localhost:8083/userLocation?userId=fe67373d-7a3d-44dc-9cb4-d00e0b09cf29
15:53:11.777 [pool-2-thread-75] DEBUG org.springframework.web.reactive.function.client.ExchangeFunctions - [6338911c] HTTP GET http://localhost:8083/userLocation?userId=8d70f929-f18b-4226-ad8c-3263fd279c28
15:53:11.964 [pool-5-thread-75] DEBUG org.springframework.web.reactive.function.client.ExchangeFunctions - [5a1ebbdd] HTTP GET http://localhost:8083/userLocation?userId=8f515823-addd-4298-8819-47ca943bcb79
15:53:11.965 [pool-5-thread-41] DEBUG org.springframework.web.reactive.function.client.ExchangeFunctions - [4ddc98ef] HTTP GET http://localhost:8083/userLocation?userId=66c20936-6741-4f51-8a3d-6d2175c7b4c0
15:53:11.777 [pool-2-thread-100] DEBUG org.springframework.web.reactive.function.client.ExchangeFunctions - [5210827e] HTTP GET http://localhost:8083/userLocation?userId=8492c52b-b7d3-4bfb-93e5-296375e4cab8
15:53:11.777 [pool-5-thread-15] DEBUG org.springframework.web.reactive.function.client.ExchangeFunctions - [3052b272] HTTP GET http://localhost:8083/userLocation?userId=5ac27d62-a2b4-465e-9116-cf4841c94f2b
15:53:11.967 [pool-2-thread-105] DEBUG org.springframework.web.reactive.function.client.ExchangeFunctions - [1bd494cf] HTTP GET http://localhost:8083/userLocation?userId=c2af3be4-cca7-4917-b99b-fa1f52904c61
15:53:11.777 [pool-2-thread-24] DEBUG org.springframework.web.reactive.function.client.ExchangeFunctions - [2f0f792a] HTTP GET http://localhost:8083/userLocation?userId=e6fd486b-8ac5-4554-8b3a-70d1fc8f666b
15:53:11.968 [pool-2-thread-194] DEBUG org.springframework.web.reactive.function.client.ExchangeFunctions - [e7a19c5] HTTP GET http://localhost:8083/userLocation?userId=48e53f4f-e105-461a-bf59-75b2c5982b15
15:53:11.968 [pool-5-thread-87] DEBUG org.springframework.web.reactive.function.client.ExchangeFunctions - [216d94b5] HTTP GET http://localhost:8083/userLocation?userId=56aad4e1-c14f-412a-8b0c-276b69e9d278
15:53:11.777 [pool-2-thread-96] DEBUG org.springframework.web.reactive.function.client.ExchangeFunctions - [2dd65d45] HTTP GET http://localhost:8083/userLocation?userId=0759ee05-6d95-4419-b3ad-2322d0318125
15:53:11.969 [pool-2-thread-69] DEBUG org.springframework.web.reactive.function.client.ExchangeFunctions - [36409869] HTTP GET http://localhost:8083/userLocation?userId=d64e7f59-c19d-4652-96cc-7be8de45d2fc
15:53:11.969 [pool-2-thread-82] DEBUG org.springframework.web.reactive.function.client.ExchangeFunctions - [42488e3f] HTTP GET http://localhost:8083/userLocation?userId=91e276bf-8fe9-4138-969a-e4a51f035991
15:53:11.777 [pool-2-thread-9] DEBUG org.springframework.web.reactive.function.client.ExchangeFunctions - [7626d160] HTTP GET http://localhost:8083/userLocation?userId=2e94cd9d-b6a4-45a0-a8e3-3c662fc6bc6b
15:53:11.970 [pool-2-thread-158] DEBUG org.springframework.web.reactive.function.client.ExchangeFunctions - [49ad2380] HTTP GET http://localhost:8083/userLocation?userId=27f9dd78-8eb6-400a-a18e-c3c94ddc3b69
15:53:11.971 [pool-2-thread-77] DEBUG org.springframework.web.reactive.function.client.ExchangeFunctions - [11c0edab] HTTP GET http://localhost:8083/userLocation?userId=9ae6a340-96bd-49bd-aca7-b0c3409d2cb9
15:53:11.777 [pool-2-thread-68] DEBUG org.springframework.web.reactive.function.client.ExchangeFunctions - [559dffad] HTTP GET http://localhost:8083/userLocation?userId=de30c4f9-0c2e-4313-b1ec-d154aafc174c
15:53:11.972 [pool-2-thread-129] DEBUG org.springframework.web.reactive.function.client.ExchangeFunctions - [72dd4d79] HTTP GET http://localhost:8083/userLocation?userId=fd80722c-e7de-4145-8bc7-543b11bae293
15:53:11.972 [pool-2-thread-42] DEBUG org.springframework.web.reactive.function.client.ExchangeFunctions - [6acec432] HTTP GET http://localhost:8083/userLocation?userId=655a0ea0-29f6-4f84-95ee-34c0ca4e2a80
15:53:11.777 [pool-5-thread-94] DEBUG org.springframework.web.reactive.function.client.ExchangeFunctions - [1c693efb] HTTP GET http://localhost:8083/userLocation?userId=fb0946d9-85e9-4622-af6d-33e6a4417056
15:53:11.974 [pool-2-thread-25] DEBUG org.springframework.web.reactive.function.client.ExchangeFunctions - [e1fbac7] HTTP GET http://localhost:8083/userLocation?userId=bf2bd711-88de-40fc-afaa-fcbbc0855fff
15:53:11.975 [pool-2-thread-130] DEBUG org.springframework.web.reactive.function.client.ExchangeFunctions - [5f6283ba] HTTP GET http://localhost:8083/userLocation?userId=2a1be45a-3cae-483d-8741-ef5976ed0f2c
15:53:11.777 [pool-2-thread-36] DEBUG org.springframework.web.reactive.function.client.ExchangeFunctions - [32a18369] HTTP GET http://localhost:8083/userLocation?userId=08e97f18-a490-4149-9c2e-136eb8957ab6
15:53:11.976 [pool-2-thread-198] DEBUG org.springframework.web.reactive.function.client.ExchangeFunctions - [57635303] HTTP GET http://localhost:8083/userLocation?userId=81384c37-c44d-40fc-865f-d7533aca6d33
15:53:11.777 [pool-5-thread-53] DEBUG org.springframework.web.reactive.function.client.ExchangeFunctions - [40f7bcb6] HTTP GET http://localhost:8083/userLocation?userId=c5873ddf-d4fe-4af2-b30f-a8d8d4c65a71
15:53:11.976 [pool-2-thread-160] DEBUG org.springframework.web.reactive.function.client.ExchangeFunctions - [57f17a5d] HTTP GET http://localhost:8083/userLocation?userId=8d70f929-f18b-4226-ad8c-3263fd279c28
15:53:11.823 [pool-2-thread-189] DEBUG org.springframework.web.reactive.function.client.ExchangeFunctions - [4ef037bb] HTTP GET http://localhost:8083/userLocation?userId=aa5e203e-b3a6-4dfc-8db7-dc10ed4b04c0
15:53:11.978 [pool-2-thread-14] DEBUG org.springframework.web.reactive.function.client.ExchangeFunctions - [367ef707] HTTP GET http://localhost:8083/userLocation?userId=659fcc0d-e941-4475-9648-9f56f400c4c7
15:53:11.978 [pool-2-thread-184] DEBUG org.springframework.web.reactive.function.client.ExchangeFunctions - [29ddc64] HTTP GET http://localhost:8083/userLocation?userId=364817b4-3d4e-4909-836b-8405f9e45a72
15:53:11.824 [pool-2-thread-97] DEBUG org.springframework.web.reactive.function.client.ExchangeFunctions - [7d854816] HTTP GET http://localhost:8083/userLocation?userId=da72c1bd-d194-48d7-b7b7-0755761b9887
15:53:11.979 [pool-5-thread-39] DEBUG org.springframework.web.reactive.function.client.ExchangeFunctions - [4e84d5f9] HTTP GET http://localhost:8083/userLocation?userId=d78c40a3-469d-464d-9b66-afcfaa052993
15:53:11.980 [pool-5-thread-4] DEBUG org.springframework.web.reactive.function.client.ExchangeFunctions - [11bfb4e2] HTTP GET http://localhost:8083/userLocation?userId=9aa32115-820b-4b66-9458-7e4bf8aa7c97
15:53:11.825 [pool-5-thread-27] DEBUG org.springframework.web.reactive.function.client.ExchangeFunctions - [7117303f] HTTP GET http://localhost:8083/userLocation?userId=5d857e3f-c73f-4a71-b917-898328a82d40
15:53:11.981 [Test worker] DEBUG org.springframework.web.reactive.function.client.ExchangeFunctions - [1e4c6583] HTTP GET http://localhost:8083/attractions
15:53:11.825 [pool-5-thread-88] DEBUG org.springframework.web.reactive.function.client.ExchangeFunctions - [182f8273] HTTP GET http://localhost:8083/userLocation?userId=927a86ea-0541-4a6a-b8d8-8332b27a8157
15:53:11.982 [pool-2-thread-196] DEBUG org.springframework.web.reactive.function.client.ExchangeFunctions - [43cb186f] HTTP GET http://localhost:8083/userLocation?userId=7393a6fc-7624-4bf3-9a41-11cc4b565179
15:53:11.825 [pool-2-thread-161] DEBUG org.springframework.web.reactive.function.client.ExchangeFunctions - [523a618c] HTTP GET http://localhost:8083/userLocation?userId=7162a0db-4941-4472-9030-80aab7bcd1ce
15:53:11.983 [pool-5-thread-25] DEBUG org.springframework.web.reactive.function.client.ExchangeFunctions - [5293806d] HTTP GET http://localhost:8083/userLocation?userId=e40c0878-9e0f-4ada-a1b9-24544a7752f1
15:53:11.984 [pool-5-thread-55] DEBUG org.springframework.web.reactive.function.client.ExchangeFunctions - [7cbe2605] HTTP GET http://localhost:8083/userLocation?userId=ceb971f2-27df-45c9-9720-e816c3531753
15:53:11.826 [pool-5-thread-96] DEBUG org.springframework.web.reactive.function.client.ExchangeFunctions - [513f58a5] HTTP GET http://localhost:8083/userLocation?userId=25dee4df-d0c0-4031-aa5f-97b5303d7401
15:53:11.986 [pool-5-thread-29] DEBUG org.springframework.web.reactive.function.client.ExchangeFunctions - [c9ed89a] HTTP GET http://localhost:8083/userLocation?userId=6bdb1add-d231-4dcc-939c-eccb85e54577
15:53:11.826 [pool-2-thread-114] DEBUG org.springframework.web.reactive.function.client.ExchangeFunctions - [3cfbb0a5] HTTP GET http://localhost:8083/userLocation?userId=00e4fd95-5bba-49ef-ae9e-9ec2272c31b0
15:53:11.988 [pool-5-thread-72] DEBUG org.springframework.web.reactive.function.client.ExchangeFunctions - [77bddfc6] HTTP GET http://localhost:8083/userLocation?userId=a109cebc-d760-4f13-9685-25b1e1a768dc
15:53:11.826 [pool-5-thread-24] DEBUG org.springframework.web.reactive.function.client.ExchangeFunctions - [1b8f7515] HTTP GET http://localhost:8083/userLocation?userId=e5cf1ab7-4505-4e2b-aeb7-ec58e5252d83
15:53:11.989 [pool-2-thread-50] DEBUG org.springframework.web.reactive.function.client.ExchangeFunctions - [4aafe697] HTTP GET http://localhost:8083/userLocation?userId=de9ecbf0-9d95-496b-8cd5-daa46f35cba4
15:53:11.826 [pool-2-thread-136] DEBUG org.springframework.web.reactive.function.client.ExchangeFunctions - [25378626] HTTP GET http://localhost:8083/userLocation?userId=a7fc695d-a318-4c81-88d6-d1ffa47053cb
15:53:11.991 [pool-2-thread-8] DEBUG org.springframework.web.reactive.function.client.ExchangeFunctions - [4ae71f80] HTTP GET http://localhost:8083/userLocation?userId=1601e45f-583a-43b8-a122-3f7ea5a829ad
15:53:11.991 [pool-2-thread-156] DEBUG org.springframework.web.reactive.function.client.ExchangeFunctions - [355578fd] HTTP GET http://localhost:8083/userLocation?userId=2323a4e9-0ee2-49dc-bf78-c083ef243bae
15:53:11.826 [pool-2-thread-143] DEBUG org.springframework.web.reactive.function.client.ExchangeFunctions - [24d14500] HTTP GET http://localhost:8083/userLocation?userId=647c62c0-3290-4677-a999-616603e75d37
15:53:11.991 [pool-2-thread-174] DEBUG org.springframework.web.reactive.function.client.ExchangeFunctions - [35b1851f] HTTP GET http://localhost:8083/userLocation?userId=aa5e203e-b3a6-4dfc-8db7-dc10ed4b04c0
15:53:11.827 [pool-2-thread-53] DEBUG org.springframework.web.reactive.function.client.ExchangeFunctions - [15439ffe] HTTP GET http://localhost:8083/userLocation?userId=7086d242-38f3-4070-9f21-38354754fa7c
15:53:11.992 [pool-2-thread-121] DEBUG org.springframework.web.reactive.function.client.ExchangeFunctions - [61b5853e] HTTP GET http://localhost:8083/userLocation?userId=43a6b1c9-5911-4846-904f-de16a621546c
15:53:11.993 [pool-2-thread-179] DEBUG org.springframework.web.reactive.function.client.ExchangeFunctions - [1365589f] HTTP GET http://localhost:8083/userLocation?userId=48e53f4f-e105-461a-bf59-75b2c5982b15
15:53:11.827 [pool-2-thread-19] DEBUG org.springframework.web.reactive.function.client.ExchangeFunctions - [652dd9fd] HTTP GET http://localhost:8083/userLocation?userId=b2276fdc-0b32-4170-a590-9b88caff71b6
15:53:11.776 [pool-2-thread-74] DEBUG org.springframework.web.reactive.function.client.ExchangeFunctions - [122d37b] HTTP GET http://localhost:8083/userLocation?userId=7c6c4fc9-e9d7-459c-b642-20e622ec1070
15:53:11.994 [pool-2-thread-150] DEBUG org.springframework.web.reactive.function.client.ExchangeFunctions - [6ff4454a] HTTP GET http://localhost:8083/userLocation?userId=92ca89e3-4afa-43e1-a1ae-e2e5947c2149
15:53:11.994 [pool-5-thread-6] DEBUG org.springframework.web.reactive.function.client.ExchangeFunctions - [2f0845ac] HTTP GET http://localhost:8083/userLocation?userId=a6863384-d596-4e00-ae17-a598d1b84a52
15:53:11.775 [pool-2-thread-111] DEBUG org.springframework.web.reactive.function.client.ExchangeFunctions - [276bc3f] HTTP GET http://localhost:8083/userLocation?userId=77090ab4-0160-4313-ab32-4e78cf9de773
15:53:11.995 [pool-5-thread-40] DEBUG org.springframework.web.reactive.function.client.ExchangeFunctions - [1231ace2] HTTP GET http://localhost:8083/userLocation?userId=ed6cab4e-0794-455a-95ac-a5d0b5e1c510
15:53:11.995 [pool-2-thread-181] DEBUG org.springframework.web.reactive.function.client.ExchangeFunctions - [e5ee406] HTTP GET http://localhost:8083/userLocation?userId=7393a6fc-7624-4bf3-9a41-11cc4b565179
15:53:11.774 [pool-2-thread-169] DEBUG org.springframework.web.reactive.function.client.ExchangeFunctions - [571780f8] HTTP GET http://localhost:8083/userLocation?userId=fb685411-eba7-49e5-b06d-c7d078d23c14
15:53:11.997 [pool-2-thread-127] DEBUG org.springframework.web.reactive.function.client.ExchangeFunctions - [1ef1b4b7] HTTP GET http://localhost:8083/userLocation?userId=13c6ceaf-0710-462f-8bc2-e2ac91fb1350
15:53:11.827 [pool-2-thread-178] DEBUG org.springframework.web.reactive.function.client.ExchangeFunctions - [2f60ca9e] HTTP GET http://localhost:8083/userLocation?userId=8b6b22ef-3099-4b58-b546-87bda8bd2ad5
15:53:11.827 [pool-2-thread-188] DEBUG org.springframework.web.reactive.function.client.ExchangeFunctions - [78c2ba95] HTTP GET http://localhost:8083/userLocation?userId=da8a8b72-b2e4-4962-a9bd-13f356b24b7b
15:53:11.827 [pool-5-thread-20] DEBUG org.springframework.web.reactive.function.client.ExchangeFunctions - [1126bcbe] HTTP GET http://localhost:8083/userLocation?userId=839fd9f1-efb9-42d3-b80f-caa194ab7c90
15:53:11.827 [pool-5-thread-37] DEBUG org.springframework.web.reactive.function.client.ExchangeFunctions - [30ae7330] HTTP GET http://localhost:8083/userLocation?userId=9210fe3b-2d9a-4f2c-8c54-688589f5b58c
15:53:11.774 [pool-2-thread-117] DEBUG org.springframework.web.reactive.function.client.ExchangeFunctions - [5859406a] HTTP GET http://localhost:8083/userLocation?userId=e10bc72d-f2dd-4dfe-9486-158778e05cb7
15:53:11.830 [pool-2-thread-29] DEBUG org.springframework.web.reactive.function.client.ExchangeFunctions - [6891b8fa] HTTP GET http://localhost:8083/userLocation?userId=3a128795-52ee-44f2-8988-44f054b718ac
15:53:11.830 [pool-2-thread-60] DEBUG org.springframework.web.reactive.function.client.ExchangeFunctions - [3cd18c9a] HTTP GET http://localhost:8083/userLocation?userId=9b69196d-837d-4bdc-9692-cd6b54850db0
15:53:11.778 [pool-5-thread-32] DEBUG org.springframework.web.reactive.function.client.ExchangeFunctions - [af2b8eb] HTTP GET http://localhost:8083/userLocation?userId=a68bbe08-9afb-474c-b080-3673a9f3a35d
15:53:11.838 [pool-5-thread-49] DEBUG org.springframework.web.reactive.function.client.ExchangeFunctions - [427d0cda] HTTP GET http://localhost:8083/userLocation?userId=339e13ad-b8f1-45ed-aaec-24297ea93f94
15:53:11.838 [pool-2-thread-44] DEBUG org.springframework.web.reactive.function.client.ExchangeFunctions - [6cb26dbb] HTTP GET http://localhost:8083/userLocation?userId=e3105df5-3255-4fd6-858e-3884c57c26cb
15:53:11.839 [pool-5-thread-84] DEBUG org.springframework.web.reactive.function.client.ExchangeFunctions - [3d54213] HTTP GET http://localhost:8083/userLocation?userId=9ee5e5f1-2320-453c-9ab4-9c02a1a70b71
15:53:11.778 [pool-5-thread-30] DEBUG org.springframework.web.reactive.function.client.ExchangeFunctions - [478c8e57] HTTP GET http://localhost:8083/userLocation?userId=86b96852-f137-496f-85ff-f5970a77d168
15:53:11.839 [pool-5-thread-59] DEBUG org.springframework.web.reactive.function.client.ExchangeFunctions - [32902059] HTTP GET http://localhost:8083/userLocation?userId=c0774efd-d248-4427-a0d6-8e85948aa8ec
15:53:11.840 [pool-5-thread-70] DEBUG org.springframework.web.reactive.function.client.ExchangeFunctions - [107314a3] HTTP GET http://localhost:8083/userLocation?userId=d5e375b9-6de3-465c-b4f9-9a02553a3a10
15:53:11.840 [pool-5-thread-91] DEBUG org.springframework.web.reactive.function.client.ExchangeFunctions - [7bdc6975] HTTP GET http://localhost:8083/userLocation?userId=fec60b1b-8e37-47db-8cb1-3b34e333986b
15:53:11.840 [pool-2-thread-109] DEBUG org.springframework.web.reactive.function.client.ExchangeFunctions - [3b612a17] HTTP GET http://localhost:8083/userLocation?userId=bf2bd711-88de-40fc-afaa-fcbbc0855fff
15:53:11.817 [pool-2-thread-93] DEBUG org.springframework.web.reactive.function.client.ExchangeFunctions - [30af3984] HTTP GET http://localhost:8083/userLocation?userId=2e94cd9d-b6a4-45a0-a8e3-3c662fc6bc6b
15:53:11.864 [pool-5-thread-67] DEBUG org.springframework.web.reactive.function.client.ExchangeFunctions - [28e73a24] HTTP GET http://localhost:8083/userLocation?userId=24d6dc0e-82c9-4e5d-b55f-bfa77524f2c2
15:53:11.882 [pool-2-thread-200] DEBUG org.springframework.web.reactive.function.client.ExchangeFunctions - [762f6345] HTTP GET http://localhost:8083/userLocation?userId=f80c60a3-f237-40b4-8375-be9b1e4ed47e
15:53:11.794 [pool-2-thread-164] DEBUG org.springframework.web.reactive.function.client.ExchangeFunctions - [6f50ad0f] HTTP GET http://localhost:8083/userLocation?userId=66f18ee4-1d6b-4491-8adf-0552e490ad0c
15:53:11.883 [pool-5-thread-78] DEBUG org.springframework.web.reactive.function.client.ExchangeFunctions - [2223886b] HTTP GET http://localhost:8083/userLocation?userId=d3f1ac3c-9ed4-4048-9506-037a25a80088
15:53:11.883 [pool-5-thread-45] DEBUG org.springframework.web.reactive.function.client.ExchangeFunctions - [1914e3e4] HTTP GET http://localhost:8083/userLocation?userId=9a75c518-d7b6-4c88-8e09-d2005eb00025
15:53:11.794 [pool-2-thread-34] DEBUG org.springframework.web.reactive.function.client.ExchangeFunctions - [295eab71] HTTP GET http://localhost:8083/userLocation?userId=14c04e9f-c545-4371-b2af-25d9313b93dc
15:53:11.883 [pool-5-thread-18] DEBUG org.springframework.web.reactive.function.client.ExchangeFunctions - [6d7e6391] HTTP GET http://localhost:8083/userLocation?userId=24666d8f-c31f-41a7-97a7-6358b1f4962a
15:53:11.772 [pool-2-thread-76] DEBUG org.springframework.web.reactive.function.client.ExchangeFunctions - [728d37ae] HTTP GET http://localhost:8083/userLocation?userId=7162a0db-4941-4472-9030-80aab7bcd1ce
15:53:11.788 [pool-2-thread-108] DEBUG org.springframework.web.reactive.function.client.ExchangeFunctions - [4f2935e2] HTTP GET http://localhost:8083/userLocation?userId=e6fd486b-8ac5-4554-8b3a-70d1fc8f666b
15:53:11.883 [pool-5-thread-95] DEBUG org.springframework.web.reactive.function.client.ExchangeFunctions - [35257add] HTTP GET http://localhost:8083/userLocation?userId=44964884-6c5c-46dc-a68c-8d9060b2c6e7
15:53:11.788 [pool-2-thread-80] DEBUG org.springframework.web.reactive.function.client.ExchangeFunctions - [8cff43c] HTTP GET http://localhost:8083/userLocation?userId=5f3998fd-f2d4-49ae-9b29-e2f60b730771
15:53:11.788 [pool-2-thread-55] DEBUG org.springframework.web.reactive.function.client.ExchangeFunctions - [16d156e2] HTTP GET http://localhost:8083/userLocation?userId=01243b8e-38da-4d8f-8b4d-cf2cc583b720
15:53:11.883 [pool-2-thread-176] DEBUG org.springframework.web.reactive.function.client.ExchangeFunctions - [19aca61c] HTTP GET http://localhost:8083/userLocation?userId=9f2ed21f-02c2-4b50-90b2-9e2cbfa2fd17
15:53:11.883 [pool-2-thread-59] DEBUG org.springframework.web.reactive.function.client.ExchangeFunctions - [7e9b8cb1] HTTP GET http://localhost:8083/userLocation?userId=5735eaef-6d4f-43eb-908b-ff5341a2a20a
15:53:11.883 [pool-2-thread-147] DEBUG org.springframework.web.reactive.function.client.ExchangeFunctions - [1cbc892e] HTTP GET http://localhost:8083/userLocation?userId=667c2c56-a457-4fc2-89a1-387e17d38fa3
15:53:11.785 [pool-5-thread-7] DEBUG org.springframework.web.reactive.function.client.ExchangeFunctions - [5c95144c] HTTP GET http://localhost:8083/userLocation?userId=caab5cdd-8d0e-4e28-a7f6-743157b1e933
15:53:11.785 [pool-2-thread-124] DEBUG org.springframework.web.reactive.function.client.ExchangeFunctions - [58a7db50] HTTP GET http://localhost:8083/userLocation?userId=ccb6c744-5025-45b1-b9b9-b5d288e8a3a7
15:53:11.778 [pool-2-thread-119] DEBUG org.springframework.web.reactive.function.client.ExchangeFunctions - [7df056f5] HTTP GET http://localhost:8083/userLocation?userId=4a48e687-99d4-4fe1-b601-16f3ff739de7
15:53:11.891 [pool-2-thread-67] DEBUG org.springframework.web.reactive.function.client.ExchangeFunctions - [127a8b36] HTTP GET http://localhost:8083/userLocation?userId=b32eea6e-4a09-4df8-82c0-d80e9412bdd8
15:53:11.892 [pool-2-thread-170] DEBUG org.springframework.web.reactive.function.client.ExchangeFunctions - [73db1c49] HTTP GET http://localhost:8083/userLocation?userId=c39f9f22-3515-479b-a8c4-57e28ba7abfb
15:53:11.938 [pool-5-thread-21] DEBUG org.springframework.web.reactive.function.client.ExchangeFunctions - [6d8539a0] HTTP GET http://localhost:8083/userLocation?userId=7ab0801e-c6de-40b2-8af7-08768f7e5009
15:53:11.938 [pool-2-thread-102] DEBUG org.springframework.web.reactive.function.client.ExchangeFunctions - [fd26d14] HTTP GET http://localhost:8083/userLocation?userId=d0d602a8-05ff-400c-a4ae-e6ef4dc149d4
15:53:11.940 [pool-2-thread-98] DEBUG org.springframework.web.reactive.function.client.ExchangeFunctions - [7f7040e7] HTTP GET http://localhost:8083/userLocation?userId=659fcc0d-e941-4475-9648-9f56f400c4c7
15:53:11.941 [pool-5-thread-81] DEBUG org.springframework.web.reactive.function.client.ExchangeFunctions - [5c5a505f] HTTP GET http://localhost:8083/userLocation?userId=63827c4f-16dd-4ef6-ae2d-12a808bf02ae
15:53:11.943 [pool-2-thread-26] DEBUG org.springframework.web.reactive.function.client.ExchangeFunctions - [328f6955] HTTP GET http://localhost:8083/userLocation?userId=cf17fc8f-a2ac-4810-b0dc-1e93bc867745
15:53:11.944 [pool-2-thread-186] DEBUG org.springframework.web.reactive.function.client.ExchangeFunctions - [16a37122] HTTP GET http://localhost:8083/userLocation?userId=f20b15b7-f7b3-4f6f-b563-e0ff81c3f6e2
15:53:11.955 [pool-5-thread-16] DEBUG org.springframework.web.reactive.function.client.ExchangeFunctions - [3377ab00] HTTP GET http://localhost:8083/userLocation?userId=69b999b4-96bf-4513-85fb-d346fdb56545
15:53:11.956 [pool-2-thread-64] DEBUG org.springframework.web.reactive.function.client.ExchangeFunctions - [2243e3fc] HTTP GET http://localhost:8083/userLocation?userId=f77b0ac0-cb63-4c8f-b6b9-5d1e3977ac6b
15:53:11.966 [pool-5-thread-80] DEBUG org.springframework.web.reactive.function.client.ExchangeFunctions - [533d17bb] HTTP GET http://localhost:8083/userLocation?userId=9c5c47c8-2a6b-425c-bccd-5dae1d35c3a5
15:53:11.968 [pool-2-thread-27] DEBUG org.springframework.web.reactive.function.client.ExchangeFunctions - [9f48659] HTTP GET http://localhost:8083/userLocation?userId=77090ab4-0160-4313-ab32-4e78cf9de773
15:53:11.968 [pool-2-thread-3] DEBUG org.springframework.web.reactive.function.client.ExchangeFunctions - [3268c419] HTTP GET http://localhost:8083/userLocation?userId=213ae7e4-fde4-4d31-b0bf-2e68ed86131b
15:53:11.976 [pool-2-thread-63] DEBUG org.springframework.web.reactive.function.client.ExchangeFunctions - [6c42e31] HTTP GET http://localhost:8083/userLocation?userId=ab0094df-5aad-417a-86c4-33b91f1f0495
15:53:11.998 [pool-2-thread-134] DEBUG org.springframework.web.reactive.function.client.ExchangeFunctions - [320a9ef7] HTTP GET http://localhost:8083/userLocation?userId=c39f9f22-3515-479b-a8c4-57e28ba7abfb
15:53:11.998 [pool-2-thread-139] DEBUG org.springframework.web.reactive.function.client.ExchangeFunctions - [5216285b] HTTP GET http://localhost:8083/userLocation?userId=fe67373d-7a3d-44dc-9cb4-d00e0b09cf29
15:53:11.778 [pool-5-thread-28] DEBUG org.springframework.web.reactive.function.client.ExchangeFunctions - [4cfe022] HTTP GET http://localhost:8083/userLocation?userId=0791e4eb-a7d3-4f0b-a1a1-3e46b98a228c
15:53:11.887 [pool-2-thread-95] DEBUG org.springframework.web.reactive.function.client.ExchangeFunctions - [26a7157f] HTTP GET http://localhost:8083/userLocation?userId=5dee6a78-54a6-4559-82a1-992fb2ac424b
15:53:11.887 [pool-5-thread-33] DEBUG org.springframework.web.reactive.function.client.ExchangeFunctions - [71815998] HTTP GET http://localhost:8083/userLocation?userId=e5b11639-77fd-4693-a1f6-e94ff82dab38
15:53:11.887 [pool-2-thread-99] DEBUG org.springframework.web.reactive.function.client.ExchangeFunctions - [202e76f9] HTTP GET http://localhost:8083/userLocation?userId=f4fd57d3-6036-4c90-8077-e7466268c131
15:53:11.887 [pool-5-thread-5] DEBUG org.springframework.web.reactive.function.client.ExchangeFunctions - [43d2f6c5] HTTP GET http://localhost:8083/userLocation?userId=085343c5-058e-4308-80b3-fd18b88d975d
15:53:11.886 [pool-5-thread-74] DEBUG org.springframework.web.reactive.function.client.ExchangeFunctions - [37b0bec1] HTTP GET http://localhost:8083/userLocation?userId=0593c2e3-e7d4-4c17-a881-63f339ca301d
15:53:11.886 [pool-2-thread-87] DEBUG org.springframework.web.reactive.function.client.ExchangeFunctions - [53b54c57] HTTP GET http://localhost:8083/userLocation?userId=213ae7e4-fde4-4d31-b0bf-2e68ed86131b
15:53:11.886 [pool-2-thread-166] DEBUG org.springframework.web.reactive.function.client.ExchangeFunctions - [4cbacbb] HTTP GET http://localhost:8083/userLocation?userId=00dc9ee6-f632-4bb5-beec-72a91d131c93
15:53:11.886 [pool-2-thread-159] DEBUG org.springframework.web.reactive.function.client.ExchangeFunctions - [41d4e59c] HTTP GET http://localhost:8083/userLocation?userId=7c6c4fc9-e9d7-459c-b642-20e622ec1070
15:53:11.886 [pool-2-thread-182] DEBUG org.springframework.web.reactive.function.client.ExchangeFunctions - [1c0f3df8] HTTP GET http://localhost:8083/userLocation?userId=f4dd5a80-5da9-4aca-a404-32d6f6e29b08
15:53:11.886 [pool-5-thread-64] DEBUG org.springframework.web.reactive.function.client.ExchangeFunctions - [24999418] HTTP GET http://localhost:8083/userLocation?userId=20453b3e-2b8f-468c-9b70-20f29cd62e9c
15:53:11.886 [pool-5-thread-26] DEBUG org.springframework.web.reactive.function.client.ExchangeFunctions - [15ffe1de] HTTP GET http://localhost:8083/userLocation?userId=a975f90b-de9b-474f-b837-80fbda4e7d46
15:53:11.885 [pool-2-thread-171] DEBUG org.springframework.web.reactive.function.client.ExchangeFunctions - [26daf861] HTTP GET http://localhost:8083/userLocation?userId=f20b15b7-f7b3-4f6f-b563-e0ff81c3f6e2
15:53:11.885 [pool-2-thread-116] DEBUG org.springframework.web.reactive.function.client.ExchangeFunctions - [42087471] HTTP GET http://localhost:8083/userLocation?userId=457d1855-8539-4c04-932a-195926ca8bfc
15:53:11.885 [pool-5-thread-85] DEBUG org.springframework.web.reactive.function.client.ExchangeFunctions - [3b3cf837] HTTP GET http://localhost:8083/userLocation?userId=c586d8d7-deed-4ba5-9eae-adc9f7c52195
15:53:11.885 [pool-5-thread-69] DEBUG org.springframework.web.reactive.function.client.ExchangeFunctions - [2c374637] HTTP GET http://localhost:8083/userLocation?userId=00cf5a30-6cd1-4d44-93b7-bc03c58de78c
15:53:11.885 [pool-5-thread-42] DEBUG org.springframework.web.reactive.function.client.ExchangeFunctions - [308d9ba0] HTTP GET http://localhost:8083/userLocation?userId=1371cda1-925f-4032-8eb9-794b0c916fda
15:53:11.885 [pool-2-thread-191] DEBUG org.springframework.web.reactive.function.client.ExchangeFunctions - [39b87d6] HTTP GET http://localhost:8083/userLocation?userId=9f2ed21f-02c2-4b50-90b2-9e2cbfa2fd17
15:53:11.885 [pool-2-thread-101] DEBUG org.springframework.web.reactive.function.client.ExchangeFunctions - [d507a44] HTTP GET http://localhost:8083/userLocation?userId=bce57cb7-bb2e-4db9-bddc-23ec1436ba36
15:53:11.885 [pool-2-thread-30] DEBUG org.springframework.web.reactive.function.client.ExchangeFunctions - [21d9421] HTTP GET http://localhost:8083/userLocation?userId=00e4fd95-5bba-49ef-ae9e-9ec2272c31b0
15:53:11.885 [pool-5-thread-79] DEBUG org.springframework.web.reactive.function.client.ExchangeFunctions - [3c3822a] HTTP GET http://localhost:8083/userLocation?userId=73f7c3ad-16ee-466a-9f0a-5ff7642407d0
15:53:11.885 [pool-2-thread-28] DEBUG org.springframework.web.reactive.function.client.ExchangeFunctions - [67bb237f] HTTP GET http://localhost:8083/userLocation?userId=40cc75b6-c77f-4f0f-a892-508899205994
15:53:11.885 [pool-2-thread-6] DEBUG org.springframework.web.reactive.function.client.ExchangeFunctions - [d0af82f] HTTP GET http://localhost:8083/userLocation?userId=f183e1fb-acc7-4330-abf3-89672675771a
15:53:11.885 [pool-2-thread-133] DEBUG org.springframework.web.reactive.function.client.ExchangeFunctions - [59afd527] HTTP GET http://localhost:8083/userLocation?userId=f39d7f07-4ddc-4fae-b701-514c8d1c0cfa
15:53:11.884 [pool-2-thread-168] DEBUG org.springframework.web.reactive.function.client.ExchangeFunctions - [2e77a26] HTTP GET http://localhost:8083/userLocation?userId=4dd2a22e-e8a7-4b63-a707-568281ce85d1
15:53:11.884 [pool-5-thread-38] DEBUG org.springframework.web.reactive.function.client.ExchangeFunctions - [5629f1fa] HTTP GET http://localhost:8083/userLocation?userId=2a47b186-6251-4098-81d0-0d82facb206d
15:53:11.884 [pool-2-thread-43] DEBUG org.springframework.web.reactive.function.client.ExchangeFunctions - [3bbf1dfb] HTTP GET http://localhost:8083/userLocation?userId=13c6ceaf-0710-462f-8bc2-e2ac91fb1350
15:53:11.884 [pool-2-thread-155] DEBUG org.springframework.web.reactive.function.client.ExchangeFunctions - [3de0c370] HTTP GET http://localhost:8083/userLocation?userId=cf5f7f30-4f9e-488a-8e3b-f9697d5069bc
15:53:11.884 [pool-2-thread-180] DEBUG org.springframework.web.reactive.function.client.ExchangeFunctions - [66070c2b] HTTP GET http://localhost:8083/userLocation?userId=f1a54c71-142b-4534-9113-5f5f1ae30e36
15:53:11.884 [pool-2-thread-10] DEBUG org.springframework.web.reactive.function.client.ExchangeFunctions - [3bbdf36e] HTTP GET http://localhost:8083/userLocation?userId=91bd1919-8565-44b1-9b6f-77a7a44f7646
15:53:11.884 [pool-5-thread-63] DEBUG org.springframework.web.reactive.function.client.ExchangeFunctions - [54399300] HTTP GET http://localhost:8083/userLocation?userId=1c0ebf7b-e2b5-408e-8731-e783710992f5
15:53:11.880 [pool-5-thread-58] DEBUG org.springframework.web.reactive.function.client.ExchangeFunctions - [611871c5] HTTP GET http://localhost:8083/userLocation?userId=4461c139-4c48-4bd3-9e07-334e684a5373
15:53:11.872 [pool-5-thread-48] DEBUG org.springframework.web.reactive.function.client.ExchangeFunctions - [2e0c0c25] HTTP GET http://localhost:8083/userLocation?userId=00f6fb8f-2cbb-4ef9-b93c-8fe735fdfa0b
15:53:11.871 [pool-2-thread-140] DEBUG org.springframework.web.reactive.function.client.ExchangeFunctions - [104de730] HTTP GET http://localhost:8083/userLocation?userId=01243b8e-38da-4d8f-8b4d-cf2cc583b720
15:53:11.870 [pool-5-thread-65] DEBUG org.springframework.web.reactive.function.client.ExchangeFunctions - [4071a054] HTTP GET http://localhost:8083/userLocation?userId=19d8fd39-c450-4ee3-bfcb-5023685db34c
15:53:12.098 [pool-2-thread-58] DEBUG io.netty.channel.DefaultChannelId - -Dio.netty.machineId: f8:ac:65:ff:fe:cf:7b:0a (auto-detected)
15:53:12.183 [pool-5-thread-82] DEBUG io.netty.util.ResourceLeakDetector - -Dio.netty.leakDetection.level: simple
15:53:12.183 [pool-5-thread-82] DEBUG io.netty.util.ResourceLeakDetector - -Dio.netty.leakDetection.targetRecords: 4
15:53:12.383 [pool-2-thread-7] DEBUG io.netty.buffer.PooledByteBufAllocator - -Dio.netty.allocator.numHeapArenas: 5
15:53:12.386 [pool-2-thread-7] DEBUG io.netty.buffer.PooledByteBufAllocator - -Dio.netty.allocator.numDirectArenas: 5
15:53:12.386 [pool-2-thread-7] DEBUG io.netty.buffer.PooledByteBufAllocator - -Dio.netty.allocator.pageSize: 8192
15:53:12.386 [pool-2-thread-7] DEBUG io.netty.buffer.PooledByteBufAllocator - -Dio.netty.allocator.maxOrder: 11
15:53:12.386 [pool-2-thread-7] DEBUG io.netty.buffer.PooledByteBufAllocator - -Dio.netty.allocator.chunkSize: 16777216
15:53:12.386 [pool-2-thread-7] DEBUG io.netty.buffer.PooledByteBufAllocator - -Dio.netty.allocator.tinyCacheSize: 512
15:53:12.386 [pool-2-thread-7] DEBUG io.netty.buffer.PooledByteBufAllocator - -Dio.netty.allocator.smallCacheSize: 256
15:53:12.388 [pool-2-thread-7] DEBUG io.netty.buffer.PooledByteBufAllocator - -Dio.netty.allocator.normalCacheSize: 64
15:53:12.388 [pool-2-thread-7] DEBUG io.netty.buffer.PooledByteBufAllocator - -Dio.netty.allocator.maxCachedBufferCapacity: 32768
15:53:12.388 [pool-2-thread-7] DEBUG io.netty.buffer.PooledByteBufAllocator - -Dio.netty.allocator.cacheTrimInterval: 8192
15:53:12.389 [pool-2-thread-7] DEBUG io.netty.buffer.PooledByteBufAllocator - -Dio.netty.allocator.cacheTrimIntervalMillis: 0
15:53:12.389 [pool-2-thread-7] DEBUG io.netty.buffer.PooledByteBufAllocator - -Dio.netty.allocator.useCacheForAllThreads: true
15:53:12.389 [pool-2-thread-7] DEBUG io.netty.buffer.PooledByteBufAllocator - -Dio.netty.allocator.maxCachedByteBuffersPerChunk: 1023
15:53:12.426 [pool-2-thread-7] DEBUG io.netty.buffer.ByteBufUtil - -Dio.netty.allocator.type: pooled
15:53:12.426 [pool-2-thread-7] DEBUG io.netty.buffer.ByteBufUtil - -Dio.netty.threadLocalDirectBufferSize: 0
15:53:12.426 [pool-2-thread-7] DEBUG io.netty.buffer.ByteBufUtil - -Dio.netty.maxThreadLocalCharBufferSize: 16384
15:53:12.501 [reactor-http-nio-41] DEBUG reactor.netty.resources.PooledConnectionProvider - [id: 0x866e01db] Created new pooled channel, now 0 active connections and 1 inactive connections
15:53:12.523 [reactor-http-nio-46] DEBUG reactor.netty.resources.PooledConnectionProvider - [id: 0x940aa9d2] Created new pooled channel, now 0 active connections and 2 inactive connections
15:53:12.524 [reactor-http-nio-47] DEBUG reactor.netty.resources.PooledConnectionProvider - [id: 0x98143ed4] Created new pooled channel, now 0 active connections and 3 inactive connections
15:53:12.661 [reactor-http-nio-48] DEBUG reactor.netty.resources.PooledConnectionProvider - [id: 0x19da195d] Created new pooled channel, now 0 active connections and 4 inactive connections
15:53:12.672 [pool-3-thread-1] DEBUG tourGuide.tracker.Tracker - Shutting down tracker
15:53:12.724 [reactor-http-nio-41] DEBUG io.netty.buffer.AbstractByteBuf - -Dio.netty.buffer.checkAccessible: true
15:53:12.728 [reactor-http-nio-41] DEBUG io.netty.buffer.AbstractByteBuf - -Dio.netty.buffer.checkBounds: true
15:53:12.741 [reactor-http-nio-41] DEBUG io.netty.util.ResourceLeakDetectorFactory - Loaded default ResourceLeakDetector: io.netty.util.ResourceLeakDetector@6df5ca9d
15:53:12.806 [reactor-http-nio-48] DEBUG reactor.netty.channel.BootstrapHandlers - [id: 0x19da195d] Initialized pipeline DefaultChannelPipeline{(BootstrapHandlers$BootstrapInitializerHandler#0 = reactor.netty.channel.BootstrapHandlers$BootstrapInitializerHandler), (SimpleChannelPool$1#0 = io.netty.channel.pool.SimpleChannelPool$1), (reactor.left.httpCodec = io.netty.handler.codec.http.HttpClientCodec), (reactor.left.decompressor = io.netty.handler.codec.http.HttpContentDecompressor), (reactor.right.reactiveBridge = reactor.netty.channel.ChannelOperationsHandler)}
15:53:12.813 [reactor-http-nio-47] DEBUG reactor.netty.channel.BootstrapHandlers - [id: 0x98143ed4] Initialized pipeline DefaultChannelPipeline{(BootstrapHandlers$BootstrapInitializerHandler#0 = reactor.netty.channel.BootstrapHandlers$BootstrapInitializerHandler), (SimpleChannelPool$1#0 = io.netty.channel.pool.SimpleChannelPool$1), (reactor.left.httpCodec = io.netty.handler.codec.http.HttpClientCodec), (reactor.left.decompressor = io.netty.handler.codec.http.HttpContentDecompressor), (reactor.right.reactiveBridge = reactor.netty.channel.ChannelOperationsHandler)}
15:53:12.815 [reactor-http-nio-46] DEBUG reactor.netty.channel.BootstrapHandlers - [id: 0x940aa9d2] Initialized pipeline DefaultChannelPipeline{(BootstrapHandlers$BootstrapInitializerHandler#0 = reactor.netty.channel.BootstrapHandlers$BootstrapInitializerHandler), (SimpleChannelPool$1#0 = io.netty.channel.pool.SimpleChannelPool$1), (reactor.left.httpCodec = io.netty.handler.codec.http.HttpClientCodec), (reactor.left.decompressor = io.netty.handler.codec.http.HttpContentDecompressor), (reactor.right.reactiveBridge = reactor.netty.channel.ChannelOperationsHandler)}
15:53:12.821 [reactor-http-nio-41] DEBUG reactor.netty.channel.BootstrapHandlers - [id: 0x866e01db] Initialized pipeline DefaultChannelPipeline{(BootstrapHandlers$BootstrapInitializerHandler#0 = reactor.netty.channel.BootstrapHandlers$BootstrapInitializerHandler), (SimpleChannelPool$1#0 = io.netty.channel.pool.SimpleChannelPool$1), (reactor.left.httpCodec = io.netty.handler.codec.http.HttpClientCodec), (reactor.left.decompressor = io.netty.handler.codec.http.HttpContentDecompressor), (reactor.right.reactiveBridge = reactor.netty.channel.ChannelOperationsHandler)}
15:53:12.853 [reactor-http-nio-41] DEBUG reactor.netty.resources.PooledConnectionProvider - [id: 0xdc4a09e2] Created new pooled channel, now 0 active connections and 5 inactive connections
15:53:12.853 [reactor-http-nio-41] DEBUG reactor.netty.channel.BootstrapHandlers - [id: 0xdc4a09e2] Initialized pipeline DefaultChannelPipeline{(BootstrapHandlers$BootstrapInitializerHandler#0 = reactor.netty.channel.BootstrapHandlers$BootstrapInitializerHandler), (SimpleChannelPool$1#0 = io.netty.channel.pool.SimpleChannelPool$1), (reactor.left.httpCodec = io.netty.handler.codec.http.HttpClientCodec), (reactor.left.decompressor = io.netty.handler.codec.http.HttpContentDecompressor), (reactor.right.reactiveBridge = reactor.netty.channel.ChannelOperationsHandler)}
15:53:12.854 [reactor-http-nio-41] DEBUG reactor.netty.resources.PooledConnectionProvider - [id: 0x710e34a5] Created new pooled channel, now 0 active connections and 6 inactive connections
15:53:12.855 [reactor-http-nio-46] DEBUG reactor.netty.resources.PooledConnectionProvider - [id: 0x04ce75f7] Created new pooled channel, now 0 active connections and 7 inactive connections
15:53:12.857 [reactor-http-nio-41] DEBUG reactor.netty.channel.BootstrapHandlers - [id: 0x710e34a5] Initialized pipeline DefaultChannelPipeline{(BootstrapHandlers$BootstrapInitializerHandler#0 = reactor.netty.channel.BootstrapHandlers$BootstrapInitializerHandler), (SimpleChannelPool$1#0 = io.netty.channel.pool.SimpleChannelPool$1), (reactor.left.httpCodec = io.netty.handler.codec.http.HttpClientCodec), (reactor.left.decompressor = io.netty.handler.codec.http.HttpContentDecompressor), (reactor.right.reactiveBridge = reactor.netty.channel.ChannelOperationsHandler)}
15:53:12.857 [reactor-http-nio-41] DEBUG reactor.netty.resources.PooledConnectionProvider - [id: 0xe144b806] Created new pooled channel, now 0 active connections and 8 inactive connections
15:53:12.857 [reactor-http-nio-41] DEBUG reactor.netty.channel.BootstrapHandlers - [id: 0xe144b806] Initialized pipeline DefaultChannelPipeline{(BootstrapHandlers$BootstrapInitializerHandler#0 = reactor.netty.channel.BootstrapHandlers$BootstrapInitializerHandler), (SimpleChannelPool$1#0 = io.netty.channel.pool.SimpleChannelPool$1), (reactor.left.httpCodec = io.netty.handler.codec.http.HttpClientCodec), (reactor.left.decompressor = io.netty.handler.codec.http.HttpContentDecompressor), (reactor.right.reactiveBridge = reactor.netty.channel.ChannelOperationsHandler)}
15:53:12.857 [reactor-http-nio-41] DEBUG reactor.netty.resources.PooledConnectionProvider - [id: 0x48bd25d1] Created new pooled channel, now 0 active connections and 9 inactive connections
15:53:12.858 [reactor-http-nio-41] DEBUG reactor.netty.channel.BootstrapHandlers - [id: 0x48bd25d1] Initialized pipeline DefaultChannelPipeline{(BootstrapHandlers$BootstrapInitializerHandler#0 = reactor.netty.channel.BootstrapHandlers$BootstrapInitializerHandler), (SimpleChannelPool$1#0 = io.netty.channel.pool.SimpleChannelPool$1), (reactor.left.httpCodec = io.netty.handler.codec.http.HttpClientCodec), (reactor.left.decompressor = io.netty.handler.codec.http.HttpContentDecompressor), (reactor.right.reactiveBridge = reactor.netty.channel.ChannelOperationsHandler)}
15:53:12.858 [reactor-http-nio-41] DEBUG reactor.netty.resources.PooledConnectionProvider - [id: 0x6573a2f1] Created new pooled channel, now 0 active connections and 10 inactive connections
15:53:12.858 [reactor-http-nio-41] DEBUG reactor.netty.channel.BootstrapHandlers - [id: 0x6573a2f1] Initialized pipeline DefaultChannelPipeline{(BootstrapHandlers$BootstrapInitializerHandler#0 = reactor.netty.channel.BootstrapHandlers$BootstrapInitializerHandler), (SimpleChannelPool$1#0 = io.netty.channel.pool.SimpleChannelPool$1), (reactor.left.httpCodec = io.netty.handler.codec.http.HttpClientCodec), (reactor.left.decompressor = io.netty.handler.codec.http.HttpContentDecompressor), (reactor.right.reactiveBridge = reactor.netty.channel.ChannelOperationsHandler)}
15:53:12.858 [reactor-http-nio-41] DEBUG reactor.netty.resources.PooledConnectionProvider - [id: 0x91ccb779] Created new pooled channel, now 0 active connections and 11 inactive connections
15:53:12.859 [reactor-http-nio-41] DEBUG reactor.netty.channel.BootstrapHandlers - [id: 0x91ccb779] Initialized pipeline DefaultChannelPipeline{(BootstrapHandlers$BootstrapInitializerHandler#0 = reactor.netty.channel.BootstrapHandlers$BootstrapInitializerHandler), (SimpleChannelPool$1#0 = io.netty.channel.pool.SimpleChannelPool$1), (reactor.left.httpCodec = io.netty.handler.codec.http.HttpClientCodec), (reactor.left.decompressor = io.netty.handler.codec.http.HttpContentDecompressor), (reactor.right.reactiveBridge = reactor.netty.channel.ChannelOperationsHandler)}
15:53:12.859 [reactor-http-nio-41] DEBUG reactor.netty.resources.PooledConnectionProvider - [id: 0xb6e13b25] Created new pooled channel, now 0 active connections and 12 inactive connections
15:53:12.859 [reactor-http-nio-41] DEBUG reactor.netty.channel.BootstrapHandlers - [id: 0xb6e13b25] Initialized pipeline DefaultChannelPipeline{(BootstrapHandlers$BootstrapInitializerHandler#0 = reactor.netty.channel.BootstrapHandlers$BootstrapInitializerHandler), (SimpleChannelPool$1#0 = io.netty.channel.pool.SimpleChannelPool$1), (reactor.left.httpCodec = io.netty.handler.codec.http.HttpClientCodec), (reactor.left.decompressor = io.netty.handler.codec.http.HttpContentDecompressor), (reactor.right.reactiveBridge = reactor.netty.channel.ChannelOperationsHandler)}
15:53:12.859 [reactor-http-nio-41] DEBUG reactor.netty.resources.PooledConnectionProvider - [id: 0x38682cba] Created new pooled channel, now 0 active connections and 13 inactive connections
15:53:12.860 [reactor-http-nio-41] DEBUG reactor.netty.channel.BootstrapHandlers - [id: 0x38682cba] Initialized pipeline DefaultChannelPipeline{(BootstrapHandlers$BootstrapInitializerHandler#0 = reactor.netty.channel.BootstrapHandlers$BootstrapInitializerHandler), (SimpleChannelPool$1#0 = io.netty.channel.pool.SimpleChannelPool$1), (reactor.left.httpCodec = io.netty.handler.codec.http.HttpClientCodec), (reactor.left.decompressor = io.netty.handler.codec.http.HttpContentDecompressor), (reactor.right.reactiveBridge = reactor.netty.channel.ChannelOperationsHandler)}
15:53:12.860 [reactor-http-nio-41] DEBUG reactor.netty.resources.PooledConnectionProvider - [id: 0x6edbd1c1] Created new pooled channel, now 0 active connections and 14 inactive connections
15:53:12.860 [reactor-http-nio-41] DEBUG reactor.netty.channel.BootstrapHandlers - [id: 0x6edbd1c1] Initialized pipeline DefaultChannelPipeline{(BootstrapHandlers$BootstrapInitializerHandler#0 = reactor.netty.channel.BootstrapHandlers$BootstrapInitializerHandler), (SimpleChannelPool$1#0 = io.netty.channel.pool.SimpleChannelPool$1), (reactor.left.httpCodec = io.netty.handler.codec.http.HttpClientCodec), (reactor.left.decompressor = io.netty.handler.codec.http.HttpContentDecompressor), (reactor.right.reactiveBridge = reactor.netty.channel.ChannelOperationsHandler)}
15:53:12.860 [reactor-http-nio-41] DEBUG reactor.netty.resources.PooledConnectionProvider - [id: 0x58b3b7bf] Created new pooled channel, now 0 active connections and 15 inactive connections
15:53:12.860 [reactor-http-nio-41] DEBUG reactor.netty.channel.BootstrapHandlers - [id: 0x58b3b7bf] Initialized pipeline DefaultChannelPipeline{(BootstrapHandlers$BootstrapInitializerHandler#0 = reactor.netty.channel.BootstrapHandlers$BootstrapInitializerHandler), (SimpleChannelPool$1#0 = io.netty.channel.pool.SimpleChannelPool$1), (reactor.left.httpCodec = io.netty.handler.codec.http.HttpClientCodec), (reactor.left.decompressor = io.netty.handler.codec.http.HttpContentDecompressor), (reactor.right.reactiveBridge = reactor.netty.channel.ChannelOperationsHandler)}
15:53:12.861 [reactor-http-nio-41] DEBUG reactor.netty.resources.PooledConnectionProvider - [id: 0x261624e9] Created new pooled channel, now 0 active connections and 16 inactive connections
15:53:12.861 [reactor-http-nio-41] DEBUG reactor.netty.channel.BootstrapHandlers - [id: 0x261624e9] Initialized pipeline DefaultChannelPipeline{(BootstrapHandlers$BootstrapInitializerHandler#0 = reactor.netty.channel.BootstrapHandlers$BootstrapInitializerHandler), (SimpleChannelPool$1#0 = io.netty.channel.pool.SimpleChannelPool$1), (reactor.left.httpCodec = io.netty.handler.codec.http.HttpClientCodec), (reactor.left.decompressor = io.netty.handler.codec.http.HttpContentDecompressor), (reactor.right.reactiveBridge = reactor.netty.channel.ChannelOperationsHandler)}
15:53:12.861 [reactor-http-nio-41] DEBUG reactor.netty.resources.PooledConnectionProvider - [id: 0xc5bdf2c5] Created new pooled channel, now 0 active connections and 17 inactive connections
15:53:12.861 [reactor-http-nio-41] DEBUG reactor.netty.channel.BootstrapHandlers - [id: 0xc5bdf2c5] Initialized pipeline DefaultChannelPipeline{(BootstrapHandlers$BootstrapInitializerHandler#0 = reactor.netty.channel.BootstrapHandlers$BootstrapInitializerHandler), (SimpleChannelPool$1#0 = io.netty.channel.pool.SimpleChannelPool$1), (reactor.left.httpCodec = io.netty.handler.codec.http.HttpClientCodec), (reactor.left.decompressor = io.netty.handler.codec.http.HttpContentDecompressor), (reactor.right.reactiveBridge = reactor.netty.channel.ChannelOperationsHandler)}
15:53:12.862 [reactor-http-nio-41] DEBUG reactor.netty.resources.PooledConnectionProvider - [id: 0xa0063317] Created new pooled channel, now 0 active connections and 18 inactive connections
15:53:12.862 [reactor-http-nio-41] DEBUG reactor.netty.channel.BootstrapHandlers - [id: 0xa0063317] Initialized pipeline DefaultChannelPipeline{(BootstrapHandlers$BootstrapInitializerHandler#0 = reactor.netty.channel.BootstrapHandlers$BootstrapInitializerHandler), (SimpleChannelPool$1#0 = io.netty.channel.pool.SimpleChannelPool$1), (reactor.left.httpCodec = io.netty.handler.codec.http.HttpClientCodec), (reactor.left.decompressor = io.netty.handler.codec.http.HttpContentDecompressor), (reactor.right.reactiveBridge = reactor.netty.channel.ChannelOperationsHandler)}
15:53:12.862 [reactor-http-nio-41] DEBUG reactor.netty.resources.PooledConnectionProvider - [id: 0x63f027f7] Created new pooled channel, now 0 active connections and 19 inactive connections
15:53:12.862 [reactor-http-nio-41] DEBUG reactor.netty.channel.BootstrapHandlers - [id: 0x63f027f7] Initialized pipeline DefaultChannelPipeline{(BootstrapHandlers$BootstrapInitializerHandler#0 = reactor.netty.channel.BootstrapHandlers$BootstrapInitializerHandler), (SimpleChannelPool$1#0 = io.netty.channel.pool.SimpleChannelPool$1), (reactor.left.httpCodec = io.netty.handler.codec.http.HttpClientCodec), (reactor.left.decompressor = io.netty.handler.codec.http.HttpContentDecompressor), (reactor.right.reactiveBridge = reactor.netty.channel.ChannelOperationsHandler)}
15:53:12.863 [reactor-http-nio-41] DEBUG reactor.netty.resources.PooledConnectionProvider - [id: 0x9cec33d8] Created new pooled channel, now 0 active connections and 20 inactive connections
15:53:12.863 [reactor-http-nio-41] DEBUG reactor.netty.channel.BootstrapHandlers - [id: 0x9cec33d8] Initialized pipeline DefaultChannelPipeline{(BootstrapHandlers$BootstrapInitializerHandler#0 = reactor.netty.channel.BootstrapHandlers$BootstrapInitializerHandler), (SimpleChannelPool$1#0 = io.netty.channel.pool.SimpleChannelPool$1), (reactor.left.httpCodec = io.netty.handler.codec.http.HttpClientCodec), (reactor.left.decompressor = io.netty.handler.codec.http.HttpContentDecompressor), (reactor.right.reactiveBridge = reactor.netty.channel.ChannelOperationsHandler)}
15:53:12.863 [reactor-http-nio-41] DEBUG reactor.netty.resources.PooledConnectionProvider - [id: 0x47a2f5da] Created new pooled channel, now 0 active connections and 21 inactive connections
15:53:12.863 [reactor-http-nio-41] DEBUG reactor.netty.channel.BootstrapHandlers - [id: 0x47a2f5da] Initialized pipeline DefaultChannelPipeline{(BootstrapHandlers$BootstrapInitializerHandler#0 = reactor.netty.channel.BootstrapHandlers$BootstrapInitializerHandler), (SimpleChannelPool$1#0 = io.netty.channel.pool.SimpleChannelPool$1), (reactor.left.httpCodec = io.netty.handler.codec.http.HttpClientCodec), (reactor.left.decompressor = io.netty.handler.codec.http.HttpContentDecompressor), (reactor.right.reactiveBridge = reactor.netty.channel.ChannelOperationsHandler)}
15:53:12.863 [reactor-http-nio-41] DEBUG reactor.netty.resources.PooledConnectionProvider - [id: 0xb3555784] Created new pooled channel, now 0 active connections and 22 inactive connections
15:53:12.864 [reactor-http-nio-41] DEBUG reactor.netty.channel.BootstrapHandlers - [id: 0xb3555784] Initialized pipeline DefaultChannelPipeline{(BootstrapHandlers$BootstrapInitializerHandler#0 = reactor.netty.channel.BootstrapHandlers$BootstrapInitializerHandler), (SimpleChannelPool$1#0 = io.netty.channel.pool.SimpleChannelPool$1), (reactor.left.httpCodec = io.netty.handler.codec.http.HttpClientCodec), (reactor.left.decompressor = io.netty.handler.codec.http.HttpContentDecompressor), (reactor.right.reactiveBridge = reactor.netty.channel.ChannelOperationsHandler)}
15:53:12.864 [reactor-http-nio-41] DEBUG reactor.netty.resources.PooledConnectionProvider - [id: 0x0c95a1e6] Created new pooled channel, now 0 active connections and 23 inactive connections
15:53:12.864 [reactor-http-nio-41] DEBUG reactor.netty.channel.BootstrapHandlers - [id: 0x0c95a1e6] Initialized pipeline DefaultChannelPipeline{(BootstrapHandlers$BootstrapInitializerHandler#0 = reactor.netty.channel.BootstrapHandlers$BootstrapInitializerHandler), (SimpleChannelPool$1#0 = io.netty.channel.pool.SimpleChannelPool$1), (reactor.left.httpCodec = io.netty.handler.codec.http.HttpClientCodec), (reactor.left.decompressor = io.netty.handler.codec.http.HttpContentDecompressor), (reactor.right.reactiveBridge = reactor.netty.channel.ChannelOperationsHandler)}
15:53:12.864 [reactor-http-nio-41] DEBUG reactor.netty.resources.PooledConnectionProvider - [id: 0x9badb85a] Created new pooled channel, now 0 active connections and 24 inactive connections
15:53:12.864 [reactor-http-nio-41] DEBUG reactor.netty.channel.BootstrapHandlers - [id: 0x9badb85a] Initialized pipeline DefaultChannelPipeline{(BootstrapHandlers$BootstrapInitializerHandler#0 = reactor.netty.channel.BootstrapHandlers$BootstrapInitializerHandler), (SimpleChannelPool$1#0 = io.netty.channel.pool.SimpleChannelPool$1), (reactor.left.httpCodec = io.netty.handler.codec.http.HttpClientCodec), (reactor.left.decompressor = io.netty.handler.codec.http.HttpContentDecompressor), (reactor.right.reactiveBridge = reactor.netty.channel.ChannelOperationsHandler)}
15:53:12.865 [reactor-http-nio-41] DEBUG reactor.netty.resources.PooledConnectionProvider - [id: 0xb1945a60] Created new pooled channel, now 0 active connections and 25 inactive connections
15:53:12.865 [reactor-http-nio-41] DEBUG reactor.netty.channel.BootstrapHandlers - [id: 0xb1945a60] Initialized pipeline DefaultChannelPipeline{(BootstrapHandlers$BootstrapInitializerHandler#0 = reactor.netty.channel.BootstrapHandlers$BootstrapInitializerHandler), (SimpleChannelPool$1#0 = io.netty.channel.pool.SimpleChannelPool$1), (reactor.left.httpCodec = io.netty.handler.codec.http.HttpClientCodec), (reactor.left.decompressor = io.netty.handler.codec.http.HttpContentDecompressor), (reactor.right.reactiveBridge = reactor.netty.channel.ChannelOperationsHandler)}
15:53:12.865 [reactor-http-nio-41] DEBUG reactor.netty.resources.PooledConnectionProvider - [id: 0xc8430281] Created new pooled channel, now 0 active connections and 26 inactive connections
15:53:12.866 [reactor-http-nio-41] DEBUG reactor.netty.channel.BootstrapHandlers - [id: 0xc8430281] Initialized pipeline DefaultChannelPipeline{(BootstrapHandlers$BootstrapInitializerHandler#0 = reactor.netty.channel.BootstrapHandlers$BootstrapInitializerHandler), (SimpleChannelPool$1#0 = io.netty.channel.pool.SimpleChannelPool$1), (reactor.left.httpCodec = io.netty.handler.codec.http.HttpClientCodec), (reactor.left.decompressor = io.netty.handler.codec.http.HttpContentDecompressor), (reactor.right.reactiveBridge = reactor.netty.channel.ChannelOperationsHandler)}
15:53:12.866 [reactor-http-nio-41] DEBUG reactor.netty.resources.PooledConnectionProvider - [id: 0xcdc2ae18] Created new pooled channel, now 0 active connections and 27 inactive connections
15:53:12.866 [reactor-http-nio-41] DEBUG reactor.netty.channel.BootstrapHandlers - [id: 0xcdc2ae18] Initialized pipeline DefaultChannelPipeline{(BootstrapHandlers$BootstrapInitializerHandler#0 = reactor.netty.channel.BootstrapHandlers$BootstrapInitializerHandler), (SimpleChannelPool$1#0 = io.netty.channel.pool.SimpleChannelPool$1), (reactor.left.httpCodec = io.netty.handler.codec.http.HttpClientCodec), (reactor.left.decompressor = io.netty.handler.codec.http.HttpContentDecompressor), (reactor.right.reactiveBridge = reactor.netty.channel.ChannelOperationsHandler)}
15:53:12.866 [reactor-http-nio-41] DEBUG reactor.netty.resources.PooledConnectionProvider - [id: 0xa255a56d] Created new pooled channel, now 0 active connections and 28 inactive connections
15:53:12.867 [reactor-http-nio-41] DEBUG reactor.netty.channel.BootstrapHandlers - [id: 0xa255a56d] Initialized pipeline DefaultChannelPipeline{(BootstrapHandlers$BootstrapInitializerHandler#0 = reactor.netty.channel.BootstrapHandlers$BootstrapInitializerHandler), (SimpleChannelPool$1#0 = io.netty.channel.pool.SimpleChannelPool$1), (reactor.left.httpCodec = io.netty.handler.codec.http.HttpClientCodec), (reactor.left.decompressor = io.netty.handler.codec.http.HttpContentDecompressor), (reactor.right.reactiveBridge = reactor.netty.channel.ChannelOperationsHandler)}
15:53:12.867 [reactor-http-nio-41] DEBUG reactor.netty.resources.PooledConnectionProvider - [id: 0x733709b4] Created new pooled channel, now 0 active connections and 29 inactive connections
15:53:12.867 [reactor-http-nio-41] DEBUG reactor.netty.channel.BootstrapHandlers - [id: 0x733709b4] Initialized pipeline DefaultChannelPipeline{(BootstrapHandlers$BootstrapInitializerHandler#0 = reactor.netty.channel.BootstrapHandlers$BootstrapInitializerHandler), (SimpleChannelPool$1#0 = io.netty.channel.pool.SimpleChannelPool$1), (reactor.left.httpCodec = io.netty.handler.codec.http.HttpClientCodec), (reactor.left.decompressor = io.netty.handler.codec.http.HttpContentDecompressor), (reactor.right.reactiveBridge = reactor.netty.channel.ChannelOperationsHandler)}
15:53:12.867 [reactor-http-nio-41] DEBUG reactor.netty.resources.PooledConnectionProvider - [id: 0xe848c2c1] Created new pooled channel, now 0 active connections and 30 inactive connections
15:53:12.868 [reactor-http-nio-41] DEBUG reactor.netty.channel.BootstrapHandlers - [id: 0xe848c2c1] Initialized pipeline DefaultChannelPipeline{(BootstrapHandlers$BootstrapInitializerHandler#0 = reactor.netty.channel.BootstrapHandlers$BootstrapInitializerHandler), (SimpleChannelPool$1#0 = io.netty.channel.pool.SimpleChannelPool$1), (reactor.left.httpCodec = io.netty.handler.codec.http.HttpClientCodec), (reactor.left.decompressor = io.netty.handler.codec.http.HttpContentDecompressor), (reactor.right.reactiveBridge = reactor.netty.channel.ChannelOperationsHandler)}
15:53:12.868 [reactor-http-nio-41] DEBUG reactor.netty.resources.PooledConnectionProvider - [id: 0x03f2fda7] Created new pooled channel, now 0 active connections and 31 inactive connections
15:53:12.868 [reactor-http-nio-41] DEBUG reactor.netty.channel.BootstrapHandlers - [id: 0x03f2fda7] Initialized pipeline DefaultChannelPipeline{(BootstrapHandlers$BootstrapInitializerHandler#0 = reactor.netty.channel.BootstrapHandlers$BootstrapInitializerHandler), (SimpleChannelPool$1#0 = io.netty.channel.pool.SimpleChannelPool$1), (reactor.left.httpCodec = io.netty.handler.codec.http.HttpClientCodec), (reactor.left.decompressor = io.netty.handler.codec.http.HttpContentDecompressor), (reactor.right.reactiveBridge = reactor.netty.channel.ChannelOperationsHandler)}
15:53:12.868 [reactor-http-nio-41] DEBUG reactor.netty.resources.PooledConnectionProvider - [id: 0x7286e1e8] Created new pooled channel, now 0 active connections and 32 inactive connections
15:53:12.868 [reactor-http-nio-41] DEBUG reactor.netty.channel.BootstrapHandlers - [id: 0x7286e1e8] Initialized pipeline DefaultChannelPipeline{(BootstrapHandlers$BootstrapInitializerHandler#0 = reactor.netty.channel.BootstrapHandlers$BootstrapInitializerHandler), (SimpleChannelPool$1#0 = io.netty.channel.pool.SimpleChannelPool$1), (reactor.left.httpCodec = io.netty.handler.codec.http.HttpClientCodec), (reactor.left.decompressor = io.netty.handler.codec.http.HttpContentDecompressor), (reactor.right.reactiveBridge = reactor.netty.channel.ChannelOperationsHandler)}
15:53:12.869 [reactor-http-nio-41] DEBUG reactor.netty.resources.PooledConnectionProvider - [id: 0x35df572e] Created new pooled channel, now 0 active connections and 33 inactive connections
15:53:12.869 [reactor-http-nio-41] DEBUG reactor.netty.channel.BootstrapHandlers - [id: 0x35df572e] Initialized pipeline DefaultChannelPipeline{(BootstrapHandlers$BootstrapInitializerHandler#0 = reactor.netty.channel.BootstrapHandlers$BootstrapInitializerHandler), (SimpleChannelPool$1#0 = io.netty.channel.pool.SimpleChannelPool$1), (reactor.left.httpCodec = io.netty.handler.codec.http.HttpClientCodec), (reactor.left.decompressor = io.netty.handler.codec.http.HttpContentDecompressor), (reactor.right.reactiveBridge = reactor.netty.channel.ChannelOperationsHandler)}
15:53:12.857 [reactor-http-nio-46] DEBUG reactor.netty.channel.BootstrapHandlers - [id: 0x04ce75f7] Initialized pipeline DefaultChannelPipeline{(BootstrapHandlers$BootstrapInitializerHandler#0 = reactor.netty.channel.BootstrapHandlers$BootstrapInitializerHandler), (SimpleChannelPool$1#0 = io.netty.channel.pool.SimpleChannelPool$1), (reactor.left.httpCodec = io.netty.handler.codec.http.HttpClientCodec), (reactor.left.decompressor = io.netty.handler.codec.http.HttpContentDecompressor), (reactor.right.reactiveBridge = reactor.netty.channel.ChannelOperationsHandler)}
15:53:12.869 [reactor-http-nio-46] DEBUG reactor.netty.resources.PooledConnectionProvider - [id: 0x6eeffece] Created new pooled channel, now 0 active connections and 34 inactive connections
15:53:12.870 [reactor-http-nio-46] DEBUG reactor.netty.channel.BootstrapHandlers - [id: 0x6eeffece] Initialized pipeline DefaultChannelPipeline{(BootstrapHandlers$BootstrapInitializerHandler#0 = reactor.netty.channel.BootstrapHandlers$BootstrapInitializerHandler), (SimpleChannelPool$1#0 = io.netty.channel.pool.SimpleChannelPool$1), (reactor.left.httpCodec = io.netty.handler.codec.http.HttpClientCodec), (reactor.left.decompressor = io.netty.handler.codec.http.HttpContentDecompressor), (reactor.right.reactiveBridge = reactor.netty.channel.ChannelOperationsHandler)}
15:53:12.870 [reactor-http-nio-46] DEBUG reactor.netty.resources.PooledConnectionProvider - [id: 0xd78cec0d] Created new pooled channel, now 0 active connections and 35 inactive connections
15:53:12.870 [reactor-http-nio-46] DEBUG reactor.netty.channel.BootstrapHandlers - [id: 0xd78cec0d] Initialized pipeline DefaultChannelPipeline{(BootstrapHandlers$BootstrapInitializerHandler#0 = reactor.netty.channel.BootstrapHandlers$BootstrapInitializerHandler), (SimpleChannelPool$1#0 = io.netty.channel.pool.SimpleChannelPool$1), (reactor.left.httpCodec = io.netty.handler.codec.http.HttpClientCodec), (reactor.left.decompressor = io.netty.handler.codec.http.HttpContentDecompressor), (reactor.right.reactiveBridge = reactor.netty.channel.ChannelOperationsHandler)}
15:53:12.870 [reactor-http-nio-46] DEBUG reactor.netty.resources.PooledConnectionProvider - [id: 0x774c45b7] Created new pooled channel, now 0 active connections and 36 inactive connections
15:53:12.870 [reactor-http-nio-46] DEBUG reactor.netty.channel.BootstrapHandlers - [id: 0x774c45b7] Initialized pipeline DefaultChannelPipeline{(BootstrapHandlers$BootstrapInitializerHandler#0 = reactor.netty.channel.BootstrapHandlers$BootstrapInitializerHandler), (SimpleChannelPool$1#0 = io.netty.channel.pool.SimpleChannelPool$1), (reactor.left.httpCodec = io.netty.handler.codec.http.HttpClientCodec), (reactor.left.decompressor = io.netty.handler.codec.http.HttpContentDecompressor), (reactor.right.reactiveBridge = reactor.netty.channel.ChannelOperationsHandler)}
15:53:12.871 [reactor-http-nio-46] DEBUG reactor.netty.resources.PooledConnectionProvider - [id: 0x3561676c] Created new pooled channel, now 0 active connections and 37 inactive connections
15:53:12.871 [reactor-http-nio-46] DEBUG reactor.netty.channel.BootstrapHandlers - [id: 0x3561676c] Initialized pipeline DefaultChannelPipeline{(BootstrapHandlers$BootstrapInitializerHandler#0 = reactor.netty.channel.BootstrapHandlers$BootstrapInitializerHandler), (SimpleChannelPool$1#0 = io.netty.channel.pool.SimpleChannelPool$1), (reactor.left.httpCodec = io.netty.handler.codec.http.HttpClientCodec), (reactor.left.decompressor = io.netty.handler.codec.http.HttpContentDecompressor), (reactor.right.reactiveBridge = reactor.netty.channel.ChannelOperationsHandler)}
15:53:12.871 [reactor-http-nio-46] DEBUG reactor.netty.resources.PooledConnectionProvider - [id: 0xef0e1454] Created new pooled channel, now 0 active connections and 38 inactive connections
15:53:12.871 [reactor-http-nio-46] DEBUG reactor.netty.channel.BootstrapHandlers - [id: 0xef0e1454] Initialized pipeline DefaultChannelPipeline{(BootstrapHandlers$BootstrapInitializerHandler#0 = reactor.netty.channel.BootstrapHandlers$BootstrapInitializerHandler), (SimpleChannelPool$1#0 = io.netty.channel.pool.SimpleChannelPool$1), (reactor.left.httpCodec = io.netty.handler.codec.http.HttpClientCodec), (reactor.left.decompressor = io.netty.handler.codec.http.HttpContentDecompressor), (reactor.right.reactiveBridge = reactor.netty.channel.ChannelOperationsHandler)}
15:53:12.872 [reactor-http-nio-46] DEBUG reactor.netty.resources.PooledConnectionProvider - [id: 0xf75a1396] Created new pooled channel, now 0 active connections and 39 inactive connections
15:53:12.872 [reactor-http-nio-46] DEBUG reactor.netty.channel.BootstrapHandlers - [id: 0xf75a1396] Initialized pipeline DefaultChannelPipeline{(BootstrapHandlers$BootstrapInitializerHandler#0 = reactor.netty.channel.BootstrapHandlers$BootstrapInitializerHandler), (SimpleChannelPool$1#0 = io.netty.channel.pool.SimpleChannelPool$1), (reactor.left.httpCodec = io.netty.handler.codec.http.HttpClientCodec), (reactor.left.decompressor = io.netty.handler.codec.http.HttpContentDecompressor), (reactor.right.reactiveBridge = reactor.netty.channel.ChannelOperationsHandler)}
15:53:12.875 [reactor-http-nio-41] DEBUG reactor.netty.resources.PooledConnectionProvider - [id: 0xd26d2f3c] Created new pooled channel, now 0 active connections and 40 inactive connections
15:53:12.876 [reactor-http-nio-41] DEBUG reactor.netty.channel.BootstrapHandlers - [id: 0xd26d2f3c] Initialized pipeline DefaultChannelPipeline{(BootstrapHandlers$BootstrapInitializerHandler#0 = reactor.netty.channel.BootstrapHandlers$BootstrapInitializerHandler), (SimpleChannelPool$1#0 = io.netty.channel.pool.SimpleChannelPool$1), (reactor.left.httpCodec = io.netty.handler.codec.http.HttpClientCodec), (reactor.left.decompressor = io.netty.handler.codec.http.HttpContentDecompressor), (reactor.right.reactiveBridge = reactor.netty.channel.ChannelOperationsHandler)}
15:53:12.876 [reactor-http-nio-47] DEBUG reactor.netty.resources.PooledConnectionProvider - [id: 0xdaf60602] Created new pooled channel, now 0 active connections and 41 inactive connections
15:53:12.876 [reactor-http-nio-47] DEBUG reactor.netty.channel.BootstrapHandlers - [id: 0xdaf60602] Initialized pipeline DefaultChannelPipeline{(BootstrapHandlers$BootstrapInitializerHandler#0 = reactor.netty.channel.BootstrapHandlers$BootstrapInitializerHandler), (SimpleChannelPool$1#0 = io.netty.channel.pool.SimpleChannelPool$1), (reactor.left.httpCodec = io.netty.handler.codec.http.HttpClientCodec), (reactor.left.decompressor = io.netty.handler.codec.http.HttpContentDecompressor), (reactor.right.reactiveBridge = reactor.netty.channel.ChannelOperationsHandler)}
15:53:12.877 [reactor-http-nio-47] DEBUG reactor.netty.resources.PooledConnectionProvider - [id: 0xa7d8e8a3] Created new pooled channel, now 0 active connections and 42 inactive connections
15:53:12.877 [reactor-http-nio-47] DEBUG reactor.netty.channel.BootstrapHandlers - [id: 0xa7d8e8a3] Initialized pipeline DefaultChannelPipeline{(BootstrapHandlers$BootstrapInitializerHandler#0 = reactor.netty.channel.BootstrapHandlers$BootstrapInitializerHandler), (SimpleChannelPool$1#0 = io.netty.channel.pool.SimpleChannelPool$1), (reactor.left.httpCodec = io.netty.handler.codec.http.HttpClientCodec), (reactor.left.decompressor = io.netty.handler.codec.http.HttpContentDecompressor), (reactor.right.reactiveBridge = reactor.netty.channel.ChannelOperationsHandler)}
15:53:12.877 [reactor-http-nio-47] DEBUG reactor.netty.resources.PooledConnectionProvider - [id: 0x71dba838] Created new pooled channel, now 0 active connections and 43 inactive connections
15:53:12.877 [reactor-http-nio-47] DEBUG reactor.netty.channel.BootstrapHandlers - [id: 0x71dba838] Initialized pipeline DefaultChannelPipeline{(BootstrapHandlers$BootstrapInitializerHandler#0 = reactor.netty.channel.BootstrapHandlers$BootstrapInitializerHandler), (SimpleChannelPool$1#0 = io.netty.channel.pool.SimpleChannelPool$1), (reactor.left.httpCodec = io.netty.handler.codec.http.HttpClientCodec), (reactor.left.decompressor = io.netty.handler.codec.http.HttpContentDecompressor), (reactor.right.reactiveBridge = reactor.netty.channel.ChannelOperationsHandler)}
15:53:12.878 [reactor-http-nio-47] DEBUG reactor.netty.resources.PooledConnectionProvider - [id: 0x98ecb58e] Created new pooled channel, now 0 active connections and 44 inactive connections
15:53:12.878 [reactor-http-nio-47] DEBUG reactor.netty.channel.BootstrapHandlers - [id: 0x98ecb58e] Initialized pipeline DefaultChannelPipeline{(BootstrapHandlers$BootstrapInitializerHandler#0 = reactor.netty.channel.BootstrapHandlers$BootstrapInitializerHandler), (SimpleChannelPool$1#0 = io.netty.channel.pool.SimpleChannelPool$1), (reactor.left.httpCodec = io.netty.handler.codec.http.HttpClientCodec), (reactor.left.decompressor = io.netty.handler.codec.http.HttpContentDecompressor), (reactor.right.reactiveBridge = reactor.netty.channel.ChannelOperationsHandler)}
15:53:12.878 [reactor-http-nio-47] DEBUG reactor.netty.resources.PooledConnectionProvider - [id: 0x85b1ff76] Created new pooled channel, now 0 active connections and 45 inactive connections
15:53:12.878 [reactor-http-nio-47] DEBUG reactor.netty.channel.BootstrapHandlers - [id: 0x85b1ff76] Initialized pipeline DefaultChannelPipeline{(BootstrapHandlers$BootstrapInitializerHandler#0 = reactor.netty.channel.BootstrapHandlers$BootstrapInitializerHandler), (SimpleChannelPool$1#0 = io.netty.channel.pool.SimpleChannelPool$1), (reactor.left.httpCodec = io.netty.handler.codec.http.HttpClientCodec), (reactor.left.decompressor = io.netty.handler.codec.http.HttpContentDecompressor), (reactor.right.reactiveBridge = reactor.netty.channel.ChannelOperationsHandler)}
15:53:12.878 [reactor-http-nio-47] DEBUG reactor.netty.resources.PooledConnectionProvider - [id: 0x120dec4e] Created new pooled channel, now 0 active connections and 46 inactive connections
15:53:12.879 [reactor-http-nio-47] DEBUG reactor.netty.channel.BootstrapHandlers - [id: 0x120dec4e] Initialized pipeline DefaultChannelPipeline{(BootstrapHandlers$BootstrapInitializerHandler#0 = reactor.netty.channel.BootstrapHandlers$BootstrapInitializerHandler), (SimpleChannelPool$1#0 = io.netty.channel.pool.SimpleChannelPool$1), (reactor.left.httpCodec = io.netty.handler.codec.http.HttpClientCodec), (reactor.left.decompressor = io.netty.handler.codec.http.HttpContentDecompressor), (reactor.right.reactiveBridge = reactor.netty.channel.ChannelOperationsHandler)}
15:53:12.879 [reactor-http-nio-47] DEBUG reactor.netty.resources.PooledConnectionProvider - [id: 0xf1ad37c6] Created new pooled channel, now 0 active connections and 47 inactive connections
15:53:12.879 [reactor-http-nio-47] DEBUG reactor.netty.channel.BootstrapHandlers - [id: 0xf1ad37c6] Initialized pipeline DefaultChannelPipeline{(BootstrapHandlers$BootstrapInitializerHandler#0 = reactor.netty.channel.BootstrapHandlers$BootstrapInitializerHandler), (SimpleChannelPool$1#0 = io.netty.channel.pool.SimpleChannelPool$1), (reactor.left.httpCodec = io.netty.handler.codec.http.HttpClientCodec), (reactor.left.decompressor = io.netty.handler.codec.http.HttpContentDecompressor), (reactor.right.reactiveBridge = reactor.netty.channel.ChannelOperationsHandler)}
15:53:12.879 [reactor-http-nio-46] DEBUG reactor.netty.resources.PooledConnectionProvider - [id: 0x4be48215] Created new pooled channel, now 0 active connections and 48 inactive connections
15:53:12.879 [reactor-http-nio-47] DEBUG reactor.netty.resources.PooledConnectionProvider - [id: 0xf17c5cf9] Created new pooled channel, now 0 active connections and 49 inactive connections
15:53:12.879 [reactor-http-nio-46] DEBUG reactor.netty.channel.BootstrapHandlers - [id: 0x4be48215] Initialized pipeline DefaultChannelPipeline{(BootstrapHandlers$BootstrapInitializerHandler#0 = reactor.netty.channel.BootstrapHandlers$BootstrapInitializerHandler), (SimpleChannelPool$1#0 = io.netty.channel.pool.SimpleChannelPool$1), (reactor.left.httpCodec = io.netty.handler.codec.http.HttpClientCodec), (reactor.left.decompressor = io.netty.handler.codec.http.HttpContentDecompressor), (reactor.right.reactiveBridge = reactor.netty.channel.ChannelOperationsHandler)}
15:53:12.880 [reactor-http-nio-46] DEBUG reactor.netty.resources.PooledConnectionProvider - [id: 0xed2911bf] Created new pooled channel, now 0 active connections and 50 inactive connections
15:53:12.880 [reactor-http-nio-46] DEBUG reactor.netty.channel.BootstrapHandlers - [id: 0xed2911bf] Initialized pipeline DefaultChannelPipeline{(BootstrapHandlers$BootstrapInitializerHandler#0 = reactor.netty.channel.BootstrapHandlers$BootstrapInitializerHandler), (SimpleChannelPool$1#0 = io.netty.channel.pool.SimpleChannelPool$1), (reactor.left.httpCodec = io.netty.handler.codec.http.HttpClientCodec), (reactor.left.decompressor = io.netty.handler.codec.http.HttpContentDecompressor), (reactor.right.reactiveBridge = reactor.netty.channel.ChannelOperationsHandler)}
15:53:12.880 [reactor-http-nio-46] DEBUG reactor.netty.resources.PooledConnectionProvider - [id: 0x8e4bf8f0] Created new pooled channel, now 0 active connections and 51 inactive connections
15:53:12.880 [reactor-http-nio-46] DEBUG reactor.netty.channel.BootstrapHandlers - [id: 0x8e4bf8f0] Initialized pipeline DefaultChannelPipeline{(BootstrapHandlers$BootstrapInitializerHandler#0 = reactor.netty.channel.BootstrapHandlers$BootstrapInitializerHandler), (SimpleChannelPool$1#0 = io.netty.channel.pool.SimpleChannelPool$1), (reactor.left.httpCodec = io.netty.handler.codec.http.HttpClientCodec), (reactor.left.decompressor = io.netty.handler.codec.http.HttpContentDecompressor), (reactor.right.reactiveBridge = reactor.netty.channel.ChannelOperationsHandler)}
15:53:12.880 [reactor-http-nio-46] DEBUG reactor.netty.resources.PooledConnectionProvider - [id: 0xad1ee2d1] Created new pooled channel, now 0 active connections and 52 inactive connections
15:53:12.881 [reactor-http-nio-46] DEBUG reactor.netty.channel.BootstrapHandlers - [id: 0xad1ee2d1] Initialized pipeline DefaultChannelPipeline{(BootstrapHandlers$BootstrapInitializerHandler#0 = reactor.netty.channel.BootstrapHandlers$BootstrapInitializerHandler), (SimpleChannelPool$1#0 = io.netty.channel.pool.SimpleChannelPool$1), (reactor.left.httpCodec = io.netty.handler.codec.http.HttpClientCodec), (reactor.left.decompressor = io.netty.handler.codec.http.HttpContentDecompressor), (reactor.right.reactiveBridge = reactor.netty.channel.ChannelOperationsHandler)}
15:53:12.881 [reactor-http-nio-46] DEBUG reactor.netty.resources.PooledConnectionProvider - [id: 0x6bcb25c4] Created new pooled channel, now 0 active connections and 53 inactive connections
15:53:12.881 [reactor-http-nio-46] DEBUG reactor.netty.channel.BootstrapHandlers - [id: 0x6bcb25c4] Initialized pipeline DefaultChannelPipeline{(BootstrapHandlers$BootstrapInitializerHandler#0 = reactor.netty.channel.BootstrapHandlers$BootstrapInitializerHandler), (SimpleChannelPool$1#0 = io.netty.channel.pool.SimpleChannelPool$1), (reactor.left.httpCodec = io.netty.handler.codec.http.HttpClientCodec), (reactor.left.decompressor = io.netty.handler.codec.http.HttpContentDecompressor), (reactor.right.reactiveBridge = reactor.netty.channel.ChannelOperationsHandler)}
15:53:12.881 [reactor-http-nio-46] DEBUG reactor.netty.resources.PooledConnectionProvider - [id: 0xad77f6cd] Created new pooled channel, now 0 active connections and 54 inactive connections
15:53:12.882 [reactor-http-nio-46] DEBUG reactor.netty.channel.BootstrapHandlers - [id: 0xad77f6cd] Initialized pipeline DefaultChannelPipeline{(BootstrapHandlers$BootstrapInitializerHandler#0 = reactor.netty.channel.BootstrapHandlers$BootstrapInitializerHandler), (SimpleChannelPool$1#0 = io.netty.channel.pool.SimpleChannelPool$1), (reactor.left.httpCodec = io.netty.handler.codec.http.HttpClientCodec), (reactor.left.decompressor = io.netty.handler.codec.http.HttpContentDecompressor), (reactor.right.reactiveBridge = reactor.netty.channel.ChannelOperationsHandler)}
15:53:12.882 [reactor-http-nio-46] DEBUG reactor.netty.resources.PooledConnectionProvider - [id: 0x0c7165ed] Created new pooled channel, now 0 active connections and 55 inactive connections
15:53:12.882 [reactor-http-nio-46] DEBUG reactor.netty.channel.BootstrapHandlers - [id: 0x0c7165ed] Initialized pipeline DefaultChannelPipeline{(BootstrapHandlers$BootstrapInitializerHandler#0 = reactor.netty.channel.BootstrapHandlers$BootstrapInitializerHandler), (SimpleChannelPool$1#0 = io.netty.channel.pool.SimpleChannelPool$1), (reactor.left.httpCodec = io.netty.handler.codec.http.HttpClientCodec), (reactor.left.decompressor = io.netty.handler.codec.http.HttpContentDecompressor), (reactor.right.reactiveBridge = reactor.netty.channel.ChannelOperationsHandler)}
15:53:12.882 [reactor-http-nio-46] DEBUG reactor.netty.resources.PooledConnectionProvider - [id: 0x64dc3a35] Created new pooled channel, now 0 active connections and 56 inactive connections
15:53:12.883 [reactor-http-nio-46] DEBUG reactor.netty.channel.BootstrapHandlers - [id: 0x64dc3a35] Initialized pipeline DefaultChannelPipeline{(BootstrapHandlers$BootstrapInitializerHandler#0 = reactor.netty.channel.BootstrapHandlers$BootstrapInitializerHandler), (SimpleChannelPool$1#0 = io.netty.channel.pool.SimpleChannelPool$1), (reactor.left.httpCodec = io.netty.handler.codec.http.HttpClientCodec), (reactor.left.decompressor = io.netty.handler.codec.http.HttpContentDecompressor), (reactor.right.reactiveBridge = reactor.netty.channel.ChannelOperationsHandler)}
15:53:12.883 [reactor-http-nio-46] DEBUG reactor.netty.resources.PooledConnectionProvider - [id: 0x235f3a5b] Created new pooled channel, now 0 active connections and 57 inactive connections
15:53:12.883 [reactor-http-nio-46] DEBUG reactor.netty.channel.BootstrapHandlers - [id: 0x235f3a5b] Initialized pipeline DefaultChannelPipeline{(BootstrapHandlers$BootstrapInitializerHandler#0 = reactor.netty.channel.BootstrapHandlers$BootstrapInitializerHandler), (SimpleChannelPool$1#0 = io.netty.channel.pool.SimpleChannelPool$1), (reactor.left.httpCodec = io.netty.handler.codec.http.HttpClientCodec), (reactor.left.decompressor = io.netty.handler.codec.http.HttpContentDecompressor), (reactor.right.reactiveBridge = reactor.netty.channel.ChannelOperationsHandler)}
15:53:12.883 [reactor-http-nio-46] DEBUG reactor.netty.resources.PooledConnectionProvider - [id: 0x3ccb8a7e] Created new pooled channel, now 0 active connections and 58 inactive connections
15:53:12.884 [reactor-http-nio-46] DEBUG reactor.netty.channel.BootstrapHandlers - [id: 0x3ccb8a7e] Initialized pipeline DefaultChannelPipeline{(BootstrapHandlers$BootstrapInitializerHandler#0 = reactor.netty.channel.BootstrapHandlers$BootstrapInitializerHandler), (SimpleChannelPool$1#0 = io.netty.channel.pool.SimpleChannelPool$1), (reactor.left.httpCodec = io.netty.handler.codec.http.HttpClientCodec), (reactor.left.decompressor = io.netty.handler.codec.http.HttpContentDecompressor), (reactor.right.reactiveBridge = reactor.netty.channel.ChannelOperationsHandler)}
15:53:12.884 [reactor-http-nio-46] DEBUG reactor.netty.resources.PooledConnectionProvider - [id: 0x9abcbf1e] Created new pooled channel, now 0 active connections and 59 inactive connections
15:53:12.884 [reactor-http-nio-46] DEBUG reactor.netty.channel.BootstrapHandlers - [id: 0x9abcbf1e] Initialized pipeline DefaultChannelPipeline{(BootstrapHandlers$BootstrapInitializerHandler#0 = reactor.netty.channel.BootstrapHandlers$BootstrapInitializerHandler), (SimpleChannelPool$1#0 = io.netty.channel.pool.SimpleChannelPool$1), (reactor.left.httpCodec = io.netty.handler.codec.http.HttpClientCodec), (reactor.left.decompressor = io.netty.handler.codec.http.HttpContentDecompressor), (reactor.right.reactiveBridge = reactor.netty.channel.ChannelOperationsHandler)}
15:53:12.884 [reactor-http-nio-46] DEBUG reactor.netty.resources.PooledConnectionProvider - [id: 0x57e92495] Created new pooled channel, now 0 active connections and 60 inactive connections
15:53:12.884 [reactor-http-nio-46] DEBUG reactor.netty.channel.BootstrapHandlers - [id: 0x57e92495] Initialized pipeline DefaultChannelPipeline{(BootstrapHandlers$BootstrapInitializerHandler#0 = reactor.netty.channel.BootstrapHandlers$BootstrapInitializerHandler), (SimpleChannelPool$1#0 = io.netty.channel.pool.SimpleChannelPool$1), (reactor.left.httpCodec = io.netty.handler.codec.http.HttpClientCodec), (reactor.left.decompressor = io.netty.handler.codec.http.HttpContentDecompressor), (reactor.right.reactiveBridge = reactor.netty.channel.ChannelOperationsHandler)}
15:53:12.885 [reactor-http-nio-46] DEBUG reactor.netty.resources.PooledConnectionProvider - [id: 0x66bc1825] Created new pooled channel, now 0 active connections and 61 inactive connections
15:53:12.885 [reactor-http-nio-46] DEBUG reactor.netty.channel.BootstrapHandlers - [id: 0x66bc1825] Initialized pipeline DefaultChannelPipeline{(BootstrapHandlers$BootstrapInitializerHandler#0 = reactor.netty.channel.BootstrapHandlers$BootstrapInitializerHandler), (SimpleChannelPool$1#0 = io.netty.channel.pool.SimpleChannelPool$1), (reactor.left.httpCodec = io.netty.handler.codec.http.HttpClientCodec), (reactor.left.decompressor = io.netty.handler.codec.http.HttpContentDecompressor), (reactor.right.reactiveBridge = reactor.netty.channel.ChannelOperationsHandler)}
15:53:12.885 [reactor-http-nio-46] DEBUG reactor.netty.resources.PooledConnectionProvider - [id: 0x7fca3ae3] Created new pooled channel, now 0 active connections and 62 inactive connections
15:53:12.886 [reactor-http-nio-46] DEBUG reactor.netty.channel.BootstrapHandlers - [id: 0x7fca3ae3] Initialized pipeline DefaultChannelPipeline{(BootstrapHandlers$BootstrapInitializerHandler#0 = reactor.netty.channel.BootstrapHandlers$BootstrapInitializerHandler), (SimpleChannelPool$1#0 = io.netty.channel.pool.SimpleChannelPool$1), (reactor.left.httpCodec = io.netty.handler.codec.http.HttpClientCodec), (reactor.left.decompressor = io.netty.handler.codec.http.HttpContentDecompressor), (reactor.right.reactiveBridge = reactor.netty.channel.ChannelOperationsHandler)}
15:53:12.886 [reactor-http-nio-46] DEBUG reactor.netty.resources.PooledConnectionProvider - [id: 0x38c41c97] Created new pooled channel, now 0 active connections and 63 inactive connections
15:53:12.886 [reactor-http-nio-46] DEBUG reactor.netty.channel.BootstrapHandlers - [id: 0x38c41c97] Initialized pipeline DefaultChannelPipeline{(BootstrapHandlers$BootstrapInitializerHandler#0 = reactor.netty.channel.BootstrapHandlers$BootstrapInitializerHandler), (SimpleChannelPool$1#0 = io.netty.channel.pool.SimpleChannelPool$1), (reactor.left.httpCodec = io.netty.handler.codec.http.HttpClientCodec), (reactor.left.decompressor = io.netty.handler.codec.http.HttpContentDecompressor), (reactor.right.reactiveBridge = reactor.netty.channel.ChannelOperationsHandler)}
15:53:12.886 [reactor-http-nio-46] DEBUG reactor.netty.resources.PooledConnectionProvider - [id: 0x24a8edc5] Created new pooled channel, now 0 active connections and 64 inactive connections
15:53:12.887 [reactor-http-nio-46] DEBUG reactor.netty.channel.BootstrapHandlers - [id: 0x24a8edc5] Initialized pipeline DefaultChannelPipeline{(BootstrapHandlers$BootstrapInitializerHandler#0 = reactor.netty.channel.BootstrapHandlers$BootstrapInitializerHandler), (SimpleChannelPool$1#0 = io.netty.channel.pool.SimpleChannelPool$1), (reactor.left.httpCodec = io.netty.handler.codec.http.HttpClientCodec), (reactor.left.decompressor = io.netty.handler.codec.http.HttpContentDecompressor), (reactor.right.reactiveBridge = reactor.netty.channel.ChannelOperationsHandler)}
15:53:12.888 [reactor-http-nio-46] DEBUG reactor.netty.resources.PooledConnectionProvider - [id: 0xe2a0d401] Created new pooled channel, now 0 active connections and 65 inactive connections
15:53:12.888 [reactor-http-nio-46] DEBUG reactor.netty.channel.BootstrapHandlers - [id: 0xe2a0d401] Initialized pipeline DefaultChannelPipeline{(BootstrapHandlers$BootstrapInitializerHandler#0 = reactor.netty.channel.BootstrapHandlers$BootstrapInitializerHandler), (SimpleChannelPool$1#0 = io.netty.channel.pool.SimpleChannelPool$1), (reactor.left.httpCodec = io.netty.handler.codec.http.HttpClientCodec), (reactor.left.decompressor = io.netty.handler.codec.http.HttpContentDecompressor), (reactor.right.reactiveBridge = reactor.netty.channel.ChannelOperationsHandler)}
15:53:12.889 [reactor-http-nio-46] DEBUG reactor.netty.resources.PooledConnectionProvider - [id: 0x814e535a] Created new pooled channel, now 0 active connections and 66 inactive connections
15:53:12.889 [reactor-http-nio-46] DEBUG reactor.netty.channel.BootstrapHandlers - [id: 0x814e535a] Initialized pipeline DefaultChannelPipeline{(BootstrapHandlers$BootstrapInitializerHandler#0 = reactor.netty.channel.BootstrapHandlers$BootstrapInitializerHandler), (SimpleChannelPool$1#0 = io.netty.channel.pool.SimpleChannelPool$1), (reactor.left.httpCodec = io.netty.handler.codec.http.HttpClientCodec), (reactor.left.decompressor = io.netty.handler.codec.http.HttpContentDecompressor), (reactor.right.reactiveBridge = reactor.netty.channel.ChannelOperationsHandler)}
15:53:12.889 [reactor-http-nio-46] DEBUG reactor.netty.resources.PooledConnectionProvider - [id: 0xb17f4d49] Created new pooled channel, now 0 active connections and 67 inactive connections
15:53:12.889 [reactor-http-nio-46] DEBUG reactor.netty.channel.BootstrapHandlers - [id: 0xb17f4d49] Initialized pipeline DefaultChannelPipeline{(BootstrapHandlers$BootstrapInitializerHandler#0 = reactor.netty.channel.BootstrapHandlers$BootstrapInitializerHandler), (SimpleChannelPool$1#0 = io.netty.channel.pool.SimpleChannelPool$1), (reactor.left.httpCodec = io.netty.handler.codec.http.HttpClientCodec), (reactor.left.decompressor = io.netty.handler.codec.http.HttpContentDecompressor), (reactor.right.reactiveBridge = reactor.netty.channel.ChannelOperationsHandler)}
15:53:12.889 [reactor-http-nio-46] DEBUG reactor.netty.resources.PooledConnectionProvider - [id: 0xb42d715a] Created new pooled channel, now 0 active connections and 68 inactive connections
15:53:12.890 [reactor-http-nio-46] DEBUG reactor.netty.channel.BootstrapHandlers - [id: 0xb42d715a] Initialized pipeline DefaultChannelPipeline{(BootstrapHandlers$BootstrapInitializerHandler#0 = reactor.netty.channel.BootstrapHandlers$BootstrapInitializerHandler), (SimpleChannelPool$1#0 = io.netty.channel.pool.SimpleChannelPool$1), (reactor.left.httpCodec = io.netty.handler.codec.http.HttpClientCodec), (reactor.left.decompressor = io.netty.handler.codec.http.HttpContentDecompressor), (reactor.right.reactiveBridge = reactor.netty.channel.ChannelOperationsHandler)}
15:53:12.890 [reactor-http-nio-46] DEBUG reactor.netty.resources.PooledConnectionProvider - [id: 0x72e5dab1] Created new pooled channel, now 0 active connections and 69 inactive connections
15:53:12.890 [reactor-http-nio-46] DEBUG reactor.netty.channel.BootstrapHandlers - [id: 0x72e5dab1] Initialized pipeline DefaultChannelPipeline{(BootstrapHandlers$BootstrapInitializerHandler#0 = reactor.netty.channel.BootstrapHandlers$BootstrapInitializerHandler), (SimpleChannelPool$1#0 = io.netty.channel.pool.SimpleChannelPool$1), (reactor.left.httpCodec = io.netty.handler.codec.http.HttpClientCodec), (reactor.left.decompressor = io.netty.handler.codec.http.HttpContentDecompressor), (reactor.right.reactiveBridge = reactor.netty.channel.ChannelOperationsHandler)}
15:53:12.890 [reactor-http-nio-46] DEBUG reactor.netty.resources.PooledConnectionProvider - [id: 0x5362fcb1] Created new pooled channel, now 0 active connections and 70 inactive connections
15:53:12.890 [reactor-http-nio-46] DEBUG reactor.netty.channel.BootstrapHandlers - [id: 0x5362fcb1] Initialized pipeline DefaultChannelPipeline{(BootstrapHandlers$BootstrapInitializerHandler#0 = reactor.netty.channel.BootstrapHandlers$BootstrapInitializerHandler), (SimpleChannelPool$1#0 = io.netty.channel.pool.SimpleChannelPool$1), (reactor.left.httpCodec = io.netty.handler.codec.http.HttpClientCodec), (reactor.left.decompressor = io.netty.handler.codec.http.HttpContentDecompressor), (reactor.right.reactiveBridge = reactor.netty.channel.ChannelOperationsHandler)}
15:53:12.891 [reactor-http-nio-46] DEBUG reactor.netty.resources.PooledConnectionProvider - [id: 0xcde170f5] Created new pooled channel, now 0 active connections and 71 inactive connections
15:53:12.893 [reactor-http-nio-46] DEBUG reactor.netty.channel.BootstrapHandlers - [id: 0xcde170f5] Initialized pipeline DefaultChannelPipeline{(BootstrapHandlers$BootstrapInitializerHandler#0 = reactor.netty.channel.BootstrapHandlers$BootstrapInitializerHandler), (SimpleChannelPool$1#0 = io.netty.channel.pool.SimpleChannelPool$1), (reactor.left.httpCodec = io.netty.handler.codec.http.HttpClientCodec), (reactor.left.decompressor = io.netty.handler.codec.http.HttpContentDecompressor), (reactor.right.reactiveBridge = reactor.netty.channel.ChannelOperationsHandler)}
15:53:12.894 [reactor-http-nio-46] DEBUG reactor.netty.resources.PooledConnectionProvider - [id: 0x7857a0df] Created new pooled channel, now 0 active connections and 72 inactive connections
15:53:12.894 [reactor-http-nio-46] DEBUG reactor.netty.channel.BootstrapHandlers - [id: 0x7857a0df] Initialized pipeline DefaultChannelPipeline{(BootstrapHandlers$BootstrapInitializerHandler#0 = reactor.netty.channel.BootstrapHandlers$BootstrapInitializerHandler), (SimpleChannelPool$1#0 = io.netty.channel.pool.SimpleChannelPool$1), (reactor.left.httpCodec = io.netty.handler.codec.http.HttpClientCodec), (reactor.left.decompressor = io.netty.handler.codec.http.HttpContentDecompressor), (reactor.right.reactiveBridge = reactor.netty.channel.ChannelOperationsHandler)}
15:53:12.895 [reactor-http-nio-46] DEBUG reactor.netty.resources.PooledConnectionProvider - [id: 0x0a4cfcd0] Created new pooled channel, now 0 active connections and 73 inactive connections
15:53:12.895 [reactor-http-nio-46] DEBUG reactor.netty.channel.BootstrapHandlers - [id: 0x0a4cfcd0] Initialized pipeline DefaultChannelPipeline{(BootstrapHandlers$BootstrapInitializerHandler#0 = reactor.netty.channel.BootstrapHandlers$BootstrapInitializerHandler), (SimpleChannelPool$1#0 = io.netty.channel.pool.SimpleChannelPool$1), (reactor.left.httpCodec = io.netty.handler.codec.http.HttpClientCodec), (reactor.left.decompressor = io.netty.handler.codec.http.HttpContentDecompressor), (reactor.right.reactiveBridge = reactor.netty.channel.ChannelOperationsHandler)}
15:53:12.895 [reactor-http-nio-46] DEBUG reactor.netty.resources.PooledConnectionProvider - [id: 0x786dbf94] Created new pooled channel, now 0 active connections and 74 inactive connections
15:53:12.895 [reactor-http-nio-46] DEBUG reactor.netty.channel.BootstrapHandlers - [id: 0x786dbf94] Initialized pipeline DefaultChannelPipeline{(BootstrapHandlers$BootstrapInitializerHandler#0 = reactor.netty.channel.BootstrapHandlers$BootstrapInitializerHandler), (SimpleChannelPool$1#0 = io.netty.channel.pool.SimpleChannelPool$1), (reactor.left.httpCodec = io.netty.handler.codec.http.HttpClientCodec), (reactor.left.decompressor = io.netty.handler.codec.http.HttpContentDecompressor), (reactor.right.reactiveBridge = reactor.netty.channel.ChannelOperationsHandler)}
15:53:12.896 [reactor-http-nio-46] DEBUG reactor.netty.resources.PooledConnectionProvider - [id: 0xe631b28c] Created new pooled channel, now 0 active connections and 75 inactive connections
15:53:12.896 [reactor-http-nio-46] DEBUG reactor.netty.channel.BootstrapHandlers - [id: 0xe631b28c] Initialized pipeline DefaultChannelPipeline{(BootstrapHandlers$BootstrapInitializerHandler#0 = reactor.netty.channel.BootstrapHandlers$BootstrapInitializerHandler), (SimpleChannelPool$1#0 = io.netty.channel.pool.SimpleChannelPool$1), (reactor.left.httpCodec = io.netty.handler.codec.http.HttpClientCodec), (reactor.left.decompressor = io.netty.handler.codec.http.HttpContentDecompressor), (reactor.right.reactiveBridge = reactor.netty.channel.ChannelOperationsHandler)}
15:53:12.896 [reactor-http-nio-46] DEBUG reactor.netty.resources.PooledConnectionProvider - [id: 0x21f981c4] Created new pooled channel, now 0 active connections and 76 inactive connections
15:53:12.896 [reactor-http-nio-46] DEBUG reactor.netty.channel.BootstrapHandlers - [id: 0x21f981c4] Initialized pipeline DefaultChannelPipeline{(BootstrapHandlers$BootstrapInitializerHandler#0 = reactor.netty.channel.BootstrapHandlers$BootstrapInitializerHandler), (SimpleChannelPool$1#0 = io.netty.channel.pool.SimpleChannelPool$1), (reactor.left.httpCodec = io.netty.handler.codec.http.HttpClientCodec), (reactor.left.decompressor = io.netty.handler.codec.http.HttpContentDecompressor), (reactor.right.reactiveBridge = reactor.netty.channel.ChannelOperationsHandler)}
15:53:12.896 [reactor-http-nio-46] DEBUG reactor.netty.resources.PooledConnectionProvider - [id: 0xd99a3f51] Created new pooled channel, now 0 active connections and 77 inactive connections
15:53:12.897 [reactor-http-nio-46] DEBUG reactor.netty.channel.BootstrapHandlers - [id: 0xd99a3f51] Initialized pipeline DefaultChannelPipeline{(BootstrapHandlers$BootstrapInitializerHandler#0 = reactor.netty.channel.BootstrapHandlers$BootstrapInitializerHandler), (SimpleChannelPool$1#0 = io.netty.channel.pool.SimpleChannelPool$1), (reactor.left.httpCodec = io.netty.handler.codec.http.HttpClientCodec), (reactor.left.decompressor = io.netty.handler.codec.http.HttpContentDecompressor), (reactor.right.reactiveBridge = reactor.netty.channel.ChannelOperationsHandler)}
15:53:12.897 [reactor-http-nio-46] DEBUG reactor.netty.resources.PooledConnectionProvider - [id: 0x6dee6723] Created new pooled channel, now 0 active connections and 78 inactive connections
15:53:12.897 [reactor-http-nio-46] DEBUG reactor.netty.channel.BootstrapHandlers - [id: 0x6dee6723] Initialized pipeline DefaultChannelPipeline{(BootstrapHandlers$BootstrapInitializerHandler#0 = reactor.netty.channel.BootstrapHandlers$BootstrapInitializerHandler), (SimpleChannelPool$1#0 = io.netty.channel.pool.SimpleChannelPool$1), (reactor.left.httpCodec = io.netty.handler.codec.http.HttpClientCodec), (reactor.left.decompressor = io.netty.handler.codec.http.HttpContentDecompressor), (reactor.right.reactiveBridge = reactor.netty.channel.ChannelOperationsHandler)}
15:53:12.897 [reactor-http-nio-46] DEBUG reactor.netty.resources.PooledConnectionProvider - [id: 0xe441070c] Created new pooled channel, now 0 active connections and 79 inactive connections
15:53:12.897 [reactor-http-nio-46] DEBUG reactor.netty.channel.BootstrapHandlers - [id: 0xe441070c] Initialized pipeline DefaultChannelPipeline{(BootstrapHandlers$BootstrapInitializerHandler#0 = reactor.netty.channel.BootstrapHandlers$BootstrapInitializerHandler), (SimpleChannelPool$1#0 = io.netty.channel.pool.SimpleChannelPool$1), (reactor.left.httpCodec = io.netty.handler.codec.http.HttpClientCodec), (reactor.left.decompressor = io.netty.handler.codec.http.HttpContentDecompressor), (reactor.right.reactiveBridge = reactor.netty.channel.ChannelOperationsHandler)}
15:53:12.898 [reactor-http-nio-46] DEBUG reactor.netty.resources.PooledConnectionProvider - [id: 0x4746856e] Created new pooled channel, now 0 active connections and 80 inactive connections
15:53:12.898 [reactor-http-nio-46] DEBUG reactor.netty.channel.BootstrapHandlers - [id: 0x4746856e] Initialized pipeline DefaultChannelPipeline{(BootstrapHandlers$BootstrapInitializerHandler#0 = reactor.netty.channel.BootstrapHandlers$BootstrapInitializerHandler), (SimpleChannelPool$1#0 = io.netty.channel.pool.SimpleChannelPool$1), (reactor.left.httpCodec = io.netty.handler.codec.http.HttpClientCodec), (reactor.left.decompressor = io.netty.handler.codec.http.HttpContentDecompressor), (reactor.right.reactiveBridge = reactor.netty.channel.ChannelOperationsHandler)}
15:53:12.898 [reactor-http-nio-46] DEBUG reactor.netty.resources.PooledConnectionProvider - [id: 0x13239c6a] Created new pooled channel, now 0 active connections and 81 inactive connections
15:53:12.898 [reactor-http-nio-46] DEBUG reactor.netty.channel.BootstrapHandlers - [id: 0x13239c6a] Initialized pipeline DefaultChannelPipeline{(BootstrapHandlers$BootstrapInitializerHandler#0 = reactor.netty.channel.BootstrapHandlers$BootstrapInitializerHandler), (SimpleChannelPool$1#0 = io.netty.channel.pool.SimpleChannelPool$1), (reactor.left.httpCodec = io.netty.handler.codec.http.HttpClientCodec), (reactor.left.decompressor = io.netty.handler.codec.http.HttpContentDecompressor), (reactor.right.reactiveBridge = reactor.netty.channel.ChannelOperationsHandler)}
15:53:12.899 [reactor-http-nio-46] DEBUG reactor.netty.resources.PooledConnectionProvider - [id: 0xd943badc] Created new pooled channel, now 0 active connections and 82 inactive connections
15:53:12.899 [reactor-http-nio-46] DEBUG reactor.netty.channel.BootstrapHandlers - [id: 0xd943badc] Initialized pipeline DefaultChannelPipeline{(BootstrapHandlers$BootstrapInitializerHandler#0 = reactor.netty.channel.BootstrapHandlers$BootstrapInitializerHandler), (SimpleChannelPool$1#0 = io.netty.channel.pool.SimpleChannelPool$1), (reactor.left.httpCodec = io.netty.handler.codec.http.HttpClientCodec), (reactor.left.decompressor = io.netty.handler.codec.http.HttpContentDecompressor), (reactor.right.reactiveBridge = reactor.netty.channel.ChannelOperationsHandler)}
15:53:12.899 [reactor-http-nio-46] DEBUG reactor.netty.resources.PooledConnectionProvider - [id: 0xefddac86] Created new pooled channel, now 0 active connections and 83 inactive connections
15:53:12.899 [reactor-http-nio-46] DEBUG reactor.netty.channel.BootstrapHandlers - [id: 0xefddac86] Initialized pipeline DefaultChannelPipeline{(BootstrapHandlers$BootstrapInitializerHandler#0 = reactor.netty.channel.BootstrapHandlers$BootstrapInitializerHandler), (SimpleChannelPool$1#0 = io.netty.channel.pool.SimpleChannelPool$1), (reactor.left.httpCodec = io.netty.handler.codec.http.HttpClientCodec), (reactor.left.decompressor = io.netty.handler.codec.http.HttpContentDecompressor), (reactor.right.reactiveBridge = reactor.netty.channel.ChannelOperationsHandler)}
15:53:12.899 [reactor-http-nio-46] DEBUG reactor.netty.resources.PooledConnectionProvider - [id: 0x0c4def98] Created new pooled channel, now 0 active connections and 84 inactive connections
15:53:12.900 [reactor-http-nio-46] DEBUG reactor.netty.channel.BootstrapHandlers - [id: 0x0c4def98] Initialized pipeline DefaultChannelPipeline{(BootstrapHandlers$BootstrapInitializerHandler#0 = reactor.netty.channel.BootstrapHandlers$BootstrapInitializerHandler), (SimpleChannelPool$1#0 = io.netty.channel.pool.SimpleChannelPool$1), (reactor.left.httpCodec = io.netty.handler.codec.http.HttpClientCodec), (reactor.left.decompressor = io.netty.handler.codec.http.HttpContentDecompressor), (reactor.right.reactiveBridge = reactor.netty.channel.ChannelOperationsHandler)}
15:53:12.900 [reactor-http-nio-46] DEBUG reactor.netty.resources.PooledConnectionProvider - [id: 0x7e95ad76] Created new pooled channel, now 0 active connections and 85 inactive connections
15:53:12.900 [reactor-http-nio-46] DEBUG reactor.netty.channel.BootstrapHandlers - [id: 0x7e95ad76] Initialized pipeline DefaultChannelPipeline{(BootstrapHandlers$BootstrapInitializerHandler#0 = reactor.netty.channel.BootstrapHandlers$BootstrapInitializerHandler), (SimpleChannelPool$1#0 = io.netty.channel.pool.SimpleChannelPool$1), (reactor.left.httpCodec = io.netty.handler.codec.http.HttpClientCodec), (reactor.left.decompressor = io.netty.handler.codec.http.HttpContentDecompressor), (reactor.right.reactiveBridge = reactor.netty.channel.ChannelOperationsHandler)}
15:53:12.902 [reactor-http-nio-46] DEBUG reactor.netty.resources.PooledConnectionProvider - [id: 0x901633c4] Created new pooled channel, now 0 active connections and 86 inactive connections
15:53:12.902 [reactor-http-nio-41] DEBUG reactor.netty.resources.PooledConnectionProvider - [id: 0x5524893e] Created new pooled channel, now 0 active connections and 87 inactive connections
15:53:12.903 [reactor-http-nio-46] DEBUG reactor.netty.channel.BootstrapHandlers - [id: 0x901633c4] Initialized pipeline DefaultChannelPipeline{(BootstrapHandlers$BootstrapInitializerHandler#0 = reactor.netty.channel.BootstrapHandlers$BootstrapInitializerHandler), (SimpleChannelPool$1#0 = io.netty.channel.pool.SimpleChannelPool$1), (reactor.left.httpCodec = io.netty.handler.codec.http.HttpClientCodec), (reactor.left.decompressor = io.netty.handler.codec.http.HttpContentDecompressor), (reactor.right.reactiveBridge = reactor.netty.channel.ChannelOperationsHandler)}
15:53:12.903 [reactor-http-nio-46] DEBUG reactor.netty.resources.PooledConnectionProvider - [id: 0xa4924887] Created new pooled channel, now 0 active connections and 88 inactive connections
15:53:12.903 [reactor-http-nio-46] DEBUG reactor.netty.channel.BootstrapHandlers - [id: 0xa4924887] Initialized pipeline DefaultChannelPipeline{(BootstrapHandlers$BootstrapInitializerHandler#0 = reactor.netty.channel.BootstrapHandlers$BootstrapInitializerHandler), (SimpleChannelPool$1#0 = io.netty.channel.pool.SimpleChannelPool$1), (reactor.left.httpCodec = io.netty.handler.codec.http.HttpClientCodec), (reactor.left.decompressor = io.netty.handler.codec.http.HttpContentDecompressor), (reactor.right.reactiveBridge = reactor.netty.channel.ChannelOperationsHandler)}
15:53:12.903 [reactor-http-nio-46] DEBUG reactor.netty.resources.PooledConnectionProvider - [id: 0xfaf92bf0] Created new pooled channel, now 0 active connections and 89 inactive connections
15:53:12.904 [reactor-http-nio-46] DEBUG reactor.netty.channel.BootstrapHandlers - [id: 0xfaf92bf0] Initialized pipeline DefaultChannelPipeline{(BootstrapHandlers$BootstrapInitializerHandler#0 = reactor.netty.channel.BootstrapHandlers$BootstrapInitializerHandler), (SimpleChannelPool$1#0 = io.netty.channel.pool.SimpleChannelPool$1), (reactor.left.httpCodec = io.netty.handler.codec.http.HttpClientCodec), (reactor.left.decompressor = io.netty.handler.codec.http.HttpContentDecompressor), (reactor.right.reactiveBridge = reactor.netty.channel.ChannelOperationsHandler)}
15:53:12.904 [reactor-http-nio-46] DEBUG reactor.netty.resources.PooledConnectionProvider - [id: 0x7a77be43] Created new pooled channel, now 0 active connections and 90 inactive connections
15:53:12.904 [reactor-http-nio-46] DEBUG reactor.netty.channel.BootstrapHandlers - [id: 0x7a77be43] Initialized pipeline DefaultChannelPipeline{(BootstrapHandlers$BootstrapInitializerHandler#0 = reactor.netty.channel.BootstrapHandlers$BootstrapInitializerHandler), (SimpleChannelPool$1#0 = io.netty.channel.pool.SimpleChannelPool$1), (reactor.left.httpCodec = io.netty.handler.codec.http.HttpClientCodec), (reactor.left.decompressor = io.netty.handler.codec.http.HttpContentDecompressor), (reactor.right.reactiveBridge = reactor.netty.channel.ChannelOperationsHandler)}
15:53:12.904 [reactor-http-nio-46] DEBUG reactor.netty.resources.PooledConnectionProvider - [id: 0xad15f065] Created new pooled channel, now 0 active connections and 91 inactive connections
15:53:12.904 [reactor-http-nio-46] DEBUG reactor.netty.channel.BootstrapHandlers - [id: 0xad15f065] Initialized pipeline DefaultChannelPipeline{(BootstrapHandlers$BootstrapInitializerHandler#0 = reactor.netty.channel.BootstrapHandlers$BootstrapInitializerHandler), (SimpleChannelPool$1#0 = io.netty.channel.pool.SimpleChannelPool$1), (reactor.left.httpCodec = io.netty.handler.codec.http.HttpClientCodec), (reactor.left.decompressor = io.netty.handler.codec.http.HttpContentDecompressor), (reactor.right.reactiveBridge = reactor.netty.channel.ChannelOperationsHandler)}
15:53:12.905 [reactor-http-nio-46] DEBUG reactor.netty.resources.PooledConnectionProvider - [id: 0xd8e5c342] Created new pooled channel, now 0 active connections and 92 inactive connections
15:53:12.905 [reactor-http-nio-46] DEBUG reactor.netty.channel.BootstrapHandlers - [id: 0xd8e5c342] Initialized pipeline DefaultChannelPipeline{(BootstrapHandlers$BootstrapInitializerHandler#0 = reactor.netty.channel.BootstrapHandlers$BootstrapInitializerHandler), (SimpleChannelPool$1#0 = io.netty.channel.pool.SimpleChannelPool$1), (reactor.left.httpCodec = io.netty.handler.codec.http.HttpClientCodec), (reactor.left.decompressor = io.netty.handler.codec.http.HttpContentDecompressor), (reactor.right.reactiveBridge = reactor.netty.channel.ChannelOperationsHandler)}
15:53:12.905 [reactor-http-nio-46] DEBUG reactor.netty.resources.PooledConnectionProvider - [id: 0xa3d0f544] Created new pooled channel, now 0 active connections and 93 inactive connections
15:53:12.905 [reactor-http-nio-41] DEBUG reactor.netty.channel.BootstrapHandlers - [id: 0x5524893e] Initialized pipeline DefaultChannelPipeline{(BootstrapHandlers$BootstrapInitializerHandler#0 = reactor.netty.channel.BootstrapHandlers$BootstrapInitializerHandler), (SimpleChannelPool$1#0 = io.netty.channel.pool.SimpleChannelPool$1), (reactor.left.httpCodec = io.netty.handler.codec.http.HttpClientCodec), (reactor.left.decompressor = io.netty.handler.codec.http.HttpContentDecompressor), (reactor.right.reactiveBridge = reactor.netty.channel.ChannelOperationsHandler)}
15:53:12.905 [reactor-http-nio-46] DEBUG reactor.netty.channel.BootstrapHandlers - [id: 0xa3d0f544] Initialized pipeline DefaultChannelPipeline{(BootstrapHandlers$BootstrapInitializerHandler#0 = reactor.netty.channel.BootstrapHandlers$BootstrapInitializerHandler), (SimpleChannelPool$1#0 = io.netty.channel.pool.SimpleChannelPool$1), (reactor.left.httpCodec = io.netty.handler.codec.http.HttpClientCodec), (reactor.left.decompressor = io.netty.handler.codec.http.HttpContentDecompressor), (reactor.right.reactiveBridge = reactor.netty.channel.ChannelOperationsHandler)}
15:53:12.905 [reactor-http-nio-41] DEBUG reactor.netty.resources.PooledConnectionProvider - [id: 0x4b9fbeb1] Created new pooled channel, now 0 active connections and 94 inactive connections
15:53:12.905 [reactor-http-nio-46] DEBUG reactor.netty.resources.PooledConnectionProvider - [id: 0x36ae5eff] Created new pooled channel, now 0 active connections and 95 inactive connections
15:53:12.906 [reactor-http-nio-41] DEBUG reactor.netty.channel.BootstrapHandlers - [id: 0x4b9fbeb1] Initialized pipeline DefaultChannelPipeline{(BootstrapHandlers$BootstrapInitializerHandler#0 = reactor.netty.channel.BootstrapHandlers$BootstrapInitializerHandler), (SimpleChannelPool$1#0 = io.netty.channel.pool.SimpleChannelPool$1), (reactor.left.httpCodec = io.netty.handler.codec.http.HttpClientCodec), (reactor.left.decompressor = io.netty.handler.codec.http.HttpContentDecompressor), (reactor.right.reactiveBridge = reactor.netty.channel.ChannelOperationsHandler)}
15:53:12.906 [reactor-http-nio-47] DEBUG reactor.netty.channel.BootstrapHandlers - [id: 0xf17c5cf9] Initialized pipeline DefaultChannelPipeline{(BootstrapHandlers$BootstrapInitializerHandler#0 = reactor.netty.channel.BootstrapHandlers$BootstrapInitializerHandler), (SimpleChannelPool$1#0 = io.netty.channel.pool.SimpleChannelPool$1), (reactor.left.httpCodec = io.netty.handler.codec.http.HttpClientCodec), (reactor.left.decompressor = io.netty.handler.codec.http.HttpContentDecompressor), (reactor.right.reactiveBridge = reactor.netty.channel.ChannelOperationsHandler)}
15:53:12.906 [reactor-http-nio-41] DEBUG reactor.netty.resources.PooledConnectionProvider - [id: 0x307222ea] Created new pooled channel, now 0 active connections and 96 inactive connections
15:53:12.906 [reactor-http-nio-47] DEBUG reactor.netty.resources.PooledConnectionProvider - [id: 0xdce01143] Created new pooled channel, now 0 active connections and 97 inactive connections
15:53:12.906 [reactor-http-nio-41] DEBUG reactor.netty.channel.BootstrapHandlers - [id: 0x307222ea] Initialized pipeline DefaultChannelPipeline{(BootstrapHandlers$BootstrapInitializerHandler#0 = reactor.netty.channel.BootstrapHandlers$BootstrapInitializerHandler), (SimpleChannelPool$1#0 = io.netty.channel.pool.SimpleChannelPool$1), (reactor.left.httpCodec = io.netty.handler.codec.http.HttpClientCodec), (reactor.left.decompressor = io.netty.handler.codec.http.HttpContentDecompressor), (reactor.right.reactiveBridge = reactor.netty.channel.ChannelOperationsHandler)}
15:53:12.906 [reactor-http-nio-47] DEBUG reactor.netty.channel.BootstrapHandlers - [id: 0xdce01143] Initialized pipeline DefaultChannelPipeline{(BootstrapHandlers$BootstrapInitializerHandler#0 = reactor.netty.channel.BootstrapHandlers$BootstrapInitializerHandler), (SimpleChannelPool$1#0 = io.netty.channel.pool.SimpleChannelPool$1), (reactor.left.httpCodec = io.netty.handler.codec.http.HttpClientCodec), (reactor.left.decompressor = io.netty.handler.codec.http.HttpContentDecompressor), (reactor.right.reactiveBridge = reactor.netty.channel.ChannelOperationsHandler)}
15:53:12.906 [reactor-http-nio-41] DEBUG reactor.netty.resources.PooledConnectionProvider - [id: 0xfb192aad] Created new pooled channel, now 0 active connections and 98 inactive connections
15:53:12.907 [reactor-http-nio-41] DEBUG reactor.netty.channel.BootstrapHandlers - [id: 0xfb192aad] Initialized pipeline DefaultChannelPipeline{(BootstrapHandlers$BootstrapInitializerHandler#0 = reactor.netty.channel.BootstrapHandlers$BootstrapInitializerHandler), (SimpleChannelPool$1#0 = io.netty.channel.pool.SimpleChannelPool$1), (reactor.left.httpCodec = io.netty.handler.codec.http.HttpClientCodec), (reactor.left.decompressor = io.netty.handler.codec.http.HttpContentDecompressor), (reactor.right.reactiveBridge = reactor.netty.channel.ChannelOperationsHandler)}
15:53:12.908 [reactor-http-nio-41] DEBUG reactor.netty.resources.PooledConnectionProvider - [id: 0x98e6ee9b] Created new pooled channel, now 0 active connections and 100 inactive connections
15:53:12.908 [reactor-http-nio-41] DEBUG reactor.netty.channel.BootstrapHandlers - [id: 0x98e6ee9b] Initialized pipeline DefaultChannelPipeline{(BootstrapHandlers$BootstrapInitializerHandler#0 = reactor.netty.channel.BootstrapHandlers$BootstrapInitializerHandler), (SimpleChannelPool$1#0 = io.netty.channel.pool.SimpleChannelPool$1), (reactor.left.httpCodec = io.netty.handler.codec.http.HttpClientCodec), (reactor.left.decompressor = io.netty.handler.codec.http.HttpContentDecompressor), (reactor.right.reactiveBridge = reactor.netty.channel.ChannelOperationsHandler)}
15:53:12.909 [reactor-http-nio-41] DEBUG reactor.netty.resources.PooledConnectionProvider - [id: 0xed0ba0e1] Created new pooled channel, now 0 active connections and 101 inactive connections
15:53:12.906 [reactor-http-nio-47] DEBUG reactor.netty.resources.PooledConnectionProvider - [id: 0xd1ebbc3a] Created new pooled channel, now 0 active connections and 99 inactive connections
15:53:12.910 [reactor-http-nio-41] DEBUG reactor.netty.channel.BootstrapHandlers - [id: 0xed0ba0e1] Initialized pipeline DefaultChannelPipeline{(BootstrapHandlers$BootstrapInitializerHandler#0 = reactor.netty.channel.BootstrapHandlers$BootstrapInitializerHandler), (SimpleChannelPool$1#0 = io.netty.channel.pool.SimpleChannelPool$1), (reactor.left.httpCodec = io.netty.handler.codec.http.HttpClientCodec), (reactor.left.decompressor = io.netty.handler.codec.http.HttpContentDecompressor), (reactor.right.reactiveBridge = reactor.netty.channel.ChannelOperationsHandler)}
15:53:12.910 [reactor-http-nio-47] DEBUG reactor.netty.channel.BootstrapHandlers - [id: 0xd1ebbc3a] Initialized pipeline DefaultChannelPipeline{(BootstrapHandlers$BootstrapInitializerHandler#0 = reactor.netty.channel.BootstrapHandlers$BootstrapInitializerHandler), (SimpleChannelPool$1#0 = io.netty.channel.pool.SimpleChannelPool$1), (reactor.left.httpCodec = io.netty.handler.codec.http.HttpClientCodec), (reactor.left.decompressor = io.netty.handler.codec.http.HttpContentDecompressor), (reactor.right.reactiveBridge = reactor.netty.channel.ChannelOperationsHandler)}
15:53:12.910 [reactor-http-nio-41] DEBUG reactor.netty.resources.PooledConnectionProvider - [id: 0x7ed84751] Created new pooled channel, now 0 active connections and 102 inactive connections
15:53:12.910 [reactor-http-nio-47] DEBUG reactor.netty.resources.PooledConnectionProvider - [id: 0x25d8fc77] Created new pooled channel, now 0 active connections and 103 inactive connections
15:53:12.910 [reactor-http-nio-41] DEBUG reactor.netty.channel.BootstrapHandlers - [id: 0x7ed84751] Initialized pipeline DefaultChannelPipeline{(BootstrapHandlers$BootstrapInitializerHandler#0 = reactor.netty.channel.BootstrapHandlers$BootstrapInitializerHandler), (SimpleChannelPool$1#0 = io.netty.channel.pool.SimpleChannelPool$1), (reactor.left.httpCodec = io.netty.handler.codec.http.HttpClientCodec), (reactor.left.decompressor = io.netty.handler.codec.http.HttpContentDecompressor), (reactor.right.reactiveBridge = reactor.netty.channel.ChannelOperationsHandler)}
15:53:12.911 [reactor-http-nio-47] DEBUG reactor.netty.channel.BootstrapHandlers - [id: 0x25d8fc77] Initialized pipeline DefaultChannelPipeline{(BootstrapHandlers$BootstrapInitializerHandler#0 = reactor.netty.channel.BootstrapHandlers$BootstrapInitializerHandler), (SimpleChannelPool$1#0 = io.netty.channel.pool.SimpleChannelPool$1), (reactor.left.httpCodec = io.netty.handler.codec.http.HttpClientCodec), (reactor.left.decompressor = io.netty.handler.codec.http.HttpContentDecompressor), (reactor.right.reactiveBridge = reactor.netty.channel.ChannelOperationsHandler)}
15:53:12.911 [reactor-http-nio-47] DEBUG reactor.netty.resources.PooledConnectionProvider - [id: 0xf30ad839] Created new pooled channel, now 0 active connections and 104 inactive connections
15:53:12.911 [reactor-http-nio-41] DEBUG reactor.netty.resources.PooledConnectionProvider - [id: 0x48fc4dd2] Created new pooled channel, now 0 active connections and 105 inactive connections
15:53:12.911 [reactor-http-nio-47] DEBUG reactor.netty.channel.BootstrapHandlers - [id: 0xf30ad839] Initialized pipeline DefaultChannelPipeline{(BootstrapHandlers$BootstrapInitializerHandler#0 = reactor.netty.channel.BootstrapHandlers$BootstrapInitializerHandler), (SimpleChannelPool$1#0 = io.netty.channel.pool.SimpleChannelPool$1), (reactor.left.httpCodec = io.netty.handler.codec.http.HttpClientCodec), (reactor.left.decompressor = io.netty.handler.codec.http.HttpContentDecompressor), (reactor.right.reactiveBridge = reactor.netty.channel.ChannelOperationsHandler)}
15:53:12.911 [reactor-http-nio-41] DEBUG reactor.netty.channel.BootstrapHandlers - [id: 0x48fc4dd2] Initialized pipeline DefaultChannelPipeline{(BootstrapHandlers$BootstrapInitializerHandler#0 = reactor.netty.channel.BootstrapHandlers$BootstrapInitializerHandler), (SimpleChannelPool$1#0 = io.netty.channel.pool.SimpleChannelPool$1), (reactor.left.httpCodec = io.netty.handler.codec.http.HttpClientCodec), (reactor.left.decompressor = io.netty.handler.codec.http.HttpContentDecompressor), (reactor.right.reactiveBridge = reactor.netty.channel.ChannelOperationsHandler)}
15:53:12.911 [reactor-http-nio-47] DEBUG reactor.netty.resources.PooledConnectionProvider - [id: 0x99bba80d] Created new pooled channel, now 0 active connections and 106 inactive connections
15:53:12.911 [reactor-http-nio-41] DEBUG reactor.netty.resources.PooledConnectionProvider - [id: 0x9f0a2ff5] Created new pooled channel, now 0 active connections and 107 inactive connections
15:53:12.912 [reactor-http-nio-41] DEBUG reactor.netty.channel.BootstrapHandlers - [id: 0x9f0a2ff5] Initialized pipeline DefaultChannelPipeline{(BootstrapHandlers$BootstrapInitializerHandler#0 = reactor.netty.channel.BootstrapHandlers$BootstrapInitializerHandler), (SimpleChannelPool$1#0 = io.netty.channel.pool.SimpleChannelPool$1), (reactor.left.httpCodec = io.netty.handler.codec.http.HttpClientCodec), (reactor.left.decompressor = io.netty.handler.codec.http.HttpContentDecompressor), (reactor.right.reactiveBridge = reactor.netty.channel.ChannelOperationsHandler)}
15:53:12.912 [reactor-http-nio-41] DEBUG reactor.netty.resources.PooledConnectionProvider - [id: 0x5c46e8f5] Created new pooled channel, now 0 active connections and 108 inactive connections
15:53:12.912 [reactor-http-nio-41] DEBUG reactor.netty.channel.BootstrapHandlers - [id: 0x5c46e8f5] Initialized pipeline DefaultChannelPipeline{(BootstrapHandlers$BootstrapInitializerHandler#0 = reactor.netty.channel.BootstrapHandlers$BootstrapInitializerHandler), (SimpleChannelPool$1#0 = io.netty.channel.pool.SimpleChannelPool$1), (reactor.left.httpCodec = io.netty.handler.codec.http.HttpClientCodec), (reactor.left.decompressor = io.netty.handler.codec.http.HttpContentDecompressor), (reactor.right.reactiveBridge = reactor.netty.channel.ChannelOperationsHandler)}
15:53:12.912 [reactor-http-nio-41] DEBUG reactor.netty.resources.PooledConnectionProvider - [id: 0x6c6e06d1] Created new pooled channel, now 0 active connections and 109 inactive connections
15:53:12.912 [reactor-http-nio-41] DEBUG reactor.netty.channel.BootstrapHandlers - [id: 0x6c6e06d1] Initialized pipeline DefaultChannelPipeline{(BootstrapHandlers$BootstrapInitializerHandler#0 = reactor.netty.channel.BootstrapHandlers$BootstrapInitializerHandler), (SimpleChannelPool$1#0 = io.netty.channel.pool.SimpleChannelPool$1), (reactor.left.httpCodec = io.netty.handler.codec.http.HttpClientCodec), (reactor.left.decompressor = io.netty.handler.codec.http.HttpContentDecompressor), (reactor.right.reactiveBridge = reactor.netty.channel.ChannelOperationsHandler)}
15:53:12.913 [reactor-http-nio-41] DEBUG reactor.netty.resources.PooledConnectionProvider - [id: 0x8ef5774d] Created new pooled channel, now 0 active connections and 110 inactive connections
15:53:12.913 [reactor-http-nio-41] DEBUG reactor.netty.channel.BootstrapHandlers - [id: 0x8ef5774d] Initialized pipeline DefaultChannelPipeline{(BootstrapHandlers$BootstrapInitializerHandler#0 = reactor.netty.channel.BootstrapHandlers$BootstrapInitializerHandler), (SimpleChannelPool$1#0 = io.netty.channel.pool.SimpleChannelPool$1), (reactor.left.httpCodec = io.netty.handler.codec.http.HttpClientCodec), (reactor.left.decompressor = io.netty.handler.codec.http.HttpContentDecompressor), (reactor.right.reactiveBridge = reactor.netty.channel.ChannelOperationsHandler)}
15:53:12.913 [reactor-http-nio-41] DEBUG reactor.netty.resources.PooledConnectionProvider - [id: 0x67f8f13a] Created new pooled channel, now 0 active connections and 111 inactive connections
15:53:12.913 [reactor-http-nio-41] DEBUG reactor.netty.channel.BootstrapHandlers - [id: 0x67f8f13a] Initialized pipeline DefaultChannelPipeline{(BootstrapHandlers$BootstrapInitializerHandler#0 = reactor.netty.channel.BootstrapHandlers$BootstrapInitializerHandler), (SimpleChannelPool$1#0 = io.netty.channel.pool.SimpleChannelPool$1), (reactor.left.httpCodec = io.netty.handler.codec.http.HttpClientCodec), (reactor.left.decompressor = io.netty.handler.codec.http.HttpContentDecompressor), (reactor.right.reactiveBridge = reactor.netty.channel.ChannelOperationsHandler)}
15:53:12.913 [reactor-http-nio-41] DEBUG reactor.netty.resources.PooledConnectionProvider - [id: 0x506c6088] Created new pooled channel, now 0 active connections and 112 inactive connections
15:53:12.914 [reactor-http-nio-41] DEBUG reactor.netty.channel.BootstrapHandlers - [id: 0x506c6088] Initialized pipeline DefaultChannelPipeline{(BootstrapHandlers$BootstrapInitializerHandler#0 = reactor.netty.channel.BootstrapHandlers$BootstrapInitializerHandler), (SimpleChannelPool$1#0 = io.netty.channel.pool.SimpleChannelPool$1), (reactor.left.httpCodec = io.netty.handler.codec.http.HttpClientCodec), (reactor.left.decompressor = io.netty.handler.codec.http.HttpContentDecompressor), (reactor.right.reactiveBridge = reactor.netty.channel.ChannelOperationsHandler)}
15:53:12.914 [reactor-http-nio-41] DEBUG reactor.netty.resources.PooledConnectionProvider - [id: 0x93777bf1] Created new pooled channel, now 0 active connections and 113 inactive connections
15:53:12.914 [reactor-http-nio-41] DEBUG reactor.netty.channel.BootstrapHandlers - [id: 0x93777bf1] Initialized pipeline DefaultChannelPipeline{(BootstrapHandlers$BootstrapInitializerHandler#0 = reactor.netty.channel.BootstrapHandlers$BootstrapInitializerHandler), (SimpleChannelPool$1#0 = io.netty.channel.pool.SimpleChannelPool$1), (reactor.left.httpCodec = io.netty.handler.codec.http.HttpClientCodec), (reactor.left.decompressor = io.netty.handler.codec.http.HttpContentDecompressor), (reactor.right.reactiveBridge = reactor.netty.channel.ChannelOperationsHandler)}
15:53:12.914 [reactor-http-nio-41] DEBUG reactor.netty.resources.PooledConnectionProvider - [id: 0x61097f73] Created new pooled channel, now 0 active connections and 114 inactive connections
15:53:12.914 [reactor-http-nio-41] DEBUG reactor.netty.channel.BootstrapHandlers - [id: 0x61097f73] Initialized pipeline DefaultChannelPipeline{(BootstrapHandlers$BootstrapInitializerHandler#0 = reactor.netty.channel.BootstrapHandlers$BootstrapInitializerHandler), (SimpleChannelPool$1#0 = io.netty.channel.pool.SimpleChannelPool$1), (reactor.left.httpCodec = io.netty.handler.codec.http.HttpClientCodec), (reactor.left.decompressor = io.netty.handler.codec.http.HttpContentDecompressor), (reactor.right.reactiveBridge = reactor.netty.channel.ChannelOperationsHandler)}
15:53:12.915 [reactor-http-nio-41] DEBUG reactor.netty.resources.PooledConnectionProvider - [id: 0xdcbf6f00] Created new pooled channel, now 0 active connections and 115 inactive connections
15:53:12.915 [reactor-http-nio-41] DEBUG reactor.netty.channel.BootstrapHandlers - [id: 0xdcbf6f00] Initialized pipeline DefaultChannelPipeline{(BootstrapHandlers$BootstrapInitializerHandler#0 = reactor.netty.channel.BootstrapHandlers$BootstrapInitializerHandler), (SimpleChannelPool$1#0 = io.netty.channel.pool.SimpleChannelPool$1), (reactor.left.httpCodec = io.netty.handler.codec.http.HttpClientCodec), (reactor.left.decompressor = io.netty.handler.codec.http.HttpContentDecompressor), (reactor.right.reactiveBridge = reactor.netty.channel.ChannelOperationsHandler)}
15:53:12.916 [reactor-http-nio-41] DEBUG reactor.netty.resources.PooledConnectionProvider - [id: 0xabcec1ab] Created new pooled channel, now 0 active connections and 116 inactive connections
15:53:12.916 [reactor-http-nio-41] DEBUG reactor.netty.channel.BootstrapHandlers - [id: 0xabcec1ab] Initialized pipeline DefaultChannelPipeline{(BootstrapHandlers$BootstrapInitializerHandler#0 = reactor.netty.channel.BootstrapHandlers$BootstrapInitializerHandler), (SimpleChannelPool$1#0 = io.netty.channel.pool.SimpleChannelPool$1), (reactor.left.httpCodec = io.netty.handler.codec.http.HttpClientCodec), (reactor.left.decompressor = io.netty.handler.codec.http.HttpContentDecompressor), (reactor.right.reactiveBridge = reactor.netty.channel.ChannelOperationsHandler)}
15:53:12.916 [reactor-http-nio-41] DEBUG reactor.netty.resources.PooledConnectionProvider - [id: 0x4f2e6241] Created new pooled channel, now 0 active connections and 117 inactive connections
15:53:12.916 [reactor-http-nio-41] DEBUG reactor.netty.channel.BootstrapHandlers - [id: 0x4f2e6241] Initialized pipeline DefaultChannelPipeline{(BootstrapHandlers$BootstrapInitializerHandler#0 = reactor.netty.channel.BootstrapHandlers$BootstrapInitializerHandler), (SimpleChannelPool$1#0 = io.netty.channel.pool.SimpleChannelPool$1), (reactor.left.httpCodec = io.netty.handler.codec.http.HttpClientCodec), (reactor.left.decompressor = io.netty.handler.codec.http.HttpContentDecompressor), (reactor.right.reactiveBridge = reactor.netty.channel.ChannelOperationsHandler)}
15:53:12.922 [reactor-http-nio-41] DEBUG reactor.netty.resources.PooledConnectionProvider - [id: 0xd240e1c5] Created new pooled channel, now 0 active connections and 118 inactive connections
15:53:12.922 [reactor-http-nio-41] DEBUG reactor.netty.channel.BootstrapHandlers - [id: 0xd240e1c5] Initialized pipeline DefaultChannelPipeline{(BootstrapHandlers$BootstrapInitializerHandler#0 = reactor.netty.channel.BootstrapHandlers$BootstrapInitializerHandler), (SimpleChannelPool$1#0 = io.netty.channel.pool.SimpleChannelPool$1), (reactor.left.httpCodec = io.netty.handler.codec.http.HttpClientCodec), (reactor.left.decompressor = io.netty.handler.codec.http.HttpContentDecompressor), (reactor.right.reactiveBridge = reactor.netty.channel.ChannelOperationsHandler)}
15:53:12.922 [reactor-http-nio-41] DEBUG reactor.netty.resources.PooledConnectionProvider - [id: 0x453fdead] Created new pooled channel, now 0 active connections and 119 inactive connections
15:53:12.922 [reactor-http-nio-41] DEBUG reactor.netty.channel.BootstrapHandlers - [id: 0x453fdead] Initialized pipeline DefaultChannelPipeline{(BootstrapHandlers$BootstrapInitializerHandler#0 = reactor.netty.channel.BootstrapHandlers$BootstrapInitializerHandler), (SimpleChannelPool$1#0 = io.netty.channel.pool.SimpleChannelPool$1), (reactor.left.httpCodec = io.netty.handler.codec.http.HttpClientCodec), (reactor.left.decompressor = io.netty.handler.codec.http.HttpContentDecompressor), (reactor.right.reactiveBridge = reactor.netty.channel.ChannelOperationsHandler)}
15:53:12.923 [reactor-http-nio-41] DEBUG reactor.netty.resources.PooledConnectionProvider - [id: 0x030e65b7] Created new pooled channel, now 0 active connections and 120 inactive connections
15:53:12.923 [reactor-http-nio-41] DEBUG reactor.netty.channel.BootstrapHandlers - [id: 0x030e65b7] Initialized pipeline DefaultChannelPipeline{(BootstrapHandlers$BootstrapInitializerHandler#0 = reactor.netty.channel.BootstrapHandlers$BootstrapInitializerHandler), (SimpleChannelPool$1#0 = io.netty.channel.pool.SimpleChannelPool$1), (reactor.left.httpCodec = io.netty.handler.codec.http.HttpClientCodec), (reactor.left.decompressor = io.netty.handler.codec.http.HttpContentDecompressor), (reactor.right.reactiveBridge = reactor.netty.channel.ChannelOperationsHandler)}
15:53:12.923 [reactor-http-nio-41] DEBUG reactor.netty.resources.PooledConnectionProvider - [id: 0xd0c6a217] Created new pooled channel, now 0 active connections and 121 inactive connections
15:53:12.923 [reactor-http-nio-41] DEBUG reactor.netty.channel.BootstrapHandlers - [id: 0xd0c6a217] Initialized pipeline DefaultChannelPipeline{(BootstrapHandlers$BootstrapInitializerHandler#0 = reactor.netty.channel.BootstrapHandlers$BootstrapInitializerHandler), (SimpleChannelPool$1#0 = io.netty.channel.pool.SimpleChannelPool$1), (reactor.left.httpCodec = io.netty.handler.codec.http.HttpClientCodec), (reactor.left.decompressor = io.netty.handler.codec.http.HttpContentDecompressor), (reactor.right.reactiveBridge = reactor.netty.channel.ChannelOperationsHandler)}
15:53:12.923 [reactor-http-nio-41] DEBUG reactor.netty.resources.PooledConnectionProvider - [id: 0x26eb73e5] Created new pooled channel, now 0 active connections and 122 inactive connections
15:53:12.923 [reactor-http-nio-41] DEBUG reactor.netty.channel.BootstrapHandlers - [id: 0x26eb73e5] Initialized pipeline DefaultChannelPipeline{(BootstrapHandlers$BootstrapInitializerHandler#0 = reactor.netty.channel.BootstrapHandlers$BootstrapInitializerHandler), (SimpleChannelPool$1#0 = io.netty.channel.pool.SimpleChannelPool$1), (reactor.left.httpCodec = io.netty.handler.codec.http.HttpClientCodec), (reactor.left.decompressor = io.netty.handler.codec.http.HttpContentDecompressor), (reactor.right.reactiveBridge = reactor.netty.channel.ChannelOperationsHandler)}
15:53:12.924 [reactor-http-nio-41] DEBUG reactor.netty.resources.PooledConnectionProvider - [id: 0x35480b9d] Created new pooled channel, now 0 active connections and 123 inactive connections
15:53:12.924 [reactor-http-nio-41] DEBUG reactor.netty.channel.BootstrapHandlers - [id: 0x35480b9d] Initialized pipeline DefaultChannelPipeline{(BootstrapHandlers$BootstrapInitializerHandler#0 = reactor.netty.channel.BootstrapHandlers$BootstrapInitializerHandler), (SimpleChannelPool$1#0 = io.netty.channel.pool.SimpleChannelPool$1), (reactor.left.httpCodec = io.netty.handler.codec.http.HttpClientCodec), (reactor.left.decompressor = io.netty.handler.codec.http.HttpContentDecompressor), (reactor.right.reactiveBridge = reactor.netty.channel.ChannelOperationsHandler)}
15:53:12.924 [reactor-http-nio-41] DEBUG reactor.netty.resources.PooledConnectionProvider - [id: 0x22744470] Created new pooled channel, now 0 active connections and 124 inactive connections
15:53:12.924 [reactor-http-nio-41] DEBUG reactor.netty.channel.BootstrapHandlers - [id: 0x22744470] Initialized pipeline DefaultChannelPipeline{(BootstrapHandlers$BootstrapInitializerHandler#0 = reactor.netty.channel.BootstrapHandlers$BootstrapInitializerHandler), (SimpleChannelPool$1#0 = io.netty.channel.pool.SimpleChannelPool$1), (reactor.left.httpCodec = io.netty.handler.codec.http.HttpClientCodec), (reactor.left.decompressor = io.netty.handler.codec.http.HttpContentDecompressor), (reactor.right.reactiveBridge = reactor.netty.channel.ChannelOperationsHandler)}
15:53:12.925 [reactor-http-nio-41] DEBUG reactor.netty.resources.PooledConnectionProvider - [id: 0x681d37cb] Created new pooled channel, now 0 active connections and 125 inactive connections
15:53:12.925 [reactor-http-nio-41] DEBUG reactor.netty.channel.BootstrapHandlers - [id: 0x681d37cb] Initialized pipeline DefaultChannelPipeline{(BootstrapHandlers$BootstrapInitializerHandler#0 = reactor.netty.channel.BootstrapHandlers$BootstrapInitializerHandler), (SimpleChannelPool$1#0 = io.netty.channel.pool.SimpleChannelPool$1), (reactor.left.httpCodec = io.netty.handler.codec.http.HttpClientCodec), (reactor.left.decompressor = io.netty.handler.codec.http.HttpContentDecompressor), (reactor.right.reactiveBridge = reactor.netty.channel.ChannelOperationsHandler)}
15:53:12.906 [reactor-http-nio-46] DEBUG reactor.netty.channel.BootstrapHandlers - [id: 0x36ae5eff] Initialized pipeline DefaultChannelPipeline{(BootstrapHandlers$BootstrapInitializerHandler#0 = reactor.netty.channel.BootstrapHandlers$BootstrapInitializerHandler), (SimpleChannelPool$1#0 = io.netty.channel.pool.SimpleChannelPool$1), (reactor.left.httpCodec = io.netty.handler.codec.http.HttpClientCodec), (reactor.left.decompressor = io.netty.handler.codec.http.HttpContentDecompressor), (reactor.right.reactiveBridge = reactor.netty.channel.ChannelOperationsHandler)}
15:53:12.926 [reactor-http-nio-46] DEBUG reactor.netty.resources.PooledConnectionProvider - [id: 0x9fb64b28] Created new pooled channel, now 0 active connections and 126 inactive connections
15:53:12.926 [reactor-http-nio-46] DEBUG reactor.netty.channel.BootstrapHandlers - [id: 0x9fb64b28] Initialized pipeline DefaultChannelPipeline{(BootstrapHandlers$BootstrapInitializerHandler#0 = reactor.netty.channel.BootstrapHandlers$BootstrapInitializerHandler), (SimpleChannelPool$1#0 = io.netty.channel.pool.SimpleChannelPool$1), (reactor.left.httpCodec = io.netty.handler.codec.http.HttpClientCodec), (reactor.left.decompressor = io.netty.handler.codec.http.HttpContentDecompressor), (reactor.right.reactiveBridge = reactor.netty.channel.ChannelOperationsHandler)}
15:53:12.927 [reactor-http-nio-46] DEBUG reactor.netty.resources.PooledConnectionProvider - [id: 0x33fe729d] Created new pooled channel, now 0 active connections and 127 inactive connections
15:53:12.927 [reactor-http-nio-46] DEBUG reactor.netty.channel.BootstrapHandlers - [id: 0x33fe729d] Initialized pipeline DefaultChannelPipeline{(BootstrapHandlers$BootstrapInitializerHandler#0 = reactor.netty.channel.BootstrapHandlers$BootstrapInitializerHandler), (SimpleChannelPool$1#0 = io.netty.channel.pool.SimpleChannelPool$1), (reactor.left.httpCodec = io.netty.handler.codec.http.HttpClientCodec), (reactor.left.decompressor = io.netty.handler.codec.http.HttpContentDecompressor), (reactor.right.reactiveBridge = reactor.netty.channel.ChannelOperationsHandler)}
15:53:12.929 [reactor-http-nio-46] DEBUG reactor.netty.resources.PooledConnectionProvider - [id: 0xed17734c] Created new pooled channel, now 0 active connections and 128 inactive connections
15:53:12.911 [reactor-http-nio-47] DEBUG reactor.netty.channel.BootstrapHandlers - [id: 0x99bba80d] Initialized pipeline DefaultChannelPipeline{(BootstrapHandlers$BootstrapInitializerHandler#0 = reactor.netty.channel.BootstrapHandlers$BootstrapInitializerHandler), (SimpleChannelPool$1#0 = io.netty.channel.pool.SimpleChannelPool$1), (reactor.left.httpCodec = io.netty.handler.codec.http.HttpClientCodec), (reactor.left.decompressor = io.netty.handler.codec.http.HttpContentDecompressor), (reactor.right.reactiveBridge = reactor.netty.channel.ChannelOperationsHandler)}
15:53:12.933 [reactor-http-nio-47] DEBUG reactor.netty.resources.PooledConnectionProvider - [id: 0xc1a60bcc] Created new pooled channel, now 0 active connections and 129 inactive connections
15:53:12.935 [reactor-http-nio-47] DEBUG reactor.netty.channel.BootstrapHandlers - [id: 0xc1a60bcc] Initialized pipeline DefaultChannelPipeline{(BootstrapHandlers$BootstrapInitializerHandler#0 = reactor.netty.channel.BootstrapHandlers$BootstrapInitializerHandler), (SimpleChannelPool$1#0 = io.netty.channel.pool.SimpleChannelPool$1), (reactor.left.httpCodec = io.netty.handler.codec.http.HttpClientCodec), (reactor.left.decompressor = io.netty.handler.codec.http.HttpContentDecompressor), (reactor.right.reactiveBridge = reactor.netty.channel.ChannelOperationsHandler)}
15:53:12.937 [reactor-http-nio-47] DEBUG reactor.netty.resources.PooledConnectionProvider - [id: 0x6caa1951] Created new pooled channel, now 0 active connections and 130 inactive connections
15:53:12.937 [reactor-http-nio-47] DEBUG reactor.netty.channel.BootstrapHandlers - [id: 0x6caa1951] Initialized pipeline DefaultChannelPipeline{(BootstrapHandlers$BootstrapInitializerHandler#0 = reactor.netty.channel.BootstrapHandlers$BootstrapInitializerHandler), (SimpleChannelPool$1#0 = io.netty.channel.pool.SimpleChannelPool$1), (reactor.left.httpCodec = io.netty.handler.codec.http.HttpClientCodec), (reactor.left.decompressor = io.netty.handler.codec.http.HttpContentDecompressor), (reactor.right.reactiveBridge = reactor.netty.channel.ChannelOperationsHandler)}
15:53:12.938 [reactor-http-nio-47] DEBUG reactor.netty.resources.PooledConnectionProvider - [id: 0x8cd960d5] Created new pooled channel, now 0 active connections and 131 inactive connections
15:53:12.938 [reactor-http-nio-47] DEBUG reactor.netty.channel.BootstrapHandlers - [id: 0x8cd960d5] Initialized pipeline DefaultChannelPipeline{(BootstrapHandlers$BootstrapInitializerHandler#0 = reactor.netty.channel.BootstrapHandlers$BootstrapInitializerHandler), (SimpleChannelPool$1#0 = io.netty.channel.pool.SimpleChannelPool$1), (reactor.left.httpCodec = io.netty.handler.codec.http.HttpClientCodec), (reactor.left.decompressor = io.netty.handler.codec.http.HttpContentDecompressor), (reactor.right.reactiveBridge = reactor.netty.channel.ChannelOperationsHandler)}
15:53:12.938 [reactor-http-nio-47] DEBUG reactor.netty.resources.PooledConnectionProvider - [id: 0x792d5066] Created new pooled channel, now 0 active connections and 132 inactive connections
15:53:12.938 [reactor-http-nio-47] DEBUG reactor.netty.channel.BootstrapHandlers - [id: 0x792d5066] Initialized pipeline DefaultChannelPipeline{(BootstrapHandlers$BootstrapInitializerHandler#0 = reactor.netty.channel.BootstrapHandlers$BootstrapInitializerHandler), (SimpleChannelPool$1#0 = io.netty.channel.pool.SimpleChannelPool$1), (reactor.left.httpCodec = io.netty.handler.codec.http.HttpClientCodec), (reactor.left.decompressor = io.netty.handler.codec.http.HttpContentDecompressor), (reactor.right.reactiveBridge = reactor.netty.channel.ChannelOperationsHandler)}
15:53:12.939 [reactor-http-nio-47] DEBUG reactor.netty.resources.PooledConnectionProvider - [id: 0xe671b81a] Created new pooled channel, now 0 active connections and 133 inactive connections
15:53:12.939 [reactor-http-nio-47] DEBUG reactor.netty.channel.BootstrapHandlers - [id: 0xe671b81a] Initialized pipeline DefaultChannelPipeline{(BootstrapHandlers$BootstrapInitializerHandler#0 = reactor.netty.channel.BootstrapHandlers$BootstrapInitializerHandler), (SimpleChannelPool$1#0 = io.netty.channel.pool.SimpleChannelPool$1), (reactor.left.httpCodec = io.netty.handler.codec.http.HttpClientCodec), (reactor.left.decompressor = io.netty.handler.codec.http.HttpContentDecompressor), (reactor.right.reactiveBridge = reactor.netty.channel.ChannelOperationsHandler)}
15:53:12.939 [reactor-http-nio-47] DEBUG reactor.netty.resources.PooledConnectionProvider - [id: 0x94ed7f01] Created new pooled channel, now 0 active connections and 134 inactive connections
15:53:12.939 [reactor-http-nio-47] DEBUG reactor.netty.channel.BootstrapHandlers - [id: 0x94ed7f01] Initialized pipeline DefaultChannelPipeline{(BootstrapHandlers$BootstrapInitializerHandler#0 = reactor.netty.channel.BootstrapHandlers$BootstrapInitializerHandler), (SimpleChannelPool$1#0 = io.netty.channel.pool.SimpleChannelPool$1), (reactor.left.httpCodec = io.netty.handler.codec.http.HttpClientCodec), (reactor.left.decompressor = io.netty.handler.codec.http.HttpContentDecompressor), (reactor.right.reactiveBridge = reactor.netty.channel.ChannelOperationsHandler)}
15:53:12.939 [reactor-http-nio-47] DEBUG reactor.netty.resources.PooledConnectionProvider - [id: 0xc3efdf02] Created new pooled channel, now 0 active connections and 135 inactive connections
15:53:12.939 [reactor-http-nio-47] DEBUG reactor.netty.channel.BootstrapHandlers - [id: 0xc3efdf02] Initialized pipeline DefaultChannelPipeline{(BootstrapHandlers$BootstrapInitializerHandler#0 = reactor.netty.channel.BootstrapHandlers$BootstrapInitializerHandler), (SimpleChannelPool$1#0 = io.netty.channel.pool.SimpleChannelPool$1), (reactor.left.httpCodec = io.netty.handler.codec.http.HttpClientCodec), (reactor.left.decompressor = io.netty.handler.codec.http.HttpContentDecompressor), (reactor.right.reactiveBridge = reactor.netty.channel.ChannelOperationsHandler)}
15:53:12.940 [reactor-http-nio-47] DEBUG reactor.netty.resources.PooledConnectionProvider - [id: 0x39a84d8e] Created new pooled channel, now 0 active connections and 136 inactive connections
15:53:12.940 [reactor-http-nio-47] DEBUG reactor.netty.channel.BootstrapHandlers - [id: 0x39a84d8e] Initialized pipeline DefaultChannelPipeline{(BootstrapHandlers$BootstrapInitializerHandler#0 = reactor.netty.channel.BootstrapHandlers$BootstrapInitializerHandler), (SimpleChannelPool$1#0 = io.netty.channel.pool.SimpleChannelPool$1), (reactor.left.httpCodec = io.netty.handler.codec.http.HttpClientCodec), (reactor.left.decompressor = io.netty.handler.codec.http.HttpContentDecompressor), (reactor.right.reactiveBridge = reactor.netty.channel.ChannelOperationsHandler)}
15:53:12.940 [reactor-http-nio-47] DEBUG reactor.netty.resources.PooledConnectionProvider - [id: 0x9cce547f] Created new pooled channel, now 0 active connections and 137 inactive connections
15:53:12.940 [reactor-http-nio-47] DEBUG reactor.netty.channel.BootstrapHandlers - [id: 0x9cce547f] Initialized pipeline DefaultChannelPipeline{(BootstrapHandlers$BootstrapInitializerHandler#0 = reactor.netty.channel.BootstrapHandlers$BootstrapInitializerHandler), (SimpleChannelPool$1#0 = io.netty.channel.pool.SimpleChannelPool$1), (reactor.left.httpCodec = io.netty.handler.codec.http.HttpClientCodec), (reactor.left.decompressor = io.netty.handler.codec.http.HttpContentDecompressor), (reactor.right.reactiveBridge = reactor.netty.channel.ChannelOperationsHandler)}
15:53:12.940 [reactor-http-nio-47] DEBUG reactor.netty.resources.PooledConnectionProvider - [id: 0x015d237e] Created new pooled channel, now 0 active connections and 138 inactive connections
15:53:12.941 [reactor-http-nio-47] DEBUG reactor.netty.channel.BootstrapHandlers - [id: 0x015d237e] Initialized pipeline DefaultChannelPipeline{(BootstrapHandlers$BootstrapInitializerHandler#0 = reactor.netty.channel.BootstrapHandlers$BootstrapInitializerHandler), (SimpleChannelPool$1#0 = io.netty.channel.pool.SimpleChannelPool$1), (reactor.left.httpCodec = io.netty.handler.codec.http.HttpClientCodec), (reactor.left.decompressor = io.netty.handler.codec.http.HttpContentDecompressor), (reactor.right.reactiveBridge = reactor.netty.channel.ChannelOperationsHandler)}
15:53:12.941 [reactor-http-nio-47] DEBUG reactor.netty.resources.PooledConnectionProvider - [id: 0x3b9f7ba5] Created new pooled channel, now 0 active connections and 139 inactive connections
15:53:12.941 [reactor-http-nio-47] DEBUG reactor.netty.channel.BootstrapHandlers - [id: 0x3b9f7ba5] Initialized pipeline DefaultChannelPipeline{(BootstrapHandlers$BootstrapInitializerHandler#0 = reactor.netty.channel.BootstrapHandlers$BootstrapInitializerHandler), (SimpleChannelPool$1#0 = io.netty.channel.pool.SimpleChannelPool$1), (reactor.left.httpCodec = io.netty.handler.codec.http.HttpClientCodec), (reactor.left.decompressor = io.netty.handler.codec.http.HttpContentDecompressor), (reactor.right.reactiveBridge = reactor.netty.channel.ChannelOperationsHandler)}
15:53:12.941 [reactor-http-nio-47] DEBUG reactor.netty.resources.PooledConnectionProvider - [id: 0xabb6df10] Created new pooled channel, now 0 active connections and 140 inactive connections
15:53:12.941 [reactor-http-nio-47] DEBUG reactor.netty.channel.BootstrapHandlers - [id: 0xabb6df10] Initialized pipeline DefaultChannelPipeline{(BootstrapHandlers$BootstrapInitializerHandler#0 = reactor.netty.channel.BootstrapHandlers$BootstrapInitializerHandler), (SimpleChannelPool$1#0 = io.netty.channel.pool.SimpleChannelPool$1), (reactor.left.httpCodec = io.netty.handler.codec.http.HttpClientCodec), (reactor.left.decompressor = io.netty.handler.codec.http.HttpContentDecompressor), (reactor.right.reactiveBridge = reactor.netty.channel.ChannelOperationsHandler)}
15:53:12.942 [reactor-http-nio-47] DEBUG reactor.netty.resources.PooledConnectionProvider - [id: 0x9ce465db] Created new pooled channel, now 0 active connections and 141 inactive connections
15:53:12.942 [reactor-http-nio-47] DEBUG reactor.netty.channel.BootstrapHandlers - [id: 0x9ce465db] Initialized pipeline DefaultChannelPipeline{(BootstrapHandlers$BootstrapInitializerHandler#0 = reactor.netty.channel.BootstrapHandlers$BootstrapInitializerHandler), (SimpleChannelPool$1#0 = io.netty.channel.pool.SimpleChannelPool$1), (reactor.left.httpCodec = io.netty.handler.codec.http.HttpClientCodec), (reactor.left.decompressor = io.netty.handler.codec.http.HttpContentDecompressor), (reactor.right.reactiveBridge = reactor.netty.channel.ChannelOperationsHandler)}
15:53:12.942 [reactor-http-nio-46] DEBUG reactor.netty.channel.BootstrapHandlers - [id: 0xed17734c] Initialized pipeline DefaultChannelPipeline{(BootstrapHandlers$BootstrapInitializerHandler#0 = reactor.netty.channel.BootstrapHandlers$BootstrapInitializerHandler), (SimpleChannelPool$1#0 = io.netty.channel.pool.SimpleChannelPool$1), (reactor.left.httpCodec = io.netty.handler.codec.http.HttpClientCodec), (reactor.left.decompressor = io.netty.handler.codec.http.HttpContentDecompressor), (reactor.right.reactiveBridge = reactor.netty.channel.ChannelOperationsHandler)}
15:53:12.942 [reactor-http-nio-47] DEBUG reactor.netty.resources.PooledConnectionProvider - [id: 0x6cb64786] Created new pooled channel, now 0 active connections and 142 inactive connections
15:53:12.942 [reactor-http-nio-46] DEBUG reactor.netty.resources.PooledConnectionProvider - [id: 0xbb1400e4] Created new pooled channel, now 0 active connections and 143 inactive connections
15:53:12.942 [reactor-http-nio-46] DEBUG reactor.netty.channel.BootstrapHandlers - [id: 0xbb1400e4] Initialized pipeline DefaultChannelPipeline{(BootstrapHandlers$BootstrapInitializerHandler#0 = reactor.netty.channel.BootstrapHandlers$BootstrapInitializerHandler), (SimpleChannelPool$1#0 = io.netty.channel.pool.SimpleChannelPool$1), (reactor.left.httpCodec = io.netty.handler.codec.http.HttpClientCodec), (reactor.left.decompressor = io.netty.handler.codec.http.HttpContentDecompressor), (reactor.right.reactiveBridge = reactor.netty.channel.ChannelOperationsHandler)}
15:53:12.943 [reactor-http-nio-46] DEBUG reactor.netty.resources.PooledConnectionProvider - [id: 0xe6317c04] Created new pooled channel, now 0 active connections and 144 inactive connections
15:53:12.942 [reactor-http-nio-47] DEBUG reactor.netty.channel.BootstrapHandlers - [id: 0x6cb64786] Initialized pipeline DefaultChannelPipeline{(BootstrapHandlers$BootstrapInitializerHandler#0 = reactor.netty.channel.BootstrapHandlers$BootstrapInitializerHandler), (SimpleChannelPool$1#0 = io.netty.channel.pool.SimpleChannelPool$1), (reactor.left.httpCodec = io.netty.handler.codec.http.HttpClientCodec), (reactor.left.decompressor = io.netty.handler.codec.http.HttpContentDecompressor), (reactor.right.reactiveBridge = reactor.netty.channel.ChannelOperationsHandler)}
15:53:12.944 [reactor-http-nio-46] DEBUG reactor.netty.channel.BootstrapHandlers - [id: 0xe6317c04] Initialized pipeline DefaultChannelPipeline{(BootstrapHandlers$BootstrapInitializerHandler#0 = reactor.netty.channel.BootstrapHandlers$BootstrapInitializerHandler), (SimpleChannelPool$1#0 = io.netty.channel.pool.SimpleChannelPool$1), (reactor.left.httpCodec = io.netty.handler.codec.http.HttpClientCodec), (reactor.left.decompressor = io.netty.handler.codec.http.HttpContentDecompressor), (reactor.right.reactiveBridge = reactor.netty.channel.ChannelOperationsHandler)}
15:53:12.944 [reactor-http-nio-46] DEBUG reactor.netty.resources.PooledConnectionProvider - [id: 0x2579fbf5] Created new pooled channel, now 0 active connections and 145 inactive connections
15:53:12.944 [reactor-http-nio-46] DEBUG reactor.netty.channel.BootstrapHandlers - [id: 0x2579fbf5] Initialized pipeline DefaultChannelPipeline{(BootstrapHandlers$BootstrapInitializerHandler#0 = reactor.netty.channel.BootstrapHandlers$BootstrapInitializerHandler), (SimpleChannelPool$1#0 = io.netty.channel.pool.SimpleChannelPool$1), (reactor.left.httpCodec = io.netty.handler.codec.http.HttpClientCodec), (reactor.left.decompressor = io.netty.handler.codec.http.HttpContentDecompressor), (reactor.right.reactiveBridge = reactor.netty.channel.ChannelOperationsHandler)}
15:53:12.944 [reactor-http-nio-46] DEBUG reactor.netty.resources.PooledConnectionProvider - [id: 0xca7f278b] Created new pooled channel, now 0 active connections and 146 inactive connections
15:53:12.944 [reactor-http-nio-47] DEBUG reactor.netty.resources.PooledConnectionProvider - [id: 0x26a43d3a] Created new pooled channel, now 0 active connections and 147 inactive connections
15:53:12.944 [reactor-http-nio-46] DEBUG reactor.netty.channel.BootstrapHandlers - [id: 0xca7f278b] Initialized pipeline DefaultChannelPipeline{(BootstrapHandlers$BootstrapInitializerHandler#0 = reactor.netty.channel.BootstrapHandlers$BootstrapInitializerHandler), (SimpleChannelPool$1#0 = io.netty.channel.pool.SimpleChannelPool$1), (reactor.left.httpCodec = io.netty.handler.codec.http.HttpClientCodec), (reactor.left.decompressor = io.netty.handler.codec.http.HttpContentDecompressor), (reactor.right.reactiveBridge = reactor.netty.channel.ChannelOperationsHandler)}
15:53:12.945 [reactor-http-nio-46] DEBUG reactor.netty.resources.PooledConnectionProvider - [id: 0xa4957f74] Created new pooled channel, now 0 active connections and 148 inactive connections
15:53:12.945 [reactor-http-nio-46] DEBUG reactor.netty.channel.BootstrapHandlers - [id: 0xa4957f74] Initialized pipeline DefaultChannelPipeline{(BootstrapHandlers$BootstrapInitializerHandler#0 = reactor.netty.channel.BootstrapHandlers$BootstrapInitializerHandler), (SimpleChannelPool$1#0 = io.netty.channel.pool.SimpleChannelPool$1), (reactor.left.httpCodec = io.netty.handler.codec.http.HttpClientCodec), (reactor.left.decompressor = io.netty.handler.codec.http.HttpContentDecompressor), (reactor.right.reactiveBridge = reactor.netty.channel.ChannelOperationsHandler)}
15:53:12.945 [reactor-http-nio-46] DEBUG reactor.netty.resources.PooledConnectionProvider - [id: 0xab4988d5] Created new pooled channel, now 0 active connections and 149 inactive connections
15:53:12.945 [reactor-http-nio-47] DEBUG reactor.netty.channel.BootstrapHandlers - [id: 0x26a43d3a] Initialized pipeline DefaultChannelPipeline{(BootstrapHandlers$BootstrapInitializerHandler#0 = reactor.netty.channel.BootstrapHandlers$BootstrapInitializerHandler), (SimpleChannelPool$1#0 = io.netty.channel.pool.SimpleChannelPool$1), (reactor.left.httpCodec = io.netty.handler.codec.http.HttpClientCodec), (reactor.left.decompressor = io.netty.handler.codec.http.HttpContentDecompressor), (reactor.right.reactiveBridge = reactor.netty.channel.ChannelOperationsHandler)}
15:53:12.945 [reactor-http-nio-46] DEBUG reactor.netty.channel.BootstrapHandlers - [id: 0xab4988d5] Initialized pipeline DefaultChannelPipeline{(BootstrapHandlers$BootstrapInitializerHandler#0 = reactor.netty.channel.BootstrapHandlers$BootstrapInitializerHandler), (SimpleChannelPool$1#0 = io.netty.channel.pool.SimpleChannelPool$1), (reactor.left.httpCodec = io.netty.handler.codec.http.HttpClientCodec), (reactor.left.decompressor = io.netty.handler.codec.http.HttpContentDecompressor), (reactor.right.reactiveBridge = reactor.netty.channel.ChannelOperationsHandler)}
15:53:12.945 [reactor-http-nio-47] DEBUG reactor.netty.resources.PooledConnectionProvider - [id: 0xd7682ef3] Created new pooled channel, now 0 active connections and 150 inactive connections
15:53:12.945 [reactor-http-nio-46] DEBUG reactor.netty.resources.PooledConnectionProvider - [id: 0x29677198] Created new pooled channel, now 0 active connections and 151 inactive connections
15:53:12.945 [reactor-http-nio-47] DEBUG reactor.netty.channel.BootstrapHandlers - [id: 0xd7682ef3] Initialized pipeline DefaultChannelPipeline{(BootstrapHandlers$BootstrapInitializerHandler#0 = reactor.netty.channel.BootstrapHandlers$BootstrapInitializerHandler), (SimpleChannelPool$1#0 = io.netty.channel.pool.SimpleChannelPool$1), (reactor.left.httpCodec = io.netty.handler.codec.http.HttpClientCodec), (reactor.left.decompressor = io.netty.handler.codec.http.HttpContentDecompressor), (reactor.right.reactiveBridge = reactor.netty.channel.ChannelOperationsHandler)}
15:53:12.945 [reactor-http-nio-46] DEBUG reactor.netty.channel.BootstrapHandlers - [id: 0x29677198] Initialized pipeline DefaultChannelPipeline{(BootstrapHandlers$BootstrapInitializerHandler#0 = reactor.netty.channel.BootstrapHandlers$BootstrapInitializerHandler), (SimpleChannelPool$1#0 = io.netty.channel.pool.SimpleChannelPool$1), (reactor.left.httpCodec = io.netty.handler.codec.http.HttpClientCodec), (reactor.left.decompressor = io.netty.handler.codec.http.HttpContentDecompressor), (reactor.right.reactiveBridge = reactor.netty.channel.ChannelOperationsHandler)}
15:53:12.946 [reactor-http-nio-47] DEBUG reactor.netty.resources.PooledConnectionProvider - [id: 0x9813afd7] Created new pooled channel, now 0 active connections and 152 inactive connections
15:53:12.946 [reactor-http-nio-46] DEBUG reactor.netty.resources.PooledConnectionProvider - [id: 0x07e2665a] Created new pooled channel, now 0 active connections and 153 inactive connections
15:53:12.946 [reactor-http-nio-47] DEBUG reactor.netty.channel.BootstrapHandlers - [id: 0x9813afd7] Initialized pipeline DefaultChannelPipeline{(BootstrapHandlers$BootstrapInitializerHandler#0 = reactor.netty.channel.BootstrapHandlers$BootstrapInitializerHandler), (SimpleChannelPool$1#0 = io.netty.channel.pool.SimpleChannelPool$1), (reactor.left.httpCodec = io.netty.handler.codec.http.HttpClientCodec), (reactor.left.decompressor = io.netty.handler.codec.http.HttpContentDecompressor), (reactor.right.reactiveBridge = reactor.netty.channel.ChannelOperationsHandler)}
15:53:12.946 [reactor-http-nio-47] DEBUG reactor.netty.resources.PooledConnectionProvider - [id: 0xd0f99d54] Created new pooled channel, now 0 active connections and 154 inactive connections
15:53:12.946 [reactor-http-nio-47] DEBUG reactor.netty.channel.BootstrapHandlers - [id: 0xd0f99d54] Initialized pipeline DefaultChannelPipeline{(BootstrapHandlers$BootstrapInitializerHandler#0 = reactor.netty.channel.BootstrapHandlers$BootstrapInitializerHandler), (SimpleChannelPool$1#0 = io.netty.channel.pool.SimpleChannelPool$1), (reactor.left.httpCodec = io.netty.handler.codec.http.HttpClientCodec), (reactor.left.decompressor = io.netty.handler.codec.http.HttpContentDecompressor), (reactor.right.reactiveBridge = reactor.netty.channel.ChannelOperationsHandler)}
15:53:12.946 [reactor-http-nio-47] DEBUG reactor.netty.resources.PooledConnectionProvider - [id: 0xab8c6a94] Created new pooled channel, now 0 active connections and 155 inactive connections
15:53:12.947 [reactor-http-nio-47] DEBUG reactor.netty.channel.BootstrapHandlers - [id: 0xab8c6a94] Initialized pipeline DefaultChannelPipeline{(BootstrapHandlers$BootstrapInitializerHandler#0 = reactor.netty.channel.BootstrapHandlers$BootstrapInitializerHandler), (SimpleChannelPool$1#0 = io.netty.channel.pool.SimpleChannelPool$1), (reactor.left.httpCodec = io.netty.handler.codec.http.HttpClientCodec), (reactor.left.decompressor = io.netty.handler.codec.http.HttpContentDecompressor), (reactor.right.reactiveBridge = reactor.netty.channel.ChannelOperationsHandler)}
15:53:12.947 [reactor-http-nio-47] DEBUG reactor.netty.resources.PooledConnectionProvider - [id: 0x502a9f84] Created new pooled channel, now 0 active connections and 156 inactive connections
15:53:12.947 [reactor-http-nio-47] DEBUG reactor.netty.channel.BootstrapHandlers - [id: 0x502a9f84] Initialized pipeline DefaultChannelPipeline{(BootstrapHandlers$BootstrapInitializerHandler#0 = reactor.netty.channel.BootstrapHandlers$BootstrapInitializerHandler), (SimpleChannelPool$1#0 = io.netty.channel.pool.SimpleChannelPool$1), (reactor.left.httpCodec = io.netty.handler.codec.http.HttpClientCodec), (reactor.left.decompressor = io.netty.handler.codec.http.HttpContentDecompressor), (reactor.right.reactiveBridge = reactor.netty.channel.ChannelOperationsHandler)}
15:53:12.947 [reactor-http-nio-47] DEBUG reactor.netty.resources.PooledConnectionProvider - [id: 0x5f2155e6] Created new pooled channel, now 0 active connections and 157 inactive connections
15:53:12.947 [reactor-http-nio-47] DEBUG reactor.netty.channel.BootstrapHandlers - [id: 0x5f2155e6] Initialized pipeline DefaultChannelPipeline{(BootstrapHandlers$BootstrapInitializerHandler#0 = reactor.netty.channel.BootstrapHandlers$BootstrapInitializerHandler), (SimpleChannelPool$1#0 = io.netty.channel.pool.SimpleChannelPool$1), (reactor.left.httpCodec = io.netty.handler.codec.http.HttpClientCodec), (reactor.left.decompressor = io.netty.handler.codec.http.HttpContentDecompressor), (reactor.right.reactiveBridge = reactor.netty.channel.ChannelOperationsHandler)}
15:53:12.948 [reactor-http-nio-47] DEBUG reactor.netty.resources.PooledConnectionProvider - [id: 0xeec1d289] Created new pooled channel, now 0 active connections and 158 inactive connections
15:53:12.948 [reactor-http-nio-47] DEBUG reactor.netty.channel.BootstrapHandlers - [id: 0xeec1d289] Initialized pipeline DefaultChannelPipeline{(BootstrapHandlers$BootstrapInitializerHandler#0 = reactor.netty.channel.BootstrapHandlers$BootstrapInitializerHandler), (SimpleChannelPool$1#0 = io.netty.channel.pool.SimpleChannelPool$1), (reactor.left.httpCodec = io.netty.handler.codec.http.HttpClientCodec), (reactor.left.decompressor = io.netty.handler.codec.http.HttpContentDecompressor), (reactor.right.reactiveBridge = reactor.netty.channel.ChannelOperationsHandler)}
15:53:12.948 [reactor-http-nio-47] DEBUG reactor.netty.resources.PooledConnectionProvider - [id: 0x0c88f8fd] Created new pooled channel, now 0 active connections and 159 inactive connections
15:53:12.946 [reactor-http-nio-46] DEBUG reactor.netty.channel.BootstrapHandlers - [id: 0x07e2665a] Initialized pipeline DefaultChannelPipeline{(BootstrapHandlers$BootstrapInitializerHandler#0 = reactor.netty.channel.BootstrapHandlers$BootstrapInitializerHandler), (SimpleChannelPool$1#0 = io.netty.channel.pool.SimpleChannelPool$1), (reactor.left.httpCodec = io.netty.handler.codec.http.HttpClientCodec), (reactor.left.decompressor = io.netty.handler.codec.http.HttpContentDecompressor), (reactor.right.reactiveBridge = reactor.netty.channel.ChannelOperationsHandler)}
15:53:12.948 [reactor-http-nio-47] DEBUG reactor.netty.channel.BootstrapHandlers - [id: 0x0c88f8fd] Initialized pipeline DefaultChannelPipeline{(BootstrapHandlers$BootstrapInitializerHandler#0 = reactor.netty.channel.BootstrapHandlers$BootstrapInitializerHandler), (SimpleChannelPool$1#0 = io.netty.channel.pool.SimpleChannelPool$1), (reactor.left.httpCodec = io.netty.handler.codec.http.HttpClientCodec), (reactor.left.decompressor = io.netty.handler.codec.http.HttpContentDecompressor), (reactor.right.reactiveBridge = reactor.netty.channel.ChannelOperationsHandler)}
15:53:12.948 [reactor-http-nio-47] DEBUG reactor.netty.resources.PooledConnectionProvider - [id: 0x31e144f5] Created new pooled channel, now 0 active connections and 160 inactive connections
15:53:12.948 [reactor-http-nio-47] DEBUG reactor.netty.channel.BootstrapHandlers - [id: 0x31e144f5] Initialized pipeline DefaultChannelPipeline{(BootstrapHandlers$BootstrapInitializerHandler#0 = reactor.netty.channel.BootstrapHandlers$BootstrapInitializerHandler), (SimpleChannelPool$1#0 = io.netty.channel.pool.SimpleChannelPool$1), (reactor.left.httpCodec = io.netty.handler.codec.http.HttpClientCodec), (reactor.left.decompressor = io.netty.handler.codec.http.HttpContentDecompressor), (reactor.right.reactiveBridge = reactor.netty.channel.ChannelOperationsHandler)}
15:53:12.949 [reactor-http-nio-47] DEBUG reactor.netty.resources.PooledConnectionProvider - [id: 0x6bded64c] Created new pooled channel, now 0 active connections and 161 inactive connections
15:53:12.949 [reactor-http-nio-47] DEBUG reactor.netty.channel.BootstrapHandlers - [id: 0x6bded64c] Initialized pipeline DefaultChannelPipeline{(BootstrapHandlers$BootstrapInitializerHandler#0 = reactor.netty.channel.BootstrapHandlers$BootstrapInitializerHandler), (SimpleChannelPool$1#0 = io.netty.channel.pool.SimpleChannelPool$1), (reactor.left.httpCodec = io.netty.handler.codec.http.HttpClientCodec), (reactor.left.decompressor = io.netty.handler.codec.http.HttpContentDecompressor), (reactor.right.reactiveBridge = reactor.netty.channel.ChannelOperationsHandler)}
15:53:12.949 [reactor-http-nio-47] DEBUG reactor.netty.resources.PooledConnectionProvider - [id: 0x7df89b85] Created new pooled channel, now 0 active connections and 162 inactive connections
15:53:12.949 [reactor-http-nio-47] DEBUG reactor.netty.channel.BootstrapHandlers - [id: 0x7df89b85] Initialized pipeline DefaultChannelPipeline{(BootstrapHandlers$BootstrapInitializerHandler#0 = reactor.netty.channel.BootstrapHandlers$BootstrapInitializerHandler), (SimpleChannelPool$1#0 = io.netty.channel.pool.SimpleChannelPool$1), (reactor.left.httpCodec = io.netty.handler.codec.http.HttpClientCodec), (reactor.left.decompressor = io.netty.handler.codec.http.HttpContentDecompressor), (reactor.right.reactiveBridge = reactor.netty.channel.ChannelOperationsHandler)}
15:53:12.949 [reactor-http-nio-47] DEBUG reactor.netty.resources.PooledConnectionProvider - [id: 0x70f8c72b] Created new pooled channel, now 0 active connections and 163 inactive connections
15:53:12.949 [reactor-http-nio-47] DEBUG reactor.netty.channel.BootstrapHandlers - [id: 0x70f8c72b] Initialized pipeline DefaultChannelPipeline{(BootstrapHandlers$BootstrapInitializerHandler#0 = reactor.netty.channel.BootstrapHandlers$BootstrapInitializerHandler), (SimpleChannelPool$1#0 = io.netty.channel.pool.SimpleChannelPool$1), (reactor.left.httpCodec = io.netty.handler.codec.http.HttpClientCodec), (reactor.left.decompressor = io.netty.handler.codec.http.HttpContentDecompressor), (reactor.right.reactiveBridge = reactor.netty.channel.ChannelOperationsHandler)}
15:53:12.950 [reactor-http-nio-47] DEBUG reactor.netty.resources.PooledConnectionProvider - [id: 0x0c4c7f0e] Created new pooled channel, now 0 active connections and 164 inactive connections
15:53:12.987 [reactor-http-nio-47] DEBUG reactor.netty.channel.BootstrapHandlers - [id: 0x0c4c7f0e] Initialized pipeline DefaultChannelPipeline{(BootstrapHandlers$BootstrapInitializerHandler#0 = reactor.netty.channel.BootstrapHandlers$BootstrapInitializerHandler), (SimpleChannelPool$1#0 = io.netty.channel.pool.SimpleChannelPool$1), (reactor.left.httpCodec = io.netty.handler.codec.http.HttpClientCodec), (reactor.left.decompressor = io.netty.handler.codec.http.HttpContentDecompressor), (reactor.right.reactiveBridge = reactor.netty.channel.ChannelOperationsHandler)}
15:53:12.987 [reactor-http-nio-47] DEBUG reactor.netty.resources.PooledConnectionProvider - [id: 0x7af5fc74] Created new pooled channel, now 0 active connections and 167 inactive connections
15:53:12.987 [reactor-http-nio-47] DEBUG reactor.netty.channel.BootstrapHandlers - [id: 0x7af5fc74] Initialized pipeline DefaultChannelPipeline{(BootstrapHandlers$BootstrapInitializerHandler#0 = reactor.netty.channel.BootstrapHandlers$BootstrapInitializerHandler), (SimpleChannelPool$1#0 = io.netty.channel.pool.SimpleChannelPool$1), (reactor.left.httpCodec = io.netty.handler.codec.http.HttpClientCodec), (reactor.left.decompressor = io.netty.handler.codec.http.HttpContentDecompressor), (reactor.right.reactiveBridge = reactor.netty.channel.ChannelOperationsHandler)}
15:53:12.987 [reactor-http-nio-47] DEBUG reactor.netty.resources.PooledConnectionProvider - [id: 0x2fcf1b2b] Created new pooled channel, now 0 active connections and 168 inactive connections
15:53:12.987 [reactor-http-nio-47] DEBUG reactor.netty.channel.BootstrapHandlers - [id: 0x2fcf1b2b] Initialized pipeline DefaultChannelPipeline{(BootstrapHandlers$BootstrapInitializerHandler#0 = reactor.netty.channel.BootstrapHandlers$BootstrapInitializerHandler), (SimpleChannelPool$1#0 = io.netty.channel.pool.SimpleChannelPool$1), (reactor.left.httpCodec = io.netty.handler.codec.http.HttpClientCodec), (reactor.left.decompressor = io.netty.handler.codec.http.HttpContentDecompressor), (reactor.right.reactiveBridge = reactor.netty.channel.ChannelOperationsHandler)}
15:53:12.950 [reactor-http-nio-48] DEBUG reactor.netty.resources.PooledConnectionProvider - [id: 0x6adf9794] Created new pooled channel, now 0 active connections and 165 inactive connections
15:53:12.988 [reactor-http-nio-48] DEBUG reactor.netty.channel.BootstrapHandlers - [id: 0x6adf9794] Initialized pipeline DefaultChannelPipeline{(BootstrapHandlers$BootstrapInitializerHandler#0 = reactor.netty.channel.BootstrapHandlers$BootstrapInitializerHandler), (SimpleChannelPool$1#0 = io.netty.channel.pool.SimpleChannelPool$1), (reactor.left.httpCodec = io.netty.handler.codec.http.HttpClientCodec), (reactor.left.decompressor = io.netty.handler.codec.http.HttpContentDecompressor), (reactor.right.reactiveBridge = reactor.netty.channel.ChannelOperationsHandler)}
15:53:12.988 [reactor-http-nio-48] DEBUG reactor.netty.resources.PooledConnectionProvider - [id: 0x19945800] Created new pooled channel, now 0 active connections and 170 inactive connections
15:53:12.988 [reactor-http-nio-48] DEBUG reactor.netty.channel.BootstrapHandlers - [id: 0x19945800] Initialized pipeline DefaultChannelPipeline{(BootstrapHandlers$BootstrapInitializerHandler#0 = reactor.netty.channel.BootstrapHandlers$BootstrapInitializerHandler), (SimpleChannelPool$1#0 = io.netty.channel.pool.SimpleChannelPool$1), (reactor.left.httpCodec = io.netty.handler.codec.http.HttpClientCodec), (reactor.left.decompressor = io.netty.handler.codec.http.HttpContentDecompressor), (reactor.right.reactiveBridge = reactor.netty.channel.ChannelOperationsHandler)}
15:53:12.988 [reactor-http-nio-48] DEBUG reactor.netty.resources.PooledConnectionProvider - [id: 0xa4f115eb] Created new pooled channel, now 0 active connections and 171 inactive connections
15:53:12.989 [reactor-http-nio-48] DEBUG reactor.netty.channel.BootstrapHandlers - [id: 0xa4f115eb] Initialized pipeline DefaultChannelPipeline{(BootstrapHandlers$BootstrapInitializerHandler#0 = reactor.netty.channel.BootstrapHandlers$BootstrapInitializerHandler), (SimpleChannelPool$1#0 = io.netty.channel.pool.SimpleChannelPool$1), (reactor.left.httpCodec = io.netty.handler.codec.http.HttpClientCodec), (reactor.left.decompressor = io.netty.handler.codec.http.HttpContentDecompressor), (reactor.right.reactiveBridge = reactor.netty.channel.ChannelOperationsHandler)}
15:53:12.989 [reactor-http-nio-48] DEBUG reactor.netty.resources.PooledConnectionProvider - [id: 0x76f33e80] Created new pooled channel, now 0 active connections and 172 inactive connections
15:53:12.989 [reactor-http-nio-48] DEBUG reactor.netty.channel.BootstrapHandlers - [id: 0x76f33e80] Initialized pipeline DefaultChannelPipeline{(BootstrapHandlers$BootstrapInitializerHandler#0 = reactor.netty.channel.BootstrapHandlers$BootstrapInitializerHandler), (SimpleChannelPool$1#0 = io.netty.channel.pool.SimpleChannelPool$1), (reactor.left.httpCodec = io.netty.handler.codec.http.HttpClientCodec), (reactor.left.decompressor = io.netty.handler.codec.http.HttpContentDecompressor), (reactor.right.reactiveBridge = reactor.netty.channel.ChannelOperationsHandler)}
15:53:12.990 [reactor-http-nio-48] DEBUG reactor.netty.resources.PooledConnectionProvider - [id: 0x023af947] Created new pooled channel, now 0 active connections and 173 inactive connections
15:53:12.990 [reactor-http-nio-48] DEBUG reactor.netty.channel.BootstrapHandlers - [id: 0x023af947] Initialized pipeline DefaultChannelPipeline{(BootstrapHandlers$BootstrapInitializerHandler#0 = reactor.netty.channel.BootstrapHandlers$BootstrapInitializerHandler), (SimpleChannelPool$1#0 = io.netty.channel.pool.SimpleChannelPool$1), (reactor.left.httpCodec = io.netty.handler.codec.http.HttpClientCodec), (reactor.left.decompressor = io.netty.handler.codec.http.HttpContentDecompressor), (reactor.right.reactiveBridge = reactor.netty.channel.ChannelOperationsHandler)}
15:53:12.990 [reactor-http-nio-48] DEBUG reactor.netty.resources.PooledConnectionProvider - [id: 0x7de42074] Created new pooled channel, now 0 active connections and 174 inactive connections
15:53:12.990 [reactor-http-nio-48] DEBUG reactor.netty.channel.BootstrapHandlers - [id: 0x7de42074] Initialized pipeline DefaultChannelPipeline{(BootstrapHandlers$BootstrapInitializerHandler#0 = reactor.netty.channel.BootstrapHandlers$BootstrapInitializerHandler), (SimpleChannelPool$1#0 = io.netty.channel.pool.SimpleChannelPool$1), (reactor.left.httpCodec = io.netty.handler.codec.http.HttpClientCodec), (reactor.left.decompressor = io.netty.handler.codec.http.HttpContentDecompressor), (reactor.right.reactiveBridge = reactor.netty.channel.ChannelOperationsHandler)}
15:53:12.990 [reactor-http-nio-48] DEBUG reactor.netty.resources.PooledConnectionProvider - [id: 0xcaa282b1] Created new pooled channel, now 0 active connections and 175 inactive connections
15:53:12.990 [reactor-http-nio-48] DEBUG reactor.netty.channel.BootstrapHandlers - [id: 0xcaa282b1] Initialized pipeline DefaultChannelPipeline{(BootstrapHandlers$BootstrapInitializerHandler#0 = reactor.netty.channel.BootstrapHandlers$BootstrapInitializerHandler), (SimpleChannelPool$1#0 = io.netty.channel.pool.SimpleChannelPool$1), (reactor.left.httpCodec = io.netty.handler.codec.http.HttpClientCodec), (reactor.left.decompressor = io.netty.handler.codec.http.HttpContentDecompressor), (reactor.right.reactiveBridge = reactor.netty.channel.ChannelOperationsHandler)}
15:53:12.991 [reactor-http-nio-48] DEBUG reactor.netty.resources.PooledConnectionProvider - [id: 0xaf6e9f28] Created new pooled channel, now 0 active connections and 176 inactive connections
15:53:12.991 [reactor-http-nio-48] DEBUG reactor.netty.channel.BootstrapHandlers - [id: 0xaf6e9f28] Initialized pipeline DefaultChannelPipeline{(BootstrapHandlers$BootstrapInitializerHandler#0 = reactor.netty.channel.BootstrapHandlers$BootstrapInitializerHandler), (SimpleChannelPool$1#0 = io.netty.channel.pool.SimpleChannelPool$1), (reactor.left.httpCodec = io.netty.handler.codec.http.HttpClientCodec), (reactor.left.decompressor = io.netty.handler.codec.http.HttpContentDecompressor), (reactor.right.reactiveBridge = reactor.netty.channel.ChannelOperationsHandler)}
15:53:12.991 [reactor-http-nio-48] DEBUG reactor.netty.resources.PooledConnectionProvider - [id: 0x19564f56] Created new pooled channel, now 0 active connections and 177 inactive connections
15:53:12.991 [reactor-http-nio-48] DEBUG reactor.netty.channel.BootstrapHandlers - [id: 0x19564f56] Initialized pipeline DefaultChannelPipeline{(BootstrapHandlers$BootstrapInitializerHandler#0 = reactor.netty.channel.BootstrapHandlers$BootstrapInitializerHandler), (SimpleChannelPool$1#0 = io.netty.channel.pool.SimpleChannelPool$1), (reactor.left.httpCodec = io.netty.handler.codec.http.HttpClientCodec), (reactor.left.decompressor = io.netty.handler.codec.http.HttpContentDecompressor), (reactor.right.reactiveBridge = reactor.netty.channel.ChannelOperationsHandler)}
15:53:12.991 [reactor-http-nio-48] DEBUG reactor.netty.resources.PooledConnectionProvider - [id: 0x43576e4f] Created new pooled channel, now 0 active connections and 178 inactive connections
15:53:12.991 [reactor-http-nio-48] DEBUG reactor.netty.channel.BootstrapHandlers - [id: 0x43576e4f] Initialized pipeline DefaultChannelPipeline{(BootstrapHandlers$BootstrapInitializerHandler#0 = reactor.netty.channel.BootstrapHandlers$BootstrapInitializerHandler), (SimpleChannelPool$1#0 = io.netty.channel.pool.SimpleChannelPool$1), (reactor.left.httpCodec = io.netty.handler.codec.http.HttpClientCodec), (reactor.left.decompressor = io.netty.handler.codec.http.HttpContentDecompressor), (reactor.right.reactiveBridge = reactor.netty.channel.ChannelOperationsHandler)}
15:53:12.992 [reactor-http-nio-48] DEBUG reactor.netty.resources.PooledConnectionProvider - [id: 0x9c9e122e] Created new pooled channel, now 0 active connections and 179 inactive connections
15:53:12.992 [reactor-http-nio-48] DEBUG reactor.netty.channel.BootstrapHandlers - [id: 0x9c9e122e] Initialized pipeline DefaultChannelPipeline{(BootstrapHandlers$BootstrapInitializerHandler#0 = reactor.netty.channel.BootstrapHandlers$BootstrapInitializerHandler), (SimpleChannelPool$1#0 = io.netty.channel.pool.SimpleChannelPool$1), (reactor.left.httpCodec = io.netty.handler.codec.http.HttpClientCodec), (reactor.left.decompressor = io.netty.handler.codec.http.HttpContentDecompressor), (reactor.right.reactiveBridge = reactor.netty.channel.ChannelOperationsHandler)}
15:53:12.992 [reactor-http-nio-48] DEBUG reactor.netty.resources.PooledConnectionProvider - [id: 0xa530ca4b] Created new pooled channel, now 0 active connections and 180 inactive connections
15:53:12.992 [reactor-http-nio-48] DEBUG reactor.netty.channel.BootstrapHandlers - [id: 0xa530ca4b] Initialized pipeline DefaultChannelPipeline{(BootstrapHandlers$BootstrapInitializerHandler#0 = reactor.netty.channel.BootstrapHandlers$BootstrapInitializerHandler), (SimpleChannelPool$1#0 = io.netty.channel.pool.SimpleChannelPool$1), (reactor.left.httpCodec = io.netty.handler.codec.http.HttpClientCodec), (reactor.left.decompressor = io.netty.handler.codec.http.HttpContentDecompressor), (reactor.right.reactiveBridge = reactor.netty.channel.ChannelOperationsHandler)}
15:53:12.992 [reactor-http-nio-48] DEBUG reactor.netty.resources.PooledConnectionProvider - [id: 0x735db106] Created new pooled channel, now 0 active connections and 181 inactive connections
15:53:12.988 [reactor-http-nio-47] DEBUG reactor.netty.resources.PooledConnectionProvider - [id: 0xcb5559ed] Created new pooled channel, now 0 active connections and 169 inactive connections
15:53:12.992 [reactor-http-nio-48] DEBUG reactor.netty.channel.BootstrapHandlers - [id: 0x735db106] Initialized pipeline DefaultChannelPipeline{(BootstrapHandlers$BootstrapInitializerHandler#0 = reactor.netty.channel.BootstrapHandlers$BootstrapInitializerHandler), (SimpleChannelPool$1#0 = io.netty.channel.pool.SimpleChannelPool$1), (reactor.left.httpCodec = io.netty.handler.codec.http.HttpClientCodec), (reactor.left.decompressor = io.netty.handler.codec.http.HttpContentDecompressor), (reactor.right.reactiveBridge = reactor.netty.channel.ChannelOperationsHandler)}
15:53:12.993 [reactor-http-nio-47] DEBUG reactor.netty.channel.BootstrapHandlers - [id: 0xcb5559ed] Initialized pipeline DefaultChannelPipeline{(BootstrapHandlers$BootstrapInitializerHandler#0 = reactor.netty.channel.BootstrapHandlers$BootstrapInitializerHandler), (SimpleChannelPool$1#0 = io.netty.channel.pool.SimpleChannelPool$1), (reactor.left.httpCodec = io.netty.handler.codec.http.HttpClientCodec), (reactor.left.decompressor = io.netty.handler.codec.http.HttpContentDecompressor), (reactor.right.reactiveBridge = reactor.netty.channel.ChannelOperationsHandler)}
15:53:12.993 [reactor-http-nio-48] DEBUG reactor.netty.resources.PooledConnectionProvider - [id: 0x4874d701] Created new pooled channel, now 0 active connections and 182 inactive connections
15:53:12.993 [reactor-http-nio-47] DEBUG reactor.netty.resources.PooledConnectionProvider - [id: 0xd62fd8aa] Created new pooled channel, now 0 active connections and 183 inactive connections
15:53:12.993 [reactor-http-nio-48] DEBUG reactor.netty.channel.BootstrapHandlers - [id: 0x4874d701] Initialized pipeline DefaultChannelPipeline{(BootstrapHandlers$BootstrapInitializerHandler#0 = reactor.netty.channel.BootstrapHandlers$BootstrapInitializerHandler), (SimpleChannelPool$1#0 = io.netty.channel.pool.SimpleChannelPool$1), (reactor.left.httpCodec = io.netty.handler.codec.http.HttpClientCodec), (reactor.left.decompressor = io.netty.handler.codec.http.HttpContentDecompressor), (reactor.right.reactiveBridge = reactor.netty.channel.ChannelOperationsHandler)}
15:53:12.993 [reactor-http-nio-47] DEBUG reactor.netty.channel.BootstrapHandlers - [id: 0xd62fd8aa] Initialized pipeline DefaultChannelPipeline{(BootstrapHandlers$BootstrapInitializerHandler#0 = reactor.netty.channel.BootstrapHandlers$BootstrapInitializerHandler), (SimpleChannelPool$1#0 = io.netty.channel.pool.SimpleChannelPool$1), (reactor.left.httpCodec = io.netty.handler.codec.http.HttpClientCodec), (reactor.left.decompressor = io.netty.handler.codec.http.HttpContentDecompressor), (reactor.right.reactiveBridge = reactor.netty.channel.ChannelOperationsHandler)}
15:53:12.993 [reactor-http-nio-48] DEBUG reactor.netty.resources.PooledConnectionProvider - [id: 0x342e84c9] Created new pooled channel, now 0 active connections and 184 inactive connections
15:53:12.993 [reactor-http-nio-47] DEBUG reactor.netty.resources.PooledConnectionProvider - [id: 0x58b4f0a0] Created new pooled channel, now 0 active connections and 185 inactive connections
15:53:12.993 [reactor-http-nio-48] DEBUG reactor.netty.channel.BootstrapHandlers - [id: 0x342e84c9] Initialized pipeline DefaultChannelPipeline{(BootstrapHandlers$BootstrapInitializerHandler#0 = reactor.netty.channel.BootstrapHandlers$BootstrapInitializerHandler), (SimpleChannelPool$1#0 = io.netty.channel.pool.SimpleChannelPool$1), (reactor.left.httpCodec = io.netty.handler.codec.http.HttpClientCodec), (reactor.left.decompressor = io.netty.handler.codec.http.HttpContentDecompressor), (reactor.right.reactiveBridge = reactor.netty.channel.ChannelOperationsHandler)}
15:53:12.993 [reactor-http-nio-47] DEBUG reactor.netty.channel.BootstrapHandlers - [id: 0x58b4f0a0] Initialized pipeline DefaultChannelPipeline{(BootstrapHandlers$BootstrapInitializerHandler#0 = reactor.netty.channel.BootstrapHandlers$BootstrapInitializerHandler), (SimpleChannelPool$1#0 = io.netty.channel.pool.SimpleChannelPool$1), (reactor.left.httpCodec = io.netty.handler.codec.http.HttpClientCodec), (reactor.left.decompressor = io.netty.handler.codec.http.HttpContentDecompressor), (reactor.right.reactiveBridge = reactor.netty.channel.ChannelOperationsHandler)}
15:53:12.993 [reactor-http-nio-48] DEBUG reactor.netty.resources.PooledConnectionProvider - [id: 0xa37fa9fc] Created new pooled channel, now 0 active connections and 186 inactive connections
15:53:12.993 [reactor-http-nio-48] DEBUG reactor.netty.channel.BootstrapHandlers - [id: 0xa37fa9fc] Initialized pipeline DefaultChannelPipeline{(BootstrapHandlers$BootstrapInitializerHandler#0 = reactor.netty.channel.BootstrapHandlers$BootstrapInitializerHandler), (SimpleChannelPool$1#0 = io.netty.channel.pool.SimpleChannelPool$1), (reactor.left.httpCodec = io.netty.handler.codec.http.HttpClientCodec), (reactor.left.decompressor = io.netty.handler.codec.http.HttpContentDecompressor), (reactor.right.reactiveBridge = reactor.netty.channel.ChannelOperationsHandler)}
15:53:12.993 [reactor-http-nio-48] DEBUG reactor.netty.resources.PooledConnectionProvider - [id: 0xe14cc15c] Created new pooled channel, now 0 active connections and 187 inactive connections
15:53:12.994 [reactor-http-nio-48] DEBUG reactor.netty.channel.BootstrapHandlers - [id: 0xe14cc15c] Initialized pipeline DefaultChannelPipeline{(BootstrapHandlers$BootstrapInitializerHandler#0 = reactor.netty.channel.BootstrapHandlers$BootstrapInitializerHandler), (SimpleChannelPool$1#0 = io.netty.channel.pool.SimpleChannelPool$1), (reactor.left.httpCodec = io.netty.handler.codec.http.HttpClientCodec), (reactor.left.decompressor = io.netty.handler.codec.http.HttpContentDecompressor), (reactor.right.reactiveBridge = reactor.netty.channel.ChannelOperationsHandler)}
15:53:12.994 [reactor-http-nio-48] DEBUG reactor.netty.resources.PooledConnectionProvider - [id: 0x81d5694b] Created new pooled channel, now 0 active connections and 188 inactive connections
15:53:12.994 [reactor-http-nio-48] DEBUG reactor.netty.channel.BootstrapHandlers - [id: 0x81d5694b] Initialized pipeline DefaultChannelPipeline{(BootstrapHandlers$BootstrapInitializerHandler#0 = reactor.netty.channel.BootstrapHandlers$BootstrapInitializerHandler), (SimpleChannelPool$1#0 = io.netty.channel.pool.SimpleChannelPool$1), (reactor.left.httpCodec = io.netty.handler.codec.http.HttpClientCodec), (reactor.left.decompressor = io.netty.handler.codec.http.HttpContentDecompressor), (reactor.right.reactiveBridge = reactor.netty.channel.ChannelOperationsHandler)}
15:53:12.994 [reactor-http-nio-48] DEBUG reactor.netty.resources.PooledConnectionProvider - [id: 0xb526d959] Created new pooled channel, now 0 active connections and 189 inactive connections
15:53:12.994 [reactor-http-nio-47] DEBUG reactor.netty.resources.PooledConnectionProvider - [id: 0x16e996b4] Created new pooled channel, now 0 active connections and 190 inactive connections
15:53:12.994 [reactor-http-nio-48] DEBUG reactor.netty.channel.BootstrapHandlers - [id: 0xb526d959] Initialized pipeline DefaultChannelPipeline{(BootstrapHandlers$BootstrapInitializerHandler#0 = reactor.netty.channel.BootstrapHandlers$BootstrapInitializerHandler), (SimpleChannelPool$1#0 = io.netty.channel.pool.SimpleChannelPool$1), (reactor.left.httpCodec = io.netty.handler.codec.http.HttpClientCodec), (reactor.left.decompressor = io.netty.handler.codec.http.HttpContentDecompressor), (reactor.right.reactiveBridge = reactor.netty.channel.ChannelOperationsHandler)}
15:53:12.994 [reactor-http-nio-47] DEBUG reactor.netty.channel.BootstrapHandlers - [id: 0x16e996b4] Initialized pipeline DefaultChannelPipeline{(BootstrapHandlers$BootstrapInitializerHandler#0 = reactor.netty.channel.BootstrapHandlers$BootstrapInitializerHandler), (SimpleChannelPool$1#0 = io.netty.channel.pool.SimpleChannelPool$1), (reactor.left.httpCodec = io.netty.handler.codec.http.HttpClientCodec), (reactor.left.decompressor = io.netty.handler.codec.http.HttpContentDecompressor), (reactor.right.reactiveBridge = reactor.netty.channel.ChannelOperationsHandler)}
15:53:12.994 [reactor-http-nio-48] DEBUG reactor.netty.resources.PooledConnectionProvider - [id: 0x4146066f] Created new pooled channel, now 0 active connections and 191 inactive connections
15:53:12.994 [reactor-http-nio-47] DEBUG reactor.netty.resources.PooledConnectionProvider - [id: 0xa74b43bb] Created new pooled channel, now 0 active connections and 192 inactive connections
15:53:12.994 [reactor-http-nio-48] DEBUG reactor.netty.channel.BootstrapHandlers - [id: 0x4146066f] Initialized pipeline DefaultChannelPipeline{(BootstrapHandlers$BootstrapInitializerHandler#0 = reactor.netty.channel.BootstrapHandlers$BootstrapInitializerHandler), (SimpleChannelPool$1#0 = io.netty.channel.pool.SimpleChannelPool$1), (reactor.left.httpCodec = io.netty.handler.codec.http.HttpClientCodec), (reactor.left.decompressor = io.netty.handler.codec.http.HttpContentDecompressor), (reactor.right.reactiveBridge = reactor.netty.channel.ChannelOperationsHandler)}
15:53:12.995 [reactor-http-nio-48] DEBUG reactor.netty.resources.PooledConnectionProvider - [id: 0x4f10c9bb] Created new pooled channel, now 0 active connections and 193 inactive connections
15:53:12.995 [reactor-http-nio-48] DEBUG reactor.netty.channel.BootstrapHandlers - [id: 0x4f10c9bb] Initialized pipeline DefaultChannelPipeline{(BootstrapHandlers$BootstrapInitializerHandler#0 = reactor.netty.channel.BootstrapHandlers$BootstrapInitializerHandler), (SimpleChannelPool$1#0 = io.netty.channel.pool.SimpleChannelPool$1), (reactor.left.httpCodec = io.netty.handler.codec.http.HttpClientCodec), (reactor.left.decompressor = io.netty.handler.codec.http.HttpContentDecompressor), (reactor.right.reactiveBridge = reactor.netty.channel.ChannelOperationsHandler)}
15:53:12.995 [reactor-http-nio-48] DEBUG reactor.netty.resources.PooledConnectionProvider - [id: 0x95b5a580] Created new pooled channel, now 0 active connections and 194 inactive connections
15:53:12.995 [reactor-http-nio-48] DEBUG reactor.netty.channel.BootstrapHandlers - [id: 0x95b5a580] Initialized pipeline DefaultChannelPipeline{(BootstrapHandlers$BootstrapInitializerHandler#0 = reactor.netty.channel.BootstrapHandlers$BootstrapInitializerHandler), (SimpleChannelPool$1#0 = io.netty.channel.pool.SimpleChannelPool$1), (reactor.left.httpCodec = io.netty.handler.codec.http.HttpClientCodec), (reactor.left.decompressor = io.netty.handler.codec.http.HttpContentDecompressor), (reactor.right.reactiveBridge = reactor.netty.channel.ChannelOperationsHandler)}
15:53:12.995 [reactor-http-nio-48] DEBUG reactor.netty.resources.PooledConnectionProvider - [id: 0x8875bf90] Created new pooled channel, now 0 active connections and 195 inactive connections
15:53:12.995 [reactor-http-nio-48] DEBUG reactor.netty.channel.BootstrapHandlers - [id: 0x8875bf90] Initialized pipeline DefaultChannelPipeline{(BootstrapHandlers$BootstrapInitializerHandler#0 = reactor.netty.channel.BootstrapHandlers$BootstrapInitializerHandler), (SimpleChannelPool$1#0 = io.netty.channel.pool.SimpleChannelPool$1), (reactor.left.httpCodec = io.netty.handler.codec.http.HttpClientCodec), (reactor.left.decompressor = io.netty.handler.codec.http.HttpContentDecompressor), (reactor.right.reactiveBridge = reactor.netty.channel.ChannelOperationsHandler)}
15:53:12.996 [reactor-http-nio-48] DEBUG reactor.netty.resources.PooledConnectionProvider - [id: 0xe73f3e74] Created new pooled channel, now 0 active connections and 196 inactive connections
15:53:12.996 [reactor-http-nio-48] DEBUG reactor.netty.channel.BootstrapHandlers - [id: 0xe73f3e74] Initialized pipeline DefaultChannelPipeline{(BootstrapHandlers$BootstrapInitializerHandler#0 = reactor.netty.channel.BootstrapHandlers$BootstrapInitializerHandler), (SimpleChannelPool$1#0 = io.netty.channel.pool.SimpleChannelPool$1), (reactor.left.httpCodec = io.netty.handler.codec.http.HttpClientCodec), (reactor.left.decompressor = io.netty.handler.codec.http.HttpContentDecompressor), (reactor.right.reactiveBridge = reactor.netty.channel.ChannelOperationsHandler)}
15:53:12.996 [reactor-http-nio-48] DEBUG reactor.netty.resources.PooledConnectionProvider - [id: 0x6bf3117b] Created new pooled channel, now 0 active connections and 197 inactive connections
15:53:12.996 [reactor-http-nio-48] DEBUG reactor.netty.channel.BootstrapHandlers - [id: 0x6bf3117b] Initialized pipeline DefaultChannelPipeline{(BootstrapHandlers$BootstrapInitializerHandler#0 = reactor.netty.channel.BootstrapHandlers$BootstrapInitializerHandler), (SimpleChannelPool$1#0 = io.netty.channel.pool.SimpleChannelPool$1), (reactor.left.httpCodec = io.netty.handler.codec.http.HttpClientCodec), (reactor.left.decompressor = io.netty.handler.codec.http.HttpContentDecompressor), (reactor.right.reactiveBridge = reactor.netty.channel.ChannelOperationsHandler)}
15:53:12.996 [reactor-http-nio-48] DEBUG reactor.netty.resources.PooledConnectionProvider - [id: 0xd41b941e] Created new pooled channel, now 0 active connections and 198 inactive connections
15:53:12.996 [reactor-http-nio-48] DEBUG reactor.netty.channel.BootstrapHandlers - [id: 0xd41b941e] Initialized pipeline DefaultChannelPipeline{(BootstrapHandlers$BootstrapInitializerHandler#0 = reactor.netty.channel.BootstrapHandlers$BootstrapInitializerHandler), (SimpleChannelPool$1#0 = io.netty.channel.pool.SimpleChannelPool$1), (reactor.left.httpCodec = io.netty.handler.codec.http.HttpClientCodec), (reactor.left.decompressor = io.netty.handler.codec.http.HttpContentDecompressor), (reactor.right.reactiveBridge = reactor.netty.channel.ChannelOperationsHandler)}
15:53:12.997 [reactor-http-nio-48] DEBUG reactor.netty.resources.PooledConnectionProvider - [id: 0x57866369] Created new pooled channel, now 0 active connections and 199 inactive connections
15:53:12.997 [reactor-http-nio-48] DEBUG reactor.netty.channel.BootstrapHandlers - [id: 0x57866369] Initialized pipeline DefaultChannelPipeline{(BootstrapHandlers$BootstrapInitializerHandler#0 = reactor.netty.channel.BootstrapHandlers$BootstrapInitializerHandler), (SimpleChannelPool$1#0 = io.netty.channel.pool.SimpleChannelPool$1), (reactor.left.httpCodec = io.netty.handler.codec.http.HttpClientCodec), (reactor.left.decompressor = io.netty.handler.codec.http.HttpContentDecompressor), (reactor.right.reactiveBridge = reactor.netty.channel.ChannelOperationsHandler)}
15:53:12.997 [reactor-http-nio-48] DEBUG reactor.netty.resources.PooledConnectionProvider - [id: 0x357960ae] Created new pooled channel, now 0 active connections and 200 inactive connections
15:53:12.997 [reactor-http-nio-48] DEBUG reactor.netty.channel.BootstrapHandlers - [id: 0x357960ae] Initialized pipeline DefaultChannelPipeline{(BootstrapHandlers$BootstrapInitializerHandler#0 = reactor.netty.channel.BootstrapHandlers$BootstrapInitializerHandler), (SimpleChannelPool$1#0 = io.netty.channel.pool.SimpleChannelPool$1), (reactor.left.httpCodec = io.netty.handler.codec.http.HttpClientCodec), (reactor.left.decompressor = io.netty.handler.codec.http.HttpContentDecompressor), (reactor.right.reactiveBridge = reactor.netty.channel.ChannelOperationsHandler)}
15:53:12.997 [reactor-http-nio-48] DEBUG reactor.netty.resources.PooledConnectionProvider - [id: 0xc3839908] Created new pooled channel, now 0 active connections and 201 inactive connections
15:53:12.998 [reactor-http-nio-48] DEBUG reactor.netty.channel.BootstrapHandlers - [id: 0xc3839908] Initialized pipeline DefaultChannelPipeline{(BootstrapHandlers$BootstrapInitializerHandler#0 = reactor.netty.channel.BootstrapHandlers$BootstrapInitializerHandler), (SimpleChannelPool$1#0 = io.netty.channel.pool.SimpleChannelPool$1), (reactor.left.httpCodec = io.netty.handler.codec.http.HttpClientCodec), (reactor.left.decompressor = io.netty.handler.codec.http.HttpContentDecompressor), (reactor.right.reactiveBridge = reactor.netty.channel.ChannelOperationsHandler)}
15:53:12.998 [reactor-http-nio-47] DEBUG reactor.netty.channel.BootstrapHandlers - [id: 0xa74b43bb] Initialized pipeline DefaultChannelPipeline{(BootstrapHandlers$BootstrapInitializerHandler#0 = reactor.netty.channel.BootstrapHandlers$BootstrapInitializerHandler), (SimpleChannelPool$1#0 = io.netty.channel.pool.SimpleChannelPool$1), (reactor.left.httpCodec = io.netty.handler.codec.http.HttpClientCodec), (reactor.left.decompressor = io.netty.handler.codec.http.HttpContentDecompressor), (reactor.right.reactiveBridge = reactor.netty.channel.ChannelOperationsHandler)}
15:53:12.998 [reactor-http-nio-48] DEBUG reactor.netty.resources.PooledConnectionProvider - [id: 0x2b8a27a7] Created new pooled channel, now 0 active connections and 202 inactive connections
15:53:12.998 [reactor-http-nio-48] DEBUG reactor.netty.channel.BootstrapHandlers - [id: 0x2b8a27a7] Initialized pipeline DefaultChannelPipeline{(BootstrapHandlers$BootstrapInitializerHandler#0 = reactor.netty.channel.BootstrapHandlers$BootstrapInitializerHandler), (SimpleChannelPool$1#0 = io.netty.channel.pool.SimpleChannelPool$1), (reactor.left.httpCodec = io.netty.handler.codec.http.HttpClientCodec), (reactor.left.decompressor = io.netty.handler.codec.http.HttpContentDecompressor), (reactor.right.reactiveBridge = reactor.netty.channel.ChannelOperationsHandler)}
15:53:12.998 [reactor-http-nio-48] DEBUG reactor.netty.resources.PooledConnectionProvider - [id: 0x068de3e1] Created new pooled channel, now 0 active connections and 203 inactive connections
15:53:12.998 [reactor-http-nio-48] DEBUG reactor.netty.channel.BootstrapHandlers - [id: 0x068de3e1] Initialized pipeline DefaultChannelPipeline{(BootstrapHandlers$BootstrapInitializerHandler#0 = reactor.netty.channel.BootstrapHandlers$BootstrapInitializerHandler), (SimpleChannelPool$1#0 = io.netty.channel.pool.SimpleChannelPool$1), (reactor.left.httpCodec = io.netty.handler.codec.http.HttpClientCodec), (reactor.left.decompressor = io.netty.handler.codec.http.HttpContentDecompressor), (reactor.right.reactiveBridge = reactor.netty.channel.ChannelOperationsHandler)}
15:53:12.999 [reactor-http-nio-48] DEBUG reactor.netty.resources.PooledConnectionProvider - [id: 0xa9b4c53d] Created new pooled channel, now 0 active connections and 204 inactive connections
15:53:12.999 [reactor-http-nio-48] DEBUG reactor.netty.channel.BootstrapHandlers - [id: 0xa9b4c53d] Initialized pipeline DefaultChannelPipeline{(BootstrapHandlers$BootstrapInitializerHandler#0 = reactor.netty.channel.BootstrapHandlers$BootstrapInitializerHandler), (SimpleChannelPool$1#0 = io.netty.channel.pool.SimpleChannelPool$1), (reactor.left.httpCodec = io.netty.handler.codec.http.HttpClientCodec), (reactor.left.decompressor = io.netty.handler.codec.http.HttpContentDecompressor), (reactor.right.reactiveBridge = reactor.netty.channel.ChannelOperationsHandler)}
15:53:12.999 [reactor-http-nio-48] DEBUG reactor.netty.resources.PooledConnectionProvider - [id: 0x84cc2992] Created new pooled channel, now 0 active connections and 205 inactive connections
15:53:12.999 [reactor-http-nio-48] DEBUG reactor.netty.channel.BootstrapHandlers - [id: 0x84cc2992] Initialized pipeline DefaultChannelPipeline{(BootstrapHandlers$BootstrapInitializerHandler#0 = reactor.netty.channel.BootstrapHandlers$BootstrapInitializerHandler), (SimpleChannelPool$1#0 = io.netty.channel.pool.SimpleChannelPool$1), (reactor.left.httpCodec = io.netty.handler.codec.http.HttpClientCodec), (reactor.left.decompressor = io.netty.handler.codec.http.HttpContentDecompressor), (reactor.right.reactiveBridge = reactor.netty.channel.ChannelOperationsHandler)}
15:53:12.999 [reactor-http-nio-48] DEBUG reactor.netty.resources.PooledConnectionProvider - [id: 0x5b6b68d9] Created new pooled channel, now 0 active connections and 206 inactive connections
15:53:12.999 [reactor-http-nio-48] DEBUG reactor.netty.channel.BootstrapHandlers - [id: 0x5b6b68d9] Initialized pipeline DefaultChannelPipeline{(BootstrapHandlers$BootstrapInitializerHandler#0 = reactor.netty.channel.BootstrapHandlers$BootstrapInitializerHandler), (SimpleChannelPool$1#0 = io.netty.channel.pool.SimpleChannelPool$1), (reactor.left.httpCodec = io.netty.handler.codec.http.HttpClientCodec), (reactor.left.decompressor = io.netty.handler.codec.http.HttpContentDecompressor), (reactor.right.reactiveBridge = reactor.netty.channel.ChannelOperationsHandler)}
15:53:12.999 [reactor-http-nio-48] DEBUG reactor.netty.resources.PooledConnectionProvider - [id: 0xeab7fac6] Created new pooled channel, now 0 active connections and 207 inactive connections
15:53:13.000 [reactor-http-nio-48] DEBUG reactor.netty.channel.BootstrapHandlers - [id: 0xeab7fac6] Initialized pipeline DefaultChannelPipeline{(BootstrapHandlers$BootstrapInitializerHandler#0 = reactor.netty.channel.BootstrapHandlers$BootstrapInitializerHandler), (SimpleChannelPool$1#0 = io.netty.channel.pool.SimpleChannelPool$1), (reactor.left.httpCodec = io.netty.handler.codec.http.HttpClientCodec), (reactor.left.decompressor = io.netty.handler.codec.http.HttpContentDecompressor), (reactor.right.reactiveBridge = reactor.netty.channel.ChannelOperationsHandler)}
15:53:13.000 [reactor-http-nio-48] DEBUG reactor.netty.resources.PooledConnectionProvider - [id: 0x20783448] Created new pooled channel, now 0 active connections and 208 inactive connections
15:53:13.000 [reactor-http-nio-48] DEBUG reactor.netty.channel.BootstrapHandlers - [id: 0x20783448] Initialized pipeline DefaultChannelPipeline{(BootstrapHandlers$BootstrapInitializerHandler#0 = reactor.netty.channel.BootstrapHandlers$BootstrapInitializerHandler), (SimpleChannelPool$1#0 = io.netty.channel.pool.SimpleChannelPool$1), (reactor.left.httpCodec = io.netty.handler.codec.http.HttpClientCodec), (reactor.left.decompressor = io.netty.handler.codec.http.HttpContentDecompressor), (reactor.right.reactiveBridge = reactor.netty.channel.ChannelOperationsHandler)}
15:53:13.000 [reactor-http-nio-48] DEBUG reactor.netty.resources.PooledConnectionProvider - [id: 0xd46a2218] Created new pooled channel, now 0 active connections and 209 inactive connections
15:53:13.000 [reactor-http-nio-47] DEBUG reactor.netty.resources.PooledConnectionProvider - [id: 0x2b8f766c] Created new pooled channel, now 0 active connections and 210 inactive connections
15:53:13.000 [reactor-http-nio-48] DEBUG reactor.netty.channel.BootstrapHandlers - [id: 0xd46a2218] Initialized pipeline DefaultChannelPipeline{(BootstrapHandlers$BootstrapInitializerHandler#0 = reactor.netty.channel.BootstrapHandlers$BootstrapInitializerHandler), (SimpleChannelPool$1#0 = io.netty.channel.pool.SimpleChannelPool$1), (reactor.left.httpCodec = io.netty.handler.codec.http.HttpClientCodec), (reactor.left.decompressor = io.netty.handler.codec.http.HttpContentDecompressor), (reactor.right.reactiveBridge = reactor.netty.channel.ChannelOperationsHandler)}
15:53:13.000 [reactor-http-nio-47] DEBUG reactor.netty.channel.BootstrapHandlers - [id: 0x2b8f766c] Initialized pipeline DefaultChannelPipeline{(BootstrapHandlers$BootstrapInitializerHandler#0 = reactor.netty.channel.BootstrapHandlers$BootstrapInitializerHandler), (SimpleChannelPool$1#0 = io.netty.channel.pool.SimpleChannelPool$1), (reactor.left.httpCodec = io.netty.handler.codec.http.HttpClientCodec), (reactor.left.decompressor = io.netty.handler.codec.http.HttpContentDecompressor), (reactor.right.reactiveBridge = reactor.netty.channel.ChannelOperationsHandler)}
15:53:13.001 [reactor-http-nio-47] DEBUG reactor.netty.resources.PooledConnectionProvider - [id: 0x2891d552] Created new pooled channel, now 0 active connections and 212 inactive connections
15:53:13.000 [reactor-http-nio-48] DEBUG reactor.netty.resources.PooledConnectionProvider - [id: 0x77d5390b] Created new pooled channel, now 0 active connections and 211 inactive connections
15:53:13.003 [reactor-http-nio-47] DEBUG reactor.netty.channel.BootstrapHandlers - [id: 0x2891d552] Initialized pipeline DefaultChannelPipeline{(BootstrapHandlers$BootstrapInitializerHandler#0 = reactor.netty.channel.BootstrapHandlers$BootstrapInitializerHandler), (SimpleChannelPool$1#0 = io.netty.channel.pool.SimpleChannelPool$1), (reactor.left.httpCodec = io.netty.handler.codec.http.HttpClientCodec), (reactor.left.decompressor = io.netty.handler.codec.http.HttpContentDecompressor), (reactor.right.reactiveBridge = reactor.netty.channel.ChannelOperationsHandler)}
15:53:13.004 [reactor-http-nio-47] DEBUG reactor.netty.resources.PooledConnectionProvider - [id: 0x4269e003] Created new pooled channel, now 0 active connections and 213 inactive connections
15:53:13.004 [reactor-http-nio-47] DEBUG reactor.netty.channel.BootstrapHandlers - [id: 0x4269e003] Initialized pipeline DefaultChannelPipeline{(BootstrapHandlers$BootstrapInitializerHandler#0 = reactor.netty.channel.BootstrapHandlers$BootstrapInitializerHandler), (SimpleChannelPool$1#0 = io.netty.channel.pool.SimpleChannelPool$1), (reactor.left.httpCodec = io.netty.handler.codec.http.HttpClientCodec), (reactor.left.decompressor = io.netty.handler.codec.http.HttpContentDecompressor), (reactor.right.reactiveBridge = reactor.netty.channel.ChannelOperationsHandler)}
15:53:13.004 [reactor-http-nio-47] DEBUG reactor.netty.resources.PooledConnectionProvider - [id: 0xb30cfda6] Created new pooled channel, now 0 active connections and 214 inactive connections
15:53:13.004 [reactor-http-nio-47] DEBUG reactor.netty.channel.BootstrapHandlers - [id: 0xb30cfda6] Initialized pipeline DefaultChannelPipeline{(BootstrapHandlers$BootstrapInitializerHandler#0 = reactor.netty.channel.BootstrapHandlers$BootstrapInitializerHandler), (SimpleChannelPool$1#0 = io.netty.channel.pool.SimpleChannelPool$1), (reactor.left.httpCodec = io.netty.handler.codec.http.HttpClientCodec), (reactor.left.decompressor = io.netty.handler.codec.http.HttpContentDecompressor), (reactor.right.reactiveBridge = reactor.netty.channel.ChannelOperationsHandler)}
15:53:13.005 [reactor-http-nio-47] DEBUG reactor.netty.resources.PooledConnectionProvider - [id: 0x597600af] Created new pooled channel, now 0 active connections and 215 inactive connections
15:53:13.005 [reactor-http-nio-47] DEBUG reactor.netty.channel.BootstrapHandlers - [id: 0x597600af] Initialized pipeline DefaultChannelPipeline{(BootstrapHandlers$BootstrapInitializerHandler#0 = reactor.netty.channel.BootstrapHandlers$BootstrapInitializerHandler), (SimpleChannelPool$1#0 = io.netty.channel.pool.SimpleChannelPool$1), (reactor.left.httpCodec = io.netty.handler.codec.http.HttpClientCodec), (reactor.left.decompressor = io.netty.handler.codec.http.HttpContentDecompressor), (reactor.right.reactiveBridge = reactor.netty.channel.ChannelOperationsHandler)}
15:53:13.005 [reactor-http-nio-47] DEBUG reactor.netty.resources.PooledConnectionProvider - [id: 0xd987e438] Created new pooled channel, now 0 active connections and 216 inactive connections
15:53:13.005 [reactor-http-nio-47] DEBUG reactor.netty.channel.BootstrapHandlers - [id: 0xd987e438] Initialized pipeline DefaultChannelPipeline{(BootstrapHandlers$BootstrapInitializerHandler#0 = reactor.netty.channel.BootstrapHandlers$BootstrapInitializerHandler), (SimpleChannelPool$1#0 = io.netty.channel.pool.SimpleChannelPool$1), (reactor.left.httpCodec = io.netty.handler.codec.http.HttpClientCodec), (reactor.left.decompressor = io.netty.handler.codec.http.HttpContentDecompressor), (reactor.right.reactiveBridge = reactor.netty.channel.ChannelOperationsHandler)}
15:53:13.005 [reactor-http-nio-47] DEBUG reactor.netty.resources.PooledConnectionProvider - [id: 0xac6adea9] Created new pooled channel, now 0 active connections and 217 inactive connections
15:53:13.005 [reactor-http-nio-47] DEBUG reactor.netty.channel.BootstrapHandlers - [id: 0xac6adea9] Initialized pipeline DefaultChannelPipeline{(BootstrapHandlers$BootstrapInitializerHandler#0 = reactor.netty.channel.BootstrapHandlers$BootstrapInitializerHandler), (SimpleChannelPool$1#0 = io.netty.channel.pool.SimpleChannelPool$1), (reactor.left.httpCodec = io.netty.handler.codec.http.HttpClientCodec), (reactor.left.decompressor = io.netty.handler.codec.http.HttpContentDecompressor), (reactor.right.reactiveBridge = reactor.netty.channel.ChannelOperationsHandler)}
15:53:13.005 [reactor-http-nio-47] DEBUG reactor.netty.resources.PooledConnectionProvider - [id: 0xe4eaf4b8] Created new pooled channel, now 0 active connections and 218 inactive connections
15:53:13.005 [reactor-http-nio-47] DEBUG reactor.netty.channel.BootstrapHandlers - [id: 0xe4eaf4b8] Initialized pipeline DefaultChannelPipeline{(BootstrapHandlers$BootstrapInitializerHandler#0 = reactor.netty.channel.BootstrapHandlers$BootstrapInitializerHandler), (SimpleChannelPool$1#0 = io.netty.channel.pool.SimpleChannelPool$1), (reactor.left.httpCodec = io.netty.handler.codec.http.HttpClientCodec), (reactor.left.decompressor = io.netty.handler.codec.http.HttpContentDecompressor), (reactor.right.reactiveBridge = reactor.netty.channel.ChannelOperationsHandler)}
15:53:13.006 [reactor-http-nio-47] DEBUG reactor.netty.resources.PooledConnectionProvider - [id: 0xfd464294] Created new pooled channel, now 0 active connections and 219 inactive connections
15:53:13.006 [reactor-http-nio-47] DEBUG reactor.netty.channel.BootstrapHandlers - [id: 0xfd464294] Initialized pipeline DefaultChannelPipeline{(BootstrapHandlers$BootstrapInitializerHandler#0 = reactor.netty.channel.BootstrapHandlers$BootstrapInitializerHandler), (SimpleChannelPool$1#0 = io.netty.channel.pool.SimpleChannelPool$1), (reactor.left.httpCodec = io.netty.handler.codec.http.HttpClientCodec), (reactor.left.decompressor = io.netty.handler.codec.http.HttpContentDecompressor), (reactor.right.reactiveBridge = reactor.netty.channel.ChannelOperationsHandler)}
15:53:13.006 [reactor-http-nio-47] DEBUG reactor.netty.resources.PooledConnectionProvider - [id: 0x42970d81] Created new pooled channel, now 0 active connections and 220 inactive connections
15:53:13.006 [reactor-http-nio-47] DEBUG reactor.netty.channel.BootstrapHandlers - [id: 0x42970d81] Initialized pipeline DefaultChannelPipeline{(BootstrapHandlers$BootstrapInitializerHandler#0 = reactor.netty.channel.BootstrapHandlers$BootstrapInitializerHandler), (SimpleChannelPool$1#0 = io.netty.channel.pool.SimpleChannelPool$1), (reactor.left.httpCodec = io.netty.handler.codec.http.HttpClientCodec), (reactor.left.decompressor = io.netty.handler.codec.http.HttpContentDecompressor), (reactor.right.reactiveBridge = reactor.netty.channel.ChannelOperationsHandler)}
15:53:13.006 [reactor-http-nio-47] DEBUG reactor.netty.resources.PooledConnectionProvider - [id: 0xa3d0d1c3] Created new pooled channel, now 0 active connections and 221 inactive connections
15:53:13.006 [reactor-http-nio-47] DEBUG reactor.netty.channel.BootstrapHandlers - [id: 0xa3d0d1c3] Initialized pipeline DefaultChannelPipeline{(BootstrapHandlers$BootstrapInitializerHandler#0 = reactor.netty.channel.BootstrapHandlers$BootstrapInitializerHandler), (SimpleChannelPool$1#0 = io.netty.channel.pool.SimpleChannelPool$1), (reactor.left.httpCodec = io.netty.handler.codec.http.HttpClientCodec), (reactor.left.decompressor = io.netty.handler.codec.http.HttpContentDecompressor), (reactor.right.reactiveBridge = reactor.netty.channel.ChannelOperationsHandler)}
15:53:13.007 [reactor-http-nio-48] DEBUG reactor.netty.channel.BootstrapHandlers - [id: 0x77d5390b] Initialized pipeline DefaultChannelPipeline{(BootstrapHandlers$BootstrapInitializerHandler#0 = reactor.netty.channel.BootstrapHandlers$BootstrapInitializerHandler), (SimpleChannelPool$1#0 = io.netty.channel.pool.SimpleChannelPool$1), (reactor.left.httpCodec = io.netty.handler.codec.http.HttpClientCodec), (reactor.left.decompressor = io.netty.handler.codec.http.HttpContentDecompressor), (reactor.right.reactiveBridge = reactor.netty.channel.ChannelOperationsHandler)}
15:53:13.007 [reactor-http-nio-47] DEBUG reactor.netty.resources.PooledConnectionProvider - [id: 0xb5cdea8a] Created new pooled channel, now 0 active connections and 222 inactive connections
15:53:13.007 [reactor-http-nio-47] DEBUG reactor.netty.channel.BootstrapHandlers - [id: 0xb5cdea8a] Initialized pipeline DefaultChannelPipeline{(BootstrapHandlers$BootstrapInitializerHandler#0 = reactor.netty.channel.BootstrapHandlers$BootstrapInitializerHandler), (SimpleChannelPool$1#0 = io.netty.channel.pool.SimpleChannelPool$1), (reactor.left.httpCodec = io.netty.handler.codec.http.HttpClientCodec), (reactor.left.decompressor = io.netty.handler.codec.http.HttpContentDecompressor), (reactor.right.reactiveBridge = reactor.netty.channel.ChannelOperationsHandler)}
15:53:13.007 [reactor-http-nio-47] DEBUG reactor.netty.resources.PooledConnectionProvider - [id: 0xb2eb3594] Created new pooled channel, now 0 active connections and 224 inactive connections
15:53:13.007 [reactor-http-nio-47] DEBUG reactor.netty.channel.BootstrapHandlers - [id: 0xb2eb3594] Initialized pipeline DefaultChannelPipeline{(BootstrapHandlers$BootstrapInitializerHandler#0 = reactor.netty.channel.BootstrapHandlers$BootstrapInitializerHandler), (SimpleChannelPool$1#0 = io.netty.channel.pool.SimpleChannelPool$1), (reactor.left.httpCodec = io.netty.handler.codec.http.HttpClientCodec), (reactor.left.decompressor = io.netty.handler.codec.http.HttpContentDecompressor), (reactor.right.reactiveBridge = reactor.netty.channel.ChannelOperationsHandler)}
15:53:13.007 [reactor-http-nio-47] DEBUG reactor.netty.resources.PooledConnectionProvider - [id: 0xccae12b7] Created new pooled channel, now 0 active connections and 225 inactive connections
15:53:13.007 [reactor-http-nio-47] DEBUG reactor.netty.channel.BootstrapHandlers - [id: 0xccae12b7] Initialized pipeline DefaultChannelPipeline{(BootstrapHandlers$BootstrapInitializerHandler#0 = reactor.netty.channel.BootstrapHandlers$BootstrapInitializerHandler), (SimpleChannelPool$1#0 = io.netty.channel.pool.SimpleChannelPool$1), (reactor.left.httpCodec = io.netty.handler.codec.http.HttpClientCodec), (reactor.left.decompressor = io.netty.handler.codec.http.HttpContentDecompressor), (reactor.right.reactiveBridge = reactor.netty.channel.ChannelOperationsHandler)}
15:53:13.007 [reactor-http-nio-47] DEBUG reactor.netty.resources.PooledConnectionProvider - [id: 0x55d1ef56] Created new pooled channel, now 0 active connections and 226 inactive connections
15:53:13.008 [reactor-http-nio-47] DEBUG reactor.netty.channel.BootstrapHandlers - [id: 0x55d1ef56] Initialized pipeline DefaultChannelPipeline{(BootstrapHandlers$BootstrapInitializerHandler#0 = reactor.netty.channel.BootstrapHandlers$BootstrapInitializerHandler), (SimpleChannelPool$1#0 = io.netty.channel.pool.SimpleChannelPool$1), (reactor.left.httpCodec = io.netty.handler.codec.http.HttpClientCodec), (reactor.left.decompressor = io.netty.handler.codec.http.HttpContentDecompressor), (reactor.right.reactiveBridge = reactor.netty.channel.ChannelOperationsHandler)}
15:53:13.008 [reactor-http-nio-47] DEBUG reactor.netty.resources.PooledConnectionProvider - [id: 0xa78cd761] Created new pooled channel, now 0 active connections and 227 inactive connections
15:53:13.009 [reactor-http-nio-47] DEBUG reactor.netty.channel.BootstrapHandlers - [id: 0xa78cd761] Initialized pipeline DefaultChannelPipeline{(BootstrapHandlers$BootstrapInitializerHandler#0 = reactor.netty.channel.BootstrapHandlers$BootstrapInitializerHandler), (SimpleChannelPool$1#0 = io.netty.channel.pool.SimpleChannelPool$1), (reactor.left.httpCodec = io.netty.handler.codec.http.HttpClientCodec), (reactor.left.decompressor = io.netty.handler.codec.http.HttpContentDecompressor), (reactor.right.reactiveBridge = reactor.netty.channel.ChannelOperationsHandler)}
15:53:13.009 [reactor-http-nio-47] DEBUG reactor.netty.resources.PooledConnectionProvider - [id: 0xa6138326] Created new pooled channel, now 0 active connections and 228 inactive connections
15:53:13.009 [reactor-http-nio-47] DEBUG reactor.netty.channel.BootstrapHandlers - [id: 0xa6138326] Initialized pipeline DefaultChannelPipeline{(BootstrapHandlers$BootstrapInitializerHandler#0 = reactor.netty.channel.BootstrapHandlers$BootstrapInitializerHandler), (SimpleChannelPool$1#0 = io.netty.channel.pool.SimpleChannelPool$1), (reactor.left.httpCodec = io.netty.handler.codec.http.HttpClientCodec), (reactor.left.decompressor = io.netty.handler.codec.http.HttpContentDecompressor), (reactor.right.reactiveBridge = reactor.netty.channel.ChannelOperationsHandler)}
15:53:13.009 [reactor-http-nio-47] DEBUG reactor.netty.resources.PooledConnectionProvider - [id: 0x4b4296d8] Created new pooled channel, now 0 active connections and 229 inactive connections
15:53:13.010 [reactor-http-nio-47] DEBUG reactor.netty.channel.BootstrapHandlers - [id: 0x4b4296d8] Initialized pipeline DefaultChannelPipeline{(BootstrapHandlers$BootstrapInitializerHandler#0 = reactor.netty.channel.BootstrapHandlers$BootstrapInitializerHandler), (SimpleChannelPool$1#0 = io.netty.channel.pool.SimpleChannelPool$1), (reactor.left.httpCodec = io.netty.handler.codec.http.HttpClientCodec), (reactor.left.decompressor = io.netty.handler.codec.http.HttpContentDecompressor), (reactor.right.reactiveBridge = reactor.netty.channel.ChannelOperationsHandler)}
15:53:13.010 [reactor-http-nio-47] DEBUG reactor.netty.resources.PooledConnectionProvider - [id: 0x33d84267] Created new pooled channel, now 0 active connections and 230 inactive connections
15:53:13.010 [reactor-http-nio-47] DEBUG reactor.netty.channel.BootstrapHandlers - [id: 0x33d84267] Initialized pipeline DefaultChannelPipeline{(BootstrapHandlers$BootstrapInitializerHandler#0 = reactor.netty.channel.BootstrapHandlers$BootstrapInitializerHandler), (SimpleChannelPool$1#0 = io.netty.channel.pool.SimpleChannelPool$1), (reactor.left.httpCodec = io.netty.handler.codec.http.HttpClientCodec), (reactor.left.decompressor = io.netty.handler.codec.http.HttpContentDecompressor), (reactor.right.reactiveBridge = reactor.netty.channel.ChannelOperationsHandler)}
15:53:13.007 [reactor-http-nio-48] DEBUG reactor.netty.resources.PooledConnectionProvider - [id: 0x83b452e2] Created new pooled channel, now 0 active connections and 223 inactive connections
15:53:13.011 [reactor-http-nio-47] DEBUG reactor.netty.resources.PooledConnectionProvider - [id: 0xaeb3e815] Created new pooled channel, now 0 active connections and 231 inactive connections
15:53:13.011 [reactor-http-nio-47] DEBUG reactor.netty.channel.BootstrapHandlers - [id: 0xaeb3e815] Initialized pipeline DefaultChannelPipeline{(BootstrapHandlers$BootstrapInitializerHandler#0 = reactor.netty.channel.BootstrapHandlers$BootstrapInitializerHandler), (SimpleChannelPool$1#0 = io.netty.channel.pool.SimpleChannelPool$1), (reactor.left.httpCodec = io.netty.handler.codec.http.HttpClientCodec), (reactor.left.decompressor = io.netty.handler.codec.http.HttpContentDecompressor), (reactor.right.reactiveBridge = reactor.netty.channel.ChannelOperationsHandler)}
15:53:13.011 [reactor-http-nio-47] DEBUG reactor.netty.resources.PooledConnectionProvider - [id: 0x905654b3] Created new pooled channel, now 0 active connections and 232 inactive connections
15:53:13.011 [reactor-http-nio-47] DEBUG reactor.netty.channel.BootstrapHandlers - [id: 0x905654b3] Initialized pipeline DefaultChannelPipeline{(BootstrapHandlers$BootstrapInitializerHandler#0 = reactor.netty.channel.BootstrapHandlers$BootstrapInitializerHandler), (SimpleChannelPool$1#0 = io.netty.channel.pool.SimpleChannelPool$1), (reactor.left.httpCodec = io.netty.handler.codec.http.HttpClientCodec), (reactor.left.decompressor = io.netty.handler.codec.http.HttpContentDecompressor), (reactor.right.reactiveBridge = reactor.netty.channel.ChannelOperationsHandler)}
15:53:13.011 [reactor-http-nio-47] DEBUG reactor.netty.resources.PooledConnectionProvider - [id: 0xfab28477] Created new pooled channel, now 0 active connections and 233 inactive connections
15:53:13.011 [reactor-http-nio-47] DEBUG reactor.netty.channel.BootstrapHandlers - [id: 0xfab28477] Initialized pipeline DefaultChannelPipeline{(BootstrapHandlers$BootstrapInitializerHandler#0 = reactor.netty.channel.BootstrapHandlers$BootstrapInitializerHandler), (SimpleChannelPool$1#0 = io.netty.channel.pool.SimpleChannelPool$1), (reactor.left.httpCodec = io.netty.handler.codec.http.HttpClientCodec), (reactor.left.decompressor = io.netty.handler.codec.http.HttpContentDecompressor), (reactor.right.reactiveBridge = reactor.netty.channel.ChannelOperationsHandler)}
15:53:13.011 [reactor-http-nio-47] DEBUG reactor.netty.resources.PooledConnectionProvider - [id: 0xe35e117d] Created new pooled channel, now 0 active connections and 234 inactive connections
15:53:13.013 [reactor-http-nio-47] DEBUG reactor.netty.channel.BootstrapHandlers - [id: 0xe35e117d] Initialized pipeline DefaultChannelPipeline{(BootstrapHandlers$BootstrapInitializerHandler#0 = reactor.netty.channel.BootstrapHandlers$BootstrapInitializerHandler), (SimpleChannelPool$1#0 = io.netty.channel.pool.SimpleChannelPool$1), (reactor.left.httpCodec = io.netty.handler.codec.http.HttpClientCodec), (reactor.left.decompressor = io.netty.handler.codec.http.HttpContentDecompressor), (reactor.right.reactiveBridge = reactor.netty.channel.ChannelOperationsHandler)}
15:53:13.013 [reactor-http-nio-47] DEBUG reactor.netty.resources.PooledConnectionProvider - [id: 0x89da56b3] Created new pooled channel, now 0 active connections and 235 inactive connections
15:53:13.014 [reactor-http-nio-47] DEBUG reactor.netty.channel.BootstrapHandlers - [id: 0x89da56b3] Initialized pipeline DefaultChannelPipeline{(BootstrapHandlers$BootstrapInitializerHandler#0 = reactor.netty.channel.BootstrapHandlers$BootstrapInitializerHandler), (SimpleChannelPool$1#0 = io.netty.channel.pool.SimpleChannelPool$1), (reactor.left.httpCodec = io.netty.handler.codec.http.HttpClientCodec), (reactor.left.decompressor = io.netty.handler.codec.http.HttpContentDecompressor), (reactor.right.reactiveBridge = reactor.netty.channel.ChannelOperationsHandler)}
15:53:13.014 [reactor-http-nio-47] DEBUG reactor.netty.resources.PooledConnectionProvider - [id: 0xdd35a511] Created new pooled channel, now 0 active connections and 236 inactive connections
15:53:13.014 [reactor-http-nio-47] DEBUG reactor.netty.channel.BootstrapHandlers - [id: 0xdd35a511] Initialized pipeline DefaultChannelPipeline{(BootstrapHandlers$BootstrapInitializerHandler#0 = reactor.netty.channel.BootstrapHandlers$BootstrapInitializerHandler), (SimpleChannelPool$1#0 = io.netty.channel.pool.SimpleChannelPool$1), (reactor.left.httpCodec = io.netty.handler.codec.http.HttpClientCodec), (reactor.left.decompressor = io.netty.handler.codec.http.HttpContentDecompressor), (reactor.right.reactiveBridge = reactor.netty.channel.ChannelOperationsHandler)}
15:53:13.014 [reactor-http-nio-47] DEBUG reactor.netty.resources.PooledConnectionProvider - [id: 0x53e3235d] Created new pooled channel, now 0 active connections and 237 inactive connections
15:53:13.014 [reactor-http-nio-47] DEBUG reactor.netty.channel.BootstrapHandlers - [id: 0x53e3235d] Initialized pipeline DefaultChannelPipeline{(BootstrapHandlers$BootstrapInitializerHandler#0 = reactor.netty.channel.BootstrapHandlers$BootstrapInitializerHandler), (SimpleChannelPool$1#0 = io.netty.channel.pool.SimpleChannelPool$1), (reactor.left.httpCodec = io.netty.handler.codec.http.HttpClientCodec), (reactor.left.decompressor = io.netty.handler.codec.http.HttpContentDecompressor), (reactor.right.reactiveBridge = reactor.netty.channel.ChannelOperationsHandler)}
15:53:13.011 [reactor-http-nio-48] DEBUG reactor.netty.channel.BootstrapHandlers - [id: 0x83b452e2] Initialized pipeline DefaultChannelPipeline{(BootstrapHandlers$BootstrapInitializerHandler#0 = reactor.netty.channel.BootstrapHandlers$BootstrapInitializerHandler), (SimpleChannelPool$1#0 = io.netty.channel.pool.SimpleChannelPool$1), (reactor.left.httpCodec = io.netty.handler.codec.http.HttpClientCodec), (reactor.left.decompressor = io.netty.handler.codec.http.HttpContentDecompressor), (reactor.right.reactiveBridge = reactor.netty.channel.ChannelOperationsHandler)}
15:53:13.019 [reactor-http-nio-48] DEBUG reactor.netty.resources.PooledConnectionProvider - [id: 0xb033e5eb] Created new pooled channel, now 0 active connections and 238 inactive connections
15:53:13.019 [reactor-http-nio-48] DEBUG reactor.netty.channel.BootstrapHandlers - [id: 0xb033e5eb] Initialized pipeline DefaultChannelPipeline{(BootstrapHandlers$BootstrapInitializerHandler#0 = reactor.netty.channel.BootstrapHandlers$BootstrapInitializerHandler), (SimpleChannelPool$1#0 = io.netty.channel.pool.SimpleChannelPool$1), (reactor.left.httpCodec = io.netty.handler.codec.http.HttpClientCodec), (reactor.left.decompressor = io.netty.handler.codec.http.HttpContentDecompressor), (reactor.right.reactiveBridge = reactor.netty.channel.ChannelOperationsHandler)}
15:53:13.019 [reactor-http-nio-48] DEBUG reactor.netty.resources.PooledConnectionProvider - [id: 0xa05904f0] Created new pooled channel, now 0 active connections and 239 inactive connections
15:53:13.019 [reactor-http-nio-48] DEBUG reactor.netty.channel.BootstrapHandlers - [id: 0xa05904f0] Initialized pipeline DefaultChannelPipeline{(BootstrapHandlers$BootstrapInitializerHandler#0 = reactor.netty.channel.BootstrapHandlers$BootstrapInitializerHandler), (SimpleChannelPool$1#0 = io.netty.channel.pool.SimpleChannelPool$1), (reactor.left.httpCodec = io.netty.handler.codec.http.HttpClientCodec), (reactor.left.decompressor = io.netty.handler.codec.http.HttpContentDecompressor), (reactor.right.reactiveBridge = reactor.netty.channel.ChannelOperationsHandler)}
15:53:13.020 [reactor-http-nio-48] DEBUG reactor.netty.resources.PooledConnectionProvider - [id: 0xf96fcdf2] Created new pooled channel, now 0 active connections and 240 inactive connections
15:53:13.020 [reactor-http-nio-48] DEBUG reactor.netty.channel.BootstrapHandlers - [id: 0xf96fcdf2] Initialized pipeline DefaultChannelPipeline{(BootstrapHandlers$BootstrapInitializerHandler#0 = reactor.netty.channel.BootstrapHandlers$BootstrapInitializerHandler), (SimpleChannelPool$1#0 = io.netty.channel.pool.SimpleChannelPool$1), (reactor.left.httpCodec = io.netty.handler.codec.http.HttpClientCodec), (reactor.left.decompressor = io.netty.handler.codec.http.HttpContentDecompressor), (reactor.right.reactiveBridge = reactor.netty.channel.ChannelOperationsHandler)}
15:53:13.020 [reactor-http-nio-48] DEBUG reactor.netty.resources.PooledConnectionProvider - [id: 0xfddb937f] Created new pooled channel, now 0 active connections and 241 inactive connections
15:53:13.020 [reactor-http-nio-48] DEBUG reactor.netty.channel.BootstrapHandlers - [id: 0xfddb937f] Initialized pipeline DefaultChannelPipeline{(BootstrapHandlers$BootstrapInitializerHandler#0 = reactor.netty.channel.BootstrapHandlers$BootstrapInitializerHandler), (SimpleChannelPool$1#0 = io.netty.channel.pool.SimpleChannelPool$1), (reactor.left.httpCodec = io.netty.handler.codec.http.HttpClientCodec), (reactor.left.decompressor = io.netty.handler.codec.http.HttpContentDecompressor), (reactor.right.reactiveBridge = reactor.netty.channel.ChannelOperationsHandler)}
15:53:13.021 [reactor-http-nio-48] DEBUG reactor.netty.resources.PooledConnectionProvider - [id: 0xa0b7be75] Created new pooled channel, now 0 active connections and 242 inactive connections
15:53:13.021 [reactor-http-nio-48] DEBUG reactor.netty.channel.BootstrapHandlers - [id: 0xa0b7be75] Initialized pipeline DefaultChannelPipeline{(BootstrapHandlers$BootstrapInitializerHandler#0 = reactor.netty.channel.BootstrapHandlers$BootstrapInitializerHandler), (SimpleChannelPool$1#0 = io.netty.channel.pool.SimpleChannelPool$1), (reactor.left.httpCodec = io.netty.handler.codec.http.HttpClientCodec), (reactor.left.decompressor = io.netty.handler.codec.http.HttpContentDecompressor), (reactor.right.reactiveBridge = reactor.netty.channel.ChannelOperationsHandler)}
15:53:13.021 [reactor-http-nio-48] DEBUG reactor.netty.resources.PooledConnectionProvider - [id: 0x5ae48bb7] Created new pooled channel, now 0 active connections and 243 inactive connections
15:53:13.021 [reactor-http-nio-48] DEBUG reactor.netty.channel.BootstrapHandlers - [id: 0x5ae48bb7] Initialized pipeline DefaultChannelPipeline{(BootstrapHandlers$BootstrapInitializerHandler#0 = reactor.netty.channel.BootstrapHandlers$BootstrapInitializerHandler), (SimpleChannelPool$1#0 = io.netty.channel.pool.SimpleChannelPool$1), (reactor.left.httpCodec = io.netty.handler.codec.http.HttpClientCodec), (reactor.left.decompressor = io.netty.handler.codec.http.HttpContentDecompressor), (reactor.right.reactiveBridge = reactor.netty.channel.ChannelOperationsHandler)}
15:53:13.021 [reactor-http-nio-48] DEBUG reactor.netty.resources.PooledConnectionProvider - [id: 0x1af880b0] Created new pooled channel, now 0 active connections and 244 inactive connections
15:53:13.021 [reactor-http-nio-48] DEBUG reactor.netty.channel.BootstrapHandlers - [id: 0x1af880b0] Initialized pipeline DefaultChannelPipeline{(BootstrapHandlers$BootstrapInitializerHandler#0 = reactor.netty.channel.BootstrapHandlers$BootstrapInitializerHandler), (SimpleChannelPool$1#0 = io.netty.channel.pool.SimpleChannelPool$1), (reactor.left.httpCodec = io.netty.handler.codec.http.HttpClientCodec), (reactor.left.decompressor = io.netty.handler.codec.http.HttpContentDecompressor), (reactor.right.reactiveBridge = reactor.netty.channel.ChannelOperationsHandler)}
15:53:13.022 [reactor-http-nio-48] DEBUG reactor.netty.resources.PooledConnectionProvider - [id: 0xfc3bf400] Created new pooled channel, now 0 active connections and 245 inactive connections
15:53:13.022 [reactor-http-nio-48] DEBUG reactor.netty.channel.BootstrapHandlers - [id: 0xfc3bf400] Initialized pipeline DefaultChannelPipeline{(BootstrapHandlers$BootstrapInitializerHandler#0 = reactor.netty.channel.BootstrapHandlers$BootstrapInitializerHandler), (SimpleChannelPool$1#0 = io.netty.channel.pool.SimpleChannelPool$1), (reactor.left.httpCodec = io.netty.handler.codec.http.HttpClientCodec), (reactor.left.decompressor = io.netty.handler.codec.http.HttpContentDecompressor), (reactor.right.reactiveBridge = reactor.netty.channel.ChannelOperationsHandler)}
15:53:13.022 [reactor-http-nio-48] DEBUG reactor.netty.resources.PooledConnectionProvider - [id: 0xcdbdd5a5] Created new pooled channel, now 0 active connections and 246 inactive connections
15:53:13.022 [reactor-http-nio-48] DEBUG reactor.netty.channel.BootstrapHandlers - [id: 0xcdbdd5a5] Initialized pipeline DefaultChannelPipeline{(BootstrapHandlers$BootstrapInitializerHandler#0 = reactor.netty.channel.BootstrapHandlers$BootstrapInitializerHandler), (SimpleChannelPool$1#0 = io.netty.channel.pool.SimpleChannelPool$1), (reactor.left.httpCodec = io.netty.handler.codec.http.HttpClientCodec), (reactor.left.decompressor = io.netty.handler.codec.http.HttpContentDecompressor), (reactor.right.reactiveBridge = reactor.netty.channel.ChannelOperationsHandler)}
15:53:13.023 [reactor-http-nio-48] DEBUG reactor.netty.resources.PooledConnectionProvider - [id: 0x9d7faf15] Created new pooled channel, now 0 active connections and 247 inactive connections
15:53:13.023 [reactor-http-nio-48] DEBUG reactor.netty.channel.BootstrapHandlers - [id: 0x9d7faf15] Initialized pipeline DefaultChannelPipeline{(BootstrapHandlers$BootstrapInitializerHandler#0 = reactor.netty.channel.BootstrapHandlers$BootstrapInitializerHandler), (SimpleChannelPool$1#0 = io.netty.channel.pool.SimpleChannelPool$1), (reactor.left.httpCodec = io.netty.handler.codec.http.HttpClientCodec), (reactor.left.decompressor = io.netty.handler.codec.http.HttpContentDecompressor), (reactor.right.reactiveBridge = reactor.netty.channel.ChannelOperationsHandler)}
15:53:13.023 [reactor-http-nio-48] DEBUG reactor.netty.resources.PooledConnectionProvider - [id: 0xf56f4e45] Created new pooled channel, now 0 active connections and 248 inactive connections
15:53:13.023 [reactor-http-nio-48] DEBUG reactor.netty.channel.BootstrapHandlers - [id: 0xf56f4e45] Initialized pipeline DefaultChannelPipeline{(BootstrapHandlers$BootstrapInitializerHandler#0 = reactor.netty.channel.BootstrapHandlers$BootstrapInitializerHandler), (SimpleChannelPool$1#0 = io.netty.channel.pool.SimpleChannelPool$1), (reactor.left.httpCodec = io.netty.handler.codec.http.HttpClientCodec), (reactor.left.decompressor = io.netty.handler.codec.http.HttpContentDecompressor), (reactor.right.reactiveBridge = reactor.netty.channel.ChannelOperationsHandler)}
15:53:13.023 [reactor-http-nio-48] DEBUG reactor.netty.resources.PooledConnectionProvider - [id: 0xbe2aba3e] Created new pooled channel, now 0 active connections and 249 inactive connections
15:53:13.024 [reactor-http-nio-48] DEBUG reactor.netty.channel.BootstrapHandlers - [id: 0xbe2aba3e] Initialized pipeline DefaultChannelPipeline{(BootstrapHandlers$BootstrapInitializerHandler#0 = reactor.netty.channel.BootstrapHandlers$BootstrapInitializerHandler), (SimpleChannelPool$1#0 = io.netty.channel.pool.SimpleChannelPool$1), (reactor.left.httpCodec = io.netty.handler.codec.http.HttpClientCodec), (reactor.left.decompressor = io.netty.handler.codec.http.HttpContentDecompressor), (reactor.right.reactiveBridge = reactor.netty.channel.ChannelOperationsHandler)}
15:53:13.024 [reactor-http-nio-48] DEBUG reactor.netty.resources.PooledConnectionProvider - [id: 0x14c7d32e] Created new pooled channel, now 0 active connections and 250 inactive connections
15:53:13.024 [reactor-http-nio-48] DEBUG reactor.netty.channel.BootstrapHandlers - [id: 0x14c7d32e] Initialized pipeline DefaultChannelPipeline{(BootstrapHandlers$BootstrapInitializerHandler#0 = reactor.netty.channel.BootstrapHandlers$BootstrapInitializerHandler), (SimpleChannelPool$1#0 = io.netty.channel.pool.SimpleChannelPool$1), (reactor.left.httpCodec = io.netty.handler.codec.http.HttpClientCodec), (reactor.left.decompressor = io.netty.handler.codec.http.HttpContentDecompressor), (reactor.right.reactiveBridge = reactor.netty.channel.ChannelOperationsHandler)}
15:53:13.024 [reactor-http-nio-48] DEBUG reactor.netty.resources.PooledConnectionProvider - [id: 0x03a75d7c] Created new pooled channel, now 0 active connections and 251 inactive connections
15:53:13.024 [reactor-http-nio-48] DEBUG reactor.netty.channel.BootstrapHandlers - [id: 0x03a75d7c] Initialized pipeline DefaultChannelPipeline{(BootstrapHandlers$BootstrapInitializerHandler#0 = reactor.netty.channel.BootstrapHandlers$BootstrapInitializerHandler), (SimpleChannelPool$1#0 = io.netty.channel.pool.SimpleChannelPool$1), (reactor.left.httpCodec = io.netty.handler.codec.http.HttpClientCodec), (reactor.left.decompressor = io.netty.handler.codec.http.HttpContentDecompressor), (reactor.right.reactiveBridge = reactor.netty.channel.ChannelOperationsHandler)}
15:53:13.024 [reactor-http-nio-48] DEBUG reactor.netty.resources.PooledConnectionProvider - [id: 0x6a1a0482] Created new pooled channel, now 0 active connections and 252 inactive connections
15:53:13.025 [reactor-http-nio-48] DEBUG reactor.netty.channel.BootstrapHandlers - [id: 0x6a1a0482] Initialized pipeline DefaultChannelPipeline{(BootstrapHandlers$BootstrapInitializerHandler#0 = reactor.netty.channel.BootstrapHandlers$BootstrapInitializerHandler), (SimpleChannelPool$1#0 = io.netty.channel.pool.SimpleChannelPool$1), (reactor.left.httpCodec = io.netty.handler.codec.http.HttpClientCodec), (reactor.left.decompressor = io.netty.handler.codec.http.HttpContentDecompressor), (reactor.right.reactiveBridge = reactor.netty.channel.ChannelOperationsHandler)}
15:53:13.025 [reactor-http-nio-48] DEBUG reactor.netty.resources.PooledConnectionProvider - [id: 0x7b10d5b9] Created new pooled channel, now 0 active connections and 253 inactive connections
15:53:13.025 [reactor-http-nio-48] DEBUG reactor.netty.channel.BootstrapHandlers - [id: 0x7b10d5b9] Initialized pipeline DefaultChannelPipeline{(BootstrapHandlers$BootstrapInitializerHandler#0 = reactor.netty.channel.BootstrapHandlers$BootstrapInitializerHandler), (SimpleChannelPool$1#0 = io.netty.channel.pool.SimpleChannelPool$1), (reactor.left.httpCodec = io.netty.handler.codec.http.HttpClientCodec), (reactor.left.decompressor = io.netty.handler.codec.http.HttpContentDecompressor), (reactor.right.reactiveBridge = reactor.netty.channel.ChannelOperationsHandler)}
15:53:13.025 [reactor-http-nio-48] DEBUG reactor.netty.resources.PooledConnectionProvider - [id: 0x7a76d748] Created new pooled channel, now 0 active connections and 254 inactive connections
15:53:13.025 [reactor-http-nio-48] DEBUG reactor.netty.channel.BootstrapHandlers - [id: 0x7a76d748] Initialized pipeline DefaultChannelPipeline{(BootstrapHandlers$BootstrapInitializerHandler#0 = reactor.netty.channel.BootstrapHandlers$BootstrapInitializerHandler), (SimpleChannelPool$1#0 = io.netty.channel.pool.SimpleChannelPool$1), (reactor.left.httpCodec = io.netty.handler.codec.http.HttpClientCodec), (reactor.left.decompressor = io.netty.handler.codec.http.HttpContentDecompressor), (reactor.right.reactiveBridge = reactor.netty.channel.ChannelOperationsHandler)}
15:53:13.025 [reactor-http-nio-48] DEBUG reactor.netty.resources.PooledConnectionProvider - [id: 0x7fe5ccf9] Created new pooled channel, now 0 active connections and 255 inactive connections
15:53:13.026 [reactor-http-nio-48] DEBUG reactor.netty.channel.BootstrapHandlers - [id: 0x7fe5ccf9] Initialized pipeline DefaultChannelPipeline{(BootstrapHandlers$BootstrapInitializerHandler#0 = reactor.netty.channel.BootstrapHandlers$BootstrapInitializerHandler), (SimpleChannelPool$1#0 = io.netty.channel.pool.SimpleChannelPool$1), (reactor.left.httpCodec = io.netty.handler.codec.http.HttpClientCodec), (reactor.left.decompressor = io.netty.handler.codec.http.HttpContentDecompressor), (reactor.right.reactiveBridge = reactor.netty.channel.ChannelOperationsHandler)}
15:53:13.026 [reactor-http-nio-48] DEBUG reactor.netty.resources.PooledConnectionProvider - [id: 0xce6ce1c7] Created new pooled channel, now 0 active connections and 256 inactive connections
15:53:13.026 [reactor-http-nio-48] DEBUG reactor.netty.channel.BootstrapHandlers - [id: 0xce6ce1c7] Initialized pipeline DefaultChannelPipeline{(BootstrapHandlers$BootstrapInitializerHandler#0 = reactor.netty.channel.BootstrapHandlers$BootstrapInitializerHandler), (SimpleChannelPool$1#0 = io.netty.channel.pool.SimpleChannelPool$1), (reactor.left.httpCodec = io.netty.handler.codec.http.HttpClientCodec), (reactor.left.decompressor = io.netty.handler.codec.http.HttpContentDecompressor), (reactor.right.reactiveBridge = reactor.netty.channel.ChannelOperationsHandler)}
15:53:13.026 [reactor-http-nio-48] DEBUG reactor.netty.resources.PooledConnectionProvider - [id: 0x2539c881] Created new pooled channel, now 0 active connections and 257 inactive connections
15:53:13.033 [reactor-http-nio-48] DEBUG reactor.netty.channel.BootstrapHandlers - [id: 0x2539c881] Initialized pipeline DefaultChannelPipeline{(BootstrapHandlers$BootstrapInitializerHandler#0 = reactor.netty.channel.BootstrapHandlers$BootstrapInitializerHandler), (SimpleChannelPool$1#0 = io.netty.channel.pool.SimpleChannelPool$1), (reactor.left.httpCodec = io.netty.handler.codec.http.HttpClientCodec), (reactor.left.decompressor = io.netty.handler.codec.http.HttpContentDecompressor), (reactor.right.reactiveBridge = reactor.netty.channel.ChannelOperationsHandler)}
15:53:13.033 [reactor-http-nio-48] DEBUG reactor.netty.resources.PooledConnectionProvider - [id: 0xed116a68] Created new pooled channel, now 0 active connections and 258 inactive connections
15:53:13.033 [reactor-http-nio-48] DEBUG reactor.netty.channel.BootstrapHandlers - [id: 0xed116a68] Initialized pipeline DefaultChannelPipeline{(BootstrapHandlers$BootstrapInitializerHandler#0 = reactor.netty.channel.BootstrapHandlers$BootstrapInitializerHandler), (SimpleChannelPool$1#0 = io.netty.channel.pool.SimpleChannelPool$1), (reactor.left.httpCodec = io.netty.handler.codec.http.HttpClientCodec), (reactor.left.decompressor = io.netty.handler.codec.http.HttpContentDecompressor), (reactor.right.reactiveBridge = reactor.netty.channel.ChannelOperationsHandler)}
15:53:13.034 [reactor-http-nio-48] DEBUG reactor.netty.resources.PooledConnectionProvider - [id: 0xf514f1ff] Created new pooled channel, now 0 active connections and 259 inactive connections
15:53:13.034 [reactor-http-nio-48] DEBUG reactor.netty.channel.BootstrapHandlers - [id: 0xf514f1ff] Initialized pipeline DefaultChannelPipeline{(BootstrapHandlers$BootstrapInitializerHandler#0 = reactor.netty.channel.BootstrapHandlers$BootstrapInitializerHandler), (SimpleChannelPool$1#0 = io.netty.channel.pool.SimpleChannelPool$1), (reactor.left.httpCodec = io.netty.handler.codec.http.HttpClientCodec), (reactor.left.decompressor = io.netty.handler.codec.http.HttpContentDecompressor), (reactor.right.reactiveBridge = reactor.netty.channel.ChannelOperationsHandler)}
15:53:13.034 [reactor-http-nio-48] DEBUG reactor.netty.resources.PooledConnectionProvider - [id: 0x52b43451] Created new pooled channel, now 0 active connections and 260 inactive connections
15:53:13.034 [reactor-http-nio-48] DEBUG reactor.netty.channel.BootstrapHandlers - [id: 0x52b43451] Initialized pipeline DefaultChannelPipeline{(BootstrapHandlers$BootstrapInitializerHandler#0 = reactor.netty.channel.BootstrapHandlers$BootstrapInitializerHandler), (SimpleChannelPool$1#0 = io.netty.channel.pool.SimpleChannelPool$1), (reactor.left.httpCodec = io.netty.handler.codec.http.HttpClientCodec), (reactor.left.decompressor = io.netty.handler.codec.http.HttpContentDecompressor), (reactor.right.reactiveBridge = reactor.netty.channel.ChannelOperationsHandler)}
15:53:13.034 [reactor-http-nio-48] DEBUG reactor.netty.resources.PooledConnectionProvider - [id: 0x64fd7ec9] Created new pooled channel, now 0 active connections and 261 inactive connections
15:53:13.034 [reactor-http-nio-48] DEBUG reactor.netty.channel.BootstrapHandlers - [id: 0x64fd7ec9] Initialized pipeline DefaultChannelPipeline{(BootstrapHandlers$BootstrapInitializerHandler#0 = reactor.netty.channel.BootstrapHandlers$BootstrapInitializerHandler), (SimpleChannelPool$1#0 = io.netty.channel.pool.SimpleChannelPool$1), (reactor.left.httpCodec = io.netty.handler.codec.http.HttpClientCodec), (reactor.left.decompressor = io.netty.handler.codec.http.HttpContentDecompressor), (reactor.right.reactiveBridge = reactor.netty.channel.ChannelOperationsHandler)}
15:53:13.035 [reactor-http-nio-48] DEBUG reactor.netty.resources.PooledConnectionProvider - [id: 0xfb8f1562] Created new pooled channel, now 0 active connections and 262 inactive connections
15:53:13.035 [reactor-http-nio-48] DEBUG reactor.netty.channel.BootstrapHandlers - [id: 0xfb8f1562] Initialized pipeline DefaultChannelPipeline{(BootstrapHandlers$BootstrapInitializerHandler#0 = reactor.netty.channel.BootstrapHandlers$BootstrapInitializerHandler), (SimpleChannelPool$1#0 = io.netty.channel.pool.SimpleChannelPool$1), (reactor.left.httpCodec = io.netty.handler.codec.http.HttpClientCodec), (reactor.left.decompressor = io.netty.handler.codec.http.HttpContentDecompressor), (reactor.right.reactiveBridge = reactor.netty.channel.ChannelOperationsHandler)}
15:53:13.036 [reactor-http-nio-48] DEBUG reactor.netty.resources.PooledConnectionProvider - [id: 0xf2727193] Created new pooled channel, now 0 active connections and 263 inactive connections
15:53:13.039 [reactor-http-nio-48] DEBUG reactor.netty.channel.BootstrapHandlers - [id: 0xf2727193] Initialized pipeline DefaultChannelPipeline{(BootstrapHandlers$BootstrapInitializerHandler#0 = reactor.netty.channel.BootstrapHandlers$BootstrapInitializerHandler), (SimpleChannelPool$1#0 = io.netty.channel.pool.SimpleChannelPool$1), (reactor.left.httpCodec = io.netty.handler.codec.http.HttpClientCodec), (reactor.left.decompressor = io.netty.handler.codec.http.HttpContentDecompressor), (reactor.right.reactiveBridge = reactor.netty.channel.ChannelOperationsHandler)}
15:53:13.041 [reactor-http-nio-48] DEBUG reactor.netty.resources.PooledConnectionProvider - [id: 0xb736888f] Created new pooled channel, now 0 active connections and 264 inactive connections
15:53:13.042 [reactor-http-nio-48] DEBUG reactor.netty.channel.BootstrapHandlers - [id: 0xb736888f] Initialized pipeline DefaultChannelPipeline{(BootstrapHandlers$BootstrapInitializerHandler#0 = reactor.netty.channel.BootstrapHandlers$BootstrapInitializerHandler), (SimpleChannelPool$1#0 = io.netty.channel.pool.SimpleChannelPool$1), (reactor.left.httpCodec = io.netty.handler.codec.http.HttpClientCodec), (reactor.left.decompressor = io.netty.handler.codec.http.HttpContentDecompressor), (reactor.right.reactiveBridge = reactor.netty.channel.ChannelOperationsHandler)}
15:53:13.042 [reactor-http-nio-48] DEBUG reactor.netty.resources.PooledConnectionProvider - [id: 0x4cd11612] Created new pooled channel, now 0 active connections and 265 inactive connections
15:53:13.042 [reactor-http-nio-48] DEBUG reactor.netty.channel.BootstrapHandlers - [id: 0x4cd11612] Initialized pipeline DefaultChannelPipeline{(BootstrapHandlers$BootstrapInitializerHandler#0 = reactor.netty.channel.BootstrapHandlers$BootstrapInitializerHandler), (SimpleChannelPool$1#0 = io.netty.channel.pool.SimpleChannelPool$1), (reactor.left.httpCodec = io.netty.handler.codec.http.HttpClientCodec), (reactor.left.decompressor = io.netty.handler.codec.http.HttpContentDecompressor), (reactor.right.reactiveBridge = reactor.netty.channel.ChannelOperationsHandler)}
15:53:13.043 [reactor-http-nio-48] DEBUG reactor.netty.resources.PooledConnectionProvider - [id: 0x6c9d2faf] Created new pooled channel, now 0 active connections and 266 inactive connections
15:53:13.043 [reactor-http-nio-48] DEBUG reactor.netty.channel.BootstrapHandlers - [id: 0x6c9d2faf] Initialized pipeline DefaultChannelPipeline{(BootstrapHandlers$BootstrapInitializerHandler#0 = reactor.netty.channel.BootstrapHandlers$BootstrapInitializerHandler), (SimpleChannelPool$1#0 = io.netty.channel.pool.SimpleChannelPool$1), (reactor.left.httpCodec = io.netty.handler.codec.http.HttpClientCodec), (reactor.left.decompressor = io.netty.handler.codec.http.HttpContentDecompressor), (reactor.right.reactiveBridge = reactor.netty.channel.ChannelOperationsHandler)}
15:53:13.044 [reactor-http-nio-48] DEBUG reactor.netty.resources.PooledConnectionProvider - [id: 0x3f7d5ef0] Created new pooled channel, now 0 active connections and 267 inactive connections
15:53:13.044 [reactor-http-nio-48] DEBUG reactor.netty.channel.BootstrapHandlers - [id: 0x3f7d5ef0] Initialized pipeline DefaultChannelPipeline{(BootstrapHandlers$BootstrapInitializerHandler#0 = reactor.netty.channel.BootstrapHandlers$BootstrapInitializerHandler), (SimpleChannelPool$1#0 = io.netty.channel.pool.SimpleChannelPool$1), (reactor.left.httpCodec = io.netty.handler.codec.http.HttpClientCodec), (reactor.left.decompressor = io.netty.handler.codec.http.HttpContentDecompressor), (reactor.right.reactiveBridge = reactor.netty.channel.ChannelOperationsHandler)}
15:53:13.044 [reactor-http-nio-48] DEBUG reactor.netty.resources.PooledConnectionProvider - [id: 0xd62a591a] Created new pooled channel, now 0 active connections and 268 inactive connections
15:53:13.044 [reactor-http-nio-48] DEBUG reactor.netty.channel.BootstrapHandlers - [id: 0xd62a591a] Initialized pipeline DefaultChannelPipeline{(BootstrapHandlers$BootstrapInitializerHandler#0 = reactor.netty.channel.BootstrapHandlers$BootstrapInitializerHandler), (SimpleChannelPool$1#0 = io.netty.channel.pool.SimpleChannelPool$1), (reactor.left.httpCodec = io.netty.handler.codec.http.HttpClientCodec), (reactor.left.decompressor = io.netty.handler.codec.http.HttpContentDecompressor), (reactor.right.reactiveBridge = reactor.netty.channel.ChannelOperationsHandler)}
15:53:13.045 [reactor-http-nio-48] DEBUG reactor.netty.resources.PooledConnectionProvider - [id: 0x6a55ffeb] Created new pooled channel, now 0 active connections and 269 inactive connections
15:53:13.045 [reactor-http-nio-48] DEBUG reactor.netty.channel.BootstrapHandlers - [id: 0x6a55ffeb] Initialized pipeline DefaultChannelPipeline{(BootstrapHandlers$BootstrapInitializerHandler#0 = reactor.netty.channel.BootstrapHandlers$BootstrapInitializerHandler), (SimpleChannelPool$1#0 = io.netty.channel.pool.SimpleChannelPool$1), (reactor.left.httpCodec = io.netty.handler.codec.http.HttpClientCodec), (reactor.left.decompressor = io.netty.handler.codec.http.HttpContentDecompressor), (reactor.right.reactiveBridge = reactor.netty.channel.ChannelOperationsHandler)}
15:53:13.045 [reactor-http-nio-48] DEBUG reactor.netty.resources.PooledConnectionProvider - [id: 0xa3c72883] Created new pooled channel, now 0 active connections and 270 inactive connections
15:53:13.045 [reactor-http-nio-48] DEBUG reactor.netty.channel.BootstrapHandlers - [id: 0xa3c72883] Initialized pipeline DefaultChannelPipeline{(BootstrapHandlers$BootstrapInitializerHandler#0 = reactor.netty.channel.BootstrapHandlers$BootstrapInitializerHandler), (SimpleChannelPool$1#0 = io.netty.channel.pool.SimpleChannelPool$1), (reactor.left.httpCodec = io.netty.handler.codec.http.HttpClientCodec), (reactor.left.decompressor = io.netty.handler.codec.http.HttpContentDecompressor), (reactor.right.reactiveBridge = reactor.netty.channel.ChannelOperationsHandler)}
15:53:13.045 [reactor-http-nio-48] DEBUG reactor.netty.resources.PooledConnectionProvider - [id: 0x3ef135e7] Created new pooled channel, now 0 active connections and 271 inactive connections
15:53:13.046 [reactor-http-nio-48] DEBUG reactor.netty.channel.BootstrapHandlers - [id: 0x3ef135e7] Initialized pipeline DefaultChannelPipeline{(BootstrapHandlers$BootstrapInitializerHandler#0 = reactor.netty.channel.BootstrapHandlers$BootstrapInitializerHandler), (SimpleChannelPool$1#0 = io.netty.channel.pool.SimpleChannelPool$1), (reactor.left.httpCodec = io.netty.handler.codec.http.HttpClientCodec), (reactor.left.decompressor = io.netty.handler.codec.http.HttpContentDecompressor), (reactor.right.reactiveBridge = reactor.netty.channel.ChannelOperationsHandler)}
15:53:13.046 [reactor-http-nio-48] DEBUG reactor.netty.resources.PooledConnectionProvider - [id: 0xc9744fd6] Created new pooled channel, now 0 active connections and 272 inactive connections
15:53:13.046 [reactor-http-nio-48] DEBUG reactor.netty.channel.BootstrapHandlers - [id: 0xc9744fd6] Initialized pipeline DefaultChannelPipeline{(BootstrapHandlers$BootstrapInitializerHandler#0 = reactor.netty.channel.BootstrapHandlers$BootstrapInitializerHandler), (SimpleChannelPool$1#0 = io.netty.channel.pool.SimpleChannelPool$1), (reactor.left.httpCodec = io.netty.handler.codec.http.HttpClientCodec), (reactor.left.decompressor = io.netty.handler.codec.http.HttpContentDecompressor), (reactor.right.reactiveBridge = reactor.netty.channel.ChannelOperationsHandler)}
15:53:13.046 [reactor-http-nio-48] DEBUG reactor.netty.resources.PooledConnectionProvider - [id: 0xbf312382] Created new pooled channel, now 0 active connections and 273 inactive connections
15:53:13.046 [reactor-http-nio-48] DEBUG reactor.netty.channel.BootstrapHandlers - [id: 0xbf312382] Initialized pipeline DefaultChannelPipeline{(BootstrapHandlers$BootstrapInitializerHandler#0 = reactor.netty.channel.BootstrapHandlers$BootstrapInitializerHandler), (SimpleChannelPool$1#0 = io.netty.channel.pool.SimpleChannelPool$1), (reactor.left.httpCodec = io.netty.handler.codec.http.HttpClientCodec), (reactor.left.decompressor = io.netty.handler.codec.http.HttpContentDecompressor), (reactor.right.reactiveBridge = reactor.netty.channel.ChannelOperationsHandler)}
15:53:13.047 [reactor-http-nio-46] DEBUG reactor.netty.resources.PooledConnectionProvider - [id: 0xbc334cd2] Created new pooled channel, now 0 active connections and 274 inactive connections
15:53:13.048 [reactor-http-nio-46] DEBUG reactor.netty.channel.BootstrapHandlers - [id: 0xbc334cd2] Initialized pipeline DefaultChannelPipeline{(BootstrapHandlers$BootstrapInitializerHandler#0 = reactor.netty.channel.BootstrapHandlers$BootstrapInitializerHandler), (SimpleChannelPool$1#0 = io.netty.channel.pool.SimpleChannelPool$1), (reactor.left.httpCodec = io.netty.handler.codec.http.HttpClientCodec), (reactor.left.decompressor = io.netty.handler.codec.http.HttpContentDecompressor), (reactor.right.reactiveBridge = reactor.netty.channel.ChannelOperationsHandler)}
15:53:13.049 [reactor-http-nio-46] DEBUG reactor.netty.resources.PooledConnectionProvider - [id: 0x7604c246] Created new pooled channel, now 0 active connections and 275 inactive connections
15:53:13.049 [reactor-http-nio-46] DEBUG reactor.netty.channel.BootstrapHandlers - [id: 0x7604c246] Initialized pipeline DefaultChannelPipeline{(BootstrapHandlers$BootstrapInitializerHandler#0 = reactor.netty.channel.BootstrapHandlers$BootstrapInitializerHandler), (SimpleChannelPool$1#0 = io.netty.channel.pool.SimpleChannelPool$1), (reactor.left.httpCodec = io.netty.handler.codec.http.HttpClientCodec), (reactor.left.decompressor = io.netty.handler.codec.http.HttpContentDecompressor), (reactor.right.reactiveBridge = reactor.netty.channel.ChannelOperationsHandler)}
15:53:13.050 [reactor-http-nio-46] DEBUG reactor.netty.resources.PooledConnectionProvider - [id: 0x0ca67bea] Created new pooled channel, now 0 active connections and 276 inactive connections
15:53:13.050 [reactor-http-nio-41] DEBUG reactor.netty.resources.PooledConnectionProvider - [id: 0x04d95a3a] Created new pooled channel, now 0 active connections and 276 inactive connections
15:53:13.050 [reactor-http-nio-41] DEBUG reactor.netty.channel.BootstrapHandlers - [id: 0x04d95a3a] Initialized pipeline DefaultChannelPipeline{(BootstrapHandlers$BootstrapInitializerHandler#0 = reactor.netty.channel.BootstrapHandlers$BootstrapInitializerHandler), (SimpleChannelPool$1#0 = io.netty.channel.pool.SimpleChannelPool$1), (reactor.left.httpCodec = io.netty.handler.codec.http.HttpClientCodec), (reactor.left.decompressor = io.netty.handler.codec.http.HttpContentDecompressor), (reactor.right.reactiveBridge = reactor.netty.channel.ChannelOperationsHandler)}
15:53:13.050 [reactor-http-nio-41] DEBUG reactor.netty.resources.PooledConnectionProvider - [id: 0x4d5a5786] Created new pooled channel, now 0 active connections and 277 inactive connections
15:53:13.051 [reactor-http-nio-41] DEBUG reactor.netty.channel.BootstrapHandlers - [id: 0x4d5a5786] Initialized pipeline DefaultChannelPipeline{(BootstrapHandlers$BootstrapInitializerHandler#0 = reactor.netty.channel.BootstrapHandlers$BootstrapInitializerHandler), (SimpleChannelPool$1#0 = io.netty.channel.pool.SimpleChannelPool$1), (reactor.left.httpCodec = io.netty.handler.codec.http.HttpClientCodec), (reactor.left.decompressor = io.netty.handler.codec.http.HttpContentDecompressor), (reactor.right.reactiveBridge = reactor.netty.channel.ChannelOperationsHandler)}
15:53:13.051 [reactor-http-nio-41] DEBUG reactor.netty.resources.PooledConnectionProvider - [id: 0xb5e0c104] Created new pooled channel, now 0 active connections and 278 inactive connections
15:53:13.051 [reactor-http-nio-41] DEBUG reactor.netty.channel.BootstrapHandlers - [id: 0xb5e0c104] Initialized pipeline DefaultChannelPipeline{(BootstrapHandlers$BootstrapInitializerHandler#0 = reactor.netty.channel.BootstrapHandlers$BootstrapInitializerHandler), (SimpleChannelPool$1#0 = io.netty.channel.pool.SimpleChannelPool$1), (reactor.left.httpCodec = io.netty.handler.codec.http.HttpClientCodec), (reactor.left.decompressor = io.netty.handler.codec.http.HttpContentDecompressor), (reactor.right.reactiveBridge = reactor.netty.channel.ChannelOperationsHandler)}
15:53:13.051 [reactor-http-nio-46] DEBUG reactor.netty.channel.BootstrapHandlers - [id: 0x0ca67bea] Initialized pipeline DefaultChannelPipeline{(BootstrapHandlers$BootstrapInitializerHandler#0 = reactor.netty.channel.BootstrapHandlers$BootstrapInitializerHandler), (SimpleChannelPool$1#0 = io.netty.channel.pool.SimpleChannelPool$1), (reactor.left.httpCodec = io.netty.handler.codec.http.HttpClientCodec), (reactor.left.decompressor = io.netty.handler.codec.http.HttpContentDecompressor), (reactor.right.reactiveBridge = reactor.netty.channel.ChannelOperationsHandler)}
15:53:13.051 [reactor-http-nio-41] DEBUG reactor.netty.resources.PooledConnectionProvider - [id: 0x1649a857] Created new pooled channel, now 0 active connections and 279 inactive connections
15:53:13.051 [reactor-http-nio-41] DEBUG reactor.netty.channel.BootstrapHandlers - [id: 0x1649a857] Initialized pipeline DefaultChannelPipeline{(BootstrapHandlers$BootstrapInitializerHandler#0 = reactor.netty.channel.BootstrapHandlers$BootstrapInitializerHandler), (SimpleChannelPool$1#0 = io.netty.channel.pool.SimpleChannelPool$1), (reactor.left.httpCodec = io.netty.handler.codec.http.HttpClientCodec), (reactor.left.decompressor = io.netty.handler.codec.http.HttpContentDecompressor), (reactor.right.reactiveBridge = reactor.netty.channel.ChannelOperationsHandler)}
15:53:13.052 [reactor-http-nio-41] DEBUG reactor.netty.resources.PooledConnectionProvider - [id: 0x1fca7f5e] Created new pooled channel, now 0 active connections and 281 inactive connections
15:53:13.052 [reactor-http-nio-41] DEBUG reactor.netty.channel.BootstrapHandlers - [id: 0x1fca7f5e] Initialized pipeline DefaultChannelPipeline{(BootstrapHandlers$BootstrapInitializerHandler#0 = reactor.netty.channel.BootstrapHandlers$BootstrapInitializerHandler), (SimpleChannelPool$1#0 = io.netty.channel.pool.SimpleChannelPool$1), (reactor.left.httpCodec = io.netty.handler.codec.http.HttpClientCodec), (reactor.left.decompressor = io.netty.handler.codec.http.HttpContentDecompressor), (reactor.right.reactiveBridge = reactor.netty.channel.ChannelOperationsHandler)}
15:53:13.052 [reactor-http-nio-41] DEBUG reactor.netty.resources.PooledConnectionProvider - [id: 0xfdd4189a] Created new pooled channel, now 0 active connections and 282 inactive connections
15:53:13.052 [reactor-http-nio-41] DEBUG reactor.netty.channel.BootstrapHandlers - [id: 0xfdd4189a] Initialized pipeline DefaultChannelPipeline{(BootstrapHandlers$BootstrapInitializerHandler#0 = reactor.netty.channel.BootstrapHandlers$BootstrapInitializerHandler), (SimpleChannelPool$1#0 = io.netty.channel.pool.SimpleChannelPool$1), (reactor.left.httpCodec = io.netty.handler.codec.http.HttpClientCodec), (reactor.left.decompressor = io.netty.handler.codec.http.HttpContentDecompressor), (reactor.right.reactiveBridge = reactor.netty.channel.ChannelOperationsHandler)}
15:53:13.052 [reactor-http-nio-41] DEBUG reactor.netty.resources.PooledConnectionProvider - [id: 0x1133f190] Created new pooled channel, now 0 active connections and 283 inactive connections
15:53:13.052 [reactor-http-nio-41] DEBUG reactor.netty.channel.BootstrapHandlers - [id: 0x1133f190] Initialized pipeline DefaultChannelPipeline{(BootstrapHandlers$BootstrapInitializerHandler#0 = reactor.netty.channel.BootstrapHandlers$BootstrapInitializerHandler), (SimpleChannelPool$1#0 = io.netty.channel.pool.SimpleChannelPool$1), (reactor.left.httpCodec = io.netty.handler.codec.http.HttpClientCodec), (reactor.left.decompressor = io.netty.handler.codec.http.HttpContentDecompressor), (reactor.right.reactiveBridge = reactor.netty.channel.ChannelOperationsHandler)}
15:53:13.052 [reactor-http-nio-46] DEBUG reactor.netty.resources.PooledConnectionProvider - [id: 0xd4e50150] Created new pooled channel, now 0 active connections and 283 inactive connections
15:53:13.053 [reactor-http-nio-46] DEBUG reactor.netty.channel.BootstrapHandlers - [id: 0xd4e50150] Initialized pipeline DefaultChannelPipeline{(BootstrapHandlers$BootstrapInitializerHandler#0 = reactor.netty.channel.BootstrapHandlers$BootstrapInitializerHandler), (SimpleChannelPool$1#0 = io.netty.channel.pool.SimpleChannelPool$1), (reactor.left.httpCodec = io.netty.handler.codec.http.HttpClientCodec), (reactor.left.decompressor = io.netty.handler.codec.http.HttpContentDecompressor), (reactor.right.reactiveBridge = reactor.netty.channel.ChannelOperationsHandler)}
15:53:13.053 [reactor-http-nio-41] DEBUG reactor.netty.resources.PooledConnectionProvider - [id: 0x08aaa308] Created new pooled channel, now 0 active connections and 284 inactive connections
15:53:13.054 [reactor-http-nio-41] DEBUG reactor.netty.channel.BootstrapHandlers - [id: 0x08aaa308] Initialized pipeline DefaultChannelPipeline{(BootstrapHandlers$BootstrapInitializerHandler#0 = reactor.netty.channel.BootstrapHandlers$BootstrapInitializerHandler), (SimpleChannelPool$1#0 = io.netty.channel.pool.SimpleChannelPool$1), (reactor.left.httpCodec = io.netty.handler.codec.http.HttpClientCodec), (reactor.left.decompressor = io.netty.handler.codec.http.HttpContentDecompressor), (reactor.right.reactiveBridge = reactor.netty.channel.ChannelOperationsHandler)}
15:53:13.054 [reactor-http-nio-41] DEBUG reactor.netty.resources.PooledConnectionProvider - [id: 0x03dc54cb] Created new pooled channel, now 0 active connections and 285 inactive connections
15:53:13.054 [reactor-http-nio-41] DEBUG reactor.netty.channel.BootstrapHandlers - [id: 0x03dc54cb] Initialized pipeline DefaultChannelPipeline{(BootstrapHandlers$BootstrapInitializerHandler#0 = reactor.netty.channel.BootstrapHandlers$BootstrapInitializerHandler), (SimpleChannelPool$1#0 = io.netty.channel.pool.SimpleChannelPool$1), (reactor.left.httpCodec = io.netty.handler.codec.http.HttpClientCodec), (reactor.left.decompressor = io.netty.handler.codec.http.HttpContentDecompressor), (reactor.right.reactiveBridge = reactor.netty.channel.ChannelOperationsHandler)}
15:53:13.055 [reactor-http-nio-41] DEBUG reactor.netty.resources.PooledConnectionProvider - [id: 0x9af0e655] Created new pooled channel, now 0 active connections and 286 inactive connections
15:53:13.055 [reactor-http-nio-41] DEBUG reactor.netty.channel.BootstrapHandlers - [id: 0x9af0e655] Initialized pipeline DefaultChannelPipeline{(BootstrapHandlers$BootstrapInitializerHandler#0 = reactor.netty.channel.BootstrapHandlers$BootstrapInitializerHandler), (SimpleChannelPool$1#0 = io.netty.channel.pool.SimpleChannelPool$1), (reactor.left.httpCodec = io.netty.handler.codec.http.HttpClientCodec), (reactor.left.decompressor = io.netty.handler.codec.http.HttpContentDecompressor), (reactor.right.reactiveBridge = reactor.netty.channel.ChannelOperationsHandler)}
15:53:13.055 [reactor-http-nio-41] DEBUG reactor.netty.resources.PooledConnectionProvider - [id: 0x20fc71d3] Created new pooled channel, now 0 active connections and 287 inactive connections
15:53:13.055 [reactor-http-nio-41] DEBUG reactor.netty.channel.BootstrapHandlers - [id: 0x20fc71d3] Initialized pipeline DefaultChannelPipeline{(BootstrapHandlers$BootstrapInitializerHandler#0 = reactor.netty.channel.BootstrapHandlers$BootstrapInitializerHandler), (SimpleChannelPool$1#0 = io.netty.channel.pool.SimpleChannelPool$1), (reactor.left.httpCodec = io.netty.handler.codec.http.HttpClientCodec), (reactor.left.decompressor = io.netty.handler.codec.http.HttpContentDecompressor), (reactor.right.reactiveBridge = reactor.netty.channel.ChannelOperationsHandler)}
15:53:13.055 [reactor-http-nio-41] DEBUG reactor.netty.resources.PooledConnectionProvider - [id: 0x1ae38938] Created new pooled channel, now 0 active connections and 288 inactive connections
15:53:13.055 [reactor-http-nio-41] DEBUG reactor.netty.channel.BootstrapHandlers - [id: 0x1ae38938] Initialized pipeline DefaultChannelPipeline{(BootstrapHandlers$BootstrapInitializerHandler#0 = reactor.netty.channel.BootstrapHandlers$BootstrapInitializerHandler), (SimpleChannelPool$1#0 = io.netty.channel.pool.SimpleChannelPool$1), (reactor.left.httpCodec = io.netty.handler.codec.http.HttpClientCodec), (reactor.left.decompressor = io.netty.handler.codec.http.HttpContentDecompressor), (reactor.right.reactiveBridge = reactor.netty.channel.ChannelOperationsHandler)}
15:53:13.056 [reactor-http-nio-41] DEBUG reactor.netty.resources.PooledConnectionProvider - [id: 0xc0a2c902] Created new pooled channel, now 0 active connections and 289 inactive connections
15:53:13.056 [reactor-http-nio-41] DEBUG reactor.netty.channel.BootstrapHandlers - [id: 0xc0a2c902] Initialized pipeline DefaultChannelPipeline{(BootstrapHandlers$BootstrapInitializerHandler#0 = reactor.netty.channel.BootstrapHandlers$BootstrapInitializerHandler), (SimpleChannelPool$1#0 = io.netty.channel.pool.SimpleChannelPool$1), (reactor.left.httpCodec = io.netty.handler.codec.http.HttpClientCodec), (reactor.left.decompressor = io.netty.handler.codec.http.HttpContentDecompressor), (reactor.right.reactiveBridge = reactor.netty.channel.ChannelOperationsHandler)}
15:53:13.056 [reactor-http-nio-41] DEBUG reactor.netty.resources.PooledConnectionProvider - [id: 0xf0244be7] Created new pooled channel, now 0 active connections and 290 inactive connections
15:53:13.056 [reactor-http-nio-41] DEBUG reactor.netty.channel.BootstrapHandlers - [id: 0xf0244be7] Initialized pipeline DefaultChannelPipeline{(BootstrapHandlers$BootstrapInitializerHandler#0 = reactor.netty.channel.BootstrapHandlers$BootstrapInitializerHandler), (SimpleChannelPool$1#0 = io.netty.channel.pool.SimpleChannelPool$1), (reactor.left.httpCodec = io.netty.handler.codec.http.HttpClientCodec), (reactor.left.decompressor = io.netty.handler.codec.http.HttpContentDecompressor), (reactor.right.reactiveBridge = reactor.netty.channel.ChannelOperationsHandler)}
15:53:13.056 [reactor-http-nio-41] DEBUG reactor.netty.resources.PooledConnectionProvider - [id: 0x003d9ecc] Created new pooled channel, now 0 active connections and 292 inactive connections
15:53:13.056 [reactor-http-nio-41] DEBUG reactor.netty.channel.BootstrapHandlers - [id: 0x003d9ecc] Initialized pipeline DefaultChannelPipeline{(BootstrapHandlers$BootstrapInitializerHandler#0 = reactor.netty.channel.BootstrapHandlers$BootstrapInitializerHandler), (SimpleChannelPool$1#0 = io.netty.channel.pool.SimpleChannelPool$1), (reactor.left.httpCodec = io.netty.handler.codec.http.HttpClientCodec), (reactor.left.decompressor = io.netty.handler.codec.http.HttpContentDecompressor), (reactor.right.reactiveBridge = reactor.netty.channel.ChannelOperationsHandler)}
15:53:13.057 [reactor-http-nio-41] DEBUG reactor.netty.resources.PooledConnectionProvider - [id: 0x363ce47f] Created new pooled channel, now 0 active connections and 293 inactive connections
15:53:13.057 [reactor-http-nio-41] DEBUG reactor.netty.channel.BootstrapHandlers - [id: 0x363ce47f] Initialized pipeline DefaultChannelPipeline{(BootstrapHandlers$BootstrapInitializerHandler#0 = reactor.netty.channel.BootstrapHandlers$BootstrapInitializerHandler), (SimpleChannelPool$1#0 = io.netty.channel.pool.SimpleChannelPool$1), (reactor.left.httpCodec = io.netty.handler.codec.http.HttpClientCodec), (reactor.left.decompressor = io.netty.handler.codec.http.HttpContentDecompressor), (reactor.right.reactiveBridge = reactor.netty.channel.ChannelOperationsHandler)}
15:53:13.057 [reactor-http-nio-41] DEBUG reactor.netty.resources.PooledConnectionProvider - [id: 0x45e1ba3f] Created new pooled channel, now 0 active connections and 294 inactive connections
15:53:13.057 [reactor-http-nio-41] DEBUG reactor.netty.channel.BootstrapHandlers - [id: 0x45e1ba3f] Initialized pipeline DefaultChannelPipeline{(BootstrapHandlers$BootstrapInitializerHandler#0 = reactor.netty.channel.BootstrapHandlers$BootstrapInitializerHandler), (SimpleChannelPool$1#0 = io.netty.channel.pool.SimpleChannelPool$1), (reactor.left.httpCodec = io.netty.handler.codec.http.HttpClientCodec), (reactor.left.decompressor = io.netty.handler.codec.http.HttpContentDecompressor), (reactor.right.reactiveBridge = reactor.netty.channel.ChannelOperationsHandler)}
15:53:13.057 [reactor-http-nio-41] DEBUG reactor.netty.resources.PooledConnectionProvider - [id: 0xaec00cf3] Created new pooled channel, now 0 active connections and 295 inactive connections
15:53:13.057 [reactor-http-nio-41] DEBUG reactor.netty.channel.BootstrapHandlers - [id: 0xaec00cf3] Initialized pipeline DefaultChannelPipeline{(BootstrapHandlers$BootstrapInitializerHandler#0 = reactor.netty.channel.BootstrapHandlers$BootstrapInitializerHandler), (SimpleChannelPool$1#0 = io.netty.channel.pool.SimpleChannelPool$1), (reactor.left.httpCodec = io.netty.handler.codec.http.HttpClientCodec), (reactor.left.decompressor = io.netty.handler.codec.http.HttpContentDecompressor), (reactor.right.reactiveBridge = reactor.netty.channel.ChannelOperationsHandler)}
15:53:13.058 [reactor-http-nio-46] DEBUG reactor.netty.resources.PooledConnectionProvider - [id: 0xdb79907c] Created new pooled channel, now 0 active connections and 295 inactive connections
15:53:13.059 [reactor-http-nio-46] DEBUG reactor.netty.channel.BootstrapHandlers - [id: 0xdb79907c] Initialized pipeline DefaultChannelPipeline{(BootstrapHandlers$BootstrapInitializerHandler#0 = reactor.netty.channel.BootstrapHandlers$BootstrapInitializerHandler), (SimpleChannelPool$1#0 = io.netty.channel.pool.SimpleChannelPool$1), (reactor.left.httpCodec = io.netty.handler.codec.http.HttpClientCodec), (reactor.left.decompressor = io.netty.handler.codec.http.HttpContentDecompressor), (reactor.right.reactiveBridge = reactor.netty.channel.ChannelOperationsHandler)}
15:53:13.060 [reactor-http-nio-46] DEBUG reactor.netty.resources.PooledConnectionProvider - [id: 0x23ba406e] Created new pooled channel, now 0 active connections and 296 inactive connections
15:53:13.061 [reactor-http-nio-46] DEBUG reactor.netty.channel.BootstrapHandlers - [id: 0x23ba406e] Initialized pipeline DefaultChannelPipeline{(BootstrapHandlers$BootstrapInitializerHandler#0 = reactor.netty.channel.BootstrapHandlers$BootstrapInitializerHandler), (SimpleChannelPool$1#0 = io.netty.channel.pool.SimpleChannelPool$1), (reactor.left.httpCodec = io.netty.handler.codec.http.HttpClientCodec), (reactor.left.decompressor = io.netty.handler.codec.http.HttpContentDecompressor), (reactor.right.reactiveBridge = reactor.netty.channel.ChannelOperationsHandler)}
15:53:13.062 [reactor-http-nio-46] DEBUG reactor.netty.resources.PooledConnectionProvider - [id: 0x9443a469] Created new pooled channel, now 0 active connections and 297 inactive connections
15:53:13.062 [reactor-http-nio-46] DEBUG reactor.netty.channel.BootstrapHandlers - [id: 0x9443a469] Initialized pipeline DefaultChannelPipeline{(BootstrapHandlers$BootstrapInitializerHandler#0 = reactor.netty.channel.BootstrapHandlers$BootstrapInitializerHandler), (SimpleChannelPool$1#0 = io.netty.channel.pool.SimpleChannelPool$1), (reactor.left.httpCodec = io.netty.handler.codec.http.HttpClientCodec), (reactor.left.decompressor = io.netty.handler.codec.http.HttpContentDecompressor), (reactor.right.reactiveBridge = reactor.netty.channel.ChannelOperationsHandler)}
15:53:13.062 [reactor-http-nio-46] DEBUG reactor.netty.resources.PooledConnectionProvider - [id: 0xf6b8ded2] Created new pooled channel, now 0 active connections and 298 inactive connections
15:53:13.063 [reactor-http-nio-46] DEBUG reactor.netty.channel.BootstrapHandlers - [id: 0xf6b8ded2] Initialized pipeline DefaultChannelPipeline{(BootstrapHandlers$BootstrapInitializerHandler#0 = reactor.netty.channel.BootstrapHandlers$BootstrapInitializerHandler), (SimpleChannelPool$1#0 = io.netty.channel.pool.SimpleChannelPool$1), (reactor.left.httpCodec = io.netty.handler.codec.http.HttpClientCodec), (reactor.left.decompressor = io.netty.handler.codec.http.HttpContentDecompressor), (reactor.right.reactiveBridge = reactor.netty.channel.ChannelOperationsHandler)}
15:53:13.063 [reactor-http-nio-46] DEBUG reactor.netty.resources.PooledConnectionProvider - [id: 0x61ea6475] Created new pooled channel, now 0 active connections and 299 inactive connections
15:53:13.064 [reactor-http-nio-46] DEBUG reactor.netty.channel.BootstrapHandlers - [id: 0x61ea6475] Initialized pipeline DefaultChannelPipeline{(BootstrapHandlers$BootstrapInitializerHandler#0 = reactor.netty.channel.BootstrapHandlers$BootstrapInitializerHandler), (SimpleChannelPool$1#0 = io.netty.channel.pool.SimpleChannelPool$1), (reactor.left.httpCodec = io.netty.handler.codec.http.HttpClientCodec), (reactor.left.decompressor = io.netty.handler.codec.http.HttpContentDecompressor), (reactor.right.reactiveBridge = reactor.netty.channel.ChannelOperationsHandler)}
15:53:13.066 [reactor-http-nio-46] DEBUG reactor.netty.resources.PooledConnectionProvider - [id: 0xe5282f4b] Created new pooled channel, now 0 active connections and 300 inactive connections
15:53:13.066 [reactor-http-nio-46] DEBUG reactor.netty.channel.BootstrapHandlers - [id: 0xe5282f4b] Initialized pipeline DefaultChannelPipeline{(BootstrapHandlers$BootstrapInitializerHandler#0 = reactor.netty.channel.BootstrapHandlers$BootstrapInitializerHandler), (SimpleChannelPool$1#0 = io.netty.channel.pool.SimpleChannelPool$1), (reactor.left.httpCodec = io.netty.handler.codec.http.HttpClientCodec), (reactor.left.decompressor = io.netty.handler.codec.http.HttpContentDecompressor), (reactor.right.reactiveBridge = reactor.netty.channel.ChannelOperationsHandler)}
15:53:13.068 [reactor-http-nio-46] DEBUG reactor.netty.resources.PooledConnectionProvider - [id: 0xe2f159f9] Created new pooled channel, now 0 active connections and 301 inactive connections
15:53:13.068 [reactor-http-nio-46] DEBUG reactor.netty.channel.BootstrapHandlers - [id: 0xe2f159f9] Initialized pipeline DefaultChannelPipeline{(BootstrapHandlers$BootstrapInitializerHandler#0 = reactor.netty.channel.BootstrapHandlers$BootstrapInitializerHandler), (SimpleChannelPool$1#0 = io.netty.channel.pool.SimpleChannelPool$1), (reactor.left.httpCodec = io.netty.handler.codec.http.HttpClientCodec), (reactor.left.decompressor = io.netty.handler.codec.http.HttpContentDecompressor), (reactor.right.reactiveBridge = reactor.netty.channel.ChannelOperationsHandler)}
15:53:13.126 [reactor-http-nio-47] DEBUG reactor.netty.resources.PooledConnectionProvider - [id: 0x98143ed4, L:/127.0.0.1:51680 - R:localhost/127.0.0.1:8083] onStateChange(PooledConnection{channel=[id: 0x98143ed4, L:/127.0.0.1:51680 - R:localhost/127.0.0.1:8083]}, [connected])
15:53:13.128 [reactor-http-nio-41] DEBUG reactor.netty.resources.PooledConnectionProvider - [id: 0x866e01db, L:/127.0.0.1:51707 - R:localhost/127.0.0.1:8083] Registering pool release on close event for channel
15:53:13.129 [reactor-http-nio-41] DEBUG reactor.netty.resources.PooledConnectionProvider - [id: 0x866e01db, L:/127.0.0.1:51707 - R:localhost/127.0.0.1:8083] Channel connected, now 1 active connections and 300 inactive connections
15:53:13.129 [reactor-http-nio-41] DEBUG reactor.netty.resources.PooledConnectionProvider - [id: 0x866e01db, L:/127.0.0.1:51707 - R:localhost/127.0.0.1:8083] onStateChange(PooledConnection{channel=[id: 0x866e01db, L:/127.0.0.1:51707 - R:localhost/127.0.0.1:8083]}, [connected])
15:53:13.146 [reactor-http-nio-48] DEBUG reactor.netty.resources.PooledConnectionProvider - [id: 0x19da195d, L:/127.0.0.1:51701 - R:localhost/127.0.0.1:8083] onStateChange(PooledConnection{channel=[id: 0x19da195d, L:/127.0.0.1:51701 - R:localhost/127.0.0.1:8083]}, [connected])
15:53:13.147 [reactor-http-nio-46] DEBUG reactor.netty.resources.PooledConnectionProvider - [id: 0x940aa9d2, L:/127.0.0.1:51728 - R:localhost/127.0.0.1:8083] onStateChange(PooledConnection{channel=[id: 0x940aa9d2, L:/127.0.0.1:51728 - R:localhost/127.0.0.1:8083]}, [connected])
15:53:13.162 [reactor-http-nio-46] DEBUG reactor.netty.resources.PooledConnectionProvider - [id: 0x940aa9d2, L:/127.0.0.1:51728 - R:localhost/127.0.0.1:8083] onStateChange(GET{uri=/, connection=PooledConnection{channel=[id: 0x940aa9d2, L:/127.0.0.1:51728 - R:localhost/127.0.0.1:8083]}}, [configured])
15:53:13.162 [reactor-http-nio-41] DEBUG reactor.netty.resources.PooledConnectionProvider - [id: 0x866e01db, L:/127.0.0.1:51707 - R:localhost/127.0.0.1:8083] onStateChange(GET{uri=/, connection=PooledConnection{channel=[id: 0x866e01db, L:/127.0.0.1:51707 - R:localhost/127.0.0.1:8083]}}, [configured])
15:53:13.162 [reactor-http-nio-47] DEBUG reactor.netty.resources.PooledConnectionProvider - [id: 0x98143ed4, L:/127.0.0.1:51680 - R:localhost/127.0.0.1:8083] onStateChange(GET{uri=/, connection=PooledConnection{channel=[id: 0x98143ed4, L:/127.0.0.1:51680 - R:localhost/127.0.0.1:8083]}}, [configured])
15:53:13.170 [reactor-http-nio-47] DEBUG reactor.netty.resources.PooledConnectionProvider - [id: 0xdaf60602, L:/127.0.0.1:51681 - R:localhost/127.0.0.1:8083] Registering pool release on close event for channel
15:53:13.170 [reactor-http-nio-47] DEBUG reactor.netty.resources.PooledConnectionProvider - [id: 0xdaf60602, L:/127.0.0.1:51681 - R:localhost/127.0.0.1:8083] Channel connected, now 2 active connections and 299 inactive connections
15:53:13.170 [reactor-http-nio-47] DEBUG reactor.netty.resources.PooledConnectionProvider - [id: 0xdaf60602, L:/127.0.0.1:51681 - R:localhost/127.0.0.1:8083] onStateChange(PooledConnection{channel=[id: 0xdaf60602, L:/127.0.0.1:51681 - R:localhost/127.0.0.1:8083]}, [connected])
15:53:13.170 [reactor-http-nio-46] DEBUG reactor.netty.resources.PooledConnectionProvider - [id: 0x04ce75f7, L:/127.0.0.1:51730 - R:localhost/127.0.0.1:8083] onStateChange(PooledConnection{channel=[id: 0x04ce75f7, L:/127.0.0.1:51730 - R:localhost/127.0.0.1:8083]}, [connected])
15:53:13.170 [reactor-http-nio-46] DEBUG reactor.netty.resources.PooledConnectionProvider - [id: 0x04ce75f7, L:/127.0.0.1:51730 - R:localhost/127.0.0.1:8083] onStateChange(GET{uri=/, connection=PooledConnection{channel=[id: 0x04ce75f7, L:/127.0.0.1:51730 - R:localhost/127.0.0.1:8083]}}, [configured])
15:53:13.170 [reactor-http-nio-47] DEBUG reactor.netty.resources.PooledConnectionProvider - [id: 0xdaf60602, L:/127.0.0.1:51681 - R:localhost/127.0.0.1:8083] onStateChange(GET{uri=/, connection=PooledConnection{channel=[id: 0xdaf60602, L:/127.0.0.1:51681 - R:localhost/127.0.0.1:8083]}}, [configured])
15:53:13.171 [reactor-http-nio-46] DEBUG reactor.netty.resources.PooledConnectionProvider - [id: 0x6eeffece, L:/127.0.0.1:51732 - R:localhost/127.0.0.1:8083] onStateChange(PooledConnection{channel=[id: 0x6eeffece, L:/127.0.0.1:51732 - R:localhost/127.0.0.1:8083]}, [connected])
15:53:13.171 [reactor-http-nio-47] DEBUG reactor.netty.http.client.HttpClientConnect - [id: 0xdaf60602, L:/127.0.0.1:51681 - R:localhost/127.0.0.1:8083] Handler is being applied: {uri=http://localhost:8083/userLocation?userId=7c6c4fc9-e9d7-459c-b642-20e622ec1070, method=GET}
15:53:13.171 [reactor-http-nio-46] DEBUG reactor.netty.resources.PooledConnectionProvider - [id: 0x6eeffece, L:/127.0.0.1:51732 - R:localhost/127.0.0.1:8083] onStateChange(GET{uri=/, connection=PooledConnection{channel=[id: 0x6eeffece, L:/127.0.0.1:51732 - R:localhost/127.0.0.1:8083]}}, [configured])
15:53:13.171 [reactor-http-nio-46] DEBUG reactor.netty.resources.PooledConnectionProvider - [id: 0xd78cec0d, L:/127.0.0.1:51735 - R:localhost/127.0.0.1:8083] Registering pool release on close event for channel
15:53:13.171 [reactor-http-nio-46] DEBUG reactor.netty.resources.PooledConnectionProvider - [id: 0xd78cec0d, L:/127.0.0.1:51735 - R:localhost/127.0.0.1:8083] Channel connected, now 3 active connections and 298 inactive connections
15:53:13.171 [reactor-http-nio-46] DEBUG reactor.netty.resources.PooledConnectionProvider - [id: 0xd78cec0d, L:/127.0.0.1:51735 - R:localhost/127.0.0.1:8083] onStateChange(PooledConnection{channel=[id: 0xd78cec0d, L:/127.0.0.1:51735 - R:localhost/127.0.0.1:8083]}, [connected])
15:53:13.172 [reactor-http-nio-46] DEBUG reactor.netty.resources.PooledConnectionProvider - [id: 0xd78cec0d, L:/127.0.0.1:51735 - R:localhost/127.0.0.1:8083] onStateChange(GET{uri=/, connection=PooledConnection{channel=[id: 0xd78cec0d, L:/127.0.0.1:51735 - R:localhost/127.0.0.1:8083]}}, [configured])
15:53:13.172 [reactor-http-nio-46] DEBUG reactor.netty.http.client.HttpClientConnect - [id: 0xd78cec0d, L:/127.0.0.1:51735 - R:localhost/127.0.0.1:8083] Handler is being applied: {uri=http://localhost:8083/userLocation?userId=9ae6a340-96bd-49bd-aca7-b0c3409d2cb9, method=GET}
15:53:13.170 [reactor-http-nio-41] DEBUG reactor.netty.http.client.HttpClientConnect - [id: 0x866e01db, L:/127.0.0.1:51707 - R:localhost/127.0.0.1:8083] Handler is being applied: {uri=http://localhost:8083/userLocation?userId=2e94cd9d-b6a4-45a0-a8e3-3c662fc6bc6b, method=GET}
15:53:13.162 [reactor-http-nio-48] DEBUG reactor.netty.resources.PooledConnectionProvider - [id: 0x19da195d, L:/127.0.0.1:51701 - R:localhost/127.0.0.1:8083] onStateChange(GET{uri=/, connection=PooledConnection{channel=[id: 0x19da195d, L:/127.0.0.1:51701 - R:localhost/127.0.0.1:8083]}}, [configured])
15:53:13.177 [reactor-http-nio-48] DEBUG reactor.netty.resources.PooledConnectionProvider - [id: 0x6adf9794, L:/127.0.0.1:51702 - R:localhost/127.0.0.1:8083] onStateChange(PooledConnection{channel=[id: 0x6adf9794, L:/127.0.0.1:51702 - R:localhost/127.0.0.1:8083]}, [connected])
15:53:13.177 [reactor-http-nio-48] DEBUG reactor.netty.resources.PooledConnectionProvider - [id: 0x6adf9794, L:/127.0.0.1:51702 - R:localhost/127.0.0.1:8083] onStateChange(GET{uri=/, connection=PooledConnection{channel=[id: 0x6adf9794, L:/127.0.0.1:51702 - R:localhost/127.0.0.1:8083]}}, [configured])
15:53:13.178 [reactor-http-nio-48] DEBUG reactor.netty.resources.PooledConnectionProvider - [id: 0x19945800, L:/127.0.0.1:51703 - R:localhost/127.0.0.1:8083] onStateChange(PooledConnection{channel=[id: 0x19945800, L:/127.0.0.1:51703 - R:localhost/127.0.0.1:8083]}, [connected])
15:53:13.178 [reactor-http-nio-48] DEBUG reactor.netty.resources.PooledConnectionProvider - [id: 0x19945800, L:/127.0.0.1:51703 - R:localhost/127.0.0.1:8083] onStateChange(GET{uri=/, connection=PooledConnection{channel=[id: 0x19945800, L:/127.0.0.1:51703 - R:localhost/127.0.0.1:8083]}}, [configured])
15:53:13.179 [reactor-http-nio-48] DEBUG reactor.netty.resources.PooledConnectionProvider - [id: 0xa4f115eb, L:/127.0.0.1:51704 - R:localhost/127.0.0.1:8083] onStateChange(PooledConnection{channel=[id: 0xa4f115eb, L:/127.0.0.1:51704 - R:localhost/127.0.0.1:8083]}, [connected])
15:53:13.180 [reactor-http-nio-48] DEBUG reactor.netty.resources.PooledConnectionProvider - [id: 0xa4f115eb, L:/127.0.0.1:51704 - R:localhost/127.0.0.1:8083] onStateChange(GET{uri=/, connection=PooledConnection{channel=[id: 0xa4f115eb, L:/127.0.0.1:51704 - R:localhost/127.0.0.1:8083]}}, [configured])
15:53:13.181 [reactor-http-nio-48] DEBUG reactor.netty.resources.PooledConnectionProvider - [id: 0x76f33e80, L:/127.0.0.1:51705 - R:localhost/127.0.0.1:8083] Registering pool release on close event for channel
15:53:13.181 [reactor-http-nio-48] DEBUG reactor.netty.resources.PooledConnectionProvider - [id: 0x76f33e80, L:/127.0.0.1:51705 - R:localhost/127.0.0.1:8083] Channel connected, now 4 active connections and 297 inactive connections
15:53:13.182 [reactor-http-nio-48] DEBUG reactor.netty.resources.PooledConnectionProvider - [id: 0x76f33e80, L:/127.0.0.1:51705 - R:localhost/127.0.0.1:8083] onStateChange(PooledConnection{channel=[id: 0x76f33e80, L:/127.0.0.1:51705 - R:localhost/127.0.0.1:8083]}, [connected])
15:53:13.183 [reactor-http-nio-48] DEBUG reactor.netty.resources.PooledConnectionProvider - [id: 0x76f33e80, L:/127.0.0.1:51705 - R:localhost/127.0.0.1:8083] onStateChange(GET{uri=/, connection=PooledConnection{channel=[id: 0x76f33e80, L:/127.0.0.1:51705 - R:localhost/127.0.0.1:8083]}}, [configured])
15:53:13.184 [reactor-http-nio-48] DEBUG reactor.netty.http.client.HttpClientConnect - [id: 0x76f33e80, L:/127.0.0.1:51705 - R:localhost/127.0.0.1:8083] Handler is being applied: {uri=http://localhost:8083/userLocation?userId=fd80722c-e7de-4145-8bc7-543b11bae293, method=GET}
15:53:13.235 [reactor-http-nio-46] DEBUG io.netty.util.Recycler - -Dio.netty.recycler.maxCapacityPerThread: 4096
15:53:13.235 [reactor-http-nio-46] DEBUG io.netty.util.Recycler - -Dio.netty.recycler.maxSharedCapacityFactor: 2
15:53:13.235 [reactor-http-nio-46] DEBUG io.netty.util.Recycler - -Dio.netty.recycler.linkCapacity: 16
15:53:13.235 [reactor-http-nio-46] DEBUG io.netty.util.Recycler - -Dio.netty.recycler.ratio: 8
15:53:13.280 [reactor-http-nio-41] DEBUG reactor.netty.resources.PooledConnectionProvider - [id: 0x866e01db, L:/127.0.0.1:51707 - R:localhost/127.0.0.1:8083] onStateChange(GET{uri=/userLocation?userId=2e94cd9d-b6a4-45a0-a8e3-3c662fc6bc6b, connection=PooledConnection{channel=[id: 0x866e01db, L:/127.0.0.1:51707 - R:localhost/127.0.0.1:8083]}}, [request_sent])
15:53:13.280 [reactor-http-nio-47] DEBUG reactor.netty.resources.PooledConnectionProvider - [id: 0xdaf60602, L:/127.0.0.1:51681 - R:localhost/127.0.0.1:8083] onStateChange(GET{uri=/userLocation?userId=7c6c4fc9-e9d7-459c-b642-20e622ec1070, connection=PooledConnection{channel=[id: 0xdaf60602, L:/127.0.0.1:51681 - R:localhost/127.0.0.1:8083]}}, [request_sent])
15:53:13.280 [reactor-http-nio-47] DEBUG reactor.netty.resources.PooledConnectionProvider - [id: 0xa7d8e8a3, L:/127.0.0.1:51682 - R:localhost/127.0.0.1:8083] onStateChange(PooledConnection{channel=[id: 0xa7d8e8a3, L:/127.0.0.1:51682 - R:localhost/127.0.0.1:8083]}, [connected])
15:53:13.281 [reactor-http-nio-47] DEBUG reactor.netty.resources.PooledConnectionProvider - [id: 0xa7d8e8a3, L:/127.0.0.1:51682 - R:localhost/127.0.0.1:8083] onStateChange(GET{uri=/, connection=PooledConnection{channel=[id: 0xa7d8e8a3, L:/127.0.0.1:51682 - R:localhost/127.0.0.1:8083]}}, [configured])
15:53:13.281 [reactor-http-nio-41] DEBUG reactor.netty.resources.PooledConnectionProvider - [id: 0xdc4a09e2, L:/127.0.0.1:51708 - R:localhost/127.0.0.1:8083] onStateChange(PooledConnection{channel=[id: 0xdc4a09e2, L:/127.0.0.1:51708 - R:localhost/127.0.0.1:8083]}, [connected])
15:53:13.281 [reactor-http-nio-41] DEBUG reactor.netty.resources.PooledConnectionProvider - [id: 0xdc4a09e2, L:/127.0.0.1:51708 - R:localhost/127.0.0.1:8083] onStateChange(GET{uri=/, connection=PooledConnection{channel=[id: 0xdc4a09e2, L:/127.0.0.1:51708 - R:localhost/127.0.0.1:8083]}}, [configured])
15:53:13.281 [reactor-http-nio-47] DEBUG reactor.netty.resources.PooledConnectionProvider - [id: 0x71dba838, L:/127.0.0.1:51683 - R:localhost/127.0.0.1:8083] Registering pool release on close event for channel
15:53:13.281 [reactor-http-nio-47] DEBUG reactor.netty.resources.PooledConnectionProvider - [id: 0x71dba838, L:/127.0.0.1:51683 - R:localhost/127.0.0.1:8083] Channel connected, now 5 active connections and 296 inactive connections
15:53:13.281 [reactor-http-nio-47] DEBUG reactor.netty.resources.PooledConnectionProvider - [id: 0x71dba838, L:/127.0.0.1:51683 - R:localhost/127.0.0.1:8083] onStateChange(PooledConnection{channel=[id: 0x71dba838, L:/127.0.0.1:51683 - R:localhost/127.0.0.1:8083]}, [connected])
15:53:13.282 [reactor-http-nio-41] DEBUG reactor.netty.resources.PooledConnectionProvider - [id: 0x710e34a5, L:/127.0.0.1:51709 - R:localhost/127.0.0.1:8083] onStateChange(PooledConnection{channel=[id: 0x710e34a5, L:/127.0.0.1:51709 - R:localhost/127.0.0.1:8083]}, [connected])
15:53:13.282 [reactor-http-nio-41] DEBUG reactor.netty.resources.PooledConnectionProvider - [id: 0x710e34a5, L:/127.0.0.1:51709 - R:localhost/127.0.0.1:8083] onStateChange(GET{uri=/, connection=PooledConnection{channel=[id: 0x710e34a5, L:/127.0.0.1:51709 - R:localhost/127.0.0.1:8083]}}, [configured])
15:53:13.282 [reactor-http-nio-41] DEBUG reactor.netty.resources.PooledConnectionProvider - [id: 0xe144b806, L:/127.0.0.1:51710 - R:localhost/127.0.0.1:8083] onStateChange(PooledConnection{channel=[id: 0xe144b806, L:/127.0.0.1:51710 - R:localhost/127.0.0.1:8083]}, [connected])
15:53:13.282 [reactor-http-nio-41] DEBUG reactor.netty.resources.PooledConnectionProvider - [id: 0xe144b806, L:/127.0.0.1:51710 - R:localhost/127.0.0.1:8083] onStateChange(GET{uri=/, connection=PooledConnection{channel=[id: 0xe144b806, L:/127.0.0.1:51710 - R:localhost/127.0.0.1:8083]}}, [configured])
15:53:13.282 [reactor-http-nio-47] DEBUG reactor.netty.resources.PooledConnectionProvider - [id: 0x71dba838, L:/127.0.0.1:51683 - R:localhost/127.0.0.1:8083] onStateChange(GET{uri=/, connection=PooledConnection{channel=[id: 0x71dba838, L:/127.0.0.1:51683 - R:localhost/127.0.0.1:8083]}}, [configured])
15:53:13.282 [reactor-http-nio-41] DEBUG reactor.netty.resources.PooledConnectionProvider - [id: 0x48bd25d1, L:/127.0.0.1:51711 - R:localhost/127.0.0.1:8083] onStateChange(PooledConnection{channel=[id: 0x48bd25d1, L:/127.0.0.1:51711 - R:localhost/127.0.0.1:8083]}, [connected])
15:53:13.283 [reactor-http-nio-41] DEBUG reactor.netty.resources.PooledConnectionProvider - [id: 0x48bd25d1, L:/127.0.0.1:51711 - R:localhost/127.0.0.1:8083] onStateChange(GET{uri=/, connection=PooledConnection{channel=[id: 0x48bd25d1, L:/127.0.0.1:51711 - R:localhost/127.0.0.1:8083]}}, [configured])
15:53:13.282 [reactor-http-nio-47] DEBUG reactor.netty.http.client.HttpClientConnect - [id: 0x71dba838, L:/127.0.0.1:51683 - R:localhost/127.0.0.1:8083] Handler is being applied: {uri=http://localhost:8083/userLocation?userId=92ca89e3-4afa-43e1-a1ae-e2e5947c2149, method=GET}
15:53:13.283 [reactor-http-nio-41] DEBUG reactor.netty.resources.PooledConnectionProvider - [id: 0x6573a2f1, L:/127.0.0.1:51712 - R:localhost/127.0.0.1:8083] onStateChange(PooledConnection{channel=[id: 0x6573a2f1, L:/127.0.0.1:51712 - R:localhost/127.0.0.1:8083]}, [connected])
15:53:13.287 [reactor-http-nio-41] DEBUG reactor.netty.resources.PooledConnectionProvider - [id: 0x6573a2f1, L:/127.0.0.1:51712 - R:localhost/127.0.0.1:8083] onStateChange(GET{uri=/, connection=PooledConnection{channel=[id: 0x6573a2f1, L:/127.0.0.1:51712 - R:localhost/127.0.0.1:8083]}}, [configured])
15:53:13.287 [reactor-http-nio-47] DEBUG reactor.netty.resources.PooledConnectionProvider - [id: 0x71dba838, L:/127.0.0.1:51683 - R:localhost/127.0.0.1:8083] onStateChange(GET{uri=/userLocation?userId=92ca89e3-4afa-43e1-a1ae-e2e5947c2149, connection=PooledConnection{channel=[id: 0x71dba838, L:/127.0.0.1:51683 - R:localhost/127.0.0.1:8083]}}, [request_sent])
15:53:13.287 [reactor-http-nio-47] DEBUG reactor.netty.resources.PooledConnectionProvider - [id: 0x98ecb58e, L:/127.0.0.1:51684 - R:localhost/127.0.0.1:8083] onStateChange(PooledConnection{channel=[id: 0x98ecb58e, L:/127.0.0.1:51684 - R:localhost/127.0.0.1:8083]}, [connected])
15:53:13.287 [reactor-http-nio-47] DEBUG reactor.netty.resources.PooledConnectionProvider - [id: 0x98ecb58e, L:/127.0.0.1:51684 - R:localhost/127.0.0.1:8083] onStateChange(GET{uri=/, connection=PooledConnection{channel=[id: 0x98ecb58e, L:/127.0.0.1:51684 - R:localhost/127.0.0.1:8083]}}, [configured])
15:53:13.288 [reactor-http-nio-47] DEBUG reactor.netty.resources.PooledConnectionProvider - [id: 0x85b1ff76, L:/127.0.0.1:51685 - R:localhost/127.0.0.1:8083] Registering pool release on close event for channel
15:53:13.287 [reactor-http-nio-41] DEBUG reactor.netty.resources.PooledConnectionProvider - [id: 0x91ccb779, L:/127.0.0.1:51713 - R:localhost/127.0.0.1:8083] Registering pool release on close event for channel
15:53:13.288 [reactor-http-nio-41] DEBUG reactor.netty.resources.PooledConnectionProvider - [id: 0x91ccb779, L:/127.0.0.1:51713 - R:localhost/127.0.0.1:8083] Channel connected, now 7 active connections and 294 inactive connections
15:53:13.288 [reactor-http-nio-47] DEBUG reactor.netty.resources.PooledConnectionProvider - [id: 0x85b1ff76, L:/127.0.0.1:51685 - R:localhost/127.0.0.1:8083] Channel connected, now 7 active connections and 294 inactive connections
15:53:13.288 [reactor-http-nio-47] DEBUG reactor.netty.resources.PooledConnectionProvider - [id: 0x85b1ff76, L:/127.0.0.1:51685 - R:localhost/127.0.0.1:8083] onStateChange(PooledConnection{channel=[id: 0x85b1ff76, L:/127.0.0.1:51685 - R:localhost/127.0.0.1:8083]}, [connected])
15:53:13.288 [reactor-http-nio-47] DEBUG reactor.netty.resources.PooledConnectionProvider - [id: 0x85b1ff76, L:/127.0.0.1:51685 - R:localhost/127.0.0.1:8083] onStateChange(GET{uri=/, connection=PooledConnection{channel=[id: 0x85b1ff76, L:/127.0.0.1:51685 - R:localhost/127.0.0.1:8083]}}, [configured])
15:53:13.288 [reactor-http-nio-41] DEBUG reactor.netty.resources.PooledConnectionProvider - [id: 0x91ccb779, L:/127.0.0.1:51713 - R:localhost/127.0.0.1:8083] onStateChange(PooledConnection{channel=[id: 0x91ccb779, L:/127.0.0.1:51713 - R:localhost/127.0.0.1:8083]}, [connected])
15:53:13.289 [reactor-http-nio-41] DEBUG reactor.netty.resources.PooledConnectionProvider - [id: 0x91ccb779, L:/127.0.0.1:51713 - R:localhost/127.0.0.1:8083] onStateChange(GET{uri=/, connection=PooledConnection{channel=[id: 0x91ccb779, L:/127.0.0.1:51713 - R:localhost/127.0.0.1:8083]}}, [configured])
15:53:13.289 [reactor-http-nio-41] DEBUG reactor.netty.http.client.HttpClientConnect - [id: 0x91ccb779, L:/127.0.0.1:51713 - R:localhost/127.0.0.1:8083] Handler is being applied: {uri=http://localhost:8083/userLocation?userId=0759ee05-6d95-4419-b3ad-2322d0318125, method=GET}
15:53:13.288 [reactor-http-nio-47] DEBUG reactor.netty.http.client.HttpClientConnect - [id: 0x85b1ff76, L:/127.0.0.1:51685 - R:localhost/127.0.0.1:8083] Handler is being applied: {uri=http://localhost:8083/userLocation?userId=655a0ea0-29f6-4f84-95ee-34c0ca4e2a80, method=GET}
15:53:13.294 [reactor-http-nio-47] DEBUG reactor.netty.resources.PooledConnectionProvider - [id: 0x85b1ff76, L:/127.0.0.1:51685 - R:localhost/127.0.0.1:8083] onStateChange(GET{uri=/userLocation?userId=655a0ea0-29f6-4f84-95ee-34c0ca4e2a80, connection=PooledConnection{channel=[id: 0x85b1ff76, L:/127.0.0.1:51685 - R:localhost/127.0.0.1:8083]}}, [request_sent])
15:53:13.295 [reactor-http-nio-47] DEBUG reactor.netty.resources.PooledConnectionProvider - [id: 0x120dec4e, L:/127.0.0.1:51686 - R:localhost/127.0.0.1:8083] onStateChange(PooledConnection{channel=[id: 0x120dec4e, L:/127.0.0.1:51686 - R:localhost/127.0.0.1:8083]}, [connected])
15:53:13.297 [reactor-http-nio-47] DEBUG reactor.netty.resources.PooledConnectionProvider - [id: 0x120dec4e, L:/127.0.0.1:51686 - R:localhost/127.0.0.1:8083] onStateChange(GET{uri=/, connection=PooledConnection{channel=[id: 0x120dec4e, L:/127.0.0.1:51686 - R:localhost/127.0.0.1:8083]}}, [configured])
15:53:13.298 [reactor-http-nio-47] DEBUG reactor.netty.resources.PooledConnectionProvider - [id: 0xf1ad37c6, L:/127.0.0.1:51687 - R:localhost/127.0.0.1:8083] onStateChange(PooledConnection{channel=[id: 0xf1ad37c6, L:/127.0.0.1:51687 - R:localhost/127.0.0.1:8083]}, [connected])
15:53:13.298 [reactor-http-nio-47] DEBUG reactor.netty.resources.PooledConnectionProvider - [id: 0xf1ad37c6, L:/127.0.0.1:51687 - R:localhost/127.0.0.1:8083] onStateChange(GET{uri=/, connection=PooledConnection{channel=[id: 0xf1ad37c6, L:/127.0.0.1:51687 - R:localhost/127.0.0.1:8083]}}, [configured])
15:53:13.298 [reactor-http-nio-47] DEBUG reactor.netty.resources.PooledConnectionProvider - [id: 0xf17c5cf9, L:/127.0.0.1:51688 - R:localhost/127.0.0.1:8083] onStateChange(PooledConnection{channel=[id: 0xf17c5cf9, L:/127.0.0.1:51688 - R:localhost/127.0.0.1:8083]}, [connected])
15:53:13.303 [reactor-http-nio-47] DEBUG reactor.netty.resources.PooledConnectionProvider - [id: 0xf17c5cf9, L:/127.0.0.1:51688 - R:localhost/127.0.0.1:8083] onStateChange(GET{uri=/, connection=PooledConnection{channel=[id: 0xf17c5cf9, L:/127.0.0.1:51688 - R:localhost/127.0.0.1:8083]}}, [configured])
15:53:13.304 [reactor-http-nio-47] DEBUG reactor.netty.resources.PooledConnectionProvider - [id: 0xdce01143, L:/127.0.0.1:51689 - R:localhost/127.0.0.1:8083] onStateChange(PooledConnection{channel=[id: 0xdce01143, L:/127.0.0.1:51689 - R:localhost/127.0.0.1:8083]}, [connected])
15:53:13.304 [reactor-http-nio-41] DEBUG reactor.netty.resources.PooledConnectionProvider - [id: 0x91ccb779, L:/127.0.0.1:51713 - R:localhost/127.0.0.1:8083] onStateChange(GET{uri=/userLocation?userId=0759ee05-6d95-4419-b3ad-2322d0318125, connection=PooledConnection{channel=[id: 0x91ccb779, L:/127.0.0.1:51713 - R:localhost/127.0.0.1:8083]}}, [request_sent])
15:53:13.304 [reactor-http-nio-47] DEBUG reactor.netty.resources.PooledConnectionProvider - [id: 0xdce01143, L:/127.0.0.1:51689 - R:localhost/127.0.0.1:8083] onStateChange(GET{uri=/, connection=PooledConnection{channel=[id: 0xdce01143, L:/127.0.0.1:51689 - R:localhost/127.0.0.1:8083]}}, [configured])
15:53:13.305 [reactor-http-nio-41] DEBUG reactor.netty.resources.PooledConnectionProvider - [id: 0xb6e13b25, L:/127.0.0.1:51714 - R:localhost/127.0.0.1:8083] onStateChange(PooledConnection{channel=[id: 0xb6e13b25, L:/127.0.0.1:51714 - R:localhost/127.0.0.1:8083]}, [connected])
15:53:13.306 [reactor-http-nio-41] DEBUG reactor.netty.resources.PooledConnectionProvider - [id: 0xb6e13b25, L:/127.0.0.1:51714 - R:localhost/127.0.0.1:8083] onStateChange(GET{uri=/, connection=PooledConnection{channel=[id: 0xb6e13b25, L:/127.0.0.1:51714 - R:localhost/127.0.0.1:8083]}}, [configured])
15:53:13.306 [reactor-http-nio-41] DEBUG reactor.netty.resources.PooledConnectionProvider - [id: 0x38682cba, L:/127.0.0.1:51715 - R:localhost/127.0.0.1:8083] onStateChange(PooledConnection{channel=[id: 0x38682cba, L:/127.0.0.1:51715 - R:localhost/127.0.0.1:8083]}, [connected])
15:53:13.306 [reactor-http-nio-47] DEBUG reactor.netty.resources.PooledConnectionProvider - [id: 0xd1ebbc3a, L:/127.0.0.1:51690 - R:localhost/127.0.0.1:8083] Registering pool release on close event for channel
15:53:13.306 [reactor-http-nio-47] DEBUG reactor.netty.resources.PooledConnectionProvider - [id: 0xd1ebbc3a, L:/127.0.0.1:51690 - R:localhost/127.0.0.1:8083] Channel connected, now 8 active connections and 293 inactive connections
15:53:13.306 [reactor-http-nio-47] DEBUG reactor.netty.resources.PooledConnectionProvider - [id: 0xd1ebbc3a, L:/127.0.0.1:51690 - R:localhost/127.0.0.1:8083] onStateChange(PooledConnection{channel=[id: 0xd1ebbc3a, L:/127.0.0.1:51690 - R:localhost/127.0.0.1:8083]}, [connected])
15:53:13.306 [reactor-http-nio-41] DEBUG reactor.netty.resources.PooledConnectionProvider - [id: 0x38682cba, L:/127.0.0.1:51715 - R:localhost/127.0.0.1:8083] onStateChange(GET{uri=/, connection=PooledConnection{channel=[id: 0x38682cba, L:/127.0.0.1:51715 - R:localhost/127.0.0.1:8083]}}, [configured])
15:53:13.306 [reactor-http-nio-47] DEBUG reactor.netty.resources.PooledConnectionProvider - [id: 0xd1ebbc3a, L:/127.0.0.1:51690 - R:localhost/127.0.0.1:8083] onStateChange(GET{uri=/, connection=PooledConnection{channel=[id: 0xd1ebbc3a, L:/127.0.0.1:51690 - R:localhost/127.0.0.1:8083]}}, [configured])
15:53:13.306 [reactor-http-nio-47] DEBUG reactor.netty.http.client.HttpClientConnect - [id: 0xd1ebbc3a, L:/127.0.0.1:51690 - R:localhost/127.0.0.1:8083] Handler is being applied: {uri=http://localhost:8083/userLocation?userId=647c62c0-3290-4677-a999-616603e75d37, method=GET}
15:53:13.307 [reactor-http-nio-41] DEBUG reactor.netty.resources.PooledConnectionProvider - [id: 0x6edbd1c1, L:/127.0.0.1:51716 - R:localhost/127.0.0.1:8083] onStateChange(PooledConnection{channel=[id: 0x6edbd1c1, L:/127.0.0.1:51716 - R:localhost/127.0.0.1:8083]}, [connected])
15:53:13.307 [reactor-http-nio-41] DEBUG reactor.netty.resources.PooledConnectionProvider - [id: 0x6edbd1c1, L:/127.0.0.1:51716 - R:localhost/127.0.0.1:8083] onStateChange(GET{uri=/, connection=PooledConnection{channel=[id: 0x6edbd1c1, L:/127.0.0.1:51716 - R:localhost/127.0.0.1:8083]}}, [configured])
15:53:13.307 [reactor-http-nio-41] DEBUG reactor.netty.resources.PooledConnectionProvider - [id: 0x58b3b7bf, L:/127.0.0.1:51717 - R:localhost/127.0.0.1:8083] onStateChange(PooledConnection{channel=[id: 0x58b3b7bf, L:/127.0.0.1:51717 - R:localhost/127.0.0.1:8083]}, [connected])
15:53:13.307 [reactor-http-nio-41] DEBUG reactor.netty.resources.PooledConnectionProvider - [id: 0x58b3b7bf, L:/127.0.0.1:51717 - R:localhost/127.0.0.1:8083] onStateChange(GET{uri=/, connection=PooledConnection{channel=[id: 0x58b3b7bf, L:/127.0.0.1:51717 - R:localhost/127.0.0.1:8083]}}, [configured])
15:53:13.308 [reactor-http-nio-41] DEBUG reactor.netty.resources.PooledConnectionProvider - [id: 0x261624e9, L:/127.0.0.1:51718 - R:localhost/127.0.0.1:8083] Registering pool release on close event for channel
15:53:13.308 [reactor-http-nio-41] DEBUG reactor.netty.resources.PooledConnectionProvider - [id: 0x261624e9, L:/127.0.0.1:51718 - R:localhost/127.0.0.1:8083] Channel connected, now 9 active connections and 292 inactive connections
15:53:13.308 [reactor-http-nio-41] DEBUG reactor.netty.resources.PooledConnectionProvider - [id: 0x261624e9, L:/127.0.0.1:51718 - R:localhost/127.0.0.1:8083] onStateChange(PooledConnection{channel=[id: 0x261624e9, L:/127.0.0.1:51718 - R:localhost/127.0.0.1:8083]}, [connected])
15:53:13.308 [reactor-http-nio-41] DEBUG reactor.netty.resources.PooledConnectionProvider - [id: 0x261624e9, L:/127.0.0.1:51718 - R:localhost/127.0.0.1:8083] onStateChange(GET{uri=/, connection=PooledConnection{channel=[id: 0x261624e9, L:/127.0.0.1:51718 - R:localhost/127.0.0.1:8083]}}, [configured])
15:53:13.308 [reactor-http-nio-41] DEBUG reactor.netty.http.client.HttpClientConnect - [id: 0x261624e9, L:/127.0.0.1:51718 - R:localhost/127.0.0.1:8083] Handler is being applied: {uri=http://localhost:8083/userLocation?userId=f183e1fb-acc7-4330-abf3-89672675771a, method=GET}
15:53:13.310 [reactor-http-nio-41] DEBUG reactor.netty.resources.PooledConnectionProvider - [id: 0x261624e9, L:/127.0.0.1:51718 - R:localhost/127.0.0.1:8083] onStateChange(GET{uri=/userLocation?userId=f183e1fb-acc7-4330-abf3-89672675771a, connection=PooledConnection{channel=[id: 0x261624e9, L:/127.0.0.1:51718 - R:localhost/127.0.0.1:8083]}}, [request_sent])
15:53:13.311 [reactor-http-nio-41] DEBUG reactor.netty.resources.PooledConnectionProvider - [id: 0xc5bdf2c5, L:/127.0.0.1:51719 - R:localhost/127.0.0.1:8083] onStateChange(PooledConnection{channel=[id: 0xc5bdf2c5, L:/127.0.0.1:51719 - R:localhost/127.0.0.1:8083]}, [connected])
15:53:13.311 [reactor-http-nio-41] DEBUG reactor.netty.resources.PooledConnectionProvider - [id: 0xc5bdf2c5, L:/127.0.0.1:51719 - R:localhost/127.0.0.1:8083] onStateChange(GET{uri=/, connection=PooledConnection{channel=[id: 0xc5bdf2c5, L:/127.0.0.1:51719 - R:localhost/127.0.0.1:8083]}}, [configured])
15:53:13.311 [reactor-http-nio-41] DEBUG reactor.netty.resources.PooledConnectionProvider - [id: 0xa0063317, L:/127.0.0.1:51720 - R:localhost/127.0.0.1:8083] onStateChange(PooledConnection{channel=[id: 0xa0063317, L:/127.0.0.1:51720 - R:localhost/127.0.0.1:8083]}, [connected])
15:53:13.311 [reactor-http-nio-41] DEBUG reactor.netty.resources.PooledConnectionProvider - [id: 0xa0063317, L:/127.0.0.1:51720 - R:localhost/127.0.0.1:8083] onStateChange(GET{uri=/, connection=PooledConnection{channel=[id: 0xa0063317, L:/127.0.0.1:51720 - R:localhost/127.0.0.1:8083]}}, [configured])
15:53:13.311 [reactor-http-nio-41] DEBUG reactor.netty.resources.PooledConnectionProvider - [id: 0x63f027f7, L:/127.0.0.1:51721 - R:localhost/127.0.0.1:8083] onStateChange(PooledConnection{channel=[id: 0x63f027f7, L:/127.0.0.1:51721 - R:localhost/127.0.0.1:8083]}, [connected])
15:53:13.312 [reactor-http-nio-41] DEBUG reactor.netty.resources.PooledConnectionProvider - [id: 0x63f027f7, L:/127.0.0.1:51721 - R:localhost/127.0.0.1:8083] onStateChange(GET{uri=/, connection=PooledConnection{channel=[id: 0x63f027f7, L:/127.0.0.1:51721 - R:localhost/127.0.0.1:8083]}}, [configured])
15:53:13.312 [reactor-http-nio-41] DEBUG reactor.netty.resources.PooledConnectionProvider - [id: 0x9cec33d8, L:/127.0.0.1:51722 - R:localhost/127.0.0.1:8083] onStateChange(PooledConnection{channel=[id: 0x9cec33d8, L:/127.0.0.1:51722 - R:localhost/127.0.0.1:8083]}, [connected])
15:53:13.312 [reactor-http-nio-41] DEBUG reactor.netty.resources.PooledConnectionProvider - [id: 0x9cec33d8, L:/127.0.0.1:51722 - R:localhost/127.0.0.1:8083] onStateChange(GET{uri=/, connection=PooledConnection{channel=[id: 0x9cec33d8, L:/127.0.0.1:51722 - R:localhost/127.0.0.1:8083]}}, [configured])
15:53:13.313 [reactor-http-nio-41] DEBUG reactor.netty.resources.PooledConnectionProvider - [id: 0x47a2f5da, L:/127.0.0.1:51723 - R:localhost/127.0.0.1:8083] onStateChange(PooledConnection{channel=[id: 0x47a2f5da, L:/127.0.0.1:51723 - R:localhost/127.0.0.1:8083]}, [connected])
15:53:13.313 [reactor-http-nio-41] DEBUG reactor.netty.resources.PooledConnectionProvider - [id: 0x47a2f5da, L:/127.0.0.1:51723 - R:localhost/127.0.0.1:8083] onStateChange(GET{uri=/, connection=PooledConnection{channel=[id: 0x47a2f5da, L:/127.0.0.1:51723 - R:localhost/127.0.0.1:8083]}}, [configured])
15:53:13.314 [reactor-http-nio-41] DEBUG reactor.netty.resources.PooledConnectionProvider - [id: 0xb3555784, L:/127.0.0.1:51724 - R:localhost/127.0.0.1:8083] onStateChange(PooledConnection{channel=[id: 0xb3555784, L:/127.0.0.1:51724 - R:localhost/127.0.0.1:8083]}, [connected])
15:53:13.314 [reactor-http-nio-41] DEBUG reactor.netty.resources.PooledConnectionProvider - [id: 0xb3555784, L:/127.0.0.1:51724 - R:localhost/127.0.0.1:8083] onStateChange(GET{uri=/, connection=PooledConnection{channel=[id: 0xb3555784, L:/127.0.0.1:51724 - R:localhost/127.0.0.1:8083]}}, [configured])
15:53:13.314 [reactor-http-nio-41] DEBUG reactor.netty.resources.PooledConnectionProvider - [id: 0x0c95a1e6, L:/127.0.0.1:51725 - R:localhost/127.0.0.1:8083] Registering pool release on close event for channel
15:53:13.314 [reactor-http-nio-41] DEBUG reactor.netty.resources.PooledConnectionProvider - [id: 0x0c95a1e6, L:/127.0.0.1:51725 - R:localhost/127.0.0.1:8083] Channel connected, now 10 active connections and 291 inactive connections
15:53:13.314 [reactor-http-nio-41] DEBUG reactor.netty.resources.PooledConnectionProvider - [id: 0x0c95a1e6, L:/127.0.0.1:51725 - R:localhost/127.0.0.1:8083] onStateChange(PooledConnection{channel=[id: 0x0c95a1e6, L:/127.0.0.1:51725 - R:localhost/127.0.0.1:8083]}, [connected])
15:53:13.314 [reactor-http-nio-41] DEBUG reactor.netty.resources.PooledConnectionProvider - [id: 0x0c95a1e6, L:/127.0.0.1:51725 - R:localhost/127.0.0.1:8083] onStateChange(GET{uri=/, connection=PooledConnection{channel=[id: 0x0c95a1e6, L:/127.0.0.1:51725 - R:localhost/127.0.0.1:8083]}}, [configured])
15:53:13.314 [reactor-http-nio-41] DEBUG reactor.netty.http.client.HttpClientConnect - [id: 0x0c95a1e6, L:/127.0.0.1:51725 - R:localhost/127.0.0.1:8083] Handler is being applied: {uri=http://localhost:8083/userLocation?userId=513c3e8d-4835-459b-b62d-87d7e1cc7dd1, method=GET}
15:53:13.316 [reactor-http-nio-41] DEBUG reactor.netty.resources.PooledConnectionProvider - [id: 0x0c95a1e6, L:/127.0.0.1:51725 - R:localhost/127.0.0.1:8083] onStateChange(GET{uri=/userLocation?userId=513c3e8d-4835-459b-b62d-87d7e1cc7dd1, connection=PooledConnection{channel=[id: 0x0c95a1e6, L:/127.0.0.1:51725 - R:localhost/127.0.0.1:8083]}}, [request_sent])
15:53:13.316 [reactor-http-nio-41] DEBUG reactor.netty.resources.PooledConnectionProvider - [id: 0x9badb85a, L:/127.0.0.1:51726 - R:localhost/127.0.0.1:8083] onStateChange(PooledConnection{channel=[id: 0x9badb85a, L:/127.0.0.1:51726 - R:localhost/127.0.0.1:8083]}, [connected])
15:53:13.316 [reactor-http-nio-41] DEBUG reactor.netty.resources.PooledConnectionProvider - [id: 0x9badb85a, L:/127.0.0.1:51726 - R:localhost/127.0.0.1:8083] onStateChange(GET{uri=/, connection=PooledConnection{channel=[id: 0x9badb85a, L:/127.0.0.1:51726 - R:localhost/127.0.0.1:8083]}}, [configured])
15:53:13.316 [reactor-http-nio-41] DEBUG reactor.netty.resources.PooledConnectionProvider - [id: 0xb1945a60, L:/127.0.0.1:51727 - R:localhost/127.0.0.1:8083] onStateChange(PooledConnection{channel=[id: 0xb1945a60, L:/127.0.0.1:51727 - R:localhost/127.0.0.1:8083]}, [connected])
15:53:13.317 [reactor-http-nio-41] DEBUG reactor.netty.resources.PooledConnectionProvider - [id: 0xb1945a60, L:/127.0.0.1:51727 - R:localhost/127.0.0.1:8083] onStateChange(GET{uri=/, connection=PooledConnection{channel=[id: 0xb1945a60, L:/127.0.0.1:51727 - R:localhost/127.0.0.1:8083]}}, [configured])
15:53:13.317 [reactor-http-nio-41] DEBUG reactor.netty.resources.PooledConnectionProvider - [id: 0xc8430281, L:/127.0.0.1:51729 - R:localhost/127.0.0.1:8083] onStateChange(PooledConnection{channel=[id: 0xc8430281, L:/127.0.0.1:51729 - R:localhost/127.0.0.1:8083]}, [connected])
15:53:13.317 [reactor-http-nio-41] DEBUG reactor.netty.resources.PooledConnectionProvider - [id: 0xc8430281, L:/127.0.0.1:51729 - R:localhost/127.0.0.1:8083] onStateChange(GET{uri=/, connection=PooledConnection{channel=[id: 0xc8430281, L:/127.0.0.1:51729 - R:localhost/127.0.0.1:8083]}}, [configured])
15:53:13.318 [reactor-http-nio-41] DEBUG reactor.netty.resources.PooledConnectionProvider - [id: 0xcdc2ae18, L:/127.0.0.1:51731 - R:localhost/127.0.0.1:8083] Registering pool release on close event for channel
15:53:13.318 [reactor-http-nio-41] DEBUG reactor.netty.resources.PooledConnectionProvider - [id: 0xcdc2ae18, L:/127.0.0.1:51731 - R:localhost/127.0.0.1:8083] Channel connected, now 11 active connections and 290 inactive connections
15:53:13.318 [reactor-http-nio-41] DEBUG reactor.netty.resources.PooledConnectionProvider - [id: 0xcdc2ae18, L:/127.0.0.1:51731 - R:localhost/127.0.0.1:8083] onStateChange(PooledConnection{channel=[id: 0xcdc2ae18, L:/127.0.0.1:51731 - R:localhost/127.0.0.1:8083]}, [connected])
15:53:13.318 [reactor-http-nio-41] DEBUG reactor.netty.resources.PooledConnectionProvider - [id: 0xcdc2ae18, L:/127.0.0.1:51731 - R:localhost/127.0.0.1:8083] onStateChange(GET{uri=/, connection=PooledConnection{channel=[id: 0xcdc2ae18, L:/127.0.0.1:51731 - R:localhost/127.0.0.1:8083]}}, [configured])
15:53:13.318 [reactor-http-nio-41] DEBUG reactor.netty.http.client.HttpClientConnect - [id: 0xcdc2ae18, L:/127.0.0.1:51731 - R:localhost/127.0.0.1:8083] Handler is being applied: {uri=http://localhost:8083/userLocation?userId=11b358ad-f909-4cc6-8c5f-e48c802218c2, method=GET}
15:53:13.322 [reactor-http-nio-48] DEBUG reactor.netty.resources.PooledConnectionProvider - [id: 0x76f33e80, L:/127.0.0.1:51705 - R:localhost/127.0.0.1:8083] onStateChange(GET{uri=/userLocation?userId=fd80722c-e7de-4145-8bc7-543b11bae293, connection=PooledConnection{channel=[id: 0x76f33e80, L:/127.0.0.1:51705 - R:localhost/127.0.0.1:8083]}}, [request_sent])
15:53:13.322 [reactor-http-nio-48] DEBUG reactor.netty.resources.PooledConnectionProvider - [id: 0x023af947, L:/127.0.0.1:51706 - R:localhost/127.0.0.1:8083] onStateChange(PooledConnection{channel=[id: 0x023af947, L:/127.0.0.1:51706 - R:localhost/127.0.0.1:8083]}, [connected])
15:53:13.323 [reactor-http-nio-48] DEBUG reactor.netty.resources.PooledConnectionProvider - [id: 0x023af947, L:/127.0.0.1:51706 - R:localhost/127.0.0.1:8083] onStateChange(GET{uri=/, connection=PooledConnection{channel=[id: 0x023af947, L:/127.0.0.1:51706 - R:localhost/127.0.0.1:8083]}}, [configured])
15:53:13.324 [reactor-http-nio-48] DEBUG reactor.netty.resources.PooledConnectionProvider - [id: 0x7de42074, L:/127.0.0.1:51875 - R:localhost/127.0.0.1:8083] Registering pool release on close event for channel
15:53:13.324 [reactor-http-nio-48] DEBUG reactor.netty.resources.PooledConnectionProvider - [id: 0x7de42074, L:/127.0.0.1:51875 - R:localhost/127.0.0.1:8083] Channel connected, now 12 active connections and 289 inactive connections
15:53:13.325 [reactor-http-nio-48] DEBUG reactor.netty.resources.PooledConnectionProvider - [id: 0x7de42074, L:/127.0.0.1:51875 - R:localhost/127.0.0.1:8083] onStateChange(PooledConnection{channel=[id: 0x7de42074, L:/127.0.0.1:51875 - R:localhost/127.0.0.1:8083]}, [connected])
15:53:13.325 [reactor-http-nio-47] DEBUG reactor.netty.resources.PooledConnectionProvider - [id: 0xd1ebbc3a, L:/127.0.0.1:51690 - R:localhost/127.0.0.1:8083] onStateChange(GET{uri=/userLocation?userId=647c62c0-3290-4677-a999-616603e75d37, connection=PooledConnection{channel=[id: 0xd1ebbc3a, L:/127.0.0.1:51690 - R:localhost/127.0.0.1:8083]}}, [request_sent])
15:53:13.325 [reactor-http-nio-47] DEBUG reactor.netty.resources.PooledConnectionProvider - [id: 0x25d8fc77, L:/127.0.0.1:51691 - R:localhost/127.0.0.1:8083] Registering pool release on close event for channel
15:53:13.325 [reactor-http-nio-47] DEBUG reactor.netty.resources.PooledConnectionProvider - [id: 0x25d8fc77, L:/127.0.0.1:51691 - R:localhost/127.0.0.1:8083] Channel connected, now 13 active connections and 288 inactive connections
15:53:13.325 [reactor-http-nio-47] DEBUG reactor.netty.resources.PooledConnectionProvider - [id: 0x25d8fc77, L:/127.0.0.1:51691 - R:localhost/127.0.0.1:8083] onStateChange(PooledConnection{channel=[id: 0x25d8fc77, L:/127.0.0.1:51691 - R:localhost/127.0.0.1:8083]}, [connected])
15:53:13.325 [reactor-http-nio-47] DEBUG reactor.netty.resources.PooledConnectionProvider - [id: 0x25d8fc77, L:/127.0.0.1:51691 - R:localhost/127.0.0.1:8083] onStateChange(GET{uri=/, connection=PooledConnection{channel=[id: 0x25d8fc77, L:/127.0.0.1:51691 - R:localhost/127.0.0.1:8083]}}, [configured])
15:53:13.326 [reactor-http-nio-47] DEBUG reactor.netty.http.client.HttpClientConnect - [id: 0x25d8fc77, L:/127.0.0.1:51691 - R:localhost/127.0.0.1:8083] Handler is being applied: {uri=http://localhost:8083/userLocation?userId=9ee5e5f1-2320-453c-9ab4-9c02a1a70b71, method=GET}
15:53:13.326 [reactor-http-nio-48] DEBUG reactor.netty.resources.PooledConnectionProvider - [id: 0x7de42074, L:/127.0.0.1:51875 - R:localhost/127.0.0.1:8083] onStateChange(GET{uri=/, connection=PooledConnection{channel=[id: 0x7de42074, L:/127.0.0.1:51875 - R:localhost/127.0.0.1:8083]}}, [configured])
15:53:13.326 [reactor-http-nio-48] DEBUG reactor.netty.http.client.HttpClientConnect - [id: 0x7de42074, L:/127.0.0.1:51875 - R:localhost/127.0.0.1:8083] Handler is being applied: {uri=http://localhost:8083/userLocation?userId=de83508a-4c4c-41c3-8bb1-d9c6cc6043f4, method=GET}
15:53:13.327 [reactor-http-nio-47] DEBUG reactor.netty.resources.PooledConnectionProvider - [id: 0x25d8fc77, L:/127.0.0.1:51691 - R:localhost/127.0.0.1:8083] onStateChange(GET{uri=/userLocation?userId=9ee5e5f1-2320-453c-9ab4-9c02a1a70b71, connection=PooledConnection{channel=[id: 0x25d8fc77, L:/127.0.0.1:51691 - R:localhost/127.0.0.1:8083]}}, [request_sent])
15:53:13.328 [reactor-http-nio-47] DEBUG reactor.netty.resources.PooledConnectionProvider - [id: 0xf30ad839, L:/127.0.0.1:51692 - R:localhost/127.0.0.1:8083] onStateChange(PooledConnection{channel=[id: 0xf30ad839, L:/127.0.0.1:51692 - R:localhost/127.0.0.1:8083]}, [connected])
15:53:13.328 [reactor-http-nio-47] DEBUG reactor.netty.resources.PooledConnectionProvider - [id: 0xf30ad839, L:/127.0.0.1:51692 - R:localhost/127.0.0.1:8083] onStateChange(GET{uri=/, connection=PooledConnection{channel=[id: 0xf30ad839, L:/127.0.0.1:51692 - R:localhost/127.0.0.1:8083]}}, [configured])
15:53:13.328 [reactor-http-nio-47] DEBUG reactor.netty.resources.PooledConnectionProvider - [id: 0x99bba80d, L:/127.0.0.1:51693 - R:localhost/127.0.0.1:8083] onStateChange(PooledConnection{channel=[id: 0x99bba80d, L:/127.0.0.1:51693 - R:localhost/127.0.0.1:8083]}, [connected])
15:53:13.328 [reactor-http-nio-47] DEBUG reactor.netty.resources.PooledConnectionProvider - [id: 0x99bba80d, L:/127.0.0.1:51693 - R:localhost/127.0.0.1:8083] onStateChange(GET{uri=/, connection=PooledConnection{channel=[id: 0x99bba80d, L:/127.0.0.1:51693 - R:localhost/127.0.0.1:8083]}}, [configured])
15:53:13.328 [reactor-http-nio-47] DEBUG reactor.netty.resources.PooledConnectionProvider - [id: 0xc1a60bcc, L:/127.0.0.1:51694 - R:localhost/127.0.0.1:8083] Registering pool release on close event for channel
15:53:13.329 [reactor-http-nio-47] DEBUG reactor.netty.resources.PooledConnectionProvider - [id: 0xc1a60bcc, L:/127.0.0.1:51694 - R:localhost/127.0.0.1:8083] Channel connected, now 14 active connections and 287 inactive connections
15:53:13.329 [reactor-http-nio-47] DEBUG reactor.netty.resources.PooledConnectionProvider - [id: 0xc1a60bcc, L:/127.0.0.1:51694 - R:localhost/127.0.0.1:8083] onStateChange(PooledConnection{channel=[id: 0xc1a60bcc, L:/127.0.0.1:51694 - R:localhost/127.0.0.1:8083]}, [connected])
15:53:13.329 [reactor-http-nio-47] DEBUG reactor.netty.resources.PooledConnectionProvider - [id: 0xc1a60bcc, L:/127.0.0.1:51694 - R:localhost/127.0.0.1:8083] onStateChange(GET{uri=/, connection=PooledConnection{channel=[id: 0xc1a60bcc, L:/127.0.0.1:51694 - R:localhost/127.0.0.1:8083]}}, [configured])
15:53:13.329 [reactor-http-nio-47] DEBUG reactor.netty.http.client.HttpClientConnect - [id: 0xc1a60bcc, L:/127.0.0.1:51694 - R:localhost/127.0.0.1:8083] Handler is being applied: {uri=http://localhost:8083/userLocation?userId=f4fd57d3-6036-4c90-8077-e7466268c131, method=GET}
15:53:13.329 [reactor-http-nio-48] DEBUG reactor.netty.resources.PooledConnectionProvider - [id: 0x7de42074, L:/127.0.0.1:51875 - R:localhost/127.0.0.1:8083] onStateChange(GET{uri=/userLocation?userId=de83508a-4c4c-41c3-8bb1-d9c6cc6043f4, connection=PooledConnection{channel=[id: 0x7de42074, L:/127.0.0.1:51875 - R:localhost/127.0.0.1:8083]}}, [request_sent])
15:53:13.330 [reactor-http-nio-48] DEBUG reactor.netty.resources.PooledConnectionProvider - [id: 0xcaa282b1, L:/127.0.0.1:51876 - R:localhost/127.0.0.1:8083] onStateChange(PooledConnection{channel=[id: 0xcaa282b1, L:/127.0.0.1:51876 - R:localhost/127.0.0.1:8083]}, [connected])
15:53:13.330 [reactor-http-nio-47] DEBUG reactor.netty.resources.PooledConnectionProvider - [id: 0xc1a60bcc, L:/127.0.0.1:51694 - R:localhost/127.0.0.1:8083] onStateChange(GET{uri=/userLocation?userId=f4fd57d3-6036-4c90-8077-e7466268c131, connection=PooledConnection{channel=[id: 0xc1a60bcc, L:/127.0.0.1:51694 - R:localhost/127.0.0.1:8083]}}, [request_sent])
15:53:13.331 [reactor-http-nio-47] DEBUG reactor.netty.resources.PooledConnectionProvider - [id: 0x6caa1951, L:/127.0.0.1:51695 - R:localhost/127.0.0.1:8083] onStateChange(PooledConnection{channel=[id: 0x6caa1951, L:/127.0.0.1:51695 - R:localhost/127.0.0.1:8083]}, [connected])
15:53:13.331 [reactor-http-nio-47] DEBUG reactor.netty.resources.PooledConnectionProvider - [id: 0x6caa1951, L:/127.0.0.1:51695 - R:localhost/127.0.0.1:8083] onStateChange(GET{uri=/, connection=PooledConnection{channel=[id: 0x6caa1951, L:/127.0.0.1:51695 - R:localhost/127.0.0.1:8083]}}, [configured])
15:53:13.331 [reactor-http-nio-47] DEBUG reactor.netty.resources.PooledConnectionProvider - [id: 0x8cd960d5, L:/127.0.0.1:51696 - R:localhost/127.0.0.1:8083] onStateChange(PooledConnection{channel=[id: 0x8cd960d5, L:/127.0.0.1:51696 - R:localhost/127.0.0.1:8083]}, [connected])
15:53:13.331 [reactor-http-nio-46] DEBUG reactor.netty.resources.PooledConnectionProvider - [id: 0xd78cec0d, L:/127.0.0.1:51735 - R:localhost/127.0.0.1:8083] onStateChange(GET{uri=/userLocation?userId=9ae6a340-96bd-49bd-aca7-b0c3409d2cb9, connection=PooledConnection{channel=[id: 0xd78cec0d, L:/127.0.0.1:51735 - R:localhost/127.0.0.1:8083]}}, [request_sent])
15:53:13.331 [reactor-http-nio-47] DEBUG reactor.netty.resources.PooledConnectionProvider - [id: 0x8cd960d5, L:/127.0.0.1:51696 - R:localhost/127.0.0.1:8083] onStateChange(GET{uri=/, connection=PooledConnection{channel=[id: 0x8cd960d5, L:/127.0.0.1:51696 - R:localhost/127.0.0.1:8083]}}, [configured])
15:53:13.331 [reactor-http-nio-46] DEBUG reactor.netty.resources.PooledConnectionProvider - [id: 0x774c45b7, L:/127.0.0.1:51738 - R:localhost/127.0.0.1:8083] Registering pool release on close event for channel
15:53:13.332 [reactor-http-nio-47] DEBUG reactor.netty.resources.PooledConnectionProvider - [id: 0x792d5066, L:/127.0.0.1:51697 - R:localhost/127.0.0.1:8083] onStateChange(PooledConnection{channel=[id: 0x792d5066, L:/127.0.0.1:51697 - R:localhost/127.0.0.1:8083]}, [connected])
15:53:13.332 [reactor-http-nio-46] DEBUG reactor.netty.resources.PooledConnectionProvider - [id: 0x774c45b7, L:/127.0.0.1:51738 - R:localhost/127.0.0.1:8083] Channel connected, now 15 active connections and 286 inactive connections
15:53:13.332 [reactor-http-nio-46] DEBUG reactor.netty.resources.PooledConnectionProvider - [id: 0x774c45b7, L:/127.0.0.1:51738 - R:localhost/127.0.0.1:8083] onStateChange(PooledConnection{channel=[id: 0x774c45b7, L:/127.0.0.1:51738 - R:localhost/127.0.0.1:8083]}, [connected])
15:53:13.332 [reactor-http-nio-47] DEBUG reactor.netty.resources.PooledConnectionProvider - [id: 0x792d5066, L:/127.0.0.1:51697 - R:localhost/127.0.0.1:8083] onStateChange(GET{uri=/, connection=PooledConnection{channel=[id: 0x792d5066, L:/127.0.0.1:51697 - R:localhost/127.0.0.1:8083]}}, [configured])
15:53:13.332 [reactor-http-nio-46] DEBUG reactor.netty.resources.PooledConnectionProvider - [id: 0x774c45b7, L:/127.0.0.1:51738 - R:localhost/127.0.0.1:8083] onStateChange(GET{uri=/, connection=PooledConnection{channel=[id: 0x774c45b7, L:/127.0.0.1:51738 - R:localhost/127.0.0.1:8083]}}, [configured])
15:53:13.332 [reactor-http-nio-46] DEBUG reactor.netty.http.client.HttpClientConnect - [id: 0x774c45b7, L:/127.0.0.1:51738 - R:localhost/127.0.0.1:8083] Handler is being applied: {uri=http://localhost:8083/userLocation?userId=d5fa2128-829b-4e00-94a4-31828d642bf7, method=GET}
15:53:13.332 [reactor-http-nio-47] DEBUG reactor.netty.resources.PooledConnectionProvider - [id: 0xe671b81a, L:/127.0.0.1:51698 - R:localhost/127.0.0.1:8083] Registering pool release on close event for channel
15:53:13.332 [reactor-http-nio-47] DEBUG reactor.netty.resources.PooledConnectionProvider - [id: 0xe671b81a, L:/127.0.0.1:51698 - R:localhost/127.0.0.1:8083] Channel connected, now 16 active connections and 285 inactive connections
15:53:13.333 [reactor-http-nio-47] DEBUG reactor.netty.resources.PooledConnectionProvider - [id: 0xe671b81a, L:/127.0.0.1:51698 - R:localhost/127.0.0.1:8083] onStateChange(PooledConnection{channel=[id: 0xe671b81a, L:/127.0.0.1:51698 - R:localhost/127.0.0.1:8083]}, [connected])
15:53:13.333 [reactor-http-nio-47] DEBUG reactor.netty.resources.PooledConnectionProvider - [id: 0xe671b81a, L:/127.0.0.1:51698 - R:localhost/127.0.0.1:8083] onStateChange(GET{uri=/, connection=PooledConnection{channel=[id: 0xe671b81a, L:/127.0.0.1:51698 - R:localhost/127.0.0.1:8083]}}, [configured])
15:53:13.333 [reactor-http-nio-47] DEBUG reactor.netty.http.client.HttpClientConnect - [id: 0xe671b81a, L:/127.0.0.1:51698 - R:localhost/127.0.0.1:8083] Handler is being applied: {uri=http://localhost:8083/userLocation?userId=66f18ee4-1d6b-4491-8adf-0552e490ad0c, method=GET}
15:53:13.334 [reactor-http-nio-46] DEBUG reactor.netty.resources.PooledConnectionProvider - [id: 0x774c45b7, L:/127.0.0.1:51738 - R:localhost/127.0.0.1:8083] onStateChange(GET{uri=/userLocation?userId=d5fa2128-829b-4e00-94a4-31828d642bf7, connection=PooledConnection{channel=[id: 0x774c45b7, L:/127.0.0.1:51738 - R:localhost/127.0.0.1:8083]}}, [request_sent])
15:53:13.334 [reactor-http-nio-46] DEBUG reactor.netty.resources.PooledConnectionProvider - [id: 0x3561676c, L:/127.0.0.1:51742 - R:localhost/127.0.0.1:8083] Registering pool release on close event for channel
15:53:13.334 [reactor-http-nio-46] DEBUG reactor.netty.resources.PooledConnectionProvider - [id: 0x3561676c, L:/127.0.0.1:51742 - R:localhost/127.0.0.1:8083] Channel connected, now 17 active connections and 284 inactive connections
15:53:13.334 [reactor-http-nio-46] DEBUG reactor.netty.resources.PooledConnectionProvider - [id: 0x3561676c, L:/127.0.0.1:51742 - R:localhost/127.0.0.1:8083] onStateChange(PooledConnection{channel=[id: 0x3561676c, L:/127.0.0.1:51742 - R:localhost/127.0.0.1:8083]}, [connected])
15:53:13.335 [reactor-http-nio-47] DEBUG reactor.netty.resources.PooledConnectionProvider - [id: 0xe671b81a, L:/127.0.0.1:51698 - R:localhost/127.0.0.1:8083] onStateChange(GET{uri=/userLocation?userId=66f18ee4-1d6b-4491-8adf-0552e490ad0c, connection=PooledConnection{channel=[id: 0xe671b81a, L:/127.0.0.1:51698 - R:localhost/127.0.0.1:8083]}}, [request_sent])
15:53:13.335 [reactor-http-nio-46] DEBUG reactor.netty.resources.PooledConnectionProvider - [id: 0x3561676c, L:/127.0.0.1:51742 - R:localhost/127.0.0.1:8083] onStateChange(GET{uri=/, connection=PooledConnection{channel=[id: 0x3561676c, L:/127.0.0.1:51742 - R:localhost/127.0.0.1:8083]}}, [configured])
15:53:13.335 [reactor-http-nio-46] DEBUG reactor.netty.http.client.HttpClientConnect - [id: 0x3561676c, L:/127.0.0.1:51742 - R:localhost/127.0.0.1:8083] Handler is being applied: {uri=http://localhost:8083/userLocation?userId=d5fa2128-829b-4e00-94a4-31828d642bf7, method=GET}
15:53:13.335 [reactor-http-nio-47] DEBUG reactor.netty.resources.PooledConnectionProvider - [id: 0x94ed7f01, L:/127.0.0.1:51699 - R:localhost/127.0.0.1:8083] onStateChange(PooledConnection{channel=[id: 0x94ed7f01, L:/127.0.0.1:51699 - R:localhost/127.0.0.1:8083]}, [connected])
15:53:13.335 [reactor-http-nio-47] DEBUG reactor.netty.resources.PooledConnectionProvider - [id: 0x94ed7f01, L:/127.0.0.1:51699 - R:localhost/127.0.0.1:8083] onStateChange(GET{uri=/, connection=PooledConnection{channel=[id: 0x94ed7f01, L:/127.0.0.1:51699 - R:localhost/127.0.0.1:8083]}}, [configured])
15:53:13.335 [reactor-http-nio-47] DEBUG reactor.netty.resources.PooledConnectionProvider - [id: 0xc3efdf02, L:/127.0.0.1:51700 - R:localhost/127.0.0.1:8083] onStateChange(PooledConnection{channel=[id: 0xc3efdf02, L:/127.0.0.1:51700 - R:localhost/127.0.0.1:8083]}, [connected])
15:53:13.335 [reactor-http-nio-48] DEBUG reactor.netty.resources.PooledConnectionProvider - [id: 0xcaa282b1, L:/127.0.0.1:51876 - R:localhost/127.0.0.1:8083] onStateChange(GET{uri=/, connection=PooledConnection{channel=[id: 0xcaa282b1, L:/127.0.0.1:51876 - R:localhost/127.0.0.1:8083]}}, [configured])
15:53:13.335 [reactor-http-nio-47] DEBUG reactor.netty.resources.PooledConnectionProvider - [id: 0xc3efdf02, L:/127.0.0.1:51700 - R:localhost/127.0.0.1:8083] onStateChange(GET{uri=/, connection=PooledConnection{channel=[id: 0xc3efdf02, L:/127.0.0.1:51700 - R:localhost/127.0.0.1:8083]}}, [configured])
15:53:13.336 [reactor-http-nio-47] DEBUG reactor.netty.resources.PooledConnectionProvider - [id: 0x39a84d8e, L:/127.0.0.1:51833 - R:localhost/127.0.0.1:8083] onStateChange(PooledConnection{channel=[id: 0x39a84d8e, L:/127.0.0.1:51833 - R:localhost/127.0.0.1:8083]}, [connected])
15:53:13.336 [reactor-http-nio-48] DEBUG reactor.netty.resources.PooledConnectionProvider - [id: 0xaf6e9f28, L:/127.0.0.1:51878 - R:localhost/127.0.0.1:8083] onStateChange(PooledConnection{channel=[id: 0xaf6e9f28, L:/127.0.0.1:51878 - R:localhost/127.0.0.1:8083]}, [connected])
15:53:13.336 [reactor-http-nio-48] DEBUG reactor.netty.resources.PooledConnectionProvider - [id: 0xaf6e9f28, L:/127.0.0.1:51878 - R:localhost/127.0.0.1:8083] onStateChange(GET{uri=/, connection=PooledConnection{channel=[id: 0xaf6e9f28, L:/127.0.0.1:51878 - R:localhost/127.0.0.1:8083]}}, [configured])
15:53:13.336 [reactor-http-nio-47] DEBUG reactor.netty.resources.PooledConnectionProvider - [id: 0x39a84d8e, L:/127.0.0.1:51833 - R:localhost/127.0.0.1:8083] onStateChange(GET{uri=/, connection=PooledConnection{channel=[id: 0x39a84d8e, L:/127.0.0.1:51833 - R:localhost/127.0.0.1:8083]}}, [configured])
15:53:13.336 [reactor-http-nio-48] DEBUG reactor.netty.resources.PooledConnectionProvider - [id: 0x19564f56, L:/127.0.0.1:51880 - R:localhost/127.0.0.1:8083] Registering pool release on close event for channel
15:53:13.336 [reactor-http-nio-48] DEBUG reactor.netty.resources.PooledConnectionProvider - [id: 0x19564f56, L:/127.0.0.1:51880 - R:localhost/127.0.0.1:8083] Channel connected, now 18 active connections and 283 inactive connections
15:53:13.336 [reactor-http-nio-48] DEBUG reactor.netty.resources.PooledConnectionProvider - [id: 0x19564f56, L:/127.0.0.1:51880 - R:localhost/127.0.0.1:8083] onStateChange(PooledConnection{channel=[id: 0x19564f56, L:/127.0.0.1:51880 - R:localhost/127.0.0.1:8083]}, [connected])
15:53:13.337 [reactor-http-nio-46] DEBUG reactor.netty.resources.PooledConnectionProvider - [id: 0x3561676c, L:/127.0.0.1:51742 - R:localhost/127.0.0.1:8083] onStateChange(GET{uri=/userLocation?userId=d5fa2128-829b-4e00-94a4-31828d642bf7, connection=PooledConnection{channel=[id: 0x3561676c, L:/127.0.0.1:51742 - R:localhost/127.0.0.1:8083]}}, [request_sent])
15:53:13.336 [reactor-http-nio-47] DEBUG reactor.netty.resources.PooledConnectionProvider - [id: 0x9cce547f, L:/127.0.0.1:51834 - R:localhost/127.0.0.1:8083] onStateChange(PooledConnection{channel=[id: 0x9cce547f, L:/127.0.0.1:51834 - R:localhost/127.0.0.1:8083]}, [connected])
15:53:13.337 [reactor-http-nio-48] DEBUG reactor.netty.resources.PooledConnectionProvider - [id: 0x19564f56, L:/127.0.0.1:51880 - R:localhost/127.0.0.1:8083] onStateChange(GET{uri=/, connection=PooledConnection{channel=[id: 0x19564f56, L:/127.0.0.1:51880 - R:localhost/127.0.0.1:8083]}}, [configured])
15:53:13.337 [reactor-http-nio-46] DEBUG reactor.netty.resources.PooledConnectionProvider - [id: 0xef0e1454, L:/127.0.0.1:51744 - R:localhost/127.0.0.1:8083] onStateChange(PooledConnection{channel=[id: 0xef0e1454, L:/127.0.0.1:51744 - R:localhost/127.0.0.1:8083]}, [connected])
15:53:13.337 [reactor-http-nio-48] DEBUG reactor.netty.http.client.HttpClientConnect - [id: 0x19564f56, L:/127.0.0.1:51880 - R:localhost/127.0.0.1:8083] Handler is being applied: {uri=http://localhost:8083/userLocation?userId=5ac27d62-a2b4-465e-9116-cf4841c94f2b, method=GET}
15:53:13.337 [reactor-http-nio-46] DEBUG reactor.netty.resources.PooledConnectionProvider - [id: 0xef0e1454, L:/127.0.0.1:51744 - R:localhost/127.0.0.1:8083] onStateChange(GET{uri=/, connection=PooledConnection{channel=[id: 0xef0e1454, L:/127.0.0.1:51744 - R:localhost/127.0.0.1:8083]}}, [configured])
15:53:13.337 [reactor-http-nio-47] DEBUG reactor.netty.resources.PooledConnectionProvider - [id: 0x9cce547f, L:/127.0.0.1:51834 - R:localhost/127.0.0.1:8083] onStateChange(GET{uri=/, connection=PooledConnection{channel=[id: 0x9cce547f, L:/127.0.0.1:51834 - R:localhost/127.0.0.1:8083]}}, [configured])
15:53:13.337 [reactor-http-nio-47] DEBUG reactor.netty.resources.PooledConnectionProvider - [id: 0x015d237e, L:/127.0.0.1:51835 - R:localhost/127.0.0.1:8083] onStateChange(PooledConnection{channel=[id: 0x015d237e, L:/127.0.0.1:51835 - R:localhost/127.0.0.1:8083]}, [connected])
15:53:13.338 [reactor-http-nio-47] DEBUG reactor.netty.resources.PooledConnectionProvider - [id: 0x015d237e, L:/127.0.0.1:51835 - R:localhost/127.0.0.1:8083] onStateChange(GET{uri=/, connection=PooledConnection{channel=[id: 0x015d237e, L:/127.0.0.1:51835 - R:localhost/127.0.0.1:8083]}}, [configured])
15:53:13.338 [reactor-http-nio-47] DEBUG reactor.netty.resources.PooledConnectionProvider - [id: 0x3b9f7ba5, L:/127.0.0.1:51836 - R:localhost/127.0.0.1:8083] Registering pool release on close event for channel
15:53:13.338 [reactor-http-nio-47] DEBUG reactor.netty.resources.PooledConnectionProvider - [id: 0x3b9f7ba5, L:/127.0.0.1:51836 - R:localhost/127.0.0.1:8083] Channel connected, now 19 active connections and 282 inactive connections
15:53:13.338 [reactor-http-nio-47] DEBUG reactor.netty.resources.PooledConnectionProvider - [id: 0x3b9f7ba5, L:/127.0.0.1:51836 - R:localhost/127.0.0.1:8083] onStateChange(PooledConnection{channel=[id: 0x3b9f7ba5, L:/127.0.0.1:51836 - R:localhost/127.0.0.1:8083]}, [connected])
15:53:13.338 [reactor-http-nio-47] DEBUG reactor.netty.resources.PooledConnectionProvider - [id: 0x3b9f7ba5, L:/127.0.0.1:51836 - R:localhost/127.0.0.1:8083] onStateChange(GET{uri=/, connection=PooledConnection{channel=[id: 0x3b9f7ba5, L:/127.0.0.1:51836 - R:localhost/127.0.0.1:8083]}}, [configured])
15:53:13.340 [reactor-http-nio-47] DEBUG reactor.netty.http.client.HttpClientConnect - [id: 0x3b9f7ba5, L:/127.0.0.1:51836 - R:localhost/127.0.0.1:8083] Handler is being applied: {uri=http://localhost:8083/userLocation?userId=652092c2-d693-4c58-a54b-0e1508c2d9a2, method=GET}
15:53:13.340 [reactor-http-nio-48] DEBUG reactor.netty.resources.PooledConnectionProvider - [id: 0x19564f56, L:/127.0.0.1:51880 - R:localhost/127.0.0.1:8083] onStateChange(GET{uri=/userLocation?userId=5ac27d62-a2b4-465e-9116-cf4841c94f2b, connection=PooledConnection{channel=[id: 0x19564f56, L:/127.0.0.1:51880 - R:localhost/127.0.0.1:8083]}}, [request_sent])
15:53:13.341 [reactor-http-nio-48] DEBUG reactor.netty.resources.PooledConnectionProvider - [id: 0x43576e4f, L:/127.0.0.1:51882 - R:localhost/127.0.0.1:8083] onStateChange(PooledConnection{channel=[id: 0x43576e4f, L:/127.0.0.1:51882 - R:localhost/127.0.0.1:8083]}, [connected])
15:53:13.341 [reactor-http-nio-48] DEBUG reactor.netty.resources.PooledConnectionProvider - [id: 0x43576e4f, L:/127.0.0.1:51882 - R:localhost/127.0.0.1:8083] onStateChange(GET{uri=/, connection=PooledConnection{channel=[id: 0x43576e4f, L:/127.0.0.1:51882 - R:localhost/127.0.0.1:8083]}}, [configured])
15:53:13.337 [reactor-http-nio-46] DEBUG reactor.netty.resources.PooledConnectionProvider - [id: 0xf75a1396, L:/127.0.0.1:51746 - R:localhost/127.0.0.1:8083] onStateChange(PooledConnection{channel=[id: 0xf75a1396, L:/127.0.0.1:51746 - R:localhost/127.0.0.1:8083]}, [connected])
15:53:13.342 [reactor-http-nio-46] DEBUG reactor.netty.resources.PooledConnectionProvider - [id: 0xf75a1396, L:/127.0.0.1:51746 - R:localhost/127.0.0.1:8083] onStateChange(GET{uri=/, connection=PooledConnection{channel=[id: 0xf75a1396, L:/127.0.0.1:51746 - R:localhost/127.0.0.1:8083]}}, [configured])
15:53:13.342 [reactor-http-nio-47] DEBUG reactor.netty.resources.PooledConnectionProvider - [id: 0x3b9f7ba5, L:/127.0.0.1:51836 - R:localhost/127.0.0.1:8083] onStateChange(GET{uri=/userLocation?userId=652092c2-d693-4c58-a54b-0e1508c2d9a2, connection=PooledConnection{channel=[id: 0x3b9f7ba5, L:/127.0.0.1:51836 - R:localhost/127.0.0.1:8083]}}, [request_sent])
15:53:13.342 [reactor-http-nio-47] DEBUG reactor.netty.resources.PooledConnectionProvider - [id: 0xabb6df10, L:/127.0.0.1:51837 - R:localhost/127.0.0.1:8083] onStateChange(PooledConnection{channel=[id: 0xabb6df10, L:/127.0.0.1:51837 - R:localhost/127.0.0.1:8083]}, [connected])
15:53:13.342 [reactor-http-nio-47] DEBUG reactor.netty.resources.PooledConnectionProvider - [id: 0xabb6df10, L:/127.0.0.1:51837 - R:localhost/127.0.0.1:8083] onStateChange(GET{uri=/, connection=PooledConnection{channel=[id: 0xabb6df10, L:/127.0.0.1:51837 - R:localhost/127.0.0.1:8083]}}, [configured])
15:53:13.343 [reactor-http-nio-47] DEBUG reactor.netty.resources.PooledConnectionProvider - [id: 0x9ce465db, L:/127.0.0.1:51838 - R:localhost/127.0.0.1:8083] onStateChange(PooledConnection{channel=[id: 0x9ce465db, L:/127.0.0.1:51838 - R:localhost/127.0.0.1:8083]}, [connected])
15:53:13.343 [reactor-http-nio-47] DEBUG reactor.netty.resources.PooledConnectionProvider - [id: 0x9ce465db, L:/127.0.0.1:51838 - R:localhost/127.0.0.1:8083] onStateChange(GET{uri=/, connection=PooledConnection{channel=[id: 0x9ce465db, L:/127.0.0.1:51838 - R:localhost/127.0.0.1:8083]}}, [configured])
15:53:13.342 [reactor-http-nio-46] DEBUG reactor.netty.resources.PooledConnectionProvider - [id: 0x4be48215, L:/127.0.0.1:51749 - R:localhost/127.0.0.1:8083] onStateChange(PooledConnection{channel=[id: 0x4be48215, L:/127.0.0.1:51749 - R:localhost/127.0.0.1:8083]}, [connected])
15:53:13.343 [reactor-http-nio-47] DEBUG reactor.netty.resources.PooledConnectionProvider - [id: 0x6cb64786, L:/127.0.0.1:51839 - R:localhost/127.0.0.1:8083] onStateChange(PooledConnection{channel=[id: 0x6cb64786, L:/127.0.0.1:51839 - R:localhost/127.0.0.1:8083]}, [connected])
15:53:13.343 [reactor-http-nio-46] DEBUG reactor.netty.resources.PooledConnectionProvider - [id: 0x4be48215, L:/127.0.0.1:51749 - R:localhost/127.0.0.1:8083] onStateChange(GET{uri=/, connection=PooledConnection{channel=[id: 0x4be48215, L:/127.0.0.1:51749 - R:localhost/127.0.0.1:8083]}}, [configured])
15:53:13.344 [reactor-http-nio-46] DEBUG reactor.netty.resources.PooledConnectionProvider - [id: 0xed2911bf, L:/127.0.0.1:51751 - R:localhost/127.0.0.1:8083] onStateChange(PooledConnection{channel=[id: 0xed2911bf, L:/127.0.0.1:51751 - R:localhost/127.0.0.1:8083]}, [connected])
15:53:13.344 [reactor-http-nio-46] DEBUG reactor.netty.resources.PooledConnectionProvider - [id: 0xed2911bf, L:/127.0.0.1:51751 - R:localhost/127.0.0.1:8083] onStateChange(GET{uri=/, connection=PooledConnection{channel=[id: 0xed2911bf, L:/127.0.0.1:51751 - R:localhost/127.0.0.1:8083]}}, [configured])
15:53:13.344 [reactor-http-nio-46] DEBUG reactor.netty.resources.PooledConnectionProvider - [id: 0x8e4bf8f0, L:/127.0.0.1:51754 - R:localhost/127.0.0.1:8083] onStateChange(PooledConnection{channel=[id: 0x8e4bf8f0, L:/127.0.0.1:51754 - R:localhost/127.0.0.1:8083]}, [connected])
15:53:13.345 [reactor-http-nio-46] DEBUG reactor.netty.resources.PooledConnectionProvider - [id: 0x8e4bf8f0, L:/127.0.0.1:51754 - R:localhost/127.0.0.1:8083] onStateChange(GET{uri=/, connection=PooledConnection{channel=[id: 0x8e4bf8f0, L:/127.0.0.1:51754 - R:localhost/127.0.0.1:8083]}}, [configured])
15:53:13.344 [reactor-http-nio-47] DEBUG reactor.netty.resources.PooledConnectionProvider - [id: 0x6cb64786, L:/127.0.0.1:51839 - R:localhost/127.0.0.1:8083] onStateChange(GET{uri=/, connection=PooledConnection{channel=[id: 0x6cb64786, L:/127.0.0.1:51839 - R:localhost/127.0.0.1:8083]}}, [configured])
15:53:13.345 [reactor-http-nio-47] DEBUG reactor.netty.resources.PooledConnectionProvider - [id: 0x26a43d3a, L:/127.0.0.1:51840 - R:localhost/127.0.0.1:8083] onStateChange(PooledConnection{channel=[id: 0x26a43d3a, L:/127.0.0.1:51840 - R:localhost/127.0.0.1:8083]}, [connected])
15:53:13.346 [reactor-http-nio-46] DEBUG reactor.netty.resources.PooledConnectionProvider - [id: 0xad1ee2d1, L:/127.0.0.1:51756 - R:localhost/127.0.0.1:8083] onStateChange(PooledConnection{channel=[id: 0xad1ee2d1, L:/127.0.0.1:51756 - R:localhost/127.0.0.1:8083]}, [connected])
15:53:13.346 [reactor-http-nio-47] DEBUG reactor.netty.resources.PooledConnectionProvider - [id: 0x26a43d3a, L:/127.0.0.1:51840 - R:localhost/127.0.0.1:8083] onStateChange(GET{uri=/, connection=PooledConnection{channel=[id: 0x26a43d3a, L:/127.0.0.1:51840 - R:localhost/127.0.0.1:8083]}}, [configured])
15:53:13.346 [reactor-http-nio-46] DEBUG reactor.netty.resources.PooledConnectionProvider - [id: 0xad1ee2d1, L:/127.0.0.1:51756 - R:localhost/127.0.0.1:8083] onStateChange(GET{uri=/, connection=PooledConnection{channel=[id: 0xad1ee2d1, L:/127.0.0.1:51756 - R:localhost/127.0.0.1:8083]}}, [configured])
15:53:13.347 [reactor-http-nio-47] DEBUG reactor.netty.resources.PooledConnectionProvider - [id: 0xd7682ef3, L:/127.0.0.1:51841 - R:localhost/127.0.0.1:8083] onStateChange(PooledConnection{channel=[id: 0xd7682ef3, L:/127.0.0.1:51841 - R:localhost/127.0.0.1:8083]}, [connected])
15:53:13.347 [reactor-http-nio-46] DEBUG reactor.netty.resources.PooledConnectionProvider - [id: 0x6bcb25c4, L:/127.0.0.1:51759 - R:localhost/127.0.0.1:8083] onStateChange(PooledConnection{channel=[id: 0x6bcb25c4, L:/127.0.0.1:51759 - R:localhost/127.0.0.1:8083]}, [connected])
15:53:13.347 [reactor-http-nio-47] DEBUG reactor.netty.resources.PooledConnectionProvider - [id: 0xd7682ef3, L:/127.0.0.1:51841 - R:localhost/127.0.0.1:8083] onStateChange(GET{uri=/, connection=PooledConnection{channel=[id: 0xd7682ef3, L:/127.0.0.1:51841 - R:localhost/127.0.0.1:8083]}}, [configured])
15:53:13.348 [reactor-http-nio-46] DEBUG reactor.netty.resources.PooledConnectionProvider - [id: 0x6bcb25c4, L:/127.0.0.1:51759 - R:localhost/127.0.0.1:8083] onStateChange(GET{uri=/, connection=PooledConnection{channel=[id: 0x6bcb25c4, L:/127.0.0.1:51759 - R:localhost/127.0.0.1:8083]}}, [configured])
15:53:13.348 [reactor-http-nio-47] DEBUG reactor.netty.resources.PooledConnectionProvider - [id: 0x9813afd7, L:/127.0.0.1:51842 - R:localhost/127.0.0.1:8083] onStateChange(PooledConnection{channel=[id: 0x9813afd7, L:/127.0.0.1:51842 - R:localhost/127.0.0.1:8083]}, [connected])
15:53:13.348 [reactor-http-nio-47] DEBUG reactor.netty.resources.PooledConnectionProvider - [id: 0x9813afd7, L:/127.0.0.1:51842 - R:localhost/127.0.0.1:8083] onStateChange(GET{uri=/, connection=PooledConnection{channel=[id: 0x9813afd7, L:/127.0.0.1:51842 - R:localhost/127.0.0.1:8083]}}, [configured])
15:53:13.348 [reactor-http-nio-47] DEBUG reactor.netty.resources.PooledConnectionProvider - [id: 0xd0f99d54, L:/127.0.0.1:51843 - R:localhost/127.0.0.1:8083] onStateChange(PooledConnection{channel=[id: 0xd0f99d54, L:/127.0.0.1:51843 - R:localhost/127.0.0.1:8083]}, [connected])
15:53:13.349 [reactor-http-nio-46] DEBUG reactor.netty.resources.PooledConnectionProvider - [id: 0xad77f6cd, L:/127.0.0.1:51761 - R:localhost/127.0.0.1:8083] onStateChange(PooledConnection{channel=[id: 0xad77f6cd, L:/127.0.0.1:51761 - R:localhost/127.0.0.1:8083]}, [connected])
15:53:13.349 [reactor-http-nio-47] DEBUG reactor.netty.resources.PooledConnectionProvider - [id: 0xd0f99d54, L:/127.0.0.1:51843 - R:localhost/127.0.0.1:8083] onStateChange(GET{uri=/, connection=PooledConnection{channel=[id: 0xd0f99d54, L:/127.0.0.1:51843 - R:localhost/127.0.0.1:8083]}}, [configured])
15:53:13.349 [reactor-http-nio-46] DEBUG reactor.netty.resources.PooledConnectionProvider - [id: 0xad77f6cd, L:/127.0.0.1:51761 - R:localhost/127.0.0.1:8083] onStateChange(GET{uri=/, connection=PooledConnection{channel=[id: 0xad77f6cd, L:/127.0.0.1:51761 - R:localhost/127.0.0.1:8083]}}, [configured])
15:53:13.350 [reactor-http-nio-46] DEBUG reactor.netty.resources.PooledConnectionProvider - [id: 0x0c7165ed, L:/127.0.0.1:51765 - R:localhost/127.0.0.1:8083] onStateChange(PooledConnection{channel=[id: 0x0c7165ed, L:/127.0.0.1:51765 - R:localhost/127.0.0.1:8083]}, [connected])
15:53:13.350 [reactor-http-nio-47] DEBUG reactor.netty.resources.PooledConnectionProvider - [id: 0xab8c6a94, L:/127.0.0.1:51844 - R:localhost/127.0.0.1:8083] onStateChange(PooledConnection{channel=[id: 0xab8c6a94, L:/127.0.0.1:51844 - R:localhost/127.0.0.1:8083]}, [connected])
15:53:13.350 [reactor-http-nio-46] DEBUG reactor.netty.resources.PooledConnectionProvider - [id: 0x0c7165ed, L:/127.0.0.1:51765 - R:localhost/127.0.0.1:8083] onStateChange(GET{uri=/, connection=PooledConnection{channel=[id: 0x0c7165ed, L:/127.0.0.1:51765 - R:localhost/127.0.0.1:8083]}}, [configured])
15:53:13.351 [reactor-http-nio-47] DEBUG reactor.netty.resources.PooledConnectionProvider - [id: 0xab8c6a94, L:/127.0.0.1:51844 - R:localhost/127.0.0.1:8083] onStateChange(GET{uri=/, connection=PooledConnection{channel=[id: 0xab8c6a94, L:/127.0.0.1:51844 - R:localhost/127.0.0.1:8083]}}, [configured])
15:53:13.357 [reactor-http-nio-46] DEBUG reactor.netty.resources.PooledConnectionProvider - [id: 0x64dc3a35, L:/127.0.0.1:51768 - R:localhost/127.0.0.1:8083] onStateChange(PooledConnection{channel=[id: 0x64dc3a35, L:/127.0.0.1:51768 - R:localhost/127.0.0.1:8083]}, [connected])
15:53:13.357 [reactor-http-nio-46] DEBUG reactor.netty.resources.PooledConnectionProvider - [id: 0x64dc3a35, L:/127.0.0.1:51768 - R:localhost/127.0.0.1:8083] onStateChange(GET{uri=/, connection=PooledConnection{channel=[id: 0x64dc3a35, L:/127.0.0.1:51768 - R:localhost/127.0.0.1:8083]}}, [configured])
15:53:13.357 [reactor-http-nio-47] DEBUG reactor.netty.resources.PooledConnectionProvider - [id: 0x502a9f84, L:/127.0.0.1:51845 - R:localhost/127.0.0.1:8083] onStateChange(PooledConnection{channel=[id: 0x502a9f84, L:/127.0.0.1:51845 - R:localhost/127.0.0.1:8083]}, [connected])
15:53:13.360 [reactor-http-nio-46] DEBUG reactor.netty.resources.PooledConnectionProvider - [id: 0x235f3a5b, L:/127.0.0.1:51771 - R:localhost/127.0.0.1:8083] onStateChange(PooledConnection{channel=[id: 0x235f3a5b, L:/127.0.0.1:51771 - R:localhost/127.0.0.1:8083]}, [connected])
15:53:13.363 [reactor-http-nio-46] DEBUG reactor.netty.resources.PooledConnectionProvider - [id: 0x235f3a5b, L:/127.0.0.1:51771 - R:localhost/127.0.0.1:8083] onStateChange(GET{uri=/, connection=PooledConnection{channel=[id: 0x235f3a5b, L:/127.0.0.1:51771 - R:localhost/127.0.0.1:8083]}}, [configured])
15:53:13.362 [reactor-http-nio-47] DEBUG reactor.netty.resources.PooledConnectionProvider - [id: 0x502a9f84, L:/127.0.0.1:51845 - R:localhost/127.0.0.1:8083] onStateChange(GET{uri=/, connection=PooledConnection{channel=[id: 0x502a9f84, L:/127.0.0.1:51845 - R:localhost/127.0.0.1:8083]}}, [configured])
15:53:13.363 [reactor-http-nio-46] DEBUG reactor.netty.resources.PooledConnectionProvider - [id: 0x3ccb8a7e, L:/127.0.0.1:51774 - R:localhost/127.0.0.1:8083] Registering pool release on close event for channel
15:53:13.364 [reactor-http-nio-46] DEBUG reactor.netty.resources.PooledConnectionProvider - [id: 0x3ccb8a7e, L:/127.0.0.1:51774 - R:localhost/127.0.0.1:8083] Channel connected, now 20 active connections and 281 inactive connections
15:53:13.364 [reactor-http-nio-46] DEBUG reactor.netty.resources.PooledConnectionProvider - [id: 0x3ccb8a7e, L:/127.0.0.1:51774 - R:localhost/127.0.0.1:8083] onStateChange(PooledConnection{channel=[id: 0x3ccb8a7e, L:/127.0.0.1:51774 - R:localhost/127.0.0.1:8083]}, [connected])
15:53:13.365 [reactor-http-nio-47] DEBUG reactor.netty.resources.PooledConnectionProvider - [id: 0x5f2155e6, L:/127.0.0.1:51846 - R:localhost/127.0.0.1:8083] onStateChange(PooledConnection{channel=[id: 0x5f2155e6, L:/127.0.0.1:51846 - R:localhost/127.0.0.1:8083]}, [connected])
15:53:13.365 [reactor-http-nio-47] DEBUG reactor.netty.resources.PooledConnectionProvider - [id: 0x5f2155e6, L:/127.0.0.1:51846 - R:localhost/127.0.0.1:8083] onStateChange(GET{uri=/, connection=PooledConnection{channel=[id: 0x5f2155e6, L:/127.0.0.1:51846 - R:localhost/127.0.0.1:8083]}}, [configured])
15:53:13.366 [reactor-http-nio-46] DEBUG reactor.netty.resources.PooledConnectionProvider - [id: 0x3ccb8a7e, L:/127.0.0.1:51774 - R:localhost/127.0.0.1:8083] onStateChange(GET{uri=/, connection=PooledConnection{channel=[id: 0x3ccb8a7e, L:/127.0.0.1:51774 - R:localhost/127.0.0.1:8083]}}, [configured])
15:53:13.366 [reactor-http-nio-46] DEBUG reactor.netty.http.client.HttpClientConnect - [id: 0x3ccb8a7e, L:/127.0.0.1:51774 - R:localhost/127.0.0.1:8083] Handler is being applied: {uri=http://localhost:8083/userLocation?userId=7393a6fc-7624-4bf3-9a41-11cc4b565179, method=GET}
15:53:13.367 [reactor-http-nio-47] DEBUG reactor.netty.resources.PooledConnectionProvider - [id: 0xeec1d289, L:/127.0.0.1:51847 - R:localhost/127.0.0.1:8083] onStateChange(PooledConnection{channel=[id: 0xeec1d289, L:/127.0.0.1:51847 - R:localhost/127.0.0.1:8083]}, [connected])
15:53:13.367 [reactor-http-nio-47] DEBUG reactor.netty.resources.PooledConnectionProvider - [id: 0xeec1d289, L:/127.0.0.1:51847 - R:localhost/127.0.0.1:8083] onStateChange(GET{uri=/, connection=PooledConnection{channel=[id: 0xeec1d289, L:/127.0.0.1:51847 - R:localhost/127.0.0.1:8083]}}, [configured])
15:53:13.368 [reactor-http-nio-47] DEBUG reactor.netty.resources.PooledConnectionProvider - [id: 0x0c88f8fd, L:/127.0.0.1:51848 - R:localhost/127.0.0.1:8083] onStateChange(PooledConnection{channel=[id: 0x0c88f8fd, L:/127.0.0.1:51848 - R:localhost/127.0.0.1:8083]}, [connected])
15:53:13.368 [reactor-http-nio-47] DEBUG reactor.netty.resources.PooledConnectionProvider - [id: 0x0c88f8fd, L:/127.0.0.1:51848 - R:localhost/127.0.0.1:8083] onStateChange(GET{uri=/, connection=PooledConnection{channel=[id: 0x0c88f8fd, L:/127.0.0.1:51848 - R:localhost/127.0.0.1:8083]}}, [configured])
15:53:13.369 [reactor-http-nio-46] DEBUG reactor.netty.resources.PooledConnectionProvider - [id: 0x3ccb8a7e, L:/127.0.0.1:51774 - R:localhost/127.0.0.1:8083] onStateChange(GET{uri=/userLocation?userId=7393a6fc-7624-4bf3-9a41-11cc4b565179, connection=PooledConnection{channel=[id: 0x3ccb8a7e, L:/127.0.0.1:51774 - R:localhost/127.0.0.1:8083]}}, [request_sent])
15:53:13.369 [reactor-http-nio-47] DEBUG reactor.netty.resources.PooledConnectionProvider - [id: 0x31e144f5, L:/127.0.0.1:51849 - R:localhost/127.0.0.1:8083] onStateChange(PooledConnection{channel=[id: 0x31e144f5, L:/127.0.0.1:51849 - R:localhost/127.0.0.1:8083]}, [connected])
15:53:13.370 [reactor-http-nio-46] DEBUG reactor.netty.resources.PooledConnectionProvider - [id: 0x9abcbf1e, L:/127.0.0.1:51776 - R:localhost/127.0.0.1:8083] Registering pool release on close event for channel
15:53:13.370 [reactor-http-nio-46] DEBUG reactor.netty.resources.PooledConnectionProvider - [id: 0x9abcbf1e, L:/127.0.0.1:51776 - R:localhost/127.0.0.1:8083] Channel connected, now 21 active connections and 280 inactive connections
15:53:13.370 [reactor-http-nio-47] DEBUG reactor.netty.resources.PooledConnectionProvider - [id: 0x31e144f5, L:/127.0.0.1:51849 - R:localhost/127.0.0.1:8083] onStateChange(GET{uri=/, connection=PooledConnection{channel=[id: 0x31e144f5, L:/127.0.0.1:51849 - R:localhost/127.0.0.1:8083]}}, [configured])
15:53:13.370 [reactor-http-nio-47] DEBUG reactor.netty.resources.PooledConnectionProvider - [id: 0x6bded64c, L:/127.0.0.1:51850 - R:localhost/127.0.0.1:8083] Registering pool release on close event for channel
15:53:13.370 [reactor-http-nio-47] DEBUG reactor.netty.resources.PooledConnectionProvider - [id: 0x6bded64c, L:/127.0.0.1:51850 - R:localhost/127.0.0.1:8083] Channel connected, now 22 active connections and 279 inactive connections
15:53:13.370 [reactor-http-nio-46] DEBUG reactor.netty.resources.PooledConnectionProvider - [id: 0x9abcbf1e, L:/127.0.0.1:51776 - R:localhost/127.0.0.1:8083] onStateChange(PooledConnection{channel=[id: 0x9abcbf1e, L:/127.0.0.1:51776 - R:localhost/127.0.0.1:8083]}, [connected])
15:53:13.371 [reactor-http-nio-47] DEBUG reactor.netty.resources.PooledConnectionProvider - [id: 0x6bded64c, L:/127.0.0.1:51850 - R:localhost/127.0.0.1:8083] onStateChange(PooledConnection{channel=[id: 0x6bded64c, L:/127.0.0.1:51850 - R:localhost/127.0.0.1:8083]}, [connected])
15:53:13.371 [reactor-http-nio-46] DEBUG reactor.netty.resources.PooledConnectionProvider - [id: 0x9abcbf1e, L:/127.0.0.1:51776 - R:localhost/127.0.0.1:8083] onStateChange(GET{uri=/, connection=PooledConnection{channel=[id: 0x9abcbf1e, L:/127.0.0.1:51776 - R:localhost/127.0.0.1:8083]}}, [configured])
15:53:13.371 [reactor-http-nio-46] DEBUG reactor.netty.http.client.HttpClientConnect - [id: 0x9abcbf1e, L:/127.0.0.1:51776 - R:localhost/127.0.0.1:8083] Handler is being applied: {uri=http://localhost:8083/userLocation?userId=2a2f76dd-edc1-41f9-956e-94275535b848, method=GET}
15:53:13.371 [reactor-http-nio-47] DEBUG reactor.netty.resources.PooledConnectionProvider - [id: 0x6bded64c, L:/127.0.0.1:51850 - R:localhost/127.0.0.1:8083] onStateChange(GET{uri=/, connection=PooledConnection{channel=[id: 0x6bded64c, L:/127.0.0.1:51850 - R:localhost/127.0.0.1:8083]}}, [configured])
15:53:13.372 [reactor-http-nio-47] DEBUG reactor.netty.http.client.HttpClientConnect - [id: 0x6bded64c, L:/127.0.0.1:51850 - R:localhost/127.0.0.1:8083] Handler is being applied: {uri=http://localhost:8083/userLocation?userId=c5873ddf-d4fe-4af2-b30f-a8d8d4c65a71, method=GET}
15:53:13.374 [reactor-http-nio-46] DEBUG reactor.netty.resources.PooledConnectionProvider - [id: 0x9abcbf1e, L:/127.0.0.1:51776 - R:localhost/127.0.0.1:8083] onStateChange(GET{uri=/userLocation?userId=2a2f76dd-edc1-41f9-956e-94275535b848, connection=PooledConnection{channel=[id: 0x9abcbf1e, L:/127.0.0.1:51776 - R:localhost/127.0.0.1:8083]}}, [request_sent])
15:53:13.375 [reactor-http-nio-46] DEBUG reactor.netty.resources.PooledConnectionProvider - [id: 0x57e92495, L:/127.0.0.1:51779 - R:localhost/127.0.0.1:8083] Registering pool release on close event for channel
15:53:13.375 [reactor-http-nio-46] DEBUG reactor.netty.resources.PooledConnectionProvider - [id: 0x57e92495, L:/127.0.0.1:51779 - R:localhost/127.0.0.1:8083] Channel connected, now 23 active connections and 278 inactive connections
15:53:13.375 [reactor-http-nio-46] DEBUG reactor.netty.resources.PooledConnectionProvider - [id: 0x57e92495, L:/127.0.0.1:51779 - R:localhost/127.0.0.1:8083] onStateChange(PooledConnection{channel=[id: 0x57e92495, L:/127.0.0.1:51779 - R:localhost/127.0.0.1:8083]}, [connected])
15:53:13.375 [reactor-http-nio-46] DEBUG reactor.netty.resources.PooledConnectionProvider - [id: 0x57e92495, L:/127.0.0.1:51779 - R:localhost/127.0.0.1:8083] onStateChange(GET{uri=/, connection=PooledConnection{channel=[id: 0x57e92495, L:/127.0.0.1:51779 - R:localhost/127.0.0.1:8083]}}, [configured])
15:53:13.376 [reactor-http-nio-46] DEBUG reactor.netty.http.client.HttpClientConnect - [id: 0x57e92495, L:/127.0.0.1:51779 - R:localhost/127.0.0.1:8083] Handler is being applied: {uri=http://localhost:8083/userLocation?userId=1371cda1-925f-4032-8eb9-794b0c916fda, method=GET}
15:53:13.376 [reactor-http-nio-47] DEBUG reactor.netty.resources.PooledConnectionProvider - [id: 0x6bded64c, L:/127.0.0.1:51850 - R:localhost/127.0.0.1:8083] onStateChange(GET{uri=/userLocation?userId=c5873ddf-d4fe-4af2-b30f-a8d8d4c65a71, connection=PooledConnection{channel=[id: 0x6bded64c, L:/127.0.0.1:51850 - R:localhost/127.0.0.1:8083]}}, [request_sent])
15:53:13.377 [reactor-http-nio-47] DEBUG reactor.netty.resources.PooledConnectionProvider - [id: 0x7df89b85, L:/127.0.0.1:51851 - R:localhost/127.0.0.1:8083] onStateChange(PooledConnection{channel=[id: 0x7df89b85, L:/127.0.0.1:51851 - R:localhost/127.0.0.1:8083]}, [connected])
15:53:13.377 [reactor-http-nio-47] DEBUG reactor.netty.resources.PooledConnectionProvider - [id: 0x7df89b85, L:/127.0.0.1:51851 - R:localhost/127.0.0.1:8083] onStateChange(GET{uri=/, connection=PooledConnection{channel=[id: 0x7df89b85, L:/127.0.0.1:51851 - R:localhost/127.0.0.1:8083]}}, [configured])
15:53:13.377 [reactor-http-nio-47] DEBUG reactor.netty.resources.PooledConnectionProvider - [id: 0x70f8c72b, L:/127.0.0.1:51852 - R:localhost/127.0.0.1:8083] onStateChange(PooledConnection{channel=[id: 0x70f8c72b, L:/127.0.0.1:51852 - R:localhost/127.0.0.1:8083]}, [connected])
15:53:13.377 [reactor-http-nio-47] DEBUG reactor.netty.resources.PooledConnectionProvider - [id: 0x70f8c72b, L:/127.0.0.1:51852 - R:localhost/127.0.0.1:8083] onStateChange(GET{uri=/, connection=PooledConnection{channel=[id: 0x70f8c72b, L:/127.0.0.1:51852 - R:localhost/127.0.0.1:8083]}}, [configured])
15:53:13.378 [reactor-http-nio-47] DEBUG reactor.netty.resources.PooledConnectionProvider - [id: 0x0c4c7f0e, L:/127.0.0.1:51853 - R:localhost/127.0.0.1:8083] onStateChange(PooledConnection{channel=[id: 0x0c4c7f0e, L:/127.0.0.1:51853 - R:localhost/127.0.0.1:8083]}, [connected])
15:53:13.378 [reactor-http-nio-46] DEBUG reactor.netty.resources.PooledConnectionProvider - [id: 0x57e92495, L:/127.0.0.1:51779 - R:localhost/127.0.0.1:8083] onStateChange(GET{uri=/userLocation?userId=1371cda1-925f-4032-8eb9-794b0c916fda, connection=PooledConnection{channel=[id: 0x57e92495, L:/127.0.0.1:51779 - R:localhost/127.0.0.1:8083]}}, [request_sent])
15:53:13.378 [reactor-http-nio-47] DEBUG reactor.netty.resources.PooledConnectionProvider - [id: 0x0c4c7f0e, L:/127.0.0.1:51853 - R:localhost/127.0.0.1:8083] onStateChange(GET{uri=/, connection=PooledConnection{channel=[id: 0x0c4c7f0e, L:/127.0.0.1:51853 - R:localhost/127.0.0.1:8083]}}, [configured])
15:53:13.379 [reactor-http-nio-47] DEBUG reactor.netty.resources.PooledConnectionProvider - [id: 0x7af5fc74, L:/127.0.0.1:51854 - R:localhost/127.0.0.1:8083] onStateChange(PooledConnection{channel=[id: 0x7af5fc74, L:/127.0.0.1:51854 - R:localhost/127.0.0.1:8083]}, [connected])
15:53:13.379 [reactor-http-nio-47] DEBUG reactor.netty.resources.PooledConnectionProvider - [id: 0x7af5fc74, L:/127.0.0.1:51854 - R:localhost/127.0.0.1:8083] onStateChange(GET{uri=/, connection=PooledConnection{channel=[id: 0x7af5fc74, L:/127.0.0.1:51854 - R:localhost/127.0.0.1:8083]}}, [configured])
15:53:13.380 [reactor-http-nio-46] DEBUG reactor.netty.resources.PooledConnectionProvider - [id: 0x66bc1825, L:/127.0.0.1:51780 - R:localhost/127.0.0.1:8083] onStateChange(PooledConnection{channel=[id: 0x66bc1825, L:/127.0.0.1:51780 - R:localhost/127.0.0.1:8083]}, [connected])
15:53:13.380 [reactor-http-nio-47] DEBUG reactor.netty.resources.PooledConnectionProvider - [id: 0x2fcf1b2b, L:/127.0.0.1:51855 - R:localhost/127.0.0.1:8083] Registering pool release on close event for channel
15:53:13.380 [reactor-http-nio-47] DEBUG reactor.netty.resources.PooledConnectionProvider - [id: 0x2fcf1b2b, L:/127.0.0.1:51855 - R:localhost/127.0.0.1:8083] Channel connected, now 24 active connections and 277 inactive connections
15:53:13.380 [reactor-http-nio-46] DEBUG reactor.netty.resources.PooledConnectionProvider - [id: 0x66bc1825, L:/127.0.0.1:51780 - R:localhost/127.0.0.1:8083] onStateChange(GET{uri=/, connection=PooledConnection{channel=[id: 0x66bc1825, L:/127.0.0.1:51780 - R:localhost/127.0.0.1:8083]}}, [configured])
15:53:13.380 [reactor-http-nio-47] DEBUG reactor.netty.resources.PooledConnectionProvider - [id: 0x2fcf1b2b, L:/127.0.0.1:51855 - R:localhost/127.0.0.1:8083] onStateChange(PooledConnection{channel=[id: 0x2fcf1b2b, L:/127.0.0.1:51855 - R:localhost/127.0.0.1:8083]}, [connected])
15:53:13.380 [reactor-http-nio-47] DEBUG reactor.netty.resources.PooledConnectionProvider - [id: 0x2fcf1b2b, L:/127.0.0.1:51855 - R:localhost/127.0.0.1:8083] onStateChange(GET{uri=/, connection=PooledConnection{channel=[id: 0x2fcf1b2b, L:/127.0.0.1:51855 - R:localhost/127.0.0.1:8083]}}, [configured])
15:53:13.380 [reactor-http-nio-47] DEBUG reactor.netty.http.client.HttpClientConnect - [id: 0x2fcf1b2b, L:/127.0.0.1:51855 - R:localhost/127.0.0.1:8083] Handler is being applied: {uri=http://localhost:8083/userLocation?userId=40cc75b6-c77f-4f0f-a892-508899205994, method=GET}
15:53:13.381 [reactor-http-nio-46] DEBUG reactor.netty.resources.PooledConnectionProvider - [id: 0x7fca3ae3, L:/127.0.0.1:51782 - R:localhost/127.0.0.1:8083] Registering pool release on close event for channel
15:53:13.381 [reactor-http-nio-46] DEBUG reactor.netty.resources.PooledConnectionProvider - [id: 0x7fca3ae3, L:/127.0.0.1:51782 - R:localhost/127.0.0.1:8083] Channel connected, now 25 active connections and 276 inactive connections
15:53:13.381 [reactor-http-nio-46] DEBUG reactor.netty.resources.PooledConnectionProvider - [id: 0x7fca3ae3, L:/127.0.0.1:51782 - R:localhost/127.0.0.1:8083] onStateChange(PooledConnection{channel=[id: 0x7fca3ae3, L:/127.0.0.1:51782 - R:localhost/127.0.0.1:8083]}, [connected])
15:53:13.381 [reactor-http-nio-46] DEBUG reactor.netty.resources.PooledConnectionProvider - [id: 0x7fca3ae3, L:/127.0.0.1:51782 - R:localhost/127.0.0.1:8083] onStateChange(GET{uri=/, connection=PooledConnection{channel=[id: 0x7fca3ae3, L:/127.0.0.1:51782 - R:localhost/127.0.0.1:8083]}}, [configured])
15:53:13.381 [reactor-http-nio-46] DEBUG reactor.netty.http.client.HttpClientConnect - [id: 0x7fca3ae3, L:/127.0.0.1:51782 - R:localhost/127.0.0.1:8083] Handler is being applied: {uri=http://localhost:8083/userLocation?userId=9f2ed21f-02c2-4b50-90b2-9e2cbfa2fd17, method=GET}
15:53:13.386 [reactor-http-nio-46] DEBUG reactor.netty.resources.PooledConnectionProvider - [id: 0x7fca3ae3, L:/127.0.0.1:51782 - R:localhost/127.0.0.1:8083] onStateChange(GET{uri=/userLocation?userId=9f2ed21f-02c2-4b50-90b2-9e2cbfa2fd17, connection=PooledConnection{channel=[id: 0x7fca3ae3, L:/127.0.0.1:51782 - R:localhost/127.0.0.1:8083]}}, [request_sent])
15:53:13.388 [reactor-http-nio-46] DEBUG reactor.netty.resources.PooledConnectionProvider - [id: 0x38c41c97, L:/127.0.0.1:51784 - R:localhost/127.0.0.1:8083] onStateChange(PooledConnection{channel=[id: 0x38c41c97, L:/127.0.0.1:51784 - R:localhost/127.0.0.1:8083]}, [connected])
15:53:13.389 [reactor-http-nio-46] DEBUG reactor.netty.resources.PooledConnectionProvider - [id: 0x38c41c97, L:/127.0.0.1:51784 - R:localhost/127.0.0.1:8083] onStateChange(GET{uri=/, connection=PooledConnection{channel=[id: 0x38c41c97, L:/127.0.0.1:51784 - R:localhost/127.0.0.1:8083]}}, [configured])
15:53:13.389 [reactor-http-nio-46] DEBUG reactor.netty.resources.PooledConnectionProvider - [id: 0x24a8edc5, L:/127.0.0.1:51787 - R:localhost/127.0.0.1:8083] onStateChange(PooledConnection{channel=[id: 0x24a8edc5, L:/127.0.0.1:51787 - R:localhost/127.0.0.1:8083]}, [connected])
15:53:13.390 [reactor-http-nio-46] DEBUG reactor.netty.resources.PooledConnectionProvider - [id: 0x24a8edc5, L:/127.0.0.1:51787 - R:localhost/127.0.0.1:8083] onStateChange(GET{uri=/, connection=PooledConnection{channel=[id: 0x24a8edc5, L:/127.0.0.1:51787 - R:localhost/127.0.0.1:8083]}}, [configured])
15:53:13.390 [reactor-http-nio-47] DEBUG reactor.netty.resources.PooledConnectionProvider - [id: 0x2fcf1b2b, L:/127.0.0.1:51855 - R:localhost/127.0.0.1:8083] onStateChange(GET{uri=/userLocation?userId=40cc75b6-c77f-4f0f-a892-508899205994, connection=PooledConnection{channel=[id: 0x2fcf1b2b, L:/127.0.0.1:51855 - R:localhost/127.0.0.1:8083]}}, [request_sent])
15:53:13.391 [reactor-http-nio-46] DEBUG reactor.netty.resources.PooledConnectionProvider - [id: 0xe2a0d401, L:/127.0.0.1:51788 - R:localhost/127.0.0.1:8083] onStateChange(PooledConnection{channel=[id: 0xe2a0d401, L:/127.0.0.1:51788 - R:localhost/127.0.0.1:8083]}, [connected])
15:53:13.391 [reactor-http-nio-47] DEBUG reactor.netty.resources.PooledConnectionProvider - [id: 0xcb5559ed, L:/127.0.0.1:51856 - R:localhost/127.0.0.1:8083] onStateChange(PooledConnection{channel=[id: 0xcb5559ed, L:/127.0.0.1:51856 - R:localhost/127.0.0.1:8083]}, [connected])
15:53:13.395 [reactor-http-nio-46] DEBUG reactor.netty.resources.PooledConnectionProvider - [id: 0xe2a0d401, L:/127.0.0.1:51788 - R:localhost/127.0.0.1:8083] onStateChange(GET{uri=/, connection=PooledConnection{channel=[id: 0xe2a0d401, L:/127.0.0.1:51788 - R:localhost/127.0.0.1:8083]}}, [configured])
15:53:13.396 [reactor-http-nio-47] DEBUG reactor.netty.resources.PooledConnectionProvider - [id: 0xcb5559ed, L:/127.0.0.1:51856 - R:localhost/127.0.0.1:8083] onStateChange(GET{uri=/, connection=PooledConnection{channel=[id: 0xcb5559ed, L:/127.0.0.1:51856 - R:localhost/127.0.0.1:8083]}}, [configured])
15:53:13.398 [reactor-http-nio-47] DEBUG reactor.netty.resources.PooledConnectionProvider - [id: 0xd62fd8aa, L:/127.0.0.1:51857 - R:localhost/127.0.0.1:8083] onStateChange(PooledConnection{channel=[id: 0xd62fd8aa, L:/127.0.0.1:51857 - R:localhost/127.0.0.1:8083]}, [connected])
15:53:13.400 [reactor-http-nio-46] DEBUG reactor.netty.resources.PooledConnectionProvider - [id: 0x814e535a, L:/127.0.0.1:51791 - R:localhost/127.0.0.1:8083] onStateChange(PooledConnection{channel=[id: 0x814e535a, L:/127.0.0.1:51791 - R:localhost/127.0.0.1:8083]}, [connected])
15:53:13.400 [reactor-http-nio-47] DEBUG reactor.netty.resources.PooledConnectionProvider - [id: 0xd62fd8aa, L:/127.0.0.1:51857 - R:localhost/127.0.0.1:8083] onStateChange(GET{uri=/, connection=PooledConnection{channel=[id: 0xd62fd8aa, L:/127.0.0.1:51857 - R:localhost/127.0.0.1:8083]}}, [configured])
15:53:13.401 [reactor-http-nio-47] DEBUG reactor.netty.resources.PooledConnectionProvider - [id: 0x58b4f0a0, L:/127.0.0.1:51858 - R:localhost/127.0.0.1:8083] onStateChange(PooledConnection{channel=[id: 0x58b4f0a0, L:/127.0.0.1:51858 - R:localhost/127.0.0.1:8083]}, [connected])
15:53:13.400 [reactor-http-nio-46] DEBUG reactor.netty.resources.PooledConnectionProvider - [id: 0x814e535a, L:/127.0.0.1:51791 - R:localhost/127.0.0.1:8083] onStateChange(GET{uri=/, connection=PooledConnection{channel=[id: 0x814e535a, L:/127.0.0.1:51791 - R:localhost/127.0.0.1:8083]}}, [configured])
15:53:13.402 [reactor-http-nio-47] DEBUG reactor.netty.resources.PooledConnectionProvider - [id: 0x58b4f0a0, L:/127.0.0.1:51858 - R:localhost/127.0.0.1:8083] onStateChange(GET{uri=/, connection=PooledConnection{channel=[id: 0x58b4f0a0, L:/127.0.0.1:51858 - R:localhost/127.0.0.1:8083]}}, [configured])
15:53:13.404 [reactor-http-nio-47] DEBUG reactor.netty.resources.PooledConnectionProvider - [id: 0x16e996b4, L:/127.0.0.1:51859 - R:localhost/127.0.0.1:8083] onStateChange(PooledConnection{channel=[id: 0x16e996b4, L:/127.0.0.1:51859 - R:localhost/127.0.0.1:8083]}, [connected])
15:53:13.405 [reactor-http-nio-46] DEBUG reactor.netty.resources.PooledConnectionProvider - [id: 0xb17f4d49, L:/127.0.0.1:51793 - R:localhost/127.0.0.1:8083] onStateChange(PooledConnection{channel=[id: 0xb17f4d49, L:/127.0.0.1:51793 - R:localhost/127.0.0.1:8083]}, [connected])
15:53:13.406 [reactor-http-nio-46] DEBUG reactor.netty.resources.PooledConnectionProvider - [id: 0xb17f4d49, L:/127.0.0.1:51793 - R:localhost/127.0.0.1:8083] onStateChange(GET{uri=/, connection=PooledConnection{channel=[id: 0xb17f4d49, L:/127.0.0.1:51793 - R:localhost/127.0.0.1:8083]}}, [configured])
15:53:13.411 [reactor-http-nio-41] DEBUG reactor.netty.resources.PooledConnectionProvider - [id: 0xcdc2ae18, L:/127.0.0.1:51731 - R:localhost/127.0.0.1:8083] onStateChange(GET{uri=/userLocation?userId=11b358ad-f909-4cc6-8c5f-e48c802218c2, connection=PooledConnection{channel=[id: 0xcdc2ae18, L:/127.0.0.1:51731 - R:localhost/127.0.0.1:8083]}}, [request_sent])
15:53:13.412 [reactor-http-nio-41] DEBUG reactor.netty.resources.PooledConnectionProvider - [id: 0xa255a56d, L:/127.0.0.1:51733 - R:localhost/127.0.0.1:8083] onStateChange(PooledConnection{channel=[id: 0xa255a56d, L:/127.0.0.1:51733 - R:localhost/127.0.0.1:8083]}, [connected])
15:53:13.413 [reactor-http-nio-41] DEBUG reactor.netty.resources.PooledConnectionProvider - [id: 0xa255a56d, L:/127.0.0.1:51733 - R:localhost/127.0.0.1:8083] onStateChange(GET{uri=/, connection=PooledConnection{channel=[id: 0xa255a56d, L:/127.0.0.1:51733 - R:localhost/127.0.0.1:8083]}}, [configured])
15:53:13.415 [reactor-http-nio-41] DEBUG reactor.netty.resources.PooledConnectionProvider - [id: 0x733709b4, L:/127.0.0.1:51734 - R:localhost/127.0.0.1:8083] onStateChange(PooledConnection{channel=[id: 0x733709b4, L:/127.0.0.1:51734 - R:localhost/127.0.0.1:8083]}, [connected])
15:53:13.418 [reactor-http-nio-41] DEBUG reactor.netty.resources.PooledConnectionProvider - [id: 0x733709b4, L:/127.0.0.1:51734 - R:localhost/127.0.0.1:8083] onStateChange(GET{uri=/, connection=PooledConnection{channel=[id: 0x733709b4, L:/127.0.0.1:51734 - R:localhost/127.0.0.1:8083]}}, [configured])
15:53:13.420 [reactor-http-nio-41] DEBUG reactor.netty.resources.PooledConnectionProvider - [id: 0xe848c2c1, L:/127.0.0.1:51736 - R:localhost/127.0.0.1:8083] onStateChange(PooledConnection{channel=[id: 0xe848c2c1, L:/127.0.0.1:51736 - R:localhost/127.0.0.1:8083]}, [connected])
15:53:13.421 [reactor-http-nio-41] DEBUG reactor.netty.resources.PooledConnectionProvider - [id: 0xe848c2c1, L:/127.0.0.1:51736 - R:localhost/127.0.0.1:8083] onStateChange(GET{uri=/, connection=PooledConnection{channel=[id: 0xe848c2c1, L:/127.0.0.1:51736 - R:localhost/127.0.0.1:8083]}}, [configured])
15:53:13.423 [reactor-http-nio-41] DEBUG reactor.netty.resources.PooledConnectionProvider - [id: 0x03f2fda7, L:/127.0.0.1:51737 - R:localhost/127.0.0.1:8083] Registering pool release on close event for channel
15:53:13.423 [reactor-http-nio-41] DEBUG reactor.netty.resources.PooledConnectionProvider - [id: 0x03f2fda7, L:/127.0.0.1:51737 - R:localhost/127.0.0.1:8083] Channel connected, now 26 active connections and 275 inactive connections
15:53:13.424 [reactor-http-nio-41] DEBUG reactor.netty.resources.PooledConnectionProvider - [id: 0x03f2fda7, L:/127.0.0.1:51737 - R:localhost/127.0.0.1:8083] onStateChange(PooledConnection{channel=[id: 0x03f2fda7, L:/127.0.0.1:51737 - R:localhost/127.0.0.1:8083]}, [connected])
15:53:13.426 [reactor-http-nio-41] DEBUG reactor.netty.resources.PooledConnectionProvider - [id: 0x03f2fda7, L:/127.0.0.1:51737 - R:localhost/127.0.0.1:8083] onStateChange(GET{uri=/, connection=PooledConnection{channel=[id: 0x03f2fda7, L:/127.0.0.1:51737 - R:localhost/127.0.0.1:8083]}}, [configured])
15:53:13.427 [reactor-http-nio-41] DEBUG reactor.netty.http.client.HttpClientConnect - [id: 0x03f2fda7, L:/127.0.0.1:51737 - R:localhost/127.0.0.1:8083] Handler is being applied: {uri=http://localhost:8083/userLocation?userId=5c9823cc-fa10-4fb4-9a00-cfa65eb29ceb, method=GET}
15:53:13.429 [reactor-http-nio-41] DEBUG reactor.netty.resources.PooledConnectionProvider - [id: 0x03f2fda7, L:/127.0.0.1:51737 - R:localhost/127.0.0.1:8083] onStateChange(GET{uri=/userLocation?userId=5c9823cc-fa10-4fb4-9a00-cfa65eb29ceb, connection=PooledConnection{channel=[id: 0x03f2fda7, L:/127.0.0.1:51737 - R:localhost/127.0.0.1:8083]}}, [request_sent])
15:53:13.429 [reactor-http-nio-41] DEBUG reactor.netty.resources.PooledConnectionProvider - [id: 0x7286e1e8, L:/127.0.0.1:51739 - R:localhost/127.0.0.1:8083] onStateChange(PooledConnection{channel=[id: 0x7286e1e8, L:/127.0.0.1:51739 - R:localhost/127.0.0.1:8083]}, [connected])
15:53:13.429 [reactor-http-nio-41] DEBUG reactor.netty.resources.PooledConnectionProvider - [id: 0x7286e1e8, L:/127.0.0.1:51739 - R:localhost/127.0.0.1:8083] onStateChange(GET{uri=/, connection=PooledConnection{channel=[id: 0x7286e1e8, L:/127.0.0.1:51739 - R:localhost/127.0.0.1:8083]}}, [configured])
15:53:13.430 [reactor-http-nio-41] DEBUG reactor.netty.resources.PooledConnectionProvider - [id: 0x35df572e, L:/127.0.0.1:51740 - R:localhost/127.0.0.1:8083] onStateChange(PooledConnection{channel=[id: 0x35df572e, L:/127.0.0.1:51740 - R:localhost/127.0.0.1:8083]}, [connected])
15:53:13.430 [reactor-http-nio-41] DEBUG reactor.netty.resources.PooledConnectionProvider - [id: 0x35df572e, L:/127.0.0.1:51740 - R:localhost/127.0.0.1:8083] onStateChange(GET{uri=/, connection=PooledConnection{channel=[id: 0x35df572e, L:/127.0.0.1:51740 - R:localhost/127.0.0.1:8083]}}, [configured])
15:53:13.430 [reactor-http-nio-41] DEBUG reactor.netty.resources.PooledConnectionProvider - [id: 0xd26d2f3c, L:/127.0.0.1:51741 - R:localhost/127.0.0.1:8083] onStateChange(PooledConnection{channel=[id: 0xd26d2f3c, L:/127.0.0.1:51741 - R:localhost/127.0.0.1:8083]}, [connected])
15:53:13.430 [reactor-http-nio-41] DEBUG reactor.netty.resources.PooledConnectionProvider - [id: 0xd26d2f3c, L:/127.0.0.1:51741 - R:localhost/127.0.0.1:8083] onStateChange(GET{uri=/, connection=PooledConnection{channel=[id: 0xd26d2f3c, L:/127.0.0.1:51741 - R:localhost/127.0.0.1:8083]}}, [configured])
15:53:13.430 [reactor-http-nio-41] DEBUG reactor.netty.resources.PooledConnectionProvider - [id: 0x5524893e, L:/127.0.0.1:51743 - R:localhost/127.0.0.1:8083] onStateChange(PooledConnection{channel=[id: 0x5524893e, L:/127.0.0.1:51743 - R:localhost/127.0.0.1:8083]}, [connected])
15:53:13.431 [reactor-http-nio-41] DEBUG reactor.netty.resources.PooledConnectionProvider - [id: 0x5524893e, L:/127.0.0.1:51743 - R:localhost/127.0.0.1:8083] onStateChange(GET{uri=/, connection=PooledConnection{channel=[id: 0x5524893e, L:/127.0.0.1:51743 - R:localhost/127.0.0.1:8083]}}, [configured])
15:53:13.431 [reactor-http-nio-41] DEBUG reactor.netty.resources.PooledConnectionProvider - [id: 0x4b9fbeb1, L:/127.0.0.1:51745 - R:localhost/127.0.0.1:8083] onStateChange(PooledConnection{channel=[id: 0x4b9fbeb1, L:/127.0.0.1:51745 - R:localhost/127.0.0.1:8083]}, [connected])
15:53:13.431 [reactor-http-nio-41] DEBUG reactor.netty.resources.PooledConnectionProvider - [id: 0x4b9fbeb1, L:/127.0.0.1:51745 - R:localhost/127.0.0.1:8083] onStateChange(GET{uri=/, connection=PooledConnection{channel=[id: 0x4b9fbeb1, L:/127.0.0.1:51745 - R:localhost/127.0.0.1:8083]}}, [configured])
15:53:13.431 [reactor-http-nio-41] DEBUG reactor.netty.resources.PooledConnectionProvider - [id: 0x307222ea, L:/127.0.0.1:51747 - R:localhost/127.0.0.1:8083] onStateChange(PooledConnection{channel=[id: 0x307222ea, L:/127.0.0.1:51747 - R:localhost/127.0.0.1:8083]}, [connected])
15:53:13.432 [reactor-http-nio-41] DEBUG reactor.netty.resources.PooledConnectionProvider - [id: 0x307222ea, L:/127.0.0.1:51747 - R:localhost/127.0.0.1:8083] onStateChange(GET{uri=/, connection=PooledConnection{channel=[id: 0x307222ea, L:/127.0.0.1:51747 - R:localhost/127.0.0.1:8083]}}, [configured])
15:53:13.432 [reactor-http-nio-41] DEBUG reactor.netty.resources.PooledConnectionProvider - [id: 0xfb192aad, L:/127.0.0.1:51748 - R:localhost/127.0.0.1:8083] Registering pool release on close event for channel
15:53:13.432 [reactor-http-nio-41] DEBUG reactor.netty.resources.PooledConnectionProvider - [id: 0xfb192aad, L:/127.0.0.1:51748 - R:localhost/127.0.0.1:8083] Channel connected, now 27 active connections and 274 inactive connections
15:53:13.432 [reactor-http-nio-41] DEBUG reactor.netty.resources.PooledConnectionProvider - [id: 0xfb192aad, L:/127.0.0.1:51748 - R:localhost/127.0.0.1:8083] onStateChange(PooledConnection{channel=[id: 0xfb192aad, L:/127.0.0.1:51748 - R:localhost/127.0.0.1:8083]}, [connected])
15:53:13.433 [reactor-http-nio-41] DEBUG reactor.netty.resources.PooledConnectionProvider - [id: 0xfb192aad, L:/127.0.0.1:51748 - R:localhost/127.0.0.1:8083] onStateChange(GET{uri=/, connection=PooledConnection{channel=[id: 0xfb192aad, L:/127.0.0.1:51748 - R:localhost/127.0.0.1:8083]}}, [configured])
15:53:13.433 [reactor-http-nio-41] DEBUG reactor.netty.http.client.HttpClientConnect - [id: 0xfb192aad, L:/127.0.0.1:51748 - R:localhost/127.0.0.1:8083] Handler is being applied: {uri=http://localhost:8083/userLocation?userId=667c2c56-a457-4fc2-89a1-387e17d38fa3, method=GET}
15:53:13.436 [reactor-http-nio-41] DEBUG reactor.netty.resources.PooledConnectionProvider - [id: 0xfb192aad, L:/127.0.0.1:51748 - R:localhost/127.0.0.1:8083] onStateChange(GET{uri=/userLocation?userId=667c2c56-a457-4fc2-89a1-387e17d38fa3, connection=PooledConnection{channel=[id: 0xfb192aad, L:/127.0.0.1:51748 - R:localhost/127.0.0.1:8083]}}, [request_sent])
15:53:13.437 [reactor-http-nio-41] DEBUG reactor.netty.resources.PooledConnectionProvider - [id: 0x98e6ee9b, L:/127.0.0.1:51750 - R:localhost/127.0.0.1:8083] Registering pool release on close event for channel
15:53:13.437 [reactor-http-nio-41] DEBUG reactor.netty.resources.PooledConnectionProvider - [id: 0x98e6ee9b, L:/127.0.0.1:51750 - R:localhost/127.0.0.1:8083] Channel connected, now 28 active connections and 273 inactive connections
15:53:13.437 [reactor-http-nio-41] DEBUG reactor.netty.resources.PooledConnectionProvider - [id: 0x98e6ee9b, L:/127.0.0.1:51750 - R:localhost/127.0.0.1:8083] onStateChange(PooledConnection{channel=[id: 0x98e6ee9b, L:/127.0.0.1:51750 - R:localhost/127.0.0.1:8083]}, [connected])
15:53:13.438 [reactor-http-nio-41] DEBUG reactor.netty.resources.PooledConnectionProvider - [id: 0x98e6ee9b, L:/127.0.0.1:51750 - R:localhost/127.0.0.1:8083] onStateChange(GET{uri=/, connection=PooledConnection{channel=[id: 0x98e6ee9b, L:/127.0.0.1:51750 - R:localhost/127.0.0.1:8083]}}, [configured])
15:53:13.438 [reactor-http-nio-41] DEBUG reactor.netty.http.client.HttpClientConnect - [id: 0x98e6ee9b, L:/127.0.0.1:51750 - R:localhost/127.0.0.1:8083] Handler is being applied: {uri=http://localhost:8083/userLocation?userId=caab5cdd-8d0e-4e28-a7f6-743157b1e933, method=GET}
15:53:13.440 [reactor-http-nio-41] DEBUG reactor.netty.resources.PooledConnectionProvider - [id: 0x98e6ee9b, L:/127.0.0.1:51750 - R:localhost/127.0.0.1:8083] onStateChange(GET{uri=/userLocation?userId=caab5cdd-8d0e-4e28-a7f6-743157b1e933, connection=PooledConnection{channel=[id: 0x98e6ee9b, L:/127.0.0.1:51750 - R:localhost/127.0.0.1:8083]}}, [request_sent])
15:53:13.440 [reactor-http-nio-41] DEBUG reactor.netty.resources.PooledConnectionProvider - [id: 0xed0ba0e1, L:/127.0.0.1:51752 - R:localhost/127.0.0.1:8083] onStateChange(PooledConnection{channel=[id: 0xed0ba0e1, L:/127.0.0.1:51752 - R:localhost/127.0.0.1:8083]}, [connected])
15:53:13.440 [reactor-http-nio-41] DEBUG reactor.netty.resources.PooledConnectionProvider - [id: 0xed0ba0e1, L:/127.0.0.1:51752 - R:localhost/127.0.0.1:8083] onStateChange(GET{uri=/, connection=PooledConnection{channel=[id: 0xed0ba0e1, L:/127.0.0.1:51752 - R:localhost/127.0.0.1:8083]}}, [configured])
15:53:13.441 [reactor-http-nio-41] DEBUG reactor.netty.resources.PooledConnectionProvider - [id: 0x7ed84751, L:/127.0.0.1:51753 - R:localhost/127.0.0.1:8083] onStateChange(PooledConnection{channel=[id: 0x7ed84751, L:/127.0.0.1:51753 - R:localhost/127.0.0.1:8083]}, [connected])
15:53:13.441 [reactor-http-nio-41] DEBUG reactor.netty.resources.PooledConnectionProvider - [id: 0x7ed84751, L:/127.0.0.1:51753 - R:localhost/127.0.0.1:8083] onStateChange(GET{uri=/, connection=PooledConnection{channel=[id: 0x7ed84751, L:/127.0.0.1:51753 - R:localhost/127.0.0.1:8083]}}, [configured])
15:53:13.441 [reactor-http-nio-41] DEBUG reactor.netty.resources.PooledConnectionProvider - [id: 0x48fc4dd2, L:/127.0.0.1:51755 - R:localhost/127.0.0.1:8083] onStateChange(PooledConnection{channel=[id: 0x48fc4dd2, L:/127.0.0.1:51755 - R:localhost/127.0.0.1:8083]}, [connected])
15:53:13.441 [reactor-http-nio-41] DEBUG reactor.netty.resources.PooledConnectionProvider - [id: 0x48fc4dd2, L:/127.0.0.1:51755 - R:localhost/127.0.0.1:8083] onStateChange(GET{uri=/, connection=PooledConnection{channel=[id: 0x48fc4dd2, L:/127.0.0.1:51755 - R:localhost/127.0.0.1:8083]}}, [configured])
15:53:13.441 [reactor-http-nio-47] DEBUG reactor.netty.resources.PooledConnectionProvider - [id: 0x16e996b4, L:/127.0.0.1:51859 - R:localhost/127.0.0.1:8083] onStateChange(GET{uri=/, connection=PooledConnection{channel=[id: 0x16e996b4, L:/127.0.0.1:51859 - R:localhost/127.0.0.1:8083]}}, [configured])
15:53:13.441 [reactor-http-nio-41] DEBUG reactor.netty.resources.PooledConnectionProvider - [id: 0x9f0a2ff5, L:/127.0.0.1:51757 - R:localhost/127.0.0.1:8083] onStateChange(PooledConnection{channel=[id: 0x9f0a2ff5, L:/127.0.0.1:51757 - R:localhost/127.0.0.1:8083]}, [connected])
15:53:13.441 [reactor-http-nio-46] DEBUG reactor.netty.resources.PooledConnectionProvider - [id: 0xb42d715a, L:/127.0.0.1:51795 - R:localhost/127.0.0.1:8083] onStateChange(PooledConnection{channel=[id: 0xb42d715a, L:/127.0.0.1:51795 - R:localhost/127.0.0.1:8083]}, [connected])
15:53:13.442 [reactor-http-nio-46] DEBUG reactor.netty.resources.PooledConnectionProvider - [id: 0xb42d715a, L:/127.0.0.1:51795 - R:localhost/127.0.0.1:8083] onStateChange(GET{uri=/, connection=PooledConnection{channel=[id: 0xb42d715a, L:/127.0.0.1:51795 - R:localhost/127.0.0.1:8083]}}, [configured])
15:53:13.442 [reactor-http-nio-41] DEBUG reactor.netty.resources.PooledConnectionProvider - [id: 0x9f0a2ff5, L:/127.0.0.1:51757 - R:localhost/127.0.0.1:8083] onStateChange(GET{uri=/, connection=PooledConnection{channel=[id: 0x9f0a2ff5, L:/127.0.0.1:51757 - R:localhost/127.0.0.1:8083]}}, [configured])
15:53:13.442 [reactor-http-nio-46] DEBUG reactor.netty.resources.PooledConnectionProvider - [id: 0x72e5dab1, L:/127.0.0.1:51797 - R:localhost/127.0.0.1:8083] onStateChange(PooledConnection{channel=[id: 0x72e5dab1, L:/127.0.0.1:51797 - R:localhost/127.0.0.1:8083]}, [connected])
15:53:13.442 [reactor-http-nio-46] DEBUG reactor.netty.resources.PooledConnectionProvider - [id: 0x72e5dab1, L:/127.0.0.1:51797 - R:localhost/127.0.0.1:8083] onStateChange(GET{uri=/, connection=PooledConnection{channel=[id: 0x72e5dab1, L:/127.0.0.1:51797 - R:localhost/127.0.0.1:8083]}}, [configured])
15:53:13.442 [reactor-http-nio-46] DEBUG reactor.netty.resources.PooledConnectionProvider - [id: 0x5362fcb1, L:/127.0.0.1:51798 - R:localhost/127.0.0.1:8083] onStateChange(PooledConnection{channel=[id: 0x5362fcb1, L:/127.0.0.1:51798 - R:localhost/127.0.0.1:8083]}, [connected])
15:53:13.442 [reactor-http-nio-46] DEBUG reactor.netty.resources.PooledConnectionProvider - [id: 0x5362fcb1, L:/127.0.0.1:51798 - R:localhost/127.0.0.1:8083] onStateChange(GET{uri=/, connection=PooledConnection{channel=[id: 0x5362fcb1, L:/127.0.0.1:51798 - R:localhost/127.0.0.1:8083]}}, [configured])
15:53:13.442 [reactor-http-nio-41] DEBUG reactor.netty.resources.PooledConnectionProvider - [id: 0x5c46e8f5, L:/127.0.0.1:51758 - R:localhost/127.0.0.1:8083] onStateChange(PooledConnection{channel=[id: 0x5c46e8f5, L:/127.0.0.1:51758 - R:localhost/127.0.0.1:8083]}, [connected])
15:53:13.443 [reactor-http-nio-41] DEBUG reactor.netty.resources.PooledConnectionProvider - [id: 0x5c46e8f5, L:/127.0.0.1:51758 - R:localhost/127.0.0.1:8083] onStateChange(GET{uri=/, connection=PooledConnection{channel=[id: 0x5c46e8f5, L:/127.0.0.1:51758 - R:localhost/127.0.0.1:8083]}}, [configured])
15:53:13.443 [reactor-http-nio-41] DEBUG reactor.netty.resources.PooledConnectionProvider - [id: 0x6c6e06d1, L:/127.0.0.1:51760 - R:localhost/127.0.0.1:8083] Registering pool release on close event for channel
15:53:13.443 [reactor-http-nio-41] DEBUG reactor.netty.resources.PooledConnectionProvider - [id: 0x6c6e06d1, L:/127.0.0.1:51760 - R:localhost/127.0.0.1:8083] Channel connected, now 29 active connections and 272 inactive connections
15:53:13.443 [reactor-http-nio-46] DEBUG reactor.netty.resources.PooledConnectionProvider - [id: 0xcde170f5, L:/127.0.0.1:51800 - R:localhost/127.0.0.1:8083] onStateChange(PooledConnection{channel=[id: 0xcde170f5, L:/127.0.0.1:51800 - R:localhost/127.0.0.1:8083]}, [connected])
15:53:13.443 [reactor-http-nio-46] DEBUG reactor.netty.resources.PooledConnectionProvider - [id: 0xcde170f5, L:/127.0.0.1:51800 - R:localhost/127.0.0.1:8083] onStateChange(GET{uri=/, connection=PooledConnection{channel=[id: 0xcde170f5, L:/127.0.0.1:51800 - R:localhost/127.0.0.1:8083]}}, [configured])
15:53:13.443 [reactor-http-nio-41] DEBUG reactor.netty.resources.PooledConnectionProvider - [id: 0x6c6e06d1, L:/127.0.0.1:51760 - R:localhost/127.0.0.1:8083] onStateChange(PooledConnection{channel=[id: 0x6c6e06d1, L:/127.0.0.1:51760 - R:localhost/127.0.0.1:8083]}, [connected])
15:53:13.444 [reactor-http-nio-41] DEBUG reactor.netty.resources.PooledConnectionProvider - [id: 0x6c6e06d1, L:/127.0.0.1:51760 - R:localhost/127.0.0.1:8083] onStateChange(GET{uri=/, connection=PooledConnection{channel=[id: 0x6c6e06d1, L:/127.0.0.1:51760 - R:localhost/127.0.0.1:8083]}}, [configured])
15:53:13.444 [reactor-http-nio-41] DEBUG reactor.netty.http.client.HttpClientConnect - [id: 0x6c6e06d1, L:/127.0.0.1:51760 - R:localhost/127.0.0.1:8083] Handler is being applied: {uri=http://localhost:8083/userLocation?userId=fb685411-eba7-49e5-b06d-c7d078d23c14, method=GET}
15:53:13.444 [reactor-http-nio-46] DEBUG reactor.netty.resources.PooledConnectionProvider - [id: 0x7857a0df, L:/127.0.0.1:51801 - R:localhost/127.0.0.1:8083] onStateChange(PooledConnection{channel=[id: 0x7857a0df, L:/127.0.0.1:51801 - R:localhost/127.0.0.1:8083]}, [connected])
15:53:13.444 [reactor-http-nio-46] DEBUG reactor.netty.resources.PooledConnectionProvider - [id: 0x7857a0df, L:/127.0.0.1:51801 - R:localhost/127.0.0.1:8083] onStateChange(GET{uri=/, connection=PooledConnection{channel=[id: 0x7857a0df, L:/127.0.0.1:51801 - R:localhost/127.0.0.1:8083]}}, [configured])
15:53:13.444 [reactor-http-nio-46] DEBUG reactor.netty.resources.PooledConnectionProvider - [id: 0x0a4cfcd0, L:/127.0.0.1:51802 - R:localhost/127.0.0.1:8083] onStateChange(PooledConnection{channel=[id: 0x0a4cfcd0, L:/127.0.0.1:51802 - R:localhost/127.0.0.1:8083]}, [connected])
15:53:13.444 [reactor-http-nio-46] DEBUG reactor.netty.resources.PooledConnectionProvider - [id: 0x0a4cfcd0, L:/127.0.0.1:51802 - R:localhost/127.0.0.1:8083] onStateChange(GET{uri=/, connection=PooledConnection{channel=[id: 0x0a4cfcd0, L:/127.0.0.1:51802 - R:localhost/127.0.0.1:8083]}}, [configured])
15:53:13.445 [reactor-http-nio-46] DEBUG reactor.netty.resources.PooledConnectionProvider - [id: 0x786dbf94, L:/127.0.0.1:51803 - R:localhost/127.0.0.1:8083] onStateChange(PooledConnection{channel=[id: 0x786dbf94, L:/127.0.0.1:51803 - R:localhost/127.0.0.1:8083]}, [connected])
15:53:13.445 [reactor-http-nio-46] DEBUG reactor.netty.resources.PooledConnectionProvider - [id: 0x786dbf94, L:/127.0.0.1:51803 - R:localhost/127.0.0.1:8083] onStateChange(GET{uri=/, connection=PooledConnection{channel=[id: 0x786dbf94, L:/127.0.0.1:51803 - R:localhost/127.0.0.1:8083]}}, [configured])
15:53:13.445 [reactor-http-nio-46] DEBUG reactor.netty.resources.PooledConnectionProvider - [id: 0xe631b28c, L:/127.0.0.1:51804 - R:localhost/127.0.0.1:8083] onStateChange(PooledConnection{channel=[id: 0xe631b28c, L:/127.0.0.1:51804 - R:localhost/127.0.0.1:8083]}, [connected])
15:53:13.445 [reactor-http-nio-46] DEBUG reactor.netty.resources.PooledConnectionProvider - [id: 0xe631b28c, L:/127.0.0.1:51804 - R:localhost/127.0.0.1:8083] onStateChange(GET{uri=/, connection=PooledConnection{channel=[id: 0xe631b28c, L:/127.0.0.1:51804 - R:localhost/127.0.0.1:8083]}}, [configured])
15:53:13.446 [reactor-http-nio-46] DEBUG reactor.netty.resources.PooledConnectionProvider - [id: 0x21f981c4, L:/127.0.0.1:51805 - R:localhost/127.0.0.1:8083] onStateChange(PooledConnection{channel=[id: 0x21f981c4, L:/127.0.0.1:51805 - R:localhost/127.0.0.1:8083]}, [connected])
15:53:13.446 [reactor-http-nio-46] DEBUG reactor.netty.resources.PooledConnectionProvider - [id: 0x21f981c4, L:/127.0.0.1:51805 - R:localhost/127.0.0.1:8083] onStateChange(GET{uri=/, connection=PooledConnection{channel=[id: 0x21f981c4, L:/127.0.0.1:51805 - R:localhost/127.0.0.1:8083]}}, [configured])
15:53:13.446 [reactor-http-nio-46] DEBUG reactor.netty.resources.PooledConnectionProvider - [id: 0xd99a3f51, L:/127.0.0.1:51806 - R:localhost/127.0.0.1:8083] onStateChange(PooledConnection{channel=[id: 0xd99a3f51, L:/127.0.0.1:51806 - R:localhost/127.0.0.1:8083]}, [connected])
15:53:13.446 [reactor-http-nio-46] DEBUG reactor.netty.resources.PooledConnectionProvider - [id: 0xd99a3f51, L:/127.0.0.1:51806 - R:localhost/127.0.0.1:8083] onStateChange(GET{uri=/, connection=PooledConnection{channel=[id: 0xd99a3f51, L:/127.0.0.1:51806 - R:localhost/127.0.0.1:8083]}}, [configured])
15:53:13.446 [reactor-http-nio-46] DEBUG reactor.netty.resources.PooledConnectionProvider - [id: 0x6dee6723, L:/127.0.0.1:51807 - R:localhost/127.0.0.1:8083] onStateChange(PooledConnection{channel=[id: 0x6dee6723, L:/127.0.0.1:51807 - R:localhost/127.0.0.1:8083]}, [connected])
15:53:13.447 [reactor-http-nio-41] DEBUG reactor.netty.resources.PooledConnectionProvider - [id: 0x6c6e06d1, L:/127.0.0.1:51760 - R:localhost/127.0.0.1:8083] onStateChange(GET{uri=/userLocation?userId=fb685411-eba7-49e5-b06d-c7d078d23c14, connection=PooledConnection{channel=[id: 0x6c6e06d1, L:/127.0.0.1:51760 - R:localhost/127.0.0.1:8083]}}, [request_sent])
15:53:13.447 [reactor-http-nio-46] DEBUG reactor.netty.resources.PooledConnectionProvider - [id: 0x6dee6723, L:/127.0.0.1:51807 - R:localhost/127.0.0.1:8083] onStateChange(GET{uri=/, connection=PooledConnection{channel=[id: 0x6dee6723, L:/127.0.0.1:51807 - R:localhost/127.0.0.1:8083]}}, [configured])
15:53:13.447 [reactor-http-nio-46] DEBUG reactor.netty.resources.PooledConnectionProvider - [id: 0xe441070c, L:/127.0.0.1:51808 - R:localhost/127.0.0.1:8083] onStateChange(PooledConnection{channel=[id: 0xe441070c, L:/127.0.0.1:51808 - R:localhost/127.0.0.1:8083]}, [connected])
15:53:13.447 [reactor-http-nio-46] DEBUG reactor.netty.resources.PooledConnectionProvider - [id: 0xe441070c, L:/127.0.0.1:51808 - R:localhost/127.0.0.1:8083] onStateChange(GET{uri=/, connection=PooledConnection{channel=[id: 0xe441070c, L:/127.0.0.1:51808 - R:localhost/127.0.0.1:8083]}}, [configured])
15:53:13.447 [reactor-http-nio-41] DEBUG reactor.netty.resources.PooledConnectionProvider - [id: 0x8ef5774d, L:/127.0.0.1:51762 - R:localhost/127.0.0.1:8083] onStateChange(PooledConnection{channel=[id: 0x8ef5774d, L:/127.0.0.1:51762 - R:localhost/127.0.0.1:8083]}, [connected])
15:53:13.448 [reactor-http-nio-41] DEBUG reactor.netty.resources.PooledConnectionProvider - [id: 0x8ef5774d, L:/127.0.0.1:51762 - R:localhost/127.0.0.1:8083] onStateChange(GET{uri=/, connection=PooledConnection{channel=[id: 0x8ef5774d, L:/127.0.0.1:51762 - R:localhost/127.0.0.1:8083]}}, [configured])
15:53:13.448 [reactor-http-nio-41] DEBUG reactor.netty.resources.PooledConnectionProvider - [id: 0x67f8f13a, L:/127.0.0.1:51763 - R:localhost/127.0.0.1:8083] onStateChange(PooledConnection{channel=[id: 0x67f8f13a, L:/127.0.0.1:51763 - R:localhost/127.0.0.1:8083]}, [connected])
15:53:13.448 [reactor-http-nio-41] DEBUG reactor.netty.resources.PooledConnectionProvider - [id: 0x67f8f13a, L:/127.0.0.1:51763 - R:localhost/127.0.0.1:8083] onStateChange(GET{uri=/, connection=PooledConnection{channel=[id: 0x67f8f13a, L:/127.0.0.1:51763 - R:localhost/127.0.0.1:8083]}}, [configured])
15:53:13.449 [reactor-http-nio-46] DEBUG reactor.netty.resources.PooledConnectionProvider - [id: 0x4746856e, L:/127.0.0.1:51809 - R:localhost/127.0.0.1:8083] onStateChange(PooledConnection{channel=[id: 0x4746856e, L:/127.0.0.1:51809 - R:localhost/127.0.0.1:8083]}, [connected])
15:53:13.449 [reactor-http-nio-41] DEBUG reactor.netty.resources.PooledConnectionProvider - [id: 0x506c6088, L:/127.0.0.1:51764 - R:localhost/127.0.0.1:8083] onStateChange(PooledConnection{channel=[id: 0x506c6088, L:/127.0.0.1:51764 - R:localhost/127.0.0.1:8083]}, [connected])
15:53:13.449 [reactor-http-nio-41] DEBUG reactor.netty.resources.PooledConnectionProvider - [id: 0x506c6088, L:/127.0.0.1:51764 - R:localhost/127.0.0.1:8083] onStateChange(GET{uri=/, connection=PooledConnection{channel=[id: 0x506c6088, L:/127.0.0.1:51764 - R:localhost/127.0.0.1:8083]}}, [configured])
15:53:13.450 [reactor-http-nio-41] DEBUG reactor.netty.resources.PooledConnectionProvider - [id: 0x93777bf1, L:/127.0.0.1:51766 - R:localhost/127.0.0.1:8083] onStateChange(PooledConnection{channel=[id: 0x93777bf1, L:/127.0.0.1:51766 - R:localhost/127.0.0.1:8083]}, [connected])
15:53:13.450 [reactor-http-nio-41] DEBUG reactor.netty.resources.PooledConnectionProvider - [id: 0x93777bf1, L:/127.0.0.1:51766 - R:localhost/127.0.0.1:8083] onStateChange(GET{uri=/, connection=PooledConnection{channel=[id: 0x93777bf1, L:/127.0.0.1:51766 - R:localhost/127.0.0.1:8083]}}, [configured])
15:53:13.449 [reactor-http-nio-46] DEBUG reactor.netty.resources.PooledConnectionProvider - [id: 0x4746856e, L:/127.0.0.1:51809 - R:localhost/127.0.0.1:8083] onStateChange(GET{uri=/, connection=PooledConnection{channel=[id: 0x4746856e, L:/127.0.0.1:51809 - R:localhost/127.0.0.1:8083]}}, [configured])
15:53:13.451 [reactor-http-nio-46] DEBUG reactor.netty.resources.PooledConnectionProvider - [id: 0x13239c6a, L:/127.0.0.1:51810 - R:localhost/127.0.0.1:8083] onStateChange(PooledConnection{channel=[id: 0x13239c6a, L:/127.0.0.1:51810 - R:localhost/127.0.0.1:8083]}, [connected])
15:53:13.451 [reactor-http-nio-46] DEBUG reactor.netty.resources.PooledConnectionProvider - [id: 0x13239c6a, L:/127.0.0.1:51810 - R:localhost/127.0.0.1:8083] onStateChange(GET{uri=/, connection=PooledConnection{channel=[id: 0x13239c6a, L:/127.0.0.1:51810 - R:localhost/127.0.0.1:8083]}}, [configured])
15:53:13.451 [reactor-http-nio-46] DEBUG reactor.netty.resources.PooledConnectionProvider - [id: 0xd943badc, L:/127.0.0.1:51811 - R:localhost/127.0.0.1:8083] onStateChange(PooledConnection{channel=[id: 0xd943badc, L:/127.0.0.1:51811 - R:localhost/127.0.0.1:8083]}, [connected])
15:53:13.452 [reactor-http-nio-46] DEBUG reactor.netty.resources.PooledConnectionProvider - [id: 0xd943badc, L:/127.0.0.1:51811 - R:localhost/127.0.0.1:8083] onStateChange(GET{uri=/, connection=PooledConnection{channel=[id: 0xd943badc, L:/127.0.0.1:51811 - R:localhost/127.0.0.1:8083]}}, [configured])
15:53:13.451 [reactor-http-nio-41] DEBUG reactor.netty.resources.PooledConnectionProvider - [id: 0x61097f73, L:/127.0.0.1:51767 - R:localhost/127.0.0.1:8083] onStateChange(PooledConnection{channel=[id: 0x61097f73, L:/127.0.0.1:51767 - R:localhost/127.0.0.1:8083]}, [connected])
15:53:13.452 [reactor-http-nio-46] DEBUG reactor.netty.resources.PooledConnectionProvider - [id: 0xefddac86, L:/127.0.0.1:51812 - R:localhost/127.0.0.1:8083] onStateChange(PooledConnection{channel=[id: 0xefddac86, L:/127.0.0.1:51812 - R:localhost/127.0.0.1:8083]}, [connected])
15:53:13.452 [reactor-http-nio-46] DEBUG reactor.netty.resources.PooledConnectionProvider - [id: 0xefddac86, L:/127.0.0.1:51812 - R:localhost/127.0.0.1:8083] onStateChange(GET{uri=/, connection=PooledConnection{channel=[id: 0xefddac86, L:/127.0.0.1:51812 - R:localhost/127.0.0.1:8083]}}, [configured])
15:53:13.452 [reactor-http-nio-46] DEBUG reactor.netty.resources.PooledConnectionProvider - [id: 0x0c4def98, L:/127.0.0.1:51813 - R:localhost/127.0.0.1:8083] Registering pool release on close event for channel
15:53:13.452 [reactor-http-nio-46] DEBUG reactor.netty.resources.PooledConnectionProvider - [id: 0x0c4def98, L:/127.0.0.1:51813 - R:localhost/127.0.0.1:8083] Channel connected, now 30 active connections and 271 inactive connections
15:53:13.452 [reactor-http-nio-46] DEBUG reactor.netty.resources.PooledConnectionProvider - [id: 0x0c4def98, L:/127.0.0.1:51813 - R:localhost/127.0.0.1:8083] onStateChange(PooledConnection{channel=[id: 0x0c4def98, L:/127.0.0.1:51813 - R:localhost/127.0.0.1:8083]}, [connected])
15:53:13.452 [reactor-http-nio-41] DEBUG reactor.netty.resources.PooledConnectionProvider - [id: 0x61097f73, L:/127.0.0.1:51767 - R:localhost/127.0.0.1:8083] onStateChange(GET{uri=/, connection=PooledConnection{channel=[id: 0x61097f73, L:/127.0.0.1:51767 - R:localhost/127.0.0.1:8083]}}, [configured])
15:53:13.453 [reactor-http-nio-46] DEBUG reactor.netty.resources.PooledConnectionProvider - [id: 0x0c4def98, L:/127.0.0.1:51813 - R:localhost/127.0.0.1:8083] onStateChange(GET{uri=/, connection=PooledConnection{channel=[id: 0x0c4def98, L:/127.0.0.1:51813 - R:localhost/127.0.0.1:8083]}}, [configured])
15:53:13.453 [reactor-http-nio-46] DEBUG reactor.netty.http.client.HttpClientConnect - [id: 0x0c4def98, L:/127.0.0.1:51813 - R:localhost/127.0.0.1:8083] Handler is being applied: {uri=http://localhost:8083/userLocation?userId=e6fd486b-8ac5-4554-8b3a-70d1fc8f666b, method=GET}
15:53:13.453 [reactor-http-nio-41] DEBUG reactor.netty.resources.PooledConnectionProvider - [id: 0xdcbf6f00, L:/127.0.0.1:51769 - R:localhost/127.0.0.1:8083] Registering pool release on close event for channel
15:53:13.453 [reactor-http-nio-41] DEBUG reactor.netty.resources.PooledConnectionProvider - [id: 0xdcbf6f00, L:/127.0.0.1:51769 - R:localhost/127.0.0.1:8083] Channel connected, now 31 active connections and 270 inactive connections
15:53:13.453 [reactor-http-nio-41] DEBUG reactor.netty.resources.PooledConnectionProvider - [id: 0xdcbf6f00, L:/127.0.0.1:51769 - R:localhost/127.0.0.1:8083] onStateChange(PooledConnection{channel=[id: 0xdcbf6f00, L:/127.0.0.1:51769 - R:localhost/127.0.0.1:8083]}, [connected])
15:53:13.453 [reactor-http-nio-41] DEBUG reactor.netty.resources.PooledConnectionProvider - [id: 0xdcbf6f00, L:/127.0.0.1:51769 - R:localhost/127.0.0.1:8083] onStateChange(GET{uri=/, connection=PooledConnection{channel=[id: 0xdcbf6f00, L:/127.0.0.1:51769 - R:localhost/127.0.0.1:8083]}}, [configured])
15:53:13.453 [reactor-http-nio-41] DEBUG reactor.netty.http.client.HttpClientConnect - [id: 0xdcbf6f00, L:/127.0.0.1:51769 - R:localhost/127.0.0.1:8083] Handler is being applied: {uri=http://localhost:8083/userLocation?userId=87dca8ff-e094-4c79-924a-37cf4870c980, method=GET}
15:53:13.454 [reactor-http-nio-46] DEBUG reactor.netty.resources.PooledConnectionProvider - [id: 0x0c4def98, L:/127.0.0.1:51813 - R:localhost/127.0.0.1:8083] onStateChange(GET{uri=/userLocation?userId=e6fd486b-8ac5-4554-8b3a-70d1fc8f666b, connection=PooledConnection{channel=[id: 0x0c4def98, L:/127.0.0.1:51813 - R:localhost/127.0.0.1:8083]}}, [request_sent])
15:53:13.454 [reactor-http-nio-46] DEBUG reactor.netty.resources.PooledConnectionProvider - [id: 0x7e95ad76, L:/127.0.0.1:51814 - R:localhost/127.0.0.1:8083] onStateChange(PooledConnection{channel=[id: 0x7e95ad76, L:/127.0.0.1:51814 - R:localhost/127.0.0.1:8083]}, [connected])
15:53:13.455 [reactor-http-nio-46] DEBUG reactor.netty.resources.PooledConnectionProvider - [id: 0x7e95ad76, L:/127.0.0.1:51814 - R:localhost/127.0.0.1:8083] onStateChange(GET{uri=/, connection=PooledConnection{channel=[id: 0x7e95ad76, L:/127.0.0.1:51814 - R:localhost/127.0.0.1:8083]}}, [configured])
15:53:13.455 [reactor-http-nio-46] DEBUG reactor.netty.resources.PooledConnectionProvider - [id: 0x901633c4, L:/127.0.0.1:51815 - R:localhost/127.0.0.1:8083] Registering pool release on close event for channel
15:53:13.455 [reactor-http-nio-41] DEBUG reactor.netty.resources.PooledConnectionProvider - [id: 0xdcbf6f00, L:/127.0.0.1:51769 - R:localhost/127.0.0.1:8083] onStateChange(GET{uri=/userLocation?userId=87dca8ff-e094-4c79-924a-37cf4870c980, connection=PooledConnection{channel=[id: 0xdcbf6f00, L:/127.0.0.1:51769 - R:localhost/127.0.0.1:8083]}}, [request_sent])
15:53:13.455 [reactor-http-nio-41] DEBUG reactor.netty.resources.PooledConnectionProvider - [id: 0xabcec1ab, L:/127.0.0.1:51770 - R:localhost/127.0.0.1:8083] onStateChange(PooledConnection{channel=[id: 0xabcec1ab, L:/127.0.0.1:51770 - R:localhost/127.0.0.1:8083]}, [connected])
15:53:13.455 [reactor-http-nio-41] DEBUG reactor.netty.resources.PooledConnectionProvider - [id: 0xabcec1ab, L:/127.0.0.1:51770 - R:localhost/127.0.0.1:8083] onStateChange(GET{uri=/, connection=PooledConnection{channel=[id: 0xabcec1ab, L:/127.0.0.1:51770 - R:localhost/127.0.0.1:8083]}}, [configured])
15:53:13.455 [reactor-http-nio-46] DEBUG reactor.netty.resources.PooledConnectionProvider - [id: 0x901633c4, L:/127.0.0.1:51815 - R:localhost/127.0.0.1:8083] Channel connected, now 32 active connections and 269 inactive connections
15:53:13.456 [reactor-http-nio-41] DEBUG reactor.netty.resources.PooledConnectionProvider - [id: 0x4f2e6241, L:/127.0.0.1:51772 - R:localhost/127.0.0.1:8083] onStateChange(PooledConnection{channel=[id: 0x4f2e6241, L:/127.0.0.1:51772 - R:localhost/127.0.0.1:8083]}, [connected])
15:53:13.456 [reactor-http-nio-46] DEBUG reactor.netty.resources.PooledConnectionProvider - [id: 0x901633c4, L:/127.0.0.1:51815 - R:localhost/127.0.0.1:8083] onStateChange(PooledConnection{channel=[id: 0x901633c4, L:/127.0.0.1:51815 - R:localhost/127.0.0.1:8083]}, [connected])
15:53:13.456 [reactor-http-nio-41] DEBUG reactor.netty.resources.PooledConnectionProvider - [id: 0x4f2e6241, L:/127.0.0.1:51772 - R:localhost/127.0.0.1:8083] onStateChange(GET{uri=/, connection=PooledConnection{channel=[id: 0x4f2e6241, L:/127.0.0.1:51772 - R:localhost/127.0.0.1:8083]}}, [configured])
15:53:13.456 [reactor-http-nio-46] DEBUG reactor.netty.resources.PooledConnectionProvider - [id: 0x901633c4, L:/127.0.0.1:51815 - R:localhost/127.0.0.1:8083] onStateChange(GET{uri=/, connection=PooledConnection{channel=[id: 0x901633c4, L:/127.0.0.1:51815 - R:localhost/127.0.0.1:8083]}}, [configured])
15:53:13.456 [reactor-http-nio-41] DEBUG reactor.netty.resources.PooledConnectionProvider - [id: 0xd240e1c5, L:/127.0.0.1:51773 - R:localhost/127.0.0.1:8083] onStateChange(PooledConnection{channel=[id: 0xd240e1c5, L:/127.0.0.1:51773 - R:localhost/127.0.0.1:8083]}, [connected])
15:53:13.456 [reactor-http-nio-46] DEBUG reactor.netty.http.client.HttpClientConnect - [id: 0x901633c4, L:/127.0.0.1:51815 - R:localhost/127.0.0.1:8083] Handler is being applied: {uri=http://localhost:8083/userLocation?userId=085343c5-058e-4308-80b3-fd18b88d975d, method=GET}
15:53:13.456 [reactor-http-nio-41] DEBUG reactor.netty.resources.PooledConnectionProvider - [id: 0xd240e1c5, L:/127.0.0.1:51773 - R:localhost/127.0.0.1:8083] onStateChange(GET{uri=/, connection=PooledConnection{channel=[id: 0xd240e1c5, L:/127.0.0.1:51773 - R:localhost/127.0.0.1:8083]}}, [configured])
15:53:13.456 [reactor-http-nio-41] DEBUG reactor.netty.resources.PooledConnectionProvider - [id: 0x453fdead, L:/127.0.0.1:51775 - R:localhost/127.0.0.1:8083] Registering pool release on close event for channel
15:53:13.456 [reactor-http-nio-41] DEBUG reactor.netty.resources.PooledConnectionProvider - [id: 0x453fdead, L:/127.0.0.1:51775 - R:localhost/127.0.0.1:8083] Channel connected, now 33 active connections and 268 inactive connections
15:53:13.457 [reactor-http-nio-41] DEBUG reactor.netty.resources.PooledConnectionProvider - [id: 0x453fdead, L:/127.0.0.1:51775 - R:localhost/127.0.0.1:8083] onStateChange(PooledConnection{channel=[id: 0x453fdead, L:/127.0.0.1:51775 - R:localhost/127.0.0.1:8083]}, [connected])
15:53:13.457 [reactor-http-nio-41] DEBUG reactor.netty.resources.PooledConnectionProvider - [id: 0x453fdead, L:/127.0.0.1:51775 - R:localhost/127.0.0.1:8083] onStateChange(GET{uri=/, connection=PooledConnection{channel=[id: 0x453fdead, L:/127.0.0.1:51775 - R:localhost/127.0.0.1:8083]}}, [configured])
15:53:13.457 [reactor-http-nio-41] DEBUG reactor.netty.http.client.HttpClientConnect - [id: 0x453fdead, L:/127.0.0.1:51775 - R:localhost/127.0.0.1:8083] Handler is being applied: {uri=http://localhost:8083/userLocation?userId=1601e45f-583a-43b8-a122-3f7ea5a829ad, method=GET}
15:53:13.458 [reactor-http-nio-41] DEBUG reactor.netty.resources.PooledConnectionProvider - [id: 0x453fdead, L:/127.0.0.1:51775 - R:localhost/127.0.0.1:8083] onStateChange(GET{uri=/userLocation?userId=1601e45f-583a-43b8-a122-3f7ea5a829ad, connection=PooledConnection{channel=[id: 0x453fdead, L:/127.0.0.1:51775 - R:localhost/127.0.0.1:8083]}}, [request_sent])
15:53:13.459 [reactor-http-nio-41] DEBUG reactor.netty.resources.PooledConnectionProvider - [id: 0x030e65b7, L:/127.0.0.1:51777 - R:localhost/127.0.0.1:8083] onStateChange(PooledConnection{channel=[id: 0x030e65b7, L:/127.0.0.1:51777 - R:localhost/127.0.0.1:8083]}, [connected])
15:53:13.459 [reactor-http-nio-41] DEBUG reactor.netty.resources.PooledConnectionProvider - [id: 0x030e65b7, L:/127.0.0.1:51777 - R:localhost/127.0.0.1:8083] onStateChange(GET{uri=/, connection=PooledConnection{channel=[id: 0x030e65b7, L:/127.0.0.1:51777 - R:localhost/127.0.0.1:8083]}}, [configured])
15:53:13.459 [reactor-http-nio-46] DEBUG reactor.netty.resources.PooledConnectionProvider - [id: 0x901633c4, L:/127.0.0.1:51815 - R:localhost/127.0.0.1:8083] onStateChange(GET{uri=/userLocation?userId=085343c5-058e-4308-80b3-fd18b88d975d, connection=PooledConnection{channel=[id: 0x901633c4, L:/127.0.0.1:51815 - R:localhost/127.0.0.1:8083]}}, [request_sent])
15:53:13.459 [reactor-http-nio-41] DEBUG reactor.netty.resources.PooledConnectionProvider - [id: 0xd0c6a217, L:/127.0.0.1:51778 - R:localhost/127.0.0.1:8083] Registering pool release on close event for channel
15:53:13.459 [reactor-http-nio-41] DEBUG reactor.netty.resources.PooledConnectionProvider - [id: 0xd0c6a217, L:/127.0.0.1:51778 - R:localhost/127.0.0.1:8083] Channel connected, now 34 active connections and 267 inactive connections
15:53:13.460 [reactor-http-nio-46] DEBUG reactor.netty.resources.PooledConnectionProvider - [id: 0xa4924887, L:/127.0.0.1:51816 - R:localhost/127.0.0.1:8083] Registering pool release on close event for channel
15:53:13.460 [reactor-http-nio-41] DEBUG reactor.netty.resources.PooledConnectionProvider - [id: 0xd0c6a217, L:/127.0.0.1:51778 - R:localhost/127.0.0.1:8083] onStateChange(PooledConnection{channel=[id: 0xd0c6a217, L:/127.0.0.1:51778 - R:localhost/127.0.0.1:8083]}, [connected])
15:53:13.460 [reactor-http-nio-46] DEBUG reactor.netty.resources.PooledConnectionProvider - [id: 0xa4924887, L:/127.0.0.1:51816 - R:localhost/127.0.0.1:8083] Channel connected, now 35 active connections and 266 inactive connections
15:53:13.460 [reactor-http-nio-46] DEBUG reactor.netty.resources.PooledConnectionProvider - [id: 0xa4924887, L:/127.0.0.1:51816 - R:localhost/127.0.0.1:8083] onStateChange(PooledConnection{channel=[id: 0xa4924887, L:/127.0.0.1:51816 - R:localhost/127.0.0.1:8083]}, [connected])
15:53:13.460 [reactor-http-nio-41] DEBUG reactor.netty.resources.PooledConnectionProvider - [id: 0xd0c6a217, L:/127.0.0.1:51778 - R:localhost/127.0.0.1:8083] onStateChange(GET{uri=/, connection=PooledConnection{channel=[id: 0xd0c6a217, L:/127.0.0.1:51778 - R:localhost/127.0.0.1:8083]}}, [configured])
15:53:13.460 [reactor-http-nio-41] DEBUG reactor.netty.http.client.HttpClientConnect - [id: 0xd0c6a217, L:/127.0.0.1:51778 - R:localhost/127.0.0.1:8083] Handler is being applied: {uri=http://localhost:8083/userLocation?userId=aa5e203e-b3a6-4dfc-8db7-dc10ed4b04c0, method=GET}
15:53:13.460 [reactor-http-nio-46] DEBUG reactor.netty.resources.PooledConnectionProvider - [id: 0xa4924887, L:/127.0.0.1:51816 - R:localhost/127.0.0.1:8083] onStateChange(GET{uri=/, connection=PooledConnection{channel=[id: 0xa4924887, L:/127.0.0.1:51816 - R:localhost/127.0.0.1:8083]}}, [configured])
15:53:13.461 [reactor-http-nio-46] DEBUG reactor.netty.http.client.HttpClientConnect - [id: 0xa4924887, L:/127.0.0.1:51816 - R:localhost/127.0.0.1:8083] Handler is being applied: {uri=http://localhost:8083/userLocation?userId=00904688-3e76-4d1e-83b8-bf844cc062f8, method=GET}
15:53:13.462 [reactor-http-nio-41] DEBUG reactor.netty.resources.PooledConnectionProvider - [id: 0xd0c6a217, L:/127.0.0.1:51778 - R:localhost/127.0.0.1:8083] onStateChange(GET{uri=/userLocation?userId=aa5e203e-b3a6-4dfc-8db7-dc10ed4b04c0, connection=PooledConnection{channel=[id: 0xd0c6a217, L:/127.0.0.1:51778 - R:localhost/127.0.0.1:8083]}}, [request_sent])
15:53:13.463 [reactor-http-nio-41] DEBUG reactor.netty.resources.PooledConnectionProvider - [id: 0x26eb73e5, L:/127.0.0.1:51781 - R:localhost/127.0.0.1:8083] onStateChange(PooledConnection{channel=[id: 0x26eb73e5, L:/127.0.0.1:51781 - R:localhost/127.0.0.1:8083]}, [connected])
15:53:13.463 [reactor-http-nio-41] DEBUG reactor.netty.resources.PooledConnectionProvider - [id: 0x26eb73e5, L:/127.0.0.1:51781 - R:localhost/127.0.0.1:8083] onStateChange(GET{uri=/, connection=PooledConnection{channel=[id: 0x26eb73e5, L:/127.0.0.1:51781 - R:localhost/127.0.0.1:8083]}}, [configured])
15:53:13.464 [reactor-http-nio-41] DEBUG reactor.netty.resources.PooledConnectionProvider - [id: 0x35480b9d, L:/127.0.0.1:51783 - R:localhost/127.0.0.1:8083] onStateChange(PooledConnection{channel=[id: 0x35480b9d, L:/127.0.0.1:51783 - R:localhost/127.0.0.1:8083]}, [connected])
15:53:13.464 [reactor-http-nio-41] DEBUG reactor.netty.resources.PooledConnectionProvider - [id: 0x35480b9d, L:/127.0.0.1:51783 - R:localhost/127.0.0.1:8083] onStateChange(GET{uri=/, connection=PooledConnection{channel=[id: 0x35480b9d, L:/127.0.0.1:51783 - R:localhost/127.0.0.1:8083]}}, [configured])
15:53:13.465 [reactor-http-nio-41] DEBUG reactor.netty.resources.PooledConnectionProvider - [id: 0x22744470, L:/127.0.0.1:51785 - R:localhost/127.0.0.1:8083] onStateChange(PooledConnection{channel=[id: 0x22744470, L:/127.0.0.1:51785 - R:localhost/127.0.0.1:8083]}, [connected])
15:53:13.465 [reactor-http-nio-41] DEBUG reactor.netty.resources.PooledConnectionProvider - [id: 0x22744470, L:/127.0.0.1:51785 - R:localhost/127.0.0.1:8083] onStateChange(GET{uri=/, connection=PooledConnection{channel=[id: 0x22744470, L:/127.0.0.1:51785 - R:localhost/127.0.0.1:8083]}}, [configured])
15:53:13.465 [reactor-http-nio-46] DEBUG reactor.netty.resources.PooledConnectionProvider - [id: 0xa4924887, L:/127.0.0.1:51816 - R:localhost/127.0.0.1:8083] onStateChange(GET{uri=/userLocation?userId=00904688-3e76-4d1e-83b8-bf844cc062f8, connection=PooledConnection{channel=[id: 0xa4924887, L:/127.0.0.1:51816 - R:localhost/127.0.0.1:8083]}}, [request_sent])
15:53:13.466 [reactor-http-nio-46] DEBUG reactor.netty.resources.PooledConnectionProvider - [id: 0xfaf92bf0, L:/127.0.0.1:51817 - R:localhost/127.0.0.1:8083] onStateChange(PooledConnection{channel=[id: 0xfaf92bf0, L:/127.0.0.1:51817 - R:localhost/127.0.0.1:8083]}, [connected])
15:53:13.466 [reactor-http-nio-46] DEBUG reactor.netty.resources.PooledConnectionProvider - [id: 0xfaf92bf0, L:/127.0.0.1:51817 - R:localhost/127.0.0.1:8083] onStateChange(GET{uri=/, connection=PooledConnection{channel=[id: 0xfaf92bf0, L:/127.0.0.1:51817 - R:localhost/127.0.0.1:8083]}}, [configured])
15:53:13.466 [reactor-http-nio-46] DEBUG reactor.netty.resources.PooledConnectionProvider - [id: 0x7a77be43, L:/127.0.0.1:51818 - R:localhost/127.0.0.1:8083] onStateChange(PooledConnection{channel=[id: 0x7a77be43, L:/127.0.0.1:51818 - R:localhost/127.0.0.1:8083]}, [connected])
15:53:13.466 [reactor-http-nio-46] DEBUG reactor.netty.resources.PooledConnectionProvider - [id: 0x7a77be43, L:/127.0.0.1:51818 - R:localhost/127.0.0.1:8083] onStateChange(GET{uri=/, connection=PooledConnection{channel=[id: 0x7a77be43, L:/127.0.0.1:51818 - R:localhost/127.0.0.1:8083]}}, [configured])
15:53:13.467 [reactor-http-nio-46] DEBUG reactor.netty.resources.PooledConnectionProvider - [id: 0xad15f065, L:/127.0.0.1:51819 - R:localhost/127.0.0.1:8083] onStateChange(PooledConnection{channel=[id: 0xad15f065, L:/127.0.0.1:51819 - R:localhost/127.0.0.1:8083]}, [connected])
15:53:13.467 [reactor-http-nio-46] DEBUG reactor.netty.resources.PooledConnectionProvider - [id: 0xad15f065, L:/127.0.0.1:51819 - R:localhost/127.0.0.1:8083] onStateChange(GET{uri=/, connection=PooledConnection{channel=[id: 0xad15f065, L:/127.0.0.1:51819 - R:localhost/127.0.0.1:8083]}}, [configured])
15:53:13.467 [reactor-http-nio-46] DEBUG reactor.netty.resources.PooledConnectionProvider - [id: 0xd8e5c342, L:/127.0.0.1:51820 - R:localhost/127.0.0.1:8083] Registering pool release on close event for channel
15:53:13.467 [reactor-http-nio-46] DEBUG reactor.netty.resources.PooledConnectionProvider - [id: 0xd8e5c342, L:/127.0.0.1:51820 - R:localhost/127.0.0.1:8083] Channel connected, now 37 active connections and 264 inactive connections
15:53:13.467 [reactor-http-nio-46] DEBUG reactor.netty.resources.PooledConnectionProvider - [id: 0xd8e5c342, L:/127.0.0.1:51820 - R:localhost/127.0.0.1:8083] onStateChange(PooledConnection{channel=[id: 0xd8e5c342, L:/127.0.0.1:51820 - R:localhost/127.0.0.1:8083]}, [connected])
15:53:13.468 [reactor-http-nio-46] DEBUG reactor.netty.resources.PooledConnectionProvider - [id: 0xd8e5c342, L:/127.0.0.1:51820 - R:localhost/127.0.0.1:8083] onStateChange(GET{uri=/, connection=PooledConnection{channel=[id: 0xd8e5c342, L:/127.0.0.1:51820 - R:localhost/127.0.0.1:8083]}}, [configured])
15:53:13.468 [reactor-http-nio-46] DEBUG reactor.netty.http.client.HttpClientConnect - [id: 0xd8e5c342, L:/127.0.0.1:51820 - R:localhost/127.0.0.1:8083] Handler is being applied: {uri=http://localhost:8083/userLocation?userId=f90542d1-92dd-4a05-aa1f-366fea9313e4, method=GET}
15:53:13.468 [reactor-http-nio-47] DEBUG reactor.netty.resources.PooledConnectionProvider - [id: 0xa74b43bb, L:/127.0.0.1:51860 - R:localhost/127.0.0.1:8083] onStateChange(PooledConnection{channel=[id: 0xa74b43bb, L:/127.0.0.1:51860 - R:localhost/127.0.0.1:8083]}, [connected])
15:53:13.469 [reactor-http-nio-47] DEBUG reactor.netty.resources.PooledConnectionProvider - [id: 0xa74b43bb, L:/127.0.0.1:51860 - R:localhost/127.0.0.1:8083] onStateChange(GET{uri=/, connection=PooledConnection{channel=[id: 0xa74b43bb, L:/127.0.0.1:51860 - R:localhost/127.0.0.1:8083]}}, [configured])
15:53:13.469 [reactor-http-nio-46] DEBUG reactor.netty.resources.PooledConnectionProvider - [id: 0xd8e5c342, L:/127.0.0.1:51820 - R:localhost/127.0.0.1:8083] onStateChange(GET{uri=/userLocation?userId=f90542d1-92dd-4a05-aa1f-366fea9313e4, connection=PooledConnection{channel=[id: 0xd8e5c342, L:/127.0.0.1:51820 - R:localhost/127.0.0.1:8083]}}, [request_sent])
15:53:13.469 [reactor-http-nio-46] DEBUG reactor.netty.resources.PooledConnectionProvider - [id: 0xa3d0f544, L:/127.0.0.1:51821 - R:localhost/127.0.0.1:8083] onStateChange(PooledConnection{channel=[id: 0xa3d0f544, L:/127.0.0.1:51821 - R:localhost/127.0.0.1:8083]}, [connected])
15:53:13.469 [reactor-http-nio-46] DEBUG reactor.netty.resources.PooledConnectionProvider - [id: 0xa3d0f544, L:/127.0.0.1:51821 - R:localhost/127.0.0.1:8083] onStateChange(GET{uri=/, connection=PooledConnection{channel=[id: 0xa3d0f544, L:/127.0.0.1:51821 - R:localhost/127.0.0.1:8083]}}, [configured])
15:53:13.470 [reactor-http-nio-46] DEBUG reactor.netty.resources.PooledConnectionProvider - [id: 0x36ae5eff, L:/127.0.0.1:51822 - R:localhost/127.0.0.1:8083] onStateChange(PooledConnection{channel=[id: 0x36ae5eff, L:/127.0.0.1:51822 - R:localhost/127.0.0.1:8083]}, [connected])
15:53:13.470 [reactor-http-nio-46] DEBUG reactor.netty.resources.PooledConnectionProvider - [id: 0x36ae5eff, L:/127.0.0.1:51822 - R:localhost/127.0.0.1:8083] onStateChange(GET{uri=/, connection=PooledConnection{channel=[id: 0x36ae5eff, L:/127.0.0.1:51822 - R:localhost/127.0.0.1:8083]}}, [configured])
15:53:13.470 [reactor-http-nio-46] DEBUG reactor.netty.resources.PooledConnectionProvider - [id: 0x9fb64b28, L:/127.0.0.1:51823 - R:localhost/127.0.0.1:8083] onStateChange(PooledConnection{channel=[id: 0x9fb64b28, L:/127.0.0.1:51823 - R:localhost/127.0.0.1:8083]}, [connected])
15:53:13.470 [reactor-http-nio-46] DEBUG reactor.netty.resources.PooledConnectionProvider - [id: 0x9fb64b28, L:/127.0.0.1:51823 - R:localhost/127.0.0.1:8083] onStateChange(GET{uri=/, connection=PooledConnection{channel=[id: 0x9fb64b28, L:/127.0.0.1:51823 - R:localhost/127.0.0.1:8083]}}, [configured])
15:53:13.471 [reactor-http-nio-47] DEBUG reactor.netty.resources.PooledConnectionProvider - [id: 0x2b8f766c, L:/127.0.0.1:51861 - R:localhost/127.0.0.1:8083] onStateChange(PooledConnection{channel=[id: 0x2b8f766c, L:/127.0.0.1:51861 - R:localhost/127.0.0.1:8083]}, [connected])
15:53:13.471 [reactor-http-nio-46] DEBUG reactor.netty.resources.PooledConnectionProvider - [id: 0x33fe729d, L:/127.0.0.1:51824 - R:localhost/127.0.0.1:8083] onStateChange(PooledConnection{channel=[id: 0x33fe729d, L:/127.0.0.1:51824 - R:localhost/127.0.0.1:8083]}, [connected])
15:53:13.471 [reactor-http-nio-46] DEBUG reactor.netty.resources.PooledConnectionProvider - [id: 0x33fe729d, L:/127.0.0.1:51824 - R:localhost/127.0.0.1:8083] onStateChange(GET{uri=/, connection=PooledConnection{channel=[id: 0x33fe729d, L:/127.0.0.1:51824 - R:localhost/127.0.0.1:8083]}}, [configured])
15:53:13.471 [reactor-http-nio-47] DEBUG reactor.netty.resources.PooledConnectionProvider - [id: 0x2b8f766c, L:/127.0.0.1:51861 - R:localhost/127.0.0.1:8083] onStateChange(GET{uri=/, connection=PooledConnection{channel=[id: 0x2b8f766c, L:/127.0.0.1:51861 - R:localhost/127.0.0.1:8083]}}, [configured])
15:53:13.471 [reactor-http-nio-46] DEBUG reactor.netty.resources.PooledConnectionProvider - [id: 0xed17734c, L:/127.0.0.1:51825 - R:localhost/127.0.0.1:8083] onStateChange(PooledConnection{channel=[id: 0xed17734c, L:/127.0.0.1:51825 - R:localhost/127.0.0.1:8083]}, [connected])
15:53:13.471 [reactor-http-nio-47] DEBUG reactor.netty.resources.PooledConnectionProvider - [id: 0x2891d552, L:/127.0.0.1:51862 - R:localhost/127.0.0.1:8083] onStateChange(PooledConnection{channel=[id: 0x2891d552, L:/127.0.0.1:51862 - R:localhost/127.0.0.1:8083]}, [connected])
15:53:13.471 [reactor-http-nio-46] DEBUG reactor.netty.resources.PooledConnectionProvider - [id: 0xed17734c, L:/127.0.0.1:51825 - R:localhost/127.0.0.1:8083] onStateChange(GET{uri=/, connection=PooledConnection{channel=[id: 0xed17734c, L:/127.0.0.1:51825 - R:localhost/127.0.0.1:8083]}}, [configured])
15:53:13.502 [reactor-http-nio-46] DEBUG reactor.netty.resources.PooledConnectionProvider - [id: 0xbb1400e4, L:/127.0.0.1:51826 - R:localhost/127.0.0.1:8083] onStateChange(PooledConnection{channel=[id: 0xbb1400e4, L:/127.0.0.1:51826 - R:localhost/127.0.0.1:8083]}, [connected])
15:53:13.502 [reactor-http-nio-46] DEBUG reactor.netty.resources.PooledConnectionProvider - [id: 0xbb1400e4, L:/127.0.0.1:51826 - R:localhost/127.0.0.1:8083] onStateChange(GET{uri=/, connection=PooledConnection{channel=[id: 0xbb1400e4, L:/127.0.0.1:51826 - R:localhost/127.0.0.1:8083]}}, [configured])
15:53:13.502 [reactor-http-nio-46] DEBUG reactor.netty.resources.PooledConnectionProvider - [id: 0xe6317c04, L:/127.0.0.1:51827 - R:localhost/127.0.0.1:8083] onStateChange(PooledConnection{channel=[id: 0xe6317c04, L:/127.0.0.1:51827 - R:localhost/127.0.0.1:8083]}, [connected])
15:53:13.502 [reactor-http-nio-47] DEBUG reactor.netty.resources.PooledConnectionProvider - [id: 0x2891d552, L:/127.0.0.1:51862 - R:localhost/127.0.0.1:8083] onStateChange(GET{uri=/, connection=PooledConnection{channel=[id: 0x2891d552, L:/127.0.0.1:51862 - R:localhost/127.0.0.1:8083]}}, [configured])
15:53:13.502 [reactor-http-nio-46] DEBUG reactor.netty.resources.PooledConnectionProvider - [id: 0xe6317c04, L:/127.0.0.1:51827 - R:localhost/127.0.0.1:8083] onStateChange(GET{uri=/, connection=PooledConnection{channel=[id: 0xe6317c04, L:/127.0.0.1:51827 - R:localhost/127.0.0.1:8083]}}, [configured])
15:53:13.503 [reactor-http-nio-47] DEBUG reactor.netty.resources.PooledConnectionProvider - [id: 0x4269e003, L:/127.0.0.1:51863 - R:localhost/127.0.0.1:8083] Registering pool release on close event for channel
15:53:13.503 [reactor-http-nio-47] DEBUG reactor.netty.resources.PooledConnectionProvider - [id: 0x4269e003, L:/127.0.0.1:51863 - R:localhost/127.0.0.1:8083] Channel connected, now 38 active connections and 263 inactive connections
15:53:13.503 [reactor-http-nio-46] DEBUG reactor.netty.resources.PooledConnectionProvider - [id: 0x2579fbf5, L:/127.0.0.1:51828 - R:localhost/127.0.0.1:8083] onStateChange(PooledConnection{channel=[id: 0x2579fbf5, L:/127.0.0.1:51828 - R:localhost/127.0.0.1:8083]}, [connected])
15:53:13.503 [reactor-http-nio-46] DEBUG reactor.netty.resources.PooledConnectionProvider - [id: 0x2579fbf5, L:/127.0.0.1:51828 - R:localhost/127.0.0.1:8083] onStateChange(GET{uri=/, connection=PooledConnection{channel=[id: 0x2579fbf5, L:/127.0.0.1:51828 - R:localhost/127.0.0.1:8083]}}, [configured])
15:53:13.503 [reactor-http-nio-47] DEBUG reactor.netty.resources.PooledConnectionProvider - [id: 0x4269e003, L:/127.0.0.1:51863 - R:localhost/127.0.0.1:8083] onStateChange(PooledConnection{channel=[id: 0x4269e003, L:/127.0.0.1:51863 - R:localhost/127.0.0.1:8083]}, [connected])
15:53:13.503 [reactor-http-nio-46] DEBUG reactor.netty.resources.PooledConnectionProvider - [id: 0xca7f278b, L:/127.0.0.1:51829 - R:localhost/127.0.0.1:8083] Registering pool release on close event for channel
15:53:13.503 [reactor-http-nio-46] DEBUG reactor.netty.resources.PooledConnectionProvider - [id: 0xca7f278b, L:/127.0.0.1:51829 - R:localhost/127.0.0.1:8083] Channel connected, now 39 active connections and 262 inactive connections
15:53:13.503 [reactor-http-nio-47] DEBUG reactor.netty.resources.PooledConnectionProvider - [id: 0x4269e003, L:/127.0.0.1:51863 - R:localhost/127.0.0.1:8083] onStateChange(GET{uri=/, connection=PooledConnection{channel=[id: 0x4269e003, L:/127.0.0.1:51863 - R:localhost/127.0.0.1:8083]}}, [configured])
15:53:13.503 [reactor-http-nio-46] DEBUG reactor.netty.resources.PooledConnectionProvider - [id: 0xca7f278b, L:/127.0.0.1:51829 - R:localhost/127.0.0.1:8083] onStateChange(PooledConnection{channel=[id: 0xca7f278b, L:/127.0.0.1:51829 - R:localhost/127.0.0.1:8083]}, [connected])
15:53:13.503 [reactor-http-nio-46] DEBUG reactor.netty.resources.PooledConnectionProvider - [id: 0xca7f278b, L:/127.0.0.1:51829 - R:localhost/127.0.0.1:8083] onStateChange(GET{uri=/, connection=PooledConnection{channel=[id: 0xca7f278b, L:/127.0.0.1:51829 - R:localhost/127.0.0.1:8083]}}, [configured])
15:53:13.503 [reactor-http-nio-46] DEBUG reactor.netty.http.client.HttpClientConnect - [id: 0xca7f278b, L:/127.0.0.1:51829 - R:localhost/127.0.0.1:8083] Handler is being applied: {uri=http://localhost:8083/userLocation?userId=ab0094df-5aad-417a-86c4-33b91f1f0495, method=GET}
15:53:13.503 [reactor-http-nio-47] DEBUG reactor.netty.http.client.HttpClientConnect - [id: 0x4269e003, L:/127.0.0.1:51863 - R:localhost/127.0.0.1:8083] Handler is being applied: {uri=http://localhost:8083/userLocation?userId=da8a8b72-b2e4-4962-a9bd-13f356b24b7b, method=GET}
15:53:13.505 [reactor-http-nio-47] DEBUG reactor.netty.resources.PooledConnectionProvider - [id: 0x4269e003, L:/127.0.0.1:51863 - R:localhost/127.0.0.1:8083] onStateChange(GET{uri=/userLocation?userId=da8a8b72-b2e4-4962-a9bd-13f356b24b7b, connection=PooledConnection{channel=[id: 0x4269e003, L:/127.0.0.1:51863 - R:localhost/127.0.0.1:8083]}}, [request_sent])
15:53:13.505 [reactor-http-nio-47] DEBUG reactor.netty.resources.PooledConnectionProvider - [id: 0xb30cfda6, L:/127.0.0.1:51864 - R:localhost/127.0.0.1:8083] onStateChange(PooledConnection{channel=[id: 0xb30cfda6, L:/127.0.0.1:51864 - R:localhost/127.0.0.1:8083]}, [connected])
15:53:13.505 [reactor-http-nio-47] DEBUG reactor.netty.resources.PooledConnectionProvider - [id: 0xb30cfda6, L:/127.0.0.1:51864 - R:localhost/127.0.0.1:8083] onStateChange(GET{uri=/, connection=PooledConnection{channel=[id: 0xb30cfda6, L:/127.0.0.1:51864 - R:localhost/127.0.0.1:8083]}}, [configured])
15:53:13.505 [reactor-http-nio-46] DEBUG reactor.netty.resources.PooledConnectionProvider - [id: 0xca7f278b, L:/127.0.0.1:51829 - R:localhost/127.0.0.1:8083] onStateChange(GET{uri=/userLocation?userId=ab0094df-5aad-417a-86c4-33b91f1f0495, connection=PooledConnection{channel=[id: 0xca7f278b, L:/127.0.0.1:51829 - R:localhost/127.0.0.1:8083]}}, [request_sent])
15:53:13.506 [reactor-http-nio-46] DEBUG reactor.netty.resources.PooledConnectionProvider - [id: 0xa4957f74, L:/127.0.0.1:51830 - R:localhost/127.0.0.1:8083] onStateChange(PooledConnection{channel=[id: 0xa4957f74, L:/127.0.0.1:51830 - R:localhost/127.0.0.1:8083]}, [connected])
15:53:13.506 [reactor-http-nio-46] DEBUG reactor.netty.resources.PooledConnectionProvider - [id: 0xa4957f74, L:/127.0.0.1:51830 - R:localhost/127.0.0.1:8083] onStateChange(GET{uri=/, connection=PooledConnection{channel=[id: 0xa4957f74, L:/127.0.0.1:51830 - R:localhost/127.0.0.1:8083]}}, [configured])
15:53:13.506 [reactor-http-nio-46] DEBUG reactor.netty.resources.PooledConnectionProvider - [id: 0xab4988d5, L:/127.0.0.1:51831 - R:localhost/127.0.0.1:8083] Registering pool release on close event for channel
15:53:13.506 [reactor-http-nio-46] DEBUG reactor.netty.resources.PooledConnectionProvider - [id: 0xab4988d5, L:/127.0.0.1:51831 - R:localhost/127.0.0.1:8083] Channel connected, now 40 active connections and 261 inactive connections
15:53:13.506 [reactor-http-nio-46] DEBUG reactor.netty.resources.PooledConnectionProvider - [id: 0xab4988d5, L:/127.0.0.1:51831 - R:localhost/127.0.0.1:8083] onStateChange(PooledConnection{channel=[id: 0xab4988d5, L:/127.0.0.1:51831 - R:localhost/127.0.0.1:8083]}, [connected])
15:53:13.507 [reactor-http-nio-46] DEBUG reactor.netty.resources.PooledConnectionProvider - [id: 0xab4988d5, L:/127.0.0.1:51831 - R:localhost/127.0.0.1:8083] onStateChange(GET{uri=/, connection=PooledConnection{channel=[id: 0xab4988d5, L:/127.0.0.1:51831 - R:localhost/127.0.0.1:8083]}}, [configured])
15:53:13.507 [reactor-http-nio-46] DEBUG reactor.netty.http.client.HttpClientConnect - [id: 0xab4988d5, L:/127.0.0.1:51831 - R:localhost/127.0.0.1:8083] Handler is being applied: {uri=http://localhost:8083/userLocation?userId=7ab0801e-c6de-40b2-8af7-08768f7e5009, method=GET}
15:53:13.506 [reactor-http-nio-47] DEBUG reactor.netty.resources.PooledConnectionProvider - [id: 0x597600af, L:/127.0.0.1:51865 - R:localhost/127.0.0.1:8083] onStateChange(PooledConnection{channel=[id: 0x597600af, L:/127.0.0.1:51865 - R:localhost/127.0.0.1:8083]}, [connected])
15:53:13.507 [reactor-http-nio-47] DEBUG reactor.netty.resources.PooledConnectionProvider - [id: 0x597600af, L:/127.0.0.1:51865 - R:localhost/127.0.0.1:8083] onStateChange(GET{uri=/, connection=PooledConnection{channel=[id: 0x597600af, L:/127.0.0.1:51865 - R:localhost/127.0.0.1:8083]}}, [configured])
15:53:13.509 [reactor-http-nio-47] DEBUG reactor.netty.resources.PooledConnectionProvider - [id: 0xd987e438, L:/127.0.0.1:51866 - R:localhost/127.0.0.1:8083] onStateChange(PooledConnection{channel=[id: 0xd987e438, L:/127.0.0.1:51866 - R:localhost/127.0.0.1:8083]}, [connected])
15:53:13.509 [reactor-http-nio-47] DEBUG reactor.netty.resources.PooledConnectionProvider - [id: 0xd987e438, L:/127.0.0.1:51866 - R:localhost/127.0.0.1:8083] onStateChange(GET{uri=/, connection=PooledConnection{channel=[id: 0xd987e438, L:/127.0.0.1:51866 - R:localhost/127.0.0.1:8083]}}, [configured])
15:53:13.510 [reactor-http-nio-47] DEBUG reactor.netty.resources.PooledConnectionProvider - [id: 0xac6adea9, L:/127.0.0.1:51867 - R:localhost/127.0.0.1:8083] onStateChange(PooledConnection{channel=[id: 0xac6adea9, L:/127.0.0.1:51867 - R:localhost/127.0.0.1:8083]}, [connected])
15:53:13.510 [reactor-http-nio-46] DEBUG reactor.netty.resources.PooledConnectionProvider - [id: 0xab4988d5, L:/127.0.0.1:51831 - R:localhost/127.0.0.1:8083] onStateChange(GET{uri=/userLocation?userId=7ab0801e-c6de-40b2-8af7-08768f7e5009, connection=PooledConnection{channel=[id: 0xab4988d5, L:/127.0.0.1:51831 - R:localhost/127.0.0.1:8083]}}, [request_sent])
15:53:13.510 [reactor-http-nio-47] DEBUG reactor.netty.resources.PooledConnectionProvider - [id: 0xac6adea9, L:/127.0.0.1:51867 - R:localhost/127.0.0.1:8083] onStateChange(GET{uri=/, connection=PooledConnection{channel=[id: 0xac6adea9, L:/127.0.0.1:51867 - R:localhost/127.0.0.1:8083]}}, [configured])
15:53:13.511 [reactor-http-nio-46] DEBUG reactor.netty.resources.PooledConnectionProvider - [id: 0xf75a1396, L:/127.0.0.1:51746 - R:localhost/127.0.0.1:8083] Registering pool release on close event for channel
15:53:13.511 [reactor-http-nio-48] DEBUG reactor.netty.resources.PooledConnectionProvider - [id: 0xa4f115eb, L:/127.0.0.1:51704 - R:localhost/127.0.0.1:8083] Registering pool release on close event for channel
15:53:13.511 [reactor-http-nio-46] DEBUG reactor.netty.http.client.HttpClientConnect - [id: 0xf75a1396, L:/127.0.0.1:51746 - R:localhost/127.0.0.1:8083] Handler is being applied: {uri=http://localhost:8083/userLocation?userId=022b05a8-67e6-40c4-b201-3ea1d558cb51, method=GET}
15:53:13.511 [reactor-http-nio-48] DEBUG reactor.netty.http.client.HttpClientConnect - [id: 0xa4f115eb, L:/127.0.0.1:51704 - R:localhost/127.0.0.1:8083] Handler is being applied: {uri=http://localhost:8083/userLocation?userId=43a6b1c9-5911-4846-904f-de16a621546c, method=GET}
15:53:13.512 [reactor-http-nio-46] DEBUG reactor.netty.resources.PooledConnectionProvider - [id: 0xf75a1396, L:/127.0.0.1:51746 - R:localhost/127.0.0.1:8083] onStateChange(GET{uri=/userLocation?userId=022b05a8-67e6-40c4-b201-3ea1d558cb51, connection=PooledConnection{channel=[id: 0xf75a1396, L:/127.0.0.1:51746 - R:localhost/127.0.0.1:8083]}}, [request_sent])
15:53:13.512 [reactor-http-nio-48] DEBUG reactor.netty.resources.PooledConnectionProvider - [id: 0xa4f115eb, L:/127.0.0.1:51704 - R:localhost/127.0.0.1:8083] onStateChange(GET{uri=/userLocation?userId=43a6b1c9-5911-4846-904f-de16a621546c, connection=PooledConnection{channel=[id: 0xa4f115eb, L:/127.0.0.1:51704 - R:localhost/127.0.0.1:8083]}}, [request_sent])
15:53:13.512 [reactor-http-nio-46] DEBUG reactor.netty.resources.PooledConnectionProvider - [id: 0xf75a1396, L:/127.0.0.1:51746 - R:localhost/127.0.0.1:8083] Channel connected, now 42 active connections and 259 inactive connections
15:53:13.512 [reactor-http-nio-48] DEBUG reactor.netty.resources.PooledConnectionProvider - [id: 0xa4f115eb, L:/127.0.0.1:51704 - R:localhost/127.0.0.1:8083] Channel connected, now 42 active connections and 259 inactive connections
15:53:13.512 [reactor-http-nio-48] DEBUG reactor.netty.resources.PooledConnectionProvider - [id: 0xcaa282b1, L:/127.0.0.1:51876 - R:localhost/127.0.0.1:8083] Registering pool release on close event for channel
15:53:13.512 [reactor-http-nio-48] DEBUG reactor.netty.http.client.HttpClientConnect - [id: 0xcaa282b1, L:/127.0.0.1:51876 - R:localhost/127.0.0.1:8083] Handler is being applied: {uri=http://localhost:8083/userLocation?userId=26f24560-3c0e-4c0d-a21f-546ee99df0f1, method=GET}
15:53:13.514 [reactor-http-nio-48] DEBUG reactor.netty.resources.PooledConnectionProvider - [id: 0xcaa282b1, L:/127.0.0.1:51876 - R:localhost/127.0.0.1:8083] onStateChange(GET{uri=/userLocation?userId=26f24560-3c0e-4c0d-a21f-546ee99df0f1, connection=PooledConnection{channel=[id: 0xcaa282b1, L:/127.0.0.1:51876 - R:localhost/127.0.0.1:8083]}}, [request_sent])
15:53:13.514 [reactor-http-nio-48] DEBUG reactor.netty.resources.PooledConnectionProvider - [id: 0xcaa282b1, L:/127.0.0.1:51876 - R:localhost/127.0.0.1:8083] Channel connected, now 45 active connections and 256 inactive connections
15:53:13.515 [reactor-http-nio-48] DEBUG reactor.netty.resources.PooledConnectionProvider - [id: 0x43576e4f, L:/127.0.0.1:51882 - R:localhost/127.0.0.1:8083] Registering pool release on close event for channel
15:53:13.515 [reactor-http-nio-48] DEBUG reactor.netty.http.client.HttpClientConnect - [id: 0x43576e4f, L:/127.0.0.1:51882 - R:localhost/127.0.0.1:8083] Handler is being applied: {uri=http://localhost:8083/userLocation?userId=47f7fc0d-9b59-4944-8365-959fd7e89072, method=GET}
15:53:13.516 [reactor-http-nio-48] DEBUG reactor.netty.resources.PooledConnectionProvider - [id: 0x43576e4f, L:/127.0.0.1:51882 - R:localhost/127.0.0.1:8083] onStateChange(GET{uri=/userLocation?userId=47f7fc0d-9b59-4944-8365-959fd7e89072, connection=PooledConnection{channel=[id: 0x43576e4f, L:/127.0.0.1:51882 - R:localhost/127.0.0.1:8083]}}, [request_sent])
15:53:13.517 [reactor-http-nio-48] DEBUG reactor.netty.resources.PooledConnectionProvider - [id: 0x43576e4f, L:/127.0.0.1:51882 - R:localhost/127.0.0.1:8083] Channel connected, now 46 active connections and 255 inactive connections
15:53:13.517 [reactor-http-nio-47] DEBUG reactor.netty.resources.PooledConnectionProvider - [id: 0xe4eaf4b8, L:/127.0.0.1:51868 - R:localhost/127.0.0.1:8083] Registering pool release on close event for channel
15:53:13.517 [reactor-http-nio-47] DEBUG reactor.netty.resources.PooledConnectionProvider - [id: 0xe4eaf4b8, L:/127.0.0.1:51868 - R:localhost/127.0.0.1:8083] Channel connected, now 46 active connections and 255 inactive connections
15:53:13.517 [reactor-http-nio-47] DEBUG reactor.netty.resources.PooledConnectionProvider - [id: 0xe4eaf4b8, L:/127.0.0.1:51868 - R:localhost/127.0.0.1:8083] onStateChange(PooledConnection{channel=[id: 0xe4eaf4b8, L:/127.0.0.1:51868 - R:localhost/127.0.0.1:8083]}, [connected])
15:53:13.512 [reactor-http-nio-46] DEBUG reactor.netty.resources.PooledConnectionProvider - [id: 0x64dc3a35, L:/127.0.0.1:51768 - R:localhost/127.0.0.1:8083] Registering pool release on close event for channel
15:53:13.517 [reactor-http-nio-47] DEBUG reactor.netty.resources.PooledConnectionProvider - [id: 0xe4eaf4b8, L:/127.0.0.1:51868 - R:localhost/127.0.0.1:8083] onStateChange(GET{uri=/, connection=PooledConnection{channel=[id: 0xe4eaf4b8, L:/127.0.0.1:51868 - R:localhost/127.0.0.1:8083]}}, [configured])
15:53:13.517 [reactor-http-nio-46] DEBUG reactor.netty.http.client.HttpClientConnect - [id: 0x64dc3a35, L:/127.0.0.1:51768 - R:localhost/127.0.0.1:8083] Handler is being applied: {uri=http://localhost:8083/userLocation?userId=7393a6fc-7624-4bf3-9a41-11cc4b565179, method=GET}
15:53:13.517 [reactor-http-nio-47] DEBUG reactor.netty.http.client.HttpClientConnect - [id: 0xe4eaf4b8, L:/127.0.0.1:51868 - R:localhost/127.0.0.1:8083] Handler is being applied: {uri=http://localhost:8083/userLocation?userId=4a48e687-99d4-4fe1-b601-16f3ff739de7, method=GET}
15:53:13.518 [reactor-http-nio-46] DEBUG reactor.netty.resources.PooledConnectionProvider - [id: 0x64dc3a35, L:/127.0.0.1:51768 - R:localhost/127.0.0.1:8083] onStateChange(GET{uri=/userLocation?userId=7393a6fc-7624-4bf3-9a41-11cc4b565179, connection=PooledConnection{channel=[id: 0x64dc3a35, L:/127.0.0.1:51768 - R:localhost/127.0.0.1:8083]}}, [request_sent])
15:53:13.518 [reactor-http-nio-47] DEBUG reactor.netty.resources.PooledConnectionProvider - [id: 0xe4eaf4b8, L:/127.0.0.1:51868 - R:localhost/127.0.0.1:8083] onStateChange(GET{uri=/userLocation?userId=4a48e687-99d4-4fe1-b601-16f3ff739de7, connection=PooledConnection{channel=[id: 0xe4eaf4b8, L:/127.0.0.1:51868 - R:localhost/127.0.0.1:8083]}}, [request_sent])
15:53:13.519 [reactor-http-nio-46] DEBUG reactor.netty.resources.PooledConnectionProvider - [id: 0x64dc3a35, L:/127.0.0.1:51768 - R:localhost/127.0.0.1:8083] Channel connected, now 46 active connections and 255 inactive connections
15:53:13.519 [reactor-http-nio-46] DEBUG reactor.netty.resources.PooledConnectionProvider - [id: 0x66bc1825, L:/127.0.0.1:51780 - R:localhost/127.0.0.1:8083] Registering pool release on close event for channel
15:53:13.519 [reactor-http-nio-46] DEBUG reactor.netty.http.client.HttpClientConnect - [id: 0x66bc1825, L:/127.0.0.1:51780 - R:localhost/127.0.0.1:8083] Handler is being applied: {uri=http://localhost:8083/userLocation?userId=667c2c56-a457-4fc2-89a1-387e17d38fa3, method=GET}
15:53:13.519 [reactor-http-nio-47] DEBUG reactor.netty.resources.PooledConnectionProvider - [id: 0xfd464294, L:/127.0.0.1:51869 - R:localhost/127.0.0.1:8083] onStateChange(PooledConnection{channel=[id: 0xfd464294, L:/127.0.0.1:51869 - R:localhost/127.0.0.1:8083]}, [connected])
15:53:13.519 [reactor-http-nio-47] DEBUG reactor.netty.resources.PooledConnectionProvider - [id: 0xfd464294, L:/127.0.0.1:51869 - R:localhost/127.0.0.1:8083] onStateChange(GET{uri=/, connection=PooledConnection{channel=[id: 0xfd464294, L:/127.0.0.1:51869 - R:localhost/127.0.0.1:8083]}}, [configured])
15:53:13.519 [reactor-http-nio-47] DEBUG reactor.netty.resources.PooledConnectionProvider - [id: 0x42970d81, L:/127.0.0.1:51870 - R:localhost/127.0.0.1:8083] onStateChange(PooledConnection{channel=[id: 0x42970d81, L:/127.0.0.1:51870 - R:localhost/127.0.0.1:8083]}, [connected])
15:53:13.519 [reactor-http-nio-47] DEBUG reactor.netty.resources.PooledConnectionProvider - [id: 0x42970d81, L:/127.0.0.1:51870 - R:localhost/127.0.0.1:8083] onStateChange(GET{uri=/, connection=PooledConnection{channel=[id: 0x42970d81, L:/127.0.0.1:51870 - R:localhost/127.0.0.1:8083]}}, [configured])
15:53:13.520 [reactor-http-nio-47] DEBUG reactor.netty.resources.PooledConnectionProvider - [id: 0xa3d0d1c3, L:/127.0.0.1:51871 - R:localhost/127.0.0.1:8083] onStateChange(PooledConnection{channel=[id: 0xa3d0d1c3, L:/127.0.0.1:51871 - R:localhost/127.0.0.1:8083]}, [connected])
15:53:13.520 [reactor-http-nio-47] DEBUG reactor.netty.resources.PooledConnectionProvider - [id: 0xa3d0d1c3, L:/127.0.0.1:51871 - R:localhost/127.0.0.1:8083] onStateChange(GET{uri=/, connection=PooledConnection{channel=[id: 0xa3d0d1c3, L:/127.0.0.1:51871 - R:localhost/127.0.0.1:8083]}}, [configured])
15:53:13.520 [reactor-http-nio-46] DEBUG reactor.netty.resources.PooledConnectionProvider - [id: 0x66bc1825, L:/127.0.0.1:51780 - R:localhost/127.0.0.1:8083] onStateChange(GET{uri=/userLocation?userId=667c2c56-a457-4fc2-89a1-387e17d38fa3, connection=PooledConnection{channel=[id: 0x66bc1825, L:/127.0.0.1:51780 - R:localhost/127.0.0.1:8083]}}, [request_sent])
15:53:13.520 [reactor-http-nio-46] DEBUG reactor.netty.resources.PooledConnectionProvider - [id: 0x66bc1825, L:/127.0.0.1:51780 - R:localhost/127.0.0.1:8083] Channel connected, now 47 active connections and 254 inactive connections
15:53:13.520 [reactor-http-nio-47] DEBUG reactor.netty.resources.PooledConnectionProvider - [id: 0xb5cdea8a, L:/127.0.0.1:51872 - R:localhost/127.0.0.1:8083] onStateChange(PooledConnection{channel=[id: 0xb5cdea8a, L:/127.0.0.1:51872 - R:localhost/127.0.0.1:8083]}, [connected])
15:53:13.521 [reactor-http-nio-46] DEBUG reactor.netty.resources.PooledConnectionProvider - [id: 0x814e535a, L:/127.0.0.1:51791 - R:localhost/127.0.0.1:8083] Registering pool release on close event for channel
15:53:13.521 [reactor-http-nio-47] DEBUG reactor.netty.resources.PooledConnectionProvider - [id: 0xb5cdea8a, L:/127.0.0.1:51872 - R:localhost/127.0.0.1:8083] onStateChange(GET{uri=/, connection=PooledConnection{channel=[id: 0xb5cdea8a, L:/127.0.0.1:51872 - R:localhost/127.0.0.1:8083]}}, [configured])
15:53:13.521 [reactor-http-nio-46] DEBUG reactor.netty.http.client.HttpClientConnect - [id: 0x814e535a, L:/127.0.0.1:51791 - R:localhost/127.0.0.1:8083] Handler is being applied: {uri=http://localhost:8083/userLocation?userId=5de48127-e4e7-42fa-b144-8f460a3fcf43, method=GET}
15:53:13.521 [reactor-http-nio-47] DEBUG reactor.netty.resources.PooledConnectionProvider - [id: 0xb2eb3594, L:/127.0.0.1:51873 - R:localhost/127.0.0.1:8083] onStateChange(PooledConnection{channel=[id: 0xb2eb3594, L:/127.0.0.1:51873 - R:localhost/127.0.0.1:8083]}, [connected])
15:53:13.521 [reactor-http-nio-47] DEBUG reactor.netty.resources.PooledConnectionProvider - [id: 0xb2eb3594, L:/127.0.0.1:51873 - R:localhost/127.0.0.1:8083] onStateChange(GET{uri=/, connection=PooledConnection{channel=[id: 0xb2eb3594, L:/127.0.0.1:51873 - R:localhost/127.0.0.1:8083]}}, [configured])
15:53:13.521 [reactor-http-nio-47] DEBUG reactor.netty.resources.PooledConnectionProvider - [id: 0xccae12b7, L:/127.0.0.1:51874 - R:localhost/127.0.0.1:8083] Registering pool release on close event for channel
15:53:13.521 [reactor-http-nio-47] DEBUG reactor.netty.resources.PooledConnectionProvider - [id: 0xccae12b7, L:/127.0.0.1:51874 - R:localhost/127.0.0.1:8083] Channel connected, now 49 active connections and 252 inactive connections
15:53:13.521 [reactor-http-nio-47] DEBUG reactor.netty.resources.PooledConnectionProvider - [id: 0xccae12b7, L:/127.0.0.1:51874 - R:localhost/127.0.0.1:8083] onStateChange(PooledConnection{channel=[id: 0xccae12b7, L:/127.0.0.1:51874 - R:localhost/127.0.0.1:8083]}, [connected])
15:53:13.522 [reactor-http-nio-47] DEBUG reactor.netty.resources.PooledConnectionProvider - [id: 0xccae12b7, L:/127.0.0.1:51874 - R:localhost/127.0.0.1:8083] onStateChange(GET{uri=/, connection=PooledConnection{channel=[id: 0xccae12b7, L:/127.0.0.1:51874 - R:localhost/127.0.0.1:8083]}}, [configured])
15:53:13.522 [reactor-http-nio-47] DEBUG reactor.netty.http.client.HttpClientConnect - [id: 0xccae12b7, L:/127.0.0.1:51874 - R:localhost/127.0.0.1:8083] Handler is being applied: {uri=http://localhost:8083/userLocation?userId=17e328fa-6d3f-4114-bb82-70207a82fbd9, method=GET}
15:53:13.523 [reactor-http-nio-47] DEBUG reactor.netty.resources.PooledConnectionProvider - [id: 0xccae12b7, L:/127.0.0.1:51874 - R:localhost/127.0.0.1:8083] onStateChange(GET{uri=/userLocation?userId=17e328fa-6d3f-4114-bb82-70207a82fbd9, connection=PooledConnection{channel=[id: 0xccae12b7, L:/127.0.0.1:51874 - R:localhost/127.0.0.1:8083]}}, [request_sent])
15:53:13.523 [reactor-http-nio-47] DEBUG reactor.netty.resources.PooledConnectionProvider - [id: 0x55d1ef56, L:/127.0.0.1:51877 - R:localhost/127.0.0.1:8083] onStateChange(PooledConnection{channel=[id: 0x55d1ef56, L:/127.0.0.1:51877 - R:localhost/127.0.0.1:8083]}, [connected])
15:53:13.523 [reactor-http-nio-46] DEBUG reactor.netty.resources.PooledConnectionProvider - [id: 0x814e535a, L:/127.0.0.1:51791 - R:localhost/127.0.0.1:8083] onStateChange(GET{uri=/userLocation?userId=5de48127-e4e7-42fa-b144-8f460a3fcf43, connection=PooledConnection{channel=[id: 0x814e535a, L:/127.0.0.1:51791 - R:localhost/127.0.0.1:8083]}}, [request_sent])
15:53:13.524 [reactor-http-nio-47] DEBUG reactor.netty.resources.PooledConnectionProvider - [id: 0x55d1ef56, L:/127.0.0.1:51877 - R:localhost/127.0.0.1:8083] onStateChange(GET{uri=/, connection=PooledConnection{channel=[id: 0x55d1ef56, L:/127.0.0.1:51877 - R:localhost/127.0.0.1:8083]}}, [configured])
15:53:13.524 [reactor-http-nio-46] DEBUG reactor.netty.resources.PooledConnectionProvider - [id: 0x814e535a, L:/127.0.0.1:51791 - R:localhost/127.0.0.1:8083] Channel connected, now 49 active connections and 252 inactive connections
15:53:13.524 [reactor-http-nio-47] DEBUG reactor.netty.resources.PooledConnectionProvider - [id: 0xa78cd761, L:/127.0.0.1:51879 - R:localhost/127.0.0.1:8083] Registering pool release on close event for channel
15:53:13.524 [reactor-http-nio-47] DEBUG reactor.netty.resources.PooledConnectionProvider - [id: 0xa78cd761, L:/127.0.0.1:51879 - R:localhost/127.0.0.1:8083] Channel connected, now 51 active connections and 250 inactive connections
15:53:13.524 [reactor-http-nio-47] DEBUG reactor.netty.resources.PooledConnectionProvider - [id: 0xa78cd761, L:/127.0.0.1:51879 - R:localhost/127.0.0.1:8083] onStateChange(PooledConnection{channel=[id: 0xa78cd761, L:/127.0.0.1:51879 - R:localhost/127.0.0.1:8083]}, [connected])
15:53:13.524 [reactor-http-nio-47] DEBUG reactor.netty.resources.PooledConnectionProvider - [id: 0xa78cd761, L:/127.0.0.1:51879 - R:localhost/127.0.0.1:8083] onStateChange(GET{uri=/, connection=PooledConnection{channel=[id: 0xa78cd761, L:/127.0.0.1:51879 - R:localhost/127.0.0.1:8083]}}, [configured])
15:53:13.524 [reactor-http-nio-47] DEBUG reactor.netty.http.client.HttpClientConnect - [id: 0xa78cd761, L:/127.0.0.1:51879 - R:localhost/127.0.0.1:8083] Handler is being applied: {uri=http://localhost:8083/userLocation?userId=4461c139-4c48-4bd3-9e07-334e684a5373, method=GET}
15:53:13.532 [reactor-http-nio-47] DEBUG reactor.netty.resources.PooledConnectionProvider - [id: 0xa78cd761, L:/127.0.0.1:51879 - R:localhost/127.0.0.1:8083] onStateChange(GET{uri=/userLocation?userId=4461c139-4c48-4bd3-9e07-334e684a5373, connection=PooledConnection{channel=[id: 0xa78cd761, L:/127.0.0.1:51879 - R:localhost/127.0.0.1:8083]}}, [request_sent])
15:53:13.532 [reactor-http-nio-47] DEBUG reactor.netty.resources.PooledConnectionProvider - [id: 0xa6138326, L:/127.0.0.1:51881 - R:localhost/127.0.0.1:8083] onStateChange(PooledConnection{channel=[id: 0xa6138326, L:/127.0.0.1:51881 - R:localhost/127.0.0.1:8083]}, [connected])
15:53:13.532 [reactor-http-nio-47] DEBUG reactor.netty.resources.PooledConnectionProvider - [id: 0xa6138326, L:/127.0.0.1:51881 - R:localhost/127.0.0.1:8083] onStateChange(GET{uri=/, connection=PooledConnection{channel=[id: 0xa6138326, L:/127.0.0.1:51881 - R:localhost/127.0.0.1:8083]}}, [configured])
15:53:13.532 [reactor-http-nio-47] DEBUG reactor.netty.resources.PooledConnectionProvider - [id: 0x98143ed4, L:/127.0.0.1:51680 - R:localhost/127.0.0.1:8083] Registering pool release on close event for channel
15:53:13.532 [reactor-http-nio-47] DEBUG reactor.netty.http.client.HttpClientConnect - [id: 0x98143ed4, L:/127.0.0.1:51680 - R:localhost/127.0.0.1:8083] Handler is being applied: {uri=http://localhost:8083/userLocation?userId=9a75c518-d7b6-4c88-8e09-d2005eb00025, method=GET}
15:53:13.532 [reactor-http-nio-48] DEBUG reactor.netty.resources.PooledConnectionProvider - [id: 0x19da195d, L:/127.0.0.1:51701 - R:localhost/127.0.0.1:8083] Registering pool release on close event for channel
15:53:13.533 [reactor-http-nio-48] DEBUG reactor.netty.http.client.HttpClientConnect - [id: 0x19da195d, L:/127.0.0.1:51701 - R:localhost/127.0.0.1:8083] Handler is being applied: {uri=http://localhost:8083/userLocation?userId=d9360777-59f7-4c5c-8aba-210e8106d0e1, method=GET}
15:53:13.534 [reactor-http-nio-48] DEBUG reactor.netty.resources.PooledConnectionProvider - [id: 0x19da195d, L:/127.0.0.1:51701 - R:localhost/127.0.0.1:8083] onStateChange(GET{uri=/userLocation?userId=d9360777-59f7-4c5c-8aba-210e8106d0e1, connection=PooledConnection{channel=[id: 0x19da195d, L:/127.0.0.1:51701 - R:localhost/127.0.0.1:8083]}}, [request_sent])
15:53:13.534 [reactor-http-nio-48] DEBUG reactor.netty.resources.PooledConnectionProvider - [id: 0x19da195d, L:/127.0.0.1:51701 - R:localhost/127.0.0.1:8083] Channel connected, now 53 active connections and 248 inactive connections
15:53:13.535 [reactor-http-nio-47] DEBUG reactor.netty.resources.PooledConnectionProvider - [id: 0x98143ed4, L:/127.0.0.1:51680 - R:localhost/127.0.0.1:8083] onStateChange(GET{uri=/userLocation?userId=9a75c518-d7b6-4c88-8e09-d2005eb00025, connection=PooledConnection{channel=[id: 0x98143ed4, L:/127.0.0.1:51680 - R:localhost/127.0.0.1:8083]}}, [request_sent])
15:53:13.535 [reactor-http-nio-47] DEBUG reactor.netty.resources.PooledConnectionProvider - [id: 0x98143ed4, L:/127.0.0.1:51680 - R:localhost/127.0.0.1:8083] Channel connected, now 53 active connections and 248 inactive connections
15:53:13.535 [reactor-http-nio-47] DEBUG reactor.netty.resources.PooledConnectionProvider - [id: 0xf1ad37c6, L:/127.0.0.1:51687 - R:localhost/127.0.0.1:8083] Registering pool release on close event for channel
15:53:13.535 [reactor-http-nio-47] DEBUG reactor.netty.http.client.HttpClientConnect - [id: 0xf1ad37c6, L:/127.0.0.1:51687 - R:localhost/127.0.0.1:8083] Handler is being applied: {uri=http://localhost:8083/userLocation?userId=c4babeef-acee-476b-924f-cddcc4b3dad3, method=GET}
15:53:13.536 [reactor-http-nio-48] DEBUG reactor.netty.resources.PooledConnectionProvider - [id: 0x19945800, L:/127.0.0.1:51703 - R:localhost/127.0.0.1:8083] Registering pool release on close event for channel
15:53:13.536 [reactor-http-nio-48] DEBUG reactor.netty.http.client.HttpClientConnect - [id: 0x19945800, L:/127.0.0.1:51703 - R:localhost/127.0.0.1:8083] Handler is being applied: {uri=http://localhost:8083/userLocation?userId=7e305e34-618a-47e4-be09-8c09da411f26, method=GET}
15:53:13.537 [reactor-http-nio-48] DEBUG reactor.netty.resources.PooledConnectionProvider - [id: 0x19945800, L:/127.0.0.1:51703 - R:localhost/127.0.0.1:8083] onStateChange(GET{uri=/userLocation?userId=7e305e34-618a-47e4-be09-8c09da411f26, connection=PooledConnection{channel=[id: 0x19945800, L:/127.0.0.1:51703 - R:localhost/127.0.0.1:8083]}}, [request_sent])
15:53:13.537 [reactor-http-nio-48] DEBUG reactor.netty.resources.PooledConnectionProvider - [id: 0x19945800, L:/127.0.0.1:51703 - R:localhost/127.0.0.1:8083] Channel connected, now 55 active connections and 246 inactive connections
15:53:13.537 [reactor-http-nio-48] DEBUG reactor.netty.resources.PooledConnectionProvider - [id: 0x023af947, L:/127.0.0.1:51706 - R:localhost/127.0.0.1:8083] Registering pool release on close event for channel
15:53:13.537 [reactor-http-nio-48] DEBUG reactor.netty.http.client.HttpClientConnect - [id: 0x023af947, L:/127.0.0.1:51706 - R:localhost/127.0.0.1:8083] Handler is being applied: {uri=http://localhost:8083/userLocation?userId=f80c60a3-f237-40b4-8375-be9b1e4ed47e, method=GET}
15:53:13.538 [reactor-http-nio-47] DEBUG reactor.netty.resources.PooledConnectionProvider - [id: 0xf1ad37c6, L:/127.0.0.1:51687 - R:localhost/127.0.0.1:8083] onStateChange(GET{uri=/userLocation?userId=c4babeef-acee-476b-924f-cddcc4b3dad3, connection=PooledConnection{channel=[id: 0xf1ad37c6, L:/127.0.0.1:51687 - R:localhost/127.0.0.1:8083]}}, [request_sent])
15:53:13.538 [reactor-http-nio-48] DEBUG reactor.netty.resources.PooledConnectionProvider - [id: 0x023af947, L:/127.0.0.1:51706 - R:localhost/127.0.0.1:8083] onStateChange(GET{uri=/userLocation?userId=f80c60a3-f237-40b4-8375-be9b1e4ed47e, connection=PooledConnection{channel=[id: 0x023af947, L:/127.0.0.1:51706 - R:localhost/127.0.0.1:8083]}}, [request_sent])
15:53:13.539 [reactor-http-nio-47] DEBUG reactor.netty.resources.PooledConnectionProvider - [id: 0xf1ad37c6, L:/127.0.0.1:51687 - R:localhost/127.0.0.1:8083] Channel connected, now 56 active connections and 245 inactive connections
15:53:13.539 [reactor-http-nio-48] DEBUG reactor.netty.resources.PooledConnectionProvider - [id: 0x023af947, L:/127.0.0.1:51706 - R:localhost/127.0.0.1:8083] Channel connected, now 56 active connections and 245 inactive connections
15:53:13.539 [reactor-http-nio-47] DEBUG reactor.netty.resources.PooledConnectionProvider - [id: 0xf17c5cf9, L:/127.0.0.1:51688 - R:localhost/127.0.0.1:8083] Registering pool release on close event for channel
15:53:13.539 [reactor-http-nio-47] DEBUG reactor.netty.http.client.HttpClientConnect - [id: 0xf17c5cf9, L:/127.0.0.1:51688 - R:localhost/127.0.0.1:8083] Handler is being applied: {uri=http://localhost:8083/userLocation?userId=f4dd5a80-5da9-4aca-a404-32d6f6e29b08, method=GET}
15:53:13.540 [reactor-http-nio-47] DEBUG reactor.netty.resources.PooledConnectionProvider - [id: 0xf17c5cf9, L:/127.0.0.1:51688 - R:localhost/127.0.0.1:8083] onStateChange(GET{uri=/userLocation?userId=f4dd5a80-5da9-4aca-a404-32d6f6e29b08, connection=PooledConnection{channel=[id: 0xf17c5cf9, L:/127.0.0.1:51688 - R:localhost/127.0.0.1:8083]}}, [request_sent])
15:53:13.540 [reactor-http-nio-47] DEBUG reactor.netty.resources.PooledConnectionProvider - [id: 0xf17c5cf9, L:/127.0.0.1:51688 - R:localhost/127.0.0.1:8083] Channel connected, now 57 active connections and 244 inactive connections
15:53:13.540 [reactor-http-nio-47] DEBUG reactor.netty.resources.PooledConnectionProvider - [id: 0xdce01143, L:/127.0.0.1:51689 - R:localhost/127.0.0.1:8083] Registering pool release on close event for channel
15:53:13.540 [reactor-http-nio-47] DEBUG reactor.netty.http.client.HttpClientConnect - [id: 0xdce01143, L:/127.0.0.1:51689 - R:localhost/127.0.0.1:8083] Handler is being applied: {uri=http://localhost:8083/userLocation?userId=f9382d8e-4800-479b-8f04-b7bc83467483, method=GET}
15:53:13.620 [reactor-http-nio-47] DEBUG reactor.netty.resources.PooledConnectionProvider - [id: 0xdce01143, L:/127.0.0.1:51689 - R:localhost/127.0.0.1:8083] onStateChange(GET{uri=/userLocation?userId=f9382d8e-4800-479b-8f04-b7bc83467483, connection=PooledConnection{channel=[id: 0xdce01143, L:/127.0.0.1:51689 - R:localhost/127.0.0.1:8083]}}, [request_sent])
15:53:13.620 [reactor-http-nio-47] DEBUG reactor.netty.resources.PooledConnectionProvider - [id: 0xdce01143, L:/127.0.0.1:51689 - R:localhost/127.0.0.1:8083] Channel connected, now 58 active connections and 243 inactive connections
15:53:13.620 [reactor-http-nio-47] DEBUG reactor.netty.resources.PooledConnectionProvider - [id: 0x6caa1951, L:/127.0.0.1:51695 - R:localhost/127.0.0.1:8083] Registering pool release on close event for channel
15:53:13.620 [reactor-http-nio-47] DEBUG reactor.netty.http.client.HttpClientConnect - [id: 0x6caa1951, L:/127.0.0.1:51695 - R:localhost/127.0.0.1:8083] Handler is being applied: {uri=http://localhost:8083/userLocation?userId=8b3af590-1cb0-4ee3-87ae-29eefec5db37, method=GET}
15:53:13.621 [reactor-http-nio-47] DEBUG reactor.netty.resources.PooledConnectionProvider - [id: 0x6caa1951, L:/127.0.0.1:51695 - R:localhost/127.0.0.1:8083] onStateChange(GET{uri=/userLocation?userId=8b3af590-1cb0-4ee3-87ae-29eefec5db37, connection=PooledConnection{channel=[id: 0x6caa1951, L:/127.0.0.1:51695 - R:localhost/127.0.0.1:8083]}}, [request_sent])
15:53:13.621 [reactor-http-nio-47] DEBUG reactor.netty.resources.PooledConnectionProvider - [id: 0x6caa1951, L:/127.0.0.1:51695 - R:localhost/127.0.0.1:8083] Channel connected, now 59 active connections and 242 inactive connections
15:53:13.622 [reactor-http-nio-47] DEBUG reactor.netty.resources.PooledConnectionProvider - [id: 0x792d5066, L:/127.0.0.1:51697 - R:localhost/127.0.0.1:8083] Registering pool release on close event for channel
15:53:13.622 [reactor-http-nio-47] DEBUG reactor.netty.http.client.HttpClientConnect - [id: 0x792d5066, L:/127.0.0.1:51697 - R:localhost/127.0.0.1:8083] Handler is being applied: {uri=http://localhost:8083/userLocation?userId=8b6b22ef-3099-4b58-b546-87bda8bd2ad5, method=GET}
15:53:13.623 [reactor-http-nio-47] DEBUG reactor.netty.resources.PooledConnectionProvider - [id: 0x792d5066, L:/127.0.0.1:51697 - R:localhost/127.0.0.1:8083] onStateChange(GET{uri=/userLocation?userId=8b6b22ef-3099-4b58-b546-87bda8bd2ad5, connection=PooledConnection{channel=[id: 0x792d5066, L:/127.0.0.1:51697 - R:localhost/127.0.0.1:8083]}}, [request_sent])
15:53:13.623 [reactor-http-nio-47] DEBUG reactor.netty.resources.PooledConnectionProvider - [id: 0x792d5066, L:/127.0.0.1:51697 - R:localhost/127.0.0.1:8083] Channel connected, now 60 active connections and 241 inactive connections
15:53:13.623 [reactor-http-nio-47] DEBUG reactor.netty.resources.PooledConnectionProvider - [id: 0x015d237e, L:/127.0.0.1:51835 - R:localhost/127.0.0.1:8083] Registering pool release on close event for channel
15:53:13.623 [reactor-http-nio-47] DEBUG reactor.netty.http.client.HttpClientConnect - [id: 0x015d237e, L:/127.0.0.1:51835 - R:localhost/127.0.0.1:8083] Handler is being applied: {uri=http://localhost:8083/userLocation?userId=da72c1bd-d194-48d7-b7b7-0755761b9887, method=GET}
15:53:13.625 [reactor-http-nio-47] DEBUG reactor.netty.resources.PooledConnectionProvider - [id: 0x015d237e, L:/127.0.0.1:51835 - R:localhost/127.0.0.1:8083] onStateChange(GET{uri=/userLocation?userId=da72c1bd-d194-48d7-b7b7-0755761b9887, connection=PooledConnection{channel=[id: 0x015d237e, L:/127.0.0.1:51835 - R:localhost/127.0.0.1:8083]}}, [request_sent])
15:53:13.626 [reactor-http-nio-47] DEBUG reactor.netty.resources.PooledConnectionProvider - [id: 0x015d237e, L:/127.0.0.1:51835 - R:localhost/127.0.0.1:8083] Channel connected, now 61 active connections and 240 inactive connections
15:53:13.626 [reactor-http-nio-47] DEBUG reactor.netty.resources.PooledConnectionProvider - [id: 0xd7682ef3, L:/127.0.0.1:51841 - R:localhost/127.0.0.1:8083] Registering pool release on close event for channel
15:53:13.626 [reactor-http-nio-47] DEBUG reactor.netty.http.client.HttpClientConnect - [id: 0xd7682ef3, L:/127.0.0.1:51841 - R:localhost/127.0.0.1:8083] Handler is being applied: {uri=http://localhost:8083/userLocation?userId=24666d8f-c31f-41a7-97a7-6358b1f4962a, method=GET}
15:53:13.629 [reactor-http-nio-47] DEBUG reactor.netty.resources.PooledConnectionProvider - [id: 0xd7682ef3, L:/127.0.0.1:51841 - R:localhost/127.0.0.1:8083] onStateChange(GET{uri=/userLocation?userId=24666d8f-c31f-41a7-97a7-6358b1f4962a, connection=PooledConnection{channel=[id: 0xd7682ef3, L:/127.0.0.1:51841 - R:localhost/127.0.0.1:8083]}}, [request_sent])
15:53:13.630 [reactor-http-nio-47] DEBUG reactor.netty.resources.PooledConnectionProvider - [id: 0xd7682ef3, L:/127.0.0.1:51841 - R:localhost/127.0.0.1:8083] Channel connected, now 62 active connections and 239 inactive connections
15:53:13.630 [reactor-http-nio-47] DEBUG reactor.netty.resources.PooledConnectionProvider - [id: 0xab8c6a94, L:/127.0.0.1:51844 - R:localhost/127.0.0.1:8083] Registering pool release on close event for channel
15:53:13.630 [reactor-http-nio-47] DEBUG reactor.netty.http.client.HttpClientConnect - [id: 0xab8c6a94, L:/127.0.0.1:51844 - R:localhost/127.0.0.1:8083] Handler is being applied: {uri=http://localhost:8083/userLocation?userId=cddbbc6b-b49d-45e0-8740-bdd6db0041a3, method=GET}
15:53:13.632 [reactor-http-nio-47] DEBUG reactor.netty.resources.PooledConnectionProvider - [id: 0xab8c6a94, L:/127.0.0.1:51844 - R:localhost/127.0.0.1:8083] onStateChange(GET{uri=/userLocation?userId=cddbbc6b-b49d-45e0-8740-bdd6db0041a3, connection=PooledConnection{channel=[id: 0xab8c6a94, L:/127.0.0.1:51844 - R:localhost/127.0.0.1:8083]}}, [request_sent])
15:53:13.632 [reactor-http-nio-47] DEBUG reactor.netty.resources.PooledConnectionProvider - [id: 0xab8c6a94, L:/127.0.0.1:51844 - R:localhost/127.0.0.1:8083] Channel connected, now 63 active connections and 238 inactive connections
15:53:13.632 [reactor-http-nio-47] DEBUG reactor.netty.resources.PooledConnectionProvider - [id: 0x502a9f84, L:/127.0.0.1:51845 - R:localhost/127.0.0.1:8083] Registering pool release on close event for channel
15:53:13.632 [reactor-http-nio-47] DEBUG reactor.netty.http.client.HttpClientConnect - [id: 0x502a9f84, L:/127.0.0.1:51845 - R:localhost/127.0.0.1:8083] Handler is being applied: {uri=http://localhost:8083/userLocation?userId=01243b8e-38da-4d8f-8b4d-cf2cc583b720, method=GET}
15:53:13.634 [reactor-http-nio-41] DEBUG reactor.netty.resources.PooledConnectionProvider - [id: 0x681d37cb, L:/127.0.0.1:51786 - R:localhost/127.0.0.1:8083] Registering pool release on close event for channel
15:53:13.634 [reactor-http-nio-41] DEBUG reactor.netty.resources.PooledConnectionProvider - [id: 0x681d37cb, L:/127.0.0.1:51786 - R:localhost/127.0.0.1:8083] Channel connected, now 64 active connections and 237 inactive connections
15:53:13.665 [reactor-http-nio-41] DEBUG reactor.netty.resources.PooledConnectionProvider - [id: 0x681d37cb, L:/127.0.0.1:51786 - R:localhost/127.0.0.1:8083] onStateChange(PooledConnection{channel=[id: 0x681d37cb, L:/127.0.0.1:51786 - R:localhost/127.0.0.1:8083]}, [connected])
15:53:13.686 [reactor-http-nio-41] DEBUG reactor.netty.resources.PooledConnectionProvider - [id: 0x681d37cb, L:/127.0.0.1:51786 - R:localhost/127.0.0.1:8083] onStateChange(GET{uri=/, connection=PooledConnection{channel=[id: 0x681d37cb, L:/127.0.0.1:51786 - R:localhost/127.0.0.1:8083]}}, [configured])
15:53:13.690 [reactor-http-nio-41] DEBUG reactor.netty.http.client.HttpClientConnect - [id: 0x681d37cb, L:/127.0.0.1:51786 - R:localhost/127.0.0.1:8083] Handler is being applied: {uri=http://localhost:8083/userLocation?userId=c0774efd-d248-4427-a0d6-8e85948aa8ec, method=GET}
15:53:13.691 [reactor-http-nio-41] DEBUG reactor.netty.resources.PooledConnectionProvider - [id: 0x681d37cb, L:/127.0.0.1:51786 - R:localhost/127.0.0.1:8083] onStateChange(GET{uri=/userLocation?userId=c0774efd-d248-4427-a0d6-8e85948aa8ec, connection=PooledConnection{channel=[id: 0x681d37cb, L:/127.0.0.1:51786 - R:localhost/127.0.0.1:8083]}}, [request_sent])
15:53:13.692 [reactor-http-nio-41] DEBUG reactor.netty.resources.PooledConnectionProvider - [id: 0x04d95a3a, L:/127.0.0.1:51789 - R:localhost/127.0.0.1:8083] Registering pool release on close event for channel
15:53:13.692 [reactor-http-nio-41] DEBUG reactor.netty.resources.PooledConnectionProvider - [id: 0x04d95a3a, L:/127.0.0.1:51789 - R:localhost/127.0.0.1:8083] Channel connected, now 65 active connections and 236 inactive connections
15:53:13.692 [reactor-http-nio-41] DEBUG reactor.netty.resources.PooledConnectionProvider - [id: 0x04d95a3a, L:/127.0.0.1:51789 - R:localhost/127.0.0.1:8083] onStateChange(PooledConnection{channel=[id: 0x04d95a3a, L:/127.0.0.1:51789 - R:localhost/127.0.0.1:8083]}, [connected])
15:53:13.692 [reactor-http-nio-41] DEBUG reactor.netty.resources.PooledConnectionProvider - [id: 0x04d95a3a, L:/127.0.0.1:51789 - R:localhost/127.0.0.1:8083] onStateChange(GET{uri=/, connection=PooledConnection{channel=[id: 0x04d95a3a, L:/127.0.0.1:51789 - R:localhost/127.0.0.1:8083]}}, [configured])
15:53:13.692 [reactor-http-nio-41] DEBUG reactor.netty.http.client.HttpClientConnect - [id: 0x04d95a3a, L:/127.0.0.1:51789 - R:localhost/127.0.0.1:8083] Handler is being applied: {uri=http://localhost:8083/userLocation?userId=5670eed1-2152-42b9-968c-6e0fa1a77d9c, method=GET}
15:53:13.699 [reactor-http-nio-41] DEBUG reactor.netty.resources.PooledConnectionProvider - [id: 0x04d95a3a, L:/127.0.0.1:51789 - R:localhost/127.0.0.1:8083] onStateChange(GET{uri=/userLocation?userId=5670eed1-2152-42b9-968c-6e0fa1a77d9c, connection=PooledConnection{channel=[id: 0x04d95a3a, L:/127.0.0.1:51789 - R:localhost/127.0.0.1:8083]}}, [request_sent])
15:53:13.700 [reactor-http-nio-41] DEBUG reactor.netty.resources.PooledConnectionProvider - [id: 0x4d5a5786, L:/127.0.0.1:51790 - R:localhost/127.0.0.1:8083] onStateChange(PooledConnection{channel=[id: 0x4d5a5786, L:/127.0.0.1:51790 - R:localhost/127.0.0.1:8083]}, [connected])
15:53:13.700 [reactor-http-nio-41] DEBUG reactor.netty.resources.PooledConnectionProvider - [id: 0x4d5a5786, L:/127.0.0.1:51790 - R:localhost/127.0.0.1:8083] onStateChange(GET{uri=/, connection=PooledConnection{channel=[id: 0x4d5a5786, L:/127.0.0.1:51790 - R:localhost/127.0.0.1:8083]}}, [configured])
15:53:13.701 [reactor-http-nio-41] DEBUG reactor.netty.resources.PooledConnectionProvider - [id: 0xb5e0c104, L:/127.0.0.1:51792 - R:localhost/127.0.0.1:8083] Registering pool release on close event for channel
15:53:13.701 [reactor-http-nio-41] DEBUG reactor.netty.resources.PooledConnectionProvider - [id: 0xb5e0c104, L:/127.0.0.1:51792 - R:localhost/127.0.0.1:8083] Channel connected, now 66 active connections and 235 inactive connections
15:53:13.701 [reactor-http-nio-41] DEBUG reactor.netty.resources.PooledConnectionProvider - [id: 0xb5e0c104, L:/127.0.0.1:51792 - R:localhost/127.0.0.1:8083] onStateChange(PooledConnection{channel=[id: 0xb5e0c104, L:/127.0.0.1:51792 - R:localhost/127.0.0.1:8083]}, [connected])
15:53:13.701 [reactor-http-nio-41] DEBUG reactor.netty.resources.PooledConnectionProvider - [id: 0xb5e0c104, L:/127.0.0.1:51792 - R:localhost/127.0.0.1:8083] onStateChange(GET{uri=/, connection=PooledConnection{channel=[id: 0xb5e0c104, L:/127.0.0.1:51792 - R:localhost/127.0.0.1:8083]}}, [configured])
15:53:13.701 [reactor-http-nio-41] DEBUG reactor.netty.http.client.HttpClientConnect - [id: 0xb5e0c104, L:/127.0.0.1:51792 - R:localhost/127.0.0.1:8083] Handler is being applied: {uri=http://localhost:8083/userLocation?userId=c39f9f22-3515-479b-a8c4-57e28ba7abfb, method=GET}
15:53:13.704 [reactor-http-nio-41] DEBUG reactor.netty.resources.PooledConnectionProvider - [id: 0xb5e0c104, L:/127.0.0.1:51792 - R:localhost/127.0.0.1:8083] onStateChange(GET{uri=/userLocation?userId=c39f9f22-3515-479b-a8c4-57e28ba7abfb, connection=PooledConnection{channel=[id: 0xb5e0c104, L:/127.0.0.1:51792 - R:localhost/127.0.0.1:8083]}}, [request_sent])
15:53:13.704 [reactor-http-nio-41] DEBUG reactor.netty.resources.PooledConnectionProvider - [id: 0x1649a857, L:/127.0.0.1:51794 - R:localhost/127.0.0.1:8083] Registering pool release on close event for channel
15:53:13.704 [reactor-http-nio-41] DEBUG reactor.netty.resources.PooledConnectionProvider - [id: 0x1649a857, L:/127.0.0.1:51794 - R:localhost/127.0.0.1:8083] Channel connected, now 67 active connections and 234 inactive connections
15:53:13.704 [reactor-http-nio-41] DEBUG reactor.netty.resources.PooledConnectionProvider - [id: 0x1649a857, L:/127.0.0.1:51794 - R:localhost/127.0.0.1:8083] onStateChange(PooledConnection{channel=[id: 0x1649a857, L:/127.0.0.1:51794 - R:localhost/127.0.0.1:8083]}, [connected])
15:53:13.705 [reactor-http-nio-41] DEBUG reactor.netty.resources.PooledConnectionProvider - [id: 0x1649a857, L:/127.0.0.1:51794 - R:localhost/127.0.0.1:8083] onStateChange(GET{uri=/, connection=PooledConnection{channel=[id: 0x1649a857, L:/127.0.0.1:51794 - R:localhost/127.0.0.1:8083]}}, [configured])
15:53:13.705 [reactor-http-nio-41] DEBUG reactor.netty.http.client.HttpClientConnect - [id: 0x1649a857, L:/127.0.0.1:51794 - R:localhost/127.0.0.1:8083] Handler is being applied: {uri=http://localhost:8083/userLocation?userId=91bd1919-8565-44b1-9b6f-77a7a44f7646, method=GET}
15:53:13.707 [reactor-http-nio-41] DEBUG reactor.netty.resources.PooledConnectionProvider - [id: 0x1649a857, L:/127.0.0.1:51794 - R:localhost/127.0.0.1:8083] onStateChange(GET{uri=/userLocation?userId=91bd1919-8565-44b1-9b6f-77a7a44f7646, connection=PooledConnection{channel=[id: 0x1649a857, L:/127.0.0.1:51794 - R:localhost/127.0.0.1:8083]}}, [request_sent])
15:53:13.707 [reactor-http-nio-41] DEBUG reactor.netty.resources.PooledConnectionProvider - [id: 0x1fca7f5e, L:/127.0.0.1:51796 - R:localhost/127.0.0.1:8083] onStateChange(PooledConnection{channel=[id: 0x1fca7f5e, L:/127.0.0.1:51796 - R:localhost/127.0.0.1:8083]}, [connected])
15:53:13.707 [reactor-http-nio-41] DEBUG reactor.netty.resources.PooledConnectionProvider - [id: 0x1fca7f5e, L:/127.0.0.1:51796 - R:localhost/127.0.0.1:8083] onStateChange(GET{uri=/, connection=PooledConnection{channel=[id: 0x1fca7f5e, L:/127.0.0.1:51796 - R:localhost/127.0.0.1:8083]}}, [configured])
15:53:13.708 [reactor-http-nio-41] DEBUG reactor.netty.resources.PooledConnectionProvider - [id: 0xdc4a09e2, L:/127.0.0.1:51708 - R:localhost/127.0.0.1:8083] Registering pool release on close event for channel
15:53:13.708 [reactor-http-nio-41] DEBUG reactor.netty.http.client.HttpClientConnect - [id: 0xdc4a09e2, L:/127.0.0.1:51708 - R:localhost/127.0.0.1:8083] Handler is being applied: {uri=http://localhost:8083/userLocation?userId=457d1855-8539-4c04-932a-195926ca8bfc, method=GET}
15:53:13.708 [reactor-http-nio-48] DEBUG reactor.netty.resources.PooledConnectionProvider - [id: 0x6adf9794, L:/127.0.0.1:51702 - R:localhost/127.0.0.1:8083] Registering pool release on close event for channel
15:53:13.708 [reactor-http-nio-48] DEBUG reactor.netty.http.client.HttpClientConnect - [id: 0x6adf9794, L:/127.0.0.1:51702 - R:localhost/127.0.0.1:8083] Handler is being applied: {uri=http://localhost:8083/userLocation?userId=b2276fdc-0b32-4170-a590-9b88caff71b6, method=GET}
15:53:13.710 [reactor-http-nio-48] DEBUG reactor.netty.resources.PooledConnectionProvider - [id: 0x6adf9794, L:/127.0.0.1:51702 - R:localhost/127.0.0.1:8083] onStateChange(GET{uri=/userLocation?userId=b2276fdc-0b32-4170-a590-9b88caff71b6, connection=PooledConnection{channel=[id: 0x6adf9794, L:/127.0.0.1:51702 - R:localhost/127.0.0.1:8083]}}, [request_sent])
15:53:13.710 [reactor-http-nio-48] DEBUG reactor.netty.resources.PooledConnectionProvider - [id: 0x6adf9794, L:/127.0.0.1:51702 - R:localhost/127.0.0.1:8083] Channel connected, now 69 active connections and 232 inactive connections
15:53:13.710 [reactor-http-nio-48] DEBUG reactor.netty.resources.PooledConnectionProvider - [id: 0xaf6e9f28, L:/127.0.0.1:51878 - R:localhost/127.0.0.1:8083] Registering pool release on close event for channel
15:53:13.710 [reactor-http-nio-48] DEBUG reactor.netty.http.client.HttpClientConnect - [id: 0xaf6e9f28, L:/127.0.0.1:51878 - R:localhost/127.0.0.1:8083] Handler is being applied: {uri=http://localhost:8083/userLocation?userId=d78c40a3-469d-464d-9b66-afcfaa052993, method=GET}
15:53:13.711 [reactor-http-nio-41] DEBUG reactor.netty.resources.PooledConnectionProvider - [id: 0xdc4a09e2, L:/127.0.0.1:51708 - R:localhost/127.0.0.1:8083] onStateChange(GET{uri=/userLocation?userId=457d1855-8539-4c04-932a-195926ca8bfc, connection=PooledConnection{channel=[id: 0xdc4a09e2, L:/127.0.0.1:51708 - R:localhost/127.0.0.1:8083]}}, [request_sent])
15:53:13.711 [reactor-http-nio-48] DEBUG reactor.netty.resources.PooledConnectionProvider - [id: 0xaf6e9f28, L:/127.0.0.1:51878 - R:localhost/127.0.0.1:8083] onStateChange(GET{uri=/userLocation?userId=d78c40a3-469d-464d-9b66-afcfaa052993, connection=PooledConnection{channel=[id: 0xaf6e9f28, L:/127.0.0.1:51878 - R:localhost/127.0.0.1:8083]}}, [request_sent])
15:53:13.711 [reactor-http-nio-48] DEBUG reactor.netty.resources.PooledConnectionProvider - [id: 0xaf6e9f28, L:/127.0.0.1:51878 - R:localhost/127.0.0.1:8083] Channel connected, now 70 active connections and 231 inactive connections
15:53:13.712 [reactor-http-nio-41] DEBUG reactor.netty.resources.PooledConnectionProvider - [id: 0xdc4a09e2, L:/127.0.0.1:51708 - R:localhost/127.0.0.1:8083] Channel connected, now 70 active connections and 231 inactive connections
15:53:13.712 [reactor-http-nio-41] DEBUG reactor.netty.resources.PooledConnectionProvider - [id: 0x710e34a5, L:/127.0.0.1:51709 - R:localhost/127.0.0.1:8083] Registering pool release on close event for channel
15:53:13.712 [reactor-http-nio-41] DEBUG reactor.netty.http.client.HttpClientConnect - [id: 0x710e34a5, L:/127.0.0.1:51709 - R:localhost/127.0.0.1:8083] Handler is being applied: {uri=http://localhost:8083/userLocation?userId=a68bbe08-9afb-474c-b080-3673a9f3a35d, method=GET}
15:53:13.713 [reactor-http-nio-41] DEBUG reactor.netty.resources.PooledConnectionProvider - [id: 0x710e34a5, L:/127.0.0.1:51709 - R:localhost/127.0.0.1:8083] onStateChange(GET{uri=/userLocation?userId=a68bbe08-9afb-474c-b080-3673a9f3a35d, connection=PooledConnection{channel=[id: 0x710e34a5, L:/127.0.0.1:51709 - R:localhost/127.0.0.1:8083]}}, [request_sent])
15:53:13.713 [reactor-http-nio-41] DEBUG reactor.netty.resources.PooledConnectionProvider - [id: 0x710e34a5, L:/127.0.0.1:51709 - R:localhost/127.0.0.1:8083] Channel connected, now 71 active connections and 230 inactive connections
15:53:13.714 [reactor-http-nio-41] DEBUG reactor.netty.resources.PooledConnectionProvider - [id: 0x48bd25d1, L:/127.0.0.1:51711 - R:localhost/127.0.0.1:8083] Registering pool release on close event for channel
15:53:13.715 [reactor-http-nio-41] DEBUG reactor.netty.http.client.HttpClientConnect - [id: 0x48bd25d1, L:/127.0.0.1:51711 - R:localhost/127.0.0.1:8083] Handler is being applied: {uri=http://localhost:8083/userLocation?userId=bce57cb7-bb2e-4db9-bddc-23ec1436ba36, method=GET}
15:53:13.715 [reactor-http-nio-48] DEBUG reactor.netty.resources.PooledConnectionProvider - [id: 0x735db106, L:/127.0.0.1:51888 - R:localhost/127.0.0.1:8083] onStateChange(PooledConnection{channel=[id: 0x735db106, L:/127.0.0.1:51888 - R:localhost/127.0.0.1:8083]}, [connected])
15:53:13.715 [reactor-http-nio-48] DEBUG reactor.netty.resources.PooledConnectionProvider - [id: 0x735db106, L:/127.0.0.1:51888 - R:localhost/127.0.0.1:8083] onStateChange(GET{uri=/, connection=PooledConnection{channel=[id: 0x735db106, L:/127.0.0.1:51888 - R:localhost/127.0.0.1:8083]}}, [configured])
15:53:13.716 [reactor-http-nio-48] DEBUG reactor.netty.resources.PooledConnectionProvider - [id: 0xe14cc15c, L:/127.0.0.1:51896 - R:localhost/127.0.0.1:8083] onStateChange(PooledConnection{channel=[id: 0xe14cc15c, L:/127.0.0.1:51896 - R:localhost/127.0.0.1:8083]}, [connected])
15:53:13.716 [reactor-http-nio-48] DEBUG reactor.netty.resources.PooledConnectionProvider - [id: 0xe14cc15c, L:/127.0.0.1:51896 - R:localhost/127.0.0.1:8083] onStateChange(GET{uri=/, connection=PooledConnection{channel=[id: 0xe14cc15c, L:/127.0.0.1:51896 - R:localhost/127.0.0.1:8083]}}, [configured])
15:53:13.716 [reactor-http-nio-48] DEBUG reactor.netty.resources.PooledConnectionProvider - [id: 0xd41b941e, L:/127.0.0.1:51910 - R:localhost/127.0.0.1:8083] Registering pool release on close event for channel
15:53:13.716 [reactor-http-nio-48] DEBUG reactor.netty.resources.PooledConnectionProvider - [id: 0xd41b941e, L:/127.0.0.1:51910 - R:localhost/127.0.0.1:8083] Channel connected, now 73 active connections and 228 inactive connections
15:53:13.716 [reactor-http-nio-48] DEBUG reactor.netty.resources.PooledConnectionProvider - [id: 0xd41b941e, L:/127.0.0.1:51910 - R:localhost/127.0.0.1:8083] onStateChange(PooledConnection{channel=[id: 0xd41b941e, L:/127.0.0.1:51910 - R:localhost/127.0.0.1:8083]}, [connected])
15:53:13.717 [reactor-http-nio-48] DEBUG reactor.netty.resources.PooledConnectionProvider - [id: 0xd41b941e, L:/127.0.0.1:51910 - R:localhost/127.0.0.1:8083] onStateChange(GET{uri=/, connection=PooledConnection{channel=[id: 0xd41b941e, L:/127.0.0.1:51910 - R:localhost/127.0.0.1:8083]}}, [configured])
15:53:13.717 [reactor-http-nio-48] DEBUG reactor.netty.http.client.HttpClientConnect - [id: 0xd41b941e, L:/127.0.0.1:51910 - R:localhost/127.0.0.1:8083] Handler is being applied: {uri=http://localhost:8083/userLocation?userId=8d70f929-f18b-4226-ad8c-3263fd279c28, method=GET}
15:53:13.718 [reactor-http-nio-48] DEBUG reactor.netty.resources.PooledConnectionProvider - [id: 0xd41b941e, L:/127.0.0.1:51910 - R:localhost/127.0.0.1:8083] onStateChange(GET{uri=/userLocation?userId=8d70f929-f18b-4226-ad8c-3263fd279c28, connection=PooledConnection{channel=[id: 0xd41b941e, L:/127.0.0.1:51910 - R:localhost/127.0.0.1:8083]}}, [request_sent])
15:53:13.718 [reactor-http-nio-41] DEBUG reactor.netty.resources.PooledConnectionProvider - [id: 0x48bd25d1, L:/127.0.0.1:51711 - R:localhost/127.0.0.1:8083] onStateChange(GET{uri=/userLocation?userId=bce57cb7-bb2e-4db9-bddc-23ec1436ba36, connection=PooledConnection{channel=[id: 0x48bd25d1, L:/127.0.0.1:51711 - R:localhost/127.0.0.1:8083]}}, [request_sent])
15:53:13.718 [reactor-http-nio-48] DEBUG reactor.netty.resources.PooledConnectionProvider - [id: 0x57866369, L:/127.0.0.1:51911 - R:localhost/127.0.0.1:8083] onStateChange(PooledConnection{channel=[id: 0x57866369, L:/127.0.0.1:51911 - R:localhost/127.0.0.1:8083]}, [connected])
15:53:13.718 [reactor-http-nio-41] DEBUG reactor.netty.resources.PooledConnectionProvider - [id: 0x48bd25d1, L:/127.0.0.1:51711 - R:localhost/127.0.0.1:8083] Channel connected, now 73 active connections and 228 inactive connections
15:53:13.718 [reactor-http-nio-48] DEBUG reactor.netty.resources.PooledConnectionProvider - [id: 0x57866369, L:/127.0.0.1:51911 - R:localhost/127.0.0.1:8083] onStateChange(GET{uri=/, connection=PooledConnection{channel=[id: 0x57866369, L:/127.0.0.1:51911 - R:localhost/127.0.0.1:8083]}}, [configured])
15:53:13.718 [reactor-http-nio-41] DEBUG reactor.netty.resources.PooledConnectionProvider - [id: 0x58b3b7bf, L:/127.0.0.1:51717 - R:localhost/127.0.0.1:8083] Registering pool release on close event for channel
15:53:13.719 [reactor-http-nio-48] DEBUG reactor.netty.resources.PooledConnectionProvider - [id: 0x068de3e1, L:/127.0.0.1:51918 - R:localhost/127.0.0.1:8083] onStateChange(PooledConnection{channel=[id: 0x068de3e1, L:/127.0.0.1:51918 - R:localhost/127.0.0.1:8083]}, [connected])
15:53:13.719 [reactor-http-nio-48] DEBUG reactor.netty.resources.PooledConnectionProvider - [id: 0x068de3e1, L:/127.0.0.1:51918 - R:localhost/127.0.0.1:8083] onStateChange(GET{uri=/, connection=PooledConnection{channel=[id: 0x068de3e1, L:/127.0.0.1:51918 - R:localhost/127.0.0.1:8083]}}, [configured])
15:53:13.719 [reactor-http-nio-48] DEBUG reactor.netty.resources.PooledConnectionProvider - [id: 0x5b6b68d9, L:/127.0.0.1:51924 - R:localhost/127.0.0.1:8083] onStateChange(PooledConnection{channel=[id: 0x5b6b68d9, L:/127.0.0.1:51924 - R:localhost/127.0.0.1:8083]}, [connected])
15:53:13.719 [reactor-http-nio-48] DEBUG reactor.netty.resources.PooledConnectionProvider - [id: 0x5b6b68d9, L:/127.0.0.1:51924 - R:localhost/127.0.0.1:8083] onStateChange(GET{uri=/, connection=PooledConnection{channel=[id: 0x5b6b68d9, L:/127.0.0.1:51924 - R:localhost/127.0.0.1:8083]}}, [configured])
15:53:13.722 [reactor-http-nio-48] DEBUG reactor.netty.resources.PooledConnectionProvider - [id: 0x83b452e2, L:/127.0.0.1:51932 - R:localhost/127.0.0.1:8083] Registering pool release on close event for channel
15:53:13.723 [reactor-http-nio-48] DEBUG reactor.netty.resources.PooledConnectionProvider - [id: 0x83b452e2, L:/127.0.0.1:51932 - R:localhost/127.0.0.1:8083] Channel connected, now 75 active connections and 226 inactive connections
15:53:13.723 [reactor-http-nio-48] DEBUG reactor.netty.resources.PooledConnectionProvider - [id: 0x83b452e2, L:/127.0.0.1:51932 - R:localhost/127.0.0.1:8083] onStateChange(PooledConnection{channel=[id: 0x83b452e2, L:/127.0.0.1:51932 - R:localhost/127.0.0.1:8083]}, [connected])
15:53:13.723 [reactor-http-nio-48] DEBUG reactor.netty.resources.PooledConnectionProvider - [id: 0x83b452e2, L:/127.0.0.1:51932 - R:localhost/127.0.0.1:8083] onStateChange(GET{uri=/, connection=PooledConnection{channel=[id: 0x83b452e2, L:/127.0.0.1:51932 - R:localhost/127.0.0.1:8083]}}, [configured])
15:53:13.723 [reactor-http-nio-48] DEBUG reactor.netty.http.client.HttpClientConnect - [id: 0x83b452e2, L:/127.0.0.1:51932 - R:localhost/127.0.0.1:8083] Handler is being applied: {uri=http://localhost:8083/userLocation?userId=73f7c3ad-16ee-466a-9f0a-5ff7642407d0, method=GET}
15:53:13.726 [reactor-http-nio-48] DEBUG reactor.netty.resources.PooledConnectionProvider - [id: 0x83b452e2, L:/127.0.0.1:51932 - R:localhost/127.0.0.1:8083] onStateChange(GET{uri=/userLocation?userId=73f7c3ad-16ee-466a-9f0a-5ff7642407d0, connection=PooledConnection{channel=[id: 0x83b452e2, L:/127.0.0.1:51932 - R:localhost/127.0.0.1:8083]}}, [request_sent])
15:53:13.726 [reactor-http-nio-48] DEBUG reactor.netty.resources.PooledConnectionProvider - [id: 0xb033e5eb, L:/127.0.0.1:51933 - R:localhost/127.0.0.1:8083] onStateChange(PooledConnection{channel=[id: 0xb033e5eb, L:/127.0.0.1:51933 - R:localhost/127.0.0.1:8083]}, [connected])
15:53:13.727 [reactor-http-nio-48] DEBUG reactor.netty.resources.PooledConnectionProvider - [id: 0xb033e5eb, L:/127.0.0.1:51933 - R:localhost/127.0.0.1:8083] onStateChange(GET{uri=/, connection=PooledConnection{channel=[id: 0xb033e5eb, L:/127.0.0.1:51933 - R:localhost/127.0.0.1:8083]}}, [configured])
15:53:13.727 [reactor-http-nio-48] DEBUG reactor.netty.resources.PooledConnectionProvider - [id: 0xf96fcdf2, L:/127.0.0.1:51938 - R:localhost/127.0.0.1:8083] onStateChange(PooledConnection{channel=[id: 0xf96fcdf2, L:/127.0.0.1:51938 - R:localhost/127.0.0.1:8083]}, [connected])
15:53:13.727 [reactor-http-nio-48] DEBUG reactor.netty.resources.PooledConnectionProvider - [id: 0xf96fcdf2, L:/127.0.0.1:51938 - R:localhost/127.0.0.1:8083] onStateChange(GET{uri=/, connection=PooledConnection{channel=[id: 0xf96fcdf2, L:/127.0.0.1:51938 - R:localhost/127.0.0.1:8083]}}, [configured])
15:53:13.727 [reactor-http-nio-48] DEBUG reactor.netty.resources.PooledConnectionProvider - [id: 0xcdbdd5a5, L:/127.0.0.1:51946 - R:localhost/127.0.0.1:8083] onStateChange(PooledConnection{channel=[id: 0xcdbdd5a5, L:/127.0.0.1:51946 - R:localhost/127.0.0.1:8083]}, [connected])
15:53:13.728 [reactor-http-nio-48] DEBUG reactor.netty.resources.PooledConnectionProvider - [id: 0xcdbdd5a5, L:/127.0.0.1:51946 - R:localhost/127.0.0.1:8083] onStateChange(GET{uri=/, connection=PooledConnection{channel=[id: 0xcdbdd5a5, L:/127.0.0.1:51946 - R:localhost/127.0.0.1:8083]}}, [configured])
15:53:13.728 [reactor-http-nio-48] DEBUG reactor.netty.resources.PooledConnectionProvider - [id: 0x14c7d32e, L:/127.0.0.1:51953 - R:localhost/127.0.0.1:8083] Registering pool release on close event for channel
15:53:13.728 [reactor-http-nio-48] DEBUG reactor.netty.resources.PooledConnectionProvider - [id: 0x14c7d32e, L:/127.0.0.1:51953 - R:localhost/127.0.0.1:8083] Channel connected, now 76 active connections and 225 inactive connections
15:53:13.728 [reactor-http-nio-48] DEBUG reactor.netty.resources.PooledConnectionProvider - [id: 0x14c7d32e, L:/127.0.0.1:51953 - R:localhost/127.0.0.1:8083] onStateChange(PooledConnection{channel=[id: 0x14c7d32e, L:/127.0.0.1:51953 - R:localhost/127.0.0.1:8083]}, [connected])
15:53:13.728 [reactor-http-nio-48] DEBUG reactor.netty.resources.PooledConnectionProvider - [id: 0x14c7d32e, L:/127.0.0.1:51953 - R:localhost/127.0.0.1:8083] onStateChange(GET{uri=/, connection=PooledConnection{channel=[id: 0x14c7d32e, L:/127.0.0.1:51953 - R:localhost/127.0.0.1:8083]}}, [configured])
15:53:13.729 [reactor-http-nio-48] DEBUG reactor.netty.http.client.HttpClientConnect - [id: 0x14c7d32e, L:/127.0.0.1:51953 - R:localhost/127.0.0.1:8083] Handler is being applied: {uri=http://localhost:8083/userLocation?userId=5dee6a78-54a6-4559-82a1-992fb2ac424b, method=GET}
15:53:13.730 [reactor-http-nio-48] DEBUG reactor.netty.resources.PooledConnectionProvider - [id: 0x14c7d32e, L:/127.0.0.1:51953 - R:localhost/127.0.0.1:8083] onStateChange(GET{uri=/userLocation?userId=5dee6a78-54a6-4559-82a1-992fb2ac424b, connection=PooledConnection{channel=[id: 0x14c7d32e, L:/127.0.0.1:51953 - R:localhost/127.0.0.1:8083]}}, [request_sent])
15:53:13.730 [reactor-http-nio-48] DEBUG reactor.netty.resources.PooledConnectionProvider - [id: 0x7fe5ccf9, L:/127.0.0.1:51961 - R:localhost/127.0.0.1:8083] onStateChange(PooledConnection{channel=[id: 0x7fe5ccf9, L:/127.0.0.1:51961 - R:localhost/127.0.0.1:8083]}, [connected])
15:53:13.731 [reactor-http-nio-48] DEBUG reactor.netty.resources.PooledConnectionProvider - [id: 0x7fe5ccf9, L:/127.0.0.1:51961 - R:localhost/127.0.0.1:8083] onStateChange(GET{uri=/, connection=PooledConnection{channel=[id: 0x7fe5ccf9, L:/127.0.0.1:51961 - R:localhost/127.0.0.1:8083]}}, [configured])
15:53:13.731 [reactor-http-nio-48] DEBUG reactor.netty.resources.PooledConnectionProvider - [id: 0xfb8f1562, L:/127.0.0.1:51968 - R:localhost/127.0.0.1:8083] onStateChange(PooledConnection{channel=[id: 0xfb8f1562, L:/127.0.0.1:51968 - R:localhost/127.0.0.1:8083]}, [connected])
15:53:13.731 [reactor-http-nio-48] DEBUG reactor.netty.resources.PooledConnectionProvider - [id: 0xfb8f1562, L:/127.0.0.1:51968 - R:localhost/127.0.0.1:8083] onStateChange(GET{uri=/, connection=PooledConnection{channel=[id: 0xfb8f1562, L:/127.0.0.1:51968 - R:localhost/127.0.0.1:8083]}}, [configured])
15:53:13.731 [reactor-http-nio-48] DEBUG reactor.netty.resources.PooledConnectionProvider - [id: 0xf2727193, L:/127.0.0.1:51969 - R:localhost/127.0.0.1:8083] onStateChange(PooledConnection{channel=[id: 0xf2727193, L:/127.0.0.1:51969 - R:localhost/127.0.0.1:8083]}, [connected])
15:53:13.731 [reactor-http-nio-48] DEBUG reactor.netty.resources.PooledConnectionProvider - [id: 0xf2727193, L:/127.0.0.1:51969 - R:localhost/127.0.0.1:8083] onStateChange(GET{uri=/, connection=PooledConnection{channel=[id: 0xf2727193, L:/127.0.0.1:51969 - R:localhost/127.0.0.1:8083]}}, [configured])
15:53:13.731 [reactor-http-nio-48] DEBUG reactor.netty.resources.PooledConnectionProvider - [id: 0xa3c72883, L:/127.0.0.1:51976 - R:localhost/127.0.0.1:8083] Registering pool release on close event for channel
15:53:13.731 [reactor-http-nio-48] DEBUG reactor.netty.resources.PooledConnectionProvider - [id: 0xa3c72883, L:/127.0.0.1:51976 - R:localhost/127.0.0.1:8083] Channel connected, now 77 active connections and 224 inactive connections
15:53:13.731 [reactor-http-nio-48] DEBUG reactor.netty.resources.PooledConnectionProvider - [id: 0xa3c72883, L:/127.0.0.1:51976 - R:localhost/127.0.0.1:8083] onStateChange(PooledConnection{channel=[id: 0xa3c72883, L:/127.0.0.1:51976 - R:localhost/127.0.0.1:8083]}, [connected])
15:53:13.732 [reactor-http-nio-48] DEBUG reactor.netty.resources.PooledConnectionProvider - [id: 0xa3c72883, L:/127.0.0.1:51976 - R:localhost/127.0.0.1:8083] onStateChange(GET{uri=/, connection=PooledConnection{channel=[id: 0xa3c72883, L:/127.0.0.1:51976 - R:localhost/127.0.0.1:8083]}}, [configured])
15:53:13.732 [reactor-http-nio-48] DEBUG reactor.netty.http.client.HttpClientConnect - [id: 0xa3c72883, L:/127.0.0.1:51976 - R:localhost/127.0.0.1:8083] Handler is being applied: {uri=http://localhost:8083/userLocation?userId=e5d8a3b0-65c4-4bca-b1ce-5c169cb11a99, method=GET}
15:53:13.733 [reactor-http-nio-48] DEBUG reactor.netty.resources.PooledConnectionProvider - [id: 0xa3c72883, L:/127.0.0.1:51976 - R:localhost/127.0.0.1:8083] onStateChange(GET{uri=/userLocation?userId=e5d8a3b0-65c4-4bca-b1ce-5c169cb11a99, connection=PooledConnection{channel=[id: 0xa3c72883, L:/127.0.0.1:51976 - R:localhost/127.0.0.1:8083]}}, [request_sent])
15:53:13.733 [reactor-http-nio-48] DEBUG reactor.netty.resources.PooledConnectionProvider - [id: 0x3ef135e7, L:/127.0.0.1:51977 - R:localhost/127.0.0.1:8083] onStateChange(PooledConnection{channel=[id: 0x3ef135e7, L:/127.0.0.1:51977 - R:localhost/127.0.0.1:8083]}, [connected])
15:53:13.733 [reactor-http-nio-48] DEBUG reactor.netty.resources.PooledConnectionProvider - [id: 0x3ef135e7, L:/127.0.0.1:51977 - R:localhost/127.0.0.1:8083] onStateChange(GET{uri=/, connection=PooledConnection{channel=[id: 0x3ef135e7, L:/127.0.0.1:51977 - R:localhost/127.0.0.1:8083]}}, [configured])
15:53:13.734 [reactor-http-nio-48] DEBUG reactor.netty.resources.PooledConnectionProvider - [id: 0xa530ca4b, L:/127.0.0.1:51886 - R:localhost/127.0.0.1:8083] onStateChange(PooledConnection{channel=[id: 0xa530ca4b, L:/127.0.0.1:51886 - R:localhost/127.0.0.1:8083]}, [connected])
15:53:13.734 [reactor-http-nio-48] DEBUG reactor.netty.resources.PooledConnectionProvider - [id: 0xa530ca4b, L:/127.0.0.1:51886 - R:localhost/127.0.0.1:8083] onStateChange(GET{uri=/, connection=PooledConnection{channel=[id: 0xa530ca4b, L:/127.0.0.1:51886 - R:localhost/127.0.0.1:8083]}}, [configured])
15:53:13.734 [reactor-http-nio-48] DEBUG reactor.netty.resources.PooledConnectionProvider - [id: 0x4874d701, L:/127.0.0.1:51890 - R:localhost/127.0.0.1:8083] Registering pool release on close event for channel
15:53:13.734 [reactor-http-nio-48] DEBUG reactor.netty.resources.PooledConnectionProvider - [id: 0x4874d701, L:/127.0.0.1:51890 - R:localhost/127.0.0.1:8083] Channel connected, now 78 active connections and 223 inactive connections
15:53:13.734 [reactor-http-nio-48] DEBUG reactor.netty.resources.PooledConnectionProvider - [id: 0x4874d701, L:/127.0.0.1:51890 - R:localhost/127.0.0.1:8083] onStateChange(PooledConnection{channel=[id: 0x4874d701, L:/127.0.0.1:51890 - R:localhost/127.0.0.1:8083]}, [connected])
15:53:13.735 [reactor-http-nio-48] DEBUG reactor.netty.resources.PooledConnectionProvider - [id: 0x4874d701, L:/127.0.0.1:51890 - R:localhost/127.0.0.1:8083] onStateChange(GET{uri=/, connection=PooledConnection{channel=[id: 0x4874d701, L:/127.0.0.1:51890 - R:localhost/127.0.0.1:8083]}}, [configured])
15:53:13.735 [reactor-http-nio-48] DEBUG reactor.netty.http.client.HttpClientConnect - [id: 0x4874d701, L:/127.0.0.1:51890 - R:localhost/127.0.0.1:8083] Handler is being applied: {uri=http://localhost:8083/userLocation?userId=00e4fd95-5bba-49ef-ae9e-9ec2272c31b0, method=GET}
15:53:13.634 [reactor-http-nio-47] DEBUG reactor.netty.resources.PooledConnectionProvider - [id: 0x502a9f84, L:/127.0.0.1:51845 - R:localhost/127.0.0.1:8083] onStateChange(GET{uri=/userLocation?userId=01243b8e-38da-4d8f-8b4d-cf2cc583b720, connection=PooledConnection{channel=[id: 0x502a9f84, L:/127.0.0.1:51845 - R:localhost/127.0.0.1:8083]}}, [request_sent])
15:53:13.763 [reactor-http-nio-47] DEBUG reactor.netty.resources.PooledConnectionProvider - [id: 0x502a9f84, L:/127.0.0.1:51845 - R:localhost/127.0.0.1:8083] Channel connected, now 78 active connections and 223 inactive connections
15:53:13.763 [reactor-http-nio-47] DEBUG reactor.netty.resources.PooledConnectionProvider - [id: 0xeec1d289, L:/127.0.0.1:51847 - R:localhost/127.0.0.1:8083] Registering pool release on close event for channel
15:53:13.763 [reactor-http-nio-47] DEBUG reactor.netty.http.client.HttpClientConnect - [id: 0xeec1d289, L:/127.0.0.1:51847 - R:localhost/127.0.0.1:8083] Handler is being applied: {uri=http://localhost:8083/userLocation?userId=81384c37-c44d-40fc-865f-d7533aca6d33, method=GET}
15:53:13.765 [reactor-http-nio-48] DEBUG reactor.netty.resources.PooledConnectionProvider - [id: 0x4874d701, L:/127.0.0.1:51890 - R:localhost/127.0.0.1:8083] onStateChange(GET{uri=/userLocation?userId=00e4fd95-5bba-49ef-ae9e-9ec2272c31b0, connection=PooledConnection{channel=[id: 0x4874d701, L:/127.0.0.1:51890 - R:localhost/127.0.0.1:8083]}}, [request_sent])
15:53:13.766 [reactor-http-nio-47] DEBUG reactor.netty.resources.PooledConnectionProvider - [id: 0xeec1d289, L:/127.0.0.1:51847 - R:localhost/127.0.0.1:8083] onStateChange(GET{uri=/userLocation?userId=81384c37-c44d-40fc-865f-d7533aca6d33, connection=PooledConnection{channel=[id: 0xeec1d289, L:/127.0.0.1:51847 - R:localhost/127.0.0.1:8083]}}, [request_sent])
15:53:13.766 [reactor-http-nio-47] DEBUG reactor.netty.resources.PooledConnectionProvider - [id: 0xeec1d289, L:/127.0.0.1:51847 - R:localhost/127.0.0.1:8083] Channel connected, now 79 active connections and 222 inactive connections
15:53:13.766 [reactor-http-nio-47] DEBUG reactor.netty.resources.PooledConnectionProvider - [id: 0x0c88f8fd, L:/127.0.0.1:51848 - R:localhost/127.0.0.1:8083] Registering pool release on close event for channel
15:53:13.766 [reactor-http-nio-48] DEBUG reactor.netty.resources.PooledConnectionProvider - [id: 0x342e84c9, L:/127.0.0.1:51892 - R:localhost/127.0.0.1:8083] onStateChange(PooledConnection{channel=[id: 0x342e84c9, L:/127.0.0.1:51892 - R:localhost/127.0.0.1:8083]}, [connected])
15:53:13.766 [reactor-http-nio-47] DEBUG reactor.netty.http.client.HttpClientConnect - [id: 0x0c88f8fd, L:/127.0.0.1:51848 - R:localhost/127.0.0.1:8083] Handler is being applied: {uri=http://localhost:8083/userLocation?userId=a7fc695d-a318-4c81-88d6-d1ffa47053cb, method=GET}
15:53:13.766 [reactor-http-nio-48] DEBUG reactor.netty.resources.PooledConnectionProvider - [id: 0x342e84c9, L:/127.0.0.1:51892 - R:localhost/127.0.0.1:8083] onStateChange(GET{uri=/, connection=PooledConnection{channel=[id: 0x342e84c9, L:/127.0.0.1:51892 - R:localhost/127.0.0.1:8083]}}, [configured])
15:53:13.766 [reactor-http-nio-48] DEBUG reactor.netty.resources.PooledConnectionProvider - [id: 0x81d5694b, L:/127.0.0.1:51900 - R:localhost/127.0.0.1:8083] onStateChange(PooledConnection{channel=[id: 0x81d5694b, L:/127.0.0.1:51900 - R:localhost/127.0.0.1:8083]}, [connected])
15:53:13.766 [reactor-http-nio-48] DEBUG reactor.netty.resources.PooledConnectionProvider - [id: 0x81d5694b, L:/127.0.0.1:51900 - R:localhost/127.0.0.1:8083] onStateChange(GET{uri=/, connection=PooledConnection{channel=[id: 0x81d5694b, L:/127.0.0.1:51900 - R:localhost/127.0.0.1:8083]}}, [configured])
15:53:13.767 [reactor-http-nio-48] DEBUG reactor.netty.resources.PooledConnectionProvider - [id: 0x95b5a580, L:/127.0.0.1:51906 - R:localhost/127.0.0.1:8083] Registering pool release on close event for channel
15:53:13.767 [reactor-http-nio-48] DEBUG reactor.netty.resources.PooledConnectionProvider - [id: 0x95b5a580, L:/127.0.0.1:51906 - R:localhost/127.0.0.1:8083] Channel connected, now 81 active connections and 220 inactive connections
15:53:13.767 [reactor-http-nio-48] DEBUG reactor.netty.resources.PooledConnectionProvider - [id: 0x95b5a580, L:/127.0.0.1:51906 - R:localhost/127.0.0.1:8083] onStateChange(PooledConnection{channel=[id: 0x95b5a580, L:/127.0.0.1:51906 - R:localhost/127.0.0.1:8083]}, [connected])
15:53:13.767 [reactor-http-nio-48] DEBUG reactor.netty.resources.PooledConnectionProvider - [id: 0x95b5a580, L:/127.0.0.1:51906 - R:localhost/127.0.0.1:8083] onStateChange(GET{uri=/, connection=PooledConnection{channel=[id: 0x95b5a580, L:/127.0.0.1:51906 - R:localhost/127.0.0.1:8083]}}, [configured])
15:53:13.767 [reactor-http-nio-48] DEBUG reactor.netty.http.client.HttpClientConnect - [id: 0x95b5a580, L:/127.0.0.1:51906 - R:localhost/127.0.0.1:8083] Handler is being applied: {uri=http://localhost:8083/userLocation?userId=5735eaef-6d4f-43eb-908b-ff5341a2a20a, method=GET}
15:53:13.789 [reactor-http-nio-48] DEBUG reactor.netty.resources.PooledConnectionProvider - [id: 0x95b5a580, L:/127.0.0.1:51906 - R:localhost/127.0.0.1:8083] onStateChange(GET{uri=/userLocation?userId=5735eaef-6d4f-43eb-908b-ff5341a2a20a, connection=PooledConnection{channel=[id: 0x95b5a580, L:/127.0.0.1:51906 - R:localhost/127.0.0.1:8083]}}, [request_sent])
15:53:13.789 [reactor-http-nio-48] DEBUG reactor.netty.resources.PooledConnectionProvider - [id: 0x8875bf90, L:/127.0.0.1:51907 - R:localhost/127.0.0.1:8083] onStateChange(PooledConnection{channel=[id: 0x8875bf90, L:/127.0.0.1:51907 - R:localhost/127.0.0.1:8083]}, [connected])
15:53:13.789 [reactor-http-nio-48] DEBUG reactor.netty.resources.PooledConnectionProvider - [id: 0x8875bf90, L:/127.0.0.1:51907 - R:localhost/127.0.0.1:8083] onStateChange(GET{uri=/, connection=PooledConnection{channel=[id: 0x8875bf90, L:/127.0.0.1:51907 - R:localhost/127.0.0.1:8083]}}, [configured])
15:53:13.789 [reactor-http-nio-48] DEBUG reactor.netty.resources.PooledConnectionProvider - [id: 0xe73f3e74, L:/127.0.0.1:51908 - R:localhost/127.0.0.1:8083] Registering pool release on close event for channel
15:53:13.789 [reactor-http-nio-48] DEBUG reactor.netty.resources.PooledConnectionProvider - [id: 0xe73f3e74, L:/127.0.0.1:51908 - R:localhost/127.0.0.1:8083] Channel connected, now 82 active connections and 219 inactive connections
15:53:13.790 [reactor-http-nio-48] DEBUG reactor.netty.resources.PooledConnectionProvider - [id: 0xe73f3e74, L:/127.0.0.1:51908 - R:localhost/127.0.0.1:8083] onStateChange(PooledConnection{channel=[id: 0xe73f3e74, L:/127.0.0.1:51908 - R:localhost/127.0.0.1:8083]}, [connected])
15:53:13.790 [reactor-http-nio-48] DEBUG reactor.netty.resources.PooledConnectionProvider - [id: 0xe73f3e74, L:/127.0.0.1:51908 - R:localhost/127.0.0.1:8083] onStateChange(GET{uri=/, connection=PooledConnection{channel=[id: 0xe73f3e74, L:/127.0.0.1:51908 - R:localhost/127.0.0.1:8083]}}, [configured])
15:53:13.790 [reactor-http-nio-48] DEBUG reactor.netty.http.client.HttpClientConnect - [id: 0xe73f3e74, L:/127.0.0.1:51908 - R:localhost/127.0.0.1:8083] Handler is being applied: {uri=http://localhost:8083/userLocation?userId=5dee6a78-54a6-4559-82a1-992fb2ac424b, method=GET}
15:53:13.791 [reactor-http-nio-48] DEBUG reactor.netty.resources.PooledConnectionProvider - [id: 0xe73f3e74, L:/127.0.0.1:51908 - R:localhost/127.0.0.1:8083] onStateChange(GET{uri=/userLocation?userId=5dee6a78-54a6-4559-82a1-992fb2ac424b, connection=PooledConnection{channel=[id: 0xe73f3e74, L:/127.0.0.1:51908 - R:localhost/127.0.0.1:8083]}}, [request_sent])
15:53:13.792 [reactor-http-nio-48] DEBUG reactor.netty.resources.PooledConnectionProvider - [id: 0x6bf3117b, L:/127.0.0.1:51909 - R:localhost/127.0.0.1:8083] Registering pool release on close event for channel
15:53:13.793 [reactor-http-nio-48] DEBUG reactor.netty.resources.PooledConnectionProvider - [id: 0x6bf3117b, L:/127.0.0.1:51909 - R:localhost/127.0.0.1:8083] Channel connected, now 83 active connections and 218 inactive connections
15:53:13.793 [reactor-http-nio-48] DEBUG reactor.netty.resources.PooledConnectionProvider - [id: 0x6bf3117b, L:/127.0.0.1:51909 - R:localhost/127.0.0.1:8083] onStateChange(PooledConnection{channel=[id: 0x6bf3117b, L:/127.0.0.1:51909 - R:localhost/127.0.0.1:8083]}, [connected])
15:53:13.793 [reactor-http-nio-48] DEBUG reactor.netty.resources.PooledConnectionProvider - [id: 0x6bf3117b, L:/127.0.0.1:51909 - R:localhost/127.0.0.1:8083] onStateChange(GET{uri=/, connection=PooledConnection{channel=[id: 0x6bf3117b, L:/127.0.0.1:51909 - R:localhost/127.0.0.1:8083]}}, [configured])
15:53:13.795 [reactor-http-nio-48] DEBUG reactor.netty.http.client.HttpClientConnect - [id: 0x6bf3117b, L:/127.0.0.1:51909 - R:localhost/127.0.0.1:8083] Handler is being applied: {uri=http://localhost:8083/userLocation?userId=5c9823cc-fa10-4fb4-9a00-cfa65eb29ceb, method=GET}
15:53:13.797 [reactor-http-nio-48] DEBUG reactor.netty.resources.PooledConnectionProvider - [id: 0x6bf3117b, L:/127.0.0.1:51909 - R:localhost/127.0.0.1:8083] onStateChange(GET{uri=/userLocation?userId=5c9823cc-fa10-4fb4-9a00-cfa65eb29ceb, connection=PooledConnection{channel=[id: 0x6bf3117b, L:/127.0.0.1:51909 - R:localhost/127.0.0.1:8083]}}, [request_sent])
15:53:13.767 [reactor-http-nio-47] DEBUG reactor.netty.resources.PooledConnectionProvider - [id: 0x0c88f8fd, L:/127.0.0.1:51848 - R:localhost/127.0.0.1:8083] onStateChange(GET{uri=/userLocation?userId=a7fc695d-a318-4c81-88d6-d1ffa47053cb, connection=PooledConnection{channel=[id: 0x0c88f8fd, L:/127.0.0.1:51848 - R:localhost/127.0.0.1:8083]}}, [request_sent])
15:53:13.798 [reactor-http-nio-47] DEBUG reactor.netty.resources.PooledConnectionProvider - [id: 0x0c88f8fd, L:/127.0.0.1:51848 - R:localhost/127.0.0.1:8083] Channel connected, now 83 active connections and 218 inactive connections
15:53:13.798 [reactor-http-nio-47] DEBUG reactor.netty.resources.PooledConnectionProvider - [id: 0x70f8c72b, L:/127.0.0.1:51852 - R:localhost/127.0.0.1:8083] Registering pool release on close event for channel
15:53:13.798 [reactor-http-nio-47] DEBUG reactor.netty.http.client.HttpClientConnect - [id: 0x70f8c72b, L:/127.0.0.1:51852 - R:localhost/127.0.0.1:8083] Handler is being applied: {uri=http://localhost:8083/userLocation?userId=b2276fdc-0b32-4170-a590-9b88caff71b6, method=GET}
15:53:13.800 [reactor-http-nio-47] DEBUG reactor.netty.resources.PooledConnectionProvider - [id: 0x70f8c72b, L:/127.0.0.1:51852 - R:localhost/127.0.0.1:8083] onStateChange(GET{uri=/userLocation?userId=b2276fdc-0b32-4170-a590-9b88caff71b6, connection=PooledConnection{channel=[id: 0x70f8c72b, L:/127.0.0.1:51852 - R:localhost/127.0.0.1:8083]}}, [request_sent])
15:53:13.800 [reactor-http-nio-47] DEBUG reactor.netty.resources.PooledConnectionProvider - [id: 0x70f8c72b, L:/127.0.0.1:51852 - R:localhost/127.0.0.1:8083] Channel connected, now 84 active connections and 217 inactive connections
15:53:13.800 [reactor-http-nio-47] DEBUG reactor.netty.resources.PooledConnectionProvider - [id: 0x7af5fc74, L:/127.0.0.1:51854 - R:localhost/127.0.0.1:8083] Registering pool release on close event for channel
15:53:13.800 [reactor-http-nio-47] DEBUG reactor.netty.http.client.HttpClientConnect - [id: 0x7af5fc74, L:/127.0.0.1:51854 - R:localhost/127.0.0.1:8083] Handler is being applied: {uri=http://localhost:8083/userLocation?userId=11b358ad-f909-4cc6-8c5f-e48c802218c2, method=GET}
15:53:13.802 [reactor-http-nio-47] DEBUG reactor.netty.resources.PooledConnectionProvider - [id: 0x7af5fc74, L:/127.0.0.1:51854 - R:localhost/127.0.0.1:8083] onStateChange(GET{uri=/userLocation?userId=11b358ad-f909-4cc6-8c5f-e48c802218c2, connection=PooledConnection{channel=[id: 0x7af5fc74, L:/127.0.0.1:51854 - R:localhost/127.0.0.1:8083]}}, [request_sent])
15:53:13.802 [reactor-http-nio-47] DEBUG reactor.netty.resources.PooledConnectionProvider - [id: 0x7af5fc74, L:/127.0.0.1:51854 - R:localhost/127.0.0.1:8083] Channel connected, now 85 active connections and 216 inactive connections
15:53:13.802 [reactor-http-nio-47] DEBUG reactor.netty.resources.PooledConnectionProvider - [id: 0xcb5559ed, L:/127.0.0.1:51856 - R:localhost/127.0.0.1:8083] Registering pool release on close event for channel
15:53:13.802 [reactor-http-nio-47] DEBUG reactor.netty.http.client.HttpClientConnect - [id: 0xcb5559ed, L:/127.0.0.1:51856 - R:localhost/127.0.0.1:8083] Handler is being applied: {uri=http://localhost:8083/userLocation?userId=a47d0356-018a-4ef4-9417-4fbbf3da3cb9, method=GET}
15:53:13.804 [reactor-http-nio-47] DEBUG reactor.netty.resources.PooledConnectionProvider - [id: 0xcb5559ed, L:/127.0.0.1:51856 - R:localhost/127.0.0.1:8083] onStateChange(GET{uri=/userLocation?userId=a47d0356-018a-4ef4-9417-4fbbf3da3cb9, connection=PooledConnection{channel=[id: 0xcb5559ed, L:/127.0.0.1:51856 - R:localhost/127.0.0.1:8083]}}, [request_sent])
15:53:13.804 [reactor-http-nio-47] DEBUG reactor.netty.resources.PooledConnectionProvider - [id: 0xcb5559ed, L:/127.0.0.1:51856 - R:localhost/127.0.0.1:8083] Channel connected, now 86 active connections and 215 inactive connections
15:53:13.804 [reactor-http-nio-47] DEBUG reactor.netty.resources.PooledConnectionProvider - [id: 0x16e996b4, L:/127.0.0.1:51859 - R:localhost/127.0.0.1:8083] Registering pool release on close event for channel
15:53:13.804 [reactor-http-nio-47] DEBUG reactor.netty.http.client.HttpClientConnect - [id: 0x16e996b4, L:/127.0.0.1:51859 - R:localhost/127.0.0.1:8083] Handler is being applied: {uri=http://localhost:8083/userLocation?userId=8b3af590-1cb0-4ee3-87ae-29eefec5db37, method=GET}
15:53:13.806 [reactor-http-nio-47] DEBUG reactor.netty.resources.PooledConnectionProvider - [id: 0x16e996b4, L:/127.0.0.1:51859 - R:localhost/127.0.0.1:8083] onStateChange(GET{uri=/userLocation?userId=8b3af590-1cb0-4ee3-87ae-29eefec5db37, connection=PooledConnection{channel=[id: 0x16e996b4, L:/127.0.0.1:51859 - R:localhost/127.0.0.1:8083]}}, [request_sent])
15:53:13.807 [reactor-http-nio-47] DEBUG reactor.netty.resources.PooledConnectionProvider - [id: 0x16e996b4, L:/127.0.0.1:51859 - R:localhost/127.0.0.1:8083] Channel connected, now 87 active connections and 214 inactive connections
15:53:13.807 [reactor-http-nio-47] DEBUG reactor.netty.resources.PooledConnectionProvider - [id: 0xa74b43bb, L:/127.0.0.1:51860 - R:localhost/127.0.0.1:8083] Registering pool release on close event for channel
15:53:13.807 [reactor-http-nio-47] DEBUG reactor.netty.http.client.HttpClientConnect - [id: 0xa74b43bb, L:/127.0.0.1:51860 - R:localhost/127.0.0.1:8083] Handler is being applied: {uri=http://localhost:8083/userLocation?userId=fd80722c-e7de-4145-8bc7-543b11bae293, method=GET}
15:53:13.818 [reactor-http-nio-47] DEBUG reactor.netty.resources.PooledConnectionProvider - [id: 0xa74b43bb, L:/127.0.0.1:51860 - R:localhost/127.0.0.1:8083] onStateChange(GET{uri=/userLocation?userId=fd80722c-e7de-4145-8bc7-543b11bae293, connection=PooledConnection{channel=[id: 0xa74b43bb, L:/127.0.0.1:51860 - R:localhost/127.0.0.1:8083]}}, [request_sent])
15:53:13.818 [reactor-http-nio-47] DEBUG reactor.netty.resources.PooledConnectionProvider - [id: 0xa74b43bb, L:/127.0.0.1:51860 - R:localhost/127.0.0.1:8083] Channel connected, now 88 active connections and 213 inactive connections
15:53:13.818 [reactor-http-nio-47] DEBUG reactor.netty.resources.PooledConnectionProvider - [id: 0x2b8f766c, L:/127.0.0.1:51861 - R:localhost/127.0.0.1:8083] Registering pool release on close event for channel
15:53:13.818 [reactor-http-nio-47] DEBUG reactor.netty.http.client.HttpClientConnect - [id: 0x2b8f766c, L:/127.0.0.1:51861 - R:localhost/127.0.0.1:8083] Handler is being applied: {uri=http://localhost:8083/userLocation?userId=f39d7f07-4ddc-4fae-b701-514c8d1c0cfa, method=GET}
15:53:13.821 [reactor-http-nio-47] DEBUG reactor.netty.resources.PooledConnectionProvider - [id: 0x2b8f766c, L:/127.0.0.1:51861 - R:localhost/127.0.0.1:8083] onStateChange(GET{uri=/userLocation?userId=f39d7f07-4ddc-4fae-b701-514c8d1c0cfa, connection=PooledConnection{channel=[id: 0x2b8f766c, L:/127.0.0.1:51861 - R:localhost/127.0.0.1:8083]}}, [request_sent])
15:53:13.821 [reactor-http-nio-47] DEBUG reactor.netty.resources.PooledConnectionProvider - [id: 0x2b8f766c, L:/127.0.0.1:51861 - R:localhost/127.0.0.1:8083] Channel connected, now 89 active connections and 212 inactive connections
15:53:13.821 [reactor-http-nio-47] DEBUG reactor.netty.resources.PooledConnectionProvider - [id: 0xac6adea9, L:/127.0.0.1:51867 - R:localhost/127.0.0.1:8083] Registering pool release on close event for channel
15:53:13.821 [reactor-http-nio-47] DEBUG reactor.netty.http.client.HttpClientConnect - [id: 0xac6adea9, L:/127.0.0.1:51867 - R:localhost/127.0.0.1:8083] Handler is being applied: {uri=http://localhost:8083/userLocation?userId=0593c2e3-e7d4-4c17-a881-63f339ca301d, method=GET}
15:53:13.822 [reactor-http-nio-47] DEBUG reactor.netty.resources.PooledConnectionProvider - [id: 0xac6adea9, L:/127.0.0.1:51867 - R:localhost/127.0.0.1:8083] onStateChange(GET{uri=/userLocation?userId=0593c2e3-e7d4-4c17-a881-63f339ca301d, connection=PooledConnection{channel=[id: 0xac6adea9, L:/127.0.0.1:51867 - R:localhost/127.0.0.1:8083]}}, [request_sent])
15:53:13.822 [reactor-http-nio-47] DEBUG reactor.netty.resources.PooledConnectionProvider - [id: 0xac6adea9, L:/127.0.0.1:51867 - R:localhost/127.0.0.1:8083] Channel connected, now 90 active connections and 211 inactive connections
15:53:13.822 [reactor-http-nio-47] DEBUG reactor.netty.resources.PooledConnectionProvider - [id: 0x98ecb58e, L:/127.0.0.1:51684 - R:localhost/127.0.0.1:8083] Registering pool release on close event for channel
15:53:13.822 [reactor-http-nio-47] DEBUG reactor.netty.http.client.HttpClientConnect - [id: 0x98ecb58e, L:/127.0.0.1:51684 - R:localhost/127.0.0.1:8083] Handler is being applied: {uri=http://localhost:8083/userLocation?userId=6a917193-35e1-40bf-bb9f-5c64a014c07f, method=GET}
15:53:13.824 [reactor-http-nio-47] DEBUG reactor.netty.resources.PooledConnectionProvider - [id: 0x98ecb58e, L:/127.0.0.1:51684 - R:localhost/127.0.0.1:8083] onStateChange(GET{uri=/userLocation?userId=6a917193-35e1-40bf-bb9f-5c64a014c07f, connection=PooledConnection{channel=[id: 0x98ecb58e, L:/127.0.0.1:51684 - R:localhost/127.0.0.1:8083]}}, [request_sent])
15:53:13.824 [reactor-http-nio-47] DEBUG reactor.netty.resources.PooledConnectionProvider - [id: 0x98ecb58e, L:/127.0.0.1:51684 - R:localhost/127.0.0.1:8083] Channel connected, now 91 active connections and 210 inactive connections
15:53:13.824 [reactor-http-nio-47] DEBUG reactor.netty.resources.PooledConnectionProvider - [id: 0x120dec4e, L:/127.0.0.1:51686 - R:localhost/127.0.0.1:8083] Registering pool release on close event for channel
15:53:13.824 [reactor-http-nio-47] DEBUG reactor.netty.http.client.HttpClientConnect - [id: 0x120dec4e, L:/127.0.0.1:51686 - R:localhost/127.0.0.1:8083] Handler is being applied: {uri=http://localhost:8083/userLocation?userId=da8a8b72-b2e4-4962-a9bd-13f356b24b7b, method=GET}
15:53:13.826 [reactor-http-nio-47] DEBUG reactor.netty.resources.PooledConnectionProvider - [id: 0x120dec4e, L:/127.0.0.1:51686 - R:localhost/127.0.0.1:8083] onStateChange(GET{uri=/userLocation?userId=da8a8b72-b2e4-4962-a9bd-13f356b24b7b, connection=PooledConnection{channel=[id: 0x120dec4e, L:/127.0.0.1:51686 - R:localhost/127.0.0.1:8083]}}, [request_sent])
15:53:13.826 [reactor-http-nio-47] DEBUG reactor.netty.resources.PooledConnectionProvider - [id: 0x120dec4e, L:/127.0.0.1:51686 - R:localhost/127.0.0.1:8083] Channel connected, now 92 active connections and 209 inactive connections
15:53:13.826 [reactor-http-nio-47] DEBUG reactor.netty.resources.PooledConnectionProvider - [id: 0xf30ad839, L:/127.0.0.1:51692 - R:localhost/127.0.0.1:8083] Registering pool release on close event for channel
15:53:13.826 [reactor-http-nio-47] DEBUG reactor.netty.http.client.HttpClientConnect - [id: 0xf30ad839, L:/127.0.0.1:51692 - R:localhost/127.0.0.1:8083] Handler is being applied: {uri=http://localhost:8083/userLocation?userId=3e2c0ae5-b0d7-4b41-9397-d6d35e1e7618, method=GET}
15:53:13.828 [reactor-http-nio-47] DEBUG reactor.netty.resources.PooledConnectionProvider - [id: 0xf30ad839, L:/127.0.0.1:51692 - R:localhost/127.0.0.1:8083] onStateChange(GET{uri=/userLocation?userId=3e2c0ae5-b0d7-4b41-9397-d6d35e1e7618, connection=PooledConnection{channel=[id: 0xf30ad839, L:/127.0.0.1:51692 - R:localhost/127.0.0.1:8083]}}, [request_sent])
15:53:13.828 [reactor-http-nio-47] DEBUG reactor.netty.resources.PooledConnectionProvider - [id: 0xf30ad839, L:/127.0.0.1:51692 - R:localhost/127.0.0.1:8083] Channel connected, now 93 active connections and 208 inactive connections
15:53:13.828 [reactor-http-nio-47] DEBUG reactor.netty.resources.PooledConnectionProvider - [id: 0x99bba80d, L:/127.0.0.1:51693 - R:localhost/127.0.0.1:8083] Registering pool release on close event for channel
15:53:13.828 [reactor-http-nio-47] DEBUG reactor.netty.http.client.HttpClientConnect - [id: 0x99bba80d, L:/127.0.0.1:51693 - R:localhost/127.0.0.1:8083] Handler is being applied: {uri=http://localhost:8083/userLocation?userId=e3105df5-3255-4fd6-858e-3884c57c26cb, method=GET}
15:53:13.829 [reactor-http-nio-47] DEBUG reactor.netty.resources.PooledConnectionProvider - [id: 0x99bba80d, L:/127.0.0.1:51693 - R:localhost/127.0.0.1:8083] onStateChange(GET{uri=/userLocation?userId=e3105df5-3255-4fd6-858e-3884c57c26cb, connection=PooledConnection{channel=[id: 0x99bba80d, L:/127.0.0.1:51693 - R:localhost/127.0.0.1:8083]}}, [request_sent])
15:53:13.829 [reactor-http-nio-47] DEBUG reactor.netty.resources.PooledConnectionProvider - [id: 0x99bba80d, L:/127.0.0.1:51693 - R:localhost/127.0.0.1:8083] Channel connected, now 94 active connections and 207 inactive connections
15:53:13.829 [reactor-http-nio-47] DEBUG reactor.netty.resources.PooledConnectionProvider - [id: 0x94ed7f01, L:/127.0.0.1:51699 - R:localhost/127.0.0.1:8083] Registering pool release on close event for channel
15:53:13.830 [reactor-http-nio-47] DEBUG reactor.netty.http.client.HttpClientConnect - [id: 0x94ed7f01, L:/127.0.0.1:51699 - R:localhost/127.0.0.1:8083] Handler is being applied: {uri=http://localhost:8083/userLocation?userId=89c6ee3b-0398-4be6-b43c-8c24d6e60369, method=GET}
15:53:13.831 [reactor-http-nio-47] DEBUG reactor.netty.resources.PooledConnectionProvider - [id: 0x94ed7f01, L:/127.0.0.1:51699 - R:localhost/127.0.0.1:8083] onStateChange(GET{uri=/userLocation?userId=89c6ee3b-0398-4be6-b43c-8c24d6e60369, connection=PooledConnection{channel=[id: 0x94ed7f01, L:/127.0.0.1:51699 - R:localhost/127.0.0.1:8083]}}, [request_sent])
15:53:13.831 [reactor-http-nio-47] DEBUG reactor.netty.resources.PooledConnectionProvider - [id: 0x94ed7f01, L:/127.0.0.1:51699 - R:localhost/127.0.0.1:8083] Channel connected, now 95 active connections and 206 inactive connections
15:53:13.831 [reactor-http-nio-47] DEBUG reactor.netty.resources.PooledConnectionProvider - [id: 0xc3efdf02, L:/127.0.0.1:51700 - R:localhost/127.0.0.1:8083] Registering pool release on close event for channel
15:53:13.831 [reactor-http-nio-47] DEBUG reactor.netty.http.client.HttpClientConnect - [id: 0xc3efdf02, L:/127.0.0.1:51700 - R:localhost/127.0.0.1:8083] Handler is being applied: {uri=http://localhost:8083/userLocation?userId=d64e7f59-c19d-4652-96cc-7be8de45d2fc, method=GET}
15:53:13.832 [reactor-http-nio-47] DEBUG reactor.netty.resources.PooledConnectionProvider - [id: 0xc3efdf02, L:/127.0.0.1:51700 - R:localhost/127.0.0.1:8083] onStateChange(GET{uri=/userLocation?userId=d64e7f59-c19d-4652-96cc-7be8de45d2fc, connection=PooledConnection{channel=[id: 0xc3efdf02, L:/127.0.0.1:51700 - R:localhost/127.0.0.1:8083]}}, [request_sent])
15:53:13.833 [reactor-http-nio-47] DEBUG reactor.netty.resources.PooledConnectionProvider - [id: 0xc3efdf02, L:/127.0.0.1:51700 - R:localhost/127.0.0.1:8083] Channel connected, now 96 active connections and 205 inactive connections
15:53:13.833 [reactor-http-nio-47] DEBUG reactor.netty.resources.PooledConnectionProvider - [id: 0x9cce547f, L:/127.0.0.1:51834 - R:localhost/127.0.0.1:8083] Registering pool release on close event for channel
15:53:13.833 [reactor-http-nio-47] DEBUG reactor.netty.http.client.HttpClientConnect - [id: 0x9cce547f, L:/127.0.0.1:51834 - R:localhost/127.0.0.1:8083] Handler is being applied: {uri=http://localhost:8083/userLocation?userId=81384c37-c44d-40fc-865f-d7533aca6d33, method=GET}
15:53:13.835 [reactor-http-nio-47] DEBUG reactor.netty.resources.PooledConnectionProvider - [id: 0x9cce547f, L:/127.0.0.1:51834 - R:localhost/127.0.0.1:8083] onStateChange(GET{uri=/userLocation?userId=81384c37-c44d-40fc-865f-d7533aca6d33, connection=PooledConnection{channel=[id: 0x9cce547f, L:/127.0.0.1:51834 - R:localhost/127.0.0.1:8083]}}, [request_sent])
15:53:13.835 [reactor-http-nio-47] DEBUG reactor.netty.resources.PooledConnectionProvider - [id: 0x9cce547f, L:/127.0.0.1:51834 - R:localhost/127.0.0.1:8083] Channel connected, now 97 active connections and 204 inactive connections
15:53:13.835 [reactor-http-nio-47] DEBUG reactor.netty.resources.PooledConnectionProvider - [id: 0x9ce465db, L:/127.0.0.1:51838 - R:localhost/127.0.0.1:8083] Registering pool release on close event for channel
15:53:13.835 [reactor-http-nio-47] DEBUG reactor.netty.http.client.HttpClientConnect - [id: 0x9ce465db, L:/127.0.0.1:51838 - R:localhost/127.0.0.1:8083] Handler is being applied: {uri=http://localhost:8083/userLocation?userId=24d6dc0e-82c9-4e5d-b55f-bfa77524f2c2, method=GET}
15:53:13.837 [reactor-http-nio-47] DEBUG reactor.netty.resources.PooledConnectionProvider - [id: 0x9ce465db, L:/127.0.0.1:51838 - R:localhost/127.0.0.1:8083] onStateChange(GET{uri=/userLocation?userId=24d6dc0e-82c9-4e5d-b55f-bfa77524f2c2, connection=PooledConnection{channel=[id: 0x9ce465db, L:/127.0.0.1:51838 - R:localhost/127.0.0.1:8083]}}, [request_sent])
15:53:13.837 [reactor-http-nio-47] DEBUG reactor.netty.resources.PooledConnectionProvider - [id: 0x9ce465db, L:/127.0.0.1:51838 - R:localhost/127.0.0.1:8083] Channel connected, now 98 active connections and 203 inactive connections
15:53:13.837 [reactor-http-nio-47] DEBUG reactor.netty.resources.PooledConnectionProvider - [id: 0x6cb64786, L:/127.0.0.1:51839 - R:localhost/127.0.0.1:8083] Registering pool release on close event for channel
15:53:13.837 [reactor-http-nio-47] DEBUG reactor.netty.http.client.HttpClientConnect - [id: 0x6cb64786, L:/127.0.0.1:51839 - R:localhost/127.0.0.1:8083] Handler is being applied: {uri=http://localhost:8083/userLocation?userId=19d8fd39-c450-4ee3-bfcb-5023685db34c, method=GET}
15:53:13.873 [reactor-http-nio-47] DEBUG reactor.netty.resources.PooledConnectionProvider - [id: 0x6cb64786, L:/127.0.0.1:51839 - R:localhost/127.0.0.1:8083] onStateChange(GET{uri=/userLocation?userId=19d8fd39-c450-4ee3-bfcb-5023685db34c, connection=PooledConnection{channel=[id: 0x6cb64786, L:/127.0.0.1:51839 - R:localhost/127.0.0.1:8083]}}, [request_sent])
15:53:13.873 [reactor-http-nio-47] DEBUG reactor.netty.resources.PooledConnectionProvider - [id: 0x6cb64786, L:/127.0.0.1:51839 - R:localhost/127.0.0.1:8083] Channel connected, now 99 active connections and 202 inactive connections
15:53:13.873 [reactor-http-nio-47] DEBUG reactor.netty.resources.PooledConnectionProvider - [id: 0x26a43d3a, L:/127.0.0.1:51840 - R:localhost/127.0.0.1:8083] Registering pool release on close event for channel
15:53:13.874 [reactor-http-nio-47] DEBUG reactor.netty.http.client.HttpClientConnect - [id: 0x26a43d3a, L:/127.0.0.1:51840 - R:localhost/127.0.0.1:8083] Handler is being applied: {uri=http://localhost:8083/userLocation?userId=9ae6a340-96bd-49bd-aca7-b0c3409d2cb9, method=GET}
15:53:13.894 [reactor-http-nio-46] DEBUG reactor.netty.resources.PooledConnectionProvider - [id: 0xb17f4d49, L:/127.0.0.1:51793 - R:localhost/127.0.0.1:8083] Registering pool release on close event for channel
15:53:13.895 [reactor-http-nio-46] DEBUG reactor.netty.http.client.HttpClientConnect - [id: 0xb17f4d49, L:/127.0.0.1:51793 - R:localhost/127.0.0.1:8083] Handler is being applied: {uri=http://localhost:8083/userLocation?userId=8d70f929-f18b-4226-ad8c-3263fd279c28, method=GET}
15:53:13.902 [reactor-http-nio-46] DEBUG reactor.netty.resources.PooledConnectionProvider - [id: 0xb17f4d49, L:/127.0.0.1:51793 - R:localhost/127.0.0.1:8083] onStateChange(GET{uri=/userLocation?userId=8d70f929-f18b-4226-ad8c-3263fd279c28, connection=PooledConnection{channel=[id: 0xb17f4d49, L:/127.0.0.1:51793 - R:localhost/127.0.0.1:8083]}}, [request_sent])
15:53:13.902 [reactor-http-nio-46] DEBUG reactor.netty.resources.PooledConnectionProvider - [id: 0xb17f4d49, L:/127.0.0.1:51793 - R:localhost/127.0.0.1:8083] Channel connected, now 100 active connections and 201 inactive connections
15:53:13.902 [reactor-http-nio-46] DEBUG reactor.netty.resources.PooledConnectionProvider - [id: 0xb42d715a, L:/127.0.0.1:51795 - R:localhost/127.0.0.1:8083] Registering pool release on close event for channel
15:53:13.902 [reactor-http-nio-46] DEBUG reactor.netty.http.client.HttpClientConnect - [id: 0xb42d715a, L:/127.0.0.1:51795 - R:localhost/127.0.0.1:8083] Handler is being applied: {uri=http://localhost:8083/userLocation?userId=e10bc72d-f2dd-4dfe-9486-158778e05cb7, method=GET}
15:53:13.904 [reactor-http-nio-46] DEBUG reactor.netty.resources.PooledConnectionProvider - [id: 0xb42d715a, L:/127.0.0.1:51795 - R:localhost/127.0.0.1:8083] onStateChange(GET{uri=/userLocation?userId=e10bc72d-f2dd-4dfe-9486-158778e05cb7, connection=PooledConnection{channel=[id: 0xb42d715a, L:/127.0.0.1:51795 - R:localhost/127.0.0.1:8083]}}, [request_sent])
15:53:13.904 [reactor-http-nio-46] DEBUG reactor.netty.resources.PooledConnectionProvider - [id: 0xb42d715a, L:/127.0.0.1:51795 - R:localhost/127.0.0.1:8083] Channel connected, now 101 active connections and 200 inactive connections
15:53:13.904 [reactor-http-nio-46] DEBUG reactor.netty.resources.PooledConnectionProvider - [id: 0xcde170f5, L:/127.0.0.1:51800 - R:localhost/127.0.0.1:8083] Registering pool release on close event for channel
15:53:13.904 [reactor-http-nio-46] DEBUG reactor.netty.http.client.HttpClientConnect - [id: 0xcde170f5, L:/127.0.0.1:51800 - R:localhost/127.0.0.1:8083] Handler is being applied: {uri=http://localhost:8083/userLocation?userId=de30c4f9-0c2e-4313-b1ec-d154aafc174c, method=GET}
15:53:13.767 [reactor-http-nio-41] DEBUG reactor.netty.http.client.HttpClientConnect - [id: 0x58b3b7bf, L:/127.0.0.1:51717 - R:localhost/127.0.0.1:8083] Handler is being applied: {uri=http://localhost:8083/userLocation?userId=e40c0878-9e0f-4ada-a1b9-24544a7752f1, method=GET}
15:53:13.905 [reactor-http-nio-41] DEBUG reactor.netty.resources.PooledConnectionProvider - [id: 0x58b3b7bf, L:/127.0.0.1:51717 - R:localhost/127.0.0.1:8083] onStateChange(GET{uri=/userLocation?userId=e40c0878-9e0f-4ada-a1b9-24544a7752f1, connection=PooledConnection{channel=[id: 0x58b3b7bf, L:/127.0.0.1:51717 - R:localhost/127.0.0.1:8083]}}, [request_sent])
15:53:13.905 [reactor-http-nio-46] DEBUG reactor.netty.resources.PooledConnectionProvider - [id: 0xcde170f5, L:/127.0.0.1:51800 - R:localhost/127.0.0.1:8083] onStateChange(GET{uri=/userLocation?userId=de30c4f9-0c2e-4313-b1ec-d154aafc174c, connection=PooledConnection{channel=[id: 0xcde170f5, L:/127.0.0.1:51800 - R:localhost/127.0.0.1:8083]}}, [request_sent])
15:53:13.905 [reactor-http-nio-46] DEBUG reactor.netty.resources.PooledConnectionProvider - [id: 0xcde170f5, L:/127.0.0.1:51800 - R:localhost/127.0.0.1:8083] Channel connected, now 102 active connections and 199 inactive connections
15:53:13.906 [reactor-http-nio-46] DEBUG reactor.netty.resources.PooledConnectionProvider - [id: 0x7857a0df, L:/127.0.0.1:51801 - R:localhost/127.0.0.1:8083] Registering pool release on close event for channel
15:53:13.906 [reactor-http-nio-46] DEBUG reactor.netty.http.client.HttpClientConnect - [id: 0x7857a0df, L:/127.0.0.1:51801 - R:localhost/127.0.0.1:8083] Handler is being applied: {uri=http://localhost:8083/userLocation?userId=9f2ed21f-02c2-4b50-90b2-9e2cbfa2fd17, method=GET}
15:53:13.907 [reactor-http-nio-47] DEBUG reactor.netty.resources.PooledConnectionProvider - [id: 0x26a43d3a, L:/127.0.0.1:51840 - R:localhost/127.0.0.1:8083] onStateChange(GET{uri=/userLocation?userId=9ae6a340-96bd-49bd-aca7-b0c3409d2cb9, connection=PooledConnection{channel=[id: 0x26a43d3a, L:/127.0.0.1:51840 - R:localhost/127.0.0.1:8083]}}, [request_sent])
15:53:13.908 [reactor-http-nio-47] DEBUG reactor.netty.resources.PooledConnectionProvider - [id: 0x26a43d3a, L:/127.0.0.1:51840 - R:localhost/127.0.0.1:8083] Channel connected, now 103 active connections and 198 inactive connections
15:53:13.908 [reactor-http-nio-47] DEBUG reactor.netty.resources.PooledConnectionProvider - [id: 0x9813afd7, L:/127.0.0.1:51842 - R:localhost/127.0.0.1:8083] Registering pool release on close event for channel
15:53:13.907 [reactor-http-nio-46] DEBUG reactor.netty.resources.PooledConnectionProvider - [id: 0x7857a0df, L:/127.0.0.1:51801 - R:localhost/127.0.0.1:8083] onStateChange(GET{uri=/userLocation?userId=9f2ed21f-02c2-4b50-90b2-9e2cbfa2fd17, connection=PooledConnection{channel=[id: 0x7857a0df, L:/127.0.0.1:51801 - R:localhost/127.0.0.1:8083]}}, [request_sent])
15:53:13.908 [reactor-http-nio-47] DEBUG reactor.netty.http.client.HttpClientConnect - [id: 0x9813afd7, L:/127.0.0.1:51842 - R:localhost/127.0.0.1:8083] Handler is being applied: {uri=http://localhost:8083/userLocation?userId=da72c1bd-d194-48d7-b7b7-0755761b9887, method=GET}
15:53:13.798 [reactor-http-nio-48] DEBUG reactor.netty.resources.PooledConnectionProvider - [id: 0xc3839908, L:/127.0.0.1:51914 - R:localhost/127.0.0.1:8083] onStateChange(PooledConnection{channel=[id: 0xc3839908, L:/127.0.0.1:51914 - R:localhost/127.0.0.1:8083]}, [connected])
15:53:13.908 [reactor-http-nio-48] DEBUG reactor.netty.resources.PooledConnectionProvider - [id: 0xc3839908, L:/127.0.0.1:51914 - R:localhost/127.0.0.1:8083] onStateChange(GET{uri=/, connection=PooledConnection{channel=[id: 0xc3839908, L:/127.0.0.1:51914 - R:localhost/127.0.0.1:8083]}}, [configured])
15:53:13.910 [reactor-http-nio-48] DEBUG reactor.netty.resources.PooledConnectionProvider - [id: 0x2b8a27a7, L:/127.0.0.1:51916 - R:localhost/127.0.0.1:8083] onStateChange(PooledConnection{channel=[id: 0x2b8a27a7, L:/127.0.0.1:51916 - R:localhost/127.0.0.1:8083]}, [connected])
15:53:13.911 [reactor-http-nio-48] DEBUG reactor.netty.resources.PooledConnectionProvider - [id: 0x2b8a27a7, L:/127.0.0.1:51916 - R:localhost/127.0.0.1:8083] onStateChange(GET{uri=/, connection=PooledConnection{channel=[id: 0x2b8a27a7, L:/127.0.0.1:51916 - R:localhost/127.0.0.1:8083]}}, [configured])
15:53:13.911 [reactor-http-nio-47] DEBUG reactor.netty.resources.PooledConnectionProvider - [id: 0x9813afd7, L:/127.0.0.1:51842 - R:localhost/127.0.0.1:8083] onStateChange(GET{uri=/userLocation?userId=da72c1bd-d194-48d7-b7b7-0755761b9887, connection=PooledConnection{channel=[id: 0x9813afd7, L:/127.0.0.1:51842 - R:localhost/127.0.0.1:8083]}}, [request_sent])
15:53:13.911 [reactor-http-nio-48] DEBUG reactor.netty.resources.PooledConnectionProvider - [id: 0xa9b4c53d, L:/127.0.0.1:51920 - R:localhost/127.0.0.1:8083] Registering pool release on close event for channel
15:53:13.911 [reactor-http-nio-47] DEBUG reactor.netty.resources.PooledConnectionProvider - [id: 0x9813afd7, L:/127.0.0.1:51842 - R:localhost/127.0.0.1:8083] Channel connected, now 105 active connections and 196 inactive connections
15:53:13.911 [reactor-http-nio-47] DEBUG reactor.netty.resources.PooledConnectionProvider - [id: 0x5f2155e6, L:/127.0.0.1:51846 - R:localhost/127.0.0.1:8083] Registering pool release on close event for channel
15:53:13.911 [reactor-http-nio-47] DEBUG reactor.netty.http.client.HttpClientConnect - [id: 0x5f2155e6, L:/127.0.0.1:51846 - R:localhost/127.0.0.1:8083] Handler is being applied: {uri=http://localhost:8083/userLocation?userId=00dc9ee6-f632-4bb5-beec-72a91d131c93, method=GET}
15:53:13.905 [reactor-http-nio-41] DEBUG reactor.netty.resources.PooledConnectionProvider - [id: 0x58b3b7bf, L:/127.0.0.1:51717 - R:localhost/127.0.0.1:8083] Channel connected, now 102 active connections and 199 inactive connections
15:53:13.913 [reactor-http-nio-41] DEBUG reactor.netty.resources.PooledConnectionProvider - [id: 0xa0063317, L:/127.0.0.1:51720 - R:localhost/127.0.0.1:8083] Registering pool release on close event for channel
15:53:13.913 [reactor-http-nio-41] DEBUG reactor.netty.http.client.HttpClientConnect - [id: 0xa0063317, L:/127.0.0.1:51720 - R:localhost/127.0.0.1:8083] Handler is being applied: {uri=http://localhost:8083/userLocation?userId=aa5e203e-b3a6-4dfc-8db7-dc10ed4b04c0, method=GET}
15:53:13.908 [reactor-http-nio-46] DEBUG reactor.netty.resources.PooledConnectionProvider - [id: 0x7857a0df, L:/127.0.0.1:51801 - R:localhost/127.0.0.1:8083] Channel connected, now 104 active connections and 197 inactive connections
15:53:13.914 [reactor-http-nio-46] DEBUG reactor.netty.resources.PooledConnectionProvider - [id: 0x6dee6723, L:/127.0.0.1:51807 - R:localhost/127.0.0.1:8083] Registering pool release on close event for channel
15:53:13.914 [reactor-http-nio-41] DEBUG reactor.netty.resources.PooledConnectionProvider - [id: 0xa0063317, L:/127.0.0.1:51720 - R:localhost/127.0.0.1:8083] onStateChange(GET{uri=/userLocation?userId=aa5e203e-b3a6-4dfc-8db7-dc10ed4b04c0, connection=PooledConnection{channel=[id: 0xa0063317, L:/127.0.0.1:51720 - R:localhost/127.0.0.1:8083]}}, [request_sent])
15:53:13.915 [reactor-http-nio-41] DEBUG reactor.netty.resources.PooledConnectionProvider - [id: 0xa0063317, L:/127.0.0.1:51720 - R:localhost/127.0.0.1:8083] Channel connected, now 108 active connections and 193 inactive connections
15:53:13.915 [reactor-http-nio-41] DEBUG reactor.netty.resources.PooledConnectionProvider - [id: 0x63f027f7, L:/127.0.0.1:51721 - R:localhost/127.0.0.1:8083] Registering pool release on close event for channel
15:53:13.914 [reactor-http-nio-46] DEBUG reactor.netty.http.client.HttpClientConnect - [id: 0x6dee6723, L:/127.0.0.1:51807 - R:localhost/127.0.0.1:8083] Handler is being applied: {uri=http://localhost:8083/userLocation?userId=653710d7-d742-4648-8e9d-0ffc7f849f40, method=GET}
15:53:13.911 [reactor-http-nio-48] DEBUG reactor.netty.resources.PooledConnectionProvider - [id: 0xa9b4c53d, L:/127.0.0.1:51920 - R:localhost/127.0.0.1:8083] Channel connected, now 105 active connections and 196 inactive connections
15:53:13.916 [reactor-http-nio-48] DEBUG reactor.netty.resources.PooledConnectionProvider - [id: 0xa9b4c53d, L:/127.0.0.1:51920 - R:localhost/127.0.0.1:8083] onStateChange(PooledConnection{channel=[id: 0xa9b4c53d, L:/127.0.0.1:51920 - R:localhost/127.0.0.1:8083]}, [connected])
15:53:13.916 [reactor-http-nio-48] DEBUG reactor.netty.resources.PooledConnectionProvider - [id: 0xa9b4c53d, L:/127.0.0.1:51920 - R:localhost/127.0.0.1:8083] onStateChange(GET{uri=/, connection=PooledConnection{channel=[id: 0xa9b4c53d, L:/127.0.0.1:51920 - R:localhost/127.0.0.1:8083]}}, [configured])
15:53:13.916 [reactor-http-nio-48] DEBUG reactor.netty.http.client.HttpClientConnect - [id: 0xa9b4c53d, L:/127.0.0.1:51920 - R:localhost/127.0.0.1:8083] Handler is being applied: {uri=http://localhost:8083/userLocation?userId=66f18ee4-1d6b-4491-8adf-0552e490ad0c, method=GET}
15:53:13.913 [reactor-http-nio-47] DEBUG reactor.netty.resources.PooledConnectionProvider - [id: 0x5f2155e6, L:/127.0.0.1:51846 - R:localhost/127.0.0.1:8083] onStateChange(GET{uri=/userLocation?userId=00dc9ee6-f632-4bb5-beec-72a91d131c93, connection=PooledConnection{channel=[id: 0x5f2155e6, L:/127.0.0.1:51846 - R:localhost/127.0.0.1:8083]}}, [request_sent])
15:53:13.917 [reactor-http-nio-47] DEBUG reactor.netty.resources.PooledConnectionProvider - [id: 0x5f2155e6, L:/127.0.0.1:51846 - R:localhost/127.0.0.1:8083] Channel connected, now 109 active connections and 192 inactive connections
15:53:13.917 [reactor-http-nio-47] DEBUG reactor.netty.resources.PooledConnectionProvider - [id: 0x0c4c7f0e, L:/127.0.0.1:51853 - R:localhost/127.0.0.1:8083] Registering pool release on close event for channel
15:53:13.917 [reactor-http-nio-47] DEBUG reactor.netty.http.client.HttpClientConnect - [id: 0x0c4c7f0e, L:/127.0.0.1:51853 - R:localhost/127.0.0.1:8083] Handler is being applied: {uri=http://localhost:8083/userLocation?userId=7162a0db-4941-4472-9030-80aab7bcd1ce, method=GET}
15:53:13.919 [reactor-http-nio-47] DEBUG reactor.netty.resources.PooledConnectionProvider - [id: 0x0c4c7f0e, L:/127.0.0.1:51853 - R:localhost/127.0.0.1:8083] onStateChange(GET{uri=/userLocation?userId=7162a0db-4941-4472-9030-80aab7bcd1ce, connection=PooledConnection{channel=[id: 0x0c4c7f0e, L:/127.0.0.1:51853 - R:localhost/127.0.0.1:8083]}}, [request_sent])
15:53:13.919 [reactor-http-nio-47] DEBUG reactor.netty.resources.PooledConnectionProvider - [id: 0x0c4c7f0e, L:/127.0.0.1:51853 - R:localhost/127.0.0.1:8083] Channel connected, now 110 active connections and 191 inactive connections
15:53:13.919 [reactor-http-nio-47] DEBUG reactor.netty.resources.PooledConnectionProvider - [id: 0xa3d0d1c3, L:/127.0.0.1:51871 - R:localhost/127.0.0.1:8083] Registering pool release on close event for channel
15:53:13.919 [reactor-http-nio-47] DEBUG reactor.netty.http.client.HttpClientConnect - [id: 0xa3d0d1c3, L:/127.0.0.1:51871 - R:localhost/127.0.0.1:8083] Handler is being applied: {uri=http://localhost:8083/userLocation?userId=56aad4e1-c14f-412a-8b0c-276b69e9d278, method=GET}
15:53:13.921 [reactor-http-nio-47] DEBUG reactor.netty.resources.PooledConnectionProvider - [id: 0xa3d0d1c3, L:/127.0.0.1:51871 - R:localhost/127.0.0.1:8083] onStateChange(GET{uri=/userLocation?userId=56aad4e1-c14f-412a-8b0c-276b69e9d278, connection=PooledConnection{channel=[id: 0xa3d0d1c3, L:/127.0.0.1:51871 - R:localhost/127.0.0.1:8083]}}, [request_sent])
15:53:13.921 [reactor-http-nio-47] DEBUG reactor.netty.resources.PooledConnectionProvider - [id: 0xa3d0d1c3, L:/127.0.0.1:51871 - R:localhost/127.0.0.1:8083] Channel connected, now 111 active connections and 190 inactive connections
15:53:13.921 [reactor-http-nio-47] DEBUG reactor.netty.resources.PooledConnectionProvider - [id: 0xd62fd8aa, L:/127.0.0.1:51857 - R:localhost/127.0.0.1:8083] Registering pool release on close event for channel
15:53:13.921 [reactor-http-nio-47] DEBUG reactor.netty.http.client.HttpClientConnect - [id: 0xd62fd8aa, L:/127.0.0.1:51857 - R:localhost/127.0.0.1:8083] Handler is being applied: {uri=http://localhost:8083/userLocation?userId=ccb6c744-5025-45b1-b9b9-b5d288e8a3a7, method=GET}
15:53:13.922 [reactor-http-nio-47] DEBUG reactor.netty.resources.PooledConnectionProvider - [id: 0xd62fd8aa, L:/127.0.0.1:51857 - R:localhost/127.0.0.1:8083] onStateChange(GET{uri=/userLocation?userId=ccb6c744-5025-45b1-b9b9-b5d288e8a3a7, connection=PooledConnection{channel=[id: 0xd62fd8aa, L:/127.0.0.1:51857 - R:localhost/127.0.0.1:8083]}}, [request_sent])
15:53:13.922 [reactor-http-nio-47] DEBUG reactor.netty.resources.PooledConnectionProvider - [id: 0xd62fd8aa, L:/127.0.0.1:51857 - R:localhost/127.0.0.1:8083] Channel connected, now 112 active connections and 189 inactive connections
15:53:13.922 [reactor-http-nio-47] DEBUG reactor.netty.resources.PooledConnectionProvider - [id: 0xb2eb3594, L:/127.0.0.1:51873 - R:localhost/127.0.0.1:8083] Registering pool release on close event for channel
15:53:13.922 [reactor-http-nio-47] DEBUG reactor.netty.http.client.HttpClientConnect - [id: 0xb2eb3594, L:/127.0.0.1:51873 - R:localhost/127.0.0.1:8083] Handler is being applied: {uri=http://localhost:8083/userLocation?userId=a7fc695d-a318-4c81-88d6-d1ffa47053cb, method=GET}
15:53:13.923 [reactor-http-nio-48] DEBUG reactor.netty.resources.PooledConnectionProvider - [id: 0xa9b4c53d, L:/127.0.0.1:51920 - R:localhost/127.0.0.1:8083] onStateChange(GET{uri=/userLocation?userId=66f18ee4-1d6b-4491-8adf-0552e490ad0c, connection=PooledConnection{channel=[id: 0xa9b4c53d, L:/127.0.0.1:51920 - R:localhost/127.0.0.1:8083]}}, [request_sent])
15:53:13.923 [reactor-http-nio-48] DEBUG reactor.netty.resources.PooledConnectionProvider - [id: 0xeab7fac6, L:/127.0.0.1:51926 - R:localhost/127.0.0.1:8083] onStateChange(PooledConnection{channel=[id: 0xeab7fac6, L:/127.0.0.1:51926 - R:localhost/127.0.0.1:8083]}, [connected])
15:53:13.923 [reactor-http-nio-48] DEBUG reactor.netty.resources.PooledConnectionProvider - [id: 0xeab7fac6, L:/127.0.0.1:51926 - R:localhost/127.0.0.1:8083] onStateChange(GET{uri=/, connection=PooledConnection{channel=[id: 0xeab7fac6, L:/127.0.0.1:51926 - R:localhost/127.0.0.1:8083]}}, [configured])
15:53:13.923 [reactor-http-nio-46] DEBUG reactor.netty.resources.PooledConnectionProvider - [id: 0x6dee6723, L:/127.0.0.1:51807 - R:localhost/127.0.0.1:8083] onStateChange(GET{uri=/userLocation?userId=653710d7-d742-4648-8e9d-0ffc7f849f40, connection=PooledConnection{channel=[id: 0x6dee6723, L:/127.0.0.1:51807 - R:localhost/127.0.0.1:8083]}}, [request_sent])
15:53:13.923 [reactor-http-nio-48] DEBUG reactor.netty.resources.PooledConnectionProvider - [id: 0x20783448, L:/127.0.0.1:51928 - R:localhost/127.0.0.1:8083] onStateChange(PooledConnection{channel=[id: 0x20783448, L:/127.0.0.1:51928 - R:localhost/127.0.0.1:8083]}, [connected])
15:53:13.924 [reactor-http-nio-48] DEBUG reactor.netty.resources.PooledConnectionProvider - [id: 0x20783448, L:/127.0.0.1:51928 - R:localhost/127.0.0.1:8083] onStateChange(GET{uri=/, connection=PooledConnection{channel=[id: 0x20783448, L:/127.0.0.1:51928 - R:localhost/127.0.0.1:8083]}}, [configured])
15:53:13.924 [reactor-http-nio-48] DEBUG reactor.netty.resources.PooledConnectionProvider - [id: 0xa05904f0, L:/127.0.0.1:51935 - R:localhost/127.0.0.1:8083] onStateChange(PooledConnection{channel=[id: 0xa05904f0, L:/127.0.0.1:51935 - R:localhost/127.0.0.1:8083]}, [connected])
15:53:13.924 [reactor-http-nio-48] DEBUG reactor.netty.resources.PooledConnectionProvider - [id: 0xa05904f0, L:/127.0.0.1:51935 - R:localhost/127.0.0.1:8083] onStateChange(GET{uri=/, connection=PooledConnection{channel=[id: 0xa05904f0, L:/127.0.0.1:51935 - R:localhost/127.0.0.1:8083]}}, [configured])
15:53:13.915 [reactor-http-nio-41] DEBUG reactor.netty.http.client.HttpClientConnect - [id: 0x63f027f7, L:/127.0.0.1:51721 - R:localhost/127.0.0.1:8083] Handler is being applied: {uri=http://localhost:8083/userLocation?userId=cd7dc0ac-1435-4f55-b4cf-a388bb5e7022, method=GET}
15:53:13.926 [reactor-http-nio-41] DEBUG reactor.netty.resources.PooledConnectionProvider - [id: 0x63f027f7, L:/127.0.0.1:51721 - R:localhost/127.0.0.1:8083] onStateChange(GET{uri=/userLocation?userId=cd7dc0ac-1435-4f55-b4cf-a388bb5e7022, connection=PooledConnection{channel=[id: 0x63f027f7, L:/127.0.0.1:51721 - R:localhost/127.0.0.1:8083]}}, [request_sent])
15:53:13.927 [reactor-http-nio-41] DEBUG reactor.netty.resources.PooledConnectionProvider - [id: 0x63f027f7, L:/127.0.0.1:51721 - R:localhost/127.0.0.1:8083] Channel connected, now 113 active connections and 188 inactive connections
15:53:13.927 [reactor-http-nio-41] DEBUG reactor.netty.resources.PooledConnectionProvider - [id: 0xc8430281, L:/127.0.0.1:51729 - R:localhost/127.0.0.1:8083] Registering pool release on close event for channel
15:53:13.927 [reactor-http-nio-41] DEBUG reactor.netty.http.client.HttpClientConnect - [id: 0xc8430281, L:/127.0.0.1:51729 - R:localhost/127.0.0.1:8083] Handler is being applied: {uri=http://localhost:8083/userLocation?userId=f4dd5a80-5da9-4aca-a404-32d6f6e29b08, method=GET}
15:53:13.928 [reactor-http-nio-41] DEBUG reactor.netty.resources.PooledConnectionProvider - [id: 0xc8430281, L:/127.0.0.1:51729 - R:localhost/127.0.0.1:8083] onStateChange(GET{uri=/userLocation?userId=f4dd5a80-5da9-4aca-a404-32d6f6e29b08, connection=PooledConnection{channel=[id: 0xc8430281, L:/127.0.0.1:51729 - R:localhost/127.0.0.1:8083]}}, [request_sent])
15:53:13.928 [reactor-http-nio-41] DEBUG reactor.netty.resources.PooledConnectionProvider - [id: 0xc8430281, L:/127.0.0.1:51729 - R:localhost/127.0.0.1:8083] Channel connected, now 114 active connections and 187 inactive connections
15:53:13.928 [reactor-http-nio-41] DEBUG reactor.netty.resources.PooledConnectionProvider - [id: 0x733709b4, L:/127.0.0.1:51734 - R:localhost/127.0.0.1:8083] Registering pool release on close event for channel
15:53:13.928 [reactor-http-nio-47] DEBUG reactor.netty.resources.PooledConnectionProvider - [id: 0xb2eb3594, L:/127.0.0.1:51873 - R:localhost/127.0.0.1:8083] onStateChange(GET{uri=/userLocation?userId=a7fc695d-a318-4c81-88d6-d1ffa47053cb, connection=PooledConnection{channel=[id: 0xb2eb3594, L:/127.0.0.1:51873 - R:localhost/127.0.0.1:8083]}}, [request_sent])
15:53:13.928 [reactor-http-nio-47] DEBUG reactor.netty.resources.PooledConnectionProvider - [id: 0xb2eb3594, L:/127.0.0.1:51873 - R:localhost/127.0.0.1:8083] Channel connected, now 115 active connections and 186 inactive connections
15:53:13.928 [reactor-http-nio-41] DEBUG reactor.netty.http.client.HttpClientConnect - [id: 0x733709b4, L:/127.0.0.1:51734 - R:localhost/127.0.0.1:8083] Handler is being applied: {uri=http://localhost:8083/userLocation?userId=f80c60a3-f237-40b4-8375-be9b1e4ed47e, method=GET}
15:53:13.928 [reactor-http-nio-47] DEBUG reactor.netty.resources.PooledConnectionProvider - [id: 0x58b4f0a0, L:/127.0.0.1:51858 - R:localhost/127.0.0.1:8083] Registering pool release on close event for channel
15:53:13.928 [reactor-http-nio-47] DEBUG reactor.netty.http.client.HttpClientConnect - [id: 0x58b4f0a0, L:/127.0.0.1:51858 - R:localhost/127.0.0.1:8083] Handler is being applied: {uri=http://localhost:8083/userLocation?userId=659fcc0d-e941-4475-9648-9f56f400c4c7, method=GET}
15:53:13.930 [reactor-http-nio-41] DEBUG reactor.netty.resources.PooledConnectionProvider - [id: 0x733709b4, L:/127.0.0.1:51734 - R:localhost/127.0.0.1:8083] onStateChange(GET{uri=/userLocation?userId=f80c60a3-f237-40b4-8375-be9b1e4ed47e, connection=PooledConnection{channel=[id: 0x733709b4, L:/127.0.0.1:51734 - R:localhost/127.0.0.1:8083]}}, [request_sent])
15:53:13.930 [reactor-http-nio-41] DEBUG reactor.netty.resources.PooledConnectionProvider - [id: 0x733709b4, L:/127.0.0.1:51734 - R:localhost/127.0.0.1:8083] Channel connected, now 116 active connections and 185 inactive connections
15:53:13.930 [reactor-http-nio-41] DEBUG reactor.netty.resources.PooledConnectionProvider - [id: 0xd26d2f3c, L:/127.0.0.1:51741 - R:localhost/127.0.0.1:8083] Registering pool release on close event for channel
15:53:13.931 [reactor-http-nio-41] DEBUG reactor.netty.http.client.HttpClientConnect - [id: 0xd26d2f3c, L:/127.0.0.1:51741 - R:localhost/127.0.0.1:8083] Handler is being applied: {uri=http://localhost:8083/userLocation?userId=9210fe3b-2d9a-4f2c-8c54-688589f5b58c, method=GET}
15:53:13.923 [reactor-http-nio-46] DEBUG reactor.netty.resources.PooledConnectionProvider - [id: 0x6dee6723, L:/127.0.0.1:51807 - R:localhost/127.0.0.1:8083] Channel connected, now 113 active connections and 188 inactive connections
15:53:13.931 [reactor-http-nio-46] DEBUG reactor.netty.resources.PooledConnectionProvider - [id: 0x4746856e, L:/127.0.0.1:51809 - R:localhost/127.0.0.1:8083] Registering pool release on close event for channel
15:53:13.931 [reactor-http-nio-46] DEBUG reactor.netty.http.client.HttpClientConnect - [id: 0x4746856e, L:/127.0.0.1:51809 - R:localhost/127.0.0.1:8083] Handler is being applied: {uri=http://localhost:8083/userLocation?userId=5670eed1-2152-42b9-968c-6e0fa1a77d9c, method=GET}
15:53:13.931 [reactor-http-nio-41] DEBUG reactor.netty.resources.PooledConnectionProvider - [id: 0xd26d2f3c, L:/127.0.0.1:51741 - R:localhost/127.0.0.1:8083] onStateChange(GET{uri=/userLocation?userId=9210fe3b-2d9a-4f2c-8c54-688589f5b58c, connection=PooledConnection{channel=[id: 0xd26d2f3c, L:/127.0.0.1:51741 - R:localhost/127.0.0.1:8083]}}, [request_sent])
15:53:13.933 [reactor-http-nio-41] DEBUG reactor.netty.resources.PooledConnectionProvider - [id: 0xd26d2f3c, L:/127.0.0.1:51741 - R:localhost/127.0.0.1:8083] Channel connected, now 118 active connections and 183 inactive connections
15:53:13.933 [reactor-http-nio-41] DEBUG reactor.netty.resources.PooledConnectionProvider - [id: 0x5524893e, L:/127.0.0.1:51743 - R:localhost/127.0.0.1:8083] Registering pool release on close event for channel
15:53:13.933 [reactor-http-nio-41] DEBUG reactor.netty.http.client.HttpClientConnect - [id: 0x5524893e, L:/127.0.0.1:51743 - R:localhost/127.0.0.1:8083] Handler is being applied: {uri=http://localhost:8083/userLocation?userId=13c6ceaf-0710-462f-8bc2-e2ac91fb1350, method=GET}
15:53:13.933 [reactor-http-nio-46] DEBUG reactor.netty.resources.PooledConnectionProvider - [id: 0x4746856e, L:/127.0.0.1:51809 - R:localhost/127.0.0.1:8083] onStateChange(GET{uri=/userLocation?userId=5670eed1-2152-42b9-968c-6e0fa1a77d9c, connection=PooledConnection{channel=[id: 0x4746856e, L:/127.0.0.1:51809 - R:localhost/127.0.0.1:8083]}}, [request_sent])
15:53:13.933 [reactor-http-nio-46] DEBUG reactor.netty.resources.PooledConnectionProvider - [id: 0x4746856e, L:/127.0.0.1:51809 - R:localhost/127.0.0.1:8083] Channel connected, now 119 active connections and 182 inactive connections
15:53:13.933 [reactor-http-nio-46] DEBUG reactor.netty.resources.PooledConnectionProvider - [id: 0x9fb64b28, L:/127.0.0.1:51823 - R:localhost/127.0.0.1:8083] Registering pool release on close event for channel
15:53:13.933 [reactor-http-nio-46] DEBUG reactor.netty.http.client.HttpClientConnect - [id: 0x9fb64b28, L:/127.0.0.1:51823 - R:localhost/127.0.0.1:8083] Handler is being applied: {uri=http://localhost:8083/userLocation?userId=00dc9ee6-f632-4bb5-beec-72a91d131c93, method=GET}
15:53:13.930 [reactor-http-nio-47] DEBUG reactor.netty.resources.PooledConnectionProvider - [id: 0x58b4f0a0, L:/127.0.0.1:51858 - R:localhost/127.0.0.1:8083] onStateChange(GET{uri=/userLocation?userId=659fcc0d-e941-4475-9648-9f56f400c4c7, connection=PooledConnection{channel=[id: 0x58b4f0a0, L:/127.0.0.1:51858 - R:localhost/127.0.0.1:8083]}}, [request_sent])
15:53:13.934 [reactor-http-nio-41] DEBUG reactor.netty.resources.PooledConnectionProvider - [id: 0x5524893e, L:/127.0.0.1:51743 - R:localhost/127.0.0.1:8083] onStateChange(GET{uri=/userLocation?userId=13c6ceaf-0710-462f-8bc2-e2ac91fb1350, connection=PooledConnection{channel=[id: 0x5524893e, L:/127.0.0.1:51743 - R:localhost/127.0.0.1:8083]}}, [request_sent])
15:53:13.934 [reactor-http-nio-41] DEBUG reactor.netty.resources.PooledConnectionProvider - [id: 0x5524893e, L:/127.0.0.1:51743 - R:localhost/127.0.0.1:8083] Channel connected, now 120 active connections and 181 inactive connections
15:53:13.934 [reactor-http-nio-41] DEBUG reactor.netty.resources.PooledConnectionProvider - [id: 0x8ef5774d, L:/127.0.0.1:51762 - R:localhost/127.0.0.1:8083] Registering pool release on close event for channel
15:53:13.934 [reactor-http-nio-41] DEBUG reactor.netty.http.client.HttpClientConnect - [id: 0x8ef5774d, L:/127.0.0.1:51762 - R:localhost/127.0.0.1:8083] Handler is being applied: {uri=http://localhost:8083/userLocation?userId=86b96852-f137-496f-85ff-f5970a77d168, method=GET}
15:53:13.934 [reactor-http-nio-46] DEBUG reactor.netty.resources.PooledConnectionProvider - [id: 0x9fb64b28, L:/127.0.0.1:51823 - R:localhost/127.0.0.1:8083] onStateChange(GET{uri=/userLocation?userId=00dc9ee6-f632-4bb5-beec-72a91d131c93, connection=PooledConnection{channel=[id: 0x9fb64b28, L:/127.0.0.1:51823 - R:localhost/127.0.0.1:8083]}}, [request_sent])
15:53:13.934 [reactor-http-nio-46] DEBUG reactor.netty.resources.PooledConnectionProvider - [id: 0x9fb64b28, L:/127.0.0.1:51823 - R:localhost/127.0.0.1:8083] Channel connected, now 121 active connections and 180 inactive connections
15:53:13.934 [reactor-http-nio-46] DEBUG reactor.netty.resources.PooledConnectionProvider - [id: 0x33fe729d, L:/127.0.0.1:51824 - R:localhost/127.0.0.1:8083] Registering pool release on close event for channel
15:53:13.934 [reactor-http-nio-46] DEBUG reactor.netty.http.client.HttpClientConnect - [id: 0x33fe729d, L:/127.0.0.1:51824 - R:localhost/127.0.0.1:8083] Handler is being applied: {uri=http://localhost:8083/userLocation?userId=cddbbc6b-b49d-45e0-8740-bdd6db0041a3, method=GET}
15:53:13.925 [reactor-http-nio-48] DEBUG reactor.netty.resources.PooledConnectionProvider - [id: 0x5ae48bb7, L:/127.0.0.1:51942 - R:localhost/127.0.0.1:8083] onStateChange(PooledConnection{channel=[id: 0x5ae48bb7, L:/127.0.0.1:51942 - R:localhost/127.0.0.1:8083]}, [connected])
15:53:13.935 [reactor-http-nio-41] DEBUG reactor.netty.resources.PooledConnectionProvider - [id: 0x8ef5774d, L:/127.0.0.1:51762 - R:localhost/127.0.0.1:8083] onStateChange(GET{uri=/userLocation?userId=86b96852-f137-496f-85ff-f5970a77d168, connection=PooledConnection{channel=[id: 0x8ef5774d, L:/127.0.0.1:51762 - R:localhost/127.0.0.1:8083]}}, [request_sent])
15:53:13.935 [reactor-http-nio-41] DEBUG reactor.netty.resources.PooledConnectionProvider - [id: 0x8ef5774d, L:/127.0.0.1:51762 - R:localhost/127.0.0.1:8083] Channel connected, now 122 active connections and 179 inactive connections
15:53:13.935 [reactor-http-nio-48] DEBUG reactor.netty.resources.PooledConnectionProvider - [id: 0x5ae48bb7, L:/127.0.0.1:51942 - R:localhost/127.0.0.1:8083] onStateChange(GET{uri=/, connection=PooledConnection{channel=[id: 0x5ae48bb7, L:/127.0.0.1:51942 - R:localhost/127.0.0.1:8083]}}, [configured])
15:53:13.935 [reactor-http-nio-46] DEBUG reactor.netty.resources.PooledConnectionProvider - [id: 0x33fe729d, L:/127.0.0.1:51824 - R:localhost/127.0.0.1:8083] onStateChange(GET{uri=/userLocation?userId=cddbbc6b-b49d-45e0-8740-bdd6db0041a3, connection=PooledConnection{channel=[id: 0x33fe729d, L:/127.0.0.1:51824 - R:localhost/127.0.0.1:8083]}}, [request_sent])
15:53:13.935 [reactor-http-nio-48] DEBUG reactor.netty.resources.PooledConnectionProvider - [id: 0x1af880b0, L:/127.0.0.1:51943 - R:localhost/127.0.0.1:8083] onStateChange(PooledConnection{channel=[id: 0x1af880b0, L:/127.0.0.1:51943 - R:localhost/127.0.0.1:8083]}, [connected])
15:53:13.936 [reactor-http-nio-48] DEBUG reactor.netty.resources.PooledConnectionProvider - [id: 0x1af880b0, L:/127.0.0.1:51943 - R:localhost/127.0.0.1:8083] onStateChange(GET{uri=/, connection=PooledConnection{channel=[id: 0x1af880b0, L:/127.0.0.1:51943 - R:localhost/127.0.0.1:8083]}}, [configured])
15:53:13.936 [reactor-http-nio-48] DEBUG reactor.netty.resources.PooledConnectionProvider - [id: 0xfc3bf400, L:/127.0.0.1:51944 - R:localhost/127.0.0.1:8083] onStateChange(PooledConnection{channel=[id: 0xfc3bf400, L:/127.0.0.1:51944 - R:localhost/127.0.0.1:8083]}, [connected])
15:53:13.937 [reactor-http-nio-48] DEBUG reactor.netty.resources.PooledConnectionProvider - [id: 0xfc3bf400, L:/127.0.0.1:51944 - R:localhost/127.0.0.1:8083] onStateChange(GET{uri=/, connection=PooledConnection{channel=[id: 0xfc3bf400, L:/127.0.0.1:51944 - R:localhost/127.0.0.1:8083]}}, [configured])
15:53:13.934 [reactor-http-nio-47] DEBUG reactor.netty.resources.PooledConnectionProvider - [id: 0x58b4f0a0, L:/127.0.0.1:51858 - R:localhost/127.0.0.1:8083] Channel connected, now 120 active connections and 181 inactive connections
15:53:13.937 [reactor-http-nio-47] DEBUG reactor.netty.resources.PooledConnectionProvider - [id: 0xa7d8e8a3, L:/127.0.0.1:51682 - R:localhost/127.0.0.1:8083] Registering pool release on close event for channel
15:53:13.937 [reactor-http-nio-47] DEBUG reactor.netty.http.client.HttpClientConnect - [id: 0xa7d8e8a3, L:/127.0.0.1:51682 - R:localhost/127.0.0.1:8083] Handler is being applied: {uri=http://localhost:8083/userLocation?userId=c2af3be4-cca7-4917-b99b-fa1f52904c61, method=GET}
15:53:13.935 [reactor-http-nio-41] DEBUG reactor.netty.resources.PooledConnectionProvider - [id: 0x93777bf1, L:/127.0.0.1:51766 - R:localhost/127.0.0.1:8083] Registering pool release on close event for channel
15:53:13.938 [reactor-http-nio-41] DEBUG reactor.netty.http.client.HttpClientConnect - [id: 0x93777bf1, L:/127.0.0.1:51766 - R:localhost/127.0.0.1:8083] Handler is being applied: {uri=http://localhost:8083/attractions, method=GET}
15:53:13.939 [reactor-http-nio-47] DEBUG reactor.netty.resources.PooledConnectionProvider - [id: 0xa7d8e8a3, L:/127.0.0.1:51682 - R:localhost/127.0.0.1:8083] onStateChange(GET{uri=/userLocation?userId=c2af3be4-cca7-4917-b99b-fa1f52904c61, connection=PooledConnection{channel=[id: 0xa7d8e8a3, L:/127.0.0.1:51682 - R:localhost/127.0.0.1:8083]}}, [request_sent])
15:53:13.939 [reactor-http-nio-47] DEBUG reactor.netty.resources.PooledConnectionProvider - [id: 0xa7d8e8a3, L:/127.0.0.1:51682 - R:localhost/127.0.0.1:8083] Channel connected, now 125 active connections and 176 inactive connections
15:53:13.939 [reactor-http-nio-47] DEBUG reactor.netty.resources.PooledConnectionProvider - [id: 0x8cd960d5, L:/127.0.0.1:51696 - R:localhost/127.0.0.1:8083] Registering pool release on close event for channel
15:53:13.939 [reactor-http-nio-47] DEBUG reactor.netty.http.client.HttpClientConnect - [id: 0x8cd960d5, L:/127.0.0.1:51696 - R:localhost/127.0.0.1:8083] Handler is being applied: {uri=http://localhost:8083/userLocation?userId=44362f3e-058f-45ae-95de-537e69527046, method=GET}
15:53:13.940 [reactor-http-nio-41] DEBUG reactor.netty.resources.PooledConnectionProvider - [id: 0x93777bf1, L:/127.0.0.1:51766 - R:localhost/127.0.0.1:8083] onStateChange(GET{uri=/attractions, connection=PooledConnection{channel=[id: 0x93777bf1, L:/127.0.0.1:51766 - R:localhost/127.0.0.1:8083]}}, [request_sent])
15:53:13.940 [reactor-http-nio-41] DEBUG reactor.netty.resources.PooledConnectionProvider - [id: 0x93777bf1, L:/127.0.0.1:51766 - R:localhost/127.0.0.1:8083] Channel connected, now 126 active connections and 175 inactive connections
15:53:13.940 [reactor-http-nio-41] DEBUG reactor.netty.resources.PooledConnectionProvider - [id: 0x61097f73, L:/127.0.0.1:51767 - R:localhost/127.0.0.1:8083] Registering pool release on close event for channel
15:53:13.940 [reactor-http-nio-41] DEBUG reactor.netty.http.client.HttpClientConnect - [id: 0x61097f73, L:/127.0.0.1:51767 - R:localhost/127.0.0.1:8083] Handler is being applied: {uri=http://localhost:8083/userLocation?userId=14c04e9f-c545-4371-b2af-25d9313b93dc, method=GET}
15:53:13.941 [reactor-http-nio-47] DEBUG reactor.netty.resources.PooledConnectionProvider - [id: 0x8cd960d5, L:/127.0.0.1:51696 - R:localhost/127.0.0.1:8083] onStateChange(GET{uri=/userLocation?userId=44362f3e-058f-45ae-95de-537e69527046, connection=PooledConnection{channel=[id: 0x8cd960d5, L:/127.0.0.1:51696 - R:localhost/127.0.0.1:8083]}}, [request_sent])
15:53:13.942 [reactor-http-nio-47] DEBUG reactor.netty.resources.PooledConnectionProvider - [id: 0x8cd960d5, L:/127.0.0.1:51696 - R:localhost/127.0.0.1:8083] Channel connected, now 127 active connections and 174 inactive connections
15:53:13.942 [reactor-http-nio-47] DEBUG reactor.netty.resources.PooledConnectionProvider - [id: 0x39a84d8e, L:/127.0.0.1:51833 - R:localhost/127.0.0.1:8083] Registering pool release on close event for channel
15:53:13.942 [reactor-http-nio-47] DEBUG reactor.netty.http.client.HttpClientConnect - [id: 0x39a84d8e, L:/127.0.0.1:51833 - R:localhost/127.0.0.1:8083] Handler is being applied: {uri=http://localhost:8083/userLocation?userId=ffe6ce65-ba9b-4b0e-afb9-413e3c25efd8, method=GET}
15:53:13.942 [reactor-http-nio-41] DEBUG reactor.netty.resources.PooledConnectionProvider - [id: 0x61097f73, L:/127.0.0.1:51767 - R:localhost/127.0.0.1:8083] onStateChange(GET{uri=/userLocation?userId=14c04e9f-c545-4371-b2af-25d9313b93dc, connection=PooledConnection{channel=[id: 0x61097f73, L:/127.0.0.1:51767 - R:localhost/127.0.0.1:8083]}}, [request_sent])
15:53:13.943 [reactor-http-nio-47] DEBUG reactor.netty.resources.PooledConnectionProvider - [id: 0x39a84d8e, L:/127.0.0.1:51833 - R:localhost/127.0.0.1:8083] onStateChange(GET{uri=/userLocation?userId=ffe6ce65-ba9b-4b0e-afb9-413e3c25efd8, connection=PooledConnection{channel=[id: 0x39a84d8e, L:/127.0.0.1:51833 - R:localhost/127.0.0.1:8083]}}, [request_sent])
15:53:13.944 [reactor-http-nio-47] DEBUG reactor.netty.resources.PooledConnectionProvider - [id: 0x39a84d8e, L:/127.0.0.1:51833 - R:localhost/127.0.0.1:8083] Channel connected, now 128 active connections and 173 inactive connections
15:53:13.944 [reactor-http-nio-47] DEBUG reactor.netty.resources.PooledConnectionProvider - [id: 0xabb6df10, L:/127.0.0.1:51837 - R:localhost/127.0.0.1:8083] Registering pool release on close event for channel
15:53:13.945 [reactor-http-nio-47] DEBUG reactor.netty.http.client.HttpClientConnect - [id: 0xabb6df10, L:/127.0.0.1:51837 - R:localhost/127.0.0.1:8083] Handler is being applied: {uri=http://localhost:8083/userLocation?userId=339e13ad-b8f1-45ed-aaec-24297ea93f94, method=GET}
15:53:13.945 [reactor-http-nio-41] DEBUG reactor.netty.resources.PooledConnectionProvider - [id: 0x61097f73, L:/127.0.0.1:51767 - R:localhost/127.0.0.1:8083] Channel connected, now 129 active connections and 172 inactive connections
15:53:13.945 [reactor-http-nio-41] DEBUG reactor.netty.resources.PooledConnectionProvider - [id: 0x030e65b7, L:/127.0.0.1:51777 - R:localhost/127.0.0.1:8083] Registering pool release on close event for channel
15:53:13.947 [reactor-http-nio-41] DEBUG reactor.netty.http.client.HttpClientConnect - [id: 0x030e65b7, L:/127.0.0.1:51777 - R:localhost/127.0.0.1:8083] Handler is being applied: {uri=http://localhost:8083/userLocation?userId=47f7fc0d-9b59-4944-8365-959fd7e89072, method=GET}
15:53:13.974 [reactor-http-nio-41] DEBUG reactor.netty.resources.PooledConnectionProvider - [id: 0x030e65b7, L:/127.0.0.1:51777 - R:localhost/127.0.0.1:8083] onStateChange(GET{uri=/userLocation?userId=47f7fc0d-9b59-4944-8365-959fd7e89072, connection=PooledConnection{channel=[id: 0x030e65b7, L:/127.0.0.1:51777 - R:localhost/127.0.0.1:8083]}}, [request_sent])
15:53:13.974 [reactor-http-nio-41] DEBUG reactor.netty.resources.PooledConnectionProvider - [id: 0x030e65b7, L:/127.0.0.1:51777 - R:localhost/127.0.0.1:8083] Channel connected, now 130 active connections and 171 inactive connections
15:53:13.974 [reactor-http-nio-41] DEBUG reactor.netty.resources.PooledConnectionProvider - [id: 0x35480b9d, L:/127.0.0.1:51783 - R:localhost/127.0.0.1:8083] Registering pool release on close event for channel
15:53:13.974 [reactor-http-nio-41] DEBUG reactor.netty.http.client.HttpClientConnect - [id: 0x35480b9d, L:/127.0.0.1:51783 - R:localhost/127.0.0.1:8083] Handler is being applied: {uri=http://localhost:8083/userLocation?userId=23ded068-1f66-4eb7-a8f7-0adbdcd6fa73, method=GET}
15:53:13.974 [reactor-http-nio-47] DEBUG reactor.netty.resources.PooledConnectionProvider - [id: 0xabb6df10, L:/127.0.0.1:51837 - R:localhost/127.0.0.1:8083] onStateChange(GET{uri=/userLocation?userId=339e13ad-b8f1-45ed-aaec-24297ea93f94, connection=PooledConnection{channel=[id: 0xabb6df10, L:/127.0.0.1:51837 - R:localhost/127.0.0.1:8083]}}, [request_sent])
15:53:13.975 [reactor-http-nio-47] DEBUG reactor.netty.resources.PooledConnectionProvider - [id: 0xabb6df10, L:/127.0.0.1:51837 - R:localhost/127.0.0.1:8083] Channel connected, now 131 active connections and 170 inactive connections
15:53:13.975 [reactor-http-nio-47] DEBUG reactor.netty.resources.PooledConnectionProvider - [id: 0xd0f99d54, L:/127.0.0.1:51843 - R:localhost/127.0.0.1:8083] Registering pool release on close event for channel
15:53:13.975 [reactor-http-nio-47] DEBUG reactor.netty.http.client.HttpClientConnect - [id: 0xd0f99d54, L:/127.0.0.1:51843 - R:localhost/127.0.0.1:8083] Handler is being applied: {uri=http://localhost:8083/userLocation?userId=c2af3be4-cca7-4917-b99b-fa1f52904c61, method=GET}
15:53:13.975 [reactor-http-nio-41] DEBUG reactor.netty.resources.PooledConnectionProvider - [id: 0x35480b9d, L:/127.0.0.1:51783 - R:localhost/127.0.0.1:8083] onStateChange(GET{uri=/userLocation?userId=23ded068-1f66-4eb7-a8f7-0adbdcd6fa73, connection=PooledConnection{channel=[id: 0x35480b9d, L:/127.0.0.1:51783 - R:localhost/127.0.0.1:8083]}}, [request_sent])
15:53:13.975 [reactor-http-nio-41] DEBUG reactor.netty.resources.PooledConnectionProvider - [id: 0x35480b9d, L:/127.0.0.1:51783 - R:localhost/127.0.0.1:8083] Channel connected, now 132 active connections and 169 inactive connections
15:53:13.976 [reactor-http-nio-41] DEBUG reactor.netty.resources.PooledConnectionProvider - [id: 0x6573a2f1, L:/127.0.0.1:51712 - R:localhost/127.0.0.1:8083] Registering pool release on close event for channel
15:53:13.935 [reactor-http-nio-46] DEBUG reactor.netty.resources.PooledConnectionProvider - [id: 0x33fe729d, L:/127.0.0.1:51824 - R:localhost/127.0.0.1:8083] Channel connected, now 123 active connections and 178 inactive connections
15:53:13.976 [reactor-http-nio-46] DEBUG reactor.netty.resources.PooledConnectionProvider - [id: 0xbb1400e4, L:/127.0.0.1:51826 - R:localhost/127.0.0.1:8083] Registering pool release on close event for channel
15:53:13.977 [reactor-http-nio-46] DEBUG reactor.netty.http.client.HttpClientConnect - [id: 0xbb1400e4, L:/127.0.0.1:51826 - R:localhost/127.0.0.1:8083] Handler is being applied: {uri=http://localhost:8083/userLocation?userId=9b69196d-837d-4bdc-9692-cd6b54850db0, method=GET}
15:53:13.978 [reactor-http-nio-46] DEBUG reactor.netty.resources.PooledConnectionProvider - [id: 0xbb1400e4, L:/127.0.0.1:51826 - R:localhost/127.0.0.1:8083] onStateChange(GET{uri=/userLocation?userId=9b69196d-837d-4bdc-9692-cd6b54850db0, connection=PooledConnection{channel=[id: 0xbb1400e4, L:/127.0.0.1:51826 - R:localhost/127.0.0.1:8083]}}, [request_sent])
15:53:13.979 [reactor-http-nio-46] DEBUG reactor.netty.resources.PooledConnectionProvider - [id: 0xbb1400e4, L:/127.0.0.1:51826 - R:localhost/127.0.0.1:8083] Channel connected, now 134 active connections and 167 inactive connections
15:53:13.979 [reactor-http-nio-46] DEBUG reactor.netty.resources.PooledConnectionProvider - [id: 0x2579fbf5, L:/127.0.0.1:51828 - R:localhost/127.0.0.1:8083] Registering pool release on close event for channel
15:53:13.979 [reactor-http-nio-46] DEBUG reactor.netty.http.client.HttpClientConnect - [id: 0x2579fbf5, L:/127.0.0.1:51828 - R:localhost/127.0.0.1:8083] Handler is being applied: {uri=http://localhost:8083/userLocation?userId=2a1be45a-3cae-483d-8741-ef5976ed0f2c, method=GET}
15:53:13.979 [reactor-http-nio-41] DEBUG reactor.netty.http.client.HttpClientConnect - [id: 0x6573a2f1, L:/127.0.0.1:51712 - R:localhost/127.0.0.1:8083] Handler is being applied: {uri=http://localhost:8083/userLocation?userId=0b108d8d-756c-4750-b1ba-90846f00ab79, method=GET}
15:53:13.980 [reactor-http-nio-41] DEBUG reactor.netty.resources.PooledConnectionProvider - [id: 0x6573a2f1, L:/127.0.0.1:51712 - R:localhost/127.0.0.1:8083] onStateChange(GET{uri=/userLocation?userId=0b108d8d-756c-4750-b1ba-90846f00ab79, connection=PooledConnection{channel=[id: 0x6573a2f1, L:/127.0.0.1:51712 - R:localhost/127.0.0.1:8083]}}, [request_sent])
15:53:13.981 [reactor-http-nio-41] DEBUG reactor.netty.resources.PooledConnectionProvider - [id: 0x6573a2f1, L:/127.0.0.1:51712 - R:localhost/127.0.0.1:8083] Channel connected, now 135 active connections and 166 inactive connections
15:53:13.981 [reactor-http-nio-41] DEBUG reactor.netty.resources.PooledConnectionProvider - [id: 0x38682cba, L:/127.0.0.1:51715 - R:localhost/127.0.0.1:8083] Registering pool release on close event for channel
15:53:13.981 [reactor-http-nio-41] DEBUG reactor.netty.http.client.HttpClientConnect - [id: 0x38682cba, L:/127.0.0.1:51715 - R:localhost/127.0.0.1:8083] Handler is being applied: {uri=http://localhost:8083/userLocation?userId=ed6cab4e-0794-455a-95ac-a5d0b5e1c510, method=GET}
15:53:13.982 [reactor-http-nio-41] DEBUG reactor.netty.resources.PooledConnectionProvider - [id: 0x38682cba, L:/127.0.0.1:51715 - R:localhost/127.0.0.1:8083] onStateChange(GET{uri=/userLocation?userId=ed6cab4e-0794-455a-95ac-a5d0b5e1c510, connection=PooledConnection{channel=[id: 0x38682cba, L:/127.0.0.1:51715 - R:localhost/127.0.0.1:8083]}}, [request_sent])
15:53:13.983 [reactor-http-nio-41] DEBUG reactor.netty.resources.PooledConnectionProvider - [id: 0x38682cba, L:/127.0.0.1:51715 - R:localhost/127.0.0.1:8083] Channel connected, now 136 active connections and 165 inactive connections
15:53:13.983 [reactor-http-nio-41] DEBUG reactor.netty.resources.PooledConnectionProvider - [id: 0x6edbd1c1, L:/127.0.0.1:51716 - R:localhost/127.0.0.1:8083] Registering pool release on close event for channel
15:53:13.983 [reactor-http-nio-41] DEBUG reactor.netty.http.client.HttpClientConnect - [id: 0x6edbd1c1, L:/127.0.0.1:51716 - R:localhost/127.0.0.1:8083] Handler is being applied: {uri=http://localhost:8083/userLocation?userId=de9ecbf0-9d95-496b-8cd5-daa46f35cba4, method=GET}
15:53:13.984 [reactor-http-nio-41] DEBUG reactor.netty.resources.PooledConnectionProvider - [id: 0x6edbd1c1, L:/127.0.0.1:51716 - R:localhost/127.0.0.1:8083] onStateChange(GET{uri=/userLocation?userId=de9ecbf0-9d95-496b-8cd5-daa46f35cba4, connection=PooledConnection{channel=[id: 0x6edbd1c1, L:/127.0.0.1:51716 - R:localhost/127.0.0.1:8083]}}, [request_sent])
15:53:13.985 [reactor-http-nio-41] DEBUG reactor.netty.resources.PooledConnectionProvider - [id: 0x6edbd1c1, L:/127.0.0.1:51716 - R:localhost/127.0.0.1:8083] Channel connected, now 137 active connections and 164 inactive connections
15:53:13.985 [reactor-http-nio-41] DEBUG reactor.netty.resources.PooledConnectionProvider - [id: 0xc5bdf2c5, L:/127.0.0.1:51719 - R:localhost/127.0.0.1:8083] Registering pool release on close event for channel
15:53:13.985 [reactor-http-nio-41] DEBUG reactor.netty.http.client.HttpClientConnect - [id: 0xc5bdf2c5, L:/127.0.0.1:51719 - R:localhost/127.0.0.1:8083] Handler is being applied: {uri=http://localhost:8083/userLocation?userId=a65f14ad-241a-48b6-8296-62ddf329154e, method=GET}
15:53:13.985 [reactor-http-nio-47] DEBUG reactor.netty.resources.PooledConnectionProvider - [id: 0xd0f99d54, L:/127.0.0.1:51843 - R:localhost/127.0.0.1:8083] onStateChange(GET{uri=/userLocation?userId=c2af3be4-cca7-4917-b99b-fa1f52904c61, connection=PooledConnection{channel=[id: 0xd0f99d54, L:/127.0.0.1:51843 - R:localhost/127.0.0.1:8083]}}, [request_sent])
15:53:13.985 [reactor-http-nio-47] DEBUG reactor.netty.resources.PooledConnectionProvider - [id: 0xd0f99d54, L:/127.0.0.1:51843 - R:localhost/127.0.0.1:8083] Channel connected, now 138 active connections and 163 inactive connections
15:53:13.985 [reactor-http-nio-47] DEBUG reactor.netty.resources.PooledConnectionProvider - [id: 0x31e144f5, L:/127.0.0.1:51849 - R:localhost/127.0.0.1:8083] Registering pool release on close event for channel
15:53:13.986 [reactor-http-nio-47] DEBUG reactor.netty.http.client.HttpClientConnect - [id: 0x31e144f5, L:/127.0.0.1:51849 - R:localhost/127.0.0.1:8083] Handler is being applied: {uri=http://localhost:8083/userLocation?userId=bce57cb7-bb2e-4db9-bddc-23ec1436ba36, method=GET}
15:53:13.986 [reactor-http-nio-41] DEBUG reactor.netty.resources.PooledConnectionProvider - [id: 0xc5bdf2c5, L:/127.0.0.1:51719 - R:localhost/127.0.0.1:8083] onStateChange(GET{uri=/userLocation?userId=a65f14ad-241a-48b6-8296-62ddf329154e, connection=PooledConnection{channel=[id: 0xc5bdf2c5, L:/127.0.0.1:51719 - R:localhost/127.0.0.1:8083]}}, [request_sent])
15:53:13.986 [reactor-http-nio-41] DEBUG reactor.netty.resources.PooledConnectionProvider - [id: 0xc5bdf2c5, L:/127.0.0.1:51719 - R:localhost/127.0.0.1:8083] Channel connected, now 139 active connections and 162 inactive connections
15:53:13.986 [reactor-http-nio-41] DEBUG reactor.netty.resources.PooledConnectionProvider - [id: 0xb3555784, L:/127.0.0.1:51724 - R:localhost/127.0.0.1:8083] Registering pool release on close event for channel
15:53:13.986 [reactor-http-nio-41] DEBUG reactor.netty.http.client.HttpClientConnect - [id: 0xb3555784, L:/127.0.0.1:51724 - R:localhost/127.0.0.1:8083] Handler is being applied: {uri=http://localhost:8083/userLocation?userId=25dee4df-d0c0-4031-aa5f-97b5303d7401, method=GET}
15:53:13.987 [reactor-http-nio-47] DEBUG reactor.netty.resources.PooledConnectionProvider - [id: 0x31e144f5, L:/127.0.0.1:51849 - R:localhost/127.0.0.1:8083] onStateChange(GET{uri=/userLocation?userId=bce57cb7-bb2e-4db9-bddc-23ec1436ba36, connection=PooledConnection{channel=[id: 0x31e144f5, L:/127.0.0.1:51849 - R:localhost/127.0.0.1:8083]}}, [request_sent])
15:53:13.987 [reactor-http-nio-47] DEBUG reactor.netty.resources.PooledConnectionProvider - [id: 0x31e144f5, L:/127.0.0.1:51849 - R:localhost/127.0.0.1:8083] Channel connected, now 140 active connections and 161 inactive connections
15:53:13.987 [reactor-http-nio-47] DEBUG reactor.netty.resources.PooledConnectionProvider - [id: 0x7df89b85, L:/127.0.0.1:51851 - R:localhost/127.0.0.1:8083] Registering pool release on close event for channel
15:53:13.987 [reactor-http-nio-47] DEBUG reactor.netty.http.client.HttpClientConnect - [id: 0x7df89b85, L:/127.0.0.1:51851 - R:localhost/127.0.0.1:8083] Handler is being applied: {uri=http://localhost:8083/userLocation?userId=09a6062c-41d3-43de-a306-620c94551067, method=GET}
15:53:13.988 [reactor-http-nio-47] DEBUG reactor.netty.resources.PooledConnectionProvider - [id: 0x7df89b85, L:/127.0.0.1:51851 - R:localhost/127.0.0.1:8083] onStateChange(GET{uri=/userLocation?userId=09a6062c-41d3-43de-a306-620c94551067, connection=PooledConnection{channel=[id: 0x7df89b85, L:/127.0.0.1:51851 - R:localhost/127.0.0.1:8083]}}, [request_sent])
15:53:13.989 [reactor-http-nio-47] DEBUG reactor.netty.resources.PooledConnectionProvider - [id: 0x7df89b85, L:/127.0.0.1:51851 - R:localhost/127.0.0.1:8083] Channel connected, now 141 active connections and 160 inactive connections
15:53:13.989 [reactor-http-nio-47] DEBUG reactor.netty.resources.PooledConnectionProvider - [id: 0xb30cfda6, L:/127.0.0.1:51864 - R:localhost/127.0.0.1:8083] Registering pool release on close event for channel
15:53:13.989 [reactor-http-nio-47] DEBUG reactor.netty.http.client.HttpClientConnect - [id: 0xb30cfda6, L:/127.0.0.1:51864 - R:localhost/127.0.0.1:8083] Handler is being applied: {uri=http://localhost:8083/userLocation?userId=2a47b186-6251-4098-81d0-0d82facb206d, method=GET}
15:53:13.989 [reactor-http-nio-47] DEBUG reactor.netty.resources.PooledConnectionProvider - [id: 0xb30cfda6, L:/127.0.0.1:51864 - R:localhost/127.0.0.1:8083] onStateChange(GET{uri=/userLocation?userId=2a47b186-6251-4098-81d0-0d82facb206d, connection=PooledConnection{channel=[id: 0xb30cfda6, L:/127.0.0.1:51864 - R:localhost/127.0.0.1:8083]}}, [request_sent])
15:53:13.990 [reactor-http-nio-47] DEBUG reactor.netty.resources.PooledConnectionProvider - [id: 0xb30cfda6, L:/127.0.0.1:51864 - R:localhost/127.0.0.1:8083] Channel connected, now 142 active connections and 159 inactive connections
15:53:13.990 [reactor-http-nio-47] DEBUG reactor.netty.resources.PooledConnectionProvider - [id: 0xd987e438, L:/127.0.0.1:51866 - R:localhost/127.0.0.1:8083] Registering pool release on close event for channel
15:53:13.990 [reactor-http-nio-47] DEBUG reactor.netty.http.client.HttpClientConnect - [id: 0xd987e438, L:/127.0.0.1:51866 - R:localhost/127.0.0.1:8083] Handler is being applied: {uri=http://localhost:8083/userLocation?userId=91bd1919-8565-44b1-9b6f-77a7a44f7646, method=GET}
15:53:13.991 [reactor-http-nio-47] DEBUG reactor.netty.resources.PooledConnectionProvider - [id: 0xd987e438, L:/127.0.0.1:51866 - R:localhost/127.0.0.1:8083] onStateChange(GET{uri=/userLocation?userId=91bd1919-8565-44b1-9b6f-77a7a44f7646, connection=PooledConnection{channel=[id: 0xd987e438, L:/127.0.0.1:51866 - R:localhost/127.0.0.1:8083]}}, [request_sent])
15:53:13.991 [reactor-http-nio-47] DEBUG reactor.netty.resources.PooledConnectionProvider - [id: 0xd987e438, L:/127.0.0.1:51866 - R:localhost/127.0.0.1:8083] Channel connected, now 143 active connections and 158 inactive connections
15:53:13.991 [reactor-http-nio-47] DEBUG reactor.netty.resources.PooledConnectionProvider - [id: 0x2891d552, L:/127.0.0.1:51862 - R:localhost/127.0.0.1:8083] Registering pool release on close event for channel
15:53:13.991 [reactor-http-nio-47] DEBUG reactor.netty.http.client.HttpClientConnect - [id: 0x2891d552, L:/127.0.0.1:51862 - R:localhost/127.0.0.1:8083] Handler is being applied: {uri=http://localhost:8083/userLocation?userId=3ec4fbe0-0dde-427c-9cd5-84402ced7c38, method=GET}
15:53:13.937 [reactor-http-nio-48] DEBUG reactor.netty.resources.PooledConnectionProvider - [id: 0xf56f4e45, L:/127.0.0.1:51950 - R:localhost/127.0.0.1:8083] Registering pool release on close event for channel
15:53:13.993 [reactor-http-nio-48] DEBUG reactor.netty.resources.PooledConnectionProvider - [id: 0xf56f4e45, L:/127.0.0.1:51950 - R:localhost/127.0.0.1:8083] Channel connected, now 144 active connections and 157 inactive connections
15:53:13.993 [reactor-http-nio-48] DEBUG reactor.netty.resources.PooledConnectionProvider - [id: 0xf56f4e45, L:/127.0.0.1:51950 - R:localhost/127.0.0.1:8083] onStateChange(PooledConnection{channel=[id: 0xf56f4e45, L:/127.0.0.1:51950 - R:localhost/127.0.0.1:8083]}, [connected])
15:53:13.993 [reactor-http-nio-48] DEBUG reactor.netty.resources.PooledConnectionProvider - [id: 0xf56f4e45, L:/127.0.0.1:51950 - R:localhost/127.0.0.1:8083] onStateChange(GET{uri=/, connection=PooledConnection{channel=[id: 0xf56f4e45, L:/127.0.0.1:51950 - R:localhost/127.0.0.1:8083]}}, [configured])
15:53:13.993 [reactor-http-nio-48] DEBUG reactor.netty.http.client.HttpClientConnect - [id: 0xf56f4e45, L:/127.0.0.1:51950 - R:localhost/127.0.0.1:8083] Handler is being applied: {uri=http://localhost:8083/userLocation?userId=27f9dd78-8eb6-400a-a18e-c3c94ddc3b69, method=GET}
15:53:13.994 [reactor-http-nio-48] DEBUG reactor.netty.resources.PooledConnectionProvider - [id: 0xf56f4e45, L:/127.0.0.1:51950 - R:localhost/127.0.0.1:8083] onStateChange(GET{uri=/userLocation?userId=27f9dd78-8eb6-400a-a18e-c3c94ddc3b69, connection=PooledConnection{channel=[id: 0xf56f4e45, L:/127.0.0.1:51950 - R:localhost/127.0.0.1:8083]}}, [request_sent])
15:53:13.996 [reactor-http-nio-48] DEBUG reactor.netty.resources.PooledConnectionProvider - [id: 0xbe2aba3e, L:/127.0.0.1:51951 - R:localhost/127.0.0.1:8083] onStateChange(PooledConnection{channel=[id: 0xbe2aba3e, L:/127.0.0.1:51951 - R:localhost/127.0.0.1:8083]}, [connected])
15:53:13.996 [reactor-http-nio-48] DEBUG reactor.netty.resources.PooledConnectionProvider - [id: 0xbe2aba3e, L:/127.0.0.1:51951 - R:localhost/127.0.0.1:8083] onStateChange(GET{uri=/, connection=PooledConnection{channel=[id: 0xbe2aba3e, L:/127.0.0.1:51951 - R:localhost/127.0.0.1:8083]}}, [configured])
15:53:13.996 [reactor-http-nio-48] DEBUG reactor.netty.resources.PooledConnectionProvider - [id: 0x03a75d7c, L:/127.0.0.1:51954 - R:localhost/127.0.0.1:8083] onStateChange(PooledConnection{channel=[id: 0x03a75d7c, L:/127.0.0.1:51954 - R:localhost/127.0.0.1:8083]}, [connected])
15:53:13.996 [reactor-http-nio-48] DEBUG reactor.netty.resources.PooledConnectionProvider - [id: 0x03a75d7c, L:/127.0.0.1:51954 - R:localhost/127.0.0.1:8083] onStateChange(GET{uri=/, connection=PooledConnection{channel=[id: 0x03a75d7c, L:/127.0.0.1:51954 - R:localhost/127.0.0.1:8083]}}, [configured])
15:53:13.996 [reactor-http-nio-48] DEBUG reactor.netty.resources.PooledConnectionProvider - [id: 0x6a1a0482, L:/127.0.0.1:51956 - R:localhost/127.0.0.1:8083] onStateChange(PooledConnection{channel=[id: 0x6a1a0482, L:/127.0.0.1:51956 - R:localhost/127.0.0.1:8083]}, [connected])
15:53:13.996 [reactor-http-nio-48] DEBUG reactor.netty.resources.PooledConnectionProvider - [id: 0x6a1a0482, L:/127.0.0.1:51956 - R:localhost/127.0.0.1:8083] onStateChange(GET{uri=/, connection=PooledConnection{channel=[id: 0x6a1a0482, L:/127.0.0.1:51956 - R:localhost/127.0.0.1:8083]}}, [configured])
15:53:13.996 [reactor-http-nio-48] DEBUG reactor.netty.resources.PooledConnectionProvider - [id: 0xce6ce1c7, L:/127.0.0.1:51962 - R:localhost/127.0.0.1:8083] Registering pool release on close event for channel
15:53:13.984 [reactor-http-nio-46] DEBUG reactor.netty.resources.PooledConnectionProvider - [id: 0x2579fbf5, L:/127.0.0.1:51828 - R:localhost/127.0.0.1:8083] onStateChange(GET{uri=/userLocation?userId=2a1be45a-3cae-483d-8741-ef5976ed0f2c, connection=PooledConnection{channel=[id: 0x2579fbf5, L:/127.0.0.1:51828 - R:localhost/127.0.0.1:8083]}}, [request_sent])
15:53:13.996 [reactor-http-nio-46] DEBUG reactor.netty.resources.PooledConnectionProvider - [id: 0x2579fbf5, L:/127.0.0.1:51828 - R:localhost/127.0.0.1:8083] Channel connected, now 145 active connections and 156 inactive connections
15:53:13.996 [reactor-http-nio-46] DEBUG reactor.netty.resources.PooledConnectionProvider - [id: 0x04ce75f7, L:/127.0.0.1:51730 - R:localhost/127.0.0.1:8083] Registering pool release on close event for channel
15:53:13.996 [reactor-http-nio-46] DEBUG reactor.netty.http.client.HttpClientConnect - [id: 0x04ce75f7, L:/127.0.0.1:51730 - R:localhost/127.0.0.1:8083] Handler is being applied: {uri=http://localhost:8083/userLocation?userId=5735eaef-6d4f-43eb-908b-ff5341a2a20a, method=GET}
15:53:13.988 [reactor-http-nio-41] DEBUG reactor.netty.resources.PooledConnectionProvider - [id: 0xb3555784, L:/127.0.0.1:51724 - R:localhost/127.0.0.1:8083] onStateChange(GET{uri=/userLocation?userId=25dee4df-d0c0-4031-aa5f-97b5303d7401, connection=PooledConnection{channel=[id: 0xb3555784, L:/127.0.0.1:51724 - R:localhost/127.0.0.1:8083]}}, [request_sent])
15:53:13.998 [reactor-http-nio-41] DEBUG reactor.netty.resources.PooledConnectionProvider - [id: 0xb3555784, L:/127.0.0.1:51724 - R:localhost/127.0.0.1:8083] Channel connected, now 146 active connections and 155 inactive connections
15:53:13.998 [reactor-http-nio-41] DEBUG reactor.netty.resources.PooledConnectionProvider - [id: 0x9badb85a, L:/127.0.0.1:51726 - R:localhost/127.0.0.1:8083] Registering pool release on close event for channel
15:53:13.998 [reactor-http-nio-46] DEBUG reactor.netty.resources.PooledConnectionProvider - [id: 0x04ce75f7, L:/127.0.0.1:51730 - R:localhost/127.0.0.1:8083] onStateChange(GET{uri=/userLocation?userId=5735eaef-6d4f-43eb-908b-ff5341a2a20a, connection=PooledConnection{channel=[id: 0x04ce75f7, L:/127.0.0.1:51730 - R:localhost/127.0.0.1:8083]}}, [request_sent])
15:53:13.998 [reactor-http-nio-41] DEBUG reactor.netty.http.client.HttpClientConnect - [id: 0x9badb85a, L:/127.0.0.1:51726 - R:localhost/127.0.0.1:8083] Handler is being applied: {uri=http://localhost:8083/userLocation?userId=0759ee05-6d95-4419-b3ad-2322d0318125, method=GET}
15:53:13.998 [reactor-http-nio-46] DEBUG reactor.netty.resources.PooledConnectionProvider - [id: 0x04ce75f7, L:/127.0.0.1:51730 - R:localhost/127.0.0.1:8083] Channel connected, now 147 active connections and 154 inactive connections
15:53:13.998 [reactor-http-nio-46] DEBUG reactor.netty.resources.PooledConnectionProvider - [id: 0x6eeffece, L:/127.0.0.1:51732 - R:localhost/127.0.0.1:8083] Registering pool release on close event for channel
15:53:13.998 [reactor-http-nio-46] DEBUG reactor.netty.http.client.HttpClientConnect - [id: 0x6eeffece, L:/127.0.0.1:51732 - R:localhost/127.0.0.1:8083] Handler is being applied: {uri=http://localhost:8083/userLocation?userId=91e276bf-8fe9-4138-969a-e4a51f035991, method=GET}
15:53:13.999 [reactor-http-nio-46] DEBUG reactor.netty.resources.PooledConnectionProvider - [id: 0x6eeffece, L:/127.0.0.1:51732 - R:localhost/127.0.0.1:8083] onStateChange(GET{uri=/userLocation?userId=91e276bf-8fe9-4138-969a-e4a51f035991, connection=PooledConnection{channel=[id: 0x6eeffece, L:/127.0.0.1:51732 - R:localhost/127.0.0.1:8083]}}, [request_sent])
15:53:13.999 [reactor-http-nio-46] DEBUG reactor.netty.resources.PooledConnectionProvider - [id: 0x6eeffece, L:/127.0.0.1:51732 - R:localhost/127.0.0.1:8083] Channel connected, now 148 active connections and 153 inactive connections
15:53:13.999 [reactor-http-nio-46] DEBUG reactor.netty.resources.PooledConnectionProvider - [id: 0x4be48215, L:/127.0.0.1:51749 - R:localhost/127.0.0.1:8083] Registering pool release on close event for channel
15:53:13.999 [reactor-http-nio-46] DEBUG reactor.netty.http.client.HttpClientConnect - [id: 0x4be48215, L:/127.0.0.1:51749 - R:localhost/127.0.0.1:8083] Handler is being applied: {uri=http://localhost:8083/userLocation?userId=de30c4f9-0c2e-4313-b1ec-d154aafc174c, method=GET}
15:53:13.993 [reactor-http-nio-47] DEBUG reactor.netty.resources.PooledConnectionProvider - [id: 0x2891d552, L:/127.0.0.1:51862 - R:localhost/127.0.0.1:8083] onStateChange(GET{uri=/userLocation?userId=3ec4fbe0-0dde-427c-9cd5-84402ced7c38, connection=PooledConnection{channel=[id: 0x2891d552, L:/127.0.0.1:51862 - R:localhost/127.0.0.1:8083]}}, [request_sent])
15:53:14.000 [reactor-http-nio-47] DEBUG reactor.netty.resources.PooledConnectionProvider - [id: 0x2891d552, L:/127.0.0.1:51862 - R:localhost/127.0.0.1:8083] Channel connected, now 149 active connections and 152 inactive connections
15:53:14.000 [reactor-http-nio-47] DEBUG reactor.netty.resources.PooledConnectionProvider - [id: 0x597600af, L:/127.0.0.1:51865 - R:localhost/127.0.0.1:8083] Registering pool release on close event for channel
15:53:14.000 [reactor-http-nio-47] DEBUG reactor.netty.http.client.HttpClientConnect - [id: 0x597600af, L:/127.0.0.1:51865 - R:localhost/127.0.0.1:8083] Handler is being applied: {uri=http://localhost:8083/userLocation?userId=13c6ceaf-0710-462f-8bc2-e2ac91fb1350, method=GET}
15:53:14.000 [reactor-http-nio-46] DEBUG reactor.netty.resources.PooledConnectionProvider - [id: 0x4be48215, L:/127.0.0.1:51749 - R:localhost/127.0.0.1:8083] onStateChange(GET{uri=/userLocation?userId=de30c4f9-0c2e-4313-b1ec-d154aafc174c, connection=PooledConnection{channel=[id: 0x4be48215, L:/127.0.0.1:51749 - R:localhost/127.0.0.1:8083]}}, [request_sent])
15:53:14.001 [reactor-http-nio-46] DEBUG reactor.netty.resources.PooledConnectionProvider - [id: 0x4be48215, L:/127.0.0.1:51749 - R:localhost/127.0.0.1:8083] Channel connected, now 150 active connections and 151 inactive connections
15:53:14.001 [reactor-http-nio-46] DEBUG reactor.netty.resources.PooledConnectionProvider - [id: 0xed2911bf, L:/127.0.0.1:51751 - R:localhost/127.0.0.1:8083] Registering pool release on close event for channel
15:53:14.001 [reactor-http-nio-46] DEBUG reactor.netty.http.client.HttpClientConnect - [id: 0xed2911bf, L:/127.0.0.1:51751 - R:localhost/127.0.0.1:8083] Handler is being applied: {uri=http://localhost:8083/userLocation?userId=7eb57187-2499-4fcb-adcb-1990d1edbc40, method=GET}
15:53:14.002 [reactor-http-nio-47] DEBUG reactor.netty.resources.PooledConnectionProvider - [id: 0x597600af, L:/127.0.0.1:51865 - R:localhost/127.0.0.1:8083] onStateChange(GET{uri=/userLocation?userId=13c6ceaf-0710-462f-8bc2-e2ac91fb1350, connection=PooledConnection{channel=[id: 0x597600af, L:/127.0.0.1:51865 - R:localhost/127.0.0.1:8083]}}, [request_sent])
15:53:14.002 [reactor-http-nio-47] DEBUG reactor.netty.resources.PooledConnectionProvider - [id: 0x597600af, L:/127.0.0.1:51865 - R:localhost/127.0.0.1:8083] Channel connected, now 151 active connections and 150 inactive connections
15:53:14.002 [reactor-http-nio-47] DEBUG reactor.netty.resources.PooledConnectionProvider - [id: 0xb5cdea8a, L:/127.0.0.1:51872 - R:localhost/127.0.0.1:8083] Registering pool release on close event for channel
15:53:14.002 [reactor-http-nio-47] DEBUG reactor.netty.http.client.HttpClientConnect - [id: 0xb5cdea8a, L:/127.0.0.1:51872 - R:localhost/127.0.0.1:8083] Handler is being applied: {uri=http://localhost:8083/userLocation?userId=f9382d8e-4800-479b-8f04-b7bc83467483, method=GET}
15:53:13.999 [reactor-http-nio-41] DEBUG reactor.netty.resources.PooledConnectionProvider - [id: 0x9badb85a, L:/127.0.0.1:51726 - R:localhost/127.0.0.1:8083] onStateChange(GET{uri=/userLocation?userId=0759ee05-6d95-4419-b3ad-2322d0318125, connection=PooledConnection{channel=[id: 0x9badb85a, L:/127.0.0.1:51726 - R:localhost/127.0.0.1:8083]}}, [request_sent])
15:53:14.002 [reactor-http-nio-41] DEBUG reactor.netty.resources.PooledConnectionProvider - [id: 0x9badb85a, L:/127.0.0.1:51726 - R:localhost/127.0.0.1:8083] Channel connected, now 152 active connections and 149 inactive connections
15:53:14.003 [reactor-http-nio-46] DEBUG reactor.netty.resources.PooledConnectionProvider - [id: 0xed2911bf, L:/127.0.0.1:51751 - R:localhost/127.0.0.1:8083] onStateChange(GET{uri=/userLocation?userId=7eb57187-2499-4fcb-adcb-1990d1edbc40, connection=PooledConnection{channel=[id: 0xed2911bf, L:/127.0.0.1:51751 - R:localhost/127.0.0.1:8083]}}, [request_sent])
15:53:14.003 [reactor-http-nio-46] DEBUG reactor.netty.resources.PooledConnectionProvider - [id: 0xed2911bf, L:/127.0.0.1:51751 - R:localhost/127.0.0.1:8083] Channel connected, now 153 active connections and 149 inactive connections
15:53:14.003 [reactor-http-nio-46] DEBUG reactor.netty.resources.PooledConnectionProvider - [id: 0xad1ee2d1, L:/127.0.0.1:51756 - R:localhost/127.0.0.1:8083] Registering pool release on close event for channel
15:53:14.003 [reactor-http-nio-46] DEBUG reactor.netty.http.client.HttpClientConnect - [id: 0xad1ee2d1, L:/127.0.0.1:51756 - R:localhost/127.0.0.1:8083] Handler is being applied: {uri=http://localhost:8083/userLocation?userId=fe67373d-7a3d-44dc-9cb4-d00e0b09cf29, method=GET}
15:53:14.004 [reactor-http-nio-41] DEBUG reactor.netty.resources.PooledConnectionProvider - [id: 0xe144b806, L:/127.0.0.1:51710 - R:localhost/127.0.0.1:8083] Registering pool release on close event for channel
15:53:14.004 [reactor-http-nio-41] DEBUG reactor.netty.http.client.HttpClientConnect - [id: 0xe144b806, L:/127.0.0.1:51710 - R:localhost/127.0.0.1:8083] Handler is being applied: {uri=http://localhost:8083/userLocation?userId=7162a0db-4941-4472-9030-80aab7bcd1ce, method=GET}
15:53:14.005 [reactor-http-nio-46] DEBUG reactor.netty.resources.PooledConnectionProvider - [id: 0xad1ee2d1, L:/127.0.0.1:51756 - R:localhost/127.0.0.1:8083] onStateChange(GET{uri=/userLocation?userId=fe67373d-7a3d-44dc-9cb4-d00e0b09cf29, connection=PooledConnection{channel=[id: 0xad1ee2d1, L:/127.0.0.1:51756 - R:localhost/127.0.0.1:8083]}}, [request_sent])
15:53:14.005 [reactor-http-nio-46] DEBUG reactor.netty.resources.PooledConnectionProvider - [id: 0xad1ee2d1, L:/127.0.0.1:51756 - R:localhost/127.0.0.1:8083] Channel connected, now 154 active connections and 147 inactive connections
15:53:14.005 [reactor-http-nio-46] DEBUG reactor.netty.resources.PooledConnectionProvider - [id: 0x0c7165ed, L:/127.0.0.1:51765 - R:localhost/127.0.0.1:8083] Registering pool release on close event for channel
15:53:14.005 [reactor-http-nio-47] DEBUG reactor.netty.resources.PooledConnectionProvider - [id: 0xb5cdea8a, L:/127.0.0.1:51872 - R:localhost/127.0.0.1:8083] onStateChange(GET{uri=/userLocation?userId=f9382d8e-4800-479b-8f04-b7bc83467483, connection=PooledConnection{channel=[id: 0xb5cdea8a, L:/127.0.0.1:51872 - R:localhost/127.0.0.1:8083]}}, [request_sent])
15:53:14.005 [reactor-http-nio-47] DEBUG reactor.netty.resources.PooledConnectionProvider - [id: 0xb5cdea8a, L:/127.0.0.1:51872 - R:localhost/127.0.0.1:8083] Channel connected, now 155 active connections and 146 inactive connections
15:53:14.005 [reactor-http-nio-47] DEBUG reactor.netty.resources.PooledConnectionProvider - [id: 0x55d1ef56, L:/127.0.0.1:51877 - R:localhost/127.0.0.1:8083] Registering pool release on close event for channel
15:53:14.005 [reactor-http-nio-47] DEBUG reactor.netty.http.client.HttpClientConnect - [id: 0x55d1ef56, L:/127.0.0.1:51877 - R:localhost/127.0.0.1:8083] Handler is being applied: {uri=http://localhost:8083/userLocation?userId=77090ab4-0160-4313-ab32-4e78cf9de773, method=GET}
15:53:14.006 [reactor-http-nio-41] DEBUG reactor.netty.resources.PooledConnectionProvider - [id: 0xe144b806, L:/127.0.0.1:51710 - R:localhost/127.0.0.1:8083] onStateChange(GET{uri=/userLocation?userId=7162a0db-4941-4472-9030-80aab7bcd1ce, connection=PooledConnection{channel=[id: 0xe144b806, L:/127.0.0.1:51710 - R:localhost/127.0.0.1:8083]}}, [request_sent])
15:53:14.006 [reactor-http-nio-47] DEBUG reactor.netty.resources.PooledConnectionProvider - [id: 0x55d1ef56, L:/127.0.0.1:51877 - R:localhost/127.0.0.1:8083] onStateChange(GET{uri=/userLocation?userId=77090ab4-0160-4313-ab32-4e78cf9de773, connection=PooledConnection{channel=[id: 0x55d1ef56, L:/127.0.0.1:51877 - R:localhost/127.0.0.1:8083]}}, [request_sent])
15:53:14.006 [reactor-http-nio-41] DEBUG reactor.netty.resources.PooledConnectionProvider - [id: 0xe144b806, L:/127.0.0.1:51710 - R:localhost/127.0.0.1:8083] Channel connected, now 156 active connections and 145 inactive connections
15:53:14.006 [reactor-http-nio-47] DEBUG reactor.netty.resources.PooledConnectionProvider - [id: 0x55d1ef56, L:/127.0.0.1:51877 - R:localhost/127.0.0.1:8083] Channel connected, now 156 active connections and 145 inactive connections
15:53:14.006 [reactor-http-nio-41] DEBUG reactor.netty.resources.PooledConnectionProvider - [id: 0xb6e13b25, L:/127.0.0.1:51714 - R:localhost/127.0.0.1:8083] Registering pool release on close event for channel
15:53:14.006 [reactor-http-nio-41] DEBUG reactor.netty.http.client.HttpClientConnect - [id: 0xb6e13b25, L:/127.0.0.1:51714 - R:localhost/127.0.0.1:8083] Handler is being applied: {uri=http://localhost:8083/userLocation?userId=1a461332-fc9e-4e85-89a3-4f0117cbcc9e, method=GET}
15:53:13.996 [reactor-http-nio-48] DEBUG reactor.netty.resources.PooledConnectionProvider - [id: 0xce6ce1c7, L:/127.0.0.1:51962 - R:localhost/127.0.0.1:8083] Channel connected, now 145 active connections and 156 inactive connections
15:53:14.008 [reactor-http-nio-48] DEBUG reactor.netty.resources.PooledConnectionProvider - [id: 0xce6ce1c7, L:/127.0.0.1:51962 - R:localhost/127.0.0.1:8083] onStateChange(PooledConnection{channel=[id: 0xce6ce1c7, L:/127.0.0.1:51962 - R:localhost/127.0.0.1:8083]}, [connected])
15:53:14.008 [reactor-http-nio-41] DEBUG reactor.netty.resources.PooledConnectionProvider - [id: 0xb6e13b25, L:/127.0.0.1:51714 - R:localhost/127.0.0.1:8083] onStateChange(GET{uri=/userLocation?userId=1a461332-fc9e-4e85-89a3-4f0117cbcc9e, connection=PooledConnection{channel=[id: 0xb6e13b25, L:/127.0.0.1:51714 - R:localhost/127.0.0.1:8083]}}, [request_sent])
15:53:14.009 [reactor-http-nio-41] DEBUG reactor.netty.resources.PooledConnectionProvider - [id: 0xb6e13b25, L:/127.0.0.1:51714 - R:localhost/127.0.0.1:8083] Channel connected, now 158 active connections and 143 inactive connections
15:53:14.005 [reactor-http-nio-46] DEBUG reactor.netty.http.client.HttpClientConnect - [id: 0x0c7165ed, L:/127.0.0.1:51765 - R:localhost/127.0.0.1:8083] Handler is being applied: {uri=http://localhost:8083/userLocation?userId=14c04e9f-c545-4371-b2af-25d9313b93dc, method=GET}
15:53:14.009 [reactor-http-nio-41] DEBUG reactor.netty.resources.PooledConnectionProvider - [id: 0x9cec33d8, L:/127.0.0.1:51722 - R:localhost/127.0.0.1:8083] Registering pool release on close event for channel
15:53:14.009 [reactor-http-nio-41] DEBUG reactor.netty.http.client.HttpClientConnect - [id: 0x9cec33d8, L:/127.0.0.1:51722 - R:localhost/127.0.0.1:8083] Handler is being applied: {uri=http://localhost:8083/userLocation?userId=5d857e3f-c73f-4a71-b917-898328a82d40, method=GET}
15:53:14.006 [reactor-http-nio-47] DEBUG reactor.netty.resources.PooledConnectionProvider - [id: 0xa6138326, L:/127.0.0.1:51881 - R:localhost/127.0.0.1:8083] Registering pool release on close event for channel
15:53:14.010 [reactor-http-nio-46] DEBUG reactor.netty.resources.PooledConnectionProvider - [id: 0x0c7165ed, L:/127.0.0.1:51765 - R:localhost/127.0.0.1:8083] onStateChange(GET{uri=/userLocation?userId=14c04e9f-c545-4371-b2af-25d9313b93dc, connection=PooledConnection{channel=[id: 0x0c7165ed, L:/127.0.0.1:51765 - R:localhost/127.0.0.1:8083]}}, [request_sent])
15:53:14.010 [reactor-http-nio-46] DEBUG reactor.netty.resources.PooledConnectionProvider - [id: 0x0c7165ed, L:/127.0.0.1:51765 - R:localhost/127.0.0.1:8083] Channel connected, now 159 active connections and 142 inactive connections
15:53:14.012 [reactor-http-nio-46] DEBUG reactor.netty.resources.PooledConnectionProvider - [id: 0x940aa9d2, L:/127.0.0.1:51728 - R:localhost/127.0.0.1:8083] Registering pool release on close event for channel
15:53:14.008 [reactor-http-nio-48] DEBUG reactor.netty.resources.PooledConnectionProvider - [id: 0xce6ce1c7, L:/127.0.0.1:51962 - R:localhost/127.0.0.1:8083] onStateChange(GET{uri=/, connection=PooledConnection{channel=[id: 0xce6ce1c7, L:/127.0.0.1:51962 - R:localhost/127.0.0.1:8083]}}, [configured])
15:53:14.012 [reactor-http-nio-48] DEBUG reactor.netty.http.client.HttpClientConnect - [id: 0xce6ce1c7, L:/127.0.0.1:51962 - R:localhost/127.0.0.1:8083] Handler is being applied: {uri=http://localhost:8083/userLocation?userId=f1a54c71-142b-4534-9113-5f5f1ae30e36, method=GET}
15:53:14.012 [reactor-http-nio-46] DEBUG reactor.netty.http.client.HttpClientConnect - [id: 0x940aa9d2, L:/127.0.0.1:51728 - R:localhost/127.0.0.1:8083] Handler is being applied: {uri=http://localhost:8083/userLocation?userId=2f2a5659-c7d4-4513-b5ff-f94b8cabfa65, method=GET}
15:53:14.012 [reactor-http-nio-46] DEBUG reactor.netty.resources.PooledConnectionProvider - [id: 0x940aa9d2, L:/127.0.0.1:51728 - R:localhost/127.0.0.1:8083] onStateChange(GET{uri=/userLocation?userId=2f2a5659-c7d4-4513-b5ff-f94b8cabfa65, connection=PooledConnection{channel=[id: 0x940aa9d2, L:/127.0.0.1:51728 - R:localhost/127.0.0.1:8083]}}, [request_sent])
15:53:14.012 [reactor-http-nio-46] DEBUG reactor.netty.resources.PooledConnectionProvider - [id: 0x940aa9d2, L:/127.0.0.1:51728 - R:localhost/127.0.0.1:8083] Channel connected, now 160 active connections and 141 inactive connections
15:53:14.012 [reactor-http-nio-46] DEBUG reactor.netty.resources.PooledConnectionProvider - [id: 0xef0e1454, L:/127.0.0.1:51744 - R:localhost/127.0.0.1:8083] Registering pool release on close event for channel
15:53:14.012 [reactor-http-nio-46] DEBUG reactor.netty.http.client.HttpClientConnect - [id: 0xef0e1454, L:/127.0.0.1:51744 - R:localhost/127.0.0.1:8083] Handler is being applied: {uri=http://localhost:8083/userLocation?userId=086ff253-59e1-45ed-9f0b-90e96da74140, method=GET}
15:53:14.013 [reactor-http-nio-48] DEBUG reactor.netty.resources.PooledConnectionProvider - [id: 0xce6ce1c7, L:/127.0.0.1:51962 - R:localhost/127.0.0.1:8083] onStateChange(GET{uri=/userLocation?userId=f1a54c71-142b-4534-9113-5f5f1ae30e36, connection=PooledConnection{channel=[id: 0xce6ce1c7, L:/127.0.0.1:51962 - R:localhost/127.0.0.1:8083]}}, [request_sent])
15:53:14.013 [reactor-http-nio-48] DEBUG reactor.netty.resources.PooledConnectionProvider - [id: 0x2539c881, L:/127.0.0.1:51963 - R:localhost/127.0.0.1:8083] Registering pool release on close event for channel
15:53:14.013 [reactor-http-nio-48] DEBUG reactor.netty.resources.PooledConnectionProvider - [id: 0x2539c881, L:/127.0.0.1:51963 - R:localhost/127.0.0.1:8083] Channel connected, now 162 active connections and 139 inactive connections
15:53:14.013 [reactor-http-nio-48] DEBUG reactor.netty.resources.PooledConnectionProvider - [id: 0x2539c881, L:/127.0.0.1:51963 - R:localhost/127.0.0.1:8083] onStateChange(PooledConnection{channel=[id: 0x2539c881, L:/127.0.0.1:51963 - R:localhost/127.0.0.1:8083]}, [connected])
15:53:14.013 [reactor-http-nio-48] DEBUG reactor.netty.resources.PooledConnectionProvider - [id: 0x2539c881, L:/127.0.0.1:51963 - R:localhost/127.0.0.1:8083] onStateChange(GET{uri=/, connection=PooledConnection{channel=[id: 0x2539c881, L:/127.0.0.1:51963 - R:localhost/127.0.0.1:8083]}}, [configured])
15:53:14.014 [reactor-http-nio-48] DEBUG reactor.netty.http.client.HttpClientConnect - [id: 0x2539c881, L:/127.0.0.1:51963 - R:localhost/127.0.0.1:8083] Handler is being applied: {uri=http://localhost:8083/userLocation?userId=880559bb-3b50-40c2-96ea-bd541dc11f0b, method=GET}
15:53:14.010 [reactor-http-nio-47] DEBUG reactor.netty.http.client.HttpClientConnect - [id: 0xa6138326, L:/127.0.0.1:51881 - R:localhost/127.0.0.1:8083] Handler is being applied: {uri=http://localhost:8083/userLocation?userId=3a128795-52ee-44f2-8988-44f054b718ac, method=GET}
15:53:14.014 [reactor-http-nio-46] DEBUG reactor.netty.resources.PooledConnectionProvider - [id: 0xef0e1454, L:/127.0.0.1:51744 - R:localhost/127.0.0.1:8083] onStateChange(GET{uri=/userLocation?userId=086ff253-59e1-45ed-9f0b-90e96da74140, connection=PooledConnection{channel=[id: 0xef0e1454, L:/127.0.0.1:51744 - R:localhost/127.0.0.1:8083]}}, [request_sent])
15:53:14.014 [reactor-http-nio-46] DEBUG reactor.netty.resources.PooledConnectionProvider - [id: 0xef0e1454, L:/127.0.0.1:51744 - R:localhost/127.0.0.1:8083] Channel connected, now 162 active connections and 139 inactive connections
15:53:14.014 [reactor-http-nio-46] DEBUG reactor.netty.resources.PooledConnectionProvider - [id: 0x235f3a5b, L:/127.0.0.1:51771 - R:localhost/127.0.0.1:8083] Registering pool release on close event for channel
15:53:14.014 [reactor-http-nio-46] DEBUG reactor.netty.http.client.HttpClientConnect - [id: 0x235f3a5b, L:/127.0.0.1:51771 - R:localhost/127.0.0.1:8083] Handler is being applied: {uri=http://localhost:8083/userLocation?userId=00cf5a30-6cd1-4d44-93b7-bc03c58de78c, method=GET}
15:53:14.014 [reactor-http-nio-48] DEBUG reactor.netty.resources.PooledConnectionProvider - [id: 0x2539c881, L:/127.0.0.1:51963 - R:localhost/127.0.0.1:8083] onStateChange(GET{uri=/userLocation?userId=880559bb-3b50-40c2-96ea-bd541dc11f0b, connection=PooledConnection{channel=[id: 0x2539c881, L:/127.0.0.1:51963 - R:localhost/127.0.0.1:8083]}}, [request_sent])
15:53:14.015 [reactor-http-nio-48] DEBUG reactor.netty.resources.PooledConnectionProvider - [id: 0xed116a68, L:/127.0.0.1:51964 - R:localhost/127.0.0.1:8083] Registering pool release on close event for channel
15:53:14.015 [reactor-http-nio-48] DEBUG reactor.netty.resources.PooledConnectionProvider - [id: 0xed116a68, L:/127.0.0.1:51964 - R:localhost/127.0.0.1:8083] Channel connected, now 164 active connections and 137 inactive connections
15:53:14.015 [reactor-http-nio-48] DEBUG reactor.netty.resources.PooledConnectionProvider - [id: 0xed116a68, L:/127.0.0.1:51964 - R:localhost/127.0.0.1:8083] onStateChange(PooledConnection{channel=[id: 0xed116a68, L:/127.0.0.1:51964 - R:localhost/127.0.0.1:8083]}, [connected])
15:53:14.015 [reactor-http-nio-48] DEBUG reactor.netty.resources.PooledConnectionProvider - [id: 0xed116a68, L:/127.0.0.1:51964 - R:localhost/127.0.0.1:8083] onStateChange(GET{uri=/, connection=PooledConnection{channel=[id: 0xed116a68, L:/127.0.0.1:51964 - R:localhost/127.0.0.1:8083]}}, [configured])
15:53:14.015 [reactor-http-nio-48] DEBUG reactor.netty.http.client.HttpClientConnect - [id: 0xed116a68, L:/127.0.0.1:51964 - R:localhost/127.0.0.1:8083] Handler is being applied: {uri=http://localhost:8083/userLocation?userId=8ed54952-4f9e-4c47-84c1-d9ce7808a34e, method=GET}
15:53:14.017 [reactor-http-nio-48] DEBUG reactor.netty.resources.PooledConnectionProvider - [id: 0xed116a68, L:/127.0.0.1:51964 - R:localhost/127.0.0.1:8083] onStateChange(GET{uri=/userLocation?userId=8ed54952-4f9e-4c47-84c1-d9ce7808a34e, connection=PooledConnection{channel=[id: 0xed116a68, L:/127.0.0.1:51964 - R:localhost/127.0.0.1:8083]}}, [request_sent])
15:53:14.017 [reactor-http-nio-48] DEBUG reactor.netty.resources.PooledConnectionProvider - [id: 0xf514f1ff, L:/127.0.0.1:51965 - R:localhost/127.0.0.1:8083] onStateChange(PooledConnection{channel=[id: 0xf514f1ff, L:/127.0.0.1:51965 - R:localhost/127.0.0.1:8083]}, [connected])
15:53:14.017 [reactor-http-nio-48] DEBUG reactor.netty.resources.PooledConnectionProvider - [id: 0xf514f1ff, L:/127.0.0.1:51965 - R:localhost/127.0.0.1:8083] onStateChange(GET{uri=/, connection=PooledConnection{channel=[id: 0xf514f1ff, L:/127.0.0.1:51965 - R:localhost/127.0.0.1:8083]}}, [configured])
15:53:14.017 [reactor-http-nio-48] DEBUG reactor.netty.resources.PooledConnectionProvider - [id: 0xb736888f, L:/127.0.0.1:51970 - R:localhost/127.0.0.1:8083] onStateChange(PooledConnection{channel=[id: 0xb736888f, L:/127.0.0.1:51970 - R:localhost/127.0.0.1:8083]}, [connected])
15:53:14.017 [reactor-http-nio-48] DEBUG reactor.netty.resources.PooledConnectionProvider - [id: 0xb736888f, L:/127.0.0.1:51970 - R:localhost/127.0.0.1:8083] onStateChange(GET{uri=/, connection=PooledConnection{channel=[id: 0xb736888f, L:/127.0.0.1:51970 - R:localhost/127.0.0.1:8083]}}, [configured])
15:53:14.017 [reactor-http-nio-48] DEBUG reactor.netty.resources.PooledConnectionProvider - [id: 0x4cd11612, L:/127.0.0.1:51971 - R:localhost/127.0.0.1:8083] onStateChange(PooledConnection{channel=[id: 0x4cd11612, L:/127.0.0.1:51971 - R:localhost/127.0.0.1:8083]}, [connected])
15:53:14.017 [reactor-http-nio-48] DEBUG reactor.netty.resources.PooledConnectionProvider - [id: 0x4cd11612, L:/127.0.0.1:51971 - R:localhost/127.0.0.1:8083] onStateChange(GET{uri=/, connection=PooledConnection{channel=[id: 0x4cd11612, L:/127.0.0.1:51971 - R:localhost/127.0.0.1:8083]}}, [configured])
15:53:14.017 [reactor-http-nio-48] DEBUG reactor.netty.resources.PooledConnectionProvider - [id: 0x6c9d2faf, L:/127.0.0.1:51972 - R:localhost/127.0.0.1:8083] Registering pool release on close event for channel
15:53:14.018 [reactor-http-nio-48] DEBUG reactor.netty.resources.PooledConnectionProvider - [id: 0x6c9d2faf, L:/127.0.0.1:51972 - R:localhost/127.0.0.1:8083] Channel connected, now 165 active connections and 136 inactive connections
15:53:14.018 [reactor-http-nio-48] DEBUG reactor.netty.resources.PooledConnectionProvider - [id: 0x6c9d2faf, L:/127.0.0.1:51972 - R:localhost/127.0.0.1:8083] onStateChange(PooledConnection{channel=[id: 0x6c9d2faf, L:/127.0.0.1:51972 - R:localhost/127.0.0.1:8083]}, [connected])
15:53:14.018 [reactor-http-nio-48] DEBUG reactor.netty.resources.PooledConnectionProvider - [id: 0x6c9d2faf, L:/127.0.0.1:51972 - R:localhost/127.0.0.1:8083] onStateChange(GET{uri=/, connection=PooledConnection{channel=[id: 0x6c9d2faf, L:/127.0.0.1:51972 - R:localhost/127.0.0.1:8083]}}, [configured])
15:53:14.018 [reactor-http-nio-48] DEBUG reactor.netty.http.client.HttpClientConnect - [id: 0x6c9d2faf, L:/127.0.0.1:51972 - R:localhost/127.0.0.1:8083] Handler is being applied: {uri=http://localhost:8083/userLocation?userId=659fcc0d-e941-4475-9648-9f56f400c4c7, method=GET}
15:53:14.019 [reactor-http-nio-48] DEBUG reactor.netty.resources.PooledConnectionProvider - [id: 0x6c9d2faf, L:/127.0.0.1:51972 - R:localhost/127.0.0.1:8083] onStateChange(GET{uri=/userLocation?userId=659fcc0d-e941-4475-9648-9f56f400c4c7, connection=PooledConnection{channel=[id: 0x6c9d2faf, L:/127.0.0.1:51972 - R:localhost/127.0.0.1:8083]}}, [request_sent])
15:53:14.019 [reactor-http-nio-48] DEBUG reactor.netty.resources.PooledConnectionProvider - [id: 0x3f7d5ef0, L:/127.0.0.1:51973 - R:localhost/127.0.0.1:8083] onStateChange(PooledConnection{channel=[id: 0x3f7d5ef0, L:/127.0.0.1:51973 - R:localhost/127.0.0.1:8083]}, [connected])
15:53:14.019 [reactor-http-nio-48] DEBUG reactor.netty.resources.PooledConnectionProvider - [id: 0x3f7d5ef0, L:/127.0.0.1:51973 - R:localhost/127.0.0.1:8083] onStateChange(GET{uri=/, connection=PooledConnection{channel=[id: 0x3f7d5ef0, L:/127.0.0.1:51973 - R:localhost/127.0.0.1:8083]}}, [configured])
15:53:14.019 [reactor-http-nio-48] DEBUG reactor.netty.resources.PooledConnectionProvider - [id: 0xc9744fd6, L:/127.0.0.1:51978 - R:localhost/127.0.0.1:8083] onStateChange(PooledConnection{channel=[id: 0xc9744fd6, L:/127.0.0.1:51978 - R:localhost/127.0.0.1:8083]}, [connected])
15:53:14.020 [reactor-http-nio-48] DEBUG reactor.netty.resources.PooledConnectionProvider - [id: 0xc9744fd6, L:/127.0.0.1:51978 - R:localhost/127.0.0.1:8083] onStateChange(GET{uri=/, connection=PooledConnection{channel=[id: 0xc9744fd6, L:/127.0.0.1:51978 - R:localhost/127.0.0.1:8083]}}, [configured])
15:53:14.020 [reactor-http-nio-48] DEBUG reactor.netty.resources.PooledConnectionProvider - [id: 0xbf312382, L:/127.0.0.1:51979 - R:localhost/127.0.0.1:8083] onStateChange(PooledConnection{channel=[id: 0xbf312382, L:/127.0.0.1:51979 - R:localhost/127.0.0.1:8083]}, [connected])
15:53:14.020 [reactor-http-nio-48] DEBUG reactor.netty.resources.PooledConnectionProvider - [id: 0xbf312382, L:/127.0.0.1:51979 - R:localhost/127.0.0.1:8083] onStateChange(GET{uri=/, connection=PooledConnection{channel=[id: 0xbf312382, L:/127.0.0.1:51979 - R:localhost/127.0.0.1:8083]}}, [configured])
15:53:14.020 [reactor-http-nio-48] DEBUG reactor.netty.resources.PooledConnectionProvider - [id: 0x735db106, L:/127.0.0.1:51888 - R:localhost/127.0.0.1:8083] Registering pool release on close event for channel
15:53:14.020 [reactor-http-nio-48] DEBUG reactor.netty.http.client.HttpClientConnect - [id: 0x735db106, L:/127.0.0.1:51888 - R:localhost/127.0.0.1:8083] Handler is being applied: {uri=http://localhost:8083/userLocation?userId=5ae50876-0f88-4653-8652-0711d4c15c82, method=GET}
15:53:14.021 [reactor-http-nio-48] DEBUG reactor.netty.resources.PooledConnectionProvider - [id: 0x735db106, L:/127.0.0.1:51888 - R:localhost/127.0.0.1:8083] onStateChange(GET{uri=/userLocation?userId=5ae50876-0f88-4653-8652-0711d4c15c82, connection=PooledConnection{channel=[id: 0x735db106, L:/127.0.0.1:51888 - R:localhost/127.0.0.1:8083]}}, [request_sent])
15:53:14.021 [reactor-http-nio-48] DEBUG reactor.netty.resources.PooledConnectionProvider - [id: 0x735db106, L:/127.0.0.1:51888 - R:localhost/127.0.0.1:8083] Channel connected, now 166 active connections and 135 inactive connections
15:53:14.021 [reactor-http-nio-48] DEBUG reactor.netty.resources.PooledConnectionProvider - [id: 0xe14cc15c, L:/127.0.0.1:51896 - R:localhost/127.0.0.1:8083] Registering pool release on close event for channel
15:53:14.021 [reactor-http-nio-48] DEBUG reactor.netty.http.client.HttpClientConnect - [id: 0xe14cc15c, L:/127.0.0.1:51896 - R:localhost/127.0.0.1:8083] Handler is being applied: {uri=http://localhost:8083/userLocation?userId=f1a54c71-142b-4534-9113-5f5f1ae30e36, method=GET}
15:53:14.022 [reactor-http-nio-48] DEBUG reactor.netty.resources.PooledConnectionProvider - [id: 0xe14cc15c, L:/127.0.0.1:51896 - R:localhost/127.0.0.1:8083] onStateChange(GET{uri=/userLocation?userId=f1a54c71-142b-4534-9113-5f5f1ae30e36, connection=PooledConnection{channel=[id: 0xe14cc15c, L:/127.0.0.1:51896 - R:localhost/127.0.0.1:8083]}}, [request_sent])
15:53:14.023 [reactor-http-nio-48] DEBUG reactor.netty.resources.PooledConnectionProvider - [id: 0xe14cc15c, L:/127.0.0.1:51896 - R:localhost/127.0.0.1:8083] Channel connected, now 167 active connections and 134 inactive connections
15:53:14.023 [reactor-http-nio-48] DEBUG reactor.netty.resources.PooledConnectionProvider - [id: 0xb033e5eb, L:/127.0.0.1:51933 - R:localhost/127.0.0.1:8083] Registering pool release on close event for channel
15:53:14.023 [reactor-http-nio-48] DEBUG reactor.netty.http.client.HttpClientConnect - [id: 0xb033e5eb, L:/127.0.0.1:51933 - R:localhost/127.0.0.1:8083] Handler is being applied: {uri=http://localhost:8083/userLocation?userId=9b69196d-837d-4bdc-9692-cd6b54850db0, method=GET}
15:53:14.024 [reactor-http-nio-48] DEBUG reactor.netty.resources.PooledConnectionProvider - [id: 0xb033e5eb, L:/127.0.0.1:51933 - R:localhost/127.0.0.1:8083] onStateChange(GET{uri=/userLocation?userId=9b69196d-837d-4bdc-9692-cd6b54850db0, connection=PooledConnection{channel=[id: 0xb033e5eb, L:/127.0.0.1:51933 - R:localhost/127.0.0.1:8083]}}, [request_sent])
15:53:14.024 [reactor-http-nio-48] DEBUG reactor.netty.resources.PooledConnectionProvider - [id: 0xb033e5eb, L:/127.0.0.1:51933 - R:localhost/127.0.0.1:8083] Channel connected, now 168 active connections and 133 inactive connections
15:53:14.024 [reactor-http-nio-48] DEBUG reactor.netty.resources.PooledConnectionProvider - [id: 0xf2727193, L:/127.0.0.1:51969 - R:localhost/127.0.0.1:8083] Registering pool release on close event for channel
15:53:14.024 [reactor-http-nio-48] DEBUG reactor.netty.http.client.HttpClientConnect - [id: 0xf2727193, L:/127.0.0.1:51969 - R:localhost/127.0.0.1:8083] Handler is being applied: {uri=http://localhost:8083/userLocation?userId=d0d602a8-05ff-400c-a4ae-e6ef4dc149d4, method=GET}
15:53:14.025 [reactor-http-nio-48] DEBUG reactor.netty.resources.PooledConnectionProvider - [id: 0xf2727193, L:/127.0.0.1:51969 - R:localhost/127.0.0.1:8083] onStateChange(GET{uri=/userLocation?userId=d0d602a8-05ff-400c-a4ae-e6ef4dc149d4, connection=PooledConnection{channel=[id: 0xf2727193, L:/127.0.0.1:51969 - R:localhost/127.0.0.1:8083]}}, [request_sent])
15:53:14.025 [reactor-http-nio-48] DEBUG reactor.netty.resources.PooledConnectionProvider - [id: 0xf2727193, L:/127.0.0.1:51969 - R:localhost/127.0.0.1:8083] Channel connected, now 169 active connections and 132 inactive connections
15:53:14.025 [reactor-http-nio-48] DEBUG reactor.netty.resources.PooledConnectionProvider - [id: 0xc3839908, L:/127.0.0.1:51914 - R:localhost/127.0.0.1:8083] Registering pool release on close event for channel
15:53:14.026 [reactor-http-nio-48] DEBUG reactor.netty.http.client.HttpClientConnect - [id: 0xc3839908, L:/127.0.0.1:51914 - R:localhost/127.0.0.1:8083] Handler is being applied: {uri=http://localhost:8083/userLocation?userId=8ed54952-4f9e-4c47-84c1-d9ce7808a34e, method=GET}
15:53:14.028 [reactor-http-nio-48] DEBUG reactor.netty.resources.PooledConnectionProvider - [id: 0xc3839908, L:/127.0.0.1:51914 - R:localhost/127.0.0.1:8083] onStateChange(GET{uri=/userLocation?userId=8ed54952-4f9e-4c47-84c1-d9ce7808a34e, connection=PooledConnection{channel=[id: 0xc3839908, L:/127.0.0.1:51914 - R:localhost/127.0.0.1:8083]}}, [request_sent])
15:53:14.028 [reactor-http-nio-48] DEBUG reactor.netty.resources.PooledConnectionProvider - [id: 0xc3839908, L:/127.0.0.1:51914 - R:localhost/127.0.0.1:8083] Channel connected, now 170 active connections and 131 inactive connections
15:53:14.028 [reactor-http-nio-48] DEBUG reactor.netty.resources.PooledConnectionProvider - [id: 0x20783448, L:/127.0.0.1:51928 - R:localhost/127.0.0.1:8083] Registering pool release on close event for channel
15:53:14.028 [reactor-http-nio-48] DEBUG reactor.netty.http.client.HttpClientConnect - [id: 0x20783448, L:/127.0.0.1:51928 - R:localhost/127.0.0.1:8083] Handler is being applied: {uri=http://localhost:8083/userLocation?userId=364817b4-3d4e-4909-836b-8405f9e45a72, method=GET}
15:53:14.029 [reactor-http-nio-48] DEBUG reactor.netty.resources.PooledConnectionProvider - [id: 0x20783448, L:/127.0.0.1:51928 - R:localhost/127.0.0.1:8083] onStateChange(GET{uri=/userLocation?userId=364817b4-3d4e-4909-836b-8405f9e45a72, connection=PooledConnection{channel=[id: 0x20783448, L:/127.0.0.1:51928 - R:localhost/127.0.0.1:8083]}}, [request_sent])
15:53:14.029 [reactor-http-nio-48] DEBUG reactor.netty.resources.PooledConnectionProvider - [id: 0x20783448, L:/127.0.0.1:51928 - R:localhost/127.0.0.1:8083] Channel connected, now 171 active connections and 130 inactive connections
15:53:14.029 [reactor-http-nio-48] DEBUG reactor.netty.resources.PooledConnectionProvider - [id: 0xbe2aba3e, L:/127.0.0.1:51951 - R:localhost/127.0.0.1:8083] Registering pool release on close event for channel
15:53:14.029 [reactor-http-nio-48] DEBUG reactor.netty.http.client.HttpClientConnect - [id: 0xbe2aba3e, L:/127.0.0.1:51951 - R:localhost/127.0.0.1:8083] Handler is being applied: {uri=http://localhost:8083/userLocation?userId=4a48e687-99d4-4fe1-b601-16f3ff739de7, method=GET}
15:53:14.030 [reactor-http-nio-48] DEBUG reactor.netty.resources.PooledConnectionProvider - [id: 0xbe2aba3e, L:/127.0.0.1:51951 - R:localhost/127.0.0.1:8083] onStateChange(GET{uri=/userLocation?userId=4a48e687-99d4-4fe1-b601-16f3ff739de7, connection=PooledConnection{channel=[id: 0xbe2aba3e, L:/127.0.0.1:51951 - R:localhost/127.0.0.1:8083]}}, [request_sent])
15:53:14.030 [reactor-http-nio-48] DEBUG reactor.netty.resources.PooledConnectionProvider - [id: 0xbe2aba3e, L:/127.0.0.1:51951 - R:localhost/127.0.0.1:8083] Channel connected, now 172 active connections and 129 inactive connections
15:53:14.030 [reactor-http-nio-48] DEBUG reactor.netty.resources.PooledConnectionProvider - [id: 0x57866369, L:/127.0.0.1:51911 - R:localhost/127.0.0.1:8083] Registering pool release on close event for channel
15:53:14.030 [reactor-http-nio-48] DEBUG reactor.netty.http.client.HttpClientConnect - [id: 0x57866369, L:/127.0.0.1:51911 - R:localhost/127.0.0.1:8083] Handler is being applied: {uri=http://localhost:8083/userLocation?userId=cf17fc8f-a2ac-4810-b0dc-1e93bc867745, method=GET}
15:53:14.031 [reactor-http-nio-48] DEBUG reactor.netty.resources.PooledConnectionProvider - [id: 0x57866369, L:/127.0.0.1:51911 - R:localhost/127.0.0.1:8083] onStateChange(GET{uri=/userLocation?userId=cf17fc8f-a2ac-4810-b0dc-1e93bc867745, connection=PooledConnection{channel=[id: 0x57866369, L:/127.0.0.1:51911 - R:localhost/127.0.0.1:8083]}}, [request_sent])
15:53:14.032 [reactor-http-nio-48] DEBUG reactor.netty.resources.PooledConnectionProvider - [id: 0x57866369, L:/127.0.0.1:51911 - R:localhost/127.0.0.1:8083] Channel connected, now 173 active connections and 128 inactive connections
15:53:14.032 [reactor-http-nio-48] DEBUG reactor.netty.resources.PooledConnectionProvider - [id: 0x5b6b68d9, L:/127.0.0.1:51924 - R:localhost/127.0.0.1:8083] Registering pool release on close event for channel
15:53:14.032 [reactor-http-nio-48] DEBUG reactor.netty.http.client.HttpClientConnect - [id: 0x5b6b68d9, L:/127.0.0.1:51924 - R:localhost/127.0.0.1:8083] Handler is being applied: {uri=http://localhost:8083/userLocation?userId=9aa32115-820b-4b66-9458-7e4bf8aa7c97, method=GET}
15:53:14.033 [reactor-http-nio-48] DEBUG reactor.netty.resources.PooledConnectionProvider - [id: 0x5b6b68d9, L:/127.0.0.1:51924 - R:localhost/127.0.0.1:8083] onStateChange(GET{uri=/userLocation?userId=9aa32115-820b-4b66-9458-7e4bf8aa7c97, connection=PooledConnection{channel=[id: 0x5b6b68d9, L:/127.0.0.1:51924 - R:localhost/127.0.0.1:8083]}}, [request_sent])
15:53:14.033 [reactor-http-nio-48] DEBUG reactor.netty.resources.PooledConnectionProvider - [id: 0x5b6b68d9, L:/127.0.0.1:51924 - R:localhost/127.0.0.1:8083] Channel connected, now 174 active connections and 127 inactive connections
15:53:14.033 [reactor-http-nio-48] DEBUG reactor.netty.resources.PooledConnectionProvider - [id: 0xf96fcdf2, L:/127.0.0.1:51938 - R:localhost/127.0.0.1:8083] Registering pool release on close event for channel
15:53:14.033 [reactor-http-nio-48] DEBUG reactor.netty.http.client.HttpClientConnect - [id: 0xf96fcdf2, L:/127.0.0.1:51938 - R:localhost/127.0.0.1:8083] Handler is being applied: {uri=http://localhost:8083/userLocation?userId=d9360777-59f7-4c5c-8aba-210e8106d0e1, method=GET}
15:53:14.034 [reactor-http-nio-48] DEBUG reactor.netty.resources.PooledConnectionProvider - [id: 0xf96fcdf2, L:/127.0.0.1:51938 - R:localhost/127.0.0.1:8083] onStateChange(GET{uri=/userLocation?userId=d9360777-59f7-4c5c-8aba-210e8106d0e1, connection=PooledConnection{channel=[id: 0xf96fcdf2, L:/127.0.0.1:51938 - R:localhost/127.0.0.1:8083]}}, [request_sent])
15:53:14.034 [reactor-http-nio-48] DEBUG reactor.netty.resources.PooledConnectionProvider - [id: 0xf96fcdf2, L:/127.0.0.1:51938 - R:localhost/127.0.0.1:8083] Channel connected, now 175 active connections and 126 inactive connections
15:53:14.035 [reactor-http-nio-48] DEBUG reactor.netty.resources.PooledConnectionProvider - [id: 0xcdbdd5a5, L:/127.0.0.1:51946 - R:localhost/127.0.0.1:8083] Registering pool release on close event for channel
15:53:14.035 [reactor-http-nio-48] DEBUG reactor.netty.http.client.HttpClientConnect - [id: 0xcdbdd5a5, L:/127.0.0.1:51946 - R:localhost/127.0.0.1:8083] Handler is being applied: {uri=http://localhost:8083/userLocation?userId=66c20936-6741-4f51-8a3d-6d2175c7b4c0, method=GET}
15:53:14.036 [reactor-http-nio-48] DEBUG reactor.netty.resources.PooledConnectionProvider - [id: 0xcdbdd5a5, L:/127.0.0.1:51946 - R:localhost/127.0.0.1:8083] onStateChange(GET{uri=/userLocation?userId=66c20936-6741-4f51-8a3d-6d2175c7b4c0, connection=PooledConnection{channel=[id: 0xcdbdd5a5, L:/127.0.0.1:51946 - R:localhost/127.0.0.1:8083]}}, [request_sent])
15:53:14.036 [reactor-http-nio-48] DEBUG reactor.netty.resources.PooledConnectionProvider - [id: 0xcdbdd5a5, L:/127.0.0.1:51946 - R:localhost/127.0.0.1:8083] Channel connected, now 176 active connections and 125 inactive connections
15:53:14.037 [reactor-http-nio-48] DEBUG reactor.netty.resources.PooledConnectionProvider - [id: 0x9c9e122e, L:/127.0.0.1:51884 - R:localhost/127.0.0.1:8083] onStateChange(PooledConnection{channel=[id: 0x9c9e122e, L:/127.0.0.1:51884 - R:localhost/127.0.0.1:8083]}, [connected])
15:53:14.037 [reactor-http-nio-48] DEBUG reactor.netty.resources.PooledConnectionProvider - [id: 0x9c9e122e, L:/127.0.0.1:51884 - R:localhost/127.0.0.1:8083] onStateChange(GET{uri=/, connection=PooledConnection{channel=[id: 0x9c9e122e, L:/127.0.0.1:51884 - R:localhost/127.0.0.1:8083]}}, [configured])
15:53:14.037 [reactor-http-nio-48] DEBUG reactor.netty.resources.PooledConnectionProvider - [id: 0xa37fa9fc, L:/127.0.0.1:51894 - R:localhost/127.0.0.1:8083] Registering pool release on close event for channel
15:53:14.037 [reactor-http-nio-48] DEBUG reactor.netty.resources.PooledConnectionProvider - [id: 0xa37fa9fc, L:/127.0.0.1:51894 - R:localhost/127.0.0.1:8083] Channel connected, now 177 active connections and 124 inactive connections
15:53:14.037 [reactor-http-nio-48] DEBUG reactor.netty.resources.PooledConnectionProvider - [id: 0xa37fa9fc, L:/127.0.0.1:51894 - R:localhost/127.0.0.1:8083] onStateChange(PooledConnection{channel=[id: 0xa37fa9fc, L:/127.0.0.1:51894 - R:localhost/127.0.0.1:8083]}, [connected])
15:53:14.038 [reactor-http-nio-48] DEBUG reactor.netty.resources.PooledConnectionProvider - [id: 0xa37fa9fc, L:/127.0.0.1:51894 - R:localhost/127.0.0.1:8083] onStateChange(GET{uri=/, connection=PooledConnection{channel=[id: 0xa37fa9fc, L:/127.0.0.1:51894 - R:localhost/127.0.0.1:8083]}}, [configured])
15:53:14.038 [reactor-http-nio-48] DEBUG reactor.netty.http.client.HttpClientConnect - [id: 0xa37fa9fc, L:/127.0.0.1:51894 - R:localhost/127.0.0.1:8083] Handler is being applied: {uri=http://localhost:8083/userLocation?userId=5f3998fd-f2d4-49ae-9b29-e2f60b730771, method=GET}
15:53:14.039 [reactor-http-nio-48] DEBUG reactor.netty.resources.PooledConnectionProvider - [id: 0xa37fa9fc, L:/127.0.0.1:51894 - R:localhost/127.0.0.1:8083] onStateChange(GET{uri=/userLocation?userId=5f3998fd-f2d4-49ae-9b29-e2f60b730771, connection=PooledConnection{channel=[id: 0xa37fa9fc, L:/127.0.0.1:51894 - R:localhost/127.0.0.1:8083]}}, [request_sent])
15:53:14.039 [reactor-http-nio-48] DEBUG reactor.netty.resources.PooledConnectionProvider - [id: 0xb526d959, L:/127.0.0.1:51902 - R:localhost/127.0.0.1:8083] onStateChange(PooledConnection{channel=[id: 0xb526d959, L:/127.0.0.1:51902 - R:localhost/127.0.0.1:8083]}, [connected])
15:53:14.039 [reactor-http-nio-48] DEBUG reactor.netty.resources.PooledConnectionProvider - [id: 0xb526d959, L:/127.0.0.1:51902 - R:localhost/127.0.0.1:8083] onStateChange(GET{uri=/, connection=PooledConnection{channel=[id: 0xb526d959, L:/127.0.0.1:51902 - R:localhost/127.0.0.1:8083]}}, [configured])
15:53:14.040 [reactor-http-nio-48] DEBUG reactor.netty.resources.PooledConnectionProvider - [id: 0x4146066f, L:/127.0.0.1:51904 - R:localhost/127.0.0.1:8083] onStateChange(PooledConnection{channel=[id: 0x4146066f, L:/127.0.0.1:51904 - R:localhost/127.0.0.1:8083]}, [connected])
15:53:14.040 [reactor-http-nio-48] DEBUG reactor.netty.resources.PooledConnectionProvider - [id: 0x4146066f, L:/127.0.0.1:51904 - R:localhost/127.0.0.1:8083] onStateChange(GET{uri=/, connection=PooledConnection{channel=[id: 0x4146066f, L:/127.0.0.1:51904 - R:localhost/127.0.0.1:8083]}}, [configured])
15:53:14.040 [reactor-http-nio-48] DEBUG reactor.netty.resources.PooledConnectionProvider - [id: 0x4f10c9bb, L:/127.0.0.1:51905 - R:localhost/127.0.0.1:8083] onStateChange(PooledConnection{channel=[id: 0x4f10c9bb, L:/127.0.0.1:51905 - R:localhost/127.0.0.1:8083]}, [connected])
15:53:14.040 [reactor-http-nio-48] DEBUG reactor.netty.resources.PooledConnectionProvider - [id: 0x4f10c9bb, L:/127.0.0.1:51905 - R:localhost/127.0.0.1:8083] onStateChange(GET{uri=/, connection=PooledConnection{channel=[id: 0x4f10c9bb, L:/127.0.0.1:51905 - R:localhost/127.0.0.1:8083]}}, [configured])
15:53:14.041 [reactor-http-nio-48] DEBUG reactor.netty.resources.PooledConnectionProvider - [id: 0x357960ae, L:/127.0.0.1:51912 - R:localhost/127.0.0.1:8083] onStateChange(PooledConnection{channel=[id: 0x357960ae, L:/127.0.0.1:51912 - R:localhost/127.0.0.1:8083]}, [connected])
15:53:14.041 [reactor-http-nio-48] DEBUG reactor.netty.resources.PooledConnectionProvider - [id: 0x357960ae, L:/127.0.0.1:51912 - R:localhost/127.0.0.1:8083] onStateChange(GET{uri=/, connection=PooledConnection{channel=[id: 0x357960ae, L:/127.0.0.1:51912 - R:localhost/127.0.0.1:8083]}}, [configured])
15:53:14.042 [reactor-http-nio-48] DEBUG reactor.netty.resources.PooledConnectionProvider - [id: 0x84cc2992, L:/127.0.0.1:51922 - R:localhost/127.0.0.1:8083] onStateChange(PooledConnection{channel=[id: 0x84cc2992, L:/127.0.0.1:51922 - R:localhost/127.0.0.1:8083]}, [connected])
15:53:14.042 [reactor-http-nio-48] DEBUG reactor.netty.resources.PooledConnectionProvider - [id: 0x84cc2992, L:/127.0.0.1:51922 - R:localhost/127.0.0.1:8083] onStateChange(GET{uri=/, connection=PooledConnection{channel=[id: 0x84cc2992, L:/127.0.0.1:51922 - R:localhost/127.0.0.1:8083]}}, [configured])
15:53:14.083 [reactor-http-nio-41] DEBUG reactor.netty.resources.PooledConnectionProvider - [id: 0x9cec33d8, L:/127.0.0.1:51722 - R:localhost/127.0.0.1:8083] onStateChange(GET{uri=/userLocation?userId=5d857e3f-c73f-4a71-b917-898328a82d40, connection=PooledConnection{channel=[id: 0x9cec33d8, L:/127.0.0.1:51722 - R:localhost/127.0.0.1:8083]}}, [request_sent])
15:53:14.083 [reactor-http-nio-47] DEBUG reactor.netty.resources.PooledConnectionProvider - [id: 0xa6138326, L:/127.0.0.1:51881 - R:localhost/127.0.0.1:8083] onStateChange(GET{uri=/userLocation?userId=3a128795-52ee-44f2-8988-44f054b718ac, connection=PooledConnection{channel=[id: 0xa6138326, L:/127.0.0.1:51881 - R:localhost/127.0.0.1:8083]}}, [request_sent])
15:53:14.084 [reactor-http-nio-41] DEBUG reactor.netty.resources.PooledConnectionProvider - [id: 0x9cec33d8, L:/127.0.0.1:51722 - R:localhost/127.0.0.1:8083] Channel connected, now 177 active connections and 124 inactive connections
15:53:14.084 [reactor-http-nio-47] DEBUG reactor.netty.resources.PooledConnectionProvider - [id: 0xa6138326, L:/127.0.0.1:51881 - R:localhost/127.0.0.1:8083] Channel connected, now 177 active connections and 124 inactive connections
15:53:14.084 [reactor-http-nio-41] DEBUG reactor.netty.resources.PooledConnectionProvider - [id: 0x47a2f5da, L:/127.0.0.1:51723 - R:localhost/127.0.0.1:8083] Registering pool release on close event for channel
15:53:14.084 [reactor-http-nio-47] DEBUG reactor.netty.resources.PooledConnectionProvider - [id: 0xfd464294, L:/127.0.0.1:51869 - R:localhost/127.0.0.1:8083] Registering pool release on close event for channel
15:53:14.084 [reactor-http-nio-47] DEBUG reactor.netty.http.client.HttpClientConnect - [id: 0xfd464294, L:/127.0.0.1:51869 - R:localhost/127.0.0.1:8083] Handler is being applied: {uri=http://localhost:8083/userLocation?userId=c39f9f22-3515-479b-a8c4-57e28ba7abfb, method=GET}
15:53:14.085 [reactor-http-nio-41] DEBUG reactor.netty.http.client.HttpClientConnect - [id: 0x47a2f5da, L:/127.0.0.1:51723 - R:localhost/127.0.0.1:8083] Handler is being applied: {uri=http://localhost:8083/userLocation?userId=ccb6c744-5025-45b1-b9b9-b5d288e8a3a7, method=GET}
15:53:14.086 [reactor-http-nio-47] DEBUG reactor.netty.resources.PooledConnectionProvider - [id: 0xfd464294, L:/127.0.0.1:51869 - R:localhost/127.0.0.1:8083] onStateChange(GET{uri=/userLocation?userId=c39f9f22-3515-479b-a8c4-57e28ba7abfb, connection=PooledConnection{channel=[id: 0xfd464294, L:/127.0.0.1:51869 - R:localhost/127.0.0.1:8083]}}, [request_sent])
15:53:14.087 [reactor-http-nio-47] DEBUG reactor.netty.resources.PooledConnectionProvider - [id: 0xfd464294, L:/127.0.0.1:51869 - R:localhost/127.0.0.1:8083] Channel connected, now 179 active connections and 122 inactive connections
15:53:14.087 [reactor-http-nio-47] DEBUG reactor.netty.resources.PooledConnectionProvider - [id: 0x42970d81, L:/127.0.0.1:51870 - R:localhost/127.0.0.1:8083] Registering pool release on close event for channel
15:53:14.087 [reactor-http-nio-47] DEBUG reactor.netty.http.client.HttpClientConnect - [id: 0x42970d81, L:/127.0.0.1:51870 - R:localhost/127.0.0.1:8083] Handler is being applied: {uri=http://localhost:8083/userLocation?userId=f39d7f07-4ddc-4fae-b701-514c8d1c0cfa, method=GET}
15:53:14.087 [reactor-http-nio-41] DEBUG reactor.netty.resources.PooledConnectionProvider - [id: 0x47a2f5da, L:/127.0.0.1:51723 - R:localhost/127.0.0.1:8083] onStateChange(GET{uri=/userLocation?userId=ccb6c744-5025-45b1-b9b9-b5d288e8a3a7, connection=PooledConnection{channel=[id: 0x47a2f5da, L:/127.0.0.1:51723 - R:localhost/127.0.0.1:8083]}}, [request_sent])
15:53:14.087 [reactor-http-nio-41] DEBUG reactor.netty.resources.PooledConnectionProvider - [id: 0x47a2f5da, L:/127.0.0.1:51723 - R:localhost/127.0.0.1:8083] Channel connected, now 180 active connections and 121 inactive connections
15:53:14.087 [reactor-http-nio-41] DEBUG reactor.netty.resources.PooledConnectionProvider - [id: 0xb1945a60, L:/127.0.0.1:51727 - R:localhost/127.0.0.1:8083] Registering pool release on close event for channel
15:53:14.087 [reactor-http-nio-46] DEBUG reactor.netty.resources.PooledConnectionProvider - [id: 0x235f3a5b, L:/127.0.0.1:51771 - R:localhost/127.0.0.1:8083] onStateChange(GET{uri=/userLocation?userId=00cf5a30-6cd1-4d44-93b7-bc03c58de78c, connection=PooledConnection{channel=[id: 0x235f3a5b, L:/127.0.0.1:51771 - R:localhost/127.0.0.1:8083]}}, [request_sent])
15:53:14.087 [reactor-http-nio-41] DEBUG reactor.netty.http.client.HttpClientConnect - [id: 0xb1945a60, L:/127.0.0.1:51727 - R:localhost/127.0.0.1:8083] Handler is being applied: {uri=http://localhost:8083/userLocation?userId=35cb77b3-8dbb-4dca-a662-dc46e8450beb, method=GET}
15:53:14.088 [reactor-http-nio-46] DEBUG reactor.netty.resources.PooledConnectionProvider - [id: 0x235f3a5b, L:/127.0.0.1:51771 - R:localhost/127.0.0.1:8083] Channel connected, now 181 active connections and 120 inactive connections
15:53:14.088 [reactor-http-nio-46] DEBUG reactor.netty.resources.PooledConnectionProvider - [id: 0xe2a0d401, L:/127.0.0.1:51788 - R:localhost/127.0.0.1:8083] Registering pool release on close event for channel
15:53:14.088 [reactor-http-nio-46] DEBUG reactor.netty.http.client.HttpClientConnect - [id: 0xe2a0d401, L:/127.0.0.1:51788 - R:localhost/127.0.0.1:8083] Handler is being applied: {uri=http://localhost:8083/userLocation?userId=58bf569f-e092-4ca5-97ea-98ce1becdae1, method=GET}
15:53:14.089 [reactor-http-nio-41] DEBUG reactor.netty.resources.PooledConnectionProvider - [id: 0xb1945a60, L:/127.0.0.1:51727 - R:localhost/127.0.0.1:8083] onStateChange(GET{uri=/userLocation?userId=35cb77b3-8dbb-4dca-a662-dc46e8450beb, connection=PooledConnection{channel=[id: 0xb1945a60, L:/127.0.0.1:51727 - R:localhost/127.0.0.1:8083]}}, [request_sent])
15:53:14.089 [reactor-http-nio-41] DEBUG reactor.netty.resources.PooledConnectionProvider - [id: 0xb1945a60, L:/127.0.0.1:51727 - R:localhost/127.0.0.1:8083] Channel connected, now 182 active connections and 119 inactive connections
15:53:14.089 [reactor-http-nio-41] DEBUG reactor.netty.resources.PooledConnectionProvider - [id: 0x4d5a5786, L:/127.0.0.1:51790 - R:localhost/127.0.0.1:8083] Registering pool release on close event for channel
15:53:14.089 [reactor-http-nio-41] DEBUG reactor.netty.http.client.HttpClientConnect - [id: 0x4d5a5786, L:/127.0.0.1:51790 - R:localhost/127.0.0.1:8083] Handler is being applied: {uri=http://localhost:8083/userLocation?userId=bf2bd711-88de-40fc-afaa-fcbbc0855fff, method=GET}
15:53:14.089 [reactor-http-nio-47] DEBUG reactor.netty.resources.PooledConnectionProvider - [id: 0x42970d81, L:/127.0.0.1:51870 - R:localhost/127.0.0.1:8083] onStateChange(GET{uri=/userLocation?userId=f39d7f07-4ddc-4fae-b701-514c8d1c0cfa, connection=PooledConnection{channel=[id: 0x42970d81, L:/127.0.0.1:51870 - R:localhost/127.0.0.1:8083]}}, [request_sent])
15:53:14.090 [reactor-http-nio-47] DEBUG reactor.netty.resources.PooledConnectionProvider - [id: 0x42970d81, L:/127.0.0.1:51870 - R:localhost/127.0.0.1:8083] Channel connected, now 183 active connections and 118 inactive connections
15:53:14.090 [reactor-http-nio-47] DEBUG reactor.netty.resources.PooledConnectionProvider - [id: 0x4b4296d8, L:/127.0.0.1:51883 - R:localhost/127.0.0.1:8083] onStateChange(PooledConnection{channel=[id: 0x4b4296d8, L:/127.0.0.1:51883 - R:localhost/127.0.0.1:8083]}, [connected])
15:53:14.090 [reactor-http-nio-41] DEBUG reactor.netty.resources.PooledConnectionProvider - [id: 0x4d5a5786, L:/127.0.0.1:51790 - R:localhost/127.0.0.1:8083] onStateChange(GET{uri=/userLocation?userId=bf2bd711-88de-40fc-afaa-fcbbc0855fff, connection=PooledConnection{channel=[id: 0x4d5a5786, L:/127.0.0.1:51790 - R:localhost/127.0.0.1:8083]}}, [request_sent])
15:53:14.090 [reactor-http-nio-47] DEBUG reactor.netty.resources.PooledConnectionProvider - [id: 0x4b4296d8, L:/127.0.0.1:51883 - R:localhost/127.0.0.1:8083] onStateChange(GET{uri=/, connection=PooledConnection{channel=[id: 0x4b4296d8, L:/127.0.0.1:51883 - R:localhost/127.0.0.1:8083]}}, [configured])
15:53:14.090 [reactor-http-nio-41] DEBUG reactor.netty.resources.PooledConnectionProvider - [id: 0x4d5a5786, L:/127.0.0.1:51790 - R:localhost/127.0.0.1:8083] Channel connected, now 183 active connections and 118 inactive connections
15:53:14.090 [reactor-http-nio-41] DEBUG reactor.netty.resources.PooledConnectionProvider - [id: 0xa255a56d, L:/127.0.0.1:51733 - R:localhost/127.0.0.1:8083] Registering pool release on close event for channel
15:53:14.090 [reactor-http-nio-41] DEBUG reactor.netty.http.client.HttpClientConnect - [id: 0xa255a56d, L:/127.0.0.1:51733 - R:localhost/127.0.0.1:8083] Handler is being applied: {uri=http://localhost:8083/userLocation?userId=bf6ca283-1512-4f32-a67d-dec7af3d9456, method=GET}
15:53:14.090 [reactor-http-nio-47] DEBUG reactor.netty.resources.PooledConnectionProvider - [id: 0x33d84267, L:/127.0.0.1:51885 - R:localhost/127.0.0.1:8083] onStateChange(PooledConnection{channel=[id: 0x33d84267, L:/127.0.0.1:51885 - R:localhost/127.0.0.1:8083]}, [connected])
15:53:14.091 [reactor-http-nio-47] DEBUG reactor.netty.resources.PooledConnectionProvider - [id: 0x33d84267, L:/127.0.0.1:51885 - R:localhost/127.0.0.1:8083] onStateChange(GET{uri=/, connection=PooledConnection{channel=[id: 0x33d84267, L:/127.0.0.1:51885 - R:localhost/127.0.0.1:8083]}}, [configured])
15:53:14.091 [reactor-http-nio-47] DEBUG reactor.netty.resources.PooledConnectionProvider - [id: 0xaeb3e815, L:/127.0.0.1:51887 - R:localhost/127.0.0.1:8083] onStateChange(PooledConnection{channel=[id: 0xaeb3e815, L:/127.0.0.1:51887 - R:localhost/127.0.0.1:8083]}, [connected])
15:53:14.091 [reactor-http-nio-47] DEBUG reactor.netty.resources.PooledConnectionProvider - [id: 0xaeb3e815, L:/127.0.0.1:51887 - R:localhost/127.0.0.1:8083] onStateChange(GET{uri=/, connection=PooledConnection{channel=[id: 0xaeb3e815, L:/127.0.0.1:51887 - R:localhost/127.0.0.1:8083]}}, [configured])
15:53:14.091 [reactor-http-nio-47] DEBUG reactor.netty.resources.PooledConnectionProvider - [id: 0x905654b3, L:/127.0.0.1:51889 - R:localhost/127.0.0.1:8083] onStateChange(PooledConnection{channel=[id: 0x905654b3, L:/127.0.0.1:51889 - R:localhost/127.0.0.1:8083]}, [connected])
15:53:14.091 [reactor-http-nio-47] DEBUG reactor.netty.resources.PooledConnectionProvider - [id: 0x905654b3, L:/127.0.0.1:51889 - R:localhost/127.0.0.1:8083] onStateChange(GET{uri=/, connection=PooledConnection{channel=[id: 0x905654b3, L:/127.0.0.1:51889 - R:localhost/127.0.0.1:8083]}}, [configured])
15:53:14.091 [reactor-http-nio-47] DEBUG reactor.netty.resources.PooledConnectionProvider - [id: 0xfab28477, L:/127.0.0.1:51891 - R:localhost/127.0.0.1:8083] onStateChange(PooledConnection{channel=[id: 0xfab28477, L:/127.0.0.1:51891 - R:localhost/127.0.0.1:8083]}, [connected])
15:53:14.092 [reactor-http-nio-47] DEBUG reactor.netty.resources.PooledConnectionProvider - [id: 0xfab28477, L:/127.0.0.1:51891 - R:localhost/127.0.0.1:8083] onStateChange(GET{uri=/, connection=PooledConnection{channel=[id: 0xfab28477, L:/127.0.0.1:51891 - R:localhost/127.0.0.1:8083]}}, [configured])
15:53:14.092 [reactor-http-nio-41] DEBUG reactor.netty.resources.PooledConnectionProvider - [id: 0xa255a56d, L:/127.0.0.1:51733 - R:localhost/127.0.0.1:8083] onStateChange(GET{uri=/userLocation?userId=bf6ca283-1512-4f32-a67d-dec7af3d9456, connection=PooledConnection{channel=[id: 0xa255a56d, L:/127.0.0.1:51733 - R:localhost/127.0.0.1:8083]}}, [request_sent])
15:53:14.092 [reactor-http-nio-41] DEBUG reactor.netty.resources.PooledConnectionProvider - [id: 0xa255a56d, L:/127.0.0.1:51733 - R:localhost/127.0.0.1:8083] Channel connected, now 184 active connections and 117 inactive connections
15:53:14.092 [reactor-http-nio-47] DEBUG reactor.netty.resources.PooledConnectionProvider - [id: 0xe35e117d, L:/127.0.0.1:51893 - R:localhost/127.0.0.1:8083] onStateChange(PooledConnection{channel=[id: 0xe35e117d, L:/127.0.0.1:51893 - R:localhost/127.0.0.1:8083]}, [connected])
15:53:14.092 [reactor-http-nio-41] DEBUG reactor.netty.resources.PooledConnectionProvider - [id: 0x35df572e, L:/127.0.0.1:51740 - R:localhost/127.0.0.1:8083] Registering pool release on close event for channel
15:53:14.092 [reactor-http-nio-47] DEBUG reactor.netty.resources.PooledConnectionProvider - [id: 0xe35e117d, L:/127.0.0.1:51893 - R:localhost/127.0.0.1:8083] onStateChange(GET{uri=/, connection=PooledConnection{channel=[id: 0xe35e117d, L:/127.0.0.1:51893 - R:localhost/127.0.0.1:8083]}}, [configured])
15:53:14.092 [reactor-http-nio-41] DEBUG reactor.netty.http.client.HttpClientConnect - [id: 0x35df572e, L:/127.0.0.1:51740 - R:localhost/127.0.0.1:8083] Handler is being applied: {uri=http://localhost:8083/userLocation?userId=30496959-4733-4b7e-859a-d17c68bbf8d0, method=GET}
15:53:14.092 [reactor-http-nio-47] DEBUG reactor.netty.resources.PooledConnectionProvider - [id: 0x89da56b3, L:/127.0.0.1:51895 - R:localhost/127.0.0.1:8083] onStateChange(PooledConnection{channel=[id: 0x89da56b3, L:/127.0.0.1:51895 - R:localhost/127.0.0.1:8083]}, [connected])
15:53:14.092 [reactor-http-nio-47] DEBUG reactor.netty.resources.PooledConnectionProvider - [id: 0x89da56b3, L:/127.0.0.1:51895 - R:localhost/127.0.0.1:8083] onStateChange(GET{uri=/, connection=PooledConnection{channel=[id: 0x89da56b3, L:/127.0.0.1:51895 - R:localhost/127.0.0.1:8083]}}, [configured])
15:53:14.092 [reactor-http-nio-47] DEBUG reactor.netty.resources.PooledConnectionProvider - [id: 0xdd35a511, L:/127.0.0.1:51898 - R:localhost/127.0.0.1:8083] onStateChange(PooledConnection{channel=[id: 0xdd35a511, L:/127.0.0.1:51898 - R:localhost/127.0.0.1:8083]}, [connected])
15:53:14.092 [reactor-http-nio-47] DEBUG reactor.netty.resources.PooledConnectionProvider - [id: 0xdd35a511, L:/127.0.0.1:51898 - R:localhost/127.0.0.1:8083] onStateChange(GET{uri=/, connection=PooledConnection{channel=[id: 0xdd35a511, L:/127.0.0.1:51898 - R:localhost/127.0.0.1:8083]}}, [configured])
15:53:14.092 [reactor-http-nio-47] DEBUG reactor.netty.resources.PooledConnectionProvider - [id: 0x53e3235d, L:/127.0.0.1:51903 - R:localhost/127.0.0.1:8083] Registering pool release on close event for channel
15:53:14.093 [reactor-http-nio-47] DEBUG reactor.netty.resources.PooledConnectionProvider - [id: 0x53e3235d, L:/127.0.0.1:51903 - R:localhost/127.0.0.1:8083] Channel connected, now 186 active connections and 115 inactive connections
15:53:14.093 [reactor-http-nio-47] DEBUG reactor.netty.resources.PooledConnectionProvider - [id: 0x53e3235d, L:/127.0.0.1:51903 - R:localhost/127.0.0.1:8083] onStateChange(PooledConnection{channel=[id: 0x53e3235d, L:/127.0.0.1:51903 - R:localhost/127.0.0.1:8083]}, [connected])
15:53:14.093 [reactor-http-nio-47] DEBUG reactor.netty.resources.PooledConnectionProvider - [id: 0x53e3235d, L:/127.0.0.1:51903 - R:localhost/127.0.0.1:8083] onStateChange(GET{uri=/, connection=PooledConnection{channel=[id: 0x53e3235d, L:/127.0.0.1:51903 - R:localhost/127.0.0.1:8083]}}, [configured])
15:53:14.093 [reactor-http-nio-47] DEBUG reactor.netty.http.client.HttpClientConnect - [id: 0x53e3235d, L:/127.0.0.1:51903 - R:localhost/127.0.0.1:8083] Handler is being applied: {uri=http://localhost:8083/userLocation?userId=88c2cb3b-3227-44c2-8f6f-29264039dcf5, method=GET}
15:53:14.042 [reactor-http-nio-48] DEBUG reactor.netty.resources.PooledConnectionProvider - [id: 0xd46a2218, L:/127.0.0.1:51930 - R:localhost/127.0.0.1:8083] onStateChange(PooledConnection{channel=[id: 0xd46a2218, L:/127.0.0.1:51930 - R:localhost/127.0.0.1:8083]}, [connected])
15:53:14.093 [reactor-http-nio-46] DEBUG reactor.netty.resources.PooledConnectionProvider - [id: 0xe2a0d401, L:/127.0.0.1:51788 - R:localhost/127.0.0.1:8083] onStateChange(GET{uri=/userLocation?userId=58bf569f-e092-4ca5-97ea-98ce1becdae1, connection=PooledConnection{channel=[id: 0xe2a0d401, L:/127.0.0.1:51788 - R:localhost/127.0.0.1:8083]}}, [request_sent])
15:53:14.093 [reactor-http-nio-41] DEBUG reactor.netty.resources.PooledConnectionProvider - [id: 0x35df572e, L:/127.0.0.1:51740 - R:localhost/127.0.0.1:8083] onStateChange(GET{uri=/userLocation?userId=30496959-4733-4b7e-859a-d17c68bbf8d0, connection=PooledConnection{channel=[id: 0x35df572e, L:/127.0.0.1:51740 - R:localhost/127.0.0.1:8083]}}, [request_sent])
15:53:14.093 [reactor-http-nio-48] DEBUG reactor.netty.resources.PooledConnectionProvider - [id: 0xd46a2218, L:/127.0.0.1:51930 - R:localhost/127.0.0.1:8083] onStateChange(GET{uri=/, connection=PooledConnection{channel=[id: 0xd46a2218, L:/127.0.0.1:51930 - R:localhost/127.0.0.1:8083]}}, [configured])
15:53:14.093 [reactor-http-nio-41] DEBUG reactor.netty.resources.PooledConnectionProvider - [id: 0x35df572e, L:/127.0.0.1:51740 - R:localhost/127.0.0.1:8083] Channel connected, now 186 active connections and 115 inactive connections
15:53:14.093 [reactor-http-nio-41] DEBUG reactor.netty.resources.PooledConnectionProvider - [id: 0x4b9fbeb1, L:/127.0.0.1:51745 - R:localhost/127.0.0.1:8083] Registering pool release on close event for channel
15:53:14.093 [reactor-http-nio-46] DEBUG reactor.netty.resources.PooledConnectionProvider - [id: 0xe2a0d401, L:/127.0.0.1:51788 - R:localhost/127.0.0.1:8083] Channel connected, now 186 active connections and 115 inactive connections
15:53:14.094 [reactor-http-nio-41] DEBUG reactor.netty.http.client.HttpClientConnect - [id: 0x4b9fbeb1, L:/127.0.0.1:51745 - R:localhost/127.0.0.1:8083] Handler is being applied: {uri=http://localhost:8083/userLocation?userId=6c24fd1f-0757-49ab-befc-1d3c9d6f37cd, method=GET}
15:53:14.094 [reactor-http-nio-46] DEBUG reactor.netty.resources.PooledConnectionProvider - [id: 0x72e5dab1, L:/127.0.0.1:51797 - R:localhost/127.0.0.1:8083] Registering pool release on close event for channel
15:53:14.094 [reactor-http-nio-46] DEBUG reactor.netty.http.client.HttpClientConnect - [id: 0x72e5dab1, L:/127.0.0.1:51797 - R:localhost/127.0.0.1:8083] Handler is being applied: {uri=http://localhost:8083/userLocation?userId=a26189ba-ad29-4bc1-8cdd-69497deab952, method=GET}
15:53:14.095 [reactor-http-nio-41] DEBUG reactor.netty.resources.PooledConnectionProvider - [id: 0x4b9fbeb1, L:/127.0.0.1:51745 - R:localhost/127.0.0.1:8083] onStateChange(GET{uri=/userLocation?userId=6c24fd1f-0757-49ab-befc-1d3c9d6f37cd, connection=PooledConnection{channel=[id: 0x4b9fbeb1, L:/127.0.0.1:51745 - R:localhost/127.0.0.1:8083]}}, [request_sent])
15:53:14.095 [reactor-http-nio-41] DEBUG reactor.netty.resources.PooledConnectionProvider - [id: 0x4b9fbeb1, L:/127.0.0.1:51745 - R:localhost/127.0.0.1:8083] Channel connected, now 188 active connections and 113 inactive connections
15:53:14.095 [reactor-http-nio-41] DEBUG reactor.netty.resources.PooledConnectionProvider - [id: 0x307222ea, L:/127.0.0.1:51747 - R:localhost/127.0.0.1:8083] Registering pool release on close event for channel
15:53:14.095 [reactor-http-nio-41] DEBUG reactor.netty.http.client.HttpClientConnect - [id: 0x307222ea, L:/127.0.0.1:51747 - R:localhost/127.0.0.1:8083] Handler is being applied: {uri=http://localhost:8083/userLocation?userId=f20b15b7-f7b3-4f6f-b563-e0ff81c3f6e2, method=GET}
15:53:14.096 [reactor-http-nio-48] DEBUG reactor.netty.resources.PooledConnectionProvider - [id: 0x77d5390b, L:/127.0.0.1:51931 - R:localhost/127.0.0.1:8083] onStateChange(PooledConnection{channel=[id: 0x77d5390b, L:/127.0.0.1:51931 - R:localhost/127.0.0.1:8083]}, [connected])
15:53:14.097 [reactor-http-nio-48] DEBUG reactor.netty.resources.PooledConnectionProvider - [id: 0x77d5390b, L:/127.0.0.1:51931 - R:localhost/127.0.0.1:8083] onStateChange(GET{uri=/, connection=PooledConnection{channel=[id: 0x77d5390b, L:/127.0.0.1:51931 - R:localhost/127.0.0.1:8083]}}, [configured])
15:53:14.097 [reactor-http-nio-48] DEBUG reactor.netty.resources.PooledConnectionProvider - [id: 0xfddb937f, L:/127.0.0.1:51940 - R:localhost/127.0.0.1:8083] onStateChange(PooledConnection{channel=[id: 0xfddb937f, L:/127.0.0.1:51940 - R:localhost/127.0.0.1:8083]}, [connected])
15:53:14.097 [reactor-http-nio-48] DEBUG reactor.netty.resources.PooledConnectionProvider - [id: 0xfddb937f, L:/127.0.0.1:51940 - R:localhost/127.0.0.1:8083] onStateChange(GET{uri=/, connection=PooledConnection{channel=[id: 0xfddb937f, L:/127.0.0.1:51940 - R:localhost/127.0.0.1:8083]}}, [configured])
15:53:14.097 [reactor-http-nio-46] DEBUG reactor.netty.resources.PooledConnectionProvider - [id: 0x72e5dab1, L:/127.0.0.1:51797 - R:localhost/127.0.0.1:8083] onStateChange(GET{uri=/userLocation?userId=a26189ba-ad29-4bc1-8cdd-69497deab952, connection=PooledConnection{channel=[id: 0x72e5dab1, L:/127.0.0.1:51797 - R:localhost/127.0.0.1:8083]}}, [request_sent])
15:53:14.097 [reactor-http-nio-46] DEBUG reactor.netty.resources.PooledConnectionProvider - [id: 0x72e5dab1, L:/127.0.0.1:51797 - R:localhost/127.0.0.1:8083] Channel connected, now 189 active connections and 112 inactive connections
15:53:14.097 [reactor-http-nio-46] DEBUG reactor.netty.resources.PooledConnectionProvider - [id: 0xe631b28c, L:/127.0.0.1:51804 - R:localhost/127.0.0.1:8083] Registering pool release on close event for channel
15:53:14.097 [reactor-http-nio-47] DEBUG reactor.netty.resources.PooledConnectionProvider - [id: 0x53e3235d, L:/127.0.0.1:51903 - R:localhost/127.0.0.1:8083] onStateChange(GET{uri=/userLocation?userId=88c2cb3b-3227-44c2-8f6f-29264039dcf5, connection=PooledConnection{channel=[id: 0x53e3235d, L:/127.0.0.1:51903 - R:localhost/127.0.0.1:8083]}}, [request_sent])
15:53:14.097 [reactor-http-nio-48] DEBUG reactor.netty.resources.PooledConnectionProvider - [id: 0xa0b7be75, L:/127.0.0.1:51941 - R:localhost/127.0.0.1:8083] onStateChange(PooledConnection{channel=[id: 0xa0b7be75, L:/127.0.0.1:51941 - R:localhost/127.0.0.1:8083]}, [connected])
15:53:14.097 [reactor-http-nio-48] DEBUG reactor.netty.resources.PooledConnectionProvider - [id: 0xa0b7be75, L:/127.0.0.1:51941 - R:localhost/127.0.0.1:8083] onStateChange(GET{uri=/, connection=PooledConnection{channel=[id: 0xa0b7be75, L:/127.0.0.1:51941 - R:localhost/127.0.0.1:8083]}}, [configured])
15:53:14.098 [reactor-http-nio-48] DEBUG reactor.netty.resources.PooledConnectionProvider - [id: 0x9d7faf15, L:/127.0.0.1:51948 - R:localhost/127.0.0.1:8083] onStateChange(PooledConnection{channel=[id: 0x9d7faf15, L:/127.0.0.1:51948 - R:localhost/127.0.0.1:8083]}, [connected])
15:53:14.098 [reactor-http-nio-48] DEBUG reactor.netty.resources.PooledConnectionProvider - [id: 0x9d7faf15, L:/127.0.0.1:51948 - R:localhost/127.0.0.1:8083] onStateChange(GET{uri=/, connection=PooledConnection{channel=[id: 0x9d7faf15, L:/127.0.0.1:51948 - R:localhost/127.0.0.1:8083]}}, [configured])
15:53:14.098 [reactor-http-nio-48] DEBUG reactor.netty.resources.PooledConnectionProvider - [id: 0x7b10d5b9, L:/127.0.0.1:51958 - R:localhost/127.0.0.1:8083] onStateChange(PooledConnection{channel=[id: 0x7b10d5b9, L:/127.0.0.1:51958 - R:localhost/127.0.0.1:8083]}, [connected])
15:53:14.098 [reactor-http-nio-48] DEBUG reactor.netty.resources.PooledConnectionProvider - [id: 0x7b10d5b9, L:/127.0.0.1:51958 - R:localhost/127.0.0.1:8083] onStateChange(GET{uri=/, connection=PooledConnection{channel=[id: 0x7b10d5b9, L:/127.0.0.1:51958 - R:localhost/127.0.0.1:8083]}}, [configured])
15:53:14.098 [reactor-http-nio-48] DEBUG reactor.netty.resources.PooledConnectionProvider - [id: 0x7a76d748, L:/127.0.0.1:51959 - R:localhost/127.0.0.1:8083] Registering pool release on close event for channel
15:53:14.098 [reactor-http-nio-48] DEBUG reactor.netty.resources.PooledConnectionProvider - [id: 0x7a76d748, L:/127.0.0.1:51959 - R:localhost/127.0.0.1:8083] Channel connected, now 191 active connections and 110 inactive connections
15:53:14.099 [reactor-http-nio-48] DEBUG reactor.netty.resources.PooledConnectionProvider - [id: 0x7a76d748, L:/127.0.0.1:51959 - R:localhost/127.0.0.1:8083] onStateChange(PooledConnection{channel=[id: 0x7a76d748, L:/127.0.0.1:51959 - R:localhost/127.0.0.1:8083]}, [connected])
15:53:14.099 [reactor-http-nio-48] DEBUG reactor.netty.resources.PooledConnectionProvider - [id: 0x7a76d748, L:/127.0.0.1:51959 - R:localhost/127.0.0.1:8083] onStateChange(GET{uri=/, connection=PooledConnection{channel=[id: 0x7a76d748, L:/127.0.0.1:51959 - R:localhost/127.0.0.1:8083]}}, [configured])
15:53:14.099 [reactor-http-nio-48] DEBUG reactor.netty.http.client.HttpClientConnect - [id: 0x7a76d748, L:/127.0.0.1:51959 - R:localhost/127.0.0.1:8083] Handler is being applied: {uri=http://localhost:8083/userLocation?userId=b32eea6e-4a09-4df8-82c0-d80e9412bdd8, method=GET}
15:53:14.097 [reactor-http-nio-46] DEBUG reactor.netty.http.client.HttpClientConnect - [id: 0xe631b28c, L:/127.0.0.1:51804 - R:localhost/127.0.0.1:8083] Handler is being applied: {uri=http://localhost:8083/userLocation?userId=48e53f4f-e105-461a-bf59-75b2c5982b15, method=GET}
15:53:14.100 [reactor-http-nio-41] DEBUG reactor.netty.resources.PooledConnectionProvider - [id: 0x307222ea, L:/127.0.0.1:51747 - R:localhost/127.0.0.1:8083] onStateChange(GET{uri=/userLocation?userId=f20b15b7-f7b3-4f6f-b563-e0ff81c3f6e2, connection=PooledConnection{channel=[id: 0x307222ea, L:/127.0.0.1:51747 - R:localhost/127.0.0.1:8083]}}, [request_sent])
15:53:14.100 [reactor-http-nio-41] DEBUG reactor.netty.resources.PooledConnectionProvider - [id: 0x307222ea, L:/127.0.0.1:51747 - R:localhost/127.0.0.1:8083] Channel connected, now 191 active connections and 110 inactive connections
15:53:14.100 [reactor-http-nio-41] DEBUG reactor.netty.resources.PooledConnectionProvider - [id: 0x7ed84751, L:/127.0.0.1:51753 - R:localhost/127.0.0.1:8083] Registering pool release on close event for channel
15:53:14.101 [reactor-http-nio-41] DEBUG reactor.netty.http.client.HttpClientConnect - [id: 0x7ed84751, L:/127.0.0.1:51753 - R:localhost/127.0.0.1:8083] Handler is being applied: {uri=http://localhost:8083/userLocation?userId=5f3998fd-f2d4-49ae-9b29-e2f60b730771, method=GET}
15:53:14.101 [reactor-http-nio-46] DEBUG reactor.netty.resources.PooledConnectionProvider - [id: 0xe631b28c, L:/127.0.0.1:51804 - R:localhost/127.0.0.1:8083] onStateChange(GET{uri=/userLocation?userId=48e53f4f-e105-461a-bf59-75b2c5982b15, connection=PooledConnection{channel=[id: 0xe631b28c, L:/127.0.0.1:51804 - R:localhost/127.0.0.1:8083]}}, [request_sent])
15:53:14.101 [reactor-http-nio-46] DEBUG reactor.netty.resources.PooledConnectionProvider - [id: 0xe631b28c, L:/127.0.0.1:51804 - R:localhost/127.0.0.1:8083] Channel connected, now 192 active connections and 109 inactive connections
15:53:14.101 [reactor-http-nio-46] DEBUG reactor.netty.resources.PooledConnectionProvider - [id: 0xe441070c, L:/127.0.0.1:51808 - R:localhost/127.0.0.1:8083] Registering pool release on close event for channel
15:53:14.101 [reactor-http-nio-46] DEBUG reactor.netty.http.client.HttpClientConnect - [id: 0xe441070c, L:/127.0.0.1:51808 - R:localhost/127.0.0.1:8083] Handler is being applied: {uri=http://localhost:8083/userLocation?userId=8492c52b-b7d3-4bfb-93e5-296375e4cab8, method=GET}
15:53:14.102 [reactor-http-nio-41] DEBUG reactor.netty.resources.PooledConnectionProvider - [id: 0x7ed84751, L:/127.0.0.1:51753 - R:localhost/127.0.0.1:8083] onStateChange(GET{uri=/userLocation?userId=5f3998fd-f2d4-49ae-9b29-e2f60b730771, connection=PooledConnection{channel=[id: 0x7ed84751, L:/127.0.0.1:51753 - R:localhost/127.0.0.1:8083]}}, [request_sent])
15:53:14.102 [reactor-http-nio-41] DEBUG reactor.netty.resources.PooledConnectionProvider - [id: 0x7ed84751, L:/127.0.0.1:51753 - R:localhost/127.0.0.1:8083] Channel connected, now 193 active connections and 108 inactive connections
15:53:14.102 [reactor-http-nio-41] DEBUG reactor.netty.resources.PooledConnectionProvider - [id: 0x48fc4dd2, L:/127.0.0.1:51755 - R:localhost/127.0.0.1:8083] Registering pool release on close event for channel
15:53:14.102 [reactor-http-nio-41] DEBUG reactor.netty.http.client.HttpClientConnect - [id: 0x48fc4dd2, L:/127.0.0.1:51755 - R:localhost/127.0.0.1:8083] Handler is being applied: {uri=http://localhost:8083/userLocation?userId=313a54f5-2fc6-4668-adb5-cb7950b88f8f, method=GET}
15:53:14.103 [reactor-http-nio-41] DEBUG reactor.netty.resources.PooledConnectionProvider - [id: 0x48fc4dd2, L:/127.0.0.1:51755 - R:localhost/127.0.0.1:8083] onStateChange(GET{uri=/userLocation?userId=313a54f5-2fc6-4668-adb5-cb7950b88f8f, connection=PooledConnection{channel=[id: 0x48fc4dd2, L:/127.0.0.1:51755 - R:localhost/127.0.0.1:8083]}}, [request_sent])
15:53:14.103 [reactor-http-nio-41] DEBUG reactor.netty.resources.PooledConnectionProvider - [id: 0x48fc4dd2, L:/127.0.0.1:51755 - R:localhost/127.0.0.1:8083] Channel connected, now 194 active connections and 107 inactive connections
15:53:14.103 [reactor-http-nio-41] DEBUG reactor.netty.resources.PooledConnectionProvider - [id: 0x5c46e8f5, L:/127.0.0.1:51758 - R:localhost/127.0.0.1:8083] Registering pool release on close event for channel
15:53:14.103 [reactor-http-nio-41] DEBUG reactor.netty.http.client.HttpClientConnect - [id: 0x5c46e8f5, L:/127.0.0.1:51758 - R:localhost/127.0.0.1:8083] Handler is being applied: {uri=http://localhost:8083/userLocation?userId=839fd9f1-efb9-42d3-b80f-caa194ab7c90, method=GET}
15:53:14.104 [reactor-http-nio-41] DEBUG reactor.netty.resources.PooledConnectionProvider - [id: 0x5c46e8f5, L:/127.0.0.1:51758 - R:localhost/127.0.0.1:8083] onStateChange(GET{uri=/userLocation?userId=839fd9f1-efb9-42d3-b80f-caa194ab7c90, connection=PooledConnection{channel=[id: 0x5c46e8f5, L:/127.0.0.1:51758 - R:localhost/127.0.0.1:8083]}}, [request_sent])
15:53:14.104 [reactor-http-nio-41] DEBUG reactor.netty.resources.PooledConnectionProvider - [id: 0x5c46e8f5, L:/127.0.0.1:51758 - R:localhost/127.0.0.1:8083] Channel connected, now 195 active connections and 106 inactive connections
15:53:14.104 [reactor-http-nio-41] DEBUG reactor.netty.resources.PooledConnectionProvider - [id: 0x67f8f13a, L:/127.0.0.1:51763 - R:localhost/127.0.0.1:8083] Registering pool release on close event for channel
15:53:14.104 [reactor-http-nio-41] DEBUG reactor.netty.http.client.HttpClientConnect - [id: 0x67f8f13a, L:/127.0.0.1:51763 - R:localhost/127.0.0.1:8083] Handler is being applied: {uri=http://localhost:8083/userLocation?userId=50120c4b-a862-4b8f-8f6f-7b3b94c1459c, method=GET}
15:53:14.105 [reactor-http-nio-41] DEBUG reactor.netty.resources.PooledConnectionProvider - [id: 0x67f8f13a, L:/127.0.0.1:51763 - R:localhost/127.0.0.1:8083] onStateChange(GET{uri=/userLocation?userId=50120c4b-a862-4b8f-8f6f-7b3b94c1459c, connection=PooledConnection{channel=[id: 0x67f8f13a, L:/127.0.0.1:51763 - R:localhost/127.0.0.1:8083]}}, [request_sent])
15:53:14.105 [reactor-http-nio-41] DEBUG reactor.netty.resources.PooledConnectionProvider - [id: 0x67f8f13a, L:/127.0.0.1:51763 - R:localhost/127.0.0.1:8083] Channel connected, now 196 active connections and 105 inactive connections
15:53:14.106 [reactor-http-nio-41] DEBUG reactor.netty.resources.PooledConnectionProvider - [id: 0xabcec1ab, L:/127.0.0.1:51770 - R:localhost/127.0.0.1:8083] Registering pool release on close event for channel
15:53:14.106 [reactor-http-nio-41] DEBUG reactor.netty.http.client.HttpClientConnect - [id: 0xabcec1ab, L:/127.0.0.1:51770 - R:localhost/127.0.0.1:8083] Handler is being applied: {uri=http://localhost:8083/userLocation?userId=08e97f18-a490-4149-9c2e-136eb8957ab6, method=GET}
15:53:14.107 [reactor-http-nio-48] DEBUG reactor.netty.resources.PooledConnectionProvider - [id: 0x7a76d748, L:/127.0.0.1:51959 - R:localhost/127.0.0.1:8083] onStateChange(GET{uri=/userLocation?userId=b32eea6e-4a09-4df8-82c0-d80e9412bdd8, connection=PooledConnection{channel=[id: 0x7a76d748, L:/127.0.0.1:51959 - R:localhost/127.0.0.1:8083]}}, [request_sent])
15:53:14.108 [reactor-http-nio-41] DEBUG reactor.netty.resources.PooledConnectionProvider - [id: 0xabcec1ab, L:/127.0.0.1:51770 - R:localhost/127.0.0.1:8083] onStateChange(GET{uri=/userLocation?userId=08e97f18-a490-4149-9c2e-136eb8957ab6, connection=PooledConnection{channel=[id: 0xabcec1ab, L:/127.0.0.1:51770 - R:localhost/127.0.0.1:8083]}}, [request_sent])
15:53:14.108 [reactor-http-nio-41] DEBUG reactor.netty.resources.PooledConnectionProvider - [id: 0xabcec1ab, L:/127.0.0.1:51770 - R:localhost/127.0.0.1:8083] Channel connected, now 197 active connections and 104 inactive connections
15:53:14.108 [reactor-http-nio-48] DEBUG reactor.netty.resources.PooledConnectionProvider - [id: 0x52b43451, L:/127.0.0.1:51966 - R:localhost/127.0.0.1:8083] onStateChange(PooledConnection{channel=[id: 0x52b43451, L:/127.0.0.1:51966 - R:localhost/127.0.0.1:8083]}, [connected])
15:53:14.108 [reactor-http-nio-41] DEBUG reactor.netty.resources.PooledConnectionProvider - [id: 0x4f2e6241, L:/127.0.0.1:51772 - R:localhost/127.0.0.1:8083] Registering pool release on close event for channel
15:53:14.108 [reactor-http-nio-41] DEBUG reactor.netty.http.client.HttpClientConnect - [id: 0x4f2e6241, L:/127.0.0.1:51772 - R:localhost/127.0.0.1:8083] Handler is being applied: {uri=http://localhost:8083/userLocation?userId=82b29bb7-3818-4c7e-a650-0ae9da3921af, method=GET}
15:53:14.109 [reactor-http-nio-46] DEBUG reactor.netty.resources.PooledConnectionProvider - [id: 0xe441070c, L:/127.0.0.1:51808 - R:localhost/127.0.0.1:8083] onStateChange(GET{uri=/userLocation?userId=8492c52b-b7d3-4bfb-93e5-296375e4cab8, connection=PooledConnection{channel=[id: 0xe441070c, L:/127.0.0.1:51808 - R:localhost/127.0.0.1:8083]}}, [request_sent])
15:53:14.109 [reactor-http-nio-46] DEBUG reactor.netty.resources.PooledConnectionProvider - [id: 0xe441070c, L:/127.0.0.1:51808 - R:localhost/127.0.0.1:8083] Channel connected, now 198 active connections and 103 inactive connections
15:53:14.109 [reactor-http-nio-46] DEBUG reactor.netty.resources.PooledConnectionProvider - [id: 0xefddac86, L:/127.0.0.1:51812 - R:localhost/127.0.0.1:8083] Registering pool release on close event for channel
15:53:14.109 [reactor-http-nio-46] DEBUG reactor.netty.http.client.HttpClientConnect - [id: 0xefddac86, L:/127.0.0.1:51812 - R:localhost/127.0.0.1:8083] Handler is being applied: {uri=http://localhost:8083/userLocation?userId=2a1be45a-3cae-483d-8741-ef5976ed0f2c, method=GET}
15:53:14.110 [reactor-http-nio-41] DEBUG reactor.netty.resources.PooledConnectionProvider - [id: 0x4f2e6241, L:/127.0.0.1:51772 - R:localhost/127.0.0.1:8083] onStateChange(GET{uri=/userLocation?userId=82b29bb7-3818-4c7e-a650-0ae9da3921af, connection=PooledConnection{channel=[id: 0x4f2e6241, L:/127.0.0.1:51772 - R:localhost/127.0.0.1:8083]}}, [request_sent])
15:53:14.108 [reactor-http-nio-48] DEBUG reactor.netty.resources.PooledConnectionProvider - [id: 0x52b43451, L:/127.0.0.1:51966 - R:localhost/127.0.0.1:8083] onStateChange(GET{uri=/, connection=PooledConnection{channel=[id: 0x52b43451, L:/127.0.0.1:51966 - R:localhost/127.0.0.1:8083]}}, [configured])
15:53:14.110 [reactor-http-nio-41] DEBUG reactor.netty.resources.PooledConnectionProvider - [id: 0x4f2e6241, L:/127.0.0.1:51772 - R:localhost/127.0.0.1:8083] Channel connected, now 199 active connections and 102 inactive connections
15:53:14.110 [reactor-http-nio-41] DEBUG reactor.netty.resources.PooledConnectionProvider - [id: 0xd240e1c5, L:/127.0.0.1:51773 - R:localhost/127.0.0.1:8083] Registering pool release on close event for channel
15:53:14.110 [reactor-http-nio-41] DEBUG reactor.netty.http.client.HttpClientConnect - [id: 0xd240e1c5, L:/127.0.0.1:51773 - R:localhost/127.0.0.1:8083] Handler is being applied: {uri=http://localhost:8083/userLocation?userId=647c62c0-3290-4677-a999-616603e75d37, method=GET}
15:53:14.110 [reactor-http-nio-46] DEBUG reactor.netty.resources.PooledConnectionProvider - [id: 0xefddac86, L:/127.0.0.1:51812 - R:localhost/127.0.0.1:8083] onStateChange(GET{uri=/userLocation?userId=2a1be45a-3cae-483d-8741-ef5976ed0f2c, connection=PooledConnection{channel=[id: 0xefddac86, L:/127.0.0.1:51812 - R:localhost/127.0.0.1:8083]}}, [request_sent])
15:53:14.111 [reactor-http-nio-46] DEBUG reactor.netty.resources.PooledConnectionProvider - [id: 0xefddac86, L:/127.0.0.1:51812 - R:localhost/127.0.0.1:8083] Channel connected, now 200 active connections and 101 inactive connections
15:53:14.111 [reactor-http-nio-46] DEBUG reactor.netty.resources.PooledConnectionProvider - [id: 0xad15f065, L:/127.0.0.1:51819 - R:localhost/127.0.0.1:8083] Registering pool release on close event for channel
15:53:14.110 [reactor-http-nio-48] DEBUG reactor.netty.resources.PooledConnectionProvider - [id: 0x64fd7ec9, L:/127.0.0.1:51967 - R:localhost/127.0.0.1:8083] onStateChange(PooledConnection{channel=[id: 0x64fd7ec9, L:/127.0.0.1:51967 - R:localhost/127.0.0.1:8083]}, [connected])
15:53:14.111 [reactor-http-nio-46] DEBUG reactor.netty.http.client.HttpClientConnect - [id: 0xad15f065, L:/127.0.0.1:51819 - R:localhost/127.0.0.1:8083] Handler is being applied: {uri=http://localhost:8083/userLocation?userId=4dd2a22e-e8a7-4b63-a707-568281ce85d1, method=GET}
15:53:14.111 [reactor-http-nio-48] DEBUG reactor.netty.resources.PooledConnectionProvider - [id: 0x64fd7ec9, L:/127.0.0.1:51967 - R:localhost/127.0.0.1:8083] onStateChange(GET{uri=/, connection=PooledConnection{channel=[id: 0x64fd7ec9, L:/127.0.0.1:51967 - R:localhost/127.0.0.1:8083]}}, [configured])
15:53:14.112 [reactor-http-nio-48] DEBUG reactor.netty.resources.PooledConnectionProvider - [id: 0xd62a591a, L:/127.0.0.1:51974 - R:localhost/127.0.0.1:8083] onStateChange(PooledConnection{channel=[id: 0xd62a591a, L:/127.0.0.1:51974 - R:localhost/127.0.0.1:8083]}, [connected])
15:53:14.112 [reactor-http-nio-48] DEBUG reactor.netty.resources.PooledConnectionProvider - [id: 0xd62a591a, L:/127.0.0.1:51974 - R:localhost/127.0.0.1:8083] onStateChange(GET{uri=/, connection=PooledConnection{channel=[id: 0xd62a591a, L:/127.0.0.1:51974 - R:localhost/127.0.0.1:8083]}}, [configured])
15:53:14.112 [reactor-http-nio-41] DEBUG reactor.netty.resources.PooledConnectionProvider - [id: 0xd240e1c5, L:/127.0.0.1:51773 - R:localhost/127.0.0.1:8083] onStateChange(GET{uri=/userLocation?userId=647c62c0-3290-4677-a999-616603e75d37, connection=PooledConnection{channel=[id: 0xd240e1c5, L:/127.0.0.1:51773 - R:localhost/127.0.0.1:8083]}}, [request_sent])
15:53:14.112 [reactor-http-nio-48] DEBUG reactor.netty.resources.PooledConnectionProvider - [id: 0x6a55ffeb, L:/127.0.0.1:51975 - R:localhost/127.0.0.1:8083] onStateChange(PooledConnection{channel=[id: 0x6a55ffeb, L:/127.0.0.1:51975 - R:localhost/127.0.0.1:8083]}, [connected])
15:53:14.112 [reactor-http-nio-41] DEBUG reactor.netty.resources.PooledConnectionProvider - [id: 0xd240e1c5, L:/127.0.0.1:51773 - R:localhost/127.0.0.1:8083] Channel connected, now 201 active connections and 100 inactive connections
15:53:14.112 [reactor-http-nio-41] DEBUG reactor.netty.resources.PooledConnectionProvider - [id: 0x26eb73e5, L:/127.0.0.1:51781 - R:localhost/127.0.0.1:8083] Registering pool release on close event for channel
15:53:14.112 [reactor-http-nio-41] DEBUG reactor.netty.http.client.HttpClientConnect - [id: 0x26eb73e5, L:/127.0.0.1:51781 - R:localhost/127.0.0.1:8083] Handler is being applied: {uri=http://localhost:8083/userLocation?userId=48e53f4f-e105-461a-bf59-75b2c5982b15, method=GET}
15:53:14.112 [reactor-http-nio-48] DEBUG reactor.netty.resources.PooledConnectionProvider - [id: 0x6a55ffeb, L:/127.0.0.1:51975 - R:localhost/127.0.0.1:8083] onStateChange(GET{uri=/, connection=PooledConnection{channel=[id: 0x6a55ffeb, L:/127.0.0.1:51975 - R:localhost/127.0.0.1:8083]}}, [configured])
15:53:14.112 [reactor-http-nio-48] DEBUG reactor.netty.resources.PooledConnectionProvider - [id: 0x81d5694b, L:/127.0.0.1:51900 - R:localhost/127.0.0.1:8083] Registering pool release on close event for channel
15:53:14.112 [reactor-http-nio-48] DEBUG reactor.netty.http.client.HttpClientConnect - [id: 0x81d5694b, L:/127.0.0.1:51900 - R:localhost/127.0.0.1:8083] Handler is being applied: {uri=http://localhost:8083/userLocation?userId=a975f90b-de9b-474f-b837-80fbda4e7d46, method=GET}
15:53:14.112 [reactor-http-nio-46] DEBUG reactor.netty.resources.PooledConnectionProvider - [id: 0xad15f065, L:/127.0.0.1:51819 - R:localhost/127.0.0.1:8083] onStateChange(GET{uri=/userLocation?userId=4dd2a22e-e8a7-4b63-a707-568281ce85d1, connection=PooledConnection{channel=[id: 0xad15f065, L:/127.0.0.1:51819 - R:localhost/127.0.0.1:8083]}}, [request_sent])
15:53:14.113 [reactor-http-nio-46] DEBUG reactor.netty.resources.PooledConnectionProvider - [id: 0xad15f065, L:/127.0.0.1:51819 - R:localhost/127.0.0.1:8083] Channel connected, now 203 active connections and 98 inactive connections
15:53:14.113 [reactor-http-nio-46] DEBUG reactor.netty.resources.PooledConnectionProvider - [id: 0xa3d0f544, L:/127.0.0.1:51821 - R:localhost/127.0.0.1:8083] Registering pool release on close event for channel
15:53:14.113 [reactor-http-nio-46] DEBUG reactor.netty.http.client.HttpClientConnect - [id: 0xa3d0f544, L:/127.0.0.1:51821 - R:localhost/127.0.0.1:8083] Handler is being applied: {uri=http://localhost:8083/userLocation?userId=312d26d8-02da-48e0-b509-149fa782e3a9, method=GET}
15:53:14.113 [reactor-http-nio-41] DEBUG reactor.netty.resources.PooledConnectionProvider - [id: 0x26eb73e5, L:/127.0.0.1:51781 - R:localhost/127.0.0.1:8083] onStateChange(GET{uri=/userLocation?userId=48e53f4f-e105-461a-bf59-75b2c5982b15, connection=PooledConnection{channel=[id: 0x26eb73e5, L:/127.0.0.1:51781 - R:localhost/127.0.0.1:8083]}}, [request_sent])
15:53:14.113 [reactor-http-nio-41] DEBUG reactor.netty.resources.PooledConnectionProvider - [id: 0x26eb73e5, L:/127.0.0.1:51781 - R:localhost/127.0.0.1:8083] Channel connected, now 204 active connections and 97 inactive connections
15:53:14.113 [reactor-http-nio-41] DEBUG reactor.netty.resources.PooledConnectionProvider - [id: 0x22744470, L:/127.0.0.1:51785 - R:localhost/127.0.0.1:8083] Registering pool release on close event for channel
15:53:14.113 [reactor-http-nio-41] DEBUG reactor.netty.http.client.HttpClientConnect - [id: 0x22744470, L:/127.0.0.1:51785 - R:localhost/127.0.0.1:8083] Handler is being applied: {uri=http://localhost:8083/userLocation?userId=fe67373d-7a3d-44dc-9cb4-d00e0b09cf29, method=GET}
15:53:14.114 [reactor-http-nio-46] DEBUG reactor.netty.resources.PooledConnectionProvider - [id: 0xa3d0f544, L:/127.0.0.1:51821 - R:localhost/127.0.0.1:8083] onStateChange(GET{uri=/userLocation?userId=312d26d8-02da-48e0-b509-149fa782e3a9, connection=PooledConnection{channel=[id: 0xa3d0f544, L:/127.0.0.1:51821 - R:localhost/127.0.0.1:8083]}}, [request_sent])
15:53:14.114 [reactor-http-nio-46] DEBUG reactor.netty.resources.PooledConnectionProvider - [id: 0xa3d0f544, L:/127.0.0.1:51821 - R:localhost/127.0.0.1:8083] Channel connected, now 205 active connections and 96 inactive connections
15:53:14.114 [reactor-http-nio-46] DEBUG reactor.netty.resources.PooledConnectionProvider - [id: 0x36ae5eff, L:/127.0.0.1:51822 - R:localhost/127.0.0.1:8083] Registering pool release on close event for channel
15:53:14.114 [reactor-http-nio-48] DEBUG reactor.netty.resources.PooledConnectionProvider - [id: 0x81d5694b, L:/127.0.0.1:51900 - R:localhost/127.0.0.1:8083] onStateChange(GET{uri=/userLocation?userId=a975f90b-de9b-474f-b837-80fbda4e7d46, connection=PooledConnection{channel=[id: 0x81d5694b, L:/127.0.0.1:51900 - R:localhost/127.0.0.1:8083]}}, [request_sent])
15:53:14.114 [reactor-http-nio-46] DEBUG reactor.netty.http.client.HttpClientConnect - [id: 0x36ae5eff, L:/127.0.0.1:51822 - R:localhost/127.0.0.1:8083] Handler is being applied: {uri=http://localhost:8083/userLocation?userId=313a54f5-2fc6-4668-adb5-cb7950b88f8f, method=GET}
15:53:14.114 [reactor-http-nio-48] DEBUG reactor.netty.resources.PooledConnectionProvider - [id: 0x81d5694b, L:/127.0.0.1:51900 - R:localhost/127.0.0.1:8083] Channel connected, now 206 active connections and 95 inactive connections
15:53:14.114 [reactor-http-nio-48] DEBUG reactor.netty.resources.PooledConnectionProvider - [id: 0x8875bf90, L:/127.0.0.1:51907 - R:localhost/127.0.0.1:8083] Registering pool release on close event for channel
15:53:14.114 [reactor-http-nio-48] DEBUG reactor.netty.http.client.HttpClientConnect - [id: 0x8875bf90, L:/127.0.0.1:51907 - R:localhost/127.0.0.1:8083] Handler is being applied: {uri=http://localhost:8083/userLocation?userId=fb0946d9-85e9-4622-af6d-33e6a4417056, method=GET}
15:53:14.114 [reactor-http-nio-41] DEBUG reactor.netty.resources.PooledConnectionProvider - [id: 0x22744470, L:/127.0.0.1:51785 - R:localhost/127.0.0.1:8083] onStateChange(GET{uri=/userLocation?userId=fe67373d-7a3d-44dc-9cb4-d00e0b09cf29, connection=PooledConnection{channel=[id: 0x22744470, L:/127.0.0.1:51785 - R:localhost/127.0.0.1:8083]}}, [request_sent])
15:53:14.114 [reactor-http-nio-41] DEBUG reactor.netty.resources.PooledConnectionProvider - [id: 0x22744470, L:/127.0.0.1:51785 - R:localhost/127.0.0.1:8083] Channel connected, now 207 active connections and 94 inactive connections
15:53:14.114 [reactor-http-nio-41] DEBUG reactor.netty.resources.PooledConnectionProvider - [id: 0xe848c2c1, L:/127.0.0.1:51736 - R:localhost/127.0.0.1:8083] Registering pool release on close event for channel
15:53:14.114 [reactor-http-nio-41] DEBUG reactor.netty.http.client.HttpClientConnect - [id: 0xe848c2c1, L:/127.0.0.1:51736 - R:localhost/127.0.0.1:8083] Handler is being applied: {uri=http://localhost:8083/userLocation?userId=3e2c0ae5-b0d7-4b41-9397-d6d35e1e7618, method=GET}
15:53:14.114 [reactor-http-nio-46] DEBUG reactor.netty.resources.PooledConnectionProvider - [id: 0x36ae5eff, L:/127.0.0.1:51822 - R:localhost/127.0.0.1:8083] onStateChange(GET{uri=/userLocation?userId=313a54f5-2fc6-4668-adb5-cb7950b88f8f, connection=PooledConnection{channel=[id: 0x36ae5eff, L:/127.0.0.1:51822 - R:localhost/127.0.0.1:8083]}}, [request_sent])
15:53:14.114 [reactor-http-nio-46] DEBUG reactor.netty.resources.PooledConnectionProvider - [id: 0x36ae5eff, L:/127.0.0.1:51822 - R:localhost/127.0.0.1:8083] Channel connected, now 208 active connections and 93 inactive connections
15:53:14.115 [reactor-http-nio-46] DEBUG reactor.netty.resources.PooledConnectionProvider - [id: 0xed17734c, L:/127.0.0.1:51825 - R:localhost/127.0.0.1:8083] Registering pool release on close event for channel
15:53:14.115 [reactor-http-nio-46] DEBUG reactor.netty.http.client.HttpClientConnect - [id: 0xed17734c, L:/127.0.0.1:51825 - R:localhost/127.0.0.1:8083] Handler is being applied: {uri=http://localhost:8083/userLocation?userId=cf5f7f30-4f9e-488a-8e3b-f9697d5069bc, method=GET}
15:53:14.115 [reactor-http-nio-41] DEBUG reactor.netty.resources.PooledConnectionProvider - [id: 0xe848c2c1, L:/127.0.0.1:51736 - R:localhost/127.0.0.1:8083] onStateChange(GET{uri=/userLocation?userId=3e2c0ae5-b0d7-4b41-9397-d6d35e1e7618, connection=PooledConnection{channel=[id: 0xe848c2c1, L:/127.0.0.1:51736 - R:localhost/127.0.0.1:8083]}}, [request_sent])
15:53:14.115 [reactor-http-nio-41] DEBUG reactor.netty.resources.PooledConnectionProvider - [id: 0xe848c2c1, L:/127.0.0.1:51736 - R:localhost/127.0.0.1:8083] Channel connected, now 209 active connections and 92 inactive connections
15:53:14.115 [reactor-http-nio-41] DEBUG reactor.netty.resources.PooledConnectionProvider - [id: 0x7286e1e8, L:/127.0.0.1:51739 - R:localhost/127.0.0.1:8083] Registering pool release on close event for channel
15:53:14.115 [reactor-http-nio-41] DEBUG reactor.netty.http.client.HttpClientConnect - [id: 0x7286e1e8, L:/127.0.0.1:51739 - R:localhost/127.0.0.1:8083] Handler is being applied: {uri=http://localhost:8083/userLocation?userId=00e4fd95-5bba-49ef-ae9e-9ec2272c31b0, method=GET}
15:53:14.115 [reactor-http-nio-48] DEBUG reactor.netty.resources.PooledConnectionProvider - [id: 0x8875bf90, L:/127.0.0.1:51907 - R:localhost/127.0.0.1:8083] onStateChange(GET{uri=/userLocation?userId=fb0946d9-85e9-4622-af6d-33e6a4417056, connection=PooledConnection{channel=[id: 0x8875bf90, L:/127.0.0.1:51907 - R:localhost/127.0.0.1:8083]}}, [request_sent])
15:53:14.115 [reactor-http-nio-48] DEBUG reactor.netty.resources.PooledConnectionProvider - [id: 0x8875bf90, L:/127.0.0.1:51907 - R:localhost/127.0.0.1:8083] Channel connected, now 210 active connections and 91 inactive connections
15:53:14.115 [reactor-http-nio-48] DEBUG reactor.netty.resources.PooledConnectionProvider - [id: 0xbf312382, L:/127.0.0.1:51979 - R:localhost/127.0.0.1:8083] Registering pool release on close event for channel
15:53:14.115 [reactor-http-nio-46] DEBUG reactor.netty.resources.PooledConnectionProvider - [id: 0xed17734c, L:/127.0.0.1:51825 - R:localhost/127.0.0.1:8083] onStateChange(GET{uri=/userLocation?userId=cf5f7f30-4f9e-488a-8e3b-f9697d5069bc, connection=PooledConnection{channel=[id: 0xed17734c, L:/127.0.0.1:51825 - R:localhost/127.0.0.1:8083]}}, [request_sent])
15:53:14.115 [reactor-http-nio-46] DEBUG reactor.netty.resources.PooledConnectionProvider - [id: 0xed17734c, L:/127.0.0.1:51825 - R:localhost/127.0.0.1:8083] Channel connected, now 211 active connections and 90 inactive connections
15:53:14.116 [reactor-http-nio-46] DEBUG reactor.netty.resources.PooledConnectionProvider - [id: 0xe6317c04, L:/127.0.0.1:51827 - R:localhost/127.0.0.1:8083] Registering pool release on close event for channel
15:53:14.116 [reactor-http-nio-46] DEBUG reactor.netty.http.client.HttpClientConnect - [id: 0xe6317c04, L:/127.0.0.1:51827 - R:localhost/127.0.0.1:8083] Handler is being applied: {uri=http://localhost:8083/userLocation?userId=a6863384-d596-4e00-ae17-a598d1b84a52, method=GET}
15:53:14.115 [reactor-http-nio-48] DEBUG reactor.netty.http.client.HttpClientConnect - [id: 0xbf312382, L:/127.0.0.1:51979 - R:localhost/127.0.0.1:8083] Handler is being applied: {uri=http://localhost:8083/userLocation?userId=f90542d1-92dd-4a05-aa1f-366fea9313e4, method=GET}
15:53:14.116 [reactor-http-nio-41] DEBUG reactor.netty.resources.PooledConnectionProvider - [id: 0x7286e1e8, L:/127.0.0.1:51739 - R:localhost/127.0.0.1:8083] onStateChange(GET{uri=/userLocation?userId=00e4fd95-5bba-49ef-ae9e-9ec2272c31b0, connection=PooledConnection{channel=[id: 0x7286e1e8, L:/127.0.0.1:51739 - R:localhost/127.0.0.1:8083]}}, [request_sent])
15:53:14.116 [reactor-http-nio-41] DEBUG reactor.netty.resources.PooledConnectionProvider - [id: 0x7286e1e8, L:/127.0.0.1:51739 - R:localhost/127.0.0.1:8083] Channel connected, now 212 active connections and 89 inactive connections
15:53:14.116 [reactor-http-nio-41] DEBUG reactor.netty.resources.PooledConnectionProvider - [id: 0xed0ba0e1, L:/127.0.0.1:51752 - R:localhost/127.0.0.1:8083] Registering pool release on close event for channel
15:53:14.116 [reactor-http-nio-41] DEBUG reactor.netty.http.client.HttpClientConnect - [id: 0xed0ba0e1, L:/127.0.0.1:51752 - R:localhost/127.0.0.1:8083] Handler is being applied: {uri=http://localhost:8083/userLocation?userId=27f9dd78-8eb6-400a-a18e-c3c94ddc3b69, method=GET}
15:53:14.116 [reactor-http-nio-46] DEBUG reactor.netty.resources.PooledConnectionProvider - [id: 0xe6317c04, L:/127.0.0.1:51827 - R:localhost/127.0.0.1:8083] onStateChange(GET{uri=/userLocation?userId=a6863384-d596-4e00-ae17-a598d1b84a52, connection=PooledConnection{channel=[id: 0xe6317c04, L:/127.0.0.1:51827 - R:localhost/127.0.0.1:8083]}}, [request_sent])
15:53:14.116 [reactor-http-nio-46] DEBUG reactor.netty.resources.PooledConnectionProvider - [id: 0xe6317c04, L:/127.0.0.1:51827 - R:localhost/127.0.0.1:8083] Channel connected, now 213 active connections and 88 inactive connections
15:53:14.117 [reactor-http-nio-46] DEBUG reactor.netty.resources.PooledConnectionProvider - [id: 0x8e4bf8f0, L:/127.0.0.1:51754 - R:localhost/127.0.0.1:8083] Registering pool release on close event for channel
15:53:14.117 [reactor-http-nio-46] DEBUG reactor.netty.http.client.HttpClientConnect - [id: 0x8e4bf8f0, L:/127.0.0.1:51754 - R:localhost/127.0.0.1:8083] Handler is being applied: {uri=http://localhost:8083/userLocation?userId=c586d8d7-deed-4ba5-9eae-adc9f7c52195, method=GET}
15:53:14.117 [reactor-http-nio-48] DEBUG reactor.netty.resources.PooledConnectionProvider - [id: 0xbf312382, L:/127.0.0.1:51979 - R:localhost/127.0.0.1:8083] onStateChange(GET{uri=/userLocation?userId=f90542d1-92dd-4a05-aa1f-366fea9313e4, connection=PooledConnection{channel=[id: 0xbf312382, L:/127.0.0.1:51979 - R:localhost/127.0.0.1:8083]}}, [request_sent])
15:53:14.117 [reactor-http-nio-48] DEBUG reactor.netty.resources.PooledConnectionProvider - [id: 0xbf312382, L:/127.0.0.1:51979 - R:localhost/127.0.0.1:8083] Channel connected, now 214 active connections and 87 inactive connections
15:53:14.117 [reactor-http-nio-48] DEBUG reactor.netty.resources.PooledConnectionProvider - [id: 0x84cc2992, L:/127.0.0.1:51922 - R:localhost/127.0.0.1:8083] Registering pool release on close event for channel
15:53:14.117 [reactor-http-nio-48] DEBUG reactor.netty.http.client.HttpClientConnect - [id: 0x84cc2992, L:/127.0.0.1:51922 - R:localhost/127.0.0.1:8083] Handler is being applied: {uri=http://localhost:8083/userLocation?userId=ce9750d0-cc20-45f5-974d-c75bc9b10d91, method=GET}
15:53:14.117 [reactor-http-nio-46] DEBUG reactor.netty.resources.PooledConnectionProvider - [id: 0x8e4bf8f0, L:/127.0.0.1:51754 - R:localhost/127.0.0.1:8083] onStateChange(GET{uri=/userLocation?userId=c586d8d7-deed-4ba5-9eae-adc9f7c52195, connection=PooledConnection{channel=[id: 0x8e4bf8f0, L:/127.0.0.1:51754 - R:localhost/127.0.0.1:8083]}}, [request_sent])
15:53:14.118 [reactor-http-nio-46] DEBUG reactor.netty.resources.PooledConnectionProvider - [id: 0x8e4bf8f0, L:/127.0.0.1:51754 - R:localhost/127.0.0.1:8083] Channel connected, now 215 active connections and 86 inactive connections
15:53:14.118 [reactor-http-nio-46] DEBUG reactor.netty.resources.PooledConnectionProvider - [id: 0x6bcb25c4, L:/127.0.0.1:51759 - R:localhost/127.0.0.1:8083] Registering pool release on close event for channel
15:53:14.118 [reactor-http-nio-48] DEBUG reactor.netty.resources.PooledConnectionProvider - [id: 0x84cc2992, L:/127.0.0.1:51922 - R:localhost/127.0.0.1:8083] onStateChange(GET{uri=/userLocation?userId=ce9750d0-cc20-45f5-974d-c75bc9b10d91, connection=PooledConnection{channel=[id: 0x84cc2992, L:/127.0.0.1:51922 - R:localhost/127.0.0.1:8083]}}, [request_sent])
15:53:14.118 [reactor-http-nio-48] DEBUG reactor.netty.resources.PooledConnectionProvider - [id: 0x84cc2992, L:/127.0.0.1:51922 - R:localhost/127.0.0.1:8083] Channel connected, now 216 active connections and 85 inactive connections
15:53:14.118 [reactor-http-nio-48] DEBUG reactor.netty.resources.PooledConnectionProvider - [id: 0xd46a2218, L:/127.0.0.1:51930 - R:localhost/127.0.0.1:8083] Registering pool release on close event for channel
15:53:14.118 [reactor-http-nio-48] DEBUG reactor.netty.http.client.HttpClientConnect - [id: 0xd46a2218, L:/127.0.0.1:51930 - R:localhost/127.0.0.1:8083] Handler is being applied: {uri=http://localhost:8083/userLocation?userId=77090ab4-0160-4313-ab32-4e78cf9de773, method=GET}
15:53:14.118 [reactor-http-nio-46] DEBUG reactor.netty.http.client.HttpClientConnect - [id: 0x6bcb25c4, L:/127.0.0.1:51759 - R:localhost/127.0.0.1:8083] Handler is being applied: {uri=http://localhost:8083/userLocation?userId=b32eea6e-4a09-4df8-82c0-d80e9412bdd8, method=GET}
15:53:14.119 [reactor-http-nio-46] DEBUG reactor.netty.resources.PooledConnectionProvider - [id: 0x6bcb25c4, L:/127.0.0.1:51759 - R:localhost/127.0.0.1:8083] onStateChange(GET{uri=/userLocation?userId=b32eea6e-4a09-4df8-82c0-d80e9412bdd8, connection=PooledConnection{channel=[id: 0x6bcb25c4, L:/127.0.0.1:51759 - R:localhost/127.0.0.1:8083]}}, [request_sent])
15:53:14.119 [reactor-http-nio-46] DEBUG reactor.netty.resources.PooledConnectionProvider - [id: 0x6bcb25c4, L:/127.0.0.1:51759 - R:localhost/127.0.0.1:8083] Channel connected, now 217 active connections and 84 inactive connections
15:53:14.119 [reactor-http-nio-48] DEBUG reactor.netty.resources.PooledConnectionProvider - [id: 0xd46a2218, L:/127.0.0.1:51930 - R:localhost/127.0.0.1:8083] onStateChange(GET{uri=/userLocation?userId=77090ab4-0160-4313-ab32-4e78cf9de773, connection=PooledConnection{channel=[id: 0xd46a2218, L:/127.0.0.1:51930 - R:localhost/127.0.0.1:8083]}}, [request_sent])
15:53:14.119 [reactor-http-nio-48] DEBUG reactor.netty.resources.PooledConnectionProvider - [id: 0xd46a2218, L:/127.0.0.1:51930 - R:localhost/127.0.0.1:8083] Channel connected, now 218 active connections and 83 inactive connections
15:53:14.120 [reactor-http-nio-48] DEBUG reactor.netty.resources.PooledConnectionProvider - [id: 0x068de3e1, L:/127.0.0.1:51918 - R:localhost/127.0.0.1:8083] Registering pool release on close event for channel
15:53:14.120 [reactor-http-nio-48] DEBUG reactor.netty.http.client.HttpClientConnect - [id: 0x068de3e1, L:/127.0.0.1:51918 - R:localhost/127.0.0.1:8083] Handler is being applied: {uri=http://localhost:8083/userLocation?userId=36d31ffd-69ff-47a4-a141-7cfc9495185e, method=GET}
15:53:14.120 [reactor-http-nio-41] DEBUG reactor.netty.resources.PooledConnectionProvider - [id: 0xed0ba0e1, L:/127.0.0.1:51752 - R:localhost/127.0.0.1:8083] onStateChange(GET{uri=/userLocation?userId=27f9dd78-8eb6-400a-a18e-c3c94ddc3b69, connection=PooledConnection{channel=[id: 0xed0ba0e1, L:/127.0.0.1:51752 - R:localhost/127.0.0.1:8083]}}, [request_sent])
15:53:14.120 [reactor-http-nio-47] DEBUG reactor.netty.resources.PooledConnectionProvider - [id: 0x4b4296d8, L:/127.0.0.1:51883 - R:localhost/127.0.0.1:8083] Registering pool release on close event for channel
15:53:14.120 [reactor-http-nio-47] DEBUG reactor.netty.http.client.HttpClientConnect - [id: 0x4b4296d8, L:/127.0.0.1:51883 - R:localhost/127.0.0.1:8083] Handler is being applied: {uri=http://localhost:8083/userLocation?userId=43a6b1c9-5911-4846-904f-de16a621546c, method=GET}
15:53:14.119 [reactor-http-nio-46] DEBUG reactor.netty.resources.PooledConnectionProvider - [id: 0xad77f6cd, L:/127.0.0.1:51761 - R:localhost/127.0.0.1:8083] Registering pool release on close event for channel
15:53:14.120 [reactor-http-nio-46] DEBUG reactor.netty.http.client.HttpClientConnect - [id: 0xad77f6cd, L:/127.0.0.1:51761 - R:localhost/127.0.0.1:8083] Handler is being applied: {uri=http://localhost:8083/userLocation?userId=27f4c1cb-757a-42c0-8fb9-25de34a04ba6, method=GET}
15:53:14.121 [reactor-http-nio-47] DEBUG reactor.netty.resources.PooledConnectionProvider - [id: 0x4b4296d8, L:/127.0.0.1:51883 - R:localhost/127.0.0.1:8083] onStateChange(GET{uri=/userLocation?userId=43a6b1c9-5911-4846-904f-de16a621546c, connection=PooledConnection{channel=[id: 0x4b4296d8, L:/127.0.0.1:51883 - R:localhost/127.0.0.1:8083]}}, [request_sent])
15:53:14.121 [reactor-http-nio-47] DEBUG reactor.netty.resources.PooledConnectionProvider - [id: 0x4b4296d8, L:/127.0.0.1:51883 - R:localhost/127.0.0.1:8083] Channel connected, now 220 active connections and 81 inactive connections
15:53:14.120 [reactor-http-nio-41] DEBUG reactor.netty.resources.PooledConnectionProvider - [id: 0xed0ba0e1, L:/127.0.0.1:51752 - R:localhost/127.0.0.1:8083] Channel connected, now 220 active connections and 81 inactive connections
15:53:14.123 [reactor-http-nio-41] DEBUG reactor.netty.resources.PooledConnectionProvider - [id: 0x9f0a2ff5, L:/127.0.0.1:51757 - R:localhost/127.0.0.1:8083] Registering pool release on close event for channel
15:53:14.124 [reactor-http-nio-41] DEBUG reactor.netty.http.client.HttpClientConnect - [id: 0x9f0a2ff5, L:/127.0.0.1:51757 - R:localhost/127.0.0.1:8083] Handler is being applied: {uri=http://localhost:8083/userLocation?userId=40cc75b6-c77f-4f0f-a892-508899205994, method=GET}
15:53:14.123 [reactor-http-nio-48] DEBUG reactor.netty.resources.PooledConnectionProvider - [id: 0x068de3e1, L:/127.0.0.1:51918 - R:localhost/127.0.0.1:8083] onStateChange(GET{uri=/userLocation?userId=36d31ffd-69ff-47a4-a141-7cfc9495185e, connection=PooledConnection{channel=[id: 0x068de3e1, L:/127.0.0.1:51918 - R:localhost/127.0.0.1:8083]}}, [request_sent])
15:53:14.124 [reactor-http-nio-48] DEBUG reactor.netty.resources.PooledConnectionProvider - [id: 0x068de3e1, L:/127.0.0.1:51918 - R:localhost/127.0.0.1:8083] Channel connected, now 221 active connections and 80 inactive connections
15:53:14.124 [reactor-http-nio-48] DEBUG reactor.netty.resources.PooledConnectionProvider - [id: 0x7fe5ccf9, L:/127.0.0.1:51961 - R:localhost/127.0.0.1:8083] Registering pool release on close event for channel
15:53:14.124 [reactor-http-nio-48] DEBUG reactor.netty.http.client.HttpClientConnect - [id: 0x7fe5ccf9, L:/127.0.0.1:51961 - R:localhost/127.0.0.1:8083] Handler is being applied: {uri=http://localhost:8083/userLocation?userId=84b2fa37-782a-495e-800c-5890e31ff510, method=GET}
15:53:14.125 [reactor-http-nio-48] DEBUG reactor.netty.resources.PooledConnectionProvider - [id: 0x7fe5ccf9, L:/127.0.0.1:51961 - R:localhost/127.0.0.1:8083] onStateChange(GET{uri=/userLocation?userId=84b2fa37-782a-495e-800c-5890e31ff510, connection=PooledConnection{channel=[id: 0x7fe5ccf9, L:/127.0.0.1:51961 - R:localhost/127.0.0.1:8083]}}, [request_sent])
15:53:14.125 [reactor-http-nio-48] DEBUG reactor.netty.resources.PooledConnectionProvider - [id: 0x7fe5ccf9, L:/127.0.0.1:51961 - R:localhost/127.0.0.1:8083] Channel connected, now 222 active connections and 79 inactive connections
15:53:14.125 [reactor-http-nio-41] DEBUG reactor.netty.resources.PooledConnectionProvider - [id: 0x9f0a2ff5, L:/127.0.0.1:51757 - R:localhost/127.0.0.1:8083] onStateChange(GET{uri=/userLocation?userId=40cc75b6-c77f-4f0f-a892-508899205994, connection=PooledConnection{channel=[id: 0x9f0a2ff5, L:/127.0.0.1:51757 - R:localhost/127.0.0.1:8083]}}, [request_sent])
15:53:14.125 [reactor-http-nio-46] DEBUG reactor.netty.resources.PooledConnectionProvider - [id: 0xad77f6cd, L:/127.0.0.1:51761 - R:localhost/127.0.0.1:8083] onStateChange(GET{uri=/userLocation?userId=27f4c1cb-757a-42c0-8fb9-25de34a04ba6, connection=PooledConnection{channel=[id: 0xad77f6cd, L:/127.0.0.1:51761 - R:localhost/127.0.0.1:8083]}}, [request_sent])
15:53:14.125 [reactor-http-nio-41] DEBUG reactor.netty.resources.PooledConnectionProvider - [id: 0x9f0a2ff5, L:/127.0.0.1:51757 - R:localhost/127.0.0.1:8083] Channel connected, now 223 active connections and 78 inactive connections
15:53:14.125 [reactor-http-nio-46] DEBUG reactor.netty.resources.PooledConnectionProvider - [id: 0xad77f6cd, L:/127.0.0.1:51761 - R:localhost/127.0.0.1:8083] Channel connected, now 223 active connections and 78 inactive connections
15:53:14.125 [reactor-http-nio-41] DEBUG reactor.netty.resources.PooledConnectionProvider - [id: 0x506c6088, L:/127.0.0.1:51764 - R:localhost/127.0.0.1:8083] Registering pool release on close event for channel
15:53:14.125 [reactor-http-nio-41] DEBUG reactor.netty.http.client.HttpClientConnect - [id: 0x506c6088, L:/127.0.0.1:51764 - R:localhost/127.0.0.1:8083] Handler is being applied: {uri=http://localhost:8083/userLocation?userId=92ca89e3-4afa-43e1-a1ae-e2e5947c2149, method=GET}
15:53:14.125 [reactor-http-nio-48] DEBUG reactor.netty.resources.PooledConnectionProvider - [id: 0xfb8f1562, L:/127.0.0.1:51968 - R:localhost/127.0.0.1:8083] Registering pool release on close event for channel
15:53:14.125 [reactor-http-nio-48] DEBUG reactor.netty.http.client.HttpClientConnect - [id: 0xfb8f1562, L:/127.0.0.1:51968 - R:localhost/127.0.0.1:8083] Handler is being applied: {uri=http://localhost:8083/userLocation?userId=655a0ea0-29f6-4f84-95ee-34c0ca4e2a80, method=GET}
15:53:14.125 [reactor-http-nio-46] DEBUG reactor.netty.resources.PooledConnectionProvider - [id: 0x38c41c97, L:/127.0.0.1:51784 - R:localhost/127.0.0.1:8083] Registering pool release on close event for channel
15:53:14.126 [reactor-http-nio-46] DEBUG reactor.netty.http.client.HttpClientConnect - [id: 0x38c41c97, L:/127.0.0.1:51784 - R:localhost/127.0.0.1:8083] Handler is being applied: {uri=http://localhost:8083/userLocation?userId=2323a4e9-0ee2-49dc-bf78-c083ef243bae, method=GET}
15:53:14.126 [reactor-http-nio-48] DEBUG reactor.netty.resources.PooledConnectionProvider - [id: 0xfb8f1562, L:/127.0.0.1:51968 - R:localhost/127.0.0.1:8083] onStateChange(GET{uri=/userLocation?userId=655a0ea0-29f6-4f84-95ee-34c0ca4e2a80, connection=PooledConnection{channel=[id: 0xfb8f1562, L:/127.0.0.1:51968 - R:localhost/127.0.0.1:8083]}}, [request_sent])
15:53:14.126 [reactor-http-nio-41] DEBUG reactor.netty.resources.PooledConnectionProvider - [id: 0x506c6088, L:/127.0.0.1:51764 - R:localhost/127.0.0.1:8083] onStateChange(GET{uri=/userLocation?userId=92ca89e3-4afa-43e1-a1ae-e2e5947c2149, connection=PooledConnection{channel=[id: 0x506c6088, L:/127.0.0.1:51764 - R:localhost/127.0.0.1:8083]}}, [request_sent])
15:53:14.126 [reactor-http-nio-48] DEBUG reactor.netty.resources.PooledConnectionProvider - [id: 0xfb8f1562, L:/127.0.0.1:51968 - R:localhost/127.0.0.1:8083] Channel connected, now 225 active connections and 76 inactive connections
15:53:14.127 [reactor-http-nio-48] DEBUG reactor.netty.resources.PooledConnectionProvider - [id: 0x3ef135e7, L:/127.0.0.1:51977 - R:localhost/127.0.0.1:8083] Registering pool release on close event for channel
15:53:14.127 [reactor-http-nio-48] DEBUG reactor.netty.http.client.HttpClientConnect - [id: 0x3ef135e7, L:/127.0.0.1:51977 - R:localhost/127.0.0.1:8083] Handler is being applied: {uri=http://localhost:8083/userLocation?userId=7c6c4fc9-e9d7-459c-b642-20e622ec1070, method=GET}
15:53:14.127 [reactor-http-nio-46] DEBUG reactor.netty.resources.PooledConnectionProvider - [id: 0x38c41c97, L:/127.0.0.1:51784 - R:localhost/127.0.0.1:8083] onStateChange(GET{uri=/userLocation?userId=2323a4e9-0ee2-49dc-bf78-c083ef243bae, connection=PooledConnection{channel=[id: 0x38c41c97, L:/127.0.0.1:51784 - R:localhost/127.0.0.1:8083]}}, [request_sent])
15:53:14.127 [reactor-http-nio-46] DEBUG reactor.netty.resources.PooledConnectionProvider - [id: 0x38c41c97, L:/127.0.0.1:51784 - R:localhost/127.0.0.1:8083] Channel connected, now 226 active connections and 75 inactive connections
15:53:14.127 [reactor-http-nio-46] DEBUG reactor.netty.resources.PooledConnectionProvider - [id: 0x24a8edc5, L:/127.0.0.1:51787 - R:localhost/127.0.0.1:8083] Registering pool release on close event for channel
15:53:14.127 [reactor-http-nio-46] DEBUG reactor.netty.http.client.HttpClientConnect - [id: 0x24a8edc5, L:/127.0.0.1:51787 - R:localhost/127.0.0.1:8083] Handler is being applied: {uri=http://localhost:8083/userLocation?userId=fb685411-eba7-49e5-b06d-c7d078d23c14, method=GET}
15:53:14.128 [reactor-http-nio-46] DEBUG reactor.netty.resources.PooledConnectionProvider - [id: 0x24a8edc5, L:/127.0.0.1:51787 - R:localhost/127.0.0.1:8083] onStateChange(GET{uri=/userLocation?userId=fb685411-eba7-49e5-b06d-c7d078d23c14, connection=PooledConnection{channel=[id: 0x24a8edc5, L:/127.0.0.1:51787 - R:localhost/127.0.0.1:8083]}}, [request_sent])
15:53:14.128 [reactor-http-nio-46] DEBUG reactor.netty.resources.PooledConnectionProvider - [id: 0x24a8edc5, L:/127.0.0.1:51787 - R:localhost/127.0.0.1:8083] Channel connected, now 227 active connections and 74 inactive connections
15:53:14.128 [reactor-http-nio-46] DEBUG reactor.netty.resources.PooledConnectionProvider - [id: 0x5362fcb1, L:/127.0.0.1:51798 - R:localhost/127.0.0.1:8083] Registering pool release on close event for channel
15:53:14.129 [reactor-http-nio-46] DEBUG reactor.netty.http.client.HttpClientConnect - [id: 0x5362fcb1, L:/127.0.0.1:51798 - R:localhost/127.0.0.1:8083] Handler is being applied: {uri=http://localhost:8083/userLocation?userId=2e94cd9d-b6a4-45a0-a8e3-3c662fc6bc6b, method=GET}
15:53:14.126 [reactor-http-nio-41] DEBUG reactor.netty.resources.PooledConnectionProvider - [id: 0x506c6088, L:/127.0.0.1:51764 - R:localhost/127.0.0.1:8083] Channel connected, now 225 active connections and 76 inactive connections
15:53:14.129 [reactor-http-nio-41] DEBUG reactor.netty.resources.PooledConnectionProvider - [id: 0x1fca7f5e, L:/127.0.0.1:51796 - R:localhost/127.0.0.1:8083] Registering pool release on close event for channel
15:53:14.129 [reactor-http-nio-41] DEBUG reactor.netty.http.client.HttpClientConnect - [id: 0x1fca7f5e, L:/127.0.0.1:51796 - R:localhost/127.0.0.1:8083] Handler is being applied: {uri=http://localhost:8083/userLocation?userId=08ecf570-a8de-4f69-95cd-349cc93cd714, method=GET}
15:53:14.130 [reactor-http-nio-46] DEBUG reactor.netty.resources.PooledConnectionProvider - [id: 0x5362fcb1, L:/127.0.0.1:51798 - R:localhost/127.0.0.1:8083] onStateChange(GET{uri=/userLocation?userId=2e94cd9d-b6a4-45a0-a8e3-3c662fc6bc6b, connection=PooledConnection{channel=[id: 0x5362fcb1, L:/127.0.0.1:51798 - R:localhost/127.0.0.1:8083]}}, [request_sent])
15:53:14.130 [reactor-http-nio-46] DEBUG reactor.netty.resources.PooledConnectionProvider - [id: 0x5362fcb1, L:/127.0.0.1:51798 - R:localhost/127.0.0.1:8083] Channel connected, now 229 active connections and 72 inactive connections
15:53:14.130 [reactor-http-nio-46] DEBUG reactor.netty.resources.PooledConnectionProvider - [id: 0x0a4cfcd0, L:/127.0.0.1:51802 - R:localhost/127.0.0.1:8083] Registering pool release on close event for channel
15:53:14.130 [reactor-http-nio-46] DEBUG reactor.netty.http.client.HttpClientConnect - [id: 0x0a4cfcd0, L:/127.0.0.1:51802 - R:localhost/127.0.0.1:8083] Handler is being applied: {uri=http://localhost:8083/userLocation?userId=927a86ea-0541-4a6a-b8d8-8332b27a8157, method=GET}
15:53:14.130 [reactor-http-nio-41] DEBUG reactor.netty.resources.PooledConnectionProvider - [id: 0x1fca7f5e, L:/127.0.0.1:51796 - R:localhost/127.0.0.1:8083] onStateChange(GET{uri=/userLocation?userId=08ecf570-a8de-4f69-95cd-349cc93cd714, connection=PooledConnection{channel=[id: 0x1fca7f5e, L:/127.0.0.1:51796 - R:localhost/127.0.0.1:8083]}}, [request_sent])
15:53:14.130 [reactor-http-nio-41] DEBUG reactor.netty.resources.PooledConnectionProvider - [id: 0x1fca7f5e, L:/127.0.0.1:51796 - R:localhost/127.0.0.1:8083] Channel connected, now 230 active connections and 71 inactive connections
15:53:14.131 [reactor-http-nio-46] DEBUG reactor.netty.resources.PooledConnectionProvider - [id: 0x0a4cfcd0, L:/127.0.0.1:51802 - R:localhost/127.0.0.1:8083] onStateChange(GET{uri=/userLocation?userId=927a86ea-0541-4a6a-b8d8-8332b27a8157, connection=PooledConnection{channel=[id: 0x0a4cfcd0, L:/127.0.0.1:51802 - R:localhost/127.0.0.1:8083]}}, [request_sent])
15:53:14.131 [reactor-http-nio-46] DEBUG reactor.netty.resources.PooledConnectionProvider - [id: 0x0a4cfcd0, L:/127.0.0.1:51802 - R:localhost/127.0.0.1:8083] Channel connected, now 230 active connections and 71 inactive connections
15:53:14.134 [reactor-http-nio-46] DEBUG reactor.netty.resources.PooledConnectionProvider - [id: 0x786dbf94, L:/127.0.0.1:51803 - R:localhost/127.0.0.1:8083] Registering pool release on close event for channel
15:53:14.134 [reactor-http-nio-46] DEBUG reactor.netty.http.client.HttpClientConnect - [id: 0x786dbf94, L:/127.0.0.1:51803 - R:localhost/127.0.0.1:8083] Handler is being applied: {uri=http://localhost:8083/userLocation?userId=ab0094df-5aad-417a-86c4-33b91f1f0495, method=GET}
15:53:14.135 [reactor-http-nio-46] DEBUG reactor.netty.resources.PooledConnectionProvider - [id: 0x786dbf94, L:/127.0.0.1:51803 - R:localhost/127.0.0.1:8083] onStateChange(GET{uri=/userLocation?userId=ab0094df-5aad-417a-86c4-33b91f1f0495, connection=PooledConnection{channel=[id: 0x786dbf94, L:/127.0.0.1:51803 - R:localhost/127.0.0.1:8083]}}, [request_sent])
15:53:14.135 [reactor-http-nio-46] DEBUG reactor.netty.resources.PooledConnectionProvider - [id: 0x786dbf94, L:/127.0.0.1:51803 - R:localhost/127.0.0.1:8083] Channel connected, now 231 active connections and 70 inactive connections
15:53:14.135 [reactor-http-nio-46] DEBUG reactor.netty.resources.PooledConnectionProvider - [id: 0x21f981c4, L:/127.0.0.1:51805 - R:localhost/127.0.0.1:8083] Registering pool release on close event for channel
15:53:14.135 [reactor-http-nio-46] DEBUG reactor.netty.http.client.HttpClientConnect - [id: 0x21f981c4, L:/127.0.0.1:51805 - R:localhost/127.0.0.1:8083] Handler is being applied: {uri=http://localhost:8083/userLocation?userId=20453b3e-2b8f-468c-9b70-20f29cd62e9c, method=GET}
15:53:14.139 [reactor-http-nio-47] DEBUG reactor.netty.resources.PooledConnectionProvider - [id: 0x33d84267, L:/127.0.0.1:51885 - R:localhost/127.0.0.1:8083] Registering pool release on close event for channel
15:53:14.139 [reactor-http-nio-47] DEBUG reactor.netty.http.client.HttpClientConnect - [id: 0x33d84267, L:/127.0.0.1:51885 - R:localhost/127.0.0.1:8083] Handler is being applied: {uri=http://localhost:8083/userLocation?userId=f77b0ac0-cb63-4c8f-b6b9-5d1e3977ac6b, method=GET}
15:53:14.140 [reactor-http-nio-47] DEBUG reactor.netty.resources.PooledConnectionProvider - [id: 0x33d84267, L:/127.0.0.1:51885 - R:localhost/127.0.0.1:8083] onStateChange(GET{uri=/userLocation?userId=f77b0ac0-cb63-4c8f-b6b9-5d1e3977ac6b, connection=PooledConnection{channel=[id: 0x33d84267, L:/127.0.0.1:51885 - R:localhost/127.0.0.1:8083]}}, [request_sent])
15:53:14.141 [reactor-http-nio-47] DEBUG reactor.netty.resources.PooledConnectionProvider - [id: 0x33d84267, L:/127.0.0.1:51885 - R:localhost/127.0.0.1:8083] Channel connected, now 233 active connections and 68 inactive connections
15:53:14.141 [reactor-http-nio-47] DEBUG reactor.netty.resources.PooledConnectionProvider - [id: 0x905654b3, L:/127.0.0.1:51889 - R:localhost/127.0.0.1:8083] Registering pool release on close event for channel
15:53:14.141 [reactor-http-nio-47] DEBUG reactor.netty.http.client.HttpClientConnect - [id: 0x905654b3, L:/127.0.0.1:51889 - R:localhost/127.0.0.1:8083] Handler is being applied: {uri=http://localhost:8083/userLocation?userId=e548fae0-2377-4a4f-8b85-2eea590f802d, method=GET}
15:53:14.142 [reactor-http-nio-47] DEBUG reactor.netty.resources.PooledConnectionProvider - [id: 0x905654b3, L:/127.0.0.1:51889 - R:localhost/127.0.0.1:8083] onStateChange(GET{uri=/userLocation?userId=e548fae0-2377-4a4f-8b85-2eea590f802d, connection=PooledConnection{channel=[id: 0x905654b3, L:/127.0.0.1:51889 - R:localhost/127.0.0.1:8083]}}, [request_sent])
15:53:14.142 [reactor-http-nio-47] DEBUG reactor.netty.resources.PooledConnectionProvider - [id: 0x905654b3, L:/127.0.0.1:51889 - R:localhost/127.0.0.1:8083] Channel connected, now 234 active connections and 67 inactive connections
15:53:14.128 [reactor-http-nio-48] DEBUG reactor.netty.resources.PooledConnectionProvider - [id: 0x3ef135e7, L:/127.0.0.1:51977 - R:localhost/127.0.0.1:8083] onStateChange(GET{uri=/userLocation?userId=7c6c4fc9-e9d7-459c-b642-20e622ec1070, connection=PooledConnection{channel=[id: 0x3ef135e7, L:/127.0.0.1:51977 - R:localhost/127.0.0.1:8083]}}, [request_sent])
15:53:14.142 [reactor-http-nio-48] DEBUG reactor.netty.resources.PooledConnectionProvider - [id: 0x3ef135e7, L:/127.0.0.1:51977 - R:localhost/127.0.0.1:8083] Channel connected, now 234 active connections and 67 inactive connections
15:53:14.142 [reactor-http-nio-48] DEBUG reactor.netty.resources.PooledConnectionProvider - [id: 0xa530ca4b, L:/127.0.0.1:51886 - R:localhost/127.0.0.1:8083] Registering pool release on close event for channel
15:53:14.143 [reactor-http-nio-48] DEBUG reactor.netty.http.client.HttpClientConnect - [id: 0xa530ca4b, L:/127.0.0.1:51886 - R:localhost/127.0.0.1:8083] Handler is being applied: {uri=http://localhost:8083/userLocation?userId=ceb971f2-27df-45c9-9720-e816c3531753, method=GET}
15:53:14.140 [reactor-http-nio-41] DEBUG reactor.netty.resources.PooledConnectionProvider - [id: 0xfdd4189a, L:/127.0.0.1:51799 - R:localhost/127.0.0.1:8083] onStateChange(PooledConnection{channel=[id: 0xfdd4189a, L:/127.0.0.1:51799 - R:localhost/127.0.0.1:8083]}, [connected])
15:53:14.143 [reactor-http-nio-41] DEBUG reactor.netty.resources.PooledConnectionProvider - [id: 0xfdd4189a, L:/127.0.0.1:51799 - R:localhost/127.0.0.1:8083] onStateChange(GET{uri=/, connection=PooledConnection{channel=[id: 0xfdd4189a, L:/127.0.0.1:51799 - R:localhost/127.0.0.1:8083]}}, [configured])
15:53:14.143 [reactor-http-nio-41] DEBUG reactor.netty.resources.PooledConnectionProvider - [id: 0x1133f190, L:/127.0.0.1:51897 - R:localhost/127.0.0.1:8083] onStateChange(PooledConnection{channel=[id: 0x1133f190, L:/127.0.0.1:51897 - R:localhost/127.0.0.1:8083]}, [connected])
15:53:14.143 [reactor-http-nio-41] DEBUG reactor.netty.resources.PooledConnectionProvider - [id: 0x1133f190, L:/127.0.0.1:51897 - R:localhost/127.0.0.1:8083] onStateChange(GET{uri=/, connection=PooledConnection{channel=[id: 0x1133f190, L:/127.0.0.1:51897 - R:localhost/127.0.0.1:8083]}}, [configured])
15:53:14.143 [reactor-http-nio-41] DEBUG reactor.netty.resources.PooledConnectionProvider - [id: 0x08aaa308, L:/127.0.0.1:51899 - R:localhost/127.0.0.1:8083] onStateChange(PooledConnection{channel=[id: 0x08aaa308, L:/127.0.0.1:51899 - R:localhost/127.0.0.1:8083]}, [connected])
15:53:14.143 [reactor-http-nio-41] DEBUG reactor.netty.resources.PooledConnectionProvider - [id: 0x08aaa308, L:/127.0.0.1:51899 - R:localhost/127.0.0.1:8083] onStateChange(GET{uri=/, connection=PooledConnection{channel=[id: 0x08aaa308, L:/127.0.0.1:51899 - R:localhost/127.0.0.1:8083]}}, [configured])
15:53:14.144 [reactor-http-nio-48] DEBUG reactor.netty.resources.PooledConnectionProvider - [id: 0xa530ca4b, L:/127.0.0.1:51886 - R:localhost/127.0.0.1:8083] onStateChange(GET{uri=/userLocation?userId=ceb971f2-27df-45c9-9720-e816c3531753, connection=PooledConnection{channel=[id: 0xa530ca4b, L:/127.0.0.1:51886 - R:localhost/127.0.0.1:8083]}}, [request_sent])
15:53:14.144 [reactor-http-nio-48] DEBUG reactor.netty.resources.PooledConnectionProvider - [id: 0xa530ca4b, L:/127.0.0.1:51886 - R:localhost/127.0.0.1:8083] Channel connected, now 235 active connections and 66 inactive connections
15:53:14.144 [reactor-http-nio-48] DEBUG reactor.netty.resources.PooledConnectionProvider - [id: 0x342e84c9, L:/127.0.0.1:51892 - R:localhost/127.0.0.1:8083] Registering pool release on close event for channel
15:53:14.144 [reactor-http-nio-41] DEBUG reactor.netty.resources.PooledConnectionProvider - [id: 0x03dc54cb, L:/127.0.0.1:51901 - R:localhost/127.0.0.1:8083] onStateChange(PooledConnection{channel=[id: 0x03dc54cb, L:/127.0.0.1:51901 - R:localhost/127.0.0.1:8083]}, [connected])
15:53:14.144 [reactor-http-nio-48] DEBUG reactor.netty.http.client.HttpClientConnect - [id: 0x342e84c9, L:/127.0.0.1:51892 - R:localhost/127.0.0.1:8083] Handler is being applied: {uri=http://localhost:8083/userLocation?userId=652092c2-d693-4c58-a54b-0e1508c2d9a2, method=GET}
15:53:14.142 [reactor-http-nio-46] DEBUG reactor.netty.resources.PooledConnectionProvider - [id: 0x21f981c4, L:/127.0.0.1:51805 - R:localhost/127.0.0.1:8083] onStateChange(GET{uri=/userLocation?userId=20453b3e-2b8f-468c-9b70-20f29cd62e9c, connection=PooledConnection{channel=[id: 0x21f981c4, L:/127.0.0.1:51805 - R:localhost/127.0.0.1:8083]}}, [request_sent])
15:53:14.144 [reactor-http-nio-46] DEBUG reactor.netty.resources.PooledConnectionProvider - [id: 0x21f981c4, L:/127.0.0.1:51805 - R:localhost/127.0.0.1:8083] Channel connected, now 236 active connections and 65 inactive connections
15:53:14.144 [reactor-http-nio-46] DEBUG reactor.netty.resources.PooledConnectionProvider - [id: 0xd99a3f51, L:/127.0.0.1:51806 - R:localhost/127.0.0.1:8083] Registering pool release on close event for channel
15:53:14.144 [reactor-http-nio-46] DEBUG reactor.netty.http.client.HttpClientConnect - [id: 0xd99a3f51, L:/127.0.0.1:51806 - R:localhost/127.0.0.1:8083] Handler is being applied: {uri=http://localhost:8083/userLocation?userId=44964884-6c5c-46dc-a68c-8d9060b2c6e7, method=GET}
15:53:14.145 [reactor-http-nio-48] DEBUG reactor.netty.resources.PooledConnectionProvider - [id: 0x342e84c9, L:/127.0.0.1:51892 - R:localhost/127.0.0.1:8083] onStateChange(GET{uri=/userLocation?userId=652092c2-d693-4c58-a54b-0e1508c2d9a2, connection=PooledConnection{channel=[id: 0x342e84c9, L:/127.0.0.1:51892 - R:localhost/127.0.0.1:8083]}}, [request_sent])
15:53:14.145 [reactor-http-nio-48] DEBUG reactor.netty.resources.PooledConnectionProvider - [id: 0x342e84c9, L:/127.0.0.1:51892 - R:localhost/127.0.0.1:8083] Channel connected, now 237 active connections and 64 inactive connections
15:53:14.145 [reactor-http-nio-48] DEBUG reactor.netty.resources.PooledConnectionProvider - [id: 0xa0b7be75, L:/127.0.0.1:51941 - R:localhost/127.0.0.1:8083] Registering pool release on close event for channel
15:53:14.146 [reactor-http-nio-48] DEBUG reactor.netty.http.client.HttpClientConnect - [id: 0xa0b7be75, L:/127.0.0.1:51941 - R:localhost/127.0.0.1:8083] Handler is being applied: {uri=http://localhost:8083/userLocation?userId=f4fd57d3-6036-4c90-8077-e7466268c131, method=GET}
15:53:14.144 [reactor-http-nio-41] DEBUG reactor.netty.resources.PooledConnectionProvider - [id: 0x03dc54cb, L:/127.0.0.1:51901 - R:localhost/127.0.0.1:8083] onStateChange(GET{uri=/, connection=PooledConnection{channel=[id: 0x03dc54cb, L:/127.0.0.1:51901 - R:localhost/127.0.0.1:8083]}}, [configured])
15:53:14.146 [reactor-http-nio-47] DEBUG reactor.netty.resources.PooledConnectionProvider - [id: 0xfab28477, L:/127.0.0.1:51891 - R:localhost/127.0.0.1:8083] Registering pool release on close event for channel
15:53:14.146 [reactor-http-nio-47] DEBUG reactor.netty.http.client.HttpClientConnect - [id: 0xfab28477, L:/127.0.0.1:51891 - R:localhost/127.0.0.1:8083] Handler is being applied: {uri=http://localhost:8083/userLocation?userId=69b999b4-96bf-4513-85fb-d346fdb56545, method=GET}
15:53:14.146 [reactor-http-nio-41] DEBUG reactor.netty.resources.PooledConnectionProvider - [id: 0x9af0e655, L:/127.0.0.1:51913 - R:localhost/127.0.0.1:8083] onStateChange(PooledConnection{channel=[id: 0x9af0e655, L:/127.0.0.1:51913 - R:localhost/127.0.0.1:8083]}, [connected])
15:53:14.146 [reactor-http-nio-41] DEBUG reactor.netty.resources.PooledConnectionProvider - [id: 0x9af0e655, L:/127.0.0.1:51913 - R:localhost/127.0.0.1:8083] onStateChange(GET{uri=/, connection=PooledConnection{channel=[id: 0x9af0e655, L:/127.0.0.1:51913 - R:localhost/127.0.0.1:8083]}}, [configured])
15:53:14.146 [reactor-http-nio-41] DEBUG reactor.netty.resources.PooledConnectionProvider - [id: 0x20fc71d3, L:/127.0.0.1:51915 - R:localhost/127.0.0.1:8083] onStateChange(PooledConnection{channel=[id: 0x20fc71d3, L:/127.0.0.1:51915 - R:localhost/127.0.0.1:8083]}, [connected])
15:53:14.146 [reactor-http-nio-41] DEBUG reactor.netty.resources.PooledConnectionProvider - [id: 0x20fc71d3, L:/127.0.0.1:51915 - R:localhost/127.0.0.1:8083] onStateChange(GET{uri=/, connection=PooledConnection{channel=[id: 0x20fc71d3, L:/127.0.0.1:51915 - R:localhost/127.0.0.1:8083]}}, [configured])
15:53:14.147 [reactor-http-nio-41] DEBUG reactor.netty.resources.PooledConnectionProvider - [id: 0x1ae38938, L:/127.0.0.1:51917 - R:localhost/127.0.0.1:8083] onStateChange(PooledConnection{channel=[id: 0x1ae38938, L:/127.0.0.1:51917 - R:localhost/127.0.0.1:8083]}, [connected])
15:53:14.147 [reactor-http-nio-41] DEBUG reactor.netty.resources.PooledConnectionProvider - [id: 0x1ae38938, L:/127.0.0.1:51917 - R:localhost/127.0.0.1:8083] onStateChange(GET{uri=/, connection=PooledConnection{channel=[id: 0x1ae38938, L:/127.0.0.1:51917 - R:localhost/127.0.0.1:8083]}}, [configured])
15:53:14.147 [reactor-http-nio-47] DEBUG reactor.netty.resources.PooledConnectionProvider - [id: 0xfab28477, L:/127.0.0.1:51891 - R:localhost/127.0.0.1:8083] onStateChange(GET{uri=/userLocation?userId=69b999b4-96bf-4513-85fb-d346fdb56545, connection=PooledConnection{channel=[id: 0xfab28477, L:/127.0.0.1:51891 - R:localhost/127.0.0.1:8083]}}, [request_sent])
15:53:14.147 [reactor-http-nio-47] DEBUG reactor.netty.resources.PooledConnectionProvider - [id: 0xfab28477, L:/127.0.0.1:51891 - R:localhost/127.0.0.1:8083] Channel connected, now 240 active connections and 61 inactive connections
15:53:14.147 [reactor-http-nio-41] DEBUG reactor.netty.resources.PooledConnectionProvider - [id: 0xc0a2c902, L:/127.0.0.1:51919 - R:localhost/127.0.0.1:8083] Registering pool release on close event for channel
15:53:14.147 [reactor-http-nio-41] DEBUG reactor.netty.resources.PooledConnectionProvider - [id: 0xc0a2c902, L:/127.0.0.1:51919 - R:localhost/127.0.0.1:8083] Channel connected, now 240 active connections and 61 inactive connections
15:53:14.147 [reactor-http-nio-41] DEBUG reactor.netty.resources.PooledConnectionProvider - [id: 0xc0a2c902, L:/127.0.0.1:51919 - R:localhost/127.0.0.1:8083] onStateChange(PooledConnection{channel=[id: 0xc0a2c902, L:/127.0.0.1:51919 - R:localhost/127.0.0.1:8083]}, [connected])
15:53:14.147 [reactor-http-nio-41] DEBUG reactor.netty.resources.PooledConnectionProvider - [id: 0xc0a2c902, L:/127.0.0.1:51919 - R:localhost/127.0.0.1:8083] onStateChange(GET{uri=/, connection=PooledConnection{channel=[id: 0xc0a2c902, L:/127.0.0.1:51919 - R:localhost/127.0.0.1:8083]}}, [configured])
15:53:14.147 [reactor-http-nio-41] DEBUG reactor.netty.http.client.HttpClientConnect - [id: 0xc0a2c902, L:/127.0.0.1:51919 - R:localhost/127.0.0.1:8083] Handler is being applied: {uri=http://localhost:8083/userLocation?userId=f77b0ac0-cb63-4c8f-b6b9-5d1e3977ac6b, method=GET}
15:53:14.148 [reactor-http-nio-48] DEBUG reactor.netty.resources.PooledConnectionProvider - [id: 0xa0b7be75, L:/127.0.0.1:51941 - R:localhost/127.0.0.1:8083] onStateChange(GET{uri=/userLocation?userId=f4fd57d3-6036-4c90-8077-e7466268c131, connection=PooledConnection{channel=[id: 0xa0b7be75, L:/127.0.0.1:51941 - R:localhost/127.0.0.1:8083]}}, [request_sent])
15:53:14.148 [reactor-http-nio-48] DEBUG reactor.netty.resources.PooledConnectionProvider - [id: 0xa0b7be75, L:/127.0.0.1:51941 - R:localhost/127.0.0.1:8083] Channel connected, now 240 active connections and 61 inactive connections
15:53:14.149 [reactor-http-nio-48] DEBUG reactor.netty.resources.PooledConnectionProvider - [id: 0x9d7faf15, L:/127.0.0.1:51948 - R:localhost/127.0.0.1:8083] Registering pool release on close event for channel
15:53:14.149 [reactor-http-nio-48] DEBUG reactor.netty.http.client.HttpClientConnect - [id: 0x9d7faf15, L:/127.0.0.1:51948 - R:localhost/127.0.0.1:8083] Handler is being applied: {uri=http://localhost:8083/userLocation?userId=7086d242-38f3-4070-9f21-38354754fa7c, method=GET}
15:53:14.146 [reactor-http-nio-46] DEBUG reactor.netty.resources.PooledConnectionProvider - [id: 0xd99a3f51, L:/127.0.0.1:51806 - R:localhost/127.0.0.1:8083] onStateChange(GET{uri=/userLocation?userId=44964884-6c5c-46dc-a68c-8d9060b2c6e7, connection=PooledConnection{channel=[id: 0xd99a3f51, L:/127.0.0.1:51806 - R:localhost/127.0.0.1:8083]}}, [request_sent])
15:53:14.149 [reactor-http-nio-46] DEBUG reactor.netty.resources.PooledConnectionProvider - [id: 0xd99a3f51, L:/127.0.0.1:51806 - R:localhost/127.0.0.1:8083] Channel connected, now 241 active connections and 60 inactive connections
15:53:14.149 [reactor-http-nio-46] DEBUG reactor.netty.resources.PooledConnectionProvider - [id: 0x13239c6a, L:/127.0.0.1:51810 - R:localhost/127.0.0.1:8083] Registering pool release on close event for channel
15:53:14.149 [reactor-http-nio-46] DEBUG reactor.netty.http.client.HttpClientConnect - [id: 0x13239c6a, L:/127.0.0.1:51810 - R:localhost/127.0.0.1:8083] Handler is being applied: {uri=http://localhost:8083/userLocation?userId=60816d0e-c866-45ad-b87d-bc0be9102cc3, method=GET}
15:53:14.150 [reactor-http-nio-48] DEBUG reactor.netty.resources.PooledConnectionProvider - [id: 0x9d7faf15, L:/127.0.0.1:51948 - R:localhost/127.0.0.1:8083] onStateChange(GET{uri=/userLocation?userId=7086d242-38f3-4070-9f21-38354754fa7c, connection=PooledConnection{channel=[id: 0x9d7faf15, L:/127.0.0.1:51948 - R:localhost/127.0.0.1:8083]}}, [request_sent])
15:53:14.150 [reactor-http-nio-48] DEBUG reactor.netty.resources.PooledConnectionProvider - [id: 0x9d7faf15, L:/127.0.0.1:51948 - R:localhost/127.0.0.1:8083] Channel connected, now 242 active connections and 59 inactive connections
15:53:14.150 [reactor-http-nio-48] DEBUG reactor.netty.resources.PooledConnectionProvider - [id: 0x7b10d5b9, L:/127.0.0.1:51958 - R:localhost/127.0.0.1:8083] Registering pool release on close event for channel
15:53:14.150 [reactor-http-nio-48] DEBUG reactor.netty.http.client.HttpClientConnect - [id: 0x7b10d5b9, L:/127.0.0.1:51958 - R:localhost/127.0.0.1:8083] Handler is being applied: {uri=http://localhost:8083/userLocation?userId=6bdb1add-d231-4dcc-939c-eccb85e54577, method=GET}
15:53:14.150 [reactor-http-nio-46] DEBUG reactor.netty.resources.PooledConnectionProvider - [id: 0x13239c6a, L:/127.0.0.1:51810 - R:localhost/127.0.0.1:8083] onStateChange(GET{uri=/userLocation?userId=60816d0e-c866-45ad-b87d-bc0be9102cc3, connection=PooledConnection{channel=[id: 0x13239c6a, L:/127.0.0.1:51810 - R:localhost/127.0.0.1:8083]}}, [request_sent])
15:53:14.150 [reactor-http-nio-46] DEBUG reactor.netty.resources.PooledConnectionProvider - [id: 0x13239c6a, L:/127.0.0.1:51810 - R:localhost/127.0.0.1:8083] Channel connected, now 243 active connections and 58 inactive connections
15:53:14.151 [reactor-http-nio-46] DEBUG reactor.netty.resources.PooledConnectionProvider - [id: 0xd943badc, L:/127.0.0.1:51811 - R:localhost/127.0.0.1:8083] Registering pool release on close event for channel
15:53:14.151 [reactor-http-nio-46] DEBUG reactor.netty.http.client.HttpClientConnect - [id: 0xd943badc, L:/127.0.0.1:51811 - R:localhost/127.0.0.1:8083] Handler is being applied: {uri=http://localhost:8083/userLocation?userId=e6fd486b-8ac5-4554-8b3a-70d1fc8f666b, method=GET}
15:53:14.152 [reactor-http-nio-46] DEBUG reactor.netty.resources.PooledConnectionProvider - [id: 0xd943badc, L:/127.0.0.1:51811 - R:localhost/127.0.0.1:8083] onStateChange(GET{uri=/userLocation?userId=e6fd486b-8ac5-4554-8b3a-70d1fc8f666b, connection=PooledConnection{channel=[id: 0xd943badc, L:/127.0.0.1:51811 - R:localhost/127.0.0.1:8083]}}, [request_sent])
15:53:14.152 [reactor-http-nio-46] DEBUG reactor.netty.resources.PooledConnectionProvider - [id: 0xd943badc, L:/127.0.0.1:51811 - R:localhost/127.0.0.1:8083] Channel connected, now 244 active connections and 57 inactive connections
15:53:14.152 [reactor-http-nio-46] DEBUG reactor.netty.resources.PooledConnectionProvider - [id: 0x7e95ad76, L:/127.0.0.1:51814 - R:localhost/127.0.0.1:8083] Registering pool release on close event for channel
15:53:14.152 [reactor-http-nio-46] DEBUG reactor.netty.http.client.HttpClientConnect - [id: 0x7e95ad76, L:/127.0.0.1:51814 - R:localhost/127.0.0.1:8083] Handler is being applied: {uri=http://localhost:8083/userLocation?userId=7086d242-38f3-4070-9f21-38354754fa7c, method=GET}
15:53:14.153 [reactor-http-nio-46] DEBUG reactor.netty.resources.PooledConnectionProvider - [id: 0x7e95ad76, L:/127.0.0.1:51814 - R:localhost/127.0.0.1:8083] onStateChange(GET{uri=/userLocation?userId=7086d242-38f3-4070-9f21-38354754fa7c, connection=PooledConnection{channel=[id: 0x7e95ad76, L:/127.0.0.1:51814 - R:localhost/127.0.0.1:8083]}}, [request_sent])
15:53:14.153 [reactor-http-nio-46] DEBUG reactor.netty.resources.PooledConnectionProvider - [id: 0x7e95ad76, L:/127.0.0.1:51814 - R:localhost/127.0.0.1:8083] Channel connected, now 245 active connections and 56 inactive connections
15:53:14.153 [reactor-http-nio-46] DEBUG reactor.netty.resources.PooledConnectionProvider - [id: 0xfaf92bf0, L:/127.0.0.1:51817 - R:localhost/127.0.0.1:8083] Registering pool release on close event for channel
15:53:14.154 [reactor-http-nio-46] DEBUG reactor.netty.http.client.HttpClientConnect - [id: 0xfaf92bf0, L:/127.0.0.1:51817 - R:localhost/127.0.0.1:8083] Handler is being applied: {uri=http://localhost:8083/userLocation?userId=f183e1fb-acc7-4330-abf3-89672675771a, method=GET}
15:53:14.154 [reactor-http-nio-46] DEBUG reactor.netty.resources.PooledConnectionProvider - [id: 0xfaf92bf0, L:/127.0.0.1:51817 - R:localhost/127.0.0.1:8083] onStateChange(GET{uri=/userLocation?userId=f183e1fb-acc7-4330-abf3-89672675771a, connection=PooledConnection{channel=[id: 0xfaf92bf0, L:/127.0.0.1:51817 - R:localhost/127.0.0.1:8083]}}, [request_sent])
15:53:14.155 [reactor-http-nio-46] DEBUG reactor.netty.resources.PooledConnectionProvider - [id: 0xfaf92bf0, L:/127.0.0.1:51817 - R:localhost/127.0.0.1:8083] Channel connected, now 246 active connections and 55 inactive connections
15:53:14.155 [reactor-http-nio-46] DEBUG reactor.netty.resources.PooledConnectionProvider - [id: 0x7a77be43, L:/127.0.0.1:51818 - R:localhost/127.0.0.1:8083] Registering pool release on close event for channel
15:53:14.155 [reactor-http-nio-46] DEBUG reactor.netty.http.client.HttpClientConnect - [id: 0x7a77be43, L:/127.0.0.1:51818 - R:localhost/127.0.0.1:8083] Handler is being applied: {uri=http://localhost:8083/userLocation?userId=e5b11639-77fd-4693-a1f6-e94ff82dab38, method=GET}
15:53:14.169 [reactor-http-nio-48] DEBUG reactor.netty.resources.PooledConnectionProvider - [id: 0x7b10d5b9, L:/127.0.0.1:51958 - R:localhost/127.0.0.1:8083] onStateChange(GET{uri=/userLocation?userId=6bdb1add-d231-4dcc-939c-eccb85e54577, connection=PooledConnection{channel=[id: 0x7b10d5b9, L:/127.0.0.1:51958 - R:localhost/127.0.0.1:8083]}}, [request_sent])
15:53:14.169 [reactor-http-nio-48] DEBUG reactor.netty.resources.PooledConnectionProvider - [id: 0x7b10d5b9, L:/127.0.0.1:51958 - R:localhost/127.0.0.1:8083] Channel connected, now 247 active connections and 54 inactive connections
15:53:14.169 [reactor-http-nio-48] DEBUG reactor.netty.resources.PooledConnectionProvider - [id: 0x52b43451, L:/127.0.0.1:51966 - R:localhost/127.0.0.1:8083] Registering pool release on close event for channel
15:53:14.169 [reactor-http-nio-48] DEBUG reactor.netty.http.client.HttpClientConnect - [id: 0x52b43451, L:/127.0.0.1:51966 - R:localhost/127.0.0.1:8083] Handler is being applied: {uri=http://localhost:8083/userLocation?userId=213ae7e4-fde4-4d31-b0bf-2e68ed86131b, method=GET}
15:53:14.170 [reactor-http-nio-48] DEBUG reactor.netty.resources.PooledConnectionProvider - [id: 0x52b43451, L:/127.0.0.1:51966 - R:localhost/127.0.0.1:8083] onStateChange(GET{uri=/userLocation?userId=213ae7e4-fde4-4d31-b0bf-2e68ed86131b, connection=PooledConnection{channel=[id: 0x52b43451, L:/127.0.0.1:51966 - R:localhost/127.0.0.1:8083]}}, [request_sent])
15:53:14.170 [reactor-http-nio-48] DEBUG reactor.netty.resources.PooledConnectionProvider - [id: 0x52b43451, L:/127.0.0.1:51966 - R:localhost/127.0.0.1:8083] Channel connected, now 248 active connections and 53 inactive connections
15:53:14.171 [reactor-http-nio-48] DEBUG reactor.netty.resources.PooledConnectionProvider - [id: 0x64fd7ec9, L:/127.0.0.1:51967 - R:localhost/127.0.0.1:8083] Registering pool release on close event for channel
15:53:14.171 [reactor-http-nio-48] DEBUG reactor.netty.http.client.HttpClientConnect - [id: 0x64fd7ec9, L:/127.0.0.1:51967 - R:localhost/127.0.0.1:8083] Handler is being applied: {uri=http://localhost:8083/userLocation?userId=36d31ffd-69ff-47a4-a141-7cfc9495185e, method=GET}
15:53:14.172 [reactor-http-nio-48] DEBUG reactor.netty.resources.PooledConnectionProvider - [id: 0x64fd7ec9, L:/127.0.0.1:51967 - R:localhost/127.0.0.1:8083] onStateChange(GET{uri=/userLocation?userId=36d31ffd-69ff-47a4-a141-7cfc9495185e, connection=PooledConnection{channel=[id: 0x64fd7ec9, L:/127.0.0.1:51967 - R:localhost/127.0.0.1:8083]}}, [request_sent])
15:53:14.172 [reactor-http-nio-48] DEBUG reactor.netty.resources.PooledConnectionProvider - [id: 0x64fd7ec9, L:/127.0.0.1:51967 - R:localhost/127.0.0.1:8083] Channel connected, now 249 active connections and 52 inactive connections
15:53:14.172 [reactor-http-nio-48] DEBUG reactor.netty.resources.PooledConnectionProvider - [id: 0xd62a591a, L:/127.0.0.1:51974 - R:localhost/127.0.0.1:8083] Registering pool release on close event for channel
15:53:14.172 [reactor-http-nio-48] DEBUG reactor.netty.http.client.HttpClientConnect - [id: 0xd62a591a, L:/127.0.0.1:51974 - R:localhost/127.0.0.1:8083] Handler is being applied: {uri=http://localhost:8083/userLocation?userId=fec60b1b-8e37-47db-8cb1-3b34e333986b, method=GET}
15:53:14.173 [reactor-http-nio-48] DEBUG reactor.netty.resources.PooledConnectionProvider - [id: 0xd62a591a, L:/127.0.0.1:51974 - R:localhost/127.0.0.1:8083] onStateChange(GET{uri=/userLocation?userId=fec60b1b-8e37-47db-8cb1-3b34e333986b, connection=PooledConnection{channel=[id: 0xd62a591a, L:/127.0.0.1:51974 - R:localhost/127.0.0.1:8083]}}, [request_sent])
15:53:14.173 [reactor-http-nio-48] DEBUG reactor.netty.resources.PooledConnectionProvider - [id: 0xd62a591a, L:/127.0.0.1:51974 - R:localhost/127.0.0.1:8083] Channel connected, now 250 active connections and 51 inactive connections
15:53:14.173 [reactor-http-nio-48] DEBUG reactor.netty.resources.PooledConnectionProvider - [id: 0x2b8a27a7, L:/127.0.0.1:51916 - R:localhost/127.0.0.1:8083] Registering pool release on close event for channel
15:53:14.173 [reactor-http-nio-48] DEBUG reactor.netty.http.client.HttpClientConnect - [id: 0x2b8a27a7, L:/127.0.0.1:51916 - R:localhost/127.0.0.1:8083] Handler is being applied: {uri=http://localhost:8083/userLocation?userId=2323a4e9-0ee2-49dc-bf78-c083ef243bae, method=GET}
15:53:14.174 [reactor-http-nio-48] DEBUG reactor.netty.resources.PooledConnectionProvider - [id: 0x2b8a27a7, L:/127.0.0.1:51916 - R:localhost/127.0.0.1:8083] onStateChange(GET{uri=/userLocation?userId=2323a4e9-0ee2-49dc-bf78-c083ef243bae, connection=PooledConnection{channel=[id: 0x2b8a27a7, L:/127.0.0.1:51916 - R:localhost/127.0.0.1:8083]}}, [request_sent])
15:53:14.174 [reactor-http-nio-48] DEBUG reactor.netty.resources.PooledConnectionProvider - [id: 0x2b8a27a7, L:/127.0.0.1:51916 - R:localhost/127.0.0.1:8083] Channel connected, now 251 active connections and 50 inactive connections
15:53:14.174 [reactor-http-nio-48] DEBUG reactor.netty.resources.PooledConnectionProvider - [id: 0xeab7fac6, L:/127.0.0.1:51926 - R:localhost/127.0.0.1:8083] Registering pool release on close event for channel
15:53:14.174 [reactor-http-nio-48] DEBUG reactor.netty.http.client.HttpClientConnect - [id: 0xeab7fac6, L:/127.0.0.1:51926 - R:localhost/127.0.0.1:8083] Handler is being applied: {uri=http://localhost:8083/userLocation?userId=0b108d8d-756c-4750-b1ba-90846f00ab79, method=GET}
15:53:14.175 [reactor-http-nio-48] DEBUG reactor.netty.resources.PooledConnectionProvider - [id: 0xeab7fac6, L:/127.0.0.1:51926 - R:localhost/127.0.0.1:8083] onStateChange(GET{uri=/userLocation?userId=0b108d8d-756c-4750-b1ba-90846f00ab79, connection=PooledConnection{channel=[id: 0xeab7fac6, L:/127.0.0.1:51926 - R:localhost/127.0.0.1:8083]}}, [request_sent])
15:53:14.175 [reactor-http-nio-48] DEBUG reactor.netty.resources.PooledConnectionProvider - [id: 0xeab7fac6, L:/127.0.0.1:51926 - R:localhost/127.0.0.1:8083] Channel connected, now 252 active connections and 49 inactive connections
15:53:14.175 [reactor-http-nio-48] DEBUG reactor.netty.resources.PooledConnectionProvider - [id: 0xa05904f0, L:/127.0.0.1:51935 - R:localhost/127.0.0.1:8083] Registering pool release on close event for channel
15:53:14.176 [reactor-http-nio-48] DEBUG reactor.netty.http.client.HttpClientConnect - [id: 0xa05904f0, L:/127.0.0.1:51935 - R:localhost/127.0.0.1:8083] Handler is being applied: {uri=http://localhost:8083/userLocation?userId=8b6b22ef-3099-4b58-b546-87bda8bd2ad5, method=GET}
15:53:14.177 [reactor-http-nio-48] DEBUG reactor.netty.resources.PooledConnectionProvider - [id: 0xa05904f0, L:/127.0.0.1:51935 - R:localhost/127.0.0.1:8083] onStateChange(GET{uri=/userLocation?userId=8b6b22ef-3099-4b58-b546-87bda8bd2ad5, connection=PooledConnection{channel=[id: 0xa05904f0, L:/127.0.0.1:51935 - R:localhost/127.0.0.1:8083]}}, [request_sent])
15:53:14.177 [reactor-http-nio-48] DEBUG reactor.netty.resources.PooledConnectionProvider - [id: 0xa05904f0, L:/127.0.0.1:51935 - R:localhost/127.0.0.1:8083] Channel connected, now 253 active connections and 48 inactive connections
15:53:14.177 [reactor-http-nio-48] DEBUG reactor.netty.resources.PooledConnectionProvider - [id: 0x5ae48bb7, L:/127.0.0.1:51942 - R:localhost/127.0.0.1:8083] Registering pool release on close event for channel
15:53:14.177 [reactor-http-nio-48] DEBUG reactor.netty.http.client.HttpClientConnect - [id: 0x5ae48bb7, L:/127.0.0.1:51942 - R:localhost/127.0.0.1:8083] Handler is being applied: {uri=http://localhost:8083/userLocation?userId=80da2ec1-9d32-4b92-9483-5dfe3689c638, method=GET}
15:53:14.177 [reactor-http-nio-41] DEBUG reactor.netty.resources.PooledConnectionProvider - [id: 0xc0a2c902, L:/127.0.0.1:51919 - R:localhost/127.0.0.1:8083] onStateChange(GET{uri=/userLocation?userId=f77b0ac0-cb63-4c8f-b6b9-5d1e3977ac6b, connection=PooledConnection{channel=[id: 0xc0a2c902, L:/127.0.0.1:51919 - R:localhost/127.0.0.1:8083]}}, [request_sent])
15:53:14.178 [reactor-http-nio-41] DEBUG reactor.netty.resources.PooledConnectionProvider - [id: 0xf0244be7, L:/127.0.0.1:51921 - R:localhost/127.0.0.1:8083] Registering pool release on close event for channel
15:53:14.178 [reactor-http-nio-41] DEBUG reactor.netty.resources.PooledConnectionProvider - [id: 0xf0244be7, L:/127.0.0.1:51921 - R:localhost/127.0.0.1:8083] Channel connected, now 255 active connections and 46 inactive connections
15:53:14.178 [reactor-http-nio-41] DEBUG reactor.netty.resources.PooledConnectionProvider - [id: 0xf0244be7, L:/127.0.0.1:51921 - R:localhost/127.0.0.1:8083] onStateChange(PooledConnection{channel=[id: 0xf0244be7, L:/127.0.0.1:51921 - R:localhost/127.0.0.1:8083]}, [connected])
15:53:14.178 [reactor-http-nio-41] DEBUG reactor.netty.resources.PooledConnectionProvider - [id: 0xf0244be7, L:/127.0.0.1:51921 - R:localhost/127.0.0.1:8083] onStateChange(GET{uri=/, connection=PooledConnection{channel=[id: 0xf0244be7, L:/127.0.0.1:51921 - R:localhost/127.0.0.1:8083]}}, [configured])
15:53:14.178 [reactor-http-nio-41] DEBUG reactor.netty.http.client.HttpClientConnect - [id: 0xf0244be7, L:/127.0.0.1:51921 - R:localhost/127.0.0.1:8083] Handler is being applied: {uri=http://localhost:8083/userLocation?userId=01243b8e-38da-4d8f-8b4d-cf2cc583b720, method=GET}
15:53:14.179 [reactor-http-nio-41] DEBUG reactor.netty.resources.PooledConnectionProvider - [id: 0xf0244be7, L:/127.0.0.1:51921 - R:localhost/127.0.0.1:8083] onStateChange(GET{uri=/userLocation?userId=01243b8e-38da-4d8f-8b4d-cf2cc583b720, connection=PooledConnection{channel=[id: 0xf0244be7, L:/127.0.0.1:51921 - R:localhost/127.0.0.1:8083]}}, [request_sent])
15:53:14.180 [reactor-http-nio-41] DEBUG reactor.netty.resources.PooledConnectionProvider - [id: 0x003d9ecc, L:/127.0.0.1:51923 - R:localhost/127.0.0.1:8083] Registering pool release on close event for channel
15:53:14.180 [reactor-http-nio-41] DEBUG reactor.netty.resources.PooledConnectionProvider - [id: 0x003d9ecc, L:/127.0.0.1:51923 - R:localhost/127.0.0.1:8083] Channel connected, now 256 active connections and 45 inactive connections
15:53:14.180 [reactor-http-nio-41] DEBUG reactor.netty.resources.PooledConnectionProvider - [id: 0x003d9ecc, L:/127.0.0.1:51923 - R:localhost/127.0.0.1:8083] onStateChange(PooledConnection{channel=[id: 0x003d9ecc, L:/127.0.0.1:51923 - R:localhost/127.0.0.1:8083]}, [connected])
15:53:14.180 [reactor-http-nio-41] DEBUG reactor.netty.resources.PooledConnectionProvider - [id: 0x003d9ecc, L:/127.0.0.1:51923 - R:localhost/127.0.0.1:8083] onStateChange(GET{uri=/, connection=PooledConnection{channel=[id: 0x003d9ecc, L:/127.0.0.1:51923 - R:localhost/127.0.0.1:8083]}}, [configured])
15:53:14.180 [reactor-http-nio-41] DEBUG reactor.netty.http.client.HttpClientConnect - [id: 0x003d9ecc, L:/127.0.0.1:51923 - R:localhost/127.0.0.1:8083] Handler is being applied: {uri=http://localhost:8083/userLocation?userId=0e1ba366-5f59-4662-93cf-9417a747ad34, method=GET}
15:53:14.182 [reactor-http-nio-41] DEBUG reactor.netty.resources.PooledConnectionProvider - [id: 0x003d9ecc, L:/127.0.0.1:51923 - R:localhost/127.0.0.1:8083] onStateChange(GET{uri=/userLocation?userId=0e1ba366-5f59-4662-93cf-9417a747ad34, connection=PooledConnection{channel=[id: 0x003d9ecc, L:/127.0.0.1:51923 - R:localhost/127.0.0.1:8083]}}, [request_sent])
15:53:14.182 [reactor-http-nio-41] DEBUG reactor.netty.resources.PooledConnectionProvider - [id: 0x363ce47f, L:/127.0.0.1:51925 - R:localhost/127.0.0.1:8083] onStateChange(PooledConnection{channel=[id: 0x363ce47f, L:/127.0.0.1:51925 - R:localhost/127.0.0.1:8083]}, [connected])
15:53:14.183 [reactor-http-nio-41] DEBUG reactor.netty.resources.PooledConnectionProvider - [id: 0x363ce47f, L:/127.0.0.1:51925 - R:localhost/127.0.0.1:8083] onStateChange(GET{uri=/, connection=PooledConnection{channel=[id: 0x363ce47f, L:/127.0.0.1:51925 - R:localhost/127.0.0.1:8083]}}, [configured])
15:53:14.183 [reactor-http-nio-41] DEBUG reactor.netty.resources.PooledConnectionProvider - [id: 0x45e1ba3f, L:/127.0.0.1:51927 - R:localhost/127.0.0.1:8083] onStateChange(PooledConnection{channel=[id: 0x45e1ba3f, L:/127.0.0.1:51927 - R:localhost/127.0.0.1:8083]}, [connected])
15:53:14.184 [reactor-http-nio-41] DEBUG reactor.netty.resources.PooledConnectionProvider - [id: 0x45e1ba3f, L:/127.0.0.1:51927 - R:localhost/127.0.0.1:8083] onStateChange(GET{uri=/, connection=PooledConnection{channel=[id: 0x45e1ba3f, L:/127.0.0.1:51927 - R:localhost/127.0.0.1:8083]}}, [configured])
15:53:14.184 [reactor-http-nio-41] DEBUG reactor.netty.resources.PooledConnectionProvider - [id: 0xaec00cf3, L:/127.0.0.1:51929 - R:localhost/127.0.0.1:8083] onStateChange(PooledConnection{channel=[id: 0xaec00cf3, L:/127.0.0.1:51929 - R:localhost/127.0.0.1:8083]}, [connected])
15:53:14.185 [reactor-http-nio-41] DEBUG reactor.netty.resources.PooledConnectionProvider - [id: 0xaec00cf3, L:/127.0.0.1:51929 - R:localhost/127.0.0.1:8083] onStateChange(GET{uri=/, connection=PooledConnection{channel=[id: 0xaec00cf3, L:/127.0.0.1:51929 - R:localhost/127.0.0.1:8083]}}, [configured])
15:53:14.185 [reactor-http-nio-41] DEBUG reactor.netty.resources.PooledConnectionProvider - [id: 0x03dc54cb, L:/127.0.0.1:51901 - R:localhost/127.0.0.1:8083] Registering pool release on close event for channel
15:53:14.185 [reactor-http-nio-41] DEBUG reactor.netty.http.client.HttpClientConnect - [id: 0x03dc54cb, L:/127.0.0.1:51901 - R:localhost/127.0.0.1:8083] Handler is being applied: {uri=http://localhost:8083/userLocation?userId=bf2bd711-88de-40fc-afaa-fcbbc0855fff, method=GET}
15:53:14.186 [reactor-http-nio-41] DEBUG reactor.netty.resources.PooledConnectionProvider - [id: 0x03dc54cb, L:/127.0.0.1:51901 - R:localhost/127.0.0.1:8083] onStateChange(GET{uri=/userLocation?userId=bf2bd711-88de-40fc-afaa-fcbbc0855fff, connection=PooledConnection{channel=[id: 0x03dc54cb, L:/127.0.0.1:51901 - R:localhost/127.0.0.1:8083]}}, [request_sent])
15:53:14.187 [reactor-http-nio-41] DEBUG reactor.netty.resources.PooledConnectionProvider - [id: 0x03dc54cb, L:/127.0.0.1:51901 - R:localhost/127.0.0.1:8083] Channel connected, now 257 active connections and 44 inactive connections
15:53:14.187 [reactor-http-nio-41] DEBUG reactor.netty.resources.PooledConnectionProvider - [id: 0x20fc71d3, L:/127.0.0.1:51915 - R:localhost/127.0.0.1:8083] Registering pool release on close event for channel
15:53:14.187 [reactor-http-nio-41] DEBUG reactor.netty.http.client.HttpClientConnect - [id: 0x20fc71d3, L:/127.0.0.1:51915 - R:localhost/127.0.0.1:8083] Handler is being applied: {uri=http://localhost:8083/userLocation?userId=3664b340-eb94-4838-838a-d3963cc336f7, method=GET}
15:53:14.188 [reactor-http-nio-41] DEBUG reactor.netty.resources.PooledConnectionProvider - [id: 0x20fc71d3, L:/127.0.0.1:51915 - R:localhost/127.0.0.1:8083] onStateChange(GET{uri=/userLocation?userId=3664b340-eb94-4838-838a-d3963cc336f7, connection=PooledConnection{channel=[id: 0x20fc71d3, L:/127.0.0.1:51915 - R:localhost/127.0.0.1:8083]}}, [request_sent])
15:53:14.188 [reactor-http-nio-41] DEBUG reactor.netty.resources.PooledConnectionProvider - [id: 0x20fc71d3, L:/127.0.0.1:51915 - R:localhost/127.0.0.1:8083] Channel connected, now 258 active connections and 43 inactive connections
15:53:14.189 [reactor-http-nio-41] DEBUG reactor.netty.resources.PooledConnectionProvider - [id: 0x363ce47f, L:/127.0.0.1:51925 - R:localhost/127.0.0.1:8083] Registering pool release on close event for channel
15:53:14.189 [reactor-http-nio-41] DEBUG reactor.netty.http.client.HttpClientConnect - [id: 0x363ce47f, L:/127.0.0.1:51925 - R:localhost/127.0.0.1:8083] Handler is being applied: {uri=http://localhost:8083/userLocation?userId=de9ecbf0-9d95-496b-8cd5-daa46f35cba4, method=GET}
15:53:14.190 [reactor-http-nio-41] DEBUG reactor.netty.resources.PooledConnectionProvider - [id: 0x363ce47f, L:/127.0.0.1:51925 - R:localhost/127.0.0.1:8083] onStateChange(GET{uri=/userLocation?userId=de9ecbf0-9d95-496b-8cd5-daa46f35cba4, connection=PooledConnection{channel=[id: 0x363ce47f, L:/127.0.0.1:51925 - R:localhost/127.0.0.1:8083]}}, [request_sent])
15:53:14.190 [reactor-http-nio-41] DEBUG reactor.netty.resources.PooledConnectionProvider - [id: 0x363ce47f, L:/127.0.0.1:51925 - R:localhost/127.0.0.1:8083] Channel connected, now 259 active connections and 42 inactive connections
15:53:14.190 [reactor-http-nio-41] DEBUG reactor.netty.resources.PooledConnectionProvider - [id: 0xaec00cf3, L:/127.0.0.1:51929 - R:localhost/127.0.0.1:8083] Registering pool release on close event for channel
15:53:14.190 [reactor-http-nio-41] DEBUG reactor.netty.http.client.HttpClientConnect - [id: 0xaec00cf3, L:/127.0.0.1:51929 - R:localhost/127.0.0.1:8083] Handler is being applied: {uri=http://localhost:8083/userLocation?userId=f20b15b7-f7b3-4f6f-b563-e0ff81c3f6e2, method=GET}
15:53:14.192 [reactor-http-nio-41] DEBUG reactor.netty.resources.PooledConnectionProvider - [id: 0xaec00cf3, L:/127.0.0.1:51929 - R:localhost/127.0.0.1:8083] onStateChange(GET{uri=/userLocation?userId=f20b15b7-f7b3-4f6f-b563-e0ff81c3f6e2, connection=PooledConnection{channel=[id: 0xaec00cf3, L:/127.0.0.1:51929 - R:localhost/127.0.0.1:8083]}}, [request_sent])
15:53:14.192 [reactor-http-nio-41] DEBUG reactor.netty.resources.PooledConnectionProvider - [id: 0xaec00cf3, L:/127.0.0.1:51929 - R:localhost/127.0.0.1:8083] Channel connected, now 260 active connections and 41 inactive connections
15:53:14.230 [reactor-http-nio-46] DEBUG reactor.netty.resources.PooledConnectionProvider - [id: 0x7a77be43, L:/127.0.0.1:51818 - R:localhost/127.0.0.1:8083] onStateChange(GET{uri=/userLocation?userId=e5b11639-77fd-4693-a1f6-e94ff82dab38, connection=PooledConnection{channel=[id: 0x7a77be43, L:/127.0.0.1:51818 - R:localhost/127.0.0.1:8083]}}, [request_sent])
15:53:14.231 [reactor-http-nio-46] DEBUG reactor.netty.resources.PooledConnectionProvider - [id: 0x7a77be43, L:/127.0.0.1:51818 - R:localhost/127.0.0.1:8083] Channel connected, now 260 active connections and 41 inactive connections
15:53:14.231 [reactor-http-nio-46] DEBUG reactor.netty.resources.PooledConnectionProvider - [id: 0xa4957f74, L:/127.0.0.1:51830 - R:localhost/127.0.0.1:8083] Registering pool release on close event for channel
15:53:14.231 [reactor-http-nio-46] DEBUG reactor.netty.http.client.HttpClientConnect - [id: 0xa4957f74, L:/127.0.0.1:51830 - R:localhost/127.0.0.1:8083] Handler is being applied: {uri=http://localhost:8083/userLocation?userId=e10bc72d-f2dd-4dfe-9486-158778e05cb7, method=GET}
15:53:14.233 [reactor-http-nio-46] DEBUG reactor.netty.resources.PooledConnectionProvider - [id: 0xa4957f74, L:/127.0.0.1:51830 - R:localhost/127.0.0.1:8083] onStateChange(GET{uri=/userLocation?userId=e10bc72d-f2dd-4dfe-9486-158778e05cb7, connection=PooledConnection{channel=[id: 0xa4957f74, L:/127.0.0.1:51830 - R:localhost/127.0.0.1:8083]}}, [request_sent])
15:53:14.234 [reactor-http-nio-48] DEBUG reactor.netty.resources.PooledConnectionProvider - [id: 0x5ae48bb7, L:/127.0.0.1:51942 - R:localhost/127.0.0.1:8083] onStateChange(GET{uri=/userLocation?userId=80da2ec1-9d32-4b92-9483-5dfe3689c638, connection=PooledConnection{channel=[id: 0x5ae48bb7, L:/127.0.0.1:51942 - R:localhost/127.0.0.1:8083]}}, [request_sent])
15:53:14.234 [reactor-http-nio-48] DEBUG reactor.netty.resources.PooledConnectionProvider - [id: 0x5ae48bb7, L:/127.0.0.1:51942 - R:localhost/127.0.0.1:8083] Channel connected, now 261 active connections and 40 inactive connections
15:53:14.234 [reactor-http-nio-48] DEBUG reactor.netty.resources.PooledConnectionProvider - [id: 0xfc3bf400, L:/127.0.0.1:51944 - R:localhost/127.0.0.1:8083] Registering pool release on close event for channel
15:53:14.235 [reactor-http-nio-48] DEBUG reactor.netty.http.client.HttpClientConnect - [id: 0xfc3bf400, L:/127.0.0.1:51944 - R:localhost/127.0.0.1:8083] Handler is being applied: {uri=http://localhost:8083/userLocation?userId=08e97f18-a490-4149-9c2e-136eb8957ab6, method=GET}
15:53:14.234 [reactor-http-nio-46] DEBUG reactor.netty.resources.PooledConnectionProvider - [id: 0xa4957f74, L:/127.0.0.1:51830 - R:localhost/127.0.0.1:8083] Channel connected, now 261 active connections and 40 inactive connections
15:53:14.236 [reactor-http-nio-47] DEBUG reactor.netty.resources.PooledConnectionProvider - [id: 0xaeb3e815, L:/127.0.0.1:51887 - R:localhost/127.0.0.1:8083] Registering pool release on close event for channel
15:53:14.236 [reactor-http-nio-47] DEBUG reactor.netty.http.client.HttpClientConnect - [id: 0xaeb3e815, L:/127.0.0.1:51887 - R:localhost/127.0.0.1:8083] Handler is being applied: {uri=http://localhost:8083/userLocation?userId=d5e375b9-6de3-465c-b4f9-9a02553a3a10, method=GET}
15:53:14.236 [reactor-http-nio-41] DEBUG reactor.netty.resources.PooledConnectionProvider - [id: 0xfdd4189a, L:/127.0.0.1:51799 - R:localhost/127.0.0.1:8083] Registering pool release on close event for channel
15:53:14.236 [reactor-http-nio-41] DEBUG reactor.netty.http.client.HttpClientConnect - [id: 0xfdd4189a, L:/127.0.0.1:51799 - R:localhost/127.0.0.1:8083] Handler is being applied: {uri=http://localhost:8083/userLocation?userId=ea32b189-1cc0-4182-b548-638b7d1e3ad7, method=GET}
15:53:14.237 [reactor-http-nio-47] DEBUG reactor.netty.resources.PooledConnectionProvider - [id: 0xaeb3e815, L:/127.0.0.1:51887 - R:localhost/127.0.0.1:8083] onStateChange(GET{uri=/userLocation?userId=d5e375b9-6de3-465c-b4f9-9a02553a3a10, connection=PooledConnection{channel=[id: 0xaeb3e815, L:/127.0.0.1:51887 - R:localhost/127.0.0.1:8083]}}, [request_sent])
15:53:14.237 [reactor-http-nio-47] DEBUG reactor.netty.resources.PooledConnectionProvider - [id: 0xaeb3e815, L:/127.0.0.1:51887 - R:localhost/127.0.0.1:8083] Channel connected, now 264 active connections and 37 inactive connections
15:53:14.237 [reactor-http-nio-47] DEBUG reactor.netty.resources.PooledConnectionProvider - [id: 0xe35e117d, L:/127.0.0.1:51893 - R:localhost/127.0.0.1:8083] Registering pool release on close event for channel
15:53:14.237 [reactor-http-nio-47] DEBUG reactor.netty.http.client.HttpClientConnect - [id: 0xe35e117d, L:/127.0.0.1:51893 - R:localhost/127.0.0.1:8083] Handler is being applied: {uri=http://localhost:8083/userLocation?userId=cf5f7f30-4f9e-488a-8e3b-f9697d5069bc, method=GET}
15:53:14.237 [reactor-http-nio-41] DEBUG reactor.netty.resources.PooledConnectionProvider - [id: 0xfdd4189a, L:/127.0.0.1:51799 - R:localhost/127.0.0.1:8083] onStateChange(GET{uri=/userLocation?userId=ea32b189-1cc0-4182-b548-638b7d1e3ad7, connection=PooledConnection{channel=[id: 0xfdd4189a, L:/127.0.0.1:51799 - R:localhost/127.0.0.1:8083]}}, [request_sent])
15:53:14.238 [reactor-http-nio-47] DEBUG reactor.netty.resources.PooledConnectionProvider - [id: 0xe35e117d, L:/127.0.0.1:51893 - R:localhost/127.0.0.1:8083] onStateChange(GET{uri=/userLocation?userId=cf5f7f30-4f9e-488a-8e3b-f9697d5069bc, connection=PooledConnection{channel=[id: 0xe35e117d, L:/127.0.0.1:51893 - R:localhost/127.0.0.1:8083]}}, [request_sent])
15:53:14.238 [reactor-http-nio-47] DEBUG reactor.netty.resources.PooledConnectionProvider - [id: 0xe35e117d, L:/127.0.0.1:51893 - R:localhost/127.0.0.1:8083] Channel connected, now 265 active connections and 36 inactive connections
15:53:14.238 [reactor-http-nio-47] DEBUG reactor.netty.resources.PooledConnectionProvider - [id: 0x89da56b3, L:/127.0.0.1:51895 - R:localhost/127.0.0.1:8083] Registering pool release on close event for channel
15:53:14.238 [reactor-http-nio-47] DEBUG reactor.netty.http.client.HttpClientConnect - [id: 0x89da56b3, L:/127.0.0.1:51895 - R:localhost/127.0.0.1:8083] Handler is being applied: {uri=http://localhost:8083/userLocation?userId=0791e4eb-a7d3-4f0b-a1a1-3e46b98a228c, method=GET}
15:53:14.238 [reactor-http-nio-41] DEBUG reactor.netty.resources.PooledConnectionProvider - [id: 0xfdd4189a, L:/127.0.0.1:51799 - R:localhost/127.0.0.1:8083] Channel connected, now 266 active connections and 35 inactive connections
15:53:14.239 [reactor-http-nio-47] DEBUG reactor.netty.resources.PooledConnectionProvider - [id: 0x89da56b3, L:/127.0.0.1:51895 - R:localhost/127.0.0.1:8083] onStateChange(GET{uri=/userLocation?userId=0791e4eb-a7d3-4f0b-a1a1-3e46b98a228c, connection=PooledConnection{channel=[id: 0x89da56b3, L:/127.0.0.1:51895 - R:localhost/127.0.0.1:8083]}}, [request_sent])
15:53:14.239 [reactor-http-nio-47] DEBUG reactor.netty.resources.PooledConnectionProvider - [id: 0x89da56b3, L:/127.0.0.1:51895 - R:localhost/127.0.0.1:8083] Channel connected, now 266 active connections and 35 inactive connections
15:53:14.239 [reactor-http-nio-47] DEBUG reactor.netty.resources.PooledConnectionProvider - [id: 0xdd35a511, L:/127.0.0.1:51898 - R:localhost/127.0.0.1:8083] Registering pool release on close event for channel
15:53:14.239 [reactor-http-nio-47] DEBUG reactor.netty.http.client.HttpClientConnect - [id: 0xdd35a511, L:/127.0.0.1:51898 - R:localhost/127.0.0.1:8083] Handler is being applied: {uri=http://localhost:8083/userLocation?userId=e3105df5-3255-4fd6-858e-3884c57c26cb, method=GET}
15:53:14.240 [reactor-http-nio-47] DEBUG reactor.netty.resources.PooledConnectionProvider - [id: 0xdd35a511, L:/127.0.0.1:51898 - R:localhost/127.0.0.1:8083] onStateChange(GET{uri=/userLocation?userId=e3105df5-3255-4fd6-858e-3884c57c26cb, connection=PooledConnection{channel=[id: 0xdd35a511, L:/127.0.0.1:51898 - R:localhost/127.0.0.1:8083]}}, [request_sent])
15:53:14.240 [reactor-http-nio-47] DEBUG reactor.netty.resources.PooledConnectionProvider - [id: 0xdd35a511, L:/127.0.0.1:51898 - R:localhost/127.0.0.1:8083] Channel connected, now 267 active connections and 34 inactive connections
15:53:14.240 [reactor-http-nio-41] DEBUG reactor.netty.resources.PooledConnectionProvider - [id: 0x1133f190, L:/127.0.0.1:51897 - R:localhost/127.0.0.1:8083] Registering pool release on close event for channel
15:53:14.240 [reactor-http-nio-41] DEBUG reactor.netty.http.client.HttpClientConnect - [id: 0x1133f190, L:/127.0.0.1:51897 - R:localhost/127.0.0.1:8083] Handler is being applied: {uri=http://localhost:8083/userLocation?userId=d0d602a8-05ff-400c-a4ae-e6ef4dc149d4, method=GET}
15:53:14.241 [reactor-http-nio-46] DEBUG reactor.netty.resources.PooledConnectionProvider - [id: 0x29677198, L:/127.0.0.1:51832 - R:localhost/127.0.0.1:8083] onStateChange(PooledConnection{channel=[id: 0x29677198, L:/127.0.0.1:51832 - R:localhost/127.0.0.1:8083]}, [connected])
15:53:14.241 [reactor-http-nio-46] DEBUG reactor.netty.resources.PooledConnectionProvider - [id: 0x29677198, L:/127.0.0.1:51832 - R:localhost/127.0.0.1:8083] onStateChange(GET{uri=/, connection=PooledConnection{channel=[id: 0x29677198, L:/127.0.0.1:51832 - R:localhost/127.0.0.1:8083]}}, [configured])
15:53:14.241 [reactor-http-nio-41] DEBUG reactor.netty.resources.PooledConnectionProvider - [id: 0x1133f190, L:/127.0.0.1:51897 - R:localhost/127.0.0.1:8083] onStateChange(GET{uri=/userLocation?userId=d0d602a8-05ff-400c-a4ae-e6ef4dc149d4, connection=PooledConnection{channel=[id: 0x1133f190, L:/127.0.0.1:51897 - R:localhost/127.0.0.1:8083]}}, [request_sent])
15:53:14.241 [reactor-http-nio-41] DEBUG reactor.netty.resources.PooledConnectionProvider - [id: 0x1133f190, L:/127.0.0.1:51897 - R:localhost/127.0.0.1:8083] Channel connected, now 269 active connections and 32 inactive connections
15:53:14.242 [reactor-http-nio-41] DEBUG reactor.netty.resources.PooledConnectionProvider - [id: 0x9af0e655, L:/127.0.0.1:51913 - R:localhost/127.0.0.1:8083] Registering pool release on close event for channel
15:53:14.242 [reactor-http-nio-41] DEBUG reactor.netty.http.client.HttpClientConnect - [id: 0x9af0e655, L:/127.0.0.1:51913 - R:localhost/127.0.0.1:8083] Handler is being applied: {uri=http://localhost:8083/userLocation?userId=87dca8ff-e094-4c79-924a-37cf4870c980, method=GET}
15:53:14.242 [reactor-http-nio-46] DEBUG reactor.netty.resources.PooledConnectionProvider - [id: 0x07e2665a, L:/127.0.0.1:51934 - R:localhost/127.0.0.1:8083] Registering pool release on close event for channel
15:53:14.242 [reactor-http-nio-46] DEBUG reactor.netty.resources.PooledConnectionProvider - [id: 0x07e2665a, L:/127.0.0.1:51934 - R:localhost/127.0.0.1:8083] Channel connected, now 270 active connections and 31 inactive connections
15:53:14.243 [reactor-http-nio-41] DEBUG reactor.netty.resources.PooledConnectionProvider - [id: 0x9af0e655, L:/127.0.0.1:51913 - R:localhost/127.0.0.1:8083] onStateChange(GET{uri=/userLocation?userId=87dca8ff-e094-4c79-924a-37cf4870c980, connection=PooledConnection{channel=[id: 0x9af0e655, L:/127.0.0.1:51913 - R:localhost/127.0.0.1:8083]}}, [request_sent])
15:53:14.243 [reactor-http-nio-41] DEBUG reactor.netty.resources.PooledConnectionProvider - [id: 0x9af0e655, L:/127.0.0.1:51913 - R:localhost/127.0.0.1:8083] Channel connected, now 270 active connections and 31 inactive connections
15:53:14.243 [reactor-http-nio-41] DEBUG reactor.netty.resources.PooledConnectionProvider - [id: 0x45e1ba3f, L:/127.0.0.1:51927 - R:localhost/127.0.0.1:8083] Registering pool release on close event for channel
15:53:14.243 [reactor-http-nio-41] DEBUG reactor.netty.http.client.HttpClientConnect - [id: 0x45e1ba3f, L:/127.0.0.1:51927 - R:localhost/127.0.0.1:8083] Handler is being applied: {uri=http://localhost:8083/userLocation?userId=2ab6b755-8b5f-4050-b432-6fefd49470d3, method=GET}
15:53:14.244 [reactor-http-nio-41] DEBUG reactor.netty.resources.PooledConnectionProvider - [id: 0x45e1ba3f, L:/127.0.0.1:51927 - R:localhost/127.0.0.1:8083] onStateChange(GET{uri=/userLocation?userId=2ab6b755-8b5f-4050-b432-6fefd49470d3, connection=PooledConnection{channel=[id: 0x45e1ba3f, L:/127.0.0.1:51927 - R:localhost/127.0.0.1:8083]}}, [request_sent])
15:53:14.244 [reactor-http-nio-41] DEBUG reactor.netty.resources.PooledConnectionProvider - [id: 0x45e1ba3f, L:/127.0.0.1:51927 - R:localhost/127.0.0.1:8083] Channel connected, now 271 active connections and 30 inactive connections
15:53:14.245 [reactor-http-nio-46] DEBUG reactor.netty.resources.PooledConnectionProvider - [id: 0x07e2665a, L:/127.0.0.1:51934 - R:localhost/127.0.0.1:8083] onStateChange(PooledConnection{channel=[id: 0x07e2665a, L:/127.0.0.1:51934 - R:localhost/127.0.0.1:8083]}, [connected])
15:53:14.246 [reactor-http-nio-46] DEBUG reactor.netty.resources.PooledConnectionProvider - [id: 0x07e2665a, L:/127.0.0.1:51934 - R:localhost/127.0.0.1:8083] onStateChange(GET{uri=/, connection=PooledConnection{channel=[id: 0x07e2665a, L:/127.0.0.1:51934 - R:localhost/127.0.0.1:8083]}}, [configured])
15:53:14.246 [reactor-http-nio-46] DEBUG reactor.netty.http.client.HttpClientConnect - [id: 0x07e2665a, L:/127.0.0.1:51934 - R:localhost/127.0.0.1:8083] Handler is being applied: {uri=http://localhost:8083/userLocation?userId=1c0ebf7b-e2b5-408e-8731-e783710992f5, method=GET}
15:53:14.247 [reactor-http-nio-46] DEBUG reactor.netty.resources.PooledConnectionProvider - [id: 0x07e2665a, L:/127.0.0.1:51934 - R:localhost/127.0.0.1:8083] onStateChange(GET{uri=/userLocation?userId=1c0ebf7b-e2b5-408e-8731-e783710992f5, connection=PooledConnection{channel=[id: 0x07e2665a, L:/127.0.0.1:51934 - R:localhost/127.0.0.1:8083]}}, [request_sent])
15:53:14.248 [reactor-http-nio-46] DEBUG reactor.netty.resources.PooledConnectionProvider - [id: 0xbc334cd2, L:/127.0.0.1:51936 - R:localhost/127.0.0.1:8083] onStateChange(PooledConnection{channel=[id: 0xbc334cd2, L:/127.0.0.1:51936 - R:localhost/127.0.0.1:8083]}, [connected])
15:53:14.249 [reactor-http-nio-46] DEBUG reactor.netty.resources.PooledConnectionProvider - [id: 0xbc334cd2, L:/127.0.0.1:51936 - R:localhost/127.0.0.1:8083] onStateChange(GET{uri=/, connection=PooledConnection{channel=[id: 0xbc334cd2, L:/127.0.0.1:51936 - R:localhost/127.0.0.1:8083]}}, [configured])
15:53:14.250 [reactor-http-nio-48] DEBUG reactor.netty.resources.PooledConnectionProvider - [id: 0xfc3bf400, L:/127.0.0.1:51944 - R:localhost/127.0.0.1:8083] onStateChange(GET{uri=/userLocation?userId=08e97f18-a490-4149-9c2e-136eb8957ab6, connection=PooledConnection{channel=[id: 0xfc3bf400, L:/127.0.0.1:51944 - R:localhost/127.0.0.1:8083]}}, [request_sent])
15:53:14.250 [reactor-http-nio-48] DEBUG reactor.netty.resources.PooledConnectionProvider - [id: 0xfc3bf400, L:/127.0.0.1:51944 - R:localhost/127.0.0.1:8083] Channel connected, now 271 active connections and 30 inactive connections
15:53:14.251 [reactor-http-nio-48] DEBUG reactor.netty.resources.PooledConnectionProvider - [id: 0x03a75d7c, L:/127.0.0.1:51954 - R:localhost/127.0.0.1:8083] Registering pool release on close event for channel
15:53:14.251 [reactor-http-nio-48] DEBUG reactor.netty.http.client.HttpClientConnect - [id: 0x03a75d7c, L:/127.0.0.1:51954 - R:localhost/127.0.0.1:8083] Handler is being applied: {uri=http://localhost:8083/userLocation?userId=8f515823-addd-4298-8819-47ca943bcb79, method=GET}
15:53:14.252 [reactor-http-nio-48] DEBUG reactor.netty.resources.PooledConnectionProvider - [id: 0x03a75d7c, L:/127.0.0.1:51954 - R:localhost/127.0.0.1:8083] onStateChange(GET{uri=/userLocation?userId=8f515823-addd-4298-8819-47ca943bcb79, connection=PooledConnection{channel=[id: 0x03a75d7c, L:/127.0.0.1:51954 - R:localhost/127.0.0.1:8083]}}, [request_sent])
15:53:14.253 [reactor-http-nio-48] DEBUG reactor.netty.resources.PooledConnectionProvider - [id: 0x03a75d7c, L:/127.0.0.1:51954 - R:localhost/127.0.0.1:8083] Channel connected, now 272 active connections and 29 inactive connections
15:53:14.253 [reactor-http-nio-48] DEBUG reactor.netty.resources.PooledConnectionProvider - [id: 0x6a1a0482, L:/127.0.0.1:51956 - R:localhost/127.0.0.1:8083] Registering pool release on close event for channel
15:53:14.253 [reactor-http-nio-48] DEBUG reactor.netty.http.client.HttpClientConnect - [id: 0x6a1a0482, L:/127.0.0.1:51956 - R:localhost/127.0.0.1:8083] Handler is being applied: {uri=http://localhost:8083/userLocation?userId=a109cebc-d760-4f13-9685-25b1e1a768dc, method=GET}
15:53:14.255 [reactor-http-nio-48] DEBUG reactor.netty.resources.PooledConnectionProvider - [id: 0x6a1a0482, L:/127.0.0.1:51956 - R:localhost/127.0.0.1:8083] onStateChange(GET{uri=/userLocation?userId=a109cebc-d760-4f13-9685-25b1e1a768dc, connection=PooledConnection{channel=[id: 0x6a1a0482, L:/127.0.0.1:51956 - R:localhost/127.0.0.1:8083]}}, [request_sent])
15:53:14.255 [reactor-http-nio-48] DEBUG reactor.netty.resources.PooledConnectionProvider - [id: 0x6a1a0482, L:/127.0.0.1:51956 - R:localhost/127.0.0.1:8083] Channel connected, now 273 active connections and 28 inactive connections
15:53:14.255 [reactor-http-nio-48] DEBUG reactor.netty.resources.PooledConnectionProvider - [id: 0xf514f1ff, L:/127.0.0.1:51965 - R:localhost/127.0.0.1:8083] Registering pool release on close event for channel
15:53:14.256 [reactor-http-nio-48] DEBUG reactor.netty.http.client.HttpClientConnect - [id: 0xf514f1ff, L:/127.0.0.1:51965 - R:localhost/127.0.0.1:8083] Handler is being applied: {uri=http://localhost:8083/userLocation?userId=880559bb-3b50-40c2-96ea-bd541dc11f0b, method=GET}
15:53:14.257 [reactor-http-nio-48] DEBUG reactor.netty.resources.PooledConnectionProvider - [id: 0xf514f1ff, L:/127.0.0.1:51965 - R:localhost/127.0.0.1:8083] onStateChange(GET{uri=/userLocation?userId=880559bb-3b50-40c2-96ea-bd541dc11f0b, connection=PooledConnection{channel=[id: 0xf514f1ff, L:/127.0.0.1:51965 - R:localhost/127.0.0.1:8083]}}, [request_sent])
15:53:14.257 [reactor-http-nio-48] DEBUG reactor.netty.resources.PooledConnectionProvider - [id: 0xf514f1ff, L:/127.0.0.1:51965 - R:localhost/127.0.0.1:8083] Channel connected, now 274 active connections and 27 inactive connections
15:53:14.258 [reactor-http-nio-48] DEBUG reactor.netty.resources.PooledConnectionProvider - [id: 0x3f7d5ef0, L:/127.0.0.1:51973 - R:localhost/127.0.0.1:8083] Registering pool release on close event for channel
15:53:14.258 [reactor-http-nio-48] DEBUG reactor.netty.http.client.HttpClientConnect - [id: 0x3f7d5ef0, L:/127.0.0.1:51973 - R:localhost/127.0.0.1:8083] Handler is being applied: {uri=http://localhost:8083/userLocation?userId=bbba9704-2e44-4e72-bdbc-72abee18331c, method=GET}
15:53:14.259 [reactor-http-nio-48] DEBUG reactor.netty.resources.PooledConnectionProvider - [id: 0x3f7d5ef0, L:/127.0.0.1:51973 - R:localhost/127.0.0.1:8083] onStateChange(GET{uri=/userLocation?userId=bbba9704-2e44-4e72-bdbc-72abee18331c, connection=PooledConnection{channel=[id: 0x3f7d5ef0, L:/127.0.0.1:51973 - R:localhost/127.0.0.1:8083]}}, [request_sent])
15:53:14.259 [reactor-http-nio-48] DEBUG reactor.netty.resources.PooledConnectionProvider - [id: 0x3f7d5ef0, L:/127.0.0.1:51973 - R:localhost/127.0.0.1:8083] Channel connected, now 275 active connections and 26 inactive connections
15:53:14.260 [reactor-http-nio-48] DEBUG reactor.netty.resources.PooledConnectionProvider - [id: 0x9c9e122e, L:/127.0.0.1:51884 - R:localhost/127.0.0.1:8083] Registering pool release on close event for channel
15:53:14.261 [reactor-http-nio-48] DEBUG reactor.netty.http.client.HttpClientConnect - [id: 0x9c9e122e, L:/127.0.0.1:51884 - R:localhost/127.0.0.1:8083] Handler is being applied: {uri=http://localhost:8083/userLocation?userId=d3f1ac3c-9ed4-4048-9506-037a25a80088, method=GET}
15:53:14.262 [reactor-http-nio-48] DEBUG reactor.netty.resources.PooledConnectionProvider - [id: 0x9c9e122e, L:/127.0.0.1:51884 - R:localhost/127.0.0.1:8083] onStateChange(GET{uri=/userLocation?userId=d3f1ac3c-9ed4-4048-9506-037a25a80088, connection=PooledConnection{channel=[id: 0x9c9e122e, L:/127.0.0.1:51884 - R:localhost/127.0.0.1:8083]}}, [request_sent])
15:53:14.262 [reactor-http-nio-48] DEBUG reactor.netty.resources.PooledConnectionProvider - [id: 0x9c9e122e, L:/127.0.0.1:51884 - R:localhost/127.0.0.1:8083] Channel connected, now 276 active connections and 25 inactive connections
15:53:14.262 [reactor-http-nio-48] DEBUG reactor.netty.resources.PooledConnectionProvider - [id: 0xb526d959, L:/127.0.0.1:51902 - R:localhost/127.0.0.1:8083] Registering pool release on close event for channel
15:53:14.263 [reactor-http-nio-48] DEBUG reactor.netty.http.client.HttpClientConnect - [id: 0xb526d959, L:/127.0.0.1:51902 - R:localhost/127.0.0.1:8083] Handler is being applied: {uri=http://localhost:8083/userLocation?userId=26f24560-3c0e-4c0d-a21f-546ee99df0f1, method=GET}
15:53:14.264 [reactor-http-nio-48] DEBUG reactor.netty.resources.PooledConnectionProvider - [id: 0xb526d959, L:/127.0.0.1:51902 - R:localhost/127.0.0.1:8083] onStateChange(GET{uri=/userLocation?userId=26f24560-3c0e-4c0d-a21f-546ee99df0f1, connection=PooledConnection{channel=[id: 0xb526d959, L:/127.0.0.1:51902 - R:localhost/127.0.0.1:8083]}}, [request_sent])
15:53:14.264 [reactor-http-nio-48] DEBUG reactor.netty.resources.PooledConnectionProvider - [id: 0xb526d959, L:/127.0.0.1:51902 - R:localhost/127.0.0.1:8083] Channel connected, now 277 active connections and 24 inactive connections
15:53:14.265 [reactor-http-nio-48] DEBUG reactor.netty.resources.PooledConnectionProvider - [id: 0x4146066f, L:/127.0.0.1:51904 - R:localhost/127.0.0.1:8083] Registering pool release on close event for channel
15:53:14.265 [reactor-http-nio-48] DEBUG reactor.netty.http.client.HttpClientConnect - [id: 0x4146066f, L:/127.0.0.1:51904 - R:localhost/127.0.0.1:8083] Handler is being applied: {uri=http://localhost:8083/userLocation?userId=213ae7e4-fde4-4d31-b0bf-2e68ed86131b, method=GET}
15:53:14.266 [reactor-http-nio-48] DEBUG reactor.netty.resources.PooledConnectionProvider - [id: 0x4146066f, L:/127.0.0.1:51904 - R:localhost/127.0.0.1:8083] onStateChange(GET{uri=/userLocation?userId=213ae7e4-fde4-4d31-b0bf-2e68ed86131b, connection=PooledConnection{channel=[id: 0x4146066f, L:/127.0.0.1:51904 - R:localhost/127.0.0.1:8083]}}, [request_sent])
15:53:14.267 [reactor-http-nio-48] DEBUG reactor.netty.resources.PooledConnectionProvider - [id: 0x4146066f, L:/127.0.0.1:51904 - R:localhost/127.0.0.1:8083] Channel connected, now 278 active connections and 23 inactive connections
15:53:14.267 [reactor-http-nio-48] DEBUG reactor.netty.resources.PooledConnectionProvider - [id: 0x77d5390b, L:/127.0.0.1:51931 - R:localhost/127.0.0.1:8083] Registering pool release on close event for channel
15:53:14.268 [reactor-http-nio-48] DEBUG reactor.netty.http.client.HttpClientConnect - [id: 0x77d5390b, L:/127.0.0.1:51931 - R:localhost/127.0.0.1:8083] Handler is being applied: {uri=http://localhost:8083/userLocation?userId=d64e7f59-c19d-4652-96cc-7be8de45d2fc, method=GET}
15:53:14.269 [reactor-http-nio-48] DEBUG reactor.netty.resources.PooledConnectionProvider - [id: 0x77d5390b, L:/127.0.0.1:51931 - R:localhost/127.0.0.1:8083] onStateChange(GET{uri=/userLocation?userId=d64e7f59-c19d-4652-96cc-7be8de45d2fc, connection=PooledConnection{channel=[id: 0x77d5390b, L:/127.0.0.1:51931 - R:localhost/127.0.0.1:8083]}}, [request_sent])
15:53:14.270 [reactor-http-nio-48] DEBUG reactor.netty.resources.PooledConnectionProvider - [id: 0x77d5390b, L:/127.0.0.1:51931 - R:localhost/127.0.0.1:8083] Channel connected, now 279 active connections and 22 inactive connections
15:53:14.270 [reactor-http-nio-48] DEBUG reactor.netty.resources.PooledConnectionProvider - [id: 0x6a55ffeb, L:/127.0.0.1:51975 - R:localhost/127.0.0.1:8083] Registering pool release on close event for channel
15:53:14.270 [reactor-http-nio-48] DEBUG reactor.netty.http.client.HttpClientConnect - [id: 0x6a55ffeb, L:/127.0.0.1:51975 - R:localhost/127.0.0.1:8083] Handler is being applied: {uri=http://localhost:8083/userLocation?userId=63827c4f-16dd-4ef6-ae2d-12a808bf02ae, method=GET}
15:53:14.271 [reactor-http-nio-48] DEBUG reactor.netty.resources.PooledConnectionProvider - [id: 0x6a55ffeb, L:/127.0.0.1:51975 - R:localhost/127.0.0.1:8083] onStateChange(GET{uri=/userLocation?userId=63827c4f-16dd-4ef6-ae2d-12a808bf02ae, connection=PooledConnection{channel=[id: 0x6a55ffeb, L:/127.0.0.1:51975 - R:localhost/127.0.0.1:8083]}}, [request_sent])
15:53:14.272 [reactor-http-nio-48] DEBUG reactor.netty.resources.PooledConnectionProvider - [id: 0x6a55ffeb, L:/127.0.0.1:51975 - R:localhost/127.0.0.1:8083] Channel connected, now 280 active connections and 21 inactive connections
15:53:14.272 [reactor-http-nio-46] DEBUG reactor.netty.resources.PooledConnectionProvider - [id: 0x7604c246, L:/127.0.0.1:51937 - R:localhost/127.0.0.1:8083] onStateChange(PooledConnection{channel=[id: 0x7604c246, L:/127.0.0.1:51937 - R:localhost/127.0.0.1:8083]}, [connected])
15:53:14.273 [reactor-http-nio-48] DEBUG reactor.netty.resources.PooledConnectionProvider - [id: 0x1af880b0, L:/127.0.0.1:51943 - R:localhost/127.0.0.1:8083] Registering pool release on close event for channel
15:53:14.273 [reactor-http-nio-41] DEBUG reactor.netty.resources.PooledConnectionProvider - [id: 0x08aaa308, L:/127.0.0.1:51899 - R:localhost/127.0.0.1:8083] Registering pool release on close event for channel
15:53:14.273 [reactor-http-nio-41] DEBUG reactor.netty.http.client.HttpClientConnect - [id: 0x08aaa308, L:/127.0.0.1:51899 - R:localhost/127.0.0.1:8083] Handler is being applied: {uri=http://localhost:8083/userLocation?userId=9c5c47c8-2a6b-425c-bccd-5dae1d35c3a5, method=GET}
15:53:14.273 [reactor-http-nio-48] DEBUG reactor.netty.http.client.HttpClientConnect - [id: 0x1af880b0, L:/127.0.0.1:51943 - R:localhost/127.0.0.1:8083] Handler is being applied: {uri=http://localhost:8083/userLocation?userId=80da2ec1-9d32-4b92-9483-5dfe3689c638, method=GET}
15:53:14.274 [reactor-http-nio-41] DEBUG reactor.netty.resources.PooledConnectionProvider - [id: 0x08aaa308, L:/127.0.0.1:51899 - R:localhost/127.0.0.1:8083] onStateChange(GET{uri=/userLocation?userId=9c5c47c8-2a6b-425c-bccd-5dae1d35c3a5, connection=PooledConnection{channel=[id: 0x08aaa308, L:/127.0.0.1:51899 - R:localhost/127.0.0.1:8083]}}, [request_sent])
15:53:14.274 [reactor-http-nio-41] DEBUG reactor.netty.resources.PooledConnectionProvider - [id: 0x08aaa308, L:/127.0.0.1:51899 - R:localhost/127.0.0.1:8083] Channel connected, now 282 active connections and 19 inactive connections
15:53:14.274 [reactor-http-nio-41] DEBUG reactor.netty.resources.PooledConnectionProvider - [id: 0x1ae38938, L:/127.0.0.1:51917 - R:localhost/127.0.0.1:8083] Registering pool release on close event for channel
15:53:14.274 [reactor-http-nio-41] DEBUG reactor.netty.http.client.HttpClientConnect - [id: 0x1ae38938, L:/127.0.0.1:51917 - R:localhost/127.0.0.1:8083] Handler is being applied: {uri=http://localhost:8083/userLocation?userId=00f6fb8f-2cbb-4ef9-b93c-8fe735fdfa0b, method=GET}
15:53:14.275 [reactor-http-nio-41] DEBUG reactor.netty.resources.PooledConnectionProvider - [id: 0x1ae38938, L:/127.0.0.1:51917 - R:localhost/127.0.0.1:8083] onStateChange(GET{uri=/userLocation?userId=00f6fb8f-2cbb-4ef9-b93c-8fe735fdfa0b, connection=PooledConnection{channel=[id: 0x1ae38938, L:/127.0.0.1:51917 - R:localhost/127.0.0.1:8083]}}, [request_sent])
15:53:14.276 [reactor-http-nio-41] DEBUG reactor.netty.resources.PooledConnectionProvider - [id: 0x1ae38938, L:/127.0.0.1:51917 - R:localhost/127.0.0.1:8083] Channel connected, now 283 active connections and 18 inactive connections
15:53:14.277 [reactor-http-nio-46] DEBUG reactor.netty.resources.PooledConnectionProvider - [id: 0x7604c246, L:/127.0.0.1:51937 - R:localhost/127.0.0.1:8083] onStateChange(GET{uri=/, connection=PooledConnection{channel=[id: 0x7604c246, L:/127.0.0.1:51937 - R:localhost/127.0.0.1:8083]}}, [configured])
15:53:14.277 [reactor-http-nio-48] DEBUG reactor.netty.resources.PooledConnectionProvider - [id: 0x1af880b0, L:/127.0.0.1:51943 - R:localhost/127.0.0.1:8083] onStateChange(GET{uri=/userLocation?userId=80da2ec1-9d32-4b92-9483-5dfe3689c638, connection=PooledConnection{channel=[id: 0x1af880b0, L:/127.0.0.1:51943 - R:localhost/127.0.0.1:8083]}}, [request_sent])
15:53:14.277 [reactor-http-nio-48] DEBUG reactor.netty.resources.PooledConnectionProvider - [id: 0x1af880b0, L:/127.0.0.1:51943 - R:localhost/127.0.0.1:8083] Channel connected, now 283 active connections and 18 inactive connections
15:53:14.277 [reactor-http-nio-48] DEBUG reactor.netty.resources.PooledConnectionProvider - [id: 0xb736888f, L:/127.0.0.1:51970 - R:localhost/127.0.0.1:8083] Registering pool release on close event for channel
15:53:14.277 [reactor-http-nio-48] DEBUG reactor.netty.http.client.HttpClientConnect - [id: 0xb736888f, L:/127.0.0.1:51970 - R:localhost/127.0.0.1:8083] Handler is being applied: {uri=http://localhost:8083/userLocation?userId=364817b4-3d4e-4909-836b-8405f9e45a72, method=GET}
15:53:14.278 [reactor-http-nio-48] DEBUG reactor.netty.resources.PooledConnectionProvider - [id: 0xb736888f, L:/127.0.0.1:51970 - R:localhost/127.0.0.1:8083] onStateChange(GET{uri=/userLocation?userId=364817b4-3d4e-4909-836b-8405f9e45a72, connection=PooledConnection{channel=[id: 0xb736888f, L:/127.0.0.1:51970 - R:localhost/127.0.0.1:8083]}}, [request_sent])
15:53:14.278 [reactor-http-nio-48] DEBUG reactor.netty.resources.PooledConnectionProvider - [id: 0xb736888f, L:/127.0.0.1:51970 - R:localhost/127.0.0.1:8083] Channel connected, now 284 active connections and 17 inactive connections
15:53:14.279 [reactor-http-nio-48] DEBUG reactor.netty.resources.PooledConnectionProvider - [id: 0x4cd11612, L:/127.0.0.1:51971 - R:localhost/127.0.0.1:8083] Registering pool release on close event for channel
15:53:14.279 [reactor-http-nio-48] DEBUG reactor.netty.http.client.HttpClientConnect - [id: 0x4cd11612, L:/127.0.0.1:51971 - R:localhost/127.0.0.1:8083] Handler is being applied: {uri=http://localhost:8083/userLocation?userId=e5cf1ab7-4505-4e2b-aeb7-ec58e5252d83, method=GET}
15:53:14.280 [reactor-http-nio-46] DEBUG reactor.netty.resources.PooledConnectionProvider - [id: 0x0ca67bea, L:/127.0.0.1:51939 - R:localhost/127.0.0.1:8083] onStateChange(PooledConnection{channel=[id: 0x0ca67bea, L:/127.0.0.1:51939 - R:localhost/127.0.0.1:8083]}, [connected])
15:53:14.280 [reactor-http-nio-48] DEBUG reactor.netty.resources.PooledConnectionProvider - [id: 0x4cd11612, L:/127.0.0.1:51971 - R:localhost/127.0.0.1:8083] onStateChange(GET{uri=/userLocation?userId=e5cf1ab7-4505-4e2b-aeb7-ec58e5252d83, connection=PooledConnection{channel=[id: 0x4cd11612, L:/127.0.0.1:51971 - R:localhost/127.0.0.1:8083]}}, [request_sent])
15:53:14.280 [reactor-http-nio-48] DEBUG reactor.netty.resources.PooledConnectionProvider - [id: 0x4cd11612, L:/127.0.0.1:51971 - R:localhost/127.0.0.1:8083] Channel connected, now 285 active connections and 16 inactive connections
15:53:14.280 [reactor-http-nio-48] DEBUG reactor.netty.resources.PooledConnectionProvider - [id: 0xc9744fd6, L:/127.0.0.1:51978 - R:localhost/127.0.0.1:8083] Registering pool release on close event for channel
15:53:14.280 [reactor-http-nio-48] DEBUG reactor.netty.http.client.HttpClientConnect - [id: 0xc9744fd6, L:/127.0.0.1:51978 - R:localhost/127.0.0.1:8083] Handler is being applied: {uri=http://localhost:8083/userLocation?userId=cf17fc8f-a2ac-4810-b0dc-1e93bc867745, method=GET}
15:53:14.280 [reactor-http-nio-46] DEBUG reactor.netty.resources.PooledConnectionProvider - [id: 0x0ca67bea, L:/127.0.0.1:51939 - R:localhost/127.0.0.1:8083] onStateChange(GET{uri=/, connection=PooledConnection{channel=[id: 0x0ca67bea, L:/127.0.0.1:51939 - R:localhost/127.0.0.1:8083]}}, [configured])
15:53:14.281 [reactor-http-nio-48] DEBUG reactor.netty.resources.PooledConnectionProvider - [id: 0xc9744fd6, L:/127.0.0.1:51978 - R:localhost/127.0.0.1:8083] onStateChange(GET{uri=/userLocation?userId=cf17fc8f-a2ac-4810-b0dc-1e93bc867745, connection=PooledConnection{channel=[id: 0xc9744fd6, L:/127.0.0.1:51978 - R:localhost/127.0.0.1:8083]}}, [request_sent])
15:53:14.281 [reactor-http-nio-48] DEBUG reactor.netty.resources.PooledConnectionProvider - [id: 0xc9744fd6, L:/127.0.0.1:51978 - R:localhost/127.0.0.1:8083] Channel connected, now 286 active connections and 15 inactive connections
15:53:14.281 [reactor-http-nio-48] DEBUG reactor.netty.resources.PooledConnectionProvider - [id: 0x4f10c9bb, L:/127.0.0.1:51905 - R:localhost/127.0.0.1:8083] Registering pool release on close event for channel
15:53:14.281 [reactor-http-nio-48] DEBUG reactor.netty.http.client.HttpClientConnect - [id: 0x4f10c9bb, L:/127.0.0.1:51905 - R:localhost/127.0.0.1:8083] Handler is being applied: {uri=http://localhost:8083/userLocation?userId=50120c4b-a862-4b8f-8f6f-7b3b94c1459c, method=GET}
15:53:14.282 [reactor-http-nio-48] DEBUG reactor.netty.resources.PooledConnectionProvider - [id: 0x4f10c9bb, L:/127.0.0.1:51905 - R:localhost/127.0.0.1:8083] onStateChange(GET{uri=/userLocation?userId=50120c4b-a862-4b8f-8f6f-7b3b94c1459c, connection=PooledConnection{channel=[id: 0x4f10c9bb, L:/127.0.0.1:51905 - R:localhost/127.0.0.1:8083]}}, [request_sent])
15:53:14.282 [reactor-http-nio-48] DEBUG reactor.netty.resources.PooledConnectionProvider - [id: 0x4f10c9bb, L:/127.0.0.1:51905 - R:localhost/127.0.0.1:8083] Channel connected, now 287 active connections and 14 inactive connections
15:53:14.282 [reactor-http-nio-48] DEBUG reactor.netty.resources.PooledConnectionProvider - [id: 0x357960ae, L:/127.0.0.1:51912 - R:localhost/127.0.0.1:8083] Registering pool release on close event for channel
15:53:14.282 [reactor-http-nio-46] DEBUG reactor.netty.resources.PooledConnectionProvider - [id: 0xd4e50150, L:/127.0.0.1:51945 - R:localhost/127.0.0.1:8083] onStateChange(PooledConnection{channel=[id: 0xd4e50150, L:/127.0.0.1:51945 - R:localhost/127.0.0.1:8083]}, [connected])
15:53:14.283 [reactor-http-nio-46] DEBUG reactor.netty.resources.PooledConnectionProvider - [id: 0xd4e50150, L:/127.0.0.1:51945 - R:localhost/127.0.0.1:8083] onStateChange(GET{uri=/, connection=PooledConnection{channel=[id: 0xd4e50150, L:/127.0.0.1:51945 - R:localhost/127.0.0.1:8083]}}, [configured])
15:53:14.283 [reactor-http-nio-48] DEBUG reactor.netty.http.client.HttpClientConnect - [id: 0x357960ae, L:/127.0.0.1:51912 - R:localhost/127.0.0.1:8083] Handler is being applied: {uri=http://localhost:8083/userLocation?userId=27f4c1cb-757a-42c0-8fb9-25de34a04ba6, method=GET}
15:53:14.283 [reactor-http-nio-46] DEBUG reactor.netty.resources.PooledConnectionProvider - [id: 0xdb79907c, L:/127.0.0.1:51947 - R:localhost/127.0.0.1:8083] onStateChange(PooledConnection{channel=[id: 0xdb79907c, L:/127.0.0.1:51947 - R:localhost/127.0.0.1:8083]}, [connected])
15:53:14.283 [reactor-http-nio-46] DEBUG reactor.netty.resources.PooledConnectionProvider - [id: 0xdb79907c, L:/127.0.0.1:51947 - R:localhost/127.0.0.1:8083] onStateChange(GET{uri=/, connection=PooledConnection{channel=[id: 0xdb79907c, L:/127.0.0.1:51947 - R:localhost/127.0.0.1:8083]}}, [configured])
15:53:14.283 [reactor-http-nio-46] DEBUG reactor.netty.resources.PooledConnectionProvider - [id: 0x23ba406e, L:/127.0.0.1:51949 - R:localhost/127.0.0.1:8083] onStateChange(PooledConnection{channel=[id: 0x23ba406e, L:/127.0.0.1:51949 - R:localhost/127.0.0.1:8083]}, [connected])
15:53:14.284 [reactor-http-nio-46] DEBUG reactor.netty.resources.PooledConnectionProvider - [id: 0x23ba406e, L:/127.0.0.1:51949 - R:localhost/127.0.0.1:8083] onStateChange(GET{uri=/, connection=PooledConnection{channel=[id: 0x23ba406e, L:/127.0.0.1:51949 - R:localhost/127.0.0.1:8083]}}, [configured])
15:53:14.284 [reactor-http-nio-48] DEBUG reactor.netty.resources.PooledConnectionProvider - [id: 0x357960ae, L:/127.0.0.1:51912 - R:localhost/127.0.0.1:8083] onStateChange(GET{uri=/userLocation?userId=27f4c1cb-757a-42c0-8fb9-25de34a04ba6, connection=PooledConnection{channel=[id: 0x357960ae, L:/127.0.0.1:51912 - R:localhost/127.0.0.1:8083]}}, [request_sent])
15:53:14.284 [reactor-http-nio-48] DEBUG reactor.netty.resources.PooledConnectionProvider - [id: 0x357960ae, L:/127.0.0.1:51912 - R:localhost/127.0.0.1:8083] Channel connected, now 288 active connections and 13 inactive connections
15:53:14.284 [reactor-http-nio-48] DEBUG reactor.netty.resources.PooledConnectionProvider - [id: 0xfddb937f, L:/127.0.0.1:51940 - R:localhost/127.0.0.1:8083] Registering pool release on close event for channel
15:53:14.284 [reactor-http-nio-48] DEBUG reactor.netty.http.client.HttpClientConnect - [id: 0xfddb937f, L:/127.0.0.1:51940 - R:localhost/127.0.0.1:8083] Handler is being applied: {uri=http://localhost:8083/userLocation?userId=4dd2a22e-e8a7-4b63-a707-568281ce85d1, method=GET}
15:53:14.285 [reactor-http-nio-46] DEBUG reactor.netty.resources.PooledConnectionProvider - [id: 0x9443a469, L:/127.0.0.1:51952 - R:localhost/127.0.0.1:8083] onStateChange(PooledConnection{channel=[id: 0x9443a469, L:/127.0.0.1:51952 - R:localhost/127.0.0.1:8083]}, [connected])
15:53:14.285 [reactor-http-nio-46] DEBUG reactor.netty.resources.PooledConnectionProvider - [id: 0x9443a469, L:/127.0.0.1:51952 - R:localhost/127.0.0.1:8083] onStateChange(GET{uri=/, connection=PooledConnection{channel=[id: 0x9443a469, L:/127.0.0.1:51952 - R:localhost/127.0.0.1:8083]}}, [configured])
15:53:14.285 [reactor-http-nio-46] DEBUG reactor.netty.resources.PooledConnectionProvider - [id: 0xf6b8ded2, L:/127.0.0.1:51955 - R:localhost/127.0.0.1:8083] onStateChange(PooledConnection{channel=[id: 0xf6b8ded2, L:/127.0.0.1:51955 - R:localhost/127.0.0.1:8083]}, [connected])
15:53:14.285 [reactor-http-nio-46] DEBUG reactor.netty.resources.PooledConnectionProvider - [id: 0xf6b8ded2, L:/127.0.0.1:51955 - R:localhost/127.0.0.1:8083] onStateChange(GET{uri=/, connection=PooledConnection{channel=[id: 0xf6b8ded2, L:/127.0.0.1:51955 - R:localhost/127.0.0.1:8083]}}, [configured])
15:53:14.285 [reactor-http-nio-48] DEBUG reactor.netty.resources.PooledConnectionProvider - [id: 0xfddb937f, L:/127.0.0.1:51940 - R:localhost/127.0.0.1:8083] onStateChange(GET{uri=/userLocation?userId=4dd2a22e-e8a7-4b63-a707-568281ce85d1, connection=PooledConnection{channel=[id: 0xfddb937f, L:/127.0.0.1:51940 - R:localhost/127.0.0.1:8083]}}, [request_sent])
15:53:14.286 [reactor-http-nio-48] DEBUG reactor.netty.resources.PooledConnectionProvider - [id: 0xfddb937f, L:/127.0.0.1:51940 - R:localhost/127.0.0.1:8083] Channel connected, now 289 active connections and 12 inactive connections
15:53:14.286 [reactor-http-nio-46] DEBUG reactor.netty.resources.PooledConnectionProvider - [id: 0x61ea6475, L:/127.0.0.1:51957 - R:localhost/127.0.0.1:8083] onStateChange(PooledConnection{channel=[id: 0x61ea6475, L:/127.0.0.1:51957 - R:localhost/127.0.0.1:8083]}, [connected])
15:53:14.286 [reactor-http-nio-46] DEBUG reactor.netty.resources.PooledConnectionProvider - [id: 0x61ea6475, L:/127.0.0.1:51957 - R:localhost/127.0.0.1:8083] onStateChange(GET{uri=/, connection=PooledConnection{channel=[id: 0x61ea6475, L:/127.0.0.1:51957 - R:localhost/127.0.0.1:8083]}}, [configured])
15:53:14.286 [reactor-http-nio-46] DEBUG reactor.netty.resources.PooledConnectionProvider - [id: 0xe5282f4b, L:/127.0.0.1:51960 - R:localhost/127.0.0.1:8083] onStateChange(PooledConnection{channel=[id: 0xe5282f4b, L:/127.0.0.1:51960 - R:localhost/127.0.0.1:8083]}, [connected])
15:53:14.286 [reactor-http-nio-46] DEBUG reactor.netty.resources.PooledConnectionProvider - [id: 0xe5282f4b, L:/127.0.0.1:51960 - R:localhost/127.0.0.1:8083] onStateChange(GET{uri=/, connection=PooledConnection{channel=[id: 0xe5282f4b, L:/127.0.0.1:51960 - R:localhost/127.0.0.1:8083]}}, [configured])
15:53:14.286 [reactor-http-nio-46] DEBUG reactor.netty.resources.PooledConnectionProvider - [id: 0xe2f159f9, L:/127.0.0.1:51980 - R:localhost/127.0.0.1:8083] Registering pool release on close event for channel
15:53:14.287 [reactor-http-nio-46] DEBUG reactor.netty.resources.PooledConnectionProvider - [id: 0xe2f159f9, L:/127.0.0.1:51980 - R:localhost/127.0.0.1:8083] Channel connected, now 290 active connections and 11 inactive connections
15:53:14.287 [reactor-http-nio-46] DEBUG reactor.netty.resources.PooledConnectionProvider - [id: 0xe2f159f9, L:/127.0.0.1:51980 - R:localhost/127.0.0.1:8083] onStateChange(PooledConnection{channel=[id: 0xe2f159f9, L:/127.0.0.1:51980 - R:localhost/127.0.0.1:8083]}, [connected])
15:53:14.287 [reactor-http-nio-46] DEBUG reactor.netty.resources.PooledConnectionProvider - [id: 0xe2f159f9, L:/127.0.0.1:51980 - R:localhost/127.0.0.1:8083] onStateChange(GET{uri=/, connection=PooledConnection{channel=[id: 0xe2f159f9, L:/127.0.0.1:51980 - R:localhost/127.0.0.1:8083]}}, [configured])
15:53:14.287 [reactor-http-nio-46] DEBUG reactor.netty.http.client.HttpClientConnect - [id: 0xe2f159f9, L:/127.0.0.1:51980 - R:localhost/127.0.0.1:8083] Handler is being applied: {uri=http://localhost:8083/userLocation?userId=2f9c4b88-f56c-4b12-9c0b-4f443e947e9a, method=GET}
15:53:14.288 [reactor-http-nio-46] DEBUG reactor.netty.resources.PooledConnectionProvider - [id: 0xe2f159f9, L:/127.0.0.1:51980 - R:localhost/127.0.0.1:8083] onStateChange(GET{uri=/userLocation?userId=2f9c4b88-f56c-4b12-9c0b-4f443e947e9a, connection=PooledConnection{channel=[id: 0xe2f159f9, L:/127.0.0.1:51980 - R:localhost/127.0.0.1:8083]}}, [request_sent])
15:53:14.288 [reactor-http-nio-46] DEBUG reactor.netty.resources.PooledConnectionProvider - [id: 0xbc334cd2, L:/127.0.0.1:51936 - R:localhost/127.0.0.1:8083] Registering pool release on close event for channel
15:53:14.288 [reactor-http-nio-46] DEBUG reactor.netty.http.client.HttpClientConnect - [id: 0xbc334cd2, L:/127.0.0.1:51936 - R:localhost/127.0.0.1:8083] Handler is being applied: {uri=http://localhost:8083/userLocation?userId=bbfa4e4d-3222-479c-bc51-1814cbee9fc8, method=GET}
15:53:14.289 [reactor-http-nio-46] DEBUG reactor.netty.resources.PooledConnectionProvider - [id: 0xbc334cd2, L:/127.0.0.1:51936 - R:localhost/127.0.0.1:8083] onStateChange(GET{uri=/userLocation?userId=bbfa4e4d-3222-479c-bc51-1814cbee9fc8, connection=PooledConnection{channel=[id: 0xbc334cd2, L:/127.0.0.1:51936 - R:localhost/127.0.0.1:8083]}}, [request_sent])
15:53:14.289 [reactor-http-nio-46] DEBUG reactor.netty.resources.PooledConnectionProvider - [id: 0xbc334cd2, L:/127.0.0.1:51936 - R:localhost/127.0.0.1:8083] Channel connected, now 291 active connections and 10 inactive connections
15:53:14.289 [reactor-http-nio-46] DEBUG reactor.netty.resources.PooledConnectionProvider - [id: 0x7604c246, L:/127.0.0.1:51937 - R:localhost/127.0.0.1:8083] Registering pool release on close event for channel
15:53:14.289 [reactor-http-nio-46] DEBUG reactor.netty.http.client.HttpClientConnect - [id: 0x7604c246, L:/127.0.0.1:51937 - R:localhost/127.0.0.1:8083] Handler is being applied: {uri=http://localhost:8083/userLocation?userId=8492c52b-b7d3-4bfb-93e5-296375e4cab8, method=GET}
15:53:14.290 [reactor-http-nio-46] DEBUG reactor.netty.resources.PooledConnectionProvider - [id: 0x7604c246, L:/127.0.0.1:51937 - R:localhost/127.0.0.1:8083] onStateChange(GET{uri=/userLocation?userId=8492c52b-b7d3-4bfb-93e5-296375e4cab8, connection=PooledConnection{channel=[id: 0x7604c246, L:/127.0.0.1:51937 - R:localhost/127.0.0.1:8083]}}, [request_sent])
15:53:14.290 [reactor-http-nio-46] DEBUG reactor.netty.resources.PooledConnectionProvider - [id: 0x7604c246, L:/127.0.0.1:51937 - R:localhost/127.0.0.1:8083] Channel connected, now 292 active connections and 9 inactive connections
15:53:14.290 [reactor-http-nio-46] DEBUG reactor.netty.resources.PooledConnectionProvider - [id: 0x0ca67bea, L:/127.0.0.1:51939 - R:localhost/127.0.0.1:8083] Registering pool release on close event for channel
15:53:14.290 [reactor-http-nio-46] DEBUG reactor.netty.http.client.HttpClientConnect - [id: 0x0ca67bea, L:/127.0.0.1:51939 - R:localhost/127.0.0.1:8083] Handler is being applied: {uri=http://localhost:8083/userLocation?userId=1d15b43e-ce9f-45f4-b030-1a3333c336cb, method=GET}
15:53:14.295 [reactor-http-nio-46] DEBUG reactor.netty.resources.PooledConnectionProvider - [id: 0x0ca67bea, L:/127.0.0.1:51939 - R:localhost/127.0.0.1:8083] onStateChange(GET{uri=/userLocation?userId=1d15b43e-ce9f-45f4-b030-1a3333c336cb, connection=PooledConnection{channel=[id: 0x0ca67bea, L:/127.0.0.1:51939 - R:localhost/127.0.0.1:8083]}}, [request_sent])
15:53:14.295 [reactor-http-nio-46] DEBUG reactor.netty.resources.PooledConnectionProvider - [id: 0x0ca67bea, L:/127.0.0.1:51939 - R:localhost/127.0.0.1:8083] Channel connected, now 293 active connections and 8 inactive connections
15:53:14.295 [reactor-http-nio-46] DEBUG reactor.netty.resources.PooledConnectionProvider - [id: 0x23ba406e, L:/127.0.0.1:51949 - R:localhost/127.0.0.1:8083] Registering pool release on close event for channel
15:53:14.295 [reactor-http-nio-46] DEBUG reactor.netty.http.client.HttpClientConnect - [id: 0x23ba406e, L:/127.0.0.1:51949 - R:localhost/127.0.0.1:8083] Handler is being applied: {uri=http://localhost:8083/userLocation?userId=91e276bf-8fe9-4138-969a-e4a51f035991, method=GET}
15:53:14.296 [reactor-http-nio-46] DEBUG reactor.netty.resources.PooledConnectionProvider - [id: 0x23ba406e, L:/127.0.0.1:51949 - R:localhost/127.0.0.1:8083] onStateChange(GET{uri=/userLocation?userId=91e276bf-8fe9-4138-969a-e4a51f035991, connection=PooledConnection{channel=[id: 0x23ba406e, L:/127.0.0.1:51949 - R:localhost/127.0.0.1:8083]}}, [request_sent])
15:53:14.296 [reactor-http-nio-46] DEBUG reactor.netty.resources.PooledConnectionProvider - [id: 0x23ba406e, L:/127.0.0.1:51949 - R:localhost/127.0.0.1:8083] Channel connected, now 294 active connections and 7 inactive connections
15:53:14.296 [reactor-http-nio-46] DEBUG reactor.netty.resources.PooledConnectionProvider - [id: 0x29677198, L:/127.0.0.1:51832 - R:localhost/127.0.0.1:8083] Registering pool release on close event for channel
15:53:14.296 [reactor-http-nio-46] DEBUG reactor.netty.http.client.HttpClientConnect - [id: 0x29677198, L:/127.0.0.1:51832 - R:localhost/127.0.0.1:8083] Handler is being applied: {uri=http://localhost:8083/userLocation?userId=457d1855-8539-4c04-932a-195926ca8bfc, method=GET}
15:53:14.297 [reactor-http-nio-46] DEBUG reactor.netty.resources.PooledConnectionProvider - [id: 0x29677198, L:/127.0.0.1:51832 - R:localhost/127.0.0.1:8083] onStateChange(GET{uri=/userLocation?userId=457d1855-8539-4c04-932a-195926ca8bfc, connection=PooledConnection{channel=[id: 0x29677198, L:/127.0.0.1:51832 - R:localhost/127.0.0.1:8083]}}, [request_sent])
15:53:14.297 [reactor-http-nio-46] DEBUG reactor.netty.resources.PooledConnectionProvider - [id: 0x29677198, L:/127.0.0.1:51832 - R:localhost/127.0.0.1:8083] Channel connected, now 295 active connections and 6 inactive connections
15:53:14.297 [reactor-http-nio-46] DEBUG reactor.netty.resources.PooledConnectionProvider - [id: 0xd4e50150, L:/127.0.0.1:51945 - R:localhost/127.0.0.1:8083] Registering pool release on close event for channel
15:53:14.297 [reactor-http-nio-46] DEBUG reactor.netty.http.client.HttpClientConnect - [id: 0xd4e50150, L:/127.0.0.1:51945 - R:localhost/127.0.0.1:8083] Handler is being applied: {uri=http://localhost:8083/userLocation?userId=89c6ee3b-0398-4be6-b43c-8c24d6e60369, method=GET}
15:53:14.298 [reactor-http-nio-46] DEBUG reactor.netty.resources.PooledConnectionProvider - [id: 0xd4e50150, L:/127.0.0.1:51945 - R:localhost/127.0.0.1:8083] onStateChange(GET{uri=/userLocation?userId=89c6ee3b-0398-4be6-b43c-8c24d6e60369, connection=PooledConnection{channel=[id: 0xd4e50150, L:/127.0.0.1:51945 - R:localhost/127.0.0.1:8083]}}, [request_sent])
15:53:14.298 [reactor-http-nio-46] DEBUG reactor.netty.resources.PooledConnectionProvider - [id: 0xd4e50150, L:/127.0.0.1:51945 - R:localhost/127.0.0.1:8083] Channel connected, now 296 active connections and 5 inactive connections
15:53:14.298 [reactor-http-nio-46] DEBUG reactor.netty.resources.PooledConnectionProvider - [id: 0xdb79907c, L:/127.0.0.1:51947 - R:localhost/127.0.0.1:8083] Registering pool release on close event for channel
15:53:14.298 [reactor-http-nio-46] DEBUG reactor.netty.http.client.HttpClientConnect - [id: 0xdb79907c, L:/127.0.0.1:51947 - R:localhost/127.0.0.1:8083] Handler is being applied: {uri=http://localhost:8083/userLocation?userId=3a128795-52ee-44f2-8988-44f054b718ac, method=GET}
15:53:14.299 [reactor-http-nio-46] DEBUG reactor.netty.resources.PooledConnectionProvider - [id: 0xdb79907c, L:/127.0.0.1:51947 - R:localhost/127.0.0.1:8083] onStateChange(GET{uri=/userLocation?userId=3a128795-52ee-44f2-8988-44f054b718ac, connection=PooledConnection{channel=[id: 0xdb79907c, L:/127.0.0.1:51947 - R:localhost/127.0.0.1:8083]}}, [request_sent])
15:53:14.300 [reactor-http-nio-46] DEBUG reactor.netty.resources.PooledConnectionProvider - [id: 0xdb79907c, L:/127.0.0.1:51947 - R:localhost/127.0.0.1:8083] Channel connected, now 297 active connections and 4 inactive connections
15:53:14.300 [reactor-http-nio-46] DEBUG reactor.netty.resources.PooledConnectionProvider - [id: 0x9443a469, L:/127.0.0.1:51952 - R:localhost/127.0.0.1:8083] Registering pool release on close event for channel
15:53:14.300 [reactor-http-nio-46] DEBUG reactor.netty.http.client.HttpClientConnect - [id: 0x9443a469, L:/127.0.0.1:51952 - R:localhost/127.0.0.1:8083] Handler is being applied: {uri=http://localhost:8083/userLocation?userId=13e3d617-c848-411f-b435-d04ad599b9b5, method=GET}
15:53:14.301 [reactor-http-nio-46] DEBUG reactor.netty.resources.PooledConnectionProvider - [id: 0x9443a469, L:/127.0.0.1:51952 - R:localhost/127.0.0.1:8083] onStateChange(GET{uri=/userLocation?userId=13e3d617-c848-411f-b435-d04ad599b9b5, connection=PooledConnection{channel=[id: 0x9443a469, L:/127.0.0.1:51952 - R:localhost/127.0.0.1:8083]}}, [request_sent])
15:53:14.301 [reactor-http-nio-46] DEBUG reactor.netty.resources.PooledConnectionProvider - [id: 0x9443a469, L:/127.0.0.1:51952 - R:localhost/127.0.0.1:8083] Channel connected, now 298 active connections and 3 inactive connections
15:53:14.301 [reactor-http-nio-46] DEBUG reactor.netty.resources.PooledConnectionProvider - [id: 0xf6b8ded2, L:/127.0.0.1:51955 - R:localhost/127.0.0.1:8083] Registering pool release on close event for channel
15:53:14.301 [reactor-http-nio-46] DEBUG reactor.netty.http.client.HttpClientConnect - [id: 0xf6b8ded2, L:/127.0.0.1:51955 - R:localhost/127.0.0.1:8083] Handler is being applied: {uri=http://localhost:8083/userLocation?userId=2ab6b755-8b5f-4050-b432-6fefd49470d3, method=GET}
15:53:14.302 [reactor-http-nio-46] DEBUG reactor.netty.resources.PooledConnectionProvider - [id: 0xf6b8ded2, L:/127.0.0.1:51955 - R:localhost/127.0.0.1:8083] onStateChange(GET{uri=/userLocation?userId=2ab6b755-8b5f-4050-b432-6fefd49470d3, connection=PooledConnection{channel=[id: 0xf6b8ded2, L:/127.0.0.1:51955 - R:localhost/127.0.0.1:8083]}}, [request_sent])
15:53:14.302 [reactor-http-nio-46] DEBUG reactor.netty.resources.PooledConnectionProvider - [id: 0xf6b8ded2, L:/127.0.0.1:51955 - R:localhost/127.0.0.1:8083] Channel connected, now 299 active connections and 2 inactive connections
15:53:14.302 [reactor-http-nio-46] DEBUG reactor.netty.resources.PooledConnectionProvider - [id: 0x61ea6475, L:/127.0.0.1:51957 - R:localhost/127.0.0.1:8083] Registering pool release on close event for channel
15:53:14.302 [reactor-http-nio-46] DEBUG reactor.netty.http.client.HttpClientConnect - [id: 0x61ea6475, L:/127.0.0.1:51957 - R:localhost/127.0.0.1:8083] Handler is being applied: {uri=http://localhost:8083/userLocation?userId=09ba93de-bb45-48fd-9a9c-12d97c598215, method=GET}
15:53:14.303 [reactor-http-nio-46] DEBUG reactor.netty.resources.PooledConnectionProvider - [id: 0x61ea6475, L:/127.0.0.1:51957 - R:localhost/127.0.0.1:8083] onStateChange(GET{uri=/userLocation?userId=09ba93de-bb45-48fd-9a9c-12d97c598215, connection=PooledConnection{channel=[id: 0x61ea6475, L:/127.0.0.1:51957 - R:localhost/127.0.0.1:8083]}}, [request_sent])
15:53:14.303 [reactor-http-nio-46] DEBUG reactor.netty.resources.PooledConnectionProvider - [id: 0x61ea6475, L:/127.0.0.1:51957 - R:localhost/127.0.0.1:8083] Channel connected, now 300 active connections and 1 inactive connections
15:53:14.303 [reactor-http-nio-46] DEBUG reactor.netty.resources.PooledConnectionProvider - [id: 0xe5282f4b, L:/127.0.0.1:51960 - R:localhost/127.0.0.1:8083] Registering pool release on close event for channel
15:53:14.303 [reactor-http-nio-46] DEBUG reactor.netty.http.client.HttpClientConnect - [id: 0xe5282f4b, L:/127.0.0.1:51960 - R:localhost/127.0.0.1:8083] Handler is being applied: {uri=http://localhost:8083/userLocation?userId=1601e45f-583a-43b8-a122-3f7ea5a829ad, method=GET}
15:53:14.304 [reactor-http-nio-46] DEBUG reactor.netty.resources.PooledConnectionProvider - [id: 0xe5282f4b, L:/127.0.0.1:51960 - R:localhost/127.0.0.1:8083] onStateChange(GET{uri=/userLocation?userId=1601e45f-583a-43b8-a122-3f7ea5a829ad, connection=PooledConnection{channel=[id: 0xe5282f4b, L:/127.0.0.1:51960 - R:localhost/127.0.0.1:8083]}}, [request_sent])
15:53:14.304 [reactor-http-nio-46] DEBUG reactor.netty.resources.PooledConnectionProvider - [id: 0xe5282f4b, L:/127.0.0.1:51960 - R:localhost/127.0.0.1:8083] Channel connected, now 301 active connections and 0 inactive connections
15:53:14.419 [reactor-http-nio-41] DEBUG reactor.netty.http.client.HttpClientOperations - [id: 0x866e01db, L:/127.0.0.1:51707 - R:localhost/127.0.0.1:8083] Received response (auto-read:false) : [Content-Type=application/json, Transfer-Encoding=chunked, Date=Wed, 15 Jun 2022 14:53:14 GMT]
15:53:14.419 [reactor-http-nio-48] DEBUG reactor.netty.http.client.HttpClientOperations - [id: 0x76f33e80, L:/127.0.0.1:51705 - R:localhost/127.0.0.1:8083] Received response (auto-read:false) : [Content-Type=application/json, Transfer-Encoding=chunked, Date=Wed, 15 Jun 2022 14:53:14 GMT]
15:53:14.420 [reactor-http-nio-41] DEBUG reactor.netty.resources.PooledConnectionProvider - [id: 0x866e01db, L:/127.0.0.1:51707 - R:localhost/127.0.0.1:8083] onStateChange(GET{uri=/userLocation?userId=2e94cd9d-b6a4-45a0-a8e3-3c662fc6bc6b, connection=PooledConnection{channel=[id: 0x866e01db, L:/127.0.0.1:51707 - R:localhost/127.0.0.1:8083]}}, [response_received])
15:53:14.420 [reactor-http-nio-48] DEBUG reactor.netty.resources.PooledConnectionProvider - [id: 0x76f33e80, L:/127.0.0.1:51705 - R:localhost/127.0.0.1:8083] onStateChange(GET{uri=/userLocation?userId=fd80722c-e7de-4145-8bc7-543b11bae293, connection=PooledConnection{channel=[id: 0x76f33e80, L:/127.0.0.1:51705 - R:localhost/127.0.0.1:8083]}}, [response_received])
15:53:14.426 [reactor-http-nio-48] DEBUG org.springframework.web.reactive.function.client.ExchangeFunctions - [b8ac45] Response 200 OK
15:53:14.426 [reactor-http-nio-41] DEBUG org.springframework.web.reactive.function.client.ExchangeFunctions - [7626d160] Response 200 OK
15:53:14.485 [reactor-http-nio-41] DEBUG reactor.netty.channel.FluxReceive - [id: 0x866e01db, L:/127.0.0.1:51707 - R:localhost/127.0.0.1:8083] Subscribing inbound receiver [pending: 0, cancelled:false, inboundDone: false]
15:53:14.485 [reactor-http-nio-48] DEBUG reactor.netty.channel.FluxReceive - [id: 0x76f33e80, L:/127.0.0.1:51705 - R:localhost/127.0.0.1:8083] Subscribing inbound receiver [pending: 0, cancelled:false, inboundDone: false]
15:53:14.506 [reactor-http-nio-48] DEBUG reactor.netty.http.client.HttpClientOperations - [id: 0x76f33e80, L:/127.0.0.1:51705 - R:localhost/127.0.0.1:8083] Received last HTTP packet
15:53:14.506 [reactor-http-nio-41] DEBUG reactor.netty.http.client.HttpClientOperations - [id: 0x866e01db, L:/127.0.0.1:51707 - R:localhost/127.0.0.1:8083] Received last HTTP packet
15:53:14.508 [reactor-http-nio-48] DEBUG org.springframework.core.codec.StringDecoder - [b8ac45] Decoded "{"userId":"fd80722c-e7de-4145-8bc7-543b11bae293","location":{"longitude":153.194616,"latitude":23.7 (truncated)...
15:53:14.508 [reactor-http-nio-41] DEBUG org.springframework.core.codec.StringDecoder - [7626d160] Decoded "{"userId":"2e94cd9d-b6a4-45a0-a8e3-3c662fc6bc6b","location":{"longitude":157.996826,"latitude":78.8 (truncated)...
15:53:14.508 [reactor-http-nio-48] DEBUG reactor.netty.resources.PooledConnectionProvider - [id: 0x76f33e80, L:/127.0.0.1:51705 - R:localhost/127.0.0.1:8083] onStateChange(GET{uri=/userLocation?userId=fd80722c-e7de-4145-8bc7-543b11bae293, connection=PooledConnection{channel=[id: 0x76f33e80, L:/127.0.0.1:51705 - R:localhost/127.0.0.1:8083]}}, [disconnecting])
15:53:14.508 [reactor-http-nio-48] DEBUG reactor.netty.resources.PooledConnectionProvider - [id: 0x76f33e80, L:/127.0.0.1:51705 - R:localhost/127.0.0.1:8083] Releasing channel
15:53:14.509 [reactor-http-nio-41] DEBUG reactor.netty.resources.PooledConnectionProvider - [id: 0x866e01db, L:/127.0.0.1:51707 - R:localhost/127.0.0.1:8083] onStateChange(GET{uri=/userLocation?userId=2e94cd9d-b6a4-45a0-a8e3-3c662fc6bc6b, connection=PooledConnection{channel=[id: 0x866e01db, L:/127.0.0.1:51707 - R:localhost/127.0.0.1:8083]}}, [disconnecting])
15:53:14.509 [reactor-http-nio-41] DEBUG reactor.netty.resources.PooledConnectionProvider - [id: 0x866e01db, L:/127.0.0.1:51707 - R:localhost/127.0.0.1:8083] Releasing channel
15:53:14.509 [reactor-http-nio-41] DEBUG reactor.netty.resources.PooledConnectionProvider - [id: 0x866e01db, L:/127.0.0.1:51707 - R:localhost/127.0.0.1:8083] Channel cleaned, now 300 active connections and 1 inactive connections
15:53:14.540 [reactor-http-nio-48] DEBUG reactor.netty.resources.PooledConnectionProvider - [id: 0x76f33e80, L:/127.0.0.1:51705 - R:localhost/127.0.0.1:8083] Channel cleaned, now 299 active connections and 2 inactive connections
15:53:14.561 [reactor-http-nio-47] DEBUG reactor.netty.http.client.HttpClientOperations - [id: 0x0c88f8fd, L:/127.0.0.1:51848 - R:localhost/127.0.0.1:8083] Received response (auto-read:false) : [Content-Type=application/json, Transfer-Encoding=chunked, Date=Wed, 15 Jun 2022 14:53:14 GMT]
15:53:14.561 [reactor-http-nio-47] DEBUG reactor.netty.resources.PooledConnectionProvider - [id: 0x0c88f8fd, L:/127.0.0.1:51848 - R:localhost/127.0.0.1:8083] onStateChange(GET{uri=/userLocation?userId=a7fc695d-a318-4c81-88d6-d1ffa47053cb, connection=PooledConnection{channel=[id: 0x0c88f8fd, L:/127.0.0.1:51848 - R:localhost/127.0.0.1:8083]}}, [response_received])
15:53:14.562 [reactor-http-nio-47] DEBUG org.springframework.web.reactive.function.client.ExchangeFunctions - [9879b8b] Response 200 OK
15:53:14.562 [reactor-http-nio-47] DEBUG reactor.netty.channel.FluxReceive - [id: 0x0c88f8fd, L:/127.0.0.1:51848 - R:localhost/127.0.0.1:8083] Subscribing inbound receiver [pending: 0, cancelled:false, inboundDone: false]
15:53:14.563 [reactor-http-nio-47] DEBUG reactor.netty.http.client.HttpClientOperations - [id: 0x0c88f8fd, L:/127.0.0.1:51848 - R:localhost/127.0.0.1:8083] Received last HTTP packet
15:53:14.564 [reactor-http-nio-47] DEBUG org.springframework.core.codec.StringDecoder - [9879b8b] Decoded "{"userId":"a7fc695d-a318-4c81-88d6-d1ffa47053cb","location":{"longitude":143.184119,"latitude":56.0 (truncated)...
15:53:14.564 [reactor-http-nio-47] DEBUG reactor.netty.resources.PooledConnectionProvider - [id: 0x0c88f8fd, L:/127.0.0.1:51848 - R:localhost/127.0.0.1:8083] onStateChange(GET{uri=/userLocation?userId=a7fc695d-a318-4c81-88d6-d1ffa47053cb, connection=PooledConnection{channel=[id: 0x0c88f8fd, L:/127.0.0.1:51848 - R:localhost/127.0.0.1:8083]}}, [disconnecting])
15:53:14.564 [reactor-http-nio-47] DEBUG reactor.netty.resources.PooledConnectionProvider - [id: 0x0c88f8fd, L:/127.0.0.1:51848 - R:localhost/127.0.0.1:8083] Releasing channel
15:53:14.564 [reactor-http-nio-47] DEBUG reactor.netty.resources.PooledConnectionProvider - [id: 0x0c88f8fd, L:/127.0.0.1:51848 - R:localhost/127.0.0.1:8083] Channel cleaned, now 298 active connections and 3 inactive connections
15:53:14.568 [reactor-http-nio-47] DEBUG reactor.netty.http.client.HttpClientOperations - [id: 0xd1ebbc3a, L:/127.0.0.1:51690 - R:localhost/127.0.0.1:8083] Received response (auto-read:false) : [Content-Type=application/json, Transfer-Encoding=chunked, Date=Wed, 15 Jun 2022 14:53:14 GMT]
15:53:14.568 [reactor-http-nio-47] DEBUG reactor.netty.resources.PooledConnectionProvider - [id: 0xd1ebbc3a, L:/127.0.0.1:51690 - R:localhost/127.0.0.1:8083] onStateChange(GET{uri=/userLocation?userId=647c62c0-3290-4677-a999-616603e75d37, connection=PooledConnection{channel=[id: 0xd1ebbc3a, L:/127.0.0.1:51690 - R:localhost/127.0.0.1:8083]}}, [response_received])
15:53:14.568 [reactor-http-nio-47] DEBUG org.springframework.web.reactive.function.client.ExchangeFunctions - [24d14500] Response 200 OK
15:53:14.569 [reactor-http-nio-47] DEBUG reactor.netty.channel.FluxReceive - [id: 0xd1ebbc3a, L:/127.0.0.1:51690 - R:localhost/127.0.0.1:8083] Subscribing inbound receiver [pending: 0, cancelled:false, inboundDone: false]
15:53:14.569 [reactor-http-nio-47] DEBUG reactor.netty.http.client.HttpClientOperations - [id: 0xd1ebbc3a, L:/127.0.0.1:51690 - R:localhost/127.0.0.1:8083] Received last HTTP packet
15:53:14.569 [reactor-http-nio-47] DEBUG org.springframework.core.codec.StringDecoder - [24d14500] Decoded "{"userId":"647c62c0-3290-4677-a999-616603e75d37","location":{"longitude":-115.150895,"latitude":20. (truncated)...
15:53:14.569 [reactor-http-nio-47] DEBUG reactor.netty.resources.PooledConnectionProvider - [id: 0xd1ebbc3a, L:/127.0.0.1:51690 - R:localhost/127.0.0.1:8083] onStateChange(GET{uri=/userLocation?userId=647c62c0-3290-4677-a999-616603e75d37, connection=PooledConnection{channel=[id: 0xd1ebbc3a, L:/127.0.0.1:51690 - R:localhost/127.0.0.1:8083]}}, [disconnecting])
15:53:14.569 [reactor-http-nio-47] DEBUG reactor.netty.resources.PooledConnectionProvider - [id: 0xd1ebbc3a, L:/127.0.0.1:51690 - R:localhost/127.0.0.1:8083] Releasing channel
15:53:14.570 [reactor-http-nio-47] DEBUG reactor.netty.resources.PooledConnectionProvider - [id: 0xd1ebbc3a, L:/127.0.0.1:51690 - R:localhost/127.0.0.1:8083] Channel cleaned, now 297 active connections and 4 inactive connections
15:53:14.570 [reactor-http-nio-47] DEBUG reactor.netty.http.client.HttpClientOperations - [id: 0x71dba838, L:/127.0.0.1:51683 - R:localhost/127.0.0.1:8083] Received response (auto-read:false) : [Content-Type=application/json, Transfer-Encoding=chunked, Date=Wed, 15 Jun 2022 14:53:14 GMT]
15:53:14.570 [reactor-http-nio-47] DEBUG reactor.netty.resources.PooledConnectionProvider - [id: 0x71dba838, L:/127.0.0.1:51683 - R:localhost/127.0.0.1:8083] onStateChange(GET{uri=/userLocation?userId=92ca89e3-4afa-43e1-a1ae-e2e5947c2149, connection=PooledConnection{channel=[id: 0x71dba838, L:/127.0.0.1:51683 - R:localhost/127.0.0.1:8083]}}, [response_received])
15:53:14.571 [reactor-http-nio-47] DEBUG org.springframework.web.reactive.function.client.ExchangeFunctions - [333e96a7] Response 200 OK
15:53:14.571 [reactor-http-nio-47] DEBUG reactor.netty.channel.FluxReceive - [id: 0x71dba838, L:/127.0.0.1:51683 - R:localhost/127.0.0.1:8083] Subscribing inbound receiver [pending: 0, cancelled:false, inboundDone: false]
15:53:14.571 [reactor-http-nio-41] DEBUG reactor.netty.http.client.HttpClientOperations - [id: 0x261624e9, L:/127.0.0.1:51718 - R:localhost/127.0.0.1:8083] Received response (auto-read:false) : [Content-Type=application/json, Transfer-Encoding=chunked, Date=Wed, 15 Jun 2022 14:53:14 GMT]
15:53:14.571 [reactor-http-nio-41] DEBUG reactor.netty.resources.PooledConnectionProvider - [id: 0x261624e9, L:/127.0.0.1:51718 - R:localhost/127.0.0.1:8083] onStateChange(GET{uri=/userLocation?userId=f183e1fb-acc7-4330-abf3-89672675771a, connection=PooledConnection{channel=[id: 0x261624e9, L:/127.0.0.1:51718 - R:localhost/127.0.0.1:8083]}}, [response_received])
15:53:14.571 [reactor-http-nio-41] DEBUG org.springframework.web.reactive.function.client.ExchangeFunctions - [4963a304] Response 200 OK
15:53:14.571 [reactor-http-nio-47] DEBUG reactor.netty.http.client.HttpClientOperations - [id: 0x71dba838, L:/127.0.0.1:51683 - R:localhost/127.0.0.1:8083] Received last HTTP packet
15:53:14.572 [reactor-http-nio-47] DEBUG org.springframework.core.codec.StringDecoder - [333e96a7] Decoded "{"userId":"92ca89e3-4afa-43e1-a1ae-e2e5947c2149","location":{"longitude":45.047273,"latitude":16.72 (truncated)...
15:53:14.572 [reactor-http-nio-47] DEBUG reactor.netty.resources.PooledConnectionProvider - [id: 0x71dba838, L:/127.0.0.1:51683 - R:localhost/127.0.0.1:8083] onStateChange(GET{uri=/userLocation?userId=92ca89e3-4afa-43e1-a1ae-e2e5947c2149, connection=PooledConnection{channel=[id: 0x71dba838, L:/127.0.0.1:51683 - R:localhost/127.0.0.1:8083]}}, [disconnecting])
15:53:14.572 [reactor-http-nio-47] DEBUG reactor.netty.resources.PooledConnectionProvider - [id: 0x71dba838, L:/127.0.0.1:51683 - R:localhost/127.0.0.1:8083] Releasing channel
15:53:14.572 [reactor-http-nio-47] DEBUG reactor.netty.resources.PooledConnectionProvider - [id: 0x71dba838, L:/127.0.0.1:51683 - R:localhost/127.0.0.1:8083] Channel cleaned, now 296 active connections and 5 inactive connections
15:53:14.572 [reactor-http-nio-41] DEBUG reactor.netty.channel.FluxReceive - [id: 0x261624e9, L:/127.0.0.1:51718 - R:localhost/127.0.0.1:8083] Subscribing inbound receiver [pending: 0, cancelled:false, inboundDone: false]
15:53:14.572 [reactor-http-nio-41] DEBUG reactor.netty.http.client.HttpClientOperations - [id: 0x261624e9, L:/127.0.0.1:51718 - R:localhost/127.0.0.1:8083] Received last HTTP packet
15:53:14.572 [reactor-http-nio-41] DEBUG org.springframework.core.codec.StringDecoder - [4963a304] Decoded "{"userId":"f183e1fb-acc7-4330-abf3-89672675771a","location":{"longitude":95.456195,"latitude":-41.7 (truncated)...
15:53:14.572 [reactor-http-nio-47] DEBUG reactor.netty.http.client.HttpClientOperations - [id: 0x85b1ff76, L:/127.0.0.1:51685 - R:localhost/127.0.0.1:8083] Received response (auto-read:false) : [Content-Type=application/json, Transfer-Encoding=chunked, Date=Wed, 15 Jun 2022 14:53:14 GMT]
15:53:14.572 [reactor-http-nio-41] DEBUG reactor.netty.resources.PooledConnectionProvider - [id: 0x261624e9, L:/127.0.0.1:51718 - R:localhost/127.0.0.1:8083] onStateChange(GET{uri=/userLocation?userId=f183e1fb-acc7-4330-abf3-89672675771a, connection=PooledConnection{channel=[id: 0x261624e9, L:/127.0.0.1:51718 - R:localhost/127.0.0.1:8083]}}, [disconnecting])
15:53:14.572 [reactor-http-nio-41] DEBUG reactor.netty.resources.PooledConnectionProvider - [id: 0x261624e9, L:/127.0.0.1:51718 - R:localhost/127.0.0.1:8083] Releasing channel
15:53:14.572 [reactor-http-nio-47] DEBUG reactor.netty.resources.PooledConnectionProvider - [id: 0x85b1ff76, L:/127.0.0.1:51685 - R:localhost/127.0.0.1:8083] onStateChange(GET{uri=/userLocation?userId=655a0ea0-29f6-4f84-95ee-34c0ca4e2a80, connection=PooledConnection{channel=[id: 0x85b1ff76, L:/127.0.0.1:51685 - R:localhost/127.0.0.1:8083]}}, [response_received])
15:53:14.573 [reactor-http-nio-41] DEBUG reactor.netty.resources.PooledConnectionProvider - [id: 0x261624e9, L:/127.0.0.1:51718 - R:localhost/127.0.0.1:8083] Channel cleaned, now 295 active connections and 6 inactive connections
15:53:14.573 [reactor-http-nio-47] DEBUG org.springframework.web.reactive.function.client.ExchangeFunctions - [99dcf72] Response 200 OK
15:53:14.573 [reactor-http-nio-47] DEBUG reactor.netty.channel.FluxReceive - [id: 0x85b1ff76, L:/127.0.0.1:51685 - R:localhost/127.0.0.1:8083] Subscribing inbound receiver [pending: 0, cancelled:false, inboundDone: false]
15:53:14.573 [reactor-http-nio-47] DEBUG reactor.netty.http.client.HttpClientOperations - [id: 0x85b1ff76, L:/127.0.0.1:51685 - R:localhost/127.0.0.1:8083] Received last HTTP packet
15:53:14.574 [reactor-http-nio-47] DEBUG org.springframework.core.codec.StringDecoder - [99dcf72] Decoded "{"userId":"655a0ea0-29f6-4f84-95ee-34c0ca4e2a80","location":{"longitude":161.409645,"latitude":-26. (truncated)...
15:53:14.574 [reactor-http-nio-47] DEBUG reactor.netty.resources.PooledConnectionProvider - [id: 0x85b1ff76, L:/127.0.0.1:51685 - R:localhost/127.0.0.1:8083] onStateChange(GET{uri=/userLocation?userId=655a0ea0-29f6-4f84-95ee-34c0ca4e2a80, connection=PooledConnection{channel=[id: 0x85b1ff76, L:/127.0.0.1:51685 - R:localhost/127.0.0.1:8083]}}, [disconnecting])
15:53:14.574 [reactor-http-nio-47] DEBUG reactor.netty.resources.PooledConnectionProvider - [id: 0x85b1ff76, L:/127.0.0.1:51685 - R:localhost/127.0.0.1:8083] Releasing channel
15:53:14.574 [reactor-http-nio-47] DEBUG reactor.netty.resources.PooledConnectionProvider - [id: 0x85b1ff76, L:/127.0.0.1:51685 - R:localhost/127.0.0.1:8083] Channel cleaned, now 294 active connections and 7 inactive connections
15:53:14.575 [reactor-http-nio-47] DEBUG reactor.netty.http.client.HttpClientOperations - [id: 0xe671b81a, L:/127.0.0.1:51698 - R:localhost/127.0.0.1:8083] Received response (auto-read:false) : [Content-Type=application/json, Transfer-Encoding=chunked, Date=Wed, 15 Jun 2022 14:53:14 GMT]
15:53:14.575 [reactor-http-nio-47] DEBUG reactor.netty.resources.PooledConnectionProvider - [id: 0xe671b81a, L:/127.0.0.1:51698 - R:localhost/127.0.0.1:8083] onStateChange(GET{uri=/userLocation?userId=66f18ee4-1d6b-4491-8adf-0552e490ad0c, connection=PooledConnection{channel=[id: 0xe671b81a, L:/127.0.0.1:51698 - R:localhost/127.0.0.1:8083]}}, [response_received])
15:53:14.575 [reactor-http-nio-47] DEBUG org.springframework.web.reactive.function.client.ExchangeFunctions - [1cf37d3a] Response 200 OK
15:53:14.575 [reactor-http-nio-47] DEBUG reactor.netty.channel.FluxReceive - [id: 0xe671b81a, L:/127.0.0.1:51698 - R:localhost/127.0.0.1:8083] Subscribing inbound receiver [pending: 0, cancelled:false, inboundDone: false]
15:53:14.576 [reactor-http-nio-47] DEBUG reactor.netty.http.client.HttpClientOperations - [id: 0xe671b81a, L:/127.0.0.1:51698 - R:localhost/127.0.0.1:8083] Received last HTTP packet
15:53:14.576 [reactor-http-nio-47] DEBUG org.springframework.core.codec.StringDecoder - [1cf37d3a] Decoded "{"userId":"66f18ee4-1d6b-4491-8adf-0552e490ad0c","location":{"longitude":60.901241,"latitude":-69.3 (truncated)...
15:53:14.576 [reactor-http-nio-47] DEBUG reactor.netty.resources.PooledConnectionProvider - [id: 0xe671b81a, L:/127.0.0.1:51698 - R:localhost/127.0.0.1:8083] onStateChange(GET{uri=/userLocation?userId=66f18ee4-1d6b-4491-8adf-0552e490ad0c, connection=PooledConnection{channel=[id: 0xe671b81a, L:/127.0.0.1:51698 - R:localhost/127.0.0.1:8083]}}, [disconnecting])
15:53:14.576 [reactor-http-nio-47] DEBUG reactor.netty.resources.PooledConnectionProvider - [id: 0xe671b81a, L:/127.0.0.1:51698 - R:localhost/127.0.0.1:8083] Releasing channel
15:53:14.576 [reactor-http-nio-47] DEBUG reactor.netty.resources.PooledConnectionProvider - [id: 0xe671b81a, L:/127.0.0.1:51698 - R:localhost/127.0.0.1:8083] Channel cleaned, now 293 active connections and 8 inactive connections
15:53:14.577 [reactor-http-nio-48] DEBUG reactor.netty.http.client.HttpClientOperations - [id: 0x19945800, L:/127.0.0.1:51703 - R:localhost/127.0.0.1:8083] Received response (auto-read:false) : [Content-Type=application/json, Transfer-Encoding=chunked, Date=Wed, 15 Jun 2022 14:53:14 GMT]
15:53:14.578 [reactor-http-nio-48] DEBUG reactor.netty.resources.PooledConnectionProvider - [id: 0x19945800, L:/127.0.0.1:51703 - R:localhost/127.0.0.1:8083] onStateChange(GET{uri=/userLocation?userId=7e305e34-618a-47e4-be09-8c09da411f26, connection=PooledConnection{channel=[id: 0x19945800, L:/127.0.0.1:51703 - R:localhost/127.0.0.1:8083]}}, [response_received])
15:53:14.578 [reactor-http-nio-48] DEBUG org.springframework.web.reactive.function.client.ExchangeFunctions - [c3a184e] Response 200 OK
15:53:14.578 [reactor-http-nio-48] DEBUG reactor.netty.channel.FluxReceive - [id: 0x19945800, L:/127.0.0.1:51703 - R:localhost/127.0.0.1:8083] Subscribing inbound receiver [pending: 0, cancelled:false, inboundDone: false]
15:53:14.579 [reactor-http-nio-48] DEBUG reactor.netty.http.client.HttpClientOperations - [id: 0x19945800, L:/127.0.0.1:51703 - R:localhost/127.0.0.1:8083] Received last HTTP packet
15:53:14.579 [reactor-http-nio-48] DEBUG org.springframework.core.codec.StringDecoder - [c3a184e] Decoded "{"userId":"7e305e34-618a-47e4-be09-8c09da411f26","location":{"longitude":-108.707413,"latitude":26. (truncated)...
15:53:14.579 [reactor-http-nio-48] DEBUG reactor.netty.resources.PooledConnectionProvider - [id: 0x19945800, L:/127.0.0.1:51703 - R:localhost/127.0.0.1:8083] onStateChange(GET{uri=/userLocation?userId=7e305e34-618a-47e4-be09-8c09da411f26, connection=PooledConnection{channel=[id: 0x19945800, L:/127.0.0.1:51703 - R:localhost/127.0.0.1:8083]}}, [disconnecting])
15:53:14.579 [reactor-http-nio-48] DEBUG reactor.netty.resources.PooledConnectionProvider - [id: 0x19945800, L:/127.0.0.1:51703 - R:localhost/127.0.0.1:8083] Releasing channel
15:53:14.579 [reactor-http-nio-48] DEBUG reactor.netty.resources.PooledConnectionProvider - [id: 0x19945800, L:/127.0.0.1:51703 - R:localhost/127.0.0.1:8083] Channel cleaned, now 292 active connections and 9 inactive connections
15:53:14.581 [reactor-http-nio-47] DEBUG reactor.netty.http.client.HttpClientOperations - [id: 0x98143ed4, L:/127.0.0.1:51680 - R:localhost/127.0.0.1:8083] Received response (auto-read:false) : [Content-Type=application/json, Transfer-Encoding=chunked, Date=Wed, 15 Jun 2022 14:53:14 GMT]
15:53:14.581 [reactor-http-nio-47] DEBUG reactor.netty.resources.PooledConnectionProvider - [id: 0x98143ed4, L:/127.0.0.1:51680 - R:localhost/127.0.0.1:8083] onStateChange(GET{uri=/userLocation?userId=9a75c518-d7b6-4c88-8e09-d2005eb00025, connection=PooledConnection{channel=[id: 0x98143ed4, L:/127.0.0.1:51680 - R:localhost/127.0.0.1:8083]}}, [response_received])
15:53:14.581 [reactor-http-nio-47] DEBUG org.springframework.web.reactive.function.client.ExchangeFunctions - [1914e3e4] Response 200 OK
15:53:14.581 [reactor-http-nio-47] DEBUG reactor.netty.channel.FluxReceive - [id: 0x98143ed4, L:/127.0.0.1:51680 - R:localhost/127.0.0.1:8083] Subscribing inbound receiver [pending: 0, cancelled:false, inboundDone: false]
15:53:14.582 [reactor-http-nio-47] DEBUG reactor.netty.http.client.HttpClientOperations - [id: 0x98143ed4, L:/127.0.0.1:51680 - R:localhost/127.0.0.1:8083] Received last HTTP packet
15:53:14.582 [reactor-http-nio-47] DEBUG org.springframework.core.codec.StringDecoder - [1914e3e4] Decoded "{"userId":"9a75c518-d7b6-4c88-8e09-d2005eb00025","location":{"longitude":-139.793655,"latitude":-66 (truncated)...
15:53:14.582 [reactor-http-nio-47] DEBUG reactor.netty.resources.PooledConnectionProvider - [id: 0x98143ed4, L:/127.0.0.1:51680 - R:localhost/127.0.0.1:8083] onStateChange(GET{uri=/userLocation?userId=9a75c518-d7b6-4c88-8e09-d2005eb00025, connection=PooledConnection{channel=[id: 0x98143ed4, L:/127.0.0.1:51680 - R:localhost/127.0.0.1:8083]}}, [disconnecting])
15:53:14.582 [reactor-http-nio-47] DEBUG reactor.netty.resources.PooledConnectionProvider - [id: 0x98143ed4, L:/127.0.0.1:51680 - R:localhost/127.0.0.1:8083] Releasing channel
15:53:14.582 [reactor-http-nio-47] DEBUG reactor.netty.resources.PooledConnectionProvider - [id: 0x98143ed4, L:/127.0.0.1:51680 - R:localhost/127.0.0.1:8083] Channel cleaned, now 291 active connections and 10 inactive connections
15:53:14.584 [reactor-http-nio-41] DEBUG reactor.netty.http.client.HttpClientOperations - [id: 0x48bd25d1, L:/127.0.0.1:51711 - R:localhost/127.0.0.1:8083] Received response (auto-read:false) : [Content-Type=application/json, Transfer-Encoding=chunked, Date=Wed, 15 Jun 2022 14:53:14 GMT]
15:53:14.584 [reactor-http-nio-47] DEBUG reactor.netty.http.client.HttpClientOperations - [id: 0xc1a60bcc, L:/127.0.0.1:51694 - R:localhost/127.0.0.1:8083] Received response (auto-read:false) : [Content-Type=application/json, Transfer-Encoding=chunked, Date=Wed, 15 Jun 2022 14:53:14 GMT]
15:53:14.584 [reactor-http-nio-41] DEBUG reactor.netty.resources.PooledConnectionProvider - [id: 0x48bd25d1, L:/127.0.0.1:51711 - R:localhost/127.0.0.1:8083] onStateChange(GET{uri=/userLocation?userId=bce57cb7-bb2e-4db9-bddc-23ec1436ba36, connection=PooledConnection{channel=[id: 0x48bd25d1, L:/127.0.0.1:51711 - R:localhost/127.0.0.1:8083]}}, [response_received])
15:53:14.584 [reactor-http-nio-47] DEBUG reactor.netty.resources.PooledConnectionProvider - [id: 0xc1a60bcc, L:/127.0.0.1:51694 - R:localhost/127.0.0.1:8083] onStateChange(GET{uri=/userLocation?userId=f4fd57d3-6036-4c90-8077-e7466268c131, connection=PooledConnection{channel=[id: 0xc1a60bcc, L:/127.0.0.1:51694 - R:localhost/127.0.0.1:8083]}}, [response_received])
15:53:14.585 [reactor-http-nio-47] DEBUG org.springframework.web.reactive.function.client.ExchangeFunctions - [63d7f6c] Response 200 OK
15:53:14.585 [reactor-http-nio-41] DEBUG org.springframework.web.reactive.function.client.ExchangeFunctions - [7f75c00] Response 200 OK
15:53:14.585 [reactor-http-nio-47] DEBUG reactor.netty.channel.FluxReceive - [id: 0xc1a60bcc, L:/127.0.0.1:51694 - R:localhost/127.0.0.1:8083] Subscribing inbound receiver [pending: 0, cancelled:false, inboundDone: false]
15:53:14.585 [reactor-http-nio-41] DEBUG reactor.netty.channel.FluxReceive - [id: 0x48bd25d1, L:/127.0.0.1:51711 - R:localhost/127.0.0.1:8083] Subscribing inbound receiver [pending: 0, cancelled:false, inboundDone: false]
15:53:14.585 [reactor-http-nio-47] DEBUG reactor.netty.http.client.HttpClientOperations - [id: 0xc1a60bcc, L:/127.0.0.1:51694 - R:localhost/127.0.0.1:8083] Received last HTTP packet
15:53:14.586 [reactor-http-nio-47] DEBUG org.springframework.core.codec.StringDecoder - [63d7f6c] Decoded "{"userId":"f4fd57d3-6036-4c90-8077-e7466268c131","location":{"longitude":154.141518,"latitude":-34. (truncated)...
15:53:14.586 [reactor-http-nio-47] DEBUG reactor.netty.resources.PooledConnectionProvider - [id: 0xc1a60bcc, L:/127.0.0.1:51694 - R:localhost/127.0.0.1:8083] onStateChange(GET{uri=/userLocation?userId=f4fd57d3-6036-4c90-8077-e7466268c131, connection=PooledConnection{channel=[id: 0xc1a60bcc, L:/127.0.0.1:51694 - R:localhost/127.0.0.1:8083]}}, [disconnecting])
15:53:14.586 [reactor-http-nio-47] DEBUG reactor.netty.resources.PooledConnectionProvider - [id: 0xc1a60bcc, L:/127.0.0.1:51694 - R:localhost/127.0.0.1:8083] Releasing channel
15:53:14.586 [reactor-http-nio-47] DEBUG reactor.netty.resources.PooledConnectionProvider - [id: 0xc1a60bcc, L:/127.0.0.1:51694 - R:localhost/127.0.0.1:8083] Channel cleaned, now 290 active connections and 11 inactive connections
15:53:14.586 [reactor-http-nio-41] DEBUG reactor.netty.http.client.HttpClientOperations - [id: 0x6573a2f1, L:/127.0.0.1:51712 - R:localhost/127.0.0.1:8083] Received response (auto-read:false) : [Content-Type=application/json, Transfer-Encoding=chunked, Date=Wed, 15 Jun 2022 14:53:14 GMT]
15:53:14.586 [reactor-http-nio-41] DEBUG reactor.netty.resources.PooledConnectionProvider - [id: 0x6573a2f1, L:/127.0.0.1:51712 - R:localhost/127.0.0.1:8083] onStateChange(GET{uri=/userLocation?userId=0b108d8d-756c-4750-b1ba-90846f00ab79, connection=PooledConnection{channel=[id: 0x6573a2f1, L:/127.0.0.1:51712 - R:localhost/127.0.0.1:8083]}}, [response_received])
15:53:14.586 [reactor-http-nio-41] DEBUG org.springframework.web.reactive.function.client.ExchangeFunctions - [6bb075c9] Response 200 OK
15:53:14.586 [reactor-http-nio-47] DEBUG reactor.netty.http.client.HttpClientOperations - [id: 0x6caa1951, L:/127.0.0.1:51695 - R:localhost/127.0.0.1:8083] Received response (auto-read:false) : [Content-Type=application/json, Transfer-Encoding=chunked, Date=Wed, 15 Jun 2022 14:53:14 GMT]
15:53:14.586 [reactor-http-nio-47] DEBUG reactor.netty.resources.PooledConnectionProvider - [id: 0x6caa1951, L:/127.0.0.1:51695 - R:localhost/127.0.0.1:8083] onStateChange(GET{uri=/userLocation?userId=8b3af590-1cb0-4ee3-87ae-29eefec5db37, connection=PooledConnection{channel=[id: 0x6caa1951, L:/127.0.0.1:51695 - R:localhost/127.0.0.1:8083]}}, [response_received])
15:53:14.586 [reactor-http-nio-47] DEBUG org.springframework.web.reactive.function.client.ExchangeFunctions - [6164417b] Response 200 OK
15:53:14.587 [reactor-http-nio-41] DEBUG reactor.netty.channel.FluxReceive - [id: 0x6573a2f1, L:/127.0.0.1:51712 - R:localhost/127.0.0.1:8083] Subscribing inbound receiver [pending: 0, cancelled:false, inboundDone: false]
15:53:14.587 [reactor-http-nio-47] DEBUG reactor.netty.channel.FluxReceive - [id: 0x6caa1951, L:/127.0.0.1:51695 - R:localhost/127.0.0.1:8083] Subscribing inbound receiver [pending: 0, cancelled:false, inboundDone: false]
15:53:14.587 [reactor-http-nio-47] DEBUG reactor.netty.http.client.HttpClientOperations - [id: 0x6caa1951, L:/127.0.0.1:51695 - R:localhost/127.0.0.1:8083] Received last HTTP packet
15:53:14.587 [reactor-http-nio-47] DEBUG org.springframework.core.codec.StringDecoder - [6164417b] Decoded "{"userId":"8b3af590-1cb0-4ee3-87ae-29eefec5db37","location":{"longitude":-159.034416,"latitude":-60 (truncated)...
15:53:14.587 [reactor-http-nio-47] DEBUG reactor.netty.resources.PooledConnectionProvider - [id: 0x6caa1951, L:/127.0.0.1:51695 - R:localhost/127.0.0.1:8083] onStateChange(GET{uri=/userLocation?userId=8b3af590-1cb0-4ee3-87ae-29eefec5db37, connection=PooledConnection{channel=[id: 0x6caa1951, L:/127.0.0.1:51695 - R:localhost/127.0.0.1:8083]}}, [disconnecting])
15:53:14.587 [reactor-http-nio-47] DEBUG reactor.netty.resources.PooledConnectionProvider - [id: 0x6caa1951, L:/127.0.0.1:51695 - R:localhost/127.0.0.1:8083] Releasing channel
15:53:14.587 [reactor-http-nio-47] DEBUG reactor.netty.resources.PooledConnectionProvider - [id: 0x6caa1951, L:/127.0.0.1:51695 - R:localhost/127.0.0.1:8083] Channel cleaned, now 289 active connections and 12 inactive connections
15:53:14.589 [reactor-http-nio-41] DEBUG reactor.netty.http.client.HttpClientOperations - [id: 0x48bd25d1, L:/127.0.0.1:51711 - R:localhost/127.0.0.1:8083] Received last HTTP packet
15:53:14.589 [reactor-http-nio-41] DEBUG org.springframework.core.codec.StringDecoder - [7f75c00] Decoded "{"userId":"bce57cb7-bb2e-4db9-bddc-23ec1436ba36","location":{"longitude":-165.783003,"latitude":79. (truncated)...
15:53:14.589 [reactor-http-nio-41] DEBUG reactor.netty.resources.PooledConnectionProvider - [id: 0x48bd25d1, L:/127.0.0.1:51711 - R:localhost/127.0.0.1:8083] onStateChange(GET{uri=/userLocation?userId=bce57cb7-bb2e-4db9-bddc-23ec1436ba36, connection=PooledConnection{channel=[id: 0x48bd25d1, L:/127.0.0.1:51711 - R:localhost/127.0.0.1:8083]}}, [disconnecting])
15:53:14.589 [reactor-http-nio-41] DEBUG reactor.netty.resources.PooledConnectionProvider - [id: 0x48bd25d1, L:/127.0.0.1:51711 - R:localhost/127.0.0.1:8083] Releasing channel
15:53:14.589 [reactor-http-nio-41] DEBUG reactor.netty.resources.PooledConnectionProvider - [id: 0x48bd25d1, L:/127.0.0.1:51711 - R:localhost/127.0.0.1:8083] Channel cleaned, now 288 active connections and 13 inactive connections
15:53:14.590 [reactor-http-nio-41] DEBUG reactor.netty.http.client.HttpClientOperations - [id: 0x6573a2f1, L:/127.0.0.1:51712 - R:localhost/127.0.0.1:8083] Received last HTTP packet
15:53:14.591 [reactor-http-nio-41] DEBUG org.springframework.core.codec.StringDecoder - [6bb075c9] Decoded "{"userId":"0b108d8d-756c-4750-b1ba-90846f00ab79","location":{"longitude":-173.589279,"latitude":36. (truncated)...
15:53:14.591 [reactor-http-nio-41] DEBUG reactor.netty.resources.PooledConnectionProvider - [id: 0x6573a2f1, L:/127.0.0.1:51712 - R:localhost/127.0.0.1:8083] onStateChange(GET{uri=/userLocation?userId=0b108d8d-756c-4750-b1ba-90846f00ab79, connection=PooledConnection{channel=[id: 0x6573a2f1, L:/127.0.0.1:51712 - R:localhost/127.0.0.1:8083]}}, [disconnecting])
15:53:14.591 [reactor-http-nio-41] DEBUG reactor.netty.resources.PooledConnectionProvider - [id: 0x6573a2f1, L:/127.0.0.1:51712 - R:localhost/127.0.0.1:8083] Releasing channel
15:53:14.591 [reactor-http-nio-41] DEBUG reactor.netty.resources.PooledConnectionProvider - [id: 0x6573a2f1, L:/127.0.0.1:51712 - R:localhost/127.0.0.1:8083] Channel cleaned, now 287 active connections and 14 inactive connections
15:53:14.591 [reactor-http-nio-47] DEBUG reactor.netty.http.client.HttpClientOperations - [id: 0xf30ad839, L:/127.0.0.1:51692 - R:localhost/127.0.0.1:8083] Received response (auto-read:false) : [Content-Type=application/json, Transfer-Encoding=chunked, Date=Wed, 15 Jun 2022 14:53:14 GMT]
15:53:14.591 [reactor-http-nio-47] DEBUG reactor.netty.resources.PooledConnectionProvider - [id: 0xf30ad839, L:/127.0.0.1:51692 - R:localhost/127.0.0.1:8083] onStateChange(GET{uri=/userLocation?userId=3e2c0ae5-b0d7-4b41-9397-d6d35e1e7618, connection=PooledConnection{channel=[id: 0xf30ad839, L:/127.0.0.1:51692 - R:localhost/127.0.0.1:8083]}}, [response_received])
15:53:14.591 [reactor-http-nio-47] DEBUG org.springframework.web.reactive.function.client.ExchangeFunctions - [da801a5] Response 200 OK
15:53:14.592 [reactor-http-nio-47] DEBUG reactor.netty.channel.FluxReceive - [id: 0xf30ad839, L:/127.0.0.1:51692 - R:localhost/127.0.0.1:8083] Subscribing inbound receiver [pending: 0, cancelled:false, inboundDone: false]
15:53:14.592 [reactor-http-nio-41] DEBUG reactor.netty.http.client.HttpClientOperations - [id: 0xc5bdf2c5, L:/127.0.0.1:51719 - R:localhost/127.0.0.1:8083] Received response (auto-read:false) : [Content-Type=application/json, Transfer-Encoding=chunked, Date=Wed, 15 Jun 2022 14:53:14 GMT]
15:53:14.592 [reactor-http-nio-41] DEBUG reactor.netty.resources.PooledConnectionProvider - [id: 0xc5bdf2c5, L:/127.0.0.1:51719 - R:localhost/127.0.0.1:8083] onStateChange(GET{uri=/userLocation?userId=a65f14ad-241a-48b6-8296-62ddf329154e, connection=PooledConnection{channel=[id: 0xc5bdf2c5, L:/127.0.0.1:51719 - R:localhost/127.0.0.1:8083]}}, [response_received])
15:53:14.592 [reactor-http-nio-47] DEBUG reactor.netty.http.client.HttpClientOperations - [id: 0xf30ad839, L:/127.0.0.1:51692 - R:localhost/127.0.0.1:8083] Received last HTTP packet
15:53:14.592 [reactor-http-nio-41] DEBUG org.springframework.web.reactive.function.client.ExchangeFunctions - [33ab84ea] Response 200 OK
15:53:14.592 [reactor-http-nio-47] DEBUG org.springframework.core.codec.StringDecoder - [da801a5] Decoded "{"userId":"3e2c0ae5-b0d7-4b41-9397-d6d35e1e7618","location":{"longitude":79.756992,"latitude":75.63 (truncated)...
15:53:14.592 [reactor-http-nio-47] DEBUG reactor.netty.resources.PooledConnectionProvider - [id: 0xf30ad839, L:/127.0.0.1:51692 - R:localhost/127.0.0.1:8083] onStateChange(GET{uri=/userLocation?userId=3e2c0ae5-b0d7-4b41-9397-d6d35e1e7618, connection=PooledConnection{channel=[id: 0xf30ad839, L:/127.0.0.1:51692 - R:localhost/127.0.0.1:8083]}}, [disconnecting])
15:53:14.592 [reactor-http-nio-47] DEBUG reactor.netty.resources.PooledConnectionProvider - [id: 0xf30ad839, L:/127.0.0.1:51692 - R:localhost/127.0.0.1:8083] Releasing channel
15:53:14.592 [reactor-http-nio-47] DEBUG reactor.netty.resources.PooledConnectionProvider - [id: 0xf30ad839, L:/127.0.0.1:51692 - R:localhost/127.0.0.1:8083] Channel cleaned, now 286 active connections and 15 inactive connections
15:53:14.593 [reactor-http-nio-41] DEBUG reactor.netty.channel.FluxReceive - [id: 0xc5bdf2c5, L:/127.0.0.1:51719 - R:localhost/127.0.0.1:8083] Subscribing inbound receiver [pending: 0, cancelled:false, inboundDone: false]
15:53:14.595 [reactor-http-nio-48] DEBUG reactor.netty.http.client.HttpClientOperations - [id: 0xa4f115eb, L:/127.0.0.1:51704 - R:localhost/127.0.0.1:8083] Received response (auto-read:false) : [Content-Type=application/json, Transfer-Encoding=chunked, Date=Wed, 15 Jun 2022 14:53:14 GMT]
15:53:14.595 [reactor-http-nio-48] DEBUG reactor.netty.resources.PooledConnectionProvider - [id: 0xa4f115eb, L:/127.0.0.1:51704 - R:localhost/127.0.0.1:8083] onStateChange(GET{uri=/userLocation?userId=43a6b1c9-5911-4846-904f-de16a621546c, connection=PooledConnection{channel=[id: 0xa4f115eb, L:/127.0.0.1:51704 - R:localhost/127.0.0.1:8083]}}, [response_received])
15:53:14.596 [reactor-http-nio-48] DEBUG org.springframework.web.reactive.function.client.ExchangeFunctions - [61b5853e] Response 200 OK
15:53:14.596 [reactor-http-nio-48] DEBUG reactor.netty.channel.FluxReceive - [id: 0xa4f115eb, L:/127.0.0.1:51704 - R:localhost/127.0.0.1:8083] Subscribing inbound receiver [pending: 0, cancelled:false, inboundDone: false]
15:53:14.597 [reactor-http-nio-48] DEBUG reactor.netty.http.client.HttpClientOperations - [id: 0xa4f115eb, L:/127.0.0.1:51704 - R:localhost/127.0.0.1:8083] Received last HTTP packet
15:53:14.597 [reactor-http-nio-48] DEBUG org.springframework.core.codec.StringDecoder - [61b5853e] Decoded "{"userId":"43a6b1c9-5911-4846-904f-de16a621546c","location":{"longitude":96.235161,"latitude":34.74 (truncated)...
15:53:14.597 [reactor-http-nio-48] DEBUG reactor.netty.resources.PooledConnectionProvider - [id: 0xa4f115eb, L:/127.0.0.1:51704 - R:localhost/127.0.0.1:8083] onStateChange(GET{uri=/userLocation?userId=43a6b1c9-5911-4846-904f-de16a621546c, connection=PooledConnection{channel=[id: 0xa4f115eb, L:/127.0.0.1:51704 - R:localhost/127.0.0.1:8083]}}, [disconnecting])
15:53:14.597 [reactor-http-nio-48] DEBUG reactor.netty.resources.PooledConnectionProvider - [id: 0xa4f115eb, L:/127.0.0.1:51704 - R:localhost/127.0.0.1:8083] Releasing channel
15:53:14.597 [reactor-http-nio-48] DEBUG reactor.netty.resources.PooledConnectionProvider - [id: 0xa4f115eb, L:/127.0.0.1:51704 - R:localhost/127.0.0.1:8083] Channel cleaned, now 285 active connections and 16 inactive connections
15:53:14.600 [reactor-http-nio-47] DEBUG reactor.netty.http.client.HttpClientOperations - [id: 0x25d8fc77, L:/127.0.0.1:51691 - R:localhost/127.0.0.1:8083] Received response (auto-read:false) : [Content-Type=application/json, Transfer-Encoding=chunked, Date=Wed, 15 Jun 2022 14:53:14 GMT]
15:53:14.600 [reactor-http-nio-47] DEBUG reactor.netty.resources.PooledConnectionProvider - [id: 0x25d8fc77, L:/127.0.0.1:51691 - R:localhost/127.0.0.1:8083] onStateChange(GET{uri=/userLocation?userId=9ee5e5f1-2320-453c-9ab4-9c02a1a70b71, connection=PooledConnection{channel=[id: 0x25d8fc77, L:/127.0.0.1:51691 - R:localhost/127.0.0.1:8083]}}, [response_received])
15:53:14.600 [reactor-http-nio-47] DEBUG org.springframework.web.reactive.function.client.ExchangeFunctions - [3d54213] Response 200 OK
15:53:14.601 [reactor-http-nio-47] DEBUG reactor.netty.channel.FluxReceive - [id: 0x25d8fc77, L:/127.0.0.1:51691 - R:localhost/127.0.0.1:8083] Subscribing inbound receiver [pending: 0, cancelled:false, inboundDone: false]
15:53:14.601 [reactor-http-nio-47] DEBUG reactor.netty.http.client.HttpClientOperations - [id: 0x25d8fc77, L:/127.0.0.1:51691 - R:localhost/127.0.0.1:8083] Received last HTTP packet
15:53:14.601 [reactor-http-nio-47] DEBUG org.springframework.core.codec.StringDecoder - [3d54213] Decoded "{"userId":"9ee5e5f1-2320-453c-9ab4-9c02a1a70b71","location":{"longitude":83.010844,"latitude":60.48 (truncated)...
15:53:14.601 [reactor-http-nio-47] DEBUG reactor.netty.resources.PooledConnectionProvider - [id: 0x25d8fc77, L:/127.0.0.1:51691 - R:localhost/127.0.0.1:8083] onStateChange(GET{uri=/userLocation?userId=9ee5e5f1-2320-453c-9ab4-9c02a1a70b71, connection=PooledConnection{channel=[id: 0x25d8fc77, L:/127.0.0.1:51691 - R:localhost/127.0.0.1:8083]}}, [disconnecting])
15:53:14.601 [reactor-http-nio-47] DEBUG reactor.netty.resources.PooledConnectionProvider - [id: 0x25d8fc77, L:/127.0.0.1:51691 - R:localhost/127.0.0.1:8083] Releasing channel
15:53:14.602 [reactor-http-nio-47] DEBUG reactor.netty.resources.PooledConnectionProvider - [id: 0x25d8fc77, L:/127.0.0.1:51691 - R:localhost/127.0.0.1:8083] Channel cleaned, now 284 active connections and 17 inactive connections
15:53:14.602 [reactor-http-nio-41] DEBUG reactor.netty.http.client.HttpClientOperations - [id: 0xc5bdf2c5, L:/127.0.0.1:51719 - R:localhost/127.0.0.1:8083] Received last HTTP packet
15:53:14.603 [reactor-http-nio-47] DEBUG reactor.netty.http.client.HttpClientOperations - [id: 0xdaf60602, L:/127.0.0.1:51681 - R:localhost/127.0.0.1:8083] Received response (auto-read:false) : [Content-Type=application/json, Transfer-Encoding=chunked, Date=Wed, 15 Jun 2022 14:53:14 GMT]
15:53:14.603 [reactor-http-nio-47] DEBUG reactor.netty.resources.PooledConnectionProvider - [id: 0xdaf60602, L:/127.0.0.1:51681 - R:localhost/127.0.0.1:8083] onStateChange(GET{uri=/userLocation?userId=7c6c4fc9-e9d7-459c-b642-20e622ec1070, connection=PooledConnection{channel=[id: 0xdaf60602, L:/127.0.0.1:51681 - R:localhost/127.0.0.1:8083]}}, [response_received])
15:53:14.603 [reactor-http-nio-41] DEBUG org.springframework.core.codec.StringDecoder - [33ab84ea] Decoded "{"userId":"a65f14ad-241a-48b6-8296-62ddf329154e","location":{"longitude":-130.380922,"latitude":69. (truncated)...
15:53:14.603 [reactor-http-nio-48] DEBUG reactor.netty.http.client.HttpClientOperations - [id: 0x19da195d, L:/127.0.0.1:51701 - R:localhost/127.0.0.1:8083] Received response (auto-read:false) : [Content-Type=application/json, Transfer-Encoding=chunked, Date=Wed, 15 Jun 2022 14:53:14 GMT]
15:53:14.603 [reactor-http-nio-47] DEBUG org.springframework.web.reactive.function.client.ExchangeFunctions - [41d4e59c] Response 200 OK
15:53:14.603 [reactor-http-nio-48] DEBUG reactor.netty.resources.PooledConnectionProvider - [id: 0x19da195d, L:/127.0.0.1:51701 - R:localhost/127.0.0.1:8083] onStateChange(GET{uri=/userLocation?userId=d9360777-59f7-4c5c-8aba-210e8106d0e1, connection=PooledConnection{channel=[id: 0x19da195d, L:/127.0.0.1:51701 - R:localhost/127.0.0.1:8083]}}, [response_received])
15:53:14.603 [reactor-http-nio-41] DEBUG reactor.netty.resources.PooledConnectionProvider - [id: 0xc5bdf2c5, L:/127.0.0.1:51719 - R:localhost/127.0.0.1:8083] onStateChange(GET{uri=/userLocation?userId=a65f14ad-241a-48b6-8296-62ddf329154e, connection=PooledConnection{channel=[id: 0xc5bdf2c5, L:/127.0.0.1:51719 - R:localhost/127.0.0.1:8083]}}, [disconnecting])
15:53:14.603 [reactor-http-nio-41] DEBUG reactor.netty.resources.PooledConnectionProvider - [id: 0xc5bdf2c5, L:/127.0.0.1:51719 - R:localhost/127.0.0.1:8083] Releasing channel
15:53:14.603 [reactor-http-nio-48] DEBUG org.springframework.web.reactive.function.client.ExchangeFunctions - [3b79f3e2] Response 200 OK
15:53:14.603 [reactor-http-nio-41] DEBUG reactor.netty.resources.PooledConnectionProvider - [id: 0xc5bdf2c5, L:/127.0.0.1:51719 - R:localhost/127.0.0.1:8083] Channel cleaned, now 283 active connections and 18 inactive connections
15:53:14.603 [reactor-http-nio-47] DEBUG reactor.netty.channel.FluxReceive - [id: 0xdaf60602, L:/127.0.0.1:51681 - R:localhost/127.0.0.1:8083] Subscribing inbound receiver [pending: 0, cancelled:false, inboundDone: false]
15:53:14.603 [reactor-http-nio-41] DEBUG reactor.netty.http.client.HttpClientOperations - [id: 0xb6e13b25, L:/127.0.0.1:51714 - R:localhost/127.0.0.1:8083] Received response (auto-read:false) : [Content-Type=application/json, Transfer-Encoding=chunked, Date=Wed, 15 Jun 2022 14:53:14 GMT]
15:53:14.603 [reactor-http-nio-41] DEBUG reactor.netty.resources.PooledConnectionProvider - [id: 0xb6e13b25, L:/127.0.0.1:51714 - R:localhost/127.0.0.1:8083] onStateChange(GET{uri=/userLocation?userId=1a461332-fc9e-4e85-89a3-4f0117cbcc9e, connection=PooledConnection{channel=[id: 0xb6e13b25, L:/127.0.0.1:51714 - R:localhost/127.0.0.1:8083]}}, [response_received])
15:53:14.604 [reactor-http-nio-47] DEBUG reactor.netty.http.client.HttpClientOperations - [id: 0xdaf60602, L:/127.0.0.1:51681 - R:localhost/127.0.0.1:8083] Received last HTTP packet
15:53:14.604 [reactor-http-nio-41] DEBUG org.springframework.web.reactive.function.client.ExchangeFunctions - [28154557] Response 200 OK
15:53:14.604 [reactor-http-nio-47] DEBUG org.springframework.core.codec.StringDecoder - [41d4e59c] Decoded "{"userId":"7c6c4fc9-e9d7-459c-b642-20e622ec1070","location":{"longitude":17.975875,"latitude":35.10 (truncated)...
15:53:14.604 [reactor-http-nio-47] DEBUG reactor.netty.resources.PooledConnectionProvider - [id: 0xdaf60602, L:/127.0.0.1:51681 - R:localhost/127.0.0.1:8083] onStateChange(GET{uri=/userLocation?userId=7c6c4fc9-e9d7-459c-b642-20e622ec1070, connection=PooledConnection{channel=[id: 0xdaf60602, L:/127.0.0.1:51681 - R:localhost/127.0.0.1:8083]}}, [disconnecting])
15:53:14.604 [reactor-http-nio-47] DEBUG reactor.netty.resources.PooledConnectionProvider - [id: 0xdaf60602, L:/127.0.0.1:51681 - R:localhost/127.0.0.1:8083] Releasing channel
15:53:14.604 [reactor-http-nio-47] DEBUG reactor.netty.resources.PooledConnectionProvider - [id: 0xdaf60602, L:/127.0.0.1:51681 - R:localhost/127.0.0.1:8083] Channel cleaned, now 282 active connections and 19 inactive connections
15:53:14.604 [reactor-http-nio-41] DEBUG reactor.netty.channel.FluxReceive - [id: 0xb6e13b25, L:/127.0.0.1:51714 - R:localhost/127.0.0.1:8083] Subscribing inbound receiver [pending: 0, cancelled:false, inboundDone: false]
15:53:14.604 [reactor-http-nio-48] DEBUG reactor.netty.channel.FluxReceive - [id: 0x19da195d, L:/127.0.0.1:51701 - R:localhost/127.0.0.1:8083] Subscribing inbound receiver [pending: 0, cancelled:false, inboundDone: false]
15:53:14.604 [reactor-http-nio-41] DEBUG reactor.netty.http.client.HttpClientOperations - [id: 0xb6e13b25, L:/127.0.0.1:51714 - R:localhost/127.0.0.1:8083] Received last HTTP packet
15:53:14.604 [reactor-http-nio-48] DEBUG reactor.netty.http.client.HttpClientOperations - [id: 0x19da195d, L:/127.0.0.1:51701 - R:localhost/127.0.0.1:8083] Received last HTTP packet
15:53:14.605 [reactor-http-nio-41] DEBUG org.springframework.core.codec.StringDecoder - [28154557] Decoded "{"userId":"1a461332-fc9e-4e85-89a3-4f0117cbcc9e","location":{"longitude":38.414227,"latitude":66.08 (truncated)...
15:53:14.605 [reactor-http-nio-41] DEBUG reactor.netty.resources.PooledConnectionProvider - [id: 0xb6e13b25, L:/127.0.0.1:51714 - R:localhost/127.0.0.1:8083] onStateChange(GET{uri=/userLocation?userId=1a461332-fc9e-4e85-89a3-4f0117cbcc9e, connection=PooledConnection{channel=[id: 0xb6e13b25, L:/127.0.0.1:51714 - R:localhost/127.0.0.1:8083]}}, [disconnecting])
15:53:14.605 [reactor-http-nio-41] DEBUG reactor.netty.resources.PooledConnectionProvider - [id: 0xb6e13b25, L:/127.0.0.1:51714 - R:localhost/127.0.0.1:8083] Releasing channel
15:53:14.605 [reactor-http-nio-48] DEBUG org.springframework.core.codec.StringDecoder - [3b79f3e2] Decoded "{"userId":"d9360777-59f7-4c5c-8aba-210e8106d0e1","location":{"longitude":-34.676033,"latitude":57.8 (truncated)...
15:53:14.605 [reactor-http-nio-41] DEBUG reactor.netty.resources.PooledConnectionProvider - [id: 0xb6e13b25, L:/127.0.0.1:51714 - R:localhost/127.0.0.1:8083] Channel cleaned, now 281 active connections and 20 inactive connections
15:53:14.605 [reactor-http-nio-48] DEBUG reactor.netty.resources.PooledConnectionProvider - [id: 0x19da195d, L:/127.0.0.1:51701 - R:localhost/127.0.0.1:8083] onStateChange(GET{uri=/userLocation?userId=d9360777-59f7-4c5c-8aba-210e8106d0e1, connection=PooledConnection{channel=[id: 0x19da195d, L:/127.0.0.1:51701 - R:localhost/127.0.0.1:8083]}}, [disconnecting])
15:53:14.605 [reactor-http-nio-48] DEBUG reactor.netty.resources.PooledConnectionProvider - [id: 0x19da195d, L:/127.0.0.1:51701 - R:localhost/127.0.0.1:8083] Releasing channel
15:53:14.605 [reactor-http-nio-48] DEBUG reactor.netty.resources.PooledConnectionProvider - [id: 0x19da195d, L:/127.0.0.1:51701 - R:localhost/127.0.0.1:8083] Channel cleaned, now 280 active connections and 21 inactive connections
15:53:14.607 [reactor-http-nio-47] DEBUG reactor.netty.http.client.HttpClientOperations - [id: 0x792d5066, L:/127.0.0.1:51697 - R:localhost/127.0.0.1:8083] Received response (auto-read:false) : [Content-Type=application/json, Transfer-Encoding=chunked, Date=Wed, 15 Jun 2022 14:53:14 GMT]
15:53:14.607 [reactor-http-nio-47] DEBUG reactor.netty.resources.PooledConnectionProvider - [id: 0x792d5066, L:/127.0.0.1:51697 - R:localhost/127.0.0.1:8083] onStateChange(GET{uri=/userLocation?userId=8b6b22ef-3099-4b58-b546-87bda8bd2ad5, connection=PooledConnection{channel=[id: 0x792d5066, L:/127.0.0.1:51697 - R:localhost/127.0.0.1:8083]}}, [response_received])
15:53:14.608 [reactor-http-nio-47] DEBUG org.springframework.web.reactive.function.client.ExchangeFunctions - [afa0107] Response 200 OK
15:53:14.608 [reactor-http-nio-47] DEBUG reactor.netty.channel.FluxReceive - [id: 0x792d5066, L:/127.0.0.1:51697 - R:localhost/127.0.0.1:8083] Subscribing inbound receiver [pending: 0, cancelled:false, inboundDone: false]
15:53:14.609 [reactor-http-nio-47] DEBUG reactor.netty.http.client.HttpClientOperations - [id: 0x792d5066, L:/127.0.0.1:51697 - R:localhost/127.0.0.1:8083] Received last HTTP packet
15:53:14.609 [reactor-http-nio-47] DEBUG org.springframework.core.codec.StringDecoder - [afa0107] Decoded "{"userId":"8b6b22ef-3099-4b58-b546-87bda8bd2ad5","location":{"longitude":69.288769,"latitude":61.14 (truncated)...
15:53:14.609 [reactor-http-nio-47] DEBUG reactor.netty.resources.PooledConnectionProvider - [id: 0x792d5066, L:/127.0.0.1:51697 - R:localhost/127.0.0.1:8083] onStateChange(GET{uri=/userLocation?userId=8b6b22ef-3099-4b58-b546-87bda8bd2ad5, connection=PooledConnection{channel=[id: 0x792d5066, L:/127.0.0.1:51697 - R:localhost/127.0.0.1:8083]}}, [disconnecting])
15:53:14.609 [reactor-http-nio-47] DEBUG reactor.netty.resources.PooledConnectionProvider - [id: 0x792d5066, L:/127.0.0.1:51697 - R:localhost/127.0.0.1:8083] Releasing channel
15:53:14.609 [reactor-http-nio-47] DEBUG reactor.netty.resources.PooledConnectionProvider - [id: 0x792d5066, L:/127.0.0.1:51697 - R:localhost/127.0.0.1:8083] Channel cleaned, now 279 active connections and 22 inactive connections
15:53:14.611 [reactor-http-nio-41] DEBUG reactor.netty.http.client.HttpClientOperations - [id: 0x6edbd1c1, L:/127.0.0.1:51716 - R:localhost/127.0.0.1:8083] Received response (auto-read:false) : [Content-Type=application/json, Transfer-Encoding=chunked, Date=Wed, 15 Jun 2022 14:53:14 GMT]
15:53:14.611 [reactor-http-nio-47] DEBUG reactor.netty.http.client.HttpClientOperations - [id: 0x98ecb58e, L:/127.0.0.1:51684 - R:localhost/127.0.0.1:8083] Received response (auto-read:false) : [Content-Type=application/json, Transfer-Encoding=chunked, Date=Wed, 15 Jun 2022 14:53:14 GMT]
15:53:14.612 [reactor-http-nio-41] DEBUG reactor.netty.resources.PooledConnectionProvider - [id: 0x6edbd1c1, L:/127.0.0.1:51716 - R:localhost/127.0.0.1:8083] onStateChange(GET{uri=/userLocation?userId=de9ecbf0-9d95-496b-8cd5-daa46f35cba4, connection=PooledConnection{channel=[id: 0x6edbd1c1, L:/127.0.0.1:51716 - R:localhost/127.0.0.1:8083]}}, [response_received])
15:53:14.612 [reactor-http-nio-47] DEBUG reactor.netty.resources.PooledConnectionProvider - [id: 0x98ecb58e, L:/127.0.0.1:51684 - R:localhost/127.0.0.1:8083] onStateChange(GET{uri=/userLocation?userId=6a917193-35e1-40bf-bb9f-5c64a014c07f, connection=PooledConnection{channel=[id: 0x98ecb58e, L:/127.0.0.1:51684 - R:localhost/127.0.0.1:8083]}}, [response_received])
15:53:14.612 [reactor-http-nio-41] DEBUG org.springframework.web.reactive.function.client.ExchangeFunctions - [4c98a0fd] Response 200 OK
15:53:14.612 [reactor-http-nio-47] DEBUG org.springframework.web.reactive.function.client.ExchangeFunctions - [228972d5] Response 200 OK
15:53:14.612 [reactor-http-nio-41] DEBUG reactor.netty.channel.FluxReceive - [id: 0x6edbd1c1, L:/127.0.0.1:51716 - R:localhost/127.0.0.1:8083] Subscribing inbound receiver [pending: 0, cancelled:false, inboundDone: false]
15:53:14.612 [reactor-http-nio-47] DEBUG reactor.netty.channel.FluxReceive - [id: 0x98ecb58e, L:/127.0.0.1:51684 - R:localhost/127.0.0.1:8083] Subscribing inbound receiver [pending: 0, cancelled:false, inboundDone: false]
15:53:14.613 [reactor-http-nio-47] DEBUG reactor.netty.http.client.HttpClientOperations - [id: 0x98ecb58e, L:/127.0.0.1:51684 - R:localhost/127.0.0.1:8083] Received last HTTP packet
15:53:14.613 [reactor-http-nio-47] DEBUG org.springframework.core.codec.StringDecoder - [228972d5] Decoded "{"userId":"6a917193-35e1-40bf-bb9f-5c64a014c07f","location":{"longitude":-36.560743,"latitude":-32. (truncated)...
15:53:14.613 [reactor-http-nio-47] DEBUG reactor.netty.resources.PooledConnectionProvider - [id: 0x98ecb58e, L:/127.0.0.1:51684 - R:localhost/127.0.0.1:8083] onStateChange(GET{uri=/userLocation?userId=6a917193-35e1-40bf-bb9f-5c64a014c07f, connection=PooledConnection{channel=[id: 0x98ecb58e, L:/127.0.0.1:51684 - R:localhost/127.0.0.1:8083]}}, [disconnecting])
15:53:14.613 [reactor-http-nio-47] DEBUG reactor.netty.resources.PooledConnectionProvider - [id: 0x98ecb58e, L:/127.0.0.1:51684 - R:localhost/127.0.0.1:8083] Releasing channel
15:53:14.613 [reactor-http-nio-47] DEBUG reactor.netty.resources.PooledConnectionProvider - [id: 0x98ecb58e, L:/127.0.0.1:51684 - R:localhost/127.0.0.1:8083] Channel cleaned, now 278 active connections and 23 inactive connections
15:53:14.614 [reactor-http-nio-47] DEBUG reactor.netty.http.client.HttpClientOperations - [id: 0xdce01143, L:/127.0.0.1:51689 - R:localhost/127.0.0.1:8083] Received response (auto-read:false) : [Content-Type=application/json, Transfer-Encoding=chunked, Date=Wed, 15 Jun 2022 14:53:14 GMT]
15:53:14.614 [reactor-http-nio-41] DEBUG reactor.netty.http.client.HttpClientOperations - [id: 0x91ccb779, L:/127.0.0.1:51713 - R:localhost/127.0.0.1:8083] Received response (auto-read:false) : [Content-Type=application/json, Transfer-Encoding=chunked, Date=Wed, 15 Jun 2022 14:53:14 GMT]
15:53:14.614 [reactor-http-nio-47] DEBUG reactor.netty.resources.PooledConnectionProvider - [id: 0xdce01143, L:/127.0.0.1:51689 - R:localhost/127.0.0.1:8083] onStateChange(GET{uri=/userLocation?userId=f9382d8e-4800-479b-8f04-b7bc83467483, connection=PooledConnection{channel=[id: 0xdce01143, L:/127.0.0.1:51689 - R:localhost/127.0.0.1:8083]}}, [response_received])
15:53:14.614 [reactor-http-nio-41] DEBUG reactor.netty.resources.PooledConnectionProvider - [id: 0x91ccb779, L:/127.0.0.1:51713 - R:localhost/127.0.0.1:8083] onStateChange(GET{uri=/userLocation?userId=0759ee05-6d95-4419-b3ad-2322d0318125, connection=PooledConnection{channel=[id: 0x91ccb779, L:/127.0.0.1:51713 - R:localhost/127.0.0.1:8083]}}, [response_received])
15:53:14.614 [reactor-http-nio-47] DEBUG org.springframework.web.reactive.function.client.ExchangeFunctions - [3c005c5b] Response 200 OK
15:53:14.614 [reactor-http-nio-41] DEBUG org.springframework.web.reactive.function.client.ExchangeFunctions - [2dd65d45] Response 200 OK
15:53:14.614 [reactor-http-nio-41] DEBUG reactor.netty.channel.FluxReceive - [id: 0x91ccb779, L:/127.0.0.1:51713 - R:localhost/127.0.0.1:8083] Subscribing inbound receiver [pending: 0, cancelled:false, inboundDone: false]
15:53:14.614 [reactor-http-nio-47] DEBUG reactor.netty.channel.FluxReceive - [id: 0xdce01143, L:/127.0.0.1:51689 - R:localhost/127.0.0.1:8083] Subscribing inbound receiver [pending: 0, cancelled:false, inboundDone: false]
15:53:14.615 [reactor-http-nio-41] DEBUG reactor.netty.http.client.HttpClientOperations - [id: 0x91ccb779, L:/127.0.0.1:51713 - R:localhost/127.0.0.1:8083] Received last HTTP packet
15:53:14.615 [reactor-http-nio-47] DEBUG reactor.netty.http.client.HttpClientOperations - [id: 0xdce01143, L:/127.0.0.1:51689 - R:localhost/127.0.0.1:8083] Received last HTTP packet
15:53:14.615 [reactor-http-nio-41] DEBUG org.springframework.core.codec.StringDecoder - [2dd65d45] Decoded "{"userId":"0759ee05-6d95-4419-b3ad-2322d0318125","location":{"longitude":-112.423025,"latitude":-70 (truncated)...
15:53:14.615 [reactor-http-nio-47] DEBUG org.springframework.core.codec.StringDecoder - [3c005c5b] Decoded "{"userId":"f9382d8e-4800-479b-8f04-b7bc83467483","location":{"longitude":113.184284,"latitude":-40. (truncated)...
15:53:14.615 [reactor-http-nio-41] DEBUG reactor.netty.resources.PooledConnectionProvider - [id: 0x91ccb779, L:/127.0.0.1:51713 - R:localhost/127.0.0.1:8083] onStateChange(GET{uri=/userLocation?userId=0759ee05-6d95-4419-b3ad-2322d0318125, connection=PooledConnection{channel=[id: 0x91ccb779, L:/127.0.0.1:51713 - R:localhost/127.0.0.1:8083]}}, [disconnecting])
15:53:14.615 [reactor-http-nio-47] DEBUG reactor.netty.resources.PooledConnectionProvider - [id: 0xdce01143, L:/127.0.0.1:51689 - R:localhost/127.0.0.1:8083] onStateChange(GET{uri=/userLocation?userId=f9382d8e-4800-479b-8f04-b7bc83467483, connection=PooledConnection{channel=[id: 0xdce01143, L:/127.0.0.1:51689 - R:localhost/127.0.0.1:8083]}}, [disconnecting])
15:53:14.615 [reactor-http-nio-41] DEBUG reactor.netty.resources.PooledConnectionProvider - [id: 0x91ccb779, L:/127.0.0.1:51713 - R:localhost/127.0.0.1:8083] Releasing channel
15:53:14.615 [reactor-http-nio-47] DEBUG reactor.netty.resources.PooledConnectionProvider - [id: 0xdce01143, L:/127.0.0.1:51689 - R:localhost/127.0.0.1:8083] Releasing channel
15:53:14.615 [reactor-http-nio-41] DEBUG reactor.netty.resources.PooledConnectionProvider - [id: 0x91ccb779, L:/127.0.0.1:51713 - R:localhost/127.0.0.1:8083] Channel cleaned, now 276 active connections and 25 inactive connections
15:53:14.615 [reactor-http-nio-47] DEBUG reactor.netty.resources.PooledConnectionProvider - [id: 0xdce01143, L:/127.0.0.1:51689 - R:localhost/127.0.0.1:8083] Channel cleaned, now 276 active connections and 25 inactive connections
15:53:14.616 [reactor-http-nio-41] DEBUG reactor.netty.http.client.HttpClientOperations - [id: 0x63f027f7, L:/127.0.0.1:51721 - R:localhost/127.0.0.1:8083] Received response (auto-read:false) : [Content-Type=application/json, Transfer-Encoding=chunked, Date=Wed, 15 Jun 2022 14:53:14 GMT]
15:53:14.616 [reactor-http-nio-41] DEBUG reactor.netty.resources.PooledConnectionProvider - [id: 0x63f027f7, L:/127.0.0.1:51721 - R:localhost/127.0.0.1:8083] onStateChange(GET{uri=/userLocation?userId=cd7dc0ac-1435-4f55-b4cf-a388bb5e7022, connection=PooledConnection{channel=[id: 0x63f027f7, L:/127.0.0.1:51721 - R:localhost/127.0.0.1:8083]}}, [response_received])
15:53:14.616 [reactor-http-nio-41] DEBUG org.springframework.web.reactive.function.client.ExchangeFunctions - [35e6be39] Response 200 OK
15:53:14.616 [reactor-http-nio-41] DEBUG reactor.netty.channel.FluxReceive - [id: 0x63f027f7, L:/127.0.0.1:51721 - R:localhost/127.0.0.1:8083] Subscribing inbound receiver [pending: 0, cancelled:false, inboundDone: false]
15:53:14.617 [reactor-http-nio-41] DEBUG reactor.netty.http.client.HttpClientOperations - [id: 0x63f027f7, L:/127.0.0.1:51721 - R:localhost/127.0.0.1:8083] Received last HTTP packet
15:53:14.617 [reactor-http-nio-41] DEBUG org.springframework.core.codec.StringDecoder - [35e6be39] Decoded "{"userId":"cd7dc0ac-1435-4f55-b4cf-a388bb5e7022","location":{"longitude":-103.878805,"latitude":-70 (truncated)...
15:53:14.617 [reactor-http-nio-41] DEBUG reactor.netty.resources.PooledConnectionProvider - [id: 0x63f027f7, L:/127.0.0.1:51721 - R:localhost/127.0.0.1:8083] onStateChange(GET{uri=/userLocation?userId=cd7dc0ac-1435-4f55-b4cf-a388bb5e7022, connection=PooledConnection{channel=[id: 0x63f027f7, L:/127.0.0.1:51721 - R:localhost/127.0.0.1:8083]}}, [disconnecting])
15:53:14.617 [reactor-http-nio-41] DEBUG reactor.netty.resources.PooledConnectionProvider - [id: 0x63f027f7, L:/127.0.0.1:51721 - R:localhost/127.0.0.1:8083] Releasing channel
15:53:14.617 [reactor-http-nio-41] DEBUG reactor.netty.resources.PooledConnectionProvider - [id: 0x63f027f7, L:/127.0.0.1:51721 - R:localhost/127.0.0.1:8083] Channel cleaned, now 275 active connections and 26 inactive connections
15:53:14.617 [reactor-http-nio-41] DEBUG reactor.netty.http.client.HttpClientOperations - [id: 0x9cec33d8, L:/127.0.0.1:51722 - R:localhost/127.0.0.1:8083] Received response (auto-read:false) : [Content-Type=application/json, Transfer-Encoding=chunked, Date=Wed, 15 Jun 2022 14:53:14 GMT]
15:53:14.617 [reactor-http-nio-41] DEBUG reactor.netty.resources.PooledConnectionProvider - [id: 0x9cec33d8, L:/127.0.0.1:51722 - R:localhost/127.0.0.1:8083] onStateChange(GET{uri=/userLocation?userId=5d857e3f-c73f-4a71-b917-898328a82d40, connection=PooledConnection{channel=[id: 0x9cec33d8, L:/127.0.0.1:51722 - R:localhost/127.0.0.1:8083]}}, [response_received])
15:53:14.618 [reactor-http-nio-41] DEBUG org.springframework.web.reactive.function.client.ExchangeFunctions - [7117303f] Response 200 OK
15:53:14.618 [reactor-http-nio-41] DEBUG reactor.netty.channel.FluxReceive - [id: 0x9cec33d8, L:/127.0.0.1:51722 - R:localhost/127.0.0.1:8083] Subscribing inbound receiver [pending: 0, cancelled:false, inboundDone: false]
15:53:14.618 [reactor-http-nio-41] DEBUG reactor.netty.http.client.HttpClientOperations - [id: 0x9cec33d8, L:/127.0.0.1:51722 - R:localhost/127.0.0.1:8083] Received last HTTP packet
15:53:14.619 [reactor-http-nio-41] DEBUG org.springframework.core.codec.StringDecoder - [7117303f] Decoded "{"userId":"5d857e3f-c73f-4a71-b917-898328a82d40","location":{"longitude":71.882024,"latitude":-24.1 (truncated)...
15:53:14.619 [reactor-http-nio-41] DEBUG reactor.netty.resources.PooledConnectionProvider - [id: 0x9cec33d8, L:/127.0.0.1:51722 - R:localhost/127.0.0.1:8083] onStateChange(GET{uri=/userLocation?userId=5d857e3f-c73f-4a71-b917-898328a82d40, connection=PooledConnection{channel=[id: 0x9cec33d8, L:/127.0.0.1:51722 - R:localhost/127.0.0.1:8083]}}, [disconnecting])
15:53:14.619 [reactor-http-nio-41] DEBUG reactor.netty.resources.PooledConnectionProvider - [id: 0x9cec33d8, L:/127.0.0.1:51722 - R:localhost/127.0.0.1:8083] Releasing channel
15:53:14.619 [reactor-http-nio-41] DEBUG reactor.netty.resources.PooledConnectionProvider - [id: 0x9cec33d8, L:/127.0.0.1:51722 - R:localhost/127.0.0.1:8083] Channel cleaned, now 274 active connections and 27 inactive connections
15:53:14.622 [reactor-http-nio-41] DEBUG reactor.netty.http.client.HttpClientOperations - [id: 0x6edbd1c1, L:/127.0.0.1:51716 - R:localhost/127.0.0.1:8083] Received last HTTP packet
15:53:14.622 [reactor-http-nio-41] DEBUG org.springframework.core.codec.StringDecoder - [4c98a0fd] Decoded "{"userId":"de9ecbf0-9d95-496b-8cd5-daa46f35cba4","location":{"longitude":69.864739,"latitude":47.28 (truncated)...
15:53:14.622 [reactor-http-nio-41] DEBUG reactor.netty.resources.PooledConnectionProvider - [id: 0x6edbd1c1, L:/127.0.0.1:51716 - R:localhost/127.0.0.1:8083] onStateChange(GET{uri=/userLocation?userId=de9ecbf0-9d95-496b-8cd5-daa46f35cba4, connection=PooledConnection{channel=[id: 0x6edbd1c1, L:/127.0.0.1:51716 - R:localhost/127.0.0.1:8083]}}, [disconnecting])
15:53:14.622 [reactor-http-nio-41] DEBUG reactor.netty.resources.PooledConnectionProvider - [id: 0x6edbd1c1, L:/127.0.0.1:51716 - R:localhost/127.0.0.1:8083] Releasing channel
15:53:14.622 [reactor-http-nio-41] DEBUG reactor.netty.resources.PooledConnectionProvider - [id: 0x6edbd1c1, L:/127.0.0.1:51716 - R:localhost/127.0.0.1:8083] Channel cleaned, now 273 active connections and 28 inactive connections
15:53:14.624 [reactor-http-nio-47] DEBUG reactor.netty.http.client.HttpClientOperations - [id: 0xa7d8e8a3, L:/127.0.0.1:51682 - R:localhost/127.0.0.1:8083] Received response (auto-read:false) : [Content-Type=application/json, Transfer-Encoding=chunked, Date=Wed, 15 Jun 2022 14:53:14 GMT]
15:53:14.624 [reactor-http-nio-47] DEBUG reactor.netty.resources.PooledConnectionProvider - [id: 0xa7d8e8a3, L:/127.0.0.1:51682 - R:localhost/127.0.0.1:8083] onStateChange(GET{uri=/userLocation?userId=c2af3be4-cca7-4917-b99b-fa1f52904c61, connection=PooledConnection{channel=[id: 0xa7d8e8a3, L:/127.0.0.1:51682 - R:localhost/127.0.0.1:8083]}}, [response_received])
15:53:14.625 [reactor-http-nio-47] DEBUG org.springframework.web.reactive.function.client.ExchangeFunctions - [2621f56c] Response 200 OK
15:53:14.625 [reactor-http-nio-47] DEBUG reactor.netty.channel.FluxReceive - [id: 0xa7d8e8a3, L:/127.0.0.1:51682 - R:localhost/127.0.0.1:8083] Subscribing inbound receiver [pending: 0, cancelled:false, inboundDone: false]
15:53:14.627 [reactor-http-nio-47] DEBUG reactor.netty.http.client.HttpClientOperations - [id: 0xa7d8e8a3, L:/127.0.0.1:51682 - R:localhost/127.0.0.1:8083] Received last HTTP packet
15:53:14.627 [reactor-http-nio-47] DEBUG org.springframework.core.codec.StringDecoder - [2621f56c] Decoded "{"userId":"c2af3be4-cca7-4917-b99b-fa1f52904c61","location":{"longitude":-65.221924,"latitude":-7.3 (truncated)...
15:53:14.628 [reactor-http-nio-47] DEBUG reactor.netty.resources.PooledConnectionProvider - [id: 0xa7d8e8a3, L:/127.0.0.1:51682 - R:localhost/127.0.0.1:8083] onStateChange(GET{uri=/userLocation?userId=c2af3be4-cca7-4917-b99b-fa1f52904c61, connection=PooledConnection{channel=[id: 0xa7d8e8a3, L:/127.0.0.1:51682 - R:localhost/127.0.0.1:8083]}}, [disconnecting])
15:53:14.628 [reactor-http-nio-47] DEBUG reactor.netty.resources.PooledConnectionProvider - [id: 0xa7d8e8a3, L:/127.0.0.1:51682 - R:localhost/127.0.0.1:8083] Releasing channel
15:53:14.628 [reactor-http-nio-47] DEBUG reactor.netty.resources.PooledConnectionProvider - [id: 0xa7d8e8a3, L:/127.0.0.1:51682 - R:localhost/127.0.0.1:8083] Channel cleaned, now 272 active connections and 29 inactive connections
15:53:14.629 [reactor-http-nio-41] DEBUG reactor.netty.http.client.HttpClientOperations - [id: 0xb3555784, L:/127.0.0.1:51724 - R:localhost/127.0.0.1:8083] Received response (auto-read:false) : [Content-Type=application/json, Transfer-Encoding=chunked, Date=Wed, 15 Jun 2022 14:53:14 GMT]
15:53:14.629 [reactor-http-nio-41] DEBUG reactor.netty.resources.PooledConnectionProvider - [id: 0xb3555784, L:/127.0.0.1:51724 - R:localhost/127.0.0.1:8083] onStateChange(GET{uri=/userLocation?userId=25dee4df-d0c0-4031-aa5f-97b5303d7401, connection=PooledConnection{channel=[id: 0xb3555784, L:/127.0.0.1:51724 - R:localhost/127.0.0.1:8083]}}, [response_received])
15:53:14.629 [reactor-http-nio-41] DEBUG org.springframework.web.reactive.function.client.ExchangeFunctions - [513f58a5] Response 200 OK
15:53:14.630 [reactor-http-nio-41] DEBUG reactor.netty.channel.FluxReceive - [id: 0xb3555784, L:/127.0.0.1:51724 - R:localhost/127.0.0.1:8083] Subscribing inbound receiver [pending: 0, cancelled:false, inboundDone: false]
15:53:14.631 [reactor-http-nio-41] DEBUG reactor.netty.http.client.HttpClientOperations - [id: 0xb3555784, L:/127.0.0.1:51724 - R:localhost/127.0.0.1:8083] Received last HTTP packet
15:53:14.631 [reactor-http-nio-41] DEBUG org.springframework.core.codec.StringDecoder - [513f58a5] Decoded "{"userId":"25dee4df-d0c0-4031-aa5f-97b5303d7401","location":{"longitude":100.20304,"latitude":-72.3 (truncated)...
15:53:14.631 [reactor-http-nio-41] DEBUG reactor.netty.resources.PooledConnectionProvider - [id: 0xb3555784, L:/127.0.0.1:51724 - R:localhost/127.0.0.1:8083] onStateChange(GET{uri=/userLocation?userId=25dee4df-d0c0-4031-aa5f-97b5303d7401, connection=PooledConnection{channel=[id: 0xb3555784, L:/127.0.0.1:51724 - R:localhost/127.0.0.1:8083]}}, [disconnecting])
15:53:14.631 [reactor-http-nio-41] DEBUG reactor.netty.resources.PooledConnectionProvider - [id: 0xb3555784, L:/127.0.0.1:51724 - R:localhost/127.0.0.1:8083] Releasing channel
15:53:14.632 [reactor-http-nio-41] DEBUG reactor.netty.resources.PooledConnectionProvider - [id: 0xb3555784, L:/127.0.0.1:51724 - R:localhost/127.0.0.1:8083] Channel cleaned, now 271 active connections and 30 inactive connections
15:53:14.633 [reactor-http-nio-47] DEBUG reactor.netty.http.client.HttpClientOperations - [id: 0x120dec4e, L:/127.0.0.1:51686 - R:localhost/127.0.0.1:8083] Received response (auto-read:false) : [Content-Type=application/json, Transfer-Encoding=chunked, Date=Wed, 15 Jun 2022 14:53:14 GMT]
15:53:14.633 [reactor-http-nio-47] DEBUG reactor.netty.resources.PooledConnectionProvider - [id: 0x120dec4e, L:/127.0.0.1:51686 - R:localhost/127.0.0.1:8083] onStateChange(GET{uri=/userLocation?userId=da8a8b72-b2e4-4962-a9bd-13f356b24b7b, connection=PooledConnection{channel=[id: 0x120dec4e, L:/127.0.0.1:51686 - R:localhost/127.0.0.1:8083]}}, [response_received])
15:53:14.633 [reactor-http-nio-47] DEBUG org.springframework.web.reactive.function.client.ExchangeFunctions - [78c2ba95] Response 200 OK
15:53:14.634 [reactor-http-nio-47] DEBUG reactor.netty.channel.FluxReceive - [id: 0x120dec4e, L:/127.0.0.1:51686 - R:localhost/127.0.0.1:8083] Subscribing inbound receiver [pending: 0, cancelled:false, inboundDone: false]
15:53:14.635 [reactor-http-nio-47] DEBUG reactor.netty.http.client.HttpClientOperations - [id: 0x120dec4e, L:/127.0.0.1:51686 - R:localhost/127.0.0.1:8083] Received last HTTP packet
15:53:14.636 [reactor-http-nio-47] DEBUG org.springframework.core.codec.StringDecoder - [78c2ba95] Decoded "{"userId":"da8a8b72-b2e4-4962-a9bd-13f356b24b7b","location":{"longitude":135.212467,"latitude":67.7 (truncated)...
15:53:14.636 [reactor-http-nio-47] DEBUG reactor.netty.resources.PooledConnectionProvider - [id: 0x120dec4e, L:/127.0.0.1:51686 - R:localhost/127.0.0.1:8083] onStateChange(GET{uri=/userLocation?userId=da8a8b72-b2e4-4962-a9bd-13f356b24b7b, connection=PooledConnection{channel=[id: 0x120dec4e, L:/127.0.0.1:51686 - R:localhost/127.0.0.1:8083]}}, [disconnecting])
15:53:14.636 [reactor-http-nio-47] DEBUG reactor.netty.resources.PooledConnectionProvider - [id: 0x120dec4e, L:/127.0.0.1:51686 - R:localhost/127.0.0.1:8083] Releasing channel
15:53:14.636 [reactor-http-nio-47] DEBUG reactor.netty.resources.PooledConnectionProvider - [id: 0x120dec4e, L:/127.0.0.1:51686 - R:localhost/127.0.0.1:8083] Channel cleaned, now 270 active connections and 31 inactive connections
15:53:14.636 [reactor-http-nio-41] DEBUG reactor.netty.http.client.HttpClientOperations - [id: 0x47a2f5da, L:/127.0.0.1:51723 - R:localhost/127.0.0.1:8083] Received response (auto-read:false) : [Content-Type=application/json, Transfer-Encoding=chunked, Date=Wed, 15 Jun 2022 14:53:14 GMT]
15:53:14.636 [reactor-http-nio-41] DEBUG reactor.netty.resources.PooledConnectionProvider - [id: 0x47a2f5da, L:/127.0.0.1:51723 - R:localhost/127.0.0.1:8083] onStateChange(GET{uri=/userLocation?userId=ccb6c744-5025-45b1-b9b9-b5d288e8a3a7, connection=PooledConnection{channel=[id: 0x47a2f5da, L:/127.0.0.1:51723 - R:localhost/127.0.0.1:8083]}}, [response_received])
15:53:14.636 [reactor-http-nio-41] DEBUG org.springframework.web.reactive.function.client.ExchangeFunctions - [6ae449f8] Response 200 OK
15:53:14.637 [reactor-http-nio-41] DEBUG reactor.netty.channel.FluxReceive - [id: 0x47a2f5da, L:/127.0.0.1:51723 - R:localhost/127.0.0.1:8083] Subscribing inbound receiver [pending: 0, cancelled:false, inboundDone: false]
15:53:14.638 [reactor-http-nio-41] DEBUG reactor.netty.http.client.HttpClientOperations - [id: 0x47a2f5da, L:/127.0.0.1:51723 - R:localhost/127.0.0.1:8083] Received last HTTP packet
15:53:14.638 [reactor-http-nio-41] DEBUG org.springframework.core.codec.StringDecoder - [6ae449f8] Decoded "{"userId":"ccb6c744-5025-45b1-b9b9-b5d288e8a3a7","location":{"longitude":98.087915,"latitude":76.26 (truncated)...
15:53:14.638 [reactor-http-nio-41] DEBUG reactor.netty.resources.PooledConnectionProvider - [id: 0x47a2f5da, L:/127.0.0.1:51723 - R:localhost/127.0.0.1:8083] onStateChange(GET{uri=/userLocation?userId=ccb6c744-5025-45b1-b9b9-b5d288e8a3a7, connection=PooledConnection{channel=[id: 0x47a2f5da, L:/127.0.0.1:51723 - R:localhost/127.0.0.1:8083]}}, [disconnecting])
15:53:14.639 [reactor-http-nio-41] DEBUG reactor.netty.resources.PooledConnectionProvider - [id: 0x47a2f5da, L:/127.0.0.1:51723 - R:localhost/127.0.0.1:8083] Releasing channel
15:53:14.639 [reactor-http-nio-41] DEBUG reactor.netty.resources.PooledConnectionProvider - [id: 0x47a2f5da, L:/127.0.0.1:51723 - R:localhost/127.0.0.1:8083] Channel cleaned, now 269 active connections and 32 inactive connections
15:53:14.655 [reactor-http-nio-47] DEBUG reactor.netty.http.client.HttpClientOperations - [id: 0x94ed7f01, L:/127.0.0.1:51699 - R:localhost/127.0.0.1:8083] Received response (auto-read:false) : [Content-Type=application/json, Transfer-Encoding=chunked, Date=Wed, 15 Jun 2022 14:53:14 GMT]
15:53:14.656 [reactor-http-nio-47] DEBUG reactor.netty.resources.PooledConnectionProvider - [id: 0x94ed7f01, L:/127.0.0.1:51699 - R:localhost/127.0.0.1:8083] onStateChange(GET{uri=/userLocation?userId=89c6ee3b-0398-4be6-b43c-8c24d6e60369, connection=PooledConnection{channel=[id: 0x94ed7f01, L:/127.0.0.1:51699 - R:localhost/127.0.0.1:8083]}}, [response_received])
15:53:14.656 [reactor-http-nio-47] DEBUG org.springframework.web.reactive.function.client.ExchangeFunctions - [1be3feab] Response 200 OK
15:53:14.656 [reactor-http-nio-47] DEBUG reactor.netty.channel.FluxReceive - [id: 0x94ed7f01, L:/127.0.0.1:51699 - R:localhost/127.0.0.1:8083] Subscribing inbound receiver [pending: 0, cancelled:false, inboundDone: false]
15:53:14.657 [reactor-http-nio-47] DEBUG reactor.netty.http.client.HttpClientOperations - [id: 0x94ed7f01, L:/127.0.0.1:51699 - R:localhost/127.0.0.1:8083] Received last HTTP packet
15:53:14.657 [reactor-http-nio-47] DEBUG org.springframework.core.codec.StringDecoder - [1be3feab] Decoded "{"userId":"89c6ee3b-0398-4be6-b43c-8c24d6e60369","location":{"longitude":92.280746,"latitude":67.48 (truncated)...
15:53:14.657 [reactor-http-nio-47] DEBUG reactor.netty.resources.PooledConnectionProvider - [id: 0x94ed7f01, L:/127.0.0.1:51699 - R:localhost/127.0.0.1:8083] onStateChange(GET{uri=/userLocation?userId=89c6ee3b-0398-4be6-b43c-8c24d6e60369, connection=PooledConnection{channel=[id: 0x94ed7f01, L:/127.0.0.1:51699 - R:localhost/127.0.0.1:8083]}}, [disconnecting])
15:53:14.657 [reactor-http-nio-47] DEBUG reactor.netty.resources.PooledConnectionProvider - [id: 0x94ed7f01, L:/127.0.0.1:51699 - R:localhost/127.0.0.1:8083] Releasing channel
15:53:14.657 [reactor-http-nio-47] DEBUG reactor.netty.resources.PooledConnectionProvider - [id: 0x94ed7f01, L:/127.0.0.1:51699 - R:localhost/127.0.0.1:8083] Channel cleaned, now 268 active connections and 33 inactive connections
15:53:14.659 [reactor-http-nio-41] DEBUG reactor.netty.http.client.HttpClientOperations - [id: 0xed0ba0e1, L:/127.0.0.1:51752 - R:localhost/127.0.0.1:8083] Received response (auto-read:false) : [Content-Type=application/json, Transfer-Encoding=chunked, Date=Wed, 15 Jun 2022 14:53:14 GMT]
15:53:14.659 [reactor-http-nio-41] DEBUG reactor.netty.resources.PooledConnectionProvider - [id: 0xed0ba0e1, L:/127.0.0.1:51752 - R:localhost/127.0.0.1:8083] onStateChange(GET{uri=/userLocation?userId=27f9dd78-8eb6-400a-a18e-c3c94ddc3b69, connection=PooledConnection{channel=[id: 0xed0ba0e1, L:/127.0.0.1:51752 - R:localhost/127.0.0.1:8083]}}, [response_received])
15:53:14.660 [reactor-http-nio-47] DEBUG reactor.netty.http.client.HttpClientOperations - [id: 0x99bba80d, L:/127.0.0.1:51693 - R:localhost/127.0.0.1:8083] Received response (auto-read:false) : [Content-Type=application/json, Transfer-Encoding=chunked, Date=Wed, 15 Jun 2022 14:53:14 GMT]
15:53:14.660 [reactor-http-nio-47] DEBUG reactor.netty.resources.PooledConnectionProvider - [id: 0x99bba80d, L:/127.0.0.1:51693 - R:localhost/127.0.0.1:8083] onStateChange(GET{uri=/userLocation?userId=e3105df5-3255-4fd6-858e-3884c57c26cb, connection=PooledConnection{channel=[id: 0x99bba80d, L:/127.0.0.1:51693 - R:localhost/127.0.0.1:8083]}}, [response_received])
15:53:14.660 [reactor-http-nio-41] DEBUG org.springframework.web.reactive.function.client.ExchangeFunctions - [3522d3d3] Response 200 OK
15:53:14.660 [reactor-http-nio-47] DEBUG org.springframework.web.reactive.function.client.ExchangeFunctions - [6cb26dbb] Response 200 OK
15:53:14.660 [reactor-http-nio-47] DEBUG reactor.netty.channel.FluxReceive - [id: 0x99bba80d, L:/127.0.0.1:51693 - R:localhost/127.0.0.1:8083] Subscribing inbound receiver [pending: 0, cancelled:false, inboundDone: false]
15:53:14.660 [reactor-http-nio-41] DEBUG reactor.netty.channel.FluxReceive - [id: 0xed0ba0e1, L:/127.0.0.1:51752 - R:localhost/127.0.0.1:8083] Subscribing inbound receiver [pending: 0, cancelled:false, inboundDone: false]
15:53:14.660 [reactor-http-nio-47] DEBUG reactor.netty.http.client.HttpClientOperations - [id: 0x99bba80d, L:/127.0.0.1:51693 - R:localhost/127.0.0.1:8083] Received last HTTP packet
15:53:14.660 [reactor-http-nio-41] DEBUG reactor.netty.http.client.HttpClientOperations - [id: 0xed0ba0e1, L:/127.0.0.1:51752 - R:localhost/127.0.0.1:8083] Received last HTTP packet
15:53:14.661 [reactor-http-nio-41] DEBUG org.springframework.core.codec.StringDecoder - [3522d3d3] Decoded "{"userId":"27f9dd78-8eb6-400a-a18e-c3c94ddc3b69","location":{"longitude":126.735129,"latitude":14.7 (truncated)...
15:53:14.661 [reactor-http-nio-47] DEBUG org.springframework.core.codec.StringDecoder - [6cb26dbb] Decoded "{"userId":"e3105df5-3255-4fd6-858e-3884c57c26cb","location":{"longitude":130.437728,"latitude":-13. (truncated)...
15:53:14.661 [reactor-http-nio-41] DEBUG reactor.netty.resources.PooledConnectionProvider - [id: 0xed0ba0e1, L:/127.0.0.1:51752 - R:localhost/127.0.0.1:8083] onStateChange(GET{uri=/userLocation?userId=27f9dd78-8eb6-400a-a18e-c3c94ddc3b69, connection=PooledConnection{channel=[id: 0xed0ba0e1, L:/127.0.0.1:51752 - R:localhost/127.0.0.1:8083]}}, [disconnecting])
15:53:14.661 [reactor-http-nio-41] DEBUG reactor.netty.resources.PooledConnectionProvider - [id: 0xed0ba0e1, L:/127.0.0.1:51752 - R:localhost/127.0.0.1:8083] Releasing channel
15:53:14.661 [reactor-http-nio-47] DEBUG reactor.netty.resources.PooledConnectionProvider - [id: 0x99bba80d, L:/127.0.0.1:51693 - R:localhost/127.0.0.1:8083] onStateChange(GET{uri=/userLocation?userId=e3105df5-3255-4fd6-858e-3884c57c26cb, connection=PooledConnection{channel=[id: 0x99bba80d, L:/127.0.0.1:51693 - R:localhost/127.0.0.1:8083]}}, [disconnecting])
15:53:14.661 [reactor-http-nio-47] DEBUG reactor.netty.resources.PooledConnectionProvider - [id: 0x99bba80d, L:/127.0.0.1:51693 - R:localhost/127.0.0.1:8083] Releasing channel
15:53:14.661 [reactor-http-nio-41] DEBUG reactor.netty.resources.PooledConnectionProvider - [id: 0xed0ba0e1, L:/127.0.0.1:51752 - R:localhost/127.0.0.1:8083] Channel cleaned, now 267 active connections and 34 inactive connections
15:53:14.661 [reactor-http-nio-47] DEBUG reactor.netty.resources.PooledConnectionProvider - [id: 0x99bba80d, L:/127.0.0.1:51693 - R:localhost/127.0.0.1:8083] Channel cleaned, now 266 active connections and 35 inactive connections
15:53:14.663 [reactor-http-nio-48] DEBUG reactor.netty.http.client.HttpClientOperations - [id: 0x023af947, L:/127.0.0.1:51706 - R:localhost/127.0.0.1:8083] Received response (auto-read:false) : [Content-Type=application/json, Transfer-Encoding=chunked, Date=Wed, 15 Jun 2022 14:53:14 GMT]
15:53:14.663 [reactor-http-nio-47] DEBUG reactor.netty.http.client.HttpClientOperations - [id: 0xf17c5cf9, L:/127.0.0.1:51688 - R:localhost/127.0.0.1:8083] Received response (auto-read:false) : [Content-Type=application/json, Transfer-Encoding=chunked, Date=Wed, 15 Jun 2022 14:53:14 GMT]
15:53:14.663 [reactor-http-nio-48] DEBUG reactor.netty.resources.PooledConnectionProvider - [id: 0x023af947, L:/127.0.0.1:51706 - R:localhost/127.0.0.1:8083] onStateChange(GET{uri=/userLocation?userId=f80c60a3-f237-40b4-8375-be9b1e4ed47e, connection=PooledConnection{channel=[id: 0x023af947, L:/127.0.0.1:51706 - R:localhost/127.0.0.1:8083]}}, [response_received])
15:53:14.663 [reactor-http-nio-47] DEBUG reactor.netty.resources.PooledConnectionProvider - [id: 0xf17c5cf9, L:/127.0.0.1:51688 - R:localhost/127.0.0.1:8083] onStateChange(GET{uri=/userLocation?userId=f4dd5a80-5da9-4aca-a404-32d6f6e29b08, connection=PooledConnection{channel=[id: 0xf17c5cf9, L:/127.0.0.1:51688 - R:localhost/127.0.0.1:8083]}}, [response_received])
15:53:14.663 [reactor-http-nio-47] DEBUG org.springframework.web.reactive.function.client.ExchangeFunctions - [1c0f3df8] Response 200 OK
15:53:14.663 [reactor-http-nio-48] DEBUG org.springframework.web.reactive.function.client.ExchangeFunctions - [762f6345] Response 200 OK
15:53:14.663 [reactor-http-nio-47] DEBUG reactor.netty.channel.FluxReceive - [id: 0xf17c5cf9, L:/127.0.0.1:51688 - R:localhost/127.0.0.1:8083] Subscribing inbound receiver [pending: 0, cancelled:false, inboundDone: false]
15:53:14.664 [reactor-http-nio-47] DEBUG reactor.netty.http.client.HttpClientOperations - [id: 0xf17c5cf9, L:/127.0.0.1:51688 - R:localhost/127.0.0.1:8083] Received last HTTP packet
15:53:14.664 [reactor-http-nio-47] DEBUG org.springframework.core.codec.StringDecoder - [1c0f3df8] Decoded "{"userId":"f4dd5a80-5da9-4aca-a404-32d6f6e29b08","location":{"longitude":37.587247,"latitude":2.245 (truncated)...
15:53:14.664 [reactor-http-nio-47] DEBUG reactor.netty.resources.PooledConnectionProvider - [id: 0xf17c5cf9, L:/127.0.0.1:51688 - R:localhost/127.0.0.1:8083] onStateChange(GET{uri=/userLocation?userId=f4dd5a80-5da9-4aca-a404-32d6f6e29b08, connection=PooledConnection{channel=[id: 0xf17c5cf9, L:/127.0.0.1:51688 - R:localhost/127.0.0.1:8083]}}, [disconnecting])
15:53:14.664 [reactor-http-nio-47] DEBUG reactor.netty.resources.PooledConnectionProvider - [id: 0xf17c5cf9, L:/127.0.0.1:51688 - R:localhost/127.0.0.1:8083] Releasing channel
15:53:14.664 [reactor-http-nio-47] DEBUG reactor.netty.resources.PooledConnectionProvider - [id: 0xf17c5cf9, L:/127.0.0.1:51688 - R:localhost/127.0.0.1:8083] Channel cleaned, now 265 active connections and 36 inactive connections
15:53:14.665 [reactor-http-nio-48] DEBUG reactor.netty.channel.FluxReceive - [id: 0x023af947, L:/127.0.0.1:51706 - R:localhost/127.0.0.1:8083] Subscribing inbound receiver [pending: 0, cancelled:false, inboundDone: false]
15:53:14.665 [reactor-http-nio-48] DEBUG reactor.netty.http.client.HttpClientOperations - [id: 0x023af947, L:/127.0.0.1:51706 - R:localhost/127.0.0.1:8083] Received last HTTP packet
15:53:14.665 [reactor-http-nio-48] DEBUG org.springframework.core.codec.StringDecoder - [762f6345] Decoded "{"userId":"f80c60a3-f237-40b4-8375-be9b1e4ed47e","location":{"longitude":100.177337,"latitude":53.2 (truncated)...
15:53:14.665 [reactor-http-nio-48] DEBUG reactor.netty.resources.PooledConnectionProvider - [id: 0x023af947, L:/127.0.0.1:51706 - R:localhost/127.0.0.1:8083] onStateChange(GET{uri=/userLocation?userId=f80c60a3-f237-40b4-8375-be9b1e4ed47e, connection=PooledConnection{channel=[id: 0x023af947, L:/127.0.0.1:51706 - R:localhost/127.0.0.1:8083]}}, [disconnecting])
15:53:14.665 [reactor-http-nio-48] DEBUG reactor.netty.resources.PooledConnectionProvider - [id: 0x023af947, L:/127.0.0.1:51706 - R:localhost/127.0.0.1:8083] Releasing channel
15:53:14.665 [reactor-http-nio-48] DEBUG reactor.netty.resources.PooledConnectionProvider - [id: 0x023af947, L:/127.0.0.1:51706 - R:localhost/127.0.0.1:8083] Channel cleaned, now 264 active connections and 37 inactive connections
15:53:14.667 [reactor-http-nio-48] DEBUG reactor.netty.http.client.HttpClientOperations - [id: 0x6adf9794, L:/127.0.0.1:51702 - R:localhost/127.0.0.1:8083] Received response (auto-read:false) : [Content-Type=application/json, Transfer-Encoding=chunked, Date=Wed, 15 Jun 2022 14:53:14 GMT]
15:53:14.668 [reactor-http-nio-48] DEBUG reactor.netty.resources.PooledConnectionProvider - [id: 0x6adf9794, L:/127.0.0.1:51702 - R:localhost/127.0.0.1:8083] onStateChange(GET{uri=/userLocation?userId=b2276fdc-0b32-4170-a590-9b88caff71b6, connection=PooledConnection{channel=[id: 0x6adf9794, L:/127.0.0.1:51702 - R:localhost/127.0.0.1:8083]}}, [response_received])
15:53:14.668 [reactor-http-nio-48] DEBUG org.springframework.web.reactive.function.client.ExchangeFunctions - [7e73a2e1] Response 200 OK
15:53:14.668 [reactor-http-nio-41] DEBUG reactor.netty.http.client.HttpClientOperations - [id: 0xdc4a09e2, L:/127.0.0.1:51708 - R:localhost/127.0.0.1:8083] Received response (auto-read:false) : [Content-Type=application/json, Transfer-Encoding=chunked, Date=Wed, 15 Jun 2022 14:53:14 GMT]
15:53:14.668 [reactor-http-nio-41] DEBUG reactor.netty.resources.PooledConnectionProvider - [id: 0xdc4a09e2, L:/127.0.0.1:51708 - R:localhost/127.0.0.1:8083] onStateChange(GET{uri=/userLocation?userId=457d1855-8539-4c04-932a-195926ca8bfc, connection=PooledConnection{channel=[id: 0xdc4a09e2, L:/127.0.0.1:51708 - R:localhost/127.0.0.1:8083]}}, [response_received])
15:53:14.668 [reactor-http-nio-41] DEBUG org.springframework.web.reactive.function.client.ExchangeFunctions - [42087471] Response 200 OK
15:53:14.668 [reactor-http-nio-48] DEBUG reactor.netty.channel.FluxReceive - [id: 0x6adf9794, L:/127.0.0.1:51702 - R:localhost/127.0.0.1:8083] Subscribing inbound receiver [pending: 0, cancelled:false, inboundDone: false]
15:53:14.668 [reactor-http-nio-47] DEBUG reactor.netty.http.client.HttpClientOperations - [id: 0x5f2155e6, L:/127.0.0.1:51846 - R:localhost/127.0.0.1:8083] Received response (auto-read:false) : [Content-Type=application/json, Transfer-Encoding=chunked, Date=Wed, 15 Jun 2022 14:53:14 GMT]
15:53:14.668 [reactor-http-nio-47] DEBUG reactor.netty.resources.PooledConnectionProvider - [id: 0x5f2155e6, L:/127.0.0.1:51846 - R:localhost/127.0.0.1:8083] onStateChange(GET{uri=/userLocation?userId=00dc9ee6-f632-4bb5-beec-72a91d131c93, connection=PooledConnection{channel=[id: 0x5f2155e6, L:/127.0.0.1:51846 - R:localhost/127.0.0.1:8083]}}, [response_received])
15:53:14.668 [reactor-http-nio-41] DEBUG reactor.netty.channel.FluxReceive - [id: 0xdc4a09e2, L:/127.0.0.1:51708 - R:localhost/127.0.0.1:8083] Subscribing inbound receiver [pending: 0, cancelled:false, inboundDone: false]
15:53:14.668 [reactor-http-nio-47] DEBUG org.springframework.web.reactive.function.client.ExchangeFunctions - [4cbacbb] Response 200 OK
15:53:14.669 [reactor-http-nio-41] DEBUG reactor.netty.http.client.HttpClientOperations - [id: 0xdc4a09e2, L:/127.0.0.1:51708 - R:localhost/127.0.0.1:8083] Received last HTTP packet
15:53:14.669 [reactor-http-nio-47] DEBUG reactor.netty.channel.FluxReceive - [id: 0x5f2155e6, L:/127.0.0.1:51846 - R:localhost/127.0.0.1:8083] Subscribing inbound receiver [pending: 0, cancelled:false, inboundDone: false]
15:53:14.669 [reactor-http-nio-41] DEBUG org.springframework.core.codec.StringDecoder - [42087471] Decoded "{"userId":"457d1855-8539-4c04-932a-195926ca8bfc","location":{"longitude":-55.911139,"latitude":-73. (truncated)...
15:53:14.669 [reactor-http-nio-41] DEBUG reactor.netty.resources.PooledConnectionProvider - [id: 0xdc4a09e2, L:/127.0.0.1:51708 - R:localhost/127.0.0.1:8083] onStateChange(GET{uri=/userLocation?userId=457d1855-8539-4c04-932a-195926ca8bfc, connection=PooledConnection{channel=[id: 0xdc4a09e2, L:/127.0.0.1:51708 - R:localhost/127.0.0.1:8083]}}, [disconnecting])
15:53:14.669 [reactor-http-nio-41] DEBUG reactor.netty.resources.PooledConnectionProvider - [id: 0xdc4a09e2, L:/127.0.0.1:51708 - R:localhost/127.0.0.1:8083] Releasing channel
15:53:14.669 [reactor-http-nio-41] DEBUG reactor.netty.resources.PooledConnectionProvider - [id: 0xdc4a09e2, L:/127.0.0.1:51708 - R:localhost/127.0.0.1:8083] Channel cleaned, now 263 active connections and 38 inactive connections
15:53:14.669 [reactor-http-nio-48] DEBUG reactor.netty.http.client.HttpClientOperations - [id: 0x6adf9794, L:/127.0.0.1:51702 - R:localhost/127.0.0.1:8083] Received last HTTP packet
15:53:14.669 [reactor-http-nio-48] DEBUG org.springframework.core.codec.StringDecoder - [7e73a2e1] Decoded "{"userId":"b2276fdc-0b32-4170-a590-9b88caff71b6","location":{"longitude":40.687084,"latitude":8.561 (truncated)...
15:53:14.670 [reactor-http-nio-48] DEBUG reactor.netty.resources.PooledConnectionProvider - [id: 0x6adf9794, L:/127.0.0.1:51702 - R:localhost/127.0.0.1:8083] onStateChange(GET{uri=/userLocation?userId=b2276fdc-0b32-4170-a590-9b88caff71b6, connection=PooledConnection{channel=[id: 0x6adf9794, L:/127.0.0.1:51702 - R:localhost/127.0.0.1:8083]}}, [disconnecting])
15:53:14.670 [reactor-http-nio-48] DEBUG reactor.netty.resources.PooledConnectionProvider - [id: 0x6adf9794, L:/127.0.0.1:51702 - R:localhost/127.0.0.1:8083] Releasing channel
15:53:14.670 [reactor-http-nio-48] DEBUG reactor.netty.resources.PooledConnectionProvider - [id: 0x6adf9794, L:/127.0.0.1:51702 - R:localhost/127.0.0.1:8083] Channel cleaned, now 262 active connections and 39 inactive connections
15:53:14.670 [reactor-http-nio-47] DEBUG reactor.netty.http.client.HttpClientOperations - [id: 0x5f2155e6, L:/127.0.0.1:51846 - R:localhost/127.0.0.1:8083] Received last HTTP packet
15:53:14.670 [reactor-http-nio-47] DEBUG org.springframework.core.codec.StringDecoder - [4cbacbb] Decoded "{"userId":"00dc9ee6-f632-4bb5-beec-72a91d131c93","location":{"longitude":-84.044465,"latitude":-55. (truncated)...
15:53:14.670 [reactor-http-nio-47] DEBUG reactor.netty.resources.PooledConnectionProvider - [id: 0x5f2155e6, L:/127.0.0.1:51846 - R:localhost/127.0.0.1:8083] onStateChange(GET{uri=/userLocation?userId=00dc9ee6-f632-4bb5-beec-72a91d131c93, connection=PooledConnection{channel=[id: 0x5f2155e6, L:/127.0.0.1:51846 - R:localhost/127.0.0.1:8083]}}, [disconnecting])
15:53:14.670 [reactor-http-nio-47] DEBUG reactor.netty.resources.PooledConnectionProvider - [id: 0x5f2155e6, L:/127.0.0.1:51846 - R:localhost/127.0.0.1:8083] Releasing channel
15:53:14.670 [reactor-http-nio-47] DEBUG reactor.netty.resources.PooledConnectionProvider - [id: 0x5f2155e6, L:/127.0.0.1:51846 - R:localhost/127.0.0.1:8083] Channel cleaned, now 261 active connections and 40 inactive connections
15:53:14.672 [reactor-http-nio-41] DEBUG reactor.netty.http.client.HttpClientOperations - [id: 0x58b3b7bf, L:/127.0.0.1:51717 - R:localhost/127.0.0.1:8083] Received response (auto-read:false) : [Content-Type=application/json, Transfer-Encoding=chunked, Date=Wed, 15 Jun 2022 14:53:14 GMT]
15:53:14.672 [reactor-http-nio-41] DEBUG reactor.netty.resources.PooledConnectionProvider - [id: 0x58b3b7bf, L:/127.0.0.1:51717 - R:localhost/127.0.0.1:8083] onStateChange(GET{uri=/userLocation?userId=e40c0878-9e0f-4ada-a1b9-24544a7752f1, connection=PooledConnection{channel=[id: 0x58b3b7bf, L:/127.0.0.1:51717 - R:localhost/127.0.0.1:8083]}}, [response_received])
15:53:14.672 [reactor-http-nio-41] DEBUG org.springframework.web.reactive.function.client.ExchangeFunctions - [5293806d] Response 200 OK
15:53:14.672 [reactor-http-nio-41] DEBUG reactor.netty.channel.FluxReceive - [id: 0x58b3b7bf, L:/127.0.0.1:51717 - R:localhost/127.0.0.1:8083] Subscribing inbound receiver [pending: 0, cancelled:false, inboundDone: false]
15:53:14.673 [reactor-http-nio-41] DEBUG reactor.netty.http.client.HttpClientOperations - [id: 0x58b3b7bf, L:/127.0.0.1:51717 - R:localhost/127.0.0.1:8083] Received last HTTP packet
15:53:14.673 [reactor-http-nio-41] DEBUG org.springframework.core.codec.StringDecoder - [5293806d] Decoded "{"userId":"e40c0878-9e0f-4ada-a1b9-24544a7752f1","location":{"longitude":178.789979,"latitude":-26. (truncated)...
15:53:14.673 [reactor-http-nio-41] DEBUG reactor.netty.resources.PooledConnectionProvider - [id: 0x58b3b7bf, L:/127.0.0.1:51717 - R:localhost/127.0.0.1:8083] onStateChange(GET{uri=/userLocation?userId=e40c0878-9e0f-4ada-a1b9-24544a7752f1, connection=PooledConnection{channel=[id: 0x58b3b7bf, L:/127.0.0.1:51717 - R:localhost/127.0.0.1:8083]}}, [disconnecting])
15:53:14.673 [reactor-http-nio-41] DEBUG reactor.netty.resources.PooledConnectionProvider - [id: 0x58b3b7bf, L:/127.0.0.1:51717 - R:localhost/127.0.0.1:8083] Releasing channel
15:53:14.673 [reactor-http-nio-41] DEBUG reactor.netty.resources.PooledConnectionProvider - [id: 0x58b3b7bf, L:/127.0.0.1:51717 - R:localhost/127.0.0.1:8083] Channel cleaned, now 260 active connections and 41 inactive connections
15:53:14.680 [reactor-http-nio-41] DEBUG reactor.netty.http.client.HttpClientOperations - [id: 0x1649a857, L:/127.0.0.1:51794 - R:localhost/127.0.0.1:8083] Received response (auto-read:false) : [Content-Type=application/json, Transfer-Encoding=chunked, Date=Wed, 15 Jun 2022 14:53:14 GMT]
15:53:14.680 [reactor-http-nio-41] DEBUG reactor.netty.resources.PooledConnectionProvider - [id: 0x1649a857, L:/127.0.0.1:51794 - R:localhost/127.0.0.1:8083] onStateChange(GET{uri=/userLocation?userId=91bd1919-8565-44b1-9b6f-77a7a44f7646, connection=PooledConnection{channel=[id: 0x1649a857, L:/127.0.0.1:51794 - R:localhost/127.0.0.1:8083]}}, [response_received])
15:53:14.680 [reactor-http-nio-41] DEBUG org.springframework.web.reactive.function.client.ExchangeFunctions - [3bbdf36e] Response 200 OK
15:53:14.681 [reactor-http-nio-41] DEBUG reactor.netty.channel.FluxReceive - [id: 0x1649a857, L:/127.0.0.1:51794 - R:localhost/127.0.0.1:8083] Subscribing inbound receiver [pending: 0, cancelled:false, inboundDone: false]
15:53:14.682 [reactor-http-nio-41] DEBUG reactor.netty.http.client.HttpClientOperations - [id: 0x1649a857, L:/127.0.0.1:51794 - R:localhost/127.0.0.1:8083] Received last HTTP packet
15:53:14.682 [reactor-http-nio-41] DEBUG org.springframework.core.codec.StringDecoder - [3bbdf36e] Decoded "{"userId":"91bd1919-8565-44b1-9b6f-77a7a44f7646","location":{"longitude":-109.781017,"latitude":-20 (truncated)...
15:53:14.682 [reactor-http-nio-41] DEBUG reactor.netty.resources.PooledConnectionProvider - [id: 0x1649a857, L:/127.0.0.1:51794 - R:localhost/127.0.0.1:8083] onStateChange(GET{uri=/userLocation?userId=91bd1919-8565-44b1-9b6f-77a7a44f7646, connection=PooledConnection{channel=[id: 0x1649a857, L:/127.0.0.1:51794 - R:localhost/127.0.0.1:8083]}}, [disconnecting])
15:53:14.682 [reactor-http-nio-41] DEBUG reactor.netty.resources.PooledConnectionProvider - [id: 0x1649a857, L:/127.0.0.1:51794 - R:localhost/127.0.0.1:8083] Releasing channel
15:53:14.682 [reactor-http-nio-41] DEBUG reactor.netty.resources.PooledConnectionProvider - [id: 0x1649a857, L:/127.0.0.1:51794 - R:localhost/127.0.0.1:8083] Channel cleaned, now 259 active connections and 42 inactive connections
15:53:14.683 [reactor-http-nio-41] DEBUG reactor.netty.http.client.HttpClientOperations - [id: 0x38682cba, L:/127.0.0.1:51715 - R:localhost/127.0.0.1:8083] Received response (auto-read:false) : [Content-Type=application/json, Transfer-Encoding=chunked, Date=Wed, 15 Jun 2022 14:53:14 GMT]
15:53:14.683 [reactor-http-nio-41] DEBUG reactor.netty.resources.PooledConnectionProvider - [id: 0x38682cba, L:/127.0.0.1:51715 - R:localhost/127.0.0.1:8083] onStateChange(GET{uri=/userLocation?userId=ed6cab4e-0794-455a-95ac-a5d0b5e1c510, connection=PooledConnection{channel=[id: 0x38682cba, L:/127.0.0.1:51715 - R:localhost/127.0.0.1:8083]}}, [response_received])
15:53:14.683 [reactor-http-nio-41] DEBUG org.springframework.web.reactive.function.client.ExchangeFunctions - [1231ace2] Response 200 OK
15:53:14.684 [reactor-http-nio-41] DEBUG reactor.netty.channel.FluxReceive - [id: 0x38682cba, L:/127.0.0.1:51715 - R:localhost/127.0.0.1:8083] Subscribing inbound receiver [pending: 0, cancelled:false, inboundDone: false]
15:53:14.684 [reactor-http-nio-41] DEBUG reactor.netty.http.client.HttpClientOperations - [id: 0x38682cba, L:/127.0.0.1:51715 - R:localhost/127.0.0.1:8083] Received last HTTP packet
15:53:14.684 [reactor-http-nio-41] DEBUG org.springframework.core.codec.StringDecoder - [1231ace2] Decoded "{"userId":"ed6cab4e-0794-455a-95ac-a5d0b5e1c510","location":{"longitude":-44.08887,"latitude":-10.5 (truncated)...
15:53:14.684 [reactor-http-nio-41] DEBUG reactor.netty.resources.PooledConnectionProvider - [id: 0x38682cba, L:/127.0.0.1:51715 - R:localhost/127.0.0.1:8083] onStateChange(GET{uri=/userLocation?userId=ed6cab4e-0794-455a-95ac-a5d0b5e1c510, connection=PooledConnection{channel=[id: 0x38682cba, L:/127.0.0.1:51715 - R:localhost/127.0.0.1:8083]}}, [disconnecting])
15:53:14.684 [reactor-http-nio-41] DEBUG reactor.netty.resources.PooledConnectionProvider - [id: 0x38682cba, L:/127.0.0.1:51715 - R:localhost/127.0.0.1:8083] Releasing channel
15:53:14.684 [reactor-http-nio-41] DEBUG reactor.netty.resources.PooledConnectionProvider - [id: 0x38682cba, L:/127.0.0.1:51715 - R:localhost/127.0.0.1:8083] Channel cleaned, now 258 active connections and 43 inactive connections
15:53:14.685 [reactor-http-nio-41] DEBUG reactor.netty.http.client.HttpClientOperations - [id: 0x22744470, L:/127.0.0.1:51785 - R:localhost/127.0.0.1:8083] Received response (auto-read:false) : [Content-Type=application/json, Transfer-Encoding=chunked, Date=Wed, 15 Jun 2022 14:53:14 GMT]
15:53:14.685 [reactor-http-nio-41] DEBUG reactor.netty.resources.PooledConnectionProvider - [id: 0x22744470, L:/127.0.0.1:51785 - R:localhost/127.0.0.1:8083] onStateChange(GET{uri=/userLocation?userId=fe67373d-7a3d-44dc-9cb4-d00e0b09cf29, connection=PooledConnection{channel=[id: 0x22744470, L:/127.0.0.1:51785 - R:localhost/127.0.0.1:8083]}}, [response_received])
15:53:14.685 [reactor-http-nio-41] DEBUG org.springframework.web.reactive.function.client.ExchangeFunctions - [5216285b] Response 200 OK
15:53:14.686 [reactor-http-nio-41] DEBUG reactor.netty.channel.FluxReceive - [id: 0x22744470, L:/127.0.0.1:51785 - R:localhost/127.0.0.1:8083] Subscribing inbound receiver [pending: 0, cancelled:false, inboundDone: false]
15:53:14.686 [reactor-http-nio-41] DEBUG reactor.netty.http.client.HttpClientOperations - [id: 0x22744470, L:/127.0.0.1:51785 - R:localhost/127.0.0.1:8083] Received last HTTP packet
15:53:14.686 [reactor-http-nio-41] DEBUG org.springframework.core.codec.StringDecoder - [5216285b] Decoded "{"userId":"fe67373d-7a3d-44dc-9cb4-d00e0b09cf29","location":{"longitude":-31.706654,"latitude":-16. (truncated)...
15:53:14.686 [reactor-http-nio-41] DEBUG reactor.netty.resources.PooledConnectionProvider - [id: 0x22744470, L:/127.0.0.1:51785 - R:localhost/127.0.0.1:8083] onStateChange(GET{uri=/userLocation?userId=fe67373d-7a3d-44dc-9cb4-d00e0b09cf29, connection=PooledConnection{channel=[id: 0x22744470, L:/127.0.0.1:51785 - R:localhost/127.0.0.1:8083]}}, [disconnecting])
15:53:14.686 [reactor-http-nio-41] DEBUG reactor.netty.resources.PooledConnectionProvider - [id: 0x22744470, L:/127.0.0.1:51785 - R:localhost/127.0.0.1:8083] Releasing channel
15:53:14.686 [reactor-http-nio-41] DEBUG reactor.netty.resources.PooledConnectionProvider - [id: 0x22744470, L:/127.0.0.1:51785 - R:localhost/127.0.0.1:8083] Channel cleaned, now 257 active connections and 44 inactive connections
15:53:14.688 [reactor-http-nio-47] DEBUG reactor.netty.http.client.HttpClientOperations - [id: 0xf1ad37c6, L:/127.0.0.1:51687 - R:localhost/127.0.0.1:8083] Received response (auto-read:false) : [Content-Type=application/json, Transfer-Encoding=chunked, Date=Wed, 15 Jun 2022 14:53:14 GMT]
15:53:14.688 [reactor-http-nio-47] DEBUG reactor.netty.resources.PooledConnectionProvider - [id: 0xf1ad37c6, L:/127.0.0.1:51687 - R:localhost/127.0.0.1:8083] onStateChange(GET{uri=/userLocation?userId=c4babeef-acee-476b-924f-cddcc4b3dad3, connection=PooledConnection{channel=[id: 0xf1ad37c6, L:/127.0.0.1:51687 - R:localhost/127.0.0.1:8083]}}, [response_received])
15:53:14.688 [reactor-http-nio-47] DEBUG org.springframework.web.reactive.function.client.ExchangeFunctions - [63ea2302] Response 200 OK
15:53:14.688 [reactor-http-nio-46] DEBUG reactor.netty.http.client.HttpClientOperations - [id: 0x57e92495, L:/127.0.0.1:51779 - R:localhost/127.0.0.1:8083] Received response (auto-read:false) : [Content-Type=application/json, Transfer-Encoding=chunked, Date=Wed, 15 Jun 2022 14:53:14 GMT]
15:53:14.688 [reactor-http-nio-46] DEBUG reactor.netty.resources.PooledConnectionProvider - [id: 0x57e92495, L:/127.0.0.1:51779 - R:localhost/127.0.0.1:8083] onStateChange(GET{uri=/userLocation?userId=1371cda1-925f-4032-8eb9-794b0c916fda, connection=PooledConnection{channel=[id: 0x57e92495, L:/127.0.0.1:51779 - R:localhost/127.0.0.1:8083]}}, [response_received])
15:53:14.688 [reactor-http-nio-46] DEBUG org.springframework.web.reactive.function.client.ExchangeFunctions - [308d9ba0] Response 200 OK
15:53:14.688 [reactor-http-nio-47] DEBUG reactor.netty.channel.FluxReceive - [id: 0xf1ad37c6, L:/127.0.0.1:51687 - R:localhost/127.0.0.1:8083] Subscribing inbound receiver [pending: 0, cancelled:false, inboundDone: false]
15:53:14.688 [reactor-http-nio-47] DEBUG reactor.netty.http.client.HttpClientOperations - [id: 0xf1ad37c6, L:/127.0.0.1:51687 - R:localhost/127.0.0.1:8083] Received last HTTP packet
15:53:14.689 [reactor-http-nio-46] DEBUG reactor.netty.channel.FluxReceive - [id: 0x57e92495, L:/127.0.0.1:51779 - R:localhost/127.0.0.1:8083] Subscribing inbound receiver [pending: 0, cancelled:false, inboundDone: false]
15:53:14.689 [reactor-http-nio-47] DEBUG org.springframework.core.codec.StringDecoder - [63ea2302] Decoded "{"userId":"c4babeef-acee-476b-924f-cddcc4b3dad3","location":{"longitude":132.315179,"latitude":-12. (truncated)...
15:53:14.689 [reactor-http-nio-47] DEBUG reactor.netty.resources.PooledConnectionProvider - [id: 0xf1ad37c6, L:/127.0.0.1:51687 - R:localhost/127.0.0.1:8083] onStateChange(GET{uri=/userLocation?userId=c4babeef-acee-476b-924f-cddcc4b3dad3, connection=PooledConnection{channel=[id: 0xf1ad37c6, L:/127.0.0.1:51687 - R:localhost/127.0.0.1:8083]}}, [disconnecting])
15:53:14.689 [reactor-http-nio-47] DEBUG reactor.netty.resources.PooledConnectionProvider - [id: 0xf1ad37c6, L:/127.0.0.1:51687 - R:localhost/127.0.0.1:8083] Releasing channel
15:53:14.689 [reactor-http-nio-47] DEBUG reactor.netty.resources.PooledConnectionProvider - [id: 0xf1ad37c6, L:/127.0.0.1:51687 - R:localhost/127.0.0.1:8083] Channel cleaned, now 256 active connections and 45 inactive connections
15:53:14.689 [reactor-http-nio-46] DEBUG reactor.netty.http.client.HttpClientOperations - [id: 0x57e92495, L:/127.0.0.1:51779 - R:localhost/127.0.0.1:8083] Received last HTTP packet
15:53:14.689 [reactor-http-nio-46] DEBUG org.springframework.core.codec.StringDecoder - [308d9ba0] Decoded "{"userId":"1371cda1-925f-4032-8eb9-794b0c916fda","location":{"longitude":-175.728771,"latitude":-63 (truncated)...
15:53:14.689 [reactor-http-nio-46] DEBUG reactor.netty.resources.PooledConnectionProvider - [id: 0x57e92495, L:/127.0.0.1:51779 - R:localhost/127.0.0.1:8083] onStateChange(GET{uri=/userLocation?userId=1371cda1-925f-4032-8eb9-794b0c916fda, connection=PooledConnection{channel=[id: 0x57e92495, L:/127.0.0.1:51779 - R:localhost/127.0.0.1:8083]}}, [disconnecting])
15:53:14.689 [reactor-http-nio-46] DEBUG reactor.netty.resources.PooledConnectionProvider - [id: 0x57e92495, L:/127.0.0.1:51779 - R:localhost/127.0.0.1:8083] Releasing channel
15:53:14.689 [reactor-http-nio-46] DEBUG reactor.netty.resources.PooledConnectionProvider - [id: 0x57e92495, L:/127.0.0.1:51779 - R:localhost/127.0.0.1:8083] Channel cleaned, now 255 active connections and 46 inactive connections
15:53:14.690 [reactor-http-nio-46] DEBUG reactor.netty.http.client.HttpClientOperations - [id: 0xe441070c, L:/127.0.0.1:51808 - R:localhost/127.0.0.1:8083] Received response (auto-read:false) : [Content-Type=application/json, Transfer-Encoding=chunked, Date=Wed, 15 Jun 2022 14:53:14 GMT]
15:53:14.690 [reactor-http-nio-46] DEBUG reactor.netty.resources.PooledConnectionProvider - [id: 0xe441070c, L:/127.0.0.1:51808 - R:localhost/127.0.0.1:8083] onStateChange(GET{uri=/userLocation?userId=8492c52b-b7d3-4bfb-93e5-296375e4cab8, connection=PooledConnection{channel=[id: 0xe441070c, L:/127.0.0.1:51808 - R:localhost/127.0.0.1:8083]}}, [response_received])
15:53:14.690 [reactor-http-nio-46] DEBUG org.springframework.web.reactive.function.client.ExchangeFunctions - [5210827e] Response 200 OK
15:53:14.691 [reactor-http-nio-41] DEBUG reactor.netty.http.client.HttpClientOperations - [id: 0xd240e1c5, L:/127.0.0.1:51773 - R:localhost/127.0.0.1:8083] Received response (auto-read:false) : [Content-Type=application/json, Transfer-Encoding=chunked, Date=Wed, 15 Jun 2022 14:53:14 GMT]
15:53:14.691 [reactor-http-nio-41] DEBUG reactor.netty.resources.PooledConnectionProvider - [id: 0xd240e1c5, L:/127.0.0.1:51773 - R:localhost/127.0.0.1:8083] onStateChange(GET{uri=/userLocation?userId=647c62c0-3290-4677-a999-616603e75d37, connection=PooledConnection{channel=[id: 0xd240e1c5, L:/127.0.0.1:51773 - R:localhost/127.0.0.1:8083]}}, [response_received])
15:53:14.691 [reactor-http-nio-46] DEBUG reactor.netty.channel.FluxReceive - [id: 0xe441070c, L:/127.0.0.1:51808 - R:localhost/127.0.0.1:8083] Subscribing inbound receiver [pending: 0, cancelled:false, inboundDone: false]
15:53:14.691 [reactor-http-nio-41] DEBUG org.springframework.web.reactive.function.client.ExchangeFunctions - [4e4cc2b8] Response 200 OK
15:53:14.691 [reactor-http-nio-46] DEBUG reactor.netty.http.client.HttpClientOperations - [id: 0xe441070c, L:/127.0.0.1:51808 - R:localhost/127.0.0.1:8083] Received last HTTP packet
15:53:14.691 [reactor-http-nio-41] DEBUG reactor.netty.channel.FluxReceive - [id: 0xd240e1c5, L:/127.0.0.1:51773 - R:localhost/127.0.0.1:8083] Subscribing inbound receiver [pending: 0, cancelled:false, inboundDone: false]
15:53:14.692 [reactor-http-nio-46] DEBUG org.springframework.core.codec.StringDecoder - [5210827e] Decoded "{"userId":"8492c52b-b7d3-4bfb-93e5-296375e4cab8","location":{"longitude":-11.017515,"latitude":-32. (truncated)...
15:53:14.692 [reactor-http-nio-46] DEBUG reactor.netty.resources.PooledConnectionProvider - [id: 0xe441070c, L:/127.0.0.1:51808 - R:localhost/127.0.0.1:8083] onStateChange(GET{uri=/userLocation?userId=8492c52b-b7d3-4bfb-93e5-296375e4cab8, connection=PooledConnection{channel=[id: 0xe441070c, L:/127.0.0.1:51808 - R:localhost/127.0.0.1:8083]}}, [disconnecting])
15:53:14.692 [reactor-http-nio-46] DEBUG reactor.netty.resources.PooledConnectionProvider - [id: 0xe441070c, L:/127.0.0.1:51808 - R:localhost/127.0.0.1:8083] Releasing channel
15:53:14.692 [reactor-http-nio-41] DEBUG reactor.netty.http.client.HttpClientOperations - [id: 0xd240e1c5, L:/127.0.0.1:51773 - R:localhost/127.0.0.1:8083] Received last HTTP packet
15:53:14.692 [reactor-http-nio-46] DEBUG reactor.netty.resources.PooledConnectionProvider - [id: 0xe441070c, L:/127.0.0.1:51808 - R:localhost/127.0.0.1:8083] Channel cleaned, now 254 active connections and 47 inactive connections
15:53:14.692 [reactor-http-nio-41] DEBUG org.springframework.core.codec.StringDecoder - [4e4cc2b8] Decoded "{"userId":"647c62c0-3290-4677-a999-616603e75d37","location":{"longitude":50.554578,"latitude":60.58 (truncated)...
15:53:14.692 [reactor-http-nio-41] DEBUG reactor.netty.resources.PooledConnectionProvider - [id: 0xd240e1c5, L:/127.0.0.1:51773 - R:localhost/127.0.0.1:8083] onStateChange(GET{uri=/userLocation?userId=647c62c0-3290-4677-a999-616603e75d37, connection=PooledConnection{channel=[id: 0xd240e1c5, L:/127.0.0.1:51773 - R:localhost/127.0.0.1:8083]}}, [disconnecting])
15:53:14.692 [reactor-http-nio-41] DEBUG reactor.netty.resources.PooledConnectionProvider - [id: 0xd240e1c5, L:/127.0.0.1:51773 - R:localhost/127.0.0.1:8083] Releasing channel
15:53:14.692 [reactor-http-nio-41] DEBUG reactor.netty.resources.PooledConnectionProvider - [id: 0xd240e1c5, L:/127.0.0.1:51773 - R:localhost/127.0.0.1:8083] Channel cleaned, now 253 active connections and 48 inactive connections
15:53:14.692 [reactor-http-nio-46] DEBUG reactor.netty.http.client.HttpClientOperations - [id: 0x4be48215, L:/127.0.0.1:51749 - R:localhost/127.0.0.1:8083] Received response (auto-read:false) : [Content-Type=application/json, Transfer-Encoding=chunked, Date=Wed, 15 Jun 2022 14:53:14 GMT]
15:53:14.692 [reactor-http-nio-46] DEBUG reactor.netty.resources.PooledConnectionProvider - [id: 0x4be48215, L:/127.0.0.1:51749 - R:localhost/127.0.0.1:8083] onStateChange(GET{uri=/userLocation?userId=de30c4f9-0c2e-4313-b1ec-d154aafc174c, connection=PooledConnection{channel=[id: 0x4be48215, L:/127.0.0.1:51749 - R:localhost/127.0.0.1:8083]}}, [response_received])
15:53:14.692 [reactor-http-nio-46] DEBUG org.springframework.web.reactive.function.client.ExchangeFunctions - [559dffad] Response 200 OK
15:53:14.693 [reactor-http-nio-46] DEBUG reactor.netty.channel.FluxReceive - [id: 0x4be48215, L:/127.0.0.1:51749 - R:localhost/127.0.0.1:8083] Subscribing inbound receiver [pending: 0, cancelled:false, inboundDone: false]
15:53:14.693 [reactor-http-nio-46] DEBUG reactor.netty.http.client.HttpClientOperations - [id: 0x4be48215, L:/127.0.0.1:51749 - R:localhost/127.0.0.1:8083] Received last HTTP packet
15:53:14.693 [reactor-http-nio-46] DEBUG org.springframework.core.codec.StringDecoder - [559dffad] Decoded "{"userId":"de30c4f9-0c2e-4313-b1ec-d154aafc174c","location":{"longitude":-33.839247,"latitude":-37. (truncated)...
15:53:14.693 [reactor-http-nio-46] DEBUG reactor.netty.resources.PooledConnectionProvider - [id: 0x4be48215, L:/127.0.0.1:51749 - R:localhost/127.0.0.1:8083] onStateChange(GET{uri=/userLocation?userId=de30c4f9-0c2e-4313-b1ec-d154aafc174c, connection=PooledConnection{channel=[id: 0x4be48215, L:/127.0.0.1:51749 - R:localhost/127.0.0.1:8083]}}, [disconnecting])
15:53:14.693 [reactor-http-nio-46] DEBUG reactor.netty.resources.PooledConnectionProvider - [id: 0x4be48215, L:/127.0.0.1:51749 - R:localhost/127.0.0.1:8083] Releasing channel
15:53:14.693 [reactor-http-nio-46] DEBUG reactor.netty.resources.PooledConnectionProvider - [id: 0x4be48215, L:/127.0.0.1:51749 - R:localhost/127.0.0.1:8083] Channel cleaned, now 252 active connections and 49 inactive connections
15:53:14.694 [reactor-http-nio-46] DEBUG reactor.netty.http.client.HttpClientOperations - [id: 0xd8e5c342, L:/127.0.0.1:51820 - R:localhost/127.0.0.1:8083] Received response (auto-read:false) : [Content-Type=application/json, Transfer-Encoding=chunked, Date=Wed, 15 Jun 2022 14:53:14 GMT]
15:53:14.694 [reactor-http-nio-46] DEBUG reactor.netty.resources.PooledConnectionProvider - [id: 0xd8e5c342, L:/127.0.0.1:51820 - R:localhost/127.0.0.1:8083] onStateChange(GET{uri=/userLocation?userId=f90542d1-92dd-4a05-aa1f-366fea9313e4, connection=PooledConnection{channel=[id: 0xd8e5c342, L:/127.0.0.1:51820 - R:localhost/127.0.0.1:8083]}}, [response_received])
15:53:14.694 [reactor-http-nio-46] DEBUG org.springframework.web.reactive.function.client.ExchangeFunctions - [10264f30] Response 200 OK
15:53:14.695 [reactor-http-nio-46] DEBUG reactor.netty.channel.FluxReceive - [id: 0xd8e5c342, L:/127.0.0.1:51820 - R:localhost/127.0.0.1:8083] Subscribing inbound receiver [pending: 0, cancelled:false, inboundDone: false]
15:53:14.695 [reactor-http-nio-46] DEBUG reactor.netty.http.client.HttpClientOperations - [id: 0xd8e5c342, L:/127.0.0.1:51820 - R:localhost/127.0.0.1:8083] Received last HTTP packet
15:53:14.695 [reactor-http-nio-46] DEBUG org.springframework.core.codec.StringDecoder - [10264f30] Decoded "{"userId":"f90542d1-92dd-4a05-aa1f-366fea9313e4","location":{"longitude":177.965992,"latitude":78.5 (truncated)...
15:53:14.695 [reactor-http-nio-46] DEBUG reactor.netty.resources.PooledConnectionProvider - [id: 0xd8e5c342, L:/127.0.0.1:51820 - R:localhost/127.0.0.1:8083] onStateChange(GET{uri=/userLocation?userId=f90542d1-92dd-4a05-aa1f-366fea9313e4, connection=PooledConnection{channel=[id: 0xd8e5c342, L:/127.0.0.1:51820 - R:localhost/127.0.0.1:8083]}}, [disconnecting])
15:53:14.695 [reactor-http-nio-46] DEBUG reactor.netty.resources.PooledConnectionProvider - [id: 0xd8e5c342, L:/127.0.0.1:51820 - R:localhost/127.0.0.1:8083] Releasing channel
15:53:14.695 [reactor-http-nio-46] DEBUG reactor.netty.resources.PooledConnectionProvider - [id: 0xd8e5c342, L:/127.0.0.1:51820 - R:localhost/127.0.0.1:8083] Channel cleaned, now 251 active connections and 50 inactive connections
15:53:14.700 [reactor-http-nio-41] DEBUG reactor.netty.http.client.HttpClientOperations - [id: 0x4d5a5786, L:/127.0.0.1:51790 - R:localhost/127.0.0.1:8083] Received response (auto-read:false) : [Content-Type=application/json, Transfer-Encoding=chunked, Date=Wed, 15 Jun 2022 14:53:14 GMT]
15:53:14.700 [reactor-http-nio-41] DEBUG reactor.netty.resources.PooledConnectionProvider - [id: 0x4d5a5786, L:/127.0.0.1:51790 - R:localhost/127.0.0.1:8083] onStateChange(GET{uri=/userLocation?userId=bf2bd711-88de-40fc-afaa-fcbbc0855fff, connection=PooledConnection{channel=[id: 0x4d5a5786, L:/127.0.0.1:51790 - R:localhost/127.0.0.1:8083]}}, [response_received])
15:53:14.700 [reactor-http-nio-41] DEBUG org.springframework.web.reactive.function.client.ExchangeFunctions - [3b612a17] Response 200 OK
15:53:14.701 [reactor-http-nio-41] DEBUG reactor.netty.channel.FluxReceive - [id: 0x4d5a5786, L:/127.0.0.1:51790 - R:localhost/127.0.0.1:8083] Subscribing inbound receiver [pending: 0, cancelled:false, inboundDone: false]
15:53:14.703 [reactor-http-nio-46] DEBUG reactor.netty.http.client.HttpClientOperations - [id: 0x6dee6723, L:/127.0.0.1:51807 - R:localhost/127.0.0.1:8083] Received response (auto-read:false) : [Content-Type=application/json, Transfer-Encoding=chunked, Date=Wed, 15 Jun 2022 14:53:14 GMT]
15:53:14.703 [reactor-http-nio-46] DEBUG reactor.netty.resources.PooledConnectionProvider - [id: 0x6dee6723, L:/127.0.0.1:51807 - R:localhost/127.0.0.1:8083] onStateChange(GET{uri=/userLocation?userId=653710d7-d742-4648-8e9d-0ffc7f849f40, connection=PooledConnection{channel=[id: 0x6dee6723, L:/127.0.0.1:51807 - R:localhost/127.0.0.1:8083]}}, [response_received])
15:53:14.703 [reactor-http-nio-46] DEBUG org.springframework.web.reactive.function.client.ExchangeFunctions - [23052940] Response 200 OK
15:53:14.703 [reactor-http-nio-46] DEBUG reactor.netty.channel.FluxReceive - [id: 0x6dee6723, L:/127.0.0.1:51807 - R:localhost/127.0.0.1:8083] Subscribing inbound receiver [pending: 0, cancelled:false, inboundDone: false]
15:53:14.704 [reactor-http-nio-46] DEBUG reactor.netty.http.client.HttpClientOperations - [id: 0x6dee6723, L:/127.0.0.1:51807 - R:localhost/127.0.0.1:8083] Received last HTTP packet
15:53:14.704 [reactor-http-nio-46] DEBUG org.springframework.core.codec.StringDecoder - [23052940] Decoded "{"userId":"653710d7-d742-4648-8e9d-0ffc7f849f40","location":{"longitude":-9.18415,"latitude":58.442 (truncated)...
15:53:14.704 [reactor-http-nio-46] DEBUG reactor.netty.resources.PooledConnectionProvider - [id: 0x6dee6723, L:/127.0.0.1:51807 - R:localhost/127.0.0.1:8083] onStateChange(GET{uri=/userLocation?userId=653710d7-d742-4648-8e9d-0ffc7f849f40, connection=PooledConnection{channel=[id: 0x6dee6723, L:/127.0.0.1:51807 - R:localhost/127.0.0.1:8083]}}, [disconnecting])
15:53:14.704 [reactor-http-nio-46] DEBUG reactor.netty.resources.PooledConnectionProvider - [id: 0x6dee6723, L:/127.0.0.1:51807 - R:localhost/127.0.0.1:8083] Releasing channel
15:53:14.704 [reactor-http-nio-46] DEBUG reactor.netty.resources.PooledConnectionProvider - [id: 0x6dee6723, L:/127.0.0.1:51807 - R:localhost/127.0.0.1:8083] Channel cleaned, now 250 active connections and 51 inactive connections
15:53:14.704 [reactor-http-nio-46] DEBUG reactor.netty.http.client.HttpClientOperations - [id: 0xd99a3f51, L:/127.0.0.1:51806 - R:localhost/127.0.0.1:8083] Received response (auto-read:false) : [Content-Type=application/json, Transfer-Encoding=chunked, Date=Wed, 15 Jun 2022 14:53:14 GMT]
15:53:14.705 [reactor-http-nio-46] DEBUG reactor.netty.resources.PooledConnectionProvider - [id: 0xd99a3f51, L:/127.0.0.1:51806 - R:localhost/127.0.0.1:8083] onStateChange(GET{uri=/userLocation?userId=44964884-6c5c-46dc-a68c-8d9060b2c6e7, connection=PooledConnection{channel=[id: 0xd99a3f51, L:/127.0.0.1:51806 - R:localhost/127.0.0.1:8083]}}, [response_received])
15:53:14.705 [reactor-http-nio-46] DEBUG org.springframework.web.reactive.function.client.ExchangeFunctions - [35257add] Response 200 OK
15:53:14.705 [reactor-http-nio-46] DEBUG reactor.netty.channel.FluxReceive - [id: 0xd99a3f51, L:/127.0.0.1:51806 - R:localhost/127.0.0.1:8083] Subscribing inbound receiver [pending: 0, cancelled:false, inboundDone: false]
15:53:14.705 [reactor-http-nio-46] DEBUG reactor.netty.http.client.HttpClientOperations - [id: 0xd99a3f51, L:/127.0.0.1:51806 - R:localhost/127.0.0.1:8083] Received last HTTP packet
15:53:14.706 [reactor-http-nio-46] DEBUG org.springframework.core.codec.StringDecoder - [35257add] Decoded "{"userId":"44964884-6c5c-46dc-a68c-8d9060b2c6e7","location":{"longitude":169.418306,"latitude":-72. (truncated)...
15:53:14.706 [reactor-http-nio-46] DEBUG reactor.netty.resources.PooledConnectionProvider - [id: 0xd99a3f51, L:/127.0.0.1:51806 - R:localhost/127.0.0.1:8083] onStateChange(GET{uri=/userLocation?userId=44964884-6c5c-46dc-a68c-8d9060b2c6e7, connection=PooledConnection{channel=[id: 0xd99a3f51, L:/127.0.0.1:51806 - R:localhost/127.0.0.1:8083]}}, [disconnecting])
15:53:14.706 [reactor-http-nio-46] DEBUG reactor.netty.resources.PooledConnectionProvider - [id: 0xd99a3f51, L:/127.0.0.1:51806 - R:localhost/127.0.0.1:8083] Releasing channel
15:53:14.706 [reactor-http-nio-46] DEBUG reactor.netty.resources.PooledConnectionProvider - [id: 0xd99a3f51, L:/127.0.0.1:51806 - R:localhost/127.0.0.1:8083] Channel cleaned, now 249 active connections and 52 inactive connections
15:53:14.709 [reactor-http-nio-47] DEBUG reactor.netty.http.client.HttpClientOperations - [id: 0x26a43d3a, L:/127.0.0.1:51840 - R:localhost/127.0.0.1:8083] Received response (auto-read:false) : [Content-Type=application/json, Transfer-Encoding=chunked, Date=Wed, 15 Jun 2022 14:53:14 GMT]
15:53:14.709 [reactor-http-nio-47] DEBUG reactor.netty.resources.PooledConnectionProvider - [id: 0x26a43d3a, L:/127.0.0.1:51840 - R:localhost/127.0.0.1:8083] onStateChange(GET{uri=/userLocation?userId=9ae6a340-96bd-49bd-aca7-b0c3409d2cb9, connection=PooledConnection{channel=[id: 0x26a43d3a, L:/127.0.0.1:51840 - R:localhost/127.0.0.1:8083]}}, [response_received])
15:53:14.709 [reactor-http-nio-47] DEBUG org.springframework.web.reactive.function.client.ExchangeFunctions - [749859d] Response 200 OK
15:53:14.709 [reactor-http-nio-47] DEBUG reactor.netty.channel.FluxReceive - [id: 0x26a43d3a, L:/127.0.0.1:51840 - R:localhost/127.0.0.1:8083] Subscribing inbound receiver [pending: 0, cancelled:false, inboundDone: false]
15:53:14.710 [reactor-http-nio-47] DEBUG reactor.netty.http.client.HttpClientOperations - [id: 0x26a43d3a, L:/127.0.0.1:51840 - R:localhost/127.0.0.1:8083] Received last HTTP packet
15:53:14.710 [reactor-http-nio-47] DEBUG org.springframework.core.codec.StringDecoder - [749859d] Decoded "{"userId":"9ae6a340-96bd-49bd-aca7-b0c3409d2cb9","location":{"longitude":-138.678892,"latitude":83. (truncated)...
15:53:14.710 [reactor-http-nio-47] DEBUG reactor.netty.resources.PooledConnectionProvider - [id: 0x26a43d3a, L:/127.0.0.1:51840 - R:localhost/127.0.0.1:8083] onStateChange(GET{uri=/userLocation?userId=9ae6a340-96bd-49bd-aca7-b0c3409d2cb9, connection=PooledConnection{channel=[id: 0x26a43d3a, L:/127.0.0.1:51840 - R:localhost/127.0.0.1:8083]}}, [disconnecting])
15:53:14.710 [reactor-http-nio-47] DEBUG reactor.netty.resources.PooledConnectionProvider - [id: 0x26a43d3a, L:/127.0.0.1:51840 - R:localhost/127.0.0.1:8083] Releasing channel
15:53:14.710 [reactor-http-nio-47] DEBUG reactor.netty.resources.PooledConnectionProvider - [id: 0x26a43d3a, L:/127.0.0.1:51840 - R:localhost/127.0.0.1:8083] Channel cleaned, now 248 active connections and 53 inactive connections
15:53:14.713 [reactor-http-nio-46] DEBUG reactor.netty.http.client.HttpClientOperations - [id: 0x8e4bf8f0, L:/127.0.0.1:51754 - R:localhost/127.0.0.1:8083] Received response (auto-read:false) : [Content-Type=application/json, Transfer-Encoding=chunked, Date=Wed, 15 Jun 2022 14:53:14 GMT]
15:53:14.713 [reactor-http-nio-46] DEBUG reactor.netty.resources.PooledConnectionProvider - [id: 0x8e4bf8f0, L:/127.0.0.1:51754 - R:localhost/127.0.0.1:8083] onStateChange(GET{uri=/userLocation?userId=c586d8d7-deed-4ba5-9eae-adc9f7c52195, connection=PooledConnection{channel=[id: 0x8e4bf8f0, L:/127.0.0.1:51754 - R:localhost/127.0.0.1:8083]}}, [response_received])
15:53:14.713 [reactor-http-nio-46] DEBUG org.springframework.web.reactive.function.client.ExchangeFunctions - [3b3cf837] Response 200 OK
15:53:14.713 [reactor-http-nio-46] DEBUG reactor.netty.channel.FluxReceive - [id: 0x8e4bf8f0, L:/127.0.0.1:51754 - R:localhost/127.0.0.1:8083] Subscribing inbound receiver [pending: 0, cancelled:false, inboundDone: false]
15:53:14.714 [reactor-http-nio-46] DEBUG reactor.netty.http.client.HttpClientOperations - [id: 0x8e4bf8f0, L:/127.0.0.1:51754 - R:localhost/127.0.0.1:8083] Received last HTTP packet
15:53:14.714 [reactor-http-nio-46] DEBUG org.springframework.core.codec.StringDecoder - [3b3cf837] Decoded "{"userId":"c586d8d7-deed-4ba5-9eae-adc9f7c52195","location":{"longitude":-53.708419,"latitude":-23. (truncated)...
15:53:14.714 [reactor-http-nio-46] DEBUG reactor.netty.resources.PooledConnectionProvider - [id: 0x8e4bf8f0, L:/127.0.0.1:51754 - R:localhost/127.0.0.1:8083] onStateChange(GET{uri=/userLocation?userId=c586d8d7-deed-4ba5-9eae-adc9f7c52195, connection=PooledConnection{channel=[id: 0x8e4bf8f0, L:/127.0.0.1:51754 - R:localhost/127.0.0.1:8083]}}, [disconnecting])
15:53:14.714 [reactor-http-nio-46] DEBUG reactor.netty.resources.PooledConnectionProvider - [id: 0x8e4bf8f0, L:/127.0.0.1:51754 - R:localhost/127.0.0.1:8083] Releasing channel
15:53:14.714 [reactor-http-nio-46] DEBUG reactor.netty.resources.PooledConnectionProvider - [id: 0x8e4bf8f0, L:/127.0.0.1:51754 - R:localhost/127.0.0.1:8083] Channel cleaned, now 247 active connections and 54 inactive connections
15:53:14.715 [reactor-http-nio-46] DEBUG reactor.netty.http.client.HttpClientOperations - [id: 0x72e5dab1, L:/127.0.0.1:51797 - R:localhost/127.0.0.1:8083] Received response (auto-read:false) : [Content-Type=application/json, Transfer-Encoding=chunked, Date=Wed, 15 Jun 2022 14:53:14 GMT]
15:53:14.715 [reactor-http-nio-46] DEBUG reactor.netty.resources.PooledConnectionProvider - [id: 0x72e5dab1, L:/127.0.0.1:51797 - R:localhost/127.0.0.1:8083] onStateChange(GET{uri=/userLocation?userId=a26189ba-ad29-4bc1-8cdd-69497deab952, connection=PooledConnection{channel=[id: 0x72e5dab1, L:/127.0.0.1:51797 - R:localhost/127.0.0.1:8083]}}, [response_received])
15:53:14.715 [reactor-http-nio-46] DEBUG org.springframework.web.reactive.function.client.ExchangeFunctions - [687eea8] Response 200 OK
15:53:14.715 [reactor-http-nio-46] DEBUG reactor.netty.channel.FluxReceive - [id: 0x72e5dab1, L:/127.0.0.1:51797 - R:localhost/127.0.0.1:8083] Subscribing inbound receiver [pending: 0, cancelled:false, inboundDone: false]
15:53:14.716 [reactor-http-nio-46] DEBUG reactor.netty.http.client.HttpClientOperations - [id: 0x72e5dab1, L:/127.0.0.1:51797 - R:localhost/127.0.0.1:8083] Received last HTTP packet
15:53:14.716 [reactor-http-nio-46] DEBUG org.springframework.core.codec.StringDecoder - [687eea8] Decoded "{"userId":"a26189ba-ad29-4bc1-8cdd-69497deab952","location":{"longitude":148.354831,"latitude":-79. (truncated)...
15:53:14.716 [reactor-http-nio-46] DEBUG reactor.netty.resources.PooledConnectionProvider - [id: 0x72e5dab1, L:/127.0.0.1:51797 - R:localhost/127.0.0.1:8083] onStateChange(GET{uri=/userLocation?userId=a26189ba-ad29-4bc1-8cdd-69497deab952, connection=PooledConnection{channel=[id: 0x72e5dab1, L:/127.0.0.1:51797 - R:localhost/127.0.0.1:8083]}}, [disconnecting])
15:53:14.716 [reactor-http-nio-46] DEBUG reactor.netty.resources.PooledConnectionProvider - [id: 0x72e5dab1, L:/127.0.0.1:51797 - R:localhost/127.0.0.1:8083] Releasing channel
15:53:14.716 [reactor-http-nio-46] DEBUG reactor.netty.resources.PooledConnectionProvider - [id: 0x72e5dab1, L:/127.0.0.1:51797 - R:localhost/127.0.0.1:8083] Channel cleaned, now 246 active connections and 55 inactive connections
15:53:14.718 [reactor-http-nio-41] DEBUG reactor.netty.http.client.HttpClientOperations - [id: 0xb1945a60, L:/127.0.0.1:51727 - R:localhost/127.0.0.1:8083] Received response (auto-read:false) : [Content-Type=application/json, Transfer-Encoding=chunked, Date=Wed, 15 Jun 2022 14:53:14 GMT]
15:53:14.718 [reactor-http-nio-41] DEBUG reactor.netty.resources.PooledConnectionProvider - [id: 0xb1945a60, L:/127.0.0.1:51727 - R:localhost/127.0.0.1:8083] onStateChange(GET{uri=/userLocation?userId=35cb77b3-8dbb-4dca-a662-dc46e8450beb, connection=PooledConnection{channel=[id: 0xb1945a60, L:/127.0.0.1:51727 - R:localhost/127.0.0.1:8083]}}, [response_received])
15:53:14.718 [reactor-http-nio-41] DEBUG org.springframework.web.reactive.function.client.ExchangeFunctions - [473305f8] Response 200 OK
15:53:14.718 [reactor-http-nio-41] DEBUG reactor.netty.channel.FluxReceive - [id: 0xb1945a60, L:/127.0.0.1:51727 - R:localhost/127.0.0.1:8083] Subscribing inbound receiver [pending: 0, cancelled:false, inboundDone: false]
15:53:14.719 [reactor-http-nio-41] DEBUG reactor.netty.http.client.HttpClientOperations - [id: 0xb1945a60, L:/127.0.0.1:51727 - R:localhost/127.0.0.1:8083] Received last HTTP packet
15:53:14.719 [reactor-http-nio-41] DEBUG org.springframework.core.codec.StringDecoder - [473305f8] Decoded "{"userId":"35cb77b3-8dbb-4dca-a662-dc46e8450beb","location":{"longitude":47.583719,"latitude":-1.54 (truncated)...
15:53:14.719 [reactor-http-nio-41] DEBUG reactor.netty.resources.PooledConnectionProvider - [id: 0xb1945a60, L:/127.0.0.1:51727 - R:localhost/127.0.0.1:8083] onStateChange(GET{uri=/userLocation?userId=35cb77b3-8dbb-4dca-a662-dc46e8450beb, connection=PooledConnection{channel=[id: 0xb1945a60, L:/127.0.0.1:51727 - R:localhost/127.0.0.1:8083]}}, [disconnecting])
15:53:14.719 [reactor-http-nio-41] DEBUG reactor.netty.resources.PooledConnectionProvider - [id: 0xb1945a60, L:/127.0.0.1:51727 - R:localhost/127.0.0.1:8083] Releasing channel
15:53:14.719 [reactor-http-nio-41] DEBUG reactor.netty.resources.PooledConnectionProvider - [id: 0xb1945a60, L:/127.0.0.1:51727 - R:localhost/127.0.0.1:8083] Channel cleaned, now 245 active connections and 56 inactive connections
15:53:14.721 [reactor-http-nio-41] DEBUG reactor.netty.http.client.HttpClientOperations - [id: 0xe848c2c1, L:/127.0.0.1:51736 - R:localhost/127.0.0.1:8083] Received response (auto-read:false) : [Content-Type=application/json, Transfer-Encoding=chunked, Date=Wed, 15 Jun 2022 14:53:14 GMT]
15:53:14.721 [reactor-http-nio-46] DEBUG reactor.netty.http.client.HttpClientOperations - [id: 0x66bc1825, L:/127.0.0.1:51780 - R:localhost/127.0.0.1:8083] Received response (auto-read:false) : [Content-Type=application/json, Transfer-Encoding=chunked, Date=Wed, 15 Jun 2022 14:53:14 GMT]
15:53:14.721 [reactor-http-nio-41] DEBUG reactor.netty.resources.PooledConnectionProvider - [id: 0xe848c2c1, L:/127.0.0.1:51736 - R:localhost/127.0.0.1:8083] onStateChange(GET{uri=/userLocation?userId=3e2c0ae5-b0d7-4b41-9397-d6d35e1e7618, connection=PooledConnection{channel=[id: 0xe848c2c1, L:/127.0.0.1:51736 - R:localhost/127.0.0.1:8083]}}, [response_received])
15:53:14.721 [reactor-http-nio-46] DEBUG reactor.netty.resources.PooledConnectionProvider - [id: 0x66bc1825, L:/127.0.0.1:51780 - R:localhost/127.0.0.1:8083] onStateChange(GET{uri=/userLocation?userId=667c2c56-a457-4fc2-89a1-387e17d38fa3, connection=PooledConnection{channel=[id: 0x66bc1825, L:/127.0.0.1:51780 - R:localhost/127.0.0.1:8083]}}, [response_received])
15:53:14.721 [reactor-http-nio-41] DEBUG org.springframework.web.reactive.function.client.ExchangeFunctions - [132a337b] Response 200 OK
15:53:14.721 [reactor-http-nio-46] DEBUG org.springframework.web.reactive.function.client.ExchangeFunctions - [1cbc892e] Response 200 OK
15:53:14.721 [reactor-http-nio-41] DEBUG reactor.netty.channel.FluxReceive - [id: 0xe848c2c1, L:/127.0.0.1:51736 - R:localhost/127.0.0.1:8083] Subscribing inbound receiver [pending: 0, cancelled:false, inboundDone: false]
15:53:14.721 [reactor-http-nio-46] DEBUG reactor.netty.channel.FluxReceive - [id: 0x66bc1825, L:/127.0.0.1:51780 - R:localhost/127.0.0.1:8083] Subscribing inbound receiver [pending: 0, cancelled:false, inboundDone: false]
15:53:14.722 [reactor-http-nio-41] DEBUG reactor.netty.http.client.HttpClientOperations - [id: 0xe848c2c1, L:/127.0.0.1:51736 - R:localhost/127.0.0.1:8083] Received last HTTP packet
15:53:14.722 [reactor-http-nio-46] DEBUG reactor.netty.http.client.HttpClientOperations - [id: 0x66bc1825, L:/127.0.0.1:51780 - R:localhost/127.0.0.1:8083] Received last HTTP packet
15:53:14.722 [reactor-http-nio-41] DEBUG org.springframework.core.codec.StringDecoder - [132a337b] Decoded "{"userId":"3e2c0ae5-b0d7-4b41-9397-d6d35e1e7618","location":{"longitude":-31.321667,"latitude":-61. (truncated)...
15:53:14.722 [reactor-http-nio-46] DEBUG org.springframework.core.codec.StringDecoder - [1cbc892e] Decoded "{"userId":"667c2c56-a457-4fc2-89a1-387e17d38fa3","location":{"longitude":-177.821914,"latitude":22. (truncated)...
15:53:14.722 [reactor-http-nio-41] DEBUG reactor.netty.resources.PooledConnectionProvider - [id: 0xe848c2c1, L:/127.0.0.1:51736 - R:localhost/127.0.0.1:8083] onStateChange(GET{uri=/userLocation?userId=3e2c0ae5-b0d7-4b41-9397-d6d35e1e7618, connection=PooledConnection{channel=[id: 0xe848c2c1, L:/127.0.0.1:51736 - R:localhost/127.0.0.1:8083]}}, [disconnecting])
15:53:14.722 [reactor-http-nio-46] DEBUG reactor.netty.resources.PooledConnectionProvider - [id: 0x66bc1825, L:/127.0.0.1:51780 - R:localhost/127.0.0.1:8083] onStateChange(GET{uri=/userLocation?userId=667c2c56-a457-4fc2-89a1-387e17d38fa3, connection=PooledConnection{channel=[id: 0x66bc1825, L:/127.0.0.1:51780 - R:localhost/127.0.0.1:8083]}}, [disconnecting])
15:53:14.722 [reactor-http-nio-41] DEBUG reactor.netty.resources.PooledConnectionProvider - [id: 0xe848c2c1, L:/127.0.0.1:51736 - R:localhost/127.0.0.1:8083] Releasing channel
15:53:14.722 [reactor-http-nio-46] DEBUG reactor.netty.resources.PooledConnectionProvider - [id: 0x66bc1825, L:/127.0.0.1:51780 - R:localhost/127.0.0.1:8083] Releasing channel
15:53:14.722 [reactor-http-nio-46] DEBUG reactor.netty.resources.PooledConnectionProvider - [id: 0x66bc1825, L:/127.0.0.1:51780 - R:localhost/127.0.0.1:8083] Channel cleaned, now 243 active connections and 58 inactive connections
15:53:14.722 [reactor-http-nio-41] DEBUG reactor.netty.resources.PooledConnectionProvider - [id: 0xe848c2c1, L:/127.0.0.1:51736 - R:localhost/127.0.0.1:8083] Channel cleaned, now 243 active connections and 58 inactive connections
15:53:14.723 [reactor-http-nio-41] DEBUG reactor.netty.http.client.HttpClientOperations - [id: 0x710e34a5, L:/127.0.0.1:51709 - R:localhost/127.0.0.1:8083] Received response (auto-read:false) : [Content-Type=application/json, Transfer-Encoding=chunked, Date=Wed, 15 Jun 2022 14:53:14 GMT]
15:53:14.723 [reactor-http-nio-41] DEBUG reactor.netty.resources.PooledConnectionProvider - [id: 0x710e34a5, L:/127.0.0.1:51709 - R:localhost/127.0.0.1:8083] onStateChange(GET{uri=/userLocation?userId=a68bbe08-9afb-474c-b080-3673a9f3a35d, connection=PooledConnection{channel=[id: 0x710e34a5, L:/127.0.0.1:51709 - R:localhost/127.0.0.1:8083]}}, [response_received])
15:53:14.723 [reactor-http-nio-41] DEBUG org.springframework.web.reactive.function.client.ExchangeFunctions - [af2b8eb] Response 200 OK
15:53:14.723 [reactor-http-nio-41] DEBUG reactor.netty.channel.FluxReceive - [id: 0x710e34a5, L:/127.0.0.1:51709 - R:localhost/127.0.0.1:8083] Subscribing inbound receiver [pending: 0, cancelled:false, inboundDone: false]
15:53:14.724 [reactor-http-nio-41] DEBUG reactor.netty.http.client.HttpClientOperations - [id: 0x710e34a5, L:/127.0.0.1:51709 - R:localhost/127.0.0.1:8083] Received last HTTP packet
15:53:14.724 [reactor-http-nio-41] DEBUG org.springframework.core.codec.StringDecoder - [af2b8eb] Decoded "{"userId":"a68bbe08-9afb-474c-b080-3673a9f3a35d","location":{"longitude":-51.094106,"latitude":-2.1 (truncated)...
15:53:14.724 [reactor-http-nio-41] DEBUG reactor.netty.resources.PooledConnectionProvider - [id: 0x710e34a5, L:/127.0.0.1:51709 - R:localhost/127.0.0.1:8083] onStateChange(GET{uri=/userLocation?userId=a68bbe08-9afb-474c-b080-3673a9f3a35d, connection=PooledConnection{channel=[id: 0x710e34a5, L:/127.0.0.1:51709 - R:localhost/127.0.0.1:8083]}}, [disconnecting])
15:53:14.724 [reactor-http-nio-41] DEBUG reactor.netty.resources.PooledConnectionProvider - [id: 0x710e34a5, L:/127.0.0.1:51709 - R:localhost/127.0.0.1:8083] Releasing channel
15:53:14.724 [reactor-http-nio-41] DEBUG reactor.netty.resources.PooledConnectionProvider - [id: 0x710e34a5, L:/127.0.0.1:51709 - R:localhost/127.0.0.1:8083] Channel cleaned, now 242 active connections and 59 inactive connections
15:53:14.726 [reactor-http-nio-41] DEBUG reactor.netty.http.client.HttpClientOperations - [id: 0xe144b806, L:/127.0.0.1:51710 - R:localhost/127.0.0.1:8083] Received response (auto-read:false) : [Content-Type=application/json, Transfer-Encoding=chunked, Date=Wed, 15 Jun 2022 14:53:14 GMT]
15:53:14.726 [reactor-http-nio-41] DEBUG reactor.netty.resources.PooledConnectionProvider - [id: 0xe144b806, L:/127.0.0.1:51710 - R:localhost/127.0.0.1:8083] onStateChange(GET{uri=/userLocation?userId=7162a0db-4941-4472-9030-80aab7bcd1ce, connection=PooledConnection{channel=[id: 0xe144b806, L:/127.0.0.1:51710 - R:localhost/127.0.0.1:8083]}}, [response_received])
15:53:14.727 [reactor-http-nio-41] DEBUG org.springframework.web.reactive.function.client.ExchangeFunctions - [523a618c] Response 200 OK
15:53:14.727 [reactor-http-nio-41] DEBUG reactor.netty.channel.FluxReceive - [id: 0xe144b806, L:/127.0.0.1:51710 - R:localhost/127.0.0.1:8083] Subscribing inbound receiver [pending: 0, cancelled:false, inboundDone: false]
15:53:14.727 [reactor-http-nio-41] DEBUG reactor.netty.http.client.HttpClientOperations - [id: 0xe144b806, L:/127.0.0.1:51710 - R:localhost/127.0.0.1:8083] Received last HTTP packet
15:53:14.728 [reactor-http-nio-41] DEBUG org.springframework.core.codec.StringDecoder - [523a618c] Decoded "{"userId":"7162a0db-4941-4472-9030-80aab7bcd1ce","location":{"longitude":56.436518,"latitude":36.98 (truncated)...
15:53:14.728 [reactor-http-nio-41] DEBUG reactor.netty.resources.PooledConnectionProvider - [id: 0xe144b806, L:/127.0.0.1:51710 - R:localhost/127.0.0.1:8083] onStateChange(GET{uri=/userLocation?userId=7162a0db-4941-4472-9030-80aab7bcd1ce, connection=PooledConnection{channel=[id: 0xe144b806, L:/127.0.0.1:51710 - R:localhost/127.0.0.1:8083]}}, [disconnecting])
15:53:14.728 [reactor-http-nio-41] DEBUG reactor.netty.resources.PooledConnectionProvider - [id: 0xe144b806, L:/127.0.0.1:51710 - R:localhost/127.0.0.1:8083] Releasing channel
15:53:14.728 [reactor-http-nio-41] DEBUG reactor.netty.resources.PooledConnectionProvider - [id: 0xe144b806, L:/127.0.0.1:51710 - R:localhost/127.0.0.1:8083] Channel cleaned, now 241 active connections and 60 inactive connections
15:53:14.728 [reactor-http-nio-41] DEBUG reactor.netty.http.client.HttpClientOperations - [id: 0x0c95a1e6, L:/127.0.0.1:51725 - R:localhost/127.0.0.1:8083] Received response (auto-read:false) : [Content-Type=application/json, Transfer-Encoding=chunked, Date=Wed, 15 Jun 2022 14:53:14 GMT]
15:53:14.728 [reactor-http-nio-41] DEBUG reactor.netty.resources.PooledConnectionProvider - [id: 0x0c95a1e6, L:/127.0.0.1:51725 - R:localhost/127.0.0.1:8083] onStateChange(GET{uri=/userLocation?userId=513c3e8d-4835-459b-b62d-87d7e1cc7dd1, connection=PooledConnection{channel=[id: 0x0c95a1e6, L:/127.0.0.1:51725 - R:localhost/127.0.0.1:8083]}}, [response_received])
15:53:14.729 [reactor-http-nio-41] DEBUG org.springframework.web.reactive.function.client.ExchangeFunctions - [11c1c8d7] Response 200 OK
15:53:14.729 [reactor-http-nio-41] DEBUG reactor.netty.channel.FluxReceive - [id: 0x0c95a1e6, L:/127.0.0.1:51725 - R:localhost/127.0.0.1:8083] Subscribing inbound receiver [pending: 0, cancelled:false, inboundDone: false]
15:53:14.729 [reactor-http-nio-41] DEBUG reactor.netty.http.client.HttpClientOperations - [id: 0x0c95a1e6, L:/127.0.0.1:51725 - R:localhost/127.0.0.1:8083] Received last HTTP packet
15:53:14.730 [reactor-http-nio-41] DEBUG org.springframework.core.codec.StringDecoder - [11c1c8d7] Decoded "{"userId":"513c3e8d-4835-459b-b62d-87d7e1cc7dd1","location":{"longitude":65.025842,"latitude":-40.9 (truncated)...
15:53:14.730 [reactor-http-nio-41] DEBUG reactor.netty.resources.PooledConnectionProvider - [id: 0x0c95a1e6, L:/127.0.0.1:51725 - R:localhost/127.0.0.1:8083] onStateChange(GET{uri=/userLocation?userId=513c3e8d-4835-459b-b62d-87d7e1cc7dd1, connection=PooledConnection{channel=[id: 0x0c95a1e6, L:/127.0.0.1:51725 - R:localhost/127.0.0.1:8083]}}, [disconnecting])
15:53:14.730 [reactor-http-nio-41] DEBUG reactor.netty.resources.PooledConnectionProvider - [id: 0x0c95a1e6, L:/127.0.0.1:51725 - R:localhost/127.0.0.1:8083] Releasing channel
15:53:14.730 [reactor-http-nio-41] DEBUG reactor.netty.resources.PooledConnectionProvider - [id: 0x0c95a1e6, L:/127.0.0.1:51725 - R:localhost/127.0.0.1:8083] Channel cleaned, now 240 active connections and 61 inactive connections
15:53:14.732 [reactor-http-nio-41] DEBUG reactor.netty.http.client.HttpClientOperations - [id: 0x03f2fda7, L:/127.0.0.1:51737 - R:localhost/127.0.0.1:8083] Received response (auto-read:false) : [Content-Type=application/json, Transfer-Encoding=chunked, Date=Wed, 15 Jun 2022 14:53:14 GMT]
15:53:14.733 [reactor-http-nio-41] DEBUG reactor.netty.resources.PooledConnectionProvider - [id: 0x03f2fda7, L:/127.0.0.1:51737 - R:localhost/127.0.0.1:8083] onStateChange(GET{uri=/userLocation?userId=5c9823cc-fa10-4fb4-9a00-cfa65eb29ceb, connection=PooledConnection{channel=[id: 0x03f2fda7, L:/127.0.0.1:51737 - R:localhost/127.0.0.1:8083]}}, [response_received])
15:53:14.733 [reactor-http-nio-41] DEBUG org.springframework.web.reactive.function.client.ExchangeFunctions - [1c21dad0] Response 200 OK
15:53:14.733 [reactor-http-nio-41] DEBUG reactor.netty.channel.FluxReceive - [id: 0x03f2fda7, L:/127.0.0.1:51737 - R:localhost/127.0.0.1:8083] Subscribing inbound receiver [pending: 0, cancelled:false, inboundDone: false]
15:53:14.733 [reactor-http-nio-41] DEBUG reactor.netty.http.client.HttpClientOperations - [id: 0x03f2fda7, L:/127.0.0.1:51737 - R:localhost/127.0.0.1:8083] Received last HTTP packet
15:53:14.734 [reactor-http-nio-41] DEBUG org.springframework.core.codec.StringDecoder - [1c21dad0] Decoded "{"userId":"5c9823cc-fa10-4fb4-9a00-cfa65eb29ceb","location":{"longitude":-99.478243,"latitude":43.4 (truncated)...
15:53:14.734 [reactor-http-nio-41] DEBUG reactor.netty.resources.PooledConnectionProvider - [id: 0x03f2fda7, L:/127.0.0.1:51737 - R:localhost/127.0.0.1:8083] onStateChange(GET{uri=/userLocation?userId=5c9823cc-fa10-4fb4-9a00-cfa65eb29ceb, connection=PooledConnection{channel=[id: 0x03f2fda7, L:/127.0.0.1:51737 - R:localhost/127.0.0.1:8083]}}, [disconnecting])
15:53:14.734 [reactor-http-nio-41] DEBUG reactor.netty.resources.PooledConnectionProvider - [id: 0x03f2fda7, L:/127.0.0.1:51737 - R:localhost/127.0.0.1:8083] Releasing channel
15:53:14.734 [reactor-http-nio-41] DEBUG reactor.netty.resources.PooledConnectionProvider - [id: 0x03f2fda7, L:/127.0.0.1:51737 - R:localhost/127.0.0.1:8083] Channel cleaned, now 239 active connections and 62 inactive connections
15:53:14.770 [pool-2-thread-135] INFO tourGuide.service.TourGuideService - visitedLocatio tourGuide.gpsUtil.VisitedLocation@22b1de1e
15:53:14.771 [pool-2-thread-116] INFO tourGuide.service.TourGuideService - visitedLocatio tourGuide.gpsUtil.VisitedLocation@4b75610f
15:53:14.772 [pool-2-thread-116] DEBUG org.springframework.web.reactive.function.client.ExchangeFunctions - [631a8105] HTTP GET http://localhost:8083/attractions
15:53:14.772 [pool-5-thread-89] INFO tourGuide.service.TourGuideService - visitedLocatio tourGuide.gpsUtil.VisitedLocation@383a1a37
15:53:14.772 [pool-5-thread-89] DEBUG org.springframework.web.reactive.function.client.ExchangeFunctions - [343558d6] HTTP GET http://localhost:8083/attractions
15:53:14.773 [pool-2-thread-44] INFO tourGuide.service.TourGuideService - visitedLocatio tourGuide.gpsUtil.VisitedLocation@1bc55f50
15:53:14.774 [pool-2-thread-200] INFO tourGuide.service.TourGuideService - visitedLocatio tourGuide.gpsUtil.VisitedLocation@46567721
15:53:14.774 [pool-2-thread-44] DEBUG org.springframework.web.reactive.function.client.ExchangeFunctions - [4da098cf] HTTP GET http://localhost:8083/attractions
15:53:14.774 [pool-2-thread-90] INFO tourGuide.service.TourGuideService - visitedLocatio tourGuide.gpsUtil.VisitedLocation@6c4ecb03
15:53:14.774 [pool-2-thread-96] INFO tourGuide.service.TourGuideService - visitedLocatio tourGuide.gpsUtil.VisitedLocation@5d51e279
15:53:14.774 [pool-2-thread-200] DEBUG org.springframework.web.reactive.function.client.ExchangeFunctions - [2cc914b8] HTTP GET http://localhost:8083/attractions
15:53:14.774 [pool-2-thread-90] DEBUG org.springframework.web.reactive.function.client.ExchangeFunctions - [59f13923] HTTP GET http://localhost:8083/attractions
15:53:14.774 [pool-2-thread-96] DEBUG org.springframework.web.reactive.function.client.ExchangeFunctions - [cb5459e] HTTP GET http://localhost:8083/attractions
15:53:14.775 [pool-2-thread-51] INFO tourGuide.service.TourGuideService - visitedLocatio tourGuide.gpsUtil.VisitedLocation@3b3a2770
15:53:14.775 [reactor-http-nio-47] DEBUG reactor.netty.resources.PooledConnectionProvider - [id: 0x71dba838, L:/127.0.0.1:51683 - R:localhost/127.0.0.1:8083] Channel acquired, now 241 active connections and 60 inactive connections
15:53:14.775 [reactor-http-nio-47] DEBUG reactor.netty.http.client.HttpClientConnect - [id: 0x71dba838, L:/127.0.0.1:51683 - R:localhost/127.0.0.1:8083] Handler is being applied: {uri=http://localhost:8083/attractions, method=GET}
15:53:14.775 [pool-2-thread-51] DEBUG org.springframework.web.reactive.function.client.ExchangeFunctions - [22b47a31] HTTP GET http://localhost:8083/attractions
15:53:14.776 [pool-5-thread-45] INFO tourGuide.service.TourGuideService - visitedLocatio tourGuide.gpsUtil.VisitedLocation@3953f19e
15:53:14.776 [pool-5-thread-45] DEBUG org.springframework.web.reactive.function.client.ExchangeFunctions - [36850dc] HTTP GET http://localhost:8083/attractions
15:53:14.776 [reactor-http-nio-47] DEBUG reactor.netty.resources.PooledConnectionProvider - [id: 0x71dba838, L:/127.0.0.1:51683 - R:localhost/127.0.0.1:8083] onStateChange(GET{uri=/attractions, connection=PooledConnection{channel=[id: 0x71dba838, L:/127.0.0.1:51683 - R:localhost/127.0.0.1:8083]}}, [request_sent])
15:53:14.776 [pool-2-thread-79] INFO tourGuide.service.TourGuideService - visitedLocatio tourGuide.gpsUtil.VisitedLocation@67bd4525
15:53:14.776 [reactor-http-nio-47] DEBUG reactor.netty.resources.PooledConnectionProvider - [id: 0x0c88f8fd, L:/127.0.0.1:51848 - R:localhost/127.0.0.1:8083] Channel acquired, now 242 active connections and 59 inactive connections
15:53:14.776 [reactor-http-nio-47] DEBUG reactor.netty.http.client.HttpClientConnect - [id: 0x0c88f8fd, L:/127.0.0.1:51848 - R:localhost/127.0.0.1:8083] Handler is being applied: {uri=http://localhost:8083/attractions, method=GET}
15:53:14.777 [pool-2-thread-79] DEBUG org.springframework.web.reactive.function.client.ExchangeFunctions - [747b0987] HTTP GET http://localhost:8083/attractions
15:53:14.778 [reactor-http-nio-47] DEBUG reactor.netty.resources.PooledConnectionProvider - [id: 0x0c88f8fd, L:/127.0.0.1:51848 - R:localhost/127.0.0.1:8083] onStateChange(GET{uri=/attractions, connection=PooledConnection{channel=[id: 0x0c88f8fd, L:/127.0.0.1:51848 - R:localhost/127.0.0.1:8083]}}, [request_sent])
15:53:14.778 [pool-2-thread-23] INFO tourGuide.service.TourGuideService - visitedLocatio tourGuide.gpsUtil.VisitedLocation@65796f0a
15:53:14.778 [reactor-http-nio-47] DEBUG reactor.netty.resources.PooledConnectionProvider - [id: 0x85b1ff76, L:/127.0.0.1:51685 - R:localhost/127.0.0.1:8083] Channel acquired, now 243 active connections and 58 inactive connections
15:53:14.778 [reactor-http-nio-47] DEBUG reactor.netty.http.client.HttpClientConnect - [id: 0x85b1ff76, L:/127.0.0.1:51685 - R:localhost/127.0.0.1:8083] Handler is being applied: {uri=http://localhost:8083/attractions, method=GET}
15:53:14.778 [pool-2-thread-23] DEBUG org.springframework.web.reactive.function.client.ExchangeFunctions - [7526732b] HTTP GET http://localhost:8083/attractions
15:53:14.779 [reactor-http-nio-47] DEBUG reactor.netty.resources.PooledConnectionProvider - [id: 0x85b1ff76, L:/127.0.0.1:51685 - R:localhost/127.0.0.1:8083] onStateChange(GET{uri=/attractions, connection=PooledConnection{channel=[id: 0x85b1ff76, L:/127.0.0.1:51685 - R:localhost/127.0.0.1:8083]}}, [request_sent])
15:53:14.779 [pool-5-thread-12] INFO tourGuide.service.TourGuideService - visitedLocatio tourGuide.gpsUtil.VisitedLocation@55fcadf3
15:53:14.780 [reactor-http-nio-47] DEBUG reactor.netty.resources.PooledConnectionProvider - [id: 0xe671b81a, L:/127.0.0.1:51698 - R:localhost/127.0.0.1:8083] Channel acquired, now 244 active connections and 57 inactive connections
15:53:14.780 [reactor-http-nio-47] DEBUG reactor.netty.http.client.HttpClientConnect - [id: 0xe671b81a, L:/127.0.0.1:51698 - R:localhost/127.0.0.1:8083] Handler is being applied: {uri=http://localhost:8083/attractions, method=GET}
15:53:14.780 [pool-5-thread-12] DEBUG org.springframework.web.reactive.function.client.ExchangeFunctions - [2ce22b5d] HTTP GET http://localhost:8083/attractions
15:53:14.781 [reactor-http-nio-47] DEBUG reactor.netty.resources.PooledConnectionProvider - [id: 0xe671b81a, L:/127.0.0.1:51698 - R:localhost/127.0.0.1:8083] onStateChange(GET{uri=/attractions, connection=PooledConnection{channel=[id: 0xe671b81a, L:/127.0.0.1:51698 - R:localhost/127.0.0.1:8083]}}, [request_sent])
15:53:14.781 [reactor-http-nio-47] DEBUG reactor.netty.resources.PooledConnectionProvider - [id: 0x98143ed4, L:/127.0.0.1:51680 - R:localhost/127.0.0.1:8083] Channel acquired, now 245 active connections and 56 inactive connections
15:53:14.781 [reactor-http-nio-47] DEBUG reactor.netty.http.client.HttpClientConnect - [id: 0x98143ed4, L:/127.0.0.1:51680 - R:localhost/127.0.0.1:8083] Handler is being applied: {uri=http://localhost:8083/attractions, method=GET}
15:53:14.781 [pool-2-thread-68] INFO tourGuide.service.TourGuideService - visitedLocatio tourGuide.gpsUtil.VisitedLocation@49069264
15:53:14.782 [pool-2-thread-68] DEBUG org.springframework.web.reactive.function.client.ExchangeFunctions - [199ef5b2] HTTP GET http://localhost:8083/attractions
15:53:14.782 [pool-2-thread-182] INFO tourGuide.service.TourGuideService - visitedLocatio tourGuide.gpsUtil.VisitedLocation@4870c774
15:53:14.783 [pool-2-thread-182] DEBUG org.springframework.web.reactive.function.client.ExchangeFunctions - [1c75a778] HTTP GET http://localhost:8083/attractions
15:53:14.783 [pool-2-thread-193] INFO tourGuide.service.TourGuideService - visitedLocatio tourGuide.gpsUtil.VisitedLocation@58059aa4
15:53:14.783 [pool-2-thread-10] INFO tourGuide.service.TourGuideService - visitedLocatio tourGuide.gpsUtil.VisitedLocation@679801ed
15:53:14.783 [pool-2-thread-193] DEBUG org.springframework.web.reactive.function.client.ExchangeFunctions - [2be8f473] HTTP GET http://localhost:8083/attractions
15:53:14.784 [pool-2-thread-10] DEBUG org.springframework.web.reactive.function.client.ExchangeFunctions - [1aaf061a] HTTP GET http://localhost:8083/attractions
15:53:14.784 [pool-2-thread-162] INFO tourGuide.service.TourGuideService - visitedLocatio tourGuide.gpsUtil.VisitedLocation@44b0ce66
15:53:14.784 [pool-2-thread-162] DEBUG org.springframework.web.reactive.function.client.ExchangeFunctions - [265b70e9] HTTP GET http://localhost:8083/attractions
15:53:14.785 [reactor-http-nio-48] DEBUG reactor.netty.resources.PooledConnectionProvider - [id: 0xa4f115eb, L:/127.0.0.1:51704 - R:localhost/127.0.0.1:8083] Channel acquired, now 246 active connections and 55 inactive connections
15:53:14.785 [reactor-http-nio-48] DEBUG reactor.netty.http.client.HttpClientConnect - [id: 0xa4f115eb, L:/127.0.0.1:51704 - R:localhost/127.0.0.1:8083] Handler is being applied: {uri=http://localhost:8083/attractions, method=GET}
15:53:14.786 [reactor-http-nio-48] DEBUG reactor.netty.resources.PooledConnectionProvider - [id: 0xa4f115eb, L:/127.0.0.1:51704 - R:localhost/127.0.0.1:8083] onStateChange(GET{uri=/attractions, connection=PooledConnection{channel=[id: 0xa4f115eb, L:/127.0.0.1:51704 - R:localhost/127.0.0.1:8083]}}, [request_sent])
15:53:14.787 [pool-2-thread-166] INFO tourGuide.service.TourGuideService - visitedLocatio tourGuide.gpsUtil.VisitedLocation@55eb3754
15:53:14.787 [pool-2-thread-85] INFO tourGuide.service.TourGuideService - visitedLocatio tourGuide.gpsUtil.VisitedLocation@a8b7048
15:53:14.787 [pool-2-thread-85] DEBUG org.springframework.web.reactive.function.client.ExchangeFunctions - [1d12a92f] HTTP GET http://localhost:8083/attractions
15:53:14.788 [pool-2-thread-139] INFO tourGuide.service.TourGuideService - visitedLocatio tourGuide.gpsUtil.VisitedLocation@3976d043
15:53:14.788 [pool-2-thread-139] DEBUG org.springframework.web.reactive.function.client.ExchangeFunctions - [7304dd2f] HTTP GET http://localhost:8083/attractions
15:53:14.789 [pool-2-thread-143] INFO tourGuide.service.TourGuideService - visitedLocatio tourGuide.gpsUtil.VisitedLocation@5016fc50
15:53:14.789 [pool-2-thread-143] DEBUG org.springframework.web.reactive.function.client.ExchangeFunctions - [756543cb] HTTP GET http://localhost:8083/attractions
15:53:14.789 [pool-2-thread-188] INFO tourGuide.service.TourGuideService - visitedLocatio tourGuide.gpsUtil.VisitedLocation@6c5b1b0
15:53:14.790 [pool-2-thread-188] DEBUG org.springframework.web.reactive.function.client.ExchangeFunctions - [2254fd74] HTTP GET http://localhost:8083/attractions
15:53:14.790 [pool-2-thread-65] INFO tourGuide.service.TourGuideService - visitedLocatio tourGuide.gpsUtil.VisitedLocation@7c25e7b7
15:53:14.791 [pool-2-thread-65] DEBUG org.springframework.web.reactive.function.client.ExchangeFunctions - [122c63d3] HTTP GET http://localhost:8083/attractions
15:53:14.793 [pool-2-thread-7] INFO tourGuide.service.TourGuideService - visitedLocatio tourGuide.gpsUtil.VisitedLocation@303ef868
15:53:14.794 [pool-2-thread-7] DEBUG org.springframework.web.reactive.function.client.ExchangeFunctions - [43f394c1] HTTP GET http://localhost:8083/attractions
15:53:14.794 [pool-2-thread-147] INFO tourGuide.service.TourGuideService - visitedLocatio tourGuide.gpsUtil.VisitedLocation@6ad0611
15:53:14.795 [pool-2-thread-147] DEBUG org.springframework.web.reactive.function.client.ExchangeFunctions - [6a30cacb] HTTP GET http://localhost:8083/attractions
15:53:14.795 [pool-5-thread-84] INFO tourGuide.service.TourGuideService - visitedLocatio tourGuide.gpsUtil.VisitedLocation@2eeb60f3
15:53:14.795 [pool-5-thread-84] DEBUG org.springframework.web.reactive.function.client.ExchangeFunctions - [1980624d] HTTP GET http://localhost:8083/attractions
15:53:14.797 [pool-2-thread-15] INFO tourGuide.service.TourGuideService - visitedLocatio tourGuide.gpsUtil.VisitedLocation@67bf6d96
15:53:14.797 [pool-2-thread-15] DEBUG org.springframework.web.reactive.function.client.ExchangeFunctions - [7b03d3be] HTTP GET http://localhost:8083/attractions
15:53:14.797 [pool-2-thread-17] INFO tourGuide.service.TourGuideService - visitedLocatio tourGuide.gpsUtil.VisitedLocation@60ead796
15:53:14.798 [pool-2-thread-17] DEBUG org.springframework.web.reactive.function.client.ExchangeFunctions - [2f75d7c7] HTTP GET http://localhost:8083/attractions
15:53:14.798 [pool-2-thread-78] INFO tourGuide.service.TourGuideService - visitedLocatio tourGuide.gpsUtil.VisitedLocation@590e2957
15:53:14.799 [pool-5-thread-85] INFO tourGuide.service.TourGuideService - visitedLocatio tourGuide.gpsUtil.VisitedLocation@1e118e7b
15:53:14.799 [pool-2-thread-78] DEBUG org.springframework.web.reactive.function.client.ExchangeFunctions - [3238c60f] HTTP GET http://localhost:8083/attractions
15:53:14.799 [pool-5-thread-85] DEBUG org.springframework.web.reactive.function.client.ExchangeFunctions - [59fb43d5] HTTP GET http://localhost:8083/attractions
15:53:14.770 [pool-2-thread-40] INFO tourGuide.service.TourGuideService - visitedLocatio tourGuide.gpsUtil.VisitedLocation@1c5bf8b5
15:53:14.772 [pool-2-thread-135] DEBUG org.springframework.web.reactive.function.client.ExchangeFunctions - [7f2bc16a] HTTP GET http://localhost:8083/attractions
15:53:14.800 [pool-2-thread-45] INFO tourGuide.service.TourGuideService - visitedLocatio tourGuide.gpsUtil.VisitedLocation@3a5c809c
15:53:14.800 [pool-2-thread-45] DEBUG org.springframework.web.reactive.function.client.ExchangeFunctions - [64ec10f6] HTTP GET http://localhost:8083/attractions
15:53:14.801 [pool-2-thread-40] DEBUG org.springframework.web.reactive.function.client.ExchangeFunctions - [197a6bf2] HTTP GET http://localhost:8083/attractions
15:53:14.802 [reactor-http-nio-48] DEBUG reactor.netty.resources.PooledConnectionProvider - [id: 0x76f33e80, L:/127.0.0.1:51705 - R:localhost/127.0.0.1:8083] Channel acquired, now 247 active connections and 54 inactive connections
15:53:14.802 [reactor-http-nio-48] DEBUG reactor.netty.http.client.HttpClientConnect - [id: 0x76f33e80, L:/127.0.0.1:51705 - R:localhost/127.0.0.1:8083] Handler is being applied: {uri=http://localhost:8083/attractions, method=GET}
15:53:14.803 [reactor-http-nio-48] DEBUG reactor.netty.resources.PooledConnectionProvider - [id: 0x76f33e80, L:/127.0.0.1:51705 - R:localhost/127.0.0.1:8083] onStateChange(GET{uri=/attractions, connection=PooledConnection{channel=[id: 0x76f33e80, L:/127.0.0.1:51705 - R:localhost/127.0.0.1:8083]}}, [request_sent])
15:53:14.803 [pool-2-thread-22] INFO tourGuide.service.TourGuideService - visitedLocatio tourGuide.gpsUtil.VisitedLocation@172607df
15:53:14.804 [pool-2-thread-22] DEBUG org.springframework.web.reactive.function.client.ExchangeFunctions - [3af10bdf] HTTP GET http://localhost:8083/attractions
15:53:14.804 [pool-5-thread-40] INFO tourGuide.service.TourGuideService - visitedLocatio tourGuide.gpsUtil.VisitedLocation@213ebdca
15:53:14.805 [pool-5-thread-40] DEBUG org.springframework.web.reactive.function.client.ExchangeFunctions - [768cd829] HTTP GET http://localhost:8083/attractions
15:53:14.806 [pool-5-thread-42] INFO tourGuide.service.TourGuideService - visitedLocatio tourGuide.gpsUtil.VisitedLocation@2b03dae6
15:53:14.806 [pool-5-thread-42] DEBUG org.springframework.web.reactive.function.client.ExchangeFunctions - [20b442b5] HTTP GET http://localhost:8083/attractions
15:53:14.807 [pool-2-thread-137] INFO tourGuide.service.TourGuideService - visitedLocatio tourGuide.gpsUtil.VisitedLocation@2f56a5c6
15:53:14.808 [pool-5-thread-95] INFO tourGuide.service.TourGuideService - visitedLocatio tourGuide.gpsUtil.VisitedLocation@231f546c
15:53:14.809 [pool-2-thread-137] DEBUG org.springframework.web.reactive.function.client.ExchangeFunctions - [48a943b9] HTTP GET http://localhost:8083/attractions
15:53:14.809 [pool-5-thread-95] DEBUG org.springframework.web.reactive.function.client.ExchangeFunctions - [14378fa9] HTTP GET http://localhost:8083/attractions
15:53:14.774 [reactor-http-nio-41] DEBUG reactor.netty.resources.PooledConnectionProvider - [id: 0x866e01db, L:/127.0.0.1:51707 - R:localhost/127.0.0.1:8083] Channel acquired, now 240 active connections and 61 inactive connections
15:53:14.809 [reactor-http-nio-41] DEBUG reactor.netty.http.client.HttpClientConnect - [id: 0x866e01db, L:/127.0.0.1:51707 - R:localhost/127.0.0.1:8083] Handler is being applied: {uri=http://localhost:8083/attractions, method=GET}
15:53:14.810 [reactor-http-nio-41] DEBUG reactor.netty.resources.PooledConnectionProvider - [id: 0x866e01db, L:/127.0.0.1:51707 - R:localhost/127.0.0.1:8083] onStateChange(GET{uri=/attractions, connection=PooledConnection{channel=[id: 0x866e01db, L:/127.0.0.1:51707 - R:localhost/127.0.0.1:8083]}}, [request_sent])
15:53:14.811 [reactor-http-nio-41] DEBUG reactor.netty.resources.PooledConnectionProvider - [id: 0x48bd25d1, L:/127.0.0.1:51711 - R:localhost/127.0.0.1:8083] Channel acquired, now 248 active connections and 53 inactive connections
15:53:14.811 [reactor-http-nio-41] DEBUG reactor.netty.http.client.HttpClientConnect - [id: 0x48bd25d1, L:/127.0.0.1:51711 - R:localhost/127.0.0.1:8083] Handler is being applied: {uri=http://localhost:8083/attractions, method=GET}
15:53:14.811 [reactor-http-nio-48] DEBUG reactor.netty.resources.PooledConnectionProvider - [id: 0x19945800, L:/127.0.0.1:51703 - R:localhost/127.0.0.1:8083] Channel acquired, now 249 active connections and 52 inactive connections
15:53:14.811 [reactor-http-nio-48] DEBUG reactor.netty.http.client.HttpClientConnect - [id: 0x19945800, L:/127.0.0.1:51703 - R:localhost/127.0.0.1:8083] Handler is being applied: {uri=http://localhost:8083/attractions, method=GET}
15:53:14.811 [reactor-http-nio-41] DEBUG reactor.netty.resources.PooledConnectionProvider - [id: 0x48bd25d1, L:/127.0.0.1:51711 - R:localhost/127.0.0.1:8083] onStateChange(GET{uri=/attractions, connection=PooledConnection{channel=[id: 0x48bd25d1, L:/127.0.0.1:51711 - R:localhost/127.0.0.1:8083]}}, [request_sent])
15:53:14.812 [reactor-http-nio-48] DEBUG reactor.netty.resources.PooledConnectionProvider - [id: 0x19945800, L:/127.0.0.1:51703 - R:localhost/127.0.0.1:8083] onStateChange(GET{uri=/attractions, connection=PooledConnection{channel=[id: 0x19945800, L:/127.0.0.1:51703 - R:localhost/127.0.0.1:8083]}}, [request_sent])
15:53:14.813 [reactor-http-nio-48] DEBUG reactor.netty.resources.PooledConnectionProvider - [id: 0x19da195d, L:/127.0.0.1:51701 - R:localhost/127.0.0.1:8083] Channel acquired, now 250 active connections and 51 inactive connections
15:53:14.813 [reactor-http-nio-48] DEBUG reactor.netty.http.client.HttpClientConnect - [id: 0x19da195d, L:/127.0.0.1:51701 - R:localhost/127.0.0.1:8083] Handler is being applied: {uri=http://localhost:8083/attractions, method=GET}
15:53:14.814 [reactor-http-nio-48] DEBUG reactor.netty.resources.PooledConnectionProvider - [id: 0x19da195d, L:/127.0.0.1:51701 - R:localhost/127.0.0.1:8083] onStateChange(GET{uri=/attractions, connection=PooledConnection{channel=[id: 0x19da195d, L:/127.0.0.1:51701 - R:localhost/127.0.0.1:8083]}}, [request_sent])
15:53:14.814 [reactor-http-nio-41] DEBUG reactor.netty.resources.PooledConnectionProvider - [id: 0x261624e9, L:/127.0.0.1:51718 - R:localhost/127.0.0.1:8083] Channel acquired, now 251 active connections and 50 inactive connections
15:53:14.814 [reactor-http-nio-41] DEBUG reactor.netty.http.client.HttpClientConnect - [id: 0x261624e9, L:/127.0.0.1:51718 - R:localhost/127.0.0.1:8083] Handler is being applied: {uri=http://localhost:8083/attractions, method=GET}
15:53:14.815 [reactor-http-nio-41] DEBUG reactor.netty.resources.PooledConnectionProvider - [id: 0x261624e9, L:/127.0.0.1:51718 - R:localhost/127.0.0.1:8083] onStateChange(GET{uri=/attractions, connection=PooledConnection{channel=[id: 0x261624e9, L:/127.0.0.1:51718 - R:localhost/127.0.0.1:8083]}}, [request_sent])
15:53:14.815 [reactor-http-nio-41] DEBUG reactor.netty.resources.PooledConnectionProvider - [id: 0x6573a2f1, L:/127.0.0.1:51712 - R:localhost/127.0.0.1:8083] Channel acquired, now 252 active connections and 49 inactive connections
15:53:14.815 [reactor-http-nio-41] DEBUG reactor.netty.http.client.HttpClientConnect - [id: 0x6573a2f1, L:/127.0.0.1:51712 - R:localhost/127.0.0.1:8083] Handler is being applied: {uri=http://localhost:8083/attractions, method=GET}
15:53:14.815 [pool-5-thread-25] INFO tourGuide.service.TourGuideService - visitedLocatio tourGuide.gpsUtil.VisitedLocation@2c3e7579
15:53:14.816 [pool-5-thread-25] DEBUG org.springframework.web.reactive.function.client.ExchangeFunctions - [2b0a50e0] HTTP GET http://localhost:8083/attractions
15:53:14.816 [reactor-http-nio-41] DEBUG reactor.netty.resources.PooledConnectionProvider - [id: 0x6573a2f1, L:/127.0.0.1:51712 - R:localhost/127.0.0.1:8083] onStateChange(GET{uri=/attractions, connection=PooledConnection{channel=[id: 0x6573a2f1, L:/127.0.0.1:51712 - R:localhost/127.0.0.1:8083]}}, [request_sent])
15:53:14.816 [reactor-http-nio-41] DEBUG reactor.netty.resources.PooledConnectionProvider - [id: 0xc5bdf2c5, L:/127.0.0.1:51719 - R:localhost/127.0.0.1:8083] Channel acquired, now 253 active connections and 48 inactive connections
15:53:14.816 [reactor-http-nio-41] DEBUG reactor.netty.http.client.HttpClientConnect - [id: 0xc5bdf2c5, L:/127.0.0.1:51719 - R:localhost/127.0.0.1:8083] Handler is being applied: {uri=http://localhost:8083/attractions, method=GET}
15:53:14.816 [pool-2-thread-100] INFO tourGuide.service.TourGuideService - visitedLocatio tourGuide.gpsUtil.VisitedLocation@c12a96d
15:53:14.774 [pool-5-thread-82] INFO tourGuide.service.TourGuideService - visitedLocatio tourGuide.gpsUtil.VisitedLocation@2a0b6a89
15:53:14.817 [pool-2-thread-100] DEBUG org.springframework.web.reactive.function.client.ExchangeFunctions - [7302770a] HTTP GET http://localhost:8083/attractions
15:53:14.818 [pool-5-thread-82] DEBUG org.springframework.web.reactive.function.client.ExchangeFunctions - [420964b3] HTTP GET http://localhost:8083/attractions
15:53:14.819 [pool-2-thread-161] INFO tourGuide.service.TourGuideService - visitedLocatio tourGuide.gpsUtil.VisitedLocation@5b5a06f7
15:53:14.819 [reactor-http-nio-41] DEBUG reactor.netty.resources.PooledConnectionProvider - [id: 0xc5bdf2c5, L:/127.0.0.1:51719 - R:localhost/127.0.0.1:8083] onStateChange(GET{uri=/attractions, connection=PooledConnection{channel=[id: 0xc5bdf2c5, L:/127.0.0.1:51719 - R:localhost/127.0.0.1:8083]}}, [request_sent])
15:53:14.819 [reactor-http-nio-41] DEBUG reactor.netty.resources.PooledConnectionProvider - [id: 0xb6e13b25, L:/127.0.0.1:51714 - R:localhost/127.0.0.1:8083] Channel acquired, now 254 active connections and 47 inactive connections
15:53:14.819 [reactor-http-nio-41] DEBUG reactor.netty.http.client.HttpClientConnect - [id: 0xb6e13b25, L:/127.0.0.1:51714 - R:localhost/127.0.0.1:8083] Handler is being applied: {uri=http://localhost:8083/attractions, method=GET}
15:53:14.819 [pool-2-thread-161] DEBUG org.springframework.web.reactive.function.client.ExchangeFunctions - [732894f8] HTTP GET http://localhost:8083/attractions
15:53:14.781 [pool-2-thread-159] INFO tourGuide.service.TourGuideService - visitedLocatio tourGuide.gpsUtil.VisitedLocation@2f1d467b
15:53:14.820 [pool-2-thread-159] DEBUG org.springframework.web.reactive.function.client.ExchangeFunctions - [60c610e8] HTTP GET http://localhost:8083/attractions
15:53:14.820 [reactor-http-nio-41] DEBUG reactor.netty.resources.PooledConnectionProvider - [id: 0xb6e13b25, L:/127.0.0.1:51714 - R:localhost/127.0.0.1:8083] onStateChange(GET{uri=/attractions, connection=PooledConnection{channel=[id: 0xb6e13b25, L:/127.0.0.1:51714 - R:localhost/127.0.0.1:8083]}}, [request_sent])
15:53:14.820 [reactor-http-nio-41] DEBUG reactor.netty.resources.PooledConnectionProvider - [id: 0x63f027f7, L:/127.0.0.1:51721 - R:localhost/127.0.0.1:8083] Channel acquired, now 255 active connections and 46 inactive connections
15:53:14.820 [reactor-http-nio-41] DEBUG reactor.netty.http.client.HttpClientConnect - [id: 0x63f027f7, L:/127.0.0.1:51721 - R:localhost/127.0.0.1:8083] Handler is being applied: {uri=http://localhost:8083/attractions, method=GET}
15:53:14.821 [reactor-http-nio-41] DEBUG reactor.netty.resources.PooledConnectionProvider - [id: 0x63f027f7, L:/127.0.0.1:51721 - R:localhost/127.0.0.1:8083] onStateChange(GET{uri=/attractions, connection=PooledConnection{channel=[id: 0x63f027f7, L:/127.0.0.1:51721 - R:localhost/127.0.0.1:8083]}}, [request_sent])
15:53:14.821 [reactor-http-nio-41] DEBUG reactor.netty.resources.PooledConnectionProvider - [id: 0xb3555784, L:/127.0.0.1:51724 - R:localhost/127.0.0.1:8083] Channel acquired, now 256 active connections and 45 inactive connections
15:53:14.821 [reactor-http-nio-41] DEBUG reactor.netty.http.client.HttpClientConnect - [id: 0xb3555784, L:/127.0.0.1:51724 - R:localhost/127.0.0.1:8083] Handler is being applied: {uri=http://localhost:8083/attractions, method=GET}
15:53:14.782 [reactor-http-nio-47] DEBUG reactor.netty.resources.PooledConnectionProvider - [id: 0x98143ed4, L:/127.0.0.1:51680 - R:localhost/127.0.0.1:8083] onStateChange(GET{uri=/attractions, connection=PooledConnection{channel=[id: 0x98143ed4, L:/127.0.0.1:51680 - R:localhost/127.0.0.1:8083]}}, [request_sent])
15:53:14.822 [reactor-http-nio-47] DEBUG reactor.netty.resources.PooledConnectionProvider - [id: 0xc1a60bcc, L:/127.0.0.1:51694 - R:localhost/127.0.0.1:8083] Channel acquired, now 257 active connections and 44 inactive connections
15:53:14.822 [reactor-http-nio-47] DEBUG reactor.netty.http.client.HttpClientConnect - [id: 0xc1a60bcc, L:/127.0.0.1:51694 - R:localhost/127.0.0.1:8083] Handler is being applied: {uri=http://localhost:8083/attractions, method=GET}
15:53:14.822 [reactor-http-nio-41] DEBUG reactor.netty.resources.PooledConnectionProvider - [id: 0xb3555784, L:/127.0.0.1:51724 - R:localhost/127.0.0.1:8083] onStateChange(GET{uri=/attractions, connection=PooledConnection{channel=[id: 0xb3555784, L:/127.0.0.1:51724 - R:localhost/127.0.0.1:8083]}}, [request_sent])
15:53:14.822 [reactor-http-nio-41] DEBUG reactor.netty.resources.PooledConnectionProvider - [id: 0x91ccb779, L:/127.0.0.1:51713 - R:localhost/127.0.0.1:8083] Channel acquired, now 258 active connections and 43 inactive connections
15:53:14.822 [reactor-http-nio-41] DEBUG reactor.netty.http.client.HttpClientConnect - [id: 0x91ccb779, L:/127.0.0.1:51713 - R:localhost/127.0.0.1:8083] Handler is being applied: {uri=http://localhost:8083/attractions, method=GET}
15:53:14.823 [reactor-http-nio-47] DEBUG reactor.netty.resources.PooledConnectionProvider - [id: 0xc1a60bcc, L:/127.0.0.1:51694 - R:localhost/127.0.0.1:8083] onStateChange(GET{uri=/attractions, connection=PooledConnection{channel=[id: 0xc1a60bcc, L:/127.0.0.1:51694 - R:localhost/127.0.0.1:8083]}}, [request_sent])
15:53:14.823 [reactor-http-nio-41] DEBUG reactor.netty.resources.PooledConnectionProvider - [id: 0x91ccb779, L:/127.0.0.1:51713 - R:localhost/127.0.0.1:8083] onStateChange(GET{uri=/attractions, connection=PooledConnection{channel=[id: 0x91ccb779, L:/127.0.0.1:51713 - R:localhost/127.0.0.1:8083]}}, [request_sent])
15:53:14.823 [reactor-http-nio-41] DEBUG reactor.netty.resources.PooledConnectionProvider - [id: 0x6edbd1c1, L:/127.0.0.1:51716 - R:localhost/127.0.0.1:8083] Channel acquired, now 259 active connections and 42 inactive connections
15:53:14.824 [reactor-http-nio-41] DEBUG reactor.netty.http.client.HttpClientConnect - [id: 0x6edbd1c1, L:/127.0.0.1:51716 - R:localhost/127.0.0.1:8083] Handler is being applied: {uri=http://localhost:8083/attractions, method=GET}
15:53:14.824 [reactor-http-nio-47] DEBUG reactor.netty.resources.PooledConnectionProvider - [id: 0xf30ad839, L:/127.0.0.1:51692 - R:localhost/127.0.0.1:8083] Channel acquired, now 260 active connections and 41 inactive connections
15:53:14.824 [reactor-http-nio-47] DEBUG reactor.netty.http.client.HttpClientConnect - [id: 0xf30ad839, L:/127.0.0.1:51692 - R:localhost/127.0.0.1:8083] Handler is being applied: {uri=http://localhost:8083/attractions, method=GET}
15:53:14.825 [reactor-http-nio-41] DEBUG reactor.netty.resources.PooledConnectionProvider - [id: 0x6edbd1c1, L:/127.0.0.1:51716 - R:localhost/127.0.0.1:8083] onStateChange(GET{uri=/attractions, connection=PooledConnection{channel=[id: 0x6edbd1c1, L:/127.0.0.1:51716 - R:localhost/127.0.0.1:8083]}}, [request_sent])
15:53:14.825 [reactor-http-nio-41] DEBUG reactor.netty.resources.PooledConnectionProvider - [id: 0x47a2f5da, L:/127.0.0.1:51723 - R:localhost/127.0.0.1:8083] Channel acquired, now 261 active connections and 40 inactive connections
15:53:14.825 [reactor-http-nio-47] DEBUG reactor.netty.resources.PooledConnectionProvider - [id: 0xf30ad839, L:/127.0.0.1:51692 - R:localhost/127.0.0.1:8083] onStateChange(GET{uri=/attractions, connection=PooledConnection{channel=[id: 0xf30ad839, L:/127.0.0.1:51692 - R:localhost/127.0.0.1:8083]}}, [request_sent])
15:53:14.825 [reactor-http-nio-41] DEBUG reactor.netty.http.client.HttpClientConnect - [id: 0x47a2f5da, L:/127.0.0.1:51723 - R:localhost/127.0.0.1:8083] Handler is being applied: {uri=http://localhost:8083/attractions, method=GET}
15:53:14.825 [reactor-http-nio-47] DEBUG reactor.netty.resources.PooledConnectionProvider - [id: 0xdaf60602, L:/127.0.0.1:51681 - R:localhost/127.0.0.1:8083] Channel acquired, now 262 active connections and 39 inactive connections
15:53:14.825 [reactor-http-nio-47] DEBUG reactor.netty.http.client.HttpClientConnect - [id: 0xdaf60602, L:/127.0.0.1:51681 - R:localhost/127.0.0.1:8083] Handler is being applied: {uri=http://localhost:8083/attractions, method=GET}
15:53:14.784 [pool-2-thread-163] INFO tourGuide.service.TourGuideService - visitedLocatio tourGuide.gpsUtil.VisitedLocation@4817cfb6
15:53:14.825 [reactor-http-nio-41] DEBUG reactor.netty.resources.PooledConnectionProvider - [id: 0x47a2f5da, L:/127.0.0.1:51723 - R:localhost/127.0.0.1:8083] onStateChange(GET{uri=/attractions, connection=PooledConnection{channel=[id: 0x47a2f5da, L:/127.0.0.1:51723 - R:localhost/127.0.0.1:8083]}}, [request_sent])
15:53:14.826 [reactor-http-nio-41] DEBUG reactor.netty.resources.PooledConnectionProvider - [id: 0xed0ba0e1, L:/127.0.0.1:51752 - R:localhost/127.0.0.1:8083] Channel acquired, now 263 active connections and 38 inactive connections
15:53:14.826 [reactor-http-nio-41] DEBUG reactor.netty.http.client.HttpClientConnect - [id: 0xed0ba0e1, L:/127.0.0.1:51752 - R:localhost/127.0.0.1:8083] Handler is being applied: {uri=http://localhost:8083/attractions, method=GET}
15:53:14.826 [reactor-http-nio-47] DEBUG reactor.netty.resources.PooledConnectionProvider - [id: 0xdaf60602, L:/127.0.0.1:51681 - R:localhost/127.0.0.1:8083] onStateChange(GET{uri=/attractions, connection=PooledConnection{channel=[id: 0xdaf60602, L:/127.0.0.1:51681 - R:localhost/127.0.0.1:8083]}}, [request_sent])
15:53:14.826 [reactor-http-nio-47] DEBUG reactor.netty.resources.PooledConnectionProvider - [id: 0x98ecb58e, L:/127.0.0.1:51684 - R:localhost/127.0.0.1:8083] Channel acquired, now 264 active connections and 37 inactive connections
15:53:14.826 [reactor-http-nio-47] DEBUG reactor.netty.http.client.HttpClientConnect - [id: 0x98ecb58e, L:/127.0.0.1:51684 - R:localhost/127.0.0.1:8083] Handler is being applied: {uri=http://localhost:8083/attractions, method=GET}
15:53:14.826 [pool-2-thread-163] DEBUG org.springframework.web.reactive.function.client.ExchangeFunctions - [2cbaf4d1] HTTP GET http://localhost:8083/attractions
15:53:14.826 [reactor-http-nio-41] DEBUG reactor.netty.resources.PooledConnectionProvider - [id: 0xed0ba0e1, L:/127.0.0.1:51752 - R:localhost/127.0.0.1:8083] onStateChange(GET{uri=/attractions, connection=PooledConnection{channel=[id: 0xed0ba0e1, L:/127.0.0.1:51752 - R:localhost/127.0.0.1:8083]}}, [request_sent])
15:53:14.827 [reactor-http-nio-41] DEBUG reactor.netty.resources.PooledConnectionProvider - [id: 0x58b3b7bf, L:/127.0.0.1:51717 - R:localhost/127.0.0.1:8083] Channel acquired, now 265 active connections and 36 inactive connections
15:53:14.827 [reactor-http-nio-41] DEBUG reactor.netty.http.client.HttpClientConnect - [id: 0x58b3b7bf, L:/127.0.0.1:51717 - R:localhost/127.0.0.1:8083] Handler is being applied: {uri=http://localhost:8083/attractions, method=GET}
15:53:14.827 [reactor-http-nio-48] DEBUG reactor.netty.resources.PooledConnectionProvider - [id: 0x023af947, L:/127.0.0.1:51706 - R:localhost/127.0.0.1:8083] Channel acquired, now 266 active connections and 35 inactive connections
15:53:14.827 [reactor-http-nio-48] DEBUG reactor.netty.http.client.HttpClientConnect - [id: 0x023af947, L:/127.0.0.1:51706 - R:localhost/127.0.0.1:8083] Handler is being applied: {uri=http://localhost:8083/attractions, method=GET}
15:53:14.828 [reactor-http-nio-48] DEBUG reactor.netty.resources.PooledConnectionProvider - [id: 0x023af947, L:/127.0.0.1:51706 - R:localhost/127.0.0.1:8083] onStateChange(GET{uri=/attractions, connection=PooledConnection{channel=[id: 0x023af947, L:/127.0.0.1:51706 - R:localhost/127.0.0.1:8083]}}, [request_sent])
15:53:14.828 [reactor-http-nio-41] DEBUG reactor.netty.resources.PooledConnectionProvider - [id: 0x58b3b7bf, L:/127.0.0.1:51717 - R:localhost/127.0.0.1:8083] onStateChange(GET{uri=/attractions, connection=PooledConnection{channel=[id: 0x58b3b7bf, L:/127.0.0.1:51717 - R:localhost/127.0.0.1:8083]}}, [request_sent])
15:53:14.828 [reactor-http-nio-41] DEBUG reactor.netty.resources.PooledConnectionProvider - [id: 0xdc4a09e2, L:/127.0.0.1:51708 - R:localhost/127.0.0.1:8083] Channel acquired, now 267 active connections and 34 inactive connections
15:53:14.828 [reactor-http-nio-47] DEBUG reactor.netty.resources.PooledConnectionProvider - [id: 0x98ecb58e, L:/127.0.0.1:51684 - R:localhost/127.0.0.1:8083] onStateChange(GET{uri=/attractions, connection=PooledConnection{channel=[id: 0x98ecb58e, L:/127.0.0.1:51684 - R:localhost/127.0.0.1:8083]}}, [request_sent])
15:53:14.828 [reactor-http-nio-47] DEBUG reactor.netty.resources.PooledConnectionProvider - [id: 0x120dec4e, L:/127.0.0.1:51686 - R:localhost/127.0.0.1:8083] Channel acquired, now 268 active connections and 33 inactive connections
15:53:14.828 [reactor-http-nio-47] DEBUG reactor.netty.http.client.HttpClientConnect - [id: 0x120dec4e, L:/127.0.0.1:51686 - R:localhost/127.0.0.1:8083] Handler is being applied: {uri=http://localhost:8083/attractions, method=GET}
15:53:14.828 [reactor-http-nio-41] DEBUG reactor.netty.http.client.HttpClientConnect - [id: 0xdc4a09e2, L:/127.0.0.1:51708 - R:localhost/127.0.0.1:8083] Handler is being applied: {uri=http://localhost:8083/attractions, method=GET}
15:53:14.829 [reactor-http-nio-47] DEBUG reactor.netty.resources.PooledConnectionProvider - [id: 0x120dec4e, L:/127.0.0.1:51686 - R:localhost/127.0.0.1:8083] onStateChange(GET{uri=/attractions, connection=PooledConnection{channel=[id: 0x120dec4e, L:/127.0.0.1:51686 - R:localhost/127.0.0.1:8083]}}, [request_sent])
15:53:14.829 [reactor-http-nio-47] DEBUG reactor.netty.resources.PooledConnectionProvider - [id: 0x99bba80d, L:/127.0.0.1:51693 - R:localhost/127.0.0.1:8083] Channel acquired, now 269 active connections and 32 inactive connections
15:53:14.829 [reactor-http-nio-41] DEBUG reactor.netty.resources.PooledConnectionProvider - [id: 0xdc4a09e2, L:/127.0.0.1:51708 - R:localhost/127.0.0.1:8083] onStateChange(GET{uri=/attractions, connection=PooledConnection{channel=[id: 0xdc4a09e2, L:/127.0.0.1:51708 - R:localhost/127.0.0.1:8083]}}, [request_sent])
15:53:14.829 [reactor-http-nio-47] DEBUG reactor.netty.http.client.HttpClientConnect - [id: 0x99bba80d, L:/127.0.0.1:51693 - R:localhost/127.0.0.1:8083] Handler is being applied: {uri=http://localhost:8083/attractions, method=GET}
15:53:14.829 [reactor-http-nio-41] DEBUG reactor.netty.resources.PooledConnectionProvider - [id: 0x1649a857, L:/127.0.0.1:51794 - R:localhost/127.0.0.1:8083] Channel acquired, now 270 active connections and 31 inactive connections
15:53:14.830 [reactor-http-nio-41] DEBUG reactor.netty.http.client.HttpClientConnect - [id: 0x1649a857, L:/127.0.0.1:51794 - R:localhost/127.0.0.1:8083] Handler is being applied: {uri=http://localhost:8083/attractions, method=GET}
15:53:14.830 [reactor-http-nio-47] DEBUG reactor.netty.resources.PooledConnectionProvider - [id: 0x99bba80d, L:/127.0.0.1:51693 - R:localhost/127.0.0.1:8083] onStateChange(GET{uri=/attractions, connection=PooledConnection{channel=[id: 0x99bba80d, L:/127.0.0.1:51693 - R:localhost/127.0.0.1:8083]}}, [request_sent])
15:53:14.831 [reactor-http-nio-47] DEBUG reactor.netty.resources.PooledConnectionProvider - [id: 0xd1ebbc3a, L:/127.0.0.1:51690 - R:localhost/127.0.0.1:8083] Channel acquired, now 271 active connections and 30 inactive connections
15:53:14.831 [reactor-http-nio-47] DEBUG reactor.netty.http.client.HttpClientConnect - [id: 0xd1ebbc3a, L:/127.0.0.1:51690 - R:localhost/127.0.0.1:8083] Handler is being applied: {uri=http://localhost:8083/attractions, method=GET}
15:53:14.831 [pool-2-thread-121] INFO tourGuide.service.TourGuideService - visitedLocatio tourGuide.gpsUtil.VisitedLocation@2433336e
15:53:14.832 [reactor-http-nio-47] DEBUG reactor.netty.resources.PooledConnectionProvider - [id: 0xd1ebbc3a, L:/127.0.0.1:51690 - R:localhost/127.0.0.1:8083] onStateChange(GET{uri=/attractions, connection=PooledConnection{channel=[id: 0xd1ebbc3a, L:/127.0.0.1:51690 - R:localhost/127.0.0.1:8083]}}, [request_sent])
15:53:14.832 [pool-2-thread-121] DEBUG org.springframework.web.reactive.function.client.ExchangeFunctions - [40a7704a] HTTP GET http://localhost:8083/attractions
15:53:14.832 [reactor-http-nio-47] DEBUG reactor.netty.resources.PooledConnectionProvider - [id: 0x6caa1951, L:/127.0.0.1:51695 - R:localhost/127.0.0.1:8083] Channel acquired, now 272 active connections and 29 inactive connections
15:53:14.833 [reactor-http-nio-47] DEBUG reactor.netty.http.client.HttpClientConnect - [id: 0x6caa1951, L:/127.0.0.1:51695 - R:localhost/127.0.0.1:8083] Handler is being applied: {uri=http://localhost:8083/attractions, method=GET}
15:53:14.834 [pool-2-thread-58] INFO tourGuide.service.TourGuideService - visitedLocatio tourGuide.gpsUtil.VisitedLocation@593494cb
15:53:14.834 [reactor-http-nio-47] DEBUG reactor.netty.resources.PooledConnectionProvider - [id: 0x6caa1951, L:/127.0.0.1:51695 - R:localhost/127.0.0.1:8083] onStateChange(GET{uri=/attractions, connection=PooledConnection{channel=[id: 0x6caa1951, L:/127.0.0.1:51695 - R:localhost/127.0.0.1:8083]}}, [request_sent])
15:53:14.834 [reactor-http-nio-47] DEBUG reactor.netty.resources.PooledConnectionProvider - [id: 0x792d5066, L:/127.0.0.1:51697 - R:localhost/127.0.0.1:8083] Channel acquired, now 274 active connections and 27 inactive connections
15:53:14.834 [reactor-http-nio-47] DEBUG reactor.netty.http.client.HttpClientConnect - [id: 0x792d5066, L:/127.0.0.1:51697 - R:localhost/127.0.0.1:8083] Handler is being applied: {uri=http://localhost:8083/attractions, method=GET}
15:53:14.834 [pool-2-thread-58] DEBUG org.springframework.web.reactive.function.client.ExchangeFunctions - [76a86067] HTTP GET http://localhost:8083/attractions
15:53:14.834 [pool-5-thread-35] INFO tourGuide.service.TourGuideService - visitedLocatio tourGuide.gpsUtil.VisitedLocation@34ecbbc4
15:53:14.787 [pool-2-thread-166] DEBUG org.springframework.web.reactive.function.client.ExchangeFunctions - [25d959cf] HTTP GET http://localhost:8083/attractions
15:53:14.835 [pool-5-thread-35] DEBUG org.springframework.web.reactive.function.client.ExchangeFunctions - [39591cff] HTTP GET http://localhost:8083/attractions
15:53:14.835 [reactor-http-nio-47] DEBUG reactor.netty.resources.PooledConnectionProvider - [id: 0x792d5066, L:/127.0.0.1:51697 - R:localhost/127.0.0.1:8083] onStateChange(GET{uri=/attractions, connection=PooledConnection{channel=[id: 0x792d5066, L:/127.0.0.1:51697 - R:localhost/127.0.0.1:8083]}}, [request_sent])
15:53:14.835 [reactor-http-nio-47] DEBUG reactor.netty.resources.PooledConnectionProvider - [id: 0x25d8fc77, L:/127.0.0.1:51691 - R:localhost/127.0.0.1:8083] Channel acquired, now 275 active connections and 26 inactive connections
15:53:14.835 [reactor-http-nio-47] DEBUG reactor.netty.http.client.HttpClientConnect - [id: 0x25d8fc77, L:/127.0.0.1:51691 - R:localhost/127.0.0.1:8083] Handler is being applied: {uri=http://localhost:8083/attractions, method=GET}
15:53:14.835 [reactor-http-nio-46] DEBUG reactor.netty.resources.PooledConnectionProvider - [id: 0x57e92495, L:/127.0.0.1:51779 - R:localhost/127.0.0.1:8083] Channel acquired, now 276 active connections and 25 inactive connections
15:53:14.836 [reactor-http-nio-46] DEBUG reactor.netty.http.client.HttpClientConnect - [id: 0x57e92495, L:/127.0.0.1:51779 - R:localhost/127.0.0.1:8083] Handler is being applied: {uri=http://localhost:8083/attractions, method=GET}
15:53:14.836 [reactor-http-nio-47] DEBUG reactor.netty.resources.PooledConnectionProvider - [id: 0x25d8fc77, L:/127.0.0.1:51691 - R:localhost/127.0.0.1:8083] onStateChange(GET{uri=/attractions, connection=PooledConnection{channel=[id: 0x25d8fc77, L:/127.0.0.1:51691 - R:localhost/127.0.0.1:8083]}}, [request_sent])
15:53:14.836 [reactor-http-nio-46] DEBUG reactor.netty.resources.PooledConnectionProvider - [id: 0x57e92495, L:/127.0.0.1:51779 - R:localhost/127.0.0.1:8083] onStateChange(GET{uri=/attractions, connection=PooledConnection{channel=[id: 0x57e92495, L:/127.0.0.1:51779 - R:localhost/127.0.0.1:8083]}}, [request_sent])
15:53:14.836 [reactor-http-nio-47] DEBUG reactor.netty.resources.PooledConnectionProvider - [id: 0xdce01143, L:/127.0.0.1:51689 - R:localhost/127.0.0.1:8083] Channel acquired, now 277 active connections and 24 inactive connections
15:53:14.836 [reactor-http-nio-47] DEBUG reactor.netty.http.client.HttpClientConnect - [id: 0xdce01143, L:/127.0.0.1:51689 - R:localhost/127.0.0.1:8083] Handler is being applied: {uri=http://localhost:8083/attractions, method=GET}
15:53:14.813 [pool-5-thread-83] INFO tourGuide.service.TourGuideService - visitedLocatio tourGuide.gpsUtil.VisitedLocation@379bffc0
15:53:14.837 [reactor-http-nio-47] DEBUG reactor.netty.resources.PooledConnectionProvider - [id: 0xdce01143, L:/127.0.0.1:51689 - R:localhost/127.0.0.1:8083] onStateChange(GET{uri=/attractions, connection=PooledConnection{channel=[id: 0xdce01143, L:/127.0.0.1:51689 - R:localhost/127.0.0.1:8083]}}, [request_sent])
15:53:14.837 [reactor-http-nio-47] DEBUG reactor.netty.resources.PooledConnectionProvider - [id: 0xa7d8e8a3, L:/127.0.0.1:51682 - R:localhost/127.0.0.1:8083] Channel acquired, now 278 active connections and 23 inactive connections
15:53:14.837 [reactor-http-nio-47] DEBUG reactor.netty.http.client.HttpClientConnect - [id: 0xa7d8e8a3, L:/127.0.0.1:51682 - R:localhost/127.0.0.1:8083] Handler is being applied: {uri=http://localhost:8083/attractions, method=GET}
15:53:14.837 [pool-5-thread-83] DEBUG org.springframework.web.reactive.function.client.ExchangeFunctions - [27951bdc] HTTP GET http://localhost:8083/attractions
15:53:14.839 [reactor-http-nio-47] DEBUG reactor.netty.resources.PooledConnectionProvider - [id: 0xa7d8e8a3, L:/127.0.0.1:51682 - R:localhost/127.0.0.1:8083] onStateChange(GET{uri=/attractions, connection=PooledConnection{channel=[id: 0xa7d8e8a3, L:/127.0.0.1:51682 - R:localhost/127.0.0.1:8083]}}, [request_sent])
15:53:14.839 [reactor-http-nio-47] DEBUG reactor.netty.resources.PooledConnectionProvider - [id: 0xf17c5cf9, L:/127.0.0.1:51688 - R:localhost/127.0.0.1:8083] Channel acquired, now 279 active connections and 22 inactive connections
15:53:14.839 [reactor-http-nio-47] DEBUG reactor.netty.http.client.HttpClientConnect - [id: 0xf17c5cf9, L:/127.0.0.1:51688 - R:localhost/127.0.0.1:8083] Handler is being applied: {uri=http://localhost:8083/attractions, method=GET}
15:53:14.839 [pool-2-thread-73] INFO tourGuide.service.TourGuideService - visitedLocatio tourGuide.gpsUtil.VisitedLocation@1eea6c0b
15:53:14.821 [pool-5-thread-27] INFO tourGuide.service.TourGuideService - visitedLocatio tourGuide.gpsUtil.VisitedLocation@f19f66f
15:53:14.839 [reactor-http-nio-47] DEBUG reactor.netty.resources.PooledConnectionProvider - [id: 0xf17c5cf9, L:/127.0.0.1:51688 - R:localhost/127.0.0.1:8083] onStateChange(GET{uri=/attractions, connection=PooledConnection{channel=[id: 0xf17c5cf9, L:/127.0.0.1:51688 - R:localhost/127.0.0.1:8083]}}, [request_sent])
15:53:14.840 [pool-2-thread-73] DEBUG org.springframework.web.reactive.function.client.ExchangeFunctions - [143026a7] HTTP GET http://localhost:8083/attractions
15:53:14.840 [reactor-http-nio-46] DEBUG reactor.netty.resources.PooledConnectionProvider - [id: 0xe441070c, L:/127.0.0.1:51808 - R:localhost/127.0.0.1:8083] Channel acquired, now 280 active connections and 21 inactive connections
15:53:14.840 [reactor-http-nio-46] DEBUG reactor.netty.http.client.HttpClientConnect - [id: 0xe441070c, L:/127.0.0.1:51808 - R:localhost/127.0.0.1:8083] Handler is being applied: {uri=http://localhost:8083/attractions, method=GET}
15:53:14.841 [pool-5-thread-27] DEBUG org.springframework.web.reactive.function.client.ExchangeFunctions - [eade1e0] HTTP GET http://localhost:8083/attractions
15:53:14.841 [reactor-http-nio-46] DEBUG reactor.netty.resources.PooledConnectionProvider - [id: 0xe441070c, L:/127.0.0.1:51808 - R:localhost/127.0.0.1:8083] onStateChange(GET{uri=/attractions, connection=PooledConnection{channel=[id: 0xe441070c, L:/127.0.0.1:51808 - R:localhost/127.0.0.1:8083]}}, [request_sent])
15:53:14.825 [pool-5-thread-97] INFO tourGuide.service.TourGuideService - visitedLocatio tourGuide.gpsUtil.VisitedLocation@1686f3b4
15:53:14.842 [pool-5-thread-97] DEBUG org.springframework.web.reactive.function.client.ExchangeFunctions - [46e29fa5] HTTP GET http://localhost:8083/attractions
15:53:14.843 [pool-5-thread-32] INFO tourGuide.service.TourGuideService - visitedLocatio tourGuide.gpsUtil.VisitedLocation@605a3538
15:53:14.843 [reactor-http-nio-46] DEBUG reactor.netty.resources.PooledConnectionProvider - [id: 0xd8e5c342, L:/127.0.0.1:51820 - R:localhost/127.0.0.1:8083] Channel acquired, now 281 active connections and 20 inactive connections
15:53:14.843 [reactor-http-nio-46] DEBUG reactor.netty.http.client.HttpClientConnect - [id: 0xd8e5c342, L:/127.0.0.1:51820 - R:localhost/127.0.0.1:8083] Handler is being applied: {uri=http://localhost:8083/attractions, method=GET}
15:53:14.843 [pool-5-thread-32] DEBUG org.springframework.web.reactive.function.client.ExchangeFunctions - [429f0ae3] HTTP GET http://localhost:8083/attractions
15:53:14.844 [reactor-http-nio-46] DEBUG reactor.netty.resources.PooledConnectionProvider - [id: 0xd8e5c342, L:/127.0.0.1:51820 - R:localhost/127.0.0.1:8083] onStateChange(GET{uri=/attractions, connection=PooledConnection{channel=[id: 0xd8e5c342, L:/127.0.0.1:51820 - R:localhost/127.0.0.1:8083]}}, [request_sent])
15:53:14.845 [pool-2-thread-9] INFO tourGuide.service.TourGuideService - visitedLocatio tourGuide.gpsUtil.VisitedLocation@12afce7d
15:53:14.845 [reactor-http-nio-46] DEBUG reactor.netty.resources.PooledConnectionProvider - [id: 0x6dee6723, L:/127.0.0.1:51807 - R:localhost/127.0.0.1:8083] Channel acquired, now 282 active connections and 19 inactive connections
15:53:14.845 [reactor-http-nio-46] DEBUG reactor.netty.http.client.HttpClientConnect - [id: 0x6dee6723, L:/127.0.0.1:51807 - R:localhost/127.0.0.1:8083] Handler is being applied: {uri=http://localhost:8083/attractions, method=GET}
15:53:14.845 [pool-2-thread-9] DEBUG org.springframework.web.reactive.function.client.ExchangeFunctions - [5c1bc687] HTTP GET http://localhost:8083/attractions
15:53:14.832 [reactor-http-nio-41] DEBUG reactor.netty.resources.PooledConnectionProvider - [id: 0x1649a857, L:/127.0.0.1:51794 - R:localhost/127.0.0.1:8083] onStateChange(GET{uri=/attractions, connection=PooledConnection{channel=[id: 0x1649a857, L:/127.0.0.1:51794 - R:localhost/127.0.0.1:8083]}}, [request_sent])
15:53:14.832 [reactor-http-nio-48] DEBUG reactor.netty.resources.PooledConnectionProvider - [id: 0x6adf9794, L:/127.0.0.1:51702 - R:localhost/127.0.0.1:8083] Channel acquired, now 273 active connections and 28 inactive connections
15:53:14.846 [reactor-http-nio-48] DEBUG reactor.netty.http.client.HttpClientConnect - [id: 0x6adf9794, L:/127.0.0.1:51702 - R:localhost/127.0.0.1:8083] Handler is being applied: {uri=http://localhost:8083/attractions, method=GET}
15:53:14.846 [reactor-http-nio-41] DEBUG reactor.netty.resources.PooledConnectionProvider - [id: 0x9cec33d8, L:/127.0.0.1:51722 - R:localhost/127.0.0.1:8083] Channel acquired, now 283 active connections and 18 inactive connections
15:53:14.846 [reactor-http-nio-46] DEBUG reactor.netty.resources.PooledConnectionProvider - [id: 0x6dee6723, L:/127.0.0.1:51807 - R:localhost/127.0.0.1:8083] onStateChange(GET{uri=/attractions, connection=PooledConnection{channel=[id: 0x6dee6723, L:/127.0.0.1:51807 - R:localhost/127.0.0.1:8083]}}, [request_sent])
15:53:14.846 [reactor-http-nio-47] DEBUG reactor.netty.resources.PooledConnectionProvider - [id: 0x94ed7f01, L:/127.0.0.1:51699 - R:localhost/127.0.0.1:8083] Channel acquired, now 284 active connections and 17 inactive connections
15:53:14.846 [reactor-http-nio-47] DEBUG reactor.netty.http.client.HttpClientConnect - [id: 0x94ed7f01, L:/127.0.0.1:51699 - R:localhost/127.0.0.1:8083] Handler is being applied: {uri=http://localhost:8083/attractions, method=GET}
15:53:14.846 [reactor-http-nio-41] DEBUG reactor.netty.http.client.HttpClientConnect - [id: 0x9cec33d8, L:/127.0.0.1:51722 - R:localhost/127.0.0.1:8083] Handler is being applied: {uri=http://localhost:8083/attractions, method=GET}
15:53:14.846 [reactor-http-nio-48] DEBUG reactor.netty.resources.PooledConnectionProvider - [id: 0x6adf9794, L:/127.0.0.1:51702 - R:localhost/127.0.0.1:8083] onStateChange(GET{uri=/attractions, connection=PooledConnection{channel=[id: 0x6adf9794, L:/127.0.0.1:51702 - R:localhost/127.0.0.1:8083]}}, [request_sent])
15:53:14.847 [reactor-http-nio-41] DEBUG reactor.netty.resources.PooledConnectionProvider - [id: 0x9cec33d8, L:/127.0.0.1:51722 - R:localhost/127.0.0.1:8083] onStateChange(GET{uri=/attractions, connection=PooledConnection{channel=[id: 0x9cec33d8, L:/127.0.0.1:51722 - R:localhost/127.0.0.1:8083]}}, [request_sent])
15:53:14.847 [reactor-http-nio-46] DEBUG reactor.netty.resources.PooledConnectionProvider - [id: 0xd99a3f51, L:/127.0.0.1:51806 - R:localhost/127.0.0.1:8083] Channel acquired, now 285 active connections and 16 inactive connections
15:53:14.847 [reactor-http-nio-47] DEBUG reactor.netty.resources.PooledConnectionProvider - [id: 0x94ed7f01, L:/127.0.0.1:51699 - R:localhost/127.0.0.1:8083] onStateChange(GET{uri=/attractions, connection=PooledConnection{channel=[id: 0x94ed7f01, L:/127.0.0.1:51699 - R:localhost/127.0.0.1:8083]}}, [request_sent])
15:53:14.847 [reactor-http-nio-47] DEBUG reactor.netty.resources.PooledConnectionProvider - [id: 0x5f2155e6, L:/127.0.0.1:51846 - R:localhost/127.0.0.1:8083] Channel acquired, now 286 active connections and 15 inactive connections
15:53:14.847 [reactor-http-nio-46] DEBUG reactor.netty.http.client.HttpClientConnect - [id: 0xd99a3f51, L:/127.0.0.1:51806 - R:localhost/127.0.0.1:8083] Handler is being applied: {uri=http://localhost:8083/attractions, method=GET}
15:53:14.847 [reactor-http-nio-47] DEBUG reactor.netty.http.client.HttpClientConnect - [id: 0x5f2155e6, L:/127.0.0.1:51846 - R:localhost/127.0.0.1:8083] Handler is being applied: {uri=http://localhost:8083/attractions, method=GET}
15:53:14.847 [pool-2-thread-72] INFO tourGuide.service.TourGuideService - visitedLocatio tourGuide.gpsUtil.VisitedLocation@b110cc2
15:53:14.848 [reactor-http-nio-47] DEBUG reactor.netty.resources.PooledConnectionProvider - [id: 0x5f2155e6, L:/127.0.0.1:51846 - R:localhost/127.0.0.1:8083] onStateChange(GET{uri=/attractions, connection=PooledConnection{channel=[id: 0x5f2155e6, L:/127.0.0.1:51846 - R:localhost/127.0.0.1:8083]}}, [request_sent])
15:53:14.848 [pool-2-thread-72] DEBUG org.springframework.web.reactive.function.client.ExchangeFunctions - [4aa280bd] HTTP GET http://localhost:8083/attractions
15:53:14.848 [reactor-http-nio-46] DEBUG reactor.netty.resources.PooledConnectionProvider - [id: 0xd99a3f51, L:/127.0.0.1:51806 - R:localhost/127.0.0.1:8083] onStateChange(GET{uri=/attractions, connection=PooledConnection{channel=[id: 0xd99a3f51, L:/127.0.0.1:51806 - R:localhost/127.0.0.1:8083]}}, [request_sent])
15:53:14.848 [reactor-http-nio-47] DEBUG reactor.netty.resources.PooledConnectionProvider - [id: 0xf1ad37c6, L:/127.0.0.1:51687 - R:localhost/127.0.0.1:8083] Channel acquired, now 287 active connections and 14 inactive connections
15:53:14.849 [reactor-http-nio-46] DEBUG reactor.netty.resources.PooledConnectionProvider - [id: 0x4be48215, L:/127.0.0.1:51749 - R:localhost/127.0.0.1:8083] Channel acquired, now 288 active connections and 13 inactive connections
15:53:14.849 [reactor-http-nio-46] DEBUG reactor.netty.http.client.HttpClientConnect - [id: 0x4be48215, L:/127.0.0.1:51749 - R:localhost/127.0.0.1:8083] Handler is being applied: {uri=http://localhost:8083/attractions, method=GET}
15:53:14.849 [reactor-http-nio-41] DEBUG reactor.netty.resources.PooledConnectionProvider - [id: 0x38682cba, L:/127.0.0.1:51715 - R:localhost/127.0.0.1:8083] Channel acquired, now 289 active connections and 12 inactive connections
15:53:14.849 [reactor-http-nio-41] DEBUG reactor.netty.http.client.HttpClientConnect - [id: 0x38682cba, L:/127.0.0.1:51715 - R:localhost/127.0.0.1:8083] Handler is being applied: {uri=http://localhost:8083/attractions, method=GET}
15:53:14.849 [reactor-http-nio-46] DEBUG reactor.netty.resources.PooledConnectionProvider - [id: 0x4be48215, L:/127.0.0.1:51749 - R:localhost/127.0.0.1:8083] onStateChange(GET{uri=/attractions, connection=PooledConnection{channel=[id: 0x4be48215, L:/127.0.0.1:51749 - R:localhost/127.0.0.1:8083]}}, [request_sent])
15:53:14.850 [reactor-http-nio-41] DEBUG reactor.netty.resources.PooledConnectionProvider - [id: 0x38682cba, L:/127.0.0.1:51715 - R:localhost/127.0.0.1:8083] onStateChange(GET{uri=/attractions, connection=PooledConnection{channel=[id: 0x38682cba, L:/127.0.0.1:51715 - R:localhost/127.0.0.1:8083]}}, [request_sent])
15:53:14.850 [reactor-http-nio-41] DEBUG reactor.netty.resources.PooledConnectionProvider - [id: 0x22744470, L:/127.0.0.1:51785 - R:localhost/127.0.0.1:8083] Channel acquired, now 290 active connections and 11 inactive connections
15:53:14.850 [reactor-http-nio-41] DEBUG reactor.netty.http.client.HttpClientConnect - [id: 0x22744470, L:/127.0.0.1:51785 - R:localhost/127.0.0.1:8083] Handler is being applied: {uri=http://localhost:8083/attractions, method=GET}
15:53:14.851 [pool-5-thread-36] INFO tourGuide.service.TourGuideService - visitedLocatio tourGuide.gpsUtil.VisitedLocation@7a417af
15:53:14.851 [reactor-http-nio-41] DEBUG reactor.netty.resources.PooledConnectionProvider - [id: 0x22744470, L:/127.0.0.1:51785 - R:localhost/127.0.0.1:8083] onStateChange(GET{uri=/attractions, connection=PooledConnection{channel=[id: 0x22744470, L:/127.0.0.1:51785 - R:localhost/127.0.0.1:8083]}}, [request_sent])
15:53:14.851 [reactor-http-nio-41] DEBUG reactor.netty.resources.PooledConnectionProvider - [id: 0xd240e1c5, L:/127.0.0.1:51773 - R:localhost/127.0.0.1:8083] Channel acquired, now 291 active connections and 10 inactive connections
15:53:14.851 [reactor-http-nio-41] DEBUG reactor.netty.http.client.HttpClientConnect - [id: 0xd240e1c5, L:/127.0.0.1:51773 - R:localhost/127.0.0.1:8083] Handler is being applied: {uri=http://localhost:8083/attractions, method=GET}
15:53:14.839 [pool-5-thread-56] INFO tourGuide.service.TourGuideService - visitedLocatio tourGuide.gpsUtil.VisitedLocation@21970086
15:53:14.849 [reactor-http-nio-47] DEBUG reactor.netty.http.client.HttpClientConnect - [id: 0xf1ad37c6, L:/127.0.0.1:51687 - R:localhost/127.0.0.1:8083] Handler is being applied: {uri=http://localhost:8083/attractions, method=GET}
15:53:14.851 [pool-5-thread-36] DEBUG org.springframework.web.reactive.function.client.ExchangeFunctions - [7b031d8f] HTTP GET http://localhost:8083/attractions
15:53:14.851 [pool-5-thread-56] DEBUG org.springframework.web.reactive.function.client.ExchangeFunctions - [217dc34] HTTP GET http://localhost:8083/attractions
15:53:14.852 [reactor-http-nio-46] DEBUG reactor.netty.resources.PooledConnectionProvider - [id: 0x8e4bf8f0, L:/127.0.0.1:51754 - R:localhost/127.0.0.1:8083] Channel acquired, now 292 active connections and 9 inactive connections
15:53:14.852 [reactor-http-nio-47] DEBUG reactor.netty.resources.PooledConnectionProvider - [id: 0xf1ad37c6, L:/127.0.0.1:51687 - R:localhost/127.0.0.1:8083] onStateChange(GET{uri=/attractions, connection=PooledConnection{channel=[id: 0xf1ad37c6, L:/127.0.0.1:51687 - R:localhost/127.0.0.1:8083]}}, [request_sent])
15:53:14.852 [reactor-http-nio-46] DEBUG reactor.netty.http.client.HttpClientConnect - [id: 0x8e4bf8f0, L:/127.0.0.1:51754 - R:localhost/127.0.0.1:8083] Handler is being applied: {uri=http://localhost:8083/attractions, method=GET}
15:53:14.853 [reactor-http-nio-46] DEBUG reactor.netty.resources.PooledConnectionProvider - [id: 0x8e4bf8f0, L:/127.0.0.1:51754 - R:localhost/127.0.0.1:8083] onStateChange(GET{uri=/attractions, connection=PooledConnection{channel=[id: 0x8e4bf8f0, L:/127.0.0.1:51754 - R:localhost/127.0.0.1:8083]}}, [request_sent])
15:53:14.854 [pool-2-thread-103] INFO tourGuide.service.TourGuideService - visitedLocatio tourGuide.gpsUtil.VisitedLocation@51408c49
15:53:14.854 [reactor-http-nio-46] DEBUG reactor.netty.resources.PooledConnectionProvider - [id: 0x72e5dab1, L:/127.0.0.1:51797 - R:localhost/127.0.0.1:8083] Channel acquired, now 293 active connections and 8 inactive connections
15:53:14.854 [reactor-http-nio-46] DEBUG reactor.netty.http.client.HttpClientConnect - [id: 0x72e5dab1, L:/127.0.0.1:51797 - R:localhost/127.0.0.1:8083] Handler is being applied: {uri=http://localhost:8083/attractions, method=GET}
15:53:14.854 [reactor-http-nio-41] DEBUG reactor.netty.resources.PooledConnectionProvider - [id: 0xd240e1c5, L:/127.0.0.1:51773 - R:localhost/127.0.0.1:8083] onStateChange(GET{uri=/attractions, connection=PooledConnection{channel=[id: 0xd240e1c5, L:/127.0.0.1:51773 - R:localhost/127.0.0.1:8083]}}, [request_sent])
15:53:14.854 [pool-2-thread-103] DEBUG org.springframework.web.reactive.function.client.ExchangeFunctions - [77b40859] HTTP GET http://localhost:8083/attractions
15:53:14.855 [reactor-http-nio-47] DEBUG reactor.netty.resources.PooledConnectionProvider - [id: 0x26a43d3a, L:/127.0.0.1:51840 - R:localhost/127.0.0.1:8083] Channel acquired, now 294 active connections and 7 inactive connections
15:53:14.855 [reactor-http-nio-47] DEBUG reactor.netty.http.client.HttpClientConnect - [id: 0x26a43d3a, L:/127.0.0.1:51840 - R:localhost/127.0.0.1:8083] Handler is being applied: {uri=http://localhost:8083/attractions, method=GET}
15:53:14.855 [reactor-http-nio-46] DEBUG reactor.netty.resources.PooledConnectionProvider - [id: 0x72e5dab1, L:/127.0.0.1:51797 - R:localhost/127.0.0.1:8083] onStateChange(GET{uri=/attractions, connection=PooledConnection{channel=[id: 0x72e5dab1, L:/127.0.0.1:51797 - R:localhost/127.0.0.1:8083]}}, [request_sent])
15:53:14.856 [reactor-http-nio-41] DEBUG reactor.netty.resources.PooledConnectionProvider - [id: 0xb1945a60, L:/127.0.0.1:51727 - R:localhost/127.0.0.1:8083] Channel acquired, now 295 active connections and 6 inactive connections
15:53:14.856 [reactor-http-nio-47] DEBUG reactor.netty.resources.PooledConnectionProvider - [id: 0x26a43d3a, L:/127.0.0.1:51840 - R:localhost/127.0.0.1:8083] onStateChange(GET{uri=/attractions, connection=PooledConnection{channel=[id: 0x26a43d3a, L:/127.0.0.1:51840 - R:localhost/127.0.0.1:8083]}}, [request_sent])
15:53:14.856 [reactor-http-nio-41] DEBUG reactor.netty.http.client.HttpClientConnect - [id: 0xb1945a60, L:/127.0.0.1:51727 - R:localhost/127.0.0.1:8083] Handler is being applied: {uri=http://localhost:8083/attractions, method=GET}
15:53:14.857 [reactor-http-nio-41] DEBUG reactor.netty.resources.PooledConnectionProvider - [id: 0xb1945a60, L:/127.0.0.1:51727 - R:localhost/127.0.0.1:8083] onStateChange(GET{uri=/attractions, connection=PooledConnection{channel=[id: 0xb1945a60, L:/127.0.0.1:51727 - R:localhost/127.0.0.1:8083]}}, [request_sent])
15:53:14.857 [pool-2-thread-104] INFO tourGuide.service.TourGuideService - visitedLocatio tourGuide.gpsUtil.VisitedLocation@2a1ff947
15:53:14.857 [pool-2-thread-126] INFO tourGuide.service.TourGuideService - visitedLocatio tourGuide.gpsUtil.VisitedLocation@66cb211b
15:53:14.858 [pool-2-thread-104] DEBUG org.springframework.web.reactive.function.client.ExchangeFunctions - [4076b40f] HTTP GET http://localhost:8083/attractions
15:53:14.858 [reactor-http-nio-41] DEBUG reactor.netty.resources.PooledConnectionProvider - [id: 0xe848c2c1, L:/127.0.0.1:51736 - R:localhost/127.0.0.1:8083] Channel acquired, now 296 active connections and 5 inactive connections
15:53:14.858 [reactor-http-nio-41] DEBUG reactor.netty.http.client.HttpClientConnect - [id: 0xe848c2c1, L:/127.0.0.1:51736 - R:localhost/127.0.0.1:8083] Handler is being applied: {uri=http://localhost:8083/attractions, method=GET}
15:53:14.859 [pool-5-thread-31] INFO tourGuide.service.TourGuideService - visitedLocatio tourGuide.gpsUtil.VisitedLocation@6b47a1f3
15:53:14.859 [pool-2-thread-126] DEBUG org.springframework.web.reactive.function.client.ExchangeFunctions - [288f3a06] HTTP GET http://localhost:8083/attractions
15:53:14.859 [reactor-http-nio-41] DEBUG reactor.netty.resources.PooledConnectionProvider - [id: 0xe848c2c1, L:/127.0.0.1:51736 - R:localhost/127.0.0.1:8083] onStateChange(GET{uri=/attractions, connection=PooledConnection{channel=[id: 0xe848c2c1, L:/127.0.0.1:51736 - R:localhost/127.0.0.1:8083]}}, [request_sent])
15:53:14.859 [reactor-http-nio-46] DEBUG reactor.netty.resources.PooledConnectionProvider - [id: 0x66bc1825, L:/127.0.0.1:51780 - R:localhost/127.0.0.1:8083] Channel acquired, now 297 active connections and 4 inactive connections
15:53:14.859 [pool-5-thread-31] DEBUG org.springframework.web.reactive.function.client.ExchangeFunctions - [2c595da7] HTTP GET http://localhost:8083/attractions
15:53:14.860 [reactor-http-nio-46] DEBUG reactor.netty.http.client.HttpClientConnect - [id: 0x66bc1825, L:/127.0.0.1:51780 - R:localhost/127.0.0.1:8083] Handler is being applied: {uri=http://localhost:8083/attractions, method=GET}
15:53:14.860 [reactor-http-nio-46] DEBUG reactor.netty.resources.PooledConnectionProvider - [id: 0x66bc1825, L:/127.0.0.1:51780 - R:localhost/127.0.0.1:8083] onStateChange(GET{uri=/attractions, connection=PooledConnection{channel=[id: 0x66bc1825, L:/127.0.0.1:51780 - R:localhost/127.0.0.1:8083]}}, [request_sent])
15:53:14.861 [reactor-http-nio-41] DEBUG reactor.netty.resources.PooledConnectionProvider - [id: 0x710e34a5, L:/127.0.0.1:51709 - R:localhost/127.0.0.1:8083] Channel acquired, now 298 active connections and 3 inactive connections
15:53:14.861 [reactor-http-nio-41] DEBUG reactor.netty.http.client.HttpClientConnect - [id: 0x710e34a5, L:/127.0.0.1:51709 - R:localhost/127.0.0.1:8083] Handler is being applied: {uri=http://localhost:8083/attractions, method=GET}
15:53:14.862 [reactor-http-nio-41] DEBUG reactor.netty.resources.PooledConnectionProvider - [id: 0x710e34a5, L:/127.0.0.1:51709 - R:localhost/127.0.0.1:8083] onStateChange(GET{uri=/attractions, connection=PooledConnection{channel=[id: 0x710e34a5, L:/127.0.0.1:51709 - R:localhost/127.0.0.1:8083]}}, [request_sent])
15:53:14.862 [pool-5-thread-96] INFO tourGuide.service.TourGuideService - visitedLocatio tourGuide.gpsUtil.VisitedLocation@723987aa
15:53:14.862 [pool-5-thread-11] INFO tourGuide.service.TourGuideService - visitedLocatio tourGuide.gpsUtil.VisitedLocation@d7ef11c
15:53:14.862 [pool-5-thread-96] DEBUG org.springframework.web.reactive.function.client.ExchangeFunctions - [702dadd1] HTTP GET http://localhost:8083/attractions
15:53:14.862 [pool-5-thread-11] DEBUG org.springframework.web.reactive.function.client.ExchangeFunctions - [97e32f7] HTTP GET http://localhost:8083/attractions
15:53:14.864 [reactor-http-nio-41] DEBUG reactor.netty.resources.PooledConnectionProvider - [id: 0x0c95a1e6, L:/127.0.0.1:51725 - R:localhost/127.0.0.1:8083] Channel acquired, now 299 active connections and 2 inactive connections
15:53:14.864 [pool-2-thread-21] INFO tourGuide.service.TourGuideService - visitedLocatio tourGuide.gpsUtil.VisitedLocation@767d269a
15:53:14.864 [reactor-http-nio-41] DEBUG reactor.netty.http.client.HttpClientConnect - [id: 0x0c95a1e6, L:/127.0.0.1:51725 - R:localhost/127.0.0.1:8083] Handler is being applied: {uri=http://localhost:8083/attractions, method=GET}
15:53:14.864 [pool-2-thread-21] DEBUG org.springframework.web.reactive.function.client.ExchangeFunctions - [5cd0a4c6] HTTP GET http://localhost:8083/attractions
15:53:14.865 [reactor-http-nio-41] DEBUG reactor.netty.resources.PooledConnectionProvider - [id: 0x0c95a1e6, L:/127.0.0.1:51725 - R:localhost/127.0.0.1:8083] onStateChange(GET{uri=/attractions, connection=PooledConnection{channel=[id: 0x0c95a1e6, L:/127.0.0.1:51725 - R:localhost/127.0.0.1:8083]}}, [request_sent])
15:53:14.865 [reactor-http-nio-41] DEBUG reactor.netty.resources.PooledConnectionProvider - [id: 0xe144b806, L:/127.0.0.1:51710 - R:localhost/127.0.0.1:8083] Channel acquired, now 300 active connections and 1 inactive connections
15:53:14.865 [reactor-http-nio-41] DEBUG reactor.netty.http.client.HttpClientConnect - [id: 0xe144b806, L:/127.0.0.1:51710 - R:localhost/127.0.0.1:8083] Handler is being applied: {uri=http://localhost:8083/attractions, method=GET}
15:53:14.866 [reactor-http-nio-41] DEBUG reactor.netty.resources.PooledConnectionProvider - [id: 0xe144b806, L:/127.0.0.1:51710 - R:localhost/127.0.0.1:8083] onStateChange(GET{uri=/attractions, connection=PooledConnection{channel=[id: 0xe144b806, L:/127.0.0.1:51710 - R:localhost/127.0.0.1:8083]}}, [request_sent])
15:53:14.867 [reactor-http-nio-41] DEBUG reactor.netty.resources.PooledConnectionProvider - [id: 0x03f2fda7, L:/127.0.0.1:51737 - R:localhost/127.0.0.1:8083] Channel acquired, now 301 active connections and 0 inactive connections
15:53:14.867 [reactor-http-nio-41] DEBUG reactor.netty.http.client.HttpClientConnect - [id: 0x03f2fda7, L:/127.0.0.1:51737 - R:localhost/127.0.0.1:8083] Handler is being applied: {uri=http://localhost:8083/attractions, method=GET}
15:53:14.868 [reactor-http-nio-41] DEBUG reactor.netty.resources.PooledConnectionProvider - [id: 0x03f2fda7, L:/127.0.0.1:51737 - R:localhost/127.0.0.1:8083] onStateChange(GET{uri=/attractions, connection=PooledConnection{channel=[id: 0x03f2fda7, L:/127.0.0.1:51737 - R:localhost/127.0.0.1:8083]}}, [request_sent])
15:53:14.920 [reactor-http-nio-46] DEBUG reactor.netty.http.client.HttpClientOperations - [id: 0x7a77be43, L:/127.0.0.1:51818 - R:localhost/127.0.0.1:8083] Received response (auto-read:false) : [Content-Type=application/json, Transfer-Encoding=chunked, Date=Wed, 15 Jun 2022 14:53:14 GMT]
15:53:14.920 [reactor-http-nio-41] DEBUG reactor.netty.http.client.HttpClientOperations - [id: 0x5c46e8f5, L:/127.0.0.1:51758 - R:localhost/127.0.0.1:8083] Received response (auto-read:false) : [Content-Type=application/json, Transfer-Encoding=chunked, Date=Wed, 15 Jun 2022 14:53:14 GMT]
15:53:14.920 [reactor-http-nio-46] DEBUG reactor.netty.resources.PooledConnectionProvider - [id: 0x7a77be43, L:/127.0.0.1:51818 - R:localhost/127.0.0.1:8083] onStateChange(GET{uri=/userLocation?userId=e5b11639-77fd-4693-a1f6-e94ff82dab38, connection=PooledConnection{channel=[id: 0x7a77be43, L:/127.0.0.1:51818 - R:localhost/127.0.0.1:8083]}}, [response_received])
15:53:14.920 [reactor-http-nio-41] DEBUG reactor.netty.resources.PooledConnectionProvider - [id: 0x5c46e8f5, L:/127.0.0.1:51758 - R:localhost/127.0.0.1:8083] onStateChange(GET{uri=/userLocation?userId=839fd9f1-efb9-42d3-b80f-caa194ab7c90, connection=PooledConnection{channel=[id: 0x5c46e8f5, L:/127.0.0.1:51758 - R:localhost/127.0.0.1:8083]}}, [response_received])
15:53:14.920 [reactor-http-nio-41] DEBUG org.springframework.web.reactive.function.client.ExchangeFunctions - [1126bcbe] Response 200 OK
15:53:14.920 [reactor-http-nio-46] DEBUG org.springframework.web.reactive.function.client.ExchangeFunctions - [71815998] Response 200 OK
15:53:14.920 [reactor-http-nio-41] DEBUG reactor.netty.channel.FluxReceive - [id: 0x5c46e8f5, L:/127.0.0.1:51758 - R:localhost/127.0.0.1:8083] Subscribing inbound receiver [pending: 0, cancelled:false, inboundDone: false]
15:53:14.920 [reactor-http-nio-46] DEBUG reactor.netty.channel.FluxReceive - [id: 0x7a77be43, L:/127.0.0.1:51818 - R:localhost/127.0.0.1:8083] Subscribing inbound receiver [pending: 0, cancelled:false, inboundDone: false]
15:53:14.920 [reactor-http-nio-41] DEBUG reactor.netty.http.client.HttpClientOperations - [id: 0x5c46e8f5, L:/127.0.0.1:51758 - R:localhost/127.0.0.1:8083] Received last HTTP packet
15:53:14.920 [reactor-http-nio-46] DEBUG reactor.netty.http.client.HttpClientOperations - [id: 0x7a77be43, L:/127.0.0.1:51818 - R:localhost/127.0.0.1:8083] Received last HTTP packet
15:53:14.921 [reactor-http-nio-41] DEBUG org.springframework.core.codec.StringDecoder - [1126bcbe] Decoded "{"userId":"839fd9f1-efb9-42d3-b80f-caa194ab7c90","location":{"longitude":-37.808189,"latitude":72.8 (truncated)...
15:53:14.921 [reactor-http-nio-46] DEBUG org.springframework.core.codec.StringDecoder - [71815998] Decoded "{"userId":"e5b11639-77fd-4693-a1f6-e94ff82dab38","location":{"longitude":-112.33474,"latitude":9.02 (truncated)...
15:53:14.921 [reactor-http-nio-41] DEBUG reactor.netty.resources.PooledConnectionProvider - [id: 0x5c46e8f5, L:/127.0.0.1:51758 - R:localhost/127.0.0.1:8083] onStateChange(GET{uri=/userLocation?userId=839fd9f1-efb9-42d3-b80f-caa194ab7c90, connection=PooledConnection{channel=[id: 0x5c46e8f5, L:/127.0.0.1:51758 - R:localhost/127.0.0.1:8083]}}, [disconnecting])
15:53:14.921 [reactor-http-nio-46] DEBUG reactor.netty.resources.PooledConnectionProvider - [id: 0x7a77be43, L:/127.0.0.1:51818 - R:localhost/127.0.0.1:8083] onStateChange(GET{uri=/userLocation?userId=e5b11639-77fd-4693-a1f6-e94ff82dab38, connection=PooledConnection{channel=[id: 0x7a77be43, L:/127.0.0.1:51818 - R:localhost/127.0.0.1:8083]}}, [disconnecting])
15:53:14.921 [reactor-http-nio-41] DEBUG reactor.netty.resources.PooledConnectionProvider - [id: 0x5c46e8f5, L:/127.0.0.1:51758 - R:localhost/127.0.0.1:8083] Releasing channel
15:53:14.921 [reactor-http-nio-46] DEBUG reactor.netty.resources.PooledConnectionProvider - [id: 0x7a77be43, L:/127.0.0.1:51818 - R:localhost/127.0.0.1:8083] Releasing channel
15:53:14.921 [reactor-http-nio-41] DEBUG reactor.netty.resources.PooledConnectionProvider - [id: 0x5c46e8f5, L:/127.0.0.1:51758 - R:localhost/127.0.0.1:8083] Channel cleaned, now 299 active connections and 2 inactive connections
15:53:14.921 [reactor-http-nio-46] DEBUG reactor.netty.resources.PooledConnectionProvider - [id: 0x7a77be43, L:/127.0.0.1:51818 - R:localhost/127.0.0.1:8083] Channel cleaned, now 299 active connections and 2 inactive connections
15:53:14.921 [reactor-http-nio-46] DEBUG reactor.netty.http.client.HttpClientOperations - [id: 0x04ce75f7, L:/127.0.0.1:51730 - R:localhost/127.0.0.1:8083] Received response (auto-read:false) : [Content-Type=application/json, Transfer-Encoding=chunked, Date=Wed, 15 Jun 2022 14:53:14 GMT]
15:53:14.922 [reactor-http-nio-46] DEBUG reactor.netty.resources.PooledConnectionProvider - [id: 0x04ce75f7, L:/127.0.0.1:51730 - R:localhost/127.0.0.1:8083] onStateChange(GET{uri=/userLocation?userId=5735eaef-6d4f-43eb-908b-ff5341a2a20a, connection=PooledConnection{channel=[id: 0x04ce75f7, L:/127.0.0.1:51730 - R:localhost/127.0.0.1:8083]}}, [response_received])
15:53:14.922 [reactor-http-nio-46] DEBUG org.springframework.web.reactive.function.client.ExchangeFunctions - [7e9b8cb1] Response 200 OK
15:53:14.922 [reactor-http-nio-46] DEBUG reactor.netty.channel.FluxReceive - [id: 0x04ce75f7, L:/127.0.0.1:51730 - R:localhost/127.0.0.1:8083] Subscribing inbound receiver [pending: 0, cancelled:false, inboundDone: false]
15:53:14.923 [reactor-http-nio-46] DEBUG reactor.netty.http.client.HttpClientOperations - [id: 0x04ce75f7, L:/127.0.0.1:51730 - R:localhost/127.0.0.1:8083] Received last HTTP packet
15:53:14.923 [reactor-http-nio-46] DEBUG org.springframework.core.codec.StringDecoder - [7e9b8cb1] Decoded "{"userId":"5735eaef-6d4f-43eb-908b-ff5341a2a20a","location":{"longitude":19.29311,"latitude":-45.00 (truncated)...
15:53:14.923 [reactor-http-nio-46] DEBUG reactor.netty.resources.PooledConnectionProvider - [id: 0x04ce75f7, L:/127.0.0.1:51730 - R:localhost/127.0.0.1:8083] onStateChange(GET{uri=/userLocation?userId=5735eaef-6d4f-43eb-908b-ff5341a2a20a, connection=PooledConnection{channel=[id: 0x04ce75f7, L:/127.0.0.1:51730 - R:localhost/127.0.0.1:8083]}}, [disconnecting])
15:53:14.923 [reactor-http-nio-46] DEBUG reactor.netty.resources.PooledConnectionProvider - [id: 0x04ce75f7, L:/127.0.0.1:51730 - R:localhost/127.0.0.1:8083] Releasing channel
15:53:14.923 [reactor-http-nio-46] DEBUG reactor.netty.resources.PooledConnectionProvider - [id: 0x04ce75f7, L:/127.0.0.1:51730 - R:localhost/127.0.0.1:8083] Channel cleaned, now 298 active connections and 3 inactive connections
15:53:14.923 [reactor-http-nio-46] DEBUG reactor.netty.http.client.HttpClientOperations - [id: 0xd943badc, L:/127.0.0.1:51811 - R:localhost/127.0.0.1:8083] Received response (auto-read:false) : [Content-Type=application/json, Transfer-Encoding=chunked, Date=Wed, 15 Jun 2022 14:53:14 GMT]
15:53:14.923 [reactor-http-nio-46] DEBUG reactor.netty.resources.PooledConnectionProvider - [id: 0xd943badc, L:/127.0.0.1:51811 - R:localhost/127.0.0.1:8083] onStateChange(GET{uri=/userLocation?userId=e6fd486b-8ac5-4554-8b3a-70d1fc8f666b, connection=PooledConnection{channel=[id: 0xd943badc, L:/127.0.0.1:51811 - R:localhost/127.0.0.1:8083]}}, [response_received])
15:53:14.923 [pool-5-thread-20] INFO tourGuide.service.TourGuideService - visitedLocatio tourGuide.gpsUtil.VisitedLocation@6fc8a745
15:53:14.923 [reactor-http-nio-46] DEBUG org.springframework.web.reactive.function.client.ExchangeFunctions - [4f2935e2] Response 200 OK
15:53:14.924 [reactor-http-nio-46] DEBUG reactor.netty.channel.FluxReceive - [id: 0xd943badc, L:/127.0.0.1:51811 - R:localhost/127.0.0.1:8083] Subscribing inbound receiver [pending: 0, cancelled:false, inboundDone: false]
15:53:14.924 [pool-5-thread-20] DEBUG org.springframework.web.reactive.function.client.ExchangeFunctions - [2457dd5] HTTP GET http://localhost:8083/attractions
15:53:14.924 [reactor-http-nio-46] DEBUG reactor.netty.http.client.HttpClientOperations - [id: 0xd943badc, L:/127.0.0.1:51811 - R:localhost/127.0.0.1:8083] Received last HTTP packet
15:53:14.925 [pool-5-thread-33] INFO tourGuide.service.TourGuideService - visitedLocatio tourGuide.gpsUtil.VisitedLocation@f8f1935
15:53:14.925 [reactor-http-nio-46] DEBUG org.springframework.core.codec.StringDecoder - [4f2935e2] Decoded "{"userId":"e6fd486b-8ac5-4554-8b3a-70d1fc8f666b","location":{"longitude":10.966225,"latitude":79.74 (truncated)...
15:53:14.925 [reactor-http-nio-46] DEBUG reactor.netty.resources.PooledConnectionProvider - [id: 0xd943badc, L:/127.0.0.1:51811 - R:localhost/127.0.0.1:8083] onStateChange(GET{uri=/userLocation?userId=e6fd486b-8ac5-4554-8b3a-70d1fc8f666b, connection=PooledConnection{channel=[id: 0xd943badc, L:/127.0.0.1:51811 - R:localhost/127.0.0.1:8083]}}, [disconnecting])
15:53:14.925 [reactor-http-nio-46] DEBUG reactor.netty.resources.PooledConnectionProvider - [id: 0xd943badc, L:/127.0.0.1:51811 - R:localhost/127.0.0.1:8083] Releasing channel
15:53:14.925 [reactor-http-nio-46] DEBUG reactor.netty.resources.PooledConnectionProvider - [id: 0xd943badc, L:/127.0.0.1:51811 - R:localhost/127.0.0.1:8083] Channel cleaned, now 297 active connections and 4 inactive connections
15:53:14.926 [reactor-http-nio-41] DEBUG reactor.netty.resources.PooledConnectionProvider - [id: 0x5c46e8f5, L:/127.0.0.1:51758 - R:localhost/127.0.0.1:8083] Channel acquired, now 298 active connections and 3 inactive connections
15:53:14.926 [reactor-http-nio-41] DEBUG reactor.netty.http.client.HttpClientConnect - [id: 0x5c46e8f5, L:/127.0.0.1:51758 - R:localhost/127.0.0.1:8083] Handler is being applied: {uri=http://localhost:8083/attractions, method=GET}
15:53:14.927 [pool-2-thread-108] INFO tourGuide.service.TourGuideService - visitedLocatio tourGuide.gpsUtil.VisitedLocation@417ed597
15:53:14.927 [reactor-http-nio-41] DEBUG reactor.netty.resources.PooledConnectionProvider - [id: 0x5c46e8f5, L:/127.0.0.1:51758 - R:localhost/127.0.0.1:8083] onStateChange(GET{uri=/attractions, connection=PooledConnection{channel=[id: 0x5c46e8f5, L:/127.0.0.1:51758 - R:localhost/127.0.0.1:8083]}}, [request_sent])
15:53:14.928 [pool-2-thread-108] DEBUG org.springframework.web.reactive.function.client.ExchangeFunctions - [6e3bc096] HTTP GET http://localhost:8083/attractions
15:53:14.929 [reactor-http-nio-46] DEBUG reactor.netty.resources.PooledConnectionProvider - [id: 0x7a77be43, L:/127.0.0.1:51818 - R:localhost/127.0.0.1:8083] Channel acquired, now 299 active connections and 2 inactive connections
15:53:14.929 [reactor-http-nio-46] DEBUG reactor.netty.http.client.HttpClientConnect - [id: 0x7a77be43, L:/127.0.0.1:51818 - R:localhost/127.0.0.1:8083] Handler is being applied: {uri=http://localhost:8083/attractions, method=GET}
15:53:14.930 [pool-2-thread-59] INFO tourGuide.service.TourGuideService - visitedLocatio tourGuide.gpsUtil.VisitedLocation@5410271b
15:53:14.931 [reactor-http-nio-46] DEBUG reactor.netty.resources.PooledConnectionProvider - [id: 0x7a77be43, L:/127.0.0.1:51818 - R:localhost/127.0.0.1:8083] onStateChange(GET{uri=/attractions, connection=PooledConnection{channel=[id: 0x7a77be43, L:/127.0.0.1:51818 - R:localhost/127.0.0.1:8083]}}, [request_sent])
15:53:14.927 [pool-5-thread-33] DEBUG org.springframework.web.reactive.function.client.ExchangeFunctions - [3d53845e] HTTP GET http://localhost:8083/attractions
15:53:14.931 [pool-2-thread-59] DEBUG org.springframework.web.reactive.function.client.ExchangeFunctions - [5f8979c5] HTTP GET http://localhost:8083/attractions
15:53:14.932 [reactor-http-nio-46] DEBUG reactor.netty.resources.PooledConnectionProvider - [id: 0xd943badc, L:/127.0.0.1:51811 - R:localhost/127.0.0.1:8083] Channel acquired, now 300 active connections and 1 inactive connections
15:53:14.932 [reactor-http-nio-46] DEBUG reactor.netty.http.client.HttpClientConnect - [id: 0xd943badc, L:/127.0.0.1:51811 - R:localhost/127.0.0.1:8083] Handler is being applied: {uri=http://localhost:8083/attractions, method=GET}
15:53:14.933 [reactor-http-nio-46] DEBUG reactor.netty.resources.PooledConnectionProvider - [id: 0xd943badc, L:/127.0.0.1:51811 - R:localhost/127.0.0.1:8083] onStateChange(GET{uri=/attractions, connection=PooledConnection{channel=[id: 0xd943badc, L:/127.0.0.1:51811 - R:localhost/127.0.0.1:8083]}}, [request_sent])
15:53:14.933 [reactor-http-nio-47] DEBUG reactor.netty.http.client.HttpClientOperations - [id: 0x9cce547f, L:/127.0.0.1:51834 - R:localhost/127.0.0.1:8083] Received response (auto-read:false) : [Content-Type=application/json, Transfer-Encoding=chunked, Date=Wed, 15 Jun 2022 14:53:14 GMT]
15:53:14.933 [reactor-http-nio-46] DEBUG reactor.netty.resources.PooledConnectionProvider - [id: 0x04ce75f7, L:/127.0.0.1:51730 - R:localhost/127.0.0.1:8083] Channel acquired, now 301 active connections and 0 inactive connections
15:53:14.933 [reactor-http-nio-47] DEBUG reactor.netty.resources.PooledConnectionProvider - [id: 0x9cce547f, L:/127.0.0.1:51834 - R:localhost/127.0.0.1:8083] onStateChange(GET{uri=/userLocation?userId=81384c37-c44d-40fc-865f-d7533aca6d33, connection=PooledConnection{channel=[id: 0x9cce547f, L:/127.0.0.1:51834 - R:localhost/127.0.0.1:8083]}}, [response_received])
15:53:14.933 [reactor-http-nio-46] DEBUG reactor.netty.http.client.HttpClientConnect - [id: 0x04ce75f7, L:/127.0.0.1:51730 - R:localhost/127.0.0.1:8083] Handler is being applied: {uri=http://localhost:8083/attractions, method=GET}
15:53:14.933 [reactor-http-nio-47] DEBUG org.springframework.web.reactive.function.client.ExchangeFunctions - [57635303] Response 200 OK
15:53:14.934 [reactor-http-nio-47] DEBUG reactor.netty.channel.FluxReceive - [id: 0x9cce547f, L:/127.0.0.1:51834 - R:localhost/127.0.0.1:8083] Subscribing inbound receiver [pending: 0, cancelled:false, inboundDone: false]
15:53:14.934 [reactor-http-nio-46] DEBUG reactor.netty.resources.PooledConnectionProvider - [id: 0x04ce75f7, L:/127.0.0.1:51730 - R:localhost/127.0.0.1:8083] onStateChange(GET{uri=/attractions, connection=PooledConnection{channel=[id: 0x04ce75f7, L:/127.0.0.1:51730 - R:localhost/127.0.0.1:8083]}}, [request_sent])
15:53:14.934 [reactor-http-nio-47] DEBUG reactor.netty.http.client.HttpClientOperations - [id: 0x9cce547f, L:/127.0.0.1:51834 - R:localhost/127.0.0.1:8083] Received last HTTP packet
15:53:14.934 [reactor-http-nio-47] DEBUG org.springframework.core.codec.StringDecoder - [57635303] Decoded "{"userId":"81384c37-c44d-40fc-865f-d7533aca6d33","location":{"longitude":103.858646,"latitude":-11. (truncated)...
15:53:14.934 [reactor-http-nio-47] DEBUG reactor.netty.resources.PooledConnectionProvider - [id: 0x9cce547f, L:/127.0.0.1:51834 - R:localhost/127.0.0.1:8083] onStateChange(GET{uri=/userLocation?userId=81384c37-c44d-40fc-865f-d7533aca6d33, connection=PooledConnection{channel=[id: 0x9cce547f, L:/127.0.0.1:51834 - R:localhost/127.0.0.1:8083]}}, [disconnecting])
15:53:14.934 [reactor-http-nio-47] DEBUG reactor.netty.resources.PooledConnectionProvider - [id: 0x9cce547f, L:/127.0.0.1:51834 - R:localhost/127.0.0.1:8083] Releasing channel
15:53:14.935 [reactor-http-nio-47] DEBUG reactor.netty.resources.PooledConnectionProvider - [id: 0x9cce547f, L:/127.0.0.1:51834 - R:localhost/127.0.0.1:8083] Channel cleaned, now 300 active connections and 1 inactive connections
15:53:14.937 [reactor-http-nio-46] DEBUG reactor.netty.http.client.HttpClientOperations - [id: 0x0a4cfcd0, L:/127.0.0.1:51802 - R:localhost/127.0.0.1:8083] Received response (auto-read:false) : [Content-Type=application/json, Transfer-Encoding=chunked, Date=Wed, 15 Jun 2022 14:53:14 GMT]
15:53:14.937 [reactor-http-nio-46] DEBUG reactor.netty.resources.PooledConnectionProvider - [id: 0x0a4cfcd0, L:/127.0.0.1:51802 - R:localhost/127.0.0.1:8083] onStateChange(GET{uri=/userLocation?userId=927a86ea-0541-4a6a-b8d8-8332b27a8157, connection=PooledConnection{channel=[id: 0x0a4cfcd0, L:/127.0.0.1:51802 - R:localhost/127.0.0.1:8083]}}, [response_received])
15:53:14.937 [reactor-http-nio-46] DEBUG org.springframework.web.reactive.function.client.ExchangeFunctions - [182f8273] Response 200 OK
15:53:14.937 [pool-2-thread-198] INFO tourGuide.service.TourGuideService - visitedLocatio tourGuide.gpsUtil.VisitedLocation@29cb439a
15:53:14.937 [reactor-http-nio-46] DEBUG reactor.netty.channel.FluxReceive - [id: 0x0a4cfcd0, L:/127.0.0.1:51802 - R:localhost/127.0.0.1:8083] Subscribing inbound receiver [pending: 0, cancelled:false, inboundDone: false]
15:53:14.938 [reactor-http-nio-46] DEBUG reactor.netty.http.client.HttpClientOperations - [id: 0x0a4cfcd0, L:/127.0.0.1:51802 - R:localhost/127.0.0.1:8083] Received last HTTP packet
15:53:14.938 [reactor-http-nio-46] DEBUG org.springframework.core.codec.StringDecoder - [182f8273] Decoded "{"userId":"927a86ea-0541-4a6a-b8d8-8332b27a8157","location":{"longitude":169.172842,"latitude":80.7 (truncated)...
15:53:14.938 [reactor-http-nio-46] DEBUG reactor.netty.resources.PooledConnectionProvider - [id: 0x0a4cfcd0, L:/127.0.0.1:51802 - R:localhost/127.0.0.1:8083] onStateChange(GET{uri=/userLocation?userId=927a86ea-0541-4a6a-b8d8-8332b27a8157, connection=PooledConnection{channel=[id: 0x0a4cfcd0, L:/127.0.0.1:51802 - R:localhost/127.0.0.1:8083]}}, [disconnecting])
15:53:14.938 [reactor-http-nio-46] DEBUG reactor.netty.resources.PooledConnectionProvider - [id: 0x0a4cfcd0, L:/127.0.0.1:51802 - R:localhost/127.0.0.1:8083] Releasing channel
15:53:14.938 [reactor-http-nio-46] DEBUG reactor.netty.resources.PooledConnectionProvider - [id: 0x0a4cfcd0, L:/127.0.0.1:51802 - R:localhost/127.0.0.1:8083] Channel cleaned, now 299 active connections and 2 inactive connections
15:53:14.939 [reactor-http-nio-46] DEBUG reactor.netty.http.client.HttpClientOperations - [id: 0xad77f6cd, L:/127.0.0.1:51761 - R:localhost/127.0.0.1:8083] Received response (auto-read:false) : [Content-Type=application/json, Transfer-Encoding=chunked, Date=Wed, 15 Jun 2022 14:53:14 GMT]
15:53:14.939 [reactor-http-nio-46] DEBUG reactor.netty.resources.PooledConnectionProvider - [id: 0xad77f6cd, L:/127.0.0.1:51761 - R:localhost/127.0.0.1:8083] onStateChange(GET{uri=/userLocation?userId=27f4c1cb-757a-42c0-8fb9-25de34a04ba6, connection=PooledConnection{channel=[id: 0xad77f6cd, L:/127.0.0.1:51761 - R:localhost/127.0.0.1:8083]}}, [response_received])
15:53:14.939 [reactor-http-nio-46] DEBUG org.springframework.web.reactive.function.client.ExchangeFunctions - [18362ab7] Response 200 OK
15:53:14.939 [pool-2-thread-198] DEBUG org.springframework.web.reactive.function.client.ExchangeFunctions - [2d17ae70] HTTP GET http://localhost:8083/attractions
15:53:14.939 [reactor-http-nio-46] DEBUG reactor.netty.channel.FluxReceive - [id: 0xad77f6cd, L:/127.0.0.1:51761 - R:localhost/127.0.0.1:8083] Subscribing inbound receiver [pending: 0, cancelled:false, inboundDone: false]
15:53:14.941 [reactor-http-nio-47] DEBUG reactor.netty.resources.PooledConnectionProvider - [id: 0x9cce547f, L:/127.0.0.1:51834 - R:localhost/127.0.0.1:8083] Channel acquired, now 300 active connections and 1 inactive connections
15:53:14.942 [pool-5-thread-88] INFO tourGuide.service.TourGuideService - visitedLocatio tourGuide.gpsUtil.VisitedLocation@7420e103
15:53:14.942 [reactor-http-nio-47] DEBUG reactor.netty.http.client.HttpClientConnect - [id: 0x9cce547f, L:/127.0.0.1:51834 - R:localhost/127.0.0.1:8083] Handler is being applied: {uri=http://localhost:8083/attractions, method=GET}
15:53:14.942 [reactor-http-nio-46] DEBUG reactor.netty.http.client.HttpClientOperations - [id: 0xad77f6cd, L:/127.0.0.1:51761 - R:localhost/127.0.0.1:8083] Received last HTTP packet
15:53:14.943 [reactor-http-nio-46] DEBUG org.springframework.core.codec.StringDecoder - [18362ab7] Decoded "{"userId":"27f4c1cb-757a-42c0-8fb9-25de34a04ba6","location":{"longitude":-10.844212,"latitude":81.4 (truncated)...
15:53:14.943 [reactor-http-nio-46] DEBUG reactor.netty.resources.PooledConnectionProvider - [id: 0xad77f6cd, L:/127.0.0.1:51761 - R:localhost/127.0.0.1:8083] onStateChange(GET{uri=/userLocation?userId=27f4c1cb-757a-42c0-8fb9-25de34a04ba6, connection=PooledConnection{channel=[id: 0xad77f6cd, L:/127.0.0.1:51761 - R:localhost/127.0.0.1:8083]}}, [disconnecting])
15:53:14.943 [reactor-http-nio-46] DEBUG reactor.netty.resources.PooledConnectionProvider - [id: 0xad77f6cd, L:/127.0.0.1:51761 - R:localhost/127.0.0.1:8083] Releasing channel
15:53:14.943 [pool-5-thread-88] DEBUG org.springframework.web.reactive.function.client.ExchangeFunctions - [393d7707] HTTP GET http://localhost:8083/attractions
15:53:14.943 [reactor-http-nio-47] DEBUG reactor.netty.resources.PooledConnectionProvider - [id: 0x9cce547f, L:/127.0.0.1:51834 - R:localhost/127.0.0.1:8083] onStateChange(GET{uri=/attractions, connection=PooledConnection{channel=[id: 0x9cce547f, L:/127.0.0.1:51834 - R:localhost/127.0.0.1:8083]}}, [request_sent])
15:53:14.943 [reactor-http-nio-46] DEBUG reactor.netty.resources.PooledConnectionProvider - [id: 0xad77f6cd, L:/127.0.0.1:51761 - R:localhost/127.0.0.1:8083] Channel cleaned, now 299 active connections and 2 inactive connections
15:53:14.944 [reactor-http-nio-46] DEBUG reactor.netty.http.client.HttpClientOperations - [id: 0x940aa9d2, L:/127.0.0.1:51728 - R:localhost/127.0.0.1:8083] Received response (auto-read:false) : [Content-Type=application/json, Transfer-Encoding=chunked, Date=Wed, 15 Jun 2022 14:53:14 GMT]
15:53:14.944 [reactor-http-nio-46] DEBUG reactor.netty.resources.PooledConnectionProvider - [id: 0x940aa9d2, L:/127.0.0.1:51728 - R:localhost/127.0.0.1:8083] onStateChange(GET{uri=/userLocation?userId=2f2a5659-c7d4-4513-b5ff-f94b8cabfa65, connection=PooledConnection{channel=[id: 0x940aa9d2, L:/127.0.0.1:51728 - R:localhost/127.0.0.1:8083]}}, [response_received])
15:53:14.944 [reactor-http-nio-46] DEBUG org.springframework.web.reactive.function.client.ExchangeFunctions - [44ad3ba6] Response 200 OK
15:53:14.945 [reactor-http-nio-46] DEBUG reactor.netty.channel.FluxReceive - [id: 0x940aa9d2, L:/127.0.0.1:51728 - R:localhost/127.0.0.1:8083] Subscribing inbound receiver [pending: 0, cancelled:false, inboundDone: false]
15:53:14.946 [reactor-http-nio-46] DEBUG reactor.netty.http.client.HttpClientOperations - [id: 0x940aa9d2, L:/127.0.0.1:51728 - R:localhost/127.0.0.1:8083] Received last HTTP packet
15:53:14.946 [reactor-http-nio-46] DEBUG org.springframework.core.codec.StringDecoder - [44ad3ba6] Decoded "{"userId":"2f2a5659-c7d4-4513-b5ff-f94b8cabfa65","location":{"longitude":-137.089222,"latitude":2.9 (truncated)...
15:53:14.946 [reactor-http-nio-46] DEBUG reactor.netty.resources.PooledConnectionProvider - [id: 0x940aa9d2, L:/127.0.0.1:51728 - R:localhost/127.0.0.1:8083] onStateChange(GET{uri=/userLocation?userId=2f2a5659-c7d4-4513-b5ff-f94b8cabfa65, connection=PooledConnection{channel=[id: 0x940aa9d2, L:/127.0.0.1:51728 - R:localhost/127.0.0.1:8083]}}, [disconnecting])
15:53:14.946 [reactor-http-nio-46] DEBUG reactor.netty.resources.PooledConnectionProvider - [id: 0x940aa9d2, L:/127.0.0.1:51728 - R:localhost/127.0.0.1:8083] Releasing channel
15:53:14.946 [reactor-http-nio-46] DEBUG reactor.netty.resources.PooledConnectionProvider - [id: 0x940aa9d2, L:/127.0.0.1:51728 - R:localhost/127.0.0.1:8083] Channel cleaned, now 298 active connections and 3 inactive connections
15:53:14.946 [reactor-http-nio-46] DEBUG reactor.netty.http.client.HttpClientOperations - [id: 0x21f981c4, L:/127.0.0.1:51805 - R:localhost/127.0.0.1:8083] Received response (auto-read:false) : [Content-Type=application/json, Transfer-Encoding=chunked, Date=Wed, 15 Jun 2022 14:53:14 GMT]
15:53:14.946 [reactor-http-nio-46] DEBUG reactor.netty.resources.PooledConnectionProvider - [id: 0x21f981c4, L:/127.0.0.1:51805 - R:localhost/127.0.0.1:8083] onStateChange(GET{uri=/userLocation?userId=20453b3e-2b8f-468c-9b70-20f29cd62e9c, connection=PooledConnection{channel=[id: 0x21f981c4, L:/127.0.0.1:51805 - R:localhost/127.0.0.1:8083]}}, [response_received])
15:53:14.946 [reactor-http-nio-46] DEBUG org.springframework.web.reactive.function.client.ExchangeFunctions - [24999418] Response 200 OK
15:53:14.947 [reactor-http-nio-46] DEBUG reactor.netty.channel.FluxReceive - [id: 0x21f981c4, L:/127.0.0.1:51805 - R:localhost/127.0.0.1:8083] Subscribing inbound receiver [pending: 0, cancelled:false, inboundDone: false]
15:53:14.947 [reactor-http-nio-46] DEBUG reactor.netty.http.client.HttpClientOperations - [id: 0x21f981c4, L:/127.0.0.1:51805 - R:localhost/127.0.0.1:8083] Received last HTTP packet
15:53:14.947 [reactor-http-nio-46] DEBUG org.springframework.core.codec.StringDecoder - [24999418] Decoded "{"userId":"20453b3e-2b8f-468c-9b70-20f29cd62e9c","location":{"longitude":95.847312,"latitude":-20.0 (truncated)...
15:53:14.947 [reactor-http-nio-46] DEBUG reactor.netty.resources.PooledConnectionProvider - [id: 0x21f981c4, L:/127.0.0.1:51805 - R:localhost/127.0.0.1:8083] onStateChange(GET{uri=/userLocation?userId=20453b3e-2b8f-468c-9b70-20f29cd62e9c, connection=PooledConnection{channel=[id: 0x21f981c4, L:/127.0.0.1:51805 - R:localhost/127.0.0.1:8083]}}, [disconnecting])
15:53:14.947 [pool-2-thread-66] INFO tourGuide.service.TourGuideService - visitedLocatio tourGuide.gpsUtil.VisitedLocation@392b872a
15:53:14.947 [reactor-http-nio-46] DEBUG reactor.netty.resources.PooledConnectionProvider - [id: 0x21f981c4, L:/127.0.0.1:51805 - R:localhost/127.0.0.1:8083] Releasing channel
15:53:14.947 [reactor-http-nio-46] DEBUG reactor.netty.resources.PooledConnectionProvider - [id: 0x21f981c4, L:/127.0.0.1:51805 - R:localhost/127.0.0.1:8083] Channel cleaned, now 297 active connections and 4 inactive connections
15:53:14.948 [pool-2-thread-66] DEBUG org.springframework.web.reactive.function.client.ExchangeFunctions - [3924dfc3] HTTP GET http://localhost:8083/attractions
15:53:14.948 [reactor-http-nio-46] DEBUG reactor.netty.resources.PooledConnectionProvider - [id: 0x0a4cfcd0, L:/127.0.0.1:51802 - R:localhost/127.0.0.1:8083] Channel acquired, now 298 active connections and 3 inactive connections
15:53:14.949 [reactor-http-nio-46] DEBUG reactor.netty.http.client.HttpClientConnect - [id: 0x0a4cfcd0, L:/127.0.0.1:51802 - R:localhost/127.0.0.1:8083] Handler is being applied: {uri=http://localhost:8083/attractions, method=GET}
15:53:14.949 [reactor-http-nio-46] DEBUG reactor.netty.resources.PooledConnectionProvider - [id: 0x0a4cfcd0, L:/127.0.0.1:51802 - R:localhost/127.0.0.1:8083] onStateChange(GET{uri=/attractions, connection=PooledConnection{channel=[id: 0x0a4cfcd0, L:/127.0.0.1:51802 - R:localhost/127.0.0.1:8083]}}, [request_sent])
15:53:14.950 [pool-5-thread-54] INFO tourGuide.service.TourGuideService - visitedLocatio tourGuide.gpsUtil.VisitedLocation@65cedf39
15:53:14.951 [reactor-http-nio-46] DEBUG reactor.netty.resources.PooledConnectionProvider - [id: 0xad77f6cd, L:/127.0.0.1:51761 - R:localhost/127.0.0.1:8083] Channel acquired, now 299 active connections and 2 inactive connections
15:53:14.951 [reactor-http-nio-46] DEBUG reactor.netty.http.client.HttpClientConnect - [id: 0xad77f6cd, L:/127.0.0.1:51761 - R:localhost/127.0.0.1:8083] Handler is being applied: {uri=http://localhost:8083/attractions, method=GET}
15:53:14.951 [pool-5-thread-54] DEBUG org.springframework.web.reactive.function.client.ExchangeFunctions - [7d4fc058] HTTP GET http://localhost:8083/attractions
15:53:14.952 [reactor-http-nio-46] DEBUG reactor.netty.resources.PooledConnectionProvider - [id: 0xad77f6cd, L:/127.0.0.1:51761 - R:localhost/127.0.0.1:8083] onStateChange(GET{uri=/attractions, connection=PooledConnection{channel=[id: 0xad77f6cd, L:/127.0.0.1:51761 - R:localhost/127.0.0.1:8083]}}, [request_sent])
15:53:14.952 [reactor-http-nio-46] DEBUG reactor.netty.resources.PooledConnectionProvider - [id: 0x940aa9d2, L:/127.0.0.1:51728 - R:localhost/127.0.0.1:8083] Channel acquired, now 300 active connections and 1 inactive connections
15:53:14.952 [reactor-http-nio-46] DEBUG reactor.netty.http.client.HttpClientConnect - [id: 0x940aa9d2, L:/127.0.0.1:51728 - R:localhost/127.0.0.1:8083] Handler is being applied: {uri=http://localhost:8083/attractions, method=GET}
15:53:14.954 [reactor-http-nio-46] DEBUG reactor.netty.resources.PooledConnectionProvider - [id: 0x940aa9d2, L:/127.0.0.1:51728 - R:localhost/127.0.0.1:8083] onStateChange(GET{uri=/attractions, connection=PooledConnection{channel=[id: 0x940aa9d2, L:/127.0.0.1:51728 - R:localhost/127.0.0.1:8083]}}, [request_sent])
15:53:14.962 [pool-5-thread-64] INFO tourGuide.service.TourGuideService - visitedLocatio tourGuide.gpsUtil.VisitedLocation@449faa5a
15:53:14.963 [pool-5-thread-64] DEBUG org.springframework.web.reactive.function.client.ExchangeFunctions - [58b616c] HTTP GET http://localhost:8083/attractions
15:53:14.964 [reactor-http-nio-41] DEBUG reactor.netty.http.client.HttpClientOperations - [id: 0x4d5a5786, L:/127.0.0.1:51790 - R:localhost/127.0.0.1:8083] Received last HTTP packet
15:53:14.964 [reactor-http-nio-41] DEBUG org.springframework.core.codec.StringDecoder - [3b612a17] Decoded "{"userId":"bf2bd711-88de-40fc-afaa-fcbbc0855fff","location":{"longitude":-33.360738,"latitude":84.0 (truncated)...
15:53:14.964 [reactor-http-nio-41] DEBUG reactor.netty.resources.PooledConnectionProvider - [id: 0x4d5a5786, L:/127.0.0.1:51790 - R:localhost/127.0.0.1:8083] onStateChange(GET{uri=/userLocation?userId=bf2bd711-88de-40fc-afaa-fcbbc0855fff, connection=PooledConnection{channel=[id: 0x4d5a5786, L:/127.0.0.1:51790 - R:localhost/127.0.0.1:8083]}}, [disconnecting])
15:53:14.964 [reactor-http-nio-41] DEBUG reactor.netty.resources.PooledConnectionProvider - [id: 0x4d5a5786, L:/127.0.0.1:51790 - R:localhost/127.0.0.1:8083] Releasing channel
15:53:14.964 [reactor-http-nio-41] DEBUG reactor.netty.resources.PooledConnectionProvider - [id: 0x4d5a5786, L:/127.0.0.1:51790 - R:localhost/127.0.0.1:8083] Channel cleaned, now 299 active connections and 2 inactive connections
15:53:14.966 [reactor-http-nio-46] DEBUG reactor.netty.resources.PooledConnectionProvider - [id: 0x21f981c4, L:/127.0.0.1:51805 - R:localhost/127.0.0.1:8083] Channel acquired, now 300 active connections and 1 inactive connections
15:53:14.966 [reactor-http-nio-46] DEBUG reactor.netty.http.client.HttpClientConnect - [id: 0x21f981c4, L:/127.0.0.1:51805 - R:localhost/127.0.0.1:8083] Handler is being applied: {uri=http://localhost:8083/attractions, method=GET}
15:53:14.966 [reactor-http-nio-47] DEBUG reactor.netty.http.client.HttpClientOperations - [id: 0x8cd960d5, L:/127.0.0.1:51696 - R:localhost/127.0.0.1:8083] Received response (auto-read:false) : [Content-Type=application/json, Transfer-Encoding=chunked, Date=Wed, 15 Jun 2022 14:53:14 GMT]
15:53:14.966 [reactor-http-nio-47] DEBUG reactor.netty.resources.PooledConnectionProvider - [id: 0x8cd960d5, L:/127.0.0.1:51696 - R:localhost/127.0.0.1:8083] onStateChange(GET{uri=/userLocation?userId=44362f3e-058f-45ae-95de-537e69527046, connection=PooledConnection{channel=[id: 0x8cd960d5, L:/127.0.0.1:51696 - R:localhost/127.0.0.1:8083]}}, [response_received])
15:53:14.966 [reactor-http-nio-47] DEBUG org.springframework.web.reactive.function.client.ExchangeFunctions - [4d621481] Response 200 OK
15:53:14.967 [reactor-http-nio-41] DEBUG reactor.netty.http.client.HttpClientOperations - [id: 0xa0063317, L:/127.0.0.1:51720 - R:localhost/127.0.0.1:8083] Received response (auto-read:false) : [Content-Type=application/json, Transfer-Encoding=chunked, Date=Wed, 15 Jun 2022 14:53:14 GMT]
15:53:14.967 [reactor-http-nio-41] DEBUG reactor.netty.resources.PooledConnectionProvider - [id: 0xa0063317, L:/127.0.0.1:51720 - R:localhost/127.0.0.1:8083] onStateChange(GET{uri=/userLocation?userId=aa5e203e-b3a6-4dfc-8db7-dc10ed4b04c0, connection=PooledConnection{channel=[id: 0xa0063317, L:/127.0.0.1:51720 - R:localhost/127.0.0.1:8083]}}, [response_received])
15:53:14.967 [reactor-http-nio-41] DEBUG org.springframework.web.reactive.function.client.ExchangeFunctions - [35b1851f] Response 200 OK
15:53:14.967 [reactor-http-nio-47] DEBUG reactor.netty.channel.FluxReceive - [id: 0x8cd960d5, L:/127.0.0.1:51696 - R:localhost/127.0.0.1:8083] Subscribing inbound receiver [pending: 0, cancelled:false, inboundDone: false]
15:53:14.967 [reactor-http-nio-47] DEBUG reactor.netty.http.client.HttpClientOperations - [id: 0x8cd960d5, L:/127.0.0.1:51696 - R:localhost/127.0.0.1:8083] Received last HTTP packet
15:53:14.967 [reactor-http-nio-41] DEBUG reactor.netty.channel.FluxReceive - [id: 0xa0063317, L:/127.0.0.1:51720 - R:localhost/127.0.0.1:8083] Subscribing inbound receiver [pending: 0, cancelled:false, inboundDone: false]
15:53:14.967 [reactor-http-nio-47] DEBUG org.springframework.core.codec.StringDecoder - [4d621481] Decoded "{"userId":"44362f3e-058f-45ae-95de-537e69527046","location":{"longitude":-77.696299,"latitude":-55. (truncated)...
15:53:14.967 [reactor-http-nio-47] DEBUG reactor.netty.resources.PooledConnectionProvider - [id: 0x8cd960d5, L:/127.0.0.1:51696 - R:localhost/127.0.0.1:8083] onStateChange(GET{uri=/userLocation?userId=44362f3e-058f-45ae-95de-537e69527046, connection=PooledConnection{channel=[id: 0x8cd960d5, L:/127.0.0.1:51696 - R:localhost/127.0.0.1:8083]}}, [disconnecting])
15:53:14.967 [reactor-http-nio-47] DEBUG reactor.netty.resources.PooledConnectionProvider - [id: 0x8cd960d5, L:/127.0.0.1:51696 - R:localhost/127.0.0.1:8083] Releasing channel
15:53:14.967 [reactor-http-nio-41] DEBUG reactor.netty.http.client.HttpClientOperations - [id: 0xa0063317, L:/127.0.0.1:51720 - R:localhost/127.0.0.1:8083] Received last HTTP packet
15:53:14.968 [reactor-http-nio-47] DEBUG reactor.netty.resources.PooledConnectionProvider - [id: 0x8cd960d5, L:/127.0.0.1:51696 - R:localhost/127.0.0.1:8083] Channel cleaned, now 299 active connections and 2 inactive connections
15:53:14.968 [reactor-http-nio-41] DEBUG org.springframework.core.codec.StringDecoder - [35b1851f] Decoded "{"userId":"aa5e203e-b3a6-4dfc-8db7-dc10ed4b04c0","location":{"longitude":131.832206,"latitude":83.7 (truncated)...
15:53:14.968 [reactor-http-nio-41] DEBUG reactor.netty.resources.PooledConnectionProvider - [id: 0xa0063317, L:/127.0.0.1:51720 - R:localhost/127.0.0.1:8083] onStateChange(GET{uri=/userLocation?userId=aa5e203e-b3a6-4dfc-8db7-dc10ed4b04c0, connection=PooledConnection{channel=[id: 0xa0063317, L:/127.0.0.1:51720 - R:localhost/127.0.0.1:8083]}}, [disconnecting])
15:53:14.968 [reactor-http-nio-41] DEBUG reactor.netty.resources.PooledConnectionProvider - [id: 0xa0063317, L:/127.0.0.1:51720 - R:localhost/127.0.0.1:8083] Releasing channel
15:53:14.968 [reactor-http-nio-41] DEBUG reactor.netty.resources.PooledConnectionProvider - [id: 0xa0063317, L:/127.0.0.1:51720 - R:localhost/127.0.0.1:8083] Channel cleaned, now 298 active connections and 3 inactive connections
15:53:14.968 [reactor-http-nio-46] DEBUG reactor.netty.resources.PooledConnectionProvider - [id: 0x21f981c4, L:/127.0.0.1:51805 - R:localhost/127.0.0.1:8083] onStateChange(GET{uri=/attractions, connection=PooledConnection{channel=[id: 0x21f981c4, L:/127.0.0.1:51805 - R:localhost/127.0.0.1:8083]}}, [request_sent])
15:53:14.968 [reactor-http-nio-47] DEBUG reactor.netty.http.client.HttpClientOperations - [id: 0x6bded64c, L:/127.0.0.1:51850 - R:localhost/127.0.0.1:8083] Received response (auto-read:false) : [Content-Type=application/json, Transfer-Encoding=chunked, Date=Wed, 15 Jun 2022 14:53:14 GMT]
15:53:14.968 [reactor-http-nio-47] DEBUG reactor.netty.resources.PooledConnectionProvider - [id: 0x6bded64c, L:/127.0.0.1:51850 - R:localhost/127.0.0.1:8083] onStateChange(GET{uri=/userLocation?userId=c5873ddf-d4fe-4af2-b30f-a8d8d4c65a71, connection=PooledConnection{channel=[id: 0x6bded64c, L:/127.0.0.1:51850 - R:localhost/127.0.0.1:8083]}}, [response_received])
15:53:14.968 [reactor-http-nio-47] DEBUG org.springframework.web.reactive.function.client.ExchangeFunctions - [40f7bcb6] Response 200 OK
15:53:14.968 [reactor-http-nio-46] DEBUG reactor.netty.http.client.HttpClientOperations - [id: 0xfaf92bf0, L:/127.0.0.1:51817 - R:localhost/127.0.0.1:8083] Received response (auto-read:false) : [Content-Type=application/json, Transfer-Encoding=chunked, Date=Wed, 15 Jun 2022 14:53:14 GMT]
15:53:14.969 [reactor-http-nio-47] DEBUG reactor.netty.channel.FluxReceive - [id: 0x6bded64c, L:/127.0.0.1:51850 - R:localhost/127.0.0.1:8083] Subscribing inbound receiver [pending: 0, cancelled:false, inboundDone: false]
15:53:14.969 [reactor-http-nio-47] DEBUG reactor.netty.http.client.HttpClientOperations - [id: 0x6bded64c, L:/127.0.0.1:51850 - R:localhost/127.0.0.1:8083] Received last HTTP packet
15:53:14.969 [reactor-http-nio-47] DEBUG org.springframework.core.codec.StringDecoder - [40f7bcb6] Decoded "{"userId":"c5873ddf-d4fe-4af2-b30f-a8d8d4c65a71","location":{"longitude":-155.77515,"latitude":-17. (truncated)...
15:53:14.968 [reactor-http-nio-46] DEBUG reactor.netty.resources.PooledConnectionProvider - [id: 0xfaf92bf0, L:/127.0.0.1:51817 - R:localhost/127.0.0.1:8083] onStateChange(GET{uri=/userLocation?userId=f183e1fb-acc7-4330-abf3-89672675771a, connection=PooledConnection{channel=[id: 0xfaf92bf0, L:/127.0.0.1:51817 - R:localhost/127.0.0.1:8083]}}, [response_received])
15:53:14.969 [reactor-http-nio-47] DEBUG reactor.netty.resources.PooledConnectionProvider - [id: 0x6bded64c, L:/127.0.0.1:51850 - R:localhost/127.0.0.1:8083] onStateChange(GET{uri=/userLocation?userId=c5873ddf-d4fe-4af2-b30f-a8d8d4c65a71, connection=PooledConnection{channel=[id: 0x6bded64c, L:/127.0.0.1:51850 - R:localhost/127.0.0.1:8083]}}, [disconnecting])
15:53:14.969 [reactor-http-nio-47] DEBUG reactor.netty.resources.PooledConnectionProvider - [id: 0x6bded64c, L:/127.0.0.1:51850 - R:localhost/127.0.0.1:8083] Releasing channel
15:53:14.969 [reactor-http-nio-47] DEBUG reactor.netty.resources.PooledConnectionProvider - [id: 0x6bded64c, L:/127.0.0.1:51850 - R:localhost/127.0.0.1:8083] Channel cleaned, now 297 active connections and 4 inactive connections
15:53:14.969 [reactor-http-nio-46] DEBUG org.springframework.web.reactive.function.client.ExchangeFunctions - [d0af82f] Response 200 OK
15:53:14.970 [reactor-http-nio-46] DEBUG reactor.netty.channel.FluxReceive - [id: 0xfaf92bf0, L:/127.0.0.1:51817 - R:localhost/127.0.0.1:8083] Subscribing inbound receiver [pending: 0, cancelled:false, inboundDone: false]
15:53:14.970 [reactor-http-nio-46] DEBUG reactor.netty.http.client.HttpClientOperations - [id: 0xfaf92bf0, L:/127.0.0.1:51817 - R:localhost/127.0.0.1:8083] Received last HTTP packet
15:53:14.970 [reactor-http-nio-46] DEBUG org.springframework.core.codec.StringDecoder - [d0af82f] Decoded "{"userId":"f183e1fb-acc7-4330-abf3-89672675771a","location":{"longitude":174.085315,"latitude":29.2 (truncated)...
15:53:14.970 [pool-2-thread-109] INFO tourGuide.service.TourGuideService - visitedLocatio tourGuide.gpsUtil.VisitedLocation@1e4c5c50
15:53:14.970 [reactor-http-nio-46] DEBUG reactor.netty.resources.PooledConnectionProvider - [id: 0xfaf92bf0, L:/127.0.0.1:51817 - R:localhost/127.0.0.1:8083] onStateChange(GET{uri=/userLocation?userId=f183e1fb-acc7-4330-abf3-89672675771a, connection=PooledConnection{channel=[id: 0xfaf92bf0, L:/127.0.0.1:51817 - R:localhost/127.0.0.1:8083]}}, [disconnecting])
15:53:14.970 [reactor-http-nio-46] DEBUG reactor.netty.resources.PooledConnectionProvider - [id: 0xfaf92bf0, L:/127.0.0.1:51817 - R:localhost/127.0.0.1:8083] Releasing channel
15:53:14.970 [reactor-http-nio-46] DEBUG reactor.netty.resources.PooledConnectionProvider - [id: 0xfaf92bf0, L:/127.0.0.1:51817 - R:localhost/127.0.0.1:8083] Channel cleaned, now 296 active connections and 5 inactive connections
15:53:14.971 [pool-2-thread-109] DEBUG org.springframework.web.reactive.function.client.ExchangeFunctions - [49afd47b] HTTP GET http://localhost:8083/attractions
15:53:14.973 [reactor-http-nio-41] DEBUG reactor.netty.resources.PooledConnectionProvider - [id: 0x4d5a5786, L:/127.0.0.1:51790 - R:localhost/127.0.0.1:8083] Channel acquired, now 297 active connections and 4 inactive connections
15:53:14.973 [pool-2-thread-174] INFO tourGuide.service.TourGuideService - visitedLocatio tourGuide.gpsUtil.VisitedLocation@4463a68
15:53:14.973 [pool-2-thread-174] DEBUG org.springframework.web.reactive.function.client.ExchangeFunctions - [14a3706b] HTTP GET http://localhost:8083/attractions
15:53:14.974 [pool-5-thread-53] INFO tourGuide.service.TourGuideService - visitedLocatio tourGuide.gpsUtil.VisitedLocation@61e549c2
15:53:14.975 [pool-5-thread-53] DEBUG org.springframework.web.reactive.function.client.ExchangeFunctions - [589d797c] HTTP GET http://localhost:8083/attractions
15:53:14.973 [pool-5-thread-86] INFO tourGuide.service.TourGuideService - visitedLocatio tourGuide.gpsUtil.VisitedLocation@182e8684
15:53:14.973 [reactor-http-nio-41] DEBUG reactor.netty.http.client.HttpClientConnect - [id: 0x4d5a5786, L:/127.0.0.1:51790 - R:localhost/127.0.0.1:8083] Handler is being applied: {uri=http://localhost:8083/attractions, method=GET}
15:53:14.977 [pool-5-thread-86] DEBUG org.springframework.web.reactive.function.client.ExchangeFunctions - [6c70e1f5] HTTP GET http://localhost:8083/attractions
15:53:14.977 [reactor-http-nio-41] DEBUG reactor.netty.resources.PooledConnectionProvider - [id: 0x4d5a5786, L:/127.0.0.1:51790 - R:localhost/127.0.0.1:8083] onStateChange(GET{uri=/attractions, connection=PooledConnection{channel=[id: 0x4d5a5786, L:/127.0.0.1:51790 - R:localhost/127.0.0.1:8083]}}, [request_sent])
15:53:14.977 [pool-2-thread-6] INFO tourGuide.service.TourGuideService - visitedLocatio tourGuide.gpsUtil.VisitedLocation@5f4cf3f4
15:53:14.978 [reactor-http-nio-47] DEBUG reactor.netty.resources.PooledConnectionProvider - [id: 0x8cd960d5, L:/127.0.0.1:51696 - R:localhost/127.0.0.1:8083] Channel acquired, now 298 active connections and 3 inactive connections
15:53:14.978 [reactor-http-nio-47] DEBUG reactor.netty.http.client.HttpClientConnect - [id: 0x8cd960d5, L:/127.0.0.1:51696 - R:localhost/127.0.0.1:8083] Handler is being applied: {uri=http://localhost:8083/attractions, method=GET}
15:53:14.979 [pool-2-thread-6] DEBUG org.springframework.web.reactive.function.client.ExchangeFunctions - [2c180d5b] HTTP GET http://localhost:8083/attractions
15:53:14.979 [reactor-http-nio-41] DEBUG reactor.netty.resources.PooledConnectionProvider - [id: 0xa0063317, L:/127.0.0.1:51720 - R:localhost/127.0.0.1:8083] Channel acquired, now 299 active connections and 2 inactive connections
15:53:14.979 [reactor-http-nio-41] DEBUG reactor.netty.http.client.HttpClientConnect - [id: 0xa0063317, L:/127.0.0.1:51720 - R:localhost/127.0.0.1:8083] Handler is being applied: {uri=http://localhost:8083/attractions, method=GET}
15:53:14.979 [reactor-http-nio-47] DEBUG reactor.netty.resources.PooledConnectionProvider - [id: 0x8cd960d5, L:/127.0.0.1:51696 - R:localhost/127.0.0.1:8083] onStateChange(GET{uri=/attractions, connection=PooledConnection{channel=[id: 0x8cd960d5, L:/127.0.0.1:51696 - R:localhost/127.0.0.1:8083]}}, [request_sent])
15:53:14.980 [reactor-http-nio-41] DEBUG reactor.netty.resources.PooledConnectionProvider - [id: 0xa0063317, L:/127.0.0.1:51720 - R:localhost/127.0.0.1:8083] onStateChange(GET{uri=/attractions, connection=PooledConnection{channel=[id: 0xa0063317, L:/127.0.0.1:51720 - R:localhost/127.0.0.1:8083]}}, [request_sent])
15:53:14.980 [reactor-http-nio-47] DEBUG reactor.netty.resources.PooledConnectionProvider - [id: 0x6bded64c, L:/127.0.0.1:51850 - R:localhost/127.0.0.1:8083] Channel acquired, now 300 active connections and 1 inactive connections
15:53:14.981 [reactor-http-nio-47] DEBUG reactor.netty.http.client.HttpClientConnect - [id: 0x6bded64c, L:/127.0.0.1:51850 - R:localhost/127.0.0.1:8083] Handler is being applied: {uri=http://localhost:8083/attractions, method=GET}
15:53:14.982 [reactor-http-nio-46] DEBUG reactor.netty.resources.PooledConnectionProvider - [id: 0xfaf92bf0, L:/127.0.0.1:51817 - R:localhost/127.0.0.1:8083] Channel acquired, now 301 active connections and 0 inactive connections
15:53:14.982 [reactor-http-nio-47] DEBUG reactor.netty.resources.PooledConnectionProvider - [id: 0x6bded64c, L:/127.0.0.1:51850 - R:localhost/127.0.0.1:8083] onStateChange(GET{uri=/attractions, connection=PooledConnection{channel=[id: 0x6bded64c, L:/127.0.0.1:51850 - R:localhost/127.0.0.1:8083]}}, [request_sent])
15:53:14.982 [reactor-http-nio-46] DEBUG reactor.netty.http.client.HttpClientConnect - [id: 0xfaf92bf0, L:/127.0.0.1:51817 - R:localhost/127.0.0.1:8083] Handler is being applied: {uri=http://localhost:8083/attractions, method=GET}
15:53:14.982 [reactor-http-nio-41] DEBUG reactor.netty.http.client.HttpClientOperations - [id: 0xdcbf6f00, L:/127.0.0.1:51769 - R:localhost/127.0.0.1:8083] Received response (auto-read:false) : [Content-Type=application/json, Transfer-Encoding=chunked, Date=Wed, 15 Jun 2022 14:53:14 GMT]
15:53:14.982 [reactor-http-nio-41] DEBUG reactor.netty.resources.PooledConnectionProvider - [id: 0xdcbf6f00, L:/127.0.0.1:51769 - R:localhost/127.0.0.1:8083] onStateChange(GET{uri=/userLocation?userId=87dca8ff-e094-4c79-924a-37cf4870c980, connection=PooledConnection{channel=[id: 0xdcbf6f00, L:/127.0.0.1:51769 - R:localhost/127.0.0.1:8083]}}, [response_received])
15:53:14.983 [reactor-http-nio-41] DEBUG org.springframework.web.reactive.function.client.ExchangeFunctions - [4786e818] Response 200 OK
15:53:14.983 [reactor-http-nio-46] DEBUG reactor.netty.resources.PooledConnectionProvider - [id: 0xfaf92bf0, L:/127.0.0.1:51817 - R:localhost/127.0.0.1:8083] onStateChange(GET{uri=/attractions, connection=PooledConnection{channel=[id: 0xfaf92bf0, L:/127.0.0.1:51817 - R:localhost/127.0.0.1:8083]}}, [request_sent])
15:53:14.983 [reactor-http-nio-41] DEBUG reactor.netty.channel.FluxReceive - [id: 0xdcbf6f00, L:/127.0.0.1:51769 - R:localhost/127.0.0.1:8083] Subscribing inbound receiver [pending: 0, cancelled:false, inboundDone: false]
15:53:14.984 [reactor-http-nio-41] DEBUG reactor.netty.http.client.HttpClientOperations - [id: 0xdcbf6f00, L:/127.0.0.1:51769 - R:localhost/127.0.0.1:8083] Received last HTTP packet
15:53:14.984 [reactor-http-nio-41] DEBUG org.springframework.core.codec.StringDecoder - [4786e818] Decoded "{"userId":"87dca8ff-e094-4c79-924a-37cf4870c980","location":{"longitude":-167.689246,"latitude":54. (truncated)...
15:53:14.984 [reactor-http-nio-41] DEBUG reactor.netty.resources.PooledConnectionProvider - [id: 0xdcbf6f00, L:/127.0.0.1:51769 - R:localhost/127.0.0.1:8083] onStateChange(GET{uri=/userLocation?userId=87dca8ff-e094-4c79-924a-37cf4870c980, connection=PooledConnection{channel=[id: 0xdcbf6f00, L:/127.0.0.1:51769 - R:localhost/127.0.0.1:8083]}}, [disconnecting])
15:53:14.984 [reactor-http-nio-41] DEBUG reactor.netty.resources.PooledConnectionProvider - [id: 0xdcbf6f00, L:/127.0.0.1:51769 - R:localhost/127.0.0.1:8083] Releasing channel
15:53:14.984 [reactor-http-nio-41] DEBUG reactor.netty.resources.PooledConnectionProvider - [id: 0xdcbf6f00, L:/127.0.0.1:51769 - R:localhost/127.0.0.1:8083] Channel cleaned, now 300 active connections and 1 inactive connections
15:53:14.986 [pool-2-thread-61] INFO tourGuide.service.TourGuideService - visitedLocatio tourGuide.gpsUtil.VisitedLocation@1f4de691
15:53:14.986 [pool-2-thread-61] DEBUG org.springframework.web.reactive.function.client.ExchangeFunctions - [4ca96538] HTTP GET http://localhost:8083/attractions
15:53:14.987 [reactor-http-nio-46] DEBUG reactor.netty.http.client.HttpClientOperations - [id: 0xed2911bf, L:/127.0.0.1:51751 - R:localhost/127.0.0.1:8083] Received response (auto-read:false) : [Content-Type=application/json, Transfer-Encoding=chunked, Date=Wed, 15 Jun 2022 14:53:14 GMT]
15:53:14.987 [reactor-http-nio-41] DEBUG reactor.netty.http.client.HttpClientOperations - [id: 0x681d37cb, L:/127.0.0.1:51786 - R:localhost/127.0.0.1:8083] Received response (auto-read:false) : [Content-Type=application/json, Transfer-Encoding=chunked, Date=Wed, 15 Jun 2022 14:53:14 GMT]
15:53:14.987 [reactor-http-nio-46] DEBUG reactor.netty.resources.PooledConnectionProvider - [id: 0xed2911bf, L:/127.0.0.1:51751 - R:localhost/127.0.0.1:8083] onStateChange(GET{uri=/userLocation?userId=7eb57187-2499-4fcb-adcb-1990d1edbc40, connection=PooledConnection{channel=[id: 0xed2911bf, L:/127.0.0.1:51751 - R:localhost/127.0.0.1:8083]}}, [response_received])
15:53:14.987 [reactor-http-nio-41] DEBUG reactor.netty.resources.PooledConnectionProvider - [id: 0x681d37cb, L:/127.0.0.1:51786 - R:localhost/127.0.0.1:8083] onStateChange(GET{uri=/userLocation?userId=c0774efd-d248-4427-a0d6-8e85948aa8ec, connection=PooledConnection{channel=[id: 0x681d37cb, L:/127.0.0.1:51786 - R:localhost/127.0.0.1:8083]}}, [response_received])
15:53:14.987 [reactor-http-nio-46] DEBUG org.springframework.web.reactive.function.client.ExchangeFunctions - [8d5b689] Response 200 OK
15:53:14.987 [reactor-http-nio-41] DEBUG org.springframework.web.reactive.function.client.ExchangeFunctions - [32902059] Response 200 OK
15:53:14.988 [reactor-http-nio-46] DEBUG reactor.netty.channel.FluxReceive - [id: 0xed2911bf, L:/127.0.0.1:51751 - R:localhost/127.0.0.1:8083] Subscribing inbound receiver [pending: 0, cancelled:false, inboundDone: false]
15:53:14.988 [reactor-http-nio-41] DEBUG reactor.netty.channel.FluxReceive - [id: 0x681d37cb, L:/127.0.0.1:51786 - R:localhost/127.0.0.1:8083] Subscribing inbound receiver [pending: 0, cancelled:false, inboundDone: false]
15:53:14.988 [reactor-http-nio-46] DEBUG reactor.netty.http.client.HttpClientOperations - [id: 0xed2911bf, L:/127.0.0.1:51751 - R:localhost/127.0.0.1:8083] Received last HTTP packet
15:53:14.988 [reactor-http-nio-41] DEBUG reactor.netty.http.client.HttpClientOperations - [id: 0x681d37cb, L:/127.0.0.1:51786 - R:localhost/127.0.0.1:8083] Received last HTTP packet
15:53:14.988 [reactor-http-nio-41] DEBUG org.springframework.core.codec.StringDecoder - [32902059] Decoded "{"userId":"c0774efd-d248-4427-a0d6-8e85948aa8ec","location":{"longitude":-56.825705,"latitude":68.0 (truncated)...
15:53:14.988 [reactor-http-nio-46] DEBUG org.springframework.core.codec.StringDecoder - [8d5b689] Decoded "{"userId":"7eb57187-2499-4fcb-adcb-1990d1edbc40","location":{"longitude":6.7446,"latitude":-22.3926 (truncated)...
15:53:14.988 [reactor-http-nio-41] DEBUG reactor.netty.resources.PooledConnectionProvider - [id: 0x681d37cb, L:/127.0.0.1:51786 - R:localhost/127.0.0.1:8083] onStateChange(GET{uri=/userLocation?userId=c0774efd-d248-4427-a0d6-8e85948aa8ec, connection=PooledConnection{channel=[id: 0x681d37cb, L:/127.0.0.1:51786 - R:localhost/127.0.0.1:8083]}}, [disconnecting])
15:53:14.988 [reactor-http-nio-46] DEBUG reactor.netty.resources.PooledConnectionProvider - [id: 0xed2911bf, L:/127.0.0.1:51751 - R:localhost/127.0.0.1:8083] onStateChange(GET{uri=/userLocation?userId=7eb57187-2499-4fcb-adcb-1990d1edbc40, connection=PooledConnection{channel=[id: 0xed2911bf, L:/127.0.0.1:51751 - R:localhost/127.0.0.1:8083]}}, [disconnecting])
15:53:14.988 [reactor-http-nio-41] DEBUG reactor.netty.resources.PooledConnectionProvider - [id: 0x681d37cb, L:/127.0.0.1:51786 - R:localhost/127.0.0.1:8083] Releasing channel
15:53:14.988 [reactor-http-nio-46] DEBUG reactor.netty.resources.PooledConnectionProvider - [id: 0xed2911bf, L:/127.0.0.1:51751 - R:localhost/127.0.0.1:8083] Releasing channel
15:53:14.988 [reactor-http-nio-41] DEBUG reactor.netty.resources.PooledConnectionProvider - [id: 0x681d37cb, L:/127.0.0.1:51786 - R:localhost/127.0.0.1:8083] Channel cleaned, now 299 active connections and 2 inactive connections
15:53:14.988 [reactor-http-nio-46] DEBUG reactor.netty.resources.PooledConnectionProvider - [id: 0xed2911bf, L:/127.0.0.1:51751 - R:localhost/127.0.0.1:8083] Channel cleaned, now 298 active connections and 3 inactive connections
15:53:14.989 [reactor-http-nio-41] DEBUG reactor.netty.resources.PooledConnectionProvider - [id: 0xdcbf6f00, L:/127.0.0.1:51769 - R:localhost/127.0.0.1:8083] Channel acquired, now 299 active connections and 2 inactive connections
15:53:14.989 [reactor-http-nio-41] DEBUG reactor.netty.http.client.HttpClientConnect - [id: 0xdcbf6f00, L:/127.0.0.1:51769 - R:localhost/127.0.0.1:8083] Handler is being applied: {uri=http://localhost:8083/attractions, method=GET}
15:53:14.989 [reactor-http-nio-46] DEBUG reactor.netty.http.client.HttpClientOperations - [id: 0x24a8edc5, L:/127.0.0.1:51787 - R:localhost/127.0.0.1:8083] Received response (auto-read:false) : [Content-Type=application/json, Transfer-Encoding=chunked, Date=Wed, 15 Jun 2022 14:53:14 GMT]
15:53:14.989 [reactor-http-nio-46] DEBUG reactor.netty.resources.PooledConnectionProvider - [id: 0x24a8edc5, L:/127.0.0.1:51787 - R:localhost/127.0.0.1:8083] onStateChange(GET{uri=/userLocation?userId=fb685411-eba7-49e5-b06d-c7d078d23c14, connection=PooledConnection{channel=[id: 0x24a8edc5, L:/127.0.0.1:51787 - R:localhost/127.0.0.1:8083]}}, [response_received])
15:53:14.989 [reactor-http-nio-46] DEBUG org.springframework.web.reactive.function.client.ExchangeFunctions - [571780f8] Response 200 OK
15:53:14.989 [reactor-http-nio-41] DEBUG reactor.netty.resources.PooledConnectionProvider - [id: 0xdcbf6f00, L:/127.0.0.1:51769 - R:localhost/127.0.0.1:8083] onStateChange(GET{uri=/attractions, connection=PooledConnection{channel=[id: 0xdcbf6f00, L:/127.0.0.1:51769 - R:localhost/127.0.0.1:8083]}}, [request_sent])
15:53:14.990 [reactor-http-nio-46] DEBUG reactor.netty.channel.FluxReceive - [id: 0x24a8edc5, L:/127.0.0.1:51787 - R:localhost/127.0.0.1:8083] Subscribing inbound receiver [pending: 0, cancelled:false, inboundDone: false]
15:53:14.990 [reactor-http-nio-46] DEBUG reactor.netty.http.client.HttpClientOperations - [id: 0x24a8edc5, L:/127.0.0.1:51787 - R:localhost/127.0.0.1:8083] Received last HTTP packet
15:53:14.990 [reactor-http-nio-41] DEBUG reactor.netty.http.client.HttpClientOperations - [id: 0x7ed84751, L:/127.0.0.1:51753 - R:localhost/127.0.0.1:8083] Received response (auto-read:false) : [Content-Type=application/json, Transfer-Encoding=chunked, Date=Wed, 15 Jun 2022 14:53:14 GMT]
15:53:14.990 [reactor-http-nio-41] DEBUG reactor.netty.resources.PooledConnectionProvider - [id: 0x7ed84751, L:/127.0.0.1:51753 - R:localhost/127.0.0.1:8083] onStateChange(GET{uri=/userLocation?userId=5f3998fd-f2d4-49ae-9b29-e2f60b730771, connection=PooledConnection{channel=[id: 0x7ed84751, L:/127.0.0.1:51753 - R:localhost/127.0.0.1:8083]}}, [response_received])
15:53:14.990 [reactor-http-nio-46] DEBUG org.springframework.core.codec.StringDecoder - [571780f8] Decoded "{"userId":"fb685411-eba7-49e5-b06d-c7d078d23c14","location":{"longitude":-61.432711,"latitude":61.7 (truncated)...
15:53:14.990 [reactor-http-nio-46] DEBUG reactor.netty.resources.PooledConnectionProvider - [id: 0x24a8edc5, L:/127.0.0.1:51787 - R:localhost/127.0.0.1:8083] onStateChange(GET{uri=/userLocation?userId=fb685411-eba7-49e5-b06d-c7d078d23c14, connection=PooledConnection{channel=[id: 0x24a8edc5, L:/127.0.0.1:51787 - R:localhost/127.0.0.1:8083]}}, [disconnecting])
15:53:14.990 [reactor-http-nio-41] DEBUG org.springframework.web.reactive.function.client.ExchangeFunctions - [8cff43c] Response 200 OK
15:53:14.990 [reactor-http-nio-46] DEBUG reactor.netty.resources.PooledConnectionProvider - [id: 0x24a8edc5, L:/127.0.0.1:51787 - R:localhost/127.0.0.1:8083] Releasing channel
15:53:14.990 [reactor-http-nio-46] DEBUG reactor.netty.resources.PooledConnectionProvider - [id: 0x24a8edc5, L:/127.0.0.1:51787 - R:localhost/127.0.0.1:8083] Channel cleaned, now 298 active connections and 3 inactive connections
15:53:14.991 [reactor-http-nio-41] DEBUG reactor.netty.channel.FluxReceive - [id: 0x7ed84751, L:/127.0.0.1:51753 - R:localhost/127.0.0.1:8083] Subscribing inbound receiver [pending: 0, cancelled:false, inboundDone: false]
15:53:14.991 [reactor-http-nio-41] DEBUG reactor.netty.http.client.HttpClientOperations - [id: 0x7ed84751, L:/127.0.0.1:51753 - R:localhost/127.0.0.1:8083] Received last HTTP packet
15:53:14.991 [reactor-http-nio-41] DEBUG org.springframework.core.codec.StringDecoder - [8cff43c] Decoded "{"userId":"5f3998fd-f2d4-49ae-9b29-e2f60b730771","location":{"longitude":-106.290534,"latitude":-59 (truncated)...
15:53:14.991 [reactor-http-nio-41] DEBUG reactor.netty.resources.PooledConnectionProvider - [id: 0x7ed84751, L:/127.0.0.1:51753 - R:localhost/127.0.0.1:8083] onStateChange(GET{uri=/userLocation?userId=5f3998fd-f2d4-49ae-9b29-e2f60b730771, connection=PooledConnection{channel=[id: 0x7ed84751, L:/127.0.0.1:51753 - R:localhost/127.0.0.1:8083]}}, [disconnecting])
15:53:14.991 [reactor-http-nio-41] DEBUG reactor.netty.resources.PooledConnectionProvider - [id: 0x7ed84751, L:/127.0.0.1:51753 - R:localhost/127.0.0.1:8083] Releasing channel
15:53:14.991 [reactor-http-nio-41] DEBUG reactor.netty.resources.PooledConnectionProvider - [id: 0x7ed84751, L:/127.0.0.1:51753 - R:localhost/127.0.0.1:8083] Channel cleaned, now 297 active connections and 4 inactive connections
15:53:14.992 [reactor-http-nio-41] DEBUG reactor.netty.http.client.HttpClientOperations - [id: 0x453fdead, L:/127.0.0.1:51775 - R:localhost/127.0.0.1:8083] Received response (auto-read:false) : [Content-Type=application/json, Transfer-Encoding=chunked, Date=Wed, 15 Jun 2022 14:53:14 GMT]
15:53:14.992 [reactor-http-nio-41] DEBUG reactor.netty.resources.PooledConnectionProvider - [id: 0x453fdead, L:/127.0.0.1:51775 - R:localhost/127.0.0.1:8083] onStateChange(GET{uri=/userLocation?userId=1601e45f-583a-43b8-a122-3f7ea5a829ad, connection=PooledConnection{channel=[id: 0x453fdead, L:/127.0.0.1:51775 - R:localhost/127.0.0.1:8083]}}, [response_received])
15:53:14.992 [reactor-http-nio-41] DEBUG org.springframework.web.reactive.function.client.ExchangeFunctions - [4ae71f80] Response 200 OK
15:53:14.995 [reactor-http-nio-41] DEBUG reactor.netty.channel.FluxReceive - [id: 0x453fdead, L:/127.0.0.1:51775 - R:localhost/127.0.0.1:8083] Subscribing inbound receiver [pending: 0, cancelled:false, inboundDone: false]
15:53:14.995 [pool-2-thread-80] INFO tourGuide.service.TourGuideService - visitedLocatio tourGuide.gpsUtil.VisitedLocation@7701cb69
15:53:14.995 [reactor-http-nio-41] DEBUG reactor.netty.http.client.HttpClientOperations - [id: 0x453fdead, L:/127.0.0.1:51775 - R:localhost/127.0.0.1:8083] Received last HTTP packet
15:53:14.995 [pool-5-thread-77] INFO tourGuide.service.TourGuideService - visitedLocatio tourGuide.gpsUtil.VisitedLocation@254676cb
15:53:14.995 [reactor-http-nio-41] DEBUG org.springframework.core.codec.StringDecoder - [4ae71f80] Decoded "{"userId":"1601e45f-583a-43b8-a122-3f7ea5a829ad","location":{"longitude":23.566264,"latitude":-3.46 (truncated)...
15:53:14.995 [reactor-http-nio-41] DEBUG reactor.netty.resources.PooledConnectionProvider - [id: 0x453fdead, L:/127.0.0.1:51775 - R:localhost/127.0.0.1:8083] onStateChange(GET{uri=/userLocation?userId=1601e45f-583a-43b8-a122-3f7ea5a829ad, connection=PooledConnection{channel=[id: 0x453fdead, L:/127.0.0.1:51775 - R:localhost/127.0.0.1:8083]}}, [disconnecting])
15:53:14.995 [reactor-http-nio-41] DEBUG reactor.netty.resources.PooledConnectionProvider - [id: 0x453fdead, L:/127.0.0.1:51775 - R:localhost/127.0.0.1:8083] Releasing channel
15:53:14.995 [reactor-http-nio-41] DEBUG reactor.netty.resources.PooledConnectionProvider - [id: 0x453fdead, L:/127.0.0.1:51775 - R:localhost/127.0.0.1:8083] Channel cleaned, now 296 active connections and 5 inactive connections
15:53:14.995 [pool-2-thread-80] DEBUG org.springframework.web.reactive.function.client.ExchangeFunctions - [29dd0148] HTTP GET http://localhost:8083/attractions
15:53:14.996 [pool-5-thread-77] DEBUG org.springframework.web.reactive.function.client.ExchangeFunctions - [29c743fd] HTTP GET http://localhost:8083/attractions
15:53:14.997 [pool-5-thread-59] INFO tourGuide.service.TourGuideService - visitedLocatio tourGuide.gpsUtil.VisitedLocation@9e60049
15:53:14.997 [reactor-http-nio-46] DEBUG reactor.netty.resources.PooledConnectionProvider - [id: 0xed2911bf, L:/127.0.0.1:51751 - R:localhost/127.0.0.1:8083] Channel acquired, now 297 active connections and 4 inactive connections
15:53:14.997 [reactor-http-nio-46] DEBUG reactor.netty.http.client.HttpClientConnect - [id: 0xed2911bf, L:/127.0.0.1:51751 - R:localhost/127.0.0.1:8083] Handler is being applied: {uri=http://localhost:8083/attractions, method=GET}
15:53:14.997 [reactor-http-nio-41] DEBUG reactor.netty.resources.PooledConnectionProvider - [id: 0x681d37cb, L:/127.0.0.1:51786 - R:localhost/127.0.0.1:8083] Channel acquired, now 298 active connections and 3 inactive connections
15:53:14.997 [reactor-http-nio-41] DEBUG reactor.netty.http.client.HttpClientConnect - [id: 0x681d37cb, L:/127.0.0.1:51786 - R:localhost/127.0.0.1:8083] Handler is being applied: {uri=http://localhost:8083/attractions, method=GET}
15:53:14.998 [reactor-http-nio-41] DEBUG reactor.netty.resources.PooledConnectionProvider - [id: 0x681d37cb, L:/127.0.0.1:51786 - R:localhost/127.0.0.1:8083] onStateChange(GET{uri=/attractions, connection=PooledConnection{channel=[id: 0x681d37cb, L:/127.0.0.1:51786 - R:localhost/127.0.0.1:8083]}}, [request_sent])
15:53:14.998 [reactor-http-nio-46] DEBUG reactor.netty.resources.PooledConnectionProvider - [id: 0xed2911bf, L:/127.0.0.1:51751 - R:localhost/127.0.0.1:8083] onStateChange(GET{uri=/attractions, connection=PooledConnection{channel=[id: 0xed2911bf, L:/127.0.0.1:51751 - R:localhost/127.0.0.1:8083]}}, [request_sent])
15:53:14.998 [pool-2-thread-169] INFO tourGuide.service.TourGuideService - visitedLocatio tourGuide.gpsUtil.VisitedLocation@723aeb31
15:53:14.999 [pool-5-thread-59] DEBUG org.springframework.web.reactive.function.client.ExchangeFunctions - [1382d52d] HTTP GET http://localhost:8083/attractions
15:53:14.999 [pool-2-thread-169] DEBUG org.springframework.web.reactive.function.client.ExchangeFunctions - [62de778f] HTTP GET http://localhost:8083/attractions
15:53:15.000 [reactor-http-nio-41] DEBUG reactor.netty.resources.PooledConnectionProvider - [id: 0x7ed84751, L:/127.0.0.1:51753 - R:localhost/127.0.0.1:8083] Channel acquired, now 299 active connections and 2 inactive connections
15:53:15.000 [reactor-http-nio-46] DEBUG reactor.netty.resources.PooledConnectionProvider - [id: 0x24a8edc5, L:/127.0.0.1:51787 - R:localhost/127.0.0.1:8083] Channel acquired, now 300 active connections and 1 inactive connections
15:53:15.000 [reactor-http-nio-41] DEBUG reactor.netty.http.client.HttpClientConnect - [id: 0x7ed84751, L:/127.0.0.1:51753 - R:localhost/127.0.0.1:8083] Handler is being applied: {uri=http://localhost:8083/attractions, method=GET}
15:53:15.000 [reactor-http-nio-46] DEBUG reactor.netty.http.client.HttpClientConnect - [id: 0x24a8edc5, L:/127.0.0.1:51787 - R:localhost/127.0.0.1:8083] Handler is being applied: {uri=http://localhost:8083/attractions, method=GET}
15:53:15.001 [reactor-http-nio-46] DEBUG reactor.netty.resources.PooledConnectionProvider - [id: 0x24a8edc5, L:/127.0.0.1:51787 - R:localhost/127.0.0.1:8083] onStateChange(GET{uri=/attractions, connection=PooledConnection{channel=[id: 0x24a8edc5, L:/127.0.0.1:51787 - R:localhost/127.0.0.1:8083]}}, [request_sent])
15:53:15.001 [reactor-http-nio-41] DEBUG reactor.netty.resources.PooledConnectionProvider - [id: 0x7ed84751, L:/127.0.0.1:51753 - R:localhost/127.0.0.1:8083] onStateChange(GET{uri=/attractions, connection=PooledConnection{channel=[id: 0x7ed84751, L:/127.0.0.1:51753 - R:localhost/127.0.0.1:8083]}}, [request_sent])
15:53:15.002 [reactor-http-nio-47] DEBUG reactor.netty.http.client.HttpClientOperations - [id: 0x502a9f84, L:/127.0.0.1:51845 - R:localhost/127.0.0.1:8083] Received response (auto-read:false) : [Content-Type=application/json, Transfer-Encoding=chunked, Date=Wed, 15 Jun 2022 14:53:14 GMT]
15:53:15.002 [reactor-http-nio-47] DEBUG reactor.netty.resources.PooledConnectionProvider - [id: 0x502a9f84, L:/127.0.0.1:51845 - R:localhost/127.0.0.1:8083] onStateChange(GET{uri=/userLocation?userId=01243b8e-38da-4d8f-8b4d-cf2cc583b720, connection=PooledConnection{channel=[id: 0x502a9f84, L:/127.0.0.1:51845 - R:localhost/127.0.0.1:8083]}}, [response_received])
15:53:15.002 [reactor-http-nio-47] DEBUG org.springframework.web.reactive.function.client.ExchangeFunctions - [16d156e2] Response 200 OK
15:53:15.003 [reactor-http-nio-41] DEBUG reactor.netty.http.client.HttpClientOperations - [id: 0xa255a56d, L:/127.0.0.1:51733 - R:localhost/127.0.0.1:8083] Received response (auto-read:false) : [Content-Type=application/json, Transfer-Encoding=chunked, Date=Wed, 15 Jun 2022 14:53:14 GMT]
15:53:15.003 [reactor-http-nio-41] DEBUG reactor.netty.resources.PooledConnectionProvider - [id: 0xa255a56d, L:/127.0.0.1:51733 - R:localhost/127.0.0.1:8083] onStateChange(GET{uri=/userLocation?userId=bf6ca283-1512-4f32-a67d-dec7af3d9456, connection=PooledConnection{channel=[id: 0xa255a56d, L:/127.0.0.1:51733 - R:localhost/127.0.0.1:8083]}}, [response_received])
15:53:15.003 [reactor-http-nio-41] DEBUG org.springframework.web.reactive.function.client.ExchangeFunctions - [20400767] Response 200 OK
15:53:15.003 [reactor-http-nio-47] DEBUG reactor.netty.channel.FluxReceive - [id: 0x502a9f84, L:/127.0.0.1:51845 - R:localhost/127.0.0.1:8083] Subscribing inbound receiver [pending: 0, cancelled:false, inboundDone: false]
15:53:15.003 [reactor-http-nio-41] DEBUG reactor.netty.channel.FluxReceive - [id: 0xa255a56d, L:/127.0.0.1:51733 - R:localhost/127.0.0.1:8083] Subscribing inbound receiver [pending: 0, cancelled:false, inboundDone: false]
15:53:15.003 [reactor-http-nio-47] DEBUG reactor.netty.http.client.HttpClientOperations - [id: 0x502a9f84, L:/127.0.0.1:51845 - R:localhost/127.0.0.1:8083] Received last HTTP packet
15:53:15.003 [reactor-http-nio-41] DEBUG reactor.netty.http.client.HttpClientOperations - [id: 0xa255a56d, L:/127.0.0.1:51733 - R:localhost/127.0.0.1:8083] Received last HTTP packet
15:53:15.003 [reactor-http-nio-41] DEBUG org.springframework.core.codec.StringDecoder - [20400767] Decoded "{"userId":"bf6ca283-1512-4f32-a67d-dec7af3d9456","location":{"longitude":29.8741,"latitude":33.5830 (truncated)...
15:53:15.003 [reactor-http-nio-41] DEBUG reactor.netty.resources.PooledConnectionProvider - [id: 0xa255a56d, L:/127.0.0.1:51733 - R:localhost/127.0.0.1:8083] onStateChange(GET{uri=/userLocation?userId=bf6ca283-1512-4f32-a67d-dec7af3d9456, connection=PooledConnection{channel=[id: 0xa255a56d, L:/127.0.0.1:51733 - R:localhost/127.0.0.1:8083]}}, [disconnecting])
15:53:15.003 [reactor-http-nio-41] DEBUG reactor.netty.resources.PooledConnectionProvider - [id: 0xa255a56d, L:/127.0.0.1:51733 - R:localhost/127.0.0.1:8083] Releasing channel
15:53:15.002 [pool-2-thread-8] INFO tourGuide.service.TourGuideService - visitedLocatio tourGuide.gpsUtil.VisitedLocation@30595689
15:53:15.002 [reactor-http-nio-46] DEBUG reactor.netty.http.client.HttpClientOperations - [id: 0x4746856e, L:/127.0.0.1:51809 - R:localhost/127.0.0.1:8083] Received response (auto-read:false) : [Content-Type=application/json, Transfer-Encoding=chunked, Date=Wed, 15 Jun 2022 14:53:14 GMT]
15:53:15.004 [reactor-http-nio-41] DEBUG reactor.netty.resources.PooledConnectionProvider - [id: 0xa255a56d, L:/127.0.0.1:51733 - R:localhost/127.0.0.1:8083] Channel cleaned, now 299 active connections and 2 inactive connections
15:53:15.004 [reactor-http-nio-46] DEBUG reactor.netty.resources.PooledConnectionProvider - [id: 0x4746856e, L:/127.0.0.1:51809 - R:localhost/127.0.0.1:8083] onStateChange(GET{uri=/userLocation?userId=5670eed1-2152-42b9-968c-6e0fa1a77d9c, connection=PooledConnection{channel=[id: 0x4746856e, L:/127.0.0.1:51809 - R:localhost/127.0.0.1:8083]}}, [response_received])
15:53:15.003 [reactor-http-nio-47] DEBUG org.springframework.core.codec.StringDecoder - [16d156e2] Decoded "{"userId":"01243b8e-38da-4d8f-8b4d-cf2cc583b720","location":{"longitude":-25.693775,"latitude":0.91 (truncated)...
15:53:15.004 [reactor-http-nio-47] DEBUG reactor.netty.resources.PooledConnectionProvider - [id: 0x502a9f84, L:/127.0.0.1:51845 - R:localhost/127.0.0.1:8083] onStateChange(GET{uri=/userLocation?userId=01243b8e-38da-4d8f-8b4d-cf2cc583b720, connection=PooledConnection{channel=[id: 0x502a9f84, L:/127.0.0.1:51845 - R:localhost/127.0.0.1:8083]}}, [disconnecting])
15:53:15.004 [reactor-http-nio-47] DEBUG reactor.netty.resources.PooledConnectionProvider - [id: 0x502a9f84, L:/127.0.0.1:51845 - R:localhost/127.0.0.1:8083] Releasing channel
15:53:15.004 [reactor-http-nio-46] DEBUG org.springframework.web.reactive.function.client.ExchangeFunctions - [34973c25] Response 200 OK
15:53:15.004 [reactor-http-nio-47] DEBUG reactor.netty.resources.PooledConnectionProvider - [id: 0x502a9f84, L:/127.0.0.1:51845 - R:localhost/127.0.0.1:8083] Channel cleaned, now 298 active connections and 3 inactive connections
15:53:15.004 [reactor-http-nio-46] DEBUG reactor.netty.channel.FluxReceive - [id: 0x4746856e, L:/127.0.0.1:51809 - R:localhost/127.0.0.1:8083] Subscribing inbound receiver [pending: 0, cancelled:false, inboundDone: false]
15:53:15.004 [reactor-http-nio-46] DEBUG reactor.netty.http.client.HttpClientOperations - [id: 0x4746856e, L:/127.0.0.1:51809 - R:localhost/127.0.0.1:8083] Received last HTTP packet
15:53:15.005 [reactor-http-nio-46] DEBUG org.springframework.core.codec.StringDecoder - [34973c25] Decoded "{"userId":"5670eed1-2152-42b9-968c-6e0fa1a77d9c","location":{"longitude":65.196171,"latitude":-6.80 (truncated)...
15:53:15.005 [reactor-http-nio-46] DEBUG reactor.netty.resources.PooledConnectionProvider - [id: 0x4746856e, L:/127.0.0.1:51809 - R:localhost/127.0.0.1:8083] onStateChange(GET{uri=/userLocation?userId=5670eed1-2152-42b9-968c-6e0fa1a77d9c, connection=PooledConnection{channel=[id: 0x4746856e, L:/127.0.0.1:51809 - R:localhost/127.0.0.1:8083]}}, [disconnecting])
15:53:15.005 [reactor-http-nio-46] DEBUG reactor.netty.resources.PooledConnectionProvider - [id: 0x4746856e, L:/127.0.0.1:51809 - R:localhost/127.0.0.1:8083] Releasing channel
15:53:15.005 [reactor-http-nio-46] DEBUG reactor.netty.resources.PooledConnectionProvider - [id: 0x4746856e, L:/127.0.0.1:51809 - R:localhost/127.0.0.1:8083] Channel cleaned, now 297 active connections and 4 inactive connections
15:53:15.005 [pool-2-thread-55] INFO tourGuide.service.TourGuideService - visitedLocatio tourGuide.gpsUtil.VisitedLocation@2fc2d84
15:53:15.005 [pool-2-thread-8] DEBUG org.springframework.web.reactive.function.client.ExchangeFunctions - [6bf5eaf4] HTTP GET http://localhost:8083/attractions
15:53:15.005 [pool-2-thread-55] DEBUG org.springframework.web.reactive.function.client.ExchangeFunctions - [37c3a396] HTTP GET http://localhost:8083/attractions
15:53:15.006 [reactor-http-nio-41] DEBUG reactor.netty.resources.PooledConnectionProvider - [id: 0x453fdead, L:/127.0.0.1:51775 - R:localhost/127.0.0.1:8083] Channel acquired, now 298 active connections and 3 inactive connections
15:53:15.007 [reactor-http-nio-41] DEBUG reactor.netty.http.client.HttpClientConnect - [id: 0x453fdead, L:/127.0.0.1:51775 - R:localhost/127.0.0.1:8083] Handler is being applied: {uri=http://localhost:8083/attractions, method=GET}
15:53:15.007 [pool-5-thread-98] INFO tourGuide.service.TourGuideService - visitedLocatio tourGuide.gpsUtil.VisitedLocation@8cc09bb
15:53:15.007 [pool-5-thread-98] DEBUG org.springframework.web.reactive.function.client.ExchangeFunctions - [152f213] HTTP GET http://localhost:8083/attractions
15:53:15.007 [reactor-http-nio-41] DEBUG reactor.netty.resources.PooledConnectionProvider - [id: 0x453fdead, L:/127.0.0.1:51775 - R:localhost/127.0.0.1:8083] onStateChange(GET{uri=/attractions, connection=PooledConnection{channel=[id: 0x453fdead, L:/127.0.0.1:51775 - R:localhost/127.0.0.1:8083]}}, [request_sent])
15:53:15.008 [reactor-http-nio-41] DEBUG reactor.netty.resources.PooledConnectionProvider - [id: 0xa255a56d, L:/127.0.0.1:51733 - R:localhost/127.0.0.1:8083] Channel acquired, now 299 active connections and 2 inactive connections
15:53:15.009 [reactor-http-nio-41] DEBUG reactor.netty.http.client.HttpClientConnect - [id: 0xa255a56d, L:/127.0.0.1:51733 - R:localhost/127.0.0.1:8083] Handler is being applied: {uri=http://localhost:8083/attractions, method=GET}
15:53:15.008 [pool-2-thread-132] INFO tourGuide.service.TourGuideService - visitedLocatio tourGuide.gpsUtil.VisitedLocation@11ba4b9c
15:53:15.011 [pool-2-thread-132] DEBUG org.springframework.web.reactive.function.client.ExchangeFunctions - [2d9728] HTTP GET http://localhost:8083/attractions
15:53:15.011 [reactor-http-nio-41] DEBUG reactor.netty.resources.PooledConnectionProvider - [id: 0xa255a56d, L:/127.0.0.1:51733 - R:localhost/127.0.0.1:8083] onStateChange(GET{uri=/attractions, connection=PooledConnection{channel=[id: 0xa255a56d, L:/127.0.0.1:51733 - R:localhost/127.0.0.1:8083]}}, [request_sent])
15:53:15.011 [reactor-http-nio-47] DEBUG reactor.netty.resources.PooledConnectionProvider - [id: 0x502a9f84, L:/127.0.0.1:51845 - R:localhost/127.0.0.1:8083] Channel acquired, now 300 active connections and 1 inactive connections
15:53:15.011 [reactor-http-nio-47] DEBUG reactor.netty.http.client.HttpClientConnect - [id: 0x502a9f84, L:/127.0.0.1:51845 - R:localhost/127.0.0.1:8083] Handler is being applied: {uri=http://localhost:8083/attractions, method=GET}
15:53:15.013 [reactor-http-nio-47] DEBUG reactor.netty.resources.PooledConnectionProvider - [id: 0x502a9f84, L:/127.0.0.1:51845 - R:localhost/127.0.0.1:8083] onStateChange(GET{uri=/attractions, connection=PooledConnection{channel=[id: 0x502a9f84, L:/127.0.0.1:51845 - R:localhost/127.0.0.1:8083]}}, [request_sent])
15:53:15.013 [reactor-http-nio-41] DEBUG reactor.netty.http.client.HttpClientOperations - [id: 0x9f0a2ff5, L:/127.0.0.1:51757 - R:localhost/127.0.0.1:8083] Received response (auto-read:false) : [Content-Type=application/json, Transfer-Encoding=chunked, Date=Wed, 15 Jun 2022 14:53:14 GMT]
15:53:15.013 [reactor-http-nio-41] DEBUG reactor.netty.resources.PooledConnectionProvider - [id: 0x9f0a2ff5, L:/127.0.0.1:51757 - R:localhost/127.0.0.1:8083] onStateChange(GET{uri=/userLocation?userId=40cc75b6-c77f-4f0f-a892-508899205994, connection=PooledConnection{channel=[id: 0x9f0a2ff5, L:/127.0.0.1:51757 - R:localhost/127.0.0.1:8083]}}, [response_received])
15:53:15.013 [reactor-http-nio-41] DEBUG org.springframework.web.reactive.function.client.ExchangeFunctions - [3652f518] Response 200 OK
15:53:15.013 [reactor-http-nio-46] DEBUG reactor.netty.http.client.HttpClientOperations - [id: 0xe2a0d401, L:/127.0.0.1:51788 - R:localhost/127.0.0.1:8083] Received response (auto-read:false) : [Content-Type=application/json, Transfer-Encoding=chunked, Date=Wed, 15 Jun 2022 14:53:14 GMT]
15:53:15.013 [reactor-http-nio-46] DEBUG reactor.netty.resources.PooledConnectionProvider - [id: 0xe2a0d401, L:/127.0.0.1:51788 - R:localhost/127.0.0.1:8083] onStateChange(GET{uri=/userLocation?userId=58bf569f-e092-4ca5-97ea-98ce1becdae1, connection=PooledConnection{channel=[id: 0xe2a0d401, L:/127.0.0.1:51788 - R:localhost/127.0.0.1:8083]}}, [response_received])
15:53:15.013 [reactor-http-nio-46] DEBUG org.springframework.web.reactive.function.client.ExchangeFunctions - [69c4dad5] Response 200 OK
15:53:15.013 [reactor-http-nio-41] DEBUG reactor.netty.channel.FluxReceive - [id: 0x9f0a2ff5, L:/127.0.0.1:51757 - R:localhost/127.0.0.1:8083] Subscribing inbound receiver [pending: 0, cancelled:false, inboundDone: false]
15:53:15.014 [reactor-http-nio-46] DEBUG reactor.netty.channel.FluxReceive - [id: 0xe2a0d401, L:/127.0.0.1:51788 - R:localhost/127.0.0.1:8083] Subscribing inbound receiver [pending: 0, cancelled:false, inboundDone: false]
15:53:15.014 [reactor-http-nio-41] DEBUG reactor.netty.http.client.HttpClientOperations - [id: 0x9f0a2ff5, L:/127.0.0.1:51757 - R:localhost/127.0.0.1:8083] Received last HTTP packet
15:53:15.014 [reactor-http-nio-46] DEBUG reactor.netty.http.client.HttpClientOperations - [id: 0xe2a0d401, L:/127.0.0.1:51788 - R:localhost/127.0.0.1:8083] Received last HTTP packet
15:53:15.014 [reactor-http-nio-41] DEBUG org.springframework.core.codec.StringDecoder - [3652f518] Decoded "{"userId":"40cc75b6-c77f-4f0f-a892-508899205994","location":{"longitude":122.926181,"latitude":28.4 (truncated)...
15:53:15.014 [reactor-http-nio-46] DEBUG org.springframework.core.codec.StringDecoder - [69c4dad5] Decoded "{"userId":"58bf569f-e092-4ca5-97ea-98ce1becdae1","location":{"longitude":79.484783,"latitude":-21.3 (truncated)...
15:53:15.014 [reactor-http-nio-46] DEBUG reactor.netty.resources.PooledConnectionProvider - [id: 0xe2a0d401, L:/127.0.0.1:51788 - R:localhost/127.0.0.1:8083] onStateChange(GET{uri=/userLocation?userId=58bf569f-e092-4ca5-97ea-98ce1becdae1, connection=PooledConnection{channel=[id: 0xe2a0d401, L:/127.0.0.1:51788 - R:localhost/127.0.0.1:8083]}}, [disconnecting])
15:53:15.014 [reactor-http-nio-46] DEBUG reactor.netty.resources.PooledConnectionProvider - [id: 0xe2a0d401, L:/127.0.0.1:51788 - R:localhost/127.0.0.1:8083] Releasing channel
15:53:15.014 [reactor-http-nio-46] DEBUG reactor.netty.resources.PooledConnectionProvider - [id: 0xe2a0d401, L:/127.0.0.1:51788 - R:localhost/127.0.0.1:8083] Channel cleaned, now 299 active connections and 2 inactive connections
15:53:15.014 [reactor-http-nio-46] DEBUG reactor.netty.resources.PooledConnectionProvider - [id: 0x4746856e, L:/127.0.0.1:51809 - R:localhost/127.0.0.1:8083] Channel acquired, now 300 active connections and 1 inactive connections
15:53:15.014 [reactor-http-nio-46] DEBUG reactor.netty.http.client.HttpClientConnect - [id: 0x4746856e, L:/127.0.0.1:51809 - R:localhost/127.0.0.1:8083] Handler is being applied: {uri=http://localhost:8083/attractions, method=GET}
15:53:15.015 [reactor-http-nio-41] DEBUG reactor.netty.resources.PooledConnectionProvider - [id: 0x9f0a2ff5, L:/127.0.0.1:51757 - R:localhost/127.0.0.1:8083] onStateChange(GET{uri=/userLocation?userId=40cc75b6-c77f-4f0f-a892-508899205994, connection=PooledConnection{channel=[id: 0x9f0a2ff5, L:/127.0.0.1:51757 - R:localhost/127.0.0.1:8083]}}, [disconnecting])
15:53:15.015 [reactor-http-nio-41] DEBUG reactor.netty.resources.PooledConnectionProvider - [id: 0x9f0a2ff5, L:/127.0.0.1:51757 - R:localhost/127.0.0.1:8083] Releasing channel
15:53:15.015 [reactor-http-nio-41] DEBUG reactor.netty.resources.PooledConnectionProvider - [id: 0x9f0a2ff5, L:/127.0.0.1:51757 - R:localhost/127.0.0.1:8083] Channel cleaned, now 299 active connections and 2 inactive connections
15:53:15.015 [reactor-http-nio-41] DEBUG reactor.netty.http.client.HttpClientOperations - [id: 0x35480b9d, L:/127.0.0.1:51783 - R:localhost/127.0.0.1:8083] Received response (auto-read:false) : [Content-Type=application/json, Transfer-Encoding=chunked, Date=Wed, 15 Jun 2022 14:53:14 GMT]
15:53:15.015 [reactor-http-nio-41] DEBUG reactor.netty.resources.PooledConnectionProvider - [id: 0x35480b9d, L:/127.0.0.1:51783 - R:localhost/127.0.0.1:8083] onStateChange(GET{uri=/userLocation?userId=23ded068-1f66-4eb7-a8f7-0adbdcd6fa73, connection=PooledConnection{channel=[id: 0x35480b9d, L:/127.0.0.1:51783 - R:localhost/127.0.0.1:8083]}}, [response_received])
15:53:15.015 [reactor-http-nio-46] DEBUG reactor.netty.resources.PooledConnectionProvider - [id: 0x4746856e, L:/127.0.0.1:51809 - R:localhost/127.0.0.1:8083] onStateChange(GET{uri=/attractions, connection=PooledConnection{channel=[id: 0x4746856e, L:/127.0.0.1:51809 - R:localhost/127.0.0.1:8083]}}, [request_sent])
15:53:15.015 [reactor-http-nio-41] DEBUG org.springframework.web.reactive.function.client.ExchangeFunctions - [186fbbf6] Response 200 OK
15:53:15.015 [pool-2-thread-112] INFO tourGuide.service.TourGuideService - visitedLocatio tourGuide.gpsUtil.VisitedLocation@1fde6253
15:53:15.016 [reactor-http-nio-41] DEBUG reactor.netty.channel.FluxReceive - [id: 0x35480b9d, L:/127.0.0.1:51783 - R:localhost/127.0.0.1:8083] Subscribing inbound receiver [pending: 0, cancelled:false, inboundDone: false]
15:53:15.016 [pool-2-thread-112] DEBUG org.springframework.web.reactive.function.client.ExchangeFunctions - [1740006c] HTTP GET http://localhost:8083/attractions
15:53:15.016 [reactor-http-nio-41] DEBUG reactor.netty.http.client.HttpClientOperations - [id: 0x35480b9d, L:/127.0.0.1:51783 - R:localhost/127.0.0.1:8083] Received last HTTP packet
15:53:15.016 [reactor-http-nio-41] DEBUG org.springframework.core.codec.StringDecoder - [186fbbf6] Decoded "{"userId":"23ded068-1f66-4eb7-a8f7-0adbdcd6fa73","location":{"longitude":138.901864,"latitude":33.0 (truncated)...
15:53:15.016 [reactor-http-nio-41] DEBUG reactor.netty.resources.PooledConnectionProvider - [id: 0x35480b9d, L:/127.0.0.1:51783 - R:localhost/127.0.0.1:8083] onStateChange(GET{uri=/userLocation?userId=23ded068-1f66-4eb7-a8f7-0adbdcd6fa73, connection=PooledConnection{channel=[id: 0x35480b9d, L:/127.0.0.1:51783 - R:localhost/127.0.0.1:8083]}}, [disconnecting])
15:53:15.016 [reactor-http-nio-41] DEBUG reactor.netty.resources.PooledConnectionProvider - [id: 0x35480b9d, L:/127.0.0.1:51783 - R:localhost/127.0.0.1:8083] Releasing channel
15:53:15.016 [reactor-http-nio-41] DEBUG reactor.netty.resources.PooledConnectionProvider - [id: 0x35480b9d, L:/127.0.0.1:51783 - R:localhost/127.0.0.1:8083] Channel cleaned, now 298 active connections and 3 inactive connections
15:53:15.017 [pool-5-thread-9] INFO tourGuide.service.TourGuideService - visitedLocatio tourGuide.gpsUtil.VisitedLocation@2e4ef426
15:53:15.017 [reactor-http-nio-46] DEBUG reactor.netty.resources.PooledConnectionProvider - [id: 0xe2a0d401, L:/127.0.0.1:51788 - R:localhost/127.0.0.1:8083] Channel acquired, now 299 active connections and 2 inactive connections
15:53:15.017 [reactor-http-nio-46] DEBUG reactor.netty.http.client.HttpClientConnect - [id: 0xe2a0d401, L:/127.0.0.1:51788 - R:localhost/127.0.0.1:8083] Handler is being applied: {uri=http://localhost:8083/attractions, method=GET}
15:53:15.018 [pool-5-thread-9] DEBUG org.springframework.web.reactive.function.client.ExchangeFunctions - [48d62fa1] HTTP GET http://localhost:8083/attractions
15:53:15.018 [reactor-http-nio-46] DEBUG reactor.netty.resources.PooledConnectionProvider - [id: 0xe2a0d401, L:/127.0.0.1:51788 - R:localhost/127.0.0.1:8083] onStateChange(GET{uri=/attractions, connection=PooledConnection{channel=[id: 0xe2a0d401, L:/127.0.0.1:51788 - R:localhost/127.0.0.1:8083]}}, [request_sent])
15:53:15.019 [pool-5-thread-90] INFO tourGuide.service.TourGuideService - visitedLocatio tourGuide.gpsUtil.VisitedLocation@75ed452b
15:53:15.019 [reactor-http-nio-41] DEBUG reactor.netty.resources.PooledConnectionProvider - [id: 0x9f0a2ff5, L:/127.0.0.1:51757 - R:localhost/127.0.0.1:8083] Channel acquired, now 300 active connections and 1 inactive connections
15:53:15.019 [reactor-http-nio-41] DEBUG reactor.netty.http.client.HttpClientConnect - [id: 0x9f0a2ff5, L:/127.0.0.1:51757 - R:localhost/127.0.0.1:8083] Handler is being applied: {uri=http://localhost:8083/attractions, method=GET}
15:53:15.020 [pool-5-thread-90] DEBUG org.springframework.web.reactive.function.client.ExchangeFunctions - [397d4e82] HTTP GET http://localhost:8083/attractions
15:53:15.020 [reactor-http-nio-41] DEBUG reactor.netty.resources.PooledConnectionProvider - [id: 0x9f0a2ff5, L:/127.0.0.1:51757 - R:localhost/127.0.0.1:8083] onStateChange(GET{uri=/attractions, connection=PooledConnection{channel=[id: 0x9f0a2ff5, L:/127.0.0.1:51757 - R:localhost/127.0.0.1:8083]}}, [request_sent])
15:53:15.021 [reactor-http-nio-41] DEBUG reactor.netty.http.client.HttpClientOperations - [id: 0x48fc4dd2, L:/127.0.0.1:51755 - R:localhost/127.0.0.1:8083] Received response (auto-read:false) : [Content-Type=application/json, Transfer-Encoding=chunked, Date=Wed, 15 Jun 2022 14:53:14 GMT]
15:53:15.021 [reactor-http-nio-41] DEBUG reactor.netty.resources.PooledConnectionProvider - [id: 0x48fc4dd2, L:/127.0.0.1:51755 - R:localhost/127.0.0.1:8083] onStateChange(GET{uri=/userLocation?userId=313a54f5-2fc6-4668-adb5-cb7950b88f8f, connection=PooledConnection{channel=[id: 0x48fc4dd2, L:/127.0.0.1:51755 - R:localhost/127.0.0.1:8083]}}, [response_received])
15:53:15.021 [reactor-http-nio-41] DEBUG org.springframework.web.reactive.function.client.ExchangeFunctions - [64473f5f] Response 200 OK
15:53:15.021 [reactor-http-nio-46] DEBUG reactor.netty.http.client.HttpClientOperations - [id: 0x9abcbf1e, L:/127.0.0.1:51776 - R:localhost/127.0.0.1:8083] Received response (auto-read:false) : [Content-Type=application/json, Transfer-Encoding=chunked, Date=Wed, 15 Jun 2022 14:53:14 GMT]
15:53:15.021 [reactor-http-nio-46] DEBUG reactor.netty.resources.PooledConnectionProvider - [id: 0x9abcbf1e, L:/127.0.0.1:51776 - R:localhost/127.0.0.1:8083] onStateChange(GET{uri=/userLocation?userId=2a2f76dd-edc1-41f9-956e-94275535b848, connection=PooledConnection{channel=[id: 0x9abcbf1e, L:/127.0.0.1:51776 - R:localhost/127.0.0.1:8083]}}, [response_received])
15:53:15.021 [reactor-http-nio-47] DEBUG reactor.netty.http.client.HttpClientOperations - [id: 0x6cb64786, L:/127.0.0.1:51839 - R:localhost/127.0.0.1:8083] Received response (auto-read:false) : [Content-Type=application/json, Transfer-Encoding=chunked, Date=Wed, 15 Jun 2022 14:53:14 GMT]
15:53:15.021 [reactor-http-nio-47] DEBUG reactor.netty.resources.PooledConnectionProvider - [id: 0x6cb64786, L:/127.0.0.1:51839 - R:localhost/127.0.0.1:8083] onStateChange(GET{uri=/userLocation?userId=19d8fd39-c450-4ee3-bfcb-5023685db34c, connection=PooledConnection{channel=[id: 0x6cb64786, L:/127.0.0.1:51839 - R:localhost/127.0.0.1:8083]}}, [response_received])
15:53:15.021 [reactor-http-nio-46] DEBUG org.springframework.web.reactive.function.client.ExchangeFunctions - [74f74c56] Response 200 OK
15:53:15.021 [reactor-http-nio-47] DEBUG org.springframework.web.reactive.function.client.ExchangeFunctions - [4071a054] Response 200 OK
15:53:15.021 [reactor-http-nio-41] DEBUG reactor.netty.channel.FluxReceive - [id: 0x48fc4dd2, L:/127.0.0.1:51755 - R:localhost/127.0.0.1:8083] Subscribing inbound receiver [pending: 0, cancelled:false, inboundDone: false]
15:53:15.022 [reactor-http-nio-46] DEBUG reactor.netty.channel.FluxReceive - [id: 0x9abcbf1e, L:/127.0.0.1:51776 - R:localhost/127.0.0.1:8083] Subscribing inbound receiver [pending: 0, cancelled:false, inboundDone: false]
15:53:15.022 [reactor-http-nio-47] DEBUG reactor.netty.channel.FluxReceive - [id: 0x6cb64786, L:/127.0.0.1:51839 - R:localhost/127.0.0.1:8083] Subscribing inbound receiver [pending: 0, cancelled:false, inboundDone: false]
15:53:15.022 [reactor-http-nio-41] DEBUG reactor.netty.http.client.HttpClientOperations - [id: 0x48fc4dd2, L:/127.0.0.1:51755 - R:localhost/127.0.0.1:8083] Received last HTTP packet
15:53:15.022 [reactor-http-nio-46] DEBUG reactor.netty.http.client.HttpClientOperations - [id: 0x9abcbf1e, L:/127.0.0.1:51776 - R:localhost/127.0.0.1:8083] Received last HTTP packet
15:53:15.022 [reactor-http-nio-41] DEBUG org.springframework.core.codec.StringDecoder - [64473f5f] Decoded "{"userId":"313a54f5-2fc6-4668-adb5-cb7950b88f8f","location":{"longitude":145.338309,"latitude":35.7 (truncated)...
15:53:15.022 [reactor-http-nio-41] DEBUG reactor.netty.resources.PooledConnectionProvider - [id: 0x48fc4dd2, L:/127.0.0.1:51755 - R:localhost/127.0.0.1:8083] onStateChange(GET{uri=/userLocation?userId=313a54f5-2fc6-4668-adb5-cb7950b88f8f, connection=PooledConnection{channel=[id: 0x48fc4dd2, L:/127.0.0.1:51755 - R:localhost/127.0.0.1:8083]}}, [disconnecting])
15:53:15.022 [reactor-http-nio-41] DEBUG reactor.netty.resources.PooledConnectionProvider - [id: 0x48fc4dd2, L:/127.0.0.1:51755 - R:localhost/127.0.0.1:8083] Releasing channel
15:53:15.022 [reactor-http-nio-46] DEBUG org.springframework.core.codec.StringDecoder - [74f74c56] Decoded "{"userId":"2a2f76dd-edc1-41f9-956e-94275535b848","location":{"longitude":171.075277,"latitude":-64. (truncated)...
15:53:15.022 [reactor-http-nio-41] DEBUG reactor.netty.resources.PooledConnectionProvider - [id: 0x48fc4dd2, L:/127.0.0.1:51755 - R:localhost/127.0.0.1:8083] Channel cleaned, now 299 active connections and 2 inactive connections
15:53:15.022 [reactor-http-nio-46] DEBUG reactor.netty.resources.PooledConnectionProvider - [id: 0x9abcbf1e, L:/127.0.0.1:51776 - R:localhost/127.0.0.1:8083] onStateChange(GET{uri=/userLocation?userId=2a2f76dd-edc1-41f9-956e-94275535b848, connection=PooledConnection{channel=[id: 0x9abcbf1e, L:/127.0.0.1:51776 - R:localhost/127.0.0.1:8083]}}, [disconnecting])
15:53:15.022 [reactor-http-nio-46] DEBUG reactor.netty.resources.PooledConnectionProvider - [id: 0x9abcbf1e, L:/127.0.0.1:51776 - R:localhost/127.0.0.1:8083] Releasing channel
15:53:15.022 [reactor-http-nio-46] DEBUG reactor.netty.resources.PooledConnectionProvider - [id: 0x9abcbf1e, L:/127.0.0.1:51776 - R:localhost/127.0.0.1:8083] Channel cleaned, now 299 active connections and 2 inactive connections
15:53:15.022 [reactor-http-nio-41] DEBUG reactor.netty.resources.PooledConnectionProvider - [id: 0x35480b9d, L:/127.0.0.1:51783 - R:localhost/127.0.0.1:8083] Channel acquired, now 299 active connections and 2 inactive connections
15:53:15.022 [reactor-http-nio-47] DEBUG reactor.netty.http.client.HttpClientOperations - [id: 0x6cb64786, L:/127.0.0.1:51839 - R:localhost/127.0.0.1:8083] Received last HTTP packet
15:53:15.022 [reactor-http-nio-41] DEBUG reactor.netty.http.client.HttpClientConnect - [id: 0x35480b9d, L:/127.0.0.1:51783 - R:localhost/127.0.0.1:8083] Handler is being applied: {uri=http://localhost:8083/attractions, method=GET}
15:53:15.022 [reactor-http-nio-47] DEBUG org.springframework.core.codec.StringDecoder - [4071a054] Decoded "{"userId":"19d8fd39-c450-4ee3-bfcb-5023685db34c","location":{"longitude":63.583179,"latitude":40.11 (truncated)...
15:53:15.022 [reactor-http-nio-47] DEBUG reactor.netty.resources.PooledConnectionProvider - [id: 0x6cb64786, L:/127.0.0.1:51839 - R:localhost/127.0.0.1:8083] onStateChange(GET{uri=/userLocation?userId=19d8fd39-c450-4ee3-bfcb-5023685db34c, connection=PooledConnection{channel=[id: 0x6cb64786, L:/127.0.0.1:51839 - R:localhost/127.0.0.1:8083]}}, [disconnecting])
15:53:15.022 [reactor-http-nio-47] DEBUG reactor.netty.resources.PooledConnectionProvider - [id: 0x6cb64786, L:/127.0.0.1:51839 - R:localhost/127.0.0.1:8083] Releasing channel
15:53:15.022 [reactor-http-nio-47] DEBUG reactor.netty.resources.PooledConnectionProvider - [id: 0x6cb64786, L:/127.0.0.1:51839 - R:localhost/127.0.0.1:8083] Channel cleaned, now 298 active connections and 3 inactive connections
15:53:15.023 [reactor-http-nio-41] DEBUG reactor.netty.resources.PooledConnectionProvider - [id: 0x35480b9d, L:/127.0.0.1:51783 - R:localhost/127.0.0.1:8083] onStateChange(GET{uri=/attractions, connection=PooledConnection{channel=[id: 0x35480b9d, L:/127.0.0.1:51783 - R:localhost/127.0.0.1:8083]}}, [request_sent])
15:53:15.024 [pool-5-thread-68] INFO tourGuide.service.TourGuideService - visitedLocatio tourGuide.gpsUtil.VisitedLocation@32fb783e
15:53:15.025 [pool-5-thread-68] DEBUG org.springframework.web.reactive.function.client.ExchangeFunctions - [55e5b922] HTTP GET http://localhost:8083/attractions
15:53:15.026 [pool-2-thread-39] INFO tourGuide.service.TourGuideService - visitedLocatio tourGuide.gpsUtil.VisitedLocation@4555ca2b
15:53:15.026 [pool-5-thread-65] INFO tourGuide.service.TourGuideService - visitedLocatio tourGuide.gpsUtil.VisitedLocation@518883e
15:53:15.026 [pool-2-thread-39] DEBUG org.springframework.web.reactive.function.client.ExchangeFunctions - [237275f7] HTTP GET http://localhost:8083/attractions
15:53:15.026 [reactor-http-nio-41] DEBUG reactor.netty.resources.PooledConnectionProvider - [id: 0x48fc4dd2, L:/127.0.0.1:51755 - R:localhost/127.0.0.1:8083] Channel acquired, now 299 active connections and 2 inactive connections
15:53:15.026 [reactor-http-nio-41] DEBUG reactor.netty.http.client.HttpClientConnect - [id: 0x48fc4dd2, L:/127.0.0.1:51755 - R:localhost/127.0.0.1:8083] Handler is being applied: {uri=http://localhost:8083/attractions, method=GET}
15:53:15.026 [pool-5-thread-65] DEBUG org.springframework.web.reactive.function.client.ExchangeFunctions - [61635520] HTTP GET http://localhost:8083/attractions
15:53:15.027 [reactor-http-nio-46] DEBUG reactor.netty.resources.PooledConnectionProvider - [id: 0x9abcbf1e, L:/127.0.0.1:51776 - R:localhost/127.0.0.1:8083] Channel acquired, now 300 active connections and 1 inactive connections
15:53:15.027 [reactor-http-nio-46] DEBUG reactor.netty.http.client.HttpClientConnect - [id: 0x9abcbf1e, L:/127.0.0.1:51776 - R:localhost/127.0.0.1:8083] Handler is being applied: {uri=http://localhost:8083/attractions, method=GET}
15:53:15.027 [reactor-http-nio-41] DEBUG reactor.netty.resources.PooledConnectionProvider - [id: 0x48fc4dd2, L:/127.0.0.1:51755 - R:localhost/127.0.0.1:8083] onStateChange(GET{uri=/attractions, connection=PooledConnection{channel=[id: 0x48fc4dd2, L:/127.0.0.1:51755 - R:localhost/127.0.0.1:8083]}}, [request_sent])
15:53:15.028 [reactor-http-nio-46] DEBUG reactor.netty.resources.PooledConnectionProvider - [id: 0x9abcbf1e, L:/127.0.0.1:51776 - R:localhost/127.0.0.1:8083] onStateChange(GET{uri=/attractions, connection=PooledConnection{channel=[id: 0x9abcbf1e, L:/127.0.0.1:51776 - R:localhost/127.0.0.1:8083]}}, [request_sent])
15:53:15.028 [reactor-http-nio-47] DEBUG reactor.netty.resources.PooledConnectionProvider - [id: 0x6cb64786, L:/127.0.0.1:51839 - R:localhost/127.0.0.1:8083] Channel acquired, now 301 active connections and 0 inactive connections
15:53:15.028 [reactor-http-nio-47] DEBUG reactor.netty.http.client.HttpClientConnect - [id: 0x6cb64786, L:/127.0.0.1:51839 - R:localhost/127.0.0.1:8083] Handler is being applied: {uri=http://localhost:8083/attractions, method=GET}
15:53:15.028 [reactor-http-nio-46] DEBUG reactor.netty.http.client.HttpClientOperations - [id: 0xa3d0f544, L:/127.0.0.1:51821 - R:localhost/127.0.0.1:8083] Received response (auto-read:false) : [Content-Type=application/json, Transfer-Encoding=chunked, Date=Wed, 15 Jun 2022 14:53:14 GMT]
15:53:15.029 [reactor-http-nio-46] DEBUG reactor.netty.resources.PooledConnectionProvider - [id: 0xa3d0f544, L:/127.0.0.1:51821 - R:localhost/127.0.0.1:8083] onStateChange(GET{uri=/userLocation?userId=312d26d8-02da-48e0-b509-149fa782e3a9, connection=PooledConnection{channel=[id: 0xa3d0f544, L:/127.0.0.1:51821 - R:localhost/127.0.0.1:8083]}}, [response_received])
15:53:15.029 [reactor-http-nio-46] DEBUG org.springframework.web.reactive.function.client.ExchangeFunctions - [7a116c9] Response 200 OK
15:53:15.029 [reactor-http-nio-47] DEBUG reactor.netty.resources.PooledConnectionProvider - [id: 0x6cb64786, L:/127.0.0.1:51839 - R:localhost/127.0.0.1:8083] onStateChange(GET{uri=/attractions, connection=PooledConnection{channel=[id: 0x6cb64786, L:/127.0.0.1:51839 - R:localhost/127.0.0.1:8083]}}, [request_sent])
15:53:15.029 [reactor-http-nio-46] DEBUG reactor.netty.channel.FluxReceive - [id: 0xa3d0f544, L:/127.0.0.1:51821 - R:localhost/127.0.0.1:8083] Subscribing inbound receiver [pending: 0, cancelled:false, inboundDone: false]
15:53:15.029 [reactor-http-nio-46] DEBUG reactor.netty.http.client.HttpClientOperations - [id: 0xa3d0f544, L:/127.0.0.1:51821 - R:localhost/127.0.0.1:8083] Received last HTTP packet
15:53:15.030 [reactor-http-nio-46] DEBUG org.springframework.core.codec.StringDecoder - [7a116c9] Decoded "{"userId":"312d26d8-02da-48e0-b509-149fa782e3a9","location":{"longitude":-169.233838,"latitude":-80 (truncated)...
15:53:15.030 [reactor-http-nio-46] DEBUG reactor.netty.resources.PooledConnectionProvider - [id: 0xa3d0f544, L:/127.0.0.1:51821 - R:localhost/127.0.0.1:8083] onStateChange(GET{uri=/userLocation?userId=312d26d8-02da-48e0-b509-149fa782e3a9, connection=PooledConnection{channel=[id: 0xa3d0f544, L:/127.0.0.1:51821 - R:localhost/127.0.0.1:8083]}}, [disconnecting])
15:53:15.030 [reactor-http-nio-46] DEBUG reactor.netty.resources.PooledConnectionProvider - [id: 0xa3d0f544, L:/127.0.0.1:51821 - R:localhost/127.0.0.1:8083] Releasing channel
15:53:15.030 [reactor-http-nio-46] DEBUG reactor.netty.resources.PooledConnectionProvider - [id: 0xa3d0f544, L:/127.0.0.1:51821 - R:localhost/127.0.0.1:8083] Channel cleaned, now 300 active connections and 1 inactive connections
15:53:15.030 [reactor-http-nio-46] DEBUG reactor.netty.http.client.HttpClientOperations - [id: 0xef0e1454, L:/127.0.0.1:51744 - R:localhost/127.0.0.1:8083] Received response (auto-read:false) : [Content-Type=application/json, Transfer-Encoding=chunked, Date=Wed, 15 Jun 2022 14:53:14 GMT]
15:53:15.030 [reactor-http-nio-46] DEBUG reactor.netty.resources.PooledConnectionProvider - [id: 0xef0e1454, L:/127.0.0.1:51744 - R:localhost/127.0.0.1:8083] onStateChange(GET{uri=/userLocation?userId=086ff253-59e1-45ed-9f0b-90e96da74140, connection=PooledConnection{channel=[id: 0xef0e1454, L:/127.0.0.1:51744 - R:localhost/127.0.0.1:8083]}}, [response_received])
15:53:15.031 [reactor-http-nio-46] DEBUG org.springframework.web.reactive.function.client.ExchangeFunctions - [403bc4ac] Response 200 OK
15:53:15.031 [reactor-http-nio-46] DEBUG reactor.netty.channel.FluxReceive - [id: 0xef0e1454, L:/127.0.0.1:51744 - R:localhost/127.0.0.1:8083] Subscribing inbound receiver [pending: 0, cancelled:false, inboundDone: false]
15:53:15.031 [pool-5-thread-10] INFO tourGuide.service.TourGuideService - visitedLocatio tourGuide.gpsUtil.VisitedLocation@6b6838ba
15:53:15.031 [reactor-http-nio-46] DEBUG reactor.netty.http.client.HttpClientOperations - [id: 0xef0e1454, L:/127.0.0.1:51744 - R:localhost/127.0.0.1:8083] Received last HTTP packet
15:53:15.032 [reactor-http-nio-46] DEBUG org.springframework.core.codec.StringDecoder - [403bc4ac] Decoded "{"userId":"086ff253-59e1-45ed-9f0b-90e96da74140","location":{"longitude":-143.136899,"latitude":31. (truncated)...
15:53:15.032 [reactor-http-nio-41] DEBUG reactor.netty.http.client.HttpClientOperations - [id: 0x61097f73, L:/127.0.0.1:51767 - R:localhost/127.0.0.1:8083] Received response (auto-read:false) : [Content-Type=application/json, Transfer-Encoding=chunked, Date=Wed, 15 Jun 2022 14:53:14 GMT]
15:53:15.032 [reactor-http-nio-46] DEBUG reactor.netty.resources.PooledConnectionProvider - [id: 0xef0e1454, L:/127.0.0.1:51744 - R:localhost/127.0.0.1:8083] onStateChange(GET{uri=/userLocation?userId=086ff253-59e1-45ed-9f0b-90e96da74140, connection=PooledConnection{channel=[id: 0xef0e1454, L:/127.0.0.1:51744 - R:localhost/127.0.0.1:8083]}}, [disconnecting])
15:53:15.032 [reactor-http-nio-41] DEBUG reactor.netty.resources.PooledConnectionProvider - [id: 0x61097f73, L:/127.0.0.1:51767 - R:localhost/127.0.0.1:8083] onStateChange(GET{uri=/userLocation?userId=14c04e9f-c545-4371-b2af-25d9313b93dc, connection=PooledConnection{channel=[id: 0x61097f73, L:/127.0.0.1:51767 - R:localhost/127.0.0.1:8083]}}, [response_received])
15:53:15.032 [reactor-http-nio-46] DEBUG reactor.netty.resources.PooledConnectionProvider - [id: 0xef0e1454, L:/127.0.0.1:51744 - R:localhost/127.0.0.1:8083] Releasing channel
15:53:15.032 [reactor-http-nio-46] DEBUG reactor.netty.resources.PooledConnectionProvider - [id: 0xef0e1454, L:/127.0.0.1:51744 - R:localhost/127.0.0.1:8083] Channel cleaned, now 299 active connections and 2 inactive connections
15:53:15.032 [reactor-http-nio-41] DEBUG org.springframework.web.reactive.function.client.ExchangeFunctions - [13036818] Response 200 OK
15:53:15.032 [reactor-http-nio-46] DEBUG reactor.netty.http.client.HttpClientOperations - [id: 0x13239c6a, L:/127.0.0.1:51810 - R:localhost/127.0.0.1:8083] Received response (auto-read:false) : [Content-Type=application/json, Transfer-Encoding=chunked, Date=Wed, 15 Jun 2022 14:53:14 GMT]
15:53:15.033 [reactor-http-nio-46] DEBUG reactor.netty.resources.PooledConnectionProvider - [id: 0x13239c6a, L:/127.0.0.1:51810 - R:localhost/127.0.0.1:8083] onStateChange(GET{uri=/userLocation?userId=60816d0e-c866-45ad-b87d-bc0be9102cc3, connection=PooledConnection{channel=[id: 0x13239c6a, L:/127.0.0.1:51810 - R:localhost/127.0.0.1:8083]}}, [response_received])
15:53:15.033 [reactor-http-nio-46] DEBUG org.springframework.web.reactive.function.client.ExchangeFunctions - [169f3d25] Response 200 OK
15:53:15.033 [reactor-http-nio-41] DEBUG reactor.netty.channel.FluxReceive - [id: 0x61097f73, L:/127.0.0.1:51767 - R:localhost/127.0.0.1:8083] Subscribing inbound receiver [pending: 0, cancelled:false, inboundDone: false]
15:53:15.033 [pool-5-thread-10] DEBUG org.springframework.web.reactive.function.client.ExchangeFunctions - [1ede3e1f] HTTP GET http://localhost:8083/attractions
15:53:15.033 [reactor-http-nio-46] DEBUG reactor.netty.channel.FluxReceive - [id: 0x13239c6a, L:/127.0.0.1:51810 - R:localhost/127.0.0.1:8083] Subscribing inbound receiver [pending: 0, cancelled:false, inboundDone: false]
15:53:15.033 [reactor-http-nio-41] DEBUG reactor.netty.http.client.HttpClientOperations - [id: 0x61097f73, L:/127.0.0.1:51767 - R:localhost/127.0.0.1:8083] Received last HTTP packet
15:53:15.033 [reactor-http-nio-46] DEBUG reactor.netty.http.client.HttpClientOperations - [id: 0x13239c6a, L:/127.0.0.1:51810 - R:localhost/127.0.0.1:8083] Received last HTTP packet
15:53:15.033 [reactor-http-nio-41] DEBUG org.springframework.core.codec.StringDecoder - [13036818] Decoded "{"userId":"14c04e9f-c545-4371-b2af-25d9313b93dc","location":{"longitude":-20.534611,"latitude":59.6 (truncated)...
15:53:15.033 [reactor-http-nio-41] DEBUG reactor.netty.resources.PooledConnectionProvider - [id: 0x61097f73, L:/127.0.0.1:51767 - R:localhost/127.0.0.1:8083] onStateChange(GET{uri=/userLocation?userId=14c04e9f-c545-4371-b2af-25d9313b93dc, connection=PooledConnection{channel=[id: 0x61097f73, L:/127.0.0.1:51767 - R:localhost/127.0.0.1:8083]}}, [disconnecting])
15:53:15.033 [reactor-http-nio-46] DEBUG org.springframework.core.codec.StringDecoder - [169f3d25] Decoded "{"userId":"60816d0e-c866-45ad-b87d-bc0be9102cc3","location":{"longitude":-74.773265,"latitude":-26. (truncated)...
15:53:15.033 [reactor-http-nio-41] DEBUG reactor.netty.resources.PooledConnectionProvider - [id: 0x61097f73, L:/127.0.0.1:51767 - R:localhost/127.0.0.1:8083] Releasing channel
15:53:15.033 [reactor-http-nio-46] DEBUG reactor.netty.resources.PooledConnectionProvider - [id: 0x13239c6a, L:/127.0.0.1:51810 - R:localhost/127.0.0.1:8083] onStateChange(GET{uri=/userLocation?userId=60816d0e-c866-45ad-b87d-bc0be9102cc3, connection=PooledConnection{channel=[id: 0x13239c6a, L:/127.0.0.1:51810 - R:localhost/127.0.0.1:8083]}}, [disconnecting])
15:53:15.033 [reactor-http-nio-46] DEBUG reactor.netty.resources.PooledConnectionProvider - [id: 0x13239c6a, L:/127.0.0.1:51810 - R:localhost/127.0.0.1:8083] Releasing channel
15:53:15.033 [reactor-http-nio-41] DEBUG reactor.netty.resources.PooledConnectionProvider - [id: 0x61097f73, L:/127.0.0.1:51767 - R:localhost/127.0.0.1:8083] Channel cleaned, now 298 active connections and 3 inactive connections
15:53:15.034 [reactor-http-nio-46] DEBUG reactor.netty.resources.PooledConnectionProvider - [id: 0x13239c6a, L:/127.0.0.1:51810 - R:localhost/127.0.0.1:8083] Channel cleaned, now 297 active connections and 4 inactive connections
15:53:15.034 [reactor-http-nio-46] DEBUG reactor.netty.http.client.HttpClientOperations - [id: 0x901633c4, L:/127.0.0.1:51815 - R:localhost/127.0.0.1:8083] Received response (auto-read:false) : [Content-Type=application/json, Transfer-Encoding=chunked, Date=Wed, 15 Jun 2022 14:53:14 GMT]
15:53:15.034 [reactor-http-nio-46] DEBUG reactor.netty.resources.PooledConnectionProvider - [id: 0x901633c4, L:/127.0.0.1:51815 - R:localhost/127.0.0.1:8083] onStateChange(GET{uri=/userLocation?userId=085343c5-058e-4308-80b3-fd18b88d975d, connection=PooledConnection{channel=[id: 0x901633c4, L:/127.0.0.1:51815 - R:localhost/127.0.0.1:8083]}}, [response_received])
15:53:15.034 [reactor-http-nio-46] DEBUG org.springframework.web.reactive.function.client.ExchangeFunctions - [43d2f6c5] Response 200 OK
15:53:15.035 [pool-5-thread-51] INFO tourGuide.service.TourGuideService - visitedLocatio tourGuide.gpsUtil.VisitedLocation@37fc01ce
15:53:15.035 [reactor-http-nio-46] DEBUG reactor.netty.channel.FluxReceive - [id: 0x901633c4, L:/127.0.0.1:51815 - R:localhost/127.0.0.1:8083] Subscribing inbound receiver [pending: 0, cancelled:false, inboundDone: false]
15:53:15.035 [reactor-http-nio-46] DEBUG reactor.netty.http.client.HttpClientOperations - [id: 0x901633c4, L:/127.0.0.1:51815 - R:localhost/127.0.0.1:8083] Received last HTTP packet
15:53:15.035 [pool-5-thread-51] DEBUG org.springframework.web.reactive.function.client.ExchangeFunctions - [7ecb156c] HTTP GET http://localhost:8083/attractions
15:53:15.035 [reactor-http-nio-46] DEBUG org.springframework.core.codec.StringDecoder - [43d2f6c5] Decoded "{"userId":"085343c5-058e-4308-80b3-fd18b88d975d","location":{"longitude":27.324444,"latitude":-23.8 (truncated)...
15:53:15.035 [reactor-http-nio-46] DEBUG reactor.netty.resources.PooledConnectionProvider - [id: 0x901633c4, L:/127.0.0.1:51815 - R:localhost/127.0.0.1:8083] onStateChange(GET{uri=/userLocation?userId=085343c5-058e-4308-80b3-fd18b88d975d, connection=PooledConnection{channel=[id: 0x901633c4, L:/127.0.0.1:51815 - R:localhost/127.0.0.1:8083]}}, [disconnecting])
15:53:15.035 [reactor-http-nio-46] DEBUG reactor.netty.resources.PooledConnectionProvider - [id: 0x901633c4, L:/127.0.0.1:51815 - R:localhost/127.0.0.1:8083] Releasing channel
15:53:15.035 [reactor-http-nio-46] DEBUG reactor.netty.resources.PooledConnectionProvider - [id: 0x901633c4, L:/127.0.0.1:51815 - R:localhost/127.0.0.1:8083] Channel cleaned, now 296 active connections and 5 inactive connections
15:53:15.036 [pool-2-thread-118] INFO tourGuide.service.TourGuideService - visitedLocatio tourGuide.gpsUtil.VisitedLocation@131fca56
15:53:15.036 [reactor-http-nio-46] DEBUG reactor.netty.resources.PooledConnectionProvider - [id: 0xa3d0f544, L:/127.0.0.1:51821 - R:localhost/127.0.0.1:8083] Channel acquired, now 297 active connections and 4 inactive connections
15:53:15.036 [reactor-http-nio-46] DEBUG reactor.netty.http.client.HttpClientConnect - [id: 0xa3d0f544, L:/127.0.0.1:51821 - R:localhost/127.0.0.1:8083] Handler is being applied: {uri=http://localhost:8083/attractions, method=GET}
15:53:15.036 [pool-5-thread-5] INFO tourGuide.service.TourGuideService - visitedLocatio tourGuide.gpsUtil.VisitedLocation@3d6e51ce
15:53:15.037 [pool-5-thread-5] DEBUG org.springframework.web.reactive.function.client.ExchangeFunctions - [20b4b4e3] HTTP GET http://localhost:8083/attractions
15:53:15.037 [reactor-http-nio-46] DEBUG reactor.netty.resources.PooledConnectionProvider - [id: 0xa3d0f544, L:/127.0.0.1:51821 - R:localhost/127.0.0.1:8083] onStateChange(GET{uri=/attractions, connection=PooledConnection{channel=[id: 0xa3d0f544, L:/127.0.0.1:51821 - R:localhost/127.0.0.1:8083]}}, [request_sent])
15:53:15.037 [reactor-http-nio-46] DEBUG reactor.netty.resources.PooledConnectionProvider - [id: 0xef0e1454, L:/127.0.0.1:51744 - R:localhost/127.0.0.1:8083] Channel acquired, now 298 active connections and 3 inactive connections
15:53:15.037 [reactor-http-nio-46] DEBUG reactor.netty.http.client.HttpClientConnect - [id: 0xef0e1454, L:/127.0.0.1:51744 - R:localhost/127.0.0.1:8083] Handler is being applied: {uri=http://localhost:8083/attractions, method=GET}
15:53:15.035 [pool-5-thread-22] INFO tourGuide.service.TourGuideService - visitedLocatio tourGuide.gpsUtil.VisitedLocation@3e848109
15:53:15.037 [pool-2-thread-118] DEBUG org.springframework.web.reactive.function.client.ExchangeFunctions - [32119d6c] HTTP GET http://localhost:8083/attractions
15:53:15.038 [reactor-http-nio-46] DEBUG reactor.netty.resources.PooledConnectionProvider - [id: 0xef0e1454, L:/127.0.0.1:51744 - R:localhost/127.0.0.1:8083] onStateChange(GET{uri=/attractions, connection=PooledConnection{channel=[id: 0xef0e1454, L:/127.0.0.1:51744 - R:localhost/127.0.0.1:8083]}}, [request_sent])
15:53:15.038 [pool-5-thread-22] DEBUG org.springframework.web.reactive.function.client.ExchangeFunctions - [696e644a] HTTP GET http://localhost:8083/attractions
15:53:15.039 [reactor-http-nio-41] DEBUG reactor.netty.resources.PooledConnectionProvider - [id: 0x61097f73, L:/127.0.0.1:51767 - R:localhost/127.0.0.1:8083] Channel acquired, now 299 active connections and 2 inactive connections
15:53:15.039 [reactor-http-nio-41] DEBUG reactor.netty.http.client.HttpClientConnect - [id: 0x61097f73, L:/127.0.0.1:51767 - R:localhost/127.0.0.1:8083] Handler is being applied: {uri=http://localhost:8083/attractions, method=GET}
15:53:15.039 [reactor-http-nio-46] DEBUG reactor.netty.http.client.HttpClientOperations - [id: 0xad1ee2d1, L:/127.0.0.1:51756 - R:localhost/127.0.0.1:8083] Received response (auto-read:false) : [Content-Type=application/json, Transfer-Encoding=chunked, Date=Wed, 15 Jun 2022 14:53:14 GMT]
15:53:15.039 [reactor-http-nio-46] DEBUG reactor.netty.resources.PooledConnectionProvider - [id: 0xad1ee2d1, L:/127.0.0.1:51756 - R:localhost/127.0.0.1:8083] onStateChange(GET{uri=/userLocation?userId=fe67373d-7a3d-44dc-9cb4-d00e0b09cf29, connection=PooledConnection{channel=[id: 0xad1ee2d1, L:/127.0.0.1:51756 - R:localhost/127.0.0.1:8083]}}, [response_received])
15:53:15.040 [reactor-http-nio-46] DEBUG org.springframework.web.reactive.function.client.ExchangeFunctions - [69b776f3] Response 200 OK
15:53:15.040 [reactor-http-nio-47] DEBUG reactor.netty.http.client.HttpClientOperations - [id: 0xabb6df10, L:/127.0.0.1:51837 - R:localhost/127.0.0.1:8083] Received response (auto-read:false) : [Content-Type=application/json, Transfer-Encoding=chunked, Date=Wed, 15 Jun 2022 14:53:14 GMT]
15:53:15.040 [reactor-http-nio-47] DEBUG reactor.netty.resources.PooledConnectionProvider - [id: 0xabb6df10, L:/127.0.0.1:51837 - R:localhost/127.0.0.1:8083] onStateChange(GET{uri=/userLocation?userId=339e13ad-b8f1-45ed-aaec-24297ea93f94, connection=PooledConnection{channel=[id: 0xabb6df10, L:/127.0.0.1:51837 - R:localhost/127.0.0.1:8083]}}, [response_received])
15:53:15.040 [reactor-http-nio-47] DEBUG org.springframework.web.reactive.function.client.ExchangeFunctions - [427d0cda] Response 200 OK
15:53:15.041 [reactor-http-nio-47] DEBUG reactor.netty.channel.FluxReceive - [id: 0xabb6df10, L:/127.0.0.1:51837 - R:localhost/127.0.0.1:8083] Subscribing inbound receiver [pending: 0, cancelled:false, inboundDone: false]
15:53:15.040 [reactor-http-nio-41] DEBUG reactor.netty.resources.PooledConnectionProvider - [id: 0x61097f73, L:/127.0.0.1:51767 - R:localhost/127.0.0.1:8083] onStateChange(GET{uri=/attractions, connection=PooledConnection{channel=[id: 0x61097f73, L:/127.0.0.1:51767 - R:localhost/127.0.0.1:8083]}}, [request_sent])
15:53:15.041 [reactor-http-nio-47] DEBUG reactor.netty.http.client.HttpClientOperations - [id: 0xabb6df10, L:/127.0.0.1:51837 - R:localhost/127.0.0.1:8083] Received last HTTP packet
15:53:15.041 [reactor-http-nio-47] DEBUG org.springframework.core.codec.StringDecoder - [427d0cda] Decoded "{"userId":"339e13ad-b8f1-45ed-aaec-24297ea93f94","location":{"longitude":47.577149,"latitude":36.85 (truncated)...
15:53:15.041 [reactor-http-nio-47] DEBUG reactor.netty.resources.PooledConnectionProvider - [id: 0xabb6df10, L:/127.0.0.1:51837 - R:localhost/127.0.0.1:8083] onStateChange(GET{uri=/userLocation?userId=339e13ad-b8f1-45ed-aaec-24297ea93f94, connection=PooledConnection{channel=[id: 0xabb6df10, L:/127.0.0.1:51837 - R:localhost/127.0.0.1:8083]}}, [disconnecting])
15:53:15.041 [reactor-http-nio-47] DEBUG reactor.netty.resources.PooledConnectionProvider - [id: 0xabb6df10, L:/127.0.0.1:51837 - R:localhost/127.0.0.1:8083] Releasing channel
15:53:15.041 [reactor-http-nio-47] DEBUG reactor.netty.resources.PooledConnectionProvider - [id: 0xabb6df10, L:/127.0.0.1:51837 - R:localhost/127.0.0.1:8083] Channel cleaned, now 298 active connections and 3 inactive connections
15:53:15.041 [reactor-http-nio-46] DEBUG reactor.netty.channel.FluxReceive - [id: 0xad1ee2d1, L:/127.0.0.1:51756 - R:localhost/127.0.0.1:8083] Subscribing inbound receiver [pending: 0, cancelled:false, inboundDone: false]
15:53:15.041 [reactor-http-nio-41] DEBUG reactor.netty.http.client.HttpClientOperations - [id: 0x733709b4, L:/127.0.0.1:51734 - R:localhost/127.0.0.1:8083] Received response (auto-read:false) : [Content-Type=application/json, Transfer-Encoding=chunked, Date=Wed, 15 Jun 2022 14:53:14 GMT]
15:53:15.042 [reactor-http-nio-41] DEBUG reactor.netty.resources.PooledConnectionProvider - [id: 0x733709b4, L:/127.0.0.1:51734 - R:localhost/127.0.0.1:8083] onStateChange(GET{uri=/userLocation?userId=f80c60a3-f237-40b4-8375-be9b1e4ed47e, connection=PooledConnection{channel=[id: 0x733709b4, L:/127.0.0.1:51734 - R:localhost/127.0.0.1:8083]}}, [response_received])
15:53:15.042 [reactor-http-nio-41] DEBUG org.springframework.web.reactive.function.client.ExchangeFunctions - [5302eace] Response 200 OK
15:53:15.042 [reactor-http-nio-46] DEBUG reactor.netty.http.client.HttpClientOperations - [id: 0xad1ee2d1, L:/127.0.0.1:51756 - R:localhost/127.0.0.1:8083] Received last HTTP packet
15:53:15.042 [reactor-http-nio-46] DEBUG org.springframework.core.codec.StringDecoder - [69b776f3] Decoded "{"userId":"fe67373d-7a3d-44dc-9cb4-d00e0b09cf29","location":{"longitude":-132.072495,"latitude":-71 (truncated)...
15:53:15.042 [reactor-http-nio-46] DEBUG reactor.netty.resources.PooledConnectionProvider - [id: 0xad1ee2d1, L:/127.0.0.1:51756 - R:localhost/127.0.0.1:8083] onStateChange(GET{uri=/userLocation?userId=fe67373d-7a3d-44dc-9cb4-d00e0b09cf29, connection=PooledConnection{channel=[id: 0xad1ee2d1, L:/127.0.0.1:51756 - R:localhost/127.0.0.1:8083]}}, [disconnecting])
15:53:15.042 [reactor-http-nio-46] DEBUG reactor.netty.resources.PooledConnectionProvider - [id: 0xad1ee2d1, L:/127.0.0.1:51756 - R:localhost/127.0.0.1:8083] Releasing channel
15:53:15.042 [reactor-http-nio-46] DEBUG reactor.netty.resources.PooledConnectionProvider - [id: 0xad1ee2d1, L:/127.0.0.1:51756 - R:localhost/127.0.0.1:8083] Channel cleaned, now 297 active connections and 4 inactive connections
15:53:15.042 [reactor-http-nio-41] DEBUG reactor.netty.channel.FluxReceive - [id: 0x733709b4, L:/127.0.0.1:51734 - R:localhost/127.0.0.1:8083] Subscribing inbound receiver [pending: 0, cancelled:false, inboundDone: false]
15:53:15.042 [reactor-http-nio-41] DEBUG reactor.netty.http.client.HttpClientOperations - [id: 0x733709b4, L:/127.0.0.1:51734 - R:localhost/127.0.0.1:8083] Received last HTTP packet
15:53:15.042 [reactor-http-nio-46] DEBUG reactor.netty.http.client.HttpClientOperations - [id: 0x235f3a5b, L:/127.0.0.1:51771 - R:localhost/127.0.0.1:8083] Received response (auto-read:false) : [Content-Type=application/json, Transfer-Encoding=chunked, Date=Wed, 15 Jun 2022 14:53:14 GMT]
15:53:15.042 [reactor-http-nio-46] DEBUG reactor.netty.resources.PooledConnectionProvider - [id: 0x235f3a5b, L:/127.0.0.1:51771 - R:localhost/127.0.0.1:8083] onStateChange(GET{uri=/userLocation?userId=00cf5a30-6cd1-4d44-93b7-bc03c58de78c, connection=PooledConnection{channel=[id: 0x235f3a5b, L:/127.0.0.1:51771 - R:localhost/127.0.0.1:8083]}}, [response_received])
15:53:15.042 [reactor-http-nio-41] DEBUG org.springframework.core.codec.StringDecoder - [5302eace] Decoded "{"userId":"f80c60a3-f237-40b4-8375-be9b1e4ed47e","location":{"longitude":18.710724,"latitude":11.40 (truncated)...
15:53:15.042 [reactor-http-nio-46] DEBUG org.springframework.web.reactive.function.client.ExchangeFunctions - [2c374637] Response 200 OK
15:53:15.042 [reactor-http-nio-41] DEBUG reactor.netty.resources.PooledConnectionProvider - [id: 0x733709b4, L:/127.0.0.1:51734 - R:localhost/127.0.0.1:8083] onStateChange(GET{uri=/userLocation?userId=f80c60a3-f237-40b4-8375-be9b1e4ed47e, connection=PooledConnection{channel=[id: 0x733709b4, L:/127.0.0.1:51734 - R:localhost/127.0.0.1:8083]}}, [disconnecting])
15:53:15.042 [reactor-http-nio-41] DEBUG reactor.netty.resources.PooledConnectionProvider - [id: 0x733709b4, L:/127.0.0.1:51734 - R:localhost/127.0.0.1:8083] Releasing channel
15:53:15.042 [reactor-http-nio-41] DEBUG reactor.netty.resources.PooledConnectionProvider - [id: 0x733709b4, L:/127.0.0.1:51734 - R:localhost/127.0.0.1:8083] Channel cleaned, now 296 active connections and 5 inactive connections
15:53:15.043 [reactor-http-nio-41] DEBUG reactor.netty.http.client.HttpClientOperations - [id: 0xd26d2f3c, L:/127.0.0.1:51741 - R:localhost/127.0.0.1:8083] Received response (auto-read:false) : [Content-Type=application/json, Transfer-Encoding=chunked, Date=Wed, 15 Jun 2022 14:53:14 GMT]
15:53:15.043 [reactor-http-nio-46] DEBUG reactor.netty.channel.FluxReceive - [id: 0x235f3a5b, L:/127.0.0.1:51771 - R:localhost/127.0.0.1:8083] Subscribing inbound receiver [pending: 0, cancelled:false, inboundDone: false]
15:53:15.043 [reactor-http-nio-41] DEBUG reactor.netty.resources.PooledConnectionProvider - [id: 0xd26d2f3c, L:/127.0.0.1:51741 - R:localhost/127.0.0.1:8083] onStateChange(GET{uri=/userLocation?userId=9210fe3b-2d9a-4f2c-8c54-688589f5b58c, connection=PooledConnection{channel=[id: 0xd26d2f3c, L:/127.0.0.1:51741 - R:localhost/127.0.0.1:8083]}}, [response_received])
15:53:15.043 [reactor-http-nio-41] DEBUG org.springframework.web.reactive.function.client.ExchangeFunctions - [30ae7330] Response 200 OK
15:53:15.043 [reactor-http-nio-46] DEBUG reactor.netty.http.client.HttpClientOperations - [id: 0x235f3a5b, L:/127.0.0.1:51771 - R:localhost/127.0.0.1:8083] Received last HTTP packet
15:53:15.043 [reactor-http-nio-46] DEBUG org.springframework.core.codec.StringDecoder - [2c374637] Decoded "{"userId":"00cf5a30-6cd1-4d44-93b7-bc03c58de78c","location":{"longitude":-5.92056,"latitude":-53.58 (truncated)...
15:53:15.043 [reactor-http-nio-41] DEBUG reactor.netty.channel.FluxReceive - [id: 0xd26d2f3c, L:/127.0.0.1:51741 - R:localhost/127.0.0.1:8083] Subscribing inbound receiver [pending: 0, cancelled:false, inboundDone: false]
15:53:15.043 [reactor-http-nio-46] DEBUG reactor.netty.resources.PooledConnectionProvider - [id: 0x235f3a5b, L:/127.0.0.1:51771 - R:localhost/127.0.0.1:8083] onStateChange(GET{uri=/userLocation?userId=00cf5a30-6cd1-4d44-93b7-bc03c58de78c, connection=PooledConnection{channel=[id: 0x235f3a5b, L:/127.0.0.1:51771 - R:localhost/127.0.0.1:8083]}}, [disconnecting])
15:53:15.043 [reactor-http-nio-46] DEBUG reactor.netty.resources.PooledConnectionProvider - [id: 0x235f3a5b, L:/127.0.0.1:51771 - R:localhost/127.0.0.1:8083] Releasing channel
15:53:15.043 [reactor-http-nio-46] DEBUG reactor.netty.resources.PooledConnectionProvider - [id: 0x235f3a5b, L:/127.0.0.1:51771 - R:localhost/127.0.0.1:8083] Channel cleaned, now 295 active connections and 6 inactive connections
15:53:15.043 [reactor-http-nio-41] DEBUG reactor.netty.http.client.HttpClientOperations - [id: 0xd26d2f3c, L:/127.0.0.1:51741 - R:localhost/127.0.0.1:8083] Received last HTTP packet
15:53:15.044 [reactor-http-nio-41] DEBUG org.springframework.core.codec.StringDecoder - [30ae7330] Decoded "{"userId":"9210fe3b-2d9a-4f2c-8c54-688589f5b58c","location":{"longitude":164.447527,"latitude":35.9 (truncated)...
15:53:15.044 [reactor-http-nio-41] DEBUG reactor.netty.resources.PooledConnectionProvider - [id: 0xd26d2f3c, L:/127.0.0.1:51741 - R:localhost/127.0.0.1:8083] onStateChange(GET{uri=/userLocation?userId=9210fe3b-2d9a-4f2c-8c54-688589f5b58c, connection=PooledConnection{channel=[id: 0xd26d2f3c, L:/127.0.0.1:51741 - R:localhost/127.0.0.1:8083]}}, [disconnecting])
15:53:15.044 [reactor-http-nio-41] DEBUG reactor.netty.resources.PooledConnectionProvider - [id: 0xd26d2f3c, L:/127.0.0.1:51741 - R:localhost/127.0.0.1:8083] Releasing channel
15:53:15.044 [reactor-http-nio-46] DEBUG reactor.netty.http.client.HttpClientOperations - [id: 0xb42d715a, L:/127.0.0.1:51795 - R:localhost/127.0.0.1:8083] Received response (auto-read:false) : [Content-Type=application/json, Transfer-Encoding=chunked, Date=Wed, 15 Jun 2022 14:53:14 GMT]
15:53:15.044 [reactor-http-nio-41] DEBUG reactor.netty.resources.PooledConnectionProvider - [id: 0xd26d2f3c, L:/127.0.0.1:51741 - R:localhost/127.0.0.1:8083] Channel cleaned, now 294 active connections and 7 inactive connections
15:53:15.044 [reactor-http-nio-46] DEBUG reactor.netty.resources.PooledConnectionProvider - [id: 0xb42d715a, L:/127.0.0.1:51795 - R:localhost/127.0.0.1:8083] onStateChange(GET{uri=/userLocation?userId=e10bc72d-f2dd-4dfe-9486-158778e05cb7, connection=PooledConnection{channel=[id: 0xb42d715a, L:/127.0.0.1:51795 - R:localhost/127.0.0.1:8083]}}, [response_received])
15:53:15.044 [reactor-http-nio-46] DEBUG org.springframework.web.reactive.function.client.ExchangeFunctions - [5d7ed309] Response 200 OK
15:53:15.044 [reactor-http-nio-46] DEBUG reactor.netty.channel.FluxReceive - [id: 0xb42d715a, L:/127.0.0.1:51795 - R:localhost/127.0.0.1:8083] Subscribing inbound receiver [pending: 0, cancelled:false, inboundDone: false]
15:53:15.047 [reactor-http-nio-46] DEBUG reactor.netty.http.client.HttpClientOperations - [id: 0xb42d715a, L:/127.0.0.1:51795 - R:localhost/127.0.0.1:8083] Received last HTTP packet
15:53:15.047 [reactor-http-nio-46] DEBUG org.springframework.core.codec.StringDecoder - [5d7ed309] Decoded "{"userId":"e10bc72d-f2dd-4dfe-9486-158778e05cb7","location":{"longitude":32.511483,"latitude":-38.2 (truncated)...
15:53:15.047 [reactor-http-nio-46] DEBUG reactor.netty.resources.PooledConnectionProvider - [id: 0xb42d715a, L:/127.0.0.1:51795 - R:localhost/127.0.0.1:8083] onStateChange(GET{uri=/userLocation?userId=e10bc72d-f2dd-4dfe-9486-158778e05cb7, connection=PooledConnection{channel=[id: 0xb42d715a, L:/127.0.0.1:51795 - R:localhost/127.0.0.1:8083]}}, [disconnecting])
15:53:15.047 [reactor-http-nio-46] DEBUG reactor.netty.resources.PooledConnectionProvider - [id: 0xb42d715a, L:/127.0.0.1:51795 - R:localhost/127.0.0.1:8083] Releasing channel
15:53:15.047 [reactor-http-nio-46] DEBUG reactor.netty.resources.PooledConnectionProvider - [id: 0xb42d715a, L:/127.0.0.1:51795 - R:localhost/127.0.0.1:8083] Channel cleaned, now 293 active connections and 8 inactive connections
15:53:15.048 [reactor-http-nio-46] DEBUG reactor.netty.resources.PooledConnectionProvider - [id: 0x13239c6a, L:/127.0.0.1:51810 - R:localhost/127.0.0.1:8083] Channel acquired, now 294 active connections and 7 inactive connections
15:53:15.048 [pool-5-thread-37] INFO tourGuide.service.TourGuideService - visitedLocatio tourGuide.gpsUtil.VisitedLocation@1583040e
15:53:15.048 [reactor-http-nio-46] DEBUG reactor.netty.http.client.HttpClientConnect - [id: 0x13239c6a, L:/127.0.0.1:51810 - R:localhost/127.0.0.1:8083] Handler is being applied: {uri=http://localhost:8083/attractions, method=GET}
15:53:15.048 [pool-5-thread-37] DEBUG org.springframework.web.reactive.function.client.ExchangeFunctions - [7990f00b] HTTP GET http://localhost:8083/attractions
15:53:15.048 [reactor-http-nio-46] DEBUG reactor.netty.resources.PooledConnectionProvider - [id: 0x13239c6a, L:/127.0.0.1:51810 - R:localhost/127.0.0.1:8083] onStateChange(GET{uri=/attractions, connection=PooledConnection{channel=[id: 0x13239c6a, L:/127.0.0.1:51810 - R:localhost/127.0.0.1:8083]}}, [request_sent])
15:53:15.049 [reactor-http-nio-46] DEBUG reactor.netty.resources.PooledConnectionProvider - [id: 0x901633c4, L:/127.0.0.1:51815 - R:localhost/127.0.0.1:8083] Channel acquired, now 295 active connections and 6 inactive connections
15:53:15.049 [reactor-http-nio-46] DEBUG reactor.netty.http.client.HttpClientConnect - [id: 0x901633c4, L:/127.0.0.1:51815 - R:localhost/127.0.0.1:8083] Handler is being applied: {uri=http://localhost:8083/attractions, method=GET}
15:53:15.050 [reactor-http-nio-47] DEBUG reactor.netty.resources.PooledConnectionProvider - [id: 0xabb6df10, L:/127.0.0.1:51837 - R:localhost/127.0.0.1:8083] Channel acquired, now 296 active connections and 5 inactive connections
15:53:15.050 [reactor-http-nio-47] DEBUG reactor.netty.http.client.HttpClientConnect - [id: 0xabb6df10, L:/127.0.0.1:51837 - R:localhost/127.0.0.1:8083] Handler is being applied: {uri=http://localhost:8083/attractions, method=GET}
15:53:15.046 [pool-2-thread-54] INFO tourGuide.service.TourGuideService - visitedLocatio tourGuide.gpsUtil.VisitedLocation@33b2c505
15:53:15.051 [reactor-http-nio-47] DEBUG reactor.netty.resources.PooledConnectionProvider - [id: 0xabb6df10, L:/127.0.0.1:51837 - R:localhost/127.0.0.1:8083] onStateChange(GET{uri=/attractions, connection=PooledConnection{channel=[id: 0xabb6df10, L:/127.0.0.1:51837 - R:localhost/127.0.0.1:8083]}}, [request_sent])
15:53:15.052 [pool-2-thread-33] INFO tourGuide.service.TourGuideService - visitedLocatio tourGuide.gpsUtil.VisitedLocation@7ee4fada
15:53:15.053 [pool-2-thread-33] DEBUG org.springframework.web.reactive.function.client.ExchangeFunctions - [7c6c267d] HTTP GET http://localhost:8083/attractions
15:53:15.053 [reactor-http-nio-46] DEBUG reactor.netty.resources.PooledConnectionProvider - [id: 0x901633c4, L:/127.0.0.1:51815 - R:localhost/127.0.0.1:8083] onStateChange(GET{uri=/attractions, connection=PooledConnection{channel=[id: 0x901633c4, L:/127.0.0.1:51815 - R:localhost/127.0.0.1:8083]}}, [request_sent])
15:53:15.053 [reactor-http-nio-46] DEBUG reactor.netty.resources.PooledConnectionProvider - [id: 0xad1ee2d1, L:/127.0.0.1:51756 - R:localhost/127.0.0.1:8083] Channel acquired, now 297 active connections and 4 inactive connections
15:53:15.053 [reactor-http-nio-46] DEBUG reactor.netty.http.client.HttpClientConnect - [id: 0xad1ee2d1, L:/127.0.0.1:51756 - R:localhost/127.0.0.1:8083] Handler is being applied: {uri=http://localhost:8083/attractions, method=GET}
15:53:15.054 [reactor-http-nio-46] DEBUG reactor.netty.resources.PooledConnectionProvider - [id: 0xad1ee2d1, L:/127.0.0.1:51756 - R:localhost/127.0.0.1:8083] onStateChange(GET{uri=/attractions, connection=PooledConnection{channel=[id: 0xad1ee2d1, L:/127.0.0.1:51756 - R:localhost/127.0.0.1:8083]}}, [request_sent])
15:53:15.055 [reactor-http-nio-46] DEBUG reactor.netty.http.client.HttpClientOperations - [id: 0x3ccb8a7e, L:/127.0.0.1:51774 - R:localhost/127.0.0.1:8083] Received response (auto-read:false) : [Content-Type=application/json, Transfer-Encoding=chunked, Date=Wed, 15 Jun 2022 14:53:14 GMT]
15:53:15.055 [reactor-http-nio-46] DEBUG reactor.netty.resources.PooledConnectionProvider - [id: 0x3ccb8a7e, L:/127.0.0.1:51774 - R:localhost/127.0.0.1:8083] onStateChange(GET{uri=/userLocation?userId=7393a6fc-7624-4bf3-9a41-11cc4b565179, connection=PooledConnection{channel=[id: 0x3ccb8a7e, L:/127.0.0.1:51774 - R:localhost/127.0.0.1:8083]}}, [response_received])
15:53:15.055 [reactor-http-nio-46] DEBUG org.springframework.web.reactive.function.client.ExchangeFunctions - [43cb186f] Response 200 OK
15:53:15.056 [reactor-http-nio-46] DEBUG reactor.netty.channel.FluxReceive - [id: 0x3ccb8a7e, L:/127.0.0.1:51774 - R:localhost/127.0.0.1:8083] Subscribing inbound receiver [pending: 0, cancelled:false, inboundDone: false]
15:53:15.056 [reactor-http-nio-46] DEBUG reactor.netty.http.client.HttpClientOperations - [id: 0x3ccb8a7e, L:/127.0.0.1:51774 - R:localhost/127.0.0.1:8083] Received last HTTP packet
15:53:15.057 [reactor-http-nio-46] DEBUG org.springframework.core.codec.StringDecoder - [43cb186f] Decoded "{"userId":"7393a6fc-7624-4bf3-9a41-11cc4b565179","location":{"longitude":2.96855,"latitude":29.2459 (truncated)...
15:53:15.057 [reactor-http-nio-46] DEBUG reactor.netty.resources.PooledConnectionProvider - [id: 0x3ccb8a7e, L:/127.0.0.1:51774 - R:localhost/127.0.0.1:8083] onStateChange(GET{uri=/userLocation?userId=7393a6fc-7624-4bf3-9a41-11cc4b565179, connection=PooledConnection{channel=[id: 0x3ccb8a7e, L:/127.0.0.1:51774 - R:localhost/127.0.0.1:8083]}}, [disconnecting])
15:53:15.057 [reactor-http-nio-46] DEBUG reactor.netty.resources.PooledConnectionProvider - [id: 0x3ccb8a7e, L:/127.0.0.1:51774 - R:localhost/127.0.0.1:8083] Releasing channel
15:53:15.057 [reactor-http-nio-46] DEBUG reactor.netty.resources.PooledConnectionProvider - [id: 0x3ccb8a7e, L:/127.0.0.1:51774 - R:localhost/127.0.0.1:8083] Channel cleaned, now 296 active connections and 5 inactive connections
15:53:15.046 [pool-5-thread-49] INFO tourGuide.service.TourGuideService - visitedLocatio tourGuide.gpsUtil.VisitedLocation@609b9c52
15:53:15.059 [pool-5-thread-49] DEBUG org.springframework.web.reactive.function.client.ExchangeFunctions - [636ff9ae] HTTP GET http://localhost:8083/attractions
15:53:15.060 [reactor-http-nio-41] DEBUG reactor.netty.resources.PooledConnectionProvider - [id: 0x733709b4, L:/127.0.0.1:51734 - R:localhost/127.0.0.1:8083] Channel acquired, now 297 active connections and 4 inactive connections
15:53:15.060 [reactor-http-nio-41] DEBUG reactor.netty.http.client.HttpClientConnect - [id: 0x733709b4, L:/127.0.0.1:51734 - R:localhost/127.0.0.1:8083] Handler is being applied: {uri=http://localhost:8083/attractions, method=GET}
15:53:15.061 [reactor-http-nio-41] DEBUG reactor.netty.resources.PooledConnectionProvider - [id: 0x733709b4, L:/127.0.0.1:51734 - R:localhost/127.0.0.1:8083] onStateChange(GET{uri=/attractions, connection=PooledConnection{channel=[id: 0x733709b4, L:/127.0.0.1:51734 - R:localhost/127.0.0.1:8083]}}, [request_sent])
15:53:15.047 [pool-2-thread-185] INFO tourGuide.service.TourGuideService - visitedLocatio tourGuide.gpsUtil.VisitedLocation@762f8185
15:53:15.063 [pool-2-thread-185] DEBUG org.springframework.web.reactive.function.client.ExchangeFunctions - [3acf6147] HTTP GET http://localhost:8083/attractions
15:53:15.063 [pool-2-thread-196] INFO tourGuide.service.TourGuideService - visitedLocatio tourGuide.gpsUtil.VisitedLocation@3d77be88
15:53:15.047 [pool-5-thread-69] INFO tourGuide.service.TourGuideService - visitedLocatio tourGuide.gpsUtil.VisitedLocation@d54cf31
15:53:15.064 [pool-2-thread-196] DEBUG org.springframework.web.reactive.function.client.ExchangeFunctions - [6f0e89b2] HTTP GET http://localhost:8083/attractions
15:53:15.064 [pool-5-thread-69] DEBUG org.springframework.web.reactive.function.client.ExchangeFunctions - [256ac96a] HTTP GET http://localhost:8083/attractions
15:53:15.051 [pool-2-thread-54] DEBUG org.springframework.web.reactive.function.client.ExchangeFunctions - [48a58387] HTTP GET http://localhost:8083/attractions
15:53:15.065 [reactor-http-nio-41] DEBUG reactor.netty.resources.PooledConnectionProvider - [id: 0xd26d2f3c, L:/127.0.0.1:51741 - R:localhost/127.0.0.1:8083] Channel acquired, now 298 active connections and 3 inactive connections
15:53:15.065 [reactor-http-nio-41] DEBUG reactor.netty.http.client.HttpClientConnect - [id: 0xd26d2f3c, L:/127.0.0.1:51741 - R:localhost/127.0.0.1:8083] Handler is being applied: {uri=http://localhost:8083/attractions, method=GET}
15:53:15.058 [reactor-http-nio-46] DEBUG reactor.netty.http.client.HttpClientOperations - [id: 0x7e95ad76, L:/127.0.0.1:51814 - R:localhost/127.0.0.1:8083] Received response (auto-read:false) : [Content-Type=application/json, Transfer-Encoding=chunked, Date=Wed, 15 Jun 2022 14:53:14 GMT]
15:53:15.065 [reactor-http-nio-46] DEBUG reactor.netty.resources.PooledConnectionProvider - [id: 0x7e95ad76, L:/127.0.0.1:51814 - R:localhost/127.0.0.1:8083] onStateChange(GET{uri=/userLocation?userId=7086d242-38f3-4070-9f21-38354754fa7c, connection=PooledConnection{channel=[id: 0x7e95ad76, L:/127.0.0.1:51814 - R:localhost/127.0.0.1:8083]}}, [response_received])
15:53:15.065 [reactor-http-nio-46] DEBUG org.springframework.web.reactive.function.client.ExchangeFunctions - [15439ffe] Response 200 OK
15:53:15.066 [reactor-http-nio-46] DEBUG reactor.netty.channel.FluxReceive - [id: 0x7e95ad76, L:/127.0.0.1:51814 - R:localhost/127.0.0.1:8083] Subscribing inbound receiver [pending: 0, cancelled:false, inboundDone: false]
15:53:15.066 [reactor-http-nio-41] DEBUG reactor.netty.resources.PooledConnectionProvider - [id: 0xd26d2f3c, L:/127.0.0.1:51741 - R:localhost/127.0.0.1:8083] onStateChange(GET{uri=/attractions, connection=PooledConnection{channel=[id: 0xd26d2f3c, L:/127.0.0.1:51741 - R:localhost/127.0.0.1:8083]}}, [request_sent])
15:53:15.066 [reactor-http-nio-46] DEBUG reactor.netty.http.client.HttpClientOperations - [id: 0x7e95ad76, L:/127.0.0.1:51814 - R:localhost/127.0.0.1:8083] Received last HTTP packet
15:53:15.066 [reactor-http-nio-46] DEBUG org.springframework.core.codec.StringDecoder - [15439ffe] Decoded "{"userId":"7086d242-38f3-4070-9f21-38354754fa7c","location":{"longitude":144.139401,"latitude":11.7 (truncated)...
15:53:15.067 [reactor-http-nio-46] DEBUG reactor.netty.resources.PooledConnectionProvider - [id: 0x7e95ad76, L:/127.0.0.1:51814 - R:localhost/127.0.0.1:8083] onStateChange(GET{uri=/userLocation?userId=7086d242-38f3-4070-9f21-38354754fa7c, connection=PooledConnection{channel=[id: 0x7e95ad76, L:/127.0.0.1:51814 - R:localhost/127.0.0.1:8083]}}, [disconnecting])
15:53:15.067 [reactor-http-nio-46] DEBUG reactor.netty.resources.PooledConnectionProvider - [id: 0x7e95ad76, L:/127.0.0.1:51814 - R:localhost/127.0.0.1:8083] Releasing channel
15:53:15.067 [reactor-http-nio-46] DEBUG reactor.netty.resources.PooledConnectionProvider - [id: 0x7e95ad76, L:/127.0.0.1:51814 - R:localhost/127.0.0.1:8083] Channel cleaned, now 297 active connections and 4 inactive connections
15:53:15.067 [reactor-http-nio-46] DEBUG reactor.netty.resources.PooledConnectionProvider - [id: 0xb42d715a, L:/127.0.0.1:51795 - R:localhost/127.0.0.1:8083] Channel acquired, now 298 active connections and 3 inactive connections
15:53:15.067 [reactor-http-nio-46] DEBUG reactor.netty.http.client.HttpClientConnect - [id: 0xb42d715a, L:/127.0.0.1:51795 - R:localhost/127.0.0.1:8083] Handler is being applied: {uri=http://localhost:8083/attractions, method=GET}
15:53:15.068 [pool-2-thread-53] INFO tourGuide.service.TourGuideService - visitedLocatio tourGuide.gpsUtil.VisitedLocation@6ddd59c5
15:53:15.069 [reactor-http-nio-41] DEBUG reactor.netty.http.client.HttpClientOperations - [id: 0x506c6088, L:/127.0.0.1:51764 - R:localhost/127.0.0.1:8083] Received response (auto-read:false) : [Content-Type=application/json, Transfer-Encoding=chunked, Date=Wed, 15 Jun 2022 14:53:14 GMT]
15:53:15.069 [reactor-http-nio-41] DEBUG reactor.netty.resources.PooledConnectionProvider - [id: 0x506c6088, L:/127.0.0.1:51764 - R:localhost/127.0.0.1:8083] onStateChange(GET{uri=/userLocation?userId=92ca89e3-4afa-43e1-a1ae-e2e5947c2149, connection=PooledConnection{channel=[id: 0x506c6088, L:/127.0.0.1:51764 - R:localhost/127.0.0.1:8083]}}, [response_received])
15:53:15.069 [reactor-http-nio-41] DEBUG org.springframework.web.reactive.function.client.ExchangeFunctions - [6ff4454a] Response 200 OK
15:53:15.069 [reactor-http-nio-46] DEBUG reactor.netty.resources.PooledConnectionProvider - [id: 0xb42d715a, L:/127.0.0.1:51795 - R:localhost/127.0.0.1:8083] onStateChange(GET{uri=/attractions, connection=PooledConnection{channel=[id: 0xb42d715a, L:/127.0.0.1:51795 - R:localhost/127.0.0.1:8083]}}, [request_sent])
15:53:15.069 [pool-2-thread-53] DEBUG org.springframework.web.reactive.function.client.ExchangeFunctions - [66b53957] HTTP GET http://localhost:8083/attractions
15:53:15.070 [reactor-http-nio-41] DEBUG reactor.netty.channel.FluxReceive - [id: 0x506c6088, L:/127.0.0.1:51764 - R:localhost/127.0.0.1:8083] Subscribing inbound receiver [pending: 0, cancelled:false, inboundDone: false]
15:53:15.070 [reactor-http-nio-46] DEBUG reactor.netty.resources.PooledConnectionProvider - [id: 0x235f3a5b, L:/127.0.0.1:51771 - R:localhost/127.0.0.1:8083] Channel acquired, now 299 active connections and 2 inactive connections
15:53:15.070 [reactor-http-nio-41] DEBUG reactor.netty.http.client.HttpClientOperations - [id: 0x506c6088, L:/127.0.0.1:51764 - R:localhost/127.0.0.1:8083] Received last HTTP packet
15:53:15.070 [reactor-http-nio-46] DEBUG reactor.netty.http.client.HttpClientConnect - [id: 0x235f3a5b, L:/127.0.0.1:51771 - R:localhost/127.0.0.1:8083] Handler is being applied: {uri=http://localhost:8083/attractions, method=GET}
15:53:15.070 [reactor-http-nio-41] DEBUG org.springframework.core.codec.StringDecoder - [6ff4454a] Decoded "{"userId":"92ca89e3-4afa-43e1-a1ae-e2e5947c2149","location":{"longitude":125.049742,"latitude":-29. (truncated)...
15:53:15.070 [reactor-http-nio-41] DEBUG reactor.netty.resources.PooledConnectionProvider - [id: 0x506c6088, L:/127.0.0.1:51764 - R:localhost/127.0.0.1:8083] onStateChange(GET{uri=/userLocation?userId=92ca89e3-4afa-43e1-a1ae-e2e5947c2149, connection=PooledConnection{channel=[id: 0x506c6088, L:/127.0.0.1:51764 - R:localhost/127.0.0.1:8083]}}, [disconnecting])
15:53:15.070 [reactor-http-nio-41] DEBUG reactor.netty.resources.PooledConnectionProvider - [id: 0x506c6088, L:/127.0.0.1:51764 - R:localhost/127.0.0.1:8083] Releasing channel
15:53:15.070 [reactor-http-nio-41] DEBUG reactor.netty.resources.PooledConnectionProvider - [id: 0x506c6088, L:/127.0.0.1:51764 - R:localhost/127.0.0.1:8083] Channel cleaned, now 298 active connections and 3 inactive connections
15:53:15.071 [reactor-http-nio-41] DEBUG reactor.netty.http.client.HttpClientOperations - [id: 0x98e6ee9b, L:/127.0.0.1:51750 - R:localhost/127.0.0.1:8083] Received response (auto-read:false) : [Content-Type=application/json, Transfer-Encoding=chunked, Date=Wed, 15 Jun 2022 14:53:14 GMT]
15:53:15.071 [reactor-http-nio-41] DEBUG reactor.netty.resources.PooledConnectionProvider - [id: 0x98e6ee9b, L:/127.0.0.1:51750 - R:localhost/127.0.0.1:8083] onStateChange(GET{uri=/userLocation?userId=caab5cdd-8d0e-4e28-a7f6-743157b1e933, connection=PooledConnection{channel=[id: 0x98e6ee9b, L:/127.0.0.1:51750 - R:localhost/127.0.0.1:8083]}}, [response_received])
15:53:15.071 [reactor-http-nio-46] DEBUG reactor.netty.resources.PooledConnectionProvider - [id: 0x235f3a5b, L:/127.0.0.1:51771 - R:localhost/127.0.0.1:8083] onStateChange(GET{uri=/attractions, connection=PooledConnection{channel=[id: 0x235f3a5b, L:/127.0.0.1:51771 - R:localhost/127.0.0.1:8083]}}, [request_sent])
15:53:15.071 [reactor-http-nio-41] DEBUG org.springframework.web.reactive.function.client.ExchangeFunctions - [5c95144c] Response 200 OK
15:53:15.071 [reactor-http-nio-46] DEBUG reactor.netty.resources.PooledConnectionProvider - [id: 0x3ccb8a7e, L:/127.0.0.1:51774 - R:localhost/127.0.0.1:8083] Channel acquired, now 299 active connections and 2 inactive connections
15:53:15.071 [reactor-http-nio-46] DEBUG reactor.netty.http.client.HttpClientConnect - [id: 0x3ccb8a7e, L:/127.0.0.1:51774 - R:localhost/127.0.0.1:8083] Handler is being applied: {uri=http://localhost:8083/attractions, method=GET}
15:53:15.071 [reactor-http-nio-41] DEBUG reactor.netty.channel.FluxReceive - [id: 0x98e6ee9b, L:/127.0.0.1:51750 - R:localhost/127.0.0.1:8083] Subscribing inbound receiver [pending: 0, cancelled:false, inboundDone: false]
15:53:15.072 [reactor-http-nio-41] DEBUG reactor.netty.http.client.HttpClientOperations - [id: 0x98e6ee9b, L:/127.0.0.1:51750 - R:localhost/127.0.0.1:8083] Received last HTTP packet
15:53:15.072 [reactor-http-nio-41] DEBUG org.springframework.core.codec.StringDecoder - [5c95144c] Decoded "{"userId":"caab5cdd-8d0e-4e28-a7f6-743157b1e933","location":{"longitude":121.441706,"latitude":-28. (truncated)...
15:53:15.072 [reactor-http-nio-41] DEBUG reactor.netty.resources.PooledConnectionProvider - [id: 0x98e6ee9b, L:/127.0.0.1:51750 - R:localhost/127.0.0.1:8083] onStateChange(GET{uri=/userLocation?userId=caab5cdd-8d0e-4e28-a7f6-743157b1e933, connection=PooledConnection{channel=[id: 0x98e6ee9b, L:/127.0.0.1:51750 - R:localhost/127.0.0.1:8083]}}, [disconnecting])
15:53:15.072 [reactor-http-nio-41] DEBUG reactor.netty.resources.PooledConnectionProvider - [id: 0x98e6ee9b, L:/127.0.0.1:51750 - R:localhost/127.0.0.1:8083] Releasing channel
15:53:15.072 [reactor-http-nio-41] DEBUG reactor.netty.resources.PooledConnectionProvider - [id: 0x98e6ee9b, L:/127.0.0.1:51750 - R:localhost/127.0.0.1:8083] Channel cleaned, now 298 active connections and 3 inactive connections
15:53:15.073 [reactor-http-nio-46] DEBUG reactor.netty.resources.PooledConnectionProvider - [id: 0x3ccb8a7e, L:/127.0.0.1:51774 - R:localhost/127.0.0.1:8083] onStateChange(GET{uri=/attractions, connection=PooledConnection{channel=[id: 0x3ccb8a7e, L:/127.0.0.1:51774 - R:localhost/127.0.0.1:8083]}}, [request_sent])
15:53:15.073 [reactor-http-nio-46] DEBUG reactor.netty.resources.PooledConnectionProvider - [id: 0x7e95ad76, L:/127.0.0.1:51814 - R:localhost/127.0.0.1:8083] Channel acquired, now 299 active connections and 2 inactive connections
15:53:15.073 [reactor-http-nio-46] DEBUG reactor.netty.http.client.HttpClientConnect - [id: 0x7e95ad76, L:/127.0.0.1:51814 - R:localhost/127.0.0.1:8083] Handler is being applied: {uri=http://localhost:8083/attractions, method=GET}
15:53:15.074 [reactor-http-nio-46] DEBUG reactor.netty.resources.PooledConnectionProvider - [id: 0x7e95ad76, L:/127.0.0.1:51814 - R:localhost/127.0.0.1:8083] onStateChange(GET{uri=/attractions, connection=PooledConnection{channel=[id: 0x7e95ad76, L:/127.0.0.1:51814 - R:localhost/127.0.0.1:8083]}}, [request_sent])
15:53:15.074 [pool-5-thread-7] INFO tourGuide.service.TourGuideService - visitedLocatio tourGuide.gpsUtil.VisitedLocation@2236e80a
15:53:15.074 [reactor-http-nio-46] DEBUG reactor.netty.http.client.HttpClientOperations - [id: 0x5362fcb1, L:/127.0.0.1:51798 - R:localhost/127.0.0.1:8083] Received response (auto-read:false) : [Content-Type=application/json, Transfer-Encoding=chunked, Date=Wed, 15 Jun 2022 14:53:14 GMT]
15:53:15.074 [reactor-http-nio-46] DEBUG reactor.netty.resources.PooledConnectionProvider - [id: 0x5362fcb1, L:/127.0.0.1:51798 - R:localhost/127.0.0.1:8083] onStateChange(GET{uri=/userLocation?userId=2e94cd9d-b6a4-45a0-a8e3-3c662fc6bc6b, connection=PooledConnection{channel=[id: 0x5362fcb1, L:/127.0.0.1:51798 - R:localhost/127.0.0.1:8083]}}, [response_received])
15:53:15.074 [reactor-http-nio-46] DEBUG org.springframework.web.reactive.function.client.ExchangeFunctions - [30af3984] Response 200 OK
15:53:15.074 [pool-5-thread-7] DEBUG org.springframework.web.reactive.function.client.ExchangeFunctions - [1f9ff7ef] HTTP GET http://localhost:8083/attractions
15:53:15.075 [reactor-http-nio-46] DEBUG reactor.netty.channel.FluxReceive - [id: 0x5362fcb1, L:/127.0.0.1:51798 - R:localhost/127.0.0.1:8083] Subscribing inbound receiver [pending: 0, cancelled:false, inboundDone: false]
15:53:15.075 [reactor-http-nio-46] DEBUG reactor.netty.http.client.HttpClientOperations - [id: 0x5362fcb1, L:/127.0.0.1:51798 - R:localhost/127.0.0.1:8083] Received last HTTP packet
15:53:15.075 [reactor-http-nio-46] DEBUG org.springframework.core.codec.StringDecoder - [30af3984] Decoded "{"userId":"2e94cd9d-b6a4-45a0-a8e3-3c662fc6bc6b","location":{"longitude":129.916163,"latitude":20.5 (truncated)...
15:53:15.075 [reactor-http-nio-46] DEBUG reactor.netty.resources.PooledConnectionProvider - [id: 0x5362fcb1, L:/127.0.0.1:51798 - R:localhost/127.0.0.1:8083] onStateChange(GET{uri=/userLocation?userId=2e94cd9d-b6a4-45a0-a8e3-3c662fc6bc6b, connection=PooledConnection{channel=[id: 0x5362fcb1, L:/127.0.0.1:51798 - R:localhost/127.0.0.1:8083]}}, [disconnecting])
15:53:15.075 [reactor-http-nio-46] DEBUG reactor.netty.resources.PooledConnectionProvider - [id: 0x5362fcb1, L:/127.0.0.1:51798 - R:localhost/127.0.0.1:8083] Releasing channel
15:53:15.075 [reactor-http-nio-46] DEBUG reactor.netty.resources.PooledConnectionProvider - [id: 0x5362fcb1, L:/127.0.0.1:51798 - R:localhost/127.0.0.1:8083] Channel cleaned, now 298 active connections and 3 inactive connections
15:53:15.076 [reactor-http-nio-41] DEBUG reactor.netty.resources.PooledConnectionProvider - [id: 0x506c6088, L:/127.0.0.1:51764 - R:localhost/127.0.0.1:8083] Channel acquired, now 299 active connections and 2 inactive connections
15:53:15.076 [reactor-http-nio-46] DEBUG reactor.netty.http.client.HttpClientOperations - [id: 0xca7f278b, L:/127.0.0.1:51829 - R:localhost/127.0.0.1:8083] Received response (auto-read:false) : [Content-Type=application/json, Transfer-Encoding=chunked, Date=Wed, 15 Jun 2022 14:53:14 GMT]
15:53:15.076 [reactor-http-nio-41] DEBUG reactor.netty.http.client.HttpClientConnect - [id: 0x506c6088, L:/127.0.0.1:51764 - R:localhost/127.0.0.1:8083] Handler is being applied: {uri=http://localhost:8083/attractions, method=GET}
15:53:15.076 [reactor-http-nio-46] DEBUG reactor.netty.resources.PooledConnectionProvider - [id: 0xca7f278b, L:/127.0.0.1:51829 - R:localhost/127.0.0.1:8083] onStateChange(GET{uri=/userLocation?userId=ab0094df-5aad-417a-86c4-33b91f1f0495, connection=PooledConnection{channel=[id: 0xca7f278b, L:/127.0.0.1:51829 - R:localhost/127.0.0.1:8083]}}, [response_received])
15:53:15.076 [reactor-http-nio-46] DEBUG org.springframework.web.reactive.function.client.ExchangeFunctions - [6c42e31] Response 200 OK
15:53:15.077 [reactor-http-nio-41] DEBUG reactor.netty.resources.PooledConnectionProvider - [id: 0x506c6088, L:/127.0.0.1:51764 - R:localhost/127.0.0.1:8083] onStateChange(GET{uri=/attractions, connection=PooledConnection{channel=[id: 0x506c6088, L:/127.0.0.1:51764 - R:localhost/127.0.0.1:8083]}}, [request_sent])
15:53:15.077 [pool-2-thread-150] INFO tourGuide.service.TourGuideService - visitedLocatio tourGuide.gpsUtil.VisitedLocation@4ad9299f
15:53:15.078 [pool-2-thread-150] DEBUG org.springframework.web.reactive.function.client.ExchangeFunctions - [1e80bd9e] HTTP GET http://localhost:8083/attractions
15:53:15.081 [pool-2-thread-93] INFO tourGuide.service.TourGuideService - visitedLocatio tourGuide.gpsUtil.VisitedLocation@715206ae
15:53:15.081 [pool-2-thread-93] DEBUG org.springframework.web.reactive.function.client.ExchangeFunctions - [11bdccf0] HTTP GET http://localhost:8083/attractions
15:53:15.082 [reactor-http-nio-46] DEBUG reactor.netty.channel.FluxReceive - [id: 0xca7f278b, L:/127.0.0.1:51829 - R:localhost/127.0.0.1:8083] Subscribing inbound receiver [pending: 0, cancelled:false, inboundDone: false]
15:53:15.082 [reactor-http-nio-46] DEBUG reactor.netty.http.client.HttpClientOperations - [id: 0xca7f278b, L:/127.0.0.1:51829 - R:localhost/127.0.0.1:8083] Received last HTTP packet
15:53:15.082 [reactor-http-nio-46] DEBUG org.springframework.core.codec.StringDecoder - [6c42e31] Decoded "{"userId":"ab0094df-5aad-417a-86c4-33b91f1f0495","location":{"longitude":-175.349904,"latitude":-59 (truncated)...
15:53:15.082 [reactor-http-nio-46] DEBUG reactor.netty.resources.PooledConnectionProvider - [id: 0xca7f278b, L:/127.0.0.1:51829 - R:localhost/127.0.0.1:8083] onStateChange(GET{uri=/userLocation?userId=ab0094df-5aad-417a-86c4-33b91f1f0495, connection=PooledConnection{channel=[id: 0xca7f278b, L:/127.0.0.1:51829 - R:localhost/127.0.0.1:8083]}}, [disconnecting])
15:53:15.083 [reactor-http-nio-46] DEBUG reactor.netty.resources.PooledConnectionProvider - [id: 0xca7f278b, L:/127.0.0.1:51829 - R:localhost/127.0.0.1:8083] Releasing channel
15:53:15.083 [reactor-http-nio-46] DEBUG reactor.netty.resources.PooledConnectionProvider - [id: 0xca7f278b, L:/127.0.0.1:51829 - R:localhost/127.0.0.1:8083] Channel cleaned, now 298 active connections and 3 inactive connections
15:53:15.083 [reactor-http-nio-41] DEBUG reactor.netty.resources.PooledConnectionProvider - [id: 0x98e6ee9b, L:/127.0.0.1:51750 - R:localhost/127.0.0.1:8083] Channel acquired, now 299 active connections and 2 inactive connections
15:53:15.083 [reactor-http-nio-41] DEBUG reactor.netty.http.client.HttpClientConnect - [id: 0x98e6ee9b, L:/127.0.0.1:51750 - R:localhost/127.0.0.1:8083] Handler is being applied: {uri=http://localhost:8083/attractions, method=GET}
15:53:15.084 [reactor-http-nio-41] DEBUG reactor.netty.resources.PooledConnectionProvider - [id: 0x98e6ee9b, L:/127.0.0.1:51750 - R:localhost/127.0.0.1:8083] onStateChange(GET{uri=/attractions, connection=PooledConnection{channel=[id: 0x98e6ee9b, L:/127.0.0.1:51750 - R:localhost/127.0.0.1:8083]}}, [request_sent])
15:53:15.085 [reactor-http-nio-46] DEBUG reactor.netty.resources.PooledConnectionProvider - [id: 0x5362fcb1, L:/127.0.0.1:51798 - R:localhost/127.0.0.1:8083] Channel acquired, now 300 active connections and 1 inactive connections
15:53:15.085 [reactor-http-nio-46] DEBUG reactor.netty.http.client.HttpClientConnect - [id: 0x5362fcb1, L:/127.0.0.1:51798 - R:localhost/127.0.0.1:8083] Handler is being applied: {uri=http://localhost:8083/attractions, method=GET}
15:53:15.086 [reactor-http-nio-46] DEBUG reactor.netty.resources.PooledConnectionProvider - [id: 0x5362fcb1, L:/127.0.0.1:51798 - R:localhost/127.0.0.1:8083] onStateChange(GET{uri=/attractions, connection=PooledConnection{channel=[id: 0x5362fcb1, L:/127.0.0.1:51798 - R:localhost/127.0.0.1:8083]}}, [request_sent])
15:53:15.089 [pool-2-thread-63] INFO tourGuide.service.TourGuideService - visitedLocatio tourGuide.gpsUtil.VisitedLocation@23e94fc2
15:53:15.089 [pool-2-thread-63] DEBUG org.springframework.web.reactive.function.client.ExchangeFunctions - [7992d17d] HTTP GET http://localhost:8083/attractions
15:53:15.091 [reactor-http-nio-46] DEBUG reactor.netty.resources.PooledConnectionProvider - [id: 0xca7f278b, L:/127.0.0.1:51829 - R:localhost/127.0.0.1:8083] Channel acquired, now 301 active connections and 0 inactive connections
15:53:15.091 [reactor-http-nio-46] DEBUG reactor.netty.http.client.HttpClientConnect - [id: 0xca7f278b, L:/127.0.0.1:51829 - R:localhost/127.0.0.1:8083] Handler is being applied: {uri=http://localhost:8083/attractions, method=GET}
15:53:15.092 [reactor-http-nio-46] DEBUG reactor.netty.resources.PooledConnectionProvider - [id: 0xca7f278b, L:/127.0.0.1:51829 - R:localhost/127.0.0.1:8083] onStateChange(GET{uri=/attractions, connection=PooledConnection{channel=[id: 0xca7f278b, L:/127.0.0.1:51829 - R:localhost/127.0.0.1:8083]}}, [request_sent])
15:53:15.094 [reactor-http-nio-41] DEBUG reactor.netty.http.client.HttpClientOperations - [id: 0x6c6e06d1, L:/127.0.0.1:51760 - R:localhost/127.0.0.1:8083] Received response (auto-read:false) : [Content-Type=application/json, Transfer-Encoding=chunked, Date=Wed, 15 Jun 2022 14:53:14 GMT]
15:53:15.094 [reactor-http-nio-41] DEBUG reactor.netty.resources.PooledConnectionProvider - [id: 0x6c6e06d1, L:/127.0.0.1:51760 - R:localhost/127.0.0.1:8083] onStateChange(GET{uri=/userLocation?userId=fb685411-eba7-49e5-b06d-c7d078d23c14, connection=PooledConnection{channel=[id: 0x6c6e06d1, L:/127.0.0.1:51760 - R:localhost/127.0.0.1:8083]}}, [response_received])
15:53:15.094 [reactor-http-nio-41] DEBUG org.springframework.web.reactive.function.client.ExchangeFunctions - [3035e2f3] Response 200 OK
15:53:15.094 [reactor-http-nio-41] DEBUG reactor.netty.channel.FluxReceive - [id: 0x6c6e06d1, L:/127.0.0.1:51760 - R:localhost/127.0.0.1:8083] Subscribing inbound receiver [pending: 0, cancelled:false, inboundDone: false]
15:53:15.095 [reactor-http-nio-41] DEBUG reactor.netty.http.client.HttpClientOperations - [id: 0x6c6e06d1, L:/127.0.0.1:51760 - R:localhost/127.0.0.1:8083] Received last HTTP packet
15:53:15.095 [reactor-http-nio-41] DEBUG org.springframework.core.codec.StringDecoder - [3035e2f3] Decoded "{"userId":"fb685411-eba7-49e5-b06d-c7d078d23c14","location":{"longitude":83.742178,"latitude":-73.4 (truncated)...
15:53:15.095 [reactor-http-nio-41] DEBUG reactor.netty.resources.PooledConnectionProvider - [id: 0x6c6e06d1, L:/127.0.0.1:51760 - R:localhost/127.0.0.1:8083] onStateChange(GET{uri=/userLocation?userId=fb685411-eba7-49e5-b06d-c7d078d23c14, connection=PooledConnection{channel=[id: 0x6c6e06d1, L:/127.0.0.1:51760 - R:localhost/127.0.0.1:8083]}}, [disconnecting])
15:53:15.095 [reactor-http-nio-41] DEBUG reactor.netty.resources.PooledConnectionProvider - [id: 0x6c6e06d1, L:/127.0.0.1:51760 - R:localhost/127.0.0.1:8083] Releasing channel
15:53:15.095 [reactor-http-nio-41] DEBUG reactor.netty.resources.PooledConnectionProvider - [id: 0x6c6e06d1, L:/127.0.0.1:51760 - R:localhost/127.0.0.1:8083] Channel cleaned, now 300 active connections and 1 inactive connections
15:53:15.095 [reactor-http-nio-46] DEBUG reactor.netty.http.client.HttpClientOperations - [id: 0xefddac86, L:/127.0.0.1:51812 - R:localhost/127.0.0.1:8083] Received response (auto-read:false) : [Content-Type=application/json, Transfer-Encoding=chunked, Date=Wed, 15 Jun 2022 14:53:14 GMT]
15:53:15.095 [reactor-http-nio-46] DEBUG reactor.netty.resources.PooledConnectionProvider - [id: 0xefddac86, L:/127.0.0.1:51812 - R:localhost/127.0.0.1:8083] onStateChange(GET{uri=/userLocation?userId=2a1be45a-3cae-483d-8741-ef5976ed0f2c, connection=PooledConnection{channel=[id: 0xefddac86, L:/127.0.0.1:51812 - R:localhost/127.0.0.1:8083]}}, [response_received])
15:53:15.095 [reactor-http-nio-46] DEBUG org.springframework.web.reactive.function.client.ExchangeFunctions - [5c0a7af7] Response 200 OK
15:53:15.096 [reactor-http-nio-46] DEBUG reactor.netty.channel.FluxReceive - [id: 0xefddac86, L:/127.0.0.1:51812 - R:localhost/127.0.0.1:8083] Subscribing inbound receiver [pending: 0, cancelled:false, inboundDone: false]
15:53:15.096 [reactor-http-nio-46] DEBUG reactor.netty.http.client.HttpClientOperations - [id: 0xefddac86, L:/127.0.0.1:51812 - R:localhost/127.0.0.1:8083] Received last HTTP packet
15:53:15.096 [reactor-http-nio-46] DEBUG org.springframework.core.codec.StringDecoder - [5c0a7af7] Decoded "{"userId":"2a1be45a-3cae-483d-8741-ef5976ed0f2c","location":{"longitude":-49.754718,"latitude":9.84 (truncated)...
15:53:15.096 [reactor-http-nio-46] DEBUG reactor.netty.resources.PooledConnectionProvider - [id: 0xefddac86, L:/127.0.0.1:51812 - R:localhost/127.0.0.1:8083] onStateChange(GET{uri=/userLocation?userId=2a1be45a-3cae-483d-8741-ef5976ed0f2c, connection=PooledConnection{channel=[id: 0xefddac86, L:/127.0.0.1:51812 - R:localhost/127.0.0.1:8083]}}, [disconnecting])
15:53:15.096 [reactor-http-nio-46] DEBUG reactor.netty.resources.PooledConnectionProvider - [id: 0xefddac86, L:/127.0.0.1:51812 - R:localhost/127.0.0.1:8083] Releasing channel
15:53:15.096 [reactor-http-nio-46] DEBUG reactor.netty.resources.PooledConnectionProvider - [id: 0xefddac86, L:/127.0.0.1:51812 - R:localhost/127.0.0.1:8083] Channel cleaned, now 299 active connections and 2 inactive connections
15:53:15.098 [pool-2-thread-46] INFO tourGuide.service.TourGuideService - visitedLocatio tourGuide.gpsUtil.VisitedLocation@5b8f252e
15:53:15.098 [pool-2-thread-84] INFO tourGuide.service.TourGuideService - visitedLocatio tourGuide.gpsUtil.VisitedLocation@27dfe51c
15:53:15.098 [pool-2-thread-46] DEBUG org.springframework.web.reactive.function.client.ExchangeFunctions - [7d188f83] HTTP GET http://localhost:8083/attractions
15:53:15.098 [pool-2-thread-84] DEBUG org.springframework.web.reactive.function.client.ExchangeFunctions - [11271787] HTTP GET http://localhost:8083/attractions
15:53:15.100 [reactor-http-nio-46] DEBUG reactor.netty.http.client.HttpClientOperations - [id: 0x33fe729d, L:/127.0.0.1:51824 - R:localhost/127.0.0.1:8083] Received response (auto-read:false) : [Content-Type=application/json, Transfer-Encoding=chunked, Date=Wed, 15 Jun 2022 14:53:14 GMT]
15:53:15.100 [reactor-http-nio-46] DEBUG reactor.netty.resources.PooledConnectionProvider - [id: 0x33fe729d, L:/127.0.0.1:51824 - R:localhost/127.0.0.1:8083] onStateChange(GET{uri=/userLocation?userId=cddbbc6b-b49d-45e0-8740-bdd6db0041a3, connection=PooledConnection{channel=[id: 0x33fe729d, L:/127.0.0.1:51824 - R:localhost/127.0.0.1:8083]}}, [response_received])
15:53:15.100 [reactor-http-nio-46] DEBUG org.springframework.web.reactive.function.client.ExchangeFunctions - [5e07f003] Response 200 OK
15:53:15.101 [reactor-http-nio-46] DEBUG reactor.netty.channel.FluxReceive - [id: 0x33fe729d, L:/127.0.0.1:51824 - R:localhost/127.0.0.1:8083] Subscribing inbound receiver [pending: 0, cancelled:false, inboundDone: false]
15:53:15.101 [reactor-http-nio-46] DEBUG reactor.netty.http.client.HttpClientOperations - [id: 0x33fe729d, L:/127.0.0.1:51824 - R:localhost/127.0.0.1:8083] Received last HTTP packet
15:53:15.101 [reactor-http-nio-46] DEBUG org.springframework.core.codec.StringDecoder - [5e07f003] Decoded "{"userId":"cddbbc6b-b49d-45e0-8740-bdd6db0041a3","location":{"longitude":-160.568739,"latitude":50. (truncated)...
15:53:15.101 [reactor-http-nio-46] DEBUG reactor.netty.resources.PooledConnectionProvider - [id: 0x33fe729d, L:/127.0.0.1:51824 - R:localhost/127.0.0.1:8083] onStateChange(GET{uri=/userLocation?userId=cddbbc6b-b49d-45e0-8740-bdd6db0041a3, connection=PooledConnection{channel=[id: 0x33fe729d, L:/127.0.0.1:51824 - R:localhost/127.0.0.1:8083]}}, [disconnecting])
15:53:15.101 [reactor-http-nio-46] DEBUG reactor.netty.resources.PooledConnectionProvider - [id: 0x33fe729d, L:/127.0.0.1:51824 - R:localhost/127.0.0.1:8083] Releasing channel
15:53:15.101 [reactor-http-nio-46] DEBUG reactor.netty.resources.PooledConnectionProvider - [id: 0x33fe729d, L:/127.0.0.1:51824 - R:localhost/127.0.0.1:8083] Channel cleaned, now 298 active connections and 3 inactive connections
15:53:15.102 [reactor-http-nio-46] DEBUG reactor.netty.resources.PooledConnectionProvider - [id: 0xefddac86, L:/127.0.0.1:51812 - R:localhost/127.0.0.1:8083] Channel acquired, now 299 active connections and 2 inactive connections
15:53:15.102 [reactor-http-nio-46] DEBUG reactor.netty.http.client.HttpClientConnect - [id: 0xefddac86, L:/127.0.0.1:51812 - R:localhost/127.0.0.1:8083] Handler is being applied: {uri=http://localhost:8083/attractions, method=GET}
15:53:15.102 [reactor-http-nio-46] DEBUG reactor.netty.resources.PooledConnectionProvider - [id: 0xefddac86, L:/127.0.0.1:51812 - R:localhost/127.0.0.1:8083] onStateChange(GET{uri=/attractions, connection=PooledConnection{channel=[id: 0xefddac86, L:/127.0.0.1:51812 - R:localhost/127.0.0.1:8083]}}, [request_sent])
15:53:15.103 [pool-2-thread-125] INFO tourGuide.service.TourGuideService - visitedLocatio tourGuide.gpsUtil.VisitedLocation@37b6d283
15:53:15.103 [reactor-http-nio-41] DEBUG reactor.netty.resources.PooledConnectionProvider - [id: 0x6c6e06d1, L:/127.0.0.1:51760 - R:localhost/127.0.0.1:8083] Channel acquired, now 300 active connections and 1 inactive connections
15:53:15.103 [reactor-http-nio-41] DEBUG reactor.netty.http.client.HttpClientConnect - [id: 0x6c6e06d1, L:/127.0.0.1:51760 - R:localhost/127.0.0.1:8083] Handler is being applied: {uri=http://localhost:8083/attractions, method=GET}
15:53:15.104 [reactor-http-nio-41] DEBUG reactor.netty.resources.PooledConnectionProvider - [id: 0x6c6e06d1, L:/127.0.0.1:51760 - R:localhost/127.0.0.1:8083] onStateChange(GET{uri=/attractions, connection=PooledConnection{channel=[id: 0x6c6e06d1, L:/127.0.0.1:51760 - R:localhost/127.0.0.1:8083]}}, [request_sent])
15:53:15.104 [pool-2-thread-125] DEBUG org.springframework.web.reactive.function.client.ExchangeFunctions - [7f150577] HTTP GET http://localhost:8083/attractions
15:53:15.106 [reactor-http-nio-46] DEBUG reactor.netty.resources.PooledConnectionProvider - [id: 0x33fe729d, L:/127.0.0.1:51824 - R:localhost/127.0.0.1:8083] Channel acquired, now 301 active connections and 0 inactive connections
15:53:15.106 [reactor-http-nio-46] DEBUG reactor.netty.http.client.HttpClientConnect - [id: 0x33fe729d, L:/127.0.0.1:51824 - R:localhost/127.0.0.1:8083] Handler is being applied: {uri=http://localhost:8083/attractions, method=GET}
15:53:15.107 [reactor-http-nio-46] DEBUG reactor.netty.resources.PooledConnectionProvider - [id: 0x33fe729d, L:/127.0.0.1:51824 - R:localhost/127.0.0.1:8083] onStateChange(GET{uri=/attractions, connection=PooledConnection{channel=[id: 0x33fe729d, L:/127.0.0.1:51824 - R:localhost/127.0.0.1:8083]}}, [request_sent])
15:53:15.116 [reactor-http-nio-46] DEBUG reactor.netty.http.client.HttpClientOperations - [id: 0xb17f4d49, L:/127.0.0.1:51793 - R:localhost/127.0.0.1:8083] Received response (auto-read:false) : [Content-Type=application/json, Transfer-Encoding=chunked, Date=Wed, 15 Jun 2022 14:53:14 GMT]
15:53:15.116 [reactor-http-nio-46] DEBUG reactor.netty.resources.PooledConnectionProvider - [id: 0xb17f4d49, L:/127.0.0.1:51793 - R:localhost/127.0.0.1:8083] onStateChange(GET{uri=/userLocation?userId=8d70f929-f18b-4226-ad8c-3263fd279c28, connection=PooledConnection{channel=[id: 0xb17f4d49, L:/127.0.0.1:51793 - R:localhost/127.0.0.1:8083]}}, [response_received])
15:53:15.116 [reactor-http-nio-41] DEBUG reactor.netty.http.client.HttpClientOperations - [id: 0x67f8f13a, L:/127.0.0.1:51763 - R:localhost/127.0.0.1:8083] Received response (auto-read:false) : [Content-Type=application/json, Transfer-Encoding=chunked, Date=Wed, 15 Jun 2022 14:53:14 GMT]
15:53:15.116 [reactor-http-nio-46] DEBUG org.springframework.web.reactive.function.client.ExchangeFunctions - [6338911c] Response 200 OK
15:53:15.116 [reactor-http-nio-41] DEBUG reactor.netty.resources.PooledConnectionProvider - [id: 0x67f8f13a, L:/127.0.0.1:51763 - R:localhost/127.0.0.1:8083] onStateChange(GET{uri=/userLocation?userId=50120c4b-a862-4b8f-8f6f-7b3b94c1459c, connection=PooledConnection{channel=[id: 0x67f8f13a, L:/127.0.0.1:51763 - R:localhost/127.0.0.1:8083]}}, [response_received])
15:53:15.116 [reactor-http-nio-41] DEBUG org.springframework.web.reactive.function.client.ExchangeFunctions - [1d6e53b1] Response 200 OK
15:53:15.117 [reactor-http-nio-41] DEBUG reactor.netty.channel.FluxReceive - [id: 0x67f8f13a, L:/127.0.0.1:51763 - R:localhost/127.0.0.1:8083] Subscribing inbound receiver [pending: 0, cancelled:false, inboundDone: false]
15:53:15.117 [reactor-http-nio-41] DEBUG reactor.netty.http.client.HttpClientOperations - [id: 0x67f8f13a, L:/127.0.0.1:51763 - R:localhost/127.0.0.1:8083] Received last HTTP packet
15:53:15.117 [reactor-http-nio-41] DEBUG org.springframework.core.codec.StringDecoder - [1d6e53b1] Decoded "{"userId":"50120c4b-a862-4b8f-8f6f-7b3b94c1459c","location":{"longitude":-30.287052,"latitude":-16. (truncated)...
15:53:15.117 [reactor-http-nio-41] DEBUG reactor.netty.resources.PooledConnectionProvider - [id: 0x67f8f13a, L:/127.0.0.1:51763 - R:localhost/127.0.0.1:8083] onStateChange(GET{uri=/userLocation?userId=50120c4b-a862-4b8f-8f6f-7b3b94c1459c, connection=PooledConnection{channel=[id: 0x67f8f13a, L:/127.0.0.1:51763 - R:localhost/127.0.0.1:8083]}}, [disconnecting])
15:53:15.117 [reactor-http-nio-41] DEBUG reactor.netty.resources.PooledConnectionProvider - [id: 0x67f8f13a, L:/127.0.0.1:51763 - R:localhost/127.0.0.1:8083] Releasing channel
15:53:15.118 [reactor-http-nio-46] DEBUG reactor.netty.channel.FluxReceive - [id: 0xb17f4d49, L:/127.0.0.1:51793 - R:localhost/127.0.0.1:8083] Subscribing inbound receiver [pending: 0, cancelled:false, inboundDone: false]
15:53:15.118 [reactor-http-nio-41] DEBUG reactor.netty.resources.PooledConnectionProvider - [id: 0x67f8f13a, L:/127.0.0.1:51763 - R:localhost/127.0.0.1:8083] Channel cleaned, now 300 active connections and 1 inactive connections
15:53:15.118 [pool-2-thread-31] INFO tourGuide.service.TourGuideService - visitedLocatio tourGuide.gpsUtil.VisitedLocation@7aa53f12
15:53:15.119 [reactor-http-nio-41] DEBUG reactor.netty.http.client.HttpClientOperations - [id: 0xb5e0c104, L:/127.0.0.1:51792 - R:localhost/127.0.0.1:8083] Received response (auto-read:false) : [Content-Type=application/json, Transfer-Encoding=chunked, Date=Wed, 15 Jun 2022 14:53:14 GMT]
15:53:15.119 [reactor-http-nio-41] DEBUG reactor.netty.resources.PooledConnectionProvider - [id: 0xb5e0c104, L:/127.0.0.1:51792 - R:localhost/127.0.0.1:8083] onStateChange(GET{uri=/userLocation?userId=c39f9f22-3515-479b-a8c4-57e28ba7abfb, connection=PooledConnection{channel=[id: 0xb5e0c104, L:/127.0.0.1:51792 - R:localhost/127.0.0.1:8083]}}, [response_received])
15:53:15.119 [reactor-http-nio-41] DEBUG org.springframework.web.reactive.function.client.ExchangeFunctions - [73db1c49] Response 200 OK
15:53:15.119 [reactor-http-nio-46] DEBUG reactor.netty.http.client.HttpClientOperations - [id: 0x36ae5eff, L:/127.0.0.1:51822 - R:localhost/127.0.0.1:8083] Received response (auto-read:false) : [Content-Type=application/json, Transfer-Encoding=chunked, Date=Wed, 15 Jun 2022 14:53:14 GMT]
15:53:15.119 [reactor-http-nio-46] DEBUG reactor.netty.resources.PooledConnectionProvider - [id: 0x36ae5eff, L:/127.0.0.1:51822 - R:localhost/127.0.0.1:8083] onStateChange(GET{uri=/userLocation?userId=313a54f5-2fc6-4668-adb5-cb7950b88f8f, connection=PooledConnection{channel=[id: 0x36ae5eff, L:/127.0.0.1:51822 - R:localhost/127.0.0.1:8083]}}, [response_received])
15:53:15.119 [reactor-http-nio-46] DEBUG org.springframework.web.reactive.function.client.ExchangeFunctions - [29115c42] Response 200 OK
15:53:15.119 [reactor-http-nio-41] DEBUG reactor.netty.channel.FluxReceive - [id: 0xb5e0c104, L:/127.0.0.1:51792 - R:localhost/127.0.0.1:8083] Subscribing inbound receiver [pending: 0, cancelled:false, inboundDone: false]
15:53:15.120 [reactor-http-nio-41] DEBUG reactor.netty.http.client.HttpClientOperations - [id: 0xb5e0c104, L:/127.0.0.1:51792 - R:localhost/127.0.0.1:8083] Received last HTTP packet
15:53:15.120 [reactor-http-nio-41] DEBUG org.springframework.core.codec.StringDecoder - [73db1c49] Decoded "{"userId":"c39f9f22-3515-479b-a8c4-57e28ba7abfb","location":{"longitude":40.029524,"latitude":55.74 (truncated)...
15:53:15.120 [reactor-http-nio-41] DEBUG reactor.netty.resources.PooledConnectionProvider - [id: 0xb5e0c104, L:/127.0.0.1:51792 - R:localhost/127.0.0.1:8083] onStateChange(GET{uri=/userLocation?userId=c39f9f22-3515-479b-a8c4-57e28ba7abfb, connection=PooledConnection{channel=[id: 0xb5e0c104, L:/127.0.0.1:51792 - R:localhost/127.0.0.1:8083]}}, [disconnecting])
15:53:15.120 [reactor-http-nio-41] DEBUG reactor.netty.resources.PooledConnectionProvider - [id: 0xb5e0c104, L:/127.0.0.1:51792 - R:localhost/127.0.0.1:8083] Releasing channel
15:53:15.120 [reactor-http-nio-41] DEBUG reactor.netty.resources.PooledConnectionProvider - [id: 0xb5e0c104, L:/127.0.0.1:51792 - R:localhost/127.0.0.1:8083] Channel cleaned, now 299 active connections and 2 inactive connections
15:53:15.120 [reactor-http-nio-46] DEBUG reactor.netty.channel.FluxReceive - [id: 0x36ae5eff, L:/127.0.0.1:51822 - R:localhost/127.0.0.1:8083] Subscribing inbound receiver [pending: 0, cancelled:false, inboundDone: false]
15:53:15.121 [reactor-http-nio-46] DEBUG reactor.netty.http.client.HttpClientOperations - [id: 0x36ae5eff, L:/127.0.0.1:51822 - R:localhost/127.0.0.1:8083] Received last HTTP packet
15:53:15.121 [pool-2-thread-31] DEBUG org.springframework.web.reactive.function.client.ExchangeFunctions - [3c7ca6c5] HTTP GET http://localhost:8083/attractions
15:53:15.121 [reactor-http-nio-46] DEBUG org.springframework.core.codec.StringDecoder - [29115c42] Decoded "{"userId":"313a54f5-2fc6-4668-adb5-cb7950b88f8f","location":{"longitude":-128.897907,"latitude":-17 (truncated)...
15:53:15.121 [reactor-http-nio-46] DEBUG reactor.netty.resources.PooledConnectionProvider - [id: 0x36ae5eff, L:/127.0.0.1:51822 - R:localhost/127.0.0.1:8083] onStateChange(GET{uri=/userLocation?userId=313a54f5-2fc6-4668-adb5-cb7950b88f8f, connection=PooledConnection{channel=[id: 0x36ae5eff, L:/127.0.0.1:51822 - R:localhost/127.0.0.1:8083]}}, [disconnecting])
15:53:15.121 [reactor-http-nio-46] DEBUG reactor.netty.resources.PooledConnectionProvider - [id: 0x36ae5eff, L:/127.0.0.1:51822 - R:localhost/127.0.0.1:8083] Releasing channel
15:53:15.121 [reactor-http-nio-46] DEBUG reactor.netty.resources.PooledConnectionProvider - [id: 0x36ae5eff, L:/127.0.0.1:51822 - R:localhost/127.0.0.1:8083] Channel cleaned, now 298 active connections and 3 inactive connections
15:53:15.122 [reactor-http-nio-41] DEBUG reactor.netty.resources.PooledConnectionProvider - [id: 0x67f8f13a, L:/127.0.0.1:51763 - R:localhost/127.0.0.1:8083] Channel acquired, now 299 active connections and 2 inactive connections
15:53:15.122 [reactor-http-nio-41] DEBUG reactor.netty.http.client.HttpClientConnect - [id: 0x67f8f13a, L:/127.0.0.1:51763 - R:localhost/127.0.0.1:8083] Handler is being applied: {uri=http://localhost:8083/attractions, method=GET}
15:53:15.122 [pool-2-thread-123] INFO tourGuide.service.TourGuideService - visitedLocatio tourGuide.gpsUtil.VisitedLocation@c3c284b
15:53:15.122 [pool-2-thread-170] INFO tourGuide.service.TourGuideService - visitedLocatio tourGuide.gpsUtil.VisitedLocation@509e20da
15:53:15.123 [pool-2-thread-123] DEBUG org.springframework.web.reactive.function.client.ExchangeFunctions - [43324d6a] HTTP GET http://localhost:8083/attractions
15:53:15.123 [reactor-http-nio-41] DEBUG reactor.netty.resources.PooledConnectionProvider - [id: 0x67f8f13a, L:/127.0.0.1:51763 - R:localhost/127.0.0.1:8083] onStateChange(GET{uri=/attractions, connection=PooledConnection{channel=[id: 0x67f8f13a, L:/127.0.0.1:51763 - R:localhost/127.0.0.1:8083]}}, [request_sent])
15:53:15.123 [pool-2-thread-170] DEBUG org.springframework.web.reactive.function.client.ExchangeFunctions - [52c9e93d] HTTP GET http://localhost:8083/attractions
15:53:15.124 [reactor-http-nio-41] DEBUG reactor.netty.resources.PooledConnectionProvider - [id: 0xb5e0c104, L:/127.0.0.1:51792 - R:localhost/127.0.0.1:8083] Channel acquired, now 300 active connections and 1 inactive connections
15:53:15.124 [reactor-http-nio-41] DEBUG reactor.netty.http.client.HttpClientConnect - [id: 0xb5e0c104, L:/127.0.0.1:51792 - R:localhost/127.0.0.1:8083] Handler is being applied: {uri=http://localhost:8083/attractions, method=GET}
15:53:15.124 [reactor-http-nio-46] DEBUG reactor.netty.resources.PooledConnectionProvider - [id: 0x36ae5eff, L:/127.0.0.1:51822 - R:localhost/127.0.0.1:8083] Channel acquired, now 301 active connections and 0 inactive connections
15:53:15.124 [reactor-http-nio-46] DEBUG reactor.netty.http.client.HttpClientConnect - [id: 0x36ae5eff, L:/127.0.0.1:51822 - R:localhost/127.0.0.1:8083] Handler is being applied: {uri=http://localhost:8083/attractions, method=GET}
15:53:15.126 [reactor-http-nio-41] DEBUG reactor.netty.resources.PooledConnectionProvider - [id: 0xb5e0c104, L:/127.0.0.1:51792 - R:localhost/127.0.0.1:8083] onStateChange(GET{uri=/attractions, connection=PooledConnection{channel=[id: 0xb5e0c104, L:/127.0.0.1:51792 - R:localhost/127.0.0.1:8083]}}, [request_sent])
15:53:15.127 [reactor-http-nio-46] DEBUG reactor.netty.resources.PooledConnectionProvider - [id: 0x36ae5eff, L:/127.0.0.1:51822 - R:localhost/127.0.0.1:8083] onStateChange(GET{uri=/attractions, connection=PooledConnection{channel=[id: 0x36ae5eff, L:/127.0.0.1:51822 - R:localhost/127.0.0.1:8083]}}, [request_sent])
15:53:15.127 [reactor-http-nio-41] DEBUG reactor.netty.http.client.HttpClientOperations - [id: 0x93777bf1, L:/127.0.0.1:51766 - R:localhost/127.0.0.1:8083] Received response (auto-read:false) : [Content-Type=application/json, Transfer-Encoding=chunked, Date=Wed, 15 Jun 2022 14:53:14 GMT]
15:53:15.128 [reactor-http-nio-41] DEBUG reactor.netty.resources.PooledConnectionProvider - [id: 0x93777bf1, L:/127.0.0.1:51766 - R:localhost/127.0.0.1:8083] onStateChange(GET{uri=/attractions, connection=PooledConnection{channel=[id: 0x93777bf1, L:/127.0.0.1:51766 - R:localhost/127.0.0.1:8083]}}, [response_received])
15:53:15.128 [reactor-http-nio-41] DEBUG org.springframework.web.reactive.function.client.ExchangeFunctions - [1e4c6583] Response 200 OK
15:53:15.128 [reactor-http-nio-41] DEBUG reactor.netty.channel.FluxReceive - [id: 0x93777bf1, L:/127.0.0.1:51766 - R:localhost/127.0.0.1:8083] Subscribing inbound receiver [pending: 0, cancelled:false, inboundDone: false]
15:53:15.129 [reactor-http-nio-41] DEBUG reactor.netty.http.client.HttpClientOperations - [id: 0x93777bf1, L:/127.0.0.1:51766 - R:localhost/127.0.0.1:8083] Received last HTTP packet
15:53:15.129 [reactor-http-nio-47] DEBUG reactor.netty.http.client.HttpClientOperations - [id: 0xab8c6a94, L:/127.0.0.1:51844 - R:localhost/127.0.0.1:8083] Received response (auto-read:false) : [Content-Type=application/json, Transfer-Encoding=chunked, Date=Wed, 15 Jun 2022 14:53:14 GMT]
15:53:15.129 [reactor-http-nio-47] DEBUG reactor.netty.resources.PooledConnectionProvider - [id: 0xab8c6a94, L:/127.0.0.1:51844 - R:localhost/127.0.0.1:8083] onStateChange(GET{uri=/userLocation?userId=cddbbc6b-b49d-45e0-8740-bdd6db0041a3, connection=PooledConnection{channel=[id: 0xab8c6a94, L:/127.0.0.1:51844 - R:localhost/127.0.0.1:8083]}}, [response_received])
15:53:15.129 [reactor-http-nio-47] DEBUG org.springframework.web.reactive.function.client.ExchangeFunctions - [1b094a1e] Response 200 OK
15:53:15.130 [reactor-http-nio-47] DEBUG reactor.netty.channel.FluxReceive - [id: 0xab8c6a94, L:/127.0.0.1:51844 - R:localhost/127.0.0.1:8083] Subscribing inbound receiver [pending: 0, cancelled:false, inboundDone: false]
15:53:15.131 [reactor-http-nio-46] DEBUG reactor.netty.http.client.HttpClientOperations - [id: 0x64dc3a35, L:/127.0.0.1:51768 - R:localhost/127.0.0.1:8083] Received response (auto-read:false) : [Content-Type=application/json, Transfer-Encoding=chunked, Date=Wed, 15 Jun 2022 14:53:14 GMT]
15:53:15.131 [reactor-http-nio-46] DEBUG reactor.netty.resources.PooledConnectionProvider - [id: 0x64dc3a35, L:/127.0.0.1:51768 - R:localhost/127.0.0.1:8083] onStateChange(GET{uri=/userLocation?userId=7393a6fc-7624-4bf3-9a41-11cc4b565179, connection=PooledConnection{channel=[id: 0x64dc3a35, L:/127.0.0.1:51768 - R:localhost/127.0.0.1:8083]}}, [response_received])
15:53:15.131 [reactor-http-nio-46] DEBUG org.springframework.web.reactive.function.client.ExchangeFunctions - [e5ee406] Response 200 OK
15:53:15.132 [reactor-http-nio-46] DEBUG reactor.netty.channel.FluxReceive - [id: 0x64dc3a35, L:/127.0.0.1:51768 - R:localhost/127.0.0.1:8083] Subscribing inbound receiver [pending: 0, cancelled:false, inboundDone: false]
15:53:15.133 [reactor-http-nio-46] DEBUG reactor.netty.http.client.HttpClientOperations - [id: 0x9fb64b28, L:/127.0.0.1:51823 - R:localhost/127.0.0.1:8083] Received response (auto-read:false) : [Content-Type=application/json, Transfer-Encoding=chunked, Date=Wed, 15 Jun 2022 14:53:14 GMT]
15:53:15.133 [reactor-http-nio-46] DEBUG reactor.netty.resources.PooledConnectionProvider - [id: 0x9fb64b28, L:/127.0.0.1:51823 - R:localhost/127.0.0.1:8083] onStateChange(GET{uri=/userLocation?userId=00dc9ee6-f632-4bb5-beec-72a91d131c93, connection=PooledConnection{channel=[id: 0x9fb64b28, L:/127.0.0.1:51823 - R:localhost/127.0.0.1:8083]}}, [response_received])
15:53:15.133 [reactor-http-nio-46] DEBUG org.springframework.web.reactive.function.client.ExchangeFunctions - [1a8f9ae] Response 200 OK
15:53:15.134 [reactor-http-nio-46] DEBUG reactor.netty.channel.FluxReceive - [id: 0x9fb64b28, L:/127.0.0.1:51823 - R:localhost/127.0.0.1:8083] Subscribing inbound receiver [pending: 0, cancelled:false, inboundDone: false]
15:53:15.134 [reactor-http-nio-47] DEBUG reactor.netty.http.client.HttpClientOperations - [id: 0xd7682ef3, L:/127.0.0.1:51841 - R:localhost/127.0.0.1:8083] Received response (auto-read:false) : [Content-Type=application/json, Transfer-Encoding=chunked, Date=Wed, 15 Jun 2022 14:53:14 GMT]
15:53:15.134 [reactor-http-nio-47] DEBUG reactor.netty.resources.PooledConnectionProvider - [id: 0xd7682ef3, L:/127.0.0.1:51841 - R:localhost/127.0.0.1:8083] onStateChange(GET{uri=/userLocation?userId=24666d8f-c31f-41a7-97a7-6358b1f4962a, connection=PooledConnection{channel=[id: 0xd7682ef3, L:/127.0.0.1:51841 - R:localhost/127.0.0.1:8083]}}, [response_received])
15:53:15.135 [reactor-http-nio-47] DEBUG org.springframework.web.reactive.function.client.ExchangeFunctions - [6d7e6391] Response 200 OK
15:53:15.135 [reactor-http-nio-47] DEBUG reactor.netty.channel.FluxReceive - [id: 0xd7682ef3, L:/127.0.0.1:51841 - R:localhost/127.0.0.1:8083] Subscribing inbound receiver [pending: 0, cancelled:false, inboundDone: false]
15:53:15.142 [reactor-http-nio-41] DEBUG org.springframework.core.codec.StringDecoder - [1e4c6583] Decoded "[{"longitude":-117.922008,"latitude":33.817595,"attractionName":"Disneyland","city":"Anaheim","stat (truncated)...
15:53:15.142 [reactor-http-nio-41] DEBUG reactor.netty.resources.PooledConnectionProvider - [id: 0x93777bf1, L:/127.0.0.1:51766 - R:localhost/127.0.0.1:8083] onStateChange(GET{uri=/attractions, connection=PooledConnection{channel=[id: 0x93777bf1, L:/127.0.0.1:51766 - R:localhost/127.0.0.1:8083]}}, [disconnecting])
15:53:15.142 [reactor-http-nio-41] DEBUG reactor.netty.resources.PooledConnectionProvider - [id: 0x93777bf1, L:/127.0.0.1:51766 - R:localhost/127.0.0.1:8083] Releasing channel
15:53:15.142 [reactor-http-nio-41] DEBUG reactor.netty.resources.PooledConnectionProvider - [id: 0x93777bf1, L:/127.0.0.1:51766 - R:localhost/127.0.0.1:8083] Channel cleaned, now 300 active connections and 1 inactive connections
15:53:15.163 [reactor-http-nio-41] DEBUG reactor.netty.http.client.HttpClientOperations - [id: 0xd0c6a217, L:/127.0.0.1:51778 - R:localhost/127.0.0.1:8083] Received response (auto-read:false) : [Content-Type=application/json, Transfer-Encoding=chunked, Date=Wed, 15 Jun 2022 14:53:14 GMT]
15:53:15.163 [reactor-http-nio-41] DEBUG reactor.netty.resources.PooledConnectionProvider - [id: 0xd0c6a217, L:/127.0.0.1:51778 - R:localhost/127.0.0.1:8083] onStateChange(GET{uri=/userLocation?userId=aa5e203e-b3a6-4dfc-8db7-dc10ed4b04c0, connection=PooledConnection{channel=[id: 0xd0c6a217, L:/127.0.0.1:51778 - R:localhost/127.0.0.1:8083]}}, [response_received])
15:53:15.163 [reactor-http-nio-41] DEBUG org.springframework.web.reactive.function.client.ExchangeFunctions - [4ef037bb] Response 200 OK
15:53:15.164 [reactor-http-nio-41] DEBUG reactor.netty.channel.FluxReceive - [id: 0xd0c6a217, L:/127.0.0.1:51778 - R:localhost/127.0.0.1:8083] Subscribing inbound receiver [pending: 0, cancelled:false, inboundDone: false]
15:53:15.167 [Test worker] DEBUG org.springframework.web.reactive.function.client.ExchangeFunctions - [68d6d775] HTTP GET http://localhost:8083/attractions
15:53:15.169 [reactor-http-nio-41] DEBUG reactor.netty.resources.PooledConnectionProvider - [id: 0x93777bf1, L:/127.0.0.1:51766 - R:localhost/127.0.0.1:8083] Channel acquired, now 301 active connections and 0 inactive connections
15:53:15.170 [reactor-http-nio-41] DEBUG reactor.netty.http.client.HttpClientConnect - [id: 0x93777bf1, L:/127.0.0.1:51766 - R:localhost/127.0.0.1:8083] Handler is being applied: {uri=http://localhost:8083/attractions, method=GET}
15:53:15.170 [reactor-http-nio-41] DEBUG reactor.netty.resources.PooledConnectionProvider - [id: 0x93777bf1, L:/127.0.0.1:51766 - R:localhost/127.0.0.1:8083] onStateChange(GET{uri=/attractions, connection=PooledConnection{channel=[id: 0x93777bf1, L:/127.0.0.1:51766 - R:localhost/127.0.0.1:8083]}}, [request_sent])
15:53:15.185 [reactor-http-nio-46] DEBUG reactor.netty.http.client.HttpClientOperations - [id: 0xe6317c04, L:/127.0.0.1:51827 - R:localhost/127.0.0.1:8083] Received response (auto-read:false) : [Content-Type=application/json, Transfer-Encoding=chunked, Date=Wed, 15 Jun 2022 14:53:14 GMT]
15:53:15.185 [reactor-http-nio-46] DEBUG reactor.netty.resources.PooledConnectionProvider - [id: 0xe6317c04, L:/127.0.0.1:51827 - R:localhost/127.0.0.1:8083] onStateChange(GET{uri=/userLocation?userId=a6863384-d596-4e00-ae17-a598d1b84a52, connection=PooledConnection{channel=[id: 0xe6317c04, L:/127.0.0.1:51827 - R:localhost/127.0.0.1:8083]}}, [response_received])
15:53:15.185 [reactor-http-nio-46] DEBUG org.springframework.web.reactive.function.client.ExchangeFunctions - [2f0845ac] Response 200 OK
15:53:15.186 [reactor-http-nio-46] DEBUG reactor.netty.channel.FluxReceive - [id: 0xe6317c04, L:/127.0.0.1:51827 - R:localhost/127.0.0.1:8083] Subscribing inbound receiver [pending: 0, cancelled:false, inboundDone: false]
15:53:15.225 [reactor-http-nio-47] DEBUG reactor.netty.http.client.HttpClientOperations - [id: 0xab8c6a94, L:/127.0.0.1:51844 - R:localhost/127.0.0.1:8083] Received last HTTP packet
15:53:15.225 [reactor-http-nio-46] DEBUG reactor.netty.http.client.HttpClientOperations - [id: 0x2579fbf5, L:/127.0.0.1:51828 - R:localhost/127.0.0.1:8083] Received response (auto-read:false) : [Content-Type=application/json, Transfer-Encoding=chunked, Date=Wed, 15 Jun 2022 14:53:14 GMT]
15:53:15.225 [reactor-http-nio-46] DEBUG reactor.netty.resources.PooledConnectionProvider - [id: 0x2579fbf5, L:/127.0.0.1:51828 - R:localhost/127.0.0.1:8083] onStateChange(GET{uri=/userLocation?userId=2a1be45a-3cae-483d-8741-ef5976ed0f2c, connection=PooledConnection{channel=[id: 0x2579fbf5, L:/127.0.0.1:51828 - R:localhost/127.0.0.1:8083]}}, [response_received])
15:53:15.225 [reactor-http-nio-47] DEBUG org.springframework.core.codec.StringDecoder - [1b094a1e] Decoded "{"userId":"cddbbc6b-b49d-45e0-8740-bdd6db0041a3","location":{"longitude":-110.247197,"latitude":-3. (truncated)...
15:53:15.225 [reactor-http-nio-46] DEBUG org.springframework.web.reactive.function.client.ExchangeFunctions - [5f6283ba] Response 200 OK
15:53:15.226 [reactor-http-nio-47] DEBUG reactor.netty.resources.PooledConnectionProvider - [id: 0xab8c6a94, L:/127.0.0.1:51844 - R:localhost/127.0.0.1:8083] onStateChange(GET{uri=/userLocation?userId=cddbbc6b-b49d-45e0-8740-bdd6db0041a3, connection=PooledConnection{channel=[id: 0xab8c6a94, L:/127.0.0.1:51844 - R:localhost/127.0.0.1:8083]}}, [disconnecting])
15:53:15.226 [reactor-http-nio-47] DEBUG reactor.netty.resources.PooledConnectionProvider - [id: 0xab8c6a94, L:/127.0.0.1:51844 - R:localhost/127.0.0.1:8083] Releasing channel
15:53:15.226 [reactor-http-nio-47] DEBUG reactor.netty.resources.PooledConnectionProvider - [id: 0xab8c6a94, L:/127.0.0.1:51844 - R:localhost/127.0.0.1:8083] Channel cleaned, now 300 active connections and 1 inactive connections
15:53:15.226 [reactor-http-nio-46] DEBUG reactor.netty.channel.FluxReceive - [id: 0x2579fbf5, L:/127.0.0.1:51828 - R:localhost/127.0.0.1:8083] Subscribing inbound receiver [pending: 0, cancelled:false, inboundDone: false]
15:53:15.226 [reactor-http-nio-47] DEBUG reactor.netty.http.client.HttpClientOperations - [id: 0x0c88f8fd, L:/127.0.0.1:51848 - R:localhost/127.0.0.1:8083] Received response (auto-read:false) : [Content-Type=application/json, Transfer-Encoding=chunked, Date=Wed, 15 Jun 2022 14:53:14 GMT]
15:53:15.226 [reactor-http-nio-46] DEBUG reactor.netty.http.client.HttpClientOperations - [id: 0x2579fbf5, L:/127.0.0.1:51828 - R:localhost/127.0.0.1:8083] Received last HTTP packet
15:53:15.226 [reactor-http-nio-47] DEBUG reactor.netty.resources.PooledConnectionProvider - [id: 0x0c88f8fd, L:/127.0.0.1:51848 - R:localhost/127.0.0.1:8083] onStateChange(GET{uri=/attractions, connection=PooledConnection{channel=[id: 0x0c88f8fd, L:/127.0.0.1:51848 - R:localhost/127.0.0.1:8083]}}, [response_received])
15:53:15.226 [reactor-http-nio-47] DEBUG org.springframework.web.reactive.function.client.ExchangeFunctions - [2cc914b8] Response 200 OK
15:53:15.226 [reactor-http-nio-46] DEBUG org.springframework.core.codec.StringDecoder - [5f6283ba] Decoded "{"userId":"2a1be45a-3cae-483d-8741-ef5976ed0f2c","location":{"longitude":-160.918588,"latitude":37. (truncated)...
15:53:15.226 [reactor-http-nio-46] DEBUG reactor.netty.resources.PooledConnectionProvider - [id: 0x2579fbf5, L:/127.0.0.1:51828 - R:localhost/127.0.0.1:8083] onStateChange(GET{uri=/userLocation?userId=2a1be45a-3cae-483d-8741-ef5976ed0f2c, connection=PooledConnection{channel=[id: 0x2579fbf5, L:/127.0.0.1:51828 - R:localhost/127.0.0.1:8083]}}, [disconnecting])
15:53:15.227 [reactor-http-nio-46] DEBUG reactor.netty.resources.PooledConnectionProvider - [id: 0x2579fbf5, L:/127.0.0.1:51828 - R:localhost/127.0.0.1:8083] Releasing channel
15:53:15.227 [reactor-http-nio-46] DEBUG reactor.netty.resources.PooledConnectionProvider - [id: 0x2579fbf5, L:/127.0.0.1:51828 - R:localhost/127.0.0.1:8083] Channel cleaned, now 299 active connections and 2 inactive connections
15:53:15.227 [reactor-http-nio-47] DEBUG reactor.netty.channel.FluxReceive - [id: 0x0c88f8fd, L:/127.0.0.1:51848 - R:localhost/127.0.0.1:8083] Subscribing inbound receiver [pending: 0, cancelled:false, inboundDone: false]
15:53:15.227 [reactor-http-nio-46] DEBUG reactor.netty.http.client.HttpClientOperations - [id: 0x29677198, L:/127.0.0.1:51832 - R:localhost/127.0.0.1:8083] Received response (auto-read:false) : [Content-Type=application/json, Transfer-Encoding=chunked, Date=Wed, 15 Jun 2022 14:53:14 GMT]
15:53:15.227 [reactor-http-nio-46] DEBUG reactor.netty.resources.PooledConnectionProvider - [id: 0x29677198, L:/127.0.0.1:51832 - R:localhost/127.0.0.1:8083] onStateChange(GET{uri=/userLocation?userId=457d1855-8539-4c04-932a-195926ca8bfc, connection=PooledConnection{channel=[id: 0x29677198, L:/127.0.0.1:51832 - R:localhost/127.0.0.1:8083]}}, [response_received])
15:53:15.227 [reactor-http-nio-47] DEBUG reactor.netty.http.client.HttpClientOperations - [id: 0x0c88f8fd, L:/127.0.0.1:51848 - R:localhost/127.0.0.1:8083] Received last HTTP packet
15:53:15.227 [reactor-http-nio-46] DEBUG org.springframework.web.reactive.function.client.ExchangeFunctions - [2973c8ca] Response 200 OK
15:53:15.228 [reactor-http-nio-47] DEBUG org.springframework.core.codec.StringDecoder - [2cc914b8] Decoded "[{"longitude":-117.922008,"latitude":33.817595,"attractionName":"Disneyland","city":"Anaheim","stat (truncated)...
15:53:15.228 [pool-2-thread-41] INFO tourGuide.service.TourGuideService - visitedLocatio tourGuide.gpsUtil.VisitedLocation@4256ea6d
15:53:15.228 [reactor-http-nio-47] DEBUG reactor.netty.resources.PooledConnectionProvider - [id: 0x0c88f8fd, L:/127.0.0.1:51848 - R:localhost/127.0.0.1:8083] onStateChange(GET{uri=/attractions, connection=PooledConnection{channel=[id: 0x0c88f8fd, L:/127.0.0.1:51848 - R:localhost/127.0.0.1:8083]}}, [disconnecting])
15:53:15.228 [reactor-http-nio-46] DEBUG reactor.netty.channel.FluxReceive - [id: 0x29677198, L:/127.0.0.1:51832 - R:localhost/127.0.0.1:8083] Subscribing inbound receiver [pending: 0, cancelled:false, inboundDone: false]
15:53:15.228 [reactor-http-nio-47] DEBUG reactor.netty.resources.PooledConnectionProvider - [id: 0x0c88f8fd, L:/127.0.0.1:51848 - R:localhost/127.0.0.1:8083] Releasing channel
15:53:15.228 [reactor-http-nio-47] DEBUG reactor.netty.resources.PooledConnectionProvider - [id: 0x0c88f8fd, L:/127.0.0.1:51848 - R:localhost/127.0.0.1:8083] Channel cleaned, now 298 active connections and 3 inactive connections
15:53:15.228 [reactor-http-nio-46] DEBUG reactor.netty.http.client.HttpClientOperations - [id: 0x29677198, L:/127.0.0.1:51832 - R:localhost/127.0.0.1:8083] Received last HTTP packet
15:53:15.228 [reactor-http-nio-46] DEBUG org.springframework.core.codec.StringDecoder - [2973c8ca] Decoded "{"userId":"457d1855-8539-4c04-932a-195926ca8bfc","location":{"longitude":127.045283,"latitude":-76. (truncated)...
15:53:15.228 [reactor-http-nio-46] DEBUG reactor.netty.resources.PooledConnectionProvider - [id: 0x29677198, L:/127.0.0.1:51832 - R:localhost/127.0.0.1:8083] onStateChange(GET{uri=/userLocation?userId=457d1855-8539-4c04-932a-195926ca8bfc, connection=PooledConnection{channel=[id: 0x29677198, L:/127.0.0.1:51832 - R:localhost/127.0.0.1:8083]}}, [disconnecting])
15:53:15.228 [reactor-http-nio-46] DEBUG reactor.netty.resources.PooledConnectionProvider - [id: 0x29677198, L:/127.0.0.1:51832 - R:localhost/127.0.0.1:8083] Releasing channel
15:53:15.237 [reactor-http-nio-41] DEBUG reactor.netty.http.client.HttpClientOperations - [id: 0x26eb73e5, L:/127.0.0.1:51781 - R:localhost/127.0.0.1:8083] Received response (auto-read:false) : [Content-Type=application/json, Transfer-Encoding=chunked, Date=Wed, 15 Jun 2022 14:53:14 GMT]
15:53:15.237 [reactor-http-nio-47] DEBUG reactor.netty.http.client.HttpClientOperations - [id: 0xeec1d289, L:/127.0.0.1:51847 - R:localhost/127.0.0.1:8083] Received response (auto-read:false) : [Content-Type=application/json, Transfer-Encoding=chunked, Date=Wed, 15 Jun 2022 14:53:14 GMT]
15:53:15.237 [reactor-http-nio-41] DEBUG reactor.netty.resources.PooledConnectionProvider - [id: 0x26eb73e5, L:/127.0.0.1:51781 - R:localhost/127.0.0.1:8083] onStateChange(GET{uri=/userLocation?userId=48e53f4f-e105-461a-bf59-75b2c5982b15, connection=PooledConnection{channel=[id: 0x26eb73e5, L:/127.0.0.1:51781 - R:localhost/127.0.0.1:8083]}}, [response_received])
15:53:15.237 [reactor-http-nio-47] DEBUG reactor.netty.resources.PooledConnectionProvider - [id: 0xeec1d289, L:/127.0.0.1:51847 - R:localhost/127.0.0.1:8083] onStateChange(GET{uri=/userLocation?userId=81384c37-c44d-40fc-865f-d7533aca6d33, connection=PooledConnection{channel=[id: 0xeec1d289, L:/127.0.0.1:51847 - R:localhost/127.0.0.1:8083]}}, [response_received])
15:53:15.237 [reactor-http-nio-47] DEBUG org.springframework.web.reactive.function.client.ExchangeFunctions - [52b2981f] Response 200 OK
15:53:15.237 [reactor-http-nio-41] DEBUG org.springframework.web.reactive.function.client.ExchangeFunctions - [1365589f] Response 200 OK
15:53:15.238 [reactor-http-nio-41] DEBUG reactor.netty.channel.FluxReceive - [id: 0x26eb73e5, L:/127.0.0.1:51781 - R:localhost/127.0.0.1:8083] Subscribing inbound receiver [pending: 0, cancelled:false, inboundDone: false]
15:53:15.238 [reactor-http-nio-41] DEBUG reactor.netty.http.client.HttpClientOperations - [id: 0x26eb73e5, L:/127.0.0.1:51781 - R:localhost/127.0.0.1:8083] Received last HTTP packet
15:53:15.238 [reactor-http-nio-41] DEBUG org.springframework.core.codec.StringDecoder - [1365589f] Decoded "{"userId":"48e53f4f-e105-461a-bf59-75b2c5982b15","location":{"longitude":50.766094,"latitude":71.61 (truncated)...
15:53:15.238 [reactor-http-nio-41] DEBUG reactor.netty.resources.PooledConnectionProvider - [id: 0x26eb73e5, L:/127.0.0.1:51781 - R:localhost/127.0.0.1:8083] onStateChange(GET{uri=/userLocation?userId=48e53f4f-e105-461a-bf59-75b2c5982b15, connection=PooledConnection{channel=[id: 0x26eb73e5, L:/127.0.0.1:51781 - R:localhost/127.0.0.1:8083]}}, [disconnecting])
15:53:15.238 [reactor-http-nio-41] DEBUG reactor.netty.resources.PooledConnectionProvider - [id: 0x26eb73e5, L:/127.0.0.1:51781 - R:localhost/127.0.0.1:8083] Releasing channel
15:53:15.238 [reactor-http-nio-41] DEBUG reactor.netty.resources.PooledConnectionProvider - [id: 0x26eb73e5, L:/127.0.0.1:51781 - R:localhost/127.0.0.1:8083] Channel cleaned, now 296 active connections and 5 inactive connections
15:53:15.238 [reactor-http-nio-47] DEBUG reactor.netty.channel.FluxReceive - [id: 0xeec1d289, L:/127.0.0.1:51847 - R:localhost/127.0.0.1:8083] Subscribing inbound receiver [pending: 0, cancelled:false, inboundDone: false]
15:53:15.239 [reactor-http-nio-47] DEBUG reactor.netty.http.client.HttpClientOperations - [id: 0xeec1d289, L:/127.0.0.1:51847 - R:localhost/127.0.0.1:8083] Received last HTTP packet
15:53:15.239 [reactor-http-nio-47] DEBUG org.springframework.core.codec.StringDecoder - [52b2981f] Decoded "{"userId":"81384c37-c44d-40fc-865f-d7533aca6d33","location":{"longitude":-156.045617,"latitude":-70 (truncated)...
15:53:15.239 [reactor-http-nio-47] DEBUG reactor.netty.resources.PooledConnectionProvider - [id: 0xeec1d289, L:/127.0.0.1:51847 - R:localhost/127.0.0.1:8083] onStateChange(GET{uri=/userLocation?userId=81384c37-c44d-40fc-865f-d7533aca6d33, connection=PooledConnection{channel=[id: 0xeec1d289, L:/127.0.0.1:51847 - R:localhost/127.0.0.1:8083]}}, [disconnecting])
15:53:15.239 [reactor-http-nio-47] DEBUG reactor.netty.resources.PooledConnectionProvider - [id: 0xeec1d289, L:/127.0.0.1:51847 - R:localhost/127.0.0.1:8083] Releasing channel
15:53:15.239 [reactor-http-nio-47] DEBUG reactor.netty.resources.PooledConnectionProvider - [id: 0xeec1d289, L:/127.0.0.1:51847 - R:localhost/127.0.0.1:8083] Channel cleaned, now 295 active connections and 6 inactive connections
15:53:15.240 [reactor-http-nio-47] DEBUG reactor.netty.http.client.HttpClientOperations - [id: 0xc3efdf02, L:/127.0.0.1:51700 - R:localhost/127.0.0.1:8083] Received response (auto-read:false) : [Content-Type=application/json, Transfer-Encoding=chunked, Date=Wed, 15 Jun 2022 14:53:14 GMT]
15:53:15.240 [reactor-http-nio-47] DEBUG reactor.netty.resources.PooledConnectionProvider - [id: 0xc3efdf02, L:/127.0.0.1:51700 - R:localhost/127.0.0.1:8083] onStateChange(GET{uri=/userLocation?userId=d64e7f59-c19d-4652-96cc-7be8de45d2fc, connection=PooledConnection{channel=[id: 0xc3efdf02, L:/127.0.0.1:51700 - R:localhost/127.0.0.1:8083]}}, [response_received])
15:53:15.240 [reactor-http-nio-47] DEBUG org.springframework.web.reactive.function.client.ExchangeFunctions - [36409869] Response 200 OK
15:53:15.240 [pool-2-thread-130] INFO tourGuide.service.TourGuideService - visitedLocatio tourGuide.gpsUtil.VisitedLocation@1c81e75e
15:53:15.240 [reactor-http-nio-47] DEBUG reactor.netty.channel.FluxReceive - [id: 0xc3efdf02, L:/127.0.0.1:51700 - R:localhost/127.0.0.1:8083] Subscribing inbound receiver [pending: 0, cancelled:false, inboundDone: false]
15:53:15.241 [pool-2-thread-130] DEBUG org.springframework.web.reactive.function.client.ExchangeFunctions - [7e7076ce] HTTP GET http://localhost:8083/attractions
15:53:15.241 [reactor-http-nio-47] DEBUG reactor.netty.http.client.HttpClientOperations - [id: 0xc3efdf02, L:/127.0.0.1:51700 - R:localhost/127.0.0.1:8083] Received last HTTP packet
15:53:15.241 [reactor-http-nio-47] DEBUG org.springframework.core.codec.StringDecoder - [36409869] Decoded "{"userId":"d64e7f59-c19d-4652-96cc-7be8de45d2fc","location":{"longitude":-63.753648,"latitude":-19. (truncated)...
15:53:15.241 [reactor-http-nio-47] DEBUG reactor.netty.resources.PooledConnectionProvider - [id: 0xc3efdf02, L:/127.0.0.1:51700 - R:localhost/127.0.0.1:8083] onStateChange(GET{uri=/userLocation?userId=d64e7f59-c19d-4652-96cc-7be8de45d2fc, connection=PooledConnection{channel=[id: 0xc3efdf02, L:/127.0.0.1:51700 - R:localhost/127.0.0.1:8083]}}, [disconnecting])
15:53:15.241 [reactor-http-nio-47] DEBUG reactor.netty.resources.PooledConnectionProvider - [id: 0xc3efdf02, L:/127.0.0.1:51700 - R:localhost/127.0.0.1:8083] Releasing channel
15:53:15.241 [reactor-http-nio-47] DEBUG reactor.netty.resources.PooledConnectionProvider - [id: 0xc3efdf02, L:/127.0.0.1:51700 - R:localhost/127.0.0.1:8083] Channel cleaned, now 294 active connections and 7 inactive connections
15:53:15.241 [pool-2-thread-41] DEBUG org.springframework.web.reactive.function.client.ExchangeFunctions - [3a1bbf6a] HTTP GET http://localhost:8083/attractions
15:53:15.242 [reactor-http-nio-47] DEBUG reactor.netty.http.client.HttpClientOperations - [id: 0x9ce465db, L:/127.0.0.1:51838 - R:localhost/127.0.0.1:8083] Received response (auto-read:false) : [Content-Type=application/json, Transfer-Encoding=chunked, Date=Wed, 15 Jun 2022 14:53:14 GMT]
15:53:15.242 [reactor-http-nio-47] DEBUG reactor.netty.resources.PooledConnectionProvider - [id: 0x9ce465db, L:/127.0.0.1:51838 - R:localhost/127.0.0.1:8083] onStateChange(GET{uri=/userLocation?userId=24d6dc0e-82c9-4e5d-b55f-bfa77524f2c2, connection=PooledConnection{channel=[id: 0x9ce465db, L:/127.0.0.1:51838 - R:localhost/127.0.0.1:8083]}}, [response_received])
15:53:15.242 [reactor-http-nio-47] DEBUG org.springframework.web.reactive.function.client.ExchangeFunctions - [28e73a24] Response 200 OK
15:53:15.242 [reactor-http-nio-47] DEBUG reactor.netty.channel.FluxReceive - [id: 0x9ce465db, L:/127.0.0.1:51838 - R:localhost/127.0.0.1:8083] Subscribing inbound receiver [pending: 0, cancelled:false, inboundDone: false]
15:53:15.242 [reactor-http-nio-47] DEBUG reactor.netty.http.client.HttpClientOperations - [id: 0x9ce465db, L:/127.0.0.1:51838 - R:localhost/127.0.0.1:8083] Received last HTTP packet
15:53:15.243 [reactor-http-nio-47] DEBUG org.springframework.core.codec.StringDecoder - [28e73a24] Decoded "{"userId":"24d6dc0e-82c9-4e5d-b55f-bfa77524f2c2","location":{"longitude":-75.890576,"latitude":-9.4 (truncated)...
15:53:15.243 [reactor-http-nio-47] DEBUG reactor.netty.resources.PooledConnectionProvider - [id: 0x9ce465db, L:/127.0.0.1:51838 - R:localhost/127.0.0.1:8083] onStateChange(GET{uri=/userLocation?userId=24d6dc0e-82c9-4e5d-b55f-bfa77524f2c2, connection=PooledConnection{channel=[id: 0x9ce465db, L:/127.0.0.1:51838 - R:localhost/127.0.0.1:8083]}}, [disconnecting])
15:53:15.243 [reactor-http-nio-47] DEBUG reactor.netty.resources.PooledConnectionProvider - [id: 0x9ce465db, L:/127.0.0.1:51838 - R:localhost/127.0.0.1:8083] Releasing channel
15:53:15.243 [reactor-http-nio-47] DEBUG reactor.netty.resources.PooledConnectionProvider - [id: 0x9ce465db, L:/127.0.0.1:51838 - R:localhost/127.0.0.1:8083] Channel cleaned, now 293 active connections and 8 inactive connections
15:53:15.243 [reactor-http-nio-47] DEBUG reactor.netty.http.client.HttpClientOperations - [id: 0xd7682ef3, L:/127.0.0.1:51841 - R:localhost/127.0.0.1:8083] Received last HTTP packet
15:53:15.244 [reactor-http-nio-47] DEBUG org.springframework.core.codec.StringDecoder - [6d7e6391] Decoded "{"userId":"24666d8f-c31f-41a7-97a7-6358b1f4962a","location":{"longitude":149.813663,"latitude":74.2 (truncated)...
15:53:15.244 [reactor-http-nio-47] DEBUG reactor.netty.resources.PooledConnectionProvider - [id: 0xd7682ef3, L:/127.0.0.1:51841 - R:localhost/127.0.0.1:8083] onStateChange(GET{uri=/userLocation?userId=24666d8f-c31f-41a7-97a7-6358b1f4962a, connection=PooledConnection{channel=[id: 0xd7682ef3, L:/127.0.0.1:51841 - R:localhost/127.0.0.1:8083]}}, [disconnecting])
15:53:15.244 [reactor-http-nio-47] DEBUG reactor.netty.resources.PooledConnectionProvider - [id: 0xd7682ef3, L:/127.0.0.1:51841 - R:localhost/127.0.0.1:8083] Releasing channel
15:53:15.244 [reactor-http-nio-47] DEBUG reactor.netty.resources.PooledConnectionProvider - [id: 0xd7682ef3, L:/127.0.0.1:51841 - R:localhost/127.0.0.1:8083] Channel cleaned, now 292 active connections and 9 inactive connections
15:53:15.245 [reactor-http-nio-47] DEBUG reactor.netty.resources.PooledConnectionProvider - [id: 0xab8c6a94, L:/127.0.0.1:51844 - R:localhost/127.0.0.1:8083] Channel acquired, now 293 active connections and 8 inactive connections
15:53:15.245 [reactor-http-nio-47] DEBUG reactor.netty.http.client.HttpClientConnect - [id: 0xab8c6a94, L:/127.0.0.1:51844 - R:localhost/127.0.0.1:8083] Handler is being applied: {uri=http://localhost:8083/attractions, method=GET}
15:53:15.245 [pool-2-thread-32] INFO tourGuide.service.TourGuideService - visitedLocatio tourGuide.gpsUtil.VisitedLocation@c5eaccf
15:53:15.246 [pool-2-thread-32] DEBUG org.springframework.web.reactive.function.client.ExchangeFunctions - [53c6f910] HTTP GET http://localhost:8083/attractions
15:53:15.246 [reactor-http-nio-47] DEBUG reactor.netty.resources.PooledConnectionProvider - [id: 0xab8c6a94, L:/127.0.0.1:51844 - R:localhost/127.0.0.1:8083] onStateChange(GET{uri=/attractions, connection=PooledConnection{channel=[id: 0xab8c6a94, L:/127.0.0.1:51844 - R:localhost/127.0.0.1:8083]}}, [request_sent])
15:53:15.228 [reactor-http-nio-46] DEBUG reactor.netty.resources.PooledConnectionProvider - [id: 0x29677198, L:/127.0.0.1:51832 - R:localhost/127.0.0.1:8083] Channel cleaned, now 297 active connections and 4 inactive connections
15:53:15.248 [reactor-http-nio-46] DEBUG reactor.netty.resources.PooledConnectionProvider - [id: 0x2579fbf5, L:/127.0.0.1:51828 - R:localhost/127.0.0.1:8083] Channel acquired, now 294 active connections and 7 inactive connections
15:53:15.249 [reactor-http-nio-47] DEBUG reactor.netty.resources.PooledConnectionProvider - [id: 0x0c88f8fd, L:/127.0.0.1:51848 - R:localhost/127.0.0.1:8083] Channel acquired, now 295 active connections and 6 inactive connections
15:53:15.249 [reactor-http-nio-46] DEBUG reactor.netty.http.client.HttpClientConnect - [id: 0x2579fbf5, L:/127.0.0.1:51828 - R:localhost/127.0.0.1:8083] Handler is being applied: {uri=http://localhost:8083/attractions, method=GET}
15:53:15.249 [reactor-http-nio-47] DEBUG reactor.netty.http.client.HttpClientConnect - [id: 0x0c88f8fd, L:/127.0.0.1:51848 - R:localhost/127.0.0.1:8083] Handler is being applied: {uri=http://localhost:8083/attractions, method=GET}
15:53:15.249 [reactor-http-nio-46] DEBUG reactor.netty.resources.PooledConnectionProvider - [id: 0x2579fbf5, L:/127.0.0.1:51828 - R:localhost/127.0.0.1:8083] onStateChange(GET{uri=/attractions, connection=PooledConnection{channel=[id: 0x2579fbf5, L:/127.0.0.1:51828 - R:localhost/127.0.0.1:8083]}}, [request_sent])
15:53:15.249 [reactor-http-nio-47] DEBUG reactor.netty.resources.PooledConnectionProvider - [id: 0x0c88f8fd, L:/127.0.0.1:51848 - R:localhost/127.0.0.1:8083] onStateChange(GET{uri=/attractions, connection=PooledConnection{channel=[id: 0x0c88f8fd, L:/127.0.0.1:51848 - R:localhost/127.0.0.1:8083]}}, [request_sent])
15:53:15.250 [pool-2-thread-179] INFO tourGuide.service.TourGuideService - visitedLocatio tourGuide.gpsUtil.VisitedLocation@4e9771aa
15:53:15.250 [reactor-http-nio-46] DEBUG reactor.netty.http.client.HttpClientOperations - [id: 0x6eeffece, L:/127.0.0.1:51732 - R:localhost/127.0.0.1:8083] Received response (auto-read:false) : [Content-Type=application/json, Transfer-Encoding=chunked, Date=Wed, 15 Jun 2022 14:53:14 GMT]
15:53:15.250 [reactor-http-nio-46] DEBUG reactor.netty.resources.PooledConnectionProvider - [id: 0x6eeffece, L:/127.0.0.1:51732 - R:localhost/127.0.0.1:8083] onStateChange(GET{uri=/userLocation?userId=91e276bf-8fe9-4138-969a-e4a51f035991, connection=PooledConnection{channel=[id: 0x6eeffece, L:/127.0.0.1:51732 - R:localhost/127.0.0.1:8083]}}, [response_received])
15:53:15.250 [reactor-http-nio-46] DEBUG org.springframework.web.reactive.function.client.ExchangeFunctions - [42488e3f] Response 200 OK
15:53:15.250 [pool-2-thread-179] DEBUG org.springframework.web.reactive.function.client.ExchangeFunctions - [ea65898] HTTP GET http://localhost:8083/attractions
15:53:15.251 [reactor-http-nio-46] DEBUG reactor.netty.channel.FluxReceive - [id: 0x6eeffece, L:/127.0.0.1:51732 - R:localhost/127.0.0.1:8083] Subscribing inbound receiver [pending: 0, cancelled:false, inboundDone: false]
15:53:15.251 [reactor-http-nio-46] DEBUG reactor.netty.http.client.HttpClientOperations - [id: 0x6eeffece, L:/127.0.0.1:51732 - R:localhost/127.0.0.1:8083] Received last HTTP packet
15:53:15.251 [reactor-http-nio-46] DEBUG org.springframework.core.codec.StringDecoder - [42488e3f] Decoded "{"userId":"91e276bf-8fe9-4138-969a-e4a51f035991","location":{"longitude":74.88569,"latitude":28.047 (truncated)...
15:53:15.251 [reactor-http-nio-46] DEBUG reactor.netty.resources.PooledConnectionProvider - [id: 0x6eeffece, L:/127.0.0.1:51732 - R:localhost/127.0.0.1:8083] onStateChange(GET{uri=/userLocation?userId=91e276bf-8fe9-4138-969a-e4a51f035991, connection=PooledConnection{channel=[id: 0x6eeffece, L:/127.0.0.1:51732 - R:localhost/127.0.0.1:8083]}}, [disconnecting])
15:53:15.251 [reactor-http-nio-46] DEBUG reactor.netty.resources.PooledConnectionProvider - [id: 0x6eeffece, L:/127.0.0.1:51732 - R:localhost/127.0.0.1:8083] Releasing channel
15:53:15.251 [reactor-http-nio-46] DEBUG reactor.netty.resources.PooledConnectionProvider - [id: 0x6eeffece, L:/127.0.0.1:51732 - R:localhost/127.0.0.1:8083] Channel cleaned, now 294 active connections and 7 inactive connections
15:53:15.251 [reactor-http-nio-46] DEBUG reactor.netty.http.client.HttpClientOperations - [id: 0x64dc3a35, L:/127.0.0.1:51768 - R:localhost/127.0.0.1:8083] Received last HTTP packet
15:53:15.252 [reactor-http-nio-46] DEBUG org.springframework.core.codec.StringDecoder - [e5ee406] Decoded "{"userId":"7393a6fc-7624-4bf3-9a41-11cc4b565179","location":{"longitude":32.274624,"latitude":-66.2 (truncated)...
15:53:15.252 [reactor-http-nio-46] DEBUG reactor.netty.resources.PooledConnectionProvider - [id: 0x64dc3a35, L:/127.0.0.1:51768 - R:localhost/127.0.0.1:8083] onStateChange(GET{uri=/userLocation?userId=7393a6fc-7624-4bf3-9a41-11cc4b565179, connection=PooledConnection{channel=[id: 0x64dc3a35, L:/127.0.0.1:51768 - R:localhost/127.0.0.1:8083]}}, [disconnecting])
15:53:15.252 [reactor-http-nio-46] DEBUG reactor.netty.resources.PooledConnectionProvider - [id: 0x64dc3a35, L:/127.0.0.1:51768 - R:localhost/127.0.0.1:8083] Releasing channel
15:53:15.252 [reactor-http-nio-46] DEBUG reactor.netty.resources.PooledConnectionProvider - [id: 0x64dc3a35, L:/127.0.0.1:51768 - R:localhost/127.0.0.1:8083] Channel cleaned, now 293 active connections and 8 inactive connections
15:53:15.252 [reactor-http-nio-46] DEBUG reactor.netty.http.client.HttpClientOperations - [id: 0x9fb64b28, L:/127.0.0.1:51823 - R:localhost/127.0.0.1:8083] Received last HTTP packet
15:53:15.252 [reactor-http-nio-46] DEBUG org.springframework.core.codec.StringDecoder - [1a8f9ae] Decoded "{"userId":"00dc9ee6-f632-4bb5-beec-72a91d131c93","location":{"longitude":-37.962972,"latitude":-2.6 (truncated)...
15:53:15.252 [reactor-http-nio-46] DEBUG reactor.netty.resources.PooledConnectionProvider - [id: 0x9fb64b28, L:/127.0.0.1:51823 - R:localhost/127.0.0.1:8083] onStateChange(GET{uri=/userLocation?userId=00dc9ee6-f632-4bb5-beec-72a91d131c93, connection=PooledConnection{channel=[id: 0x9fb64b28, L:/127.0.0.1:51823 - R:localhost/127.0.0.1:8083]}}, [disconnecting])
15:53:15.252 [reactor-http-nio-46] DEBUG reactor.netty.resources.PooledConnectionProvider - [id: 0x9fb64b28, L:/127.0.0.1:51823 - R:localhost/127.0.0.1:8083] Releasing channel
15:53:15.252 [reactor-http-nio-46] DEBUG reactor.netty.resources.PooledConnectionProvider - [id: 0x9fb64b28, L:/127.0.0.1:51823 - R:localhost/127.0.0.1:8083] Channel cleaned, now 292 active connections and 9 inactive connections
15:53:15.253 [pool-2-thread-69] INFO tourGuide.service.TourGuideService - visitedLocatio tourGuide.gpsUtil.VisitedLocation@c2681c9
15:53:15.253 [reactor-http-nio-46] DEBUG reactor.netty.http.client.HttpClientOperations - [id: 0xbb1400e4, L:/127.0.0.1:51826 - R:localhost/127.0.0.1:8083] Received response (auto-read:false) : [Content-Type=application/json, Transfer-Encoding=chunked, Date=Wed, 15 Jun 2022 14:53:14 GMT]
15:53:15.253 [reactor-http-nio-46] DEBUG reactor.netty.resources.PooledConnectionProvider - [id: 0xbb1400e4, L:/127.0.0.1:51826 - R:localhost/127.0.0.1:8083] onStateChange(GET{uri=/userLocation?userId=9b69196d-837d-4bdc-9692-cd6b54850db0, connection=PooledConnection{channel=[id: 0xbb1400e4, L:/127.0.0.1:51826 - R:localhost/127.0.0.1:8083]}}, [response_received])
15:53:15.253 [reactor-http-nio-46] DEBUG org.springframework.web.reactive.function.client.ExchangeFunctions - [3fcdb228] Response 200 OK
15:53:15.253 [pool-2-thread-69] DEBUG org.springframework.web.reactive.function.client.ExchangeFunctions - [17526d1d] HTTP GET http://localhost:8083/attractions
15:53:15.254 [pool-5-thread-67] INFO tourGuide.service.TourGuideService - visitedLocatio tourGuide.gpsUtil.VisitedLocation@56e1c171
15:53:15.255 [reactor-http-nio-41] DEBUG reactor.netty.resources.PooledConnectionProvider - [id: 0x26eb73e5, L:/127.0.0.1:51781 - R:localhost/127.0.0.1:8083] Channel acquired, now 293 active connections and 8 inactive connections
15:53:15.255 [reactor-http-nio-41] DEBUG reactor.netty.http.client.HttpClientConnect - [id: 0x26eb73e5, L:/127.0.0.1:51781 - R:localhost/127.0.0.1:8083] Handler is being applied: {uri=http://localhost:8083/attractions, method=GET}
15:53:15.255 [pool-5-thread-67] DEBUG org.springframework.web.reactive.function.client.ExchangeFunctions - [9842778] HTTP GET http://localhost:8083/attractions
15:53:15.255 [reactor-http-nio-41] DEBUG reactor.netty.resources.PooledConnectionProvider - [id: 0x26eb73e5, L:/127.0.0.1:51781 - R:localhost/127.0.0.1:8083] onStateChange(GET{uri=/attractions, connection=PooledConnection{channel=[id: 0x26eb73e5, L:/127.0.0.1:51781 - R:localhost/127.0.0.1:8083]}}, [request_sent])
15:53:15.257 [reactor-http-nio-47] DEBUG reactor.netty.resources.PooledConnectionProvider - [id: 0xeec1d289, L:/127.0.0.1:51847 - R:localhost/127.0.0.1:8083] Channel acquired, now 294 active connections and 7 inactive connections
15:53:15.257 [reactor-http-nio-47] DEBUG reactor.netty.http.client.HttpClientConnect - [id: 0xeec1d289, L:/127.0.0.1:51847 - R:localhost/127.0.0.1:8083] Handler is being applied: {uri=http://localhost:8083/attractions, method=GET}
15:53:15.258 [reactor-http-nio-47] DEBUG reactor.netty.resources.PooledConnectionProvider - [id: 0xeec1d289, L:/127.0.0.1:51847 - R:localhost/127.0.0.1:8083] onStateChange(GET{uri=/attractions, connection=PooledConnection{channel=[id: 0xeec1d289, L:/127.0.0.1:51847 - R:localhost/127.0.0.1:8083]}}, [request_sent])
15:53:15.250 [pool-2-thread-183] INFO tourGuide.service.TourGuideService - visitedLocatio tourGuide.gpsUtil.VisitedLocation@779ff362
15:53:15.253 [reactor-http-nio-46] DEBUG reactor.netty.channel.FluxReceive - [id: 0xbb1400e4, L:/127.0.0.1:51826 - R:localhost/127.0.0.1:8083] Subscribing inbound receiver [pending: 0, cancelled:false, inboundDone: false]
15:53:15.259 [reactor-http-nio-46] DEBUG reactor.netty.http.client.HttpClientOperations - [id: 0xbb1400e4, L:/127.0.0.1:51826 - R:localhost/127.0.0.1:8083] Received last HTTP packet
15:53:15.259 [reactor-http-nio-46] DEBUG org.springframework.core.codec.StringDecoder - [3fcdb228] Decoded "{"userId":"9b69196d-837d-4bdc-9692-cd6b54850db0","location":{"longitude":50.657489,"latitude":-66.7 (truncated)...
15:53:15.259 [reactor-http-nio-46] DEBUG reactor.netty.resources.PooledConnectionProvider - [id: 0xbb1400e4, L:/127.0.0.1:51826 - R:localhost/127.0.0.1:8083] onStateChange(GET{uri=/userLocation?userId=9b69196d-837d-4bdc-9692-cd6b54850db0, connection=PooledConnection{channel=[id: 0xbb1400e4, L:/127.0.0.1:51826 - R:localhost/127.0.0.1:8083]}}, [disconnecting])
15:53:15.259 [reactor-http-nio-46] DEBUG reactor.netty.resources.PooledConnectionProvider - [id: 0xbb1400e4, L:/127.0.0.1:51826 - R:localhost/127.0.0.1:8083] Releasing channel
15:53:15.259 [reactor-http-nio-46] DEBUG reactor.netty.resources.PooledConnectionProvider - [id: 0xbb1400e4, L:/127.0.0.1:51826 - R:localhost/127.0.0.1:8083] Channel cleaned, now 293 active connections and 8 inactive connections
15:53:15.260 [reactor-http-nio-46] DEBUG reactor.netty.resources.PooledConnectionProvider - [id: 0x29677198, L:/127.0.0.1:51832 - R:localhost/127.0.0.1:8083] Channel acquired, now 294 active connections and 7 inactive connections
15:53:15.260 [reactor-http-nio-46] DEBUG reactor.netty.http.client.HttpClientConnect - [id: 0x29677198, L:/127.0.0.1:51832 - R:localhost/127.0.0.1:8083] Handler is being applied: {uri=http://localhost:8083/attractions, method=GET}
15:53:15.260 [pool-2-thread-183] DEBUG org.springframework.web.reactive.function.client.ExchangeFunctions - [1d3a0e12] HTTP GET http://localhost:8083/attractions
15:53:15.261 [reactor-http-nio-46] DEBUG reactor.netty.resources.PooledConnectionProvider - [id: 0x29677198, L:/127.0.0.1:51832 - R:localhost/127.0.0.1:8083] onStateChange(GET{uri=/attractions, connection=PooledConnection{channel=[id: 0x29677198, L:/127.0.0.1:51832 - R:localhost/127.0.0.1:8083]}}, [request_sent])
15:53:15.262 [reactor-http-nio-47] DEBUG reactor.netty.resources.PooledConnectionProvider - [id: 0xc3efdf02, L:/127.0.0.1:51700 - R:localhost/127.0.0.1:8083] Channel acquired, now 295 active connections and 6 inactive connections
15:53:15.262 [reactor-http-nio-47] DEBUG reactor.netty.http.client.HttpClientConnect - [id: 0xc3efdf02, L:/127.0.0.1:51700 - R:localhost/127.0.0.1:8083] Handler is being applied: {uri=http://localhost:8083/attractions, method=GET}
15:53:15.263 [pool-2-thread-82] INFO tourGuide.service.TourGuideService - visitedLocatio tourGuide.gpsUtil.VisitedLocation@28d281bb
15:53:15.263 [reactor-http-nio-47] DEBUG reactor.netty.resources.PooledConnectionProvider - [id: 0xc3efdf02, L:/127.0.0.1:51700 - R:localhost/127.0.0.1:8083] onStateChange(GET{uri=/attractions, connection=PooledConnection{channel=[id: 0xc3efdf02, L:/127.0.0.1:51700 - R:localhost/127.0.0.1:8083]}}, [request_sent])
15:53:15.264 [pool-2-thread-82] DEBUG org.springframework.web.reactive.function.client.ExchangeFunctions - [7ee8f7b8] HTTP GET http://localhost:8083/attractions
15:53:15.265 [reactor-http-nio-47] DEBUG reactor.netty.resources.PooledConnectionProvider - [id: 0x9ce465db, L:/127.0.0.1:51838 - R:localhost/127.0.0.1:8083] Channel acquired, now 296 active connections and 5 inactive connections
15:53:15.265 [reactor-http-nio-47] DEBUG reactor.netty.http.client.HttpClientConnect - [id: 0x9ce465db, L:/127.0.0.1:51838 - R:localhost/127.0.0.1:8083] Handler is being applied: {uri=http://localhost:8083/attractions, method=GET}
15:53:15.266 [reactor-http-nio-47] DEBUG reactor.netty.resources.PooledConnectionProvider - [id: 0x9ce465db, L:/127.0.0.1:51838 - R:localhost/127.0.0.1:8083] onStateChange(GET{uri=/attractions, connection=PooledConnection{channel=[id: 0x9ce465db, L:/127.0.0.1:51838 - R:localhost/127.0.0.1:8083]}}, [request_sent])
15:53:15.267 [pool-2-thread-181] INFO tourGuide.service.TourGuideService - visitedLocatio tourGuide.gpsUtil.VisitedLocation@5d95c27c
15:53:15.254 [pool-5-thread-18] INFO tourGuide.service.TourGuideService - visitedLocatio tourGuide.gpsUtil.VisitedLocation@136cdb7e
15:53:15.268 [pool-2-thread-181] DEBUG org.springframework.web.reactive.function.client.ExchangeFunctions - [1a57d484] HTTP GET http://localhost:8083/attractions
15:53:15.268 [pool-5-thread-18] DEBUG org.springframework.web.reactive.function.client.ExchangeFunctions - [447a18f2] HTTP GET http://localhost:8083/attractions
15:53:15.270 [reactor-http-nio-47] DEBUG reactor.netty.resources.PooledConnectionProvider - [id: 0xd7682ef3, L:/127.0.0.1:51841 - R:localhost/127.0.0.1:8083] Channel acquired, now 297 active connections and 4 inactive connections
15:53:15.270 [reactor-http-nio-47] DEBUG reactor.netty.http.client.HttpClientConnect - [id: 0xd7682ef3, L:/127.0.0.1:51841 - R:localhost/127.0.0.1:8083] Handler is being applied: {uri=http://localhost:8083/attractions, method=GET}
15:53:15.270 [reactor-http-nio-46] DEBUG reactor.netty.resources.PooledConnectionProvider - [id: 0x6eeffece, L:/127.0.0.1:51732 - R:localhost/127.0.0.1:8083] Channel acquired, now 298 active connections and 3 inactive connections
15:53:15.270 [reactor-http-nio-46] DEBUG reactor.netty.http.client.HttpClientConnect - [id: 0x6eeffece, L:/127.0.0.1:51732 - R:localhost/127.0.0.1:8083] Handler is being applied: {uri=http://localhost:8083/attractions, method=GET}
15:53:15.271 [reactor-http-nio-46] DEBUG reactor.netty.resources.PooledConnectionProvider - [id: 0x6eeffece, L:/127.0.0.1:51732 - R:localhost/127.0.0.1:8083] onStateChange(GET{uri=/attractions, connection=PooledConnection{channel=[id: 0x6eeffece, L:/127.0.0.1:51732 - R:localhost/127.0.0.1:8083]}}, [request_sent])
15:53:15.271 [reactor-http-nio-47] DEBUG reactor.netty.resources.PooledConnectionProvider - [id: 0xd7682ef3, L:/127.0.0.1:51841 - R:localhost/127.0.0.1:8083] onStateChange(GET{uri=/attractions, connection=PooledConnection{channel=[id: 0xd7682ef3, L:/127.0.0.1:51841 - R:localhost/127.0.0.1:8083]}}, [request_sent])
15:53:15.272 [pool-2-thread-145] INFO tourGuide.service.TourGuideService - visitedLocatio tourGuide.gpsUtil.VisitedLocation@65945bdd
15:53:15.273 [pool-2-thread-81] INFO tourGuide.service.TourGuideService - visitedLocatio tourGuide.gpsUtil.VisitedLocation@4fdc57ef
15:53:15.274 [pool-2-thread-145] DEBUG org.springframework.web.reactive.function.client.ExchangeFunctions - [1edf475c] HTTP GET http://localhost:8083/attractions
15:53:15.274 [pool-2-thread-81] DEBUG org.springframework.web.reactive.function.client.ExchangeFunctions - [20ba0cda] HTTP GET http://localhost:8083/attractions
15:53:15.274 [reactor-http-nio-46] DEBUG reactor.netty.resources.PooledConnectionProvider - [id: 0x64dc3a35, L:/127.0.0.1:51768 - R:localhost/127.0.0.1:8083] Channel acquired, now 299 active connections and 2 inactive connections
15:53:15.275 [reactor-http-nio-46] DEBUG reactor.netty.http.client.HttpClientConnect - [id: 0x64dc3a35, L:/127.0.0.1:51768 - R:localhost/127.0.0.1:8083] Handler is being applied: {uri=http://localhost:8083/attractions, method=GET}
15:53:15.275 [reactor-http-nio-46] DEBUG reactor.netty.resources.PooledConnectionProvider - [id: 0x64dc3a35, L:/127.0.0.1:51768 - R:localhost/127.0.0.1:8083] onStateChange(GET{uri=/attractions, connection=PooledConnection{channel=[id: 0x64dc3a35, L:/127.0.0.1:51768 - R:localhost/127.0.0.1:8083]}}, [request_sent])
15:53:15.276 [reactor-http-nio-46] DEBUG reactor.netty.resources.PooledConnectionProvider - [id: 0x9fb64b28, L:/127.0.0.1:51823 - R:localhost/127.0.0.1:8083] Channel acquired, now 300 active connections and 1 inactive connections
15:53:15.277 [reactor-http-nio-46] DEBUG reactor.netty.http.client.HttpClientConnect - [id: 0x9fb64b28, L:/127.0.0.1:51823 - R:localhost/127.0.0.1:8083] Handler is being applied: {uri=http://localhost:8083/attractions, method=GET}
15:53:15.277 [reactor-http-nio-41] DEBUG reactor.netty.http.client.HttpClientOperations - [id: 0x7286e1e8, L:/127.0.0.1:51739 - R:localhost/127.0.0.1:8083] Received response (auto-read:false) : [Content-Type=application/json, Transfer-Encoding=chunked, Date=Wed, 15 Jun 2022 14:53:14 GMT]
15:53:15.277 [reactor-http-nio-41] DEBUG reactor.netty.resources.PooledConnectionProvider - [id: 0x7286e1e8, L:/127.0.0.1:51739 - R:localhost/127.0.0.1:8083] onStateChange(GET{uri=/userLocation?userId=00e4fd95-5bba-49ef-ae9e-9ec2272c31b0, connection=PooledConnection{channel=[id: 0x7286e1e8, L:/127.0.0.1:51739 - R:localhost/127.0.0.1:8083]}}, [response_received])
15:53:15.277 [reactor-http-nio-41] DEBUG org.springframework.web.reactive.function.client.ExchangeFunctions - [21d9421] Response 200 OK
15:53:15.277 [reactor-http-nio-46] DEBUG reactor.netty.resources.PooledConnectionProvider - [id: 0x9fb64b28, L:/127.0.0.1:51823 - R:localhost/127.0.0.1:8083] onStateChange(GET{uri=/attractions, connection=PooledConnection{channel=[id: 0x9fb64b28, L:/127.0.0.1:51823 - R:localhost/127.0.0.1:8083]}}, [request_sent])
15:53:15.278 [reactor-http-nio-41] DEBUG reactor.netty.channel.FluxReceive - [id: 0x7286e1e8, L:/127.0.0.1:51739 - R:localhost/127.0.0.1:8083] Subscribing inbound receiver [pending: 0, cancelled:false, inboundDone: false]
15:53:15.278 [reactor-http-nio-41] DEBUG reactor.netty.http.client.HttpClientOperations - [id: 0x7286e1e8, L:/127.0.0.1:51739 - R:localhost/127.0.0.1:8083] Received last HTTP packet
15:53:15.278 [reactor-http-nio-46] DEBUG reactor.netty.http.client.HttpClientOperations - [id: 0xe631b28c, L:/127.0.0.1:51804 - R:localhost/127.0.0.1:8083] Received response (auto-read:false) : [Content-Type=application/json, Transfer-Encoding=chunked, Date=Wed, 15 Jun 2022 14:53:14 GMT]
15:53:15.278 [reactor-http-nio-46] DEBUG reactor.netty.resources.PooledConnectionProvider - [id: 0xe631b28c, L:/127.0.0.1:51804 - R:localhost/127.0.0.1:8083] onStateChange(GET{uri=/userLocation?userId=48e53f4f-e105-461a-bf59-75b2c5982b15, connection=PooledConnection{channel=[id: 0xe631b28c, L:/127.0.0.1:51804 - R:localhost/127.0.0.1:8083]}}, [response_received])
15:53:15.278 [reactor-http-nio-46] DEBUG org.springframework.web.reactive.function.client.ExchangeFunctions - [e7a19c5] Response 200 OK
15:53:15.279 [reactor-http-nio-46] DEBUG reactor.netty.channel.FluxReceive - [id: 0xe631b28c, L:/127.0.0.1:51804 - R:localhost/127.0.0.1:8083] Subscribing inbound receiver [pending: 0, cancelled:false, inboundDone: false]
15:53:15.279 [reactor-http-nio-41] DEBUG org.springframework.core.codec.StringDecoder - [21d9421] Decoded "{"userId":"00e4fd95-5bba-49ef-ae9e-9ec2272c31b0","location":{"longitude":61.972241,"latitude":45.82 (truncated)...
15:53:15.279 [reactor-http-nio-46] DEBUG reactor.netty.http.client.HttpClientOperations - [id: 0xe631b28c, L:/127.0.0.1:51804 - R:localhost/127.0.0.1:8083] Received last HTTP packet
15:53:15.279 [reactor-http-nio-46] DEBUG org.springframework.core.codec.StringDecoder - [e7a19c5] Decoded "{"userId":"48e53f4f-e105-461a-bf59-75b2c5982b15","location":{"longitude":-6.711107,"latitude":0.535 (truncated)...
15:53:15.279 [reactor-http-nio-46] DEBUG reactor.netty.resources.PooledConnectionProvider - [id: 0xe631b28c, L:/127.0.0.1:51804 - R:localhost/127.0.0.1:8083] onStateChange(GET{uri=/userLocation?userId=48e53f4f-e105-461a-bf59-75b2c5982b15, connection=PooledConnection{channel=[id: 0xe631b28c, L:/127.0.0.1:51804 - R:localhost/127.0.0.1:8083]}}, [disconnecting])
15:53:15.279 [reactor-http-nio-46] DEBUG reactor.netty.resources.PooledConnectionProvider - [id: 0xe631b28c, L:/127.0.0.1:51804 - R:localhost/127.0.0.1:8083] Releasing channel
15:53:15.279 [reactor-http-nio-46] DEBUG reactor.netty.resources.PooledConnectionProvider - [id: 0xe631b28c, L:/127.0.0.1:51804 - R:localhost/127.0.0.1:8083] Channel cleaned, now 299 active connections and 2 inactive connections
15:53:15.279 [reactor-http-nio-41] DEBUG reactor.netty.resources.PooledConnectionProvider - [id: 0x7286e1e8, L:/127.0.0.1:51739 - R:localhost/127.0.0.1:8083] onStateChange(GET{uri=/userLocation?userId=00e4fd95-5bba-49ef-ae9e-9ec2272c31b0, connection=PooledConnection{channel=[id: 0x7286e1e8, L:/127.0.0.1:51739 - R:localhost/127.0.0.1:8083]}}, [disconnecting])
15:53:15.279 [reactor-http-nio-41] DEBUG reactor.netty.resources.PooledConnectionProvider - [id: 0x7286e1e8, L:/127.0.0.1:51739 - R:localhost/127.0.0.1:8083] Releasing channel
15:53:15.279 [reactor-http-nio-41] DEBUG reactor.netty.resources.PooledConnectionProvider - [id: 0x7286e1e8, L:/127.0.0.1:51739 - R:localhost/127.0.0.1:8083] Channel cleaned, now 298 active connections and 3 inactive connections
15:53:15.281 [pool-2-thread-194] INFO tourGuide.service.TourGuideService - visitedLocatio tourGuide.gpsUtil.VisitedLocation@700bca34
15:53:15.281 [pool-2-thread-30] INFO tourGuide.service.TourGuideService - visitedLocatio tourGuide.gpsUtil.VisitedLocation@6418e382
15:53:15.282 [pool-2-thread-194] DEBUG org.springframework.web.reactive.function.client.ExchangeFunctions - [678b095a] HTTP GET http://localhost:8083/attractions
15:53:15.283 [reactor-http-nio-46] DEBUG reactor.netty.resources.PooledConnectionProvider - [id: 0xbb1400e4, L:/127.0.0.1:51826 - R:localhost/127.0.0.1:8083] Channel acquired, now 299 active connections and 2 inactive connections
15:53:15.284 [reactor-http-nio-46] DEBUG reactor.netty.http.client.HttpClientConnect - [id: 0xbb1400e4, L:/127.0.0.1:51826 - R:localhost/127.0.0.1:8083] Handler is being applied: {uri=http://localhost:8083/attractions, method=GET}
15:53:15.284 [pool-2-thread-30] DEBUG org.springframework.web.reactive.function.client.ExchangeFunctions - [230f6155] HTTP GET http://localhost:8083/attractions
15:53:15.284 [reactor-http-nio-46] DEBUG reactor.netty.resources.PooledConnectionProvider - [id: 0xbb1400e4, L:/127.0.0.1:51826 - R:localhost/127.0.0.1:8083] onStateChange(GET{uri=/attractions, connection=PooledConnection{channel=[id: 0xbb1400e4, L:/127.0.0.1:51826 - R:localhost/127.0.0.1:8083]}}, [request_sent])
15:53:15.286 [reactor-http-nio-46] DEBUG reactor.netty.resources.PooledConnectionProvider - [id: 0xe631b28c, L:/127.0.0.1:51804 - R:localhost/127.0.0.1:8083] Channel acquired, now 300 active connections and 1 inactive connections
15:53:15.286 [reactor-http-nio-46] DEBUG reactor.netty.http.client.HttpClientConnect - [id: 0xe631b28c, L:/127.0.0.1:51804 - R:localhost/127.0.0.1:8083] Handler is being applied: {uri=http://localhost:8083/attractions, method=GET}
15:53:15.286 [reactor-http-nio-46] DEBUG reactor.netty.resources.PooledConnectionProvider - [id: 0xe631b28c, L:/127.0.0.1:51804 - R:localhost/127.0.0.1:8083] onStateChange(GET{uri=/attractions, connection=PooledConnection{channel=[id: 0xe631b28c, L:/127.0.0.1:51804 - R:localhost/127.0.0.1:8083]}}, [request_sent])
15:53:15.287 [reactor-http-nio-41] DEBUG reactor.netty.http.client.HttpClientOperations - [id: 0x4f2e6241, L:/127.0.0.1:51772 - R:localhost/127.0.0.1:8083] Received response (auto-read:false) : [Content-Type=application/json, Transfer-Encoding=chunked, Date=Wed, 15 Jun 2022 14:53:14 GMT]
15:53:15.287 [reactor-http-nio-41] DEBUG reactor.netty.resources.PooledConnectionProvider - [id: 0x4f2e6241, L:/127.0.0.1:51772 - R:localhost/127.0.0.1:8083] onStateChange(GET{uri=/userLocation?userId=82b29bb7-3818-4c7e-a650-0ae9da3921af, connection=PooledConnection{channel=[id: 0x4f2e6241, L:/127.0.0.1:51772 - R:localhost/127.0.0.1:8083]}}, [response_received])
15:53:15.287 [reactor-http-nio-41] DEBUG org.springframework.web.reactive.function.client.ExchangeFunctions - [662d8bd9] Response 200 OK
15:53:15.288 [reactor-http-nio-41] DEBUG reactor.netty.channel.FluxReceive - [id: 0x4f2e6241, L:/127.0.0.1:51772 - R:localhost/127.0.0.1:8083] Subscribing inbound receiver [pending: 0, cancelled:false, inboundDone: false]
15:53:15.288 [reactor-http-nio-41] DEBUG reactor.netty.http.client.HttpClientOperations - [id: 0x4f2e6241, L:/127.0.0.1:51772 - R:localhost/127.0.0.1:8083] Received last HTTP packet
15:53:15.288 [reactor-http-nio-46] DEBUG reactor.netty.http.client.HttpClientOperations - [id: 0x3561676c, L:/127.0.0.1:51742 - R:localhost/127.0.0.1:8083] Received response (auto-read:false) : [Content-Type=application/json, Transfer-Encoding=chunked, Date=Wed, 15 Jun 2022 14:53:14 GMT]
15:53:15.288 [reactor-http-nio-46] DEBUG reactor.netty.resources.PooledConnectionProvider - [id: 0x3561676c, L:/127.0.0.1:51742 - R:localhost/127.0.0.1:8083] onStateChange(GET{uri=/userLocation?userId=d5fa2128-829b-4e00-94a4-31828d642bf7, connection=PooledConnection{channel=[id: 0x3561676c, L:/127.0.0.1:51742 - R:localhost/127.0.0.1:8083]}}, [response_received])
15:53:15.288 [reactor-http-nio-41] DEBUG org.springframework.core.codec.StringDecoder - [662d8bd9] Decoded "{"userId":"82b29bb7-3818-4c7e-a650-0ae9da3921af","location":{"longitude":132.423952,"latitude":29.1 (truncated)...
15:53:15.288 [reactor-http-nio-41] DEBUG reactor.netty.resources.PooledConnectionProvider - [id: 0x4f2e6241, L:/127.0.0.1:51772 - R:localhost/127.0.0.1:8083] onStateChange(GET{uri=/userLocation?userId=82b29bb7-3818-4c7e-a650-0ae9da3921af, connection=PooledConnection{channel=[id: 0x4f2e6241, L:/127.0.0.1:51772 - R:localhost/127.0.0.1:8083]}}, [disconnecting])
15:53:15.288 [reactor-http-nio-41] DEBUG reactor.netty.resources.PooledConnectionProvider - [id: 0x4f2e6241, L:/127.0.0.1:51772 - R:localhost/127.0.0.1:8083] Releasing channel
15:53:15.288 [reactor-http-nio-46] DEBUG org.springframework.web.reactive.function.client.ExchangeFunctions - [40267ced] Response 200 OK
15:53:15.288 [reactor-http-nio-41] DEBUG reactor.netty.resources.PooledConnectionProvider - [id: 0x4f2e6241, L:/127.0.0.1:51772 - R:localhost/127.0.0.1:8083] Channel cleaned, now 299 active connections and 2 inactive connections
15:53:15.288 [reactor-http-nio-46] DEBUG reactor.netty.channel.FluxReceive - [id: 0x3561676c, L:/127.0.0.1:51742 - R:localhost/127.0.0.1:8083] Subscribing inbound receiver [pending: 0, cancelled:false, inboundDone: false]
15:53:15.288 [reactor-http-nio-41] DEBUG reactor.netty.http.client.HttpClientOperations - [id: 0xcdc2ae18, L:/127.0.0.1:51731 - R:localhost/127.0.0.1:8083] Received response (auto-read:false) : [Content-Type=application/json, Transfer-Encoding=chunked, Date=Wed, 15 Jun 2022 14:53:14 GMT]
15:53:15.288 [reactor-http-nio-41] DEBUG reactor.netty.resources.PooledConnectionProvider - [id: 0xcdc2ae18, L:/127.0.0.1:51731 - R:localhost/127.0.0.1:8083] onStateChange(GET{uri=/userLocation?userId=11b358ad-f909-4cc6-8c5f-e48c802218c2, connection=PooledConnection{channel=[id: 0xcdc2ae18, L:/127.0.0.1:51731 - R:localhost/127.0.0.1:8083]}}, [response_received])
15:53:15.289 [reactor-http-nio-41] DEBUG org.springframework.web.reactive.function.client.ExchangeFunctions - [2e2a5435] Response 200 OK
15:53:15.289 [reactor-http-nio-46] DEBUG reactor.netty.http.client.HttpClientOperations - [id: 0x3561676c, L:/127.0.0.1:51742 - R:localhost/127.0.0.1:8083] Received last HTTP packet
15:53:15.289 [reactor-http-nio-41] DEBUG reactor.netty.channel.FluxReceive - [id: 0xcdc2ae18, L:/127.0.0.1:51731 - R:localhost/127.0.0.1:8083] Subscribing inbound receiver [pending: 0, cancelled:false, inboundDone: false]
15:53:15.289 [reactor-http-nio-46] DEBUG org.springframework.core.codec.StringDecoder - [40267ced] Decoded "{"userId":"d5fa2128-829b-4e00-94a4-31828d642bf7","location":{"longitude":-155.740924,"latitude":78. (truncated)...
15:53:15.289 [reactor-http-nio-46] DEBUG reactor.netty.resources.PooledConnectionProvider - [id: 0x3561676c, L:/127.0.0.1:51742 - R:localhost/127.0.0.1:8083] onStateChange(GET{uri=/userLocation?userId=d5fa2128-829b-4e00-94a4-31828d642bf7, connection=PooledConnection{channel=[id: 0x3561676c, L:/127.0.0.1:51742 - R:localhost/127.0.0.1:8083]}}, [disconnecting])
15:53:15.289 [reactor-http-nio-41] DEBUG reactor.netty.http.client.HttpClientOperations - [id: 0xcdc2ae18, L:/127.0.0.1:51731 - R:localhost/127.0.0.1:8083] Received last HTTP packet
15:53:15.289 [reactor-http-nio-46] DEBUG reactor.netty.resources.PooledConnectionProvider - [id: 0x3561676c, L:/127.0.0.1:51742 - R:localhost/127.0.0.1:8083] Releasing channel
15:53:15.289 [reactor-http-nio-46] DEBUG reactor.netty.resources.PooledConnectionProvider - [id: 0x3561676c, L:/127.0.0.1:51742 - R:localhost/127.0.0.1:8083] Channel cleaned, now 298 active connections and 3 inactive connections
15:53:15.289 [reactor-http-nio-41] DEBUG org.springframework.core.codec.StringDecoder - [2e2a5435] Decoded "{"userId":"11b358ad-f909-4cc6-8c5f-e48c802218c2","location":{"longitude":71.705531,"latitude":76.52 (truncated)...
15:53:15.289 [reactor-http-nio-41] DEBUG reactor.netty.resources.PooledConnectionProvider - [id: 0xcdc2ae18, L:/127.0.0.1:51731 - R:localhost/127.0.0.1:8083] onStateChange(GET{uri=/userLocation?userId=11b358ad-f909-4cc6-8c5f-e48c802218c2, connection=PooledConnection{channel=[id: 0xcdc2ae18, L:/127.0.0.1:51731 - R:localhost/127.0.0.1:8083]}}, [disconnecting])
15:53:15.289 [reactor-http-nio-41] DEBUG reactor.netty.resources.PooledConnectionProvider - [id: 0xcdc2ae18, L:/127.0.0.1:51731 - R:localhost/127.0.0.1:8083] Releasing channel
15:53:15.290 [reactor-http-nio-41] DEBUG reactor.netty.resources.PooledConnectionProvider - [id: 0xcdc2ae18, L:/127.0.0.1:51731 - R:localhost/127.0.0.1:8083] Channel cleaned, now 297 active connections and 4 inactive connections
15:53:15.293 [pool-2-thread-4] INFO tourGuide.service.TourGuideService - visitedLocatio tourGuide.gpsUtil.VisitedLocation@b0730db
15:53:15.293 [pool-5-thread-50] INFO tourGuide.service.TourGuideService - visitedLocatio tourGuide.gpsUtil.VisitedLocation@4300e637
15:53:15.293 [pool-2-thread-86] INFO tourGuide.service.TourGuideService - visitedLocatio tourGuide.gpsUtil.VisitedLocation@650b05c2
15:53:15.293 [pool-2-thread-4] DEBUG org.springframework.web.reactive.function.client.ExchangeFunctions - [7a2e1ced] HTTP GET http://localhost:8083/attractions
15:53:15.293 [pool-5-thread-50] DEBUG org.springframework.web.reactive.function.client.ExchangeFunctions - [4017efde] HTTP GET http://localhost:8083/attractions
15:53:15.293 [pool-2-thread-86] DEBUG org.springframework.web.reactive.function.client.ExchangeFunctions - [39916017] HTTP GET http://localhost:8083/attractions
15:53:15.295 [reactor-http-nio-46] DEBUG reactor.netty.resources.PooledConnectionProvider - [id: 0x3561676c, L:/127.0.0.1:51742 - R:localhost/127.0.0.1:8083] Channel acquired, now 298 active connections and 3 inactive connections
15:53:15.295 [reactor-http-nio-41] DEBUG reactor.netty.resources.PooledConnectionProvider - [id: 0x4f2e6241, L:/127.0.0.1:51772 - R:localhost/127.0.0.1:8083] Channel acquired, now 299 active connections and 2 inactive connections
15:53:15.295 [reactor-http-nio-46] DEBUG reactor.netty.http.client.HttpClientConnect - [id: 0x3561676c, L:/127.0.0.1:51742 - R:localhost/127.0.0.1:8083] Handler is being applied: {uri=http://localhost:8083/attractions, method=GET}
15:53:15.295 [reactor-http-nio-41] DEBUG reactor.netty.http.client.HttpClientConnect - [id: 0x4f2e6241, L:/127.0.0.1:51772 - R:localhost/127.0.0.1:8083] Handler is being applied: {uri=http://localhost:8083/attractions, method=GET}
15:53:15.296 [reactor-http-nio-46] DEBUG reactor.netty.resources.PooledConnectionProvider - [id: 0x3561676c, L:/127.0.0.1:51742 - R:localhost/127.0.0.1:8083] onStateChange(GET{uri=/attractions, connection=PooledConnection{channel=[id: 0x3561676c, L:/127.0.0.1:51742 - R:localhost/127.0.0.1:8083]}}, [request_sent])
15:53:15.296 [reactor-http-nio-41] DEBUG reactor.netty.resources.PooledConnectionProvider - [id: 0x4f2e6241, L:/127.0.0.1:51772 - R:localhost/127.0.0.1:8083] onStateChange(GET{uri=/attractions, connection=PooledConnection{channel=[id: 0x4f2e6241, L:/127.0.0.1:51772 - R:localhost/127.0.0.1:8083]}}, [request_sent])
15:53:15.296 [reactor-http-nio-41] DEBUG reactor.netty.resources.PooledConnectionProvider - [id: 0x7286e1e8, L:/127.0.0.1:51739 - R:localhost/127.0.0.1:8083] Channel acquired, now 300 active connections and 1 inactive connections
15:53:15.296 [reactor-http-nio-41] DEBUG reactor.netty.http.client.HttpClientConnect - [id: 0x7286e1e8, L:/127.0.0.1:51739 - R:localhost/127.0.0.1:8083] Handler is being applied: {uri=http://localhost:8083/attractions, method=GET}
15:53:15.297 [reactor-http-nio-41] DEBUG reactor.netty.resources.PooledConnectionProvider - [id: 0x7286e1e8, L:/127.0.0.1:51739 - R:localhost/127.0.0.1:8083] onStateChange(GET{uri=/attractions, connection=PooledConnection{channel=[id: 0x7286e1e8, L:/127.0.0.1:51739 - R:localhost/127.0.0.1:8083]}}, [request_sent])
15:53:15.297 [reactor-http-nio-46] DEBUG reactor.netty.http.client.HttpClientOperations - [id: 0xab4988d5, L:/127.0.0.1:51831 - R:localhost/127.0.0.1:8083] Received response (auto-read:false) : [Content-Type=application/json, Transfer-Encoding=chunked, Date=Wed, 15 Jun 2022 14:53:14 GMT]
15:53:15.297 [reactor-http-nio-46] DEBUG reactor.netty.resources.PooledConnectionProvider - [id: 0xab4988d5, L:/127.0.0.1:51831 - R:localhost/127.0.0.1:8083] onStateChange(GET{uri=/userLocation?userId=7ab0801e-c6de-40b2-8af7-08768f7e5009, connection=PooledConnection{channel=[id: 0xab4988d5, L:/127.0.0.1:51831 - R:localhost/127.0.0.1:8083]}}, [response_received])
15:53:15.297 [reactor-http-nio-46] DEBUG org.springframework.web.reactive.function.client.ExchangeFunctions - [6d8539a0] Response 200 OK
15:53:15.297 [reactor-http-nio-41] DEBUG reactor.netty.http.client.HttpClientOperations - [id: 0x8ef5774d, L:/127.0.0.1:51762 - R:localhost/127.0.0.1:8083] Received response (auto-read:false) : [Content-Type=application/json, Transfer-Encoding=chunked, Date=Wed, 15 Jun 2022 14:53:14 GMT]
15:53:15.297 [reactor-http-nio-41] DEBUG reactor.netty.resources.PooledConnectionProvider - [id: 0x8ef5774d, L:/127.0.0.1:51762 - R:localhost/127.0.0.1:8083] onStateChange(GET{uri=/userLocation?userId=86b96852-f137-496f-85ff-f5970a77d168, connection=PooledConnection{channel=[id: 0x8ef5774d, L:/127.0.0.1:51762 - R:localhost/127.0.0.1:8083]}}, [response_received])
15:53:15.297 [reactor-http-nio-41] DEBUG org.springframework.web.reactive.function.client.ExchangeFunctions - [478c8e57] Response 200 OK
15:53:15.297 [reactor-http-nio-46] DEBUG reactor.netty.channel.FluxReceive - [id: 0xab4988d5, L:/127.0.0.1:51831 - R:localhost/127.0.0.1:8083] Subscribing inbound receiver [pending: 0, cancelled:false, inboundDone: false]
15:53:15.297 [reactor-http-nio-46] DEBUG reactor.netty.http.client.HttpClientOperations - [id: 0xab4988d5, L:/127.0.0.1:51831 - R:localhost/127.0.0.1:8083] Received last HTTP packet
15:53:15.298 [reactor-http-nio-41] DEBUG reactor.netty.channel.FluxReceive - [id: 0x8ef5774d, L:/127.0.0.1:51762 - R:localhost/127.0.0.1:8083] Subscribing inbound receiver [pending: 0, cancelled:false, inboundDone: false]
15:53:15.298 [reactor-http-nio-41] DEBUG reactor.netty.http.client.HttpClientOperations - [id: 0x8ef5774d, L:/127.0.0.1:51762 - R:localhost/127.0.0.1:8083] Received last HTTP packet
15:53:15.298 [reactor-http-nio-41] DEBUG org.springframework.core.codec.StringDecoder - [478c8e57] Decoded "{"userId":"86b96852-f137-496f-85ff-f5970a77d168","location":{"longitude":-23.026032,"latitude":-1.3 (truncated)...
15:53:15.298 [reactor-http-nio-41] DEBUG reactor.netty.resources.PooledConnectionProvider - [id: 0x8ef5774d, L:/127.0.0.1:51762 - R:localhost/127.0.0.1:8083] onStateChange(GET{uri=/userLocation?userId=86b96852-f137-496f-85ff-f5970a77d168, connection=PooledConnection{channel=[id: 0x8ef5774d, L:/127.0.0.1:51762 - R:localhost/127.0.0.1:8083]}}, [disconnecting])
15:53:15.298 [reactor-http-nio-41] DEBUG reactor.netty.resources.PooledConnectionProvider - [id: 0x8ef5774d, L:/127.0.0.1:51762 - R:localhost/127.0.0.1:8083] Releasing channel
15:53:15.298 [reactor-http-nio-41] DEBUG reactor.netty.resources.PooledConnectionProvider - [id: 0x8ef5774d, L:/127.0.0.1:51762 - R:localhost/127.0.0.1:8083] Channel cleaned, now 299 active connections and 2 inactive connections
15:53:15.298 [reactor-http-nio-46] DEBUG org.springframework.core.codec.StringDecoder - [6d8539a0] Decoded "{"userId":"7ab0801e-c6de-40b2-8af7-08768f7e5009","location":{"longitude":151.955177,"latitude":17.3 (truncated)...
15:53:15.298 [reactor-http-nio-46] DEBUG reactor.netty.resources.PooledConnectionProvider - [id: 0xab4988d5, L:/127.0.0.1:51831 - R:localhost/127.0.0.1:8083] onStateChange(GET{uri=/userLocation?userId=7ab0801e-c6de-40b2-8af7-08768f7e5009, connection=PooledConnection{channel=[id: 0xab4988d5, L:/127.0.0.1:51831 - R:localhost/127.0.0.1:8083]}}, [disconnecting])
15:53:15.298 [reactor-http-nio-46] DEBUG reactor.netty.resources.PooledConnectionProvider - [id: 0xab4988d5, L:/127.0.0.1:51831 - R:localhost/127.0.0.1:8083] Releasing channel
15:53:15.298 [reactor-http-nio-46] DEBUG reactor.netty.resources.PooledConnectionProvider - [id: 0xab4988d5, L:/127.0.0.1:51831 - R:localhost/127.0.0.1:8083] Channel cleaned, now 298 active connections and 3 inactive connections
15:53:15.299 [reactor-http-nio-46] DEBUG reactor.netty.http.client.HttpClientOperations - [id: 0xa4957f74, L:/127.0.0.1:51830 - R:localhost/127.0.0.1:8083] Received response (auto-read:false) : [Content-Type=application/json, Transfer-Encoding=chunked, Date=Wed, 15 Jun 2022 14:53:14 GMT]
15:53:15.299 [reactor-http-nio-46] DEBUG reactor.netty.resources.PooledConnectionProvider - [id: 0xa4957f74, L:/127.0.0.1:51830 - R:localhost/127.0.0.1:8083] onStateChange(GET{uri=/userLocation?userId=e10bc72d-f2dd-4dfe-9486-158778e05cb7, connection=PooledConnection{channel=[id: 0xa4957f74, L:/127.0.0.1:51830 - R:localhost/127.0.0.1:8083]}}, [response_received])
15:53:15.299 [reactor-http-nio-46] DEBUG org.springframework.web.reactive.function.client.ExchangeFunctions - [5859406a] Response 200 OK
15:53:15.299 [reactor-http-nio-46] DEBUG reactor.netty.channel.FluxReceive - [id: 0xa4957f74, L:/127.0.0.1:51830 - R:localhost/127.0.0.1:8083] Subscribing inbound receiver [pending: 0, cancelled:false, inboundDone: false]
15:53:15.301 [pool-5-thread-30] INFO tourGuide.service.TourGuideService - visitedLocatio tourGuide.gpsUtil.VisitedLocation@6c06002b
15:53:15.302 [pool-5-thread-30] DEBUG org.springframework.web.reactive.function.client.ExchangeFunctions - [669e7b23] HTTP GET http://localhost:8083/attractions
15:53:15.302 [pool-5-thread-21] INFO tourGuide.service.TourGuideService - visitedLocatio tourGuide.gpsUtil.VisitedLocation@1317f2e9
15:53:15.302 [pool-5-thread-21] DEBUG org.springframework.web.reactive.function.client.ExchangeFunctions - [1e71d989] HTTP GET http://localhost:8083/attractions
15:53:15.303 [reactor-http-nio-41] DEBUG reactor.netty.resources.PooledConnectionProvider - [id: 0xcdc2ae18, L:/127.0.0.1:51731 - R:localhost/127.0.0.1:8083] Channel acquired, now 299 active connections and 2 inactive connections
15:53:15.303 [reactor-http-nio-41] DEBUG reactor.netty.http.client.HttpClientConnect - [id: 0xcdc2ae18, L:/127.0.0.1:51731 - R:localhost/127.0.0.1:8083] Handler is being applied: {uri=http://localhost:8083/attractions, method=GET}
15:53:15.304 [reactor-http-nio-46] DEBUG reactor.netty.http.client.HttpClientOperations - [id: 0xa4957f74, L:/127.0.0.1:51830 - R:localhost/127.0.0.1:8083] Received last HTTP packet
15:53:15.304 [reactor-http-nio-41] DEBUG reactor.netty.resources.PooledConnectionProvider - [id: 0xcdc2ae18, L:/127.0.0.1:51731 - R:localhost/127.0.0.1:8083] onStateChange(GET{uri=/attractions, connection=PooledConnection{channel=[id: 0xcdc2ae18, L:/127.0.0.1:51731 - R:localhost/127.0.0.1:8083]}}, [request_sent])
15:53:15.304 [reactor-http-nio-46] DEBUG org.springframework.core.codec.StringDecoder - [5859406a] Decoded "{"userId":"e10bc72d-f2dd-4dfe-9486-158778e05cb7","location":{"longitude":148.478948,"latitude":53.8 (truncated)...
15:53:15.304 [reactor-http-nio-46] DEBUG reactor.netty.resources.PooledConnectionProvider - [id: 0xa4957f74, L:/127.0.0.1:51830 - R:localhost/127.0.0.1:8083] onStateChange(GET{uri=/userLocation?userId=e10bc72d-f2dd-4dfe-9486-158778e05cb7, connection=PooledConnection{channel=[id: 0xa4957f74, L:/127.0.0.1:51830 - R:localhost/127.0.0.1:8083]}}, [disconnecting])
15:53:15.304 [reactor-http-nio-46] DEBUG reactor.netty.resources.PooledConnectionProvider - [id: 0xa4957f74, L:/127.0.0.1:51830 - R:localhost/127.0.0.1:8083] Releasing channel
15:53:15.304 [reactor-http-nio-46] DEBUG reactor.netty.resources.PooledConnectionProvider - [id: 0xa4957f74, L:/127.0.0.1:51830 - R:localhost/127.0.0.1:8083] Channel cleaned, now 298 active connections and 3 inactive connections
15:53:15.304 [reactor-http-nio-41] DEBUG reactor.netty.resources.PooledConnectionProvider - [id: 0x8ef5774d, L:/127.0.0.1:51762 - R:localhost/127.0.0.1:8083] Channel acquired, now 299 active connections and 2 inactive connections
15:53:15.304 [reactor-http-nio-41] DEBUG reactor.netty.http.client.HttpClientConnect - [id: 0x8ef5774d, L:/127.0.0.1:51762 - R:localhost/127.0.0.1:8083] Handler is being applied: {uri=http://localhost:8083/attractions, method=GET}
15:53:15.304 [reactor-http-nio-46] DEBUG reactor.netty.http.client.HttpClientOperations - [id: 0x786dbf94, L:/127.0.0.1:51803 - R:localhost/127.0.0.1:8083] Received response (auto-read:false) : [Content-Type=application/json, Transfer-Encoding=chunked, Date=Wed, 15 Jun 2022 14:53:14 GMT]
15:53:15.304 [reactor-http-nio-46] DEBUG reactor.netty.resources.PooledConnectionProvider - [id: 0x786dbf94, L:/127.0.0.1:51803 - R:localhost/127.0.0.1:8083] onStateChange(GET{uri=/userLocation?userId=ab0094df-5aad-417a-86c4-33b91f1f0495, connection=PooledConnection{channel=[id: 0x786dbf94, L:/127.0.0.1:51803 - R:localhost/127.0.0.1:8083]}}, [response_received])
15:53:15.304 [reactor-http-nio-46] DEBUG org.springframework.web.reactive.function.client.ExchangeFunctions - [797d7268] Response 200 OK
15:53:15.305 [reactor-http-nio-46] DEBUG reactor.netty.channel.FluxReceive - [id: 0x786dbf94, L:/127.0.0.1:51803 - R:localhost/127.0.0.1:8083] Subscribing inbound receiver [pending: 0, cancelled:false, inboundDone: false]
15:53:15.305 [reactor-http-nio-41] DEBUG reactor.netty.resources.PooledConnectionProvider - [id: 0x8ef5774d, L:/127.0.0.1:51762 - R:localhost/127.0.0.1:8083] onStateChange(GET{uri=/attractions, connection=PooledConnection{channel=[id: 0x8ef5774d, L:/127.0.0.1:51762 - R:localhost/127.0.0.1:8083]}}, [request_sent])
15:53:15.306 [reactor-http-nio-46] DEBUG reactor.netty.http.client.HttpClientOperations - [id: 0x786dbf94, L:/127.0.0.1:51803 - R:localhost/127.0.0.1:8083] Received last HTTP packet
15:53:15.306 [reactor-http-nio-46] DEBUG org.springframework.core.codec.StringDecoder - [797d7268] Decoded "{"userId":"ab0094df-5aad-417a-86c4-33b91f1f0495","location":{"longitude":-150.388097,"latitude":72. (truncated)...
15:53:15.306 [reactor-http-nio-47] DEBUG reactor.netty.http.client.HttpClientOperations - [id: 0x31e144f5, L:/127.0.0.1:51849 - R:localhost/127.0.0.1:8083] Received response (auto-read:false) : [Content-Type=application/json, Transfer-Encoding=chunked, Date=Wed, 15 Jun 2022 14:53:14 GMT]
15:53:15.306 [reactor-http-nio-46] DEBUG reactor.netty.resources.PooledConnectionProvider - [id: 0x786dbf94, L:/127.0.0.1:51803 - R:localhost/127.0.0.1:8083] onStateChange(GET{uri=/userLocation?userId=ab0094df-5aad-417a-86c4-33b91f1f0495, connection=PooledConnection{channel=[id: 0x786dbf94, L:/127.0.0.1:51803 - R:localhost/127.0.0.1:8083]}}, [disconnecting])
15:53:15.307 [reactor-http-nio-47] DEBUG reactor.netty.resources.PooledConnectionProvider - [id: 0x31e144f5, L:/127.0.0.1:51849 - R:localhost/127.0.0.1:8083] onStateChange(GET{uri=/userLocation?userId=bce57cb7-bb2e-4db9-bddc-23ec1436ba36, connection=PooledConnection{channel=[id: 0x31e144f5, L:/127.0.0.1:51849 - R:localhost/127.0.0.1:8083]}}, [response_received])
15:53:15.307 [reactor-http-nio-46] DEBUG reactor.netty.resources.PooledConnectionProvider - [id: 0x786dbf94, L:/127.0.0.1:51803 - R:localhost/127.0.0.1:8083] Releasing channel
15:53:15.307 [reactor-http-nio-46] DEBUG reactor.netty.resources.PooledConnectionProvider - [id: 0x786dbf94, L:/127.0.0.1:51803 - R:localhost/127.0.0.1:8083] Channel cleaned, now 298 active connections and 3 inactive connections
15:53:15.307 [reactor-http-nio-47] DEBUG org.springframework.web.reactive.function.client.ExchangeFunctions - [d507a44] Response 200 OK
15:53:15.307 [pool-2-thread-117] INFO tourGuide.service.TourGuideService - visitedLocatio tourGuide.gpsUtil.VisitedLocation@424659c5
15:53:15.307 [reactor-http-nio-47] DEBUG reactor.netty.channel.FluxReceive - [id: 0x31e144f5, L:/127.0.0.1:51849 - R:localhost/127.0.0.1:8083] Subscribing inbound receiver [pending: 0, cancelled:false, inboundDone: false]
15:53:15.307 [pool-2-thread-117] DEBUG org.springframework.web.reactive.function.client.ExchangeFunctions - [794bb51e] HTTP GET http://localhost:8083/attractions
15:53:15.307 [reactor-http-nio-47] DEBUG reactor.netty.http.client.HttpClientOperations - [id: 0x31e144f5, L:/127.0.0.1:51849 - R:localhost/127.0.0.1:8083] Received last HTTP packet
15:53:15.308 [reactor-http-nio-47] DEBUG org.springframework.core.codec.StringDecoder - [d507a44] Decoded "{"userId":"bce57cb7-bb2e-4db9-bddc-23ec1436ba36","location":{"longitude":142.955619,"latitude":-65. (truncated)...
15:53:15.308 [reactor-http-nio-47] DEBUG reactor.netty.resources.PooledConnectionProvider - [id: 0x31e144f5, L:/127.0.0.1:51849 - R:localhost/127.0.0.1:8083] onStateChange(GET{uri=/userLocation?userId=bce57cb7-bb2e-4db9-bddc-23ec1436ba36, connection=PooledConnection{channel=[id: 0x31e144f5, L:/127.0.0.1:51849 - R:localhost/127.0.0.1:8083]}}, [disconnecting])
15:53:15.308 [reactor-http-nio-47] DEBUG reactor.netty.resources.PooledConnectionProvider - [id: 0x31e144f5, L:/127.0.0.1:51849 - R:localhost/127.0.0.1:8083] Releasing channel
15:53:15.308 [reactor-http-nio-47] DEBUG reactor.netty.resources.PooledConnectionProvider - [id: 0x31e144f5, L:/127.0.0.1:51849 - R:localhost/127.0.0.1:8083] Channel cleaned, now 297 active connections and 4 inactive connections
15:53:15.308 [pool-2-thread-148] INFO tourGuide.service.TourGuideService - visitedLocatio tourGuide.gpsUtil.VisitedLocation@33a1c877
15:53:15.309 [reactor-http-nio-46] DEBUG reactor.netty.resources.PooledConnectionProvider - [id: 0xab4988d5, L:/127.0.0.1:51831 - R:localhost/127.0.0.1:8083] Channel acquired, now 298 active connections and 3 inactive connections
15:53:15.309 [reactor-http-nio-46] DEBUG reactor.netty.http.client.HttpClientConnect - [id: 0xab4988d5, L:/127.0.0.1:51831 - R:localhost/127.0.0.1:8083] Handler is being applied: {uri=http://localhost:8083/attractions, method=GET}
15:53:15.310 [pool-2-thread-148] DEBUG org.springframework.web.reactive.function.client.ExchangeFunctions - [471eb1b] HTTP GET http://localhost:8083/attractions
15:53:15.310 [reactor-http-nio-46] DEBUG reactor.netty.resources.PooledConnectionProvider - [id: 0xab4988d5, L:/127.0.0.1:51831 - R:localhost/127.0.0.1:8083] onStateChange(GET{uri=/attractions, connection=PooledConnection{channel=[id: 0xab4988d5, L:/127.0.0.1:51831 - R:localhost/127.0.0.1:8083]}}, [request_sent])
15:53:15.310 [pool-2-thread-101] INFO tourGuide.service.TourGuideService - visitedLocatio tourGuide.gpsUtil.VisitedLocation@b0bf8a6
15:53:15.311 [pool-2-thread-101] DEBUG org.springframework.web.reactive.function.client.ExchangeFunctions - [2c428f30] HTTP GET http://localhost:8083/attractions
15:53:15.311 [reactor-http-nio-46] DEBUG reactor.netty.resources.PooledConnectionProvider - [id: 0xa4957f74, L:/127.0.0.1:51830 - R:localhost/127.0.0.1:8083] Channel acquired, now 299 active connections and 2 inactive connections
15:53:15.312 [reactor-http-nio-46] DEBUG reactor.netty.http.client.HttpClientConnect - [id: 0xa4957f74, L:/127.0.0.1:51830 - R:localhost/127.0.0.1:8083] Handler is being applied: {uri=http://localhost:8083/attractions, method=GET}
15:53:15.312 [reactor-http-nio-46] DEBUG reactor.netty.resources.PooledConnectionProvider - [id: 0xa4957f74, L:/127.0.0.1:51830 - R:localhost/127.0.0.1:8083] onStateChange(GET{uri=/attractions, connection=PooledConnection{channel=[id: 0xa4957f74, L:/127.0.0.1:51830 - R:localhost/127.0.0.1:8083]}}, [request_sent])
15:53:15.314 [reactor-http-nio-46] DEBUG reactor.netty.http.client.HttpClientOperations - [id: 0x814e535a, L:/127.0.0.1:51791 - R:localhost/127.0.0.1:8083] Received response (auto-read:false) : [Content-Type=application/json, Transfer-Encoding=chunked, Date=Wed, 15 Jun 2022 14:53:14 GMT]
15:53:15.314 [reactor-http-nio-46] DEBUG reactor.netty.resources.PooledConnectionProvider - [id: 0x814e535a, L:/127.0.0.1:51791 - R:localhost/127.0.0.1:8083] onStateChange(GET{uri=/userLocation?userId=5de48127-e4e7-42fa-b144-8f460a3fcf43, connection=PooledConnection{channel=[id: 0x814e535a, L:/127.0.0.1:51791 - R:localhost/127.0.0.1:8083]}}, [response_received])
15:53:15.314 [reactor-http-nio-46] DEBUG org.springframework.web.reactive.function.client.ExchangeFunctions - [433b7302] Response 200 OK
15:53:15.314 [reactor-http-nio-41] DEBUG reactor.netty.http.client.HttpClientOperations - [id: 0x35df572e, L:/127.0.0.1:51740 - R:localhost/127.0.0.1:8083] Received response (auto-read:false) : [Content-Type=application/json, Transfer-Encoding=chunked, Date=Wed, 15 Jun 2022 14:53:14 GMT]
15:53:15.314 [reactor-http-nio-41] DEBUG reactor.netty.resources.PooledConnectionProvider - [id: 0x35df572e, L:/127.0.0.1:51740 - R:localhost/127.0.0.1:8083] onStateChange(GET{uri=/userLocation?userId=30496959-4733-4b7e-859a-d17c68bbf8d0, connection=PooledConnection{channel=[id: 0x35df572e, L:/127.0.0.1:51740 - R:localhost/127.0.0.1:8083]}}, [response_received])
15:53:15.314 [reactor-http-nio-46] DEBUG reactor.netty.channel.FluxReceive - [id: 0x814e535a, L:/127.0.0.1:51791 - R:localhost/127.0.0.1:8083] Subscribing inbound receiver [pending: 0, cancelled:false, inboundDone: false]
15:53:15.314 [reactor-http-nio-41] DEBUG org.springframework.web.reactive.function.client.ExchangeFunctions - [35633eb8] Response 200 OK
15:53:15.314 [reactor-http-nio-46] DEBUG reactor.netty.http.client.HttpClientOperations - [id: 0x814e535a, L:/127.0.0.1:51791 - R:localhost/127.0.0.1:8083] Received last HTTP packet
15:53:15.314 [reactor-http-nio-41] DEBUG reactor.netty.channel.FluxReceive - [id: 0x35df572e, L:/127.0.0.1:51740 - R:localhost/127.0.0.1:8083] Subscribing inbound receiver [pending: 0, cancelled:false, inboundDone: false]
15:53:15.314 [reactor-http-nio-46] DEBUG org.springframework.core.codec.StringDecoder - [433b7302] Decoded "{"userId":"5de48127-e4e7-42fa-b144-8f460a3fcf43","location":{"longitude":-92.576011,"latitude":23.3 (truncated)...
15:53:15.314 [reactor-http-nio-46] DEBUG reactor.netty.resources.PooledConnectionProvider - [id: 0x814e535a, L:/127.0.0.1:51791 - R:localhost/127.0.0.1:8083] onStateChange(GET{uri=/userLocation?userId=5de48127-e4e7-42fa-b144-8f460a3fcf43, connection=PooledConnection{channel=[id: 0x814e535a, L:/127.0.0.1:51791 - R:localhost/127.0.0.1:8083]}}, [disconnecting])
15:53:15.314 [reactor-http-nio-41] DEBUG reactor.netty.http.client.HttpClientOperations - [id: 0x35df572e, L:/127.0.0.1:51740 - R:localhost/127.0.0.1:8083] Received last HTTP packet
15:53:15.315 [reactor-http-nio-41] DEBUG org.springframework.core.codec.StringDecoder - [35633eb8] Decoded "{"userId":"30496959-4733-4b7e-859a-d17c68bbf8d0","location":{"longitude":-71.478335,"latitude":-57. (truncated)...
15:53:15.315 [reactor-http-nio-41] DEBUG reactor.netty.resources.PooledConnectionProvider - [id: 0x35df572e, L:/127.0.0.1:51740 - R:localhost/127.0.0.1:8083] onStateChange(GET{uri=/userLocation?userId=30496959-4733-4b7e-859a-d17c68bbf8d0, connection=PooledConnection{channel=[id: 0x35df572e, L:/127.0.0.1:51740 - R:localhost/127.0.0.1:8083]}}, [disconnecting])
15:53:15.315 [reactor-http-nio-41] DEBUG reactor.netty.resources.PooledConnectionProvider - [id: 0x35df572e, L:/127.0.0.1:51740 - R:localhost/127.0.0.1:8083] Releasing channel
15:53:15.315 [reactor-http-nio-41] DEBUG reactor.netty.resources.PooledConnectionProvider - [id: 0x35df572e, L:/127.0.0.1:51740 - R:localhost/127.0.0.1:8083] Channel cleaned, now 298 active connections and 3 inactive connections
15:53:15.314 [reactor-http-nio-46] DEBUG reactor.netty.resources.PooledConnectionProvider - [id: 0x814e535a, L:/127.0.0.1:51791 - R:localhost/127.0.0.1:8083] Releasing channel
15:53:15.315 [reactor-http-nio-46] DEBUG reactor.netty.resources.PooledConnectionProvider - [id: 0x814e535a, L:/127.0.0.1:51791 - R:localhost/127.0.0.1:8083] Channel cleaned, now 297 active connections and 4 inactive connections
15:53:15.315 [reactor-http-nio-46] DEBUG reactor.netty.resources.PooledConnectionProvider - [id: 0x786dbf94, L:/127.0.0.1:51803 - R:localhost/127.0.0.1:8083] Channel acquired, now 298 active connections and 3 inactive connections
15:53:15.315 [reactor-http-nio-46] DEBUG reactor.netty.http.client.HttpClientConnect - [id: 0x786dbf94, L:/127.0.0.1:51803 - R:localhost/127.0.0.1:8083] Handler is being applied: {uri=http://localhost:8083/attractions, method=GET}
15:53:15.316 [pool-5-thread-34] INFO tourGuide.service.TourGuideService - visitedLocatio tourGuide.gpsUtil.VisitedLocation@58482838
15:53:15.316 [reactor-http-nio-46] DEBUG reactor.netty.resources.PooledConnectionProvider - [id: 0x786dbf94, L:/127.0.0.1:51803 - R:localhost/127.0.0.1:8083] onStateChange(GET{uri=/attractions, connection=PooledConnection{channel=[id: 0x786dbf94, L:/127.0.0.1:51803 - R:localhost/127.0.0.1:8083]}}, [request_sent])
15:53:15.316 [reactor-http-nio-46] DEBUG reactor.netty.http.client.HttpClientOperations - [id: 0x7857a0df, L:/127.0.0.1:51801 - R:localhost/127.0.0.1:8083] Received response (auto-read:false) : [Content-Type=application/json, Transfer-Encoding=chunked, Date=Wed, 15 Jun 2022 14:53:14 GMT]
15:53:15.316 [reactor-http-nio-46] DEBUG reactor.netty.resources.PooledConnectionProvider - [id: 0x7857a0df, L:/127.0.0.1:51801 - R:localhost/127.0.0.1:8083] onStateChange(GET{uri=/userLocation?userId=9f2ed21f-02c2-4b50-90b2-9e2cbfa2fd17, connection=PooledConnection{channel=[id: 0x7857a0df, L:/127.0.0.1:51801 - R:localhost/127.0.0.1:8083]}}, [response_received])
15:53:15.316 [pool-5-thread-34] DEBUG org.springframework.web.reactive.function.client.ExchangeFunctions - [7b5f80f6] HTTP GET http://localhost:8083/attractions
15:53:15.316 [reactor-http-nio-46] DEBUG org.springframework.web.reactive.function.client.ExchangeFunctions - [39b87d6] Response 200 OK
15:53:15.317 [reactor-http-nio-46] DEBUG reactor.netty.channel.FluxReceive - [id: 0x7857a0df, L:/127.0.0.1:51801 - R:localhost/127.0.0.1:8083] Subscribing inbound receiver [pending: 0, cancelled:false, inboundDone: false]
15:53:15.317 [pool-5-thread-71] INFO tourGuide.service.TourGuideService - visitedLocatio tourGuide.gpsUtil.VisitedLocation@118e1f52
15:53:15.317 [reactor-http-nio-46] DEBUG reactor.netty.http.client.HttpClientOperations - [id: 0x7857a0df, L:/127.0.0.1:51801 - R:localhost/127.0.0.1:8083] Received last HTTP packet
15:53:15.317 [reactor-http-nio-46] DEBUG org.springframework.core.codec.StringDecoder - [39b87d6] Decoded "{"userId":"9f2ed21f-02c2-4b50-90b2-9e2cbfa2fd17","location":{"longitude":-38.852238,"latitude":63.7 (truncated)...
15:53:15.317 [reactor-http-nio-46] DEBUG reactor.netty.resources.PooledConnectionProvider - [id: 0x7857a0df, L:/127.0.0.1:51801 - R:localhost/127.0.0.1:8083] onStateChange(GET{uri=/userLocation?userId=9f2ed21f-02c2-4b50-90b2-9e2cbfa2fd17, connection=PooledConnection{channel=[id: 0x7857a0df, L:/127.0.0.1:51801 - R:localhost/127.0.0.1:8083]}}, [disconnecting])
15:53:15.317 [reactor-http-nio-46] DEBUG reactor.netty.resources.PooledConnectionProvider - [id: 0x7857a0df, L:/127.0.0.1:51801 - R:localhost/127.0.0.1:8083] Releasing channel
15:53:15.317 [reactor-http-nio-46] DEBUG reactor.netty.resources.PooledConnectionProvider - [id: 0x7857a0df, L:/127.0.0.1:51801 - R:localhost/127.0.0.1:8083] Channel cleaned, now 297 active connections and 4 inactive connections
15:53:15.318 [pool-5-thread-71] DEBUG org.springframework.web.reactive.function.client.ExchangeFunctions - [1471cbcc] HTTP GET http://localhost:8083/attractions
15:53:15.318 [reactor-http-nio-47] DEBUG reactor.netty.resources.PooledConnectionProvider - [id: 0x31e144f5, L:/127.0.0.1:51849 - R:localhost/127.0.0.1:8083] Channel acquired, now 298 active connections and 3 inactive connections
15:53:15.318 [reactor-http-nio-47] DEBUG reactor.netty.http.client.HttpClientConnect - [id: 0x31e144f5, L:/127.0.0.1:51849 - R:localhost/127.0.0.1:8083] Handler is being applied: {uri=http://localhost:8083/attractions, method=GET}
15:53:15.319 [reactor-http-nio-47] DEBUG reactor.netty.resources.PooledConnectionProvider - [id: 0x31e144f5, L:/127.0.0.1:51849 - R:localhost/127.0.0.1:8083] onStateChange(GET{uri=/attractions, connection=PooledConnection{channel=[id: 0x31e144f5, L:/127.0.0.1:51849 - R:localhost/127.0.0.1:8083]}}, [request_sent])
15:53:15.319 [reactor-http-nio-41] DEBUG reactor.netty.resources.PooledConnectionProvider - [id: 0x35df572e, L:/127.0.0.1:51740 - R:localhost/127.0.0.1:8083] Channel acquired, now 299 active connections and 2 inactive connections
15:53:15.319 [reactor-http-nio-41] DEBUG reactor.netty.http.client.HttpClientConnect - [id: 0x35df572e, L:/127.0.0.1:51740 - R:localhost/127.0.0.1:8083] Handler is being applied: {uri=http://localhost:8083/attractions, method=GET}
15:53:15.320 [pool-2-thread-191] INFO tourGuide.service.TourGuideService - visitedLocatio tourGuide.gpsUtil.VisitedLocation@7d6729e4
15:53:15.320 [reactor-http-nio-41] DEBUG reactor.netty.resources.PooledConnectionProvider - [id: 0x35df572e, L:/127.0.0.1:51740 - R:localhost/127.0.0.1:8083] onStateChange(GET{uri=/attractions, connection=PooledConnection{channel=[id: 0x35df572e, L:/127.0.0.1:51740 - R:localhost/127.0.0.1:8083]}}, [request_sent])
15:53:15.321 [pool-2-thread-191] DEBUG org.springframework.web.reactive.function.client.ExchangeFunctions - [6b77ec32] HTTP GET http://localhost:8083/attractions
15:53:15.323 [reactor-http-nio-48] DEBUG reactor.netty.http.client.HttpClientOperations - [id: 0x2539c881, L:/127.0.0.1:51963 - R:localhost/127.0.0.1:8083] Received response (auto-read:false) : [Content-Type=application/json, Transfer-Encoding=chunked, Date=Wed, 15 Jun 2022 14:53:14 GMT]
15:53:15.323 [reactor-http-nio-48] DEBUG reactor.netty.resources.PooledConnectionProvider - [id: 0x2539c881, L:/127.0.0.1:51963 - R:localhost/127.0.0.1:8083] onStateChange(GET{uri=/userLocation?userId=880559bb-3b50-40c2-96ea-bd541dc11f0b, connection=PooledConnection{channel=[id: 0x2539c881, L:/127.0.0.1:51963 - R:localhost/127.0.0.1:8083]}}, [response_received])
15:53:15.323 [reactor-http-nio-46] DEBUG reactor.netty.http.client.HttpClientOperations - [id: 0xe6317c04, L:/127.0.0.1:51827 - R:localhost/127.0.0.1:8083] Received last HTTP packet
15:53:15.323 [reactor-http-nio-41] DEBUG reactor.netty.http.client.HttpClientOperations - [id: 0x030e65b7, L:/127.0.0.1:51777 - R:localhost/127.0.0.1:8083] Received response (auto-read:false) : [Content-Type=application/json, Transfer-Encoding=chunked, Date=Wed, 15 Jun 2022 14:53:14 GMT]
15:53:15.323 [reactor-http-nio-41] DEBUG reactor.netty.resources.PooledConnectionProvider - [id: 0x030e65b7, L:/127.0.0.1:51777 - R:localhost/127.0.0.1:8083] onStateChange(GET{uri=/userLocation?userId=47f7fc0d-9b59-4944-8365-959fd7e89072, connection=PooledConnection{channel=[id: 0x030e65b7, L:/127.0.0.1:51777 - R:localhost/127.0.0.1:8083]}}, [response_received])
15:53:15.323 [reactor-http-nio-41] DEBUG org.springframework.web.reactive.function.client.ExchangeFunctions - [706e1286] Response 200 OK
15:53:15.323 [reactor-http-nio-47] DEBUG reactor.netty.http.client.HttpClientOperations - [id: 0x9813afd7, L:/127.0.0.1:51842 - R:localhost/127.0.0.1:8083] Received response (auto-read:false) : [Content-Type=application/json, Transfer-Encoding=chunked, Date=Wed, 15 Jun 2022 14:53:14 GMT]
15:53:15.323 [reactor-http-nio-47] DEBUG reactor.netty.resources.PooledConnectionProvider - [id: 0x9813afd7, L:/127.0.0.1:51842 - R:localhost/127.0.0.1:8083] onStateChange(GET{uri=/userLocation?userId=da72c1bd-d194-48d7-b7b7-0755761b9887, connection=PooledConnection{channel=[id: 0x9813afd7, L:/127.0.0.1:51842 - R:localhost/127.0.0.1:8083]}}, [response_received])
15:53:15.323 [reactor-http-nio-47] DEBUG org.springframework.web.reactive.function.client.ExchangeFunctions - [7cb1591] Response 200 OK
15:53:15.323 [reactor-http-nio-41] DEBUG reactor.netty.channel.FluxReceive - [id: 0x030e65b7, L:/127.0.0.1:51777 - R:localhost/127.0.0.1:8083] Subscribing inbound receiver [pending: 0, cancelled:false, inboundDone: false]
15:53:15.323 [reactor-http-nio-47] DEBUG reactor.netty.channel.FluxReceive - [id: 0x9813afd7, L:/127.0.0.1:51842 - R:localhost/127.0.0.1:8083] Subscribing inbound receiver [pending: 0, cancelled:false, inboundDone: false]
15:53:15.324 [reactor-http-nio-41] DEBUG reactor.netty.http.client.HttpClientOperations - [id: 0x030e65b7, L:/127.0.0.1:51777 - R:localhost/127.0.0.1:8083] Received last HTTP packet
15:53:15.324 [reactor-http-nio-47] DEBUG reactor.netty.http.client.HttpClientOperations - [id: 0x9813afd7, L:/127.0.0.1:51842 - R:localhost/127.0.0.1:8083] Received last HTTP packet
15:53:15.324 [reactor-http-nio-47] DEBUG org.springframework.core.codec.StringDecoder - [7cb1591] Decoded "{"userId":"da72c1bd-d194-48d7-b7b7-0755761b9887","location":{"longitude":-114.605317,"latitude":45. (truncated)...
15:53:15.323 [reactor-http-nio-48] DEBUG org.springframework.web.reactive.function.client.ExchangeFunctions - [5aa70f54] Response 200 OK
15:53:15.324 [reactor-http-nio-47] DEBUG reactor.netty.resources.PooledConnectionProvider - [id: 0x9813afd7, L:/127.0.0.1:51842 - R:localhost/127.0.0.1:8083] onStateChange(GET{uri=/userLocation?userId=da72c1bd-d194-48d7-b7b7-0755761b9887, connection=PooledConnection{channel=[id: 0x9813afd7, L:/127.0.0.1:51842 - R:localhost/127.0.0.1:8083]}}, [disconnecting])
15:53:15.324 [reactor-http-nio-47] DEBUG reactor.netty.resources.PooledConnectionProvider - [id: 0x9813afd7, L:/127.0.0.1:51842 - R:localhost/127.0.0.1:8083] Releasing channel
15:53:15.324 [reactor-http-nio-48] DEBUG reactor.netty.channel.FluxReceive - [id: 0x2539c881, L:/127.0.0.1:51963 - R:localhost/127.0.0.1:8083] Subscribing inbound receiver [pending: 0, cancelled:false, inboundDone: false]
15:53:15.324 [reactor-http-nio-48] DEBUG reactor.netty.http.client.HttpClientOperations - [id: 0x2539c881, L:/127.0.0.1:51963 - R:localhost/127.0.0.1:8083] Received last HTTP packet
15:53:15.326 [reactor-http-nio-48] DEBUG org.springframework.core.codec.StringDecoder - [5aa70f54] Decoded "{"userId":"880559bb-3b50-40c2-96ea-bd541dc11f0b","location":{"longitude":-119.552704,"latitude":0.9 (truncated)...
15:53:15.323 [reactor-http-nio-46] DEBUG org.springframework.core.codec.StringDecoder - [2f0845ac] Decoded "{"userId":"a6863384-d596-4e00-ae17-a598d1b84a52","location":{"longitude":-81.662558,"latitude":-28. (truncated)...
15:53:15.326 [reactor-http-nio-48] DEBUG reactor.netty.resources.PooledConnectionProvider - [id: 0x2539c881, L:/127.0.0.1:51963 - R:localhost/127.0.0.1:8083] onStateChange(GET{uri=/userLocation?userId=880559bb-3b50-40c2-96ea-bd541dc11f0b, connection=PooledConnection{channel=[id: 0x2539c881, L:/127.0.0.1:51963 - R:localhost/127.0.0.1:8083]}}, [disconnecting])
15:53:15.324 [reactor-http-nio-41] DEBUG org.springframework.core.codec.StringDecoder - [706e1286] Decoded "{"userId":"47f7fc0d-9b59-4944-8365-959fd7e89072","location":{"longitude":-68.040826,"latitude":-51. (truncated)...
15:53:15.326 [reactor-http-nio-47] DEBUG reactor.netty.resources.PooledConnectionProvider - [id: 0x9813afd7, L:/127.0.0.1:51842 - R:localhost/127.0.0.1:8083] Channel cleaned, now 298 active connections and 3 inactive connections
15:53:15.326 [reactor-http-nio-41] DEBUG reactor.netty.resources.PooledConnectionProvider - [id: 0x030e65b7, L:/127.0.0.1:51777 - R:localhost/127.0.0.1:8083] onStateChange(GET{uri=/userLocation?userId=47f7fc0d-9b59-4944-8365-959fd7e89072, connection=PooledConnection{channel=[id: 0x030e65b7, L:/127.0.0.1:51777 - R:localhost/127.0.0.1:8083]}}, [disconnecting])
15:53:15.326 [reactor-http-nio-41] DEBUG reactor.netty.resources.PooledConnectionProvider - [id: 0x030e65b7, L:/127.0.0.1:51777 - R:localhost/127.0.0.1:8083] Releasing channel
15:53:15.326 [reactor-http-nio-41] DEBUG reactor.netty.resources.PooledConnectionProvider - [id: 0x030e65b7, L:/127.0.0.1:51777 - R:localhost/127.0.0.1:8083] Channel cleaned, now 297 active connections and 4 inactive connections
15:53:15.326 [reactor-http-nio-46] DEBUG reactor.netty.resources.PooledConnectionProvider - [id: 0xe6317c04, L:/127.0.0.1:51827 - R:localhost/127.0.0.1:8083] onStateChange(GET{uri=/userLocation?userId=a6863384-d596-4e00-ae17-a598d1b84a52, connection=PooledConnection{channel=[id: 0xe6317c04, L:/127.0.0.1:51827 - R:localhost/127.0.0.1:8083]}}, [disconnecting])
15:53:15.326 [reactor-http-nio-48] DEBUG reactor.netty.resources.PooledConnectionProvider - [id: 0x2539c881, L:/127.0.0.1:51963 - R:localhost/127.0.0.1:8083] Releasing channel
15:53:15.326 [reactor-http-nio-48] DEBUG reactor.netty.resources.PooledConnectionProvider - [id: 0x2539c881, L:/127.0.0.1:51963 - R:localhost/127.0.0.1:8083] Channel cleaned, now 296 active connections and 5 inactive connections
15:53:15.326 [reactor-http-nio-46] DEBUG reactor.netty.resources.PooledConnectionProvider - [id: 0xe6317c04, L:/127.0.0.1:51827 - R:localhost/127.0.0.1:8083] Releasing channel
15:53:15.326 [reactor-http-nio-46] DEBUG reactor.netty.resources.PooledConnectionProvider - [id: 0xe6317c04, L:/127.0.0.1:51827 - R:localhost/127.0.0.1:8083] Channel cleaned, now 295 active connections and 6 inactive connections
15:53:15.327 [reactor-http-nio-46] DEBUG reactor.netty.resources.PooledConnectionProvider - [id: 0x814e535a, L:/127.0.0.1:51791 - R:localhost/127.0.0.1:8083] Channel acquired, now 296 active connections and 5 inactive connections
15:53:15.327 [reactor-http-nio-46] DEBUG reactor.netty.http.client.HttpClientConnect - [id: 0x814e535a, L:/127.0.0.1:51791 - R:localhost/127.0.0.1:8083] Handler is being applied: {uri=http://localhost:8083/attractions, method=GET}
15:53:15.327 [reactor-http-nio-46] DEBUG reactor.netty.resources.PooledConnectionProvider - [id: 0x814e535a, L:/127.0.0.1:51791 - R:localhost/127.0.0.1:8083] onStateChange(GET{uri=/attractions, connection=PooledConnection{channel=[id: 0x814e535a, L:/127.0.0.1:51791 - R:localhost/127.0.0.1:8083]}}, [request_sent])
15:53:15.328 [reactor-http-nio-48] DEBUG reactor.netty.http.client.HttpClientOperations - [id: 0xe14cc15c, L:/127.0.0.1:51896 - R:localhost/127.0.0.1:8083] Received response (auto-read:false) : [Content-Type=application/json, Transfer-Encoding=chunked, Date=Wed, 15 Jun 2022 14:53:14 GMT]
15:53:15.328 [reactor-http-nio-48] DEBUG reactor.netty.resources.PooledConnectionProvider - [id: 0xe14cc15c, L:/127.0.0.1:51896 - R:localhost/127.0.0.1:8083] onStateChange(GET{uri=/userLocation?userId=f1a54c71-142b-4534-9113-5f5f1ae30e36, connection=PooledConnection{channel=[id: 0xe14cc15c, L:/127.0.0.1:51896 - R:localhost/127.0.0.1:8083]}}, [response_received])
15:53:15.328 [reactor-http-nio-48] DEBUG org.springframework.web.reactive.function.client.ExchangeFunctions - [45f0a190] Response 200 OK
15:53:15.329 [reactor-http-nio-48] DEBUG reactor.netty.channel.FluxReceive - [id: 0xe14cc15c, L:/127.0.0.1:51896 - R:localhost/127.0.0.1:8083] Subscribing inbound receiver [pending: 0, cancelled:false, inboundDone: false]
15:53:15.329 [reactor-http-nio-48] DEBUG reactor.netty.http.client.HttpClientOperations - [id: 0xe14cc15c, L:/127.0.0.1:51896 - R:localhost/127.0.0.1:8083] Received last HTTP packet
15:53:15.329 [reactor-http-nio-48] DEBUG org.springframework.core.codec.StringDecoder - [45f0a190] Decoded "{"userId":"f1a54c71-142b-4534-9113-5f5f1ae30e36","location":{"longitude":175.774902,"latitude":74.4 (truncated)...
15:53:15.329 [reactor-http-nio-48] DEBUG reactor.netty.resources.PooledConnectionProvider - [id: 0xe14cc15c, L:/127.0.0.1:51896 - R:localhost/127.0.0.1:8083] onStateChange(GET{uri=/userLocation?userId=f1a54c71-142b-4534-9113-5f5f1ae30e36, connection=PooledConnection{channel=[id: 0xe14cc15c, L:/127.0.0.1:51896 - R:localhost/127.0.0.1:8083]}}, [disconnecting])
15:53:15.329 [reactor-http-nio-48] DEBUG reactor.netty.resources.PooledConnectionProvider - [id: 0xe14cc15c, L:/127.0.0.1:51896 - R:localhost/127.0.0.1:8083] Releasing channel
15:53:15.329 [reactor-http-nio-48] DEBUG reactor.netty.resources.PooledConnectionProvider - [id: 0xe14cc15c, L:/127.0.0.1:51896 - R:localhost/127.0.0.1:8083] Channel cleaned, now 295 active connections and 6 inactive connections
15:53:15.332 [pool-2-thread-89] INFO tourGuide.service.TourGuideService - visitedLocatio tourGuide.gpsUtil.VisitedLocation@158088d0
15:53:15.333 [pool-2-thread-89] DEBUG org.springframework.web.reactive.function.client.ExchangeFunctions - [5e589a6c] HTTP GET http://localhost:8083/attractions
15:53:15.335 [reactor-http-nio-46] DEBUG reactor.netty.resources.PooledConnectionProvider - [id: 0x7857a0df, L:/127.0.0.1:51801 - R:localhost/127.0.0.1:8083] Channel acquired, now 296 active connections and 5 inactive connections
15:53:15.335 [reactor-http-nio-46] DEBUG reactor.netty.http.client.HttpClientConnect - [id: 0x7857a0df, L:/127.0.0.1:51801 - R:localhost/127.0.0.1:8083] Handler is being applied: {uri=http://localhost:8083/attractions, method=GET}
15:53:15.336 [reactor-http-nio-46] DEBUG reactor.netty.resources.PooledConnectionProvider - [id: 0x7857a0df, L:/127.0.0.1:51801 - R:localhost/127.0.0.1:8083] onStateChange(GET{uri=/attractions, connection=PooledConnection{channel=[id: 0x7857a0df, L:/127.0.0.1:51801 - R:localhost/127.0.0.1:8083]}}, [request_sent])
15:53:15.334 [pool-2-thread-13] INFO tourGuide.service.TourGuideService - visitedLocatio tourGuide.gpsUtil.VisitedLocation@50a4ae14
15:53:15.337 [pool-2-thread-13] DEBUG org.springframework.web.reactive.function.client.ExchangeFunctions - [26d9e0e5] HTTP GET http://localhost:8083/attractions
15:53:15.339 [reactor-http-nio-47] DEBUG reactor.netty.resources.PooledConnectionProvider - [id: 0x9813afd7, L:/127.0.0.1:51842 - R:localhost/127.0.0.1:8083] Channel acquired, now 297 active connections and 4 inactive connections
15:53:15.339 [reactor-http-nio-47] DEBUG reactor.netty.http.client.HttpClientConnect - [id: 0x9813afd7, L:/127.0.0.1:51842 - R:localhost/127.0.0.1:8083] Handler is being applied: {uri=http://localhost:8083/attractions, method=GET}
15:53:15.340 [reactor-http-nio-47] DEBUG reactor.netty.resources.PooledConnectionProvider - [id: 0x9813afd7, L:/127.0.0.1:51842 - R:localhost/127.0.0.1:8083] onStateChange(GET{uri=/attractions, connection=PooledConnection{channel=[id: 0x9813afd7, L:/127.0.0.1:51842 - R:localhost/127.0.0.1:8083]}}, [request_sent])
15:53:15.341 [pool-2-thread-192] INFO tourGuide.service.TourGuideService - visitedLocatio tourGuide.gpsUtil.VisitedLocation@e61b4ba
15:53:15.341 [pool-2-thread-192] DEBUG org.springframework.web.reactive.function.client.ExchangeFunctions - [47712549] HTTP GET http://localhost:8083/attractions
15:53:15.343 [pool-2-thread-195] INFO tourGuide.service.TourGuideService - visitedLocatio tourGuide.gpsUtil.VisitedLocation@2e0a3969
15:53:15.343 [reactor-http-nio-41] DEBUG reactor.netty.resources.PooledConnectionProvider - [id: 0x030e65b7, L:/127.0.0.1:51777 - R:localhost/127.0.0.1:8083] Channel acquired, now 298 active connections and 3 inactive connections
15:53:15.343 [reactor-http-nio-41] DEBUG reactor.netty.http.client.HttpClientConnect - [id: 0x030e65b7, L:/127.0.0.1:51777 - R:localhost/127.0.0.1:8083] Handler is being applied: {uri=http://localhost:8083/attractions, method=GET}
15:53:15.343 [pool-2-thread-195] DEBUG org.springframework.web.reactive.function.client.ExchangeFunctions - [1f7f1bc9] HTTP GET http://localhost:8083/attractions
15:53:15.344 [reactor-http-nio-48] DEBUG reactor.netty.resources.PooledConnectionProvider - [id: 0x2539c881, L:/127.0.0.1:51963 - R:localhost/127.0.0.1:8083] Channel acquired, now 299 active connections and 2 inactive connections
15:53:15.345 [reactor-http-nio-48] DEBUG reactor.netty.http.client.HttpClientConnect - [id: 0x2539c881, L:/127.0.0.1:51963 - R:localhost/127.0.0.1:8083] Handler is being applied: {uri=http://localhost:8083/attractions, method=GET}
15:53:15.345 [reactor-http-nio-41] DEBUG reactor.netty.resources.PooledConnectionProvider - [id: 0x030e65b7, L:/127.0.0.1:51777 - R:localhost/127.0.0.1:8083] onStateChange(GET{uri=/attractions, connection=PooledConnection{channel=[id: 0x030e65b7, L:/127.0.0.1:51777 - R:localhost/127.0.0.1:8083]}}, [request_sent])
15:53:15.345 [reactor-http-nio-48] DEBUG reactor.netty.resources.PooledConnectionProvider - [id: 0x2539c881, L:/127.0.0.1:51963 - R:localhost/127.0.0.1:8083] onStateChange(GET{uri=/attractions, connection=PooledConnection{channel=[id: 0x2539c881, L:/127.0.0.1:51963 - R:localhost/127.0.0.1:8083]}}, [request_sent])
15:53:15.346 [pool-5-thread-6] INFO tourGuide.service.TourGuideService - visitedLocatio tourGuide.gpsUtil.VisitedLocation@587b95e3
15:53:15.346 [pool-5-thread-6] DEBUG org.springframework.web.reactive.function.client.ExchangeFunctions - [4f3ef518] HTTP GET http://localhost:8083/attractions
15:53:15.348 [reactor-http-nio-46] DEBUG reactor.netty.resources.PooledConnectionProvider - [id: 0xe6317c04, L:/127.0.0.1:51827 - R:localhost/127.0.0.1:8083] Channel acquired, now 300 active connections and 1 inactive connections
15:53:15.349 [reactor-http-nio-46] DEBUG reactor.netty.http.client.HttpClientConnect - [id: 0xe6317c04, L:/127.0.0.1:51827 - R:localhost/127.0.0.1:8083] Handler is being applied: {uri=http://localhost:8083/attractions, method=GET}
15:53:15.349 [reactor-http-nio-41] DEBUG reactor.netty.http.client.HttpClientOperations - [id: 0x04d95a3a, L:/127.0.0.1:51789 - R:localhost/127.0.0.1:8083] Received response (auto-read:false) : [Content-Type=application/json, Transfer-Encoding=chunked, Date=Wed, 15 Jun 2022 14:53:14 GMT]
15:53:15.349 [reactor-http-nio-41] DEBUG reactor.netty.resources.PooledConnectionProvider - [id: 0x04d95a3a, L:/127.0.0.1:51789 - R:localhost/127.0.0.1:8083] onStateChange(GET{uri=/userLocation?userId=5670eed1-2152-42b9-968c-6e0fa1a77d9c, connection=PooledConnection{channel=[id: 0x04d95a3a, L:/127.0.0.1:51789 - R:localhost/127.0.0.1:8083]}}, [response_received])
15:53:15.349 [reactor-http-nio-46] DEBUG reactor.netty.resources.PooledConnectionProvider - [id: 0xe6317c04, L:/127.0.0.1:51827 - R:localhost/127.0.0.1:8083] onStateChange(GET{uri=/attractions, connection=PooledConnection{channel=[id: 0xe6317c04, L:/127.0.0.1:51827 - R:localhost/127.0.0.1:8083]}}, [request_sent])
15:53:15.349 [reactor-http-nio-41] DEBUG org.springframework.web.reactive.function.client.ExchangeFunctions - [56830178] Response 200 OK
15:53:15.350 [reactor-http-nio-41] DEBUG reactor.netty.channel.FluxReceive - [id: 0x04d95a3a, L:/127.0.0.1:51789 - R:localhost/127.0.0.1:8083] Subscribing inbound receiver [pending: 0, cancelled:false, inboundDone: false]
15:53:15.350 [reactor-http-nio-41] DEBUG reactor.netty.http.client.HttpClientOperations - [id: 0x04d95a3a, L:/127.0.0.1:51789 - R:localhost/127.0.0.1:8083] Received last HTTP packet
15:53:15.350 [reactor-http-nio-41] DEBUG org.springframework.core.codec.StringDecoder - [56830178] Decoded "{"userId":"5670eed1-2152-42b9-968c-6e0fa1a77d9c","location":{"longitude":-142.77246,"latitude":79.6 (truncated)...
15:53:15.350 [reactor-http-nio-41] DEBUG reactor.netty.resources.PooledConnectionProvider - [id: 0x04d95a3a, L:/127.0.0.1:51789 - R:localhost/127.0.0.1:8083] onStateChange(GET{uri=/userLocation?userId=5670eed1-2152-42b9-968c-6e0fa1a77d9c, connection=PooledConnection{channel=[id: 0x04d95a3a, L:/127.0.0.1:51789 - R:localhost/127.0.0.1:8083]}}, [disconnecting])
15:53:15.351 [reactor-http-nio-41] DEBUG reactor.netty.resources.PooledConnectionProvider - [id: 0x04d95a3a, L:/127.0.0.1:51789 - R:localhost/127.0.0.1:8083] Releasing channel
15:53:15.351 [reactor-http-nio-41] DEBUG reactor.netty.resources.PooledConnectionProvider - [id: 0x04d95a3a, L:/127.0.0.1:51789 - R:localhost/127.0.0.1:8083] Channel cleaned, now 299 active connections and 2 inactive connections
15:53:15.352 [pool-2-thread-48] INFO tourGuide.service.TourGuideService - visitedLocatio tourGuide.gpsUtil.VisitedLocation@73ae7a83
15:53:15.354 [pool-2-thread-48] DEBUG org.springframework.web.reactive.function.client.ExchangeFunctions - [b4f8b1e] HTTP GET http://localhost:8083/attractions
15:53:15.356 [reactor-http-nio-46] DEBUG reactor.netty.http.client.HttpClientOperations - [id: 0x774c45b7, L:/127.0.0.1:51738 - R:localhost/127.0.0.1:8083] Received response (auto-read:false) : [Content-Type=application/json, Transfer-Encoding=chunked, Date=Wed, 15 Jun 2022 14:53:14 GMT]
15:53:15.356 [reactor-http-nio-46] DEBUG reactor.netty.resources.PooledConnectionProvider - [id: 0x774c45b7, L:/127.0.0.1:51738 - R:localhost/127.0.0.1:8083] onStateChange(GET{uri=/userLocation?userId=d5fa2128-829b-4e00-94a4-31828d642bf7, connection=PooledConnection{channel=[id: 0x774c45b7, L:/127.0.0.1:51738 - R:localhost/127.0.0.1:8083]}}, [response_received])
15:53:15.356 [reactor-http-nio-46] DEBUG org.springframework.web.reactive.function.client.ExchangeFunctions - [39f0d8d3] Response 200 OK
15:53:15.356 [reactor-http-nio-41] DEBUG reactor.netty.http.client.HttpClientOperations - [id: 0x0c95a1e6, L:/127.0.0.1:51725 - R:localhost/127.0.0.1:8083] Received response (auto-read:false) : [Content-Type=application/json, Transfer-Encoding=chunked, Date=Wed, 15 Jun 2022 14:53:14 GMT]
15:53:15.356 [reactor-http-nio-41] DEBUG reactor.netty.resources.PooledConnectionProvider - [id: 0x0c95a1e6, L:/127.0.0.1:51725 - R:localhost/127.0.0.1:8083] onStateChange(GET{uri=/attractions, connection=PooledConnection{channel=[id: 0x0c95a1e6, L:/127.0.0.1:51725 - R:localhost/127.0.0.1:8083]}}, [response_received])
15:53:15.356 [reactor-http-nio-41] DEBUG org.springframework.web.reactive.function.client.ExchangeFunctions - [97e32f7] Response 200 OK
15:53:15.356 [reactor-http-nio-41] DEBUG reactor.netty.channel.FluxReceive - [id: 0x0c95a1e6, L:/127.0.0.1:51725 - R:localhost/127.0.0.1:8083] Subscribing inbound receiver [pending: 0, cancelled:false, inboundDone: false]
15:53:15.357 [reactor-http-nio-41] DEBUG reactor.netty.http.client.HttpClientOperations - [id: 0x0c95a1e6, L:/127.0.0.1:51725 - R:localhost/127.0.0.1:8083] Received last HTTP packet
15:53:15.357 [reactor-http-nio-46] DEBUG reactor.netty.channel.FluxReceive - [id: 0x774c45b7, L:/127.0.0.1:51738 - R:localhost/127.0.0.1:8083] Subscribing inbound receiver [pending: 0, cancelled:false, inboundDone: false]
15:53:15.357 [reactor-http-nio-41] DEBUG org.springframework.core.codec.StringDecoder - [97e32f7] Decoded "[{"longitude":-117.922008,"latitude":33.817595,"attractionName":"Disneyland","city":"Anaheim","stat (truncated)...
15:53:15.357 [reactor-http-nio-46] DEBUG reactor.netty.http.client.HttpClientOperations - [id: 0x774c45b7, L:/127.0.0.1:51738 - R:localhost/127.0.0.1:8083] Received last HTTP packet
15:53:15.357 [reactor-http-nio-41] DEBUG reactor.netty.resources.PooledConnectionProvider - [id: 0x0c95a1e6, L:/127.0.0.1:51725 - R:localhost/127.0.0.1:8083] onStateChange(GET{uri=/attractions, connection=PooledConnection{channel=[id: 0x0c95a1e6, L:/127.0.0.1:51725 - R:localhost/127.0.0.1:8083]}}, [disconnecting])
15:53:15.357 [reactor-http-nio-41] DEBUG reactor.netty.resources.PooledConnectionProvider - [id: 0x0c95a1e6, L:/127.0.0.1:51725 - R:localhost/127.0.0.1:8083] Releasing channel
15:53:15.357 [reactor-http-nio-41] DEBUG reactor.netty.resources.PooledConnectionProvider - [id: 0x0c95a1e6, L:/127.0.0.1:51725 - R:localhost/127.0.0.1:8083] Channel cleaned, now 298 active connections and 3 inactive connections
15:53:15.357 [reactor-http-nio-46] DEBUG org.springframework.core.codec.StringDecoder - [39f0d8d3] Decoded "{"userId":"d5fa2128-829b-4e00-94a4-31828d642bf7","location":{"longitude":71.013637,"latitude":53.67 (truncated)...
15:53:15.357 [reactor-http-nio-46] DEBUG reactor.netty.resources.PooledConnectionProvider - [id: 0x774c45b7, L:/127.0.0.1:51738 - R:localhost/127.0.0.1:8083] onStateChange(GET{uri=/userLocation?userId=d5fa2128-829b-4e00-94a4-31828d642bf7, connection=PooledConnection{channel=[id: 0x774c45b7, L:/127.0.0.1:51738 - R:localhost/127.0.0.1:8083]}}, [disconnecting])
15:53:15.358 [reactor-http-nio-46] DEBUG reactor.netty.resources.PooledConnectionProvider - [id: 0x774c45b7, L:/127.0.0.1:51738 - R:localhost/127.0.0.1:8083] Releasing channel
15:53:15.358 [reactor-http-nio-46] DEBUG reactor.netty.resources.PooledConnectionProvider - [id: 0x774c45b7, L:/127.0.0.1:51738 - R:localhost/127.0.0.1:8083] Channel cleaned, now 297 active connections and 4 inactive connections
15:53:15.358 [reactor-http-nio-41] DEBUG reactor.netty.http.client.HttpClientOperations - [id: 0x307222ea, L:/127.0.0.1:51747 - R:localhost/127.0.0.1:8083] Received response (auto-read:false) : [Content-Type=application/json, Transfer-Encoding=chunked, Date=Wed, 15 Jun 2022 14:53:14 GMT]
15:53:15.358 [reactor-http-nio-41] DEBUG reactor.netty.resources.PooledConnectionProvider - [id: 0x307222ea, L:/127.0.0.1:51747 - R:localhost/127.0.0.1:8083] onStateChange(GET{uri=/userLocation?userId=f20b15b7-f7b3-4f6f-b563-e0ff81c3f6e2, connection=PooledConnection{channel=[id: 0x307222ea, L:/127.0.0.1:51747 - R:localhost/127.0.0.1:8083]}}, [response_received])
15:53:15.358 [reactor-http-nio-41] DEBUG org.springframework.web.reactive.function.client.ExchangeFunctions - [26daf861] Response 200 OK
15:53:15.358 [reactor-http-nio-41] DEBUG reactor.netty.channel.FluxReceive - [id: 0x307222ea, L:/127.0.0.1:51747 - R:localhost/127.0.0.1:8083] Subscribing inbound receiver [pending: 0, cancelled:false, inboundDone: false]
15:53:15.359 [reactor-http-nio-41] DEBUG reactor.netty.http.client.HttpClientOperations - [id: 0x307222ea, L:/127.0.0.1:51747 - R:localhost/127.0.0.1:8083] Received last HTTP packet
15:53:15.359 [reactor-http-nio-41] DEBUG org.springframework.core.codec.StringDecoder - [26daf861] Decoded "{"userId":"f20b15b7-f7b3-4f6f-b563-e0ff81c3f6e2","location":{"longitude":173.81151,"latitude":-58.2 (truncated)...
15:53:15.359 [reactor-http-nio-41] DEBUG reactor.netty.resources.PooledConnectionProvider - [id: 0x307222ea, L:/127.0.0.1:51747 - R:localhost/127.0.0.1:8083] onStateChange(GET{uri=/userLocation?userId=f20b15b7-f7b3-4f6f-b563-e0ff81c3f6e2, connection=PooledConnection{channel=[id: 0x307222ea, L:/127.0.0.1:51747 - R:localhost/127.0.0.1:8083]}}, [disconnecting])
15:53:15.359 [reactor-http-nio-41] DEBUG reactor.netty.resources.PooledConnectionProvider - [id: 0x307222ea, L:/127.0.0.1:51747 - R:localhost/127.0.0.1:8083] Releasing channel
15:53:15.359 [reactor-http-nio-41] DEBUG reactor.netty.resources.PooledConnectionProvider - [id: 0x307222ea, L:/127.0.0.1:51747 - R:localhost/127.0.0.1:8083] Channel cleaned, now 296 active connections and 5 inactive connections
15:53:15.359 [reactor-http-nio-41] DEBUG reactor.netty.http.client.HttpClientOperations - [id: 0xabcec1ab, L:/127.0.0.1:51770 - R:localhost/127.0.0.1:8083] Received response (auto-read:false) : [Content-Type=application/json, Transfer-Encoding=chunked, Date=Wed, 15 Jun 2022 14:53:14 GMT]
15:53:15.359 [reactor-http-nio-41] DEBUG reactor.netty.resources.PooledConnectionProvider - [id: 0xabcec1ab, L:/127.0.0.1:51770 - R:localhost/127.0.0.1:8083] onStateChange(GET{uri=/userLocation?userId=08e97f18-a490-4149-9c2e-136eb8957ab6, connection=PooledConnection{channel=[id: 0xabcec1ab, L:/127.0.0.1:51770 - R:localhost/127.0.0.1:8083]}}, [response_received])
15:53:15.359 [reactor-http-nio-41] DEBUG org.springframework.web.reactive.function.client.ExchangeFunctions - [6deee1c8] Response 200 OK
15:53:15.360 [reactor-http-nio-41] DEBUG reactor.netty.channel.FluxReceive - [id: 0xabcec1ab, L:/127.0.0.1:51770 - R:localhost/127.0.0.1:8083] Subscribing inbound receiver [pending: 0, cancelled:false, inboundDone: false]
15:53:15.360 [reactor-http-nio-41] DEBUG reactor.netty.http.client.HttpClientOperations - [id: 0xabcec1ab, L:/127.0.0.1:51770 - R:localhost/127.0.0.1:8083] Received last HTTP packet
15:53:15.360 [reactor-http-nio-41] DEBUG org.springframework.core.codec.StringDecoder - [6deee1c8] Decoded "{"userId":"08e97f18-a490-4149-9c2e-136eb8957ab6","location":{"longitude":-98.636121,"latitude":14.7 (truncated)...
15:53:15.360 [reactor-http-nio-41] DEBUG reactor.netty.resources.PooledConnectionProvider - [id: 0xabcec1ab, L:/127.0.0.1:51770 - R:localhost/127.0.0.1:8083] onStateChange(GET{uri=/userLocation?userId=08e97f18-a490-4149-9c2e-136eb8957ab6, connection=PooledConnection{channel=[id: 0xabcec1ab, L:/127.0.0.1:51770 - R:localhost/127.0.0.1:8083]}}, [disconnecting])
15:53:15.360 [reactor-http-nio-41] DEBUG reactor.netty.resources.PooledConnectionProvider - [id: 0xabcec1ab, L:/127.0.0.1:51770 - R:localhost/127.0.0.1:8083] Releasing channel
15:53:15.360 [reactor-http-nio-41] DEBUG reactor.netty.resources.PooledConnectionProvider - [id: 0xabcec1ab, L:/127.0.0.1:51770 - R:localhost/127.0.0.1:8083] Channel cleaned, now 295 active connections and 6 inactive connections
15:53:15.360 [reactor-http-nio-46] DEBUG reactor.netty.http.client.HttpClientOperations - [id: 0xf75a1396, L:/127.0.0.1:51746 - R:localhost/127.0.0.1:8083] Received response (auto-read:false) : [Content-Type=application/json, Transfer-Encoding=chunked, Date=Wed, 15 Jun 2022 14:53:14 GMT]
15:53:15.361 [reactor-http-nio-46] DEBUG reactor.netty.resources.PooledConnectionProvider - [id: 0xf75a1396, L:/127.0.0.1:51746 - R:localhost/127.0.0.1:8083] onStateChange(GET{uri=/userLocation?userId=022b05a8-67e6-40c4-b201-3ea1d558cb51, connection=PooledConnection{channel=[id: 0xf75a1396, L:/127.0.0.1:51746 - R:localhost/127.0.0.1:8083]}}, [response_received])
15:53:15.361 [reactor-http-nio-46] DEBUG org.springframework.web.reactive.function.client.ExchangeFunctions - [66107393] Response 200 OK
15:53:15.361 [reactor-http-nio-46] DEBUG reactor.netty.channel.FluxReceive - [id: 0xf75a1396, L:/127.0.0.1:51746 - R:localhost/127.0.0.1:8083] Subscribing inbound receiver [pending: 0, cancelled:false, inboundDone: false]
15:53:15.361 [reactor-http-nio-46] DEBUG reactor.netty.http.client.HttpClientOperations - [id: 0xf75a1396, L:/127.0.0.1:51746 - R:localhost/127.0.0.1:8083] Received last HTTP packet
15:53:15.361 [reactor-http-nio-46] DEBUG org.springframework.core.codec.StringDecoder - [66107393] Decoded "{"userId":"022b05a8-67e6-40c4-b201-3ea1d558cb51","location":{"longitude":50.477006,"latitude":64.61 (truncated)...
15:53:15.361 [reactor-http-nio-46] DEBUG reactor.netty.resources.PooledConnectionProvider - [id: 0xf75a1396, L:/127.0.0.1:51746 - R:localhost/127.0.0.1:8083] onStateChange(GET{uri=/userLocation?userId=022b05a8-67e6-40c4-b201-3ea1d558cb51, connection=PooledConnection{channel=[id: 0xf75a1396, L:/127.0.0.1:51746 - R:localhost/127.0.0.1:8083]}}, [disconnecting])
15:53:15.361 [reactor-http-nio-46] DEBUG reactor.netty.resources.PooledConnectionProvider - [id: 0xf75a1396, L:/127.0.0.1:51746 - R:localhost/127.0.0.1:8083] Releasing channel
15:53:15.361 [reactor-http-nio-46] DEBUG reactor.netty.resources.PooledConnectionProvider - [id: 0xf75a1396, L:/127.0.0.1:51746 - R:localhost/127.0.0.1:8083] Channel cleaned, now 294 active connections and 7 inactive connections
15:53:15.362 [reactor-http-nio-48] DEBUG reactor.netty.http.client.HttpClientOperations - [id: 0x5ae48bb7, L:/127.0.0.1:51942 - R:localhost/127.0.0.1:8083] Received response (auto-read:false) : [Content-Type=application/json, Transfer-Encoding=chunked, Date=Wed, 15 Jun 2022 14:53:14 GMT]
15:53:15.362 [reactor-http-nio-48] DEBUG reactor.netty.resources.PooledConnectionProvider - [id: 0x5ae48bb7, L:/127.0.0.1:51942 - R:localhost/127.0.0.1:8083] onStateChange(GET{uri=/userLocation?userId=80da2ec1-9d32-4b92-9483-5dfe3689c638, connection=PooledConnection{channel=[id: 0x5ae48bb7, L:/127.0.0.1:51942 - R:localhost/127.0.0.1:8083]}}, [response_received])
15:53:15.362 [reactor-http-nio-48] DEBUG org.springframework.web.reactive.function.client.ExchangeFunctions - [30733891] Response 200 OK
15:53:15.363 [reactor-http-nio-48] DEBUG reactor.netty.channel.FluxReceive - [id: 0x5ae48bb7, L:/127.0.0.1:51942 - R:localhost/127.0.0.1:8083] Subscribing inbound receiver [pending: 0, cancelled:false, inboundDone: false]
15:53:15.363 [reactor-http-nio-48] DEBUG reactor.netty.http.client.HttpClientOperations - [id: 0x5ae48bb7, L:/127.0.0.1:51942 - R:localhost/127.0.0.1:8083] Received last HTTP packet
15:53:15.363 [reactor-http-nio-48] DEBUG org.springframework.core.codec.StringDecoder - [30733891] Decoded "{"userId":"80da2ec1-9d32-4b92-9483-5dfe3689c638","location":{"longitude":37.750328,"latitude":-69.1 (truncated)...
15:53:15.363 [reactor-http-nio-48] DEBUG reactor.netty.resources.PooledConnectionProvider - [id: 0x5ae48bb7, L:/127.0.0.1:51942 - R:localhost/127.0.0.1:8083] onStateChange(GET{uri=/userLocation?userId=80da2ec1-9d32-4b92-9483-5dfe3689c638, connection=PooledConnection{channel=[id: 0x5ae48bb7, L:/127.0.0.1:51942 - R:localhost/127.0.0.1:8083]}}, [disconnecting])
15:53:15.363 [reactor-http-nio-48] DEBUG reactor.netty.resources.PooledConnectionProvider - [id: 0x5ae48bb7, L:/127.0.0.1:51942 - R:localhost/127.0.0.1:8083] Releasing channel
15:53:15.363 [reactor-http-nio-48] DEBUG reactor.netty.resources.PooledConnectionProvider - [id: 0x5ae48bb7, L:/127.0.0.1:51942 - R:localhost/127.0.0.1:8083] Channel cleaned, now 293 active connections and 8 inactive connections
15:53:15.363 [reactor-http-nio-48] DEBUG reactor.netty.resources.PooledConnectionProvider - [id: 0xe14cc15c, L:/127.0.0.1:51896 - R:localhost/127.0.0.1:8083] Channel acquired, now 294 active connections and 7 inactive connections
15:53:15.363 [reactor-http-nio-48] DEBUG reactor.netty.http.client.HttpClientConnect - [id: 0xe14cc15c, L:/127.0.0.1:51896 - R:localhost/127.0.0.1:8083] Handler is being applied: {uri=http://localhost:8083/attractions, method=GET}
15:53:15.365 [reactor-http-nio-48] DEBUG reactor.netty.resources.PooledConnectionProvider - [id: 0xe14cc15c, L:/127.0.0.1:51896 - R:localhost/127.0.0.1:8083] onStateChange(GET{uri=/attractions, connection=PooledConnection{channel=[id: 0xe14cc15c, L:/127.0.0.1:51896 - R:localhost/127.0.0.1:8083]}}, [request_sent])
15:53:15.382 [reactor-http-nio-48] DEBUG reactor.netty.http.client.HttpClientOperations - [id: 0xb033e5eb, L:/127.0.0.1:51933 - R:localhost/127.0.0.1:8083] Received response (auto-read:false) : [Content-Type=application/json, Transfer-Encoding=chunked, Date=Wed, 15 Jun 2022 14:53:14 GMT]
15:53:15.382 [reactor-http-nio-48] DEBUG reactor.netty.resources.PooledConnectionProvider - [id: 0xb033e5eb, L:/127.0.0.1:51933 - R:localhost/127.0.0.1:8083] onStateChange(GET{uri=/userLocation?userId=9b69196d-837d-4bdc-9692-cd6b54850db0, connection=PooledConnection{channel=[id: 0xb033e5eb, L:/127.0.0.1:51933 - R:localhost/127.0.0.1:8083]}}, [response_received])
15:53:15.382 [reactor-http-nio-48] DEBUG org.springframework.web.reactive.function.client.ExchangeFunctions - [3cd18c9a] Response 200 OK
15:53:15.383 [reactor-http-nio-46] DEBUG reactor.netty.http.client.HttpClientOperations - [id: 0xed17734c, L:/127.0.0.1:51825 - R:localhost/127.0.0.1:8083] Received response (auto-read:false) : [Content-Type=application/json, Transfer-Encoding=chunked, Date=Wed, 15 Jun 2022 14:53:14 GMT]
15:53:15.383 [reactor-http-nio-46] DEBUG reactor.netty.resources.PooledConnectionProvider - [id: 0xed17734c, L:/127.0.0.1:51825 - R:localhost/127.0.0.1:8083] onStateChange(GET{uri=/userLocation?userId=cf5f7f30-4f9e-488a-8e3b-f9697d5069bc, connection=PooledConnection{channel=[id: 0xed17734c, L:/127.0.0.1:51825 - R:localhost/127.0.0.1:8083]}}, [response_received])
15:53:15.383 [reactor-http-nio-46] DEBUG org.springframework.web.reactive.function.client.ExchangeFunctions - [3de0c370] Response 200 OK
15:53:15.383 [reactor-http-nio-47] DEBUG reactor.netty.http.client.HttpClientOperations - [id: 0xd0f99d54, L:/127.0.0.1:51843 - R:localhost/127.0.0.1:8083] Received response (auto-read:false) : [Content-Type=application/json, Transfer-Encoding=chunked, Date=Wed, 15 Jun 2022 14:53:14 GMT]
15:53:15.383 [reactor-http-nio-47] DEBUG reactor.netty.resources.PooledConnectionProvider - [id: 0xd0f99d54, L:/127.0.0.1:51843 - R:localhost/127.0.0.1:8083] onStateChange(GET{uri=/userLocation?userId=c2af3be4-cca7-4917-b99b-fa1f52904c61, connection=PooledConnection{channel=[id: 0xd0f99d54, L:/127.0.0.1:51843 - R:localhost/127.0.0.1:8083]}}, [response_received])
15:53:15.384 [reactor-http-nio-46] DEBUG reactor.netty.channel.FluxReceive - [id: 0xed17734c, L:/127.0.0.1:51825 - R:localhost/127.0.0.1:8083] Subscribing inbound receiver [pending: 0, cancelled:false, inboundDone: false]
15:53:15.384 [reactor-http-nio-46] DEBUG reactor.netty.http.client.HttpClientOperations - [id: 0xed17734c, L:/127.0.0.1:51825 - R:localhost/127.0.0.1:8083] Received last HTTP packet
15:53:15.384 [reactor-http-nio-46] DEBUG org.springframework.core.codec.StringDecoder - [3de0c370] Decoded "{"userId":"cf5f7f30-4f9e-488a-8e3b-f9697d5069bc","location":{"longitude":-4.012799,"latitude":22.93 (truncated)...
15:53:15.384 [reactor-http-nio-47] DEBUG org.springframework.web.reactive.function.client.ExchangeFunctions - [1bd494cf] Response 200 OK
15:53:15.384 [reactor-http-nio-46] DEBUG reactor.netty.resources.PooledConnectionProvider - [id: 0xed17734c, L:/127.0.0.1:51825 - R:localhost/127.0.0.1:8083] onStateChange(GET{uri=/userLocation?userId=cf5f7f30-4f9e-488a-8e3b-f9697d5069bc, connection=PooledConnection{channel=[id: 0xed17734c, L:/127.0.0.1:51825 - R:localhost/127.0.0.1:8083]}}, [disconnecting])
15:53:15.384 [reactor-http-nio-46] DEBUG reactor.netty.resources.PooledConnectionProvider - [id: 0xed17734c, L:/127.0.0.1:51825 - R:localhost/127.0.0.1:8083] Releasing channel
15:53:15.384 [reactor-http-nio-46] DEBUG reactor.netty.resources.PooledConnectionProvider - [id: 0xed17734c, L:/127.0.0.1:51825 - R:localhost/127.0.0.1:8083] Channel cleaned, now 293 active connections and 8 inactive connections
15:53:15.384 [reactor-http-nio-47] DEBUG reactor.netty.channel.FluxReceive - [id: 0xd0f99d54, L:/127.0.0.1:51843 - R:localhost/127.0.0.1:8083] Subscribing inbound receiver [pending: 0, cancelled:false, inboundDone: false]
15:53:15.384 [reactor-http-nio-46] DEBUG reactor.netty.http.client.HttpClientOperations - [id: 0x6bcb25c4, L:/127.0.0.1:51759 - R:localhost/127.0.0.1:8083] Received response (auto-read:false) : [Content-Type=application/json, Transfer-Encoding=chunked, Date=Wed, 15 Jun 2022 14:53:14 GMT]
15:53:15.385 [reactor-http-nio-46] DEBUG reactor.netty.resources.PooledConnectionProvider - [id: 0x6bcb25c4, L:/127.0.0.1:51759 - R:localhost/127.0.0.1:8083] onStateChange(GET{uri=/userLocation?userId=b32eea6e-4a09-4df8-82c0-d80e9412bdd8, connection=PooledConnection{channel=[id: 0x6bcb25c4, L:/127.0.0.1:51759 - R:localhost/127.0.0.1:8083]}}, [response_received])
15:53:15.385 [reactor-http-nio-46] DEBUG org.springframework.web.reactive.function.client.ExchangeFunctions - [3b7a4fad] Response 200 OK
15:53:15.385 [reactor-http-nio-46] DEBUG reactor.netty.channel.FluxReceive - [id: 0x6bcb25c4, L:/127.0.0.1:51759 - R:localhost/127.0.0.1:8083] Subscribing inbound receiver [pending: 0, cancelled:false, inboundDone: false]
15:53:15.383 [reactor-http-nio-48] DEBUG reactor.netty.channel.FluxReceive - [id: 0xb033e5eb, L:/127.0.0.1:51933 - R:localhost/127.0.0.1:8083] Subscribing inbound receiver [pending: 0, cancelled:false, inboundDone: false]
15:53:15.384 [reactor-http-nio-47] DEBUG reactor.netty.http.client.HttpClientOperations - [id: 0xd0f99d54, L:/127.0.0.1:51843 - R:localhost/127.0.0.1:8083] Received last HTTP packet
15:53:15.385 [reactor-http-nio-46] DEBUG reactor.netty.http.client.HttpClientOperations - [id: 0x6bcb25c4, L:/127.0.0.1:51759 - R:localhost/127.0.0.1:8083] Received last HTTP packet
15:53:15.385 [reactor-http-nio-47] DEBUG org.springframework.core.codec.StringDecoder - [1bd494cf] Decoded "{"userId":"c2af3be4-cca7-4917-b99b-fa1f52904c61","location":{"longitude":63.991285,"latitude":-72.0 (truncated)...
15:53:15.385 [reactor-http-nio-46] DEBUG org.springframework.core.codec.StringDecoder - [3b7a4fad] Decoded "{"userId":"b32eea6e-4a09-4df8-82c0-d80e9412bdd8","location":{"longitude":116.809834,"latitude":37.6 (truncated)...
15:53:15.385 [reactor-http-nio-46] DEBUG reactor.netty.resources.PooledConnectionProvider - [id: 0x6bcb25c4, L:/127.0.0.1:51759 - R:localhost/127.0.0.1:8083] onStateChange(GET{uri=/userLocation?userId=b32eea6e-4a09-4df8-82c0-d80e9412bdd8, connection=PooledConnection{channel=[id: 0x6bcb25c4, L:/127.0.0.1:51759 - R:localhost/127.0.0.1:8083]}}, [disconnecting])
15:53:15.385 [reactor-http-nio-46] DEBUG reactor.netty.resources.PooledConnectionProvider - [id: 0x6bcb25c4, L:/127.0.0.1:51759 - R:localhost/127.0.0.1:8083] Releasing channel
15:53:15.385 [reactor-http-nio-46] DEBUG reactor.netty.resources.PooledConnectionProvider - [id: 0x6bcb25c4, L:/127.0.0.1:51759 - R:localhost/127.0.0.1:8083] Channel cleaned, now 292 active connections and 9 inactive connections
15:53:15.385 [reactor-http-nio-47] DEBUG reactor.netty.resources.PooledConnectionProvider - [id: 0xd0f99d54, L:/127.0.0.1:51843 - R:localhost/127.0.0.1:8083] onStateChange(GET{uri=/userLocation?userId=c2af3be4-cca7-4917-b99b-fa1f52904c61, connection=PooledConnection{channel=[id: 0xd0f99d54, L:/127.0.0.1:51843 - R:localhost/127.0.0.1:8083]}}, [disconnecting])
15:53:15.385 [reactor-http-nio-47] DEBUG reactor.netty.resources.PooledConnectionProvider - [id: 0xd0f99d54, L:/127.0.0.1:51843 - R:localhost/127.0.0.1:8083] Releasing channel
15:53:15.385 [reactor-http-nio-47] DEBUG reactor.netty.resources.PooledConnectionProvider - [id: 0xd0f99d54, L:/127.0.0.1:51843 - R:localhost/127.0.0.1:8083] Channel cleaned, now 291 active connections and 10 inactive connections
15:53:15.385 [reactor-http-nio-48] DEBUG reactor.netty.http.client.HttpClientOperations - [id: 0xb033e5eb, L:/127.0.0.1:51933 - R:localhost/127.0.0.1:8083] Received last HTTP packet
15:53:15.386 [reactor-http-nio-48] DEBUG org.springframework.core.codec.StringDecoder - [3cd18c9a] Decoded "{"userId":"9b69196d-837d-4bdc-9692-cd6b54850db0","location":{"longitude":137.682775,"latitude":-42. (truncated)...
15:53:15.386 [reactor-http-nio-48] DEBUG reactor.netty.resources.PooledConnectionProvider - [id: 0xb033e5eb, L:/127.0.0.1:51933 - R:localhost/127.0.0.1:8083] onStateChange(GET{uri=/userLocation?userId=9b69196d-837d-4bdc-9692-cd6b54850db0, connection=PooledConnection{channel=[id: 0xb033e5eb, L:/127.0.0.1:51933 - R:localhost/127.0.0.1:8083]}}, [disconnecting])
15:53:15.386 [reactor-http-nio-48] DEBUG reactor.netty.resources.PooledConnectionProvider - [id: 0xb033e5eb, L:/127.0.0.1:51933 - R:localhost/127.0.0.1:8083] Releasing channel
15:53:15.386 [reactor-http-nio-46] DEBUG reactor.netty.http.client.HttpClientOperations - [id: 0x7fca3ae3, L:/127.0.0.1:51782 - R:localhost/127.0.0.1:8083] Received response (auto-read:false) : [Content-Type=application/json, Transfer-Encoding=chunked, Date=Wed, 15 Jun 2022 14:53:14 GMT]
15:53:15.386 [reactor-http-nio-48] DEBUG reactor.netty.resources.PooledConnectionProvider - [id: 0xb033e5eb, L:/127.0.0.1:51933 - R:localhost/127.0.0.1:8083] Channel cleaned, now 290 active connections and 11 inactive connections
15:53:15.386 [reactor-http-nio-46] DEBUG reactor.netty.resources.PooledConnectionProvider - [id: 0x7fca3ae3, L:/127.0.0.1:51782 - R:localhost/127.0.0.1:8083] onStateChange(GET{uri=/userLocation?userId=9f2ed21f-02c2-4b50-90b2-9e2cbfa2fd17, connection=PooledConnection{channel=[id: 0x7fca3ae3, L:/127.0.0.1:51782 - R:localhost/127.0.0.1:8083]}}, [response_received])
15:53:15.386 [reactor-http-nio-46] DEBUG org.springframework.web.reactive.function.client.ExchangeFunctions - [19aca61c] Response 200 OK
15:53:15.386 [reactor-http-nio-48] DEBUG reactor.netty.http.client.HttpClientOperations - [id: 0x57866369, L:/127.0.0.1:51911 - R:localhost/127.0.0.1:8083] Received response (auto-read:false) : [Content-Type=application/json, Transfer-Encoding=chunked, Date=Wed, 15 Jun 2022 14:53:14 GMT]
15:53:15.386 [reactor-http-nio-48] DEBUG reactor.netty.resources.PooledConnectionProvider - [id: 0x57866369, L:/127.0.0.1:51911 - R:localhost/127.0.0.1:8083] onStateChange(GET{uri=/userLocation?userId=cf17fc8f-a2ac-4810-b0dc-1e93bc867745, connection=PooledConnection{channel=[id: 0x57866369, L:/127.0.0.1:51911 - R:localhost/127.0.0.1:8083]}}, [response_received])
15:53:15.386 [reactor-http-nio-46] DEBUG reactor.netty.channel.FluxReceive - [id: 0x7fca3ae3, L:/127.0.0.1:51782 - R:localhost/127.0.0.1:8083] Subscribing inbound receiver [pending: 0, cancelled:false, inboundDone: false]
15:53:15.386 [reactor-http-nio-48] DEBUG org.springframework.web.reactive.function.client.ExchangeFunctions - [52a267b0] Response 200 OK
15:53:15.386 [reactor-http-nio-46] DEBUG reactor.netty.http.client.HttpClientOperations - [id: 0x7fca3ae3, L:/127.0.0.1:51782 - R:localhost/127.0.0.1:8083] Received last HTTP packet
15:53:15.387 [reactor-http-nio-46] DEBUG org.springframework.core.codec.StringDecoder - [19aca61c] Decoded "{"userId":"9f2ed21f-02c2-4b50-90b2-9e2cbfa2fd17","location":{"longitude":100.416214,"latitude":52.8 (truncated)...
15:53:15.386 [reactor-http-nio-47] DEBUG reactor.netty.http.client.HttpClientOperations - [id: 0x015d237e, L:/127.0.0.1:51835 - R:localhost/127.0.0.1:8083] Received response (auto-read:false) : [Content-Type=application/json, Transfer-Encoding=chunked, Date=Wed, 15 Jun 2022 14:53:14 GMT]
15:53:15.387 [reactor-http-nio-46] DEBUG reactor.netty.resources.PooledConnectionProvider - [id: 0x7fca3ae3, L:/127.0.0.1:51782 - R:localhost/127.0.0.1:8083] onStateChange(GET{uri=/userLocation?userId=9f2ed21f-02c2-4b50-90b2-9e2cbfa2fd17, connection=PooledConnection{channel=[id: 0x7fca3ae3, L:/127.0.0.1:51782 - R:localhost/127.0.0.1:8083]}}, [disconnecting])
15:53:15.387 [reactor-http-nio-48] DEBUG reactor.netty.channel.FluxReceive - [id: 0x57866369, L:/127.0.0.1:51911 - R:localhost/127.0.0.1:8083] Subscribing inbound receiver [pending: 0, cancelled:false, inboundDone: false]
15:53:15.387 [reactor-http-nio-47] DEBUG reactor.netty.resources.PooledConnectionProvider - [id: 0x015d237e, L:/127.0.0.1:51835 - R:localhost/127.0.0.1:8083] onStateChange(GET{uri=/userLocation?userId=da72c1bd-d194-48d7-b7b7-0755761b9887, connection=PooledConnection{channel=[id: 0x015d237e, L:/127.0.0.1:51835 - R:localhost/127.0.0.1:8083]}}, [response_received])
15:53:15.387 [reactor-http-nio-47] DEBUG org.springframework.web.reactive.function.client.ExchangeFunctions - [7d854816] Response 200 OK
15:53:15.387 [reactor-http-nio-48] DEBUG reactor.netty.http.client.HttpClientOperations - [id: 0x57866369, L:/127.0.0.1:51911 - R:localhost/127.0.0.1:8083] Received last HTTP packet
15:53:15.387 [reactor-http-nio-48] DEBUG org.springframework.core.codec.StringDecoder - [52a267b0] Decoded "{"userId":"cf17fc8f-a2ac-4810-b0dc-1e93bc867745","location":{"longitude":58.010353,"latitude":-3.93 (truncated)...
15:53:15.387 [reactor-http-nio-48] DEBUG reactor.netty.resources.PooledConnectionProvider - [id: 0x57866369, L:/127.0.0.1:51911 - R:localhost/127.0.0.1:8083] onStateChange(GET{uri=/userLocation?userId=cf17fc8f-a2ac-4810-b0dc-1e93bc867745, connection=PooledConnection{channel=[id: 0x57866369, L:/127.0.0.1:51911 - R:localhost/127.0.0.1:8083]}}, [disconnecting])
15:53:15.387 [reactor-http-nio-48] DEBUG reactor.netty.resources.PooledConnectionProvider - [id: 0x57866369, L:/127.0.0.1:51911 - R:localhost/127.0.0.1:8083] Releasing channel
15:53:15.387 [reactor-http-nio-46] DEBUG reactor.netty.resources.PooledConnectionProvider - [id: 0x7fca3ae3, L:/127.0.0.1:51782 - R:localhost/127.0.0.1:8083] Releasing channel
15:53:15.387 [reactor-http-nio-48] DEBUG reactor.netty.resources.PooledConnectionProvider - [id: 0x57866369, L:/127.0.0.1:51911 - R:localhost/127.0.0.1:8083] Channel cleaned, now 289 active connections and 12 inactive connections
15:53:15.387 [reactor-http-nio-46] DEBUG reactor.netty.resources.PooledConnectionProvider - [id: 0x7fca3ae3, L:/127.0.0.1:51782 - R:localhost/127.0.0.1:8083] Channel cleaned, now 288 active connections and 13 inactive connections
15:53:15.387 [reactor-http-nio-46] DEBUG reactor.netty.http.client.HttpClientOperations - [id: 0x38c41c97, L:/127.0.0.1:51784 - R:localhost/127.0.0.1:8083] Received response (auto-read:false) : [Content-Type=application/json, Transfer-Encoding=chunked, Date=Wed, 15 Jun 2022 14:53:14 GMT]
15:53:15.387 [reactor-http-nio-46] DEBUG reactor.netty.resources.PooledConnectionProvider - [id: 0x38c41c97, L:/127.0.0.1:51784 - R:localhost/127.0.0.1:8083] onStateChange(GET{uri=/userLocation?userId=2323a4e9-0ee2-49dc-bf78-c083ef243bae, connection=PooledConnection{channel=[id: 0x38c41c97, L:/127.0.0.1:51784 - R:localhost/127.0.0.1:8083]}}, [response_received])
15:53:15.388 [reactor-http-nio-46] DEBUG org.springframework.web.reactive.function.client.ExchangeFunctions - [60ed4194] Response 200 OK
15:53:15.387 [reactor-http-nio-47] DEBUG reactor.netty.channel.FluxReceive - [id: 0x015d237e, L:/127.0.0.1:51835 - R:localhost/127.0.0.1:8083] Subscribing inbound receiver [pending: 0, cancelled:false, inboundDone: false]
15:53:15.388 [reactor-http-nio-46] DEBUG reactor.netty.channel.FluxReceive - [id: 0x38c41c97, L:/127.0.0.1:51784 - R:localhost/127.0.0.1:8083] Subscribing inbound receiver [pending: 0, cancelled:false, inboundDone: false]
15:53:15.388 [reactor-http-nio-46] DEBUG reactor.netty.http.client.HttpClientOperations - [id: 0x38c41c97, L:/127.0.0.1:51784 - R:localhost/127.0.0.1:8083] Received last HTTP packet
15:53:15.388 [reactor-http-nio-46] DEBUG org.springframework.core.codec.StringDecoder - [60ed4194] Decoded "{"userId":"2323a4e9-0ee2-49dc-bf78-c083ef243bae","location":{"longitude":50.260986,"latitude":-8.12 (truncated)...
15:53:15.388 [reactor-http-nio-46] DEBUG reactor.netty.resources.PooledConnectionProvider - [id: 0x38c41c97, L:/127.0.0.1:51784 - R:localhost/127.0.0.1:8083] onStateChange(GET{uri=/userLocation?userId=2323a4e9-0ee2-49dc-bf78-c083ef243bae, connection=PooledConnection{channel=[id: 0x38c41c97, L:/127.0.0.1:51784 - R:localhost/127.0.0.1:8083]}}, [disconnecting])
15:53:15.388 [reactor-http-nio-46] DEBUG reactor.netty.resources.PooledConnectionProvider - [id: 0x38c41c97, L:/127.0.0.1:51784 - R:localhost/127.0.0.1:8083] Releasing channel
15:53:15.388 [reactor-http-nio-46] DEBUG reactor.netty.resources.PooledConnectionProvider - [id: 0x38c41c97, L:/127.0.0.1:51784 - R:localhost/127.0.0.1:8083] Channel cleaned, now 287 active connections and 14 inactive connections
15:53:15.389 [reactor-http-nio-46] DEBUG reactor.netty.http.client.HttpClientOperations - [id: 0xf6b8ded2, L:/127.0.0.1:51955 - R:localhost/127.0.0.1:8083] Received response (auto-read:false) : [Content-Type=application/json, Transfer-Encoding=chunked, Date=Wed, 15 Jun 2022 14:53:14 GMT]
15:53:15.389 [reactor-http-nio-46] DEBUG reactor.netty.resources.PooledConnectionProvider - [id: 0xf6b8ded2, L:/127.0.0.1:51955 - R:localhost/127.0.0.1:8083] onStateChange(GET{uri=/userLocation?userId=2ab6b755-8b5f-4050-b432-6fefd49470d3, connection=PooledConnection{channel=[id: 0xf6b8ded2, L:/127.0.0.1:51955 - R:localhost/127.0.0.1:8083]}}, [response_received])
15:53:15.389 [reactor-http-nio-46] DEBUG org.springframework.web.reactive.function.client.ExchangeFunctions - [770383e5] Response 200 OK
15:53:15.389 [reactor-http-nio-46] DEBUG reactor.netty.channel.FluxReceive - [id: 0xf6b8ded2, L:/127.0.0.1:51955 - R:localhost/127.0.0.1:8083] Subscribing inbound receiver [pending: 0, cancelled:false, inboundDone: false]
15:53:15.389 [reactor-http-nio-46] DEBUG reactor.netty.http.client.HttpClientOperations - [id: 0xf6b8ded2, L:/127.0.0.1:51955 - R:localhost/127.0.0.1:8083] Received last HTTP packet
15:53:15.390 [reactor-http-nio-46] DEBUG org.springframework.core.codec.StringDecoder - [770383e5] Decoded "{"userId":"2ab6b755-8b5f-4050-b432-6fefd49470d3","location":{"longitude":-119.362837,"latitude":23. (truncated)...
15:53:15.390 [reactor-http-nio-46] DEBUG reactor.netty.resources.PooledConnectionProvider - [id: 0xf6b8ded2, L:/127.0.0.1:51955 - R:localhost/127.0.0.1:8083] onStateChange(GET{uri=/userLocation?userId=2ab6b755-8b5f-4050-b432-6fefd49470d3, connection=PooledConnection{channel=[id: 0xf6b8ded2, L:/127.0.0.1:51955 - R:localhost/127.0.0.1:8083]}}, [disconnecting])
15:53:15.390 [reactor-http-nio-46] DEBUG reactor.netty.resources.PooledConnectionProvider - [id: 0xf6b8ded2, L:/127.0.0.1:51955 - R:localhost/127.0.0.1:8083] Releasing channel
15:53:15.390 [reactor-http-nio-46] DEBUG reactor.netty.resources.PooledConnectionProvider - [id: 0xf6b8ded2, L:/127.0.0.1:51955 - R:localhost/127.0.0.1:8083] Channel cleaned, now 286 active connections and 15 inactive connections
15:53:15.390 [reactor-http-nio-47] DEBUG reactor.netty.http.client.HttpClientOperations - [id: 0x015d237e, L:/127.0.0.1:51835 - R:localhost/127.0.0.1:8083] Received last HTTP packet
15:53:15.390 [reactor-http-nio-47] DEBUG org.springframework.core.codec.StringDecoder - [7d854816] Decoded "{"userId":"da72c1bd-d194-48d7-b7b7-0755761b9887","location":{"longitude":40.734694,"latitude":-40.7 (truncated)...
15:53:15.390 [reactor-http-nio-47] DEBUG reactor.netty.resources.PooledConnectionProvider - [id: 0x015d237e, L:/127.0.0.1:51835 - R:localhost/127.0.0.1:8083] onStateChange(GET{uri=/userLocation?userId=da72c1bd-d194-48d7-b7b7-0755761b9887, connection=PooledConnection{channel=[id: 0x015d237e, L:/127.0.0.1:51835 - R:localhost/127.0.0.1:8083]}}, [disconnecting])
15:53:15.390 [reactor-http-nio-47] DEBUG reactor.netty.resources.PooledConnectionProvider - [id: 0x015d237e, L:/127.0.0.1:51835 - R:localhost/127.0.0.1:8083] Releasing channel
15:53:15.390 [reactor-http-nio-47] DEBUG reactor.netty.resources.PooledConnectionProvider - [id: 0x015d237e, L:/127.0.0.1:51835 - R:localhost/127.0.0.1:8083] Channel cleaned, now 285 active connections and 16 inactive connections
15:53:15.390 [reactor-http-nio-47] DEBUG reactor.netty.http.client.HttpClientOperations - [id: 0x3b9f7ba5, L:/127.0.0.1:51836 - R:localhost/127.0.0.1:8083] Received response (auto-read:false) : [Content-Type=application/json, Transfer-Encoding=chunked, Date=Wed, 15 Jun 2022 14:53:14 GMT]
15:53:15.390 [reactor-http-nio-47] DEBUG reactor.netty.resources.PooledConnectionProvider - [id: 0x3b9f7ba5, L:/127.0.0.1:51836 - R:localhost/127.0.0.1:8083] onStateChange(GET{uri=/userLocation?userId=652092c2-d693-4c58-a54b-0e1508c2d9a2, connection=PooledConnection{channel=[id: 0x3b9f7ba5, L:/127.0.0.1:51836 - R:localhost/127.0.0.1:8083]}}, [response_received])
15:53:15.391 [reactor-http-nio-47] DEBUG org.springframework.web.reactive.function.client.ExchangeFunctions - [32eb3b14] Response 200 OK
15:53:15.391 [reactor-http-nio-47] DEBUG reactor.netty.channel.FluxReceive - [id: 0x3b9f7ba5, L:/127.0.0.1:51836 - R:localhost/127.0.0.1:8083] Subscribing inbound receiver [pending: 0, cancelled:false, inboundDone: false]
15:53:15.391 [reactor-http-nio-47] DEBUG reactor.netty.http.client.HttpClientOperations - [id: 0x3b9f7ba5, L:/127.0.0.1:51836 - R:localhost/127.0.0.1:8083] Received last HTTP packet
15:53:15.391 [reactor-http-nio-47] DEBUG org.springframework.core.codec.StringDecoder - [32eb3b14] Decoded "{"userId":"652092c2-d693-4c58-a54b-0e1508c2d9a2","location":{"longitude":92.908066,"latitude":-52.9 (truncated)...
15:53:15.391 [reactor-http-nio-47] DEBUG reactor.netty.resources.PooledConnectionProvider - [id: 0x3b9f7ba5, L:/127.0.0.1:51836 - R:localhost/127.0.0.1:8083] onStateChange(GET{uri=/userLocation?userId=652092c2-d693-4c58-a54b-0e1508c2d9a2, connection=PooledConnection{channel=[id: 0x3b9f7ba5, L:/127.0.0.1:51836 - R:localhost/127.0.0.1:8083]}}, [disconnecting])
15:53:15.391 [reactor-http-nio-47] DEBUG reactor.netty.resources.PooledConnectionProvider - [id: 0x3b9f7ba5, L:/127.0.0.1:51836 - R:localhost/127.0.0.1:8083] Releasing channel
15:53:15.392 [reactor-http-nio-47] DEBUG reactor.netty.resources.PooledConnectionProvider - [id: 0x3b9f7ba5, L:/127.0.0.1:51836 - R:localhost/127.0.0.1:8083] Channel cleaned, now 284 active connections and 17 inactive connections
15:53:15.392 [pool-2-thread-2] INFO tourGuide.service.TourGuideService - visitedLocatio tourGuide.gpsUtil.VisitedLocation@1cddbec6
15:53:15.393 [pool-2-thread-171] INFO tourGuide.service.TourGuideService - visitedLocatio tourGuide.gpsUtil.VisitedLocation@5fe54191
15:53:15.393 [pool-2-thread-2] DEBUG org.springframework.web.reactive.function.client.ExchangeFunctions - [1dcd34da] HTTP GET http://localhost:8083/attractions
15:53:15.393 [pool-2-thread-171] DEBUG org.springframework.web.reactive.function.client.ExchangeFunctions - [7c80d15] HTTP GET http://localhost:8083/attractions
15:53:15.394 [pool-2-thread-120] INFO tourGuide.service.TourGuideService - visitedLocatio tourGuide.gpsUtil.VisitedLocation@32df1ab6
15:53:15.394 [pool-5-thread-66] INFO tourGuide.service.TourGuideService - visitedLocatio tourGuide.gpsUtil.VisitedLocation@4a52a60f
15:53:15.395 [pool-5-thread-66] DEBUG org.springframework.web.reactive.function.client.ExchangeFunctions - [7ac9e2f5] HTTP GET http://localhost:8083/attractions
15:53:15.396 [pool-2-thread-57] INFO tourGuide.service.TourGuideService - visitedLocatio tourGuide.gpsUtil.VisitedLocation@113a660a
15:53:15.406 [pool-2-thread-57] DEBUG org.springframework.web.reactive.function.client.ExchangeFunctions - [1161cde5] HTTP GET http://localhost:8083/attractions
15:53:15.407 [pool-2-thread-105] INFO tourGuide.service.TourGuideService - visitedLocatio tourGuide.gpsUtil.VisitedLocation@3ef9e69e
15:53:15.395 [pool-2-thread-120] DEBUG org.springframework.web.reactive.function.client.ExchangeFunctions - [4422ca9] HTTP GET http://localhost:8083/attractions
15:53:15.408 [pool-2-thread-105] DEBUG org.springframework.web.reactive.function.client.ExchangeFunctions - [180b79ae] HTTP GET http://localhost:8083/attractions
15:53:15.409 [pool-2-thread-152] INFO tourGuide.service.TourGuideService - visitedLocatio tourGuide.gpsUtil.VisitedLocation@5ac33fe2
15:53:15.410 [reactor-http-nio-46] DEBUG reactor.netty.resources.PooledConnectionProvider - [id: 0xf75a1396, L:/127.0.0.1:51746 - R:localhost/127.0.0.1:8083] Channel acquired, now 285 active connections and 16 inactive connections
15:53:15.410 [pool-2-thread-152] DEBUG org.springframework.web.reactive.function.client.ExchangeFunctions - [1a68bad9] HTTP GET http://localhost:8083/attractions
15:53:15.410 [reactor-http-nio-46] DEBUG reactor.netty.http.client.HttpClientConnect - [id: 0xf75a1396, L:/127.0.0.1:51746 - R:localhost/127.0.0.1:8083] Handler is being applied: {uri=http://localhost:8083/attractions, method=GET}
15:53:15.411 [reactor-http-nio-46] DEBUG reactor.netty.resources.PooledConnectionProvider - [id: 0xf75a1396, L:/127.0.0.1:51746 - R:localhost/127.0.0.1:8083] onStateChange(GET{uri=/attractions, connection=PooledConnection{channel=[id: 0xf75a1396, L:/127.0.0.1:51746 - R:localhost/127.0.0.1:8083]}}, [request_sent])
15:53:15.396 [reactor-http-nio-41] DEBUG reactor.netty.http.client.HttpClientOperations - [id: 0xed0ba0e1, L:/127.0.0.1:51752 - R:localhost/127.0.0.1:8083] Received response (auto-read:false) : [Content-Type=application/json, Transfer-Encoding=chunked, Date=Wed, 15 Jun 2022 14:53:14 GMT]
15:53:15.412 [reactor-http-nio-41] DEBUG reactor.netty.resources.PooledConnectionProvider - [id: 0xed0ba0e1, L:/127.0.0.1:51752 - R:localhost/127.0.0.1:8083] onStateChange(GET{uri=/attractions, connection=PooledConnection{channel=[id: 0xed0ba0e1, L:/127.0.0.1:51752 - R:localhost/127.0.0.1:8083]}}, [response_received])
15:53:15.412 [reactor-http-nio-41] DEBUG org.springframework.web.reactive.function.client.ExchangeFunctions - [20b442b5] Response 200 OK
15:53:15.413 [reactor-http-nio-41] DEBUG reactor.netty.channel.FluxReceive - [id: 0xed0ba0e1, L:/127.0.0.1:51752 - R:localhost/127.0.0.1:8083] Subscribing inbound receiver [pending: 0, cancelled:false, inboundDone: false]
15:53:15.413 [reactor-http-nio-41] DEBUG reactor.netty.http.client.HttpClientOperations - [id: 0xed0ba0e1, L:/127.0.0.1:51752 - R:localhost/127.0.0.1:8083] Received last HTTP packet
15:53:15.414 [reactor-http-nio-41] DEBUG org.springframework.core.codec.StringDecoder - [20b442b5] Decoded "[{"longitude":-117.922008,"latitude":33.817595,"attractionName":"Disneyland","city":"Anaheim","stat (truncated)...
15:53:15.420 [reactor-http-nio-41] DEBUG reactor.netty.resources.PooledConnectionProvider - [id: 0xed0ba0e1, L:/127.0.0.1:51752 - R:localhost/127.0.0.1:8083] onStateChange(GET{uri=/attractions, connection=PooledConnection{channel=[id: 0xed0ba0e1, L:/127.0.0.1:51752 - R:localhost/127.0.0.1:8083]}}, [disconnecting])
15:53:15.421 [reactor-http-nio-41] DEBUG reactor.netty.resources.PooledConnectionProvider - [id: 0xed0ba0e1, L:/127.0.0.1:51752 - R:localhost/127.0.0.1:8083] Releasing channel
15:53:15.421 [reactor-http-nio-41] DEBUG reactor.netty.resources.PooledConnectionProvider - [id: 0xed0ba0e1, L:/127.0.0.1:51752 - R:localhost/127.0.0.1:8083] Channel cleaned, now 284 active connections and 17 inactive connections
15:53:15.422 [reactor-http-nio-46] DEBUG reactor.netty.resources.PooledConnectionProvider - [id: 0x774c45b7, L:/127.0.0.1:51738 - R:localhost/127.0.0.1:8083] Channel acquired, now 285 active connections and 16 inactive connections
15:53:15.423 [reactor-http-nio-46] DEBUG reactor.netty.http.client.HttpClientConnect - [id: 0x774c45b7, L:/127.0.0.1:51738 - R:localhost/127.0.0.1:8083] Handler is being applied: {uri=http://localhost:8083/attractions, method=GET}
15:53:15.423 [reactor-http-nio-46] DEBUG reactor.netty.resources.PooledConnectionProvider - [id: 0x774c45b7, L:/127.0.0.1:51738 - R:localhost/127.0.0.1:8083] onStateChange(GET{uri=/attractions, connection=PooledConnection{channel=[id: 0x774c45b7, L:/127.0.0.1:51738 - R:localhost/127.0.0.1:8083]}}, [request_sent])
15:53:15.425 [reactor-http-nio-48] DEBUG reactor.netty.resources.PooledConnectionProvider - [id: 0x5ae48bb7, L:/127.0.0.1:51942 - R:localhost/127.0.0.1:8083] Channel acquired, now 286 active connections and 15 inactive connections
15:53:15.426 [reactor-http-nio-48] DEBUG reactor.netty.http.client.HttpClientConnect - [id: 0x5ae48bb7, L:/127.0.0.1:51942 - R:localhost/127.0.0.1:8083] Handler is being applied: {uri=http://localhost:8083/attractions, method=GET}
15:53:15.429 [reactor-http-nio-48] DEBUG reactor.netty.resources.PooledConnectionProvider - [id: 0x5ae48bb7, L:/127.0.0.1:51942 - R:localhost/127.0.0.1:8083] onStateChange(GET{uri=/attractions, connection=PooledConnection{channel=[id: 0x5ae48bb7, L:/127.0.0.1:51942 - R:localhost/127.0.0.1:8083]}}, [request_sent])
15:53:15.429 [reactor-http-nio-41] DEBUG reactor.netty.resources.PooledConnectionProvider - [id: 0x04d95a3a, L:/127.0.0.1:51789 - R:localhost/127.0.0.1:8083] Channel acquired, now 287 active connections and 14 inactive connections
15:53:15.429 [reactor-http-nio-41] DEBUG reactor.netty.http.client.HttpClientConnect - [id: 0x04d95a3a, L:/127.0.0.1:51789 - R:localhost/127.0.0.1:8083] Handler is being applied: {uri=http://localhost:8083/attractions, method=GET}
15:53:15.431 [pool-2-thread-60] INFO tourGuide.service.TourGuideService - visitedLocatio tourGuide.gpsUtil.VisitedLocation@19fcea2b
15:53:15.432 [pool-2-thread-60] DEBUG org.springframework.web.reactive.function.client.ExchangeFunctions - [7c7dbea4] HTTP GET http://localhost:8083/attractions
15:53:15.433 [reactor-http-nio-46] DEBUG reactor.netty.resources.PooledConnectionProvider - [id: 0xed17734c, L:/127.0.0.1:51825 - R:localhost/127.0.0.1:8083] Channel acquired, now 288 active connections and 13 inactive connections
15:53:15.433 [reactor-http-nio-46] DEBUG reactor.netty.http.client.HttpClientConnect - [id: 0xed17734c, L:/127.0.0.1:51825 - R:localhost/127.0.0.1:8083] Handler is being applied: {uri=http://localhost:8083/attractions, method=GET}
15:53:15.434 [reactor-http-nio-46] DEBUG reactor.netty.resources.PooledConnectionProvider - [id: 0xed17734c, L:/127.0.0.1:51825 - R:localhost/127.0.0.1:8083] onStateChange(GET{uri=/attractions, connection=PooledConnection{channel=[id: 0xed17734c, L:/127.0.0.1:51825 - R:localhost/127.0.0.1:8083]}}, [request_sent])
15:53:15.436 [reactor-http-nio-41] DEBUG reactor.netty.resources.PooledConnectionProvider - [id: 0x04d95a3a, L:/127.0.0.1:51789 - R:localhost/127.0.0.1:8083] onStateChange(GET{uri=/attractions, connection=PooledConnection{channel=[id: 0x04d95a3a, L:/127.0.0.1:51789 - R:localhost/127.0.0.1:8083]}}, [request_sent])
15:53:15.436 [reactor-http-nio-41] DEBUG reactor.netty.resources.PooledConnectionProvider - [id: 0x0c95a1e6, L:/127.0.0.1:51725 - R:localhost/127.0.0.1:8083] Channel acquired, now 289 active connections and 12 inactive connections
15:53:15.436 [reactor-http-nio-41] DEBUG reactor.netty.http.client.HttpClientConnect - [id: 0x0c95a1e6, L:/127.0.0.1:51725 - R:localhost/127.0.0.1:8083] Handler is being applied: {uri=http://localhost:8083/attractions, method=GET}
15:53:15.437 [reactor-http-nio-41] DEBUG reactor.netty.resources.PooledConnectionProvider - [id: 0x0c95a1e6, L:/127.0.0.1:51725 - R:localhost/127.0.0.1:8083] onStateChange(GET{uri=/attractions, connection=PooledConnection{channel=[id: 0x0c95a1e6, L:/127.0.0.1:51725 - R:localhost/127.0.0.1:8083]}}, [request_sent])
15:53:15.437 [reactor-http-nio-41] DEBUG reactor.netty.resources.PooledConnectionProvider - [id: 0x307222ea, L:/127.0.0.1:51747 - R:localhost/127.0.0.1:8083] Channel acquired, now 290 active connections and 11 inactive connections
15:53:15.437 [reactor-http-nio-41] DEBUG reactor.netty.http.client.HttpClientConnect - [id: 0x307222ea, L:/127.0.0.1:51747 - R:localhost/127.0.0.1:8083] Handler is being applied: {uri=http://localhost:8083/attractions, method=GET}
15:53:15.437 [reactor-http-nio-41] DEBUG reactor.netty.resources.PooledConnectionProvider - [id: 0x307222ea, L:/127.0.0.1:51747 - R:localhost/127.0.0.1:8083] onStateChange(GET{uri=/attractions, connection=PooledConnection{channel=[id: 0x307222ea, L:/127.0.0.1:51747 - R:localhost/127.0.0.1:8083]}}, [request_sent])
15:53:15.437 [reactor-http-nio-41] DEBUG reactor.netty.resources.PooledConnectionProvider - [id: 0xabcec1ab, L:/127.0.0.1:51770 - R:localhost/127.0.0.1:8083] Channel acquired, now 291 active connections and 10 inactive connections
15:53:15.438 [reactor-http-nio-41] DEBUG reactor.netty.http.client.HttpClientConnect - [id: 0xabcec1ab, L:/127.0.0.1:51770 - R:localhost/127.0.0.1:8083] Handler is being applied: {uri=http://localhost:8083/attractions, method=GET}
15:53:15.438 [reactor-http-nio-41] DEBUG reactor.netty.resources.PooledConnectionProvider - [id: 0xabcec1ab, L:/127.0.0.1:51770 - R:localhost/127.0.0.1:8083] onStateChange(GET{uri=/attractions, connection=PooledConnection{channel=[id: 0xabcec1ab, L:/127.0.0.1:51770 - R:localhost/127.0.0.1:8083]}}, [request_sent])
15:53:15.439 [reactor-http-nio-41] DEBUG reactor.netty.http.client.HttpClientOperations - [id: 0x5524893e, L:/127.0.0.1:51743 - R:localhost/127.0.0.1:8083] Received response (auto-read:false) : [Content-Type=application/json, Transfer-Encoding=chunked, Date=Wed, 15 Jun 2022 14:53:14 GMT]
15:53:15.443 [reactor-http-nio-41] DEBUG reactor.netty.resources.PooledConnectionProvider - [id: 0x5524893e, L:/127.0.0.1:51743 - R:localhost/127.0.0.1:8083] onStateChange(GET{uri=/userLocation?userId=13c6ceaf-0710-462f-8bc2-e2ac91fb1350, connection=PooledConnection{channel=[id: 0x5524893e, L:/127.0.0.1:51743 - R:localhost/127.0.0.1:8083]}}, [response_received])
15:53:15.443 [reactor-http-nio-41] DEBUG org.springframework.web.reactive.function.client.ExchangeFunctions - [1ef1b4b7] Response 200 OK
15:53:15.399 [pool-2-thread-155] INFO tourGuide.service.TourGuideService - visitedLocatio tourGuide.gpsUtil.VisitedLocation@ef73100
15:53:15.444 [reactor-http-nio-41] DEBUG reactor.netty.channel.FluxReceive - [id: 0x5524893e, L:/127.0.0.1:51743 - R:localhost/127.0.0.1:8083] Subscribing inbound receiver [pending: 0, cancelled:false, inboundDone: false]
15:53:15.445 [reactor-http-nio-41] DEBUG reactor.netty.http.client.HttpClientOperations - [id: 0x5524893e, L:/127.0.0.1:51743 - R:localhost/127.0.0.1:8083] Received last HTTP packet
15:53:15.445 [pool-2-thread-155] DEBUG org.springframework.web.reactive.function.client.ExchangeFunctions - [1cf23604] HTTP GET http://localhost:8083/attractions
15:53:15.447 [reactor-http-nio-41] DEBUG org.springframework.core.codec.StringDecoder - [1ef1b4b7] Decoded "{"userId":"13c6ceaf-0710-462f-8bc2-e2ac91fb1350","location":{"longitude":-117.953836,"latitude":65. (truncated)...
15:53:15.447 [reactor-http-nio-41] DEBUG reactor.netty.resources.PooledConnectionProvider - [id: 0x5524893e, L:/127.0.0.1:51743 - R:localhost/127.0.0.1:8083] onStateChange(GET{uri=/userLocation?userId=13c6ceaf-0710-462f-8bc2-e2ac91fb1350, connection=PooledConnection{channel=[id: 0x5524893e, L:/127.0.0.1:51743 - R:localhost/127.0.0.1:8083]}}, [disconnecting])
15:53:15.447 [reactor-http-nio-46] DEBUG reactor.netty.resources.PooledConnectionProvider - [id: 0x6bcb25c4, L:/127.0.0.1:51759 - R:localhost/127.0.0.1:8083] Channel acquired, now 292 active connections and 9 inactive connections
15:53:15.447 [reactor-http-nio-46] DEBUG reactor.netty.http.client.HttpClientConnect - [id: 0x6bcb25c4, L:/127.0.0.1:51759 - R:localhost/127.0.0.1:8083] Handler is being applied: {uri=http://localhost:8083/attractions, method=GET}
15:53:15.448 [reactor-http-nio-46] DEBUG reactor.netty.resources.PooledConnectionProvider - [id: 0x6bcb25c4, L:/127.0.0.1:51759 - R:localhost/127.0.0.1:8083] onStateChange(GET{uri=/attractions, connection=PooledConnection{channel=[id: 0x6bcb25c4, L:/127.0.0.1:51759 - R:localhost/127.0.0.1:8083]}}, [request_sent])
15:53:15.449 [reactor-http-nio-41] DEBUG reactor.netty.resources.PooledConnectionProvider - [id: 0x5524893e, L:/127.0.0.1:51743 - R:localhost/127.0.0.1:8083] Releasing channel
15:53:15.449 [reactor-http-nio-41] DEBUG reactor.netty.resources.PooledConnectionProvider - [id: 0x5524893e, L:/127.0.0.1:51743 - R:localhost/127.0.0.1:8083] Channel cleaned, now 291 active connections and 10 inactive connections
15:53:15.449 [pool-2-thread-176] INFO tourGuide.service.TourGuideService - visitedLocatio tourGuide.gpsUtil.VisitedLocation@6d9b3a68
15:53:15.449 [reactor-http-nio-41] DEBUG reactor.netty.http.client.HttpClientOperations - [id: 0xd0c6a217, L:/127.0.0.1:51778 - R:localhost/127.0.0.1:8083] Received last HTTP packet
15:53:15.449 [reactor-http-nio-41] DEBUG org.springframework.core.codec.StringDecoder - [4ef037bb] Decoded "{"userId":"aa5e203e-b3a6-4dfc-8db7-dc10ed4b04c0","location":{"longitude":154.554376,"latitude":81.2 (truncated)...
15:53:15.449 [reactor-http-nio-41] DEBUG reactor.netty.resources.PooledConnectionProvider - [id: 0xd0c6a217, L:/127.0.0.1:51778 - R:localhost/127.0.0.1:8083] onStateChange(GET{uri=/userLocation?userId=aa5e203e-b3a6-4dfc-8db7-dc10ed4b04c0, connection=PooledConnection{channel=[id: 0xd0c6a217, L:/127.0.0.1:51778 - R:localhost/127.0.0.1:8083]}}, [disconnecting])
15:53:15.449 [reactor-http-nio-41] DEBUG reactor.netty.resources.PooledConnectionProvider - [id: 0xd0c6a217, L:/127.0.0.1:51778 - R:localhost/127.0.0.1:8083] Releasing channel
15:53:15.449 [reactor-http-nio-41] DEBUG reactor.netty.resources.PooledConnectionProvider - [id: 0xd0c6a217, L:/127.0.0.1:51778 - R:localhost/127.0.0.1:8083] Channel cleaned, now 290 active connections and 11 inactive connections
15:53:15.450 [pool-2-thread-176] DEBUG org.springframework.web.reactive.function.client.ExchangeFunctions - [38be5368] HTTP GET http://localhost:8083/attractions
15:53:15.450 [reactor-http-nio-41] DEBUG reactor.netty.http.client.HttpClientOperations - [id: 0x1fca7f5e, L:/127.0.0.1:51796 - R:localhost/127.0.0.1:8083] Received response (auto-read:false) : [Content-Type=application/json, Transfer-Encoding=chunked, Date=Wed, 15 Jun 2022 14:53:14 GMT]
15:53:15.450 [reactor-http-nio-41] DEBUG reactor.netty.resources.PooledConnectionProvider - [id: 0x1fca7f5e, L:/127.0.0.1:51796 - R:localhost/127.0.0.1:8083] onStateChange(GET{uri=/userLocation?userId=08ecf570-a8de-4f69-95cd-349cc93cd714, connection=PooledConnection{channel=[id: 0x1fca7f5e, L:/127.0.0.1:51796 - R:localhost/127.0.0.1:8083]}}, [response_received])
15:53:15.450 [reactor-http-nio-41] DEBUG org.springframework.web.reactive.function.client.ExchangeFunctions - [2f02309a] Response 200 OK
15:53:15.451 [reactor-http-nio-41] DEBUG reactor.netty.channel.FluxReceive - [id: 0x1fca7f5e, L:/127.0.0.1:51796 - R:localhost/127.0.0.1:8083] Subscribing inbound receiver [pending: 0, cancelled:false, inboundDone: false]
15:53:15.451 [reactor-http-nio-41] DEBUG reactor.netty.http.client.HttpClientOperations - [id: 0x1fca7f5e, L:/127.0.0.1:51796 - R:localhost/127.0.0.1:8083] Received last HTTP packet
15:53:15.451 [reactor-http-nio-41] DEBUG org.springframework.core.codec.StringDecoder - [2f02309a] Decoded "{"userId":"08ecf570-a8de-4f69-95cd-349cc93cd714","location":{"longitude":-34.804977,"latitude":-1.0 (truncated)...
15:53:15.451 [reactor-http-nio-41] DEBUG reactor.netty.resources.PooledConnectionProvider - [id: 0x1fca7f5e, L:/127.0.0.1:51796 - R:localhost/127.0.0.1:8083] onStateChange(GET{uri=/userLocation?userId=08ecf570-a8de-4f69-95cd-349cc93cd714, connection=PooledConnection{channel=[id: 0x1fca7f5e, L:/127.0.0.1:51796 - R:localhost/127.0.0.1:8083]}}, [disconnecting])
15:53:15.451 [reactor-http-nio-41] DEBUG reactor.netty.resources.PooledConnectionProvider - [id: 0x1fca7f5e, L:/127.0.0.1:51796 - R:localhost/127.0.0.1:8083] Releasing channel
15:53:15.451 [reactor-http-nio-41] DEBUG reactor.netty.resources.PooledConnectionProvider - [id: 0x1fca7f5e, L:/127.0.0.1:51796 - R:localhost/127.0.0.1:8083] Channel cleaned, now 289 active connections and 12 inactive connections
15:53:15.451 [reactor-http-nio-47] DEBUG reactor.netty.resources.PooledConnectionProvider - [id: 0xd0f99d54, L:/127.0.0.1:51843 - R:localhost/127.0.0.1:8083] Channel acquired, now 290 active connections and 11 inactive connections
15:53:15.452 [reactor-http-nio-47] DEBUG reactor.netty.http.client.HttpClientConnect - [id: 0xd0f99d54, L:/127.0.0.1:51843 - R:localhost/127.0.0.1:8083] Handler is being applied: {uri=http://localhost:8083/attractions, method=GET}
15:53:15.452 [reactor-http-nio-47] DEBUG reactor.netty.resources.PooledConnectionProvider - [id: 0xd0f99d54, L:/127.0.0.1:51843 - R:localhost/127.0.0.1:8083] onStateChange(GET{uri=/attractions, connection=PooledConnection{channel=[id: 0xd0f99d54, L:/127.0.0.1:51843 - R:localhost/127.0.0.1:8083]}}, [request_sent])
15:53:15.454 [pool-2-thread-127] INFO tourGuide.service.TourGuideService - visitedLocatio tourGuide.gpsUtil.VisitedLocation@3fe341c3
15:53:15.454 [pool-2-thread-127] DEBUG org.springframework.web.reactive.function.client.ExchangeFunctions - [36dbc2fe] HTTP GET http://localhost:8083/attractions
15:53:15.456 [reactor-http-nio-48] DEBUG reactor.netty.resources.PooledConnectionProvider - [id: 0xb033e5eb, L:/127.0.0.1:51933 - R:localhost/127.0.0.1:8083] Channel acquired, now 291 active connections and 10 inactive connections
15:53:15.456 [reactor-http-nio-48] DEBUG reactor.netty.http.client.HttpClientConnect - [id: 0xb033e5eb, L:/127.0.0.1:51933 - R:localhost/127.0.0.1:8083] Handler is being applied: {uri=http://localhost:8083/attractions, method=GET}
15:53:15.457 [pool-2-thread-110] INFO tourGuide.service.TourGuideService - visitedLocatio tourGuide.gpsUtil.VisitedLocation@7d74ac4
15:53:15.457 [reactor-http-nio-48] DEBUG reactor.netty.resources.PooledConnectionProvider - [id: 0xb033e5eb, L:/127.0.0.1:51933 - R:localhost/127.0.0.1:8083] onStateChange(GET{uri=/attractions, connection=PooledConnection{channel=[id: 0xb033e5eb, L:/127.0.0.1:51933 - R:localhost/127.0.0.1:8083]}}, [request_sent])
15:53:15.458 [pool-2-thread-110] DEBUG org.springframework.web.reactive.function.client.ExchangeFunctions - [45500b42] HTTP GET http://localhost:8083/attractions
15:53:15.458 [pool-2-thread-189] INFO tourGuide.service.TourGuideService - visitedLocatio tourGuide.gpsUtil.VisitedLocation@30c12ef7
15:53:15.459 [pool-2-thread-189] DEBUG org.springframework.web.reactive.function.client.ExchangeFunctions - [36a9c220] HTTP GET http://localhost:8083/attractions
15:53:15.459 [reactor-http-nio-48] DEBUG reactor.netty.resources.PooledConnectionProvider - [id: 0x57866369, L:/127.0.0.1:51911 - R:localhost/127.0.0.1:8083] Channel acquired, now 292 active connections and 9 inactive connections
15:53:15.459 [reactor-http-nio-48] DEBUG reactor.netty.http.client.HttpClientConnect - [id: 0x57866369, L:/127.0.0.1:51911 - R:localhost/127.0.0.1:8083] Handler is being applied: {uri=http://localhost:8083/attractions, method=GET}
15:53:15.460 [reactor-http-nio-48] DEBUG reactor.netty.resources.PooledConnectionProvider - [id: 0x57866369, L:/127.0.0.1:51911 - R:localhost/127.0.0.1:8083] onStateChange(GET{uri=/attractions, connection=PooledConnection{channel=[id: 0x57866369, L:/127.0.0.1:51911 - R:localhost/127.0.0.1:8083]}}, [request_sent])
15:53:15.463 [pool-5-thread-61] INFO tourGuide.service.TourGuideService - visitedLocatio tourGuide.gpsUtil.VisitedLocation@a2f5451
15:53:15.464 [pool-5-thread-61] DEBUG org.springframework.web.reactive.function.client.ExchangeFunctions - [3b122cb] HTTP GET http://localhost:8083/attractions
15:53:15.464 [pool-2-thread-71] INFO tourGuide.service.TourGuideService - visitedLocatio tourGuide.gpsUtil.VisitedLocation@62510636
15:53:15.465 [reactor-http-nio-46] DEBUG reactor.netty.resources.PooledConnectionProvider - [id: 0x7fca3ae3, L:/127.0.0.1:51782 - R:localhost/127.0.0.1:8083] Channel acquired, now 293 active connections and 8 inactive connections
15:53:15.465 [reactor-http-nio-46] DEBUG reactor.netty.http.client.HttpClientConnect - [id: 0x7fca3ae3, L:/127.0.0.1:51782 - R:localhost/127.0.0.1:8083] Handler is being applied: {uri=http://localhost:8083/attractions, method=GET}
15:53:15.466 [reactor-http-nio-46] DEBUG reactor.netty.resources.PooledConnectionProvider - [id: 0x7fca3ae3, L:/127.0.0.1:51782 - R:localhost/127.0.0.1:8083] onStateChange(GET{uri=/attractions, connection=PooledConnection{channel=[id: 0x7fca3ae3, L:/127.0.0.1:51782 - R:localhost/127.0.0.1:8083]}}, [request_sent])
15:53:15.466 [reactor-http-nio-46] DEBUG reactor.netty.resources.PooledConnectionProvider - [id: 0x38c41c97, L:/127.0.0.1:51784 - R:localhost/127.0.0.1:8083] Channel acquired, now 294 active connections and 7 inactive connections
15:53:15.466 [reactor-http-nio-46] DEBUG reactor.netty.http.client.HttpClientConnect - [id: 0x38c41c97, L:/127.0.0.1:51784 - R:localhost/127.0.0.1:8083] Handler is being applied: {uri=http://localhost:8083/attractions, method=GET}
15:53:15.467 [pool-2-thread-71] DEBUG org.springframework.web.reactive.function.client.ExchangeFunctions - [41ffb4e0] HTTP GET http://localhost:8083/attractions
15:53:15.467 [reactor-http-nio-46] DEBUG reactor.netty.resources.PooledConnectionProvider - [id: 0x38c41c97, L:/127.0.0.1:51784 - R:localhost/127.0.0.1:8083] onStateChange(GET{uri=/attractions, connection=PooledConnection{channel=[id: 0x38c41c97, L:/127.0.0.1:51784 - R:localhost/127.0.0.1:8083]}}, [request_sent])
15:53:15.468 [reactor-http-nio-46] DEBUG reactor.netty.resources.PooledConnectionProvider - [id: 0xf6b8ded2, L:/127.0.0.1:51955 - R:localhost/127.0.0.1:8083] Channel acquired, now 295 active connections and 6 inactive connections
15:53:15.468 [pool-2-thread-47] INFO tourGuide.service.TourGuideService - visitedLocatio tourGuide.gpsUtil.VisitedLocation@14a37da2
15:53:15.468 [reactor-http-nio-46] DEBUG reactor.netty.http.client.HttpClientConnect - [id: 0xf6b8ded2, L:/127.0.0.1:51955 - R:localhost/127.0.0.1:8083] Handler is being applied: {uri=http://localhost:8083/attractions, method=GET}
15:53:15.469 [pool-2-thread-47] DEBUG org.springframework.web.reactive.function.client.ExchangeFunctions - [56117691] HTTP GET http://localhost:8083/attractions
15:53:15.469 [reactor-http-nio-46] DEBUG reactor.netty.resources.PooledConnectionProvider - [id: 0xf6b8ded2, L:/127.0.0.1:51955 - R:localhost/127.0.0.1:8083] onStateChange(GET{uri=/attractions, connection=PooledConnection{channel=[id: 0xf6b8ded2, L:/127.0.0.1:51955 - R:localhost/127.0.0.1:8083]}}, [request_sent])
15:53:15.470 [pool-2-thread-97] INFO tourGuide.service.TourGuideService - visitedLocatio tourGuide.gpsUtil.VisitedLocation@482fc649
15:53:15.470 [pool-2-thread-97] DEBUG org.springframework.web.reactive.function.client.ExchangeFunctions - [5ad595b3] HTTP GET http://localhost:8083/attractions
15:53:15.471 [reactor-http-nio-47] DEBUG reactor.netty.resources.PooledConnectionProvider - [id: 0x015d237e, L:/127.0.0.1:51835 - R:localhost/127.0.0.1:8083] Channel acquired, now 296 active connections and 5 inactive connections
15:53:15.471 [reactor-http-nio-47] DEBUG reactor.netty.http.client.HttpClientConnect - [id: 0x015d237e, L:/127.0.0.1:51835 - R:localhost/127.0.0.1:8083] Handler is being applied: {uri=http://localhost:8083/attractions, method=GET}
15:53:15.472 [reactor-http-nio-47] DEBUG reactor.netty.resources.PooledConnectionProvider - [id: 0x015d237e, L:/127.0.0.1:51835 - R:localhost/127.0.0.1:8083] onStateChange(GET{uri=/attractions, connection=PooledConnection{channel=[id: 0x015d237e, L:/127.0.0.1:51835 - R:localhost/127.0.0.1:8083]}}, [request_sent])
15:53:15.472 [reactor-http-nio-47] DEBUG reactor.netty.resources.PooledConnectionProvider - [id: 0x3b9f7ba5, L:/127.0.0.1:51836 - R:localhost/127.0.0.1:8083] Channel acquired, now 297 active connections and 4 inactive connections
15:53:15.472 [reactor-http-nio-47] DEBUG reactor.netty.http.client.HttpClientConnect - [id: 0x3b9f7ba5, L:/127.0.0.1:51836 - R:localhost/127.0.0.1:8083] Handler is being applied: {uri=http://localhost:8083/attractions, method=GET}
15:53:15.472 [pool-2-thread-122] INFO tourGuide.service.TourGuideService - visitedLocatio tourGuide.gpsUtil.VisitedLocation@5164d22a
15:53:15.473 [reactor-http-nio-47] DEBUG reactor.netty.resources.PooledConnectionProvider - [id: 0x3b9f7ba5, L:/127.0.0.1:51836 - R:localhost/127.0.0.1:8083] onStateChange(GET{uri=/attractions, connection=PooledConnection{channel=[id: 0x3b9f7ba5, L:/127.0.0.1:51836 - R:localhost/127.0.0.1:8083]}}, [request_sent])
15:53:15.473 [pool-2-thread-122] DEBUG org.springframework.web.reactive.function.client.ExchangeFunctions - [13f9ce60] HTTP GET http://localhost:8083/attractions
15:53:15.473 [reactor-http-nio-46] DEBUG reactor.netty.http.client.HttpClientOperations - [id: 0x0c4def98, L:/127.0.0.1:51813 - R:localhost/127.0.0.1:8083] Received response (auto-read:false) : [Content-Type=application/json, Transfer-Encoding=chunked, Date=Wed, 15 Jun 2022 14:53:14 GMT]
15:53:15.474 [reactor-http-nio-46] DEBUG reactor.netty.resources.PooledConnectionProvider - [id: 0x0c4def98, L:/127.0.0.1:51813 - R:localhost/127.0.0.1:8083] onStateChange(GET{uri=/userLocation?userId=e6fd486b-8ac5-4554-8b3a-70d1fc8f666b, connection=PooledConnection{channel=[id: 0x0c4def98, L:/127.0.0.1:51813 - R:localhost/127.0.0.1:8083]}}, [response_received])
15:53:15.474 [reactor-http-nio-46] DEBUG org.springframework.web.reactive.function.client.ExchangeFunctions - [2f0f792a] Response 200 OK
15:53:15.474 [reactor-http-nio-46] DEBUG reactor.netty.channel.FluxReceive - [id: 0x0c4def98, L:/127.0.0.1:51813 - R:localhost/127.0.0.1:8083] Subscribing inbound receiver [pending: 0, cancelled:false, inboundDone: false]
15:53:15.475 [reactor-http-nio-46] DEBUG reactor.netty.http.client.HttpClientOperations - [id: 0x0c4def98, L:/127.0.0.1:51813 - R:localhost/127.0.0.1:8083] Received last HTTP packet
15:53:15.476 [reactor-http-nio-46] DEBUG org.springframework.core.codec.StringDecoder - [2f0f792a] Decoded "{"userId":"e6fd486b-8ac5-4554-8b3a-70d1fc8f666b","location":{"longitude":112.539333,"latitude":48.2 (truncated)...
15:53:15.476 [reactor-http-nio-46] DEBUG reactor.netty.resources.PooledConnectionProvider - [id: 0x0c4def98, L:/127.0.0.1:51813 - R:localhost/127.0.0.1:8083] onStateChange(GET{uri=/userLocation?userId=e6fd486b-8ac5-4554-8b3a-70d1fc8f666b, connection=PooledConnection{channel=[id: 0x0c4def98, L:/127.0.0.1:51813 - R:localhost/127.0.0.1:8083]}}, [disconnecting])
15:53:15.476 [reactor-http-nio-46] DEBUG reactor.netty.resources.PooledConnectionProvider - [id: 0x0c4def98, L:/127.0.0.1:51813 - R:localhost/127.0.0.1:8083] Releasing channel
15:53:15.476 [reactor-http-nio-46] DEBUG reactor.netty.resources.PooledConnectionProvider - [id: 0x0c4def98, L:/127.0.0.1:51813 - R:localhost/127.0.0.1:8083] Channel cleaned, now 296 active connections and 5 inactive connections
15:53:15.477 [reactor-http-nio-41] DEBUG reactor.netty.resources.PooledConnectionProvider - [id: 0xed0ba0e1, L:/127.0.0.1:51752 - R:localhost/127.0.0.1:8083] Channel acquired, now 297 active connections and 4 inactive connections
15:53:15.477 [reactor-http-nio-41] DEBUG reactor.netty.http.client.HttpClientConnect - [id: 0xed0ba0e1, L:/127.0.0.1:51752 - R:localhost/127.0.0.1:8083] Handler is being applied: {uri=http://localhost:8083/attractions, method=GET}
15:53:15.477 [pool-2-thread-24] INFO tourGuide.service.TourGuideService - visitedLocatio tourGuide.gpsUtil.VisitedLocation@e1d8c5e
15:53:15.478 [reactor-http-nio-46] DEBUG reactor.netty.http.client.HttpClientOperations - [id: 0xcde170f5, L:/127.0.0.1:51800 - R:localhost/127.0.0.1:8083] Received response (auto-read:false) : [Content-Type=application/json, Transfer-Encoding=chunked, Date=Wed, 15 Jun 2022 14:53:14 GMT]
15:53:15.478 [reactor-http-nio-46] DEBUG reactor.netty.resources.PooledConnectionProvider - [id: 0xcde170f5, L:/127.0.0.1:51800 - R:localhost/127.0.0.1:8083] onStateChange(GET{uri=/userLocation?userId=de30c4f9-0c2e-4313-b1ec-d154aafc174c, connection=PooledConnection{channel=[id: 0xcde170f5, L:/127.0.0.1:51800 - R:localhost/127.0.0.1:8083]}}, [response_received])
15:53:15.478 [reactor-http-nio-41] DEBUG reactor.netty.resources.PooledConnectionProvider - [id: 0xed0ba0e1, L:/127.0.0.1:51752 - R:localhost/127.0.0.1:8083] onStateChange(GET{uri=/attractions, connection=PooledConnection{channel=[id: 0xed0ba0e1, L:/127.0.0.1:51752 - R:localhost/127.0.0.1:8083]}}, [request_sent])
15:53:15.478 [reactor-http-nio-46] DEBUG org.springframework.web.reactive.function.client.ExchangeFunctions - [7ca4f8b6] Response 200 OK
15:53:15.478 [reactor-http-nio-46] DEBUG reactor.netty.channel.FluxReceive - [id: 0xcde170f5, L:/127.0.0.1:51800 - R:localhost/127.0.0.1:8083] Subscribing inbound receiver [pending: 0, cancelled:false, inboundDone: false]
15:53:15.478 [pool-2-thread-24] DEBUG org.springframework.web.reactive.function.client.ExchangeFunctions - [240266ec] HTTP GET http://localhost:8083/attractions
15:53:15.479 [reactor-http-nio-46] DEBUG reactor.netty.http.client.HttpClientOperations - [id: 0xcde170f5, L:/127.0.0.1:51800 - R:localhost/127.0.0.1:8083] Received last HTTP packet
15:53:15.479 [reactor-http-nio-46] DEBUG org.springframework.core.codec.StringDecoder - [7ca4f8b6] Decoded "{"userId":"de30c4f9-0c2e-4313-b1ec-d154aafc174c","location":{"longitude":-54.637322,"latitude":31.9 (truncated)...
15:53:15.479 [reactor-http-nio-46] DEBUG reactor.netty.resources.PooledConnectionProvider - [id: 0xcde170f5, L:/127.0.0.1:51800 - R:localhost/127.0.0.1:8083] onStateChange(GET{uri=/userLocation?userId=de30c4f9-0c2e-4313-b1ec-d154aafc174c, connection=PooledConnection{channel=[id: 0xcde170f5, L:/127.0.0.1:51800 - R:localhost/127.0.0.1:8083]}}, [disconnecting])
15:53:15.479 [reactor-http-nio-46] DEBUG reactor.netty.resources.PooledConnectionProvider - [id: 0xcde170f5, L:/127.0.0.1:51800 - R:localhost/127.0.0.1:8083] Releasing channel
15:53:15.479 [reactor-http-nio-46] DEBUG reactor.netty.resources.PooledConnectionProvider - [id: 0xcde170f5, L:/127.0.0.1:51800 - R:localhost/127.0.0.1:8083] Channel cleaned, now 296 active connections and 5 inactive connections
15:53:15.480 [reactor-http-nio-41] DEBUG reactor.netty.resources.PooledConnectionProvider - [id: 0x5524893e, L:/127.0.0.1:51743 - R:localhost/127.0.0.1:8083] Channel acquired, now 297 active connections and 4 inactive connections
15:53:15.480 [reactor-http-nio-41] DEBUG reactor.netty.http.client.HttpClientConnect - [id: 0x5524893e, L:/127.0.0.1:51743 - R:localhost/127.0.0.1:8083] Handler is being applied: {uri=http://localhost:8083/attractions, method=GET}
15:53:15.481 [reactor-http-nio-41] DEBUG reactor.netty.resources.PooledConnectionProvider - [id: 0x5524893e, L:/127.0.0.1:51743 - R:localhost/127.0.0.1:8083] onStateChange(GET{uri=/attractions, connection=PooledConnection{channel=[id: 0x5524893e, L:/127.0.0.1:51743 - R:localhost/127.0.0.1:8083]}}, [request_sent])
15:53:15.483 [pool-2-thread-153] INFO tourGuide.service.TourGuideService - visitedLocatio tourGuide.gpsUtil.VisitedLocation@2fc99f2c
15:53:15.483 [pool-2-thread-153] DEBUG org.springframework.web.reactive.function.client.ExchangeFunctions - [5db60dc2] HTTP GET http://localhost:8083/attractions
15:53:15.483 [reactor-http-nio-46] DEBUG reactor.netty.http.client.HttpClientOperations - [id: 0xb17f4d49, L:/127.0.0.1:51793 - R:localhost/127.0.0.1:8083] Received last HTTP packet
15:53:15.484 [reactor-http-nio-46] DEBUG org.springframework.core.codec.StringDecoder - [6338911c] Decoded "{"userId":"8d70f929-f18b-4226-ad8c-3263fd279c28","location":{"longitude":-140.055074,"latitude":-26 (truncated)...
15:53:15.484 [reactor-http-nio-46] DEBUG reactor.netty.resources.PooledConnectionProvider - [id: 0xb17f4d49, L:/127.0.0.1:51793 - R:localhost/127.0.0.1:8083] onStateChange(GET{uri=/userLocation?userId=8d70f929-f18b-4226-ad8c-3263fd279c28, connection=PooledConnection{channel=[id: 0xb17f4d49, L:/127.0.0.1:51793 - R:localhost/127.0.0.1:8083]}}, [disconnecting])
15:53:15.484 [reactor-http-nio-46] DEBUG reactor.netty.resources.PooledConnectionProvider - [id: 0xb17f4d49, L:/127.0.0.1:51793 - R:localhost/127.0.0.1:8083] Releasing channel
15:53:15.484 [reactor-http-nio-46] DEBUG reactor.netty.resources.PooledConnectionProvider - [id: 0xb17f4d49, L:/127.0.0.1:51793 - R:localhost/127.0.0.1:8083] Channel cleaned, now 296 active connections and 5 inactive connections
15:53:15.486 [reactor-http-nio-41] DEBUG reactor.netty.resources.PooledConnectionProvider - [id: 0xd0c6a217, L:/127.0.0.1:51778 - R:localhost/127.0.0.1:8083] Channel acquired, now 297 active connections and 4 inactive connections
15:53:15.486 [reactor-http-nio-41] DEBUG reactor.netty.http.client.HttpClientConnect - [id: 0xd0c6a217, L:/127.0.0.1:51778 - R:localhost/127.0.0.1:8083] Handler is being applied: {uri=http://localhost:8083/attractions, method=GET}
15:53:15.486 [reactor-http-nio-41] DEBUG reactor.netty.resources.PooledConnectionProvider - [id: 0xd0c6a217, L:/127.0.0.1:51778 - R:localhost/127.0.0.1:8083] onStateChange(GET{uri=/attractions, connection=PooledConnection{channel=[id: 0xd0c6a217, L:/127.0.0.1:51778 - R:localhost/127.0.0.1:8083]}}, [request_sent])
15:53:15.489 [pool-2-thread-75] INFO tourGuide.service.TourGuideService - visitedLocatio tourGuide.gpsUtil.VisitedLocation@4615fc50
15:53:15.489 [reactor-http-nio-46] DEBUG reactor.netty.http.client.HttpClientOperations - [id: 0xd78cec0d, L:/127.0.0.1:51735 - R:localhost/127.0.0.1:8083] Received response (auto-read:false) : [Content-Type=application/json, Transfer-Encoding=chunked, Date=Wed, 15 Jun 2022 14:53:14 GMT]
15:53:15.490 [reactor-http-nio-46] DEBUG reactor.netty.resources.PooledConnectionProvider - [id: 0xd78cec0d, L:/127.0.0.1:51735 - R:localhost/127.0.0.1:8083] onStateChange(GET{uri=/userLocation?userId=9ae6a340-96bd-49bd-aca7-b0c3409d2cb9, connection=PooledConnection{channel=[id: 0xd78cec0d, L:/127.0.0.1:51735 - R:localhost/127.0.0.1:8083]}}, [response_received])
15:53:15.492 [reactor-http-nio-46] DEBUG org.springframework.web.reactive.function.client.ExchangeFunctions - [11c0edab] Response 200 OK
15:53:15.493 [reactor-http-nio-46] DEBUG reactor.netty.channel.FluxReceive - [id: 0xd78cec0d, L:/127.0.0.1:51735 - R:localhost/127.0.0.1:8083] Subscribing inbound receiver [pending: 0, cancelled:false, inboundDone: false]
15:53:15.493 [reactor-http-nio-46] DEBUG reactor.netty.http.client.HttpClientOperations - [id: 0xd78cec0d, L:/127.0.0.1:51735 - R:localhost/127.0.0.1:8083] Received last HTTP packet
15:53:15.493 [reactor-http-nio-46] DEBUG org.springframework.core.codec.StringDecoder - [11c0edab] Decoded "{"userId":"9ae6a340-96bd-49bd-aca7-b0c3409d2cb9","location":{"longitude":-57.349058,"latitude":78.2 (truncated)...
15:53:15.493 [reactor-http-nio-46] DEBUG reactor.netty.resources.PooledConnectionProvider - [id: 0xd78cec0d, L:/127.0.0.1:51735 - R:localhost/127.0.0.1:8083] onStateChange(GET{uri=/userLocation?userId=9ae6a340-96bd-49bd-aca7-b0c3409d2cb9, connection=PooledConnection{channel=[id: 0xd78cec0d, L:/127.0.0.1:51735 - R:localhost/127.0.0.1:8083]}}, [disconnecting])
15:53:15.494 [reactor-http-nio-46] DEBUG reactor.netty.resources.PooledConnectionProvider - [id: 0xd78cec0d, L:/127.0.0.1:51735 - R:localhost/127.0.0.1:8083] Releasing channel
15:53:15.494 [reactor-http-nio-46] DEBUG reactor.netty.resources.PooledConnectionProvider - [id: 0xd78cec0d, L:/127.0.0.1:51735 - R:localhost/127.0.0.1:8083] Channel cleaned, now 296 active connections and 5 inactive connections
15:53:15.494 [pool-2-thread-75] DEBUG org.springframework.web.reactive.function.client.ExchangeFunctions - [3257ac52] HTTP GET http://localhost:8083/attractions
15:53:15.496 [reactor-http-nio-41] DEBUG reactor.netty.resources.PooledConnectionProvider - [id: 0x1fca7f5e, L:/127.0.0.1:51796 - R:localhost/127.0.0.1:8083] Channel acquired, now 297 active connections and 4 inactive connections
15:53:15.496 [reactor-http-nio-41] DEBUG reactor.netty.http.client.HttpClientConnect - [id: 0x1fca7f5e, L:/127.0.0.1:51796 - R:localhost/127.0.0.1:8083] Handler is being applied: {uri=http://localhost:8083/attractions, method=GET}
15:53:15.497 [reactor-http-nio-41] DEBUG reactor.netty.resources.PooledConnectionProvider - [id: 0x1fca7f5e, L:/127.0.0.1:51796 - R:localhost/127.0.0.1:8083] onStateChange(GET{uri=/attractions, connection=PooledConnection{channel=[id: 0x1fca7f5e, L:/127.0.0.1:51796 - R:localhost/127.0.0.1:8083]}}, [request_sent])
15:53:15.499 [pool-2-thread-77] INFO tourGuide.service.TourGuideService - visitedLocatio tourGuide.gpsUtil.VisitedLocation@f2cbfcd
15:53:15.499 [pool-2-thread-77] DEBUG org.springframework.web.reactive.function.client.ExchangeFunctions - [30d218df] HTTP GET http://localhost:8083/attractions
15:53:15.501 [reactor-http-nio-46] DEBUG reactor.netty.resources.PooledConnectionProvider - [id: 0x0c4def98, L:/127.0.0.1:51813 - R:localhost/127.0.0.1:8083] Channel acquired, now 298 active connections and 3 inactive connections
15:53:15.501 [reactor-http-nio-46] DEBUG reactor.netty.http.client.HttpClientConnect - [id: 0x0c4def98, L:/127.0.0.1:51813 - R:localhost/127.0.0.1:8083] Handler is being applied: {uri=http://localhost:8083/attractions, method=GET}
15:53:15.502 [reactor-http-nio-46] DEBUG reactor.netty.resources.PooledConnectionProvider - [id: 0x0c4def98, L:/127.0.0.1:51813 - R:localhost/127.0.0.1:8083] onStateChange(GET{uri=/attractions, connection=PooledConnection{channel=[id: 0x0c4def98, L:/127.0.0.1:51813 - R:localhost/127.0.0.1:8083]}}, [request_sent])
15:53:15.504 [reactor-http-nio-46] DEBUG reactor.netty.http.client.HttpClientOperations - [id: 0xad15f065, L:/127.0.0.1:51819 - R:localhost/127.0.0.1:8083] Received response (auto-read:false) : [Content-Type=application/json, Transfer-Encoding=chunked, Date=Wed, 15 Jun 2022 14:53:14 GMT]
15:53:15.505 [reactor-http-nio-46] DEBUG reactor.netty.resources.PooledConnectionProvider - [id: 0xad15f065, L:/127.0.0.1:51819 - R:localhost/127.0.0.1:8083] onStateChange(GET{uri=/userLocation?userId=4dd2a22e-e8a7-4b63-a707-568281ce85d1, connection=PooledConnection{channel=[id: 0xad15f065, L:/127.0.0.1:51819 - R:localhost/127.0.0.1:8083]}}, [response_received])
15:53:15.505 [reactor-http-nio-46] DEBUG org.springframework.web.reactive.function.client.ExchangeFunctions - [2e77a26] Response 200 OK
15:53:15.505 [reactor-http-nio-41] DEBUG reactor.netty.http.client.HttpClientOperations - [id: 0x4b9fbeb1, L:/127.0.0.1:51745 - R:localhost/127.0.0.1:8083] Received response (auto-read:false) : [Content-Type=application/json, Transfer-Encoding=chunked, Date=Wed, 15 Jun 2022 14:53:14 GMT]
15:53:15.507 [reactor-http-nio-41] DEBUG reactor.netty.resources.PooledConnectionProvider - [id: 0x4b9fbeb1, L:/127.0.0.1:51745 - R:localhost/127.0.0.1:8083] onStateChange(GET{uri=/userLocation?userId=6c24fd1f-0757-49ab-befc-1d3c9d6f37cd, connection=PooledConnection{channel=[id: 0x4b9fbeb1, L:/127.0.0.1:51745 - R:localhost/127.0.0.1:8083]}}, [response_received])
15:53:15.508 [reactor-http-nio-41] DEBUG org.springframework.web.reactive.function.client.ExchangeFunctions - [4802cbf] Response 200 OK
15:53:15.508 [reactor-http-nio-41] DEBUG reactor.netty.channel.FluxReceive - [id: 0x4b9fbeb1, L:/127.0.0.1:51745 - R:localhost/127.0.0.1:8083] Subscribing inbound receiver [pending: 0, cancelled:false, inboundDone: false]
15:53:15.511 [reactor-http-nio-41] DEBUG reactor.netty.http.client.HttpClientOperations - [id: 0x4b9fbeb1, L:/127.0.0.1:51745 - R:localhost/127.0.0.1:8083] Received last HTTP packet
15:53:15.511 [reactor-http-nio-41] DEBUG org.springframework.core.codec.StringDecoder - [4802cbf] Decoded "{"userId":"6c24fd1f-0757-49ab-befc-1d3c9d6f37cd","location":{"longitude":-4.475541,"latitude":-17.7 (truncated)...
15:53:15.511 [reactor-http-nio-41] DEBUG reactor.netty.resources.PooledConnectionProvider - [id: 0x4b9fbeb1, L:/127.0.0.1:51745 - R:localhost/127.0.0.1:8083] onStateChange(GET{uri=/userLocation?userId=6c24fd1f-0757-49ab-befc-1d3c9d6f37cd, connection=PooledConnection{channel=[id: 0x4b9fbeb1, L:/127.0.0.1:51745 - R:localhost/127.0.0.1:8083]}}, [disconnecting])
15:53:15.511 [reactor-http-nio-41] DEBUG reactor.netty.resources.PooledConnectionProvider - [id: 0x4b9fbeb1, L:/127.0.0.1:51745 - R:localhost/127.0.0.1:8083] Releasing channel
15:53:15.511 [reactor-http-nio-41] DEBUG reactor.netty.resources.PooledConnectionProvider - [id: 0x4b9fbeb1, L:/127.0.0.1:51745 - R:localhost/127.0.0.1:8083] Channel cleaned, now 297 active connections and 4 inactive connections
15:53:15.512 [reactor-http-nio-41] DEBUG reactor.netty.http.client.HttpClientOperations - [id: 0x9badb85a, L:/127.0.0.1:51726 - R:localhost/127.0.0.1:8083] Received response (auto-read:false) : [Content-Type=application/json, Transfer-Encoding=chunked, Date=Wed, 15 Jun 2022 14:53:14 GMT]
15:53:15.512 [reactor-http-nio-41] DEBUG reactor.netty.resources.PooledConnectionProvider - [id: 0x9badb85a, L:/127.0.0.1:51726 - R:localhost/127.0.0.1:8083] onStateChange(GET{uri=/userLocation?userId=0759ee05-6d95-4419-b3ad-2322d0318125, connection=PooledConnection{channel=[id: 0x9badb85a, L:/127.0.0.1:51726 - R:localhost/127.0.0.1:8083]}}, [response_received])
15:53:15.512 [reactor-http-nio-41] DEBUG org.springframework.web.reactive.function.client.ExchangeFunctions - [64dd44dd] Response 200 OK
15:53:15.513 [reactor-http-nio-41] DEBUG reactor.netty.channel.FluxReceive - [id: 0x9badb85a, L:/127.0.0.1:51726 - R:localhost/127.0.0.1:8083] Subscribing inbound receiver [pending: 0, cancelled:false, inboundDone: false]
15:53:15.513 [reactor-http-nio-41] DEBUG reactor.netty.http.client.HttpClientOperations - [id: 0x9badb85a, L:/127.0.0.1:51726 - R:localhost/127.0.0.1:8083] Received last HTTP packet
15:53:15.513 [reactor-http-nio-41] DEBUG org.springframework.core.codec.StringDecoder - [64dd44dd] Decoded "{"userId":"0759ee05-6d95-4419-b3ad-2322d0318125","location":{"longitude":-41.879009,"latitude":46.6 (truncated)...
15:53:15.513 [reactor-http-nio-41] DEBUG reactor.netty.resources.PooledConnectionProvider - [id: 0x9badb85a, L:/127.0.0.1:51726 - R:localhost/127.0.0.1:8083] onStateChange(GET{uri=/userLocation?userId=0759ee05-6d95-4419-b3ad-2322d0318125, connection=PooledConnection{channel=[id: 0x9badb85a, L:/127.0.0.1:51726 - R:localhost/127.0.0.1:8083]}}, [disconnecting])
15:53:15.513 [reactor-http-nio-41] DEBUG reactor.netty.resources.PooledConnectionProvider - [id: 0x9badb85a, L:/127.0.0.1:51726 - R:localhost/127.0.0.1:8083] Releasing channel
15:53:15.513 [reactor-http-nio-41] DEBUG reactor.netty.resources.PooledConnectionProvider - [id: 0x9badb85a, L:/127.0.0.1:51726 - R:localhost/127.0.0.1:8083] Channel cleaned, now 296 active connections and 5 inactive connections
15:53:15.514 [reactor-http-nio-46] DEBUG reactor.netty.channel.FluxReceive - [id: 0xad15f065, L:/127.0.0.1:51819 - R:localhost/127.0.0.1:8083] Subscribing inbound receiver [pending: 0, cancelled:false, inboundDone: false]
15:53:15.515 [reactor-http-nio-46] DEBUG reactor.netty.http.client.HttpClientOperations - [id: 0xad15f065, L:/127.0.0.1:51819 - R:localhost/127.0.0.1:8083] Received last HTTP packet
15:53:15.515 [reactor-http-nio-46] DEBUG org.springframework.core.codec.StringDecoder - [2e77a26] Decoded "{"userId":"4dd2a22e-e8a7-4b63-a707-568281ce85d1","location":{"longitude":120.218499,"latitude":3.85 (truncated)...
15:53:15.515 [reactor-http-nio-46] DEBUG reactor.netty.resources.PooledConnectionProvider - [id: 0xad15f065, L:/127.0.0.1:51819 - R:localhost/127.0.0.1:8083] onStateChange(GET{uri=/userLocation?userId=4dd2a22e-e8a7-4b63-a707-568281ce85d1, connection=PooledConnection{channel=[id: 0xad15f065, L:/127.0.0.1:51819 - R:localhost/127.0.0.1:8083]}}, [disconnecting])
15:53:15.515 [reactor-http-nio-46] DEBUG reactor.netty.resources.PooledConnectionProvider - [id: 0xad15f065, L:/127.0.0.1:51819 - R:localhost/127.0.0.1:8083] Releasing channel
15:53:15.515 [reactor-http-nio-46] DEBUG reactor.netty.resources.PooledConnectionProvider - [id: 0xad15f065, L:/127.0.0.1:51819 - R:localhost/127.0.0.1:8083] Channel cleaned, now 295 active connections and 6 inactive connections
15:53:15.517 [pool-2-thread-168] INFO tourGuide.service.TourGuideService - visitedLocatio tourGuide.gpsUtil.VisitedLocation@333f4bb0
15:53:15.517 [pool-2-thread-168] DEBUG org.springframework.web.reactive.function.client.ExchangeFunctions - [23f58f52] HTTP GET http://localhost:8083/attractions
15:53:15.519 [reactor-http-nio-46] DEBUG reactor.netty.resources.PooledConnectionProvider - [id: 0xcde170f5, L:/127.0.0.1:51800 - R:localhost/127.0.0.1:8083] Channel acquired, now 296 active connections and 5 inactive connections
15:53:15.519 [reactor-http-nio-46] DEBUG reactor.netty.http.client.HttpClientConnect - [id: 0xcde170f5, L:/127.0.0.1:51800 - R:localhost/127.0.0.1:8083] Handler is being applied: {uri=http://localhost:8083/attractions, method=GET}
15:53:15.520 [reactor-http-nio-46] DEBUG reactor.netty.resources.PooledConnectionProvider - [id: 0xcde170f5, L:/127.0.0.1:51800 - R:localhost/127.0.0.1:8083] onStateChange(GET{uri=/attractions, connection=PooledConnection{channel=[id: 0xcde170f5, L:/127.0.0.1:51800 - R:localhost/127.0.0.1:8083]}}, [request_sent])
15:53:15.522 [pool-2-thread-12] INFO tourGuide.service.TourGuideService - visitedLocatio tourGuide.gpsUtil.VisitedLocation@41f0396d
15:53:15.524 [pool-5-thread-13] INFO tourGuide.service.TourGuideService - visitedLocatio tourGuide.gpsUtil.VisitedLocation@7a7b86c6
15:53:15.525 [pool-5-thread-13] DEBUG org.springframework.web.reactive.function.client.ExchangeFunctions - [36f1e079] HTTP GET http://localhost:8083/attractions
15:53:15.526 [reactor-http-nio-46] DEBUG reactor.netty.resources.PooledConnectionProvider - [id: 0xb17f4d49, L:/127.0.0.1:51793 - R:localhost/127.0.0.1:8083] Channel acquired, now 297 active connections and 4 inactive connections
15:53:15.526 [pool-2-thread-12] DEBUG org.springframework.web.reactive.function.client.ExchangeFunctions - [21bfcbe5] HTTP GET http://localhost:8083/attractions
15:53:15.526 [reactor-http-nio-46] DEBUG reactor.netty.http.client.HttpClientConnect - [id: 0xb17f4d49, L:/127.0.0.1:51793 - R:localhost/127.0.0.1:8083] Handler is being applied: {uri=http://localhost:8083/attractions, method=GET}
15:53:15.527 [reactor-http-nio-46] DEBUG reactor.netty.resources.PooledConnectionProvider - [id: 0xb17f4d49, L:/127.0.0.1:51793 - R:localhost/127.0.0.1:8083] onStateChange(GET{uri=/attractions, connection=PooledConnection{channel=[id: 0xb17f4d49, L:/127.0.0.1:51793 - R:localhost/127.0.0.1:8083]}}, [request_sent])
15:53:15.528 [reactor-http-nio-46] DEBUG reactor.netty.http.client.HttpClientOperations - [id: 0x0c7165ed, L:/127.0.0.1:51765 - R:localhost/127.0.0.1:8083] Received response (auto-read:false) : [Content-Type=application/json, Transfer-Encoding=chunked, Date=Wed, 15 Jun 2022 14:53:14 GMT]
15:53:15.528 [reactor-http-nio-46] DEBUG reactor.netty.resources.PooledConnectionProvider - [id: 0x0c7165ed, L:/127.0.0.1:51765 - R:localhost/127.0.0.1:8083] onStateChange(GET{uri=/userLocation?userId=14c04e9f-c545-4371-b2af-25d9313b93dc, connection=PooledConnection{channel=[id: 0x0c7165ed, L:/127.0.0.1:51765 - R:localhost/127.0.0.1:8083]}}, [response_received])
15:53:15.528 [reactor-http-nio-46] DEBUG org.springframework.web.reactive.function.client.ExchangeFunctions - [295eab71] Response 200 OK
15:53:15.528 [reactor-http-nio-48] DEBUG reactor.netty.http.client.HttpClientOperations - [id: 0xf96fcdf2, L:/127.0.0.1:51938 - R:localhost/127.0.0.1:8083] Received response (auto-read:false) : [Content-Type=application/json, Transfer-Encoding=chunked, Date=Wed, 15 Jun 2022 14:53:14 GMT]
15:53:15.528 [reactor-http-nio-48] DEBUG reactor.netty.resources.PooledConnectionProvider - [id: 0xf96fcdf2, L:/127.0.0.1:51938 - R:localhost/127.0.0.1:8083] onStateChange(GET{uri=/userLocation?userId=d9360777-59f7-4c5c-8aba-210e8106d0e1, connection=PooledConnection{channel=[id: 0xf96fcdf2, L:/127.0.0.1:51938 - R:localhost/127.0.0.1:8083]}}, [response_received])
15:53:15.528 [reactor-http-nio-48] DEBUG org.springframework.web.reactive.function.client.ExchangeFunctions - [3b4ebf60] Response 200 OK
15:53:15.529 [reactor-http-nio-46] DEBUG reactor.netty.channel.FluxReceive - [id: 0x0c7165ed, L:/127.0.0.1:51765 - R:localhost/127.0.0.1:8083] Subscribing inbound receiver [pending: 0, cancelled:false, inboundDone: false]
15:53:15.529 [reactor-http-nio-48] DEBUG reactor.netty.channel.FluxReceive - [id: 0xf96fcdf2, L:/127.0.0.1:51938 - R:localhost/127.0.0.1:8083] Subscribing inbound receiver [pending: 0, cancelled:false, inboundDone: false]
15:53:15.529 [reactor-http-nio-48] DEBUG reactor.netty.http.client.HttpClientOperations - [id: 0xf96fcdf2, L:/127.0.0.1:51938 - R:localhost/127.0.0.1:8083] Received last HTTP packet
15:53:15.529 [reactor-http-nio-48] DEBUG org.springframework.core.codec.StringDecoder - [3b4ebf60] Decoded "{"userId":"d9360777-59f7-4c5c-8aba-210e8106d0e1","location":{"longitude":-166.54033,"latitude":-46. (truncated)...
15:53:15.529 [reactor-http-nio-48] DEBUG reactor.netty.resources.PooledConnectionProvider - [id: 0xf96fcdf2, L:/127.0.0.1:51938 - R:localhost/127.0.0.1:8083] onStateChange(GET{uri=/userLocation?userId=d9360777-59f7-4c5c-8aba-210e8106d0e1, connection=PooledConnection{channel=[id: 0xf96fcdf2, L:/127.0.0.1:51938 - R:localhost/127.0.0.1:8083]}}, [disconnecting])
15:53:15.529 [reactor-http-nio-48] DEBUG reactor.netty.resources.PooledConnectionProvider - [id: 0xf96fcdf2, L:/127.0.0.1:51938 - R:localhost/127.0.0.1:8083] Releasing channel
15:53:15.529 [reactor-http-nio-48] DEBUG reactor.netty.resources.PooledConnectionProvider - [id: 0xf96fcdf2, L:/127.0.0.1:51938 - R:localhost/127.0.0.1:8083] Channel cleaned, now 296 active connections and 5 inactive connections
15:53:15.529 [reactor-http-nio-46] DEBUG reactor.netty.http.client.HttpClientOperations - [id: 0x0c7165ed, L:/127.0.0.1:51765 - R:localhost/127.0.0.1:8083] Received last HTTP packet
15:53:15.529 [reactor-http-nio-41] DEBUG reactor.netty.http.client.HttpClientOperations - [id: 0xfb192aad, L:/127.0.0.1:51748 - R:localhost/127.0.0.1:8083] Received response (auto-read:false) : [Content-Type=application/json, Transfer-Encoding=chunked, Date=Wed, 15 Jun 2022 14:53:14 GMT]
15:53:15.529 [reactor-http-nio-41] DEBUG reactor.netty.resources.PooledConnectionProvider - [id: 0xfb192aad, L:/127.0.0.1:51748 - R:localhost/127.0.0.1:8083] onStateChange(GET{uri=/userLocation?userId=667c2c56-a457-4fc2-89a1-387e17d38fa3, connection=PooledConnection{channel=[id: 0xfb192aad, L:/127.0.0.1:51748 - R:localhost/127.0.0.1:8083]}}, [response_received])
15:53:15.529 [reactor-http-nio-46] DEBUG org.springframework.core.codec.StringDecoder - [295eab71] Decoded "{"userId":"14c04e9f-c545-4371-b2af-25d9313b93dc","location":{"longitude":8.602129,"latitude":75.720 (truncated)...
15:53:15.529 [reactor-http-nio-46] DEBUG reactor.netty.resources.PooledConnectionProvider - [id: 0x0c7165ed, L:/127.0.0.1:51765 - R:localhost/127.0.0.1:8083] onStateChange(GET{uri=/userLocation?userId=14c04e9f-c545-4371-b2af-25d9313b93dc, connection=PooledConnection{channel=[id: 0x0c7165ed, L:/127.0.0.1:51765 - R:localhost/127.0.0.1:8083]}}, [disconnecting])
15:53:15.529 [reactor-http-nio-46] DEBUG reactor.netty.resources.PooledConnectionProvider - [id: 0x0c7165ed, L:/127.0.0.1:51765 - R:localhost/127.0.0.1:8083] Releasing channel
15:53:15.529 [reactor-http-nio-46] DEBUG reactor.netty.resources.PooledConnectionProvider - [id: 0x0c7165ed, L:/127.0.0.1:51765 - R:localhost/127.0.0.1:8083] Channel cleaned, now 295 active connections and 6 inactive connections
15:53:15.529 [reactor-http-nio-46] DEBUG reactor.netty.resources.PooledConnectionProvider - [id: 0xd78cec0d, L:/127.0.0.1:51735 - R:localhost/127.0.0.1:8083] Channel acquired, now 296 active connections and 5 inactive connections
15:53:15.530 [reactor-http-nio-46] DEBUG reactor.netty.http.client.HttpClientConnect - [id: 0xd78cec0d, L:/127.0.0.1:51735 - R:localhost/127.0.0.1:8083] Handler is being applied: {uri=http://localhost:8083/attractions, method=GET}
15:53:15.529 [reactor-http-nio-41] DEBUG org.springframework.web.reactive.function.client.ExchangeFunctions - [4bc63477] Response 200 OK
15:53:15.530 [reactor-http-nio-41] DEBUG reactor.netty.channel.FluxReceive - [id: 0xfb192aad, L:/127.0.0.1:51748 - R:localhost/127.0.0.1:8083] Subscribing inbound receiver [pending: 0, cancelled:false, inboundDone: false]
15:53:15.530 [reactor-http-nio-41] DEBUG reactor.netty.http.client.HttpClientOperations - [id: 0xfb192aad, L:/127.0.0.1:51748 - R:localhost/127.0.0.1:8083] Received last HTTP packet
15:53:15.530 [reactor-http-nio-41] DEBUG org.springframework.core.codec.StringDecoder - [4bc63477] Decoded "{"userId":"667c2c56-a457-4fc2-89a1-387e17d38fa3","location":{"longitude":81.917969,"latitude":-65.5 (truncated)...
15:53:15.530 [reactor-http-nio-41] DEBUG reactor.netty.resources.PooledConnectionProvider - [id: 0xfb192aad, L:/127.0.0.1:51748 - R:localhost/127.0.0.1:8083] onStateChange(GET{uri=/userLocation?userId=667c2c56-a457-4fc2-89a1-387e17d38fa3, connection=PooledConnection{channel=[id: 0xfb192aad, L:/127.0.0.1:51748 - R:localhost/127.0.0.1:8083]}}, [disconnecting])
15:53:15.530 [reactor-http-nio-47] DEBUG reactor.netty.http.client.HttpClientOperations - [id: 0x39a84d8e, L:/127.0.0.1:51833 - R:localhost/127.0.0.1:8083] Received response (auto-read:false) : [Content-Type=application/json, Transfer-Encoding=chunked, Date=Wed, 15 Jun 2022 14:53:14 GMT]
15:53:15.530 [reactor-http-nio-47] DEBUG reactor.netty.resources.PooledConnectionProvider - [id: 0x39a84d8e, L:/127.0.0.1:51833 - R:localhost/127.0.0.1:8083] onStateChange(GET{uri=/userLocation?userId=ffe6ce65-ba9b-4b0e-afb9-413e3c25efd8, connection=PooledConnection{channel=[id: 0x39a84d8e, L:/127.0.0.1:51833 - R:localhost/127.0.0.1:8083]}}, [response_received])
15:53:15.531 [reactor-http-nio-47] DEBUG org.springframework.web.reactive.function.client.ExchangeFunctions - [7bb9e802] Response 200 OK
15:53:15.531 [reactor-http-nio-47] DEBUG reactor.netty.channel.FluxReceive - [id: 0x39a84d8e, L:/127.0.0.1:51833 - R:localhost/127.0.0.1:8083] Subscribing inbound receiver [pending: 0, cancelled:false, inboundDone: false]
15:53:15.531 [reactor-http-nio-47] DEBUG reactor.netty.http.client.HttpClientOperations - [id: 0x39a84d8e, L:/127.0.0.1:51833 - R:localhost/127.0.0.1:8083] Received last HTTP packet
15:53:15.531 [reactor-http-nio-47] DEBUG org.springframework.core.codec.StringDecoder - [7bb9e802] Decoded "{"userId":"ffe6ce65-ba9b-4b0e-afb9-413e3c25efd8","location":{"longitude":112.313,"latitude":39.8623 (truncated)...
15:53:15.531 [reactor-http-nio-47] DEBUG reactor.netty.resources.PooledConnectionProvider - [id: 0x39a84d8e, L:/127.0.0.1:51833 - R:localhost/127.0.0.1:8083] onStateChange(GET{uri=/userLocation?userId=ffe6ce65-ba9b-4b0e-afb9-413e3c25efd8, connection=PooledConnection{channel=[id: 0x39a84d8e, L:/127.0.0.1:51833 - R:localhost/127.0.0.1:8083]}}, [disconnecting])
15:53:15.530 [reactor-http-nio-46] DEBUG reactor.netty.resources.PooledConnectionProvider - [id: 0xd78cec0d, L:/127.0.0.1:51735 - R:localhost/127.0.0.1:8083] onStateChange(GET{uri=/attractions, connection=PooledConnection{channel=[id: 0xd78cec0d, L:/127.0.0.1:51735 - R:localhost/127.0.0.1:8083]}}, [request_sent])
15:53:15.530 [reactor-http-nio-41] DEBUG reactor.netty.resources.PooledConnectionProvider - [id: 0xfb192aad, L:/127.0.0.1:51748 - R:localhost/127.0.0.1:8083] Releasing channel
15:53:15.532 [reactor-http-nio-41] DEBUG reactor.netty.resources.PooledConnectionProvider - [id: 0xfb192aad, L:/127.0.0.1:51748 - R:localhost/127.0.0.1:8083] Channel cleaned, now 295 active connections and 6 inactive connections
15:53:15.531 [pool-2-thread-91] INFO tourGuide.service.TourGuideService - visitedLocatio tourGuide.gpsUtil.VisitedLocation@7d62f18e
15:53:15.532 [reactor-http-nio-41] DEBUG reactor.netty.http.client.HttpClientOperations - [id: 0xc8430281, L:/127.0.0.1:51729 - R:localhost/127.0.0.1:8083] Received response (auto-read:false) : [Content-Type=application/json, Transfer-Encoding=chunked, Date=Wed, 15 Jun 2022 14:53:14 GMT]
15:53:15.532 [reactor-http-nio-41] DEBUG reactor.netty.resources.PooledConnectionProvider - [id: 0xc8430281, L:/127.0.0.1:51729 - R:localhost/127.0.0.1:8083] onStateChange(GET{uri=/userLocation?userId=f4dd5a80-5da9-4aca-a404-32d6f6e29b08, connection=PooledConnection{channel=[id: 0xc8430281, L:/127.0.0.1:51729 - R:localhost/127.0.0.1:8083]}}, [response_received])
15:53:15.532 [reactor-http-nio-41] DEBUG org.springframework.web.reactive.function.client.ExchangeFunctions - [4d7bca04] Response 200 OK
15:53:15.532 [pool-2-thread-91] DEBUG org.springframework.web.reactive.function.client.ExchangeFunctions - [1a5c4a14] HTTP GET http://localhost:8083/attractions
15:53:15.532 [reactor-http-nio-41] DEBUG reactor.netty.channel.FluxReceive - [id: 0xc8430281, L:/127.0.0.1:51729 - R:localhost/127.0.0.1:8083] Subscribing inbound receiver [pending: 0, cancelled:false, inboundDone: false]
15:53:15.533 [reactor-http-nio-41] DEBUG reactor.netty.http.client.HttpClientOperations - [id: 0xc8430281, L:/127.0.0.1:51729 - R:localhost/127.0.0.1:8083] Received last HTTP packet
15:53:15.531 [reactor-http-nio-47] DEBUG reactor.netty.resources.PooledConnectionProvider - [id: 0x39a84d8e, L:/127.0.0.1:51833 - R:localhost/127.0.0.1:8083] Releasing channel
15:53:15.533 [reactor-http-nio-47] DEBUG reactor.netty.resources.PooledConnectionProvider - [id: 0x39a84d8e, L:/127.0.0.1:51833 - R:localhost/127.0.0.1:8083] Channel cleaned, now 294 active connections and 7 inactive connections
15:53:15.533 [reactor-http-nio-41] DEBUG org.springframework.core.codec.StringDecoder - [4d7bca04] Decoded "{"userId":"f4dd5a80-5da9-4aca-a404-32d6f6e29b08","location":{"longitude":-56.347303,"latitude":19.2 (truncated)...
15:53:15.533 [reactor-http-nio-41] DEBUG reactor.netty.resources.PooledConnectionProvider - [id: 0xc8430281, L:/127.0.0.1:51729 - R:localhost/127.0.0.1:8083] onStateChange(GET{uri=/userLocation?userId=f4dd5a80-5da9-4aca-a404-32d6f6e29b08, connection=PooledConnection{channel=[id: 0xc8430281, L:/127.0.0.1:51729 - R:localhost/127.0.0.1:8083]}}, [disconnecting])
15:53:15.533 [reactor-http-nio-41] DEBUG reactor.netty.resources.PooledConnectionProvider - [id: 0xc8430281, L:/127.0.0.1:51729 - R:localhost/127.0.0.1:8083] Releasing channel
15:53:15.533 [reactor-http-nio-41] DEBUG reactor.netty.resources.PooledConnectionProvider - [id: 0xc8430281, L:/127.0.0.1:51729 - R:localhost/127.0.0.1:8083] Channel cleaned, now 293 active connections and 8 inactive connections
15:53:15.533 [reactor-http-nio-47] DEBUG reactor.netty.http.client.HttpClientOperations - [id: 0x7df89b85, L:/127.0.0.1:51851 - R:localhost/127.0.0.1:8083] Received response (auto-read:false) : [Content-Type=application/json, Transfer-Encoding=chunked, Date=Wed, 15 Jun 2022 14:53:14 GMT]
15:53:15.533 [reactor-http-nio-47] DEBUG reactor.netty.resources.PooledConnectionProvider - [id: 0x7df89b85, L:/127.0.0.1:51851 - R:localhost/127.0.0.1:8083] onStateChange(GET{uri=/userLocation?userId=09a6062c-41d3-43de-a306-620c94551067, connection=PooledConnection{channel=[id: 0x7df89b85, L:/127.0.0.1:51851 - R:localhost/127.0.0.1:8083]}}, [response_received])
15:53:15.533 [reactor-http-nio-47] DEBUG org.springframework.web.reactive.function.client.ExchangeFunctions - [5098206d] Response 200 OK
15:53:15.533 [reactor-http-nio-47] DEBUG reactor.netty.channel.FluxReceive - [id: 0x7df89b85, L:/127.0.0.1:51851 - R:localhost/127.0.0.1:8083] Subscribing inbound receiver [pending: 0, cancelled:false, inboundDone: false]
15:53:15.534 [reactor-http-nio-47] DEBUG reactor.netty.http.client.HttpClientOperations - [id: 0x7df89b85, L:/127.0.0.1:51851 - R:localhost/127.0.0.1:8083] Received last HTTP packet
15:53:15.534 [reactor-http-nio-47] DEBUG org.springframework.core.codec.StringDecoder - [5098206d] Decoded "{"userId":"09a6062c-41d3-43de-a306-620c94551067","location":{"longitude":86.476606,"latitude":-26.4 (truncated)...
15:53:15.534 [reactor-http-nio-47] DEBUG reactor.netty.resources.PooledConnectionProvider - [id: 0x7df89b85, L:/127.0.0.1:51851 - R:localhost/127.0.0.1:8083] onStateChange(GET{uri=/userLocation?userId=09a6062c-41d3-43de-a306-620c94551067, connection=PooledConnection{channel=[id: 0x7df89b85, L:/127.0.0.1:51851 - R:localhost/127.0.0.1:8083]}}, [disconnecting])
15:53:15.534 [reactor-http-nio-47] DEBUG reactor.netty.resources.PooledConnectionProvider - [id: 0x7df89b85, L:/127.0.0.1:51851 - R:localhost/127.0.0.1:8083] Releasing channel
15:53:15.534 [reactor-http-nio-47] DEBUG reactor.netty.resources.PooledConnectionProvider - [id: 0x7df89b85, L:/127.0.0.1:51851 - R:localhost/127.0.0.1:8083] Channel cleaned, now 292 active connections and 9 inactive connections
15:53:15.534 [reactor-http-nio-41] DEBUG reactor.netty.resources.PooledConnectionProvider - [id: 0x4b9fbeb1, L:/127.0.0.1:51745 - R:localhost/127.0.0.1:8083] Channel acquired, now 293 active connections and 8 inactive connections
15:53:15.534 [reactor-http-nio-41] DEBUG reactor.netty.http.client.HttpClientConnect - [id: 0x4b9fbeb1, L:/127.0.0.1:51745 - R:localhost/127.0.0.1:8083] Handler is being applied: {uri=http://localhost:8083/attractions, method=GET}
15:53:15.535 [reactor-http-nio-41] DEBUG reactor.netty.resources.PooledConnectionProvider - [id: 0x4b9fbeb1, L:/127.0.0.1:51745 - R:localhost/127.0.0.1:8083] onStateChange(GET{uri=/attractions, connection=PooledConnection{channel=[id: 0x4b9fbeb1, L:/127.0.0.1:51745 - R:localhost/127.0.0.1:8083]}}, [request_sent])
15:53:15.537 [pool-2-thread-62] INFO tourGuide.service.TourGuideService - visitedLocatio tourGuide.gpsUtil.VisitedLocation@398e9120
15:53:15.538 [pool-2-thread-62] DEBUG org.springframework.web.reactive.function.client.ExchangeFunctions - [6ad4c103] HTTP GET http://localhost:8083/attractions
15:53:15.540 [reactor-http-nio-41] DEBUG reactor.netty.resources.PooledConnectionProvider - [id: 0x9badb85a, L:/127.0.0.1:51726 - R:localhost/127.0.0.1:8083] Channel acquired, now 294 active connections and 7 inactive connections
15:53:15.540 [reactor-http-nio-41] DEBUG reactor.netty.http.client.HttpClientConnect - [id: 0x9badb85a, L:/127.0.0.1:51726 - R:localhost/127.0.0.1:8083] Handler is being applied: {uri=http://localhost:8083/attractions, method=GET}
15:53:15.541 [reactor-http-nio-41] DEBUG reactor.netty.resources.PooledConnectionProvider - [id: 0x9badb85a, L:/127.0.0.1:51726 - R:localhost/127.0.0.1:8083] onStateChange(GET{uri=/attractions, connection=PooledConnection{channel=[id: 0x9badb85a, L:/127.0.0.1:51726 - R:localhost/127.0.0.1:8083]}}, [request_sent])
15:53:15.541 [pool-2-thread-34] INFO tourGuide.service.TourGuideService - visitedLocatio tourGuide.gpsUtil.VisitedLocation@7d50d914
15:53:15.542 [pool-2-thread-197] INFO tourGuide.service.TourGuideService - visitedLocatio tourGuide.gpsUtil.VisitedLocation@33495347
15:53:15.543 [pool-2-thread-197] DEBUG org.springframework.web.reactive.function.client.ExchangeFunctions - [691bdc5b] HTTP GET http://localhost:8083/attractions
15:53:15.543 [pool-2-thread-34] DEBUG org.springframework.web.reactive.function.client.ExchangeFunctions - [84c5e05] HTTP GET http://localhost:8083/attractions
15:53:15.544 [reactor-http-nio-46] DEBUG reactor.netty.resources.PooledConnectionProvider - [id: 0xad15f065, L:/127.0.0.1:51819 - R:localhost/127.0.0.1:8083] Channel acquired, now 295 active connections and 6 inactive connections
15:53:15.544 [reactor-http-nio-46] DEBUG reactor.netty.http.client.HttpClientConnect - [id: 0xad15f065, L:/127.0.0.1:51819 - R:localhost/127.0.0.1:8083] Handler is being applied: {uri=http://localhost:8083/attractions, method=GET}
15:53:15.545 [reactor-http-nio-46] DEBUG reactor.netty.resources.PooledConnectionProvider - [id: 0xad15f065, L:/127.0.0.1:51819 - R:localhost/127.0.0.1:8083] onStateChange(GET{uri=/attractions, connection=PooledConnection{channel=[id: 0xad15f065, L:/127.0.0.1:51819 - R:localhost/127.0.0.1:8083]}}, [request_sent])
15:53:15.545 [reactor-http-nio-48] DEBUG reactor.netty.resources.PooledConnectionProvider - [id: 0xf96fcdf2, L:/127.0.0.1:51938 - R:localhost/127.0.0.1:8083] Channel acquired, now 296 active connections and 5 inactive connections
15:53:15.545 [reactor-http-nio-48] DEBUG reactor.netty.http.client.HttpClientConnect - [id: 0xf96fcdf2, L:/127.0.0.1:51938 - R:localhost/127.0.0.1:8083] Handler is being applied: {uri=http://localhost:8083/attractions, method=GET}
15:53:15.541 [pool-5-thread-73] INFO tourGuide.service.TourGuideService - visitedLocatio tourGuide.gpsUtil.VisitedLocation@47a3ba91
15:53:15.546 [pool-5-thread-17] INFO tourGuide.service.TourGuideService - visitedLocatio tourGuide.gpsUtil.VisitedLocation@2e37d49b
15:53:15.546 [reactor-http-nio-48] DEBUG reactor.netty.resources.PooledConnectionProvider - [id: 0xf96fcdf2, L:/127.0.0.1:51938 - R:localhost/127.0.0.1:8083] onStateChange(GET{uri=/attractions, connection=PooledConnection{channel=[id: 0xf96fcdf2, L:/127.0.0.1:51938 - R:localhost/127.0.0.1:8083]}}, [request_sent])
15:53:15.546 [pool-5-thread-17] DEBUG org.springframework.web.reactive.function.client.ExchangeFunctions - [76575ae3] HTTP GET http://localhost:8083/attractions
15:53:15.548 [reactor-http-nio-46] DEBUG reactor.netty.resources.PooledConnectionProvider - [id: 0x0c7165ed, L:/127.0.0.1:51765 - R:localhost/127.0.0.1:8083] Channel acquired, now 297 active connections and 4 inactive connections
15:53:15.548 [reactor-http-nio-46] DEBUG reactor.netty.http.client.HttpClientConnect - [id: 0x0c7165ed, L:/127.0.0.1:51765 - R:localhost/127.0.0.1:8083] Handler is being applied: {uri=http://localhost:8083/attractions, method=GET}
15:53:15.549 [reactor-http-nio-46] DEBUG reactor.netty.resources.PooledConnectionProvider - [id: 0x0c7165ed, L:/127.0.0.1:51765 - R:localhost/127.0.0.1:8083] onStateChange(GET{uri=/attractions, connection=PooledConnection{channel=[id: 0x0c7165ed, L:/127.0.0.1:51765 - R:localhost/127.0.0.1:8083]}}, [request_sent])
15:53:15.550 [pool-5-thread-73] DEBUG org.springframework.web.reactive.function.client.ExchangeFunctions - [5aab1d76] HTTP GET http://localhost:8083/attractions
15:53:15.551 [reactor-http-nio-41] DEBUG reactor.netty.resources.PooledConnectionProvider - [id: 0xfb192aad, L:/127.0.0.1:51748 - R:localhost/127.0.0.1:8083] Channel acquired, now 298 active connections and 3 inactive connections
15:53:15.552 [reactor-http-nio-41] DEBUG reactor.netty.http.client.HttpClientConnect - [id: 0xfb192aad, L:/127.0.0.1:51748 - R:localhost/127.0.0.1:8083] Handler is being applied: {uri=http://localhost:8083/attractions, method=GET}
15:53:15.552 [reactor-http-nio-41] DEBUG reactor.netty.resources.PooledConnectionProvider - [id: 0xfb192aad, L:/127.0.0.1:51748 - R:localhost/127.0.0.1:8083] onStateChange(GET{uri=/attractions, connection=PooledConnection{channel=[id: 0xfb192aad, L:/127.0.0.1:51748 - R:localhost/127.0.0.1:8083]}}, [request_sent])
15:53:15.610 [pool-4-thread-1] DEBUG org.springframework.web.reactive.function.client.ExchangeFunctions - [4afbf597] HTTP GET http://localhost:8084/attractionRewardPoint?attractionId=165c23b9-20df-46d7-974f-2dbac35de13d&userId=c4babeef-acee-476b-924f-cddcc4b3dad3
15:53:15.610 [pool-4-thread-1] DEBUG reactor.netty.resources.PooledConnectionProvider - Creating new client pool [http] for localhost/<unresolved>:8084
15:53:15.611 [reactor-http-nio-41] DEBUG reactor.netty.resources.PooledConnectionProvider - [id: 0xe94ed034] Created new pooled channel, now 0 active connections and 1 inactive connections
15:53:15.613 [reactor-http-nio-41] DEBUG reactor.netty.channel.BootstrapHandlers - [id: 0xe94ed034] Initialized pipeline DefaultChannelPipeline{(BootstrapHandlers$BootstrapInitializerHandler#0 = reactor.netty.channel.BootstrapHandlers$BootstrapInitializerHandler), (SimpleChannelPool$1#0 = io.netty.channel.pool.SimpleChannelPool$1), (reactor.left.httpCodec = io.netty.handler.codec.http.HttpClientCodec), (reactor.left.decompressor = io.netty.handler.codec.http.HttpContentDecompressor), (reactor.right.reactiveBridge = reactor.netty.channel.ChannelOperationsHandler)}
15:53:15.614 [reactor-http-nio-41] DEBUG reactor.netty.resources.PooledConnectionProvider - [id: 0xe94ed034, L:/127.0.0.1:51981 - R:localhost/127.0.0.1:8084] onStateChange(PooledConnection{channel=[id: 0xe94ed034, L:/127.0.0.1:51981 - R:localhost/127.0.0.1:8084]}, [connected])
15:53:15.614 [reactor-http-nio-41] DEBUG reactor.netty.resources.PooledConnectionProvider - [id: 0xe94ed034, L:/127.0.0.1:51981 - R:localhost/127.0.0.1:8084] onStateChange(GET{uri=/, connection=PooledConnection{channel=[id: 0xe94ed034, L:/127.0.0.1:51981 - R:localhost/127.0.0.1:8084]}}, [configured])
15:53:15.614 [reactor-http-nio-41] DEBUG reactor.netty.resources.PooledConnectionProvider - [id: 0xe94ed034, L:/127.0.0.1:51981 - R:localhost/127.0.0.1:8084] Registering pool release on close event for channel
15:53:15.614 [reactor-http-nio-41] DEBUG reactor.netty.http.client.HttpClientConnect - [id: 0xe94ed034, L:/127.0.0.1:51981 - R:localhost/127.0.0.1:8084] Handler is being applied: {uri=http://localhost:8084/attractionRewardPoint?attractionId=165c23b9-20df-46d7-974f-2dbac35de13d&userId=c4babeef-acee-476b-924f-cddcc4b3dad3, method=GET}
15:53:15.615 [reactor-http-nio-41] DEBUG reactor.netty.resources.PooledConnectionProvider - [id: 0xe94ed034, L:/127.0.0.1:51981 - R:localhost/127.0.0.1:8084] onStateChange(GET{uri=/attractionRewardPoint?attractionId=165c23b9-20df-46d7-974f-2dbac35de13d&userId=c4babeef-acee-476b-924f-cddcc4b3dad3, connection=PooledConnection{channel=[id: 0xe94ed034, L:/127.0.0.1:51981 - R:localhost/127.0.0.1:8084]}}, [request_sent])
15:53:15.615 [reactor-http-nio-41] DEBUG reactor.netty.resources.PooledConnectionProvider - [id: 0xe94ed034, L:/127.0.0.1:51981 - R:localhost/127.0.0.1:8084] Channel connected, now 1 active connections and 0 inactive connections
15:53:15.646 [reactor-http-nio-46] DEBUG reactor.netty.http.client.HttpClientOperations - [id: 0xa4924887, L:/127.0.0.1:51816 - R:localhost/127.0.0.1:8083] Received response (auto-read:false) : [Content-Type=application/json, Transfer-Encoding=chunked, Date=Wed, 15 Jun 2022 14:53:14 GMT]
15:53:15.646 [reactor-http-nio-46] DEBUG reactor.netty.resources.PooledConnectionProvider - [id: 0xa4924887, L:/127.0.0.1:51816 - R:localhost/127.0.0.1:8083] onStateChange(GET{uri=/userLocation?userId=00904688-3e76-4d1e-83b8-bf844cc062f8, connection=PooledConnection{channel=[id: 0xa4924887, L:/127.0.0.1:51816 - R:localhost/127.0.0.1:8083]}}, [response_received])
15:53:15.646 [reactor-http-nio-46] DEBUG org.springframework.web.reactive.function.client.ExchangeFunctions - [53912edc] Response 200 OK
15:53:15.647 [reactor-http-nio-41] DEBUG reactor.netty.http.client.HttpClientOperations - [id: 0x48bd25d1, L:/127.0.0.1:51711 - R:localhost/127.0.0.1:8083] Received response (auto-read:false) : [Content-Type=application/json, Transfer-Encoding=chunked, Date=Wed, 15 Jun 2022 14:53:14 GMT]
15:53:15.647 [reactor-http-nio-41] DEBUG reactor.netty.resources.PooledConnectionProvider - [id: 0x48bd25d1, L:/127.0.0.1:51711 - R:localhost/127.0.0.1:8083] onStateChange(GET{uri=/attractions, connection=PooledConnection{channel=[id: 0x48bd25d1, L:/127.0.0.1:51711 - R:localhost/127.0.0.1:8083]}}, [response_received])
15:53:15.647 [reactor-http-nio-41] DEBUG org.springframework.web.reactive.function.client.ExchangeFunctions - [1c75a778] Response 200 OK
15:53:15.647 [reactor-http-nio-41] DEBUG reactor.netty.channel.FluxReceive - [id: 0x48bd25d1, L:/127.0.0.1:51711 - R:localhost/127.0.0.1:8083] Subscribing inbound receiver [pending: 0, cancelled:false, inboundDone: false]
15:53:15.648 [reactor-http-nio-41] DEBUG reactor.netty.http.client.HttpClientOperations - [id: 0x48bd25d1, L:/127.0.0.1:51711 - R:localhost/127.0.0.1:8083] Received last HTTP packet
15:53:15.648 [reactor-http-nio-41] DEBUG org.springframework.core.codec.StringDecoder - [1c75a778] Decoded "[{"longitude":-117.922008,"latitude":33.817595,"attractionName":"Disneyland","city":"Anaheim","stat (truncated)...
15:53:15.648 [reactor-http-nio-41] DEBUG reactor.netty.resources.PooledConnectionProvider - [id: 0x48bd25d1, L:/127.0.0.1:51711 - R:localhost/127.0.0.1:8083] onStateChange(GET{uri=/attractions, connection=PooledConnection{channel=[id: 0x48bd25d1, L:/127.0.0.1:51711 - R:localhost/127.0.0.1:8083]}}, [disconnecting])
15:53:15.648 [reactor-http-nio-41] DEBUG reactor.netty.resources.PooledConnectionProvider - [id: 0x48bd25d1, L:/127.0.0.1:51711 - R:localhost/127.0.0.1:8083] Releasing channel
15:53:15.648 [reactor-http-nio-46] DEBUG reactor.netty.channel.FluxReceive - [id: 0xa4924887, L:/127.0.0.1:51816 - R:localhost/127.0.0.1:8083] Subscribing inbound receiver [pending: 0, cancelled:false, inboundDone: false]
15:53:15.648 [reactor-http-nio-41] DEBUG reactor.netty.resources.PooledConnectionProvider - [id: 0x48bd25d1, L:/127.0.0.1:51711 - R:localhost/127.0.0.1:8083] Channel cleaned, now 297 active connections and 4 inactive connections
15:53:15.648 [reactor-http-nio-46] DEBUG reactor.netty.http.client.HttpClientOperations - [id: 0xa4924887, L:/127.0.0.1:51816 - R:localhost/127.0.0.1:8083] Received last HTTP packet
15:53:15.648 [reactor-http-nio-46] DEBUG org.springframework.core.codec.StringDecoder - [53912edc] Decoded "{"userId":"00904688-3e76-4d1e-83b8-bf844cc062f8","location":{"longitude":-17.234852,"latitude":-20. (truncated)...
15:53:15.649 [reactor-http-nio-46] DEBUG reactor.netty.resources.PooledConnectionProvider - [id: 0xa4924887, L:/127.0.0.1:51816 - R:localhost/127.0.0.1:8083] onStateChange(GET{uri=/userLocation?userId=00904688-3e76-4d1e-83b8-bf844cc062f8, connection=PooledConnection{channel=[id: 0xa4924887, L:/127.0.0.1:51816 - R:localhost/127.0.0.1:8083]}}, [disconnecting])
15:53:15.649 [reactor-http-nio-46] DEBUG reactor.netty.resources.PooledConnectionProvider - [id: 0xa4924887, L:/127.0.0.1:51816 - R:localhost/127.0.0.1:8083] Releasing channel
15:53:15.649 [reactor-http-nio-46] DEBUG reactor.netty.resources.PooledConnectionProvider - [id: 0xa4924887, L:/127.0.0.1:51816 - R:localhost/127.0.0.1:8083] Channel cleaned, now 296 active connections and 5 inactive connections
15:53:15.651 [reactor-http-nio-46] DEBUG reactor.netty.http.client.HttpClientOperations - [id: 0x57e92495, L:/127.0.0.1:51779 - R:localhost/127.0.0.1:8083] Received response (auto-read:false) : [Content-Type=application/json, Transfer-Encoding=chunked, Date=Wed, 15 Jun 2022 14:53:14 GMT]
15:53:15.651 [reactor-http-nio-46] DEBUG reactor.netty.resources.PooledConnectionProvider - [id: 0x57e92495, L:/127.0.0.1:51779 - R:localhost/127.0.0.1:8083] onStateChange(GET{uri=/attractions, connection=PooledConnection{channel=[id: 0x57e92495, L:/127.0.0.1:51779 - R:localhost/127.0.0.1:8083]}}, [response_received])
15:53:15.651 [reactor-http-nio-46] DEBUG org.springframework.web.reactive.function.client.ExchangeFunctions - [39591cff] Response 200 OK
15:53:15.652 [reactor-http-nio-46] DEBUG reactor.netty.channel.FluxReceive - [id: 0x57e92495, L:/127.0.0.1:51779 - R:localhost/127.0.0.1:8083] Subscribing inbound receiver [pending: 0, cancelled:false, inboundDone: false]
15:53:15.652 [reactor-http-nio-46] DEBUG reactor.netty.http.client.HttpClientOperations - [id: 0x57e92495, L:/127.0.0.1:51779 - R:localhost/127.0.0.1:8083] Received last HTTP packet
15:53:15.652 [pool-5-thread-1] INFO tourGuide.service.TourGuideService - visitedLocatio tourGuide.gpsUtil.VisitedLocation@2d3dd844
15:53:15.653 [reactor-http-nio-46] DEBUG org.springframework.core.codec.StringDecoder - [39591cff] Decoded "[{"longitude":-117.922008,"latitude":33.817595,"attractionName":"Disneyland","city":"Anaheim","stat (truncated)...
15:53:15.653 [reactor-http-nio-46] DEBUG reactor.netty.resources.PooledConnectionProvider - [id: 0x57e92495, L:/127.0.0.1:51779 - R:localhost/127.0.0.1:8083] onStateChange(GET{uri=/attractions, connection=PooledConnection{channel=[id: 0x57e92495, L:/127.0.0.1:51779 - R:localhost/127.0.0.1:8083]}}, [disconnecting])
15:53:15.653 [reactor-http-nio-46] DEBUG reactor.netty.resources.PooledConnectionProvider - [id: 0x57e92495, L:/127.0.0.1:51779 - R:localhost/127.0.0.1:8083] Releasing channel
15:53:15.653 [reactor-http-nio-46] DEBUG reactor.netty.resources.PooledConnectionProvider - [id: 0x57e92495, L:/127.0.0.1:51779 - R:localhost/127.0.0.1:8083] Channel cleaned, now 295 active connections and 6 inactive connections
15:53:15.653 [pool-5-thread-1] DEBUG org.springframework.web.reactive.function.client.ExchangeFunctions - [3e6aac6a] HTTP GET http://localhost:8083/attractions
15:53:15.655 [reactor-http-nio-47] DEBUG reactor.netty.resources.PooledConnectionProvider - [id: 0x39a84d8e, L:/127.0.0.1:51833 - R:localhost/127.0.0.1:8083] Channel acquired, now 296 active connections and 5 inactive connections
15:53:15.655 [reactor-http-nio-47] DEBUG reactor.netty.http.client.HttpClientConnect - [id: 0x39a84d8e, L:/127.0.0.1:51833 - R:localhost/127.0.0.1:8083] Handler is being applied: {uri=http://localhost:8083/attractions, method=GET}
15:53:15.656 [reactor-http-nio-47] DEBUG reactor.netty.resources.PooledConnectionProvider - [id: 0x39a84d8e, L:/127.0.0.1:51833 - R:localhost/127.0.0.1:8083] onStateChange(GET{uri=/attractions, connection=PooledConnection{channel=[id: 0x39a84d8e, L:/127.0.0.1:51833 - R:localhost/127.0.0.1:8083]}}, [request_sent])
15:53:15.657 [reactor-http-nio-41] DEBUG reactor.netty.http.client.HttpClientOperations - [id: 0x63f027f7, L:/127.0.0.1:51721 - R:localhost/127.0.0.1:8083] Received response (auto-read:false) : [Content-Type=application/json, Transfer-Encoding=chunked, Date=Wed, 15 Jun 2022 14:53:14 GMT]
15:53:15.657 [reactor-http-nio-41] DEBUG reactor.netty.resources.PooledConnectionProvider - [id: 0x63f027f7, L:/127.0.0.1:51721 - R:localhost/127.0.0.1:8083] onStateChange(GET{uri=/attractions, connection=PooledConnection{channel=[id: 0x63f027f7, L:/127.0.0.1:51721 - R:localhost/127.0.0.1:8083]}}, [response_received])
15:53:15.657 [reactor-http-nio-47] DEBUG reactor.netty.http.client.HttpClientOperations - [id: 0x94ed7f01, L:/127.0.0.1:51699 - R:localhost/127.0.0.1:8083] Received response (auto-read:false) : [Content-Type=application/json, Transfer-Encoding=chunked, Date=Wed, 15 Jun 2022 14:53:14 GMT]
15:53:15.657 [reactor-http-nio-41] DEBUG org.springframework.web.reactive.function.client.ExchangeFunctions - [2f75d7c7] Response 200 OK
15:53:15.657 [reactor-http-nio-47] DEBUG reactor.netty.resources.PooledConnectionProvider - [id: 0x94ed7f01, L:/127.0.0.1:51699 - R:localhost/127.0.0.1:8083] onStateChange(GET{uri=/attractions, connection=PooledConnection{channel=[id: 0x94ed7f01, L:/127.0.0.1:51699 - R:localhost/127.0.0.1:8083]}}, [response_received])
15:53:15.657 [reactor-http-nio-47] DEBUG org.springframework.web.reactive.function.client.ExchangeFunctions - [768cd829] Response 200 OK
15:53:15.657 [reactor-http-nio-41] DEBUG reactor.netty.channel.FluxReceive - [id: 0x63f027f7, L:/127.0.0.1:51721 - R:localhost/127.0.0.1:8083] Subscribing inbound receiver [pending: 0, cancelled:false, inboundDone: false]
15:53:15.657 [reactor-http-nio-47] DEBUG reactor.netty.channel.FluxReceive - [id: 0x94ed7f01, L:/127.0.0.1:51699 - R:localhost/127.0.0.1:8083] Subscribing inbound receiver [pending: 0, cancelled:false, inboundDone: false]
15:53:15.657 [reactor-http-nio-41] DEBUG reactor.netty.http.client.HttpClientOperations - [id: 0x63f027f7, L:/127.0.0.1:51721 - R:localhost/127.0.0.1:8083] Received last HTTP packet
15:53:15.658 [reactor-http-nio-47] DEBUG reactor.netty.http.client.HttpClientOperations - [id: 0x94ed7f01, L:/127.0.0.1:51699 - R:localhost/127.0.0.1:8083] Received last HTTP packet
15:53:15.658 [reactor-http-nio-41] DEBUG org.springframework.core.codec.StringDecoder - [2f75d7c7] Decoded "[{"longitude":-117.922008,"latitude":33.817595,"attractionName":"Disneyland","city":"Anaheim","stat (truncated)...
15:53:15.658 [reactor-http-nio-41] DEBUG reactor.netty.resources.PooledConnectionProvider - [id: 0x63f027f7, L:/127.0.0.1:51721 - R:localhost/127.0.0.1:8083] onStateChange(GET{uri=/attractions, connection=PooledConnection{channel=[id: 0x63f027f7, L:/127.0.0.1:51721 - R:localhost/127.0.0.1:8083]}}, [disconnecting])
15:53:15.658 [reactor-http-nio-41] DEBUG reactor.netty.resources.PooledConnectionProvider - [id: 0x63f027f7, L:/127.0.0.1:51721 - R:localhost/127.0.0.1:8083] Releasing channel
15:53:15.658 [reactor-http-nio-47] DEBUG org.springframework.core.codec.StringDecoder - [768cd829] Decoded "[{"longitude":-117.922008,"latitude":33.817595,"attractionName":"Disneyland","city":"Anaheim","stat (truncated)...
15:53:15.658 [reactor-http-nio-41] DEBUG reactor.netty.resources.PooledConnectionProvider - [id: 0x63f027f7, L:/127.0.0.1:51721 - R:localhost/127.0.0.1:8083] Channel cleaned, now 295 active connections and 6 inactive connections
15:53:15.658 [reactor-http-nio-47] DEBUG reactor.netty.resources.PooledConnectionProvider - [id: 0x94ed7f01, L:/127.0.0.1:51699 - R:localhost/127.0.0.1:8083] onStateChange(GET{uri=/attractions, connection=PooledConnection{channel=[id: 0x94ed7f01, L:/127.0.0.1:51699 - R:localhost/127.0.0.1:8083]}}, [disconnecting])
15:53:15.658 [reactor-http-nio-47] DEBUG reactor.netty.resources.PooledConnectionProvider - [id: 0x94ed7f01, L:/127.0.0.1:51699 - R:localhost/127.0.0.1:8083] Releasing channel
15:53:15.658 [reactor-http-nio-47] DEBUG reactor.netty.resources.PooledConnectionProvider - [id: 0x94ed7f01, L:/127.0.0.1:51699 - R:localhost/127.0.0.1:8083] Channel cleaned, now 294 active connections and 7 inactive connections
15:53:15.661 [reactor-http-nio-46] DEBUG reactor.netty.http.client.HttpClientOperations - [id: 0xd99a3f51, L:/127.0.0.1:51806 - R:localhost/127.0.0.1:8083] Received response (auto-read:false) : [Content-Type=application/json, Transfer-Encoding=chunked, Date=Wed, 15 Jun 2022 14:53:14 GMT]
15:53:15.661 [reactor-http-nio-46] DEBUG reactor.netty.resources.PooledConnectionProvider - [id: 0xd99a3f51, L:/127.0.0.1:51806 - R:localhost/127.0.0.1:8083] onStateChange(GET{uri=/attractions, connection=PooledConnection{channel=[id: 0xd99a3f51, L:/127.0.0.1:51806 - R:localhost/127.0.0.1:8083]}}, [response_received])
15:53:15.661 [reactor-http-nio-46] DEBUG org.springframework.web.reactive.function.client.ExchangeFunctions - [5c1bc687] Response 200 OK
15:53:15.661 [reactor-http-nio-46] DEBUG reactor.netty.channel.FluxReceive - [id: 0xd99a3f51, L:/127.0.0.1:51806 - R:localhost/127.0.0.1:8083] Subscribing inbound receiver [pending: 0, cancelled:false, inboundDone: false]
15:53:15.662 [reactor-http-nio-46] DEBUG reactor.netty.http.client.HttpClientOperations - [id: 0xd99a3f51, L:/127.0.0.1:51806 - R:localhost/127.0.0.1:8083] Received last HTTP packet
15:53:15.662 [reactor-http-nio-46] DEBUG org.springframework.core.codec.StringDecoder - [5c1bc687] Decoded "[{"longitude":-117.922008,"latitude":33.817595,"attractionName":"Disneyland","city":"Anaheim","stat (truncated)...
15:53:15.662 [reactor-http-nio-46] DEBUG reactor.netty.resources.PooledConnectionProvider - [id: 0xd99a3f51, L:/127.0.0.1:51806 - R:localhost/127.0.0.1:8083] onStateChange(GET{uri=/attractions, connection=PooledConnection{channel=[id: 0xd99a3f51, L:/127.0.0.1:51806 - R:localhost/127.0.0.1:8083]}}, [disconnecting])
15:53:15.662 [reactor-http-nio-46] DEBUG reactor.netty.resources.PooledConnectionProvider - [id: 0xd99a3f51, L:/127.0.0.1:51806 - R:localhost/127.0.0.1:8083] Releasing channel
15:53:15.662 [reactor-http-nio-46] DEBUG reactor.netty.resources.PooledConnectionProvider - [id: 0xd99a3f51, L:/127.0.0.1:51806 - R:localhost/127.0.0.1:8083] Channel cleaned, now 293 active connections and 8 inactive connections
15:53:15.664 [reactor-http-nio-46] DEBUG reactor.netty.http.client.HttpClientOperations - [id: 0x72e5dab1, L:/127.0.0.1:51797 - R:localhost/127.0.0.1:8083] Received response (auto-read:false) : [Content-Type=application/json, Transfer-Encoding=chunked, Date=Wed, 15 Jun 2022 14:53:14 GMT]
15:53:15.664 [reactor-http-nio-46] DEBUG reactor.netty.resources.PooledConnectionProvider - [id: 0x72e5dab1, L:/127.0.0.1:51797 - R:localhost/127.0.0.1:8083] onStateChange(GET{uri=/attractions, connection=PooledConnection{channel=[id: 0x72e5dab1, L:/127.0.0.1:51797 - R:localhost/127.0.0.1:8083]}}, [response_received])
15:53:15.664 [reactor-http-nio-46] DEBUG org.springframework.web.reactive.function.client.ExchangeFunctions - [217dc34] Response 200 OK
15:53:15.665 [reactor-http-nio-46] DEBUG reactor.netty.channel.FluxReceive - [id: 0x72e5dab1, L:/127.0.0.1:51797 - R:localhost/127.0.0.1:8083] Subscribing inbound receiver [pending: 0, cancelled:false, inboundDone: false]
15:53:15.665 [reactor-http-nio-46] DEBUG reactor.netty.http.client.HttpClientOperations - [id: 0x72e5dab1, L:/127.0.0.1:51797 - R:localhost/127.0.0.1:8083] Received last HTTP packet
15:53:15.665 [reactor-http-nio-46] DEBUG org.springframework.core.codec.StringDecoder - [217dc34] Decoded "[{"longitude":-117.922008,"latitude":33.817595,"attractionName":"Disneyland","city":"Anaheim","stat (truncated)...
15:53:15.665 [reactor-http-nio-46] DEBUG reactor.netty.resources.PooledConnectionProvider - [id: 0x72e5dab1, L:/127.0.0.1:51797 - R:localhost/127.0.0.1:8083] onStateChange(GET{uri=/attractions, connection=PooledConnection{channel=[id: 0x72e5dab1, L:/127.0.0.1:51797 - R:localhost/127.0.0.1:8083]}}, [disconnecting])
15:53:15.665 [reactor-http-nio-46] DEBUG reactor.netty.resources.PooledConnectionProvider - [id: 0x72e5dab1, L:/127.0.0.1:51797 - R:localhost/127.0.0.1:8083] Releasing channel
15:53:15.666 [reactor-http-nio-46] DEBUG reactor.netty.resources.PooledConnectionProvider - [id: 0x72e5dab1, L:/127.0.0.1:51797 - R:localhost/127.0.0.1:8083] Channel cleaned, now 292 active connections and 9 inactive connections
15:53:15.668 [reactor-http-nio-46] DEBUG reactor.netty.http.client.HttpClientOperations - [id: 0x6dee6723, L:/127.0.0.1:51807 - R:localhost/127.0.0.1:8083] Received response (auto-read:false) : [Content-Type=application/json, Transfer-Encoding=chunked, Date=Wed, 15 Jun 2022 14:53:14 GMT]
15:53:15.668 [reactor-http-nio-46] DEBUG reactor.netty.resources.PooledConnectionProvider - [id: 0x6dee6723, L:/127.0.0.1:51807 - R:localhost/127.0.0.1:8083] onStateChange(GET{uri=/attractions, connection=PooledConnection{channel=[id: 0x6dee6723, L:/127.0.0.1:51807 - R:localhost/127.0.0.1:8083]}}, [response_received])
15:53:15.668 [reactor-http-nio-46] DEBUG org.springframework.web.reactive.function.client.ExchangeFunctions - [429f0ae3] Response 200 OK
15:53:15.668 [reactor-http-nio-46] DEBUG reactor.netty.channel.FluxReceive - [id: 0x6dee6723, L:/127.0.0.1:51807 - R:localhost/127.0.0.1:8083] Subscribing inbound receiver [pending: 0, cancelled:false, inboundDone: false]
15:53:15.669 [reactor-http-nio-46] DEBUG reactor.netty.http.client.HttpClientOperations - [id: 0x6dee6723, L:/127.0.0.1:51807 - R:localhost/127.0.0.1:8083] Received last HTTP packet
15:53:15.669 [reactor-http-nio-46] DEBUG org.springframework.core.codec.StringDecoder - [429f0ae3] Decoded "[{"longitude":-117.922008,"latitude":33.817595,"attractionName":"Disneyland","city":"Anaheim","stat (truncated)...
15:53:15.669 [reactor-http-nio-46] DEBUG reactor.netty.resources.PooledConnectionProvider - [id: 0x6dee6723, L:/127.0.0.1:51807 - R:localhost/127.0.0.1:8083] onStateChange(GET{uri=/attractions, connection=PooledConnection{channel=[id: 0x6dee6723, L:/127.0.0.1:51807 - R:localhost/127.0.0.1:8083]}}, [disconnecting])
15:53:15.669 [reactor-http-nio-47] DEBUG reactor.netty.http.client.HttpClientOperations - [id: 0x98143ed4, L:/127.0.0.1:51680 - R:localhost/127.0.0.1:8083] Received response (auto-read:false) : [Content-Type=application/json, Transfer-Encoding=chunked, Date=Wed, 15 Jun 2022 14:53:14 GMT]
15:53:15.669 [reactor-http-nio-47] DEBUG reactor.netty.resources.PooledConnectionProvider - [id: 0x98143ed4, L:/127.0.0.1:51680 - R:localhost/127.0.0.1:8083] onStateChange(GET{uri=/attractions, connection=PooledConnection{channel=[id: 0x98143ed4, L:/127.0.0.1:51680 - R:localhost/127.0.0.1:8083]}}, [response_received])
15:53:15.670 [reactor-http-nio-47] DEBUG org.springframework.web.reactive.function.client.ExchangeFunctions - [7526732b] Response 200 OK
15:53:15.670 [reactor-http-nio-46] DEBUG reactor.netty.resources.PooledConnectionProvider - [id: 0x6dee6723, L:/127.0.0.1:51807 - R:localhost/127.0.0.1:8083] Releasing channel
15:53:15.670 [reactor-http-nio-46] DEBUG reactor.netty.resources.PooledConnectionProvider - [id: 0x6dee6723, L:/127.0.0.1:51807 - R:localhost/127.0.0.1:8083] Channel cleaned, now 291 active connections and 10 inactive connections
15:53:15.670 [reactor-http-nio-47] DEBUG reactor.netty.channel.FluxReceive - [id: 0x98143ed4, L:/127.0.0.1:51680 - R:localhost/127.0.0.1:8083] Subscribing inbound receiver [pending: 0, cancelled:false, inboundDone: false]
15:53:15.670 [reactor-http-nio-47] DEBUG reactor.netty.http.client.HttpClientOperations - [id: 0x98143ed4, L:/127.0.0.1:51680 - R:localhost/127.0.0.1:8083] Received last HTTP packet
15:53:15.671 [reactor-http-nio-47] DEBUG org.springframework.core.codec.StringDecoder - [7526732b] Decoded "[{"longitude":-117.922008,"latitude":33.817595,"attractionName":"Disneyland","city":"Anaheim","stat (truncated)...
15:53:15.671 [reactor-http-nio-47] DEBUG reactor.netty.resources.PooledConnectionProvider - [id: 0x98143ed4, L:/127.0.0.1:51680 - R:localhost/127.0.0.1:8083] onStateChange(GET{uri=/attractions, connection=PooledConnection{channel=[id: 0x98143ed4, L:/127.0.0.1:51680 - R:localhost/127.0.0.1:8083]}}, [disconnecting])
15:53:15.671 [reactor-http-nio-47] DEBUG reactor.netty.resources.PooledConnectionProvider - [id: 0x98143ed4, L:/127.0.0.1:51680 - R:localhost/127.0.0.1:8083] Releasing channel
15:53:15.671 [reactor-http-nio-47] DEBUG reactor.netty.resources.PooledConnectionProvider - [id: 0x98143ed4, L:/127.0.0.1:51680 - R:localhost/127.0.0.1:8083] Channel cleaned, now 290 active connections and 11 inactive connections
15:53:15.671 [reactor-http-nio-46] DEBUG reactor.netty.http.client.HttpClientOperations - [id: 0xe441070c, L:/127.0.0.1:51808 - R:localhost/127.0.0.1:8083] Received response (auto-read:false) : [Content-Type=application/json, Transfer-Encoding=chunked, Date=Wed, 15 Jun 2022 14:53:14 GMT]
15:53:15.671 [reactor-http-nio-46] DEBUG reactor.netty.resources.PooledConnectionProvider - [id: 0xe441070c, L:/127.0.0.1:51808 - R:localhost/127.0.0.1:8083] onStateChange(GET{uri=/attractions, connection=PooledConnection{channel=[id: 0xe441070c, L:/127.0.0.1:51808 - R:localhost/127.0.0.1:8083]}}, [response_received])
15:53:15.671 [reactor-http-nio-46] DEBUG org.springframework.web.reactive.function.client.ExchangeFunctions - [27951bdc] Response 200 OK
15:53:15.672 [reactor-http-nio-46] DEBUG reactor.netty.channel.FluxReceive - [id: 0xe441070c, L:/127.0.0.1:51808 - R:localhost/127.0.0.1:8083] Subscribing inbound receiver [pending: 0, cancelled:false, inboundDone: false]
15:53:15.672 [reactor-http-nio-46] DEBUG reactor.netty.http.client.HttpClientOperations - [id: 0xe441070c, L:/127.0.0.1:51808 - R:localhost/127.0.0.1:8083] Received last HTTP packet
15:53:15.672 [reactor-http-nio-46] DEBUG org.springframework.core.codec.StringDecoder - [27951bdc] Decoded "[{"longitude":-117.922008,"latitude":33.817595,"attractionName":"Disneyland","city":"Anaheim","stat (truncated)...
15:53:15.672 [reactor-http-nio-46] DEBUG reactor.netty.resources.PooledConnectionProvider - [id: 0xe441070c, L:/127.0.0.1:51808 - R:localhost/127.0.0.1:8083] onStateChange(GET{uri=/attractions, connection=PooledConnection{channel=[id: 0xe441070c, L:/127.0.0.1:51808 - R:localhost/127.0.0.1:8083]}}, [disconnecting])
15:53:15.672 [reactor-http-nio-46] DEBUG reactor.netty.resources.PooledConnectionProvider - [id: 0xe441070c, L:/127.0.0.1:51808 - R:localhost/127.0.0.1:8083] Releasing channel
15:53:15.672 [reactor-http-nio-46] DEBUG reactor.netty.resources.PooledConnectionProvider - [id: 0xe441070c, L:/127.0.0.1:51808 - R:localhost/127.0.0.1:8083] Channel cleaned, now 289 active connections and 12 inactive connections
15:53:15.673 [reactor-http-nio-46] DEBUG reactor.netty.http.client.HttpClientOperations - [id: 0xd8e5c342, L:/127.0.0.1:51820 - R:localhost/127.0.0.1:8083] Received response (auto-read:false) : [Content-Type=application/json, Transfer-Encoding=chunked, Date=Wed, 15 Jun 2022 14:53:14 GMT]
15:53:15.673 [reactor-http-nio-46] DEBUG reactor.netty.resources.PooledConnectionProvider - [id: 0xd8e5c342, L:/127.0.0.1:51820 - R:localhost/127.0.0.1:8083] onStateChange(GET{uri=/attractions, connection=PooledConnection{channel=[id: 0xd8e5c342, L:/127.0.0.1:51820 - R:localhost/127.0.0.1:8083]}}, [response_received])
15:53:15.673 [reactor-http-nio-46] DEBUG org.springframework.web.reactive.function.client.ExchangeFunctions - [46e29fa5] Response 200 OK
15:53:15.673 [reactor-http-nio-46] DEBUG reactor.netty.channel.FluxReceive - [id: 0xd8e5c342, L:/127.0.0.1:51820 - R:localhost/127.0.0.1:8083] Subscribing inbound receiver [pending: 0, cancelled:false, inboundDone: false]
15:53:15.674 [reactor-http-nio-46] DEBUG reactor.netty.http.client.HttpClientOperations - [id: 0xd8e5c342, L:/127.0.0.1:51820 - R:localhost/127.0.0.1:8083] Received last HTTP packet
15:53:15.674 [reactor-http-nio-46] DEBUG org.springframework.core.codec.StringDecoder - [46e29fa5] Decoded "[{"longitude":-117.922008,"latitude":33.817595,"attractionName":"Disneyland","city":"Anaheim","stat (truncated)...
15:53:15.674 [reactor-http-nio-46] DEBUG reactor.netty.resources.PooledConnectionProvider - [id: 0xd8e5c342, L:/127.0.0.1:51820 - R:localhost/127.0.0.1:8083] onStateChange(GET{uri=/attractions, connection=PooledConnection{channel=[id: 0xd8e5c342, L:/127.0.0.1:51820 - R:localhost/127.0.0.1:8083]}}, [disconnecting])
15:53:15.674 [reactor-http-nio-46] DEBUG reactor.netty.resources.PooledConnectionProvider - [id: 0xd8e5c342, L:/127.0.0.1:51820 - R:localhost/127.0.0.1:8083] Releasing channel
15:53:15.674 [reactor-http-nio-46] DEBUG reactor.netty.resources.PooledConnectionProvider - [id: 0xd8e5c342, L:/127.0.0.1:51820 - R:localhost/127.0.0.1:8083] Channel cleaned, now 288 active connections and 13 inactive connections
15:53:15.680 [pool-4-thread-2] DEBUG org.springframework.web.reactive.function.client.ExchangeFunctions - [7bad0b87] HTTP GET http://localhost:8084/attractionRewardPoint?attractionId=a76a9dbe-aada-453f-8548-d98016cf9bcc&userId=1371cda1-925f-4032-8eb9-794b0c916fda
15:53:15.683 [reactor-http-nio-48] DEBUG reactor.netty.resources.PooledConnectionProvider - [id: 0x1c21a498] Created new pooled channel, now 1 active connections and 1 inactive connections
15:53:15.683 [reactor-http-nio-48] DEBUG reactor.netty.channel.BootstrapHandlers - [id: 0x1c21a498] Initialized pipeline DefaultChannelPipeline{(BootstrapHandlers$BootstrapInitializerHandler#0 = reactor.netty.channel.BootstrapHandlers$BootstrapInitializerHandler), (SimpleChannelPool$1#0 = io.netty.channel.pool.SimpleChannelPool$1), (reactor.left.httpCodec = io.netty.handler.codec.http.HttpClientCodec), (reactor.left.decompressor = io.netty.handler.codec.http.HttpContentDecompressor), (reactor.right.reactiveBridge = reactor.netty.channel.ChannelOperationsHandler)}
15:53:15.684 [reactor-http-nio-48] DEBUG reactor.netty.resources.PooledConnectionProvider - [id: 0x1c21a498, L:/127.0.0.1:51982 - R:localhost/127.0.0.1:8084] onStateChange(PooledConnection{channel=[id: 0x1c21a498, L:/127.0.0.1:51982 - R:localhost/127.0.0.1:8084]}, [connected])
15:53:15.685 [reactor-http-nio-48] DEBUG reactor.netty.resources.PooledConnectionProvider - [id: 0x1c21a498, L:/127.0.0.1:51982 - R:localhost/127.0.0.1:8084] onStateChange(GET{uri=/, connection=PooledConnection{channel=[id: 0x1c21a498, L:/127.0.0.1:51982 - R:localhost/127.0.0.1:8084]}}, [configured])
15:53:15.685 [reactor-http-nio-48] DEBUG reactor.netty.resources.PooledConnectionProvider - [id: 0x1c21a498, L:/127.0.0.1:51982 - R:localhost/127.0.0.1:8084] Registering pool release on close event for channel
15:53:15.685 [reactor-http-nio-48] DEBUG reactor.netty.http.client.HttpClientConnect - [id: 0x1c21a498, L:/127.0.0.1:51982 - R:localhost/127.0.0.1:8084] Handler is being applied: {uri=http://localhost:8084/attractionRewardPoint?attractionId=a76a9dbe-aada-453f-8548-d98016cf9bcc&userId=1371cda1-925f-4032-8eb9-794b0c916fda, method=GET}
15:53:15.686 [reactor-http-nio-48] DEBUG reactor.netty.resources.PooledConnectionProvider - [id: 0x1c21a498, L:/127.0.0.1:51982 - R:localhost/127.0.0.1:8084] onStateChange(GET{uri=/attractionRewardPoint?attractionId=a76a9dbe-aada-453f-8548-d98016cf9bcc&userId=1371cda1-925f-4032-8eb9-794b0c916fda, connection=PooledConnection{channel=[id: 0x1c21a498, L:/127.0.0.1:51982 - R:localhost/127.0.0.1:8084]}}, [request_sent])
15:53:15.686 [reactor-http-nio-48] DEBUG reactor.netty.resources.PooledConnectionProvider - [id: 0x1c21a498, L:/127.0.0.1:51982 - R:localhost/127.0.0.1:8084] Channel connected, now 2 active connections and 0 inactive connections
15:53:15.734 [pool-4-thread-3] DEBUG org.springframework.web.reactive.function.client.ExchangeFunctions - [5603d9bd] HTTP GET http://localhost:8084/attractionRewardPoint?attractionId=a6cc66d4-0aac-4ee2-8b67-de9ca59af9b3&userId=513c3e8d-4835-459b-b62d-87d7e1cc7dd1
15:53:15.736 [reactor-http-nio-41] DEBUG reactor.netty.http.client.HttpClientOperations - [id: 0x6573a2f1, L:/127.0.0.1:51712 - R:localhost/127.0.0.1:8083] Received response (auto-read:false) : [Content-Type=application/json, Transfer-Encoding=chunked, Date=Wed, 15 Jun 2022 14:53:14 GMT]
15:53:15.737 [reactor-http-nio-41] DEBUG reactor.netty.resources.PooledConnectionProvider - [id: 0x6573a2f1, L:/127.0.0.1:51712 - R:localhost/127.0.0.1:8083] onStateChange(GET{uri=/attractions, connection=PooledConnection{channel=[id: 0x6573a2f1, L:/127.0.0.1:51712 - R:localhost/127.0.0.1:8083]}}, [response_received])
15:53:15.737 [reactor-http-nio-47] DEBUG reactor.netty.http.client.HttpClientOperations - [id: 0xd1ebbc3a, L:/127.0.0.1:51690 - R:localhost/127.0.0.1:8083] Received response (auto-read:false) : [Content-Type=application/json, Transfer-Encoding=chunked, Date=Wed, 15 Jun 2022 14:53:14 GMT]
15:53:15.738 [reactor-http-nio-47] DEBUG reactor.netty.resources.PooledConnectionProvider - [id: 0xd1ebbc3a, L:/127.0.0.1:51690 - R:localhost/127.0.0.1:8083] onStateChange(GET{uri=/attractions, connection=PooledConnection{channel=[id: 0xd1ebbc3a, L:/127.0.0.1:51690 - R:localhost/127.0.0.1:8083]}}, [response_received])
15:53:15.738 [reactor-http-nio-47] DEBUG org.springframework.web.reactive.function.client.ExchangeFunctions - [59f13923] Response 200 OK
15:53:15.738 [reactor-http-nio-47] DEBUG reactor.netty.channel.FluxReceive - [id: 0xd1ebbc3a, L:/127.0.0.1:51690 - R:localhost/127.0.0.1:8083] Subscribing inbound receiver [pending: 0, cancelled:false, inboundDone: false]
15:53:15.739 [reactor-http-nio-47] DEBUG reactor.netty.http.client.HttpClientOperations - [id: 0xd1ebbc3a, L:/127.0.0.1:51690 - R:localhost/127.0.0.1:8083] Received last HTTP packet
15:53:15.739 [reactor-http-nio-47] DEBUG org.springframework.core.codec.StringDecoder - [59f13923] Decoded "[{"longitude":-117.922008,"latitude":33.817595,"attractionName":"Disneyland","city":"Anaheim","stat (truncated)...
15:53:15.739 [reactor-http-nio-47] DEBUG reactor.netty.resources.PooledConnectionProvider - [id: 0xd1ebbc3a, L:/127.0.0.1:51690 - R:localhost/127.0.0.1:8083] onStateChange(GET{uri=/attractions, connection=PooledConnection{channel=[id: 0xd1ebbc3a, L:/127.0.0.1:51690 - R:localhost/127.0.0.1:8083]}}, [disconnecting])
15:53:15.739 [reactor-http-nio-47] DEBUG reactor.netty.resources.PooledConnectionProvider - [id: 0xd1ebbc3a, L:/127.0.0.1:51690 - R:localhost/127.0.0.1:8083] Releasing channel
15:53:15.739 [reactor-http-nio-47] DEBUG reactor.netty.resources.PooledConnectionProvider - [id: 0xd1ebbc3a, L:/127.0.0.1:51690 - R:localhost/127.0.0.1:8083] Channel cleaned, now 287 active connections and 14 inactive connections
15:53:15.739 [reactor-http-nio-41] DEBUG org.springframework.web.reactive.function.client.ExchangeFunctions - [2be8f473] Response 200 OK
15:53:15.740 [reactor-http-nio-46] DEBUG reactor.netty.http.client.HttpClientOperations - [id: 0x4be48215, L:/127.0.0.1:51749 - R:localhost/127.0.0.1:8083] Received response (auto-read:false) : [Content-Type=application/json, Transfer-Encoding=chunked, Date=Wed, 15 Jun 2022 14:53:14 GMT]
15:53:15.740 [reactor-http-nio-46] DEBUG reactor.netty.resources.PooledConnectionProvider - [id: 0x4be48215, L:/127.0.0.1:51749 - R:localhost/127.0.0.1:8083] onStateChange(GET{uri=/attractions, connection=PooledConnection{channel=[id: 0x4be48215, L:/127.0.0.1:51749 - R:localhost/127.0.0.1:8083]}}, [response_received])
15:53:15.740 [reactor-http-nio-46] DEBUG org.springframework.web.reactive.function.client.ExchangeFunctions - [eade1e0] Response 200 OK
15:53:15.740 [reactor-http-nio-46] DEBUG reactor.netty.channel.FluxReceive - [id: 0x4be48215, L:/127.0.0.1:51749 - R:localhost/127.0.0.1:8083] Subscribing inbound receiver [pending: 0, cancelled:false, inboundDone: false]
15:53:15.740 [reactor-http-nio-41] DEBUG reactor.netty.channel.FluxReceive - [id: 0x6573a2f1, L:/127.0.0.1:51712 - R:localhost/127.0.0.1:8083] Subscribing inbound receiver [pending: 0, cancelled:false, inboundDone: false]
15:53:15.742 [reactor-http-nio-41] DEBUG reactor.netty.http.client.HttpClientOperations - [id: 0x6edbd1c1, L:/127.0.0.1:51716 - R:localhost/127.0.0.1:8083] Received response (auto-read:false) : [Content-Type=application/json, Transfer-Encoding=chunked, Date=Wed, 15 Jun 2022 14:53:14 GMT]
15:53:15.742 [reactor-http-nio-41] DEBUG reactor.netty.resources.PooledConnectionProvider - [id: 0x6edbd1c1, L:/127.0.0.1:51716 - R:localhost/127.0.0.1:8083] onStateChange(GET{uri=/attractions, connection=PooledConnection{channel=[id: 0x6edbd1c1, L:/127.0.0.1:51716 - R:localhost/127.0.0.1:8083]}}, [response_received])
15:53:15.743 [reactor-http-nio-41] DEBUG org.springframework.web.reactive.function.client.ExchangeFunctions - [59fb43d5] Response 200 OK
15:53:15.744 [reactor-http-nio-41] DEBUG reactor.netty.channel.FluxReceive - [id: 0x6edbd1c1, L:/127.0.0.1:51716 - R:localhost/127.0.0.1:8083] Subscribing inbound receiver [pending: 0, cancelled:false, inboundDone: false]
15:53:15.744 [reactor-http-nio-41] DEBUG reactor.netty.http.client.HttpClientOperations - [id: 0x6edbd1c1, L:/127.0.0.1:51716 - R:localhost/127.0.0.1:8083] Received last HTTP packet
15:53:15.745 [reactor-http-nio-41] DEBUG org.springframework.core.codec.StringDecoder - [59fb43d5] Decoded "[{"longitude":-117.922008,"latitude":33.817595,"attractionName":"Disneyland","city":"Anaheim","stat (truncated)...
15:53:15.745 [reactor-http-nio-41] DEBUG reactor.netty.resources.PooledConnectionProvider - [id: 0x6edbd1c1, L:/127.0.0.1:51716 - R:localhost/127.0.0.1:8083] onStateChange(GET{uri=/attractions, connection=PooledConnection{channel=[id: 0x6edbd1c1, L:/127.0.0.1:51716 - R:localhost/127.0.0.1:8083]}}, [disconnecting])
15:53:15.745 [reactor-http-nio-41] DEBUG reactor.netty.resources.PooledConnectionProvider - [id: 0x6edbd1c1, L:/127.0.0.1:51716 - R:localhost/127.0.0.1:8083] Releasing channel
15:53:15.745 [reactor-http-nio-41] DEBUG reactor.netty.resources.PooledConnectionProvider - [id: 0x6edbd1c1, L:/127.0.0.1:51716 - R:localhost/127.0.0.1:8083] Channel cleaned, now 286 active connections and 15 inactive connections
15:53:15.747 [reactor-http-nio-46] DEBUG reactor.netty.http.client.HttpClientOperations - [id: 0x4be48215, L:/127.0.0.1:51749 - R:localhost/127.0.0.1:8083] Received last HTTP packet
15:53:15.747 [reactor-http-nio-46] DEBUG org.springframework.core.codec.StringDecoder - [eade1e0] Decoded "[{"longitude":-117.922008,"latitude":33.817595,"attractionName":"Disneyland","city":"Anaheim","stat (truncated)...
15:53:15.747 [reactor-http-nio-46] DEBUG reactor.netty.resources.PooledConnectionProvider - [id: 0x4be48215, L:/127.0.0.1:51749 - R:localhost/127.0.0.1:8083] onStateChange(GET{uri=/attractions, connection=PooledConnection{channel=[id: 0x4be48215, L:/127.0.0.1:51749 - R:localhost/127.0.0.1:8083]}}, [disconnecting])
15:53:15.747 [reactor-http-nio-46] DEBUG reactor.netty.resources.PooledConnectionProvider - [id: 0x4be48215, L:/127.0.0.1:51749 - R:localhost/127.0.0.1:8083] Releasing channel
15:53:15.747 [reactor-http-nio-46] DEBUG reactor.netty.resources.PooledConnectionProvider - [id: 0x4be48215, L:/127.0.0.1:51749 - R:localhost/127.0.0.1:8083] Channel cleaned, now 285 active connections and 16 inactive connections
15:53:15.750 [reactor-http-nio-46] DEBUG reactor.netty.http.client.HttpClientOperations - [id: 0x66bc1825, L:/127.0.0.1:51780 - R:localhost/127.0.0.1:8083] Received response (auto-read:false) : [Content-Type=application/json, Transfer-Encoding=chunked, Date=Wed, 15 Jun 2022 14:53:14 GMT]
15:53:15.750 [reactor-http-nio-46] DEBUG reactor.netty.resources.PooledConnectionProvider - [id: 0x66bc1825, L:/127.0.0.1:51780 - R:localhost/127.0.0.1:8083] onStateChange(GET{uri=/attractions, connection=PooledConnection{channel=[id: 0x66bc1825, L:/127.0.0.1:51780 - R:localhost/127.0.0.1:8083]}}, [response_received])
15:53:15.750 [reactor-http-nio-46] DEBUG org.springframework.web.reactive.function.client.ExchangeFunctions - [288f3a06] Response 200 OK
15:53:15.751 [reactor-http-nio-46] DEBUG reactor.netty.channel.FluxReceive - [id: 0x66bc1825, L:/127.0.0.1:51780 - R:localhost/127.0.0.1:8083] Subscribing inbound receiver [pending: 0, cancelled:false, inboundDone: false]
15:53:15.751 [reactor-http-nio-46] DEBUG reactor.netty.http.client.HttpClientOperations - [id: 0x66bc1825, L:/127.0.0.1:51780 - R:localhost/127.0.0.1:8083] Received last HTTP packet
15:53:15.751 [reactor-http-nio-46] DEBUG org.springframework.core.codec.StringDecoder - [288f3a06] Decoded "[{"longitude":-117.922008,"latitude":33.817595,"attractionName":"Disneyland","city":"Anaheim","stat (truncated)...
15:53:15.751 [reactor-http-nio-46] DEBUG reactor.netty.resources.PooledConnectionProvider - [id: 0x66bc1825, L:/127.0.0.1:51780 - R:localhost/127.0.0.1:8083] onStateChange(GET{uri=/attractions, connection=PooledConnection{channel=[id: 0x66bc1825, L:/127.0.0.1:51780 - R:localhost/127.0.0.1:8083]}}, [disconnecting])
15:53:15.751 [reactor-http-nio-46] DEBUG reactor.netty.resources.PooledConnectionProvider - [id: 0x66bc1825, L:/127.0.0.1:51780 - R:localhost/127.0.0.1:8083] Releasing channel
15:53:15.751 [reactor-http-nio-46] DEBUG reactor.netty.resources.PooledConnectionProvider - [id: 0x66bc1825, L:/127.0.0.1:51780 - R:localhost/127.0.0.1:8083] Channel cleaned, now 284 active connections and 17 inactive connections
15:53:15.753 [reactor-http-nio-48] DEBUG reactor.netty.http.client.HttpClientOperations - [id: 0x19945800, L:/127.0.0.1:51703 - R:localhost/127.0.0.1:8083] Received response (auto-read:false) : [Content-Type=application/json, Transfer-Encoding=chunked, Date=Wed, 15 Jun 2022 14:53:14 GMT]
15:53:15.754 [reactor-http-nio-48] DEBUG reactor.netty.resources.PooledConnectionProvider - [id: 0x19945800, L:/127.0.0.1:51703 - R:localhost/127.0.0.1:8083] onStateChange(GET{uri=/attractions, connection=PooledConnection{channel=[id: 0x19945800, L:/127.0.0.1:51703 - R:localhost/127.0.0.1:8083]}}, [response_received])
15:53:15.754 [reactor-http-nio-41] DEBUG reactor.netty.http.client.HttpClientOperations - [id: 0xc5bdf2c5, L:/127.0.0.1:51719 - R:localhost/127.0.0.1:8083] Received response (auto-read:false) : [Content-Type=application/json, Transfer-Encoding=chunked, Date=Wed, 15 Jun 2022 14:53:14 GMT]
15:53:15.754 [reactor-http-nio-41] DEBUG reactor.netty.resources.PooledConnectionProvider - [id: 0xc5bdf2c5, L:/127.0.0.1:51719 - R:localhost/127.0.0.1:8083] onStateChange(GET{uri=/attractions, connection=PooledConnection{channel=[id: 0xc5bdf2c5, L:/127.0.0.1:51719 - R:localhost/127.0.0.1:8083]}}, [response_received])
15:53:15.754 [reactor-http-nio-48] DEBUG org.springframework.web.reactive.function.client.ExchangeFunctions - [747b0987] Response 200 OK
15:53:15.754 [reactor-http-nio-41] DEBUG org.springframework.web.reactive.function.client.ExchangeFunctions - [7304dd2f] Response 200 OK
15:53:15.754 [reactor-http-nio-41] DEBUG reactor.netty.channel.FluxReceive - [id: 0xc5bdf2c5, L:/127.0.0.1:51719 - R:localhost/127.0.0.1:8083] Subscribing inbound receiver [pending: 0, cancelled:false, inboundDone: false]
15:53:15.754 [reactor-http-nio-48] DEBUG reactor.netty.channel.FluxReceive - [id: 0x19945800, L:/127.0.0.1:51703 - R:localhost/127.0.0.1:8083] Subscribing inbound receiver [pending: 0, cancelled:false, inboundDone: false]
15:53:15.754 [reactor-http-nio-41] DEBUG reactor.netty.http.client.HttpClientOperations - [id: 0xc5bdf2c5, L:/127.0.0.1:51719 - R:localhost/127.0.0.1:8083] Received last HTTP packet
15:53:15.754 [reactor-http-nio-48] DEBUG reactor.netty.http.client.HttpClientOperations - [id: 0x19945800, L:/127.0.0.1:51703 - R:localhost/127.0.0.1:8083] Received last HTTP packet
15:53:15.755 [reactor-http-nio-41] DEBUG org.springframework.core.codec.StringDecoder - [7304dd2f] Decoded "[{"longitude":-117.922008,"latitude":33.817595,"attractionName":"Disneyland","city":"Anaheim","stat (truncated)...
15:53:15.755 [reactor-http-nio-48] DEBUG org.springframework.core.codec.StringDecoder - [747b0987] Decoded "[{"longitude":-117.922008,"latitude":33.817595,"attractionName":"Disneyland","city":"Anaheim","stat (truncated)...
15:53:15.755 [reactor-http-nio-41] DEBUG reactor.netty.resources.PooledConnectionProvider - [id: 0xc5bdf2c5, L:/127.0.0.1:51719 - R:localhost/127.0.0.1:8083] onStateChange(GET{uri=/attractions, connection=PooledConnection{channel=[id: 0xc5bdf2c5, L:/127.0.0.1:51719 - R:localhost/127.0.0.1:8083]}}, [disconnecting])
15:53:15.755 [reactor-http-nio-48] DEBUG reactor.netty.resources.PooledConnectionProvider - [id: 0x19945800, L:/127.0.0.1:51703 - R:localhost/127.0.0.1:8083] onStateChange(GET{uri=/attractions, connection=PooledConnection{channel=[id: 0x19945800, L:/127.0.0.1:51703 - R:localhost/127.0.0.1:8083]}}, [disconnecting])
15:53:15.755 [reactor-http-nio-41] DEBUG reactor.netty.resources.PooledConnectionProvider - [id: 0xc5bdf2c5, L:/127.0.0.1:51719 - R:localhost/127.0.0.1:8083] Releasing channel
15:53:15.755 [reactor-http-nio-48] DEBUG reactor.netty.resources.PooledConnectionProvider - [id: 0x19945800, L:/127.0.0.1:51703 - R:localhost/127.0.0.1:8083] Releasing channel
15:53:15.755 [reactor-http-nio-41] DEBUG reactor.netty.resources.PooledConnectionProvider - [id: 0xc5bdf2c5, L:/127.0.0.1:51719 - R:localhost/127.0.0.1:8083] Channel cleaned, now 283 active connections and 19 inactive connections
15:53:15.755 [reactor-http-nio-48] DEBUG reactor.netty.resources.PooledConnectionProvider - [id: 0x19945800, L:/127.0.0.1:51703 - R:localhost/127.0.0.1:8083] Channel cleaned, now 282 active connections and 19 inactive connections
15:53:15.757 [reactor-http-nio-41] DEBUG reactor.netty.http.client.HttpClientOperations - [id: 0xe848c2c1, L:/127.0.0.1:51736 - R:localhost/127.0.0.1:8083] Received response (auto-read:false) : [Content-Type=application/json, Transfer-Encoding=chunked, Date=Wed, 15 Jun 2022 14:53:14 GMT]
15:53:15.758 [reactor-http-nio-41] DEBUG reactor.netty.resources.PooledConnectionProvider - [id: 0xe848c2c1, L:/127.0.0.1:51736 - R:localhost/127.0.0.1:8083] onStateChange(GET{uri=/attractions, connection=PooledConnection{channel=[id: 0xe848c2c1, L:/127.0.0.1:51736 - R:localhost/127.0.0.1:8083]}}, [response_received])
15:53:15.758 [reactor-http-nio-48] DEBUG reactor.netty.http.client.HttpClientOperations - [id: 0x19da195d, L:/127.0.0.1:51701 - R:localhost/127.0.0.1:8083] Received response (auto-read:false) : [Content-Type=application/json, Transfer-Encoding=chunked, Date=Wed, 15 Jun 2022 14:53:14 GMT]
15:53:15.758 [reactor-http-nio-48] DEBUG reactor.netty.resources.PooledConnectionProvider - [id: 0x19da195d, L:/127.0.0.1:51701 - R:localhost/127.0.0.1:8083] onStateChange(GET{uri=/attractions, connection=PooledConnection{channel=[id: 0x19da195d, L:/127.0.0.1:51701 - R:localhost/127.0.0.1:8083]}}, [response_received])
15:53:15.758 [reactor-http-nio-48] DEBUG org.springframework.web.reactive.function.client.ExchangeFunctions - [122c63d3] Response 200 OK
15:53:15.758 [reactor-http-nio-48] DEBUG reactor.netty.channel.FluxReceive - [id: 0x19da195d, L:/127.0.0.1:51701 - R:localhost/127.0.0.1:8083] Subscribing inbound receiver [pending: 0, cancelled:false, inboundDone: false]
15:53:15.759 [reactor-http-nio-48] DEBUG reactor.netty.http.client.HttpClientOperations - [id: 0x19da195d, L:/127.0.0.1:51701 - R:localhost/127.0.0.1:8083] Received last HTTP packet
15:53:15.759 [reactor-http-nio-48] DEBUG org.springframework.core.codec.StringDecoder - [122c63d3] Decoded "[{"longitude":-117.922008,"latitude":33.817595,"attractionName":"Disneyland","city":"Anaheim","stat (truncated)...
15:53:15.759 [reactor-http-nio-48] DEBUG reactor.netty.resources.PooledConnectionProvider - [id: 0x19da195d, L:/127.0.0.1:51701 - R:localhost/127.0.0.1:8083] onStateChange(GET{uri=/attractions, connection=PooledConnection{channel=[id: 0x19da195d, L:/127.0.0.1:51701 - R:localhost/127.0.0.1:8083]}}, [disconnecting])
15:53:15.759 [reactor-http-nio-48] DEBUG reactor.netty.resources.PooledConnectionProvider - [id: 0x19da195d, L:/127.0.0.1:51701 - R:localhost/127.0.0.1:8083] Releasing channel
15:53:15.760 [reactor-http-nio-48] DEBUG reactor.netty.resources.PooledConnectionProvider - [id: 0x19da195d, L:/127.0.0.1:51701 - R:localhost/127.0.0.1:8083] Channel cleaned, now 281 active connections and 20 inactive connections
15:53:15.760 [reactor-http-nio-41] DEBUG org.springframework.web.reactive.function.client.ExchangeFunctions - [4076b40f] Response 200 OK
15:53:15.760 [reactor-http-nio-41] DEBUG reactor.netty.channel.FluxReceive - [id: 0xe848c2c1, L:/127.0.0.1:51736 - R:localhost/127.0.0.1:8083] Subscribing inbound receiver [pending: 0, cancelled:false, inboundDone: false]
15:53:15.760 [reactor-http-nio-41] DEBUG reactor.netty.http.client.HttpClientOperations - [id: 0xe848c2c1, L:/127.0.0.1:51736 - R:localhost/127.0.0.1:8083] Received last HTTP packet
15:53:15.760 [reactor-http-nio-41] DEBUG org.springframework.core.codec.StringDecoder - [4076b40f] Decoded "[{"longitude":-117.922008,"latitude":33.817595,"attractionName":"Disneyland","city":"Anaheim","stat (truncated)...
15:53:15.761 [reactor-http-nio-41] DEBUG reactor.netty.resources.PooledConnectionProvider - [id: 0xe848c2c1, L:/127.0.0.1:51736 - R:localhost/127.0.0.1:8083] onStateChange(GET{uri=/attractions, connection=PooledConnection{channel=[id: 0xe848c2c1, L:/127.0.0.1:51736 - R:localhost/127.0.0.1:8083]}}, [disconnecting])
15:53:15.761 [reactor-http-nio-41] DEBUG reactor.netty.resources.PooledConnectionProvider - [id: 0xe848c2c1, L:/127.0.0.1:51736 - R:localhost/127.0.0.1:8083] Releasing channel
15:53:15.761 [reactor-http-nio-41] DEBUG reactor.netty.resources.PooledConnectionProvider - [id: 0xe848c2c1, L:/127.0.0.1:51736 - R:localhost/127.0.0.1:8083] Channel cleaned, now 280 active connections and 21 inactive connections
15:53:15.763 [reactor-http-nio-41] DEBUG reactor.netty.http.client.HttpClientOperations - [id: 0xd240e1c5, L:/127.0.0.1:51773 - R:localhost/127.0.0.1:8083] Received response (auto-read:false) : [Content-Type=application/json, Transfer-Encoding=chunked, Date=Wed, 15 Jun 2022 14:53:14 GMT]
15:53:15.763 [reactor-http-nio-41] DEBUG reactor.netty.resources.PooledConnectionProvider - [id: 0xd240e1c5, L:/127.0.0.1:51773 - R:localhost/127.0.0.1:8083] onStateChange(GET{uri=/attractions, connection=PooledConnection{channel=[id: 0xd240e1c5, L:/127.0.0.1:51773 - R:localhost/127.0.0.1:8083]}}, [response_received])
15:53:15.763 [reactor-http-nio-41] DEBUG org.springframework.web.reactive.function.client.ExchangeFunctions - [143026a7] Response 200 OK
15:53:15.763 [reactor-http-nio-46] DEBUG reactor.netty.resources.PooledConnectionProvider - [id: 0x1f4b22f3] Created new pooled channel, now 2 active connections and 1 inactive connections
15:53:15.764 [reactor-http-nio-46] DEBUG reactor.netty.channel.BootstrapHandlers - [id: 0x1f4b22f3] Initialized pipeline DefaultChannelPipeline{(BootstrapHandlers$BootstrapInitializerHandler#0 = reactor.netty.channel.BootstrapHandlers$BootstrapInitializerHandler), (SimpleChannelPool$1#0 = io.netty.channel.pool.SimpleChannelPool$1), (reactor.left.httpCodec = io.netty.handler.codec.http.HttpClientCodec), (reactor.left.decompressor = io.netty.handler.codec.http.HttpContentDecompressor), (reactor.right.reactiveBridge = reactor.netty.channel.ChannelOperationsHandler)}
15:53:15.764 [reactor-http-nio-41] DEBUG reactor.netty.channel.FluxReceive - [id: 0xd240e1c5, L:/127.0.0.1:51773 - R:localhost/127.0.0.1:8083] Subscribing inbound receiver [pending: 0, cancelled:false, inboundDone: false]
15:53:15.764 [reactor-http-nio-41] DEBUG reactor.netty.http.client.HttpClientOperations - [id: 0xd240e1c5, L:/127.0.0.1:51773 - R:localhost/127.0.0.1:8083] Received last HTTP packet
15:53:15.764 [reactor-http-nio-41] DEBUG org.springframework.core.codec.StringDecoder - [143026a7] Decoded "[{"longitude":-117.922008,"latitude":33.817595,"attractionName":"Disneyland","city":"Anaheim","stat (truncated)...
15:53:15.765 [reactor-http-nio-46] DEBUG reactor.netty.resources.PooledConnectionProvider - [id: 0x1f4b22f3, L:/127.0.0.1:51983 - R:localhost/127.0.0.1:8084] onStateChange(PooledConnection{channel=[id: 0x1f4b22f3, L:/127.0.0.1:51983 - R:localhost/127.0.0.1:8084]}, [connected])
15:53:15.765 [reactor-http-nio-41] DEBUG reactor.netty.resources.PooledConnectionProvider - [id: 0xd240e1c5, L:/127.0.0.1:51773 - R:localhost/127.0.0.1:8083] onStateChange(GET{uri=/attractions, connection=PooledConnection{channel=[id: 0xd240e1c5, L:/127.0.0.1:51773 - R:localhost/127.0.0.1:8083]}}, [disconnecting])
15:53:15.765 [reactor-http-nio-41] DEBUG reactor.netty.resources.PooledConnectionProvider - [id: 0xd240e1c5, L:/127.0.0.1:51773 - R:localhost/127.0.0.1:8083] Releasing channel
15:53:15.765 [reactor-http-nio-46] DEBUG reactor.netty.resources.PooledConnectionProvider - [id: 0x1f4b22f3, L:/127.0.0.1:51983 - R:localhost/127.0.0.1:8084] onStateChange(GET{uri=/, connection=PooledConnection{channel=[id: 0x1f4b22f3, L:/127.0.0.1:51983 - R:localhost/127.0.0.1:8084]}}, [configured])
15:53:15.765 [reactor-http-nio-41] DEBUG reactor.netty.resources.PooledConnectionProvider - [id: 0xd240e1c5, L:/127.0.0.1:51773 - R:localhost/127.0.0.1:8083] Channel cleaned, now 279 active connections and 22 inactive connections
15:53:15.766 [reactor-http-nio-41] DEBUG reactor.netty.http.client.HttpClientOperations - [id: 0x22744470, L:/127.0.0.1:51785 - R:localhost/127.0.0.1:8083] Received response (auto-read:false) : [Content-Type=application/json, Transfer-Encoding=chunked, Date=Wed, 15 Jun 2022 14:53:14 GMT]
15:53:15.766 [reactor-http-nio-41] DEBUG reactor.netty.resources.PooledConnectionProvider - [id: 0x22744470, L:/127.0.0.1:51785 - R:localhost/127.0.0.1:8083] onStateChange(GET{uri=/attractions, connection=PooledConnection{channel=[id: 0x22744470, L:/127.0.0.1:51785 - R:localhost/127.0.0.1:8083]}}, [response_received])
15:53:15.766 [reactor-http-nio-41] DEBUG org.springframework.web.reactive.function.client.ExchangeFunctions - [76a86067] Response 200 OK
15:53:15.766 [reactor-http-nio-41] DEBUG reactor.netty.channel.FluxReceive - [id: 0x22744470, L:/127.0.0.1:51785 - R:localhost/127.0.0.1:8083] Subscribing inbound receiver [pending: 0, cancelled:false, inboundDone: false]
15:53:15.767 [reactor-http-nio-41] DEBUG reactor.netty.http.client.HttpClientOperations - [id: 0x22744470, L:/127.0.0.1:51785 - R:localhost/127.0.0.1:8083] Received last HTTP packet
15:53:15.767 [reactor-http-nio-41] DEBUG org.springframework.core.codec.StringDecoder - [76a86067] Decoded "[{"longitude":-117.922008,"latitude":33.817595,"attractionName":"Disneyland","city":"Anaheim","stat (truncated)...
15:53:15.767 [reactor-http-nio-41] DEBUG reactor.netty.resources.PooledConnectionProvider - [id: 0x22744470, L:/127.0.0.1:51785 - R:localhost/127.0.0.1:8083] onStateChange(GET{uri=/attractions, connection=PooledConnection{channel=[id: 0x22744470, L:/127.0.0.1:51785 - R:localhost/127.0.0.1:8083]}}, [disconnecting])
15:53:15.767 [reactor-http-nio-41] DEBUG reactor.netty.resources.PooledConnectionProvider - [id: 0x22744470, L:/127.0.0.1:51785 - R:localhost/127.0.0.1:8083] Releasing channel
15:53:15.767 [reactor-http-nio-41] DEBUG reactor.netty.resources.PooledConnectionProvider - [id: 0x22744470, L:/127.0.0.1:51785 - R:localhost/127.0.0.1:8083] Channel cleaned, now 278 active connections and 23 inactive connections
15:53:15.769 [reactor-http-nio-46] DEBUG reactor.netty.resources.PooledConnectionProvider - [id: 0x1f4b22f3, L:/127.0.0.1:51983 - R:localhost/127.0.0.1:8084] Registering pool release on close event for channel
15:53:15.769 [reactor-http-nio-46] DEBUG reactor.netty.http.client.HttpClientConnect - [id: 0x1f4b22f3, L:/127.0.0.1:51983 - R:localhost/127.0.0.1:8084] Handler is being applied: {uri=http://localhost:8084/attractionRewardPoint?attractionId=a6cc66d4-0aac-4ee2-8b67-de9ca59af9b3&userId=513c3e8d-4835-459b-b62d-87d7e1cc7dd1, method=GET}
15:53:15.770 [reactor-http-nio-46] DEBUG reactor.netty.resources.PooledConnectionProvider - [id: 0x1f4b22f3, L:/127.0.0.1:51983 - R:localhost/127.0.0.1:8084] onStateChange(GET{uri=/attractionRewardPoint?attractionId=a6cc66d4-0aac-4ee2-8b67-de9ca59af9b3&userId=513c3e8d-4835-459b-b62d-87d7e1cc7dd1, connection=PooledConnection{channel=[id: 0x1f4b22f3, L:/127.0.0.1:51983 - R:localhost/127.0.0.1:8084]}}, [request_sent])
15:53:15.770 [reactor-http-nio-46] DEBUG reactor.netty.resources.PooledConnectionProvider - [id: 0x1f4b22f3, L:/127.0.0.1:51983 - R:localhost/127.0.0.1:8084] Channel connected, now 3 active connections and 0 inactive connections
15:53:15.777 [pool-4-thread-4] DEBUG org.springframework.web.reactive.function.client.ExchangeFunctions - [5a2a5bef] HTTP GET http://localhost:8084/attractionRewardPoint?attractionId=ef932071-649c-4b7a-932f-24dd3aa422f8&userId=ed6cab4e-0794-455a-95ac-a5d0b5e1c510
15:53:15.778 [reactor-http-nio-48] DEBUG reactor.netty.resources.PooledConnectionProvider - [id: 0x9a3845e6] Created new pooled channel, now 3 active connections and 1 inactive connections
15:53:15.778 [reactor-http-nio-48] DEBUG reactor.netty.channel.BootstrapHandlers - [id: 0x9a3845e6] Initialized pipeline DefaultChannelPipeline{(BootstrapHandlers$BootstrapInitializerHandler#0 = reactor.netty.channel.BootstrapHandlers$BootstrapInitializerHandler), (SimpleChannelPool$1#0 = io.netty.channel.pool.SimpleChannelPool$1), (reactor.left.httpCodec = io.netty.handler.codec.http.HttpClientCodec), (reactor.left.decompressor = io.netty.handler.codec.http.HttpContentDecompressor), (reactor.right.reactiveBridge = reactor.netty.channel.ChannelOperationsHandler)}
15:53:15.781 [reactor-http-nio-48] DEBUG reactor.netty.resources.PooledConnectionProvider - [id: 0x9a3845e6, L:/127.0.0.1:51984 - R:localhost/127.0.0.1:8084] onStateChange(PooledConnection{channel=[id: 0x9a3845e6, L:/127.0.0.1:51984 - R:localhost/127.0.0.1:8084]}, [connected])
15:53:15.781 [reactor-http-nio-48] DEBUG reactor.netty.resources.PooledConnectionProvider - [id: 0x9a3845e6, L:/127.0.0.1:51984 - R:localhost/127.0.0.1:8084] onStateChange(GET{uri=/, connection=PooledConnection{channel=[id: 0x9a3845e6, L:/127.0.0.1:51984 - R:localhost/127.0.0.1:8084]}}, [configured])
15:53:15.782 [reactor-http-nio-48] DEBUG reactor.netty.resources.PooledConnectionProvider - [id: 0x9a3845e6, L:/127.0.0.1:51984 - R:localhost/127.0.0.1:8084] Registering pool release on close event for channel
15:53:15.782 [reactor-http-nio-48] DEBUG reactor.netty.http.client.HttpClientConnect - [id: 0x9a3845e6, L:/127.0.0.1:51984 - R:localhost/127.0.0.1:8084] Handler is being applied: {uri=http://localhost:8084/attractionRewardPoint?attractionId=ef932071-649c-4b7a-932f-24dd3aa422f8&userId=ed6cab4e-0794-455a-95ac-a5d0b5e1c510, method=GET}
15:53:15.783 [reactor-http-nio-48] DEBUG reactor.netty.resources.PooledConnectionProvider - [id: 0x9a3845e6, L:/127.0.0.1:51984 - R:localhost/127.0.0.1:8084] onStateChange(GET{uri=/attractionRewardPoint?attractionId=ef932071-649c-4b7a-932f-24dd3aa422f8&userId=ed6cab4e-0794-455a-95ac-a5d0b5e1c510, connection=PooledConnection{channel=[id: 0x9a3845e6, L:/127.0.0.1:51984 - R:localhost/127.0.0.1:8084]}}, [request_sent])
15:53:15.783 [reactor-http-nio-48] DEBUG reactor.netty.resources.PooledConnectionProvider - [id: 0x9a3845e6, L:/127.0.0.1:51984 - R:localhost/127.0.0.1:8084] Channel connected, now 4 active connections and 0 inactive connections
15:53:15.788 [pool-4-thread-5] DEBUG org.springframework.web.reactive.function.client.ExchangeFunctions - [44f3a833] HTTP GET http://localhost:8084/attractionRewardPoint?attractionId=7ec95c8f-ce7f-4a53-9dd3-b04b16228fad&userId=653710d7-d742-4648-8e9d-0ffc7f849f40
15:53:15.790 [reactor-http-nio-46] DEBUG reactor.netty.resources.PooledConnectionProvider - [id: 0x6a3c40cd] Created new pooled channel, now 4 active connections and 1 inactive connections
15:53:15.790 [reactor-http-nio-46] DEBUG reactor.netty.channel.BootstrapHandlers - [id: 0x6a3c40cd] Initialized pipeline DefaultChannelPipeline{(BootstrapHandlers$BootstrapInitializerHandler#0 = reactor.netty.channel.BootstrapHandlers$BootstrapInitializerHandler), (SimpleChannelPool$1#0 = io.netty.channel.pool.SimpleChannelPool$1), (reactor.left.httpCodec = io.netty.handler.codec.http.HttpClientCodec), (reactor.left.decompressor = io.netty.handler.codec.http.HttpContentDecompressor), (reactor.right.reactiveBridge = reactor.netty.channel.ChannelOperationsHandler)}
15:53:15.792 [reactor-http-nio-46] DEBUG reactor.netty.resources.PooledConnectionProvider - [id: 0x6a3c40cd, L:/127.0.0.1:51985 - R:localhost/127.0.0.1:8084] onStateChange(PooledConnection{channel=[id: 0x6a3c40cd, L:/127.0.0.1:51985 - R:localhost/127.0.0.1:8084]}, [connected])
15:53:15.792 [reactor-http-nio-46] DEBUG reactor.netty.resources.PooledConnectionProvider - [id: 0x6a3c40cd, L:/127.0.0.1:51985 - R:localhost/127.0.0.1:8084] onStateChange(GET{uri=/, connection=PooledConnection{channel=[id: 0x6a3c40cd, L:/127.0.0.1:51985 - R:localhost/127.0.0.1:8084]}}, [configured])
15:53:15.793 [reactor-http-nio-46] DEBUG reactor.netty.resources.PooledConnectionProvider - [id: 0x6a3c40cd, L:/127.0.0.1:51985 - R:localhost/127.0.0.1:8084] Registering pool release on close event for channel
15:53:15.793 [reactor-http-nio-46] DEBUG reactor.netty.http.client.HttpClientConnect - [id: 0x6a3c40cd, L:/127.0.0.1:51985 - R:localhost/127.0.0.1:8084] Handler is being applied: {uri=http://localhost:8084/attractionRewardPoint?attractionId=7ec95c8f-ce7f-4a53-9dd3-b04b16228fad&userId=653710d7-d742-4648-8e9d-0ffc7f849f40, method=GET}
15:53:15.794 [reactor-http-nio-46] DEBUG reactor.netty.resources.PooledConnectionProvider - [id: 0x6a3c40cd, L:/127.0.0.1:51985 - R:localhost/127.0.0.1:8084] onStateChange(GET{uri=/attractionRewardPoint?attractionId=7ec95c8f-ce7f-4a53-9dd3-b04b16228fad&userId=653710d7-d742-4648-8e9d-0ffc7f849f40, connection=PooledConnection{channel=[id: 0x6a3c40cd, L:/127.0.0.1:51985 - R:localhost/127.0.0.1:8084]}}, [request_sent])
15:53:15.794 [reactor-http-nio-46] DEBUG reactor.netty.resources.PooledConnectionProvider - [id: 0x6a3c40cd, L:/127.0.0.1:51985 - R:localhost/127.0.0.1:8084] Channel connected, now 5 active connections and 0 inactive connections
15:53:15.795 [pool-4-thread-6] DEBUG org.springframework.web.reactive.function.client.ExchangeFunctions - [254c710b] HTTP GET http://localhost:8084/attractionRewardPoint?attractionId=324d5b70-25a9-4cae-8904-06bce22dbabf&userId=a68bbe08-9afb-474c-b080-3673a9f3a35d
15:53:15.797 [reactor-http-nio-48] DEBUG reactor.netty.resources.PooledConnectionProvider - [id: 0x0acdd11d] Created new pooled channel, now 5 active connections and 1 inactive connections
15:53:15.797 [reactor-http-nio-48] DEBUG reactor.netty.channel.BootstrapHandlers - [id: 0x0acdd11d] Initialized pipeline DefaultChannelPipeline{(BootstrapHandlers$BootstrapInitializerHandler#0 = reactor.netty.channel.BootstrapHandlers$BootstrapInitializerHandler), (SimpleChannelPool$1#0 = io.netty.channel.pool.SimpleChannelPool$1), (reactor.left.httpCodec = io.netty.handler.codec.http.HttpClientCodec), (reactor.left.decompressor = io.netty.handler.codec.http.HttpContentDecompressor), (reactor.right.reactiveBridge = reactor.netty.channel.ChannelOperationsHandler)}
15:53:15.799 [reactor-http-nio-48] DEBUG reactor.netty.resources.PooledConnectionProvider - [id: 0x0acdd11d, L:/127.0.0.1:51986 - R:localhost/127.0.0.1:8084] onStateChange(PooledConnection{channel=[id: 0x0acdd11d, L:/127.0.0.1:51986 - R:localhost/127.0.0.1:8084]}, [connected])
15:53:15.799 [reactor-http-nio-48] DEBUG reactor.netty.resources.PooledConnectionProvider - [id: 0x0acdd11d, L:/127.0.0.1:51986 - R:localhost/127.0.0.1:8084] onStateChange(GET{uri=/, connection=PooledConnection{channel=[id: 0x0acdd11d, L:/127.0.0.1:51986 - R:localhost/127.0.0.1:8084]}}, [configured])
15:53:15.800 [reactor-http-nio-48] DEBUG reactor.netty.resources.PooledConnectionProvider - [id: 0x0acdd11d, L:/127.0.0.1:51986 - R:localhost/127.0.0.1:8084] Registering pool release on close event for channel
15:53:15.800 [reactor-http-nio-48] DEBUG reactor.netty.http.client.HttpClientConnect - [id: 0x0acdd11d, L:/127.0.0.1:51986 - R:localhost/127.0.0.1:8084] Handler is being applied: {uri=http://localhost:8084/attractionRewardPoint?attractionId=324d5b70-25a9-4cae-8904-06bce22dbabf&userId=a68bbe08-9afb-474c-b080-3673a9f3a35d, method=GET}
15:53:15.803 [reactor-http-nio-48] DEBUG reactor.netty.resources.PooledConnectionProvider - [id: 0x0acdd11d, L:/127.0.0.1:51986 - R:localhost/127.0.0.1:8084] onStateChange(GET{uri=/attractionRewardPoint?attractionId=324d5b70-25a9-4cae-8904-06bce22dbabf&userId=a68bbe08-9afb-474c-b080-3673a9f3a35d, connection=PooledConnection{channel=[id: 0x0acdd11d, L:/127.0.0.1:51986 - R:localhost/127.0.0.1:8084]}}, [request_sent])
15:53:15.803 [reactor-http-nio-48] DEBUG reactor.netty.resources.PooledConnectionProvider - [id: 0x0acdd11d, L:/127.0.0.1:51986 - R:localhost/127.0.0.1:8084] Channel connected, now 6 active connections and 0 inactive connections
15:53:15.805 [pool-4-thread-7] DEBUG org.springframework.web.reactive.function.client.ExchangeFunctions - [247b9d2b] HTTP GET http://localhost:8084/attractionRewardPoint?attractionId=48e82fd3-704f-4860-ac8e-6eace8dd54fc&userId=a26189ba-ad29-4bc1-8cdd-69497deab952
15:53:15.806 [reactor-http-nio-46] DEBUG reactor.netty.resources.PooledConnectionProvider - [id: 0x2e3e5eef] Created new pooled channel, now 6 active connections and 1 inactive connections
15:53:15.806 [reactor-http-nio-46] DEBUG reactor.netty.channel.BootstrapHandlers - [id: 0x2e3e5eef] Initialized pipeline DefaultChannelPipeline{(BootstrapHandlers$BootstrapInitializerHandler#0 = reactor.netty.channel.BootstrapHandlers$BootstrapInitializerHandler), (SimpleChannelPool$1#0 = io.netty.channel.pool.SimpleChannelPool$1), (reactor.left.httpCodec = io.netty.handler.codec.http.HttpClientCodec), (reactor.left.decompressor = io.netty.handler.codec.http.HttpContentDecompressor), (reactor.right.reactiveBridge = reactor.netty.channel.ChannelOperationsHandler)}
15:53:15.808 [reactor-http-nio-46] DEBUG reactor.netty.resources.PooledConnectionProvider - [id: 0x2e3e5eef, L:/127.0.0.1:51987 - R:localhost/127.0.0.1:8084] onStateChange(PooledConnection{channel=[id: 0x2e3e5eef, L:/127.0.0.1:51987 - R:localhost/127.0.0.1:8084]}, [connected])
15:53:15.808 [reactor-http-nio-46] DEBUG reactor.netty.resources.PooledConnectionProvider - [id: 0x2e3e5eef, L:/127.0.0.1:51987 - R:localhost/127.0.0.1:8084] onStateChange(GET{uri=/, connection=PooledConnection{channel=[id: 0x2e3e5eef, L:/127.0.0.1:51987 - R:localhost/127.0.0.1:8084]}}, [configured])
15:53:15.809 [reactor-http-nio-46] DEBUG reactor.netty.resources.PooledConnectionProvider - [id: 0x2e3e5eef, L:/127.0.0.1:51987 - R:localhost/127.0.0.1:8084] Registering pool release on close event for channel
15:53:15.809 [reactor-http-nio-46] DEBUG reactor.netty.http.client.HttpClientConnect - [id: 0x2e3e5eef, L:/127.0.0.1:51987 - R:localhost/127.0.0.1:8084] Handler is being applied: {uri=http://localhost:8084/attractionRewardPoint?attractionId=48e82fd3-704f-4860-ac8e-6eace8dd54fc&userId=a26189ba-ad29-4bc1-8cdd-69497deab952, method=GET}
15:53:15.810 [reactor-http-nio-46] DEBUG reactor.netty.resources.PooledConnectionProvider - [id: 0x2e3e5eef, L:/127.0.0.1:51987 - R:localhost/127.0.0.1:8084] onStateChange(GET{uri=/attractionRewardPoint?attractionId=48e82fd3-704f-4860-ac8e-6eace8dd54fc&userId=a26189ba-ad29-4bc1-8cdd-69497deab952, connection=PooledConnection{channel=[id: 0x2e3e5eef, L:/127.0.0.1:51987 - R:localhost/127.0.0.1:8084]}}, [request_sent])
15:53:15.810 [reactor-http-nio-46] DEBUG reactor.netty.resources.PooledConnectionProvider - [id: 0x2e3e5eef, L:/127.0.0.1:51987 - R:localhost/127.0.0.1:8084] Channel connected, now 7 active connections and 0 inactive connections
15:53:15.811 [pool-4-thread-9] DEBUG org.springframework.web.reactive.function.client.ExchangeFunctions - [412a8a0c] HTTP GET http://localhost:8084/attractionRewardPoint?attractionId=c0f4c973-6a89-45ae-9955-f993658750fa&userId=c586d8d7-deed-4ba5-9eae-adc9f7c52195
15:53:15.812 [pool-4-thread-10] DEBUG org.springframework.web.reactive.function.client.ExchangeFunctions - [27316638] HTTP GET http://localhost:8084/attractionRewardPoint?attractionId=f3db2e47-875c-41b2-8c8e-2001b17dbd96&userId=5d857e3f-c73f-4a71-b917-898328a82d40
15:53:15.813 [reactor-http-nio-48] DEBUG reactor.netty.resources.PooledConnectionProvider - [id: 0xca3c8cf4] Created new pooled channel, now 7 active connections and 1 inactive connections
15:53:15.813 [reactor-http-nio-48] DEBUG reactor.netty.channel.BootstrapHandlers - [id: 0xca3c8cf4] Initialized pipeline DefaultChannelPipeline{(BootstrapHandlers$BootstrapInitializerHandler#0 = reactor.netty.channel.BootstrapHandlers$BootstrapInitializerHandler), (SimpleChannelPool$1#0 = io.netty.channel.pool.SimpleChannelPool$1), (reactor.left.httpCodec = io.netty.handler.codec.http.HttpClientCodec), (reactor.left.decompressor = io.netty.handler.codec.http.HttpContentDecompressor), (reactor.right.reactiveBridge = reactor.netty.channel.ChannelOperationsHandler)}
15:53:15.814 [reactor-http-nio-46] DEBUG reactor.netty.resources.PooledConnectionProvider - [id: 0x1246ce27] Created new pooled channel, now 7 active connections and 2 inactive connections
15:53:15.814 [reactor-http-nio-46] DEBUG reactor.netty.channel.BootstrapHandlers - [id: 0x1246ce27] Initialized pipeline DefaultChannelPipeline{(BootstrapHandlers$BootstrapInitializerHandler#0 = reactor.netty.channel.BootstrapHandlers$BootstrapInitializerHandler), (SimpleChannelPool$1#0 = io.netty.channel.pool.SimpleChannelPool$1), (reactor.left.httpCodec = io.netty.handler.codec.http.HttpClientCodec), (reactor.left.decompressor = io.netty.handler.codec.http.HttpContentDecompressor), (reactor.right.reactiveBridge = reactor.netty.channel.ChannelOperationsHandler)}
15:53:15.815 [reactor-http-nio-46] DEBUG reactor.netty.resources.PooledConnectionProvider - [id: 0x1246ce27, L:/127.0.0.1:51988 - R:localhost/127.0.0.1:8084] onStateChange(PooledConnection{channel=[id: 0x1246ce27, L:/127.0.0.1:51988 - R:localhost/127.0.0.1:8084]}, [connected])
15:53:15.815 [reactor-http-nio-46] DEBUG reactor.netty.resources.PooledConnectionProvider - [id: 0x1246ce27, L:/127.0.0.1:51988 - R:localhost/127.0.0.1:8084] onStateChange(GET{uri=/, connection=PooledConnection{channel=[id: 0x1246ce27, L:/127.0.0.1:51988 - R:localhost/127.0.0.1:8084]}}, [configured])
15:53:15.811 [pool-4-thread-8] DEBUG org.springframework.web.reactive.function.client.ExchangeFunctions - [adf320a] HTTP GET http://localhost:8084/attractionRewardPoint?attractionId=366587f2-057c-4302-828e-62052a5e2a76&userId=a65f14ad-241a-48b6-8296-62ddf329154e
15:53:15.816 [reactor-http-nio-46] DEBUG reactor.netty.resources.PooledConnectionProvider - [id: 0x1246ce27, L:/127.0.0.1:51988 - R:localhost/127.0.0.1:8084] Registering pool release on close event for channel
15:53:15.816 [reactor-http-nio-46] DEBUG reactor.netty.http.client.HttpClientConnect - [id: 0x1246ce27, L:/127.0.0.1:51988 - R:localhost/127.0.0.1:8084] Handler is being applied: {uri=http://localhost:8084/attractionRewardPoint?attractionId=f3db2e47-875c-41b2-8c8e-2001b17dbd96&userId=5d857e3f-c73f-4a71-b917-898328a82d40, method=GET}
15:53:15.817 [reactor-http-nio-46] DEBUG reactor.netty.resources.PooledConnectionProvider - [id: 0x1246ce27, L:/127.0.0.1:51988 - R:localhost/127.0.0.1:8084] onStateChange(GET{uri=/attractionRewardPoint?attractionId=f3db2e47-875c-41b2-8c8e-2001b17dbd96&userId=5d857e3f-c73f-4a71-b917-898328a82d40, connection=PooledConnection{channel=[id: 0x1246ce27, L:/127.0.0.1:51988 - R:localhost/127.0.0.1:8084]}}, [request_sent])
15:53:15.817 [reactor-http-nio-46] DEBUG reactor.netty.resources.PooledConnectionProvider - [id: 0x1246ce27, L:/127.0.0.1:51988 - R:localhost/127.0.0.1:8084] Channel connected, now 8 active connections and 1 inactive connections
15:53:15.817 [reactor-http-nio-48] DEBUG reactor.netty.resources.PooledConnectionProvider - [id: 0xca3c8cf4, L:/127.0.0.1:51989 - R:localhost/127.0.0.1:8084] onStateChange(PooledConnection{channel=[id: 0xca3c8cf4, L:/127.0.0.1:51989 - R:localhost/127.0.0.1:8084]}, [connected])
15:53:15.817 [reactor-http-nio-48] DEBUG reactor.netty.resources.PooledConnectionProvider - [id: 0xca3c8cf4, L:/127.0.0.1:51989 - R:localhost/127.0.0.1:8084] onStateChange(GET{uri=/, connection=PooledConnection{channel=[id: 0xca3c8cf4, L:/127.0.0.1:51989 - R:localhost/127.0.0.1:8084]}}, [configured])
15:53:15.818 [reactor-http-nio-48] DEBUG reactor.netty.resources.PooledConnectionProvider - [id: 0xca3c8cf4, L:/127.0.0.1:51989 - R:localhost/127.0.0.1:8084] Registering pool release on close event for channel
15:53:15.818 [reactor-http-nio-48] DEBUG reactor.netty.http.client.HttpClientConnect - [id: 0xca3c8cf4, L:/127.0.0.1:51989 - R:localhost/127.0.0.1:8084] Handler is being applied: {uri=http://localhost:8084/attractionRewardPoint?attractionId=c0f4c973-6a89-45ae-9955-f993658750fa&userId=c586d8d7-deed-4ba5-9eae-adc9f7c52195, method=GET}
15:53:15.819 [reactor-http-nio-48] DEBUG reactor.netty.resources.PooledConnectionProvider - [id: 0xca3c8cf4, L:/127.0.0.1:51989 - R:localhost/127.0.0.1:8084] onStateChange(GET{uri=/attractionRewardPoint?attractionId=c0f4c973-6a89-45ae-9955-f993658750fa&userId=c586d8d7-deed-4ba5-9eae-adc9f7c52195, connection=PooledConnection{channel=[id: 0xca3c8cf4, L:/127.0.0.1:51989 - R:localhost/127.0.0.1:8084]}}, [request_sent])
15:53:15.819 [reactor-http-nio-48] DEBUG reactor.netty.resources.PooledConnectionProvider - [id: 0xca3c8cf4, L:/127.0.0.1:51989 - R:localhost/127.0.0.1:8084] Channel connected, now 9 active connections and 0 inactive connections
15:53:15.819 [reactor-http-nio-48] DEBUG reactor.netty.resources.PooledConnectionProvider - [id: 0xa6d9aa39] Created new pooled channel, now 9 active connections and 1 inactive connections
15:53:15.820 [reactor-http-nio-48] DEBUG reactor.netty.channel.BootstrapHandlers - [id: 0xa6d9aa39] Initialized pipeline DefaultChannelPipeline{(BootstrapHandlers$BootstrapInitializerHandler#0 = reactor.netty.channel.BootstrapHandlers$BootstrapInitializerHandler), (SimpleChannelPool$1#0 = io.netty.channel.pool.SimpleChannelPool$1), (reactor.left.httpCodec = io.netty.handler.codec.http.HttpClientCodec), (reactor.left.decompressor = io.netty.handler.codec.http.HttpContentDecompressor), (reactor.right.reactiveBridge = reactor.netty.channel.ChannelOperationsHandler)}
15:53:15.821 [reactor-http-nio-48] DEBUG reactor.netty.resources.PooledConnectionProvider - [id: 0xa6d9aa39, L:/127.0.0.1:51990 - R:localhost/127.0.0.1:8084] onStateChange(PooledConnection{channel=[id: 0xa6d9aa39, L:/127.0.0.1:51990 - R:localhost/127.0.0.1:8084]}, [connected])
15:53:15.821 [reactor-http-nio-48] DEBUG reactor.netty.resources.PooledConnectionProvider - [id: 0xa6d9aa39, L:/127.0.0.1:51990 - R:localhost/127.0.0.1:8084] onStateChange(GET{uri=/, connection=PooledConnection{channel=[id: 0xa6d9aa39, L:/127.0.0.1:51990 - R:localhost/127.0.0.1:8084]}}, [configured])
15:53:15.822 [reactor-http-nio-48] DEBUG reactor.netty.resources.PooledConnectionProvider - [id: 0xa6d9aa39, L:/127.0.0.1:51990 - R:localhost/127.0.0.1:8084] Registering pool release on close event for channel
15:53:15.823 [reactor-http-nio-48] DEBUG reactor.netty.http.client.HttpClientConnect - [id: 0xa6d9aa39, L:/127.0.0.1:51990 - R:localhost/127.0.0.1:8084] Handler is being applied: {uri=http://localhost:8084/attractionRewardPoint?attractionId=366587f2-057c-4302-828e-62052a5e2a76&userId=a65f14ad-241a-48b6-8296-62ddf329154e, method=GET}
15:53:15.823 [reactor-http-nio-48] DEBUG reactor.netty.resources.PooledConnectionProvider - [id: 0xa6d9aa39, L:/127.0.0.1:51990 - R:localhost/127.0.0.1:8084] onStateChange(GET{uri=/attractionRewardPoint?attractionId=366587f2-057c-4302-828e-62052a5e2a76&userId=a65f14ad-241a-48b6-8296-62ddf329154e, connection=PooledConnection{channel=[id: 0xa6d9aa39, L:/127.0.0.1:51990 - R:localhost/127.0.0.1:8084]}}, [request_sent])
15:53:15.823 [reactor-http-nio-48] DEBUG reactor.netty.resources.PooledConnectionProvider - [id: 0xa6d9aa39, L:/127.0.0.1:51990 - R:localhost/127.0.0.1:8084] Channel connected, now 10 active connections and 0 inactive connections
15:53:15.844 [reactor-http-nio-47] DEBUG reactor.netty.http.client.HttpClientOperations - [id: 0xa6138326, L:/127.0.0.1:51881 - R:localhost/127.0.0.1:8083] Received response (auto-read:false) : [Content-Type=application/json, Transfer-Encoding=chunked, Date=Wed, 15 Jun 2022 14:53:14 GMT]
15:53:15.844 [reactor-http-nio-47] DEBUG reactor.netty.resources.PooledConnectionProvider - [id: 0xa6138326, L:/127.0.0.1:51881 - R:localhost/127.0.0.1:8083] onStateChange(GET{uri=/userLocation?userId=3a128795-52ee-44f2-8988-44f054b718ac, connection=PooledConnection{channel=[id: 0xa6138326, L:/127.0.0.1:51881 - R:localhost/127.0.0.1:8083]}}, [response_received])
15:53:15.845 [reactor-http-nio-47] DEBUG org.springframework.web.reactive.function.client.ExchangeFunctions - [6891b8fa] Response 200 OK
15:53:15.845 [reactor-http-nio-47] DEBUG reactor.netty.channel.FluxReceive - [id: 0xa6138326, L:/127.0.0.1:51881 - R:localhost/127.0.0.1:8083] Subscribing inbound receiver [pending: 0, cancelled:false, inboundDone: false]
15:53:15.846 [reactor-http-nio-47] DEBUG reactor.netty.http.client.HttpClientOperations - [id: 0x85b1ff76, L:/127.0.0.1:51685 - R:localhost/127.0.0.1:8083] Received response (auto-read:false) : [Content-Type=application/json, Transfer-Encoding=chunked, Date=Wed, 15 Jun 2022 14:53:14 GMT]
15:53:15.846 [reactor-http-nio-47] DEBUG reactor.netty.resources.PooledConnectionProvider - [id: 0x85b1ff76, L:/127.0.0.1:51685 - R:localhost/127.0.0.1:8083] onStateChange(GET{uri=/attractions, connection=PooledConnection{channel=[id: 0x85b1ff76, L:/127.0.0.1:51685 - R:localhost/127.0.0.1:8083]}}, [response_received])
15:53:15.846 [reactor-http-nio-47] DEBUG org.springframework.web.reactive.function.client.ExchangeFunctions - [22b47a31] Response 200 OK
15:53:15.847 [reactor-http-nio-47] DEBUG reactor.netty.channel.FluxReceive - [id: 0x85b1ff76, L:/127.0.0.1:51685 - R:localhost/127.0.0.1:8083] Subscribing inbound receiver [pending: 0, cancelled:false, inboundDone: false]
15:53:15.847 [reactor-http-nio-47] DEBUG reactor.netty.http.client.HttpClientOperations - [id: 0x85b1ff76, L:/127.0.0.1:51685 - R:localhost/127.0.0.1:8083] Received last HTTP packet
15:53:15.847 [reactor-http-nio-47] DEBUG org.springframework.core.codec.StringDecoder - [22b47a31] Decoded "[{"longitude":-117.922008,"latitude":33.817595,"attractionName":"Disneyland","city":"Anaheim","stat (truncated)...
15:53:15.848 [reactor-http-nio-47] DEBUG reactor.netty.resources.PooledConnectionProvider - [id: 0x85b1ff76, L:/127.0.0.1:51685 - R:localhost/127.0.0.1:8083] onStateChange(GET{uri=/attractions, connection=PooledConnection{channel=[id: 0x85b1ff76, L:/127.0.0.1:51685 - R:localhost/127.0.0.1:8083]}}, [disconnecting])
15:53:15.848 [reactor-http-nio-47] DEBUG reactor.netty.resources.PooledConnectionProvider - [id: 0x85b1ff76, L:/127.0.0.1:51685 - R:localhost/127.0.0.1:8083] Releasing channel
15:53:15.848 [reactor-http-nio-47] DEBUG reactor.netty.resources.PooledConnectionProvider - [id: 0x85b1ff76, L:/127.0.0.1:51685 - R:localhost/127.0.0.1:8083] Channel cleaned, now 277 active connections and 24 inactive connections
15:53:15.848 [reactor-http-nio-48] DEBUG reactor.netty.http.client.HttpClientOperations - [id: 0x6adf9794, L:/127.0.0.1:51702 - R:localhost/127.0.0.1:8083] Received response (auto-read:false) : [Content-Type=application/json, Transfer-Encoding=chunked, Date=Wed, 15 Jun 2022 14:53:14 GMT]
15:53:15.848 [reactor-http-nio-48] DEBUG reactor.netty.resources.PooledConnectionProvider - [id: 0x6adf9794, L:/127.0.0.1:51702 - R:localhost/127.0.0.1:8083] onStateChange(GET{uri=/attractions, connection=PooledConnection{channel=[id: 0x6adf9794, L:/127.0.0.1:51702 - R:localhost/127.0.0.1:8083]}}, [response_received])
15:53:15.848 [reactor-http-nio-48] DEBUG org.springframework.web.reactive.function.client.ExchangeFunctions - [420964b3] Response 200 OK
15:53:15.848 [reactor-http-nio-48] DEBUG reactor.netty.channel.FluxReceive - [id: 0x6adf9794, L:/127.0.0.1:51702 - R:localhost/127.0.0.1:8083] Subscribing inbound receiver [pending: 0, cancelled:false, inboundDone: false]
15:53:15.849 [reactor-http-nio-48] DEBUG reactor.netty.http.client.HttpClientOperations - [id: 0x6adf9794, L:/127.0.0.1:51702 - R:localhost/127.0.0.1:8083] Received last HTTP packet
15:53:15.849 [reactor-http-nio-48] DEBUG org.springframework.core.codec.StringDecoder - [420964b3] Decoded "[{"longitude":-117.922008,"latitude":33.817595,"attractionName":"Disneyland","city":"Anaheim","stat (truncated)...
15:53:15.849 [reactor-http-nio-48] DEBUG reactor.netty.resources.PooledConnectionProvider - [id: 0x6adf9794, L:/127.0.0.1:51702 - R:localhost/127.0.0.1:8083] onStateChange(GET{uri=/attractions, connection=PooledConnection{channel=[id: 0x6adf9794, L:/127.0.0.1:51702 - R:localhost/127.0.0.1:8083]}}, [disconnecting])
15:53:15.849 [reactor-http-nio-48] DEBUG reactor.netty.resources.PooledConnectionProvider - [id: 0x6adf9794, L:/127.0.0.1:51702 - R:localhost/127.0.0.1:8083] Releasing channel
15:53:15.849 [reactor-http-nio-48] DEBUG reactor.netty.resources.PooledConnectionProvider - [id: 0x6adf9794, L:/127.0.0.1:51702 - R:localhost/127.0.0.1:8083] Channel cleaned, now 276 active connections and 25 inactive connections
15:53:15.851 [reactor-http-nio-41] DEBUG reactor.netty.http.client.HttpClientOperations - [id: 0xb6e13b25, L:/127.0.0.1:51714 - R:localhost/127.0.0.1:8083] Received response (auto-read:false) : [Content-Type=application/json, Transfer-Encoding=chunked, Date=Wed, 15 Jun 2022 14:53:14 GMT]
15:53:15.851 [reactor-http-nio-41] DEBUG reactor.netty.resources.PooledConnectionProvider - [id: 0xb6e13b25, L:/127.0.0.1:51714 - R:localhost/127.0.0.1:8083] onStateChange(GET{uri=/attractions, connection=PooledConnection{channel=[id: 0xb6e13b25, L:/127.0.0.1:51714 - R:localhost/127.0.0.1:8083]}}, [response_received])
15:53:15.851 [reactor-http-nio-41] DEBUG org.springframework.web.reactive.function.client.ExchangeFunctions - [2254fd74] Response 200 OK
15:53:15.852 [reactor-http-nio-41] DEBUG reactor.netty.channel.FluxReceive - [id: 0xb6e13b25, L:/127.0.0.1:51714 - R:localhost/127.0.0.1:8083] Subscribing inbound receiver [pending: 0, cancelled:false, inboundDone: false]
15:53:15.852 [reactor-http-nio-41] DEBUG reactor.netty.http.client.HttpClientOperations - [id: 0xb6e13b25, L:/127.0.0.1:51714 - R:localhost/127.0.0.1:8083] Received last HTTP packet
15:53:15.853 [reactor-http-nio-41] DEBUG org.springframework.core.codec.StringDecoder - [2254fd74] Decoded "[{"longitude":-117.922008,"latitude":33.817595,"attractionName":"Disneyland","city":"Anaheim","stat (truncated)...
15:53:15.853 [reactor-http-nio-41] DEBUG reactor.netty.resources.PooledConnectionProvider - [id: 0xb6e13b25, L:/127.0.0.1:51714 - R:localhost/127.0.0.1:8083] onStateChange(GET{uri=/attractions, connection=PooledConnection{channel=[id: 0xb6e13b25, L:/127.0.0.1:51714 - R:localhost/127.0.0.1:8083]}}, [disconnecting])
15:53:15.853 [reactor-http-nio-41] DEBUG reactor.netty.resources.PooledConnectionProvider - [id: 0xb6e13b25, L:/127.0.0.1:51714 - R:localhost/127.0.0.1:8083] Releasing channel
15:53:15.853 [reactor-http-nio-41] DEBUG reactor.netty.resources.PooledConnectionProvider - [id: 0xb6e13b25, L:/127.0.0.1:51714 - R:localhost/127.0.0.1:8083] Channel cleaned, now 275 active connections and 26 inactive connections
15:53:15.854 [reactor-http-nio-41] DEBUG reactor.netty.http.client.HttpClientOperations - [id: 0x91ccb779, L:/127.0.0.1:51713 - R:localhost/127.0.0.1:8083] Received response (auto-read:false) : [Content-Type=application/json, Transfer-Encoding=chunked, Date=Wed, 15 Jun 2022 14:53:14 GMT]
15:53:15.854 [reactor-http-nio-41] DEBUG reactor.netty.resources.PooledConnectionProvider - [id: 0x91ccb779, L:/127.0.0.1:51713 - R:localhost/127.0.0.1:8083] onStateChange(GET{uri=/attractions, connection=PooledConnection{channel=[id: 0x91ccb779, L:/127.0.0.1:51713 - R:localhost/127.0.0.1:8083]}}, [response_received])
15:53:15.855 [reactor-http-nio-41] DEBUG org.springframework.web.reactive.function.client.ExchangeFunctions - [1980624d] Response 200 OK
15:53:15.855 [reactor-http-nio-41] DEBUG reactor.netty.channel.FluxReceive - [id: 0x91ccb779, L:/127.0.0.1:51713 - R:localhost/127.0.0.1:8083] Subscribing inbound receiver [pending: 0, cancelled:false, inboundDone: false]
15:53:15.855 [reactor-http-nio-41] DEBUG reactor.netty.http.client.HttpClientOperations - [id: 0x91ccb779, L:/127.0.0.1:51713 - R:localhost/127.0.0.1:8083] Received last HTTP packet
15:53:15.856 [reactor-http-nio-41] DEBUG org.springframework.core.codec.StringDecoder - [1980624d] Decoded "[{"longitude":-117.922008,"latitude":33.817595,"attractionName":"Disneyland","city":"Anaheim","stat (truncated)...
15:53:15.856 [reactor-http-nio-41] DEBUG reactor.netty.resources.PooledConnectionProvider - [id: 0x91ccb779, L:/127.0.0.1:51713 - R:localhost/127.0.0.1:8083] onStateChange(GET{uri=/attractions, connection=PooledConnection{channel=[id: 0x91ccb779, L:/127.0.0.1:51713 - R:localhost/127.0.0.1:8083]}}, [disconnecting])
15:53:15.856 [reactor-http-nio-41] DEBUG reactor.netty.resources.PooledConnectionProvider - [id: 0x91ccb779, L:/127.0.0.1:51713 - R:localhost/127.0.0.1:8083] Releasing channel
15:53:15.856 [reactor-http-nio-41] DEBUG reactor.netty.resources.PooledConnectionProvider - [id: 0x91ccb779, L:/127.0.0.1:51713 - R:localhost/127.0.0.1:8083] Channel cleaned, now 274 active connections and 27 inactive connections
15:53:15.857 [reactor-http-nio-47] DEBUG reactor.netty.http.client.HttpClientOperations - [id: 0xdce01143, L:/127.0.0.1:51689 - R:localhost/127.0.0.1:8083] Received response (auto-read:false) : [Content-Type=application/json, Transfer-Encoding=chunked, Date=Wed, 15 Jun 2022 14:53:14 GMT]
15:53:15.857 [reactor-http-nio-47] DEBUG reactor.netty.resources.PooledConnectionProvider - [id: 0xdce01143, L:/127.0.0.1:51689 - R:localhost/127.0.0.1:8083] onStateChange(GET{uri=/attractions, connection=PooledConnection{channel=[id: 0xdce01143, L:/127.0.0.1:51689 - R:localhost/127.0.0.1:8083]}}, [response_received])
15:53:15.857 [reactor-http-nio-47] DEBUG org.springframework.web.reactive.function.client.ExchangeFunctions - [7b03d3be] Response 200 OK
15:53:15.857 [reactor-http-nio-47] DEBUG reactor.netty.channel.FluxReceive - [id: 0xdce01143, L:/127.0.0.1:51689 - R:localhost/127.0.0.1:8083] Subscribing inbound receiver [pending: 0, cancelled:false, inboundDone: false]
15:53:15.858 [reactor-http-nio-47] DEBUG reactor.netty.http.client.HttpClientOperations - [id: 0xdce01143, L:/127.0.0.1:51689 - R:localhost/127.0.0.1:8083] Received last HTTP packet
15:53:15.858 [reactor-http-nio-47] DEBUG org.springframework.core.codec.StringDecoder - [7b03d3be] Decoded "[{"longitude":-117.922008,"latitude":33.817595,"attractionName":"Disneyland","city":"Anaheim","stat (truncated)...
15:53:15.858 [reactor-http-nio-47] DEBUG reactor.netty.resources.PooledConnectionProvider - [id: 0xdce01143, L:/127.0.0.1:51689 - R:localhost/127.0.0.1:8083] onStateChange(GET{uri=/attractions, connection=PooledConnection{channel=[id: 0xdce01143, L:/127.0.0.1:51689 - R:localhost/127.0.0.1:8083]}}, [disconnecting])
15:53:15.858 [reactor-http-nio-47] DEBUG reactor.netty.resources.PooledConnectionProvider - [id: 0xdce01143, L:/127.0.0.1:51689 - R:localhost/127.0.0.1:8083] Releasing channel
15:53:15.858 [reactor-http-nio-47] DEBUG reactor.netty.resources.PooledConnectionProvider - [id: 0xdce01143, L:/127.0.0.1:51689 - R:localhost/127.0.0.1:8083] Channel cleaned, now 273 active connections and 28 inactive connections
15:53:15.860 [reactor-http-nio-47] DEBUG reactor.netty.http.client.HttpClientOperations - [id: 0xf30ad839, L:/127.0.0.1:51692 - R:localhost/127.0.0.1:8083] Received response (auto-read:false) : [Content-Type=application/json, Transfer-Encoding=chunked, Date=Wed, 15 Jun 2022 14:53:14 GMT]
15:53:15.860 [reactor-http-nio-47] DEBUG reactor.netty.resources.PooledConnectionProvider - [id: 0xf30ad839, L:/127.0.0.1:51692 - R:localhost/127.0.0.1:8083] onStateChange(GET{uri=/attractions, connection=PooledConnection{channel=[id: 0xf30ad839, L:/127.0.0.1:51692 - R:localhost/127.0.0.1:8083]}}, [response_received])
15:53:15.860 [reactor-http-nio-47] DEBUG org.springframework.web.reactive.function.client.ExchangeFunctions - [1aaf061a] Response 200 OK
15:53:15.860 [reactor-http-nio-47] DEBUG reactor.netty.channel.FluxReceive - [id: 0xf30ad839, L:/127.0.0.1:51692 - R:localhost/127.0.0.1:8083] Subscribing inbound receiver [pending: 0, cancelled:false, inboundDone: false]
15:53:15.861 [reactor-http-nio-47] DEBUG reactor.netty.http.client.HttpClientOperations - [id: 0xf30ad839, L:/127.0.0.1:51692 - R:localhost/127.0.0.1:8083] Received last HTTP packet
15:53:15.861 [reactor-http-nio-47] DEBUG org.springframework.core.codec.StringDecoder - [1aaf061a] Decoded "[{"longitude":-117.922008,"latitude":33.817595,"attractionName":"Disneyland","city":"Anaheim","stat (truncated)...
15:53:15.861 [reactor-http-nio-47] DEBUG reactor.netty.resources.PooledConnectionProvider - [id: 0xf30ad839, L:/127.0.0.1:51692 - R:localhost/127.0.0.1:8083] onStateChange(GET{uri=/attractions, connection=PooledConnection{channel=[id: 0xf30ad839, L:/127.0.0.1:51692 - R:localhost/127.0.0.1:8083]}}, [disconnecting])
15:53:15.861 [reactor-http-nio-47] DEBUG reactor.netty.resources.PooledConnectionProvider - [id: 0xf30ad839, L:/127.0.0.1:51692 - R:localhost/127.0.0.1:8083] Releasing channel
15:53:15.861 [reactor-http-nio-47] DEBUG reactor.netty.resources.PooledConnectionProvider - [id: 0xf30ad839, L:/127.0.0.1:51692 - R:localhost/127.0.0.1:8083] Channel cleaned, now 272 active connections and 29 inactive connections
15:53:15.862 [reactor-http-nio-47] DEBUG reactor.netty.http.client.HttpClientOperations - [id: 0x99bba80d, L:/127.0.0.1:51693 - R:localhost/127.0.0.1:8083] Received response (auto-read:false) : [Content-Type=application/json, Transfer-Encoding=chunked, Date=Wed, 15 Jun 2022 14:53:14 GMT]
15:53:15.862 [reactor-http-nio-47] DEBUG reactor.netty.resources.PooledConnectionProvider - [id: 0x99bba80d, L:/127.0.0.1:51693 - R:localhost/127.0.0.1:8083] onStateChange(GET{uri=/attractions, connection=PooledConnection{channel=[id: 0x99bba80d, L:/127.0.0.1:51693 - R:localhost/127.0.0.1:8083]}}, [response_received])
15:53:15.862 [reactor-http-nio-47] DEBUG org.springframework.web.reactive.function.client.ExchangeFunctions - [48a943b9] Response 200 OK
15:53:15.862 [reactor-http-nio-47] DEBUG reactor.netty.channel.FluxReceive - [id: 0x99bba80d, L:/127.0.0.1:51693 - R:localhost/127.0.0.1:8083] Subscribing inbound receiver [pending: 0, cancelled:false, inboundDone: false]
15:53:15.864 [reactor-http-nio-41] DEBUG reactor.netty.http.client.HttpClientOperations - [id: 0x1649a857, L:/127.0.0.1:51794 - R:localhost/127.0.0.1:8083] Received response (auto-read:false) : [Content-Type=application/json, Transfer-Encoding=chunked, Date=Wed, 15 Jun 2022 14:53:14 GMT]
15:53:15.864 [reactor-http-nio-41] DEBUG reactor.netty.resources.PooledConnectionProvider - [id: 0x1649a857, L:/127.0.0.1:51794 - R:localhost/127.0.0.1:8083] onStateChange(GET{uri=/attractions, connection=PooledConnection{channel=[id: 0x1649a857, L:/127.0.0.1:51794 - R:localhost/127.0.0.1:8083]}}, [response_received])
15:53:15.864 [reactor-http-nio-41] DEBUG org.springframework.web.reactive.function.client.ExchangeFunctions - [2cbaf4d1] Response 200 OK
15:53:15.864 [reactor-http-nio-41] DEBUG reactor.netty.channel.FluxReceive - [id: 0x1649a857, L:/127.0.0.1:51794 - R:localhost/127.0.0.1:8083] Subscribing inbound receiver [pending: 0, cancelled:false, inboundDone: false]
15:53:15.865 [reactor-http-nio-41] DEBUG reactor.netty.http.client.HttpClientOperations - [id: 0x1649a857, L:/127.0.0.1:51794 - R:localhost/127.0.0.1:8083] Received last HTTP packet
15:53:15.865 [reactor-http-nio-41] DEBUG org.springframework.core.codec.StringDecoder - [2cbaf4d1] Decoded "[{"longitude":-117.922008,"latitude":33.817595,"attractionName":"Disneyland","city":"Anaheim","stat (truncated)...
15:53:15.865 [reactor-http-nio-41] DEBUG reactor.netty.resources.PooledConnectionProvider - [id: 0x1649a857, L:/127.0.0.1:51794 - R:localhost/127.0.0.1:8083] onStateChange(GET{uri=/attractions, connection=PooledConnection{channel=[id: 0x1649a857, L:/127.0.0.1:51794 - R:localhost/127.0.0.1:8083]}}, [disconnecting])
15:53:15.865 [reactor-http-nio-41] DEBUG reactor.netty.resources.PooledConnectionProvider - [id: 0x1649a857, L:/127.0.0.1:51794 - R:localhost/127.0.0.1:8083] Releasing channel
15:53:15.865 [reactor-http-nio-47] DEBUG reactor.netty.http.client.HttpClientOperations - [id: 0x98ecb58e, L:/127.0.0.1:51684 - R:localhost/127.0.0.1:8083] Received response (auto-read:false) : [Content-Type=application/json, Transfer-Encoding=chunked, Date=Wed, 15 Jun 2022 14:53:14 GMT]
15:53:15.865 [reactor-http-nio-47] DEBUG reactor.netty.resources.PooledConnectionProvider - [id: 0x98ecb58e, L:/127.0.0.1:51684 - R:localhost/127.0.0.1:8083] onStateChange(GET{uri=/attractions, connection=PooledConnection{channel=[id: 0x98ecb58e, L:/127.0.0.1:51684 - R:localhost/127.0.0.1:8083]}}, [response_received])
15:53:15.865 [reactor-http-nio-41] DEBUG reactor.netty.resources.PooledConnectionProvider - [id: 0x1649a857, L:/127.0.0.1:51794 - R:localhost/127.0.0.1:8083] Channel cleaned, now 271 active connections and 30 inactive connections
15:53:15.865 [reactor-http-nio-47] DEBUG org.springframework.web.reactive.function.client.ExchangeFunctions - [6a30cacb] Response 200 OK
15:53:15.866 [reactor-http-nio-47] DEBUG reactor.netty.channel.FluxReceive - [id: 0x98ecb58e, L:/127.0.0.1:51684 - R:localhost/127.0.0.1:8083] Subscribing inbound receiver [pending: 0, cancelled:false, inboundDone: false]
15:53:15.866 [reactor-http-nio-47] DEBUG reactor.netty.http.client.HttpClientOperations - [id: 0x98ecb58e, L:/127.0.0.1:51684 - R:localhost/127.0.0.1:8083] Received last HTTP packet
15:53:15.866 [reactor-http-nio-47] DEBUG org.springframework.core.codec.StringDecoder - [6a30cacb] Decoded "[{"longitude":-117.922008,"latitude":33.817595,"attractionName":"Disneyland","city":"Anaheim","stat (truncated)...
15:53:15.866 [reactor-http-nio-47] DEBUG reactor.netty.resources.PooledConnectionProvider - [id: 0x98ecb58e, L:/127.0.0.1:51684 - R:localhost/127.0.0.1:8083] onStateChange(GET{uri=/attractions, connection=PooledConnection{channel=[id: 0x98ecb58e, L:/127.0.0.1:51684 - R:localhost/127.0.0.1:8083]}}, [disconnecting])
15:53:15.866 [reactor-http-nio-47] DEBUG reactor.netty.resources.PooledConnectionProvider - [id: 0x98ecb58e, L:/127.0.0.1:51684 - R:localhost/127.0.0.1:8083] Releasing channel
15:53:15.866 [reactor-http-nio-47] DEBUG reactor.netty.resources.PooledConnectionProvider - [id: 0x98ecb58e, L:/127.0.0.1:51684 - R:localhost/127.0.0.1:8083] Channel cleaned, now 270 active connections and 31 inactive connections
15:53:15.869 [reactor-http-nio-47] DEBUG reactor.netty.http.client.HttpClientOperations - [id: 0x26a43d3a, L:/127.0.0.1:51840 - R:localhost/127.0.0.1:8083] Received response (auto-read:false) : [Content-Type=application/json, Transfer-Encoding=chunked, Date=Wed, 15 Jun 2022 14:53:14 GMT]
15:53:15.869 [reactor-http-nio-47] DEBUG reactor.netty.resources.PooledConnectionProvider - [id: 0x26a43d3a, L:/127.0.0.1:51840 - R:localhost/127.0.0.1:8083] onStateChange(GET{uri=/attractions, connection=PooledConnection{channel=[id: 0x26a43d3a, L:/127.0.0.1:51840 - R:localhost/127.0.0.1:8083]}}, [response_received])
15:53:15.869 [reactor-http-nio-47] DEBUG org.springframework.web.reactive.function.client.ExchangeFunctions - [4aa280bd] Response 200 OK
15:53:15.869 [reactor-http-nio-47] DEBUG reactor.netty.channel.FluxReceive - [id: 0x26a43d3a, L:/127.0.0.1:51840 - R:localhost/127.0.0.1:8083] Subscribing inbound receiver [pending: 0, cancelled:false, inboundDone: false]
15:53:15.870 [reactor-http-nio-47] DEBUG reactor.netty.http.client.HttpClientOperations - [id: 0x26a43d3a, L:/127.0.0.1:51840 - R:localhost/127.0.0.1:8083] Received last HTTP packet
15:53:15.870 [reactor-http-nio-47] DEBUG org.springframework.core.codec.StringDecoder - [4aa280bd] Decoded "[{"longitude":-117.922008,"latitude":33.817595,"attractionName":"Disneyland","city":"Anaheim","stat (truncated)...
15:53:15.870 [reactor-http-nio-47] DEBUG reactor.netty.resources.PooledConnectionProvider - [id: 0x26a43d3a, L:/127.0.0.1:51840 - R:localhost/127.0.0.1:8083] onStateChange(GET{uri=/attractions, connection=PooledConnection{channel=[id: 0x26a43d3a, L:/127.0.0.1:51840 - R:localhost/127.0.0.1:8083]}}, [disconnecting])
15:53:15.870 [reactor-http-nio-47] DEBUG reactor.netty.resources.PooledConnectionProvider - [id: 0x26a43d3a, L:/127.0.0.1:51840 - R:localhost/127.0.0.1:8083] Releasing channel
15:53:15.870 [reactor-http-nio-47] DEBUG reactor.netty.resources.PooledConnectionProvider - [id: 0x26a43d3a, L:/127.0.0.1:51840 - R:localhost/127.0.0.1:8083] Channel cleaned, now 269 active connections and 32 inactive connections
15:53:15.871 [reactor-http-nio-47] DEBUG reactor.netty.http.client.HttpClientOperations - [id: 0xc1a60bcc, L:/127.0.0.1:51694 - R:localhost/127.0.0.1:8083] Received response (auto-read:false) : [Content-Type=application/json, Transfer-Encoding=chunked, Date=Wed, 15 Jun 2022 14:53:14 GMT]
15:53:15.871 [reactor-http-nio-47] DEBUG reactor.netty.resources.PooledConnectionProvider - [id: 0xc1a60bcc, L:/127.0.0.1:51694 - R:localhost/127.0.0.1:8083] onStateChange(GET{uri=/attractions, connection=PooledConnection{channel=[id: 0xc1a60bcc, L:/127.0.0.1:51694 - R:localhost/127.0.0.1:8083]}}, [response_received])
15:53:15.871 [reactor-http-nio-47] DEBUG org.springframework.web.reactive.function.client.ExchangeFunctions - [2ce22b5d] Response 200 OK
15:53:15.871 [reactor-http-nio-47] DEBUG reactor.netty.channel.FluxReceive - [id: 0xc1a60bcc, L:/127.0.0.1:51694 - R:localhost/127.0.0.1:8083] Subscribing inbound receiver [pending: 0, cancelled:false, inboundDone: false]
15:53:15.872 [reactor-http-nio-47] DEBUG reactor.netty.http.client.HttpClientOperations - [id: 0x905654b3, L:/127.0.0.1:51889 - R:localhost/127.0.0.1:8083] Received response (auto-read:false) : [Content-Type=application/json, Transfer-Encoding=chunked, Date=Wed, 15 Jun 2022 14:53:14 GMT]
15:53:15.872 [reactor-http-nio-47] DEBUG reactor.netty.resources.PooledConnectionProvider - [id: 0x905654b3, L:/127.0.0.1:51889 - R:localhost/127.0.0.1:8083] onStateChange(GET{uri=/userLocation?userId=e548fae0-2377-4a4f-8b85-2eea590f802d, connection=PooledConnection{channel=[id: 0x905654b3, L:/127.0.0.1:51889 - R:localhost/127.0.0.1:8083]}}, [response_received])
15:53:15.872 [reactor-http-nio-47] DEBUG org.springframework.web.reactive.function.client.ExchangeFunctions - [4209ef5d] Response 200 OK
15:53:15.872 [reactor-http-nio-47] DEBUG reactor.netty.channel.FluxReceive - [id: 0x905654b3, L:/127.0.0.1:51889 - R:localhost/127.0.0.1:8083] Subscribing inbound receiver [pending: 0, cancelled:false, inboundDone: false]
15:53:15.872 [reactor-http-nio-47] DEBUG reactor.netty.http.client.HttpClientOperations - [id: 0x905654b3, L:/127.0.0.1:51889 - R:localhost/127.0.0.1:8083] Received last HTTP packet
15:53:15.872 [reactor-http-nio-47] DEBUG org.springframework.core.codec.StringDecoder - [4209ef5d] Decoded "{"userId":"e548fae0-2377-4a4f-8b85-2eea590f802d","location":{"longitude":-160.720132,"latitude":-80 (truncated)...
15:53:15.872 [reactor-http-nio-47] DEBUG reactor.netty.resources.PooledConnectionProvider - [id: 0x905654b3, L:/127.0.0.1:51889 - R:localhost/127.0.0.1:8083] onStateChange(GET{uri=/userLocation?userId=e548fae0-2377-4a4f-8b85-2eea590f802d, connection=PooledConnection{channel=[id: 0x905654b3, L:/127.0.0.1:51889 - R:localhost/127.0.0.1:8083]}}, [disconnecting])
15:53:15.872 [reactor-http-nio-47] DEBUG reactor.netty.resources.PooledConnectionProvider - [id: 0x905654b3, L:/127.0.0.1:51889 - R:localhost/127.0.0.1:8083] Releasing channel
15:53:15.872 [reactor-http-nio-47] DEBUG reactor.netty.resources.PooledConnectionProvider - [id: 0x905654b3, L:/127.0.0.1:51889 - R:localhost/127.0.0.1:8083] Channel cleaned, now 268 active connections and 33 inactive connections
15:53:15.875 [pool-5-thread-14] INFO tourGuide.service.TourGuideService - visitedLocatio tourGuide.gpsUtil.VisitedLocation@3cb48ab7
15:53:15.875 [pool-5-thread-14] DEBUG org.springframework.web.reactive.function.client.ExchangeFunctions - [78a0a1e0] HTTP GET http://localhost:8083/attractions
15:53:15.877 [reactor-http-nio-41] DEBUG reactor.netty.resources.PooledConnectionProvider - [id: 0xc8430281, L:/127.0.0.1:51729 - R:localhost/127.0.0.1:8083] Channel acquired, now 269 active connections and 32 inactive connections
15:53:15.877 [reactor-http-nio-41] DEBUG reactor.netty.http.client.HttpClientConnect - [id: 0xc8430281, L:/127.0.0.1:51729 - R:localhost/127.0.0.1:8083] Handler is being applied: {uri=http://localhost:8083/attractions, method=GET}
15:53:15.877 [reactor-http-nio-41] DEBUG reactor.netty.resources.PooledConnectionProvider - [id: 0xc8430281, L:/127.0.0.1:51729 - R:localhost/127.0.0.1:8083] onStateChange(GET{uri=/attractions, connection=PooledConnection{channel=[id: 0xc8430281, L:/127.0.0.1:51729 - R:localhost/127.0.0.1:8083]}}, [request_sent])
15:53:15.878 [reactor-http-nio-48] DEBUG reactor.netty.http.client.HttpClientOperations - [id: 0xfb8f1562, L:/127.0.0.1:51968 - R:localhost/127.0.0.1:8083] Received response (auto-read:false) : [Content-Type=application/json, Transfer-Encoding=chunked, Date=Wed, 15 Jun 2022 14:53:14 GMT]
15:53:15.878 [reactor-http-nio-48] DEBUG reactor.netty.resources.PooledConnectionProvider - [id: 0xfb8f1562, L:/127.0.0.1:51968 - R:localhost/127.0.0.1:8083] onStateChange(GET{uri=/userLocation?userId=655a0ea0-29f6-4f84-95ee-34c0ca4e2a80, connection=PooledConnection{channel=[id: 0xfb8f1562, L:/127.0.0.1:51968 - R:localhost/127.0.0.1:8083]}}, [response_received])
15:53:15.878 [reactor-http-nio-48] DEBUG org.springframework.web.reactive.function.client.ExchangeFunctions - [6acec432] Response 200 OK
15:53:15.878 [reactor-http-nio-48] DEBUG reactor.netty.channel.FluxReceive - [id: 0xfb8f1562, L:/127.0.0.1:51968 - R:localhost/127.0.0.1:8083] Subscribing inbound receiver [pending: 0, cancelled:false, inboundDone: false]
15:53:15.879 [reactor-http-nio-48] DEBUG reactor.netty.http.client.HttpClientOperations - [id: 0x03a75d7c, L:/127.0.0.1:51954 - R:localhost/127.0.0.1:8083] Received response (auto-read:false) : [Content-Type=application/json, Transfer-Encoding=chunked, Date=Wed, 15 Jun 2022 14:53:14 GMT]
15:53:15.879 [reactor-http-nio-48] DEBUG reactor.netty.resources.PooledConnectionProvider - [id: 0x03a75d7c, L:/127.0.0.1:51954 - R:localhost/127.0.0.1:8083] onStateChange(GET{uri=/userLocation?userId=8f515823-addd-4298-8819-47ca943bcb79, connection=PooledConnection{channel=[id: 0x03a75d7c, L:/127.0.0.1:51954 - R:localhost/127.0.0.1:8083]}}, [response_received])
15:53:15.879 [reactor-http-nio-48] DEBUG org.springframework.web.reactive.function.client.ExchangeFunctions - [5a1ebbdd] Response 200 OK
15:53:15.879 [reactor-http-nio-47] DEBUG reactor.netty.http.client.HttpClientOperations - [id: 0x4269e003, L:/127.0.0.1:51863 - R:localhost/127.0.0.1:8083] Received response (auto-read:false) : [Content-Type=application/json, Transfer-Encoding=chunked, Date=Wed, 15 Jun 2022 14:53:14 GMT]
15:53:15.879 [reactor-http-nio-47] DEBUG reactor.netty.resources.PooledConnectionProvider - [id: 0x4269e003, L:/127.0.0.1:51863 - R:localhost/127.0.0.1:8083] onStateChange(GET{uri=/userLocation?userId=da8a8b72-b2e4-4962-a9bd-13f356b24b7b, connection=PooledConnection{channel=[id: 0x4269e003, L:/127.0.0.1:51863 - R:localhost/127.0.0.1:8083]}}, [response_received])
15:53:15.879 [reactor-http-nio-47] DEBUG org.springframework.web.reactive.function.client.ExchangeFunctions - [5ecb2e16] Response 200 OK
15:53:15.879 [reactor-http-nio-48] DEBUG reactor.netty.channel.FluxReceive - [id: 0x03a75d7c, L:/127.0.0.1:51954 - R:localhost/127.0.0.1:8083] Subscribing inbound receiver [pending: 0, cancelled:false, inboundDone: false]
15:53:15.879 [reactor-http-nio-47] DEBUG reactor.netty.channel.FluxReceive - [id: 0x4269e003, L:/127.0.0.1:51863 - R:localhost/127.0.0.1:8083] Subscribing inbound receiver [pending: 0, cancelled:false, inboundDone: false]
15:53:15.880 [reactor-http-nio-48] DEBUG reactor.netty.http.client.HttpClientOperations - [id: 0xfb8f1562, L:/127.0.0.1:51968 - R:localhost/127.0.0.1:8083] Received last HTTP packet
15:53:15.880 [reactor-http-nio-48] DEBUG org.springframework.core.codec.StringDecoder - [6acec432] Decoded "{"userId":"655a0ea0-29f6-4f84-95ee-34c0ca4e2a80","location":{"longitude":-163.41333,"latitude":80.0 (truncated)...
15:53:15.880 [reactor-http-nio-48] DEBUG reactor.netty.resources.PooledConnectionProvider - [id: 0xfb8f1562, L:/127.0.0.1:51968 - R:localhost/127.0.0.1:8083] onStateChange(GET{uri=/userLocation?userId=655a0ea0-29f6-4f84-95ee-34c0ca4e2a80, connection=PooledConnection{channel=[id: 0xfb8f1562, L:/127.0.0.1:51968 - R:localhost/127.0.0.1:8083]}}, [disconnecting])
15:53:15.880 [reactor-http-nio-48] DEBUG reactor.netty.resources.PooledConnectionProvider - [id: 0xfb8f1562, L:/127.0.0.1:51968 - R:localhost/127.0.0.1:8083] Releasing channel
15:53:15.880 [reactor-http-nio-48] DEBUG reactor.netty.resources.PooledConnectionProvider - [id: 0xfb8f1562, L:/127.0.0.1:51968 - R:localhost/127.0.0.1:8083] Channel cleaned, now 268 active connections and 33 inactive connections
15:53:15.880 [reactor-http-nio-48] DEBUG reactor.netty.http.client.HttpClientOperations - [id: 0x03a75d7c, L:/127.0.0.1:51954 - R:localhost/127.0.0.1:8083] Received last HTTP packet
15:53:15.880 [reactor-http-nio-48] DEBUG org.springframework.core.codec.StringDecoder - [5a1ebbdd] Decoded "{"userId":"8f515823-addd-4298-8819-47ca943bcb79","location":{"longitude":-73.499467,"latitude":-23. (truncated)...
15:53:15.880 [reactor-http-nio-48] DEBUG reactor.netty.resources.PooledConnectionProvider - [id: 0x03a75d7c, L:/127.0.0.1:51954 - R:localhost/127.0.0.1:8083] onStateChange(GET{uri=/userLocation?userId=8f515823-addd-4298-8819-47ca943bcb79, connection=PooledConnection{channel=[id: 0x03a75d7c, L:/127.0.0.1:51954 - R:localhost/127.0.0.1:8083]}}, [disconnecting])
15:53:15.881 [reactor-http-nio-48] DEBUG reactor.netty.resources.PooledConnectionProvider - [id: 0x03a75d7c, L:/127.0.0.1:51954 - R:localhost/127.0.0.1:8083] Releasing channel
15:53:15.881 [reactor-http-nio-48] DEBUG reactor.netty.resources.PooledConnectionProvider - [id: 0x03a75d7c, L:/127.0.0.1:51954 - R:localhost/127.0.0.1:8083] Channel cleaned, now 267 active connections and 34 inactive connections
15:53:15.883 [pool-5-thread-75] INFO tourGuide.service.TourGuideService - visitedLocatio tourGuide.gpsUtil.VisitedLocation@7f33c1b5
15:53:15.883 [pool-2-thread-42] INFO tourGuide.service.TourGuideService - visitedLocatio tourGuide.gpsUtil.VisitedLocation@7e6a3b04
15:53:15.883 [pool-5-thread-75] DEBUG org.springframework.web.reactive.function.client.ExchangeFunctions - [49acf1d9] HTTP GET http://localhost:8083/attractions
15:53:15.884 [pool-2-thread-42] DEBUG org.springframework.web.reactive.function.client.ExchangeFunctions - [4bdc3146] HTTP GET http://localhost:8083/attractions
15:53:15.885 [reactor-http-nio-47] DEBUG reactor.netty.resources.PooledConnectionProvider - [id: 0x7df89b85, L:/127.0.0.1:51851 - R:localhost/127.0.0.1:8083] Channel acquired, now 268 active connections and 33 inactive connections
15:53:15.885 [reactor-http-nio-47] DEBUG reactor.netty.http.client.HttpClientConnect - [id: 0x7df89b85, L:/127.0.0.1:51851 - R:localhost/127.0.0.1:8083] Handler is being applied: {uri=http://localhost:8083/attractions, method=GET}
15:53:15.885 [reactor-http-nio-41] DEBUG reactor.netty.resources.PooledConnectionProvider - [id: 0x48bd25d1, L:/127.0.0.1:51711 - R:localhost/127.0.0.1:8083] Channel acquired, now 269 active connections and 32 inactive connections
15:53:15.886 [reactor-http-nio-41] DEBUG reactor.netty.http.client.HttpClientConnect - [id: 0x48bd25d1, L:/127.0.0.1:51711 - R:localhost/127.0.0.1:8083] Handler is being applied: {uri=http://localhost:8083/attractions, method=GET}
15:53:15.886 [reactor-http-nio-41] DEBUG reactor.netty.resources.PooledConnectionProvider - [id: 0x48bd25d1, L:/127.0.0.1:51711 - R:localhost/127.0.0.1:8083] onStateChange(GET{uri=/attractions, connection=PooledConnection{channel=[id: 0x48bd25d1, L:/127.0.0.1:51711 - R:localhost/127.0.0.1:8083]}}, [request_sent])
15:53:15.886 [reactor-http-nio-47] DEBUG reactor.netty.resources.PooledConnectionProvider - [id: 0x7df89b85, L:/127.0.0.1:51851 - R:localhost/127.0.0.1:8083] onStateChange(GET{uri=/attractions, connection=PooledConnection{channel=[id: 0x7df89b85, L:/127.0.0.1:51851 - R:localhost/127.0.0.1:8083]}}, [request_sent])
15:53:15.886 [reactor-http-nio-47] DEBUG reactor.netty.http.client.HttpClientOperations - [id: 0x4269e003, L:/127.0.0.1:51863 - R:localhost/127.0.0.1:8083] Received last HTTP packet
15:53:15.887 [reactor-http-nio-48] DEBUG reactor.netty.http.client.HttpClientOperations - [id: 0x2b8a27a7, L:/127.0.0.1:51916 - R:localhost/127.0.0.1:8083] Received response (auto-read:false) : [Content-Type=application/json, Transfer-Encoding=chunked, Date=Wed, 15 Jun 2022 14:53:14 GMT]
15:53:15.887 [reactor-http-nio-48] DEBUG reactor.netty.resources.PooledConnectionProvider - [id: 0x2b8a27a7, L:/127.0.0.1:51916 - R:localhost/127.0.0.1:8083] onStateChange(GET{uri=/userLocation?userId=2323a4e9-0ee2-49dc-bf78-c083ef243bae, connection=PooledConnection{channel=[id: 0x2b8a27a7, L:/127.0.0.1:51916 - R:localhost/127.0.0.1:8083]}}, [response_received])
15:53:15.887 [reactor-http-nio-47] DEBUG org.springframework.core.codec.StringDecoder - [5ecb2e16] Decoded "{"userId":"da8a8b72-b2e4-4962-a9bd-13f356b24b7b","location":{"longitude":95.637935,"latitude":-14.8 (truncated)...
15:53:15.887 [reactor-http-nio-48] DEBUG org.springframework.web.reactive.function.client.ExchangeFunctions - [355578fd] Response 200 OK
15:53:15.887 [reactor-http-nio-47] DEBUG reactor.netty.resources.PooledConnectionProvider - [id: 0x4269e003, L:/127.0.0.1:51863 - R:localhost/127.0.0.1:8083] onStateChange(GET{uri=/userLocation?userId=da8a8b72-b2e4-4962-a9bd-13f356b24b7b, connection=PooledConnection{channel=[id: 0x4269e003, L:/127.0.0.1:51863 - R:localhost/127.0.0.1:8083]}}, [disconnecting])
15:53:15.887 [reactor-http-nio-47] DEBUG reactor.netty.resources.PooledConnectionProvider - [id: 0x4269e003, L:/127.0.0.1:51863 - R:localhost/127.0.0.1:8083] Releasing channel
15:53:15.887 [reactor-http-nio-47] DEBUG reactor.netty.resources.PooledConnectionProvider - [id: 0x4269e003, L:/127.0.0.1:51863 - R:localhost/127.0.0.1:8083] Channel cleaned, now 268 active connections and 33 inactive connections
15:53:15.887 [reactor-http-nio-48] DEBUG reactor.netty.channel.FluxReceive - [id: 0x2b8a27a7, L:/127.0.0.1:51916 - R:localhost/127.0.0.1:8083] Subscribing inbound receiver [pending: 0, cancelled:false, inboundDone: false]
15:53:15.888 [reactor-http-nio-48] DEBUG reactor.netty.http.client.HttpClientOperations - [id: 0x2b8a27a7, L:/127.0.0.1:51916 - R:localhost/127.0.0.1:8083] Received last HTTP packet
15:53:15.888 [reactor-http-nio-48] DEBUG org.springframework.core.codec.StringDecoder - [355578fd] Decoded "{"userId":"2323a4e9-0ee2-49dc-bf78-c083ef243bae","location":{"longitude":-157.136882,"latitude":-38 (truncated)...
15:53:15.888 [reactor-http-nio-48] DEBUG reactor.netty.resources.PooledConnectionProvider - [id: 0x2b8a27a7, L:/127.0.0.1:51916 - R:localhost/127.0.0.1:8083] onStateChange(GET{uri=/userLocation?userId=2323a4e9-0ee2-49dc-bf78-c083ef243bae, connection=PooledConnection{channel=[id: 0x2b8a27a7, L:/127.0.0.1:51916 - R:localhost/127.0.0.1:8083]}}, [disconnecting])
15:53:15.888 [reactor-http-nio-48] DEBUG reactor.netty.resources.PooledConnectionProvider - [id: 0x2b8a27a7, L:/127.0.0.1:51916 - R:localhost/127.0.0.1:8083] Releasing channel
15:53:15.888 [reactor-http-nio-48] DEBUG reactor.netty.resources.PooledConnectionProvider - [id: 0x2b8a27a7, L:/127.0.0.1:51916 - R:localhost/127.0.0.1:8083] Channel cleaned, now 267 active connections and 34 inactive connections
15:53:15.888 [pool-2-thread-173] INFO tourGuide.service.TourGuideService - visitedLocatio tourGuide.gpsUtil.VisitedLocation@19068002
15:53:15.889 [pool-2-thread-173] DEBUG org.springframework.web.reactive.function.client.ExchangeFunctions - [4aa480e7] HTTP GET http://localhost:8083/attractions
15:53:15.890 [pool-2-thread-156] INFO tourGuide.service.TourGuideService - visitedLocatio tourGuide.gpsUtil.VisitedLocation@238e257c
15:53:15.891 [pool-2-thread-156] DEBUG org.springframework.web.reactive.function.client.ExchangeFunctions - [14478d89] HTTP GET http://localhost:8083/attractions
15:53:15.891 [reactor-http-nio-46] DEBUG reactor.netty.resources.PooledConnectionProvider - [id: 0xa4924887, L:/127.0.0.1:51816 - R:localhost/127.0.0.1:8083] Channel acquired, now 268 active connections and 33 inactive connections
15:53:15.891 [reactor-http-nio-46] DEBUG reactor.netty.http.client.HttpClientConnect - [id: 0xa4924887, L:/127.0.0.1:51816 - R:localhost/127.0.0.1:8083] Handler is being applied: {uri=http://localhost:8083/attractions, method=GET}
15:53:15.892 [reactor-http-nio-46] DEBUG reactor.netty.resources.PooledConnectionProvider - [id: 0xa4924887, L:/127.0.0.1:51816 - R:localhost/127.0.0.1:8083] onStateChange(GET{uri=/attractions, connection=PooledConnection{channel=[id: 0xa4924887, L:/127.0.0.1:51816 - R:localhost/127.0.0.1:8083]}}, [request_sent])
15:53:15.893 [reactor-http-nio-41] DEBUG reactor.netty.http.client.HttpClientOperations - [id: 0x03dc54cb, L:/127.0.0.1:51901 - R:localhost/127.0.0.1:8083] Received response (auto-read:false) : [Content-Type=application/json, Transfer-Encoding=chunked, Date=Wed, 15 Jun 2022 14:53:14 GMT]
15:53:15.893 [reactor-http-nio-41] DEBUG reactor.netty.resources.PooledConnectionProvider - [id: 0x03dc54cb, L:/127.0.0.1:51901 - R:localhost/127.0.0.1:8083] onStateChange(GET{uri=/userLocation?userId=bf2bd711-88de-40fc-afaa-fcbbc0855fff, connection=PooledConnection{channel=[id: 0x03dc54cb, L:/127.0.0.1:51901 - R:localhost/127.0.0.1:8083]}}, [response_received])
15:53:15.893 [reactor-http-nio-48] DEBUG reactor.netty.http.client.HttpClientOperations - [id: 0xa530ca4b, L:/127.0.0.1:51886 - R:localhost/127.0.0.1:8083] Received response (auto-read:false) : [Content-Type=application/json, Transfer-Encoding=chunked, Date=Wed, 15 Jun 2022 14:53:14 GMT]
15:53:15.893 [reactor-http-nio-41] DEBUG org.springframework.web.reactive.function.client.ExchangeFunctions - [e1fbac7] Response 200 OK
15:53:15.893 [reactor-http-nio-48] DEBUG reactor.netty.resources.PooledConnectionProvider - [id: 0xa530ca4b, L:/127.0.0.1:51886 - R:localhost/127.0.0.1:8083] onStateChange(GET{uri=/userLocation?userId=ceb971f2-27df-45c9-9720-e816c3531753, connection=PooledConnection{channel=[id: 0xa530ca4b, L:/127.0.0.1:51886 - R:localhost/127.0.0.1:8083]}}, [response_received])
15:53:15.893 [reactor-http-nio-48] DEBUG org.springframework.web.reactive.function.client.ExchangeFunctions - [7cbe2605] Response 200 OK
15:53:15.893 [reactor-http-nio-48] DEBUG reactor.netty.channel.FluxReceive - [id: 0xa530ca4b, L:/127.0.0.1:51886 - R:localhost/127.0.0.1:8083] Subscribing inbound receiver [pending: 0, cancelled:false, inboundDone: false]
15:53:15.893 [reactor-http-nio-41] DEBUG reactor.netty.channel.FluxReceive - [id: 0x03dc54cb, L:/127.0.0.1:51901 - R:localhost/127.0.0.1:8083] Subscribing inbound receiver [pending: 0, cancelled:false, inboundDone: false]
15:53:15.893 [reactor-http-nio-41] DEBUG reactor.netty.http.client.HttpClientOperations - [id: 0x03dc54cb, L:/127.0.0.1:51901 - R:localhost/127.0.0.1:8083] Received last HTTP packet
15:53:15.894 [reactor-http-nio-41] DEBUG org.springframework.core.codec.StringDecoder - [e1fbac7] Decoded "{"userId":"bf2bd711-88de-40fc-afaa-fcbbc0855fff","location":{"longitude":160.576786,"latitude":-35. (truncated)...
15:53:15.895 [pool-2-thread-25] INFO tourGuide.service.TourGuideService - visitedLocatio tourGuide.gpsUtil.VisitedLocation@49722332
15:53:15.895 [pool-2-thread-25] DEBUG org.springframework.web.reactive.function.client.ExchangeFunctions - [e41c4e0] HTTP GET http://localhost:8083/attractions
15:53:15.895 [reactor-http-nio-41] DEBUG reactor.netty.resources.PooledConnectionProvider - [id: 0x03dc54cb, L:/127.0.0.1:51901 - R:localhost/127.0.0.1:8083] onStateChange(GET{uri=/userLocation?userId=bf2bd711-88de-40fc-afaa-fcbbc0855fff, connection=PooledConnection{channel=[id: 0x03dc54cb, L:/127.0.0.1:51901 - R:localhost/127.0.0.1:8083]}}, [disconnecting])
15:53:15.895 [reactor-http-nio-41] DEBUG reactor.netty.resources.PooledConnectionProvider - [id: 0x03dc54cb, L:/127.0.0.1:51901 - R:localhost/127.0.0.1:8083] Releasing channel
15:53:15.895 [reactor-http-nio-41] DEBUG reactor.netty.resources.PooledConnectionProvider - [id: 0x03dc54cb, L:/127.0.0.1:51901 - R:localhost/127.0.0.1:8083] Channel cleaned, now 267 active connections and 34 inactive connections
15:53:15.896 [reactor-http-nio-46] DEBUG reactor.netty.resources.PooledConnectionProvider - [id: 0x57e92495, L:/127.0.0.1:51779 - R:localhost/127.0.0.1:8083] Channel acquired, now 268 active connections and 33 inactive connections
15:53:15.896 [reactor-http-nio-46] DEBUG reactor.netty.http.client.HttpClientConnect - [id: 0x57e92495, L:/127.0.0.1:51779 - R:localhost/127.0.0.1:8083] Handler is being applied: {uri=http://localhost:8083/attractions, method=GET}
15:53:15.897 [reactor-http-nio-46] DEBUG reactor.netty.resources.PooledConnectionProvider - [id: 0x57e92495, L:/127.0.0.1:51779 - R:localhost/127.0.0.1:8083] onStateChange(GET{uri=/attractions, connection=PooledConnection{channel=[id: 0x57e92495, L:/127.0.0.1:51779 - R:localhost/127.0.0.1:8083]}}, [request_sent])
15:53:15.898 [reactor-http-nio-41] DEBUG reactor.netty.resources.PooledConnectionProvider - [id: 0x63f027f7, L:/127.0.0.1:51721 - R:localhost/127.0.0.1:8083] Channel acquired, now 269 active connections and 32 inactive connections
15:53:15.899 [reactor-http-nio-41] DEBUG reactor.netty.http.client.HttpClientConnect - [id: 0x63f027f7, L:/127.0.0.1:51721 - R:localhost/127.0.0.1:8083] Handler is being applied: {uri=http://localhost:8083/attractions, method=GET}
15:53:15.899 [reactor-http-nio-41] DEBUG reactor.netty.resources.PooledConnectionProvider - [id: 0x63f027f7, L:/127.0.0.1:51721 - R:localhost/127.0.0.1:8083] onStateChange(GET{uri=/attractions, connection=PooledConnection{channel=[id: 0x63f027f7, L:/127.0.0.1:51721 - R:localhost/127.0.0.1:8083]}}, [request_sent])
15:53:15.901 [reactor-http-nio-48] DEBUG reactor.netty.http.client.HttpClientOperations - [id: 0xa530ca4b, L:/127.0.0.1:51886 - R:localhost/127.0.0.1:8083] Received last HTTP packet
15:53:15.901 [reactor-http-nio-48] DEBUG org.springframework.core.codec.StringDecoder - [7cbe2605] Decoded "{"userId":"ceb971f2-27df-45c9-9720-e816c3531753","location":{"longitude":58.204147,"latitude":76.28 (truncated)...
15:53:15.901 [reactor-http-nio-48] DEBUG reactor.netty.resources.PooledConnectionProvider - [id: 0xa530ca4b, L:/127.0.0.1:51886 - R:localhost/127.0.0.1:8083] onStateChange(GET{uri=/userLocation?userId=ceb971f2-27df-45c9-9720-e816c3531753, connection=PooledConnection{channel=[id: 0xa530ca4b, L:/127.0.0.1:51886 - R:localhost/127.0.0.1:8083]}}, [disconnecting])
15:53:15.901 [reactor-http-nio-48] DEBUG reactor.netty.resources.PooledConnectionProvider - [id: 0xa530ca4b, L:/127.0.0.1:51886 - R:localhost/127.0.0.1:8083] Releasing channel
15:53:15.901 [reactor-http-nio-48] DEBUG reactor.netty.resources.PooledConnectionProvider - [id: 0xa530ca4b, L:/127.0.0.1:51886 - R:localhost/127.0.0.1:8083] Channel cleaned, now 268 active connections and 33 inactive connections
15:53:15.902 [pool-5-thread-55] INFO tourGuide.service.TourGuideService - visitedLocatio tourGuide.gpsUtil.VisitedLocation@599348b9
15:53:15.903 [pool-5-thread-55] DEBUG org.springframework.web.reactive.function.client.ExchangeFunctions - [f52343a] HTTP GET http://localhost:8083/attractions
15:53:15.903 [reactor-http-nio-47] DEBUG reactor.netty.resources.PooledConnectionProvider - [id: 0x94ed7f01, L:/127.0.0.1:51699 - R:localhost/127.0.0.1:8083] Channel acquired, now 269 active connections and 32 inactive connections
15:53:15.904 [reactor-http-nio-47] DEBUG reactor.netty.http.client.HttpClientConnect - [id: 0x94ed7f01, L:/127.0.0.1:51699 - R:localhost/127.0.0.1:8083] Handler is being applied: {uri=http://localhost:8083/attractions, method=GET}
15:53:15.904 [reactor-http-nio-47] DEBUG reactor.netty.resources.PooledConnectionProvider - [id: 0x94ed7f01, L:/127.0.0.1:51699 - R:localhost/127.0.0.1:8083] onStateChange(GET{uri=/attractions, connection=PooledConnection{channel=[id: 0x94ed7f01, L:/127.0.0.1:51699 - R:localhost/127.0.0.1:8083]}}, [request_sent])
15:53:15.915 [reactor-http-nio-48] DEBUG reactor.netty.http.client.HttpClientOperations - [id: 0x1af880b0, L:/127.0.0.1:51943 - R:localhost/127.0.0.1:8083] Received response (auto-read:false) : [Content-Type=application/json, Transfer-Encoding=chunked, Date=Wed, 15 Jun 2022 14:53:15 GMT]
15:53:15.915 [reactor-http-nio-48] DEBUG reactor.netty.resources.PooledConnectionProvider - [id: 0x1af880b0, L:/127.0.0.1:51943 - R:localhost/127.0.0.1:8083] onStateChange(GET{uri=/userLocation?userId=80da2ec1-9d32-4b92-9483-5dfe3689c638, connection=PooledConnection{channel=[id: 0x1af880b0, L:/127.0.0.1:51943 - R:localhost/127.0.0.1:8083]}}, [response_received])
15:53:15.915 [reactor-http-nio-48] DEBUG org.springframework.web.reactive.function.client.ExchangeFunctions - [4511af8d] Response 200 OK
15:53:15.915 [reactor-http-nio-48] DEBUG reactor.netty.channel.FluxReceive - [id: 0x1af880b0, L:/127.0.0.1:51943 - R:localhost/127.0.0.1:8083] Subscribing inbound receiver [pending: 0, cancelled:false, inboundDone: false]
15:53:15.917 [reactor-http-nio-48] DEBUG reactor.netty.http.client.HttpClientOperations - [id: 0x19564f56, L:/127.0.0.1:51880 - R:localhost/127.0.0.1:8083] Received response (auto-read:false) : [Content-Type=application/json, Transfer-Encoding=chunked, Date=Wed, 15 Jun 2022 14:53:14 GMT]
15:53:15.917 [reactor-http-nio-48] DEBUG reactor.netty.resources.PooledConnectionProvider - [id: 0x19564f56, L:/127.0.0.1:51880 - R:localhost/127.0.0.1:8083] onStateChange(GET{uri=/userLocation?userId=5ac27d62-a2b4-465e-9116-cf4841c94f2b, connection=PooledConnection{channel=[id: 0x19564f56, L:/127.0.0.1:51880 - R:localhost/127.0.0.1:8083]}}, [response_received])
15:53:15.917 [reactor-http-nio-48] DEBUG org.springframework.web.reactive.function.client.ExchangeFunctions - [3052b272] Response 200 OK
15:53:15.917 [reactor-http-nio-48] DEBUG reactor.netty.channel.FluxReceive - [id: 0x19564f56, L:/127.0.0.1:51880 - R:localhost/127.0.0.1:8083] Subscribing inbound receiver [pending: 0, cancelled:false, inboundDone: false]
15:53:15.918 [reactor-http-nio-48] DEBUG reactor.netty.http.client.HttpClientOperations - [id: 0x19564f56, L:/127.0.0.1:51880 - R:localhost/127.0.0.1:8083] Received last HTTP packet
15:53:15.919 [reactor-http-nio-48] DEBUG org.springframework.core.codec.StringDecoder - [3052b272] Decoded "{"userId":"5ac27d62-a2b4-465e-9116-cf4841c94f2b","location":{"longitude":-91.214033,"latitude":-55. (truncated)...
15:53:15.919 [reactor-http-nio-48] DEBUG reactor.netty.resources.PooledConnectionProvider - [id: 0x19564f56, L:/127.0.0.1:51880 - R:localhost/127.0.0.1:8083] onStateChange(GET{uri=/userLocation?userId=5ac27d62-a2b4-465e-9116-cf4841c94f2b, connection=PooledConnection{channel=[id: 0x19564f56, L:/127.0.0.1:51880 - R:localhost/127.0.0.1:8083]}}, [disconnecting])
15:53:15.919 [reactor-http-nio-48] DEBUG reactor.netty.resources.PooledConnectionProvider - [id: 0x19564f56, L:/127.0.0.1:51880 - R:localhost/127.0.0.1:8083] Releasing channel
15:53:15.919 [reactor-http-nio-48] DEBUG reactor.netty.resources.PooledConnectionProvider - [id: 0x19564f56, L:/127.0.0.1:51880 - R:localhost/127.0.0.1:8083] Channel cleaned, now 268 active connections and 33 inactive connections
15:53:15.920 [pool-5-thread-15] INFO tourGuide.service.TourGuideService - visitedLocatio tourGuide.gpsUtil.VisitedLocation@4e9de8cd
15:53:15.921 [pool-5-thread-15] DEBUG org.springframework.web.reactive.function.client.ExchangeFunctions - [22935ad5] HTTP GET http://localhost:8083/attractions
15:53:15.921 [reactor-http-nio-47] DEBUG reactor.netty.http.client.HttpClientOperations - [id: 0xa74b43bb, L:/127.0.0.1:51860 - R:localhost/127.0.0.1:8083] Received response (auto-read:false) : [Content-Type=application/json, Transfer-Encoding=chunked, Date=Wed, 15 Jun 2022 14:53:14 GMT]
15:53:15.921 [reactor-http-nio-47] DEBUG reactor.netty.resources.PooledConnectionProvider - [id: 0xa74b43bb, L:/127.0.0.1:51860 - R:localhost/127.0.0.1:8083] onStateChange(GET{uri=/userLocation?userId=fd80722c-e7de-4145-8bc7-543b11bae293, connection=PooledConnection{channel=[id: 0xa74b43bb, L:/127.0.0.1:51860 - R:localhost/127.0.0.1:8083]}}, [response_received])
15:53:15.921 [reactor-http-nio-47] DEBUG org.springframework.web.reactive.function.client.ExchangeFunctions - [72dd4d79] Response 200 OK
15:53:15.921 [reactor-http-nio-47] DEBUG reactor.netty.channel.FluxReceive - [id: 0xa74b43bb, L:/127.0.0.1:51860 - R:localhost/127.0.0.1:8083] Subscribing inbound receiver [pending: 0, cancelled:false, inboundDone: false]
15:53:15.942 [reactor-http-nio-41] DEBUG reactor.netty.http.client.HttpClientOperations - [id: 0x710e34a5, L:/127.0.0.1:51709 - R:localhost/127.0.0.1:8083] Received response (auto-read:false) : [Content-Type=application/json, Transfer-Encoding=chunked, Date=Wed, 15 Jun 2022 14:53:15 GMT]
15:53:15.942 [reactor-http-nio-41] DEBUG reactor.netty.resources.PooledConnectionProvider - [id: 0x710e34a5, L:/127.0.0.1:51709 - R:localhost/127.0.0.1:8083] onStateChange(GET{uri=/attractions, connection=PooledConnection{channel=[id: 0x710e34a5, L:/127.0.0.1:51709 - R:localhost/127.0.0.1:8083]}}, [response_received])
15:53:15.943 [reactor-http-nio-41] DEBUG org.springframework.web.reactive.function.client.ExchangeFunctions - [2c595da7] Response 200 OK
15:53:15.943 [reactor-http-nio-41] DEBUG reactor.netty.channel.FluxReceive - [id: 0x710e34a5, L:/127.0.0.1:51709 - R:localhost/127.0.0.1:8083] Subscribing inbound receiver [pending: 0, cancelled:false, inboundDone: false]
15:53:15.944 [reactor-http-nio-46] DEBUG reactor.netty.http.client.HttpClientOperations - [id: 0xdb79907c, L:/127.0.0.1:51947 - R:localhost/127.0.0.1:8083] Received response (auto-read:false) : [Content-Type=application/json, Transfer-Encoding=chunked, Date=Wed, 15 Jun 2022 14:53:15 GMT]
15:53:15.944 [reactor-http-nio-46] DEBUG reactor.netty.resources.PooledConnectionProvider - [id: 0xdb79907c, L:/127.0.0.1:51947 - R:localhost/127.0.0.1:8083] onStateChange(GET{uri=/userLocation?userId=3a128795-52ee-44f2-8988-44f054b718ac, connection=PooledConnection{channel=[id: 0xdb79907c, L:/127.0.0.1:51947 - R:localhost/127.0.0.1:8083]}}, [response_received])
15:53:15.944 [reactor-http-nio-46] DEBUG org.springframework.web.reactive.function.client.ExchangeFunctions - [b07845c] Response 200 OK
15:53:15.944 [reactor-http-nio-46] DEBUG reactor.netty.channel.FluxReceive - [id: 0xdb79907c, L:/127.0.0.1:51947 - R:localhost/127.0.0.1:8083] Subscribing inbound receiver [pending: 0, cancelled:false, inboundDone: false]
15:53:15.945 [reactor-http-nio-46] DEBUG reactor.netty.http.client.HttpClientOperations - [id: 0xdb79907c, L:/127.0.0.1:51947 - R:localhost/127.0.0.1:8083] Received last HTTP packet
15:53:15.945 [reactor-http-nio-46] DEBUG org.springframework.core.codec.StringDecoder - [b07845c] Decoded "{"userId":"3a128795-52ee-44f2-8988-44f054b718ac","location":{"longitude":-92.906575,"latitude":-66. (truncated)...
15:53:15.945 [reactor-http-nio-46] DEBUG reactor.netty.resources.PooledConnectionProvider - [id: 0xdb79907c, L:/127.0.0.1:51947 - R:localhost/127.0.0.1:8083] onStateChange(GET{uri=/userLocation?userId=3a128795-52ee-44f2-8988-44f054b718ac, connection=PooledConnection{channel=[id: 0xdb79907c, L:/127.0.0.1:51947 - R:localhost/127.0.0.1:8083]}}, [disconnecting])
15:53:15.945 [reactor-http-nio-46] DEBUG reactor.netty.resources.PooledConnectionProvider - [id: 0xdb79907c, L:/127.0.0.1:51947 - R:localhost/127.0.0.1:8083] Releasing channel
15:53:15.945 [reactor-http-nio-46] DEBUG reactor.netty.resources.PooledConnectionProvider - [id: 0xdb79907c, L:/127.0.0.1:51947 - R:localhost/127.0.0.1:8083] Channel cleaned, now 267 active connections and 34 inactive connections
15:53:15.945 [reactor-http-nio-46] DEBUG reactor.netty.http.client.HttpClientOperations - [id: 0x07e2665a, L:/127.0.0.1:51934 - R:localhost/127.0.0.1:8083] Received response (auto-read:false) : [Content-Type=application/json, Transfer-Encoding=chunked, Date=Wed, 15 Jun 2022 14:53:15 GMT]
15:53:15.945 [reactor-http-nio-46] DEBUG reactor.netty.resources.PooledConnectionProvider - [id: 0x07e2665a, L:/127.0.0.1:51934 - R:localhost/127.0.0.1:8083] onStateChange(GET{uri=/userLocation?userId=1c0ebf7b-e2b5-408e-8731-e783710992f5, connection=PooledConnection{channel=[id: 0x07e2665a, L:/127.0.0.1:51934 - R:localhost/127.0.0.1:8083]}}, [response_received])
15:53:15.945 [reactor-http-nio-46] DEBUG org.springframework.web.reactive.function.client.ExchangeFunctions - [54399300] Response 200 OK
15:53:15.946 [reactor-http-nio-46] DEBUG reactor.netty.channel.FluxReceive - [id: 0x07e2665a, L:/127.0.0.1:51934 - R:localhost/127.0.0.1:8083] Subscribing inbound receiver [pending: 0, cancelled:false, inboundDone: false]
15:53:15.946 [reactor-http-nio-46] DEBUG reactor.netty.http.client.HttpClientOperations - [id: 0x07e2665a, L:/127.0.0.1:51934 - R:localhost/127.0.0.1:8083] Received last HTTP packet
15:53:15.946 [reactor-http-nio-46] DEBUG org.springframework.core.codec.StringDecoder - [54399300] Decoded "{"userId":"1c0ebf7b-e2b5-408e-8731-e783710992f5","location":{"longitude":60.440607,"latitude":-5.88 (truncated)...
15:53:15.946 [reactor-http-nio-46] DEBUG reactor.netty.resources.PooledConnectionProvider - [id: 0x07e2665a, L:/127.0.0.1:51934 - R:localhost/127.0.0.1:8083] onStateChange(GET{uri=/userLocation?userId=1c0ebf7b-e2b5-408e-8731-e783710992f5, connection=PooledConnection{channel=[id: 0x07e2665a, L:/127.0.0.1:51934 - R:localhost/127.0.0.1:8083]}}, [disconnecting])
15:53:15.946 [reactor-http-nio-46] DEBUG reactor.netty.resources.PooledConnectionProvider - [id: 0x07e2665a, L:/127.0.0.1:51934 - R:localhost/127.0.0.1:8083] Releasing channel
15:53:15.946 [reactor-http-nio-46] DEBUG reactor.netty.resources.PooledConnectionProvider - [id: 0x07e2665a, L:/127.0.0.1:51934 - R:localhost/127.0.0.1:8083] Channel cleaned, now 266 active connections and 35 inactive connections
15:53:15.946 [reactor-http-nio-41] DEBUG reactor.netty.http.client.HttpClientOperations - [id: 0x710e34a5, L:/127.0.0.1:51709 - R:localhost/127.0.0.1:8083] Received last HTTP packet
15:53:15.946 [reactor-http-nio-46] DEBUG reactor.netty.http.client.HttpClientOperations - [id: 0x0ca67bea, L:/127.0.0.1:51939 - R:localhost/127.0.0.1:8083] Received response (auto-read:false) : [Content-Type=application/json, Transfer-Encoding=chunked, Date=Wed, 15 Jun 2022 14:53:15 GMT]
15:53:15.946 [reactor-http-nio-41] DEBUG org.springframework.core.codec.StringDecoder - [2c595da7] Decoded "[{"longitude":-117.922008,"latitude":33.817595,"attractionName":"Disneyland","city":"Anaheim","stat (truncated)...
15:53:15.946 [reactor-http-nio-46] DEBUG reactor.netty.resources.PooledConnectionProvider - [id: 0x0ca67bea, L:/127.0.0.1:51939 - R:localhost/127.0.0.1:8083] onStateChange(GET{uri=/userLocation?userId=1d15b43e-ce9f-45f4-b030-1a3333c336cb, connection=PooledConnection{channel=[id: 0x0ca67bea, L:/127.0.0.1:51939 - R:localhost/127.0.0.1:8083]}}, [response_received])
15:53:15.946 [reactor-http-nio-41] DEBUG reactor.netty.resources.PooledConnectionProvider - [id: 0x710e34a5, L:/127.0.0.1:51709 - R:localhost/127.0.0.1:8083] onStateChange(GET{uri=/attractions, connection=PooledConnection{channel=[id: 0x710e34a5, L:/127.0.0.1:51709 - R:localhost/127.0.0.1:8083]}}, [disconnecting])
15:53:15.947 [reactor-http-nio-41] DEBUG reactor.netty.resources.PooledConnectionProvider - [id: 0x710e34a5, L:/127.0.0.1:51709 - R:localhost/127.0.0.1:8083] Releasing channel
15:53:15.947 [reactor-http-nio-46] DEBUG org.springframework.web.reactive.function.client.ExchangeFunctions - [7fcd293b] Response 200 OK
15:53:15.947 [reactor-http-nio-41] DEBUG reactor.netty.resources.PooledConnectionProvider - [id: 0x710e34a5, L:/127.0.0.1:51709 - R:localhost/127.0.0.1:8083] Channel cleaned, now 265 active connections and 36 inactive connections
15:53:15.947 [reactor-http-nio-46] DEBUG reactor.netty.channel.FluxReceive - [id: 0x0ca67bea, L:/127.0.0.1:51939 - R:localhost/127.0.0.1:8083] Subscribing inbound receiver [pending: 0, cancelled:false, inboundDone: false]
15:53:15.947 [reactor-http-nio-41] DEBUG reactor.netty.http.client.HttpClientOperations - [id: 0x866e01db, L:/127.0.0.1:51707 - R:localhost/127.0.0.1:8083] Received response (auto-read:false) : [Content-Type=application/json, Transfer-Encoding=chunked, Date=Wed, 15 Jun 2022 14:53:15 GMT]
15:53:15.947 [reactor-http-nio-41] DEBUG reactor.netty.resources.PooledConnectionProvider - [id: 0x866e01db, L:/127.0.0.1:51707 - R:localhost/127.0.0.1:8083] onStateChange(GET{uri=/attractions, connection=PooledConnection{channel=[id: 0x866e01db, L:/127.0.0.1:51707 - R:localhost/127.0.0.1:8083]}}, [response_received])
15:53:15.947 [reactor-http-nio-46] DEBUG reactor.netty.http.client.HttpClientOperations - [id: 0x0ca67bea, L:/127.0.0.1:51939 - R:localhost/127.0.0.1:8083] Received last HTTP packet
15:53:15.947 [reactor-http-nio-41] DEBUG org.springframework.web.reactive.function.client.ExchangeFunctions - [631a8105] Response 200 OK
15:53:15.947 [reactor-http-nio-46] DEBUG org.springframework.core.codec.StringDecoder - [7fcd293b] Decoded "{"userId":"1d15b43e-ce9f-45f4-b030-1a3333c336cb","location":{"longitude":-111.105863,"latitude":55. (truncated)...
15:53:15.947 [reactor-http-nio-46] DEBUG reactor.netty.resources.PooledConnectionProvider - [id: 0x0ca67bea, L:/127.0.0.1:51939 - R:localhost/127.0.0.1:8083] onStateChange(GET{uri=/userLocation?userId=1d15b43e-ce9f-45f4-b030-1a3333c336cb, connection=PooledConnection{channel=[id: 0x0ca67bea, L:/127.0.0.1:51939 - R:localhost/127.0.0.1:8083]}}, [disconnecting])
15:53:15.947 [reactor-http-nio-46] DEBUG reactor.netty.resources.PooledConnectionProvider - [id: 0x0ca67bea, L:/127.0.0.1:51939 - R:localhost/127.0.0.1:8083] Releasing channel
15:53:15.947 [reactor-http-nio-46] DEBUG reactor.netty.resources.PooledConnectionProvider - [id: 0x0ca67bea, L:/127.0.0.1:51939 - R:localhost/127.0.0.1:8083] Channel cleaned, now 264 active connections and 37 inactive connections
15:53:15.947 [reactor-http-nio-41] DEBUG reactor.netty.channel.FluxReceive - [id: 0x866e01db, L:/127.0.0.1:51707 - R:localhost/127.0.0.1:8083] Subscribing inbound receiver [pending: 0, cancelled:false, inboundDone: false]
15:53:15.948 [reactor-http-nio-41] DEBUG reactor.netty.http.client.HttpClientOperations - [id: 0x866e01db, L:/127.0.0.1:51707 - R:localhost/127.0.0.1:8083] Received last HTTP packet
15:53:15.948 [reactor-http-nio-41] DEBUG org.springframework.core.codec.StringDecoder - [631a8105] Decoded "[{"longitude":-117.922008,"latitude":33.817595,"attractionName":"Disneyland","city":"Anaheim","stat (truncated)...
15:53:15.948 [reactor-http-nio-41] DEBUG reactor.netty.resources.PooledConnectionProvider - [id: 0x866e01db, L:/127.0.0.1:51707 - R:localhost/127.0.0.1:8083] onStateChange(GET{uri=/attractions, connection=PooledConnection{channel=[id: 0x866e01db, L:/127.0.0.1:51707 - R:localhost/127.0.0.1:8083]}}, [disconnecting])
15:53:15.948 [reactor-http-nio-41] DEBUG reactor.netty.resources.PooledConnectionProvider - [id: 0x866e01db, L:/127.0.0.1:51707 - R:localhost/127.0.0.1:8083] Releasing channel
15:53:15.948 [reactor-http-nio-41] DEBUG reactor.netty.resources.PooledConnectionProvider - [id: 0x866e01db, L:/127.0.0.1:51707 - R:localhost/127.0.0.1:8083] Channel cleaned, now 263 active connections and 38 inactive connections
15:53:15.948 [reactor-http-nio-41] DEBUG reactor.netty.http.client.HttpClientOperations - [id: 0x6573a2f1, L:/127.0.0.1:51712 - R:localhost/127.0.0.1:8083] Received last HTTP packet
15:53:15.948 [reactor-http-nio-41] DEBUG org.springframework.core.codec.StringDecoder - [2be8f473] Decoded "[{"longitude":-117.922008,"latitude":33.817595,"attractionName":"Disneyland","city":"Anaheim","stat (truncated)...
15:53:15.948 [reactor-http-nio-41] DEBUG reactor.netty.resources.PooledConnectionProvider - [id: 0x6573a2f1, L:/127.0.0.1:51712 - R:localhost/127.0.0.1:8083] onStateChange(GET{uri=/attractions, connection=PooledConnection{channel=[id: 0x6573a2f1, L:/127.0.0.1:51712 - R:localhost/127.0.0.1:8083]}}, [disconnecting])
15:53:15.948 [reactor-http-nio-41] DEBUG reactor.netty.resources.PooledConnectionProvider - [id: 0x6573a2f1, L:/127.0.0.1:51712 - R:localhost/127.0.0.1:8083] Releasing channel
15:53:15.948 [reactor-http-nio-41] DEBUG reactor.netty.resources.PooledConnectionProvider - [id: 0x6573a2f1, L:/127.0.0.1:51712 - R:localhost/127.0.0.1:8083] Channel cleaned, now 262 active connections and 39 inactive connections
15:53:15.949 [reactor-http-nio-41] DEBUG reactor.netty.http.client.HttpClientOperations - [id: 0x58b3b7bf, L:/127.0.0.1:51717 - R:localhost/127.0.0.1:8083] Received response (auto-read:false) : [Content-Type=application/json, Transfer-Encoding=chunked, Date=Wed, 15 Jun 2022 14:53:15 GMT]
15:53:15.949 [reactor-http-nio-41] DEBUG reactor.netty.resources.PooledConnectionProvider - [id: 0x58b3b7bf, L:/127.0.0.1:51717 - R:localhost/127.0.0.1:8083] onStateChange(GET{uri=/attractions, connection=PooledConnection{channel=[id: 0x58b3b7bf, L:/127.0.0.1:51717 - R:localhost/127.0.0.1:8083]}}, [response_received])
15:53:15.949 [reactor-http-nio-41] DEBUG org.springframework.web.reactive.function.client.ExchangeFunctions - [60c610e8] Response 200 OK
15:53:15.949 [reactor-http-nio-41] DEBUG reactor.netty.channel.FluxReceive - [id: 0x58b3b7bf, L:/127.0.0.1:51717 - R:localhost/127.0.0.1:8083] Subscribing inbound receiver [pending: 0, cancelled:false, inboundDone: false]
15:53:15.949 [reactor-http-nio-41] DEBUG reactor.netty.http.client.HttpClientOperations - [id: 0x58b3b7bf, L:/127.0.0.1:51717 - R:localhost/127.0.0.1:8083] Received last HTTP packet
15:53:15.949 [reactor-http-nio-41] DEBUG org.springframework.core.codec.StringDecoder - [60c610e8] Decoded "[{"longitude":-117.922008,"latitude":33.817595,"attractionName":"Disneyland","city":"Anaheim","stat (truncated)...
15:53:15.950 [reactor-http-nio-41] DEBUG reactor.netty.resources.PooledConnectionProvider - [id: 0x58b3b7bf, L:/127.0.0.1:51717 - R:localhost/127.0.0.1:8083] onStateChange(GET{uri=/attractions, connection=PooledConnection{channel=[id: 0x58b3b7bf, L:/127.0.0.1:51717 - R:localhost/127.0.0.1:8083]}}, [disconnecting])
15:53:15.950 [reactor-http-nio-41] DEBUG reactor.netty.resources.PooledConnectionProvider - [id: 0x58b3b7bf, L:/127.0.0.1:51717 - R:localhost/127.0.0.1:8083] Releasing channel
15:53:15.950 [reactor-http-nio-41] DEBUG reactor.netty.resources.PooledConnectionProvider - [id: 0x58b3b7bf, L:/127.0.0.1:51717 - R:localhost/127.0.0.1:8083] Channel cleaned, now 261 active connections and 40 inactive connections
15:53:15.950 [reactor-http-nio-41] DEBUG reactor.netty.http.client.HttpClientOperations - [id: 0x9cec33d8, L:/127.0.0.1:51722 - R:localhost/127.0.0.1:8083] Received response (auto-read:false) : [Content-Type=application/json, Transfer-Encoding=chunked, Date=Wed, 15 Jun 2022 14:53:15 GMT]
15:53:15.950 [reactor-http-nio-41] DEBUG reactor.netty.resources.PooledConnectionProvider - [id: 0x9cec33d8, L:/127.0.0.1:51722 - R:localhost/127.0.0.1:8083] onStateChange(GET{uri=/attractions, connection=PooledConnection{channel=[id: 0x9cec33d8, L:/127.0.0.1:51722 - R:localhost/127.0.0.1:8083]}}, [response_received])
15:53:15.950 [reactor-http-nio-41] DEBUG org.springframework.web.reactive.function.client.ExchangeFunctions - [3238c60f] Response 200 OK
15:53:15.951 [reactor-http-nio-41] DEBUG reactor.netty.channel.FluxReceive - [id: 0x9cec33d8, L:/127.0.0.1:51722 - R:localhost/127.0.0.1:8083] Subscribing inbound receiver [pending: 0, cancelled:false, inboundDone: false]
15:53:15.951 [reactor-http-nio-41] DEBUG reactor.netty.http.client.HttpClientOperations - [id: 0x9cec33d8, L:/127.0.0.1:51722 - R:localhost/127.0.0.1:8083] Received last HTTP packet
15:53:15.951 [reactor-http-nio-41] DEBUG org.springframework.core.codec.StringDecoder - [3238c60f] Decoded "[{"longitude":-117.922008,"latitude":33.817595,"attractionName":"Disneyland","city":"Anaheim","stat (truncated)...
15:53:15.951 [reactor-http-nio-41] DEBUG reactor.netty.resources.PooledConnectionProvider - [id: 0x9cec33d8, L:/127.0.0.1:51722 - R:localhost/127.0.0.1:8083] onStateChange(GET{uri=/attractions, connection=PooledConnection{channel=[id: 0x9cec33d8, L:/127.0.0.1:51722 - R:localhost/127.0.0.1:8083]}}, [disconnecting])
15:53:15.951 [reactor-http-nio-41] DEBUG reactor.netty.resources.PooledConnectionProvider - [id: 0x9cec33d8, L:/127.0.0.1:51722 - R:localhost/127.0.0.1:8083] Releasing channel
15:53:15.951 [reactor-http-nio-41] DEBUG reactor.netty.resources.PooledConnectionProvider - [id: 0x9cec33d8, L:/127.0.0.1:51722 - R:localhost/127.0.0.1:8083] Channel cleaned, now 260 active connections and 41 inactive connections
15:53:15.951 [reactor-http-nio-41] DEBUG reactor.netty.http.client.HttpClientOperations - [id: 0xb3555784, L:/127.0.0.1:51724 - R:localhost/127.0.0.1:8083] Received response (auto-read:false) : [Content-Type=application/json, Transfer-Encoding=chunked, Date=Wed, 15 Jun 2022 14:53:15 GMT]
15:53:15.951 [reactor-http-nio-41] DEBUG reactor.netty.resources.PooledConnectionProvider - [id: 0xb3555784, L:/127.0.0.1:51724 - R:localhost/127.0.0.1:8083] onStateChange(GET{uri=/attractions, connection=PooledConnection{channel=[id: 0xb3555784, L:/127.0.0.1:51724 - R:localhost/127.0.0.1:8083]}}, [response_received])
15:53:15.951 [reactor-http-nio-41] DEBUG org.springframework.web.reactive.function.client.ExchangeFunctions - [64ec10f6] Response 200 OK
15:53:15.952 [reactor-http-nio-41] DEBUG reactor.netty.channel.FluxReceive - [id: 0xb3555784, L:/127.0.0.1:51724 - R:localhost/127.0.0.1:8083] Subscribing inbound receiver [pending: 0, cancelled:false, inboundDone: false]
15:53:15.952 [reactor-http-nio-41] DEBUG reactor.netty.http.client.HttpClientOperations - [id: 0xb3555784, L:/127.0.0.1:51724 - R:localhost/127.0.0.1:8083] Received last HTTP packet
15:53:15.952 [reactor-http-nio-41] DEBUG org.springframework.core.codec.StringDecoder - [64ec10f6] Decoded "[{"longitude":-117.922008,"latitude":33.817595,"attractionName":"Disneyland","city":"Anaheim","stat (truncated)...
15:53:15.952 [reactor-http-nio-41] DEBUG reactor.netty.resources.PooledConnectionProvider - [id: 0xb3555784, L:/127.0.0.1:51724 - R:localhost/127.0.0.1:8083] onStateChange(GET{uri=/attractions, connection=PooledConnection{channel=[id: 0xb3555784, L:/127.0.0.1:51724 - R:localhost/127.0.0.1:8083]}}, [disconnecting])
15:53:15.952 [reactor-http-nio-41] DEBUG reactor.netty.resources.PooledConnectionProvider - [id: 0xb3555784, L:/127.0.0.1:51724 - R:localhost/127.0.0.1:8083] Releasing channel
15:53:15.952 [reactor-http-nio-41] DEBUG reactor.netty.resources.PooledConnectionProvider - [id: 0xb3555784, L:/127.0.0.1:51724 - R:localhost/127.0.0.1:8083] Channel cleaned, now 259 active connections and 42 inactive connections
15:53:15.952 [reactor-http-nio-41] DEBUG reactor.netty.http.client.HttpClientOperations - [id: 0x03f2fda7, L:/127.0.0.1:51737 - R:localhost/127.0.0.1:8083] Received response (auto-read:false) : [Content-Type=application/json, Transfer-Encoding=chunked, Date=Wed, 15 Jun 2022 14:53:15 GMT]
15:53:15.953 [reactor-http-nio-41] DEBUG reactor.netty.resources.PooledConnectionProvider - [id: 0x03f2fda7, L:/127.0.0.1:51737 - R:localhost/127.0.0.1:8083] onStateChange(GET{uri=/attractions, connection=PooledConnection{channel=[id: 0x03f2fda7, L:/127.0.0.1:51737 - R:localhost/127.0.0.1:8083]}}, [response_received])
15:53:15.953 [reactor-http-nio-41] DEBUG org.springframework.web.reactive.function.client.ExchangeFunctions - [5cd0a4c6] Response 200 OK
15:53:15.953 [reactor-http-nio-41] DEBUG reactor.netty.channel.FluxReceive - [id: 0x03f2fda7, L:/127.0.0.1:51737 - R:localhost/127.0.0.1:8083] Subscribing inbound receiver [pending: 0, cancelled:false, inboundDone: false]
15:53:15.953 [reactor-http-nio-41] DEBUG reactor.netty.http.client.HttpClientOperations - [id: 0x03f2fda7, L:/127.0.0.1:51737 - R:localhost/127.0.0.1:8083] Received last HTTP packet
15:53:15.953 [reactor-http-nio-41] DEBUG org.springframework.core.codec.StringDecoder - [5cd0a4c6] Decoded "[{"longitude":-117.922008,"latitude":33.817595,"attractionName":"Disneyland","city":"Anaheim","stat (truncated)...
15:53:15.953 [reactor-http-nio-41] DEBUG reactor.netty.resources.PooledConnectionProvider - [id: 0x03f2fda7, L:/127.0.0.1:51737 - R:localhost/127.0.0.1:8083] onStateChange(GET{uri=/attractions, connection=PooledConnection{channel=[id: 0x03f2fda7, L:/127.0.0.1:51737 - R:localhost/127.0.0.1:8083]}}, [disconnecting])
15:53:15.953 [reactor-http-nio-41] DEBUG reactor.netty.resources.PooledConnectionProvider - [id: 0x03f2fda7, L:/127.0.0.1:51737 - R:localhost/127.0.0.1:8083] Releasing channel
15:53:15.953 [reactor-http-nio-41] DEBUG reactor.netty.resources.PooledConnectionProvider - [id: 0x03f2fda7, L:/127.0.0.1:51737 - R:localhost/127.0.0.1:8083] Channel cleaned, now 258 active connections and 43 inactive connections
15:53:15.954 [reactor-http-nio-41] DEBUG reactor.netty.http.client.HttpClientOperations - [id: 0xfdd4189a, L:/127.0.0.1:51799 - R:localhost/127.0.0.1:8083] Received response (auto-read:false) : [Content-Type=application/json, Transfer-Encoding=chunked, Date=Wed, 15 Jun 2022 14:53:15 GMT]
15:53:15.954 [reactor-http-nio-41] DEBUG reactor.netty.resources.PooledConnectionProvider - [id: 0xfdd4189a, L:/127.0.0.1:51799 - R:localhost/127.0.0.1:8083] onStateChange(GET{uri=/userLocation?userId=ea32b189-1cc0-4182-b548-638b7d1e3ad7, connection=PooledConnection{channel=[id: 0xfdd4189a, L:/127.0.0.1:51799 - R:localhost/127.0.0.1:8083]}}, [response_received])
15:53:15.954 [reactor-http-nio-41] DEBUG org.springframework.web.reactive.function.client.ExchangeFunctions - [40f628be] Response 200 OK
15:53:15.954 [reactor-http-nio-41] DEBUG reactor.netty.channel.FluxReceive - [id: 0xfdd4189a, L:/127.0.0.1:51799 - R:localhost/127.0.0.1:8083] Subscribing inbound receiver [pending: 0, cancelled:false, inboundDone: false]
15:53:15.954 [reactor-http-nio-41] DEBUG reactor.netty.http.client.HttpClientOperations - [id: 0xfdd4189a, L:/127.0.0.1:51799 - R:localhost/127.0.0.1:8083] Received last HTTP packet
15:53:15.954 [reactor-http-nio-41] DEBUG org.springframework.core.codec.StringDecoder - [40f628be] Decoded "{"userId":"ea32b189-1cc0-4182-b548-638b7d1e3ad7","location":{"longitude":-91.227128,"latitude":-41. (truncated)...
15:53:15.955 [reactor-http-nio-41] DEBUG reactor.netty.resources.PooledConnectionProvider - [id: 0xfdd4189a, L:/127.0.0.1:51799 - R:localhost/127.0.0.1:8083] onStateChange(GET{uri=/userLocation?userId=ea32b189-1cc0-4182-b548-638b7d1e3ad7, connection=PooledConnection{channel=[id: 0xfdd4189a, L:/127.0.0.1:51799 - R:localhost/127.0.0.1:8083]}}, [disconnecting])
15:53:15.955 [reactor-http-nio-41] DEBUG reactor.netty.resources.PooledConnectionProvider - [id: 0xfdd4189a, L:/127.0.0.1:51799 - R:localhost/127.0.0.1:8083] Releasing channel
15:53:15.955 [reactor-http-nio-41] DEBUG reactor.netty.resources.PooledConnectionProvider - [id: 0xfdd4189a, L:/127.0.0.1:51799 - R:localhost/127.0.0.1:8083] Channel cleaned, now 257 active connections and 44 inactive connections
15:53:15.955 [reactor-http-nio-41] DEBUG reactor.netty.http.client.HttpClientOperations - [id: 0x1133f190, L:/127.0.0.1:51897 - R:localhost/127.0.0.1:8083] Received response (auto-read:false) : [Content-Type=application/json, Transfer-Encoding=chunked, Date=Wed, 15 Jun 2022 14:53:15 GMT]
15:53:15.955 [reactor-http-nio-41] DEBUG reactor.netty.resources.PooledConnectionProvider - [id: 0x1133f190, L:/127.0.0.1:51897 - R:localhost/127.0.0.1:8083] onStateChange(GET{uri=/userLocation?userId=d0d602a8-05ff-400c-a4ae-e6ef4dc149d4, connection=PooledConnection{channel=[id: 0x1133f190, L:/127.0.0.1:51897 - R:localhost/127.0.0.1:8083]}}, [response_received])
15:53:15.955 [reactor-http-nio-41] DEBUG org.springframework.web.reactive.function.client.ExchangeFunctions - [74aec17e] Response 200 OK
15:53:15.955 [reactor-http-nio-41] DEBUG reactor.netty.channel.FluxReceive - [id: 0x1133f190, L:/127.0.0.1:51897 - R:localhost/127.0.0.1:8083] Subscribing inbound receiver [pending: 0, cancelled:false, inboundDone: false]
15:53:15.956 [reactor-http-nio-41] DEBUG reactor.netty.http.client.HttpClientOperations - [id: 0x1133f190, L:/127.0.0.1:51897 - R:localhost/127.0.0.1:8083] Received last HTTP packet
15:53:15.956 [reactor-http-nio-41] DEBUG org.springframework.core.codec.StringDecoder - [74aec17e] Decoded "{"userId":"d0d602a8-05ff-400c-a4ae-e6ef4dc149d4","location":{"longitude":85.388601,"latitude":47.45 (truncated)...
15:53:15.956 [reactor-http-nio-41] DEBUG reactor.netty.resources.PooledConnectionProvider - [id: 0x1133f190, L:/127.0.0.1:51897 - R:localhost/127.0.0.1:8083] onStateChange(GET{uri=/userLocation?userId=d0d602a8-05ff-400c-a4ae-e6ef4dc149d4, connection=PooledConnection{channel=[id: 0x1133f190, L:/127.0.0.1:51897 - R:localhost/127.0.0.1:8083]}}, [disconnecting])
15:53:15.956 [reactor-http-nio-41] DEBUG reactor.netty.resources.PooledConnectionProvider - [id: 0x1133f190, L:/127.0.0.1:51897 - R:localhost/127.0.0.1:8083] Releasing channel
15:53:15.956 [reactor-http-nio-41] DEBUG reactor.netty.resources.PooledConnectionProvider - [id: 0x1133f190, L:/127.0.0.1:51897 - R:localhost/127.0.0.1:8083] Channel cleaned, now 256 active connections and 45 inactive connections
15:53:15.956 [reactor-http-nio-41] DEBUG reactor.netty.http.client.HttpClientOperations - [id: 0xc0a2c902, L:/127.0.0.1:51919 - R:localhost/127.0.0.1:8083] Received response (auto-read:false) : [Content-Type=application/json, Transfer-Encoding=chunked, Date=Wed, 15 Jun 2022 14:53:15 GMT]
15:53:15.956 [reactor-http-nio-41] DEBUG reactor.netty.resources.PooledConnectionProvider - [id: 0xc0a2c902, L:/127.0.0.1:51919 - R:localhost/127.0.0.1:8083] onStateChange(GET{uri=/userLocation?userId=f77b0ac0-cb63-4c8f-b6b9-5d1e3977ac6b, connection=PooledConnection{channel=[id: 0xc0a2c902, L:/127.0.0.1:51919 - R:localhost/127.0.0.1:8083]}}, [response_received])
15:53:15.956 [reactor-http-nio-41] DEBUG org.springframework.web.reactive.function.client.ExchangeFunctions - [60453302] Response 200 OK
15:53:15.957 [reactor-http-nio-41] DEBUG reactor.netty.channel.FluxReceive - [id: 0xc0a2c902, L:/127.0.0.1:51919 - R:localhost/127.0.0.1:8083] Subscribing inbound receiver [pending: 0, cancelled:false, inboundDone: false]
15:53:15.957 [reactor-http-nio-41] DEBUG reactor.netty.http.client.HttpClientOperations - [id: 0xc0a2c902, L:/127.0.0.1:51919 - R:localhost/127.0.0.1:8083] Received last HTTP packet
15:53:15.957 [reactor-http-nio-41] DEBUG org.springframework.core.codec.StringDecoder - [60453302] Decoded "{"userId":"f77b0ac0-cb63-4c8f-b6b9-5d1e3977ac6b","location":{"longitude":125.812211,"latitude":-70. (truncated)...
15:53:15.957 [reactor-http-nio-41] DEBUG reactor.netty.resources.PooledConnectionProvider - [id: 0xc0a2c902, L:/127.0.0.1:51919 - R:localhost/127.0.0.1:8083] onStateChange(GET{uri=/userLocation?userId=f77b0ac0-cb63-4c8f-b6b9-5d1e3977ac6b, connection=PooledConnection{channel=[id: 0xc0a2c902, L:/127.0.0.1:51919 - R:localhost/127.0.0.1:8083]}}, [disconnecting])
15:53:15.957 [reactor-http-nio-41] DEBUG reactor.netty.resources.PooledConnectionProvider - [id: 0xc0a2c902, L:/127.0.0.1:51919 - R:localhost/127.0.0.1:8083] Releasing channel
15:53:15.957 [reactor-http-nio-41] DEBUG reactor.netty.resources.PooledConnectionProvider - [id: 0xc0a2c902, L:/127.0.0.1:51919 - R:localhost/127.0.0.1:8083] Channel cleaned, now 255 active connections and 46 inactive connections
15:53:15.957 [reactor-http-nio-41] DEBUG reactor.netty.http.client.HttpClientOperations - [id: 0xf0244be7, L:/127.0.0.1:51921 - R:localhost/127.0.0.1:8083] Received response (auto-read:false) : [Content-Type=application/json, Transfer-Encoding=chunked, Date=Wed, 15 Jun 2022 14:53:15 GMT]
15:53:15.957 [reactor-http-nio-41] DEBUG reactor.netty.resources.PooledConnectionProvider - [id: 0xf0244be7, L:/127.0.0.1:51921 - R:localhost/127.0.0.1:8083] onStateChange(GET{uri=/userLocation?userId=01243b8e-38da-4d8f-8b4d-cf2cc583b720, connection=PooledConnection{channel=[id: 0xf0244be7, L:/127.0.0.1:51921 - R:localhost/127.0.0.1:8083]}}, [response_received])
15:53:15.958 [reactor-http-nio-41] DEBUG org.springframework.web.reactive.function.client.ExchangeFunctions - [104de730] Response 200 OK
15:53:15.958 [reactor-http-nio-41] DEBUG reactor.netty.channel.FluxReceive - [id: 0xf0244be7, L:/127.0.0.1:51921 - R:localhost/127.0.0.1:8083] Subscribing inbound receiver [pending: 0, cancelled:false, inboundDone: false]
15:53:15.958 [reactor-http-nio-41] DEBUG reactor.netty.http.client.HttpClientOperations - [id: 0xf0244be7, L:/127.0.0.1:51921 - R:localhost/127.0.0.1:8083] Received last HTTP packet
15:53:15.958 [reactor-http-nio-41] DEBUG org.springframework.core.codec.StringDecoder - [104de730] Decoded "{"userId":"01243b8e-38da-4d8f-8b4d-cf2cc583b720","location":{"longitude":148.158228,"latitude":49.9 (truncated)...
15:53:15.958 [reactor-http-nio-41] DEBUG reactor.netty.resources.PooledConnectionProvider - [id: 0xf0244be7, L:/127.0.0.1:51921 - R:localhost/127.0.0.1:8083] onStateChange(GET{uri=/userLocation?userId=01243b8e-38da-4d8f-8b4d-cf2cc583b720, connection=PooledConnection{channel=[id: 0xf0244be7, L:/127.0.0.1:51921 - R:localhost/127.0.0.1:8083]}}, [disconnecting])
15:53:15.958 [reactor-http-nio-41] DEBUG reactor.netty.resources.PooledConnectionProvider - [id: 0xf0244be7, L:/127.0.0.1:51921 - R:localhost/127.0.0.1:8083] Releasing channel
15:53:15.958 [reactor-http-nio-41] DEBUG reactor.netty.resources.PooledConnectionProvider - [id: 0xf0244be7, L:/127.0.0.1:51921 - R:localhost/127.0.0.1:8083] Channel cleaned, now 254 active connections and 47 inactive connections
15:53:15.961 [pool-4-thread-11] DEBUG org.springframework.web.reactive.function.client.ExchangeFunctions - [56f2bba6] HTTP GET http://localhost:8084/attractionRewardPoint?attractionId=d3b40618-cc4b-4038-b0ad-e00c91d01035&userId=7e305e34-618a-47e4-be09-8c09da411f26
15:53:15.962 [pool-4-thread-12] DEBUG org.springframework.web.reactive.function.client.ExchangeFunctions - [6221f5d6] HTTP GET http://localhost:8084/attractionRewardPoint?attractionId=80cb808f-dfca-4926-bcf7-b93bcf5af376&userId=9ee5e5f1-2320-453c-9ab4-9c02a1a70b71
15:53:15.967 [pool-2-thread-113] INFO tourGuide.service.TourGuideService - visitedLocatio tourGuide.gpsUtil.VisitedLocation@34428871
15:53:15.967 [pool-2-thread-113] DEBUG org.springframework.web.reactive.function.client.ExchangeFunctions - [2a157128] HTTP GET http://localhost:8083/attractions
15:53:15.969 [reactor-http-nio-46] DEBUG reactor.netty.resources.PooledConnectionProvider - [id: 0x72e5dab1, L:/127.0.0.1:51797 - R:localhost/127.0.0.1:8083] Channel acquired, now 255 active connections and 46 inactive connections
15:53:15.969 [reactor-http-nio-46] DEBUG reactor.netty.http.client.HttpClientConnect - [id: 0x72e5dab1, L:/127.0.0.1:51797 - R:localhost/127.0.0.1:8083] Handler is being applied: {uri=http://localhost:8083/attractions, method=GET}
15:53:15.970 [reactor-http-nio-46] DEBUG reactor.netty.resources.PooledConnectionProvider - [id: 0x72e5dab1, L:/127.0.0.1:51797 - R:localhost/127.0.0.1:8083] onStateChange(GET{uri=/attractions, connection=PooledConnection{channel=[id: 0x72e5dab1, L:/127.0.0.1:51797 - R:localhost/127.0.0.1:8083]}}, [request_sent])
15:53:15.971 [pool-5-thread-63] INFO tourGuide.service.TourGuideService - visitedLocatio tourGuide.gpsUtil.VisitedLocation@7114e8ac
15:53:15.972 [pool-5-thread-63] DEBUG org.springframework.web.reactive.function.client.ExchangeFunctions - [72016f4d] HTTP GET http://localhost:8083/attractions
15:53:15.973 [reactor-http-nio-46] DEBUG reactor.netty.resources.PooledConnectionProvider - [id: 0x6dee6723, L:/127.0.0.1:51807 - R:localhost/127.0.0.1:8083] Channel acquired, now 256 active connections and 45 inactive connections
15:53:15.973 [reactor-http-nio-46] DEBUG reactor.netty.http.client.HttpClientConnect - [id: 0x6dee6723, L:/127.0.0.1:51807 - R:localhost/127.0.0.1:8083] Handler is being applied: {uri=http://localhost:8083/attractions, method=GET}
15:53:15.974 [reactor-http-nio-46] DEBUG reactor.netty.resources.PooledConnectionProvider - [id: 0x6dee6723, L:/127.0.0.1:51807 - R:localhost/127.0.0.1:8083] onStateChange(GET{uri=/attractions, connection=PooledConnection{channel=[id: 0x6dee6723, L:/127.0.0.1:51807 - R:localhost/127.0.0.1:8083]}}, [request_sent])
15:53:15.977 [pool-5-thread-76] INFO tourGuide.service.TourGuideService - visitedLocatio tourGuide.gpsUtil.VisitedLocation@61881b5d
15:53:15.977 [pool-5-thread-76] DEBUG org.springframework.web.reactive.function.client.ExchangeFunctions - [5edfdc4f] HTTP GET http://localhost:8083/attractions
15:53:15.983 [pool-5-thread-100] INFO tourGuide.service.TourGuideService - visitedLocatio tourGuide.gpsUtil.VisitedLocation@39e31f79
15:53:15.984 [pool-5-thread-100] DEBUG org.springframework.web.reactive.function.client.ExchangeFunctions - [61e4ddca] HTTP GET http://localhost:8083/attractions
15:53:15.985 [pool-2-thread-18] INFO tourGuide.service.TourGuideService - visitedLocatio tourGuide.gpsUtil.VisitedLocation@7ede1177
15:53:15.986 [pool-2-thread-18] DEBUG org.springframework.web.reactive.function.client.ExchangeFunctions - [55bc340a] HTTP GET http://localhost:8083/attractions
15:53:15.987 [pool-2-thread-149] INFO tourGuide.service.TourGuideService - visitedLocatio tourGuide.gpsUtil.VisitedLocation@45684e21
15:53:15.987 [reactor-http-nio-46] DEBUG reactor.netty.resources.PooledConnectionProvider - [id: 0xd8e5c342, L:/127.0.0.1:51820 - R:localhost/127.0.0.1:8083] Channel acquired, now 257 active connections and 44 inactive connections
15:53:15.987 [reactor-http-nio-46] DEBUG reactor.netty.http.client.HttpClientConnect - [id: 0xd8e5c342, L:/127.0.0.1:51820 - R:localhost/127.0.0.1:8083] Handler is being applied: {uri=http://localhost:8083/attractions, method=GET}
15:53:15.988 [pool-2-thread-149] DEBUG org.springframework.web.reactive.function.client.ExchangeFunctions - [28a79713] HTTP GET http://localhost:8083/attractions
15:53:15.988 [reactor-http-nio-46] DEBUG reactor.netty.resources.PooledConnectionProvider - [id: 0xd8e5c342, L:/127.0.0.1:51820 - R:localhost/127.0.0.1:8083] onStateChange(GET{uri=/attractions, connection=PooledConnection{channel=[id: 0xd8e5c342, L:/127.0.0.1:51820 - R:localhost/127.0.0.1:8083]}}, [request_sent])
15:53:15.989 [reactor-http-nio-48] DEBUG reactor.netty.resources.PooledConnectionProvider - [id: 0x91a06532] Created new pooled channel, now 10 active connections and 1 inactive connections
15:53:15.989 [reactor-http-nio-46] DEBUG reactor.netty.resources.PooledConnectionProvider - [id: 0xd99a3f51, L:/127.0.0.1:51806 - R:localhost/127.0.0.1:8083] Channel acquired, now 258 active connections and 43 inactive connections
15:53:15.989 [reactor-http-nio-48] DEBUG reactor.netty.channel.BootstrapHandlers - [id: 0x91a06532] Initialized pipeline DefaultChannelPipeline{(BootstrapHandlers$BootstrapInitializerHandler#0 = reactor.netty.channel.BootstrapHandlers$BootstrapInitializerHandler), (SimpleChannelPool$1#0 = io.netty.channel.pool.SimpleChannelPool$1), (reactor.left.httpCodec = io.netty.handler.codec.http.HttpClientCodec), (reactor.left.decompressor = io.netty.handler.codec.http.HttpContentDecompressor), (reactor.right.reactiveBridge = reactor.netty.channel.ChannelOperationsHandler)}
15:53:15.990 [reactor-http-nio-46] DEBUG reactor.netty.http.client.HttpClientConnect - [id: 0xd99a3f51, L:/127.0.0.1:51806 - R:localhost/127.0.0.1:8083] Handler is being applied: {uri=http://localhost:8083/attractions, method=GET}
15:53:15.990 [reactor-http-nio-46] DEBUG reactor.netty.resources.PooledConnectionProvider - [id: 0xd99a3f51, L:/127.0.0.1:51806 - R:localhost/127.0.0.1:8083] onStateChange(GET{uri=/attractions, connection=PooledConnection{channel=[id: 0xd99a3f51, L:/127.0.0.1:51806 - R:localhost/127.0.0.1:8083]}}, [request_sent])
15:53:15.990 [reactor-http-nio-46] DEBUG reactor.netty.resources.PooledConnectionProvider - [id: 0xe441070c, L:/127.0.0.1:51808 - R:localhost/127.0.0.1:8083] Channel acquired, now 259 active connections and 42 inactive connections
15:53:15.990 [reactor-http-nio-46] DEBUG reactor.netty.http.client.HttpClientConnect - [id: 0xe441070c, L:/127.0.0.1:51808 - R:localhost/127.0.0.1:8083] Handler is being applied: {uri=http://localhost:8083/attractions, method=GET}
15:53:15.991 [reactor-http-nio-46] DEBUG reactor.netty.resources.PooledConnectionProvider - [id: 0xe441070c, L:/127.0.0.1:51808 - R:localhost/127.0.0.1:8083] onStateChange(GET{uri=/attractions, connection=PooledConnection{channel=[id: 0xe441070c, L:/127.0.0.1:51808 - R:localhost/127.0.0.1:8083]}}, [request_sent])
15:53:15.992 [reactor-http-nio-48] DEBUG reactor.netty.http.client.HttpClientOperations - [id: 0xa4f115eb, L:/127.0.0.1:51704 - R:localhost/127.0.0.1:8083] Received response (auto-read:false) : [Content-Type=application/json, Transfer-Encoding=chunked, Date=Wed, 15 Jun 2022 14:53:15 GMT]
15:53:15.992 [reactor-http-nio-48] DEBUG reactor.netty.resources.PooledConnectionProvider - [id: 0xa4f115eb, L:/127.0.0.1:51704 - R:localhost/127.0.0.1:8083] onStateChange(GET{uri=/attractions, connection=PooledConnection{channel=[id: 0xa4f115eb, L:/127.0.0.1:51704 - R:localhost/127.0.0.1:8083]}}, [response_received])
15:53:15.992 [reactor-http-nio-48] DEBUG org.springframework.web.reactive.function.client.ExchangeFunctions - [265b70e9] Response 200 OK
15:53:15.992 [reactor-http-nio-48] DEBUG reactor.netty.channel.FluxReceive - [id: 0xa4f115eb, L:/127.0.0.1:51704 - R:localhost/127.0.0.1:8083] Subscribing inbound receiver [pending: 0, cancelled:false, inboundDone: false]
15:53:15.994 [reactor-http-nio-48] DEBUG reactor.netty.http.client.HttpClientOperations - [id: 0xa4f115eb, L:/127.0.0.1:51704 - R:localhost/127.0.0.1:8083] Received last HTTP packet
15:53:15.994 [reactor-http-nio-48] DEBUG org.springframework.core.codec.StringDecoder - [265b70e9] Decoded "[{"longitude":-117.922008,"latitude":33.817595,"attractionName":"Disneyland","city":"Anaheim","stat (truncated)...
15:53:15.994 [reactor-http-nio-48] DEBUG reactor.netty.resources.PooledConnectionProvider - [id: 0xa4f115eb, L:/127.0.0.1:51704 - R:localhost/127.0.0.1:8083] onStateChange(GET{uri=/attractions, connection=PooledConnection{channel=[id: 0xa4f115eb, L:/127.0.0.1:51704 - R:localhost/127.0.0.1:8083]}}, [disconnecting])
15:53:15.994 [reactor-http-nio-48] DEBUG reactor.netty.resources.PooledConnectionProvider - [id: 0xa4f115eb, L:/127.0.0.1:51704 - R:localhost/127.0.0.1:8083] Releasing channel
15:53:15.994 [reactor-http-nio-48] DEBUG reactor.netty.resources.PooledConnectionProvider - [id: 0xa4f115eb, L:/127.0.0.1:51704 - R:localhost/127.0.0.1:8083] Channel cleaned, now 258 active connections and 43 inactive connections
15:53:15.994 [pool-2-thread-140] INFO tourGuide.service.TourGuideService - visitedLocatio tourGuide.gpsUtil.VisitedLocation@60ebac15
15:53:15.994 [reactor-http-nio-48] DEBUG reactor.netty.http.client.HttpClientOperations - [id: 0x43576e4f, L:/127.0.0.1:51882 - R:localhost/127.0.0.1:8083] Received response (auto-read:false) : [Content-Type=application/json, Transfer-Encoding=chunked, Date=Wed, 15 Jun 2022 14:53:15 GMT]
15:53:15.994 [reactor-http-nio-48] DEBUG reactor.netty.resources.PooledConnectionProvider - [id: 0x43576e4f, L:/127.0.0.1:51882 - R:localhost/127.0.0.1:8083] onStateChange(GET{uri=/userLocation?userId=47f7fc0d-9b59-4944-8365-959fd7e89072, connection=PooledConnection{channel=[id: 0x43576e4f, L:/127.0.0.1:51882 - R:localhost/127.0.0.1:8083]}}, [response_received])
15:53:15.994 [reactor-http-nio-48] DEBUG org.springframework.web.reactive.function.client.ExchangeFunctions - [1d86fa11] Response 200 OK
15:53:15.995 [pool-2-thread-140] DEBUG org.springframework.web.reactive.function.client.ExchangeFunctions - [1b3982d] HTTP GET http://localhost:8083/attractions
15:53:15.996 [reactor-http-nio-48] DEBUG reactor.netty.channel.FluxReceive - [id: 0x43576e4f, L:/127.0.0.1:51882 - R:localhost/127.0.0.1:8083] Subscribing inbound receiver [pending: 0, cancelled:false, inboundDone: false]
15:53:15.996 [reactor-http-nio-48] DEBUG reactor.netty.http.client.HttpClientOperations - [id: 0x43576e4f, L:/127.0.0.1:51882 - R:localhost/127.0.0.1:8083] Received last HTTP packet
15:53:15.996 [reactor-http-nio-48] DEBUG org.springframework.core.codec.StringDecoder - [1d86fa11] Decoded "{"userId":"47f7fc0d-9b59-4944-8365-959fd7e89072","location":{"longitude":-136.903082,"latitude":-17 (truncated)...
15:53:15.996 [reactor-http-nio-48] DEBUG reactor.netty.resources.PooledConnectionProvider - [id: 0x43576e4f, L:/127.0.0.1:51882 - R:localhost/127.0.0.1:8083] onStateChange(GET{uri=/userLocation?userId=47f7fc0d-9b59-4944-8365-959fd7e89072, connection=PooledConnection{channel=[id: 0x43576e4f, L:/127.0.0.1:51882 - R:localhost/127.0.0.1:8083]}}, [disconnecting])
15:53:15.996 [reactor-http-nio-48] DEBUG reactor.netty.resources.PooledConnectionProvider - [id: 0x43576e4f, L:/127.0.0.1:51882 - R:localhost/127.0.0.1:8083] Releasing channel
15:53:15.996 [reactor-http-nio-48] DEBUG reactor.netty.resources.PooledConnectionProvider - [id: 0x43576e4f, L:/127.0.0.1:51882 - R:localhost/127.0.0.1:8083] Channel cleaned, now 257 active connections and 44 inactive connections
15:53:15.997 [reactor-http-nio-48] DEBUG reactor.netty.http.client.HttpClientOperations - [id: 0x4874d701, L:/127.0.0.1:51890 - R:localhost/127.0.0.1:8083] Received response (auto-read:false) : [Content-Type=application/json, Transfer-Encoding=chunked, Date=Wed, 15 Jun 2022 14:53:15 GMT]
15:53:15.997 [reactor-http-nio-48] DEBUG reactor.netty.resources.PooledConnectionProvider - [id: 0x4874d701, L:/127.0.0.1:51890 - R:localhost/127.0.0.1:8083] onStateChange(GET{uri=/userLocation?userId=00e4fd95-5bba-49ef-ae9e-9ec2272c31b0, connection=PooledConnection{channel=[id: 0x4874d701, L:/127.0.0.1:51890 - R:localhost/127.0.0.1:8083]}}, [response_received])
15:53:15.997 [reactor-http-nio-48] DEBUG org.springframework.web.reactive.function.client.ExchangeFunctions - [3cfbb0a5] Response 200 OK
15:53:15.997 [reactor-http-nio-48] DEBUG reactor.netty.channel.FluxReceive - [id: 0x4874d701, L:/127.0.0.1:51890 - R:localhost/127.0.0.1:8083] Subscribing inbound receiver [pending: 0, cancelled:false, inboundDone: false]
15:53:15.998 [reactor-http-nio-48] DEBUG reactor.netty.http.client.HttpClientOperations - [id: 0x4874d701, L:/127.0.0.1:51890 - R:localhost/127.0.0.1:8083] Received last HTTP packet
15:53:15.998 [reactor-http-nio-48] DEBUG org.springframework.core.codec.StringDecoder - [3cfbb0a5] Decoded "{"userId":"00e4fd95-5bba-49ef-ae9e-9ec2272c31b0","location":{"longitude":167.726924,"latitude":-55. (truncated)...
15:53:15.998 [reactor-http-nio-48] DEBUG reactor.netty.resources.PooledConnectionProvider - [id: 0x4874d701, L:/127.0.0.1:51890 - R:localhost/127.0.0.1:8083] onStateChange(GET{uri=/userLocation?userId=00e4fd95-5bba-49ef-ae9e-9ec2272c31b0, connection=PooledConnection{channel=[id: 0x4874d701, L:/127.0.0.1:51890 - R:localhost/127.0.0.1:8083]}}, [disconnecting])
15:53:15.998 [reactor-http-nio-48] DEBUG reactor.netty.resources.PooledConnectionProvider - [id: 0x4874d701, L:/127.0.0.1:51890 - R:localhost/127.0.0.1:8083] Releasing channel
15:53:15.998 [reactor-http-nio-48] DEBUG reactor.netty.resources.PooledConnectionProvider - [id: 0x4874d701, L:/127.0.0.1:51890 - R:localhost/127.0.0.1:8083] Channel cleaned, now 256 active connections and 45 inactive connections
15:53:15.998 [reactor-http-nio-48] DEBUG reactor.netty.http.client.HttpClientOperations - [id: 0x8875bf90, L:/127.0.0.1:51907 - R:localhost/127.0.0.1:8083] Received response (auto-read:false) : [Content-Type=application/json, Transfer-Encoding=chunked, Date=Wed, 15 Jun 2022 14:53:15 GMT]
15:53:15.998 [reactor-http-nio-48] DEBUG reactor.netty.resources.PooledConnectionProvider - [id: 0x8875bf90, L:/127.0.0.1:51907 - R:localhost/127.0.0.1:8083] onStateChange(GET{uri=/userLocation?userId=fb0946d9-85e9-4622-af6d-33e6a4417056, connection=PooledConnection{channel=[id: 0x8875bf90, L:/127.0.0.1:51907 - R:localhost/127.0.0.1:8083]}}, [response_received])
15:53:15.999 [reactor-http-nio-48] DEBUG org.springframework.web.reactive.function.client.ExchangeFunctions - [1c693efb] Response 200 OK
15:53:15.999 [reactor-http-nio-48] DEBUG reactor.netty.channel.FluxReceive - [id: 0x8875bf90, L:/127.0.0.1:51907 - R:localhost/127.0.0.1:8083] Subscribing inbound receiver [pending: 0, cancelled:false, inboundDone: false]
15:53:15.999 [reactor-http-nio-48] DEBUG reactor.netty.http.client.HttpClientOperations - [id: 0x8875bf90, L:/127.0.0.1:51907 - R:localhost/127.0.0.1:8083] Received last HTTP packet
15:53:16.000 [reactor-http-nio-48] DEBUG org.springframework.core.codec.StringDecoder - [1c693efb] Decoded "{"userId":"fb0946d9-85e9-4622-af6d-33e6a4417056","location":{"longitude":36.936112,"latitude":66.40 (truncated)...
15:53:16.000 [reactor-http-nio-48] DEBUG reactor.netty.resources.PooledConnectionProvider - [id: 0x8875bf90, L:/127.0.0.1:51907 - R:localhost/127.0.0.1:8083] onStateChange(GET{uri=/userLocation?userId=fb0946d9-85e9-4622-af6d-33e6a4417056, connection=PooledConnection{channel=[id: 0x8875bf90, L:/127.0.0.1:51907 - R:localhost/127.0.0.1:8083]}}, [disconnecting])
15:53:16.001 [reactor-http-nio-48] DEBUG reactor.netty.resources.PooledConnectionProvider - [id: 0x8875bf90, L:/127.0.0.1:51907 - R:localhost/127.0.0.1:8083] Releasing channel
15:53:16.001 [reactor-http-nio-48] DEBUG reactor.netty.resources.PooledConnectionProvider - [id: 0x8875bf90, L:/127.0.0.1:51907 - R:localhost/127.0.0.1:8083] Channel cleaned, now 255 active connections and 46 inactive connections
15:53:16.001 [reactor-http-nio-48] DEBUG reactor.netty.http.client.HttpClientOperations - [id: 0xe73f3e74, L:/127.0.0.1:51908 - R:localhost/127.0.0.1:8083] Received response (auto-read:false) : [Content-Type=application/json, Transfer-Encoding=chunked, Date=Wed, 15 Jun 2022 14:53:15 GMT]
15:53:16.001 [reactor-http-nio-48] DEBUG reactor.netty.resources.PooledConnectionProvider - [id: 0xe73f3e74, L:/127.0.0.1:51908 - R:localhost/127.0.0.1:8083] onStateChange(GET{uri=/userLocation?userId=5dee6a78-54a6-4559-82a1-992fb2ac424b, connection=PooledConnection{channel=[id: 0xe73f3e74, L:/127.0.0.1:51908 - R:localhost/127.0.0.1:8083]}}, [response_received])
15:53:16.001 [reactor-http-nio-47] DEBUG reactor.netty.resources.PooledConnectionProvider - [id: 0xd2ffc3c9] Created new pooled channel, now 10 active connections and 2 inactive connections
15:53:16.002 [reactor-http-nio-47] DEBUG reactor.netty.channel.BootstrapHandlers - [id: 0xd2ffc3c9] Initialized pipeline DefaultChannelPipeline{(BootstrapHandlers$BootstrapInitializerHandler#0 = reactor.netty.channel.BootstrapHandlers$BootstrapInitializerHandler), (SimpleChannelPool$1#0 = io.netty.channel.pool.SimpleChannelPool$1), (reactor.left.httpCodec = io.netty.handler.codec.http.HttpClientCodec), (reactor.left.decompressor = io.netty.handler.codec.http.HttpContentDecompressor), (reactor.right.reactiveBridge = reactor.netty.channel.ChannelOperationsHandler)}
15:53:16.002 [reactor-http-nio-47] DEBUG reactor.netty.resources.PooledConnectionProvider - [id: 0x98143ed4, L:/127.0.0.1:51680 - R:localhost/127.0.0.1:8083] Channel acquired, now 256 active connections and 45 inactive connections
15:53:16.002 [reactor-http-nio-47] DEBUG reactor.netty.http.client.HttpClientConnect - [id: 0x98143ed4, L:/127.0.0.1:51680 - R:localhost/127.0.0.1:8083] Handler is being applied: {uri=http://localhost:8083/attractions, method=GET}
15:53:16.003 [reactor-http-nio-47] DEBUG reactor.netty.resources.PooledConnectionProvider - [id: 0x98143ed4, L:/127.0.0.1:51680 - R:localhost/127.0.0.1:8083] onStateChange(GET{uri=/attractions, connection=PooledConnection{channel=[id: 0x98143ed4, L:/127.0.0.1:51680 - R:localhost/127.0.0.1:8083]}}, [request_sent])
15:53:16.005 [reactor-http-nio-41] DEBUG reactor.netty.resources.PooledConnectionProvider - [id: 0x6edbd1c1, L:/127.0.0.1:51716 - R:localhost/127.0.0.1:8083] Channel acquired, now 257 active connections and 44 inactive connections
15:53:16.005 [reactor-http-nio-41] DEBUG reactor.netty.http.client.HttpClientConnect - [id: 0x6edbd1c1, L:/127.0.0.1:51716 - R:localhost/127.0.0.1:8083] Handler is being applied: {uri=http://localhost:8083/attractions, method=GET}
15:53:16.005 [reactor-http-nio-41] DEBUG reactor.netty.resources.PooledConnectionProvider - [id: 0x6edbd1c1, L:/127.0.0.1:51716 - R:localhost/127.0.0.1:8083] onStateChange(GET{uri=/attractions, connection=PooledConnection{channel=[id: 0x6edbd1c1, L:/127.0.0.1:51716 - R:localhost/127.0.0.1:8083]}}, [request_sent])
15:53:16.008 [reactor-http-nio-47] DEBUG reactor.netty.resources.PooledConnectionProvider - [id: 0xd1ebbc3a, L:/127.0.0.1:51690 - R:localhost/127.0.0.1:8083] Channel acquired, now 258 active connections and 43 inactive connections
15:53:16.008 [reactor-http-nio-47] DEBUG reactor.netty.http.client.HttpClientConnect - [id: 0xd1ebbc3a, L:/127.0.0.1:51690 - R:localhost/127.0.0.1:8083] Handler is being applied: {uri=http://localhost:8083/attractions, method=GET}
15:53:16.010 [reactor-http-nio-47] DEBUG reactor.netty.resources.PooledConnectionProvider - [id: 0xd1ebbc3a, L:/127.0.0.1:51690 - R:localhost/127.0.0.1:8083] onStateChange(GET{uri=/attractions, connection=PooledConnection{channel=[id: 0xd1ebbc3a, L:/127.0.0.1:51690 - R:localhost/127.0.0.1:8083]}}, [request_sent])
15:53:16.010 [reactor-http-nio-47] DEBUG reactor.netty.http.client.HttpClientOperations - [id: 0xdaf60602, L:/127.0.0.1:51681 - R:localhost/127.0.0.1:8083] Received response (auto-read:false) : [Content-Type=application/json, Transfer-Encoding=chunked, Date=Wed, 15 Jun 2022 14:53:15 GMT]
15:53:16.010 [reactor-http-nio-47] DEBUG reactor.netty.resources.PooledConnectionProvider - [id: 0xdaf60602, L:/127.0.0.1:51681 - R:localhost/127.0.0.1:8083] onStateChange(GET{uri=/attractions, connection=PooledConnection{channel=[id: 0xdaf60602, L:/127.0.0.1:51681 - R:localhost/127.0.0.1:8083]}}, [response_received])
15:53:16.011 [reactor-http-nio-47] DEBUG org.springframework.web.reactive.function.client.ExchangeFunctions - [756543cb] Response 200 OK
15:53:16.011 [reactor-http-nio-47] DEBUG reactor.netty.channel.FluxReceive - [id: 0xdaf60602, L:/127.0.0.1:51681 - R:localhost/127.0.0.1:8083] Subscribing inbound receiver [pending: 0, cancelled:false, inboundDone: false]
15:53:16.013 [reactor-http-nio-47] DEBUG reactor.netty.http.client.HttpClientOperations - [id: 0xdaf60602, L:/127.0.0.1:51681 - R:localhost/127.0.0.1:8083] Received last HTTP packet
15:53:16.013 [reactor-http-nio-47] DEBUG org.springframework.core.codec.StringDecoder - [756543cb] Decoded "[{"longitude":-117.922008,"latitude":33.817595,"attractionName":"Disneyland","city":"Anaheim","stat (truncated)...
15:53:16.013 [reactor-http-nio-47] DEBUG reactor.netty.resources.PooledConnectionProvider - [id: 0xdaf60602, L:/127.0.0.1:51681 - R:localhost/127.0.0.1:8083] onStateChange(GET{uri=/attractions, connection=PooledConnection{channel=[id: 0xdaf60602, L:/127.0.0.1:51681 - R:localhost/127.0.0.1:8083]}}, [disconnecting])
15:53:16.013 [reactor-http-nio-47] DEBUG reactor.netty.resources.PooledConnectionProvider - [id: 0xdaf60602, L:/127.0.0.1:51681 - R:localhost/127.0.0.1:8083] Releasing channel
15:53:16.014 [reactor-http-nio-47] DEBUG reactor.netty.resources.PooledConnectionProvider - [id: 0xdaf60602, L:/127.0.0.1:51681 - R:localhost/127.0.0.1:8083] Channel cleaned, now 257 active connections and 44 inactive connections
15:53:16.014 [reactor-http-nio-47] DEBUG reactor.netty.http.client.HttpClientOperations - [id: 0x120dec4e, L:/127.0.0.1:51686 - R:localhost/127.0.0.1:8083] Received response (auto-read:false) : [Content-Type=application/json, Transfer-Encoding=chunked, Date=Wed, 15 Jun 2022 14:53:14 GMT]
15:53:16.014 [reactor-http-nio-47] DEBUG reactor.netty.resources.PooledConnectionProvider - [id: 0x120dec4e, L:/127.0.0.1:51686 - R:localhost/127.0.0.1:8083] onStateChange(GET{uri=/attractions, connection=PooledConnection{channel=[id: 0x120dec4e, L:/127.0.0.1:51686 - R:localhost/127.0.0.1:8083]}}, [response_received])
15:53:16.014 [reactor-http-nio-47] DEBUG org.springframework.web.reactive.function.client.ExchangeFunctions - [197a6bf2] Response 200 OK
15:53:16.015 [reactor-http-nio-47] DEBUG reactor.netty.channel.FluxReceive - [id: 0x120dec4e, L:/127.0.0.1:51686 - R:localhost/127.0.0.1:8083] Subscribing inbound receiver [pending: 0, cancelled:false, inboundDone: false]
15:53:16.015 [reactor-http-nio-47] DEBUG reactor.netty.http.client.HttpClientOperations - [id: 0x120dec4e, L:/127.0.0.1:51686 - R:localhost/127.0.0.1:8083] Received last HTTP packet
15:53:16.016 [reactor-http-nio-47] DEBUG org.springframework.core.codec.StringDecoder - [197a6bf2] Decoded "[{"longitude":-117.922008,"latitude":33.817595,"attractionName":"Disneyland","city":"Anaheim","stat (truncated)...
15:53:16.016 [reactor-http-nio-47] DEBUG reactor.netty.resources.PooledConnectionProvider - [id: 0x120dec4e, L:/127.0.0.1:51686 - R:localhost/127.0.0.1:8083] onStateChange(GET{uri=/attractions, connection=PooledConnection{channel=[id: 0x120dec4e, L:/127.0.0.1:51686 - R:localhost/127.0.0.1:8083]}}, [disconnecting])
15:53:16.016 [reactor-http-nio-47] DEBUG reactor.netty.resources.PooledConnectionProvider - [id: 0x120dec4e, L:/127.0.0.1:51686 - R:localhost/127.0.0.1:8083] Releasing channel
15:53:16.016 [reactor-http-nio-47] DEBUG reactor.netty.resources.PooledConnectionProvider - [id: 0x120dec4e, L:/127.0.0.1:51686 - R:localhost/127.0.0.1:8083] Channel cleaned, now 256 active connections and 45 inactive connections
15:53:16.016 [reactor-http-nio-47] DEBUG reactor.netty.http.client.HttpClientOperations - [id: 0xf17c5cf9, L:/127.0.0.1:51688 - R:localhost/127.0.0.1:8083] Received response (auto-read:false) : [Content-Type=application/json, Transfer-Encoding=chunked, Date=Wed, 15 Jun 2022 14:53:15 GMT]
15:53:16.016 [reactor-http-nio-47] DEBUG reactor.netty.resources.PooledConnectionProvider - [id: 0xf17c5cf9, L:/127.0.0.1:51688 - R:localhost/127.0.0.1:8083] onStateChange(GET{uri=/attractions, connection=PooledConnection{channel=[id: 0xf17c5cf9, L:/127.0.0.1:51688 - R:localhost/127.0.0.1:8083]}}, [response_received])
15:53:16.016 [reactor-http-nio-47] DEBUG org.springframework.web.reactive.function.client.ExchangeFunctions - [14378fa9] Response 200 OK
15:53:16.017 [reactor-http-nio-47] DEBUG reactor.netty.channel.FluxReceive - [id: 0xf17c5cf9, L:/127.0.0.1:51688 - R:localhost/127.0.0.1:8083] Subscribing inbound receiver [pending: 0, cancelled:false, inboundDone: false]
15:53:16.017 [reactor-http-nio-47] DEBUG reactor.netty.http.client.HttpClientOperations - [id: 0xf17c5cf9, L:/127.0.0.1:51688 - R:localhost/127.0.0.1:8083] Received last HTTP packet
15:53:16.017 [reactor-http-nio-47] DEBUG org.springframework.core.codec.StringDecoder - [14378fa9] Decoded "[{"longitude":-117.922008,"latitude":33.817595,"attractionName":"Disneyland","city":"Anaheim","stat (truncated)...
15:53:16.017 [reactor-http-nio-47] DEBUG reactor.netty.resources.PooledConnectionProvider - [id: 0xf17c5cf9, L:/127.0.0.1:51688 - R:localhost/127.0.0.1:8083] onStateChange(GET{uri=/attractions, connection=PooledConnection{channel=[id: 0xf17c5cf9, L:/127.0.0.1:51688 - R:localhost/127.0.0.1:8083]}}, [disconnecting])
15:53:16.017 [reactor-http-nio-47] DEBUG reactor.netty.resources.PooledConnectionProvider - [id: 0xf17c5cf9, L:/127.0.0.1:51688 - R:localhost/127.0.0.1:8083] Releasing channel
15:53:16.017 [reactor-http-nio-47] DEBUG reactor.netty.resources.PooledConnectionProvider - [id: 0xf17c5cf9, L:/127.0.0.1:51688 - R:localhost/127.0.0.1:8083] Channel cleaned, now 255 active connections and 46 inactive connections
15:53:16.017 [reactor-http-nio-47] DEBUG reactor.netty.http.client.HttpClientOperations - [id: 0x25d8fc77, L:/127.0.0.1:51691 - R:localhost/127.0.0.1:8083] Received response (auto-read:false) : [Content-Type=application/json, Transfer-Encoding=chunked, Date=Wed, 15 Jun 2022 14:53:15 GMT]
15:53:16.017 [reactor-http-nio-47] DEBUG reactor.netty.resources.PooledConnectionProvider - [id: 0x25d8fc77, L:/127.0.0.1:51691 - R:localhost/127.0.0.1:8083] onStateChange(GET{uri=/attractions, connection=PooledConnection{channel=[id: 0x25d8fc77, L:/127.0.0.1:51691 - R:localhost/127.0.0.1:8083]}}, [response_received])
15:53:16.018 [reactor-http-nio-47] DEBUG org.springframework.web.reactive.function.client.ExchangeFunctions - [1d12a92f] Response 200 OK
15:53:16.018 [reactor-http-nio-47] DEBUG reactor.netty.channel.FluxReceive - [id: 0x25d8fc77, L:/127.0.0.1:51691 - R:localhost/127.0.0.1:8083] Subscribing inbound receiver [pending: 0, cancelled:false, inboundDone: false]
15:53:16.018 [reactor-http-nio-47] DEBUG reactor.netty.http.client.HttpClientOperations - [id: 0x25d8fc77, L:/127.0.0.1:51691 - R:localhost/127.0.0.1:8083] Received last HTTP packet
15:53:16.018 [reactor-http-nio-47] DEBUG org.springframework.core.codec.StringDecoder - [1d12a92f] Decoded "[{"longitude":-117.922008,"latitude":33.817595,"attractionName":"Disneyland","city":"Anaheim","stat (truncated)...
15:53:16.018 [reactor-http-nio-47] DEBUG reactor.netty.resources.PooledConnectionProvider - [id: 0x25d8fc77, L:/127.0.0.1:51691 - R:localhost/127.0.0.1:8083] onStateChange(GET{uri=/attractions, connection=PooledConnection{channel=[id: 0x25d8fc77, L:/127.0.0.1:51691 - R:localhost/127.0.0.1:8083]}}, [disconnecting])
15:53:16.018 [reactor-http-nio-47] DEBUG reactor.netty.resources.PooledConnectionProvider - [id: 0x25d8fc77, L:/127.0.0.1:51691 - R:localhost/127.0.0.1:8083] Releasing channel
15:53:16.018 [reactor-http-nio-47] DEBUG reactor.netty.resources.PooledConnectionProvider - [id: 0x25d8fc77, L:/127.0.0.1:51691 - R:localhost/127.0.0.1:8083] Channel cleaned, now 254 active connections and 47 inactive connections
15:53:16.019 [reactor-http-nio-47] DEBUG reactor.netty.http.client.HttpClientOperations - [id: 0x99bba80d, L:/127.0.0.1:51693 - R:localhost/127.0.0.1:8083] Received last HTTP packet
15:53:16.019 [reactor-http-nio-47] DEBUG org.springframework.core.codec.StringDecoder - [48a943b9] Decoded "[{"longitude":-117.922008,"latitude":33.817595,"attractionName":"Disneyland","city":"Anaheim","stat (truncated)...
15:53:16.019 [reactor-http-nio-47] DEBUG reactor.netty.resources.PooledConnectionProvider - [id: 0x99bba80d, L:/127.0.0.1:51693 - R:localhost/127.0.0.1:8083] onStateChange(GET{uri=/attractions, connection=PooledConnection{channel=[id: 0x99bba80d, L:/127.0.0.1:51693 - R:localhost/127.0.0.1:8083]}}, [disconnecting])
15:53:16.019 [reactor-http-nio-47] DEBUG reactor.netty.resources.PooledConnectionProvider - [id: 0x99bba80d, L:/127.0.0.1:51693 - R:localhost/127.0.0.1:8083] Releasing channel
15:53:16.019 [reactor-http-nio-47] DEBUG reactor.netty.resources.PooledConnectionProvider - [id: 0x99bba80d, L:/127.0.0.1:51693 - R:localhost/127.0.0.1:8083] Channel cleaned, now 253 active connections and 48 inactive connections
15:53:16.019 [reactor-http-nio-47] DEBUG reactor.netty.http.client.HttpClientOperations - [id: 0xc1a60bcc, L:/127.0.0.1:51694 - R:localhost/127.0.0.1:8083] Received last HTTP packet
15:53:16.019 [reactor-http-nio-47] DEBUG org.springframework.core.codec.StringDecoder - [2ce22b5d] Decoded "[{"longitude":-117.922008,"latitude":33.817595,"attractionName":"Disneyland","city":"Anaheim","stat (truncated)...
15:53:16.019 [reactor-http-nio-47] DEBUG reactor.netty.resources.PooledConnectionProvider - [id: 0xc1a60bcc, L:/127.0.0.1:51694 - R:localhost/127.0.0.1:8083] onStateChange(GET{uri=/attractions, connection=PooledConnection{channel=[id: 0xc1a60bcc, L:/127.0.0.1:51694 - R:localhost/127.0.0.1:8083]}}, [disconnecting])
15:53:16.019 [reactor-http-nio-47] DEBUG reactor.netty.resources.PooledConnectionProvider - [id: 0xc1a60bcc, L:/127.0.0.1:51694 - R:localhost/127.0.0.1:8083] Releasing channel
15:53:16.019 [reactor-http-nio-47] DEBUG reactor.netty.resources.PooledConnectionProvider - [id: 0xc1a60bcc, L:/127.0.0.1:51694 - R:localhost/127.0.0.1:8083] Channel cleaned, now 252 active connections and 49 inactive connections
15:53:16.020 [reactor-http-nio-47] DEBUG reactor.netty.http.client.HttpClientOperations - [id: 0x5f2155e6, L:/127.0.0.1:51846 - R:localhost/127.0.0.1:8083] Received response (auto-read:false) : [Content-Type=application/json, Transfer-Encoding=chunked, Date=Wed, 15 Jun 2022 14:53:14 GMT]
15:53:16.020 [reactor-http-nio-47] DEBUG reactor.netty.resources.PooledConnectionProvider - [id: 0x5f2155e6, L:/127.0.0.1:51846 - R:localhost/127.0.0.1:8083] onStateChange(GET{uri=/attractions, connection=PooledConnection{channel=[id: 0x5f2155e6, L:/127.0.0.1:51846 - R:localhost/127.0.0.1:8083]}}, [response_received])
15:53:16.020 [reactor-http-nio-47] DEBUG org.springframework.web.reactive.function.client.ExchangeFunctions - [732894f8] Response 200 OK
15:53:16.020 [reactor-http-nio-47] DEBUG reactor.netty.channel.FluxReceive - [id: 0x5f2155e6, L:/127.0.0.1:51846 - R:localhost/127.0.0.1:8083] Subscribing inbound receiver [pending: 0, cancelled:false, inboundDone: false]
15:53:16.020 [reactor-http-nio-47] DEBUG reactor.netty.http.client.HttpClientOperations - [id: 0x5f2155e6, L:/127.0.0.1:51846 - R:localhost/127.0.0.1:8083] Received last HTTP packet
15:53:16.020 [reactor-http-nio-47] DEBUG org.springframework.core.codec.StringDecoder - [732894f8] Decoded "[{"longitude":-117.922008,"latitude":33.817595,"attractionName":"Disneyland","city":"Anaheim","stat (truncated)...
15:53:16.021 [reactor-http-nio-47] DEBUG reactor.netty.resources.PooledConnectionProvider - [id: 0x5f2155e6, L:/127.0.0.1:51846 - R:localhost/127.0.0.1:8083] onStateChange(GET{uri=/attractions, connection=PooledConnection{channel=[id: 0x5f2155e6, L:/127.0.0.1:51846 - R:localhost/127.0.0.1:8083]}}, [disconnecting])
15:53:16.021 [reactor-http-nio-47] DEBUG reactor.netty.resources.PooledConnectionProvider - [id: 0x5f2155e6, L:/127.0.0.1:51846 - R:localhost/127.0.0.1:8083] Releasing channel
15:53:16.021 [reactor-http-nio-47] DEBUG reactor.netty.resources.PooledConnectionProvider - [id: 0x5f2155e6, L:/127.0.0.1:51846 - R:localhost/127.0.0.1:8083] Channel cleaned, now 251 active connections and 50 inactive connections
15:53:16.021 [reactor-http-nio-47] DEBUG reactor.netty.http.client.HttpClientOperations - [id: 0x0c4c7f0e, L:/127.0.0.1:51853 - R:localhost/127.0.0.1:8083] Received response (auto-read:false) : [Content-Type=application/json, Transfer-Encoding=chunked, Date=Wed, 15 Jun 2022 14:53:15 GMT]
15:53:16.021 [reactor-http-nio-47] DEBUG reactor.netty.resources.PooledConnectionProvider - [id: 0x0c4c7f0e, L:/127.0.0.1:51853 - R:localhost/127.0.0.1:8083] onStateChange(GET{uri=/userLocation?userId=7162a0db-4941-4472-9030-80aab7bcd1ce, connection=PooledConnection{channel=[id: 0x0c4c7f0e, L:/127.0.0.1:51853 - R:localhost/127.0.0.1:8083]}}, [response_received])
15:53:16.021 [reactor-http-nio-47] DEBUG org.springframework.web.reactive.function.client.ExchangeFunctions - [728d37ae] Response 200 OK
15:53:16.021 [reactor-http-nio-47] DEBUG reactor.netty.channel.FluxReceive - [id: 0x0c4c7f0e, L:/127.0.0.1:51853 - R:localhost/127.0.0.1:8083] Subscribing inbound receiver [pending: 0, cancelled:false, inboundDone: false]
15:53:16.021 [reactor-http-nio-47] DEBUG reactor.netty.http.client.HttpClientOperations - [id: 0x0c4c7f0e, L:/127.0.0.1:51853 - R:localhost/127.0.0.1:8083] Received last HTTP packet
15:53:16.022 [reactor-http-nio-47] DEBUG org.springframework.core.codec.StringDecoder - [728d37ae] Decoded "{"userId":"7162a0db-4941-4472-9030-80aab7bcd1ce","location":{"longitude":-65.975228,"latitude":-26. (truncated)...
15:53:16.022 [reactor-http-nio-47] DEBUG reactor.netty.resources.PooledConnectionProvider - [id: 0x0c4c7f0e, L:/127.0.0.1:51853 - R:localhost/127.0.0.1:8083] onStateChange(GET{uri=/userLocation?userId=7162a0db-4941-4472-9030-80aab7bcd1ce, connection=PooledConnection{channel=[id: 0x0c4c7f0e, L:/127.0.0.1:51853 - R:localhost/127.0.0.1:8083]}}, [disconnecting])
15:53:16.022 [reactor-http-nio-47] DEBUG reactor.netty.resources.PooledConnectionProvider - [id: 0x0c4c7f0e, L:/127.0.0.1:51853 - R:localhost/127.0.0.1:8083] Releasing channel
15:53:16.022 [reactor-http-nio-47] DEBUG reactor.netty.resources.PooledConnectionProvider - [id: 0x0c4c7f0e, L:/127.0.0.1:51853 - R:localhost/127.0.0.1:8083] Channel cleaned, now 250 active connections and 51 inactive connections
15:53:16.022 [reactor-http-nio-47] DEBUG reactor.netty.http.client.HttpClientOperations - [id: 0x16e996b4, L:/127.0.0.1:51859 - R:localhost/127.0.0.1:8083] Received response (auto-read:false) : [Content-Type=application/json, Transfer-Encoding=chunked, Date=Wed, 15 Jun 2022 14:53:15 GMT]
15:53:16.022 [reactor-http-nio-47] DEBUG reactor.netty.resources.PooledConnectionProvider - [id: 0x16e996b4, L:/127.0.0.1:51859 - R:localhost/127.0.0.1:8083] onStateChange(GET{uri=/userLocation?userId=8b3af590-1cb0-4ee3-87ae-29eefec5db37, connection=PooledConnection{channel=[id: 0x16e996b4, L:/127.0.0.1:51859 - R:localhost/127.0.0.1:8083]}}, [response_received])
15:53:16.022 [reactor-http-nio-47] DEBUG org.springframework.web.reactive.function.client.ExchangeFunctions - [6b238cc2] Response 200 OK
15:53:16.022 [reactor-http-nio-47] DEBUG reactor.netty.channel.FluxReceive - [id: 0x16e996b4, L:/127.0.0.1:51859 - R:localhost/127.0.0.1:8083] Subscribing inbound receiver [pending: 0, cancelled:false, inboundDone: false]
15:53:16.023 [reactor-http-nio-47] DEBUG reactor.netty.http.client.HttpClientOperations - [id: 0xa74b43bb, L:/127.0.0.1:51860 - R:localhost/127.0.0.1:8083] Received last HTTP packet
15:53:16.023 [reactor-http-nio-47] DEBUG org.springframework.core.codec.StringDecoder - [72dd4d79] Decoded "{"userId":"fd80722c-e7de-4145-8bc7-543b11bae293","location":{"longitude":72.822632,"latitude":26.26 (truncated)...
15:53:16.023 [reactor-http-nio-47] DEBUG reactor.netty.resources.PooledConnectionProvider - [id: 0xa74b43bb, L:/127.0.0.1:51860 - R:localhost/127.0.0.1:8083] onStateChange(GET{uri=/userLocation?userId=fd80722c-e7de-4145-8bc7-543b11bae293, connection=PooledConnection{channel=[id: 0xa74b43bb, L:/127.0.0.1:51860 - R:localhost/127.0.0.1:8083]}}, [disconnecting])
15:53:16.023 [reactor-http-nio-47] DEBUG reactor.netty.resources.PooledConnectionProvider - [id: 0xa74b43bb, L:/127.0.0.1:51860 - R:localhost/127.0.0.1:8083] Releasing channel
15:53:16.023 [reactor-http-nio-47] DEBUG reactor.netty.resources.PooledConnectionProvider - [id: 0xa74b43bb, L:/127.0.0.1:51860 - R:localhost/127.0.0.1:8083] Channel cleaned, now 249 active connections and 52 inactive connections
15:53:16.024 [reactor-http-nio-47] DEBUG reactor.netty.http.client.HttpClientOperations - [id: 0x2891d552, L:/127.0.0.1:51862 - R:localhost/127.0.0.1:8083] Received response (auto-read:false) : [Content-Type=application/json, Transfer-Encoding=chunked, Date=Wed, 15 Jun 2022 14:53:15 GMT]
15:53:16.024 [reactor-http-nio-47] DEBUG reactor.netty.resources.PooledConnectionProvider - [id: 0x2891d552, L:/127.0.0.1:51862 - R:localhost/127.0.0.1:8083] onStateChange(GET{uri=/userLocation?userId=3ec4fbe0-0dde-427c-9cd5-84402ced7c38, connection=PooledConnection{channel=[id: 0x2891d552, L:/127.0.0.1:51862 - R:localhost/127.0.0.1:8083]}}, [response_received])
15:53:16.024 [reactor-http-nio-47] DEBUG org.springframework.web.reactive.function.client.ExchangeFunctions - [7b3834f6] Response 200 OK
15:53:16.025 [reactor-http-nio-47] DEBUG reactor.netty.channel.FluxReceive - [id: 0x2891d552, L:/127.0.0.1:51862 - R:localhost/127.0.0.1:8083] Subscribing inbound receiver [pending: 0, cancelled:false, inboundDone: false]
15:53:16.025 [reactor-http-nio-47] DEBUG reactor.netty.http.client.HttpClientOperations - [id: 0x2891d552, L:/127.0.0.1:51862 - R:localhost/127.0.0.1:8083] Received last HTTP packet
15:53:16.026 [reactor-http-nio-47] DEBUG org.springframework.core.codec.StringDecoder - [7b3834f6] Decoded "{"userId":"3ec4fbe0-0dde-427c-9cd5-84402ced7c38","location":{"longitude":134.039526,"latitude":80.1 (truncated)...
15:53:16.026 [reactor-http-nio-47] DEBUG reactor.netty.resources.PooledConnectionProvider - [id: 0x2891d552, L:/127.0.0.1:51862 - R:localhost/127.0.0.1:8083] onStateChange(GET{uri=/userLocation?userId=3ec4fbe0-0dde-427c-9cd5-84402ced7c38, connection=PooledConnection{channel=[id: 0x2891d552, L:/127.0.0.1:51862 - R:localhost/127.0.0.1:8083]}}, [disconnecting])
15:53:16.026 [reactor-http-nio-47] DEBUG reactor.netty.resources.PooledConnectionProvider - [id: 0x2891d552, L:/127.0.0.1:51862 - R:localhost/127.0.0.1:8083] Releasing channel
15:53:16.026 [reactor-http-nio-47] DEBUG reactor.netty.resources.PooledConnectionProvider - [id: 0x2891d552, L:/127.0.0.1:51862 - R:localhost/127.0.0.1:8083] Channel cleaned, now 248 active connections and 53 inactive connections
15:53:16.026 [reactor-http-nio-47] DEBUG reactor.netty.http.client.HttpClientOperations - [id: 0x597600af, L:/127.0.0.1:51865 - R:localhost/127.0.0.1:8083] Received response (auto-read:false) : [Content-Type=application/json, Transfer-Encoding=chunked, Date=Wed, 15 Jun 2022 14:53:15 GMT]
15:53:16.026 [reactor-http-nio-47] DEBUG reactor.netty.resources.PooledConnectionProvider - [id: 0x597600af, L:/127.0.0.1:51865 - R:localhost/127.0.0.1:8083] onStateChange(GET{uri=/userLocation?userId=13c6ceaf-0710-462f-8bc2-e2ac91fb1350, connection=PooledConnection{channel=[id: 0x597600af, L:/127.0.0.1:51865 - R:localhost/127.0.0.1:8083]}}, [response_received])
15:53:16.026 [reactor-http-nio-47] DEBUG org.springframework.web.reactive.function.client.ExchangeFunctions - [3bbf1dfb] Response 200 OK
15:53:16.027 [reactor-http-nio-47] DEBUG reactor.netty.channel.FluxReceive - [id: 0x597600af, L:/127.0.0.1:51865 - R:localhost/127.0.0.1:8083] Subscribing inbound receiver [pending: 0, cancelled:false, inboundDone: false]
15:53:16.027 [reactor-http-nio-47] DEBUG reactor.netty.http.client.HttpClientOperations - [id: 0x597600af, L:/127.0.0.1:51865 - R:localhost/127.0.0.1:8083] Received last HTTP packet
15:53:16.028 [reactor-http-nio-47] DEBUG org.springframework.core.codec.StringDecoder - [3bbf1dfb] Decoded "{"userId":"13c6ceaf-0710-462f-8bc2-e2ac91fb1350","location":{"longitude":-144.086954,"latitude":24. (truncated)...
15:53:16.028 [reactor-http-nio-47] DEBUG reactor.netty.resources.PooledConnectionProvider - [id: 0x597600af, L:/127.0.0.1:51865 - R:localhost/127.0.0.1:8083] onStateChange(GET{uri=/userLocation?userId=13c6ceaf-0710-462f-8bc2-e2ac91fb1350, connection=PooledConnection{channel=[id: 0x597600af, L:/127.0.0.1:51865 - R:localhost/127.0.0.1:8083]}}, [disconnecting])
15:53:16.028 [reactor-http-nio-47] DEBUG reactor.netty.resources.PooledConnectionProvider - [id: 0x597600af, L:/127.0.0.1:51865 - R:localhost/127.0.0.1:8083] Releasing channel
15:53:16.028 [reactor-http-nio-47] DEBUG reactor.netty.resources.PooledConnectionProvider - [id: 0x597600af, L:/127.0.0.1:51865 - R:localhost/127.0.0.1:8083] Channel cleaned, now 247 active connections and 54 inactive connections
15:53:16.028 [reactor-http-nio-47] DEBUG reactor.netty.http.client.HttpClientOperations - [id: 0xd987e438, L:/127.0.0.1:51866 - R:localhost/127.0.0.1:8083] Received response (auto-read:false) : [Content-Type=application/json, Transfer-Encoding=chunked, Date=Wed, 15 Jun 2022 14:53:15 GMT]
15:53:16.028 [reactor-http-nio-47] DEBUG reactor.netty.resources.PooledConnectionProvider - [id: 0xd987e438, L:/127.0.0.1:51866 - R:localhost/127.0.0.1:8083] onStateChange(GET{uri=/userLocation?userId=91bd1919-8565-44b1-9b6f-77a7a44f7646, connection=PooledConnection{channel=[id: 0xd987e438, L:/127.0.0.1:51866 - R:localhost/127.0.0.1:8083]}}, [response_received])
15:53:16.028 [reactor-http-nio-47] DEBUG org.springframework.web.reactive.function.client.ExchangeFunctions - [1aad4740] Response 200 OK
15:53:16.028 [reactor-http-nio-47] DEBUG reactor.netty.channel.FluxReceive - [id: 0xd987e438, L:/127.0.0.1:51866 - R:localhost/127.0.0.1:8083] Subscribing inbound receiver [pending: 0, cancelled:false, inboundDone: false]
15:53:16.029 [reactor-http-nio-47] DEBUG reactor.netty.http.client.HttpClientOperations - [id: 0xd987e438, L:/127.0.0.1:51866 - R:localhost/127.0.0.1:8083] Received last HTTP packet
15:53:16.029 [reactor-http-nio-47] DEBUG org.springframework.core.codec.StringDecoder - [1aad4740] Decoded "{"userId":"91bd1919-8565-44b1-9b6f-77a7a44f7646","location":{"longitude":142.4887,"latitude":-31.85 (truncated)...
15:53:16.029 [reactor-http-nio-47] DEBUG reactor.netty.resources.PooledConnectionProvider - [id: 0xd987e438, L:/127.0.0.1:51866 - R:localhost/127.0.0.1:8083] onStateChange(GET{uri=/userLocation?userId=91bd1919-8565-44b1-9b6f-77a7a44f7646, connection=PooledConnection{channel=[id: 0xd987e438, L:/127.0.0.1:51866 - R:localhost/127.0.0.1:8083]}}, [disconnecting])
15:53:16.029 [reactor-http-nio-47] DEBUG reactor.netty.resources.PooledConnectionProvider - [id: 0xd987e438, L:/127.0.0.1:51866 - R:localhost/127.0.0.1:8083] Releasing channel
15:53:16.029 [reactor-http-nio-47] DEBUG reactor.netty.resources.PooledConnectionProvider - [id: 0xd987e438, L:/127.0.0.1:51866 - R:localhost/127.0.0.1:8083] Channel cleaned, now 246 active connections and 55 inactive connections
15:53:16.029 [reactor-http-nio-47] DEBUG reactor.netty.http.client.HttpClientOperations - [id: 0xccae12b7, L:/127.0.0.1:51874 - R:localhost/127.0.0.1:8083] Received response (auto-read:false) : [Content-Type=application/json, Transfer-Encoding=chunked, Date=Wed, 15 Jun 2022 14:53:15 GMT]
15:53:16.029 [reactor-http-nio-47] DEBUG reactor.netty.resources.PooledConnectionProvider - [id: 0xccae12b7, L:/127.0.0.1:51874 - R:localhost/127.0.0.1:8083] onStateChange(GET{uri=/userLocation?userId=17e328fa-6d3f-4114-bb82-70207a82fbd9, connection=PooledConnection{channel=[id: 0xccae12b7, L:/127.0.0.1:51874 - R:localhost/127.0.0.1:8083]}}, [response_received])
15:53:16.029 [reactor-http-nio-47] DEBUG org.springframework.web.reactive.function.client.ExchangeFunctions - [4252f6d] Response 200 OK
15:53:16.030 [reactor-http-nio-47] DEBUG reactor.netty.channel.FluxReceive - [id: 0xccae12b7, L:/127.0.0.1:51874 - R:localhost/127.0.0.1:8083] Subscribing inbound receiver [pending: 0, cancelled:false, inboundDone: false]
15:53:16.030 [reactor-http-nio-47] DEBUG reactor.netty.http.client.HttpClientOperations - [id: 0xccae12b7, L:/127.0.0.1:51874 - R:localhost/127.0.0.1:8083] Received last HTTP packet
15:53:16.030 [reactor-http-nio-47] DEBUG org.springframework.core.codec.StringDecoder - [4252f6d] Decoded "{"userId":"17e328fa-6d3f-4114-bb82-70207a82fbd9","location":{"longitude":176.209761,"latitude":-70. (truncated)...
15:53:16.030 [reactor-http-nio-47] DEBUG reactor.netty.resources.PooledConnectionProvider - [id: 0xccae12b7, L:/127.0.0.1:51874 - R:localhost/127.0.0.1:8083] onStateChange(GET{uri=/userLocation?userId=17e328fa-6d3f-4114-bb82-70207a82fbd9, connection=PooledConnection{channel=[id: 0xccae12b7, L:/127.0.0.1:51874 - R:localhost/127.0.0.1:8083]}}, [disconnecting])
15:53:16.030 [reactor-http-nio-47] DEBUG reactor.netty.resources.PooledConnectionProvider - [id: 0xccae12b7, L:/127.0.0.1:51874 - R:localhost/127.0.0.1:8083] Releasing channel
15:53:16.030 [reactor-http-nio-47] DEBUG reactor.netty.resources.PooledConnectionProvider - [id: 0xccae12b7, L:/127.0.0.1:51874 - R:localhost/127.0.0.1:8083] Channel cleaned, now 245 active connections and 56 inactive connections
15:53:16.030 [reactor-http-nio-47] DEBUG reactor.netty.http.client.HttpClientOperations - [id: 0xa6138326, L:/127.0.0.1:51881 - R:localhost/127.0.0.1:8083] Received last HTTP packet
15:53:16.030 [reactor-http-nio-47] DEBUG org.springframework.core.codec.StringDecoder - [6891b8fa] Decoded "{"userId":"3a128795-52ee-44f2-8988-44f054b718ac","location":{"longitude":122.707989,"latitude":-43. (truncated)...
15:53:16.030 [reactor-http-nio-47] DEBUG reactor.netty.resources.PooledConnectionProvider - [id: 0xa6138326, L:/127.0.0.1:51881 - R:localhost/127.0.0.1:8083] onStateChange(GET{uri=/userLocation?userId=3a128795-52ee-44f2-8988-44f054b718ac, connection=PooledConnection{channel=[id: 0xa6138326, L:/127.0.0.1:51881 - R:localhost/127.0.0.1:8083]}}, [disconnecting])
15:53:16.030 [reactor-http-nio-47] DEBUG reactor.netty.resources.PooledConnectionProvider - [id: 0xa6138326, L:/127.0.0.1:51881 - R:localhost/127.0.0.1:8083] Releasing channel
15:53:16.030 [reactor-http-nio-47] DEBUG reactor.netty.resources.PooledConnectionProvider - [id: 0xa6138326, L:/127.0.0.1:51881 - R:localhost/127.0.0.1:8083] Channel cleaned, now 244 active connections and 57 inactive connections
15:53:16.031 [reactor-http-nio-47] DEBUG reactor.netty.http.client.HttpClientOperations - [id: 0x4b4296d8, L:/127.0.0.1:51883 - R:localhost/127.0.0.1:8083] Received response (auto-read:false) : [Content-Type=application/json, Transfer-Encoding=chunked, Date=Wed, 15 Jun 2022 14:53:15 GMT]
15:53:16.031 [reactor-http-nio-47] DEBUG reactor.netty.resources.PooledConnectionProvider - [id: 0x4b4296d8, L:/127.0.0.1:51883 - R:localhost/127.0.0.1:8083] onStateChange(GET{uri=/userLocation?userId=43a6b1c9-5911-4846-904f-de16a621546c, connection=PooledConnection{channel=[id: 0x4b4296d8, L:/127.0.0.1:51883 - R:localhost/127.0.0.1:8083]}}, [response_received])
15:53:16.031 [reactor-http-nio-47] DEBUG org.springframework.web.reactive.function.client.ExchangeFunctions - [7cebd039] Response 200 OK
15:53:16.032 [reactor-http-nio-47] DEBUG reactor.netty.channel.FluxReceive - [id: 0x4b4296d8, L:/127.0.0.1:51883 - R:localhost/127.0.0.1:8083] Subscribing inbound receiver [pending: 0, cancelled:false, inboundDone: false]
15:53:16.032 [reactor-http-nio-47] DEBUG reactor.netty.http.client.HttpClientOperations - [id: 0x4b4296d8, L:/127.0.0.1:51883 - R:localhost/127.0.0.1:8083] Received last HTTP packet
15:53:16.032 [reactor-http-nio-47] DEBUG org.springframework.core.codec.StringDecoder - [7cebd039] Decoded "{"userId":"43a6b1c9-5911-4846-904f-de16a621546c","location":{"longitude":-46.177037,"latitude":-13. (truncated)...
15:53:16.032 [reactor-http-nio-47] DEBUG reactor.netty.resources.PooledConnectionProvider - [id: 0x4b4296d8, L:/127.0.0.1:51883 - R:localhost/127.0.0.1:8083] onStateChange(GET{uri=/userLocation?userId=43a6b1c9-5911-4846-904f-de16a621546c, connection=PooledConnection{channel=[id: 0x4b4296d8, L:/127.0.0.1:51883 - R:localhost/127.0.0.1:8083]}}, [disconnecting])
15:53:16.032 [reactor-http-nio-47] DEBUG reactor.netty.resources.PooledConnectionProvider - [id: 0x4b4296d8, L:/127.0.0.1:51883 - R:localhost/127.0.0.1:8083] Releasing channel
15:53:16.032 [reactor-http-nio-47] DEBUG reactor.netty.resources.PooledConnectionProvider - [id: 0x4b4296d8, L:/127.0.0.1:51883 - R:localhost/127.0.0.1:8083] Channel cleaned, now 243 active connections and 58 inactive connections
15:53:16.033 [reactor-http-nio-47] DEBUG reactor.netty.http.client.HttpClientOperations - [id: 0xaeb3e815, L:/127.0.0.1:51887 - R:localhost/127.0.0.1:8083] Received response (auto-read:false) : [Content-Type=application/json, Transfer-Encoding=chunked, Date=Wed, 15 Jun 2022 14:53:15 GMT]
15:53:16.033 [reactor-http-nio-47] DEBUG reactor.netty.resources.PooledConnectionProvider - [id: 0xaeb3e815, L:/127.0.0.1:51887 - R:localhost/127.0.0.1:8083] onStateChange(GET{uri=/userLocation?userId=d5e375b9-6de3-465c-b4f9-9a02553a3a10, connection=PooledConnection{channel=[id: 0xaeb3e815, L:/127.0.0.1:51887 - R:localhost/127.0.0.1:8083]}}, [response_received])
15:53:16.034 [reactor-http-nio-47] DEBUG org.springframework.web.reactive.function.client.ExchangeFunctions - [107314a3] Response 200 OK
15:53:16.035 [reactor-http-nio-47] DEBUG reactor.netty.channel.FluxReceive - [id: 0xaeb3e815, L:/127.0.0.1:51887 - R:localhost/127.0.0.1:8083] Subscribing inbound receiver [pending: 0, cancelled:false, inboundDone: false]
15:53:16.035 [reactor-http-nio-47] DEBUG reactor.netty.http.client.HttpClientOperations - [id: 0xaeb3e815, L:/127.0.0.1:51887 - R:localhost/127.0.0.1:8083] Received last HTTP packet
15:53:16.036 [reactor-http-nio-47] DEBUG org.springframework.core.codec.StringDecoder - [107314a3] Decoded "{"userId":"d5e375b9-6de3-465c-b4f9-9a02553a3a10","location":{"longitude":169.428968,"latitude":-69. (truncated)...
15:53:16.036 [reactor-http-nio-47] DEBUG reactor.netty.resources.PooledConnectionProvider - [id: 0xaeb3e815, L:/127.0.0.1:51887 - R:localhost/127.0.0.1:8083] onStateChange(GET{uri=/userLocation?userId=d5e375b9-6de3-465c-b4f9-9a02553a3a10, connection=PooledConnection{channel=[id: 0xaeb3e815, L:/127.0.0.1:51887 - R:localhost/127.0.0.1:8083]}}, [disconnecting])
15:53:16.036 [reactor-http-nio-47] DEBUG reactor.netty.resources.PooledConnectionProvider - [id: 0xaeb3e815, L:/127.0.0.1:51887 - R:localhost/127.0.0.1:8083] Releasing channel
15:53:16.036 [reactor-http-nio-47] DEBUG reactor.netty.resources.PooledConnectionProvider - [id: 0xaeb3e815, L:/127.0.0.1:51887 - R:localhost/127.0.0.1:8083] Channel cleaned, now 242 active connections and 59 inactive connections
15:53:16.041 [reactor-http-nio-47] DEBUG reactor.netty.http.client.HttpClientOperations - [id: 0xe35e117d, L:/127.0.0.1:51893 - R:localhost/127.0.0.1:8083] Received response (auto-read:false) : [Content-Type=application/json, Transfer-Encoding=chunked, Date=Wed, 15 Jun 2022 14:53:15 GMT]
15:53:16.041 [reactor-http-nio-47] DEBUG reactor.netty.resources.PooledConnectionProvider - [id: 0xe35e117d, L:/127.0.0.1:51893 - R:localhost/127.0.0.1:8083] onStateChange(GET{uri=/userLocation?userId=cf5f7f30-4f9e-488a-8e3b-f9697d5069bc, connection=PooledConnection{channel=[id: 0xe35e117d, L:/127.0.0.1:51893 - R:localhost/127.0.0.1:8083]}}, [response_received])
15:53:16.041 [reactor-http-nio-47] DEBUG org.springframework.web.reactive.function.client.ExchangeFunctions - [6894487b] Response 200 OK
15:53:16.041 [reactor-http-nio-47] DEBUG reactor.netty.channel.FluxReceive - [id: 0xe35e117d, L:/127.0.0.1:51893 - R:localhost/127.0.0.1:8083] Subscribing inbound receiver [pending: 0, cancelled:false, inboundDone: false]
15:53:16.042 [reactor-http-nio-47] DEBUG reactor.netty.http.client.HttpClientOperations - [id: 0xe35e117d, L:/127.0.0.1:51893 - R:localhost/127.0.0.1:8083] Received last HTTP packet
15:53:16.042 [reactor-http-nio-47] DEBUG org.springframework.core.codec.StringDecoder - [6894487b] Decoded "{"userId":"cf5f7f30-4f9e-488a-8e3b-f9697d5069bc","location":{"longitude":-141.426539,"latitude":24. (truncated)...
15:53:16.042 [reactor-http-nio-47] DEBUG reactor.netty.resources.PooledConnectionProvider - [id: 0xe35e117d, L:/127.0.0.1:51893 - R:localhost/127.0.0.1:8083] onStateChange(GET{uri=/userLocation?userId=cf5f7f30-4f9e-488a-8e3b-f9697d5069bc, connection=PooledConnection{channel=[id: 0xe35e117d, L:/127.0.0.1:51893 - R:localhost/127.0.0.1:8083]}}, [disconnecting])
15:53:16.042 [reactor-http-nio-47] DEBUG reactor.netty.resources.PooledConnectionProvider - [id: 0xe35e117d, L:/127.0.0.1:51893 - R:localhost/127.0.0.1:8083] Releasing channel
15:53:16.042 [reactor-http-nio-47] DEBUG reactor.netty.resources.PooledConnectionProvider - [id: 0xe35e117d, L:/127.0.0.1:51893 - R:localhost/127.0.0.1:8083] Channel cleaned, now 241 active connections and 60 inactive connections
15:53:16.043 [reactor-http-nio-47] DEBUG reactor.netty.resources.PooledConnectionProvider - [id: 0xd2ffc3c9, L:/127.0.0.1:51992 - R:localhost/127.0.0.1:8084] onStateChange(PooledConnection{channel=[id: 0xd2ffc3c9, L:/127.0.0.1:51992 - R:localhost/127.0.0.1:8084]}, [connected])
15:53:16.043 [reactor-http-nio-47] DEBUG reactor.netty.resources.PooledConnectionProvider - [id: 0xd2ffc3c9, L:/127.0.0.1:51992 - R:localhost/127.0.0.1:8084] onStateChange(GET{uri=/, connection=PooledConnection{channel=[id: 0xd2ffc3c9, L:/127.0.0.1:51992 - R:localhost/127.0.0.1:8084]}}, [configured])
15:53:16.044 [reactor-http-nio-47] DEBUG reactor.netty.resources.PooledConnectionProvider - [id: 0xd2ffc3c9, L:/127.0.0.1:51992 - R:localhost/127.0.0.1:8084] Registering pool release on close event for channel
15:53:16.044 [reactor-http-nio-47] DEBUG reactor.netty.http.client.HttpClientConnect - [id: 0xd2ffc3c9, L:/127.0.0.1:51992 - R:localhost/127.0.0.1:8084] Handler is being applied: {uri=http://localhost:8084/attractionRewardPoint?attractionId=80cb808f-dfca-4926-bcf7-b93bcf5af376&userId=9ee5e5f1-2320-453c-9ab4-9c02a1a70b71, method=GET}
15:53:16.044 [reactor-http-nio-47] DEBUG reactor.netty.resources.PooledConnectionProvider - [id: 0xd2ffc3c9, L:/127.0.0.1:51992 - R:localhost/127.0.0.1:8084] onStateChange(GET{uri=/attractionRewardPoint?attractionId=80cb808f-dfca-4926-bcf7-b93bcf5af376&userId=9ee5e5f1-2320-453c-9ab4-9c02a1a70b71, connection=PooledConnection{channel=[id: 0xd2ffc3c9, L:/127.0.0.1:51992 - R:localhost/127.0.0.1:8084]}}, [request_sent])
15:53:16.044 [reactor-http-nio-47] DEBUG reactor.netty.resources.PooledConnectionProvider - [id: 0xd2ffc3c9, L:/127.0.0.1:51992 - R:localhost/127.0.0.1:8084] Channel connected, now 11 active connections and 1 inactive connections
15:53:16.051 [pool-2-thread-177] INFO tourGuide.service.TourGuideService - visitedLocatio tourGuide.gpsUtil.VisitedLocation@38ab888a
15:53:16.052 [pool-2-thread-177] DEBUG org.springframework.web.reactive.function.client.ExchangeFunctions - [139374ca] HTTP GET http://localhost:8083/attractions
15:53:16.055 [pool-2-thread-114] INFO tourGuide.service.TourGuideService - visitedLocatio tourGuide.gpsUtil.VisitedLocation@553307a3
15:53:16.056 [pool-2-thread-114] DEBUG org.springframework.web.reactive.function.client.ExchangeFunctions - [1de945d1] HTTP GET http://localhost:8083/attractions
15:53:16.058 [reactor-http-nio-46] DEBUG reactor.netty.resources.PooledConnectionProvider - [id: 0x66bc1825, L:/127.0.0.1:51780 - R:localhost/127.0.0.1:8083] Channel acquired, now 242 active connections and 59 inactive connections
15:53:16.058 [reactor-http-nio-46] DEBUG reactor.netty.http.client.HttpClientConnect - [id: 0x66bc1825, L:/127.0.0.1:51780 - R:localhost/127.0.0.1:8083] Handler is being applied: {uri=http://localhost:8083/attractions, method=GET}
15:53:16.059 [reactor-http-nio-46] DEBUG reactor.netty.resources.PooledConnectionProvider - [id: 0x66bc1825, L:/127.0.0.1:51780 - R:localhost/127.0.0.1:8083] onStateChange(GET{uri=/attractions, connection=PooledConnection{channel=[id: 0x66bc1825, L:/127.0.0.1:51780 - R:localhost/127.0.0.1:8083]}}, [request_sent])
15:53:16.060 [pool-5-thread-94] INFO tourGuide.service.TourGuideService - visitedLocatio tourGuide.gpsUtil.VisitedLocation@41750555
15:53:16.060 [pool-5-thread-94] DEBUG org.springframework.web.reactive.function.client.ExchangeFunctions - [3d7bcb8f] HTTP GET http://localhost:8083/attractions
15:53:16.062 [reactor-http-nio-41] DEBUG reactor.netty.resources.PooledConnectionProvider - [id: 0xc5bdf2c5, L:/127.0.0.1:51719 - R:localhost/127.0.0.1:8083] Channel acquired, now 243 active connections and 58 inactive connections
15:53:16.062 [reactor-http-nio-41] DEBUG reactor.netty.http.client.HttpClientConnect - [id: 0xc5bdf2c5, L:/127.0.0.1:51719 - R:localhost/127.0.0.1:8083] Handler is being applied: {uri=http://localhost:8083/attractions, method=GET}
15:53:16.063 [reactor-http-nio-41] DEBUG reactor.netty.resources.PooledConnectionProvider - [id: 0xc5bdf2c5, L:/127.0.0.1:51719 - R:localhost/127.0.0.1:8083] onStateChange(GET{uri=/attractions, connection=PooledConnection{channel=[id: 0xc5bdf2c5, L:/127.0.0.1:51719 - R:localhost/127.0.0.1:8083]}}, [request_sent])
15:53:16.001 [reactor-http-nio-48] DEBUG org.springframework.web.reactive.function.client.ExchangeFunctions - [53160df6] Response 200 OK
15:53:16.064 [reactor-http-nio-48] DEBUG reactor.netty.channel.FluxReceive - [id: 0xe73f3e74, L:/127.0.0.1:51908 - R:localhost/127.0.0.1:8083] Subscribing inbound receiver [pending: 0, cancelled:false, inboundDone: false]
15:53:16.064 [reactor-http-nio-48] DEBUG reactor.netty.http.client.HttpClientOperations - [id: 0xe73f3e74, L:/127.0.0.1:51908 - R:localhost/127.0.0.1:8083] Received last HTTP packet
15:53:16.064 [reactor-http-nio-48] DEBUG org.springframework.core.codec.StringDecoder - [53160df6] Decoded "{"userId":"5dee6a78-54a6-4559-82a1-992fb2ac424b","location":{"longitude":-94.614203,"latitude":-80. (truncated)...
15:53:16.064 [reactor-http-nio-48] DEBUG reactor.netty.resources.PooledConnectionProvider - [id: 0xe73f3e74, L:/127.0.0.1:51908 - R:localhost/127.0.0.1:8083] onStateChange(GET{uri=/userLocation?userId=5dee6a78-54a6-4559-82a1-992fb2ac424b, connection=PooledConnection{channel=[id: 0xe73f3e74, L:/127.0.0.1:51908 - R:localhost/127.0.0.1:8083]}}, [disconnecting])
15:53:16.064 [reactor-http-nio-48] DEBUG reactor.netty.resources.PooledConnectionProvider - [id: 0xe73f3e74, L:/127.0.0.1:51908 - R:localhost/127.0.0.1:8083] Releasing channel
15:53:16.064 [reactor-http-nio-48] DEBUG reactor.netty.resources.PooledConnectionProvider - [id: 0xe73f3e74, L:/127.0.0.1:51908 - R:localhost/127.0.0.1:8083] Channel cleaned, now 242 active connections and 59 inactive connections
15:53:16.065 [reactor-http-nio-48] DEBUG reactor.netty.http.client.HttpClientOperations - [id: 0xd41b941e, L:/127.0.0.1:51910 - R:localhost/127.0.0.1:8083] Received response (auto-read:false) : [Content-Type=application/json, Transfer-Encoding=chunked, Date=Wed, 15 Jun 2022 14:53:15 GMT]
15:53:16.065 [reactor-http-nio-48] DEBUG reactor.netty.resources.PooledConnectionProvider - [id: 0xd41b941e, L:/127.0.0.1:51910 - R:localhost/127.0.0.1:8083] onStateChange(GET{uri=/userLocation?userId=8d70f929-f18b-4226-ad8c-3263fd279c28, connection=PooledConnection{channel=[id: 0xd41b941e, L:/127.0.0.1:51910 - R:localhost/127.0.0.1:8083]}}, [response_received])
15:53:16.065 [reactor-http-nio-48] DEBUG org.springframework.web.reactive.function.client.ExchangeFunctions - [57f17a5d] Response 200 OK
15:53:16.071 [pool-2-thread-76] INFO tourGuide.service.TourGuideService - visitedLocatio tourGuide.gpsUtil.VisitedLocation@3590070f
15:53:16.072 [pool-5-thread-52] INFO tourGuide.service.TourGuideService - visitedLocatio tourGuide.gpsUtil.VisitedLocation@6c117c44
15:53:16.073 [pool-2-thread-76] DEBUG org.springframework.web.reactive.function.client.ExchangeFunctions - [29e8fba9] HTTP GET http://localhost:8083/attractions
15:53:16.073 [pool-5-thread-52] DEBUG org.springframework.web.reactive.function.client.ExchangeFunctions - [487745c0] HTTP GET http://localhost:8083/attractions
15:53:16.074 [pool-2-thread-43] INFO tourGuide.service.TourGuideService - visitedLocatio tourGuide.gpsUtil.VisitedLocation@70fbdd47
15:53:16.074 [pool-2-thread-43] DEBUG org.springframework.web.reactive.function.client.ExchangeFunctions - [1aade88f] HTTP GET http://localhost:8083/attractions
15:53:16.076 [reactor-http-nio-41] DEBUG reactor.netty.resources.PooledConnectionProvider - [id: 0xe848c2c1, L:/127.0.0.1:51736 - R:localhost/127.0.0.1:8083] Channel acquired, now 243 active connections and 58 inactive connections
15:53:16.076 [reactor-http-nio-41] DEBUG reactor.netty.http.client.HttpClientConnect - [id: 0xe848c2c1, L:/127.0.0.1:51736 - R:localhost/127.0.0.1:8083] Handler is being applied: {uri=http://localhost:8083/attractions, method=GET}
15:53:16.077 [reactor-http-nio-41] DEBUG reactor.netty.resources.PooledConnectionProvider - [id: 0xe848c2c1, L:/127.0.0.1:51736 - R:localhost/127.0.0.1:8083] onStateChange(GET{uri=/attractions, connection=PooledConnection{channel=[id: 0xe848c2c1, L:/127.0.0.1:51736 - R:localhost/127.0.0.1:8083]}}, [request_sent])
15:53:16.078 [pool-2-thread-94] INFO tourGuide.service.TourGuideService - visitedLocatio tourGuide.gpsUtil.VisitedLocation@621dd099
15:53:16.079 [pool-2-thread-94] DEBUG org.springframework.web.reactive.function.client.ExchangeFunctions - [3bbfb234] HTTP GET http://localhost:8083/attractions
15:53:16.081 [reactor-http-nio-41] DEBUG reactor.netty.resources.PooledConnectionProvider - [id: 0xd240e1c5, L:/127.0.0.1:51773 - R:localhost/127.0.0.1:8083] Channel acquired, now 244 active connections and 57 inactive connections
15:53:16.081 [reactor-http-nio-41] DEBUG reactor.netty.http.client.HttpClientConnect - [id: 0xd240e1c5, L:/127.0.0.1:51773 - R:localhost/127.0.0.1:8083] Handler is being applied: {uri=http://localhost:8083/attractions, method=GET}
15:53:16.082 [reactor-http-nio-41] DEBUG reactor.netty.resources.PooledConnectionProvider - [id: 0xd240e1c5, L:/127.0.0.1:51773 - R:localhost/127.0.0.1:8083] onStateChange(GET{uri=/attractions, connection=PooledConnection{channel=[id: 0xd240e1c5, L:/127.0.0.1:51773 - R:localhost/127.0.0.1:8083]}}, [request_sent])
15:53:16.083 [pool-5-thread-47] INFO tourGuide.service.TourGuideService - visitedLocatio tourGuide.gpsUtil.VisitedLocation@218179ea
15:53:16.083 [pool-2-thread-29] INFO tourGuide.service.TourGuideService - visitedLocatio tourGuide.gpsUtil.VisitedLocation@5213f5a6
15:53:16.084 [pool-2-thread-37] INFO tourGuide.service.TourGuideService - visitedLocatio tourGuide.gpsUtil.VisitedLocation@506648a4
15:53:16.085 [pool-5-thread-70] INFO tourGuide.service.TourGuideService - visitedLocatio tourGuide.gpsUtil.VisitedLocation@39dbbcc8
15:53:16.086 [pool-2-thread-37] DEBUG org.springframework.web.reactive.function.client.ExchangeFunctions - [b546510] HTTP GET http://localhost:8083/attractions
15:53:16.086 [pool-2-thread-70] INFO tourGuide.service.TourGuideService - visitedLocatio tourGuide.gpsUtil.VisitedLocation@24bc2379
15:53:16.087 [pool-2-thread-70] DEBUG org.springframework.web.reactive.function.client.ExchangeFunctions - [69d615dc] HTTP GET http://localhost:8083/attractions
15:53:16.090 [reactor-http-nio-41] DEBUG reactor.netty.resources.PooledConnectionProvider - [id: 0x22744470, L:/127.0.0.1:51785 - R:localhost/127.0.0.1:8083] Channel acquired, now 245 active connections and 56 inactive connections
15:53:16.090 [reactor-http-nio-41] DEBUG reactor.netty.http.client.HttpClientConnect - [id: 0x22744470, L:/127.0.0.1:51785 - R:localhost/127.0.0.1:8083] Handler is being applied: {uri=http://localhost:8083/attractions, method=GET}
15:53:16.090 [reactor-http-nio-41] DEBUG reactor.netty.resources.PooledConnectionProvider - [id: 0x22744470, L:/127.0.0.1:51785 - R:localhost/127.0.0.1:8083] onStateChange(GET{uri=/attractions, connection=PooledConnection{channel=[id: 0x22744470, L:/127.0.0.1:51785 - R:localhost/127.0.0.1:8083]}}, [request_sent])
15:53:16.092 [pool-2-thread-11] INFO tourGuide.service.TourGuideService - visitedLocatio tourGuide.gpsUtil.VisitedLocation@69f73613
15:53:16.094 [pool-2-thread-11] DEBUG org.springframework.web.reactive.function.client.ExchangeFunctions - [1786f1cc] HTTP GET http://localhost:8083/attractions
15:53:16.095 [reactor-http-nio-48] DEBUG reactor.netty.channel.FluxReceive - [id: 0xd41b941e, L:/127.0.0.1:51910 - R:localhost/127.0.0.1:8083] Subscribing inbound receiver [pending: 0, cancelled:false, inboundDone: false]
15:53:16.095 [reactor-http-nio-48] DEBUG reactor.netty.http.client.HttpClientOperations - [id: 0xd41b941e, L:/127.0.0.1:51910 - R:localhost/127.0.0.1:8083] Received last HTTP packet
15:53:16.095 [reactor-http-nio-48] DEBUG org.springframework.core.codec.StringDecoder - [57f17a5d] Decoded "{"userId":"8d70f929-f18b-4226-ad8c-3263fd279c28","location":{"longitude":51.840142,"latitude":-48.5 (truncated)...
15:53:16.095 [reactor-http-nio-48] DEBUG reactor.netty.resources.PooledConnectionProvider - [id: 0xd41b941e, L:/127.0.0.1:51910 - R:localhost/127.0.0.1:8083] onStateChange(GET{uri=/userLocation?userId=8d70f929-f18b-4226-ad8c-3263fd279c28, connection=PooledConnection{channel=[id: 0xd41b941e, L:/127.0.0.1:51910 - R:localhost/127.0.0.1:8083]}}, [disconnecting])
15:53:16.095 [reactor-http-nio-48] DEBUG reactor.netty.resources.PooledConnectionProvider - [id: 0xd41b941e, L:/127.0.0.1:51910 - R:localhost/127.0.0.1:8083] Releasing channel
15:53:16.095 [reactor-http-nio-48] DEBUG reactor.netty.resources.PooledConnectionProvider - [id: 0xd41b941e, L:/127.0.0.1:51910 - R:localhost/127.0.0.1:8083] Channel cleaned, now 244 active connections and 57 inactive connections
15:53:16.096 [reactor-http-nio-48] DEBUG reactor.netty.http.client.HttpClientOperations - [id: 0xc3839908, L:/127.0.0.1:51914 - R:localhost/127.0.0.1:8083] Received response (auto-read:false) : [Content-Type=application/json, Transfer-Encoding=chunked, Date=Wed, 15 Jun 2022 14:53:15 GMT]
15:53:16.096 [reactor-http-nio-48] DEBUG reactor.netty.resources.PooledConnectionProvider - [id: 0xc3839908, L:/127.0.0.1:51914 - R:localhost/127.0.0.1:8083] onStateChange(GET{uri=/userLocation?userId=8ed54952-4f9e-4c47-84c1-d9ce7808a34e, connection=PooledConnection{channel=[id: 0xc3839908, L:/127.0.0.1:51914 - R:localhost/127.0.0.1:8083]}}, [response_received])
15:53:16.096 [reactor-http-nio-48] DEBUG org.springframework.web.reactive.function.client.ExchangeFunctions - [27c70537] Response 200 OK
15:53:16.096 [reactor-http-nio-48] DEBUG reactor.netty.channel.FluxReceive - [id: 0xc3839908, L:/127.0.0.1:51914 - R:localhost/127.0.0.1:8083] Subscribing inbound receiver [pending: 0, cancelled:false, inboundDone: false]
15:53:16.096 [reactor-http-nio-48] DEBUG reactor.netty.http.client.HttpClientOperations - [id: 0xc3839908, L:/127.0.0.1:51914 - R:localhost/127.0.0.1:8083] Received last HTTP packet
15:53:16.097 [reactor-http-nio-48] DEBUG org.springframework.core.codec.StringDecoder - [27c70537] Decoded "{"userId":"8ed54952-4f9e-4c47-84c1-d9ce7808a34e","location":{"longitude":169.019747,"latitude":34.3 (truncated)...
15:53:16.097 [reactor-http-nio-48] DEBUG reactor.netty.resources.PooledConnectionProvider - [id: 0xc3839908, L:/127.0.0.1:51914 - R:localhost/127.0.0.1:8083] onStateChange(GET{uri=/userLocation?userId=8ed54952-4f9e-4c47-84c1-d9ce7808a34e, connection=PooledConnection{channel=[id: 0xc3839908, L:/127.0.0.1:51914 - R:localhost/127.0.0.1:8083]}}, [disconnecting])
15:53:16.097 [reactor-http-nio-48] DEBUG reactor.netty.resources.PooledConnectionProvider - [id: 0xc3839908, L:/127.0.0.1:51914 - R:localhost/127.0.0.1:8083] Releasing channel
15:53:16.097 [reactor-http-nio-48] DEBUG reactor.netty.resources.PooledConnectionProvider - [id: 0xc3839908, L:/127.0.0.1:51914 - R:localhost/127.0.0.1:8083] Channel cleaned, now 243 active connections and 58 inactive connections
15:53:16.097 [reactor-http-nio-48] DEBUG reactor.netty.http.client.HttpClientOperations - [id: 0x5b6b68d9, L:/127.0.0.1:51924 - R:localhost/127.0.0.1:8083] Received response (auto-read:false) : [Content-Type=application/json, Transfer-Encoding=chunked, Date=Wed, 15 Jun 2022 14:53:15 GMT]
15:53:16.097 [reactor-http-nio-48] DEBUG reactor.netty.resources.PooledConnectionProvider - [id: 0x5b6b68d9, L:/127.0.0.1:51924 - R:localhost/127.0.0.1:8083] onStateChange(GET{uri=/userLocation?userId=9aa32115-820b-4b66-9458-7e4bf8aa7c97, connection=PooledConnection{channel=[id: 0x5b6b68d9, L:/127.0.0.1:51924 - R:localhost/127.0.0.1:8083]}}, [response_received])
15:53:16.097 [reactor-http-nio-48] DEBUG org.springframework.web.reactive.function.client.ExchangeFunctions - [11bfb4e2] Response 200 OK
15:53:16.098 [reactor-http-nio-48] DEBUG reactor.netty.channel.FluxReceive - [id: 0x5b6b68d9, L:/127.0.0.1:51924 - R:localhost/127.0.0.1:8083] Subscribing inbound receiver [pending: 0, cancelled:false, inboundDone: false]
15:53:16.098 [reactor-http-nio-48] DEBUG reactor.netty.http.client.HttpClientOperations - [id: 0x5b6b68d9, L:/127.0.0.1:51924 - R:localhost/127.0.0.1:8083] Received last HTTP packet
15:53:16.098 [reactor-http-nio-48] DEBUG org.springframework.core.codec.StringDecoder - [11bfb4e2] Decoded "{"userId":"9aa32115-820b-4b66-9458-7e4bf8aa7c97","location":{"longitude":-106.817575,"latitude":-29 (truncated)...
15:53:16.098 [reactor-http-nio-48] DEBUG reactor.netty.resources.PooledConnectionProvider - [id: 0x5b6b68d9, L:/127.0.0.1:51924 - R:localhost/127.0.0.1:8083] onStateChange(GET{uri=/userLocation?userId=9aa32115-820b-4b66-9458-7e4bf8aa7c97, connection=PooledConnection{channel=[id: 0x5b6b68d9, L:/127.0.0.1:51924 - R:localhost/127.0.0.1:8083]}}, [disconnecting])
15:53:16.098 [reactor-http-nio-48] DEBUG reactor.netty.resources.PooledConnectionProvider - [id: 0x5b6b68d9, L:/127.0.0.1:51924 - R:localhost/127.0.0.1:8083] Releasing channel
15:53:16.098 [reactor-http-nio-48] DEBUG reactor.netty.resources.PooledConnectionProvider - [id: 0x5b6b68d9, L:/127.0.0.1:51924 - R:localhost/127.0.0.1:8083] Channel cleaned, now 242 active connections and 59 inactive connections
15:53:16.098 [reactor-http-nio-48] DEBUG reactor.netty.http.client.HttpClientOperations - [id: 0xeab7fac6, L:/127.0.0.1:51926 - R:localhost/127.0.0.1:8083] Received response (auto-read:false) : [Content-Type=application/json, Transfer-Encoding=chunked, Date=Wed, 15 Jun 2022 14:53:15 GMT]
15:53:16.098 [reactor-http-nio-48] DEBUG reactor.netty.resources.PooledConnectionProvider - [id: 0xeab7fac6, L:/127.0.0.1:51926 - R:localhost/127.0.0.1:8083] onStateChange(GET{uri=/userLocation?userId=0b108d8d-756c-4750-b1ba-90846f00ab79, connection=PooledConnection{channel=[id: 0xeab7fac6, L:/127.0.0.1:51926 - R:localhost/127.0.0.1:8083]}}, [response_received])
15:53:16.098 [reactor-http-nio-48] DEBUG org.springframework.web.reactive.function.client.ExchangeFunctions - [213d38d4] Response 200 OK
15:53:16.099 [reactor-http-nio-48] DEBUG reactor.netty.channel.FluxReceive - [id: 0xeab7fac6, L:/127.0.0.1:51926 - R:localhost/127.0.0.1:8083] Subscribing inbound receiver [pending: 0, cancelled:false, inboundDone: false]
15:53:16.099 [reactor-http-nio-48] DEBUG reactor.netty.http.client.HttpClientOperations - [id: 0xeab7fac6, L:/127.0.0.1:51926 - R:localhost/127.0.0.1:8083] Received last HTTP packet
15:53:16.099 [reactor-http-nio-48] DEBUG org.springframework.core.codec.StringDecoder - [213d38d4] Decoded "{"userId":"0b108d8d-756c-4750-b1ba-90846f00ab79","location":{"longitude":137.110155,"latitude":-21. (truncated)...
15:53:16.099 [reactor-http-nio-48] DEBUG reactor.netty.resources.PooledConnectionProvider - [id: 0xeab7fac6, L:/127.0.0.1:51926 - R:localhost/127.0.0.1:8083] onStateChange(GET{uri=/userLocation?userId=0b108d8d-756c-4750-b1ba-90846f00ab79, connection=PooledConnection{channel=[id: 0xeab7fac6, L:/127.0.0.1:51926 - R:localhost/127.0.0.1:8083]}}, [disconnecting])
15:53:16.099 [reactor-http-nio-48] DEBUG reactor.netty.resources.PooledConnectionProvider - [id: 0xeab7fac6, L:/127.0.0.1:51926 - R:localhost/127.0.0.1:8083] Releasing channel
15:53:16.099 [reactor-http-nio-48] DEBUG reactor.netty.resources.PooledConnectionProvider - [id: 0xeab7fac6, L:/127.0.0.1:51926 - R:localhost/127.0.0.1:8083] Channel cleaned, now 241 active connections and 60 inactive connections
15:53:16.100 [reactor-http-nio-48] DEBUG reactor.netty.http.client.HttpClientOperations - [id: 0x20783448, L:/127.0.0.1:51928 - R:localhost/127.0.0.1:8083] Received response (auto-read:false) : [Content-Type=application/json, Transfer-Encoding=chunked, Date=Wed, 15 Jun 2022 14:53:15 GMT]
15:53:16.100 [reactor-http-nio-48] DEBUG reactor.netty.resources.PooledConnectionProvider - [id: 0x20783448, L:/127.0.0.1:51928 - R:localhost/127.0.0.1:8083] onStateChange(GET{uri=/userLocation?userId=364817b4-3d4e-4909-836b-8405f9e45a72, connection=PooledConnection{channel=[id: 0x20783448, L:/127.0.0.1:51928 - R:localhost/127.0.0.1:8083]}}, [response_received])
15:53:16.100 [reactor-http-nio-48] DEBUG org.springframework.web.reactive.function.client.ExchangeFunctions - [29ddc64] Response 200 OK
15:53:16.100 [reactor-http-nio-48] DEBUG reactor.netty.channel.FluxReceive - [id: 0x20783448, L:/127.0.0.1:51928 - R:localhost/127.0.0.1:8083] Subscribing inbound receiver [pending: 0, cancelled:false, inboundDone: false]
15:53:16.100 [reactor-http-nio-48] DEBUG reactor.netty.http.client.HttpClientOperations - [id: 0x83b452e2, L:/127.0.0.1:51932 - R:localhost/127.0.0.1:8083] Received response (auto-read:false) : [Content-Type=application/json, Transfer-Encoding=chunked, Date=Wed, 15 Jun 2022 14:53:15 GMT]
15:53:16.100 [reactor-http-nio-48] DEBUG reactor.netty.resources.PooledConnectionProvider - [id: 0x83b452e2, L:/127.0.0.1:51932 - R:localhost/127.0.0.1:8083] onStateChange(GET{uri=/userLocation?userId=73f7c3ad-16ee-466a-9f0a-5ff7642407d0, connection=PooledConnection{channel=[id: 0x83b452e2, L:/127.0.0.1:51932 - R:localhost/127.0.0.1:8083]}}, [response_received])
15:53:16.101 [reactor-http-nio-48] DEBUG org.springframework.web.reactive.function.client.ExchangeFunctions - [3c3822a] Response 200 OK
15:53:16.101 [reactor-http-nio-48] DEBUG reactor.netty.channel.FluxReceive - [id: 0x83b452e2, L:/127.0.0.1:51932 - R:localhost/127.0.0.1:8083] Subscribing inbound receiver [pending: 0, cancelled:false, inboundDone: false]
15:53:16.102 [reactor-http-nio-48] DEBUG reactor.netty.http.client.HttpClientOperations - [id: 0x83b452e2, L:/127.0.0.1:51932 - R:localhost/127.0.0.1:8083] Received last HTTP packet
15:53:16.102 [reactor-http-nio-48] DEBUG org.springframework.core.codec.StringDecoder - [3c3822a] Decoded "{"userId":"73f7c3ad-16ee-466a-9f0a-5ff7642407d0","location":{"longitude":147.680972,"latitude":41.2 (truncated)...
15:53:16.102 [reactor-http-nio-48] DEBUG reactor.netty.resources.PooledConnectionProvider - [id: 0x83b452e2, L:/127.0.0.1:51932 - R:localhost/127.0.0.1:8083] onStateChange(GET{uri=/userLocation?userId=73f7c3ad-16ee-466a-9f0a-5ff7642407d0, connection=PooledConnection{channel=[id: 0x83b452e2, L:/127.0.0.1:51932 - R:localhost/127.0.0.1:8083]}}, [disconnecting])
15:53:16.102 [reactor-http-nio-48] DEBUG reactor.netty.resources.PooledConnectionProvider - [id: 0x83b452e2, L:/127.0.0.1:51932 - R:localhost/127.0.0.1:8083] Releasing channel
15:53:16.102 [reactor-http-nio-48] DEBUG reactor.netty.resources.PooledConnectionProvider - [id: 0x83b452e2, L:/127.0.0.1:51932 - R:localhost/127.0.0.1:8083] Channel cleaned, now 240 active connections and 61 inactive connections
15:53:16.102 [reactor-http-nio-48] DEBUG reactor.netty.http.client.HttpClientOperations - [id: 0xf56f4e45, L:/127.0.0.1:51950 - R:localhost/127.0.0.1:8083] Received response (auto-read:false) : [Content-Type=application/json, Transfer-Encoding=chunked, Date=Wed, 15 Jun 2022 14:53:15 GMT]
15:53:16.102 [reactor-http-nio-48] DEBUG reactor.netty.resources.PooledConnectionProvider - [id: 0xf56f4e45, L:/127.0.0.1:51950 - R:localhost/127.0.0.1:8083] onStateChange(GET{uri=/userLocation?userId=27f9dd78-8eb6-400a-a18e-c3c94ddc3b69, connection=PooledConnection{channel=[id: 0xf56f4e45, L:/127.0.0.1:51950 - R:localhost/127.0.0.1:8083]}}, [response_received])
15:53:16.102 [reactor-http-nio-48] DEBUG org.springframework.web.reactive.function.client.ExchangeFunctions - [49ad2380] Response 200 OK
15:53:16.103 [reactor-http-nio-48] DEBUG reactor.netty.channel.FluxReceive - [id: 0xf56f4e45, L:/127.0.0.1:51950 - R:localhost/127.0.0.1:8083] Subscribing inbound receiver [pending: 0, cancelled:false, inboundDone: false]
15:53:16.103 [reactor-http-nio-48] DEBUG reactor.netty.http.client.HttpClientOperations - [id: 0xf56f4e45, L:/127.0.0.1:51950 - R:localhost/127.0.0.1:8083] Received last HTTP packet
15:53:16.103 [reactor-http-nio-48] DEBUG org.springframework.core.codec.StringDecoder - [49ad2380] Decoded "{"userId":"27f9dd78-8eb6-400a-a18e-c3c94ddc3b69","location":{"longitude":-47.168287,"latitude":14.4 (truncated)...
15:53:16.103 [reactor-http-nio-48] DEBUG reactor.netty.resources.PooledConnectionProvider - [id: 0xf56f4e45, L:/127.0.0.1:51950 - R:localhost/127.0.0.1:8083] onStateChange(GET{uri=/userLocation?userId=27f9dd78-8eb6-400a-a18e-c3c94ddc3b69, connection=PooledConnection{channel=[id: 0xf56f4e45, L:/127.0.0.1:51950 - R:localhost/127.0.0.1:8083]}}, [disconnecting])
15:53:16.103 [reactor-http-nio-48] DEBUG reactor.netty.resources.PooledConnectionProvider - [id: 0xf56f4e45, L:/127.0.0.1:51950 - R:localhost/127.0.0.1:8083] Releasing channel
15:53:16.103 [reactor-http-nio-48] DEBUG reactor.netty.resources.PooledConnectionProvider - [id: 0xf56f4e45, L:/127.0.0.1:51950 - R:localhost/127.0.0.1:8083] Channel cleaned, now 239 active connections and 62 inactive connections
15:53:16.103 [reactor-http-nio-48] DEBUG reactor.netty.http.client.HttpClientOperations - [id: 0xbe2aba3e, L:/127.0.0.1:51951 - R:localhost/127.0.0.1:8083] Received response (auto-read:false) : [Content-Type=application/json, Transfer-Encoding=chunked, Date=Wed, 15 Jun 2022 14:53:15 GMT]
15:53:16.103 [reactor-http-nio-48] DEBUG reactor.netty.resources.PooledConnectionProvider - [id: 0xbe2aba3e, L:/127.0.0.1:51951 - R:localhost/127.0.0.1:8083] onStateChange(GET{uri=/userLocation?userId=4a48e687-99d4-4fe1-b601-16f3ff739de7, connection=PooledConnection{channel=[id: 0xbe2aba3e, L:/127.0.0.1:51951 - R:localhost/127.0.0.1:8083]}}, [response_received])
15:53:16.103 [reactor-http-nio-48] DEBUG org.springframework.web.reactive.function.client.ExchangeFunctions - [7df056f5] Response 200 OK
15:53:16.104 [reactor-http-nio-48] DEBUG reactor.netty.channel.FluxReceive - [id: 0xbe2aba3e, L:/127.0.0.1:51951 - R:localhost/127.0.0.1:8083] Subscribing inbound receiver [pending: 0, cancelled:false, inboundDone: false]
15:53:16.104 [reactor-http-nio-48] DEBUG reactor.netty.http.client.HttpClientOperations - [id: 0xbe2aba3e, L:/127.0.0.1:51951 - R:localhost/127.0.0.1:8083] Received last HTTP packet
15:53:16.105 [reactor-http-nio-48] DEBUG org.springframework.core.codec.StringDecoder - [7df056f5] Decoded "{"userId":"4a48e687-99d4-4fe1-b601-16f3ff739de7","location":{"longitude":58.11981,"latitude":-45.91 (truncated)...
15:53:16.105 [reactor-http-nio-48] DEBUG reactor.netty.resources.PooledConnectionProvider - [id: 0xbe2aba3e, L:/127.0.0.1:51951 - R:localhost/127.0.0.1:8083] onStateChange(GET{uri=/userLocation?userId=4a48e687-99d4-4fe1-b601-16f3ff739de7, connection=PooledConnection{channel=[id: 0xbe2aba3e, L:/127.0.0.1:51951 - R:localhost/127.0.0.1:8083]}}, [disconnecting])
15:53:16.105 [reactor-http-nio-48] DEBUG reactor.netty.resources.PooledConnectionProvider - [id: 0xbe2aba3e, L:/127.0.0.1:51951 - R:localhost/127.0.0.1:8083] Releasing channel
15:53:16.105 [reactor-http-nio-48] DEBUG reactor.netty.resources.PooledConnectionProvider - [id: 0xbe2aba3e, L:/127.0.0.1:51951 - R:localhost/127.0.0.1:8083] Channel cleaned, now 238 active connections and 63 inactive connections
15:53:16.105 [reactor-http-nio-48] DEBUG reactor.netty.http.client.HttpClientOperations - [id: 0xa3c72883, L:/127.0.0.1:51976 - R:localhost/127.0.0.1:8083] Received response (auto-read:false) : [Content-Type=application/json, Transfer-Encoding=chunked, Date=Wed, 15 Jun 2022 14:53:15 GMT]
15:53:16.105 [reactor-http-nio-48] DEBUG reactor.netty.resources.PooledConnectionProvider - [id: 0xa3c72883, L:/127.0.0.1:51976 - R:localhost/127.0.0.1:8083] onStateChange(GET{uri=/userLocation?userId=e5d8a3b0-65c4-4bca-b1ce-5c169cb11a99, connection=PooledConnection{channel=[id: 0xa3c72883, L:/127.0.0.1:51976 - R:localhost/127.0.0.1:8083]}}, [response_received])
15:53:16.105 [reactor-http-nio-48] DEBUG org.springframework.web.reactive.function.client.ExchangeFunctions - [6de2fc9d] Response 200 OK
15:53:16.105 [reactor-http-nio-48] DEBUG reactor.netty.channel.FluxReceive - [id: 0xa3c72883, L:/127.0.0.1:51976 - R:localhost/127.0.0.1:8083] Subscribing inbound receiver [pending: 0, cancelled:false, inboundDone: false]
15:53:16.105 [reactor-http-nio-48] DEBUG reactor.netty.http.client.HttpClientOperations - [id: 0xa3c72883, L:/127.0.0.1:51976 - R:localhost/127.0.0.1:8083] Received last HTTP packet
15:53:16.105 [reactor-http-nio-48] DEBUG org.springframework.core.codec.StringDecoder - [6de2fc9d] Decoded "{"userId":"e5d8a3b0-65c4-4bca-b1ce-5c169cb11a99","location":{"longitude":-151.506929,"latitude":-57 (truncated)...
15:53:16.105 [reactor-http-nio-48] DEBUG reactor.netty.resources.PooledConnectionProvider - [id: 0xa3c72883, L:/127.0.0.1:51976 - R:localhost/127.0.0.1:8083] onStateChange(GET{uri=/userLocation?userId=e5d8a3b0-65c4-4bca-b1ce-5c169cb11a99, connection=PooledConnection{channel=[id: 0xa3c72883, L:/127.0.0.1:51976 - R:localhost/127.0.0.1:8083]}}, [disconnecting])
15:53:16.105 [reactor-http-nio-48] DEBUG reactor.netty.resources.PooledConnectionProvider - [id: 0xa3c72883, L:/127.0.0.1:51976 - R:localhost/127.0.0.1:8083] Releasing channel
15:53:16.105 [reactor-http-nio-48] DEBUG reactor.netty.resources.PooledConnectionProvider - [id: 0xa3c72883, L:/127.0.0.1:51976 - R:localhost/127.0.0.1:8083] Channel cleaned, now 237 active connections and 64 inactive connections
15:53:16.106 [reactor-http-nio-48] DEBUG reactor.netty.http.client.HttpClientOperations - [id: 0xc9744fd6, L:/127.0.0.1:51978 - R:localhost/127.0.0.1:8083] Received response (auto-read:false) : [Content-Type=application/json, Transfer-Encoding=chunked, Date=Wed, 15 Jun 2022 14:53:15 GMT]
15:53:16.106 [reactor-http-nio-48] DEBUG reactor.netty.resources.PooledConnectionProvider - [id: 0xc9744fd6, L:/127.0.0.1:51978 - R:localhost/127.0.0.1:8083] onStateChange(GET{uri=/userLocation?userId=cf17fc8f-a2ac-4810-b0dc-1e93bc867745, connection=PooledConnection{channel=[id: 0xc9744fd6, L:/127.0.0.1:51978 - R:localhost/127.0.0.1:8083]}}, [response_received])
15:53:16.106 [reactor-http-nio-48] DEBUG org.springframework.web.reactive.function.client.ExchangeFunctions - [328f6955] Response 200 OK
15:53:16.106 [reactor-http-nio-48] DEBUG reactor.netty.channel.FluxReceive - [id: 0xc9744fd6, L:/127.0.0.1:51978 - R:localhost/127.0.0.1:8083] Subscribing inbound receiver [pending: 0, cancelled:false, inboundDone: false]
15:53:16.106 [reactor-http-nio-48] DEBUG reactor.netty.http.client.HttpClientOperations - [id: 0xc9744fd6, L:/127.0.0.1:51978 - R:localhost/127.0.0.1:8083] Received last HTTP packet
15:53:16.106 [reactor-http-nio-48] DEBUG org.springframework.core.codec.StringDecoder - [328f6955] Decoded "{"userId":"cf17fc8f-a2ac-4810-b0dc-1e93bc867745","location":{"longitude":88.486863,"latitude":-39.9 (truncated)...
15:53:16.106 [reactor-http-nio-48] DEBUG reactor.netty.resources.PooledConnectionProvider - [id: 0xc9744fd6, L:/127.0.0.1:51978 - R:localhost/127.0.0.1:8083] onStateChange(GET{uri=/userLocation?userId=cf17fc8f-a2ac-4810-b0dc-1e93bc867745, connection=PooledConnection{channel=[id: 0xc9744fd6, L:/127.0.0.1:51978 - R:localhost/127.0.0.1:8083]}}, [disconnecting])
15:53:16.106 [reactor-http-nio-48] DEBUG reactor.netty.resources.PooledConnectionProvider - [id: 0xc9744fd6, L:/127.0.0.1:51978 - R:localhost/127.0.0.1:8083] Releasing channel
15:53:16.107 [reactor-http-nio-48] DEBUG reactor.netty.resources.PooledConnectionProvider - [id: 0xc9744fd6, L:/127.0.0.1:51978 - R:localhost/127.0.0.1:8083] Channel cleaned, now 236 active connections and 65 inactive connections
15:53:16.107 [reactor-http-nio-48] DEBUG reactor.netty.http.client.HttpClientOperations - [id: 0xbf312382, L:/127.0.0.1:51979 - R:localhost/127.0.0.1:8083] Received response (auto-read:false) : [Content-Type=application/json, Transfer-Encoding=chunked, Date=Wed, 15 Jun 2022 14:53:15 GMT]
15:53:16.107 [reactor-http-nio-48] DEBUG reactor.netty.resources.PooledConnectionProvider - [id: 0xbf312382, L:/127.0.0.1:51979 - R:localhost/127.0.0.1:8083] onStateChange(GET{uri=/userLocation?userId=f90542d1-92dd-4a05-aa1f-366fea9313e4, connection=PooledConnection{channel=[id: 0xbf312382, L:/127.0.0.1:51979 - R:localhost/127.0.0.1:8083]}}, [response_received])
15:53:16.107 [reactor-http-nio-48] DEBUG org.springframework.web.reactive.function.client.ExchangeFunctions - [6bc92239] Response 200 OK
15:53:16.107 [reactor-http-nio-48] DEBUG reactor.netty.channel.FluxReceive - [id: 0xbf312382, L:/127.0.0.1:51979 - R:localhost/127.0.0.1:8083] Subscribing inbound receiver [pending: 0, cancelled:false, inboundDone: false]
15:53:16.107 [reactor-http-nio-48] DEBUG reactor.netty.http.client.HttpClientOperations - [id: 0xbf312382, L:/127.0.0.1:51979 - R:localhost/127.0.0.1:8083] Received last HTTP packet
15:53:16.108 [reactor-http-nio-48] DEBUG org.springframework.core.codec.StringDecoder - [6bc92239] Decoded "{"userId":"f90542d1-92dd-4a05-aa1f-366fea9313e4","location":{"longitude":-66.229708,"latitude":15.7 (truncated)...
15:53:16.108 [reactor-http-nio-48] DEBUG reactor.netty.resources.PooledConnectionProvider - [id: 0xbf312382, L:/127.0.0.1:51979 - R:localhost/127.0.0.1:8083] onStateChange(GET{uri=/userLocation?userId=f90542d1-92dd-4a05-aa1f-366fea9313e4, connection=PooledConnection{channel=[id: 0xbf312382, L:/127.0.0.1:51979 - R:localhost/127.0.0.1:8083]}}, [disconnecting])
15:53:16.108 [reactor-http-nio-48] DEBUG reactor.netty.resources.PooledConnectionProvider - [id: 0xbf312382, L:/127.0.0.1:51979 - R:localhost/127.0.0.1:8083] Releasing channel
15:53:16.108 [reactor-http-nio-48] DEBUG reactor.netty.resources.PooledConnectionProvider - [id: 0xbf312382, L:/127.0.0.1:51979 - R:localhost/127.0.0.1:8083] Channel cleaned, now 235 active connections and 66 inactive connections
15:53:16.108 [reactor-http-nio-46] DEBUG reactor.netty.resources.PooledConnectionProvider - [id: 0x4be48215, L:/127.0.0.1:51749 - R:localhost/127.0.0.1:8083] Channel acquired, now 236 active connections and 65 inactive connections
15:53:16.109 [reactor-http-nio-46] DEBUG reactor.netty.http.client.HttpClientConnect - [id: 0x4be48215, L:/127.0.0.1:51749 - R:localhost/127.0.0.1:8083] Handler is being applied: {uri=http://localhost:8083/attractions, method=GET}
15:53:16.109 [reactor-http-nio-46] DEBUG reactor.netty.resources.PooledConnectionProvider - [id: 0x4be48215, L:/127.0.0.1:51749 - R:localhost/127.0.0.1:8083] onStateChange(GET{uri=/attractions, connection=PooledConnection{channel=[id: 0x4be48215, L:/127.0.0.1:51749 - R:localhost/127.0.0.1:8083]}}, [request_sent])
15:53:16.110 [reactor-http-nio-48] DEBUG reactor.netty.resources.PooledConnectionProvider - [id: 0x19da195d, L:/127.0.0.1:51701 - R:localhost/127.0.0.1:8083] Channel acquired, now 237 active connections and 64 inactive connections
15:53:16.110 [reactor-http-nio-48] DEBUG reactor.netty.http.client.HttpClientConnect - [id: 0x19da195d, L:/127.0.0.1:51701 - R:localhost/127.0.0.1:8083] Handler is being applied: {uri=http://localhost:8083/attractions, method=GET}
15:53:16.111 [reactor-http-nio-48] DEBUG reactor.netty.resources.PooledConnectionProvider - [id: 0x19da195d, L:/127.0.0.1:51701 - R:localhost/127.0.0.1:8083] onStateChange(GET{uri=/attractions, connection=PooledConnection{channel=[id: 0x19da195d, L:/127.0.0.1:51701 - R:localhost/127.0.0.1:8083]}}, [request_sent])
15:53:16.112 [reactor-http-nio-47] DEBUG reactor.netty.resources.PooledConnectionProvider - [id: 0x85b1ff76, L:/127.0.0.1:51685 - R:localhost/127.0.0.1:8083] Channel acquired, now 238 active connections and 63 inactive connections
15:53:16.112 [reactor-http-nio-47] DEBUG reactor.netty.http.client.HttpClientConnect - [id: 0x85b1ff76, L:/127.0.0.1:51685 - R:localhost/127.0.0.1:8083] Handler is being applied: {uri=http://localhost:8083/attractions, method=GET}
15:53:16.113 [reactor-http-nio-47] DEBUG reactor.netty.resources.PooledConnectionProvider - [id: 0x85b1ff76, L:/127.0.0.1:51685 - R:localhost/127.0.0.1:8083] onStateChange(GET{uri=/attractions, connection=PooledConnection{channel=[id: 0x85b1ff76, L:/127.0.0.1:51685 - R:localhost/127.0.0.1:8083]}}, [request_sent])
15:53:16.113 [reactor-http-nio-48] DEBUG reactor.netty.resources.PooledConnectionProvider - [id: 0x19945800, L:/127.0.0.1:51703 - R:localhost/127.0.0.1:8083] Channel acquired, now 239 active connections and 62 inactive connections
15:53:16.113 [reactor-http-nio-48] DEBUG reactor.netty.http.client.HttpClientConnect - [id: 0x19945800, L:/127.0.0.1:51703 - R:localhost/127.0.0.1:8083] Handler is being applied: {uri=http://localhost:8083/attractions, method=GET}
15:53:16.114 [reactor-http-nio-48] DEBUG reactor.netty.resources.PooledConnectionProvider - [id: 0x19945800, L:/127.0.0.1:51703 - R:localhost/127.0.0.1:8083] onStateChange(GET{uri=/attractions, connection=PooledConnection{channel=[id: 0x19945800, L:/127.0.0.1:51703 - R:localhost/127.0.0.1:8083]}}, [request_sent])
15:53:16.120 [reactor-http-nio-48] DEBUG reactor.netty.resources.PooledConnectionProvider - [id: 0x91a06532, L:/127.0.0.1:51991 - R:localhost/127.0.0.1:8084] onStateChange(PooledConnection{channel=[id: 0x91a06532, L:/127.0.0.1:51991 - R:localhost/127.0.0.1:8084]}, [connected])
15:53:16.120 [reactor-http-nio-48] DEBUG reactor.netty.resources.PooledConnectionProvider - [id: 0x91a06532, L:/127.0.0.1:51991 - R:localhost/127.0.0.1:8084] onStateChange(GET{uri=/, connection=PooledConnection{channel=[id: 0x91a06532, L:/127.0.0.1:51991 - R:localhost/127.0.0.1:8084]}}, [configured])
15:53:16.071 [pool-2-thread-129] INFO tourGuide.service.TourGuideService - visitedLocatio tourGuide.gpsUtil.VisitedLocation@62a4294c
15:53:16.121 [reactor-http-nio-48] DEBUG reactor.netty.resources.PooledConnectionProvider - [id: 0x91a06532, L:/127.0.0.1:51991 - R:localhost/127.0.0.1:8084] Registering pool release on close event for channel
15:53:16.121 [reactor-http-nio-48] DEBUG reactor.netty.http.client.HttpClientConnect - [id: 0x91a06532, L:/127.0.0.1:51991 - R:localhost/127.0.0.1:8084] Handler is being applied: {uri=http://localhost:8084/attractionRewardPoint?attractionId=d3b40618-cc4b-4038-b0ad-e00c91d01035&userId=7e305e34-618a-47e4-be09-8c09da411f26, method=GET}
15:53:16.122 [reactor-http-nio-48] DEBUG reactor.netty.resources.PooledConnectionProvider - [id: 0x91a06532, L:/127.0.0.1:51991 - R:localhost/127.0.0.1:8084] onStateChange(GET{uri=/attractionRewardPoint?attractionId=d3b40618-cc4b-4038-b0ad-e00c91d01035&userId=7e305e34-618a-47e4-be09-8c09da411f26, connection=PooledConnection{channel=[id: 0x91a06532, L:/127.0.0.1:51991 - R:localhost/127.0.0.1:8084]}}, [request_sent])
15:53:16.122 [reactor-http-nio-48] DEBUG reactor.netty.resources.PooledConnectionProvider - [id: 0x91a06532, L:/127.0.0.1:51991 - R:localhost/127.0.0.1:8084] Channel connected, now 12 active connections and 0 inactive connections
15:53:16.123 [pool-2-thread-129] DEBUG org.springframework.web.reactive.function.client.ExchangeFunctions - [53cfb80d] HTTP GET http://localhost:8083/attractions
15:53:16.124 [pool-5-thread-47] DEBUG org.springframework.web.reactive.function.client.ExchangeFunctions - [2537da19] HTTP GET http://localhost:8083/attractions
15:53:16.126 [reactor-http-nio-48] DEBUG reactor.netty.resources.PooledConnectionProvider - [id: 0x6adf9794, L:/127.0.0.1:51702 - R:localhost/127.0.0.1:8083] Channel acquired, now 240 active connections and 61 inactive connections
15:53:16.126 [reactor-http-nio-48] DEBUG reactor.netty.http.client.HttpClientConnect - [id: 0x6adf9794, L:/127.0.0.1:51702 - R:localhost/127.0.0.1:8083] Handler is being applied: {uri=http://localhost:8083/attractions, method=GET}
15:53:16.126 [reactor-http-nio-41] DEBUG reactor.netty.resources.PooledConnectionProvider - [id: 0xb6e13b25, L:/127.0.0.1:51714 - R:localhost/127.0.0.1:8083] Channel acquired, now 241 active connections and 60 inactive connections
15:53:16.126 [reactor-http-nio-41] DEBUG reactor.netty.http.client.HttpClientConnect - [id: 0xb6e13b25, L:/127.0.0.1:51714 - R:localhost/127.0.0.1:8083] Handler is being applied: {uri=http://localhost:8083/attractions, method=GET}
15:53:16.126 [reactor-http-nio-48] DEBUG reactor.netty.resources.PooledConnectionProvider - [id: 0x6adf9794, L:/127.0.0.1:51702 - R:localhost/127.0.0.1:8083] onStateChange(GET{uri=/attractions, connection=PooledConnection{channel=[id: 0x6adf9794, L:/127.0.0.1:51702 - R:localhost/127.0.0.1:8083]}}, [request_sent])
15:53:16.127 [reactor-http-nio-41] DEBUG reactor.netty.resources.PooledConnectionProvider - [id: 0xb6e13b25, L:/127.0.0.1:51714 - R:localhost/127.0.0.1:8083] onStateChange(GET{uri=/attractions, connection=PooledConnection{channel=[id: 0xb6e13b25, L:/127.0.0.1:51714 - R:localhost/127.0.0.1:8083]}}, [request_sent])
15:53:16.128 [pool-5-thread-70] DEBUG org.springframework.web.reactive.function.client.ExchangeFunctions - [45f9902d] HTTP GET http://localhost:8083/attractions
15:53:16.129 [reactor-http-nio-41] DEBUG reactor.netty.resources.PooledConnectionProvider - [id: 0x91ccb779, L:/127.0.0.1:51713 - R:localhost/127.0.0.1:8083] Channel acquired, now 242 active connections and 59 inactive connections
15:53:16.130 [reactor-http-nio-41] DEBUG reactor.netty.http.client.HttpClientConnect - [id: 0x91ccb779, L:/127.0.0.1:51713 - R:localhost/127.0.0.1:8083] Handler is being applied: {uri=http://localhost:8083/attractions, method=GET}
15:53:16.130 [reactor-http-nio-41] DEBUG reactor.netty.resources.PooledConnectionProvider - [id: 0x91ccb779, L:/127.0.0.1:51713 - R:localhost/127.0.0.1:8083] onStateChange(GET{uri=/attractions, connection=PooledConnection{channel=[id: 0x91ccb779, L:/127.0.0.1:51713 - R:localhost/127.0.0.1:8083]}}, [request_sent])
15:53:16.135 [pool-2-thread-190] INFO tourGuide.service.TourGuideService - visitedLocatio tourGuide.gpsUtil.VisitedLocation@591fcf48
15:53:16.135 [pool-5-thread-4] INFO tourGuide.service.TourGuideService - visitedLocatio tourGuide.gpsUtil.VisitedLocation@6fd1be83
15:53:16.137 [pool-2-thread-157] INFO tourGuide.service.TourGuideService - visitedLocatio tourGuide.gpsUtil.VisitedLocation@61d90c3e
15:53:16.137 [pool-2-thread-157] DEBUG org.springframework.web.reactive.function.client.ExchangeFunctions - [2fcda0] HTTP GET http://localhost:8083/attractions
15:53:16.139 [reactor-http-nio-47] DEBUG reactor.netty.resources.PooledConnectionProvider - [id: 0xf30ad839, L:/127.0.0.1:51692 - R:localhost/127.0.0.1:8083] Channel acquired, now 243 active connections and 58 inactive connections
15:53:16.140 [reactor-http-nio-47] DEBUG reactor.netty.http.client.HttpClientConnect - [id: 0xf30ad839, L:/127.0.0.1:51692 - R:localhost/127.0.0.1:8083] Handler is being applied: {uri=http://localhost:8083/attractions, method=GET}
15:53:16.140 [pool-5-thread-79] INFO tourGuide.service.TourGuideService - visitedLocatio tourGuide.gpsUtil.VisitedLocation@26eef379
15:53:16.140 [reactor-http-nio-47] DEBUG reactor.netty.resources.PooledConnectionProvider - [id: 0xf30ad839, L:/127.0.0.1:51692 - R:localhost/127.0.0.1:8083] onStateChange(GET{uri=/attractions, connection=PooledConnection{channel=[id: 0xf30ad839, L:/127.0.0.1:51692 - R:localhost/127.0.0.1:8083]}}, [request_sent])
15:53:16.142 [pool-5-thread-79] DEBUG org.springframework.web.reactive.function.client.ExchangeFunctions - [44e410d] HTTP GET http://localhost:8083/attractions
15:53:16.145 [reactor-http-nio-41] DEBUG reactor.netty.resources.PooledConnectionProvider - [id: 0x1649a857, L:/127.0.0.1:51794 - R:localhost/127.0.0.1:8083] Channel acquired, now 244 active connections and 57 inactive connections
15:53:16.145 [reactor-http-nio-41] DEBUG reactor.netty.http.client.HttpClientConnect - [id: 0x1649a857, L:/127.0.0.1:51794 - R:localhost/127.0.0.1:8083] Handler is being applied: {uri=http://localhost:8083/attractions, method=GET}
15:53:16.145 [reactor-http-nio-41] DEBUG reactor.netty.resources.PooledConnectionProvider - [id: 0x1649a857, L:/127.0.0.1:51794 - R:localhost/127.0.0.1:8083] onStateChange(GET{uri=/attractions, connection=PooledConnection{channel=[id: 0x1649a857, L:/127.0.0.1:51794 - R:localhost/127.0.0.1:8083]}}, [request_sent])
15:53:16.146 [pool-2-thread-158] INFO tourGuide.service.TourGuideService - visitedLocatio tourGuide.gpsUtil.VisitedLocation@6c805b9e
15:53:16.147 [pool-2-thread-158] DEBUG org.springframework.web.reactive.function.client.ExchangeFunctions - [2a69f6ed] HTTP GET http://localhost:8083/attractions
15:53:16.148 [reactor-http-nio-47] DEBUG reactor.netty.resources.PooledConnectionProvider - [id: 0x98ecb58e, L:/127.0.0.1:51684 - R:localhost/127.0.0.1:8083] Channel acquired, now 245 active connections and 56 inactive connections
15:53:16.148 [reactor-http-nio-47] DEBUG reactor.netty.http.client.HttpClientConnect - [id: 0x98ecb58e, L:/127.0.0.1:51684 - R:localhost/127.0.0.1:8083] Handler is being applied: {uri=http://localhost:8083/attractions, method=GET}
15:53:16.149 [reactor-http-nio-47] DEBUG reactor.netty.resources.PooledConnectionProvider - [id: 0x98ecb58e, L:/127.0.0.1:51684 - R:localhost/127.0.0.1:8083] onStateChange(GET{uri=/attractions, connection=PooledConnection{channel=[id: 0x98ecb58e, L:/127.0.0.1:51684 - R:localhost/127.0.0.1:8083]}}, [request_sent])
15:53:16.150 [pool-2-thread-119] INFO tourGuide.service.TourGuideService - visitedLocatio tourGuide.gpsUtil.VisitedLocation@a1fb520
15:53:16.151 [pool-2-thread-119] DEBUG org.springframework.web.reactive.function.client.ExchangeFunctions - [5ce2a381] HTTP GET http://localhost:8083/attractions
15:53:16.152 [pool-5-thread-2] INFO tourGuide.service.TourGuideService - visitedLocatio tourGuide.gpsUtil.VisitedLocation@13f0c07a
15:53:16.153 [pool-5-thread-2] DEBUG org.springframework.web.reactive.function.client.ExchangeFunctions - [20669816] HTTP GET http://localhost:8083/attractions
15:53:16.155 [reactor-http-nio-47] DEBUG reactor.netty.resources.PooledConnectionProvider - [id: 0x905654b3, L:/127.0.0.1:51889 - R:localhost/127.0.0.1:8083] Channel acquired, now 246 active connections and 55 inactive connections
15:53:16.155 [reactor-http-nio-47] DEBUG reactor.netty.http.client.HttpClientConnect - [id: 0x905654b3, L:/127.0.0.1:51889 - R:localhost/127.0.0.1:8083] Handler is being applied: {uri=http://localhost:8083/attractions, method=GET}
15:53:16.156 [reactor-http-nio-47] DEBUG reactor.netty.resources.PooledConnectionProvider - [id: 0x905654b3, L:/127.0.0.1:51889 - R:localhost/127.0.0.1:8083] onStateChange(GET{uri=/attractions, connection=PooledConnection{channel=[id: 0x905654b3, L:/127.0.0.1:51889 - R:localhost/127.0.0.1:8083]}}, [request_sent])
15:53:16.157 [pool-2-thread-26] INFO tourGuide.service.TourGuideService - visitedLocatio tourGuide.gpsUtil.VisitedLocation@17a21e2f
15:53:16.135 [pool-2-thread-160] INFO tourGuide.service.TourGuideService - visitedLocatio tourGuide.gpsUtil.VisitedLocation@3d99074
15:53:16.159 [reactor-http-nio-47] DEBUG reactor.netty.resources.PooledConnectionProvider - [id: 0xdce01143, L:/127.0.0.1:51689 - R:localhost/127.0.0.1:8083] Channel acquired, now 247 active connections and 54 inactive connections
15:53:16.160 [reactor-http-nio-47] DEBUG reactor.netty.http.client.HttpClientConnect - [id: 0xdce01143, L:/127.0.0.1:51689 - R:localhost/127.0.0.1:8083] Handler is being applied: {uri=http://localhost:8083/attractions, method=GET}
15:53:16.160 [pool-5-thread-4] DEBUG org.springframework.web.reactive.function.client.ExchangeFunctions - [4acf47a4] HTTP GET http://localhost:8083/attractions
15:53:16.160 [reactor-http-nio-47] DEBUG reactor.netty.resources.PooledConnectionProvider - [id: 0xdce01143, L:/127.0.0.1:51689 - R:localhost/127.0.0.1:8083] onStateChange(GET{uri=/attractions, connection=PooledConnection{channel=[id: 0xdce01143, L:/127.0.0.1:51689 - R:localhost/127.0.0.1:8083]}}, [request_sent])
15:53:16.160 [reactor-http-nio-47] DEBUG reactor.netty.resources.PooledConnectionProvider - [id: 0x26a43d3a, L:/127.0.0.1:51840 - R:localhost/127.0.0.1:8083] Channel acquired, now 248 active connections and 53 inactive connections
15:53:16.161 [reactor-http-nio-47] DEBUG reactor.netty.http.client.HttpClientConnect - [id: 0x26a43d3a, L:/127.0.0.1:51840 - R:localhost/127.0.0.1:8083] Handler is being applied: {uri=http://localhost:8083/attractions, method=GET}
15:53:16.162 [reactor-http-nio-47] DEBUG reactor.netty.resources.PooledConnectionProvider - [id: 0x26a43d3a, L:/127.0.0.1:51840 - R:localhost/127.0.0.1:8083] onStateChange(GET{uri=/attractions, connection=PooledConnection{channel=[id: 0x26a43d3a, L:/127.0.0.1:51840 - R:localhost/127.0.0.1:8083]}}, [request_sent])
15:53:16.162 [reactor-http-nio-48] DEBUG reactor.netty.resources.PooledConnectionProvider - [id: 0xfb8f1562, L:/127.0.0.1:51968 - R:localhost/127.0.0.1:8083] Channel acquired, now 249 active connections and 52 inactive connections
15:53:16.162 [reactor-http-nio-48] DEBUG reactor.netty.http.client.HttpClientConnect - [id: 0xfb8f1562, L:/127.0.0.1:51968 - R:localhost/127.0.0.1:8083] Handler is being applied: {uri=http://localhost:8083/attractions, method=GET}
15:53:16.163 [reactor-http-nio-48] DEBUG reactor.netty.resources.PooledConnectionProvider - [id: 0xfb8f1562, L:/127.0.0.1:51968 - R:localhost/127.0.0.1:8083] onStateChange(GET{uri=/attractions, connection=PooledConnection{channel=[id: 0xfb8f1562, L:/127.0.0.1:51968 - R:localhost/127.0.0.1:8083]}}, [request_sent])
15:53:16.163 [pool-2-thread-160] DEBUG org.springframework.web.reactive.function.client.ExchangeFunctions - [76e38f29] HTTP GET http://localhost:8083/attractions
15:53:16.166 [reactor-http-nio-48] DEBUG reactor.netty.resources.PooledConnectionProvider - [id: 0x03a75d7c, L:/127.0.0.1:51954 - R:localhost/127.0.0.1:8083] Channel acquired, now 250 active connections and 51 inactive connections
15:53:16.166 [reactor-http-nio-48] DEBUG reactor.netty.http.client.HttpClientConnect - [id: 0x03a75d7c, L:/127.0.0.1:51954 - R:localhost/127.0.0.1:8083] Handler is being applied: {uri=http://localhost:8083/attractions, method=GET}
15:53:16.167 [reactor-http-nio-48] DEBUG reactor.netty.resources.PooledConnectionProvider - [id: 0x03a75d7c, L:/127.0.0.1:51954 - R:localhost/127.0.0.1:8083] onStateChange(GET{uri=/attractions, connection=PooledConnection{channel=[id: 0x03a75d7c, L:/127.0.0.1:51954 - R:localhost/127.0.0.1:8083]}}, [request_sent])
15:53:16.167 [pool-2-thread-190] DEBUG org.springframework.web.reactive.function.client.ExchangeFunctions - [f84cf7a] HTTP GET http://localhost:8083/attractions
15:53:16.169 [reactor-http-nio-47] DEBUG reactor.netty.resources.PooledConnectionProvider - [id: 0x4269e003, L:/127.0.0.1:51863 - R:localhost/127.0.0.1:8083] Channel acquired, now 251 active connections and 50 inactive connections
15:53:16.169 [reactor-http-nio-47] DEBUG reactor.netty.http.client.HttpClientConnect - [id: 0x4269e003, L:/127.0.0.1:51863 - R:localhost/127.0.0.1:8083] Handler is being applied: {uri=http://localhost:8083/attractions, method=GET}
15:53:16.170 [reactor-http-nio-47] DEBUG reactor.netty.resources.PooledConnectionProvider - [id: 0x4269e003, L:/127.0.0.1:51863 - R:localhost/127.0.0.1:8083] onStateChange(GET{uri=/attractions, connection=PooledConnection{channel=[id: 0x4269e003, L:/127.0.0.1:51863 - R:localhost/127.0.0.1:8083]}}, [request_sent])
15:53:16.171 [pool-2-thread-26] DEBUG org.springframework.web.reactive.function.client.ExchangeFunctions - [3d7fa816] HTTP GET http://localhost:8083/attractions
15:53:16.172 [pool-2-thread-29] DEBUG org.springframework.web.reactive.function.client.ExchangeFunctions - [29135324] HTTP GET http://localhost:8083/attractions
15:53:16.173 [reactor-http-nio-48] DEBUG reactor.netty.resources.PooledConnectionProvider - [id: 0x2b8a27a7, L:/127.0.0.1:51916 - R:localhost/127.0.0.1:8083] Channel acquired, now 252 active connections and 49 inactive connections
15:53:16.173 [reactor-http-nio-48] DEBUG reactor.netty.http.client.HttpClientConnect - [id: 0x2b8a27a7, L:/127.0.0.1:51916 - R:localhost/127.0.0.1:8083] Handler is being applied: {uri=http://localhost:8083/attractions, method=GET}
15:53:16.174 [reactor-http-nio-48] DEBUG reactor.netty.resources.PooledConnectionProvider - [id: 0x2b8a27a7, L:/127.0.0.1:51916 - R:localhost/127.0.0.1:8083] onStateChange(GET{uri=/attractions, connection=PooledConnection{channel=[id: 0x2b8a27a7, L:/127.0.0.1:51916 - R:localhost/127.0.0.1:8083]}}, [request_sent])
15:53:16.174 [reactor-http-nio-41] DEBUG reactor.netty.resources.PooledConnectionProvider - [id: 0x03dc54cb, L:/127.0.0.1:51901 - R:localhost/127.0.0.1:8083] Channel acquired, now 253 active connections and 48 inactive connections
15:53:16.174 [reactor-http-nio-41] DEBUG reactor.netty.http.client.HttpClientConnect - [id: 0x03dc54cb, L:/127.0.0.1:51901 - R:localhost/127.0.0.1:8083] Handler is being applied: {uri=http://localhost:8083/attractions, method=GET}
15:53:16.175 [reactor-http-nio-41] DEBUG reactor.netty.resources.PooledConnectionProvider - [id: 0x03dc54cb, L:/127.0.0.1:51901 - R:localhost/127.0.0.1:8083] onStateChange(GET{uri=/attractions, connection=PooledConnection{channel=[id: 0x03dc54cb, L:/127.0.0.1:51901 - R:localhost/127.0.0.1:8083]}}, [request_sent])
15:53:16.175 [pool-2-thread-107] INFO tourGuide.service.TourGuideService - visitedLocatio tourGuide.gpsUtil.VisitedLocation@4164535b
15:53:16.176 [pool-2-thread-107] DEBUG org.springframework.web.reactive.function.client.ExchangeFunctions - [4adbd74d] HTTP GET http://localhost:8083/attractions
15:53:16.179 [reactor-http-nio-48] DEBUG reactor.netty.resources.PooledConnectionProvider - [id: 0xa530ca4b, L:/127.0.0.1:51886 - R:localhost/127.0.0.1:8083] Channel acquired, now 254 active connections and 47 inactive connections
15:53:16.179 [reactor-http-nio-48] DEBUG reactor.netty.http.client.HttpClientConnect - [id: 0xa530ca4b, L:/127.0.0.1:51886 - R:localhost/127.0.0.1:8083] Handler is being applied: {uri=http://localhost:8083/attractions, method=GET}
15:53:16.180 [reactor-http-nio-48] DEBUG reactor.netty.resources.PooledConnectionProvider - [id: 0xa530ca4b, L:/127.0.0.1:51886 - R:localhost/127.0.0.1:8083] onStateChange(GET{uri=/attractions, connection=PooledConnection{channel=[id: 0xa530ca4b, L:/127.0.0.1:51886 - R:localhost/127.0.0.1:8083]}}, [request_sent])
15:53:16.183 [reactor-http-nio-41] DEBUG reactor.netty.http.client.HttpClientOperations - [id: 0xaec00cf3, L:/127.0.0.1:51929 - R:localhost/127.0.0.1:8083] Received response (auto-read:false) : [Content-Type=application/json, Transfer-Encoding=chunked, Date=Wed, 15 Jun 2022 14:53:15 GMT]
15:53:16.183 [reactor-http-nio-41] DEBUG reactor.netty.resources.PooledConnectionProvider - [id: 0xaec00cf3, L:/127.0.0.1:51929 - R:localhost/127.0.0.1:8083] onStateChange(GET{uri=/userLocation?userId=f20b15b7-f7b3-4f6f-b563-e0ff81c3f6e2, connection=PooledConnection{channel=[id: 0xaec00cf3, L:/127.0.0.1:51929 - R:localhost/127.0.0.1:8083]}}, [response_received])
15:53:16.183 [reactor-http-nio-41] DEBUG org.springframework.web.reactive.function.client.ExchangeFunctions - [16a37122] Response 200 OK
15:53:16.184 [reactor-http-nio-41] DEBUG reactor.netty.channel.FluxReceive - [id: 0xaec00cf3, L:/127.0.0.1:51929 - R:localhost/127.0.0.1:8083] Subscribing inbound receiver [pending: 0, cancelled:false, inboundDone: false]
15:53:16.185 [reactor-http-nio-47] DEBUG reactor.netty.http.client.HttpClientOperations - [id: 0x6bded64c, L:/127.0.0.1:51850 - R:localhost/127.0.0.1:8083] Received response (auto-read:false) : [Content-Type=application/json, Transfer-Encoding=chunked, Date=Wed, 15 Jun 2022 14:53:15 GMT]
15:53:16.185 [reactor-http-nio-47] DEBUG reactor.netty.resources.PooledConnectionProvider - [id: 0x6bded64c, L:/127.0.0.1:51850 - R:localhost/127.0.0.1:8083] onStateChange(GET{uri=/attractions, connection=PooledConnection{channel=[id: 0x6bded64c, L:/127.0.0.1:51850 - R:localhost/127.0.0.1:8083]}}, [response_received])
15:53:16.185 [reactor-http-nio-47] DEBUG org.springframework.web.reactive.function.client.ExchangeFunctions - [2c180d5b] Response 200 OK
15:53:16.186 [reactor-http-nio-47] DEBUG reactor.netty.channel.FluxReceive - [id: 0x6bded64c, L:/127.0.0.1:51850 - R:localhost/127.0.0.1:8083] Subscribing inbound receiver [pending: 0, cancelled:false, inboundDone: false]
15:53:16.186 [reactor-http-nio-47] DEBUG reactor.netty.http.client.HttpClientOperations - [id: 0x6bded64c, L:/127.0.0.1:51850 - R:localhost/127.0.0.1:8083] Received last HTTP packet
15:53:16.186 [reactor-http-nio-47] DEBUG org.springframework.core.codec.StringDecoder - [2c180d5b] Decoded "[{"longitude":-117.922008,"latitude":33.817595,"attractionName":"Disneyland","city":"Anaheim","stat (truncated)...
15:53:16.186 [reactor-http-nio-47] DEBUG reactor.netty.resources.PooledConnectionProvider - [id: 0x6bded64c, L:/127.0.0.1:51850 - R:localhost/127.0.0.1:8083] onStateChange(GET{uri=/attractions, connection=PooledConnection{channel=[id: 0x6bded64c, L:/127.0.0.1:51850 - R:localhost/127.0.0.1:8083]}}, [disconnecting])
15:53:16.186 [reactor-http-nio-47] DEBUG reactor.netty.resources.PooledConnectionProvider - [id: 0x6bded64c, L:/127.0.0.1:51850 - R:localhost/127.0.0.1:8083] Releasing channel
15:53:16.186 [reactor-http-nio-47] DEBUG reactor.netty.resources.PooledConnectionProvider - [id: 0x6bded64c, L:/127.0.0.1:51850 - R:localhost/127.0.0.1:8083] Channel cleaned, now 253 active connections and 48 inactive connections
15:53:16.186 [reactor-http-nio-41] DEBUG reactor.netty.http.client.HttpClientOperations - [id: 0xb1945a60, L:/127.0.0.1:51727 - R:localhost/127.0.0.1:8083] Received response (auto-read:false) : [Content-Type=application/json, Transfer-Encoding=chunked, Date=Wed, 15 Jun 2022 14:53:15 GMT]
15:53:16.186 [reactor-http-nio-41] DEBUG reactor.netty.resources.PooledConnectionProvider - [id: 0xb1945a60, L:/127.0.0.1:51727 - R:localhost/127.0.0.1:8083] onStateChange(GET{uri=/attractions, connection=PooledConnection{channel=[id: 0xb1945a60, L:/127.0.0.1:51727 - R:localhost/127.0.0.1:8083]}}, [response_received])
15:53:16.187 [reactor-http-nio-41] DEBUG org.springframework.web.reactive.function.client.ExchangeFunctions - [77b40859] Response 200 OK
15:53:16.187 [reactor-http-nio-41] DEBUG reactor.netty.channel.FluxReceive - [id: 0xb1945a60, L:/127.0.0.1:51727 - R:localhost/127.0.0.1:8083] Subscribing inbound receiver [pending: 0, cancelled:false, inboundDone: false]
15:53:16.188 [reactor-http-nio-41] DEBUG reactor.netty.http.client.HttpClientOperations - [id: 0xb1945a60, L:/127.0.0.1:51727 - R:localhost/127.0.0.1:8083] Received last HTTP packet
15:53:16.188 [reactor-http-nio-41] DEBUG org.springframework.core.codec.StringDecoder - [77b40859] Decoded "[{"longitude":-117.922008,"latitude":33.817595,"attractionName":"Disneyland","city":"Anaheim","stat (truncated)...
15:53:16.188 [reactor-http-nio-41] DEBUG reactor.netty.resources.PooledConnectionProvider - [id: 0xb1945a60, L:/127.0.0.1:51727 - R:localhost/127.0.0.1:8083] onStateChange(GET{uri=/attractions, connection=PooledConnection{channel=[id: 0xb1945a60, L:/127.0.0.1:51727 - R:localhost/127.0.0.1:8083]}}, [disconnecting])
15:53:16.188 [reactor-http-nio-41] DEBUG reactor.netty.resources.PooledConnectionProvider - [id: 0xb1945a60, L:/127.0.0.1:51727 - R:localhost/127.0.0.1:8083] Releasing channel
15:53:16.188 [reactor-http-nio-41] DEBUG reactor.netty.resources.PooledConnectionProvider - [id: 0xb1945a60, L:/127.0.0.1:51727 - R:localhost/127.0.0.1:8083] Channel cleaned, now 252 active connections and 49 inactive connections
15:53:16.189 [reactor-http-nio-48] DEBUG reactor.netty.http.client.HttpClientOperations - [id: 0x342e84c9, L:/127.0.0.1:51892 - R:localhost/127.0.0.1:8083] Received response (auto-read:false) : [Content-Type=application/json, Transfer-Encoding=chunked, Date=Wed, 15 Jun 2022 14:53:15 GMT]
15:53:16.189 [reactor-http-nio-48] DEBUG reactor.netty.resources.PooledConnectionProvider - [id: 0x342e84c9, L:/127.0.0.1:51892 - R:localhost/127.0.0.1:8083] onStateChange(GET{uri=/userLocation?userId=652092c2-d693-4c58-a54b-0e1508c2d9a2, connection=PooledConnection{channel=[id: 0x342e84c9, L:/127.0.0.1:51892 - R:localhost/127.0.0.1:8083]}}, [response_received])
15:53:16.189 [reactor-http-nio-48] DEBUG org.springframework.web.reactive.function.client.ExchangeFunctions - [2dd68760] Response 200 OK
15:53:16.190 [reactor-http-nio-48] DEBUG reactor.netty.channel.FluxReceive - [id: 0x342e84c9, L:/127.0.0.1:51892 - R:localhost/127.0.0.1:8083] Subscribing inbound receiver [pending: 0, cancelled:false, inboundDone: false]
15:53:16.190 [reactor-http-nio-48] DEBUG reactor.netty.http.client.HttpClientOperations - [id: 0x342e84c9, L:/127.0.0.1:51892 - R:localhost/127.0.0.1:8083] Received last HTTP packet
15:53:16.190 [reactor-http-nio-48] DEBUG org.springframework.core.codec.StringDecoder - [2dd68760] Decoded "{"userId":"652092c2-d693-4c58-a54b-0e1508c2d9a2","location":{"longitude":44.753253,"latitude":76.46 (truncated)...
15:53:16.190 [reactor-http-nio-48] DEBUG reactor.netty.resources.PooledConnectionProvider - [id: 0x342e84c9, L:/127.0.0.1:51892 - R:localhost/127.0.0.1:8083] onStateChange(GET{uri=/userLocation?userId=652092c2-d693-4c58-a54b-0e1508c2d9a2, connection=PooledConnection{channel=[id: 0x342e84c9, L:/127.0.0.1:51892 - R:localhost/127.0.0.1:8083]}}, [disconnecting])
15:53:16.190 [reactor-http-nio-48] DEBUG reactor.netty.resources.PooledConnectionProvider - [id: 0x342e84c9, L:/127.0.0.1:51892 - R:localhost/127.0.0.1:8083] Releasing channel
15:53:16.190 [reactor-http-nio-48] DEBUG reactor.netty.resources.PooledConnectionProvider - [id: 0x342e84c9, L:/127.0.0.1:51892 - R:localhost/127.0.0.1:8083] Channel cleaned, now 251 active connections and 50 inactive connections
15:53:16.191 [reactor-http-nio-47] DEBUG reactor.netty.http.client.HttpClientOperations - [id: 0xb2eb3594, L:/127.0.0.1:51873 - R:localhost/127.0.0.1:8083] Received response (auto-read:false) : [Content-Type=application/json, Transfer-Encoding=chunked, Date=Wed, 15 Jun 2022 14:53:15 GMT]
15:53:16.191 [reactor-http-nio-47] DEBUG reactor.netty.resources.PooledConnectionProvider - [id: 0xb2eb3594, L:/127.0.0.1:51873 - R:localhost/127.0.0.1:8083] onStateChange(GET{uri=/userLocation?userId=a7fc695d-a318-4c81-88d6-d1ffa47053cb, connection=PooledConnection{channel=[id: 0xb2eb3594, L:/127.0.0.1:51873 - R:localhost/127.0.0.1:8083]}}, [response_received])
15:53:16.191 [reactor-http-nio-47] DEBUG org.springframework.web.reactive.function.client.ExchangeFunctions - [25378626] Response 200 OK
15:53:16.192 [reactor-http-nio-47] DEBUG reactor.netty.channel.FluxReceive - [id: 0xb2eb3594, L:/127.0.0.1:51873 - R:localhost/127.0.0.1:8083] Subscribing inbound receiver [pending: 0, cancelled:false, inboundDone: false]
15:53:16.192 [reactor-http-nio-47] DEBUG reactor.netty.http.client.HttpClientOperations - [id: 0xb2eb3594, L:/127.0.0.1:51873 - R:localhost/127.0.0.1:8083] Received last HTTP packet
15:53:16.192 [reactor-http-nio-47] DEBUG org.springframework.core.codec.StringDecoder - [25378626] Decoded "{"userId":"a7fc695d-a318-4c81-88d6-d1ffa47053cb","location":{"longitude":133.036412,"latitude":-75. (truncated)...
15:53:16.192 [reactor-http-nio-47] DEBUG reactor.netty.resources.PooledConnectionProvider - [id: 0xb2eb3594, L:/127.0.0.1:51873 - R:localhost/127.0.0.1:8083] onStateChange(GET{uri=/userLocation?userId=a7fc695d-a318-4c81-88d6-d1ffa47053cb, connection=PooledConnection{channel=[id: 0xb2eb3594, L:/127.0.0.1:51873 - R:localhost/127.0.0.1:8083]}}, [disconnecting])
15:53:16.192 [reactor-http-nio-47] DEBUG reactor.netty.resources.PooledConnectionProvider - [id: 0xb2eb3594, L:/127.0.0.1:51873 - R:localhost/127.0.0.1:8083] Releasing channel
15:53:16.192 [reactor-http-nio-47] DEBUG reactor.netty.resources.PooledConnectionProvider - [id: 0xb2eb3594, L:/127.0.0.1:51873 - R:localhost/127.0.0.1:8083] Channel cleaned, now 250 active connections and 51 inactive connections
15:53:16.193 [pool-2-thread-38] INFO tourGuide.service.TourGuideService - visitedLocatio tourGuide.gpsUtil.VisitedLocation@3c75b194
15:53:16.193 [pool-2-thread-38] DEBUG org.springframework.web.reactive.function.client.ExchangeFunctions - [cc47214] HTTP GET http://localhost:8083/attractions
15:53:16.195 [reactor-http-nio-48] DEBUG reactor.netty.resources.PooledConnectionProvider - [id: 0x19564f56, L:/127.0.0.1:51880 - R:localhost/127.0.0.1:8083] Channel acquired, now 251 active connections and 50 inactive connections
15:53:16.195 [reactor-http-nio-48] DEBUG reactor.netty.http.client.HttpClientConnect - [id: 0x19564f56, L:/127.0.0.1:51880 - R:localhost/127.0.0.1:8083] Handler is being applied: {uri=http://localhost:8083/attractions, method=GET}
15:53:16.195 [pool-2-thread-136] INFO tourGuide.service.TourGuideService - visitedLocatio tourGuide.gpsUtil.VisitedLocation@347f6ba4
15:53:16.195 [reactor-http-nio-48] DEBUG reactor.netty.resources.PooledConnectionProvider - [id: 0x19564f56, L:/127.0.0.1:51880 - R:localhost/127.0.0.1:8083] onStateChange(GET{uri=/attractions, connection=PooledConnection{channel=[id: 0x19564f56, L:/127.0.0.1:51880 - R:localhost/127.0.0.1:8083]}}, [request_sent])
15:53:16.196 [pool-2-thread-136] DEBUG org.springframework.web.reactive.function.client.ExchangeFunctions - [4257352] HTTP GET http://localhost:8083/attractions
15:53:16.197 [reactor-http-nio-48] DEBUG reactor.netty.http.client.HttpClientOperations - [id: 0xcaa282b1, L:/127.0.0.1:51876 - R:localhost/127.0.0.1:8083] Received response (auto-read:false) : [Content-Type=application/json, Transfer-Encoding=chunked, Date=Wed, 15 Jun 2022 14:53:15 GMT]
15:53:16.197 [reactor-http-nio-48] DEBUG reactor.netty.resources.PooledConnectionProvider - [id: 0xcaa282b1, L:/127.0.0.1:51876 - R:localhost/127.0.0.1:8083] onStateChange(GET{uri=/userLocation?userId=26f24560-3c0e-4c0d-a21f-546ee99df0f1, connection=PooledConnection{channel=[id: 0xcaa282b1, L:/127.0.0.1:51876 - R:localhost/127.0.0.1:8083]}}, [response_received])
15:53:16.197 [reactor-http-nio-48] DEBUG org.springframework.web.reactive.function.client.ExchangeFunctions - [2b73c6d] Response 200 OK
15:53:16.197 [reactor-http-nio-48] DEBUG reactor.netty.channel.FluxReceive - [id: 0xcaa282b1, L:/127.0.0.1:51876 - R:localhost/127.0.0.1:8083] Subscribing inbound receiver [pending: 0, cancelled:false, inboundDone: false]
15:53:16.197 [reactor-http-nio-48] DEBUG reactor.netty.http.client.HttpClientOperations - [id: 0xcaa282b1, L:/127.0.0.1:51876 - R:localhost/127.0.0.1:8083] Received last HTTP packet
15:53:16.197 [reactor-http-nio-48] DEBUG org.springframework.core.codec.StringDecoder - [2b73c6d] Decoded "{"userId":"26f24560-3c0e-4c0d-a21f-546ee99df0f1","location":{"longitude":125.655998,"latitude":54.6 (truncated)...
15:53:16.197 [reactor-http-nio-48] DEBUG reactor.netty.resources.PooledConnectionProvider - [id: 0xcaa282b1, L:/127.0.0.1:51876 - R:localhost/127.0.0.1:8083] onStateChange(GET{uri=/userLocation?userId=26f24560-3c0e-4c0d-a21f-546ee99df0f1, connection=PooledConnection{channel=[id: 0xcaa282b1, L:/127.0.0.1:51876 - R:localhost/127.0.0.1:8083]}}, [disconnecting])
15:53:16.198 [reactor-http-nio-48] DEBUG reactor.netty.resources.PooledConnectionProvider - [id: 0xcaa282b1, L:/127.0.0.1:51876 - R:localhost/127.0.0.1:8083] Releasing channel
15:53:16.198 [reactor-http-nio-48] DEBUG reactor.netty.resources.PooledConnectionProvider - [id: 0xcaa282b1, L:/127.0.0.1:51876 - R:localhost/127.0.0.1:8083] Channel cleaned, now 250 active connections and 51 inactive connections
15:53:16.198 [reactor-http-nio-48] DEBUG reactor.netty.http.client.HttpClientOperations - [id: 0x7de42074, L:/127.0.0.1:51875 - R:localhost/127.0.0.1:8083] Received response (auto-read:false) : [Content-Type=application/json, Transfer-Encoding=chunked, Date=Wed, 15 Jun 2022 14:53:15 GMT]
15:53:16.198 [reactor-http-nio-48] DEBUG reactor.netty.resources.PooledConnectionProvider - [id: 0x7de42074, L:/127.0.0.1:51875 - R:localhost/127.0.0.1:8083] onStateChange(GET{uri=/userLocation?userId=de83508a-4c4c-41c3-8bb1-d9c6cc6043f4, connection=PooledConnection{channel=[id: 0x7de42074, L:/127.0.0.1:51875 - R:localhost/127.0.0.1:8083]}}, [response_received])
15:53:16.198 [reactor-http-nio-48] DEBUG org.springframework.web.reactive.function.client.ExchangeFunctions - [329e2e8a] Response 200 OK
15:53:16.198 [reactor-http-nio-48] DEBUG reactor.netty.channel.FluxReceive - [id: 0x7de42074, L:/127.0.0.1:51875 - R:localhost/127.0.0.1:8083] Subscribing inbound receiver [pending: 0, cancelled:false, inboundDone: false]
15:53:16.199 [reactor-http-nio-48] DEBUG reactor.netty.http.client.HttpClientOperations - [id: 0x7de42074, L:/127.0.0.1:51875 - R:localhost/127.0.0.1:8083] Received last HTTP packet
15:53:16.199 [reactor-http-nio-48] DEBUG org.springframework.core.codec.StringDecoder - [329e2e8a] Decoded "{"userId":"de83508a-4c4c-41c3-8bb1-d9c6cc6043f4","location":{"longitude":-14.115192,"latitude":-14. (truncated)...
15:53:16.199 [reactor-http-nio-46] DEBUG reactor.netty.resources.PooledConnectionProvider - [id: 0xdb79907c, L:/127.0.0.1:51947 - R:localhost/127.0.0.1:8083] Channel acquired, now 251 active connections and 50 inactive connections
15:53:16.199 [reactor-http-nio-48] DEBUG reactor.netty.resources.PooledConnectionProvider - [id: 0x7de42074, L:/127.0.0.1:51875 - R:localhost/127.0.0.1:8083] onStateChange(GET{uri=/userLocation?userId=de83508a-4c4c-41c3-8bb1-d9c6cc6043f4, connection=PooledConnection{channel=[id: 0x7de42074, L:/127.0.0.1:51875 - R:localhost/127.0.0.1:8083]}}, [disconnecting])
15:53:16.199 [reactor-http-nio-48] DEBUG reactor.netty.resources.PooledConnectionProvider - [id: 0x7de42074, L:/127.0.0.1:51875 - R:localhost/127.0.0.1:8083] Releasing channel
15:53:16.199 [reactor-http-nio-48] DEBUG reactor.netty.resources.PooledConnectionProvider - [id: 0x7de42074, L:/127.0.0.1:51875 - R:localhost/127.0.0.1:8083] Channel cleaned, now 250 active connections and 51 inactive connections
15:53:16.199 [reactor-http-nio-46] DEBUG reactor.netty.http.client.HttpClientConnect - [id: 0xdb79907c, L:/127.0.0.1:51947 - R:localhost/127.0.0.1:8083] Handler is being applied: {uri=http://localhost:8083/attractions, method=GET}
15:53:16.199 [reactor-http-nio-48] DEBUG reactor.netty.http.client.HttpClientOperations - [id: 0xfc3bf400, L:/127.0.0.1:51944 - R:localhost/127.0.0.1:8083] Received response (auto-read:false) : [Content-Type=application/json, Transfer-Encoding=chunked, Date=Wed, 15 Jun 2022 14:53:15 GMT]
15:53:16.199 [reactor-http-nio-48] DEBUG reactor.netty.resources.PooledConnectionProvider - [id: 0xfc3bf400, L:/127.0.0.1:51944 - R:localhost/127.0.0.1:8083] onStateChange(GET{uri=/userLocation?userId=08e97f18-a490-4149-9c2e-136eb8957ab6, connection=PooledConnection{channel=[id: 0xfc3bf400, L:/127.0.0.1:51944 - R:localhost/127.0.0.1:8083]}}, [response_received])
15:53:16.199 [reactor-http-nio-48] DEBUG org.springframework.web.reactive.function.client.ExchangeFunctions - [32a18369] Response 200 OK
15:53:16.199 [reactor-http-nio-46] DEBUG reactor.netty.resources.PooledConnectionProvider - [id: 0xdb79907c, L:/127.0.0.1:51947 - R:localhost/127.0.0.1:8083] onStateChange(GET{uri=/attractions, connection=PooledConnection{channel=[id: 0xdb79907c, L:/127.0.0.1:51947 - R:localhost/127.0.0.1:8083]}}, [request_sent])
15:53:16.199 [reactor-http-nio-48] DEBUG reactor.netty.channel.FluxReceive - [id: 0xfc3bf400, L:/127.0.0.1:51944 - R:localhost/127.0.0.1:8083] Subscribing inbound receiver [pending: 0, cancelled:false, inboundDone: false]
15:53:16.200 [reactor-http-nio-48] DEBUG reactor.netty.http.client.HttpClientOperations - [id: 0xfc3bf400, L:/127.0.0.1:51944 - R:localhost/127.0.0.1:8083] Received last HTTP packet
15:53:16.200 [reactor-http-nio-48] DEBUG org.springframework.core.codec.StringDecoder - [32a18369] Decoded "{"userId":"08e97f18-a490-4149-9c2e-136eb8957ab6","location":{"longitude":-59.138606,"latitude":-82. (truncated)...
15:53:16.200 [reactor-http-nio-48] DEBUG reactor.netty.resources.PooledConnectionProvider - [id: 0xfc3bf400, L:/127.0.0.1:51944 - R:localhost/127.0.0.1:8083] onStateChange(GET{uri=/userLocation?userId=08e97f18-a490-4149-9c2e-136eb8957ab6, connection=PooledConnection{channel=[id: 0xfc3bf400, L:/127.0.0.1:51944 - R:localhost/127.0.0.1:8083]}}, [disconnecting])
15:53:16.200 [reactor-http-nio-48] DEBUG reactor.netty.resources.PooledConnectionProvider - [id: 0xfc3bf400, L:/127.0.0.1:51944 - R:localhost/127.0.0.1:8083] Releasing channel
15:53:16.200 [reactor-http-nio-48] DEBUG reactor.netty.resources.PooledConnectionProvider - [id: 0xfc3bf400, L:/127.0.0.1:51944 - R:localhost/127.0.0.1:8083] Channel cleaned, now 249 active connections and 52 inactive connections
15:53:16.201 [pool-2-thread-172] INFO tourGuide.service.TourGuideService - visitedLocatio tourGuide.gpsUtil.VisitedLocation@318f61f8
15:53:16.202 [pool-2-thread-172] DEBUG org.springframework.web.reactive.function.client.ExchangeFunctions - [23a5c919] HTTP GET http://localhost:8083/attractions
15:53:16.203 [reactor-http-nio-46] DEBUG reactor.netty.resources.PooledConnectionProvider - [id: 0x07e2665a, L:/127.0.0.1:51934 - R:localhost/127.0.0.1:8083] Channel acquired, now 250 active connections and 51 inactive connections
15:53:16.203 [reactor-http-nio-46] DEBUG reactor.netty.http.client.HttpClientConnect - [id: 0x07e2665a, L:/127.0.0.1:51934 - R:localhost/127.0.0.1:8083] Handler is being applied: {uri=http://localhost:8083/attractions, method=GET}
15:53:16.203 [pool-5-thread-43] INFO tourGuide.service.TourGuideService - visitedLocatio tourGuide.gpsUtil.VisitedLocation@38195465
15:53:16.203 [reactor-http-nio-46] DEBUG reactor.netty.resources.PooledConnectionProvider - [id: 0x07e2665a, L:/127.0.0.1:51934 - R:localhost/127.0.0.1:8083] onStateChange(GET{uri=/attractions, connection=PooledConnection{channel=[id: 0x07e2665a, L:/127.0.0.1:51934 - R:localhost/127.0.0.1:8083]}}, [request_sent])
15:53:16.204 [pool-5-thread-43] DEBUG org.springframework.web.reactive.function.client.ExchangeFunctions - [1f53693a] HTTP GET http://localhost:8083/attractions
15:53:16.204 [pool-2-thread-36] INFO tourGuide.service.TourGuideService - visitedLocatio tourGuide.gpsUtil.VisitedLocation@472b9d8
15:53:16.205 [pool-2-thread-36] DEBUG org.springframework.web.reactive.function.client.ExchangeFunctions - [13b3761d] HTTP GET http://localhost:8083/attractions
15:53:16.206 [reactor-http-nio-41] DEBUG reactor.netty.resources.PooledConnectionProvider - [id: 0x710e34a5, L:/127.0.0.1:51709 - R:localhost/127.0.0.1:8083] Channel acquired, now 251 active connections and 50 inactive connections
15:53:16.206 [reactor-http-nio-41] DEBUG reactor.netty.http.client.HttpClientConnect - [id: 0x710e34a5, L:/127.0.0.1:51709 - R:localhost/127.0.0.1:8083] Handler is being applied: {uri=http://localhost:8083/attractions, method=GET}
15:53:16.206 [reactor-http-nio-41] DEBUG reactor.netty.resources.PooledConnectionProvider - [id: 0x710e34a5, L:/127.0.0.1:51709 - R:localhost/127.0.0.1:8083] onStateChange(GET{uri=/attractions, connection=PooledConnection{channel=[id: 0x710e34a5, L:/127.0.0.1:51709 - R:localhost/127.0.0.1:8083]}}, [request_sent])
15:53:16.207 [reactor-http-nio-46] DEBUG reactor.netty.resources.PooledConnectionProvider - [id: 0x0ca67bea, L:/127.0.0.1:51939 - R:localhost/127.0.0.1:8083] Channel acquired, now 252 active connections and 49 inactive connections
15:53:16.207 [reactor-http-nio-46] DEBUG reactor.netty.http.client.HttpClientConnect - [id: 0x0ca67bea, L:/127.0.0.1:51939 - R:localhost/127.0.0.1:8083] Handler is being applied: {uri=http://localhost:8083/attractions, method=GET}
15:53:16.208 [reactor-http-nio-46] DEBUG reactor.netty.resources.PooledConnectionProvider - [id: 0x0ca67bea, L:/127.0.0.1:51939 - R:localhost/127.0.0.1:8083] onStateChange(GET{uri=/attractions, connection=PooledConnection{channel=[id: 0x0ca67bea, L:/127.0.0.1:51939 - R:localhost/127.0.0.1:8083]}}, [request_sent])
15:53:16.208 [reactor-http-nio-47] DEBUG reactor.netty.http.client.HttpClientOperations - [id: 0xa78cd761, L:/127.0.0.1:51879 - R:localhost/127.0.0.1:8083] Received response (auto-read:false) : [Content-Type=application/json, Transfer-Encoding=chunked, Date=Wed, 15 Jun 2022 14:53:15 GMT]
15:53:16.208 [reactor-http-nio-47] DEBUG reactor.netty.resources.PooledConnectionProvider - [id: 0xa78cd761, L:/127.0.0.1:51879 - R:localhost/127.0.0.1:8083] onStateChange(GET{uri=/userLocation?userId=4461c139-4c48-4bd3-9e07-334e684a5373, connection=PooledConnection{channel=[id: 0xa78cd761, L:/127.0.0.1:51879 - R:localhost/127.0.0.1:8083]}}, [response_received])
15:53:16.208 [reactor-http-nio-47] DEBUG org.springframework.web.reactive.function.client.ExchangeFunctions - [611871c5] Response 200 OK
15:53:16.208 [reactor-http-nio-48] DEBUG reactor.netty.http.client.HttpClientOperations - [id: 0x20783448, L:/127.0.0.1:51928 - R:localhost/127.0.0.1:8083] Received last HTTP packet
15:53:16.209 [reactor-http-nio-48] DEBUG org.springframework.core.codec.StringDecoder - [29ddc64] Decoded "{"userId":"364817b4-3d4e-4909-836b-8405f9e45a72","location":{"longitude":-31.037923,"latitude":18.7 (truncated)...
15:53:16.209 [reactor-http-nio-47] DEBUG reactor.netty.channel.FluxReceive - [id: 0xa78cd761, L:/127.0.0.1:51879 - R:localhost/127.0.0.1:8083] Subscribing inbound receiver [pending: 0, cancelled:false, inboundDone: false]
15:53:16.209 [reactor-http-nio-48] DEBUG reactor.netty.resources.PooledConnectionProvider - [id: 0x20783448, L:/127.0.0.1:51928 - R:localhost/127.0.0.1:8083] onStateChange(GET{uri=/userLocation?userId=364817b4-3d4e-4909-836b-8405f9e45a72, connection=PooledConnection{channel=[id: 0x20783448, L:/127.0.0.1:51928 - R:localhost/127.0.0.1:8083]}}, [disconnecting])
15:53:16.209 [reactor-http-nio-48] DEBUG reactor.netty.resources.PooledConnectionProvider - [id: 0x20783448, L:/127.0.0.1:51928 - R:localhost/127.0.0.1:8083] Releasing channel
15:53:16.209 [reactor-http-nio-48] DEBUG reactor.netty.resources.PooledConnectionProvider - [id: 0x20783448, L:/127.0.0.1:51928 - R:localhost/127.0.0.1:8083] Channel cleaned, now 251 active connections and 50 inactive connections
15:53:16.209 [reactor-http-nio-47] DEBUG reactor.netty.http.client.HttpClientOperations - [id: 0xa78cd761, L:/127.0.0.1:51879 - R:localhost/127.0.0.1:8083] Received last HTTP packet
15:53:16.209 [reactor-http-nio-47] DEBUG org.springframework.core.codec.StringDecoder - [611871c5] Decoded "{"userId":"4461c139-4c48-4bd3-9e07-334e684a5373","location":{"longitude":-84.584148,"latitude":-30. (truncated)...
15:53:16.209 [reactor-http-nio-47] DEBUG reactor.netty.resources.PooledConnectionProvider - [id: 0xa78cd761, L:/127.0.0.1:51879 - R:localhost/127.0.0.1:8083] onStateChange(GET{uri=/userLocation?userId=4461c139-4c48-4bd3-9e07-334e684a5373, connection=PooledConnection{channel=[id: 0xa78cd761, L:/127.0.0.1:51879 - R:localhost/127.0.0.1:8083]}}, [disconnecting])
15:53:16.209 [reactor-http-nio-47] DEBUG reactor.netty.resources.PooledConnectionProvider - [id: 0xa78cd761, L:/127.0.0.1:51879 - R:localhost/127.0.0.1:8083] Releasing channel
15:53:16.209 [reactor-http-nio-47] DEBUG reactor.netty.resources.PooledConnectionProvider - [id: 0xa78cd761, L:/127.0.0.1:51879 - R:localhost/127.0.0.1:8083] Channel cleaned, now 250 active connections and 51 inactive connections
15:53:16.210 [pool-2-thread-184] INFO tourGuide.service.TourGuideService - visitedLocatio tourGuide.gpsUtil.VisitedLocation@27b0bd1c
15:53:16.210 [pool-5-thread-58] INFO tourGuide.service.TourGuideService - visitedLocatio tourGuide.gpsUtil.VisitedLocation@4bfbecbb
15:53:16.210 [pool-5-thread-58] DEBUG org.springframework.web.reactive.function.client.ExchangeFunctions - [400a84b1] HTTP GET http://localhost:8083/attractions
15:53:16.210 [pool-2-thread-184] DEBUG org.springframework.web.reactive.function.client.ExchangeFunctions - [798cd3c1] HTTP GET http://localhost:8083/attractions
15:53:16.211 [reactor-http-nio-41] DEBUG reactor.netty.resources.PooledConnectionProvider - [id: 0x866e01db, L:/127.0.0.1:51707 - R:localhost/127.0.0.1:8083] Channel acquired, now 251 active connections and 50 inactive connections
15:53:16.211 [reactor-http-nio-41] DEBUG reactor.netty.http.client.HttpClientConnect - [id: 0x866e01db, L:/127.0.0.1:51707 - R:localhost/127.0.0.1:8083] Handler is being applied: {uri=http://localhost:8083/attractions, method=GET}
15:53:16.212 [reactor-http-nio-47] DEBUG reactor.netty.http.client.HttpClientOperations - [id: 0x16e996b4, L:/127.0.0.1:51859 - R:localhost/127.0.0.1:8083] Received last HTTP packet
15:53:16.212 [reactor-http-nio-47] DEBUG org.springframework.core.codec.StringDecoder - [6b238cc2] Decoded "{"userId":"8b3af590-1cb0-4ee3-87ae-29eefec5db37","location":{"longitude":-65.104136,"latitude":-68. (truncated)...
15:53:16.212 [reactor-http-nio-41] DEBUG reactor.netty.resources.PooledConnectionProvider - [id: 0x866e01db, L:/127.0.0.1:51707 - R:localhost/127.0.0.1:8083] onStateChange(GET{uri=/attractions, connection=PooledConnection{channel=[id: 0x866e01db, L:/127.0.0.1:51707 - R:localhost/127.0.0.1:8083]}}, [request_sent])
15:53:16.212 [reactor-http-nio-47] DEBUG reactor.netty.resources.PooledConnectionProvider - [id: 0x16e996b4, L:/127.0.0.1:51859 - R:localhost/127.0.0.1:8083] onStateChange(GET{uri=/userLocation?userId=8b3af590-1cb0-4ee3-87ae-29eefec5db37, connection=PooledConnection{channel=[id: 0x16e996b4, L:/127.0.0.1:51859 - R:localhost/127.0.0.1:8083]}}, [disconnecting])
15:53:16.212 [reactor-http-nio-47] DEBUG reactor.netty.resources.PooledConnectionProvider - [id: 0x16e996b4, L:/127.0.0.1:51859 - R:localhost/127.0.0.1:8083] Releasing channel
15:53:16.212 [reactor-http-nio-47] DEBUG reactor.netty.resources.PooledConnectionProvider - [id: 0x16e996b4, L:/127.0.0.1:51859 - R:localhost/127.0.0.1:8083] Channel cleaned, now 250 active connections and 51 inactive connections
15:53:16.213 [reactor-http-nio-41] DEBUG reactor.netty.resources.PooledConnectionProvider - [id: 0x6573a2f1, L:/127.0.0.1:51712 - R:localhost/127.0.0.1:8083] Channel acquired, now 251 active connections and 50 inactive connections
15:53:16.213 [reactor-http-nio-41] DEBUG reactor.netty.http.client.HttpClientConnect - [id: 0x6573a2f1, L:/127.0.0.1:51712 - R:localhost/127.0.0.1:8083] Handler is being applied: {uri=http://localhost:8083/attractions, method=GET}
15:53:16.214 [pool-2-thread-20] INFO tourGuide.service.TourGuideService - visitedLocatio tourGuide.gpsUtil.VisitedLocation@4e0ee08d
15:53:16.214 [reactor-http-nio-41] DEBUG reactor.netty.resources.PooledConnectionProvider - [id: 0x6573a2f1, L:/127.0.0.1:51712 - R:localhost/127.0.0.1:8083] onStateChange(GET{uri=/attractions, connection=PooledConnection{channel=[id: 0x6573a2f1, L:/127.0.0.1:51712 - R:localhost/127.0.0.1:8083]}}, [request_sent])
15:53:16.214 [pool-2-thread-20] DEBUG org.springframework.web.reactive.function.client.ExchangeFunctions - [1275cd0c] HTTP GET http://localhost:8083/attractions
15:53:16.215 [reactor-http-nio-47] DEBUG reactor.netty.http.client.HttpClientOperations - [id: 0x792d5066, L:/127.0.0.1:51697 - R:localhost/127.0.0.1:8083] Received response (auto-read:false) : [Content-Type=application/json, Transfer-Encoding=chunked, Date=Wed, 15 Jun 2022 14:53:15 GMT]
15:53:16.215 [reactor-http-nio-47] DEBUG reactor.netty.resources.PooledConnectionProvider - [id: 0x792d5066, L:/127.0.0.1:51697 - R:localhost/127.0.0.1:8083] onStateChange(GET{uri=/attractions, connection=PooledConnection{channel=[id: 0x792d5066, L:/127.0.0.1:51697 - R:localhost/127.0.0.1:8083]}}, [response_received])
15:53:16.215 [reactor-http-nio-46] DEBUG reactor.netty.http.client.HttpClientOperations - [id: 0xbc334cd2, L:/127.0.0.1:51936 - R:localhost/127.0.0.1:8083] Received response (auto-read:false) : [Content-Type=application/json, Transfer-Encoding=chunked, Date=Wed, 15 Jun 2022 14:53:15 GMT]
15:53:16.215 [reactor-http-nio-47] DEBUG org.springframework.web.reactive.function.client.ExchangeFunctions - [43f394c1] Response 200 OK
15:53:16.215 [reactor-http-nio-46] DEBUG reactor.netty.resources.PooledConnectionProvider - [id: 0xbc334cd2, L:/127.0.0.1:51936 - R:localhost/127.0.0.1:8083] onStateChange(GET{uri=/userLocation?userId=bbfa4e4d-3222-479c-bc51-1814cbee9fc8, connection=PooledConnection{channel=[id: 0xbc334cd2, L:/127.0.0.1:51936 - R:localhost/127.0.0.1:8083]}}, [response_received])
15:53:16.215 [reactor-http-nio-46] DEBUG org.springframework.web.reactive.function.client.ExchangeFunctions - [353e0e6e] Response 200 OK
15:53:16.216 [reactor-http-nio-46] DEBUG reactor.netty.channel.FluxReceive - [id: 0xbc334cd2, L:/127.0.0.1:51936 - R:localhost/127.0.0.1:8083] Subscribing inbound receiver [pending: 0, cancelled:false, inboundDone: false]
15:53:16.216 [reactor-http-nio-47] DEBUG reactor.netty.channel.FluxReceive - [id: 0x792d5066, L:/127.0.0.1:51697 - R:localhost/127.0.0.1:8083] Subscribing inbound receiver [pending: 0, cancelled:false, inboundDone: false]
15:53:16.216 [reactor-http-nio-46] DEBUG reactor.netty.http.client.HttpClientOperations - [id: 0xbc334cd2, L:/127.0.0.1:51936 - R:localhost/127.0.0.1:8083] Received last HTTP packet
15:53:16.216 [reactor-http-nio-47] DEBUG reactor.netty.http.client.HttpClientOperations - [id: 0x792d5066, L:/127.0.0.1:51697 - R:localhost/127.0.0.1:8083] Received last HTTP packet
15:53:16.216 [reactor-http-nio-46] DEBUG org.springframework.core.codec.StringDecoder - [353e0e6e] Decoded "{"userId":"bbfa4e4d-3222-479c-bc51-1814cbee9fc8","location":{"longitude":165.826468,"latitude":-21. (truncated)...
15:53:16.216 [reactor-http-nio-46] DEBUG reactor.netty.resources.PooledConnectionProvider - [id: 0xbc334cd2, L:/127.0.0.1:51936 - R:localhost/127.0.0.1:8083] onStateChange(GET{uri=/userLocation?userId=bbfa4e4d-3222-479c-bc51-1814cbee9fc8, connection=PooledConnection{channel=[id: 0xbc334cd2, L:/127.0.0.1:51936 - R:localhost/127.0.0.1:8083]}}, [disconnecting])
15:53:16.216 [reactor-http-nio-46] DEBUG reactor.netty.resources.PooledConnectionProvider - [id: 0xbc334cd2, L:/127.0.0.1:51936 - R:localhost/127.0.0.1:8083] Releasing channel
15:53:16.216 [reactor-http-nio-46] DEBUG reactor.netty.resources.PooledConnectionProvider - [id: 0xbc334cd2, L:/127.0.0.1:51936 - R:localhost/127.0.0.1:8083] Channel cleaned, now 250 active connections and 51 inactive connections
15:53:16.216 [reactor-http-nio-47] DEBUG org.springframework.core.codec.StringDecoder - [43f394c1] Decoded "[{"longitude":-117.922008,"latitude":33.817595,"attractionName":"Disneyland","city":"Anaheim","stat (truncated)...
15:53:16.216 [reactor-http-nio-47] DEBUG reactor.netty.resources.PooledConnectionProvider - [id: 0x792d5066, L:/127.0.0.1:51697 - R:localhost/127.0.0.1:8083] onStateChange(GET{uri=/attractions, connection=PooledConnection{channel=[id: 0x792d5066, L:/127.0.0.1:51697 - R:localhost/127.0.0.1:8083]}}, [disconnecting])
15:53:16.216 [reactor-http-nio-47] DEBUG reactor.netty.resources.PooledConnectionProvider - [id: 0x792d5066, L:/127.0.0.1:51697 - R:localhost/127.0.0.1:8083] Releasing channel
15:53:16.216 [reactor-http-nio-47] DEBUG reactor.netty.resources.PooledConnectionProvider - [id: 0x792d5066, L:/127.0.0.1:51697 - R:localhost/127.0.0.1:8083] Channel cleaned, now 249 active connections and 52 inactive connections
15:53:16.216 [reactor-http-nio-47] DEBUG reactor.netty.http.client.HttpClientOperations - [id: 0xb5cdea8a, L:/127.0.0.1:51872 - R:localhost/127.0.0.1:8083] Received response (auto-read:false) : [Content-Type=application/json, Transfer-Encoding=chunked, Date=Wed, 15 Jun 2022 14:53:15 GMT]
15:53:16.216 [reactor-http-nio-47] DEBUG reactor.netty.resources.PooledConnectionProvider - [id: 0xb5cdea8a, L:/127.0.0.1:51872 - R:localhost/127.0.0.1:8083] onStateChange(GET{uri=/userLocation?userId=f9382d8e-4800-479b-8f04-b7bc83467483, connection=PooledConnection{channel=[id: 0xb5cdea8a, L:/127.0.0.1:51872 - R:localhost/127.0.0.1:8083]}}, [response_received])
15:53:16.217 [reactor-http-nio-47] DEBUG org.springframework.web.reactive.function.client.ExchangeFunctions - [1b75b7b3] Response 200 OK
15:53:16.217 [reactor-http-nio-47] DEBUG reactor.netty.channel.FluxReceive - [id: 0xb5cdea8a, L:/127.0.0.1:51872 - R:localhost/127.0.0.1:8083] Subscribing inbound receiver [pending: 0, cancelled:false, inboundDone: false]
15:53:16.217 [reactor-http-nio-47] DEBUG reactor.netty.http.client.HttpClientOperations - [id: 0xb5cdea8a, L:/127.0.0.1:51872 - R:localhost/127.0.0.1:8083] Received last HTTP packet
15:53:16.217 [reactor-http-nio-47] DEBUG org.springframework.core.codec.StringDecoder - [1b75b7b3] Decoded "{"userId":"f9382d8e-4800-479b-8f04-b7bc83467483","location":{"longitude":63.728722,"latitude":-55.5 (truncated)...
15:53:16.217 [reactor-http-nio-47] DEBUG reactor.netty.resources.PooledConnectionProvider - [id: 0xb5cdea8a, L:/127.0.0.1:51872 - R:localhost/127.0.0.1:8083] onStateChange(GET{uri=/userLocation?userId=f9382d8e-4800-479b-8f04-b7bc83467483, connection=PooledConnection{channel=[id: 0xb5cdea8a, L:/127.0.0.1:51872 - R:localhost/127.0.0.1:8083]}}, [disconnecting])
15:53:16.217 [reactor-http-nio-47] DEBUG reactor.netty.resources.PooledConnectionProvider - [id: 0xb5cdea8a, L:/127.0.0.1:51872 - R:localhost/127.0.0.1:8083] Releasing channel
15:53:16.217 [reactor-http-nio-47] DEBUG reactor.netty.resources.PooledConnectionProvider - [id: 0xb5cdea8a, L:/127.0.0.1:51872 - R:localhost/127.0.0.1:8083] Channel cleaned, now 248 active connections and 53 inactive connections
15:53:16.218 [reactor-http-nio-41] DEBUG reactor.netty.resources.PooledConnectionProvider - [id: 0x58b3b7bf, L:/127.0.0.1:51717 - R:localhost/127.0.0.1:8083] Channel acquired, now 249 active connections and 52 inactive connections
15:53:16.218 [reactor-http-nio-41] DEBUG reactor.netty.http.client.HttpClientConnect - [id: 0x58b3b7bf, L:/127.0.0.1:51717 - R:localhost/127.0.0.1:8083] Handler is being applied: {uri=http://localhost:8083/attractions, method=GET}
15:53:16.218 [pool-5-thread-46] INFO tourGuide.service.TourGuideService - visitedLocatio tourGuide.gpsUtil.VisitedLocation@786169ef
15:53:16.219 [reactor-http-nio-41] DEBUG reactor.netty.resources.PooledConnectionProvider - [id: 0x58b3b7bf, L:/127.0.0.1:51717 - R:localhost/127.0.0.1:8083] onStateChange(GET{uri=/attractions, connection=PooledConnection{channel=[id: 0x58b3b7bf, L:/127.0.0.1:51717 - R:localhost/127.0.0.1:8083]}}, [request_sent])
15:53:16.219 [pool-5-thread-46] DEBUG org.springframework.web.reactive.function.client.ExchangeFunctions - [142cfb1a] HTTP GET http://localhost:8083/attractions
15:53:16.220 [pool-2-thread-1] INFO tourGuide.service.TourGuideService - visitedLocatio tourGuide.gpsUtil.VisitedLocation@25dc0f09
15:53:16.221 [reactor-http-nio-41] DEBUG reactor.netty.resources.PooledConnectionProvider - [id: 0x9cec33d8, L:/127.0.0.1:51722 - R:localhost/127.0.0.1:8083] Channel acquired, now 250 active connections and 51 inactive connections
15:53:16.221 [reactor-http-nio-41] DEBUG reactor.netty.http.client.HttpClientConnect - [id: 0x9cec33d8, L:/127.0.0.1:51722 - R:localhost/127.0.0.1:8083] Handler is being applied: {uri=http://localhost:8083/attractions, method=GET}
15:53:16.221 [pool-2-thread-1] DEBUG org.springframework.web.reactive.function.client.ExchangeFunctions - [3a6742c7] HTTP GET http://localhost:8083/attractions
15:53:16.222 [reactor-http-nio-41] DEBUG reactor.netty.resources.PooledConnectionProvider - [id: 0x9cec33d8, L:/127.0.0.1:51722 - R:localhost/127.0.0.1:8083] onStateChange(GET{uri=/attractions, connection=PooledConnection{channel=[id: 0x9cec33d8, L:/127.0.0.1:51722 - R:localhost/127.0.0.1:8083]}}, [request_sent])
15:53:16.222 [reactor-http-nio-41] DEBUG reactor.netty.resources.PooledConnectionProvider - [id: 0xb3555784, L:/127.0.0.1:51724 - R:localhost/127.0.0.1:8083] Channel acquired, now 251 active connections and 50 inactive connections
15:53:16.222 [reactor-http-nio-41] DEBUG reactor.netty.http.client.HttpClientConnect - [id: 0xb3555784, L:/127.0.0.1:51724 - R:localhost/127.0.0.1:8083] Handler is being applied: {uri=http://localhost:8083/attractions, method=GET}
15:53:16.222 [reactor-http-nio-41] DEBUG reactor.netty.resources.PooledConnectionProvider - [id: 0xb3555784, L:/127.0.0.1:51724 - R:localhost/127.0.0.1:8083] onStateChange(GET{uri=/attractions, connection=PooledConnection{channel=[id: 0xb3555784, L:/127.0.0.1:51724 - R:localhost/127.0.0.1:8083]}}, [request_sent])
15:53:16.223 [reactor-http-nio-48] DEBUG reactor.netty.http.client.HttpClientOperations - [id: 0x3ef135e7, L:/127.0.0.1:51977 - R:localhost/127.0.0.1:8083] Received response (auto-read:false) : [Content-Type=application/json, Transfer-Encoding=chunked, Date=Wed, 15 Jun 2022 14:53:15 GMT]
15:53:16.223 [reactor-http-nio-48] DEBUG reactor.netty.resources.PooledConnectionProvider - [id: 0x3ef135e7, L:/127.0.0.1:51977 - R:localhost/127.0.0.1:8083] onStateChange(GET{uri=/userLocation?userId=7c6c4fc9-e9d7-459c-b642-20e622ec1070, connection=PooledConnection{channel=[id: 0x3ef135e7, L:/127.0.0.1:51977 - R:localhost/127.0.0.1:8083]}}, [response_received])
15:53:16.223 [reactor-http-nio-48] DEBUG org.springframework.web.reactive.function.client.ExchangeFunctions - [122d37b] Response 200 OK
15:53:16.223 [reactor-http-nio-41] DEBUG reactor.netty.http.client.HttpClientOperations - [id: 0x08aaa308, L:/127.0.0.1:51899 - R:localhost/127.0.0.1:8083] Received response (auto-read:false) : [Content-Type=application/json, Transfer-Encoding=chunked, Date=Wed, 15 Jun 2022 14:53:15 GMT]
15:53:16.223 [reactor-http-nio-41] DEBUG reactor.netty.resources.PooledConnectionProvider - [id: 0x08aaa308, L:/127.0.0.1:51899 - R:localhost/127.0.0.1:8083] onStateChange(GET{uri=/userLocation?userId=9c5c47c8-2a6b-425c-bccd-5dae1d35c3a5, connection=PooledConnection{channel=[id: 0x08aaa308, L:/127.0.0.1:51899 - R:localhost/127.0.0.1:8083]}}, [response_received])
15:53:16.223 [reactor-http-nio-48] DEBUG reactor.netty.channel.FluxReceive - [id: 0x3ef135e7, L:/127.0.0.1:51977 - R:localhost/127.0.0.1:8083] Subscribing inbound receiver [pending: 0, cancelled:false, inboundDone: false]
15:53:16.223 [reactor-http-nio-41] DEBUG org.springframework.web.reactive.function.client.ExchangeFunctions - [533d17bb] Response 200 OK
15:53:16.223 [reactor-http-nio-48] DEBUG reactor.netty.http.client.HttpClientOperations - [id: 0x3ef135e7, L:/127.0.0.1:51977 - R:localhost/127.0.0.1:8083] Received last HTTP packet
15:53:16.223 [reactor-http-nio-48] DEBUG org.springframework.core.codec.StringDecoder - [122d37b] Decoded "{"userId":"7c6c4fc9-e9d7-459c-b642-20e622ec1070","location":{"longitude":-144.662571,"latitude":46. (truncated)...
15:53:16.223 [reactor-http-nio-48] DEBUG reactor.netty.resources.PooledConnectionProvider - [id: 0x3ef135e7, L:/127.0.0.1:51977 - R:localhost/127.0.0.1:8083] onStateChange(GET{uri=/userLocation?userId=7c6c4fc9-e9d7-459c-b642-20e622ec1070, connection=PooledConnection{channel=[id: 0x3ef135e7, L:/127.0.0.1:51977 - R:localhost/127.0.0.1:8083]}}, [disconnecting])
15:53:16.223 [reactor-http-nio-41] DEBUG reactor.netty.channel.FluxReceive - [id: 0x08aaa308, L:/127.0.0.1:51899 - R:localhost/127.0.0.1:8083] Subscribing inbound receiver [pending: 0, cancelled:false, inboundDone: false]
15:53:16.223 [reactor-http-nio-48] DEBUG reactor.netty.resources.PooledConnectionProvider - [id: 0x3ef135e7, L:/127.0.0.1:51977 - R:localhost/127.0.0.1:8083] Releasing channel
15:53:16.224 [reactor-http-nio-48] DEBUG reactor.netty.resources.PooledConnectionProvider - [id: 0x3ef135e7, L:/127.0.0.1:51977 - R:localhost/127.0.0.1:8083] Channel cleaned, now 250 active connections and 51 inactive connections
15:53:16.224 [reactor-http-nio-41] DEBUG reactor.netty.http.client.HttpClientOperations - [id: 0x08aaa308, L:/127.0.0.1:51899 - R:localhost/127.0.0.1:8083] Received last HTTP packet
15:53:16.224 [reactor-http-nio-41] DEBUG org.springframework.core.codec.StringDecoder - [533d17bb] Decoded "{"userId":"9c5c47c8-2a6b-425c-bccd-5dae1d35c3a5","location":{"longitude":112.903248,"latitude":-38. (truncated)...
15:53:16.224 [reactor-http-nio-41] DEBUG reactor.netty.resources.PooledConnectionProvider - [id: 0x08aaa308, L:/127.0.0.1:51899 - R:localhost/127.0.0.1:8083] onStateChange(GET{uri=/userLocation?userId=9c5c47c8-2a6b-425c-bccd-5dae1d35c3a5, connection=PooledConnection{channel=[id: 0x08aaa308, L:/127.0.0.1:51899 - R:localhost/127.0.0.1:8083]}}, [disconnecting])
15:53:16.224 [reactor-http-nio-41] DEBUG reactor.netty.resources.PooledConnectionProvider - [id: 0x08aaa308, L:/127.0.0.1:51899 - R:localhost/127.0.0.1:8083] Releasing channel
15:53:16.224 [reactor-http-nio-41] DEBUG reactor.netty.resources.PooledConnectionProvider - [id: 0x08aaa308, L:/127.0.0.1:51899 - R:localhost/127.0.0.1:8083] Channel cleaned, now 249 active connections and 52 inactive connections
15:53:16.225 [pool-2-thread-74] INFO tourGuide.service.TourGuideService - visitedLocatio tourGuide.gpsUtil.VisitedLocation@670f5e0b
15:53:16.225 [pool-5-thread-80] INFO tourGuide.service.TourGuideService - visitedLocatio tourGuide.gpsUtil.VisitedLocation@60d10f48
15:53:16.225 [pool-2-thread-74] DEBUG org.springframework.web.reactive.function.client.ExchangeFunctions - [1545288d] HTTP GET http://localhost:8083/attractions
15:53:16.225 [pool-5-thread-80] DEBUG org.springframework.web.reactive.function.client.ExchangeFunctions - [722fe2cf] HTTP GET http://localhost:8083/attractions
15:53:16.226 [reactor-http-nio-41] DEBUG reactor.netty.resources.PooledConnectionProvider - [id: 0x03f2fda7, L:/127.0.0.1:51737 - R:localhost/127.0.0.1:8083] Channel acquired, now 250 active connections and 51 inactive connections
15:53:16.227 [reactor-http-nio-41] DEBUG reactor.netty.http.client.HttpClientConnect - [id: 0x03f2fda7, L:/127.0.0.1:51737 - R:localhost/127.0.0.1:8083] Handler is being applied: {uri=http://localhost:8083/attractions, method=GET}
15:53:16.227 [reactor-http-nio-41] DEBUG reactor.netty.resources.PooledConnectionProvider - [id: 0x03f2fda7, L:/127.0.0.1:51737 - R:localhost/127.0.0.1:8083] onStateChange(GET{uri=/attractions, connection=PooledConnection{channel=[id: 0x03f2fda7, L:/127.0.0.1:51737 - R:localhost/127.0.0.1:8083]}}, [request_sent])
15:53:16.227 [reactor-http-nio-41] DEBUG reactor.netty.resources.PooledConnectionProvider - [id: 0xfdd4189a, L:/127.0.0.1:51799 - R:localhost/127.0.0.1:8083] Channel acquired, now 251 active connections and 50 inactive connections
15:53:16.227 [reactor-http-nio-41] DEBUG reactor.netty.http.client.HttpClientConnect - [id: 0xfdd4189a, L:/127.0.0.1:51799 - R:localhost/127.0.0.1:8083] Handler is being applied: {uri=http://localhost:8083/attractions, method=GET}
15:53:16.228 [reactor-http-nio-41] DEBUG reactor.netty.resources.PooledConnectionProvider - [id: 0xfdd4189a, L:/127.0.0.1:51799 - R:localhost/127.0.0.1:8083] onStateChange(GET{uri=/attractions, connection=PooledConnection{channel=[id: 0xfdd4189a, L:/127.0.0.1:51799 - R:localhost/127.0.0.1:8083]}}, [request_sent])
15:53:16.228 [reactor-http-nio-47] DEBUG reactor.netty.http.client.HttpClientOperations - [id: 0x2b8f766c, L:/127.0.0.1:51861 - R:localhost/127.0.0.1:8083] Received response (auto-read:false) : [Content-Type=application/json, Transfer-Encoding=chunked, Date=Wed, 15 Jun 2022 14:53:15 GMT]
15:53:16.228 [reactor-http-nio-47] DEBUG reactor.netty.resources.PooledConnectionProvider - [id: 0x2b8f766c, L:/127.0.0.1:51861 - R:localhost/127.0.0.1:8083] onStateChange(GET{uri=/userLocation?userId=f39d7f07-4ddc-4fae-b701-514c8d1c0cfa, connection=PooledConnection{channel=[id: 0x2b8f766c, L:/127.0.0.1:51861 - R:localhost/127.0.0.1:8083]}}, [response_received])
15:53:16.228 [reactor-http-nio-47] DEBUG org.springframework.web.reactive.function.client.ExchangeFunctions - [59afd527] Response 200 OK
15:53:16.229 [reactor-http-nio-47] DEBUG reactor.netty.channel.FluxReceive - [id: 0x2b8f766c, L:/127.0.0.1:51861 - R:localhost/127.0.0.1:8083] Subscribing inbound receiver [pending: 0, cancelled:false, inboundDone: false]
15:53:16.229 [reactor-http-nio-47] DEBUG reactor.netty.http.client.HttpClientOperations - [id: 0x2b8f766c, L:/127.0.0.1:51861 - R:localhost/127.0.0.1:8083] Received last HTTP packet
15:53:16.229 [reactor-http-nio-47] DEBUG org.springframework.core.codec.StringDecoder - [59afd527] Decoded "{"userId":"f39d7f07-4ddc-4fae-b701-514c8d1c0cfa","location":{"longitude":-123.000642,"latitude":-13 (truncated)...
15:53:16.229 [reactor-http-nio-47] DEBUG reactor.netty.resources.PooledConnectionProvider - [id: 0x2b8f766c, L:/127.0.0.1:51861 - R:localhost/127.0.0.1:8083] onStateChange(GET{uri=/userLocation?userId=f39d7f07-4ddc-4fae-b701-514c8d1c0cfa, connection=PooledConnection{channel=[id: 0x2b8f766c, L:/127.0.0.1:51861 - R:localhost/127.0.0.1:8083]}}, [disconnecting])
15:53:16.229 [reactor-http-nio-47] DEBUG reactor.netty.resources.PooledConnectionProvider - [id: 0x2b8f766c, L:/127.0.0.1:51861 - R:localhost/127.0.0.1:8083] Releasing channel
15:53:16.229 [reactor-http-nio-47] DEBUG reactor.netty.resources.PooledConnectionProvider - [id: 0x2b8f766c, L:/127.0.0.1:51861 - R:localhost/127.0.0.1:8083] Channel cleaned, now 250 active connections and 51 inactive connections
15:53:16.230 [reactor-http-nio-47] DEBUG reactor.netty.http.client.HttpClientOperations - [id: 0x55d1ef56, L:/127.0.0.1:51877 - R:localhost/127.0.0.1:8083] Received response (auto-read:false) : [Content-Type=application/json, Transfer-Encoding=chunked, Date=Wed, 15 Jun 2022 14:53:15 GMT]
15:53:16.230 [reactor-http-nio-47] DEBUG reactor.netty.resources.PooledConnectionProvider - [id: 0x55d1ef56, L:/127.0.0.1:51877 - R:localhost/127.0.0.1:8083] onStateChange(GET{uri=/userLocation?userId=77090ab4-0160-4313-ab32-4e78cf9de773, connection=PooledConnection{channel=[id: 0x55d1ef56, L:/127.0.0.1:51877 - R:localhost/127.0.0.1:8083]}}, [response_received])
15:53:16.230 [pool-2-thread-133] INFO tourGuide.service.TourGuideService - visitedLocatio tourGuide.gpsUtil.VisitedLocation@76597bbb
15:53:16.230 [reactor-http-nio-47] DEBUG org.springframework.web.reactive.function.client.ExchangeFunctions - [9f48659] Response 200 OK
15:53:16.230 [reactor-http-nio-47] DEBUG reactor.netty.channel.FluxReceive - [id: 0x55d1ef56, L:/127.0.0.1:51877 - R:localhost/127.0.0.1:8083] Subscribing inbound receiver [pending: 0, cancelled:false, inboundDone: false]
15:53:16.230 [reactor-http-nio-47] DEBUG reactor.netty.http.client.HttpClientOperations - [id: 0x55d1ef56, L:/127.0.0.1:51877 - R:localhost/127.0.0.1:8083] Received last HTTP packet
15:53:16.230 [reactor-http-nio-47] DEBUG org.springframework.core.codec.StringDecoder - [9f48659] Decoded "{"userId":"77090ab4-0160-4313-ab32-4e78cf9de773","location":{"longitude":79.443499,"latitude":-26.6 (truncated)...
15:53:16.230 [reactor-http-nio-47] DEBUG reactor.netty.resources.PooledConnectionProvider - [id: 0x55d1ef56, L:/127.0.0.1:51877 - R:localhost/127.0.0.1:8083] onStateChange(GET{uri=/userLocation?userId=77090ab4-0160-4313-ab32-4e78cf9de773, connection=PooledConnection{channel=[id: 0x55d1ef56, L:/127.0.0.1:51877 - R:localhost/127.0.0.1:8083]}}, [disconnecting])
15:53:16.230 [reactor-http-nio-47] DEBUG reactor.netty.resources.PooledConnectionProvider - [id: 0x55d1ef56, L:/127.0.0.1:51877 - R:localhost/127.0.0.1:8083] Releasing channel
15:53:16.231 [reactor-http-nio-47] DEBUG reactor.netty.resources.PooledConnectionProvider - [id: 0x55d1ef56, L:/127.0.0.1:51877 - R:localhost/127.0.0.1:8083] Channel cleaned, now 249 active connections and 52 inactive connections
15:53:16.231 [pool-2-thread-133] DEBUG org.springframework.web.reactive.function.client.ExchangeFunctions - [78bd2053] HTTP GET http://localhost:8083/attractions
15:53:16.231 [pool-2-thread-27] INFO tourGuide.service.TourGuideService - visitedLocatio tourGuide.gpsUtil.VisitedLocation@2cc8504a
15:53:16.231 [pool-2-thread-27] DEBUG org.springframework.web.reactive.function.client.ExchangeFunctions - [28e6732d] HTTP GET http://localhost:8083/attractions
15:53:16.232 [reactor-http-nio-41] DEBUG reactor.netty.resources.PooledConnectionProvider - [id: 0xc0a2c902, L:/127.0.0.1:51919 - R:localhost/127.0.0.1:8083] Channel acquired, now 250 active connections and 51 inactive connections
15:53:16.232 [reactor-http-nio-41] DEBUG reactor.netty.http.client.HttpClientConnect - [id: 0xc0a2c902, L:/127.0.0.1:51919 - R:localhost/127.0.0.1:8083] Handler is being applied: {uri=http://localhost:8083/attractions, method=GET}
15:53:16.232 [reactor-http-nio-41] DEBUG reactor.netty.resources.PooledConnectionProvider - [id: 0xc0a2c902, L:/127.0.0.1:51919 - R:localhost/127.0.0.1:8083] onStateChange(GET{uri=/attractions, connection=PooledConnection{channel=[id: 0xc0a2c902, L:/127.0.0.1:51919 - R:localhost/127.0.0.1:8083]}}, [request_sent])
15:53:16.233 [reactor-http-nio-41] DEBUG reactor.netty.resources.PooledConnectionProvider - [id: 0x1133f190, L:/127.0.0.1:51897 - R:localhost/127.0.0.1:8083] Channel acquired, now 251 active connections and 50 inactive connections
15:53:16.233 [reactor-http-nio-41] DEBUG reactor.netty.http.client.HttpClientConnect - [id: 0x1133f190, L:/127.0.0.1:51897 - R:localhost/127.0.0.1:8083] Handler is being applied: {uri=http://localhost:8083/attractions, method=GET}
15:53:16.234 [reactor-http-nio-41] DEBUG reactor.netty.resources.PooledConnectionProvider - [id: 0x1133f190, L:/127.0.0.1:51897 - R:localhost/127.0.0.1:8083] onStateChange(GET{uri=/attractions, connection=PooledConnection{channel=[id: 0x1133f190, L:/127.0.0.1:51897 - R:localhost/127.0.0.1:8083]}}, [request_sent])
15:53:16.235 [reactor-http-nio-41] DEBUG reactor.netty.http.client.HttpClientOperations - [id: 0x47a2f5da, L:/127.0.0.1:51723 - R:localhost/127.0.0.1:8083] Received response (auto-read:false) : [Content-Type=application/json, Transfer-Encoding=chunked, Date=Wed, 15 Jun 2022 14:53:15 GMT]
15:53:16.235 [reactor-http-nio-41] DEBUG reactor.netty.resources.PooledConnectionProvider - [id: 0x47a2f5da, L:/127.0.0.1:51723 - R:localhost/127.0.0.1:8083] onStateChange(GET{uri=/attractions, connection=PooledConnection{channel=[id: 0x47a2f5da, L:/127.0.0.1:51723 - R:localhost/127.0.0.1:8083]}}, [response_received])
15:53:16.235 [reactor-http-nio-41] DEBUG org.springframework.web.reactive.function.client.ExchangeFunctions - [3af10bdf] Response 200 OK
15:53:16.235 [reactor-http-nio-41] DEBUG reactor.netty.channel.FluxReceive - [id: 0x47a2f5da, L:/127.0.0.1:51723 - R:localhost/127.0.0.1:8083] Subscribing inbound receiver [pending: 0, cancelled:false, inboundDone: false]
15:53:16.235 [reactor-http-nio-41] DEBUG reactor.netty.http.client.HttpClientOperations - [id: 0x47a2f5da, L:/127.0.0.1:51723 - R:localhost/127.0.0.1:8083] Received last HTTP packet
15:53:16.236 [reactor-http-nio-41] DEBUG org.springframework.core.codec.StringDecoder - [3af10bdf] Decoded "[{"longitude":-117.922008,"latitude":33.817595,"attractionName":"Disneyland","city":"Anaheim","stat (truncated)...
15:53:16.236 [reactor-http-nio-41] DEBUG reactor.netty.resources.PooledConnectionProvider - [id: 0x47a2f5da, L:/127.0.0.1:51723 - R:localhost/127.0.0.1:8083] onStateChange(GET{uri=/attractions, connection=PooledConnection{channel=[id: 0x47a2f5da, L:/127.0.0.1:51723 - R:localhost/127.0.0.1:8083]}}, [disconnecting])
15:53:16.236 [reactor-http-nio-41] DEBUG reactor.netty.resources.PooledConnectionProvider - [id: 0x47a2f5da, L:/127.0.0.1:51723 - R:localhost/127.0.0.1:8083] Releasing channel
15:53:16.236 [reactor-http-nio-47] DEBUG reactor.netty.http.client.HttpClientOperations - [id: 0xd62fd8aa, L:/127.0.0.1:51857 - R:localhost/127.0.0.1:8083] Received response (auto-read:false) : [Content-Type=application/json, Transfer-Encoding=chunked, Date=Wed, 15 Jun 2022 14:53:15 GMT]
15:53:16.236 [reactor-http-nio-41] DEBUG reactor.netty.resources.PooledConnectionProvider - [id: 0x47a2f5da, L:/127.0.0.1:51723 - R:localhost/127.0.0.1:8083] Channel cleaned, now 250 active connections and 51 inactive connections
15:53:16.236 [reactor-http-nio-47] DEBUG reactor.netty.resources.PooledConnectionProvider - [id: 0xd62fd8aa, L:/127.0.0.1:51857 - R:localhost/127.0.0.1:8083] onStateChange(GET{uri=/userLocation?userId=ccb6c744-5025-45b1-b9b9-b5d288e8a3a7, connection=PooledConnection{channel=[id: 0xd62fd8aa, L:/127.0.0.1:51857 - R:localhost/127.0.0.1:8083]}}, [response_received])
15:53:16.236 [reactor-http-nio-47] DEBUG org.springframework.web.reactive.function.client.ExchangeFunctions - [58a7db50] Response 200 OK
15:53:16.236 [reactor-http-nio-41] DEBUG reactor.netty.http.client.HttpClientOperations - [id: 0x20fc71d3, L:/127.0.0.1:51915 - R:localhost/127.0.0.1:8083] Received response (auto-read:false) : [Content-Type=application/json, Transfer-Encoding=chunked, Date=Wed, 15 Jun 2022 14:53:15 GMT]
15:53:16.236 [reactor-http-nio-41] DEBUG reactor.netty.resources.PooledConnectionProvider - [id: 0x20fc71d3, L:/127.0.0.1:51915 - R:localhost/127.0.0.1:8083] onStateChange(GET{uri=/userLocation?userId=3664b340-eb94-4838-838a-d3963cc336f7, connection=PooledConnection{channel=[id: 0x20fc71d3, L:/127.0.0.1:51915 - R:localhost/127.0.0.1:8083]}}, [response_received])
15:53:16.236 [reactor-http-nio-41] DEBUG org.springframework.web.reactive.function.client.ExchangeFunctions - [32fa7260] Response 200 OK
15:53:16.236 [reactor-http-nio-47] DEBUG reactor.netty.channel.FluxReceive - [id: 0xd62fd8aa, L:/127.0.0.1:51857 - R:localhost/127.0.0.1:8083] Subscribing inbound receiver [pending: 0, cancelled:false, inboundDone: false]
15:53:16.236 [reactor-http-nio-41] DEBUG reactor.netty.channel.FluxReceive - [id: 0x20fc71d3, L:/127.0.0.1:51915 - R:localhost/127.0.0.1:8083] Subscribing inbound receiver [pending: 0, cancelled:false, inboundDone: false]
15:53:16.236 [reactor-http-nio-47] DEBUG reactor.netty.http.client.HttpClientOperations - [id: 0xd62fd8aa, L:/127.0.0.1:51857 - R:localhost/127.0.0.1:8083] Received last HTTP packet
15:53:16.236 [reactor-http-nio-41] DEBUG reactor.netty.http.client.HttpClientOperations - [id: 0x20fc71d3, L:/127.0.0.1:51915 - R:localhost/127.0.0.1:8083] Received last HTTP packet
15:53:16.236 [reactor-http-nio-47] DEBUG org.springframework.core.codec.StringDecoder - [58a7db50] Decoded "{"userId":"ccb6c744-5025-45b1-b9b9-b5d288e8a3a7","location":{"longitude":-103.763177,"latitude":31. (truncated)...
15:53:16.237 [reactor-http-nio-41] DEBUG org.springframework.core.codec.StringDecoder - [32fa7260] Decoded "{"userId":"3664b340-eb94-4838-838a-d3963cc336f7","location":{"longitude":-12.826141,"latitude":-49. (truncated)...
15:53:16.237 [reactor-http-nio-41] DEBUG reactor.netty.resources.PooledConnectionProvider - [id: 0x20fc71d3, L:/127.0.0.1:51915 - R:localhost/127.0.0.1:8083] onStateChange(GET{uri=/userLocation?userId=3664b340-eb94-4838-838a-d3963cc336f7, connection=PooledConnection{channel=[id: 0x20fc71d3, L:/127.0.0.1:51915 - R:localhost/127.0.0.1:8083]}}, [disconnecting])
15:53:16.237 [reactor-http-nio-41] DEBUG reactor.netty.resources.PooledConnectionProvider - [id: 0x20fc71d3, L:/127.0.0.1:51915 - R:localhost/127.0.0.1:8083] Releasing channel
15:53:16.237 [reactor-http-nio-41] DEBUG reactor.netty.resources.PooledConnectionProvider - [id: 0x20fc71d3, L:/127.0.0.1:51915 - R:localhost/127.0.0.1:8083] Channel cleaned, now 249 active connections and 52 inactive connections
15:53:16.237 [reactor-http-nio-47] DEBUG reactor.netty.resources.PooledConnectionProvider - [id: 0xd62fd8aa, L:/127.0.0.1:51857 - R:localhost/127.0.0.1:8083] onStateChange(GET{uri=/userLocation?userId=ccb6c744-5025-45b1-b9b9-b5d288e8a3a7, connection=PooledConnection{channel=[id: 0xd62fd8aa, L:/127.0.0.1:51857 - R:localhost/127.0.0.1:8083]}}, [disconnecting])
15:53:16.237 [reactor-http-nio-47] DEBUG reactor.netty.resources.PooledConnectionProvider - [id: 0xd62fd8aa, L:/127.0.0.1:51857 - R:localhost/127.0.0.1:8083] Releasing channel
15:53:16.237 [reactor-http-nio-47] DEBUG reactor.netty.resources.PooledConnectionProvider - [id: 0xd62fd8aa, L:/127.0.0.1:51857 - R:localhost/127.0.0.1:8083] Channel cleaned, now 248 active connections and 53 inactive connections
15:53:16.237 [reactor-http-nio-41] DEBUG reactor.netty.http.client.HttpClientOperations - [id: 0x261624e9, L:/127.0.0.1:51718 - R:localhost/127.0.0.1:8083] Received response (auto-read:false) : [Content-Type=application/json, Transfer-Encoding=chunked, Date=Wed, 15 Jun 2022 14:53:15 GMT]
15:53:16.237 [reactor-http-nio-41] DEBUG reactor.netty.resources.PooledConnectionProvider - [id: 0x261624e9, L:/127.0.0.1:51718 - R:localhost/127.0.0.1:8083] onStateChange(GET{uri=/attractions, connection=PooledConnection{channel=[id: 0x261624e9, L:/127.0.0.1:51718 - R:localhost/127.0.0.1:8083]}}, [response_received])
15:53:16.237 [reactor-http-nio-41] DEBUG org.springframework.web.reactive.function.client.ExchangeFunctions - [cb5459e] Response 200 OK
15:53:16.237 [reactor-http-nio-41] DEBUG reactor.netty.channel.FluxReceive - [id: 0x261624e9, L:/127.0.0.1:51718 - R:localhost/127.0.0.1:8083] Subscribing inbound receiver [pending: 0, cancelled:false, inboundDone: false]
15:53:16.238 [reactor-http-nio-41] DEBUG reactor.netty.http.client.HttpClientOperations - [id: 0x261624e9, L:/127.0.0.1:51718 - R:localhost/127.0.0.1:8083] Received last HTTP packet
15:53:16.238 [reactor-http-nio-41] DEBUG org.springframework.core.codec.StringDecoder - [cb5459e] Decoded "[{"longitude":-117.922008,"latitude":33.817595,"attractionName":"Disneyland","city":"Anaheim","stat (truncated)...
15:53:16.238 [reactor-http-nio-41] DEBUG reactor.netty.resources.PooledConnectionProvider - [id: 0x261624e9, L:/127.0.0.1:51718 - R:localhost/127.0.0.1:8083] onStateChange(GET{uri=/attractions, connection=PooledConnection{channel=[id: 0x261624e9, L:/127.0.0.1:51718 - R:localhost/127.0.0.1:8083]}}, [disconnecting])
15:53:16.238 [reactor-http-nio-41] DEBUG reactor.netty.resources.PooledConnectionProvider - [id: 0x261624e9, L:/127.0.0.1:51718 - R:localhost/127.0.0.1:8083] Releasing channel
15:53:16.238 [reactor-http-nio-41] DEBUG reactor.netty.resources.PooledConnectionProvider - [id: 0x261624e9, L:/127.0.0.1:51718 - R:localhost/127.0.0.1:8083] Channel cleaned, now 247 active connections and 54 inactive connections
15:53:16.239 [pool-2-thread-124] INFO tourGuide.service.TourGuideService - visitedLocatio tourGuide.gpsUtil.VisitedLocation@7d8aa16f
15:53:16.239 [pool-2-thread-124] DEBUG org.springframework.web.reactive.function.client.ExchangeFunctions - [6ed561c9] HTTP GET http://localhost:8083/attractions
15:53:16.240 [pool-5-thread-8] INFO tourGuide.service.TourGuideService - visitedLocatio tourGuide.gpsUtil.VisitedLocation@4cb71aea
15:53:16.241 [pool-5-thread-8] DEBUG org.springframework.web.reactive.function.client.ExchangeFunctions - [64d540f5] HTTP GET http://localhost:8083/attractions
15:53:16.243 [reactor-http-nio-48] DEBUG reactor.netty.resources.PooledConnectionProvider - [id: 0xa4f115eb, L:/127.0.0.1:51704 - R:localhost/127.0.0.1:8083] Channel acquired, now 248 active connections and 53 inactive connections
15:53:16.243 [reactor-http-nio-48] DEBUG reactor.netty.http.client.HttpClientConnect - [id: 0xa4f115eb, L:/127.0.0.1:51704 - R:localhost/127.0.0.1:8083] Handler is being applied: {uri=http://localhost:8083/attractions, method=GET}
15:53:16.244 [reactor-http-nio-48] DEBUG reactor.netty.resources.PooledConnectionProvider - [id: 0xa4f115eb, L:/127.0.0.1:51704 - R:localhost/127.0.0.1:8083] onStateChange(GET{uri=/attractions, connection=PooledConnection{channel=[id: 0xa4f115eb, L:/127.0.0.1:51704 - R:localhost/127.0.0.1:8083]}}, [request_sent])
15:53:16.245 [reactor-http-nio-41] DEBUG reactor.netty.resources.PooledConnectionProvider - [id: 0xf0244be7, L:/127.0.0.1:51921 - R:localhost/127.0.0.1:8083] Channel acquired, now 249 active connections and 52 inactive connections
15:53:16.245 [reactor-http-nio-41] DEBUG reactor.netty.http.client.HttpClientConnect - [id: 0xf0244be7, L:/127.0.0.1:51921 - R:localhost/127.0.0.1:8083] Handler is being applied: {uri=http://localhost:8083/attractions, method=GET}
15:53:16.246 [reactor-http-nio-41] DEBUG reactor.netty.resources.PooledConnectionProvider - [id: 0xf0244be7, L:/127.0.0.1:51921 - R:localhost/127.0.0.1:8083] onStateChange(GET{uri=/attractions, connection=PooledConnection{channel=[id: 0xf0244be7, L:/127.0.0.1:51921 - R:localhost/127.0.0.1:8083]}}, [request_sent])
15:53:16.247 [reactor-http-nio-46] DEBUG reactor.netty.http.client.HttpClientOperations - [id: 0x8e4bf8f0, L:/127.0.0.1:51754 - R:localhost/127.0.0.1:8083] Received response (auto-read:false) : [Content-Type=application/json, Transfer-Encoding=chunked, Date=Wed, 15 Jun 2022 14:53:15 GMT]
15:53:16.247 [reactor-http-nio-46] DEBUG reactor.netty.resources.PooledConnectionProvider - [id: 0x8e4bf8f0, L:/127.0.0.1:51754 - R:localhost/127.0.0.1:8083] onStateChange(GET{uri=/attractions, connection=PooledConnection{channel=[id: 0x8e4bf8f0, L:/127.0.0.1:51754 - R:localhost/127.0.0.1:8083]}}, [response_received])
15:53:16.247 [reactor-http-nio-46] DEBUG org.springframework.web.reactive.function.client.ExchangeFunctions - [7b031d8f] Response 200 OK
15:53:16.248 [reactor-http-nio-46] DEBUG reactor.netty.channel.FluxReceive - [id: 0x8e4bf8f0, L:/127.0.0.1:51754 - R:localhost/127.0.0.1:8083] Subscribing inbound receiver [pending: 0, cancelled:false, inboundDone: false]
15:53:16.249 [reactor-http-nio-46] DEBUG reactor.netty.http.client.HttpClientOperations - [id: 0x8e4bf8f0, L:/127.0.0.1:51754 - R:localhost/127.0.0.1:8083] Received last HTTP packet
15:53:16.249 [reactor-http-nio-46] DEBUG org.springframework.core.codec.StringDecoder - [7b031d8f] Decoded "[{"longitude":-117.922008,"latitude":33.817595,"attractionName":"Disneyland","city":"Anaheim","stat (truncated)...
15:53:16.249 [reactor-http-nio-46] DEBUG reactor.netty.resources.PooledConnectionProvider - [id: 0x8e4bf8f0, L:/127.0.0.1:51754 - R:localhost/127.0.0.1:8083] onStateChange(GET{uri=/attractions, connection=PooledConnection{channel=[id: 0x8e4bf8f0, L:/127.0.0.1:51754 - R:localhost/127.0.0.1:8083]}}, [disconnecting])
15:53:16.249 [reactor-http-nio-46] DEBUG reactor.netty.resources.PooledConnectionProvider - [id: 0x8e4bf8f0, L:/127.0.0.1:51754 - R:localhost/127.0.0.1:8083] Releasing channel
15:53:16.249 [reactor-http-nio-46] DEBUG reactor.netty.resources.PooledConnectionProvider - [id: 0x8e4bf8f0, L:/127.0.0.1:51754 - R:localhost/127.0.0.1:8083] Channel cleaned, now 248 active connections and 53 inactive connections
15:53:16.251 [reactor-http-nio-48] DEBUG reactor.netty.http.client.HttpClientOperations - [id: 0x1af880b0, L:/127.0.0.1:51943 - R:localhost/127.0.0.1:8083] Received last HTTP packet
15:53:16.252 [reactor-http-nio-48] DEBUG org.springframework.core.codec.StringDecoder - [4511af8d] Decoded "{"userId":"80da2ec1-9d32-4b92-9483-5dfe3689c638","location":{"longitude":-13.401702,"latitude":-40. (truncated)...
15:53:16.252 [reactor-http-nio-48] DEBUG reactor.netty.resources.PooledConnectionProvider - [id: 0x1af880b0, L:/127.0.0.1:51943 - R:localhost/127.0.0.1:8083] onStateChange(GET{uri=/userLocation?userId=80da2ec1-9d32-4b92-9483-5dfe3689c638, connection=PooledConnection{channel=[id: 0x1af880b0, L:/127.0.0.1:51943 - R:localhost/127.0.0.1:8083]}}, [disconnecting])
15:53:16.252 [reactor-http-nio-48] DEBUG reactor.netty.resources.PooledConnectionProvider - [id: 0x1af880b0, L:/127.0.0.1:51943 - R:localhost/127.0.0.1:8083] Releasing channel
15:53:16.252 [reactor-http-nio-48] DEBUG reactor.netty.resources.PooledConnectionProvider - [id: 0x1af880b0, L:/127.0.0.1:51943 - R:localhost/127.0.0.1:8083] Channel cleaned, now 247 active connections and 54 inactive connections
15:53:16.253 [pool-2-thread-142] INFO tourGuide.service.TourGuideService - visitedLocatio tourGuide.gpsUtil.VisitedLocation@5e35ee6
15:53:16.254 [reactor-http-nio-48] DEBUG reactor.netty.http.client.HttpClientOperations - [id: 0x76f33e80, L:/127.0.0.1:51705 - R:localhost/127.0.0.1:8083] Received response (auto-read:false) : [Content-Type=application/json, Transfer-Encoding=chunked, Date=Wed, 15 Jun 2022 14:53:15 GMT]
15:53:16.254 [reactor-http-nio-48] DEBUG reactor.netty.resources.PooledConnectionProvider - [id: 0x76f33e80, L:/127.0.0.1:51705 - R:localhost/127.0.0.1:8083] onStateChange(GET{uri=/attractions, connection=PooledConnection{channel=[id: 0x76f33e80, L:/127.0.0.1:51705 - R:localhost/127.0.0.1:8083]}}, [response_received])
15:53:16.254 [reactor-http-nio-48] DEBUG org.springframework.web.reactive.function.client.ExchangeFunctions - [343558d6] Response 200 OK
15:53:16.254 [pool-2-thread-142] DEBUG org.springframework.web.reactive.function.client.ExchangeFunctions - [64035af9] HTTP GET http://localhost:8083/attractions
15:53:16.254 [reactor-http-nio-48] DEBUG reactor.netty.channel.FluxReceive - [id: 0x76f33e80, L:/127.0.0.1:51705 - R:localhost/127.0.0.1:8083] Subscribing inbound receiver [pending: 0, cancelled:false, inboundDone: false]
15:53:16.254 [reactor-http-nio-48] DEBUG reactor.netty.resources.PooledConnectionProvider - [id: 0x43576e4f, L:/127.0.0.1:51882 - R:localhost/127.0.0.1:8083] Channel acquired, now 248 active connections and 53 inactive connections
15:53:16.255 [reactor-http-nio-48] DEBUG reactor.netty.http.client.HttpClientConnect - [id: 0x43576e4f, L:/127.0.0.1:51882 - R:localhost/127.0.0.1:8083] Handler is being applied: {uri=http://localhost:8083/attractions, method=GET}
15:53:16.256 [reactor-http-nio-41] DEBUG reactor.netty.http.client.HttpClientOperations - [id: 0x363ce47f, L:/127.0.0.1:51925 - R:localhost/127.0.0.1:8083] Received response (auto-read:false) : [Content-Type=application/json, Transfer-Encoding=chunked, Date=Wed, 15 Jun 2022 14:53:15 GMT]
15:53:16.256 [reactor-http-nio-41] DEBUG reactor.netty.resources.PooledConnectionProvider - [id: 0x363ce47f, L:/127.0.0.1:51925 - R:localhost/127.0.0.1:8083] onStateChange(GET{uri=/userLocation?userId=de9ecbf0-9d95-496b-8cd5-daa46f35cba4, connection=PooledConnection{channel=[id: 0x363ce47f, L:/127.0.0.1:51925 - R:localhost/127.0.0.1:8083]}}, [response_received])
15:53:16.256 [reactor-http-nio-41] DEBUG org.springframework.web.reactive.function.client.ExchangeFunctions - [4aafe697] Response 200 OK
15:53:16.256 [reactor-http-nio-47] DEBUG reactor.netty.http.client.HttpClientOperations - [id: 0x42970d81, L:/127.0.0.1:51870 - R:localhost/127.0.0.1:8083] Received response (auto-read:false) : [Content-Type=application/json, Transfer-Encoding=chunked, Date=Wed, 15 Jun 2022 14:53:15 GMT]
15:53:16.256 [reactor-http-nio-47] DEBUG reactor.netty.resources.PooledConnectionProvider - [id: 0x42970d81, L:/127.0.0.1:51870 - R:localhost/127.0.0.1:8083] onStateChange(GET{uri=/userLocation?userId=f39d7f07-4ddc-4fae-b701-514c8d1c0cfa, connection=PooledConnection{channel=[id: 0x42970d81, L:/127.0.0.1:51870 - R:localhost/127.0.0.1:8083]}}, [response_received])
15:53:16.256 [reactor-http-nio-47] DEBUG org.springframework.web.reactive.function.client.ExchangeFunctions - [514cf0ed] Response 200 OK
15:53:16.257 [reactor-http-nio-41] DEBUG reactor.netty.channel.FluxReceive - [id: 0x363ce47f, L:/127.0.0.1:51925 - R:localhost/127.0.0.1:8083] Subscribing inbound receiver [pending: 0, cancelled:false, inboundDone: false]
15:53:16.257 [reactor-http-nio-48] DEBUG reactor.netty.resources.PooledConnectionProvider - [id: 0x43576e4f, L:/127.0.0.1:51882 - R:localhost/127.0.0.1:8083] onStateChange(GET{uri=/attractions, connection=PooledConnection{channel=[id: 0x43576e4f, L:/127.0.0.1:51882 - R:localhost/127.0.0.1:8083]}}, [request_sent])
15:53:16.257 [reactor-http-nio-41] DEBUG reactor.netty.http.client.HttpClientOperations - [id: 0x363ce47f, L:/127.0.0.1:51925 - R:localhost/127.0.0.1:8083] Received last HTTP packet
15:53:16.257 [reactor-http-nio-41] DEBUG org.springframework.core.codec.StringDecoder - [4aafe697] Decoded "{"userId":"de9ecbf0-9d95-496b-8cd5-daa46f35cba4","location":{"longitude":-120.189399,"latitude":2.5 (truncated)...
15:53:16.257 [reactor-http-nio-41] DEBUG reactor.netty.resources.PooledConnectionProvider - [id: 0x363ce47f, L:/127.0.0.1:51925 - R:localhost/127.0.0.1:8083] onStateChange(GET{uri=/userLocation?userId=de9ecbf0-9d95-496b-8cd5-daa46f35cba4, connection=PooledConnection{channel=[id: 0x363ce47f, L:/127.0.0.1:51925 - R:localhost/127.0.0.1:8083]}}, [disconnecting])
15:53:16.257 [reactor-http-nio-41] DEBUG reactor.netty.resources.PooledConnectionProvider - [id: 0x363ce47f, L:/127.0.0.1:51925 - R:localhost/127.0.0.1:8083] Releasing channel
15:53:16.257 [reactor-http-nio-41] DEBUG reactor.netty.resources.PooledConnectionProvider - [id: 0x363ce47f, L:/127.0.0.1:51925 - R:localhost/127.0.0.1:8083] Channel cleaned, now 247 active connections and 54 inactive connections
15:53:16.257 [reactor-http-nio-47] DEBUG reactor.netty.channel.FluxReceive - [id: 0x42970d81, L:/127.0.0.1:51870 - R:localhost/127.0.0.1:8083] Subscribing inbound receiver [pending: 0, cancelled:false, inboundDone: false]
15:53:16.258 [reactor-http-nio-47] DEBUG reactor.netty.http.client.HttpClientOperations - [id: 0x42970d81, L:/127.0.0.1:51870 - R:localhost/127.0.0.1:8083] Received last HTTP packet
15:53:16.258 [reactor-http-nio-47] DEBUG org.springframework.core.codec.StringDecoder - [514cf0ed] Decoded "{"userId":"f39d7f07-4ddc-4fae-b701-514c8d1c0cfa","location":{"longitude":-145.922352,"latitude":-20 (truncated)...
15:53:16.258 [reactor-http-nio-47] DEBUG reactor.netty.resources.PooledConnectionProvider - [id: 0x42970d81, L:/127.0.0.1:51870 - R:localhost/127.0.0.1:8083] onStateChange(GET{uri=/userLocation?userId=f39d7f07-4ddc-4fae-b701-514c8d1c0cfa, connection=PooledConnection{channel=[id: 0x42970d81, L:/127.0.0.1:51870 - R:localhost/127.0.0.1:8083]}}, [disconnecting])
15:53:16.258 [reactor-http-nio-47] DEBUG reactor.netty.resources.PooledConnectionProvider - [id: 0x42970d81, L:/127.0.0.1:51870 - R:localhost/127.0.0.1:8083] Releasing channel
15:53:16.258 [reactor-http-nio-47] DEBUG reactor.netty.resources.PooledConnectionProvider - [id: 0x42970d81, L:/127.0.0.1:51870 - R:localhost/127.0.0.1:8083] Channel cleaned, now 246 active connections and 55 inactive connections
15:53:16.258 [reactor-http-nio-47] DEBUG reactor.netty.http.client.HttpClientOperations - [id: 0x71dba838, L:/127.0.0.1:51683 - R:localhost/127.0.0.1:8083] Received response (auto-read:false) : [Content-Type=application/json, Transfer-Encoding=chunked, Date=Wed, 15 Jun 2022 14:53:15 GMT]
15:53:16.258 [reactor-http-nio-47] DEBUG reactor.netty.resources.PooledConnectionProvider - [id: 0x71dba838, L:/127.0.0.1:51683 - R:localhost/127.0.0.1:8083] onStateChange(GET{uri=/attractions, connection=PooledConnection{channel=[id: 0x71dba838, L:/127.0.0.1:51683 - R:localhost/127.0.0.1:8083]}}, [response_received])
15:53:16.259 [reactor-http-nio-47] DEBUG org.springframework.web.reactive.function.client.ExchangeFunctions - [4da098cf] Response 200 OK
15:53:16.259 [reactor-http-nio-47] DEBUG reactor.netty.channel.FluxReceive - [id: 0x71dba838, L:/127.0.0.1:51683 - R:localhost/127.0.0.1:8083] Subscribing inbound receiver [pending: 0, cancelled:false, inboundDone: false]
15:53:16.259 [reactor-http-nio-47] DEBUG reactor.netty.http.client.HttpClientOperations - [id: 0x71dba838, L:/127.0.0.1:51683 - R:localhost/127.0.0.1:8083] Received last HTTP packet
15:53:16.259 [reactor-http-nio-47] DEBUG org.springframework.core.codec.StringDecoder - [4da098cf] Decoded "[{"longitude":-117.922008,"latitude":33.817595,"attractionName":"Disneyland","city":"Anaheim","stat (truncated)...
15:53:16.260 [reactor-http-nio-47] DEBUG reactor.netty.resources.PooledConnectionProvider - [id: 0x71dba838, L:/127.0.0.1:51683 - R:localhost/127.0.0.1:8083] onStateChange(GET{uri=/attractions, connection=PooledConnection{channel=[id: 0x71dba838, L:/127.0.0.1:51683 - R:localhost/127.0.0.1:8083]}}, [disconnecting])
15:53:16.260 [reactor-http-nio-47] DEBUG reactor.netty.resources.PooledConnectionProvider - [id: 0x71dba838, L:/127.0.0.1:51683 - R:localhost/127.0.0.1:8083] Releasing channel
15:53:16.260 [reactor-http-nio-47] DEBUG reactor.netty.resources.PooledConnectionProvider - [id: 0x71dba838, L:/127.0.0.1:51683 - R:localhost/127.0.0.1:8083] Channel cleaned, now 245 active connections and 56 inactive connections
15:53:16.260 [reactor-http-nio-48] DEBUG reactor.netty.http.client.HttpClientOperations - [id: 0x76f33e80, L:/127.0.0.1:51705 - R:localhost/127.0.0.1:8083] Received last HTTP packet
15:53:16.260 [reactor-http-nio-48] DEBUG org.springframework.core.codec.StringDecoder - [343558d6] Decoded "[{"longitude":-117.922008,"latitude":33.817595,"attractionName":"Disneyland","city":"Anaheim","stat (truncated)...
15:53:16.260 [reactor-http-nio-48] DEBUG reactor.netty.resources.PooledConnectionProvider - [id: 0x76f33e80, L:/127.0.0.1:51705 - R:localhost/127.0.0.1:8083] onStateChange(GET{uri=/attractions, connection=PooledConnection{channel=[id: 0x76f33e80, L:/127.0.0.1:51705 - R:localhost/127.0.0.1:8083]}}, [disconnecting])
15:53:16.260 [reactor-http-nio-48] DEBUG reactor.netty.resources.PooledConnectionProvider - [id: 0x76f33e80, L:/127.0.0.1:51705 - R:localhost/127.0.0.1:8083] Releasing channel
15:53:16.260 [reactor-http-nio-48] DEBUG reactor.netty.resources.PooledConnectionProvider - [id: 0x76f33e80, L:/127.0.0.1:51705 - R:localhost/127.0.0.1:8083] Channel cleaned, now 244 active connections and 57 inactive connections
15:53:16.260 [reactor-http-nio-48] DEBUG reactor.netty.http.client.HttpClientOperations - [id: 0x6bf3117b, L:/127.0.0.1:51909 - R:localhost/127.0.0.1:8083] Received response (auto-read:false) : [Content-Type=application/json, Transfer-Encoding=chunked, Date=Wed, 15 Jun 2022 14:53:15 GMT]
15:53:16.260 [reactor-http-nio-48] DEBUG reactor.netty.resources.PooledConnectionProvider - [id: 0x6bf3117b, L:/127.0.0.1:51909 - R:localhost/127.0.0.1:8083] onStateChange(GET{uri=/userLocation?userId=5c9823cc-fa10-4fb4-9a00-cfa65eb29ceb, connection=PooledConnection{channel=[id: 0x6bf3117b, L:/127.0.0.1:51909 - R:localhost/127.0.0.1:8083]}}, [response_received])
15:53:16.261 [reactor-http-nio-48] DEBUG org.springframework.web.reactive.function.client.ExchangeFunctions - [6d4ee07e] Response 200 OK
15:53:16.261 [reactor-http-nio-48] DEBUG reactor.netty.channel.FluxReceive - [id: 0x6bf3117b, L:/127.0.0.1:51909 - R:localhost/127.0.0.1:8083] Subscribing inbound receiver [pending: 0, cancelled:false, inboundDone: false]
15:53:16.261 [reactor-http-nio-48] DEBUG reactor.netty.http.client.HttpClientOperations - [id: 0x6bf3117b, L:/127.0.0.1:51909 - R:localhost/127.0.0.1:8083] Received last HTTP packet
15:53:16.261 [reactor-http-nio-48] DEBUG org.springframework.core.codec.StringDecoder - [6d4ee07e] Decoded "{"userId":"5c9823cc-fa10-4fb4-9a00-cfa65eb29ceb","location":{"longitude":116.887341,"latitude":-29. (truncated)...
15:53:16.261 [reactor-http-nio-48] DEBUG reactor.netty.resources.PooledConnectionProvider - [id: 0x6bf3117b, L:/127.0.0.1:51909 - R:localhost/127.0.0.1:8083] onStateChange(GET{uri=/userLocation?userId=5c9823cc-fa10-4fb4-9a00-cfa65eb29ceb, connection=PooledConnection{channel=[id: 0x6bf3117b, L:/127.0.0.1:51909 - R:localhost/127.0.0.1:8083]}}, [disconnecting])
15:53:16.261 [reactor-http-nio-48] DEBUG reactor.netty.resources.PooledConnectionProvider - [id: 0x6bf3117b, L:/127.0.0.1:51909 - R:localhost/127.0.0.1:8083] Releasing channel
15:53:16.261 [reactor-http-nio-48] DEBUG reactor.netty.resources.PooledConnectionProvider - [id: 0x6bf3117b, L:/127.0.0.1:51909 - R:localhost/127.0.0.1:8083] Channel cleaned, now 243 active connections and 58 inactive connections
15:53:16.263 [pool-2-thread-50] INFO tourGuide.service.TourGuideService - visitedLocatio tourGuide.gpsUtil.VisitedLocation@6bbd13e3
15:53:16.264 [pool-2-thread-50] DEBUG org.springframework.web.reactive.function.client.ExchangeFunctions - [a163286] HTTP GET http://localhost:8083/attractions
15:53:16.266 [reactor-http-nio-48] DEBUG reactor.netty.resources.PooledConnectionProvider - [id: 0x4874d701, L:/127.0.0.1:51890 - R:localhost/127.0.0.1:8083] Channel acquired, now 244 active connections and 57 inactive connections
15:53:16.266 [reactor-http-nio-48] DEBUG reactor.netty.http.client.HttpClientConnect - [id: 0x4874d701, L:/127.0.0.1:51890 - R:localhost/127.0.0.1:8083] Handler is being applied: {uri=http://localhost:8083/attractions, method=GET}
15:53:16.266 [pool-2-thread-52] INFO tourGuide.service.TourGuideService - visitedLocatio tourGuide.gpsUtil.VisitedLocation@7fcef974
15:53:16.267 [pool-2-thread-52] DEBUG org.springframework.web.reactive.function.client.ExchangeFunctions - [4c5c150a] HTTP GET http://localhost:8083/attractions
15:53:16.263 [pool-2-thread-49] INFO tourGuide.service.TourGuideService - visitedLocatio tourGuide.gpsUtil.VisitedLocation@6fe6e5f9
15:53:16.267 [reactor-http-nio-48] DEBUG reactor.netty.resources.PooledConnectionProvider - [id: 0x4874d701, L:/127.0.0.1:51890 - R:localhost/127.0.0.1:8083] onStateChange(GET{uri=/attractions, connection=PooledConnection{channel=[id: 0x4874d701, L:/127.0.0.1:51890 - R:localhost/127.0.0.1:8083]}}, [request_sent])
15:53:16.268 [pool-2-thread-49] DEBUG org.springframework.web.reactive.function.client.ExchangeFunctions - [705e0599] HTTP GET http://localhost:8083/attractions
15:53:16.268 [reactor-http-nio-48] DEBUG reactor.netty.resources.PooledConnectionProvider - [id: 0x8875bf90, L:/127.0.0.1:51907 - R:localhost/127.0.0.1:8083] Channel acquired, now 245 active connections and 56 inactive connections
15:53:16.268 [reactor-http-nio-48] DEBUG reactor.netty.http.client.HttpClientConnect - [id: 0x8875bf90, L:/127.0.0.1:51907 - R:localhost/127.0.0.1:8083] Handler is being applied: {uri=http://localhost:8083/attractions, method=GET}
15:53:16.269 [reactor-http-nio-48] DEBUG reactor.netty.resources.PooledConnectionProvider - [id: 0x8875bf90, L:/127.0.0.1:51907 - R:localhost/127.0.0.1:8083] onStateChange(GET{uri=/attractions, connection=PooledConnection{channel=[id: 0x8875bf90, L:/127.0.0.1:51907 - R:localhost/127.0.0.1:8083]}}, [request_sent])
15:53:16.269 [reactor-http-nio-47] DEBUG reactor.netty.resources.PooledConnectionProvider - [id: 0xdaf60602, L:/127.0.0.1:51681 - R:localhost/127.0.0.1:8083] Channel acquired, now 246 active connections and 55 inactive connections
15:53:16.270 [reactor-http-nio-47] DEBUG reactor.netty.http.client.HttpClientConnect - [id: 0xdaf60602, L:/127.0.0.1:51681 - R:localhost/127.0.0.1:8083] Handler is being applied: {uri=http://localhost:8083/attractions, method=GET}
15:53:16.270 [reactor-http-nio-47] DEBUG reactor.netty.resources.PooledConnectionProvider - [id: 0xdaf60602, L:/127.0.0.1:51681 - R:localhost/127.0.0.1:8083] onStateChange(GET{uri=/attractions, connection=PooledConnection{channel=[id: 0xdaf60602, L:/127.0.0.1:51681 - R:localhost/127.0.0.1:8083]}}, [request_sent])
15:53:16.271 [reactor-http-nio-47] DEBUG reactor.netty.http.client.HttpClientOperations - [id: 0x2fcf1b2b, L:/127.0.0.1:51855 - R:localhost/127.0.0.1:8083] Received response (auto-read:false) : [Content-Type=application/json, Transfer-Encoding=chunked, Date=Wed, 15 Jun 2022 14:53:15 GMT]
15:53:16.271 [reactor-http-nio-47] DEBUG reactor.netty.resources.PooledConnectionProvider - [id: 0x2fcf1b2b, L:/127.0.0.1:51855 - R:localhost/127.0.0.1:8083] onStateChange(GET{uri=/userLocation?userId=40cc75b6-c77f-4f0f-a892-508899205994, connection=PooledConnection{channel=[id: 0x2fcf1b2b, L:/127.0.0.1:51855 - R:localhost/127.0.0.1:8083]}}, [response_received])
15:53:16.271 [reactor-http-nio-47] DEBUG org.springframework.web.reactive.function.client.ExchangeFunctions - [67bb237f] Response 200 OK
15:53:16.271 [reactor-http-nio-41] DEBUG reactor.netty.http.client.HttpClientOperations - [id: 0x38682cba, L:/127.0.0.1:51715 - R:localhost/127.0.0.1:8083] Received response (auto-read:false) : [Content-Type=application/json, Transfer-Encoding=chunked, Date=Wed, 15 Jun 2022 14:53:15 GMT]
15:53:16.271 [reactor-http-nio-41] DEBUG reactor.netty.resources.PooledConnectionProvider - [id: 0x38682cba, L:/127.0.0.1:51715 - R:localhost/127.0.0.1:8083] onStateChange(GET{uri=/attractions, connection=PooledConnection{channel=[id: 0x38682cba, L:/127.0.0.1:51715 - R:localhost/127.0.0.1:8083]}}, [response_received])
15:53:16.271 [reactor-http-nio-41] DEBUG org.springframework.web.reactive.function.client.ExchangeFunctions - [40a7704a] Response 200 OK
15:53:16.271 [reactor-http-nio-47] DEBUG reactor.netty.channel.FluxReceive - [id: 0x2fcf1b2b, L:/127.0.0.1:51855 - R:localhost/127.0.0.1:8083] Subscribing inbound receiver [pending: 0, cancelled:false, inboundDone: false]
15:53:16.271 [reactor-http-nio-41] DEBUG reactor.netty.channel.FluxReceive - [id: 0x38682cba, L:/127.0.0.1:51715 - R:localhost/127.0.0.1:8083] Subscribing inbound receiver [pending: 0, cancelled:false, inboundDone: false]
15:53:16.271 [reactor-http-nio-47] DEBUG reactor.netty.http.client.HttpClientOperations - [id: 0x2fcf1b2b, L:/127.0.0.1:51855 - R:localhost/127.0.0.1:8083] Received last HTTP packet
15:53:16.271 [reactor-http-nio-47] DEBUG org.springframework.core.codec.StringDecoder - [67bb237f] Decoded "{"userId":"40cc75b6-c77f-4f0f-a892-508899205994","location":{"longitude":112.55368,"latitude":5.782 (truncated)...
15:53:16.271 [reactor-http-nio-41] DEBUG reactor.netty.http.client.HttpClientOperations - [id: 0x38682cba, L:/127.0.0.1:51715 - R:localhost/127.0.0.1:8083] Received last HTTP packet
15:53:16.272 [reactor-http-nio-41] DEBUG org.springframework.core.codec.StringDecoder - [40a7704a] Decoded "[{"longitude":-117.922008,"latitude":33.817595,"attractionName":"Disneyland","city":"Anaheim","stat (truncated)...
15:53:16.272 [reactor-http-nio-41] DEBUG reactor.netty.resources.PooledConnectionProvider - [id: 0x38682cba, L:/127.0.0.1:51715 - R:localhost/127.0.0.1:8083] onStateChange(GET{uri=/attractions, connection=PooledConnection{channel=[id: 0x38682cba, L:/127.0.0.1:51715 - R:localhost/127.0.0.1:8083]}}, [disconnecting])
15:53:16.272 [reactor-http-nio-41] DEBUG reactor.netty.resources.PooledConnectionProvider - [id: 0x38682cba, L:/127.0.0.1:51715 - R:localhost/127.0.0.1:8083] Releasing channel
15:53:16.272 [reactor-http-nio-41] DEBUG reactor.netty.resources.PooledConnectionProvider - [id: 0x38682cba, L:/127.0.0.1:51715 - R:localhost/127.0.0.1:8083] Channel cleaned, now 245 active connections and 56 inactive connections
15:53:16.272 [reactor-http-nio-47] DEBUG reactor.netty.resources.PooledConnectionProvider - [id: 0x2fcf1b2b, L:/127.0.0.1:51855 - R:localhost/127.0.0.1:8083] onStateChange(GET{uri=/userLocation?userId=40cc75b6-c77f-4f0f-a892-508899205994, connection=PooledConnection{channel=[id: 0x2fcf1b2b, L:/127.0.0.1:51855 - R:localhost/127.0.0.1:8083]}}, [disconnecting])
15:53:16.272 [reactor-http-nio-47] DEBUG reactor.netty.resources.PooledConnectionProvider - [id: 0x2fcf1b2b, L:/127.0.0.1:51855 - R:localhost/127.0.0.1:8083] Releasing channel
15:53:16.272 [reactor-http-nio-47] DEBUG reactor.netty.resources.PooledConnectionProvider - [id: 0x2fcf1b2b, L:/127.0.0.1:51855 - R:localhost/127.0.0.1:8083] Channel cleaned, now 244 active connections and 57 inactive connections
15:53:16.272 [pool-2-thread-28] INFO tourGuide.service.TourGuideService - visitedLocatio tourGuide.gpsUtil.VisitedLocation@51f20978
15:53:16.273 [pool-2-thread-28] DEBUG org.springframework.web.reactive.function.client.ExchangeFunctions - [46a9d60b] HTTP GET http://localhost:8083/attractions
15:53:16.274 [reactor-http-nio-47] DEBUG reactor.netty.resources.PooledConnectionProvider - [id: 0x120dec4e, L:/127.0.0.1:51686 - R:localhost/127.0.0.1:8083] Channel acquired, now 245 active connections and 56 inactive connections
15:53:16.275 [reactor-http-nio-47] DEBUG reactor.netty.http.client.HttpClientConnect - [id: 0x120dec4e, L:/127.0.0.1:51686 - R:localhost/127.0.0.1:8083] Handler is being applied: {uri=http://localhost:8083/attractions, method=GET}
15:53:16.275 [reactor-http-nio-46] DEBUG reactor.netty.http.client.HttpClientOperations - [id: 0x0a4cfcd0, L:/127.0.0.1:51802 - R:localhost/127.0.0.1:8083] Received response (auto-read:false) : [Content-Type=application/json, Transfer-Encoding=chunked, Date=Wed, 15 Jun 2022 14:53:15 GMT]
15:53:16.275 [reactor-http-nio-46] DEBUG reactor.netty.resources.PooledConnectionProvider - [id: 0x0a4cfcd0, L:/127.0.0.1:51802 - R:localhost/127.0.0.1:8083] onStateChange(GET{uri=/attractions, connection=PooledConnection{channel=[id: 0x0a4cfcd0, L:/127.0.0.1:51802 - R:localhost/127.0.0.1:8083]}}, [response_received])
15:53:16.275 [reactor-http-nio-46] DEBUG org.springframework.web.reactive.function.client.ExchangeFunctions - [393d7707] Response 200 OK
15:53:16.275 [reactor-http-nio-47] DEBUG reactor.netty.resources.PooledConnectionProvider - [id: 0x120dec4e, L:/127.0.0.1:51686 - R:localhost/127.0.0.1:8083] onStateChange(GET{uri=/attractions, connection=PooledConnection{channel=[id: 0x120dec4e, L:/127.0.0.1:51686 - R:localhost/127.0.0.1:8083]}}, [request_sent])
15:53:16.275 [reactor-http-nio-46] DEBUG reactor.netty.channel.FluxReceive - [id: 0x0a4cfcd0, L:/127.0.0.1:51802 - R:localhost/127.0.0.1:8083] Subscribing inbound receiver [pending: 0, cancelled:false, inboundDone: false]
15:53:16.276 [reactor-http-nio-41] DEBUG reactor.netty.http.client.HttpClientOperations - [id: 0xe144b806, L:/127.0.0.1:51710 - R:localhost/127.0.0.1:8083] Received response (auto-read:false) : [Content-Type=application/json, Transfer-Encoding=chunked, Date=Wed, 15 Jun 2022 14:53:15 GMT]
15:53:16.276 [reactor-http-nio-47] DEBUG reactor.netty.http.client.HttpClientOperations - [id: 0xb30cfda6, L:/127.0.0.1:51864 - R:localhost/127.0.0.1:8083] Received response (auto-read:false) : [Content-Type=application/json, Transfer-Encoding=chunked, Date=Wed, 15 Jun 2022 14:53:15 GMT]
15:53:16.276 [reactor-http-nio-41] DEBUG reactor.netty.resources.PooledConnectionProvider - [id: 0xe144b806, L:/127.0.0.1:51710 - R:localhost/127.0.0.1:8083] onStateChange(GET{uri=/attractions, connection=PooledConnection{channel=[id: 0xe144b806, L:/127.0.0.1:51710 - R:localhost/127.0.0.1:8083]}}, [response_received])
15:53:16.276 [reactor-http-nio-47] DEBUG reactor.netty.resources.PooledConnectionProvider - [id: 0xb30cfda6, L:/127.0.0.1:51864 - R:localhost/127.0.0.1:8083] onStateChange(GET{uri=/userLocation?userId=2a47b186-6251-4098-81d0-0d82facb206d, connection=PooledConnection{channel=[id: 0xb30cfda6, L:/127.0.0.1:51864 - R:localhost/127.0.0.1:8083]}}, [response_received])
15:53:16.277 [reactor-http-nio-47] DEBUG org.springframework.web.reactive.function.client.ExchangeFunctions - [5629f1fa] Response 200 OK
15:53:16.277 [reactor-http-nio-41] DEBUG org.springframework.web.reactive.function.client.ExchangeFunctions - [702dadd1] Response 200 OK
15:53:16.277 [reactor-http-nio-47] DEBUG reactor.netty.channel.FluxReceive - [id: 0xb30cfda6, L:/127.0.0.1:51864 - R:localhost/127.0.0.1:8083] Subscribing inbound receiver [pending: 0, cancelled:false, inboundDone: false]
15:53:16.277 [reactor-http-nio-41] DEBUG reactor.netty.channel.FluxReceive - [id: 0xe144b806, L:/127.0.0.1:51710 - R:localhost/127.0.0.1:8083] Subscribing inbound receiver [pending: 0, cancelled:false, inboundDone: false]
15:53:16.277 [reactor-http-nio-47] DEBUG reactor.netty.http.client.HttpClientOperations - [id: 0xb30cfda6, L:/127.0.0.1:51864 - R:localhost/127.0.0.1:8083] Received last HTTP packet
15:53:16.277 [reactor-http-nio-41] DEBUG reactor.netty.http.client.HttpClientOperations - [id: 0xe144b806, L:/127.0.0.1:51710 - R:localhost/127.0.0.1:8083] Received last HTTP packet
15:53:16.277 [reactor-http-nio-47] DEBUG org.springframework.core.codec.StringDecoder - [5629f1fa] Decoded "{"userId":"2a47b186-6251-4098-81d0-0d82facb206d","location":{"longitude":-166.270333,"latitude":-1. (truncated)...
15:53:16.277 [reactor-http-nio-47] DEBUG reactor.netty.resources.PooledConnectionProvider - [id: 0xb30cfda6, L:/127.0.0.1:51864 - R:localhost/127.0.0.1:8083] onStateChange(GET{uri=/userLocation?userId=2a47b186-6251-4098-81d0-0d82facb206d, connection=PooledConnection{channel=[id: 0xb30cfda6, L:/127.0.0.1:51864 - R:localhost/127.0.0.1:8083]}}, [disconnecting])
15:53:16.277 [reactor-http-nio-47] DEBUG reactor.netty.resources.PooledConnectionProvider - [id: 0xb30cfda6, L:/127.0.0.1:51864 - R:localhost/127.0.0.1:8083] Releasing channel
15:53:16.277 [reactor-http-nio-47] DEBUG reactor.netty.resources.PooledConnectionProvider - [id: 0xb30cfda6, L:/127.0.0.1:51864 - R:localhost/127.0.0.1:8083] Channel cleaned, now 244 active connections and 57 inactive connections
15:53:16.277 [reactor-http-nio-41] DEBUG org.springframework.core.codec.StringDecoder - [702dadd1] Decoded "[{"longitude":-117.922008,"latitude":33.817595,"attractionName":"Disneyland","city":"Anaheim","stat (truncated)...
15:53:16.277 [reactor-http-nio-41] DEBUG reactor.netty.resources.PooledConnectionProvider - [id: 0xe144b806, L:/127.0.0.1:51710 - R:localhost/127.0.0.1:8083] onStateChange(GET{uri=/attractions, connection=PooledConnection{channel=[id: 0xe144b806, L:/127.0.0.1:51710 - R:localhost/127.0.0.1:8083]}}, [disconnecting])
15:53:16.277 [reactor-http-nio-41] DEBUG reactor.netty.resources.PooledConnectionProvider - [id: 0xe144b806, L:/127.0.0.1:51710 - R:localhost/127.0.0.1:8083] Releasing channel
15:53:16.277 [reactor-http-nio-41] DEBUG reactor.netty.resources.PooledConnectionProvider - [id: 0xe144b806, L:/127.0.0.1:51710 - R:localhost/127.0.0.1:8083] Channel cleaned, now 243 active connections and 58 inactive connections
15:53:16.278 [reactor-http-nio-41] DEBUG reactor.netty.http.client.HttpClientOperations - [id: 0x45e1ba3f, L:/127.0.0.1:51927 - R:localhost/127.0.0.1:8083] Received response (auto-read:false) : [Content-Type=application/json, Transfer-Encoding=chunked, Date=Wed, 15 Jun 2022 14:53:15 GMT]
15:53:16.278 [reactor-http-nio-41] DEBUG reactor.netty.resources.PooledConnectionProvider - [id: 0x45e1ba3f, L:/127.0.0.1:51927 - R:localhost/127.0.0.1:8083] onStateChange(GET{uri=/userLocation?userId=2ab6b755-8b5f-4050-b432-6fefd49470d3, connection=PooledConnection{channel=[id: 0x45e1ba3f, L:/127.0.0.1:51927 - R:localhost/127.0.0.1:8083]}}, [response_received])
15:53:16.278 [reactor-http-nio-41] DEBUG org.springframework.web.reactive.function.client.ExchangeFunctions - [48711119] Response 200 OK
15:53:16.278 [reactor-http-nio-41] DEBUG reactor.netty.channel.FluxReceive - [id: 0x45e1ba3f, L:/127.0.0.1:51927 - R:localhost/127.0.0.1:8083] Subscribing inbound receiver [pending: 0, cancelled:false, inboundDone: false]
15:53:16.278 [reactor-http-nio-41] DEBUG reactor.netty.http.client.HttpClientOperations - [id: 0x45e1ba3f, L:/127.0.0.1:51927 - R:localhost/127.0.0.1:8083] Received last HTTP packet
15:53:16.279 [reactor-http-nio-41] DEBUG org.springframework.core.codec.StringDecoder - [48711119] Decoded "{"userId":"2ab6b755-8b5f-4050-b432-6fefd49470d3","location":{"longitude":5.862901,"latitude":47.245 (truncated)...
15:53:16.279 [reactor-http-nio-41] DEBUG reactor.netty.resources.PooledConnectionProvider - [id: 0x45e1ba3f, L:/127.0.0.1:51927 - R:localhost/127.0.0.1:8083] onStateChange(GET{uri=/userLocation?userId=2ab6b755-8b5f-4050-b432-6fefd49470d3, connection=PooledConnection{channel=[id: 0x45e1ba3f, L:/127.0.0.1:51927 - R:localhost/127.0.0.1:8083]}}, [disconnecting])
15:53:16.279 [reactor-http-nio-41] DEBUG reactor.netty.resources.PooledConnectionProvider - [id: 0x45e1ba3f, L:/127.0.0.1:51927 - R:localhost/127.0.0.1:8083] Releasing channel
15:53:16.279 [reactor-http-nio-41] DEBUG reactor.netty.resources.PooledConnectionProvider - [id: 0x45e1ba3f, L:/127.0.0.1:51927 - R:localhost/127.0.0.1:8083] Channel cleaned, now 242 active connections and 59 inactive connections
15:53:16.280 [pool-5-thread-38] INFO tourGuide.service.TourGuideService - visitedLocatio tourGuide.gpsUtil.VisitedLocation@1ff7c28d
15:53:16.280 [pool-5-thread-38] DEBUG org.springframework.web.reactive.function.client.ExchangeFunctions - [578304bb] HTTP GET http://localhost:8083/attractions
15:53:16.281 [pool-2-thread-131] INFO tourGuide.service.TourGuideService - visitedLocatio tourGuide.gpsUtil.VisitedLocation@9f6a57
15:53:16.282 [pool-2-thread-131] DEBUG org.springframework.web.reactive.function.client.ExchangeFunctions - [6963e46d] HTTP GET http://localhost:8083/attractions
15:53:16.282 [reactor-http-nio-47] DEBUG reactor.netty.resources.PooledConnectionProvider - [id: 0xf17c5cf9, L:/127.0.0.1:51688 - R:localhost/127.0.0.1:8083] Channel acquired, now 243 active connections and 58 inactive connections
15:53:16.282 [reactor-http-nio-47] DEBUG reactor.netty.http.client.HttpClientConnect - [id: 0xf17c5cf9, L:/127.0.0.1:51688 - R:localhost/127.0.0.1:8083] Handler is being applied: {uri=http://localhost:8083/attractions, method=GET}
15:53:16.283 [reactor-http-nio-47] DEBUG reactor.netty.resources.PooledConnectionProvider - [id: 0xf17c5cf9, L:/127.0.0.1:51688 - R:localhost/127.0.0.1:8083] onStateChange(GET{uri=/attractions, connection=PooledConnection{channel=[id: 0xf17c5cf9, L:/127.0.0.1:51688 - R:localhost/127.0.0.1:8083]}}, [request_sent])
15:53:16.284 [reactor-http-nio-47] DEBUG reactor.netty.resources.PooledConnectionProvider - [id: 0x25d8fc77, L:/127.0.0.1:51691 - R:localhost/127.0.0.1:8083] Channel acquired, now 244 active connections and 57 inactive connections
15:53:16.284 [reactor-http-nio-47] DEBUG reactor.netty.http.client.HttpClientConnect - [id: 0x25d8fc77, L:/127.0.0.1:51691 - R:localhost/127.0.0.1:8083] Handler is being applied: {uri=http://localhost:8083/attractions, method=GET}
15:53:16.285 [reactor-http-nio-47] DEBUG reactor.netty.resources.PooledConnectionProvider - [id: 0x25d8fc77, L:/127.0.0.1:51691 - R:localhost/127.0.0.1:8083] onStateChange(GET{uri=/attractions, connection=PooledConnection{channel=[id: 0x25d8fc77, L:/127.0.0.1:51691 - R:localhost/127.0.0.1:8083]}}, [request_sent])
15:53:16.286 [reactor-http-nio-48] DEBUG reactor.netty.http.client.HttpClientOperations - [id: 0x14c7d32e, L:/127.0.0.1:51953 - R:localhost/127.0.0.1:8083] Received response (auto-read:false) : [Content-Type=application/json, Transfer-Encoding=chunked, Date=Wed, 15 Jun 2022 14:53:15 GMT]
15:53:16.286 [reactor-http-nio-48] DEBUG reactor.netty.resources.PooledConnectionProvider - [id: 0x14c7d32e, L:/127.0.0.1:51953 - R:localhost/127.0.0.1:8083] onStateChange(GET{uri=/userLocation?userId=5dee6a78-54a6-4559-82a1-992fb2ac424b, connection=PooledConnection{channel=[id: 0x14c7d32e, L:/127.0.0.1:51953 - R:localhost/127.0.0.1:8083]}}, [response_received])
15:53:16.286 [reactor-http-nio-48] DEBUG org.springframework.web.reactive.function.client.ExchangeFunctions - [26a7157f] Response 200 OK
15:53:16.286 [reactor-http-nio-48] DEBUG reactor.netty.channel.FluxReceive - [id: 0x14c7d32e, L:/127.0.0.1:51953 - R:localhost/127.0.0.1:8083] Subscribing inbound receiver [pending: 0, cancelled:false, inboundDone: false]
15:53:16.287 [reactor-http-nio-48] DEBUG reactor.netty.http.client.HttpClientOperations - [id: 0x14c7d32e, L:/127.0.0.1:51953 - R:localhost/127.0.0.1:8083] Received last HTTP packet
15:53:16.287 [reactor-http-nio-48] DEBUG org.springframework.core.codec.StringDecoder - [26a7157f] Decoded "{"userId":"5dee6a78-54a6-4559-82a1-992fb2ac424b","location":{"longitude":-57.488246,"latitude":-43. (truncated)...
15:53:16.287 [reactor-http-nio-48] DEBUG reactor.netty.resources.PooledConnectionProvider - [id: 0x14c7d32e, L:/127.0.0.1:51953 - R:localhost/127.0.0.1:8083] onStateChange(GET{uri=/userLocation?userId=5dee6a78-54a6-4559-82a1-992fb2ac424b, connection=PooledConnection{channel=[id: 0x14c7d32e, L:/127.0.0.1:51953 - R:localhost/127.0.0.1:8083]}}, [disconnecting])
15:53:16.287 [reactor-http-nio-48] DEBUG reactor.netty.resources.PooledConnectionProvider - [id: 0x14c7d32e, L:/127.0.0.1:51953 - R:localhost/127.0.0.1:8083] Releasing channel
15:53:16.287 [reactor-http-nio-48] DEBUG reactor.netty.resources.PooledConnectionProvider - [id: 0x14c7d32e, L:/127.0.0.1:51953 - R:localhost/127.0.0.1:8083] Channel cleaned, now 243 active connections and 58 inactive connections
15:53:16.288 [pool-2-thread-95] INFO tourGuide.service.TourGuideService - visitedLocatio tourGuide.gpsUtil.VisitedLocation@30e2b96c
15:53:16.289 [pool-2-thread-95] DEBUG org.springframework.web.reactive.function.client.ExchangeFunctions - [7b5e00b] HTTP GET http://localhost:8083/attractions
15:53:16.290 [reactor-http-nio-47] DEBUG reactor.netty.resources.PooledConnectionProvider - [id: 0x99bba80d, L:/127.0.0.1:51693 - R:localhost/127.0.0.1:8083] Channel acquired, now 244 active connections and 57 inactive connections
15:53:16.290 [reactor-http-nio-47] DEBUG reactor.netty.http.client.HttpClientConnect - [id: 0x99bba80d, L:/127.0.0.1:51693 - R:localhost/127.0.0.1:8083] Handler is being applied: {uri=http://localhost:8083/attractions, method=GET}
15:53:16.291 [reactor-http-nio-47] DEBUG reactor.netty.resources.PooledConnectionProvider - [id: 0x99bba80d, L:/127.0.0.1:51693 - R:localhost/127.0.0.1:8083] onStateChange(GET{uri=/attractions, connection=PooledConnection{channel=[id: 0x99bba80d, L:/127.0.0.1:51693 - R:localhost/127.0.0.1:8083]}}, [request_sent])
15:53:16.292 [reactor-http-nio-47] DEBUG reactor.netty.http.client.HttpClientOperations - [id: 0xa3d0d1c3, L:/127.0.0.1:51871 - R:localhost/127.0.0.1:8083] Received response (auto-read:false) : [Content-Type=application/json, Transfer-Encoding=chunked, Date=Wed, 15 Jun 2022 14:53:15 GMT]
15:53:16.292 [reactor-http-nio-47] DEBUG reactor.netty.resources.PooledConnectionProvider - [id: 0xa3d0d1c3, L:/127.0.0.1:51871 - R:localhost/127.0.0.1:8083] onStateChange(GET{uri=/userLocation?userId=56aad4e1-c14f-412a-8b0c-276b69e9d278, connection=PooledConnection{channel=[id: 0xa3d0d1c3, L:/127.0.0.1:51871 - R:localhost/127.0.0.1:8083]}}, [response_received])
15:53:16.292 [reactor-http-nio-47] DEBUG org.springframework.web.reactive.function.client.ExchangeFunctions - [216d94b5] Response 200 OK
15:53:16.292 [reactor-http-nio-47] DEBUG reactor.netty.channel.FluxReceive - [id: 0xa3d0d1c3, L:/127.0.0.1:51871 - R:localhost/127.0.0.1:8083] Subscribing inbound receiver [pending: 0, cancelled:false, inboundDone: false]
15:53:16.292 [reactor-http-nio-47] DEBUG reactor.netty.http.client.HttpClientOperations - [id: 0xa3d0d1c3, L:/127.0.0.1:51871 - R:localhost/127.0.0.1:8083] Received last HTTP packet
15:53:16.293 [reactor-http-nio-47] DEBUG org.springframework.core.codec.StringDecoder - [216d94b5] Decoded "{"userId":"56aad4e1-c14f-412a-8b0c-276b69e9d278","location":{"longitude":-117.829598,"latitude":-31 (truncated)...
15:53:16.293 [reactor-http-nio-47] DEBUG reactor.netty.resources.PooledConnectionProvider - [id: 0xa3d0d1c3, L:/127.0.0.1:51871 - R:localhost/127.0.0.1:8083] onStateChange(GET{uri=/userLocation?userId=56aad4e1-c14f-412a-8b0c-276b69e9d278, connection=PooledConnection{channel=[id: 0xa3d0d1c3, L:/127.0.0.1:51871 - R:localhost/127.0.0.1:8083]}}, [disconnecting])
15:53:16.293 [reactor-http-nio-47] DEBUG reactor.netty.resources.PooledConnectionProvider - [id: 0xa3d0d1c3, L:/127.0.0.1:51871 - R:localhost/127.0.0.1:8083] Releasing channel
15:53:16.293 [reactor-http-nio-47] DEBUG reactor.netty.resources.PooledConnectionProvider - [id: 0xa3d0d1c3, L:/127.0.0.1:51871 - R:localhost/127.0.0.1:8083] Channel cleaned, now 243 active connections and 58 inactive connections
15:53:16.294 [pool-5-thread-87] INFO tourGuide.service.TourGuideService - visitedLocatio tourGuide.gpsUtil.VisitedLocation@64bf2736
15:53:16.295 [pool-5-thread-87] DEBUG org.springframework.web.reactive.function.client.ExchangeFunctions - [7f61c1] HTTP GET http://localhost:8083/attractions
15:53:16.297 [reactor-http-nio-47] DEBUG reactor.netty.resources.PooledConnectionProvider - [id: 0xc1a60bcc, L:/127.0.0.1:51694 - R:localhost/127.0.0.1:8083] Channel acquired, now 244 active connections and 57 inactive connections
15:53:16.298 [reactor-http-nio-47] DEBUG reactor.netty.http.client.HttpClientConnect - [id: 0xc1a60bcc, L:/127.0.0.1:51694 - R:localhost/127.0.0.1:8083] Handler is being applied: {uri=http://localhost:8083/attractions, method=GET}
15:53:16.298 [reactor-http-nio-47] DEBUG reactor.netty.resources.PooledConnectionProvider - [id: 0xc1a60bcc, L:/127.0.0.1:51694 - R:localhost/127.0.0.1:8083] onStateChange(GET{uri=/attractions, connection=PooledConnection{channel=[id: 0xc1a60bcc, L:/127.0.0.1:51694 - R:localhost/127.0.0.1:8083]}}, [request_sent])
15:53:16.299 [reactor-http-nio-47] DEBUG reactor.netty.http.client.HttpClientOperations - [id: 0x70f8c72b, L:/127.0.0.1:51852 - R:localhost/127.0.0.1:8083] Received response (auto-read:false) : [Content-Type=application/json, Transfer-Encoding=chunked, Date=Wed, 15 Jun 2022 14:53:15 GMT]
15:53:16.299 [reactor-http-nio-47] DEBUG reactor.netty.resources.PooledConnectionProvider - [id: 0x70f8c72b, L:/127.0.0.1:51852 - R:localhost/127.0.0.1:8083] onStateChange(GET{uri=/userLocation?userId=b2276fdc-0b32-4170-a590-9b88caff71b6, connection=PooledConnection{channel=[id: 0x70f8c72b, L:/127.0.0.1:51852 - R:localhost/127.0.0.1:8083]}}, [response_received])
15:53:16.299 [reactor-http-nio-48] DEBUG reactor.netty.http.client.HttpClientOperations - [id: 0xf2727193, L:/127.0.0.1:51969 - R:localhost/127.0.0.1:8083] Received response (auto-read:false) : [Content-Type=application/json, Transfer-Encoding=chunked, Date=Wed, 15 Jun 2022 14:53:15 GMT]
15:53:16.299 [reactor-http-nio-48] DEBUG reactor.netty.resources.PooledConnectionProvider - [id: 0xf2727193, L:/127.0.0.1:51969 - R:localhost/127.0.0.1:8083] onStateChange(GET{uri=/userLocation?userId=d0d602a8-05ff-400c-a4ae-e6ef4dc149d4, connection=PooledConnection{channel=[id: 0xf2727193, L:/127.0.0.1:51969 - R:localhost/127.0.0.1:8083]}}, [response_received])
15:53:16.299 [reactor-http-nio-47] DEBUG org.springframework.web.reactive.function.client.ExchangeFunctions - [652dd9fd] Response 200 OK
15:53:16.299 [reactor-http-nio-48] DEBUG org.springframework.web.reactive.function.client.ExchangeFunctions - [fd26d14] Response 200 OK
15:53:16.300 [reactor-http-nio-47] DEBUG reactor.netty.channel.FluxReceive - [id: 0x70f8c72b, L:/127.0.0.1:51852 - R:localhost/127.0.0.1:8083] Subscribing inbound receiver [pending: 0, cancelled:false, inboundDone: false]
15:53:16.300 [reactor-http-nio-48] DEBUG reactor.netty.channel.FluxReceive - [id: 0xf2727193, L:/127.0.0.1:51969 - R:localhost/127.0.0.1:8083] Subscribing inbound receiver [pending: 0, cancelled:false, inboundDone: false]
15:53:16.300 [reactor-http-nio-47] DEBUG reactor.netty.http.client.HttpClientOperations - [id: 0x70f8c72b, L:/127.0.0.1:51852 - R:localhost/127.0.0.1:8083] Received last HTTP packet
15:53:16.300 [reactor-http-nio-47] DEBUG org.springframework.core.codec.StringDecoder - [652dd9fd] Decoded "{"userId":"b2276fdc-0b32-4170-a590-9b88caff71b6","location":{"longitude":-168.447759,"latitude":59. (truncated)...
15:53:16.300 [reactor-http-nio-47] DEBUG reactor.netty.resources.PooledConnectionProvider - [id: 0x70f8c72b, L:/127.0.0.1:51852 - R:localhost/127.0.0.1:8083] onStateChange(GET{uri=/userLocation?userId=b2276fdc-0b32-4170-a590-9b88caff71b6, connection=PooledConnection{channel=[id: 0x70f8c72b, L:/127.0.0.1:51852 - R:localhost/127.0.0.1:8083]}}, [disconnecting])
15:53:16.300 [reactor-http-nio-47] DEBUG reactor.netty.resources.PooledConnectionProvider - [id: 0x70f8c72b, L:/127.0.0.1:51852 - R:localhost/127.0.0.1:8083] Releasing channel
15:53:16.300 [reactor-http-nio-47] DEBUG reactor.netty.resources.PooledConnectionProvider - [id: 0x70f8c72b, L:/127.0.0.1:51852 - R:localhost/127.0.0.1:8083] Channel cleaned, now 243 active connections and 58 inactive connections
15:53:16.301 [pool-2-thread-19] INFO tourGuide.service.TourGuideService - visitedLocatio tourGuide.gpsUtil.VisitedLocation@6a2f01c1
15:53:16.301 [reactor-http-nio-48] DEBUG reactor.netty.http.client.HttpClientOperations - [id: 0xf2727193, L:/127.0.0.1:51969 - R:localhost/127.0.0.1:8083] Received last HTTP packet
15:53:16.301 [reactor-http-nio-48] DEBUG org.springframework.core.codec.StringDecoder - [fd26d14] Decoded "{"userId":"d0d602a8-05ff-400c-a4ae-e6ef4dc149d4","location":{"longitude":-161.174716,"latitude":62. (truncated)...
15:53:16.301 [reactor-http-nio-48] DEBUG reactor.netty.resources.PooledConnectionProvider - [id: 0xf2727193, L:/127.0.0.1:51969 - R:localhost/127.0.0.1:8083] onStateChange(GET{uri=/userLocation?userId=d0d602a8-05ff-400c-a4ae-e6ef4dc149d4, connection=PooledConnection{channel=[id: 0xf2727193, L:/127.0.0.1:51969 - R:localhost/127.0.0.1:8083]}}, [disconnecting])
15:53:16.302 [reactor-http-nio-48] DEBUG reactor.netty.resources.PooledConnectionProvider - [id: 0xf2727193, L:/127.0.0.1:51969 - R:localhost/127.0.0.1:8083] Releasing channel
15:53:16.302 [pool-2-thread-19] DEBUG org.springframework.web.reactive.function.client.ExchangeFunctions - [3df907a5] HTTP GET http://localhost:8083/attractions
15:53:16.302 [reactor-http-nio-48] DEBUG reactor.netty.resources.PooledConnectionProvider - [id: 0xf2727193, L:/127.0.0.1:51969 - R:localhost/127.0.0.1:8083] Channel cleaned, now 242 active connections and 59 inactive connections
15:53:16.302 [pool-2-thread-102] INFO tourGuide.service.TourGuideService - visitedLocatio tourGuide.gpsUtil.VisitedLocation@4fb009eb
15:53:16.303 [pool-2-thread-102] DEBUG org.springframework.web.reactive.function.client.ExchangeFunctions - [5ac7d751] HTTP GET http://localhost:8083/attractions
15:53:16.303 [reactor-http-nio-47] DEBUG reactor.netty.resources.PooledConnectionProvider - [id: 0x5f2155e6, L:/127.0.0.1:51846 - R:localhost/127.0.0.1:8083] Channel acquired, now 243 active connections and 58 inactive connections
15:53:16.303 [reactor-http-nio-47] DEBUG reactor.netty.http.client.HttpClientConnect - [id: 0x5f2155e6, L:/127.0.0.1:51846 - R:localhost/127.0.0.1:8083] Handler is being applied: {uri=http://localhost:8083/attractions, method=GET}
15:53:16.304 [reactor-http-nio-48] DEBUG reactor.netty.http.client.HttpClientOperations - [id: 0x6c9d2faf, L:/127.0.0.1:51972 - R:localhost/127.0.0.1:8083] Received response (auto-read:false) : [Content-Type=application/json, Transfer-Encoding=chunked, Date=Wed, 15 Jun 2022 14:53:15 GMT]
15:53:16.304 [reactor-http-nio-48] DEBUG reactor.netty.resources.PooledConnectionProvider - [id: 0x6c9d2faf, L:/127.0.0.1:51972 - R:localhost/127.0.0.1:8083] onStateChange(GET{uri=/userLocation?userId=659fcc0d-e941-4475-9648-9f56f400c4c7, connection=PooledConnection{channel=[id: 0x6c9d2faf, L:/127.0.0.1:51972 - R:localhost/127.0.0.1:8083]}}, [response_received])
15:53:16.304 [reactor-http-nio-47] DEBUG reactor.netty.resources.PooledConnectionProvider - [id: 0x5f2155e6, L:/127.0.0.1:51846 - R:localhost/127.0.0.1:8083] onStateChange(GET{uri=/attractions, connection=PooledConnection{channel=[id: 0x5f2155e6, L:/127.0.0.1:51846 - R:localhost/127.0.0.1:8083]}}, [request_sent])
15:53:16.304 [reactor-http-nio-48] DEBUG org.springframework.web.reactive.function.client.ExchangeFunctions - [7f7040e7] Response 200 OK
15:53:16.304 [reactor-http-nio-48] DEBUG reactor.netty.channel.FluxReceive - [id: 0x6c9d2faf, L:/127.0.0.1:51972 - R:localhost/127.0.0.1:8083] Subscribing inbound receiver [pending: 0, cancelled:false, inboundDone: false]
15:53:16.306 [reactor-http-nio-47] DEBUG reactor.netty.resources.PooledConnectionProvider - [id: 0x0c4c7f0e, L:/127.0.0.1:51853 - R:localhost/127.0.0.1:8083] Channel acquired, now 244 active connections and 57 inactive connections
15:53:16.306 [reactor-http-nio-47] DEBUG reactor.netty.http.client.HttpClientConnect - [id: 0x0c4c7f0e, L:/127.0.0.1:51853 - R:localhost/127.0.0.1:8083] Handler is being applied: {uri=http://localhost:8083/attractions, method=GET}
15:53:16.306 [reactor-http-nio-48] DEBUG reactor.netty.http.client.HttpClientOperations - [id: 0x81d5694b, L:/127.0.0.1:51900 - R:localhost/127.0.0.1:8083] Received response (auto-read:false) : [Content-Type=application/json, Transfer-Encoding=chunked, Date=Wed, 15 Jun 2022 14:53:15 GMT]
15:53:16.306 [reactor-http-nio-48] DEBUG reactor.netty.resources.PooledConnectionProvider - [id: 0x81d5694b, L:/127.0.0.1:51900 - R:localhost/127.0.0.1:8083] onStateChange(GET{uri=/userLocation?userId=a975f90b-de9b-474f-b837-80fbda4e7d46, connection=PooledConnection{channel=[id: 0x81d5694b, L:/127.0.0.1:51900 - R:localhost/127.0.0.1:8083]}}, [response_received])
15:53:16.306 [reactor-http-nio-48] DEBUG org.springframework.web.reactive.function.client.ExchangeFunctions - [15ffe1de] Response 200 OK
15:53:16.306 [reactor-http-nio-47] DEBUG reactor.netty.resources.PooledConnectionProvider - [id: 0x0c4c7f0e, L:/127.0.0.1:51853 - R:localhost/127.0.0.1:8083] onStateChange(GET{uri=/attractions, connection=PooledConnection{channel=[id: 0x0c4c7f0e, L:/127.0.0.1:51853 - R:localhost/127.0.0.1:8083]}}, [request_sent])
15:53:16.306 [reactor-http-nio-48] DEBUG reactor.netty.channel.FluxReceive - [id: 0x81d5694b, L:/127.0.0.1:51900 - R:localhost/127.0.0.1:8083] Subscribing inbound receiver [pending: 0, cancelled:false, inboundDone: false]
15:53:16.307 [reactor-http-nio-47] DEBUG reactor.netty.http.client.HttpClientOperations - [id: 0x53e3235d, L:/127.0.0.1:51903 - R:localhost/127.0.0.1:8083] Received response (auto-read:false) : [Content-Type=application/json, Transfer-Encoding=chunked, Date=Wed, 15 Jun 2022 14:53:15 GMT]
15:53:16.307 [reactor-http-nio-47] DEBUG reactor.netty.resources.PooledConnectionProvider - [id: 0x53e3235d, L:/127.0.0.1:51903 - R:localhost/127.0.0.1:8083] onStateChange(GET{uri=/userLocation?userId=88c2cb3b-3227-44c2-8f6f-29264039dcf5, connection=PooledConnection{channel=[id: 0x53e3235d, L:/127.0.0.1:51903 - R:localhost/127.0.0.1:8083]}}, [response_received])
15:53:16.307 [reactor-http-nio-47] DEBUG org.springframework.web.reactive.function.client.ExchangeFunctions - [13cdffb9] Response 200 OK
15:53:16.307 [reactor-http-nio-47] DEBUG reactor.netty.channel.FluxReceive - [id: 0x53e3235d, L:/127.0.0.1:51903 - R:localhost/127.0.0.1:8083] Subscribing inbound receiver [pending: 0, cancelled:false, inboundDone: false]
15:53:16.411 [pool-4-thread-13] DEBUG org.springframework.web.reactive.function.client.ExchangeFunctions - [e000dbb] HTTP GET http://localhost:8084/attractionRewardPoint?attractionId=91f5014f-9ef6-4084-860f-8020234e69da&userId=cd7dc0ac-1435-4f55-b4cf-a388bb5e7022
15:53:16.413 [reactor-http-nio-48] DEBUG reactor.netty.resources.PooledConnectionProvider - [id: 0xf21d57cc] Created new pooled channel, now 12 active connections and 1 inactive connections
15:53:16.413 [reactor-http-nio-48] DEBUG reactor.netty.channel.BootstrapHandlers - [id: 0xf21d57cc] Initialized pipeline DefaultChannelPipeline{(BootstrapHandlers$BootstrapInitializerHandler#0 = reactor.netty.channel.BootstrapHandlers$BootstrapInitializerHandler), (SimpleChannelPool$1#0 = io.netty.channel.pool.SimpleChannelPool$1), (reactor.left.httpCodec = io.netty.handler.codec.http.HttpClientCodec), (reactor.left.decompressor = io.netty.handler.codec.http.HttpContentDecompressor), (reactor.right.reactiveBridge = reactor.netty.channel.ChannelOperationsHandler)}
15:53:16.415 [reactor-http-nio-48] DEBUG reactor.netty.resources.PooledConnectionProvider - [id: 0xf21d57cc, L:/127.0.0.1:51993 - R:localhost/127.0.0.1:8084] onStateChange(PooledConnection{channel=[id: 0xf21d57cc, L:/127.0.0.1:51993 - R:localhost/127.0.0.1:8084]}, [connected])
15:53:16.415 [reactor-http-nio-48] DEBUG reactor.netty.resources.PooledConnectionProvider - [id: 0xf21d57cc, L:/127.0.0.1:51993 - R:localhost/127.0.0.1:8084] onStateChange(GET{uri=/, connection=PooledConnection{channel=[id: 0xf21d57cc, L:/127.0.0.1:51993 - R:localhost/127.0.0.1:8084]}}, [configured])
15:53:16.416 [reactor-http-nio-48] DEBUG reactor.netty.resources.PooledConnectionProvider - [id: 0xf21d57cc, L:/127.0.0.1:51993 - R:localhost/127.0.0.1:8084] Registering pool release on close event for channel
15:53:16.416 [reactor-http-nio-48] DEBUG reactor.netty.http.client.HttpClientConnect - [id: 0xf21d57cc, L:/127.0.0.1:51993 - R:localhost/127.0.0.1:8084] Handler is being applied: {uri=http://localhost:8084/attractionRewardPoint?attractionId=91f5014f-9ef6-4084-860f-8020234e69da&userId=cd7dc0ac-1435-4f55-b4cf-a388bb5e7022, method=GET}
15:53:16.417 [reactor-http-nio-48] DEBUG reactor.netty.resources.PooledConnectionProvider - [id: 0xf21d57cc, L:/127.0.0.1:51993 - R:localhost/127.0.0.1:8084] onStateChange(GET{uri=/attractionRewardPoint?attractionId=91f5014f-9ef6-4084-860f-8020234e69da&userId=cd7dc0ac-1435-4f55-b4cf-a388bb5e7022, connection=PooledConnection{channel=[id: 0xf21d57cc, L:/127.0.0.1:51993 - R:localhost/127.0.0.1:8084]}}, [request_sent])
15:53:16.417 [reactor-http-nio-48] DEBUG reactor.netty.resources.PooledConnectionProvider - [id: 0xf21d57cc, L:/127.0.0.1:51993 - R:localhost/127.0.0.1:8084] Channel connected, now 13 active connections and 0 inactive connections
15:53:16.418 [reactor-http-nio-48] DEBUG reactor.netty.http.client.HttpClientOperations - [id: 0xce6ce1c7, L:/127.0.0.1:51962 - R:localhost/127.0.0.1:8083] Received response (auto-read:false) : [Content-Type=application/json, Transfer-Encoding=chunked, Date=Wed, 15 Jun 2022 14:53:15 GMT]
15:53:16.418 [reactor-http-nio-48] DEBUG reactor.netty.resources.PooledConnectionProvider - [id: 0xce6ce1c7, L:/127.0.0.1:51962 - R:localhost/127.0.0.1:8083] onStateChange(GET{uri=/userLocation?userId=f1a54c71-142b-4534-9113-5f5f1ae30e36, connection=PooledConnection{channel=[id: 0xce6ce1c7, L:/127.0.0.1:51962 - R:localhost/127.0.0.1:8083]}}, [response_received])
15:53:16.419 [reactor-http-nio-48] DEBUG org.springframework.web.reactive.function.client.ExchangeFunctions - [66070c2b] Response 200 OK
15:53:16.420 [reactor-http-nio-48] DEBUG reactor.netty.channel.FluxReceive - [id: 0xce6ce1c7, L:/127.0.0.1:51962 - R:localhost/127.0.0.1:8083] Subscribing inbound receiver [pending: 0, cancelled:false, inboundDone: false]
15:53:16.421 [reactor-http-nio-46] DEBUG reactor.netty.http.client.HttpClientOperations - [id: 0x7a77be43, L:/127.0.0.1:51818 - R:localhost/127.0.0.1:8083] Received response (auto-read:false) : [Content-Type=application/json, Transfer-Encoding=chunked, Date=Wed, 15 Jun 2022 14:53:15 GMT]
15:53:16.421 [reactor-http-nio-46] DEBUG reactor.netty.resources.PooledConnectionProvider - [id: 0x7a77be43, L:/127.0.0.1:51818 - R:localhost/127.0.0.1:8083] onStateChange(GET{uri=/attractions, connection=PooledConnection{channel=[id: 0x7a77be43, L:/127.0.0.1:51818 - R:localhost/127.0.0.1:8083]}}, [response_received])
15:53:16.421 [reactor-http-nio-41] DEBUG reactor.netty.http.client.HttpClientOperations - [id: 0xdc4a09e2, L:/127.0.0.1:51708 - R:localhost/127.0.0.1:8083] Received response (auto-read:false) : [Content-Type=application/json, Transfer-Encoding=chunked, Date=Wed, 15 Jun 2022 14:53:15 GMT]
15:53:16.421 [reactor-http-nio-41] DEBUG reactor.netty.resources.PooledConnectionProvider - [id: 0xdc4a09e2, L:/127.0.0.1:51708 - R:localhost/127.0.0.1:8083] onStateChange(GET{uri=/attractions, connection=PooledConnection{channel=[id: 0xdc4a09e2, L:/127.0.0.1:51708 - R:localhost/127.0.0.1:8083]}}, [response_received])
15:53:16.421 [reactor-http-nio-46] DEBUG org.springframework.web.reactive.function.client.ExchangeFunctions - [6e3bc096] Response 200 OK
15:53:16.421 [reactor-http-nio-41] DEBUG org.springframework.web.reactive.function.client.ExchangeFunctions - [7302770a] Response 200 OK
15:53:16.421 [reactor-http-nio-41] DEBUG reactor.netty.channel.FluxReceive - [id: 0xdc4a09e2, L:/127.0.0.1:51708 - R:localhost/127.0.0.1:8083] Subscribing inbound receiver [pending: 0, cancelled:false, inboundDone: false]
15:53:16.421 [reactor-http-nio-46] DEBUG reactor.netty.channel.FluxReceive - [id: 0x7a77be43, L:/127.0.0.1:51818 - R:localhost/127.0.0.1:8083] Subscribing inbound receiver [pending: 0, cancelled:false, inboundDone: false]
15:53:16.422 [reactor-http-nio-41] DEBUG reactor.netty.http.client.HttpClientOperations - [id: 0xdc4a09e2, L:/127.0.0.1:51708 - R:localhost/127.0.0.1:8083] Received last HTTP packet
15:53:16.423 [reactor-http-nio-41] DEBUG org.springframework.core.codec.StringDecoder - [7302770a] Decoded "[{"longitude":-117.922008,"latitude":33.817595,"attractionName":"Disneyland","city":"Anaheim","stat (truncated)...
15:53:16.423 [reactor-http-nio-41] DEBUG reactor.netty.resources.PooledConnectionProvider - [id: 0xdc4a09e2, L:/127.0.0.1:51708 - R:localhost/127.0.0.1:8083] onStateChange(GET{uri=/attractions, connection=PooledConnection{channel=[id: 0xdc4a09e2, L:/127.0.0.1:51708 - R:localhost/127.0.0.1:8083]}}, [disconnecting])
15:53:16.423 [reactor-http-nio-41] DEBUG reactor.netty.resources.PooledConnectionProvider - [id: 0xdc4a09e2, L:/127.0.0.1:51708 - R:localhost/127.0.0.1:8083] Releasing channel
15:53:16.423 [reactor-http-nio-41] DEBUG reactor.netty.resources.PooledConnectionProvider - [id: 0xdc4a09e2, L:/127.0.0.1:51708 - R:localhost/127.0.0.1:8083] Channel cleaned, now 243 active connections and 58 inactive connections
15:53:16.429 [pool-4-thread-14] DEBUG org.springframework.web.reactive.function.client.ExchangeFunctions - [7dabafe3] HTTP GET http://localhost:8084/attractionRewardPoint?attractionId=f5968f49-e890-4d62-b1ef-ce7f92c4af78&userId=44964884-6c5c-46dc-a68c-8d9060b2c6e7
15:53:16.431 [reactor-http-nio-46] DEBUG reactor.netty.resources.PooledConnectionProvider - [id: 0x2ed180aa] Created new pooled channel, now 13 active connections and 1 inactive connections
15:53:16.431 [reactor-http-nio-46] DEBUG reactor.netty.channel.BootstrapHandlers - [id: 0x2ed180aa] Initialized pipeline DefaultChannelPipeline{(BootstrapHandlers$BootstrapInitializerHandler#0 = reactor.netty.channel.BootstrapHandlers$BootstrapInitializerHandler), (SimpleChannelPool$1#0 = io.netty.channel.pool.SimpleChannelPool$1), (reactor.left.httpCodec = io.netty.handler.codec.http.HttpClientCodec), (reactor.left.decompressor = io.netty.handler.codec.http.HttpContentDecompressor), (reactor.right.reactiveBridge = reactor.netty.channel.ChannelOperationsHandler)}
15:53:16.434 [reactor-http-nio-46] DEBUG reactor.netty.resources.PooledConnectionProvider - [id: 0x2ed180aa, L:/127.0.0.1:51994 - R:localhost/127.0.0.1:8084] onStateChange(PooledConnection{channel=[id: 0x2ed180aa, L:/127.0.0.1:51994 - R:localhost/127.0.0.1:8084]}, [connected])
15:53:16.434 [reactor-http-nio-46] DEBUG reactor.netty.resources.PooledConnectionProvider - [id: 0x2ed180aa, L:/127.0.0.1:51994 - R:localhost/127.0.0.1:8084] onStateChange(GET{uri=/, connection=PooledConnection{channel=[id: 0x2ed180aa, L:/127.0.0.1:51994 - R:localhost/127.0.0.1:8084]}}, [configured])
15:53:16.435 [pool-4-thread-15] DEBUG org.springframework.web.reactive.function.client.ExchangeFunctions - [68f6cab9] HTTP GET http://localhost:8084/attractionRewardPoint?attractionId=f8efd254-87b7-469c-82b5-3dc00415d8e2&userId=35cb77b3-8dbb-4dca-a662-dc46e8450beb
15:53:16.435 [reactor-http-nio-46] DEBUG reactor.netty.resources.PooledConnectionProvider - [id: 0x2ed180aa, L:/127.0.0.1:51994 - R:localhost/127.0.0.1:8084] Registering pool release on close event for channel
15:53:16.435 [reactor-http-nio-46] DEBUG reactor.netty.http.client.HttpClientConnect - [id: 0x2ed180aa, L:/127.0.0.1:51994 - R:localhost/127.0.0.1:8084] Handler is being applied: {uri=http://localhost:8084/attractionRewardPoint?attractionId=f5968f49-e890-4d62-b1ef-ce7f92c4af78&userId=44964884-6c5c-46dc-a68c-8d9060b2c6e7, method=GET}
15:53:16.436 [reactor-http-nio-46] DEBUG reactor.netty.resources.PooledConnectionProvider - [id: 0x2ed180aa, L:/127.0.0.1:51994 - R:localhost/127.0.0.1:8084] onStateChange(GET{uri=/attractionRewardPoint?attractionId=f5968f49-e890-4d62-b1ef-ce7f92c4af78&userId=44964884-6c5c-46dc-a68c-8d9060b2c6e7, connection=PooledConnection{channel=[id: 0x2ed180aa, L:/127.0.0.1:51994 - R:localhost/127.0.0.1:8084]}}, [request_sent])
15:53:16.436 [reactor-http-nio-46] DEBUG reactor.netty.resources.PooledConnectionProvider - [id: 0x2ed180aa, L:/127.0.0.1:51994 - R:localhost/127.0.0.1:8084] Channel connected, now 14 active connections and 0 inactive connections
15:53:16.437 [reactor-http-nio-48] DEBUG reactor.netty.resources.PooledConnectionProvider - [id: 0xc9e9c258] Created new pooled channel, now 14 active connections and 1 inactive connections
15:53:16.438 [reactor-http-nio-48] DEBUG reactor.netty.channel.BootstrapHandlers - [id: 0xc9e9c258] Initialized pipeline DefaultChannelPipeline{(BootstrapHandlers$BootstrapInitializerHandler#0 = reactor.netty.channel.BootstrapHandlers$BootstrapInitializerHandler), (SimpleChannelPool$1#0 = io.netty.channel.pool.SimpleChannelPool$1), (reactor.left.httpCodec = io.netty.handler.codec.http.HttpClientCodec), (reactor.left.decompressor = io.netty.handler.codec.http.HttpContentDecompressor), (reactor.right.reactiveBridge = reactor.netty.channel.ChannelOperationsHandler)}
15:53:16.438 [pool-4-thread-16] DEBUG org.springframework.web.reactive.function.client.ExchangeFunctions - [7deb383b] HTTP GET http://localhost:8084/attractionRewardPoint?attractionId=0614aa11-25e9-4fd0-a0e7-f50160b167f8&userId=6a917193-35e1-40bf-bb9f-5c64a014c07f
15:53:16.439 [reactor-http-nio-48] DEBUG reactor.netty.resources.PooledConnectionProvider - [id: 0xc9e9c258, L:/127.0.0.1:51995 - R:localhost/127.0.0.1:8084] onStateChange(PooledConnection{channel=[id: 0xc9e9c258, L:/127.0.0.1:51995 - R:localhost/127.0.0.1:8084]}, [connected])
15:53:16.439 [reactor-http-nio-48] DEBUG reactor.netty.resources.PooledConnectionProvider - [id: 0xc9e9c258, L:/127.0.0.1:51995 - R:localhost/127.0.0.1:8084] onStateChange(GET{uri=/, connection=PooledConnection{channel=[id: 0xc9e9c258, L:/127.0.0.1:51995 - R:localhost/127.0.0.1:8084]}}, [configured])
15:53:16.440 [reactor-http-nio-46] DEBUG reactor.netty.resources.PooledConnectionProvider - [id: 0xac3acabb] Created new pooled channel, now 14 active connections and 2 inactive connections
15:53:16.440 [reactor-http-nio-46] DEBUG reactor.netty.channel.BootstrapHandlers - [id: 0xac3acabb] Initialized pipeline DefaultChannelPipeline{(BootstrapHandlers$BootstrapInitializerHandler#0 = reactor.netty.channel.BootstrapHandlers$BootstrapInitializerHandler), (SimpleChannelPool$1#0 = io.netty.channel.pool.SimpleChannelPool$1), (reactor.left.httpCodec = io.netty.handler.codec.http.HttpClientCodec), (reactor.left.decompressor = io.netty.handler.codec.http.HttpContentDecompressor), (reactor.right.reactiveBridge = reactor.netty.channel.ChannelOperationsHandler)}
15:53:16.440 [reactor-http-nio-48] DEBUG reactor.netty.resources.PooledConnectionProvider - [id: 0xc9e9c258, L:/127.0.0.1:51995 - R:localhost/127.0.0.1:8084] Registering pool release on close event for channel
15:53:16.440 [reactor-http-nio-48] DEBUG reactor.netty.http.client.HttpClientConnect - [id: 0xc9e9c258, L:/127.0.0.1:51995 - R:localhost/127.0.0.1:8084] Handler is being applied: {uri=http://localhost:8084/attractionRewardPoint?attractionId=f8efd254-87b7-469c-82b5-3dc00415d8e2&userId=35cb77b3-8dbb-4dca-a662-dc46e8450beb, method=GET}
15:53:16.441 [reactor-http-nio-48] DEBUG reactor.netty.resources.PooledConnectionProvider - [id: 0xc9e9c258, L:/127.0.0.1:51995 - R:localhost/127.0.0.1:8084] onStateChange(GET{uri=/attractionRewardPoint?attractionId=f8efd254-87b7-469c-82b5-3dc00415d8e2&userId=35cb77b3-8dbb-4dca-a662-dc46e8450beb, connection=PooledConnection{channel=[id: 0xc9e9c258, L:/127.0.0.1:51995 - R:localhost/127.0.0.1:8084]}}, [request_sent])
15:53:16.441 [reactor-http-nio-46] DEBUG reactor.netty.resources.PooledConnectionProvider - [id: 0xac3acabb, L:/127.0.0.1:51996 - R:localhost/127.0.0.1:8084] onStateChange(PooledConnection{channel=[id: 0xac3acabb, L:/127.0.0.1:51996 - R:localhost/127.0.0.1:8084]}, [connected])
15:53:16.442 [reactor-http-nio-46] DEBUG reactor.netty.resources.PooledConnectionProvider - [id: 0xac3acabb, L:/127.0.0.1:51996 - R:localhost/127.0.0.1:8084] onStateChange(GET{uri=/, connection=PooledConnection{channel=[id: 0xac3acabb, L:/127.0.0.1:51996 - R:localhost/127.0.0.1:8084]}}, [configured])
15:53:16.441 [reactor-http-nio-48] DEBUG reactor.netty.resources.PooledConnectionProvider - [id: 0xc9e9c258, L:/127.0.0.1:51995 - R:localhost/127.0.0.1:8084] Channel connected, now 15 active connections and 1 inactive connections
15:53:16.443 [reactor-http-nio-46] DEBUG reactor.netty.resources.PooledConnectionProvider - [id: 0xac3acabb, L:/127.0.0.1:51996 - R:localhost/127.0.0.1:8084] Registering pool release on close event for channel
15:53:16.443 [reactor-http-nio-46] DEBUG reactor.netty.http.client.HttpClientConnect - [id: 0xac3acabb, L:/127.0.0.1:51996 - R:localhost/127.0.0.1:8084] Handler is being applied: {uri=http://localhost:8084/attractionRewardPoint?attractionId=0614aa11-25e9-4fd0-a0e7-f50160b167f8&userId=6a917193-35e1-40bf-bb9f-5c64a014c07f, method=GET}
15:53:16.444 [reactor-http-nio-46] DEBUG reactor.netty.resources.PooledConnectionProvider - [id: 0xac3acabb, L:/127.0.0.1:51996 - R:localhost/127.0.0.1:8084] onStateChange(GET{uri=/attractionRewardPoint?attractionId=0614aa11-25e9-4fd0-a0e7-f50160b167f8&userId=6a917193-35e1-40bf-bb9f-5c64a014c07f, connection=PooledConnection{channel=[id: 0xac3acabb, L:/127.0.0.1:51996 - R:localhost/127.0.0.1:8084]}}, [request_sent])
15:53:16.444 [reactor-http-nio-46] DEBUG reactor.netty.resources.PooledConnectionProvider - [id: 0xac3acabb, L:/127.0.0.1:51996 - R:localhost/127.0.0.1:8084] Channel connected, now 16 active connections and 0 inactive connections
15:53:16.461 [pool-4-thread-17] DEBUG org.springframework.web.reactive.function.client.ExchangeFunctions - [6d41137e] HTTP GET http://localhost:8084/attractionRewardPoint?attractionId=042c85b4-2cc7-4b45-83b8-ffa346c135ad&userId=1a461332-fc9e-4e85-89a3-4f0117cbcc9e
15:53:16.463 [reactor-http-nio-48] DEBUG reactor.netty.resources.PooledConnectionProvider - [id: 0xba4d9bfe] Created new pooled channel, now 16 active connections and 1 inactive connections
15:53:16.463 [reactor-http-nio-48] DEBUG reactor.netty.channel.BootstrapHandlers - [id: 0xba4d9bfe] Initialized pipeline DefaultChannelPipeline{(BootstrapHandlers$BootstrapInitializerHandler#0 = reactor.netty.channel.BootstrapHandlers$BootstrapInitializerHandler), (SimpleChannelPool$1#0 = io.netty.channel.pool.SimpleChannelPool$1), (reactor.left.httpCodec = io.netty.handler.codec.http.HttpClientCodec), (reactor.left.decompressor = io.netty.handler.codec.http.HttpContentDecompressor), (reactor.right.reactiveBridge = reactor.netty.channel.ChannelOperationsHandler)}
15:53:16.465 [reactor-http-nio-48] DEBUG reactor.netty.resources.PooledConnectionProvider - [id: 0xba4d9bfe, L:/127.0.0.1:51997 - R:localhost/127.0.0.1:8084] onStateChange(PooledConnection{channel=[id: 0xba4d9bfe, L:/127.0.0.1:51997 - R:localhost/127.0.0.1:8084]}, [connected])
15:53:16.465 [reactor-http-nio-48] DEBUG reactor.netty.resources.PooledConnectionProvider - [id: 0xba4d9bfe, L:/127.0.0.1:51997 - R:localhost/127.0.0.1:8084] onStateChange(GET{uri=/, connection=PooledConnection{channel=[id: 0xba4d9bfe, L:/127.0.0.1:51997 - R:localhost/127.0.0.1:8084]}}, [configured])
15:53:16.465 [reactor-http-nio-48] DEBUG reactor.netty.resources.PooledConnectionProvider - [id: 0xba4d9bfe, L:/127.0.0.1:51997 - R:localhost/127.0.0.1:8084] Registering pool release on close event for channel
15:53:16.465 [reactor-http-nio-48] DEBUG reactor.netty.http.client.HttpClientConnect - [id: 0xba4d9bfe, L:/127.0.0.1:51997 - R:localhost/127.0.0.1:8084] Handler is being applied: {uri=http://localhost:8084/attractionRewardPoint?attractionId=042c85b4-2cc7-4b45-83b8-ffa346c135ad&userId=1a461332-fc9e-4e85-89a3-4f0117cbcc9e, method=GET}
15:53:16.466 [reactor-http-nio-48] DEBUG reactor.netty.resources.PooledConnectionProvider - [id: 0xba4d9bfe, L:/127.0.0.1:51997 - R:localhost/127.0.0.1:8084] onStateChange(GET{uri=/attractionRewardPoint?attractionId=042c85b4-2cc7-4b45-83b8-ffa346c135ad&userId=1a461332-fc9e-4e85-89a3-4f0117cbcc9e, connection=PooledConnection{channel=[id: 0xba4d9bfe, L:/127.0.0.1:51997 - R:localhost/127.0.0.1:8084]}}, [request_sent])
15:53:16.467 [reactor-http-nio-48] DEBUG reactor.netty.resources.PooledConnectionProvider - [id: 0xba4d9bfe, L:/127.0.0.1:51997 - R:localhost/127.0.0.1:8084] Channel connected, now 17 active connections and 0 inactive connections
15:53:16.467 [pool-4-thread-18] DEBUG org.springframework.web.reactive.function.client.ExchangeFunctions - [1502fc0] HTTP GET http://localhost:8084/attractionRewardPoint?attractionId=5b3dab0d-006e-4b8b-9602-d60671d63501&userId=25dee4df-d0c0-4031-aa5f-97b5303d7401
15:53:16.468 [reactor-http-nio-46] DEBUG reactor.netty.resources.PooledConnectionProvider - [id: 0xb25adae9] Created new pooled channel, now 17 active connections and 1 inactive connections
15:53:16.468 [reactor-http-nio-46] DEBUG reactor.netty.channel.BootstrapHandlers - [id: 0xb25adae9] Initialized pipeline DefaultChannelPipeline{(BootstrapHandlers$BootstrapInitializerHandler#0 = reactor.netty.channel.BootstrapHandlers$BootstrapInitializerHandler), (SimpleChannelPool$1#0 = io.netty.channel.pool.SimpleChannelPool$1), (reactor.left.httpCodec = io.netty.handler.codec.http.HttpClientCodec), (reactor.left.decompressor = io.netty.handler.codec.http.HttpContentDecompressor), (reactor.right.reactiveBridge = reactor.netty.channel.ChannelOperationsHandler)}
15:53:16.471 [reactor-http-nio-46] DEBUG reactor.netty.resources.PooledConnectionProvider - [id: 0xb25adae9, L:/127.0.0.1:51998 - R:localhost/127.0.0.1:8084] onStateChange(PooledConnection{channel=[id: 0xb25adae9, L:/127.0.0.1:51998 - R:localhost/127.0.0.1:8084]}, [connected])
15:53:16.471 [reactor-http-nio-46] DEBUG reactor.netty.resources.PooledConnectionProvider - [id: 0xb25adae9, L:/127.0.0.1:51998 - R:localhost/127.0.0.1:8084] onStateChange(GET{uri=/, connection=PooledConnection{channel=[id: 0xb25adae9, L:/127.0.0.1:51998 - R:localhost/127.0.0.1:8084]}}, [configured])
15:53:16.471 [reactor-http-nio-46] DEBUG reactor.netty.resources.PooledConnectionProvider - [id: 0xb25adae9, L:/127.0.0.1:51998 - R:localhost/127.0.0.1:8084] Registering pool release on close event for channel
15:53:16.471 [reactor-http-nio-46] DEBUG reactor.netty.http.client.HttpClientConnect - [id: 0xb25adae9, L:/127.0.0.1:51998 - R:localhost/127.0.0.1:8084] Handler is being applied: {uri=http://localhost:8084/attractionRewardPoint?attractionId=5b3dab0d-006e-4b8b-9602-d60671d63501&userId=25dee4df-d0c0-4031-aa5f-97b5303d7401, method=GET}
15:53:16.472 [reactor-http-nio-46] DEBUG reactor.netty.resources.PooledConnectionProvider - [id: 0xb25adae9, L:/127.0.0.1:51998 - R:localhost/127.0.0.1:8084] onStateChange(GET{uri=/attractionRewardPoint?attractionId=5b3dab0d-006e-4b8b-9602-d60671d63501&userId=25dee4df-d0c0-4031-aa5f-97b5303d7401, connection=PooledConnection{channel=[id: 0xb25adae9, L:/127.0.0.1:51998 - R:localhost/127.0.0.1:8084]}}, [request_sent])
15:53:16.472 [reactor-http-nio-46] DEBUG reactor.netty.resources.PooledConnectionProvider - [id: 0xb25adae9, L:/127.0.0.1:51998 - R:localhost/127.0.0.1:8084] Channel connected, now 18 active connections and 0 inactive connections
15:53:16.484 [reactor-http-nio-41] DEBUG reactor.netty.http.client.HttpClientOperations - [id: 0x4d5a5786, L:/127.0.0.1:51790 - R:localhost/127.0.0.1:8083] Received response (auto-read:false) : [Content-Type=application/json, Transfer-Encoding=chunked, Date=Wed, 15 Jun 2022 14:53:15 GMT]
15:53:16.484 [reactor-http-nio-41] DEBUG reactor.netty.resources.PooledConnectionProvider - [id: 0x4d5a5786, L:/127.0.0.1:51790 - R:localhost/127.0.0.1:8083] onStateChange(GET{uri=/attractions, connection=PooledConnection{channel=[id: 0x4d5a5786, L:/127.0.0.1:51790 - R:localhost/127.0.0.1:8083]}}, [response_received])
15:53:16.484 [reactor-http-nio-41] DEBUG org.springframework.web.reactive.function.client.ExchangeFunctions - [49afd47b] Response 200 OK
15:53:16.484 [reactor-http-nio-41] DEBUG reactor.netty.channel.FluxReceive - [id: 0x4d5a5786, L:/127.0.0.1:51790 - R:localhost/127.0.0.1:8083] Subscribing inbound receiver [pending: 0, cancelled:false, inboundDone: false]
15:53:16.485 [reactor-http-nio-41] DEBUG reactor.netty.http.client.HttpClientOperations - [id: 0x4d5a5786, L:/127.0.0.1:51790 - R:localhost/127.0.0.1:8083] Received last HTTP packet
15:53:16.485 [reactor-http-nio-41] DEBUG org.springframework.core.codec.StringDecoder - [49afd47b] Decoded "[{"longitude":-117.922008,"latitude":33.817595,"attractionName":"Disneyland","city":"Anaheim","stat (truncated)...
15:53:16.485 [reactor-http-nio-48] DEBUG reactor.netty.http.client.HttpClientOperations - [id: 0x84cc2992, L:/127.0.0.1:51922 - R:localhost/127.0.0.1:8083] Received response (auto-read:false) : [Content-Type=application/json, Transfer-Encoding=chunked, Date=Wed, 15 Jun 2022 14:53:15 GMT]
15:53:16.485 [reactor-http-nio-48] DEBUG reactor.netty.resources.PooledConnectionProvider - [id: 0x84cc2992, L:/127.0.0.1:51922 - R:localhost/127.0.0.1:8083] onStateChange(GET{uri=/userLocation?userId=ce9750d0-cc20-45f5-974d-c75bc9b10d91, connection=PooledConnection{channel=[id: 0x84cc2992, L:/127.0.0.1:51922 - R:localhost/127.0.0.1:8083]}}, [response_received])
15:53:16.485 [reactor-http-nio-41] DEBUG reactor.netty.resources.PooledConnectionProvider - [id: 0x4d5a5786, L:/127.0.0.1:51790 - R:localhost/127.0.0.1:8083] onStateChange(GET{uri=/attractions, connection=PooledConnection{channel=[id: 0x4d5a5786, L:/127.0.0.1:51790 - R:localhost/127.0.0.1:8083]}}, [disconnecting])
15:53:16.485 [reactor-http-nio-41] DEBUG reactor.netty.resources.PooledConnectionProvider - [id: 0x4d5a5786, L:/127.0.0.1:51790 - R:localhost/127.0.0.1:8083] Releasing channel
15:53:16.485 [reactor-http-nio-48] DEBUG org.springframework.web.reactive.function.client.ExchangeFunctions - [8cfcee0] Response 200 OK
15:53:16.485 [reactor-http-nio-41] DEBUG reactor.netty.resources.PooledConnectionProvider - [id: 0x4d5a5786, L:/127.0.0.1:51790 - R:localhost/127.0.0.1:8083] Channel cleaned, now 242 active connections and 59 inactive connections
15:53:16.485 [reactor-http-nio-48] DEBUG reactor.netty.channel.FluxReceive - [id: 0x84cc2992, L:/127.0.0.1:51922 - R:localhost/127.0.0.1:8083] Subscribing inbound receiver [pending: 0, cancelled:false, inboundDone: false]
15:53:16.486 [reactor-http-nio-48] DEBUG reactor.netty.http.client.HttpClientOperations - [id: 0x84cc2992, L:/127.0.0.1:51922 - R:localhost/127.0.0.1:8083] Received last HTTP packet
15:53:16.486 [reactor-http-nio-48] DEBUG org.springframework.core.codec.StringDecoder - [8cfcee0] Decoded "{"userId":"ce9750d0-cc20-45f5-974d-c75bc9b10d91","location":{"longitude":-137.215938,"latitude":-31 (truncated)...
15:53:16.486 [reactor-http-nio-48] DEBUG reactor.netty.resources.PooledConnectionProvider - [id: 0x84cc2992, L:/127.0.0.1:51922 - R:localhost/127.0.0.1:8083] onStateChange(GET{uri=/userLocation?userId=ce9750d0-cc20-45f5-974d-c75bc9b10d91, connection=PooledConnection{channel=[id: 0x84cc2992, L:/127.0.0.1:51922 - R:localhost/127.0.0.1:8083]}}, [disconnecting])
15:53:16.486 [reactor-http-nio-48] DEBUG reactor.netty.resources.PooledConnectionProvider - [id: 0x84cc2992, L:/127.0.0.1:51922 - R:localhost/127.0.0.1:8083] Releasing channel
15:53:16.486 [reactor-http-nio-48] DEBUG reactor.netty.resources.PooledConnectionProvider - [id: 0x84cc2992, L:/127.0.0.1:51922 - R:localhost/127.0.0.1:8083] Channel cleaned, now 241 active connections and 60 inactive connections
15:53:16.486 [reactor-http-nio-48] DEBUG reactor.netty.http.client.HttpClientOperations - [id: 0xa05904f0, L:/127.0.0.1:51935 - R:localhost/127.0.0.1:8083] Received response (auto-read:false) : [Content-Type=application/json, Transfer-Encoding=chunked, Date=Wed, 15 Jun 2022 14:53:15 GMT]
15:53:16.486 [reactor-http-nio-48] DEBUG reactor.netty.resources.PooledConnectionProvider - [id: 0xa05904f0, L:/127.0.0.1:51935 - R:localhost/127.0.0.1:8083] onStateChange(GET{uri=/userLocation?userId=8b6b22ef-3099-4b58-b546-87bda8bd2ad5, connection=PooledConnection{channel=[id: 0xa05904f0, L:/127.0.0.1:51935 - R:localhost/127.0.0.1:8083]}}, [response_received])
15:53:16.486 [reactor-http-nio-48] DEBUG org.springframework.web.reactive.function.client.ExchangeFunctions - [2f60ca9e] Response 200 OK
15:53:16.487 [reactor-http-nio-48] DEBUG reactor.netty.channel.FluxReceive - [id: 0xa05904f0, L:/127.0.0.1:51935 - R:localhost/127.0.0.1:8083] Subscribing inbound receiver [pending: 0, cancelled:false, inboundDone: false]
15:53:16.487 [reactor-http-nio-48] DEBUG reactor.netty.http.client.HttpClientOperations - [id: 0xa05904f0, L:/127.0.0.1:51935 - R:localhost/127.0.0.1:8083] Received last HTTP packet
15:53:16.487 [reactor-http-nio-48] DEBUG org.springframework.core.codec.StringDecoder - [2f60ca9e] Decoded "{"userId":"8b6b22ef-3099-4b58-b546-87bda8bd2ad5","location":{"longitude":112.216929,"latitude":-53. (truncated)...
15:53:16.487 [reactor-http-nio-48] DEBUG reactor.netty.resources.PooledConnectionProvider - [id: 0xa05904f0, L:/127.0.0.1:51935 - R:localhost/127.0.0.1:8083] onStateChange(GET{uri=/userLocation?userId=8b6b22ef-3099-4b58-b546-87bda8bd2ad5, connection=PooledConnection{channel=[id: 0xa05904f0, L:/127.0.0.1:51935 - R:localhost/127.0.0.1:8083]}}, [disconnecting])
15:53:16.487 [reactor-http-nio-48] DEBUG reactor.netty.resources.PooledConnectionProvider - [id: 0xa05904f0, L:/127.0.0.1:51935 - R:localhost/127.0.0.1:8083] Releasing channel
15:53:16.487 [reactor-http-nio-48] DEBUG reactor.netty.resources.PooledConnectionProvider - [id: 0xa05904f0, L:/127.0.0.1:51935 - R:localhost/127.0.0.1:8083] Channel cleaned, now 240 active connections and 61 inactive connections
15:53:16.487 [pool-5-thread-57] INFO tourGuide.service.TourGuideService - visitedLocatio tourGuide.gpsUtil.VisitedLocation@7656fd99
15:53:16.487 [pool-5-thread-57] DEBUG org.springframework.web.reactive.function.client.ExchangeFunctions - [29dd3b94] HTTP GET http://localhost:8083/attractions
15:53:16.488 [reactor-http-nio-47] DEBUG reactor.netty.resources.PooledConnectionProvider - [id: 0xa74b43bb, L:/127.0.0.1:51860 - R:localhost/127.0.0.1:8083] Channel acquired, now 241 active connections and 60 inactive connections
15:53:16.488 [pool-2-thread-178] INFO tourGuide.service.TourGuideService - visitedLocatio tourGuide.gpsUtil.VisitedLocation@7bff980a
15:53:16.488 [reactor-http-nio-47] DEBUG reactor.netty.http.client.HttpClientConnect - [id: 0xa74b43bb, L:/127.0.0.1:51860 - R:localhost/127.0.0.1:8083] Handler is being applied: {uri=http://localhost:8083/attractions, method=GET}
15:53:16.489 [pool-2-thread-178] DEBUG org.springframework.web.reactive.function.client.ExchangeFunctions - [38bb798c] HTTP GET http://localhost:8083/attractions
15:53:16.489 [reactor-http-nio-47] DEBUG reactor.netty.resources.PooledConnectionProvider - [id: 0xa74b43bb, L:/127.0.0.1:51860 - R:localhost/127.0.0.1:8083] onStateChange(GET{uri=/attractions, connection=PooledConnection{channel=[id: 0xa74b43bb, L:/127.0.0.1:51860 - R:localhost/127.0.0.1:8083]}}, [request_sent])
15:53:16.491 [reactor-http-nio-46] DEBUG reactor.netty.http.client.HttpClientOperations - [id: 0x9abcbf1e, L:/127.0.0.1:51776 - R:localhost/127.0.0.1:8083] Received response (auto-read:false) : [Content-Type=application/json, Transfer-Encoding=chunked, Date=Wed, 15 Jun 2022 14:53:15 GMT]
15:53:16.491 [reactor-http-nio-46] DEBUG reactor.netty.resources.PooledConnectionProvider - [id: 0x9abcbf1e, L:/127.0.0.1:51776 - R:localhost/127.0.0.1:8083] onStateChange(GET{uri=/attractions, connection=PooledConnection{channel=[id: 0x9abcbf1e, L:/127.0.0.1:51776 - R:localhost/127.0.0.1:8083]}}, [response_received])
15:53:16.491 [reactor-http-nio-46] DEBUG org.springframework.web.reactive.function.client.ExchangeFunctions - [237275f7] Response 200 OK
15:53:16.491 [reactor-http-nio-47] DEBUG reactor.netty.resources.PooledConnectionProvider - [id: 0x2891d552, L:/127.0.0.1:51862 - R:localhost/127.0.0.1:8083] Channel acquired, now 242 active connections and 59 inactive connections
15:53:16.491 [reactor-http-nio-47] DEBUG reactor.netty.http.client.HttpClientConnect - [id: 0x2891d552, L:/127.0.0.1:51862 - R:localhost/127.0.0.1:8083] Handler is being applied: {uri=http://localhost:8083/attractions, method=GET}
15:53:16.492 [reactor-http-nio-46] DEBUG reactor.netty.channel.FluxReceive - [id: 0x9abcbf1e, L:/127.0.0.1:51776 - R:localhost/127.0.0.1:8083] Subscribing inbound receiver [pending: 0, cancelled:false, inboundDone: false]
15:53:16.492 [reactor-http-nio-46] DEBUG reactor.netty.http.client.HttpClientOperations - [id: 0x9abcbf1e, L:/127.0.0.1:51776 - R:localhost/127.0.0.1:8083] Received last HTTP packet
15:53:16.492 [reactor-http-nio-46] DEBUG org.springframework.core.codec.StringDecoder - [237275f7] Decoded "[{"longitude":-117.922008,"latitude":33.817595,"attractionName":"Disneyland","city":"Anaheim","stat (truncated)...
15:53:16.492 [reactor-http-nio-46] DEBUG reactor.netty.resources.PooledConnectionProvider - [id: 0x9abcbf1e, L:/127.0.0.1:51776 - R:localhost/127.0.0.1:8083] onStateChange(GET{uri=/attractions, connection=PooledConnection{channel=[id: 0x9abcbf1e, L:/127.0.0.1:51776 - R:localhost/127.0.0.1:8083]}}, [disconnecting])
15:53:16.492 [reactor-http-nio-46] DEBUG reactor.netty.resources.PooledConnectionProvider - [id: 0x9abcbf1e, L:/127.0.0.1:51776 - R:localhost/127.0.0.1:8083] Releasing channel
15:53:16.492 [reactor-http-nio-46] DEBUG reactor.netty.resources.PooledConnectionProvider - [id: 0x9abcbf1e, L:/127.0.0.1:51776 - R:localhost/127.0.0.1:8083] Channel cleaned, now 241 active connections and 60 inactive connections
15:53:16.493 [reactor-http-nio-47] DEBUG reactor.netty.resources.PooledConnectionProvider - [id: 0x2891d552, L:/127.0.0.1:51862 - R:localhost/127.0.0.1:8083] onStateChange(GET{uri=/attractions, connection=PooledConnection{channel=[id: 0x2891d552, L:/127.0.0.1:51862 - R:localhost/127.0.0.1:8083]}}, [request_sent])
15:53:16.491 [reactor-http-nio-41] DEBUG reactor.netty.http.client.HttpClientOperations - [id: 0x0c95a1e6, L:/127.0.0.1:51725 - R:localhost/127.0.0.1:8083] Received response (auto-read:false) : [Content-Type=application/json, Transfer-Encoding=chunked, Date=Wed, 15 Jun 2022 14:53:15 GMT]
15:53:16.493 [reactor-http-nio-41] DEBUG reactor.netty.resources.PooledConnectionProvider - [id: 0x0c95a1e6, L:/127.0.0.1:51725 - R:localhost/127.0.0.1:8083] onStateChange(GET{uri=/attractions, connection=PooledConnection{channel=[id: 0x0c95a1e6, L:/127.0.0.1:51725 - R:localhost/127.0.0.1:8083]}}, [response_received])
15:53:16.493 [reactor-http-nio-41] DEBUG org.springframework.web.reactive.function.client.ExchangeFunctions - [7c80d15] Response 200 OK
15:53:16.493 [reactor-http-nio-41] DEBUG reactor.netty.channel.FluxReceive - [id: 0x0c95a1e6, L:/127.0.0.1:51725 - R:localhost/127.0.0.1:8083] Subscribing inbound receiver [pending: 0, cancelled:false, inboundDone: false]
15:53:16.494 [reactor-http-nio-48] DEBUG reactor.netty.http.client.HttpClientOperations - [id: 0xb526d959, L:/127.0.0.1:51902 - R:localhost/127.0.0.1:8083] Received response (auto-read:false) : [Content-Type=application/json, Transfer-Encoding=chunked, Date=Wed, 15 Jun 2022 14:53:15 GMT]
15:53:16.495 [reactor-http-nio-48] DEBUG reactor.netty.resources.PooledConnectionProvider - [id: 0xb526d959, L:/127.0.0.1:51902 - R:localhost/127.0.0.1:8083] onStateChange(GET{uri=/userLocation?userId=26f24560-3c0e-4c0d-a21f-546ee99df0f1, connection=PooledConnection{channel=[id: 0xb526d959, L:/127.0.0.1:51902 - R:localhost/127.0.0.1:8083]}}, [response_received])
15:53:16.495 [reactor-http-nio-48] DEBUG org.springframework.web.reactive.function.client.ExchangeFunctions - [3f2a08e5] Response 200 OK
15:53:16.495 [reactor-http-nio-48] DEBUG reactor.netty.channel.FluxReceive - [id: 0xb526d959, L:/127.0.0.1:51902 - R:localhost/127.0.0.1:8083] Subscribing inbound receiver [pending: 0, cancelled:false, inboundDone: false]
15:53:16.495 [reactor-http-nio-48] DEBUG reactor.netty.http.client.HttpClientOperations - [id: 0xb526d959, L:/127.0.0.1:51902 - R:localhost/127.0.0.1:8083] Received last HTTP packet
15:53:16.495 [reactor-http-nio-48] DEBUG org.springframework.core.codec.StringDecoder - [3f2a08e5] Decoded "{"userId":"26f24560-3c0e-4c0d-a21f-546ee99df0f1","location":{"longitude":-40.56407,"latitude":-26.0 (truncated)...
15:53:16.495 [reactor-http-nio-48] DEBUG reactor.netty.resources.PooledConnectionProvider - [id: 0xb526d959, L:/127.0.0.1:51902 - R:localhost/127.0.0.1:8083] onStateChange(GET{uri=/userLocation?userId=26f24560-3c0e-4c0d-a21f-546ee99df0f1, connection=PooledConnection{channel=[id: 0xb526d959, L:/127.0.0.1:51902 - R:localhost/127.0.0.1:8083]}}, [disconnecting])
15:53:16.495 [reactor-http-nio-48] DEBUG reactor.netty.resources.PooledConnectionProvider - [id: 0xb526d959, L:/127.0.0.1:51902 - R:localhost/127.0.0.1:8083] Releasing channel
15:53:16.495 [reactor-http-nio-48] DEBUG reactor.netty.resources.PooledConnectionProvider - [id: 0xb526d959, L:/127.0.0.1:51902 - R:localhost/127.0.0.1:8083] Channel cleaned, now 240 active connections and 61 inactive connections
15:53:16.496 [pool-2-thread-187] INFO tourGuide.service.TourGuideService - visitedLocatio tourGuide.gpsUtil.VisitedLocation@5e0ce511
15:53:16.496 [reactor-http-nio-48] DEBUG reactor.netty.http.client.HttpClientOperations - [id: 0x6a1a0482, L:/127.0.0.1:51956 - R:localhost/127.0.0.1:8083] Received response (auto-read:false) : [Content-Type=application/json, Transfer-Encoding=chunked, Date=Wed, 15 Jun 2022 14:53:15 GMT]
15:53:16.496 [reactor-http-nio-48] DEBUG reactor.netty.resources.PooledConnectionProvider - [id: 0x6a1a0482, L:/127.0.0.1:51956 - R:localhost/127.0.0.1:8083] onStateChange(GET{uri=/userLocation?userId=a109cebc-d760-4f13-9685-25b1e1a768dc, connection=PooledConnection{channel=[id: 0x6a1a0482, L:/127.0.0.1:51956 - R:localhost/127.0.0.1:8083]}}, [response_received])
15:53:16.497 [reactor-http-nio-48] DEBUG org.springframework.web.reactive.function.client.ExchangeFunctions - [77bddfc6] Response 200 OK
15:53:16.497 [pool-2-thread-187] DEBUG org.springframework.web.reactive.function.client.ExchangeFunctions - [2f80a0b] HTTP GET http://localhost:8083/attractions
15:53:16.497 [reactor-http-nio-48] DEBUG reactor.netty.channel.FluxReceive - [id: 0x6a1a0482, L:/127.0.0.1:51956 - R:localhost/127.0.0.1:8083] Subscribing inbound receiver [pending: 0, cancelled:false, inboundDone: false]
15:53:16.497 [reactor-http-nio-48] DEBUG reactor.netty.http.client.HttpClientOperations - [id: 0x6a1a0482, L:/127.0.0.1:51956 - R:localhost/127.0.0.1:8083] Received last HTTP packet
15:53:16.497 [reactor-http-nio-48] DEBUG org.springframework.core.codec.StringDecoder - [77bddfc6] Decoded "{"userId":"a109cebc-d760-4f13-9685-25b1e1a768dc","location":{"longitude":83.579455,"latitude":-39.3 (truncated)...
15:53:16.497 [reactor-http-nio-48] DEBUG reactor.netty.resources.PooledConnectionProvider - [id: 0x6a1a0482, L:/127.0.0.1:51956 - R:localhost/127.0.0.1:8083] onStateChange(GET{uri=/userLocation?userId=a109cebc-d760-4f13-9685-25b1e1a768dc, connection=PooledConnection{channel=[id: 0x6a1a0482, L:/127.0.0.1:51956 - R:localhost/127.0.0.1:8083]}}, [disconnecting])
15:53:16.497 [reactor-http-nio-48] DEBUG reactor.netty.resources.PooledConnectionProvider - [id: 0x6a1a0482, L:/127.0.0.1:51956 - R:localhost/127.0.0.1:8083] Releasing channel
15:53:16.497 [reactor-http-nio-48] DEBUG reactor.netty.resources.PooledConnectionProvider - [id: 0x6a1a0482, L:/127.0.0.1:51956 - R:localhost/127.0.0.1:8083] Channel cleaned, now 239 active connections and 62 inactive connections
15:53:16.499 [pool-5-thread-72] INFO tourGuide.service.TourGuideService - visitedLocatio tourGuide.gpsUtil.VisitedLocation@5879223a
15:53:16.499 [reactor-http-nio-47] DEBUG reactor.netty.resources.PooledConnectionProvider - [id: 0x597600af, L:/127.0.0.1:51865 - R:localhost/127.0.0.1:8083] Channel acquired, now 240 active connections and 61 inactive connections
15:53:16.499 [reactor-http-nio-47] DEBUG reactor.netty.http.client.HttpClientConnect - [id: 0x597600af, L:/127.0.0.1:51865 - R:localhost/127.0.0.1:8083] Handler is being applied: {uri=http://localhost:8083/attractions, method=GET}
15:53:16.499 [pool-5-thread-72] DEBUG org.springframework.web.reactive.function.client.ExchangeFunctions - [143c8eb0] HTTP GET http://localhost:8083/attractions
15:53:16.500 [reactor-http-nio-47] DEBUG reactor.netty.resources.PooledConnectionProvider - [id: 0x597600af, L:/127.0.0.1:51865 - R:localhost/127.0.0.1:8083] onStateChange(GET{uri=/attractions, connection=PooledConnection{channel=[id: 0x597600af, L:/127.0.0.1:51865 - R:localhost/127.0.0.1:8083]}}, [request_sent])
15:53:16.501 [reactor-http-nio-46] DEBUG reactor.netty.http.client.HttpClientOperations - [id: 0x0a4cfcd0, L:/127.0.0.1:51802 - R:localhost/127.0.0.1:8083] Received last HTTP packet
15:53:16.501 [reactor-http-nio-47] DEBUG reactor.netty.http.client.HttpClientOperations - [id: 0xdd35a511, L:/127.0.0.1:51898 - R:localhost/127.0.0.1:8083] Received response (auto-read:false) : [Content-Type=application/json, Transfer-Encoding=chunked, Date=Wed, 15 Jun 2022 14:53:15 GMT]
15:53:16.501 [reactor-http-nio-47] DEBUG reactor.netty.resources.PooledConnectionProvider - [id: 0xdd35a511, L:/127.0.0.1:51898 - R:localhost/127.0.0.1:8083] onStateChange(GET{uri=/userLocation?userId=e3105df5-3255-4fd6-858e-3884c57c26cb, connection=PooledConnection{channel=[id: 0xdd35a511, L:/127.0.0.1:51898 - R:localhost/127.0.0.1:8083]}}, [response_received])
15:53:16.501 [reactor-http-nio-47] DEBUG org.springframework.web.reactive.function.client.ExchangeFunctions - [37cbc94e] Response 200 OK
15:53:16.502 [reactor-http-nio-47] DEBUG reactor.netty.channel.FluxReceive - [id: 0xdd35a511, L:/127.0.0.1:51898 - R:localhost/127.0.0.1:8083] Subscribing inbound receiver [pending: 0, cancelled:false, inboundDone: false]
15:53:16.502 [reactor-http-nio-47] DEBUG reactor.netty.http.client.HttpClientOperations - [id: 0xdd35a511, L:/127.0.0.1:51898 - R:localhost/127.0.0.1:8083] Received last HTTP packet
15:53:16.502 [reactor-http-nio-47] DEBUG org.springframework.core.codec.StringDecoder - [37cbc94e] Decoded "{"userId":"e3105df5-3255-4fd6-858e-3884c57c26cb","location":{"longitude":158.920411,"latitude":-34. (truncated)...
15:53:16.502 [reactor-http-nio-47] DEBUG reactor.netty.resources.PooledConnectionProvider - [id: 0xdd35a511, L:/127.0.0.1:51898 - R:localhost/127.0.0.1:8083] onStateChange(GET{uri=/userLocation?userId=e3105df5-3255-4fd6-858e-3884c57c26cb, connection=PooledConnection{channel=[id: 0xdd35a511, L:/127.0.0.1:51898 - R:localhost/127.0.0.1:8083]}}, [disconnecting])
15:53:16.502 [reactor-http-nio-47] DEBUG reactor.netty.resources.PooledConnectionProvider - [id: 0xdd35a511, L:/127.0.0.1:51898 - R:localhost/127.0.0.1:8083] Releasing channel
15:53:16.502 [reactor-http-nio-47] DEBUG reactor.netty.resources.PooledConnectionProvider - [id: 0xdd35a511, L:/127.0.0.1:51898 - R:localhost/127.0.0.1:8083] Channel cleaned, now 239 active connections and 62 inactive connections
15:53:16.502 [reactor-http-nio-47] DEBUG reactor.netty.resources.PooledConnectionProvider - [id: 0xd987e438, L:/127.0.0.1:51866 - R:localhost/127.0.0.1:8083] Channel acquired, now 240 active connections and 61 inactive connections
15:53:16.502 [reactor-http-nio-47] DEBUG reactor.netty.http.client.HttpClientConnect - [id: 0xd987e438, L:/127.0.0.1:51866 - R:localhost/127.0.0.1:8083] Handler is being applied: {uri=http://localhost:8083/attractions, method=GET}
15:53:16.503 [reactor-http-nio-47] DEBUG reactor.netty.resources.PooledConnectionProvider - [id: 0xd987e438, L:/127.0.0.1:51866 - R:localhost/127.0.0.1:8083] onStateChange(GET{uri=/attractions, connection=PooledConnection{channel=[id: 0xd987e438, L:/127.0.0.1:51866 - R:localhost/127.0.0.1:8083]}}, [request_sent])
15:53:16.504 [reactor-http-nio-46] DEBUG org.springframework.core.codec.StringDecoder - [393d7707] Decoded "[{"longitude":-117.922008,"latitude":33.817595,"attractionName":"Disneyland","city":"Anaheim","stat (truncated)...
15:53:16.504 [reactor-http-nio-46] DEBUG reactor.netty.resources.PooledConnectionProvider - [id: 0x0a4cfcd0, L:/127.0.0.1:51802 - R:localhost/127.0.0.1:8083] onStateChange(GET{uri=/attractions, connection=PooledConnection{channel=[id: 0x0a4cfcd0, L:/127.0.0.1:51802 - R:localhost/127.0.0.1:8083]}}, [disconnecting])
15:53:16.504 [reactor-http-nio-46] DEBUG reactor.netty.resources.PooledConnectionProvider - [id: 0x0a4cfcd0, L:/127.0.0.1:51802 - R:localhost/127.0.0.1:8083] Releasing channel
15:53:16.504 [reactor-http-nio-46] DEBUG reactor.netty.resources.PooledConnectionProvider - [id: 0x0a4cfcd0, L:/127.0.0.1:51802 - R:localhost/127.0.0.1:8083] Channel cleaned, now 239 active connections and 62 inactive connections
15:53:16.504 [pool-2-thread-128] INFO tourGuide.service.TourGuideService - visitedLocatio tourGuide.gpsUtil.VisitedLocation@12e6be9c
15:53:16.505 [pool-2-thread-128] DEBUG org.springframework.web.reactive.function.client.ExchangeFunctions - [19d99729] HTTP GET http://localhost:8083/attractions
15:53:16.506 [reactor-http-nio-47] DEBUG reactor.netty.resources.PooledConnectionProvider - [id: 0xccae12b7, L:/127.0.0.1:51874 - R:localhost/127.0.0.1:8083] Channel acquired, now 240 active connections and 61 inactive connections
15:53:16.506 [reactor-http-nio-47] DEBUG reactor.netty.http.client.HttpClientConnect - [id: 0xccae12b7, L:/127.0.0.1:51874 - R:localhost/127.0.0.1:8083] Handler is being applied: {uri=http://localhost:8083/attractions, method=GET}
15:53:16.507 [reactor-http-nio-47] DEBUG reactor.netty.resources.PooledConnectionProvider - [id: 0xccae12b7, L:/127.0.0.1:51874 - R:localhost/127.0.0.1:8083] onStateChange(GET{uri=/attractions, connection=PooledConnection{channel=[id: 0xccae12b7, L:/127.0.0.1:51874 - R:localhost/127.0.0.1:8083]}}, [request_sent])
15:53:16.507 [reactor-http-nio-46] DEBUG reactor.netty.http.client.HttpClientOperations - [id: 0x7a77be43, L:/127.0.0.1:51818 - R:localhost/127.0.0.1:8083] Received last HTTP packet
15:53:16.507 [reactor-http-nio-46] DEBUG org.springframework.core.codec.StringDecoder - [6e3bc096] Decoded "[{"longitude":-117.922008,"latitude":33.817595,"attractionName":"Disneyland","city":"Anaheim","stat (truncated)...
15:53:16.507 [reactor-http-nio-46] DEBUG reactor.netty.resources.PooledConnectionProvider - [id: 0x7a77be43, L:/127.0.0.1:51818 - R:localhost/127.0.0.1:8083] onStateChange(GET{uri=/attractions, connection=PooledConnection{channel=[id: 0x7a77be43, L:/127.0.0.1:51818 - R:localhost/127.0.0.1:8083]}}, [disconnecting])
15:53:16.507 [reactor-http-nio-46] DEBUG reactor.netty.resources.PooledConnectionProvider - [id: 0x7a77be43, L:/127.0.0.1:51818 - R:localhost/127.0.0.1:8083] Releasing channel
15:53:16.507 [reactor-http-nio-46] DEBUG reactor.netty.resources.PooledConnectionProvider - [id: 0x7a77be43, L:/127.0.0.1:51818 - R:localhost/127.0.0.1:8083] Channel cleaned, now 239 active connections and 62 inactive connections
15:53:16.509 [reactor-http-nio-48] DEBUG reactor.netty.http.client.HttpClientOperations - [id: 0x7fe5ccf9, L:/127.0.0.1:51961 - R:localhost/127.0.0.1:8083] Received response (auto-read:false) : [Content-Type=application/json, Transfer-Encoding=chunked, Date=Wed, 15 Jun 2022 14:53:15 GMT]
15:53:16.509 [reactor-http-nio-48] DEBUG reactor.netty.resources.PooledConnectionProvider - [id: 0x7fe5ccf9, L:/127.0.0.1:51961 - R:localhost/127.0.0.1:8083] onStateChange(GET{uri=/userLocation?userId=84b2fa37-782a-495e-800c-5890e31ff510, connection=PooledConnection{channel=[id: 0x7fe5ccf9, L:/127.0.0.1:51961 - R:localhost/127.0.0.1:8083]}}, [response_received])
15:53:16.509 [reactor-http-nio-48] DEBUG org.springframework.web.reactive.function.client.ExchangeFunctions - [b799b03] Response 200 OK
15:53:16.509 [reactor-http-nio-48] DEBUG reactor.netty.channel.FluxReceive - [id: 0x7fe5ccf9, L:/127.0.0.1:51961 - R:localhost/127.0.0.1:8083] Subscribing inbound receiver [pending: 0, cancelled:false, inboundDone: false]
15:53:16.509 [reactor-http-nio-48] DEBUG reactor.netty.http.client.HttpClientOperations - [id: 0x7fe5ccf9, L:/127.0.0.1:51961 - R:localhost/127.0.0.1:8083] Received last HTTP packet
15:53:16.509 [reactor-http-nio-48] DEBUG org.springframework.core.codec.StringDecoder - [b799b03] Decoded "{"userId":"84b2fa37-782a-495e-800c-5890e31ff510","location":{"longitude":-75.968856,"latitude":77.8 (truncated)...
15:53:16.510 [reactor-http-nio-48] DEBUG reactor.netty.resources.PooledConnectionProvider - [id: 0x7fe5ccf9, L:/127.0.0.1:51961 - R:localhost/127.0.0.1:8083] onStateChange(GET{uri=/userLocation?userId=84b2fa37-782a-495e-800c-5890e31ff510, connection=PooledConnection{channel=[id: 0x7fe5ccf9, L:/127.0.0.1:51961 - R:localhost/127.0.0.1:8083]}}, [disconnecting])
15:53:16.510 [reactor-http-nio-48] DEBUG reactor.netty.resources.PooledConnectionProvider - [id: 0x7fe5ccf9, L:/127.0.0.1:51961 - R:localhost/127.0.0.1:8083] Releasing channel
15:53:16.510 [reactor-http-nio-48] DEBUG reactor.netty.resources.PooledConnectionProvider - [id: 0x7fe5ccf9, L:/127.0.0.1:51961 - R:localhost/127.0.0.1:8083] Channel cleaned, now 238 active connections and 63 inactive connections
15:53:16.510 [reactor-http-nio-48] DEBUG reactor.netty.http.client.HttpClientOperations - [id: 0xcdbdd5a5, L:/127.0.0.1:51946 - R:localhost/127.0.0.1:8083] Received response (auto-read:false) : [Content-Type=application/json, Transfer-Encoding=chunked, Date=Wed, 15 Jun 2022 14:53:15 GMT]
15:53:16.510 [reactor-http-nio-48] DEBUG reactor.netty.resources.PooledConnectionProvider - [id: 0xcdbdd5a5, L:/127.0.0.1:51946 - R:localhost/127.0.0.1:8083] onStateChange(GET{uri=/userLocation?userId=66c20936-6741-4f51-8a3d-6d2175c7b4c0, connection=PooledConnection{channel=[id: 0xcdbdd5a5, L:/127.0.0.1:51946 - R:localhost/127.0.0.1:8083]}}, [response_received])
15:53:16.510 [reactor-http-nio-48] DEBUG org.springframework.web.reactive.function.client.ExchangeFunctions - [4ddc98ef] Response 200 OK
15:53:16.510 [reactor-http-nio-48] DEBUG reactor.netty.channel.FluxReceive - [id: 0xcdbdd5a5, L:/127.0.0.1:51946 - R:localhost/127.0.0.1:8083] Subscribing inbound receiver [pending: 0, cancelled:false, inboundDone: false]
15:53:16.511 [reactor-http-nio-48] DEBUG reactor.netty.http.client.HttpClientOperations - [id: 0xcdbdd5a5, L:/127.0.0.1:51946 - R:localhost/127.0.0.1:8083] Received last HTTP packet
15:53:16.511 [reactor-http-nio-48] DEBUG org.springframework.core.codec.StringDecoder - [4ddc98ef] Decoded "{"userId":"66c20936-6741-4f51-8a3d-6d2175c7b4c0","location":{"longitude":-3.085638,"latitude":4.591 (truncated)...
15:53:16.511 [reactor-http-nio-48] DEBUG reactor.netty.resources.PooledConnectionProvider - [id: 0xcdbdd5a5, L:/127.0.0.1:51946 - R:localhost/127.0.0.1:8083] onStateChange(GET{uri=/userLocation?userId=66c20936-6741-4f51-8a3d-6d2175c7b4c0, connection=PooledConnection{channel=[id: 0xcdbdd5a5, L:/127.0.0.1:51946 - R:localhost/127.0.0.1:8083]}}, [disconnecting])
15:53:16.511 [reactor-http-nio-48] DEBUG reactor.netty.resources.PooledConnectionProvider - [id: 0xcdbdd5a5, L:/127.0.0.1:51946 - R:localhost/127.0.0.1:8083] Releasing channel
15:53:16.511 [reactor-http-nio-48] DEBUG reactor.netty.resources.PooledConnectionProvider - [id: 0xcdbdd5a5, L:/127.0.0.1:51946 - R:localhost/127.0.0.1:8083] Channel cleaned, now 237 active connections and 64 inactive connections
15:53:16.512 [pool-5-thread-41] INFO tourGuide.service.TourGuideService - visitedLocatio tourGuide.gpsUtil.VisitedLocation@68f1e07f
15:53:16.512 [pool-5-thread-92] INFO tourGuide.service.TourGuideService - visitedLocatio tourGuide.gpsUtil.VisitedLocation@2e54eb47
15:53:16.513 [pool-5-thread-41] DEBUG org.springframework.web.reactive.function.client.ExchangeFunctions - [35c7438b] HTTP GET http://localhost:8083/attractions
15:53:16.513 [pool-5-thread-92] DEBUG org.springframework.web.reactive.function.client.ExchangeFunctions - [556620c6] HTTP GET http://localhost:8083/attractions
15:53:16.514 [reactor-http-nio-48] DEBUG reactor.netty.http.client.HttpClientOperations - [id: 0x4cd11612, L:/127.0.0.1:51971 - R:localhost/127.0.0.1:8083] Received response (auto-read:false) : [Content-Type=application/json, Transfer-Encoding=chunked, Date=Wed, 15 Jun 2022 14:53:15 GMT]
15:53:16.514 [reactor-http-nio-48] DEBUG reactor.netty.resources.PooledConnectionProvider - [id: 0x4cd11612, L:/127.0.0.1:51971 - R:localhost/127.0.0.1:8083] onStateChange(GET{uri=/userLocation?userId=e5cf1ab7-4505-4e2b-aeb7-ec58e5252d83, connection=PooledConnection{channel=[id: 0x4cd11612, L:/127.0.0.1:51971 - R:localhost/127.0.0.1:8083]}}, [response_received])
15:53:16.514 [reactor-http-nio-48] DEBUG org.springframework.web.reactive.function.client.ExchangeFunctions - [1b8f7515] Response 200 OK
15:53:16.515 [reactor-http-nio-48] DEBUG reactor.netty.channel.FluxReceive - [id: 0x4cd11612, L:/127.0.0.1:51971 - R:localhost/127.0.0.1:8083] Subscribing inbound receiver [pending: 0, cancelled:false, inboundDone: false]
15:53:16.515 [reactor-http-nio-48] DEBUG reactor.netty.http.client.HttpClientOperations - [id: 0x4cd11612, L:/127.0.0.1:51971 - R:localhost/127.0.0.1:8083] Received last HTTP packet
15:53:16.515 [reactor-http-nio-47] DEBUG reactor.netty.http.client.HttpClientOperations - [id: 0xe671b81a, L:/127.0.0.1:51698 - R:localhost/127.0.0.1:8083] Received response (auto-read:false) : [Content-Type=application/json, Transfer-Encoding=chunked, Date=Wed, 15 Jun 2022 14:53:15 GMT]
15:53:16.515 [reactor-http-nio-47] DEBUG reactor.netty.resources.PooledConnectionProvider - [id: 0xe671b81a, L:/127.0.0.1:51698 - R:localhost/127.0.0.1:8083] onStateChange(GET{uri=/attractions, connection=PooledConnection{channel=[id: 0xe671b81a, L:/127.0.0.1:51698 - R:localhost/127.0.0.1:8083]}}, [response_received])
15:53:16.515 [reactor-http-nio-48] DEBUG org.springframework.core.codec.StringDecoder - [1b8f7515] Decoded "{"userId":"e5cf1ab7-4505-4e2b-aeb7-ec58e5252d83","location":{"longitude":-14.246751,"latitude":54.6 (truncated)...
15:53:16.515 [reactor-http-nio-48] DEBUG reactor.netty.resources.PooledConnectionProvider - [id: 0x4cd11612, L:/127.0.0.1:51971 - R:localhost/127.0.0.1:8083] onStateChange(GET{uri=/userLocation?userId=e5cf1ab7-4505-4e2b-aeb7-ec58e5252d83, connection=PooledConnection{channel=[id: 0x4cd11612, L:/127.0.0.1:51971 - R:localhost/127.0.0.1:8083]}}, [disconnecting])
15:53:16.515 [reactor-http-nio-48] DEBUG reactor.netty.resources.PooledConnectionProvider - [id: 0x4cd11612, L:/127.0.0.1:51971 - R:localhost/127.0.0.1:8083] Releasing channel
15:53:16.515 [reactor-http-nio-48] DEBUG reactor.netty.resources.PooledConnectionProvider - [id: 0x4cd11612, L:/127.0.0.1:51971 - R:localhost/127.0.0.1:8083] Channel cleaned, now 236 active connections and 65 inactive connections
15:53:16.515 [reactor-http-nio-47] DEBUG org.springframework.web.reactive.function.client.ExchangeFunctions - [36850dc] Response 200 OK
15:53:16.516 [reactor-http-nio-47] DEBUG reactor.netty.channel.FluxReceive - [id: 0xe671b81a, L:/127.0.0.1:51698 - R:localhost/127.0.0.1:8083] Subscribing inbound receiver [pending: 0, cancelled:false, inboundDone: false]
15:53:16.516 [reactor-http-nio-47] DEBUG reactor.netty.http.client.HttpClientOperations - [id: 0xe671b81a, L:/127.0.0.1:51698 - R:localhost/127.0.0.1:8083] Received last HTTP packet
15:53:16.516 [reactor-http-nio-47] DEBUG org.springframework.core.codec.StringDecoder - [36850dc] Decoded "[{"longitude":-117.922008,"latitude":33.817595,"attractionName":"Disneyland","city":"Anaheim","stat (truncated)...
15:53:16.516 [reactor-http-nio-47] DEBUG reactor.netty.resources.PooledConnectionProvider - [id: 0xe671b81a, L:/127.0.0.1:51698 - R:localhost/127.0.0.1:8083] onStateChange(GET{uri=/attractions, connection=PooledConnection{channel=[id: 0xe671b81a, L:/127.0.0.1:51698 - R:localhost/127.0.0.1:8083]}}, [disconnecting])
15:53:16.516 [reactor-http-nio-47] DEBUG reactor.netty.resources.PooledConnectionProvider - [id: 0xe671b81a, L:/127.0.0.1:51698 - R:localhost/127.0.0.1:8083] Releasing channel
15:53:16.516 [reactor-http-nio-47] DEBUG reactor.netty.resources.PooledConnectionProvider - [id: 0xe671b81a, L:/127.0.0.1:51698 - R:localhost/127.0.0.1:8083] Channel cleaned, now 235 active connections and 66 inactive connections
15:53:16.516 [reactor-http-nio-47] DEBUG reactor.netty.resources.PooledConnectionProvider - [id: 0xa6138326, L:/127.0.0.1:51881 - R:localhost/127.0.0.1:8083] Channel acquired, now 236 active connections and 65 inactive connections
15:53:16.516 [reactor-http-nio-47] DEBUG reactor.netty.http.client.HttpClientConnect - [id: 0xa6138326, L:/127.0.0.1:51881 - R:localhost/127.0.0.1:8083] Handler is being applied: {uri=http://localhost:8083/attractions, method=GET}
15:53:16.517 [reactor-http-nio-41] DEBUG reactor.netty.http.client.HttpClientOperations - [id: 0x6c6e06d1, L:/127.0.0.1:51760 - R:localhost/127.0.0.1:8083] Received response (auto-read:false) : [Content-Type=application/json, Transfer-Encoding=chunked, Date=Wed, 15 Jun 2022 14:53:15 GMT]
15:53:16.517 [reactor-http-nio-41] DEBUG reactor.netty.resources.PooledConnectionProvider - [id: 0x6c6e06d1, L:/127.0.0.1:51760 - R:localhost/127.0.0.1:8083] onStateChange(GET{uri=/attractions, connection=PooledConnection{channel=[id: 0x6c6e06d1, L:/127.0.0.1:51760 - R:localhost/127.0.0.1:8083]}}, [response_received])
15:53:16.517 [reactor-http-nio-47] DEBUG reactor.netty.resources.PooledConnectionProvider - [id: 0xa6138326, L:/127.0.0.1:51881 - R:localhost/127.0.0.1:8083] onStateChange(GET{uri=/attractions, connection=PooledConnection{channel=[id: 0xa6138326, L:/127.0.0.1:51881 - R:localhost/127.0.0.1:8083]}}, [request_sent])
15:53:16.517 [reactor-http-nio-41] DEBUG org.springframework.web.reactive.function.client.ExchangeFunctions - [11271787] Response 200 OK
15:53:16.518 [reactor-http-nio-41] DEBUG reactor.netty.channel.FluxReceive - [id: 0x6c6e06d1, L:/127.0.0.1:51760 - R:localhost/127.0.0.1:8083] Subscribing inbound receiver [pending: 0, cancelled:false, inboundDone: false]
15:53:16.518 [reactor-http-nio-41] DEBUG reactor.netty.http.client.HttpClientOperations - [id: 0x6c6e06d1, L:/127.0.0.1:51760 - R:localhost/127.0.0.1:8083] Received last HTTP packet
15:53:16.518 [reactor-http-nio-41] DEBUG org.springframework.core.codec.StringDecoder - [11271787] Decoded "[{"longitude":-117.922008,"latitude":33.817595,"attractionName":"Disneyland","city":"Anaheim","stat (truncated)...
15:53:16.518 [reactor-http-nio-41] DEBUG reactor.netty.resources.PooledConnectionProvider - [id: 0x6c6e06d1, L:/127.0.0.1:51760 - R:localhost/127.0.0.1:8083] onStateChange(GET{uri=/attractions, connection=PooledConnection{channel=[id: 0x6c6e06d1, L:/127.0.0.1:51760 - R:localhost/127.0.0.1:8083]}}, [disconnecting])
15:53:16.518 [reactor-http-nio-41] DEBUG reactor.netty.resources.PooledConnectionProvider - [id: 0x6c6e06d1, L:/127.0.0.1:51760 - R:localhost/127.0.0.1:8083] Releasing channel
15:53:16.518 [reactor-http-nio-41] DEBUG reactor.netty.resources.PooledConnectionProvider - [id: 0x6c6e06d1, L:/127.0.0.1:51760 - R:localhost/127.0.0.1:8083] Channel cleaned, now 235 active connections and 66 inactive connections
15:53:16.519 [reactor-http-nio-47] DEBUG reactor.netty.resources.PooledConnectionProvider - [id: 0x4b4296d8, L:/127.0.0.1:51883 - R:localhost/127.0.0.1:8083] Channel acquired, now 236 active connections and 65 inactive connections
15:53:16.519 [reactor-http-nio-47] DEBUG reactor.netty.http.client.HttpClientConnect - [id: 0x4b4296d8, L:/127.0.0.1:51883 - R:localhost/127.0.0.1:8083] Handler is being applied: {uri=http://localhost:8083/attractions, method=GET}
15:53:16.520 [reactor-http-nio-47] DEBUG reactor.netty.resources.PooledConnectionProvider - [id: 0x4b4296d8, L:/127.0.0.1:51883 - R:localhost/127.0.0.1:8083] onStateChange(GET{uri=/attractions, connection=PooledConnection{channel=[id: 0x4b4296d8, L:/127.0.0.1:51883 - R:localhost/127.0.0.1:8083]}}, [request_sent])
15:53:16.521 [pool-5-thread-24] INFO tourGuide.service.TourGuideService - visitedLocatio tourGuide.gpsUtil.VisitedLocation@65eb54d3
15:53:16.521 [pool-5-thread-24] DEBUG org.springframework.web.reactive.function.client.ExchangeFunctions - [4c46ea3d] HTTP GET http://localhost:8083/attractions
15:53:16.523 [reactor-http-nio-47] DEBUG reactor.netty.resources.PooledConnectionProvider - [id: 0xaeb3e815, L:/127.0.0.1:51887 - R:localhost/127.0.0.1:8083] Channel acquired, now 237 active connections and 64 inactive connections
15:53:16.523 [reactor-http-nio-47] DEBUG reactor.netty.http.client.HttpClientConnect - [id: 0xaeb3e815, L:/127.0.0.1:51887 - R:localhost/127.0.0.1:8083] Handler is being applied: {uri=http://localhost:8083/attractions, method=GET}
15:53:16.524 [reactor-http-nio-47] DEBUG reactor.netty.resources.PooledConnectionProvider - [id: 0xaeb3e815, L:/127.0.0.1:51887 - R:localhost/127.0.0.1:8083] onStateChange(GET{uri=/attractions, connection=PooledConnection{channel=[id: 0xaeb3e815, L:/127.0.0.1:51887 - R:localhost/127.0.0.1:8083]}}, [request_sent])
15:53:16.525 [reactor-http-nio-41] DEBUG reactor.netty.http.client.HttpClientOperations - [id: 0xa255a56d, L:/127.0.0.1:51733 - R:localhost/127.0.0.1:8083] Received response (auto-read:false) : [Content-Type=application/json, Transfer-Encoding=chunked, Date=Wed, 15 Jun 2022 14:53:15 GMT]
15:53:16.525 [reactor-http-nio-41] DEBUG reactor.netty.resources.PooledConnectionProvider - [id: 0xa255a56d, L:/127.0.0.1:51733 - R:localhost/127.0.0.1:8083] onStateChange(GET{uri=/attractions, connection=PooledConnection{channel=[id: 0xa255a56d, L:/127.0.0.1:51733 - R:localhost/127.0.0.1:8083]}}, [response_received])
15:53:16.525 [reactor-http-nio-41] DEBUG org.springframework.web.reactive.function.client.ExchangeFunctions - [37c3a396] Response 200 OK
15:53:16.526 [reactor-http-nio-41] DEBUG reactor.netty.channel.FluxReceive - [id: 0xa255a56d, L:/127.0.0.1:51733 - R:localhost/127.0.0.1:8083] Subscribing inbound receiver [pending: 0, cancelled:false, inboundDone: false]
15:53:16.526 [reactor-http-nio-41] DEBUG reactor.netty.http.client.HttpClientOperations - [id: 0xa255a56d, L:/127.0.0.1:51733 - R:localhost/127.0.0.1:8083] Received last HTTP packet
15:53:16.526 [reactor-http-nio-41] DEBUG org.springframework.core.codec.StringDecoder - [37c3a396] Decoded "[{"longitude":-117.922008,"latitude":33.817595,"attractionName":"Disneyland","city":"Anaheim","stat (truncated)...
15:53:16.526 [reactor-http-nio-41] DEBUG reactor.netty.resources.PooledConnectionProvider - [id: 0xa255a56d, L:/127.0.0.1:51733 - R:localhost/127.0.0.1:8083] onStateChange(GET{uri=/attractions, connection=PooledConnection{channel=[id: 0xa255a56d, L:/127.0.0.1:51733 - R:localhost/127.0.0.1:8083]}}, [disconnecting])
15:53:16.526 [reactor-http-nio-41] DEBUG reactor.netty.resources.PooledConnectionProvider - [id: 0xa255a56d, L:/127.0.0.1:51733 - R:localhost/127.0.0.1:8083] Releasing channel
15:53:16.526 [reactor-http-nio-41] DEBUG reactor.netty.resources.PooledConnectionProvider - [id: 0xa255a56d, L:/127.0.0.1:51733 - R:localhost/127.0.0.1:8083] Channel cleaned, now 236 active connections and 65 inactive connections
15:53:16.528 [reactor-http-nio-46] DEBUG reactor.netty.http.client.HttpClientOperations - [id: 0xd943badc, L:/127.0.0.1:51811 - R:localhost/127.0.0.1:8083] Received response (auto-read:false) : [Content-Type=application/json, Transfer-Encoding=chunked, Date=Wed, 15 Jun 2022 14:53:15 GMT]
15:53:16.528 [reactor-http-nio-46] DEBUG reactor.netty.resources.PooledConnectionProvider - [id: 0xd943badc, L:/127.0.0.1:51811 - R:localhost/127.0.0.1:8083] onStateChange(GET{uri=/attractions, connection=PooledConnection{channel=[id: 0xd943badc, L:/127.0.0.1:51811 - R:localhost/127.0.0.1:8083]}}, [response_received])
15:53:16.529 [reactor-http-nio-46] DEBUG org.springframework.web.reactive.function.client.ExchangeFunctions - [5f8979c5] Response 200 OK
15:53:16.529 [reactor-http-nio-46] DEBUG reactor.netty.channel.FluxReceive - [id: 0xd943badc, L:/127.0.0.1:51811 - R:localhost/127.0.0.1:8083] Subscribing inbound receiver [pending: 0, cancelled:false, inboundDone: false]
15:53:16.529 [reactor-http-nio-46] DEBUG reactor.netty.http.client.HttpClientOperations - [id: 0xd943badc, L:/127.0.0.1:51811 - R:localhost/127.0.0.1:8083] Received last HTTP packet
15:53:16.530 [reactor-http-nio-46] DEBUG org.springframework.core.codec.StringDecoder - [5f8979c5] Decoded "[{"longitude":-117.922008,"latitude":33.817595,"attractionName":"Disneyland","city":"Anaheim","stat (truncated)...
15:53:16.530 [reactor-http-nio-46] DEBUG reactor.netty.resources.PooledConnectionProvider - [id: 0xd943badc, L:/127.0.0.1:51811 - R:localhost/127.0.0.1:8083] onStateChange(GET{uri=/attractions, connection=PooledConnection{channel=[id: 0xd943badc, L:/127.0.0.1:51811 - R:localhost/127.0.0.1:8083]}}, [disconnecting])
15:53:16.530 [reactor-http-nio-46] DEBUG reactor.netty.resources.PooledConnectionProvider - [id: 0xd943badc, L:/127.0.0.1:51811 - R:localhost/127.0.0.1:8083] Releasing channel
15:53:16.530 [reactor-http-nio-46] DEBUG reactor.netty.resources.PooledConnectionProvider - [id: 0xd943badc, L:/127.0.0.1:51811 - R:localhost/127.0.0.1:8083] Channel cleaned, now 235 active connections and 66 inactive connections
15:53:16.532 [reactor-http-nio-46] DEBUG reactor.netty.http.client.HttpClientOperations - [id: 0x04ce75f7, L:/127.0.0.1:51730 - R:localhost/127.0.0.1:8083] Received response (auto-read:false) : [Content-Type=application/json, Transfer-Encoding=chunked, Date=Wed, 15 Jun 2022 14:53:15 GMT]
15:53:16.532 [reactor-http-nio-46] DEBUG reactor.netty.resources.PooledConnectionProvider - [id: 0x04ce75f7, L:/127.0.0.1:51730 - R:localhost/127.0.0.1:8083] onStateChange(GET{uri=/attractions, connection=PooledConnection{channel=[id: 0x04ce75f7, L:/127.0.0.1:51730 - R:localhost/127.0.0.1:8083]}}, [response_received])
15:53:16.532 [reactor-http-nio-46] DEBUG org.springframework.web.reactive.function.client.ExchangeFunctions - [3d53845e] Response 200 OK
15:53:16.533 [reactor-http-nio-46] DEBUG reactor.netty.channel.FluxReceive - [id: 0x04ce75f7, L:/127.0.0.1:51730 - R:localhost/127.0.0.1:8083] Subscribing inbound receiver [pending: 0, cancelled:false, inboundDone: false]
15:53:16.533 [reactor-http-nio-46] DEBUG reactor.netty.http.client.HttpClientOperations - [id: 0x04ce75f7, L:/127.0.0.1:51730 - R:localhost/127.0.0.1:8083] Received last HTTP packet
15:53:16.533 [reactor-http-nio-46] DEBUG org.springframework.core.codec.StringDecoder - [3d53845e] Decoded "[{"longitude":-117.922008,"latitude":33.817595,"attractionName":"Disneyland","city":"Anaheim","stat (truncated)...
15:53:16.533 [reactor-http-nio-46] DEBUG reactor.netty.resources.PooledConnectionProvider - [id: 0x04ce75f7, L:/127.0.0.1:51730 - R:localhost/127.0.0.1:8083] onStateChange(GET{uri=/attractions, connection=PooledConnection{channel=[id: 0x04ce75f7, L:/127.0.0.1:51730 - R:localhost/127.0.0.1:8083]}}, [disconnecting])
15:53:16.533 [reactor-http-nio-46] DEBUG reactor.netty.resources.PooledConnectionProvider - [id: 0x04ce75f7, L:/127.0.0.1:51730 - R:localhost/127.0.0.1:8083] Releasing channel
15:53:16.533 [reactor-http-nio-46] DEBUG reactor.netty.resources.PooledConnectionProvider - [id: 0x04ce75f7, L:/127.0.0.1:51730 - R:localhost/127.0.0.1:8083] Channel cleaned, now 234 active connections and 67 inactive connections
15:53:16.533 [reactor-http-nio-46] DEBUG reactor.netty.http.client.HttpClientOperations - [id: 0x940aa9d2, L:/127.0.0.1:51728 - R:localhost/127.0.0.1:8083] Received response (auto-read:false) : [Content-Type=application/json, Transfer-Encoding=chunked, Date=Wed, 15 Jun 2022 14:53:15 GMT]
15:53:16.533 [reactor-http-nio-46] DEBUG reactor.netty.resources.PooledConnectionProvider - [id: 0x940aa9d2, L:/127.0.0.1:51728 - R:localhost/127.0.0.1:8083] onStateChange(GET{uri=/attractions, connection=PooledConnection{channel=[id: 0x940aa9d2, L:/127.0.0.1:51728 - R:localhost/127.0.0.1:8083]}}, [response_received])
15:53:16.534 [reactor-http-nio-46] DEBUG org.springframework.web.reactive.function.client.ExchangeFunctions - [7d4fc058] Response 200 OK
15:53:16.534 [reactor-http-nio-46] DEBUG reactor.netty.channel.FluxReceive - [id: 0x940aa9d2, L:/127.0.0.1:51728 - R:localhost/127.0.0.1:8083] Subscribing inbound receiver [pending: 0, cancelled:false, inboundDone: false]
15:53:16.534 [reactor-http-nio-46] DEBUG reactor.netty.http.client.HttpClientOperations - [id: 0x940aa9d2, L:/127.0.0.1:51728 - R:localhost/127.0.0.1:8083] Received last HTTP packet
15:53:16.534 [reactor-http-nio-46] DEBUG org.springframework.core.codec.StringDecoder - [7d4fc058] Decoded "[{"longitude":-117.922008,"latitude":33.817595,"attractionName":"Disneyland","city":"Anaheim","stat (truncated)...
15:53:16.535 [reactor-http-nio-46] DEBUG reactor.netty.resources.PooledConnectionProvider - [id: 0x940aa9d2, L:/127.0.0.1:51728 - R:localhost/127.0.0.1:8083] onStateChange(GET{uri=/attractions, connection=PooledConnection{channel=[id: 0x940aa9d2, L:/127.0.0.1:51728 - R:localhost/127.0.0.1:8083]}}, [disconnecting])
15:53:16.535 [reactor-http-nio-46] DEBUG reactor.netty.resources.PooledConnectionProvider - [id: 0x940aa9d2, L:/127.0.0.1:51728 - R:localhost/127.0.0.1:8083] Releasing channel
15:53:16.535 [reactor-http-nio-46] DEBUG reactor.netty.resources.PooledConnectionProvider - [id: 0x940aa9d2, L:/127.0.0.1:51728 - R:localhost/127.0.0.1:8083] Channel cleaned, now 233 active connections and 68 inactive connections
15:53:16.573 [pool-4-thread-19] DEBUG org.springframework.web.reactive.function.client.ExchangeFunctions - [2dc706b7] HTTP GET http://localhost:8084/attractionRewardPoint?attractionId=030c452b-b071-4501-a658-d1157a55d671&userId=927a86ea-0541-4a6a-b8d8-8332b27a8157
15:53:16.574 [reactor-http-nio-41] DEBUG reactor.netty.http.client.HttpClientOperations - [id: 0xed0ba0e1, L:/127.0.0.1:51752 - R:localhost/127.0.0.1:8083] Received response (auto-read:false) : [Content-Type=application/json, Transfer-Encoding=chunked, Date=Wed, 15 Jun 2022 14:53:15 GMT]
15:53:16.574 [reactor-http-nio-41] DEBUG reactor.netty.resources.PooledConnectionProvider - [id: 0xed0ba0e1, L:/127.0.0.1:51752 - R:localhost/127.0.0.1:8083] onStateChange(GET{uri=/attractions, connection=PooledConnection{channel=[id: 0xed0ba0e1, L:/127.0.0.1:51752 - R:localhost/127.0.0.1:8083]}}, [response_received])
15:53:16.574 [reactor-http-nio-41] DEBUG org.springframework.web.reactive.function.client.ExchangeFunctions - [13f9ce60] Response 200 OK
15:53:16.574 [reactor-http-nio-46] DEBUG reactor.netty.http.client.HttpClientOperations - [id: 0xad77f6cd, L:/127.0.0.1:51761 - R:localhost/127.0.0.1:8083] Received response (auto-read:false) : [Content-Type=application/json, Transfer-Encoding=chunked, Date=Wed, 15 Jun 2022 14:53:15 GMT]
15:53:16.574 [reactor-http-nio-46] DEBUG reactor.netty.resources.PooledConnectionProvider - [id: 0xad77f6cd, L:/127.0.0.1:51761 - R:localhost/127.0.0.1:8083] onStateChange(GET{uri=/attractions, connection=PooledConnection{channel=[id: 0xad77f6cd, L:/127.0.0.1:51761 - R:localhost/127.0.0.1:8083]}}, [response_received])
15:53:16.575 [reactor-http-nio-46] DEBUG org.springframework.web.reactive.function.client.ExchangeFunctions - [3924dfc3] Response 200 OK
15:53:16.575 [reactor-http-nio-41] DEBUG reactor.netty.channel.FluxReceive - [id: 0xed0ba0e1, L:/127.0.0.1:51752 - R:localhost/127.0.0.1:8083] Subscribing inbound receiver [pending: 0, cancelled:false, inboundDone: false]
15:53:16.575 [reactor-http-nio-41] DEBUG reactor.netty.http.client.HttpClientOperations - [id: 0xed0ba0e1, L:/127.0.0.1:51752 - R:localhost/127.0.0.1:8083] Received last HTTP packet
15:53:16.575 [reactor-http-nio-46] DEBUG reactor.netty.channel.FluxReceive - [id: 0xad77f6cd, L:/127.0.0.1:51761 - R:localhost/127.0.0.1:8083] Subscribing inbound receiver [pending: 0, cancelled:false, inboundDone: false]
15:53:16.575 [reactor-http-nio-46] DEBUG reactor.netty.http.client.HttpClientOperations - [id: 0xad77f6cd, L:/127.0.0.1:51761 - R:localhost/127.0.0.1:8083] Received last HTTP packet
15:53:16.575 [reactor-http-nio-41] DEBUG org.springframework.core.codec.StringDecoder - [13f9ce60] Decoded "[{"longitude":-117.922008,"latitude":33.817595,"attractionName":"Disneyland","city":"Anaheim","stat (truncated)...
15:53:16.575 [reactor-http-nio-41] DEBUG reactor.netty.resources.PooledConnectionProvider - [id: 0xed0ba0e1, L:/127.0.0.1:51752 - R:localhost/127.0.0.1:8083] onStateChange(GET{uri=/attractions, connection=PooledConnection{channel=[id: 0xed0ba0e1, L:/127.0.0.1:51752 - R:localhost/127.0.0.1:8083]}}, [disconnecting])
15:53:16.575 [reactor-http-nio-41] DEBUG reactor.netty.resources.PooledConnectionProvider - [id: 0xed0ba0e1, L:/127.0.0.1:51752 - R:localhost/127.0.0.1:8083] Releasing channel
15:53:16.575 [reactor-http-nio-46] DEBUG org.springframework.core.codec.StringDecoder - [3924dfc3] Decoded "[{"longitude":-117.922008,"latitude":33.817595,"attractionName":"Disneyland","city":"Anaheim","stat (truncated)...
15:53:16.575 [reactor-http-nio-41] DEBUG reactor.netty.resources.PooledConnectionProvider - [id: 0xed0ba0e1, L:/127.0.0.1:51752 - R:localhost/127.0.0.1:8083] Channel cleaned, now 232 active connections and 69 inactive connections
15:53:16.575 [reactor-http-nio-46] DEBUG reactor.netty.resources.PooledConnectionProvider - [id: 0xad77f6cd, L:/127.0.0.1:51761 - R:localhost/127.0.0.1:8083] onStateChange(GET{uri=/attractions, connection=PooledConnection{channel=[id: 0xad77f6cd, L:/127.0.0.1:51761 - R:localhost/127.0.0.1:8083]}}, [disconnecting])
15:53:16.575 [reactor-http-nio-46] DEBUG reactor.netty.resources.PooledConnectionProvider - [id: 0xad77f6cd, L:/127.0.0.1:51761 - R:localhost/127.0.0.1:8083] Releasing channel
15:53:16.575 [reactor-http-nio-46] DEBUG reactor.netty.resources.PooledConnectionProvider - [id: 0xad77f6cd, L:/127.0.0.1:51761 - R:localhost/127.0.0.1:8083] Channel cleaned, now 231 active connections and 70 inactive connections
15:53:16.577 [reactor-http-nio-41] DEBUG reactor.netty.http.client.HttpClientOperations - [id: 0x5c46e8f5, L:/127.0.0.1:51758 - R:localhost/127.0.0.1:8083] Received response (auto-read:false) : [Content-Type=application/json, Transfer-Encoding=chunked, Date=Wed, 15 Jun 2022 14:53:15 GMT]
15:53:16.577 [reactor-http-nio-41] DEBUG reactor.netty.resources.PooledConnectionProvider - [id: 0x5c46e8f5, L:/127.0.0.1:51758 - R:localhost/127.0.0.1:8083] onStateChange(GET{uri=/attractions, connection=PooledConnection{channel=[id: 0x5c46e8f5, L:/127.0.0.1:51758 - R:localhost/127.0.0.1:8083]}}, [response_received])
15:53:16.578 [reactor-http-nio-41] DEBUG org.springframework.web.reactive.function.client.ExchangeFunctions - [2457dd5] Response 200 OK
15:53:16.578 [reactor-http-nio-48] DEBUG reactor.netty.resources.PooledConnectionProvider - [id: 0xb634a1b4] Created new pooled channel, now 18 active connections and 1 inactive connections
15:53:16.578 [reactor-http-nio-48] DEBUG reactor.netty.channel.BootstrapHandlers - [id: 0xb634a1b4] Initialized pipeline DefaultChannelPipeline{(BootstrapHandlers$BootstrapInitializerHandler#0 = reactor.netty.channel.BootstrapHandlers$BootstrapInitializerHandler), (SimpleChannelPool$1#0 = io.netty.channel.pool.SimpleChannelPool$1), (reactor.left.httpCodec = io.netty.handler.codec.http.HttpClientCodec), (reactor.left.decompressor = io.netty.handler.codec.http.HttpContentDecompressor), (reactor.right.reactiveBridge = reactor.netty.channel.ChannelOperationsHandler)}
15:53:16.578 [reactor-http-nio-41] DEBUG reactor.netty.channel.FluxReceive - [id: 0x5c46e8f5, L:/127.0.0.1:51758 - R:localhost/127.0.0.1:8083] Subscribing inbound receiver [pending: 0, cancelled:false, inboundDone: false]
15:53:16.578 [reactor-http-nio-41] DEBUG reactor.netty.http.client.HttpClientOperations - [id: 0x5c46e8f5, L:/127.0.0.1:51758 - R:localhost/127.0.0.1:8083] Received last HTTP packet
15:53:16.578 [reactor-http-nio-41] DEBUG org.springframework.core.codec.StringDecoder - [2457dd5] Decoded "[{"longitude":-117.922008,"latitude":33.817595,"attractionName":"Disneyland","city":"Anaheim","stat (truncated)...
15:53:16.578 [reactor-http-nio-41] DEBUG reactor.netty.resources.PooledConnectionProvider - [id: 0x5c46e8f5, L:/127.0.0.1:51758 - R:localhost/127.0.0.1:8083] onStateChange(GET{uri=/attractions, connection=PooledConnection{channel=[id: 0x5c46e8f5, L:/127.0.0.1:51758 - R:localhost/127.0.0.1:8083]}}, [disconnecting])
15:53:16.578 [reactor-http-nio-41] DEBUG reactor.netty.resources.PooledConnectionProvider - [id: 0x5c46e8f5, L:/127.0.0.1:51758 - R:localhost/127.0.0.1:8083] Releasing channel
15:53:16.578 [reactor-http-nio-41] DEBUG reactor.netty.resources.PooledConnectionProvider - [id: 0x5c46e8f5, L:/127.0.0.1:51758 - R:localhost/127.0.0.1:8083] Channel cleaned, now 230 active connections and 71 inactive connections
15:53:16.583 [reactor-http-nio-46] DEBUG reactor.netty.http.client.HttpClientOperations - [id: 0xfaf92bf0, L:/127.0.0.1:51817 - R:localhost/127.0.0.1:8083] Received response (auto-read:false) : [Content-Type=application/json, Transfer-Encoding=chunked, Date=Wed, 15 Jun 2022 14:53:15 GMT]
15:53:16.583 [reactor-http-nio-46] DEBUG reactor.netty.resources.PooledConnectionProvider - [id: 0xfaf92bf0, L:/127.0.0.1:51817 - R:localhost/127.0.0.1:8083] onStateChange(GET{uri=/attractions, connection=PooledConnection{channel=[id: 0xfaf92bf0, L:/127.0.0.1:51817 - R:localhost/127.0.0.1:8083]}}, [response_received])
15:53:16.584 [reactor-http-nio-46] DEBUG org.springframework.web.reactive.function.client.ExchangeFunctions - [6c70e1f5] Response 200 OK
15:53:16.584 [reactor-http-nio-46] DEBUG reactor.netty.channel.FluxReceive - [id: 0xfaf92bf0, L:/127.0.0.1:51817 - R:localhost/127.0.0.1:8083] Subscribing inbound receiver [pending: 0, cancelled:false, inboundDone: false]
15:53:16.583 [reactor-http-nio-48] DEBUG reactor.netty.resources.PooledConnectionProvider - [id: 0xb634a1b4, L:/127.0.0.1:51999 - R:localhost/127.0.0.1:8084] onStateChange(PooledConnection{channel=[id: 0xb634a1b4, L:/127.0.0.1:51999 - R:localhost/127.0.0.1:8084]}, [connected])
15:53:16.584 [reactor-http-nio-46] DEBUG reactor.netty.http.client.HttpClientOperations - [id: 0xfaf92bf0, L:/127.0.0.1:51817 - R:localhost/127.0.0.1:8083] Received last HTTP packet
15:53:16.584 [reactor-http-nio-48] DEBUG reactor.netty.resources.PooledConnectionProvider - [id: 0xb634a1b4, L:/127.0.0.1:51999 - R:localhost/127.0.0.1:8084] onStateChange(GET{uri=/, connection=PooledConnection{channel=[id: 0xb634a1b4, L:/127.0.0.1:51999 - R:localhost/127.0.0.1:8084]}}, [configured])
15:53:16.584 [reactor-http-nio-48] DEBUG reactor.netty.resources.PooledConnectionProvider - [id: 0xb634a1b4, L:/127.0.0.1:51999 - R:localhost/127.0.0.1:8084] Registering pool release on close event for channel
15:53:16.584 [reactor-http-nio-48] DEBUG reactor.netty.http.client.HttpClientConnect - [id: 0xb634a1b4, L:/127.0.0.1:51999 - R:localhost/127.0.0.1:8084] Handler is being applied: {uri=http://localhost:8084/attractionRewardPoint?attractionId=030c452b-b071-4501-a658-d1157a55d671&userId=927a86ea-0541-4a6a-b8d8-8332b27a8157, method=GET}
15:53:16.584 [reactor-http-nio-46] DEBUG org.springframework.core.codec.StringDecoder - [6c70e1f5] Decoded "[{"longitude":-117.922008,"latitude":33.817595,"attractionName":"Disneyland","city":"Anaheim","stat (truncated)...
15:53:16.584 [reactor-http-nio-46] DEBUG reactor.netty.resources.PooledConnectionProvider - [id: 0xfaf92bf0, L:/127.0.0.1:51817 - R:localhost/127.0.0.1:8083] onStateChange(GET{uri=/attractions, connection=PooledConnection{channel=[id: 0xfaf92bf0, L:/127.0.0.1:51817 - R:localhost/127.0.0.1:8083]}}, [disconnecting])
15:53:16.584 [reactor-http-nio-46] DEBUG reactor.netty.resources.PooledConnectionProvider - [id: 0xfaf92bf0, L:/127.0.0.1:51817 - R:localhost/127.0.0.1:8083] Releasing channel
15:53:16.584 [reactor-http-nio-46] DEBUG reactor.netty.resources.PooledConnectionProvider - [id: 0xfaf92bf0, L:/127.0.0.1:51817 - R:localhost/127.0.0.1:8083] Channel cleaned, now 229 active connections and 72 inactive connections
15:53:16.585 [reactor-http-nio-48] DEBUG reactor.netty.resources.PooledConnectionProvider - [id: 0xb634a1b4, L:/127.0.0.1:51999 - R:localhost/127.0.0.1:8084] onStateChange(GET{uri=/attractionRewardPoint?attractionId=030c452b-b071-4501-a658-d1157a55d671&userId=927a86ea-0541-4a6a-b8d8-8332b27a8157, connection=PooledConnection{channel=[id: 0xb634a1b4, L:/127.0.0.1:51999 - R:localhost/127.0.0.1:8084]}}, [request_sent])
15:53:16.585 [reactor-http-nio-48] DEBUG reactor.netty.resources.PooledConnectionProvider - [id: 0xb634a1b4, L:/127.0.0.1:51999 - R:localhost/127.0.0.1:8084] Channel connected, now 19 active connections and 0 inactive connections
15:53:16.586 [reactor-http-nio-47] DEBUG reactor.netty.http.client.HttpClientOperations - [id: 0x9cce547f, L:/127.0.0.1:51834 - R:localhost/127.0.0.1:8083] Received response (auto-read:false) : [Content-Type=application/json, Transfer-Encoding=chunked, Date=Wed, 15 Jun 2022 14:53:15 GMT]
15:53:16.586 [reactor-http-nio-47] DEBUG reactor.netty.resources.PooledConnectionProvider - [id: 0x9cce547f, L:/127.0.0.1:51834 - R:localhost/127.0.0.1:8083] onStateChange(GET{uri=/attractions, connection=PooledConnection{channel=[id: 0x9cce547f, L:/127.0.0.1:51834 - R:localhost/127.0.0.1:8083]}}, [response_received])
15:53:16.586 [reactor-http-nio-47] DEBUG org.springframework.web.reactive.function.client.ExchangeFunctions - [2d17ae70] Response 200 OK
15:53:16.587 [reactor-http-nio-47] DEBUG reactor.netty.channel.FluxReceive - [id: 0x9cce547f, L:/127.0.0.1:51834 - R:localhost/127.0.0.1:8083] Subscribing inbound receiver [pending: 0, cancelled:false, inboundDone: false]
15:53:16.587 [reactor-http-nio-47] DEBUG reactor.netty.http.client.HttpClientOperations - [id: 0x9cce547f, L:/127.0.0.1:51834 - R:localhost/127.0.0.1:8083] Received last HTTP packet
15:53:16.587 [reactor-http-nio-47] DEBUG org.springframework.core.codec.StringDecoder - [2d17ae70] Decoded "[{"longitude":-117.922008,"latitude":33.817595,"attractionName":"Disneyland","city":"Anaheim","stat (truncated)...
15:53:16.587 [reactor-http-nio-47] DEBUG reactor.netty.resources.PooledConnectionProvider - [id: 0x9cce547f, L:/127.0.0.1:51834 - R:localhost/127.0.0.1:8083] onStateChange(GET{uri=/attractions, connection=PooledConnection{channel=[id: 0x9cce547f, L:/127.0.0.1:51834 - R:localhost/127.0.0.1:8083]}}, [disconnecting])
15:53:16.587 [reactor-http-nio-47] DEBUG reactor.netty.resources.PooledConnectionProvider - [id: 0x9cce547f, L:/127.0.0.1:51834 - R:localhost/127.0.0.1:8083] Releasing channel
15:53:16.587 [reactor-http-nio-47] DEBUG reactor.netty.resources.PooledConnectionProvider - [id: 0x9cce547f, L:/127.0.0.1:51834 - R:localhost/127.0.0.1:8083] Channel cleaned, now 228 active connections and 73 inactive connections
15:53:16.588 [reactor-http-nio-48] DEBUG reactor.netty.http.client.HttpClientOperations - [id: 0xb033e5eb, L:/127.0.0.1:51933 - R:localhost/127.0.0.1:8083] Received response (auto-read:false) : [Content-Type=application/json, Transfer-Encoding=chunked, Date=Wed, 15 Jun 2022 14:53:15 GMT]
15:53:16.588 [reactor-http-nio-48] DEBUG reactor.netty.resources.PooledConnectionProvider - [id: 0xb033e5eb, L:/127.0.0.1:51933 - R:localhost/127.0.0.1:8083] onStateChange(GET{uri=/attractions, connection=PooledConnection{channel=[id: 0xb033e5eb, L:/127.0.0.1:51933 - R:localhost/127.0.0.1:8083]}}, [response_received])
15:53:16.588 [reactor-http-nio-48] DEBUG org.springframework.web.reactive.function.client.ExchangeFunctions - [36dbc2fe] Response 200 OK
15:53:16.589 [reactor-http-nio-48] DEBUG reactor.netty.channel.FluxReceive - [id: 0xb033e5eb, L:/127.0.0.1:51933 - R:localhost/127.0.0.1:8083] Subscribing inbound receiver [pending: 0, cancelled:false, inboundDone: false]
15:53:16.589 [reactor-http-nio-48] DEBUG reactor.netty.http.client.HttpClientOperations - [id: 0xb033e5eb, L:/127.0.0.1:51933 - R:localhost/127.0.0.1:8083] Received last HTTP packet
15:53:16.589 [reactor-http-nio-48] DEBUG org.springframework.core.codec.StringDecoder - [36dbc2fe] Decoded "[{"longitude":-117.922008,"latitude":33.817595,"attractionName":"Disneyland","city":"Anaheim","stat (truncated)...
15:53:16.589 [reactor-http-nio-48] DEBUG reactor.netty.resources.PooledConnectionProvider - [id: 0xb033e5eb, L:/127.0.0.1:51933 - R:localhost/127.0.0.1:8083] onStateChange(GET{uri=/attractions, connection=PooledConnection{channel=[id: 0xb033e5eb, L:/127.0.0.1:51933 - R:localhost/127.0.0.1:8083]}}, [disconnecting])
15:53:16.589 [reactor-http-nio-48] DEBUG reactor.netty.resources.PooledConnectionProvider - [id: 0xb033e5eb, L:/127.0.0.1:51933 - R:localhost/127.0.0.1:8083] Releasing channel
15:53:16.589 [reactor-http-nio-48] DEBUG reactor.netty.resources.PooledConnectionProvider - [id: 0xb033e5eb, L:/127.0.0.1:51933 - R:localhost/127.0.0.1:8083] Channel cleaned, now 227 active connections and 74 inactive connections
15:53:16.590 [reactor-http-nio-48] DEBUG reactor.netty.http.client.HttpClientOperations - [id: 0x57866369, L:/127.0.0.1:51911 - R:localhost/127.0.0.1:8083] Received response (auto-read:false) : [Content-Type=application/json, Transfer-Encoding=chunked, Date=Wed, 15 Jun 2022 14:53:15 GMT]
15:53:16.590 [reactor-http-nio-48] DEBUG reactor.netty.resources.PooledConnectionProvider - [id: 0x57866369, L:/127.0.0.1:51911 - R:localhost/127.0.0.1:8083] onStateChange(GET{uri=/attractions, connection=PooledConnection{channel=[id: 0x57866369, L:/127.0.0.1:51911 - R:localhost/127.0.0.1:8083]}}, [response_received])
15:53:16.590 [reactor-http-nio-48] DEBUG org.springframework.web.reactive.function.client.ExchangeFunctions - [45500b42] Response 200 OK
15:53:16.590 [reactor-http-nio-48] DEBUG reactor.netty.channel.FluxReceive - [id: 0x57866369, L:/127.0.0.1:51911 - R:localhost/127.0.0.1:8083] Subscribing inbound receiver [pending: 0, cancelled:false, inboundDone: false]
15:53:16.590 [reactor-http-nio-48] DEBUG reactor.netty.http.client.HttpClientOperations - [id: 0x57866369, L:/127.0.0.1:51911 - R:localhost/127.0.0.1:8083] Received last HTTP packet
15:53:16.591 [reactor-http-nio-48] DEBUG org.springframework.core.codec.StringDecoder - [45500b42] Decoded "[{"longitude":-117.922008,"latitude":33.817595,"attractionName":"Disneyland","city":"Anaheim","stat (truncated)...
15:53:16.591 [reactor-http-nio-48] DEBUG reactor.netty.resources.PooledConnectionProvider - [id: 0x57866369, L:/127.0.0.1:51911 - R:localhost/127.0.0.1:8083] onStateChange(GET{uri=/attractions, connection=PooledConnection{channel=[id: 0x57866369, L:/127.0.0.1:51911 - R:localhost/127.0.0.1:8083]}}, [disconnecting])
15:53:16.591 [reactor-http-nio-48] DEBUG reactor.netty.resources.PooledConnectionProvider - [id: 0x57866369, L:/127.0.0.1:51911 - R:localhost/127.0.0.1:8083] Releasing channel
15:53:16.591 [reactor-http-nio-48] DEBUG reactor.netty.resources.PooledConnectionProvider - [id: 0x57866369, L:/127.0.0.1:51911 - R:localhost/127.0.0.1:8083] Channel cleaned, now 226 active connections and 75 inactive connections
15:53:16.592 [reactor-http-nio-48] DEBUG reactor.netty.http.client.HttpClientOperations - [id: 0xf96fcdf2, L:/127.0.0.1:51938 - R:localhost/127.0.0.1:8083] Received response (auto-read:false) : [Content-Type=application/json, Transfer-Encoding=chunked, Date=Wed, 15 Jun 2022 14:53:15 GMT]
15:53:16.592 [reactor-http-nio-48] DEBUG reactor.netty.resources.PooledConnectionProvider - [id: 0xf96fcdf2, L:/127.0.0.1:51938 - R:localhost/127.0.0.1:8083] onStateChange(GET{uri=/attractions, connection=PooledConnection{channel=[id: 0xf96fcdf2, L:/127.0.0.1:51938 - R:localhost/127.0.0.1:8083]}}, [response_received])
15:53:16.592 [reactor-http-nio-48] DEBUG org.springframework.web.reactive.function.client.ExchangeFunctions - [84c5e05] Response 200 OK
15:53:16.592 [reactor-http-nio-48] DEBUG reactor.netty.channel.FluxReceive - [id: 0xf96fcdf2, L:/127.0.0.1:51938 - R:localhost/127.0.0.1:8083] Subscribing inbound receiver [pending: 0, cancelled:false, inboundDone: false]
15:53:16.592 [reactor-http-nio-48] DEBUG reactor.netty.http.client.HttpClientOperations - [id: 0xf96fcdf2, L:/127.0.0.1:51938 - R:localhost/127.0.0.1:8083] Received last HTTP packet
15:53:16.593 [reactor-http-nio-48] DEBUG org.springframework.core.codec.StringDecoder - [84c5e05] Decoded "[{"longitude":-117.922008,"latitude":33.817595,"attractionName":"Disneyland","city":"Anaheim","stat (truncated)...
15:53:16.593 [reactor-http-nio-48] DEBUG reactor.netty.resources.PooledConnectionProvider - [id: 0xf96fcdf2, L:/127.0.0.1:51938 - R:localhost/127.0.0.1:8083] onStateChange(GET{uri=/attractions, connection=PooledConnection{channel=[id: 0xf96fcdf2, L:/127.0.0.1:51938 - R:localhost/127.0.0.1:8083]}}, [disconnecting])
15:53:16.593 [reactor-http-nio-48] DEBUG reactor.netty.resources.PooledConnectionProvider - [id: 0xf96fcdf2, L:/127.0.0.1:51938 - R:localhost/127.0.0.1:8083] Releasing channel
15:53:16.593 [reactor-http-nio-48] DEBUG reactor.netty.resources.PooledConnectionProvider - [id: 0xf96fcdf2, L:/127.0.0.1:51938 - R:localhost/127.0.0.1:8083] Channel cleaned, now 225 active connections and 76 inactive connections
15:53:16.593 [reactor-http-nio-46] DEBUG reactor.netty.http.client.HttpClientOperations - [id: 0x5362fcb1, L:/127.0.0.1:51798 - R:localhost/127.0.0.1:8083] Received response (auto-read:false) : [Content-Type=application/json, Transfer-Encoding=chunked, Date=Wed, 15 Jun 2022 14:53:15 GMT]
15:53:16.593 [reactor-http-nio-46] DEBUG reactor.netty.resources.PooledConnectionProvider - [id: 0x5362fcb1, L:/127.0.0.1:51798 - R:localhost/127.0.0.1:8083] onStateChange(GET{uri=/attractions, connection=PooledConnection{channel=[id: 0x5362fcb1, L:/127.0.0.1:51798 - R:localhost/127.0.0.1:8083]}}, [response_received])
15:53:16.593 [reactor-http-nio-46] DEBUG org.springframework.web.reactive.function.client.ExchangeFunctions - [11bdccf0] Response 200 OK
15:53:16.593 [reactor-http-nio-46] DEBUG reactor.netty.channel.FluxReceive - [id: 0x5362fcb1, L:/127.0.0.1:51798 - R:localhost/127.0.0.1:8083] Subscribing inbound receiver [pending: 0, cancelled:false, inboundDone: false]
15:53:16.594 [reactor-http-nio-46] DEBUG reactor.netty.http.client.HttpClientOperations - [id: 0x5362fcb1, L:/127.0.0.1:51798 - R:localhost/127.0.0.1:8083] Received last HTTP packet
15:53:16.594 [reactor-http-nio-46] DEBUG org.springframework.core.codec.StringDecoder - [11bdccf0] Decoded "[{"longitude":-117.922008,"latitude":33.817595,"attractionName":"Disneyland","city":"Anaheim","stat (truncated)...
15:53:16.594 [reactor-http-nio-46] DEBUG reactor.netty.resources.PooledConnectionProvider - [id: 0x5362fcb1, L:/127.0.0.1:51798 - R:localhost/127.0.0.1:8083] onStateChange(GET{uri=/attractions, connection=PooledConnection{channel=[id: 0x5362fcb1, L:/127.0.0.1:51798 - R:localhost/127.0.0.1:8083]}}, [disconnecting])
15:53:16.594 [reactor-http-nio-46] DEBUG reactor.netty.resources.PooledConnectionProvider - [id: 0x5362fcb1, L:/127.0.0.1:51798 - R:localhost/127.0.0.1:8083] Releasing channel
15:53:16.594 [reactor-http-nio-46] DEBUG reactor.netty.resources.PooledConnectionProvider - [id: 0x5362fcb1, L:/127.0.0.1:51798 - R:localhost/127.0.0.1:8083] Channel cleaned, now 224 active connections and 77 inactive connections
15:53:16.595 [reactor-http-nio-48] DEBUG reactor.netty.http.client.HttpClientOperations - [id: 0x357960ae, L:/127.0.0.1:51912 - R:localhost/127.0.0.1:8083] Received response (auto-read:false) : [Content-Type=application/json, Transfer-Encoding=chunked, Date=Wed, 15 Jun 2022 14:53:15 GMT]
15:53:16.595 [reactor-http-nio-48] DEBUG reactor.netty.resources.PooledConnectionProvider - [id: 0x357960ae, L:/127.0.0.1:51912 - R:localhost/127.0.0.1:8083] onStateChange(GET{uri=/userLocation?userId=27f4c1cb-757a-42c0-8fb9-25de34a04ba6, connection=PooledConnection{channel=[id: 0x357960ae, L:/127.0.0.1:51912 - R:localhost/127.0.0.1:8083]}}, [response_received])
15:53:16.595 [reactor-http-nio-48] DEBUG org.springframework.web.reactive.function.client.ExchangeFunctions - [d8a896c] Response 200 OK
15:53:16.596 [reactor-http-nio-48] DEBUG reactor.netty.channel.FluxReceive - [id: 0x357960ae, L:/127.0.0.1:51912 - R:localhost/127.0.0.1:8083] Subscribing inbound receiver [pending: 0, cancelled:false, inboundDone: false]
15:53:16.596 [reactor-http-nio-48] DEBUG reactor.netty.http.client.HttpClientOperations - [id: 0x357960ae, L:/127.0.0.1:51912 - R:localhost/127.0.0.1:8083] Received last HTTP packet
15:53:16.596 [reactor-http-nio-48] DEBUG org.springframework.core.codec.StringDecoder - [d8a896c] Decoded "{"userId":"27f4c1cb-757a-42c0-8fb9-25de34a04ba6","location":{"longitude":-102.128347,"latitude":-8. (truncated)...
15:53:16.596 [reactor-http-nio-48] DEBUG reactor.netty.resources.PooledConnectionProvider - [id: 0x357960ae, L:/127.0.0.1:51912 - R:localhost/127.0.0.1:8083] onStateChange(GET{uri=/userLocation?userId=27f4c1cb-757a-42c0-8fb9-25de34a04ba6, connection=PooledConnection{channel=[id: 0x357960ae, L:/127.0.0.1:51912 - R:localhost/127.0.0.1:8083]}}, [disconnecting])
15:53:16.596 [reactor-http-nio-48] DEBUG reactor.netty.resources.PooledConnectionProvider - [id: 0x357960ae, L:/127.0.0.1:51912 - R:localhost/127.0.0.1:8083] Releasing channel
15:53:16.596 [reactor-http-nio-48] DEBUG reactor.netty.resources.PooledConnectionProvider - [id: 0x357960ae, L:/127.0.0.1:51912 - R:localhost/127.0.0.1:8083] Channel cleaned, now 223 active connections and 78 inactive connections
15:53:16.598 [reactor-http-nio-48] DEBUG reactor.netty.http.client.HttpClientOperations - [id: 0x9c9e122e, L:/127.0.0.1:51884 - R:localhost/127.0.0.1:8083] Received response (auto-read:false) : [Content-Type=application/json, Transfer-Encoding=chunked, Date=Wed, 15 Jun 2022 14:53:15 GMT]
15:53:16.598 [reactor-http-nio-48] DEBUG reactor.netty.resources.PooledConnectionProvider - [id: 0x9c9e122e, L:/127.0.0.1:51884 - R:localhost/127.0.0.1:8083] onStateChange(GET{uri=/userLocation?userId=d3f1ac3c-9ed4-4048-9506-037a25a80088, connection=PooledConnection{channel=[id: 0x9c9e122e, L:/127.0.0.1:51884 - R:localhost/127.0.0.1:8083]}}, [response_received])
15:53:16.598 [pool-2-thread-151] INFO tourGuide.service.TourGuideService - visitedLocatio tourGuide.gpsUtil.VisitedLocation@5cc5e1ec
15:53:16.598 [reactor-http-nio-48] DEBUG org.springframework.web.reactive.function.client.ExchangeFunctions - [2223886b] Response 200 OK
15:53:16.598 [reactor-http-nio-48] DEBUG reactor.netty.channel.FluxReceive - [id: 0x9c9e122e, L:/127.0.0.1:51884 - R:localhost/127.0.0.1:8083] Subscribing inbound receiver [pending: 0, cancelled:false, inboundDone: false]
15:53:16.598 [reactor-http-nio-48] DEBUG reactor.netty.http.client.HttpClientOperations - [id: 0x9c9e122e, L:/127.0.0.1:51884 - R:localhost/127.0.0.1:8083] Received last HTTP packet
15:53:16.599 [reactor-http-nio-48] DEBUG org.springframework.core.codec.StringDecoder - [2223886b] Decoded "{"userId":"d3f1ac3c-9ed4-4048-9506-037a25a80088","location":{"longitude":9.4892,"latitude":-57.7096 (truncated)...
15:53:16.599 [reactor-http-nio-48] DEBUG reactor.netty.resources.PooledConnectionProvider - [id: 0x9c9e122e, L:/127.0.0.1:51884 - R:localhost/127.0.0.1:8083] onStateChange(GET{uri=/userLocation?userId=d3f1ac3c-9ed4-4048-9506-037a25a80088, connection=PooledConnection{channel=[id: 0x9c9e122e, L:/127.0.0.1:51884 - R:localhost/127.0.0.1:8083]}}, [disconnecting])
15:53:16.599 [reactor-http-nio-48] DEBUG reactor.netty.resources.PooledConnectionProvider - [id: 0x9c9e122e, L:/127.0.0.1:51884 - R:localhost/127.0.0.1:8083] Releasing channel
15:53:16.599 [reactor-http-nio-48] DEBUG reactor.netty.resources.PooledConnectionProvider - [id: 0x9c9e122e, L:/127.0.0.1:51884 - R:localhost/127.0.0.1:8083] Channel cleaned, now 222 active connections and 79 inactive connections
15:53:16.599 [pool-2-thread-151] DEBUG org.springframework.web.reactive.function.client.ExchangeFunctions - [2c987c18] HTTP GET http://localhost:8083/attractions
15:53:16.600 [pool-5-thread-78] INFO tourGuide.service.TourGuideService - visitedLocatio tourGuide.gpsUtil.VisitedLocation@142a71c8
15:53:16.601 [reactor-http-nio-47] DEBUG reactor.netty.resources.PooledConnectionProvider - [id: 0xe35e117d, L:/127.0.0.1:51893 - R:localhost/127.0.0.1:8083] Channel acquired, now 223 active connections and 78 inactive connections
15:53:16.601 [reactor-http-nio-47] DEBUG reactor.netty.http.client.HttpClientConnect - [id: 0xe35e117d, L:/127.0.0.1:51893 - R:localhost/127.0.0.1:8083] Handler is being applied: {uri=http://localhost:8083/attractions, method=GET}
15:53:16.602 [reactor-http-nio-47] DEBUG reactor.netty.resources.PooledConnectionProvider - [id: 0xe35e117d, L:/127.0.0.1:51893 - R:localhost/127.0.0.1:8083] onStateChange(GET{uri=/attractions, connection=PooledConnection{channel=[id: 0xe35e117d, L:/127.0.0.1:51893 - R:localhost/127.0.0.1:8083]}}, [request_sent])
15:53:16.602 [pool-5-thread-78] DEBUG org.springframework.web.reactive.function.client.ExchangeFunctions - [3317d1f] HTTP GET http://localhost:8083/attractions
15:53:16.603 [reactor-http-nio-48] DEBUG reactor.netty.http.client.HttpClientOperations - [id: 0xb736888f, L:/127.0.0.1:51970 - R:localhost/127.0.0.1:8083] Received response (auto-read:false) : [Content-Type=application/json, Transfer-Encoding=chunked, Date=Wed, 15 Jun 2022 14:53:15 GMT]
15:53:16.603 [reactor-http-nio-48] DEBUG reactor.netty.resources.PooledConnectionProvider - [id: 0xb736888f, L:/127.0.0.1:51970 - R:localhost/127.0.0.1:8083] onStateChange(GET{uri=/userLocation?userId=364817b4-3d4e-4909-836b-8405f9e45a72, connection=PooledConnection{channel=[id: 0xb736888f, L:/127.0.0.1:51970 - R:localhost/127.0.0.1:8083]}}, [response_received])
15:53:16.603 [reactor-http-nio-48] DEBUG org.springframework.web.reactive.function.client.ExchangeFunctions - [3ccd908c] Response 200 OK
15:53:16.604 [reactor-http-nio-48] DEBUG reactor.netty.channel.FluxReceive - [id: 0xb736888f, L:/127.0.0.1:51970 - R:localhost/127.0.0.1:8083] Subscribing inbound receiver [pending: 0, cancelled:false, inboundDone: false]
15:53:16.604 [reactor-http-nio-48] DEBUG reactor.netty.http.client.HttpClientOperations - [id: 0xb736888f, L:/127.0.0.1:51970 - R:localhost/127.0.0.1:8083] Received last HTTP packet
15:53:16.604 [reactor-http-nio-48] DEBUG org.springframework.core.codec.StringDecoder - [3ccd908c] Decoded "{"userId":"364817b4-3d4e-4909-836b-8405f9e45a72","location":{"longitude":114.544306,"latitude":-19. (truncated)...
15:53:16.604 [reactor-http-nio-48] DEBUG reactor.netty.resources.PooledConnectionProvider - [id: 0xb736888f, L:/127.0.0.1:51970 - R:localhost/127.0.0.1:8083] onStateChange(GET{uri=/userLocation?userId=364817b4-3d4e-4909-836b-8405f9e45a72, connection=PooledConnection{channel=[id: 0xb736888f, L:/127.0.0.1:51970 - R:localhost/127.0.0.1:8083]}}, [disconnecting])
15:53:16.604 [reactor-http-nio-48] DEBUG reactor.netty.resources.PooledConnectionProvider - [id: 0xb736888f, L:/127.0.0.1:51970 - R:localhost/127.0.0.1:8083] Releasing channel
15:53:16.604 [reactor-http-nio-48] DEBUG reactor.netty.resources.PooledConnectionProvider - [id: 0xb736888f, L:/127.0.0.1:51970 - R:localhost/127.0.0.1:8083] Channel cleaned, now 222 active connections and 79 inactive connections
15:53:16.604 [reactor-http-nio-48] DEBUG reactor.netty.resources.PooledConnectionProvider - [id: 0xe73f3e74, L:/127.0.0.1:51908 - R:localhost/127.0.0.1:8083] Channel acquired, now 223 active connections and 78 inactive connections
15:53:16.604 [reactor-http-nio-48] DEBUG reactor.netty.http.client.HttpClientConnect - [id: 0xe73f3e74, L:/127.0.0.1:51908 - R:localhost/127.0.0.1:8083] Handler is being applied: {uri=http://localhost:8083/attractions, method=GET}
15:53:16.605 [reactor-http-nio-48] DEBUG reactor.netty.resources.PooledConnectionProvider - [id: 0xe73f3e74, L:/127.0.0.1:51908 - R:localhost/127.0.0.1:8083] onStateChange(GET{uri=/attractions, connection=PooledConnection{channel=[id: 0xe73f3e74, L:/127.0.0.1:51908 - R:localhost/127.0.0.1:8083]}}, [request_sent])
15:53:16.605 [pool-2-thread-199] INFO tourGuide.service.TourGuideService - visitedLocatio tourGuide.gpsUtil.VisitedLocation@5b7d29b3
15:53:16.606 [pool-2-thread-199] DEBUG org.springframework.web.reactive.function.client.ExchangeFunctions - [13189c11] HTTP GET http://localhost:8083/attractions
15:53:16.608 [reactor-http-nio-48] DEBUG reactor.netty.resources.PooledConnectionProvider - [id: 0xd41b941e, L:/127.0.0.1:51910 - R:localhost/127.0.0.1:8083] Channel acquired, now 224 active connections and 77 inactive connections
15:53:16.608 [reactor-http-nio-48] DEBUG reactor.netty.http.client.HttpClientConnect - [id: 0xd41b941e, L:/127.0.0.1:51910 - R:localhost/127.0.0.1:8083] Handler is being applied: {uri=http://localhost:8083/attractions, method=GET}
15:53:16.609 [reactor-http-nio-48] DEBUG reactor.netty.resources.PooledConnectionProvider - [id: 0xd41b941e, L:/127.0.0.1:51910 - R:localhost/127.0.0.1:8083] onStateChange(GET{uri=/attractions, connection=PooledConnection{channel=[id: 0xd41b941e, L:/127.0.0.1:51910 - R:localhost/127.0.0.1:8083]}}, [request_sent])
15:53:16.612 [pool-4-thread-20] DEBUG org.springframework.web.reactive.function.client.ExchangeFunctions - [69688dca] HTTP GET http://localhost:8084/attractionRewardPoint?attractionId=9c16d1fa-5c20-42d6-8808-816e756b3c80&userId=9a75c518-d7b6-4c88-8e09-d2005eb00025
15:53:16.614 [reactor-http-nio-41] DEBUG reactor.netty.resources.PooledConnectionProvider - [id: 0x3d7ce142] Created new pooled channel, now 19 active connections and 1 inactive connections
15:53:16.614 [reactor-http-nio-41] DEBUG reactor.netty.channel.BootstrapHandlers - [id: 0x3d7ce142] Initialized pipeline DefaultChannelPipeline{(BootstrapHandlers$BootstrapInitializerHandler#0 = reactor.netty.channel.BootstrapHandlers$BootstrapInitializerHandler), (SimpleChannelPool$1#0 = io.netty.channel.pool.SimpleChannelPool$1), (reactor.left.httpCodec = io.netty.handler.codec.http.HttpClientCodec), (reactor.left.decompressor = io.netty.handler.codec.http.HttpContentDecompressor), (reactor.right.reactiveBridge = reactor.netty.channel.ChannelOperationsHandler)}
15:53:16.618 [reactor-http-nio-41] DEBUG reactor.netty.resources.PooledConnectionProvider - [id: 0x3d7ce142, L:/127.0.0.1:52000 - R:localhost/127.0.0.1:8084] onStateChange(PooledConnection{channel=[id: 0x3d7ce142, L:/127.0.0.1:52000 - R:localhost/127.0.0.1:8084]}, [connected])
15:53:16.618 [reactor-http-nio-41] DEBUG reactor.netty.resources.PooledConnectionProvider - [id: 0x3d7ce142, L:/127.0.0.1:52000 - R:localhost/127.0.0.1:8084] onStateChange(GET{uri=/, connection=PooledConnection{channel=[id: 0x3d7ce142, L:/127.0.0.1:52000 - R:localhost/127.0.0.1:8084]}}, [configured])
15:53:16.620 [reactor-http-nio-41] DEBUG reactor.netty.resources.PooledConnectionProvider - [id: 0x3d7ce142, L:/127.0.0.1:52000 - R:localhost/127.0.0.1:8084] Registering pool release on close event for channel
15:53:16.620 [reactor-http-nio-41] DEBUG reactor.netty.http.client.HttpClientConnect - [id: 0x3d7ce142, L:/127.0.0.1:52000 - R:localhost/127.0.0.1:8084] Handler is being applied: {uri=http://localhost:8084/attractionRewardPoint?attractionId=9c16d1fa-5c20-42d6-8808-816e756b3c80&userId=9a75c518-d7b6-4c88-8e09-d2005eb00025, method=GET}
15:53:16.620 [reactor-http-nio-41] DEBUG reactor.netty.resources.PooledConnectionProvider - [id: 0x3d7ce142, L:/127.0.0.1:52000 - R:localhost/127.0.0.1:8084] onStateChange(GET{uri=/attractionRewardPoint?attractionId=9c16d1fa-5c20-42d6-8808-816e756b3c80&userId=9a75c518-d7b6-4c88-8e09-d2005eb00025, connection=PooledConnection{channel=[id: 0x3d7ce142, L:/127.0.0.1:52000 - R:localhost/127.0.0.1:8084]}}, [request_sent])
15:53:16.621 [reactor-http-nio-41] DEBUG reactor.netty.resources.PooledConnectionProvider - [id: 0x3d7ce142, L:/127.0.0.1:52000 - R:localhost/127.0.0.1:8084] Channel connected, now 20 active connections and 0 inactive connections
15:53:16.622 [reactor-http-nio-47] DEBUG reactor.netty.http.client.HttpClientOperations - [id: 0xcb5559ed, L:/127.0.0.1:51856 - R:localhost/127.0.0.1:8083] Received response (auto-read:false) : [Content-Type=application/json, Transfer-Encoding=chunked, Date=Wed, 15 Jun 2022 14:53:15 GMT]
15:53:16.622 [reactor-http-nio-47] DEBUG reactor.netty.resources.PooledConnectionProvider - [id: 0xcb5559ed, L:/127.0.0.1:51856 - R:localhost/127.0.0.1:8083] onStateChange(GET{uri=/userLocation?userId=a47d0356-018a-4ef4-9417-4fbbf3da3cb9, connection=PooledConnection{channel=[id: 0xcb5559ed, L:/127.0.0.1:51856 - R:localhost/127.0.0.1:8083]}}, [response_received])
15:53:16.622 [reactor-http-nio-47] DEBUG org.springframework.web.reactive.function.client.ExchangeFunctions - [5ca4ae75] Response 200 OK
15:53:16.622 [reactor-http-nio-47] DEBUG reactor.netty.channel.FluxReceive - [id: 0xcb5559ed, L:/127.0.0.1:51856 - R:localhost/127.0.0.1:8083] Subscribing inbound receiver [pending: 0, cancelled:false, inboundDone: false]
15:53:16.623 [reactor-http-nio-47] DEBUG reactor.netty.http.client.HttpClientOperations - [id: 0xcb5559ed, L:/127.0.0.1:51856 - R:localhost/127.0.0.1:8083] Received last HTTP packet
15:53:16.624 [reactor-http-nio-47] DEBUG org.springframework.core.codec.StringDecoder - [5ca4ae75] Decoded "{"userId":"a47d0356-018a-4ef4-9417-4fbbf3da3cb9","location":{"longitude":142.155903,"latitude":-52. (truncated)...
15:53:16.624 [reactor-http-nio-47] DEBUG reactor.netty.resources.PooledConnectionProvider - [id: 0xcb5559ed, L:/127.0.0.1:51856 - R:localhost/127.0.0.1:8083] onStateChange(GET{uri=/userLocation?userId=a47d0356-018a-4ef4-9417-4fbbf3da3cb9, connection=PooledConnection{channel=[id: 0xcb5559ed, L:/127.0.0.1:51856 - R:localhost/127.0.0.1:8083]}}, [disconnecting])
15:53:16.624 [reactor-http-nio-47] DEBUG reactor.netty.resources.PooledConnectionProvider - [id: 0xcb5559ed, L:/127.0.0.1:51856 - R:localhost/127.0.0.1:8083] Releasing channel
15:53:16.624 [reactor-http-nio-47] DEBUG reactor.netty.resources.PooledConnectionProvider - [id: 0xcb5559ed, L:/127.0.0.1:51856 - R:localhost/127.0.0.1:8083] Channel cleaned, now 223 active connections and 78 inactive connections
15:53:16.626 [reactor-http-nio-46] DEBUG reactor.netty.http.client.HttpClientOperations - [id: 0xf6b8ded2, L:/127.0.0.1:51955 - R:localhost/127.0.0.1:8083] Received response (auto-read:false) : [Content-Type=application/json, Transfer-Encoding=chunked, Date=Wed, 15 Jun 2022 14:53:15 GMT]
15:53:16.626 [reactor-http-nio-46] DEBUG reactor.netty.resources.PooledConnectionProvider - [id: 0xf6b8ded2, L:/127.0.0.1:51955 - R:localhost/127.0.0.1:8083] onStateChange(GET{uri=/attractions, connection=PooledConnection{channel=[id: 0xf6b8ded2, L:/127.0.0.1:51955 - R:localhost/127.0.0.1:8083]}}, [response_received])
15:53:16.626 [pool-5-thread-99] INFO tourGuide.service.TourGuideService - visitedLocatio tourGuide.gpsUtil.VisitedLocation@2ddd3120
15:53:16.626 [reactor-http-nio-46] DEBUG org.springframework.web.reactive.function.client.ExchangeFunctions - [41ffb4e0] Response 200 OK
15:53:16.626 [reactor-http-nio-46] DEBUG reactor.netty.channel.FluxReceive - [id: 0xf6b8ded2, L:/127.0.0.1:51955 - R:localhost/127.0.0.1:8083] Subscribing inbound receiver [pending: 0, cancelled:false, inboundDone: false]
15:53:16.626 [pool-5-thread-99] DEBUG org.springframework.web.reactive.function.client.ExchangeFunctions - [7db65b01] HTTP GET http://localhost:8083/attractions
15:53:16.626 [reactor-http-nio-46] DEBUG reactor.netty.http.client.HttpClientOperations - [id: 0xf6b8ded2, L:/127.0.0.1:51955 - R:localhost/127.0.0.1:8083] Received last HTTP packet
15:53:16.626 [reactor-http-nio-46] DEBUG org.springframework.core.codec.StringDecoder - [41ffb4e0] Decoded "[{"longitude":-117.922008,"latitude":33.817595,"attractionName":"Disneyland","city":"Anaheim","stat (truncated)...
15:53:16.626 [reactor-http-nio-46] DEBUG reactor.netty.resources.PooledConnectionProvider - [id: 0xf6b8ded2, L:/127.0.0.1:51955 - R:localhost/127.0.0.1:8083] onStateChange(GET{uri=/attractions, connection=PooledConnection{channel=[id: 0xf6b8ded2, L:/127.0.0.1:51955 - R:localhost/127.0.0.1:8083]}}, [disconnecting])
15:53:16.626 [reactor-http-nio-46] DEBUG reactor.netty.resources.PooledConnectionProvider - [id: 0xf6b8ded2, L:/127.0.0.1:51955 - R:localhost/127.0.0.1:8083] Releasing channel
15:53:16.626 [reactor-http-nio-46] DEBUG reactor.netty.resources.PooledConnectionProvider - [id: 0xf6b8ded2, L:/127.0.0.1:51955 - R:localhost/127.0.0.1:8083] Channel cleaned, now 222 active connections and 79 inactive connections
15:53:16.627 [reactor-http-nio-46] DEBUG reactor.netty.http.client.HttpClientOperations - [id: 0x7604c246, L:/127.0.0.1:51937 - R:localhost/127.0.0.1:8083] Received response (auto-read:false) : [Content-Type=application/json, Transfer-Encoding=chunked, Date=Wed, 15 Jun 2022 14:53:15 GMT]
15:53:16.627 [reactor-http-nio-46] DEBUG reactor.netty.resources.PooledConnectionProvider - [id: 0x7604c246, L:/127.0.0.1:51937 - R:localhost/127.0.0.1:8083] onStateChange(GET{uri=/userLocation?userId=8492c52b-b7d3-4bfb-93e5-296375e4cab8, connection=PooledConnection{channel=[id: 0x7604c246, L:/127.0.0.1:51937 - R:localhost/127.0.0.1:8083]}}, [response_received])
15:53:16.627 [reactor-http-nio-46] DEBUG org.springframework.web.reactive.function.client.ExchangeFunctions - [44ada37a] Response 200 OK
15:53:16.627 [reactor-http-nio-46] DEBUG reactor.netty.channel.FluxReceive - [id: 0x7604c246, L:/127.0.0.1:51937 - R:localhost/127.0.0.1:8083] Subscribing inbound receiver [pending: 0, cancelled:false, inboundDone: false]
15:53:16.627 [reactor-http-nio-46] DEBUG reactor.netty.http.client.HttpClientOperations - [id: 0x7604c246, L:/127.0.0.1:51937 - R:localhost/127.0.0.1:8083] Received last HTTP packet
15:53:16.628 [reactor-http-nio-46] DEBUG org.springframework.core.codec.StringDecoder - [44ada37a] Decoded "{"userId":"8492c52b-b7d3-4bfb-93e5-296375e4cab8","location":{"longitude":129.052282,"latitude":-56. (truncated)...
15:53:16.628 [reactor-http-nio-46] DEBUG reactor.netty.resources.PooledConnectionProvider - [id: 0x7604c246, L:/127.0.0.1:51937 - R:localhost/127.0.0.1:8083] onStateChange(GET{uri=/userLocation?userId=8492c52b-b7d3-4bfb-93e5-296375e4cab8, connection=PooledConnection{channel=[id: 0x7604c246, L:/127.0.0.1:51937 - R:localhost/127.0.0.1:8083]}}, [disconnecting])
15:53:16.628 [reactor-http-nio-46] DEBUG reactor.netty.resources.PooledConnectionProvider - [id: 0x7604c246, L:/127.0.0.1:51937 - R:localhost/127.0.0.1:8083] Releasing channel
15:53:16.628 [reactor-http-nio-46] DEBUG reactor.netty.resources.PooledConnectionProvider - [id: 0x7604c246, L:/127.0.0.1:51937 - R:localhost/127.0.0.1:8083] Channel cleaned, now 221 active connections and 80 inactive connections
15:53:16.629 [reactor-http-nio-48] DEBUG reactor.netty.resources.PooledConnectionProvider - [id: 0xc3839908, L:/127.0.0.1:51914 - R:localhost/127.0.0.1:8083] Channel acquired, now 222 active connections and 79 inactive connections
15:53:16.629 [reactor-http-nio-48] DEBUG reactor.netty.http.client.HttpClientConnect - [id: 0xc3839908, L:/127.0.0.1:51914 - R:localhost/127.0.0.1:8083] Handler is being applied: {uri=http://localhost:8083/attractions, method=GET}
15:53:16.629 [reactor-http-nio-48] DEBUG reactor.netty.resources.PooledConnectionProvider - [id: 0xc3839908, L:/127.0.0.1:51914 - R:localhost/127.0.0.1:8083] onStateChange(GET{uri=/attractions, connection=PooledConnection{channel=[id: 0xc3839908, L:/127.0.0.1:51914 - R:localhost/127.0.0.1:8083]}}, [request_sent])
15:53:16.630 [pool-2-thread-16] INFO tourGuide.service.TourGuideService - visitedLocatio tourGuide.gpsUtil.VisitedLocation@65e52152
15:53:16.631 [pool-2-thread-16] DEBUG org.springframework.web.reactive.function.client.ExchangeFunctions - [65bf560e] HTTP GET http://localhost:8083/attractions
15:53:16.633 [reactor-http-nio-48] DEBUG reactor.netty.resources.PooledConnectionProvider - [id: 0x5b6b68d9, L:/127.0.0.1:51924 - R:localhost/127.0.0.1:8083] Channel acquired, now 223 active connections and 78 inactive connections
15:53:16.634 [reactor-http-nio-48] DEBUG reactor.netty.http.client.HttpClientConnect - [id: 0x5b6b68d9, L:/127.0.0.1:51924 - R:localhost/127.0.0.1:8083] Handler is being applied: {uri=http://localhost:8083/attractions, method=GET}
15:53:16.634 [reactor-http-nio-48] DEBUG reactor.netty.resources.PooledConnectionProvider - [id: 0x5b6b68d9, L:/127.0.0.1:51924 - R:localhost/127.0.0.1:8083] onStateChange(GET{uri=/attractions, connection=PooledConnection{channel=[id: 0x5b6b68d9, L:/127.0.0.1:51924 - R:localhost/127.0.0.1:8083]}}, [request_sent])
15:53:16.635 [reactor-http-nio-48] DEBUG reactor.netty.http.client.HttpClientOperations - [id: 0x81d5694b, L:/127.0.0.1:51900 - R:localhost/127.0.0.1:8083] Received last HTTP packet
15:53:16.635 [reactor-http-nio-48] DEBUG org.springframework.core.codec.StringDecoder - [15ffe1de] Decoded "{"userId":"a975f90b-de9b-474f-b837-80fbda4e7d46","location":{"longitude":98.12276,"latitude":-13.22 (truncated)...
15:53:16.635 [reactor-http-nio-48] DEBUG reactor.netty.resources.PooledConnectionProvider - [id: 0x81d5694b, L:/127.0.0.1:51900 - R:localhost/127.0.0.1:8083] onStateChange(GET{uri=/userLocation?userId=a975f90b-de9b-474f-b837-80fbda4e7d46, connection=PooledConnection{channel=[id: 0x81d5694b, L:/127.0.0.1:51900 - R:localhost/127.0.0.1:8083]}}, [disconnecting])
15:53:16.635 [reactor-http-nio-48] DEBUG reactor.netty.resources.PooledConnectionProvider - [id: 0x81d5694b, L:/127.0.0.1:51900 - R:localhost/127.0.0.1:8083] Releasing channel
15:53:16.635 [reactor-http-nio-48] DEBUG reactor.netty.resources.PooledConnectionProvider - [id: 0x81d5694b, L:/127.0.0.1:51900 - R:localhost/127.0.0.1:8083] Channel cleaned, now 222 active connections and 79 inactive connections
15:53:16.635 [reactor-http-nio-47] DEBUG reactor.netty.http.client.HttpClientOperations - [id: 0x53e3235d, L:/127.0.0.1:51903 - R:localhost/127.0.0.1:8083] Received last HTTP packet
15:53:16.635 [reactor-http-nio-47] DEBUG org.springframework.core.codec.StringDecoder - [13cdffb9] Decoded "{"userId":"88c2cb3b-3227-44c2-8f6f-29264039dcf5","location":{"longitude":-69.652305,"latitude":9.01 (truncated)...
15:53:16.635 [reactor-http-nio-47] DEBUG reactor.netty.resources.PooledConnectionProvider - [id: 0x53e3235d, L:/127.0.0.1:51903 - R:localhost/127.0.0.1:8083] onStateChange(GET{uri=/userLocation?userId=88c2cb3b-3227-44c2-8f6f-29264039dcf5, connection=PooledConnection{channel=[id: 0x53e3235d, L:/127.0.0.1:51903 - R:localhost/127.0.0.1:8083]}}, [disconnecting])
15:53:16.635 [reactor-http-nio-47] DEBUG reactor.netty.resources.PooledConnectionProvider - [id: 0x53e3235d, L:/127.0.0.1:51903 - R:localhost/127.0.0.1:8083] Releasing channel
15:53:16.635 [reactor-http-nio-47] DEBUG reactor.netty.resources.PooledConnectionProvider - [id: 0x53e3235d, L:/127.0.0.1:51903 - R:localhost/127.0.0.1:8083] Channel cleaned, now 221 active connections and 80 inactive connections
15:53:16.637 [pool-5-thread-26] INFO tourGuide.service.TourGuideService - visitedLocatio tourGuide.gpsUtil.VisitedLocation@6b95af22
15:53:16.637 [pool-5-thread-26] DEBUG org.springframework.web.reactive.function.client.ExchangeFunctions - [48640a04] HTTP GET http://localhost:8083/attractions
15:53:16.639 [reactor-http-nio-48] DEBUG reactor.netty.resources.PooledConnectionProvider - [id: 0xeab7fac6, L:/127.0.0.1:51926 - R:localhost/127.0.0.1:8083] Channel acquired, now 222 active connections and 79 inactive connections
15:53:16.639 [reactor-http-nio-48] DEBUG reactor.netty.http.client.HttpClientConnect - [id: 0xeab7fac6, L:/127.0.0.1:51926 - R:localhost/127.0.0.1:8083] Handler is being applied: {uri=http://localhost:8083/attractions, method=GET}
15:53:16.639 [reactor-http-nio-48] DEBUG reactor.netty.resources.PooledConnectionProvider - [id: 0xeab7fac6, L:/127.0.0.1:51926 - R:localhost/127.0.0.1:8083] onStateChange(GET{uri=/attractions, connection=PooledConnection{channel=[id: 0xeab7fac6, L:/127.0.0.1:51926 - R:localhost/127.0.0.1:8083]}}, [request_sent])
15:53:16.640 [pool-5-thread-62] INFO tourGuide.service.TourGuideService - visitedLocatio tourGuide.gpsUtil.VisitedLocation@36e08ceb
15:53:16.641 [pool-5-thread-62] DEBUG org.springframework.web.reactive.function.client.ExchangeFunctions - [1c103629] HTTP GET http://localhost:8083/attractions
15:53:16.643 [reactor-http-nio-48] DEBUG reactor.netty.resources.PooledConnectionProvider - [id: 0x83b452e2, L:/127.0.0.1:51932 - R:localhost/127.0.0.1:8083] Channel acquired, now 223 active connections and 78 inactive connections
15:53:16.643 [reactor-http-nio-48] DEBUG reactor.netty.http.client.HttpClientConnect - [id: 0x83b452e2, L:/127.0.0.1:51932 - R:localhost/127.0.0.1:8083] Handler is being applied: {uri=http://localhost:8083/attractions, method=GET}
15:53:16.643 [reactor-http-nio-48] DEBUG reactor.netty.resources.PooledConnectionProvider - [id: 0x83b452e2, L:/127.0.0.1:51932 - R:localhost/127.0.0.1:8083] onStateChange(GET{uri=/attractions, connection=PooledConnection{channel=[id: 0x83b452e2, L:/127.0.0.1:51932 - R:localhost/127.0.0.1:8083]}}, [request_sent])
15:53:16.644 [reactor-http-nio-41] DEBUG reactor.netty.http.client.HttpClientOperations - [id: 0xaec00cf3, L:/127.0.0.1:51929 - R:localhost/127.0.0.1:8083] Received last HTTP packet
15:53:16.644 [reactor-http-nio-48] DEBUG reactor.netty.http.client.HttpClientOperations - [id: 0x95b5a580, L:/127.0.0.1:51906 - R:localhost/127.0.0.1:8083] Received response (auto-read:false) : [Content-Type=application/json, Transfer-Encoding=chunked, Date=Wed, 15 Jun 2022 14:53:15 GMT]
15:53:16.644 [reactor-http-nio-48] DEBUG reactor.netty.resources.PooledConnectionProvider - [id: 0x95b5a580, L:/127.0.0.1:51906 - R:localhost/127.0.0.1:8083] onStateChange(GET{uri=/userLocation?userId=5735eaef-6d4f-43eb-908b-ff5341a2a20a, connection=PooledConnection{channel=[id: 0x95b5a580, L:/127.0.0.1:51906 - R:localhost/127.0.0.1:8083]}}, [response_received])
15:53:16.645 [reactor-http-nio-48] DEBUG org.springframework.web.reactive.function.client.ExchangeFunctions - [7fec351c] Response 200 OK
15:53:16.645 [reactor-http-nio-48] DEBUG reactor.netty.channel.FluxReceive - [id: 0x95b5a580, L:/127.0.0.1:51906 - R:localhost/127.0.0.1:8083] Subscribing inbound receiver [pending: 0, cancelled:false, inboundDone: false]
15:53:16.644 [reactor-http-nio-41] DEBUG org.springframework.core.codec.StringDecoder - [16a37122] Decoded "{"userId":"f20b15b7-f7b3-4f6f-b563-e0ff81c3f6e2","location":{"longitude":-29.535788,"latitude":29.3 (truncated)...
15:53:16.645 [reactor-http-nio-41] DEBUG reactor.netty.resources.PooledConnectionProvider - [id: 0xaec00cf3, L:/127.0.0.1:51929 - R:localhost/127.0.0.1:8083] onStateChange(GET{uri=/userLocation?userId=f20b15b7-f7b3-4f6f-b563-e0ff81c3f6e2, connection=PooledConnection{channel=[id: 0xaec00cf3, L:/127.0.0.1:51929 - R:localhost/127.0.0.1:8083]}}, [disconnecting])
15:53:16.645 [reactor-http-nio-41] DEBUG reactor.netty.resources.PooledConnectionProvider - [id: 0xaec00cf3, L:/127.0.0.1:51929 - R:localhost/127.0.0.1:8083] Releasing channel
15:53:16.645 [reactor-http-nio-41] DEBUG reactor.netty.resources.PooledConnectionProvider - [id: 0xaec00cf3, L:/127.0.0.1:51929 - R:localhost/127.0.0.1:8083] Channel cleaned, now 222 active connections and 79 inactive connections
15:53:16.645 [reactor-http-nio-48] DEBUG reactor.netty.http.client.HttpClientOperations - [id: 0x95b5a580, L:/127.0.0.1:51906 - R:localhost/127.0.0.1:8083] Received last HTTP packet
15:53:16.645 [reactor-http-nio-48] DEBUG org.springframework.core.codec.StringDecoder - [7fec351c] Decoded "{"userId":"5735eaef-6d4f-43eb-908b-ff5341a2a20a","location":{"longitude":49.261173,"latitude":69.31 (truncated)...
15:53:16.645 [reactor-http-nio-48] DEBUG reactor.netty.resources.PooledConnectionProvider - [id: 0x95b5a580, L:/127.0.0.1:51906 - R:localhost/127.0.0.1:8083] onStateChange(GET{uri=/userLocation?userId=5735eaef-6d4f-43eb-908b-ff5341a2a20a, connection=PooledConnection{channel=[id: 0x95b5a580, L:/127.0.0.1:51906 - R:localhost/127.0.0.1:8083]}}, [disconnecting])
15:53:16.645 [reactor-http-nio-48] DEBUG reactor.netty.resources.PooledConnectionProvider - [id: 0x95b5a580, L:/127.0.0.1:51906 - R:localhost/127.0.0.1:8083] Releasing channel
15:53:16.645 [reactor-http-nio-48] DEBUG reactor.netty.resources.PooledConnectionProvider - [id: 0x95b5a580, L:/127.0.0.1:51906 - R:localhost/127.0.0.1:8083] Channel cleaned, now 221 active connections and 80 inactive connections
15:53:16.647 [pool-2-thread-186] INFO tourGuide.service.TourGuideService - visitedLocatio tourGuide.gpsUtil.VisitedLocation@68ca7861
15:53:16.648 [pool-2-thread-186] DEBUG org.springframework.web.reactive.function.client.ExchangeFunctions - [2c0776a0] HTTP GET http://localhost:8083/attractions
15:53:16.650 [reactor-http-nio-48] DEBUG reactor.netty.resources.PooledConnectionProvider - [id: 0xf56f4e45, L:/127.0.0.1:51950 - R:localhost/127.0.0.1:8083] Channel acquired, now 222 active connections and 79 inactive connections
15:53:16.650 [reactor-http-nio-48] DEBUG reactor.netty.http.client.HttpClientConnect - [id: 0xf56f4e45, L:/127.0.0.1:51950 - R:localhost/127.0.0.1:8083] Handler is being applied: {uri=http://localhost:8083/attractions, method=GET}
15:53:16.651 [reactor-http-nio-48] DEBUG reactor.netty.resources.PooledConnectionProvider - [id: 0xf56f4e45, L:/127.0.0.1:51950 - R:localhost/127.0.0.1:8083] onStateChange(GET{uri=/attractions, connection=PooledConnection{channel=[id: 0xf56f4e45, L:/127.0.0.1:51950 - R:localhost/127.0.0.1:8083]}}, [request_sent])
15:53:16.651 [pool-2-thread-144] INFO tourGuide.service.TourGuideService - visitedLocatio tourGuide.gpsUtil.VisitedLocation@6961e264
15:53:16.652 [pool-2-thread-144] DEBUG org.springframework.web.reactive.function.client.ExchangeFunctions - [5efec068] HTTP GET http://localhost:8083/attractions
15:53:16.654 [reactor-http-nio-48] DEBUG reactor.netty.resources.PooledConnectionProvider - [id: 0xbe2aba3e, L:/127.0.0.1:51951 - R:localhost/127.0.0.1:8083] Channel acquired, now 223 active connections and 78 inactive connections
15:53:16.654 [reactor-http-nio-48] DEBUG reactor.netty.http.client.HttpClientConnect - [id: 0xbe2aba3e, L:/127.0.0.1:51951 - R:localhost/127.0.0.1:8083] Handler is being applied: {uri=http://localhost:8083/attractions, method=GET}
15:53:16.654 [reactor-http-nio-46] DEBUG reactor.netty.http.client.HttpClientOperations - [id: 0x9443a469, L:/127.0.0.1:51952 - R:localhost/127.0.0.1:8083] Received response (auto-read:false) : [Content-Type=application/json, Transfer-Encoding=chunked, Date=Wed, 15 Jun 2022 14:53:15 GMT]
15:53:16.654 [reactor-http-nio-46] DEBUG reactor.netty.resources.PooledConnectionProvider - [id: 0x9443a469, L:/127.0.0.1:51952 - R:localhost/127.0.0.1:8083] onStateChange(GET{uri=/userLocation?userId=13e3d617-c848-411f-b435-d04ad599b9b5, connection=PooledConnection{channel=[id: 0x9443a469, L:/127.0.0.1:51952 - R:localhost/127.0.0.1:8083]}}, [response_received])
15:53:16.655 [reactor-http-nio-46] DEBUG org.springframework.web.reactive.function.client.ExchangeFunctions - [381016fa] Response 200 OK
15:53:16.655 [reactor-http-nio-46] DEBUG reactor.netty.channel.FluxReceive - [id: 0x9443a469, L:/127.0.0.1:51952 - R:localhost/127.0.0.1:8083] Subscribing inbound receiver [pending: 0, cancelled:false, inboundDone: false]
15:53:16.655 [reactor-http-nio-46] DEBUG reactor.netty.http.client.HttpClientOperations - [id: 0x9443a469, L:/127.0.0.1:51952 - R:localhost/127.0.0.1:8083] Received last HTTP packet
15:53:16.655 [reactor-http-nio-46] DEBUG org.springframework.core.codec.StringDecoder - [381016fa] Decoded "{"userId":"13e3d617-c848-411f-b435-d04ad599b9b5","location":{"longitude":-27.979724,"latitude":-48. (truncated)...
15:53:16.655 [reactor-http-nio-46] DEBUG reactor.netty.resources.PooledConnectionProvider - [id: 0x9443a469, L:/127.0.0.1:51952 - R:localhost/127.0.0.1:8083] onStateChange(GET{uri=/userLocation?userId=13e3d617-c848-411f-b435-d04ad599b9b5, connection=PooledConnection{channel=[id: 0x9443a469, L:/127.0.0.1:51952 - R:localhost/127.0.0.1:8083]}}, [disconnecting])
15:53:16.655 [reactor-http-nio-46] DEBUG reactor.netty.resources.PooledConnectionProvider - [id: 0x9443a469, L:/127.0.0.1:51952 - R:localhost/127.0.0.1:8083] Releasing channel
15:53:16.655 [reactor-http-nio-46] DEBUG reactor.netty.resources.PooledConnectionProvider - [id: 0x9443a469, L:/127.0.0.1:51952 - R:localhost/127.0.0.1:8083] Channel cleaned, now 222 active connections and 79 inactive connections
15:53:16.656 [reactor-http-nio-46] DEBUG reactor.netty.http.client.HttpClientOperations - [id: 0xca7f278b, L:/127.0.0.1:51829 - R:localhost/127.0.0.1:8083] Received response (auto-read:false) : [Content-Type=application/json, Transfer-Encoding=chunked, Date=Wed, 15 Jun 2022 14:53:15 GMT]
15:53:16.656 [reactor-http-nio-46] DEBUG reactor.netty.resources.PooledConnectionProvider - [id: 0xca7f278b, L:/127.0.0.1:51829 - R:localhost/127.0.0.1:8083] onStateChange(GET{uri=/attractions, connection=PooledConnection{channel=[id: 0xca7f278b, L:/127.0.0.1:51829 - R:localhost/127.0.0.1:8083]}}, [response_received])
15:53:16.656 [reactor-http-nio-46] DEBUG org.springframework.web.reactive.function.client.ExchangeFunctions - [7992d17d] Response 200 OK
15:53:16.656 [reactor-http-nio-46] DEBUG reactor.netty.channel.FluxReceive - [id: 0xca7f278b, L:/127.0.0.1:51829 - R:localhost/127.0.0.1:8083] Subscribing inbound receiver [pending: 0, cancelled:false, inboundDone: false]
15:53:16.656 [reactor-http-nio-48] DEBUG reactor.netty.resources.PooledConnectionProvider - [id: 0xbe2aba3e, L:/127.0.0.1:51951 - R:localhost/127.0.0.1:8083] onStateChange(GET{uri=/attractions, connection=PooledConnection{channel=[id: 0xbe2aba3e, L:/127.0.0.1:51951 - R:localhost/127.0.0.1:8083]}}, [request_sent])
15:53:16.656 [reactor-http-nio-46] DEBUG reactor.netty.http.client.HttpClientOperations - [id: 0xca7f278b, L:/127.0.0.1:51829 - R:localhost/127.0.0.1:8083] Received last HTTP packet
15:53:16.654 [reactor-http-nio-47] DEBUG reactor.netty.http.client.HttpClientOperations - [id: 0x6caa1951, L:/127.0.0.1:51695 - R:localhost/127.0.0.1:8083] Received response (auto-read:false) : [Content-Type=application/json, Transfer-Encoding=chunked, Date=Wed, 15 Jun 2022 14:53:15 GMT]
15:53:16.656 [reactor-http-nio-47] DEBUG reactor.netty.resources.PooledConnectionProvider - [id: 0x6caa1951, L:/127.0.0.1:51695 - R:localhost/127.0.0.1:8083] onStateChange(GET{uri=/attractions, connection=PooledConnection{channel=[id: 0x6caa1951, L:/127.0.0.1:51695 - R:localhost/127.0.0.1:8083]}}, [response_received])
15:53:16.656 [reactor-http-nio-47] DEBUG org.springframework.web.reactive.function.client.ExchangeFunctions - [199ef5b2] Response 200 OK
15:53:16.656 [reactor-http-nio-46] DEBUG org.springframework.core.codec.StringDecoder - [7992d17d] Decoded "[{"longitude":-117.922008,"latitude":33.817595,"attractionName":"Disneyland","city":"Anaheim","stat (truncated)...
15:53:16.657 [reactor-http-nio-46] DEBUG reactor.netty.resources.PooledConnectionProvider - [id: 0xca7f278b, L:/127.0.0.1:51829 - R:localhost/127.0.0.1:8083] onStateChange(GET{uri=/attractions, connection=PooledConnection{channel=[id: 0xca7f278b, L:/127.0.0.1:51829 - R:localhost/127.0.0.1:8083]}}, [disconnecting])
15:53:16.657 [reactor-http-nio-46] DEBUG reactor.netty.resources.PooledConnectionProvider - [id: 0xca7f278b, L:/127.0.0.1:51829 - R:localhost/127.0.0.1:8083] Releasing channel
15:53:16.657 [reactor-http-nio-46] DEBUG reactor.netty.resources.PooledConnectionProvider - [id: 0xca7f278b, L:/127.0.0.1:51829 - R:localhost/127.0.0.1:8083] Channel cleaned, now 221 active connections and 80 inactive connections
15:53:16.657 [reactor-http-nio-47] DEBUG reactor.netty.channel.FluxReceive - [id: 0x6caa1951, L:/127.0.0.1:51695 - R:localhost/127.0.0.1:8083] Subscribing inbound receiver [pending: 0, cancelled:false, inboundDone: false]
15:53:16.657 [reactor-http-nio-46] DEBUG reactor.netty.http.client.HttpClientOperations - [id: 0xe5282f4b, L:/127.0.0.1:51960 - R:localhost/127.0.0.1:8083] Received response (auto-read:false) : [Content-Type=application/json, Transfer-Encoding=chunked, Date=Wed, 15 Jun 2022 14:53:15 GMT]
15:53:16.657 [reactor-http-nio-47] DEBUG reactor.netty.http.client.HttpClientOperations - [id: 0x6caa1951, L:/127.0.0.1:51695 - R:localhost/127.0.0.1:8083] Received last HTTP packet
15:53:16.657 [reactor-http-nio-46] DEBUG reactor.netty.resources.PooledConnectionProvider - [id: 0xe5282f4b, L:/127.0.0.1:51960 - R:localhost/127.0.0.1:8083] onStateChange(GET{uri=/userLocation?userId=1601e45f-583a-43b8-a122-3f7ea5a829ad, connection=PooledConnection{channel=[id: 0xe5282f4b, L:/127.0.0.1:51960 - R:localhost/127.0.0.1:8083]}}, [response_received])
15:53:16.657 [reactor-http-nio-48] DEBUG reactor.netty.http.client.HttpClientOperations - [id: 0x735db106, L:/127.0.0.1:51888 - R:localhost/127.0.0.1:8083] Received response (auto-read:false) : [Content-Type=application/json, Transfer-Encoding=chunked, Date=Wed, 15 Jun 2022 14:53:15 GMT]
15:53:16.657 [reactor-http-nio-48] DEBUG reactor.netty.resources.PooledConnectionProvider - [id: 0x735db106, L:/127.0.0.1:51888 - R:localhost/127.0.0.1:8083] onStateChange(GET{uri=/userLocation?userId=5ae50876-0f88-4653-8652-0711d4c15c82, connection=PooledConnection{channel=[id: 0x735db106, L:/127.0.0.1:51888 - R:localhost/127.0.0.1:8083]}}, [response_received])
15:53:16.657 [reactor-http-nio-46] DEBUG org.springframework.web.reactive.function.client.ExchangeFunctions - [6cd0e99] Response 200 OK
15:53:16.657 [reactor-http-nio-48] DEBUG org.springframework.web.reactive.function.client.ExchangeFunctions - [6e2c2eaa] Response 200 OK
15:53:16.657 [reactor-http-nio-47] DEBUG org.springframework.core.codec.StringDecoder - [199ef5b2] Decoded "[{"longitude":-117.922008,"latitude":33.817595,"attractionName":"Disneyland","city":"Anaheim","stat (truncated)...
15:53:16.657 [reactor-http-nio-47] DEBUG reactor.netty.resources.PooledConnectionProvider - [id: 0x6caa1951, L:/127.0.0.1:51695 - R:localhost/127.0.0.1:8083] onStateChange(GET{uri=/attractions, connection=PooledConnection{channel=[id: 0x6caa1951, L:/127.0.0.1:51695 - R:localhost/127.0.0.1:8083]}}, [disconnecting])
15:53:16.657 [reactor-http-nio-47] DEBUG reactor.netty.resources.PooledConnectionProvider - [id: 0x6caa1951, L:/127.0.0.1:51695 - R:localhost/127.0.0.1:8083] Releasing channel
15:53:16.657 [reactor-http-nio-47] DEBUG reactor.netty.resources.PooledConnectionProvider - [id: 0x6caa1951, L:/127.0.0.1:51695 - R:localhost/127.0.0.1:8083] Channel cleaned, now 220 active connections and 81 inactive connections
15:53:16.657 [reactor-http-nio-48] DEBUG reactor.netty.channel.FluxReceive - [id: 0x735db106, L:/127.0.0.1:51888 - R:localhost/127.0.0.1:8083] Subscribing inbound receiver [pending: 0, cancelled:false, inboundDone: false]
15:53:16.657 [reactor-http-nio-47] DEBUG reactor.netty.http.client.HttpClientOperations - [id: 0x0c88f8fd, L:/127.0.0.1:51848 - R:localhost/127.0.0.1:8083] Received response (auto-read:false) : [Content-Type=application/json, Transfer-Encoding=chunked, Date=Wed, 15 Jun 2022 14:53:15 GMT]
15:53:16.658 [reactor-http-nio-48] DEBUG reactor.netty.http.client.HttpClientOperations - [id: 0x735db106, L:/127.0.0.1:51888 - R:localhost/127.0.0.1:8083] Received last HTTP packet
15:53:16.658 [reactor-http-nio-47] DEBUG reactor.netty.resources.PooledConnectionProvider - [id: 0x0c88f8fd, L:/127.0.0.1:51848 - R:localhost/127.0.0.1:8083] onStateChange(GET{uri=/attractions, connection=PooledConnection{channel=[id: 0x0c88f8fd, L:/127.0.0.1:51848 - R:localhost/127.0.0.1:8083]}}, [response_received])
15:53:16.658 [reactor-http-nio-48] DEBUG org.springframework.core.codec.StringDecoder - [6e2c2eaa] Decoded "{"userId":"5ae50876-0f88-4653-8652-0711d4c15c82","location":{"longitude":-178.841261,"latitude":64. (truncated)...
15:53:16.658 [reactor-http-nio-47] DEBUG org.springframework.web.reactive.function.client.ExchangeFunctions - [53c6f910] Response 200 OK
15:53:16.658 [reactor-http-nio-46] DEBUG reactor.netty.channel.FluxReceive - [id: 0xe5282f4b, L:/127.0.0.1:51960 - R:localhost/127.0.0.1:8083] Subscribing inbound receiver [pending: 0, cancelled:false, inboundDone: false]
15:53:16.658 [reactor-http-nio-48] DEBUG reactor.netty.resources.PooledConnectionProvider - [id: 0x735db106, L:/127.0.0.1:51888 - R:localhost/127.0.0.1:8083] onStateChange(GET{uri=/userLocation?userId=5ae50876-0f88-4653-8652-0711d4c15c82, connection=PooledConnection{channel=[id: 0x735db106, L:/127.0.0.1:51888 - R:localhost/127.0.0.1:8083]}}, [disconnecting])
15:53:16.658 [reactor-http-nio-48] DEBUG reactor.netty.resources.PooledConnectionProvider - [id: 0x735db106, L:/127.0.0.1:51888 - R:localhost/127.0.0.1:8083] Releasing channel
15:53:16.658 [reactor-http-nio-48] DEBUG reactor.netty.resources.PooledConnectionProvider - [id: 0x735db106, L:/127.0.0.1:51888 - R:localhost/127.0.0.1:8083] Channel cleaned, now 219 active connections and 82 inactive connections
15:53:16.658 [reactor-http-nio-46] DEBUG reactor.netty.http.client.HttpClientOperations - [id: 0xe5282f4b, L:/127.0.0.1:51960 - R:localhost/127.0.0.1:8083] Received last HTTP packet
15:53:16.658 [reactor-http-nio-47] DEBUG reactor.netty.channel.FluxReceive - [id: 0x0c88f8fd, L:/127.0.0.1:51848 - R:localhost/127.0.0.1:8083] Subscribing inbound receiver [pending: 0, cancelled:false, inboundDone: false]
15:53:16.658 [reactor-http-nio-48] DEBUG reactor.netty.http.client.HttpClientOperations - [id: 0x068de3e1, L:/127.0.0.1:51918 - R:localhost/127.0.0.1:8083] Received response (auto-read:false) : [Content-Type=application/json, Transfer-Encoding=chunked, Date=Wed, 15 Jun 2022 14:53:15 GMT]
15:53:16.658 [reactor-http-nio-47] DEBUG reactor.netty.http.client.HttpClientOperations - [id: 0x0c88f8fd, L:/127.0.0.1:51848 - R:localhost/127.0.0.1:8083] Received last HTTP packet
15:53:16.658 [reactor-http-nio-48] DEBUG reactor.netty.resources.PooledConnectionProvider - [id: 0x068de3e1, L:/127.0.0.1:51918 - R:localhost/127.0.0.1:8083] onStateChange(GET{uri=/userLocation?userId=36d31ffd-69ff-47a4-a141-7cfc9495185e, connection=PooledConnection{channel=[id: 0x068de3e1, L:/127.0.0.1:51918 - R:localhost/127.0.0.1:8083]}}, [response_received])
15:53:16.658 [reactor-http-nio-48] DEBUG org.springframework.web.reactive.function.client.ExchangeFunctions - [6bf5035] Response 200 OK
15:53:16.658 [reactor-http-nio-46] DEBUG org.springframework.core.codec.StringDecoder - [6cd0e99] Decoded "{"userId":"1601e45f-583a-43b8-a122-3f7ea5a829ad","location":{"longitude":102.060914,"latitude":55.1 (truncated)...
15:53:16.658 [reactor-http-nio-46] DEBUG reactor.netty.resources.PooledConnectionProvider - [id: 0xe5282f4b, L:/127.0.0.1:51960 - R:localhost/127.0.0.1:8083] onStateChange(GET{uri=/userLocation?userId=1601e45f-583a-43b8-a122-3f7ea5a829ad, connection=PooledConnection{channel=[id: 0xe5282f4b, L:/127.0.0.1:51960 - R:localhost/127.0.0.1:8083]}}, [disconnecting])
15:53:16.658 [reactor-http-nio-46] DEBUG reactor.netty.resources.PooledConnectionProvider - [id: 0xe5282f4b, L:/127.0.0.1:51960 - R:localhost/127.0.0.1:8083] Releasing channel
15:53:16.658 [reactor-http-nio-47] DEBUG org.springframework.core.codec.StringDecoder - [53c6f910] Decoded "[{"longitude":-117.922008,"latitude":33.817595,"attractionName":"Disneyland","city":"Anaheim","stat (truncated)...
15:53:16.658 [reactor-http-nio-46] DEBUG reactor.netty.resources.PooledConnectionProvider - [id: 0xe5282f4b, L:/127.0.0.1:51960 - R:localhost/127.0.0.1:8083] Channel cleaned, now 218 active connections and 83 inactive connections
15:53:16.658 [reactor-http-nio-47] DEBUG reactor.netty.resources.PooledConnectionProvider - [id: 0x0c88f8fd, L:/127.0.0.1:51848 - R:localhost/127.0.0.1:8083] onStateChange(GET{uri=/attractions, connection=PooledConnection{channel=[id: 0x0c88f8fd, L:/127.0.0.1:51848 - R:localhost/127.0.0.1:8083]}}, [disconnecting])
15:53:16.658 [reactor-http-nio-47] DEBUG reactor.netty.resources.PooledConnectionProvider - [id: 0x0c88f8fd, L:/127.0.0.1:51848 - R:localhost/127.0.0.1:8083] Releasing channel
15:53:16.658 [reactor-http-nio-47] DEBUG reactor.netty.resources.PooledConnectionProvider - [id: 0x0c88f8fd, L:/127.0.0.1:51848 - R:localhost/127.0.0.1:8083] Channel cleaned, now 217 active connections and 84 inactive connections
15:53:16.659 [reactor-http-nio-47] DEBUG reactor.netty.http.client.HttpClientOperations - [id: 0xa7d8e8a3, L:/127.0.0.1:51682 - R:localhost/127.0.0.1:8083] Received response (auto-read:false) : [Content-Type=application/json, Transfer-Encoding=chunked, Date=Wed, 15 Jun 2022 14:53:15 GMT]
15:53:16.659 [reactor-http-nio-47] DEBUG reactor.netty.resources.PooledConnectionProvider - [id: 0xa7d8e8a3, L:/127.0.0.1:51682 - R:localhost/127.0.0.1:8083] onStateChange(GET{uri=/attractions, connection=PooledConnection{channel=[id: 0xa7d8e8a3, L:/127.0.0.1:51682 - R:localhost/127.0.0.1:8083]}}, [response_received])
15:53:16.659 [reactor-http-nio-47] DEBUG org.springframework.web.reactive.function.client.ExchangeFunctions - [7f2bc16a] Response 200 OK
15:53:16.659 [reactor-http-nio-47] DEBUG reactor.netty.channel.FluxReceive - [id: 0xa7d8e8a3, L:/127.0.0.1:51682 - R:localhost/127.0.0.1:8083] Subscribing inbound receiver [pending: 0, cancelled:false, inboundDone: false]
15:53:16.659 [pool-5-thread-3] INFO tourGuide.service.TourGuideService - visitedLocatio tourGuide.gpsUtil.VisitedLocation@8582d50
15:53:16.660 [pool-5-thread-3] DEBUG org.springframework.web.reactive.function.client.ExchangeFunctions - [1902e38e] HTTP GET http://localhost:8083/attractions
15:53:16.661 [pool-5-thread-60] INFO tourGuide.service.TourGuideService - visitedLocatio tourGuide.gpsUtil.VisitedLocation@692d4fc6
15:53:16.661 [pool-5-thread-60] DEBUG org.springframework.web.reactive.function.client.ExchangeFunctions - [4f3edbde] HTTP GET http://localhost:8083/attractions
15:53:16.658 [reactor-http-nio-48] DEBUG reactor.netty.channel.FluxReceive - [id: 0x068de3e1, L:/127.0.0.1:51918 - R:localhost/127.0.0.1:8083] Subscribing inbound receiver [pending: 0, cancelled:false, inboundDone: false]
15:53:16.659 [reactor-http-nio-47] DEBUG reactor.netty.http.client.HttpClientOperations - [id: 0xa7d8e8a3, L:/127.0.0.1:51682 - R:localhost/127.0.0.1:8083] Received last HTTP packet
15:53:16.663 [reactor-http-nio-48] DEBUG reactor.netty.http.client.HttpClientOperations - [id: 0x068de3e1, L:/127.0.0.1:51918 - R:localhost/127.0.0.1:8083] Received last HTTP packet
15:53:16.663 [reactor-http-nio-47] DEBUG org.springframework.core.codec.StringDecoder - [7f2bc16a] Decoded "[{"longitude":-117.922008,"latitude":33.817595,"attractionName":"Disneyland","city":"Anaheim","stat (truncated)...
15:53:16.663 [reactor-http-nio-47] DEBUG reactor.netty.resources.PooledConnectionProvider - [id: 0xa7d8e8a3, L:/127.0.0.1:51682 - R:localhost/127.0.0.1:8083] onStateChange(GET{uri=/attractions, connection=PooledConnection{channel=[id: 0xa7d8e8a3, L:/127.0.0.1:51682 - R:localhost/127.0.0.1:8083]}}, [disconnecting])
15:53:16.663 [reactor-http-nio-47] DEBUG reactor.netty.resources.PooledConnectionProvider - [id: 0xa7d8e8a3, L:/127.0.0.1:51682 - R:localhost/127.0.0.1:8083] Releasing channel
15:53:16.663 [reactor-http-nio-47] DEBUG reactor.netty.resources.PooledConnectionProvider - [id: 0xa7d8e8a3, L:/127.0.0.1:51682 - R:localhost/127.0.0.1:8083] Channel cleaned, now 216 active connections and 85 inactive connections
15:53:16.663 [reactor-http-nio-47] DEBUG reactor.netty.http.client.HttpClientOperations - [id: 0x58b4f0a0, L:/127.0.0.1:51858 - R:localhost/127.0.0.1:8083] Received response (auto-read:false) : [Content-Type=application/json, Transfer-Encoding=chunked, Date=Wed, 15 Jun 2022 14:53:15 GMT]
15:53:16.664 [reactor-http-nio-47] DEBUG reactor.netty.resources.PooledConnectionProvider - [id: 0x58b4f0a0, L:/127.0.0.1:51858 - R:localhost/127.0.0.1:8083] onStateChange(GET{uri=/userLocation?userId=659fcc0d-e941-4475-9648-9f56f400c4c7, connection=PooledConnection{channel=[id: 0x58b4f0a0, L:/127.0.0.1:51858 - R:localhost/127.0.0.1:8083]}}, [response_received])
15:53:16.664 [reactor-http-nio-47] DEBUG org.springframework.web.reactive.function.client.ExchangeFunctions - [367ef707] Response 200 OK
15:53:16.664 [reactor-http-nio-47] DEBUG reactor.netty.channel.FluxReceive - [id: 0x58b4f0a0, L:/127.0.0.1:51858 - R:localhost/127.0.0.1:8083] Subscribing inbound receiver [pending: 0, cancelled:false, inboundDone: false]
15:53:16.664 [reactor-http-nio-47] DEBUG reactor.netty.http.client.HttpClientOperations - [id: 0x58b4f0a0, L:/127.0.0.1:51858 - R:localhost/127.0.0.1:8083] Received last HTTP packet
15:53:16.664 [reactor-http-nio-47] DEBUG org.springframework.core.codec.StringDecoder - [367ef707] Decoded "{"userId":"659fcc0d-e941-4475-9648-9f56f400c4c7","location":{"longitude":88.829493,"latitude":37.97 (truncated)...
15:53:16.664 [reactor-http-nio-47] DEBUG reactor.netty.resources.PooledConnectionProvider - [id: 0x58b4f0a0, L:/127.0.0.1:51858 - R:localhost/127.0.0.1:8083] onStateChange(GET{uri=/userLocation?userId=659fcc0d-e941-4475-9648-9f56f400c4c7, connection=PooledConnection{channel=[id: 0x58b4f0a0, L:/127.0.0.1:51858 - R:localhost/127.0.0.1:8083]}}, [disconnecting])
15:53:16.664 [reactor-http-nio-47] DEBUG reactor.netty.resources.PooledConnectionProvider - [id: 0x58b4f0a0, L:/127.0.0.1:51858 - R:localhost/127.0.0.1:8083] Releasing channel
15:53:16.664 [reactor-http-nio-47] DEBUG reactor.netty.resources.PooledConnectionProvider - [id: 0x58b4f0a0, L:/127.0.0.1:51858 - R:localhost/127.0.0.1:8083] Channel cleaned, now 215 active connections and 86 inactive connections
15:53:16.665 [reactor-http-nio-47] DEBUG reactor.netty.http.client.HttpClientOperations - [id: 0xe4eaf4b8, L:/127.0.0.1:51868 - R:localhost/127.0.0.1:8083] Received response (auto-read:false) : [Content-Type=application/json, Transfer-Encoding=chunked, Date=Wed, 15 Jun 2022 14:53:15 GMT]
15:53:16.665 [reactor-http-nio-47] DEBUG reactor.netty.resources.PooledConnectionProvider - [id: 0xe4eaf4b8, L:/127.0.0.1:51868 - R:localhost/127.0.0.1:8083] onStateChange(GET{uri=/userLocation?userId=4a48e687-99d4-4fe1-b601-16f3ff739de7, connection=PooledConnection{channel=[id: 0xe4eaf4b8, L:/127.0.0.1:51868 - R:localhost/127.0.0.1:8083]}}, [response_received])
15:53:16.665 [pool-2-thread-92] INFO tourGuide.service.TourGuideService - visitedLocatio tourGuide.gpsUtil.VisitedLocation@604d3652
15:53:16.665 [reactor-http-nio-47] DEBUG org.springframework.web.reactive.function.client.ExchangeFunctions - [e8e5b82] Response 200 OK
15:53:16.665 [reactor-http-nio-47] DEBUG reactor.netty.channel.FluxReceive - [id: 0xe4eaf4b8, L:/127.0.0.1:51868 - R:localhost/127.0.0.1:8083] Subscribing inbound receiver [pending: 0, cancelled:false, inboundDone: false]
15:53:16.665 [reactor-http-nio-47] DEBUG reactor.netty.http.client.HttpClientOperations - [id: 0xe4eaf4b8, L:/127.0.0.1:51868 - R:localhost/127.0.0.1:8083] Received last HTTP packet
15:53:16.665 [pool-2-thread-92] DEBUG org.springframework.web.reactive.function.client.ExchangeFunctions - [27dffbed] HTTP GET http://localhost:8083/attractions
15:53:16.665 [reactor-http-nio-47] DEBUG org.springframework.core.codec.StringDecoder - [e8e5b82] Decoded "{"userId":"4a48e687-99d4-4fe1-b601-16f3ff739de7","location":{"longitude":-33.926154,"latitude":63.7 (truncated)...
15:53:16.665 [reactor-http-nio-47] DEBUG reactor.netty.resources.PooledConnectionProvider - [id: 0xe4eaf4b8, L:/127.0.0.1:51868 - R:localhost/127.0.0.1:8083] onStateChange(GET{uri=/userLocation?userId=4a48e687-99d4-4fe1-b601-16f3ff739de7, connection=PooledConnection{channel=[id: 0xe4eaf4b8, L:/127.0.0.1:51868 - R:localhost/127.0.0.1:8083]}}, [disconnecting])
15:53:16.665 [reactor-http-nio-47] DEBUG reactor.netty.resources.PooledConnectionProvider - [id: 0xe4eaf4b8, L:/127.0.0.1:51868 - R:localhost/127.0.0.1:8083] Releasing channel
15:53:16.665 [reactor-http-nio-47] DEBUG reactor.netty.resources.PooledConnectionProvider - [id: 0xe4eaf4b8, L:/127.0.0.1:51868 - R:localhost/127.0.0.1:8083] Channel cleaned, now 214 active connections and 87 inactive connections
15:53:16.666 [reactor-http-nio-47] DEBUG reactor.netty.http.client.HttpClientOperations - [id: 0xfd464294, L:/127.0.0.1:51869 - R:localhost/127.0.0.1:8083] Received response (auto-read:false) : [Content-Type=application/json, Transfer-Encoding=chunked, Date=Wed, 15 Jun 2022 14:53:15 GMT]
15:53:16.666 [reactor-http-nio-47] DEBUG reactor.netty.resources.PooledConnectionProvider - [id: 0xfd464294, L:/127.0.0.1:51869 - R:localhost/127.0.0.1:8083] onStateChange(GET{uri=/userLocation?userId=c39f9f22-3515-479b-a8c4-57e28ba7abfb, connection=PooledConnection{channel=[id: 0xfd464294, L:/127.0.0.1:51869 - R:localhost/127.0.0.1:8083]}}, [response_received])
15:53:16.666 [reactor-http-nio-47] DEBUG org.springframework.web.reactive.function.client.ExchangeFunctions - [320a9ef7] Response 200 OK
15:53:16.666 [reactor-http-nio-47] DEBUG reactor.netty.channel.FluxReceive - [id: 0xfd464294, L:/127.0.0.1:51869 - R:localhost/127.0.0.1:8083] Subscribing inbound receiver [pending: 0, cancelled:false, inboundDone: false]
15:53:16.666 [reactor-http-nio-47] DEBUG reactor.netty.http.client.HttpClientOperations - [id: 0xfd464294, L:/127.0.0.1:51869 - R:localhost/127.0.0.1:8083] Received last HTTP packet
15:53:16.666 [reactor-http-nio-47] DEBUG org.springframework.core.codec.StringDecoder - [320a9ef7] Decoded "{"userId":"c39f9f22-3515-479b-a8c4-57e28ba7abfb","location":{"longitude":127.376225,"latitude":78.1 (truncated)...
15:53:16.666 [reactor-http-nio-47] DEBUG reactor.netty.resources.PooledConnectionProvider - [id: 0xfd464294, L:/127.0.0.1:51869 - R:localhost/127.0.0.1:8083] onStateChange(GET{uri=/userLocation?userId=c39f9f22-3515-479b-a8c4-57e28ba7abfb, connection=PooledConnection{channel=[id: 0xfd464294, L:/127.0.0.1:51869 - R:localhost/127.0.0.1:8083]}}, [disconnecting])
15:53:16.666 [reactor-http-nio-47] DEBUG reactor.netty.resources.PooledConnectionProvider - [id: 0xfd464294, L:/127.0.0.1:51869 - R:localhost/127.0.0.1:8083] Releasing channel
15:53:16.666 [reactor-http-nio-47] DEBUG reactor.netty.resources.PooledConnectionProvider - [id: 0xfd464294, L:/127.0.0.1:51869 - R:localhost/127.0.0.1:8083] Channel cleaned, now 213 active connections and 88 inactive connections
15:53:16.663 [reactor-http-nio-48] DEBUG org.springframework.core.codec.StringDecoder - [6bf5035] Decoded "{"userId":"36d31ffd-69ff-47a4-a141-7cfc9495185e","location":{"longitude":171.576184,"latitude":20.2 (truncated)...
15:53:16.667 [reactor-http-nio-48] DEBUG reactor.netty.resources.PooledConnectionProvider - [id: 0x068de3e1, L:/127.0.0.1:51918 - R:localhost/127.0.0.1:8083] onStateChange(GET{uri=/userLocation?userId=36d31ffd-69ff-47a4-a141-7cfc9495185e, connection=PooledConnection{channel=[id: 0x068de3e1, L:/127.0.0.1:51918 - R:localhost/127.0.0.1:8083]}}, [disconnecting])
15:53:16.667 [reactor-http-nio-48] DEBUG reactor.netty.resources.PooledConnectionProvider - [id: 0x068de3e1, L:/127.0.0.1:51918 - R:localhost/127.0.0.1:8083] Releasing channel
15:53:16.667 [pool-2-thread-134] INFO tourGuide.service.TourGuideService - visitedLocatio tourGuide.gpsUtil.VisitedLocation@3fea182f
15:53:16.667 [reactor-http-nio-48] DEBUG reactor.netty.resources.PooledConnectionProvider - [id: 0x068de3e1, L:/127.0.0.1:51918 - R:localhost/127.0.0.1:8083] Channel cleaned, now 212 active connections and 89 inactive connections
15:53:16.667 [pool-2-thread-134] DEBUG org.springframework.web.reactive.function.client.ExchangeFunctions - [38a8bb16] HTTP GET http://localhost:8083/attractions
15:53:16.668 [pool-2-thread-14] INFO tourGuide.service.TourGuideService - visitedLocatio tourGuide.gpsUtil.VisitedLocation@7f2eaab7
15:53:16.668 [pool-2-thread-14] DEBUG org.springframework.web.reactive.function.client.ExchangeFunctions - [176c0273] HTTP GET http://localhost:8083/attractions
15:53:16.668 [reactor-http-nio-47] DEBUG reactor.netty.resources.PooledConnectionProvider - [id: 0x6bded64c, L:/127.0.0.1:51850 - R:localhost/127.0.0.1:8083] Channel acquired, now 213 active connections and 88 inactive connections
15:53:16.668 [reactor-http-nio-47] DEBUG reactor.netty.http.client.HttpClientConnect - [id: 0x6bded64c, L:/127.0.0.1:51850 - R:localhost/127.0.0.1:8083] Handler is being applied: {uri=http://localhost:8083/attractions, method=GET}
15:53:16.669 [reactor-http-nio-47] DEBUG reactor.netty.resources.PooledConnectionProvider - [id: 0x6bded64c, L:/127.0.0.1:51850 - R:localhost/127.0.0.1:8083] onStateChange(GET{uri=/attractions, connection=PooledConnection{channel=[id: 0x6bded64c, L:/127.0.0.1:51850 - R:localhost/127.0.0.1:8083]}}, [request_sent])
15:53:16.670 [reactor-http-nio-48] DEBUG reactor.netty.http.client.HttpClientOperations - [id: 0xa9b4c53d, L:/127.0.0.1:51920 - R:localhost/127.0.0.1:8083] Received response (auto-read:false) : [Content-Type=application/json, Transfer-Encoding=chunked, Date=Wed, 15 Jun 2022 14:53:15 GMT]
15:53:16.670 [reactor-http-nio-48] DEBUG reactor.netty.resources.PooledConnectionProvider - [id: 0xa9b4c53d, L:/127.0.0.1:51920 - R:localhost/127.0.0.1:8083] onStateChange(GET{uri=/userLocation?userId=66f18ee4-1d6b-4491-8adf-0552e490ad0c, connection=PooledConnection{channel=[id: 0xa9b4c53d, L:/127.0.0.1:51920 - R:localhost/127.0.0.1:8083]}}, [response_received])
15:53:16.670 [reactor-http-nio-48] DEBUG org.springframework.web.reactive.function.client.ExchangeFunctions - [6f50ad0f] Response 200 OK
15:53:16.670 [reactor-http-nio-48] DEBUG reactor.netty.channel.FluxReceive - [id: 0xa9b4c53d, L:/127.0.0.1:51920 - R:localhost/127.0.0.1:8083] Subscribing inbound receiver [pending: 0, cancelled:false, inboundDone: false]
15:53:16.670 [pool-2-thread-35] INFO tourGuide.service.TourGuideService - visitedLocatio tourGuide.gpsUtil.VisitedLocation@2913810e
15:53:16.670 [reactor-http-nio-48] DEBUG reactor.netty.http.client.HttpClientOperations - [id: 0xa9b4c53d, L:/127.0.0.1:51920 - R:localhost/127.0.0.1:8083] Received last HTTP packet
15:53:16.670 [reactor-http-nio-48] DEBUG org.springframework.core.codec.StringDecoder - [6f50ad0f] Decoded "{"userId":"66f18ee4-1d6b-4491-8adf-0552e490ad0c","location":{"longitude":117.55727,"latitude":34.56 (truncated)...
15:53:16.671 [reactor-http-nio-48] DEBUG reactor.netty.resources.PooledConnectionProvider - [id: 0xa9b4c53d, L:/127.0.0.1:51920 - R:localhost/127.0.0.1:8083] onStateChange(GET{uri=/userLocation?userId=66f18ee4-1d6b-4491-8adf-0552e490ad0c, connection=PooledConnection{channel=[id: 0xa9b4c53d, L:/127.0.0.1:51920 - R:localhost/127.0.0.1:8083]}}, [disconnecting])
15:53:16.671 [reactor-http-nio-48] DEBUG reactor.netty.resources.PooledConnectionProvider - [id: 0xa9b4c53d, L:/127.0.0.1:51920 - R:localhost/127.0.0.1:8083] Releasing channel
15:53:16.671 [reactor-http-nio-48] DEBUG reactor.netty.resources.PooledConnectionProvider - [id: 0xa9b4c53d, L:/127.0.0.1:51920 - R:localhost/127.0.0.1:8083] Channel cleaned, now 212 active connections and 89 inactive connections
15:53:16.671 [pool-2-thread-35] DEBUG org.springframework.web.reactive.function.client.ExchangeFunctions - [7b328d3a] HTTP GET http://localhost:8083/attractions
15:53:16.671 [reactor-http-nio-48] DEBUG reactor.netty.http.client.HttpClientOperations - [id: 0x7a76d748, L:/127.0.0.1:51959 - R:localhost/127.0.0.1:8083] Received response (auto-read:false) : [Content-Type=application/json, Transfer-Encoding=chunked, Date=Wed, 15 Jun 2022 14:53:15 GMT]
15:53:16.671 [reactor-http-nio-48] DEBUG reactor.netty.resources.PooledConnectionProvider - [id: 0x7a76d748, L:/127.0.0.1:51959 - R:localhost/127.0.0.1:8083] onStateChange(GET{uri=/userLocation?userId=b32eea6e-4a09-4df8-82c0-d80e9412bdd8, connection=PooledConnection{channel=[id: 0x7a76d748, L:/127.0.0.1:51959 - R:localhost/127.0.0.1:8083]}}, [response_received])
15:53:16.671 [reactor-http-nio-48] DEBUG org.springframework.web.reactive.function.client.ExchangeFunctions - [127a8b36] Response 200 OK
15:53:16.671 [reactor-http-nio-48] DEBUG reactor.netty.channel.FluxReceive - [id: 0x7a76d748, L:/127.0.0.1:51959 - R:localhost/127.0.0.1:8083] Subscribing inbound receiver [pending: 0, cancelled:false, inboundDone: false]
15:53:16.672 [reactor-http-nio-48] DEBUG reactor.netty.http.client.HttpClientOperations - [id: 0xce6ce1c7, L:/127.0.0.1:51962 - R:localhost/127.0.0.1:8083] Received last HTTP packet
15:53:16.672 [reactor-http-nio-48] DEBUG org.springframework.core.codec.StringDecoder - [66070c2b] Decoded "{"userId":"f1a54c71-142b-4534-9113-5f5f1ae30e36","location":{"longitude":-87.318452,"latitude":8.68 (truncated)...
15:53:16.672 [reactor-http-nio-48] DEBUG reactor.netty.resources.PooledConnectionProvider - [id: 0xce6ce1c7, L:/127.0.0.1:51962 - R:localhost/127.0.0.1:8083] onStateChange(GET{uri=/userLocation?userId=f1a54c71-142b-4534-9113-5f5f1ae30e36, connection=PooledConnection{channel=[id: 0xce6ce1c7, L:/127.0.0.1:51962 - R:localhost/127.0.0.1:8083]}}, [disconnecting])
15:53:16.672 [reactor-http-nio-48] DEBUG reactor.netty.resources.PooledConnectionProvider - [id: 0xce6ce1c7, L:/127.0.0.1:51962 - R:localhost/127.0.0.1:8083] Releasing channel
15:53:16.672 [reactor-http-nio-48] DEBUG reactor.netty.resources.PooledConnectionProvider - [id: 0xce6ce1c7, L:/127.0.0.1:51962 - R:localhost/127.0.0.1:8083] Channel cleaned, now 211 active connections and 90 inactive connections
15:53:16.672 [reactor-http-nio-48] DEBUG reactor.netty.http.client.HttpClientOperations - [id: 0x6c9d2faf, L:/127.0.0.1:51972 - R:localhost/127.0.0.1:8083] Received last HTTP packet
15:53:16.672 [reactor-http-nio-48] DEBUG org.springframework.core.codec.StringDecoder - [7f7040e7] Decoded "{"userId":"659fcc0d-e941-4475-9648-9f56f400c4c7","location":{"longitude":-40.369837,"latitude":-63. (truncated)...
15:53:16.672 [reactor-http-nio-48] DEBUG reactor.netty.resources.PooledConnectionProvider - [id: 0x6c9d2faf, L:/127.0.0.1:51972 - R:localhost/127.0.0.1:8083] onStateChange(GET{uri=/userLocation?userId=659fcc0d-e941-4475-9648-9f56f400c4c7, connection=PooledConnection{channel=[id: 0x6c9d2faf, L:/127.0.0.1:51972 - R:localhost/127.0.0.1:8083]}}, [disconnecting])
15:53:16.672 [reactor-http-nio-48] DEBUG reactor.netty.resources.PooledConnectionProvider - [id: 0x6c9d2faf, L:/127.0.0.1:51972 - R:localhost/127.0.0.1:8083] Releasing channel
15:53:16.672 [reactor-http-nio-48] DEBUG reactor.netty.resources.PooledConnectionProvider - [id: 0x6c9d2faf, L:/127.0.0.1:51972 - R:localhost/127.0.0.1:8083] Channel cleaned, now 210 active connections and 91 inactive connections
15:53:16.672 [reactor-http-nio-48] DEBUG reactor.netty.resources.PooledConnectionProvider - [id: 0xa3c72883, L:/127.0.0.1:51976 - R:localhost/127.0.0.1:8083] Channel acquired, now 211 active connections and 90 inactive connections
15:53:16.672 [reactor-http-nio-48] DEBUG reactor.netty.http.client.HttpClientConnect - [id: 0xa3c72883, L:/127.0.0.1:51976 - R:localhost/127.0.0.1:8083] Handler is being applied: {uri=http://localhost:8083/attractions, method=GET}
15:53:16.673 [reactor-http-nio-48] DEBUG reactor.netty.resources.PooledConnectionProvider - [id: 0xa3c72883, L:/127.0.0.1:51976 - R:localhost/127.0.0.1:8083] onStateChange(GET{uri=/attractions, connection=PooledConnection{channel=[id: 0xa3c72883, L:/127.0.0.1:51976 - R:localhost/127.0.0.1:8083]}}, [request_sent])
15:53:16.675 [reactor-http-nio-48] DEBUG reactor.netty.resources.PooledConnectionProvider - [id: 0xc9744fd6, L:/127.0.0.1:51978 - R:localhost/127.0.0.1:8083] Channel acquired, now 212 active connections and 89 inactive connections
15:53:16.675 [reactor-http-nio-48] DEBUG reactor.netty.http.client.HttpClientConnect - [id: 0xc9744fd6, L:/127.0.0.1:51978 - R:localhost/127.0.0.1:8083] Handler is being applied: {uri=http://localhost:8083/attractions, method=GET}
15:53:16.675 [reactor-http-nio-41] DEBUG reactor.netty.resources.PooledConnectionProvider - [id: 0xb1945a60, L:/127.0.0.1:51727 - R:localhost/127.0.0.1:8083] Channel acquired, now 213 active connections and 88 inactive connections
15:53:16.675 [reactor-http-nio-41] DEBUG reactor.netty.http.client.HttpClientConnect - [id: 0xb1945a60, L:/127.0.0.1:51727 - R:localhost/127.0.0.1:8083] Handler is being applied: {uri=http://localhost:8083/attractions, method=GET}
15:53:16.676 [reactor-http-nio-48] DEBUG reactor.netty.resources.PooledConnectionProvider - [id: 0xc9744fd6, L:/127.0.0.1:51978 - R:localhost/127.0.0.1:8083] onStateChange(GET{uri=/attractions, connection=PooledConnection{channel=[id: 0xc9744fd6, L:/127.0.0.1:51978 - R:localhost/127.0.0.1:8083]}}, [request_sent])
15:53:16.676 [reactor-http-nio-48] DEBUG reactor.netty.resources.PooledConnectionProvider - [id: 0xbf312382, L:/127.0.0.1:51979 - R:localhost/127.0.0.1:8083] Channel acquired, now 214 active connections and 87 inactive connections
15:53:16.676 [reactor-http-nio-48] DEBUG reactor.netty.http.client.HttpClientConnect - [id: 0xbf312382, L:/127.0.0.1:51979 - R:localhost/127.0.0.1:8083] Handler is being applied: {uri=http://localhost:8083/attractions, method=GET}
15:53:16.676 [reactor-http-nio-41] DEBUG reactor.netty.resources.PooledConnectionProvider - [id: 0xb1945a60, L:/127.0.0.1:51727 - R:localhost/127.0.0.1:8083] onStateChange(GET{uri=/attractions, connection=PooledConnection{channel=[id: 0xb1945a60, L:/127.0.0.1:51727 - R:localhost/127.0.0.1:8083]}}, [request_sent])
15:53:16.676 [reactor-http-nio-48] DEBUG reactor.netty.resources.PooledConnectionProvider - [id: 0xbf312382, L:/127.0.0.1:51979 - R:localhost/127.0.0.1:8083] onStateChange(GET{uri=/attractions, connection=PooledConnection{channel=[id: 0xbf312382, L:/127.0.0.1:51979 - R:localhost/127.0.0.1:8083]}}, [request_sent])
15:53:16.676 [reactor-http-nio-48] DEBUG reactor.netty.resources.PooledConnectionProvider - [id: 0x342e84c9, L:/127.0.0.1:51892 - R:localhost/127.0.0.1:8083] Channel acquired, now 215 active connections and 86 inactive connections
15:53:16.677 [reactor-http-nio-48] DEBUG reactor.netty.http.client.HttpClientConnect - [id: 0x342e84c9, L:/127.0.0.1:51892 - R:localhost/127.0.0.1:8083] Handler is being applied: {uri=http://localhost:8083/attractions, method=GET}
15:53:16.678 [reactor-http-nio-48] DEBUG reactor.netty.resources.PooledConnectionProvider - [id: 0x342e84c9, L:/127.0.0.1:51892 - R:localhost/127.0.0.1:8083] onStateChange(GET{uri=/attractions, connection=PooledConnection{channel=[id: 0x342e84c9, L:/127.0.0.1:51892 - R:localhost/127.0.0.1:8083]}}, [request_sent])
15:53:16.678 [pool-2-thread-56] INFO tourGuide.service.TourGuideService - visitedLocatio tourGuide.gpsUtil.VisitedLocation@72aac330
15:53:16.678 [pool-2-thread-56] DEBUG org.springframework.web.reactive.function.client.ExchangeFunctions - [27ada541] HTTP GET http://localhost:8083/attractions
15:53:16.678 [pool-2-thread-164] INFO tourGuide.service.TourGuideService - visitedLocatio tourGuide.gpsUtil.VisitedLocation@dd51af2
15:53:16.679 [pool-2-thread-164] DEBUG org.springframework.web.reactive.function.client.ExchangeFunctions - [4e42587b] HTTP GET http://localhost:8083/attractions
15:53:16.681 [reactor-http-nio-47] DEBUG reactor.netty.resources.PooledConnectionProvider - [id: 0xb2eb3594, L:/127.0.0.1:51873 - R:localhost/127.0.0.1:8083] Channel acquired, now 216 active connections and 85 inactive connections
15:53:16.681 [reactor-http-nio-47] DEBUG reactor.netty.http.client.HttpClientConnect - [id: 0xb2eb3594, L:/127.0.0.1:51873 - R:localhost/127.0.0.1:8083] Handler is being applied: {uri=http://localhost:8083/attractions, method=GET}
15:53:16.681 [reactor-http-nio-48] DEBUG reactor.netty.resources.PooledConnectionProvider - [id: 0xcaa282b1, L:/127.0.0.1:51876 - R:localhost/127.0.0.1:8083] Channel acquired, now 217 active connections and 84 inactive connections
15:53:16.681 [reactor-http-nio-48] DEBUG reactor.netty.http.client.HttpClientConnect - [id: 0xcaa282b1, L:/127.0.0.1:51876 - R:localhost/127.0.0.1:8083] Handler is being applied: {uri=http://localhost:8083/attractions, method=GET}
15:53:16.681 [reactor-http-nio-48] DEBUG reactor.netty.resources.PooledConnectionProvider - [id: 0xcaa282b1, L:/127.0.0.1:51876 - R:localhost/127.0.0.1:8083] onStateChange(GET{uri=/attractions, connection=PooledConnection{channel=[id: 0xcaa282b1, L:/127.0.0.1:51876 - R:localhost/127.0.0.1:8083]}}, [request_sent])
15:53:16.681 [reactor-http-nio-47] DEBUG reactor.netty.resources.PooledConnectionProvider - [id: 0xb2eb3594, L:/127.0.0.1:51873 - R:localhost/127.0.0.1:8083] onStateChange(GET{uri=/attractions, connection=PooledConnection{channel=[id: 0xb2eb3594, L:/127.0.0.1:51873 - R:localhost/127.0.0.1:8083]}}, [request_sent])
15:53:16.682 [pool-2-thread-180] INFO tourGuide.service.TourGuideService - visitedLocatio tourGuide.gpsUtil.VisitedLocation@3ba01575
15:53:16.682 [pool-2-thread-180] DEBUG org.springframework.web.reactive.function.client.ExchangeFunctions - [46e7c557] HTTP GET http://localhost:8083/attractions
15:53:16.683 [reactor-http-nio-48] DEBUG reactor.netty.resources.PooledConnectionProvider - [id: 0x7de42074, L:/127.0.0.1:51875 - R:localhost/127.0.0.1:8083] Channel acquired, now 218 active connections and 83 inactive connections
15:53:16.683 [reactor-http-nio-48] DEBUG reactor.netty.http.client.HttpClientConnect - [id: 0x7de42074, L:/127.0.0.1:51875 - R:localhost/127.0.0.1:8083] Handler is being applied: {uri=http://localhost:8083/attractions, method=GET}
15:53:16.683 [pool-2-thread-98] INFO tourGuide.service.TourGuideService - visitedLocatio tourGuide.gpsUtil.VisitedLocation@5a5d3e22
15:53:16.684 [reactor-http-nio-48] DEBUG reactor.netty.resources.PooledConnectionProvider - [id: 0x7de42074, L:/127.0.0.1:51875 - R:localhost/127.0.0.1:8083] onStateChange(GET{uri=/attractions, connection=PooledConnection{channel=[id: 0x7de42074, L:/127.0.0.1:51875 - R:localhost/127.0.0.1:8083]}}, [request_sent])
15:53:16.684 [pool-2-thread-98] DEBUG org.springframework.web.reactive.function.client.ExchangeFunctions - [405c87f7] HTTP GET http://localhost:8083/attractions
15:53:16.685 [reactor-http-nio-46] DEBUG reactor.netty.http.client.HttpClientOperations - [id: 0xd4e50150, L:/127.0.0.1:51945 - R:localhost/127.0.0.1:8083] Received response (auto-read:false) : [Content-Type=application/json, Transfer-Encoding=chunked, Date=Wed, 15 Jun 2022 14:53:15 GMT]
15:53:16.685 [reactor-http-nio-46] DEBUG reactor.netty.resources.PooledConnectionProvider - [id: 0xd4e50150, L:/127.0.0.1:51945 - R:localhost/127.0.0.1:8083] onStateChange(GET{uri=/userLocation?userId=89c6ee3b-0398-4be6-b43c-8c24d6e60369, connection=PooledConnection{channel=[id: 0xd4e50150, L:/127.0.0.1:51945 - R:localhost/127.0.0.1:8083]}}, [response_received])
15:53:16.685 [reactor-http-nio-46] DEBUG org.springframework.web.reactive.function.client.ExchangeFunctions - [640798b7] Response 200 OK
15:53:16.686 [reactor-http-nio-46] DEBUG reactor.netty.channel.FluxReceive - [id: 0xd4e50150, L:/127.0.0.1:51945 - R:localhost/127.0.0.1:8083] Subscribing inbound receiver [pending: 0, cancelled:false, inboundDone: false]
15:53:16.686 [reactor-http-nio-48] DEBUG reactor.netty.http.client.HttpClientOperations - [id: 0x023af947, L:/127.0.0.1:51706 - R:localhost/127.0.0.1:8083] Received response (auto-read:false) : [Content-Type=application/json, Transfer-Encoding=chunked, Date=Wed, 15 Jun 2022 14:53:15 GMT]
15:53:16.686 [reactor-http-nio-48] DEBUG reactor.netty.resources.PooledConnectionProvider - [id: 0x023af947, L:/127.0.0.1:51706 - R:localhost/127.0.0.1:8083] onStateChange(GET{uri=/attractions, connection=PooledConnection{channel=[id: 0x023af947, L:/127.0.0.1:51706 - R:localhost/127.0.0.1:8083]}}, [response_received])
15:53:16.686 [reactor-http-nio-46] DEBUG reactor.netty.http.client.HttpClientOperations - [id: 0xd4e50150, L:/127.0.0.1:51945 - R:localhost/127.0.0.1:8083] Received last HTTP packet
15:53:16.686 [reactor-http-nio-48] DEBUG org.springframework.web.reactive.function.client.ExchangeFunctions - [2b0a50e0] Response 200 OK
15:53:16.686 [reactor-http-nio-46] DEBUG org.springframework.core.codec.StringDecoder - [640798b7] Decoded "{"userId":"89c6ee3b-0398-4be6-b43c-8c24d6e60369","location":{"longitude":-143.028743,"latitude":68. (truncated)...
15:53:16.686 [reactor-http-nio-46] DEBUG reactor.netty.resources.PooledConnectionProvider - [id: 0xd4e50150, L:/127.0.0.1:51945 - R:localhost/127.0.0.1:8083] onStateChange(GET{uri=/userLocation?userId=89c6ee3b-0398-4be6-b43c-8c24d6e60369, connection=PooledConnection{channel=[id: 0xd4e50150, L:/127.0.0.1:51945 - R:localhost/127.0.0.1:8083]}}, [disconnecting])
15:53:16.686 [reactor-http-nio-46] DEBUG reactor.netty.resources.PooledConnectionProvider - [id: 0xd4e50150, L:/127.0.0.1:51945 - R:localhost/127.0.0.1:8083] Releasing channel
15:53:16.686 [reactor-http-nio-46] DEBUG reactor.netty.resources.PooledConnectionProvider - [id: 0xd4e50150, L:/127.0.0.1:51945 - R:localhost/127.0.0.1:8083] Channel cleaned, now 217 active connections and 84 inactive connections
15:53:16.686 [reactor-http-nio-48] DEBUG reactor.netty.channel.FluxReceive - [id: 0x023af947, L:/127.0.0.1:51706 - R:localhost/127.0.0.1:8083] Subscribing inbound receiver [pending: 0, cancelled:false, inboundDone: false]
15:53:16.686 [reactor-http-nio-48] DEBUG reactor.netty.http.client.HttpClientOperations - [id: 0x7a76d748, L:/127.0.0.1:51959 - R:localhost/127.0.0.1:8083] Received last HTTP packet
15:53:16.686 [reactor-http-nio-48] DEBUG org.springframework.core.codec.StringDecoder - [127a8b36] Decoded "{"userId":"b32eea6e-4a09-4df8-82c0-d80e9412bdd8","location":{"longitude":169.769055,"latitude":-64. (truncated)...
15:53:16.686 [reactor-http-nio-48] DEBUG reactor.netty.resources.PooledConnectionProvider - [id: 0x7a76d748, L:/127.0.0.1:51959 - R:localhost/127.0.0.1:8083] onStateChange(GET{uri=/userLocation?userId=b32eea6e-4a09-4df8-82c0-d80e9412bdd8, connection=PooledConnection{channel=[id: 0x7a76d748, L:/127.0.0.1:51959 - R:localhost/127.0.0.1:8083]}}, [disconnecting])
15:53:16.687 [reactor-http-nio-48] DEBUG reactor.netty.resources.PooledConnectionProvider - [id: 0x7a76d748, L:/127.0.0.1:51959 - R:localhost/127.0.0.1:8083] Releasing channel
15:53:16.687 [reactor-http-nio-48] DEBUG reactor.netty.resources.PooledConnectionProvider - [id: 0x7a76d748, L:/127.0.0.1:51959 - R:localhost/127.0.0.1:8083] Channel cleaned, now 216 active connections and 85 inactive connections
15:53:16.687 [reactor-http-nio-48] DEBUG reactor.netty.resources.PooledConnectionProvider - [id: 0xfc3bf400, L:/127.0.0.1:51944 - R:localhost/127.0.0.1:8083] Channel acquired, now 217 active connections and 84 inactive connections
15:53:16.687 [reactor-http-nio-48] DEBUG reactor.netty.http.client.HttpClientConnect - [id: 0xfc3bf400, L:/127.0.0.1:51944 - R:localhost/127.0.0.1:8083] Handler is being applied: {uri=http://localhost:8083/attractions, method=GET}
15:53:16.687 [reactor-http-nio-48] DEBUG reactor.netty.resources.PooledConnectionProvider - [id: 0xfc3bf400, L:/127.0.0.1:51944 - R:localhost/127.0.0.1:8083] onStateChange(GET{uri=/attractions, connection=PooledConnection{channel=[id: 0xfc3bf400, L:/127.0.0.1:51944 - R:localhost/127.0.0.1:8083]}}, [request_sent])
15:53:16.688 [pool-2-thread-106] INFO tourGuide.service.TourGuideService - visitedLocatio tourGuide.gpsUtil.VisitedLocation@344a3734
15:53:16.688 [pool-2-thread-67] INFO tourGuide.service.TourGuideService - visitedLocatio tourGuide.gpsUtil.VisitedLocation@5cc8c33f
15:53:16.689 [pool-2-thread-106] DEBUG org.springframework.web.reactive.function.client.ExchangeFunctions - [45156dc3] HTTP GET http://localhost:8083/attractions
15:53:16.689 [pool-2-thread-67] DEBUG org.springframework.web.reactive.function.client.ExchangeFunctions - [33687e42] HTTP GET http://localhost:8083/attractions
15:53:16.689 [reactor-http-nio-47] DEBUG reactor.netty.resources.PooledConnectionProvider - [id: 0xa78cd761, L:/127.0.0.1:51879 - R:localhost/127.0.0.1:8083] Channel acquired, now 218 active connections and 83 inactive connections
15:53:16.690 [reactor-http-nio-47] DEBUG reactor.netty.http.client.HttpClientConnect - [id: 0xa78cd761, L:/127.0.0.1:51879 - R:localhost/127.0.0.1:8083] Handler is being applied: {uri=http://localhost:8083/attractions, method=GET}
15:53:16.690 [reactor-http-nio-47] DEBUG reactor.netty.resources.PooledConnectionProvider - [id: 0xa78cd761, L:/127.0.0.1:51879 - R:localhost/127.0.0.1:8083] onStateChange(GET{uri=/attractions, connection=PooledConnection{channel=[id: 0xa78cd761, L:/127.0.0.1:51879 - R:localhost/127.0.0.1:8083]}}, [request_sent])
15:53:16.691 [reactor-http-nio-48] DEBUG reactor.netty.resources.PooledConnectionProvider - [id: 0x20783448, L:/127.0.0.1:51928 - R:localhost/127.0.0.1:8083] Channel acquired, now 219 active connections and 82 inactive connections
15:53:16.691 [reactor-http-nio-48] DEBUG reactor.netty.http.client.HttpClientConnect - [id: 0x20783448, L:/127.0.0.1:51928 - R:localhost/127.0.0.1:8083] Handler is being applied: {uri=http://localhost:8083/attractions, method=GET}
15:53:16.692 [reactor-http-nio-48] DEBUG reactor.netty.resources.PooledConnectionProvider - [id: 0x20783448, L:/127.0.0.1:51928 - R:localhost/127.0.0.1:8083] onStateChange(GET{uri=/attractions, connection=PooledConnection{channel=[id: 0x20783448, L:/127.0.0.1:51928 - R:localhost/127.0.0.1:8083]}}, [request_sent])
15:53:16.692 [reactor-http-nio-46] DEBUG reactor.netty.http.client.HttpClientOperations - [id: 0x29677198, L:/127.0.0.1:51832 - R:localhost/127.0.0.1:8083] Received response (auto-read:false) : [Content-Type=application/json, Transfer-Encoding=chunked, Date=Wed, 15 Jun 2022 14:53:15 GMT]
15:53:16.692 [reactor-http-nio-46] DEBUG reactor.netty.resources.PooledConnectionProvider - [id: 0x29677198, L:/127.0.0.1:51832 - R:localhost/127.0.0.1:8083] onStateChange(GET{uri=/attractions, connection=PooledConnection{channel=[id: 0x29677198, L:/127.0.0.1:51832 - R:localhost/127.0.0.1:8083]}}, [response_received])
15:53:16.692 [reactor-http-nio-46] DEBUG org.springframework.web.reactive.function.client.ExchangeFunctions - [ea65898] Response 200 OK
15:53:16.692 [reactor-http-nio-48] DEBUG reactor.netty.http.client.HttpClientOperations - [id: 0x023af947, L:/127.0.0.1:51706 - R:localhost/127.0.0.1:8083] Received last HTTP packet
15:53:16.692 [reactor-http-nio-48] DEBUG org.springframework.core.codec.StringDecoder - [2b0a50e0] Decoded "[{"longitude":-117.922008,"latitude":33.817595,"attractionName":"Disneyland","city":"Anaheim","stat (truncated)...
15:53:16.692 [reactor-http-nio-48] DEBUG reactor.netty.resources.PooledConnectionProvider - [id: 0x023af947, L:/127.0.0.1:51706 - R:localhost/127.0.0.1:8083] onStateChange(GET{uri=/attractions, connection=PooledConnection{channel=[id: 0x023af947, L:/127.0.0.1:51706 - R:localhost/127.0.0.1:8083]}}, [disconnecting])
15:53:16.692 [reactor-http-nio-48] DEBUG reactor.netty.resources.PooledConnectionProvider - [id: 0x023af947, L:/127.0.0.1:51706 - R:localhost/127.0.0.1:8083] Releasing channel
15:53:16.692 [reactor-http-nio-46] DEBUG reactor.netty.channel.FluxReceive - [id: 0x29677198, L:/127.0.0.1:51832 - R:localhost/127.0.0.1:8083] Subscribing inbound receiver [pending: 0, cancelled:false, inboundDone: false]
15:53:16.692 [reactor-http-nio-48] DEBUG reactor.netty.resources.PooledConnectionProvider - [id: 0x023af947, L:/127.0.0.1:51706 - R:localhost/127.0.0.1:8083] Channel cleaned, now 218 active connections and 83 inactive connections
15:53:16.693 [reactor-http-nio-46] DEBUG reactor.netty.http.client.HttpClientOperations - [id: 0x29677198, L:/127.0.0.1:51832 - R:localhost/127.0.0.1:8083] Received last HTTP packet
15:53:16.693 [reactor-http-nio-48] DEBUG reactor.netty.http.client.HttpClientOperations - [id: 0x77d5390b, L:/127.0.0.1:51931 - R:localhost/127.0.0.1:8083] Received response (auto-read:false) : [Content-Type=application/json, Transfer-Encoding=chunked, Date=Wed, 15 Jun 2022 14:53:15 GMT]
15:53:16.693 [reactor-http-nio-48] DEBUG reactor.netty.resources.PooledConnectionProvider - [id: 0x77d5390b, L:/127.0.0.1:51931 - R:localhost/127.0.0.1:8083] onStateChange(GET{uri=/userLocation?userId=d64e7f59-c19d-4652-96cc-7be8de45d2fc, connection=PooledConnection{channel=[id: 0x77d5390b, L:/127.0.0.1:51931 - R:localhost/127.0.0.1:8083]}}, [response_received])
15:53:16.693 [reactor-http-nio-48] DEBUG org.springframework.web.reactive.function.client.ExchangeFunctions - [2d87492e] Response 200 OK
15:53:16.693 [reactor-http-nio-46] DEBUG org.springframework.core.codec.StringDecoder - [ea65898] Decoded "[{"longitude":-117.922008,"latitude":33.817595,"attractionName":"Disneyland","city":"Anaheim","stat (truncated)...
15:53:16.693 [reactor-http-nio-46] DEBUG reactor.netty.resources.PooledConnectionProvider - [id: 0x29677198, L:/127.0.0.1:51832 - R:localhost/127.0.0.1:8083] onStateChange(GET{uri=/attractions, connection=PooledConnection{channel=[id: 0x29677198, L:/127.0.0.1:51832 - R:localhost/127.0.0.1:8083]}}, [disconnecting])
15:53:16.693 [reactor-http-nio-46] DEBUG reactor.netty.resources.PooledConnectionProvider - [id: 0x29677198, L:/127.0.0.1:51832 - R:localhost/127.0.0.1:8083] Releasing channel
15:53:16.693 [reactor-http-nio-46] DEBUG reactor.netty.resources.PooledConnectionProvider - [id: 0x29677198, L:/127.0.0.1:51832 - R:localhost/127.0.0.1:8083] Channel cleaned, now 217 active connections and 84 inactive connections
15:53:16.693 [reactor-http-nio-48] DEBUG reactor.netty.channel.FluxReceive - [id: 0x77d5390b, L:/127.0.0.1:51931 - R:localhost/127.0.0.1:8083] Subscribing inbound receiver [pending: 0, cancelled:false, inboundDone: false]
15:53:16.693 [reactor-http-nio-48] DEBUG reactor.netty.http.client.HttpClientOperations - [id: 0x77d5390b, L:/127.0.0.1:51931 - R:localhost/127.0.0.1:8083] Received last HTTP packet
15:53:16.693 [reactor-http-nio-48] DEBUG org.springframework.core.codec.StringDecoder - [2d87492e] Decoded "{"userId":"d64e7f59-c19d-4652-96cc-7be8de45d2fc","location":{"longitude":-173.116002,"latitude":40. (truncated)...
15:53:16.693 [reactor-http-nio-48] DEBUG reactor.netty.resources.PooledConnectionProvider - [id: 0x77d5390b, L:/127.0.0.1:51931 - R:localhost/127.0.0.1:8083] onStateChange(GET{uri=/userLocation?userId=d64e7f59-c19d-4652-96cc-7be8de45d2fc, connection=PooledConnection{channel=[id: 0x77d5390b, L:/127.0.0.1:51931 - R:localhost/127.0.0.1:8083]}}, [disconnecting])
15:53:16.693 [reactor-http-nio-48] DEBUG reactor.netty.resources.PooledConnectionProvider - [id: 0x77d5390b, L:/127.0.0.1:51931 - R:localhost/127.0.0.1:8083] Releasing channel
15:53:16.693 [reactor-http-nio-48] DEBUG reactor.netty.resources.PooledConnectionProvider - [id: 0x77d5390b, L:/127.0.0.1:51931 - R:localhost/127.0.0.1:8083] Channel cleaned, now 216 active connections and 85 inactive connections
15:53:16.696 [pool-2-thread-154] INFO tourGuide.service.TourGuideService - visitedLocatio tourGuide.gpsUtil.VisitedLocation@d1a5986
15:53:16.696 [pool-2-thread-154] DEBUG org.springframework.web.reactive.function.client.ExchangeFunctions - [6e1b7a54] HTTP GET http://localhost:8083/attractions
15:53:16.698 [reactor-http-nio-47] DEBUG reactor.netty.resources.PooledConnectionProvider - [id: 0x16e996b4, L:/127.0.0.1:51859 - R:localhost/127.0.0.1:8083] Channel acquired, now 217 active connections and 84 inactive connections
15:53:16.698 [reactor-http-nio-47] DEBUG reactor.netty.http.client.HttpClientConnect - [id: 0x16e996b4, L:/127.0.0.1:51859 - R:localhost/127.0.0.1:8083] Handler is being applied: {uri=http://localhost:8083/attractions, method=GET}
15:53:16.699 [reactor-http-nio-47] DEBUG reactor.netty.resources.PooledConnectionProvider - [id: 0x16e996b4, L:/127.0.0.1:51859 - R:localhost/127.0.0.1:8083] onStateChange(GET{uri=/attractions, connection=PooledConnection{channel=[id: 0x16e996b4, L:/127.0.0.1:51859 - R:localhost/127.0.0.1:8083]}}, [request_sent])
15:53:16.701 [pool-4-thread-21] DEBUG org.springframework.web.reactive.function.client.ExchangeFunctions - [33181ea6] HTTP GET http://localhost:8084/attractionRewardPoint?attractionId=bffb8fa9-2c9f-4c2d-a87d-db3832cb3644&userId=e5b11639-77fd-4693-a1f6-e94ff82dab38
15:53:16.703 [reactor-http-nio-46] DEBUG reactor.netty.resources.PooledConnectionProvider - [id: 0x6a63d1d8] Created new pooled channel, now 20 active connections and 1 inactive connections
15:53:16.703 [reactor-http-nio-46] DEBUG reactor.netty.channel.BootstrapHandlers - [id: 0x6a63d1d8] Initialized pipeline DefaultChannelPipeline{(BootstrapHandlers$BootstrapInitializerHandler#0 = reactor.netty.channel.BootstrapHandlers$BootstrapInitializerHandler), (SimpleChannelPool$1#0 = io.netty.channel.pool.SimpleChannelPool$1), (reactor.left.httpCodec = io.netty.handler.codec.http.HttpClientCodec), (reactor.left.decompressor = io.netty.handler.codec.http.HttpContentDecompressor), (reactor.right.reactiveBridge = reactor.netty.channel.ChannelOperationsHandler)}
15:53:16.705 [reactor-http-nio-46] DEBUG reactor.netty.resources.PooledConnectionProvider - [id: 0x6a63d1d8, L:/127.0.0.1:52001 - R:localhost/127.0.0.1:8084] onStateChange(PooledConnection{channel=[id: 0x6a63d1d8, L:/127.0.0.1:52001 - R:localhost/127.0.0.1:8084]}, [connected])
15:53:16.705 [reactor-http-nio-46] DEBUG reactor.netty.resources.PooledConnectionProvider - [id: 0x6a63d1d8, L:/127.0.0.1:52001 - R:localhost/127.0.0.1:8084] onStateChange(GET{uri=/, connection=PooledConnection{channel=[id: 0x6a63d1d8, L:/127.0.0.1:52001 - R:localhost/127.0.0.1:8084]}}, [configured])
15:53:16.705 [reactor-http-nio-46] DEBUG reactor.netty.resources.PooledConnectionProvider - [id: 0x6a63d1d8, L:/127.0.0.1:52001 - R:localhost/127.0.0.1:8084] Registering pool release on close event for channel
15:53:16.705 [reactor-http-nio-46] DEBUG reactor.netty.http.client.HttpClientConnect - [id: 0x6a63d1d8, L:/127.0.0.1:52001 - R:localhost/127.0.0.1:8084] Handler is being applied: {uri=http://localhost:8084/attractionRewardPoint?attractionId=bffb8fa9-2c9f-4c2d-a87d-db3832cb3644&userId=e5b11639-77fd-4693-a1f6-e94ff82dab38, method=GET}
15:53:16.706 [reactor-http-nio-46] DEBUG reactor.netty.resources.PooledConnectionProvider - [id: 0x6a63d1d8, L:/127.0.0.1:52001 - R:localhost/127.0.0.1:8084] onStateChange(GET{uri=/attractionRewardPoint?attractionId=bffb8fa9-2c9f-4c2d-a87d-db3832cb3644&userId=e5b11639-77fd-4693-a1f6-e94ff82dab38, connection=PooledConnection{channel=[id: 0x6a63d1d8, L:/127.0.0.1:52001 - R:localhost/127.0.0.1:8084]}}, [request_sent])
15:53:16.706 [reactor-http-nio-46] DEBUG reactor.netty.resources.PooledConnectionProvider - [id: 0x6a63d1d8, L:/127.0.0.1:52001 - R:localhost/127.0.0.1:8084] Channel connected, now 21 active connections and 0 inactive connections
15:53:16.725 [pool-4-thread-22] DEBUG org.springframework.web.reactive.function.client.ExchangeFunctions - [36257015] HTTP GET http://localhost:8084/attractionRewardPoint?attractionId=4727e8ad-651d-4866-a8d4-91ece5076231&userId=2f2a5659-c7d4-4513-b5ff-f94b8cabfa65
15:53:16.727 [reactor-http-nio-48] DEBUG reactor.netty.resources.PooledConnectionProvider - [id: 0x892f6893] Created new pooled channel, now 21 active connections and 1 inactive connections
15:53:16.727 [reactor-http-nio-48] DEBUG reactor.netty.channel.BootstrapHandlers - [id: 0x892f6893] Initialized pipeline DefaultChannelPipeline{(BootstrapHandlers$BootstrapInitializerHandler#0 = reactor.netty.channel.BootstrapHandlers$BootstrapInitializerHandler), (SimpleChannelPool$1#0 = io.netty.channel.pool.SimpleChannelPool$1), (reactor.left.httpCodec = io.netty.handler.codec.http.HttpClientCodec), (reactor.left.decompressor = io.netty.handler.codec.http.HttpContentDecompressor), (reactor.right.reactiveBridge = reactor.netty.channel.ChannelOperationsHandler)}
15:53:16.729 [reactor-http-nio-48] DEBUG reactor.netty.resources.PooledConnectionProvider - [id: 0x892f6893, L:/127.0.0.1:52002 - R:localhost/127.0.0.1:8084] onStateChange(PooledConnection{channel=[id: 0x892f6893, L:/127.0.0.1:52002 - R:localhost/127.0.0.1:8084]}, [connected])
15:53:16.729 [reactor-http-nio-48] DEBUG reactor.netty.resources.PooledConnectionProvider - [id: 0x892f6893, L:/127.0.0.1:52002 - R:localhost/127.0.0.1:8084] onStateChange(GET{uri=/, connection=PooledConnection{channel=[id: 0x892f6893, L:/127.0.0.1:52002 - R:localhost/127.0.0.1:8084]}}, [configured])
15:53:16.729 [reactor-http-nio-48] DEBUG reactor.netty.resources.PooledConnectionProvider - [id: 0x892f6893, L:/127.0.0.1:52002 - R:localhost/127.0.0.1:8084] Registering pool release on close event for channel
15:53:16.729 [reactor-http-nio-48] DEBUG reactor.netty.http.client.HttpClientConnect - [id: 0x892f6893, L:/127.0.0.1:52002 - R:localhost/127.0.0.1:8084] Handler is being applied: {uri=http://localhost:8084/attractionRewardPoint?attractionId=4727e8ad-651d-4866-a8d4-91ece5076231&userId=2f2a5659-c7d4-4513-b5ff-f94b8cabfa65, method=GET}
15:53:16.730 [reactor-http-nio-48] DEBUG reactor.netty.resources.PooledConnectionProvider - [id: 0x892f6893, L:/127.0.0.1:52002 - R:localhost/127.0.0.1:8084] onStateChange(GET{uri=/attractionRewardPoint?attractionId=4727e8ad-651d-4866-a8d4-91ece5076231&userId=2f2a5659-c7d4-4513-b5ff-f94b8cabfa65, connection=PooledConnection{channel=[id: 0x892f6893, L:/127.0.0.1:52002 - R:localhost/127.0.0.1:8084]}}, [request_sent])
15:53:16.730 [reactor-http-nio-48] DEBUG reactor.netty.resources.PooledConnectionProvider - [id: 0x892f6893, L:/127.0.0.1:52002 - R:localhost/127.0.0.1:8084] Channel connected, now 22 active connections and 0 inactive connections
15:53:16.731 [pool-4-thread-23] DEBUG org.springframework.web.reactive.function.client.ExchangeFunctions - [20399b81] HTTP GET http://localhost:8084/attractionRewardPoint?attractionId=6bfc406b-70a3-4d63-bdf7-3c66c8c9504e&userId=839fd9f1-efb9-42d3-b80f-caa194ab7c90
15:53:16.732 [reactor-http-nio-46] DEBUG reactor.netty.resources.PooledConnectionProvider - [id: 0xefd9aa30] Created new pooled channel, now 22 active connections and 1 inactive connections
15:53:16.732 [reactor-http-nio-46] DEBUG reactor.netty.channel.BootstrapHandlers - [id: 0xefd9aa30] Initialized pipeline DefaultChannelPipeline{(BootstrapHandlers$BootstrapInitializerHandler#0 = reactor.netty.channel.BootstrapHandlers$BootstrapInitializerHandler), (SimpleChannelPool$1#0 = io.netty.channel.pool.SimpleChannelPool$1), (reactor.left.httpCodec = io.netty.handler.codec.http.HttpClientCodec), (reactor.left.decompressor = io.netty.handler.codec.http.HttpContentDecompressor), (reactor.right.reactiveBridge = reactor.netty.channel.ChannelOperationsHandler)}
15:53:16.734 [reactor-http-nio-46] DEBUG reactor.netty.resources.PooledConnectionProvider - [id: 0xefd9aa30, L:/127.0.0.1:52003 - R:localhost/127.0.0.1:8084] onStateChange(PooledConnection{channel=[id: 0xefd9aa30, L:/127.0.0.1:52003 - R:localhost/127.0.0.1:8084]}, [connected])
15:53:16.735 [reactor-http-nio-46] DEBUG reactor.netty.resources.PooledConnectionProvider - [id: 0xefd9aa30, L:/127.0.0.1:52003 - R:localhost/127.0.0.1:8084] onStateChange(GET{uri=/, connection=PooledConnection{channel=[id: 0xefd9aa30, L:/127.0.0.1:52003 - R:localhost/127.0.0.1:8084]}}, [configured])
15:53:16.735 [reactor-http-nio-46] DEBUG reactor.netty.resources.PooledConnectionProvider - [id: 0xefd9aa30, L:/127.0.0.1:52003 - R:localhost/127.0.0.1:8084] Registering pool release on close event for channel
15:53:16.735 [reactor-http-nio-46] DEBUG reactor.netty.http.client.HttpClientConnect - [id: 0xefd9aa30, L:/127.0.0.1:52003 - R:localhost/127.0.0.1:8084] Handler is being applied: {uri=http://localhost:8084/attractionRewardPoint?attractionId=6bfc406b-70a3-4d63-bdf7-3c66c8c9504e&userId=839fd9f1-efb9-42d3-b80f-caa194ab7c90, method=GET}
15:53:16.736 [reactor-http-nio-46] DEBUG reactor.netty.resources.PooledConnectionProvider - [id: 0xefd9aa30, L:/127.0.0.1:52003 - R:localhost/127.0.0.1:8084] onStateChange(GET{uri=/attractionRewardPoint?attractionId=6bfc406b-70a3-4d63-bdf7-3c66c8c9504e&userId=839fd9f1-efb9-42d3-b80f-caa194ab7c90, connection=PooledConnection{channel=[id: 0xefd9aa30, L:/127.0.0.1:52003 - R:localhost/127.0.0.1:8084]}}, [request_sent])
15:53:16.736 [reactor-http-nio-46] DEBUG reactor.netty.resources.PooledConnectionProvider - [id: 0xefd9aa30, L:/127.0.0.1:52003 - R:localhost/127.0.0.1:8084] Channel connected, now 23 active connections and 0 inactive connections
15:53:16.737 [pool-4-thread-24] DEBUG org.springframework.web.reactive.function.client.ExchangeFunctions - [ceafe80] HTTP GET http://localhost:8084/attractionRewardPoint?attractionId=0237fec2-1005-4402-9acd-3b2ee2c049a1&userId=44362f3e-058f-45ae-95de-537e69527046
15:53:16.737 [pool-4-thread-25] DEBUG org.springframework.web.reactive.function.client.ExchangeFunctions - [64bcf1a3] HTTP GET http://localhost:8084/attractionRewardPoint?attractionId=df669b32-d391-428a-8cc9-2054987f6aaa&userId=e40c0878-9e0f-4ada-a1b9-24544a7752f1
15:53:16.739 [reactor-http-nio-41] DEBUG reactor.netty.resources.PooledConnectionProvider - [id: 0x05d8a8d8] Created new pooled channel, now 23 active connections and 2 inactive connections
15:53:16.739 [reactor-http-nio-46] DEBUG reactor.netty.resources.PooledConnectionProvider - [id: 0x4f70a99a] Created new pooled channel, now 23 active connections and 2 inactive connections
15:53:16.739 [reactor-http-nio-41] DEBUG reactor.netty.channel.BootstrapHandlers - [id: 0x05d8a8d8] Initialized pipeline DefaultChannelPipeline{(BootstrapHandlers$BootstrapInitializerHandler#0 = reactor.netty.channel.BootstrapHandlers$BootstrapInitializerHandler), (SimpleChannelPool$1#0 = io.netty.channel.pool.SimpleChannelPool$1), (reactor.left.httpCodec = io.netty.handler.codec.http.HttpClientCodec), (reactor.left.decompressor = io.netty.handler.codec.http.HttpContentDecompressor), (reactor.right.reactiveBridge = reactor.netty.channel.ChannelOperationsHandler)}
15:53:16.739 [reactor-http-nio-46] DEBUG reactor.netty.channel.BootstrapHandlers - [id: 0x4f70a99a] Initialized pipeline DefaultChannelPipeline{(BootstrapHandlers$BootstrapInitializerHandler#0 = reactor.netty.channel.BootstrapHandlers$BootstrapInitializerHandler), (SimpleChannelPool$1#0 = io.netty.channel.pool.SimpleChannelPool$1), (reactor.left.httpCodec = io.netty.handler.codec.http.HttpClientCodec), (reactor.left.decompressor = io.netty.handler.codec.http.HttpContentDecompressor), (reactor.right.reactiveBridge = reactor.netty.channel.ChannelOperationsHandler)}
15:53:16.740 [reactor-http-nio-46] DEBUG reactor.netty.resources.PooledConnectionProvider - [id: 0x4f70a99a, L:/127.0.0.1:52004 - R:localhost/127.0.0.1:8084] onStateChange(PooledConnection{channel=[id: 0x4f70a99a, L:/127.0.0.1:52004 - R:localhost/127.0.0.1:8084]}, [connected])
15:53:16.740 [reactor-http-nio-46] DEBUG reactor.netty.resources.PooledConnectionProvider - [id: 0x4f70a99a, L:/127.0.0.1:52004 - R:localhost/127.0.0.1:8084] onStateChange(GET{uri=/, connection=PooledConnection{channel=[id: 0x4f70a99a, L:/127.0.0.1:52004 - R:localhost/127.0.0.1:8084]}}, [configured])
15:53:16.742 [reactor-http-nio-46] DEBUG reactor.netty.resources.PooledConnectionProvider - [id: 0x4f70a99a, L:/127.0.0.1:52004 - R:localhost/127.0.0.1:8084] Registering pool release on close event for channel
15:53:16.742 [reactor-http-nio-46] DEBUG reactor.netty.http.client.HttpClientConnect - [id: 0x4f70a99a, L:/127.0.0.1:52004 - R:localhost/127.0.0.1:8084] Handler is being applied: {uri=http://localhost:8084/attractionRewardPoint?attractionId=df669b32-d391-428a-8cc9-2054987f6aaa&userId=e40c0878-9e0f-4ada-a1b9-24544a7752f1, method=GET}
15:53:16.743 [reactor-http-nio-46] DEBUG reactor.netty.resources.PooledConnectionProvider - [id: 0x4f70a99a, L:/127.0.0.1:52004 - R:localhost/127.0.0.1:8084] onStateChange(GET{uri=/attractionRewardPoint?attractionId=df669b32-d391-428a-8cc9-2054987f6aaa&userId=e40c0878-9e0f-4ada-a1b9-24544a7752f1, connection=PooledConnection{channel=[id: 0x4f70a99a, L:/127.0.0.1:52004 - R:localhost/127.0.0.1:8084]}}, [request_sent])
15:53:16.743 [reactor-http-nio-46] DEBUG reactor.netty.resources.PooledConnectionProvider - [id: 0x4f70a99a, L:/127.0.0.1:52004 - R:localhost/127.0.0.1:8084] Channel connected, now 24 active connections and 1 inactive connections
15:53:16.744 [reactor-http-nio-41] DEBUG reactor.netty.resources.PooledConnectionProvider - [id: 0x05d8a8d8, L:/127.0.0.1:52005 - R:localhost/127.0.0.1:8084] onStateChange(PooledConnection{channel=[id: 0x05d8a8d8, L:/127.0.0.1:52005 - R:localhost/127.0.0.1:8084]}, [connected])
15:53:16.744 [reactor-http-nio-41] DEBUG reactor.netty.resources.PooledConnectionProvider - [id: 0x05d8a8d8, L:/127.0.0.1:52005 - R:localhost/127.0.0.1:8084] onStateChange(GET{uri=/, connection=PooledConnection{channel=[id: 0x05d8a8d8, L:/127.0.0.1:52005 - R:localhost/127.0.0.1:8084]}}, [configured])
15:53:16.745 [reactor-http-nio-41] DEBUG reactor.netty.resources.PooledConnectionProvider - [id: 0x05d8a8d8, L:/127.0.0.1:52005 - R:localhost/127.0.0.1:8084] Registering pool release on close event for channel
15:53:16.745 [reactor-http-nio-41] DEBUG reactor.netty.http.client.HttpClientConnect - [id: 0x05d8a8d8, L:/127.0.0.1:52005 - R:localhost/127.0.0.1:8084] Handler is being applied: {uri=http://localhost:8084/attractionRewardPoint?attractionId=0237fec2-1005-4402-9acd-3b2ee2c049a1&userId=44362f3e-058f-45ae-95de-537e69527046, method=GET}
15:53:16.745 [reactor-http-nio-41] DEBUG reactor.netty.resources.PooledConnectionProvider - [id: 0x05d8a8d8, L:/127.0.0.1:52005 - R:localhost/127.0.0.1:8084] onStateChange(GET{uri=/attractionRewardPoint?attractionId=0237fec2-1005-4402-9acd-3b2ee2c049a1&userId=44362f3e-058f-45ae-95de-537e69527046, connection=PooledConnection{channel=[id: 0x05d8a8d8, L:/127.0.0.1:52005 - R:localhost/127.0.0.1:8084]}}, [request_sent])
15:53:16.745 [reactor-http-nio-41] DEBUG reactor.netty.resources.PooledConnectionProvider - [id: 0x05d8a8d8, L:/127.0.0.1:52005 - R:localhost/127.0.0.1:8084] Channel connected, now 25 active connections and 0 inactive connections
15:53:16.830 [reactor-http-nio-48] DEBUG reactor.netty.http.client.HttpClientOperations - [id: 0x5ae48bb7, L:/127.0.0.1:51942 - R:localhost/127.0.0.1:8083] Received response (auto-read:false) : [Content-Type=application/json, Transfer-Encoding=chunked, Date=Wed, 15 Jun 2022 14:53:15 GMT]
15:53:16.830 [reactor-http-nio-48] DEBUG reactor.netty.resources.PooledConnectionProvider - [id: 0x5ae48bb7, L:/127.0.0.1:51942 - R:localhost/127.0.0.1:8083] onStateChange(GET{uri=/attractions, connection=PooledConnection{channel=[id: 0x5ae48bb7, L:/127.0.0.1:51942 - R:localhost/127.0.0.1:8083]}}, [response_received])
15:53:16.830 [reactor-http-nio-48] DEBUG org.springframework.web.reactive.function.client.ExchangeFunctions - [1a68bad9] Response 200 OK
15:53:16.831 [reactor-http-nio-48] DEBUG reactor.netty.channel.FluxReceive - [id: 0x5ae48bb7, L:/127.0.0.1:51942 - R:localhost/127.0.0.1:8083] Subscribing inbound receiver [pending: 0, cancelled:false, inboundDone: false]
15:53:16.831 [reactor-http-nio-48] DEBUG reactor.netty.http.client.HttpClientOperations - [id: 0x5ae48bb7, L:/127.0.0.1:51942 - R:localhost/127.0.0.1:8083] Received last HTTP packet
15:53:16.831 [reactor-http-nio-48] DEBUG org.springframework.core.codec.StringDecoder - [1a68bad9] Decoded "[{"longitude":-117.922008,"latitude":33.817595,"attractionName":"Disneyland","city":"Anaheim","stat (truncated)...
15:53:16.831 [reactor-http-nio-48] DEBUG reactor.netty.resources.PooledConnectionProvider - [id: 0x5ae48bb7, L:/127.0.0.1:51942 - R:localhost/127.0.0.1:8083] onStateChange(GET{uri=/attractions, connection=PooledConnection{channel=[id: 0x5ae48bb7, L:/127.0.0.1:51942 - R:localhost/127.0.0.1:8083]}}, [disconnecting])
15:53:16.831 [reactor-http-nio-48] DEBUG reactor.netty.resources.PooledConnectionProvider - [id: 0x5ae48bb7, L:/127.0.0.1:51942 - R:localhost/127.0.0.1:8083] Releasing channel
15:53:16.831 [reactor-http-nio-48] DEBUG reactor.netty.resources.PooledConnectionProvider - [id: 0x5ae48bb7, L:/127.0.0.1:51942 - R:localhost/127.0.0.1:8083] Channel cleaned, now 216 active connections and 85 inactive connections
15:53:16.879 [reactor-http-nio-46] DEBUG reactor.netty.http.client.HttpClientOperations - [id: 0x7857a0df, L:/127.0.0.1:51801 - R:localhost/127.0.0.1:8083] Received response (auto-read:false) : [Content-Type=application/json, Transfer-Encoding=chunked, Date=Wed, 15 Jun 2022 14:53:15 GMT]
15:53:16.879 [reactor-http-nio-46] DEBUG reactor.netty.resources.PooledConnectionProvider - [id: 0x7857a0df, L:/127.0.0.1:51801 - R:localhost/127.0.0.1:8083] onStateChange(GET{uri=/attractions, connection=PooledConnection{channel=[id: 0x7857a0df, L:/127.0.0.1:51801 - R:localhost/127.0.0.1:8083]}}, [response_received])
15:53:16.879 [reactor-http-nio-46] DEBUG org.springframework.web.reactive.function.client.ExchangeFunctions - [5e589a6c] Response 200 OK
15:53:16.879 [reactor-http-nio-46] DEBUG reactor.netty.channel.FluxReceive - [id: 0x7857a0df, L:/127.0.0.1:51801 - R:localhost/127.0.0.1:8083] Subscribing inbound receiver [pending: 0, cancelled:false, inboundDone: false]
15:53:16.879 [reactor-http-nio-46] DEBUG reactor.netty.http.client.HttpClientOperations - [id: 0x7857a0df, L:/127.0.0.1:51801 - R:localhost/127.0.0.1:8083] Received last HTTP packet
15:53:16.880 [reactor-http-nio-46] DEBUG org.springframework.core.codec.StringDecoder - [5e589a6c] Decoded "[{"longitude":-117.922008,"latitude":33.817595,"attractionName":"Disneyland","city":"Anaheim","stat (truncated)...
15:53:16.880 [reactor-http-nio-46] DEBUG reactor.netty.resources.PooledConnectionProvider - [id: 0x7857a0df, L:/127.0.0.1:51801 - R:localhost/127.0.0.1:8083] onStateChange(GET{uri=/attractions, connection=PooledConnection{channel=[id: 0x7857a0df, L:/127.0.0.1:51801 - R:localhost/127.0.0.1:8083]}}, [disconnecting])
15:53:16.880 [reactor-http-nio-46] DEBUG reactor.netty.resources.PooledConnectionProvider - [id: 0x7857a0df, L:/127.0.0.1:51801 - R:localhost/127.0.0.1:8083] Releasing channel
15:53:16.880 [reactor-http-nio-46] DEBUG reactor.netty.resources.PooledConnectionProvider - [id: 0x7857a0df, L:/127.0.0.1:51801 - R:localhost/127.0.0.1:8083] Channel cleaned, now 215 active connections and 86 inactive connections
15:53:16.881 [reactor-http-nio-46] DEBUG reactor.netty.http.client.HttpClientOperations - [id: 0x21f981c4, L:/127.0.0.1:51805 - R:localhost/127.0.0.1:8083] Received response (auto-read:false) : [Content-Type=application/json, Transfer-Encoding=chunked, Date=Wed, 15 Jun 2022 14:53:15 GMT]
15:53:16.881 [reactor-http-nio-46] DEBUG reactor.netty.resources.PooledConnectionProvider - [id: 0x21f981c4, L:/127.0.0.1:51805 - R:localhost/127.0.0.1:8083] onStateChange(GET{uri=/attractions, connection=PooledConnection{channel=[id: 0x21f981c4, L:/127.0.0.1:51805 - R:localhost/127.0.0.1:8083]}}, [response_received])
15:53:16.881 [reactor-http-nio-46] DEBUG org.springframework.web.reactive.function.client.ExchangeFunctions - [58b616c] Response 200 OK
15:53:16.882 [reactor-http-nio-46] DEBUG reactor.netty.channel.FluxReceive - [id: 0x21f981c4, L:/127.0.0.1:51805 - R:localhost/127.0.0.1:8083] Subscribing inbound receiver [pending: 0, cancelled:false, inboundDone: false]
15:53:16.882 [reactor-http-nio-46] DEBUG reactor.netty.http.client.HttpClientOperations - [id: 0x13239c6a, L:/127.0.0.1:51810 - R:localhost/127.0.0.1:8083] Received response (auto-read:false) : [Content-Type=application/json, Transfer-Encoding=chunked, Date=Wed, 15 Jun 2022 14:53:15 GMT]
15:53:16.882 [reactor-http-nio-46] DEBUG reactor.netty.resources.PooledConnectionProvider - [id: 0x13239c6a, L:/127.0.0.1:51810 - R:localhost/127.0.0.1:8083] onStateChange(GET{uri=/attractions, connection=PooledConnection{channel=[id: 0x13239c6a, L:/127.0.0.1:51810 - R:localhost/127.0.0.1:8083]}}, [response_received])
15:53:16.882 [reactor-http-nio-46] DEBUG org.springframework.web.reactive.function.client.ExchangeFunctions - [32119d6c] Response 200 OK
15:53:16.883 [reactor-http-nio-46] DEBUG reactor.netty.channel.FluxReceive - [id: 0x13239c6a, L:/127.0.0.1:51810 - R:localhost/127.0.0.1:8083] Subscribing inbound receiver [pending: 0, cancelled:false, inboundDone: false]
15:53:16.883 [reactor-http-nio-46] DEBUG reactor.netty.http.client.HttpClientOperations - [id: 0x235f3a5b, L:/127.0.0.1:51771 - R:localhost/127.0.0.1:8083] Received response (auto-read:false) : [Content-Type=application/json, Transfer-Encoding=chunked, Date=Wed, 15 Jun 2022 14:53:15 GMT]
15:53:16.883 [reactor-http-nio-46] DEBUG reactor.netty.resources.PooledConnectionProvider - [id: 0x235f3a5b, L:/127.0.0.1:51771 - R:localhost/127.0.0.1:8083] onStateChange(GET{uri=/attractions, connection=PooledConnection{channel=[id: 0x235f3a5b, L:/127.0.0.1:51771 - R:localhost/127.0.0.1:8083]}}, [response_received])
15:53:16.883 [reactor-http-nio-46] DEBUG org.springframework.web.reactive.function.client.ExchangeFunctions - [3acf6147] Response 200 OK
15:53:16.884 [reactor-http-nio-46] DEBUG reactor.netty.channel.FluxReceive - [id: 0x235f3a5b, L:/127.0.0.1:51771 - R:localhost/127.0.0.1:8083] Subscribing inbound receiver [pending: 0, cancelled:false, inboundDone: false]
15:53:16.885 [reactor-http-nio-41] DEBUG reactor.netty.http.client.HttpClientOperations - [id: 0x7ed84751, L:/127.0.0.1:51753 - R:localhost/127.0.0.1:8083] Received response (auto-read:false) : [Content-Type=application/json, Transfer-Encoding=chunked, Date=Wed, 15 Jun 2022 14:53:15 GMT]
15:53:16.885 [reactor-http-nio-41] DEBUG reactor.netty.resources.PooledConnectionProvider - [id: 0x7ed84751, L:/127.0.0.1:51753 - R:localhost/127.0.0.1:8083] onStateChange(GET{uri=/attractions, connection=PooledConnection{channel=[id: 0x7ed84751, L:/127.0.0.1:51753 - R:localhost/127.0.0.1:8083]}}, [response_received])
15:53:16.885 [reactor-http-nio-41] DEBUG org.springframework.web.reactive.function.client.ExchangeFunctions - [62de778f] Response 200 OK
15:53:16.885 [reactor-http-nio-41] DEBUG reactor.netty.channel.FluxReceive - [id: 0x7ed84751, L:/127.0.0.1:51753 - R:localhost/127.0.0.1:8083] Subscribing inbound receiver [pending: 0, cancelled:false, inboundDone: false]
15:53:16.886 [reactor-http-nio-46] DEBUG reactor.netty.http.client.HttpClientOperations - [id: 0x901633c4, L:/127.0.0.1:51815 - R:localhost/127.0.0.1:8083] Received response (auto-read:false) : [Content-Type=application/json, Transfer-Encoding=chunked, Date=Wed, 15 Jun 2022 14:53:15 GMT]
15:53:16.886 [reactor-http-nio-46] DEBUG reactor.netty.resources.PooledConnectionProvider - [id: 0x901633c4, L:/127.0.0.1:51815 - R:localhost/127.0.0.1:8083] onStateChange(GET{uri=/attractions, connection=PooledConnection{channel=[id: 0x901633c4, L:/127.0.0.1:51815 - R:localhost/127.0.0.1:8083]}}, [response_received])
15:53:16.886 [reactor-http-nio-46] DEBUG org.springframework.web.reactive.function.client.ExchangeFunctions - [696e644a] Response 200 OK
15:53:16.886 [reactor-http-nio-46] DEBUG reactor.netty.channel.FluxReceive - [id: 0x901633c4, L:/127.0.0.1:51815 - R:localhost/127.0.0.1:8083] Subscribing inbound receiver [pending: 0, cancelled:false, inboundDone: false]
15:53:16.887 [reactor-http-nio-41] DEBUG reactor.netty.http.client.HttpClientOperations - [id: 0x506c6088, L:/127.0.0.1:51764 - R:localhost/127.0.0.1:8083] Received response (auto-read:false) : [Content-Type=application/json, Transfer-Encoding=chunked, Date=Wed, 15 Jun 2022 14:53:15 GMT]
15:53:16.887 [reactor-http-nio-41] DEBUG reactor.netty.resources.PooledConnectionProvider - [id: 0x506c6088, L:/127.0.0.1:51764 - R:localhost/127.0.0.1:8083] onStateChange(GET{uri=/attractions, connection=PooledConnection{channel=[id: 0x506c6088, L:/127.0.0.1:51764 - R:localhost/127.0.0.1:8083]}}, [response_received])
15:53:16.888 [reactor-http-nio-41] DEBUG org.springframework.web.reactive.function.client.ExchangeFunctions - [1f9ff7ef] Response 200 OK
15:53:16.888 [reactor-http-nio-41] DEBUG reactor.netty.channel.FluxReceive - [id: 0x506c6088, L:/127.0.0.1:51764 - R:localhost/127.0.0.1:8083] Subscribing inbound receiver [pending: 0, cancelled:false, inboundDone: false]
15:53:16.889 [reactor-http-nio-46] DEBUG reactor.netty.http.client.HttpClientOperations - [id: 0x786dbf94, L:/127.0.0.1:51803 - R:localhost/127.0.0.1:8083] Received response (auto-read:false) : [Content-Type=application/json, Transfer-Encoding=chunked, Date=Wed, 15 Jun 2022 14:53:15 GMT]
15:53:16.889 [reactor-http-nio-46] DEBUG reactor.netty.resources.PooledConnectionProvider - [id: 0x786dbf94, L:/127.0.0.1:51803 - R:localhost/127.0.0.1:8083] onStateChange(GET{uri=/attractions, connection=PooledConnection{channel=[id: 0x786dbf94, L:/127.0.0.1:51803 - R:localhost/127.0.0.1:8083]}}, [response_received])
15:53:16.889 [reactor-http-nio-46] DEBUG org.springframework.web.reactive.function.client.ExchangeFunctions - [2c428f30] Response 200 OK
15:53:16.890 [reactor-http-nio-46] DEBUG reactor.netty.channel.FluxReceive - [id: 0x786dbf94, L:/127.0.0.1:51803 - R:localhost/127.0.0.1:8083] Subscribing inbound receiver [pending: 0, cancelled:false, inboundDone: false]
15:53:16.890 [reactor-http-nio-46] DEBUG reactor.netty.http.client.HttpClientOperations - [id: 0xefddac86, L:/127.0.0.1:51812 - R:localhost/127.0.0.1:8083] Received response (auto-read:false) : [Content-Type=application/json, Transfer-Encoding=chunked, Date=Wed, 15 Jun 2022 14:53:15 GMT]
15:53:16.890 [reactor-http-nio-46] DEBUG reactor.netty.resources.PooledConnectionProvider - [id: 0xefddac86, L:/127.0.0.1:51812 - R:localhost/127.0.0.1:8083] onStateChange(GET{uri=/attractions, connection=PooledConnection{channel=[id: 0xefddac86, L:/127.0.0.1:51812 - R:localhost/127.0.0.1:8083]}}, [response_received])
15:53:16.890 [reactor-http-nio-46] DEBUG org.springframework.web.reactive.function.client.ExchangeFunctions - [7d188f83] Response 200 OK
15:53:16.890 [reactor-http-nio-46] DEBUG reactor.netty.channel.FluxReceive - [id: 0xefddac86, L:/127.0.0.1:51812 - R:localhost/127.0.0.1:8083] Subscribing inbound receiver [pending: 0, cancelled:false, inboundDone: false]
15:53:16.891 [reactor-http-nio-41] DEBUG reactor.netty.http.client.HttpClientOperations - [id: 0x48fc4dd2, L:/127.0.0.1:51755 - R:localhost/127.0.0.1:8083] Received response (auto-read:false) : [Content-Type=application/json, Transfer-Encoding=chunked, Date=Wed, 15 Jun 2022 14:53:15 GMT]
15:53:16.891 [reactor-http-nio-41] DEBUG reactor.netty.resources.PooledConnectionProvider - [id: 0x48fc4dd2, L:/127.0.0.1:51755 - R:localhost/127.0.0.1:8083] onStateChange(GET{uri=/attractions, connection=PooledConnection{channel=[id: 0x48fc4dd2, L:/127.0.0.1:51755 - R:localhost/127.0.0.1:8083]}}, [response_received])
15:53:16.891 [reactor-http-nio-41] DEBUG org.springframework.web.reactive.function.client.ExchangeFunctions - [55e5b922] Response 200 OK
15:53:16.892 [reactor-http-nio-41] DEBUG reactor.netty.channel.FluxReceive - [id: 0x48fc4dd2, L:/127.0.0.1:51755 - R:localhost/127.0.0.1:8083] Subscribing inbound receiver [pending: 0, cancelled:false, inboundDone: false]
15:53:16.893 [reactor-http-nio-48] DEBUG reactor.netty.http.client.HttpClientOperations - [id: 0x2539c881, L:/127.0.0.1:51963 - R:localhost/127.0.0.1:8083] Received response (auto-read:false) : [Content-Type=application/json, Transfer-Encoding=chunked, Date=Wed, 15 Jun 2022 14:53:15 GMT]
15:53:16.893 [reactor-http-nio-48] DEBUG reactor.netty.resources.PooledConnectionProvider - [id: 0x2539c881, L:/127.0.0.1:51963 - R:localhost/127.0.0.1:8083] onStateChange(GET{uri=/attractions, connection=PooledConnection{channel=[id: 0x2539c881, L:/127.0.0.1:51963 - R:localhost/127.0.0.1:8083]}}, [response_received])
15:53:16.893 [reactor-http-nio-48] DEBUG org.springframework.web.reactive.function.client.ExchangeFunctions - [1f7f1bc9] Response 200 OK
15:53:16.893 [reactor-http-nio-48] DEBUG reactor.netty.channel.FluxReceive - [id: 0x2539c881, L:/127.0.0.1:51963 - R:localhost/127.0.0.1:8083] Subscribing inbound receiver [pending: 0, cancelled:false, inboundDone: false]
15:53:16.894 [reactor-http-nio-48] DEBUG reactor.netty.http.client.HttpClientOperations - [id: 0xd62a591a, L:/127.0.0.1:51974 - R:localhost/127.0.0.1:8083] Received response (auto-read:false) : [Content-Type=application/json, Transfer-Encoding=chunked, Date=Wed, 15 Jun 2022 14:53:15 GMT]
15:53:16.894 [reactor-http-nio-48] DEBUG reactor.netty.resources.PooledConnectionProvider - [id: 0xd62a591a, L:/127.0.0.1:51974 - R:localhost/127.0.0.1:8083] onStateChange(GET{uri=/userLocation?userId=fec60b1b-8e37-47db-8cb1-3b34e333986b, connection=PooledConnection{channel=[id: 0xd62a591a, L:/127.0.0.1:51974 - R:localhost/127.0.0.1:8083]}}, [response_received])
15:53:16.894 [reactor-http-nio-48] DEBUG org.springframework.web.reactive.function.client.ExchangeFunctions - [7bdc6975] Response 200 OK
15:53:16.895 [reactor-http-nio-48] DEBUG reactor.netty.channel.FluxReceive - [id: 0xd62a591a, L:/127.0.0.1:51974 - R:localhost/127.0.0.1:8083] Subscribing inbound receiver [pending: 0, cancelled:false, inboundDone: false]
15:53:16.895 [reactor-http-nio-48] DEBUG reactor.netty.http.client.HttpClientOperations - [id: 0xd62a591a, L:/127.0.0.1:51974 - R:localhost/127.0.0.1:8083] Received last HTTP packet
15:53:16.895 [reactor-http-nio-48] DEBUG org.springframework.core.codec.StringDecoder - [7bdc6975] Decoded "{"userId":"fec60b1b-8e37-47db-8cb1-3b34e333986b","location":{"longitude":29.119074,"latitude":-65.0 (truncated)...
15:53:16.895 [reactor-http-nio-48] DEBUG reactor.netty.resources.PooledConnectionProvider - [id: 0xd62a591a, L:/127.0.0.1:51974 - R:localhost/127.0.0.1:8083] onStateChange(GET{uri=/userLocation?userId=fec60b1b-8e37-47db-8cb1-3b34e333986b, connection=PooledConnection{channel=[id: 0xd62a591a, L:/127.0.0.1:51974 - R:localhost/127.0.0.1:8083]}}, [disconnecting])
15:53:16.895 [reactor-http-nio-48] DEBUG reactor.netty.resources.PooledConnectionProvider - [id: 0xd62a591a, L:/127.0.0.1:51974 - R:localhost/127.0.0.1:8083] Releasing channel
15:53:16.895 [reactor-http-nio-48] DEBUG reactor.netty.resources.PooledConnectionProvider - [id: 0xd62a591a, L:/127.0.0.1:51974 - R:localhost/127.0.0.1:8083] Channel cleaned, now 214 active connections and 87 inactive connections
15:53:16.895 [pool-5-thread-91] INFO tourGuide.service.TourGuideService - visitedLocatio tourGuide.gpsUtil.VisitedLocation@6b84692c
15:53:16.896 [pool-5-thread-91] DEBUG org.springframework.web.reactive.function.client.ExchangeFunctions - [5ace9c01] HTTP GET http://localhost:8083/attractions
15:53:16.898 [reactor-http-nio-46] DEBUG reactor.netty.resources.PooledConnectionProvider - [id: 0xbc334cd2, L:/127.0.0.1:51936 - R:localhost/127.0.0.1:8083] Channel acquired, now 215 active connections and 86 inactive connections
15:53:16.898 [reactor-http-nio-46] DEBUG reactor.netty.http.client.HttpClientConnect - [id: 0xbc334cd2, L:/127.0.0.1:51936 - R:localhost/127.0.0.1:8083] Handler is being applied: {uri=http://localhost:8083/attractions, method=GET}
15:53:16.898 [reactor-http-nio-46] DEBUG reactor.netty.resources.PooledConnectionProvider - [id: 0xbc334cd2, L:/127.0.0.1:51936 - R:localhost/127.0.0.1:8083] onStateChange(GET{uri=/attractions, connection=PooledConnection{channel=[id: 0xbc334cd2, L:/127.0.0.1:51936 - R:localhost/127.0.0.1:8083]}}, [request_sent])
15:53:16.899 [reactor-http-nio-41] DEBUG reactor.netty.http.client.HttpClientOperations - [id: 0x003d9ecc, L:/127.0.0.1:51923 - R:localhost/127.0.0.1:8083] Received response (auto-read:false) : [Content-Type=application/json, Transfer-Encoding=chunked, Date=Wed, 15 Jun 2022 14:53:15 GMT]
15:53:16.899 [reactor-http-nio-41] DEBUG reactor.netty.resources.PooledConnectionProvider - [id: 0x003d9ecc, L:/127.0.0.1:51923 - R:localhost/127.0.0.1:8083] onStateChange(GET{uri=/userLocation?userId=0e1ba366-5f59-4662-93cf-9417a747ad34, connection=PooledConnection{channel=[id: 0x003d9ecc, L:/127.0.0.1:51923 - R:localhost/127.0.0.1:8083]}}, [response_received])
15:53:16.899 [reactor-http-nio-41] DEBUG org.springframework.web.reactive.function.client.ExchangeFunctions - [54a872ea] Response 200 OK
15:53:16.899 [reactor-http-nio-48] DEBUG reactor.netty.http.client.HttpClientOperations - [id: 0x4f10c9bb, L:/127.0.0.1:51905 - R:localhost/127.0.0.1:8083] Received response (auto-read:false) : [Content-Type=application/json, Transfer-Encoding=chunked, Date=Wed, 15 Jun 2022 14:53:15 GMT]
15:53:16.899 [reactor-http-nio-48] DEBUG reactor.netty.resources.PooledConnectionProvider - [id: 0x4f10c9bb, L:/127.0.0.1:51905 - R:localhost/127.0.0.1:8083] onStateChange(GET{uri=/userLocation?userId=50120c4b-a862-4b8f-8f6f-7b3b94c1459c, connection=PooledConnection{channel=[id: 0x4f10c9bb, L:/127.0.0.1:51905 - R:localhost/127.0.0.1:8083]}}, [response_received])
15:53:16.899 [reactor-http-nio-48] DEBUG org.springframework.web.reactive.function.client.ExchangeFunctions - [24597174] Response 200 OK
15:53:16.900 [reactor-http-nio-41] DEBUG reactor.netty.channel.FluxReceive - [id: 0x003d9ecc, L:/127.0.0.1:51923 - R:localhost/127.0.0.1:8083] Subscribing inbound receiver [pending: 0, cancelled:false, inboundDone: false]
15:53:16.900 [reactor-http-nio-48] DEBUG reactor.netty.channel.FluxReceive - [id: 0x4f10c9bb, L:/127.0.0.1:51905 - R:localhost/127.0.0.1:8083] Subscribing inbound receiver [pending: 0, cancelled:false, inboundDone: false]
15:53:16.900 [reactor-http-nio-48] DEBUG reactor.netty.http.client.HttpClientOperations - [id: 0x4f10c9bb, L:/127.0.0.1:51905 - R:localhost/127.0.0.1:8083] Received last HTTP packet
15:53:16.900 [reactor-http-nio-48] DEBUG org.springframework.core.codec.StringDecoder - [24597174] Decoded "{"userId":"50120c4b-a862-4b8f-8f6f-7b3b94c1459c","location":{"longitude":-117.573672,"latitude":-53 (truncated)...
15:53:16.900 [reactor-http-nio-48] DEBUG reactor.netty.resources.PooledConnectionProvider - [id: 0x4f10c9bb, L:/127.0.0.1:51905 - R:localhost/127.0.0.1:8083] onStateChange(GET{uri=/userLocation?userId=50120c4b-a862-4b8f-8f6f-7b3b94c1459c, connection=PooledConnection{channel=[id: 0x4f10c9bb, L:/127.0.0.1:51905 - R:localhost/127.0.0.1:8083]}}, [disconnecting])
15:53:16.900 [reactor-http-nio-48] DEBUG reactor.netty.resources.PooledConnectionProvider - [id: 0x4f10c9bb, L:/127.0.0.1:51905 - R:localhost/127.0.0.1:8083] Releasing channel
15:53:16.900 [reactor-http-nio-48] DEBUG reactor.netty.resources.PooledConnectionProvider - [id: 0x4f10c9bb, L:/127.0.0.1:51905 - R:localhost/127.0.0.1:8083] Channel cleaned, now 214 active connections and 87 inactive connections
15:53:16.900 [reactor-http-nio-41] DEBUG reactor.netty.http.client.HttpClientOperations - [id: 0x1ae38938, L:/127.0.0.1:51917 - R:localhost/127.0.0.1:8083] Received response (auto-read:false) : [Content-Type=application/json, Transfer-Encoding=chunked, Date=Wed, 15 Jun 2022 14:53:15 GMT]
15:53:16.900 [reactor-http-nio-41] DEBUG reactor.netty.resources.PooledConnectionProvider - [id: 0x1ae38938, L:/127.0.0.1:51917 - R:localhost/127.0.0.1:8083] onStateChange(GET{uri=/userLocation?userId=00f6fb8f-2cbb-4ef9-b93c-8fe735fdfa0b, connection=PooledConnection{channel=[id: 0x1ae38938, L:/127.0.0.1:51917 - R:localhost/127.0.0.1:8083]}}, [response_received])
15:53:16.900 [reactor-http-nio-41] DEBUG org.springframework.web.reactive.function.client.ExchangeFunctions - [2e0c0c25] Response 200 OK
15:53:16.900 [reactor-http-nio-41] DEBUG reactor.netty.channel.FluxReceive - [id: 0x1ae38938, L:/127.0.0.1:51917 - R:localhost/127.0.0.1:8083] Subscribing inbound receiver [pending: 0, cancelled:false, inboundDone: false]
15:53:16.900 [reactor-http-nio-41] DEBUG reactor.netty.http.client.HttpClientOperations - [id: 0x1ae38938, L:/127.0.0.1:51917 - R:localhost/127.0.0.1:8083] Received last HTTP packet
15:53:16.901 [reactor-http-nio-41] DEBUG org.springframework.core.codec.StringDecoder - [2e0c0c25] Decoded "{"userId":"00f6fb8f-2cbb-4ef9-b93c-8fe735fdfa0b","location":{"longitude":-51.747028,"latitude":41.5 (truncated)...
15:53:16.901 [reactor-http-nio-41] DEBUG reactor.netty.resources.PooledConnectionProvider - [id: 0x1ae38938, L:/127.0.0.1:51917 - R:localhost/127.0.0.1:8083] onStateChange(GET{uri=/userLocation?userId=00f6fb8f-2cbb-4ef9-b93c-8fe735fdfa0b, connection=PooledConnection{channel=[id: 0x1ae38938, L:/127.0.0.1:51917 - R:localhost/127.0.0.1:8083]}}, [disconnecting])
15:53:16.901 [reactor-http-nio-41] DEBUG reactor.netty.resources.PooledConnectionProvider - [id: 0x1ae38938, L:/127.0.0.1:51917 - R:localhost/127.0.0.1:8083] Releasing channel
15:53:16.901 [reactor-http-nio-41] DEBUG reactor.netty.resources.PooledConnectionProvider - [id: 0x1ae38938, L:/127.0.0.1:51917 - R:localhost/127.0.0.1:8083] Channel cleaned, now 213 active connections and 88 inactive connections
15:53:16.901 [pool-5-thread-48] INFO tourGuide.service.TourGuideService - visitedLocatio tourGuide.gpsUtil.VisitedLocation@68f803a6
15:53:16.901 [pool-2-thread-115] INFO tourGuide.service.TourGuideService - visitedLocatio tourGuide.gpsUtil.VisitedLocation@43b3213a
15:53:16.902 [pool-5-thread-48] DEBUG org.springframework.web.reactive.function.client.ExchangeFunctions - [f1ef951] HTTP GET http://localhost:8083/attractions
15:53:16.902 [pool-2-thread-115] DEBUG org.springframework.web.reactive.function.client.ExchangeFunctions - [54b8400] HTTP GET http://localhost:8083/attractions
15:53:16.903 [reactor-http-nio-41] DEBUG reactor.netty.http.client.HttpClientOperations - [id: 0x1fca7f5e, L:/127.0.0.1:51796 - R:localhost/127.0.0.1:8083] Received response (auto-read:false) : [Content-Type=application/json, Transfer-Encoding=chunked, Date=Wed, 15 Jun 2022 14:53:15 GMT]
15:53:16.903 [reactor-http-nio-41] DEBUG reactor.netty.resources.PooledConnectionProvider - [id: 0x1fca7f5e, L:/127.0.0.1:51796 - R:localhost/127.0.0.1:8083] onStateChange(GET{uri=/attractions, connection=PooledConnection{channel=[id: 0x1fca7f5e, L:/127.0.0.1:51796 - R:localhost/127.0.0.1:8083]}}, [response_received])
15:53:16.903 [reactor-http-nio-41] DEBUG org.springframework.web.reactive.function.client.ExchangeFunctions - [3257ac52] Response 200 OK
15:53:16.903 [reactor-http-nio-41] DEBUG reactor.netty.channel.FluxReceive - [id: 0x1fca7f5e, L:/127.0.0.1:51796 - R:localhost/127.0.0.1:8083] Subscribing inbound receiver [pending: 0, cancelled:false, inboundDone: false]
15:53:16.904 [reactor-http-nio-41] DEBUG reactor.netty.http.client.HttpClientOperations - [id: 0x1fca7f5e, L:/127.0.0.1:51796 - R:localhost/127.0.0.1:8083] Received last HTTP packet
15:53:16.904 [reactor-http-nio-41] DEBUG org.springframework.core.codec.StringDecoder - [3257ac52] Decoded "[{"longitude":-117.922008,"latitude":33.817595,"attractionName":"Disneyland","city":"Anaheim","stat (truncated)...
15:53:16.904 [reactor-http-nio-41] DEBUG reactor.netty.resources.PooledConnectionProvider - [id: 0x1fca7f5e, L:/127.0.0.1:51796 - R:localhost/127.0.0.1:8083] onStateChange(GET{uri=/attractions, connection=PooledConnection{channel=[id: 0x1fca7f5e, L:/127.0.0.1:51796 - R:localhost/127.0.0.1:8083]}}, [disconnecting])
15:53:16.904 [reactor-http-nio-41] DEBUG reactor.netty.resources.PooledConnectionProvider - [id: 0x1fca7f5e, L:/127.0.0.1:51796 - R:localhost/127.0.0.1:8083] Releasing channel
15:53:16.904 [reactor-http-nio-41] DEBUG reactor.netty.resources.PooledConnectionProvider - [id: 0x1fca7f5e, L:/127.0.0.1:51796 - R:localhost/127.0.0.1:8083] Channel cleaned, now 212 active connections and 89 inactive connections
15:53:16.904 [reactor-http-nio-47] DEBUG reactor.netty.resources.PooledConnectionProvider - [id: 0x792d5066, L:/127.0.0.1:51697 - R:localhost/127.0.0.1:8083] Channel acquired, now 213 active connections and 88 inactive connections
15:53:16.904 [reactor-http-nio-47] DEBUG reactor.netty.http.client.HttpClientConnect - [id: 0x792d5066, L:/127.0.0.1:51697 - R:localhost/127.0.0.1:8083] Handler is being applied: {uri=http://localhost:8083/attractions, method=GET}
15:53:16.905 [reactor-http-nio-47] DEBUG reactor.netty.resources.PooledConnectionProvider - [id: 0x792d5066, L:/127.0.0.1:51697 - R:localhost/127.0.0.1:8083] onStateChange(GET{uri=/attractions, connection=PooledConnection{channel=[id: 0x792d5066, L:/127.0.0.1:51697 - R:localhost/127.0.0.1:8083]}}, [request_sent])
15:53:16.905 [reactor-http-nio-47] DEBUG reactor.netty.resources.PooledConnectionProvider - [id: 0xb5cdea8a, L:/127.0.0.1:51872 - R:localhost/127.0.0.1:8083] Channel acquired, now 214 active connections and 87 inactive connections
15:53:16.905 [reactor-http-nio-47] DEBUG reactor.netty.http.client.HttpClientConnect - [id: 0xb5cdea8a, L:/127.0.0.1:51872 - R:localhost/127.0.0.1:8083] Handler is being applied: {uri=http://localhost:8083/attractions, method=GET}
15:53:16.905 [reactor-http-nio-47] DEBUG reactor.netty.resources.PooledConnectionProvider - [id: 0xb5cdea8a, L:/127.0.0.1:51872 - R:localhost/127.0.0.1:8083] onStateChange(GET{uri=/attractions, connection=PooledConnection{channel=[id: 0xb5cdea8a, L:/127.0.0.1:51872 - R:localhost/127.0.0.1:8083]}}, [request_sent])
15:53:16.948 [reactor-http-nio-46] DEBUG reactor.netty.http.client.HttpClientOperations - [id: 0xad1ee2d1, L:/127.0.0.1:51756 - R:localhost/127.0.0.1:8083] Received response (auto-read:false) : [Content-Type=application/json, Transfer-Encoding=chunked, Date=Wed, 15 Jun 2022 14:53:15 GMT]
15:53:16.948 [reactor-http-nio-46] DEBUG reactor.netty.resources.PooledConnectionProvider - [id: 0xad1ee2d1, L:/127.0.0.1:51756 - R:localhost/127.0.0.1:8083] onStateChange(GET{uri=/attractions, connection=PooledConnection{channel=[id: 0xad1ee2d1, L:/127.0.0.1:51756 - R:localhost/127.0.0.1:8083]}}, [response_received])
15:53:16.948 [reactor-http-nio-46] DEBUG org.springframework.web.reactive.function.client.ExchangeFunctions - [7c6c267d] Response 200 OK
15:53:16.948 [reactor-http-nio-46] DEBUG reactor.netty.channel.FluxReceive - [id: 0xad1ee2d1, L:/127.0.0.1:51756 - R:localhost/127.0.0.1:8083] Subscribing inbound receiver [pending: 0, cancelled:false, inboundDone: false]
15:53:16.949 [reactor-http-nio-46] DEBUG reactor.netty.http.client.HttpClientOperations - [id: 0xad1ee2d1, L:/127.0.0.1:51756 - R:localhost/127.0.0.1:8083] Received last HTTP packet
15:53:16.949 [reactor-http-nio-46] DEBUG org.springframework.core.codec.StringDecoder - [7c6c267d] Decoded "[{"longitude":-117.922008,"latitude":33.817595,"attractionName":"Disneyland","city":"Anaheim","stat (truncated)...
15:53:16.949 [reactor-http-nio-46] DEBUG reactor.netty.resources.PooledConnectionProvider - [id: 0xad1ee2d1, L:/127.0.0.1:51756 - R:localhost/127.0.0.1:8083] onStateChange(GET{uri=/attractions, connection=PooledConnection{channel=[id: 0xad1ee2d1, L:/127.0.0.1:51756 - R:localhost/127.0.0.1:8083]}}, [disconnecting])
15:53:16.949 [reactor-http-nio-46] DEBUG reactor.netty.resources.PooledConnectionProvider - [id: 0xad1ee2d1, L:/127.0.0.1:51756 - R:localhost/127.0.0.1:8083] Releasing channel
15:53:16.949 [reactor-http-nio-46] DEBUG reactor.netty.resources.PooledConnectionProvider - [id: 0xad1ee2d1, L:/127.0.0.1:51756 - R:localhost/127.0.0.1:8083] Channel cleaned, now 213 active connections and 88 inactive connections
15:53:16.952 [reactor-http-nio-47] DEBUG reactor.netty.http.client.HttpClientOperations - [id: 0x31e144f5, L:/127.0.0.1:51849 - R:localhost/127.0.0.1:8083] Received response (auto-read:false) : [Content-Type=application/json, Transfer-Encoding=chunked, Date=Wed, 15 Jun 2022 14:53:15 GMT]
15:53:16.952 [reactor-http-nio-47] DEBUG reactor.netty.resources.PooledConnectionProvider - [id: 0x31e144f5, L:/127.0.0.1:51849 - R:localhost/127.0.0.1:8083] onStateChange(GET{uri=/attractions, connection=PooledConnection{channel=[id: 0x31e144f5, L:/127.0.0.1:51849 - R:localhost/127.0.0.1:8083]}}, [response_received])
15:53:16.952 [reactor-http-nio-47] DEBUG org.springframework.web.reactive.function.client.ExchangeFunctions - [7b5f80f6] Response 200 OK
15:53:16.953 [reactor-http-nio-47] DEBUG reactor.netty.channel.FluxReceive - [id: 0x31e144f5, L:/127.0.0.1:51849 - R:localhost/127.0.0.1:8083] Subscribing inbound receiver [pending: 0, cancelled:false, inboundDone: false]
15:53:16.953 [reactor-http-nio-47] DEBUG reactor.netty.http.client.HttpClientOperations - [id: 0x31e144f5, L:/127.0.0.1:51849 - R:localhost/127.0.0.1:8083] Received last HTTP packet
15:53:16.953 [reactor-http-nio-47] DEBUG org.springframework.core.codec.StringDecoder - [7b5f80f6] Decoded "[{"longitude":-117.922008,"latitude":33.817595,"attractionName":"Disneyland","city":"Anaheim","stat (truncated)...
15:53:16.953 [reactor-http-nio-47] DEBUG reactor.netty.resources.PooledConnectionProvider - [id: 0x31e144f5, L:/127.0.0.1:51849 - R:localhost/127.0.0.1:8083] onStateChange(GET{uri=/attractions, connection=PooledConnection{channel=[id: 0x31e144f5, L:/127.0.0.1:51849 - R:localhost/127.0.0.1:8083]}}, [disconnecting])
15:53:16.953 [reactor-http-nio-47] DEBUG reactor.netty.resources.PooledConnectionProvider - [id: 0x31e144f5, L:/127.0.0.1:51849 - R:localhost/127.0.0.1:8083] Releasing channel
15:53:16.953 [reactor-http-nio-47] DEBUG reactor.netty.resources.PooledConnectionProvider - [id: 0x31e144f5, L:/127.0.0.1:51849 - R:localhost/127.0.0.1:8083] Channel cleaned, now 212 active connections and 89 inactive connections
15:53:16.955 [reactor-http-nio-47] DEBUG reactor.netty.http.client.HttpClientOperations - [id: 0x9813afd7, L:/127.0.0.1:51842 - R:localhost/127.0.0.1:8083] Received response (auto-read:false) : [Content-Type=application/json, Transfer-Encoding=chunked, Date=Wed, 15 Jun 2022 14:53:15 GMT]
15:53:16.955 [reactor-http-nio-47] DEBUG reactor.netty.resources.PooledConnectionProvider - [id: 0x9813afd7, L:/127.0.0.1:51842 - R:localhost/127.0.0.1:8083] onStateChange(GET{uri=/attractions, connection=PooledConnection{channel=[id: 0x9813afd7, L:/127.0.0.1:51842 - R:localhost/127.0.0.1:8083]}}, [response_received])
15:53:16.955 [reactor-http-nio-47] DEBUG org.springframework.web.reactive.function.client.ExchangeFunctions - [26d9e0e5] Response 200 OK
15:53:16.956 [reactor-http-nio-47] DEBUG reactor.netty.channel.FluxReceive - [id: 0x9813afd7, L:/127.0.0.1:51842 - R:localhost/127.0.0.1:8083] Subscribing inbound receiver [pending: 0, cancelled:false, inboundDone: false]
15:53:16.956 [reactor-http-nio-47] DEBUG reactor.netty.http.client.HttpClientOperations - [id: 0x9813afd7, L:/127.0.0.1:51842 - R:localhost/127.0.0.1:8083] Received last HTTP packet
15:53:16.957 [reactor-http-nio-47] DEBUG org.springframework.core.codec.StringDecoder - [26d9e0e5] Decoded "[{"longitude":-117.922008,"latitude":33.817595,"attractionName":"Disneyland","city":"Anaheim","stat (truncated)...
15:53:16.957 [reactor-http-nio-47] DEBUG reactor.netty.resources.PooledConnectionProvider - [id: 0x9813afd7, L:/127.0.0.1:51842 - R:localhost/127.0.0.1:8083] onStateChange(GET{uri=/attractions, connection=PooledConnection{channel=[id: 0x9813afd7, L:/127.0.0.1:51842 - R:localhost/127.0.0.1:8083]}}, [disconnecting])
15:53:16.957 [reactor-http-nio-47] DEBUG reactor.netty.resources.PooledConnectionProvider - [id: 0x9813afd7, L:/127.0.0.1:51842 - R:localhost/127.0.0.1:8083] Releasing channel
15:53:16.957 [reactor-http-nio-47] DEBUG reactor.netty.resources.PooledConnectionProvider - [id: 0x9813afd7, L:/127.0.0.1:51842 - R:localhost/127.0.0.1:8083] Channel cleaned, now 211 active connections and 90 inactive connections
15:53:16.960 [reactor-http-nio-41] DEBUG reactor.netty.http.client.HttpClientOperations - [id: 0x453fdead, L:/127.0.0.1:51775 - R:localhost/127.0.0.1:8083] Received response (auto-read:false) : [Content-Type=application/json, Transfer-Encoding=chunked, Date=Wed, 15 Jun 2022 14:53:15 GMT]
15:53:16.960 [reactor-http-nio-41] DEBUG reactor.netty.resources.PooledConnectionProvider - [id: 0x453fdead, L:/127.0.0.1:51775 - R:localhost/127.0.0.1:8083] onStateChange(GET{uri=/attractions, connection=PooledConnection{channel=[id: 0x453fdead, L:/127.0.0.1:51775 - R:localhost/127.0.0.1:8083]}}, [response_received])
15:53:16.960 [reactor-http-nio-41] DEBUG org.springframework.web.reactive.function.client.ExchangeFunctions - [6bf5eaf4] Response 200 OK
15:53:16.961 [reactor-http-nio-46] DEBUG reactor.netty.http.client.HttpClientOperations - [id: 0xe2a0d401, L:/127.0.0.1:51788 - R:localhost/127.0.0.1:8083] Received response (auto-read:false) : [Content-Type=application/json, Transfer-Encoding=chunked, Date=Wed, 15 Jun 2022 14:53:15 GMT]
15:53:16.961 [reactor-http-nio-46] DEBUG reactor.netty.resources.PooledConnectionProvider - [id: 0xe2a0d401, L:/127.0.0.1:51788 - R:localhost/127.0.0.1:8083] onStateChange(GET{uri=/attractions, connection=PooledConnection{channel=[id: 0xe2a0d401, L:/127.0.0.1:51788 - R:localhost/127.0.0.1:8083]}}, [response_received])
15:53:16.961 [reactor-http-nio-41] DEBUG reactor.netty.channel.FluxReceive - [id: 0x453fdead, L:/127.0.0.1:51775 - R:localhost/127.0.0.1:8083] Subscribing inbound receiver [pending: 0, cancelled:false, inboundDone: false]
15:53:16.961 [reactor-http-nio-46] DEBUG org.springframework.web.reactive.function.client.ExchangeFunctions - [1740006c] Response 200 OK
15:53:16.961 [reactor-http-nio-41] DEBUG reactor.netty.http.client.HttpClientOperations - [id: 0x453fdead, L:/127.0.0.1:51775 - R:localhost/127.0.0.1:8083] Received last HTTP packet
15:53:16.961 [reactor-http-nio-46] DEBUG reactor.netty.channel.FluxReceive - [id: 0xe2a0d401, L:/127.0.0.1:51788 - R:localhost/127.0.0.1:8083] Subscribing inbound receiver [pending: 0, cancelled:false, inboundDone: false]
15:53:16.961 [reactor-http-nio-41] DEBUG org.springframework.core.codec.StringDecoder - [6bf5eaf4] Decoded "[{"longitude":-117.922008,"latitude":33.817595,"attractionName":"Disneyland","city":"Anaheim","stat (truncated)...
15:53:16.961 [reactor-http-nio-41] DEBUG reactor.netty.resources.PooledConnectionProvider - [id: 0x453fdead, L:/127.0.0.1:51775 - R:localhost/127.0.0.1:8083] onStateChange(GET{uri=/attractions, connection=PooledConnection{channel=[id: 0x453fdead, L:/127.0.0.1:51775 - R:localhost/127.0.0.1:8083]}}, [disconnecting])
15:53:16.961 [reactor-http-nio-46] DEBUG reactor.netty.http.client.HttpClientOperations - [id: 0xe2a0d401, L:/127.0.0.1:51788 - R:localhost/127.0.0.1:8083] Received last HTTP packet
15:53:16.961 [reactor-http-nio-41] DEBUG reactor.netty.resources.PooledConnectionProvider - [id: 0x453fdead, L:/127.0.0.1:51775 - R:localhost/127.0.0.1:8083] Releasing channel
15:53:16.961 [reactor-http-nio-41] DEBUG reactor.netty.resources.PooledConnectionProvider - [id: 0x453fdead, L:/127.0.0.1:51775 - R:localhost/127.0.0.1:8083] Channel cleaned, now 210 active connections and 91 inactive connections
15:53:16.961 [reactor-http-nio-46] DEBUG org.springframework.core.codec.StringDecoder - [1740006c] Decoded "[{"longitude":-117.922008,"latitude":33.817595,"attractionName":"Disneyland","city":"Anaheim","stat (truncated)...
15:53:16.961 [reactor-http-nio-46] DEBUG reactor.netty.resources.PooledConnectionProvider - [id: 0xe2a0d401, L:/127.0.0.1:51788 - R:localhost/127.0.0.1:8083] onStateChange(GET{uri=/attractions, connection=PooledConnection{channel=[id: 0xe2a0d401, L:/127.0.0.1:51788 - R:localhost/127.0.0.1:8083]}}, [disconnecting])
15:53:16.961 [reactor-http-nio-46] DEBUG reactor.netty.resources.PooledConnectionProvider - [id: 0xe2a0d401, L:/127.0.0.1:51788 - R:localhost/127.0.0.1:8083] Releasing channel
15:53:16.961 [reactor-http-nio-46] DEBUG reactor.netty.resources.PooledConnectionProvider - [id: 0xe2a0d401, L:/127.0.0.1:51788 - R:localhost/127.0.0.1:8083] Channel cleaned, now 209 active connections and 92 inactive connections
15:53:16.962 [reactor-http-nio-41] DEBUG reactor.netty.http.client.HttpClientOperations - [id: 0xd26d2f3c, L:/127.0.0.1:51741 - R:localhost/127.0.0.1:8083] Received response (auto-read:false) : [Content-Type=application/json, Transfer-Encoding=chunked, Date=Wed, 15 Jun 2022 14:53:15 GMT]
15:53:16.962 [reactor-http-nio-41] DEBUG reactor.netty.resources.PooledConnectionProvider - [id: 0xd26d2f3c, L:/127.0.0.1:51741 - R:localhost/127.0.0.1:8083] onStateChange(GET{uri=/attractions, connection=PooledConnection{channel=[id: 0xd26d2f3c, L:/127.0.0.1:51741 - R:localhost/127.0.0.1:8083]}}, [response_received])
15:53:16.962 [reactor-http-nio-41] DEBUG org.springframework.web.reactive.function.client.ExchangeFunctions - [6f0e89b2] Response 200 OK
15:53:16.962 [reactor-http-nio-41] DEBUG reactor.netty.channel.FluxReceive - [id: 0xd26d2f3c, L:/127.0.0.1:51741 - R:localhost/127.0.0.1:8083] Subscribing inbound receiver [pending: 0, cancelled:false, inboundDone: false]
15:53:16.962 [reactor-http-nio-41] DEBUG reactor.netty.http.client.HttpClientOperations - [id: 0xd26d2f3c, L:/127.0.0.1:51741 - R:localhost/127.0.0.1:8083] Received last HTTP packet
15:53:16.962 [reactor-http-nio-41] DEBUG org.springframework.core.codec.StringDecoder - [6f0e89b2] Decoded "[{"longitude":-117.922008,"latitude":33.817595,"attractionName":"Disneyland","city":"Anaheim","stat (truncated)...
15:53:16.962 [reactor-http-nio-41] DEBUG reactor.netty.resources.PooledConnectionProvider - [id: 0xd26d2f3c, L:/127.0.0.1:51741 - R:localhost/127.0.0.1:8083] onStateChange(GET{uri=/attractions, connection=PooledConnection{channel=[id: 0xd26d2f3c, L:/127.0.0.1:51741 - R:localhost/127.0.0.1:8083]}}, [disconnecting])
15:53:16.962 [reactor-http-nio-41] DEBUG reactor.netty.resources.PooledConnectionProvider - [id: 0xd26d2f3c, L:/127.0.0.1:51741 - R:localhost/127.0.0.1:8083] Releasing channel
15:53:16.962 [reactor-http-nio-41] DEBUG reactor.netty.resources.PooledConnectionProvider - [id: 0xd26d2f3c, L:/127.0.0.1:51741 - R:localhost/127.0.0.1:8083] Channel cleaned, now 208 active connections and 93 inactive connections
15:53:16.964 [reactor-http-nio-48] DEBUG reactor.netty.http.client.HttpClientOperations - [id: 0xed116a68, L:/127.0.0.1:51964 - R:localhost/127.0.0.1:8083] Received response (auto-read:false) : [Content-Type=application/json, Transfer-Encoding=chunked, Date=Wed, 15 Jun 2022 14:53:15 GMT]
15:53:16.964 [reactor-http-nio-48] DEBUG reactor.netty.resources.PooledConnectionProvider - [id: 0xed116a68, L:/127.0.0.1:51964 - R:localhost/127.0.0.1:8083] onStateChange(GET{uri=/userLocation?userId=8ed54952-4f9e-4c47-84c1-d9ce7808a34e, connection=PooledConnection{channel=[id: 0xed116a68, L:/127.0.0.1:51964 - R:localhost/127.0.0.1:8083]}}, [response_received])
15:53:16.964 [reactor-http-nio-48] DEBUG org.springframework.web.reactive.function.client.ExchangeFunctions - [49c44a0e] Response 200 OK
15:53:16.965 [reactor-http-nio-48] DEBUG reactor.netty.channel.FluxReceive - [id: 0xed116a68, L:/127.0.0.1:51964 - R:localhost/127.0.0.1:8083] Subscribing inbound receiver [pending: 0, cancelled:false, inboundDone: false]
15:53:16.965 [reactor-http-nio-48] DEBUG reactor.netty.http.client.HttpClientOperations - [id: 0xed116a68, L:/127.0.0.1:51964 - R:localhost/127.0.0.1:8083] Received last HTTP packet
15:53:16.965 [reactor-http-nio-48] DEBUG org.springframework.core.codec.StringDecoder - [49c44a0e] Decoded "{"userId":"8ed54952-4f9e-4c47-84c1-d9ce7808a34e","location":{"longitude":7.765039,"latitude":54.983 (truncated)...
15:53:16.965 [reactor-http-nio-48] DEBUG reactor.netty.resources.PooledConnectionProvider - [id: 0xed116a68, L:/127.0.0.1:51964 - R:localhost/127.0.0.1:8083] onStateChange(GET{uri=/userLocation?userId=8ed54952-4f9e-4c47-84c1-d9ce7808a34e, connection=PooledConnection{channel=[id: 0xed116a68, L:/127.0.0.1:51964 - R:localhost/127.0.0.1:8083]}}, [disconnecting])
15:53:16.965 [reactor-http-nio-48] DEBUG reactor.netty.resources.PooledConnectionProvider - [id: 0xed116a68, L:/127.0.0.1:51964 - R:localhost/127.0.0.1:8083] Releasing channel
15:53:16.965 [reactor-http-nio-48] DEBUG reactor.netty.resources.PooledConnectionProvider - [id: 0xed116a68, L:/127.0.0.1:51964 - R:localhost/127.0.0.1:8083] Channel cleaned, now 207 active connections and 94 inactive connections
15:53:16.966 [pool-2-thread-175] INFO tourGuide.service.TourGuideService - visitedLocatio tourGuide.gpsUtil.VisitedLocation@2aecaafa
15:53:16.966 [pool-2-thread-175] DEBUG org.springframework.web.reactive.function.client.ExchangeFunctions - [68d6bf7a] HTTP GET http://localhost:8083/attractions
15:53:16.969 [reactor-http-nio-48] DEBUG reactor.netty.resources.PooledConnectionProvider - [id: 0x3ef135e7, L:/127.0.0.1:51977 - R:localhost/127.0.0.1:8083] Channel acquired, now 208 active connections and 93 inactive connections
15:53:16.969 [reactor-http-nio-48] DEBUG reactor.netty.http.client.HttpClientConnect - [id: 0x3ef135e7, L:/127.0.0.1:51977 - R:localhost/127.0.0.1:8083] Handler is being applied: {uri=http://localhost:8083/attractions, method=GET}
15:53:16.969 [reactor-http-nio-48] DEBUG reactor.netty.resources.PooledConnectionProvider - [id: 0x3ef135e7, L:/127.0.0.1:51977 - R:localhost/127.0.0.1:8083] onStateChange(GET{uri=/attractions, connection=PooledConnection{channel=[id: 0x3ef135e7, L:/127.0.0.1:51977 - R:localhost/127.0.0.1:8083]}}, [request_sent])
15:53:16.970 [reactor-http-nio-41] DEBUG reactor.netty.http.client.HttpClientOperations - [id: 0x5524893e, L:/127.0.0.1:51743 - R:localhost/127.0.0.1:8083] Received response (auto-read:false) : [Content-Type=application/json, Transfer-Encoding=chunked, Date=Wed, 15 Jun 2022 14:53:15 GMT]
15:53:16.970 [reactor-http-nio-41] DEBUG reactor.netty.resources.PooledConnectionProvider - [id: 0x5524893e, L:/127.0.0.1:51743 - R:localhost/127.0.0.1:8083] onStateChange(GET{uri=/attractions, connection=PooledConnection{channel=[id: 0x5524893e, L:/127.0.0.1:51743 - R:localhost/127.0.0.1:8083]}}, [response_received])
15:53:16.970 [reactor-http-nio-41] DEBUG org.springframework.web.reactive.function.client.ExchangeFunctions - [240266ec] Response 200 OK
15:53:16.971 [reactor-http-nio-41] DEBUG reactor.netty.channel.FluxReceive - [id: 0x5524893e, L:/127.0.0.1:51743 - R:localhost/127.0.0.1:8083] Subscribing inbound receiver [pending: 0, cancelled:false, inboundDone: false]
15:53:16.971 [reactor-http-nio-41] DEBUG reactor.netty.http.client.HttpClientOperations - [id: 0x5524893e, L:/127.0.0.1:51743 - R:localhost/127.0.0.1:8083] Received last HTTP packet
15:53:16.971 [reactor-http-nio-41] DEBUG org.springframework.core.codec.StringDecoder - [240266ec] Decoded "[{"longitude":-117.922008,"latitude":33.817595,"attractionName":"Disneyland","city":"Anaheim","stat (truncated)...
15:53:16.971 [reactor-http-nio-41] DEBUG reactor.netty.resources.PooledConnectionProvider - [id: 0x5524893e, L:/127.0.0.1:51743 - R:localhost/127.0.0.1:8083] onStateChange(GET{uri=/attractions, connection=PooledConnection{channel=[id: 0x5524893e, L:/127.0.0.1:51743 - R:localhost/127.0.0.1:8083]}}, [disconnecting])
15:53:16.971 [reactor-http-nio-41] DEBUG reactor.netty.resources.PooledConnectionProvider - [id: 0x5524893e, L:/127.0.0.1:51743 - R:localhost/127.0.0.1:8083] Releasing channel
15:53:16.971 [reactor-http-nio-41] DEBUG reactor.netty.resources.PooledConnectionProvider - [id: 0x5524893e, L:/127.0.0.1:51743 - R:localhost/127.0.0.1:8083] Channel cleaned, now 207 active connections and 94 inactive connections
15:53:16.983 [pool-4-thread-26] DEBUG org.springframework.web.reactive.function.client.ExchangeFunctions - [76515ee1] HTTP GET http://localhost:8084/attractionRewardPoint?attractionId=7ce80b7b-da9f-4950-ae54-26e267f79cc3&userId=5de48127-e4e7-42fa-b144-8f460a3fcf43
15:53:16.985 [reactor-http-nio-48] DEBUG reactor.netty.resources.PooledConnectionProvider - [id: 0x5aa059bb] Created new pooled channel, now 25 active connections and 1 inactive connections
15:53:16.985 [reactor-http-nio-48] DEBUG reactor.netty.channel.BootstrapHandlers - [id: 0x5aa059bb] Initialized pipeline DefaultChannelPipeline{(BootstrapHandlers$BootstrapInitializerHandler#0 = reactor.netty.channel.BootstrapHandlers$BootstrapInitializerHandler), (SimpleChannelPool$1#0 = io.netty.channel.pool.SimpleChannelPool$1), (reactor.left.httpCodec = io.netty.handler.codec.http.HttpClientCodec), (reactor.left.decompressor = io.netty.handler.codec.http.HttpContentDecompressor), (reactor.right.reactiveBridge = reactor.netty.channel.ChannelOperationsHandler)}
15:53:16.986 [reactor-http-nio-48] DEBUG reactor.netty.resources.PooledConnectionProvider - [id: 0x5aa059bb, L:/127.0.0.1:52006 - R:localhost/127.0.0.1:8084] onStateChange(PooledConnection{channel=[id: 0x5aa059bb, L:/127.0.0.1:52006 - R:localhost/127.0.0.1:8084]}, [connected])
15:53:16.986 [reactor-http-nio-48] DEBUG reactor.netty.resources.PooledConnectionProvider - [id: 0x5aa059bb, L:/127.0.0.1:52006 - R:localhost/127.0.0.1:8084] onStateChange(GET{uri=/, connection=PooledConnection{channel=[id: 0x5aa059bb, L:/127.0.0.1:52006 - R:localhost/127.0.0.1:8084]}}, [configured])
15:53:16.987 [reactor-http-nio-48] DEBUG reactor.netty.resources.PooledConnectionProvider - [id: 0x5aa059bb, L:/127.0.0.1:52006 - R:localhost/127.0.0.1:8084] Registering pool release on close event for channel
15:53:16.987 [reactor-http-nio-48] DEBUG reactor.netty.http.client.HttpClientConnect - [id: 0x5aa059bb, L:/127.0.0.1:52006 - R:localhost/127.0.0.1:8084] Handler is being applied: {uri=http://localhost:8084/attractionRewardPoint?attractionId=7ce80b7b-da9f-4950-ae54-26e267f79cc3&userId=5de48127-e4e7-42fa-b144-8f460a3fcf43, method=GET}
15:53:16.988 [reactor-http-nio-48] DEBUG reactor.netty.resources.PooledConnectionProvider - [id: 0x5aa059bb, L:/127.0.0.1:52006 - R:localhost/127.0.0.1:8084] onStateChange(GET{uri=/attractionRewardPoint?attractionId=7ce80b7b-da9f-4950-ae54-26e267f79cc3&userId=5de48127-e4e7-42fa-b144-8f460a3fcf43, connection=PooledConnection{channel=[id: 0x5aa059bb, L:/127.0.0.1:52006 - R:localhost/127.0.0.1:8084]}}, [request_sent])
15:53:16.988 [reactor-http-nio-48] DEBUG reactor.netty.resources.PooledConnectionProvider - [id: 0x5aa059bb, L:/127.0.0.1:52006 - R:localhost/127.0.0.1:8084] Channel connected, now 26 active connections and 0 inactive connections
15:53:16.995 [reactor-http-nio-46] DEBUG reactor.netty.http.client.HttpClientOperations - [id: 0x4746856e, L:/127.0.0.1:51809 - R:localhost/127.0.0.1:8083] Received response (auto-read:false) : [Content-Type=application/json, Transfer-Encoding=chunked, Date=Wed, 15 Jun 2022 14:53:15 GMT]
15:53:16.995 [reactor-http-nio-46] DEBUG reactor.netty.resources.PooledConnectionProvider - [id: 0x4746856e, L:/127.0.0.1:51809 - R:localhost/127.0.0.1:8083] onStateChange(GET{uri=/attractions, connection=PooledConnection{channel=[id: 0x4746856e, L:/127.0.0.1:51809 - R:localhost/127.0.0.1:8083]}}, [response_received])
15:53:16.995 [reactor-http-nio-46] DEBUG org.springframework.web.reactive.function.client.ExchangeFunctions - [2d9728] Response 200 OK
15:53:16.996 [reactor-http-nio-46] DEBUG reactor.netty.channel.FluxReceive - [id: 0x4746856e, L:/127.0.0.1:51809 - R:localhost/127.0.0.1:8083] Subscribing inbound receiver [pending: 0, cancelled:false, inboundDone: false]
15:53:16.996 [reactor-http-nio-46] DEBUG reactor.netty.http.client.HttpClientOperations - [id: 0x4746856e, L:/127.0.0.1:51809 - R:localhost/127.0.0.1:8083] Received last HTTP packet
15:53:16.996 [reactor-http-nio-46] DEBUG org.springframework.core.codec.StringDecoder - [2d9728] Decoded "[{"longitude":-117.922008,"latitude":33.817595,"attractionName":"Disneyland","city":"Anaheim","stat (truncated)...
15:53:16.996 [reactor-http-nio-46] DEBUG reactor.netty.resources.PooledConnectionProvider - [id: 0x4746856e, L:/127.0.0.1:51809 - R:localhost/127.0.0.1:8083] onStateChange(GET{uri=/attractions, connection=PooledConnection{channel=[id: 0x4746856e, L:/127.0.0.1:51809 - R:localhost/127.0.0.1:8083]}}, [disconnecting])
15:53:16.996 [reactor-http-nio-46] DEBUG reactor.netty.resources.PooledConnectionProvider - [id: 0x4746856e, L:/127.0.0.1:51809 - R:localhost/127.0.0.1:8083] Releasing channel
15:53:16.996 [reactor-http-nio-46] DEBUG reactor.netty.resources.PooledConnectionProvider - [id: 0x4746856e, L:/127.0.0.1:51809 - R:localhost/127.0.0.1:8083] Channel cleaned, now 206 active connections and 95 inactive connections
15:53:16.998 [reactor-http-nio-41] DEBUG reactor.netty.http.client.HttpClientOperations - [id: 0x35480b9d, L:/127.0.0.1:51783 - R:localhost/127.0.0.1:8083] Received response (auto-read:false) : [Content-Type=application/json, Transfer-Encoding=chunked, Date=Wed, 15 Jun 2022 14:53:15 GMT]
15:53:16.998 [reactor-http-nio-41] DEBUG reactor.netty.resources.PooledConnectionProvider - [id: 0x35480b9d, L:/127.0.0.1:51783 - R:localhost/127.0.0.1:8083] onStateChange(GET{uri=/attractions, connection=PooledConnection{channel=[id: 0x35480b9d, L:/127.0.0.1:51783 - R:localhost/127.0.0.1:8083]}}, [response_received])
15:53:16.999 [reactor-http-nio-41] DEBUG org.springframework.web.reactive.function.client.ExchangeFunctions - [397d4e82] Response 200 OK
15:53:16.999 [reactor-http-nio-41] DEBUG reactor.netty.channel.FluxReceive - [id: 0x35480b9d, L:/127.0.0.1:51783 - R:localhost/127.0.0.1:8083] Subscribing inbound receiver [pending: 0, cancelled:false, inboundDone: false]
15:53:16.999 [reactor-http-nio-41] DEBUG reactor.netty.http.client.HttpClientOperations - [id: 0x35480b9d, L:/127.0.0.1:51783 - R:localhost/127.0.0.1:8083] Received last HTTP packet
15:53:16.999 [reactor-http-nio-41] DEBUG org.springframework.core.codec.StringDecoder - [397d4e82] Decoded "[{"longitude":-117.922008,"latitude":33.817595,"attractionName":"Disneyland","city":"Anaheim","stat (truncated)...
15:53:16.999 [reactor-http-nio-41] DEBUG reactor.netty.resources.PooledConnectionProvider - [id: 0x35480b9d, L:/127.0.0.1:51783 - R:localhost/127.0.0.1:8083] onStateChange(GET{uri=/attractions, connection=PooledConnection{channel=[id: 0x35480b9d, L:/127.0.0.1:51783 - R:localhost/127.0.0.1:8083]}}, [disconnecting])
15:53:16.999 [reactor-http-nio-41] DEBUG reactor.netty.resources.PooledConnectionProvider - [id: 0x35480b9d, L:/127.0.0.1:51783 - R:localhost/127.0.0.1:8083] Releasing channel
15:53:16.999 [reactor-http-nio-41] DEBUG reactor.netty.resources.PooledConnectionProvider - [id: 0x35480b9d, L:/127.0.0.1:51783 - R:localhost/127.0.0.1:8083] Channel cleaned, now 205 active connections and 96 inactive connections
15:53:17.002 [reactor-http-nio-47] DEBUG reactor.netty.http.client.HttpClientOperations - [id: 0x6cb64786, L:/127.0.0.1:51839 - R:localhost/127.0.0.1:8083] Received response (auto-read:false) : [Content-Type=application/json, Transfer-Encoding=chunked, Date=Wed, 15 Jun 2022 14:53:15 GMT]
15:53:17.002 [reactor-http-nio-47] DEBUG reactor.netty.resources.PooledConnectionProvider - [id: 0x6cb64786, L:/127.0.0.1:51839 - R:localhost/127.0.0.1:8083] onStateChange(GET{uri=/attractions, connection=PooledConnection{channel=[id: 0x6cb64786, L:/127.0.0.1:51839 - R:localhost/127.0.0.1:8083]}}, [response_received])
15:53:17.002 [reactor-http-nio-46] DEBUG reactor.netty.http.client.HttpClientOperations - [id: 0x64dc3a35, L:/127.0.0.1:51768 - R:localhost/127.0.0.1:8083] Received response (auto-read:false) : [Content-Type=application/json, Transfer-Encoding=chunked, Date=Wed, 15 Jun 2022 14:53:15 GMT]
15:53:17.002 [reactor-http-nio-46] DEBUG reactor.netty.resources.PooledConnectionProvider - [id: 0x64dc3a35, L:/127.0.0.1:51768 - R:localhost/127.0.0.1:8083] onStateChange(GET{uri=/attractions, connection=PooledConnection{channel=[id: 0x64dc3a35, L:/127.0.0.1:51768 - R:localhost/127.0.0.1:8083]}}, [response_received])
15:53:17.002 [reactor-http-nio-46] DEBUG org.springframework.web.reactive.function.client.ExchangeFunctions - [1edf475c] Response 200 OK
15:53:17.002 [reactor-http-nio-46] DEBUG reactor.netty.channel.FluxReceive - [id: 0x64dc3a35, L:/127.0.0.1:51768 - R:localhost/127.0.0.1:8083] Subscribing inbound receiver [pending: 0, cancelled:false, inboundDone: false]
15:53:17.002 [reactor-http-nio-46] DEBUG reactor.netty.http.client.HttpClientOperations - [id: 0x64dc3a35, L:/127.0.0.1:51768 - R:localhost/127.0.0.1:8083] Received last HTTP packet
15:53:17.003 [reactor-http-nio-46] DEBUG org.springframework.core.codec.StringDecoder - [1edf475c] Decoded "[{"longitude":-117.922008,"latitude":33.817595,"attractionName":"Disneyland","city":"Anaheim","stat (truncated)...
15:53:17.003 [reactor-http-nio-46] DEBUG reactor.netty.resources.PooledConnectionProvider - [id: 0x64dc3a35, L:/127.0.0.1:51768 - R:localhost/127.0.0.1:8083] onStateChange(GET{uri=/attractions, connection=PooledConnection{channel=[id: 0x64dc3a35, L:/127.0.0.1:51768 - R:localhost/127.0.0.1:8083]}}, [disconnecting])
15:53:17.003 [reactor-http-nio-46] DEBUG reactor.netty.resources.PooledConnectionProvider - [id: 0x64dc3a35, L:/127.0.0.1:51768 - R:localhost/127.0.0.1:8083] Releasing channel
15:53:17.003 [reactor-http-nio-46] DEBUG reactor.netty.resources.PooledConnectionProvider - [id: 0x64dc3a35, L:/127.0.0.1:51768 - R:localhost/127.0.0.1:8083] Channel cleaned, now 204 active connections and 97 inactive connections
15:53:17.003 [reactor-http-nio-47] DEBUG org.springframework.web.reactive.function.client.ExchangeFunctions - [61635520] Response 200 OK
15:53:17.003 [reactor-http-nio-47] DEBUG reactor.netty.channel.FluxReceive - [id: 0x6cb64786, L:/127.0.0.1:51839 - R:localhost/127.0.0.1:8083] Subscribing inbound receiver [pending: 0, cancelled:false, inboundDone: false]
15:53:17.004 [reactor-http-nio-47] DEBUG reactor.netty.http.client.HttpClientOperations - [id: 0xab8c6a94, L:/127.0.0.1:51844 - R:localhost/127.0.0.1:8083] Received response (auto-read:false) : [Content-Type=application/json, Transfer-Encoding=chunked, Date=Wed, 15 Jun 2022 14:53:15 GMT]
15:53:17.004 [reactor-http-nio-47] DEBUG reactor.netty.resources.PooledConnectionProvider - [id: 0xab8c6a94, L:/127.0.0.1:51844 - R:localhost/127.0.0.1:8083] onStateChange(GET{uri=/attractions, connection=PooledConnection{channel=[id: 0xab8c6a94, L:/127.0.0.1:51844 - R:localhost/127.0.0.1:8083]}}, [response_received])
15:53:17.004 [reactor-http-nio-47] DEBUG org.springframework.web.reactive.function.client.ExchangeFunctions - [7e7076ce] Response 200 OK
15:53:17.004 [reactor-http-nio-47] DEBUG reactor.netty.channel.FluxReceive - [id: 0xab8c6a94, L:/127.0.0.1:51844 - R:localhost/127.0.0.1:8083] Subscribing inbound receiver [pending: 0, cancelled:false, inboundDone: false]
15:53:17.005 [reactor-http-nio-47] DEBUG reactor.netty.http.client.HttpClientOperations - [id: 0xab8c6a94, L:/127.0.0.1:51844 - R:localhost/127.0.0.1:8083] Received last HTTP packet
15:53:17.005 [reactor-http-nio-47] DEBUG org.springframework.core.codec.StringDecoder - [7e7076ce] Decoded "[{"longitude":-117.922008,"latitude":33.817595,"attractionName":"Disneyland","city":"Anaheim","stat (truncated)...
15:53:17.005 [reactor-http-nio-47] DEBUG reactor.netty.resources.PooledConnectionProvider - [id: 0xab8c6a94, L:/127.0.0.1:51844 - R:localhost/127.0.0.1:8083] onStateChange(GET{uri=/attractions, connection=PooledConnection{channel=[id: 0xab8c6a94, L:/127.0.0.1:51844 - R:localhost/127.0.0.1:8083]}}, [disconnecting])
15:53:17.005 [reactor-http-nio-47] DEBUG reactor.netty.resources.PooledConnectionProvider - [id: 0xab8c6a94, L:/127.0.0.1:51844 - R:localhost/127.0.0.1:8083] Releasing channel
15:53:17.005 [reactor-http-nio-47] DEBUG reactor.netty.resources.PooledConnectionProvider - [id: 0xab8c6a94, L:/127.0.0.1:51844 - R:localhost/127.0.0.1:8083] Channel cleaned, now 203 active connections and 98 inactive connections
15:53:17.009 [reactor-http-nio-41] DEBUG reactor.netty.http.client.HttpClientOperations - [id: 0x9f0a2ff5, L:/127.0.0.1:51757 - R:localhost/127.0.0.1:8083] Received response (auto-read:false) : [Content-Type=application/json, Transfer-Encoding=chunked, Date=Wed, 15 Jun 2022 14:53:15 GMT]
15:53:17.009 [reactor-http-nio-41] DEBUG reactor.netty.resources.PooledConnectionProvider - [id: 0x9f0a2ff5, L:/127.0.0.1:51757 - R:localhost/127.0.0.1:8083] onStateChange(GET{uri=/attractions, connection=PooledConnection{channel=[id: 0x9f0a2ff5, L:/127.0.0.1:51757 - R:localhost/127.0.0.1:8083]}}, [response_received])
15:53:17.009 [reactor-http-nio-41] DEBUG org.springframework.web.reactive.function.client.ExchangeFunctions - [48d62fa1] Response 200 OK
15:53:17.010 [reactor-http-nio-41] DEBUG reactor.netty.channel.FluxReceive - [id: 0x9f0a2ff5, L:/127.0.0.1:51757 - R:localhost/127.0.0.1:8083] Subscribing inbound receiver [pending: 0, cancelled:false, inboundDone: false]
15:53:17.010 [reactor-http-nio-41] DEBUG reactor.netty.http.client.HttpClientOperations - [id: 0x9f0a2ff5, L:/127.0.0.1:51757 - R:localhost/127.0.0.1:8083] Received last HTTP packet
15:53:17.010 [reactor-http-nio-41] DEBUG org.springframework.core.codec.StringDecoder - [48d62fa1] Decoded "[{"longitude":-117.922008,"latitude":33.817595,"attractionName":"Disneyland","city":"Anaheim","stat (truncated)...
15:53:17.010 [reactor-http-nio-41] DEBUG reactor.netty.resources.PooledConnectionProvider - [id: 0x9f0a2ff5, L:/127.0.0.1:51757 - R:localhost/127.0.0.1:8083] onStateChange(GET{uri=/attractions, connection=PooledConnection{channel=[id: 0x9f0a2ff5, L:/127.0.0.1:51757 - R:localhost/127.0.0.1:8083]}}, [disconnecting])
15:53:17.010 [reactor-http-nio-41] DEBUG reactor.netty.resources.PooledConnectionProvider - [id: 0x9f0a2ff5, L:/127.0.0.1:51757 - R:localhost/127.0.0.1:8083] Releasing channel
15:53:17.010 [reactor-http-nio-41] DEBUG reactor.netty.resources.PooledConnectionProvider - [id: 0x9f0a2ff5, L:/127.0.0.1:51757 - R:localhost/127.0.0.1:8083] Channel cleaned, now 202 active connections and 99 inactive connections
15:53:17.013 [reactor-http-nio-46] DEBUG reactor.netty.http.client.HttpClientOperations - [id: 0xe631b28c, L:/127.0.0.1:51804 - R:localhost/127.0.0.1:8083] Received response (auto-read:false) : [Content-Type=application/json, Transfer-Encoding=chunked, Date=Wed, 15 Jun 2022 14:53:15 GMT]
15:53:17.013 [reactor-http-nio-46] DEBUG reactor.netty.resources.PooledConnectionProvider - [id: 0xe631b28c, L:/127.0.0.1:51804 - R:localhost/127.0.0.1:8083] onStateChange(GET{uri=/attractions, connection=PooledConnection{channel=[id: 0xe631b28c, L:/127.0.0.1:51804 - R:localhost/127.0.0.1:8083]}}, [response_received])
15:53:17.013 [reactor-http-nio-46] DEBUG org.springframework.web.reactive.function.client.ExchangeFunctions - [230f6155] Response 200 OK
15:53:17.013 [reactor-http-nio-41] DEBUG reactor.netty.http.client.HttpClientOperations - [id: 0x9af0e655, L:/127.0.0.1:51913 - R:localhost/127.0.0.1:8083] Received response (auto-read:false) : [Content-Type=application/json, Transfer-Encoding=chunked, Date=Wed, 15 Jun 2022 14:53:15 GMT]
15:53:17.013 [reactor-http-nio-41] DEBUG reactor.netty.resources.PooledConnectionProvider - [id: 0x9af0e655, L:/127.0.0.1:51913 - R:localhost/127.0.0.1:8083] onStateChange(GET{uri=/userLocation?userId=87dca8ff-e094-4c79-924a-37cf4870c980, connection=PooledConnection{channel=[id: 0x9af0e655, L:/127.0.0.1:51913 - R:localhost/127.0.0.1:8083]}}, [response_received])
15:53:17.013 [reactor-http-nio-41] DEBUG org.springframework.web.reactive.function.client.ExchangeFunctions - [17aa64b3] Response 200 OK
15:53:17.013 [reactor-http-nio-41] DEBUG reactor.netty.channel.FluxReceive - [id: 0x9af0e655, L:/127.0.0.1:51913 - R:localhost/127.0.0.1:8083] Subscribing inbound receiver [pending: 0, cancelled:false, inboundDone: false]
15:53:17.013 [reactor-http-nio-41] DEBUG reactor.netty.http.client.HttpClientOperations - [id: 0x9af0e655, L:/127.0.0.1:51913 - R:localhost/127.0.0.1:8083] Received last HTTP packet
15:53:17.013 [reactor-http-nio-41] DEBUG org.springframework.core.codec.StringDecoder - [17aa64b3] Decoded "{"userId":"87dca8ff-e094-4c79-924a-37cf4870c980","location":{"longitude":34.346716,"latitude":5.389 (truncated)...
15:53:17.013 [reactor-http-nio-41] DEBUG reactor.netty.resources.PooledConnectionProvider - [id: 0x9af0e655, L:/127.0.0.1:51913 - R:localhost/127.0.0.1:8083] onStateChange(GET{uri=/userLocation?userId=87dca8ff-e094-4c79-924a-37cf4870c980, connection=PooledConnection{channel=[id: 0x9af0e655, L:/127.0.0.1:51913 - R:localhost/127.0.0.1:8083]}}, [disconnecting])
15:53:17.013 [reactor-http-nio-41] DEBUG reactor.netty.resources.PooledConnectionProvider - [id: 0x9af0e655, L:/127.0.0.1:51913 - R:localhost/127.0.0.1:8083] Releasing channel
15:53:17.014 [reactor-http-nio-41] DEBUG reactor.netty.resources.PooledConnectionProvider - [id: 0x9af0e655, L:/127.0.0.1:51913 - R:localhost/127.0.0.1:8083] Channel cleaned, now 201 active connections and 100 inactive connections
15:53:17.014 [reactor-http-nio-46] DEBUG reactor.netty.channel.FluxReceive - [id: 0xe631b28c, L:/127.0.0.1:51804 - R:localhost/127.0.0.1:8083] Subscribing inbound receiver [pending: 0, cancelled:false, inboundDone: false]
15:53:17.014 [reactor-http-nio-46] DEBUG reactor.netty.http.client.HttpClientOperations - [id: 0xe631b28c, L:/127.0.0.1:51804 - R:localhost/127.0.0.1:8083] Received last HTTP packet
15:53:17.014 [reactor-http-nio-46] DEBUG org.springframework.core.codec.StringDecoder - [230f6155] Decoded "[{"longitude":-117.922008,"latitude":33.817595,"attractionName":"Disneyland","city":"Anaheim","stat (truncated)...
15:53:17.014 [reactor-http-nio-46] DEBUG reactor.netty.resources.PooledConnectionProvider - [id: 0xe631b28c, L:/127.0.0.1:51804 - R:localhost/127.0.0.1:8083] onStateChange(GET{uri=/attractions, connection=PooledConnection{channel=[id: 0xe631b28c, L:/127.0.0.1:51804 - R:localhost/127.0.0.1:8083]}}, [disconnecting])
15:53:17.014 [reactor-http-nio-46] DEBUG reactor.netty.resources.PooledConnectionProvider - [id: 0xe631b28c, L:/127.0.0.1:51804 - R:localhost/127.0.0.1:8083] Releasing channel
15:53:17.014 [reactor-http-nio-46] DEBUG reactor.netty.resources.PooledConnectionProvider - [id: 0xe631b28c, L:/127.0.0.1:51804 - R:localhost/127.0.0.1:8083] Channel cleaned, now 200 active connections and 101 inactive connections
15:53:17.015 [reactor-http-nio-46] DEBUG reactor.netty.http.client.HttpClientOperations - [id: 0xf75a1396, L:/127.0.0.1:51746 - R:localhost/127.0.0.1:8083] Received response (auto-read:false) : [Content-Type=application/json, Transfer-Encoding=chunked, Date=Wed, 15 Jun 2022 14:53:15 GMT]
15:53:17.015 [reactor-http-nio-46] DEBUG reactor.netty.resources.PooledConnectionProvider - [id: 0xf75a1396, L:/127.0.0.1:51746 - R:localhost/127.0.0.1:8083] onStateChange(GET{uri=/attractions, connection=PooledConnection{channel=[id: 0xf75a1396, L:/127.0.0.1:51746 - R:localhost/127.0.0.1:8083]}}, [response_received])
15:53:17.015 [reactor-http-nio-46] DEBUG org.springframework.web.reactive.function.client.ExchangeFunctions - [180b79ae] Response 200 OK
15:53:17.015 [reactor-http-nio-46] DEBUG reactor.netty.channel.FluxReceive - [id: 0xf75a1396, L:/127.0.0.1:51746 - R:localhost/127.0.0.1:8083] Subscribing inbound receiver [pending: 0, cancelled:false, inboundDone: false]
15:53:17.016 [pool-2-thread-146] INFO tourGuide.service.TourGuideService - visitedLocatio tourGuide.gpsUtil.VisitedLocation@3287176d
15:53:17.017 [pool-2-thread-146] DEBUG org.springframework.web.reactive.function.client.ExchangeFunctions - [23d2845f] HTTP GET http://localhost:8083/attractions
15:53:17.018 [reactor-http-nio-46] DEBUG reactor.netty.http.client.HttpClientOperations - [id: 0x9fb64b28, L:/127.0.0.1:51823 - R:localhost/127.0.0.1:8083] Received response (auto-read:false) : [Content-Type=application/json, Transfer-Encoding=chunked, Date=Wed, 15 Jun 2022 14:53:15 GMT]
15:53:17.018 [reactor-http-nio-46] DEBUG reactor.netty.resources.PooledConnectionProvider - [id: 0x9fb64b28, L:/127.0.0.1:51823 - R:localhost/127.0.0.1:8083] onStateChange(GET{uri=/attractions, connection=PooledConnection{channel=[id: 0x9fb64b28, L:/127.0.0.1:51823 - R:localhost/127.0.0.1:8083]}}, [response_received])
15:53:17.018 [reactor-http-nio-46] DEBUG org.springframework.web.reactive.function.client.ExchangeFunctions - [20ba0cda] Response 200 OK
15:53:17.018 [reactor-http-nio-41] DEBUG reactor.netty.resources.PooledConnectionProvider - [id: 0x08aaa308, L:/127.0.0.1:51899 - R:localhost/127.0.0.1:8083] Channel acquired, now 201 active connections and 100 inactive connections
15:53:17.018 [reactor-http-nio-41] DEBUG reactor.netty.http.client.HttpClientConnect - [id: 0x08aaa308, L:/127.0.0.1:51899 - R:localhost/127.0.0.1:8083] Handler is being applied: {uri=http://localhost:8083/attractions, method=GET}
15:53:17.019 [reactor-http-nio-46] DEBUG reactor.netty.channel.FluxReceive - [id: 0x9fb64b28, L:/127.0.0.1:51823 - R:localhost/127.0.0.1:8083] Subscribing inbound receiver [pending: 0, cancelled:false, inboundDone: false]
15:53:17.019 [reactor-http-nio-46] DEBUG reactor.netty.http.client.HttpClientOperations - [id: 0x9fb64b28, L:/127.0.0.1:51823 - R:localhost/127.0.0.1:8083] Received last HTTP packet
15:53:17.019 [reactor-http-nio-41] DEBUG reactor.netty.resources.PooledConnectionProvider - [id: 0x08aaa308, L:/127.0.0.1:51899 - R:localhost/127.0.0.1:8083] onStateChange(GET{uri=/attractions, connection=PooledConnection{channel=[id: 0x08aaa308, L:/127.0.0.1:51899 - R:localhost/127.0.0.1:8083]}}, [request_sent])
15:53:17.019 [reactor-http-nio-46] DEBUG org.springframework.core.codec.StringDecoder - [20ba0cda] Decoded "[{"longitude":-117.922008,"latitude":33.817595,"attractionName":"Disneyland","city":"Anaheim","stat (truncated)...
15:53:17.019 [reactor-http-nio-46] DEBUG reactor.netty.resources.PooledConnectionProvider - [id: 0x9fb64b28, L:/127.0.0.1:51823 - R:localhost/127.0.0.1:8083] onStateChange(GET{uri=/attractions, connection=PooledConnection{channel=[id: 0x9fb64b28, L:/127.0.0.1:51823 - R:localhost/127.0.0.1:8083]}}, [disconnecting])
15:53:17.019 [reactor-http-nio-46] DEBUG reactor.netty.resources.PooledConnectionProvider - [id: 0x9fb64b28, L:/127.0.0.1:51823 - R:localhost/127.0.0.1:8083] Releasing channel
15:53:17.019 [reactor-http-nio-46] DEBUG reactor.netty.resources.PooledConnectionProvider - [id: 0x9fb64b28, L:/127.0.0.1:51823 - R:localhost/127.0.0.1:8083] Channel cleaned, now 200 active connections and 101 inactive connections
15:53:17.019 [reactor-http-nio-41] DEBUG reactor.netty.http.client.HttpClientOperations - [id: 0xd0c6a217, L:/127.0.0.1:51778 - R:localhost/127.0.0.1:8083] Received response (auto-read:false) : [Content-Type=application/json, Transfer-Encoding=chunked, Date=Wed, 15 Jun 2022 14:53:15 GMT]
15:53:17.019 [reactor-http-nio-41] DEBUG reactor.netty.resources.PooledConnectionProvider - [id: 0xd0c6a217, L:/127.0.0.1:51778 - R:localhost/127.0.0.1:8083] onStateChange(GET{uri=/attractions, connection=PooledConnection{channel=[id: 0xd0c6a217, L:/127.0.0.1:51778 - R:localhost/127.0.0.1:8083]}}, [response_received])
15:53:17.019 [reactor-http-nio-41] DEBUG org.springframework.web.reactive.function.client.ExchangeFunctions - [5db60dc2] Response 200 OK
15:53:17.019 [reactor-http-nio-46] DEBUG reactor.netty.http.client.HttpClientOperations - [id: 0x23ba406e, L:/127.0.0.1:51949 - R:localhost/127.0.0.1:8083] Received response (auto-read:false) : [Content-Type=application/json, Transfer-Encoding=chunked, Date=Wed, 15 Jun 2022 14:53:15 GMT]
15:53:17.019 [reactor-http-nio-46] DEBUG reactor.netty.resources.PooledConnectionProvider - [id: 0x23ba406e, L:/127.0.0.1:51949 - R:localhost/127.0.0.1:8083] onStateChange(GET{uri=/userLocation?userId=91e276bf-8fe9-4138-969a-e4a51f035991, connection=PooledConnection{channel=[id: 0x23ba406e, L:/127.0.0.1:51949 - R:localhost/127.0.0.1:8083]}}, [response_received])
15:53:17.020 [reactor-http-nio-46] DEBUG org.springframework.web.reactive.function.client.ExchangeFunctions - [dc101f5] Response 200 OK
15:53:17.020 [reactor-http-nio-41] DEBUG reactor.netty.channel.FluxReceive - [id: 0xd0c6a217, L:/127.0.0.1:51778 - R:localhost/127.0.0.1:8083] Subscribing inbound receiver [pending: 0, cancelled:false, inboundDone: false]
15:53:17.020 [reactor-http-nio-46] DEBUG reactor.netty.channel.FluxReceive - [id: 0x23ba406e, L:/127.0.0.1:51949 - R:localhost/127.0.0.1:8083] Subscribing inbound receiver [pending: 0, cancelled:false, inboundDone: false]
15:53:17.020 [reactor-http-nio-46] DEBUG reactor.netty.http.client.HttpClientOperations - [id: 0x23ba406e, L:/127.0.0.1:51949 - R:localhost/127.0.0.1:8083] Received last HTTP packet
15:53:17.020 [reactor-http-nio-46] DEBUG org.springframework.core.codec.StringDecoder - [dc101f5] Decoded "{"userId":"91e276bf-8fe9-4138-969a-e4a51f035991","location":{"longitude":-71.20177,"latitude":-28.4 (truncated)...
15:53:17.020 [reactor-http-nio-46] DEBUG reactor.netty.resources.PooledConnectionProvider - [id: 0x23ba406e, L:/127.0.0.1:51949 - R:localhost/127.0.0.1:8083] onStateChange(GET{uri=/userLocation?userId=91e276bf-8fe9-4138-969a-e4a51f035991, connection=PooledConnection{channel=[id: 0x23ba406e, L:/127.0.0.1:51949 - R:localhost/127.0.0.1:8083]}}, [disconnecting])
15:53:17.020 [reactor-http-nio-46] DEBUG reactor.netty.resources.PooledConnectionProvider - [id: 0x23ba406e, L:/127.0.0.1:51949 - R:localhost/127.0.0.1:8083] Releasing channel
15:53:17.020 [reactor-http-nio-46] DEBUG reactor.netty.resources.PooledConnectionProvider - [id: 0x23ba406e, L:/127.0.0.1:51949 - R:localhost/127.0.0.1:8083] Channel cleaned, now 199 active connections and 102 inactive connections
15:53:17.020 [reactor-http-nio-47] DEBUG reactor.netty.http.client.HttpClientOperations - [id: 0x502a9f84, L:/127.0.0.1:51845 - R:localhost/127.0.0.1:8083] Received response (auto-read:false) : [Content-Type=application/json, Transfer-Encoding=chunked, Date=Wed, 15 Jun 2022 14:53:15 GMT]
15:53:17.020 [reactor-http-nio-47] DEBUG reactor.netty.resources.PooledConnectionProvider - [id: 0x502a9f84, L:/127.0.0.1:51845 - R:localhost/127.0.0.1:8083] onStateChange(GET{uri=/attractions, connection=PooledConnection{channel=[id: 0x502a9f84, L:/127.0.0.1:51845 - R:localhost/127.0.0.1:8083]}}, [response_received])
15:53:17.020 [reactor-http-nio-47] DEBUG org.springframework.web.reactive.function.client.ExchangeFunctions - [152f213] Response 200 OK
15:53:17.021 [reactor-http-nio-47] DEBUG reactor.netty.channel.FluxReceive - [id: 0x502a9f84, L:/127.0.0.1:51845 - R:localhost/127.0.0.1:8083] Subscribing inbound receiver [pending: 0, cancelled:false, inboundDone: false]
15:53:17.022 [pool-2-thread-167] INFO tourGuide.service.TourGuideService - visitedLocatio tourGuide.gpsUtil.VisitedLocation@5d2d3f
15:53:17.023 [pool-2-thread-167] DEBUG org.springframework.web.reactive.function.client.ExchangeFunctions - [2cd3f481] HTTP GET http://localhost:8083/attractions
15:53:17.026 [reactor-http-nio-47] DEBUG reactor.netty.resources.PooledConnectionProvider - [id: 0x2b8f766c, L:/127.0.0.1:51861 - R:localhost/127.0.0.1:8083] Channel acquired, now 200 active connections and 101 inactive connections
15:53:17.026 [reactor-http-nio-47] DEBUG reactor.netty.http.client.HttpClientConnect - [id: 0x2b8f766c, L:/127.0.0.1:51861 - R:localhost/127.0.0.1:8083] Handler is being applied: {uri=http://localhost:8083/attractions, method=GET}
15:53:17.026 [reactor-http-nio-47] DEBUG reactor.netty.resources.PooledConnectionProvider - [id: 0x2b8f766c, L:/127.0.0.1:51861 - R:localhost/127.0.0.1:8083] onStateChange(GET{uri=/attractions, connection=PooledConnection{channel=[id: 0x2b8f766c, L:/127.0.0.1:51861 - R:localhost/127.0.0.1:8083]}}, [request_sent])
15:53:17.032 [pool-4-thread-27] DEBUG org.springframework.web.reactive.function.client.ExchangeFunctions - [4367d79d] HTTP GET http://localhost:8084/attractionRewardPoint?attractionId=56327bee-6941-41b5-8602-61ed0ea8c3be&userId=23ded068-1f66-4eb7-a8f7-0adbdcd6fa73
15:53:17.034 [reactor-http-nio-48] DEBUG reactor.netty.resources.PooledConnectionProvider - [id: 0xfb0827ba] Created new pooled channel, now 26 active connections and 1 inactive connections
15:53:17.034 [reactor-http-nio-48] DEBUG reactor.netty.channel.BootstrapHandlers - [id: 0xfb0827ba] Initialized pipeline DefaultChannelPipeline{(BootstrapHandlers$BootstrapInitializerHandler#0 = reactor.netty.channel.BootstrapHandlers$BootstrapInitializerHandler), (SimpleChannelPool$1#0 = io.netty.channel.pool.SimpleChannelPool$1), (reactor.left.httpCodec = io.netty.handler.codec.http.HttpClientCodec), (reactor.left.decompressor = io.netty.handler.codec.http.HttpContentDecompressor), (reactor.right.reactiveBridge = reactor.netty.channel.ChannelOperationsHandler)}
15:53:17.037 [reactor-http-nio-48] DEBUG reactor.netty.resources.PooledConnectionProvider - [id: 0xfb0827ba, L:/127.0.0.1:52007 - R:localhost/127.0.0.1:8084] onStateChange(PooledConnection{channel=[id: 0xfb0827ba, L:/127.0.0.1:52007 - R:localhost/127.0.0.1:8084]}, [connected])
15:53:17.037 [reactor-http-nio-48] DEBUG reactor.netty.resources.PooledConnectionProvider - [id: 0xfb0827ba, L:/127.0.0.1:52007 - R:localhost/127.0.0.1:8084] onStateChange(GET{uri=/, connection=PooledConnection{channel=[id: 0xfb0827ba, L:/127.0.0.1:52007 - R:localhost/127.0.0.1:8084]}}, [configured])
15:53:17.040 [reactor-http-nio-48] DEBUG reactor.netty.resources.PooledConnectionProvider - [id: 0xfb0827ba, L:/127.0.0.1:52007 - R:localhost/127.0.0.1:8084] Registering pool release on close event for channel
15:53:17.040 [reactor-http-nio-48] DEBUG reactor.netty.http.client.HttpClientConnect - [id: 0xfb0827ba, L:/127.0.0.1:52007 - R:localhost/127.0.0.1:8084] Handler is being applied: {uri=http://localhost:8084/attractionRewardPoint?attractionId=56327bee-6941-41b5-8602-61ed0ea8c3be&userId=23ded068-1f66-4eb7-a8f7-0adbdcd6fa73, method=GET}
15:53:17.041 [reactor-http-nio-48] DEBUG reactor.netty.resources.PooledConnectionProvider - [id: 0xfb0827ba, L:/127.0.0.1:52007 - R:localhost/127.0.0.1:8084] onStateChange(GET{uri=/attractionRewardPoint?attractionId=56327bee-6941-41b5-8602-61ed0ea8c3be&userId=23ded068-1f66-4eb7-a8f7-0adbdcd6fa73, connection=PooledConnection{channel=[id: 0xfb0827ba, L:/127.0.0.1:52007 - R:localhost/127.0.0.1:8084]}}, [request_sent])
15:53:17.041 [reactor-http-nio-48] DEBUG reactor.netty.resources.PooledConnectionProvider - [id: 0xfb0827ba, L:/127.0.0.1:52007 - R:localhost/127.0.0.1:8084] Channel connected, now 27 active connections and 0 inactive connections
15:53:17.041 [pool-4-thread-28] DEBUG org.springframework.web.reactive.function.client.ExchangeFunctions - [325920cd] HTTP GET http://localhost:8084/attractionRewardPoint?attractionId=d3ec92ea-04e5-44e4-bb4c-724ce699af20&userId=58bf569f-e092-4ca5-97ea-98ce1becdae1
15:53:17.042 [reactor-http-nio-46] DEBUG reactor.netty.resources.PooledConnectionProvider - [id: 0xf9600d2e] Created new pooled channel, now 27 active connections and 1 inactive connections
15:53:17.042 [reactor-http-nio-46] DEBUG reactor.netty.channel.BootstrapHandlers - [id: 0xf9600d2e] Initialized pipeline DefaultChannelPipeline{(BootstrapHandlers$BootstrapInitializerHandler#0 = reactor.netty.channel.BootstrapHandlers$BootstrapInitializerHandler), (SimpleChannelPool$1#0 = io.netty.channel.pool.SimpleChannelPool$1), (reactor.left.httpCodec = io.netty.handler.codec.http.HttpClientCodec), (reactor.left.decompressor = io.netty.handler.codec.http.HttpContentDecompressor), (reactor.right.reactiveBridge = reactor.netty.channel.ChannelOperationsHandler)}
15:53:17.044 [reactor-http-nio-46] DEBUG reactor.netty.resources.PooledConnectionProvider - [id: 0xf9600d2e, L:/127.0.0.1:52008 - R:localhost/127.0.0.1:8084] onStateChange(PooledConnection{channel=[id: 0xf9600d2e, L:/127.0.0.1:52008 - R:localhost/127.0.0.1:8084]}, [connected])
15:53:17.044 [reactor-http-nio-46] DEBUG reactor.netty.resources.PooledConnectionProvider - [id: 0xf9600d2e, L:/127.0.0.1:52008 - R:localhost/127.0.0.1:8084] onStateChange(GET{uri=/, connection=PooledConnection{channel=[id: 0xf9600d2e, L:/127.0.0.1:52008 - R:localhost/127.0.0.1:8084]}}, [configured])
15:53:17.045 [reactor-http-nio-46] DEBUG reactor.netty.resources.PooledConnectionProvider - [id: 0xf9600d2e, L:/127.0.0.1:52008 - R:localhost/127.0.0.1:8084] Registering pool release on close event for channel
15:53:17.045 [reactor-http-nio-46] DEBUG reactor.netty.http.client.HttpClientConnect - [id: 0xf9600d2e, L:/127.0.0.1:52008 - R:localhost/127.0.0.1:8084] Handler is being applied: {uri=http://localhost:8084/attractionRewardPoint?attractionId=d3ec92ea-04e5-44e4-bb4c-724ce699af20&userId=58bf569f-e092-4ca5-97ea-98ce1becdae1, method=GET}
15:53:17.046 [reactor-http-nio-46] DEBUG reactor.netty.resources.PooledConnectionProvider - [id: 0xf9600d2e, L:/127.0.0.1:52008 - R:localhost/127.0.0.1:8084] onStateChange(GET{uri=/attractionRewardPoint?attractionId=d3ec92ea-04e5-44e4-bb4c-724ce699af20&userId=58bf569f-e092-4ca5-97ea-98ce1becdae1, connection=PooledConnection{channel=[id: 0xf9600d2e, L:/127.0.0.1:52008 - R:localhost/127.0.0.1:8084]}}, [request_sent])
15:53:17.046 [reactor-http-nio-46] DEBUG reactor.netty.resources.PooledConnectionProvider - [id: 0xf9600d2e, L:/127.0.0.1:52008 - R:localhost/127.0.0.1:8084] Channel connected, now 28 active connections and 0 inactive connections
15:53:17.054 [reactor-http-nio-47] DEBUG reactor.netty.http.client.HttpClientOperations - [id: 0xf1ad37c6, L:/127.0.0.1:51687 - R:localhost/127.0.0.1:8083] Received response (auto-read:false) : [Content-Type=application/json, Transfer-Encoding=chunked, Date=Wed, 15 Jun 2022 14:53:15 GMT]
15:53:17.054 [reactor-http-nio-47] DEBUG reactor.netty.resources.PooledConnectionProvider - [id: 0xf1ad37c6, L:/127.0.0.1:51687 - R:localhost/127.0.0.1:8083] onStateChange(GET{uri=/attractions, connection=PooledConnection{channel=[id: 0xf1ad37c6, L:/127.0.0.1:51687 - R:localhost/127.0.0.1:8083]}}, [response_received])
15:53:17.054 [reactor-http-nio-47] DEBUG org.springframework.web.reactive.function.client.ExchangeFunctions - [25d959cf] Response 200 OK
15:53:17.054 [reactor-http-nio-47] DEBUG reactor.netty.channel.FluxReceive - [id: 0xf1ad37c6, L:/127.0.0.1:51687 - R:localhost/127.0.0.1:8083] Subscribing inbound receiver [pending: 0, cancelled:false, inboundDone: false]
15:53:17.055 [reactor-http-nio-47] DEBUG reactor.netty.http.client.HttpClientOperations - [id: 0xf1ad37c6, L:/127.0.0.1:51687 - R:localhost/127.0.0.1:8083] Received last HTTP packet
15:53:17.055 [reactor-http-nio-47] DEBUG org.springframework.core.codec.StringDecoder - [25d959cf] Decoded "[{"longitude":-117.922008,"latitude":33.817595,"attractionName":"Disneyland","city":"Anaheim","stat (truncated)...
15:53:17.055 [reactor-http-nio-47] DEBUG reactor.netty.resources.PooledConnectionProvider - [id: 0xf1ad37c6, L:/127.0.0.1:51687 - R:localhost/127.0.0.1:8083] onStateChange(GET{uri=/attractions, connection=PooledConnection{channel=[id: 0xf1ad37c6, L:/127.0.0.1:51687 - R:localhost/127.0.0.1:8083]}}, [disconnecting])
15:53:17.055 [reactor-http-nio-47] DEBUG reactor.netty.resources.PooledConnectionProvider - [id: 0xf1ad37c6, L:/127.0.0.1:51687 - R:localhost/127.0.0.1:8083] Releasing channel
15:53:17.055 [reactor-http-nio-47] DEBUG reactor.netty.resources.PooledConnectionProvider - [id: 0xf1ad37c6, L:/127.0.0.1:51687 - R:localhost/127.0.0.1:8083] Channel cleaned, now 199 active connections and 102 inactive connections
15:53:17.056 [reactor-http-nio-46] DEBUG reactor.netty.http.client.HttpClientOperations - [id: 0xa3d0f544, L:/127.0.0.1:51821 - R:localhost/127.0.0.1:8083] Received response (auto-read:false) : [Content-Type=application/json, Transfer-Encoding=chunked, Date=Wed, 15 Jun 2022 14:53:15 GMT]
15:53:17.056 [reactor-http-nio-46] DEBUG reactor.netty.resources.PooledConnectionProvider - [id: 0xa3d0f544, L:/127.0.0.1:51821 - R:localhost/127.0.0.1:8083] onStateChange(GET{uri=/attractions, connection=PooledConnection{channel=[id: 0xa3d0f544, L:/127.0.0.1:51821 - R:localhost/127.0.0.1:8083]}}, [response_received])
15:53:17.056 [reactor-http-nio-46] DEBUG org.springframework.web.reactive.function.client.ExchangeFunctions - [1ede3e1f] Response 200 OK
15:53:17.056 [reactor-http-nio-46] DEBUG reactor.netty.channel.FluxReceive - [id: 0xa3d0f544, L:/127.0.0.1:51821 - R:localhost/127.0.0.1:8083] Subscribing inbound receiver [pending: 0, cancelled:false, inboundDone: false]
15:53:17.057 [reactor-http-nio-46] DEBUG reactor.netty.http.client.HttpClientOperations - [id: 0xa3d0f544, L:/127.0.0.1:51821 - R:localhost/127.0.0.1:8083] Received last HTTP packet
15:53:17.057 [reactor-http-nio-46] DEBUG org.springframework.core.codec.StringDecoder - [1ede3e1f] Decoded "[{"longitude":-117.922008,"latitude":33.817595,"attractionName":"Disneyland","city":"Anaheim","stat (truncated)...
15:53:17.057 [reactor-http-nio-46] DEBUG reactor.netty.resources.PooledConnectionProvider - [id: 0xa3d0f544, L:/127.0.0.1:51821 - R:localhost/127.0.0.1:8083] onStateChange(GET{uri=/attractions, connection=PooledConnection{channel=[id: 0xa3d0f544, L:/127.0.0.1:51821 - R:localhost/127.0.0.1:8083]}}, [disconnecting])
15:53:17.057 [reactor-http-nio-46] DEBUG reactor.netty.resources.PooledConnectionProvider - [id: 0xa3d0f544, L:/127.0.0.1:51821 - R:localhost/127.0.0.1:8083] Releasing channel
15:53:17.057 [reactor-http-nio-46] DEBUG reactor.netty.resources.PooledConnectionProvider - [id: 0xa3d0f544, L:/127.0.0.1:51821 - R:localhost/127.0.0.1:8083] Channel cleaned, now 198 active connections and 103 inactive connections
15:53:17.059 [reactor-http-nio-48] DEBUG reactor.netty.http.client.HttpClientOperations - [id: 0xfddb937f, L:/127.0.0.1:51940 - R:localhost/127.0.0.1:8083] Received response (auto-read:false) : [Content-Type=application/json, Transfer-Encoding=chunked, Date=Wed, 15 Jun 2022 14:53:15 GMT]
15:53:17.059 [reactor-http-nio-48] DEBUG reactor.netty.resources.PooledConnectionProvider - [id: 0xfddb937f, L:/127.0.0.1:51940 - R:localhost/127.0.0.1:8083] onStateChange(GET{uri=/userLocation?userId=4dd2a22e-e8a7-4b63-a707-568281ce85d1, connection=PooledConnection{channel=[id: 0xfddb937f, L:/127.0.0.1:51940 - R:localhost/127.0.0.1:8083]}}, [response_received])
15:53:17.059 [reactor-http-nio-46] DEBUG reactor.netty.http.client.HttpClientOperations - [id: 0x24a8edc5, L:/127.0.0.1:51787 - R:localhost/127.0.0.1:8083] Received response (auto-read:false) : [Content-Type=application/json, Transfer-Encoding=chunked, Date=Wed, 15 Jun 2022 14:53:15 GMT]
15:53:17.059 [reactor-http-nio-46] DEBUG reactor.netty.resources.PooledConnectionProvider - [id: 0x24a8edc5, L:/127.0.0.1:51787 - R:localhost/127.0.0.1:8083] onStateChange(GET{uri=/attractions, connection=PooledConnection{channel=[id: 0x24a8edc5, L:/127.0.0.1:51787 - R:localhost/127.0.0.1:8083]}}, [response_received])
15:53:17.059 [reactor-http-nio-48] DEBUG org.springframework.web.reactive.function.client.ExchangeFunctions - [7557abca] Response 200 OK
15:53:17.059 [reactor-http-nio-46] DEBUG org.springframework.web.reactive.function.client.ExchangeFunctions - [1382d52d] Response 200 OK
15:53:17.059 [reactor-http-nio-46] DEBUG reactor.netty.channel.FluxReceive - [id: 0x24a8edc5, L:/127.0.0.1:51787 - R:localhost/127.0.0.1:8083] Subscribing inbound receiver [pending: 0, cancelled:false, inboundDone: false]
15:53:17.059 [reactor-http-nio-48] DEBUG reactor.netty.channel.FluxReceive - [id: 0xfddb937f, L:/127.0.0.1:51940 - R:localhost/127.0.0.1:8083] Subscribing inbound receiver [pending: 0, cancelled:false, inboundDone: false]
15:53:17.059 [reactor-http-nio-48] DEBUG reactor.netty.http.client.HttpClientOperations - [id: 0xfddb937f, L:/127.0.0.1:51940 - R:localhost/127.0.0.1:8083] Received last HTTP packet
15:53:17.059 [reactor-http-nio-46] DEBUG reactor.netty.http.client.HttpClientOperations - [id: 0x24a8edc5, L:/127.0.0.1:51787 - R:localhost/127.0.0.1:8083] Received last HTTP packet
15:53:17.059 [reactor-http-nio-46] DEBUG org.springframework.core.codec.StringDecoder - [1382d52d] Decoded "[{"longitude":-117.922008,"latitude":33.817595,"attractionName":"Disneyland","city":"Anaheim","stat (truncated)...
15:53:17.059 [reactor-http-nio-46] DEBUG reactor.netty.resources.PooledConnectionProvider - [id: 0x24a8edc5, L:/127.0.0.1:51787 - R:localhost/127.0.0.1:8083] onStateChange(GET{uri=/attractions, connection=PooledConnection{channel=[id: 0x24a8edc5, L:/127.0.0.1:51787 - R:localhost/127.0.0.1:8083]}}, [disconnecting])
15:53:17.059 [reactor-http-nio-46] DEBUG reactor.netty.resources.PooledConnectionProvider - [id: 0x24a8edc5, L:/127.0.0.1:51787 - R:localhost/127.0.0.1:8083] Releasing channel
15:53:17.059 [reactor-http-nio-46] DEBUG reactor.netty.resources.PooledConnectionProvider - [id: 0x24a8edc5, L:/127.0.0.1:51787 - R:localhost/127.0.0.1:8083] Channel cleaned, now 197 active connections and 104 inactive connections
15:53:17.060 [reactor-http-nio-48] DEBUG org.springframework.core.codec.StringDecoder - [7557abca] Decoded "{"userId":"4dd2a22e-e8a7-4b63-a707-568281ce85d1","location":{"longitude":12.820825,"latitude":-9.99 (truncated)...
15:53:17.060 [reactor-http-nio-48] DEBUG reactor.netty.resources.PooledConnectionProvider - [id: 0xfddb937f, L:/127.0.0.1:51940 - R:localhost/127.0.0.1:8083] onStateChange(GET{uri=/userLocation?userId=4dd2a22e-e8a7-4b63-a707-568281ce85d1, connection=PooledConnection{channel=[id: 0xfddb937f, L:/127.0.0.1:51940 - R:localhost/127.0.0.1:8083]}}, [disconnecting])
15:53:17.060 [reactor-http-nio-48] DEBUG reactor.netty.resources.PooledConnectionProvider - [id: 0xfddb937f, L:/127.0.0.1:51940 - R:localhost/127.0.0.1:8083] Releasing channel
15:53:17.060 [reactor-http-nio-48] DEBUG reactor.netty.resources.PooledConnectionProvider - [id: 0xfddb937f, L:/127.0.0.1:51940 - R:localhost/127.0.0.1:8083] Channel cleaned, now 196 active connections and 105 inactive connections
15:53:17.062 [pool-2-thread-83] INFO tourGuide.service.TourGuideService - visitedLocatio tourGuide.gpsUtil.VisitedLocation@354104ce
15:53:17.063 [pool-2-thread-83] DEBUG org.springframework.web.reactive.function.client.ExchangeFunctions - [54455ebe] HTTP GET http://localhost:8083/attractions
15:53:17.063 [reactor-http-nio-47] DEBUG reactor.netty.resources.PooledConnectionProvider - [id: 0x55d1ef56, L:/127.0.0.1:51877 - R:localhost/127.0.0.1:8083] Channel acquired, now 197 active connections and 104 inactive connections
15:53:17.063 [reactor-http-nio-47] DEBUG reactor.netty.http.client.HttpClientConnect - [id: 0x55d1ef56, L:/127.0.0.1:51877 - R:localhost/127.0.0.1:8083] Handler is being applied: {uri=http://localhost:8083/attractions, method=GET}
15:53:17.064 [reactor-http-nio-47] DEBUG reactor.netty.resources.PooledConnectionProvider - [id: 0x55d1ef56, L:/127.0.0.1:51877 - R:localhost/127.0.0.1:8083] onStateChange(GET{uri=/attractions, connection=PooledConnection{channel=[id: 0x55d1ef56, L:/127.0.0.1:51877 - R:localhost/127.0.0.1:8083]}}, [request_sent])
15:53:17.066 [reactor-http-nio-48] DEBUG reactor.netty.http.client.HttpClientOperations - [id: 0xaf6e9f28, L:/127.0.0.1:51878 - R:localhost/127.0.0.1:8083] Received response (auto-read:false) : [Content-Type=application/json, Transfer-Encoding=chunked, Date=Wed, 15 Jun 2022 14:53:15 GMT]
15:53:17.066 [reactor-http-nio-47] DEBUG reactor.netty.http.client.HttpClientOperations - [id: 0xabb6df10, L:/127.0.0.1:51837 - R:localhost/127.0.0.1:8083] Received response (auto-read:false) : [Content-Type=application/json, Transfer-Encoding=chunked, Date=Wed, 15 Jun 2022 14:53:15 GMT]
15:53:17.066 [reactor-http-nio-47] DEBUG reactor.netty.resources.PooledConnectionProvider - [id: 0xabb6df10, L:/127.0.0.1:51837 - R:localhost/127.0.0.1:8083] onStateChange(GET{uri=/attractions, connection=PooledConnection{channel=[id: 0xabb6df10, L:/127.0.0.1:51837 - R:localhost/127.0.0.1:8083]}}, [response_received])
15:53:17.066 [reactor-http-nio-48] DEBUG reactor.netty.resources.PooledConnectionProvider - [id: 0xaf6e9f28, L:/127.0.0.1:51878 - R:localhost/127.0.0.1:8083] onStateChange(GET{uri=/userLocation?userId=d78c40a3-469d-464d-9b66-afcfaa052993, connection=PooledConnection{channel=[id: 0xaf6e9f28, L:/127.0.0.1:51878 - R:localhost/127.0.0.1:8083]}}, [response_received])
15:53:17.066 [reactor-http-nio-47] DEBUG org.springframework.web.reactive.function.client.ExchangeFunctions - [7990f00b] Response 200 OK
15:53:17.066 [reactor-http-nio-47] DEBUG reactor.netty.channel.FluxReceive - [id: 0xabb6df10, L:/127.0.0.1:51837 - R:localhost/127.0.0.1:8083] Subscribing inbound receiver [pending: 0, cancelled:false, inboundDone: false]
15:53:17.066 [reactor-http-nio-47] DEBUG reactor.netty.http.client.HttpClientOperations - [id: 0xabb6df10, L:/127.0.0.1:51837 - R:localhost/127.0.0.1:8083] Received last HTTP packet
15:53:17.067 [reactor-http-nio-47] DEBUG org.springframework.core.codec.StringDecoder - [7990f00b] Decoded "[{"longitude":-117.922008,"latitude":33.817595,"attractionName":"Disneyland","city":"Anaheim","stat (truncated)...
15:53:17.067 [reactor-http-nio-47] DEBUG reactor.netty.resources.PooledConnectionProvider - [id: 0xabb6df10, L:/127.0.0.1:51837 - R:localhost/127.0.0.1:8083] onStateChange(GET{uri=/attractions, connection=PooledConnection{channel=[id: 0xabb6df10, L:/127.0.0.1:51837 - R:localhost/127.0.0.1:8083]}}, [disconnecting])
15:53:17.067 [reactor-http-nio-47] DEBUG reactor.netty.resources.PooledConnectionProvider - [id: 0xabb6df10, L:/127.0.0.1:51837 - R:localhost/127.0.0.1:8083] Releasing channel
15:53:17.067 [reactor-http-nio-47] DEBUG reactor.netty.resources.PooledConnectionProvider - [id: 0xabb6df10, L:/127.0.0.1:51837 - R:localhost/127.0.0.1:8083] Channel cleaned, now 196 active connections and 105 inactive connections
15:53:17.066 [reactor-http-nio-48] DEBUG org.springframework.web.reactive.function.client.ExchangeFunctions - [4e84d5f9] Response 200 OK
15:53:17.071 [reactor-http-nio-48] DEBUG reactor.netty.channel.FluxReceive - [id: 0xaf6e9f28, L:/127.0.0.1:51878 - R:localhost/127.0.0.1:8083] Subscribing inbound receiver [pending: 0, cancelled:false, inboundDone: false]
15:53:17.071 [reactor-http-nio-48] DEBUG reactor.netty.http.client.HttpClientOperations - [id: 0xaf6e9f28, L:/127.0.0.1:51878 - R:localhost/127.0.0.1:8083] Received last HTTP packet
15:53:17.071 [reactor-http-nio-48] DEBUG org.springframework.core.codec.StringDecoder - [4e84d5f9] Decoded "{"userId":"d78c40a3-469d-464d-9b66-afcfaa052993","location":{"longitude":-95.256121,"latitude":-76. (truncated)...
15:53:17.071 [reactor-http-nio-48] DEBUG reactor.netty.resources.PooledConnectionProvider - [id: 0xaf6e9f28, L:/127.0.0.1:51878 - R:localhost/127.0.0.1:8083] onStateChange(GET{uri=/userLocation?userId=d78c40a3-469d-464d-9b66-afcfaa052993, connection=PooledConnection{channel=[id: 0xaf6e9f28, L:/127.0.0.1:51878 - R:localhost/127.0.0.1:8083]}}, [disconnecting])
15:53:17.072 [reactor-http-nio-48] DEBUG reactor.netty.resources.PooledConnectionProvider - [id: 0xaf6e9f28, L:/127.0.0.1:51878 - R:localhost/127.0.0.1:8083] Releasing channel
15:53:17.072 [reactor-http-nio-48] DEBUG reactor.netty.resources.PooledConnectionProvider - [id: 0xaf6e9f28, L:/127.0.0.1:51878 - R:localhost/127.0.0.1:8083] Channel cleaned, now 195 active connections and 106 inactive connections
15:53:17.075 [pool-5-thread-39] INFO tourGuide.service.TourGuideService - visitedLocatio tourGuide.gpsUtil.VisitedLocation@6ba9ad02
15:53:17.076 [pool-5-thread-39] DEBUG org.springframework.web.reactive.function.client.ExchangeFunctions - [38bfc808] HTTP GET http://localhost:8083/attractions
15:53:17.079 [reactor-http-nio-41] DEBUG reactor.netty.resources.PooledConnectionProvider - [id: 0x47a2f5da, L:/127.0.0.1:51723 - R:localhost/127.0.0.1:8083] Channel acquired, now 196 active connections and 105 inactive connections
15:53:17.079 [reactor-http-nio-41] DEBUG reactor.netty.http.client.HttpClientConnect - [id: 0x47a2f5da, L:/127.0.0.1:51723 - R:localhost/127.0.0.1:8083] Handler is being applied: {uri=http://localhost:8083/attractions, method=GET}
15:53:17.079 [reactor-http-nio-41] DEBUG reactor.netty.resources.PooledConnectionProvider - [id: 0x47a2f5da, L:/127.0.0.1:51723 - R:localhost/127.0.0.1:8083] onStateChange(GET{uri=/attractions, connection=PooledConnection{channel=[id: 0x47a2f5da, L:/127.0.0.1:51723 - R:localhost/127.0.0.1:8083]}}, [request_sent])
15:53:17.082 [reactor-http-nio-41] DEBUG reactor.netty.http.client.HttpClientOperations - [id: 0x733709b4, L:/127.0.0.1:51734 - R:localhost/127.0.0.1:8083] Received response (auto-read:false) : [Content-Type=application/json, Transfer-Encoding=chunked, Date=Wed, 15 Jun 2022 14:53:15 GMT]
15:53:17.082 [reactor-http-nio-41] DEBUG reactor.netty.resources.PooledConnectionProvider - [id: 0x733709b4, L:/127.0.0.1:51734 - R:localhost/127.0.0.1:8083] onStateChange(GET{uri=/attractions, connection=PooledConnection{channel=[id: 0x733709b4, L:/127.0.0.1:51734 - R:localhost/127.0.0.1:8083]}}, [response_received])
15:53:17.082 [reactor-http-nio-41] DEBUG org.springframework.web.reactive.function.client.ExchangeFunctions - [636ff9ae] Response 200 OK
15:53:17.082 [reactor-http-nio-41] DEBUG reactor.netty.channel.FluxReceive - [id: 0x733709b4, L:/127.0.0.1:51734 - R:localhost/127.0.0.1:8083] Subscribing inbound receiver [pending: 0, cancelled:false, inboundDone: false]
15:53:17.082 [reactor-http-nio-41] DEBUG reactor.netty.http.client.HttpClientOperations - [id: 0x733709b4, L:/127.0.0.1:51734 - R:localhost/127.0.0.1:8083] Received last HTTP packet
15:53:17.082 [reactor-http-nio-41] DEBUG org.springframework.core.codec.StringDecoder - [636ff9ae] Decoded "[{"longitude":-117.922008,"latitude":33.817595,"attractionName":"Disneyland","city":"Anaheim","stat (truncated)...
15:53:17.082 [reactor-http-nio-41] DEBUG reactor.netty.resources.PooledConnectionProvider - [id: 0x733709b4, L:/127.0.0.1:51734 - R:localhost/127.0.0.1:8083] onStateChange(GET{uri=/attractions, connection=PooledConnection{channel=[id: 0x733709b4, L:/127.0.0.1:51734 - R:localhost/127.0.0.1:8083]}}, [disconnecting])
15:53:17.083 [reactor-http-nio-41] DEBUG reactor.netty.resources.PooledConnectionProvider - [id: 0x733709b4, L:/127.0.0.1:51734 - R:localhost/127.0.0.1:8083] Releasing channel
15:53:17.083 [reactor-http-nio-41] DEBUG reactor.netty.resources.PooledConnectionProvider - [id: 0x733709b4, L:/127.0.0.1:51734 - R:localhost/127.0.0.1:8083] Channel cleaned, now 195 active connections and 106 inactive connections
15:53:17.085 [reactor-http-nio-46] DEBUG reactor.netty.http.client.HttpClientOperations - [id: 0xb42d715a, L:/127.0.0.1:51795 - R:localhost/127.0.0.1:8083] Received response (auto-read:false) : [Content-Type=application/json, Transfer-Encoding=chunked, Date=Wed, 15 Jun 2022 14:53:15 GMT]
15:53:17.085 [reactor-http-nio-46] DEBUG reactor.netty.resources.PooledConnectionProvider - [id: 0xb42d715a, L:/127.0.0.1:51795 - R:localhost/127.0.0.1:8083] onStateChange(GET{uri=/attractions, connection=PooledConnection{channel=[id: 0xb42d715a, L:/127.0.0.1:51795 - R:localhost/127.0.0.1:8083]}}, [response_received])
15:53:17.085 [reactor-http-nio-46] DEBUG org.springframework.web.reactive.function.client.ExchangeFunctions - [256ac96a] Response 200 OK
15:53:17.086 [reactor-http-nio-46] DEBUG reactor.netty.channel.FluxReceive - [id: 0xb42d715a, L:/127.0.0.1:51795 - R:localhost/127.0.0.1:8083] Subscribing inbound receiver [pending: 0, cancelled:false, inboundDone: false]
15:53:17.086 [reactor-http-nio-46] DEBUG reactor.netty.http.client.HttpClientOperations - [id: 0xb42d715a, L:/127.0.0.1:51795 - R:localhost/127.0.0.1:8083] Received last HTTP packet
15:53:17.086 [reactor-http-nio-46] DEBUG org.springframework.core.codec.StringDecoder - [256ac96a] Decoded "[{"longitude":-117.922008,"latitude":33.817595,"attractionName":"Disneyland","city":"Anaheim","stat (truncated)...
15:53:17.086 [reactor-http-nio-46] DEBUG reactor.netty.resources.PooledConnectionProvider - [id: 0xb42d715a, L:/127.0.0.1:51795 - R:localhost/127.0.0.1:8083] onStateChange(GET{uri=/attractions, connection=PooledConnection{channel=[id: 0xb42d715a, L:/127.0.0.1:51795 - R:localhost/127.0.0.1:8083]}}, [disconnecting])
15:53:17.086 [reactor-http-nio-46] DEBUG reactor.netty.resources.PooledConnectionProvider - [id: 0xb42d715a, L:/127.0.0.1:51795 - R:localhost/127.0.0.1:8083] Releasing channel
15:53:17.086 [reactor-http-nio-46] DEBUG reactor.netty.resources.PooledConnectionProvider - [id: 0xb42d715a, L:/127.0.0.1:51795 - R:localhost/127.0.0.1:8083] Channel cleaned, now 194 active connections and 107 inactive connections
15:53:17.089 [reactor-http-nio-46] DEBUG reactor.netty.http.client.HttpClientOperations - [id: 0xef0e1454, L:/127.0.0.1:51744 - R:localhost/127.0.0.1:8083] Received response (auto-read:false) : [Content-Type=application/json, Transfer-Encoding=chunked, Date=Wed, 15 Jun 2022 14:53:15 GMT]
15:53:17.089 [reactor-http-nio-46] DEBUG reactor.netty.resources.PooledConnectionProvider - [id: 0xef0e1454, L:/127.0.0.1:51744 - R:localhost/127.0.0.1:8083] onStateChange(GET{uri=/attractions, connection=PooledConnection{channel=[id: 0xef0e1454, L:/127.0.0.1:51744 - R:localhost/127.0.0.1:8083]}}, [response_received])
15:53:17.089 [reactor-http-nio-46] DEBUG org.springframework.web.reactive.function.client.ExchangeFunctions - [7ecb156c] Response 200 OK
15:53:17.089 [reactor-http-nio-46] DEBUG reactor.netty.channel.FluxReceive - [id: 0xef0e1454, L:/127.0.0.1:51744 - R:localhost/127.0.0.1:8083] Subscribing inbound receiver [pending: 0, cancelled:false, inboundDone: false]
15:53:17.089 [reactor-http-nio-46] DEBUG reactor.netty.http.client.HttpClientOperations - [id: 0xef0e1454, L:/127.0.0.1:51744 - R:localhost/127.0.0.1:8083] Received last HTTP packet
15:53:17.090 [reactor-http-nio-46] DEBUG org.springframework.core.codec.StringDecoder - [7ecb156c] Decoded "[{"longitude":-117.922008,"latitude":33.817595,"attractionName":"Disneyland","city":"Anaheim","stat (truncated)...
15:53:17.090 [reactor-http-nio-46] DEBUG reactor.netty.resources.PooledConnectionProvider - [id: 0xef0e1454, L:/127.0.0.1:51744 - R:localhost/127.0.0.1:8083] onStateChange(GET{uri=/attractions, connection=PooledConnection{channel=[id: 0xef0e1454, L:/127.0.0.1:51744 - R:localhost/127.0.0.1:8083]}}, [disconnecting])
15:53:17.090 [reactor-http-nio-46] DEBUG reactor.netty.resources.PooledConnectionProvider - [id: 0xef0e1454, L:/127.0.0.1:51744 - R:localhost/127.0.0.1:8083] Releasing channel
15:53:17.090 [reactor-http-nio-46] DEBUG reactor.netty.resources.PooledConnectionProvider - [id: 0xef0e1454, L:/127.0.0.1:51744 - R:localhost/127.0.0.1:8083] Channel cleaned, now 193 active connections and 108 inactive connections
15:53:17.094 [reactor-http-nio-46] DEBUG reactor.netty.http.client.HttpClientOperations - [id: 0xed2911bf, L:/127.0.0.1:51751 - R:localhost/127.0.0.1:8083] Received response (auto-read:false) : [Content-Type=application/json, Transfer-Encoding=chunked, Date=Wed, 15 Jun 2022 14:53:15 GMT]
15:53:17.094 [reactor-http-nio-46] DEBUG reactor.netty.resources.PooledConnectionProvider - [id: 0xed2911bf, L:/127.0.0.1:51751 - R:localhost/127.0.0.1:8083] onStateChange(GET{uri=/attractions, connection=PooledConnection{channel=[id: 0xed2911bf, L:/127.0.0.1:51751 - R:localhost/127.0.0.1:8083]}}, [response_received])
15:53:17.094 [reactor-http-nio-46] DEBUG org.springframework.web.reactive.function.client.ExchangeFunctions - [29c743fd] Response 200 OK
15:53:17.095 [reactor-http-nio-46] DEBUG reactor.netty.channel.FluxReceive - [id: 0xed2911bf, L:/127.0.0.1:51751 - R:localhost/127.0.0.1:8083] Subscribing inbound receiver [pending: 0, cancelled:false, inboundDone: false]
15:53:17.095 [reactor-http-nio-46] DEBUG reactor.netty.http.client.HttpClientOperations - [id: 0xed2911bf, L:/127.0.0.1:51751 - R:localhost/127.0.0.1:8083] Received last HTTP packet
15:53:17.096 [reactor-http-nio-46] DEBUG org.springframework.core.codec.StringDecoder - [29c743fd] Decoded "[{"longitude":-117.922008,"latitude":33.817595,"attractionName":"Disneyland","city":"Anaheim","stat (truncated)...
15:53:17.096 [reactor-http-nio-46] DEBUG reactor.netty.resources.PooledConnectionProvider - [id: 0xed2911bf, L:/127.0.0.1:51751 - R:localhost/127.0.0.1:8083] onStateChange(GET{uri=/attractions, connection=PooledConnection{channel=[id: 0xed2911bf, L:/127.0.0.1:51751 - R:localhost/127.0.0.1:8083]}}, [disconnecting])
15:53:17.096 [reactor-http-nio-46] DEBUG reactor.netty.resources.PooledConnectionProvider - [id: 0xed2911bf, L:/127.0.0.1:51751 - R:localhost/127.0.0.1:8083] Releasing channel
15:53:17.096 [reactor-http-nio-46] DEBUG reactor.netty.resources.PooledConnectionProvider - [id: 0xed2911bf, L:/127.0.0.1:51751 - R:localhost/127.0.0.1:8083] Channel cleaned, now 192 active connections and 109 inactive connections
15:53:17.099 [reactor-http-nio-46] DEBUG reactor.netty.http.client.HttpClientOperations - [id: 0xb17f4d49, L:/127.0.0.1:51793 - R:localhost/127.0.0.1:8083] Received response (auto-read:false) : [Content-Type=application/json, Transfer-Encoding=chunked, Date=Wed, 15 Jun 2022 14:53:15 GMT]
15:53:17.099 [reactor-http-nio-46] DEBUG reactor.netty.resources.PooledConnectionProvider - [id: 0xb17f4d49, L:/127.0.0.1:51793 - R:localhost/127.0.0.1:8083] onStateChange(GET{uri=/attractions, connection=PooledConnection{channel=[id: 0xb17f4d49, L:/127.0.0.1:51793 - R:localhost/127.0.0.1:8083]}}, [response_received])
15:53:17.099 [reactor-http-nio-46] DEBUG org.springframework.web.reactive.function.client.ExchangeFunctions - [36f1e079] Response 200 OK
15:53:17.099 [reactor-http-nio-46] DEBUG reactor.netty.channel.FluxReceive - [id: 0xb17f4d49, L:/127.0.0.1:51793 - R:localhost/127.0.0.1:8083] Subscribing inbound receiver [pending: 0, cancelled:false, inboundDone: false]
15:53:17.100 [reactor-http-nio-46] DEBUG reactor.netty.http.client.HttpClientOperations - [id: 0xb17f4d49, L:/127.0.0.1:51793 - R:localhost/127.0.0.1:8083] Received last HTTP packet
15:53:17.100 [reactor-http-nio-46] DEBUG org.springframework.core.codec.StringDecoder - [36f1e079] Decoded "[{"longitude":-117.922008,"latitude":33.817595,"attractionName":"Disneyland","city":"Anaheim","stat (truncated)...
15:53:17.100 [reactor-http-nio-46] DEBUG reactor.netty.resources.PooledConnectionProvider - [id: 0xb17f4d49, L:/127.0.0.1:51793 - R:localhost/127.0.0.1:8083] onStateChange(GET{uri=/attractions, connection=PooledConnection{channel=[id: 0xb17f4d49, L:/127.0.0.1:51793 - R:localhost/127.0.0.1:8083]}}, [disconnecting])
15:53:17.100 [reactor-http-nio-46] DEBUG reactor.netty.resources.PooledConnectionProvider - [id: 0xb17f4d49, L:/127.0.0.1:51793 - R:localhost/127.0.0.1:8083] Releasing channel
15:53:17.100 [reactor-http-nio-46] DEBUG reactor.netty.resources.PooledConnectionProvider - [id: 0xb17f4d49, L:/127.0.0.1:51793 - R:localhost/127.0.0.1:8083] Channel cleaned, now 191 active connections and 110 inactive connections
15:53:17.102 [reactor-http-nio-41] DEBUG reactor.netty.http.client.HttpClientOperations - [id: 0x61097f73, L:/127.0.0.1:51767 - R:localhost/127.0.0.1:8083] Received response (auto-read:false) : [Content-Type=application/json, Transfer-Encoding=chunked, Date=Wed, 15 Jun 2022 14:53:15 GMT]
15:53:17.102 [reactor-http-nio-41] DEBUG reactor.netty.resources.PooledConnectionProvider - [id: 0x61097f73, L:/127.0.0.1:51767 - R:localhost/127.0.0.1:8083] onStateChange(GET{uri=/attractions, connection=PooledConnection{channel=[id: 0x61097f73, L:/127.0.0.1:51767 - R:localhost/127.0.0.1:8083]}}, [response_received])
15:53:17.102 [reactor-http-nio-41] DEBUG org.springframework.web.reactive.function.client.ExchangeFunctions - [20b4b4e3] Response 200 OK
15:53:17.103 [reactor-http-nio-41] DEBUG reactor.netty.channel.FluxReceive - [id: 0x61097f73, L:/127.0.0.1:51767 - R:localhost/127.0.0.1:8083] Subscribing inbound receiver [pending: 0, cancelled:false, inboundDone: false]
15:53:17.103 [reactor-http-nio-41] DEBUG reactor.netty.http.client.HttpClientOperations - [id: 0x61097f73, L:/127.0.0.1:51767 - R:localhost/127.0.0.1:8083] Received last HTTP packet
15:53:17.103 [reactor-http-nio-41] DEBUG org.springframework.core.codec.StringDecoder - [20b4b4e3] Decoded "[{"longitude":-117.922008,"latitude":33.817595,"attractionName":"Disneyland","city":"Anaheim","stat (truncated)...
15:53:17.103 [reactor-http-nio-41] DEBUG reactor.netty.resources.PooledConnectionProvider - [id: 0x61097f73, L:/127.0.0.1:51767 - R:localhost/127.0.0.1:8083] onStateChange(GET{uri=/attractions, connection=PooledConnection{channel=[id: 0x61097f73, L:/127.0.0.1:51767 - R:localhost/127.0.0.1:8083]}}, [disconnecting])
15:53:17.103 [reactor-http-nio-41] DEBUG reactor.netty.resources.PooledConnectionProvider - [id: 0x61097f73, L:/127.0.0.1:51767 - R:localhost/127.0.0.1:8083] Releasing channel
15:53:17.103 [reactor-http-nio-41] DEBUG reactor.netty.resources.PooledConnectionProvider - [id: 0x61097f73, L:/127.0.0.1:51767 - R:localhost/127.0.0.1:8083] Channel cleaned, now 190 active connections and 111 inactive connections
15:53:17.104 [reactor-http-nio-41] DEBUG reactor.netty.http.client.HttpClientOperations - [id: 0x98e6ee9b, L:/127.0.0.1:51750 - R:localhost/127.0.0.1:8083] Received response (auto-read:false) : [Content-Type=application/json, Transfer-Encoding=chunked, Date=Wed, 15 Jun 2022 14:53:15 GMT]
15:53:17.104 [reactor-http-nio-41] DEBUG reactor.netty.resources.PooledConnectionProvider - [id: 0x98e6ee9b, L:/127.0.0.1:51750 - R:localhost/127.0.0.1:8083] onStateChange(GET{uri=/attractions, connection=PooledConnection{channel=[id: 0x98e6ee9b, L:/127.0.0.1:51750 - R:localhost/127.0.0.1:8083]}}, [response_received])
15:53:17.104 [reactor-http-nio-41] DEBUG org.springframework.web.reactive.function.client.ExchangeFunctions - [1e80bd9e] Response 200 OK
15:53:17.104 [reactor-http-nio-41] DEBUG reactor.netty.channel.FluxReceive - [id: 0x98e6ee9b, L:/127.0.0.1:51750 - R:localhost/127.0.0.1:8083] Subscribing inbound receiver [pending: 0, cancelled:false, inboundDone: false]
15:53:17.105 [reactor-http-nio-41] DEBUG reactor.netty.http.client.HttpClientOperations - [id: 0x98e6ee9b, L:/127.0.0.1:51750 - R:localhost/127.0.0.1:8083] Received last HTTP packet
15:53:17.105 [reactor-http-nio-41] DEBUG org.springframework.core.codec.StringDecoder - [1e80bd9e] Decoded "[{"longitude":-117.922008,"latitude":33.817595,"attractionName":"Disneyland","city":"Anaheim","stat (truncated)...
15:53:17.105 [reactor-http-nio-41] DEBUG reactor.netty.resources.PooledConnectionProvider - [id: 0x98e6ee9b, L:/127.0.0.1:51750 - R:localhost/127.0.0.1:8083] onStateChange(GET{uri=/attractions, connection=PooledConnection{channel=[id: 0x98e6ee9b, L:/127.0.0.1:51750 - R:localhost/127.0.0.1:8083]}}, [disconnecting])
15:53:17.105 [reactor-http-nio-41] DEBUG reactor.netty.resources.PooledConnectionProvider - [id: 0x98e6ee9b, L:/127.0.0.1:51750 - R:localhost/127.0.0.1:8083] Releasing channel
15:53:17.105 [reactor-http-nio-41] DEBUG reactor.netty.resources.PooledConnectionProvider - [id: 0x98e6ee9b, L:/127.0.0.1:51750 - R:localhost/127.0.0.1:8083] Channel cleaned, now 189 active connections and 112 inactive connections
15:53:17.106 [reactor-http-nio-48] DEBUG reactor.netty.http.client.HttpClientOperations - [id: 0xe14cc15c, L:/127.0.0.1:51896 - R:localhost/127.0.0.1:8083] Received response (auto-read:false) : [Content-Type=application/json, Transfer-Encoding=chunked, Date=Wed, 15 Jun 2022 14:53:15 GMT]
15:53:17.106 [reactor-http-nio-48] DEBUG reactor.netty.resources.PooledConnectionProvider - [id: 0xe14cc15c, L:/127.0.0.1:51896 - R:localhost/127.0.0.1:8083] onStateChange(GET{uri=/attractions, connection=PooledConnection{channel=[id: 0xe14cc15c, L:/127.0.0.1:51896 - R:localhost/127.0.0.1:8083]}}, [response_received])
15:53:17.106 [reactor-http-nio-48] DEBUG org.springframework.web.reactive.function.client.ExchangeFunctions - [b4f8b1e] Response 200 OK
15:53:17.106 [reactor-http-nio-41] DEBUG reactor.netty.http.client.HttpClientOperations - [id: 0xdcbf6f00, L:/127.0.0.1:51769 - R:localhost/127.0.0.1:8083] Received response (auto-read:false) : [Content-Type=application/json, Transfer-Encoding=chunked, Date=Wed, 15 Jun 2022 14:53:15 GMT]
15:53:17.106 [reactor-http-nio-41] DEBUG reactor.netty.resources.PooledConnectionProvider - [id: 0xdcbf6f00, L:/127.0.0.1:51769 - R:localhost/127.0.0.1:8083] onStateChange(GET{uri=/attractions, connection=PooledConnection{channel=[id: 0xdcbf6f00, L:/127.0.0.1:51769 - R:localhost/127.0.0.1:8083]}}, [response_received])
15:53:17.106 [reactor-http-nio-48] DEBUG reactor.netty.channel.FluxReceive - [id: 0xe14cc15c, L:/127.0.0.1:51896 - R:localhost/127.0.0.1:8083] Subscribing inbound receiver [pending: 0, cancelled:false, inboundDone: false]
15:53:17.106 [reactor-http-nio-41] DEBUG org.springframework.web.reactive.function.client.ExchangeFunctions - [4ca96538] Response 200 OK
15:53:17.107 [reactor-http-nio-48] DEBUG reactor.netty.http.client.HttpClientOperations - [id: 0xe14cc15c, L:/127.0.0.1:51896 - R:localhost/127.0.0.1:8083] Received last HTTP packet
15:53:17.107 [reactor-http-nio-41] DEBUG reactor.netty.channel.FluxReceive - [id: 0xdcbf6f00, L:/127.0.0.1:51769 - R:localhost/127.0.0.1:8083] Subscribing inbound receiver [pending: 0, cancelled:false, inboundDone: false]
15:53:17.107 [reactor-http-nio-41] DEBUG reactor.netty.http.client.HttpClientOperations - [id: 0xdcbf6f00, L:/127.0.0.1:51769 - R:localhost/127.0.0.1:8083] Received last HTTP packet
15:53:17.107 [reactor-http-nio-41] DEBUG org.springframework.core.codec.StringDecoder - [4ca96538] Decoded "[{"longitude":-117.922008,"latitude":33.817595,"attractionName":"Disneyland","city":"Anaheim","stat (truncated)...
15:53:17.107 [reactor-http-nio-41] DEBUG reactor.netty.resources.PooledConnectionProvider - [id: 0xdcbf6f00, L:/127.0.0.1:51769 - R:localhost/127.0.0.1:8083] onStateChange(GET{uri=/attractions, connection=PooledConnection{channel=[id: 0xdcbf6f00, L:/127.0.0.1:51769 - R:localhost/127.0.0.1:8083]}}, [disconnecting])
15:53:17.107 [reactor-http-nio-41] DEBUG reactor.netty.resources.PooledConnectionProvider - [id: 0xdcbf6f00, L:/127.0.0.1:51769 - R:localhost/127.0.0.1:8083] Releasing channel
15:53:17.107 [reactor-http-nio-41] DEBUG reactor.netty.resources.PooledConnectionProvider - [id: 0xdcbf6f00, L:/127.0.0.1:51769 - R:localhost/127.0.0.1:8083] Channel cleaned, now 188 active connections and 113 inactive connections
15:53:17.108 [reactor-http-nio-48] DEBUG org.springframework.core.codec.StringDecoder - [b4f8b1e] Decoded "[{"longitude":-117.922008,"latitude":33.817595,"attractionName":"Disneyland","city":"Anaheim","stat (truncated)...
15:53:17.108 [reactor-http-nio-48] DEBUG reactor.netty.resources.PooledConnectionProvider - [id: 0xe14cc15c, L:/127.0.0.1:51896 - R:localhost/127.0.0.1:8083] onStateChange(GET{uri=/attractions, connection=PooledConnection{channel=[id: 0xe14cc15c, L:/127.0.0.1:51896 - R:localhost/127.0.0.1:8083]}}, [disconnecting])
15:53:17.108 [reactor-http-nio-48] DEBUG reactor.netty.resources.PooledConnectionProvider - [id: 0xe14cc15c, L:/127.0.0.1:51896 - R:localhost/127.0.0.1:8083] Releasing channel
15:53:17.108 [reactor-http-nio-48] DEBUG reactor.netty.resources.PooledConnectionProvider - [id: 0xe14cc15c, L:/127.0.0.1:51896 - R:localhost/127.0.0.1:8083] Channel cleaned, now 187 active connections and 114 inactive connections
15:53:17.111 [reactor-http-nio-47] DEBUG reactor.netty.http.client.HttpClientOperations - [id: 0xac6adea9, L:/127.0.0.1:51867 - R:localhost/127.0.0.1:8083] Received response (auto-read:false) : [Content-Type=application/json, Transfer-Encoding=chunked, Date=Wed, 15 Jun 2022 14:53:15 GMT]
15:53:17.111 [reactor-http-nio-47] DEBUG reactor.netty.resources.PooledConnectionProvider - [id: 0xac6adea9, L:/127.0.0.1:51867 - R:localhost/127.0.0.1:8083] onStateChange(GET{uri=/userLocation?userId=0593c2e3-e7d4-4c17-a881-63f339ca301d, connection=PooledConnection{channel=[id: 0xac6adea9, L:/127.0.0.1:51867 - R:localhost/127.0.0.1:8083]}}, [response_received])
15:53:17.111 [reactor-http-nio-47] DEBUG org.springframework.web.reactive.function.client.ExchangeFunctions - [37b0bec1] Response 200 OK
15:53:17.111 [reactor-http-nio-47] DEBUG reactor.netty.channel.FluxReceive - [id: 0xac6adea9, L:/127.0.0.1:51867 - R:localhost/127.0.0.1:8083] Subscribing inbound receiver [pending: 0, cancelled:false, inboundDone: false]
15:53:17.111 [reactor-http-nio-47] DEBUG reactor.netty.http.client.HttpClientOperations - [id: 0xac6adea9, L:/127.0.0.1:51867 - R:localhost/127.0.0.1:8083] Received last HTTP packet
15:53:17.112 [reactor-http-nio-47] DEBUG org.springframework.core.codec.StringDecoder - [37b0bec1] Decoded "{"userId":"0593c2e3-e7d4-4c17-a881-63f339ca301d","location":{"longitude":-103.959335,"latitude":66. (truncated)...
15:53:17.112 [reactor-http-nio-47] DEBUG reactor.netty.resources.PooledConnectionProvider - [id: 0xac6adea9, L:/127.0.0.1:51867 - R:localhost/127.0.0.1:8083] onStateChange(GET{uri=/userLocation?userId=0593c2e3-e7d4-4c17-a881-63f339ca301d, connection=PooledConnection{channel=[id: 0xac6adea9, L:/127.0.0.1:51867 - R:localhost/127.0.0.1:8083]}}, [disconnecting])
15:53:17.112 [reactor-http-nio-47] DEBUG reactor.netty.resources.PooledConnectionProvider - [id: 0xac6adea9, L:/127.0.0.1:51867 - R:localhost/127.0.0.1:8083] Releasing channel
15:53:17.112 [reactor-http-nio-46] DEBUG reactor.netty.http.client.HttpClientOperations - [id: 0x33fe729d, L:/127.0.0.1:51824 - R:localhost/127.0.0.1:8083] Received response (auto-read:false) : [Content-Type=application/json, Transfer-Encoding=chunked, Date=Wed, 15 Jun 2022 14:53:15 GMT]
15:53:17.112 [reactor-http-nio-46] DEBUG reactor.netty.resources.PooledConnectionProvider - [id: 0x33fe729d, L:/127.0.0.1:51824 - R:localhost/127.0.0.1:8083] onStateChange(GET{uri=/attractions, connection=PooledConnection{channel=[id: 0x33fe729d, L:/127.0.0.1:51824 - R:localhost/127.0.0.1:8083]}}, [response_received])
15:53:17.112 [reactor-http-nio-47] DEBUG reactor.netty.resources.PooledConnectionProvider - [id: 0xac6adea9, L:/127.0.0.1:51867 - R:localhost/127.0.0.1:8083] Channel cleaned, now 186 active connections and 115 inactive connections
15:53:17.112 [reactor-http-nio-46] DEBUG org.springframework.web.reactive.function.client.ExchangeFunctions - [7f150577] Response 200 OK
15:53:17.112 [reactor-http-nio-47] DEBUG reactor.netty.http.client.HttpClientOperations - [id: 0xfab28477, L:/127.0.0.1:51891 - R:localhost/127.0.0.1:8083] Received response (auto-read:false) : [Content-Type=application/json, Transfer-Encoding=chunked, Date=Wed, 15 Jun 2022 14:53:15 GMT]
15:53:17.112 [reactor-http-nio-47] DEBUG reactor.netty.resources.PooledConnectionProvider - [id: 0xfab28477, L:/127.0.0.1:51891 - R:localhost/127.0.0.1:8083] onStateChange(GET{uri=/userLocation?userId=69b999b4-96bf-4513-85fb-d346fdb56545, connection=PooledConnection{channel=[id: 0xfab28477, L:/127.0.0.1:51891 - R:localhost/127.0.0.1:8083]}}, [response_received])
15:53:17.112 [reactor-http-nio-46] DEBUG reactor.netty.channel.FluxReceive - [id: 0x33fe729d, L:/127.0.0.1:51824 - R:localhost/127.0.0.1:8083] Subscribing inbound receiver [pending: 0, cancelled:false, inboundDone: false]
15:53:17.112 [reactor-http-nio-47] DEBUG org.springframework.web.reactive.function.client.ExchangeFunctions - [3377ab00] Response 200 OK
15:53:17.112 [reactor-http-nio-46] DEBUG reactor.netty.http.client.HttpClientOperations - [id: 0x33fe729d, L:/127.0.0.1:51824 - R:localhost/127.0.0.1:8083] Received last HTTP packet
15:53:17.112 [reactor-http-nio-47] DEBUG reactor.netty.channel.FluxReceive - [id: 0xfab28477, L:/127.0.0.1:51891 - R:localhost/127.0.0.1:8083] Subscribing inbound receiver [pending: 0, cancelled:false, inboundDone: false]
15:53:17.112 [reactor-http-nio-47] DEBUG reactor.netty.http.client.HttpClientOperations - [id: 0xfab28477, L:/127.0.0.1:51891 - R:localhost/127.0.0.1:8083] Received last HTTP packet
15:53:17.112 [reactor-http-nio-46] DEBUG org.springframework.core.codec.StringDecoder - [7f150577] Decoded "[{"longitude":-117.922008,"latitude":33.817595,"attractionName":"Disneyland","city":"Anaheim","stat (truncated)...
15:53:17.112 [reactor-http-nio-47] DEBUG org.springframework.core.codec.StringDecoder - [3377ab00] Decoded "{"userId":"69b999b4-96bf-4513-85fb-d346fdb56545","location":{"longitude":115.989001,"latitude":-77. (truncated)...
15:53:17.112 [reactor-http-nio-46] DEBUG reactor.netty.resources.PooledConnectionProvider - [id: 0x33fe729d, L:/127.0.0.1:51824 - R:localhost/127.0.0.1:8083] onStateChange(GET{uri=/attractions, connection=PooledConnection{channel=[id: 0x33fe729d, L:/127.0.0.1:51824 - R:localhost/127.0.0.1:8083]}}, [disconnecting])
15:53:17.112 [reactor-http-nio-47] DEBUG reactor.netty.resources.PooledConnectionProvider - [id: 0xfab28477, L:/127.0.0.1:51891 - R:localhost/127.0.0.1:8083] onStateChange(GET{uri=/userLocation?userId=69b999b4-96bf-4513-85fb-d346fdb56545, connection=PooledConnection{channel=[id: 0xfab28477, L:/127.0.0.1:51891 - R:localhost/127.0.0.1:8083]}}, [disconnecting])
15:53:17.112 [reactor-http-nio-47] DEBUG reactor.netty.resources.PooledConnectionProvider - [id: 0xfab28477, L:/127.0.0.1:51891 - R:localhost/127.0.0.1:8083] Releasing channel
15:53:17.112 [reactor-http-nio-46] DEBUG reactor.netty.resources.PooledConnectionProvider - [id: 0x33fe729d, L:/127.0.0.1:51824 - R:localhost/127.0.0.1:8083] Releasing channel
15:53:17.113 [reactor-http-nio-47] DEBUG reactor.netty.resources.PooledConnectionProvider - [id: 0xfab28477, L:/127.0.0.1:51891 - R:localhost/127.0.0.1:8083] Channel cleaned, now 184 active connections and 117 inactive connections
15:53:17.113 [reactor-http-nio-46] DEBUG reactor.netty.resources.PooledConnectionProvider - [id: 0x33fe729d, L:/127.0.0.1:51824 - R:localhost/127.0.0.1:8083] Channel cleaned, now 184 active connections and 117 inactive connections
15:53:17.113 [pool-5-thread-74] INFO tourGuide.service.TourGuideService - visitedLocatio tourGuide.gpsUtil.VisitedLocation@6a7ac642
15:53:17.115 [pool-5-thread-74] DEBUG org.springframework.web.reactive.function.client.ExchangeFunctions - [16d3a728] HTTP GET http://localhost:8083/attractions
15:53:17.115 [pool-5-thread-16] INFO tourGuide.service.TourGuideService - visitedLocatio tourGuide.gpsUtil.VisitedLocation@4d3b47e7
15:53:17.115 [pool-5-thread-16] DEBUG org.springframework.web.reactive.function.client.ExchangeFunctions - [a708270] HTTP GET http://localhost:8083/attractions
15:53:17.116 [reactor-http-nio-41] DEBUG reactor.netty.resources.PooledConnectionProvider - [id: 0x20fc71d3, L:/127.0.0.1:51915 - R:localhost/127.0.0.1:8083] Channel acquired, now 185 active connections and 116 inactive connections
15:53:17.116 [reactor-http-nio-41] DEBUG reactor.netty.http.client.HttpClientConnect - [id: 0x20fc71d3, L:/127.0.0.1:51915 - R:localhost/127.0.0.1:8083] Handler is being applied: {uri=http://localhost:8083/attractions, method=GET}
15:53:17.117 [reactor-http-nio-41] DEBUG reactor.netty.resources.PooledConnectionProvider - [id: 0x20fc71d3, L:/127.0.0.1:51915 - R:localhost/127.0.0.1:8083] onStateChange(GET{uri=/attractions, connection=PooledConnection{channel=[id: 0x20fc71d3, L:/127.0.0.1:51915 - R:localhost/127.0.0.1:8083]}}, [request_sent])
15:53:17.118 [reactor-http-nio-47] DEBUG reactor.netty.resources.PooledConnectionProvider - [id: 0xd62fd8aa, L:/127.0.0.1:51857 - R:localhost/127.0.0.1:8083] Channel acquired, now 186 active connections and 115 inactive connections
15:53:17.118 [reactor-http-nio-47] DEBUG reactor.netty.http.client.HttpClientConnect - [id: 0xd62fd8aa, L:/127.0.0.1:51857 - R:localhost/127.0.0.1:8083] Handler is being applied: {uri=http://localhost:8083/attractions, method=GET}
15:53:17.119 [reactor-http-nio-47] DEBUG reactor.netty.resources.PooledConnectionProvider - [id: 0xd62fd8aa, L:/127.0.0.1:51857 - R:localhost/127.0.0.1:8083] onStateChange(GET{uri=/attractions, connection=PooledConnection{channel=[id: 0xd62fd8aa, L:/127.0.0.1:51857 - R:localhost/127.0.0.1:8083]}}, [request_sent])
15:53:17.122 [pool-4-thread-29] DEBUG org.springframework.web.reactive.function.client.ExchangeFunctions - [6a3a03c] HTTP GET http://localhost:8084/attractionRewardPoint?attractionId=92d9a3dc-d003-4d38-956c-14d3930ab7af&userId=312d26d8-02da-48e0-b509-149fa782e3a9
15:53:17.126 [reactor-http-nio-48] DEBUG reactor.netty.resources.PooledConnectionProvider - [id: 0x6c2d4532] Created new pooled channel, now 28 active connections and 1 inactive connections
15:53:17.127 [reactor-http-nio-48] DEBUG reactor.netty.channel.BootstrapHandlers - [id: 0x6c2d4532] Initialized pipeline DefaultChannelPipeline{(BootstrapHandlers$BootstrapInitializerHandler#0 = reactor.netty.channel.BootstrapHandlers$BootstrapInitializerHandler), (SimpleChannelPool$1#0 = io.netty.channel.pool.SimpleChannelPool$1), (reactor.left.httpCodec = io.netty.handler.codec.http.HttpClientCodec), (reactor.left.decompressor = io.netty.handler.codec.http.HttpContentDecompressor), (reactor.right.reactiveBridge = reactor.netty.channel.ChannelOperationsHandler)}
15:53:17.128 [reactor-http-nio-48] DEBUG reactor.netty.resources.PooledConnectionProvider - [id: 0x6c2d4532, L:/127.0.0.1:52009 - R:localhost/127.0.0.1:8084] onStateChange(PooledConnection{channel=[id: 0x6c2d4532, L:/127.0.0.1:52009 - R:localhost/127.0.0.1:8084]}, [connected])
15:53:17.128 [reactor-http-nio-48] DEBUG reactor.netty.resources.PooledConnectionProvider - [id: 0x6c2d4532, L:/127.0.0.1:52009 - R:localhost/127.0.0.1:8084] onStateChange(GET{uri=/, connection=PooledConnection{channel=[id: 0x6c2d4532, L:/127.0.0.1:52009 - R:localhost/127.0.0.1:8084]}}, [configured])
15:53:17.129 [reactor-http-nio-48] DEBUG reactor.netty.resources.PooledConnectionProvider - [id: 0x6c2d4532, L:/127.0.0.1:52009 - R:localhost/127.0.0.1:8084] Registering pool release on close event for channel
15:53:17.129 [reactor-http-nio-48] DEBUG reactor.netty.http.client.HttpClientConnect - [id: 0x6c2d4532, L:/127.0.0.1:52009 - R:localhost/127.0.0.1:8084] Handler is being applied: {uri=http://localhost:8084/attractionRewardPoint?attractionId=92d9a3dc-d003-4d38-956c-14d3930ab7af&userId=312d26d8-02da-48e0-b509-149fa782e3a9, method=GET}
15:53:17.130 [reactor-http-nio-48] DEBUG reactor.netty.resources.PooledConnectionProvider - [id: 0x6c2d4532, L:/127.0.0.1:52009 - R:localhost/127.0.0.1:8084] onStateChange(GET{uri=/attractionRewardPoint?attractionId=92d9a3dc-d003-4d38-956c-14d3930ab7af&userId=312d26d8-02da-48e0-b509-149fa782e3a9, connection=PooledConnection{channel=[id: 0x6c2d4532, L:/127.0.0.1:52009 - R:localhost/127.0.0.1:8084]}}, [request_sent])
15:53:17.130 [reactor-http-nio-48] DEBUG reactor.netty.resources.PooledConnectionProvider - [id: 0x6c2d4532, L:/127.0.0.1:52009 - R:localhost/127.0.0.1:8084] Channel connected, now 29 active connections and 0 inactive connections
15:53:17.132 [reactor-http-nio-41] DEBUG reactor.netty.http.client.HttpClientOperations - [id: 0x681d37cb, L:/127.0.0.1:51786 - R:localhost/127.0.0.1:8083] Received response (auto-read:false) : [Content-Type=application/json, Transfer-Encoding=chunked, Date=Wed, 15 Jun 2022 14:53:15 GMT]
15:53:17.132 [reactor-http-nio-41] DEBUG reactor.netty.resources.PooledConnectionProvider - [id: 0x681d37cb, L:/127.0.0.1:51786 - R:localhost/127.0.0.1:8083] onStateChange(GET{uri=/attractions, connection=PooledConnection{channel=[id: 0x681d37cb, L:/127.0.0.1:51786 - R:localhost/127.0.0.1:8083]}}, [response_received])
15:53:17.132 [reactor-http-nio-41] DEBUG org.springframework.web.reactive.function.client.ExchangeFunctions - [29dd0148] Response 200 OK
15:53:17.132 [reactor-http-nio-46] DEBUG reactor.netty.http.client.HttpClientOperations - [id: 0xed17734c, L:/127.0.0.1:51825 - R:localhost/127.0.0.1:8083] Received response (auto-read:false) : [Content-Type=application/json, Transfer-Encoding=chunked, Date=Wed, 15 Jun 2022 14:53:15 GMT]
15:53:17.132 [reactor-http-nio-46] DEBUG reactor.netty.resources.PooledConnectionProvider - [id: 0xed17734c, L:/127.0.0.1:51825 - R:localhost/127.0.0.1:8083] onStateChange(GET{uri=/attractions, connection=PooledConnection{channel=[id: 0xed17734c, L:/127.0.0.1:51825 - R:localhost/127.0.0.1:8083]}}, [response_received])
15:53:17.132 [reactor-http-nio-46] DEBUG org.springframework.web.reactive.function.client.ExchangeFunctions - [7c7dbea4] Response 200 OK
15:53:17.132 [reactor-http-nio-41] DEBUG reactor.netty.channel.FluxReceive - [id: 0x681d37cb, L:/127.0.0.1:51786 - R:localhost/127.0.0.1:8083] Subscribing inbound receiver [pending: 0, cancelled:false, inboundDone: false]
15:53:17.132 [reactor-http-nio-46] DEBUG reactor.netty.channel.FluxReceive - [id: 0xed17734c, L:/127.0.0.1:51825 - R:localhost/127.0.0.1:8083] Subscribing inbound receiver [pending: 0, cancelled:false, inboundDone: false]
15:53:17.132 [reactor-http-nio-46] DEBUG reactor.netty.http.client.HttpClientOperations - [id: 0xed17734c, L:/127.0.0.1:51825 - R:localhost/127.0.0.1:8083] Received last HTTP packet
15:53:17.132 [reactor-http-nio-41] DEBUG reactor.netty.http.client.HttpClientOperations - [id: 0x681d37cb, L:/127.0.0.1:51786 - R:localhost/127.0.0.1:8083] Received last HTTP packet
15:53:17.133 [reactor-http-nio-41] DEBUG org.springframework.core.codec.StringDecoder - [29dd0148] Decoded "[{"longitude":-117.922008,"latitude":33.817595,"attractionName":"Disneyland","city":"Anaheim","stat (truncated)...
15:53:17.133 [reactor-http-nio-46] DEBUG org.springframework.core.codec.StringDecoder - [7c7dbea4] Decoded "[{"longitude":-117.922008,"latitude":33.817595,"attractionName":"Disneyland","city":"Anaheim","stat (truncated)...
15:53:17.133 [reactor-http-nio-41] DEBUG reactor.netty.resources.PooledConnectionProvider - [id: 0x681d37cb, L:/127.0.0.1:51786 - R:localhost/127.0.0.1:8083] onStateChange(GET{uri=/attractions, connection=PooledConnection{channel=[id: 0x681d37cb, L:/127.0.0.1:51786 - R:localhost/127.0.0.1:8083]}}, [disconnecting])
15:53:17.133 [reactor-http-nio-41] DEBUG reactor.netty.resources.PooledConnectionProvider - [id: 0x681d37cb, L:/127.0.0.1:51786 - R:localhost/127.0.0.1:8083] Releasing channel
15:53:17.133 [reactor-http-nio-41] DEBUG reactor.netty.resources.PooledConnectionProvider - [id: 0x681d37cb, L:/127.0.0.1:51786 - R:localhost/127.0.0.1:8083] Channel cleaned, now 185 active connections and 116 inactive connections
15:53:17.133 [reactor-http-nio-46] DEBUG reactor.netty.resources.PooledConnectionProvider - [id: 0xed17734c, L:/127.0.0.1:51825 - R:localhost/127.0.0.1:8083] onStateChange(GET{uri=/attractions, connection=PooledConnection{channel=[id: 0xed17734c, L:/127.0.0.1:51825 - R:localhost/127.0.0.1:8083]}}, [disconnecting])
15:53:17.133 [reactor-http-nio-46] DEBUG reactor.netty.resources.PooledConnectionProvider - [id: 0xed17734c, L:/127.0.0.1:51825 - R:localhost/127.0.0.1:8083] Releasing channel
15:53:17.133 [reactor-http-nio-46] DEBUG reactor.netty.resources.PooledConnectionProvider - [id: 0xed17734c, L:/127.0.0.1:51825 - R:localhost/127.0.0.1:8083] Channel cleaned, now 184 active connections and 117 inactive connections
15:53:17.134 [reactor-http-nio-41] DEBUG reactor.netty.http.client.HttpClientOperations - [id: 0x0c95a1e6, L:/127.0.0.1:51725 - R:localhost/127.0.0.1:8083] Received last HTTP packet
15:53:17.134 [reactor-http-nio-41] DEBUG org.springframework.core.codec.StringDecoder - [7c80d15] Decoded "[{"longitude":-117.922008,"latitude":33.817595,"attractionName":"Disneyland","city":"Anaheim","stat (truncated)...
15:53:17.134 [reactor-http-nio-41] DEBUG reactor.netty.resources.PooledConnectionProvider - [id: 0x0c95a1e6, L:/127.0.0.1:51725 - R:localhost/127.0.0.1:8083] onStateChange(GET{uri=/attractions, connection=PooledConnection{channel=[id: 0x0c95a1e6, L:/127.0.0.1:51725 - R:localhost/127.0.0.1:8083]}}, [disconnecting])
15:53:17.134 [reactor-http-nio-41] DEBUG reactor.netty.resources.PooledConnectionProvider - [id: 0x0c95a1e6, L:/127.0.0.1:51725 - R:localhost/127.0.0.1:8083] Releasing channel
15:53:17.134 [reactor-http-nio-41] DEBUG reactor.netty.resources.PooledConnectionProvider - [id: 0x0c95a1e6, L:/127.0.0.1:51725 - R:localhost/127.0.0.1:8083] Channel cleaned, now 183 active connections and 118 inactive connections
15:53:17.135 [reactor-http-nio-46] DEBUG reactor.netty.http.client.HttpClientOperations - [id: 0x7e95ad76, L:/127.0.0.1:51814 - R:localhost/127.0.0.1:8083] Received response (auto-read:false) : [Content-Type=application/json, Transfer-Encoding=chunked, Date=Wed, 15 Jun 2022 14:53:15 GMT]
15:53:17.135 [reactor-http-nio-46] DEBUG reactor.netty.resources.PooledConnectionProvider - [id: 0x7e95ad76, L:/127.0.0.1:51814 - R:localhost/127.0.0.1:8083] onStateChange(GET{uri=/attractions, connection=PooledConnection{channel=[id: 0x7e95ad76, L:/127.0.0.1:51814 - R:localhost/127.0.0.1:8083]}}, [response_received])
15:53:17.135 [reactor-http-nio-46] DEBUG org.springframework.web.reactive.function.client.ExchangeFunctions - [66b53957] Response 200 OK
15:53:17.135 [reactor-http-nio-46] DEBUG reactor.netty.channel.FluxReceive - [id: 0x7e95ad76, L:/127.0.0.1:51814 - R:localhost/127.0.0.1:8083] Subscribing inbound receiver [pending: 0, cancelled:false, inboundDone: false]
15:53:17.136 [reactor-http-nio-46] DEBUG reactor.netty.http.client.HttpClientOperations - [id: 0x7e95ad76, L:/127.0.0.1:51814 - R:localhost/127.0.0.1:8083] Received last HTTP packet
15:53:17.136 [reactor-http-nio-46] DEBUG org.springframework.core.codec.StringDecoder - [66b53957] Decoded "[{"longitude":-117.922008,"latitude":33.817595,"attractionName":"Disneyland","city":"Anaheim","stat (truncated)...
15:53:17.136 [reactor-http-nio-46] DEBUG reactor.netty.resources.PooledConnectionProvider - [id: 0x7e95ad76, L:/127.0.0.1:51814 - R:localhost/127.0.0.1:8083] onStateChange(GET{uri=/attractions, connection=PooledConnection{channel=[id: 0x7e95ad76, L:/127.0.0.1:51814 - R:localhost/127.0.0.1:8083]}}, [disconnecting])
15:53:17.136 [reactor-http-nio-46] DEBUG reactor.netty.resources.PooledConnectionProvider - [id: 0x7e95ad76, L:/127.0.0.1:51814 - R:localhost/127.0.0.1:8083] Releasing channel
15:53:17.136 [reactor-http-nio-46] DEBUG reactor.netty.resources.PooledConnectionProvider - [id: 0x7e95ad76, L:/127.0.0.1:51814 - R:localhost/127.0.0.1:8083] Channel cleaned, now 182 active connections and 119 inactive connections
15:53:17.137 [reactor-http-nio-46] DEBUG reactor.netty.http.client.HttpClientOperations - [id: 0x0c4def98, L:/127.0.0.1:51813 - R:localhost/127.0.0.1:8083] Received response (auto-read:false) : [Content-Type=application/json, Transfer-Encoding=chunked, Date=Wed, 15 Jun 2022 14:53:15 GMT]
15:53:17.137 [reactor-http-nio-46] DEBUG reactor.netty.resources.PooledConnectionProvider - [id: 0x0c4def98, L:/127.0.0.1:51813 - R:localhost/127.0.0.1:8083] onStateChange(GET{uri=/attractions, connection=PooledConnection{channel=[id: 0x0c4def98, L:/127.0.0.1:51813 - R:localhost/127.0.0.1:8083]}}, [response_received])
15:53:17.137 [reactor-http-nio-46] DEBUG org.springframework.web.reactive.function.client.ExchangeFunctions - [30d218df] Response 200 OK
15:53:17.138 [reactor-http-nio-46] DEBUG reactor.netty.channel.FluxReceive - [id: 0x0c4def98, L:/127.0.0.1:51813 - R:localhost/127.0.0.1:8083] Subscribing inbound receiver [pending: 0, cancelled:false, inboundDone: false]
15:53:17.138 [reactor-http-nio-46] DEBUG reactor.netty.http.client.HttpClientOperations - [id: 0x0c4def98, L:/127.0.0.1:51813 - R:localhost/127.0.0.1:8083] Received last HTTP packet
15:53:17.138 [reactor-http-nio-46] DEBUG org.springframework.core.codec.StringDecoder - [30d218df] Decoded "[{"longitude":-117.922008,"latitude":33.817595,"attractionName":"Disneyland","city":"Anaheim","stat (truncated)...
15:53:17.138 [reactor-http-nio-46] DEBUG reactor.netty.resources.PooledConnectionProvider - [id: 0x0c4def98, L:/127.0.0.1:51813 - R:localhost/127.0.0.1:8083] onStateChange(GET{uri=/attractions, connection=PooledConnection{channel=[id: 0x0c4def98, L:/127.0.0.1:51813 - R:localhost/127.0.0.1:8083]}}, [disconnecting])
15:53:17.138 [reactor-http-nio-46] DEBUG reactor.netty.resources.PooledConnectionProvider - [id: 0x0c4def98, L:/127.0.0.1:51813 - R:localhost/127.0.0.1:8083] Releasing channel
15:53:17.138 [reactor-http-nio-46] DEBUG reactor.netty.resources.PooledConnectionProvider - [id: 0x0c4def98, L:/127.0.0.1:51813 - R:localhost/127.0.0.1:8083] Channel cleaned, now 181 active connections and 120 inactive connections
15:53:17.139 [reactor-http-nio-46] DEBUG reactor.netty.http.client.HttpClientOperations - [id: 0xcde170f5, L:/127.0.0.1:51800 - R:localhost/127.0.0.1:8083] Received response (auto-read:false) : [Content-Type=application/json, Transfer-Encoding=chunked, Date=Wed, 15 Jun 2022 14:53:15 GMT]
15:53:17.139 [reactor-http-nio-46] DEBUG reactor.netty.resources.PooledConnectionProvider - [id: 0xcde170f5, L:/127.0.0.1:51800 - R:localhost/127.0.0.1:8083] onStateChange(GET{uri=/attractions, connection=PooledConnection{channel=[id: 0xcde170f5, L:/127.0.0.1:51800 - R:localhost/127.0.0.1:8083]}}, [response_received])
15:53:17.139 [reactor-http-nio-46] DEBUG org.springframework.web.reactive.function.client.ExchangeFunctions - [23f58f52] Response 200 OK
15:53:17.139 [reactor-http-nio-46] DEBUG reactor.netty.channel.FluxReceive - [id: 0xcde170f5, L:/127.0.0.1:51800 - R:localhost/127.0.0.1:8083] Subscribing inbound receiver [pending: 0, cancelled:false, inboundDone: false]
15:53:17.139 [reactor-http-nio-46] DEBUG reactor.netty.http.client.HttpClientOperations - [id: 0xcde170f5, L:/127.0.0.1:51800 - R:localhost/127.0.0.1:8083] Received last HTTP packet
15:53:17.139 [reactor-http-nio-46] DEBUG org.springframework.core.codec.StringDecoder - [23f58f52] Decoded "[{"longitude":-117.922008,"latitude":33.817595,"attractionName":"Disneyland","city":"Anaheim","stat (truncated)...
15:53:17.139 [reactor-http-nio-46] DEBUG reactor.netty.resources.PooledConnectionProvider - [id: 0xcde170f5, L:/127.0.0.1:51800 - R:localhost/127.0.0.1:8083] onStateChange(GET{uri=/attractions, connection=PooledConnection{channel=[id: 0xcde170f5, L:/127.0.0.1:51800 - R:localhost/127.0.0.1:8083]}}, [disconnecting])
15:53:17.139 [reactor-http-nio-46] DEBUG reactor.netty.resources.PooledConnectionProvider - [id: 0xcde170f5, L:/127.0.0.1:51800 - R:localhost/127.0.0.1:8083] Releasing channel
15:53:17.140 [reactor-http-nio-46] DEBUG reactor.netty.resources.PooledConnectionProvider - [id: 0xcde170f5, L:/127.0.0.1:51800 - R:localhost/127.0.0.1:8083] Channel cleaned, now 180 active connections and 121 inactive connections
15:53:17.140 [reactor-http-nio-46] DEBUG reactor.netty.http.client.HttpClientOperations - [id: 0xad15f065, L:/127.0.0.1:51819 - R:localhost/127.0.0.1:8083] Received response (auto-read:false) : [Content-Type=application/json, Transfer-Encoding=chunked, Date=Wed, 15 Jun 2022 14:53:15 GMT]
15:53:17.140 [reactor-http-nio-46] DEBUG reactor.netty.resources.PooledConnectionProvider - [id: 0xad15f065, L:/127.0.0.1:51819 - R:localhost/127.0.0.1:8083] onStateChange(GET{uri=/attractions, connection=PooledConnection{channel=[id: 0xad15f065, L:/127.0.0.1:51819 - R:localhost/127.0.0.1:8083]}}, [response_received])
15:53:17.140 [reactor-http-nio-46] DEBUG org.springframework.web.reactive.function.client.ExchangeFunctions - [691bdc5b] Response 200 OK
15:53:17.141 [reactor-http-nio-46] DEBUG reactor.netty.channel.FluxReceive - [id: 0xad15f065, L:/127.0.0.1:51819 - R:localhost/127.0.0.1:8083] Subscribing inbound receiver [pending: 0, cancelled:false, inboundDone: false]
15:53:17.141 [reactor-http-nio-46] DEBUG reactor.netty.http.client.HttpClientOperations - [id: 0xad15f065, L:/127.0.0.1:51819 - R:localhost/127.0.0.1:8083] Received last HTTP packet
15:53:17.141 [reactor-http-nio-46] DEBUG org.springframework.core.codec.StringDecoder - [691bdc5b] Decoded "[{"longitude":-117.922008,"latitude":33.817595,"attractionName":"Disneyland","city":"Anaheim","stat (truncated)...
15:53:17.141 [reactor-http-nio-46] DEBUG reactor.netty.resources.PooledConnectionProvider - [id: 0xad15f065, L:/127.0.0.1:51819 - R:localhost/127.0.0.1:8083] onStateChange(GET{uri=/attractions, connection=PooledConnection{channel=[id: 0xad15f065, L:/127.0.0.1:51819 - R:localhost/127.0.0.1:8083]}}, [disconnecting])
15:53:17.141 [reactor-http-nio-46] DEBUG reactor.netty.resources.PooledConnectionProvider - [id: 0xad15f065, L:/127.0.0.1:51819 - R:localhost/127.0.0.1:8083] Releasing channel
15:53:17.141 [reactor-http-nio-46] DEBUG reactor.netty.resources.PooledConnectionProvider - [id: 0xad15f065, L:/127.0.0.1:51819 - R:localhost/127.0.0.1:8083] Channel cleaned, now 179 active connections and 122 inactive connections
15:53:17.142 [reactor-http-nio-41] DEBUG reactor.netty.http.client.HttpClientOperations - [id: 0xabcec1ab, L:/127.0.0.1:51770 - R:localhost/127.0.0.1:8083] Received response (auto-read:false) : [Content-Type=application/json, Transfer-Encoding=chunked, Date=Wed, 15 Jun 2022 14:53:15 GMT]
15:53:17.142 [reactor-http-nio-41] DEBUG reactor.netty.resources.PooledConnectionProvider - [id: 0xabcec1ab, L:/127.0.0.1:51770 - R:localhost/127.0.0.1:8083] onStateChange(GET{uri=/attractions, connection=PooledConnection{channel=[id: 0xabcec1ab, L:/127.0.0.1:51770 - R:localhost/127.0.0.1:8083]}}, [response_received])
15:53:17.142 [reactor-http-nio-41] DEBUG org.springframework.web.reactive.function.client.ExchangeFunctions - [4422ca9] Response 200 OK
15:53:17.143 [reactor-http-nio-41] DEBUG reactor.netty.channel.FluxReceive - [id: 0xabcec1ab, L:/127.0.0.1:51770 - R:localhost/127.0.0.1:8083] Subscribing inbound receiver [pending: 0, cancelled:false, inboundDone: false]
15:53:17.143 [reactor-http-nio-41] DEBUG reactor.netty.http.client.HttpClientOperations - [id: 0xabcec1ab, L:/127.0.0.1:51770 - R:localhost/127.0.0.1:8083] Received last HTTP packet
15:53:17.143 [reactor-http-nio-41] DEBUG org.springframework.core.codec.StringDecoder - [4422ca9] Decoded "[{"longitude":-117.922008,"latitude":33.817595,"attractionName":"Disneyland","city":"Anaheim","stat (truncated)...
15:53:17.143 [reactor-http-nio-41] DEBUG reactor.netty.resources.PooledConnectionProvider - [id: 0xabcec1ab, L:/127.0.0.1:51770 - R:localhost/127.0.0.1:8083] onStateChange(GET{uri=/attractions, connection=PooledConnection{channel=[id: 0xabcec1ab, L:/127.0.0.1:51770 - R:localhost/127.0.0.1:8083]}}, [disconnecting])
15:53:17.143 [reactor-http-nio-41] DEBUG reactor.netty.resources.PooledConnectionProvider - [id: 0xabcec1ab, L:/127.0.0.1:51770 - R:localhost/127.0.0.1:8083] Releasing channel
15:53:17.143 [reactor-http-nio-41] DEBUG reactor.netty.resources.PooledConnectionProvider - [id: 0xabcec1ab, L:/127.0.0.1:51770 - R:localhost/127.0.0.1:8083] Channel cleaned, now 178 active connections and 123 inactive connections
15:53:17.150 [pool-4-thread-30] DEBUG org.springframework.web.reactive.function.client.ExchangeFunctions - [1b7b49eb] HTTP GET http://localhost:8084/attractionRewardPoint?attractionId=7694cdd8-1ac4-484a-bcde-7b491bd5fc00&userId=c0774efd-d248-4427-a0d6-8e85948aa8ec
15:53:17.152 [pool-4-thread-31] DEBUG org.springframework.web.reactive.function.client.ExchangeFunctions - [1721746f] HTTP GET http://localhost:8084/attractionRewardPoint?attractionId=9e18503b-ff31-4f51-9855-b8c9d70161c5&userId=9210fe3b-2d9a-4f2c-8c54-688589f5b58c
15:53:17.154 [reactor-http-nio-47] DEBUG reactor.netty.resources.PooledConnectionProvider - [id: 0xfb2c8096] Created new pooled channel, now 29 active connections and 1 inactive connections
15:53:17.154 [reactor-http-nio-47] DEBUG reactor.netty.channel.BootstrapHandlers - [id: 0xfb2c8096] Initialized pipeline DefaultChannelPipeline{(BootstrapHandlers$BootstrapInitializerHandler#0 = reactor.netty.channel.BootstrapHandlers$BootstrapInitializerHandler), (SimpleChannelPool$1#0 = io.netty.channel.pool.SimpleChannelPool$1), (reactor.left.httpCodec = io.netty.handler.codec.http.HttpClientCodec), (reactor.left.decompressor = io.netty.handler.codec.http.HttpContentDecompressor), (reactor.right.reactiveBridge = reactor.netty.channel.ChannelOperationsHandler)}
15:53:17.155 [pool-4-thread-33] DEBUG org.springframework.web.reactive.function.client.ExchangeFunctions - [4532782f] HTTP GET http://localhost:8084/attractionRewardPoint?attractionId=e45a2236-a7fc-4992-b49c-64d444251b2a&userId=00cf5a30-6cd1-4d44-93b7-bc03c58de78c
15:53:17.156 [reactor-http-nio-47] DEBUG reactor.netty.resources.PooledConnectionProvider - [id: 0xfb2c8096, L:/127.0.0.1:52010 - R:localhost/127.0.0.1:8084] onStateChange(PooledConnection{channel=[id: 0xfb2c8096, L:/127.0.0.1:52010 - R:localhost/127.0.0.1:8084]}, [connected])
15:53:17.156 [reactor-http-nio-47] DEBUG reactor.netty.resources.PooledConnectionProvider - [id: 0xfb2c8096, L:/127.0.0.1:52010 - R:localhost/127.0.0.1:8084] onStateChange(GET{uri=/, connection=PooledConnection{channel=[id: 0xfb2c8096, L:/127.0.0.1:52010 - R:localhost/127.0.0.1:8084]}}, [configured])
15:53:17.157 [reactor-http-nio-47] DEBUG reactor.netty.resources.PooledConnectionProvider - [id: 0xfb2c8096, L:/127.0.0.1:52010 - R:localhost/127.0.0.1:8084] Registering pool release on close event for channel
15:53:17.157 [reactor-http-nio-47] DEBUG reactor.netty.http.client.HttpClientConnect - [id: 0xfb2c8096, L:/127.0.0.1:52010 - R:localhost/127.0.0.1:8084] Handler is being applied: {uri=http://localhost:8084/attractionRewardPoint?attractionId=9e18503b-ff31-4f51-9855-b8c9d70161c5&userId=9210fe3b-2d9a-4f2c-8c54-688589f5b58c, method=GET}
15:53:17.157 [reactor-http-nio-46] DEBUG reactor.netty.resources.PooledConnectionProvider - [id: 0x9313087c] Created new pooled channel, now 30 active connections and 1 inactive connections
15:53:17.158 [reactor-http-nio-47] DEBUG reactor.netty.resources.PooledConnectionProvider - [id: 0xfb2c8096, L:/127.0.0.1:52010 - R:localhost/127.0.0.1:8084] onStateChange(GET{uri=/attractionRewardPoint?attractionId=9e18503b-ff31-4f51-9855-b8c9d70161c5&userId=9210fe3b-2d9a-4f2c-8c54-688589f5b58c, connection=PooledConnection{channel=[id: 0xfb2c8096, L:/127.0.0.1:52010 - R:localhost/127.0.0.1:8084]}}, [request_sent])
15:53:17.158 [reactor-http-nio-47] DEBUG reactor.netty.resources.PooledConnectionProvider - [id: 0xfb2c8096, L:/127.0.0.1:52010 - R:localhost/127.0.0.1:8084] Channel connected, now 30 active connections and 1 inactive connections
15:53:17.158 [reactor-http-nio-46] DEBUG reactor.netty.channel.BootstrapHandlers - [id: 0x9313087c] Initialized pipeline DefaultChannelPipeline{(BootstrapHandlers$BootstrapInitializerHandler#0 = reactor.netty.channel.BootstrapHandlers$BootstrapInitializerHandler), (SimpleChannelPool$1#0 = io.netty.channel.pool.SimpleChannelPool$1), (reactor.left.httpCodec = io.netty.handler.codec.http.HttpClientCodec), (reactor.left.decompressor = io.netty.handler.codec.http.HttpContentDecompressor), (reactor.right.reactiveBridge = reactor.netty.channel.ChannelOperationsHandler)}
15:53:17.161 [reactor-http-nio-46] DEBUG reactor.netty.resources.PooledConnectionProvider - [id: 0x9313087c, L:/127.0.0.1:52011 - R:localhost/127.0.0.1:8084] onStateChange(PooledConnection{channel=[id: 0x9313087c, L:/127.0.0.1:52011 - R:localhost/127.0.0.1:8084]}, [connected])
15:53:17.161 [reactor-http-nio-46] DEBUG reactor.netty.resources.PooledConnectionProvider - [id: 0x9313087c, L:/127.0.0.1:52011 - R:localhost/127.0.0.1:8084] onStateChange(GET{uri=/, connection=PooledConnection{channel=[id: 0x9313087c, L:/127.0.0.1:52011 - R:localhost/127.0.0.1:8084]}}, [configured])
15:53:17.162 [reactor-http-nio-48] DEBUG reactor.netty.resources.PooledConnectionProvider - [id: 0xc2796446] Created new pooled channel, now 30 active connections and 2 inactive connections
15:53:17.162 [reactor-http-nio-48] DEBUG reactor.netty.channel.BootstrapHandlers - [id: 0xc2796446] Initialized pipeline DefaultChannelPipeline{(BootstrapHandlers$BootstrapInitializerHandler#0 = reactor.netty.channel.BootstrapHandlers$BootstrapInitializerHandler), (SimpleChannelPool$1#0 = io.netty.channel.pool.SimpleChannelPool$1), (reactor.left.httpCodec = io.netty.handler.codec.http.HttpClientCodec), (reactor.left.decompressor = io.netty.handler.codec.http.HttpContentDecompressor), (reactor.right.reactiveBridge = reactor.netty.channel.ChannelOperationsHandler)}
15:53:17.163 [reactor-http-nio-46] DEBUG reactor.netty.resources.PooledConnectionProvider - [id: 0x9313087c, L:/127.0.0.1:52011 - R:localhost/127.0.0.1:8084] Registering pool release on close event for channel
15:53:17.163 [reactor-http-nio-46] DEBUG reactor.netty.http.client.HttpClientConnect - [id: 0x9313087c, L:/127.0.0.1:52011 - R:localhost/127.0.0.1:8084] Handler is being applied: {uri=http://localhost:8084/attractionRewardPoint?attractionId=e45a2236-a7fc-4992-b49c-64d444251b2a&userId=00cf5a30-6cd1-4d44-93b7-bc03c58de78c, method=GET}
15:53:17.163 [reactor-http-nio-46] DEBUG reactor.netty.resources.PooledConnectionProvider - [id: 0x9313087c, L:/127.0.0.1:52011 - R:localhost/127.0.0.1:8084] onStateChange(GET{uri=/attractionRewardPoint?attractionId=e45a2236-a7fc-4992-b49c-64d444251b2a&userId=00cf5a30-6cd1-4d44-93b7-bc03c58de78c, connection=PooledConnection{channel=[id: 0x9313087c, L:/127.0.0.1:52011 - R:localhost/127.0.0.1:8084]}}, [request_sent])
15:53:17.164 [reactor-http-nio-46] DEBUG reactor.netty.resources.PooledConnectionProvider - [id: 0x9313087c, L:/127.0.0.1:52011 - R:localhost/127.0.0.1:8084] Channel connected, now 31 active connections and 1 inactive connections
15:53:17.164 [reactor-http-nio-48] DEBUG reactor.netty.resources.PooledConnectionProvider - [id: 0xc2796446, L:/127.0.0.1:52012 - R:localhost/127.0.0.1:8084] onStateChange(PooledConnection{channel=[id: 0xc2796446, L:/127.0.0.1:52012 - R:localhost/127.0.0.1:8084]}, [connected])
15:53:17.164 [reactor-http-nio-48] DEBUG reactor.netty.resources.PooledConnectionProvider - [id: 0xc2796446, L:/127.0.0.1:52012 - R:localhost/127.0.0.1:8084] onStateChange(GET{uri=/, connection=PooledConnection{channel=[id: 0xc2796446, L:/127.0.0.1:52012 - R:localhost/127.0.0.1:8084]}}, [configured])
15:53:17.165 [pool-4-thread-32] DEBUG org.springframework.web.reactive.function.client.ExchangeFunctions - [1603fb33] HTTP GET http://localhost:8084/attractionRewardPoint?attractionId=65390444-d84e-4508-b7a4-44abcf2b077e&userId=339e13ad-b8f1-45ed-aaec-24297ea93f94
15:53:17.165 [reactor-http-nio-48] DEBUG reactor.netty.resources.PooledConnectionProvider - [id: 0xc2796446, L:/127.0.0.1:52012 - R:localhost/127.0.0.1:8084] Registering pool release on close event for channel
15:53:17.165 [reactor-http-nio-48] DEBUG reactor.netty.http.client.HttpClientConnect - [id: 0xc2796446, L:/127.0.0.1:52012 - R:localhost/127.0.0.1:8084] Handler is being applied: {uri=http://localhost:8084/attractionRewardPoint?attractionId=7694cdd8-1ac4-484a-bcde-7b491bd5fc00&userId=c0774efd-d248-4427-a0d6-8e85948aa8ec, method=GET}
15:53:17.166 [reactor-http-nio-48] DEBUG reactor.netty.resources.PooledConnectionProvider - [id: 0xc2796446, L:/127.0.0.1:52012 - R:localhost/127.0.0.1:8084] onStateChange(GET{uri=/attractionRewardPoint?attractionId=7694cdd8-1ac4-484a-bcde-7b491bd5fc00&userId=c0774efd-d248-4427-a0d6-8e85948aa8ec, connection=PooledConnection{channel=[id: 0xc2796446, L:/127.0.0.1:52012 - R:localhost/127.0.0.1:8084]}}, [request_sent])
15:53:17.166 [reactor-http-nio-48] DEBUG reactor.netty.resources.PooledConnectionProvider - [id: 0xc2796446, L:/127.0.0.1:52012 - R:localhost/127.0.0.1:8084] Channel connected, now 32 active connections and 0 inactive connections
15:53:17.166 [reactor-http-nio-48] DEBUG reactor.netty.resources.PooledConnectionProvider - [id: 0x669dac40] Created new pooled channel, now 32 active connections and 1 inactive connections
15:53:17.166 [reactor-http-nio-48] DEBUG reactor.netty.channel.BootstrapHandlers - [id: 0x669dac40] Initialized pipeline DefaultChannelPipeline{(BootstrapHandlers$BootstrapInitializerHandler#0 = reactor.netty.channel.BootstrapHandlers$BootstrapInitializerHandler), (SimpleChannelPool$1#0 = io.netty.channel.pool.SimpleChannelPool$1), (reactor.left.httpCodec = io.netty.handler.codec.http.HttpClientCodec), (reactor.left.decompressor = io.netty.handler.codec.http.HttpContentDecompressor), (reactor.right.reactiveBridge = reactor.netty.channel.ChannelOperationsHandler)}
15:53:17.167 [pool-4-thread-34] DEBUG org.springframework.web.reactive.function.client.ExchangeFunctions - [2b2f690c] HTTP GET http://localhost:8084/attractionRewardPoint?attractionId=d6d53f1d-99c6-401b-8a07-f718f75dc6e1&userId=60816d0e-c866-45ad-b87d-bc0be9102cc3
15:53:17.168 [reactor-http-nio-48] DEBUG reactor.netty.resources.PooledConnectionProvider - [id: 0x669dac40, L:/127.0.0.1:52013 - R:localhost/127.0.0.1:8084] onStateChange(PooledConnection{channel=[id: 0x669dac40, L:/127.0.0.1:52013 - R:localhost/127.0.0.1:8084]}, [connected])
15:53:17.168 [reactor-http-nio-48] DEBUG reactor.netty.resources.PooledConnectionProvider - [id: 0x669dac40, L:/127.0.0.1:52013 - R:localhost/127.0.0.1:8084] onStateChange(GET{uri=/, connection=PooledConnection{channel=[id: 0x669dac40, L:/127.0.0.1:52013 - R:localhost/127.0.0.1:8084]}}, [configured])
15:53:17.168 [reactor-http-nio-46] DEBUG reactor.netty.resources.PooledConnectionProvider - [id: 0x16a5a298] Created new pooled channel, now 32 active connections and 2 inactive connections
15:53:17.168 [reactor-http-nio-46] DEBUG reactor.netty.channel.BootstrapHandlers - [id: 0x16a5a298] Initialized pipeline DefaultChannelPipeline{(BootstrapHandlers$BootstrapInitializerHandler#0 = reactor.netty.channel.BootstrapHandlers$BootstrapInitializerHandler), (SimpleChannelPool$1#0 = io.netty.channel.pool.SimpleChannelPool$1), (reactor.left.httpCodec = io.netty.handler.codec.http.HttpClientCodec), (reactor.left.decompressor = io.netty.handler.codec.http.HttpContentDecompressor), (reactor.right.reactiveBridge = reactor.netty.channel.ChannelOperationsHandler)}
15:53:17.169 [reactor-http-nio-48] DEBUG reactor.netty.resources.PooledConnectionProvider - [id: 0x669dac40, L:/127.0.0.1:52013 - R:localhost/127.0.0.1:8084] Registering pool release on close event for channel
15:53:17.169 [reactor-http-nio-48] DEBUG reactor.netty.http.client.HttpClientConnect - [id: 0x669dac40, L:/127.0.0.1:52013 - R:localhost/127.0.0.1:8084] Handler is being applied: {uri=http://localhost:8084/attractionRewardPoint?attractionId=65390444-d84e-4508-b7a4-44abcf2b077e&userId=339e13ad-b8f1-45ed-aaec-24297ea93f94, method=GET}
15:53:17.170 [reactor-http-nio-46] DEBUG reactor.netty.resources.PooledConnectionProvider - [id: 0x16a5a298, L:/127.0.0.1:52014 - R:localhost/127.0.0.1:8084] onStateChange(PooledConnection{channel=[id: 0x16a5a298, L:/127.0.0.1:52014 - R:localhost/127.0.0.1:8084]}, [connected])
15:53:17.170 [reactor-http-nio-46] DEBUG reactor.netty.resources.PooledConnectionProvider - [id: 0x16a5a298, L:/127.0.0.1:52014 - R:localhost/127.0.0.1:8084] onStateChange(GET{uri=/, connection=PooledConnection{channel=[id: 0x16a5a298, L:/127.0.0.1:52014 - R:localhost/127.0.0.1:8084]}}, [configured])
15:53:17.170 [reactor-http-nio-48] DEBUG reactor.netty.resources.PooledConnectionProvider - [id: 0x669dac40, L:/127.0.0.1:52013 - R:localhost/127.0.0.1:8084] onStateChange(GET{uri=/attractionRewardPoint?attractionId=65390444-d84e-4508-b7a4-44abcf2b077e&userId=339e13ad-b8f1-45ed-aaec-24297ea93f94, connection=PooledConnection{channel=[id: 0x669dac40, L:/127.0.0.1:52013 - R:localhost/127.0.0.1:8084]}}, [request_sent])
15:53:17.170 [reactor-http-nio-48] DEBUG reactor.netty.resources.PooledConnectionProvider - [id: 0x669dac40, L:/127.0.0.1:52013 - R:localhost/127.0.0.1:8084] Channel connected, now 33 active connections and 1 inactive connections
15:53:17.171 [reactor-http-nio-46] DEBUG reactor.netty.resources.PooledConnectionProvider - [id: 0x16a5a298, L:/127.0.0.1:52014 - R:localhost/127.0.0.1:8084] Registering pool release on close event for channel
15:53:17.171 [reactor-http-nio-46] DEBUG reactor.netty.http.client.HttpClientConnect - [id: 0x16a5a298, L:/127.0.0.1:52014 - R:localhost/127.0.0.1:8084] Handler is being applied: {uri=http://localhost:8084/attractionRewardPoint?attractionId=d6d53f1d-99c6-401b-8a07-f718f75dc6e1&userId=60816d0e-c866-45ad-b87d-bc0be9102cc3, method=GET}
15:53:17.172 [pool-4-thread-35] DEBUG org.springframework.web.reactive.function.client.ExchangeFunctions - [12f9f46c] HTTP GET http://localhost:8084/attractionRewardPoint?attractionId=cd94ce74-60bf-4638-b3a2-f14043e886a3&userId=7eb57187-2499-4fcb-adcb-1990d1edbc40
15:53:17.172 [reactor-http-nio-46] DEBUG reactor.netty.resources.PooledConnectionProvider - [id: 0x16a5a298, L:/127.0.0.1:52014 - R:localhost/127.0.0.1:8084] onStateChange(GET{uri=/attractionRewardPoint?attractionId=d6d53f1d-99c6-401b-8a07-f718f75dc6e1&userId=60816d0e-c866-45ad-b87d-bc0be9102cc3, connection=PooledConnection{channel=[id: 0x16a5a298, L:/127.0.0.1:52014 - R:localhost/127.0.0.1:8084]}}, [request_sent])
15:53:17.172 [reactor-http-nio-46] DEBUG reactor.netty.resources.PooledConnectionProvider - [id: 0x16a5a298, L:/127.0.0.1:52014 - R:localhost/127.0.0.1:8084] Channel connected, now 34 active connections and 0 inactive connections
15:53:17.173 [reactor-http-nio-48] DEBUG reactor.netty.resources.PooledConnectionProvider - [id: 0xf602db2c] Created new pooled channel, now 34 active connections and 1 inactive connections
15:53:17.173 [reactor-http-nio-48] DEBUG reactor.netty.channel.BootstrapHandlers - [id: 0xf602db2c] Initialized pipeline DefaultChannelPipeline{(BootstrapHandlers$BootstrapInitializerHandler#0 = reactor.netty.channel.BootstrapHandlers$BootstrapInitializerHandler), (SimpleChannelPool$1#0 = io.netty.channel.pool.SimpleChannelPool$1), (reactor.left.httpCodec = io.netty.handler.codec.http.HttpClientCodec), (reactor.left.decompressor = io.netty.handler.codec.http.HttpContentDecompressor), (reactor.right.reactiveBridge = reactor.netty.channel.ChannelOperationsHandler)}
15:53:17.174 [pool-4-thread-36] DEBUG org.springframework.web.reactive.function.client.ExchangeFunctions - [1d8c71ab] HTTP GET http://localhost:8084/attractionRewardPoint?attractionId=9e93df3c-590f-432c-8cdd-1c15d3f7331d&userId=6c24fd1f-0757-49ab-befc-1d3c9d6f37cd
15:53:17.175 [reactor-http-nio-46] DEBUG reactor.netty.resources.PooledConnectionProvider - [id: 0x99a89526] Created new pooled channel, now 34 active connections and 2 inactive connections
15:53:17.175 [reactor-http-nio-46] DEBUG reactor.netty.channel.BootstrapHandlers - [id: 0x99a89526] Initialized pipeline DefaultChannelPipeline{(BootstrapHandlers$BootstrapInitializerHandler#0 = reactor.netty.channel.BootstrapHandlers$BootstrapInitializerHandler), (SimpleChannelPool$1#0 = io.netty.channel.pool.SimpleChannelPool$1), (reactor.left.httpCodec = io.netty.handler.codec.http.HttpClientCodec), (reactor.left.decompressor = io.netty.handler.codec.http.HttpContentDecompressor), (reactor.right.reactiveBridge = reactor.netty.channel.ChannelOperationsHandler)}
15:53:17.175 [reactor-http-nio-48] DEBUG reactor.netty.resources.PooledConnectionProvider - [id: 0xf602db2c, L:/127.0.0.1:52015 - R:localhost/127.0.0.1:8084] onStateChange(PooledConnection{channel=[id: 0xf602db2c, L:/127.0.0.1:52015 - R:localhost/127.0.0.1:8084]}, [connected])
15:53:17.176 [reactor-http-nio-48] DEBUG reactor.netty.resources.PooledConnectionProvider - [id: 0xf602db2c, L:/127.0.0.1:52015 - R:localhost/127.0.0.1:8084] onStateChange(GET{uri=/, connection=PooledConnection{channel=[id: 0xf602db2c, L:/127.0.0.1:52015 - R:localhost/127.0.0.1:8084]}}, [configured])
15:53:17.176 [reactor-http-nio-48] DEBUG reactor.netty.resources.PooledConnectionProvider - [id: 0xf602db2c, L:/127.0.0.1:52015 - R:localhost/127.0.0.1:8084] Registering pool release on close event for channel
15:53:17.176 [reactor-http-nio-48] DEBUG reactor.netty.http.client.HttpClientConnect - [id: 0xf602db2c, L:/127.0.0.1:52015 - R:localhost/127.0.0.1:8084] Handler is being applied: {uri=http://localhost:8084/attractionRewardPoint?attractionId=cd94ce74-60bf-4638-b3a2-f14043e886a3&userId=7eb57187-2499-4fcb-adcb-1990d1edbc40, method=GET}
15:53:17.177 [reactor-http-nio-48] DEBUG reactor.netty.resources.PooledConnectionProvider - [id: 0xf602db2c, L:/127.0.0.1:52015 - R:localhost/127.0.0.1:8084] onStateChange(GET{uri=/attractionRewardPoint?attractionId=cd94ce74-60bf-4638-b3a2-f14043e886a3&userId=7eb57187-2499-4fcb-adcb-1990d1edbc40, connection=PooledConnection{channel=[id: 0xf602db2c, L:/127.0.0.1:52015 - R:localhost/127.0.0.1:8084]}}, [request_sent])
15:53:17.177 [reactor-http-nio-48] DEBUG reactor.netty.resources.PooledConnectionProvider - [id: 0xf602db2c, L:/127.0.0.1:52015 - R:localhost/127.0.0.1:8084] Channel connected, now 35 active connections and 1 inactive connections
15:53:17.177 [reactor-http-nio-46] DEBUG reactor.netty.resources.PooledConnectionProvider - [id: 0x99a89526, L:/127.0.0.1:52016 - R:localhost/127.0.0.1:8084] onStateChange(PooledConnection{channel=[id: 0x99a89526, L:/127.0.0.1:52016 - R:localhost/127.0.0.1:8084]}, [connected])
15:53:17.177 [reactor-http-nio-46] DEBUG reactor.netty.resources.PooledConnectionProvider - [id: 0x99a89526, L:/127.0.0.1:52016 - R:localhost/127.0.0.1:8084] onStateChange(GET{uri=/, connection=PooledConnection{channel=[id: 0x99a89526, L:/127.0.0.1:52016 - R:localhost/127.0.0.1:8084]}}, [configured])
15:53:17.178 [reactor-http-nio-46] DEBUG reactor.netty.resources.PooledConnectionProvider - [id: 0x99a89526, L:/127.0.0.1:52016 - R:localhost/127.0.0.1:8084] Registering pool release on close event for channel
15:53:17.178 [reactor-http-nio-46] DEBUG reactor.netty.http.client.HttpClientConnect - [id: 0x99a89526, L:/127.0.0.1:52016 - R:localhost/127.0.0.1:8084] Handler is being applied: {uri=http://localhost:8084/attractionRewardPoint?attractionId=9e93df3c-590f-432c-8cdd-1c15d3f7331d&userId=6c24fd1f-0757-49ab-befc-1d3c9d6f37cd, method=GET}
15:53:17.179 [pool-4-thread-37] DEBUG org.springframework.web.reactive.function.client.ExchangeFunctions - [2c79570d] HTTP GET http://localhost:8084/attractionRewardPoint?attractionId=28b0d3d7-485c-41b8-955a-da5945c99edc&userId=085343c5-058e-4308-80b3-fd18b88d975d
15:53:17.179 [reactor-http-nio-46] DEBUG reactor.netty.resources.PooledConnectionProvider - [id: 0x99a89526, L:/127.0.0.1:52016 - R:localhost/127.0.0.1:8084] onStateChange(GET{uri=/attractionRewardPoint?attractionId=9e93df3c-590f-432c-8cdd-1c15d3f7331d&userId=6c24fd1f-0757-49ab-befc-1d3c9d6f37cd, connection=PooledConnection{channel=[id: 0x99a89526, L:/127.0.0.1:52016 - R:localhost/127.0.0.1:8084]}}, [request_sent])
15:53:17.179 [reactor-http-nio-46] DEBUG reactor.netty.resources.PooledConnectionProvider - [id: 0x99a89526, L:/127.0.0.1:52016 - R:localhost/127.0.0.1:8084] Channel connected, now 36 active connections and 0 inactive connections
15:53:17.180 [reactor-http-nio-48] DEBUG reactor.netty.resources.PooledConnectionProvider - [id: 0x39451455] Created new pooled channel, now 36 active connections and 1 inactive connections
15:53:17.180 [reactor-http-nio-48] DEBUG reactor.netty.channel.BootstrapHandlers - [id: 0x39451455] Initialized pipeline DefaultChannelPipeline{(BootstrapHandlers$BootstrapInitializerHandler#0 = reactor.netty.channel.BootstrapHandlers$BootstrapInitializerHandler), (SimpleChannelPool$1#0 = io.netty.channel.pool.SimpleChannelPool$1), (reactor.left.httpCodec = io.netty.handler.codec.http.HttpClientCodec), (reactor.left.decompressor = io.netty.handler.codec.http.HttpContentDecompressor), (reactor.right.reactiveBridge = reactor.netty.channel.ChannelOperationsHandler)}
15:53:17.182 [reactor-http-nio-48] DEBUG reactor.netty.resources.PooledConnectionProvider - [id: 0x39451455, L:/127.0.0.1:52017 - R:localhost/127.0.0.1:8084] onStateChange(PooledConnection{channel=[id: 0x39451455, L:/127.0.0.1:52017 - R:localhost/127.0.0.1:8084]}, [connected])
15:53:17.182 [reactor-http-nio-48] DEBUG reactor.netty.resources.PooledConnectionProvider - [id: 0x39451455, L:/127.0.0.1:52017 - R:localhost/127.0.0.1:8084] onStateChange(GET{uri=/, connection=PooledConnection{channel=[id: 0x39451455, L:/127.0.0.1:52017 - R:localhost/127.0.0.1:8084]}}, [configured])
15:53:17.183 [reactor-http-nio-48] DEBUG reactor.netty.resources.PooledConnectionProvider - [id: 0x39451455, L:/127.0.0.1:52017 - R:localhost/127.0.0.1:8084] Registering pool release on close event for channel
15:53:17.183 [reactor-http-nio-48] DEBUG reactor.netty.http.client.HttpClientConnect - [id: 0x39451455, L:/127.0.0.1:52017 - R:localhost/127.0.0.1:8084] Handler is being applied: {uri=http://localhost:8084/attractionRewardPoint?attractionId=28b0d3d7-485c-41b8-955a-da5945c99edc&userId=085343c5-058e-4308-80b3-fd18b88d975d, method=GET}
15:53:17.183 [reactor-http-nio-41] DEBUG reactor.netty.http.client.HttpClientOperations - [id: 0x307222ea, L:/127.0.0.1:51747 - R:localhost/127.0.0.1:8083] Received response (auto-read:false) : [Content-Type=application/json, Transfer-Encoding=chunked, Date=Wed, 15 Jun 2022 14:53:15 GMT]
15:53:17.183 [reactor-http-nio-41] DEBUG reactor.netty.resources.PooledConnectionProvider - [id: 0x307222ea, L:/127.0.0.1:51747 - R:localhost/127.0.0.1:8083] onStateChange(GET{uri=/attractions, connection=PooledConnection{channel=[id: 0x307222ea, L:/127.0.0.1:51747 - R:localhost/127.0.0.1:8083]}}, [response_received])
15:53:17.183 [reactor-http-nio-41] DEBUG org.springframework.web.reactive.function.client.ExchangeFunctions - [1161cde5] Response 200 OK
15:53:17.183 [reactor-http-nio-48] DEBUG reactor.netty.resources.PooledConnectionProvider - [id: 0x39451455, L:/127.0.0.1:52017 - R:localhost/127.0.0.1:8084] onStateChange(GET{uri=/attractionRewardPoint?attractionId=28b0d3d7-485c-41b8-955a-da5945c99edc&userId=085343c5-058e-4308-80b3-fd18b88d975d, connection=PooledConnection{channel=[id: 0x39451455, L:/127.0.0.1:52017 - R:localhost/127.0.0.1:8084]}}, [request_sent])
15:53:17.183 [reactor-http-nio-48] DEBUG reactor.netty.resources.PooledConnectionProvider - [id: 0x39451455, L:/127.0.0.1:52017 - R:localhost/127.0.0.1:8084] Channel connected, now 37 active connections and 0 inactive connections
15:53:17.183 [reactor-http-nio-41] DEBUG reactor.netty.channel.FluxReceive - [id: 0x307222ea, L:/127.0.0.1:51747 - R:localhost/127.0.0.1:8083] Subscribing inbound receiver [pending: 0, cancelled:false, inboundDone: false]
15:53:17.183 [reactor-http-nio-41] DEBUG reactor.netty.http.client.HttpClientOperations - [id: 0x307222ea, L:/127.0.0.1:51747 - R:localhost/127.0.0.1:8083] Received last HTTP packet
15:53:17.184 [reactor-http-nio-41] DEBUG org.springframework.core.codec.StringDecoder - [1161cde5] Decoded "[{"longitude":-117.922008,"latitude":33.817595,"attractionName":"Disneyland","city":"Anaheim","stat (truncated)...
15:53:17.184 [reactor-http-nio-41] DEBUG reactor.netty.resources.PooledConnectionProvider - [id: 0x307222ea, L:/127.0.0.1:51747 - R:localhost/127.0.0.1:8083] onStateChange(GET{uri=/attractions, connection=PooledConnection{channel=[id: 0x307222ea, L:/127.0.0.1:51747 - R:localhost/127.0.0.1:8083]}}, [disconnecting])
15:53:17.184 [reactor-http-nio-41] DEBUG reactor.netty.resources.PooledConnectionProvider - [id: 0x307222ea, L:/127.0.0.1:51747 - R:localhost/127.0.0.1:8083] Releasing channel
15:53:17.184 [reactor-http-nio-41] DEBUG reactor.netty.resources.PooledConnectionProvider - [id: 0x307222ea, L:/127.0.0.1:51747 - R:localhost/127.0.0.1:8083] Channel cleaned, now 177 active connections and 124 inactive connections
15:53:17.185 [reactor-http-nio-46] DEBUG reactor.netty.http.client.HttpClientOperations - [id: 0x0c7165ed, L:/127.0.0.1:51765 - R:localhost/127.0.0.1:8083] Received response (auto-read:false) : [Content-Type=application/json, Transfer-Encoding=chunked, Date=Wed, 15 Jun 2022 14:53:15 GMT]
15:53:17.185 [reactor-http-nio-46] DEBUG reactor.netty.resources.PooledConnectionProvider - [id: 0x0c7165ed, L:/127.0.0.1:51765 - R:localhost/127.0.0.1:8083] onStateChange(GET{uri=/attractions, connection=PooledConnection{channel=[id: 0x0c7165ed, L:/127.0.0.1:51765 - R:localhost/127.0.0.1:8083]}}, [response_received])
15:53:17.185 [reactor-http-nio-46] DEBUG org.springframework.web.reactive.function.client.ExchangeFunctions - [76575ae3] Response 200 OK
15:53:17.185 [reactor-http-nio-48] DEBUG reactor.netty.http.client.HttpClientOperations - [id: 0x64fd7ec9, L:/127.0.0.1:51967 - R:localhost/127.0.0.1:8083] Received response (auto-read:false) : [Content-Type=application/json, Transfer-Encoding=chunked, Date=Wed, 15 Jun 2022 14:53:15 GMT]
15:53:17.185 [reactor-http-nio-48] DEBUG reactor.netty.resources.PooledConnectionProvider - [id: 0x64fd7ec9, L:/127.0.0.1:51967 - R:localhost/127.0.0.1:8083] onStateChange(GET{uri=/userLocation?userId=36d31ffd-69ff-47a4-a141-7cfc9495185e, connection=PooledConnection{channel=[id: 0x64fd7ec9, L:/127.0.0.1:51967 - R:localhost/127.0.0.1:8083]}}, [response_received])
15:53:17.185 [reactor-http-nio-48] DEBUG org.springframework.web.reactive.function.client.ExchangeFunctions - [6caca11e] Response 200 OK
15:53:17.185 [reactor-http-nio-46] DEBUG reactor.netty.channel.FluxReceive - [id: 0x0c7165ed, L:/127.0.0.1:51765 - R:localhost/127.0.0.1:8083] Subscribing inbound receiver [pending: 0, cancelled:false, inboundDone: false]
15:53:17.185 [reactor-http-nio-48] DEBUG reactor.netty.channel.FluxReceive - [id: 0x64fd7ec9, L:/127.0.0.1:51967 - R:localhost/127.0.0.1:8083] Subscribing inbound receiver [pending: 0, cancelled:false, inboundDone: false]
15:53:17.186 [reactor-http-nio-46] DEBUG reactor.netty.http.client.HttpClientOperations - [id: 0x0c7165ed, L:/127.0.0.1:51765 - R:localhost/127.0.0.1:8083] Received last HTTP packet
15:53:17.186 [reactor-http-nio-46] DEBUG org.springframework.core.codec.StringDecoder - [76575ae3] Decoded "[{"longitude":-117.922008,"latitude":33.817595,"attractionName":"Disneyland","city":"Anaheim","stat (truncated)...
15:53:17.186 [reactor-http-nio-46] DEBUG reactor.netty.resources.PooledConnectionProvider - [id: 0x0c7165ed, L:/127.0.0.1:51765 - R:localhost/127.0.0.1:8083] onStateChange(GET{uri=/attractions, connection=PooledConnection{channel=[id: 0x0c7165ed, L:/127.0.0.1:51765 - R:localhost/127.0.0.1:8083]}}, [disconnecting])
15:53:17.186 [reactor-http-nio-46] DEBUG reactor.netty.resources.PooledConnectionProvider - [id: 0x0c7165ed, L:/127.0.0.1:51765 - R:localhost/127.0.0.1:8083] Releasing channel
15:53:17.186 [reactor-http-nio-46] DEBUG reactor.netty.resources.PooledConnectionProvider - [id: 0x0c7165ed, L:/127.0.0.1:51765 - R:localhost/127.0.0.1:8083] Channel cleaned, now 176 active connections and 125 inactive connections
15:53:17.187 [reactor-http-nio-46] DEBUG reactor.netty.http.client.HttpClientOperations - [id: 0x3ccb8a7e, L:/127.0.0.1:51774 - R:localhost/127.0.0.1:8083] Received response (auto-read:false) : [Content-Type=application/json, Transfer-Encoding=chunked, Date=Wed, 15 Jun 2022 14:53:15 GMT]
15:53:17.187 [reactor-http-nio-46] DEBUG reactor.netty.resources.PooledConnectionProvider - [id: 0x3ccb8a7e, L:/127.0.0.1:51774 - R:localhost/127.0.0.1:8083] onStateChange(GET{uri=/attractions, connection=PooledConnection{channel=[id: 0x3ccb8a7e, L:/127.0.0.1:51774 - R:localhost/127.0.0.1:8083]}}, [response_received])
15:53:17.187 [reactor-http-nio-46] DEBUG org.springframework.web.reactive.function.client.ExchangeFunctions - [48a58387] Response 200 OK
15:53:17.187 [reactor-http-nio-46] DEBUG reactor.netty.channel.FluxReceive - [id: 0x3ccb8a7e, L:/127.0.0.1:51774 - R:localhost/127.0.0.1:8083] Subscribing inbound receiver [pending: 0, cancelled:false, inboundDone: false]
15:53:17.188 [reactor-http-nio-46] DEBUG reactor.netty.http.client.HttpClientOperations - [id: 0x38c41c97, L:/127.0.0.1:51784 - R:localhost/127.0.0.1:8083] Received response (auto-read:false) : [Content-Type=application/json, Transfer-Encoding=chunked, Date=Wed, 15 Jun 2022 14:53:15 GMT]
15:53:17.188 [reactor-http-nio-46] DEBUG reactor.netty.resources.PooledConnectionProvider - [id: 0x38c41c97, L:/127.0.0.1:51784 - R:localhost/127.0.0.1:8083] onStateChange(GET{uri=/attractions, connection=PooledConnection{channel=[id: 0x38c41c97, L:/127.0.0.1:51784 - R:localhost/127.0.0.1:8083]}}, [response_received])
15:53:17.188 [reactor-http-nio-46] DEBUG org.springframework.web.reactive.function.client.ExchangeFunctions - [3b122cb] Response 200 OK
15:53:17.189 [reactor-http-nio-46] DEBUG reactor.netty.channel.FluxReceive - [id: 0x38c41c97, L:/127.0.0.1:51784 - R:localhost/127.0.0.1:8083] Subscribing inbound receiver [pending: 0, cancelled:false, inboundDone: false]
15:53:17.189 [reactor-http-nio-46] DEBUG reactor.netty.http.client.HttpClientOperations - [id: 0x38c41c97, L:/127.0.0.1:51784 - R:localhost/127.0.0.1:8083] Received last HTTP packet
15:53:17.189 [reactor-http-nio-46] DEBUG org.springframework.core.codec.StringDecoder - [3b122cb] Decoded "[{"longitude":-117.922008,"latitude":33.817595,"attractionName":"Disneyland","city":"Anaheim","stat (truncated)...
15:53:17.189 [reactor-http-nio-46] DEBUG reactor.netty.resources.PooledConnectionProvider - [id: 0x38c41c97, L:/127.0.0.1:51784 - R:localhost/127.0.0.1:8083] onStateChange(GET{uri=/attractions, connection=PooledConnection{channel=[id: 0x38c41c97, L:/127.0.0.1:51784 - R:localhost/127.0.0.1:8083]}}, [disconnecting])
15:53:17.189 [reactor-http-nio-46] DEBUG reactor.netty.resources.PooledConnectionProvider - [id: 0x38c41c97, L:/127.0.0.1:51784 - R:localhost/127.0.0.1:8083] Releasing channel
15:53:17.189 [reactor-http-nio-46] DEBUG reactor.netty.resources.PooledConnectionProvider - [id: 0x38c41c97, L:/127.0.0.1:51784 - R:localhost/127.0.0.1:8083] Channel cleaned, now 175 active connections and 126 inactive connections
15:53:17.191 [reactor-http-nio-47] DEBUG reactor.netty.http.client.HttpClientOperations - [id: 0x3b9f7ba5, L:/127.0.0.1:51836 - R:localhost/127.0.0.1:8083] Received response (auto-read:false) : [Content-Type=application/json, Transfer-Encoding=chunked, Date=Wed, 15 Jun 2022 14:53:15 GMT]
15:53:17.192 [reactor-http-nio-47] DEBUG reactor.netty.resources.PooledConnectionProvider - [id: 0x3b9f7ba5, L:/127.0.0.1:51836 - R:localhost/127.0.0.1:8083] onStateChange(GET{uri=/attractions, connection=PooledConnection{channel=[id: 0x3b9f7ba5, L:/127.0.0.1:51836 - R:localhost/127.0.0.1:8083]}}, [response_received])
15:53:17.192 [reactor-http-nio-47] DEBUG org.springframework.web.reactive.function.client.ExchangeFunctions - [5ad595b3] Response 200 OK
15:53:17.192 [reactor-http-nio-47] DEBUG reactor.netty.channel.FluxReceive - [id: 0x3b9f7ba5, L:/127.0.0.1:51836 - R:localhost/127.0.0.1:8083] Subscribing inbound receiver [pending: 0, cancelled:false, inboundDone: false]
15:53:17.192 [reactor-http-nio-47] DEBUG reactor.netty.http.client.HttpClientOperations - [id: 0x3b9f7ba5, L:/127.0.0.1:51836 - R:localhost/127.0.0.1:8083] Received last HTTP packet
15:53:17.192 [reactor-http-nio-47] DEBUG org.springframework.core.codec.StringDecoder - [5ad595b3] Decoded "[{"longitude":-117.922008,"latitude":33.817595,"attractionName":"Disneyland","city":"Anaheim","stat (truncated)...
15:53:17.192 [reactor-http-nio-47] DEBUG reactor.netty.resources.PooledConnectionProvider - [id: 0x3b9f7ba5, L:/127.0.0.1:51836 - R:localhost/127.0.0.1:8083] onStateChange(GET{uri=/attractions, connection=PooledConnection{channel=[id: 0x3b9f7ba5, L:/127.0.0.1:51836 - R:localhost/127.0.0.1:8083]}}, [disconnecting])
15:53:17.193 [reactor-http-nio-47] DEBUG reactor.netty.resources.PooledConnectionProvider - [id: 0x3b9f7ba5, L:/127.0.0.1:51836 - R:localhost/127.0.0.1:8083] Releasing channel
15:53:17.193 [reactor-http-nio-47] DEBUG reactor.netty.resources.PooledConnectionProvider - [id: 0x3b9f7ba5, L:/127.0.0.1:51836 - R:localhost/127.0.0.1:8083] Channel cleaned, now 174 active connections and 127 inactive connections
15:53:17.195 [reactor-http-nio-46] DEBUG reactor.netty.http.client.HttpClientOperations - [id: 0xa4957f74, L:/127.0.0.1:51830 - R:localhost/127.0.0.1:8083] Received response (auto-read:false) : [Content-Type=application/json, Transfer-Encoding=chunked, Date=Wed, 15 Jun 2022 14:53:15 GMT]
15:53:17.195 [reactor-http-nio-46] DEBUG reactor.netty.resources.PooledConnectionProvider - [id: 0xa4957f74, L:/127.0.0.1:51830 - R:localhost/127.0.0.1:8083] onStateChange(GET{uri=/attractions, connection=PooledConnection{channel=[id: 0xa4957f74, L:/127.0.0.1:51830 - R:localhost/127.0.0.1:8083]}}, [response_received])
15:53:17.195 [reactor-http-nio-47] DEBUG reactor.netty.http.client.HttpClientOperations - [id: 0xc3efdf02, L:/127.0.0.1:51700 - R:localhost/127.0.0.1:8083] Received response (auto-read:false) : [Content-Type=application/json, Transfer-Encoding=chunked, Date=Wed, 15 Jun 2022 14:53:15 GMT]
15:53:17.195 [reactor-http-nio-47] DEBUG reactor.netty.resources.PooledConnectionProvider - [id: 0xc3efdf02, L:/127.0.0.1:51700 - R:localhost/127.0.0.1:8083] onStateChange(GET{uri=/attractions, connection=PooledConnection{channel=[id: 0xc3efdf02, L:/127.0.0.1:51700 - R:localhost/127.0.0.1:8083]}}, [response_received])
15:53:17.195 [reactor-http-nio-46] DEBUG org.springframework.web.reactive.function.client.ExchangeFunctions - [471eb1b] Response 200 OK
15:53:17.195 [reactor-http-nio-47] DEBUG org.springframework.web.reactive.function.client.ExchangeFunctions - [1d3a0e12] Response 200 OK
15:53:17.196 [reactor-http-nio-47] DEBUG reactor.netty.channel.FluxReceive - [id: 0xc3efdf02, L:/127.0.0.1:51700 - R:localhost/127.0.0.1:8083] Subscribing inbound receiver [pending: 0, cancelled:false, inboundDone: false]
15:53:17.196 [reactor-http-nio-46] DEBUG reactor.netty.channel.FluxReceive - [id: 0xa4957f74, L:/127.0.0.1:51830 - R:localhost/127.0.0.1:8083] Subscribing inbound receiver [pending: 0, cancelled:false, inboundDone: false]
15:53:17.196 [reactor-http-nio-47] DEBUG reactor.netty.http.client.HttpClientOperations - [id: 0xc3efdf02, L:/127.0.0.1:51700 - R:localhost/127.0.0.1:8083] Received last HTTP packet
15:53:17.196 [reactor-http-nio-46] DEBUG reactor.netty.http.client.HttpClientOperations - [id: 0xa4957f74, L:/127.0.0.1:51830 - R:localhost/127.0.0.1:8083] Received last HTTP packet
15:53:17.196 [reactor-http-nio-46] DEBUG org.springframework.core.codec.StringDecoder - [471eb1b] Decoded "[{"longitude":-117.922008,"latitude":33.817595,"attractionName":"Disneyland","city":"Anaheim","stat (truncated)...
15:53:17.196 [reactor-http-nio-47] DEBUG org.springframework.core.codec.StringDecoder - [1d3a0e12] Decoded "[{"longitude":-117.922008,"latitude":33.817595,"attractionName":"Disneyland","city":"Anaheim","stat (truncated)...
15:53:17.196 [reactor-http-nio-46] DEBUG reactor.netty.resources.PooledConnectionProvider - [id: 0xa4957f74, L:/127.0.0.1:51830 - R:localhost/127.0.0.1:8083] onStateChange(GET{uri=/attractions, connection=PooledConnection{channel=[id: 0xa4957f74, L:/127.0.0.1:51830 - R:localhost/127.0.0.1:8083]}}, [disconnecting])
15:53:17.196 [reactor-http-nio-47] DEBUG reactor.netty.resources.PooledConnectionProvider - [id: 0xc3efdf02, L:/127.0.0.1:51700 - R:localhost/127.0.0.1:8083] onStateChange(GET{uri=/attractions, connection=PooledConnection{channel=[id: 0xc3efdf02, L:/127.0.0.1:51700 - R:localhost/127.0.0.1:8083]}}, [disconnecting])
15:53:17.196 [reactor-http-nio-46] DEBUG reactor.netty.resources.PooledConnectionProvider - [id: 0xa4957f74, L:/127.0.0.1:51830 - R:localhost/127.0.0.1:8083] Releasing channel
15:53:17.196 [reactor-http-nio-46] DEBUG reactor.netty.resources.PooledConnectionProvider - [id: 0xa4957f74, L:/127.0.0.1:51830 - R:localhost/127.0.0.1:8083] Channel cleaned, now 173 active connections and 128 inactive connections
15:53:17.196 [reactor-http-nio-47] DEBUG reactor.netty.resources.PooledConnectionProvider - [id: 0xc3efdf02, L:/127.0.0.1:51700 - R:localhost/127.0.0.1:8083] Releasing channel
15:53:17.196 [reactor-http-nio-47] DEBUG reactor.netty.resources.PooledConnectionProvider - [id: 0xc3efdf02, L:/127.0.0.1:51700 - R:localhost/127.0.0.1:8083] Channel cleaned, now 172 active connections and 129 inactive connections
15:53:17.207 [pool-4-thread-38] DEBUG org.springframework.web.reactive.function.client.ExchangeFunctions - [1fb4e4] HTTP GET http://localhost:8084/attractionRewardPoint?attractionId=615d1428-e91e-46c1-9890-f6e6d3b9c7f2&userId=09a6062c-41d3-43de-a306-620c94551067
15:53:17.209 [reactor-http-nio-46] DEBUG reactor.netty.resources.PooledConnectionProvider - [id: 0xe4bee073] Created new pooled channel, now 37 active connections and 1 inactive connections
15:53:17.209 [reactor-http-nio-46] DEBUG reactor.netty.channel.BootstrapHandlers - [id: 0xe4bee073] Initialized pipeline DefaultChannelPipeline{(BootstrapHandlers$BootstrapInitializerHandler#0 = reactor.netty.channel.BootstrapHandlers$BootstrapInitializerHandler), (SimpleChannelPool$1#0 = io.netty.channel.pool.SimpleChannelPool$1), (reactor.left.httpCodec = io.netty.handler.codec.http.HttpClientCodec), (reactor.left.decompressor = io.netty.handler.codec.http.HttpContentDecompressor), (reactor.right.reactiveBridge = reactor.netty.channel.ChannelOperationsHandler)}
15:53:17.212 [reactor-http-nio-46] DEBUG reactor.netty.resources.PooledConnectionProvider - [id: 0xe4bee073, L:/127.0.0.1:52018 - R:localhost/127.0.0.1:8084] onStateChange(PooledConnection{channel=[id: 0xe4bee073, L:/127.0.0.1:52018 - R:localhost/127.0.0.1:8084]}, [connected])
15:53:17.212 [reactor-http-nio-46] DEBUG reactor.netty.resources.PooledConnectionProvider - [id: 0xe4bee073, L:/127.0.0.1:52018 - R:localhost/127.0.0.1:8084] onStateChange(GET{uri=/, connection=PooledConnection{channel=[id: 0xe4bee073, L:/127.0.0.1:52018 - R:localhost/127.0.0.1:8084]}}, [configured])
15:53:17.213 [reactor-http-nio-46] DEBUG reactor.netty.resources.PooledConnectionProvider - [id: 0xe4bee073, L:/127.0.0.1:52018 - R:localhost/127.0.0.1:8084] Registering pool release on close event for channel
15:53:17.213 [reactor-http-nio-46] DEBUG reactor.netty.http.client.HttpClientConnect - [id: 0xe4bee073, L:/127.0.0.1:52018 - R:localhost/127.0.0.1:8084] Handler is being applied: {uri=http://localhost:8084/attractionRewardPoint?attractionId=615d1428-e91e-46c1-9890-f6e6d3b9c7f2&userId=09a6062c-41d3-43de-a306-620c94551067, method=GET}
15:53:17.214 [reactor-http-nio-46] DEBUG reactor.netty.resources.PooledConnectionProvider - [id: 0xe4bee073, L:/127.0.0.1:52018 - R:localhost/127.0.0.1:8084] onStateChange(GET{uri=/attractionRewardPoint?attractionId=615d1428-e91e-46c1-9890-f6e6d3b9c7f2&userId=09a6062c-41d3-43de-a306-620c94551067, connection=PooledConnection{channel=[id: 0xe4bee073, L:/127.0.0.1:52018 - R:localhost/127.0.0.1:8084]}}, [request_sent])
15:53:17.214 [reactor-http-nio-46] DEBUG reactor.netty.resources.PooledConnectionProvider - [id: 0xe4bee073, L:/127.0.0.1:52018 - R:localhost/127.0.0.1:8084] Channel connected, now 38 active connections and 0 inactive connections
15:53:17.217 [pool-4-thread-39] DEBUG org.springframework.web.reactive.function.client.ExchangeFunctions - [7c28d92f] HTTP GET http://localhost:8084/attractionRewardPoint?attractionId=1801be06-4ce3-4c06-b16b-f390567d22d6&userId=08ecf570-a8de-4f69-95cd-349cc93cd714
15:53:17.218 [reactor-http-nio-48] DEBUG reactor.netty.resources.PooledConnectionProvider - [id: 0xc4617ab1] Created new pooled channel, now 38 active connections and 1 inactive connections
15:53:17.219 [reactor-http-nio-48] DEBUG reactor.netty.channel.BootstrapHandlers - [id: 0xc4617ab1] Initialized pipeline DefaultChannelPipeline{(BootstrapHandlers$BootstrapInitializerHandler#0 = reactor.netty.channel.BootstrapHandlers$BootstrapInitializerHandler), (SimpleChannelPool$1#0 = io.netty.channel.pool.SimpleChannelPool$1), (reactor.left.httpCodec = io.netty.handler.codec.http.HttpClientCodec), (reactor.left.decompressor = io.netty.handler.codec.http.HttpContentDecompressor), (reactor.right.reactiveBridge = reactor.netty.channel.ChannelOperationsHandler)}
15:53:17.220 [reactor-http-nio-48] DEBUG reactor.netty.resources.PooledConnectionProvider - [id: 0xc4617ab1, L:/127.0.0.1:52019 - R:localhost/127.0.0.1:8084] onStateChange(PooledConnection{channel=[id: 0xc4617ab1, L:/127.0.0.1:52019 - R:localhost/127.0.0.1:8084]}, [connected])
15:53:17.220 [reactor-http-nio-48] DEBUG reactor.netty.resources.PooledConnectionProvider - [id: 0xc4617ab1, L:/127.0.0.1:52019 - R:localhost/127.0.0.1:8084] onStateChange(GET{uri=/, connection=PooledConnection{channel=[id: 0xc4617ab1, L:/127.0.0.1:52019 - R:localhost/127.0.0.1:8084]}}, [configured])
15:53:17.221 [reactor-http-nio-48] DEBUG reactor.netty.resources.PooledConnectionProvider - [id: 0xc4617ab1, L:/127.0.0.1:52019 - R:localhost/127.0.0.1:8084] Registering pool release on close event for channel
15:53:17.221 [reactor-http-nio-48] DEBUG reactor.netty.http.client.HttpClientConnect - [id: 0xc4617ab1, L:/127.0.0.1:52019 - R:localhost/127.0.0.1:8084] Handler is being applied: {uri=http://localhost:8084/attractionRewardPoint?attractionId=1801be06-4ce3-4c06-b16b-f390567d22d6&userId=08ecf570-a8de-4f69-95cd-349cc93cd714, method=GET}
15:53:17.222 [reactor-http-nio-48] DEBUG reactor.netty.resources.PooledConnectionProvider - [id: 0xc4617ab1, L:/127.0.0.1:52019 - R:localhost/127.0.0.1:8084] onStateChange(GET{uri=/attractionRewardPoint?attractionId=1801be06-4ce3-4c06-b16b-f390567d22d6&userId=08ecf570-a8de-4f69-95cd-349cc93cd714, connection=PooledConnection{channel=[id: 0xc4617ab1, L:/127.0.0.1:52019 - R:localhost/127.0.0.1:8084]}}, [request_sent])
15:53:17.222 [reactor-http-nio-48] DEBUG reactor.netty.resources.PooledConnectionProvider - [id: 0xc4617ab1, L:/127.0.0.1:52019 - R:localhost/127.0.0.1:8084] Channel connected, now 39 active connections and 0 inactive connections
15:53:17.228 [reactor-http-nio-41] DEBUG reactor.netty.http.client.HttpClientOperations - [id: 0x26eb73e5, L:/127.0.0.1:51781 - R:localhost/127.0.0.1:8083] Received response (auto-read:false) : [Content-Type=application/json, Transfer-Encoding=chunked, Date=Wed, 15 Jun 2022 14:53:15 GMT]
15:53:17.228 [reactor-http-nio-41] DEBUG reactor.netty.resources.PooledConnectionProvider - [id: 0x26eb73e5, L:/127.0.0.1:51781 - R:localhost/127.0.0.1:8083] onStateChange(GET{uri=/attractions, connection=PooledConnection{channel=[id: 0x26eb73e5, L:/127.0.0.1:51781 - R:localhost/127.0.0.1:8083]}}, [response_received])
15:53:17.228 [reactor-http-nio-41] DEBUG org.springframework.web.reactive.function.client.ExchangeFunctions - [17526d1d] Response 200 OK
15:53:17.229 [reactor-http-nio-41] DEBUG reactor.netty.channel.FluxReceive - [id: 0x26eb73e5, L:/127.0.0.1:51781 - R:localhost/127.0.0.1:8083] Subscribing inbound receiver [pending: 0, cancelled:false, inboundDone: false]
15:53:17.229 [reactor-http-nio-41] DEBUG reactor.netty.http.client.HttpClientOperations - [id: 0x26eb73e5, L:/127.0.0.1:51781 - R:localhost/127.0.0.1:8083] Received last HTTP packet
15:53:17.230 [reactor-http-nio-41] DEBUG org.springframework.core.codec.StringDecoder - [17526d1d] Decoded "[{"longitude":-117.922008,"latitude":33.817595,"attractionName":"Disneyland","city":"Anaheim","stat (truncated)...
15:53:17.230 [reactor-http-nio-41] DEBUG reactor.netty.resources.PooledConnectionProvider - [id: 0x26eb73e5, L:/127.0.0.1:51781 - R:localhost/127.0.0.1:8083] onStateChange(GET{uri=/attractions, connection=PooledConnection{channel=[id: 0x26eb73e5, L:/127.0.0.1:51781 - R:localhost/127.0.0.1:8083]}}, [disconnecting])
15:53:17.230 [reactor-http-nio-41] DEBUG reactor.netty.resources.PooledConnectionProvider - [id: 0x26eb73e5, L:/127.0.0.1:51781 - R:localhost/127.0.0.1:8083] Releasing channel
15:53:17.230 [reactor-http-nio-41] DEBUG reactor.netty.resources.PooledConnectionProvider - [id: 0x26eb73e5, L:/127.0.0.1:51781 - R:localhost/127.0.0.1:8083] Channel cleaned, now 171 active connections and 130 inactive connections
15:53:17.232 [reactor-http-nio-41] DEBUG reactor.netty.http.client.HttpClientOperations - [id: 0x67f8f13a, L:/127.0.0.1:51763 - R:localhost/127.0.0.1:8083] Received response (auto-read:false) : [Content-Type=application/json, Transfer-Encoding=chunked, Date=Wed, 15 Jun 2022 14:53:15 GMT]
15:53:17.232 [reactor-http-nio-41] DEBUG reactor.netty.resources.PooledConnectionProvider - [id: 0x67f8f13a, L:/127.0.0.1:51763 - R:localhost/127.0.0.1:8083] onStateChange(GET{uri=/attractions, connection=PooledConnection{channel=[id: 0x67f8f13a, L:/127.0.0.1:51763 - R:localhost/127.0.0.1:8083]}}, [response_received])
15:53:17.232 [reactor-http-nio-41] DEBUG org.springframework.web.reactive.function.client.ExchangeFunctions - [3c7ca6c5] Response 200 OK
15:53:17.232 [reactor-http-nio-47] DEBUG reactor.netty.http.client.HttpClientOperations - [id: 0x33d84267, L:/127.0.0.1:51885 - R:localhost/127.0.0.1:8083] Received response (auto-read:false) : [Content-Type=application/json, Transfer-Encoding=chunked, Date=Wed, 15 Jun 2022 14:53:15 GMT]
15:53:17.232 [reactor-http-nio-47] DEBUG reactor.netty.resources.PooledConnectionProvider - [id: 0x33d84267, L:/127.0.0.1:51885 - R:localhost/127.0.0.1:8083] onStateChange(GET{uri=/userLocation?userId=f77b0ac0-cb63-4c8f-b6b9-5d1e3977ac6b, connection=PooledConnection{channel=[id: 0x33d84267, L:/127.0.0.1:51885 - R:localhost/127.0.0.1:8083]}}, [response_received])
15:53:17.232 [reactor-http-nio-47] DEBUG org.springframework.web.reactive.function.client.ExchangeFunctions - [2243e3fc] Response 200 OK
15:53:17.232 [reactor-http-nio-47] DEBUG reactor.netty.channel.FluxReceive - [id: 0x33d84267, L:/127.0.0.1:51885 - R:localhost/127.0.0.1:8083] Subscribing inbound receiver [pending: 0, cancelled:false, inboundDone: false]
15:53:17.232 [reactor-http-nio-41] DEBUG reactor.netty.channel.FluxReceive - [id: 0x67f8f13a, L:/127.0.0.1:51763 - R:localhost/127.0.0.1:8083] Subscribing inbound receiver [pending: 0, cancelled:false, inboundDone: false]
15:53:17.232 [reactor-http-nio-47] DEBUG reactor.netty.http.client.HttpClientOperations - [id: 0x33d84267, L:/127.0.0.1:51885 - R:localhost/127.0.0.1:8083] Received last HTTP packet
15:53:17.232 [reactor-http-nio-47] DEBUG org.springframework.core.codec.StringDecoder - [2243e3fc] Decoded "{"userId":"f77b0ac0-cb63-4c8f-b6b9-5d1e3977ac6b","location":{"longitude":164.883276,"latitude":9.46 (truncated)...
15:53:17.232 [reactor-http-nio-47] DEBUG reactor.netty.resources.PooledConnectionProvider - [id: 0x33d84267, L:/127.0.0.1:51885 - R:localhost/127.0.0.1:8083] onStateChange(GET{uri=/userLocation?userId=f77b0ac0-cb63-4c8f-b6b9-5d1e3977ac6b, connection=PooledConnection{channel=[id: 0x33d84267, L:/127.0.0.1:51885 - R:localhost/127.0.0.1:8083]}}, [disconnecting])
15:53:17.232 [reactor-http-nio-47] DEBUG reactor.netty.resources.PooledConnectionProvider - [id: 0x33d84267, L:/127.0.0.1:51885 - R:localhost/127.0.0.1:8083] Releasing channel
15:53:17.232 [reactor-http-nio-41] DEBUG reactor.netty.http.client.HttpClientOperations - [id: 0x67f8f13a, L:/127.0.0.1:51763 - R:localhost/127.0.0.1:8083] Received last HTTP packet
15:53:17.233 [reactor-http-nio-47] DEBUG reactor.netty.resources.PooledConnectionProvider - [id: 0x33d84267, L:/127.0.0.1:51885 - R:localhost/127.0.0.1:8083] Channel cleaned, now 170 active connections and 131 inactive connections
15:53:17.233 [reactor-http-nio-41] DEBUG org.springframework.core.codec.StringDecoder - [3c7ca6c5] Decoded "[{"longitude":-117.922008,"latitude":33.817595,"attractionName":"Disneyland","city":"Anaheim","stat (truncated)...
15:53:17.233 [reactor-http-nio-41] DEBUG reactor.netty.resources.PooledConnectionProvider - [id: 0x67f8f13a, L:/127.0.0.1:51763 - R:localhost/127.0.0.1:8083] onStateChange(GET{uri=/attractions, connection=PooledConnection{channel=[id: 0x67f8f13a, L:/127.0.0.1:51763 - R:localhost/127.0.0.1:8083]}}, [disconnecting])
15:53:17.233 [reactor-http-nio-41] DEBUG reactor.netty.resources.PooledConnectionProvider - [id: 0x67f8f13a, L:/127.0.0.1:51763 - R:localhost/127.0.0.1:8083] Releasing channel
15:53:17.233 [reactor-http-nio-41] DEBUG reactor.netty.resources.PooledConnectionProvider - [id: 0x67f8f13a, L:/127.0.0.1:51763 - R:localhost/127.0.0.1:8083] Channel cleaned, now 169 active connections and 132 inactive connections
15:53:17.234 [pool-2-thread-64] INFO tourGuide.service.TourGuideService - visitedLocatio tourGuide.gpsUtil.VisitedLocation@45aa3431
15:53:17.235 [pool-2-thread-64] DEBUG org.springframework.web.reactive.function.client.ExchangeFunctions - [41bf4837] HTTP GET http://localhost:8083/attractions
15:53:17.236 [reactor-http-nio-48] DEBUG reactor.netty.http.client.HttpClientOperations - [id: 0xa0b7be75, L:/127.0.0.1:51941 - R:localhost/127.0.0.1:8083] Received response (auto-read:false) : [Content-Type=application/json, Transfer-Encoding=chunked, Date=Wed, 15 Jun 2022 14:53:15 GMT]
15:53:17.236 [reactor-http-nio-48] DEBUG reactor.netty.resources.PooledConnectionProvider - [id: 0xa0b7be75, L:/127.0.0.1:51941 - R:localhost/127.0.0.1:8083] onStateChange(GET{uri=/userLocation?userId=f4fd57d3-6036-4c90-8077-e7466268c131, connection=PooledConnection{channel=[id: 0xa0b7be75, L:/127.0.0.1:51941 - R:localhost/127.0.0.1:8083]}}, [response_received])
15:53:17.236 [reactor-http-nio-48] DEBUG org.springframework.web.reactive.function.client.ExchangeFunctions - [202e76f9] Response 200 OK
15:53:17.236 [reactor-http-nio-48] DEBUG reactor.netty.channel.FluxReceive - [id: 0xa0b7be75, L:/127.0.0.1:51941 - R:localhost/127.0.0.1:8083] Subscribing inbound receiver [pending: 0, cancelled:false, inboundDone: false]
15:53:17.236 [reactor-http-nio-48] DEBUG reactor.netty.http.client.HttpClientOperations - [id: 0xa0b7be75, L:/127.0.0.1:51941 - R:localhost/127.0.0.1:8083] Received last HTTP packet
15:53:17.237 [reactor-http-nio-48] DEBUG org.springframework.core.codec.StringDecoder - [202e76f9] Decoded "{"userId":"f4fd57d3-6036-4c90-8077-e7466268c131","location":{"longitude":-115.413506,"latitude":-30 (truncated)...
15:53:17.237 [reactor-http-nio-48] DEBUG reactor.netty.resources.PooledConnectionProvider - [id: 0xa0b7be75, L:/127.0.0.1:51941 - R:localhost/127.0.0.1:8083] onStateChange(GET{uri=/userLocation?userId=f4fd57d3-6036-4c90-8077-e7466268c131, connection=PooledConnection{channel=[id: 0xa0b7be75, L:/127.0.0.1:51941 - R:localhost/127.0.0.1:8083]}}, [disconnecting])
15:53:17.237 [reactor-http-nio-48] DEBUG reactor.netty.resources.PooledConnectionProvider - [id: 0xa0b7be75, L:/127.0.0.1:51941 - R:localhost/127.0.0.1:8083] Releasing channel
15:53:17.237 [reactor-http-nio-48] DEBUG reactor.netty.resources.PooledConnectionProvider - [id: 0xa0b7be75, L:/127.0.0.1:51941 - R:localhost/127.0.0.1:8083] Channel cleaned, now 168 active connections and 133 inactive connections
15:53:17.237 [reactor-http-nio-41] DEBUG reactor.netty.resources.PooledConnectionProvider - [id: 0x261624e9, L:/127.0.0.1:51718 - R:localhost/127.0.0.1:8083] Channel acquired, now 169 active connections and 132 inactive connections
15:53:17.237 [reactor-http-nio-41] DEBUG reactor.netty.http.client.HttpClientConnect - [id: 0x261624e9, L:/127.0.0.1:51718 - R:localhost/127.0.0.1:8083] Handler is being applied: {uri=http://localhost:8083/attractions, method=GET}
15:53:17.237 [reactor-http-nio-48] DEBUG reactor.netty.http.client.HttpClientOperations - [id: 0xf514f1ff, L:/127.0.0.1:51965 - R:localhost/127.0.0.1:8083] Received response (auto-read:false) : [Content-Type=application/json, Transfer-Encoding=chunked, Date=Wed, 15 Jun 2022 14:53:15 GMT]
15:53:17.237 [reactor-http-nio-48] DEBUG reactor.netty.resources.PooledConnectionProvider - [id: 0xf514f1ff, L:/127.0.0.1:51965 - R:localhost/127.0.0.1:8083] onStateChange(GET{uri=/userLocation?userId=880559bb-3b50-40c2-96ea-bd541dc11f0b, connection=PooledConnection{channel=[id: 0xf514f1ff, L:/127.0.0.1:51965 - R:localhost/127.0.0.1:8083]}}, [response_received])
15:53:17.237 [reactor-http-nio-48] DEBUG org.springframework.web.reactive.function.client.ExchangeFunctions - [65e7e25d] Response 200 OK
15:53:17.237 [reactor-http-nio-48] DEBUG reactor.netty.channel.FluxReceive - [id: 0xf514f1ff, L:/127.0.0.1:51965 - R:localhost/127.0.0.1:8083] Subscribing inbound receiver [pending: 0, cancelled:false, inboundDone: false]
15:53:17.238 [reactor-http-nio-48] DEBUG reactor.netty.http.client.HttpClientOperations - [id: 0xf514f1ff, L:/127.0.0.1:51965 - R:localhost/127.0.0.1:8083] Received last HTTP packet
15:53:17.238 [reactor-http-nio-41] DEBUG reactor.netty.resources.PooledConnectionProvider - [id: 0x261624e9, L:/127.0.0.1:51718 - R:localhost/127.0.0.1:8083] onStateChange(GET{uri=/attractions, connection=PooledConnection{channel=[id: 0x261624e9, L:/127.0.0.1:51718 - R:localhost/127.0.0.1:8083]}}, [request_sent])
15:53:17.238 [reactor-http-nio-48] DEBUG org.springframework.core.codec.StringDecoder - [65e7e25d] Decoded "{"userId":"880559bb-3b50-40c2-96ea-bd541dc11f0b","location":{"longitude":7.394439,"latitude":56.486 (truncated)...
15:53:17.238 [reactor-http-nio-48] DEBUG reactor.netty.resources.PooledConnectionProvider - [id: 0xf514f1ff, L:/127.0.0.1:51965 - R:localhost/127.0.0.1:8083] onStateChange(GET{uri=/userLocation?userId=880559bb-3b50-40c2-96ea-bd541dc11f0b, connection=PooledConnection{channel=[id: 0xf514f1ff, L:/127.0.0.1:51965 - R:localhost/127.0.0.1:8083]}}, [disconnecting])
15:53:17.238 [reactor-http-nio-48] DEBUG reactor.netty.resources.PooledConnectionProvider - [id: 0xf514f1ff, L:/127.0.0.1:51965 - R:localhost/127.0.0.1:8083] Releasing channel
15:53:17.238 [reactor-http-nio-48] DEBUG reactor.netty.resources.PooledConnectionProvider - [id: 0xf514f1ff, L:/127.0.0.1:51965 - R:localhost/127.0.0.1:8083] Channel cleaned, now 168 active connections and 133 inactive connections
15:53:17.239 [pool-2-thread-99] INFO tourGuide.service.TourGuideService - visitedLocatio tourGuide.gpsUtil.VisitedLocation@7bb31555
15:53:17.239 [pool-2-thread-5] INFO tourGuide.service.TourGuideService - visitedLocatio tourGuide.gpsUtil.VisitedLocation@44f51729
15:53:17.239 [pool-2-thread-99] DEBUG org.springframework.web.reactive.function.client.ExchangeFunctions - [13c838d] HTTP GET http://localhost:8083/attractions
15:53:17.239 [pool-2-thread-5] DEBUG org.springframework.web.reactive.function.client.ExchangeFunctions - [53861c3d] HTTP GET http://localhost:8083/attractions
15:53:17.241 [reactor-http-nio-46] DEBUG reactor.netty.resources.PooledConnectionProvider - [id: 0x8e4bf8f0, L:/127.0.0.1:51754 - R:localhost/127.0.0.1:8083] Channel acquired, now 169 active connections and 132 inactive connections
15:53:17.241 [reactor-http-nio-46] DEBUG reactor.netty.http.client.HttpClientConnect - [id: 0x8e4bf8f0, L:/127.0.0.1:51754 - R:localhost/127.0.0.1:8083] Handler is being applied: {uri=http://localhost:8083/attractions, method=GET}
15:53:17.241 [reactor-http-nio-46] DEBUG reactor.netty.resources.PooledConnectionProvider - [id: 0x8e4bf8f0, L:/127.0.0.1:51754 - R:localhost/127.0.0.1:8083] onStateChange(GET{uri=/attractions, connection=PooledConnection{channel=[id: 0x8e4bf8f0, L:/127.0.0.1:51754 - R:localhost/127.0.0.1:8083]}}, [request_sent])
15:53:17.242 [reactor-http-nio-48] DEBUG reactor.netty.resources.PooledConnectionProvider - [id: 0x1af880b0, L:/127.0.0.1:51943 - R:localhost/127.0.0.1:8083] Channel acquired, now 170 active connections and 131 inactive connections
15:53:17.242 [reactor-http-nio-41] DEBUG reactor.netty.http.client.HttpClientOperations - [id: 0xfb192aad, L:/127.0.0.1:51748 - R:localhost/127.0.0.1:8083] Received response (auto-read:false) : [Content-Type=application/json, Transfer-Encoding=chunked, Date=Wed, 15 Jun 2022 14:53:15 GMT]
15:53:17.242 [reactor-http-nio-41] DEBUG reactor.netty.resources.PooledConnectionProvider - [id: 0xfb192aad, L:/127.0.0.1:51748 - R:localhost/127.0.0.1:8083] onStateChange(GET{uri=/attractions, connection=PooledConnection{channel=[id: 0xfb192aad, L:/127.0.0.1:51748 - R:localhost/127.0.0.1:8083]}}, [response_received])
15:53:17.242 [reactor-http-nio-48] DEBUG reactor.netty.http.client.HttpClientConnect - [id: 0x1af880b0, L:/127.0.0.1:51943 - R:localhost/127.0.0.1:8083] Handler is being applied: {uri=http://localhost:8083/attractions, method=GET}
15:53:17.242 [reactor-http-nio-41] DEBUG org.springframework.web.reactive.function.client.ExchangeFunctions - [5aab1d76] Response 200 OK
15:53:17.243 [reactor-http-nio-41] DEBUG reactor.netty.channel.FluxReceive - [id: 0xfb192aad, L:/127.0.0.1:51748 - R:localhost/127.0.0.1:8083] Subscribing inbound receiver [pending: 0, cancelled:false, inboundDone: false]
15:53:17.243 [reactor-http-nio-48] DEBUG reactor.netty.resources.PooledConnectionProvider - [id: 0x1af880b0, L:/127.0.0.1:51943 - R:localhost/127.0.0.1:8083] onStateChange(GET{uri=/attractions, connection=PooledConnection{channel=[id: 0x1af880b0, L:/127.0.0.1:51943 - R:localhost/127.0.0.1:8083]}}, [request_sent])
15:53:17.244 [reactor-http-nio-48] DEBUG reactor.netty.http.client.HttpClientOperations - [id: 0x6a55ffeb, L:/127.0.0.1:51975 - R:localhost/127.0.0.1:8083] Received response (auto-read:false) : [Content-Type=application/json, Transfer-Encoding=chunked, Date=Wed, 15 Jun 2022 14:53:15 GMT]
15:53:17.244 [reactor-http-nio-48] DEBUG reactor.netty.resources.PooledConnectionProvider - [id: 0x6a55ffeb, L:/127.0.0.1:51975 - R:localhost/127.0.0.1:8083] onStateChange(GET{uri=/userLocation?userId=63827c4f-16dd-4ef6-ae2d-12a808bf02ae, connection=PooledConnection{channel=[id: 0x6a55ffeb, L:/127.0.0.1:51975 - R:localhost/127.0.0.1:8083]}}, [response_received])
15:53:17.244 [reactor-http-nio-48] DEBUG org.springframework.web.reactive.function.client.ExchangeFunctions - [5c5a505f] Response 200 OK
15:53:17.244 [reactor-http-nio-48] DEBUG reactor.netty.channel.FluxReceive - [id: 0x6a55ffeb, L:/127.0.0.1:51975 - R:localhost/127.0.0.1:8083] Subscribing inbound receiver [pending: 0, cancelled:false, inboundDone: false]
15:53:17.244 [reactor-http-nio-48] DEBUG reactor.netty.http.client.HttpClientOperations - [id: 0x6a55ffeb, L:/127.0.0.1:51975 - R:localhost/127.0.0.1:8083] Received last HTTP packet
15:53:17.244 [reactor-http-nio-41] DEBUG reactor.netty.http.client.HttpClientOperations - [id: 0x4b9fbeb1, L:/127.0.0.1:51745 - R:localhost/127.0.0.1:8083] Received response (auto-read:false) : [Content-Type=application/json, Transfer-Encoding=chunked, Date=Wed, 15 Jun 2022 14:53:15 GMT]
15:53:17.244 [reactor-http-nio-41] DEBUG reactor.netty.resources.PooledConnectionProvider - [id: 0x4b9fbeb1, L:/127.0.0.1:51745 - R:localhost/127.0.0.1:8083] onStateChange(GET{uri=/attractions, connection=PooledConnection{channel=[id: 0x4b9fbeb1, L:/127.0.0.1:51745 - R:localhost/127.0.0.1:8083]}}, [response_received])
15:53:17.244 [reactor-http-nio-48] DEBUG org.springframework.core.codec.StringDecoder - [5c5a505f] Decoded "{"userId":"63827c4f-16dd-4ef6-ae2d-12a808bf02ae","location":{"longitude":-30.876455,"latitude":0.19 (truncated)...
15:53:17.244 [reactor-http-nio-41] DEBUG org.springframework.web.reactive.function.client.ExchangeFunctions - [1a5c4a14] Response 200 OK
15:53:17.244 [reactor-http-nio-48] DEBUG reactor.netty.resources.PooledConnectionProvider - [id: 0x6a55ffeb, L:/127.0.0.1:51975 - R:localhost/127.0.0.1:8083] onStateChange(GET{uri=/userLocation?userId=63827c4f-16dd-4ef6-ae2d-12a808bf02ae, connection=PooledConnection{channel=[id: 0x6a55ffeb, L:/127.0.0.1:51975 - R:localhost/127.0.0.1:8083]}}, [disconnecting])
15:53:17.244 [reactor-http-nio-48] DEBUG reactor.netty.resources.PooledConnectionProvider - [id: 0x6a55ffeb, L:/127.0.0.1:51975 - R:localhost/127.0.0.1:8083] Releasing channel
15:53:17.244 [reactor-http-nio-48] DEBUG reactor.netty.resources.PooledConnectionProvider - [id: 0x6a55ffeb, L:/127.0.0.1:51975 - R:localhost/127.0.0.1:8083] Channel cleaned, now 169 active connections and 132 inactive connections
15:53:17.244 [reactor-http-nio-47] DEBUG reactor.netty.http.client.HttpClientOperations - [id: 0xeec1d289, L:/127.0.0.1:51847 - R:localhost/127.0.0.1:8083] Received response (auto-read:false) : [Content-Type=application/json, Transfer-Encoding=chunked, Date=Wed, 15 Jun 2022 14:53:15 GMT]
15:53:17.244 [reactor-http-nio-47] DEBUG reactor.netty.resources.PooledConnectionProvider - [id: 0xeec1d289, L:/127.0.0.1:51847 - R:localhost/127.0.0.1:8083] onStateChange(GET{uri=/attractions, connection=PooledConnection{channel=[id: 0xeec1d289, L:/127.0.0.1:51847 - R:localhost/127.0.0.1:8083]}}, [response_received])
15:53:17.244 [reactor-http-nio-47] DEBUG org.springframework.web.reactive.function.client.ExchangeFunctions - [9842778] Response 200 OK
15:53:17.244 [reactor-http-nio-48] DEBUG reactor.netty.http.client.HttpClientOperations - [id: 0x3f7d5ef0, L:/127.0.0.1:51973 - R:localhost/127.0.0.1:8083] Received response (auto-read:false) : [Content-Type=application/json, Transfer-Encoding=chunked, Date=Wed, 15 Jun 2022 14:53:15 GMT]
15:53:17.244 [reactor-http-nio-48] DEBUG reactor.netty.resources.PooledConnectionProvider - [id: 0x3f7d5ef0, L:/127.0.0.1:51973 - R:localhost/127.0.0.1:8083] onStateChange(GET{uri=/userLocation?userId=bbba9704-2e44-4e72-bdbc-72abee18331c, connection=PooledConnection{channel=[id: 0x3f7d5ef0, L:/127.0.0.1:51973 - R:localhost/127.0.0.1:8083]}}, [response_received])
15:53:17.244 [reactor-http-nio-48] DEBUG org.springframework.web.reactive.function.client.ExchangeFunctions - [738ec554] Response 200 OK
15:53:17.245 [reactor-http-nio-47] DEBUG reactor.netty.channel.FluxReceive - [id: 0xeec1d289, L:/127.0.0.1:51847 - R:localhost/127.0.0.1:8083] Subscribing inbound receiver [pending: 0, cancelled:false, inboundDone: false]
15:53:17.245 [reactor-http-nio-48] DEBUG reactor.netty.channel.FluxReceive - [id: 0x3f7d5ef0, L:/127.0.0.1:51973 - R:localhost/127.0.0.1:8083] Subscribing inbound receiver [pending: 0, cancelled:false, inboundDone: false]
15:53:17.245 [reactor-http-nio-48] DEBUG reactor.netty.http.client.HttpClientOperations - [id: 0x3f7d5ef0, L:/127.0.0.1:51973 - R:localhost/127.0.0.1:8083] Received last HTTP packet
15:53:17.245 [reactor-http-nio-47] DEBUG reactor.netty.http.client.HttpClientOperations - [id: 0xeec1d289, L:/127.0.0.1:51847 - R:localhost/127.0.0.1:8083] Received last HTTP packet
15:53:17.245 [reactor-http-nio-48] DEBUG org.springframework.core.codec.StringDecoder - [738ec554] Decoded "{"userId":"bbba9704-2e44-4e72-bdbc-72abee18331c","location":{"longitude":169.703308,"latitude":76.3 (truncated)...
15:53:17.245 [reactor-http-nio-48] DEBUG reactor.netty.resources.PooledConnectionProvider - [id: 0x3f7d5ef0, L:/127.0.0.1:51973 - R:localhost/127.0.0.1:8083] onStateChange(GET{uri=/userLocation?userId=bbba9704-2e44-4e72-bdbc-72abee18331c, connection=PooledConnection{channel=[id: 0x3f7d5ef0, L:/127.0.0.1:51973 - R:localhost/127.0.0.1:8083]}}, [disconnecting])
15:53:17.245 [reactor-http-nio-48] DEBUG reactor.netty.resources.PooledConnectionProvider - [id: 0x3f7d5ef0, L:/127.0.0.1:51973 - R:localhost/127.0.0.1:8083] Releasing channel
15:53:17.245 [reactor-http-nio-48] DEBUG reactor.netty.resources.PooledConnectionProvider - [id: 0x3f7d5ef0, L:/127.0.0.1:51973 - R:localhost/127.0.0.1:8083] Channel cleaned, now 168 active connections and 133 inactive connections
15:53:17.245 [reactor-http-nio-47] DEBUG org.springframework.core.codec.StringDecoder - [9842778] Decoded "[{"longitude":-117.922008,"latitude":33.817595,"attractionName":"Disneyland","city":"Anaheim","stat (truncated)...
15:53:17.245 [reactor-http-nio-47] DEBUG reactor.netty.resources.PooledConnectionProvider - [id: 0xeec1d289, L:/127.0.0.1:51847 - R:localhost/127.0.0.1:8083] onStateChange(GET{uri=/attractions, connection=PooledConnection{channel=[id: 0xeec1d289, L:/127.0.0.1:51847 - R:localhost/127.0.0.1:8083]}}, [disconnecting])
15:53:17.245 [reactor-http-nio-47] DEBUG reactor.netty.resources.PooledConnectionProvider - [id: 0xeec1d289, L:/127.0.0.1:51847 - R:localhost/127.0.0.1:8083] Releasing channel
15:53:17.245 [reactor-http-nio-47] DEBUG reactor.netty.resources.PooledConnectionProvider - [id: 0xeec1d289, L:/127.0.0.1:51847 - R:localhost/127.0.0.1:8083] Channel cleaned, now 167 active connections and 134 inactive connections
15:53:17.245 [reactor-http-nio-41] DEBUG reactor.netty.channel.FluxReceive - [id: 0x4b9fbeb1, L:/127.0.0.1:51745 - R:localhost/127.0.0.1:8083] Subscribing inbound receiver [pending: 0, cancelled:false, inboundDone: false]
15:53:17.245 [reactor-http-nio-41] DEBUG reactor.netty.http.client.HttpClientOperations - [id: 0x4b9fbeb1, L:/127.0.0.1:51745 - R:localhost/127.0.0.1:8083] Received last HTTP packet
15:53:17.245 [reactor-http-nio-41] DEBUG org.springframework.core.codec.StringDecoder - [1a5c4a14] Decoded "[{"longitude":-117.922008,"latitude":33.817595,"attractionName":"Disneyland","city":"Anaheim","stat (truncated)...
15:53:17.245 [reactor-http-nio-41] DEBUG reactor.netty.resources.PooledConnectionProvider - [id: 0x4b9fbeb1, L:/127.0.0.1:51745 - R:localhost/127.0.0.1:8083] onStateChange(GET{uri=/attractions, connection=PooledConnection{channel=[id: 0x4b9fbeb1, L:/127.0.0.1:51745 - R:localhost/127.0.0.1:8083]}}, [disconnecting])
15:53:17.246 [reactor-http-nio-41] DEBUG reactor.netty.resources.PooledConnectionProvider - [id: 0x4b9fbeb1, L:/127.0.0.1:51745 - R:localhost/127.0.0.1:8083] Releasing channel
15:53:17.246 [reactor-http-nio-41] DEBUG reactor.netty.resources.PooledConnectionProvider - [id: 0x4b9fbeb1, L:/127.0.0.1:51745 - R:localhost/127.0.0.1:8083] Channel cleaned, now 166 active connections and 135 inactive connections
15:53:17.246 [pool-5-thread-81] INFO tourGuide.service.TourGuideService - visitedLocatio tourGuide.gpsUtil.VisitedLocation@5a5b707e
15:53:17.247 [pool-5-thread-93] INFO tourGuide.service.TourGuideService - visitedLocatio tourGuide.gpsUtil.VisitedLocation@7643fb3
15:53:17.247 [pool-5-thread-81] DEBUG org.springframework.web.reactive.function.client.ExchangeFunctions - [7d48a52b] HTTP GET http://localhost:8083/attractions
15:53:17.247 [pool-5-thread-93] DEBUG org.springframework.web.reactive.function.client.ExchangeFunctions - [59b9b552] HTTP GET http://localhost:8083/attractions
15:53:17.250 [reactor-http-nio-41] DEBUG reactor.netty.resources.PooledConnectionProvider - [id: 0x363ce47f, L:/127.0.0.1:51925 - R:localhost/127.0.0.1:8083] Channel acquired, now 167 active connections and 134 inactive connections
15:53:17.250 [reactor-http-nio-41] DEBUG reactor.netty.http.client.HttpClientConnect - [id: 0x363ce47f, L:/127.0.0.1:51925 - R:localhost/127.0.0.1:8083] Handler is being applied: {uri=http://localhost:8083/attractions, method=GET}
15:53:17.251 [reactor-http-nio-41] DEBUG reactor.netty.resources.PooledConnectionProvider - [id: 0x363ce47f, L:/127.0.0.1:51925 - R:localhost/127.0.0.1:8083] onStateChange(GET{uri=/attractions, connection=PooledConnection{channel=[id: 0x363ce47f, L:/127.0.0.1:51925 - R:localhost/127.0.0.1:8083]}}, [request_sent])
15:53:17.251 [reactor-http-nio-46] DEBUG reactor.netty.http.client.HttpClientOperations - [id: 0xd78cec0d, L:/127.0.0.1:51735 - R:localhost/127.0.0.1:8083] Received response (auto-read:false) : [Content-Type=application/json, Transfer-Encoding=chunked, Date=Wed, 15 Jun 2022 14:53:15 GMT]
15:53:17.251 [reactor-http-nio-46] DEBUG reactor.netty.resources.PooledConnectionProvider - [id: 0xd78cec0d, L:/127.0.0.1:51735 - R:localhost/127.0.0.1:8083] onStateChange(GET{uri=/attractions, connection=PooledConnection{channel=[id: 0xd78cec0d, L:/127.0.0.1:51735 - R:localhost/127.0.0.1:8083]}}, [response_received])
15:53:17.251 [reactor-http-nio-46] DEBUG org.springframework.web.reactive.function.client.ExchangeFunctions - [21bfcbe5] Response 200 OK
15:53:17.251 [reactor-http-nio-41] DEBUG reactor.netty.http.client.HttpClientOperations - [id: 0xcdc2ae18, L:/127.0.0.1:51731 - R:localhost/127.0.0.1:8083] Received response (auto-read:false) : [Content-Type=application/json, Transfer-Encoding=chunked, Date=Wed, 15 Jun 2022 14:53:15 GMT]
15:53:17.251 [reactor-http-nio-41] DEBUG reactor.netty.resources.PooledConnectionProvider - [id: 0xcdc2ae18, L:/127.0.0.1:51731 - R:localhost/127.0.0.1:8083] onStateChange(GET{uri=/attractions, connection=PooledConnection{channel=[id: 0xcdc2ae18, L:/127.0.0.1:51731 - R:localhost/127.0.0.1:8083]}}, [response_received])
15:53:17.251 [reactor-http-nio-41] DEBUG org.springframework.web.reactive.function.client.ExchangeFunctions - [669e7b23] Response 200 OK
15:53:17.251 [reactor-http-nio-46] DEBUG reactor.netty.channel.FluxReceive - [id: 0xd78cec0d, L:/127.0.0.1:51735 - R:localhost/127.0.0.1:8083] Subscribing inbound receiver [pending: 0, cancelled:false, inboundDone: false]
15:53:17.251 [reactor-http-nio-41] DEBUG reactor.netty.channel.FluxReceive - [id: 0xcdc2ae18, L:/127.0.0.1:51731 - R:localhost/127.0.0.1:8083] Subscribing inbound receiver [pending: 0, cancelled:false, inboundDone: false]
15:53:17.252 [reactor-http-nio-46] DEBUG reactor.netty.http.client.HttpClientOperations - [id: 0xd78cec0d, L:/127.0.0.1:51735 - R:localhost/127.0.0.1:8083] Received last HTTP packet
15:53:17.252 [reactor-http-nio-41] DEBUG reactor.netty.http.client.HttpClientOperations - [id: 0xcdc2ae18, L:/127.0.0.1:51731 - R:localhost/127.0.0.1:8083] Received last HTTP packet
15:53:17.252 [reactor-http-nio-46] DEBUG org.springframework.core.codec.StringDecoder - [21bfcbe5] Decoded "[{"longitude":-117.922008,"latitude":33.817595,"attractionName":"Disneyland","city":"Anaheim","stat (truncated)...
15:53:17.252 [reactor-http-nio-46] DEBUG reactor.netty.resources.PooledConnectionProvider - [id: 0xd78cec0d, L:/127.0.0.1:51735 - R:localhost/127.0.0.1:8083] onStateChange(GET{uri=/attractions, connection=PooledConnection{channel=[id: 0xd78cec0d, L:/127.0.0.1:51735 - R:localhost/127.0.0.1:8083]}}, [disconnecting])
15:53:17.252 [reactor-http-nio-46] DEBUG reactor.netty.resources.PooledConnectionProvider - [id: 0xd78cec0d, L:/127.0.0.1:51735 - R:localhost/127.0.0.1:8083] Releasing channel
15:53:17.252 [reactor-http-nio-46] DEBUG reactor.netty.resources.PooledConnectionProvider - [id: 0xd78cec0d, L:/127.0.0.1:51735 - R:localhost/127.0.0.1:8083] Channel cleaned, now 166 active connections and 135 inactive connections
15:53:17.252 [reactor-http-nio-41] DEBUG org.springframework.core.codec.StringDecoder - [669e7b23] Decoded "[{"longitude":-117.922008,"latitude":33.817595,"attractionName":"Disneyland","city":"Anaheim","stat (truncated)...
15:53:17.252 [reactor-http-nio-41] DEBUG reactor.netty.resources.PooledConnectionProvider - [id: 0xcdc2ae18, L:/127.0.0.1:51731 - R:localhost/127.0.0.1:8083] onStateChange(GET{uri=/attractions, connection=PooledConnection{channel=[id: 0xcdc2ae18, L:/127.0.0.1:51731 - R:localhost/127.0.0.1:8083]}}, [disconnecting])
15:53:17.252 [reactor-http-nio-41] DEBUG reactor.netty.resources.PooledConnectionProvider - [id: 0xcdc2ae18, L:/127.0.0.1:51731 - R:localhost/127.0.0.1:8083] Releasing channel
15:53:17.252 [reactor-http-nio-41] DEBUG reactor.netty.resources.PooledConnectionProvider - [id: 0xcdc2ae18, L:/127.0.0.1:51731 - R:localhost/127.0.0.1:8083] Channel cleaned, now 165 active connections and 136 inactive connections
15:53:17.252 [reactor-http-nio-47] DEBUG reactor.netty.resources.PooledConnectionProvider - [id: 0x42970d81, L:/127.0.0.1:51870 - R:localhost/127.0.0.1:8083] Channel acquired, now 166 active connections and 135 inactive connections
15:53:17.252 [reactor-http-nio-47] DEBUG reactor.netty.http.client.HttpClientConnect - [id: 0x42970d81, L:/127.0.0.1:51870 - R:localhost/127.0.0.1:8083] Handler is being applied: {uri=http://localhost:8083/attractions, method=GET}
15:53:17.252 [reactor-http-nio-41] DEBUG reactor.netty.http.client.HttpClientOperations - [id: 0x7286e1e8, L:/127.0.0.1:51739 - R:localhost/127.0.0.1:8083] Received response (auto-read:false) : [Content-Type=application/json, Transfer-Encoding=chunked, Date=Wed, 15 Jun 2022 14:53:15 GMT]
15:53:17.252 [reactor-http-nio-41] DEBUG reactor.netty.resources.PooledConnectionProvider - [id: 0x7286e1e8, L:/127.0.0.1:51739 - R:localhost/127.0.0.1:8083] onStateChange(GET{uri=/attractions, connection=PooledConnection{channel=[id: 0x7286e1e8, L:/127.0.0.1:51739 - R:localhost/127.0.0.1:8083]}}, [response_received])
15:53:17.252 [reactor-http-nio-41] DEBUG org.springframework.web.reactive.function.client.ExchangeFunctions - [7a2e1ced] Response 200 OK
15:53:17.253 [reactor-http-nio-41] DEBUG reactor.netty.channel.FluxReceive - [id: 0x7286e1e8, L:/127.0.0.1:51739 - R:localhost/127.0.0.1:8083] Subscribing inbound receiver [pending: 0, cancelled:false, inboundDone: false]
15:53:17.253 [reactor-http-nio-47] DEBUG reactor.netty.resources.PooledConnectionProvider - [id: 0x42970d81, L:/127.0.0.1:51870 - R:localhost/127.0.0.1:8083] onStateChange(GET{uri=/attractions, connection=PooledConnection{channel=[id: 0x42970d81, L:/127.0.0.1:51870 - R:localhost/127.0.0.1:8083]}}, [request_sent])
15:53:17.253 [reactor-http-nio-41] DEBUG reactor.netty.http.client.HttpClientOperations - [id: 0x7286e1e8, L:/127.0.0.1:51739 - R:localhost/127.0.0.1:8083] Received last HTTP packet
15:53:17.253 [reactor-http-nio-41] DEBUG org.springframework.core.codec.StringDecoder - [7a2e1ced] Decoded "[{"longitude":-117.922008,"latitude":33.817595,"attractionName":"Disneyland","city":"Anaheim","stat (truncated)...
15:53:17.253 [reactor-http-nio-41] DEBUG reactor.netty.resources.PooledConnectionProvider - [id: 0x7286e1e8, L:/127.0.0.1:51739 - R:localhost/127.0.0.1:8083] onStateChange(GET{uri=/attractions, connection=PooledConnection{channel=[id: 0x7286e1e8, L:/127.0.0.1:51739 - R:localhost/127.0.0.1:8083]}}, [disconnecting])
15:53:17.253 [reactor-http-nio-41] DEBUG reactor.netty.resources.PooledConnectionProvider - [id: 0x7286e1e8, L:/127.0.0.1:51739 - R:localhost/127.0.0.1:8083] Releasing channel
15:53:17.253 [reactor-http-nio-41] DEBUG reactor.netty.resources.PooledConnectionProvider - [id: 0x7286e1e8, L:/127.0.0.1:51739 - R:localhost/127.0.0.1:8083] Channel cleaned, now 165 active connections and 136 inactive connections
15:53:17.253 [reactor-http-nio-46] DEBUG reactor.netty.http.client.HttpClientOperations - [id: 0x6bcb25c4, L:/127.0.0.1:51759 - R:localhost/127.0.0.1:8083] Received response (auto-read:false) : [Content-Type=application/json, Transfer-Encoding=chunked, Date=Wed, 15 Jun 2022 14:53:15 GMT]
15:53:17.253 [reactor-http-nio-46] DEBUG reactor.netty.resources.PooledConnectionProvider - [id: 0x6bcb25c4, L:/127.0.0.1:51759 - R:localhost/127.0.0.1:8083] onStateChange(GET{uri=/attractions, connection=PooledConnection{channel=[id: 0x6bcb25c4, L:/127.0.0.1:51759 - R:localhost/127.0.0.1:8083]}}, [response_received])
15:53:17.253 [reactor-http-nio-46] DEBUG org.springframework.web.reactive.function.client.ExchangeFunctions - [1cf23604] Response 200 OK
15:53:17.254 [reactor-http-nio-46] DEBUG reactor.netty.channel.FluxReceive - [id: 0x6bcb25c4, L:/127.0.0.1:51759 - R:localhost/127.0.0.1:8083] Subscribing inbound receiver [pending: 0, cancelled:false, inboundDone: false]
15:53:17.254 [reactor-http-nio-46] DEBUG reactor.netty.http.client.HttpClientOperations - [id: 0x6bcb25c4, L:/127.0.0.1:51759 - R:localhost/127.0.0.1:8083] Received last HTTP packet
15:53:17.254 [reactor-http-nio-46] DEBUG org.springframework.core.codec.StringDecoder - [1cf23604] Decoded "[{"longitude":-117.922008,"latitude":33.817595,"attractionName":"Disneyland","city":"Anaheim","stat (truncated)...
15:53:17.254 [reactor-http-nio-46] DEBUG reactor.netty.resources.PooledConnectionProvider - [id: 0x6bcb25c4, L:/127.0.0.1:51759 - R:localhost/127.0.0.1:8083] onStateChange(GET{uri=/attractions, connection=PooledConnection{channel=[id: 0x6bcb25c4, L:/127.0.0.1:51759 - R:localhost/127.0.0.1:8083]}}, [disconnecting])
15:53:17.254 [reactor-http-nio-46] DEBUG reactor.netty.resources.PooledConnectionProvider - [id: 0x6bcb25c4, L:/127.0.0.1:51759 - R:localhost/127.0.0.1:8083] Releasing channel
15:53:17.254 [reactor-http-nio-46] DEBUG reactor.netty.resources.PooledConnectionProvider - [id: 0x6bcb25c4, L:/127.0.0.1:51759 - R:localhost/127.0.0.1:8083] Channel cleaned, now 164 active connections and 137 inactive connections
15:53:17.255 [reactor-http-nio-46] DEBUG reactor.netty.http.client.HttpClientOperations - [id: 0x7fca3ae3, L:/127.0.0.1:51782 - R:localhost/127.0.0.1:8083] Received response (auto-read:false) : [Content-Type=application/json, Transfer-Encoding=chunked, Date=Wed, 15 Jun 2022 14:53:15 GMT]
15:53:17.255 [reactor-http-nio-46] DEBUG reactor.netty.resources.PooledConnectionProvider - [id: 0x7fca3ae3, L:/127.0.0.1:51782 - R:localhost/127.0.0.1:8083] onStateChange(GET{uri=/attractions, connection=PooledConnection{channel=[id: 0x7fca3ae3, L:/127.0.0.1:51782 - R:localhost/127.0.0.1:8083]}}, [response_received])
15:53:17.255 [reactor-http-nio-46] DEBUG org.springframework.web.reactive.function.client.ExchangeFunctions - [36a9c220] Response 200 OK
15:53:17.255 [reactor-http-nio-46] DEBUG reactor.netty.channel.FluxReceive - [id: 0x7fca3ae3, L:/127.0.0.1:51782 - R:localhost/127.0.0.1:8083] Subscribing inbound receiver [pending: 0, cancelled:false, inboundDone: false]
15:53:17.255 [reactor-http-nio-46] DEBUG reactor.netty.http.client.HttpClientOperations - [id: 0x7fca3ae3, L:/127.0.0.1:51782 - R:localhost/127.0.0.1:8083] Received last HTTP packet
15:53:17.256 [reactor-http-nio-46] DEBUG org.springframework.core.codec.StringDecoder - [36a9c220] Decoded "[{"longitude":-117.922008,"latitude":33.817595,"attractionName":"Disneyland","city":"Anaheim","stat (truncated)...
15:53:17.256 [reactor-http-nio-46] DEBUG reactor.netty.resources.PooledConnectionProvider - [id: 0x7fca3ae3, L:/127.0.0.1:51782 - R:localhost/127.0.0.1:8083] onStateChange(GET{uri=/attractions, connection=PooledConnection{channel=[id: 0x7fca3ae3, L:/127.0.0.1:51782 - R:localhost/127.0.0.1:8083]}}, [disconnecting])
15:53:17.256 [reactor-http-nio-46] DEBUG reactor.netty.resources.PooledConnectionProvider - [id: 0x7fca3ae3, L:/127.0.0.1:51782 - R:localhost/127.0.0.1:8083] Releasing channel
15:53:17.256 [reactor-http-nio-46] DEBUG reactor.netty.resources.PooledConnectionProvider - [id: 0x7fca3ae3, L:/127.0.0.1:51782 - R:localhost/127.0.0.1:8083] Channel cleaned, now 163 active connections and 138 inactive connections
15:53:17.258 [reactor-http-nio-47] DEBUG reactor.netty.http.client.HttpClientOperations - [id: 0xd0f99d54, L:/127.0.0.1:51843 - R:localhost/127.0.0.1:8083] Received response (auto-read:false) : [Content-Type=application/json, Transfer-Encoding=chunked, Date=Wed, 15 Jun 2022 14:53:15 GMT]
15:53:17.258 [reactor-http-nio-47] DEBUG reactor.netty.resources.PooledConnectionProvider - [id: 0xd0f99d54, L:/127.0.0.1:51843 - R:localhost/127.0.0.1:8083] onStateChange(GET{uri=/attractions, connection=PooledConnection{channel=[id: 0xd0f99d54, L:/127.0.0.1:51843 - R:localhost/127.0.0.1:8083]}}, [response_received])
15:53:17.258 [reactor-http-nio-41] DEBUG reactor.netty.http.client.HttpClientOperations - [id: 0x8ef5774d, L:/127.0.0.1:51762 - R:localhost/127.0.0.1:8083] Received response (auto-read:false) : [Content-Type=application/json, Transfer-Encoding=chunked, Date=Wed, 15 Jun 2022 14:53:15 GMT]
15:53:17.258 [reactor-http-nio-41] DEBUG reactor.netty.resources.PooledConnectionProvider - [id: 0x8ef5774d, L:/127.0.0.1:51762 - R:localhost/127.0.0.1:8083] onStateChange(GET{uri=/attractions, connection=PooledConnection{channel=[id: 0x8ef5774d, L:/127.0.0.1:51762 - R:localhost/127.0.0.1:8083]}}, [response_received])
15:53:17.258 [reactor-http-nio-47] DEBUG org.springframework.web.reactive.function.client.ExchangeFunctions - [38be5368] Response 200 OK
15:53:17.258 [reactor-http-nio-41] DEBUG org.springframework.web.reactive.function.client.ExchangeFunctions - [1e71d989] Response 200 OK
15:53:17.258 [reactor-http-nio-47] DEBUG reactor.netty.channel.FluxReceive - [id: 0xd0f99d54, L:/127.0.0.1:51843 - R:localhost/127.0.0.1:8083] Subscribing inbound receiver [pending: 0, cancelled:false, inboundDone: false]
15:53:17.258 [reactor-http-nio-41] DEBUG reactor.netty.channel.FluxReceive - [id: 0x8ef5774d, L:/127.0.0.1:51762 - R:localhost/127.0.0.1:8083] Subscribing inbound receiver [pending: 0, cancelled:false, inboundDone: false]
15:53:17.259 [reactor-http-nio-47] DEBUG reactor.netty.http.client.HttpClientOperations - [id: 0xd0f99d54, L:/127.0.0.1:51843 - R:localhost/127.0.0.1:8083] Received last HTTP packet
15:53:17.259 [reactor-http-nio-41] DEBUG reactor.netty.http.client.HttpClientOperations - [id: 0x8ef5774d, L:/127.0.0.1:51762 - R:localhost/127.0.0.1:8083] Received last HTTP packet
15:53:17.259 [reactor-http-nio-47] DEBUG org.springframework.core.codec.StringDecoder - [38be5368] Decoded "[{"longitude":-117.922008,"latitude":33.817595,"attractionName":"Disneyland","city":"Anaheim","stat (truncated)...
15:53:17.259 [reactor-http-nio-47] DEBUG reactor.netty.resources.PooledConnectionProvider - [id: 0xd0f99d54, L:/127.0.0.1:51843 - R:localhost/127.0.0.1:8083] onStateChange(GET{uri=/attractions, connection=PooledConnection{channel=[id: 0xd0f99d54, L:/127.0.0.1:51843 - R:localhost/127.0.0.1:8083]}}, [disconnecting])
15:53:17.259 [reactor-http-nio-47] DEBUG reactor.netty.resources.PooledConnectionProvider - [id: 0xd0f99d54, L:/127.0.0.1:51843 - R:localhost/127.0.0.1:8083] Releasing channel
15:53:17.259 [reactor-http-nio-41] DEBUG org.springframework.core.codec.StringDecoder - [1e71d989] Decoded "[{"longitude":-117.922008,"latitude":33.817595,"attractionName":"Disneyland","city":"Anaheim","stat (truncated)...
15:53:17.259 [reactor-http-nio-47] DEBUG reactor.netty.resources.PooledConnectionProvider - [id: 0xd0f99d54, L:/127.0.0.1:51843 - R:localhost/127.0.0.1:8083] Channel cleaned, now 162 active connections and 139 inactive connections
15:53:17.259 [reactor-http-nio-41] DEBUG reactor.netty.resources.PooledConnectionProvider - [id: 0x8ef5774d, L:/127.0.0.1:51762 - R:localhost/127.0.0.1:8083] onStateChange(GET{uri=/attractions, connection=PooledConnection{channel=[id: 0x8ef5774d, L:/127.0.0.1:51762 - R:localhost/127.0.0.1:8083]}}, [disconnecting])
15:53:17.259 [reactor-http-nio-41] DEBUG reactor.netty.resources.PooledConnectionProvider - [id: 0x8ef5774d, L:/127.0.0.1:51762 - R:localhost/127.0.0.1:8083] Releasing channel
15:53:17.259 [reactor-http-nio-41] DEBUG reactor.netty.resources.PooledConnectionProvider - [id: 0x8ef5774d, L:/127.0.0.1:51762 - R:localhost/127.0.0.1:8083] Channel cleaned, now 161 active connections and 140 inactive connections
15:53:17.261 [reactor-http-nio-46] DEBUG reactor.netty.http.client.HttpClientOperations - [id: 0xab4988d5, L:/127.0.0.1:51831 - R:localhost/127.0.0.1:8083] Received response (auto-read:false) : [Content-Type=application/json, Transfer-Encoding=chunked, Date=Wed, 15 Jun 2022 14:53:15 GMT]
15:53:17.261 [reactor-http-nio-46] DEBUG reactor.netty.resources.PooledConnectionProvider - [id: 0xab4988d5, L:/127.0.0.1:51831 - R:localhost/127.0.0.1:8083] onStateChange(GET{uri=/attractions, connection=PooledConnection{channel=[id: 0xab4988d5, L:/127.0.0.1:51831 - R:localhost/127.0.0.1:8083]}}, [response_received])
15:53:17.261 [reactor-http-nio-41] DEBUG reactor.netty.http.client.HttpClientOperations - [id: 0x4f2e6241, L:/127.0.0.1:51772 - R:localhost/127.0.0.1:8083] Received response (auto-read:false) : [Content-Type=application/json, Transfer-Encoding=chunked, Date=Wed, 15 Jun 2022 14:53:15 GMT]
15:53:17.261 [reactor-http-nio-41] DEBUG reactor.netty.resources.PooledConnectionProvider - [id: 0x4f2e6241, L:/127.0.0.1:51772 - R:localhost/127.0.0.1:8083] onStateChange(GET{uri=/attractions, connection=PooledConnection{channel=[id: 0x4f2e6241, L:/127.0.0.1:51772 - R:localhost/127.0.0.1:8083]}}, [response_received])
15:53:17.261 [reactor-http-nio-46] DEBUG org.springframework.web.reactive.function.client.ExchangeFunctions - [794bb51e] Response 200 OK
15:53:17.261 [reactor-http-nio-41] DEBUG org.springframework.web.reactive.function.client.ExchangeFunctions - [4017efde] Response 200 OK
15:53:17.261 [reactor-http-nio-41] DEBUG reactor.netty.channel.FluxReceive - [id: 0x4f2e6241, L:/127.0.0.1:51772 - R:localhost/127.0.0.1:8083] Subscribing inbound receiver [pending: 0, cancelled:false, inboundDone: false]
15:53:17.261 [reactor-http-nio-46] DEBUG reactor.netty.channel.FluxReceive - [id: 0xab4988d5, L:/127.0.0.1:51831 - R:localhost/127.0.0.1:8083] Subscribing inbound receiver [pending: 0, cancelled:false, inboundDone: false]
15:53:17.261 [reactor-http-nio-46] DEBUG reactor.netty.http.client.HttpClientOperations - [id: 0xab4988d5, L:/127.0.0.1:51831 - R:localhost/127.0.0.1:8083] Received last HTTP packet
15:53:17.261 [reactor-http-nio-41] DEBUG reactor.netty.http.client.HttpClientOperations - [id: 0x4f2e6241, L:/127.0.0.1:51772 - R:localhost/127.0.0.1:8083] Received last HTTP packet
15:53:17.261 [reactor-http-nio-41] DEBUG org.springframework.core.codec.StringDecoder - [4017efde] Decoded "[{"longitude":-117.922008,"latitude":33.817595,"attractionName":"Disneyland","city":"Anaheim","stat (truncated)...
15:53:17.261 [reactor-http-nio-46] DEBUG org.springframework.core.codec.StringDecoder - [794bb51e] Decoded "[{"longitude":-117.922008,"latitude":33.817595,"attractionName":"Disneyland","city":"Anaheim","stat (truncated)...
15:53:17.261 [reactor-http-nio-41] DEBUG reactor.netty.resources.PooledConnectionProvider - [id: 0x4f2e6241, L:/127.0.0.1:51772 - R:localhost/127.0.0.1:8083] onStateChange(GET{uri=/attractions, connection=PooledConnection{channel=[id: 0x4f2e6241, L:/127.0.0.1:51772 - R:localhost/127.0.0.1:8083]}}, [disconnecting])
15:53:17.261 [reactor-http-nio-46] DEBUG reactor.netty.resources.PooledConnectionProvider - [id: 0xab4988d5, L:/127.0.0.1:51831 - R:localhost/127.0.0.1:8083] onStateChange(GET{uri=/attractions, connection=PooledConnection{channel=[id: 0xab4988d5, L:/127.0.0.1:51831 - R:localhost/127.0.0.1:8083]}}, [disconnecting])
15:53:17.262 [reactor-http-nio-46] DEBUG reactor.netty.resources.PooledConnectionProvider - [id: 0xab4988d5, L:/127.0.0.1:51831 - R:localhost/127.0.0.1:8083] Releasing channel
15:53:17.262 [reactor-http-nio-46] DEBUG reactor.netty.resources.PooledConnectionProvider - [id: 0xab4988d5, L:/127.0.0.1:51831 - R:localhost/127.0.0.1:8083] Channel cleaned, now 160 active connections and 141 inactive connections
15:53:17.261 [reactor-http-nio-41] DEBUG reactor.netty.resources.PooledConnectionProvider - [id: 0x4f2e6241, L:/127.0.0.1:51772 - R:localhost/127.0.0.1:8083] Releasing channel
15:53:17.262 [reactor-http-nio-41] DEBUG reactor.netty.resources.PooledConnectionProvider - [id: 0x4f2e6241, L:/127.0.0.1:51772 - R:localhost/127.0.0.1:8083] Channel cleaned, now 159 active connections and 142 inactive connections
15:53:17.270 [pool-4-thread-40] DEBUG org.springframework.web.reactive.function.client.ExchangeFunctions - [5fed4255] HTTP GET http://localhost:8084/attractionRewardPoint?attractionId=075e5a6e-5694-49bd-90f2-c36d3012ba18&userId=24d6dc0e-82c9-4e5d-b55f-bfa77524f2c2
15:53:17.272 [reactor-http-nio-47] DEBUG reactor.netty.resources.PooledConnectionProvider - [id: 0x33260c67] Created new pooled channel, now 39 active connections and 1 inactive connections
15:53:17.272 [reactor-http-nio-47] DEBUG reactor.netty.channel.BootstrapHandlers - [id: 0x33260c67] Initialized pipeline DefaultChannelPipeline{(BootstrapHandlers$BootstrapInitializerHandler#0 = reactor.netty.channel.BootstrapHandlers$BootstrapInitializerHandler), (SimpleChannelPool$1#0 = io.netty.channel.pool.SimpleChannelPool$1), (reactor.left.httpCodec = io.netty.handler.codec.http.HttpClientCodec), (reactor.left.decompressor = io.netty.handler.codec.http.HttpContentDecompressor), (reactor.right.reactiveBridge = reactor.netty.channel.ChannelOperationsHandler)}
15:53:17.272 [pool-4-thread-41] DEBUG org.springframework.web.reactive.function.client.ExchangeFunctions - [49b7ecdc] HTTP GET http://localhost:8084/attractionRewardPoint?attractionId=3ca6670b-4f92-479a-89cc-93181710f956&userId=86b96852-f137-496f-85ff-f5970a77d168
15:53:17.273 [reactor-http-nio-47] DEBUG reactor.netty.resources.PooledConnectionProvider - [id: 0x33260c67, L:/127.0.0.1:52020 - R:localhost/127.0.0.1:8084] onStateChange(PooledConnection{channel=[id: 0x33260c67, L:/127.0.0.1:52020 - R:localhost/127.0.0.1:8084]}, [connected])
15:53:17.273 [reactor-http-nio-47] DEBUG reactor.netty.resources.PooledConnectionProvider - [id: 0x33260c67, L:/127.0.0.1:52020 - R:localhost/127.0.0.1:8084] onStateChange(GET{uri=/, connection=PooledConnection{channel=[id: 0x33260c67, L:/127.0.0.1:52020 - R:localhost/127.0.0.1:8084]}}, [configured])
15:53:17.274 [reactor-http-nio-41] DEBUG reactor.netty.resources.PooledConnectionProvider - [id: 0x6551a9eb] Created new pooled channel, now 39 active connections and 2 inactive connections
15:53:17.274 [reactor-http-nio-47] DEBUG reactor.netty.resources.PooledConnectionProvider - [id: 0x33260c67, L:/127.0.0.1:52020 - R:localhost/127.0.0.1:8084] Registering pool release on close event for channel
15:53:17.274 [reactor-http-nio-47] DEBUG reactor.netty.http.client.HttpClientConnect - [id: 0x33260c67, L:/127.0.0.1:52020 - R:localhost/127.0.0.1:8084] Handler is being applied: {uri=http://localhost:8084/attractionRewardPoint?attractionId=075e5a6e-5694-49bd-90f2-c36d3012ba18&userId=24d6dc0e-82c9-4e5d-b55f-bfa77524f2c2, method=GET}
15:53:17.274 [reactor-http-nio-41] DEBUG reactor.netty.channel.BootstrapHandlers - [id: 0x6551a9eb] Initialized pipeline DefaultChannelPipeline{(BootstrapHandlers$BootstrapInitializerHandler#0 = reactor.netty.channel.BootstrapHandlers$BootstrapInitializerHandler), (SimpleChannelPool$1#0 = io.netty.channel.pool.SimpleChannelPool$1), (reactor.left.httpCodec = io.netty.handler.codec.http.HttpClientCodec), (reactor.left.decompressor = io.netty.handler.codec.http.HttpContentDecompressor), (reactor.right.reactiveBridge = reactor.netty.channel.ChannelOperationsHandler)}
15:53:17.276 [reactor-http-nio-47] DEBUG reactor.netty.resources.PooledConnectionProvider - [id: 0x33260c67, L:/127.0.0.1:52020 - R:localhost/127.0.0.1:8084] onStateChange(GET{uri=/attractionRewardPoint?attractionId=075e5a6e-5694-49bd-90f2-c36d3012ba18&userId=24d6dc0e-82c9-4e5d-b55f-bfa77524f2c2, connection=PooledConnection{channel=[id: 0x33260c67, L:/127.0.0.1:52020 - R:localhost/127.0.0.1:8084]}}, [request_sent])
15:53:17.276 [reactor-http-nio-47] DEBUG reactor.netty.resources.PooledConnectionProvider - [id: 0x33260c67, L:/127.0.0.1:52020 - R:localhost/127.0.0.1:8084] Channel connected, now 40 active connections and 1 inactive connections
15:53:17.277 [pool-4-thread-42] DEBUG org.springframework.web.reactive.function.client.ExchangeFunctions - [22266922] HTTP GET http://localhost:8084/attractionRewardPoint?attractionId=26fa7eac-c910-4386-a9fe-2d81ff752968&userId=7ab0801e-c6de-40b2-8af7-08768f7e5009
15:53:17.277 [reactor-http-nio-41] DEBUG reactor.netty.resources.PooledConnectionProvider - [id: 0x6551a9eb, L:/127.0.0.1:52021 - R:localhost/127.0.0.1:8084] onStateChange(PooledConnection{channel=[id: 0x6551a9eb, L:/127.0.0.1:52021 - R:localhost/127.0.0.1:8084]}, [connected])
15:53:17.277 [reactor-http-nio-41] DEBUG reactor.netty.resources.PooledConnectionProvider - [id: 0x6551a9eb, L:/127.0.0.1:52021 - R:localhost/127.0.0.1:8084] onStateChange(GET{uri=/, connection=PooledConnection{channel=[id: 0x6551a9eb, L:/127.0.0.1:52021 - R:localhost/127.0.0.1:8084]}}, [configured])
15:53:17.278 [reactor-http-nio-41] DEBUG reactor.netty.resources.PooledConnectionProvider - [id: 0x6551a9eb, L:/127.0.0.1:52021 - R:localhost/127.0.0.1:8084] Registering pool release on close event for channel
15:53:17.278 [reactor-http-nio-41] DEBUG reactor.netty.http.client.HttpClientConnect - [id: 0x6551a9eb, L:/127.0.0.1:52021 - R:localhost/127.0.0.1:8084] Handler is being applied: {uri=http://localhost:8084/attractionRewardPoint?attractionId=3ca6670b-4f92-479a-89cc-93181710f956&userId=86b96852-f137-496f-85ff-f5970a77d168, method=GET}
15:53:17.279 [reactor-http-nio-47] DEBUG reactor.netty.resources.PooledConnectionProvider - [id: 0xa04033af] Created new pooled channel, now 41 active connections and 1 inactive connections
15:53:17.279 [reactor-http-nio-47] DEBUG reactor.netty.channel.BootstrapHandlers - [id: 0xa04033af] Initialized pipeline DefaultChannelPipeline{(BootstrapHandlers$BootstrapInitializerHandler#0 = reactor.netty.channel.BootstrapHandlers$BootstrapInitializerHandler), (SimpleChannelPool$1#0 = io.netty.channel.pool.SimpleChannelPool$1), (reactor.left.httpCodec = io.netty.handler.codec.http.HttpClientCodec), (reactor.left.decompressor = io.netty.handler.codec.http.HttpContentDecompressor), (reactor.right.reactiveBridge = reactor.netty.channel.ChannelOperationsHandler)}
15:53:17.279 [reactor-http-nio-41] DEBUG reactor.netty.resources.PooledConnectionProvider - [id: 0x6551a9eb, L:/127.0.0.1:52021 - R:localhost/127.0.0.1:8084] onStateChange(GET{uri=/attractionRewardPoint?attractionId=3ca6670b-4f92-479a-89cc-93181710f956&userId=86b96852-f137-496f-85ff-f5970a77d168, connection=PooledConnection{channel=[id: 0x6551a9eb, L:/127.0.0.1:52021 - R:localhost/127.0.0.1:8084]}}, [request_sent])
15:53:17.279 [reactor-http-nio-41] DEBUG reactor.netty.resources.PooledConnectionProvider - [id: 0x6551a9eb, L:/127.0.0.1:52021 - R:localhost/127.0.0.1:8084] Channel connected, now 41 active connections and 1 inactive connections
15:53:17.281 [reactor-http-nio-47] DEBUG reactor.netty.resources.PooledConnectionProvider - [id: 0xa04033af, L:/127.0.0.1:52022 - R:localhost/127.0.0.1:8084] onStateChange(PooledConnection{channel=[id: 0xa04033af, L:/127.0.0.1:52022 - R:localhost/127.0.0.1:8084]}, [connected])
15:53:17.281 [reactor-http-nio-47] DEBUG reactor.netty.resources.PooledConnectionProvider - [id: 0xa04033af, L:/127.0.0.1:52022 - R:localhost/127.0.0.1:8084] onStateChange(GET{uri=/, connection=PooledConnection{channel=[id: 0xa04033af, L:/127.0.0.1:52022 - R:localhost/127.0.0.1:8084]}}, [configured])
15:53:17.281 [reactor-http-nio-47] DEBUG reactor.netty.resources.PooledConnectionProvider - [id: 0xa04033af, L:/127.0.0.1:52022 - R:localhost/127.0.0.1:8084] Registering pool release on close event for channel
15:53:17.281 [pool-4-thread-43] DEBUG org.springframework.web.reactive.function.client.ExchangeFunctions - [77a81c11] HTTP GET http://localhost:8084/attractionRewardPoint?attractionId=11417ccc-5047-4ebc-9aa1-e5f1b09dbaf6&userId=82b29bb7-3818-4c7e-a650-0ae9da3921af
15:53:17.281 [reactor-http-nio-47] DEBUG reactor.netty.http.client.HttpClientConnect - [id: 0xa04033af, L:/127.0.0.1:52022 - R:localhost/127.0.0.1:8084] Handler is being applied: {uri=http://localhost:8084/attractionRewardPoint?attractionId=26fa7eac-c910-4386-a9fe-2d81ff752968&userId=7ab0801e-c6de-40b2-8af7-08768f7e5009, method=GET}
15:53:17.281 [reactor-http-nio-47] DEBUG reactor.netty.resources.PooledConnectionProvider - [id: 0xa04033af, L:/127.0.0.1:52022 - R:localhost/127.0.0.1:8084] onStateChange(GET{uri=/attractionRewardPoint?attractionId=26fa7eac-c910-4386-a9fe-2d81ff752968&userId=7ab0801e-c6de-40b2-8af7-08768f7e5009, connection=PooledConnection{channel=[id: 0xa04033af, L:/127.0.0.1:52022 - R:localhost/127.0.0.1:8084]}}, [request_sent])
15:53:17.282 [reactor-http-nio-47] DEBUG reactor.netty.resources.PooledConnectionProvider - [id: 0xa04033af, L:/127.0.0.1:52022 - R:localhost/127.0.0.1:8084] Channel connected, now 42 active connections and 0 inactive connections
15:53:17.283 [reactor-http-nio-41] DEBUG reactor.netty.http.client.HttpClientOperations - [id: 0x9badb85a, L:/127.0.0.1:51726 - R:localhost/127.0.0.1:8083] Received response (auto-read:false) : [Content-Type=application/json, Transfer-Encoding=chunked, Date=Wed, 15 Jun 2022 14:53:16 GMT]
15:53:17.283 [reactor-http-nio-41] DEBUG reactor.netty.resources.PooledConnectionProvider - [id: 0x9badb85a, L:/127.0.0.1:51726 - R:localhost/127.0.0.1:8083] onStateChange(GET{uri=/attractions, connection=PooledConnection{channel=[id: 0x9badb85a, L:/127.0.0.1:51726 - R:localhost/127.0.0.1:8083]}}, [response_received])
15:53:17.283 [reactor-http-nio-41] DEBUG org.springframework.web.reactive.function.client.ExchangeFunctions - [6ad4c103] Response 200 OK
15:53:17.283 [reactor-http-nio-41] DEBUG reactor.netty.channel.FluxReceive - [id: 0x9badb85a, L:/127.0.0.1:51726 - R:localhost/127.0.0.1:8083] Subscribing inbound receiver [pending: 0, cancelled:false, inboundDone: false]
15:53:17.283 [reactor-http-nio-46] DEBUG reactor.netty.http.client.HttpClientOperations - [id: 0x3561676c, L:/127.0.0.1:51742 - R:localhost/127.0.0.1:8083] Received response (auto-read:false) : [Content-Type=application/json, Transfer-Encoding=chunked, Date=Wed, 15 Jun 2022 14:53:15 GMT]
15:53:17.283 [reactor-http-nio-46] DEBUG reactor.netty.resources.PooledConnectionProvider - [id: 0x3561676c, L:/127.0.0.1:51742 - R:localhost/127.0.0.1:8083] onStateChange(GET{uri=/attractions, connection=PooledConnection{channel=[id: 0x3561676c, L:/127.0.0.1:51742 - R:localhost/127.0.0.1:8083]}}, [response_received])
15:53:17.283 [reactor-http-nio-46] DEBUG org.springframework.web.reactive.function.client.ExchangeFunctions - [39916017] Response 200 OK
15:53:17.283 [reactor-http-nio-41] DEBUG reactor.netty.http.client.HttpClientOperations - [id: 0x9badb85a, L:/127.0.0.1:51726 - R:localhost/127.0.0.1:8083] Received last HTTP packet
15:53:17.283 [reactor-http-nio-46] DEBUG reactor.netty.channel.FluxReceive - [id: 0x3561676c, L:/127.0.0.1:51742 - R:localhost/127.0.0.1:8083] Subscribing inbound receiver [pending: 0, cancelled:false, inboundDone: false]
15:53:17.283 [reactor-http-nio-41] DEBUG org.springframework.core.codec.StringDecoder - [6ad4c103] Decoded "[{"longitude":-117.922008,"latitude":33.817595,"attractionName":"Disneyland","city":"Anaheim","stat (truncated)...
15:53:17.283 [reactor-http-nio-41] DEBUG reactor.netty.resources.PooledConnectionProvider - [id: 0x9badb85a, L:/127.0.0.1:51726 - R:localhost/127.0.0.1:8083] onStateChange(GET{uri=/attractions, connection=PooledConnection{channel=[id: 0x9badb85a, L:/127.0.0.1:51726 - R:localhost/127.0.0.1:8083]}}, [disconnecting])
15:53:17.283 [reactor-http-nio-41] DEBUG reactor.netty.resources.PooledConnectionProvider - [id: 0x9badb85a, L:/127.0.0.1:51726 - R:localhost/127.0.0.1:8083] Releasing channel
15:53:17.283 [reactor-http-nio-41] DEBUG reactor.netty.resources.PooledConnectionProvider - [id: 0x9badb85a, L:/127.0.0.1:51726 - R:localhost/127.0.0.1:8083] Channel cleaned, now 158 active connections and 143 inactive connections
15:53:17.283 [reactor-http-nio-46] DEBUG reactor.netty.http.client.HttpClientOperations - [id: 0x3561676c, L:/127.0.0.1:51742 - R:localhost/127.0.0.1:8083] Received last HTTP packet
15:53:17.283 [reactor-http-nio-41] DEBUG reactor.netty.resources.PooledConnectionProvider - [id: 0x26d70b41] Created new pooled channel, now 42 active connections and 1 inactive connections
15:53:17.283 [reactor-http-nio-46] DEBUG org.springframework.core.codec.StringDecoder - [39916017] Decoded "[{"longitude":-117.922008,"latitude":33.817595,"attractionName":"Disneyland","city":"Anaheim","stat (truncated)...
15:53:17.283 [reactor-http-nio-41] DEBUG reactor.netty.channel.BootstrapHandlers - [id: 0x26d70b41] Initialized pipeline DefaultChannelPipeline{(BootstrapHandlers$BootstrapInitializerHandler#0 = reactor.netty.channel.BootstrapHandlers$BootstrapInitializerHandler), (SimpleChannelPool$1#0 = io.netty.channel.pool.SimpleChannelPool$1), (reactor.left.httpCodec = io.netty.handler.codec.http.HttpClientCodec), (reactor.left.decompressor = io.netty.handler.codec.http.HttpContentDecompressor), (reactor.right.reactiveBridge = reactor.netty.channel.ChannelOperationsHandler)}
15:53:17.283 [reactor-http-nio-46] DEBUG reactor.netty.resources.PooledConnectionProvider - [id: 0x3561676c, L:/127.0.0.1:51742 - R:localhost/127.0.0.1:8083] onStateChange(GET{uri=/attractions, connection=PooledConnection{channel=[id: 0x3561676c, L:/127.0.0.1:51742 - R:localhost/127.0.0.1:8083]}}, [disconnecting])
15:53:17.284 [reactor-http-nio-46] DEBUG reactor.netty.resources.PooledConnectionProvider - [id: 0x3561676c, L:/127.0.0.1:51742 - R:localhost/127.0.0.1:8083] Releasing channel
15:53:17.284 [reactor-http-nio-46] DEBUG reactor.netty.resources.PooledConnectionProvider - [id: 0x3561676c, L:/127.0.0.1:51742 - R:localhost/127.0.0.1:8083] Channel cleaned, now 157 active connections and 144 inactive connections
15:53:17.284 [reactor-http-nio-41] DEBUG reactor.netty.http.client.HttpClientOperations - [id: 0xa0063317, L:/127.0.0.1:51720 - R:localhost/127.0.0.1:8083] Received response (auto-read:false) : [Content-Type=application/json, Transfer-Encoding=chunked, Date=Wed, 15 Jun 2022 14:53:15 GMT]
15:53:17.284 [reactor-http-nio-41] DEBUG reactor.netty.resources.PooledConnectionProvider - [id: 0xa0063317, L:/127.0.0.1:51720 - R:localhost/127.0.0.1:8083] onStateChange(GET{uri=/attractions, connection=PooledConnection{channel=[id: 0xa0063317, L:/127.0.0.1:51720 - R:localhost/127.0.0.1:8083]}}, [response_received])
15:53:17.284 [reactor-http-nio-41] DEBUG org.springframework.web.reactive.function.client.ExchangeFunctions - [589d797c] Response 200 OK
15:53:17.285 [reactor-http-nio-41] DEBUG reactor.netty.channel.FluxReceive - [id: 0xa0063317, L:/127.0.0.1:51720 - R:localhost/127.0.0.1:8083] Subscribing inbound receiver [pending: 0, cancelled:false, inboundDone: false]
15:53:17.285 [reactor-http-nio-41] DEBUG reactor.netty.http.client.HttpClientOperations - [id: 0xa0063317, L:/127.0.0.1:51720 - R:localhost/127.0.0.1:8083] Received last HTTP packet
15:53:17.285 [reactor-http-nio-41] DEBUG org.springframework.core.codec.StringDecoder - [589d797c] Decoded "[{"longitude":-117.922008,"latitude":33.817595,"attractionName":"Disneyland","city":"Anaheim","stat (truncated)...
15:53:17.285 [reactor-http-nio-41] DEBUG reactor.netty.resources.PooledConnectionProvider - [id: 0xa0063317, L:/127.0.0.1:51720 - R:localhost/127.0.0.1:8083] onStateChange(GET{uri=/attractions, connection=PooledConnection{channel=[id: 0xa0063317, L:/127.0.0.1:51720 - R:localhost/127.0.0.1:8083]}}, [disconnecting])
15:53:17.285 [reactor-http-nio-41] DEBUG reactor.netty.resources.PooledConnectionProvider - [id: 0xa0063317, L:/127.0.0.1:51720 - R:localhost/127.0.0.1:8083] Releasing channel
15:53:17.285 [reactor-http-nio-41] DEBUG reactor.netty.resources.PooledConnectionProvider - [id: 0xa0063317, L:/127.0.0.1:51720 - R:localhost/127.0.0.1:8083] Channel cleaned, now 156 active connections and 145 inactive connections
15:53:17.286 [reactor-http-nio-41] DEBUG reactor.netty.http.client.HttpClientOperations - [id: 0x93777bf1, L:/127.0.0.1:51766 - R:localhost/127.0.0.1:8083] Received response (auto-read:false) : [Content-Type=application/json, Transfer-Encoding=chunked, Date=Wed, 15 Jun 2022 14:53:15 GMT]
15:53:17.286 [reactor-http-nio-41] DEBUG reactor.netty.resources.PooledConnectionProvider - [id: 0x93777bf1, L:/127.0.0.1:51766 - R:localhost/127.0.0.1:8083] onStateChange(GET{uri=/attractions, connection=PooledConnection{channel=[id: 0x93777bf1, L:/127.0.0.1:51766 - R:localhost/127.0.0.1:8083]}}, [response_received])
15:53:17.286 [reactor-http-nio-41] DEBUG org.springframework.web.reactive.function.client.ExchangeFunctions - [68d6d775] Response 200 OK
15:53:17.286 [reactor-http-nio-41] DEBUG reactor.netty.channel.FluxReceive - [id: 0x93777bf1, L:/127.0.0.1:51766 - R:localhost/127.0.0.1:8083] Subscribing inbound receiver [pending: 0, cancelled:false, inboundDone: false]
15:53:17.286 [reactor-http-nio-41] DEBUG reactor.netty.http.client.HttpClientOperations - [id: 0x93777bf1, L:/127.0.0.1:51766 - R:localhost/127.0.0.1:8083] Received last HTTP packet
15:53:17.286 [reactor-http-nio-41] DEBUG org.springframework.core.codec.StringDecoder - [68d6d775] Decoded "[{"longitude":-117.922008,"latitude":33.817595,"attractionName":"Disneyland","city":"Anaheim","stat (truncated)...
15:53:17.286 [reactor-http-nio-41] DEBUG reactor.netty.resources.PooledConnectionProvider - [id: 0x93777bf1, L:/127.0.0.1:51766 - R:localhost/127.0.0.1:8083] onStateChange(GET{uri=/attractions, connection=PooledConnection{channel=[id: 0x93777bf1, L:/127.0.0.1:51766 - R:localhost/127.0.0.1:8083]}}, [disconnecting])
15:53:17.286 [reactor-http-nio-41] DEBUG reactor.netty.resources.PooledConnectionProvider - [id: 0x93777bf1, L:/127.0.0.1:51766 - R:localhost/127.0.0.1:8083] Releasing channel
15:53:17.287 [reactor-http-nio-41] DEBUG reactor.netty.resources.PooledConnectionProvider - [id: 0x93777bf1, L:/127.0.0.1:51766 - R:localhost/127.0.0.1:8083] Channel cleaned, now 155 active connections and 146 inactive connections
15:53:17.287 [reactor-http-nio-41] DEBUG reactor.netty.resources.PooledConnectionProvider - [id: 0x26d70b41, L:/127.0.0.1:52023 - R:localhost/127.0.0.1:8084] onStateChange(PooledConnection{channel=[id: 0x26d70b41, L:/127.0.0.1:52023 - R:localhost/127.0.0.1:8084]}, [connected])
15:53:17.287 [reactor-http-nio-41] DEBUG reactor.netty.resources.PooledConnectionProvider - [id: 0x26d70b41, L:/127.0.0.1:52023 - R:localhost/127.0.0.1:8084] onStateChange(GET{uri=/, connection=PooledConnection{channel=[id: 0x26d70b41, L:/127.0.0.1:52023 - R:localhost/127.0.0.1:8084]}}, [configured])
15:53:17.288 [reactor-http-nio-41] DEBUG reactor.netty.resources.PooledConnectionProvider - [id: 0x26d70b41, L:/127.0.0.1:52023 - R:localhost/127.0.0.1:8084] Registering pool release on close event for channel
15:53:17.288 [reactor-http-nio-41] DEBUG reactor.netty.http.client.HttpClientConnect - [id: 0x26d70b41, L:/127.0.0.1:52023 - R:localhost/127.0.0.1:8084] Handler is being applied: {uri=http://localhost:8084/attractionRewardPoint?attractionId=11417ccc-5047-4ebc-9aa1-e5f1b09dbaf6&userId=82b29bb7-3818-4c7e-a650-0ae9da3921af, method=GET}
15:53:17.289 [reactor-http-nio-41] DEBUG reactor.netty.resources.PooledConnectionProvider - [id: 0x26d70b41, L:/127.0.0.1:52023 - R:localhost/127.0.0.1:8084] onStateChange(GET{uri=/attractionRewardPoint?attractionId=11417ccc-5047-4ebc-9aa1-e5f1b09dbaf6&userId=82b29bb7-3818-4c7e-a650-0ae9da3921af, connection=PooledConnection{channel=[id: 0x26d70b41, L:/127.0.0.1:52023 - R:localhost/127.0.0.1:8084]}}, [request_sent])
15:53:17.289 [reactor-http-nio-41] DEBUG reactor.netty.resources.PooledConnectionProvider - [id: 0x26d70b41, L:/127.0.0.1:52023 - R:localhost/127.0.0.1:8084] Channel connected, now 43 active connections and 0 inactive connections
15:53:17.290 [Test worker] DEBUG org.springframework.web.reactive.function.client.ExchangeFunctions - [45c9b3] HTTP GET http://localhost:8083/attractions
15:53:17.290 [reactor-http-nio-46] DEBUG reactor.netty.http.client.HttpClientOperations - [id: 0x814e535a, L:/127.0.0.1:51791 - R:localhost/127.0.0.1:8083] Received response (auto-read:false) : [Content-Type=application/json, Transfer-Encoding=chunked, Date=Wed, 15 Jun 2022 14:53:15 GMT]
15:53:17.290 [reactor-http-nio-46] DEBUG reactor.netty.resources.PooledConnectionProvider - [id: 0x814e535a, L:/127.0.0.1:51791 - R:localhost/127.0.0.1:8083] onStateChange(GET{uri=/attractions, connection=PooledConnection{channel=[id: 0x814e535a, L:/127.0.0.1:51791 - R:localhost/127.0.0.1:8083]}}, [response_received])
15:53:17.290 [reactor-http-nio-46] DEBUG org.springframework.web.reactive.function.client.ExchangeFunctions - [6b77ec32] Response 200 OK
15:53:17.291 [reactor-http-nio-46] DEBUG reactor.netty.channel.FluxReceive - [id: 0x814e535a, L:/127.0.0.1:51791 - R:localhost/127.0.0.1:8083] Subscribing inbound receiver [pending: 0, cancelled:false, inboundDone: false]
15:53:17.291 [reactor-http-nio-46] DEBUG reactor.netty.http.client.HttpClientOperations - [id: 0x814e535a, L:/127.0.0.1:51791 - R:localhost/127.0.0.1:8083] Received last HTTP packet
15:53:17.291 [reactor-http-nio-46] DEBUG org.springframework.core.codec.StringDecoder - [6b77ec32] Decoded "[{"longitude":-117.922008,"latitude":33.817595,"attractionName":"Disneyland","city":"Anaheim","stat (truncated)...
15:53:17.291 [reactor-http-nio-46] DEBUG reactor.netty.resources.PooledConnectionProvider - [id: 0x814e535a, L:/127.0.0.1:51791 - R:localhost/127.0.0.1:8083] onStateChange(GET{uri=/attractions, connection=PooledConnection{channel=[id: 0x814e535a, L:/127.0.0.1:51791 - R:localhost/127.0.0.1:8083]}}, [disconnecting])
15:53:17.291 [reactor-http-nio-46] DEBUG reactor.netty.resources.PooledConnectionProvider - [id: 0x814e535a, L:/127.0.0.1:51791 - R:localhost/127.0.0.1:8083] Releasing channel
15:53:17.291 [reactor-http-nio-46] DEBUG reactor.netty.resources.PooledConnectionProvider - [id: 0x814e535a, L:/127.0.0.1:51791 - R:localhost/127.0.0.1:8083] Channel cleaned, now 154 active connections and 147 inactive connections
15:53:17.292 [reactor-http-nio-47] DEBUG reactor.netty.resources.PooledConnectionProvider - [id: 0x71dba838, L:/127.0.0.1:51683 - R:localhost/127.0.0.1:8083] Channel acquired, now 155 active connections and 146 inactive connections
15:53:17.292 [reactor-http-nio-47] DEBUG reactor.netty.http.client.HttpClientConnect - [id: 0x71dba838, L:/127.0.0.1:51683 - R:localhost/127.0.0.1:8083] Handler is being applied: {uri=http://localhost:8083/attractions, method=GET}
15:53:17.292 [reactor-http-nio-47] DEBUG reactor.netty.resources.PooledConnectionProvider - [id: 0x71dba838, L:/127.0.0.1:51683 - R:localhost/127.0.0.1:8083] onStateChange(GET{uri=/attractions, connection=PooledConnection{channel=[id: 0x71dba838, L:/127.0.0.1:51683 - R:localhost/127.0.0.1:8083]}}, [request_sent])
15:53:17.293 [reactor-http-nio-46] DEBUG reactor.netty.http.client.HttpClientOperations - [id: 0xbb1400e4, L:/127.0.0.1:51826 - R:localhost/127.0.0.1:8083] Received response (auto-read:false) : [Content-Type=application/json, Transfer-Encoding=chunked, Date=Wed, 15 Jun 2022 14:53:15 GMT]
15:53:17.293 [reactor-http-nio-46] DEBUG reactor.netty.resources.PooledConnectionProvider - [id: 0xbb1400e4, L:/127.0.0.1:51826 - R:localhost/127.0.0.1:8083] onStateChange(GET{uri=/attractions, connection=PooledConnection{channel=[id: 0xbb1400e4, L:/127.0.0.1:51826 - R:localhost/127.0.0.1:8083]}}, [response_received])
15:53:17.293 [reactor-http-nio-41] DEBUG reactor.netty.http.client.HttpClientOperations - [id: 0x35df572e, L:/127.0.0.1:51740 - R:localhost/127.0.0.1:8083] Received response (auto-read:false) : [Content-Type=application/json, Transfer-Encoding=chunked, Date=Wed, 15 Jun 2022 14:53:15 GMT]
15:53:17.293 [reactor-http-nio-46] DEBUG org.springframework.web.reactive.function.client.ExchangeFunctions - [678b095a] Response 200 OK
15:53:17.293 [reactor-http-nio-41] DEBUG reactor.netty.resources.PooledConnectionProvider - [id: 0x35df572e, L:/127.0.0.1:51740 - R:localhost/127.0.0.1:8083] onStateChange(GET{uri=/attractions, connection=PooledConnection{channel=[id: 0x35df572e, L:/127.0.0.1:51740 - R:localhost/127.0.0.1:8083]}}, [response_received])
15:53:17.294 [reactor-http-nio-41] DEBUG org.springframework.web.reactive.function.client.ExchangeFunctions - [1471cbcc] Response 200 OK
15:53:17.294 [reactor-http-nio-41] DEBUG reactor.netty.channel.FluxReceive - [id: 0x35df572e, L:/127.0.0.1:51740 - R:localhost/127.0.0.1:8083] Subscribing inbound receiver [pending: 0, cancelled:false, inboundDone: false]
15:53:17.294 [reactor-http-nio-46] DEBUG reactor.netty.channel.FluxReceive - [id: 0xbb1400e4, L:/127.0.0.1:51826 - R:localhost/127.0.0.1:8083] Subscribing inbound receiver [pending: 0, cancelled:false, inboundDone: false]
15:53:17.294 [reactor-http-nio-46] DEBUG reactor.netty.http.client.HttpClientOperations - [id: 0xbb1400e4, L:/127.0.0.1:51826 - R:localhost/127.0.0.1:8083] Received last HTTP packet
15:53:17.294 [reactor-http-nio-41] DEBUG reactor.netty.http.client.HttpClientOperations - [id: 0x35df572e, L:/127.0.0.1:51740 - R:localhost/127.0.0.1:8083] Received last HTTP packet
15:53:17.294 [reactor-http-nio-46] DEBUG org.springframework.core.codec.StringDecoder - [678b095a] Decoded "[{"longitude":-117.922008,"latitude":33.817595,"attractionName":"Disneyland","city":"Anaheim","stat (truncated)...
15:53:17.294 [reactor-http-nio-41] DEBUG org.springframework.core.codec.StringDecoder - [1471cbcc] Decoded "[{"longitude":-117.922008,"latitude":33.817595,"attractionName":"Disneyland","city":"Anaheim","stat (truncated)...
15:53:17.294 [reactor-http-nio-46] DEBUG reactor.netty.resources.PooledConnectionProvider - [id: 0xbb1400e4, L:/127.0.0.1:51826 - R:localhost/127.0.0.1:8083] onStateChange(GET{uri=/attractions, connection=PooledConnection{channel=[id: 0xbb1400e4, L:/127.0.0.1:51826 - R:localhost/127.0.0.1:8083]}}, [disconnecting])
15:53:17.294 [reactor-http-nio-46] DEBUG reactor.netty.resources.PooledConnectionProvider - [id: 0xbb1400e4, L:/127.0.0.1:51826 - R:localhost/127.0.0.1:8083] Releasing channel
15:53:17.294 [reactor-http-nio-46] DEBUG reactor.netty.resources.PooledConnectionProvider - [id: 0xbb1400e4, L:/127.0.0.1:51826 - R:localhost/127.0.0.1:8083] Channel cleaned, now 154 active connections and 147 inactive connections
15:53:17.294 [reactor-http-nio-41] DEBUG reactor.netty.resources.PooledConnectionProvider - [id: 0x35df572e, L:/127.0.0.1:51740 - R:localhost/127.0.0.1:8083] onStateChange(GET{uri=/attractions, connection=PooledConnection{channel=[id: 0x35df572e, L:/127.0.0.1:51740 - R:localhost/127.0.0.1:8083]}}, [disconnecting])
15:53:17.294 [reactor-http-nio-41] DEBUG reactor.netty.resources.PooledConnectionProvider - [id: 0x35df572e, L:/127.0.0.1:51740 - R:localhost/127.0.0.1:8083] Releasing channel
15:53:17.294 [reactor-http-nio-41] DEBUG reactor.netty.resources.PooledConnectionProvider - [id: 0x35df572e, L:/127.0.0.1:51740 - R:localhost/127.0.0.1:8083] Channel cleaned, now 153 active connections and 148 inactive connections
15:53:17.297 [reactor-http-nio-47] DEBUG reactor.netty.http.client.HttpClientOperations - [id: 0x89da56b3, L:/127.0.0.1:51895 - R:localhost/127.0.0.1:8083] Received response (auto-read:false) : [Content-Type=application/json, Transfer-Encoding=chunked, Date=Wed, 15 Jun 2022 14:53:15 GMT]
15:53:17.297 [reactor-http-nio-47] DEBUG reactor.netty.resources.PooledConnectionProvider - [id: 0x89da56b3, L:/127.0.0.1:51895 - R:localhost/127.0.0.1:8083] onStateChange(GET{uri=/userLocation?userId=0791e4eb-a7d3-4f0b-a1a1-3e46b98a228c, connection=PooledConnection{channel=[id: 0x89da56b3, L:/127.0.0.1:51895 - R:localhost/127.0.0.1:8083]}}, [response_received])
15:53:17.297 [reactor-http-nio-48] DEBUG reactor.netty.http.client.HttpClientOperations - [id: 0x7b10d5b9, L:/127.0.0.1:51958 - R:localhost/127.0.0.1:8083] Received response (auto-read:false) : [Content-Type=application/json, Transfer-Encoding=chunked, Date=Wed, 15 Jun 2022 14:53:15 GMT]
15:53:17.297 [reactor-http-nio-48] DEBUG reactor.netty.resources.PooledConnectionProvider - [id: 0x7b10d5b9, L:/127.0.0.1:51958 - R:localhost/127.0.0.1:8083] onStateChange(GET{uri=/userLocation?userId=6bdb1add-d231-4dcc-939c-eccb85e54577, connection=PooledConnection{channel=[id: 0x7b10d5b9, L:/127.0.0.1:51958 - R:localhost/127.0.0.1:8083]}}, [response_received])
15:53:17.297 [reactor-http-nio-47] DEBUG org.springframework.web.reactive.function.client.ExchangeFunctions - [4cfe022] Response 200 OK
15:53:17.297 [reactor-http-nio-48] DEBUG org.springframework.web.reactive.function.client.ExchangeFunctions - [c9ed89a] Response 200 OK
15:53:17.297 [reactor-http-nio-47] DEBUG reactor.netty.channel.FluxReceive - [id: 0x89da56b3, L:/127.0.0.1:51895 - R:localhost/127.0.0.1:8083] Subscribing inbound receiver [pending: 0, cancelled:false, inboundDone: false]
15:53:17.297 [reactor-http-nio-48] DEBUG reactor.netty.channel.FluxReceive - [id: 0x7b10d5b9, L:/127.0.0.1:51958 - R:localhost/127.0.0.1:8083] Subscribing inbound receiver [pending: 0, cancelled:false, inboundDone: false]
15:53:17.297 [reactor-http-nio-47] DEBUG reactor.netty.http.client.HttpClientOperations - [id: 0x89da56b3, L:/127.0.0.1:51895 - R:localhost/127.0.0.1:8083] Received last HTTP packet
15:53:17.297 [reactor-http-nio-48] DEBUG reactor.netty.http.client.HttpClientOperations - [id: 0x7b10d5b9, L:/127.0.0.1:51958 - R:localhost/127.0.0.1:8083] Received last HTTP packet
15:53:17.297 [reactor-http-nio-48] DEBUG org.springframework.core.codec.StringDecoder - [c9ed89a] Decoded "{"userId":"6bdb1add-d231-4dcc-939c-eccb85e54577","location":{"longitude":25.802329,"latitude":-71.8 (truncated)...
15:53:17.297 [reactor-http-nio-47] DEBUG org.springframework.core.codec.StringDecoder - [4cfe022] Decoded "{"userId":"0791e4eb-a7d3-4f0b-a1a1-3e46b98a228c","location":{"longitude":162.256517,"latitude":-52. (truncated)...
15:53:17.297 [reactor-http-nio-48] DEBUG reactor.netty.resources.PooledConnectionProvider - [id: 0x7b10d5b9, L:/127.0.0.1:51958 - R:localhost/127.0.0.1:8083] onStateChange(GET{uri=/userLocation?userId=6bdb1add-d231-4dcc-939c-eccb85e54577, connection=PooledConnection{channel=[id: 0x7b10d5b9, L:/127.0.0.1:51958 - R:localhost/127.0.0.1:8083]}}, [disconnecting])
15:53:17.297 [reactor-http-nio-47] DEBUG reactor.netty.resources.PooledConnectionProvider - [id: 0x89da56b3, L:/127.0.0.1:51895 - R:localhost/127.0.0.1:8083] onStateChange(GET{uri=/userLocation?userId=0791e4eb-a7d3-4f0b-a1a1-3e46b98a228c, connection=PooledConnection{channel=[id: 0x89da56b3, L:/127.0.0.1:51895 - R:localhost/127.0.0.1:8083]}}, [disconnecting])
15:53:17.297 [reactor-http-nio-47] DEBUG reactor.netty.resources.PooledConnectionProvider - [id: 0x89da56b3, L:/127.0.0.1:51895 - R:localhost/127.0.0.1:8083] Releasing channel
15:53:17.297 [reactor-http-nio-47] DEBUG reactor.netty.resources.PooledConnectionProvider - [id: 0x89da56b3, L:/127.0.0.1:51895 - R:localhost/127.0.0.1:8083] Channel cleaned, now 152 active connections and 149 inactive connections
15:53:17.297 [reactor-http-nio-48] DEBUG reactor.netty.resources.PooledConnectionProvider - [id: 0x7b10d5b9, L:/127.0.0.1:51958 - R:localhost/127.0.0.1:8083] Releasing channel
15:53:17.297 [reactor-http-nio-48] DEBUG reactor.netty.resources.PooledConnectionProvider - [id: 0x7b10d5b9, L:/127.0.0.1:51958 - R:localhost/127.0.0.1:8083] Channel cleaned, now 151 active connections and 150 inactive connections
15:53:17.298 [pool-5-thread-29] INFO tourGuide.service.TourGuideService - visitedLocatio tourGuide.gpsUtil.VisitedLocation@726d7d12
15:53:17.298 [pool-5-thread-28] INFO tourGuide.service.TourGuideService - visitedLocatio tourGuide.gpsUtil.VisitedLocation@60d0e1eb
15:53:17.299 [pool-5-thread-28] DEBUG org.springframework.web.reactive.function.client.ExchangeFunctions - [235d6f93] HTTP GET http://localhost:8083/attractions
15:53:17.299 [pool-5-thread-29] DEBUG org.springframework.web.reactive.function.client.ExchangeFunctions - [41a77956] HTTP GET http://localhost:8083/attractions
15:53:17.301 [reactor-http-nio-48] DEBUG reactor.netty.resources.PooledConnectionProvider - [id: 0x6bf3117b, L:/127.0.0.1:51909 - R:localhost/127.0.0.1:8083] Channel acquired, now 152 active connections and 149 inactive connections
15:53:17.301 [reactor-http-nio-48] DEBUG reactor.netty.http.client.HttpClientConnect - [id: 0x6bf3117b, L:/127.0.0.1:51909 - R:localhost/127.0.0.1:8083] Handler is being applied: {uri=http://localhost:8083/attractions, method=GET}
15:53:17.302 [reactor-http-nio-48] DEBUG reactor.netty.resources.PooledConnectionProvider - [id: 0x6bf3117b, L:/127.0.0.1:51909 - R:localhost/127.0.0.1:8083] onStateChange(GET{uri=/attractions, connection=PooledConnection{channel=[id: 0x6bf3117b, L:/127.0.0.1:51909 - R:localhost/127.0.0.1:8083]}}, [request_sent])
15:53:17.302 [reactor-http-nio-48] DEBUG reactor.netty.resources.PooledConnectionProvider - [id: 0x76f33e80, L:/127.0.0.1:51705 - R:localhost/127.0.0.1:8083] Channel acquired, now 153 active connections and 148 inactive connections
15:53:17.302 [reactor-http-nio-48] DEBUG reactor.netty.http.client.HttpClientConnect - [id: 0x76f33e80, L:/127.0.0.1:51705 - R:localhost/127.0.0.1:8083] Handler is being applied: {uri=http://localhost:8083/attractions, method=GET}
15:53:17.302 [reactor-http-nio-48] DEBUG reactor.netty.resources.PooledConnectionProvider - [id: 0x76f33e80, L:/127.0.0.1:51705 - R:localhost/127.0.0.1:8083] onStateChange(GET{uri=/attractions, connection=PooledConnection{channel=[id: 0x76f33e80, L:/127.0.0.1:51705 - R:localhost/127.0.0.1:8083]}}, [request_sent])
15:53:17.303 [reactor-http-nio-48] DEBUG reactor.netty.http.client.HttpClientOperations - [id: 0xd46a2218, L:/127.0.0.1:51930 - R:localhost/127.0.0.1:8083] Received response (auto-read:false) : [Content-Type=application/json, Transfer-Encoding=chunked, Date=Wed, 15 Jun 2022 14:53:15 GMT]
15:53:17.303 [reactor-http-nio-48] DEBUG reactor.netty.resources.PooledConnectionProvider - [id: 0xd46a2218, L:/127.0.0.1:51930 - R:localhost/127.0.0.1:8083] onStateChange(GET{uri=/userLocation?userId=77090ab4-0160-4313-ab32-4e78cf9de773, connection=PooledConnection{channel=[id: 0xd46a2218, L:/127.0.0.1:51930 - R:localhost/127.0.0.1:8083]}}, [response_received])
15:53:17.303 [reactor-http-nio-48] DEBUG org.springframework.web.reactive.function.client.ExchangeFunctions - [276bc3f] Response 200 OK
15:53:17.303 [reactor-http-nio-48] DEBUG reactor.netty.channel.FluxReceive - [id: 0xd46a2218, L:/127.0.0.1:51930 - R:localhost/127.0.0.1:8083] Subscribing inbound receiver [pending: 0, cancelled:false, inboundDone: false]
15:53:17.303 [reactor-http-nio-48] DEBUG reactor.netty.http.client.HttpClientOperations - [id: 0xd46a2218, L:/127.0.0.1:51930 - R:localhost/127.0.0.1:8083] Received last HTTP packet
15:53:17.303 [reactor-http-nio-48] DEBUG org.springframework.core.codec.StringDecoder - [276bc3f] Decoded "{"userId":"77090ab4-0160-4313-ab32-4e78cf9de773","location":{"longitude":-114.649842,"latitude":-34 (truncated)...
15:53:17.303 [reactor-http-nio-48] DEBUG reactor.netty.resources.PooledConnectionProvider - [id: 0xd46a2218, L:/127.0.0.1:51930 - R:localhost/127.0.0.1:8083] onStateChange(GET{uri=/userLocation?userId=77090ab4-0160-4313-ab32-4e78cf9de773, connection=PooledConnection{channel=[id: 0xd46a2218, L:/127.0.0.1:51930 - R:localhost/127.0.0.1:8083]}}, [disconnecting])
15:53:17.303 [reactor-http-nio-48] DEBUG reactor.netty.resources.PooledConnectionProvider - [id: 0xd46a2218, L:/127.0.0.1:51930 - R:localhost/127.0.0.1:8083] Releasing channel
15:53:17.304 [reactor-http-nio-48] DEBUG reactor.netty.resources.PooledConnectionProvider - [id: 0xd46a2218, L:/127.0.0.1:51930 - R:localhost/127.0.0.1:8083] Channel cleaned, now 152 active connections and 149 inactive connections
15:53:17.304 [reactor-http-nio-48] DEBUG reactor.netty.http.client.HttpClientOperations - [id: 0x52b43451, L:/127.0.0.1:51966 - R:localhost/127.0.0.1:8083] Received response (auto-read:false) : [Content-Type=application/json, Transfer-Encoding=chunked, Date=Wed, 15 Jun 2022 14:53:15 GMT]
15:53:17.304 [reactor-http-nio-48] DEBUG reactor.netty.resources.PooledConnectionProvider - [id: 0x52b43451, L:/127.0.0.1:51966 - R:localhost/127.0.0.1:8083] onStateChange(GET{uri=/userLocation?userId=213ae7e4-fde4-4d31-b0bf-2e68ed86131b, connection=PooledConnection{channel=[id: 0x52b43451, L:/127.0.0.1:51966 - R:localhost/127.0.0.1:8083]}}, [response_received])
15:53:17.304 [reactor-http-nio-48] DEBUG org.springframework.web.reactive.function.client.ExchangeFunctions - [3268c419] Response 200 OK
15:53:17.304 [reactor-http-nio-48] DEBUG reactor.netty.channel.FluxReceive - [id: 0x52b43451, L:/127.0.0.1:51966 - R:localhost/127.0.0.1:8083] Subscribing inbound receiver [pending: 0, cancelled:false, inboundDone: false]
15:53:17.304 [reactor-http-nio-48] DEBUG reactor.netty.http.client.HttpClientOperations - [id: 0x52b43451, L:/127.0.0.1:51966 - R:localhost/127.0.0.1:8083] Received last HTTP packet
15:53:17.304 [reactor-http-nio-48] DEBUG org.springframework.core.codec.StringDecoder - [3268c419] Decoded "{"userId":"213ae7e4-fde4-4d31-b0bf-2e68ed86131b","location":{"longitude":36.969631,"latitude":44.12 (truncated)...
15:53:17.304 [reactor-http-nio-48] DEBUG reactor.netty.resources.PooledConnectionProvider - [id: 0x52b43451, L:/127.0.0.1:51966 - R:localhost/127.0.0.1:8083] onStateChange(GET{uri=/userLocation?userId=213ae7e4-fde4-4d31-b0bf-2e68ed86131b, connection=PooledConnection{channel=[id: 0x52b43451, L:/127.0.0.1:51966 - R:localhost/127.0.0.1:8083]}}, [disconnecting])
15:53:17.304 [reactor-http-nio-48] DEBUG reactor.netty.resources.PooledConnectionProvider - [id: 0x52b43451, L:/127.0.0.1:51966 - R:localhost/127.0.0.1:8083] Releasing channel
15:53:17.305 [reactor-http-nio-48] DEBUG reactor.netty.resources.PooledConnectionProvider - [id: 0x52b43451, L:/127.0.0.1:51966 - R:localhost/127.0.0.1:8083] Channel cleaned, now 151 active connections and 150 inactive connections
15:53:17.304 [pool-2-thread-111] INFO tourGuide.service.TourGuideService - visitedLocatio tourGuide.gpsUtil.VisitedLocation@275bcd5a
15:53:17.305 [pool-2-thread-3] INFO tourGuide.service.TourGuideService - visitedLocatio tourGuide.gpsUtil.VisitedLocation@1745a37f
15:53:17.305 [pool-2-thread-111] DEBUG org.springframework.web.reactive.function.client.ExchangeFunctions - [6ba116d3] HTTP GET http://localhost:8083/attractions
15:53:17.305 [pool-2-thread-3] DEBUG org.springframework.web.reactive.function.client.ExchangeFunctions - [3fa33912] HTTP GET http://localhost:8083/attractions
15:53:17.307 [reactor-http-nio-41] DEBUG reactor.netty.resources.PooledConnectionProvider - [id: 0x38682cba, L:/127.0.0.1:51715 - R:localhost/127.0.0.1:8083] Channel acquired, now 152 active connections and 149 inactive connections
15:53:17.307 [reactor-http-nio-41] DEBUG reactor.netty.http.client.HttpClientConnect - [id: 0x38682cba, L:/127.0.0.1:51715 - R:localhost/127.0.0.1:8083] Handler is being applied: {uri=http://localhost:8083/attractions, method=GET}
15:53:17.308 [reactor-http-nio-41] DEBUG reactor.netty.resources.PooledConnectionProvider - [id: 0x38682cba, L:/127.0.0.1:51715 - R:localhost/127.0.0.1:8083] onStateChange(GET{uri=/attractions, connection=PooledConnection{channel=[id: 0x38682cba, L:/127.0.0.1:51715 - R:localhost/127.0.0.1:8083]}}, [request_sent])
15:53:17.308 [reactor-http-nio-47] DEBUG reactor.netty.resources.PooledConnectionProvider - [id: 0x2fcf1b2b, L:/127.0.0.1:51855 - R:localhost/127.0.0.1:8083] Channel acquired, now 153 active connections and 148 inactive connections
15:53:17.308 [reactor-http-nio-47] DEBUG reactor.netty.http.client.HttpClientConnect - [id: 0x2fcf1b2b, L:/127.0.0.1:51855 - R:localhost/127.0.0.1:8083] Handler is being applied: {uri=http://localhost:8083/attractions, method=GET}
15:53:17.308 [reactor-http-nio-47] DEBUG reactor.netty.resources.PooledConnectionProvider - [id: 0x2fcf1b2b, L:/127.0.0.1:51855 - R:localhost/127.0.0.1:8083] onStateChange(GET{uri=/attractions, connection=PooledConnection{channel=[id: 0x2fcf1b2b, L:/127.0.0.1:51855 - R:localhost/127.0.0.1:8083]}}, [request_sent])
15:53:17.312 [reactor-http-nio-46] DEBUG reactor.netty.http.client.HttpClientOperations - [id: 0xe6317c04, L:/127.0.0.1:51827 - R:localhost/127.0.0.1:8083] Received response (auto-read:false) : [Content-Type=application/json, Transfer-Encoding=chunked, Date=Wed, 15 Jun 2022 14:53:16 GMT]
15:53:17.312 [reactor-http-nio-46] DEBUG reactor.netty.resources.PooledConnectionProvider - [id: 0xe6317c04, L:/127.0.0.1:51827 - R:localhost/127.0.0.1:8083] onStateChange(GET{uri=/attractions, connection=PooledConnection{channel=[id: 0xe6317c04, L:/127.0.0.1:51827 - R:localhost/127.0.0.1:8083]}}, [response_received])
15:53:17.312 [reactor-http-nio-47] DEBUG reactor.netty.http.client.HttpClientOperations - [id: 0xf30ad839, L:/127.0.0.1:51692 - R:localhost/127.0.0.1:8083] Received response (auto-read:false) : [Content-Type=application/json, Transfer-Encoding=chunked, Date=Wed, 15 Jun 2022 14:53:16 GMT]
15:53:17.312 [reactor-http-nio-46] DEBUG org.springframework.web.reactive.function.client.ExchangeFunctions - [4f3ef518] Response 200 OK
15:53:17.312 [reactor-http-nio-47] DEBUG reactor.netty.resources.PooledConnectionProvider - [id: 0xf30ad839, L:/127.0.0.1:51692 - R:localhost/127.0.0.1:8083] onStateChange(GET{uri=/attractions, connection=PooledConnection{channel=[id: 0xf30ad839, L:/127.0.0.1:51692 - R:localhost/127.0.0.1:8083]}}, [response_received])
15:53:17.313 [reactor-http-nio-47] DEBUG org.springframework.web.reactive.function.client.ExchangeFunctions - [2fcda0] Response 200 OK
15:53:17.313 [reactor-http-nio-47] DEBUG reactor.netty.channel.FluxReceive - [id: 0xf30ad839, L:/127.0.0.1:51692 - R:localhost/127.0.0.1:8083] Subscribing inbound receiver [pending: 0, cancelled:false, inboundDone: false]
15:53:17.313 [reactor-http-nio-46] DEBUG reactor.netty.channel.FluxReceive - [id: 0xe6317c04, L:/127.0.0.1:51827 - R:localhost/127.0.0.1:8083] Subscribing inbound receiver [pending: 0, cancelled:false, inboundDone: false]
15:53:17.313 [reactor-http-nio-47] DEBUG reactor.netty.http.client.HttpClientOperations - [id: 0xf30ad839, L:/127.0.0.1:51692 - R:localhost/127.0.0.1:8083] Received last HTTP packet
15:53:17.313 [reactor-http-nio-46] DEBUG reactor.netty.http.client.HttpClientOperations - [id: 0xe6317c04, L:/127.0.0.1:51827 - R:localhost/127.0.0.1:8083] Received last HTTP packet
15:53:17.313 [reactor-http-nio-46] DEBUG org.springframework.core.codec.StringDecoder - [4f3ef518] Decoded "[{"longitude":-117.922008,"latitude":33.817595,"attractionName":"Disneyland","city":"Anaheim","stat (truncated)...
15:53:17.313 [reactor-http-nio-47] DEBUG org.springframework.core.codec.StringDecoder - [2fcda0] Decoded "[{"longitude":-117.922008,"latitude":33.817595,"attractionName":"Disneyland","city":"Anaheim","stat (truncated)...
15:53:17.313 [reactor-http-nio-46] DEBUG reactor.netty.resources.PooledConnectionProvider - [id: 0xe6317c04, L:/127.0.0.1:51827 - R:localhost/127.0.0.1:8083] onStateChange(GET{uri=/attractions, connection=PooledConnection{channel=[id: 0xe6317c04, L:/127.0.0.1:51827 - R:localhost/127.0.0.1:8083]}}, [disconnecting])
15:53:17.313 [reactor-http-nio-46] DEBUG reactor.netty.resources.PooledConnectionProvider - [id: 0xe6317c04, L:/127.0.0.1:51827 - R:localhost/127.0.0.1:8083] Releasing channel
15:53:17.313 [reactor-http-nio-47] DEBUG reactor.netty.resources.PooledConnectionProvider - [id: 0xf30ad839, L:/127.0.0.1:51692 - R:localhost/127.0.0.1:8083] onStateChange(GET{uri=/attractions, connection=PooledConnection{channel=[id: 0xf30ad839, L:/127.0.0.1:51692 - R:localhost/127.0.0.1:8083]}}, [disconnecting])
15:53:17.313 [reactor-http-nio-47] DEBUG reactor.netty.resources.PooledConnectionProvider - [id: 0xf30ad839, L:/127.0.0.1:51692 - R:localhost/127.0.0.1:8083] Releasing channel
15:53:17.313 [reactor-http-nio-46] DEBUG reactor.netty.resources.PooledConnectionProvider - [id: 0xe6317c04, L:/127.0.0.1:51827 - R:localhost/127.0.0.1:8083] Channel cleaned, now 152 active connections and 149 inactive connections
15:53:17.313 [reactor-http-nio-47] DEBUG reactor.netty.resources.PooledConnectionProvider - [id: 0xf30ad839, L:/127.0.0.1:51692 - R:localhost/127.0.0.1:8083] Channel cleaned, now 151 active connections and 150 inactive connections
15:53:17.316 [reactor-http-nio-46] DEBUG reactor.netty.http.client.HttpClientOperations - [id: 0x36ae5eff, L:/127.0.0.1:51822 - R:localhost/127.0.0.1:8083] Received response (auto-read:false) : [Content-Type=application/json, Transfer-Encoding=chunked, Date=Wed, 15 Jun 2022 14:53:15 GMT]
15:53:17.316 [reactor-http-nio-46] DEBUG reactor.netty.resources.PooledConnectionProvider - [id: 0x36ae5eff, L:/127.0.0.1:51822 - R:localhost/127.0.0.1:8083] onStateChange(GET{uri=/attractions, connection=PooledConnection{channel=[id: 0x36ae5eff, L:/127.0.0.1:51822 - R:localhost/127.0.0.1:8083]}}, [response_received])
15:53:17.316 [reactor-http-nio-46] DEBUG org.springframework.web.reactive.function.client.ExchangeFunctions - [52c9e93d] Response 200 OK
15:53:17.317 [reactor-http-nio-46] DEBUG reactor.netty.channel.FluxReceive - [id: 0x36ae5eff, L:/127.0.0.1:51822 - R:localhost/127.0.0.1:8083] Subscribing inbound receiver [pending: 0, cancelled:false, inboundDone: false]
15:53:17.317 [reactor-http-nio-46] DEBUG reactor.netty.http.client.HttpClientOperations - [id: 0x36ae5eff, L:/127.0.0.1:51822 - R:localhost/127.0.0.1:8083] Received last HTTP packet
15:53:17.317 [reactor-http-nio-46] DEBUG org.springframework.core.codec.StringDecoder - [52c9e93d] Decoded "[{"longitude":-117.922008,"latitude":33.817595,"attractionName":"Disneyland","city":"Anaheim","stat (truncated)...
15:53:17.317 [reactor-http-nio-46] DEBUG reactor.netty.resources.PooledConnectionProvider - [id: 0x36ae5eff, L:/127.0.0.1:51822 - R:localhost/127.0.0.1:8083] onStateChange(GET{uri=/attractions, connection=PooledConnection{channel=[id: 0x36ae5eff, L:/127.0.0.1:51822 - R:localhost/127.0.0.1:8083]}}, [disconnecting])
15:53:17.317 [reactor-http-nio-46] DEBUG reactor.netty.resources.PooledConnectionProvider - [id: 0x36ae5eff, L:/127.0.0.1:51822 - R:localhost/127.0.0.1:8083] Releasing channel
15:53:17.317 [reactor-http-nio-46] DEBUG reactor.netty.resources.PooledConnectionProvider - [id: 0x36ae5eff, L:/127.0.0.1:51822 - R:localhost/127.0.0.1:8083] Channel cleaned, now 150 active connections and 151 inactive connections
15:53:17.317 [reactor-http-nio-41] DEBUG reactor.netty.http.client.HttpClientOperations - [id: 0xb5e0c104, L:/127.0.0.1:51792 - R:localhost/127.0.0.1:8083] Received response (auto-read:false) : [Content-Type=application/json, Transfer-Encoding=chunked, Date=Wed, 15 Jun 2022 14:53:16 GMT]
15:53:17.317 [reactor-http-nio-41] DEBUG reactor.netty.resources.PooledConnectionProvider - [id: 0xb5e0c104, L:/127.0.0.1:51792 - R:localhost/127.0.0.1:8083] onStateChange(GET{uri=/attractions, connection=PooledConnection{channel=[id: 0xb5e0c104, L:/127.0.0.1:51792 - R:localhost/127.0.0.1:8083]}}, [response_received])
15:53:17.317 [reactor-http-nio-41] DEBUG org.springframework.web.reactive.function.client.ExchangeFunctions - [43324d6a] Response 200 OK
15:53:17.318 [reactor-http-nio-41] DEBUG reactor.netty.channel.FluxReceive - [id: 0xb5e0c104, L:/127.0.0.1:51792 - R:localhost/127.0.0.1:8083] Subscribing inbound receiver [pending: 0, cancelled:false, inboundDone: false]
15:53:17.318 [reactor-http-nio-41] DEBUG reactor.netty.http.client.HttpClientOperations - [id: 0xb5e0c104, L:/127.0.0.1:51792 - R:localhost/127.0.0.1:8083] Received last HTTP packet
15:53:17.318 [reactor-http-nio-41] DEBUG org.springframework.core.codec.StringDecoder - [43324d6a] Decoded "[{"longitude":-117.922008,"latitude":33.817595,"attractionName":"Disneyland","city":"Anaheim","stat (truncated)...
15:53:17.318 [reactor-http-nio-41] DEBUG reactor.netty.resources.PooledConnectionProvider - [id: 0xb5e0c104, L:/127.0.0.1:51792 - R:localhost/127.0.0.1:8083] onStateChange(GET{uri=/attractions, connection=PooledConnection{channel=[id: 0xb5e0c104, L:/127.0.0.1:51792 - R:localhost/127.0.0.1:8083]}}, [disconnecting])
15:53:17.318 [reactor-http-nio-41] DEBUG reactor.netty.resources.PooledConnectionProvider - [id: 0xb5e0c104, L:/127.0.0.1:51792 - R:localhost/127.0.0.1:8083] Releasing channel
15:53:17.318 [reactor-http-nio-41] DEBUG reactor.netty.resources.PooledConnectionProvider - [id: 0xb5e0c104, L:/127.0.0.1:51792 - R:localhost/127.0.0.1:8083] Channel cleaned, now 149 active connections and 152 inactive connections
15:53:17.319 [reactor-http-nio-47] DEBUG reactor.netty.http.client.HttpClientOperations - [id: 0x9ce465db, L:/127.0.0.1:51838 - R:localhost/127.0.0.1:8083] Received response (auto-read:false) : [Content-Type=application/json, Transfer-Encoding=chunked, Date=Wed, 15 Jun 2022 14:53:16 GMT]
15:53:17.319 [reactor-http-nio-47] DEBUG reactor.netty.resources.PooledConnectionProvider - [id: 0x9ce465db, L:/127.0.0.1:51838 - R:localhost/127.0.0.1:8083] onStateChange(GET{uri=/attractions, connection=PooledConnection{channel=[id: 0x9ce465db, L:/127.0.0.1:51838 - R:localhost/127.0.0.1:8083]}}, [response_received])
15:53:17.319 [reactor-http-nio-47] DEBUG org.springframework.web.reactive.function.client.ExchangeFunctions - [7ee8f7b8] Response 200 OK
15:53:17.320 [reactor-http-nio-47] DEBUG reactor.netty.channel.FluxReceive - [id: 0x9ce465db, L:/127.0.0.1:51838 - R:localhost/127.0.0.1:8083] Subscribing inbound receiver [pending: 0, cancelled:false, inboundDone: false]
15:53:17.320 [reactor-http-nio-48] DEBUG reactor.netty.http.client.HttpClientOperations - [id: 0x9d7faf15, L:/127.0.0.1:51948 - R:localhost/127.0.0.1:8083] Received response (auto-read:false) : [Content-Type=application/json, Transfer-Encoding=chunked, Date=Wed, 15 Jun 2022 14:53:16 GMT]
15:53:17.320 [reactor-http-nio-48] DEBUG reactor.netty.resources.PooledConnectionProvider - [id: 0x9d7faf15, L:/127.0.0.1:51948 - R:localhost/127.0.0.1:8083] onStateChange(GET{uri=/userLocation?userId=7086d242-38f3-4070-9f21-38354754fa7c, connection=PooledConnection{channel=[id: 0x9d7faf15, L:/127.0.0.1:51948 - R:localhost/127.0.0.1:8083]}}, [response_received])
15:53:17.320 [reactor-http-nio-48] DEBUG org.springframework.web.reactive.function.client.ExchangeFunctions - [691bb35c] Response 200 OK
15:53:17.320 [reactor-http-nio-47] DEBUG reactor.netty.http.client.HttpClientOperations - [id: 0x9ce465db, L:/127.0.0.1:51838 - R:localhost/127.0.0.1:8083] Received last HTTP packet
15:53:17.320 [reactor-http-nio-48] DEBUG reactor.netty.channel.FluxReceive - [id: 0x9d7faf15, L:/127.0.0.1:51948 - R:localhost/127.0.0.1:8083] Subscribing inbound receiver [pending: 0, cancelled:false, inboundDone: false]
15:53:17.320 [reactor-http-nio-47] DEBUG org.springframework.core.codec.StringDecoder - [7ee8f7b8] Decoded "[{"longitude":-117.922008,"latitude":33.817595,"attractionName":"Disneyland","city":"Anaheim","stat (truncated)...
15:53:17.320 [reactor-http-nio-47] DEBUG reactor.netty.resources.PooledConnectionProvider - [id: 0x9ce465db, L:/127.0.0.1:51838 - R:localhost/127.0.0.1:8083] onStateChange(GET{uri=/attractions, connection=PooledConnection{channel=[id: 0x9ce465db, L:/127.0.0.1:51838 - R:localhost/127.0.0.1:8083]}}, [disconnecting])
15:53:17.320 [reactor-http-nio-48] DEBUG reactor.netty.http.client.HttpClientOperations - [id: 0x9d7faf15, L:/127.0.0.1:51948 - R:localhost/127.0.0.1:8083] Received last HTTP packet
15:53:17.320 [reactor-http-nio-47] DEBUG reactor.netty.resources.PooledConnectionProvider - [id: 0x9ce465db, L:/127.0.0.1:51838 - R:localhost/127.0.0.1:8083] Releasing channel
15:53:17.320 [reactor-http-nio-47] DEBUG reactor.netty.resources.PooledConnectionProvider - [id: 0x9ce465db, L:/127.0.0.1:51838 - R:localhost/127.0.0.1:8083] Channel cleaned, now 148 active connections and 153 inactive connections
15:53:17.320 [reactor-http-nio-48] DEBUG org.springframework.core.codec.StringDecoder - [691bb35c] Decoded "{"userId":"7086d242-38f3-4070-9f21-38354754fa7c","location":{"longitude":-0.387947,"latitude":-54.0 (truncated)...
15:53:17.320 [reactor-http-nio-48] DEBUG reactor.netty.resources.PooledConnectionProvider - [id: 0x9d7faf15, L:/127.0.0.1:51948 - R:localhost/127.0.0.1:8083] onStateChange(GET{uri=/userLocation?userId=7086d242-38f3-4070-9f21-38354754fa7c, connection=PooledConnection{channel=[id: 0x9d7faf15, L:/127.0.0.1:51948 - R:localhost/127.0.0.1:8083]}}, [disconnecting])
15:53:17.320 [reactor-http-nio-48] DEBUG reactor.netty.resources.PooledConnectionProvider - [id: 0x9d7faf15, L:/127.0.0.1:51948 - R:localhost/127.0.0.1:8083] Releasing channel
15:53:17.320 [reactor-http-nio-48] DEBUG reactor.netty.resources.PooledConnectionProvider - [id: 0x9d7faf15, L:/127.0.0.1:51948 - R:localhost/127.0.0.1:8083] Channel cleaned, now 147 active connections and 154 inactive connections
15:53:17.321 [pool-2-thread-138] INFO tourGuide.service.TourGuideService - visitedLocatio tourGuide.gpsUtil.VisitedLocation@55f93071
15:53:17.322 [pool-2-thread-138] DEBUG org.springframework.web.reactive.function.client.ExchangeFunctions - [48094628] HTTP GET http://localhost:8083/attractions
15:53:17.322 [reactor-http-nio-46] DEBUG reactor.netty.http.client.HttpClientOperations - [id: 0x21f981c4, L:/127.0.0.1:51805 - R:localhost/127.0.0.1:8083] Received last HTTP packet
15:53:17.322 [reactor-http-nio-46] DEBUG org.springframework.core.codec.StringDecoder - [58b616c] Decoded "[{"longitude":-117.922008,"latitude":33.817595,"attractionName":"Disneyland","city":"Anaheim","stat (truncated)...
15:53:17.322 [reactor-http-nio-46] DEBUG reactor.netty.resources.PooledConnectionProvider - [id: 0x21f981c4, L:/127.0.0.1:51805 - R:localhost/127.0.0.1:8083] onStateChange(GET{uri=/attractions, connection=PooledConnection{channel=[id: 0x21f981c4, L:/127.0.0.1:51805 - R:localhost/127.0.0.1:8083]}}, [disconnecting])
15:53:17.322 [reactor-http-nio-46] DEBUG reactor.netty.resources.PooledConnectionProvider - [id: 0x21f981c4, L:/127.0.0.1:51805 - R:localhost/127.0.0.1:8083] Releasing channel
15:53:17.322 [reactor-http-nio-46] DEBUG reactor.netty.resources.PooledConnectionProvider - [id: 0x21f981c4, L:/127.0.0.1:51805 - R:localhost/127.0.0.1:8083] Channel cleaned, now 146 active connections and 155 inactive connections
15:53:17.323 [reactor-http-nio-47] DEBUG reactor.netty.resources.PooledConnectionProvider - [id: 0xb30cfda6, L:/127.0.0.1:51864 - R:localhost/127.0.0.1:8083] Channel acquired, now 147 active connections and 154 inactive connections
15:53:17.323 [reactor-http-nio-47] DEBUG reactor.netty.http.client.HttpClientConnect - [id: 0xb30cfda6, L:/127.0.0.1:51864 - R:localhost/127.0.0.1:8083] Handler is being applied: {uri=http://localhost:8083/attractions, method=GET}
15:53:17.323 [reactor-http-nio-47] DEBUG reactor.netty.resources.PooledConnectionProvider - [id: 0xb30cfda6, L:/127.0.0.1:51864 - R:localhost/127.0.0.1:8083] onStateChange(GET{uri=/attractions, connection=PooledConnection{channel=[id: 0xb30cfda6, L:/127.0.0.1:51864 - R:localhost/127.0.0.1:8083]}}, [request_sent])
15:53:17.325 [reactor-http-nio-48] DEBUG reactor.netty.http.client.HttpClientOperations - [id: 0xa37fa9fc, L:/127.0.0.1:51894 - R:localhost/127.0.0.1:8083] Received response (auto-read:false) : [Content-Type=application/json, Transfer-Encoding=chunked, Date=Wed, 15 Jun 2022 14:53:16 GMT]
15:53:17.325 [reactor-http-nio-48] DEBUG reactor.netty.resources.PooledConnectionProvider - [id: 0xa37fa9fc, L:/127.0.0.1:51894 - R:localhost/127.0.0.1:8083] onStateChange(GET{uri=/userLocation?userId=5f3998fd-f2d4-49ae-9b29-e2f60b730771, connection=PooledConnection{channel=[id: 0xa37fa9fc, L:/127.0.0.1:51894 - R:localhost/127.0.0.1:8083]}}, [response_received])
15:53:17.325 [reactor-http-nio-48] DEBUG org.springframework.web.reactive.function.client.ExchangeFunctions - [cfff474] Response 200 OK
15:53:17.325 [reactor-http-nio-48] DEBUG reactor.netty.channel.FluxReceive - [id: 0xa37fa9fc, L:/127.0.0.1:51894 - R:localhost/127.0.0.1:8083] Subscribing inbound receiver [pending: 0, cancelled:false, inboundDone: false]
15:53:17.325 [reactor-http-nio-48] DEBUG reactor.netty.http.client.HttpClientOperations - [id: 0xa37fa9fc, L:/127.0.0.1:51894 - R:localhost/127.0.0.1:8083] Received last HTTP packet
15:53:17.325 [reactor-http-nio-48] DEBUG org.springframework.core.codec.StringDecoder - [cfff474] Decoded "{"userId":"5f3998fd-f2d4-49ae-9b29-e2f60b730771","location":{"longitude":-69.660289,"latitude":50.1 (truncated)...
15:53:17.325 [reactor-http-nio-48] DEBUG reactor.netty.resources.PooledConnectionProvider - [id: 0xa37fa9fc, L:/127.0.0.1:51894 - R:localhost/127.0.0.1:8083] onStateChange(GET{uri=/userLocation?userId=5f3998fd-f2d4-49ae-9b29-e2f60b730771, connection=PooledConnection{channel=[id: 0xa37fa9fc, L:/127.0.0.1:51894 - R:localhost/127.0.0.1:8083]}}, [disconnecting])
15:53:17.325 [reactor-http-nio-48] DEBUG reactor.netty.resources.PooledConnectionProvider - [id: 0xa37fa9fc, L:/127.0.0.1:51894 - R:localhost/127.0.0.1:8083] Releasing channel
15:53:17.325 [reactor-http-nio-48] DEBUG reactor.netty.resources.PooledConnectionProvider - [id: 0xa37fa9fc, L:/127.0.0.1:51894 - R:localhost/127.0.0.1:8083] Channel cleaned, now 146 active connections and 155 inactive connections
15:53:17.326 [pool-2-thread-165] INFO tourGuide.service.TourGuideService - visitedLocatio tourGuide.gpsUtil.VisitedLocation@7707a929
15:53:17.327 [pool-2-thread-165] DEBUG org.springframework.web.reactive.function.client.ExchangeFunctions - [2ded0100] HTTP GET http://localhost:8083/attractions
15:53:17.329 [reactor-http-nio-41] DEBUG reactor.netty.resources.PooledConnectionProvider - [id: 0xe144b806, L:/127.0.0.1:51710 - R:localhost/127.0.0.1:8083] Channel acquired, now 147 active connections and 154 inactive connections
15:53:17.329 [reactor-http-nio-41] DEBUG reactor.netty.http.client.HttpClientConnect - [id: 0xe144b806, L:/127.0.0.1:51710 - R:localhost/127.0.0.1:8083] Handler is being applied: {uri=http://localhost:8083/attractions, method=GET}
15:53:17.330 [reactor-http-nio-41] DEBUG reactor.netty.resources.PooledConnectionProvider - [id: 0xe144b806, L:/127.0.0.1:51710 - R:localhost/127.0.0.1:8083] onStateChange(GET{uri=/attractions, connection=PooledConnection{channel=[id: 0xe144b806, L:/127.0.0.1:51710 - R:localhost/127.0.0.1:8083]}}, [request_sent])
15:53:17.334 [reactor-http-nio-46] DEBUG reactor.netty.http.client.HttpClientOperations - [id: 0x774c45b7, L:/127.0.0.1:51738 - R:localhost/127.0.0.1:8083] Received response (auto-read:false) : [Content-Type=application/json, Transfer-Encoding=chunked, Date=Wed, 15 Jun 2022 14:53:16 GMT]
15:53:17.334 [reactor-http-nio-46] DEBUG reactor.netty.resources.PooledConnectionProvider - [id: 0x774c45b7, L:/127.0.0.1:51738 - R:localhost/127.0.0.1:8083] onStateChange(GET{uri=/attractions, connection=PooledConnection{channel=[id: 0x774c45b7, L:/127.0.0.1:51738 - R:localhost/127.0.0.1:8083]}}, [response_received])
15:53:17.334 [reactor-http-nio-46] DEBUG org.springframework.web.reactive.function.client.ExchangeFunctions - [7ac9e2f5] Response 200 OK
15:53:17.334 [reactor-http-nio-46] DEBUG reactor.netty.channel.FluxReceive - [id: 0x774c45b7, L:/127.0.0.1:51738 - R:localhost/127.0.0.1:8083] Subscribing inbound receiver [pending: 0, cancelled:false, inboundDone: false]
15:53:17.334 [reactor-http-nio-46] DEBUG reactor.netty.http.client.HttpClientOperations - [id: 0x774c45b7, L:/127.0.0.1:51738 - R:localhost/127.0.0.1:8083] Received last HTTP packet
15:53:17.334 [reactor-http-nio-46] DEBUG org.springframework.core.codec.StringDecoder - [7ac9e2f5] Decoded "[{"longitude":-117.922008,"latitude":33.817595,"attractionName":"Disneyland","city":"Anaheim","stat (truncated)...
15:53:17.335 [reactor-http-nio-46] DEBUG reactor.netty.resources.PooledConnectionProvider - [id: 0x774c45b7, L:/127.0.0.1:51738 - R:localhost/127.0.0.1:8083] onStateChange(GET{uri=/attractions, connection=PooledConnection{channel=[id: 0x774c45b7, L:/127.0.0.1:51738 - R:localhost/127.0.0.1:8083]}}, [disconnecting])
15:53:17.335 [reactor-http-nio-46] DEBUG reactor.netty.resources.PooledConnectionProvider - [id: 0x774c45b7, L:/127.0.0.1:51738 - R:localhost/127.0.0.1:8083] Releasing channel
15:53:17.335 [reactor-http-nio-46] DEBUG reactor.netty.resources.PooledConnectionProvider - [id: 0x774c45b7, L:/127.0.0.1:51738 - R:localhost/127.0.0.1:8083] Channel cleaned, now 146 active connections and 155 inactive connections
15:53:17.337 [reactor-http-nio-46] DEBUG reactor.netty.http.client.HttpClientOperations - [id: 0x6eeffece, L:/127.0.0.1:51732 - R:localhost/127.0.0.1:8083] Received response (auto-read:false) : [Content-Type=application/json, Transfer-Encoding=chunked, Date=Wed, 15 Jun 2022 14:53:16 GMT]
15:53:17.337 [reactor-http-nio-46] DEBUG reactor.netty.resources.PooledConnectionProvider - [id: 0x6eeffece, L:/127.0.0.1:51732 - R:localhost/127.0.0.1:8083] onStateChange(GET{uri=/attractions, connection=PooledConnection{channel=[id: 0x6eeffece, L:/127.0.0.1:51732 - R:localhost/127.0.0.1:8083]}}, [response_received])
15:53:17.337 [reactor-http-nio-46] DEBUG org.springframework.web.reactive.function.client.ExchangeFunctions - [447a18f2] Response 200 OK
15:53:17.337 [reactor-http-nio-46] DEBUG reactor.netty.channel.FluxReceive - [id: 0x6eeffece, L:/127.0.0.1:51732 - R:localhost/127.0.0.1:8083] Subscribing inbound receiver [pending: 0, cancelled:false, inboundDone: false]
15:53:17.338 [reactor-http-nio-46] DEBUG reactor.netty.http.client.HttpClientOperations - [id: 0x6eeffece, L:/127.0.0.1:51732 - R:localhost/127.0.0.1:8083] Received last HTTP packet
15:53:17.338 [reactor-http-nio-46] DEBUG org.springframework.core.codec.StringDecoder - [447a18f2] Decoded "[{"longitude":-117.922008,"latitude":33.817595,"attractionName":"Disneyland","city":"Anaheim","stat (truncated)...
15:53:17.338 [reactor-http-nio-46] DEBUG reactor.netty.resources.PooledConnectionProvider - [id: 0x6eeffece, L:/127.0.0.1:51732 - R:localhost/127.0.0.1:8083] onStateChange(GET{uri=/attractions, connection=PooledConnection{channel=[id: 0x6eeffece, L:/127.0.0.1:51732 - R:localhost/127.0.0.1:8083]}}, [disconnecting])
15:53:17.338 [reactor-http-nio-46] DEBUG reactor.netty.resources.PooledConnectionProvider - [id: 0x6eeffece, L:/127.0.0.1:51732 - R:localhost/127.0.0.1:8083] Releasing channel
15:53:17.338 [reactor-http-nio-46] DEBUG reactor.netty.resources.PooledConnectionProvider - [id: 0x6eeffece, L:/127.0.0.1:51732 - R:localhost/127.0.0.1:8083] Channel cleaned, now 145 active connections and 156 inactive connections
15:53:17.348 [pool-4-thread-44] DEBUG org.springframework.web.reactive.function.client.ExchangeFunctions - [1fd01245] HTTP GET http://localhost:8084/attractionRewardPoint?attractionId=a2708ccf-4a9a-4493-aa6e-468b828a5dfc&userId=c5873ddf-d4fe-4af2-b30f-a8d8d4c65a71
15:53:17.349 [reactor-http-nio-46] DEBUG reactor.netty.resources.PooledConnectionProvider - [id: 0xd94c41c1] Created new pooled channel, now 43 active connections and 1 inactive connections
15:53:17.349 [reactor-http-nio-46] DEBUG reactor.netty.channel.BootstrapHandlers - [id: 0xd94c41c1] Initialized pipeline DefaultChannelPipeline{(BootstrapHandlers$BootstrapInitializerHandler#0 = reactor.netty.channel.BootstrapHandlers$BootstrapInitializerHandler), (SimpleChannelPool$1#0 = io.netty.channel.pool.SimpleChannelPool$1), (reactor.left.httpCodec = io.netty.handler.codec.http.HttpClientCodec), (reactor.left.decompressor = io.netty.handler.codec.http.HttpContentDecompressor), (reactor.right.reactiveBridge = reactor.netty.channel.ChannelOperationsHandler)}
15:53:17.351 [reactor-http-nio-46] DEBUG reactor.netty.resources.PooledConnectionProvider - [id: 0xd94c41c1, L:/127.0.0.1:52024 - R:localhost/127.0.0.1:8084] onStateChange(PooledConnection{channel=[id: 0xd94c41c1, L:/127.0.0.1:52024 - R:localhost/127.0.0.1:8084]}, [connected])
15:53:17.351 [reactor-http-nio-46] DEBUG reactor.netty.resources.PooledConnectionProvider - [id: 0xd94c41c1, L:/127.0.0.1:52024 - R:localhost/127.0.0.1:8084] onStateChange(GET{uri=/, connection=PooledConnection{channel=[id: 0xd94c41c1, L:/127.0.0.1:52024 - R:localhost/127.0.0.1:8084]}}, [configured])
15:53:17.352 [reactor-http-nio-46] DEBUG reactor.netty.resources.PooledConnectionProvider - [id: 0xd94c41c1, L:/127.0.0.1:52024 - R:localhost/127.0.0.1:8084] Registering pool release on close event for channel
15:53:17.352 [reactor-http-nio-46] DEBUG reactor.netty.http.client.HttpClientConnect - [id: 0xd94c41c1, L:/127.0.0.1:52024 - R:localhost/127.0.0.1:8084] Handler is being applied: {uri=http://localhost:8084/attractionRewardPoint?attractionId=a2708ccf-4a9a-4493-aa6e-468b828a5dfc&userId=c5873ddf-d4fe-4af2-b30f-a8d8d4c65a71, method=GET}
15:53:17.353 [reactor-http-nio-46] DEBUG reactor.netty.resources.PooledConnectionProvider - [id: 0xd94c41c1, L:/127.0.0.1:52024 - R:localhost/127.0.0.1:8084] onStateChange(GET{uri=/attractionRewardPoint?attractionId=a2708ccf-4a9a-4493-aa6e-468b828a5dfc&userId=c5873ddf-d4fe-4af2-b30f-a8d8d4c65a71, connection=PooledConnection{channel=[id: 0xd94c41c1, L:/127.0.0.1:52024 - R:localhost/127.0.0.1:8084]}}, [request_sent])
15:53:17.353 [reactor-http-nio-46] DEBUG reactor.netty.resources.PooledConnectionProvider - [id: 0xd94c41c1, L:/127.0.0.1:52024 - R:localhost/127.0.0.1:8084] Channel connected, now 44 active connections and 0 inactive connections
15:53:17.361 [pool-4-thread-45] DEBUG org.springframework.web.reactive.function.client.ExchangeFunctions - [2c6f5aac] HTTP GET http://localhost:8084/attractionRewardPoint?attractionId=6e70da0f-b148-42b9-8bd1-631397ab2a82&userId=00904688-3e76-4d1e-83b8-bf844cc062f8
15:53:17.363 [reactor-http-nio-48] DEBUG reactor.netty.resources.PooledConnectionProvider - [id: 0x8d2de475] Created new pooled channel, now 44 active connections and 1 inactive connections
15:53:17.363 [reactor-http-nio-48] DEBUG reactor.netty.channel.BootstrapHandlers - [id: 0x8d2de475] Initialized pipeline DefaultChannelPipeline{(BootstrapHandlers$BootstrapInitializerHandler#0 = reactor.netty.channel.BootstrapHandlers$BootstrapInitializerHandler), (SimpleChannelPool$1#0 = io.netty.channel.pool.SimpleChannelPool$1), (reactor.left.httpCodec = io.netty.handler.codec.http.HttpClientCodec), (reactor.left.decompressor = io.netty.handler.codec.http.HttpContentDecompressor), (reactor.right.reactiveBridge = reactor.netty.channel.ChannelOperationsHandler)}
15:53:17.364 [reactor-http-nio-48] DEBUG reactor.netty.resources.PooledConnectionProvider - [id: 0x8d2de475, L:/127.0.0.1:52025 - R:localhost/127.0.0.1:8084] onStateChange(PooledConnection{channel=[id: 0x8d2de475, L:/127.0.0.1:52025 - R:localhost/127.0.0.1:8084]}, [connected])
15:53:17.365 [reactor-http-nio-48] DEBUG reactor.netty.resources.PooledConnectionProvider - [id: 0x8d2de475, L:/127.0.0.1:52025 - R:localhost/127.0.0.1:8084] onStateChange(GET{uri=/, connection=PooledConnection{channel=[id: 0x8d2de475, L:/127.0.0.1:52025 - R:localhost/127.0.0.1:8084]}}, [configured])
15:53:17.366 [reactor-http-nio-48] DEBUG reactor.netty.resources.PooledConnectionProvider - [id: 0x8d2de475, L:/127.0.0.1:52025 - R:localhost/127.0.0.1:8084] Registering pool release on close event for channel
15:53:17.366 [reactor-http-nio-48] DEBUG reactor.netty.http.client.HttpClientConnect - [id: 0x8d2de475, L:/127.0.0.1:52025 - R:localhost/127.0.0.1:8084] Handler is being applied: {uri=http://localhost:8084/attractionRewardPoint?attractionId=6e70da0f-b148-42b9-8bd1-631397ab2a82&userId=00904688-3e76-4d1e-83b8-bf844cc062f8, method=GET}
15:53:17.367 [reactor-http-nio-48] DEBUG reactor.netty.resources.PooledConnectionProvider - [id: 0x8d2de475, L:/127.0.0.1:52025 - R:localhost/127.0.0.1:8084] onStateChange(GET{uri=/attractionRewardPoint?attractionId=6e70da0f-b148-42b9-8bd1-631397ab2a82&userId=00904688-3e76-4d1e-83b8-bf844cc062f8, connection=PooledConnection{channel=[id: 0x8d2de475, L:/127.0.0.1:52025 - R:localhost/127.0.0.1:8084]}}, [request_sent])
15:53:17.367 [reactor-http-nio-48] DEBUG reactor.netty.resources.PooledConnectionProvider - [id: 0x8d2de475, L:/127.0.0.1:52025 - R:localhost/127.0.0.1:8084] Channel connected, now 45 active connections and 0 inactive connections
15:53:17.369 [pool-4-thread-46] DEBUG org.springframework.web.reactive.function.client.ExchangeFunctions - [1fa0fa17] HTTP GET http://localhost:8084/attractionRewardPoint?attractionId=ec3332eb-e725-4b69-8275-8876a7ffaf94&userId=30496959-4733-4b7e-859a-d17c68bbf8d0
15:53:17.370 [reactor-http-nio-46] DEBUG reactor.netty.resources.PooledConnectionProvider - [id: 0x88228ef8] Created new pooled channel, now 45 active connections and 1 inactive connections
15:53:17.371 [reactor-http-nio-46] DEBUG reactor.netty.channel.BootstrapHandlers - [id: 0x88228ef8] Initialized pipeline DefaultChannelPipeline{(BootstrapHandlers$BootstrapInitializerHandler#0 = reactor.netty.channel.BootstrapHandlers$BootstrapInitializerHandler), (SimpleChannelPool$1#0 = io.netty.channel.pool.SimpleChannelPool$1), (reactor.left.httpCodec = io.netty.handler.codec.http.HttpClientCodec), (reactor.left.decompressor = io.netty.handler.codec.http.HttpContentDecompressor), (reactor.right.reactiveBridge = reactor.netty.channel.ChannelOperationsHandler)}
15:53:17.374 [reactor-http-nio-46] DEBUG reactor.netty.resources.PooledConnectionProvider - [id: 0x88228ef8, L:/127.0.0.1:52026 - R:localhost/127.0.0.1:8084] onStateChange(PooledConnection{channel=[id: 0x88228ef8, L:/127.0.0.1:52026 - R:localhost/127.0.0.1:8084]}, [connected])
15:53:17.374 [reactor-http-nio-46] DEBUG reactor.netty.resources.PooledConnectionProvider - [id: 0x88228ef8, L:/127.0.0.1:52026 - R:localhost/127.0.0.1:8084] onStateChange(GET{uri=/, connection=PooledConnection{channel=[id: 0x88228ef8, L:/127.0.0.1:52026 - R:localhost/127.0.0.1:8084]}}, [configured])
15:53:17.375 [reactor-http-nio-46] DEBUG reactor.netty.resources.PooledConnectionProvider - [id: 0x88228ef8, L:/127.0.0.1:52026 - R:localhost/127.0.0.1:8084] Registering pool release on close event for channel
15:53:17.375 [reactor-http-nio-46] DEBUG reactor.netty.http.client.HttpClientConnect - [id: 0x88228ef8, L:/127.0.0.1:52026 - R:localhost/127.0.0.1:8084] Handler is being applied: {uri=http://localhost:8084/attractionRewardPoint?attractionId=ec3332eb-e725-4b69-8275-8876a7ffaf94&userId=30496959-4733-4b7e-859a-d17c68bbf8d0, method=GET}
15:53:17.394 [reactor-http-nio-47] DEBUG reactor.netty.http.client.HttpClientOperations - [id: 0x8cd960d5, L:/127.0.0.1:51696 - R:localhost/127.0.0.1:8083] Received response (auto-read:false) : [Content-Type=application/json, Transfer-Encoding=chunked, Date=Wed, 15 Jun 2022 14:53:16 GMT]
15:53:17.394 [reactor-http-nio-47] DEBUG reactor.netty.resources.PooledConnectionProvider - [id: 0x8cd960d5, L:/127.0.0.1:51696 - R:localhost/127.0.0.1:8083] onStateChange(GET{uri=/attractions, connection=PooledConnection{channel=[id: 0x8cd960d5, L:/127.0.0.1:51696 - R:localhost/127.0.0.1:8083]}}, [response_received])
15:53:17.394 [reactor-http-nio-47] DEBUG org.springframework.web.reactive.function.client.ExchangeFunctions - [14a3706b] Response 200 OK
15:53:17.395 [reactor-http-nio-47] DEBUG reactor.netty.channel.FluxReceive - [id: 0x8cd960d5, L:/127.0.0.1:51696 - R:localhost/127.0.0.1:8083] Subscribing inbound receiver [pending: 0, cancelled:false, inboundDone: false]
15:53:17.395 [reactor-http-nio-48] DEBUG reactor.netty.http.client.HttpClientOperations - [id: 0x19da195d, L:/127.0.0.1:51701 - R:localhost/127.0.0.1:8083] Received response (auto-read:false) : [Content-Type=application/json, Transfer-Encoding=chunked, Date=Wed, 15 Jun 2022 14:53:16 GMT]
15:53:17.395 [reactor-http-nio-48] DEBUG reactor.netty.resources.PooledConnectionProvider - [id: 0x19da195d, L:/127.0.0.1:51701 - R:localhost/127.0.0.1:8083] onStateChange(GET{uri=/attractions, connection=PooledConnection{channel=[id: 0x19da195d, L:/127.0.0.1:51701 - R:localhost/127.0.0.1:8083]}}, [response_received])
15:53:17.395 [reactor-http-nio-47] DEBUG reactor.netty.http.client.HttpClientOperations - [id: 0x8cd960d5, L:/127.0.0.1:51696 - R:localhost/127.0.0.1:8083] Received last HTTP packet
15:53:17.395 [reactor-http-nio-47] DEBUG org.springframework.core.codec.StringDecoder - [14a3706b] Decoded "[{"longitude":-117.922008,"latitude":33.817595,"attractionName":"Disneyland","city":"Anaheim","stat (truncated)...
15:53:17.395 [reactor-http-nio-47] DEBUG reactor.netty.resources.PooledConnectionProvider - [id: 0x8cd960d5, L:/127.0.0.1:51696 - R:localhost/127.0.0.1:8083] onStateChange(GET{uri=/attractions, connection=PooledConnection{channel=[id: 0x8cd960d5, L:/127.0.0.1:51696 - R:localhost/127.0.0.1:8083]}}, [disconnecting])
15:53:17.395 [reactor-http-nio-47] DEBUG reactor.netty.resources.PooledConnectionProvider - [id: 0x8cd960d5, L:/127.0.0.1:51696 - R:localhost/127.0.0.1:8083] Releasing channel
15:53:17.395 [reactor-http-nio-47] DEBUG reactor.netty.resources.PooledConnectionProvider - [id: 0x8cd960d5, L:/127.0.0.1:51696 - R:localhost/127.0.0.1:8083] Channel cleaned, now 144 active connections and 157 inactive connections
15:53:17.397 [reactor-http-nio-47] DEBUG reactor.netty.http.client.HttpClientOperations - [id: 0x85b1ff76, L:/127.0.0.1:51685 - R:localhost/127.0.0.1:8083] Received response (auto-read:false) : [Content-Type=application/json, Transfer-Encoding=chunked, Date=Wed, 15 Jun 2022 14:53:16 GMT]
15:53:17.397 [reactor-http-nio-47] DEBUG reactor.netty.resources.PooledConnectionProvider - [id: 0x85b1ff76, L:/127.0.0.1:51685 - R:localhost/127.0.0.1:8083] onStateChange(GET{uri=/attractions, connection=PooledConnection{channel=[id: 0x85b1ff76, L:/127.0.0.1:51685 - R:localhost/127.0.0.1:8083]}}, [response_received])
15:53:17.397 [reactor-http-nio-47] DEBUG org.springframework.web.reactive.function.client.ExchangeFunctions - [1786f1cc] Response 200 OK
15:53:17.395 [reactor-http-nio-41] DEBUG reactor.netty.http.client.HttpClientOperations - [id: 0x04d95a3a, L:/127.0.0.1:51789 - R:localhost/127.0.0.1:8083] Received response (auto-read:false) : [Content-Type=application/json, Transfer-Encoding=chunked, Date=Wed, 15 Jun 2022 14:53:16 GMT]
15:53:17.395 [reactor-http-nio-48] DEBUG org.springframework.web.reactive.function.client.ExchangeFunctions - [487745c0] Response 200 OK
15:53:17.397 [reactor-http-nio-47] DEBUG reactor.netty.channel.FluxReceive - [id: 0x85b1ff76, L:/127.0.0.1:51685 - R:localhost/127.0.0.1:8083] Subscribing inbound receiver [pending: 0, cancelled:false, inboundDone: false]
15:53:17.397 [reactor-http-nio-41] DEBUG reactor.netty.resources.PooledConnectionProvider - [id: 0x04d95a3a, L:/127.0.0.1:51789 - R:localhost/127.0.0.1:8083] onStateChange(GET{uri=/attractions, connection=PooledConnection{channel=[id: 0x04d95a3a, L:/127.0.0.1:51789 - R:localhost/127.0.0.1:8083]}}, [response_received])
15:53:17.397 [reactor-http-nio-48] DEBUG reactor.netty.channel.FluxReceive - [id: 0x19da195d, L:/127.0.0.1:51701 - R:localhost/127.0.0.1:8083] Subscribing inbound receiver [pending: 0, cancelled:false, inboundDone: false]
15:53:17.397 [reactor-http-nio-41] DEBUG org.springframework.web.reactive.function.client.ExchangeFunctions - [1dcd34da] Response 200 OK
15:53:17.397 [reactor-http-nio-48] DEBUG reactor.netty.http.client.HttpClientOperations - [id: 0x19da195d, L:/127.0.0.1:51701 - R:localhost/127.0.0.1:8083] Received last HTTP packet
15:53:17.397 [reactor-http-nio-48] DEBUG org.springframework.core.codec.StringDecoder - [487745c0] Decoded "[{"longitude":-117.922008,"latitude":33.817595,"attractionName":"Disneyland","city":"Anaheim","stat (truncated)...
15:53:17.397 [reactor-http-nio-48] DEBUG reactor.netty.resources.PooledConnectionProvider - [id: 0x19da195d, L:/127.0.0.1:51701 - R:localhost/127.0.0.1:8083] onStateChange(GET{uri=/attractions, connection=PooledConnection{channel=[id: 0x19da195d, L:/127.0.0.1:51701 - R:localhost/127.0.0.1:8083]}}, [disconnecting])
15:53:17.397 [reactor-http-nio-48] DEBUG reactor.netty.resources.PooledConnectionProvider - [id: 0x19da195d, L:/127.0.0.1:51701 - R:localhost/127.0.0.1:8083] Releasing channel
15:53:17.398 [reactor-http-nio-48] DEBUG reactor.netty.resources.PooledConnectionProvider - [id: 0x19da195d, L:/127.0.0.1:51701 - R:localhost/127.0.0.1:8083] Channel cleaned, now 143 active connections and 158 inactive connections
15:53:17.398 [reactor-http-nio-48] DEBUG reactor.netty.http.client.HttpClientOperations - [id: 0x4146066f, L:/127.0.0.1:51904 - R:localhost/127.0.0.1:8083] Received response (auto-read:false) : [Content-Type=application/json, Transfer-Encoding=chunked, Date=Wed, 15 Jun 2022 14:53:16 GMT]
15:53:17.398 [reactor-http-nio-48] DEBUG reactor.netty.resources.PooledConnectionProvider - [id: 0x4146066f, L:/127.0.0.1:51904 - R:localhost/127.0.0.1:8083] onStateChange(GET{uri=/userLocation?userId=213ae7e4-fde4-4d31-b0bf-2e68ed86131b, connection=PooledConnection{channel=[id: 0x4146066f, L:/127.0.0.1:51904 - R:localhost/127.0.0.1:8083]}}, [response_received])
15:53:17.398 [reactor-http-nio-48] DEBUG org.springframework.web.reactive.function.client.ExchangeFunctions - [53b54c57] Response 200 OK
15:53:17.398 [reactor-http-nio-48] DEBUG reactor.netty.channel.FluxReceive - [id: 0x4146066f, L:/127.0.0.1:51904 - R:localhost/127.0.0.1:8083] Subscribing inbound receiver [pending: 0, cancelled:false, inboundDone: false]
15:53:17.398 [reactor-http-nio-48] DEBUG reactor.netty.http.client.HttpClientOperations - [id: 0x4146066f, L:/127.0.0.1:51904 - R:localhost/127.0.0.1:8083] Received last HTTP packet
15:53:17.399 [reactor-http-nio-48] DEBUG org.springframework.core.codec.StringDecoder - [53b54c57] Decoded "{"userId":"213ae7e4-fde4-4d31-b0bf-2e68ed86131b","location":{"longitude":86.657931,"latitude":-37.8 (truncated)...
15:53:17.399 [reactor-http-nio-48] DEBUG reactor.netty.resources.PooledConnectionProvider - [id: 0x4146066f, L:/127.0.0.1:51904 - R:localhost/127.0.0.1:8083] onStateChange(GET{uri=/userLocation?userId=213ae7e4-fde4-4d31-b0bf-2e68ed86131b, connection=PooledConnection{channel=[id: 0x4146066f, L:/127.0.0.1:51904 - R:localhost/127.0.0.1:8083]}}, [disconnecting])
15:53:17.399 [reactor-http-nio-48] DEBUG reactor.netty.resources.PooledConnectionProvider - [id: 0x4146066f, L:/127.0.0.1:51904 - R:localhost/127.0.0.1:8083] Releasing channel
15:53:17.399 [reactor-http-nio-48] DEBUG reactor.netty.resources.PooledConnectionProvider - [id: 0x4146066f, L:/127.0.0.1:51904 - R:localhost/127.0.0.1:8083] Channel cleaned, now 142 active connections and 159 inactive connections
15:53:17.399 [reactor-http-nio-41] DEBUG reactor.netty.channel.FluxReceive - [id: 0x04d95a3a, L:/127.0.0.1:51789 - R:localhost/127.0.0.1:8083] Subscribing inbound receiver [pending: 0, cancelled:false, inboundDone: false]
15:53:17.399 [reactor-http-nio-41] DEBUG reactor.netty.http.client.HttpClientOperations - [id: 0x04d95a3a, L:/127.0.0.1:51789 - R:localhost/127.0.0.1:8083] Received last HTTP packet
15:53:17.399 [reactor-http-nio-41] DEBUG org.springframework.core.codec.StringDecoder - [1dcd34da] Decoded "[{"longitude":-117.922008,"latitude":33.817595,"attractionName":"Disneyland","city":"Anaheim","stat (truncated)...
15:53:17.399 [reactor-http-nio-41] DEBUG reactor.netty.resources.PooledConnectionProvider - [id: 0x04d95a3a, L:/127.0.0.1:51789 - R:localhost/127.0.0.1:8083] onStateChange(GET{uri=/attractions, connection=PooledConnection{channel=[id: 0x04d95a3a, L:/127.0.0.1:51789 - R:localhost/127.0.0.1:8083]}}, [disconnecting])
15:53:17.400 [reactor-http-nio-41] DEBUG reactor.netty.resources.PooledConnectionProvider - [id: 0x04d95a3a, L:/127.0.0.1:51789 - R:localhost/127.0.0.1:8083] Releasing channel
15:53:17.400 [reactor-http-nio-41] DEBUG reactor.netty.resources.PooledConnectionProvider - [id: 0x04d95a3a, L:/127.0.0.1:51789 - R:localhost/127.0.0.1:8083] Channel cleaned, now 141 active connections and 160 inactive connections
15:53:17.400 [reactor-http-nio-41] DEBUG reactor.netty.http.client.HttpClientOperations - [id: 0xb6e13b25, L:/127.0.0.1:51714 - R:localhost/127.0.0.1:8083] Received response (auto-read:false) : [Content-Type=application/json, Transfer-Encoding=chunked, Date=Wed, 15 Jun 2022 14:53:16 GMT]
15:53:17.400 [reactor-http-nio-41] DEBUG reactor.netty.resources.PooledConnectionProvider - [id: 0xb6e13b25, L:/127.0.0.1:51714 - R:localhost/127.0.0.1:8083] onStateChange(GET{uri=/attractions, connection=PooledConnection{channel=[id: 0xb6e13b25, L:/127.0.0.1:51714 - R:localhost/127.0.0.1:8083]}}, [response_received])
15:53:17.400 [reactor-http-nio-47] DEBUG reactor.netty.http.client.HttpClientOperations - [id: 0x85b1ff76, L:/127.0.0.1:51685 - R:localhost/127.0.0.1:8083] Received last HTTP packet
15:53:17.400 [reactor-http-nio-41] DEBUG org.springframework.web.reactive.function.client.ExchangeFunctions - [2537da19] Response 200 OK
15:53:17.400 [reactor-http-nio-47] DEBUG org.springframework.core.codec.StringDecoder - [1786f1cc] Decoded "[{"longitude":-117.922008,"latitude":33.817595,"attractionName":"Disneyland","city":"Anaheim","stat (truncated)...
15:53:17.400 [reactor-http-nio-41] DEBUG reactor.netty.channel.FluxReceive - [id: 0xb6e13b25, L:/127.0.0.1:51714 - R:localhost/127.0.0.1:8083] Subscribing inbound receiver [pending: 0, cancelled:false, inboundDone: false]
15:53:17.400 [reactor-http-nio-47] DEBUG reactor.netty.resources.PooledConnectionProvider - [id: 0x85b1ff76, L:/127.0.0.1:51685 - R:localhost/127.0.0.1:8083] onStateChange(GET{uri=/attractions, connection=PooledConnection{channel=[id: 0x85b1ff76, L:/127.0.0.1:51685 - R:localhost/127.0.0.1:8083]}}, [disconnecting])
15:53:17.400 [reactor-http-nio-47] DEBUG reactor.netty.resources.PooledConnectionProvider - [id: 0x85b1ff76, L:/127.0.0.1:51685 - R:localhost/127.0.0.1:8083] Releasing channel
15:53:17.400 [reactor-http-nio-47] DEBUG reactor.netty.resources.PooledConnectionProvider - [id: 0x85b1ff76, L:/127.0.0.1:51685 - R:localhost/127.0.0.1:8083] Channel cleaned, now 140 active connections and 161 inactive connections
15:53:17.400 [reactor-http-nio-41] DEBUG reactor.netty.http.client.HttpClientOperations - [id: 0xb6e13b25, L:/127.0.0.1:51714 - R:localhost/127.0.0.1:8083] Received last HTTP packet
15:53:17.401 [reactor-http-nio-47] DEBUG reactor.netty.http.client.HttpClientOperations - [id: 0x015d237e, L:/127.0.0.1:51835 - R:localhost/127.0.0.1:8083] Received response (auto-read:false) : [Content-Type=application/json, Transfer-Encoding=chunked, Date=Wed, 15 Jun 2022 14:53:16 GMT]
15:53:17.401 [reactor-http-nio-47] DEBUG reactor.netty.resources.PooledConnectionProvider - [id: 0x015d237e, L:/127.0.0.1:51835 - R:localhost/127.0.0.1:8083] onStateChange(GET{uri=/attractions, connection=PooledConnection{channel=[id: 0x015d237e, L:/127.0.0.1:51835 - R:localhost/127.0.0.1:8083]}}, [response_received])
15:53:17.401 [reactor-http-nio-47] DEBUG org.springframework.web.reactive.function.client.ExchangeFunctions - [56117691] Response 200 OK
15:53:17.401 [reactor-http-nio-41] DEBUG org.springframework.core.codec.StringDecoder - [2537da19] Decoded "[{"longitude":-117.922008,"latitude":33.817595,"attractionName":"Disneyland","city":"Anaheim","stat (truncated)...
15:53:17.401 [reactor-http-nio-41] DEBUG reactor.netty.resources.PooledConnectionProvider - [id: 0xb6e13b25, L:/127.0.0.1:51714 - R:localhost/127.0.0.1:8083] onStateChange(GET{uri=/attractions, connection=PooledConnection{channel=[id: 0xb6e13b25, L:/127.0.0.1:51714 - R:localhost/127.0.0.1:8083]}}, [disconnecting])
15:53:17.401 [reactor-http-nio-41] DEBUG reactor.netty.resources.PooledConnectionProvider - [id: 0xb6e13b25, L:/127.0.0.1:51714 - R:localhost/127.0.0.1:8083] Releasing channel
15:53:17.401 [reactor-http-nio-41] DEBUG reactor.netty.resources.PooledConnectionProvider - [id: 0xb6e13b25, L:/127.0.0.1:51714 - R:localhost/127.0.0.1:8083] Channel cleaned, now 139 active connections and 162 inactive connections
15:53:17.401 [reactor-http-nio-47] DEBUG reactor.netty.channel.FluxReceive - [id: 0x015d237e, L:/127.0.0.1:51835 - R:localhost/127.0.0.1:8083] Subscribing inbound receiver [pending: 0, cancelled:false, inboundDone: false]
15:53:17.401 [reactor-http-nio-41] DEBUG reactor.netty.http.client.HttpClientOperations - [id: 0x6edbd1c1, L:/127.0.0.1:51716 - R:localhost/127.0.0.1:8083] Received response (auto-read:false) : [Content-Type=application/json, Transfer-Encoding=chunked, Date=Wed, 15 Jun 2022 14:53:16 GMT]
15:53:17.401 [reactor-http-nio-47] DEBUG reactor.netty.http.client.HttpClientOperations - [id: 0x015d237e, L:/127.0.0.1:51835 - R:localhost/127.0.0.1:8083] Received last HTTP packet
15:53:17.401 [reactor-http-nio-41] DEBUG reactor.netty.resources.PooledConnectionProvider - [id: 0x6edbd1c1, L:/127.0.0.1:51716 - R:localhost/127.0.0.1:8083] onStateChange(GET{uri=/attractions, connection=PooledConnection{channel=[id: 0x6edbd1c1, L:/127.0.0.1:51716 - R:localhost/127.0.0.1:8083]}}, [response_received])
15:53:17.401 [reactor-http-nio-41] DEBUG org.springframework.web.reactive.function.client.ExchangeFunctions - [1b3982d] Response 200 OK
15:53:17.401 [reactor-http-nio-47] DEBUG org.springframework.core.codec.StringDecoder - [56117691] Decoded "[{"longitude":-117.922008,"latitude":33.817595,"attractionName":"Disneyland","city":"Anaheim","stat (truncated)...
15:53:17.401 [reactor-http-nio-47] DEBUG reactor.netty.resources.PooledConnectionProvider - [id: 0x015d237e, L:/127.0.0.1:51835 - R:localhost/127.0.0.1:8083] onStateChange(GET{uri=/attractions, connection=PooledConnection{channel=[id: 0x015d237e, L:/127.0.0.1:51835 - R:localhost/127.0.0.1:8083]}}, [disconnecting])
15:53:17.401 [reactor-http-nio-47] DEBUG reactor.netty.resources.PooledConnectionProvider - [id: 0x015d237e, L:/127.0.0.1:51835 - R:localhost/127.0.0.1:8083] Releasing channel
15:53:17.401 [reactor-http-nio-47] DEBUG reactor.netty.resources.PooledConnectionProvider - [id: 0x015d237e, L:/127.0.0.1:51835 - R:localhost/127.0.0.1:8083] Channel cleaned, now 138 active connections and 163 inactive connections
15:53:17.402 [reactor-http-nio-41] DEBUG reactor.netty.channel.FluxReceive - [id: 0x6edbd1c1, L:/127.0.0.1:51716 - R:localhost/127.0.0.1:8083] Subscribing inbound receiver [pending: 0, cancelled:false, inboundDone: false]
15:53:17.402 [reactor-http-nio-47] DEBUG reactor.netty.http.client.HttpClientOperations - [id: 0xd7682ef3, L:/127.0.0.1:51841 - R:localhost/127.0.0.1:8083] Received response (auto-read:false) : [Content-Type=application/json, Transfer-Encoding=chunked, Date=Wed, 15 Jun 2022 14:53:16 GMT]
15:53:17.402 [reactor-http-nio-41] DEBUG reactor.netty.http.client.HttpClientOperations - [id: 0x6edbd1c1, L:/127.0.0.1:51716 - R:localhost/127.0.0.1:8083] Received last HTTP packet
15:53:17.402 [reactor-http-nio-47] DEBUG reactor.netty.resources.PooledConnectionProvider - [id: 0xd7682ef3, L:/127.0.0.1:51841 - R:localhost/127.0.0.1:8083] onStateChange(GET{uri=/attractions, connection=PooledConnection{channel=[id: 0xd7682ef3, L:/127.0.0.1:51841 - R:localhost/127.0.0.1:8083]}}, [response_received])
15:53:17.402 [reactor-http-nio-47] DEBUG org.springframework.web.reactive.function.client.ExchangeFunctions - [1a57d484] Response 200 OK
15:53:17.402 [reactor-http-nio-41] DEBUG org.springframework.core.codec.StringDecoder - [1b3982d] Decoded "[{"longitude":-117.922008,"latitude":33.817595,"attractionName":"Disneyland","city":"Anaheim","stat (truncated)...
15:53:17.402 [reactor-http-nio-41] DEBUG reactor.netty.resources.PooledConnectionProvider - [id: 0x6edbd1c1, L:/127.0.0.1:51716 - R:localhost/127.0.0.1:8083] onStateChange(GET{uri=/attractions, connection=PooledConnection{channel=[id: 0x6edbd1c1, L:/127.0.0.1:51716 - R:localhost/127.0.0.1:8083]}}, [disconnecting])
15:53:17.402 [reactor-http-nio-41] DEBUG reactor.netty.resources.PooledConnectionProvider - [id: 0x6edbd1c1, L:/127.0.0.1:51716 - R:localhost/127.0.0.1:8083] Releasing channel
15:53:17.402 [reactor-http-nio-47] DEBUG reactor.netty.channel.FluxReceive - [id: 0xd7682ef3, L:/127.0.0.1:51841 - R:localhost/127.0.0.1:8083] Subscribing inbound receiver [pending: 0, cancelled:false, inboundDone: false]
15:53:17.402 [reactor-http-nio-41] DEBUG reactor.netty.resources.PooledConnectionProvider - [id: 0x6edbd1c1, L:/127.0.0.1:51716 - R:localhost/127.0.0.1:8083] Channel cleaned, now 137 active connections and 164 inactive connections
15:53:17.402 [reactor-http-nio-47] DEBUG reactor.netty.http.client.HttpClientOperations - [id: 0xd7682ef3, L:/127.0.0.1:51841 - R:localhost/127.0.0.1:8083] Received last HTTP packet
15:53:17.402 [reactor-http-nio-41] DEBUG reactor.netty.http.client.HttpClientOperations - [id: 0xc5bdf2c5, L:/127.0.0.1:51719 - R:localhost/127.0.0.1:8083] Received response (auto-read:false) : [Content-Type=application/json, Transfer-Encoding=chunked, Date=Wed, 15 Jun 2022 14:53:16 GMT]
15:53:17.402 [reactor-http-nio-41] DEBUG reactor.netty.resources.PooledConnectionProvider - [id: 0xc5bdf2c5, L:/127.0.0.1:51719 - R:localhost/127.0.0.1:8083] onStateChange(GET{uri=/attractions, connection=PooledConnection{channel=[id: 0xc5bdf2c5, L:/127.0.0.1:51719 - R:localhost/127.0.0.1:8083]}}, [response_received])
15:53:17.402 [reactor-http-nio-41] DEBUG org.springframework.web.reactive.function.client.ExchangeFunctions - [3d7bcb8f] Response 200 OK
15:53:17.402 [reactor-http-nio-47] DEBUG org.springframework.core.codec.StringDecoder - [1a57d484] Decoded "[{"longitude":-117.922008,"latitude":33.817595,"attractionName":"Disneyland","city":"Anaheim","stat (truncated)...
15:53:17.402 [reactor-http-nio-47] DEBUG reactor.netty.resources.PooledConnectionProvider - [id: 0xd7682ef3, L:/127.0.0.1:51841 - R:localhost/127.0.0.1:8083] onStateChange(GET{uri=/attractions, connection=PooledConnection{channel=[id: 0xd7682ef3, L:/127.0.0.1:51841 - R:localhost/127.0.0.1:8083]}}, [disconnecting])
15:53:17.402 [reactor-http-nio-47] DEBUG reactor.netty.resources.PooledConnectionProvider - [id: 0xd7682ef3, L:/127.0.0.1:51841 - R:localhost/127.0.0.1:8083] Releasing channel
15:53:17.402 [reactor-http-nio-47] DEBUG reactor.netty.resources.PooledConnectionProvider - [id: 0xd7682ef3, L:/127.0.0.1:51841 - R:localhost/127.0.0.1:8083] Channel cleaned, now 136 active connections and 165 inactive connections
15:53:17.402 [reactor-http-nio-41] DEBUG reactor.netty.channel.FluxReceive - [id: 0xc5bdf2c5, L:/127.0.0.1:51719 - R:localhost/127.0.0.1:8083] Subscribing inbound receiver [pending: 0, cancelled:false, inboundDone: false]
15:53:17.403 [reactor-http-nio-41] DEBUG reactor.netty.http.client.HttpClientOperations - [id: 0xc5bdf2c5, L:/127.0.0.1:51719 - R:localhost/127.0.0.1:8083] Received last HTTP packet
15:53:17.403 [reactor-http-nio-41] DEBUG org.springframework.core.codec.StringDecoder - [3d7bcb8f] Decoded "[{"longitude":-117.922008,"latitude":33.817595,"attractionName":"Disneyland","city":"Anaheim","stat (truncated)...
15:53:17.403 [reactor-http-nio-41] DEBUG reactor.netty.resources.PooledConnectionProvider - [id: 0xc5bdf2c5, L:/127.0.0.1:51719 - R:localhost/127.0.0.1:8083] onStateChange(GET{uri=/attractions, connection=PooledConnection{channel=[id: 0xc5bdf2c5, L:/127.0.0.1:51719 - R:localhost/127.0.0.1:8083]}}, [disconnecting])
15:53:17.403 [reactor-http-nio-41] DEBUG reactor.netty.resources.PooledConnectionProvider - [id: 0xc5bdf2c5, L:/127.0.0.1:51719 - R:localhost/127.0.0.1:8083] Releasing channel
15:53:17.403 [reactor-http-nio-41] DEBUG reactor.netty.resources.PooledConnectionProvider - [id: 0xc5bdf2c5, L:/127.0.0.1:51719 - R:localhost/127.0.0.1:8083] Channel cleaned, now 135 active connections and 166 inactive connections
15:53:17.403 [reactor-http-nio-41] DEBUG reactor.netty.http.client.HttpClientOperations - [id: 0xe848c2c1, L:/127.0.0.1:51736 - R:localhost/127.0.0.1:8083] Received response (auto-read:false) : [Content-Type=application/json, Transfer-Encoding=chunked, Date=Wed, 15 Jun 2022 14:53:16 GMT]
15:53:17.403 [reactor-http-nio-41] DEBUG reactor.netty.resources.PooledConnectionProvider - [id: 0xe848c2c1, L:/127.0.0.1:51736 - R:localhost/127.0.0.1:8083] onStateChange(GET{uri=/attractions, connection=PooledConnection{channel=[id: 0xe848c2c1, L:/127.0.0.1:51736 - R:localhost/127.0.0.1:8083]}}, [response_received])
15:53:17.403 [reactor-http-nio-41] DEBUG org.springframework.web.reactive.function.client.ExchangeFunctions - [1aade88f] Response 200 OK
15:53:17.404 [reactor-http-nio-41] DEBUG reactor.netty.channel.FluxReceive - [id: 0xe848c2c1, L:/127.0.0.1:51736 - R:localhost/127.0.0.1:8083] Subscribing inbound receiver [pending: 0, cancelled:false, inboundDone: false]
15:53:17.404 [reactor-http-nio-41] DEBUG reactor.netty.http.client.HttpClientOperations - [id: 0xe848c2c1, L:/127.0.0.1:51736 - R:localhost/127.0.0.1:8083] Received last HTTP packet
15:53:17.404 [reactor-http-nio-41] DEBUG org.springframework.core.codec.StringDecoder - [1aade88f] Decoded "[{"longitude":-117.922008,"latitude":33.817595,"attractionName":"Disneyland","city":"Anaheim","stat (truncated)...
15:53:17.404 [reactor-http-nio-41] DEBUG reactor.netty.resources.PooledConnectionProvider - [id: 0xe848c2c1, L:/127.0.0.1:51736 - R:localhost/127.0.0.1:8083] onStateChange(GET{uri=/attractions, connection=PooledConnection{channel=[id: 0xe848c2c1, L:/127.0.0.1:51736 - R:localhost/127.0.0.1:8083]}}, [disconnecting])
15:53:17.404 [reactor-http-nio-41] DEBUG reactor.netty.resources.PooledConnectionProvider - [id: 0xe848c2c1, L:/127.0.0.1:51736 - R:localhost/127.0.0.1:8083] Releasing channel
15:53:17.404 [reactor-http-nio-41] DEBUG reactor.netty.resources.PooledConnectionProvider - [id: 0xe848c2c1, L:/127.0.0.1:51736 - R:localhost/127.0.0.1:8083] Channel cleaned, now 134 active connections and 167 inactive connections
15:53:17.404 [reactor-http-nio-41] DEBUG reactor.netty.http.client.HttpClientOperations - [id: 0x030e65b7, L:/127.0.0.1:51777 - R:localhost/127.0.0.1:8083] Received response (auto-read:false) : [Content-Type=application/json, Transfer-Encoding=chunked, Date=Wed, 15 Jun 2022 14:53:15 GMT]
15:53:17.404 [reactor-http-nio-41] DEBUG reactor.netty.resources.PooledConnectionProvider - [id: 0x030e65b7, L:/127.0.0.1:51777 - R:localhost/127.0.0.1:8083] onStateChange(GET{uri=/attractions, connection=PooledConnection{channel=[id: 0x030e65b7, L:/127.0.0.1:51777 - R:localhost/127.0.0.1:8083]}}, [response_received])
15:53:17.404 [reactor-http-nio-41] DEBUG org.springframework.web.reactive.function.client.ExchangeFunctions - [47712549] Response 200 OK
15:53:17.406 [reactor-http-nio-41] DEBUG reactor.netty.channel.FluxReceive - [id: 0x030e65b7, L:/127.0.0.1:51777 - R:localhost/127.0.0.1:8083] Subscribing inbound receiver [pending: 0, cancelled:false, inboundDone: false]
15:53:17.406 [reactor-http-nio-41] DEBUG reactor.netty.http.client.HttpClientOperations - [id: 0x1133f190, L:/127.0.0.1:51897 - R:localhost/127.0.0.1:8083] Received response (auto-read:false) : [Content-Type=application/json, Transfer-Encoding=chunked, Date=Wed, 15 Jun 2022 14:53:16 GMT]
15:53:17.406 [reactor-http-nio-41] DEBUG reactor.netty.resources.PooledConnectionProvider - [id: 0x1133f190, L:/127.0.0.1:51897 - R:localhost/127.0.0.1:8083] onStateChange(GET{uri=/attractions, connection=PooledConnection{channel=[id: 0x1133f190, L:/127.0.0.1:51897 - R:localhost/127.0.0.1:8083]}}, [response_received])
15:53:17.407 [reactor-http-nio-41] DEBUG org.springframework.web.reactive.function.client.ExchangeFunctions - [78bd2053] Response 200 OK
15:53:17.407 [reactor-http-nio-41] DEBUG reactor.netty.channel.FluxReceive - [id: 0x1133f190, L:/127.0.0.1:51897 - R:localhost/127.0.0.1:8083] Subscribing inbound receiver [pending: 0, cancelled:false, inboundDone: false]
15:53:17.407 [reactor-http-nio-41] DEBUG reactor.netty.http.client.HttpClientOperations - [id: 0x1133f190, L:/127.0.0.1:51897 - R:localhost/127.0.0.1:8083] Received last HTTP packet
15:53:17.407 [reactor-http-nio-41] DEBUG org.springframework.core.codec.StringDecoder - [78bd2053] Decoded "[{"longitude":-117.922008,"latitude":33.817595,"attractionName":"Disneyland","city":"Anaheim","stat (truncated)...
15:53:17.407 [reactor-http-nio-41] DEBUG reactor.netty.resources.PooledConnectionProvider - [id: 0x1133f190, L:/127.0.0.1:51897 - R:localhost/127.0.0.1:8083] onStateChange(GET{uri=/attractions, connection=PooledConnection{channel=[id: 0x1133f190, L:/127.0.0.1:51897 - R:localhost/127.0.0.1:8083]}}, [disconnecting])
15:53:17.407 [reactor-http-nio-41] DEBUG reactor.netty.resources.PooledConnectionProvider - [id: 0x1133f190, L:/127.0.0.1:51897 - R:localhost/127.0.0.1:8083] Releasing channel
15:53:17.407 [reactor-http-nio-41] DEBUG reactor.netty.resources.PooledConnectionProvider - [id: 0x1133f190, L:/127.0.0.1:51897 - R:localhost/127.0.0.1:8083] Channel cleaned, now 133 active connections and 168 inactive connections
15:53:17.408 [pool-4-thread-47] DEBUG org.springframework.web.reactive.function.client.ExchangeFunctions - [78d847a1] HTTP GET http://localhost:8084/attractionRewardPoint?attractionId=92ffeeb0-8541-4be2-aafa-6f29a2de6dca&userId=a6863384-d596-4e00-ae17-a598d1b84a52
15:53:17.410 [reactor-http-nio-48] DEBUG reactor.netty.resources.PooledConnectionProvider - [id: 0x3128ffc0] Created new pooled channel, now 46 active connections and 1 inactive connections
15:53:17.410 [reactor-http-nio-48] DEBUG reactor.netty.channel.BootstrapHandlers - [id: 0x3128ffc0] Initialized pipeline DefaultChannelPipeline{(BootstrapHandlers$BootstrapInitializerHandler#0 = reactor.netty.channel.BootstrapHandlers$BootstrapInitializerHandler), (SimpleChannelPool$1#0 = io.netty.channel.pool.SimpleChannelPool$1), (reactor.left.httpCodec = io.netty.handler.codec.http.HttpClientCodec), (reactor.left.decompressor = io.netty.handler.codec.http.HttpContentDecompressor), (reactor.right.reactiveBridge = reactor.netty.channel.ChannelOperationsHandler)}
15:53:17.412 [reactor-http-nio-48] DEBUG reactor.netty.resources.PooledConnectionProvider - [id: 0x3128ffc0, L:/127.0.0.1:52027 - R:localhost/127.0.0.1:8084] onStateChange(PooledConnection{channel=[id: 0x3128ffc0, L:/127.0.0.1:52027 - R:localhost/127.0.0.1:8084]}, [connected])
15:53:17.412 [reactor-http-nio-48] DEBUG reactor.netty.resources.PooledConnectionProvider - [id: 0x3128ffc0, L:/127.0.0.1:52027 - R:localhost/127.0.0.1:8084] onStateChange(GET{uri=/, connection=PooledConnection{channel=[id: 0x3128ffc0, L:/127.0.0.1:52027 - R:localhost/127.0.0.1:8084]}}, [configured])
15:53:17.413 [reactor-http-nio-48] DEBUG reactor.netty.resources.PooledConnectionProvider - [id: 0x3128ffc0, L:/127.0.0.1:52027 - R:localhost/127.0.0.1:8084] Registering pool release on close event for channel
15:53:17.413 [reactor-http-nio-48] DEBUG reactor.netty.http.client.HttpClientConnect - [id: 0x3128ffc0, L:/127.0.0.1:52027 - R:localhost/127.0.0.1:8084] Handler is being applied: {uri=http://localhost:8084/attractionRewardPoint?attractionId=92ffeeb0-8541-4be2-aafa-6f29a2de6dca&userId=a6863384-d596-4e00-ae17-a598d1b84a52, method=GET}
15:53:17.414 [reactor-http-nio-48] DEBUG reactor.netty.resources.PooledConnectionProvider - [id: 0x3128ffc0, L:/127.0.0.1:52027 - R:localhost/127.0.0.1:8084] onStateChange(GET{uri=/attractionRewardPoint?attractionId=92ffeeb0-8541-4be2-aafa-6f29a2de6dca&userId=a6863384-d596-4e00-ae17-a598d1b84a52, connection=PooledConnection{channel=[id: 0x3128ffc0, L:/127.0.0.1:52027 - R:localhost/127.0.0.1:8084]}}, [request_sent])
15:53:17.414 [reactor-http-nio-48] DEBUG reactor.netty.resources.PooledConnectionProvider - [id: 0x3128ffc0, L:/127.0.0.1:52027 - R:localhost/127.0.0.1:8084] Channel connected, now 47 active connections and 0 inactive connections
15:53:17.415 [pool-4-thread-49] DEBUG org.springframework.web.reactive.function.client.ExchangeFunctions - [28199e69] HTTP GET http://localhost:8084/attractionRewardPoint?attractionId=1d9d8335-c65a-4616-935f-9b2339e78726&userId=022b05a8-67e6-40c4-b201-3ea1d558cb51
15:53:17.417 [pool-2-thread-87] INFO tourGuide.service.TourGuideService - visitedLocatio tourGuide.gpsUtil.VisitedLocation@22cc3030
15:53:17.418 [pool-2-thread-87] DEBUG org.springframework.web.reactive.function.client.ExchangeFunctions - [72a7b923] HTTP GET http://localhost:8083/attractions
15:53:17.420 [reactor-http-nio-41] DEBUG reactor.netty.resources.PooledConnectionProvider - [id: 0x45e1ba3f, L:/127.0.0.1:51927 - R:localhost/127.0.0.1:8083] Channel acquired, now 134 active connections and 167 inactive connections
15:53:17.420 [reactor-http-nio-41] DEBUG reactor.netty.http.client.HttpClientConnect - [id: 0x45e1ba3f, L:/127.0.0.1:51927 - R:localhost/127.0.0.1:8083] Handler is being applied: {uri=http://localhost:8083/attractions, method=GET}
15:53:17.421 [reactor-http-nio-41] DEBUG reactor.netty.resources.PooledConnectionProvider - [id: 0x45e1ba3f, L:/127.0.0.1:51927 - R:localhost/127.0.0.1:8083] onStateChange(GET{uri=/attractions, connection=PooledConnection{channel=[id: 0x45e1ba3f, L:/127.0.0.1:51927 - R:localhost/127.0.0.1:8083]}}, [request_sent])
15:53:17.422 [reactor-http-nio-46] DEBUG reactor.netty.resources.PooledConnectionProvider - [id: 0x88228ef8, L:/127.0.0.1:52026 - R:localhost/127.0.0.1:8084] onStateChange(GET{uri=/attractionRewardPoint?attractionId=ec3332eb-e725-4b69-8275-8876a7ffaf94&userId=30496959-4733-4b7e-859a-d17c68bbf8d0, connection=PooledConnection{channel=[id: 0x88228ef8, L:/127.0.0.1:52026 - R:localhost/127.0.0.1:8084]}}, [request_sent])
15:53:17.422 [reactor-http-nio-46] DEBUG reactor.netty.resources.PooledConnectionProvider - [id: 0x88228ef8, L:/127.0.0.1:52026 - R:localhost/127.0.0.1:8084] Channel connected, now 47 active connections and 0 inactive connections
15:53:17.422 [reactor-http-nio-46] DEBUG reactor.netty.resources.PooledConnectionProvider - [id: 0x33d7a02d] Created new pooled channel, now 47 active connections and 1 inactive connections
15:53:17.415 [pool-4-thread-50] DEBUG org.springframework.web.reactive.function.client.ExchangeFunctions - [29491185] HTTP GET http://localhost:8084/attractionRewardPoint?attractionId=c9c7436c-8715-4fc1-a51f-853b84c66874&userId=24666d8f-c31f-41a7-97a7-6358b1f4962a
15:53:17.422 [reactor-http-nio-46] DEBUG reactor.netty.channel.BootstrapHandlers - [id: 0x33d7a02d] Initialized pipeline DefaultChannelPipeline{(BootstrapHandlers$BootstrapInitializerHandler#0 = reactor.netty.channel.BootstrapHandlers$BootstrapInitializerHandler), (SimpleChannelPool$1#0 = io.netty.channel.pool.SimpleChannelPool$1), (reactor.left.httpCodec = io.netty.handler.codec.http.HttpClientCodec), (reactor.left.decompressor = io.netty.handler.codec.http.HttpContentDecompressor), (reactor.right.reactiveBridge = reactor.netty.channel.ChannelOperationsHandler)}
15:53:17.424 [reactor-http-nio-46] DEBUG reactor.netty.http.client.HttpClientOperations - [id: 0x4be48215, L:/127.0.0.1:51749 - R:localhost/127.0.0.1:8083] Received response (auto-read:false) : [Content-Type=application/json, Transfer-Encoding=chunked, Date=Wed, 15 Jun 2022 14:53:16 GMT]
15:53:17.424 [reactor-http-nio-46] DEBUG reactor.netty.resources.PooledConnectionProvider - [id: 0x4be48215, L:/127.0.0.1:51749 - R:localhost/127.0.0.1:8083] onStateChange(GET{uri=/attractions, connection=PooledConnection{channel=[id: 0x4be48215, L:/127.0.0.1:51749 - R:localhost/127.0.0.1:8083]}}, [response_received])
15:53:17.424 [reactor-http-nio-46] DEBUG org.springframework.web.reactive.function.client.ExchangeFunctions - [139374ca] Response 200 OK
15:53:17.424 [reactor-http-nio-41] DEBUG reactor.netty.resources.PooledConnectionProvider - [id: 0x94ddc299] Created new pooled channel, now 47 active connections and 2 inactive connections
15:53:17.425 [reactor-http-nio-41] DEBUG reactor.netty.channel.BootstrapHandlers - [id: 0x94ddc299] Initialized pipeline DefaultChannelPipeline{(BootstrapHandlers$BootstrapInitializerHandler#0 = reactor.netty.channel.BootstrapHandlers$BootstrapInitializerHandler), (SimpleChannelPool$1#0 = io.netty.channel.pool.SimpleChannelPool$1), (reactor.left.httpCodec = io.netty.handler.codec.http.HttpClientCodec), (reactor.left.decompressor = io.netty.handler.codec.http.HttpContentDecompressor), (reactor.right.reactiveBridge = reactor.netty.channel.ChannelOperationsHandler)}
15:53:17.425 [reactor-http-nio-46] DEBUG reactor.netty.channel.FluxReceive - [id: 0x4be48215, L:/127.0.0.1:51749 - R:localhost/127.0.0.1:8083] Subscribing inbound receiver [pending: 0, cancelled:false, inboundDone: false]
15:53:17.425 [reactor-http-nio-46] DEBUG reactor.netty.http.client.HttpClientOperations - [id: 0x4be48215, L:/127.0.0.1:51749 - R:localhost/127.0.0.1:8083] Received last HTTP packet
15:53:17.425 [reactor-http-nio-46] DEBUG org.springframework.core.codec.StringDecoder - [139374ca] Decoded "[{"longitude":-117.922008,"latitude":33.817595,"attractionName":"Disneyland","city":"Anaheim","stat (truncated)...
15:53:17.425 [reactor-http-nio-46] DEBUG reactor.netty.resources.PooledConnectionProvider - [id: 0x4be48215, L:/127.0.0.1:51749 - R:localhost/127.0.0.1:8083] onStateChange(GET{uri=/attractions, connection=PooledConnection{channel=[id: 0x4be48215, L:/127.0.0.1:51749 - R:localhost/127.0.0.1:8083]}}, [disconnecting])
15:53:17.425 [reactor-http-nio-46] DEBUG reactor.netty.resources.PooledConnectionProvider - [id: 0x4be48215, L:/127.0.0.1:51749 - R:localhost/127.0.0.1:8083] Releasing channel
15:53:17.425 [reactor-http-nio-46] DEBUG reactor.netty.resources.PooledConnectionProvider - [id: 0x4be48215, L:/127.0.0.1:51749 - R:localhost/127.0.0.1:8083] Channel cleaned, now 133 active connections and 168 inactive connections
15:53:17.426 [pool-4-thread-48] DEBUG org.springframework.web.reactive.function.client.ExchangeFunctions - [43bb3fcb] HTTP GET http://localhost:8084/attractionRewardPoint?attractionId=693f3e40-d967-403f-81c5-890f5fe2f411&userId=20453b3e-2b8f-468c-9b70-20f29cd62e9c
15:53:17.426 [reactor-http-nio-41] DEBUG reactor.netty.resources.PooledConnectionProvider - [id: 0x94ddc299, L:/127.0.0.1:52029 - R:localhost/127.0.0.1:8084] onStateChange(PooledConnection{channel=[id: 0x94ddc299, L:/127.0.0.1:52029 - R:localhost/127.0.0.1:8084]}, [connected])
15:53:17.426 [reactor-http-nio-41] DEBUG reactor.netty.resources.PooledConnectionProvider - [id: 0x94ddc299, L:/127.0.0.1:52029 - R:localhost/127.0.0.1:8084] onStateChange(GET{uri=/, connection=PooledConnection{channel=[id: 0x94ddc299, L:/127.0.0.1:52029 - R:localhost/127.0.0.1:8084]}}, [configured])
15:53:17.427 [reactor-http-nio-46] DEBUG reactor.netty.http.client.HttpClientOperations - [id: 0x2579fbf5, L:/127.0.0.1:51828 - R:localhost/127.0.0.1:8083] Received response (auto-read:false) : [Content-Type=application/json, Transfer-Encoding=chunked, Date=Wed, 15 Jun 2022 14:53:16 GMT]
15:53:17.427 [reactor-http-nio-46] DEBUG reactor.netty.resources.PooledConnectionProvider - [id: 0x2579fbf5, L:/127.0.0.1:51828 - R:localhost/127.0.0.1:8083] onStateChange(GET{uri=/attractions, connection=PooledConnection{channel=[id: 0x2579fbf5, L:/127.0.0.1:51828 - R:localhost/127.0.0.1:8083]}}, [response_received])
15:53:17.427 [reactor-http-nio-46] DEBUG org.springframework.web.reactive.function.client.ExchangeFunctions - [3a1bbf6a] Response 200 OK
15:53:17.427 [reactor-http-nio-41] DEBUG reactor.netty.resources.PooledConnectionProvider - [id: 0x94ddc299, L:/127.0.0.1:52029 - R:localhost/127.0.0.1:8084] Registering pool release on close event for channel
15:53:17.427 [reactor-http-nio-46] DEBUG reactor.netty.channel.FluxReceive - [id: 0x2579fbf5, L:/127.0.0.1:51828 - R:localhost/127.0.0.1:8083] Subscribing inbound receiver [pending: 0, cancelled:false, inboundDone: false]
15:53:17.427 [reactor-http-nio-41] DEBUG reactor.netty.http.client.HttpClientConnect - [id: 0x94ddc299, L:/127.0.0.1:52029 - R:localhost/127.0.0.1:8084] Handler is being applied: {uri=http://localhost:8084/attractionRewardPoint?attractionId=c9c7436c-8715-4fc1-a51f-853b84c66874&userId=24666d8f-c31f-41a7-97a7-6358b1f4962a, method=GET}
15:53:17.428 [reactor-http-nio-46] DEBUG reactor.netty.http.client.HttpClientOperations - [id: 0x2579fbf5, L:/127.0.0.1:51828 - R:localhost/127.0.0.1:8083] Received last HTTP packet
15:53:17.428 [reactor-http-nio-46] DEBUG org.springframework.core.codec.StringDecoder - [3a1bbf6a] Decoded "[{"longitude":-117.922008,"latitude":33.817595,"attractionName":"Disneyland","city":"Anaheim","stat (truncated)...
15:53:17.428 [reactor-http-nio-46] DEBUG reactor.netty.resources.PooledConnectionProvider - [id: 0x2579fbf5, L:/127.0.0.1:51828 - R:localhost/127.0.0.1:8083] onStateChange(GET{uri=/attractions, connection=PooledConnection{channel=[id: 0x2579fbf5, L:/127.0.0.1:51828 - R:localhost/127.0.0.1:8083]}}, [disconnecting])
15:53:17.428 [reactor-http-nio-46] DEBUG reactor.netty.resources.PooledConnectionProvider - [id: 0x2579fbf5, L:/127.0.0.1:51828 - R:localhost/127.0.0.1:8083] Releasing channel
15:53:17.428 [reactor-http-nio-46] DEBUG reactor.netty.resources.PooledConnectionProvider - [id: 0x2579fbf5, L:/127.0.0.1:51828 - R:localhost/127.0.0.1:8083] Channel cleaned, now 132 active connections and 169 inactive connections
15:53:17.428 [reactor-http-nio-46] DEBUG reactor.netty.resources.PooledConnectionProvider - [id: 0x33d7a02d, L:/127.0.0.1:52028 - R:localhost/127.0.0.1:8084] onStateChange(PooledConnection{channel=[id: 0x33d7a02d, L:/127.0.0.1:52028 - R:localhost/127.0.0.1:8084]}, [connected])
15:53:17.428 [reactor-http-nio-41] DEBUG reactor.netty.resources.PooledConnectionProvider - [id: 0x94ddc299, L:/127.0.0.1:52029 - R:localhost/127.0.0.1:8084] onStateChange(GET{uri=/attractionRewardPoint?attractionId=c9c7436c-8715-4fc1-a51f-853b84c66874&userId=24666d8f-c31f-41a7-97a7-6358b1f4962a, connection=PooledConnection{channel=[id: 0x94ddc299, L:/127.0.0.1:52029 - R:localhost/127.0.0.1:8084]}}, [request_sent])
15:53:17.428 [reactor-http-nio-41] DEBUG reactor.netty.resources.PooledConnectionProvider - [id: 0x94ddc299, L:/127.0.0.1:52029 - R:localhost/127.0.0.1:8084] Channel connected, now 48 active connections and 1 inactive connections
15:53:17.428 [reactor-http-nio-47] DEBUG reactor.netty.resources.PooledConnectionProvider - [id: 0x3ff36d54] Created new pooled channel, now 48 active connections and 2 inactive connections
15:53:17.429 [reactor-http-nio-47] DEBUG reactor.netty.channel.BootstrapHandlers - [id: 0x3ff36d54] Initialized pipeline DefaultChannelPipeline{(BootstrapHandlers$BootstrapInitializerHandler#0 = reactor.netty.channel.BootstrapHandlers$BootstrapInitializerHandler), (SimpleChannelPool$1#0 = io.netty.channel.pool.SimpleChannelPool$1), (reactor.left.httpCodec = io.netty.handler.codec.http.HttpClientCodec), (reactor.left.decompressor = io.netty.handler.codec.http.HttpContentDecompressor), (reactor.right.reactiveBridge = reactor.netty.channel.ChannelOperationsHandler)}
15:53:17.428 [reactor-http-nio-46] DEBUG reactor.netty.resources.PooledConnectionProvider - [id: 0x33d7a02d, L:/127.0.0.1:52028 - R:localhost/127.0.0.1:8084] onStateChange(GET{uri=/, connection=PooledConnection{channel=[id: 0x33d7a02d, L:/127.0.0.1:52028 - R:localhost/127.0.0.1:8084]}}, [configured])
15:53:17.430 [reactor-http-nio-46] DEBUG reactor.netty.resources.PooledConnectionProvider - [id: 0x33d7a02d, L:/127.0.0.1:52028 - R:localhost/127.0.0.1:8084] Registering pool release on close event for channel
15:53:17.430 [reactor-http-nio-46] DEBUG reactor.netty.http.client.HttpClientConnect - [id: 0x33d7a02d, L:/127.0.0.1:52028 - R:localhost/127.0.0.1:8084] Handler is being applied: {uri=http://localhost:8084/attractionRewardPoint?attractionId=1d9d8335-c65a-4616-935f-9b2339e78726&userId=022b05a8-67e6-40c4-b201-3ea1d558cb51, method=GET}
15:53:17.430 [reactor-http-nio-47] DEBUG reactor.netty.resources.PooledConnectionProvider - [id: 0x3ff36d54, L:/127.0.0.1:52030 - R:localhost/127.0.0.1:8084] onStateChange(PooledConnection{channel=[id: 0x3ff36d54, L:/127.0.0.1:52030 - R:localhost/127.0.0.1:8084]}, [connected])
15:53:17.430 [reactor-http-nio-47] DEBUG reactor.netty.resources.PooledConnectionProvider - [id: 0x3ff36d54, L:/127.0.0.1:52030 - R:localhost/127.0.0.1:8084] onStateChange(GET{uri=/, connection=PooledConnection{channel=[id: 0x3ff36d54, L:/127.0.0.1:52030 - R:localhost/127.0.0.1:8084]}}, [configured])
15:53:17.431 [reactor-http-nio-46] DEBUG reactor.netty.resources.PooledConnectionProvider - [id: 0x33d7a02d, L:/127.0.0.1:52028 - R:localhost/127.0.0.1:8084] onStateChange(GET{uri=/attractionRewardPoint?attractionId=1d9d8335-c65a-4616-935f-9b2339e78726&userId=022b05a8-67e6-40c4-b201-3ea1d558cb51, connection=PooledConnection{channel=[id: 0x33d7a02d, L:/127.0.0.1:52028 - R:localhost/127.0.0.1:8084]}}, [request_sent])
15:53:17.431 [reactor-http-nio-46] DEBUG reactor.netty.resources.PooledConnectionProvider - [id: 0x33d7a02d, L:/127.0.0.1:52028 - R:localhost/127.0.0.1:8084] Channel connected, now 49 active connections and 1 inactive connections
15:53:17.432 [reactor-http-nio-47] DEBUG reactor.netty.resources.PooledConnectionProvider - [id: 0x3ff36d54, L:/127.0.0.1:52030 - R:localhost/127.0.0.1:8084] Registering pool release on close event for channel
15:53:17.432 [reactor-http-nio-47] DEBUG reactor.netty.http.client.HttpClientConnect - [id: 0x3ff36d54, L:/127.0.0.1:52030 - R:localhost/127.0.0.1:8084] Handler is being applied: {uri=http://localhost:8084/attractionRewardPoint?attractionId=693f3e40-d967-403f-81c5-890f5fe2f411&userId=20453b3e-2b8f-468c-9b70-20f29cd62e9c, method=GET}
15:53:17.433 [reactor-http-nio-47] DEBUG reactor.netty.resources.PooledConnectionProvider - [id: 0x3ff36d54, L:/127.0.0.1:52030 - R:localhost/127.0.0.1:8084] onStateChange(GET{uri=/attractionRewardPoint?attractionId=693f3e40-d967-403f-81c5-890f5fe2f411&userId=20453b3e-2b8f-468c-9b70-20f29cd62e9c, connection=PooledConnection{channel=[id: 0x3ff36d54, L:/127.0.0.1:52030 - R:localhost/127.0.0.1:8084]}}, [request_sent])
15:53:17.433 [reactor-http-nio-47] DEBUG reactor.netty.resources.PooledConnectionProvider - [id: 0x3ff36d54, L:/127.0.0.1:52030 - R:localhost/127.0.0.1:8084] Channel connected, now 50 active connections and 0 inactive connections
15:53:17.434 [reactor-http-nio-47] DEBUG reactor.netty.http.client.HttpClientOperations - [id: 0x94ed7f01, L:/127.0.0.1:51699 - R:localhost/127.0.0.1:8083] Received response (auto-read:false) : [Content-Type=application/json, Transfer-Encoding=chunked, Date=Wed, 15 Jun 2022 14:53:16 GMT]
15:53:17.434 [reactor-http-nio-47] DEBUG reactor.netty.resources.PooledConnectionProvider - [id: 0x94ed7f01, L:/127.0.0.1:51699 - R:localhost/127.0.0.1:8083] onStateChange(GET{uri=/attractions, connection=PooledConnection{channel=[id: 0x94ed7f01, L:/127.0.0.1:51699 - R:localhost/127.0.0.1:8083]}}, [response_received])
15:53:17.434 [reactor-http-nio-47] DEBUG org.springframework.web.reactive.function.client.ExchangeFunctions - [f52343a] Response 200 OK
15:53:17.434 [reactor-http-nio-47] DEBUG reactor.netty.channel.FluxReceive - [id: 0x94ed7f01, L:/127.0.0.1:51699 - R:localhost/127.0.0.1:8083] Subscribing inbound receiver [pending: 0, cancelled:false, inboundDone: false]
15:53:17.434 [reactor-http-nio-47] DEBUG reactor.netty.http.client.HttpClientOperations - [id: 0x94ed7f01, L:/127.0.0.1:51699 - R:localhost/127.0.0.1:8083] Received last HTTP packet
15:53:17.435 [reactor-http-nio-47] DEBUG org.springframework.core.codec.StringDecoder - [f52343a] Decoded "[{"longitude":-117.922008,"latitude":33.817595,"attractionName":"Disneyland","city":"Anaheim","stat (truncated)...
15:53:17.435 [reactor-http-nio-47] DEBUG reactor.netty.resources.PooledConnectionProvider - [id: 0x94ed7f01, L:/127.0.0.1:51699 - R:localhost/127.0.0.1:8083] onStateChange(GET{uri=/attractions, connection=PooledConnection{channel=[id: 0x94ed7f01, L:/127.0.0.1:51699 - R:localhost/127.0.0.1:8083]}}, [disconnecting])
15:53:17.435 [reactor-http-nio-47] DEBUG reactor.netty.resources.PooledConnectionProvider - [id: 0x94ed7f01, L:/127.0.0.1:51699 - R:localhost/127.0.0.1:8083] Releasing channel
15:53:17.435 [reactor-http-nio-47] DEBUG reactor.netty.resources.PooledConnectionProvider - [id: 0x94ed7f01, L:/127.0.0.1:51699 - R:localhost/127.0.0.1:8083] Channel cleaned, now 131 active connections and 170 inactive connections
15:53:17.438 [reactor-http-nio-41] DEBUG reactor.netty.http.client.HttpClientOperations - [id: 0x91ccb779, L:/127.0.0.1:51713 - R:localhost/127.0.0.1:8083] Received response (auto-read:false) : [Content-Type=application/json, Transfer-Encoding=chunked, Date=Wed, 15 Jun 2022 14:53:16 GMT]
15:53:17.438 [reactor-http-nio-41] DEBUG reactor.netty.resources.PooledConnectionProvider - [id: 0x91ccb779, L:/127.0.0.1:51713 - R:localhost/127.0.0.1:8083] onStateChange(GET{uri=/attractions, connection=PooledConnection{channel=[id: 0x91ccb779, L:/127.0.0.1:51713 - R:localhost/127.0.0.1:8083]}}, [response_received])
15:53:17.438 [reactor-http-nio-41] DEBUG org.springframework.web.reactive.function.client.ExchangeFunctions - [45f9902d] Response 200 OK
15:53:17.438 [reactor-http-nio-41] DEBUG reactor.netty.channel.FluxReceive - [id: 0x91ccb779, L:/127.0.0.1:51713 - R:localhost/127.0.0.1:8083] Subscribing inbound receiver [pending: 0, cancelled:false, inboundDone: false]
15:53:17.438 [reactor-http-nio-41] DEBUG reactor.netty.http.client.HttpClientOperations - [id: 0x91ccb779, L:/127.0.0.1:51713 - R:localhost/127.0.0.1:8083] Received last HTTP packet
15:53:17.438 [reactor-http-nio-41] DEBUG org.springframework.core.codec.StringDecoder - [45f9902d] Decoded "[{"longitude":-117.922008,"latitude":33.817595,"attractionName":"Disneyland","city":"Anaheim","stat (truncated)...
15:53:17.438 [reactor-http-nio-41] DEBUG reactor.netty.resources.PooledConnectionProvider - [id: 0x91ccb779, L:/127.0.0.1:51713 - R:localhost/127.0.0.1:8083] onStateChange(GET{uri=/attractions, connection=PooledConnection{channel=[id: 0x91ccb779, L:/127.0.0.1:51713 - R:localhost/127.0.0.1:8083]}}, [disconnecting])
15:53:17.438 [reactor-http-nio-41] DEBUG reactor.netty.resources.PooledConnectionProvider - [id: 0x91ccb779, L:/127.0.0.1:51713 - R:localhost/127.0.0.1:8083] Releasing channel
15:53:17.438 [reactor-http-nio-41] DEBUG reactor.netty.resources.PooledConnectionProvider - [id: 0x91ccb779, L:/127.0.0.1:51713 - R:localhost/127.0.0.1:8083] Channel cleaned, now 130 active connections and 171 inactive connections
15:53:17.440 [reactor-http-nio-48] DEBUG reactor.netty.http.client.HttpClientOperations - [id: 0x6adf9794, L:/127.0.0.1:51702 - R:localhost/127.0.0.1:8083] Received response (auto-read:false) : [Content-Type=application/json, Transfer-Encoding=chunked, Date=Wed, 15 Jun 2022 14:53:16 GMT]
15:53:17.440 [reactor-http-nio-48] DEBUG reactor.netty.resources.PooledConnectionProvider - [id: 0x6adf9794, L:/127.0.0.1:51702 - R:localhost/127.0.0.1:8083] onStateChange(GET{uri=/attractions, connection=PooledConnection{channel=[id: 0x6adf9794, L:/127.0.0.1:51702 - R:localhost/127.0.0.1:8083]}}, [response_received])
15:53:17.440 [reactor-http-nio-48] DEBUG org.springframework.web.reactive.function.client.ExchangeFunctions - [53cfb80d] Response 200 OK
15:53:17.440 [reactor-http-nio-48] DEBUG reactor.netty.channel.FluxReceive - [id: 0x6adf9794, L:/127.0.0.1:51702 - R:localhost/127.0.0.1:8083] Subscribing inbound receiver [pending: 0, cancelled:false, inboundDone: false]
15:53:17.441 [reactor-http-nio-48] DEBUG reactor.netty.http.client.HttpClientOperations - [id: 0x6adf9794, L:/127.0.0.1:51702 - R:localhost/127.0.0.1:8083] Received last HTTP packet
15:53:17.441 [reactor-http-nio-48] DEBUG org.springframework.core.codec.StringDecoder - [53cfb80d] Decoded "[{"longitude":-117.922008,"latitude":33.817595,"attractionName":"Disneyland","city":"Anaheim","stat (truncated)...
15:53:17.441 [reactor-http-nio-48] DEBUG reactor.netty.resources.PooledConnectionProvider - [id: 0x6adf9794, L:/127.0.0.1:51702 - R:localhost/127.0.0.1:8083] onStateChange(GET{uri=/attractions, connection=PooledConnection{channel=[id: 0x6adf9794, L:/127.0.0.1:51702 - R:localhost/127.0.0.1:8083]}}, [disconnecting])
15:53:17.441 [reactor-http-nio-48] DEBUG reactor.netty.resources.PooledConnectionProvider - [id: 0x6adf9794, L:/127.0.0.1:51702 - R:localhost/127.0.0.1:8083] Releasing channel
15:53:17.441 [reactor-http-nio-48] DEBUG reactor.netty.resources.PooledConnectionProvider - [id: 0x6adf9794, L:/127.0.0.1:51702 - R:localhost/127.0.0.1:8083] Channel cleaned, now 129 active connections and 172 inactive connections
15:53:17.442 [reactor-http-nio-41] DEBUG reactor.netty.http.client.HttpClientOperations - [id: 0xc0a2c902, L:/127.0.0.1:51919 - R:localhost/127.0.0.1:8083] Received response (auto-read:false) : [Content-Type=application/json, Transfer-Encoding=chunked, Date=Wed, 15 Jun 2022 14:53:16 GMT]
15:53:17.442 [reactor-http-nio-41] DEBUG reactor.netty.resources.PooledConnectionProvider - [id: 0xc0a2c902, L:/127.0.0.1:51919 - R:localhost/127.0.0.1:8083] onStateChange(GET{uri=/attractions, connection=PooledConnection{channel=[id: 0xc0a2c902, L:/127.0.0.1:51919 - R:localhost/127.0.0.1:8083]}}, [response_received])
15:53:17.442 [reactor-http-nio-41] DEBUG org.springframework.web.reactive.function.client.ExchangeFunctions - [28e6732d] Response 200 OK
15:53:17.442 [reactor-http-nio-41] DEBUG reactor.netty.channel.FluxReceive - [id: 0xc0a2c902, L:/127.0.0.1:51919 - R:localhost/127.0.0.1:8083] Subscribing inbound receiver [pending: 0, cancelled:false, inboundDone: false]
15:53:17.442 [reactor-http-nio-41] DEBUG reactor.netty.http.client.HttpClientOperations - [id: 0xc0a2c902, L:/127.0.0.1:51919 - R:localhost/127.0.0.1:8083] Received last HTTP packet
15:53:17.442 [reactor-http-nio-41] DEBUG org.springframework.core.codec.StringDecoder - [28e6732d] Decoded "[{"longitude":-117.922008,"latitude":33.817595,"attractionName":"Disneyland","city":"Anaheim","stat (truncated)...
15:53:17.442 [reactor-http-nio-41] DEBUG reactor.netty.resources.PooledConnectionProvider - [id: 0xc0a2c902, L:/127.0.0.1:51919 - R:localhost/127.0.0.1:8083] onStateChange(GET{uri=/attractions, connection=PooledConnection{channel=[id: 0xc0a2c902, L:/127.0.0.1:51919 - R:localhost/127.0.0.1:8083]}}, [disconnecting])
15:53:17.443 [reactor-http-nio-41] DEBUG reactor.netty.resources.PooledConnectionProvider - [id: 0xc0a2c902, L:/127.0.0.1:51919 - R:localhost/127.0.0.1:8083] Releasing channel
15:53:17.443 [reactor-http-nio-41] DEBUG reactor.netty.resources.PooledConnectionProvider - [id: 0xc0a2c902, L:/127.0.0.1:51919 - R:localhost/127.0.0.1:8083] Channel cleaned, now 128 active connections and 173 inactive connections
15:53:17.444 [reactor-http-nio-48] DEBUG reactor.netty.http.client.HttpClientOperations - [id: 0x19945800, L:/127.0.0.1:51703 - R:localhost/127.0.0.1:8083] Received response (auto-read:false) : [Content-Type=application/json, Transfer-Encoding=chunked, Date=Wed, 15 Jun 2022 14:53:16 GMT]
15:53:17.444 [reactor-http-nio-48] DEBUG reactor.netty.resources.PooledConnectionProvider - [id: 0x19945800, L:/127.0.0.1:51703 - R:localhost/127.0.0.1:8083] onStateChange(GET{uri=/attractions, connection=PooledConnection{channel=[id: 0x19945800, L:/127.0.0.1:51703 - R:localhost/127.0.0.1:8083]}}, [response_received])
15:53:17.444 [reactor-http-nio-48] DEBUG org.springframework.web.reactive.function.client.ExchangeFunctions - [29e8fba9] Response 200 OK
15:53:17.445 [reactor-http-nio-48] DEBUG reactor.netty.channel.FluxReceive - [id: 0x19945800, L:/127.0.0.1:51703 - R:localhost/127.0.0.1:8083] Subscribing inbound receiver [pending: 0, cancelled:false, inboundDone: false]
15:53:17.445 [reactor-http-nio-48] DEBUG reactor.netty.http.client.HttpClientOperations - [id: 0x19945800, L:/127.0.0.1:51703 - R:localhost/127.0.0.1:8083] Received last HTTP packet
15:53:17.445 [reactor-http-nio-48] DEBUG org.springframework.core.codec.StringDecoder - [29e8fba9] Decoded "[{"longitude":-117.922008,"latitude":33.817595,"attractionName":"Disneyland","city":"Anaheim","stat (truncated)...
15:53:17.445 [reactor-http-nio-48] DEBUG reactor.netty.resources.PooledConnectionProvider - [id: 0x19945800, L:/127.0.0.1:51703 - R:localhost/127.0.0.1:8083] onStateChange(GET{uri=/attractions, connection=PooledConnection{channel=[id: 0x19945800, L:/127.0.0.1:51703 - R:localhost/127.0.0.1:8083]}}, [disconnecting])
15:53:17.445 [reactor-http-nio-48] DEBUG reactor.netty.resources.PooledConnectionProvider - [id: 0x19945800, L:/127.0.0.1:51703 - R:localhost/127.0.0.1:8083] Releasing channel
15:53:17.445 [reactor-http-nio-48] DEBUG reactor.netty.resources.PooledConnectionProvider - [id: 0x19945800, L:/127.0.0.1:51703 - R:localhost/127.0.0.1:8083] Channel cleaned, now 127 active connections and 174 inactive connections
15:53:17.446 [reactor-http-nio-41] DEBUG reactor.netty.http.client.HttpClientOperations - [id: 0xd240e1c5, L:/127.0.0.1:51773 - R:localhost/127.0.0.1:8083] Received response (auto-read:false) : [Content-Type=application/json, Transfer-Encoding=chunked, Date=Wed, 15 Jun 2022 14:53:16 GMT]
15:53:17.446 [reactor-http-nio-41] DEBUG reactor.netty.resources.PooledConnectionProvider - [id: 0xd240e1c5, L:/127.0.0.1:51773 - R:localhost/127.0.0.1:8083] onStateChange(GET{uri=/attractions, connection=PooledConnection{channel=[id: 0xd240e1c5, L:/127.0.0.1:51773 - R:localhost/127.0.0.1:8083]}}, [response_received])
15:53:17.446 [reactor-http-nio-41] DEBUG org.springframework.web.reactive.function.client.ExchangeFunctions - [3bbfb234] Response 200 OK
15:53:17.446 [reactor-http-nio-46] DEBUG reactor.netty.http.client.HttpClientOperations - [id: 0xe441070c, L:/127.0.0.1:51808 - R:localhost/127.0.0.1:8083] Received response (auto-read:false) : [Content-Type=application/json, Transfer-Encoding=chunked, Date=Wed, 15 Jun 2022 14:53:15 GMT]
15:53:17.446 [reactor-http-nio-46] DEBUG reactor.netty.resources.PooledConnectionProvider - [id: 0xe441070c, L:/127.0.0.1:51808 - R:localhost/127.0.0.1:8083] onStateChange(GET{uri=/attractions, connection=PooledConnection{channel=[id: 0xe441070c, L:/127.0.0.1:51808 - R:localhost/127.0.0.1:8083]}}, [response_received])
15:53:17.446 [reactor-http-nio-41] DEBUG reactor.netty.channel.FluxReceive - [id: 0xd240e1c5, L:/127.0.0.1:51773 - R:localhost/127.0.0.1:8083] Subscribing inbound receiver [pending: 0, cancelled:false, inboundDone: false]
15:53:17.446 [reactor-http-nio-46] DEBUG org.springframework.web.reactive.function.client.ExchangeFunctions - [61e4ddca] Response 200 OK
15:53:17.446 [reactor-http-nio-41] DEBUG reactor.netty.http.client.HttpClientOperations - [id: 0xd240e1c5, L:/127.0.0.1:51773 - R:localhost/127.0.0.1:8083] Received last HTTP packet
15:53:17.447 [reactor-http-nio-46] DEBUG reactor.netty.channel.FluxReceive - [id: 0xe441070c, L:/127.0.0.1:51808 - R:localhost/127.0.0.1:8083] Subscribing inbound receiver [pending: 0, cancelled:false, inboundDone: false]
15:53:17.447 [reactor-http-nio-41] DEBUG org.springframework.core.codec.StringDecoder - [3bbfb234] Decoded "[{"longitude":-117.922008,"latitude":33.817595,"attractionName":"Disneyland","city":"Anaheim","stat (truncated)...
15:53:17.447 [reactor-http-nio-41] DEBUG reactor.netty.resources.PooledConnectionProvider - [id: 0xd240e1c5, L:/127.0.0.1:51773 - R:localhost/127.0.0.1:8083] onStateChange(GET{uri=/attractions, connection=PooledConnection{channel=[id: 0xd240e1c5, L:/127.0.0.1:51773 - R:localhost/127.0.0.1:8083]}}, [disconnecting])
15:53:17.447 [reactor-http-nio-41] DEBUG reactor.netty.resources.PooledConnectionProvider - [id: 0xd240e1c5, L:/127.0.0.1:51773 - R:localhost/127.0.0.1:8083] Releasing channel
15:53:17.447 [reactor-http-nio-46] DEBUG reactor.netty.http.client.HttpClientOperations - [id: 0xe441070c, L:/127.0.0.1:51808 - R:localhost/127.0.0.1:8083] Received last HTTP packet
15:53:17.447 [reactor-http-nio-41] DEBUG reactor.netty.resources.PooledConnectionProvider - [id: 0xd240e1c5, L:/127.0.0.1:51773 - R:localhost/127.0.0.1:8083] Channel cleaned, now 126 active connections and 175 inactive connections
15:53:17.447 [reactor-http-nio-46] DEBUG org.springframework.core.codec.StringDecoder - [61e4ddca] Decoded "[{"longitude":-117.922008,"latitude":33.817595,"attractionName":"Disneyland","city":"Anaheim","stat (truncated)...
15:53:17.447 [reactor-http-nio-46] DEBUG reactor.netty.resources.PooledConnectionProvider - [id: 0xe441070c, L:/127.0.0.1:51808 - R:localhost/127.0.0.1:8083] onStateChange(GET{uri=/attractions, connection=PooledConnection{channel=[id: 0xe441070c, L:/127.0.0.1:51808 - R:localhost/127.0.0.1:8083]}}, [disconnecting])
15:53:17.447 [reactor-http-nio-46] DEBUG reactor.netty.resources.PooledConnectionProvider - [id: 0xe441070c, L:/127.0.0.1:51808 - R:localhost/127.0.0.1:8083] Releasing channel
15:53:17.447 [reactor-http-nio-46] DEBUG reactor.netty.resources.PooledConnectionProvider - [id: 0xe441070c, L:/127.0.0.1:51808 - R:localhost/127.0.0.1:8083] Channel cleaned, now 125 active connections and 176 inactive connections
15:53:17.447 [reactor-http-nio-41] DEBUG reactor.netty.http.client.HttpClientOperations - [id: 0x1649a857, L:/127.0.0.1:51794 - R:localhost/127.0.0.1:8083] Received response (auto-read:false) : [Content-Type=application/json, Transfer-Encoding=chunked, Date=Wed, 15 Jun 2022 14:53:16 GMT]
15:53:17.447 [reactor-http-nio-41] DEBUG reactor.netty.resources.PooledConnectionProvider - [id: 0x1649a857, L:/127.0.0.1:51794 - R:localhost/127.0.0.1:8083] onStateChange(GET{uri=/attractions, connection=PooledConnection{channel=[id: 0x1649a857, L:/127.0.0.1:51794 - R:localhost/127.0.0.1:8083]}}, [response_received])
15:53:17.447 [reactor-http-nio-41] DEBUG org.springframework.web.reactive.function.client.ExchangeFunctions - [44e410d] Response 200 OK
15:53:17.447 [reactor-http-nio-41] DEBUG reactor.netty.channel.FluxReceive - [id: 0x1649a857, L:/127.0.0.1:51794 - R:localhost/127.0.0.1:8083] Subscribing inbound receiver [pending: 0, cancelled:false, inboundDone: false]
15:53:17.447 [reactor-http-nio-41] DEBUG reactor.netty.http.client.HttpClientOperations - [id: 0x1649a857, L:/127.0.0.1:51794 - R:localhost/127.0.0.1:8083] Received last HTTP packet
15:53:17.448 [reactor-http-nio-41] DEBUG org.springframework.core.codec.StringDecoder - [44e410d] Decoded "[{"longitude":-117.922008,"latitude":33.817595,"attractionName":"Disneyland","city":"Anaheim","stat (truncated)...
15:53:17.448 [reactor-http-nio-41] DEBUG reactor.netty.resources.PooledConnectionProvider - [id: 0x1649a857, L:/127.0.0.1:51794 - R:localhost/127.0.0.1:8083] onStateChange(GET{uri=/attractions, connection=PooledConnection{channel=[id: 0x1649a857, L:/127.0.0.1:51794 - R:localhost/127.0.0.1:8083]}}, [disconnecting])
15:53:17.448 [reactor-http-nio-41] DEBUG reactor.netty.resources.PooledConnectionProvider - [id: 0x1649a857, L:/127.0.0.1:51794 - R:localhost/127.0.0.1:8083] Releasing channel
15:53:17.448 [reactor-http-nio-41] DEBUG reactor.netty.resources.PooledConnectionProvider - [id: 0x1649a857, L:/127.0.0.1:51794 - R:localhost/127.0.0.1:8083] Channel cleaned, now 124 active connections and 177 inactive connections
15:53:17.450 [reactor-http-nio-46] DEBUG reactor.netty.http.client.HttpClientOperations - [id: 0xd8e5c342, L:/127.0.0.1:51820 - R:localhost/127.0.0.1:8083] Received response (auto-read:false) : [Content-Type=application/json, Transfer-Encoding=chunked, Date=Wed, 15 Jun 2022 14:53:15 GMT]
15:53:17.450 [reactor-http-nio-46] DEBUG reactor.netty.resources.PooledConnectionProvider - [id: 0xd8e5c342, L:/127.0.0.1:51820 - R:localhost/127.0.0.1:8083] onStateChange(GET{uri=/attractions, connection=PooledConnection{channel=[id: 0xd8e5c342, L:/127.0.0.1:51820 - R:localhost/127.0.0.1:8083]}}, [response_received])
15:53:17.450 [reactor-http-nio-46] DEBUG org.springframework.web.reactive.function.client.ExchangeFunctions - [55bc340a] Response 200 OK
15:53:17.451 [reactor-http-nio-46] DEBUG reactor.netty.channel.FluxReceive - [id: 0xd8e5c342, L:/127.0.0.1:51820 - R:localhost/127.0.0.1:8083] Subscribing inbound receiver [pending: 0, cancelled:false, inboundDone: false]
15:53:17.451 [reactor-http-nio-46] DEBUG reactor.netty.http.client.HttpClientOperations - [id: 0x235f3a5b, L:/127.0.0.1:51771 - R:localhost/127.0.0.1:8083] Received last HTTP packet
15:53:17.451 [reactor-http-nio-41] DEBUG reactor.netty.http.client.HttpClientOperations - [id: 0x7ed84751, L:/127.0.0.1:51753 - R:localhost/127.0.0.1:8083] Received last HTTP packet
15:53:17.451 [reactor-http-nio-46] DEBUG org.springframework.core.codec.StringDecoder - [3acf6147] Decoded "[{"longitude":-117.922008,"latitude":33.817595,"attractionName":"Disneyland","city":"Anaheim","stat (truncated)...
15:53:17.451 [reactor-http-nio-46] DEBUG reactor.netty.resources.PooledConnectionProvider - [id: 0x235f3a5b, L:/127.0.0.1:51771 - R:localhost/127.0.0.1:8083] onStateChange(GET{uri=/attractions, connection=PooledConnection{channel=[id: 0x235f3a5b, L:/127.0.0.1:51771 - R:localhost/127.0.0.1:8083]}}, [disconnecting])
15:53:17.451 [reactor-http-nio-46] DEBUG reactor.netty.resources.PooledConnectionProvider - [id: 0x235f3a5b, L:/127.0.0.1:51771 - R:localhost/127.0.0.1:8083] Releasing channel
15:53:17.451 [reactor-http-nio-41] DEBUG org.springframework.core.codec.StringDecoder - [62de778f] Decoded "[{"longitude":-117.922008,"latitude":33.817595,"attractionName":"Disneyland","city":"Anaheim","stat (truncated)...
15:53:17.451 [reactor-http-nio-41] DEBUG reactor.netty.resources.PooledConnectionProvider - [id: 0x7ed84751, L:/127.0.0.1:51753 - R:localhost/127.0.0.1:8083] onStateChange(GET{uri=/attractions, connection=PooledConnection{channel=[id: 0x7ed84751, L:/127.0.0.1:51753 - R:localhost/127.0.0.1:8083]}}, [disconnecting])
15:53:17.451 [reactor-http-nio-41] DEBUG reactor.netty.resources.PooledConnectionProvider - [id: 0x7ed84751, L:/127.0.0.1:51753 - R:localhost/127.0.0.1:8083] Releasing channel
15:53:17.451 [reactor-http-nio-41] DEBUG reactor.netty.resources.PooledConnectionProvider - [id: 0x7ed84751, L:/127.0.0.1:51753 - R:localhost/127.0.0.1:8083] Channel cleaned, now 122 active connections and 179 inactive connections
15:53:17.451 [reactor-http-nio-46] DEBUG reactor.netty.resources.PooledConnectionProvider - [id: 0x235f3a5b, L:/127.0.0.1:51771 - R:localhost/127.0.0.1:8083] Channel cleaned, now 123 active connections and 178 inactive connections
15:53:17.451 [reactor-http-nio-46] DEBUG reactor.netty.http.client.HttpClientOperations - [id: 0x13239c6a, L:/127.0.0.1:51810 - R:localhost/127.0.0.1:8083] Received last HTTP packet
15:53:17.451 [reactor-http-nio-46] DEBUG org.springframework.core.codec.StringDecoder - [32119d6c] Decoded "[{"longitude":-117.922008,"latitude":33.817595,"attractionName":"Disneyland","city":"Anaheim","stat (truncated)...
15:53:17.451 [reactor-http-nio-46] DEBUG reactor.netty.resources.PooledConnectionProvider - [id: 0x13239c6a, L:/127.0.0.1:51810 - R:localhost/127.0.0.1:8083] onStateChange(GET{uri=/attractions, connection=PooledConnection{channel=[id: 0x13239c6a, L:/127.0.0.1:51810 - R:localhost/127.0.0.1:8083]}}, [disconnecting])
15:53:17.451 [reactor-http-nio-46] DEBUG reactor.netty.resources.PooledConnectionProvider - [id: 0x13239c6a, L:/127.0.0.1:51810 - R:localhost/127.0.0.1:8083] Releasing channel
15:53:17.451 [reactor-http-nio-46] DEBUG reactor.netty.resources.PooledConnectionProvider - [id: 0x13239c6a, L:/127.0.0.1:51810 - R:localhost/127.0.0.1:8083] Channel cleaned, now 121 active connections and 180 inactive connections
15:53:17.451 [reactor-http-nio-46] DEBUG reactor.netty.http.client.HttpClientOperations - [id: 0x61ea6475, L:/127.0.0.1:51957 - R:localhost/127.0.0.1:8083] Received response (auto-read:false) : [Content-Type=application/json, Transfer-Encoding=chunked, Date=Wed, 15 Jun 2022 14:53:16 GMT]
15:53:17.451 [reactor-http-nio-46] DEBUG reactor.netty.resources.PooledConnectionProvider - [id: 0x61ea6475, L:/127.0.0.1:51957 - R:localhost/127.0.0.1:8083] onStateChange(GET{uri=/userLocation?userId=09ba93de-bb45-48fd-9a9c-12d97c598215, connection=PooledConnection{channel=[id: 0x61ea6475, L:/127.0.0.1:51957 - R:localhost/127.0.0.1:8083]}}, [response_received])
15:53:17.451 [reactor-http-nio-46] DEBUG org.springframework.web.reactive.function.client.ExchangeFunctions - [29a30584] Response 200 OK
15:53:17.452 [reactor-http-nio-46] DEBUG reactor.netty.channel.FluxReceive - [id: 0x61ea6475, L:/127.0.0.1:51957 - R:localhost/127.0.0.1:8083] Subscribing inbound receiver [pending: 0, cancelled:false, inboundDone: false]
15:53:17.452 [reactor-http-nio-46] DEBUG reactor.netty.http.client.HttpClientOperations - [id: 0x61ea6475, L:/127.0.0.1:51957 - R:localhost/127.0.0.1:8083] Received last HTTP packet
15:53:17.452 [reactor-http-nio-46] DEBUG org.springframework.core.codec.StringDecoder - [29a30584] Decoded "{"userId":"09ba93de-bb45-48fd-9a9c-12d97c598215","location":{"longitude":-44.759853,"latitude":-39. (truncated)...
15:53:17.452 [reactor-http-nio-46] DEBUG reactor.netty.resources.PooledConnectionProvider - [id: 0x61ea6475, L:/127.0.0.1:51957 - R:localhost/127.0.0.1:8083] onStateChange(GET{uri=/userLocation?userId=09ba93de-bb45-48fd-9a9c-12d97c598215, connection=PooledConnection{channel=[id: 0x61ea6475, L:/127.0.0.1:51957 - R:localhost/127.0.0.1:8083]}}, [disconnecting])
15:53:17.452 [reactor-http-nio-46] DEBUG reactor.netty.resources.PooledConnectionProvider - [id: 0x61ea6475, L:/127.0.0.1:51957 - R:localhost/127.0.0.1:8083] Releasing channel
15:53:17.452 [reactor-http-nio-46] DEBUG reactor.netty.resources.PooledConnectionProvider - [id: 0x61ea6475, L:/127.0.0.1:51957 - R:localhost/127.0.0.1:8083] Channel cleaned, now 120 active connections and 181 inactive connections
15:53:17.455 [pool-5-thread-23] INFO tourGuide.service.TourGuideService - visitedLocatio tourGuide.gpsUtil.VisitedLocation@57f53453
15:53:17.457 [pool-5-thread-23] DEBUG org.springframework.web.reactive.function.client.ExchangeFunctions - [2fa1dc97] HTTP GET http://localhost:8083/attractions
15:53:17.458 [reactor-http-nio-48] DEBUG reactor.netty.resources.PooledConnectionProvider - [id: 0x14c7d32e, L:/127.0.0.1:51953 - R:localhost/127.0.0.1:8083] Channel acquired, now 121 active connections and 180 inactive connections
15:53:17.458 [reactor-http-nio-48] DEBUG reactor.netty.http.client.HttpClientConnect - [id: 0x14c7d32e, L:/127.0.0.1:51953 - R:localhost/127.0.0.1:8083] Handler is being applied: {uri=http://localhost:8083/attractions, method=GET}
15:53:17.458 [reactor-http-nio-46] DEBUG reactor.netty.http.client.HttpClientOperations - [id: 0x901633c4, L:/127.0.0.1:51815 - R:localhost/127.0.0.1:8083] Received last HTTP packet
15:53:17.458 [reactor-http-nio-48] DEBUG reactor.netty.resources.PooledConnectionProvider - [id: 0x14c7d32e, L:/127.0.0.1:51953 - R:localhost/127.0.0.1:8083] onStateChange(GET{uri=/attractions, connection=PooledConnection{channel=[id: 0x14c7d32e, L:/127.0.0.1:51953 - R:localhost/127.0.0.1:8083]}}, [request_sent])
15:53:17.459 [reactor-http-nio-46] DEBUG org.springframework.core.codec.StringDecoder - [696e644a] Decoded "[{"longitude":-117.922008,"latitude":33.817595,"attractionName":"Disneyland","city":"Anaheim","stat (truncated)...
15:53:17.459 [reactor-http-nio-46] DEBUG reactor.netty.resources.PooledConnectionProvider - [id: 0x901633c4, L:/127.0.0.1:51815 - R:localhost/127.0.0.1:8083] onStateChange(GET{uri=/attractions, connection=PooledConnection{channel=[id: 0x901633c4, L:/127.0.0.1:51815 - R:localhost/127.0.0.1:8083]}}, [disconnecting])
15:53:17.459 [reactor-http-nio-46] DEBUG reactor.netty.resources.PooledConnectionProvider - [id: 0x901633c4, L:/127.0.0.1:51815 - R:localhost/127.0.0.1:8083] Releasing channel
15:53:17.459 [reactor-http-nio-46] DEBUG reactor.netty.resources.PooledConnectionProvider - [id: 0x901633c4, L:/127.0.0.1:51815 - R:localhost/127.0.0.1:8083] Channel cleaned, now 120 active connections and 181 inactive connections
15:53:17.460 [reactor-http-nio-41] DEBUG reactor.netty.http.client.HttpClientOperations - [id: 0x506c6088, L:/127.0.0.1:51764 - R:localhost/127.0.0.1:8083] Received last HTTP packet
15:53:17.460 [reactor-http-nio-41] DEBUG org.springframework.core.codec.StringDecoder - [1f9ff7ef] Decoded "[{"longitude":-117.922008,"latitude":33.817595,"attractionName":"Disneyland","city":"Anaheim","stat (truncated)...
15:53:17.460 [reactor-http-nio-41] DEBUG reactor.netty.resources.PooledConnectionProvider - [id: 0x506c6088, L:/127.0.0.1:51764 - R:localhost/127.0.0.1:8083] onStateChange(GET{uri=/attractions, connection=PooledConnection{channel=[id: 0x506c6088, L:/127.0.0.1:51764 - R:localhost/127.0.0.1:8083]}}, [disconnecting])
15:53:17.460 [reactor-http-nio-41] DEBUG reactor.netty.resources.PooledConnectionProvider - [id: 0x506c6088, L:/127.0.0.1:51764 - R:localhost/127.0.0.1:8083] Releasing channel
15:53:17.460 [reactor-http-nio-41] DEBUG reactor.netty.resources.PooledConnectionProvider - [id: 0x506c6088, L:/127.0.0.1:51764 - R:localhost/127.0.0.1:8083] Channel cleaned, now 119 active connections and 182 inactive connections
15:53:17.461 [reactor-http-nio-46] DEBUG reactor.netty.http.client.HttpClientOperations - [id: 0x786dbf94, L:/127.0.0.1:51803 - R:localhost/127.0.0.1:8083] Received last HTTP packet
15:53:17.461 [reactor-http-nio-46] DEBUG org.springframework.core.codec.StringDecoder - [2c428f30] Decoded "[{"longitude":-117.922008,"latitude":33.817595,"attractionName":"Disneyland","city":"Anaheim","stat (truncated)...
15:53:17.461 [reactor-http-nio-46] DEBUG reactor.netty.resources.PooledConnectionProvider - [id: 0x786dbf94, L:/127.0.0.1:51803 - R:localhost/127.0.0.1:8083] onStateChange(GET{uri=/attractions, connection=PooledConnection{channel=[id: 0x786dbf94, L:/127.0.0.1:51803 - R:localhost/127.0.0.1:8083]}}, [disconnecting])
15:53:17.461 [reactor-http-nio-46] DEBUG reactor.netty.resources.PooledConnectionProvider - [id: 0x786dbf94, L:/127.0.0.1:51803 - R:localhost/127.0.0.1:8083] Releasing channel
15:53:17.461 [reactor-http-nio-46] DEBUG reactor.netty.resources.PooledConnectionProvider - [id: 0x786dbf94, L:/127.0.0.1:51803 - R:localhost/127.0.0.1:8083] Channel cleaned, now 118 active connections and 183 inactive connections
15:53:17.462 [reactor-http-nio-46] DEBUG reactor.netty.http.client.HttpClientOperations - [id: 0xefddac86, L:/127.0.0.1:51812 - R:localhost/127.0.0.1:8083] Received last HTTP packet
15:53:17.462 [reactor-http-nio-41] DEBUG reactor.netty.http.client.HttpClientOperations - [id: 0x48fc4dd2, L:/127.0.0.1:51755 - R:localhost/127.0.0.1:8083] Received last HTTP packet
15:53:17.462 [reactor-http-nio-46] DEBUG org.springframework.core.codec.StringDecoder - [7d188f83] Decoded "[{"longitude":-117.922008,"latitude":33.817595,"attractionName":"Disneyland","city":"Anaheim","stat (truncated)...
15:53:17.462 [reactor-http-nio-46] DEBUG reactor.netty.resources.PooledConnectionProvider - [id: 0xefddac86, L:/127.0.0.1:51812 - R:localhost/127.0.0.1:8083] onStateChange(GET{uri=/attractions, connection=PooledConnection{channel=[id: 0xefddac86, L:/127.0.0.1:51812 - R:localhost/127.0.0.1:8083]}}, [disconnecting])
15:53:17.462 [reactor-http-nio-46] DEBUG reactor.netty.resources.PooledConnectionProvider - [id: 0xefddac86, L:/127.0.0.1:51812 - R:localhost/127.0.0.1:8083] Releasing channel
15:53:17.462 [reactor-http-nio-46] DEBUG reactor.netty.resources.PooledConnectionProvider - [id: 0xefddac86, L:/127.0.0.1:51812 - R:localhost/127.0.0.1:8083] Channel cleaned, now 117 active connections and 184 inactive connections
15:53:17.462 [reactor-http-nio-41] DEBUG org.springframework.core.codec.StringDecoder - [55e5b922] Decoded "[{"longitude":-117.922008,"latitude":33.817595,"attractionName":"Disneyland","city":"Anaheim","stat (truncated)...
15:53:17.463 [reactor-http-nio-41] DEBUG reactor.netty.resources.PooledConnectionProvider - [id: 0x48fc4dd2, L:/127.0.0.1:51755 - R:localhost/127.0.0.1:8083] onStateChange(GET{uri=/attractions, connection=PooledConnection{channel=[id: 0x48fc4dd2, L:/127.0.0.1:51755 - R:localhost/127.0.0.1:8083]}}, [disconnecting])
15:53:17.463 [reactor-http-nio-41] DEBUG reactor.netty.resources.PooledConnectionProvider - [id: 0x48fc4dd2, L:/127.0.0.1:51755 - R:localhost/127.0.0.1:8083] Releasing channel
15:53:17.463 [reactor-http-nio-41] DEBUG reactor.netty.resources.PooledConnectionProvider - [id: 0x48fc4dd2, L:/127.0.0.1:51755 - R:localhost/127.0.0.1:8083] Channel cleaned, now 116 active connections and 185 inactive connections
15:53:17.464 [reactor-http-nio-48] DEBUG reactor.netty.http.client.HttpClientOperations - [id: 0x2539c881, L:/127.0.0.1:51963 - R:localhost/127.0.0.1:8083] Received last HTTP packet
15:53:17.464 [reactor-http-nio-41] DEBUG reactor.netty.http.client.HttpClientOperations - [id: 0x003d9ecc, L:/127.0.0.1:51923 - R:localhost/127.0.0.1:8083] Received last HTTP packet
15:53:17.464 [reactor-http-nio-47] DEBUG reactor.netty.http.client.HttpClientOperations - [id: 0x6cb64786, L:/127.0.0.1:51839 - R:localhost/127.0.0.1:8083] Received last HTTP packet
15:53:17.464 [reactor-http-nio-48] DEBUG org.springframework.core.codec.StringDecoder - [1f7f1bc9] Decoded "[{"longitude":-117.922008,"latitude":33.817595,"attractionName":"Disneyland","city":"Anaheim","stat (truncated)...
15:53:17.464 [reactor-http-nio-47] DEBUG org.springframework.core.codec.StringDecoder - [61635520] Decoded "[{"longitude":-117.922008,"latitude":33.817595,"attractionName":"Disneyland","city":"Anaheim","stat (truncated)...
15:53:17.464 [reactor-http-nio-48] DEBUG reactor.netty.resources.PooledConnectionProvider - [id: 0x2539c881, L:/127.0.0.1:51963 - R:localhost/127.0.0.1:8083] onStateChange(GET{uri=/attractions, connection=PooledConnection{channel=[id: 0x2539c881, L:/127.0.0.1:51963 - R:localhost/127.0.0.1:8083]}}, [disconnecting])
15:53:17.464 [reactor-http-nio-48] DEBUG reactor.netty.resources.PooledConnectionProvider - [id: 0x2539c881, L:/127.0.0.1:51963 - R:localhost/127.0.0.1:8083] Releasing channel
15:53:17.464 [reactor-http-nio-41] DEBUG org.springframework.core.codec.StringDecoder - [54a872ea] Decoded "{"userId":"0e1ba366-5f59-4662-93cf-9417a747ad34","location":{"longitude":141.208543,"latitude":-42. (truncated)...
15:53:17.464 [reactor-http-nio-41] DEBUG reactor.netty.resources.PooledConnectionProvider - [id: 0x003d9ecc, L:/127.0.0.1:51923 - R:localhost/127.0.0.1:8083] onStateChange(GET{uri=/userLocation?userId=0e1ba366-5f59-4662-93cf-9417a747ad34, connection=PooledConnection{channel=[id: 0x003d9ecc, L:/127.0.0.1:51923 - R:localhost/127.0.0.1:8083]}}, [disconnecting])
15:53:17.464 [reactor-http-nio-48] DEBUG reactor.netty.resources.PooledConnectionProvider - [id: 0x2539c881, L:/127.0.0.1:51963 - R:localhost/127.0.0.1:8083] Channel cleaned, now 115 active connections and 186 inactive connections
15:53:17.465 [reactor-http-nio-41] DEBUG reactor.netty.resources.PooledConnectionProvider - [id: 0x003d9ecc, L:/127.0.0.1:51923 - R:localhost/127.0.0.1:8083] Releasing channel
15:53:17.465 [reactor-http-nio-41] DEBUG reactor.netty.resources.PooledConnectionProvider - [id: 0x003d9ecc, L:/127.0.0.1:51923 - R:localhost/127.0.0.1:8083] Channel cleaned, now 114 active connections and 187 inactive connections
15:53:17.464 [reactor-http-nio-47] DEBUG reactor.netty.resources.PooledConnectionProvider - [id: 0x6cb64786, L:/127.0.0.1:51839 - R:localhost/127.0.0.1:8083] onStateChange(GET{uri=/attractions, connection=PooledConnection{channel=[id: 0x6cb64786, L:/127.0.0.1:51839 - R:localhost/127.0.0.1:8083]}}, [disconnecting])
15:53:17.465 [reactor-http-nio-47] DEBUG reactor.netty.resources.PooledConnectionProvider - [id: 0x6cb64786, L:/127.0.0.1:51839 - R:localhost/127.0.0.1:8083] Releasing channel
15:53:17.465 [reactor-http-nio-47] DEBUG reactor.netty.resources.PooledConnectionProvider - [id: 0x6cb64786, L:/127.0.0.1:51839 - R:localhost/127.0.0.1:8083] Channel cleaned, now 113 active connections and 188 inactive connections
15:53:17.466 [pool-5-thread-44] INFO tourGuide.service.TourGuideService - visitedLocatio tourGuide.gpsUtil.VisitedLocation@4b572dd5
15:53:17.466 [reactor-http-nio-47] DEBUG reactor.netty.http.client.HttpClientOperations - [id: 0x502a9f84, L:/127.0.0.1:51845 - R:localhost/127.0.0.1:8083] Received last HTTP packet
15:53:17.466 [reactor-http-nio-47] DEBUG org.springframework.core.codec.StringDecoder - [152f213] Decoded "[{"longitude":-117.922008,"latitude":33.817595,"attractionName":"Disneyland","city":"Anaheim","stat (truncated)...
15:53:17.466 [reactor-http-nio-47] DEBUG reactor.netty.resources.PooledConnectionProvider - [id: 0x502a9f84, L:/127.0.0.1:51845 - R:localhost/127.0.0.1:8083] onStateChange(GET{uri=/attractions, connection=PooledConnection{channel=[id: 0x502a9f84, L:/127.0.0.1:51845 - R:localhost/127.0.0.1:8083]}}, [disconnecting])
15:53:17.466 [reactor-http-nio-47] DEBUG reactor.netty.resources.PooledConnectionProvider - [id: 0x502a9f84, L:/127.0.0.1:51845 - R:localhost/127.0.0.1:8083] Releasing channel
15:53:17.466 [reactor-http-nio-47] DEBUG reactor.netty.resources.PooledConnectionProvider - [id: 0x502a9f84, L:/127.0.0.1:51845 - R:localhost/127.0.0.1:8083] Channel cleaned, now 112 active connections and 189 inactive connections
15:53:17.468 [pool-5-thread-44] DEBUG org.springframework.web.reactive.function.client.ExchangeFunctions - [75ba879e] HTTP GET http://localhost:8083/attractions
15:53:17.469 [reactor-http-nio-46] DEBUG reactor.netty.http.client.HttpClientOperations - [id: 0xf75a1396, L:/127.0.0.1:51746 - R:localhost/127.0.0.1:8083] Received last HTTP packet
15:53:17.470 [reactor-http-nio-47] DEBUG reactor.netty.resources.PooledConnectionProvider - [id: 0xa3d0d1c3, L:/127.0.0.1:51871 - R:localhost/127.0.0.1:8083] Channel acquired, now 113 active connections and 188 inactive connections
15:53:17.470 [reactor-http-nio-47] DEBUG reactor.netty.http.client.HttpClientConnect - [id: 0xa3d0d1c3, L:/127.0.0.1:51871 - R:localhost/127.0.0.1:8083] Handler is being applied: {uri=http://localhost:8083/attractions, method=GET}
15:53:17.470 [reactor-http-nio-47] DEBUG reactor.netty.resources.PooledConnectionProvider - [id: 0xa3d0d1c3, L:/127.0.0.1:51871 - R:localhost/127.0.0.1:8083] onStateChange(GET{uri=/attractions, connection=PooledConnection{channel=[id: 0xa3d0d1c3, L:/127.0.0.1:51871 - R:localhost/127.0.0.1:8083]}}, [request_sent])
15:53:17.471 [reactor-http-nio-46] DEBUG org.springframework.core.codec.StringDecoder - [180b79ae] Decoded "[{"longitude":-117.922008,"latitude":33.817595,"attractionName":"Disneyland","city":"Anaheim","stat (truncated)...
15:53:17.471 [reactor-http-nio-46] DEBUG reactor.netty.resources.PooledConnectionProvider - [id: 0xf75a1396, L:/127.0.0.1:51746 - R:localhost/127.0.0.1:8083] onStateChange(GET{uri=/attractions, connection=PooledConnection{channel=[id: 0xf75a1396, L:/127.0.0.1:51746 - R:localhost/127.0.0.1:8083]}}, [disconnecting])
15:53:17.471 [reactor-http-nio-46] DEBUG reactor.netty.resources.PooledConnectionProvider - [id: 0xf75a1396, L:/127.0.0.1:51746 - R:localhost/127.0.0.1:8083] Releasing channel
15:53:17.471 [reactor-http-nio-46] DEBUG reactor.netty.resources.PooledConnectionProvider - [id: 0xf75a1396, L:/127.0.0.1:51746 - R:localhost/127.0.0.1:8083] Channel cleaned, now 112 active connections and 189 inactive connections
15:53:17.472 [reactor-http-nio-47] DEBUG reactor.netty.http.client.HttpClientOperations - [id: 0x98143ed4, L:/127.0.0.1:51680 - R:localhost/127.0.0.1:8083] Received response (auto-read:false) : [Content-Type=application/json, Transfer-Encoding=chunked, Date=Wed, 15 Jun 2022 14:53:16 GMT]
15:53:17.472 [reactor-http-nio-47] DEBUG reactor.netty.resources.PooledConnectionProvider - [id: 0x98143ed4, L:/127.0.0.1:51680 - R:localhost/127.0.0.1:8083] onStateChange(GET{uri=/attractions, connection=PooledConnection{channel=[id: 0x98143ed4, L:/127.0.0.1:51680 - R:localhost/127.0.0.1:8083]}}, [response_received])
15:53:17.472 [reactor-http-nio-47] DEBUG org.springframework.web.reactive.function.client.ExchangeFunctions - [5edfdc4f] Response 200 OK
15:53:17.473 [reactor-http-nio-47] DEBUG reactor.netty.channel.FluxReceive - [id: 0x98143ed4, L:/127.0.0.1:51680 - R:localhost/127.0.0.1:8083] Subscribing inbound receiver [pending: 0, cancelled:false, inboundDone: false]
15:53:17.474 [reactor-http-nio-41] DEBUG reactor.netty.http.client.HttpClientOperations - [id: 0xfdd4189a, L:/127.0.0.1:51799 - R:localhost/127.0.0.1:8083] Received response (auto-read:false) : [Content-Type=application/json, Transfer-Encoding=chunked, Date=Wed, 15 Jun 2022 14:53:16 GMT]
15:53:17.474 [reactor-http-nio-41] DEBUG reactor.netty.resources.PooledConnectionProvider - [id: 0xfdd4189a, L:/127.0.0.1:51799 - R:localhost/127.0.0.1:8083] onStateChange(GET{uri=/attractions, connection=PooledConnection{channel=[id: 0xfdd4189a, L:/127.0.0.1:51799 - R:localhost/127.0.0.1:8083]}}, [response_received])
15:53:17.474 [reactor-http-nio-41] DEBUG org.springframework.web.reactive.function.client.ExchangeFunctions - [722fe2cf] Response 200 OK
15:53:17.474 [reactor-http-nio-41] DEBUG reactor.netty.channel.FluxReceive - [id: 0xfdd4189a, L:/127.0.0.1:51799 - R:localhost/127.0.0.1:8083] Subscribing inbound receiver [pending: 0, cancelled:false, inboundDone: false]
15:53:17.475 [reactor-http-nio-41] DEBUG reactor.netty.http.client.HttpClientOperations - [id: 0xfdd4189a, L:/127.0.0.1:51799 - R:localhost/127.0.0.1:8083] Received last HTTP packet
15:53:17.475 [reactor-http-nio-41] DEBUG org.springframework.core.codec.StringDecoder - [722fe2cf] Decoded "[{"longitude":-117.922008,"latitude":33.817595,"attractionName":"Disneyland","city":"Anaheim","stat (truncated)...
15:53:17.475 [reactor-http-nio-41] DEBUG reactor.netty.resources.PooledConnectionProvider - [id: 0xfdd4189a, L:/127.0.0.1:51799 - R:localhost/127.0.0.1:8083] onStateChange(GET{uri=/attractions, connection=PooledConnection{channel=[id: 0xfdd4189a, L:/127.0.0.1:51799 - R:localhost/127.0.0.1:8083]}}, [disconnecting])
15:53:17.475 [reactor-http-nio-41] DEBUG reactor.netty.resources.PooledConnectionProvider - [id: 0xfdd4189a, L:/127.0.0.1:51799 - R:localhost/127.0.0.1:8083] Releasing channel
15:53:17.475 [reactor-http-nio-41] DEBUG reactor.netty.resources.PooledConnectionProvider - [id: 0xfdd4189a, L:/127.0.0.1:51799 - R:localhost/127.0.0.1:8083] Channel cleaned, now 111 active connections and 190 inactive connections
15:53:17.475 [reactor-http-nio-46] DEBUG reactor.netty.http.client.HttpClientOperations - [id: 0x66bc1825, L:/127.0.0.1:51780 - R:localhost/127.0.0.1:8083] Received response (auto-read:false) : [Content-Type=application/json, Transfer-Encoding=chunked, Date=Wed, 15 Jun 2022 14:53:16 GMT]
15:53:17.475 [reactor-http-nio-46] DEBUG reactor.netty.resources.PooledConnectionProvider - [id: 0x66bc1825, L:/127.0.0.1:51780 - R:localhost/127.0.0.1:8083] onStateChange(GET{uri=/attractions, connection=PooledConnection{channel=[id: 0x66bc1825, L:/127.0.0.1:51780 - R:localhost/127.0.0.1:8083]}}, [response_received])
15:53:17.475 [reactor-http-nio-46] DEBUG org.springframework.web.reactive.function.client.ExchangeFunctions - [1de945d1] Response 200 OK
15:53:17.475 [reactor-http-nio-46] DEBUG reactor.netty.channel.FluxReceive - [id: 0x66bc1825, L:/127.0.0.1:51780 - R:localhost/127.0.0.1:8083] Subscribing inbound receiver [pending: 0, cancelled:false, inboundDone: false]
15:53:17.476 [reactor-http-nio-46] DEBUG reactor.netty.http.client.HttpClientOperations - [id: 0x66bc1825, L:/127.0.0.1:51780 - R:localhost/127.0.0.1:8083] Received last HTTP packet
15:53:17.476 [reactor-http-nio-46] DEBUG org.springframework.core.codec.StringDecoder - [1de945d1] Decoded "[{"longitude":-117.922008,"latitude":33.817595,"attractionName":"Disneyland","city":"Anaheim","stat (truncated)...
15:53:17.476 [reactor-http-nio-46] DEBUG reactor.netty.resources.PooledConnectionProvider - [id: 0x66bc1825, L:/127.0.0.1:51780 - R:localhost/127.0.0.1:8083] onStateChange(GET{uri=/attractions, connection=PooledConnection{channel=[id: 0x66bc1825, L:/127.0.0.1:51780 - R:localhost/127.0.0.1:8083]}}, [disconnecting])
15:53:17.476 [reactor-http-nio-46] DEBUG reactor.netty.resources.PooledConnectionProvider - [id: 0x66bc1825, L:/127.0.0.1:51780 - R:localhost/127.0.0.1:8083] Releasing channel
15:53:17.476 [reactor-http-nio-46] DEBUG reactor.netty.resources.PooledConnectionProvider - [id: 0x66bc1825, L:/127.0.0.1:51780 - R:localhost/127.0.0.1:8083] Channel cleaned, now 110 active connections and 191 inactive connections
15:53:17.477 [reactor-http-nio-48] DEBUG reactor.netty.http.client.HttpClientOperations - [id: 0xa4f115eb, L:/127.0.0.1:51704 - R:localhost/127.0.0.1:8083] Received response (auto-read:false) : [Content-Type=application/json, Transfer-Encoding=chunked, Date=Wed, 15 Jun 2022 14:53:16 GMT]
15:53:17.477 [reactor-http-nio-48] DEBUG reactor.netty.resources.PooledConnectionProvider - [id: 0xa4f115eb, L:/127.0.0.1:51704 - R:localhost/127.0.0.1:8083] onStateChange(GET{uri=/attractions, connection=PooledConnection{channel=[id: 0xa4f115eb, L:/127.0.0.1:51704 - R:localhost/127.0.0.1:8083]}}, [response_received])
15:53:17.477 [reactor-http-nio-48] DEBUG org.springframework.web.reactive.function.client.ExchangeFunctions - [64d540f5] Response 200 OK
15:53:17.478 [reactor-http-nio-48] DEBUG reactor.netty.channel.FluxReceive - [id: 0xa4f115eb, L:/127.0.0.1:51704 - R:localhost/127.0.0.1:8083] Subscribing inbound receiver [pending: 0, cancelled:false, inboundDone: false]
15:53:17.478 [reactor-http-nio-48] DEBUG reactor.netty.http.client.HttpClientOperations - [id: 0xa4f115eb, L:/127.0.0.1:51704 - R:localhost/127.0.0.1:8083] Received last HTTP packet
15:53:17.478 [reactor-http-nio-48] DEBUG org.springframework.core.codec.StringDecoder - [64d540f5] Decoded "[{"longitude":-117.922008,"latitude":33.817595,"attractionName":"Disneyland","city":"Anaheim","stat (truncated)...
15:53:17.478 [reactor-http-nio-48] DEBUG reactor.netty.resources.PooledConnectionProvider - [id: 0xa4f115eb, L:/127.0.0.1:51704 - R:localhost/127.0.0.1:8083] onStateChange(GET{uri=/attractions, connection=PooledConnection{channel=[id: 0xa4f115eb, L:/127.0.0.1:51704 - R:localhost/127.0.0.1:8083]}}, [disconnecting])
15:53:17.478 [reactor-http-nio-48] DEBUG reactor.netty.resources.PooledConnectionProvider - [id: 0xa4f115eb, L:/127.0.0.1:51704 - R:localhost/127.0.0.1:8083] Releasing channel
15:53:17.478 [reactor-http-nio-48] DEBUG reactor.netty.resources.PooledConnectionProvider - [id: 0xa4f115eb, L:/127.0.0.1:51704 - R:localhost/127.0.0.1:8083] Channel cleaned, now 109 active connections and 192 inactive connections
15:53:17.479 [reactor-http-nio-41] DEBUG reactor.netty.http.client.HttpClientOperations - [id: 0x03f2fda7, L:/127.0.0.1:51737 - R:localhost/127.0.0.1:8083] Received response (auto-read:false) : [Content-Type=application/json, Transfer-Encoding=chunked, Date=Wed, 15 Jun 2022 14:53:16 GMT]
15:53:17.479 [reactor-http-nio-41] DEBUG reactor.netty.resources.PooledConnectionProvider - [id: 0x03f2fda7, L:/127.0.0.1:51737 - R:localhost/127.0.0.1:8083] onStateChange(GET{uri=/attractions, connection=PooledConnection{channel=[id: 0x03f2fda7, L:/127.0.0.1:51737 - R:localhost/127.0.0.1:8083]}}, [response_received])
15:53:17.479 [reactor-http-nio-41] DEBUG org.springframework.web.reactive.function.client.ExchangeFunctions - [1545288d] Response 200 OK
15:53:17.480 [reactor-http-nio-41] DEBUG reactor.netty.channel.FluxReceive - [id: 0x03f2fda7, L:/127.0.0.1:51737 - R:localhost/127.0.0.1:8083] Subscribing inbound receiver [pending: 0, cancelled:false, inboundDone: false]
15:53:17.480 [reactor-http-nio-41] DEBUG reactor.netty.http.client.HttpClientOperations - [id: 0x03f2fda7, L:/127.0.0.1:51737 - R:localhost/127.0.0.1:8083] Received last HTTP packet
15:53:17.480 [reactor-http-nio-41] DEBUG org.springframework.core.codec.StringDecoder - [1545288d] Decoded "[{"longitude":-117.922008,"latitude":33.817595,"attractionName":"Disneyland","city":"Anaheim","stat (truncated)...
15:53:17.480 [reactor-http-nio-41] DEBUG reactor.netty.resources.PooledConnectionProvider - [id: 0x03f2fda7, L:/127.0.0.1:51737 - R:localhost/127.0.0.1:8083] onStateChange(GET{uri=/attractions, connection=PooledConnection{channel=[id: 0x03f2fda7, L:/127.0.0.1:51737 - R:localhost/127.0.0.1:8083]}}, [disconnecting])
15:53:17.480 [reactor-http-nio-41] DEBUG reactor.netty.resources.PooledConnectionProvider - [id: 0x03f2fda7, L:/127.0.0.1:51737 - R:localhost/127.0.0.1:8083] Releasing channel
15:53:17.480 [reactor-http-nio-41] DEBUG reactor.netty.resources.PooledConnectionProvider - [id: 0x03f2fda7, L:/127.0.0.1:51737 - R:localhost/127.0.0.1:8083] Channel cleaned, now 108 active connections and 193 inactive connections
15:53:17.481 [reactor-http-nio-48] DEBUG reactor.netty.http.client.HttpClientOperations - [id: 0x2b8a27a7, L:/127.0.0.1:51916 - R:localhost/127.0.0.1:8083] Received response (auto-read:false) : [Content-Type=application/json, Transfer-Encoding=chunked, Date=Wed, 15 Jun 2022 14:53:16 GMT]
15:53:17.481 [reactor-http-nio-48] DEBUG reactor.netty.resources.PooledConnectionProvider - [id: 0x2b8a27a7, L:/127.0.0.1:51916 - R:localhost/127.0.0.1:8083] onStateChange(GET{uri=/attractions, connection=PooledConnection{channel=[id: 0x2b8a27a7, L:/127.0.0.1:51916 - R:localhost/127.0.0.1:8083]}}, [response_received])
15:53:17.481 [reactor-http-nio-48] DEBUG org.springframework.web.reactive.function.client.ExchangeFunctions - [3d7fa816] Response 200 OK
15:53:17.481 [reactor-http-nio-48] DEBUG reactor.netty.channel.FluxReceive - [id: 0x2b8a27a7, L:/127.0.0.1:51916 - R:localhost/127.0.0.1:8083] Subscribing inbound receiver [pending: 0, cancelled:false, inboundDone: false]
15:53:17.482 [reactor-http-nio-48] DEBUG reactor.netty.http.client.HttpClientOperations - [id: 0x2b8a27a7, L:/127.0.0.1:51916 - R:localhost/127.0.0.1:8083] Received last HTTP packet
15:53:17.482 [reactor-http-nio-48] DEBUG org.springframework.core.codec.StringDecoder - [3d7fa816] Decoded "[{"longitude":-117.922008,"latitude":33.817595,"attractionName":"Disneyland","city":"Anaheim","stat (truncated)...
15:53:17.482 [reactor-http-nio-48] DEBUG reactor.netty.resources.PooledConnectionProvider - [id: 0x2b8a27a7, L:/127.0.0.1:51916 - R:localhost/127.0.0.1:8083] onStateChange(GET{uri=/attractions, connection=PooledConnection{channel=[id: 0x2b8a27a7, L:/127.0.0.1:51916 - R:localhost/127.0.0.1:8083]}}, [disconnecting])
15:53:17.482 [reactor-http-nio-48] DEBUG reactor.netty.resources.PooledConnectionProvider - [id: 0x2b8a27a7, L:/127.0.0.1:51916 - R:localhost/127.0.0.1:8083] Releasing channel
15:53:17.482 [reactor-http-nio-48] DEBUG reactor.netty.resources.PooledConnectionProvider - [id: 0x2b8a27a7, L:/127.0.0.1:51916 - R:localhost/127.0.0.1:8083] Channel cleaned, now 107 active connections and 194 inactive connections
15:53:17.506 [pool-4-thread-51] DEBUG org.springframework.web.reactive.function.client.ExchangeFunctions - [11d2304] HTTP GET http://localhost:8084/attractionRewardPoint?attractionId=9daf8e18-506a-40fa-9b37-7cae4ffc7408&userId=3ec4fbe0-0dde-427c-9cd5-84402ced7c38
15:53:17.507 [reactor-http-nio-47] DEBUG reactor.netty.resources.PooledConnectionProvider - [id: 0x4071061f] Created new pooled channel, now 50 active connections and 1 inactive connections
15:53:17.508 [reactor-http-nio-47] DEBUG reactor.netty.channel.BootstrapHandlers - [id: 0x4071061f] Initialized pipeline DefaultChannelPipeline{(BootstrapHandlers$BootstrapInitializerHandler#0 = reactor.netty.channel.BootstrapHandlers$BootstrapInitializerHandler), (SimpleChannelPool$1#0 = io.netty.channel.pool.SimpleChannelPool$1), (reactor.left.httpCodec = io.netty.handler.codec.http.HttpClientCodec), (reactor.left.decompressor = io.netty.handler.codec.http.HttpContentDecompressor), (reactor.right.reactiveBridge = reactor.netty.channel.ChannelOperationsHandler)}
15:53:17.509 [reactor-http-nio-47] DEBUG reactor.netty.resources.PooledConnectionProvider - [id: 0x4071061f, L:/127.0.0.1:52031 - R:localhost/127.0.0.1:8084] onStateChange(PooledConnection{channel=[id: 0x4071061f, L:/127.0.0.1:52031 - R:localhost/127.0.0.1:8084]}, [connected])
15:53:17.509 [reactor-http-nio-47] DEBUG reactor.netty.resources.PooledConnectionProvider - [id: 0x4071061f, L:/127.0.0.1:52031 - R:localhost/127.0.0.1:8084] onStateChange(GET{uri=/, connection=PooledConnection{channel=[id: 0x4071061f, L:/127.0.0.1:52031 - R:localhost/127.0.0.1:8084]}}, [configured])
15:53:17.509 [reactor-http-nio-41] DEBUG reactor.netty.http.client.HttpClientOperations - [id: 0xb3555784, L:/127.0.0.1:51724 - R:localhost/127.0.0.1:8083] Received response (auto-read:false) : [Content-Type=application/json, Transfer-Encoding=chunked, Date=Wed, 15 Jun 2022 14:53:16 GMT]
15:53:17.509 [reactor-http-nio-41] DEBUG reactor.netty.resources.PooledConnectionProvider - [id: 0xb3555784, L:/127.0.0.1:51724 - R:localhost/127.0.0.1:8083] onStateChange(GET{uri=/attractions, connection=PooledConnection{channel=[id: 0xb3555784, L:/127.0.0.1:51724 - R:localhost/127.0.0.1:8083]}}, [response_received])
15:53:17.509 [reactor-http-nio-41] DEBUG org.springframework.web.reactive.function.client.ExchangeFunctions - [3a6742c7] Response 200 OK
15:53:17.510 [reactor-http-nio-41] DEBUG reactor.netty.channel.FluxReceive - [id: 0xb3555784, L:/127.0.0.1:51724 - R:localhost/127.0.0.1:8083] Subscribing inbound receiver [pending: 0, cancelled:false, inboundDone: false]
15:53:17.510 [reactor-http-nio-41] DEBUG reactor.netty.http.client.HttpClientOperations - [id: 0xb3555784, L:/127.0.0.1:51724 - R:localhost/127.0.0.1:8083] Received last HTTP packet
15:53:17.510 [reactor-http-nio-41] DEBUG org.springframework.core.codec.StringDecoder - [3a6742c7] Decoded "[{"longitude":-117.922008,"latitude":33.817595,"attractionName":"Disneyland","city":"Anaheim","stat (truncated)...
15:53:17.510 [reactor-http-nio-41] DEBUG reactor.netty.resources.PooledConnectionProvider - [id: 0xb3555784, L:/127.0.0.1:51724 - R:localhost/127.0.0.1:8083] onStateChange(GET{uri=/attractions, connection=PooledConnection{channel=[id: 0xb3555784, L:/127.0.0.1:51724 - R:localhost/127.0.0.1:8083]}}, [disconnecting])
15:53:17.510 [reactor-http-nio-41] DEBUG reactor.netty.resources.PooledConnectionProvider - [id: 0xb3555784, L:/127.0.0.1:51724 - R:localhost/127.0.0.1:8083] Releasing channel
15:53:17.510 [reactor-http-nio-47] DEBUG reactor.netty.resources.PooledConnectionProvider - [id: 0x4071061f, L:/127.0.0.1:52031 - R:localhost/127.0.0.1:8084] Registering pool release on close event for channel
15:53:17.510 [reactor-http-nio-41] DEBUG reactor.netty.resources.PooledConnectionProvider - [id: 0xb3555784, L:/127.0.0.1:51724 - R:localhost/127.0.0.1:8083] Channel cleaned, now 106 active connections and 195 inactive connections
15:53:17.510 [reactor-http-nio-47] DEBUG reactor.netty.http.client.HttpClientConnect - [id: 0x4071061f, L:/127.0.0.1:52031 - R:localhost/127.0.0.1:8084] Handler is being applied: {uri=http://localhost:8084/attractionRewardPoint?attractionId=9daf8e18-506a-40fa-9b37-7cae4ffc7408&userId=3ec4fbe0-0dde-427c-9cd5-84402ced7c38, method=GET}
15:53:17.511 [reactor-http-nio-47] DEBUG reactor.netty.resources.PooledConnectionProvider - [id: 0x4071061f, L:/127.0.0.1:52031 - R:localhost/127.0.0.1:8084] onStateChange(GET{uri=/attractionRewardPoint?attractionId=9daf8e18-506a-40fa-9b37-7cae4ffc7408&userId=3ec4fbe0-0dde-427c-9cd5-84402ced7c38, connection=PooledConnection{channel=[id: 0x4071061f, L:/127.0.0.1:52031 - R:localhost/127.0.0.1:8084]}}, [request_sent])
15:53:17.511 [reactor-http-nio-47] DEBUG reactor.netty.resources.PooledConnectionProvider - [id: 0x4071061f, L:/127.0.0.1:52031 - R:localhost/127.0.0.1:8084] Channel connected, now 51 active connections and 0 inactive connections
15:53:17.512 [reactor-http-nio-47] DEBUG reactor.netty.http.client.HttpClientOperations - [id: 0x26a43d3a, L:/127.0.0.1:51840 - R:localhost/127.0.0.1:8083] Received response (auto-read:false) : [Content-Type=application/json, Transfer-Encoding=chunked, Date=Wed, 15 Jun 2022 14:53:16 GMT]
15:53:17.512 [reactor-http-nio-47] DEBUG reactor.netty.resources.PooledConnectionProvider - [id: 0x26a43d3a, L:/127.0.0.1:51840 - R:localhost/127.0.0.1:8083] onStateChange(GET{uri=/attractions, connection=PooledConnection{channel=[id: 0x26a43d3a, L:/127.0.0.1:51840 - R:localhost/127.0.0.1:8083]}}, [response_received])
15:53:17.512 [reactor-http-nio-47] DEBUG org.springframework.web.reactive.function.client.ExchangeFunctions - [5ce2a381] Response 200 OK
15:53:17.512 [reactor-http-nio-47] DEBUG reactor.netty.channel.FluxReceive - [id: 0x26a43d3a, L:/127.0.0.1:51840 - R:localhost/127.0.0.1:8083] Subscribing inbound receiver [pending: 0, cancelled:false, inboundDone: false]
15:53:17.512 [reactor-http-nio-47] DEBUG reactor.netty.http.client.HttpClientOperations - [id: 0x26a43d3a, L:/127.0.0.1:51840 - R:localhost/127.0.0.1:8083] Received last HTTP packet
15:53:17.512 [reactor-http-nio-47] DEBUG org.springframework.core.codec.StringDecoder - [5ce2a381] Decoded "[{"longitude":-117.922008,"latitude":33.817595,"attractionName":"Disneyland","city":"Anaheim","stat (truncated)...
15:53:17.512 [reactor-http-nio-47] DEBUG reactor.netty.resources.PooledConnectionProvider - [id: 0x26a43d3a, L:/127.0.0.1:51840 - R:localhost/127.0.0.1:8083] onStateChange(GET{uri=/attractions, connection=PooledConnection{channel=[id: 0x26a43d3a, L:/127.0.0.1:51840 - R:localhost/127.0.0.1:8083]}}, [disconnecting])
15:53:17.512 [reactor-http-nio-47] DEBUG reactor.netty.resources.PooledConnectionProvider - [id: 0x26a43d3a, L:/127.0.0.1:51840 - R:localhost/127.0.0.1:8083] Releasing channel
15:53:17.512 [reactor-http-nio-47] DEBUG reactor.netty.resources.PooledConnectionProvider - [id: 0x26a43d3a, L:/127.0.0.1:51840 - R:localhost/127.0.0.1:8083] Channel cleaned, now 105 active connections and 196 inactive connections
15:53:17.513 [reactor-http-nio-41] DEBUG reactor.netty.http.client.HttpClientOperations - [id: 0x03dc54cb, L:/127.0.0.1:51901 - R:localhost/127.0.0.1:8083] Received response (auto-read:false) : [Content-Type=application/json, Transfer-Encoding=chunked, Date=Wed, 15 Jun 2022 14:53:16 GMT]
15:53:17.513 [reactor-http-nio-41] DEBUG reactor.netty.resources.PooledConnectionProvider - [id: 0x03dc54cb, L:/127.0.0.1:51901 - R:localhost/127.0.0.1:8083] onStateChange(GET{uri=/attractions, connection=PooledConnection{channel=[id: 0x03dc54cb, L:/127.0.0.1:51901 - R:localhost/127.0.0.1:8083]}}, [response_received])
15:53:17.513 [reactor-http-nio-41] DEBUG org.springframework.web.reactive.function.client.ExchangeFunctions - [29135324] Response 200 OK
15:53:17.513 [reactor-http-nio-46] DEBUG reactor.netty.http.client.HttpClientOperations - [id: 0x57e92495, L:/127.0.0.1:51779 - R:localhost/127.0.0.1:8083] Received response (auto-read:false) : [Content-Type=application/json, Transfer-Encoding=chunked, Date=Wed, 15 Jun 2022 14:53:16 GMT]
15:53:17.513 [reactor-http-nio-46] DEBUG reactor.netty.resources.PooledConnectionProvider - [id: 0x57e92495, L:/127.0.0.1:51779 - R:localhost/127.0.0.1:8083] onStateChange(GET{uri=/attractions, connection=PooledConnection{channel=[id: 0x57e92495, L:/127.0.0.1:51779 - R:localhost/127.0.0.1:8083]}}, [response_received])
15:53:17.514 [reactor-http-nio-46] DEBUG org.springframework.web.reactive.function.client.ExchangeFunctions - [14478d89] Response 200 OK
15:53:17.514 [reactor-http-nio-41] DEBUG reactor.netty.channel.FluxReceive - [id: 0x03dc54cb, L:/127.0.0.1:51901 - R:localhost/127.0.0.1:8083] Subscribing inbound receiver [pending: 0, cancelled:false, inboundDone: false]
15:53:17.514 [reactor-http-nio-46] DEBUG reactor.netty.channel.FluxReceive - [id: 0x57e92495, L:/127.0.0.1:51779 - R:localhost/127.0.0.1:8083] Subscribing inbound receiver [pending: 0, cancelled:false, inboundDone: false]
15:53:17.514 [reactor-http-nio-46] DEBUG reactor.netty.http.client.HttpClientOperations - [id: 0x57e92495, L:/127.0.0.1:51779 - R:localhost/127.0.0.1:8083] Received last HTTP packet
15:53:17.514 [reactor-http-nio-41] DEBUG reactor.netty.http.client.HttpClientOperations - [id: 0x03dc54cb, L:/127.0.0.1:51901 - R:localhost/127.0.0.1:8083] Received last HTTP packet
15:53:17.514 [reactor-http-nio-46] DEBUG org.springframework.core.codec.StringDecoder - [14478d89] Decoded "[{"longitude":-117.922008,"latitude":33.817595,"attractionName":"Disneyland","city":"Anaheim","stat (truncated)...
15:53:17.514 [reactor-http-nio-46] DEBUG reactor.netty.resources.PooledConnectionProvider - [id: 0x57e92495, L:/127.0.0.1:51779 - R:localhost/127.0.0.1:8083] onStateChange(GET{uri=/attractions, connection=PooledConnection{channel=[id: 0x57e92495, L:/127.0.0.1:51779 - R:localhost/127.0.0.1:8083]}}, [disconnecting])
15:53:17.514 [reactor-http-nio-41] DEBUG org.springframework.core.codec.StringDecoder - [29135324] Decoded "[{"longitude":-117.922008,"latitude":33.817595,"attractionName":"Disneyland","city":"Anaheim","stat (truncated)...
15:53:17.514 [reactor-http-nio-46] DEBUG reactor.netty.resources.PooledConnectionProvider - [id: 0x57e92495, L:/127.0.0.1:51779 - R:localhost/127.0.0.1:8083] Releasing channel
15:53:17.514 [reactor-http-nio-41] DEBUG reactor.netty.resources.PooledConnectionProvider - [id: 0x03dc54cb, L:/127.0.0.1:51901 - R:localhost/127.0.0.1:8083] onStateChange(GET{uri=/attractions, connection=PooledConnection{channel=[id: 0x03dc54cb, L:/127.0.0.1:51901 - R:localhost/127.0.0.1:8083]}}, [disconnecting])
15:53:17.514 [reactor-http-nio-41] DEBUG reactor.netty.resources.PooledConnectionProvider - [id: 0x03dc54cb, L:/127.0.0.1:51901 - R:localhost/127.0.0.1:8083] Releasing channel
15:53:17.514 [reactor-http-nio-46] DEBUG reactor.netty.resources.PooledConnectionProvider - [id: 0x57e92495, L:/127.0.0.1:51779 - R:localhost/127.0.0.1:8083] Channel cleaned, now 104 active connections and 197 inactive connections
15:53:17.514 [reactor-http-nio-41] DEBUG reactor.netty.resources.PooledConnectionProvider - [id: 0x03dc54cb, L:/127.0.0.1:51901 - R:localhost/127.0.0.1:8083] Channel cleaned, now 103 active connections and 198 inactive connections
15:53:17.515 [reactor-http-nio-47] DEBUG reactor.netty.http.client.HttpClientOperations - [id: 0x4269e003, L:/127.0.0.1:51863 - R:localhost/127.0.0.1:8083] Received response (auto-read:false) : [Content-Type=application/json, Transfer-Encoding=chunked, Date=Wed, 15 Jun 2022 14:53:16 GMT]
15:53:17.515 [reactor-http-nio-47] DEBUG reactor.netty.resources.PooledConnectionProvider - [id: 0x4269e003, L:/127.0.0.1:51863 - R:localhost/127.0.0.1:8083] onStateChange(GET{uri=/attractions, connection=PooledConnection{channel=[id: 0x4269e003, L:/127.0.0.1:51863 - R:localhost/127.0.0.1:8083]}}, [response_received])
15:53:17.515 [reactor-http-nio-47] DEBUG org.springframework.web.reactive.function.client.ExchangeFunctions - [f84cf7a] Response 200 OK
15:53:17.515 [reactor-http-nio-47] DEBUG reactor.netty.channel.FluxReceive - [id: 0x4269e003, L:/127.0.0.1:51863 - R:localhost/127.0.0.1:8083] Subscribing inbound receiver [pending: 0, cancelled:false, inboundDone: false]
15:53:17.515 [reactor-http-nio-47] DEBUG reactor.netty.http.client.HttpClientOperations - [id: 0x4269e003, L:/127.0.0.1:51863 - R:localhost/127.0.0.1:8083] Received last HTTP packet
15:53:17.516 [reactor-http-nio-47] DEBUG org.springframework.core.codec.StringDecoder - [f84cf7a] Decoded "[{"longitude":-117.922008,"latitude":33.817595,"attractionName":"Disneyland","city":"Anaheim","stat (truncated)...
15:53:17.516 [reactor-http-nio-47] DEBUG reactor.netty.resources.PooledConnectionProvider - [id: 0x4269e003, L:/127.0.0.1:51863 - R:localhost/127.0.0.1:8083] onStateChange(GET{uri=/attractions, connection=PooledConnection{channel=[id: 0x4269e003, L:/127.0.0.1:51863 - R:localhost/127.0.0.1:8083]}}, [disconnecting])
15:53:17.516 [reactor-http-nio-47] DEBUG reactor.netty.resources.PooledConnectionProvider - [id: 0x4269e003, L:/127.0.0.1:51863 - R:localhost/127.0.0.1:8083] Releasing channel
15:53:17.516 [reactor-http-nio-47] DEBUG reactor.netty.resources.PooledConnectionProvider - [id: 0x4269e003, L:/127.0.0.1:51863 - R:localhost/127.0.0.1:8083] Channel cleaned, now 102 active connections and 199 inactive connections
15:53:17.516 [pool-4-thread-52] DEBUG org.springframework.web.reactive.function.client.ExchangeFunctions - [37c459ed] HTTP GET http://localhost:8084/attractionRewardPoint?attractionId=e99c0808-8089-488c-8871-7889ee3a2c53&userId=17e328fa-6d3f-4114-bb82-70207a82fbd9
15:53:17.517 [reactor-http-nio-41] DEBUG reactor.netty.resources.PooledConnectionProvider - [id: 0x271ad07a] Created new pooled channel, now 51 active connections and 1 inactive connections
15:53:17.518 [reactor-http-nio-41] DEBUG reactor.netty.channel.BootstrapHandlers - [id: 0x271ad07a] Initialized pipeline DefaultChannelPipeline{(BootstrapHandlers$BootstrapInitializerHandler#0 = reactor.netty.channel.BootstrapHandlers$BootstrapInitializerHandler), (SimpleChannelPool$1#0 = io.netty.channel.pool.SimpleChannelPool$1), (reactor.left.httpCodec = io.netty.handler.codec.http.HttpClientCodec), (reactor.left.decompressor = io.netty.handler.codec.http.HttpContentDecompressor), (reactor.right.reactiveBridge = reactor.netty.channel.ChannelOperationsHandler)}
15:53:17.519 [reactor-http-nio-41] DEBUG reactor.netty.http.client.HttpClientOperations - [id: 0x48bd25d1, L:/127.0.0.1:51711 - R:localhost/127.0.0.1:8083] Received response (auto-read:false) : [Content-Type=application/json, Transfer-Encoding=chunked, Date=Wed, 15 Jun 2022 14:53:16 GMT]
15:53:17.519 [reactor-http-nio-41] DEBUG reactor.netty.resources.PooledConnectionProvider - [id: 0x48bd25d1, L:/127.0.0.1:51711 - R:localhost/127.0.0.1:8083] onStateChange(GET{uri=/attractions, connection=PooledConnection{channel=[id: 0x48bd25d1, L:/127.0.0.1:51711 - R:localhost/127.0.0.1:8083]}}, [response_received])
15:53:17.519 [reactor-http-nio-41] DEBUG org.springframework.web.reactive.function.client.ExchangeFunctions - [4bdc3146] Response 200 OK
15:53:17.519 [pool-4-thread-53] DEBUG org.springframework.web.reactive.function.client.ExchangeFunctions - [a756d8d] HTTP GET http://localhost:8084/attractionRewardPoint?attractionId=a69abbc5-e057-43d9-aff1-f0c8a6e26361&userId=fb0946d9-85e9-4622-af6d-33e6a4417056
15:53:17.519 [reactor-http-nio-41] DEBUG reactor.netty.channel.FluxReceive - [id: 0x48bd25d1, L:/127.0.0.1:51711 - R:localhost/127.0.0.1:8083] Subscribing inbound receiver [pending: 0, cancelled:false, inboundDone: false]
15:53:17.519 [reactor-http-nio-41] DEBUG reactor.netty.http.client.HttpClientOperations - [id: 0x48bd25d1, L:/127.0.0.1:51711 - R:localhost/127.0.0.1:8083] Received last HTTP packet
15:53:17.519 [reactor-http-nio-41] DEBUG org.springframework.core.codec.StringDecoder - [4bdc3146] Decoded "[{"longitude":-117.922008,"latitude":33.817595,"attractionName":"Disneyland","city":"Anaheim","stat (truncated)...
15:53:17.520 [reactor-http-nio-41] DEBUG reactor.netty.resources.PooledConnectionProvider - [id: 0x48bd25d1, L:/127.0.0.1:51711 - R:localhost/127.0.0.1:8083] onStateChange(GET{uri=/attractions, connection=PooledConnection{channel=[id: 0x48bd25d1, L:/127.0.0.1:51711 - R:localhost/127.0.0.1:8083]}}, [disconnecting])
15:53:17.520 [reactor-http-nio-41] DEBUG reactor.netty.resources.PooledConnectionProvider - [id: 0x48bd25d1, L:/127.0.0.1:51711 - R:localhost/127.0.0.1:8083] Releasing channel
15:53:17.520 [reactor-http-nio-41] DEBUG reactor.netty.resources.PooledConnectionProvider - [id: 0x48bd25d1, L:/127.0.0.1:51711 - R:localhost/127.0.0.1:8083] Channel cleaned, now 101 active connections and 200 inactive connections
15:53:17.520 [reactor-http-nio-41] DEBUG reactor.netty.resources.PooledConnectionProvider - [id: 0x271ad07a, L:/127.0.0.1:52032 - R:localhost/127.0.0.1:8084] onStateChange(PooledConnection{channel=[id: 0x271ad07a, L:/127.0.0.1:52032 - R:localhost/127.0.0.1:8084]}, [connected])
15:53:17.520 [reactor-http-nio-41] DEBUG reactor.netty.resources.PooledConnectionProvider - [id: 0x271ad07a, L:/127.0.0.1:52032 - R:localhost/127.0.0.1:8084] onStateChange(GET{uri=/, connection=PooledConnection{channel=[id: 0x271ad07a, L:/127.0.0.1:52032 - R:localhost/127.0.0.1:8084]}}, [configured])
15:53:17.521 [reactor-http-nio-41] DEBUG reactor.netty.resources.PooledConnectionProvider - [id: 0x271ad07a, L:/127.0.0.1:52032 - R:localhost/127.0.0.1:8084] Registering pool release on close event for channel
15:53:17.521 [reactor-http-nio-41] DEBUG reactor.netty.http.client.HttpClientConnect - [id: 0x271ad07a, L:/127.0.0.1:52032 - R:localhost/127.0.0.1:8084] Handler is being applied: {uri=http://localhost:8084/attractionRewardPoint?attractionId=e99c0808-8089-488c-8871-7889ee3a2c53&userId=17e328fa-6d3f-4114-bb82-70207a82fbd9, method=GET}
15:53:17.521 [reactor-http-nio-47] DEBUG reactor.netty.resources.PooledConnectionProvider - [id: 0xb2a527bb] Created new pooled channel, now 52 active connections and 1 inactive connections
15:53:17.522 [reactor-http-nio-47] DEBUG reactor.netty.channel.BootstrapHandlers - [id: 0xb2a527bb] Initialized pipeline DefaultChannelPipeline{(BootstrapHandlers$BootstrapInitializerHandler#0 = reactor.netty.channel.BootstrapHandlers$BootstrapInitializerHandler), (SimpleChannelPool$1#0 = io.netty.channel.pool.SimpleChannelPool$1), (reactor.left.httpCodec = io.netty.handler.codec.http.HttpClientCodec), (reactor.left.decompressor = io.netty.handler.codec.http.HttpContentDecompressor), (reactor.right.reactiveBridge = reactor.netty.channel.ChannelOperationsHandler)}
15:53:17.522 [reactor-http-nio-41] DEBUG reactor.netty.resources.PooledConnectionProvider - [id: 0x271ad07a, L:/127.0.0.1:52032 - R:localhost/127.0.0.1:8084] onStateChange(GET{uri=/attractionRewardPoint?attractionId=e99c0808-8089-488c-8871-7889ee3a2c53&userId=17e328fa-6d3f-4114-bb82-70207a82fbd9, connection=PooledConnection{channel=[id: 0x271ad07a, L:/127.0.0.1:52032 - R:localhost/127.0.0.1:8084]}}, [request_sent])
15:53:17.522 [reactor-http-nio-41] DEBUG reactor.netty.resources.PooledConnectionProvider - [id: 0x271ad07a, L:/127.0.0.1:52032 - R:localhost/127.0.0.1:8084] Channel connected, now 52 active connections and 1 inactive connections
15:53:17.524 [reactor-http-nio-47] DEBUG reactor.netty.resources.PooledConnectionProvider - [id: 0xb2a527bb, L:/127.0.0.1:52033 - R:localhost/127.0.0.1:8084] onStateChange(PooledConnection{channel=[id: 0xb2a527bb, L:/127.0.0.1:52033 - R:localhost/127.0.0.1:8084]}, [connected])
15:53:17.524 [reactor-http-nio-47] DEBUG reactor.netty.resources.PooledConnectionProvider - [id: 0xb2a527bb, L:/127.0.0.1:52033 - R:localhost/127.0.0.1:8084] onStateChange(GET{uri=/, connection=PooledConnection{channel=[id: 0xb2a527bb, L:/127.0.0.1:52033 - R:localhost/127.0.0.1:8084]}}, [configured])
15:53:17.525 [pool-4-thread-54] DEBUG org.springframework.web.reactive.function.client.ExchangeFunctions - [420d128f] HTTP GET http://localhost:8084/attractionRewardPoint?attractionId=a05ac501-da54-4af7-b95a-2656a1a00156&userId=ceb971f2-27df-45c9-9720-e816c3531753
15:53:17.525 [reactor-http-nio-47] DEBUG reactor.netty.resources.PooledConnectionProvider - [id: 0xb2a527bb, L:/127.0.0.1:52033 - R:localhost/127.0.0.1:8084] Registering pool release on close event for channel
15:53:17.525 [reactor-http-nio-47] DEBUG reactor.netty.http.client.HttpClientConnect - [id: 0xb2a527bb, L:/127.0.0.1:52033 - R:localhost/127.0.0.1:8084] Handler is being applied: {uri=http://localhost:8084/attractionRewardPoint?attractionId=a69abbc5-e057-43d9-aff1-f0c8a6e26361&userId=fb0946d9-85e9-4622-af6d-33e6a4417056, method=GET}
15:53:17.526 [reactor-http-nio-47] DEBUG reactor.netty.resources.PooledConnectionProvider - [id: 0xb2a527bb, L:/127.0.0.1:52033 - R:localhost/127.0.0.1:8084] onStateChange(GET{uri=/attractionRewardPoint?attractionId=a69abbc5-e057-43d9-aff1-f0c8a6e26361&userId=fb0946d9-85e9-4622-af6d-33e6a4417056, connection=PooledConnection{channel=[id: 0xb2a527bb, L:/127.0.0.1:52033 - R:localhost/127.0.0.1:8084]}}, [request_sent])
15:53:17.526 [reactor-http-nio-47] DEBUG reactor.netty.resources.PooledConnectionProvider - [id: 0xb2a527bb, L:/127.0.0.1:52033 - R:localhost/127.0.0.1:8084] Channel connected, now 53 active connections and 0 inactive connections
15:53:17.526 [reactor-http-nio-41] DEBUG reactor.netty.resources.PooledConnectionProvider - [id: 0x032b5803] Created new pooled channel, now 53 active connections and 1 inactive connections
15:53:17.526 [reactor-http-nio-41] DEBUG reactor.netty.channel.BootstrapHandlers - [id: 0x032b5803] Initialized pipeline DefaultChannelPipeline{(BootstrapHandlers$BootstrapInitializerHandler#0 = reactor.netty.channel.BootstrapHandlers$BootstrapInitializerHandler), (SimpleChannelPool$1#0 = io.netty.channel.pool.SimpleChannelPool$1), (reactor.left.httpCodec = io.netty.handler.codec.http.HttpClientCodec), (reactor.left.decompressor = io.netty.handler.codec.http.HttpContentDecompressor), (reactor.right.reactiveBridge = reactor.netty.channel.ChannelOperationsHandler)}
15:53:17.527 [pool-4-thread-55] DEBUG org.springframework.web.reactive.function.client.ExchangeFunctions - [8690aa7] HTTP GET http://localhost:8084/attractionRewardPoint?attractionId=d29325e8-c7b0-47e1-9bcb-a6ac41c12c04&userId=d5e375b9-6de3-465c-b4f9-9a02553a3a10
15:53:17.527 [reactor-http-nio-41] DEBUG reactor.netty.resources.PooledConnectionProvider - [id: 0x032b5803, L:/127.0.0.1:52034 - R:localhost/127.0.0.1:8084] onStateChange(PooledConnection{channel=[id: 0x032b5803, L:/127.0.0.1:52034 - R:localhost/127.0.0.1:8084]}, [connected])
15:53:17.528 [reactor-http-nio-41] DEBUG reactor.netty.resources.PooledConnectionProvider - [id: 0x032b5803, L:/127.0.0.1:52034 - R:localhost/127.0.0.1:8084] onStateChange(GET{uri=/, connection=PooledConnection{channel=[id: 0x032b5803, L:/127.0.0.1:52034 - R:localhost/127.0.0.1:8084]}}, [configured])
15:53:17.529 [reactor-http-nio-47] DEBUG reactor.netty.resources.PooledConnectionProvider - [id: 0x578703ec] Created new pooled channel, now 53 active connections and 2 inactive connections
15:53:17.529 [reactor-http-nio-47] DEBUG reactor.netty.channel.BootstrapHandlers - [id: 0x578703ec] Initialized pipeline DefaultChannelPipeline{(BootstrapHandlers$BootstrapInitializerHandler#0 = reactor.netty.channel.BootstrapHandlers$BootstrapInitializerHandler), (SimpleChannelPool$1#0 = io.netty.channel.pool.SimpleChannelPool$1), (reactor.left.httpCodec = io.netty.handler.codec.http.HttpClientCodec), (reactor.left.decompressor = io.netty.handler.codec.http.HttpContentDecompressor), (reactor.right.reactiveBridge = reactor.netty.channel.ChannelOperationsHandler)}
15:53:17.529 [reactor-http-nio-41] DEBUG reactor.netty.resources.PooledConnectionProvider - [id: 0x032b5803, L:/127.0.0.1:52034 - R:localhost/127.0.0.1:8084] Registering pool release on close event for channel
15:53:17.529 [reactor-http-nio-41] DEBUG reactor.netty.http.client.HttpClientConnect - [id: 0x032b5803, L:/127.0.0.1:52034 - R:localhost/127.0.0.1:8084] Handler is being applied: {uri=http://localhost:8084/attractionRewardPoint?attractionId=a05ac501-da54-4af7-b95a-2656a1a00156&userId=ceb971f2-27df-45c9-9720-e816c3531753, method=GET}
15:53:17.529 [reactor-http-nio-41] DEBUG reactor.netty.resources.PooledConnectionProvider - [id: 0x032b5803, L:/127.0.0.1:52034 - R:localhost/127.0.0.1:8084] onStateChange(GET{uri=/attractionRewardPoint?attractionId=a05ac501-da54-4af7-b95a-2656a1a00156&userId=ceb971f2-27df-45c9-9720-e816c3531753, connection=PooledConnection{channel=[id: 0x032b5803, L:/127.0.0.1:52034 - R:localhost/127.0.0.1:8084]}}, [request_sent])
15:53:17.529 [reactor-http-nio-41] DEBUG reactor.netty.resources.PooledConnectionProvider - [id: 0x032b5803, L:/127.0.0.1:52034 - R:localhost/127.0.0.1:8084] Channel connected, now 54 active connections and 1 inactive connections
15:53:17.531 [reactor-http-nio-47] DEBUG reactor.netty.resources.PooledConnectionProvider - [id: 0x578703ec, L:/127.0.0.1:52035 - R:localhost/127.0.0.1:8084] onStateChange(PooledConnection{channel=[id: 0x578703ec, L:/127.0.0.1:52035 - R:localhost/127.0.0.1:8084]}, [connected])
15:53:17.531 [reactor-http-nio-47] DEBUG reactor.netty.resources.PooledConnectionProvider - [id: 0x578703ec, L:/127.0.0.1:52035 - R:localhost/127.0.0.1:8084] onStateChange(GET{uri=/, connection=PooledConnection{channel=[id: 0x578703ec, L:/127.0.0.1:52035 - R:localhost/127.0.0.1:8084]}}, [configured])
15:53:17.531 [pool-4-thread-56] DEBUG org.springframework.web.reactive.function.client.ExchangeFunctions - [2bf287cd] HTTP GET http://localhost:8084/attractionRewardPoint?attractionId=696c2837-8d49-4cbc-aeff-70d51a4645d9&userId=ea32b189-1cc0-4182-b548-638b7d1e3ad7
15:53:17.532 [reactor-http-nio-47] DEBUG reactor.netty.resources.PooledConnectionProvider - [id: 0x578703ec, L:/127.0.0.1:52035 - R:localhost/127.0.0.1:8084] Registering pool release on close event for channel
15:53:17.532 [reactor-http-nio-47] DEBUG reactor.netty.http.client.HttpClientConnect - [id: 0x578703ec, L:/127.0.0.1:52035 - R:localhost/127.0.0.1:8084] Handler is being applied: {uri=http://localhost:8084/attractionRewardPoint?attractionId=d29325e8-c7b0-47e1-9bcb-a6ac41c12c04&userId=d5e375b9-6de3-465c-b4f9-9a02553a3a10, method=GET}
15:53:17.532 [reactor-http-nio-47] DEBUG reactor.netty.resources.PooledConnectionProvider - [id: 0x578703ec, L:/127.0.0.1:52035 - R:localhost/127.0.0.1:8084] onStateChange(GET{uri=/attractionRewardPoint?attractionId=d29325e8-c7b0-47e1-9bcb-a6ac41c12c04&userId=d5e375b9-6de3-465c-b4f9-9a02553a3a10, connection=PooledConnection{channel=[id: 0x578703ec, L:/127.0.0.1:52035 - R:localhost/127.0.0.1:8084]}}, [request_sent])
15:53:17.533 [reactor-http-nio-47] DEBUG reactor.netty.resources.PooledConnectionProvider - [id: 0x578703ec, L:/127.0.0.1:52035 - R:localhost/127.0.0.1:8084] Channel connected, now 55 active connections and 0 inactive connections
15:53:17.533 [reactor-http-nio-41] DEBUG reactor.netty.resources.PooledConnectionProvider - [id: 0x05093caa] Created new pooled channel, now 55 active connections and 1 inactive connections
15:53:17.533 [reactor-http-nio-41] DEBUG reactor.netty.channel.BootstrapHandlers - [id: 0x05093caa] Initialized pipeline DefaultChannelPipeline{(BootstrapHandlers$BootstrapInitializerHandler#0 = reactor.netty.channel.BootstrapHandlers$BootstrapInitializerHandler), (SimpleChannelPool$1#0 = io.netty.channel.pool.SimpleChannelPool$1), (reactor.left.httpCodec = io.netty.handler.codec.http.HttpClientCodec), (reactor.left.decompressor = io.netty.handler.codec.http.HttpContentDecompressor), (reactor.right.reactiveBridge = reactor.netty.channel.ChannelOperationsHandler)}
15:53:17.534 [pool-4-thread-57] DEBUG org.springframework.web.reactive.function.client.ExchangeFunctions - [38111cde] HTTP GET http://localhost:8084/attractionRewardPoint?attractionId=061f7916-11cd-4b2f-bbf8-31042a975d71&userId=73f7c3ad-16ee-466a-9f0a-5ff7642407d0
15:53:17.535 [reactor-http-nio-41] DEBUG reactor.netty.resources.PooledConnectionProvider - [id: 0x05093caa, L:/127.0.0.1:52036 - R:localhost/127.0.0.1:8084] onStateChange(PooledConnection{channel=[id: 0x05093caa, L:/127.0.0.1:52036 - R:localhost/127.0.0.1:8084]}, [connected])
15:53:17.535 [reactor-http-nio-41] DEBUG reactor.netty.resources.PooledConnectionProvider - [id: 0x05093caa, L:/127.0.0.1:52036 - R:localhost/127.0.0.1:8084] onStateChange(GET{uri=/, connection=PooledConnection{channel=[id: 0x05093caa, L:/127.0.0.1:52036 - R:localhost/127.0.0.1:8084]}}, [configured])
15:53:17.535 [reactor-http-nio-47] DEBUG reactor.netty.resources.PooledConnectionProvider - [id: 0xbef73541] Created new pooled channel, now 55 active connections and 2 inactive connections
15:53:17.535 [reactor-http-nio-47] DEBUG reactor.netty.channel.BootstrapHandlers - [id: 0xbef73541] Initialized pipeline DefaultChannelPipeline{(BootstrapHandlers$BootstrapInitializerHandler#0 = reactor.netty.channel.BootstrapHandlers$BootstrapInitializerHandler), (SimpleChannelPool$1#0 = io.netty.channel.pool.SimpleChannelPool$1), (reactor.left.httpCodec = io.netty.handler.codec.http.HttpClientCodec), (reactor.left.decompressor = io.netty.handler.codec.http.HttpContentDecompressor), (reactor.right.reactiveBridge = reactor.netty.channel.ChannelOperationsHandler)}
15:53:17.537 [reactor-http-nio-41] DEBUG reactor.netty.resources.PooledConnectionProvider - [id: 0x05093caa, L:/127.0.0.1:52036 - R:localhost/127.0.0.1:8084] Registering pool release on close event for channel
15:53:17.537 [reactor-http-nio-41] DEBUG reactor.netty.http.client.HttpClientConnect - [id: 0x05093caa, L:/127.0.0.1:52036 - R:localhost/127.0.0.1:8084] Handler is being applied: {uri=http://localhost:8084/attractionRewardPoint?attractionId=696c2837-8d49-4cbc-aeff-70d51a4645d9&userId=ea32b189-1cc0-4182-b548-638b7d1e3ad7, method=GET}
15:53:17.537 [reactor-http-nio-47] DEBUG reactor.netty.resources.PooledConnectionProvider - [id: 0xbef73541, L:/127.0.0.1:52037 - R:localhost/127.0.0.1:8084] onStateChange(PooledConnection{channel=[id: 0xbef73541, L:/127.0.0.1:52037 - R:localhost/127.0.0.1:8084]}, [connected])
15:53:17.537 [reactor-http-nio-47] DEBUG reactor.netty.resources.PooledConnectionProvider - [id: 0xbef73541, L:/127.0.0.1:52037 - R:localhost/127.0.0.1:8084] onStateChange(GET{uri=/, connection=PooledConnection{channel=[id: 0xbef73541, L:/127.0.0.1:52037 - R:localhost/127.0.0.1:8084]}}, [configured])
15:53:17.537 [reactor-http-nio-41] DEBUG reactor.netty.resources.PooledConnectionProvider - [id: 0x05093caa, L:/127.0.0.1:52036 - R:localhost/127.0.0.1:8084] onStateChange(GET{uri=/attractionRewardPoint?attractionId=696c2837-8d49-4cbc-aeff-70d51a4645d9&userId=ea32b189-1cc0-4182-b548-638b7d1e3ad7, connection=PooledConnection{channel=[id: 0x05093caa, L:/127.0.0.1:52036 - R:localhost/127.0.0.1:8084]}}, [request_sent])
15:53:17.537 [reactor-http-nio-41] DEBUG reactor.netty.resources.PooledConnectionProvider - [id: 0x05093caa, L:/127.0.0.1:52036 - R:localhost/127.0.0.1:8084] Channel connected, now 56 active connections and 1 inactive connections
15:53:17.538 [reactor-http-nio-47] DEBUG reactor.netty.resources.PooledConnectionProvider - [id: 0xbef73541, L:/127.0.0.1:52037 - R:localhost/127.0.0.1:8084] Registering pool release on close event for channel
15:53:17.538 [reactor-http-nio-47] DEBUG reactor.netty.http.client.HttpClientConnect - [id: 0xbef73541, L:/127.0.0.1:52037 - R:localhost/127.0.0.1:8084] Handler is being applied: {uri=http://localhost:8084/attractionRewardPoint?attractionId=061f7916-11cd-4b2f-bbf8-31042a975d71&userId=73f7c3ad-16ee-466a-9f0a-5ff7642407d0, method=GET}
15:53:17.539 [reactor-http-nio-47] DEBUG reactor.netty.resources.PooledConnectionProvider - [id: 0xbef73541, L:/127.0.0.1:52037 - R:localhost/127.0.0.1:8084] onStateChange(GET{uri=/attractionRewardPoint?attractionId=061f7916-11cd-4b2f-bbf8-31042a975d71&userId=73f7c3ad-16ee-466a-9f0a-5ff7642407d0, connection=PooledConnection{channel=[id: 0xbef73541, L:/127.0.0.1:52037 - R:localhost/127.0.0.1:8084]}}, [request_sent])
15:53:17.539 [reactor-http-nio-47] DEBUG reactor.netty.resources.PooledConnectionProvider - [id: 0xbef73541, L:/127.0.0.1:52037 - R:localhost/127.0.0.1:8084] Channel connected, now 57 active connections and 0 inactive connections
15:53:17.540 [reactor-http-nio-48] DEBUG reactor.netty.http.client.HttpClientOperations - [id: 0xa530ca4b, L:/127.0.0.1:51886 - R:localhost/127.0.0.1:8083] Received response (auto-read:false) : [Content-Type=application/json, Transfer-Encoding=chunked, Date=Wed, 15 Jun 2022 14:53:16 GMT]
15:53:17.540 [reactor-http-nio-48] DEBUG reactor.netty.resources.PooledConnectionProvider - [id: 0xa530ca4b, L:/127.0.0.1:51886 - R:localhost/127.0.0.1:8083] onStateChange(GET{uri=/attractions, connection=PooledConnection{channel=[id: 0xa530ca4b, L:/127.0.0.1:51886 - R:localhost/127.0.0.1:8083]}}, [response_received])
15:53:17.540 [reactor-http-nio-48] DEBUG org.springframework.web.reactive.function.client.ExchangeFunctions - [4adbd74d] Response 200 OK
15:53:17.540 [pool-4-thread-58] DEBUG org.springframework.web.reactive.function.client.ExchangeFunctions - [5dfe6f2] HTTP GET http://localhost:8084/attractionRewardPoint?attractionId=c875ab4b-cb3a-4c56-9b2b-5fcc560cb735&userId=086ff253-59e1-45ed-9f0b-90e96da74140
15:53:17.540 [reactor-http-nio-48] DEBUG reactor.netty.channel.FluxReceive - [id: 0xa530ca4b, L:/127.0.0.1:51886 - R:localhost/127.0.0.1:8083] Subscribing inbound receiver [pending: 0, cancelled:false, inboundDone: false]
15:53:17.541 [reactor-http-nio-48] DEBUG reactor.netty.http.client.HttpClientOperations - [id: 0xa530ca4b, L:/127.0.0.1:51886 - R:localhost/127.0.0.1:8083] Received last HTTP packet
15:53:17.541 [reactor-http-nio-48] DEBUG org.springframework.core.codec.StringDecoder - [4adbd74d] Decoded "[{"longitude":-117.922008,"latitude":33.817595,"attractionName":"Disneyland","city":"Anaheim","stat (truncated)...
15:53:17.541 [reactor-http-nio-48] DEBUG reactor.netty.resources.PooledConnectionProvider - [id: 0xa530ca4b, L:/127.0.0.1:51886 - R:localhost/127.0.0.1:8083] onStateChange(GET{uri=/attractions, connection=PooledConnection{channel=[id: 0xa530ca4b, L:/127.0.0.1:51886 - R:localhost/127.0.0.1:8083]}}, [disconnecting])
15:53:17.541 [reactor-http-nio-48] DEBUG reactor.netty.resources.PooledConnectionProvider - [id: 0xa530ca4b, L:/127.0.0.1:51886 - R:localhost/127.0.0.1:8083] Releasing channel
15:53:17.541 [reactor-http-nio-48] DEBUG reactor.netty.resources.PooledConnectionProvider - [id: 0xa530ca4b, L:/127.0.0.1:51886 - R:localhost/127.0.0.1:8083] Channel cleaned, now 100 active connections and 201 inactive connections
15:53:17.541 [reactor-http-nio-41] DEBUG reactor.netty.resources.PooledConnectionProvider - [id: 0xc5e5b174] Created new pooled channel, now 57 active connections and 1 inactive connections
15:53:17.541 [reactor-http-nio-41] DEBUG reactor.netty.channel.BootstrapHandlers - [id: 0xc5e5b174] Initialized pipeline DefaultChannelPipeline{(BootstrapHandlers$BootstrapInitializerHandler#0 = reactor.netty.channel.BootstrapHandlers$BootstrapInitializerHandler), (SimpleChannelPool$1#0 = io.netty.channel.pool.SimpleChannelPool$1), (reactor.left.httpCodec = io.netty.handler.codec.http.HttpClientCodec), (reactor.left.decompressor = io.netty.handler.codec.http.HttpContentDecompressor), (reactor.right.reactiveBridge = reactor.netty.channel.ChannelOperationsHandler)}
15:53:17.544 [reactor-http-nio-41] DEBUG reactor.netty.http.client.HttpClientOperations - [id: 0x63f027f7, L:/127.0.0.1:51721 - R:localhost/127.0.0.1:8083] Received response (auto-read:false) : [Content-Type=application/json, Transfer-Encoding=chunked, Date=Wed, 15 Jun 2022 14:53:16 GMT]
15:53:17.544 [reactor-http-nio-41] DEBUG reactor.netty.resources.PooledConnectionProvider - [id: 0x63f027f7, L:/127.0.0.1:51721 - R:localhost/127.0.0.1:8083] onStateChange(GET{uri=/attractions, connection=PooledConnection{channel=[id: 0x63f027f7, L:/127.0.0.1:51721 - R:localhost/127.0.0.1:8083]}}, [response_received])
15:53:17.544 [reactor-http-nio-41] DEBUG org.springframework.web.reactive.function.client.ExchangeFunctions - [e41c4e0] Response 200 OK
15:53:17.544 [reactor-http-nio-41] DEBUG reactor.netty.channel.FluxReceive - [id: 0x63f027f7, L:/127.0.0.1:51721 - R:localhost/127.0.0.1:8083] Subscribing inbound receiver [pending: 0, cancelled:false, inboundDone: false]
15:53:17.544 [reactor-http-nio-41] DEBUG reactor.netty.http.client.HttpClientOperations - [id: 0x63f027f7, L:/127.0.0.1:51721 - R:localhost/127.0.0.1:8083] Received last HTTP packet
15:53:17.544 [reactor-http-nio-41] DEBUG org.springframework.core.codec.StringDecoder - [e41c4e0] Decoded "[{"longitude":-117.922008,"latitude":33.817595,"attractionName":"Disneyland","city":"Anaheim","stat (truncated)...
15:53:17.545 [reactor-http-nio-41] DEBUG reactor.netty.resources.PooledConnectionProvider - [id: 0x63f027f7, L:/127.0.0.1:51721 - R:localhost/127.0.0.1:8083] onStateChange(GET{uri=/attractions, connection=PooledConnection{channel=[id: 0x63f027f7, L:/127.0.0.1:51721 - R:localhost/127.0.0.1:8083]}}, [disconnecting])
15:53:17.545 [reactor-http-nio-41] DEBUG reactor.netty.resources.PooledConnectionProvider - [id: 0x63f027f7, L:/127.0.0.1:51721 - R:localhost/127.0.0.1:8083] Releasing channel
15:53:17.545 [reactor-http-nio-41] DEBUG reactor.netty.resources.PooledConnectionProvider - [id: 0x63f027f7, L:/127.0.0.1:51721 - R:localhost/127.0.0.1:8083] Channel cleaned, now 99 active connections and 202 inactive connections
15:53:17.545 [reactor-http-nio-41] DEBUG reactor.netty.http.client.HttpClientOperations - [id: 0x22744470, L:/127.0.0.1:51785 - R:localhost/127.0.0.1:8083] Received response (auto-read:false) : [Content-Type=application/json, Transfer-Encoding=chunked, Date=Wed, 15 Jun 2022 14:53:16 GMT]
15:53:17.545 [reactor-http-nio-41] DEBUG reactor.netty.resources.PooledConnectionProvider - [id: 0x22744470, L:/127.0.0.1:51785 - R:localhost/127.0.0.1:8083] onStateChange(GET{uri=/attractions, connection=PooledConnection{channel=[id: 0x22744470, L:/127.0.0.1:51785 - R:localhost/127.0.0.1:8083]}}, [response_received])
15:53:17.545 [reactor-http-nio-41] DEBUG org.springframework.web.reactive.function.client.ExchangeFunctions - [69d615dc] Response 200 OK
15:53:17.546 [reactor-http-nio-41] DEBUG reactor.netty.channel.FluxReceive - [id: 0x22744470, L:/127.0.0.1:51785 - R:localhost/127.0.0.1:8083] Subscribing inbound receiver [pending: 0, cancelled:false, inboundDone: false]
15:53:17.546 [reactor-http-nio-41] DEBUG reactor.netty.http.client.HttpClientOperations - [id: 0x22744470, L:/127.0.0.1:51785 - R:localhost/127.0.0.1:8083] Received last HTTP packet
15:53:17.546 [reactor-http-nio-41] DEBUG org.springframework.core.codec.StringDecoder - [69d615dc] Decoded "[{"longitude":-117.922008,"latitude":33.817595,"attractionName":"Disneyland","city":"Anaheim","stat (truncated)...
15:53:17.546 [reactor-http-nio-41] DEBUG reactor.netty.resources.PooledConnectionProvider - [id: 0x22744470, L:/127.0.0.1:51785 - R:localhost/127.0.0.1:8083] onStateChange(GET{uri=/attractions, connection=PooledConnection{channel=[id: 0x22744470, L:/127.0.0.1:51785 - R:localhost/127.0.0.1:8083]}}, [disconnecting])
15:53:17.546 [reactor-http-nio-41] DEBUG reactor.netty.resources.PooledConnectionProvider - [id: 0x22744470, L:/127.0.0.1:51785 - R:localhost/127.0.0.1:8083] Releasing channel
15:53:17.546 [reactor-http-nio-41] DEBUG reactor.netty.resources.PooledConnectionProvider - [id: 0x22744470, L:/127.0.0.1:51785 - R:localhost/127.0.0.1:8083] Channel cleaned, now 98 active connections and 203 inactive connections
15:53:17.546 [reactor-http-nio-47] DEBUG reactor.netty.http.client.HttpClientOperations - [id: 0x98ecb58e, L:/127.0.0.1:51684 - R:localhost/127.0.0.1:8083] Received response (auto-read:false) : [Content-Type=application/json, Transfer-Encoding=chunked, Date=Wed, 15 Jun 2022 14:53:16 GMT]
15:53:17.546 [reactor-http-nio-47] DEBUG reactor.netty.resources.PooledConnectionProvider - [id: 0x98ecb58e, L:/127.0.0.1:51684 - R:localhost/127.0.0.1:8083] onStateChange(GET{uri=/attractions, connection=PooledConnection{channel=[id: 0x98ecb58e, L:/127.0.0.1:51684 - R:localhost/127.0.0.1:8083]}}, [response_received])
15:53:17.546 [reactor-http-nio-47] DEBUG org.springframework.web.reactive.function.client.ExchangeFunctions - [2a69f6ed] Response 200 OK
15:53:17.546 [reactor-http-nio-47] DEBUG reactor.netty.channel.FluxReceive - [id: 0x98ecb58e, L:/127.0.0.1:51684 - R:localhost/127.0.0.1:8083] Subscribing inbound receiver [pending: 0, cancelled:false, inboundDone: false]
15:53:17.546 [reactor-http-nio-41] DEBUG reactor.netty.resources.PooledConnectionProvider - [id: 0xc5e5b174, L:/127.0.0.1:52038 - R:localhost/127.0.0.1:8084] onStateChange(PooledConnection{channel=[id: 0xc5e5b174, L:/127.0.0.1:52038 - R:localhost/127.0.0.1:8084]}, [connected])
15:53:17.546 [reactor-http-nio-41] DEBUG reactor.netty.resources.PooledConnectionProvider - [id: 0xc5e5b174, L:/127.0.0.1:52038 - R:localhost/127.0.0.1:8084] onStateChange(GET{uri=/, connection=PooledConnection{channel=[id: 0xc5e5b174, L:/127.0.0.1:52038 - R:localhost/127.0.0.1:8084]}}, [configured])
15:53:17.546 [reactor-http-nio-47] DEBUG reactor.netty.http.client.HttpClientOperations - [id: 0x98ecb58e, L:/127.0.0.1:51684 - R:localhost/127.0.0.1:8083] Received last HTTP packet
15:53:17.547 [reactor-http-nio-47] DEBUG org.springframework.core.codec.StringDecoder - [2a69f6ed] Decoded "[{"longitude":-117.922008,"latitude":33.817595,"attractionName":"Disneyland","city":"Anaheim","stat (truncated)...
15:53:17.547 [reactor-http-nio-47] DEBUG reactor.netty.resources.PooledConnectionProvider - [id: 0x98ecb58e, L:/127.0.0.1:51684 - R:localhost/127.0.0.1:8083] onStateChange(GET{uri=/attractions, connection=PooledConnection{channel=[id: 0x98ecb58e, L:/127.0.0.1:51684 - R:localhost/127.0.0.1:8083]}}, [disconnecting])
15:53:17.547 [reactor-http-nio-47] DEBUG reactor.netty.resources.PooledConnectionProvider - [id: 0x98ecb58e, L:/127.0.0.1:51684 - R:localhost/127.0.0.1:8083] Releasing channel
15:53:17.547 [reactor-http-nio-47] DEBUG reactor.netty.resources.PooledConnectionProvider - [id: 0x98ecb58e, L:/127.0.0.1:51684 - R:localhost/127.0.0.1:8083] Channel cleaned, now 97 active connections and 204 inactive connections
15:53:17.548 [reactor-http-nio-41] DEBUG reactor.netty.resources.PooledConnectionProvider - [id: 0xc5e5b174, L:/127.0.0.1:52038 - R:localhost/127.0.0.1:8084] Registering pool release on close event for channel
15:53:17.548 [reactor-http-nio-41] DEBUG reactor.netty.http.client.HttpClientConnect - [id: 0xc5e5b174, L:/127.0.0.1:52038 - R:localhost/127.0.0.1:8084] Handler is being applied: {uri=http://localhost:8084/attractionRewardPoint?attractionId=c875ab4b-cb3a-4c56-9b2b-5fcc560cb735&userId=086ff253-59e1-45ed-9f0b-90e96da74140, method=GET}
15:53:17.548 [reactor-http-nio-41] DEBUG reactor.netty.resources.PooledConnectionProvider - [id: 0xc5e5b174, L:/127.0.0.1:52038 - R:localhost/127.0.0.1:8084] onStateChange(GET{uri=/attractionRewardPoint?attractionId=c875ab4b-cb3a-4c56-9b2b-5fcc560cb735&userId=086ff253-59e1-45ed-9f0b-90e96da74140, connection=PooledConnection{channel=[id: 0xc5e5b174, L:/127.0.0.1:52038 - R:localhost/127.0.0.1:8084]}}, [request_sent])
15:53:17.549 [reactor-http-nio-41] DEBUG reactor.netty.resources.PooledConnectionProvider - [id: 0xc5e5b174, L:/127.0.0.1:52038 - R:localhost/127.0.0.1:8084] Channel connected, now 58 active connections and 0 inactive connections
15:53:17.550 [reactor-http-nio-47] DEBUG reactor.netty.http.client.HttpClientOperations - [id: 0x7df89b85, L:/127.0.0.1:51851 - R:localhost/127.0.0.1:8083] Received response (auto-read:false) : [Content-Type=application/json, Transfer-Encoding=chunked, Date=Wed, 15 Jun 2022 14:53:16 GMT]
15:53:17.550 [reactor-http-nio-47] DEBUG reactor.netty.resources.PooledConnectionProvider - [id: 0x7df89b85, L:/127.0.0.1:51851 - R:localhost/127.0.0.1:8083] onStateChange(GET{uri=/attractions, connection=PooledConnection{channel=[id: 0x7df89b85, L:/127.0.0.1:51851 - R:localhost/127.0.0.1:8083]}}, [response_received])
15:53:17.550 [reactor-http-nio-47] DEBUG org.springframework.web.reactive.function.client.ExchangeFunctions - [49acf1d9] Response 200 OK
15:53:17.551 [reactor-http-nio-47] DEBUG reactor.netty.channel.FluxReceive - [id: 0x7df89b85, L:/127.0.0.1:51851 - R:localhost/127.0.0.1:8083] Subscribing inbound receiver [pending: 0, cancelled:false, inboundDone: false]
15:53:17.551 [reactor-http-nio-47] DEBUG reactor.netty.http.client.HttpClientOperations - [id: 0x7df89b85, L:/127.0.0.1:51851 - R:localhost/127.0.0.1:8083] Received last HTTP packet
15:53:17.551 [reactor-http-nio-47] DEBUG org.springframework.core.codec.StringDecoder - [49acf1d9] Decoded "[{"longitude":-117.922008,"latitude":33.817595,"attractionName":"Disneyland","city":"Anaheim","stat (truncated)...
15:53:17.551 [reactor-http-nio-47] DEBUG reactor.netty.resources.PooledConnectionProvider - [id: 0x7df89b85, L:/127.0.0.1:51851 - R:localhost/127.0.0.1:8083] onStateChange(GET{uri=/attractions, connection=PooledConnection{channel=[id: 0x7df89b85, L:/127.0.0.1:51851 - R:localhost/127.0.0.1:8083]}}, [disconnecting])
15:53:17.551 [reactor-http-nio-47] DEBUG reactor.netty.resources.PooledConnectionProvider - [id: 0x7df89b85, L:/127.0.0.1:51851 - R:localhost/127.0.0.1:8083] Releasing channel
15:53:17.551 [reactor-http-nio-47] DEBUG reactor.netty.resources.PooledConnectionProvider - [id: 0x7df89b85, L:/127.0.0.1:51851 - R:localhost/127.0.0.1:8083] Channel cleaned, now 96 active connections and 205 inactive connections
15:53:17.551 [reactor-http-nio-47] DEBUG reactor.netty.http.client.HttpClientOperations - [id: 0xdce01143, L:/127.0.0.1:51689 - R:localhost/127.0.0.1:8083] Received response (auto-read:false) : [Content-Type=application/json, Transfer-Encoding=chunked, Date=Wed, 15 Jun 2022 14:53:16 GMT]
15:53:17.551 [reactor-http-nio-47] DEBUG reactor.netty.resources.PooledConnectionProvider - [id: 0xdce01143, L:/127.0.0.1:51689 - R:localhost/127.0.0.1:8083] onStateChange(GET{uri=/attractions, connection=PooledConnection{channel=[id: 0xdce01143, L:/127.0.0.1:51689 - R:localhost/127.0.0.1:8083]}}, [response_received])
15:53:17.551 [reactor-http-nio-47] DEBUG org.springframework.web.reactive.function.client.ExchangeFunctions - [b546510] Response 200 OK
15:53:17.552 [reactor-http-nio-47] DEBUG reactor.netty.channel.FluxReceive - [id: 0xdce01143, L:/127.0.0.1:51689 - R:localhost/127.0.0.1:8083] Subscribing inbound receiver [pending: 0, cancelled:false, inboundDone: false]
15:53:17.552 [reactor-http-nio-47] DEBUG reactor.netty.http.client.HttpClientOperations - [id: 0xdce01143, L:/127.0.0.1:51689 - R:localhost/127.0.0.1:8083] Received last HTTP packet
15:53:17.552 [reactor-http-nio-47] DEBUG org.springframework.core.codec.StringDecoder - [b546510] Decoded "[{"longitude":-117.922008,"latitude":33.817595,"attractionName":"Disneyland","city":"Anaheim","stat (truncated)...
15:53:17.552 [reactor-http-nio-47] DEBUG reactor.netty.resources.PooledConnectionProvider - [id: 0xdce01143, L:/127.0.0.1:51689 - R:localhost/127.0.0.1:8083] onStateChange(GET{uri=/attractions, connection=PooledConnection{channel=[id: 0xdce01143, L:/127.0.0.1:51689 - R:localhost/127.0.0.1:8083]}}, [disconnecting])
15:53:17.552 [reactor-http-nio-47] DEBUG reactor.netty.resources.PooledConnectionProvider - [id: 0xdce01143, L:/127.0.0.1:51689 - R:localhost/127.0.0.1:8083] Releasing channel
15:53:17.552 [reactor-http-nio-47] DEBUG reactor.netty.resources.PooledConnectionProvider - [id: 0xdce01143, L:/127.0.0.1:51689 - R:localhost/127.0.0.1:8083] Channel cleaned, now 95 active connections and 206 inactive connections
15:53:17.555 [reactor-http-nio-41] DEBUG reactor.netty.http.client.HttpClientOperations - [id: 0xf0244be7, L:/127.0.0.1:51921 - R:localhost/127.0.0.1:8083] Received response (auto-read:false) : [Content-Type=application/json, Transfer-Encoding=chunked, Date=Wed, 15 Jun 2022 14:53:16 GMT]
15:53:17.555 [reactor-http-nio-41] DEBUG reactor.netty.resources.PooledConnectionProvider - [id: 0xf0244be7, L:/127.0.0.1:51921 - R:localhost/127.0.0.1:8083] onStateChange(GET{uri=/attractions, connection=PooledConnection{channel=[id: 0xf0244be7, L:/127.0.0.1:51921 - R:localhost/127.0.0.1:8083]}}, [response_received])
15:53:17.555 [reactor-http-nio-41] DEBUG org.springframework.web.reactive.function.client.ExchangeFunctions - [6ed561c9] Response 200 OK
15:53:17.555 [reactor-http-nio-41] DEBUG reactor.netty.channel.FluxReceive - [id: 0xf0244be7, L:/127.0.0.1:51921 - R:localhost/127.0.0.1:8083] Subscribing inbound receiver [pending: 0, cancelled:false, inboundDone: false]
15:53:17.556 [reactor-http-nio-41] DEBUG reactor.netty.http.client.HttpClientOperations - [id: 0xf0244be7, L:/127.0.0.1:51921 - R:localhost/127.0.0.1:8083] Received last HTTP packet
15:53:17.556 [reactor-http-nio-41] DEBUG org.springframework.core.codec.StringDecoder - [6ed561c9] Decoded "[{"longitude":-117.922008,"latitude":33.817595,"attractionName":"Disneyland","city":"Anaheim","stat (truncated)...
15:53:17.556 [reactor-http-nio-41] DEBUG reactor.netty.resources.PooledConnectionProvider - [id: 0xf0244be7, L:/127.0.0.1:51921 - R:localhost/127.0.0.1:8083] onStateChange(GET{uri=/attractions, connection=PooledConnection{channel=[id: 0xf0244be7, L:/127.0.0.1:51921 - R:localhost/127.0.0.1:8083]}}, [disconnecting])
15:53:17.556 [reactor-http-nio-41] DEBUG reactor.netty.resources.PooledConnectionProvider - [id: 0xf0244be7, L:/127.0.0.1:51921 - R:localhost/127.0.0.1:8083] Releasing channel
15:53:17.556 [reactor-http-nio-41] DEBUG reactor.netty.resources.PooledConnectionProvider - [id: 0xf0244be7, L:/127.0.0.1:51921 - R:localhost/127.0.0.1:8083] Channel cleaned, now 94 active connections and 207 inactive connections
15:53:17.559 [reactor-http-nio-47] DEBUG reactor.netty.http.client.HttpClientOperations - [id: 0x39a84d8e, L:/127.0.0.1:51833 - R:localhost/127.0.0.1:8083] Received response (auto-read:false) : [Content-Type=application/json, Transfer-Encoding=chunked, Date=Wed, 15 Jun 2022 14:53:16 GMT]
15:53:17.559 [reactor-http-nio-47] DEBUG reactor.netty.resources.PooledConnectionProvider - [id: 0x39a84d8e, L:/127.0.0.1:51833 - R:localhost/127.0.0.1:8083] onStateChange(GET{uri=/attractions, connection=PooledConnection{channel=[id: 0x39a84d8e, L:/127.0.0.1:51833 - R:localhost/127.0.0.1:8083]}}, [response_received])
15:53:17.559 [reactor-http-nio-47] DEBUG org.springframework.web.reactive.function.client.ExchangeFunctions - [3e6aac6a] Response 200 OK
15:53:17.559 [reactor-http-nio-47] DEBUG reactor.netty.channel.FluxReceive - [id: 0x39a84d8e, L:/127.0.0.1:51833 - R:localhost/127.0.0.1:8083] Subscribing inbound receiver [pending: 0, cancelled:false, inboundDone: false]
15:53:17.560 [reactor-http-nio-47] DEBUG reactor.netty.http.client.HttpClientOperations - [id: 0x39a84d8e, L:/127.0.0.1:51833 - R:localhost/127.0.0.1:8083] Received last HTTP packet
15:53:17.560 [reactor-http-nio-47] DEBUG org.springframework.core.codec.StringDecoder - [3e6aac6a] Decoded "[{"longitude":-117.922008,"latitude":33.817595,"attractionName":"Disneyland","city":"Anaheim","stat (truncated)...
15:53:17.560 [reactor-http-nio-47] DEBUG reactor.netty.resources.PooledConnectionProvider - [id: 0x39a84d8e, L:/127.0.0.1:51833 - R:localhost/127.0.0.1:8083] onStateChange(GET{uri=/attractions, connection=PooledConnection{channel=[id: 0x39a84d8e, L:/127.0.0.1:51833 - R:localhost/127.0.0.1:8083]}}, [disconnecting])
15:53:17.560 [reactor-http-nio-47] DEBUG reactor.netty.resources.PooledConnectionProvider - [id: 0x39a84d8e, L:/127.0.0.1:51833 - R:localhost/127.0.0.1:8083] Releasing channel
15:53:17.560 [reactor-http-nio-47] DEBUG reactor.netty.resources.PooledConnectionProvider - [id: 0x39a84d8e, L:/127.0.0.1:51833 - R:localhost/127.0.0.1:8083] Channel cleaned, now 93 active connections and 208 inactive connections
15:53:17.587 [pool-4-thread-59] DEBUG org.springframework.web.reactive.function.client.ExchangeFunctions - [6717ba32] HTTP GET http://localhost:8084/attractionRewardPoint?attractionId=4ceae14c-66d5-4273-a752-3d29faf026fb&userId=caab5cdd-8d0e-4e28-a7f6-743157b1e933
15:53:17.589 [reactor-http-nio-47] DEBUG reactor.netty.resources.PooledConnectionProvider - [id: 0x9aae9c00] Created new pooled channel, now 58 active connections and 1 inactive connections
15:53:17.589 [reactor-http-nio-47] DEBUG reactor.netty.channel.BootstrapHandlers - [id: 0x9aae9c00] Initialized pipeline DefaultChannelPipeline{(BootstrapHandlers$BootstrapInitializerHandler#0 = reactor.netty.channel.BootstrapHandlers$BootstrapInitializerHandler), (SimpleChannelPool$1#0 = io.netty.channel.pool.SimpleChannelPool$1), (reactor.left.httpCodec = io.netty.handler.codec.http.HttpClientCodec), (reactor.left.decompressor = io.netty.handler.codec.http.HttpContentDecompressor), (reactor.right.reactiveBridge = reactor.netty.channel.ChannelOperationsHandler)}
15:53:17.596 [reactor-http-nio-47] DEBUG reactor.netty.resources.PooledConnectionProvider - [id: 0x9aae9c00, L:/127.0.0.1:52039 - R:localhost/127.0.0.1:8084] onStateChange(PooledConnection{channel=[id: 0x9aae9c00, L:/127.0.0.1:52039 - R:localhost/127.0.0.1:8084]}, [connected])
15:53:17.596 [reactor-http-nio-47] DEBUG reactor.netty.resources.PooledConnectionProvider - [id: 0x9aae9c00, L:/127.0.0.1:52039 - R:localhost/127.0.0.1:8084] onStateChange(GET{uri=/, connection=PooledConnection{channel=[id: 0x9aae9c00, L:/127.0.0.1:52039 - R:localhost/127.0.0.1:8084]}}, [configured])
15:53:17.597 [reactor-http-nio-47] DEBUG reactor.netty.resources.PooledConnectionProvider - [id: 0x9aae9c00, L:/127.0.0.1:52039 - R:localhost/127.0.0.1:8084] Registering pool release on close event for channel
15:53:17.597 [reactor-http-nio-47] DEBUG reactor.netty.http.client.HttpClientConnect - [id: 0x9aae9c00, L:/127.0.0.1:52039 - R:localhost/127.0.0.1:8084] Handler is being applied: {uri=http://localhost:8084/attractionRewardPoint?attractionId=4ceae14c-66d5-4273-a752-3d29faf026fb&userId=caab5cdd-8d0e-4e28-a7f6-743157b1e933, method=GET}
15:53:17.598 [reactor-http-nio-47] DEBUG reactor.netty.resources.PooledConnectionProvider - [id: 0x9aae9c00, L:/127.0.0.1:52039 - R:localhost/127.0.0.1:8084] onStateChange(GET{uri=/attractionRewardPoint?attractionId=4ceae14c-66d5-4273-a752-3d29faf026fb&userId=caab5cdd-8d0e-4e28-a7f6-743157b1e933, connection=PooledConnection{channel=[id: 0x9aae9c00, L:/127.0.0.1:52039 - R:localhost/127.0.0.1:8084]}}, [request_sent])
15:53:17.598 [reactor-http-nio-47] DEBUG reactor.netty.resources.PooledConnectionProvider - [id: 0x9aae9c00, L:/127.0.0.1:52039 - R:localhost/127.0.0.1:8084] Channel connected, now 59 active connections and 0 inactive connections
15:53:17.600 [pool-4-thread-61] DEBUG org.springframework.web.reactive.function.client.ExchangeFunctions - [25bb063e] HTTP GET http://localhost:8084/attractionRewardPoint?attractionId=591a19e1-e032-452d-9c5f-b270af6a62d2&userId=19d8fd39-c450-4ee3-bfcb-5023685db34c
15:53:17.600 [pool-4-thread-60] DEBUG org.springframework.web.reactive.function.client.ExchangeFunctions - [1409cdb2] HTTP GET http://localhost:8084/attractionRewardPoint?attractionId=c82c2afc-23ab-4e86-b5fe-0e2fc1f8d8e8&userId=2a2f76dd-edc1-41f9-956e-94275535b848
15:53:17.601 [reactor-http-nio-47] DEBUG reactor.netty.resources.PooledConnectionProvider - [id: 0x371157de] Created new pooled channel, now 59 active connections and 1 inactive connections
15:53:17.601 [reactor-http-nio-47] DEBUG reactor.netty.channel.BootstrapHandlers - [id: 0x371157de] Initialized pipeline DefaultChannelPipeline{(BootstrapHandlers$BootstrapInitializerHandler#0 = reactor.netty.channel.BootstrapHandlers$BootstrapInitializerHandler), (SimpleChannelPool$1#0 = io.netty.channel.pool.SimpleChannelPool$1), (reactor.left.httpCodec = io.netty.handler.codec.http.HttpClientCodec), (reactor.left.decompressor = io.netty.handler.codec.http.HttpContentDecompressor), (reactor.right.reactiveBridge = reactor.netty.channel.ChannelOperationsHandler)}
15:53:17.602 [reactor-http-nio-46] DEBUG reactor.netty.resources.PooledConnectionProvider - [id: 0xd5d21335] Created new pooled channel, now 59 active connections and 2 inactive connections
15:53:17.602 [reactor-http-nio-46] DEBUG reactor.netty.channel.BootstrapHandlers - [id: 0xd5d21335] Initialized pipeline DefaultChannelPipeline{(BootstrapHandlers$BootstrapInitializerHandler#0 = reactor.netty.channel.BootstrapHandlers$BootstrapInitializerHandler), (SimpleChannelPool$1#0 = io.netty.channel.pool.SimpleChannelPool$1), (reactor.left.httpCodec = io.netty.handler.codec.http.HttpClientCodec), (reactor.left.decompressor = io.netty.handler.codec.http.HttpContentDecompressor), (reactor.right.reactiveBridge = reactor.netty.channel.ChannelOperationsHandler)}
15:53:17.602 [reactor-http-nio-47] DEBUG reactor.netty.resources.PooledConnectionProvider - [id: 0x371157de, L:/127.0.0.1:52040 - R:localhost/127.0.0.1:8084] onStateChange(PooledConnection{channel=[id: 0x371157de, L:/127.0.0.1:52040 - R:localhost/127.0.0.1:8084]}, [connected])
15:53:17.602 [reactor-http-nio-47] DEBUG reactor.netty.resources.PooledConnectionProvider - [id: 0x371157de, L:/127.0.0.1:52040 - R:localhost/127.0.0.1:8084] onStateChange(GET{uri=/, connection=PooledConnection{channel=[id: 0x371157de, L:/127.0.0.1:52040 - R:localhost/127.0.0.1:8084]}}, [configured])
15:53:17.604 [reactor-http-nio-46] DEBUG reactor.netty.resources.PooledConnectionProvider - [id: 0xd5d21335, L:/127.0.0.1:52041 - R:localhost/127.0.0.1:8084] onStateChange(PooledConnection{channel=[id: 0xd5d21335, L:/127.0.0.1:52041 - R:localhost/127.0.0.1:8084]}, [connected])
15:53:17.604 [reactor-http-nio-46] DEBUG reactor.netty.resources.PooledConnectionProvider - [id: 0xd5d21335, L:/127.0.0.1:52041 - R:localhost/127.0.0.1:8084] onStateChange(GET{uri=/, connection=PooledConnection{channel=[id: 0xd5d21335, L:/127.0.0.1:52041 - R:localhost/127.0.0.1:8084]}}, [configured])
15:53:17.604 [reactor-http-nio-47] DEBUG reactor.netty.resources.PooledConnectionProvider - [id: 0x371157de, L:/127.0.0.1:52040 - R:localhost/127.0.0.1:8084] Registering pool release on close event for channel
15:53:17.604 [reactor-http-nio-47] DEBUG reactor.netty.http.client.HttpClientConnect - [id: 0x371157de, L:/127.0.0.1:52040 - R:localhost/127.0.0.1:8084] Handler is being applied: {uri=http://localhost:8084/attractionRewardPoint?attractionId=c82c2afc-23ab-4e86-b5fe-0e2fc1f8d8e8&userId=2a2f76dd-edc1-41f9-956e-94275535b848, method=GET}
15:53:17.605 [reactor-http-nio-47] DEBUG reactor.netty.resources.PooledConnectionProvider - [id: 0x371157de, L:/127.0.0.1:52040 - R:localhost/127.0.0.1:8084] onStateChange(GET{uri=/attractionRewardPoint?attractionId=c82c2afc-23ab-4e86-b5fe-0e2fc1f8d8e8&userId=2a2f76dd-edc1-41f9-956e-94275535b848, connection=PooledConnection{channel=[id: 0x371157de, L:/127.0.0.1:52040 - R:localhost/127.0.0.1:8084]}}, [request_sent])
15:53:17.605 [reactor-http-nio-47] DEBUG reactor.netty.resources.PooledConnectionProvider - [id: 0x371157de, L:/127.0.0.1:52040 - R:localhost/127.0.0.1:8084] Channel connected, now 60 active connections and 1 inactive connections
15:53:17.606 [reactor-http-nio-46] DEBUG reactor.netty.resources.PooledConnectionProvider - [id: 0xd5d21335, L:/127.0.0.1:52041 - R:localhost/127.0.0.1:8084] Registering pool release on close event for channel
15:53:17.606 [reactor-http-nio-46] DEBUG reactor.netty.http.client.HttpClientConnect - [id: 0xd5d21335, L:/127.0.0.1:52041 - R:localhost/127.0.0.1:8084] Handler is being applied: {uri=http://localhost:8084/attractionRewardPoint?attractionId=591a19e1-e032-452d-9c5f-b270af6a62d2&userId=19d8fd39-c450-4ee3-bfcb-5023685db34c, method=GET}
15:53:17.606 [pool-4-thread-62] DEBUG org.springframework.web.reactive.function.client.ExchangeFunctions - [332ef72d] HTTP GET http://localhost:8084/attractionRewardPoint?attractionId=b85369ef-9fc5-46b8-91c9-cee28c6a79cb&userId=bf6ca283-1512-4f32-a67d-dec7af3d9456
15:53:17.606 [reactor-http-nio-46] DEBUG reactor.netty.resources.PooledConnectionProvider - [id: 0xd5d21335, L:/127.0.0.1:52041 - R:localhost/127.0.0.1:8084] onStateChange(GET{uri=/attractionRewardPoint?attractionId=591a19e1-e032-452d-9c5f-b270af6a62d2&userId=19d8fd39-c450-4ee3-bfcb-5023685db34c, connection=PooledConnection{channel=[id: 0xd5d21335, L:/127.0.0.1:52041 - R:localhost/127.0.0.1:8084]}}, [request_sent])
15:53:17.606 [reactor-http-nio-46] DEBUG reactor.netty.resources.PooledConnectionProvider - [id: 0xd5d21335, L:/127.0.0.1:52041 - R:localhost/127.0.0.1:8084] Channel connected, now 61 active connections and 0 inactive connections
15:53:17.608 [reactor-http-nio-41] DEBUG reactor.netty.resources.PooledConnectionProvider - [id: 0x93fab292] Created new pooled channel, now 61 active connections and 1 inactive connections
15:53:17.608 [reactor-http-nio-41] DEBUG reactor.netty.channel.BootstrapHandlers - [id: 0x93fab292] Initialized pipeline DefaultChannelPipeline{(BootstrapHandlers$BootstrapInitializerHandler#0 = reactor.netty.channel.BootstrapHandlers$BootstrapInitializerHandler), (SimpleChannelPool$1#0 = io.netty.channel.pool.SimpleChannelPool$1), (reactor.left.httpCodec = io.netty.handler.codec.http.HttpClientCodec), (reactor.left.decompressor = io.netty.handler.codec.http.HttpContentDecompressor), (reactor.right.reactiveBridge = reactor.netty.channel.ChannelOperationsHandler)}
15:53:17.609 [reactor-http-nio-41] DEBUG reactor.netty.resources.PooledConnectionProvider - [id: 0x93fab292, L:/127.0.0.1:52042 - R:localhost/127.0.0.1:8084] onStateChange(PooledConnection{channel=[id: 0x93fab292, L:/127.0.0.1:52042 - R:localhost/127.0.0.1:8084]}, [connected])
15:53:17.609 [reactor-http-nio-41] DEBUG reactor.netty.resources.PooledConnectionProvider - [id: 0x93fab292, L:/127.0.0.1:52042 - R:localhost/127.0.0.1:8084] onStateChange(GET{uri=/, connection=PooledConnection{channel=[id: 0x93fab292, L:/127.0.0.1:52042 - R:localhost/127.0.0.1:8084]}}, [configured])
15:53:17.610 [pool-4-thread-63] DEBUG org.springframework.web.reactive.function.client.ExchangeFunctions - [34b08354] HTTP GET http://localhost:8084/attractionRewardPoint?attractionId=7c40194e-9297-4e92-94eb-fa0f52c6c763&userId=9c5c47c8-2a6b-425c-bccd-5dae1d35c3a5
15:53:17.610 [reactor-http-nio-41] DEBUG reactor.netty.resources.PooledConnectionProvider - [id: 0x93fab292, L:/127.0.0.1:52042 - R:localhost/127.0.0.1:8084] Registering pool release on close event for channel
15:53:17.610 [reactor-http-nio-41] DEBUG reactor.netty.http.client.HttpClientConnect - [id: 0x93fab292, L:/127.0.0.1:52042 - R:localhost/127.0.0.1:8084] Handler is being applied: {uri=http://localhost:8084/attractionRewardPoint?attractionId=b85369ef-9fc5-46b8-91c9-cee28c6a79cb&userId=bf6ca283-1512-4f32-a67d-dec7af3d9456, method=GET}
15:53:17.611 [reactor-http-nio-47] DEBUG reactor.netty.resources.PooledConnectionProvider - [id: 0x8015cc19] Created new pooled channel, now 62 active connections and 1 inactive connections
15:53:17.611 [reactor-http-nio-47] DEBUG reactor.netty.channel.BootstrapHandlers - [id: 0x8015cc19] Initialized pipeline DefaultChannelPipeline{(BootstrapHandlers$BootstrapInitializerHandler#0 = reactor.netty.channel.BootstrapHandlers$BootstrapInitializerHandler), (SimpleChannelPool$1#0 = io.netty.channel.pool.SimpleChannelPool$1), (reactor.left.httpCodec = io.netty.handler.codec.http.HttpClientCodec), (reactor.left.decompressor = io.netty.handler.codec.http.HttpContentDecompressor), (reactor.right.reactiveBridge = reactor.netty.channel.ChannelOperationsHandler)}
15:53:17.611 [reactor-http-nio-41] DEBUG reactor.netty.resources.PooledConnectionProvider - [id: 0x93fab292, L:/127.0.0.1:52042 - R:localhost/127.0.0.1:8084] onStateChange(GET{uri=/attractionRewardPoint?attractionId=b85369ef-9fc5-46b8-91c9-cee28c6a79cb&userId=bf6ca283-1512-4f32-a67d-dec7af3d9456, connection=PooledConnection{channel=[id: 0x93fab292, L:/127.0.0.1:52042 - R:localhost/127.0.0.1:8084]}}, [request_sent])
15:53:17.611 [reactor-http-nio-41] DEBUG reactor.netty.resources.PooledConnectionProvider - [id: 0x93fab292, L:/127.0.0.1:52042 - R:localhost/127.0.0.1:8084] Channel connected, now 62 active connections and 1 inactive connections
15:53:17.613 [pool-4-thread-64] DEBUG org.springframework.web.reactive.function.client.ExchangeFunctions - [605e3d5d] HTTP GET http://localhost:8084/attractionRewardPoint?attractionId=7799d62e-c281-400f-bf26-1026ee82cdd8&userId=3664b340-eb94-4838-838a-d3963cc336f7
15:53:17.615 [reactor-http-nio-41] DEBUG reactor.netty.resources.PooledConnectionProvider - [id: 0xb681ea2b] Created new pooled channel, now 62 active connections and 2 inactive connections
15:53:17.615 [reactor-http-nio-41] DEBUG reactor.netty.channel.BootstrapHandlers - [id: 0xb681ea2b] Initialized pipeline DefaultChannelPipeline{(BootstrapHandlers$BootstrapInitializerHandler#0 = reactor.netty.channel.BootstrapHandlers$BootstrapInitializerHandler), (SimpleChannelPool$1#0 = io.netty.channel.pool.SimpleChannelPool$1), (reactor.left.httpCodec = io.netty.handler.codec.http.HttpClientCodec), (reactor.left.decompressor = io.netty.handler.codec.http.HttpContentDecompressor), (reactor.right.reactiveBridge = reactor.netty.channel.ChannelOperationsHandler)}
15:53:17.615 [reactor-http-nio-47] DEBUG reactor.netty.resources.PooledConnectionProvider - [id: 0x8015cc19, L:/127.0.0.1:52043 - R:localhost/127.0.0.1:8084] onStateChange(PooledConnection{channel=[id: 0x8015cc19, L:/127.0.0.1:52043 - R:localhost/127.0.0.1:8084]}, [connected])
15:53:17.615 [reactor-http-nio-47] DEBUG reactor.netty.resources.PooledConnectionProvider - [id: 0x8015cc19, L:/127.0.0.1:52043 - R:localhost/127.0.0.1:8084] onStateChange(GET{uri=/, connection=PooledConnection{channel=[id: 0x8015cc19, L:/127.0.0.1:52043 - R:localhost/127.0.0.1:8084]}}, [configured])
15:53:17.615 [reactor-http-nio-47] DEBUG reactor.netty.resources.PooledConnectionProvider - [id: 0x8015cc19, L:/127.0.0.1:52043 - R:localhost/127.0.0.1:8084] Registering pool release on close event for channel
15:53:17.615 [reactor-http-nio-47] DEBUG reactor.netty.http.client.HttpClientConnect - [id: 0x8015cc19, L:/127.0.0.1:52043 - R:localhost/127.0.0.1:8084] Handler is being applied: {uri=http://localhost:8084/attractionRewardPoint?attractionId=7c40194e-9297-4e92-94eb-fa0f52c6c763&userId=9c5c47c8-2a6b-425c-bccd-5dae1d35c3a5, method=GET}
15:53:17.616 [reactor-http-nio-47] DEBUG reactor.netty.resources.PooledConnectionProvider - [id: 0x8015cc19, L:/127.0.0.1:52043 - R:localhost/127.0.0.1:8084] onStateChange(GET{uri=/attractionRewardPoint?attractionId=7c40194e-9297-4e92-94eb-fa0f52c6c763&userId=9c5c47c8-2a6b-425c-bccd-5dae1d35c3a5, connection=PooledConnection{channel=[id: 0x8015cc19, L:/127.0.0.1:52043 - R:localhost/127.0.0.1:8084]}}, [request_sent])
15:53:17.616 [reactor-http-nio-47] DEBUG reactor.netty.resources.PooledConnectionProvider - [id: 0x8015cc19, L:/127.0.0.1:52043 - R:localhost/127.0.0.1:8084] Channel connected, now 63 active connections and 1 inactive connections
15:53:17.616 [reactor-http-nio-41] DEBUG reactor.netty.resources.PooledConnectionProvider - [id: 0xb681ea2b, L:/127.0.0.1:52044 - R:localhost/127.0.0.1:8084] onStateChange(PooledConnection{channel=[id: 0xb681ea2b, L:/127.0.0.1:52044 - R:localhost/127.0.0.1:8084]}, [connected])
15:53:17.616 [reactor-http-nio-41] DEBUG reactor.netty.resources.PooledConnectionProvider - [id: 0xb681ea2b, L:/127.0.0.1:52044 - R:localhost/127.0.0.1:8084] onStateChange(GET{uri=/, connection=PooledConnection{channel=[id: 0xb681ea2b, L:/127.0.0.1:52044 - R:localhost/127.0.0.1:8084]}}, [configured])
15:53:17.617 [reactor-http-nio-41] DEBUG reactor.netty.resources.PooledConnectionProvider - [id: 0xb681ea2b, L:/127.0.0.1:52044 - R:localhost/127.0.0.1:8084] Registering pool release on close event for channel
15:53:17.617 [reactor-http-nio-41] DEBUG reactor.netty.http.client.HttpClientConnect - [id: 0xb681ea2b, L:/127.0.0.1:52044 - R:localhost/127.0.0.1:8084] Handler is being applied: {uri=http://localhost:8084/attractionRewardPoint?attractionId=7799d62e-c281-400f-bf26-1026ee82cdd8&userId=3664b340-eb94-4838-838a-d3963cc336f7, method=GET}
15:53:17.617 [pool-4-thread-65] DEBUG org.springframework.web.reactive.function.client.ExchangeFunctions - [2422dee9] HTTP GET http://localhost:8084/attractionRewardPoint?attractionId=97155273-ad56-42fd-8f8e-c062af351561&userId=8f515823-addd-4298-8819-47ca943bcb79
15:53:17.618 [reactor-http-nio-41] DEBUG reactor.netty.resources.PooledConnectionProvider - [id: 0xb681ea2b, L:/127.0.0.1:52044 - R:localhost/127.0.0.1:8084] onStateChange(GET{uri=/attractionRewardPoint?attractionId=7799d62e-c281-400f-bf26-1026ee82cdd8&userId=3664b340-eb94-4838-838a-d3963cc336f7, connection=PooledConnection{channel=[id: 0xb681ea2b, L:/127.0.0.1:52044 - R:localhost/127.0.0.1:8084]}}, [request_sent])
15:53:17.618 [reactor-http-nio-41] DEBUG reactor.netty.resources.PooledConnectionProvider - [id: 0xb681ea2b, L:/127.0.0.1:52044 - R:localhost/127.0.0.1:8084] Channel connected, now 64 active connections and 0 inactive connections
15:53:17.619 [reactor-http-nio-47] DEBUG reactor.netty.resources.PooledConnectionProvider - [id: 0x2015a302] Created new pooled channel, now 64 active connections and 1 inactive connections
15:53:17.619 [reactor-http-nio-47] DEBUG reactor.netty.channel.BootstrapHandlers - [id: 0x2015a302] Initialized pipeline DefaultChannelPipeline{(BootstrapHandlers$BootstrapInitializerHandler#0 = reactor.netty.channel.BootstrapHandlers$BootstrapInitializerHandler), (SimpleChannelPool$1#0 = io.netty.channel.pool.SimpleChannelPool$1), (reactor.left.httpCodec = io.netty.handler.codec.http.HttpClientCodec), (reactor.left.decompressor = io.netty.handler.codec.http.HttpContentDecompressor), (reactor.right.reactiveBridge = reactor.netty.channel.ChannelOperationsHandler)}
15:53:17.620 [reactor-http-nio-47] DEBUG reactor.netty.resources.PooledConnectionProvider - [id: 0x2015a302, L:/127.0.0.1:52045 - R:localhost/127.0.0.1:8084] onStateChange(PooledConnection{channel=[id: 0x2015a302, L:/127.0.0.1:52045 - R:localhost/127.0.0.1:8084]}, [connected])
15:53:17.620 [reactor-http-nio-47] DEBUG reactor.netty.resources.PooledConnectionProvider - [id: 0x2015a302, L:/127.0.0.1:52045 - R:localhost/127.0.0.1:8084] onStateChange(GET{uri=/, connection=PooledConnection{channel=[id: 0x2015a302, L:/127.0.0.1:52045 - R:localhost/127.0.0.1:8084]}}, [configured])
15:53:17.620 [pool-4-thread-66] DEBUG org.springframework.web.reactive.function.client.ExchangeFunctions - [200d0e95] HTTP GET http://localhost:8084/attractionRewardPoint?attractionId=d24024f5-dbf8-4e02-882d-8c7a6b0bb711&userId=00904688-3e76-4d1e-83b8-bf844cc062f8
15:53:17.621 [reactor-http-nio-47] DEBUG reactor.netty.resources.PooledConnectionProvider - [id: 0x2015a302, L:/127.0.0.1:52045 - R:localhost/127.0.0.1:8084] Registering pool release on close event for channel
15:53:17.621 [reactor-http-nio-47] DEBUG reactor.netty.http.client.HttpClientConnect - [id: 0x2015a302, L:/127.0.0.1:52045 - R:localhost/127.0.0.1:8084] Handler is being applied: {uri=http://localhost:8084/attractionRewardPoint?attractionId=97155273-ad56-42fd-8f8e-c062af351561&userId=8f515823-addd-4298-8819-47ca943bcb79, method=GET}
15:53:17.622 [reactor-http-nio-47] DEBUG reactor.netty.resources.PooledConnectionProvider - [id: 0x2015a302, L:/127.0.0.1:52045 - R:localhost/127.0.0.1:8084] onStateChange(GET{uri=/attractionRewardPoint?attractionId=97155273-ad56-42fd-8f8e-c062af351561&userId=8f515823-addd-4298-8819-47ca943bcb79, connection=PooledConnection{channel=[id: 0x2015a302, L:/127.0.0.1:52045 - R:localhost/127.0.0.1:8084]}}, [request_sent])
15:53:17.622 [reactor-http-nio-47] DEBUG reactor.netty.resources.PooledConnectionProvider - [id: 0x2015a302, L:/127.0.0.1:52045 - R:localhost/127.0.0.1:8084] Channel connected, now 65 active connections and 0 inactive connections
15:53:17.623 [reactor-http-nio-41] DEBUG reactor.netty.resources.PooledConnectionProvider - [id: 0x0202bea6] Created new pooled channel, now 65 active connections and 1 inactive connections
15:53:17.623 [reactor-http-nio-41] DEBUG reactor.netty.channel.BootstrapHandlers - [id: 0x0202bea6] Initialized pipeline DefaultChannelPipeline{(BootstrapHandlers$BootstrapInitializerHandler#0 = reactor.netty.channel.BootstrapHandlers$BootstrapInitializerHandler), (SimpleChannelPool$1#0 = io.netty.channel.pool.SimpleChannelPool$1), (reactor.left.httpCodec = io.netty.handler.codec.http.HttpClientCodec), (reactor.left.decompressor = io.netty.handler.codec.http.HttpContentDecompressor), (reactor.right.reactiveBridge = reactor.netty.channel.ChannelOperationsHandler)}
15:53:17.625 [reactor-http-nio-41] DEBUG reactor.netty.resources.PooledConnectionProvider - [id: 0x0202bea6, L:/127.0.0.1:52046 - R:localhost/127.0.0.1:8084] onStateChange(PooledConnection{channel=[id: 0x0202bea6, L:/127.0.0.1:52046 - R:localhost/127.0.0.1:8084]}, [connected])
15:53:17.625 [reactor-http-nio-41] DEBUG reactor.netty.resources.PooledConnectionProvider - [id: 0x0202bea6, L:/127.0.0.1:52046 - R:localhost/127.0.0.1:8084] onStateChange(GET{uri=/, connection=PooledConnection{channel=[id: 0x0202bea6, L:/127.0.0.1:52046 - R:localhost/127.0.0.1:8084]}}, [configured])
15:53:17.626 [reactor-http-nio-41] DEBUG reactor.netty.resources.PooledConnectionProvider - [id: 0x0202bea6, L:/127.0.0.1:52046 - R:localhost/127.0.0.1:8084] Registering pool release on close event for channel
15:53:17.626 [reactor-http-nio-41] DEBUG reactor.netty.http.client.HttpClientConnect - [id: 0x0202bea6, L:/127.0.0.1:52046 - R:localhost/127.0.0.1:8084] Handler is being applied: {uri=http://localhost:8084/attractionRewardPoint?attractionId=d24024f5-dbf8-4e02-882d-8c7a6b0bb711&userId=00904688-3e76-4d1e-83b8-bf844cc062f8, method=GET}
15:53:17.627 [reactor-http-nio-41] DEBUG reactor.netty.resources.PooledConnectionProvider - [id: 0x0202bea6, L:/127.0.0.1:52046 - R:localhost/127.0.0.1:8084] onStateChange(GET{uri=/attractionRewardPoint?attractionId=d24024f5-dbf8-4e02-882d-8c7a6b0bb711&userId=00904688-3e76-4d1e-83b8-bf844cc062f8, connection=PooledConnection{channel=[id: 0x0202bea6, L:/127.0.0.1:52046 - R:localhost/127.0.0.1:8084]}}, [request_sent])
15:53:17.627 [reactor-http-nio-41] DEBUG reactor.netty.resources.PooledConnectionProvider - [id: 0x0202bea6, L:/127.0.0.1:52046 - R:localhost/127.0.0.1:8084] Channel connected, now 66 active connections and 0 inactive connections
15:53:17.628 [reactor-http-nio-48] DEBUG reactor.netty.http.client.HttpClientOperations - [id: 0x64fd7ec9, L:/127.0.0.1:51967 - R:localhost/127.0.0.1:8083] Received last HTTP packet
15:53:17.628 [reactor-http-nio-48] DEBUG org.springframework.core.codec.StringDecoder - [6caca11e] Decoded "{"userId":"36d31ffd-69ff-47a4-a141-7cfc9495185e","location":{"longitude":-100.84665,"latitude":-26. (truncated)...
15:53:17.628 [reactor-http-nio-48] DEBUG reactor.netty.resources.PooledConnectionProvider - [id: 0x64fd7ec9, L:/127.0.0.1:51967 - R:localhost/127.0.0.1:8083] onStateChange(GET{uri=/userLocation?userId=36d31ffd-69ff-47a4-a141-7cfc9495185e, connection=PooledConnection{channel=[id: 0x64fd7ec9, L:/127.0.0.1:51967 - R:localhost/127.0.0.1:8083]}}, [disconnecting])
15:53:17.628 [reactor-http-nio-48] DEBUG reactor.netty.resources.PooledConnectionProvider - [id: 0x64fd7ec9, L:/127.0.0.1:51967 - R:localhost/127.0.0.1:8083] Releasing channel
15:53:17.628 [reactor-http-nio-47] DEBUG reactor.netty.http.client.HttpClientOperations - [id: 0x905654b3, L:/127.0.0.1:51889 - R:localhost/127.0.0.1:8083] Received response (auto-read:false) : [Content-Type=application/json, Transfer-Encoding=chunked, Date=Wed, 15 Jun 2022 14:53:16 GMT]
15:53:17.628 [reactor-http-nio-47] DEBUG reactor.netty.resources.PooledConnectionProvider - [id: 0x905654b3, L:/127.0.0.1:51889 - R:localhost/127.0.0.1:8083] onStateChange(GET{uri=/attractions, connection=PooledConnection{channel=[id: 0x905654b3, L:/127.0.0.1:51889 - R:localhost/127.0.0.1:8083]}}, [response_received])
15:53:17.628 [reactor-http-nio-47] DEBUG org.springframework.web.reactive.function.client.ExchangeFunctions - [20669816] Response 200 OK
15:53:17.628 [reactor-http-nio-47] DEBUG reactor.netty.channel.FluxReceive - [id: 0x905654b3, L:/127.0.0.1:51889 - R:localhost/127.0.0.1:8083] Subscribing inbound receiver [pending: 0, cancelled:false, inboundDone: false]
15:53:17.628 [reactor-http-nio-48] DEBUG reactor.netty.resources.PooledConnectionProvider - [id: 0x64fd7ec9, L:/127.0.0.1:51967 - R:localhost/127.0.0.1:8083] Channel cleaned, now 92 active connections and 209 inactive connections
15:53:17.630 [pool-2-thread-141] INFO tourGuide.service.TourGuideService - visitedLocatio tourGuide.gpsUtil.VisitedLocation@2ca36a3d
15:53:17.630 [reactor-http-nio-41] DEBUG reactor.netty.http.client.HttpClientOperations - [id: 0x58b3b7bf, L:/127.0.0.1:51717 - R:localhost/127.0.0.1:8083] Received response (auto-read:false) : [Content-Type=application/json, Transfer-Encoding=chunked, Date=Wed, 15 Jun 2022 14:53:16 GMT]
15:53:17.631 [reactor-http-nio-41] DEBUG reactor.netty.resources.PooledConnectionProvider - [id: 0x58b3b7bf, L:/127.0.0.1:51717 - R:localhost/127.0.0.1:8083] onStateChange(GET{uri=/attractions, connection=PooledConnection{channel=[id: 0x58b3b7bf, L:/127.0.0.1:51717 - R:localhost/127.0.0.1:8083]}}, [response_received])
15:53:17.631 [reactor-http-nio-41] DEBUG org.springframework.web.reactive.function.client.ExchangeFunctions - [1275cd0c] Response 200 OK
15:53:17.631 [reactor-http-nio-41] DEBUG reactor.netty.channel.FluxReceive - [id: 0x58b3b7bf, L:/127.0.0.1:51717 - R:localhost/127.0.0.1:8083] Subscribing inbound receiver [pending: 0, cancelled:false, inboundDone: false]
15:53:17.631 [pool-2-thread-141] DEBUG org.springframework.web.reactive.function.client.ExchangeFunctions - [182f78f5] HTTP GET http://localhost:8083/attractions
15:53:17.632 [reactor-http-nio-41] DEBUG reactor.netty.http.client.HttpClientOperations - [id: 0x9cec33d8, L:/127.0.0.1:51722 - R:localhost/127.0.0.1:8083] Received response (auto-read:false) : [Content-Type=application/json, Transfer-Encoding=chunked, Date=Wed, 15 Jun 2022 14:53:16 GMT]
15:53:17.632 [reactor-http-nio-41] DEBUG reactor.netty.resources.PooledConnectionProvider - [id: 0x9cec33d8, L:/127.0.0.1:51722 - R:localhost/127.0.0.1:8083] onStateChange(GET{uri=/attractions, connection=PooledConnection{channel=[id: 0x9cec33d8, L:/127.0.0.1:51722 - R:localhost/127.0.0.1:8083]}}, [response_received])
15:53:17.632 [reactor-http-nio-41] DEBUG org.springframework.web.reactive.function.client.ExchangeFunctions - [142cfb1a] Response 200 OK
15:53:17.633 [reactor-http-nio-41] DEBUG reactor.netty.channel.FluxReceive - [id: 0x9cec33d8, L:/127.0.0.1:51722 - R:localhost/127.0.0.1:8083] Subscribing inbound receiver [pending: 0, cancelled:false, inboundDone: false]
15:53:17.633 [reactor-http-nio-41] DEBUG reactor.netty.http.client.HttpClientOperations - [id: 0x9cec33d8, L:/127.0.0.1:51722 - R:localhost/127.0.0.1:8083] Received last HTTP packet
15:53:17.633 [reactor-http-nio-41] DEBUG org.springframework.core.codec.StringDecoder - [142cfb1a] Decoded "[{"longitude":-117.922008,"latitude":33.817595,"attractionName":"Disneyland","city":"Anaheim","stat (truncated)...
15:53:17.633 [reactor-http-nio-46] DEBUG reactor.netty.http.client.HttpClientOperations - [id: 0x3ccb8a7e, L:/127.0.0.1:51774 - R:localhost/127.0.0.1:8083] Received last HTTP packet
15:53:17.633 [reactor-http-nio-41] DEBUG reactor.netty.resources.PooledConnectionProvider - [id: 0x9cec33d8, L:/127.0.0.1:51722 - R:localhost/127.0.0.1:8083] onStateChange(GET{uri=/attractions, connection=PooledConnection{channel=[id: 0x9cec33d8, L:/127.0.0.1:51722 - R:localhost/127.0.0.1:8083]}}, [disconnecting])
15:53:17.633 [reactor-http-nio-41] DEBUG reactor.netty.resources.PooledConnectionProvider - [id: 0x9cec33d8, L:/127.0.0.1:51722 - R:localhost/127.0.0.1:8083] Releasing channel
15:53:17.633 [reactor-http-nio-41] DEBUG reactor.netty.resources.PooledConnectionProvider - [id: 0x9cec33d8, L:/127.0.0.1:51722 - R:localhost/127.0.0.1:8083] Channel cleaned, now 91 active connections and 210 inactive connections
15:53:17.633 [reactor-http-nio-46] DEBUG org.springframework.core.codec.StringDecoder - [48a58387] Decoded "[{"longitude":-117.922008,"latitude":33.817595,"attractionName":"Disneyland","city":"Anaheim","stat (truncated)...
15:53:17.633 [reactor-http-nio-46] DEBUG reactor.netty.resources.PooledConnectionProvider - [id: 0x3ccb8a7e, L:/127.0.0.1:51774 - R:localhost/127.0.0.1:8083] onStateChange(GET{uri=/attractions, connection=PooledConnection{channel=[id: 0x3ccb8a7e, L:/127.0.0.1:51774 - R:localhost/127.0.0.1:8083]}}, [disconnecting])
15:53:17.633 [reactor-http-nio-46] DEBUG reactor.netty.resources.PooledConnectionProvider - [id: 0x3ccb8a7e, L:/127.0.0.1:51774 - R:localhost/127.0.0.1:8083] Releasing channel
15:53:17.633 [reactor-http-nio-46] DEBUG reactor.netty.resources.PooledConnectionProvider - [id: 0x3ccb8a7e, L:/127.0.0.1:51774 - R:localhost/127.0.0.1:8083] Channel cleaned, now 90 active connections and 211 inactive connections
15:53:17.634 [reactor-http-nio-41] DEBUG reactor.netty.http.client.HttpClientOperations - [id: 0xfb192aad, L:/127.0.0.1:51748 - R:localhost/127.0.0.1:8083] Received last HTTP packet
15:53:17.634 [reactor-http-nio-41] DEBUG org.springframework.core.codec.StringDecoder - [5aab1d76] Decoded "[{"longitude":-117.922008,"latitude":33.817595,"attractionName":"Disneyland","city":"Anaheim","stat (truncated)...
15:53:17.634 [reactor-http-nio-41] DEBUG reactor.netty.resources.PooledConnectionProvider - [id: 0xfb192aad, L:/127.0.0.1:51748 - R:localhost/127.0.0.1:8083] onStateChange(GET{uri=/attractions, connection=PooledConnection{channel=[id: 0xfb192aad, L:/127.0.0.1:51748 - R:localhost/127.0.0.1:8083]}}, [disconnecting])
15:53:17.634 [reactor-http-nio-41] DEBUG reactor.netty.resources.PooledConnectionProvider - [id: 0xfb192aad, L:/127.0.0.1:51748 - R:localhost/127.0.0.1:8083] Releasing channel
15:53:17.634 [reactor-http-nio-41] DEBUG reactor.netty.resources.PooledConnectionProvider - [id: 0xfb192aad, L:/127.0.0.1:51748 - R:localhost/127.0.0.1:8083] Channel cleaned, now 89 active connections and 212 inactive connections
15:53:17.634 [reactor-http-nio-46] DEBUG reactor.netty.http.client.HttpClientOperations - [id: 0xa4924887, L:/127.0.0.1:51816 - R:localhost/127.0.0.1:8083] Received response (auto-read:false) : [Content-Type=application/json, Transfer-Encoding=chunked, Date=Wed, 15 Jun 2022 14:53:16 GMT]
15:53:17.634 [reactor-http-nio-46] DEBUG reactor.netty.resources.PooledConnectionProvider - [id: 0xa4924887, L:/127.0.0.1:51816 - R:localhost/127.0.0.1:8083] onStateChange(GET{uri=/attractions, connection=PooledConnection{channel=[id: 0xa4924887, L:/127.0.0.1:51816 - R:localhost/127.0.0.1:8083]}}, [response_received])
15:53:17.634 [reactor-http-nio-46] DEBUG org.springframework.web.reactive.function.client.ExchangeFunctions - [4aa480e7] Response 200 OK
15:53:17.634 [reactor-http-nio-47] DEBUG reactor.netty.resources.PooledConnectionProvider - [id: 0x70f8c72b, L:/127.0.0.1:51852 - R:localhost/127.0.0.1:8083] Channel acquired, now 90 active connections and 211 inactive connections
15:53:17.634 [reactor-http-nio-47] DEBUG reactor.netty.http.client.HttpClientConnect - [id: 0x70f8c72b, L:/127.0.0.1:51852 - R:localhost/127.0.0.1:8083] Handler is being applied: {uri=http://localhost:8083/attractions, method=GET}
15:53:17.635 [reactor-http-nio-46] DEBUG reactor.netty.channel.FluxReceive - [id: 0xa4924887, L:/127.0.0.1:51816 - R:localhost/127.0.0.1:8083] Subscribing inbound receiver [pending: 0, cancelled:false, inboundDone: false]
15:53:17.635 [reactor-http-nio-46] DEBUG reactor.netty.http.client.HttpClientOperations - [id: 0xa4924887, L:/127.0.0.1:51816 - R:localhost/127.0.0.1:8083] Received last HTTP packet
15:53:17.635 [reactor-http-nio-46] DEBUG org.springframework.core.codec.StringDecoder - [4aa480e7] Decoded "[{"longitude":-117.922008,"latitude":33.817595,"attractionName":"Disneyland","city":"Anaheim","stat (truncated)...
15:53:17.636 [reactor-http-nio-47] DEBUG reactor.netty.resources.PooledConnectionProvider - [id: 0x70f8c72b, L:/127.0.0.1:51852 - R:localhost/127.0.0.1:8083] onStateChange(GET{uri=/attractions, connection=PooledConnection{channel=[id: 0x70f8c72b, L:/127.0.0.1:51852 - R:localhost/127.0.0.1:8083]}}, [request_sent])
15:53:17.635 [reactor-http-nio-46] DEBUG reactor.netty.resources.PooledConnectionProvider - [id: 0xa4924887, L:/127.0.0.1:51816 - R:localhost/127.0.0.1:8083] onStateChange(GET{uri=/attractions, connection=PooledConnection{channel=[id: 0xa4924887, L:/127.0.0.1:51816 - R:localhost/127.0.0.1:8083]}}, [disconnecting])
15:53:17.636 [reactor-http-nio-46] DEBUG reactor.netty.resources.PooledConnectionProvider - [id: 0xa4924887, L:/127.0.0.1:51816 - R:localhost/127.0.0.1:8083] Releasing channel
15:53:17.636 [reactor-http-nio-46] DEBUG reactor.netty.resources.PooledConnectionProvider - [id: 0xa4924887, L:/127.0.0.1:51816 - R:localhost/127.0.0.1:8083] Channel cleaned, now 89 active connections and 212 inactive connections
15:53:17.641 [reactor-http-nio-47] DEBUG reactor.netty.http.client.HttpClientOperations - [id: 0x7af5fc74, L:/127.0.0.1:51854 - R:localhost/127.0.0.1:8083] Received response (auto-read:false) : [Content-Type=application/json, Transfer-Encoding=chunked, Date=Wed, 15 Jun 2022 14:53:16 GMT]
15:53:17.641 [reactor-http-nio-47] DEBUG reactor.netty.resources.PooledConnectionProvider - [id: 0x7af5fc74, L:/127.0.0.1:51854 - R:localhost/127.0.0.1:8083] onStateChange(GET{uri=/userLocation?userId=11b358ad-f909-4cc6-8c5f-e48c802218c2, connection=PooledConnection{channel=[id: 0x7af5fc74, L:/127.0.0.1:51854 - R:localhost/127.0.0.1:8083]}}, [response_received])
15:53:17.641 [reactor-http-nio-47] DEBUG org.springframework.web.reactive.function.client.ExchangeFunctions - [4310816c] Response 200 OK
15:53:17.642 [reactor-http-nio-47] DEBUG reactor.netty.channel.FluxReceive - [id: 0x7af5fc74, L:/127.0.0.1:51854 - R:localhost/127.0.0.1:8083] Subscribing inbound receiver [pending: 0, cancelled:false, inboundDone: false]
15:53:17.642 [reactor-http-nio-47] DEBUG reactor.netty.http.client.HttpClientOperations - [id: 0x7af5fc74, L:/127.0.0.1:51854 - R:localhost/127.0.0.1:8083] Received last HTTP packet
15:53:17.642 [reactor-http-nio-47] DEBUG org.springframework.core.codec.StringDecoder - [4310816c] Decoded "{"userId":"11b358ad-f909-4cc6-8c5f-e48c802218c2","location":{"longitude":-114.675376,"latitude":-84 (truncated)...
15:53:17.642 [reactor-http-nio-47] DEBUG reactor.netty.resources.PooledConnectionProvider - [id: 0x7af5fc74, L:/127.0.0.1:51854 - R:localhost/127.0.0.1:8083] onStateChange(GET{uri=/userLocation?userId=11b358ad-f909-4cc6-8c5f-e48c802218c2, connection=PooledConnection{channel=[id: 0x7af5fc74, L:/127.0.0.1:51854 - R:localhost/127.0.0.1:8083]}}, [disconnecting])
15:53:17.642 [reactor-http-nio-47] DEBUG reactor.netty.resources.PooledConnectionProvider - [id: 0x7af5fc74, L:/127.0.0.1:51854 - R:localhost/127.0.0.1:8083] Releasing channel
15:53:17.642 [reactor-http-nio-47] DEBUG reactor.netty.resources.PooledConnectionProvider - [id: 0x7af5fc74, L:/127.0.0.1:51854 - R:localhost/127.0.0.1:8083] Channel cleaned, now 88 active connections and 213 inactive connections
15:53:17.644 [pool-2-thread-88] INFO tourGuide.service.TourGuideService - visitedLocatio tourGuide.gpsUtil.VisitedLocation@663de825
15:53:17.644 [pool-2-thread-88] DEBUG org.springframework.web.reactive.function.client.ExchangeFunctions - [4b99a819] HTTP GET http://localhost:8083/attractions
15:53:17.647 [reactor-http-nio-48] DEBUG reactor.netty.resources.PooledConnectionProvider - [id: 0xf2727193, L:/127.0.0.1:51969 - R:localhost/127.0.0.1:8083] Channel acquired, now 89 active connections and 212 inactive connections
15:53:17.647 [reactor-http-nio-48] DEBUG reactor.netty.http.client.HttpClientConnect - [id: 0xf2727193, L:/127.0.0.1:51969 - R:localhost/127.0.0.1:8083] Handler is being applied: {uri=http://localhost:8083/attractions, method=GET}
15:53:17.647 [reactor-http-nio-48] DEBUG reactor.netty.resources.PooledConnectionProvider - [id: 0xf2727193, L:/127.0.0.1:51969 - R:localhost/127.0.0.1:8083] onStateChange(GET{uri=/attractions, connection=PooledConnection{channel=[id: 0xf2727193, L:/127.0.0.1:51969 - R:localhost/127.0.0.1:8083]}}, [request_sent])
15:53:17.649 [reactor-http-nio-41] DEBUG reactor.netty.http.client.HttpClientOperations - [id: 0xd0c6a217, L:/127.0.0.1:51778 - R:localhost/127.0.0.1:8083] Received last HTTP packet
15:53:17.649 [reactor-http-nio-41] DEBUG org.springframework.core.codec.StringDecoder - [5db60dc2] Decoded "[{"longitude":-117.922008,"latitude":33.817595,"attractionName":"Disneyland","city":"Anaheim","stat (truncated)...
15:53:17.649 [reactor-http-nio-41] DEBUG reactor.netty.resources.PooledConnectionProvider - [id: 0xd0c6a217, L:/127.0.0.1:51778 - R:localhost/127.0.0.1:8083] onStateChange(GET{uri=/attractions, connection=PooledConnection{channel=[id: 0xd0c6a217, L:/127.0.0.1:51778 - R:localhost/127.0.0.1:8083]}}, [disconnecting])
15:53:17.649 [reactor-http-nio-41] DEBUG reactor.netty.resources.PooledConnectionProvider - [id: 0xd0c6a217, L:/127.0.0.1:51778 - R:localhost/127.0.0.1:8083] Releasing channel
15:53:17.649 [reactor-http-nio-41] DEBUG reactor.netty.resources.PooledConnectionProvider - [id: 0xd0c6a217, L:/127.0.0.1:51778 - R:localhost/127.0.0.1:8083] Channel cleaned, now 88 active connections and 213 inactive connections
15:53:17.649 [reactor-http-nio-41] DEBUG reactor.netty.http.client.HttpClientOperations - [id: 0xc8430281, L:/127.0.0.1:51729 - R:localhost/127.0.0.1:8083] Received response (auto-read:false) : [Content-Type=application/json, Transfer-Encoding=chunked, Date=Wed, 15 Jun 2022 14:53:16 GMT]
15:53:17.649 [reactor-http-nio-41] DEBUG reactor.netty.resources.PooledConnectionProvider - [id: 0xc8430281, L:/127.0.0.1:51729 - R:localhost/127.0.0.1:8083] onStateChange(GET{uri=/attractions, connection=PooledConnection{channel=[id: 0xc8430281, L:/127.0.0.1:51729 - R:localhost/127.0.0.1:8083]}}, [response_received])
15:53:17.649 [reactor-http-nio-41] DEBUG org.springframework.web.reactive.function.client.ExchangeFunctions - [78a0a1e0] Response 200 OK
15:53:17.650 [reactor-http-nio-41] DEBUG reactor.netty.channel.FluxReceive - [id: 0xc8430281, L:/127.0.0.1:51729 - R:localhost/127.0.0.1:8083] Subscribing inbound receiver [pending: 0, cancelled:false, inboundDone: false]
15:53:17.650 [reactor-http-nio-41] DEBUG reactor.netty.http.client.HttpClientOperations - [id: 0xc8430281, L:/127.0.0.1:51729 - R:localhost/127.0.0.1:8083] Received last HTTP packet
15:53:17.650 [reactor-http-nio-41] DEBUG org.springframework.core.codec.StringDecoder - [78a0a1e0] Decoded "[{"longitude":-117.922008,"latitude":33.817595,"attractionName":"Disneyland","city":"Anaheim","stat (truncated)...
15:53:17.650 [reactor-http-nio-41] DEBUG reactor.netty.resources.PooledConnectionProvider - [id: 0xc8430281, L:/127.0.0.1:51729 - R:localhost/127.0.0.1:8083] onStateChange(GET{uri=/attractions, connection=PooledConnection{channel=[id: 0xc8430281, L:/127.0.0.1:51729 - R:localhost/127.0.0.1:8083]}}, [disconnecting])
15:53:17.650 [reactor-http-nio-41] DEBUG reactor.netty.resources.PooledConnectionProvider - [id: 0xc8430281, L:/127.0.0.1:51729 - R:localhost/127.0.0.1:8083] Releasing channel
15:53:17.651 [reactor-http-nio-41] DEBUG reactor.netty.resources.PooledConnectionProvider - [id: 0xc8430281, L:/127.0.0.1:51729 - R:localhost/127.0.0.1:8083] Channel cleaned, now 87 active connections and 214 inactive connections
15:53:17.653 [reactor-http-nio-47] DEBUG reactor.netty.http.client.HttpClientOperations - [id: 0x98143ed4, L:/127.0.0.1:51680 - R:localhost/127.0.0.1:8083] Received last HTTP packet
15:53:17.654 [reactor-http-nio-47] DEBUG org.springframework.core.codec.StringDecoder - [5edfdc4f] Decoded "[{"longitude":-117.922008,"latitude":33.817595,"attractionName":"Disneyland","city":"Anaheim","stat (truncated)...
15:53:17.654 [reactor-http-nio-47] DEBUG reactor.netty.resources.PooledConnectionProvider - [id: 0x98143ed4, L:/127.0.0.1:51680 - R:localhost/127.0.0.1:8083] onStateChange(GET{uri=/attractions, connection=PooledConnection{channel=[id: 0x98143ed4, L:/127.0.0.1:51680 - R:localhost/127.0.0.1:8083]}}, [disconnecting])
15:53:17.654 [reactor-http-nio-47] DEBUG reactor.netty.resources.PooledConnectionProvider - [id: 0x98143ed4, L:/127.0.0.1:51680 - R:localhost/127.0.0.1:8083] Releasing channel
15:53:17.654 [reactor-http-nio-47] DEBUG reactor.netty.resources.PooledConnectionProvider - [id: 0x98143ed4, L:/127.0.0.1:51680 - R:localhost/127.0.0.1:8083] Channel cleaned, now 86 active connections and 215 inactive connections
15:53:17.656 [reactor-http-nio-48] DEBUG reactor.netty.http.client.HttpClientOperations - [id: 0x03a75d7c, L:/127.0.0.1:51954 - R:localhost/127.0.0.1:8083] Received response (auto-read:false) : [Content-Type=application/json, Transfer-Encoding=chunked, Date=Wed, 15 Jun 2022 14:53:16 GMT]
15:53:17.656 [reactor-http-nio-46] DEBUG reactor.netty.http.client.HttpClientOperations - [id: 0x6a3c40cd, L:/127.0.0.1:51985 - R:localhost/127.0.0.1:8084] Received response (auto-read:false) : [Content-Type=application/json, Transfer-Encoding=chunked, Date=Wed, 15 Jun 2022 14:53:17 GMT]
15:53:17.656 [reactor-http-nio-48] DEBUG reactor.netty.resources.PooledConnectionProvider - [id: 0x03a75d7c, L:/127.0.0.1:51954 - R:localhost/127.0.0.1:8083] onStateChange(GET{uri=/attractions, connection=PooledConnection{channel=[id: 0x03a75d7c, L:/127.0.0.1:51954 - R:localhost/127.0.0.1:8083]}}, [response_received])
15:53:17.656 [reactor-http-nio-46] DEBUG reactor.netty.resources.PooledConnectionProvider - [id: 0x6a3c40cd, L:/127.0.0.1:51985 - R:localhost/127.0.0.1:8084] onStateChange(GET{uri=/attractionRewardPoint?attractionId=7ec95c8f-ce7f-4a53-9dd3-b04b16228fad&userId=653710d7-d742-4648-8e9d-0ffc7f849f40, connection=PooledConnection{channel=[id: 0x6a3c40cd, L:/127.0.0.1:51985 - R:localhost/127.0.0.1:8084]}}, [response_received])
15:53:17.656 [reactor-http-nio-46] DEBUG org.springframework.web.reactive.function.client.ExchangeFunctions - [44f3a833] Response 200 OK
15:53:17.656 [reactor-http-nio-48] DEBUG org.springframework.web.reactive.function.client.ExchangeFunctions - [76e38f29] Response 200 OK
15:53:17.656 [reactor-http-nio-46] DEBUG reactor.netty.channel.FluxReceive - [id: 0x6a3c40cd, L:/127.0.0.1:51985 - R:localhost/127.0.0.1:8084] Subscribing inbound receiver [pending: 0, cancelled:false, inboundDone: false]
15:53:17.657 [reactor-http-nio-46] DEBUG reactor.netty.http.client.HttpClientOperations - [id: 0x6a3c40cd, L:/127.0.0.1:51985 - R:localhost/127.0.0.1:8084] Received last HTTP packet
15:53:17.657 [reactor-http-nio-46] DEBUG org.springframework.core.codec.StringDecoder - [44f3a833] Decoded "31"
15:53:17.657 [reactor-http-nio-46] DEBUG reactor.netty.resources.PooledConnectionProvider - [id: 0x6a3c40cd, L:/127.0.0.1:51985 - R:localhost/127.0.0.1:8084] onStateChange(GET{uri=/attractionRewardPoint?attractionId=7ec95c8f-ce7f-4a53-9dd3-b04b16228fad&userId=653710d7-d742-4648-8e9d-0ffc7f849f40, connection=PooledConnection{channel=[id: 0x6a3c40cd, L:/127.0.0.1:51985 - R:localhost/127.0.0.1:8084]}}, [disconnecting])
15:53:17.657 [reactor-http-nio-46] DEBUG reactor.netty.resources.PooledConnectionProvider - [id: 0x6a3c40cd, L:/127.0.0.1:51985 - R:localhost/127.0.0.1:8084] Releasing channel
15:53:17.657 [reactor-http-nio-46] DEBUG reactor.netty.resources.PooledConnectionProvider - [id: 0x6a3c40cd, L:/127.0.0.1:51985 - R:localhost/127.0.0.1:8084] Channel cleaned, now 65 active connections and 1 inactive connections
15:53:17.658 [reactor-http-nio-46] DEBUG reactor.netty.http.client.HttpClientOperations - [id: 0xe2f159f9, L:/127.0.0.1:51980 - R:localhost/127.0.0.1:8083] Received response (auto-read:false) : [Content-Type=application/json, Transfer-Encoding=chunked, Date=Wed, 15 Jun 2022 14:53:16 GMT]
15:53:17.658 [reactor-http-nio-46] DEBUG reactor.netty.resources.PooledConnectionProvider - [id: 0xe2f159f9, L:/127.0.0.1:51980 - R:localhost/127.0.0.1:8083] onStateChange(GET{uri=/userLocation?userId=2f9c4b88-f56c-4b12-9c0b-4f443e947e9a, connection=PooledConnection{channel=[id: 0xe2f159f9, L:/127.0.0.1:51980 - R:localhost/127.0.0.1:8083]}}, [response_received])
15:53:17.658 [reactor-http-nio-46] DEBUG org.springframework.web.reactive.function.client.ExchangeFunctions - [2c61317d] Response 200 OK
15:53:17.658 [reactor-http-nio-46] DEBUG reactor.netty.channel.FluxReceive - [id: 0xe2f159f9, L:/127.0.0.1:51980 - R:localhost/127.0.0.1:8083] Subscribing inbound receiver [pending: 0, cancelled:false, inboundDone: false]
15:53:17.658 [reactor-http-nio-48] DEBUG reactor.netty.channel.FluxReceive - [id: 0x03a75d7c, L:/127.0.0.1:51954 - R:localhost/127.0.0.1:8083] Subscribing inbound receiver [pending: 0, cancelled:false, inboundDone: false]
15:53:17.658 [reactor-http-nio-46] DEBUG reactor.netty.http.client.HttpClientOperations - [id: 0xe2f159f9, L:/127.0.0.1:51980 - R:localhost/127.0.0.1:8083] Received last HTTP packet
15:53:17.658 [reactor-http-nio-46] DEBUG org.springframework.core.codec.StringDecoder - [2c61317d] Decoded "{"userId":"2f9c4b88-f56c-4b12-9c0b-4f443e947e9a","location":{"longitude":-167.795685,"latitude":79. (truncated)...
15:53:17.658 [reactor-http-nio-48] DEBUG reactor.netty.http.client.HttpClientOperations - [id: 0x03a75d7c, L:/127.0.0.1:51954 - R:localhost/127.0.0.1:8083] Received last HTTP packet
15:53:17.658 [reactor-http-nio-46] DEBUG reactor.netty.resources.PooledConnectionProvider - [id: 0xe2f159f9, L:/127.0.0.1:51980 - R:localhost/127.0.0.1:8083] onStateChange(GET{uri=/userLocation?userId=2f9c4b88-f56c-4b12-9c0b-4f443e947e9a, connection=PooledConnection{channel=[id: 0xe2f159f9, L:/127.0.0.1:51980 - R:localhost/127.0.0.1:8083]}}, [disconnecting])
15:53:17.658 [reactor-http-nio-46] DEBUG reactor.netty.resources.PooledConnectionProvider - [id: 0xe2f159f9, L:/127.0.0.1:51980 - R:localhost/127.0.0.1:8083] Releasing channel
15:53:17.658 [reactor-http-nio-46] DEBUG reactor.netty.resources.PooledConnectionProvider - [id: 0xe2f159f9, L:/127.0.0.1:51980 - R:localhost/127.0.0.1:8083] Channel cleaned, now 85 active connections and 216 inactive connections
15:53:17.658 [reactor-http-nio-48] DEBUG org.springframework.core.codec.StringDecoder - [76e38f29] Decoded "[{"longitude":-117.922008,"latitude":33.817595,"attractionName":"Disneyland","city":"Anaheim","stat (truncated)...
15:53:17.658 [reactor-http-nio-48] DEBUG reactor.netty.resources.PooledConnectionProvider - [id: 0x03a75d7c, L:/127.0.0.1:51954 - R:localhost/127.0.0.1:8083] onStateChange(GET{uri=/attractions, connection=PooledConnection{channel=[id: 0x03a75d7c, L:/127.0.0.1:51954 - R:localhost/127.0.0.1:8083]}}, [disconnecting])
15:53:17.658 [reactor-http-nio-48] DEBUG reactor.netty.resources.PooledConnectionProvider - [id: 0x03a75d7c, L:/127.0.0.1:51954 - R:localhost/127.0.0.1:8083] Releasing channel
15:53:17.659 [reactor-http-nio-48] DEBUG reactor.netty.resources.PooledConnectionProvider - [id: 0x03a75d7c, L:/127.0.0.1:51954 - R:localhost/127.0.0.1:8083] Channel cleaned, now 84 active connections and 217 inactive connections
15:53:17.660 [pool-5-thread-19] INFO tourGuide.service.TourGuideService - visitedLocatio tourGuide.gpsUtil.VisitedLocation@52b257e4
15:53:17.660 [pool-5-thread-19] DEBUG org.springframework.web.reactive.function.client.ExchangeFunctions - [3e17368d] HTTP GET http://localhost:8083/attractions
15:53:17.661 [reactor-http-nio-46] DEBUG reactor.netty.http.client.HttpClientOperations - [id: 0x72e5dab1, L:/127.0.0.1:51797 - R:localhost/127.0.0.1:8083] Received response (auto-read:false) : [Content-Type=application/json, Transfer-Encoding=chunked, Date=Wed, 15 Jun 2022 14:53:16 GMT]
15:53:17.661 [reactor-http-nio-48] DEBUG reactor.netty.http.client.HttpClientOperations - [id: 0x1c21a498, L:/127.0.0.1:51982 - R:localhost/127.0.0.1:8084] Received response (auto-read:false) : [Content-Type=application/json, Transfer-Encoding=chunked, Date=Wed, 15 Jun 2022 14:53:17 GMT]
15:53:17.661 [reactor-http-nio-46] DEBUG reactor.netty.resources.PooledConnectionProvider - [id: 0x72e5dab1, L:/127.0.0.1:51797 - R:localhost/127.0.0.1:8083] onStateChange(GET{uri=/attractions, connection=PooledConnection{channel=[id: 0x72e5dab1, L:/127.0.0.1:51797 - R:localhost/127.0.0.1:8083]}}, [response_received])
15:53:17.661 [reactor-http-nio-48] DEBUG reactor.netty.resources.PooledConnectionProvider - [id: 0x1c21a498, L:/127.0.0.1:51982 - R:localhost/127.0.0.1:8084] onStateChange(GET{uri=/attractionRewardPoint?attractionId=a76a9dbe-aada-453f-8548-d98016cf9bcc&userId=1371cda1-925f-4032-8eb9-794b0c916fda, connection=PooledConnection{channel=[id: 0x1c21a498, L:/127.0.0.1:51982 - R:localhost/127.0.0.1:8084]}}, [response_received])
15:53:17.661 [reactor-http-nio-46] DEBUG org.springframework.web.reactive.function.client.ExchangeFunctions - [2a157128] Response 200 OK
15:53:17.661 [reactor-http-nio-48] DEBUG org.springframework.web.reactive.function.client.ExchangeFunctions - [7bad0b87] Response 200 OK
15:53:17.661 [reactor-http-nio-48] DEBUG reactor.netty.channel.FluxReceive - [id: 0x1c21a498, L:/127.0.0.1:51982 - R:localhost/127.0.0.1:8084] Subscribing inbound receiver [pending: 0, cancelled:false, inboundDone: false]
15:53:17.661 [reactor-http-nio-46] DEBUG reactor.netty.channel.FluxReceive - [id: 0x72e5dab1, L:/127.0.0.1:51797 - R:localhost/127.0.0.1:8083] Subscribing inbound receiver [pending: 0, cancelled:false, inboundDone: false]
15:53:17.662 [reactor-http-nio-46] DEBUG reactor.netty.http.client.HttpClientOperations - [id: 0x72e5dab1, L:/127.0.0.1:51797 - R:localhost/127.0.0.1:8083] Received last HTTP packet
15:53:17.662 [reactor-http-nio-48] DEBUG reactor.netty.http.client.HttpClientOperations - [id: 0x1c21a498, L:/127.0.0.1:51982 - R:localhost/127.0.0.1:8084] Received last HTTP packet
15:53:17.662 [reactor-http-nio-48] DEBUG org.springframework.core.codec.StringDecoder - [7bad0b87] Decoded "680"
15:53:17.662 [reactor-http-nio-46] DEBUG org.springframework.core.codec.StringDecoder - [2a157128] Decoded "[{"longitude":-117.922008,"latitude":33.817595,"attractionName":"Disneyland","city":"Anaheim","stat (truncated)...
15:53:17.662 [reactor-http-nio-48] DEBUG reactor.netty.resources.PooledConnectionProvider - [id: 0x1c21a498, L:/127.0.0.1:51982 - R:localhost/127.0.0.1:8084] onStateChange(GET{uri=/attractionRewardPoint?attractionId=a76a9dbe-aada-453f-8548-d98016cf9bcc&userId=1371cda1-925f-4032-8eb9-794b0c916fda, connection=PooledConnection{channel=[id: 0x1c21a498, L:/127.0.0.1:51982 - R:localhost/127.0.0.1:8084]}}, [disconnecting])
15:53:17.662 [reactor-http-nio-48] DEBUG reactor.netty.resources.PooledConnectionProvider - [id: 0x1c21a498, L:/127.0.0.1:51982 - R:localhost/127.0.0.1:8084] Releasing channel
15:53:17.662 [reactor-http-nio-46] DEBUG reactor.netty.resources.PooledConnectionProvider - [id: 0x72e5dab1, L:/127.0.0.1:51797 - R:localhost/127.0.0.1:8083] onStateChange(GET{uri=/attractions, connection=PooledConnection{channel=[id: 0x72e5dab1, L:/127.0.0.1:51797 - R:localhost/127.0.0.1:8083]}}, [disconnecting])
15:53:17.662 [reactor-http-nio-46] DEBUG reactor.netty.resources.PooledConnectionProvider - [id: 0x72e5dab1, L:/127.0.0.1:51797 - R:localhost/127.0.0.1:8083] Releasing channel
15:53:17.662 [reactor-http-nio-48] DEBUG reactor.netty.resources.PooledConnectionProvider - [id: 0x1c21a498, L:/127.0.0.1:51982 - R:localhost/127.0.0.1:8084] Channel cleaned, now 64 active connections and 2 inactive connections
15:53:17.662 [reactor-http-nio-46] DEBUG reactor.netty.resources.PooledConnectionProvider - [id: 0x72e5dab1, L:/127.0.0.1:51797 - R:localhost/127.0.0.1:8083] Channel cleaned, now 83 active connections and 218 inactive connections
15:53:17.662 [reactor-http-nio-41] DEBUG reactor.netty.resources.PooledConnectionProvider - [id: 0xdc4a09e2, L:/127.0.0.1:51708 - R:localhost/127.0.0.1:8083] Channel acquired, now 84 active connections and 217 inactive connections
15:53:17.662 [reactor-http-nio-41] DEBUG reactor.netty.http.client.HttpClientConnect - [id: 0xdc4a09e2, L:/127.0.0.1:51708 - R:localhost/127.0.0.1:8083] Handler is being applied: {uri=http://localhost:8083/attractions, method=GET}
15:53:17.663 [reactor-http-nio-47] DEBUG reactor.netty.http.client.HttpClientOperations - [id: 0x905654b3, L:/127.0.0.1:51889 - R:localhost/127.0.0.1:8083] Received last HTTP packet
15:53:17.663 [reactor-http-nio-46] DEBUG reactor.netty.http.client.HttpClientOperations - [id: 0xd99a3f51, L:/127.0.0.1:51806 - R:localhost/127.0.0.1:8083] Received response (auto-read:false) : [Content-Type=application/json, Transfer-Encoding=chunked, Date=Wed, 15 Jun 2022 14:53:16 GMT]
15:53:17.663 [reactor-http-nio-46] DEBUG reactor.netty.resources.PooledConnectionProvider - [id: 0xd99a3f51, L:/127.0.0.1:51806 - R:localhost/127.0.0.1:8083] onStateChange(GET{uri=/attractions, connection=PooledConnection{channel=[id: 0xd99a3f51, L:/127.0.0.1:51806 - R:localhost/127.0.0.1:8083]}}, [response_received])
15:53:17.663 [reactor-http-nio-46] DEBUG org.springframework.web.reactive.function.client.ExchangeFunctions - [22935ad5] Response 200 OK
15:53:17.663 [reactor-http-nio-41] DEBUG reactor.netty.resources.PooledConnectionProvider - [id: 0xdc4a09e2, L:/127.0.0.1:51708 - R:localhost/127.0.0.1:8083] onStateChange(GET{uri=/attractions, connection=PooledConnection{channel=[id: 0xdc4a09e2, L:/127.0.0.1:51708 - R:localhost/127.0.0.1:8083]}}, [request_sent])
15:53:17.663 [reactor-http-nio-47] DEBUG org.springframework.core.codec.StringDecoder - [20669816] Decoded "[{"longitude":-117.922008,"latitude":33.817595,"attractionName":"Disneyland","city":"Anaheim","stat (truncated)...
15:53:17.664 [reactor-http-nio-47] DEBUG reactor.netty.resources.PooledConnectionProvider - [id: 0x905654b3, L:/127.0.0.1:51889 - R:localhost/127.0.0.1:8083] onStateChange(GET{uri=/attractions, connection=PooledConnection{channel=[id: 0x905654b3, L:/127.0.0.1:51889 - R:localhost/127.0.0.1:8083]}}, [disconnecting])
15:53:17.664 [reactor-http-nio-47] DEBUG reactor.netty.resources.PooledConnectionProvider - [id: 0x905654b3, L:/127.0.0.1:51889 - R:localhost/127.0.0.1:8083] Releasing channel
15:53:17.664 [reactor-http-nio-41] DEBUG reactor.netty.http.client.HttpClientOperations - [id: 0x58b3b7bf, L:/127.0.0.1:51717 - R:localhost/127.0.0.1:8083] Received last HTTP packet
15:53:17.664 [reactor-http-nio-47] DEBUG reactor.netty.resources.PooledConnectionProvider - [id: 0x905654b3, L:/127.0.0.1:51889 - R:localhost/127.0.0.1:8083] Channel cleaned, now 83 active connections and 218 inactive connections
15:53:17.664 [reactor-http-nio-46] DEBUG reactor.netty.channel.FluxReceive - [id: 0xd99a3f51, L:/127.0.0.1:51806 - R:localhost/127.0.0.1:8083] Subscribing inbound receiver [pending: 0, cancelled:false, inboundDone: false]
15:53:17.664 [reactor-http-nio-41] DEBUG org.springframework.core.codec.StringDecoder - [1275cd0c] Decoded "[{"longitude":-117.922008,"latitude":33.817595,"attractionName":"Disneyland","city":"Anaheim","stat (truncated)...
15:53:17.664 [reactor-http-nio-41] DEBUG reactor.netty.resources.PooledConnectionProvider - [id: 0x58b3b7bf, L:/127.0.0.1:51717 - R:localhost/127.0.0.1:8083] onStateChange(GET{uri=/attractions, connection=PooledConnection{channel=[id: 0x58b3b7bf, L:/127.0.0.1:51717 - R:localhost/127.0.0.1:8083]}}, [disconnecting])
15:53:17.664 [reactor-http-nio-41] DEBUG reactor.netty.resources.PooledConnectionProvider - [id: 0x58b3b7bf, L:/127.0.0.1:51717 - R:localhost/127.0.0.1:8083] Releasing channel
15:53:17.664 [reactor-http-nio-46] DEBUG reactor.netty.http.client.HttpClientOperations - [id: 0xd99a3f51, L:/127.0.0.1:51806 - R:localhost/127.0.0.1:8083] Received last HTTP packet
15:53:17.664 [reactor-http-nio-41] DEBUG reactor.netty.resources.PooledConnectionProvider - [id: 0x58b3b7bf, L:/127.0.0.1:51717 - R:localhost/127.0.0.1:8083] Channel cleaned, now 82 active connections and 219 inactive connections
15:53:17.664 [reactor-http-nio-46] DEBUG org.springframework.core.codec.StringDecoder - [22935ad5] Decoded "[{"longitude":-117.922008,"latitude":33.817595,"attractionName":"Disneyland","city":"Anaheim","stat (truncated)...
15:53:17.664 [reactor-http-nio-46] DEBUG reactor.netty.resources.PooledConnectionProvider - [id: 0xd99a3f51, L:/127.0.0.1:51806 - R:localhost/127.0.0.1:8083] onStateChange(GET{uri=/attractions, connection=PooledConnection{channel=[id: 0xd99a3f51, L:/127.0.0.1:51806 - R:localhost/127.0.0.1:8083]}}, [disconnecting])
15:53:17.664 [reactor-http-nio-46] DEBUG reactor.netty.resources.PooledConnectionProvider - [id: 0xd99a3f51, L:/127.0.0.1:51806 - R:localhost/127.0.0.1:8083] Releasing channel
15:53:17.664 [reactor-http-nio-46] DEBUG reactor.netty.resources.PooledConnectionProvider - [id: 0xd99a3f51, L:/127.0.0.1:51806 - R:localhost/127.0.0.1:8083] Channel cleaned, now 81 active connections and 220 inactive connections
15:53:17.664 [reactor-http-nio-46] DEBUG reactor.netty.http.client.HttpClientOperations - [id: 0x6dee6723, L:/127.0.0.1:51807 - R:localhost/127.0.0.1:8083] Received response (auto-read:false) : [Content-Type=application/json, Transfer-Encoding=chunked, Date=Wed, 15 Jun 2022 14:53:16 GMT]
15:53:17.664 [reactor-http-nio-46] DEBUG reactor.netty.resources.PooledConnectionProvider - [id: 0x6dee6723, L:/127.0.0.1:51807 - R:localhost/127.0.0.1:8083] onStateChange(GET{uri=/attractions, connection=PooledConnection{channel=[id: 0x6dee6723, L:/127.0.0.1:51807 - R:localhost/127.0.0.1:8083]}}, [response_received])
15:53:17.664 [reactor-http-nio-46] DEBUG org.springframework.web.reactive.function.client.ExchangeFunctions - [72016f4d] Response 200 OK
15:53:17.665 [reactor-http-nio-46] DEBUG reactor.netty.channel.FluxReceive - [id: 0x6dee6723, L:/127.0.0.1:51807 - R:localhost/127.0.0.1:8083] Subscribing inbound receiver [pending: 0, cancelled:false, inboundDone: false]
15:53:17.665 [reactor-http-nio-46] DEBUG reactor.netty.http.client.HttpClientOperations - [id: 0x6dee6723, L:/127.0.0.1:51807 - R:localhost/127.0.0.1:8083] Received last HTTP packet
15:53:17.665 [reactor-http-nio-46] DEBUG org.springframework.core.codec.StringDecoder - [72016f4d] Decoded "[{"longitude":-117.922008,"latitude":33.817595,"attractionName":"Disneyland","city":"Anaheim","stat (truncated)...
15:53:17.665 [reactor-http-nio-46] DEBUG reactor.netty.resources.PooledConnectionProvider - [id: 0x6dee6723, L:/127.0.0.1:51807 - R:localhost/127.0.0.1:8083] onStateChange(GET{uri=/attractions, connection=PooledConnection{channel=[id: 0x6dee6723, L:/127.0.0.1:51807 - R:localhost/127.0.0.1:8083]}}, [disconnecting])
15:53:17.665 [reactor-http-nio-46] DEBUG reactor.netty.resources.PooledConnectionProvider - [id: 0x6dee6723, L:/127.0.0.1:51807 - R:localhost/127.0.0.1:8083] Releasing channel
15:53:17.665 [reactor-http-nio-46] DEBUG reactor.netty.resources.PooledConnectionProvider - [id: 0x6dee6723, L:/127.0.0.1:51807 - R:localhost/127.0.0.1:8083] Channel cleaned, now 80 active connections and 221 inactive connections
15:53:17.665 [reactor-http-nio-46] DEBUG reactor.netty.http.client.HttpClientOperations - [id: 0x1f4b22f3, L:/127.0.0.1:51983 - R:localhost/127.0.0.1:8084] Received response (auto-read:false) : [Content-Type=application/json, Transfer-Encoding=chunked, Date=Wed, 15 Jun 2022 14:53:17 GMT]
15:53:17.665 [reactor-http-nio-46] DEBUG reactor.netty.resources.PooledConnectionProvider - [id: 0x1f4b22f3, L:/127.0.0.1:51983 - R:localhost/127.0.0.1:8084] onStateChange(GET{uri=/attractionRewardPoint?attractionId=a6cc66d4-0aac-4ee2-8b67-de9ca59af9b3&userId=513c3e8d-4835-459b-b62d-87d7e1cc7dd1, connection=PooledConnection{channel=[id: 0x1f4b22f3, L:/127.0.0.1:51983 - R:localhost/127.0.0.1:8084]}}, [response_received])
15:53:17.665 [reactor-http-nio-46] DEBUG org.springframework.web.reactive.function.client.ExchangeFunctions - [5603d9bd] Response 200 OK
15:53:17.666 [reactor-http-nio-46] DEBUG reactor.netty.channel.FluxReceive - [id: 0x1f4b22f3, L:/127.0.0.1:51983 - R:localhost/127.0.0.1:8084] Subscribing inbound receiver [pending: 0, cancelled:false, inboundDone: false]
15:53:17.666 [reactor-http-nio-46] DEBUG reactor.netty.http.client.HttpClientOperations - [id: 0x1f4b22f3, L:/127.0.0.1:51983 - R:localhost/127.0.0.1:8084] Received last HTTP packet
15:53:17.666 [reactor-http-nio-46] DEBUG org.springframework.core.codec.StringDecoder - [5603d9bd] Decoded "38"
15:53:17.666 [reactor-http-nio-46] DEBUG reactor.netty.resources.PooledConnectionProvider - [id: 0x1f4b22f3, L:/127.0.0.1:51983 - R:localhost/127.0.0.1:8084] onStateChange(GET{uri=/attractionRewardPoint?attractionId=a6cc66d4-0aac-4ee2-8b67-de9ca59af9b3&userId=513c3e8d-4835-459b-b62d-87d7e1cc7dd1, connection=PooledConnection{channel=[id: 0x1f4b22f3, L:/127.0.0.1:51983 - R:localhost/127.0.0.1:8084]}}, [disconnecting])
15:53:17.666 [reactor-http-nio-46] DEBUG reactor.netty.resources.PooledConnectionProvider - [id: 0x1f4b22f3, L:/127.0.0.1:51983 - R:localhost/127.0.0.1:8084] Releasing channel
15:53:17.666 [reactor-http-nio-46] DEBUG reactor.netty.resources.PooledConnectionProvider - [id: 0x1f4b22f3, L:/127.0.0.1:51983 - R:localhost/127.0.0.1:8084] Channel cleaned, now 63 active connections and 3 inactive connections
15:53:17.666 [reactor-http-nio-46] DEBUG reactor.netty.http.client.HttpClientOperations - [id: 0x1246ce27, L:/127.0.0.1:51988 - R:localhost/127.0.0.1:8084] Received response (auto-read:false) : [Content-Type=application/json, Transfer-Encoding=chunked, Date=Wed, 15 Jun 2022 14:53:17 GMT]
15:53:17.666 [reactor-http-nio-46] DEBUG reactor.netty.resources.PooledConnectionProvider - [id: 0x1246ce27, L:/127.0.0.1:51988 - R:localhost/127.0.0.1:8084] onStateChange(GET{uri=/attractionRewardPoint?attractionId=f3db2e47-875c-41b2-8c8e-2001b17dbd96&userId=5d857e3f-c73f-4a71-b917-898328a82d40, connection=PooledConnection{channel=[id: 0x1246ce27, L:/127.0.0.1:51988 - R:localhost/127.0.0.1:8084]}}, [response_received])
15:53:17.666 [reactor-http-nio-46] DEBUG org.springframework.web.reactive.function.client.ExchangeFunctions - [27316638] Response 200 OK
15:53:17.667 [reactor-http-nio-46] DEBUG reactor.netty.channel.FluxReceive - [id: 0x1246ce27, L:/127.0.0.1:51988 - R:localhost/127.0.0.1:8084] Subscribing inbound receiver [pending: 0, cancelled:false, inboundDone: false]
15:53:17.667 [reactor-http-nio-46] DEBUG reactor.netty.http.client.HttpClientOperations - [id: 0x1246ce27, L:/127.0.0.1:51988 - R:localhost/127.0.0.1:8084] Received last HTTP packet
15:53:17.667 [reactor-http-nio-46] DEBUG org.springframework.core.codec.StringDecoder - [27316638] Decoded "986"
15:53:17.667 [reactor-http-nio-46] DEBUG reactor.netty.resources.PooledConnectionProvider - [id: 0x1246ce27, L:/127.0.0.1:51988 - R:localhost/127.0.0.1:8084] onStateChange(GET{uri=/attractionRewardPoint?attractionId=f3db2e47-875c-41b2-8c8e-2001b17dbd96&userId=5d857e3f-c73f-4a71-b917-898328a82d40, connection=PooledConnection{channel=[id: 0x1246ce27, L:/127.0.0.1:51988 - R:localhost/127.0.0.1:8084]}}, [disconnecting])
15:53:17.667 [reactor-http-nio-46] DEBUG reactor.netty.resources.PooledConnectionProvider - [id: 0x1246ce27, L:/127.0.0.1:51988 - R:localhost/127.0.0.1:8084] Releasing channel
15:53:17.667 [reactor-http-nio-46] DEBUG reactor.netty.resources.PooledConnectionProvider - [id: 0x1246ce27, L:/127.0.0.1:51988 - R:localhost/127.0.0.1:8084] Channel cleaned, now 62 active connections and 4 inactive connections
15:53:17.668 [reactor-http-nio-47] DEBUG reactor.netty.http.client.HttpClientOperations - [id: 0xd1ebbc3a, L:/127.0.0.1:51690 - R:localhost/127.0.0.1:8083] Received response (auto-read:false) : [Content-Type=application/json, Transfer-Encoding=chunked, Date=Wed, 15 Jun 2022 14:53:16 GMT]
15:53:17.668 [reactor-http-nio-47] DEBUG reactor.netty.resources.PooledConnectionProvider - [id: 0xd1ebbc3a, L:/127.0.0.1:51690 - R:localhost/127.0.0.1:8083] onStateChange(GET{uri=/attractions, connection=PooledConnection{channel=[id: 0xd1ebbc3a, L:/127.0.0.1:51690 - R:localhost/127.0.0.1:8083]}}, [response_received])
15:53:17.668 [reactor-http-nio-47] DEBUG org.springframework.web.reactive.function.client.ExchangeFunctions - [28a79713] Response 200 OK
15:53:17.668 [reactor-http-nio-41] DEBUG reactor.netty.http.client.HttpClientOperations - [id: 0x030e65b7, L:/127.0.0.1:51777 - R:localhost/127.0.0.1:8083] Received last HTTP packet
15:53:17.669 [reactor-http-nio-47] DEBUG reactor.netty.channel.FluxReceive - [id: 0xd1ebbc3a, L:/127.0.0.1:51690 - R:localhost/127.0.0.1:8083] Subscribing inbound receiver [pending: 0, cancelled:false, inboundDone: false]
15:53:17.669 [reactor-http-nio-41] DEBUG org.springframework.core.codec.StringDecoder - [47712549] Decoded "[{"longitude":-117.922008,"latitude":33.817595,"attractionName":"Disneyland","city":"Anaheim","stat (truncated)...
15:53:17.669 [reactor-http-nio-41] DEBUG reactor.netty.resources.PooledConnectionProvider - [id: 0x030e65b7, L:/127.0.0.1:51777 - R:localhost/127.0.0.1:8083] onStateChange(GET{uri=/attractions, connection=PooledConnection{channel=[id: 0x030e65b7, L:/127.0.0.1:51777 - R:localhost/127.0.0.1:8083]}}, [disconnecting])
15:53:17.669 [reactor-http-nio-41] DEBUG reactor.netty.resources.PooledConnectionProvider - [id: 0x030e65b7, L:/127.0.0.1:51777 - R:localhost/127.0.0.1:8083] Releasing channel
15:53:17.669 [reactor-http-nio-41] DEBUG reactor.netty.resources.PooledConnectionProvider - [id: 0x030e65b7, L:/127.0.0.1:51777 - R:localhost/127.0.0.1:8083] Channel cleaned, now 79 active connections and 222 inactive connections
15:53:17.669 [reactor-http-nio-47] DEBUG reactor.netty.http.client.HttpClientOperations - [id: 0xd1ebbc3a, L:/127.0.0.1:51690 - R:localhost/127.0.0.1:8083] Received last HTTP packet
15:53:17.669 [reactor-http-nio-47] DEBUG org.springframework.core.codec.StringDecoder - [28a79713] Decoded "[{"longitude":-117.922008,"latitude":33.817595,"attractionName":"Disneyland","city":"Anaheim","stat (truncated)...
15:53:17.669 [reactor-http-nio-47] DEBUG reactor.netty.resources.PooledConnectionProvider - [id: 0xd1ebbc3a, L:/127.0.0.1:51690 - R:localhost/127.0.0.1:8083] onStateChange(GET{uri=/attractions, connection=PooledConnection{channel=[id: 0xd1ebbc3a, L:/127.0.0.1:51690 - R:localhost/127.0.0.1:8083]}}, [disconnecting])
15:53:17.669 [reactor-http-nio-47] DEBUG reactor.netty.resources.PooledConnectionProvider - [id: 0xd1ebbc3a, L:/127.0.0.1:51690 - R:localhost/127.0.0.1:8083] Releasing channel
15:53:17.669 [reactor-http-nio-47] DEBUG reactor.netty.resources.PooledConnectionProvider - [id: 0xd1ebbc3a, L:/127.0.0.1:51690 - R:localhost/127.0.0.1:8083] Channel cleaned, now 78 active connections and 223 inactive connections
15:53:17.696 [reactor-http-nio-46] DEBUG reactor.netty.http.client.HttpClientOperations - [id: 0xd8e5c342, L:/127.0.0.1:51820 - R:localhost/127.0.0.1:8083] Received last HTTP packet
15:53:17.696 [reactor-http-nio-41] DEBUG reactor.netty.http.client.HttpClientOperations - [id: 0xe94ed034, L:/127.0.0.1:51981 - R:localhost/127.0.0.1:8084] Received response (auto-read:false) : [Content-Type=application/json, Transfer-Encoding=chunked, Date=Wed, 15 Jun 2022 14:53:17 GMT]
15:53:17.697 [reactor-http-nio-46] DEBUG org.springframework.core.codec.StringDecoder - [55bc340a] Decoded "[{"longitude":-117.922008,"latitude":33.817595,"attractionName":"Disneyland","city":"Anaheim","stat (truncated)...
15:53:17.697 [reactor-http-nio-46] DEBUG reactor.netty.resources.PooledConnectionProvider - [id: 0xd8e5c342, L:/127.0.0.1:51820 - R:localhost/127.0.0.1:8083] onStateChange(GET{uri=/attractions, connection=PooledConnection{channel=[id: 0xd8e5c342, L:/127.0.0.1:51820 - R:localhost/127.0.0.1:8083]}}, [disconnecting])
15:53:17.697 [reactor-http-nio-46] DEBUG reactor.netty.resources.PooledConnectionProvider - [id: 0xd8e5c342, L:/127.0.0.1:51820 - R:localhost/127.0.0.1:8083] Releasing channel
15:53:17.697 [reactor-http-nio-46] DEBUG reactor.netty.resources.PooledConnectionProvider - [id: 0xd8e5c342, L:/127.0.0.1:51820 - R:localhost/127.0.0.1:8083] Channel cleaned, now 77 active connections and 224 inactive connections
15:53:17.696 [reactor-http-nio-48] DEBUG reactor.netty.http.client.HttpClientOperations - [id: 0xfb8f1562, L:/127.0.0.1:51968 - R:localhost/127.0.0.1:8083] Received response (auto-read:false) : [Content-Type=application/json, Transfer-Encoding=chunked, Date=Wed, 15 Jun 2022 14:53:16 GMT]
15:53:17.697 [reactor-http-nio-48] DEBUG reactor.netty.resources.PooledConnectionProvider - [id: 0xfb8f1562, L:/127.0.0.1:51968 - R:localhost/127.0.0.1:8083] onStateChange(GET{uri=/attractions, connection=PooledConnection{channel=[id: 0xfb8f1562, L:/127.0.0.1:51968 - R:localhost/127.0.0.1:8083]}}, [response_received])
15:53:17.697 [reactor-http-nio-48] DEBUG org.springframework.web.reactive.function.client.ExchangeFunctions - [4acf47a4] Response 200 OK
15:53:17.696 [reactor-http-nio-41] DEBUG reactor.netty.resources.PooledConnectionProvider - [id: 0xe94ed034, L:/127.0.0.1:51981 - R:localhost/127.0.0.1:8084] onStateChange(GET{uri=/attractionRewardPoint?attractionId=165c23b9-20df-46d7-974f-2dbac35de13d&userId=c4babeef-acee-476b-924f-cddcc4b3dad3, connection=PooledConnection{channel=[id: 0xe94ed034, L:/127.0.0.1:51981 - R:localhost/127.0.0.1:8084]}}, [response_received])
15:53:17.697 [reactor-http-nio-41] DEBUG org.springframework.web.reactive.function.client.ExchangeFunctions - [4afbf597] Response 200 OK
15:53:17.697 [reactor-http-nio-48] DEBUG reactor.netty.channel.FluxReceive - [id: 0xfb8f1562, L:/127.0.0.1:51968 - R:localhost/127.0.0.1:8083] Subscribing inbound receiver [pending: 0, cancelled:false, inboundDone: false]
15:53:17.697 [reactor-http-nio-41] DEBUG reactor.netty.channel.FluxReceive - [id: 0xe94ed034, L:/127.0.0.1:51981 - R:localhost/127.0.0.1:8084] Subscribing inbound receiver [pending: 0, cancelled:false, inboundDone: false]
15:53:17.697 [reactor-http-nio-41] DEBUG reactor.netty.http.client.HttpClientOperations - [id: 0xe94ed034, L:/127.0.0.1:51981 - R:localhost/127.0.0.1:8084] Received last HTTP packet
15:53:17.697 [reactor-http-nio-41] DEBUG org.springframework.core.codec.StringDecoder - [4afbf597] Decoded "744"
15:53:17.697 [reactor-http-nio-47] DEBUG reactor.netty.http.client.HttpClientOperations - [id: 0xc1a60bcc, L:/127.0.0.1:51694 - R:localhost/127.0.0.1:8083] Received response (auto-read:false) : [Content-Type=application/json, Transfer-Encoding=chunked, Date=Wed, 15 Jun 2022 14:53:17 GMT]
15:53:17.697 [reactor-http-nio-41] DEBUG reactor.netty.resources.PooledConnectionProvider - [id: 0xe94ed034, L:/127.0.0.1:51981 - R:localhost/127.0.0.1:8084] onStateChange(GET{uri=/attractionRewardPoint?attractionId=165c23b9-20df-46d7-974f-2dbac35de13d&userId=c4babeef-acee-476b-924f-cddcc4b3dad3, connection=PooledConnection{channel=[id: 0xe94ed034, L:/127.0.0.1:51981 - R:localhost/127.0.0.1:8084]}}, [disconnecting])
15:53:17.697 [reactor-http-nio-41] DEBUG reactor.netty.resources.PooledConnectionProvider - [id: 0xe94ed034, L:/127.0.0.1:51981 - R:localhost/127.0.0.1:8084] Releasing channel
15:53:17.697 [reactor-http-nio-48] DEBUG reactor.netty.http.client.HttpClientOperations - [id: 0xfb8f1562, L:/127.0.0.1:51968 - R:localhost/127.0.0.1:8083] Received last HTTP packet
15:53:17.698 [reactor-http-nio-41] DEBUG reactor.netty.resources.PooledConnectionProvider - [id: 0xe94ed034, L:/127.0.0.1:51981 - R:localhost/127.0.0.1:8084] Channel cleaned, now 61 active connections and 5 inactive connections
15:53:17.698 [reactor-http-nio-48] DEBUG org.springframework.core.codec.StringDecoder - [4acf47a4] Decoded "[{"longitude":-117.922008,"latitude":33.817595,"attractionName":"Disneyland","city":"Anaheim","stat (truncated)...
15:53:17.697 [reactor-http-nio-47] DEBUG reactor.netty.resources.PooledConnectionProvider - [id: 0xc1a60bcc, L:/127.0.0.1:51694 - R:localhost/127.0.0.1:8083] onStateChange(GET{uri=/attractions, connection=PooledConnection{channel=[id: 0xc1a60bcc, L:/127.0.0.1:51694 - R:localhost/127.0.0.1:8083]}}, [response_received])
15:53:17.698 [reactor-http-nio-48] DEBUG reactor.netty.resources.PooledConnectionProvider - [id: 0xfb8f1562, L:/127.0.0.1:51968 - R:localhost/127.0.0.1:8083] onStateChange(GET{uri=/attractions, connection=PooledConnection{channel=[id: 0xfb8f1562, L:/127.0.0.1:51968 - R:localhost/127.0.0.1:8083]}}, [disconnecting])
15:53:17.698 [reactor-http-nio-48] DEBUG reactor.netty.resources.PooledConnectionProvider - [id: 0xfb8f1562, L:/127.0.0.1:51968 - R:localhost/127.0.0.1:8083] Releasing channel
15:53:17.698 [reactor-http-nio-47] DEBUG org.springframework.web.reactive.function.client.ExchangeFunctions - [7f61c1] Response 200 OK
15:53:17.698 [reactor-http-nio-48] DEBUG reactor.netty.resources.PooledConnectionProvider - [id: 0xfb8f1562, L:/127.0.0.1:51968 - R:localhost/127.0.0.1:8083] Channel cleaned, now 76 active connections and 225 inactive connections
15:53:17.698 [reactor-http-nio-47] DEBUG reactor.netty.channel.FluxReceive - [id: 0xc1a60bcc, L:/127.0.0.1:51694 - R:localhost/127.0.0.1:8083] Subscribing inbound receiver [pending: 0, cancelled:false, inboundDone: false]
15:53:17.698 [reactor-http-nio-48] DEBUG reactor.netty.http.client.HttpClientOperations - [id: 0xca3c8cf4, L:/127.0.0.1:51989 - R:localhost/127.0.0.1:8084] Received response (auto-read:false) : [Content-Type=application/json, Transfer-Encoding=chunked, Date=Wed, 15 Jun 2022 14:53:17 GMT]
15:53:17.698 [reactor-http-nio-48] DEBUG reactor.netty.resources.PooledConnectionProvider - [id: 0xca3c8cf4, L:/127.0.0.1:51989 - R:localhost/127.0.0.1:8084] onStateChange(GET{uri=/attractionRewardPoint?attractionId=c0f4c973-6a89-45ae-9955-f993658750fa&userId=c586d8d7-deed-4ba5-9eae-adc9f7c52195, connection=PooledConnection{channel=[id: 0xca3c8cf4, L:/127.0.0.1:51989 - R:localhost/127.0.0.1:8084]}}, [response_received])
15:53:17.698 [reactor-http-nio-47] DEBUG reactor.netty.http.client.HttpClientOperations - [id: 0xc1a60bcc, L:/127.0.0.1:51694 - R:localhost/127.0.0.1:8083] Received last HTTP packet
15:53:17.698 [reactor-http-nio-48] DEBUG org.springframework.web.reactive.function.client.ExchangeFunctions - [412a8a0c] Response 200 OK
15:53:17.698 [reactor-http-nio-47] DEBUG org.springframework.core.codec.StringDecoder - [7f61c1] Decoded "[{"longitude":-117.922008,"latitude":33.817595,"attractionName":"Disneyland","city":"Anaheim","stat (truncated)...
15:53:17.698 [reactor-http-nio-47] DEBUG reactor.netty.resources.PooledConnectionProvider - [id: 0xc1a60bcc, L:/127.0.0.1:51694 - R:localhost/127.0.0.1:8083] onStateChange(GET{uri=/attractions, connection=PooledConnection{channel=[id: 0xc1a60bcc, L:/127.0.0.1:51694 - R:localhost/127.0.0.1:8083]}}, [disconnecting])
15:53:17.698 [reactor-http-nio-47] DEBUG reactor.netty.resources.PooledConnectionProvider - [id: 0xc1a60bcc, L:/127.0.0.1:51694 - R:localhost/127.0.0.1:8083] Releasing channel
15:53:17.698 [reactor-http-nio-47] DEBUG reactor.netty.resources.PooledConnectionProvider - [id: 0xc1a60bcc, L:/127.0.0.1:51694 - R:localhost/127.0.0.1:8083] Channel cleaned, now 75 active connections and 226 inactive connections
15:53:17.698 [reactor-http-nio-48] DEBUG reactor.netty.channel.FluxReceive - [id: 0xca3c8cf4, L:/127.0.0.1:51989 - R:localhost/127.0.0.1:8084] Subscribing inbound receiver [pending: 0, cancelled:false, inboundDone: false]
15:53:17.698 [reactor-http-nio-48] DEBUG reactor.netty.http.client.HttpClientOperations - [id: 0xca3c8cf4, L:/127.0.0.1:51989 - R:localhost/127.0.0.1:8084] Received last HTTP packet
15:53:17.698 [reactor-http-nio-48] DEBUG org.springframework.core.codec.StringDecoder - [412a8a0c] Decoded "699"
15:53:17.698 [reactor-http-nio-48] DEBUG reactor.netty.resources.PooledConnectionProvider - [id: 0xca3c8cf4, L:/127.0.0.1:51989 - R:localhost/127.0.0.1:8084] onStateChange(GET{uri=/attractionRewardPoint?attractionId=c0f4c973-6a89-45ae-9955-f993658750fa&userId=c586d8d7-deed-4ba5-9eae-adc9f7c52195, connection=PooledConnection{channel=[id: 0xca3c8cf4, L:/127.0.0.1:51989 - R:localhost/127.0.0.1:8084]}}, [disconnecting])
15:53:17.698 [reactor-http-nio-48] DEBUG reactor.netty.resources.PooledConnectionProvider - [id: 0xca3c8cf4, L:/127.0.0.1:51989 - R:localhost/127.0.0.1:8084] Releasing channel
15:53:17.698 [reactor-http-nio-48] DEBUG reactor.netty.resources.PooledConnectionProvider - [id: 0xca3c8cf4, L:/127.0.0.1:51989 - R:localhost/127.0.0.1:8084] Channel cleaned, now 60 active connections and 6 inactive connections
15:53:17.699 [reactor-http-nio-47] DEBUG reactor.netty.http.client.HttpClientOperations - [id: 0x6bded64c, L:/127.0.0.1:51850 - R:localhost/127.0.0.1:8083] Received response (auto-read:false) : [Content-Type=application/json, Transfer-Encoding=chunked, Date=Wed, 15 Jun 2022 14:53:17 GMT]
15:53:17.699 [reactor-http-nio-47] DEBUG reactor.netty.resources.PooledConnectionProvider - [id: 0x6bded64c, L:/127.0.0.1:51850 - R:localhost/127.0.0.1:8083] onStateChange(GET{uri=/attractions, connection=PooledConnection{channel=[id: 0x6bded64c, L:/127.0.0.1:51850 - R:localhost/127.0.0.1:8083]}}, [response_received])
15:53:17.699 [reactor-http-nio-47] DEBUG org.springframework.web.reactive.function.client.ExchangeFunctions - [38a8bb16] Response 200 OK
15:53:17.699 [reactor-http-nio-47] DEBUG reactor.netty.channel.FluxReceive - [id: 0x6bded64c, L:/127.0.0.1:51850 - R:localhost/127.0.0.1:8083] Subscribing inbound receiver [pending: 0, cancelled:false, inboundDone: false]
15:53:17.699 [reactor-http-nio-47] DEBUG reactor.netty.http.client.HttpClientOperations - [id: 0x6bded64c, L:/127.0.0.1:51850 - R:localhost/127.0.0.1:8083] Received last HTTP packet
15:53:17.699 [reactor-http-nio-47] DEBUG org.springframework.core.codec.StringDecoder - [38a8bb16] Decoded "[{"longitude":-117.922008,"latitude":33.817595,"attractionName":"Disneyland","city":"Anaheim","stat (truncated)...
15:53:17.699 [reactor-http-nio-47] DEBUG reactor.netty.resources.PooledConnectionProvider - [id: 0x6bded64c, L:/127.0.0.1:51850 - R:localhost/127.0.0.1:8083] onStateChange(GET{uri=/attractions, connection=PooledConnection{channel=[id: 0x6bded64c, L:/127.0.0.1:51850 - R:localhost/127.0.0.1:8083]}}, [disconnecting])
15:53:17.699 [reactor-http-nio-47] DEBUG reactor.netty.resources.PooledConnectionProvider - [id: 0x6bded64c, L:/127.0.0.1:51850 - R:localhost/127.0.0.1:8083] Releasing channel
15:53:17.699 [reactor-http-nio-47] DEBUG reactor.netty.resources.PooledConnectionProvider - [id: 0x6bded64c, L:/127.0.0.1:51850 - R:localhost/127.0.0.1:8083] Channel cleaned, now 74 active connections and 227 inactive connections
15:53:17.700 [pool-4-thread-67] DEBUG org.springframework.web.reactive.function.client.ExchangeFunctions - [25a584f3] HTTP GET http://localhost:8084/attractionRewardPoint?attractionId=fa427aa3-99ee-46aa-9601-06e1eede81c3&userId=bbfa4e4d-3222-479c-bc51-1814cbee9fc8
15:53:17.700 [pool-4-thread-69] DEBUG org.springframework.web.reactive.function.client.ExchangeFunctions - [20ef161d] HTTP GET http://localhost:8084/attractionRewardPoint?attractionId=48b7de27-8835-4c63-a156-28f06eb62f80&userId=e548fae0-2377-4a4f-8b85-2eea590f802d
15:53:17.702 [reactor-http-nio-46] DEBUG reactor.netty.resources.PooledConnectionProvider - [id: 0x6a3c40cd, L:/127.0.0.1:51985 - R:localhost/127.0.0.1:8084] Channel acquired, now 61 active connections and 5 inactive connections
15:53:17.702 [reactor-http-nio-46] DEBUG reactor.netty.http.client.HttpClientConnect - [id: 0x6a3c40cd, L:/127.0.0.1:51985 - R:localhost/127.0.0.1:8084] Handler is being applied: {uri=http://localhost:8084/attractionRewardPoint?attractionId=fa427aa3-99ee-46aa-9601-06e1eede81c3&userId=bbfa4e4d-3222-479c-bc51-1814cbee9fc8, method=GET}
15:53:17.702 [pool-4-thread-70] DEBUG org.springframework.web.reactive.function.client.ExchangeFunctions - [3e3b131f] HTTP GET http://localhost:8084/attractionRewardPoint?attractionId=7a477542-6b9b-4c4a-9e8a-bc44bfc981e2&userId=1d15b43e-ce9f-45f4-b030-1a3333c336cb
15:53:17.703 [reactor-http-nio-46] DEBUG reactor.netty.resources.PooledConnectionProvider - [id: 0x6a3c40cd, L:/127.0.0.1:51985 - R:localhost/127.0.0.1:8084] onStateChange(GET{uri=/attractionRewardPoint?attractionId=fa427aa3-99ee-46aa-9601-06e1eede81c3&userId=bbfa4e4d-3222-479c-bc51-1814cbee9fc8, connection=PooledConnection{channel=[id: 0x6a3c40cd, L:/127.0.0.1:51985 - R:localhost/127.0.0.1:8084]}}, [request_sent])
15:53:17.706 [reactor-http-nio-48] DEBUG reactor.netty.resources.PooledConnectionProvider - [id: 0x1c21a498, L:/127.0.0.1:51982 - R:localhost/127.0.0.1:8084] Channel acquired, now 62 active connections and 4 inactive connections
15:53:17.707 [reactor-http-nio-48] DEBUG reactor.netty.http.client.HttpClientConnect - [id: 0x1c21a498, L:/127.0.0.1:51982 - R:localhost/127.0.0.1:8084] Handler is being applied: {uri=http://localhost:8084/attractionRewardPoint?attractionId=48b7de27-8835-4c63-a156-28f06eb62f80&userId=e548fae0-2377-4a4f-8b85-2eea590f802d, method=GET}
15:53:17.708 [reactor-http-nio-48] DEBUG reactor.netty.resources.PooledConnectionProvider - [id: 0x1c21a498, L:/127.0.0.1:51982 - R:localhost/127.0.0.1:8084] onStateChange(GET{uri=/attractionRewardPoint?attractionId=48b7de27-8835-4c63-a156-28f06eb62f80&userId=e548fae0-2377-4a4f-8b85-2eea590f802d, connection=PooledConnection{channel=[id: 0x1c21a498, L:/127.0.0.1:51982 - R:localhost/127.0.0.1:8084]}}, [request_sent])
15:53:17.708 [reactor-http-nio-46] DEBUG reactor.netty.resources.PooledConnectionProvider - [id: 0x1f4b22f3, L:/127.0.0.1:51983 - R:localhost/127.0.0.1:8084] Channel acquired, now 63 active connections and 3 inactive connections
15:53:17.708 [reactor-http-nio-46] DEBUG reactor.netty.http.client.HttpClientConnect - [id: 0x1f4b22f3, L:/127.0.0.1:51983 - R:localhost/127.0.0.1:8084] Handler is being applied: {uri=http://localhost:8084/attractionRewardPoint?attractionId=7a477542-6b9b-4c4a-9e8a-bc44bfc981e2&userId=1d15b43e-ce9f-45f4-b030-1a3333c336cb, method=GET}
15:53:17.709 [reactor-http-nio-46] DEBUG reactor.netty.resources.PooledConnectionProvider - [id: 0x1f4b22f3, L:/127.0.0.1:51983 - R:localhost/127.0.0.1:8084] onStateChange(GET{uri=/attractionRewardPoint?attractionId=7a477542-6b9b-4c4a-9e8a-bc44bfc981e2&userId=1d15b43e-ce9f-45f4-b030-1a3333c336cb, connection=PooledConnection{channel=[id: 0x1f4b22f3, L:/127.0.0.1:51983 - R:localhost/127.0.0.1:8084]}}, [request_sent])
15:53:17.703 [pool-4-thread-68] DEBUG org.springframework.web.reactive.function.client.ExchangeFunctions - [12aa7e0a] HTTP GET http://localhost:8084/attractionRewardPoint?attractionId=bbdd5dc3-6200-4b2e-8985-07d955e2bdd4&userId=ffe6ce65-ba9b-4b0e-afb9-413e3c25efd8
15:53:17.704 [pool-4-thread-72] DEBUG org.springframework.web.reactive.function.client.ExchangeFunctions - [199d958b] HTTP GET http://localhost:8084/attractionRewardPoint?attractionId=0c8b5719-d8c7-457e-9113-0a7c82e6ee5f&userId=e5d8a3b0-65c4-4bca-b1ce-5c169cb11a99
15:53:17.711 [reactor-http-nio-41] DEBUG reactor.netty.resources.PooledConnectionProvider - [id: 0xe94ed034, L:/127.0.0.1:51981 - R:localhost/127.0.0.1:8084] Channel acquired, now 64 active connections and 2 inactive connections
15:53:17.712 [reactor-http-nio-41] DEBUG reactor.netty.http.client.HttpClientConnect - [id: 0xe94ed034, L:/127.0.0.1:51981 - R:localhost/127.0.0.1:8084] Handler is being applied: {uri=http://localhost:8084/attractionRewardPoint?attractionId=0c8b5719-d8c7-457e-9113-0a7c82e6ee5f&userId=e5d8a3b0-65c4-4bca-b1ce-5c169cb11a99, method=GET}
15:53:17.712 [reactor-http-nio-46] DEBUG reactor.netty.resources.PooledConnectionProvider - [id: 0x1246ce27, L:/127.0.0.1:51988 - R:localhost/127.0.0.1:8084] Channel acquired, now 65 active connections and 1 inactive connections
15:53:17.712 [reactor-http-nio-46] DEBUG reactor.netty.http.client.HttpClientConnect - [id: 0x1246ce27, L:/127.0.0.1:51988 - R:localhost/127.0.0.1:8084] Handler is being applied: {uri=http://localhost:8084/attractionRewardPoint?attractionId=bbdd5dc3-6200-4b2e-8985-07d955e2bdd4&userId=ffe6ce65-ba9b-4b0e-afb9-413e3c25efd8, method=GET}
15:53:17.712 [reactor-http-nio-41] DEBUG reactor.netty.resources.PooledConnectionProvider - [id: 0xe94ed034, L:/127.0.0.1:51981 - R:localhost/127.0.0.1:8084] onStateChange(GET{uri=/attractionRewardPoint?attractionId=0c8b5719-d8c7-457e-9113-0a7c82e6ee5f&userId=e5d8a3b0-65c4-4bca-b1ce-5c169cb11a99, connection=PooledConnection{channel=[id: 0xe94ed034, L:/127.0.0.1:51981 - R:localhost/127.0.0.1:8084]}}, [request_sent])
15:53:17.713 [reactor-http-nio-46] DEBUG reactor.netty.resources.PooledConnectionProvider - [id: 0x1246ce27, L:/127.0.0.1:51988 - R:localhost/127.0.0.1:8084] onStateChange(GET{uri=/attractionRewardPoint?attractionId=bbdd5dc3-6200-4b2e-8985-07d955e2bdd4&userId=ffe6ce65-ba9b-4b0e-afb9-413e3c25efd8, connection=PooledConnection{channel=[id: 0x1246ce27, L:/127.0.0.1:51988 - R:localhost/127.0.0.1:8084]}}, [request_sent])
15:53:17.704 [pool-4-thread-73] DEBUG org.springframework.web.reactive.function.client.ExchangeFunctions - [92cd883] HTTP GET http://localhost:8084/attractionRewardPoint?attractionId=1aa23741-a2bd-4257-9196-f20f5e109906&userId=1c0ebf7b-e2b5-408e-8731-e783710992f5
15:53:17.704 [pool-4-thread-71] DEBUG org.springframework.web.reactive.function.client.ExchangeFunctions - [656b023d] HTTP GET http://localhost:8084/attractionRewardPoint?attractionId=5d45e44e-e13d-4274-bd9f-1464702a2748&userId=5ac27d62-a2b4-465e-9116-cf4841c94f2b
15:53:17.716 [reactor-http-nio-48] DEBUG reactor.netty.resources.PooledConnectionProvider - [id: 0x890a1cf1] Created new pooled channel, now 65 active connections and 2 inactive connections
15:53:17.716 [reactor-http-nio-48] DEBUG reactor.netty.channel.BootstrapHandlers - [id: 0x890a1cf1] Initialized pipeline DefaultChannelPipeline{(BootstrapHandlers$BootstrapInitializerHandler#0 = reactor.netty.channel.BootstrapHandlers$BootstrapInitializerHandler), (SimpleChannelPool$1#0 = io.netty.channel.pool.SimpleChannelPool$1), (reactor.left.httpCodec = io.netty.handler.codec.http.HttpClientCodec), (reactor.left.decompressor = io.netty.handler.codec.http.HttpContentDecompressor), (reactor.right.reactiveBridge = reactor.netty.channel.ChannelOperationsHandler)}
15:53:17.716 [reactor-http-nio-48] DEBUG reactor.netty.resources.PooledConnectionProvider - [id: 0xca3c8cf4, L:/127.0.0.1:51989 - R:localhost/127.0.0.1:8084] Channel acquired, now 66 active connections and 1 inactive connections
15:53:17.716 [reactor-http-nio-48] DEBUG reactor.netty.http.client.HttpClientConnect - [id: 0xca3c8cf4, L:/127.0.0.1:51989 - R:localhost/127.0.0.1:8084] Handler is being applied: {uri=http://localhost:8084/attractionRewardPoint?attractionId=1aa23741-a2bd-4257-9196-f20f5e109906&userId=1c0ebf7b-e2b5-408e-8731-e783710992f5, method=GET}
15:53:17.717 [reactor-http-nio-48] DEBUG reactor.netty.resources.PooledConnectionProvider - [id: 0xca3c8cf4, L:/127.0.0.1:51989 - R:localhost/127.0.0.1:8084] onStateChange(GET{uri=/attractionRewardPoint?attractionId=1aa23741-a2bd-4257-9196-f20f5e109906&userId=1c0ebf7b-e2b5-408e-8731-e783710992f5, connection=PooledConnection{channel=[id: 0xca3c8cf4, L:/127.0.0.1:51989 - R:localhost/127.0.0.1:8084]}}, [request_sent])
15:53:17.719 [reactor-http-nio-48] DEBUG reactor.netty.resources.PooledConnectionProvider - [id: 0x890a1cf1, L:/127.0.0.1:52047 - R:localhost/127.0.0.1:8084] onStateChange(PooledConnection{channel=[id: 0x890a1cf1, L:/127.0.0.1:52047 - R:localhost/127.0.0.1:8084]}, [connected])
15:53:17.719 [reactor-http-nio-48] DEBUG reactor.netty.resources.PooledConnectionProvider - [id: 0x890a1cf1, L:/127.0.0.1:52047 - R:localhost/127.0.0.1:8084] onStateChange(GET{uri=/, connection=PooledConnection{channel=[id: 0x890a1cf1, L:/127.0.0.1:52047 - R:localhost/127.0.0.1:8084]}}, [configured])
15:53:17.720 [reactor-http-nio-48] DEBUG reactor.netty.resources.PooledConnectionProvider - [id: 0x890a1cf1, L:/127.0.0.1:52047 - R:localhost/127.0.0.1:8084] Registering pool release on close event for channel
15:53:17.720 [reactor-http-nio-48] DEBUG reactor.netty.http.client.HttpClientConnect - [id: 0x890a1cf1, L:/127.0.0.1:52047 - R:localhost/127.0.0.1:8084] Handler is being applied: {uri=http://localhost:8084/attractionRewardPoint?attractionId=5d45e44e-e13d-4274-bd9f-1464702a2748&userId=5ac27d62-a2b4-465e-9116-cf4841c94f2b, method=GET}
15:53:17.720 [reactor-http-nio-48] DEBUG reactor.netty.resources.PooledConnectionProvider - [id: 0x890a1cf1, L:/127.0.0.1:52047 - R:localhost/127.0.0.1:8084] onStateChange(GET{uri=/attractionRewardPoint?attractionId=5d45e44e-e13d-4274-bd9f-1464702a2748&userId=5ac27d62-a2b4-465e-9116-cf4841c94f2b, connection=PooledConnection{channel=[id: 0x890a1cf1, L:/127.0.0.1:52047 - R:localhost/127.0.0.1:8084]}}, [request_sent])
15:53:17.720 [reactor-http-nio-48] DEBUG reactor.netty.resources.PooledConnectionProvider - [id: 0x890a1cf1, L:/127.0.0.1:52047 - R:localhost/127.0.0.1:8084] Channel connected, now 67 active connections and 0 inactive connections
15:53:17.764 [reactor-http-nio-48] DEBUG reactor.netty.http.client.HttpClientOperations - [id: 0x8875bf90, L:/127.0.0.1:51907 - R:localhost/127.0.0.1:8083] Received response (auto-read:false) : [Content-Type=application/json, Transfer-Encoding=chunked, Date=Wed, 15 Jun 2022 14:53:17 GMT]
15:53:17.764 [reactor-http-nio-48] DEBUG reactor.netty.resources.PooledConnectionProvider - [id: 0x8875bf90, L:/127.0.0.1:51907 - R:localhost/127.0.0.1:8083] onStateChange(GET{uri=/attractions, connection=PooledConnection{channel=[id: 0x8875bf90, L:/127.0.0.1:51907 - R:localhost/127.0.0.1:8083]}}, [response_received])
15:53:17.764 [reactor-http-nio-47] DEBUG reactor.netty.http.client.HttpClientOperations - [id: 0x99bba80d, L:/127.0.0.1:51693 - R:localhost/127.0.0.1:8083] Received response (auto-read:false) : [Content-Type=application/json, Transfer-Encoding=chunked, Date=Wed, 15 Jun 2022 14:53:17 GMT]
15:53:17.764 [reactor-http-nio-47] DEBUG reactor.netty.resources.PooledConnectionProvider - [id: 0x99bba80d, L:/127.0.0.1:51693 - R:localhost/127.0.0.1:8083] onStateChange(GET{uri=/attractions, connection=PooledConnection{channel=[id: 0x99bba80d, L:/127.0.0.1:51693 - R:localhost/127.0.0.1:8083]}}, [response_received])
15:53:17.764 [reactor-http-nio-47] DEBUG org.springframework.web.reactive.function.client.ExchangeFunctions - [7b5e00b] Response 200 OK
15:53:17.764 [reactor-http-nio-48] DEBUG org.springframework.web.reactive.function.client.ExchangeFunctions - [4c5c150a] Response 200 OK
15:53:17.765 [reactor-http-nio-47] DEBUG reactor.netty.channel.FluxReceive - [id: 0x99bba80d, L:/127.0.0.1:51693 - R:localhost/127.0.0.1:8083] Subscribing inbound receiver [pending: 0, cancelled:false, inboundDone: false]
15:53:17.765 [reactor-http-nio-48] DEBUG reactor.netty.channel.FluxReceive - [id: 0x8875bf90, L:/127.0.0.1:51907 - R:localhost/127.0.0.1:8083] Subscribing inbound receiver [pending: 0, cancelled:false, inboundDone: false]
15:53:17.765 [reactor-http-nio-47] DEBUG reactor.netty.http.client.HttpClientOperations - [id: 0x99bba80d, L:/127.0.0.1:51693 - R:localhost/127.0.0.1:8083] Received last HTTP packet
15:53:17.765 [reactor-http-nio-48] DEBUG reactor.netty.http.client.HttpClientOperations - [id: 0x8875bf90, L:/127.0.0.1:51907 - R:localhost/127.0.0.1:8083] Received last HTTP packet
15:53:17.765 [reactor-http-nio-47] DEBUG org.springframework.core.codec.StringDecoder - [7b5e00b] Decoded "[{"longitude":-117.922008,"latitude":33.817595,"attractionName":"Disneyland","city":"Anaheim","stat (truncated)...
15:53:17.765 [reactor-http-nio-47] DEBUG reactor.netty.resources.PooledConnectionProvider - [id: 0x99bba80d, L:/127.0.0.1:51693 - R:localhost/127.0.0.1:8083] onStateChange(GET{uri=/attractions, connection=PooledConnection{channel=[id: 0x99bba80d, L:/127.0.0.1:51693 - R:localhost/127.0.0.1:8083]}}, [disconnecting])
15:53:17.765 [reactor-http-nio-47] DEBUG reactor.netty.resources.PooledConnectionProvider - [id: 0x99bba80d, L:/127.0.0.1:51693 - R:localhost/127.0.0.1:8083] Releasing channel
15:53:17.765 [reactor-http-nio-47] DEBUG reactor.netty.resources.PooledConnectionProvider - [id: 0x99bba80d, L:/127.0.0.1:51693 - R:localhost/127.0.0.1:8083] Channel cleaned, now 73 active connections and 228 inactive connections
15:53:17.765 [reactor-http-nio-48] DEBUG org.springframework.core.codec.StringDecoder - [4c5c150a] Decoded "[{"longitude":-117.922008,"latitude":33.817595,"attractionName":"Disneyland","city":"Anaheim","stat (truncated)...
15:53:17.765 [reactor-http-nio-48] DEBUG reactor.netty.resources.PooledConnectionProvider - [id: 0x8875bf90, L:/127.0.0.1:51907 - R:localhost/127.0.0.1:8083] onStateChange(GET{uri=/attractions, connection=PooledConnection{channel=[id: 0x8875bf90, L:/127.0.0.1:51907 - R:localhost/127.0.0.1:8083]}}, [disconnecting])
15:53:17.765 [reactor-http-nio-48] DEBUG reactor.netty.resources.PooledConnectionProvider - [id: 0x8875bf90, L:/127.0.0.1:51907 - R:localhost/127.0.0.1:8083] Releasing channel
15:53:17.765 [reactor-http-nio-48] DEBUG reactor.netty.resources.PooledConnectionProvider - [id: 0x8875bf90, L:/127.0.0.1:51907 - R:localhost/127.0.0.1:8083] Channel cleaned, now 72 active connections and 229 inactive connections
15:53:17.769 [pool-4-thread-74] DEBUG org.springframework.web.reactive.function.client.ExchangeFunctions - [13aff5f5] HTTP GET http://localhost:8084/attractionRewardPoint?attractionId=a5f881e2-4006-459d-be07-80221c590a8e&userId=9aa32115-820b-4b66-9458-7e4bf8aa7c97
15:53:17.771 [reactor-http-nio-46] DEBUG reactor.netty.resources.PooledConnectionProvider - [id: 0x94deb577] Created new pooled channel, now 67 active connections and 1 inactive connections
15:53:17.771 [reactor-http-nio-46] DEBUG reactor.netty.channel.BootstrapHandlers - [id: 0x94deb577] Initialized pipeline DefaultChannelPipeline{(BootstrapHandlers$BootstrapInitializerHandler#0 = reactor.netty.channel.BootstrapHandlers$BootstrapInitializerHandler), (SimpleChannelPool$1#0 = io.netty.channel.pool.SimpleChannelPool$1), (reactor.left.httpCodec = io.netty.handler.codec.http.HttpClientCodec), (reactor.left.decompressor = io.netty.handler.codec.http.HttpContentDecompressor), (reactor.right.reactiveBridge = reactor.netty.channel.ChannelOperationsHandler)}
15:53:17.771 [pool-4-thread-75] DEBUG org.springframework.web.reactive.function.client.ExchangeFunctions - [5163b851] HTTP GET http://localhost:8084/attractionRewardPoint?attractionId=99e831fb-a28f-45b8-96d8-d2872c1212da&userId=56aad4e1-c14f-412a-8b0c-276b69e9d278
15:53:17.772 [reactor-http-nio-46] DEBUG reactor.netty.resources.PooledConnectionProvider - [id: 0x94deb577, L:/127.0.0.1:52048 - R:localhost/127.0.0.1:8084] onStateChange(PooledConnection{channel=[id: 0x94deb577, L:/127.0.0.1:52048 - R:localhost/127.0.0.1:8084]}, [connected])
15:53:17.772 [reactor-http-nio-46] DEBUG reactor.netty.resources.PooledConnectionProvider - [id: 0x94deb577, L:/127.0.0.1:52048 - R:localhost/127.0.0.1:8084] onStateChange(GET{uri=/, connection=PooledConnection{channel=[id: 0x94deb577, L:/127.0.0.1:52048 - R:localhost/127.0.0.1:8084]}}, [configured])
15:53:17.773 [reactor-http-nio-46] DEBUG reactor.netty.resources.PooledConnectionProvider - [id: 0x94deb577, L:/127.0.0.1:52048 - R:localhost/127.0.0.1:8084] Registering pool release on close event for channel
15:53:17.773 [reactor-http-nio-46] DEBUG reactor.netty.http.client.HttpClientConnect - [id: 0x94deb577, L:/127.0.0.1:52048 - R:localhost/127.0.0.1:8084] Handler is being applied: {uri=http://localhost:8084/attractionRewardPoint?attractionId=a5f881e2-4006-459d-be07-80221c590a8e&userId=9aa32115-820b-4b66-9458-7e4bf8aa7c97, method=GET}
15:53:17.773 [reactor-http-nio-48] DEBUG reactor.netty.resources.PooledConnectionProvider - [id: 0x89ac4ec8] Created new pooled channel, now 68 active connections and 1 inactive connections
15:53:17.773 [reactor-http-nio-48] DEBUG reactor.netty.channel.BootstrapHandlers - [id: 0x89ac4ec8] Initialized pipeline DefaultChannelPipeline{(BootstrapHandlers$BootstrapInitializerHandler#0 = reactor.netty.channel.BootstrapHandlers$BootstrapInitializerHandler), (SimpleChannelPool$1#0 = io.netty.channel.pool.SimpleChannelPool$1), (reactor.left.httpCodec = io.netty.handler.codec.http.HttpClientCodec), (reactor.left.decompressor = io.netty.handler.codec.http.HttpContentDecompressor), (reactor.right.reactiveBridge = reactor.netty.channel.ChannelOperationsHandler)}
15:53:17.773 [reactor-http-nio-46] DEBUG reactor.netty.resources.PooledConnectionProvider - [id: 0x94deb577, L:/127.0.0.1:52048 - R:localhost/127.0.0.1:8084] onStateChange(GET{uri=/attractionRewardPoint?attractionId=a5f881e2-4006-459d-be07-80221c590a8e&userId=9aa32115-820b-4b66-9458-7e4bf8aa7c97, connection=PooledConnection{channel=[id: 0x94deb577, L:/127.0.0.1:52048 - R:localhost/127.0.0.1:8084]}}, [request_sent])
15:53:17.773 [reactor-http-nio-46] DEBUG reactor.netty.resources.PooledConnectionProvider - [id: 0x94deb577, L:/127.0.0.1:52048 - R:localhost/127.0.0.1:8084] Channel connected, now 68 active connections and 1 inactive connections
15:53:17.774 [reactor-http-nio-48] DEBUG reactor.netty.resources.PooledConnectionProvider - [id: 0x89ac4ec8, L:/127.0.0.1:52049 - R:localhost/127.0.0.1:8084] onStateChange(PooledConnection{channel=[id: 0x89ac4ec8, L:/127.0.0.1:52049 - R:localhost/127.0.0.1:8084]}, [connected])
15:53:17.774 [reactor-http-nio-48] DEBUG reactor.netty.resources.PooledConnectionProvider - [id: 0x89ac4ec8, L:/127.0.0.1:52049 - R:localhost/127.0.0.1:8084] onStateChange(GET{uri=/, connection=PooledConnection{channel=[id: 0x89ac4ec8, L:/127.0.0.1:52049 - R:localhost/127.0.0.1:8084]}}, [configured])
15:53:17.775 [reactor-http-nio-48] DEBUG reactor.netty.resources.PooledConnectionProvider - [id: 0x89ac4ec8, L:/127.0.0.1:52049 - R:localhost/127.0.0.1:8084] Registering pool release on close event for channel
15:53:17.775 [reactor-http-nio-48] DEBUG reactor.netty.http.client.HttpClientConnect - [id: 0x89ac4ec8, L:/127.0.0.1:52049 - R:localhost/127.0.0.1:8084] Handler is being applied: {uri=http://localhost:8084/attractionRewardPoint?attractionId=99e831fb-a28f-45b8-96d8-d2872c1212da&userId=56aad4e1-c14f-412a-8b0c-276b69e9d278, method=GET}
15:53:17.776 [reactor-http-nio-48] DEBUG reactor.netty.resources.PooledConnectionProvider - [id: 0x89ac4ec8, L:/127.0.0.1:52049 - R:localhost/127.0.0.1:8084] onStateChange(GET{uri=/attractionRewardPoint?attractionId=99e831fb-a28f-45b8-96d8-d2872c1212da&userId=56aad4e1-c14f-412a-8b0c-276b69e9d278, connection=PooledConnection{channel=[id: 0x89ac4ec8, L:/127.0.0.1:52049 - R:localhost/127.0.0.1:8084]}}, [request_sent])
15:53:17.776 [reactor-http-nio-48] DEBUG reactor.netty.resources.PooledConnectionProvider - [id: 0x89ac4ec8, L:/127.0.0.1:52049 - R:localhost/127.0.0.1:8084] Channel connected, now 69 active connections and 0 inactive connections
15:53:17.779 [reactor-http-nio-48] DEBUG reactor.netty.http.client.HttpClientOperations - [id: 0xd41b941e, L:/127.0.0.1:51910 - R:localhost/127.0.0.1:8083] Received response (auto-read:false) : [Content-Type=application/json, Transfer-Encoding=chunked, Date=Wed, 15 Jun 2022 14:53:17 GMT]
15:53:17.779 [reactor-http-nio-48] DEBUG reactor.netty.resources.PooledConnectionProvider - [id: 0xd41b941e, L:/127.0.0.1:51910 - R:localhost/127.0.0.1:8083] onStateChange(GET{uri=/attractions, connection=PooledConnection{channel=[id: 0xd41b941e, L:/127.0.0.1:51910 - R:localhost/127.0.0.1:8083]}}, [response_received])
15:53:17.779 [reactor-http-nio-48] DEBUG org.springframework.web.reactive.function.client.ExchangeFunctions - [13189c11] Response 200 OK
15:53:17.779 [reactor-http-nio-48] DEBUG reactor.netty.channel.FluxReceive - [id: 0xd41b941e, L:/127.0.0.1:51910 - R:localhost/127.0.0.1:8083] Subscribing inbound receiver [pending: 0, cancelled:false, inboundDone: false]
15:53:17.779 [reactor-http-nio-48] DEBUG reactor.netty.http.client.HttpClientOperations - [id: 0xd41b941e, L:/127.0.0.1:51910 - R:localhost/127.0.0.1:8083] Received last HTTP packet
15:53:17.780 [reactor-http-nio-48] DEBUG org.springframework.core.codec.StringDecoder - [13189c11] Decoded "[{"longitude":-117.922008,"latitude":33.817595,"attractionName":"Disneyland","city":"Anaheim","stat (truncated)...
15:53:17.780 [reactor-http-nio-48] DEBUG reactor.netty.resources.PooledConnectionProvider - [id: 0xd41b941e, L:/127.0.0.1:51910 - R:localhost/127.0.0.1:8083] onStateChange(GET{uri=/attractions, connection=PooledConnection{channel=[id: 0xd41b941e, L:/127.0.0.1:51910 - R:localhost/127.0.0.1:8083]}}, [disconnecting])
15:53:17.780 [reactor-http-nio-48] DEBUG reactor.netty.resources.PooledConnectionProvider - [id: 0xd41b941e, L:/127.0.0.1:51910 - R:localhost/127.0.0.1:8083] Releasing channel
15:53:17.780 [reactor-http-nio-48] DEBUG reactor.netty.resources.PooledConnectionProvider - [id: 0xd41b941e, L:/127.0.0.1:51910 - R:localhost/127.0.0.1:8083] Channel cleaned, now 71 active connections and 230 inactive connections
15:53:17.791 [reactor-http-nio-48] DEBUG reactor.netty.http.client.HttpClientOperations - [id: 0xcaa282b1, L:/127.0.0.1:51876 - R:localhost/127.0.0.1:8083] Received response (auto-read:false) : [Content-Type=application/json, Transfer-Encoding=chunked, Date=Wed, 15 Jun 2022 14:53:17 GMT]
15:53:17.791 [reactor-http-nio-48] DEBUG reactor.netty.resources.PooledConnectionProvider - [id: 0xcaa282b1, L:/127.0.0.1:51876 - R:localhost/127.0.0.1:8083] onStateChange(GET{uri=/attractions, connection=PooledConnection{channel=[id: 0xcaa282b1, L:/127.0.0.1:51876 - R:localhost/127.0.0.1:8083]}}, [response_received])
15:53:17.791 [reactor-http-nio-48] DEBUG org.springframework.web.reactive.function.client.ExchangeFunctions - [4e42587b] Response 200 OK
15:53:17.791 [reactor-http-nio-48] DEBUG reactor.netty.channel.FluxReceive - [id: 0xcaa282b1, L:/127.0.0.1:51876 - R:localhost/127.0.0.1:8083] Subscribing inbound receiver [pending: 0, cancelled:false, inboundDone: false]
15:53:17.798 [reactor-http-nio-48] DEBUG reactor.netty.http.client.HttpClientOperations - [id: 0xcaa282b1, L:/127.0.0.1:51876 - R:localhost/127.0.0.1:8083] Received last HTTP packet
15:53:17.798 [reactor-http-nio-48] DEBUG org.springframework.core.codec.StringDecoder - [4e42587b] Decoded "[{"longitude":-117.922008,"latitude":33.817595,"attractionName":"Disneyland","city":"Anaheim","stat (truncated)...
15:53:17.798 [reactor-http-nio-48] DEBUG reactor.netty.resources.PooledConnectionProvider - [id: 0xcaa282b1, L:/127.0.0.1:51876 - R:localhost/127.0.0.1:8083] onStateChange(GET{uri=/attractions, connection=PooledConnection{channel=[id: 0xcaa282b1, L:/127.0.0.1:51876 - R:localhost/127.0.0.1:8083]}}, [disconnecting])
15:53:17.798 [reactor-http-nio-48] DEBUG reactor.netty.resources.PooledConnectionProvider - [id: 0xcaa282b1, L:/127.0.0.1:51876 - R:localhost/127.0.0.1:8083] Releasing channel
15:53:17.799 [reactor-http-nio-48] DEBUG reactor.netty.resources.PooledConnectionProvider - [id: 0xcaa282b1, L:/127.0.0.1:51876 - R:localhost/127.0.0.1:8083] Channel cleaned, now 70 active connections and 231 inactive connections
15:53:17.800 [reactor-http-nio-48] DEBUG reactor.netty.http.client.HttpClientOperations - [id: 0x9a3845e6, L:/127.0.0.1:51984 - R:localhost/127.0.0.1:8084] Received response (auto-read:false) : [Content-Type=application/json, Transfer-Encoding=chunked, Date=Wed, 15 Jun 2022 14:53:17 GMT]
15:53:17.800 [reactor-http-nio-48] DEBUG reactor.netty.resources.PooledConnectionProvider - [id: 0x9a3845e6, L:/127.0.0.1:51984 - R:localhost/127.0.0.1:8084] onStateChange(GET{uri=/attractionRewardPoint?attractionId=ef932071-649c-4b7a-932f-24dd3aa422f8&userId=ed6cab4e-0794-455a-95ac-a5d0b5e1c510, connection=PooledConnection{channel=[id: 0x9a3845e6, L:/127.0.0.1:51984 - R:localhost/127.0.0.1:8084]}}, [response_received])
15:53:17.800 [reactor-http-nio-48] DEBUG org.springframework.web.reactive.function.client.ExchangeFunctions - [5a2a5bef] Response 200 OK
15:53:17.800 [reactor-http-nio-48] DEBUG reactor.netty.channel.FluxReceive - [id: 0x9a3845e6, L:/127.0.0.1:51984 - R:localhost/127.0.0.1:8084] Subscribing inbound receiver [pending: 0, cancelled:false, inboundDone: false]
15:53:17.800 [reactor-http-nio-48] DEBUG reactor.netty.http.client.HttpClientOperations - [id: 0x9a3845e6, L:/127.0.0.1:51984 - R:localhost/127.0.0.1:8084] Received last HTTP packet
15:53:17.800 [reactor-http-nio-48] DEBUG org.springframework.core.codec.StringDecoder - [5a2a5bef] Decoded "997"
15:53:17.800 [reactor-http-nio-48] DEBUG reactor.netty.resources.PooledConnectionProvider - [id: 0x9a3845e6, L:/127.0.0.1:51984 - R:localhost/127.0.0.1:8084] onStateChange(GET{uri=/attractionRewardPoint?attractionId=ef932071-649c-4b7a-932f-24dd3aa422f8&userId=ed6cab4e-0794-455a-95ac-a5d0b5e1c510, connection=PooledConnection{channel=[id: 0x9a3845e6, L:/127.0.0.1:51984 - R:localhost/127.0.0.1:8084]}}, [disconnecting])
15:53:17.800 [reactor-http-nio-48] DEBUG reactor.netty.resources.PooledConnectionProvider - [id: 0x9a3845e6, L:/127.0.0.1:51984 - R:localhost/127.0.0.1:8084] Releasing channel
15:53:17.800 [reactor-http-nio-48] DEBUG reactor.netty.resources.PooledConnectionProvider - [id: 0x9a3845e6, L:/127.0.0.1:51984 - R:localhost/127.0.0.1:8084] Channel cleaned, now 68 active connections and 1 inactive connections
15:53:17.812 [reactor-http-nio-47] DEBUG reactor.netty.http.client.HttpClientOperations - [id: 0xb2eb3594, L:/127.0.0.1:51873 - R:localhost/127.0.0.1:8083] Received response (auto-read:false) : [Content-Type=application/json, Transfer-Encoding=chunked, Date=Wed, 15 Jun 2022 14:53:17 GMT]
15:53:17.812 [reactor-http-nio-47] DEBUG reactor.netty.resources.PooledConnectionProvider - [id: 0xb2eb3594, L:/127.0.0.1:51873 - R:localhost/127.0.0.1:8083] onStateChange(GET{uri=/attractions, connection=PooledConnection{channel=[id: 0xb2eb3594, L:/127.0.0.1:51873 - R:localhost/127.0.0.1:8083]}}, [response_received])
15:53:17.812 [reactor-http-nio-47] DEBUG org.springframework.web.reactive.function.client.ExchangeFunctions - [27ada541] Response 200 OK
15:53:17.813 [reactor-http-nio-47] DEBUG reactor.netty.channel.FluxReceive - [id: 0xb2eb3594, L:/127.0.0.1:51873 - R:localhost/127.0.0.1:8083] Subscribing inbound receiver [pending: 0, cancelled:false, inboundDone: false]
15:53:17.813 [reactor-http-nio-47] DEBUG reactor.netty.http.client.HttpClientOperations - [id: 0xb2eb3594, L:/127.0.0.1:51873 - R:localhost/127.0.0.1:8083] Received last HTTP packet
15:53:17.814 [reactor-http-nio-47] DEBUG org.springframework.core.codec.StringDecoder - [27ada541] Decoded "[{"longitude":-117.922008,"latitude":33.817595,"attractionName":"Disneyland","city":"Anaheim","stat (truncated)...
15:53:17.814 [reactor-http-nio-47] DEBUG reactor.netty.resources.PooledConnectionProvider - [id: 0xb2eb3594, L:/127.0.0.1:51873 - R:localhost/127.0.0.1:8083] onStateChange(GET{uri=/attractions, connection=PooledConnection{channel=[id: 0xb2eb3594, L:/127.0.0.1:51873 - R:localhost/127.0.0.1:8083]}}, [disconnecting])
15:53:17.814 [reactor-http-nio-47] DEBUG reactor.netty.resources.PooledConnectionProvider - [id: 0xb2eb3594, L:/127.0.0.1:51873 - R:localhost/127.0.0.1:8083] Releasing channel
15:53:17.814 [reactor-http-nio-47] DEBUG reactor.netty.resources.PooledConnectionProvider - [id: 0xb2eb3594, L:/127.0.0.1:51873 - R:localhost/127.0.0.1:8083] Channel cleaned, now 69 active connections and 232 inactive connections
15:53:17.824 [reactor-http-nio-46] DEBUG reactor.netty.http.client.HttpClientOperations - [id: 0x2e3e5eef, L:/127.0.0.1:51987 - R:localhost/127.0.0.1:8084] Received response (auto-read:false) : [Content-Type=application/json, Transfer-Encoding=chunked, Date=Wed, 15 Jun 2022 14:53:17 GMT]
15:53:17.824 [reactor-http-nio-46] DEBUG reactor.netty.resources.PooledConnectionProvider - [id: 0x2e3e5eef, L:/127.0.0.1:51987 - R:localhost/127.0.0.1:8084] onStateChange(GET{uri=/attractionRewardPoint?attractionId=48e82fd3-704f-4860-ac8e-6eace8dd54fc&userId=a26189ba-ad29-4bc1-8cdd-69497deab952, connection=PooledConnection{channel=[id: 0x2e3e5eef, L:/127.0.0.1:51987 - R:localhost/127.0.0.1:8084]}}, [response_received])
15:53:17.825 [reactor-http-nio-46] DEBUG org.springframework.web.reactive.function.client.ExchangeFunctions - [247b9d2b] Response 200 OK
15:53:17.825 [reactor-http-nio-46] DEBUG reactor.netty.channel.FluxReceive - [id: 0x2e3e5eef, L:/127.0.0.1:51987 - R:localhost/127.0.0.1:8084] Subscribing inbound receiver [pending: 0, cancelled:false, inboundDone: false]
15:53:17.825 [reactor-http-nio-46] DEBUG reactor.netty.http.client.HttpClientOperations - [id: 0x2e3e5eef, L:/127.0.0.1:51987 - R:localhost/127.0.0.1:8084] Received last HTTP packet
15:53:17.826 [reactor-http-nio-46] DEBUG org.springframework.core.codec.StringDecoder - [247b9d2b] Decoded "703"
15:53:17.826 [reactor-http-nio-48] DEBUG reactor.netty.http.client.HttpClientOperations - [id: 0xf56f4e45, L:/127.0.0.1:51950 - R:localhost/127.0.0.1:8083] Received response (auto-read:false) : [Content-Type=application/json, Transfer-Encoding=chunked, Date=Wed, 15 Jun 2022 14:53:17 GMT]
15:53:17.826 [reactor-http-nio-46] DEBUG reactor.netty.resources.PooledConnectionProvider - [id: 0x2e3e5eef, L:/127.0.0.1:51987 - R:localhost/127.0.0.1:8084] onStateChange(GET{uri=/attractionRewardPoint?attractionId=48e82fd3-704f-4860-ac8e-6eace8dd54fc&userId=a26189ba-ad29-4bc1-8cdd-69497deab952, connection=PooledConnection{channel=[id: 0x2e3e5eef, L:/127.0.0.1:51987 - R:localhost/127.0.0.1:8084]}}, [disconnecting])
15:53:17.826 [reactor-http-nio-46] DEBUG reactor.netty.resources.PooledConnectionProvider - [id: 0x2e3e5eef, L:/127.0.0.1:51987 - R:localhost/127.0.0.1:8084] Releasing channel
15:53:17.826 [reactor-http-nio-48] DEBUG reactor.netty.resources.PooledConnectionProvider - [id: 0xf56f4e45, L:/127.0.0.1:51950 - R:localhost/127.0.0.1:8083] onStateChange(GET{uri=/attractions, connection=PooledConnection{channel=[id: 0xf56f4e45, L:/127.0.0.1:51950 - R:localhost/127.0.0.1:8083]}}, [response_received])
15:53:17.826 [reactor-http-nio-46] DEBUG reactor.netty.resources.PooledConnectionProvider - [id: 0x2e3e5eef, L:/127.0.0.1:51987 - R:localhost/127.0.0.1:8084] Channel cleaned, now 67 active connections and 2 inactive connections
15:53:17.826 [reactor-http-nio-48] DEBUG org.springframework.web.reactive.function.client.ExchangeFunctions - [2c0776a0] Response 200 OK
15:53:17.826 [reactor-http-nio-48] DEBUG reactor.netty.channel.FluxReceive - [id: 0xf56f4e45, L:/127.0.0.1:51950 - R:localhost/127.0.0.1:8083] Subscribing inbound receiver [pending: 0, cancelled:false, inboundDone: false]
15:53:17.826 [reactor-http-nio-48] DEBUG reactor.netty.http.client.HttpClientOperations - [id: 0xf56f4e45, L:/127.0.0.1:51950 - R:localhost/127.0.0.1:8083] Received last HTTP packet
15:53:17.826 [reactor-http-nio-48] DEBUG org.springframework.core.codec.StringDecoder - [2c0776a0] Decoded "[{"longitude":-117.922008,"latitude":33.817595,"attractionName":"Disneyland","city":"Anaheim","stat (truncated)...
15:53:17.827 [reactor-http-nio-48] DEBUG reactor.netty.resources.PooledConnectionProvider - [id: 0xf56f4e45, L:/127.0.0.1:51950 - R:localhost/127.0.0.1:8083] onStateChange(GET{uri=/attractions, connection=PooledConnection{channel=[id: 0xf56f4e45, L:/127.0.0.1:51950 - R:localhost/127.0.0.1:8083]}}, [disconnecting])
15:53:17.827 [reactor-http-nio-48] DEBUG reactor.netty.resources.PooledConnectionProvider - [id: 0xf56f4e45, L:/127.0.0.1:51950 - R:localhost/127.0.0.1:8083] Releasing channel
15:53:17.827 [reactor-http-nio-48] DEBUG reactor.netty.resources.PooledConnectionProvider - [id: 0xf56f4e45, L:/127.0.0.1:51950 - R:localhost/127.0.0.1:8083] Channel cleaned, now 68 active connections and 233 inactive connections
15:53:17.834 [reactor-http-nio-48] DEBUG reactor.netty.http.client.HttpClientOperations - [id: 0x0acdd11d, L:/127.0.0.1:51986 - R:localhost/127.0.0.1:8084] Received response (auto-read:false) : [Content-Type=application/json, Transfer-Encoding=chunked, Date=Wed, 15 Jun 2022 14:53:17 GMT]
15:53:17.834 [reactor-http-nio-48] DEBUG reactor.netty.resources.PooledConnectionProvider - [id: 0x0acdd11d, L:/127.0.0.1:51986 - R:localhost/127.0.0.1:8084] onStateChange(GET{uri=/attractionRewardPoint?attractionId=324d5b70-25a9-4cae-8904-06bce22dbabf&userId=a68bbe08-9afb-474c-b080-3673a9f3a35d, connection=PooledConnection{channel=[id: 0x0acdd11d, L:/127.0.0.1:51986 - R:localhost/127.0.0.1:8084]}}, [response_received])
15:53:17.834 [reactor-http-nio-48] DEBUG org.springframework.web.reactive.function.client.ExchangeFunctions - [254c710b] Response 200 OK
15:53:17.835 [reactor-http-nio-48] DEBUG reactor.netty.channel.FluxReceive - [id: 0x0acdd11d, L:/127.0.0.1:51986 - R:localhost/127.0.0.1:8084] Subscribing inbound receiver [pending: 0, cancelled:false, inboundDone: false]
15:53:17.843 [reactor-http-nio-48] DEBUG reactor.netty.http.client.HttpClientOperations - [id: 0x0acdd11d, L:/127.0.0.1:51986 - R:localhost/127.0.0.1:8084] Received last HTTP packet
15:53:17.844 [reactor-http-nio-48] DEBUG org.springframework.core.codec.StringDecoder - [254c710b] Decoded "960"
15:53:17.844 [reactor-http-nio-48] DEBUG reactor.netty.resources.PooledConnectionProvider - [id: 0x0acdd11d, L:/127.0.0.1:51986 - R:localhost/127.0.0.1:8084] onStateChange(GET{uri=/attractionRewardPoint?attractionId=324d5b70-25a9-4cae-8904-06bce22dbabf&userId=a68bbe08-9afb-474c-b080-3673a9f3a35d, connection=PooledConnection{channel=[id: 0x0acdd11d, L:/127.0.0.1:51986 - R:localhost/127.0.0.1:8084]}}, [disconnecting])
15:53:17.844 [reactor-http-nio-48] DEBUG reactor.netty.resources.PooledConnectionProvider - [id: 0x0acdd11d, L:/127.0.0.1:51986 - R:localhost/127.0.0.1:8084] Releasing channel
15:53:17.844 [reactor-http-nio-48] DEBUG reactor.netty.resources.PooledConnectionProvider - [id: 0x0acdd11d, L:/127.0.0.1:51986 - R:localhost/127.0.0.1:8084] Channel cleaned, now 66 active connections and 3 inactive connections
15:53:17.852 [reactor-http-nio-47] DEBUG reactor.netty.http.client.HttpClientOperations - [id: 0xa6138326, L:/127.0.0.1:51881 - R:localhost/127.0.0.1:8083] Received response (auto-read:false) : [Content-Type=application/json, Transfer-Encoding=chunked, Date=Wed, 15 Jun 2022 14:53:17 GMT]
15:53:17.852 [reactor-http-nio-47] DEBUG reactor.netty.resources.PooledConnectionProvider - [id: 0xa6138326, L:/127.0.0.1:51881 - R:localhost/127.0.0.1:8083] onStateChange(GET{uri=/attractions, connection=PooledConnection{channel=[id: 0xa6138326, L:/127.0.0.1:51881 - R:localhost/127.0.0.1:8083]}}, [response_received])
15:53:17.852 [reactor-http-nio-47] DEBUG org.springframework.web.reactive.function.client.ExchangeFunctions - [35c7438b] Response 200 OK
15:53:17.853 [reactor-http-nio-47] DEBUG reactor.netty.channel.FluxReceive - [id: 0xa6138326, L:/127.0.0.1:51881 - R:localhost/127.0.0.1:8083] Subscribing inbound receiver [pending: 0, cancelled:false, inboundDone: false]
15:53:17.854 [reactor-http-nio-47] DEBUG reactor.netty.http.client.HttpClientOperations - [id: 0xa6138326, L:/127.0.0.1:51881 - R:localhost/127.0.0.1:8083] Received last HTTP packet
15:53:17.854 [reactor-http-nio-48] DEBUG reactor.netty.http.client.HttpClientOperations - [id: 0xe73f3e74, L:/127.0.0.1:51908 - R:localhost/127.0.0.1:8083] Received response (auto-read:false) : [Content-Type=application/json, Transfer-Encoding=chunked, Date=Wed, 15 Jun 2022 14:53:17 GMT]
15:53:17.854 [reactor-http-nio-48] DEBUG reactor.netty.resources.PooledConnectionProvider - [id: 0xe73f3e74, L:/127.0.0.1:51908 - R:localhost/127.0.0.1:8083] onStateChange(GET{uri=/attractions, connection=PooledConnection{channel=[id: 0xe73f3e74, L:/127.0.0.1:51908 - R:localhost/127.0.0.1:8083]}}, [response_received])
15:53:17.854 [reactor-http-nio-48] DEBUG org.springframework.web.reactive.function.client.ExchangeFunctions - [3317d1f] Response 200 OK
15:53:17.854 [reactor-http-nio-47] DEBUG org.springframework.core.codec.StringDecoder - [35c7438b] Decoded "[{"longitude":-117.922008,"latitude":33.817595,"attractionName":"Disneyland","city":"Anaheim","stat (truncated)...
15:53:17.854 [reactor-http-nio-47] DEBUG reactor.netty.resources.PooledConnectionProvider - [id: 0xa6138326, L:/127.0.0.1:51881 - R:localhost/127.0.0.1:8083] onStateChange(GET{uri=/attractions, connection=PooledConnection{channel=[id: 0xa6138326, L:/127.0.0.1:51881 - R:localhost/127.0.0.1:8083]}}, [disconnecting])
15:53:17.854 [reactor-http-nio-47] DEBUG reactor.netty.resources.PooledConnectionProvider - [id: 0xa6138326, L:/127.0.0.1:51881 - R:localhost/127.0.0.1:8083] Releasing channel
15:53:17.855 [reactor-http-nio-47] DEBUG reactor.netty.resources.PooledConnectionProvider - [id: 0xa6138326, L:/127.0.0.1:51881 - R:localhost/127.0.0.1:8083] Channel cleaned, now 67 active connections and 234 inactive connections
15:53:17.855 [reactor-http-nio-48] DEBUG reactor.netty.channel.FluxReceive - [id: 0xe73f3e74, L:/127.0.0.1:51908 - R:localhost/127.0.0.1:8083] Subscribing inbound receiver [pending: 0, cancelled:false, inboundDone: false]
15:53:17.855 [reactor-http-nio-48] DEBUG reactor.netty.http.client.HttpClientOperations - [id: 0xe73f3e74, L:/127.0.0.1:51908 - R:localhost/127.0.0.1:8083] Received last HTTP packet
15:53:17.855 [reactor-http-nio-48] DEBUG org.springframework.core.codec.StringDecoder - [3317d1f] Decoded "[{"longitude":-117.922008,"latitude":33.817595,"attractionName":"Disneyland","city":"Anaheim","stat (truncated)...
15:53:17.855 [reactor-http-nio-48] DEBUG reactor.netty.resources.PooledConnectionProvider - [id: 0xe73f3e74, L:/127.0.0.1:51908 - R:localhost/127.0.0.1:8083] onStateChange(GET{uri=/attractions, connection=PooledConnection{channel=[id: 0xe73f3e74, L:/127.0.0.1:51908 - R:localhost/127.0.0.1:8083]}}, [disconnecting])
15:53:17.855 [reactor-http-nio-48] DEBUG reactor.netty.resources.PooledConnectionProvider - [id: 0xe73f3e74, L:/127.0.0.1:51908 - R:localhost/127.0.0.1:8083] Releasing channel
15:53:17.855 [reactor-http-nio-48] DEBUG reactor.netty.resources.PooledConnectionProvider - [id: 0xe73f3e74, L:/127.0.0.1:51908 - R:localhost/127.0.0.1:8083] Channel cleaned, now 66 active connections and 235 inactive connections
15:53:17.860 [pool-4-thread-76] DEBUG org.springframework.web.reactive.function.client.ExchangeFunctions - [574d17] HTTP GET http://localhost:8084/attractionRewardPoint?attractionId=cc02e3b6-96e2-4b30-bdec-07ba722f86e4&userId=66c20936-6741-4f51-8a3d-6d2175c7b4c0
15:53:17.862 [reactor-http-nio-48] DEBUG reactor.netty.http.client.HttpClientOperations - [id: 0xfc3bf400, L:/127.0.0.1:51944 - R:localhost/127.0.0.1:8083] Received response (auto-read:false) : [Content-Type=application/json, Transfer-Encoding=chunked, Date=Wed, 15 Jun 2022 14:53:17 GMT]
15:53:17.862 [reactor-http-nio-48] DEBUG reactor.netty.resources.PooledConnectionProvider - [id: 0xfc3bf400, L:/127.0.0.1:51944 - R:localhost/127.0.0.1:8083] onStateChange(GET{uri=/attractions, connection=PooledConnection{channel=[id: 0xfc3bf400, L:/127.0.0.1:51944 - R:localhost/127.0.0.1:8083]}}, [response_received])
15:53:17.862 [reactor-http-nio-48] DEBUG org.springframework.web.reactive.function.client.ExchangeFunctions - [405c87f7] Response 200 OK
15:53:17.863 [reactor-http-nio-48] DEBUG reactor.netty.channel.FluxReceive - [id: 0xfc3bf400, L:/127.0.0.1:51944 - R:localhost/127.0.0.1:8083] Subscribing inbound receiver [pending: 0, cancelled:false, inboundDone: false]
15:53:17.863 [reactor-http-nio-47] DEBUG reactor.netty.http.client.HttpClientOperations - [id: 0x597600af, L:/127.0.0.1:51865 - R:localhost/127.0.0.1:8083] Received response (auto-read:false) : [Content-Type=application/json, Transfer-Encoding=chunked, Date=Wed, 15 Jun 2022 14:53:17 GMT]
15:53:17.863 [reactor-http-nio-47] DEBUG reactor.netty.resources.PooledConnectionProvider - [id: 0x597600af, L:/127.0.0.1:51865 - R:localhost/127.0.0.1:8083] onStateChange(GET{uri=/attractions, connection=PooledConnection{channel=[id: 0x597600af, L:/127.0.0.1:51865 - R:localhost/127.0.0.1:8083]}}, [response_received])
15:53:17.863 [reactor-http-nio-47] DEBUG org.springframework.web.reactive.function.client.ExchangeFunctions - [2f80a0b] Response 200 OK
15:53:17.863 [reactor-http-nio-48] DEBUG reactor.netty.http.client.HttpClientOperations - [id: 0xfc3bf400, L:/127.0.0.1:51944 - R:localhost/127.0.0.1:8083] Received last HTTP packet
15:53:17.863 [reactor-http-nio-48] DEBUG org.springframework.core.codec.StringDecoder - [405c87f7] Decoded "[{"longitude":-117.922008,"latitude":33.817595,"attractionName":"Disneyland","city":"Anaheim","stat (truncated)...
15:53:17.863 [reactor-http-nio-48] DEBUG reactor.netty.resources.PooledConnectionProvider - [id: 0xfc3bf400, L:/127.0.0.1:51944 - R:localhost/127.0.0.1:8083] onStateChange(GET{uri=/attractions, connection=PooledConnection{channel=[id: 0xfc3bf400, L:/127.0.0.1:51944 - R:localhost/127.0.0.1:8083]}}, [disconnecting])
15:53:17.863 [reactor-http-nio-48] DEBUG reactor.netty.resources.PooledConnectionProvider - [id: 0xfc3bf400, L:/127.0.0.1:51944 - R:localhost/127.0.0.1:8083] Releasing channel
15:53:17.863 [reactor-http-nio-47] DEBUG reactor.netty.channel.FluxReceive - [id: 0x597600af, L:/127.0.0.1:51865 - R:localhost/127.0.0.1:8083] Subscribing inbound receiver [pending: 0, cancelled:false, inboundDone: false]
15:53:17.863 [reactor-http-nio-48] DEBUG reactor.netty.resources.PooledConnectionProvider - [id: 0xfc3bf400, L:/127.0.0.1:51944 - R:localhost/127.0.0.1:8083] Channel cleaned, now 65 active connections and 236 inactive connections
15:53:17.863 [reactor-http-nio-48] DEBUG reactor.netty.resources.PooledConnectionProvider - [id: 0x9a3845e6, L:/127.0.0.1:51984 - R:localhost/127.0.0.1:8084] Channel acquired, now 67 active connections and 2 inactive connections
15:53:17.863 [reactor-http-nio-48] DEBUG reactor.netty.http.client.HttpClientConnect - [id: 0x9a3845e6, L:/127.0.0.1:51984 - R:localhost/127.0.0.1:8084] Handler is being applied: {uri=http://localhost:8084/attractionRewardPoint?attractionId=cc02e3b6-96e2-4b30-bdec-07ba722f86e4&userId=66c20936-6741-4f51-8a3d-6d2175c7b4c0, method=GET}
15:53:17.864 [reactor-http-nio-48] DEBUG reactor.netty.resources.PooledConnectionProvider - [id: 0x9a3845e6, L:/127.0.0.1:51984 - R:localhost/127.0.0.1:8084] onStateChange(GET{uri=/attractionRewardPoint?attractionId=cc02e3b6-96e2-4b30-bdec-07ba722f86e4&userId=66c20936-6741-4f51-8a3d-6d2175c7b4c0, connection=PooledConnection{channel=[id: 0x9a3845e6, L:/127.0.0.1:51984 - R:localhost/127.0.0.1:8084]}}, [request_sent])
15:53:17.864 [reactor-http-nio-47] DEBUG reactor.netty.http.client.HttpClientOperations - [id: 0x597600af, L:/127.0.0.1:51865 - R:localhost/127.0.0.1:8083] Received last HTTP packet
15:53:17.864 [reactor-http-nio-48] DEBUG reactor.netty.http.client.HttpClientOperations - [id: 0xc3839908, L:/127.0.0.1:51914 - R:localhost/127.0.0.1:8083] Received response (auto-read:false) : [Content-Type=application/json, Transfer-Encoding=chunked, Date=Wed, 15 Jun 2022 14:53:17 GMT]
15:53:17.864 [reactor-http-nio-48] DEBUG reactor.netty.resources.PooledConnectionProvider - [id: 0xc3839908, L:/127.0.0.1:51914 - R:localhost/127.0.0.1:8083] onStateChange(GET{uri=/attractions, connection=PooledConnection{channel=[id: 0xc3839908, L:/127.0.0.1:51914 - R:localhost/127.0.0.1:8083]}}, [response_received])
15:53:17.864 [reactor-http-nio-48] DEBUG org.springframework.web.reactive.function.client.ExchangeFunctions - [7db65b01] Response 200 OK
15:53:17.864 [reactor-http-nio-47] DEBUG org.springframework.core.codec.StringDecoder - [2f80a0b] Decoded "[{"longitude":-117.922008,"latitude":33.817595,"attractionName":"Disneyland","city":"Anaheim","stat (truncated)...
15:53:17.865 [reactor-http-nio-47] DEBUG reactor.netty.resources.PooledConnectionProvider - [id: 0x597600af, L:/127.0.0.1:51865 - R:localhost/127.0.0.1:8083] onStateChange(GET{uri=/attractions, connection=PooledConnection{channel=[id: 0x597600af, L:/127.0.0.1:51865 - R:localhost/127.0.0.1:8083]}}, [disconnecting])
15:53:17.865 [reactor-http-nio-47] DEBUG reactor.netty.resources.PooledConnectionProvider - [id: 0x597600af, L:/127.0.0.1:51865 - R:localhost/127.0.0.1:8083] Releasing channel
15:53:17.865 [reactor-http-nio-47] DEBUG reactor.netty.resources.PooledConnectionProvider - [id: 0x597600af, L:/127.0.0.1:51865 - R:localhost/127.0.0.1:8083] Channel cleaned, now 64 active connections and 237 inactive connections
15:53:17.865 [reactor-http-nio-48] DEBUG reactor.netty.channel.FluxReceive - [id: 0xc3839908, L:/127.0.0.1:51914 - R:localhost/127.0.0.1:8083] Subscribing inbound receiver [pending: 0, cancelled:false, inboundDone: false]
15:53:17.865 [reactor-http-nio-48] DEBUG reactor.netty.http.client.HttpClientOperations - [id: 0xc3839908, L:/127.0.0.1:51914 - R:localhost/127.0.0.1:8083] Received last HTTP packet
15:53:17.865 [reactor-http-nio-48] DEBUG org.springframework.core.codec.StringDecoder - [7db65b01] Decoded "[{"longitude":-117.922008,"latitude":33.817595,"attractionName":"Disneyland","city":"Anaheim","stat (truncated)...
15:53:17.865 [reactor-http-nio-48] DEBUG reactor.netty.resources.PooledConnectionProvider - [id: 0xc3839908, L:/127.0.0.1:51914 - R:localhost/127.0.0.1:8083] onStateChange(GET{uri=/attractions, connection=PooledConnection{channel=[id: 0xc3839908, L:/127.0.0.1:51914 - R:localhost/127.0.0.1:8083]}}, [disconnecting])
15:53:17.865 [reactor-http-nio-48] DEBUG reactor.netty.resources.PooledConnectionProvider - [id: 0xc3839908, L:/127.0.0.1:51914 - R:localhost/127.0.0.1:8083] Releasing channel
15:53:17.865 [reactor-http-nio-48] DEBUG reactor.netty.resources.PooledConnectionProvider - [id: 0xc3839908, L:/127.0.0.1:51914 - R:localhost/127.0.0.1:8083] Channel cleaned, now 63 active connections and 238 inactive connections
15:53:17.866 [reactor-http-nio-48] DEBUG reactor.netty.http.client.HttpClientOperations - [id: 0xa6d9aa39, L:/127.0.0.1:51990 - R:localhost/127.0.0.1:8084] Received response (auto-read:false) : [Content-Type=application/json, Transfer-Encoding=chunked, Date=Wed, 15 Jun 2022 14:53:17 GMT]
15:53:17.866 [reactor-http-nio-48] DEBUG reactor.netty.resources.PooledConnectionProvider - [id: 0xa6d9aa39, L:/127.0.0.1:51990 - R:localhost/127.0.0.1:8084] onStateChange(GET{uri=/attractionRewardPoint?attractionId=366587f2-057c-4302-828e-62052a5e2a76&userId=a65f14ad-241a-48b6-8296-62ddf329154e, connection=PooledConnection{channel=[id: 0xa6d9aa39, L:/127.0.0.1:51990 - R:localhost/127.0.0.1:8084]}}, [response_received])
15:53:17.866 [reactor-http-nio-48] DEBUG org.springframework.web.reactive.function.client.ExchangeFunctions - [adf320a] Response 200 OK
15:53:17.866 [reactor-http-nio-48] DEBUG reactor.netty.channel.FluxReceive - [id: 0xa6d9aa39, L:/127.0.0.1:51990 - R:localhost/127.0.0.1:8084] Subscribing inbound receiver [pending: 0, cancelled:false, inboundDone: false]
15:53:17.866 [reactor-http-nio-48] DEBUG reactor.netty.http.client.HttpClientOperations - [id: 0xa6d9aa39, L:/127.0.0.1:51990 - R:localhost/127.0.0.1:8084] Received last HTTP packet
15:53:17.866 [reactor-http-nio-48] DEBUG org.springframework.core.codec.StringDecoder - [adf320a] Decoded "815"
15:53:17.866 [reactor-http-nio-48] DEBUG reactor.netty.resources.PooledConnectionProvider - [id: 0xa6d9aa39, L:/127.0.0.1:51990 - R:localhost/127.0.0.1:8084] onStateChange(GET{uri=/attractionRewardPoint?attractionId=366587f2-057c-4302-828e-62052a5e2a76&userId=a65f14ad-241a-48b6-8296-62ddf329154e, connection=PooledConnection{channel=[id: 0xa6d9aa39, L:/127.0.0.1:51990 - R:localhost/127.0.0.1:8084]}}, [disconnecting])
15:53:17.866 [reactor-http-nio-48] DEBUG reactor.netty.resources.PooledConnectionProvider - [id: 0xa6d9aa39, L:/127.0.0.1:51990 - R:localhost/127.0.0.1:8084] Releasing channel
15:53:17.866 [reactor-http-nio-48] DEBUG reactor.netty.resources.PooledConnectionProvider - [id: 0xa6d9aa39, L:/127.0.0.1:51990 - R:localhost/127.0.0.1:8084] Channel cleaned, now 66 active connections and 3 inactive connections
15:53:17.868 [pool-4-thread-77] DEBUG org.springframework.web.reactive.function.client.ExchangeFunctions - [2d034b15] HTTP GET http://localhost:8084/attractionRewardPoint?attractionId=8699d163-207c-4f42-b6c9-a68c15591a2d&userId=d3f1ac3c-9ed4-4048-9506-037a25a80088
15:53:17.869 [reactor-http-nio-46] DEBUG reactor.netty.resources.PooledConnectionProvider - [id: 0x2e3e5eef, L:/127.0.0.1:51987 - R:localhost/127.0.0.1:8084] Channel acquired, now 67 active connections and 2 inactive connections
15:53:17.869 [reactor-http-nio-46] DEBUG reactor.netty.http.client.HttpClientConnect - [id: 0x2e3e5eef, L:/127.0.0.1:51987 - R:localhost/127.0.0.1:8084] Handler is being applied: {uri=http://localhost:8084/attractionRewardPoint?attractionId=8699d163-207c-4f42-b6c9-a68c15591a2d&userId=d3f1ac3c-9ed4-4048-9506-037a25a80088, method=GET}
15:53:17.870 [reactor-http-nio-46] DEBUG reactor.netty.resources.PooledConnectionProvider - [id: 0x2e3e5eef, L:/127.0.0.1:51987 - R:localhost/127.0.0.1:8084] onStateChange(GET{uri=/attractionRewardPoint?attractionId=8699d163-207c-4f42-b6c9-a68c15591a2d&userId=d3f1ac3c-9ed4-4048-9506-037a25a80088, connection=PooledConnection{channel=[id: 0x2e3e5eef, L:/127.0.0.1:51987 - R:localhost/127.0.0.1:8084]}}, [request_sent])
15:53:17.873 [reactor-http-nio-47] DEBUG reactor.netty.http.client.HttpClientOperations - [id: 0x25d8fc77, L:/127.0.0.1:51691 - R:localhost/127.0.0.1:8083] Received response (auto-read:false) : [Content-Type=application/json, Transfer-Encoding=chunked, Date=Wed, 15 Jun 2022 14:53:17 GMT]
15:53:17.873 [reactor-http-nio-47] DEBUG reactor.netty.resources.PooledConnectionProvider - [id: 0x25d8fc77, L:/127.0.0.1:51691 - R:localhost/127.0.0.1:8083] onStateChange(GET{uri=/attractions, connection=PooledConnection{channel=[id: 0x25d8fc77, L:/127.0.0.1:51691 - R:localhost/127.0.0.1:8083]}}, [response_received])
15:53:17.873 [reactor-http-nio-47] DEBUG org.springframework.web.reactive.function.client.ExchangeFunctions - [6963e46d] Response 200 OK
15:53:17.873 [reactor-http-nio-47] DEBUG reactor.netty.channel.FluxReceive - [id: 0x25d8fc77, L:/127.0.0.1:51691 - R:localhost/127.0.0.1:8083] Subscribing inbound receiver [pending: 0, cancelled:false, inboundDone: false]
15:53:17.873 [reactor-http-nio-47] DEBUG reactor.netty.http.client.HttpClientOperations - [id: 0x25d8fc77, L:/127.0.0.1:51691 - R:localhost/127.0.0.1:8083] Received last HTTP packet
15:53:17.873 [reactor-http-nio-47] DEBUG org.springframework.core.codec.StringDecoder - [6963e46d] Decoded "[{"longitude":-117.922008,"latitude":33.817595,"attractionName":"Disneyland","city":"Anaheim","stat (truncated)...
15:53:17.873 [reactor-http-nio-47] DEBUG reactor.netty.resources.PooledConnectionProvider - [id: 0x25d8fc77, L:/127.0.0.1:51691 - R:localhost/127.0.0.1:8083] onStateChange(GET{uri=/attractions, connection=PooledConnection{channel=[id: 0x25d8fc77, L:/127.0.0.1:51691 - R:localhost/127.0.0.1:8083]}}, [disconnecting])
15:53:17.873 [reactor-http-nio-47] DEBUG reactor.netty.resources.PooledConnectionProvider - [id: 0x25d8fc77, L:/127.0.0.1:51691 - R:localhost/127.0.0.1:8083] Releasing channel
15:53:17.874 [reactor-http-nio-47] DEBUG reactor.netty.resources.PooledConnectionProvider - [id: 0x25d8fc77, L:/127.0.0.1:51691 - R:localhost/127.0.0.1:8083] Channel cleaned, now 62 active connections and 239 inactive connections
15:53:17.876 [pool-4-thread-78] DEBUG org.springframework.web.reactive.function.client.ExchangeFunctions - [14a0d08e] HTTP GET http://localhost:8084/attractionRewardPoint?attractionId=aa56206a-b818-4999-af86-e9ff1a413c58&userId=a47d0356-018a-4ef4-9417-4fbbf3da3cb9
15:53:17.879 [reactor-http-nio-47] DEBUG reactor.netty.http.client.HttpClientOperations - [id: 0x0c4c7f0e, L:/127.0.0.1:51853 - R:localhost/127.0.0.1:8083] Received response (auto-read:false) : [Content-Type=application/json, Transfer-Encoding=chunked, Date=Wed, 15 Jun 2022 14:53:17 GMT]
15:53:17.879 [reactor-http-nio-47] DEBUG reactor.netty.resources.PooledConnectionProvider - [id: 0x0c4c7f0e, L:/127.0.0.1:51853 - R:localhost/127.0.0.1:8083] onStateChange(GET{uri=/attractions, connection=PooledConnection{channel=[id: 0x0c4c7f0e, L:/127.0.0.1:51853 - R:localhost/127.0.0.1:8083]}}, [response_received])
15:53:17.879 [reactor-http-nio-48] DEBUG reactor.netty.resources.PooledConnectionProvider - [id: 0x0acdd11d, L:/127.0.0.1:51986 - R:localhost/127.0.0.1:8084] Channel acquired, now 68 active connections and 1 inactive connections
15:53:17.879 [reactor-http-nio-47] DEBUG org.springframework.web.reactive.function.client.ExchangeFunctions - [5ac7d751] Response 200 OK
15:53:17.879 [reactor-http-nio-48] DEBUG reactor.netty.http.client.HttpClientConnect - [id: 0x0acdd11d, L:/127.0.0.1:51986 - R:localhost/127.0.0.1:8084] Handler is being applied: {uri=http://localhost:8084/attractionRewardPoint?attractionId=aa56206a-b818-4999-af86-e9ff1a413c58&userId=a47d0356-018a-4ef4-9417-4fbbf3da3cb9, method=GET}
15:53:17.879 [reactor-http-nio-47] DEBUG reactor.netty.channel.FluxReceive - [id: 0x0c4c7f0e, L:/127.0.0.1:51853 - R:localhost/127.0.0.1:8083] Subscribing inbound receiver [pending: 0, cancelled:false, inboundDone: false]
15:53:17.880 [reactor-http-nio-48] DEBUG reactor.netty.resources.PooledConnectionProvider - [id: 0x0acdd11d, L:/127.0.0.1:51986 - R:localhost/127.0.0.1:8084] onStateChange(GET{uri=/attractionRewardPoint?attractionId=aa56206a-b818-4999-af86-e9ff1a413c58&userId=a47d0356-018a-4ef4-9417-4fbbf3da3cb9, connection=PooledConnection{channel=[id: 0x0acdd11d, L:/127.0.0.1:51986 - R:localhost/127.0.0.1:8084]}}, [request_sent])
15:53:17.908 [reactor-http-nio-48] DEBUG reactor.netty.http.client.HttpClientOperations - [id: 0xf21d57cc, L:/127.0.0.1:51993 - R:localhost/127.0.0.1:8084] Received response (auto-read:false) : [Content-Type=application/json, Transfer-Encoding=chunked, Date=Wed, 15 Jun 2022 14:53:17 GMT]
15:53:17.908 [reactor-http-nio-48] DEBUG reactor.netty.resources.PooledConnectionProvider - [id: 0xf21d57cc, L:/127.0.0.1:51993 - R:localhost/127.0.0.1:8084] onStateChange(GET{uri=/attractionRewardPoint?attractionId=91f5014f-9ef6-4084-860f-8020234e69da&userId=cd7dc0ac-1435-4f55-b4cf-a388bb5e7022, connection=PooledConnection{channel=[id: 0xf21d57cc, L:/127.0.0.1:51993 - R:localhost/127.0.0.1:8084]}}, [response_received])
15:53:17.908 [reactor-http-nio-48] DEBUG org.springframework.web.reactive.function.client.ExchangeFunctions - [e000dbb] Response 200 OK
15:53:17.908 [reactor-http-nio-48] DEBUG reactor.netty.channel.FluxReceive - [id: 0xf21d57cc, L:/127.0.0.1:51993 - R:localhost/127.0.0.1:8084] Subscribing inbound receiver [pending: 0, cancelled:false, inboundDone: false]
15:53:17.909 [reactor-http-nio-48] DEBUG reactor.netty.http.client.HttpClientOperations - [id: 0xf21d57cc, L:/127.0.0.1:51993 - R:localhost/127.0.0.1:8084] Received last HTTP packet
15:53:17.910 [reactor-http-nio-48] DEBUG org.springframework.core.codec.StringDecoder - [e000dbb] Decoded "934"
15:53:17.910 [reactor-http-nio-48] DEBUG reactor.netty.resources.PooledConnectionProvider - [id: 0xf21d57cc, L:/127.0.0.1:51993 - R:localhost/127.0.0.1:8084] onStateChange(GET{uri=/attractionRewardPoint?attractionId=91f5014f-9ef6-4084-860f-8020234e69da&userId=cd7dc0ac-1435-4f55-b4cf-a388bb5e7022, connection=PooledConnection{channel=[id: 0xf21d57cc, L:/127.0.0.1:51993 - R:localhost/127.0.0.1:8084]}}, [disconnecting])
15:53:17.910 [reactor-http-nio-48] DEBUG reactor.netty.resources.PooledConnectionProvider - [id: 0xf21d57cc, L:/127.0.0.1:51993 - R:localhost/127.0.0.1:8084] Releasing channel
15:53:17.910 [reactor-http-nio-48] DEBUG reactor.netty.resources.PooledConnectionProvider - [id: 0xf21d57cc, L:/127.0.0.1:51993 - R:localhost/127.0.0.1:8084] Channel cleaned, now 67 active connections and 2 inactive connections
15:53:17.913 [reactor-http-nio-47] DEBUG reactor.netty.http.client.HttpClientOperations - [id: 0xdaf60602, L:/127.0.0.1:51681 - R:localhost/127.0.0.1:8083] Received response (auto-read:false) : [Content-Type=application/json, Transfer-Encoding=chunked, Date=Wed, 15 Jun 2022 14:53:17 GMT]
15:53:17.913 [reactor-http-nio-47] DEBUG reactor.netty.resources.PooledConnectionProvider - [id: 0xdaf60602, L:/127.0.0.1:51681 - R:localhost/127.0.0.1:8083] onStateChange(GET{uri=/attractions, connection=PooledConnection{channel=[id: 0xdaf60602, L:/127.0.0.1:51681 - R:localhost/127.0.0.1:8083]}}, [response_received])
15:53:17.913 [reactor-http-nio-47] DEBUG org.springframework.web.reactive.function.client.ExchangeFunctions - [705e0599] Response 200 OK
15:53:17.913 [reactor-http-nio-47] DEBUG reactor.netty.channel.FluxReceive - [id: 0xdaf60602, L:/127.0.0.1:51681 - R:localhost/127.0.0.1:8083] Subscribing inbound receiver [pending: 0, cancelled:false, inboundDone: false]
15:53:17.914 [reactor-http-nio-47] DEBUG reactor.netty.http.client.HttpClientOperations - [id: 0xdaf60602, L:/127.0.0.1:51681 - R:localhost/127.0.0.1:8083] Received last HTTP packet
15:53:17.914 [reactor-http-nio-47] DEBUG org.springframework.core.codec.StringDecoder - [705e0599] Decoded "[{"longitude":-117.922008,"latitude":33.817595,"attractionName":"Disneyland","city":"Anaheim","stat (truncated)...
15:53:17.914 [reactor-http-nio-47] DEBUG reactor.netty.resources.PooledConnectionProvider - [id: 0xdaf60602, L:/127.0.0.1:51681 - R:localhost/127.0.0.1:8083] onStateChange(GET{uri=/attractions, connection=PooledConnection{channel=[id: 0xdaf60602, L:/127.0.0.1:51681 - R:localhost/127.0.0.1:8083]}}, [disconnecting])
15:53:17.914 [reactor-http-nio-47] DEBUG reactor.netty.resources.PooledConnectionProvider - [id: 0xdaf60602, L:/127.0.0.1:51681 - R:localhost/127.0.0.1:8083] Releasing channel
15:53:17.914 [reactor-http-nio-47] DEBUG reactor.netty.resources.PooledConnectionProvider - [id: 0xdaf60602, L:/127.0.0.1:51681 - R:localhost/127.0.0.1:8083] Channel cleaned, now 61 active connections and 240 inactive connections
15:53:17.922 [reactor-http-nio-47] DEBUG reactor.netty.http.client.HttpClientOperations - [id: 0x2891d552, L:/127.0.0.1:51862 - R:localhost/127.0.0.1:8083] Received response (auto-read:false) : [Content-Type=application/json, Transfer-Encoding=chunked, Date=Wed, 15 Jun 2022 14:53:17 GMT]
15:53:17.922 [reactor-http-nio-47] DEBUG reactor.netty.resources.PooledConnectionProvider - [id: 0x2891d552, L:/127.0.0.1:51862 - R:localhost/127.0.0.1:8083] onStateChange(GET{uri=/attractions, connection=PooledConnection{channel=[id: 0x2891d552, L:/127.0.0.1:51862 - R:localhost/127.0.0.1:8083]}}, [response_received])
15:53:17.922 [reactor-http-nio-47] DEBUG org.springframework.web.reactive.function.client.ExchangeFunctions - [38bb798c] Response 200 OK
15:53:17.922 [reactor-http-nio-47] DEBUG reactor.netty.channel.FluxReceive - [id: 0x2891d552, L:/127.0.0.1:51862 - R:localhost/127.0.0.1:8083] Subscribing inbound receiver [pending: 0, cancelled:false, inboundDone: false]
15:53:17.922 [reactor-http-nio-47] DEBUG reactor.netty.http.client.HttpClientOperations - [id: 0x2891d552, L:/127.0.0.1:51862 - R:localhost/127.0.0.1:8083] Received last HTTP packet
15:53:17.922 [reactor-http-nio-46] DEBUG reactor.netty.http.client.HttpClientOperations - [id: 0x07e2665a, L:/127.0.0.1:51934 - R:localhost/127.0.0.1:8083] Received response (auto-read:false) : [Content-Type=application/json, Transfer-Encoding=chunked, Date=Wed, 15 Jun 2022 14:53:17 GMT]
15:53:17.922 [reactor-http-nio-47] DEBUG org.springframework.core.codec.StringDecoder - [38bb798c] Decoded "[{"longitude":-117.922008,"latitude":33.817595,"attractionName":"Disneyland","city":"Anaheim","stat (truncated)...
15:53:17.922 [reactor-http-nio-46] DEBUG reactor.netty.resources.PooledConnectionProvider - [id: 0x07e2665a, L:/127.0.0.1:51934 - R:localhost/127.0.0.1:8083] onStateChange(GET{uri=/attractions, connection=PooledConnection{channel=[id: 0x07e2665a, L:/127.0.0.1:51934 - R:localhost/127.0.0.1:8083]}}, [response_received])
15:53:17.922 [reactor-http-nio-47] DEBUG reactor.netty.resources.PooledConnectionProvider - [id: 0x2891d552, L:/127.0.0.1:51862 - R:localhost/127.0.0.1:8083] onStateChange(GET{uri=/attractions, connection=PooledConnection{channel=[id: 0x2891d552, L:/127.0.0.1:51862 - R:localhost/127.0.0.1:8083]}}, [disconnecting])
15:53:17.922 [reactor-http-nio-47] DEBUG reactor.netty.resources.PooledConnectionProvider - [id: 0x2891d552, L:/127.0.0.1:51862 - R:localhost/127.0.0.1:8083] Releasing channel
15:53:17.922 [reactor-http-nio-46] DEBUG org.springframework.web.reactive.function.client.ExchangeFunctions - [23a5c919] Response 200 OK
15:53:17.923 [reactor-http-nio-47] DEBUG reactor.netty.resources.PooledConnectionProvider - [id: 0x2891d552, L:/127.0.0.1:51862 - R:localhost/127.0.0.1:8083] Channel cleaned, now 60 active connections and 241 inactive connections
15:53:17.923 [reactor-http-nio-46] DEBUG reactor.netty.channel.FluxReceive - [id: 0x07e2665a, L:/127.0.0.1:51934 - R:localhost/127.0.0.1:8083] Subscribing inbound receiver [pending: 0, cancelled:false, inboundDone: false]
15:53:17.923 [reactor-http-nio-46] DEBUG reactor.netty.http.client.HttpClientOperations - [id: 0x07e2665a, L:/127.0.0.1:51934 - R:localhost/127.0.0.1:8083] Received last HTTP packet
15:53:17.924 [reactor-http-nio-46] DEBUG org.springframework.core.codec.StringDecoder - [23a5c919] Decoded "[{"longitude":-117.922008,"latitude":33.817595,"attractionName":"Disneyland","city":"Anaheim","stat (truncated)...
15:53:17.924 [reactor-http-nio-46] DEBUG reactor.netty.resources.PooledConnectionProvider - [id: 0x07e2665a, L:/127.0.0.1:51934 - R:localhost/127.0.0.1:8083] onStateChange(GET{uri=/attractions, connection=PooledConnection{channel=[id: 0x07e2665a, L:/127.0.0.1:51934 - R:localhost/127.0.0.1:8083]}}, [disconnecting])
15:53:17.924 [reactor-http-nio-46] DEBUG reactor.netty.resources.PooledConnectionProvider - [id: 0x07e2665a, L:/127.0.0.1:51934 - R:localhost/127.0.0.1:8083] Releasing channel
15:53:17.924 [reactor-http-nio-46] DEBUG reactor.netty.resources.PooledConnectionProvider - [id: 0x07e2665a, L:/127.0.0.1:51934 - R:localhost/127.0.0.1:8083] Channel cleaned, now 59 active connections and 242 inactive connections
15:53:17.925 [reactor-http-nio-47] DEBUG reactor.netty.http.client.HttpClientOperations - [id: 0xa78cd761, L:/127.0.0.1:51879 - R:localhost/127.0.0.1:8083] Received response (auto-read:false) : [Content-Type=application/json, Transfer-Encoding=chunked, Date=Wed, 15 Jun 2022 14:53:17 GMT]
15:53:17.925 [reactor-http-nio-47] DEBUG reactor.netty.resources.PooledConnectionProvider - [id: 0xa78cd761, L:/127.0.0.1:51879 - R:localhost/127.0.0.1:8083] onStateChange(GET{uri=/attractions, connection=PooledConnection{channel=[id: 0xa78cd761, L:/127.0.0.1:51879 - R:localhost/127.0.0.1:8083]}}, [response_received])
15:53:17.925 [reactor-http-nio-47] DEBUG org.springframework.web.reactive.function.client.ExchangeFunctions - [33687e42] Response 200 OK
15:53:17.925 [reactor-http-nio-47] DEBUG reactor.netty.channel.FluxReceive - [id: 0xa78cd761, L:/127.0.0.1:51879 - R:localhost/127.0.0.1:8083] Subscribing inbound receiver [pending: 0, cancelled:false, inboundDone: false]
15:53:17.926 [reactor-http-nio-47] DEBUG reactor.netty.http.client.HttpClientOperations - [id: 0xa78cd761, L:/127.0.0.1:51879 - R:localhost/127.0.0.1:8083] Received last HTTP packet
15:53:17.926 [reactor-http-nio-47] DEBUG org.springframework.core.codec.StringDecoder - [33687e42] Decoded "[{"longitude":-117.922008,"latitude":33.817595,"attractionName":"Disneyland","city":"Anaheim","stat (truncated)...
15:53:17.926 [reactor-http-nio-47] DEBUG reactor.netty.resources.PooledConnectionProvider - [id: 0xa78cd761, L:/127.0.0.1:51879 - R:localhost/127.0.0.1:8083] onStateChange(GET{uri=/attractions, connection=PooledConnection{channel=[id: 0xa78cd761, L:/127.0.0.1:51879 - R:localhost/127.0.0.1:8083]}}, [disconnecting])
15:53:17.926 [reactor-http-nio-47] DEBUG reactor.netty.resources.PooledConnectionProvider - [id: 0xa78cd761, L:/127.0.0.1:51879 - R:localhost/127.0.0.1:8083] Releasing channel
15:53:17.926 [reactor-http-nio-47] DEBUG reactor.netty.resources.PooledConnectionProvider - [id: 0xa78cd761, L:/127.0.0.1:51879 - R:localhost/127.0.0.1:8083] Channel cleaned, now 58 active connections and 243 inactive connections
15:53:17.934 [reactor-http-nio-46] DEBUG reactor.netty.http.client.HttpClientOperations - [id: 0xbc334cd2, L:/127.0.0.1:51936 - R:localhost/127.0.0.1:8083] Received response (auto-read:false) : [Content-Type=application/json, Transfer-Encoding=chunked, Date=Wed, 15 Jun 2022 14:53:17 GMT]
15:53:17.934 [reactor-http-nio-46] DEBUG reactor.netty.resources.PooledConnectionProvider - [id: 0xbc334cd2, L:/127.0.0.1:51936 - R:localhost/127.0.0.1:8083] onStateChange(GET{uri=/attractions, connection=PooledConnection{channel=[id: 0xbc334cd2, L:/127.0.0.1:51936 - R:localhost/127.0.0.1:8083]}}, [response_received])
15:53:17.934 [reactor-http-nio-46] DEBUG org.springframework.web.reactive.function.client.ExchangeFunctions - [5ace9c01] Response 200 OK
15:53:17.934 [reactor-http-nio-46] DEBUG reactor.netty.channel.FluxReceive - [id: 0xbc334cd2, L:/127.0.0.1:51936 - R:localhost/127.0.0.1:8083] Subscribing inbound receiver [pending: 0, cancelled:false, inboundDone: false]
15:53:17.935 [reactor-http-nio-47] DEBUG reactor.netty.http.client.HttpClientOperations - [id: 0x0c4c7f0e, L:/127.0.0.1:51853 - R:localhost/127.0.0.1:8083] Received last HTTP packet
15:53:17.935 [reactor-http-nio-47] DEBUG org.springframework.core.codec.StringDecoder - [5ac7d751] Decoded "[{"longitude":-117.922008,"latitude":33.817595,"attractionName":"Disneyland","city":"Anaheim","stat (truncated)...
15:53:17.935 [reactor-http-nio-47] DEBUG reactor.netty.resources.PooledConnectionProvider - [id: 0x0c4c7f0e, L:/127.0.0.1:51853 - R:localhost/127.0.0.1:8083] onStateChange(GET{uri=/attractions, connection=PooledConnection{channel=[id: 0x0c4c7f0e, L:/127.0.0.1:51853 - R:localhost/127.0.0.1:8083]}}, [disconnecting])
15:53:17.935 [reactor-http-nio-47] DEBUG reactor.netty.resources.PooledConnectionProvider - [id: 0x0c4c7f0e, L:/127.0.0.1:51853 - R:localhost/127.0.0.1:8083] Releasing channel
15:53:17.935 [reactor-http-nio-47] DEBUG reactor.netty.resources.PooledConnectionProvider - [id: 0x0c4c7f0e, L:/127.0.0.1:51853 - R:localhost/127.0.0.1:8083] Channel cleaned, now 57 active connections and 244 inactive connections
15:53:17.937 [reactor-http-nio-47] DEBUG reactor.netty.http.client.HttpClientOperations - [id: 0x55d1ef56, L:/127.0.0.1:51877 - R:localhost/127.0.0.1:8083] Received response (auto-read:false) : [Content-Type=application/json, Transfer-Encoding=chunked, Date=Wed, 15 Jun 2022 14:53:17 GMT]
15:53:17.937 [reactor-http-nio-47] DEBUG reactor.netty.resources.PooledConnectionProvider - [id: 0x55d1ef56, L:/127.0.0.1:51877 - R:localhost/127.0.0.1:8083] onStateChange(GET{uri=/attractions, connection=PooledConnection{channel=[id: 0x55d1ef56, L:/127.0.0.1:51877 - R:localhost/127.0.0.1:8083]}}, [response_received])
15:53:17.937 [reactor-http-nio-47] DEBUG org.springframework.web.reactive.function.client.ExchangeFunctions - [54455ebe] Response 200 OK
15:53:17.937 [reactor-http-nio-47] DEBUG reactor.netty.channel.FluxReceive - [id: 0x55d1ef56, L:/127.0.0.1:51877 - R:localhost/127.0.0.1:8083] Subscribing inbound receiver [pending: 0, cancelled:false, inboundDone: false]
15:53:17.938 [reactor-http-nio-47] DEBUG reactor.netty.http.client.HttpClientOperations - [id: 0x55d1ef56, L:/127.0.0.1:51877 - R:localhost/127.0.0.1:8083] Received last HTTP packet
15:53:17.938 [reactor-http-nio-47] DEBUG org.springframework.core.codec.StringDecoder - [54455ebe] Decoded "[{"longitude":-117.922008,"latitude":33.817595,"attractionName":"Disneyland","city":"Anaheim","stat (truncated)...
15:53:17.939 [reactor-http-nio-47] DEBUG reactor.netty.resources.PooledConnectionProvider - [id: 0x55d1ef56, L:/127.0.0.1:51877 - R:localhost/127.0.0.1:8083] onStateChange(GET{uri=/attractions, connection=PooledConnection{channel=[id: 0x55d1ef56, L:/127.0.0.1:51877 - R:localhost/127.0.0.1:8083]}}, [disconnecting])
15:53:17.939 [reactor-http-nio-47] DEBUG reactor.netty.resources.PooledConnectionProvider - [id: 0x55d1ef56, L:/127.0.0.1:51877 - R:localhost/127.0.0.1:8083] Releasing channel
15:53:17.939 [reactor-http-nio-47] DEBUG reactor.netty.resources.PooledConnectionProvider - [id: 0x55d1ef56, L:/127.0.0.1:51877 - R:localhost/127.0.0.1:8083] Channel cleaned, now 56 active connections and 245 inactive connections
15:53:17.957 [reactor-http-nio-41] DEBUG reactor.netty.http.client.HttpClientOperations - [id: 0x6573a2f1, L:/127.0.0.1:51712 - R:localhost/127.0.0.1:8083] Received response (auto-read:false) : [Content-Type=application/json, Transfer-Encoding=chunked, Date=Wed, 15 Jun 2022 14:53:17 GMT]
15:53:17.957 [reactor-http-nio-41] DEBUG reactor.netty.resources.PooledConnectionProvider - [id: 0x6573a2f1, L:/127.0.0.1:51712 - R:localhost/127.0.0.1:8083] onStateChange(GET{uri=/attractions, connection=PooledConnection{channel=[id: 0x6573a2f1, L:/127.0.0.1:51712 - R:localhost/127.0.0.1:8083]}}, [response_received])
15:53:17.957 [reactor-http-nio-46] DEBUG reactor.netty.http.client.HttpClientOperations - [id: 0xbc334cd2, L:/127.0.0.1:51936 - R:localhost/127.0.0.1:8083] Received last HTTP packet
15:53:17.957 [reactor-http-nio-41] DEBUG org.springframework.web.reactive.function.client.ExchangeFunctions - [798cd3c1] Response 200 OK
15:53:17.957 [reactor-http-nio-46] DEBUG org.springframework.core.codec.StringDecoder - [5ace9c01] Decoded "[{"longitude":-117.922008,"latitude":33.817595,"attractionName":"Disneyland","city":"Anaheim","stat (truncated)...
15:53:17.957 [reactor-http-nio-46] DEBUG reactor.netty.resources.PooledConnectionProvider - [id: 0xbc334cd2, L:/127.0.0.1:51936 - R:localhost/127.0.0.1:8083] onStateChange(GET{uri=/attractions, connection=PooledConnection{channel=[id: 0xbc334cd2, L:/127.0.0.1:51936 - R:localhost/127.0.0.1:8083]}}, [disconnecting])
15:53:17.957 [reactor-http-nio-46] DEBUG reactor.netty.resources.PooledConnectionProvider - [id: 0xbc334cd2, L:/127.0.0.1:51936 - R:localhost/127.0.0.1:8083] Releasing channel
15:53:17.957 [reactor-http-nio-46] DEBUG reactor.netty.resources.PooledConnectionProvider - [id: 0xbc334cd2, L:/127.0.0.1:51936 - R:localhost/127.0.0.1:8083] Channel cleaned, now 55 active connections and 246 inactive connections
15:53:17.958 [reactor-http-nio-41] DEBUG reactor.netty.channel.FluxReceive - [id: 0x6573a2f1, L:/127.0.0.1:51712 - R:localhost/127.0.0.1:8083] Subscribing inbound receiver [pending: 0, cancelled:false, inboundDone: false]
15:53:17.958 [reactor-http-nio-41] DEBUG reactor.netty.http.client.HttpClientOperations - [id: 0x6573a2f1, L:/127.0.0.1:51712 - R:localhost/127.0.0.1:8083] Received last HTTP packet
15:53:17.958 [reactor-http-nio-41] DEBUG org.springframework.core.codec.StringDecoder - [798cd3c1] Decoded "[{"longitude":-117.922008,"latitude":33.817595,"attractionName":"Disneyland","city":"Anaheim","stat (truncated)...
15:53:17.958 [reactor-http-nio-41] DEBUG reactor.netty.resources.PooledConnectionProvider - [id: 0x6573a2f1, L:/127.0.0.1:51712 - R:localhost/127.0.0.1:8083] onStateChange(GET{uri=/attractions, connection=PooledConnection{channel=[id: 0x6573a2f1, L:/127.0.0.1:51712 - R:localhost/127.0.0.1:8083]}}, [disconnecting])
15:53:17.958 [reactor-http-nio-41] DEBUG reactor.netty.resources.PooledConnectionProvider - [id: 0x6573a2f1, L:/127.0.0.1:51712 - R:localhost/127.0.0.1:8083] Releasing channel
15:53:17.958 [reactor-http-nio-41] DEBUG reactor.netty.resources.PooledConnectionProvider - [id: 0x6573a2f1, L:/127.0.0.1:51712 - R:localhost/127.0.0.1:8083] Channel cleaned, now 54 active connections and 247 inactive connections
15:53:17.959 [reactor-http-nio-48] DEBUG reactor.netty.http.client.HttpClientOperations - [id: 0x83b452e2, L:/127.0.0.1:51932 - R:localhost/127.0.0.1:8083] Received response (auto-read:false) : [Content-Type=application/json, Transfer-Encoding=chunked, Date=Wed, 15 Jun 2022 14:53:17 GMT]
15:53:17.959 [reactor-http-nio-48] DEBUG reactor.netty.resources.PooledConnectionProvider - [id: 0x83b452e2, L:/127.0.0.1:51932 - R:localhost/127.0.0.1:8083] onStateChange(GET{uri=/attractions, connection=PooledConnection{channel=[id: 0x83b452e2, L:/127.0.0.1:51932 - R:localhost/127.0.0.1:8083]}}, [response_received])
15:53:17.959 [reactor-http-nio-48] DEBUG org.springframework.web.reactive.function.client.ExchangeFunctions - [1c103629] Response 200 OK
15:53:17.959 [reactor-http-nio-47] DEBUG reactor.netty.http.client.HttpClientOperations - [id: 0x16e996b4, L:/127.0.0.1:51859 - R:localhost/127.0.0.1:8083] Received response (auto-read:false) : [Content-Type=application/json, Transfer-Encoding=chunked, Date=Wed, 15 Jun 2022 14:53:17 GMT]
15:53:17.959 [reactor-http-nio-47] DEBUG reactor.netty.resources.PooledConnectionProvider - [id: 0x16e996b4, L:/127.0.0.1:51859 - R:localhost/127.0.0.1:8083] onStateChange(GET{uri=/attractions, connection=PooledConnection{channel=[id: 0x16e996b4, L:/127.0.0.1:51859 - R:localhost/127.0.0.1:8083]}}, [response_received])
15:53:17.959 [reactor-http-nio-47] DEBUG org.springframework.web.reactive.function.client.ExchangeFunctions - [6e1b7a54] Response 200 OK
15:53:17.959 [reactor-http-nio-48] DEBUG reactor.netty.channel.FluxReceive - [id: 0x83b452e2, L:/127.0.0.1:51932 - R:localhost/127.0.0.1:8083] Subscribing inbound receiver [pending: 0, cancelled:false, inboundDone: false]
15:53:17.960 [reactor-http-nio-47] DEBUG reactor.netty.channel.FluxReceive - [id: 0x16e996b4, L:/127.0.0.1:51859 - R:localhost/127.0.0.1:8083] Subscribing inbound receiver [pending: 0, cancelled:false, inboundDone: false]
15:53:17.960 [reactor-http-nio-47] DEBUG reactor.netty.http.client.HttpClientOperations - [id: 0x16e996b4, L:/127.0.0.1:51859 - R:localhost/127.0.0.1:8083] Received last HTTP packet
15:53:17.960 [reactor-http-nio-47] DEBUG org.springframework.core.codec.StringDecoder - [6e1b7a54] Decoded "[{"longitude":-117.922008,"latitude":33.817595,"attractionName":"Disneyland","city":"Anaheim","stat (truncated)...
15:53:17.960 [reactor-http-nio-47] DEBUG reactor.netty.resources.PooledConnectionProvider - [id: 0x16e996b4, L:/127.0.0.1:51859 - R:localhost/127.0.0.1:8083] onStateChange(GET{uri=/attractions, connection=PooledConnection{channel=[id: 0x16e996b4, L:/127.0.0.1:51859 - R:localhost/127.0.0.1:8083]}}, [disconnecting])
15:53:17.960 [reactor-http-nio-47] DEBUG reactor.netty.resources.PooledConnectionProvider - [id: 0x16e996b4, L:/127.0.0.1:51859 - R:localhost/127.0.0.1:8083] Releasing channel
15:53:17.960 [reactor-http-nio-47] DEBUG reactor.netty.resources.PooledConnectionProvider - [id: 0x16e996b4, L:/127.0.0.1:51859 - R:localhost/127.0.0.1:8083] Channel cleaned, now 53 active connections and 248 inactive connections
15:53:17.968 [pool-4-thread-79] DEBUG org.springframework.web.reactive.function.client.ExchangeFunctions - [6fd14700] HTTP GET http://localhost:8084/attractionRewardPoint?attractionId=1fc24632-3ab6-4289-875d-d7f882ba7540&userId=fec60b1b-8e37-47db-8cb1-3b34e333986b
15:53:17.970 [reactor-http-nio-48] DEBUG reactor.netty.resources.PooledConnectionProvider - [id: 0xa6d9aa39, L:/127.0.0.1:51990 - R:localhost/127.0.0.1:8084] Channel acquired, now 68 active connections and 1 inactive connections
15:53:17.970 [reactor-http-nio-48] DEBUG reactor.netty.http.client.HttpClientConnect - [id: 0xa6d9aa39, L:/127.0.0.1:51990 - R:localhost/127.0.0.1:8084] Handler is being applied: {uri=http://localhost:8084/attractionRewardPoint?attractionId=1fc24632-3ab6-4289-875d-d7f882ba7540&userId=fec60b1b-8e37-47db-8cb1-3b34e333986b, method=GET}
15:53:17.971 [reactor-http-nio-48] DEBUG reactor.netty.resources.PooledConnectionProvider - [id: 0xa6d9aa39, L:/127.0.0.1:51990 - R:localhost/127.0.0.1:8084] onStateChange(GET{uri=/attractionRewardPoint?attractionId=1fc24632-3ab6-4289-875d-d7f882ba7540&userId=fec60b1b-8e37-47db-8cb1-3b34e333986b, connection=PooledConnection{channel=[id: 0xa6d9aa39, L:/127.0.0.1:51990 - R:localhost/127.0.0.1:8084]}}, [request_sent])
15:53:17.982 [reactor-http-nio-48] DEBUG reactor.netty.http.client.HttpClientOperations - [id: 0x83b452e2, L:/127.0.0.1:51932 - R:localhost/127.0.0.1:8083] Received last HTTP packet
15:53:17.982 [reactor-http-nio-48] DEBUG org.springframework.core.codec.StringDecoder - [1c103629] Decoded "[{"longitude":-117.922008,"latitude":33.817595,"attractionName":"Disneyland","city":"Anaheim","stat (truncated)...
15:53:17.982 [reactor-http-nio-48] DEBUG reactor.netty.resources.PooledConnectionProvider - [id: 0x83b452e2, L:/127.0.0.1:51932 - R:localhost/127.0.0.1:8083] onStateChange(GET{uri=/attractions, connection=PooledConnection{channel=[id: 0x83b452e2, L:/127.0.0.1:51932 - R:localhost/127.0.0.1:8083]}}, [disconnecting])
15:53:17.982 [reactor-http-nio-48] DEBUG reactor.netty.resources.PooledConnectionProvider - [id: 0x83b452e2, L:/127.0.0.1:51932 - R:localhost/127.0.0.1:8083] Releasing channel
15:53:17.982 [reactor-http-nio-48] DEBUG reactor.netty.resources.PooledConnectionProvider - [id: 0x83b452e2, L:/127.0.0.1:51932 - R:localhost/127.0.0.1:8083] Channel cleaned, now 52 active connections and 249 inactive connections
15:53:17.990 [reactor-http-nio-48] DEBUG reactor.netty.http.client.HttpClientOperations - [id: 0x5b6b68d9, L:/127.0.0.1:51924 - R:localhost/127.0.0.1:8083] Received response (auto-read:false) : [Content-Type=application/json, Transfer-Encoding=chunked, Date=Wed, 15 Jun 2022 14:53:17 GMT]
15:53:17.990 [reactor-http-nio-48] DEBUG reactor.netty.resources.PooledConnectionProvider - [id: 0x5b6b68d9, L:/127.0.0.1:51924 - R:localhost/127.0.0.1:8083] onStateChange(GET{uri=/attractions, connection=PooledConnection{channel=[id: 0x5b6b68d9, L:/127.0.0.1:51924 - R:localhost/127.0.0.1:8083]}}, [response_received])
15:53:17.990 [reactor-http-nio-48] DEBUG org.springframework.web.reactive.function.client.ExchangeFunctions - [65bf560e] Response 200 OK
15:53:17.990 [reactor-http-nio-48] DEBUG reactor.netty.channel.FluxReceive - [id: 0x5b6b68d9, L:/127.0.0.1:51924 - R:localhost/127.0.0.1:8083] Subscribing inbound receiver [pending: 0, cancelled:false, inboundDone: false]
15:53:17.991 [reactor-http-nio-48] DEBUG reactor.netty.http.client.HttpClientOperations - [id: 0x5b6b68d9, L:/127.0.0.1:51924 - R:localhost/127.0.0.1:8083] Received last HTTP packet
15:53:17.991 [reactor-http-nio-48] DEBUG org.springframework.core.codec.StringDecoder - [65bf560e] Decoded "[{"longitude":-117.922008,"latitude":33.817595,"attractionName":"Disneyland","city":"Anaheim","stat (truncated)...
15:53:17.991 [reactor-http-nio-48] DEBUG reactor.netty.resources.PooledConnectionProvider - [id: 0x5b6b68d9, L:/127.0.0.1:51924 - R:localhost/127.0.0.1:8083] onStateChange(GET{uri=/attractions, connection=PooledConnection{channel=[id: 0x5b6b68d9, L:/127.0.0.1:51924 - R:localhost/127.0.0.1:8083]}}, [disconnecting])
15:53:17.991 [reactor-http-nio-48] DEBUG reactor.netty.resources.PooledConnectionProvider - [id: 0x5b6b68d9, L:/127.0.0.1:51924 - R:localhost/127.0.0.1:8083] Releasing channel
15:53:17.991 [reactor-http-nio-48] DEBUG reactor.netty.resources.PooledConnectionProvider - [id: 0x5b6b68d9, L:/127.0.0.1:51924 - R:localhost/127.0.0.1:8083] Channel cleaned, now 51 active connections and 250 inactive connections
15:53:17.995 [pool-4-thread-80] DEBUG org.springframework.web.reactive.function.client.ExchangeFunctions - [173459d2] HTTP GET http://localhost:8084/attractionRewardPoint?attractionId=11007eee-1fda-49d3-a07e-baeaec94a70d&userId=88c2cb3b-3227-44c2-8f6f-29264039dcf5
15:53:17.997 [reactor-http-nio-48] DEBUG reactor.netty.resources.PooledConnectionProvider - [id: 0xf21d57cc, L:/127.0.0.1:51993 - R:localhost/127.0.0.1:8084] Channel acquired, now 69 active connections and 0 inactive connections
15:53:17.997 [reactor-http-nio-48] DEBUG reactor.netty.http.client.HttpClientConnect - [id: 0xf21d57cc, L:/127.0.0.1:51993 - R:localhost/127.0.0.1:8084] Handler is being applied: {uri=http://localhost:8084/attractionRewardPoint?attractionId=11007eee-1fda-49d3-a07e-baeaec94a70d&userId=88c2cb3b-3227-44c2-8f6f-29264039dcf5, method=GET}
15:53:17.998 [reactor-http-nio-48] DEBUG reactor.netty.resources.PooledConnectionProvider - [id: 0xf21d57cc, L:/127.0.0.1:51993 - R:localhost/127.0.0.1:8084] onStateChange(GET{uri=/attractionRewardPoint?attractionId=11007eee-1fda-49d3-a07e-baeaec94a70d&userId=88c2cb3b-3227-44c2-8f6f-29264039dcf5, connection=PooledConnection{channel=[id: 0xf21d57cc, L:/127.0.0.1:51993 - R:localhost/127.0.0.1:8084]}}, [request_sent])
15:53:18.001 [reactor-http-nio-47] DEBUG reactor.netty.http.client.HttpClientOperations - [id: 0x2b8f766c, L:/127.0.0.1:51861 - R:localhost/127.0.0.1:8083] Received response (auto-read:false) : [Content-Type=application/json, Transfer-Encoding=chunked, Date=Wed, 15 Jun 2022 14:53:17 GMT]
15:53:18.001 [reactor-http-nio-47] DEBUG reactor.netty.resources.PooledConnectionProvider - [id: 0x2b8f766c, L:/127.0.0.1:51861 - R:localhost/127.0.0.1:8083] onStateChange(GET{uri=/attractions, connection=PooledConnection{channel=[id: 0x2b8f766c, L:/127.0.0.1:51861 - R:localhost/127.0.0.1:8083]}}, [response_received])
15:53:18.001 [reactor-http-nio-47] DEBUG org.springframework.web.reactive.function.client.ExchangeFunctions - [2cd3f481] Response 200 OK
15:53:18.001 [reactor-http-nio-47] DEBUG reactor.netty.channel.FluxReceive - [id: 0x2b8f766c, L:/127.0.0.1:51861 - R:localhost/127.0.0.1:8083] Subscribing inbound receiver [pending: 0, cancelled:false, inboundDone: false]
15:53:18.002 [reactor-http-nio-47] DEBUG reactor.netty.http.client.HttpClientOperations - [id: 0x2b8f766c, L:/127.0.0.1:51861 - R:localhost/127.0.0.1:8083] Received last HTTP packet
15:53:18.002 [reactor-http-nio-47] DEBUG org.springframework.core.codec.StringDecoder - [2cd3f481] Decoded "[{"longitude":-117.922008,"latitude":33.817595,"attractionName":"Disneyland","city":"Anaheim","stat (truncated)...
15:53:18.002 [reactor-http-nio-47] DEBUG reactor.netty.resources.PooledConnectionProvider - [id: 0x2b8f766c, L:/127.0.0.1:51861 - R:localhost/127.0.0.1:8083] onStateChange(GET{uri=/attractions, connection=PooledConnection{channel=[id: 0x2b8f766c, L:/127.0.0.1:51861 - R:localhost/127.0.0.1:8083]}}, [disconnecting])
15:53:18.002 [reactor-http-nio-47] DEBUG reactor.netty.resources.PooledConnectionProvider - [id: 0x2b8f766c, L:/127.0.0.1:51861 - R:localhost/127.0.0.1:8083] Releasing channel
15:53:18.002 [reactor-http-nio-47] DEBUG reactor.netty.resources.PooledConnectionProvider - [id: 0x2b8f766c, L:/127.0.0.1:51861 - R:localhost/127.0.0.1:8083] Channel cleaned, now 50 active connections and 251 inactive connections
15:53:18.003 [reactor-http-nio-48] DEBUG reactor.netty.http.client.HttpClientOperations - [id: 0x7de42074, L:/127.0.0.1:51875 - R:localhost/127.0.0.1:8083] Received response (auto-read:false) : [Content-Type=application/json, Transfer-Encoding=chunked, Date=Wed, 15 Jun 2022 14:53:17 GMT]
15:53:18.003 [reactor-http-nio-48] DEBUG reactor.netty.resources.PooledConnectionProvider - [id: 0x7de42074, L:/127.0.0.1:51875 - R:localhost/127.0.0.1:8083] onStateChange(GET{uri=/attractions, connection=PooledConnection{channel=[id: 0x7de42074, L:/127.0.0.1:51875 - R:localhost/127.0.0.1:8083]}}, [response_received])
15:53:18.003 [reactor-http-nio-48] DEBUG org.springframework.web.reactive.function.client.ExchangeFunctions - [46e7c557] Response 200 OK
15:53:18.003 [reactor-http-nio-48] DEBUG reactor.netty.channel.FluxReceive - [id: 0x7de42074, L:/127.0.0.1:51875 - R:localhost/127.0.0.1:8083] Subscribing inbound receiver [pending: 0, cancelled:false, inboundDone: false]
15:53:18.003 [reactor-http-nio-48] DEBUG reactor.netty.http.client.HttpClientOperations - [id: 0x7de42074, L:/127.0.0.1:51875 - R:localhost/127.0.0.1:8083] Received last HTTP packet
15:53:18.004 [reactor-http-nio-48] DEBUG org.springframework.core.codec.StringDecoder - [46e7c557] Decoded "[{"longitude":-117.922008,"latitude":33.817595,"attractionName":"Disneyland","city":"Anaheim","stat (truncated)...
15:53:18.004 [reactor-http-nio-48] DEBUG reactor.netty.resources.PooledConnectionProvider - [id: 0x7de42074, L:/127.0.0.1:51875 - R:localhost/127.0.0.1:8083] onStateChange(GET{uri=/attractions, connection=PooledConnection{channel=[id: 0x7de42074, L:/127.0.0.1:51875 - R:localhost/127.0.0.1:8083]}}, [disconnecting])
15:53:18.004 [reactor-http-nio-48] DEBUG reactor.netty.resources.PooledConnectionProvider - [id: 0x7de42074, L:/127.0.0.1:51875 - R:localhost/127.0.0.1:8083] Releasing channel
15:53:18.004 [reactor-http-nio-48] DEBUG reactor.netty.resources.PooledConnectionProvider - [id: 0x7de42074, L:/127.0.0.1:51875 - R:localhost/127.0.0.1:8083] Channel cleaned, now 49 active connections and 252 inactive connections
15:53:18.010 [reactor-http-nio-48] DEBUG reactor.netty.http.client.HttpClientOperations - [id: 0x342e84c9, L:/127.0.0.1:51892 - R:localhost/127.0.0.1:8083] Received response (auto-read:false) : [Content-Type=application/json, Transfer-Encoding=chunked, Date=Wed, 15 Jun 2022 14:53:17 GMT]
15:53:18.010 [reactor-http-nio-48] DEBUG reactor.netty.resources.PooledConnectionProvider - [id: 0x342e84c9, L:/127.0.0.1:51892 - R:localhost/127.0.0.1:8083] onStateChange(GET{uri=/attractions, connection=PooledConnection{channel=[id: 0x342e84c9, L:/127.0.0.1:51892 - R:localhost/127.0.0.1:8083]}}, [response_received])
15:53:18.010 [reactor-http-nio-48] DEBUG org.springframework.web.reactive.function.client.ExchangeFunctions - [7b328d3a] Response 200 OK
15:53:18.010 [reactor-http-nio-47] DEBUG reactor.netty.http.client.HttpClientOperations - [id: 0x120dec4e, L:/127.0.0.1:51686 - R:localhost/127.0.0.1:8083] Received response (auto-read:false) : [Content-Type=application/json, Transfer-Encoding=chunked, Date=Wed, 15 Jun 2022 14:53:17 GMT]
15:53:18.010 [reactor-http-nio-48] DEBUG reactor.netty.channel.FluxReceive - [id: 0x342e84c9, L:/127.0.0.1:51892 - R:localhost/127.0.0.1:8083] Subscribing inbound receiver [pending: 0, cancelled:false, inboundDone: false]
15:53:18.010 [reactor-http-nio-47] DEBUG reactor.netty.resources.PooledConnectionProvider - [id: 0x120dec4e, L:/127.0.0.1:51686 - R:localhost/127.0.0.1:8083] onStateChange(GET{uri=/attractions, connection=PooledConnection{channel=[id: 0x120dec4e, L:/127.0.0.1:51686 - R:localhost/127.0.0.1:8083]}}, [response_received])
15:53:18.010 [reactor-http-nio-47] DEBUG org.springframework.web.reactive.function.client.ExchangeFunctions - [46a9d60b] Response 200 OK
15:53:18.010 [reactor-http-nio-48] DEBUG reactor.netty.http.client.HttpClientOperations - [id: 0x342e84c9, L:/127.0.0.1:51892 - R:localhost/127.0.0.1:8083] Received last HTTP packet
15:53:18.010 [reactor-http-nio-47] DEBUG reactor.netty.channel.FluxReceive - [id: 0x120dec4e, L:/127.0.0.1:51686 - R:localhost/127.0.0.1:8083] Subscribing inbound receiver [pending: 0, cancelled:false, inboundDone: false]
15:53:18.010 [reactor-http-nio-47] DEBUG reactor.netty.http.client.HttpClientOperations - [id: 0x120dec4e, L:/127.0.0.1:51686 - R:localhost/127.0.0.1:8083] Received last HTTP packet
15:53:18.010 [reactor-http-nio-48] DEBUG org.springframework.core.codec.StringDecoder - [7b328d3a] Decoded "[{"longitude":-117.922008,"latitude":33.817595,"attractionName":"Disneyland","city":"Anaheim","stat (truncated)...
15:53:18.010 [reactor-http-nio-48] DEBUG reactor.netty.resources.PooledConnectionProvider - [id: 0x342e84c9, L:/127.0.0.1:51892 - R:localhost/127.0.0.1:8083] onStateChange(GET{uri=/attractions, connection=PooledConnection{channel=[id: 0x342e84c9, L:/127.0.0.1:51892 - R:localhost/127.0.0.1:8083]}}, [disconnecting])
15:53:18.010 [reactor-http-nio-47] DEBUG org.springframework.core.codec.StringDecoder - [46a9d60b] Decoded "[{"longitude":-117.922008,"latitude":33.817595,"attractionName":"Disneyland","city":"Anaheim","stat (truncated)...
15:53:18.010 [reactor-http-nio-48] DEBUG reactor.netty.resources.PooledConnectionProvider - [id: 0x342e84c9, L:/127.0.0.1:51892 - R:localhost/127.0.0.1:8083] Releasing channel
15:53:18.010 [reactor-http-nio-47] DEBUG reactor.netty.resources.PooledConnectionProvider - [id: 0x120dec4e, L:/127.0.0.1:51686 - R:localhost/127.0.0.1:8083] onStateChange(GET{uri=/attractions, connection=PooledConnection{channel=[id: 0x120dec4e, L:/127.0.0.1:51686 - R:localhost/127.0.0.1:8083]}}, [disconnecting])
15:53:18.010 [reactor-http-nio-47] DEBUG reactor.netty.resources.PooledConnectionProvider - [id: 0x120dec4e, L:/127.0.0.1:51686 - R:localhost/127.0.0.1:8083] Releasing channel
15:53:18.010 [reactor-http-nio-48] DEBUG reactor.netty.resources.PooledConnectionProvider - [id: 0x342e84c9, L:/127.0.0.1:51892 - R:localhost/127.0.0.1:8083] Channel cleaned, now 48 active connections and 253 inactive connections
15:53:18.011 [reactor-http-nio-47] DEBUG reactor.netty.resources.PooledConnectionProvider - [id: 0x120dec4e, L:/127.0.0.1:51686 - R:localhost/127.0.0.1:8083] Channel cleaned, now 47 active connections and 254 inactive connections
15:53:18.011 [reactor-http-nio-48] DEBUG reactor.netty.http.client.HttpClientOperations - [id: 0xb634a1b4, L:/127.0.0.1:51999 - R:localhost/127.0.0.1:8084] Received response (auto-read:false) : [Content-Type=application/json, Transfer-Encoding=chunked, Date=Wed, 15 Jun 2022 14:53:17 GMT]
15:53:18.011 [reactor-http-nio-48] DEBUG reactor.netty.resources.PooledConnectionProvider - [id: 0xb634a1b4, L:/127.0.0.1:51999 - R:localhost/127.0.0.1:8084] onStateChange(GET{uri=/attractionRewardPoint?attractionId=030c452b-b071-4501-a658-d1157a55d671&userId=927a86ea-0541-4a6a-b8d8-8332b27a8157, connection=PooledConnection{channel=[id: 0xb634a1b4, L:/127.0.0.1:51999 - R:localhost/127.0.0.1:8084]}}, [response_received])
15:53:18.011 [reactor-http-nio-48] DEBUG org.springframework.web.reactive.function.client.ExchangeFunctions - [2dc706b7] Response 200 OK
15:53:18.011 [reactor-http-nio-48] DEBUG reactor.netty.channel.FluxReceive - [id: 0xb634a1b4, L:/127.0.0.1:51999 - R:localhost/127.0.0.1:8084] Subscribing inbound receiver [pending: 0, cancelled:false, inboundDone: false]
15:53:18.011 [reactor-http-nio-48] DEBUG reactor.netty.http.client.HttpClientOperations - [id: 0xb634a1b4, L:/127.0.0.1:51999 - R:localhost/127.0.0.1:8084] Received last HTTP packet
15:53:18.011 [reactor-http-nio-48] DEBUG org.springframework.core.codec.StringDecoder - [2dc706b7] Decoded "664"
15:53:18.011 [reactor-http-nio-48] DEBUG reactor.netty.resources.PooledConnectionProvider - [id: 0xb634a1b4, L:/127.0.0.1:51999 - R:localhost/127.0.0.1:8084] onStateChange(GET{uri=/attractionRewardPoint?attractionId=030c452b-b071-4501-a658-d1157a55d671&userId=927a86ea-0541-4a6a-b8d8-8332b27a8157, connection=PooledConnection{channel=[id: 0xb634a1b4, L:/127.0.0.1:51999 - R:localhost/127.0.0.1:8084]}}, [disconnecting])
15:53:18.011 [reactor-http-nio-48] DEBUG reactor.netty.resources.PooledConnectionProvider - [id: 0xb634a1b4, L:/127.0.0.1:51999 - R:localhost/127.0.0.1:8084] Releasing channel
15:53:18.011 [reactor-http-nio-48] DEBUG reactor.netty.resources.PooledConnectionProvider - [id: 0xb634a1b4, L:/127.0.0.1:51999 - R:localhost/127.0.0.1:8084] Channel cleaned, now 68 active connections and 1 inactive connections
15:53:18.013 [reactor-http-nio-48] DEBUG reactor.netty.http.client.HttpClientOperations - [id: 0x19564f56, L:/127.0.0.1:51880 - R:localhost/127.0.0.1:8083] Received response (auto-read:false) : [Content-Type=application/json, Transfer-Encoding=chunked, Date=Wed, 15 Jun 2022 14:53:17 GMT]
15:53:18.013 [reactor-http-nio-48] DEBUG reactor.netty.resources.PooledConnectionProvider - [id: 0x19564f56, L:/127.0.0.1:51880 - R:localhost/127.0.0.1:8083] onStateChange(GET{uri=/attractions, connection=PooledConnection{channel=[id: 0x19564f56, L:/127.0.0.1:51880 - R:localhost/127.0.0.1:8083]}}, [response_received])
15:53:18.013 [reactor-http-nio-48] DEBUG org.springframework.web.reactive.function.client.ExchangeFunctions - [cc47214] Response 200 OK
15:53:18.014 [reactor-http-nio-48] DEBUG reactor.netty.channel.FluxReceive - [id: 0x19564f56, L:/127.0.0.1:51880 - R:localhost/127.0.0.1:8083] Subscribing inbound receiver [pending: 0, cancelled:false, inboundDone: false]
15:53:18.014 [reactor-http-nio-48] DEBUG reactor.netty.http.client.HttpClientOperations - [id: 0x19564f56, L:/127.0.0.1:51880 - R:localhost/127.0.0.1:8083] Received last HTTP packet
15:53:18.014 [reactor-http-nio-48] DEBUG org.springframework.core.codec.StringDecoder - [cc47214] Decoded "[{"longitude":-117.922008,"latitude":33.817595,"attractionName":"Disneyland","city":"Anaheim","stat (truncated)...
15:53:18.014 [reactor-http-nio-48] DEBUG reactor.netty.resources.PooledConnectionProvider - [id: 0x19564f56, L:/127.0.0.1:51880 - R:localhost/127.0.0.1:8083] onStateChange(GET{uri=/attractions, connection=PooledConnection{channel=[id: 0x19564f56, L:/127.0.0.1:51880 - R:localhost/127.0.0.1:8083]}}, [disconnecting])
15:53:18.014 [reactor-http-nio-48] DEBUG reactor.netty.resources.PooledConnectionProvider - [id: 0x19564f56, L:/127.0.0.1:51880 - R:localhost/127.0.0.1:8083] Releasing channel
15:53:18.014 [reactor-http-nio-48] DEBUG reactor.netty.resources.PooledConnectionProvider - [id: 0x19564f56, L:/127.0.0.1:51880 - R:localhost/127.0.0.1:8083] Channel cleaned, now 46 active connections and 255 inactive connections
15:53:18.015 [reactor-http-nio-41] DEBUG reactor.netty.http.client.HttpClientOperations - [id: 0xb1945a60, L:/127.0.0.1:51727 - R:localhost/127.0.0.1:8083] Received response (auto-read:false) : [Content-Type=application/json, Transfer-Encoding=chunked, Date=Wed, 15 Jun 2022 14:53:17 GMT]
15:53:18.015 [reactor-http-nio-41] DEBUG reactor.netty.resources.PooledConnectionProvider - [id: 0xb1945a60, L:/127.0.0.1:51727 - R:localhost/127.0.0.1:8083] onStateChange(GET{uri=/attractions, connection=PooledConnection{channel=[id: 0xb1945a60, L:/127.0.0.1:51727 - R:localhost/127.0.0.1:8083]}}, [response_received])
15:53:18.015 [reactor-http-nio-48] DEBUG reactor.netty.http.client.HttpClientOperations - [id: 0xeab7fac6, L:/127.0.0.1:51926 - R:localhost/127.0.0.1:8083] Received response (auto-read:false) : [Content-Type=application/json, Transfer-Encoding=chunked, Date=Wed, 15 Jun 2022 14:53:17 GMT]
15:53:18.015 [reactor-http-nio-41] DEBUG org.springframework.web.reactive.function.client.ExchangeFunctions - [176c0273] Response 200 OK
15:53:18.015 [reactor-http-nio-48] DEBUG reactor.netty.resources.PooledConnectionProvider - [id: 0xeab7fac6, L:/127.0.0.1:51926 - R:localhost/127.0.0.1:8083] onStateChange(GET{uri=/attractions, connection=PooledConnection{channel=[id: 0xeab7fac6, L:/127.0.0.1:51926 - R:localhost/127.0.0.1:8083]}}, [response_received])
15:53:18.016 [reactor-http-nio-48] DEBUG org.springframework.web.reactive.function.client.ExchangeFunctions - [48640a04] Response 200 OK
15:53:18.016 [reactor-http-nio-41] DEBUG reactor.netty.channel.FluxReceive - [id: 0xb1945a60, L:/127.0.0.1:51727 - R:localhost/127.0.0.1:8083] Subscribing inbound receiver [pending: 0, cancelled:false, inboundDone: false]
15:53:18.016 [reactor-http-nio-48] DEBUG reactor.netty.channel.FluxReceive - [id: 0xeab7fac6, L:/127.0.0.1:51926 - R:localhost/127.0.0.1:8083] Subscribing inbound receiver [pending: 0, cancelled:false, inboundDone: false]
15:53:18.016 [reactor-http-nio-41] DEBUG reactor.netty.http.client.HttpClientOperations - [id: 0xb1945a60, L:/127.0.0.1:51727 - R:localhost/127.0.0.1:8083] Received last HTTP packet
15:53:18.016 [reactor-http-nio-48] DEBUG reactor.netty.http.client.HttpClientOperations - [id: 0xeab7fac6, L:/127.0.0.1:51926 - R:localhost/127.0.0.1:8083] Received last HTTP packet
15:53:18.016 [reactor-http-nio-41] DEBUG org.springframework.core.codec.StringDecoder - [176c0273] Decoded "[{"longitude":-117.922008,"latitude":33.817595,"attractionName":"Disneyland","city":"Anaheim","stat (truncated)...
15:53:18.016 [reactor-http-nio-41] DEBUG reactor.netty.resources.PooledConnectionProvider - [id: 0xb1945a60, L:/127.0.0.1:51727 - R:localhost/127.0.0.1:8083] onStateChange(GET{uri=/attractions, connection=PooledConnection{channel=[id: 0xb1945a60, L:/127.0.0.1:51727 - R:localhost/127.0.0.1:8083]}}, [disconnecting])
15:53:18.016 [reactor-http-nio-41] DEBUG reactor.netty.resources.PooledConnectionProvider - [id: 0xb1945a60, L:/127.0.0.1:51727 - R:localhost/127.0.0.1:8083] Releasing channel
15:53:18.016 [reactor-http-nio-48] DEBUG org.springframework.core.codec.StringDecoder - [48640a04] Decoded "[{"longitude":-117.922008,"latitude":33.817595,"attractionName":"Disneyland","city":"Anaheim","stat (truncated)...
15:53:18.016 [reactor-http-nio-48] DEBUG reactor.netty.resources.PooledConnectionProvider - [id: 0xeab7fac6, L:/127.0.0.1:51926 - R:localhost/127.0.0.1:8083] onStateChange(GET{uri=/attractions, connection=PooledConnection{channel=[id: 0xeab7fac6, L:/127.0.0.1:51926 - R:localhost/127.0.0.1:8083]}}, [disconnecting])
15:53:18.016 [reactor-http-nio-48] DEBUG reactor.netty.resources.PooledConnectionProvider - [id: 0xeab7fac6, L:/127.0.0.1:51926 - R:localhost/127.0.0.1:8083] Releasing channel
15:53:18.016 [reactor-http-nio-41] DEBUG reactor.netty.resources.PooledConnectionProvider - [id: 0xb1945a60, L:/127.0.0.1:51727 - R:localhost/127.0.0.1:8083] Channel cleaned, now 45 active connections and 256 inactive connections
15:53:18.016 [reactor-http-nio-48] DEBUG reactor.netty.resources.PooledConnectionProvider - [id: 0xeab7fac6, L:/127.0.0.1:51926 - R:localhost/127.0.0.1:8083] Channel cleaned, now 44 active connections and 257 inactive connections
15:53:18.019 [reactor-http-nio-47] DEBUG reactor.netty.http.client.HttpClientOperations - [id: 0xa74b43bb, L:/127.0.0.1:51860 - R:localhost/127.0.0.1:8083] Received response (auto-read:false) : [Content-Type=application/json, Transfer-Encoding=chunked, Date=Wed, 15 Jun 2022 14:53:17 GMT]
15:53:18.019 [reactor-http-nio-47] DEBUG reactor.netty.resources.PooledConnectionProvider - [id: 0xa74b43bb, L:/127.0.0.1:51860 - R:localhost/127.0.0.1:8083] onStateChange(GET{uri=/attractions, connection=PooledConnection{channel=[id: 0xa74b43bb, L:/127.0.0.1:51860 - R:localhost/127.0.0.1:8083]}}, [response_received])
15:53:18.019 [reactor-http-nio-47] DEBUG org.springframework.web.reactive.function.client.ExchangeFunctions - [29dd3b94] Response 200 OK
15:53:18.019 [reactor-http-nio-47] DEBUG reactor.netty.channel.FluxReceive - [id: 0xa74b43bb, L:/127.0.0.1:51860 - R:localhost/127.0.0.1:8083] Subscribing inbound receiver [pending: 0, cancelled:false, inboundDone: false]
15:53:18.019 [reactor-http-nio-47] DEBUG reactor.netty.http.client.HttpClientOperations - [id: 0xa74b43bb, L:/127.0.0.1:51860 - R:localhost/127.0.0.1:8083] Received last HTTP packet
15:53:18.019 [reactor-http-nio-47] DEBUG org.springframework.core.codec.StringDecoder - [29dd3b94] Decoded "[{"longitude":-117.922008,"latitude":33.817595,"attractionName":"Disneyland","city":"Anaheim","stat (truncated)...
15:53:18.019 [reactor-http-nio-47] DEBUG reactor.netty.resources.PooledConnectionProvider - [id: 0xa74b43bb, L:/127.0.0.1:51860 - R:localhost/127.0.0.1:8083] onStateChange(GET{uri=/attractions, connection=PooledConnection{channel=[id: 0xa74b43bb, L:/127.0.0.1:51860 - R:localhost/127.0.0.1:8083]}}, [disconnecting])
15:53:18.020 [reactor-http-nio-47] DEBUG reactor.netty.resources.PooledConnectionProvider - [id: 0xa74b43bb, L:/127.0.0.1:51860 - R:localhost/127.0.0.1:8083] Releasing channel
15:53:18.020 [reactor-http-nio-47] DEBUG reactor.netty.resources.PooledConnectionProvider - [id: 0xa74b43bb, L:/127.0.0.1:51860 - R:localhost/127.0.0.1:8083] Channel cleaned, now 43 active connections and 258 inactive connections
15:53:18.028 [reactor-http-nio-47] DEBUG reactor.netty.http.client.HttpClientOperations - [id: 0x70f8c72b, L:/127.0.0.1:51852 - R:localhost/127.0.0.1:8083] Received response (auto-read:false) : [Content-Type=application/json, Transfer-Encoding=chunked, Date=Wed, 15 Jun 2022 14:53:17 GMT]
15:53:18.028 [reactor-http-nio-47] DEBUG reactor.netty.resources.PooledConnectionProvider - [id: 0x70f8c72b, L:/127.0.0.1:51852 - R:localhost/127.0.0.1:8083] onStateChange(GET{uri=/attractions, connection=PooledConnection{channel=[id: 0x70f8c72b, L:/127.0.0.1:51852 - R:localhost/127.0.0.1:8083]}}, [response_received])
15:53:18.028 [reactor-http-nio-47] DEBUG org.springframework.web.reactive.function.client.ExchangeFunctions - [182f78f5] Response 200 OK
15:53:18.028 [reactor-http-nio-46] DEBUG reactor.netty.http.client.HttpClientOperations - [id: 0x0ca67bea, L:/127.0.0.1:51939 - R:localhost/127.0.0.1:8083] Received response (auto-read:false) : [Content-Type=application/json, Transfer-Encoding=chunked, Date=Wed, 15 Jun 2022 14:53:17 GMT]
15:53:18.028 [reactor-http-nio-46] DEBUG reactor.netty.resources.PooledConnectionProvider - [id: 0x0ca67bea, L:/127.0.0.1:51939 - R:localhost/127.0.0.1:8083] onStateChange(GET{uri=/attractions, connection=PooledConnection{channel=[id: 0x0ca67bea, L:/127.0.0.1:51939 - R:localhost/127.0.0.1:8083]}}, [response_received])
15:53:18.028 [reactor-http-nio-46] DEBUG org.springframework.web.reactive.function.client.ExchangeFunctions - [13b3761d] Response 200 OK
15:53:18.028 [reactor-http-nio-46] DEBUG reactor.netty.channel.FluxReceive - [id: 0x0ca67bea, L:/127.0.0.1:51939 - R:localhost/127.0.0.1:8083] Subscribing inbound receiver [pending: 0, cancelled:false, inboundDone: false]
15:53:18.028 [reactor-http-nio-47] DEBUG reactor.netty.channel.FluxReceive - [id: 0x70f8c72b, L:/127.0.0.1:51852 - R:localhost/127.0.0.1:8083] Subscribing inbound receiver [pending: 0, cancelled:false, inboundDone: false]
15:53:18.028 [reactor-http-nio-46] DEBUG reactor.netty.http.client.HttpClientOperations - [id: 0x0ca67bea, L:/127.0.0.1:51939 - R:localhost/127.0.0.1:8083] Received last HTTP packet
15:53:18.029 [reactor-http-nio-46] DEBUG org.springframework.core.codec.StringDecoder - [13b3761d] Decoded "[{"longitude":-117.922008,"latitude":33.817595,"attractionName":"Disneyland","city":"Anaheim","stat (truncated)...
15:53:18.029 [reactor-http-nio-46] DEBUG reactor.netty.resources.PooledConnectionProvider - [id: 0x0ca67bea, L:/127.0.0.1:51939 - R:localhost/127.0.0.1:8083] onStateChange(GET{uri=/attractions, connection=PooledConnection{channel=[id: 0x0ca67bea, L:/127.0.0.1:51939 - R:localhost/127.0.0.1:8083]}}, [disconnecting])
15:53:18.029 [reactor-http-nio-46] DEBUG reactor.netty.resources.PooledConnectionProvider - [id: 0x0ca67bea, L:/127.0.0.1:51939 - R:localhost/127.0.0.1:8083] Releasing channel
15:53:18.029 [reactor-http-nio-46] DEBUG reactor.netty.resources.PooledConnectionProvider - [id: 0x0ca67bea, L:/127.0.0.1:51939 - R:localhost/127.0.0.1:8083] Channel cleaned, now 42 active connections and 259 inactive connections
15:53:18.028 [pool-4-thread-81] DEBUG org.springframework.web.reactive.function.client.ExchangeFunctions - [6bd27508] HTTP GET http://localhost:8084/attractionRewardPoint?attractionId=d23b08f9-9f61-4a8d-942b-1a7768340142&userId=a975f90b-de9b-474f-b837-80fbda4e7d46
15:53:18.030 [reactor-http-nio-46] DEBUG reactor.netty.http.client.HttpClientOperations - [id: 0xf9600d2e, L:/127.0.0.1:52008 - R:localhost/127.0.0.1:8084] Received response (auto-read:false) : [Content-Type=application/json, Transfer-Encoding=chunked, Date=Wed, 15 Jun 2022 14:53:17 GMT]
15:53:18.030 [reactor-http-nio-46] DEBUG reactor.netty.resources.PooledConnectionProvider - [id: 0xf9600d2e, L:/127.0.0.1:52008 - R:localhost/127.0.0.1:8084] onStateChange(GET{uri=/attractionRewardPoint?attractionId=d3ec92ea-04e5-44e4-bb4c-724ce699af20&userId=58bf569f-e092-4ca5-97ea-98ce1becdae1, connection=PooledConnection{channel=[id: 0xf9600d2e, L:/127.0.0.1:52008 - R:localhost/127.0.0.1:8084]}}, [response_received])
15:53:18.030 [reactor-http-nio-46] DEBUG org.springframework.web.reactive.function.client.ExchangeFunctions - [325920cd] Response 200 OK
15:53:18.030 [reactor-http-nio-48] DEBUG reactor.netty.http.client.HttpClientOperations - [id: 0xf2727193, L:/127.0.0.1:51969 - R:localhost/127.0.0.1:8083] Received response (auto-read:false) : [Content-Type=application/json, Transfer-Encoding=chunked, Date=Wed, 15 Jun 2022 14:53:17 GMT]
15:53:18.030 [reactor-http-nio-48] DEBUG reactor.netty.resources.PooledConnectionProvider - [id: 0xf2727193, L:/127.0.0.1:51969 - R:localhost/127.0.0.1:8083] onStateChange(GET{uri=/attractions, connection=PooledConnection{channel=[id: 0xf2727193, L:/127.0.0.1:51969 - R:localhost/127.0.0.1:8083]}}, [response_received])
15:53:18.030 [reactor-http-nio-48] DEBUG org.springframework.web.reactive.function.client.ExchangeFunctions - [4b99a819] Response 200 OK
15:53:18.030 [reactor-http-nio-46] DEBUG reactor.netty.channel.FluxReceive - [id: 0xf9600d2e, L:/127.0.0.1:52008 - R:localhost/127.0.0.1:8084] Subscribing inbound receiver [pending: 0, cancelled:false, inboundDone: false]
15:53:18.030 [reactor-http-nio-46] DEBUG reactor.netty.http.client.HttpClientOperations - [id: 0xf9600d2e, L:/127.0.0.1:52008 - R:localhost/127.0.0.1:8084] Received last HTTP packet
15:53:18.031 [reactor-http-nio-48] DEBUG reactor.netty.channel.FluxReceive - [id: 0xf2727193, L:/127.0.0.1:51969 - R:localhost/127.0.0.1:8083] Subscribing inbound receiver [pending: 0, cancelled:false, inboundDone: false]
15:53:18.031 [reactor-http-nio-46] DEBUG org.springframework.core.codec.StringDecoder - [325920cd] Decoded "642"
15:53:18.031 [reactor-http-nio-46] DEBUG reactor.netty.resources.PooledConnectionProvider - [id: 0xf9600d2e, L:/127.0.0.1:52008 - R:localhost/127.0.0.1:8084] onStateChange(GET{uri=/attractionRewardPoint?attractionId=d3ec92ea-04e5-44e4-bb4c-724ce699af20&userId=58bf569f-e092-4ca5-97ea-98ce1becdae1, connection=PooledConnection{channel=[id: 0xf9600d2e, L:/127.0.0.1:52008 - R:localhost/127.0.0.1:8084]}}, [disconnecting])
15:53:18.031 [reactor-http-nio-46] DEBUG reactor.netty.resources.PooledConnectionProvider - [id: 0xf9600d2e, L:/127.0.0.1:52008 - R:localhost/127.0.0.1:8084] Releasing channel
15:53:18.031 [reactor-http-nio-46] DEBUG reactor.netty.resources.PooledConnectionProvider - [id: 0xf9600d2e, L:/127.0.0.1:52008 - R:localhost/127.0.0.1:8084] Channel cleaned, now 67 active connections and 2 inactive connections
15:53:18.032 [reactor-http-nio-41] DEBUG reactor.netty.http.client.HttpClientOperations - [id: 0x261624e9, L:/127.0.0.1:51718 - R:localhost/127.0.0.1:8083] Received response (auto-read:false) : [Content-Type=application/json, Transfer-Encoding=chunked, Date=Wed, 15 Jun 2022 14:53:17 GMT]
15:53:18.032 [reactor-http-nio-41] DEBUG reactor.netty.resources.PooledConnectionProvider - [id: 0x261624e9, L:/127.0.0.1:51718 - R:localhost/127.0.0.1:8083] onStateChange(GET{uri=/attractions, connection=PooledConnection{channel=[id: 0x261624e9, L:/127.0.0.1:51718 - R:localhost/127.0.0.1:8083]}}, [response_received])
15:53:18.032 [reactor-http-nio-48] DEBUG reactor.netty.http.client.HttpClientOperations - [id: 0xf2727193, L:/127.0.0.1:51969 - R:localhost/127.0.0.1:8083] Received last HTTP packet
15:53:18.032 [reactor-http-nio-41] DEBUG org.springframework.web.reactive.function.client.ExchangeFunctions - [41bf4837] Response 200 OK
15:53:18.032 [reactor-http-nio-48] DEBUG org.springframework.core.codec.StringDecoder - [4b99a819] Decoded "[{"longitude":-117.922008,"latitude":33.817595,"attractionName":"Disneyland","city":"Anaheim","stat (truncated)...
15:53:18.032 [reactor-http-nio-48] DEBUG reactor.netty.resources.PooledConnectionProvider - [id: 0xf2727193, L:/127.0.0.1:51969 - R:localhost/127.0.0.1:8083] onStateChange(GET{uri=/attractions, connection=PooledConnection{channel=[id: 0xf2727193, L:/127.0.0.1:51969 - R:localhost/127.0.0.1:8083]}}, [disconnecting])
15:53:18.032 [reactor-http-nio-48] DEBUG reactor.netty.resources.PooledConnectionProvider - [id: 0xf2727193, L:/127.0.0.1:51969 - R:localhost/127.0.0.1:8083] Releasing channel
15:53:18.032 [reactor-http-nio-41] DEBUG reactor.netty.channel.FluxReceive - [id: 0x261624e9, L:/127.0.0.1:51718 - R:localhost/127.0.0.1:8083] Subscribing inbound receiver [pending: 0, cancelled:false, inboundDone: false]
15:53:18.032 [reactor-http-nio-48] DEBUG reactor.netty.resources.PooledConnectionProvider - [id: 0xf2727193, L:/127.0.0.1:51969 - R:localhost/127.0.0.1:8083] Channel cleaned, now 41 active connections and 260 inactive connections
15:53:18.034 [reactor-http-nio-41] DEBUG reactor.netty.http.client.HttpClientOperations - [id: 0x261624e9, L:/127.0.0.1:51718 - R:localhost/127.0.0.1:8083] Received last HTTP packet
15:53:18.034 [reactor-http-nio-41] DEBUG org.springframework.core.codec.StringDecoder - [41bf4837] Decoded "[{"longitude":-117.922008,"latitude":33.817595,"attractionName":"Disneyland","city":"Anaheim","stat (truncated)...
15:53:18.034 [reactor-http-nio-41] DEBUG reactor.netty.resources.PooledConnectionProvider - [id: 0x261624e9, L:/127.0.0.1:51718 - R:localhost/127.0.0.1:8083] onStateChange(GET{uri=/attractions, connection=PooledConnection{channel=[id: 0x261624e9, L:/127.0.0.1:51718 - R:localhost/127.0.0.1:8083]}}, [disconnecting])
15:53:18.034 [reactor-http-nio-41] DEBUG reactor.netty.resources.PooledConnectionProvider - [id: 0x261624e9, L:/127.0.0.1:51718 - R:localhost/127.0.0.1:8083] Releasing channel
15:53:18.034 [reactor-http-nio-41] DEBUG reactor.netty.resources.PooledConnectionProvider - [id: 0x261624e9, L:/127.0.0.1:51718 - R:localhost/127.0.0.1:8083] Channel cleaned, now 40 active connections and 261 inactive connections
15:53:18.034 [reactor-http-nio-41] DEBUG reactor.netty.http.client.HttpClientOperations - [id: 0x47a2f5da, L:/127.0.0.1:51723 - R:localhost/127.0.0.1:8083] Received response (auto-read:false) : [Content-Type=application/json, Transfer-Encoding=chunked, Date=Wed, 15 Jun 2022 14:53:17 GMT]
15:53:18.034 [reactor-http-nio-41] DEBUG reactor.netty.resources.PooledConnectionProvider - [id: 0x47a2f5da, L:/127.0.0.1:51723 - R:localhost/127.0.0.1:8083] onStateChange(GET{uri=/attractions, connection=PooledConnection{channel=[id: 0x47a2f5da, L:/127.0.0.1:51723 - R:localhost/127.0.0.1:8083]}}, [response_received])
15:53:18.034 [reactor-http-nio-41] DEBUG org.springframework.web.reactive.function.client.ExchangeFunctions - [38bfc808] Response 200 OK
15:53:18.035 [reactor-http-nio-48] DEBUG reactor.netty.resources.PooledConnectionProvider - [id: 0xb634a1b4, L:/127.0.0.1:51999 - R:localhost/127.0.0.1:8084] Channel acquired, now 68 active connections and 1 inactive connections
15:53:18.035 [reactor-http-nio-41] DEBUG reactor.netty.channel.FluxReceive - [id: 0x47a2f5da, L:/127.0.0.1:51723 - R:localhost/127.0.0.1:8083] Subscribing inbound receiver [pending: 0, cancelled:false, inboundDone: false]
15:53:18.035 [reactor-http-nio-48] DEBUG reactor.netty.http.client.HttpClientConnect - [id: 0xb634a1b4, L:/127.0.0.1:51999 - R:localhost/127.0.0.1:8084] Handler is being applied: {uri=http://localhost:8084/attractionRewardPoint?attractionId=d23b08f9-9f61-4a8d-942b-1a7768340142&userId=a975f90b-de9b-474f-b837-80fbda4e7d46, method=GET}
15:53:18.036 [reactor-http-nio-48] DEBUG reactor.netty.resources.PooledConnectionProvider - [id: 0xb634a1b4, L:/127.0.0.1:51999 - R:localhost/127.0.0.1:8084] onStateChange(GET{uri=/attractionRewardPoint?attractionId=d23b08f9-9f61-4a8d-942b-1a7768340142&userId=a975f90b-de9b-474f-b837-80fbda4e7d46, connection=PooledConnection{channel=[id: 0xb634a1b4, L:/127.0.0.1:51999 - R:localhost/127.0.0.1:8084]}}, [request_sent])
15:53:18.036 [reactor-http-nio-41] DEBUG reactor.netty.http.client.HttpClientOperations - [id: 0x47a2f5da, L:/127.0.0.1:51723 - R:localhost/127.0.0.1:8083] Received last HTTP packet
15:53:18.036 [reactor-http-nio-41] DEBUG org.springframework.core.codec.StringDecoder - [38bfc808] Decoded "[{"longitude":-117.922008,"latitude":33.817595,"attractionName":"Disneyland","city":"Anaheim","stat (truncated)...
15:53:18.036 [reactor-http-nio-41] DEBUG reactor.netty.resources.PooledConnectionProvider - [id: 0x47a2f5da, L:/127.0.0.1:51723 - R:localhost/127.0.0.1:8083] onStateChange(GET{uri=/attractions, connection=PooledConnection{channel=[id: 0x47a2f5da, L:/127.0.0.1:51723 - R:localhost/127.0.0.1:8083]}}, [disconnecting])
15:53:18.036 [reactor-http-nio-41] DEBUG reactor.netty.resources.PooledConnectionProvider - [id: 0x47a2f5da, L:/127.0.0.1:51723 - R:localhost/127.0.0.1:8083] Releasing channel
15:53:18.036 [reactor-http-nio-41] DEBUG reactor.netty.resources.PooledConnectionProvider - [id: 0x47a2f5da, L:/127.0.0.1:51723 - R:localhost/127.0.0.1:8083] Channel cleaned, now 39 active connections and 262 inactive connections
15:53:18.037 [pool-4-thread-82] DEBUG org.springframework.web.reactive.function.client.ExchangeFunctions - [37705729] HTTP GET http://localhost:8084/attractionRewardPoint?attractionId=ec8cee6c-a59a-4697-8435-1f33d0a2d334&userId=ce9750d0-cc20-45f5-974d-c75bc9b10d91
15:53:18.037 [reactor-http-nio-48] DEBUG reactor.netty.http.client.HttpClientOperations - [id: 0x14c7d32e, L:/127.0.0.1:51953 - R:localhost/127.0.0.1:8083] Received response (auto-read:false) : [Content-Type=application/json, Transfer-Encoding=chunked, Date=Wed, 15 Jun 2022 14:53:17 GMT]
15:53:18.037 [reactor-http-nio-48] DEBUG reactor.netty.resources.PooledConnectionProvider - [id: 0x14c7d32e, L:/127.0.0.1:51953 - R:localhost/127.0.0.1:8083] onStateChange(GET{uri=/attractions, connection=PooledConnection{channel=[id: 0x14c7d32e, L:/127.0.0.1:51953 - R:localhost/127.0.0.1:8083]}}, [response_received])
15:53:18.037 [reactor-http-nio-48] DEBUG org.springframework.web.reactive.function.client.ExchangeFunctions - [2fa1dc97] Response 200 OK
15:53:18.037 [reactor-http-nio-48] DEBUG reactor.netty.channel.FluxReceive - [id: 0x14c7d32e, L:/127.0.0.1:51953 - R:localhost/127.0.0.1:8083] Subscribing inbound receiver [pending: 0, cancelled:false, inboundDone: false]
15:53:18.038 [reactor-http-nio-48] DEBUG reactor.netty.http.client.HttpClientOperations - [id: 0x14c7d32e, L:/127.0.0.1:51953 - R:localhost/127.0.0.1:8083] Received last HTTP packet
15:53:18.038 [reactor-http-nio-48] DEBUG org.springframework.core.codec.StringDecoder - [2fa1dc97] Decoded "[{"longitude":-117.922008,"latitude":33.817595,"attractionName":"Disneyland","city":"Anaheim","stat (truncated)...
15:53:18.038 [reactor-http-nio-48] DEBUG reactor.netty.resources.PooledConnectionProvider - [id: 0x14c7d32e, L:/127.0.0.1:51953 - R:localhost/127.0.0.1:8083] onStateChange(GET{uri=/attractions, connection=PooledConnection{channel=[id: 0x14c7d32e, L:/127.0.0.1:51953 - R:localhost/127.0.0.1:8083]}}, [disconnecting])
15:53:18.038 [reactor-http-nio-48] DEBUG reactor.netty.resources.PooledConnectionProvider - [id: 0x14c7d32e, L:/127.0.0.1:51953 - R:localhost/127.0.0.1:8083] Releasing channel
15:53:18.038 [reactor-http-nio-48] DEBUG reactor.netty.resources.PooledConnectionProvider - [id: 0x14c7d32e, L:/127.0.0.1:51953 - R:localhost/127.0.0.1:8083] Channel cleaned, now 38 active connections and 263 inactive connections
15:53:18.039 [reactor-http-nio-46] DEBUG reactor.netty.resources.PooledConnectionProvider - [id: 0xf9600d2e, L:/127.0.0.1:52008 - R:localhost/127.0.0.1:8084] Channel acquired, now 69 active connections and 0 inactive connections
15:53:18.039 [reactor-http-nio-46] DEBUG reactor.netty.http.client.HttpClientConnect - [id: 0xf9600d2e, L:/127.0.0.1:52008 - R:localhost/127.0.0.1:8084] Handler is being applied: {uri=http://localhost:8084/attractionRewardPoint?attractionId=ec8cee6c-a59a-4697-8435-1f33d0a2d334&userId=ce9750d0-cc20-45f5-974d-c75bc9b10d91, method=GET}
15:53:18.039 [reactor-http-nio-41] DEBUG reactor.netty.http.client.HttpClientOperations - [id: 0xe144b806, L:/127.0.0.1:51710 - R:localhost/127.0.0.1:8083] Received response (auto-read:false) : [Content-Type=application/json, Transfer-Encoding=chunked, Date=Wed, 15 Jun 2022 14:53:17 GMT]
15:53:18.039 [reactor-http-nio-41] DEBUG reactor.netty.resources.PooledConnectionProvider - [id: 0xe144b806, L:/127.0.0.1:51710 - R:localhost/127.0.0.1:8083] onStateChange(GET{uri=/attractions, connection=PooledConnection{channel=[id: 0xe144b806, L:/127.0.0.1:51710 - R:localhost/127.0.0.1:8083]}}, [response_received])
15:53:18.039 [reactor-http-nio-41] DEBUG org.springframework.web.reactive.function.client.ExchangeFunctions - [2ded0100] Response 200 OK
15:53:18.040 [reactor-http-nio-46] DEBUG reactor.netty.resources.PooledConnectionProvider - [id: 0xf9600d2e, L:/127.0.0.1:52008 - R:localhost/127.0.0.1:8084] onStateChange(GET{uri=/attractionRewardPoint?attractionId=ec8cee6c-a59a-4697-8435-1f33d0a2d334&userId=ce9750d0-cc20-45f5-974d-c75bc9b10d91, connection=PooledConnection{channel=[id: 0xf9600d2e, L:/127.0.0.1:52008 - R:localhost/127.0.0.1:8084]}}, [request_sent])
15:53:18.040 [reactor-http-nio-41] DEBUG reactor.netty.channel.FluxReceive - [id: 0xe144b806, L:/127.0.0.1:51710 - R:localhost/127.0.0.1:8083] Subscribing inbound receiver [pending: 0, cancelled:false, inboundDone: false]
15:53:18.045 [reactor-http-nio-48] DEBUG reactor.netty.http.client.HttpClientOperations - [id: 0x76f33e80, L:/127.0.0.1:51705 - R:localhost/127.0.0.1:8083] Received response (auto-read:false) : [Content-Type=application/json, Transfer-Encoding=chunked, Date=Wed, 15 Jun 2022 14:53:17 GMT]
15:53:18.045 [reactor-http-nio-48] DEBUG reactor.netty.resources.PooledConnectionProvider - [id: 0x76f33e80, L:/127.0.0.1:51705 - R:localhost/127.0.0.1:8083] onStateChange(GET{uri=/attractions, connection=PooledConnection{channel=[id: 0x76f33e80, L:/127.0.0.1:51705 - R:localhost/127.0.0.1:8083]}}, [response_received])
15:53:18.045 [reactor-http-nio-41] DEBUG reactor.netty.http.client.HttpClientOperations - [id: 0xe144b806, L:/127.0.0.1:51710 - R:localhost/127.0.0.1:8083] Received last HTTP packet
15:53:18.045 [reactor-http-nio-48] DEBUG org.springframework.web.reactive.function.client.ExchangeFunctions - [235d6f93] Response 200 OK
15:53:18.045 [reactor-http-nio-41] DEBUG org.springframework.core.codec.StringDecoder - [2ded0100] Decoded "[{"longitude":-117.922008,"latitude":33.817595,"attractionName":"Disneyland","city":"Anaheim","stat (truncated)...
15:53:18.045 [reactor-http-nio-41] DEBUG reactor.netty.resources.PooledConnectionProvider - [id: 0xe144b806, L:/127.0.0.1:51710 - R:localhost/127.0.0.1:8083] onStateChange(GET{uri=/attractions, connection=PooledConnection{channel=[id: 0xe144b806, L:/127.0.0.1:51710 - R:localhost/127.0.0.1:8083]}}, [disconnecting])
15:53:18.045 [reactor-http-nio-41] DEBUG reactor.netty.resources.PooledConnectionProvider - [id: 0xe144b806, L:/127.0.0.1:51710 - R:localhost/127.0.0.1:8083] Releasing channel
15:53:18.045 [reactor-http-nio-41] DEBUG reactor.netty.resources.PooledConnectionProvider - [id: 0xe144b806, L:/127.0.0.1:51710 - R:localhost/127.0.0.1:8083] Channel cleaned, now 37 active connections and 264 inactive connections
15:53:18.045 [reactor-http-nio-48] DEBUG reactor.netty.channel.FluxReceive - [id: 0x76f33e80, L:/127.0.0.1:51705 - R:localhost/127.0.0.1:8083] Subscribing inbound receiver [pending: 0, cancelled:false, inboundDone: false]
15:53:18.045 [reactor-http-nio-47] DEBUG reactor.netty.http.client.HttpClientOperations - [id: 0x2fcf1b2b, L:/127.0.0.1:51855 - R:localhost/127.0.0.1:8083] Received response (auto-read:false) : [Content-Type=application/json, Transfer-Encoding=chunked, Date=Wed, 15 Jun 2022 14:53:17 GMT]
15:53:18.045 [reactor-http-nio-47] DEBUG reactor.netty.resources.PooledConnectionProvider - [id: 0x2fcf1b2b, L:/127.0.0.1:51855 - R:localhost/127.0.0.1:8083] onStateChange(GET{uri=/attractions, connection=PooledConnection{channel=[id: 0x2fcf1b2b, L:/127.0.0.1:51855 - R:localhost/127.0.0.1:8083]}}, [response_received])
15:53:18.045 [reactor-http-nio-47] DEBUG org.springframework.web.reactive.function.client.ExchangeFunctions - [3fa33912] Response 200 OK
15:53:18.045 [reactor-http-nio-48] DEBUG reactor.netty.http.client.HttpClientOperations - [id: 0x76f33e80, L:/127.0.0.1:51705 - R:localhost/127.0.0.1:8083] Received last HTTP packet
15:53:18.045 [reactor-http-nio-47] DEBUG reactor.netty.channel.FluxReceive - [id: 0x2fcf1b2b, L:/127.0.0.1:51855 - R:localhost/127.0.0.1:8083] Subscribing inbound receiver [pending: 0, cancelled:false, inboundDone: false]
15:53:18.045 [reactor-http-nio-48] DEBUG org.springframework.core.codec.StringDecoder - [235d6f93] Decoded "[{"longitude":-117.922008,"latitude":33.817595,"attractionName":"Disneyland","city":"Anaheim","stat (truncated)...
15:53:18.045 [reactor-http-nio-48] DEBUG reactor.netty.resources.PooledConnectionProvider - [id: 0x76f33e80, L:/127.0.0.1:51705 - R:localhost/127.0.0.1:8083] onStateChange(GET{uri=/attractions, connection=PooledConnection{channel=[id: 0x76f33e80, L:/127.0.0.1:51705 - R:localhost/127.0.0.1:8083]}}, [disconnecting])
15:53:18.045 [reactor-http-nio-48] DEBUG reactor.netty.resources.PooledConnectionProvider - [id: 0x76f33e80, L:/127.0.0.1:51705 - R:localhost/127.0.0.1:8083] Releasing channel
15:53:18.045 [reactor-http-nio-48] DEBUG reactor.netty.resources.PooledConnectionProvider - [id: 0x76f33e80, L:/127.0.0.1:51705 - R:localhost/127.0.0.1:8083] Channel cleaned, now 36 active connections and 265 inactive connections
15:53:18.046 [reactor-http-nio-47] DEBUG reactor.netty.http.client.HttpClientOperations - [id: 0x2fcf1b2b, L:/127.0.0.1:51855 - R:localhost/127.0.0.1:8083] Received last HTTP packet
15:53:18.046 [reactor-http-nio-47] DEBUG org.springframework.core.codec.StringDecoder - [3fa33912] Decoded "[{"longitude":-117.922008,"latitude":33.817595,"attractionName":"Disneyland","city":"Anaheim","stat (truncated)...
15:53:18.046 [reactor-http-nio-47] DEBUG reactor.netty.resources.PooledConnectionProvider - [id: 0x2fcf1b2b, L:/127.0.0.1:51855 - R:localhost/127.0.0.1:8083] onStateChange(GET{uri=/attractions, connection=PooledConnection{channel=[id: 0x2fcf1b2b, L:/127.0.0.1:51855 - R:localhost/127.0.0.1:8083]}}, [disconnecting])
15:53:18.046 [reactor-http-nio-47] DEBUG reactor.netty.resources.PooledConnectionProvider - [id: 0x2fcf1b2b, L:/127.0.0.1:51855 - R:localhost/127.0.0.1:8083] Releasing channel
15:53:18.046 [reactor-http-nio-47] DEBUG reactor.netty.resources.PooledConnectionProvider - [id: 0x2fcf1b2b, L:/127.0.0.1:51855 - R:localhost/127.0.0.1:8083] Channel cleaned, now 35 active connections and 266 inactive connections
15:53:18.047 [reactor-http-nio-47] DEBUG reactor.netty.http.client.HttpClientOperations - [id: 0x70f8c72b, L:/127.0.0.1:51852 - R:localhost/127.0.0.1:8083] Received last HTTP packet
15:53:18.047 [reactor-http-nio-47] DEBUG org.springframework.core.codec.StringDecoder - [182f78f5] Decoded "[{"longitude":-117.922008,"latitude":33.817595,"attractionName":"Disneyland","city":"Anaheim","stat (truncated)...
15:53:18.047 [reactor-http-nio-47] DEBUG reactor.netty.resources.PooledConnectionProvider - [id: 0x70f8c72b, L:/127.0.0.1:51852 - R:localhost/127.0.0.1:8083] onStateChange(GET{uri=/attractions, connection=PooledConnection{channel=[id: 0x70f8c72b, L:/127.0.0.1:51852 - R:localhost/127.0.0.1:8083]}}, [disconnecting])
15:53:18.047 [reactor-http-nio-47] DEBUG reactor.netty.resources.PooledConnectionProvider - [id: 0x70f8c72b, L:/127.0.0.1:51852 - R:localhost/127.0.0.1:8083] Releasing channel
15:53:18.047 [reactor-http-nio-47] DEBUG reactor.netty.resources.PooledConnectionProvider - [id: 0x70f8c72b, L:/127.0.0.1:51852 - R:localhost/127.0.0.1:8083] Channel cleaned, now 34 active connections and 267 inactive connections
15:53:18.047 [reactor-http-nio-47] DEBUG reactor.netty.http.client.HttpClientOperations - [id: 0xb30cfda6, L:/127.0.0.1:51864 - R:localhost/127.0.0.1:8083] Received response (auto-read:false) : [Content-Type=application/json, Transfer-Encoding=chunked, Date=Wed, 15 Jun 2022 14:53:17 GMT]
15:53:18.048 [reactor-http-nio-47] DEBUG reactor.netty.resources.PooledConnectionProvider - [id: 0xb30cfda6, L:/127.0.0.1:51864 - R:localhost/127.0.0.1:8083] onStateChange(GET{uri=/attractions, connection=PooledConnection{channel=[id: 0xb30cfda6, L:/127.0.0.1:51864 - R:localhost/127.0.0.1:8083]}}, [response_received])
15:53:18.048 [reactor-http-nio-47] DEBUG org.springframework.web.reactive.function.client.ExchangeFunctions - [48094628] Response 200 OK
15:53:18.048 [reactor-http-nio-47] DEBUG reactor.netty.channel.FluxReceive - [id: 0xb30cfda6, L:/127.0.0.1:51864 - R:localhost/127.0.0.1:8083] Subscribing inbound receiver [pending: 0, cancelled:false, inboundDone: false]
15:53:18.048 [reactor-http-nio-47] DEBUG reactor.netty.http.client.HttpClientOperations - [id: 0xb30cfda6, L:/127.0.0.1:51864 - R:localhost/127.0.0.1:8083] Received last HTTP packet
15:53:18.048 [reactor-http-nio-47] DEBUG org.springframework.core.codec.StringDecoder - [48094628] Decoded "[{"longitude":-117.922008,"latitude":33.817595,"attractionName":"Disneyland","city":"Anaheim","stat (truncated)...
15:53:18.048 [reactor-http-nio-47] DEBUG reactor.netty.resources.PooledConnectionProvider - [id: 0xb30cfda6, L:/127.0.0.1:51864 - R:localhost/127.0.0.1:8083] onStateChange(GET{uri=/attractions, connection=PooledConnection{channel=[id: 0xb30cfda6, L:/127.0.0.1:51864 - R:localhost/127.0.0.1:8083]}}, [disconnecting])
15:53:18.048 [reactor-http-nio-47] DEBUG reactor.netty.resources.PooledConnectionProvider - [id: 0xb30cfda6, L:/127.0.0.1:51864 - R:localhost/127.0.0.1:8083] Releasing channel
15:53:18.048 [reactor-http-nio-47] DEBUG reactor.netty.resources.PooledConnectionProvider - [id: 0xb30cfda6, L:/127.0.0.1:51864 - R:localhost/127.0.0.1:8083] Channel cleaned, now 33 active connections and 268 inactive connections
15:53:18.049 [reactor-http-nio-41] DEBUG reactor.netty.http.client.HttpClientOperations - [id: 0xdc4a09e2, L:/127.0.0.1:51708 - R:localhost/127.0.0.1:8083] Received response (auto-read:false) : [Content-Type=application/json, Transfer-Encoding=chunked, Date=Wed, 15 Jun 2022 14:53:17 GMT]
15:53:18.049 [reactor-http-nio-41] DEBUG reactor.netty.resources.PooledConnectionProvider - [id: 0xdc4a09e2, L:/127.0.0.1:51708 - R:localhost/127.0.0.1:8083] onStateChange(GET{uri=/attractions, connection=PooledConnection{channel=[id: 0xdc4a09e2, L:/127.0.0.1:51708 - R:localhost/127.0.0.1:8083]}}, [response_received])
15:53:18.049 [reactor-http-nio-41] DEBUG org.springframework.web.reactive.function.client.ExchangeFunctions - [3e17368d] Response 200 OK
15:53:18.050 [reactor-http-nio-41] DEBUG reactor.netty.channel.FluxReceive - [id: 0xdc4a09e2, L:/127.0.0.1:51708 - R:localhost/127.0.0.1:8083] Subscribing inbound receiver [pending: 0, cancelled:false, inboundDone: false]
15:53:18.050 [reactor-http-nio-41] DEBUG reactor.netty.http.client.HttpClientOperations - [id: 0xdc4a09e2, L:/127.0.0.1:51708 - R:localhost/127.0.0.1:8083] Received last HTTP packet
15:53:18.050 [reactor-http-nio-41] DEBUG org.springframework.core.codec.StringDecoder - [3e17368d] Decoded "[{"longitude":-117.922008,"latitude":33.817595,"attractionName":"Disneyland","city":"Anaheim","stat (truncated)...
15:53:18.050 [reactor-http-nio-41] DEBUG reactor.netty.resources.PooledConnectionProvider - [id: 0xdc4a09e2, L:/127.0.0.1:51708 - R:localhost/127.0.0.1:8083] onStateChange(GET{uri=/attractions, connection=PooledConnection{channel=[id: 0xdc4a09e2, L:/127.0.0.1:51708 - R:localhost/127.0.0.1:8083]}}, [disconnecting])
15:53:18.050 [reactor-http-nio-41] DEBUG reactor.netty.resources.PooledConnectionProvider - [id: 0xdc4a09e2, L:/127.0.0.1:51708 - R:localhost/127.0.0.1:8083] Releasing channel
15:53:18.050 [reactor-http-nio-41] DEBUG reactor.netty.resources.PooledConnectionProvider - [id: 0xdc4a09e2, L:/127.0.0.1:51708 - R:localhost/127.0.0.1:8083] Channel cleaned, now 32 active connections and 269 inactive connections
15:53:18.050 [pool-4-thread-83] DEBUG org.springframework.web.reactive.function.client.ExchangeFunctions - [19a84378] HTTP GET http://localhost:8084/attractionRewardPoint?attractionId=461fd806-0cf4-481f-95a5-9d6960fbc10e&userId=d78c40a3-469d-464d-9b66-afcfaa052993
15:53:18.052 [reactor-http-nio-41] DEBUG reactor.netty.resources.PooledConnectionProvider - [id: 0x1f38058f] Created new pooled channel, now 69 active connections and 1 inactive connections
15:53:18.052 [reactor-http-nio-41] DEBUG reactor.netty.channel.BootstrapHandlers - [id: 0x1f38058f] Initialized pipeline DefaultChannelPipeline{(BootstrapHandlers$BootstrapInitializerHandler#0 = reactor.netty.channel.BootstrapHandlers$BootstrapInitializerHandler), (SimpleChannelPool$1#0 = io.netty.channel.pool.SimpleChannelPool$1), (reactor.left.httpCodec = io.netty.handler.codec.http.HttpClientCodec), (reactor.left.decompressor = io.netty.handler.codec.http.HttpContentDecompressor), (reactor.right.reactiveBridge = reactor.netty.channel.ChannelOperationsHandler)}
15:53:18.053 [pool-4-thread-84] DEBUG org.springframework.web.reactive.function.client.ExchangeFunctions - [47d51eed] HTTP GET http://localhost:8084/attractionRewardPoint?attractionId=14d0da28-55f6-4e0b-982c-9d9bbd6736d3&userId=09ba93de-bb45-48fd-9a9c-12d97c598215
15:53:18.054 [reactor-http-nio-41] DEBUG reactor.netty.resources.PooledConnectionProvider - [id: 0x1f38058f, L:/127.0.0.1:52050 - R:localhost/127.0.0.1:8084] onStateChange(PooledConnection{channel=[id: 0x1f38058f, L:/127.0.0.1:52050 - R:localhost/127.0.0.1:8084]}, [connected])
15:53:18.054 [reactor-http-nio-41] DEBUG reactor.netty.resources.PooledConnectionProvider - [id: 0x1f38058f, L:/127.0.0.1:52050 - R:localhost/127.0.0.1:8084] onStateChange(GET{uri=/, connection=PooledConnection{channel=[id: 0x1f38058f, L:/127.0.0.1:52050 - R:localhost/127.0.0.1:8084]}}, [configured])
15:53:18.055 [reactor-http-nio-47] DEBUG reactor.netty.resources.PooledConnectionProvider - [id: 0x6e590cf0] Created new pooled channel, now 69 active connections and 2 inactive connections
15:53:18.055 [reactor-http-nio-41] DEBUG reactor.netty.resources.PooledConnectionProvider - [id: 0x1f38058f, L:/127.0.0.1:52050 - R:localhost/127.0.0.1:8084] Registering pool release on close event for channel
15:53:18.055 [reactor-http-nio-41] DEBUG reactor.netty.http.client.HttpClientConnect - [id: 0x1f38058f, L:/127.0.0.1:52050 - R:localhost/127.0.0.1:8084] Handler is being applied: {uri=http://localhost:8084/attractionRewardPoint?attractionId=461fd806-0cf4-481f-95a5-9d6960fbc10e&userId=d78c40a3-469d-464d-9b66-afcfaa052993, method=GET}
15:53:18.055 [reactor-http-nio-47] DEBUG reactor.netty.channel.BootstrapHandlers - [id: 0x6e590cf0] Initialized pipeline DefaultChannelPipeline{(BootstrapHandlers$BootstrapInitializerHandler#0 = reactor.netty.channel.BootstrapHandlers$BootstrapInitializerHandler), (SimpleChannelPool$1#0 = io.netty.channel.pool.SimpleChannelPool$1), (reactor.left.httpCodec = io.netty.handler.codec.http.HttpClientCodec), (reactor.left.decompressor = io.netty.handler.codec.http.HttpContentDecompressor), (reactor.right.reactiveBridge = reactor.netty.channel.ChannelOperationsHandler)}
15:53:18.056 [reactor-http-nio-41] DEBUG reactor.netty.resources.PooledConnectionProvider - [id: 0x1f38058f, L:/127.0.0.1:52050 - R:localhost/127.0.0.1:8084] onStateChange(GET{uri=/attractionRewardPoint?attractionId=461fd806-0cf4-481f-95a5-9d6960fbc10e&userId=d78c40a3-469d-464d-9b66-afcfaa052993, connection=PooledConnection{channel=[id: 0x1f38058f, L:/127.0.0.1:52050 - R:localhost/127.0.0.1:8084]}}, [request_sent])
15:53:18.056 [reactor-http-nio-41] DEBUG reactor.netty.resources.PooledConnectionProvider - [id: 0x1f38058f, L:/127.0.0.1:52050 - R:localhost/127.0.0.1:8084] Channel connected, now 70 active connections and 1 inactive connections
15:53:18.056 [reactor-http-nio-47] DEBUG reactor.netty.resources.PooledConnectionProvider - [id: 0x6e590cf0, L:/127.0.0.1:52051 - R:localhost/127.0.0.1:8084] onStateChange(PooledConnection{channel=[id: 0x6e590cf0, L:/127.0.0.1:52051 - R:localhost/127.0.0.1:8084]}, [connected])
15:53:18.056 [reactor-http-nio-47] DEBUG reactor.netty.resources.PooledConnectionProvider - [id: 0x6e590cf0, L:/127.0.0.1:52051 - R:localhost/127.0.0.1:8084] onStateChange(GET{uri=/, connection=PooledConnection{channel=[id: 0x6e590cf0, L:/127.0.0.1:52051 - R:localhost/127.0.0.1:8084]}}, [configured])
15:53:18.057 [reactor-http-nio-47] DEBUG reactor.netty.resources.PooledConnectionProvider - [id: 0x6e590cf0, L:/127.0.0.1:52051 - R:localhost/127.0.0.1:8084] Registering pool release on close event for channel
15:53:18.057 [reactor-http-nio-47] DEBUG reactor.netty.http.client.HttpClientConnect - [id: 0x6e590cf0, L:/127.0.0.1:52051 - R:localhost/127.0.0.1:8084] Handler is being applied: {uri=http://localhost:8084/attractionRewardPoint?attractionId=14d0da28-55f6-4e0b-982c-9d9bbd6736d3&userId=09ba93de-bb45-48fd-9a9c-12d97c598215, method=GET}
15:53:18.058 [reactor-http-nio-47] DEBUG reactor.netty.resources.PooledConnectionProvider - [id: 0x6e590cf0, L:/127.0.0.1:52051 - R:localhost/127.0.0.1:8084] onStateChange(GET{uri=/attractionRewardPoint?attractionId=14d0da28-55f6-4e0b-982c-9d9bbd6736d3&userId=09ba93de-bb45-48fd-9a9c-12d97c598215, connection=PooledConnection{channel=[id: 0x6e590cf0, L:/127.0.0.1:52051 - R:localhost/127.0.0.1:8084]}}, [request_sent])
15:53:18.058 [reactor-http-nio-47] DEBUG reactor.netty.resources.PooledConnectionProvider - [id: 0x6e590cf0, L:/127.0.0.1:52051 - R:localhost/127.0.0.1:8084] Channel connected, now 71 active connections and 0 inactive connections
15:53:18.061 [pool-4-thread-85] DEBUG org.springframework.web.reactive.function.client.ExchangeFunctions - [15ebd273] HTTP GET http://localhost:8084/attractionRewardPoint?attractionId=9915ef6c-5e59-4484-837c-f422c6391db5&userId=0791e4eb-a7d3-4f0b-a1a1-3e46b98a228c
15:53:18.063 [reactor-http-nio-41] DEBUG reactor.netty.resources.PooledConnectionProvider - [id: 0x64baebcf] Created new pooled channel, now 71 active connections and 1 inactive connections
15:53:18.063 [reactor-http-nio-41] DEBUG reactor.netty.channel.BootstrapHandlers - [id: 0x64baebcf] Initialized pipeline DefaultChannelPipeline{(BootstrapHandlers$BootstrapInitializerHandler#0 = reactor.netty.channel.BootstrapHandlers$BootstrapInitializerHandler), (SimpleChannelPool$1#0 = io.netty.channel.pool.SimpleChannelPool$1), (reactor.left.httpCodec = io.netty.handler.codec.http.HttpClientCodec), (reactor.left.decompressor = io.netty.handler.codec.http.HttpContentDecompressor), (reactor.right.reactiveBridge = reactor.netty.channel.ChannelOperationsHandler)}
15:53:18.064 [pool-4-thread-86] DEBUG org.springframework.web.reactive.function.client.ExchangeFunctions - [6fa56228] HTTP GET http://localhost:8084/attractionRewardPoint?attractionId=b422ea5d-0f15-4a69-8f94-7691ba47e5ea&userId=2f9c4b88-f56c-4b12-9c0b-4f443e947e9a
15:53:18.064 [reactor-http-nio-41] DEBUG reactor.netty.http.client.HttpClientOperations - [id: 0x08aaa308, L:/127.0.0.1:51899 - R:localhost/127.0.0.1:8083] Received response (auto-read:false) : [Content-Type=application/json, Transfer-Encoding=chunked, Date=Wed, 15 Jun 2022 14:53:17 GMT]
15:53:18.064 [reactor-http-nio-41] DEBUG reactor.netty.resources.PooledConnectionProvider - [id: 0x08aaa308, L:/127.0.0.1:51899 - R:localhost/127.0.0.1:8083] onStateChange(GET{uri=/attractions, connection=PooledConnection{channel=[id: 0x08aaa308, L:/127.0.0.1:51899 - R:localhost/127.0.0.1:8083]}}, [response_received])
15:53:18.064 [reactor-http-nio-41] DEBUG org.springframework.web.reactive.function.client.ExchangeFunctions - [23d2845f] Response 200 OK
15:53:18.064 [reactor-http-nio-41] DEBUG reactor.netty.channel.FluxReceive - [id: 0x08aaa308, L:/127.0.0.1:51899 - R:localhost/127.0.0.1:8083] Subscribing inbound receiver [pending: 0, cancelled:false, inboundDone: false]
15:53:18.064 [reactor-http-nio-41] DEBUG reactor.netty.resources.PooledConnectionProvider - [id: 0x64baebcf, L:/127.0.0.1:52052 - R:localhost/127.0.0.1:8084] onStateChange(PooledConnection{channel=[id: 0x64baebcf, L:/127.0.0.1:52052 - R:localhost/127.0.0.1:8084]}, [connected])
15:53:18.064 [reactor-http-nio-41] DEBUG reactor.netty.resources.PooledConnectionProvider - [id: 0x64baebcf, L:/127.0.0.1:52052 - R:localhost/127.0.0.1:8084] onStateChange(GET{uri=/, connection=PooledConnection{channel=[id: 0x64baebcf, L:/127.0.0.1:52052 - R:localhost/127.0.0.1:8084]}}, [configured])
15:53:18.065 [reactor-http-nio-47] DEBUG reactor.netty.resources.PooledConnectionProvider - [id: 0x2eee126f] Created new pooled channel, now 71 active connections and 2 inactive connections
15:53:18.065 [reactor-http-nio-47] DEBUG reactor.netty.channel.BootstrapHandlers - [id: 0x2eee126f] Initialized pipeline DefaultChannelPipeline{(BootstrapHandlers$BootstrapInitializerHandler#0 = reactor.netty.channel.BootstrapHandlers$BootstrapInitializerHandler), (SimpleChannelPool$1#0 = io.netty.channel.pool.SimpleChannelPool$1), (reactor.left.httpCodec = io.netty.handler.codec.http.HttpClientCodec), (reactor.left.decompressor = io.netty.handler.codec.http.HttpContentDecompressor), (reactor.right.reactiveBridge = reactor.netty.channel.ChannelOperationsHandler)}
15:53:18.066 [reactor-http-nio-41] DEBUG reactor.netty.resources.PooledConnectionProvider - [id: 0x64baebcf, L:/127.0.0.1:52052 - R:localhost/127.0.0.1:8084] Registering pool release on close event for channel
15:53:18.066 [reactor-http-nio-41] DEBUG reactor.netty.http.client.HttpClientConnect - [id: 0x64baebcf, L:/127.0.0.1:52052 - R:localhost/127.0.0.1:8084] Handler is being applied: {uri=http://localhost:8084/attractionRewardPoint?attractionId=9915ef6c-5e59-4484-837c-f422c6391db5&userId=0791e4eb-a7d3-4f0b-a1a1-3e46b98a228c, method=GET}
15:53:18.067 [reactor-http-nio-41] DEBUG reactor.netty.resources.PooledConnectionProvider - [id: 0x64baebcf, L:/127.0.0.1:52052 - R:localhost/127.0.0.1:8084] onStateChange(GET{uri=/attractionRewardPoint?attractionId=9915ef6c-5e59-4484-837c-f422c6391db5&userId=0791e4eb-a7d3-4f0b-a1a1-3e46b98a228c, connection=PooledConnection{channel=[id: 0x64baebcf, L:/127.0.0.1:52052 - R:localhost/127.0.0.1:8084]}}, [request_sent])
15:53:18.067 [reactor-http-nio-41] DEBUG reactor.netty.resources.PooledConnectionProvider - [id: 0x64baebcf, L:/127.0.0.1:52052 - R:localhost/127.0.0.1:8084] Channel connected, now 72 active connections and 1 inactive connections
15:53:18.067 [reactor-http-nio-47] DEBUG reactor.netty.resources.PooledConnectionProvider - [id: 0x2eee126f, L:/127.0.0.1:52053 - R:localhost/127.0.0.1:8084] onStateChange(PooledConnection{channel=[id: 0x2eee126f, L:/127.0.0.1:52053 - R:localhost/127.0.0.1:8084]}, [connected])
15:53:18.067 [reactor-http-nio-47] DEBUG reactor.netty.resources.PooledConnectionProvider - [id: 0x2eee126f, L:/127.0.0.1:52053 - R:localhost/127.0.0.1:8084] onStateChange(GET{uri=/, connection=PooledConnection{channel=[id: 0x2eee126f, L:/127.0.0.1:52053 - R:localhost/127.0.0.1:8084]}}, [configured])
15:53:18.067 [reactor-http-nio-41] DEBUG reactor.netty.http.client.HttpClientOperations - [id: 0x866e01db, L:/127.0.0.1:51707 - R:localhost/127.0.0.1:8083] Received response (auto-read:false) : [Content-Type=application/json, Transfer-Encoding=chunked, Date=Wed, 15 Jun 2022 14:53:17 GMT]
15:53:18.067 [reactor-http-nio-41] DEBUG reactor.netty.resources.PooledConnectionProvider - [id: 0x866e01db, L:/127.0.0.1:51707 - R:localhost/127.0.0.1:8083] onStateChange(GET{uri=/attractions, connection=PooledConnection{channel=[id: 0x866e01db, L:/127.0.0.1:51707 - R:localhost/127.0.0.1:8083]}}, [response_received])
15:53:18.067 [reactor-http-nio-47] DEBUG reactor.netty.http.client.HttpClientOperations - [id: 0x42970d81, L:/127.0.0.1:51870 - R:localhost/127.0.0.1:8083] Received response (auto-read:false) : [Content-Type=application/json, Transfer-Encoding=chunked, Date=Wed, 15 Jun 2022 14:53:17 GMT]
15:53:18.067 [reactor-http-nio-47] DEBUG reactor.netty.resources.PooledConnectionProvider - [id: 0x42970d81, L:/127.0.0.1:51870 - R:localhost/127.0.0.1:8083] onStateChange(GET{uri=/attractions, connection=PooledConnection{channel=[id: 0x42970d81, L:/127.0.0.1:51870 - R:localhost/127.0.0.1:8083]}}, [response_received])
15:53:18.067 [reactor-http-nio-41] DEBUG org.springframework.web.reactive.function.client.ExchangeFunctions - [400a84b1] Response 200 OK
15:53:18.067 [reactor-http-nio-47] DEBUG org.springframework.web.reactive.function.client.ExchangeFunctions - [59b9b552] Response 200 OK
15:53:18.068 [reactor-http-nio-47] DEBUG reactor.netty.channel.FluxReceive - [id: 0x42970d81, L:/127.0.0.1:51870 - R:localhost/127.0.0.1:8083] Subscribing inbound receiver [pending: 0, cancelled:false, inboundDone: false]
15:53:18.068 [reactor-http-nio-41] DEBUG reactor.netty.channel.FluxReceive - [id: 0x866e01db, L:/127.0.0.1:51707 - R:localhost/127.0.0.1:8083] Subscribing inbound receiver [pending: 0, cancelled:false, inboundDone: false]
15:53:18.068 [reactor-http-nio-41] DEBUG reactor.netty.http.client.HttpClientOperations - [id: 0x866e01db, L:/127.0.0.1:51707 - R:localhost/127.0.0.1:8083] Received last HTTP packet
15:53:18.068 [reactor-http-nio-47] DEBUG reactor.netty.http.client.HttpClientOperations - [id: 0x42970d81, L:/127.0.0.1:51870 - R:localhost/127.0.0.1:8083] Received last HTTP packet
15:53:18.068 [reactor-http-nio-41] DEBUG org.springframework.core.codec.StringDecoder - [400a84b1] Decoded "[{"longitude":-117.922008,"latitude":33.817595,"attractionName":"Disneyland","city":"Anaheim","stat (truncated)...
15:53:18.068 [reactor-http-nio-41] DEBUG reactor.netty.resources.PooledConnectionProvider - [id: 0x866e01db, L:/127.0.0.1:51707 - R:localhost/127.0.0.1:8083] onStateChange(GET{uri=/attractions, connection=PooledConnection{channel=[id: 0x866e01db, L:/127.0.0.1:51707 - R:localhost/127.0.0.1:8083]}}, [disconnecting])
15:53:18.068 [reactor-http-nio-41] DEBUG reactor.netty.resources.PooledConnectionProvider - [id: 0x866e01db, L:/127.0.0.1:51707 - R:localhost/127.0.0.1:8083] Releasing channel
15:53:18.068 [reactor-http-nio-47] DEBUG org.springframework.core.codec.StringDecoder - [59b9b552] Decoded "[{"longitude":-117.922008,"latitude":33.817595,"attractionName":"Disneyland","city":"Anaheim","stat (truncated)...
15:53:18.068 [reactor-http-nio-41] DEBUG reactor.netty.resources.PooledConnectionProvider - [id: 0x866e01db, L:/127.0.0.1:51707 - R:localhost/127.0.0.1:8083] Channel cleaned, now 31 active connections and 270 inactive connections
15:53:18.068 [reactor-http-nio-47] DEBUG reactor.netty.resources.PooledConnectionProvider - [id: 0x42970d81, L:/127.0.0.1:51870 - R:localhost/127.0.0.1:8083] onStateChange(GET{uri=/attractions, connection=PooledConnection{channel=[id: 0x42970d81, L:/127.0.0.1:51870 - R:localhost/127.0.0.1:8083]}}, [disconnecting])
15:53:18.068 [reactor-http-nio-47] DEBUG reactor.netty.resources.PooledConnectionProvider - [id: 0x42970d81, L:/127.0.0.1:51870 - R:localhost/127.0.0.1:8083] Releasing channel
15:53:18.068 [reactor-http-nio-47] DEBUG reactor.netty.resources.PooledConnectionProvider - [id: 0x42970d81, L:/127.0.0.1:51870 - R:localhost/127.0.0.1:8083] Channel cleaned, now 30 active connections and 271 inactive connections
15:53:18.068 [reactor-http-nio-41] DEBUG reactor.netty.http.client.HttpClientOperations - [id: 0x08aaa308, L:/127.0.0.1:51899 - R:localhost/127.0.0.1:8083] Received last HTTP packet
15:53:18.068 [reactor-http-nio-47] DEBUG reactor.netty.resources.PooledConnectionProvider - [id: 0x2eee126f, L:/127.0.0.1:52053 - R:localhost/127.0.0.1:8084] Registering pool release on close event for channel
15:53:18.068 [reactor-http-nio-47] DEBUG reactor.netty.http.client.HttpClientConnect - [id: 0x2eee126f, L:/127.0.0.1:52053 - R:localhost/127.0.0.1:8084] Handler is being applied: {uri=http://localhost:8084/attractionRewardPoint?attractionId=b422ea5d-0f15-4a69-8f94-7691ba47e5ea&userId=2f9c4b88-f56c-4b12-9c0b-4f443e947e9a, method=GET}
15:53:18.068 [reactor-http-nio-41] DEBUG org.springframework.core.codec.StringDecoder - [23d2845f] Decoded "[{"longitude":-117.922008,"latitude":33.817595,"attractionName":"Disneyland","city":"Anaheim","stat (truncated)...
15:53:18.068 [reactor-http-nio-41] DEBUG reactor.netty.resources.PooledConnectionProvider - [id: 0x08aaa308, L:/127.0.0.1:51899 - R:localhost/127.0.0.1:8083] onStateChange(GET{uri=/attractions, connection=PooledConnection{channel=[id: 0x08aaa308, L:/127.0.0.1:51899 - R:localhost/127.0.0.1:8083]}}, [disconnecting])
15:53:18.068 [reactor-http-nio-41] DEBUG reactor.netty.resources.PooledConnectionProvider - [id: 0x08aaa308, L:/127.0.0.1:51899 - R:localhost/127.0.0.1:8083] Releasing channel
15:53:18.068 [reactor-http-nio-41] DEBUG reactor.netty.resources.PooledConnectionProvider - [id: 0x08aaa308, L:/127.0.0.1:51899 - R:localhost/127.0.0.1:8083] Channel cleaned, now 29 active connections and 272 inactive connections
15:53:18.069 [reactor-http-nio-47] DEBUG reactor.netty.resources.PooledConnectionProvider - [id: 0x2eee126f, L:/127.0.0.1:52053 - R:localhost/127.0.0.1:8084] onStateChange(GET{uri=/attractionRewardPoint?attractionId=b422ea5d-0f15-4a69-8f94-7691ba47e5ea&userId=2f9c4b88-f56c-4b12-9c0b-4f443e947e9a, connection=PooledConnection{channel=[id: 0x2eee126f, L:/127.0.0.1:52053 - R:localhost/127.0.0.1:8084]}}, [request_sent])
15:53:18.069 [reactor-http-nio-47] DEBUG reactor.netty.resources.PooledConnectionProvider - [id: 0x2eee126f, L:/127.0.0.1:52053 - R:localhost/127.0.0.1:8084] Channel connected, now 73 active connections and 0 inactive connections
15:53:18.072 [reactor-http-nio-47] DEBUG reactor.netty.http.client.HttpClientOperations - [id: 0x71dba838, L:/127.0.0.1:51683 - R:localhost/127.0.0.1:8083] Received response (auto-read:false) : [Content-Type=application/json, Transfer-Encoding=chunked, Date=Wed, 15 Jun 2022 14:53:17 GMT]
15:53:18.072 [reactor-http-nio-47] DEBUG reactor.netty.resources.PooledConnectionProvider - [id: 0x71dba838, L:/127.0.0.1:51683 - R:localhost/127.0.0.1:8083] onStateChange(GET{uri=/attractions, connection=PooledConnection{channel=[id: 0x71dba838, L:/127.0.0.1:51683 - R:localhost/127.0.0.1:8083]}}, [response_received])
15:53:18.072 [reactor-http-nio-47] DEBUG org.springframework.web.reactive.function.client.ExchangeFunctions - [45c9b3] Response 200 OK
15:53:18.072 [reactor-http-nio-47] DEBUG reactor.netty.channel.FluxReceive - [id: 0x71dba838, L:/127.0.0.1:51683 - R:localhost/127.0.0.1:8083] Subscribing inbound receiver [pending: 0, cancelled:false, inboundDone: false]
15:53:18.072 [reactor-http-nio-47] DEBUG reactor.netty.http.client.HttpClientOperations - [id: 0x71dba838, L:/127.0.0.1:51683 - R:localhost/127.0.0.1:8083] Received last HTTP packet
15:53:18.072 [reactor-http-nio-47] DEBUG org.springframework.core.codec.StringDecoder - [45c9b3] Decoded "[{"longitude":-117.922008,"latitude":33.817595,"attractionName":"Disneyland","city":"Anaheim","stat (truncated)...
15:53:18.072 [reactor-http-nio-47] DEBUG reactor.netty.resources.PooledConnectionProvider - [id: 0x71dba838, L:/127.0.0.1:51683 - R:localhost/127.0.0.1:8083] onStateChange(GET{uri=/attractions, connection=PooledConnection{channel=[id: 0x71dba838, L:/127.0.0.1:51683 - R:localhost/127.0.0.1:8083]}}, [disconnecting])
15:53:18.072 [reactor-http-nio-47] DEBUG reactor.netty.resources.PooledConnectionProvider - [id: 0x71dba838, L:/127.0.0.1:51683 - R:localhost/127.0.0.1:8083] Releasing channel
15:53:18.072 [reactor-http-nio-47] DEBUG reactor.netty.resources.PooledConnectionProvider - [id: 0x71dba838, L:/127.0.0.1:51683 - R:localhost/127.0.0.1:8083] Channel cleaned, now 28 active connections and 273 inactive connections
15:53:18.073 [reactor-http-nio-47] DEBUG reactor.netty.http.client.HttpClientOperations - [id: 0x3ff36d54, L:/127.0.0.1:52030 - R:localhost/127.0.0.1:8084] Received response (auto-read:false) : [Content-Type=application/json, Transfer-Encoding=chunked, Date=Wed, 15 Jun 2022 14:53:18 GMT]
15:53:18.073 [reactor-http-nio-47] DEBUG reactor.netty.resources.PooledConnectionProvider - [id: 0x3ff36d54, L:/127.0.0.1:52030 - R:localhost/127.0.0.1:8084] onStateChange(GET{uri=/attractionRewardPoint?attractionId=693f3e40-d967-403f-81c5-890f5fe2f411&userId=20453b3e-2b8f-468c-9b70-20f29cd62e9c, connection=PooledConnection{channel=[id: 0x3ff36d54, L:/127.0.0.1:52030 - R:localhost/127.0.0.1:8084]}}, [response_received])
15:53:18.073 [reactor-http-nio-47] DEBUG org.springframework.web.reactive.function.client.ExchangeFunctions - [43bb3fcb] Response 200 OK
15:53:18.073 [reactor-http-nio-47] DEBUG reactor.netty.channel.FluxReceive - [id: 0x3ff36d54, L:/127.0.0.1:52030 - R:localhost/127.0.0.1:8084] Subscribing inbound receiver [pending: 0, cancelled:false, inboundDone: false]
15:53:18.074 [reactor-http-nio-47] DEBUG reactor.netty.http.client.HttpClientOperations - [id: 0x3ff36d54, L:/127.0.0.1:52030 - R:localhost/127.0.0.1:8084] Received last HTTP packet
15:53:18.075 [reactor-http-nio-47] DEBUG org.springframework.core.codec.StringDecoder - [43bb3fcb] Decoded "399"
15:53:18.075 [reactor-http-nio-47] DEBUG reactor.netty.resources.PooledConnectionProvider - [id: 0x3ff36d54, L:/127.0.0.1:52030 - R:localhost/127.0.0.1:8084] onStateChange(GET{uri=/attractionRewardPoint?attractionId=693f3e40-d967-403f-81c5-890f5fe2f411&userId=20453b3e-2b8f-468c-9b70-20f29cd62e9c, connection=PooledConnection{channel=[id: 0x3ff36d54, L:/127.0.0.1:52030 - R:localhost/127.0.0.1:8084]}}, [disconnecting])
15:53:18.075 [reactor-http-nio-47] DEBUG reactor.netty.resources.PooledConnectionProvider - [id: 0x3ff36d54, L:/127.0.0.1:52030 - R:localhost/127.0.0.1:8084] Releasing channel
15:53:18.075 [reactor-http-nio-47] DEBUG reactor.netty.resources.PooledConnectionProvider - [id: 0x3ff36d54, L:/127.0.0.1:52030 - R:localhost/127.0.0.1:8084] Channel cleaned, now 72 active connections and 1 inactive connections
15:53:18.075 [Test worker] DEBUG org.springframework.web.reactive.function.client.ExchangeFunctions - [6680f714] HTTP GET http://localhost:8083/attractions
15:53:18.076 [reactor-http-nio-41] DEBUG reactor.netty.http.client.HttpClientOperations - [id: 0x38682cba, L:/127.0.0.1:51715 - R:localhost/127.0.0.1:8083] Received response (auto-read:false) : [Content-Type=application/json, Transfer-Encoding=chunked, Date=Wed, 15 Jun 2022 14:53:17 GMT]
15:53:18.076 [reactor-http-nio-41] DEBUG reactor.netty.resources.PooledConnectionProvider - [id: 0x38682cba, L:/127.0.0.1:51715 - R:localhost/127.0.0.1:8083] onStateChange(GET{uri=/attractions, connection=PooledConnection{channel=[id: 0x38682cba, L:/127.0.0.1:51715 - R:localhost/127.0.0.1:8083]}}, [response_received])
15:53:18.076 [reactor-http-nio-41] DEBUG org.springframework.web.reactive.function.client.ExchangeFunctions - [6ba116d3] Response 200 OK
15:53:18.076 [reactor-http-nio-41] DEBUG reactor.netty.channel.FluxReceive - [id: 0x38682cba, L:/127.0.0.1:51715 - R:localhost/127.0.0.1:8083] Subscribing inbound receiver [pending: 0, cancelled:false, inboundDone: false]
15:53:18.077 [reactor-http-nio-41] DEBUG reactor.netty.http.client.HttpClientOperations - [id: 0x363ce47f, L:/127.0.0.1:51925 - R:localhost/127.0.0.1:8083] Received response (auto-read:false) : [Content-Type=application/json, Transfer-Encoding=chunked, Date=Wed, 15 Jun 2022 14:53:17 GMT]
15:53:18.077 [reactor-http-nio-41] DEBUG reactor.netty.resources.PooledConnectionProvider - [id: 0x363ce47f, L:/127.0.0.1:51925 - R:localhost/127.0.0.1:8083] onStateChange(GET{uri=/attractions, connection=PooledConnection{channel=[id: 0x363ce47f, L:/127.0.0.1:51925 - R:localhost/127.0.0.1:8083]}}, [response_received])
15:53:18.077 [reactor-http-nio-41] DEBUG org.springframework.web.reactive.function.client.ExchangeFunctions - [7d48a52b] Response 200 OK
15:53:18.077 [reactor-http-nio-41] DEBUG reactor.netty.channel.FluxReceive - [id: 0x363ce47f, L:/127.0.0.1:51925 - R:localhost/127.0.0.1:8083] Subscribing inbound receiver [pending: 0, cancelled:false, inboundDone: false]
15:53:18.077 [reactor-http-nio-41] DEBUG reactor.netty.http.client.HttpClientOperations - [id: 0x363ce47f, L:/127.0.0.1:51925 - R:localhost/127.0.0.1:8083] Received last HTTP packet
15:53:18.078 [reactor-http-nio-41] DEBUG org.springframework.core.codec.StringDecoder - [7d48a52b] Decoded "[{"longitude":-117.922008,"latitude":33.817595,"attractionName":"Disneyland","city":"Anaheim","stat (truncated)...
15:53:18.078 [reactor-http-nio-41] DEBUG reactor.netty.resources.PooledConnectionProvider - [id: 0x363ce47f, L:/127.0.0.1:51925 - R:localhost/127.0.0.1:8083] onStateChange(GET{uri=/attractions, connection=PooledConnection{channel=[id: 0x363ce47f, L:/127.0.0.1:51925 - R:localhost/127.0.0.1:8083]}}, [disconnecting])
15:53:18.078 [reactor-http-nio-41] DEBUG reactor.netty.resources.PooledConnectionProvider - [id: 0x363ce47f, L:/127.0.0.1:51925 - R:localhost/127.0.0.1:8083] Releasing channel
15:53:18.078 [reactor-http-nio-41] DEBUG reactor.netty.resources.PooledConnectionProvider - [id: 0x363ce47f, L:/127.0.0.1:51925 - R:localhost/127.0.0.1:8083] Channel cleaned, now 27 active connections and 274 inactive connections
15:53:18.078 [reactor-http-nio-41] DEBUG reactor.netty.resources.PooledConnectionProvider - [id: 0x4d5a5786, L:/127.0.0.1:51790 - R:localhost/127.0.0.1:8083] Channel acquired, now 28 active connections and 273 inactive connections
15:53:18.078 [reactor-http-nio-41] DEBUG reactor.netty.http.client.HttpClientConnect - [id: 0x4d5a5786, L:/127.0.0.1:51790 - R:localhost/127.0.0.1:8083] Handler is being applied: {uri=http://localhost:8083/attractions, method=GET}
15:53:18.078 [reactor-http-nio-41] DEBUG reactor.netty.resources.PooledConnectionProvider - [id: 0x4d5a5786, L:/127.0.0.1:51790 - R:localhost/127.0.0.1:8083] onStateChange(GET{uri=/attractions, connection=PooledConnection{channel=[id: 0x4d5a5786, L:/127.0.0.1:51790 - R:localhost/127.0.0.1:8083]}}, [request_sent])
15:53:18.079 [reactor-http-nio-41] DEBUG reactor.netty.http.client.HttpClientOperations - [id: 0x38682cba, L:/127.0.0.1:51715 - R:localhost/127.0.0.1:8083] Received last HTTP packet
15:53:18.079 [reactor-http-nio-41] DEBUG org.springframework.core.codec.StringDecoder - [6ba116d3] Decoded "[{"longitude":-117.922008,"latitude":33.817595,"attractionName":"Disneyland","city":"Anaheim","stat (truncated)...
15:53:18.079 [reactor-http-nio-41] DEBUG reactor.netty.resources.PooledConnectionProvider - [id: 0x38682cba, L:/127.0.0.1:51715 - R:localhost/127.0.0.1:8083] onStateChange(GET{uri=/attractions, connection=PooledConnection{channel=[id: 0x38682cba, L:/127.0.0.1:51715 - R:localhost/127.0.0.1:8083]}}, [disconnecting])
15:53:18.079 [reactor-http-nio-41] DEBUG reactor.netty.resources.PooledConnectionProvider - [id: 0x38682cba, L:/127.0.0.1:51715 - R:localhost/127.0.0.1:8083] Releasing channel
15:53:18.079 [reactor-http-nio-41] DEBUG reactor.netty.resources.PooledConnectionProvider - [id: 0x38682cba, L:/127.0.0.1:51715 - R:localhost/127.0.0.1:8083] Channel cleaned, now 27 active connections and 274 inactive connections
15:53:18.082 [pool-4-thread-87] DEBUG org.springframework.web.reactive.function.client.ExchangeFunctions - [9bafaa6] HTTP GET http://localhost:8084/attractionRewardPoint?attractionId=7991768b-1ce3-4a0f-9540-e1c4bb498128&userId=bbba9704-2e44-4e72-bdbc-72abee18331c
15:53:18.085 [reactor-http-nio-47] DEBUG reactor.netty.resources.PooledConnectionProvider - [id: 0x3ff36d54, L:/127.0.0.1:52030 - R:localhost/127.0.0.1:8084] Channel acquired, now 73 active connections and 0 inactive connections
15:53:18.085 [reactor-http-nio-47] DEBUG reactor.netty.http.client.HttpClientConnect - [id: 0x3ff36d54, L:/127.0.0.1:52030 - R:localhost/127.0.0.1:8084] Handler is being applied: {uri=http://localhost:8084/attractionRewardPoint?attractionId=7991768b-1ce3-4a0f-9540-e1c4bb498128&userId=bbba9704-2e44-4e72-bdbc-72abee18331c, method=GET}
15:53:18.086 [reactor-http-nio-47] DEBUG reactor.netty.resources.PooledConnectionProvider - [id: 0x3ff36d54, L:/127.0.0.1:52030 - R:localhost/127.0.0.1:8084] onStateChange(GET{uri=/attractionRewardPoint?attractionId=7991768b-1ce3-4a0f-9540-e1c4bb498128&userId=bbba9704-2e44-4e72-bdbc-72abee18331c, connection=PooledConnection{channel=[id: 0x3ff36d54, L:/127.0.0.1:52030 - R:localhost/127.0.0.1:8084]}}, [request_sent])
15:53:18.087 [pool-4-thread-88] DEBUG org.springframework.web.reactive.function.client.ExchangeFunctions - [70dd085b] HTTP GET http://localhost:8084/attractionRewardPoint?attractionId=435904f0-be53-4ab0-802d-3a8bcab544f3&userId=4461c139-4c48-4bd3-9e07-334e684a5373
15:53:18.089 [reactor-http-nio-47] DEBUG reactor.netty.resources.PooledConnectionProvider - [id: 0x88f55f81] Created new pooled channel, now 73 active connections and 1 inactive connections
15:53:18.089 [reactor-http-nio-47] DEBUG reactor.netty.channel.BootstrapHandlers - [id: 0x88f55f81] Initialized pipeline DefaultChannelPipeline{(BootstrapHandlers$BootstrapInitializerHandler#0 = reactor.netty.channel.BootstrapHandlers$BootstrapInitializerHandler), (SimpleChannelPool$1#0 = io.netty.channel.pool.SimpleChannelPool$1), (reactor.left.httpCodec = io.netty.handler.codec.http.HttpClientCodec), (reactor.left.decompressor = io.netty.handler.codec.http.HttpContentDecompressor), (reactor.right.reactiveBridge = reactor.netty.channel.ChannelOperationsHandler)}
15:53:18.090 [pool-4-thread-89] DEBUG org.springframework.web.reactive.function.client.ExchangeFunctions - [725f3e53] HTTP GET http://localhost:8084/attractionRewardPoint?attractionId=55e6eadf-0c5d-4502-8a1b-28227f2d26bf&userId=e5d8a3b0-65c4-4bca-b1ce-5c169cb11a99
15:53:18.091 [reactor-http-nio-41] DEBUG reactor.netty.resources.PooledConnectionProvider - [id: 0x416756c7] Created new pooled channel, now 73 active connections and 2 inactive connections
15:53:18.091 [reactor-http-nio-41] DEBUG reactor.netty.channel.BootstrapHandlers - [id: 0x416756c7] Initialized pipeline DefaultChannelPipeline{(BootstrapHandlers$BootstrapInitializerHandler#0 = reactor.netty.channel.BootstrapHandlers$BootstrapInitializerHandler), (SimpleChannelPool$1#0 = io.netty.channel.pool.SimpleChannelPool$1), (reactor.left.httpCodec = io.netty.handler.codec.http.HttpClientCodec), (reactor.left.decompressor = io.netty.handler.codec.http.HttpContentDecompressor), (reactor.right.reactiveBridge = reactor.netty.channel.ChannelOperationsHandler)}
15:53:18.091 [reactor-http-nio-47] DEBUG reactor.netty.resources.PooledConnectionProvider - [id: 0x88f55f81, L:/127.0.0.1:52054 - R:localhost/127.0.0.1:8084] onStateChange(PooledConnection{channel=[id: 0x88f55f81, L:/127.0.0.1:52054 - R:localhost/127.0.0.1:8084]}, [connected])
15:53:18.091 [reactor-http-nio-47] DEBUG reactor.netty.resources.PooledConnectionProvider - [id: 0x88f55f81, L:/127.0.0.1:52054 - R:localhost/127.0.0.1:8084] onStateChange(GET{uri=/, connection=PooledConnection{channel=[id: 0x88f55f81, L:/127.0.0.1:52054 - R:localhost/127.0.0.1:8084]}}, [configured])
15:53:18.092 [reactor-http-nio-47] DEBUG reactor.netty.resources.PooledConnectionProvider - [id: 0x88f55f81, L:/127.0.0.1:52054 - R:localhost/127.0.0.1:8084] Registering pool release on close event for channel
15:53:18.092 [reactor-http-nio-47] DEBUG reactor.netty.http.client.HttpClientConnect - [id: 0x88f55f81, L:/127.0.0.1:52054 - R:localhost/127.0.0.1:8084] Handler is being applied: {uri=http://localhost:8084/attractionRewardPoint?attractionId=435904f0-be53-4ab0-802d-3a8bcab544f3&userId=4461c139-4c48-4bd3-9e07-334e684a5373, method=GET}
15:53:18.093 [reactor-http-nio-47] DEBUG reactor.netty.resources.PooledConnectionProvider - [id: 0x88f55f81, L:/127.0.0.1:52054 - R:localhost/127.0.0.1:8084] onStateChange(GET{uri=/attractionRewardPoint?attractionId=435904f0-be53-4ab0-802d-3a8bcab544f3&userId=4461c139-4c48-4bd3-9e07-334e684a5373, connection=PooledConnection{channel=[id: 0x88f55f81, L:/127.0.0.1:52054 - R:localhost/127.0.0.1:8084]}}, [request_sent])
15:53:18.093 [reactor-http-nio-47] DEBUG reactor.netty.resources.PooledConnectionProvider - [id: 0x88f55f81, L:/127.0.0.1:52054 - R:localhost/127.0.0.1:8084] Channel connected, now 74 active connections and 1 inactive connections
15:53:18.094 [reactor-http-nio-41] DEBUG reactor.netty.resources.PooledConnectionProvider - [id: 0x416756c7, L:/127.0.0.1:52055 - R:localhost/127.0.0.1:8084] onStateChange(PooledConnection{channel=[id: 0x416756c7, L:/127.0.0.1:52055 - R:localhost/127.0.0.1:8084]}, [connected])
15:53:18.094 [reactor-http-nio-41] DEBUG reactor.netty.resources.PooledConnectionProvider - [id: 0x416756c7, L:/127.0.0.1:52055 - R:localhost/127.0.0.1:8084] onStateChange(GET{uri=/, connection=PooledConnection{channel=[id: 0x416756c7, L:/127.0.0.1:52055 - R:localhost/127.0.0.1:8084]}}, [configured])
15:53:18.095 [pool-4-thread-90] DEBUG org.springframework.web.reactive.function.client.ExchangeFunctions - [6f6cde49] HTTP GET http://localhost:8084/attractionRewardPoint?attractionId=d3692ccb-cb58-4511-991e-d9f0e1052c2a&userId=63827c4f-16dd-4ef6-ae2d-12a808bf02ae
15:53:18.095 [reactor-http-nio-41] DEBUG reactor.netty.resources.PooledConnectionProvider - [id: 0x416756c7, L:/127.0.0.1:52055 - R:localhost/127.0.0.1:8084] Registering pool release on close event for channel
15:53:18.095 [reactor-http-nio-41] DEBUG reactor.netty.http.client.HttpClientConnect - [id: 0x416756c7, L:/127.0.0.1:52055 - R:localhost/127.0.0.1:8084] Handler is being applied: {uri=http://localhost:8084/attractionRewardPoint?attractionId=55e6eadf-0c5d-4502-8a1b-28227f2d26bf&userId=e5d8a3b0-65c4-4bca-b1ce-5c169cb11a99, method=GET}
15:53:18.095 [reactor-http-nio-41] DEBUG reactor.netty.resources.PooledConnectionProvider - [id: 0x416756c7, L:/127.0.0.1:52055 - R:localhost/127.0.0.1:8084] onStateChange(GET{uri=/attractionRewardPoint?attractionId=55e6eadf-0c5d-4502-8a1b-28227f2d26bf&userId=e5d8a3b0-65c4-4bca-b1ce-5c169cb11a99, connection=PooledConnection{channel=[id: 0x416756c7, L:/127.0.0.1:52055 - R:localhost/127.0.0.1:8084]}}, [request_sent])
15:53:18.095 [reactor-http-nio-41] DEBUG reactor.netty.resources.PooledConnectionProvider - [id: 0x416756c7, L:/127.0.0.1:52055 - R:localhost/127.0.0.1:8084] Channel connected, now 75 active connections and 0 inactive connections
15:53:18.096 [reactor-http-nio-47] DEBUG reactor.netty.resources.PooledConnectionProvider - [id: 0x6399e66c] Created new pooled channel, now 75 active connections and 1 inactive connections
15:53:18.096 [reactor-http-nio-47] DEBUG reactor.netty.channel.BootstrapHandlers - [id: 0x6399e66c] Initialized pipeline DefaultChannelPipeline{(BootstrapHandlers$BootstrapInitializerHandler#0 = reactor.netty.channel.BootstrapHandlers$BootstrapInitializerHandler), (SimpleChannelPool$1#0 = io.netty.channel.pool.SimpleChannelPool$1), (reactor.left.httpCodec = io.netty.handler.codec.http.HttpClientCodec), (reactor.left.decompressor = io.netty.handler.codec.http.HttpContentDecompressor), (reactor.right.reactiveBridge = reactor.netty.channel.ChannelOperationsHandler)}
15:53:18.098 [reactor-http-nio-47] DEBUG reactor.netty.resources.PooledConnectionProvider - [id: 0x6399e66c, L:/127.0.0.1:52056 - R:localhost/127.0.0.1:8084] onStateChange(PooledConnection{channel=[id: 0x6399e66c, L:/127.0.0.1:52056 - R:localhost/127.0.0.1:8084]}, [connected])
15:53:18.098 [reactor-http-nio-47] DEBUG reactor.netty.resources.PooledConnectionProvider - [id: 0x6399e66c, L:/127.0.0.1:52056 - R:localhost/127.0.0.1:8084] onStateChange(GET{uri=/, connection=PooledConnection{channel=[id: 0x6399e66c, L:/127.0.0.1:52056 - R:localhost/127.0.0.1:8084]}}, [configured])
15:53:18.098 [reactor-http-nio-47] DEBUG reactor.netty.resources.PooledConnectionProvider - [id: 0x6399e66c, L:/127.0.0.1:52056 - R:localhost/127.0.0.1:8084] Registering pool release on close event for channel
15:53:18.098 [reactor-http-nio-47] DEBUG reactor.netty.http.client.HttpClientConnect - [id: 0x6399e66c, L:/127.0.0.1:52056 - R:localhost/127.0.0.1:8084] Handler is being applied: {uri=http://localhost:8084/attractionRewardPoint?attractionId=d3692ccb-cb58-4511-991e-d9f0e1052c2a&userId=63827c4f-16dd-4ef6-ae2d-12a808bf02ae, method=GET}
15:53:18.099 [reactor-http-nio-47] DEBUG reactor.netty.resources.PooledConnectionProvider - [id: 0x6399e66c, L:/127.0.0.1:52056 - R:localhost/127.0.0.1:8084] onStateChange(GET{uri=/attractionRewardPoint?attractionId=d3692ccb-cb58-4511-991e-d9f0e1052c2a&userId=63827c4f-16dd-4ef6-ae2d-12a808bf02ae, connection=PooledConnection{channel=[id: 0x6399e66c, L:/127.0.0.1:52056 - R:localhost/127.0.0.1:8084]}}, [request_sent])
15:53:18.099 [reactor-http-nio-47] DEBUG reactor.netty.resources.PooledConnectionProvider - [id: 0x6399e66c, L:/127.0.0.1:52056 - R:localhost/127.0.0.1:8084] Channel connected, now 76 active connections and 0 inactive connections
15:53:18.099 [reactor-http-nio-47] DEBUG reactor.netty.http.client.HttpClientOperations - [id: 0xd62fd8aa, L:/127.0.0.1:51857 - R:localhost/127.0.0.1:8083] Received response (auto-read:false) : [Content-Type=application/json, Transfer-Encoding=chunked, Date=Wed, 15 Jun 2022 14:53:17 GMT]
15:53:18.099 [reactor-http-nio-47] DEBUG reactor.netty.resources.PooledConnectionProvider - [id: 0xd62fd8aa, L:/127.0.0.1:51857 - R:localhost/127.0.0.1:8083] onStateChange(GET{uri=/attractions, connection=PooledConnection{channel=[id: 0xd62fd8aa, L:/127.0.0.1:51857 - R:localhost/127.0.0.1:8083]}}, [response_received])
15:53:18.099 [reactor-http-nio-47] DEBUG org.springframework.web.reactive.function.client.ExchangeFunctions - [a708270] Response 200 OK
15:53:18.100 [reactor-http-nio-47] DEBUG reactor.netty.channel.FluxReceive - [id: 0xd62fd8aa, L:/127.0.0.1:51857 - R:localhost/127.0.0.1:8083] Subscribing inbound receiver [pending: 0, cancelled:false, inboundDone: false]
15:53:18.100 [reactor-http-nio-47] DEBUG reactor.netty.http.client.HttpClientOperations - [id: 0xd62fd8aa, L:/127.0.0.1:51857 - R:localhost/127.0.0.1:8083] Received last HTTP packet
15:53:18.100 [reactor-http-nio-47] DEBUG org.springframework.core.codec.StringDecoder - [a708270] Decoded "[{"longitude":-117.922008,"latitude":33.817595,"attractionName":"Disneyland","city":"Anaheim","stat (truncated)...
15:53:18.100 [reactor-http-nio-47] DEBUG reactor.netty.resources.PooledConnectionProvider - [id: 0xd62fd8aa, L:/127.0.0.1:51857 - R:localhost/127.0.0.1:8083] onStateChange(GET{uri=/attractions, connection=PooledConnection{channel=[id: 0xd62fd8aa, L:/127.0.0.1:51857 - R:localhost/127.0.0.1:8083]}}, [disconnecting])
15:53:18.100 [reactor-http-nio-47] DEBUG reactor.netty.resources.PooledConnectionProvider - [id: 0xd62fd8aa, L:/127.0.0.1:51857 - R:localhost/127.0.0.1:8083] Releasing channel
15:53:18.100 [reactor-http-nio-47] DEBUG reactor.netty.resources.PooledConnectionProvider - [id: 0xd62fd8aa, L:/127.0.0.1:51857 - R:localhost/127.0.0.1:8083] Channel cleaned, now 26 active connections and 275 inactive connections
15:53:18.107 [pool-4-thread-91] DEBUG org.springframework.web.reactive.function.client.ExchangeFunctions - [2c882838] HTTP GET http://localhost:8084/attractionRewardPoint?attractionId=461e762e-b6c5-4d14-8083-98c6572102f0&userId=69b999b4-96bf-4513-85fb-d346fdb56545
15:53:18.108 [reactor-http-nio-41] DEBUG reactor.netty.resources.PooledConnectionProvider - [id: 0x2982cc46] Created new pooled channel, now 76 active connections and 1 inactive connections
15:53:18.108 [reactor-http-nio-41] DEBUG reactor.netty.channel.BootstrapHandlers - [id: 0x2982cc46] Initialized pipeline DefaultChannelPipeline{(BootstrapHandlers$BootstrapInitializerHandler#0 = reactor.netty.channel.BootstrapHandlers$BootstrapInitializerHandler), (SimpleChannelPool$1#0 = io.netty.channel.pool.SimpleChannelPool$1), (reactor.left.httpCodec = io.netty.handler.codec.http.HttpClientCodec), (reactor.left.decompressor = io.netty.handler.codec.http.HttpContentDecompressor), (reactor.right.reactiveBridge = reactor.netty.channel.ChannelOperationsHandler)}
15:53:18.112 [reactor-http-nio-41] DEBUG reactor.netty.resources.PooledConnectionProvider - [id: 0x2982cc46, L:/127.0.0.1:52057 - R:localhost/127.0.0.1:8084] onStateChange(PooledConnection{channel=[id: 0x2982cc46, L:/127.0.0.1:52057 - R:localhost/127.0.0.1:8084]}, [connected])
15:53:18.112 [reactor-http-nio-41] DEBUG reactor.netty.resources.PooledConnectionProvider - [id: 0x2982cc46, L:/127.0.0.1:52057 - R:localhost/127.0.0.1:8084] onStateChange(GET{uri=/, connection=PooledConnection{channel=[id: 0x2982cc46, L:/127.0.0.1:52057 - R:localhost/127.0.0.1:8084]}}, [configured])
15:53:18.114 [reactor-http-nio-41] DEBUG reactor.netty.resources.PooledConnectionProvider - [id: 0x2982cc46, L:/127.0.0.1:52057 - R:localhost/127.0.0.1:8084] Registering pool release on close event for channel
15:53:18.114 [reactor-http-nio-41] DEBUG reactor.netty.http.client.HttpClientConnect - [id: 0x2982cc46, L:/127.0.0.1:52057 - R:localhost/127.0.0.1:8084] Handler is being applied: {uri=http://localhost:8084/attractionRewardPoint?attractionId=461e762e-b6c5-4d14-8083-98c6572102f0&userId=69b999b4-96bf-4513-85fb-d346fdb56545, method=GET}
15:53:18.115 [reactor-http-nio-41] DEBUG reactor.netty.resources.PooledConnectionProvider - [id: 0x2982cc46, L:/127.0.0.1:52057 - R:localhost/127.0.0.1:8084] onStateChange(GET{uri=/attractionRewardPoint?attractionId=461e762e-b6c5-4d14-8083-98c6572102f0&userId=69b999b4-96bf-4513-85fb-d346fdb56545, connection=PooledConnection{channel=[id: 0x2982cc46, L:/127.0.0.1:52057 - R:localhost/127.0.0.1:8084]}}, [request_sent])
15:53:18.115 [reactor-http-nio-41] DEBUG reactor.netty.resources.PooledConnectionProvider - [id: 0x2982cc46, L:/127.0.0.1:52057 - R:localhost/127.0.0.1:8084] Channel connected, now 77 active connections and 0 inactive connections
15:53:18.116 [reactor-http-nio-41] DEBUG reactor.netty.http.client.HttpClientOperations - [id: 0xc5e5b174, L:/127.0.0.1:52038 - R:localhost/127.0.0.1:8084] Received response (auto-read:false) : [Content-Type=application/json, Transfer-Encoding=chunked, Date=Wed, 15 Jun 2022 14:53:18 GMT]
15:53:18.116 [reactor-http-nio-41] DEBUG reactor.netty.resources.PooledConnectionProvider - [id: 0xc5e5b174, L:/127.0.0.1:52038 - R:localhost/127.0.0.1:8084] onStateChange(GET{uri=/attractionRewardPoint?attractionId=c875ab4b-cb3a-4c56-9b2b-5fcc560cb735&userId=086ff253-59e1-45ed-9f0b-90e96da74140, connection=PooledConnection{channel=[id: 0xc5e5b174, L:/127.0.0.1:52038 - R:localhost/127.0.0.1:8084]}}, [response_received])
15:53:18.116 [reactor-http-nio-41] DEBUG org.springframework.web.reactive.function.client.ExchangeFunctions - [5dfe6f2] Response 200 OK
15:53:18.117 [reactor-http-nio-41] DEBUG reactor.netty.channel.FluxReceive - [id: 0xc5e5b174, L:/127.0.0.1:52038 - R:localhost/127.0.0.1:8084] Subscribing inbound receiver [pending: 0, cancelled:false, inboundDone: false]
15:53:18.117 [reactor-http-nio-41] DEBUG reactor.netty.http.client.HttpClientOperations - [id: 0xc5e5b174, L:/127.0.0.1:52038 - R:localhost/127.0.0.1:8084] Received last HTTP packet
15:53:18.117 [reactor-http-nio-41] DEBUG org.springframework.core.codec.StringDecoder - [5dfe6f2] Decoded "715"
15:53:18.117 [reactor-http-nio-41] DEBUG reactor.netty.resources.PooledConnectionProvider - [id: 0xc5e5b174, L:/127.0.0.1:52038 - R:localhost/127.0.0.1:8084] onStateChange(GET{uri=/attractionRewardPoint?attractionId=c875ab4b-cb3a-4c56-9b2b-5fcc560cb735&userId=086ff253-59e1-45ed-9f0b-90e96da74140, connection=PooledConnection{channel=[id: 0xc5e5b174, L:/127.0.0.1:52038 - R:localhost/127.0.0.1:8084]}}, [disconnecting])
15:53:18.117 [reactor-http-nio-41] DEBUG reactor.netty.resources.PooledConnectionProvider - [id: 0xc5e5b174, L:/127.0.0.1:52038 - R:localhost/127.0.0.1:8084] Releasing channel
15:53:18.117 [reactor-http-nio-41] DEBUG reactor.netty.resources.PooledConnectionProvider - [id: 0xc5e5b174, L:/127.0.0.1:52038 - R:localhost/127.0.0.1:8084] Channel cleaned, now 76 active connections and 1 inactive connections
15:53:18.118 [reactor-http-nio-41] DEBUG reactor.netty.http.client.HttpClientOperations - [id: 0x710e34a5, L:/127.0.0.1:51709 - R:localhost/127.0.0.1:8083] Received response (auto-read:false) : [Content-Type=application/json, Transfer-Encoding=chunked, Date=Wed, 15 Jun 2022 14:53:17 GMT]
15:53:18.118 [reactor-http-nio-41] DEBUG reactor.netty.resources.PooledConnectionProvider - [id: 0x710e34a5, L:/127.0.0.1:51709 - R:localhost/127.0.0.1:8083] onStateChange(GET{uri=/attractions, connection=PooledConnection{channel=[id: 0x710e34a5, L:/127.0.0.1:51709 - R:localhost/127.0.0.1:8083]}}, [response_received])
15:53:18.118 [reactor-http-nio-41] DEBUG org.springframework.web.reactive.function.client.ExchangeFunctions - [1f53693a] Response 200 OK
15:53:18.118 [reactor-http-nio-41] DEBUG reactor.netty.channel.FluxReceive - [id: 0x710e34a5, L:/127.0.0.1:51709 - R:localhost/127.0.0.1:8083] Subscribing inbound receiver [pending: 0, cancelled:false, inboundDone: false]
15:53:18.118 [reactor-http-nio-41] DEBUG reactor.netty.http.client.HttpClientOperations - [id: 0x710e34a5, L:/127.0.0.1:51709 - R:localhost/127.0.0.1:8083] Received last HTTP packet
15:53:18.118 [reactor-http-nio-41] DEBUG org.springframework.core.codec.StringDecoder - [1f53693a] Decoded "[{"longitude":-117.922008,"latitude":33.817595,"attractionName":"Disneyland","city":"Anaheim","stat (truncated)...
15:53:18.118 [reactor-http-nio-41] DEBUG reactor.netty.resources.PooledConnectionProvider - [id: 0x710e34a5, L:/127.0.0.1:51709 - R:localhost/127.0.0.1:8083] onStateChange(GET{uri=/attractions, connection=PooledConnection{channel=[id: 0x710e34a5, L:/127.0.0.1:51709 - R:localhost/127.0.0.1:8083]}}, [disconnecting])
15:53:18.118 [reactor-http-nio-41] DEBUG reactor.netty.resources.PooledConnectionProvider - [id: 0x710e34a5, L:/127.0.0.1:51709 - R:localhost/127.0.0.1:8083] Releasing channel
15:53:18.118 [reactor-http-nio-41] DEBUG reactor.netty.resources.PooledConnectionProvider - [id: 0x710e34a5, L:/127.0.0.1:51709 - R:localhost/127.0.0.1:8083] Channel cleaned, now 25 active connections and 276 inactive connections
15:53:18.119 [reactor-http-nio-47] DEBUG reactor.netty.http.client.HttpClientOperations - [id: 0x578703ec, L:/127.0.0.1:52035 - R:localhost/127.0.0.1:8084] Received response (auto-read:false) : [Content-Type=application/json, Transfer-Encoding=chunked, Date=Wed, 15 Jun 2022 14:53:18 GMT]
15:53:18.119 [reactor-http-nio-47] DEBUG reactor.netty.resources.PooledConnectionProvider - [id: 0x578703ec, L:/127.0.0.1:52035 - R:localhost/127.0.0.1:8084] onStateChange(GET{uri=/attractionRewardPoint?attractionId=d29325e8-c7b0-47e1-9bcb-a6ac41c12c04&userId=d5e375b9-6de3-465c-b4f9-9a02553a3a10, connection=PooledConnection{channel=[id: 0x578703ec, L:/127.0.0.1:52035 - R:localhost/127.0.0.1:8084]}}, [response_received])
15:53:18.119 [reactor-http-nio-47] DEBUG org.springframework.web.reactive.function.client.ExchangeFunctions - [8690aa7] Response 200 OK
15:53:18.119 [reactor-http-nio-47] DEBUG reactor.netty.channel.FluxReceive - [id: 0x578703ec, L:/127.0.0.1:52035 - R:localhost/127.0.0.1:8084] Subscribing inbound receiver [pending: 0, cancelled:false, inboundDone: false]
15:53:18.119 [reactor-http-nio-47] DEBUG reactor.netty.http.client.HttpClientOperations - [id: 0x578703ec, L:/127.0.0.1:52035 - R:localhost/127.0.0.1:8084] Received last HTTP packet
15:53:18.119 [reactor-http-nio-47] DEBUG org.springframework.core.codec.StringDecoder - [8690aa7] Decoded "325"
15:53:18.119 [reactor-http-nio-47] DEBUG reactor.netty.resources.PooledConnectionProvider - [id: 0x578703ec, L:/127.0.0.1:52035 - R:localhost/127.0.0.1:8084] onStateChange(GET{uri=/attractionRewardPoint?attractionId=d29325e8-c7b0-47e1-9bcb-a6ac41c12c04&userId=d5e375b9-6de3-465c-b4f9-9a02553a3a10, connection=PooledConnection{channel=[id: 0x578703ec, L:/127.0.0.1:52035 - R:localhost/127.0.0.1:8084]}}, [disconnecting])
15:53:18.119 [reactor-http-nio-47] DEBUG reactor.netty.resources.PooledConnectionProvider - [id: 0x578703ec, L:/127.0.0.1:52035 - R:localhost/127.0.0.1:8084] Releasing channel
15:53:18.119 [reactor-http-nio-47] DEBUG reactor.netty.resources.PooledConnectionProvider - [id: 0x578703ec, L:/127.0.0.1:52035 - R:localhost/127.0.0.1:8084] Channel cleaned, now 75 active connections and 2 inactive connections
15:53:18.124 [pool-4-thread-92] DEBUG org.springframework.web.reactive.function.client.ExchangeFunctions - [5fcf307e] HTTP GET http://localhost:8084/attractionRewardPoint?attractionId=8d471aff-6b0c-47fd-835e-57ce414e9bac&userId=de83508a-4c4c-41c3-8bb1-d9c6cc6043f4
15:53:18.128 [reactor-http-nio-41] DEBUG reactor.netty.resources.PooledConnectionProvider - [id: 0xc5e5b174, L:/127.0.0.1:52038 - R:localhost/127.0.0.1:8084] Channel acquired, now 76 active connections and 1 inactive connections
15:53:18.128 [reactor-http-nio-41] DEBUG reactor.netty.http.client.HttpClientConnect - [id: 0xc5e5b174, L:/127.0.0.1:52038 - R:localhost/127.0.0.1:8084] Handler is being applied: {uri=http://localhost:8084/attractionRewardPoint?attractionId=8d471aff-6b0c-47fd-835e-57ce414e9bac&userId=de83508a-4c4c-41c3-8bb1-d9c6cc6043f4, method=GET}
15:53:18.129 [reactor-http-nio-41] DEBUG reactor.netty.resources.PooledConnectionProvider - [id: 0xc5e5b174, L:/127.0.0.1:52038 - R:localhost/127.0.0.1:8084] onStateChange(GET{uri=/attractionRewardPoint?attractionId=8d471aff-6b0c-47fd-835e-57ce414e9bac&userId=de83508a-4c4c-41c3-8bb1-d9c6cc6043f4, connection=PooledConnection{channel=[id: 0xc5e5b174, L:/127.0.0.1:52038 - R:localhost/127.0.0.1:8084]}}, [request_sent])
15:53:18.133 [reactor-http-nio-46] DEBUG reactor.netty.http.client.HttpClientOperations - [id: 0x4f70a99a, L:/127.0.0.1:52004 - R:localhost/127.0.0.1:8084] Received response (auto-read:false) : [Content-Type=application/json, Transfer-Encoding=chunked, Date=Wed, 15 Jun 2022 14:53:18 GMT]
15:53:18.133 [reactor-http-nio-46] DEBUG reactor.netty.resources.PooledConnectionProvider - [id: 0x4f70a99a, L:/127.0.0.1:52004 - R:localhost/127.0.0.1:8084] onStateChange(GET{uri=/attractionRewardPoint?attractionId=df669b32-d391-428a-8cc9-2054987f6aaa&userId=e40c0878-9e0f-4ada-a1b9-24544a7752f1, connection=PooledConnection{channel=[id: 0x4f70a99a, L:/127.0.0.1:52004 - R:localhost/127.0.0.1:8084]}}, [response_received])
15:53:18.133 [reactor-http-nio-46] DEBUG org.springframework.web.reactive.function.client.ExchangeFunctions - [64bcf1a3] Response 200 OK
15:53:18.133 [reactor-http-nio-46] DEBUG reactor.netty.channel.FluxReceive - [id: 0x4f70a99a, L:/127.0.0.1:52004 - R:localhost/127.0.0.1:8084] Subscribing inbound receiver [pending: 0, cancelled:false, inboundDone: false]
15:53:18.133 [reactor-http-nio-46] DEBUG reactor.netty.http.client.HttpClientOperations - [id: 0x4f70a99a, L:/127.0.0.1:52004 - R:localhost/127.0.0.1:8084] Received last HTTP packet
15:53:18.133 [reactor-http-nio-46] DEBUG org.springframework.core.codec.StringDecoder - [64bcf1a3] Decoded "928"
15:53:18.133 [reactor-http-nio-46] DEBUG reactor.netty.resources.PooledConnectionProvider - [id: 0x4f70a99a, L:/127.0.0.1:52004 - R:localhost/127.0.0.1:8084] onStateChange(GET{uri=/attractionRewardPoint?attractionId=df669b32-d391-428a-8cc9-2054987f6aaa&userId=e40c0878-9e0f-4ada-a1b9-24544a7752f1, connection=PooledConnection{channel=[id: 0x4f70a99a, L:/127.0.0.1:52004 - R:localhost/127.0.0.1:8084]}}, [disconnecting])
15:53:18.133 [reactor-http-nio-46] DEBUG reactor.netty.resources.PooledConnectionProvider - [id: 0x4f70a99a, L:/127.0.0.1:52004 - R:localhost/127.0.0.1:8084] Releasing channel
15:53:18.133 [reactor-http-nio-46] DEBUG reactor.netty.resources.PooledConnectionProvider - [id: 0x4f70a99a, L:/127.0.0.1:52004 - R:localhost/127.0.0.1:8084] Channel cleaned, now 75 active connections and 2 inactive connections
15:53:18.134 [reactor-http-nio-41] DEBUG reactor.netty.http.client.HttpClientOperations - [id: 0x20fc71d3, L:/127.0.0.1:51915 - R:localhost/127.0.0.1:8083] Received response (auto-read:false) : [Content-Type=application/json, Transfer-Encoding=chunked, Date=Wed, 15 Jun 2022 14:53:17 GMT]
15:53:18.134 [reactor-http-nio-41] DEBUG reactor.netty.resources.PooledConnectionProvider - [id: 0x20fc71d3, L:/127.0.0.1:51915 - R:localhost/127.0.0.1:8083] onStateChange(GET{uri=/attractions, connection=PooledConnection{channel=[id: 0x20fc71d3, L:/127.0.0.1:51915 - R:localhost/127.0.0.1:8083]}}, [response_received])
15:53:18.134 [reactor-http-nio-41] DEBUG org.springframework.web.reactive.function.client.ExchangeFunctions - [16d3a728] Response 200 OK
15:53:18.134 [reactor-http-nio-41] DEBUG reactor.netty.channel.FluxReceive - [id: 0x20fc71d3, L:/127.0.0.1:51915 - R:localhost/127.0.0.1:8083] Subscribing inbound receiver [pending: 0, cancelled:false, inboundDone: false]
15:53:18.135 [reactor-http-nio-41] DEBUG reactor.netty.http.client.HttpClientOperations - [id: 0x20fc71d3, L:/127.0.0.1:51915 - R:localhost/127.0.0.1:8083] Received last HTTP packet
15:53:18.135 [reactor-http-nio-41] DEBUG org.springframework.core.codec.StringDecoder - [16d3a728] Decoded "[{"longitude":-117.922008,"latitude":33.817595,"attractionName":"Disneyland","city":"Anaheim","stat (truncated)...
15:53:18.135 [reactor-http-nio-41] DEBUG reactor.netty.resources.PooledConnectionProvider - [id: 0x20fc71d3, L:/127.0.0.1:51915 - R:localhost/127.0.0.1:8083] onStateChange(GET{uri=/attractions, connection=PooledConnection{channel=[id: 0x20fc71d3, L:/127.0.0.1:51915 - R:localhost/127.0.0.1:8083]}}, [disconnecting])
15:53:18.135 [reactor-http-nio-41] DEBUG reactor.netty.resources.PooledConnectionProvider - [id: 0x20fc71d3, L:/127.0.0.1:51915 - R:localhost/127.0.0.1:8083] Releasing channel
15:53:18.135 [reactor-http-nio-41] DEBUG reactor.netty.resources.PooledConnectionProvider - [id: 0x20fc71d3, L:/127.0.0.1:51915 - R:localhost/127.0.0.1:8083] Channel cleaned, now 24 active connections and 277 inactive connections
15:53:18.143 [reactor-http-nio-47] DEBUG reactor.netty.http.client.HttpClientOperations - [id: 0xe35e117d, L:/127.0.0.1:51893 - R:localhost/127.0.0.1:8083] Received response (auto-read:false) : [Content-Type=application/json, Transfer-Encoding=chunked, Date=Wed, 15 Jun 2022 14:53:17 GMT]
15:53:18.143 [reactor-http-nio-47] DEBUG reactor.netty.resources.PooledConnectionProvider - [id: 0xe35e117d, L:/127.0.0.1:51893 - R:localhost/127.0.0.1:8083] onStateChange(GET{uri=/attractions, connection=PooledConnection{channel=[id: 0xe35e117d, L:/127.0.0.1:51893 - R:localhost/127.0.0.1:8083]}}, [response_received])
15:53:18.143 [reactor-http-nio-47] DEBUG org.springframework.web.reactive.function.client.ExchangeFunctions - [2c987c18] Response 200 OK
15:53:18.143 [reactor-http-nio-48] DEBUG reactor.netty.http.client.HttpClientOperations - [id: 0x20783448, L:/127.0.0.1:51928 - R:localhost/127.0.0.1:8083] Received response (auto-read:false) : [Content-Type=application/json, Transfer-Encoding=chunked, Date=Wed, 15 Jun 2022 14:53:17 GMT]
15:53:18.143 [reactor-http-nio-48] DEBUG reactor.netty.resources.PooledConnectionProvider - [id: 0x20783448, L:/127.0.0.1:51928 - R:localhost/127.0.0.1:8083] onStateChange(GET{uri=/attractions, connection=PooledConnection{channel=[id: 0x20783448, L:/127.0.0.1:51928 - R:localhost/127.0.0.1:8083]}}, [response_received])
15:53:18.143 [reactor-http-nio-48] DEBUG org.springframework.web.reactive.function.client.ExchangeFunctions - [45156dc3] Response 200 OK
15:53:18.143 [reactor-http-nio-47] DEBUG reactor.netty.channel.FluxReceive - [id: 0xe35e117d, L:/127.0.0.1:51893 - R:localhost/127.0.0.1:8083] Subscribing inbound receiver [pending: 0, cancelled:false, inboundDone: false]
15:53:18.143 [reactor-http-nio-48] DEBUG reactor.netty.channel.FluxReceive - [id: 0x20783448, L:/127.0.0.1:51928 - R:localhost/127.0.0.1:8083] Subscribing inbound receiver [pending: 0, cancelled:false, inboundDone: false]
15:53:18.143 [reactor-http-nio-47] DEBUG reactor.netty.http.client.HttpClientOperations - [id: 0xe35e117d, L:/127.0.0.1:51893 - R:localhost/127.0.0.1:8083] Received last HTTP packet
15:53:18.143 [reactor-http-nio-48] DEBUG reactor.netty.http.client.HttpClientOperations - [id: 0x20783448, L:/127.0.0.1:51928 - R:localhost/127.0.0.1:8083] Received last HTTP packet
15:53:18.143 [reactor-http-nio-47] DEBUG org.springframework.core.codec.StringDecoder - [2c987c18] Decoded "[{"longitude":-117.922008,"latitude":33.817595,"attractionName":"Disneyland","city":"Anaheim","stat (truncated)...
15:53:18.143 [reactor-http-nio-48] DEBUG org.springframework.core.codec.StringDecoder - [45156dc3] Decoded "[{"longitude":-117.922008,"latitude":33.817595,"attractionName":"Disneyland","city":"Anaheim","stat (truncated)...
15:53:18.143 [reactor-http-nio-47] DEBUG reactor.netty.resources.PooledConnectionProvider - [id: 0xe35e117d, L:/127.0.0.1:51893 - R:localhost/127.0.0.1:8083] onStateChange(GET{uri=/attractions, connection=PooledConnection{channel=[id: 0xe35e117d, L:/127.0.0.1:51893 - R:localhost/127.0.0.1:8083]}}, [disconnecting])
15:53:18.143 [reactor-http-nio-47] DEBUG reactor.netty.resources.PooledConnectionProvider - [id: 0xe35e117d, L:/127.0.0.1:51893 - R:localhost/127.0.0.1:8083] Releasing channel
15:53:18.143 [reactor-http-nio-47] DEBUG reactor.netty.resources.PooledConnectionProvider - [id: 0xe35e117d, L:/127.0.0.1:51893 - R:localhost/127.0.0.1:8083] Channel cleaned, now 23 active connections and 278 inactive connections
15:53:18.143 [reactor-http-nio-48] DEBUG reactor.netty.resources.PooledConnectionProvider - [id: 0x20783448, L:/127.0.0.1:51928 - R:localhost/127.0.0.1:8083] onStateChange(GET{uri=/attractions, connection=PooledConnection{channel=[id: 0x20783448, L:/127.0.0.1:51928 - R:localhost/127.0.0.1:8083]}}, [disconnecting])
15:53:18.144 [reactor-http-nio-48] DEBUG reactor.netty.resources.PooledConnectionProvider - [id: 0x20783448, L:/127.0.0.1:51928 - R:localhost/127.0.0.1:8083] Releasing channel
15:53:18.144 [reactor-http-nio-48] DEBUG reactor.netty.resources.PooledConnectionProvider - [id: 0x20783448, L:/127.0.0.1:51928 - R:localhost/127.0.0.1:8083] Channel cleaned, now 22 active connections and 279 inactive connections
15:53:18.145 [reactor-http-nio-47] DEBUG reactor.netty.http.client.HttpClientOperations - [id: 0xaeb3e815, L:/127.0.0.1:51887 - R:localhost/127.0.0.1:8083] Received response (auto-read:false) : [Content-Type=application/json, Transfer-Encoding=chunked, Date=Wed, 15 Jun 2022 14:53:17 GMT]
15:53:18.145 [reactor-http-nio-47] DEBUG reactor.netty.resources.PooledConnectionProvider - [id: 0xaeb3e815, L:/127.0.0.1:51887 - R:localhost/127.0.0.1:8083] onStateChange(GET{uri=/attractions, connection=PooledConnection{channel=[id: 0xaeb3e815, L:/127.0.0.1:51887 - R:localhost/127.0.0.1:8083]}}, [response_received])
15:53:18.145 [reactor-http-nio-47] DEBUG org.springframework.web.reactive.function.client.ExchangeFunctions - [4c46ea3d] Response 200 OK
15:53:18.145 [reactor-http-nio-47] DEBUG reactor.netty.channel.FluxReceive - [id: 0xaeb3e815, L:/127.0.0.1:51887 - R:localhost/127.0.0.1:8083] Subscribing inbound receiver [pending: 0, cancelled:false, inboundDone: false]
15:53:18.146 [reactor-http-nio-47] DEBUG reactor.netty.http.client.HttpClientOperations - [id: 0xaeb3e815, L:/127.0.0.1:51887 - R:localhost/127.0.0.1:8083] Received last HTTP packet
15:53:18.146 [reactor-http-nio-47] DEBUG org.springframework.core.codec.StringDecoder - [4c46ea3d] Decoded "[{"longitude":-117.922008,"latitude":33.817595,"attractionName":"Disneyland","city":"Anaheim","stat (truncated)...
15:53:18.146 [reactor-http-nio-47] DEBUG reactor.netty.resources.PooledConnectionProvider - [id: 0xaeb3e815, L:/127.0.0.1:51887 - R:localhost/127.0.0.1:8083] onStateChange(GET{uri=/attractions, connection=PooledConnection{channel=[id: 0xaeb3e815, L:/127.0.0.1:51887 - R:localhost/127.0.0.1:8083]}}, [disconnecting])
15:53:18.146 [reactor-http-nio-47] DEBUG reactor.netty.resources.PooledConnectionProvider - [id: 0xaeb3e815, L:/127.0.0.1:51887 - R:localhost/127.0.0.1:8083] Releasing channel
15:53:18.146 [reactor-http-nio-47] DEBUG reactor.netty.resources.PooledConnectionProvider - [id: 0xaeb3e815, L:/127.0.0.1:51887 - R:localhost/127.0.0.1:8083] Channel cleaned, now 21 active connections and 280 inactive connections
15:53:18.146 [pool-4-thread-93] DEBUG org.springframework.web.reactive.function.client.ExchangeFunctions - [4b992cd4] HTTP GET http://localhost:8084/attractionRewardPoint?attractionId=88ea798c-0326-4e1d-bdfe-c397530d1c54&userId=0593c2e3-e7d4-4c17-a881-63f339ca301d
15:53:18.147 [reactor-http-nio-47] DEBUG reactor.netty.resources.PooledConnectionProvider - [id: 0x578703ec, L:/127.0.0.1:52035 - R:localhost/127.0.0.1:8084] Channel acquired, now 76 active connections and 1 inactive connections
15:53:18.147 [reactor-http-nio-47] DEBUG reactor.netty.http.client.HttpClientConnect - [id: 0x578703ec, L:/127.0.0.1:52035 - R:localhost/127.0.0.1:8084] Handler is being applied: {uri=http://localhost:8084/attractionRewardPoint?attractionId=88ea798c-0326-4e1d-bdfe-c397530d1c54&userId=0593c2e3-e7d4-4c17-a881-63f339ca301d, method=GET}
15:53:18.148 [reactor-http-nio-47] DEBUG reactor.netty.resources.PooledConnectionProvider - [id: 0x578703ec, L:/127.0.0.1:52035 - R:localhost/127.0.0.1:8084] onStateChange(GET{uri=/attractionRewardPoint?attractionId=88ea798c-0326-4e1d-bdfe-c397530d1c54&userId=0593c2e3-e7d4-4c17-a881-63f339ca301d, connection=PooledConnection{channel=[id: 0x578703ec, L:/127.0.0.1:52035 - R:localhost/127.0.0.1:8084]}}, [request_sent])
15:53:18.153 [pool-4-thread-94] DEBUG org.springframework.web.reactive.function.client.ExchangeFunctions - [3ce8ffc] HTTP GET http://localhost:8084/attractionRewardPoint?attractionId=8fcc2cdf-4dc4-4c23-805a-41f46dbbe464&userId=e5cf1ab7-4505-4e2b-aeb7-ec58e5252d83
15:53:18.153 [reactor-http-nio-46] DEBUG reactor.netty.http.client.HttpClientOperations - [id: 0x8e4bf8f0, L:/127.0.0.1:51754 - R:localhost/127.0.0.1:8083] Received response (auto-read:false) : [Content-Type=application/json, Transfer-Encoding=chunked, Date=Wed, 15 Jun 2022 14:53:17 GMT]
15:53:18.153 [reactor-http-nio-46] DEBUG reactor.netty.resources.PooledConnectionProvider - [id: 0x8e4bf8f0, L:/127.0.0.1:51754 - R:localhost/127.0.0.1:8083] onStateChange(GET{uri=/attractions, connection=PooledConnection{channel=[id: 0x8e4bf8f0, L:/127.0.0.1:51754 - R:localhost/127.0.0.1:8083]}}, [response_received])
15:53:18.153 [reactor-http-nio-46] DEBUG org.springframework.web.reactive.function.client.ExchangeFunctions - [13c838d] Response 200 OK
15:53:18.154 [reactor-http-nio-46] DEBUG reactor.netty.channel.FluxReceive - [id: 0x8e4bf8f0, L:/127.0.0.1:51754 - R:localhost/127.0.0.1:8083] Subscribing inbound receiver [pending: 0, cancelled:false, inboundDone: false]
15:53:18.154 [reactor-http-nio-46] DEBUG reactor.netty.http.client.HttpClientOperations - [id: 0x8e4bf8f0, L:/127.0.0.1:51754 - R:localhost/127.0.0.1:8083] Received last HTTP packet
15:53:18.154 [reactor-http-nio-46] DEBUG org.springframework.core.codec.StringDecoder - [13c838d] Decoded "[{"longitude":-117.922008,"latitude":33.817595,"attractionName":"Disneyland","city":"Anaheim","stat (truncated)...
15:53:18.154 [reactor-http-nio-46] DEBUG reactor.netty.resources.PooledConnectionProvider - [id: 0x8e4bf8f0, L:/127.0.0.1:51754 - R:localhost/127.0.0.1:8083] onStateChange(GET{uri=/attractions, connection=PooledConnection{channel=[id: 0x8e4bf8f0, L:/127.0.0.1:51754 - R:localhost/127.0.0.1:8083]}}, [disconnecting])
15:53:18.154 [reactor-http-nio-46] DEBUG reactor.netty.resources.PooledConnectionProvider - [id: 0x8e4bf8f0, L:/127.0.0.1:51754 - R:localhost/127.0.0.1:8083] Releasing channel
15:53:18.154 [reactor-http-nio-48] DEBUG reactor.netty.http.client.HttpClientOperations - [id: 0xa3c72883, L:/127.0.0.1:51976 - R:localhost/127.0.0.1:8083] Received response (auto-read:false) : [Content-Type=application/json, Transfer-Encoding=chunked, Date=Wed, 15 Jun 2022 14:53:17 GMT]
15:53:18.154 [reactor-http-nio-46] DEBUG reactor.netty.resources.PooledConnectionProvider - [id: 0x8e4bf8f0, L:/127.0.0.1:51754 - R:localhost/127.0.0.1:8083] Channel cleaned, now 20 active connections and 281 inactive connections
15:53:18.154 [reactor-http-nio-48] DEBUG reactor.netty.resources.PooledConnectionProvider - [id: 0xa3c72883, L:/127.0.0.1:51976 - R:localhost/127.0.0.1:8083] onStateChange(GET{uri=/attractions, connection=PooledConnection{channel=[id: 0xa3c72883, L:/127.0.0.1:51976 - R:localhost/127.0.0.1:8083]}}, [response_received])
15:53:18.154 [reactor-http-nio-48] DEBUG org.springframework.web.reactive.function.client.ExchangeFunctions - [1902e38e] Response 200 OK
15:53:18.154 [reactor-http-nio-48] DEBUG reactor.netty.channel.FluxReceive - [id: 0xa3c72883, L:/127.0.0.1:51976 - R:localhost/127.0.0.1:8083] Subscribing inbound receiver [pending: 0, cancelled:false, inboundDone: false]
15:53:18.154 [reactor-http-nio-48] DEBUG reactor.netty.http.client.HttpClientOperations - [id: 0xa3c72883, L:/127.0.0.1:51976 - R:localhost/127.0.0.1:8083] Received last HTTP packet
15:53:18.154 [reactor-http-nio-48] DEBUG org.springframework.core.codec.StringDecoder - [1902e38e] Decoded "[{"longitude":-117.922008,"latitude":33.817595,"attractionName":"Disneyland","city":"Anaheim","stat (truncated)...
15:53:18.154 [reactor-http-nio-48] DEBUG reactor.netty.resources.PooledConnectionProvider - [id: 0xa3c72883, L:/127.0.0.1:51976 - R:localhost/127.0.0.1:8083] onStateChange(GET{uri=/attractions, connection=PooledConnection{channel=[id: 0xa3c72883, L:/127.0.0.1:51976 - R:localhost/127.0.0.1:8083]}}, [disconnecting])
15:53:18.154 [reactor-http-nio-48] DEBUG reactor.netty.resources.PooledConnectionProvider - [id: 0xa3c72883, L:/127.0.0.1:51976 - R:localhost/127.0.0.1:8083] Releasing channel
15:53:18.154 [reactor-http-nio-48] DEBUG reactor.netty.resources.PooledConnectionProvider - [id: 0xa3c72883, L:/127.0.0.1:51976 - R:localhost/127.0.0.1:8083] Channel cleaned, now 19 active connections and 282 inactive connections
15:53:18.154 [reactor-http-nio-48] DEBUG reactor.netty.http.client.HttpClientOperations - [id: 0xc9744fd6, L:/127.0.0.1:51978 - R:localhost/127.0.0.1:8083] Received response (auto-read:false) : [Content-Type=application/json, Transfer-Encoding=chunked, Date=Wed, 15 Jun 2022 14:53:17 GMT]
15:53:18.154 [reactor-http-nio-48] DEBUG reactor.netty.resources.PooledConnectionProvider - [id: 0xc9744fd6, L:/127.0.0.1:51978 - R:localhost/127.0.0.1:8083] onStateChange(GET{uri=/attractions, connection=PooledConnection{channel=[id: 0xc9744fd6, L:/127.0.0.1:51978 - R:localhost/127.0.0.1:8083]}}, [response_received])
15:53:18.155 [reactor-http-nio-48] DEBUG org.springframework.web.reactive.function.client.ExchangeFunctions - [4f3edbde] Response 200 OK
15:53:18.155 [reactor-http-nio-48] DEBUG reactor.netty.channel.FluxReceive - [id: 0xc9744fd6, L:/127.0.0.1:51978 - R:localhost/127.0.0.1:8083] Subscribing inbound receiver [pending: 0, cancelled:false, inboundDone: false]
15:53:18.155 [reactor-http-nio-48] DEBUG reactor.netty.http.client.HttpClientOperations - [id: 0xc9744fd6, L:/127.0.0.1:51978 - R:localhost/127.0.0.1:8083] Received last HTTP packet
15:53:18.156 [reactor-http-nio-48] DEBUG org.springframework.core.codec.StringDecoder - [4f3edbde] Decoded "[{"longitude":-117.922008,"latitude":33.817595,"attractionName":"Disneyland","city":"Anaheim","stat (truncated)...
15:53:18.156 [reactor-http-nio-48] DEBUG reactor.netty.resources.PooledConnectionProvider - [id: 0xc9744fd6, L:/127.0.0.1:51978 - R:localhost/127.0.0.1:8083] onStateChange(GET{uri=/attractions, connection=PooledConnection{channel=[id: 0xc9744fd6, L:/127.0.0.1:51978 - R:localhost/127.0.0.1:8083]}}, [disconnecting])
15:53:18.156 [reactor-http-nio-48] DEBUG reactor.netty.resources.PooledConnectionProvider - [id: 0xc9744fd6, L:/127.0.0.1:51978 - R:localhost/127.0.0.1:8083] Releasing channel
15:53:18.156 [reactor-http-nio-48] DEBUG reactor.netty.resources.PooledConnectionProvider - [id: 0xc9744fd6, L:/127.0.0.1:51978 - R:localhost/127.0.0.1:8083] Channel cleaned, now 18 active connections and 283 inactive connections
15:53:18.157 [reactor-http-nio-46] DEBUG reactor.netty.resources.PooledConnectionProvider - [id: 0x4f70a99a, L:/127.0.0.1:52004 - R:localhost/127.0.0.1:8084] Channel acquired, now 77 active connections and 0 inactive connections
15:53:18.157 [reactor-http-nio-46] DEBUG reactor.netty.http.client.HttpClientConnect - [id: 0x4f70a99a, L:/127.0.0.1:52004 - R:localhost/127.0.0.1:8084] Handler is being applied: {uri=http://localhost:8084/attractionRewardPoint?attractionId=8fcc2cdf-4dc4-4c23-805a-41f46dbbe464&userId=e5cf1ab7-4505-4e2b-aeb7-ec58e5252d83, method=GET}
15:53:18.158 [reactor-http-nio-46] DEBUG reactor.netty.resources.PooledConnectionProvider - [id: 0x4f70a99a, L:/127.0.0.1:52004 - R:localhost/127.0.0.1:8084] onStateChange(GET{uri=/attractionRewardPoint?attractionId=8fcc2cdf-4dc4-4c23-805a-41f46dbbe464&userId=e5cf1ab7-4505-4e2b-aeb7-ec58e5252d83, connection=PooledConnection{channel=[id: 0x4f70a99a, L:/127.0.0.1:52004 - R:localhost/127.0.0.1:8084]}}, [request_sent])
15:53:18.160 [pool-4-thread-95] DEBUG org.springframework.web.reactive.function.client.ExchangeFunctions - [49efdfd3] HTTP GET http://localhost:8084/attractionRewardPoint?attractionId=2a319461-2f79-4592-9512-73ae74e46f74&userId=13e3d617-c848-411f-b435-d04ad599b9b5
15:53:18.161 [reactor-http-nio-48] DEBUG reactor.netty.http.client.HttpClientOperations - [id: 0xbf312382, L:/127.0.0.1:51979 - R:localhost/127.0.0.1:8083] Received response (auto-read:false) : [Content-Type=application/json, Transfer-Encoding=chunked, Date=Wed, 15 Jun 2022 14:53:17 GMT]
15:53:18.161 [reactor-http-nio-48] DEBUG reactor.netty.resources.PooledConnectionProvider - [id: 0xbf312382, L:/127.0.0.1:51979 - R:localhost/127.0.0.1:8083] onStateChange(GET{uri=/attractions, connection=PooledConnection{channel=[id: 0xbf312382, L:/127.0.0.1:51979 - R:localhost/127.0.0.1:8083]}}, [response_received])
15:53:18.161 [reactor-http-nio-48] DEBUG org.springframework.web.reactive.function.client.ExchangeFunctions - [27dffbed] Response 200 OK
15:53:18.161 [reactor-http-nio-48] DEBUG reactor.netty.channel.FluxReceive - [id: 0xbf312382, L:/127.0.0.1:51979 - R:localhost/127.0.0.1:8083] Subscribing inbound receiver [pending: 0, cancelled:false, inboundDone: false]
15:53:18.161 [reactor-http-nio-48] DEBUG reactor.netty.http.client.HttpClientOperations - [id: 0xbf312382, L:/127.0.0.1:51979 - R:localhost/127.0.0.1:8083] Received last HTTP packet
15:53:18.161 [reactor-http-nio-47] DEBUG reactor.netty.http.client.HttpClientOperations - [id: 0xd987e438, L:/127.0.0.1:51866 - R:localhost/127.0.0.1:8083] Received response (auto-read:false) : [Content-Type=application/json, Transfer-Encoding=chunked, Date=Wed, 15 Jun 2022 14:53:17 GMT]
15:53:18.161 [reactor-http-nio-47] DEBUG reactor.netty.resources.PooledConnectionProvider - [id: 0xd987e438, L:/127.0.0.1:51866 - R:localhost/127.0.0.1:8083] onStateChange(GET{uri=/attractions, connection=PooledConnection{channel=[id: 0xd987e438, L:/127.0.0.1:51866 - R:localhost/127.0.0.1:8083]}}, [response_received])
15:53:18.161 [reactor-http-nio-47] DEBUG org.springframework.web.reactive.function.client.ExchangeFunctions - [143c8eb0] Response 200 OK
15:53:18.161 [reactor-http-nio-48] DEBUG org.springframework.core.codec.StringDecoder - [27dffbed] Decoded "[{"longitude":-117.922008,"latitude":33.817595,"attractionName":"Disneyland","city":"Anaheim","stat (truncated)...
15:53:18.161 [reactor-http-nio-48] DEBUG reactor.netty.resources.PooledConnectionProvider - [id: 0xbf312382, L:/127.0.0.1:51979 - R:localhost/127.0.0.1:8083] onStateChange(GET{uri=/attractions, connection=PooledConnection{channel=[id: 0xbf312382, L:/127.0.0.1:51979 - R:localhost/127.0.0.1:8083]}}, [disconnecting])
15:53:18.161 [reactor-http-nio-48] DEBUG reactor.netty.resources.PooledConnectionProvider - [id: 0xbf312382, L:/127.0.0.1:51979 - R:localhost/127.0.0.1:8083] Releasing channel
15:53:18.161 [reactor-http-nio-48] DEBUG reactor.netty.resources.PooledConnectionProvider - [id: 0xbf312382, L:/127.0.0.1:51979 - R:localhost/127.0.0.1:8083] Channel cleaned, now 17 active connections and 284 inactive connections
15:53:18.162 [reactor-http-nio-47] DEBUG reactor.netty.channel.FluxReceive - [id: 0xd987e438, L:/127.0.0.1:51866 - R:localhost/127.0.0.1:8083] Subscribing inbound receiver [pending: 0, cancelled:false, inboundDone: false]
15:53:18.162 [reactor-http-nio-47] DEBUG reactor.netty.http.client.HttpClientOperations - [id: 0xd987e438, L:/127.0.0.1:51866 - R:localhost/127.0.0.1:8083] Received last HTTP packet
15:53:18.162 [reactor-http-nio-47] DEBUG org.springframework.core.codec.StringDecoder - [143c8eb0] Decoded "[{"longitude":-117.922008,"latitude":33.817595,"attractionName":"Disneyland","city":"Anaheim","stat (truncated)...
15:53:18.162 [reactor-http-nio-47] DEBUG reactor.netty.resources.PooledConnectionProvider - [id: 0xd987e438, L:/127.0.0.1:51866 - R:localhost/127.0.0.1:8083] onStateChange(GET{uri=/attractions, connection=PooledConnection{channel=[id: 0xd987e438, L:/127.0.0.1:51866 - R:localhost/127.0.0.1:8083]}}, [disconnecting])
15:53:18.162 [reactor-http-nio-47] DEBUG reactor.netty.resources.PooledConnectionProvider - [id: 0xd987e438, L:/127.0.0.1:51866 - R:localhost/127.0.0.1:8083] Releasing channel
15:53:18.162 [reactor-http-nio-47] DEBUG reactor.netty.resources.PooledConnectionProvider - [id: 0xd987e438, L:/127.0.0.1:51866 - R:localhost/127.0.0.1:8083] Channel cleaned, now 16 active connections and 285 inactive connections
15:53:18.163 [pool-4-thread-96] DEBUG org.springframework.web.reactive.function.client.ExchangeFunctions - [a4cf091] HTTP GET http://localhost:8084/attractionRewardPoint?attractionId=d402da7f-6dc4-425a-b030-88756527dd23&userId=5ae50876-0f88-4653-8652-0711d4c15c82
15:53:18.164 [reactor-http-nio-46] DEBUG reactor.netty.resources.PooledConnectionProvider - [id: 0xd1b6c073] Created new pooled channel, now 77 active connections and 1 inactive connections
15:53:18.164 [reactor-http-nio-46] DEBUG reactor.netty.channel.BootstrapHandlers - [id: 0xd1b6c073] Initialized pipeline DefaultChannelPipeline{(BootstrapHandlers$BootstrapInitializerHandler#0 = reactor.netty.channel.BootstrapHandlers$BootstrapInitializerHandler), (SimpleChannelPool$1#0 = io.netty.channel.pool.SimpleChannelPool$1), (reactor.left.httpCodec = io.netty.handler.codec.http.HttpClientCodec), (reactor.left.decompressor = io.netty.handler.codec.http.HttpContentDecompressor), (reactor.right.reactiveBridge = reactor.netty.channel.ChannelOperationsHandler)}
15:53:18.164 [reactor-http-nio-48] DEBUG reactor.netty.resources.PooledConnectionProvider - [id: 0xb13623cf] Created new pooled channel, now 77 active connections and 2 inactive connections
15:53:18.164 [reactor-http-nio-48] DEBUG reactor.netty.channel.BootstrapHandlers - [id: 0xb13623cf] Initialized pipeline DefaultChannelPipeline{(BootstrapHandlers$BootstrapInitializerHandler#0 = reactor.netty.channel.BootstrapHandlers$BootstrapInitializerHandler), (SimpleChannelPool$1#0 = io.netty.channel.pool.SimpleChannelPool$1), (reactor.left.httpCodec = io.netty.handler.codec.http.HttpClientCodec), (reactor.left.decompressor = io.netty.handler.codec.http.HttpContentDecompressor), (reactor.right.reactiveBridge = reactor.netty.channel.ChannelOperationsHandler)}
15:53:18.165 [reactor-http-nio-46] DEBUG reactor.netty.resources.PooledConnectionProvider - [id: 0xd1b6c073, L:/127.0.0.1:52058 - R:localhost/127.0.0.1:8084] onStateChange(PooledConnection{channel=[id: 0xd1b6c073, L:/127.0.0.1:52058 - R:localhost/127.0.0.1:8084]}, [connected])
15:53:18.165 [reactor-http-nio-46] DEBUG reactor.netty.resources.PooledConnectionProvider - [id: 0xd1b6c073, L:/127.0.0.1:52058 - R:localhost/127.0.0.1:8084] onStateChange(GET{uri=/, connection=PooledConnection{channel=[id: 0xd1b6c073, L:/127.0.0.1:52058 - R:localhost/127.0.0.1:8084]}}, [configured])
15:53:18.166 [reactor-http-nio-48] DEBUG reactor.netty.resources.PooledConnectionProvider - [id: 0xb13623cf, L:/127.0.0.1:52059 - R:localhost/127.0.0.1:8084] onStateChange(PooledConnection{channel=[id: 0xb13623cf, L:/127.0.0.1:52059 - R:localhost/127.0.0.1:8084]}, [connected])
15:53:18.166 [reactor-http-nio-48] DEBUG reactor.netty.resources.PooledConnectionProvider - [id: 0xb13623cf, L:/127.0.0.1:52059 - R:localhost/127.0.0.1:8084] onStateChange(GET{uri=/, connection=PooledConnection{channel=[id: 0xb13623cf, L:/127.0.0.1:52059 - R:localhost/127.0.0.1:8084]}}, [configured])
15:53:18.166 [reactor-http-nio-46] DEBUG reactor.netty.resources.PooledConnectionProvider - [id: 0xd1b6c073, L:/127.0.0.1:52058 - R:localhost/127.0.0.1:8084] Registering pool release on close event for channel
15:53:18.166 [reactor-http-nio-46] DEBUG reactor.netty.http.client.HttpClientConnect - [id: 0xd1b6c073, L:/127.0.0.1:52058 - R:localhost/127.0.0.1:8084] Handler is being applied: {uri=http://localhost:8084/attractionRewardPoint?attractionId=2a319461-2f79-4592-9512-73ae74e46f74&userId=13e3d617-c848-411f-b435-d04ad599b9b5, method=GET}
15:53:18.167 [reactor-http-nio-46] DEBUG reactor.netty.resources.PooledConnectionProvider - [id: 0xd1b6c073, L:/127.0.0.1:52058 - R:localhost/127.0.0.1:8084] onStateChange(GET{uri=/attractionRewardPoint?attractionId=2a319461-2f79-4592-9512-73ae74e46f74&userId=13e3d617-c848-411f-b435-d04ad599b9b5, connection=PooledConnection{channel=[id: 0xd1b6c073, L:/127.0.0.1:52058 - R:localhost/127.0.0.1:8084]}}, [request_sent])
15:53:18.167 [reactor-http-nio-46] DEBUG reactor.netty.resources.PooledConnectionProvider - [id: 0xd1b6c073, L:/127.0.0.1:52058 - R:localhost/127.0.0.1:8084] Channel connected, now 78 active connections and 1 inactive connections
15:53:18.167 [reactor-http-nio-48] DEBUG reactor.netty.resources.PooledConnectionProvider - [id: 0xb13623cf, L:/127.0.0.1:52059 - R:localhost/127.0.0.1:8084] Registering pool release on close event for channel
15:53:18.167 [reactor-http-nio-48] DEBUG reactor.netty.http.client.HttpClientConnect - [id: 0xb13623cf, L:/127.0.0.1:52059 - R:localhost/127.0.0.1:8084] Handler is being applied: {uri=http://localhost:8084/attractionRewardPoint?attractionId=d402da7f-6dc4-425a-b030-88756527dd23&userId=5ae50876-0f88-4653-8652-0711d4c15c82, method=GET}
15:53:18.169 [reactor-http-nio-48] DEBUG reactor.netty.resources.PooledConnectionProvider - [id: 0xb13623cf, L:/127.0.0.1:52059 - R:localhost/127.0.0.1:8084] onStateChange(GET{uri=/attractionRewardPoint?attractionId=d402da7f-6dc4-425a-b030-88756527dd23&userId=5ae50876-0f88-4653-8652-0711d4c15c82, connection=PooledConnection{channel=[id: 0xb13623cf, L:/127.0.0.1:52059 - R:localhost/127.0.0.1:8084]}}, [request_sent])
15:53:18.169 [reactor-http-nio-48] DEBUG reactor.netty.resources.PooledConnectionProvider - [id: 0xb13623cf, L:/127.0.0.1:52059 - R:localhost/127.0.0.1:8084] Channel connected, now 79 active connections and 0 inactive connections
15:53:18.172 [pool-4-thread-97] DEBUG org.springframework.web.reactive.function.client.ExchangeFunctions - [18e1c668] HTTP GET http://localhost:8084/attractionRewardPoint?attractionId=a1303c2c-485e-4ff2-9ce8-26ce1c7ccdca&userId=a109cebc-d760-4f13-9685-25b1e1a768dc
15:53:18.173 [reactor-http-nio-46] DEBUG reactor.netty.resources.PooledConnectionProvider - [id: 0xfca5fd44] Created new pooled channel, now 79 active connections and 1 inactive connections
15:53:18.173 [reactor-http-nio-46] DEBUG reactor.netty.channel.BootstrapHandlers - [id: 0xfca5fd44] Initialized pipeline DefaultChannelPipeline{(BootstrapHandlers$BootstrapInitializerHandler#0 = reactor.netty.channel.BootstrapHandlers$BootstrapInitializerHandler), (SimpleChannelPool$1#0 = io.netty.channel.pool.SimpleChannelPool$1), (reactor.left.httpCodec = io.netty.handler.codec.http.HttpClientCodec), (reactor.left.decompressor = io.netty.handler.codec.http.HttpContentDecompressor), (reactor.right.reactiveBridge = reactor.netty.channel.ChannelOperationsHandler)}
15:53:18.175 [reactor-http-nio-46] DEBUG reactor.netty.resources.PooledConnectionProvider - [id: 0xfca5fd44, L:/127.0.0.1:52060 - R:localhost/127.0.0.1:8084] onStateChange(PooledConnection{channel=[id: 0xfca5fd44, L:/127.0.0.1:52060 - R:localhost/127.0.0.1:8084]}, [connected])
15:53:18.175 [reactor-http-nio-46] DEBUG reactor.netty.resources.PooledConnectionProvider - [id: 0xfca5fd44, L:/127.0.0.1:52060 - R:localhost/127.0.0.1:8084] onStateChange(GET{uri=/, connection=PooledConnection{channel=[id: 0xfca5fd44, L:/127.0.0.1:52060 - R:localhost/127.0.0.1:8084]}}, [configured])
15:53:18.177 [reactor-http-nio-46] DEBUG reactor.netty.resources.PooledConnectionProvider - [id: 0xfca5fd44, L:/127.0.0.1:52060 - R:localhost/127.0.0.1:8084] Registering pool release on close event for channel
15:53:18.177 [reactor-http-nio-48] DEBUG reactor.netty.http.client.HttpClientOperations - [id: 0x91a06532, L:/127.0.0.1:51991 - R:localhost/127.0.0.1:8084] Received response (auto-read:false) : [Content-Type=application/json, Transfer-Encoding=chunked, Date=Wed, 15 Jun 2022 14:53:18 GMT]
15:53:18.177 [reactor-http-nio-48] DEBUG reactor.netty.resources.PooledConnectionProvider - [id: 0x91a06532, L:/127.0.0.1:51991 - R:localhost/127.0.0.1:8084] onStateChange(GET{uri=/attractionRewardPoint?attractionId=d3b40618-cc4b-4038-b0ad-e00c91d01035&userId=7e305e34-618a-47e4-be09-8c09da411f26, connection=PooledConnection{channel=[id: 0x91a06532, L:/127.0.0.1:51991 - R:localhost/127.0.0.1:8084]}}, [response_received])
15:53:18.177 [reactor-http-nio-46] DEBUG reactor.netty.http.client.HttpClientConnect - [id: 0xfca5fd44, L:/127.0.0.1:52060 - R:localhost/127.0.0.1:8084] Handler is being applied: {uri=http://localhost:8084/attractionRewardPoint?attractionId=a1303c2c-485e-4ff2-9ce8-26ce1c7ccdca&userId=a109cebc-d760-4f13-9685-25b1e1a768dc, method=GET}
15:53:18.177 [reactor-http-nio-48] DEBUG org.springframework.web.reactive.function.client.ExchangeFunctions - [56f2bba6] Response 200 OK
15:53:18.177 [reactor-http-nio-48] DEBUG reactor.netty.channel.FluxReceive - [id: 0x91a06532, L:/127.0.0.1:51991 - R:localhost/127.0.0.1:8084] Subscribing inbound receiver [pending: 0, cancelled:false, inboundDone: false]
15:53:18.177 [reactor-http-nio-48] DEBUG reactor.netty.http.client.HttpClientOperations - [id: 0x91a06532, L:/127.0.0.1:51991 - R:localhost/127.0.0.1:8084] Received last HTTP packet
15:53:18.177 [reactor-http-nio-48] DEBUG org.springframework.core.codec.StringDecoder - [56f2bba6] Decoded "764"
15:53:18.177 [reactor-http-nio-48] DEBUG reactor.netty.resources.PooledConnectionProvider - [id: 0x91a06532, L:/127.0.0.1:51991 - R:localhost/127.0.0.1:8084] onStateChange(GET{uri=/attractionRewardPoint?attractionId=d3b40618-cc4b-4038-b0ad-e00c91d01035&userId=7e305e34-618a-47e4-be09-8c09da411f26, connection=PooledConnection{channel=[id: 0x91a06532, L:/127.0.0.1:51991 - R:localhost/127.0.0.1:8084]}}, [disconnecting])
15:53:18.177 [reactor-http-nio-48] DEBUG reactor.netty.resources.PooledConnectionProvider - [id: 0x91a06532, L:/127.0.0.1:51991 - R:localhost/127.0.0.1:8084] Releasing channel
15:53:18.177 [reactor-http-nio-48] DEBUG reactor.netty.resources.PooledConnectionProvider - [id: 0x91a06532, L:/127.0.0.1:51991 - R:localhost/127.0.0.1:8084] Channel cleaned, now 79 active connections and 1 inactive connections
15:53:18.177 [reactor-http-nio-46] DEBUG reactor.netty.resources.PooledConnectionProvider - [id: 0xfca5fd44, L:/127.0.0.1:52060 - R:localhost/127.0.0.1:8084] onStateChange(GET{uri=/attractionRewardPoint?attractionId=a1303c2c-485e-4ff2-9ce8-26ce1c7ccdca&userId=a109cebc-d760-4f13-9685-25b1e1a768dc, connection=PooledConnection{channel=[id: 0xfca5fd44, L:/127.0.0.1:52060 - R:localhost/127.0.0.1:8084]}}, [request_sent])
15:53:18.177 [reactor-http-nio-46] DEBUG reactor.netty.resources.PooledConnectionProvider - [id: 0xfca5fd44, L:/127.0.0.1:52060 - R:localhost/127.0.0.1:8084] Channel connected, now 79 active connections and 1 inactive connections
15:53:18.178 [reactor-http-nio-46] DEBUG reactor.netty.http.client.HttpClientOperations - [id: 0xdb79907c, L:/127.0.0.1:51947 - R:localhost/127.0.0.1:8083] Received response (auto-read:false) : [Content-Type=application/json, Transfer-Encoding=chunked, Date=Wed, 15 Jun 2022 14:53:17 GMT]
15:53:18.178 [reactor-http-nio-46] DEBUG reactor.netty.resources.PooledConnectionProvider - [id: 0xdb79907c, L:/127.0.0.1:51947 - R:localhost/127.0.0.1:8083] onStateChange(GET{uri=/attractions, connection=PooledConnection{channel=[id: 0xdb79907c, L:/127.0.0.1:51947 - R:localhost/127.0.0.1:8083]}}, [response_received])
15:53:18.178 [reactor-http-nio-46] DEBUG org.springframework.web.reactive.function.client.ExchangeFunctions - [4257352] Response 200 OK
15:53:18.178 [reactor-http-nio-46] DEBUG reactor.netty.channel.FluxReceive - [id: 0xdb79907c, L:/127.0.0.1:51947 - R:localhost/127.0.0.1:8083] Subscribing inbound receiver [pending: 0, cancelled:false, inboundDone: false]
15:53:18.178 [reactor-http-nio-46] DEBUG reactor.netty.http.client.HttpClientOperations - [id: 0xdb79907c, L:/127.0.0.1:51947 - R:localhost/127.0.0.1:8083] Received last HTTP packet
15:53:18.178 [reactor-http-nio-46] DEBUG org.springframework.core.codec.StringDecoder - [4257352] Decoded "[{"longitude":-117.922008,"latitude":33.817595,"attractionName":"Disneyland","city":"Anaheim","stat (truncated)...
15:53:18.178 [reactor-http-nio-46] DEBUG reactor.netty.resources.PooledConnectionProvider - [id: 0xdb79907c, L:/127.0.0.1:51947 - R:localhost/127.0.0.1:8083] onStateChange(GET{uri=/attractions, connection=PooledConnection{channel=[id: 0xdb79907c, L:/127.0.0.1:51947 - R:localhost/127.0.0.1:8083]}}, [disconnecting])
15:53:18.178 [reactor-http-nio-46] DEBUG reactor.netty.resources.PooledConnectionProvider - [id: 0xdb79907c, L:/127.0.0.1:51947 - R:localhost/127.0.0.1:8083] Releasing channel
15:53:18.178 [reactor-http-nio-46] DEBUG reactor.netty.resources.PooledConnectionProvider - [id: 0xdb79907c, L:/127.0.0.1:51947 - R:localhost/127.0.0.1:8083] Channel cleaned, now 15 active connections and 286 inactive connections
15:53:18.180 [reactor-http-nio-41] DEBUG reactor.netty.http.client.HttpClientOperations - [id: 0x4d5a5786, L:/127.0.0.1:51790 - R:localhost/127.0.0.1:8083] Received response (auto-read:false) : [Content-Type=application/json, Transfer-Encoding=chunked, Date=Wed, 15 Jun 2022 14:53:17 GMT]
15:53:18.180 [reactor-http-nio-41] DEBUG reactor.netty.resources.PooledConnectionProvider - [id: 0x4d5a5786, L:/127.0.0.1:51790 - R:localhost/127.0.0.1:8083] onStateChange(GET{uri=/attractions, connection=PooledConnection{channel=[id: 0x4d5a5786, L:/127.0.0.1:51790 - R:localhost/127.0.0.1:8083]}}, [response_received])
15:53:18.180 [reactor-http-nio-41] DEBUG org.springframework.web.reactive.function.client.ExchangeFunctions - [6680f714] Response 200 OK
15:53:18.181 [reactor-http-nio-41] DEBUG reactor.netty.channel.FluxReceive - [id: 0x4d5a5786, L:/127.0.0.1:51790 - R:localhost/127.0.0.1:8083] Subscribing inbound receiver [pending: 0, cancelled:false, inboundDone: false]
15:53:18.181 [reactor-http-nio-41] DEBUG reactor.netty.http.client.HttpClientOperations - [id: 0x4d5a5786, L:/127.0.0.1:51790 - R:localhost/127.0.0.1:8083] Received last HTTP packet
15:53:18.181 [reactor-http-nio-41] DEBUG org.springframework.core.codec.StringDecoder - [6680f714] Decoded "[{"longitude":-117.922008,"latitude":33.817595,"attractionName":"Disneyland","city":"Anaheim","stat (truncated)...
15:53:18.181 [reactor-http-nio-41] DEBUG reactor.netty.resources.PooledConnectionProvider - [id: 0x4d5a5786, L:/127.0.0.1:51790 - R:localhost/127.0.0.1:8083] onStateChange(GET{uri=/attractions, connection=PooledConnection{channel=[id: 0x4d5a5786, L:/127.0.0.1:51790 - R:localhost/127.0.0.1:8083]}}, [disconnecting])
15:53:18.181 [reactor-http-nio-41] DEBUG reactor.netty.resources.PooledConnectionProvider - [id: 0x4d5a5786, L:/127.0.0.1:51790 - R:localhost/127.0.0.1:8083] Releasing channel
15:53:18.181 [reactor-http-nio-41] DEBUG reactor.netty.resources.PooledConnectionProvider - [id: 0x4d5a5786, L:/127.0.0.1:51790 - R:localhost/127.0.0.1:8083] Channel cleaned, now 14 active connections and 287 inactive connections
15:53:18.184 [Test worker] DEBUG org.springframework.web.reactive.function.client.ExchangeFunctions - [7d97e06c] HTTP GET http://localhost:8083/attractions
15:53:18.185 [reactor-http-nio-47] DEBUG reactor.netty.http.client.HttpClientOperations - [id: 0xf17c5cf9, L:/127.0.0.1:51688 - R:localhost/127.0.0.1:8083] Received response (auto-read:false) : [Content-Type=application/json, Transfer-Encoding=chunked, Date=Wed, 15 Jun 2022 14:53:17 GMT]
15:53:18.185 [reactor-http-nio-47] DEBUG reactor.netty.resources.PooledConnectionProvider - [id: 0xf17c5cf9, L:/127.0.0.1:51688 - R:localhost/127.0.0.1:8083] onStateChange(GET{uri=/attractions, connection=PooledConnection{channel=[id: 0xf17c5cf9, L:/127.0.0.1:51688 - R:localhost/127.0.0.1:8083]}}, [response_received])
15:53:18.185 [reactor-http-nio-47] DEBUG org.springframework.web.reactive.function.client.ExchangeFunctions - [578304bb] Response 200 OK
15:53:18.185 [reactor-http-nio-47] DEBUG reactor.netty.channel.FluxReceive - [id: 0xf17c5cf9, L:/127.0.0.1:51688 - R:localhost/127.0.0.1:8083] Subscribing inbound receiver [pending: 0, cancelled:false, inboundDone: false]
15:53:18.185 [reactor-http-nio-47] DEBUG reactor.netty.http.client.HttpClientOperations - [id: 0xf17c5cf9, L:/127.0.0.1:51688 - R:localhost/127.0.0.1:8083] Received last HTTP packet
15:53:18.185 [reactor-http-nio-47] DEBUG org.springframework.core.codec.StringDecoder - [578304bb] Decoded "[{"longitude":-117.922008,"latitude":33.817595,"attractionName":"Disneyland","city":"Anaheim","stat (truncated)...
15:53:18.185 [reactor-http-nio-47] DEBUG reactor.netty.resources.PooledConnectionProvider - [id: 0xf17c5cf9, L:/127.0.0.1:51688 - R:localhost/127.0.0.1:8083] onStateChange(GET{uri=/attractions, connection=PooledConnection{channel=[id: 0xf17c5cf9, L:/127.0.0.1:51688 - R:localhost/127.0.0.1:8083]}}, [disconnecting])
15:53:18.185 [reactor-http-nio-47] DEBUG reactor.netty.resources.PooledConnectionProvider - [id: 0xf17c5cf9, L:/127.0.0.1:51688 - R:localhost/127.0.0.1:8083] Releasing channel
15:53:18.185 [reactor-http-nio-47] DEBUG reactor.netty.resources.PooledConnectionProvider - [id: 0xf17c5cf9, L:/127.0.0.1:51688 - R:localhost/127.0.0.1:8083] Channel cleaned, now 13 active connections and 288 inactive connections
15:53:18.186 [reactor-http-nio-48] DEBUG reactor.netty.resources.PooledConnectionProvider - [id: 0x84cc2992, L:/127.0.0.1:51922 - R:localhost/127.0.0.1:8083] Channel acquired, now 14 active connections and 287 inactive connections
15:53:18.186 [reactor-http-nio-48] DEBUG reactor.netty.http.client.HttpClientConnect - [id: 0x84cc2992, L:/127.0.0.1:51922 - R:localhost/127.0.0.1:8083] Handler is being applied: {uri=http://localhost:8083/attractions, method=GET}
15:53:18.187 [reactor-http-nio-48] DEBUG reactor.netty.resources.PooledConnectionProvider - [id: 0x84cc2992, L:/127.0.0.1:51922 - R:localhost/127.0.0.1:8083] onStateChange(GET{uri=/attractions, connection=PooledConnection{channel=[id: 0x84cc2992, L:/127.0.0.1:51922 - R:localhost/127.0.0.1:8083]}}, [request_sent])
15:53:18.190 [reactor-http-nio-47] DEBUG reactor.netty.http.client.HttpClientOperations - [id: 0xb5cdea8a, L:/127.0.0.1:51872 - R:localhost/127.0.0.1:8083] Received response (auto-read:false) : [Content-Type=application/json, Transfer-Encoding=chunked, Date=Wed, 15 Jun 2022 14:53:17 GMT]
15:53:18.190 [reactor-http-nio-47] DEBUG reactor.netty.resources.PooledConnectionProvider - [id: 0xb5cdea8a, L:/127.0.0.1:51872 - R:localhost/127.0.0.1:8083] onStateChange(GET{uri=/attractions, connection=PooledConnection{channel=[id: 0xb5cdea8a, L:/127.0.0.1:51872 - R:localhost/127.0.0.1:8083]}}, [response_received])
15:53:18.190 [reactor-http-nio-47] DEBUG org.springframework.web.reactive.function.client.ExchangeFunctions - [54b8400] Response 200 OK
15:53:18.191 [reactor-http-nio-47] DEBUG reactor.netty.channel.FluxReceive - [id: 0xb5cdea8a, L:/127.0.0.1:51872 - R:localhost/127.0.0.1:8083] Subscribing inbound receiver [pending: 0, cancelled:false, inboundDone: false]
15:53:18.191 [reactor-http-nio-47] DEBUG reactor.netty.http.client.HttpClientOperations - [id: 0xb5cdea8a, L:/127.0.0.1:51872 - R:localhost/127.0.0.1:8083] Received last HTTP packet
15:53:18.191 [reactor-http-nio-47] DEBUG org.springframework.core.codec.StringDecoder - [54b8400] Decoded "[{"longitude":-117.922008,"latitude":33.817595,"attractionName":"Disneyland","city":"Anaheim","stat (truncated)...
15:53:18.191 [reactor-http-nio-47] DEBUG reactor.netty.resources.PooledConnectionProvider - [id: 0xb5cdea8a, L:/127.0.0.1:51872 - R:localhost/127.0.0.1:8083] onStateChange(GET{uri=/attractions, connection=PooledConnection{channel=[id: 0xb5cdea8a, L:/127.0.0.1:51872 - R:localhost/127.0.0.1:8083]}}, [disconnecting])
15:53:18.191 [reactor-http-nio-47] DEBUG reactor.netty.resources.PooledConnectionProvider - [id: 0xb5cdea8a, L:/127.0.0.1:51872 - R:localhost/127.0.0.1:8083] Releasing channel
15:53:18.191 [reactor-http-nio-47] DEBUG reactor.netty.resources.PooledConnectionProvider - [id: 0xb5cdea8a, L:/127.0.0.1:51872 - R:localhost/127.0.0.1:8083] Channel cleaned, now 13 active connections and 288 inactive connections
15:53:18.192 [reactor-http-nio-48] DEBUG reactor.netty.http.client.HttpClientOperations - [id: 0x6bf3117b, L:/127.0.0.1:51909 - R:localhost/127.0.0.1:8083] Received response (auto-read:false) : [Content-Type=application/json, Transfer-Encoding=chunked, Date=Wed, 15 Jun 2022 14:53:17 GMT]
15:53:18.192 [reactor-http-nio-48] DEBUG reactor.netty.resources.PooledConnectionProvider - [id: 0x6bf3117b, L:/127.0.0.1:51909 - R:localhost/127.0.0.1:8083] onStateChange(GET{uri=/attractions, connection=PooledConnection{channel=[id: 0x6bf3117b, L:/127.0.0.1:51909 - R:localhost/127.0.0.1:8083]}}, [response_received])
15:53:18.192 [reactor-http-nio-48] DEBUG org.springframework.web.reactive.function.client.ExchangeFunctions - [41a77956] Response 200 OK
15:53:18.193 [reactor-http-nio-48] DEBUG reactor.netty.channel.FluxReceive - [id: 0x6bf3117b, L:/127.0.0.1:51909 - R:localhost/127.0.0.1:8083] Subscribing inbound receiver [pending: 0, cancelled:false, inboundDone: false]
15:53:18.193 [reactor-http-nio-48] DEBUG reactor.netty.http.client.HttpClientOperations - [id: 0x6bf3117b, L:/127.0.0.1:51909 - R:localhost/127.0.0.1:8083] Received last HTTP packet
15:53:18.193 [reactor-http-nio-48] DEBUG org.springframework.core.codec.StringDecoder - [41a77956] Decoded "[{"longitude":-117.922008,"latitude":33.817595,"attractionName":"Disneyland","city":"Anaheim","stat (truncated)...
15:53:18.193 [reactor-http-nio-48] DEBUG reactor.netty.resources.PooledConnectionProvider - [id: 0x6bf3117b, L:/127.0.0.1:51909 - R:localhost/127.0.0.1:8083] onStateChange(GET{uri=/attractions, connection=PooledConnection{channel=[id: 0x6bf3117b, L:/127.0.0.1:51909 - R:localhost/127.0.0.1:8083]}}, [disconnecting])
15:53:18.193 [reactor-http-nio-48] DEBUG reactor.netty.resources.PooledConnectionProvider - [id: 0x6bf3117b, L:/127.0.0.1:51909 - R:localhost/127.0.0.1:8083] Releasing channel
15:53:18.193 [reactor-http-nio-48] DEBUG reactor.netty.resources.PooledConnectionProvider - [id: 0x6bf3117b, L:/127.0.0.1:51909 - R:localhost/127.0.0.1:8083] Channel cleaned, now 12 active connections and 289 inactive connections
15:53:18.194 [pool-4-thread-98] DEBUG org.springframework.web.reactive.function.client.ExchangeFunctions - [59fc1a10] HTTP GET http://localhost:8084/attractionRewardPoint?attractionId=daa02552-4811-4814-b61d-4186116607a8&userId=13e3d617-c848-411f-b435-d04ad599b9b5
15:53:18.195 [reactor-http-nio-48] DEBUG reactor.netty.resources.PooledConnectionProvider - [id: 0x91a06532, L:/127.0.0.1:51991 - R:localhost/127.0.0.1:8084] Channel acquired, now 80 active connections and 0 inactive connections
15:53:18.195 [reactor-http-nio-48] DEBUG reactor.netty.http.client.HttpClientConnect - [id: 0x91a06532, L:/127.0.0.1:51991 - R:localhost/127.0.0.1:8084] Handler is being applied: {uri=http://localhost:8084/attractionRewardPoint?attractionId=daa02552-4811-4814-b61d-4186116607a8&userId=13e3d617-c848-411f-b435-d04ad599b9b5, method=GET}
15:53:18.196 [reactor-http-nio-48] DEBUG reactor.netty.resources.PooledConnectionProvider - [id: 0x91a06532, L:/127.0.0.1:51991 - R:localhost/127.0.0.1:8084] onStateChange(GET{uri=/attractionRewardPoint?attractionId=daa02552-4811-4814-b61d-4186116607a8&userId=13e3d617-c848-411f-b435-d04ad599b9b5, connection=PooledConnection{channel=[id: 0x91a06532, L:/127.0.0.1:51991 - R:localhost/127.0.0.1:8084]}}, [request_sent])
15:53:18.198 [pool-4-thread-99] DEBUG org.springframework.web.reactive.function.client.ExchangeFunctions - [5a1a2801] HTTP GET http://localhost:8084/attractionRewardPoint?attractionId=f19752e3-e832-4376-aaf5-a8ab85e19fb2&userId=2a47b186-6251-4098-81d0-0d82facb206d
15:53:18.200 [reactor-http-nio-46] DEBUG reactor.netty.resources.PooledConnectionProvider - [id: 0x3ddc255e] Created new pooled channel, now 80 active connections and 1 inactive connections
15:53:18.200 [reactor-http-nio-46] DEBUG reactor.netty.channel.BootstrapHandlers - [id: 0x3ddc255e] Initialized pipeline DefaultChannelPipeline{(BootstrapHandlers$BootstrapInitializerHandler#0 = reactor.netty.channel.BootstrapHandlers$BootstrapInitializerHandler), (SimpleChannelPool$1#0 = io.netty.channel.pool.SimpleChannelPool$1), (reactor.left.httpCodec = io.netty.handler.codec.http.HttpClientCodec), (reactor.left.decompressor = io.netty.handler.codec.http.HttpContentDecompressor), (reactor.right.reactiveBridge = reactor.netty.channel.ChannelOperationsHandler)}
15:53:18.202 [reactor-http-nio-46] DEBUG reactor.netty.resources.PooledConnectionProvider - [id: 0x3ddc255e, L:/127.0.0.1:52061 - R:localhost/127.0.0.1:8084] onStateChange(PooledConnection{channel=[id: 0x3ddc255e, L:/127.0.0.1:52061 - R:localhost/127.0.0.1:8084]}, [connected])
15:53:18.202 [reactor-http-nio-46] DEBUG reactor.netty.resources.PooledConnectionProvider - [id: 0x3ddc255e, L:/127.0.0.1:52061 - R:localhost/127.0.0.1:8084] onStateChange(GET{uri=/, connection=PooledConnection{channel=[id: 0x3ddc255e, L:/127.0.0.1:52061 - R:localhost/127.0.0.1:8084]}}, [configured])
15:53:18.203 [reactor-http-nio-46] DEBUG reactor.netty.resources.PooledConnectionProvider - [id: 0x3ddc255e, L:/127.0.0.1:52061 - R:localhost/127.0.0.1:8084] Registering pool release on close event for channel
15:53:18.203 [reactor-http-nio-46] DEBUG reactor.netty.http.client.HttpClientConnect - [id: 0x3ddc255e, L:/127.0.0.1:52061 - R:localhost/127.0.0.1:8084] Handler is being applied: {uri=http://localhost:8084/attractionRewardPoint?attractionId=f19752e3-e832-4376-aaf5-a8ab85e19fb2&userId=2a47b186-6251-4098-81d0-0d82facb206d, method=GET}
15:53:18.205 [reactor-http-nio-46] DEBUG reactor.netty.resources.PooledConnectionProvider - [id: 0x3ddc255e, L:/127.0.0.1:52061 - R:localhost/127.0.0.1:8084] onStateChange(GET{uri=/attractionRewardPoint?attractionId=f19752e3-e832-4376-aaf5-a8ab85e19fb2&userId=2a47b186-6251-4098-81d0-0d82facb206d, connection=PooledConnection{channel=[id: 0x3ddc255e, L:/127.0.0.1:52061 - R:localhost/127.0.0.1:8084]}}, [request_sent])
15:53:18.205 [reactor-http-nio-46] DEBUG reactor.netty.resources.PooledConnectionProvider - [id: 0x3ddc255e, L:/127.0.0.1:52061 - R:localhost/127.0.0.1:8084] Channel connected, now 81 active connections and 0 inactive connections
15:53:18.207 [reactor-http-nio-47] DEBUG reactor.netty.http.client.HttpClientOperations - [id: 0x4b4296d8, L:/127.0.0.1:51883 - R:localhost/127.0.0.1:8083] Received response (auto-read:false) : [Content-Type=application/json, Transfer-Encoding=chunked, Date=Wed, 15 Jun 2022 14:53:17 GMT]
15:53:18.207 [reactor-http-nio-47] DEBUG reactor.netty.resources.PooledConnectionProvider - [id: 0x4b4296d8, L:/127.0.0.1:51883 - R:localhost/127.0.0.1:8083] onStateChange(GET{uri=/attractions, connection=PooledConnection{channel=[id: 0x4b4296d8, L:/127.0.0.1:51883 - R:localhost/127.0.0.1:8083]}}, [response_received])
15:53:18.207 [reactor-http-nio-47] DEBUG org.springframework.web.reactive.function.client.ExchangeFunctions - [556620c6] Response 200 OK
15:53:18.207 [reactor-http-nio-47] DEBUG reactor.netty.channel.FluxReceive - [id: 0x4b4296d8, L:/127.0.0.1:51883 - R:localhost/127.0.0.1:8083] Subscribing inbound receiver [pending: 0, cancelled:false, inboundDone: false]
15:53:18.207 [reactor-http-nio-47] DEBUG reactor.netty.http.client.HttpClientOperations - [id: 0x4b4296d8, L:/127.0.0.1:51883 - R:localhost/127.0.0.1:8083] Received last HTTP packet
15:53:18.207 [reactor-http-nio-47] DEBUG org.springframework.core.codec.StringDecoder - [556620c6] Decoded "[{"longitude":-117.922008,"latitude":33.817595,"attractionName":"Disneyland","city":"Anaheim","stat (truncated)...
15:53:18.207 [reactor-http-nio-47] DEBUG reactor.netty.resources.PooledConnectionProvider - [id: 0x4b4296d8, L:/127.0.0.1:51883 - R:localhost/127.0.0.1:8083] onStateChange(GET{uri=/attractions, connection=PooledConnection{channel=[id: 0x4b4296d8, L:/127.0.0.1:51883 - R:localhost/127.0.0.1:8083]}}, [disconnecting])
15:53:18.207 [reactor-http-nio-47] DEBUG reactor.netty.resources.PooledConnectionProvider - [id: 0x4b4296d8, L:/127.0.0.1:51883 - R:localhost/127.0.0.1:8083] Releasing channel
15:53:18.207 [reactor-http-nio-47] DEBUG reactor.netty.resources.PooledConnectionProvider - [id: 0x4b4296d8, L:/127.0.0.1:51883 - R:localhost/127.0.0.1:8083] Channel cleaned, now 11 active connections and 290 inactive connections
15:53:18.208 [reactor-http-nio-47] DEBUG reactor.netty.http.client.HttpClientOperations - [id: 0x792d5066, L:/127.0.0.1:51697 - R:localhost/127.0.0.1:8083] Received response (auto-read:false) : [Content-Type=application/json, Transfer-Encoding=chunked, Date=Wed, 15 Jun 2022 14:53:17 GMT]
15:53:18.208 [reactor-http-nio-47] DEBUG reactor.netty.resources.PooledConnectionProvider - [id: 0x792d5066, L:/127.0.0.1:51697 - R:localhost/127.0.0.1:8083] onStateChange(GET{uri=/attractions, connection=PooledConnection{channel=[id: 0x792d5066, L:/127.0.0.1:51697 - R:localhost/127.0.0.1:8083]}}, [response_received])
15:53:18.208 [reactor-http-nio-47] DEBUG org.springframework.web.reactive.function.client.ExchangeFunctions - [f1ef951] Response 200 OK
15:53:18.208 [reactor-http-nio-47] DEBUG reactor.netty.channel.FluxReceive - [id: 0x792d5066, L:/127.0.0.1:51697 - R:localhost/127.0.0.1:8083] Subscribing inbound receiver [pending: 0, cancelled:false, inboundDone: false]
15:53:18.208 [reactor-http-nio-47] DEBUG reactor.netty.http.client.HttpClientOperations - [id: 0x792d5066, L:/127.0.0.1:51697 - R:localhost/127.0.0.1:8083] Received last HTTP packet
15:53:18.208 [reactor-http-nio-47] DEBUG org.springframework.core.codec.StringDecoder - [f1ef951] Decoded "[{"longitude":-117.922008,"latitude":33.817595,"attractionName":"Disneyland","city":"Anaheim","stat (truncated)...
15:53:18.208 [reactor-http-nio-47] DEBUG reactor.netty.resources.PooledConnectionProvider - [id: 0x792d5066, L:/127.0.0.1:51697 - R:localhost/127.0.0.1:8083] onStateChange(GET{uri=/attractions, connection=PooledConnection{channel=[id: 0x792d5066, L:/127.0.0.1:51697 - R:localhost/127.0.0.1:8083]}}, [disconnecting])
15:53:18.209 [reactor-http-nio-47] DEBUG reactor.netty.resources.PooledConnectionProvider - [id: 0x792d5066, L:/127.0.0.1:51697 - R:localhost/127.0.0.1:8083] Releasing channel
15:53:18.209 [reactor-http-nio-47] DEBUG reactor.netty.resources.PooledConnectionProvider - [id: 0x792d5066, L:/127.0.0.1:51697 - R:localhost/127.0.0.1:8083] Channel cleaned, now 10 active connections and 291 inactive connections
15:53:18.210 [reactor-http-nio-47] DEBUG reactor.netty.http.client.HttpClientOperations - [id: 0xccae12b7, L:/127.0.0.1:51874 - R:localhost/127.0.0.1:8083] Received response (auto-read:false) : [Content-Type=application/json, Transfer-Encoding=chunked, Date=Wed, 15 Jun 2022 14:53:17 GMT]
15:53:18.210 [reactor-http-nio-47] DEBUG reactor.netty.resources.PooledConnectionProvider - [id: 0xccae12b7, L:/127.0.0.1:51874 - R:localhost/127.0.0.1:8083] onStateChange(GET{uri=/attractions, connection=PooledConnection{channel=[id: 0xccae12b7, L:/127.0.0.1:51874 - R:localhost/127.0.0.1:8083]}}, [response_received])
15:53:18.210 [reactor-http-nio-47] DEBUG org.springframework.web.reactive.function.client.ExchangeFunctions - [19d99729] Response 200 OK
15:53:18.210 [reactor-http-nio-47] DEBUG reactor.netty.channel.FluxReceive - [id: 0xccae12b7, L:/127.0.0.1:51874 - R:localhost/127.0.0.1:8083] Subscribing inbound receiver [pending: 0, cancelled:false, inboundDone: false]
15:53:18.210 [reactor-http-nio-48] DEBUG reactor.netty.http.client.HttpClientOperations - [id: 0x892f6893, L:/127.0.0.1:52002 - R:localhost/127.0.0.1:8084] Received response (auto-read:false) : [Content-Type=application/json, Transfer-Encoding=chunked, Date=Wed, 15 Jun 2022 14:53:18 GMT]
15:53:18.210 [reactor-http-nio-48] DEBUG reactor.netty.resources.PooledConnectionProvider - [id: 0x892f6893, L:/127.0.0.1:52002 - R:localhost/127.0.0.1:8084] onStateChange(GET{uri=/attractionRewardPoint?attractionId=4727e8ad-651d-4866-a8d4-91ece5076231&userId=2f2a5659-c7d4-4513-b5ff-f94b8cabfa65, connection=PooledConnection{channel=[id: 0x892f6893, L:/127.0.0.1:52002 - R:localhost/127.0.0.1:8084]}}, [response_received])
15:53:18.210 [reactor-http-nio-48] DEBUG org.springframework.web.reactive.function.client.ExchangeFunctions - [36257015] Response 200 OK
15:53:18.210 [reactor-http-nio-47] DEBUG reactor.netty.http.client.HttpClientOperations - [id: 0xccae12b7, L:/127.0.0.1:51874 - R:localhost/127.0.0.1:8083] Received last HTTP packet
15:53:18.210 [reactor-http-nio-48] DEBUG reactor.netty.channel.FluxReceive - [id: 0x892f6893, L:/127.0.0.1:52002 - R:localhost/127.0.0.1:8084] Subscribing inbound receiver [pending: 0, cancelled:false, inboundDone: false]
15:53:18.210 [reactor-http-nio-47] DEBUG org.springframework.core.codec.StringDecoder - [19d99729] Decoded "[{"longitude":-117.922008,"latitude":33.817595,"attractionName":"Disneyland","city":"Anaheim","stat (truncated)...
15:53:18.210 [reactor-http-nio-47] DEBUG reactor.netty.resources.PooledConnectionProvider - [id: 0xccae12b7, L:/127.0.0.1:51874 - R:localhost/127.0.0.1:8083] onStateChange(GET{uri=/attractions, connection=PooledConnection{channel=[id: 0xccae12b7, L:/127.0.0.1:51874 - R:localhost/127.0.0.1:8083]}}, [disconnecting])
15:53:18.210 [reactor-http-nio-47] DEBUG reactor.netty.resources.PooledConnectionProvider - [id: 0xccae12b7, L:/127.0.0.1:51874 - R:localhost/127.0.0.1:8083] Releasing channel
15:53:18.210 [reactor-http-nio-48] DEBUG reactor.netty.http.client.HttpClientOperations - [id: 0x892f6893, L:/127.0.0.1:52002 - R:localhost/127.0.0.1:8084] Received last HTTP packet
15:53:18.210 [reactor-http-nio-47] DEBUG reactor.netty.resources.PooledConnectionProvider - [id: 0xccae12b7, L:/127.0.0.1:51874 - R:localhost/127.0.0.1:8083] Channel cleaned, now 9 active connections and 292 inactive connections
15:53:18.210 [reactor-http-nio-48] DEBUG org.springframework.core.codec.StringDecoder - [36257015] Decoded "745"
15:53:18.210 [reactor-http-nio-48] DEBUG reactor.netty.resources.PooledConnectionProvider - [id: 0x892f6893, L:/127.0.0.1:52002 - R:localhost/127.0.0.1:8084] onStateChange(GET{uri=/attractionRewardPoint?attractionId=4727e8ad-651d-4866-a8d4-91ece5076231&userId=2f2a5659-c7d4-4513-b5ff-f94b8cabfa65, connection=PooledConnection{channel=[id: 0x892f6893, L:/127.0.0.1:52002 - R:localhost/127.0.0.1:8084]}}, [disconnecting])
15:53:18.210 [reactor-http-nio-48] DEBUG reactor.netty.resources.PooledConnectionProvider - [id: 0x892f6893, L:/127.0.0.1:52002 - R:localhost/127.0.0.1:8084] Releasing channel
15:53:18.210 [reactor-http-nio-48] DEBUG reactor.netty.resources.PooledConnectionProvider - [id: 0x892f6893, L:/127.0.0.1:52002 - R:localhost/127.0.0.1:8084] Channel cleaned, now 80 active connections and 1 inactive connections
15:53:18.211 [reactor-http-nio-41] DEBUG reactor.netty.http.client.HttpClientOperations - [id: 0x032b5803, L:/127.0.0.1:52034 - R:localhost/127.0.0.1:8084] Received response (auto-read:false) : [Content-Type=application/json, Transfer-Encoding=chunked, Date=Wed, 15 Jun 2022 14:53:18 GMT]
15:53:18.211 [reactor-http-nio-41] DEBUG reactor.netty.resources.PooledConnectionProvider - [id: 0x032b5803, L:/127.0.0.1:52034 - R:localhost/127.0.0.1:8084] onStateChange(GET{uri=/attractionRewardPoint?attractionId=a05ac501-da54-4af7-b95a-2656a1a00156&userId=ceb971f2-27df-45c9-9720-e816c3531753, connection=PooledConnection{channel=[id: 0x032b5803, L:/127.0.0.1:52034 - R:localhost/127.0.0.1:8084]}}, [response_received])
15:53:18.211 [reactor-http-nio-41] DEBUG org.springframework.web.reactive.function.client.ExchangeFunctions - [420d128f] Response 200 OK
15:53:18.211 [reactor-http-nio-41] DEBUG reactor.netty.channel.FluxReceive - [id: 0x032b5803, L:/127.0.0.1:52034 - R:localhost/127.0.0.1:8084] Subscribing inbound receiver [pending: 0, cancelled:false, inboundDone: false]
15:53:18.211 [reactor-http-nio-41] DEBUG reactor.netty.http.client.HttpClientOperations - [id: 0x032b5803, L:/127.0.0.1:52034 - R:localhost/127.0.0.1:8084] Received last HTTP packet
15:53:18.212 [reactor-http-nio-41] DEBUG org.springframework.core.codec.StringDecoder - [420d128f] Decoded "717"
15:53:18.212 [reactor-http-nio-41] DEBUG reactor.netty.resources.PooledConnectionProvider - [id: 0x032b5803, L:/127.0.0.1:52034 - R:localhost/127.0.0.1:8084] onStateChange(GET{uri=/attractionRewardPoint?attractionId=a05ac501-da54-4af7-b95a-2656a1a00156&userId=ceb971f2-27df-45c9-9720-e816c3531753, connection=PooledConnection{channel=[id: 0x032b5803, L:/127.0.0.1:52034 - R:localhost/127.0.0.1:8084]}}, [disconnecting])
15:53:18.212 [reactor-http-nio-41] DEBUG reactor.netty.resources.PooledConnectionProvider - [id: 0x032b5803, L:/127.0.0.1:52034 - R:localhost/127.0.0.1:8084] Releasing channel
15:53:18.212 [reactor-http-nio-41] DEBUG reactor.netty.resources.PooledConnectionProvider - [id: 0x032b5803, L:/127.0.0.1:52034 - R:localhost/127.0.0.1:8084] Channel cleaned, now 79 active connections and 2 inactive connections
15:53:18.214 [pool-4-thread-100] DEBUG org.springframework.web.reactive.function.client.ExchangeFunctions - [3a9f09f0] HTTP GET http://localhost:8084/attractionRewardPoint?attractionId=0596a765-bdd0-4339-b2ab-fd94b8f0ad1c&userId=6bdb1add-d231-4dcc-939c-eccb85e54577
15:53:18.218 [reactor-http-nio-48] DEBUG reactor.netty.resources.PooledConnectionProvider - [id: 0x892f6893, L:/127.0.0.1:52002 - R:localhost/127.0.0.1:8084] Channel acquired, now 80 active connections and 1 inactive connections
15:53:18.218 [reactor-http-nio-48] DEBUG reactor.netty.http.client.HttpClientConnect - [id: 0x892f6893, L:/127.0.0.1:52002 - R:localhost/127.0.0.1:8084] Handler is being applied: {uri=http://localhost:8084/attractionRewardPoint?attractionId=0596a765-bdd0-4339-b2ab-fd94b8f0ad1c&userId=6bdb1add-d231-4dcc-939c-eccb85e54577, method=GET}
15:53:18.219 [reactor-http-nio-48] DEBUG reactor.netty.resources.PooledConnectionProvider - [id: 0x892f6893, L:/127.0.0.1:52002 - R:localhost/127.0.0.1:8084] onStateChange(GET{uri=/attractionRewardPoint?attractionId=0596a765-bdd0-4339-b2ab-fd94b8f0ad1c&userId=6bdb1add-d231-4dcc-939c-eccb85e54577, connection=PooledConnection{channel=[id: 0x892f6893, L:/127.0.0.1:52002 - R:localhost/127.0.0.1:8084]}}, [request_sent])
15:53:18.220 [pool-4-thread-101] DEBUG org.springframework.web.reactive.function.client.ExchangeFunctions - [5dec6311] HTTP GET http://localhost:8084/attractionRewardPoint?attractionId=b2a82259-6116-4a01-a16a-f02e516c74df&userId=84b2fa37-782a-495e-800c-5890e31ff510
15:53:18.221 [reactor-http-nio-48] DEBUG reactor.netty.http.client.HttpClientOperations - [id: 0x3ef135e7, L:/127.0.0.1:51977 - R:localhost/127.0.0.1:8083] Received response (auto-read:false) : [Content-Type=application/json, Transfer-Encoding=chunked, Date=Wed, 15 Jun 2022 14:53:17 GMT]
15:53:18.221 [reactor-http-nio-48] DEBUG reactor.netty.resources.PooledConnectionProvider - [id: 0x3ef135e7, L:/127.0.0.1:51977 - R:localhost/127.0.0.1:8083] onStateChange(GET{uri=/attractions, connection=PooledConnection{channel=[id: 0x3ef135e7, L:/127.0.0.1:51977 - R:localhost/127.0.0.1:8083]}}, [response_received])
15:53:18.221 [reactor-http-nio-48] DEBUG org.springframework.web.reactive.function.client.ExchangeFunctions - [68d6bf7a] Response 200 OK
15:53:18.221 [reactor-http-nio-48] DEBUG reactor.netty.channel.FluxReceive - [id: 0x3ef135e7, L:/127.0.0.1:51977 - R:localhost/127.0.0.1:8083] Subscribing inbound receiver [pending: 0, cancelled:false, inboundDone: false]
15:53:18.222 [reactor-http-nio-48] DEBUG reactor.netty.http.client.HttpClientOperations - [id: 0x3ef135e7, L:/127.0.0.1:51977 - R:localhost/127.0.0.1:8083] Received last HTTP packet
15:53:18.222 [reactor-http-nio-47] DEBUG reactor.netty.http.client.HttpClientOperations - [id: 0xbef73541, L:/127.0.0.1:52037 - R:localhost/127.0.0.1:8084] Received response (auto-read:false) : [Content-Type=application/json, Transfer-Encoding=chunked, Date=Wed, 15 Jun 2022 14:53:18 GMT]
15:53:18.222 [reactor-http-nio-47] DEBUG reactor.netty.resources.PooledConnectionProvider - [id: 0xbef73541, L:/127.0.0.1:52037 - R:localhost/127.0.0.1:8084] onStateChange(GET{uri=/attractionRewardPoint?attractionId=061f7916-11cd-4b2f-bbf8-31042a975d71&userId=73f7c3ad-16ee-466a-9f0a-5ff7642407d0, connection=PooledConnection{channel=[id: 0xbef73541, L:/127.0.0.1:52037 - R:localhost/127.0.0.1:8084]}}, [response_received])
15:53:18.222 [reactor-http-nio-47] DEBUG org.springframework.web.reactive.function.client.ExchangeFunctions - [38111cde] Response 200 OK
15:53:18.222 [reactor-http-nio-48] DEBUG org.springframework.core.codec.StringDecoder - [68d6bf7a] Decoded "[{"longitude":-117.922008,"latitude":33.817595,"attractionName":"Disneyland","city":"Anaheim","stat (truncated)...
15:53:18.222 [reactor-http-nio-48] DEBUG reactor.netty.resources.PooledConnectionProvider - [id: 0x3ef135e7, L:/127.0.0.1:51977 - R:localhost/127.0.0.1:8083] onStateChange(GET{uri=/attractions, connection=PooledConnection{channel=[id: 0x3ef135e7, L:/127.0.0.1:51977 - R:localhost/127.0.0.1:8083]}}, [disconnecting])
15:53:18.222 [reactor-http-nio-46] DEBUG reactor.netty.http.client.HttpClientOperations - [id: 0x6a63d1d8, L:/127.0.0.1:52001 - R:localhost/127.0.0.1:8084] Received response (auto-read:false) : [Content-Type=application/json, Transfer-Encoding=chunked, Date=Wed, 15 Jun 2022 14:53:18 GMT]
15:53:18.222 [reactor-http-nio-46] DEBUG reactor.netty.resources.PooledConnectionProvider - [id: 0x6a63d1d8, L:/127.0.0.1:52001 - R:localhost/127.0.0.1:8084] onStateChange(GET{uri=/attractionRewardPoint?attractionId=bffb8fa9-2c9f-4c2d-a87d-db3832cb3644&userId=e5b11639-77fd-4693-a1f6-e94ff82dab38, connection=PooledConnection{channel=[id: 0x6a63d1d8, L:/127.0.0.1:52001 - R:localhost/127.0.0.1:8084]}}, [response_received])
15:53:18.222 [reactor-http-nio-46] DEBUG org.springframework.web.reactive.function.client.ExchangeFunctions - [33181ea6] Response 200 OK
15:53:18.222 [reactor-http-nio-47] DEBUG reactor.netty.channel.FluxReceive - [id: 0xbef73541, L:/127.0.0.1:52037 - R:localhost/127.0.0.1:8084] Subscribing inbound receiver [pending: 0, cancelled:false, inboundDone: false]
15:53:18.222 [reactor-http-nio-46] DEBUG reactor.netty.channel.FluxReceive - [id: 0x6a63d1d8, L:/127.0.0.1:52001 - R:localhost/127.0.0.1:8084] Subscribing inbound receiver [pending: 0, cancelled:false, inboundDone: false]
15:53:18.222 [reactor-http-nio-46] DEBUG reactor.netty.http.client.HttpClientOperations - [id: 0x6a63d1d8, L:/127.0.0.1:52001 - R:localhost/127.0.0.1:8084] Received last HTTP packet
15:53:18.222 [reactor-http-nio-46] DEBUG org.springframework.core.codec.StringDecoder - [33181ea6] Decoded "654"
15:53:18.222 [reactor-http-nio-46] DEBUG reactor.netty.resources.PooledConnectionProvider - [id: 0x6a63d1d8, L:/127.0.0.1:52001 - R:localhost/127.0.0.1:8084] onStateChange(GET{uri=/attractionRewardPoint?attractionId=bffb8fa9-2c9f-4c2d-a87d-db3832cb3644&userId=e5b11639-77fd-4693-a1f6-e94ff82dab38, connection=PooledConnection{channel=[id: 0x6a63d1d8, L:/127.0.0.1:52001 - R:localhost/127.0.0.1:8084]}}, [disconnecting])
15:53:18.222 [reactor-http-nio-46] DEBUG reactor.netty.resources.PooledConnectionProvider - [id: 0x6a63d1d8, L:/127.0.0.1:52001 - R:localhost/127.0.0.1:8084] Releasing channel
15:53:18.223 [reactor-http-nio-46] DEBUG reactor.netty.resources.PooledConnectionProvider - [id: 0x6a63d1d8, L:/127.0.0.1:52001 - R:localhost/127.0.0.1:8084] Channel cleaned, now 79 active connections and 2 inactive connections
15:53:18.223 [reactor-http-nio-47] DEBUG reactor.netty.http.client.HttpClientOperations - [id: 0xbef73541, L:/127.0.0.1:52037 - R:localhost/127.0.0.1:8084] Received last HTTP packet
15:53:18.222 [reactor-http-nio-48] DEBUG reactor.netty.resources.PooledConnectionProvider - [id: 0x3ef135e7, L:/127.0.0.1:51977 - R:localhost/127.0.0.1:8083] Releasing channel
15:53:18.223 [reactor-http-nio-47] DEBUG org.springframework.core.codec.StringDecoder - [38111cde] Decoded "850"
15:53:18.223 [reactor-http-nio-48] DEBUG reactor.netty.resources.PooledConnectionProvider - [id: 0x3ef135e7, L:/127.0.0.1:51977 - R:localhost/127.0.0.1:8083] Channel cleaned, now 8 active connections and 293 inactive connections
15:53:18.223 [reactor-http-nio-47] DEBUG reactor.netty.resources.PooledConnectionProvider - [id: 0xbef73541, L:/127.0.0.1:52037 - R:localhost/127.0.0.1:8084] onStateChange(GET{uri=/attractionRewardPoint?attractionId=061f7916-11cd-4b2f-bbf8-31042a975d71&userId=73f7c3ad-16ee-466a-9f0a-5ff7642407d0, connection=PooledConnection{channel=[id: 0xbef73541, L:/127.0.0.1:52037 - R:localhost/127.0.0.1:8084]}}, [disconnecting])
15:53:18.223 [reactor-http-nio-47] DEBUG reactor.netty.resources.PooledConnectionProvider - [id: 0xbef73541, L:/127.0.0.1:52037 - R:localhost/127.0.0.1:8084] Releasing channel
15:53:18.223 [reactor-http-nio-47] DEBUG reactor.netty.resources.PooledConnectionProvider - [id: 0xbef73541, L:/127.0.0.1:52037 - R:localhost/127.0.0.1:8084] Channel cleaned, now 78 active connections and 3 inactive connections
15:53:18.225 [reactor-http-nio-41] DEBUG reactor.netty.resources.PooledConnectionProvider - [id: 0x032b5803, L:/127.0.0.1:52034 - R:localhost/127.0.0.1:8084] Channel acquired, now 79 active connections and 2 inactive connections
15:53:18.225 [reactor-http-nio-41] DEBUG reactor.netty.http.client.HttpClientConnect - [id: 0x032b5803, L:/127.0.0.1:52034 - R:localhost/127.0.0.1:8084] Handler is being applied: {uri=http://localhost:8084/attractionRewardPoint?attractionId=b2a82259-6116-4a01-a16a-f02e516c74df&userId=84b2fa37-782a-495e-800c-5890e31ff510, method=GET}
15:53:18.225 [reactor-http-nio-41] DEBUG reactor.netty.resources.PooledConnectionProvider - [id: 0x032b5803, L:/127.0.0.1:52034 - R:localhost/127.0.0.1:8084] onStateChange(GET{uri=/attractionRewardPoint?attractionId=b2a82259-6116-4a01-a16a-f02e516c74df&userId=84b2fa37-782a-495e-800c-5890e31ff510, connection=PooledConnection{channel=[id: 0x032b5803, L:/127.0.0.1:52034 - R:localhost/127.0.0.1:8084]}}, [request_sent])
15:53:18.226 [pool-4-thread-102] DEBUG org.springframework.web.reactive.function.client.ExchangeFunctions - [49ec0f7a] HTTP GET http://localhost:8084/attractionRewardPoint?attractionId=7244c877-185d-4ff2-a176-6d04f1dbca3a&userId=00f6fb8f-2cbb-4ef9-b93c-8fe735fdfa0b
15:53:18.228 [reactor-http-nio-46] DEBUG reactor.netty.resources.PooledConnectionProvider - [id: 0x6a63d1d8, L:/127.0.0.1:52001 - R:localhost/127.0.0.1:8084] Channel acquired, now 80 active connections and 1 inactive connections
15:53:18.229 [reactor-http-nio-46] DEBUG reactor.netty.http.client.HttpClientConnect - [id: 0x6a63d1d8, L:/127.0.0.1:52001 - R:localhost/127.0.0.1:8084] Handler is being applied: {uri=http://localhost:8084/attractionRewardPoint?attractionId=7244c877-185d-4ff2-a176-6d04f1dbca3a&userId=00f6fb8f-2cbb-4ef9-b93c-8fe735fdfa0b, method=GET}
15:53:18.229 [reactor-http-nio-46] DEBUG reactor.netty.resources.PooledConnectionProvider - [id: 0x6a63d1d8, L:/127.0.0.1:52001 - R:localhost/127.0.0.1:8084] onStateChange(GET{uri=/attractionRewardPoint?attractionId=7244c877-185d-4ff2-a176-6d04f1dbca3a&userId=00f6fb8f-2cbb-4ef9-b93c-8fe735fdfa0b, connection=PooledConnection{channel=[id: 0x6a63d1d8, L:/127.0.0.1:52001 - R:localhost/127.0.0.1:8084]}}, [request_sent])
15:53:18.232 [reactor-http-nio-48] DEBUG reactor.netty.http.client.HttpClientOperations - [id: 0x5aa059bb, L:/127.0.0.1:52006 - R:localhost/127.0.0.1:8084] Received response (auto-read:false) : [Content-Type=application/json, Transfer-Encoding=chunked, Date=Wed, 15 Jun 2022 14:53:18 GMT]
15:53:18.232 [reactor-http-nio-48] DEBUG reactor.netty.resources.PooledConnectionProvider - [id: 0x5aa059bb, L:/127.0.0.1:52006 - R:localhost/127.0.0.1:8084] onStateChange(GET{uri=/attractionRewardPoint?attractionId=7ce80b7b-da9f-4950-ae54-26e267f79cc3&userId=5de48127-e4e7-42fa-b144-8f460a3fcf43, connection=PooledConnection{channel=[id: 0x5aa059bb, L:/127.0.0.1:52006 - R:localhost/127.0.0.1:8084]}}, [response_received])
15:53:18.232 [reactor-http-nio-48] DEBUG org.springframework.web.reactive.function.client.ExchangeFunctions - [76515ee1] Response 200 OK
15:53:18.232 [reactor-http-nio-48] DEBUG reactor.netty.channel.FluxReceive - [id: 0x5aa059bb, L:/127.0.0.1:52006 - R:localhost/127.0.0.1:8084] Subscribing inbound receiver [pending: 0, cancelled:false, inboundDone: false]
15:53:18.233 [reactor-http-nio-48] DEBUG reactor.netty.http.client.HttpClientOperations - [id: 0x5aa059bb, L:/127.0.0.1:52006 - R:localhost/127.0.0.1:8084] Received last HTTP packet
15:53:18.233 [reactor-http-nio-48] DEBUG org.springframework.core.codec.StringDecoder - [76515ee1] Decoded "232"
15:53:18.233 [reactor-http-nio-48] DEBUG reactor.netty.resources.PooledConnectionProvider - [id: 0x5aa059bb, L:/127.0.0.1:52006 - R:localhost/127.0.0.1:8084] onStateChange(GET{uri=/attractionRewardPoint?attractionId=7ce80b7b-da9f-4950-ae54-26e267f79cc3&userId=5de48127-e4e7-42fa-b144-8f460a3fcf43, connection=PooledConnection{channel=[id: 0x5aa059bb, L:/127.0.0.1:52006 - R:localhost/127.0.0.1:8084]}}, [disconnecting])
15:53:18.233 [reactor-http-nio-48] DEBUG reactor.netty.resources.PooledConnectionProvider - [id: 0x5aa059bb, L:/127.0.0.1:52006 - R:localhost/127.0.0.1:8084] Releasing channel
15:53:18.233 [reactor-http-nio-48] DEBUG reactor.netty.resources.PooledConnectionProvider - [id: 0x5aa059bb, L:/127.0.0.1:52006 - R:localhost/127.0.0.1:8084] Channel cleaned, now 79 active connections and 2 inactive connections
15:53:18.235 [reactor-http-nio-47] DEBUG reactor.netty.http.client.HttpClientOperations - [id: 0x5f2155e6, L:/127.0.0.1:51846 - R:localhost/127.0.0.1:8083] Received response (auto-read:false) : [Content-Type=application/json, Transfer-Encoding=chunked, Date=Wed, 15 Jun 2022 14:53:17 GMT]
15:53:18.235 [reactor-http-nio-47] DEBUG reactor.netty.resources.PooledConnectionProvider - [id: 0x5f2155e6, L:/127.0.0.1:51846 - R:localhost/127.0.0.1:8083] onStateChange(GET{uri=/attractions, connection=PooledConnection{channel=[id: 0x5f2155e6, L:/127.0.0.1:51846 - R:localhost/127.0.0.1:8083]}}, [response_received])
15:53:18.235 [reactor-http-nio-47] DEBUG org.springframework.web.reactive.function.client.ExchangeFunctions - [3df907a5] Response 200 OK
15:53:18.235 [reactor-http-nio-47] DEBUG reactor.netty.channel.FluxReceive - [id: 0x5f2155e6, L:/127.0.0.1:51846 - R:localhost/127.0.0.1:8083] Subscribing inbound receiver [pending: 0, cancelled:false, inboundDone: false]
15:53:18.235 [reactor-http-nio-41] DEBUG reactor.netty.http.client.HttpClientOperations - [id: 0x45e1ba3f, L:/127.0.0.1:51927 - R:localhost/127.0.0.1:8083] Received response (auto-read:false) : [Content-Type=application/json, Transfer-Encoding=chunked, Date=Wed, 15 Jun 2022 14:53:17 GMT]
15:53:18.235 [reactor-http-nio-41] DEBUG reactor.netty.resources.PooledConnectionProvider - [id: 0x45e1ba3f, L:/127.0.0.1:51927 - R:localhost/127.0.0.1:8083] onStateChange(GET{uri=/attractions, connection=PooledConnection{channel=[id: 0x45e1ba3f, L:/127.0.0.1:51927 - R:localhost/127.0.0.1:8083]}}, [response_received])
15:53:18.235 [reactor-http-nio-41] DEBUG org.springframework.web.reactive.function.client.ExchangeFunctions - [72a7b923] Response 200 OK
15:53:18.235 [reactor-http-nio-47] DEBUG reactor.netty.http.client.HttpClientOperations - [id: 0x5f2155e6, L:/127.0.0.1:51846 - R:localhost/127.0.0.1:8083] Received last HTTP packet
15:53:18.235 [reactor-http-nio-46] DEBUG reactor.netty.http.client.HttpClientOperations - [id: 0x1246ce27, L:/127.0.0.1:51988 - R:localhost/127.0.0.1:8084] Received response (auto-read:false) : [Content-Type=application/json, Transfer-Encoding=chunked, Date=Wed, 15 Jun 2022 14:53:18 GMT]
15:53:18.235 [reactor-http-nio-41] DEBUG reactor.netty.channel.FluxReceive - [id: 0x45e1ba3f, L:/127.0.0.1:51927 - R:localhost/127.0.0.1:8083] Subscribing inbound receiver [pending: 0, cancelled:false, inboundDone: false]
15:53:18.235 [reactor-http-nio-47] DEBUG org.springframework.core.codec.StringDecoder - [3df907a5] Decoded "[{"longitude":-117.922008,"latitude":33.817595,"attractionName":"Disneyland","city":"Anaheim","stat (truncated)...
15:53:18.235 [reactor-http-nio-47] DEBUG reactor.netty.resources.PooledConnectionProvider - [id: 0x5f2155e6, L:/127.0.0.1:51846 - R:localhost/127.0.0.1:8083] onStateChange(GET{uri=/attractions, connection=PooledConnection{channel=[id: 0x5f2155e6, L:/127.0.0.1:51846 - R:localhost/127.0.0.1:8083]}}, [disconnecting])
15:53:18.235 [reactor-http-nio-47] DEBUG reactor.netty.resources.PooledConnectionProvider - [id: 0x5f2155e6, L:/127.0.0.1:51846 - R:localhost/127.0.0.1:8083] Releasing channel
15:53:18.235 [reactor-http-nio-47] DEBUG reactor.netty.resources.PooledConnectionProvider - [id: 0x5f2155e6, L:/127.0.0.1:51846 - R:localhost/127.0.0.1:8083] Channel cleaned, now 7 active connections and 294 inactive connections
15:53:18.235 [reactor-http-nio-47] DEBUG reactor.netty.http.client.HttpClientOperations - [id: 0xa3d0d1c3, L:/127.0.0.1:51871 - R:localhost/127.0.0.1:8083] Received response (auto-read:false) : [Content-Type=application/json, Transfer-Encoding=chunked, Date=Wed, 15 Jun 2022 14:53:17 GMT]
15:53:18.235 [reactor-http-nio-47] DEBUG reactor.netty.resources.PooledConnectionProvider - [id: 0xa3d0d1c3, L:/127.0.0.1:51871 - R:localhost/127.0.0.1:8083] onStateChange(GET{uri=/attractions, connection=PooledConnection{channel=[id: 0xa3d0d1c3, L:/127.0.0.1:51871 - R:localhost/127.0.0.1:8083]}}, [response_received])
15:53:18.235 [reactor-http-nio-47] DEBUG org.springframework.web.reactive.function.client.ExchangeFunctions - [75ba879e] Response 200 OK
15:53:18.235 [reactor-http-nio-48] DEBUG reactor.netty.http.client.HttpClientOperations - [id: 0x1af880b0, L:/127.0.0.1:51943 - R:localhost/127.0.0.1:8083] Received response (auto-read:false) : [Content-Type=application/json, Transfer-Encoding=chunked, Date=Wed, 15 Jun 2022 14:53:17 GMT]
15:53:18.235 [reactor-http-nio-48] DEBUG reactor.netty.resources.PooledConnectionProvider - [id: 0x1af880b0, L:/127.0.0.1:51943 - R:localhost/127.0.0.1:8083] onStateChange(GET{uri=/attractions, connection=PooledConnection{channel=[id: 0x1af880b0, L:/127.0.0.1:51943 - R:localhost/127.0.0.1:8083]}}, [response_received])
15:53:18.236 [reactor-http-nio-48] DEBUG org.springframework.web.reactive.function.client.ExchangeFunctions - [53861c3d] Response 200 OK
15:53:18.236 [reactor-http-nio-47] DEBUG reactor.netty.channel.FluxReceive - [id: 0xa3d0d1c3, L:/127.0.0.1:51871 - R:localhost/127.0.0.1:8083] Subscribing inbound receiver [pending: 0, cancelled:false, inboundDone: false]
15:53:18.236 [reactor-http-nio-48] DEBUG reactor.netty.channel.FluxReceive - [id: 0x1af880b0, L:/127.0.0.1:51943 - R:localhost/127.0.0.1:8083] Subscribing inbound receiver [pending: 0, cancelled:false, inboundDone: false]
15:53:18.235 [reactor-http-nio-46] DEBUG reactor.netty.resources.PooledConnectionProvider - [id: 0x1246ce27, L:/127.0.0.1:51988 - R:localhost/127.0.0.1:8084] onStateChange(GET{uri=/attractionRewardPoint?attractionId=bbdd5dc3-6200-4b2e-8985-07d955e2bdd4&userId=ffe6ce65-ba9b-4b0e-afb9-413e3c25efd8, connection=PooledConnection{channel=[id: 0x1246ce27, L:/127.0.0.1:51988 - R:localhost/127.0.0.1:8084]}}, [response_received])
15:53:18.236 [reactor-http-nio-46] DEBUG org.springframework.web.reactive.function.client.ExchangeFunctions - [12aa7e0a] Response 200 OK
15:53:18.236 [reactor-http-nio-47] DEBUG reactor.netty.http.client.HttpClientOperations - [id: 0xa3d0d1c3, L:/127.0.0.1:51871 - R:localhost/127.0.0.1:8083] Received last HTTP packet
15:53:18.236 [reactor-http-nio-48] DEBUG reactor.netty.http.client.HttpClientOperations - [id: 0x1af880b0, L:/127.0.0.1:51943 - R:localhost/127.0.0.1:8083] Received last HTTP packet
15:53:18.236 [reactor-http-nio-46] DEBUG reactor.netty.channel.FluxReceive - [id: 0x1246ce27, L:/127.0.0.1:51988 - R:localhost/127.0.0.1:8084] Subscribing inbound receiver [pending: 0, cancelled:false, inboundDone: false]
15:53:18.236 [reactor-http-nio-48] DEBUG org.springframework.core.codec.StringDecoder - [53861c3d] Decoded "[{"longitude":-117.922008,"latitude":33.817595,"attractionName":"Disneyland","city":"Anaheim","stat (truncated)...
15:53:18.236 [reactor-http-nio-46] DEBUG reactor.netty.http.client.HttpClientOperations - [id: 0x1246ce27, L:/127.0.0.1:51988 - R:localhost/127.0.0.1:8084] Received last HTTP packet
15:53:18.236 [reactor-http-nio-48] DEBUG reactor.netty.resources.PooledConnectionProvider - [id: 0x1af880b0, L:/127.0.0.1:51943 - R:localhost/127.0.0.1:8083] onStateChange(GET{uri=/attractions, connection=PooledConnection{channel=[id: 0x1af880b0, L:/127.0.0.1:51943 - R:localhost/127.0.0.1:8083]}}, [disconnecting])
15:53:18.236 [reactor-http-nio-48] DEBUG reactor.netty.resources.PooledConnectionProvider - [id: 0x1af880b0, L:/127.0.0.1:51943 - R:localhost/127.0.0.1:8083] Releasing channel
15:53:18.236 [reactor-http-nio-46] DEBUG org.springframework.core.codec.StringDecoder - [12aa7e0a] Decoded "319"
15:53:18.236 [reactor-http-nio-48] DEBUG reactor.netty.resources.PooledConnectionProvider - [id: 0x1af880b0, L:/127.0.0.1:51943 - R:localhost/127.0.0.1:8083] Channel cleaned, now 6 active connections and 295 inactive connections
15:53:18.236 [reactor-http-nio-46] DEBUG reactor.netty.resources.PooledConnectionProvider - [id: 0x1246ce27, L:/127.0.0.1:51988 - R:localhost/127.0.0.1:8084] onStateChange(GET{uri=/attractionRewardPoint?attractionId=bbdd5dc3-6200-4b2e-8985-07d955e2bdd4&userId=ffe6ce65-ba9b-4b0e-afb9-413e3c25efd8, connection=PooledConnection{channel=[id: 0x1246ce27, L:/127.0.0.1:51988 - R:localhost/127.0.0.1:8084]}}, [disconnecting])
15:53:18.236 [reactor-http-nio-46] DEBUG reactor.netty.resources.PooledConnectionProvider - [id: 0x1246ce27, L:/127.0.0.1:51988 - R:localhost/127.0.0.1:8084] Releasing channel
15:53:18.236 [reactor-http-nio-46] DEBUG reactor.netty.resources.PooledConnectionProvider - [id: 0x1246ce27, L:/127.0.0.1:51988 - R:localhost/127.0.0.1:8084] Channel cleaned, now 78 active connections and 3 inactive connections
15:53:18.236 [reactor-http-nio-47] DEBUG org.springframework.core.codec.StringDecoder - [75ba879e] Decoded "[{"longitude":-117.922008,"latitude":33.817595,"attractionName":"Disneyland","city":"Anaheim","stat (truncated)...
15:53:18.236 [reactor-http-nio-47] DEBUG reactor.netty.resources.PooledConnectionProvider - [id: 0xa3d0d1c3, L:/127.0.0.1:51871 - R:localhost/127.0.0.1:8083] onStateChange(GET{uri=/attractions, connection=PooledConnection{channel=[id: 0xa3d0d1c3, L:/127.0.0.1:51871 - R:localhost/127.0.0.1:8083]}}, [disconnecting])
15:53:18.236 [reactor-http-nio-48] DEBUG reactor.netty.http.client.HttpClientOperations - [id: 0x1c21a498, L:/127.0.0.1:51982 - R:localhost/127.0.0.1:8084] Received response (auto-read:false) : [Content-Type=application/json, Transfer-Encoding=chunked, Date=Wed, 15 Jun 2022 14:53:18 GMT]
15:53:18.236 [reactor-http-nio-47] DEBUG reactor.netty.resources.PooledConnectionProvider - [id: 0xa3d0d1c3, L:/127.0.0.1:51871 - R:localhost/127.0.0.1:8083] Releasing channel
15:53:18.236 [reactor-http-nio-48] DEBUG reactor.netty.resources.PooledConnectionProvider - [id: 0x1c21a498, L:/127.0.0.1:51982 - R:localhost/127.0.0.1:8084] onStateChange(GET{uri=/attractionRewardPoint?attractionId=48b7de27-8835-4c63-a156-28f06eb62f80&userId=e548fae0-2377-4a4f-8b85-2eea590f802d, connection=PooledConnection{channel=[id: 0x1c21a498, L:/127.0.0.1:51982 - R:localhost/127.0.0.1:8084]}}, [response_received])
15:53:18.236 [reactor-http-nio-47] DEBUG reactor.netty.resources.PooledConnectionProvider - [id: 0xa3d0d1c3, L:/127.0.0.1:51871 - R:localhost/127.0.0.1:8083] Channel cleaned, now 5 active connections and 296 inactive connections
15:53:18.236 [reactor-http-nio-48] DEBUG org.springframework.web.reactive.function.client.ExchangeFunctions - [20ef161d] Response 200 OK
15:53:18.237 [reactor-http-nio-48] DEBUG reactor.netty.channel.FluxReceive - [id: 0x1c21a498, L:/127.0.0.1:51982 - R:localhost/127.0.0.1:8084] Subscribing inbound receiver [pending: 0, cancelled:false, inboundDone: false]
15:53:18.237 [reactor-http-nio-48] DEBUG reactor.netty.http.client.HttpClientOperations - [id: 0x1c21a498, L:/127.0.0.1:51982 - R:localhost/127.0.0.1:8084] Received last HTTP packet
15:53:18.237 [reactor-http-nio-48] DEBUG org.springframework.core.codec.StringDecoder - [20ef161d] Decoded "37"
15:53:18.237 [reactor-http-nio-48] DEBUG reactor.netty.resources.PooledConnectionProvider - [id: 0x1c21a498, L:/127.0.0.1:51982 - R:localhost/127.0.0.1:8084] onStateChange(GET{uri=/attractionRewardPoint?attractionId=48b7de27-8835-4c63-a156-28f06eb62f80&userId=e548fae0-2377-4a4f-8b85-2eea590f802d, connection=PooledConnection{channel=[id: 0x1c21a498, L:/127.0.0.1:51982 - R:localhost/127.0.0.1:8084]}}, [disconnecting])
15:53:18.237 [reactor-http-nio-48] DEBUG reactor.netty.resources.PooledConnectionProvider - [id: 0x1c21a498, L:/127.0.0.1:51982 - R:localhost/127.0.0.1:8084] Releasing channel
15:53:18.237 [reactor-http-nio-48] DEBUG reactor.netty.resources.PooledConnectionProvider - [id: 0x1c21a498, L:/127.0.0.1:51982 - R:localhost/127.0.0.1:8084] Channel cleaned, now 77 active connections and 4 inactive connections
15:53:18.238 [reactor-http-nio-41] DEBUG reactor.netty.http.client.HttpClientOperations - [id: 0x45e1ba3f, L:/127.0.0.1:51927 - R:localhost/127.0.0.1:8083] Received last HTTP packet
15:53:18.238 [reactor-http-nio-41] DEBUG org.springframework.core.codec.StringDecoder - [72a7b923] Decoded "[{"longitude":-117.922008,"latitude":33.817595,"attractionName":"Disneyland","city":"Anaheim","stat (truncated)...
15:53:18.238 [reactor-http-nio-41] DEBUG reactor.netty.resources.PooledConnectionProvider - [id: 0x45e1ba3f, L:/127.0.0.1:51927 - R:localhost/127.0.0.1:8083] onStateChange(GET{uri=/attractions, connection=PooledConnection{channel=[id: 0x45e1ba3f, L:/127.0.0.1:51927 - R:localhost/127.0.0.1:8083]}}, [disconnecting])
15:53:18.238 [reactor-http-nio-41] DEBUG reactor.netty.resources.PooledConnectionProvider - [id: 0x45e1ba3f, L:/127.0.0.1:51927 - R:localhost/127.0.0.1:8083] Releasing channel
15:53:18.238 [reactor-http-nio-41] DEBUG reactor.netty.resources.PooledConnectionProvider - [id: 0x45e1ba3f, L:/127.0.0.1:51927 - R:localhost/127.0.0.1:8083] Channel cleaned, now 4 active connections and 297 inactive connections
15:53:18.238 [reactor-http-nio-48] DEBUG reactor.netty.http.client.HttpClientOperations - [id: 0x43576e4f, L:/127.0.0.1:51882 - R:localhost/127.0.0.1:8083] Received response (auto-read:false) : [Content-Type=application/json, Transfer-Encoding=chunked, Date=Wed, 15 Jun 2022 14:53:17 GMT]
15:53:18.238 [reactor-http-nio-48] DEBUG reactor.netty.resources.PooledConnectionProvider - [id: 0x43576e4f, L:/127.0.0.1:51882 - R:localhost/127.0.0.1:8083] onStateChange(GET{uri=/attractions, connection=PooledConnection{channel=[id: 0x43576e4f, L:/127.0.0.1:51882 - R:localhost/127.0.0.1:8083]}}, [response_received])
15:53:18.238 [reactor-http-nio-48] DEBUG org.springframework.web.reactive.function.client.ExchangeFunctions - [64035af9] Response 200 OK
15:53:18.238 [reactor-http-nio-48] DEBUG reactor.netty.channel.FluxReceive - [id: 0x43576e4f, L:/127.0.0.1:51882 - R:localhost/127.0.0.1:8083] Subscribing inbound receiver [pending: 0, cancelled:false, inboundDone: false]
15:53:18.239 [reactor-http-nio-48] DEBUG reactor.netty.http.client.HttpClientOperations - [id: 0x43576e4f, L:/127.0.0.1:51882 - R:localhost/127.0.0.1:8083] Received last HTTP packet
15:53:18.239 [reactor-http-nio-48] DEBUG org.springframework.core.codec.StringDecoder - [64035af9] Decoded "[{"longitude":-117.922008,"latitude":33.817595,"attractionName":"Disneyland","city":"Anaheim","stat (truncated)...
15:53:18.239 [reactor-http-nio-48] DEBUG reactor.netty.resources.PooledConnectionProvider - [id: 0x43576e4f, L:/127.0.0.1:51882 - R:localhost/127.0.0.1:8083] onStateChange(GET{uri=/attractions, connection=PooledConnection{channel=[id: 0x43576e4f, L:/127.0.0.1:51882 - R:localhost/127.0.0.1:8083]}}, [disconnecting])
15:53:18.239 [reactor-http-nio-48] DEBUG reactor.netty.resources.PooledConnectionProvider - [id: 0x43576e4f, L:/127.0.0.1:51882 - R:localhost/127.0.0.1:8083] Releasing channel
15:53:18.239 [reactor-http-nio-48] DEBUG reactor.netty.resources.PooledConnectionProvider - [id: 0x43576e4f, L:/127.0.0.1:51882 - R:localhost/127.0.0.1:8083] Channel cleaned, now 3 active connections and 298 inactive connections
15:53:18.239 [reactor-http-nio-48] DEBUG reactor.netty.http.client.HttpClientOperations - [id: 0x4874d701, L:/127.0.0.1:51890 - R:localhost/127.0.0.1:8083] Received response (auto-read:false) : [Content-Type=application/json, Transfer-Encoding=chunked, Date=Wed, 15 Jun 2022 14:53:17 GMT]
15:53:18.239 [reactor-http-nio-48] DEBUG reactor.netty.resources.PooledConnectionProvider - [id: 0x4874d701, L:/127.0.0.1:51890 - R:localhost/127.0.0.1:8083] onStateChange(GET{uri=/attractions, connection=PooledConnection{channel=[id: 0x4874d701, L:/127.0.0.1:51890 - R:localhost/127.0.0.1:8083]}}, [response_received])
15:53:18.239 [reactor-http-nio-48] DEBUG org.springframework.web.reactive.function.client.ExchangeFunctions - [a163286] Response 200 OK
15:53:18.239 [reactor-http-nio-48] DEBUG reactor.netty.channel.FluxReceive - [id: 0x4874d701, L:/127.0.0.1:51890 - R:localhost/127.0.0.1:8083] Subscribing inbound receiver [pending: 0, cancelled:false, inboundDone: false]
15:53:18.240 [reactor-http-nio-48] DEBUG reactor.netty.http.client.HttpClientOperations - [id: 0x4874d701, L:/127.0.0.1:51890 - R:localhost/127.0.0.1:8083] Received last HTTP packet
15:53:18.241 [reactor-http-nio-48] DEBUG org.springframework.core.codec.StringDecoder - [a163286] Decoded "[{"longitude":-117.922008,"latitude":33.817595,"attractionName":"Disneyland","city":"Anaheim","stat (truncated)...
15:53:18.241 [reactor-http-nio-48] DEBUG reactor.netty.resources.PooledConnectionProvider - [id: 0x4874d701, L:/127.0.0.1:51890 - R:localhost/127.0.0.1:8083] onStateChange(GET{uri=/attractions, connection=PooledConnection{channel=[id: 0x4874d701, L:/127.0.0.1:51890 - R:localhost/127.0.0.1:8083]}}, [disconnecting])
15:53:18.241 [reactor-http-nio-48] DEBUG reactor.netty.resources.PooledConnectionProvider - [id: 0x4874d701, L:/127.0.0.1:51890 - R:localhost/127.0.0.1:8083] Releasing channel
15:53:18.241 [reactor-http-nio-48] DEBUG reactor.netty.resources.PooledConnectionProvider - [id: 0x4874d701, L:/127.0.0.1:51890 - R:localhost/127.0.0.1:8083] Channel cleaned, now 2 active connections and 299 inactive connections
15:53:18.249 [pool-4-thread-103] DEBUG org.springframework.web.reactive.function.client.ExchangeFunctions - [ff84882] HTTP GET http://localhost:8084/attractionRewardPoint?attractionId=cc14ecd9-0eed-4409-b68e-f8a0e49a1b0b&userId=0e1ba366-5f59-4662-93cf-9417a747ad34
15:53:18.252 [reactor-http-nio-47] DEBUG reactor.netty.resources.PooledConnectionProvider - [id: 0xbef73541, L:/127.0.0.1:52037 - R:localhost/127.0.0.1:8084] Channel acquired, now 78 active connections and 3 inactive connections
15:53:18.253 [reactor-http-nio-47] DEBUG reactor.netty.http.client.HttpClientConnect - [id: 0xbef73541, L:/127.0.0.1:52037 - R:localhost/127.0.0.1:8084] Handler is being applied: {uri=http://localhost:8084/attractionRewardPoint?attractionId=cc14ecd9-0eed-4409-b68e-f8a0e49a1b0b&userId=0e1ba366-5f59-4662-93cf-9417a747ad34, method=GET}
15:53:18.253 [reactor-http-nio-47] DEBUG reactor.netty.resources.PooledConnectionProvider - [id: 0xbef73541, L:/127.0.0.1:52037 - R:localhost/127.0.0.1:8084] onStateChange(GET{uri=/attractionRewardPoint?attractionId=cc14ecd9-0eed-4409-b68e-f8a0e49a1b0b&userId=0e1ba366-5f59-4662-93cf-9417a747ad34, connection=PooledConnection{channel=[id: 0xbef73541, L:/127.0.0.1:52037 - R:localhost/127.0.0.1:8084]}}, [request_sent])
15:53:18.256 [reactor-http-nio-48] DEBUG reactor.netty.http.client.HttpClientOperations - [id: 0x8d2de475, L:/127.0.0.1:52025 - R:localhost/127.0.0.1:8084] Received response (auto-read:false) : [Content-Type=application/json, Transfer-Encoding=chunked, Date=Wed, 15 Jun 2022 14:53:18 GMT]
15:53:18.256 [reactor-http-nio-48] DEBUG reactor.netty.resources.PooledConnectionProvider - [id: 0x8d2de475, L:/127.0.0.1:52025 - R:localhost/127.0.0.1:8084] onStateChange(GET{uri=/attractionRewardPoint?attractionId=6e70da0f-b148-42b9-8bd1-631397ab2a82&userId=00904688-3e76-4d1e-83b8-bf844cc062f8, connection=PooledConnection{channel=[id: 0x8d2de475, L:/127.0.0.1:52025 - R:localhost/127.0.0.1:8084]}}, [response_received])
15:53:18.256 [reactor-http-nio-48] DEBUG org.springframework.web.reactive.function.client.ExchangeFunctions - [2c6f5aac] Response 200 OK
15:53:18.257 [reactor-http-nio-48] DEBUG reactor.netty.channel.FluxReceive - [id: 0x8d2de475, L:/127.0.0.1:52025 - R:localhost/127.0.0.1:8084] Subscribing inbound receiver [pending: 0, cancelled:false, inboundDone: false]
15:53:18.257 [reactor-http-nio-48] DEBUG reactor.netty.http.client.HttpClientOperations - [id: 0x8d2de475, L:/127.0.0.1:52025 - R:localhost/127.0.0.1:8084] Received last HTTP packet
15:53:18.257 [reactor-http-nio-48] DEBUG org.springframework.core.codec.StringDecoder - [2c6f5aac] Decoded "206"
15:53:18.257 [reactor-http-nio-48] DEBUG reactor.netty.resources.PooledConnectionProvider - [id: 0x8d2de475, L:/127.0.0.1:52025 - R:localhost/127.0.0.1:8084] onStateChange(GET{uri=/attractionRewardPoint?attractionId=6e70da0f-b148-42b9-8bd1-631397ab2a82&userId=00904688-3e76-4d1e-83b8-bf844cc062f8, connection=PooledConnection{channel=[id: 0x8d2de475, L:/127.0.0.1:52025 - R:localhost/127.0.0.1:8084]}}, [disconnecting])
15:53:18.257 [reactor-http-nio-48] DEBUG reactor.netty.resources.PooledConnectionProvider - [id: 0x8d2de475, L:/127.0.0.1:52025 - R:localhost/127.0.0.1:8084] Releasing channel
15:53:18.257 [reactor-http-nio-48] DEBUG reactor.netty.resources.PooledConnectionProvider - [id: 0x8d2de475, L:/127.0.0.1:52025 - R:localhost/127.0.0.1:8084] Channel cleaned, now 77 active connections and 4 inactive connections
15:53:18.258 [reactor-http-nio-48] DEBUG reactor.netty.http.client.HttpClientOperations - [id: 0xbe2aba3e, L:/127.0.0.1:51951 - R:localhost/127.0.0.1:8083] Received response (auto-read:false) : [Content-Type=application/json, Transfer-Encoding=chunked, Date=Wed, 15 Jun 2022 14:53:17 GMT]
15:53:18.258 [reactor-http-nio-48] DEBUG reactor.netty.resources.PooledConnectionProvider - [id: 0xbe2aba3e, L:/127.0.0.1:51951 - R:localhost/127.0.0.1:8083] onStateChange(GET{uri=/attractions, connection=PooledConnection{channel=[id: 0xbe2aba3e, L:/127.0.0.1:51951 - R:localhost/127.0.0.1:8083]}}, [response_received])
15:53:18.258 [reactor-http-nio-48] DEBUG org.springframework.web.reactive.function.client.ExchangeFunctions - [5efec068] Response 200 OK
15:53:18.258 [reactor-http-nio-48] DEBUG reactor.netty.channel.FluxReceive - [id: 0xbe2aba3e, L:/127.0.0.1:51951 - R:localhost/127.0.0.1:8083] Subscribing inbound receiver [pending: 0, cancelled:false, inboundDone: false]
15:53:18.260 [reactor-http-nio-48] DEBUG reactor.netty.http.client.HttpClientOperations - [id: 0xbe2aba3e, L:/127.0.0.1:51951 - R:localhost/127.0.0.1:8083] Received last HTTP packet
15:53:18.260 [reactor-http-nio-48] DEBUG org.springframework.core.codec.StringDecoder - [5efec068] Decoded "[{"longitude":-117.922008,"latitude":33.817595,"attractionName":"Disneyland","city":"Anaheim","stat (truncated)...
15:53:18.260 [reactor-http-nio-48] DEBUG reactor.netty.resources.PooledConnectionProvider - [id: 0xbe2aba3e, L:/127.0.0.1:51951 - R:localhost/127.0.0.1:8083] onStateChange(GET{uri=/attractions, connection=PooledConnection{channel=[id: 0xbe2aba3e, L:/127.0.0.1:51951 - R:localhost/127.0.0.1:8083]}}, [disconnecting])
15:53:18.260 [reactor-http-nio-48] DEBUG reactor.netty.resources.PooledConnectionProvider - [id: 0xbe2aba3e, L:/127.0.0.1:51951 - R:localhost/127.0.0.1:8083] Releasing channel
15:53:18.260 [reactor-http-nio-48] DEBUG reactor.netty.resources.PooledConnectionProvider - [id: 0xbe2aba3e, L:/127.0.0.1:51951 - R:localhost/127.0.0.1:8083] Channel cleaned, now 1 active connections and 300 inactive connections
15:53:18.263 [reactor-http-nio-48] DEBUG reactor.netty.http.client.HttpClientOperations - [id: 0xc9e9c258, L:/127.0.0.1:51995 - R:localhost/127.0.0.1:8084] Received response (auto-read:false) : [Content-Type=application/json, Transfer-Encoding=chunked, Date=Wed, 15 Jun 2022 14:53:18 GMT]
15:53:18.263 [reactor-http-nio-48] DEBUG reactor.netty.resources.PooledConnectionProvider - [id: 0xc9e9c258, L:/127.0.0.1:51995 - R:localhost/127.0.0.1:8084] onStateChange(GET{uri=/attractionRewardPoint?attractionId=f8efd254-87b7-469c-82b5-3dc00415d8e2&userId=35cb77b3-8dbb-4dca-a662-dc46e8450beb, connection=PooledConnection{channel=[id: 0xc9e9c258, L:/127.0.0.1:51995 - R:localhost/127.0.0.1:8084]}}, [response_received])
15:53:18.263 [reactor-http-nio-48] DEBUG org.springframework.web.reactive.function.client.ExchangeFunctions - [68f6cab9] Response 200 OK
15:53:18.263 [reactor-http-nio-48] DEBUG reactor.netty.channel.FluxReceive - [id: 0xc9e9c258, L:/127.0.0.1:51995 - R:localhost/127.0.0.1:8084] Subscribing inbound receiver [pending: 0, cancelled:false, inboundDone: false]
15:53:18.263 [reactor-http-nio-48] DEBUG reactor.netty.http.client.HttpClientOperations - [id: 0xc9e9c258, L:/127.0.0.1:51995 - R:localhost/127.0.0.1:8084] Received last HTTP packet
15:53:18.263 [reactor-http-nio-48] DEBUG org.springframework.core.codec.StringDecoder - [68f6cab9] Decoded "950"
15:53:18.263 [reactor-http-nio-48] DEBUG reactor.netty.resources.PooledConnectionProvider - [id: 0xc9e9c258, L:/127.0.0.1:51995 - R:localhost/127.0.0.1:8084] onStateChange(GET{uri=/attractionRewardPoint?attractionId=f8efd254-87b7-469c-82b5-3dc00415d8e2&userId=35cb77b3-8dbb-4dca-a662-dc46e8450beb, connection=PooledConnection{channel=[id: 0xc9e9c258, L:/127.0.0.1:51995 - R:localhost/127.0.0.1:8084]}}, [disconnecting])
15:53:18.263 [reactor-http-nio-48] DEBUG reactor.netty.resources.PooledConnectionProvider - [id: 0xc9e9c258, L:/127.0.0.1:51995 - R:localhost/127.0.0.1:8084] Releasing channel
15:53:18.264 [reactor-http-nio-48] DEBUG reactor.netty.resources.PooledConnectionProvider - [id: 0xc9e9c258, L:/127.0.0.1:51995 - R:localhost/127.0.0.1:8084] Channel cleaned, now 76 active connections and 5 inactive connections
15:53:18.264 [reactor-http-nio-41] DEBUG reactor.netty.http.client.HttpClientOperations - [id: 0x05d8a8d8, L:/127.0.0.1:52005 - R:localhost/127.0.0.1:8084] Received response (auto-read:false) : [Content-Type=application/json, Transfer-Encoding=chunked, Date=Wed, 15 Jun 2022 14:53:18 GMT]
15:53:18.264 [reactor-http-nio-41] DEBUG reactor.netty.resources.PooledConnectionProvider - [id: 0x05d8a8d8, L:/127.0.0.1:52005 - R:localhost/127.0.0.1:8084] onStateChange(GET{uri=/attractionRewardPoint?attractionId=0237fec2-1005-4402-9acd-3b2ee2c049a1&userId=44362f3e-058f-45ae-95de-537e69527046, connection=PooledConnection{channel=[id: 0x05d8a8d8, L:/127.0.0.1:52005 - R:localhost/127.0.0.1:8084]}}, [response_received])
15:53:18.264 [reactor-http-nio-41] DEBUG org.springframework.web.reactive.function.client.ExchangeFunctions - [ceafe80] Response 200 OK
15:53:18.265 [reactor-http-nio-41] DEBUG reactor.netty.channel.FluxReceive - [id: 0x05d8a8d8, L:/127.0.0.1:52005 - R:localhost/127.0.0.1:8084] Subscribing inbound receiver [pending: 0, cancelled:false, inboundDone: false]
15:53:18.267 [reactor-http-nio-41] DEBUG reactor.netty.http.client.HttpClientOperations - [id: 0x05d8a8d8, L:/127.0.0.1:52005 - R:localhost/127.0.0.1:8084] Received last HTTP packet
15:53:18.267 [reactor-http-nio-41] DEBUG org.springframework.core.codec.StringDecoder - [ceafe80] Decoded "15"
15:53:18.267 [reactor-http-nio-41] DEBUG reactor.netty.resources.PooledConnectionProvider - [id: 0x05d8a8d8, L:/127.0.0.1:52005 - R:localhost/127.0.0.1:8084] onStateChange(GET{uri=/attractionRewardPoint?attractionId=0237fec2-1005-4402-9acd-3b2ee2c049a1&userId=44362f3e-058f-45ae-95de-537e69527046, connection=PooledConnection{channel=[id: 0x05d8a8d8, L:/127.0.0.1:52005 - R:localhost/127.0.0.1:8084]}}, [disconnecting])
15:53:18.267 [reactor-http-nio-41] DEBUG reactor.netty.resources.PooledConnectionProvider - [id: 0x05d8a8d8, L:/127.0.0.1:52005 - R:localhost/127.0.0.1:8084] Releasing channel
15:53:18.267 [reactor-http-nio-41] DEBUG reactor.netty.resources.PooledConnectionProvider - [id: 0x05d8a8d8, L:/127.0.0.1:52005 - R:localhost/127.0.0.1:8084] Channel cleaned, now 75 active connections and 6 inactive connections
15:53:18.294 [reactor-http-nio-41] DEBUG reactor.netty.http.client.HttpClientOperations - [id: 0x0202bea6, L:/127.0.0.1:52046 - R:localhost/127.0.0.1:8084] Received response (auto-read:false) : [Content-Type=application/json, Transfer-Encoding=chunked, Date=Wed, 15 Jun 2022 14:53:18 GMT]
15:53:18.294 [reactor-http-nio-41] DEBUG reactor.netty.resources.PooledConnectionProvider - [id: 0x0202bea6, L:/127.0.0.1:52046 - R:localhost/127.0.0.1:8084] onStateChange(GET{uri=/attractionRewardPoint?attractionId=d24024f5-dbf8-4e02-882d-8c7a6b0bb711&userId=00904688-3e76-4d1e-83b8-bf844cc062f8, connection=PooledConnection{channel=[id: 0x0202bea6, L:/127.0.0.1:52046 - R:localhost/127.0.0.1:8084]}}, [response_received])
15:53:18.294 [reactor-http-nio-41] DEBUG org.springframework.web.reactive.function.client.ExchangeFunctions - [200d0e95] Response 200 OK
15:53:18.294 [reactor-http-nio-41] DEBUG reactor.netty.channel.FluxReceive - [id: 0x0202bea6, L:/127.0.0.1:52046 - R:localhost/127.0.0.1:8084] Subscribing inbound receiver [pending: 0, cancelled:false, inboundDone: false]
15:53:18.295 [reactor-http-nio-41] DEBUG reactor.netty.http.client.HttpClientOperations - [id: 0x0202bea6, L:/127.0.0.1:52046 - R:localhost/127.0.0.1:8084] Received last HTTP packet
15:53:18.295 [reactor-http-nio-41] DEBUG org.springframework.core.codec.StringDecoder - [200d0e95] Decoded "423"
15:53:18.295 [reactor-http-nio-41] DEBUG reactor.netty.resources.PooledConnectionProvider - [id: 0x0202bea6, L:/127.0.0.1:52046 - R:localhost/127.0.0.1:8084] onStateChange(GET{uri=/attractionRewardPoint?attractionId=d24024f5-dbf8-4e02-882d-8c7a6b0bb711&userId=00904688-3e76-4d1e-83b8-bf844cc062f8, connection=PooledConnection{channel=[id: 0x0202bea6, L:/127.0.0.1:52046 - R:localhost/127.0.0.1:8084]}}, [disconnecting])
15:53:18.295 [reactor-http-nio-41] DEBUG reactor.netty.resources.PooledConnectionProvider - [id: 0x0202bea6, L:/127.0.0.1:52046 - R:localhost/127.0.0.1:8084] Releasing channel
15:53:18.295 [reactor-http-nio-41] DEBUG reactor.netty.resources.PooledConnectionProvider - [id: 0x0202bea6, L:/127.0.0.1:52046 - R:localhost/127.0.0.1:8084] Channel cleaned, now 74 active connections and 7 inactive connections
15:53:18.311 [reactor-http-nio-48] DEBUG reactor.netty.http.client.HttpClientOperations - [id: 0x84cc2992, L:/127.0.0.1:51922 - R:localhost/127.0.0.1:8083] Received response (auto-read:false) : [Content-Type=application/json, Transfer-Encoding=chunked, Date=Wed, 15 Jun 2022 14:53:17 GMT]
15:53:18.311 [reactor-http-nio-48] DEBUG reactor.netty.resources.PooledConnectionProvider - [id: 0x84cc2992, L:/127.0.0.1:51922 - R:localhost/127.0.0.1:8083] onStateChange(GET{uri=/attractions, connection=PooledConnection{channel=[id: 0x84cc2992, L:/127.0.0.1:51922 - R:localhost/127.0.0.1:8083]}}, [response_received])
15:53:18.311 [reactor-http-nio-48] DEBUG org.springframework.web.reactive.function.client.ExchangeFunctions - [7d97e06c] Response 200 OK
15:53:18.311 [reactor-http-nio-48] DEBUG reactor.netty.channel.FluxReceive - [id: 0x84cc2992, L:/127.0.0.1:51922 - R:localhost/127.0.0.1:8083] Subscribing inbound receiver [pending: 0, cancelled:false, inboundDone: false]
15:53:18.311 [reactor-http-nio-48] DEBUG reactor.netty.http.client.HttpClientOperations - [id: 0x84cc2992, L:/127.0.0.1:51922 - R:localhost/127.0.0.1:8083] Received last HTTP packet
15:53:18.311 [reactor-http-nio-48] DEBUG org.springframework.core.codec.StringDecoder - [7d97e06c] Decoded "[{"longitude":-117.922008,"latitude":33.817595,"attractionName":"Disneyland","city":"Anaheim","stat (truncated)...
15:53:18.312 [reactor-http-nio-48] DEBUG reactor.netty.resources.PooledConnectionProvider - [id: 0x84cc2992, L:/127.0.0.1:51922 - R:localhost/127.0.0.1:8083] onStateChange(GET{uri=/attractions, connection=PooledConnection{channel=[id: 0x84cc2992, L:/127.0.0.1:51922 - R:localhost/127.0.0.1:8083]}}, [disconnecting])
15:53:18.312 [reactor-http-nio-48] DEBUG reactor.netty.resources.PooledConnectionProvider - [id: 0x84cc2992, L:/127.0.0.1:51922 - R:localhost/127.0.0.1:8083] Releasing channel
15:53:18.312 [reactor-http-nio-48] DEBUG reactor.netty.resources.PooledConnectionProvider - [id: 0x84cc2992, L:/127.0.0.1:51922 - R:localhost/127.0.0.1:8083] Channel cleaned, now 0 active connections and 301 inactive connections
15:53:18.313 [Test worker] DEBUG org.springframework.web.reactive.function.client.ExchangeFunctions - [3b4a1a75] HTTP GET http://localhost:8083/attractions
15:53:18.315 [reactor-http-nio-48] DEBUG reactor.netty.resources.PooledConnectionProvider - [id: 0xa05904f0, L:/127.0.0.1:51935 - R:localhost/127.0.0.1:8083] Channel acquired, now 1 active connections and 300 inactive connections
15:53:18.316 [reactor-http-nio-48] DEBUG reactor.netty.http.client.HttpClientConnect - [id: 0xa05904f0, L:/127.0.0.1:51935 - R:localhost/127.0.0.1:8083] Handler is being applied: {uri=http://localhost:8083/attractions, method=GET}
15:53:18.316 [reactor-http-nio-48] DEBUG reactor.netty.resources.PooledConnectionProvider - [id: 0xa05904f0, L:/127.0.0.1:51935 - R:localhost/127.0.0.1:8083] onStateChange(GET{uri=/attractions, connection=PooledConnection{channel=[id: 0xa05904f0, L:/127.0.0.1:51935 - R:localhost/127.0.0.1:8083]}}, [request_sent])
15:53:18.318 [reactor-http-nio-47] DEBUG reactor.netty.http.client.HttpClientOperations - [id: 0x2015a302, L:/127.0.0.1:52045 - R:localhost/127.0.0.1:8084] Received response (auto-read:false) : [Content-Type=application/json, Transfer-Encoding=chunked, Date=Wed, 15 Jun 2022 14:53:18 GMT]
15:53:18.318 [reactor-http-nio-47] DEBUG reactor.netty.resources.PooledConnectionProvider - [id: 0x2015a302, L:/127.0.0.1:52045 - R:localhost/127.0.0.1:8084] onStateChange(GET{uri=/attractionRewardPoint?attractionId=97155273-ad56-42fd-8f8e-c062af351561&userId=8f515823-addd-4298-8819-47ca943bcb79, connection=PooledConnection{channel=[id: 0x2015a302, L:/127.0.0.1:52045 - R:localhost/127.0.0.1:8084]}}, [response_received])
15:53:18.318 [reactor-http-nio-47] DEBUG org.springframework.web.reactive.function.client.ExchangeFunctions - [2422dee9] Response 200 OK
15:53:18.318 [reactor-http-nio-47] DEBUG reactor.netty.channel.FluxReceive - [id: 0x2015a302, L:/127.0.0.1:52045 - R:localhost/127.0.0.1:8084] Subscribing inbound receiver [pending: 0, cancelled:false, inboundDone: false]
15:53:18.319 [reactor-http-nio-47] DEBUG reactor.netty.http.client.HttpClientOperations - [id: 0x2015a302, L:/127.0.0.1:52045 - R:localhost/127.0.0.1:8084] Received last HTTP packet
15:53:18.319 [reactor-http-nio-47] DEBUG org.springframework.core.codec.StringDecoder - [2422dee9] Decoded "156"
15:53:18.319 [reactor-http-nio-47] DEBUG reactor.netty.resources.PooledConnectionProvider - [id: 0x2015a302, L:/127.0.0.1:52045 - R:localhost/127.0.0.1:8084] onStateChange(GET{uri=/attractionRewardPoint?attractionId=97155273-ad56-42fd-8f8e-c062af351561&userId=8f515823-addd-4298-8819-47ca943bcb79, connection=PooledConnection{channel=[id: 0x2015a302, L:/127.0.0.1:52045 - R:localhost/127.0.0.1:8084]}}, [disconnecting])
15:53:18.319 [reactor-http-nio-47] DEBUG reactor.netty.resources.PooledConnectionProvider - [id: 0x2015a302, L:/127.0.0.1:52045 - R:localhost/127.0.0.1:8084] Releasing channel
15:53:18.319 [reactor-http-nio-47] DEBUG reactor.netty.resources.PooledConnectionProvider - [id: 0x2015a302, L:/127.0.0.1:52045 - R:localhost/127.0.0.1:8084] Channel cleaned, now 73 active connections and 8 inactive connections
15:53:18.324 [pool-4-thread-104] DEBUG org.springframework.web.reactive.function.client.ExchangeFunctions - [5a7a680b] HTTP GET http://localhost:8084/attractionRewardPoint?attractionId=4f33aae0-e63a-4306-acc6-61781eabab12&userId=9aa32115-820b-4b66-9458-7e4bf8aa7c97
15:53:18.325 [pool-6-thread-1] DEBUG tourGuide.tracker.Tracker - Tracker Time Elapsed: 10 seconds.
15:53:18.325 [pool-6-thread-1] DEBUG tourGuide.tracker.Tracker - Tracker sleeping
15:53:18.326 [reactor-http-nio-48] DEBUG reactor.netty.resources.PooledConnectionProvider - [id: 0x5aa059bb, L:/127.0.0.1:52006 - R:localhost/127.0.0.1:8084] Channel acquired, now 74 active connections and 7 inactive connections
15:53:18.326 [reactor-http-nio-48] DEBUG reactor.netty.http.client.HttpClientConnect - [id: 0x5aa059bb, L:/127.0.0.1:52006 - R:localhost/127.0.0.1:8084] Handler is being applied: {uri=http://localhost:8084/attractionRewardPoint?attractionId=4f33aae0-e63a-4306-acc6-61781eabab12&userId=9aa32115-820b-4b66-9458-7e4bf8aa7c97, method=GET}
15:53:18.326 [reactor-http-nio-48] DEBUG reactor.netty.resources.PooledConnectionProvider - [id: 0x5aa059bb, L:/127.0.0.1:52006 - R:localhost/127.0.0.1:8084] onStateChange(GET{uri=/attractionRewardPoint?attractionId=4f33aae0-e63a-4306-acc6-61781eabab12&userId=9aa32115-820b-4b66-9458-7e4bf8aa7c97, connection=PooledConnection{channel=[id: 0x5aa059bb, L:/127.0.0.1:52006 - R:localhost/127.0.0.1:8084]}}, [request_sent])
15:53:18.327 [reactor-http-nio-48] DEBUG reactor.netty.http.client.HttpClientOperations - [id: 0xfb0827ba, L:/127.0.0.1:52007 - R:localhost/127.0.0.1:8084] Received response (auto-read:false) : [Content-Type=application/json, Transfer-Encoding=chunked, Date=Wed, 15 Jun 2022 14:53:18 GMT]
15:53:18.327 [reactor-http-nio-48] DEBUG reactor.netty.resources.PooledConnectionProvider - [id: 0xfb0827ba, L:/127.0.0.1:52007 - R:localhost/127.0.0.1:8084] onStateChange(GET{uri=/attractionRewardPoint?attractionId=56327bee-6941-41b5-8602-61ed0ea8c3be&userId=23ded068-1f66-4eb7-a8f7-0adbdcd6fa73, connection=PooledConnection{channel=[id: 0xfb0827ba, L:/127.0.0.1:52007 - R:localhost/127.0.0.1:8084]}}, [response_received])
15:53:18.327 [reactor-http-nio-48] DEBUG org.springframework.web.reactive.function.client.ExchangeFunctions - [4367d79d] Response 200 OK
15:53:18.328 [reactor-http-nio-48] DEBUG reactor.netty.channel.FluxReceive - [id: 0xfb0827ba, L:/127.0.0.1:52007 - R:localhost/127.0.0.1:8084] Subscribing inbound receiver [pending: 0, cancelled:false, inboundDone: false]
15:53:18.328 [reactor-http-nio-48] DEBUG reactor.netty.http.client.HttpClientOperations - [id: 0xfb0827ba, L:/127.0.0.1:52007 - R:localhost/127.0.0.1:8084] Received last HTTP packet
15:53:18.328 [reactor-http-nio-48] DEBUG org.springframework.core.codec.StringDecoder - [4367d79d] Decoded "640"
15:53:18.328 [reactor-http-nio-48] DEBUG reactor.netty.resources.PooledConnectionProvider - [id: 0xfb0827ba, L:/127.0.0.1:52007 - R:localhost/127.0.0.1:8084] onStateChange(GET{uri=/attractionRewardPoint?attractionId=56327bee-6941-41b5-8602-61ed0ea8c3be&userId=23ded068-1f66-4eb7-a8f7-0adbdcd6fa73, connection=PooledConnection{channel=[id: 0xfb0827ba, L:/127.0.0.1:52007 - R:localhost/127.0.0.1:8084]}}, [disconnecting])
15:53:18.328 [reactor-http-nio-48] DEBUG reactor.netty.resources.PooledConnectionProvider - [id: 0xfb0827ba, L:/127.0.0.1:52007 - R:localhost/127.0.0.1:8084] Releasing channel
15:53:18.328 [reactor-http-nio-48] DEBUG reactor.netty.resources.PooledConnectionProvider - [id: 0xfb0827ba, L:/127.0.0.1:52007 - R:localhost/127.0.0.1:8084] Channel cleaned, now 73 active connections and 8 inactive connections
15:53:18.330 [reactor-http-nio-46] DEBUG reactor.netty.http.client.HttpClientOperations - [id: 0xb25adae9, L:/127.0.0.1:51998 - R:localhost/127.0.0.1:8084] Received response (auto-read:false) : [Content-Type=application/json, Transfer-Encoding=chunked, Date=Wed, 15 Jun 2022 14:53:18 GMT]
15:53:18.330 [reactor-http-nio-46] DEBUG reactor.netty.resources.PooledConnectionProvider - [id: 0xb25adae9, L:/127.0.0.1:51998 - R:localhost/127.0.0.1:8084] onStateChange(GET{uri=/attractionRewardPoint?attractionId=5b3dab0d-006e-4b8b-9602-d60671d63501&userId=25dee4df-d0c0-4031-aa5f-97b5303d7401, connection=PooledConnection{channel=[id: 0xb25adae9, L:/127.0.0.1:51998 - R:localhost/127.0.0.1:8084]}}, [response_received])
15:53:18.330 [reactor-http-nio-46] DEBUG org.springframework.web.reactive.function.client.ExchangeFunctions - [1502fc0] Response 200 OK
15:53:18.330 [reactor-http-nio-46] DEBUG reactor.netty.channel.FluxReceive - [id: 0xb25adae9, L:/127.0.0.1:51998 - R:localhost/127.0.0.1:8084] Subscribing inbound receiver [pending: 0, cancelled:false, inboundDone: false]
15:53:18.331 [reactor-http-nio-46] DEBUG reactor.netty.http.client.HttpClientOperations - [id: 0xb25adae9, L:/127.0.0.1:51998 - R:localhost/127.0.0.1:8084] Received last HTTP packet
15:53:18.331 [reactor-http-nio-46] DEBUG org.springframework.core.codec.StringDecoder - [1502fc0] Decoded "488"
15:53:18.331 [reactor-http-nio-46] DEBUG reactor.netty.resources.PooledConnectionProvider - [id: 0xb25adae9, L:/127.0.0.1:51998 - R:localhost/127.0.0.1:8084] onStateChange(GET{uri=/attractionRewardPoint?attractionId=5b3dab0d-006e-4b8b-9602-d60671d63501&userId=25dee4df-d0c0-4031-aa5f-97b5303d7401, connection=PooledConnection{channel=[id: 0xb25adae9, L:/127.0.0.1:51998 - R:localhost/127.0.0.1:8084]}}, [disconnecting])
15:53:18.331 [reactor-http-nio-46] DEBUG reactor.netty.resources.PooledConnectionProvider - [id: 0xb25adae9, L:/127.0.0.1:51998 - R:localhost/127.0.0.1:8084] Releasing channel
15:53:18.331 [reactor-http-nio-46] DEBUG reactor.netty.resources.PooledConnectionProvider - [id: 0xb25adae9, L:/127.0.0.1:51998 - R:localhost/127.0.0.1:8084] Channel cleaned, now 72 active connections and 9 inactive connections
15:53:18.332 [reactor-http-nio-46] DEBUG reactor.netty.http.client.HttpClientOperations - [id: 0x99a89526, L:/127.0.0.1:52016 - R:localhost/127.0.0.1:8084] Received response (auto-read:false) : [Content-Type=application/json, Transfer-Encoding=chunked, Date=Wed, 15 Jun 2022 14:53:18 GMT]
15:53:18.332 [reactor-http-nio-46] DEBUG reactor.netty.resources.PooledConnectionProvider - [id: 0x99a89526, L:/127.0.0.1:52016 - R:localhost/127.0.0.1:8084] onStateChange(GET{uri=/attractionRewardPoint?attractionId=9e93df3c-590f-432c-8cdd-1c15d3f7331d&userId=6c24fd1f-0757-49ab-befc-1d3c9d6f37cd, connection=PooledConnection{channel=[id: 0x99a89526, L:/127.0.0.1:52016 - R:localhost/127.0.0.1:8084]}}, [response_received])
15:53:18.332 [reactor-http-nio-46] DEBUG org.springframework.web.reactive.function.client.ExchangeFunctions - [1d8c71ab] Response 200 OK
15:53:18.332 [reactor-http-nio-46] DEBUG reactor.netty.channel.FluxReceive - [id: 0x99a89526, L:/127.0.0.1:52016 - R:localhost/127.0.0.1:8084] Subscribing inbound receiver [pending: 0, cancelled:false, inboundDone: false]
15:53:18.332 [reactor-http-nio-46] DEBUG reactor.netty.http.client.HttpClientOperations - [id: 0x99a89526, L:/127.0.0.1:52016 - R:localhost/127.0.0.1:8084] Received last HTTP packet
15:53:18.333 [reactor-http-nio-46] DEBUG org.springframework.core.codec.StringDecoder - [1d8c71ab] Decoded "886"
15:53:18.333 [reactor-http-nio-46] DEBUG reactor.netty.resources.PooledConnectionProvider - [id: 0x99a89526, L:/127.0.0.1:52016 - R:localhost/127.0.0.1:8084] onStateChange(GET{uri=/attractionRewardPoint?attractionId=9e93df3c-590f-432c-8cdd-1c15d3f7331d&userId=6c24fd1f-0757-49ab-befc-1d3c9d6f37cd, connection=PooledConnection{channel=[id: 0x99a89526, L:/127.0.0.1:52016 - R:localhost/127.0.0.1:8084]}}, [disconnecting])
15:53:18.333 [reactor-http-nio-46] DEBUG reactor.netty.resources.PooledConnectionProvider - [id: 0x99a89526, L:/127.0.0.1:52016 - R:localhost/127.0.0.1:8084] Releasing channel
15:53:18.333 [reactor-http-nio-46] DEBUG reactor.netty.resources.PooledConnectionProvider - [id: 0x99a89526, L:/127.0.0.1:52016 - R:localhost/127.0.0.1:8084] Channel cleaned, now 71 active connections and 10 inactive connections
15:53:18.337 [reactor-http-nio-46] DEBUG reactor.netty.http.client.HttpClientOperations - [id: 0xac3acabb, L:/127.0.0.1:51996 - R:localhost/127.0.0.1:8084] Received response (auto-read:false) : [Content-Type=application/json, Transfer-Encoding=chunked, Date=Wed, 15 Jun 2022 14:53:18 GMT]
15:53:18.337 [reactor-http-nio-46] DEBUG reactor.netty.resources.PooledConnectionProvider - [id: 0xac3acabb, L:/127.0.0.1:51996 - R:localhost/127.0.0.1:8084] onStateChange(GET{uri=/attractionRewardPoint?attractionId=0614aa11-25e9-4fd0-a0e7-f50160b167f8&userId=6a917193-35e1-40bf-bb9f-5c64a014c07f, connection=PooledConnection{channel=[id: 0xac3acabb, L:/127.0.0.1:51996 - R:localhost/127.0.0.1:8084]}}, [response_received])
15:53:18.337 [reactor-http-nio-46] DEBUG org.springframework.web.reactive.function.client.ExchangeFunctions - [7deb383b] Response 200 OK
15:53:18.337 [reactor-http-nio-46] DEBUG reactor.netty.channel.FluxReceive - [id: 0xac3acabb, L:/127.0.0.1:51996 - R:localhost/127.0.0.1:8084] Subscribing inbound receiver [pending: 0, cancelled:false, inboundDone: false]
15:53:18.346 [reactor-http-nio-48] DEBUG reactor.netty.http.client.HttpClientOperations - [id: 0xc2796446, L:/127.0.0.1:52012 - R:localhost/127.0.0.1:8084] Received response (auto-read:false) : [Content-Type=application/json, Transfer-Encoding=chunked, Date=Wed, 15 Jun 2022 14:53:18 GMT]
15:53:18.346 [reactor-http-nio-48] DEBUG reactor.netty.resources.PooledConnectionProvider - [id: 0xc2796446, L:/127.0.0.1:52012 - R:localhost/127.0.0.1:8084] onStateChange(GET{uri=/attractionRewardPoint?attractionId=7694cdd8-1ac4-484a-bcde-7b491bd5fc00&userId=c0774efd-d248-4427-a0d6-8e85948aa8ec, connection=PooledConnection{channel=[id: 0xc2796446, L:/127.0.0.1:52012 - R:localhost/127.0.0.1:8084]}}, [response_received])
15:53:18.346 [reactor-http-nio-48] DEBUG org.springframework.web.reactive.function.client.ExchangeFunctions - [1b7b49eb] Response 200 OK
15:53:18.346 [reactor-http-nio-48] DEBUG reactor.netty.channel.FluxReceive - [id: 0xc2796446, L:/127.0.0.1:52012 - R:localhost/127.0.0.1:8084] Subscribing inbound receiver [pending: 0, cancelled:false, inboundDone: false]
15:53:18.347 [reactor-http-nio-48] DEBUG reactor.netty.http.client.HttpClientOperations - [id: 0xc2796446, L:/127.0.0.1:52012 - R:localhost/127.0.0.1:8084] Received last HTTP packet
15:53:18.347 [reactor-http-nio-48] DEBUG org.springframework.core.codec.StringDecoder - [1b7b49eb] Decoded "195"
15:53:18.347 [reactor-http-nio-48] DEBUG reactor.netty.resources.PooledConnectionProvider - [id: 0xc2796446, L:/127.0.0.1:52012 - R:localhost/127.0.0.1:8084] onStateChange(GET{uri=/attractionRewardPoint?attractionId=7694cdd8-1ac4-484a-bcde-7b491bd5fc00&userId=c0774efd-d248-4427-a0d6-8e85948aa8ec, connection=PooledConnection{channel=[id: 0xc2796446, L:/127.0.0.1:52012 - R:localhost/127.0.0.1:8084]}}, [disconnecting])
15:53:18.347 [reactor-http-nio-48] DEBUG reactor.netty.resources.PooledConnectionProvider - [id: 0xc2796446, L:/127.0.0.1:52012 - R:localhost/127.0.0.1:8084] Releasing channel
15:53:18.347 [reactor-http-nio-48] DEBUG reactor.netty.resources.PooledConnectionProvider - [id: 0xc2796446, L:/127.0.0.1:52012 - R:localhost/127.0.0.1:8084] Channel cleaned, now 70 active connections and 11 inactive connections
15:53:18.353 [reactor-http-nio-41] DEBUG reactor.netty.http.client.HttpClientOperations - [id: 0x416756c7, L:/127.0.0.1:52055 - R:localhost/127.0.0.1:8084] Received response (auto-read:false) : [Content-Type=application/json, Transfer-Encoding=chunked, Date=Wed, 15 Jun 2022 14:53:18 GMT]
15:53:18.353 [reactor-http-nio-41] DEBUG reactor.netty.resources.PooledConnectionProvider - [id: 0x416756c7, L:/127.0.0.1:52055 - R:localhost/127.0.0.1:8084] onStateChange(GET{uri=/attractionRewardPoint?attractionId=55e6eadf-0c5d-4502-8a1b-28227f2d26bf&userId=e5d8a3b0-65c4-4bca-b1ce-5c169cb11a99, connection=PooledConnection{channel=[id: 0x416756c7, L:/127.0.0.1:52055 - R:localhost/127.0.0.1:8084]}}, [response_received])
15:53:18.353 [reactor-http-nio-41] DEBUG org.springframework.web.reactive.function.client.ExchangeFunctions - [725f3e53] Response 200 OK
15:53:18.353 [reactor-http-nio-48] DEBUG reactor.netty.http.client.HttpClientOperations - [id: 0xa05904f0, L:/127.0.0.1:51935 - R:localhost/127.0.0.1:8083] Received response (auto-read:false) : [Content-Type=application/json, Transfer-Encoding=chunked, Date=Wed, 15 Jun 2022 14:53:17 GMT]
15:53:18.353 [reactor-http-nio-48] DEBUG reactor.netty.resources.PooledConnectionProvider - [id: 0xa05904f0, L:/127.0.0.1:51935 - R:localhost/127.0.0.1:8083] onStateChange(GET{uri=/attractions, connection=PooledConnection{channel=[id: 0xa05904f0, L:/127.0.0.1:51935 - R:localhost/127.0.0.1:8083]}}, [response_received])
15:53:18.353 [reactor-http-nio-48] DEBUG org.springframework.web.reactive.function.client.ExchangeFunctions - [3b4a1a75] Response 200 OK
15:53:18.353 [reactor-http-nio-41] DEBUG reactor.netty.channel.FluxReceive - [id: 0x416756c7, L:/127.0.0.1:52055 - R:localhost/127.0.0.1:8084] Subscribing inbound receiver [pending: 0, cancelled:false, inboundDone: false]
15:53:18.353 [reactor-http-nio-48] DEBUG reactor.netty.channel.FluxReceive - [id: 0xa05904f0, L:/127.0.0.1:51935 - R:localhost/127.0.0.1:8083] Subscribing inbound receiver [pending: 0, cancelled:false, inboundDone: false]
15:53:18.353 [reactor-http-nio-41] DEBUG reactor.netty.http.client.HttpClientOperations - [id: 0x416756c7, L:/127.0.0.1:52055 - R:localhost/127.0.0.1:8084] Received last HTTP packet
15:53:18.353 [reactor-http-nio-48] DEBUG reactor.netty.http.client.HttpClientOperations - [id: 0xa05904f0, L:/127.0.0.1:51935 - R:localhost/127.0.0.1:8083] Received last HTTP packet
15:53:18.353 [reactor-http-nio-48] DEBUG org.springframework.core.codec.StringDecoder - [3b4a1a75] Decoded "[{"longitude":-117.922008,"latitude":33.817595,"attractionName":"Disneyland","city":"Anaheim","stat (truncated)...
15:53:18.353 [reactor-http-nio-48] DEBUG reactor.netty.resources.PooledConnectionProvider - [id: 0xa05904f0, L:/127.0.0.1:51935 - R:localhost/127.0.0.1:8083] onStateChange(GET{uri=/attractions, connection=PooledConnection{channel=[id: 0xa05904f0, L:/127.0.0.1:51935 - R:localhost/127.0.0.1:8083]}}, [disconnecting])
15:53:18.353 [reactor-http-nio-48] DEBUG reactor.netty.resources.PooledConnectionProvider - [id: 0xa05904f0, L:/127.0.0.1:51935 - R:localhost/127.0.0.1:8083] Releasing channel
15:53:18.353 [reactor-http-nio-48] DEBUG reactor.netty.resources.PooledConnectionProvider - [id: 0xa05904f0, L:/127.0.0.1:51935 - R:localhost/127.0.0.1:8083] Channel cleaned, now 0 active connections and 301 inactive connections
15:53:18.354 [reactor-http-nio-41] DEBUG org.springframework.core.codec.StringDecoder - [725f3e53] Decoded "904"
15:53:18.354 [reactor-http-nio-41] DEBUG reactor.netty.resources.PooledConnectionProvider - [id: 0x416756c7, L:/127.0.0.1:52055 - R:localhost/127.0.0.1:8084] onStateChange(GET{uri=/attractionRewardPoint?attractionId=55e6eadf-0c5d-4502-8a1b-28227f2d26bf&userId=e5d8a3b0-65c4-4bca-b1ce-5c169cb11a99, connection=PooledConnection{channel=[id: 0x416756c7, L:/127.0.0.1:52055 - R:localhost/127.0.0.1:8084]}}, [disconnecting])
15:53:18.354 [reactor-http-nio-41] DEBUG reactor.netty.resources.PooledConnectionProvider - [id: 0x416756c7, L:/127.0.0.1:52055 - R:localhost/127.0.0.1:8084] Releasing channel
15:53:18.354 [reactor-http-nio-41] DEBUG reactor.netty.resources.PooledConnectionProvider - [id: 0x416756c7, L:/127.0.0.1:52055 - R:localhost/127.0.0.1:8084] Channel cleaned, now 69 active connections and 12 inactive connections
15:53:18.354 [reactor-http-nio-41] DEBUG reactor.netty.http.client.HttpClientOperations - [id: 0xb681ea2b, L:/127.0.0.1:52044 - R:localhost/127.0.0.1:8084] Received response (auto-read:false) : [Content-Type=application/json, Transfer-Encoding=chunked, Date=Wed, 15 Jun 2022 14:53:18 GMT]
15:53:18.354 [reactor-http-nio-41] DEBUG reactor.netty.resources.PooledConnectionProvider - [id: 0xb681ea2b, L:/127.0.0.1:52044 - R:localhost/127.0.0.1:8084] onStateChange(GET{uri=/attractionRewardPoint?attractionId=7799d62e-c281-400f-bf26-1026ee82cdd8&userId=3664b340-eb94-4838-838a-d3963cc336f7, connection=PooledConnection{channel=[id: 0xb681ea2b, L:/127.0.0.1:52044 - R:localhost/127.0.0.1:8084]}}, [response_received])
15:53:18.354 [reactor-http-nio-41] DEBUG org.springframework.web.reactive.function.client.ExchangeFunctions - [605e3d5d] Response 200 OK
15:53:18.354 [reactor-http-nio-41] DEBUG reactor.netty.channel.FluxReceive - [id: 0xb681ea2b, L:/127.0.0.1:52044 - R:localhost/127.0.0.1:8084] Subscribing inbound receiver [pending: 0, cancelled:false, inboundDone: false]
15:53:18.355 [reactor-http-nio-41] DEBUG reactor.netty.http.client.HttpClientOperations - [id: 0xb681ea2b, L:/127.0.0.1:52044 - R:localhost/127.0.0.1:8084] Received last HTTP packet
15:53:18.355 [reactor-http-nio-41] DEBUG org.springframework.core.codec.StringDecoder - [605e3d5d] Decoded "887"
15:53:18.355 [reactor-http-nio-41] DEBUG reactor.netty.resources.PooledConnectionProvider - [id: 0xb681ea2b, L:/127.0.0.1:52044 - R:localhost/127.0.0.1:8084] onStateChange(GET{uri=/attractionRewardPoint?attractionId=7799d62e-c281-400f-bf26-1026ee82cdd8&userId=3664b340-eb94-4838-838a-d3963cc336f7, connection=PooledConnection{channel=[id: 0xb681ea2b, L:/127.0.0.1:52044 - R:localhost/127.0.0.1:8084]}}, [disconnecting])
15:53:18.355 [reactor-http-nio-41] DEBUG reactor.netty.resources.PooledConnectionProvider - [id: 0xb681ea2b, L:/127.0.0.1:52044 - R:localhost/127.0.0.1:8084] Releasing channel
15:53:18.355 [reactor-http-nio-41] DEBUG reactor.netty.resources.PooledConnectionProvider - [id: 0xb681ea2b, L:/127.0.0.1:52044 - R:localhost/127.0.0.1:8084] Channel cleaned, now 68 active connections and 13 inactive connections
15:53:18.357 [Test worker] DEBUG org.springframework.web.reactive.function.client.ExchangeFunctions - [276cc8dc] HTTP GET http://localhost:8083/attractions
15:53:18.359 [reactor-http-nio-46] DEBUG reactor.netty.resources.PooledConnectionProvider - [id: 0x9abcbf1e, L:/127.0.0.1:51776 - R:localhost/127.0.0.1:8083] Channel acquired, now 1 active connections and 300 inactive connections
15:53:18.359 [reactor-http-nio-46] DEBUG reactor.netty.http.client.HttpClientConnect - [id: 0x9abcbf1e, L:/127.0.0.1:51776 - R:localhost/127.0.0.1:8083] Handler is being applied: {uri=http://localhost:8083/attractions, method=GET}
15:53:18.360 [reactor-http-nio-46] DEBUG reactor.netty.resources.PooledConnectionProvider - [id: 0x9abcbf1e, L:/127.0.0.1:51776 - R:localhost/127.0.0.1:8083] onStateChange(GET{uri=/attractions, connection=PooledConnection{channel=[id: 0x9abcbf1e, L:/127.0.0.1:51776 - R:localhost/127.0.0.1:8083]}}, [request_sent])
15:53:18.362 [reactor-http-nio-46] DEBUG reactor.netty.http.client.HttpClientOperations - [id: 0x1f4b22f3, L:/127.0.0.1:51983 - R:localhost/127.0.0.1:8084] Received response (auto-read:false) : [Content-Type=application/json, Transfer-Encoding=chunked, Date=Wed, 15 Jun 2022 14:53:18 GMT]
15:53:18.362 [reactor-http-nio-46] DEBUG reactor.netty.resources.PooledConnectionProvider - [id: 0x1f4b22f3, L:/127.0.0.1:51983 - R:localhost/127.0.0.1:8084] onStateChange(GET{uri=/attractionRewardPoint?attractionId=7a477542-6b9b-4c4a-9e8a-bc44bfc981e2&userId=1d15b43e-ce9f-45f4-b030-1a3333c336cb, connection=PooledConnection{channel=[id: 0x1f4b22f3, L:/127.0.0.1:51983 - R:localhost/127.0.0.1:8084]}}, [response_received])
15:53:18.362 [reactor-http-nio-46] DEBUG org.springframework.web.reactive.function.client.ExchangeFunctions - [3e3b131f] Response 200 OK
15:53:18.363 [reactor-http-nio-46] DEBUG reactor.netty.channel.FluxReceive - [id: 0x1f4b22f3, L:/127.0.0.1:51983 - R:localhost/127.0.0.1:8084] Subscribing inbound receiver [pending: 0, cancelled:false, inboundDone: false]
15:53:18.363 [reactor-http-nio-46] DEBUG reactor.netty.http.client.HttpClientOperations - [id: 0x1f4b22f3, L:/127.0.0.1:51983 - R:localhost/127.0.0.1:8084] Received last HTTP packet
15:53:18.364 [reactor-http-nio-46] DEBUG org.springframework.core.codec.StringDecoder - [3e3b131f] Decoded "262"
15:53:18.364 [reactor-http-nio-46] DEBUG reactor.netty.resources.PooledConnectionProvider - [id: 0x1f4b22f3, L:/127.0.0.1:51983 - R:localhost/127.0.0.1:8084] onStateChange(GET{uri=/attractionRewardPoint?attractionId=7a477542-6b9b-4c4a-9e8a-bc44bfc981e2&userId=1d15b43e-ce9f-45f4-b030-1a3333c336cb, connection=PooledConnection{channel=[id: 0x1f4b22f3, L:/127.0.0.1:51983 - R:localhost/127.0.0.1:8084]}}, [disconnecting])
15:53:18.364 [reactor-http-nio-46] DEBUG reactor.netty.resources.PooledConnectionProvider - [id: 0x1f4b22f3, L:/127.0.0.1:51983 - R:localhost/127.0.0.1:8084] Releasing channel
15:53:18.364 [reactor-http-nio-46] DEBUG reactor.netty.resources.PooledConnectionProvider - [id: 0x1f4b22f3, L:/127.0.0.1:51983 - R:localhost/127.0.0.1:8084] Channel cleaned, now 67 active connections and 14 inactive connections
15:53:18.364 [reactor-http-nio-46] DEBUG reactor.netty.http.client.HttpClientOperations - [id: 0xac3acabb, L:/127.0.0.1:51996 - R:localhost/127.0.0.1:8084] Received last HTTP packet
15:53:18.364 [reactor-http-nio-46] DEBUG org.springframework.core.codec.StringDecoder - [7deb383b] Decoded "793"
15:53:18.364 [reactor-http-nio-46] DEBUG reactor.netty.resources.PooledConnectionProvider - [id: 0xac3acabb, L:/127.0.0.1:51996 - R:localhost/127.0.0.1:8084] onStateChange(GET{uri=/attractionRewardPoint?attractionId=0614aa11-25e9-4fd0-a0e7-f50160b167f8&userId=6a917193-35e1-40bf-bb9f-5c64a014c07f, connection=PooledConnection{channel=[id: 0xac3acabb, L:/127.0.0.1:51996 - R:localhost/127.0.0.1:8084]}}, [disconnecting])
15:53:18.364 [reactor-http-nio-46] DEBUG reactor.netty.resources.PooledConnectionProvider - [id: 0xac3acabb, L:/127.0.0.1:51996 - R:localhost/127.0.0.1:8084] Releasing channel
15:53:18.365 [reactor-http-nio-46] DEBUG reactor.netty.resources.PooledConnectionProvider - [id: 0xac3acabb, L:/127.0.0.1:51996 - R:localhost/127.0.0.1:8084] Channel cleaned, now 66 active connections and 15 inactive connections
15:53:18.366 [pool-4-thread-105] DEBUG org.springframework.web.reactive.function.client.ExchangeFunctions - [312b1f72] HTTP GET http://localhost:8084/attractionRewardPoint?attractionId=d20f8ebe-ba9d-4a98-a425-46ba585aa94b&userId=085343c5-058e-4308-80b3-fd18b88d975d
15:53:18.368 [reactor-http-nio-46] DEBUG reactor.netty.resources.PooledConnectionProvider - [id: 0x1246ce27, L:/127.0.0.1:51988 - R:localhost/127.0.0.1:8084] Channel acquired, now 67 active connections and 14 inactive connections
15:53:18.368 [reactor-http-nio-46] DEBUG reactor.netty.http.client.HttpClientConnect - [id: 0x1246ce27, L:/127.0.0.1:51988 - R:localhost/127.0.0.1:8084] Handler is being applied: {uri=http://localhost:8084/attractionRewardPoint?attractionId=d20f8ebe-ba9d-4a98-a425-46ba585aa94b&userId=085343c5-058e-4308-80b3-fd18b88d975d, method=GET}
15:53:18.368 [reactor-http-nio-46] DEBUG reactor.netty.resources.PooledConnectionProvider - [id: 0x1246ce27, L:/127.0.0.1:51988 - R:localhost/127.0.0.1:8084] onStateChange(GET{uri=/attractionRewardPoint?attractionId=d20f8ebe-ba9d-4a98-a425-46ba585aa94b&userId=085343c5-058e-4308-80b3-fd18b88d975d, connection=PooledConnection{channel=[id: 0x1246ce27, L:/127.0.0.1:51988 - R:localhost/127.0.0.1:8084]}}, [request_sent])
15:53:18.376 [reactor-http-nio-46] DEBUG reactor.netty.http.client.HttpClientOperations - [id: 0xd94c41c1, L:/127.0.0.1:52024 - R:localhost/127.0.0.1:8084] Received response (auto-read:false) : [Content-Type=application/json, Transfer-Encoding=chunked, Date=Wed, 15 Jun 2022 14:53:18 GMT]
15:53:18.376 [reactor-http-nio-46] DEBUG reactor.netty.resources.PooledConnectionProvider - [id: 0xd94c41c1, L:/127.0.0.1:52024 - R:localhost/127.0.0.1:8084] onStateChange(GET{uri=/attractionRewardPoint?attractionId=a2708ccf-4a9a-4493-aa6e-468b828a5dfc&userId=c5873ddf-d4fe-4af2-b30f-a8d8d4c65a71, connection=PooledConnection{channel=[id: 0xd94c41c1, L:/127.0.0.1:52024 - R:localhost/127.0.0.1:8084]}}, [response_received])
15:53:18.376 [reactor-http-nio-46] DEBUG org.springframework.web.reactive.function.client.ExchangeFunctions - [1fd01245] Response 200 OK
15:53:18.376 [reactor-http-nio-46] DEBUG reactor.netty.channel.FluxReceive - [id: 0xd94c41c1, L:/127.0.0.1:52024 - R:localhost/127.0.0.1:8084] Subscribing inbound receiver [pending: 0, cancelled:false, inboundDone: false]
15:53:18.376 [reactor-http-nio-46] DEBUG reactor.netty.http.client.HttpClientOperations - [id: 0xd94c41c1, L:/127.0.0.1:52024 - R:localhost/127.0.0.1:8084] Received last HTTP packet
15:53:18.376 [reactor-http-nio-46] DEBUG org.springframework.core.codec.StringDecoder - [1fd01245] Decoded "994"
15:53:18.376 [reactor-http-nio-46] DEBUG reactor.netty.resources.PooledConnectionProvider - [id: 0xd94c41c1, L:/127.0.0.1:52024 - R:localhost/127.0.0.1:8084] onStateChange(GET{uri=/attractionRewardPoint?attractionId=a2708ccf-4a9a-4493-aa6e-468b828a5dfc&userId=c5873ddf-d4fe-4af2-b30f-a8d8d4c65a71, connection=PooledConnection{channel=[id: 0xd94c41c1, L:/127.0.0.1:52024 - R:localhost/127.0.0.1:8084]}}, [disconnecting])
15:53:18.376 [reactor-http-nio-46] DEBUG reactor.netty.resources.PooledConnectionProvider - [id: 0xd94c41c1, L:/127.0.0.1:52024 - R:localhost/127.0.0.1:8084] Releasing channel
15:53:18.376 [reactor-http-nio-46] DEBUG reactor.netty.resources.PooledConnectionProvider - [id: 0xd94c41c1, L:/127.0.0.1:52024 - R:localhost/127.0.0.1:8084] Channel cleaned, now 66 active connections and 15 inactive connections
15:53:18.381 [reactor-http-nio-47] DEBUG reactor.netty.http.client.HttpClientOperations - [id: 0x371157de, L:/127.0.0.1:52040 - R:localhost/127.0.0.1:8084] Received response (auto-read:false) : [Content-Type=application/json, Transfer-Encoding=chunked, Date=Wed, 15 Jun 2022 14:53:18 GMT]
15:53:18.381 [reactor-http-nio-47] DEBUG reactor.netty.resources.PooledConnectionProvider - [id: 0x371157de, L:/127.0.0.1:52040 - R:localhost/127.0.0.1:8084] onStateChange(GET{uri=/attractionRewardPoint?attractionId=c82c2afc-23ab-4e86-b5fe-0e2fc1f8d8e8&userId=2a2f76dd-edc1-41f9-956e-94275535b848, connection=PooledConnection{channel=[id: 0x371157de, L:/127.0.0.1:52040 - R:localhost/127.0.0.1:8084]}}, [response_received])
15:53:18.381 [reactor-http-nio-47] DEBUG org.springframework.web.reactive.function.client.ExchangeFunctions - [1409cdb2] Response 200 OK
15:53:18.381 [reactor-http-nio-47] DEBUG reactor.netty.channel.FluxReceive - [id: 0x371157de, L:/127.0.0.1:52040 - R:localhost/127.0.0.1:8084] Subscribing inbound receiver [pending: 0, cancelled:false, inboundDone: false]
15:53:18.382 [reactor-http-nio-47] DEBUG reactor.netty.http.client.HttpClientOperations - [id: 0xd2ffc3c9, L:/127.0.0.1:51992 - R:localhost/127.0.0.1:8084] Received response (auto-read:false) : [Content-Type=application/json, Transfer-Encoding=chunked, Date=Wed, 15 Jun 2022 14:53:18 GMT]
15:53:18.382 [reactor-http-nio-47] DEBUG reactor.netty.resources.PooledConnectionProvider - [id: 0xd2ffc3c9, L:/127.0.0.1:51992 - R:localhost/127.0.0.1:8084] onStateChange(GET{uri=/attractionRewardPoint?attractionId=80cb808f-dfca-4926-bcf7-b93bcf5af376&userId=9ee5e5f1-2320-453c-9ab4-9c02a1a70b71, connection=PooledConnection{channel=[id: 0xd2ffc3c9, L:/127.0.0.1:51992 - R:localhost/127.0.0.1:8084]}}, [response_received])
15:53:18.382 [reactor-http-nio-47] DEBUG org.springframework.web.reactive.function.client.ExchangeFunctions - [6221f5d6] Response 200 OK
15:53:18.383 [reactor-http-nio-47] DEBUG reactor.netty.channel.FluxReceive - [id: 0xd2ffc3c9, L:/127.0.0.1:51992 - R:localhost/127.0.0.1:8084] Subscribing inbound receiver [pending: 0, cancelled:false, inboundDone: false]
15:53:18.383 [reactor-http-nio-47] DEBUG reactor.netty.http.client.HttpClientOperations - [id: 0xd2ffc3c9, L:/127.0.0.1:51992 - R:localhost/127.0.0.1:8084] Received last HTTP packet
15:53:18.383 [reactor-http-nio-47] DEBUG org.springframework.core.codec.StringDecoder - [6221f5d6] Decoded "863"
15:53:18.383 [reactor-http-nio-47] DEBUG reactor.netty.resources.PooledConnectionProvider - [id: 0xd2ffc3c9, L:/127.0.0.1:51992 - R:localhost/127.0.0.1:8084] onStateChange(GET{uri=/attractionRewardPoint?attractionId=80cb808f-dfca-4926-bcf7-b93bcf5af376&userId=9ee5e5f1-2320-453c-9ab4-9c02a1a70b71, connection=PooledConnection{channel=[id: 0xd2ffc3c9, L:/127.0.0.1:51992 - R:localhost/127.0.0.1:8084]}}, [disconnecting])
15:53:18.383 [reactor-http-nio-47] DEBUG reactor.netty.resources.PooledConnectionProvider - [id: 0xd2ffc3c9, L:/127.0.0.1:51992 - R:localhost/127.0.0.1:8084] Releasing channel
15:53:18.383 [reactor-http-nio-47] DEBUG reactor.netty.resources.PooledConnectionProvider - [id: 0xd2ffc3c9, L:/127.0.0.1:51992 - R:localhost/127.0.0.1:8084] Channel cleaned, now 65 active connections and 16 inactive connections
15:53:18.400 [reactor-http-nio-48] DEBUG reactor.netty.http.client.HttpClientOperations - [id: 0xb13623cf, L:/127.0.0.1:52059 - R:localhost/127.0.0.1:8084] Received response (auto-read:false) : [Content-Type=application/json, Transfer-Encoding=chunked, Date=Wed, 15 Jun 2022 14:53:18 GMT]
15:53:18.400 [reactor-http-nio-46] DEBUG reactor.netty.http.client.HttpClientOperations - [id: 0x9abcbf1e, L:/127.0.0.1:51776 - R:localhost/127.0.0.1:8083] Received response (auto-read:false) : [Content-Type=application/json, Transfer-Encoding=chunked, Date=Wed, 15 Jun 2022 14:53:17 GMT]
15:53:18.400 [reactor-http-nio-48] DEBUG reactor.netty.resources.PooledConnectionProvider - [id: 0xb13623cf, L:/127.0.0.1:52059 - R:localhost/127.0.0.1:8084] onStateChange(GET{uri=/attractionRewardPoint?attractionId=d402da7f-6dc4-425a-b030-88756527dd23&userId=5ae50876-0f88-4653-8652-0711d4c15c82, connection=PooledConnection{channel=[id: 0xb13623cf, L:/127.0.0.1:52059 - R:localhost/127.0.0.1:8084]}}, [response_received])
15:53:18.400 [reactor-http-nio-46] DEBUG reactor.netty.resources.PooledConnectionProvider - [id: 0x9abcbf1e, L:/127.0.0.1:51776 - R:localhost/127.0.0.1:8083] onStateChange(GET{uri=/attractions, connection=PooledConnection{channel=[id: 0x9abcbf1e, L:/127.0.0.1:51776 - R:localhost/127.0.0.1:8083]}}, [response_received])
15:53:18.400 [reactor-http-nio-48] DEBUG org.springframework.web.reactive.function.client.ExchangeFunctions - [a4cf091] Response 200 OK
15:53:18.400 [reactor-http-nio-46] DEBUG org.springframework.web.reactive.function.client.ExchangeFunctions - [276cc8dc] Response 200 OK
15:53:18.400 [reactor-http-nio-46] DEBUG reactor.netty.channel.FluxReceive - [id: 0x9abcbf1e, L:/127.0.0.1:51776 - R:localhost/127.0.0.1:8083] Subscribing inbound receiver [pending: 0, cancelled:false, inboundDone: false]
15:53:18.401 [reactor-http-nio-48] DEBUG reactor.netty.channel.FluxReceive - [id: 0xb13623cf, L:/127.0.0.1:52059 - R:localhost/127.0.0.1:8084] Subscribing inbound receiver [pending: 0, cancelled:false, inboundDone: false]
15:53:18.401 [reactor-http-nio-46] DEBUG reactor.netty.http.client.HttpClientOperations - [id: 0x9abcbf1e, L:/127.0.0.1:51776 - R:localhost/127.0.0.1:8083] Received last HTTP packet
15:53:18.401 [reactor-http-nio-46] DEBUG org.springframework.core.codec.StringDecoder - [276cc8dc] Decoded "[{"longitude":-117.922008,"latitude":33.817595,"attractionName":"Disneyland","city":"Anaheim","stat (truncated)...
15:53:18.401 [reactor-http-nio-46] DEBUG reactor.netty.resources.PooledConnectionProvider - [id: 0x9abcbf1e, L:/127.0.0.1:51776 - R:localhost/127.0.0.1:8083] onStateChange(GET{uri=/attractions, connection=PooledConnection{channel=[id: 0x9abcbf1e, L:/127.0.0.1:51776 - R:localhost/127.0.0.1:8083]}}, [disconnecting])
15:53:18.401 [reactor-http-nio-46] DEBUG reactor.netty.resources.PooledConnectionProvider - [id: 0x9abcbf1e, L:/127.0.0.1:51776 - R:localhost/127.0.0.1:8083] Releasing channel
15:53:18.401 [reactor-http-nio-46] DEBUG reactor.netty.resources.PooledConnectionProvider - [id: 0x9abcbf1e, L:/127.0.0.1:51776 - R:localhost/127.0.0.1:8083] Channel cleaned, now 0 active connections and 301 inactive connections
15:53:18.404 [Test worker] DEBUG org.springframework.web.reactive.function.client.ExchangeFunctions - [d3f4505] HTTP GET http://localhost:8083/attractions
15:53:18.406 [reactor-http-nio-47] DEBUG reactor.netty.http.client.HttpClientOperations - [id: 0xa04033af, L:/127.0.0.1:52022 - R:localhost/127.0.0.1:8084] Received response (auto-read:false) : [Content-Type=application/json, Transfer-Encoding=chunked, Date=Wed, 15 Jun 2022 14:53:18 GMT]
15:53:18.406 [reactor-http-nio-47] DEBUG reactor.netty.resources.PooledConnectionProvider - [id: 0xa04033af, L:/127.0.0.1:52022 - R:localhost/127.0.0.1:8084] onStateChange(GET{uri=/attractionRewardPoint?attractionId=26fa7eac-c910-4386-a9fe-2d81ff752968&userId=7ab0801e-c6de-40b2-8af7-08768f7e5009, connection=PooledConnection{channel=[id: 0xa04033af, L:/127.0.0.1:52022 - R:localhost/127.0.0.1:8084]}}, [response_received])
15:53:18.406 [reactor-http-nio-47] DEBUG org.springframework.web.reactive.function.client.ExchangeFunctions - [22266922] Response 200 OK
15:53:18.406 [reactor-http-nio-48] DEBUG reactor.netty.http.client.HttpClientOperations - [id: 0xb13623cf, L:/127.0.0.1:52059 - R:localhost/127.0.0.1:8084] Received last HTTP packet
15:53:18.407 [reactor-http-nio-48] DEBUG org.springframework.core.codec.StringDecoder - [a4cf091] Decoded "370"
15:53:18.407 [reactor-http-nio-48] DEBUG reactor.netty.resources.PooledConnectionProvider - [id: 0xb13623cf, L:/127.0.0.1:52059 - R:localhost/127.0.0.1:8084] onStateChange(GET{uri=/attractionRewardPoint?attractionId=d402da7f-6dc4-425a-b030-88756527dd23&userId=5ae50876-0f88-4653-8652-0711d4c15c82, connection=PooledConnection{channel=[id: 0xb13623cf, L:/127.0.0.1:52059 - R:localhost/127.0.0.1:8084]}}, [disconnecting])
15:53:18.407 [reactor-http-nio-48] DEBUG reactor.netty.resources.PooledConnectionProvider - [id: 0xb13623cf, L:/127.0.0.1:52059 - R:localhost/127.0.0.1:8084] Releasing channel
15:53:18.407 [reactor-http-nio-48] DEBUG reactor.netty.resources.PooledConnectionProvider - [id: 0xb13623cf, L:/127.0.0.1:52059 - R:localhost/127.0.0.1:8084] Channel cleaned, now 64 active connections and 17 inactive connections
15:53:18.407 [reactor-http-nio-47] DEBUG reactor.netty.channel.FluxReceive - [id: 0xa04033af, L:/127.0.0.1:52022 - R:localhost/127.0.0.1:8084] Subscribing inbound receiver [pending: 0, cancelled:false, inboundDone: false]
15:53:18.407 [reactor-http-nio-48] DEBUG reactor.netty.resources.PooledConnectionProvider - [id: 0xb526d959, L:/127.0.0.1:51902 - R:localhost/127.0.0.1:8083] Channel acquired, now 1 active connections and 300 inactive connections
15:53:18.407 [reactor-http-nio-48] DEBUG reactor.netty.http.client.HttpClientConnect - [id: 0xb526d959, L:/127.0.0.1:51902 - R:localhost/127.0.0.1:8083] Handler is being applied: {uri=http://localhost:8083/attractions, method=GET}
15:53:18.408 [reactor-http-nio-48] DEBUG reactor.netty.resources.PooledConnectionProvider - [id: 0xb526d959, L:/127.0.0.1:51902 - R:localhost/127.0.0.1:8083] onStateChange(GET{uri=/attractions, connection=PooledConnection{channel=[id: 0xb526d959, L:/127.0.0.1:51902 - R:localhost/127.0.0.1:8083]}}, [request_sent])
15:53:18.418 [pool-4-thread-106] DEBUG org.springframework.web.reactive.function.client.ExchangeFunctions - [3642ddfc] HTTP GET http://localhost:8084/attractionRewardPoint?attractionId=8dd3edb4-a6d9-4e57-9074-d4569c8c9848&userId=a6863384-d596-4e00-ae17-a598d1b84a52
15:53:18.423 [reactor-http-nio-48] DEBUG reactor.netty.resources.PooledConnectionProvider - [id: 0x1c21a498, L:/127.0.0.1:51982 - R:localhost/127.0.0.1:8084] Channel acquired, now 65 active connections and 16 inactive connections
15:53:18.423 [reactor-http-nio-48] DEBUG reactor.netty.http.client.HttpClientConnect - [id: 0x1c21a498, L:/127.0.0.1:51982 - R:localhost/127.0.0.1:8084] Handler is being applied: {uri=http://localhost:8084/attractionRewardPoint?attractionId=8dd3edb4-a6d9-4e57-9074-d4569c8c9848&userId=a6863384-d596-4e00-ae17-a598d1b84a52, method=GET}
15:53:18.424 [reactor-http-nio-48] DEBUG reactor.netty.resources.PooledConnectionProvider - [id: 0x1c21a498, L:/127.0.0.1:51982 - R:localhost/127.0.0.1:8084] onStateChange(GET{uri=/attractionRewardPoint?attractionId=8dd3edb4-a6d9-4e57-9074-d4569c8c9848&userId=a6863384-d596-4e00-ae17-a598d1b84a52, connection=PooledConnection{channel=[id: 0x1c21a498, L:/127.0.0.1:51982 - R:localhost/127.0.0.1:8084]}}, [request_sent])
15:53:18.446 [reactor-http-nio-41] DEBUG reactor.netty.http.client.HttpClientOperations - [id: 0x6551a9eb, L:/127.0.0.1:52021 - R:localhost/127.0.0.1:8084] Received response (auto-read:false) : [Content-Type=application/json, Transfer-Encoding=chunked, Date=Wed, 15 Jun 2022 14:53:18 GMT]
15:53:18.446 [reactor-http-nio-41] DEBUG reactor.netty.resources.PooledConnectionProvider - [id: 0x6551a9eb, L:/127.0.0.1:52021 - R:localhost/127.0.0.1:8084] onStateChange(GET{uri=/attractionRewardPoint?attractionId=3ca6670b-4f92-479a-89cc-93181710f956&userId=86b96852-f137-496f-85ff-f5970a77d168, connection=PooledConnection{channel=[id: 0x6551a9eb, L:/127.0.0.1:52021 - R:localhost/127.0.0.1:8084]}}, [response_received])
15:53:18.446 [reactor-http-nio-41] DEBUG org.springframework.web.reactive.function.client.ExchangeFunctions - [49b7ecdc] Response 200 OK
15:53:18.447 [reactor-http-nio-41] DEBUG reactor.netty.channel.FluxReceive - [id: 0x6551a9eb, L:/127.0.0.1:52021 - R:localhost/127.0.0.1:8084] Subscribing inbound receiver [pending: 0, cancelled:false, inboundDone: false]
15:53:18.447 [reactor-http-nio-41] DEBUG reactor.netty.http.client.HttpClientOperations - [id: 0x6551a9eb, L:/127.0.0.1:52021 - R:localhost/127.0.0.1:8084] Received last HTTP packet
15:53:18.447 [reactor-http-nio-41] DEBUG org.springframework.core.codec.StringDecoder - [49b7ecdc] Decoded "789"
15:53:18.447 [reactor-http-nio-41] DEBUG reactor.netty.resources.PooledConnectionProvider - [id: 0x6551a9eb, L:/127.0.0.1:52021 - R:localhost/127.0.0.1:8084] onStateChange(GET{uri=/attractionRewardPoint?attractionId=3ca6670b-4f92-479a-89cc-93181710f956&userId=86b96852-f137-496f-85ff-f5970a77d168, connection=PooledConnection{channel=[id: 0x6551a9eb, L:/127.0.0.1:52021 - R:localhost/127.0.0.1:8084]}}, [disconnecting])
15:53:18.447 [reactor-http-nio-41] DEBUG reactor.netty.resources.PooledConnectionProvider - [id: 0x6551a9eb, L:/127.0.0.1:52021 - R:localhost/127.0.0.1:8084] Releasing channel
15:53:18.448 [reactor-http-nio-41] DEBUG reactor.netty.resources.PooledConnectionProvider - [id: 0x6551a9eb, L:/127.0.0.1:52021 - R:localhost/127.0.0.1:8084] Channel cleaned, now 64 active connections and 17 inactive connections
15:53:18.450 [reactor-http-nio-47] DEBUG reactor.netty.http.client.HttpClientOperations - [id: 0x371157de, L:/127.0.0.1:52040 - R:localhost/127.0.0.1:8084] Received last HTTP packet
15:53:18.451 [reactor-http-nio-47] DEBUG org.springframework.core.codec.StringDecoder - [1409cdb2] Decoded "112"
15:53:18.451 [reactor-http-nio-47] DEBUG reactor.netty.resources.PooledConnectionProvider - [id: 0x371157de, L:/127.0.0.1:52040 - R:localhost/127.0.0.1:8084] onStateChange(GET{uri=/attractionRewardPoint?attractionId=c82c2afc-23ab-4e86-b5fe-0e2fc1f8d8e8&userId=2a2f76dd-edc1-41f9-956e-94275535b848, connection=PooledConnection{channel=[id: 0x371157de, L:/127.0.0.1:52040 - R:localhost/127.0.0.1:8084]}}, [disconnecting])
15:53:18.451 [reactor-http-nio-47] DEBUG reactor.netty.resources.PooledConnectionProvider - [id: 0x371157de, L:/127.0.0.1:52040 - R:localhost/127.0.0.1:8084] Releasing channel
15:53:18.451 [reactor-http-nio-47] DEBUG reactor.netty.resources.PooledConnectionProvider - [id: 0x371157de, L:/127.0.0.1:52040 - R:localhost/127.0.0.1:8084] Channel cleaned, now 63 active connections and 18 inactive connections
15:53:18.452 [reactor-http-nio-47] DEBUG reactor.netty.http.client.HttpClientOperations - [id: 0xa04033af, L:/127.0.0.1:52022 - R:localhost/127.0.0.1:8084] Received last HTTP packet
15:53:18.452 [reactor-http-nio-47] DEBUG org.springframework.core.codec.StringDecoder - [22266922] Decoded "659"
15:53:18.452 [reactor-http-nio-47] DEBUG reactor.netty.resources.PooledConnectionProvider - [id: 0xa04033af, L:/127.0.0.1:52022 - R:localhost/127.0.0.1:8084] onStateChange(GET{uri=/attractionRewardPoint?attractionId=26fa7eac-c910-4386-a9fe-2d81ff752968&userId=7ab0801e-c6de-40b2-8af7-08768f7e5009, connection=PooledConnection{channel=[id: 0xa04033af, L:/127.0.0.1:52022 - R:localhost/127.0.0.1:8084]}}, [disconnecting])
15:53:18.452 [reactor-http-nio-47] DEBUG reactor.netty.resources.PooledConnectionProvider - [id: 0xa04033af, L:/127.0.0.1:52022 - R:localhost/127.0.0.1:8084] Releasing channel
15:53:18.452 [reactor-http-nio-47] DEBUG reactor.netty.resources.PooledConnectionProvider - [id: 0xa04033af, L:/127.0.0.1:52022 - R:localhost/127.0.0.1:8084] Channel cleaned, now 62 active connections and 19 inactive connections
15:53:18.466 [reactor-http-nio-48] DEBUG reactor.netty.http.client.HttpClientOperations - [id: 0x9a3845e6, L:/127.0.0.1:51984 - R:localhost/127.0.0.1:8084] Received response (auto-read:false) : [Content-Type=application/json, Transfer-Encoding=chunked, Date=Wed, 15 Jun 2022 14:53:18 GMT]
15:53:18.466 [reactor-http-nio-48] DEBUG reactor.netty.resources.PooledConnectionProvider - [id: 0x9a3845e6, L:/127.0.0.1:51984 - R:localhost/127.0.0.1:8084] onStateChange(GET{uri=/attractionRewardPoint?attractionId=cc02e3b6-96e2-4b30-bdec-07ba722f86e4&userId=66c20936-6741-4f51-8a3d-6d2175c7b4c0, connection=PooledConnection{channel=[id: 0x9a3845e6, L:/127.0.0.1:51984 - R:localhost/127.0.0.1:8084]}}, [response_received])
15:53:18.466 [reactor-http-nio-48] DEBUG org.springframework.web.reactive.function.client.ExchangeFunctions - [574d17] Response 200 OK
15:53:18.467 [reactor-http-nio-48] DEBUG reactor.netty.channel.FluxReceive - [id: 0x9a3845e6, L:/127.0.0.1:51984 - R:localhost/127.0.0.1:8084] Subscribing inbound receiver [pending: 0, cancelled:false, inboundDone: false]
15:53:18.467 [reactor-http-nio-48] DEBUG reactor.netty.http.client.HttpClientOperations - [id: 0x9a3845e6, L:/127.0.0.1:51984 - R:localhost/127.0.0.1:8084] Received last HTTP packet
15:53:18.467 [reactor-http-nio-48] DEBUG org.springframework.core.codec.StringDecoder - [574d17] Decoded "318"
15:53:18.467 [reactor-http-nio-48] DEBUG reactor.netty.resources.PooledConnectionProvider - [id: 0x9a3845e6, L:/127.0.0.1:51984 - R:localhost/127.0.0.1:8084] onStateChange(GET{uri=/attractionRewardPoint?attractionId=cc02e3b6-96e2-4b30-bdec-07ba722f86e4&userId=66c20936-6741-4f51-8a3d-6d2175c7b4c0, connection=PooledConnection{channel=[id: 0x9a3845e6, L:/127.0.0.1:51984 - R:localhost/127.0.0.1:8084]}}, [disconnecting])
15:53:18.467 [reactor-http-nio-48] DEBUG reactor.netty.resources.PooledConnectionProvider - [id: 0x9a3845e6, L:/127.0.0.1:51984 - R:localhost/127.0.0.1:8084] Releasing channel
15:53:18.467 [reactor-http-nio-48] DEBUG reactor.netty.resources.PooledConnectionProvider - [id: 0x9a3845e6, L:/127.0.0.1:51984 - R:localhost/127.0.0.1:8084] Channel cleaned, now 61 active connections and 20 inactive connections
15:53:18.468 [reactor-http-nio-48] DEBUG reactor.netty.http.client.HttpClientOperations - [id: 0x89ac4ec8, L:/127.0.0.1:52049 - R:localhost/127.0.0.1:8084] Received response (auto-read:false) : [Content-Type=application/json, Transfer-Encoding=chunked, Date=Wed, 15 Jun 2022 14:53:18 GMT]
15:53:18.468 [reactor-http-nio-48] DEBUG reactor.netty.resources.PooledConnectionProvider - [id: 0x89ac4ec8, L:/127.0.0.1:52049 - R:localhost/127.0.0.1:8084] onStateChange(GET{uri=/attractionRewardPoint?attractionId=99e831fb-a28f-45b8-96d8-d2872c1212da&userId=56aad4e1-c14f-412a-8b0c-276b69e9d278, connection=PooledConnection{channel=[id: 0x89ac4ec8, L:/127.0.0.1:52049 - R:localhost/127.0.0.1:8084]}}, [response_received])
15:53:18.468 [reactor-http-nio-48] DEBUG org.springframework.web.reactive.function.client.ExchangeFunctions - [5163b851] Response 200 OK
15:53:18.468 [reactor-http-nio-41] DEBUG reactor.netty.http.client.HttpClientOperations - [id: 0x05093caa, L:/127.0.0.1:52036 - R:localhost/127.0.0.1:8084] Received response (auto-read:false) : [Content-Type=application/json, Transfer-Encoding=chunked, Date=Wed, 15 Jun 2022 14:53:18 GMT]
15:53:18.468 [reactor-http-nio-41] DEBUG reactor.netty.resources.PooledConnectionProvider - [id: 0x05093caa, L:/127.0.0.1:52036 - R:localhost/127.0.0.1:8084] onStateChange(GET{uri=/attractionRewardPoint?attractionId=696c2837-8d49-4cbc-aeff-70d51a4645d9&userId=ea32b189-1cc0-4182-b548-638b7d1e3ad7, connection=PooledConnection{channel=[id: 0x05093caa, L:/127.0.0.1:52036 - R:localhost/127.0.0.1:8084]}}, [response_received])
15:53:18.468 [reactor-http-nio-41] DEBUG org.springframework.web.reactive.function.client.ExchangeFunctions - [2bf287cd] Response 200 OK
15:53:18.468 [reactor-http-nio-41] DEBUG reactor.netty.channel.FluxReceive - [id: 0x05093caa, L:/127.0.0.1:52036 - R:localhost/127.0.0.1:8084] Subscribing inbound receiver [pending: 0, cancelled:false, inboundDone: false]
15:53:18.468 [reactor-http-nio-48] DEBUG reactor.netty.channel.FluxReceive - [id: 0x89ac4ec8, L:/127.0.0.1:52049 - R:localhost/127.0.0.1:8084] Subscribing inbound receiver [pending: 0, cancelled:false, inboundDone: false]
15:53:18.469 [reactor-http-nio-48] DEBUG reactor.netty.http.client.HttpClientOperations - [id: 0x89ac4ec8, L:/127.0.0.1:52049 - R:localhost/127.0.0.1:8084] Received last HTTP packet
15:53:18.469 [reactor-http-nio-48] DEBUG org.springframework.core.codec.StringDecoder - [5163b851] Decoded "343"
15:53:18.469 [reactor-http-nio-48] DEBUG reactor.netty.resources.PooledConnectionProvider - [id: 0x89ac4ec8, L:/127.0.0.1:52049 - R:localhost/127.0.0.1:8084] onStateChange(GET{uri=/attractionRewardPoint?attractionId=99e831fb-a28f-45b8-96d8-d2872c1212da&userId=56aad4e1-c14f-412a-8b0c-276b69e9d278, connection=PooledConnection{channel=[id: 0x89ac4ec8, L:/127.0.0.1:52049 - R:localhost/127.0.0.1:8084]}}, [disconnecting])
15:53:18.469 [reactor-http-nio-48] DEBUG reactor.netty.resources.PooledConnectionProvider - [id: 0x89ac4ec8, L:/127.0.0.1:52049 - R:localhost/127.0.0.1:8084] Releasing channel
15:53:18.469 [reactor-http-nio-48] DEBUG reactor.netty.resources.PooledConnectionProvider - [id: 0x89ac4ec8, L:/127.0.0.1:52049 - R:localhost/127.0.0.1:8084] Channel cleaned, now 60 active connections and 21 inactive connections
15:53:18.470 [reactor-http-nio-41] DEBUG reactor.netty.http.client.HttpClientOperations - [id: 0x05093caa, L:/127.0.0.1:52036 - R:localhost/127.0.0.1:8084] Received last HTTP packet
15:53:18.470 [reactor-http-nio-41] DEBUG org.springframework.core.codec.StringDecoder - [2bf287cd] Decoded "820"
15:53:18.470 [reactor-http-nio-41] DEBUG reactor.netty.resources.PooledConnectionProvider - [id: 0x05093caa, L:/127.0.0.1:52036 - R:localhost/127.0.0.1:8084] onStateChange(GET{uri=/attractionRewardPoint?attractionId=696c2837-8d49-4cbc-aeff-70d51a4645d9&userId=ea32b189-1cc0-4182-b548-638b7d1e3ad7, connection=PooledConnection{channel=[id: 0x05093caa, L:/127.0.0.1:52036 - R:localhost/127.0.0.1:8084]}}, [disconnecting])
15:53:18.470 [reactor-http-nio-41] DEBUG reactor.netty.resources.PooledConnectionProvider - [id: 0x05093caa, L:/127.0.0.1:52036 - R:localhost/127.0.0.1:8084] Releasing channel
15:53:18.470 [reactor-http-nio-41] DEBUG reactor.netty.resources.PooledConnectionProvider - [id: 0x05093caa, L:/127.0.0.1:52036 - R:localhost/127.0.0.1:8084] Channel cleaned, now 59 active connections and 22 inactive connections
15:53:18.486 [reactor-http-nio-41] DEBUG reactor.netty.http.client.HttpClientOperations - [id: 0x93fab292, L:/127.0.0.1:52042 - R:localhost/127.0.0.1:8084] Received response (auto-read:false) : [Content-Type=application/json, Transfer-Encoding=chunked, Date=Wed, 15 Jun 2022 14:53:18 GMT]
15:53:18.486 [reactor-http-nio-41] DEBUG reactor.netty.resources.PooledConnectionProvider - [id: 0x93fab292, L:/127.0.0.1:52042 - R:localhost/127.0.0.1:8084] onStateChange(GET{uri=/attractionRewardPoint?attractionId=b85369ef-9fc5-46b8-91c9-cee28c6a79cb&userId=bf6ca283-1512-4f32-a67d-dec7af3d9456, connection=PooledConnection{channel=[id: 0x93fab292, L:/127.0.0.1:52042 - R:localhost/127.0.0.1:8084]}}, [response_received])
15:53:18.486 [reactor-http-nio-41] DEBUG org.springframework.web.reactive.function.client.ExchangeFunctions - [332ef72d] Response 200 OK
15:53:18.486 [reactor-http-nio-41] DEBUG reactor.netty.channel.FluxReceive - [id: 0x93fab292, L:/127.0.0.1:52042 - R:localhost/127.0.0.1:8084] Subscribing inbound receiver [pending: 0, cancelled:false, inboundDone: false]
15:53:18.486 [reactor-http-nio-41] DEBUG reactor.netty.http.client.HttpClientOperations - [id: 0x93fab292, L:/127.0.0.1:52042 - R:localhost/127.0.0.1:8084] Received last HTTP packet
15:53:18.487 [reactor-http-nio-41] DEBUG org.springframework.core.codec.StringDecoder - [332ef72d] Decoded "794"
15:53:18.487 [reactor-http-nio-41] DEBUG reactor.netty.resources.PooledConnectionProvider - [id: 0x93fab292, L:/127.0.0.1:52042 - R:localhost/127.0.0.1:8084] onStateChange(GET{uri=/attractionRewardPoint?attractionId=b85369ef-9fc5-46b8-91c9-cee28c6a79cb&userId=bf6ca283-1512-4f32-a67d-dec7af3d9456, connection=PooledConnection{channel=[id: 0x93fab292, L:/127.0.0.1:52042 - R:localhost/127.0.0.1:8084]}}, [disconnecting])
15:53:18.487 [reactor-http-nio-41] DEBUG reactor.netty.resources.PooledConnectionProvider - [id: 0x93fab292, L:/127.0.0.1:52042 - R:localhost/127.0.0.1:8084] Releasing channel
15:53:18.487 [reactor-http-nio-41] DEBUG reactor.netty.resources.PooledConnectionProvider - [id: 0x93fab292, L:/127.0.0.1:52042 - R:localhost/127.0.0.1:8084] Channel cleaned, now 58 active connections and 23 inactive connections
15:53:18.487 [reactor-http-nio-47] DEBUG reactor.netty.http.client.HttpClientOperations - [id: 0xfb2c8096, L:/127.0.0.1:52010 - R:localhost/127.0.0.1:8084] Received response (auto-read:false) : [Content-Type=application/json, Transfer-Encoding=chunked, Date=Wed, 15 Jun 2022 14:53:18 GMT]
15:53:18.487 [reactor-http-nio-47] DEBUG reactor.netty.resources.PooledConnectionProvider - [id: 0xfb2c8096, L:/127.0.0.1:52010 - R:localhost/127.0.0.1:8084] onStateChange(GET{uri=/attractionRewardPoint?attractionId=9e18503b-ff31-4f51-9855-b8c9d70161c5&userId=9210fe3b-2d9a-4f2c-8c54-688589f5b58c, connection=PooledConnection{channel=[id: 0xfb2c8096, L:/127.0.0.1:52010 - R:localhost/127.0.0.1:8084]}}, [response_received])
15:53:18.487 [reactor-http-nio-47] DEBUG org.springframework.web.reactive.function.client.ExchangeFunctions - [1721746f] Response 200 OK
15:53:18.487 [reactor-http-nio-46] DEBUG reactor.netty.http.client.HttpClientOperations - [id: 0x2ed180aa, L:/127.0.0.1:51994 - R:localhost/127.0.0.1:8084] Received response (auto-read:false) : [Content-Type=application/json, Transfer-Encoding=chunked, Date=Wed, 15 Jun 2022 14:53:18 GMT]
15:53:18.487 [reactor-http-nio-46] DEBUG reactor.netty.resources.PooledConnectionProvider - [id: 0x2ed180aa, L:/127.0.0.1:51994 - R:localhost/127.0.0.1:8084] onStateChange(GET{uri=/attractionRewardPoint?attractionId=f5968f49-e890-4d62-b1ef-ce7f92c4af78&userId=44964884-6c5c-46dc-a68c-8d9060b2c6e7, connection=PooledConnection{channel=[id: 0x2ed180aa, L:/127.0.0.1:51994 - R:localhost/127.0.0.1:8084]}}, [response_received])
15:53:18.487 [reactor-http-nio-46] DEBUG org.springframework.web.reactive.function.client.ExchangeFunctions - [7dabafe3] Response 200 OK
15:53:18.488 [reactor-http-nio-47] DEBUG reactor.netty.channel.FluxReceive - [id: 0xfb2c8096, L:/127.0.0.1:52010 - R:localhost/127.0.0.1:8084] Subscribing inbound receiver [pending: 0, cancelled:false, inboundDone: false]
15:53:18.488 [reactor-http-nio-46] DEBUG reactor.netty.channel.FluxReceive - [id: 0x2ed180aa, L:/127.0.0.1:51994 - R:localhost/127.0.0.1:8084] Subscribing inbound receiver [pending: 0, cancelled:false, inboundDone: false]
15:53:18.488 [reactor-http-nio-46] DEBUG reactor.netty.http.client.HttpClientOperations - [id: 0x2ed180aa, L:/127.0.0.1:51994 - R:localhost/127.0.0.1:8084] Received last HTTP packet
15:53:18.488 [reactor-http-nio-47] DEBUG reactor.netty.http.client.HttpClientOperations - [id: 0xfb2c8096, L:/127.0.0.1:52010 - R:localhost/127.0.0.1:8084] Received last HTTP packet
15:53:18.488 [reactor-http-nio-47] DEBUG org.springframework.core.codec.StringDecoder - [1721746f] Decoded "874"
15:53:18.488 [reactor-http-nio-46] DEBUG org.springframework.core.codec.StringDecoder - [7dabafe3] Decoded "992"
15:53:18.488 [reactor-http-nio-47] DEBUG reactor.netty.resources.PooledConnectionProvider - [id: 0xfb2c8096, L:/127.0.0.1:52010 - R:localhost/127.0.0.1:8084] onStateChange(GET{uri=/attractionRewardPoint?attractionId=9e18503b-ff31-4f51-9855-b8c9d70161c5&userId=9210fe3b-2d9a-4f2c-8c54-688589f5b58c, connection=PooledConnection{channel=[id: 0xfb2c8096, L:/127.0.0.1:52010 - R:localhost/127.0.0.1:8084]}}, [disconnecting])
15:53:18.488 [reactor-http-nio-47] DEBUG reactor.netty.resources.PooledConnectionProvider - [id: 0xfb2c8096, L:/127.0.0.1:52010 - R:localhost/127.0.0.1:8084] Releasing channel
15:53:18.488 [reactor-http-nio-46] DEBUG reactor.netty.resources.PooledConnectionProvider - [id: 0x2ed180aa, L:/127.0.0.1:51994 - R:localhost/127.0.0.1:8084] onStateChange(GET{uri=/attractionRewardPoint?attractionId=f5968f49-e890-4d62-b1ef-ce7f92c4af78&userId=44964884-6c5c-46dc-a68c-8d9060b2c6e7, connection=PooledConnection{channel=[id: 0x2ed180aa, L:/127.0.0.1:51994 - R:localhost/127.0.0.1:8084]}}, [disconnecting])
15:53:18.488 [reactor-http-nio-46] DEBUG reactor.netty.resources.PooledConnectionProvider - [id: 0x2ed180aa, L:/127.0.0.1:51994 - R:localhost/127.0.0.1:8084] Releasing channel
15:53:18.488 [reactor-http-nio-47] DEBUG reactor.netty.resources.PooledConnectionProvider - [id: 0xfb2c8096, L:/127.0.0.1:52010 - R:localhost/127.0.0.1:8084] Channel cleaned, now 57 active connections and 24 inactive connections
15:53:18.488 [reactor-http-nio-46] DEBUG reactor.netty.resources.PooledConnectionProvider - [id: 0x2ed180aa, L:/127.0.0.1:51994 - R:localhost/127.0.0.1:8084] Channel cleaned, now 56 active connections and 25 inactive connections
15:53:18.489 [reactor-http-nio-41] DEBUG reactor.netty.http.client.HttpClientOperations - [id: 0xe94ed034, L:/127.0.0.1:51981 - R:localhost/127.0.0.1:8084] Received response (auto-read:false) : [Content-Type=application/json, Transfer-Encoding=chunked, Date=Wed, 15 Jun 2022 14:53:18 GMT]
15:53:18.489 [reactor-http-nio-41] DEBUG reactor.netty.resources.PooledConnectionProvider - [id: 0xe94ed034, L:/127.0.0.1:51981 - R:localhost/127.0.0.1:8084] onStateChange(GET{uri=/attractionRewardPoint?attractionId=0c8b5719-d8c7-457e-9113-0a7c82e6ee5f&userId=e5d8a3b0-65c4-4bca-b1ce-5c169cb11a99, connection=PooledConnection{channel=[id: 0xe94ed034, L:/127.0.0.1:51981 - R:localhost/127.0.0.1:8084]}}, [response_received])
15:53:18.489 [reactor-http-nio-41] DEBUG org.springframework.web.reactive.function.client.ExchangeFunctions - [199d958b] Response 200 OK
15:53:18.489 [reactor-http-nio-47] DEBUG reactor.netty.http.client.HttpClientOperations - [id: 0xb2a527bb, L:/127.0.0.1:52033 - R:localhost/127.0.0.1:8084] Received response (auto-read:false) : [Content-Type=application/json, Transfer-Encoding=chunked, Date=Wed, 15 Jun 2022 14:53:18 GMT]
15:53:18.489 [reactor-http-nio-47] DEBUG reactor.netty.resources.PooledConnectionProvider - [id: 0xb2a527bb, L:/127.0.0.1:52033 - R:localhost/127.0.0.1:8084] onStateChange(GET{uri=/attractionRewardPoint?attractionId=a69abbc5-e057-43d9-aff1-f0c8a6e26361&userId=fb0946d9-85e9-4622-af6d-33e6a4417056, connection=PooledConnection{channel=[id: 0xb2a527bb, L:/127.0.0.1:52033 - R:localhost/127.0.0.1:8084]}}, [response_received])
15:53:18.489 [reactor-http-nio-47] DEBUG org.springframework.web.reactive.function.client.ExchangeFunctions - [a756d8d] Response 200 OK
15:53:18.489 [reactor-http-nio-46] DEBUG reactor.netty.http.client.HttpClientOperations - [id: 0x33d7a02d, L:/127.0.0.1:52028 - R:localhost/127.0.0.1:8084] Received response (auto-read:false) : [Content-Type=application/json, Transfer-Encoding=chunked, Date=Wed, 15 Jun 2022 14:53:18 GMT]
15:53:18.489 [reactor-http-nio-46] DEBUG reactor.netty.resources.PooledConnectionProvider - [id: 0x33d7a02d, L:/127.0.0.1:52028 - R:localhost/127.0.0.1:8084] onStateChange(GET{uri=/attractionRewardPoint?attractionId=1d9d8335-c65a-4616-935f-9b2339e78726&userId=022b05a8-67e6-40c4-b201-3ea1d558cb51, connection=PooledConnection{channel=[id: 0x33d7a02d, L:/127.0.0.1:52028 - R:localhost/127.0.0.1:8084]}}, [response_received])
15:53:18.489 [reactor-http-nio-46] DEBUG org.springframework.web.reactive.function.client.ExchangeFunctions - [28199e69] Response 200 OK
15:53:18.489 [reactor-http-nio-41] DEBUG reactor.netty.channel.FluxReceive - [id: 0xe94ed034, L:/127.0.0.1:51981 - R:localhost/127.0.0.1:8084] Subscribing inbound receiver [pending: 0, cancelled:false, inboundDone: false]
15:53:18.489 [reactor-http-nio-47] DEBUG reactor.netty.channel.FluxReceive - [id: 0xb2a527bb, L:/127.0.0.1:52033 - R:localhost/127.0.0.1:8084] Subscribing inbound receiver [pending: 0, cancelled:false, inboundDone: false]
15:53:18.489 [reactor-http-nio-46] DEBUG reactor.netty.channel.FluxReceive - [id: 0x33d7a02d, L:/127.0.0.1:52028 - R:localhost/127.0.0.1:8084] Subscribing inbound receiver [pending: 0, cancelled:false, inboundDone: false]
15:53:18.489 [reactor-http-nio-41] DEBUG reactor.netty.http.client.HttpClientOperations - [id: 0xe94ed034, L:/127.0.0.1:51981 - R:localhost/127.0.0.1:8084] Received last HTTP packet
15:53:18.489 [reactor-http-nio-46] DEBUG reactor.netty.http.client.HttpClientOperations - [id: 0x33d7a02d, L:/127.0.0.1:52028 - R:localhost/127.0.0.1:8084] Received last HTTP packet
15:53:18.489 [reactor-http-nio-41] DEBUG org.springframework.core.codec.StringDecoder - [199d958b] Decoded "412"
15:53:18.489 [reactor-http-nio-46] DEBUG org.springframework.core.codec.StringDecoder - [28199e69] Decoded "820"
15:53:18.489 [reactor-http-nio-41] DEBUG reactor.netty.resources.PooledConnectionProvider - [id: 0xe94ed034, L:/127.0.0.1:51981 - R:localhost/127.0.0.1:8084] onStateChange(GET{uri=/attractionRewardPoint?attractionId=0c8b5719-d8c7-457e-9113-0a7c82e6ee5f&userId=e5d8a3b0-65c4-4bca-b1ce-5c169cb11a99, connection=PooledConnection{channel=[id: 0xe94ed034, L:/127.0.0.1:51981 - R:localhost/127.0.0.1:8084]}}, [disconnecting])
15:53:18.489 [reactor-http-nio-46] DEBUG reactor.netty.resources.PooledConnectionProvider - [id: 0x33d7a02d, L:/127.0.0.1:52028 - R:localhost/127.0.0.1:8084] onStateChange(GET{uri=/attractionRewardPoint?attractionId=1d9d8335-c65a-4616-935f-9b2339e78726&userId=022b05a8-67e6-40c4-b201-3ea1d558cb51, connection=PooledConnection{channel=[id: 0x33d7a02d, L:/127.0.0.1:52028 - R:localhost/127.0.0.1:8084]}}, [disconnecting])
15:53:18.489 [reactor-http-nio-46] DEBUG reactor.netty.resources.PooledConnectionProvider - [id: 0x33d7a02d, L:/127.0.0.1:52028 - R:localhost/127.0.0.1:8084] Releasing channel
15:53:18.489 [reactor-http-nio-41] DEBUG reactor.netty.resources.PooledConnectionProvider - [id: 0xe94ed034, L:/127.0.0.1:51981 - R:localhost/127.0.0.1:8084] Releasing channel
15:53:18.489 [reactor-http-nio-46] DEBUG reactor.netty.resources.PooledConnectionProvider - [id: 0x33d7a02d, L:/127.0.0.1:52028 - R:localhost/127.0.0.1:8084] Channel cleaned, now 54 active connections and 27 inactive connections
15:53:18.489 [reactor-http-nio-41] DEBUG reactor.netty.resources.PooledConnectionProvider - [id: 0xe94ed034, L:/127.0.0.1:51981 - R:localhost/127.0.0.1:8084] Channel cleaned, now 54 active connections and 27 inactive connections
15:53:18.489 [reactor-http-nio-47] DEBUG reactor.netty.http.client.HttpClientOperations - [id: 0xb2a527bb, L:/127.0.0.1:52033 - R:localhost/127.0.0.1:8084] Received last HTTP packet
15:53:18.489 [reactor-http-nio-47] DEBUG org.springframework.core.codec.StringDecoder - [a756d8d] Decoded "343"
15:53:18.490 [reactor-http-nio-47] DEBUG reactor.netty.resources.PooledConnectionProvider - [id: 0xb2a527bb, L:/127.0.0.1:52033 - R:localhost/127.0.0.1:8084] onStateChange(GET{uri=/attractionRewardPoint?attractionId=a69abbc5-e057-43d9-aff1-f0c8a6e26361&userId=fb0946d9-85e9-4622-af6d-33e6a4417056, connection=PooledConnection{channel=[id: 0xb2a527bb, L:/127.0.0.1:52033 - R:localhost/127.0.0.1:8084]}}, [disconnecting])
15:53:18.490 [reactor-http-nio-47] DEBUG reactor.netty.resources.PooledConnectionProvider - [id: 0xb2a527bb, L:/127.0.0.1:52033 - R:localhost/127.0.0.1:8084] Releasing channel
15:53:18.490 [reactor-http-nio-47] DEBUG reactor.netty.resources.PooledConnectionProvider - [id: 0xb2a527bb, L:/127.0.0.1:52033 - R:localhost/127.0.0.1:8084] Channel cleaned, now 53 active connections and 28 inactive connections
15:53:18.490 [reactor-http-nio-41] DEBUG reactor.netty.http.client.HttpClientOperations - [id: 0x271ad07a, L:/127.0.0.1:52032 - R:localhost/127.0.0.1:8084] Received response (auto-read:false) : [Content-Type=application/json, Transfer-Encoding=chunked, Date=Wed, 15 Jun 2022 14:53:18 GMT]
15:53:18.490 [reactor-http-nio-41] DEBUG reactor.netty.resources.PooledConnectionProvider - [id: 0x271ad07a, L:/127.0.0.1:52032 - R:localhost/127.0.0.1:8084] onStateChange(GET{uri=/attractionRewardPoint?attractionId=e99c0808-8089-488c-8871-7889ee3a2c53&userId=17e328fa-6d3f-4114-bb82-70207a82fbd9, connection=PooledConnection{channel=[id: 0x271ad07a, L:/127.0.0.1:52032 - R:localhost/127.0.0.1:8084]}}, [response_received])
15:53:18.490 [reactor-http-nio-41] DEBUG org.springframework.web.reactive.function.client.ExchangeFunctions - [37c459ed] Response 200 OK
15:53:18.491 [reactor-http-nio-41] DEBUG reactor.netty.channel.FluxReceive - [id: 0x271ad07a, L:/127.0.0.1:52032 - R:localhost/127.0.0.1:8084] Subscribing inbound receiver [pending: 0, cancelled:false, inboundDone: false]
15:53:18.491 [reactor-http-nio-41] DEBUG reactor.netty.http.client.HttpClientOperations - [id: 0x271ad07a, L:/127.0.0.1:52032 - R:localhost/127.0.0.1:8084] Received last HTTP packet
15:53:18.491 [reactor-http-nio-41] DEBUG org.springframework.core.codec.StringDecoder - [37c459ed] Decoded "71"
15:53:18.491 [reactor-http-nio-41] DEBUG reactor.netty.resources.PooledConnectionProvider - [id: 0x271ad07a, L:/127.0.0.1:52032 - R:localhost/127.0.0.1:8084] onStateChange(GET{uri=/attractionRewardPoint?attractionId=e99c0808-8089-488c-8871-7889ee3a2c53&userId=17e328fa-6d3f-4114-bb82-70207a82fbd9, connection=PooledConnection{channel=[id: 0x271ad07a, L:/127.0.0.1:52032 - R:localhost/127.0.0.1:8084]}}, [disconnecting])
15:53:18.491 [reactor-http-nio-41] DEBUG reactor.netty.resources.PooledConnectionProvider - [id: 0x271ad07a, L:/127.0.0.1:52032 - R:localhost/127.0.0.1:8084] Releasing channel
15:53:18.491 [reactor-http-nio-41] DEBUG reactor.netty.resources.PooledConnectionProvider - [id: 0x271ad07a, L:/127.0.0.1:52032 - R:localhost/127.0.0.1:8084] Channel cleaned, now 52 active connections and 29 inactive connections
15:53:18.491 [reactor-http-nio-46] DEBUG reactor.netty.http.client.HttpClientOperations - [id: 0x3ddc255e, L:/127.0.0.1:52061 - R:localhost/127.0.0.1:8084] Received response (auto-read:false) : [Content-Type=application/json, Transfer-Encoding=chunked, Date=Wed, 15 Jun 2022 14:53:18 GMT]
15:53:18.491 [reactor-http-nio-46] DEBUG reactor.netty.resources.PooledConnectionProvider - [id: 0x3ddc255e, L:/127.0.0.1:52061 - R:localhost/127.0.0.1:8084] onStateChange(GET{uri=/attractionRewardPoint?attractionId=f19752e3-e832-4376-aaf5-a8ab85e19fb2&userId=2a47b186-6251-4098-81d0-0d82facb206d, connection=PooledConnection{channel=[id: 0x3ddc255e, L:/127.0.0.1:52061 - R:localhost/127.0.0.1:8084]}}, [response_received])
15:53:18.492 [reactor-http-nio-46] DEBUG org.springframework.web.reactive.function.client.ExchangeFunctions - [5a1a2801] Response 200 OK
15:53:18.492 [reactor-http-nio-46] DEBUG reactor.netty.channel.FluxReceive - [id: 0x3ddc255e, L:/127.0.0.1:52061 - R:localhost/127.0.0.1:8084] Subscribing inbound receiver [pending: 0, cancelled:false, inboundDone: false]
15:53:18.492 [reactor-http-nio-46] DEBUG reactor.netty.http.client.HttpClientOperations - [id: 0x3ddc255e, L:/127.0.0.1:52061 - R:localhost/127.0.0.1:8084] Received last HTTP packet
15:53:18.492 [reactor-http-nio-46] DEBUG org.springframework.core.codec.StringDecoder - [5a1a2801] Decoded "455"
15:53:18.492 [reactor-http-nio-46] DEBUG reactor.netty.resources.PooledConnectionProvider - [id: 0x3ddc255e, L:/127.0.0.1:52061 - R:localhost/127.0.0.1:8084] onStateChange(GET{uri=/attractionRewardPoint?attractionId=f19752e3-e832-4376-aaf5-a8ab85e19fb2&userId=2a47b186-6251-4098-81d0-0d82facb206d, connection=PooledConnection{channel=[id: 0x3ddc255e, L:/127.0.0.1:52061 - R:localhost/127.0.0.1:8084]}}, [disconnecting])
15:53:18.492 [reactor-http-nio-46] DEBUG reactor.netty.resources.PooledConnectionProvider - [id: 0x3ddc255e, L:/127.0.0.1:52061 - R:localhost/127.0.0.1:8084] Releasing channel
15:53:18.492 [reactor-http-nio-46] DEBUG reactor.netty.resources.PooledConnectionProvider - [id: 0x3ddc255e, L:/127.0.0.1:52061 - R:localhost/127.0.0.1:8084] Channel cleaned, now 51 active connections and 30 inactive connections
15:53:18.494 [reactor-http-nio-48] DEBUG reactor.netty.http.client.HttpClientOperations - [id: 0xb526d959, L:/127.0.0.1:51902 - R:localhost/127.0.0.1:8083] Received response (auto-read:false) : [Content-Type=application/json, Transfer-Encoding=chunked, Date=Wed, 15 Jun 2022 14:53:17 GMT]
15:53:18.494 [reactor-http-nio-48] DEBUG reactor.netty.resources.PooledConnectionProvider - [id: 0xb526d959, L:/127.0.0.1:51902 - R:localhost/127.0.0.1:8083] onStateChange(GET{uri=/attractions, connection=PooledConnection{channel=[id: 0xb526d959, L:/127.0.0.1:51902 - R:localhost/127.0.0.1:8083]}}, [response_received])
15:53:18.494 [reactor-http-nio-48] DEBUG org.springframework.web.reactive.function.client.ExchangeFunctions - [d3f4505] Response 200 OK
15:53:18.494 [reactor-http-nio-48] DEBUG reactor.netty.channel.FluxReceive - [id: 0xb526d959, L:/127.0.0.1:51902 - R:localhost/127.0.0.1:8083] Subscribing inbound receiver [pending: 0, cancelled:false, inboundDone: false]
15:53:18.495 [reactor-http-nio-48] DEBUG reactor.netty.http.client.HttpClientOperations - [id: 0xb526d959, L:/127.0.0.1:51902 - R:localhost/127.0.0.1:8083] Received last HTTP packet
15:53:18.495 [reactor-http-nio-48] DEBUG org.springframework.core.codec.StringDecoder - [d3f4505] Decoded "[{"longitude":-117.922008,"latitude":33.817595,"attractionName":"Disneyland","city":"Anaheim","stat (truncated)...
15:53:18.495 [reactor-http-nio-48] DEBUG reactor.netty.resources.PooledConnectionProvider - [id: 0xb526d959, L:/127.0.0.1:51902 - R:localhost/127.0.0.1:8083] onStateChange(GET{uri=/attractions, connection=PooledConnection{channel=[id: 0xb526d959, L:/127.0.0.1:51902 - R:localhost/127.0.0.1:8083]}}, [disconnecting])
15:53:18.495 [reactor-http-nio-48] DEBUG reactor.netty.resources.PooledConnectionProvider - [id: 0xb526d959, L:/127.0.0.1:51902 - R:localhost/127.0.0.1:8083] Releasing channel
15:53:18.495 [reactor-http-nio-48] DEBUG reactor.netty.resources.PooledConnectionProvider - [id: 0xb526d959, L:/127.0.0.1:51902 - R:localhost/127.0.0.1:8083] Channel cleaned, now 0 active connections and 301 inactive connections
15:53:18.496 [Test worker] DEBUG org.springframework.web.reactive.function.client.ExchangeFunctions - [7fd987ef] HTTP GET http://localhost:8083/attractions
15:53:18.498 [reactor-http-nio-48] DEBUG reactor.netty.resources.PooledConnectionProvider - [id: 0x6a1a0482, L:/127.0.0.1:51956 - R:localhost/127.0.0.1:8083] Channel acquired, now 1 active connections and 300 inactive connections
15:53:18.498 [reactor-http-nio-48] DEBUG reactor.netty.http.client.HttpClientConnect - [id: 0x6a1a0482, L:/127.0.0.1:51956 - R:localhost/127.0.0.1:8083] Handler is being applied: {uri=http://localhost:8083/attractions, method=GET}
15:53:18.499 [reactor-http-nio-48] DEBUG reactor.netty.resources.PooledConnectionProvider - [id: 0x6a1a0482, L:/127.0.0.1:51956 - R:localhost/127.0.0.1:8083] onStateChange(GET{uri=/attractions, connection=PooledConnection{channel=[id: 0x6a1a0482, L:/127.0.0.1:51956 - R:localhost/127.0.0.1:8083]}}, [request_sent])
15:53:18.536 [pool-4-thread-107] DEBUG org.springframework.web.reactive.function.client.ExchangeFunctions - [5851b1c8] HTTP GET http://localhost:8084/attractionRewardPoint?attractionId=0c7c4da4-cd9b-4a55-9c09-0ec9fba55b11&userId=caab5cdd-8d0e-4e28-a7f6-743157b1e933
15:53:18.540 [reactor-http-nio-48] DEBUG reactor.netty.resources.PooledConnectionProvider - [id: 0x8d2de475, L:/127.0.0.1:52025 - R:localhost/127.0.0.1:8084] Channel acquired, now 52 active connections and 29 inactive connections
15:53:18.540 [reactor-http-nio-48] DEBUG reactor.netty.http.client.HttpClientConnect - [id: 0x8d2de475, L:/127.0.0.1:52025 - R:localhost/127.0.0.1:8084] Handler is being applied: {uri=http://localhost:8084/attractionRewardPoint?attractionId=0c7c4da4-cd9b-4a55-9c09-0ec9fba55b11&userId=caab5cdd-8d0e-4e28-a7f6-743157b1e933, method=GET}
15:53:18.540 [reactor-http-nio-48] DEBUG reactor.netty.resources.PooledConnectionProvider - [id: 0x8d2de475, L:/127.0.0.1:52025 - R:localhost/127.0.0.1:8084] onStateChange(GET{uri=/attractionRewardPoint?attractionId=0c7c4da4-cd9b-4a55-9c09-0ec9fba55b11&userId=caab5cdd-8d0e-4e28-a7f6-743157b1e933, connection=PooledConnection{channel=[id: 0x8d2de475, L:/127.0.0.1:52025 - R:localhost/127.0.0.1:8084]}}, [request_sent])
15:53:18.553 [reactor-http-nio-48] DEBUG reactor.netty.http.client.HttpClientOperations - [id: 0x0acdd11d, L:/127.0.0.1:51986 - R:localhost/127.0.0.1:8084] Received response (auto-read:false) : [Content-Type=application/json, Transfer-Encoding=chunked, Date=Wed, 15 Jun 2022 14:53:18 GMT]
15:53:18.553 [reactor-http-nio-48] DEBUG reactor.netty.resources.PooledConnectionProvider - [id: 0x0acdd11d, L:/127.0.0.1:51986 - R:localhost/127.0.0.1:8084] onStateChange(GET{uri=/attractionRewardPoint?attractionId=aa56206a-b818-4999-af86-e9ff1a413c58&userId=a47d0356-018a-4ef4-9417-4fbbf3da3cb9, connection=PooledConnection{channel=[id: 0x0acdd11d, L:/127.0.0.1:51986 - R:localhost/127.0.0.1:8084]}}, [response_received])
15:53:18.553 [reactor-http-nio-48] DEBUG org.springframework.web.reactive.function.client.ExchangeFunctions - [14a0d08e] Response 200 OK
15:53:18.553 [reactor-http-nio-48] DEBUG reactor.netty.channel.FluxReceive - [id: 0x0acdd11d, L:/127.0.0.1:51986 - R:localhost/127.0.0.1:8084] Subscribing inbound receiver [pending: 0, cancelled:false, inboundDone: false]
15:53:18.553 [reactor-http-nio-48] DEBUG reactor.netty.http.client.HttpClientOperations - [id: 0x0acdd11d, L:/127.0.0.1:51986 - R:localhost/127.0.0.1:8084] Received last HTTP packet
15:53:18.553 [reactor-http-nio-48] DEBUG org.springframework.core.codec.StringDecoder - [14a0d08e] Decoded "117"
15:53:18.553 [reactor-http-nio-48] DEBUG reactor.netty.resources.PooledConnectionProvider - [id: 0x0acdd11d, L:/127.0.0.1:51986 - R:localhost/127.0.0.1:8084] onStateChange(GET{uri=/attractionRewardPoint?attractionId=aa56206a-b818-4999-af86-e9ff1a413c58&userId=a47d0356-018a-4ef4-9417-4fbbf3da3cb9, connection=PooledConnection{channel=[id: 0x0acdd11d, L:/127.0.0.1:51986 - R:localhost/127.0.0.1:8084]}}, [disconnecting])
15:53:18.554 [reactor-http-nio-48] DEBUG reactor.netty.resources.PooledConnectionProvider - [id: 0x0acdd11d, L:/127.0.0.1:51986 - R:localhost/127.0.0.1:8084] Releasing channel
15:53:18.554 [reactor-http-nio-48] DEBUG reactor.netty.resources.PooledConnectionProvider - [id: 0x0acdd11d, L:/127.0.0.1:51986 - R:localhost/127.0.0.1:8084] Channel cleaned, now 51 active connections and 30 inactive connections
15:53:18.554 [reactor-http-nio-46] DEBUG reactor.netty.http.client.HttpClientOperations - [id: 0xd5d21335, L:/127.0.0.1:52041 - R:localhost/127.0.0.1:8084] Received response (auto-read:false) : [Content-Type=application/json, Transfer-Encoding=chunked, Date=Wed, 15 Jun 2022 14:53:18 GMT]
15:53:18.554 [reactor-http-nio-46] DEBUG reactor.netty.resources.PooledConnectionProvider - [id: 0xd5d21335, L:/127.0.0.1:52041 - R:localhost/127.0.0.1:8084] onStateChange(GET{uri=/attractionRewardPoint?attractionId=591a19e1-e032-452d-9c5f-b270af6a62d2&userId=19d8fd39-c450-4ee3-bfcb-5023685db34c, connection=PooledConnection{channel=[id: 0xd5d21335, L:/127.0.0.1:52041 - R:localhost/127.0.0.1:8084]}}, [response_received])
15:53:18.554 [reactor-http-nio-46] DEBUG org.springframework.web.reactive.function.client.ExchangeFunctions - [25bb063e] Response 200 OK
15:53:18.555 [reactor-http-nio-46] DEBUG reactor.netty.channel.FluxReceive - [id: 0xd5d21335, L:/127.0.0.1:52041 - R:localhost/127.0.0.1:8084] Subscribing inbound receiver [pending: 0, cancelled:false, inboundDone: false]
15:53:18.555 [reactor-http-nio-46] DEBUG reactor.netty.http.client.HttpClientOperations - [id: 0xd5d21335, L:/127.0.0.1:52041 - R:localhost/127.0.0.1:8084] Received last HTTP packet
15:53:18.555 [reactor-http-nio-48] DEBUG reactor.netty.http.client.HttpClientOperations - [id: 0xa6d9aa39, L:/127.0.0.1:51990 - R:localhost/127.0.0.1:8084] Received response (auto-read:false) : [Content-Type=application/json, Transfer-Encoding=chunked, Date=Wed, 15 Jun 2022 14:53:18 GMT]
15:53:18.555 [reactor-http-nio-48] DEBUG reactor.netty.resources.PooledConnectionProvider - [id: 0xa6d9aa39, L:/127.0.0.1:51990 - R:localhost/127.0.0.1:8084] onStateChange(GET{uri=/attractionRewardPoint?attractionId=1fc24632-3ab6-4289-875d-d7f882ba7540&userId=fec60b1b-8e37-47db-8cb1-3b34e333986b, connection=PooledConnection{channel=[id: 0xa6d9aa39, L:/127.0.0.1:51990 - R:localhost/127.0.0.1:8084]}}, [response_received])
15:53:18.556 [reactor-http-nio-46] DEBUG org.springframework.core.codec.StringDecoder - [25bb063e] Decoded "320"
15:53:18.556 [reactor-http-nio-48] DEBUG org.springframework.web.reactive.function.client.ExchangeFunctions - [6fd14700] Response 200 OK
15:53:18.556 [reactor-http-nio-46] DEBUG reactor.netty.resources.PooledConnectionProvider - [id: 0xd5d21335, L:/127.0.0.1:52041 - R:localhost/127.0.0.1:8084] onStateChange(GET{uri=/attractionRewardPoint?attractionId=591a19e1-e032-452d-9c5f-b270af6a62d2&userId=19d8fd39-c450-4ee3-bfcb-5023685db34c, connection=PooledConnection{channel=[id: 0xd5d21335, L:/127.0.0.1:52041 - R:localhost/127.0.0.1:8084]}}, [disconnecting])
15:53:18.556 [reactor-http-nio-47] DEBUG reactor.netty.http.client.HttpClientOperations - [id: 0x9aae9c00, L:/127.0.0.1:52039 - R:localhost/127.0.0.1:8084] Received response (auto-read:false) : [Content-Type=application/json, Transfer-Encoding=chunked, Date=Wed, 15 Jun 2022 14:53:18 GMT]
15:53:18.556 [reactor-http-nio-47] DEBUG reactor.netty.resources.PooledConnectionProvider - [id: 0x9aae9c00, L:/127.0.0.1:52039 - R:localhost/127.0.0.1:8084] onStateChange(GET{uri=/attractionRewardPoint?attractionId=4ceae14c-66d5-4273-a752-3d29faf026fb&userId=caab5cdd-8d0e-4e28-a7f6-743157b1e933, connection=PooledConnection{channel=[id: 0x9aae9c00, L:/127.0.0.1:52039 - R:localhost/127.0.0.1:8084]}}, [response_received])
15:53:18.556 [reactor-http-nio-46] DEBUG reactor.netty.resources.PooledConnectionProvider - [id: 0xd5d21335, L:/127.0.0.1:52041 - R:localhost/127.0.0.1:8084] Releasing channel
15:53:18.556 [reactor-http-nio-47] DEBUG org.springframework.web.reactive.function.client.ExchangeFunctions - [6717ba32] Response 200 OK
15:53:18.556 [reactor-http-nio-46] DEBUG reactor.netty.resources.PooledConnectionProvider - [id: 0xd5d21335, L:/127.0.0.1:52041 - R:localhost/127.0.0.1:8084] Channel cleaned, now 50 active connections and 31 inactive connections
15:53:18.556 [reactor-http-nio-48] DEBUG reactor.netty.channel.FluxReceive - [id: 0xa6d9aa39, L:/127.0.0.1:51990 - R:localhost/127.0.0.1:8084] Subscribing inbound receiver [pending: 0, cancelled:false, inboundDone: false]
15:53:18.556 [reactor-http-nio-47] DEBUG reactor.netty.channel.FluxReceive - [id: 0x9aae9c00, L:/127.0.0.1:52039 - R:localhost/127.0.0.1:8084] Subscribing inbound receiver [pending: 0, cancelled:false, inboundDone: false]
15:53:18.556 [reactor-http-nio-48] DEBUG reactor.netty.http.client.HttpClientOperations - [id: 0xa6d9aa39, L:/127.0.0.1:51990 - R:localhost/127.0.0.1:8084] Received last HTTP packet
15:53:18.556 [reactor-http-nio-47] DEBUG reactor.netty.http.client.HttpClientOperations - [id: 0x9aae9c00, L:/127.0.0.1:52039 - R:localhost/127.0.0.1:8084] Received last HTTP packet
15:53:18.556 [reactor-http-nio-47] DEBUG org.springframework.core.codec.StringDecoder - [6717ba32] Decoded "592"
15:53:18.556 [reactor-http-nio-48] DEBUG org.springframework.core.codec.StringDecoder - [6fd14700] Decoded "499"
15:53:18.556 [reactor-http-nio-47] DEBUG reactor.netty.resources.PooledConnectionProvider - [id: 0x9aae9c00, L:/127.0.0.1:52039 - R:localhost/127.0.0.1:8084] onStateChange(GET{uri=/attractionRewardPoint?attractionId=4ceae14c-66d5-4273-a752-3d29faf026fb&userId=caab5cdd-8d0e-4e28-a7f6-743157b1e933, connection=PooledConnection{channel=[id: 0x9aae9c00, L:/127.0.0.1:52039 - R:localhost/127.0.0.1:8084]}}, [disconnecting])
15:53:18.556 [reactor-http-nio-47] DEBUG reactor.netty.resources.PooledConnectionProvider - [id: 0x9aae9c00, L:/127.0.0.1:52039 - R:localhost/127.0.0.1:8084] Releasing channel
15:53:18.556 [reactor-http-nio-48] DEBUG reactor.netty.resources.PooledConnectionProvider - [id: 0xa6d9aa39, L:/127.0.0.1:51990 - R:localhost/127.0.0.1:8084] onStateChange(GET{uri=/attractionRewardPoint?attractionId=1fc24632-3ab6-4289-875d-d7f882ba7540&userId=fec60b1b-8e37-47db-8cb1-3b34e333986b, connection=PooledConnection{channel=[id: 0xa6d9aa39, L:/127.0.0.1:51990 - R:localhost/127.0.0.1:8084]}}, [disconnecting])
15:53:18.556 [reactor-http-nio-48] DEBUG reactor.netty.resources.PooledConnectionProvider - [id: 0xa6d9aa39, L:/127.0.0.1:51990 - R:localhost/127.0.0.1:8084] Releasing channel
15:53:18.556 [reactor-http-nio-47] DEBUG reactor.netty.resources.PooledConnectionProvider - [id: 0x9aae9c00, L:/127.0.0.1:52039 - R:localhost/127.0.0.1:8084] Channel cleaned, now 49 active connections and 32 inactive connections
15:53:18.556 [reactor-http-nio-48] DEBUG reactor.netty.resources.PooledConnectionProvider - [id: 0xa6d9aa39, L:/127.0.0.1:51990 - R:localhost/127.0.0.1:8084] Channel cleaned, now 48 active connections and 33 inactive connections
15:53:18.564 [reactor-http-nio-48] DEBUG reactor.netty.http.client.HttpClientOperations - [id: 0xba4d9bfe, L:/127.0.0.1:51997 - R:localhost/127.0.0.1:8084] Received response (auto-read:false) : [Content-Type=application/json, Transfer-Encoding=chunked, Date=Wed, 15 Jun 2022 14:53:18 GMT]
15:53:18.564 [reactor-http-nio-48] DEBUG reactor.netty.resources.PooledConnectionProvider - [id: 0xba4d9bfe, L:/127.0.0.1:51997 - R:localhost/127.0.0.1:8084] onStateChange(GET{uri=/attractionRewardPoint?attractionId=042c85b4-2cc7-4b45-83b8-ffa346c135ad&userId=1a461332-fc9e-4e85-89a3-4f0117cbcc9e, connection=PooledConnection{channel=[id: 0xba4d9bfe, L:/127.0.0.1:51997 - R:localhost/127.0.0.1:8084]}}, [response_received])
15:53:18.564 [reactor-http-nio-48] DEBUG org.springframework.web.reactive.function.client.ExchangeFunctions - [6d41137e] Response 200 OK
15:53:18.564 [reactor-http-nio-48] DEBUG reactor.netty.channel.FluxReceive - [id: 0xba4d9bfe, L:/127.0.0.1:51997 - R:localhost/127.0.0.1:8084] Subscribing inbound receiver [pending: 0, cancelled:false, inboundDone: false]
15:53:18.570 [reactor-http-nio-46] DEBUG reactor.netty.http.client.HttpClientOperations - [id: 0x6a3c40cd, L:/127.0.0.1:51985 - R:localhost/127.0.0.1:8084] Received response (auto-read:false) : [Content-Type=application/json, Transfer-Encoding=chunked, Date=Wed, 15 Jun 2022 14:53:18 GMT]
15:53:18.570 [reactor-http-nio-46] DEBUG reactor.netty.resources.PooledConnectionProvider - [id: 0x6a3c40cd, L:/127.0.0.1:51985 - R:localhost/127.0.0.1:8084] onStateChange(GET{uri=/attractionRewardPoint?attractionId=fa427aa3-99ee-46aa-9601-06e1eede81c3&userId=bbfa4e4d-3222-479c-bc51-1814cbee9fc8, connection=PooledConnection{channel=[id: 0x6a3c40cd, L:/127.0.0.1:51985 - R:localhost/127.0.0.1:8084]}}, [response_received])
15:53:18.570 [reactor-http-nio-46] DEBUG org.springframework.web.reactive.function.client.ExchangeFunctions - [25a584f3] Response 200 OK
15:53:18.570 [reactor-http-nio-46] DEBUG reactor.netty.channel.FluxReceive - [id: 0x6a3c40cd, L:/127.0.0.1:51985 - R:localhost/127.0.0.1:8084] Subscribing inbound receiver [pending: 0, cancelled:false, inboundDone: false]
15:53:18.571 [reactor-http-nio-46] DEBUG reactor.netty.http.client.HttpClientOperations - [id: 0x6a3c40cd, L:/127.0.0.1:51985 - R:localhost/127.0.0.1:8084] Received last HTTP packet
15:53:18.571 [reactor-http-nio-46] DEBUG org.springframework.core.codec.StringDecoder - [25a584f3] Decoded "683"
15:53:18.571 [reactor-http-nio-46] DEBUG reactor.netty.resources.PooledConnectionProvider - [id: 0x6a3c40cd, L:/127.0.0.1:51985 - R:localhost/127.0.0.1:8084] onStateChange(GET{uri=/attractionRewardPoint?attractionId=fa427aa3-99ee-46aa-9601-06e1eede81c3&userId=bbfa4e4d-3222-479c-bc51-1814cbee9fc8, connection=PooledConnection{channel=[id: 0x6a3c40cd, L:/127.0.0.1:51985 - R:localhost/127.0.0.1:8084]}}, [disconnecting])
15:53:18.571 [reactor-http-nio-46] DEBUG reactor.netty.resources.PooledConnectionProvider - [id: 0x6a3c40cd, L:/127.0.0.1:51985 - R:localhost/127.0.0.1:8084] Releasing channel
15:53:18.571 [reactor-http-nio-46] DEBUG reactor.netty.resources.PooledConnectionProvider - [id: 0x6a3c40cd, L:/127.0.0.1:51985 - R:localhost/127.0.0.1:8084] Channel cleaned, now 47 active connections and 34 inactive connections
15:53:18.613 [reactor-http-nio-48] DEBUG reactor.netty.http.client.HttpClientOperations - [id: 0x6a1a0482, L:/127.0.0.1:51956 - R:localhost/127.0.0.1:8083] Received response (auto-read:false) : [Content-Type=application/json, Transfer-Encoding=chunked, Date=Wed, 15 Jun 2022 14:53:17 GMT]
15:53:18.613 [reactor-http-nio-48] DEBUG reactor.netty.resources.PooledConnectionProvider - [id: 0x6a1a0482, L:/127.0.0.1:51956 - R:localhost/127.0.0.1:8083] onStateChange(GET{uri=/attractions, connection=PooledConnection{channel=[id: 0x6a1a0482, L:/127.0.0.1:51956 - R:localhost/127.0.0.1:8083]}}, [response_received])
15:53:18.613 [reactor-http-nio-48] DEBUG org.springframework.web.reactive.function.client.ExchangeFunctions - [7fd987ef] Response 200 OK
15:53:18.613 [reactor-http-nio-48] DEBUG reactor.netty.channel.FluxReceive - [id: 0x6a1a0482, L:/127.0.0.1:51956 - R:localhost/127.0.0.1:8083] Subscribing inbound receiver [pending: 0, cancelled:false, inboundDone: false]
15:53:18.614 [reactor-http-nio-48] DEBUG reactor.netty.http.client.HttpClientOperations - [id: 0x6a1a0482, L:/127.0.0.1:51956 - R:localhost/127.0.0.1:8083] Received last HTTP packet
15:53:18.614 [reactor-http-nio-48] DEBUG org.springframework.core.codec.StringDecoder - [7fd987ef] Decoded "[{"longitude":-117.922008,"latitude":33.817595,"attractionName":"Disneyland","city":"Anaheim","stat (truncated)...
15:53:18.614 [reactor-http-nio-48] DEBUG reactor.netty.resources.PooledConnectionProvider - [id: 0x6a1a0482, L:/127.0.0.1:51956 - R:localhost/127.0.0.1:8083] onStateChange(GET{uri=/attractions, connection=PooledConnection{channel=[id: 0x6a1a0482, L:/127.0.0.1:51956 - R:localhost/127.0.0.1:8083]}}, [disconnecting])
15:53:18.614 [reactor-http-nio-48] DEBUG reactor.netty.resources.PooledConnectionProvider - [id: 0x6a1a0482, L:/127.0.0.1:51956 - R:localhost/127.0.0.1:8083] Releasing channel
15:53:18.614 [reactor-http-nio-48] DEBUG reactor.netty.resources.PooledConnectionProvider - [id: 0x6a1a0482, L:/127.0.0.1:51956 - R:localhost/127.0.0.1:8083] Channel cleaned, now 0 active connections and 301 inactive connections
15:53:18.615 [Test worker] DEBUG org.springframework.web.reactive.function.client.ExchangeFunctions - [7209ffb5] HTTP GET http://localhost:8083/attractions
15:53:18.617 [reactor-http-nio-47] DEBUG reactor.netty.resources.PooledConnectionProvider - [id: 0xdd35a511, L:/127.0.0.1:51898 - R:localhost/127.0.0.1:8083] Channel acquired, now 1 active connections and 300 inactive connections
15:53:18.617 [reactor-http-nio-47] DEBUG reactor.netty.http.client.HttpClientConnect - [id: 0xdd35a511, L:/127.0.0.1:51898 - R:localhost/127.0.0.1:8083] Handler is being applied: {uri=http://localhost:8083/attractions, method=GET}
15:53:18.618 [reactor-http-nio-47] DEBUG reactor.netty.resources.PooledConnectionProvider - [id: 0xdd35a511, L:/127.0.0.1:51898 - R:localhost/127.0.0.1:8083] onStateChange(GET{uri=/attractions, connection=PooledConnection{channel=[id: 0xdd35a511, L:/127.0.0.1:51898 - R:localhost/127.0.0.1:8083]}}, [request_sent])
15:53:18.633 [reactor-http-nio-48] DEBUG reactor.netty.http.client.HttpClientOperations - [id: 0xba4d9bfe, L:/127.0.0.1:51997 - R:localhost/127.0.0.1:8084] Received last HTTP packet
15:53:18.633 [reactor-http-nio-48] DEBUG org.springframework.core.codec.StringDecoder - [6d41137e] Decoded "895"
15:53:18.633 [reactor-http-nio-48] DEBUG reactor.netty.resources.PooledConnectionProvider - [id: 0xba4d9bfe, L:/127.0.0.1:51997 - R:localhost/127.0.0.1:8084] onStateChange(GET{uri=/attractionRewardPoint?attractionId=042c85b4-2cc7-4b45-83b8-ffa346c135ad&userId=1a461332-fc9e-4e85-89a3-4f0117cbcc9e, connection=PooledConnection{channel=[id: 0xba4d9bfe, L:/127.0.0.1:51997 - R:localhost/127.0.0.1:8084]}}, [disconnecting])
15:53:18.633 [reactor-http-nio-48] DEBUG reactor.netty.resources.PooledConnectionProvider - [id: 0xba4d9bfe, L:/127.0.0.1:51997 - R:localhost/127.0.0.1:8084] Releasing channel
15:53:18.633 [reactor-http-nio-48] DEBUG reactor.netty.resources.PooledConnectionProvider - [id: 0xba4d9bfe, L:/127.0.0.1:51997 - R:localhost/127.0.0.1:8084] Channel cleaned, now 46 active connections and 35 inactive connections
15:53:18.635 [reactor-http-nio-46] DEBUG reactor.netty.http.client.HttpClientOperations - [id: 0xefd9aa30, L:/127.0.0.1:52003 - R:localhost/127.0.0.1:8084] Received response (auto-read:false) : [Content-Type=application/json, Transfer-Encoding=chunked, Date=Wed, 15 Jun 2022 14:53:18 GMT]
15:53:18.635 [reactor-http-nio-46] DEBUG reactor.netty.resources.PooledConnectionProvider - [id: 0xefd9aa30, L:/127.0.0.1:52003 - R:localhost/127.0.0.1:8084] onStateChange(GET{uri=/attractionRewardPoint?attractionId=6bfc406b-70a3-4d63-bdf7-3c66c8c9504e&userId=839fd9f1-efb9-42d3-b80f-caa194ab7c90, connection=PooledConnection{channel=[id: 0xefd9aa30, L:/127.0.0.1:52003 - R:localhost/127.0.0.1:8084]}}, [response_received])
15:53:18.635 [reactor-http-nio-46] DEBUG org.springframework.web.reactive.function.client.ExchangeFunctions - [20399b81] Response 200 OK
15:53:18.635 [reactor-http-nio-46] DEBUG reactor.netty.channel.FluxReceive - [id: 0xefd9aa30, L:/127.0.0.1:52003 - R:localhost/127.0.0.1:8084] Subscribing inbound receiver [pending: 0, cancelled:false, inboundDone: false]
15:53:18.635 [reactor-http-nio-46] DEBUG reactor.netty.http.client.HttpClientOperations - [id: 0xefd9aa30, L:/127.0.0.1:52003 - R:localhost/127.0.0.1:8084] Received last HTTP packet
15:53:18.635 [reactor-http-nio-46] DEBUG org.springframework.core.codec.StringDecoder - [20399b81] Decoded "241"
15:53:18.635 [reactor-http-nio-46] DEBUG reactor.netty.resources.PooledConnectionProvider - [id: 0xefd9aa30, L:/127.0.0.1:52003 - R:localhost/127.0.0.1:8084] onStateChange(GET{uri=/attractionRewardPoint?attractionId=6bfc406b-70a3-4d63-bdf7-3c66c8c9504e&userId=839fd9f1-efb9-42d3-b80f-caa194ab7c90, connection=PooledConnection{channel=[id: 0xefd9aa30, L:/127.0.0.1:52003 - R:localhost/127.0.0.1:8084]}}, [disconnecting])
15:53:18.635 [reactor-http-nio-46] DEBUG reactor.netty.resources.PooledConnectionProvider - [id: 0xefd9aa30, L:/127.0.0.1:52003 - R:localhost/127.0.0.1:8084] Releasing channel
15:53:18.635 [reactor-http-nio-46] DEBUG reactor.netty.resources.PooledConnectionProvider - [id: 0xefd9aa30, L:/127.0.0.1:52003 - R:localhost/127.0.0.1:8084] Channel cleaned, now 45 active connections and 36 inactive connections
15:53:18.637 [reactor-http-nio-47] DEBUG reactor.netty.http.client.HttpClientOperations - [id: 0x8015cc19, L:/127.0.0.1:52043 - R:localhost/127.0.0.1:8084] Received response (auto-read:false) : [Content-Type=application/json, Transfer-Encoding=chunked, Date=Wed, 15 Jun 2022 14:53:18 GMT]
15:53:18.637 [reactor-http-nio-47] DEBUG reactor.netty.resources.PooledConnectionProvider - [id: 0x8015cc19, L:/127.0.0.1:52043 - R:localhost/127.0.0.1:8084] onStateChange(GET{uri=/attractionRewardPoint?attractionId=7c40194e-9297-4e92-94eb-fa0f52c6c763&userId=9c5c47c8-2a6b-425c-bccd-5dae1d35c3a5, connection=PooledConnection{channel=[id: 0x8015cc19, L:/127.0.0.1:52043 - R:localhost/127.0.0.1:8084]}}, [response_received])
15:53:18.637 [reactor-http-nio-47] DEBUG org.springframework.web.reactive.function.client.ExchangeFunctions - [34b08354] Response 200 OK
15:53:18.637 [reactor-http-nio-47] DEBUG reactor.netty.channel.FluxReceive - [id: 0x8015cc19, L:/127.0.0.1:52043 - R:localhost/127.0.0.1:8084] Subscribing inbound receiver [pending: 0, cancelled:false, inboundDone: false]
15:53:18.637 [reactor-http-nio-41] DEBUG reactor.netty.http.client.HttpClientOperations - [id: 0x94ddc299, L:/127.0.0.1:52029 - R:localhost/127.0.0.1:8084] Received response (auto-read:false) : [Content-Type=application/json, Transfer-Encoding=chunked, Date=Wed, 15 Jun 2022 14:53:18 GMT]
15:53:18.637 [reactor-http-nio-41] DEBUG reactor.netty.resources.PooledConnectionProvider - [id: 0x94ddc299, L:/127.0.0.1:52029 - R:localhost/127.0.0.1:8084] onStateChange(GET{uri=/attractionRewardPoint?attractionId=c9c7436c-8715-4fc1-a51f-853b84c66874&userId=24666d8f-c31f-41a7-97a7-6358b1f4962a, connection=PooledConnection{channel=[id: 0x94ddc299, L:/127.0.0.1:52029 - R:localhost/127.0.0.1:8084]}}, [response_received])
15:53:18.637 [reactor-http-nio-47] DEBUG reactor.netty.http.client.HttpClientOperations - [id: 0x8015cc19, L:/127.0.0.1:52043 - R:localhost/127.0.0.1:8084] Received last HTTP packet
15:53:18.637 [reactor-http-nio-41] DEBUG org.springframework.web.reactive.function.client.ExchangeFunctions - [29491185] Response 200 OK
15:53:18.637 [reactor-http-nio-47] DEBUG org.springframework.core.codec.StringDecoder - [34b08354] Decoded "652"
15:53:18.637 [reactor-http-nio-47] DEBUG reactor.netty.resources.PooledConnectionProvider - [id: 0x8015cc19, L:/127.0.0.1:52043 - R:localhost/127.0.0.1:8084] onStateChange(GET{uri=/attractionRewardPoint?attractionId=7c40194e-9297-4e92-94eb-fa0f52c6c763&userId=9c5c47c8-2a6b-425c-bccd-5dae1d35c3a5, connection=PooledConnection{channel=[id: 0x8015cc19, L:/127.0.0.1:52043 - R:localhost/127.0.0.1:8084]}}, [disconnecting])
15:53:18.637 [reactor-http-nio-47] DEBUG reactor.netty.resources.PooledConnectionProvider - [id: 0x8015cc19, L:/127.0.0.1:52043 - R:localhost/127.0.0.1:8084] Releasing channel
15:53:18.637 [reactor-http-nio-41] DEBUG reactor.netty.channel.FluxReceive - [id: 0x94ddc299, L:/127.0.0.1:52029 - R:localhost/127.0.0.1:8084] Subscribing inbound receiver [pending: 0, cancelled:false, inboundDone: false]
15:53:18.637 [reactor-http-nio-47] DEBUG reactor.netty.resources.PooledConnectionProvider - [id: 0x8015cc19, L:/127.0.0.1:52043 - R:localhost/127.0.0.1:8084] Channel cleaned, now 44 active connections and 37 inactive connections
15:53:18.637 [reactor-http-nio-41] DEBUG reactor.netty.http.client.HttpClientOperations - [id: 0x94ddc299, L:/127.0.0.1:52029 - R:localhost/127.0.0.1:8084] Received last HTTP packet
15:53:18.637 [reactor-http-nio-41] DEBUG org.springframework.core.codec.StringDecoder - [29491185] Decoded "830"
15:53:18.637 [reactor-http-nio-41] DEBUG reactor.netty.resources.PooledConnectionProvider - [id: 0x94ddc299, L:/127.0.0.1:52029 - R:localhost/127.0.0.1:8084] onStateChange(GET{uri=/attractionRewardPoint?attractionId=c9c7436c-8715-4fc1-a51f-853b84c66874&userId=24666d8f-c31f-41a7-97a7-6358b1f4962a, connection=PooledConnection{channel=[id: 0x94ddc299, L:/127.0.0.1:52029 - R:localhost/127.0.0.1:8084]}}, [disconnecting])
15:53:18.637 [reactor-http-nio-41] DEBUG reactor.netty.resources.PooledConnectionProvider - [id: 0x94ddc299, L:/127.0.0.1:52029 - R:localhost/127.0.0.1:8084] Releasing channel
15:53:18.637 [reactor-http-nio-41] DEBUG reactor.netty.resources.PooledConnectionProvider - [id: 0x94ddc299, L:/127.0.0.1:52029 - R:localhost/127.0.0.1:8084] Channel cleaned, now 43 active connections and 38 inactive connections
15:53:18.637 [reactor-http-nio-47] DEBUG reactor.netty.http.client.HttpClientOperations - [id: 0x578703ec, L:/127.0.0.1:52035 - R:localhost/127.0.0.1:8084] Received response (auto-read:false) : [Content-Type=application/json, Transfer-Encoding=chunked, Date=Wed, 15 Jun 2022 14:53:18 GMT]
15:53:18.637 [reactor-http-nio-47] DEBUG reactor.netty.resources.PooledConnectionProvider - [id: 0x578703ec, L:/127.0.0.1:52035 - R:localhost/127.0.0.1:8084] onStateChange(GET{uri=/attractionRewardPoint?attractionId=88ea798c-0326-4e1d-bdfe-c397530d1c54&userId=0593c2e3-e7d4-4c17-a881-63f339ca301d, connection=PooledConnection{channel=[id: 0x578703ec, L:/127.0.0.1:52035 - R:localhost/127.0.0.1:8084]}}, [response_received])
15:53:18.637 [reactor-http-nio-47] DEBUG org.springframework.web.reactive.function.client.ExchangeFunctions - [4b992cd4] Response 200 OK
15:53:18.637 [reactor-http-nio-47] DEBUG reactor.netty.channel.FluxReceive - [id: 0x578703ec, L:/127.0.0.1:52035 - R:localhost/127.0.0.1:8084] Subscribing inbound receiver [pending: 0, cancelled:false, inboundDone: false]
15:53:18.637 [reactor-http-nio-47] DEBUG reactor.netty.http.client.HttpClientOperations - [id: 0x578703ec, L:/127.0.0.1:52035 - R:localhost/127.0.0.1:8084] Received last HTTP packet
15:53:18.637 [reactor-http-nio-47] DEBUG org.springframework.core.codec.StringDecoder - [4b992cd4] Decoded "929"
15:53:18.637 [reactor-http-nio-47] DEBUG reactor.netty.resources.PooledConnectionProvider - [id: 0x578703ec, L:/127.0.0.1:52035 - R:localhost/127.0.0.1:8084] onStateChange(GET{uri=/attractionRewardPoint?attractionId=88ea798c-0326-4e1d-bdfe-c397530d1c54&userId=0593c2e3-e7d4-4c17-a881-63f339ca301d, connection=PooledConnection{channel=[id: 0x578703ec, L:/127.0.0.1:52035 - R:localhost/127.0.0.1:8084]}}, [disconnecting])
15:53:18.637 [reactor-http-nio-47] DEBUG reactor.netty.resources.PooledConnectionProvider - [id: 0x578703ec, L:/127.0.0.1:52035 - R:localhost/127.0.0.1:8084] Releasing channel
15:53:18.637 [reactor-http-nio-47] DEBUG reactor.netty.resources.PooledConnectionProvider - [id: 0x578703ec, L:/127.0.0.1:52035 - R:localhost/127.0.0.1:8084] Channel cleaned, now 42 active connections and 39 inactive connections
15:53:18.657 [reactor-http-nio-48] DEBUG reactor.netty.http.client.HttpClientOperations - [id: 0x890a1cf1, L:/127.0.0.1:52047 - R:localhost/127.0.0.1:8084] Received response (auto-read:false) : [Content-Type=application/json, Transfer-Encoding=chunked, Date=Wed, 15 Jun 2022 14:53:18 GMT]
15:53:18.657 [reactor-http-nio-48] DEBUG reactor.netty.resources.PooledConnectionProvider - [id: 0x890a1cf1, L:/127.0.0.1:52047 - R:localhost/127.0.0.1:8084] onStateChange(GET{uri=/attractionRewardPoint?attractionId=5d45e44e-e13d-4274-bd9f-1464702a2748&userId=5ac27d62-a2b4-465e-9116-cf4841c94f2b, connection=PooledConnection{channel=[id: 0x890a1cf1, L:/127.0.0.1:52047 - R:localhost/127.0.0.1:8084]}}, [response_received])
15:53:18.657 [reactor-http-nio-48] DEBUG org.springframework.web.reactive.function.client.ExchangeFunctions - [656b023d] Response 200 OK
15:53:18.657 [reactor-http-nio-48] DEBUG reactor.netty.channel.FluxReceive - [id: 0x890a1cf1, L:/127.0.0.1:52047 - R:localhost/127.0.0.1:8084] Subscribing inbound receiver [pending: 0, cancelled:false, inboundDone: false]
15:53:18.665 [reactor-http-nio-48] DEBUG reactor.netty.http.client.HttpClientOperations - [id: 0x890a1cf1, L:/127.0.0.1:52047 - R:localhost/127.0.0.1:8084] Received last HTTP packet
15:53:18.665 [reactor-http-nio-48] DEBUG org.springframework.core.codec.StringDecoder - [656b023d] Decoded "426"
15:53:18.665 [reactor-http-nio-48] DEBUG reactor.netty.resources.PooledConnectionProvider - [id: 0x890a1cf1, L:/127.0.0.1:52047 - R:localhost/127.0.0.1:8084] onStateChange(GET{uri=/attractionRewardPoint?attractionId=5d45e44e-e13d-4274-bd9f-1464702a2748&userId=5ac27d62-a2b4-465e-9116-cf4841c94f2b, connection=PooledConnection{channel=[id: 0x890a1cf1, L:/127.0.0.1:52047 - R:localhost/127.0.0.1:8084]}}, [disconnecting])
15:53:18.665 [reactor-http-nio-48] DEBUG reactor.netty.resources.PooledConnectionProvider - [id: 0x890a1cf1, L:/127.0.0.1:52047 - R:localhost/127.0.0.1:8084] Releasing channel
15:53:18.665 [reactor-http-nio-48] DEBUG reactor.netty.resources.PooledConnectionProvider - [id: 0x890a1cf1, L:/127.0.0.1:52047 - R:localhost/127.0.0.1:8084] Channel cleaned, now 41 active connections and 40 inactive connections
15:53:18.665 [reactor-http-nio-48] DEBUG reactor.netty.http.client.HttpClientOperations - [id: 0x3128ffc0, L:/127.0.0.1:52027 - R:localhost/127.0.0.1:8084] Received response (auto-read:false) : [Content-Type=application/json, Transfer-Encoding=chunked, Date=Wed, 15 Jun 2022 14:53:18 GMT]
15:53:18.665 [reactor-http-nio-48] DEBUG reactor.netty.resources.PooledConnectionProvider - [id: 0x3128ffc0, L:/127.0.0.1:52027 - R:localhost/127.0.0.1:8084] onStateChange(GET{uri=/attractionRewardPoint?attractionId=92ffeeb0-8541-4be2-aafa-6f29a2de6dca&userId=a6863384-d596-4e00-ae17-a598d1b84a52, connection=PooledConnection{channel=[id: 0x3128ffc0, L:/127.0.0.1:52027 - R:localhost/127.0.0.1:8084]}}, [response_received])
15:53:18.665 [reactor-http-nio-48] DEBUG org.springframework.web.reactive.function.client.ExchangeFunctions - [78d847a1] Response 200 OK
15:53:18.665 [reactor-http-nio-48] DEBUG reactor.netty.channel.FluxReceive - [id: 0x3128ffc0, L:/127.0.0.1:52027 - R:localhost/127.0.0.1:8084] Subscribing inbound receiver [pending: 0, cancelled:false, inboundDone: false]
15:53:18.665 [reactor-http-nio-48] DEBUG reactor.netty.http.client.HttpClientOperations - [id: 0x3128ffc0, L:/127.0.0.1:52027 - R:localhost/127.0.0.1:8084] Received last HTTP packet
15:53:18.665 [reactor-http-nio-48] DEBUG org.springframework.core.codec.StringDecoder - [78d847a1] Decoded "267"
15:53:18.665 [reactor-http-nio-48] DEBUG reactor.netty.resources.PooledConnectionProvider - [id: 0x3128ffc0, L:/127.0.0.1:52027 - R:localhost/127.0.0.1:8084] onStateChange(GET{uri=/attractionRewardPoint?attractionId=92ffeeb0-8541-4be2-aafa-6f29a2de6dca&userId=a6863384-d596-4e00-ae17-a598d1b84a52, connection=PooledConnection{channel=[id: 0x3128ffc0, L:/127.0.0.1:52027 - R:localhost/127.0.0.1:8084]}}, [disconnecting])
15:53:18.665 [reactor-http-nio-48] DEBUG reactor.netty.resources.PooledConnectionProvider - [id: 0x3128ffc0, L:/127.0.0.1:52027 - R:localhost/127.0.0.1:8084] Releasing channel
15:53:18.665 [reactor-http-nio-48] DEBUG reactor.netty.resources.PooledConnectionProvider - [id: 0x3128ffc0, L:/127.0.0.1:52027 - R:localhost/127.0.0.1:8084] Channel cleaned, now 40 active connections and 41 inactive connections
15:53:18.667 [reactor-http-nio-48] DEBUG reactor.netty.http.client.HttpClientOperations - [id: 0x6c2d4532, L:/127.0.0.1:52009 - R:localhost/127.0.0.1:8084] Received response (auto-read:false) : [Content-Type=application/json, Transfer-Encoding=chunked, Date=Wed, 15 Jun 2022 14:53:18 GMT]
15:53:18.667 [reactor-http-nio-48] DEBUG reactor.netty.resources.PooledConnectionProvider - [id: 0x6c2d4532, L:/127.0.0.1:52009 - R:localhost/127.0.0.1:8084] onStateChange(GET{uri=/attractionRewardPoint?attractionId=92d9a3dc-d003-4d38-956c-14d3930ab7af&userId=312d26d8-02da-48e0-b509-149fa782e3a9, connection=PooledConnection{channel=[id: 0x6c2d4532, L:/127.0.0.1:52009 - R:localhost/127.0.0.1:8084]}}, [response_received])
15:53:18.667 [reactor-http-nio-48] DEBUG org.springframework.web.reactive.function.client.ExchangeFunctions - [6a3a03c] Response 200 OK
15:53:18.667 [reactor-http-nio-41] DEBUG reactor.netty.http.client.HttpClientOperations - [id: 0x3d7ce142, L:/127.0.0.1:52000 - R:localhost/127.0.0.1:8084] Received response (auto-read:false) : [Content-Type=application/json, Transfer-Encoding=chunked, Date=Wed, 15 Jun 2022 14:53:18 GMT]
15:53:18.667 [reactor-http-nio-41] DEBUG reactor.netty.resources.PooledConnectionProvider - [id: 0x3d7ce142, L:/127.0.0.1:52000 - R:localhost/127.0.0.1:8084] onStateChange(GET{uri=/attractionRewardPoint?attractionId=9c16d1fa-5c20-42d6-8808-816e756b3c80&userId=9a75c518-d7b6-4c88-8e09-d2005eb00025, connection=PooledConnection{channel=[id: 0x3d7ce142, L:/127.0.0.1:52000 - R:localhost/127.0.0.1:8084]}}, [response_received])
15:53:18.667 [reactor-http-nio-41] DEBUG org.springframework.web.reactive.function.client.ExchangeFunctions - [69688dca] Response 200 OK
15:53:18.667 [reactor-http-nio-48] DEBUG reactor.netty.channel.FluxReceive - [id: 0x6c2d4532, L:/127.0.0.1:52009 - R:localhost/127.0.0.1:8084] Subscribing inbound receiver [pending: 0, cancelled:false, inboundDone: false]
15:53:18.667 [reactor-http-nio-41] DEBUG reactor.netty.channel.FluxReceive - [id: 0x3d7ce142, L:/127.0.0.1:52000 - R:localhost/127.0.0.1:8084] Subscribing inbound receiver [pending: 0, cancelled:false, inboundDone: false]
15:53:18.667 [reactor-http-nio-48] DEBUG reactor.netty.http.client.HttpClientOperations - [id: 0x6c2d4532, L:/127.0.0.1:52009 - R:localhost/127.0.0.1:8084] Received last HTTP packet
15:53:18.667 [reactor-http-nio-48] DEBUG org.springframework.core.codec.StringDecoder - [6a3a03c] Decoded "98"
15:53:18.667 [reactor-http-nio-48] DEBUG reactor.netty.resources.PooledConnectionProvider - [id: 0x6c2d4532, L:/127.0.0.1:52009 - R:localhost/127.0.0.1:8084] onStateChange(GET{uri=/attractionRewardPoint?attractionId=92d9a3dc-d003-4d38-956c-14d3930ab7af&userId=312d26d8-02da-48e0-b509-149fa782e3a9, connection=PooledConnection{channel=[id: 0x6c2d4532, L:/127.0.0.1:52009 - R:localhost/127.0.0.1:8084]}}, [disconnecting])
15:53:18.667 [reactor-http-nio-48] DEBUG reactor.netty.resources.PooledConnectionProvider - [id: 0x6c2d4532, L:/127.0.0.1:52009 - R:localhost/127.0.0.1:8084] Releasing channel
15:53:18.667 [reactor-http-nio-48] DEBUG reactor.netty.resources.PooledConnectionProvider - [id: 0x6c2d4532, L:/127.0.0.1:52009 - R:localhost/127.0.0.1:8084] Channel cleaned, now 39 active connections and 42 inactive connections
15:53:18.669 [reactor-http-nio-41] DEBUG reactor.netty.http.client.HttpClientOperations - [id: 0x3d7ce142, L:/127.0.0.1:52000 - R:localhost/127.0.0.1:8084] Received last HTTP packet
15:53:18.669 [reactor-http-nio-41] DEBUG org.springframework.core.codec.StringDecoder - [69688dca] Decoded "134"
15:53:18.669 [reactor-http-nio-41] DEBUG reactor.netty.resources.PooledConnectionProvider - [id: 0x3d7ce142, L:/127.0.0.1:52000 - R:localhost/127.0.0.1:8084] onStateChange(GET{uri=/attractionRewardPoint?attractionId=9c16d1fa-5c20-42d6-8808-816e756b3c80&userId=9a75c518-d7b6-4c88-8e09-d2005eb00025, connection=PooledConnection{channel=[id: 0x3d7ce142, L:/127.0.0.1:52000 - R:localhost/127.0.0.1:8084]}}, [disconnecting])
15:53:18.669 [reactor-http-nio-41] DEBUG reactor.netty.resources.PooledConnectionProvider - [id: 0x3d7ce142, L:/127.0.0.1:52000 - R:localhost/127.0.0.1:8084] Releasing channel
15:53:18.669 [reactor-http-nio-41] DEBUG reactor.netty.resources.PooledConnectionProvider - [id: 0x3d7ce142, L:/127.0.0.1:52000 - R:localhost/127.0.0.1:8084] Channel cleaned, now 38 active connections and 43 inactive connections
15:53:18.669 [reactor-http-nio-46] DEBUG reactor.netty.http.client.HttpClientOperations - [id: 0x16a5a298, L:/127.0.0.1:52014 - R:localhost/127.0.0.1:8084] Received response (auto-read:false) : [Content-Type=application/json, Transfer-Encoding=chunked, Date=Wed, 15 Jun 2022 14:53:18 GMT]
15:53:18.669 [reactor-http-nio-46] DEBUG reactor.netty.resources.PooledConnectionProvider - [id: 0x16a5a298, L:/127.0.0.1:52014 - R:localhost/127.0.0.1:8084] onStateChange(GET{uri=/attractionRewardPoint?attractionId=d6d53f1d-99c6-401b-8a07-f718f75dc6e1&userId=60816d0e-c866-45ad-b87d-bc0be9102cc3, connection=PooledConnection{channel=[id: 0x16a5a298, L:/127.0.0.1:52014 - R:localhost/127.0.0.1:8084]}}, [response_received])
15:53:18.669 [reactor-http-nio-46] DEBUG org.springframework.web.reactive.function.client.ExchangeFunctions - [2b2f690c] Response 200 OK
15:53:18.669 [reactor-http-nio-46] DEBUG reactor.netty.channel.FluxReceive - [id: 0x16a5a298, L:/127.0.0.1:52014 - R:localhost/127.0.0.1:8084] Subscribing inbound receiver [pending: 0, cancelled:false, inboundDone: false]
15:53:18.669 [reactor-http-nio-46] DEBUG reactor.netty.http.client.HttpClientOperations - [id: 0x16a5a298, L:/127.0.0.1:52014 - R:localhost/127.0.0.1:8084] Received last HTTP packet
15:53:18.669 [reactor-http-nio-46] DEBUG org.springframework.core.codec.StringDecoder - [2b2f690c] Decoded "678"
15:53:18.669 [reactor-http-nio-46] DEBUG reactor.netty.resources.PooledConnectionProvider - [id: 0x16a5a298, L:/127.0.0.1:52014 - R:localhost/127.0.0.1:8084] onStateChange(GET{uri=/attractionRewardPoint?attractionId=d6d53f1d-99c6-401b-8a07-f718f75dc6e1&userId=60816d0e-c866-45ad-b87d-bc0be9102cc3, connection=PooledConnection{channel=[id: 0x16a5a298, L:/127.0.0.1:52014 - R:localhost/127.0.0.1:8084]}}, [disconnecting])
15:53:18.669 [reactor-http-nio-46] DEBUG reactor.netty.resources.PooledConnectionProvider - [id: 0x16a5a298, L:/127.0.0.1:52014 - R:localhost/127.0.0.1:8084] Releasing channel
15:53:18.669 [reactor-http-nio-46] DEBUG reactor.netty.resources.PooledConnectionProvider - [id: 0x16a5a298, L:/127.0.0.1:52014 - R:localhost/127.0.0.1:8084] Channel cleaned, now 37 active connections and 44 inactive connections
15:53:18.670 [reactor-http-nio-48] DEBUG reactor.netty.http.client.HttpClientOperations - [id: 0xc4617ab1, L:/127.0.0.1:52019 - R:localhost/127.0.0.1:8084] Received response (auto-read:false) : [Content-Type=application/json, Transfer-Encoding=chunked, Date=Wed, 15 Jun 2022 14:53:18 GMT]
15:53:18.670 [reactor-http-nio-48] DEBUG reactor.netty.resources.PooledConnectionProvider - [id: 0xc4617ab1, L:/127.0.0.1:52019 - R:localhost/127.0.0.1:8084] onStateChange(GET{uri=/attractionRewardPoint?attractionId=1801be06-4ce3-4c06-b16b-f390567d22d6&userId=08ecf570-a8de-4f69-95cd-349cc93cd714, connection=PooledConnection{channel=[id: 0xc4617ab1, L:/127.0.0.1:52019 - R:localhost/127.0.0.1:8084]}}, [response_received])
15:53:18.670 [reactor-http-nio-48] DEBUG org.springframework.web.reactive.function.client.ExchangeFunctions - [7c28d92f] Response 200 OK
15:53:18.670 [reactor-http-nio-48] DEBUG reactor.netty.channel.FluxReceive - [id: 0xc4617ab1, L:/127.0.0.1:52019 - R:localhost/127.0.0.1:8084] Subscribing inbound receiver [pending: 0, cancelled:false, inboundDone: false]
15:53:18.670 [reactor-http-nio-48] DEBUG reactor.netty.http.client.HttpClientOperations - [id: 0xc4617ab1, L:/127.0.0.1:52019 - R:localhost/127.0.0.1:8084] Received last HTTP packet
15:53:18.670 [reactor-http-nio-48] DEBUG org.springframework.core.codec.StringDecoder - [7c28d92f] Decoded "281"
15:53:18.670 [reactor-http-nio-48] DEBUG reactor.netty.resources.PooledConnectionProvider - [id: 0xc4617ab1, L:/127.0.0.1:52019 - R:localhost/127.0.0.1:8084] onStateChange(GET{uri=/attractionRewardPoint?attractionId=1801be06-4ce3-4c06-b16b-f390567d22d6&userId=08ecf570-a8de-4f69-95cd-349cc93cd714, connection=PooledConnection{channel=[id: 0xc4617ab1, L:/127.0.0.1:52019 - R:localhost/127.0.0.1:8084]}}, [disconnecting])
15:53:18.670 [reactor-http-nio-48] DEBUG reactor.netty.resources.PooledConnectionProvider - [id: 0xc4617ab1, L:/127.0.0.1:52019 - R:localhost/127.0.0.1:8084] Releasing channel
15:53:18.670 [reactor-http-nio-48] DEBUG reactor.netty.resources.PooledConnectionProvider - [id: 0xc4617ab1, L:/127.0.0.1:52019 - R:localhost/127.0.0.1:8084] Channel cleaned, now 36 active connections and 45 inactive connections
15:53:18.682 [reactor-http-nio-46] DEBUG reactor.netty.http.client.HttpClientOperations - [id: 0x88228ef8, L:/127.0.0.1:52026 - R:localhost/127.0.0.1:8084] Received response (auto-read:false) : [Content-Type=application/json, Transfer-Encoding=chunked, Date=Wed, 15 Jun 2022 14:53:18 GMT]
15:53:18.682 [reactor-http-nio-46] DEBUG reactor.netty.resources.PooledConnectionProvider - [id: 0x88228ef8, L:/127.0.0.1:52026 - R:localhost/127.0.0.1:8084] onStateChange(GET{uri=/attractionRewardPoint?attractionId=ec3332eb-e725-4b69-8275-8876a7ffaf94&userId=30496959-4733-4b7e-859a-d17c68bbf8d0, connection=PooledConnection{channel=[id: 0x88228ef8, L:/127.0.0.1:52026 - R:localhost/127.0.0.1:8084]}}, [response_received])
15:53:18.682 [reactor-http-nio-46] DEBUG org.springframework.web.reactive.function.client.ExchangeFunctions - [1fa0fa17] Response 200 OK
15:53:18.682 [reactor-http-nio-46] DEBUG reactor.netty.channel.FluxReceive - [id: 0x88228ef8, L:/127.0.0.1:52026 - R:localhost/127.0.0.1:8084] Subscribing inbound receiver [pending: 0, cancelled:false, inboundDone: false]
15:53:18.683 [reactor-http-nio-46] DEBUG reactor.netty.http.client.HttpClientOperations - [id: 0x88228ef8, L:/127.0.0.1:52026 - R:localhost/127.0.0.1:8084] Received last HTTP packet
15:53:18.683 [reactor-http-nio-46] DEBUG org.springframework.core.codec.StringDecoder - [1fa0fa17] Decoded "477"
15:53:18.683 [reactor-http-nio-46] DEBUG reactor.netty.resources.PooledConnectionProvider - [id: 0x88228ef8, L:/127.0.0.1:52026 - R:localhost/127.0.0.1:8084] onStateChange(GET{uri=/attractionRewardPoint?attractionId=ec3332eb-e725-4b69-8275-8876a7ffaf94&userId=30496959-4733-4b7e-859a-d17c68bbf8d0, connection=PooledConnection{channel=[id: 0x88228ef8, L:/127.0.0.1:52026 - R:localhost/127.0.0.1:8084]}}, [disconnecting])
15:53:18.683 [reactor-http-nio-46] DEBUG reactor.netty.resources.PooledConnectionProvider - [id: 0x88228ef8, L:/127.0.0.1:52026 - R:localhost/127.0.0.1:8084] Releasing channel
15:53:18.683 [reactor-http-nio-46] DEBUG reactor.netty.resources.PooledConnectionProvider - [id: 0x88228ef8, L:/127.0.0.1:52026 - R:localhost/127.0.0.1:8084] Channel cleaned, now 35 active connections and 46 inactive connections
15:53:18.683 [reactor-http-nio-48] DEBUG reactor.netty.http.client.HttpClientOperations - [id: 0x892f6893, L:/127.0.0.1:52002 - R:localhost/127.0.0.1:8084] Received response (auto-read:false) : [Content-Type=application/json, Transfer-Encoding=chunked, Date=Wed, 15 Jun 2022 14:53:18 GMT]
15:53:18.683 [reactor-http-nio-48] DEBUG reactor.netty.resources.PooledConnectionProvider - [id: 0x892f6893, L:/127.0.0.1:52002 - R:localhost/127.0.0.1:8084] onStateChange(GET{uri=/attractionRewardPoint?attractionId=0596a765-bdd0-4339-b2ab-fd94b8f0ad1c&userId=6bdb1add-d231-4dcc-939c-eccb85e54577, connection=PooledConnection{channel=[id: 0x892f6893, L:/127.0.0.1:52002 - R:localhost/127.0.0.1:8084]}}, [response_received])
15:53:18.683 [reactor-http-nio-48] DEBUG org.springframework.web.reactive.function.client.ExchangeFunctions - [3a9f09f0] Response 200 OK
15:53:18.684 [reactor-http-nio-48] DEBUG reactor.netty.channel.FluxReceive - [id: 0x892f6893, L:/127.0.0.1:52002 - R:localhost/127.0.0.1:8084] Subscribing inbound receiver [pending: 0, cancelled:false, inboundDone: false]
15:53:18.684 [reactor-http-nio-47] DEBUG reactor.netty.http.client.HttpClientOperations - [id: 0x4071061f, L:/127.0.0.1:52031 - R:localhost/127.0.0.1:8084] Received response (auto-read:false) : [Content-Type=application/json, Transfer-Encoding=chunked, Date=Wed, 15 Jun 2022 14:53:18 GMT]
15:53:18.684 [reactor-http-nio-47] DEBUG reactor.netty.resources.PooledConnectionProvider - [id: 0x4071061f, L:/127.0.0.1:52031 - R:localhost/127.0.0.1:8084] onStateChange(GET{uri=/attractionRewardPoint?attractionId=9daf8e18-506a-40fa-9b37-7cae4ffc7408&userId=3ec4fbe0-0dde-427c-9cd5-84402ced7c38, connection=PooledConnection{channel=[id: 0x4071061f, L:/127.0.0.1:52031 - R:localhost/127.0.0.1:8084]}}, [response_received])
15:53:18.684 [reactor-http-nio-47] DEBUG org.springframework.web.reactive.function.client.ExchangeFunctions - [11d2304] Response 200 OK
15:53:18.684 [reactor-http-nio-47] DEBUG reactor.netty.channel.FluxReceive - [id: 0x4071061f, L:/127.0.0.1:52031 - R:localhost/127.0.0.1:8084] Subscribing inbound receiver [pending: 0, cancelled:false, inboundDone: false]
15:53:18.687 [reactor-http-nio-48] DEBUG reactor.netty.http.client.HttpClientOperations - [id: 0x892f6893, L:/127.0.0.1:52002 - R:localhost/127.0.0.1:8084] Received last HTTP packet
15:53:18.687 [reactor-http-nio-48] DEBUG org.springframework.core.codec.StringDecoder - [3a9f09f0] Decoded "413"
15:53:18.687 [reactor-http-nio-48] DEBUG reactor.netty.resources.PooledConnectionProvider - [id: 0x892f6893, L:/127.0.0.1:52002 - R:localhost/127.0.0.1:8084] onStateChange(GET{uri=/attractionRewardPoint?attractionId=0596a765-bdd0-4339-b2ab-fd94b8f0ad1c&userId=6bdb1add-d231-4dcc-939c-eccb85e54577, connection=PooledConnection{channel=[id: 0x892f6893, L:/127.0.0.1:52002 - R:localhost/127.0.0.1:8084]}}, [disconnecting])
15:53:18.687 [reactor-http-nio-48] DEBUG reactor.netty.resources.PooledConnectionProvider - [id: 0x892f6893, L:/127.0.0.1:52002 - R:localhost/127.0.0.1:8084] Releasing channel
15:53:18.687 [reactor-http-nio-48] DEBUG reactor.netty.resources.PooledConnectionProvider - [id: 0x892f6893, L:/127.0.0.1:52002 - R:localhost/127.0.0.1:8084] Channel cleaned, now 34 active connections and 47 inactive connections
15:53:18.688 [reactor-http-nio-47] DEBUG reactor.netty.http.client.HttpClientOperations - [id: 0xdd35a511, L:/127.0.0.1:51898 - R:localhost/127.0.0.1:8083] Received response (auto-read:false) : [Content-Type=application/json, Transfer-Encoding=chunked, Date=Wed, 15 Jun 2022 14:53:18 GMT]
15:53:18.688 [reactor-http-nio-47] DEBUG reactor.netty.resources.PooledConnectionProvider - [id: 0xdd35a511, L:/127.0.0.1:51898 - R:localhost/127.0.0.1:8083] onStateChange(GET{uri=/attractions, connection=PooledConnection{channel=[id: 0xdd35a511, L:/127.0.0.1:51898 - R:localhost/127.0.0.1:8083]}}, [response_received])
15:53:18.688 [reactor-http-nio-47] DEBUG org.springframework.web.reactive.function.client.ExchangeFunctions - [7209ffb5] Response 200 OK
15:53:18.688 [reactor-http-nio-46] DEBUG reactor.netty.http.client.HttpClientOperations - [id: 0xd1b6c073, L:/127.0.0.1:52058 - R:localhost/127.0.0.1:8084] Received response (auto-read:false) : [Content-Type=application/json, Transfer-Encoding=chunked, Date=Wed, 15 Jun 2022 14:53:18 GMT]
15:53:18.688 [reactor-http-nio-46] DEBUG reactor.netty.resources.PooledConnectionProvider - [id: 0xd1b6c073, L:/127.0.0.1:52058 - R:localhost/127.0.0.1:8084] onStateChange(GET{uri=/attractionRewardPoint?attractionId=2a319461-2f79-4592-9512-73ae74e46f74&userId=13e3d617-c848-411f-b435-d04ad599b9b5, connection=PooledConnection{channel=[id: 0xd1b6c073, L:/127.0.0.1:52058 - R:localhost/127.0.0.1:8084]}}, [response_received])
15:53:18.688 [reactor-http-nio-46] DEBUG org.springframework.web.reactive.function.client.ExchangeFunctions - [49efdfd3] Response 200 OK
15:53:18.688 [reactor-http-nio-47] DEBUG reactor.netty.channel.FluxReceive - [id: 0xdd35a511, L:/127.0.0.1:51898 - R:localhost/127.0.0.1:8083] Subscribing inbound receiver [pending: 0, cancelled:false, inboundDone: false]
15:53:18.688 [reactor-http-nio-46] DEBUG reactor.netty.channel.FluxReceive - [id: 0xd1b6c073, L:/127.0.0.1:52058 - R:localhost/127.0.0.1:8084] Subscribing inbound receiver [pending: 0, cancelled:false, inboundDone: false]
15:53:18.688 [reactor-http-nio-47] DEBUG reactor.netty.http.client.HttpClientOperations - [id: 0xdd35a511, L:/127.0.0.1:51898 - R:localhost/127.0.0.1:8083] Received last HTTP packet
15:53:18.689 [reactor-http-nio-47] DEBUG org.springframework.core.codec.StringDecoder - [7209ffb5] Decoded "[{"longitude":-117.922008,"latitude":33.817595,"attractionName":"Disneyland","city":"Anaheim","stat (truncated)...
15:53:18.689 [reactor-http-nio-47] DEBUG reactor.netty.resources.PooledConnectionProvider - [id: 0xdd35a511, L:/127.0.0.1:51898 - R:localhost/127.0.0.1:8083] onStateChange(GET{uri=/attractions, connection=PooledConnection{channel=[id: 0xdd35a511, L:/127.0.0.1:51898 - R:localhost/127.0.0.1:8083]}}, [disconnecting])
15:53:18.689 [reactor-http-nio-47] DEBUG reactor.netty.resources.PooledConnectionProvider - [id: 0xdd35a511, L:/127.0.0.1:51898 - R:localhost/127.0.0.1:8083] Releasing channel
15:53:18.689 [reactor-http-nio-47] DEBUG reactor.netty.resources.PooledConnectionProvider - [id: 0xdd35a511, L:/127.0.0.1:51898 - R:localhost/127.0.0.1:8083] Channel cleaned, now 0 active connections and 301 inactive connections
15:53:18.691 [Test worker] DEBUG org.springframework.web.reactive.function.client.ExchangeFunctions - [5e99b9c] HTTP GET http://localhost:8083/attractions
15:53:18.693 [reactor-http-nio-46] DEBUG reactor.netty.resources.PooledConnectionProvider - [id: 0x0a4cfcd0, L:/127.0.0.1:51802 - R:localhost/127.0.0.1:8083] Channel acquired, now 1 active connections and 300 inactive connections
15:53:18.693 [reactor-http-nio-46] DEBUG reactor.netty.http.client.HttpClientConnect - [id: 0x0a4cfcd0, L:/127.0.0.1:51802 - R:localhost/127.0.0.1:8083] Handler is being applied: {uri=http://localhost:8083/attractions, method=GET}
15:53:18.694 [reactor-http-nio-46] DEBUG reactor.netty.resources.PooledConnectionProvider - [id: 0x0a4cfcd0, L:/127.0.0.1:51802 - R:localhost/127.0.0.1:8083] onStateChange(GET{uri=/attractions, connection=PooledConnection{channel=[id: 0x0a4cfcd0, L:/127.0.0.1:51802 - R:localhost/127.0.0.1:8083]}}, [request_sent])
15:53:18.694 [reactor-http-nio-46] DEBUG reactor.netty.http.client.HttpClientOperations - [id: 0xd1b6c073, L:/127.0.0.1:52058 - R:localhost/127.0.0.1:8084] Received last HTTP packet
15:53:18.694 [reactor-http-nio-46] DEBUG org.springframework.core.codec.StringDecoder - [49efdfd3] Decoded "521"
15:53:18.694 [reactor-http-nio-47] DEBUG reactor.netty.http.client.HttpClientOperations - [id: 0x4071061f, L:/127.0.0.1:52031 - R:localhost/127.0.0.1:8084] Received last HTTP packet
15:53:18.694 [reactor-http-nio-46] DEBUG reactor.netty.resources.PooledConnectionProvider - [id: 0xd1b6c073, L:/127.0.0.1:52058 - R:localhost/127.0.0.1:8084] onStateChange(GET{uri=/attractionRewardPoint?attractionId=2a319461-2f79-4592-9512-73ae74e46f74&userId=13e3d617-c848-411f-b435-d04ad599b9b5, connection=PooledConnection{channel=[id: 0xd1b6c073, L:/127.0.0.1:52058 - R:localhost/127.0.0.1:8084]}}, [disconnecting])
15:53:18.695 [reactor-http-nio-47] DEBUG org.springframework.core.codec.StringDecoder - [11d2304] Decoded "49"
15:53:18.695 [reactor-http-nio-46] DEBUG reactor.netty.resources.PooledConnectionProvider - [id: 0xd1b6c073, L:/127.0.0.1:52058 - R:localhost/127.0.0.1:8084] Releasing channel
15:53:18.695 [reactor-http-nio-47] DEBUG reactor.netty.resources.PooledConnectionProvider - [id: 0x4071061f, L:/127.0.0.1:52031 - R:localhost/127.0.0.1:8084] onStateChange(GET{uri=/attractionRewardPoint?attractionId=9daf8e18-506a-40fa-9b37-7cae4ffc7408&userId=3ec4fbe0-0dde-427c-9cd5-84402ced7c38, connection=PooledConnection{channel=[id: 0x4071061f, L:/127.0.0.1:52031 - R:localhost/127.0.0.1:8084]}}, [disconnecting])
15:53:18.695 [reactor-http-nio-47] DEBUG reactor.netty.resources.PooledConnectionProvider - [id: 0x4071061f, L:/127.0.0.1:52031 - R:localhost/127.0.0.1:8084] Releasing channel
15:53:18.695 [reactor-http-nio-46] DEBUG reactor.netty.resources.PooledConnectionProvider - [id: 0xd1b6c073, L:/127.0.0.1:52058 - R:localhost/127.0.0.1:8084] Channel cleaned, now 33 active connections and 48 inactive connections
15:53:18.695 [reactor-http-nio-47] DEBUG reactor.netty.resources.PooledConnectionProvider - [id: 0x4071061f, L:/127.0.0.1:52031 - R:localhost/127.0.0.1:8084] Channel cleaned, now 32 active connections and 49 inactive connections
15:53:18.703 [reactor-http-nio-47] DEBUG reactor.netty.http.client.HttpClientOperations - [id: 0xbef73541, L:/127.0.0.1:52037 - R:localhost/127.0.0.1:8084] Received response (auto-read:false) : [Content-Type=application/json, Transfer-Encoding=chunked, Date=Wed, 15 Jun 2022 14:53:18 GMT]
15:53:18.703 [reactor-http-nio-47] DEBUG reactor.netty.resources.PooledConnectionProvider - [id: 0xbef73541, L:/127.0.0.1:52037 - R:localhost/127.0.0.1:8084] onStateChange(GET{uri=/attractionRewardPoint?attractionId=cc14ecd9-0eed-4409-b68e-f8a0e49a1b0b&userId=0e1ba366-5f59-4662-93cf-9417a747ad34, connection=PooledConnection{channel=[id: 0xbef73541, L:/127.0.0.1:52037 - R:localhost/127.0.0.1:8084]}}, [response_received])
15:53:18.703 [reactor-http-nio-47] DEBUG org.springframework.web.reactive.function.client.ExchangeFunctions - [ff84882] Response 200 OK
15:53:18.703 [reactor-http-nio-47] DEBUG reactor.netty.channel.FluxReceive - [id: 0xbef73541, L:/127.0.0.1:52037 - R:localhost/127.0.0.1:8084] Subscribing inbound receiver [pending: 0, cancelled:false, inboundDone: false]
15:53:18.704 [reactor-http-nio-47] DEBUG reactor.netty.http.client.HttpClientOperations - [id: 0xbef73541, L:/127.0.0.1:52037 - R:localhost/127.0.0.1:8084] Received last HTTP packet
15:53:18.704 [reactor-http-nio-47] DEBUG org.springframework.core.codec.StringDecoder - [ff84882] Decoded "388"
15:53:18.704 [reactor-http-nio-47] DEBUG reactor.netty.resources.PooledConnectionProvider - [id: 0xbef73541, L:/127.0.0.1:52037 - R:localhost/127.0.0.1:8084] onStateChange(GET{uri=/attractionRewardPoint?attractionId=cc14ecd9-0eed-4409-b68e-f8a0e49a1b0b&userId=0e1ba366-5f59-4662-93cf-9417a747ad34, connection=PooledConnection{channel=[id: 0xbef73541, L:/127.0.0.1:52037 - R:localhost/127.0.0.1:8084]}}, [disconnecting])
15:53:18.704 [reactor-http-nio-47] DEBUG reactor.netty.resources.PooledConnectionProvider - [id: 0xbef73541, L:/127.0.0.1:52037 - R:localhost/127.0.0.1:8084] Releasing channel
15:53:18.704 [reactor-http-nio-47] DEBUG reactor.netty.resources.PooledConnectionProvider - [id: 0xbef73541, L:/127.0.0.1:52037 - R:localhost/127.0.0.1:8084] Channel cleaned, now 31 active connections and 50 inactive connections
15:53:18.716 [reactor-http-nio-46] DEBUG reactor.netty.http.client.HttpClientOperations - [id: 0x0a4cfcd0, L:/127.0.0.1:51802 - R:localhost/127.0.0.1:8083] Received response (auto-read:false) : [Content-Type=application/json, Transfer-Encoding=chunked, Date=Wed, 15 Jun 2022 14:53:18 GMT]
15:53:18.716 [reactor-http-nio-46] DEBUG reactor.netty.resources.PooledConnectionProvider - [id: 0x0a4cfcd0, L:/127.0.0.1:51802 - R:localhost/127.0.0.1:8083] onStateChange(GET{uri=/attractions, connection=PooledConnection{channel=[id: 0x0a4cfcd0, L:/127.0.0.1:51802 - R:localhost/127.0.0.1:8083]}}, [response_received])
15:53:18.716 [reactor-http-nio-46] DEBUG org.springframework.web.reactive.function.client.ExchangeFunctions - [5e99b9c] Response 200 OK
15:53:18.716 [reactor-http-nio-46] DEBUG reactor.netty.channel.FluxReceive - [id: 0x0a4cfcd0, L:/127.0.0.1:51802 - R:localhost/127.0.0.1:8083] Subscribing inbound receiver [pending: 0, cancelled:false, inboundDone: false]
15:53:18.717 [reactor-http-nio-46] DEBUG reactor.netty.http.client.HttpClientOperations - [id: 0x0a4cfcd0, L:/127.0.0.1:51802 - R:localhost/127.0.0.1:8083] Received last HTTP packet
15:53:18.717 [reactor-http-nio-46] DEBUG org.springframework.core.codec.StringDecoder - [5e99b9c] Decoded "[{"longitude":-117.922008,"latitude":33.817595,"attractionName":"Disneyland","city":"Anaheim","stat (truncated)...
15:53:18.717 [reactor-http-nio-46] DEBUG reactor.netty.resources.PooledConnectionProvider - [id: 0x0a4cfcd0, L:/127.0.0.1:51802 - R:localhost/127.0.0.1:8083] onStateChange(GET{uri=/attractions, connection=PooledConnection{channel=[id: 0x0a4cfcd0, L:/127.0.0.1:51802 - R:localhost/127.0.0.1:8083]}}, [disconnecting])
15:53:18.717 [reactor-http-nio-46] DEBUG reactor.netty.resources.PooledConnectionProvider - [id: 0x0a4cfcd0, L:/127.0.0.1:51802 - R:localhost/127.0.0.1:8083] Releasing channel
15:53:18.717 [reactor-http-nio-46] DEBUG reactor.netty.resources.PooledConnectionProvider - [id: 0x0a4cfcd0, L:/127.0.0.1:51802 - R:localhost/127.0.0.1:8083] Channel cleaned, now 0 active connections and 301 inactive connections
15:53:18.719 [Test worker] DEBUG org.springframework.web.reactive.function.client.ExchangeFunctions - [2fe74516] HTTP GET http://localhost:8083/attractions
15:53:18.722 [reactor-http-nio-46] DEBUG reactor.netty.resources.PooledConnectionProvider - [id: 0x7a77be43, L:/127.0.0.1:51818 - R:localhost/127.0.0.1:8083] Channel acquired, now 1 active connections and 300 inactive connections
15:53:18.722 [reactor-http-nio-46] DEBUG reactor.netty.http.client.HttpClientConnect - [id: 0x7a77be43, L:/127.0.0.1:51818 - R:localhost/127.0.0.1:8083] Handler is being applied: {uri=http://localhost:8083/attractions, method=GET}
15:53:18.723 [reactor-http-nio-46] DEBUG reactor.netty.resources.PooledConnectionProvider - [id: 0x7a77be43, L:/127.0.0.1:51818 - R:localhost/127.0.0.1:8083] onStateChange(GET{uri=/attractions, connection=PooledConnection{channel=[id: 0x7a77be43, L:/127.0.0.1:51818 - R:localhost/127.0.0.1:8083]}}, [request_sent])
15:53:18.739 [reactor-http-nio-46] DEBUG reactor.netty.http.client.HttpClientOperations - [id: 0x7a77be43, L:/127.0.0.1:51818 - R:localhost/127.0.0.1:8083] Received response (auto-read:false) : [Content-Type=application/json, Transfer-Encoding=chunked, Date=Wed, 15 Jun 2022 14:53:18 GMT]
15:53:18.739 [reactor-http-nio-46] DEBUG reactor.netty.resources.PooledConnectionProvider - [id: 0x7a77be43, L:/127.0.0.1:51818 - R:localhost/127.0.0.1:8083] onStateChange(GET{uri=/attractions, connection=PooledConnection{channel=[id: 0x7a77be43, L:/127.0.0.1:51818 - R:localhost/127.0.0.1:8083]}}, [response_received])
15:53:18.739 [reactor-http-nio-46] DEBUG org.springframework.web.reactive.function.client.ExchangeFunctions - [2fe74516] Response 200 OK
15:53:18.739 [reactor-http-nio-46] DEBUG reactor.netty.channel.FluxReceive - [id: 0x7a77be43, L:/127.0.0.1:51818 - R:localhost/127.0.0.1:8083] Subscribing inbound receiver [pending: 0, cancelled:false, inboundDone: false]
15:53:18.739 [reactor-http-nio-46] DEBUG reactor.netty.http.client.HttpClientOperations - [id: 0x7a77be43, L:/127.0.0.1:51818 - R:localhost/127.0.0.1:8083] Received last HTTP packet
15:53:18.739 [reactor-http-nio-46] DEBUG org.springframework.core.codec.StringDecoder - [2fe74516] Decoded "[{"longitude":-117.922008,"latitude":33.817595,"attractionName":"Disneyland","city":"Anaheim","stat (truncated)...
15:53:18.739 [reactor-http-nio-46] DEBUG reactor.netty.resources.PooledConnectionProvider - [id: 0x7a77be43, L:/127.0.0.1:51818 - R:localhost/127.0.0.1:8083] onStateChange(GET{uri=/attractions, connection=PooledConnection{channel=[id: 0x7a77be43, L:/127.0.0.1:51818 - R:localhost/127.0.0.1:8083]}}, [disconnecting])
15:53:18.739 [reactor-http-nio-46] DEBUG reactor.netty.resources.PooledConnectionProvider - [id: 0x7a77be43, L:/127.0.0.1:51818 - R:localhost/127.0.0.1:8083] Releasing channel
15:53:18.739 [reactor-http-nio-46] DEBUG reactor.netty.resources.PooledConnectionProvider - [id: 0x7a77be43, L:/127.0.0.1:51818 - R:localhost/127.0.0.1:8083] Channel cleaned, now 0 active connections and 301 inactive connections
15:53:18.741 [Test worker] DEBUG org.springframework.web.reactive.function.client.ExchangeFunctions - [1c3259fa] HTTP GET http://localhost:8083/attractions
15:53:18.744 [reactor-http-nio-48] DEBUG reactor.netty.resources.PooledConnectionProvider - [id: 0x7fe5ccf9, L:/127.0.0.1:51961 - R:localhost/127.0.0.1:8083] Channel acquired, now 1 active connections and 300 inactive connections
15:53:18.744 [reactor-http-nio-48] DEBUG reactor.netty.http.client.HttpClientConnect - [id: 0x7fe5ccf9, L:/127.0.0.1:51961 - R:localhost/127.0.0.1:8083] Handler is being applied: {uri=http://localhost:8083/attractions, method=GET}
15:53:18.744 [reactor-http-nio-48] DEBUG reactor.netty.resources.PooledConnectionProvider - [id: 0x7fe5ccf9, L:/127.0.0.1:51961 - R:localhost/127.0.0.1:8083] onStateChange(GET{uri=/attractions, connection=PooledConnection{channel=[id: 0x7fe5ccf9, L:/127.0.0.1:51961 - R:localhost/127.0.0.1:8083]}}, [request_sent])
15:53:18.746 [reactor-http-nio-47] DEBUG reactor.netty.http.client.HttpClientOperations - [id: 0x33260c67, L:/127.0.0.1:52020 - R:localhost/127.0.0.1:8084] Received response (auto-read:false) : [Content-Type=application/json, Transfer-Encoding=chunked, Date=Wed, 15 Jun 2022 14:53:18 GMT]
15:53:18.746 [reactor-http-nio-47] DEBUG reactor.netty.resources.PooledConnectionProvider - [id: 0x33260c67, L:/127.0.0.1:52020 - R:localhost/127.0.0.1:8084] onStateChange(GET{uri=/attractionRewardPoint?attractionId=075e5a6e-5694-49bd-90f2-c36d3012ba18&userId=24d6dc0e-82c9-4e5d-b55f-bfa77524f2c2, connection=PooledConnection{channel=[id: 0x33260c67, L:/127.0.0.1:52020 - R:localhost/127.0.0.1:8084]}}, [response_received])
15:53:18.746 [reactor-http-nio-47] DEBUG org.springframework.web.reactive.function.client.ExchangeFunctions - [5fed4255] Response 200 OK
15:53:18.746 [reactor-http-nio-47] DEBUG reactor.netty.channel.FluxReceive - [id: 0x33260c67, L:/127.0.0.1:52020 - R:localhost/127.0.0.1:8084] Subscribing inbound receiver [pending: 0, cancelled:false, inboundDone: false]
15:53:18.746 [reactor-http-nio-47] DEBUG reactor.netty.http.client.HttpClientOperations - [id: 0x33260c67, L:/127.0.0.1:52020 - R:localhost/127.0.0.1:8084] Received last HTTP packet
15:53:18.747 [reactor-http-nio-47] DEBUG org.springframework.core.codec.StringDecoder - [5fed4255] Decoded "44"
15:53:18.747 [reactor-http-nio-47] DEBUG reactor.netty.resources.PooledConnectionProvider - [id: 0x33260c67, L:/127.0.0.1:52020 - R:localhost/127.0.0.1:8084] onStateChange(GET{uri=/attractionRewardPoint?attractionId=075e5a6e-5694-49bd-90f2-c36d3012ba18&userId=24d6dc0e-82c9-4e5d-b55f-bfa77524f2c2, connection=PooledConnection{channel=[id: 0x33260c67, L:/127.0.0.1:52020 - R:localhost/127.0.0.1:8084]}}, [disconnecting])
15:53:18.747 [reactor-http-nio-47] DEBUG reactor.netty.resources.PooledConnectionProvider - [id: 0x33260c67, L:/127.0.0.1:52020 - R:localhost/127.0.0.1:8084] Releasing channel
15:53:18.747 [reactor-http-nio-47] DEBUG reactor.netty.resources.PooledConnectionProvider - [id: 0x33260c67, L:/127.0.0.1:52020 - R:localhost/127.0.0.1:8084] Channel cleaned, now 30 active connections and 51 inactive connections
15:53:18.750 [reactor-http-nio-47] DEBUG reactor.netty.http.client.HttpClientOperations - [id: 0x88f55f81, L:/127.0.0.1:52054 - R:localhost/127.0.0.1:8084] Received response (auto-read:false) : [Content-Type=application/json, Transfer-Encoding=chunked, Date=Wed, 15 Jun 2022 14:53:18 GMT]
15:53:18.750 [reactor-http-nio-47] DEBUG reactor.netty.resources.PooledConnectionProvider - [id: 0x88f55f81, L:/127.0.0.1:52054 - R:localhost/127.0.0.1:8084] onStateChange(GET{uri=/attractionRewardPoint?attractionId=435904f0-be53-4ab0-802d-3a8bcab544f3&userId=4461c139-4c48-4bd3-9e07-334e684a5373, connection=PooledConnection{channel=[id: 0x88f55f81, L:/127.0.0.1:52054 - R:localhost/127.0.0.1:8084]}}, [response_received])
15:53:18.750 [reactor-http-nio-47] DEBUG org.springframework.web.reactive.function.client.ExchangeFunctions - [70dd085b] Response 200 OK
15:53:18.751 [reactor-http-nio-47] DEBUG reactor.netty.channel.FluxReceive - [id: 0x88f55f81, L:/127.0.0.1:52054 - R:localhost/127.0.0.1:8084] Subscribing inbound receiver [pending: 0, cancelled:false, inboundDone: false]
15:53:18.751 [reactor-http-nio-47] DEBUG reactor.netty.http.client.HttpClientOperations - [id: 0x88f55f81, L:/127.0.0.1:52054 - R:localhost/127.0.0.1:8084] Received last HTTP packet
15:53:18.751 [reactor-http-nio-47] DEBUG org.springframework.core.codec.StringDecoder - [70dd085b] Decoded "542"
15:53:18.751 [reactor-http-nio-47] DEBUG reactor.netty.resources.PooledConnectionProvider - [id: 0x88f55f81, L:/127.0.0.1:52054 - R:localhost/127.0.0.1:8084] onStateChange(GET{uri=/attractionRewardPoint?attractionId=435904f0-be53-4ab0-802d-3a8bcab544f3&userId=4461c139-4c48-4bd3-9e07-334e684a5373, connection=PooledConnection{channel=[id: 0x88f55f81, L:/127.0.0.1:52054 - R:localhost/127.0.0.1:8084]}}, [disconnecting])
15:53:18.751 [reactor-http-nio-47] DEBUG reactor.netty.resources.PooledConnectionProvider - [id: 0x88f55f81, L:/127.0.0.1:52054 - R:localhost/127.0.0.1:8084] Releasing channel
15:53:18.751 [reactor-http-nio-47] DEBUG reactor.netty.resources.PooledConnectionProvider - [id: 0x88f55f81, L:/127.0.0.1:52054 - R:localhost/127.0.0.1:8084] Channel cleaned, now 29 active connections and 52 inactive connections
15:53:18.756 [reactor-http-nio-48] DEBUG reactor.netty.http.client.HttpClientOperations - [id: 0x669dac40, L:/127.0.0.1:52013 - R:localhost/127.0.0.1:8084] Received response (auto-read:false) : [Content-Type=application/json, Transfer-Encoding=chunked, Date=Wed, 15 Jun 2022 14:53:18 GMT]
15:53:18.756 [reactor-http-nio-48] DEBUG reactor.netty.resources.PooledConnectionProvider - [id: 0x669dac40, L:/127.0.0.1:52013 - R:localhost/127.0.0.1:8084] onStateChange(GET{uri=/attractionRewardPoint?attractionId=65390444-d84e-4508-b7a4-44abcf2b077e&userId=339e13ad-b8f1-45ed-aaec-24297ea93f94, connection=PooledConnection{channel=[id: 0x669dac40, L:/127.0.0.1:52013 - R:localhost/127.0.0.1:8084]}}, [response_received])
15:53:18.756 [reactor-http-nio-48] DEBUG org.springframework.web.reactive.function.client.ExchangeFunctions - [1603fb33] Response 200 OK
15:53:18.756 [reactor-http-nio-48] DEBUG reactor.netty.channel.FluxReceive - [id: 0x669dac40, L:/127.0.0.1:52013 - R:localhost/127.0.0.1:8084] Subscribing inbound receiver [pending: 0, cancelled:false, inboundDone: false]
15:53:18.758 [reactor-http-nio-48] DEBUG reactor.netty.http.client.HttpClientOperations - [id: 0x669dac40, L:/127.0.0.1:52013 - R:localhost/127.0.0.1:8084] Received last HTTP packet
15:53:18.758 [reactor-http-nio-48] DEBUG org.springframework.core.codec.StringDecoder - [1603fb33] Decoded "223"
15:53:18.758 [reactor-http-nio-48] DEBUG reactor.netty.resources.PooledConnectionProvider - [id: 0x669dac40, L:/127.0.0.1:52013 - R:localhost/127.0.0.1:8084] onStateChange(GET{uri=/attractionRewardPoint?attractionId=65390444-d84e-4508-b7a4-44abcf2b077e&userId=339e13ad-b8f1-45ed-aaec-24297ea93f94, connection=PooledConnection{channel=[id: 0x669dac40, L:/127.0.0.1:52013 - R:localhost/127.0.0.1:8084]}}, [disconnecting])
15:53:18.758 [reactor-http-nio-48] DEBUG reactor.netty.resources.PooledConnectionProvider - [id: 0x669dac40, L:/127.0.0.1:52013 - R:localhost/127.0.0.1:8084] Releasing channel
15:53:18.758 [reactor-http-nio-48] DEBUG reactor.netty.resources.PooledConnectionProvider - [id: 0x669dac40, L:/127.0.0.1:52013 - R:localhost/127.0.0.1:8084] Channel cleaned, now 28 active connections and 53 inactive connections
15:53:18.760 [reactor-http-nio-48] DEBUG reactor.netty.http.client.HttpClientOperations - [id: 0x7fe5ccf9, L:/127.0.0.1:51961 - R:localhost/127.0.0.1:8083] Received response (auto-read:false) : [Content-Type=application/json, Transfer-Encoding=chunked, Date=Wed, 15 Jun 2022 14:53:18 GMT]
15:53:18.760 [reactor-http-nio-48] DEBUG reactor.netty.resources.PooledConnectionProvider - [id: 0x7fe5ccf9, L:/127.0.0.1:51961 - R:localhost/127.0.0.1:8083] onStateChange(GET{uri=/attractions, connection=PooledConnection{channel=[id: 0x7fe5ccf9, L:/127.0.0.1:51961 - R:localhost/127.0.0.1:8083]}}, [response_received])
15:53:18.760 [reactor-http-nio-48] DEBUG org.springframework.web.reactive.function.client.ExchangeFunctions - [1c3259fa] Response 200 OK
15:53:18.760 [reactor-http-nio-48] DEBUG reactor.netty.channel.FluxReceive - [id: 0x7fe5ccf9, L:/127.0.0.1:51961 - R:localhost/127.0.0.1:8083] Subscribing inbound receiver [pending: 0, cancelled:false, inboundDone: false]
15:53:18.760 [reactor-http-nio-48] DEBUG reactor.netty.http.client.HttpClientOperations - [id: 0x7fe5ccf9, L:/127.0.0.1:51961 - R:localhost/127.0.0.1:8083] Received last HTTP packet
15:53:18.760 [reactor-http-nio-48] DEBUG org.springframework.core.codec.StringDecoder - [1c3259fa] Decoded "[{"longitude":-117.922008,"latitude":33.817595,"attractionName":"Disneyland","city":"Anaheim","stat (truncated)...
15:53:18.761 [reactor-http-nio-48] DEBUG reactor.netty.resources.PooledConnectionProvider - [id: 0x7fe5ccf9, L:/127.0.0.1:51961 - R:localhost/127.0.0.1:8083] onStateChange(GET{uri=/attractions, connection=PooledConnection{channel=[id: 0x7fe5ccf9, L:/127.0.0.1:51961 - R:localhost/127.0.0.1:8083]}}, [disconnecting])
15:53:18.761 [reactor-http-nio-48] DEBUG reactor.netty.resources.PooledConnectionProvider - [id: 0x7fe5ccf9, L:/127.0.0.1:51961 - R:localhost/127.0.0.1:8083] Releasing channel
15:53:18.761 [reactor-http-nio-48] DEBUG reactor.netty.resources.PooledConnectionProvider - [id: 0x7fe5ccf9, L:/127.0.0.1:51961 - R:localhost/127.0.0.1:8083] Channel cleaned, now 0 active connections and 301 inactive connections
15:53:18.762 [Test worker] DEBUG org.springframework.web.reactive.function.client.ExchangeFunctions - [217bf99e] HTTP GET http://localhost:8083/attractions
15:53:18.765 [reactor-http-nio-48] DEBUG reactor.netty.resources.PooledConnectionProvider - [id: 0xcdbdd5a5, L:/127.0.0.1:51946 - R:localhost/127.0.0.1:8083] Channel acquired, now 1 active connections and 300 inactive connections
15:53:18.765 [reactor-http-nio-48] DEBUG reactor.netty.http.client.HttpClientConnect - [id: 0xcdbdd5a5, L:/127.0.0.1:51946 - R:localhost/127.0.0.1:8083] Handler is being applied: {uri=http://localhost:8083/attractions, method=GET}
15:53:18.765 [reactor-http-nio-48] DEBUG reactor.netty.resources.PooledConnectionProvider - [id: 0xcdbdd5a5, L:/127.0.0.1:51946 - R:localhost/127.0.0.1:8083] onStateChange(GET{uri=/attractions, connection=PooledConnection{channel=[id: 0xcdbdd5a5, L:/127.0.0.1:51946 - R:localhost/127.0.0.1:8083]}}, [request_sent])
15:53:18.779 [reactor-http-nio-48] DEBUG reactor.netty.http.client.HttpClientOperations - [id: 0xcdbdd5a5, L:/127.0.0.1:51946 - R:localhost/127.0.0.1:8083] Received response (auto-read:false) : [Content-Type=application/json, Transfer-Encoding=chunked, Date=Wed, 15 Jun 2022 14:53:18 GMT]
15:53:18.779 [reactor-http-nio-48] DEBUG reactor.netty.resources.PooledConnectionProvider - [id: 0xcdbdd5a5, L:/127.0.0.1:51946 - R:localhost/127.0.0.1:8083] onStateChange(GET{uri=/attractions, connection=PooledConnection{channel=[id: 0xcdbdd5a5, L:/127.0.0.1:51946 - R:localhost/127.0.0.1:8083]}}, [response_received])
15:53:18.779 [reactor-http-nio-48] DEBUG org.springframework.web.reactive.function.client.ExchangeFunctions - [217bf99e] Response 200 OK
15:53:18.779 [reactor-http-nio-48] DEBUG reactor.netty.channel.FluxReceive - [id: 0xcdbdd5a5, L:/127.0.0.1:51946 - R:localhost/127.0.0.1:8083] Subscribing inbound receiver [pending: 0, cancelled:false, inboundDone: false]
15:53:18.779 [reactor-http-nio-48] DEBUG reactor.netty.http.client.HttpClientOperations - [id: 0xcdbdd5a5, L:/127.0.0.1:51946 - R:localhost/127.0.0.1:8083] Received last HTTP packet
15:53:18.780 [reactor-http-nio-48] DEBUG org.springframework.core.codec.StringDecoder - [217bf99e] Decoded "[{"longitude":-117.922008,"latitude":33.817595,"attractionName":"Disneyland","city":"Anaheim","stat (truncated)...
15:53:18.780 [reactor-http-nio-48] DEBUG reactor.netty.resources.PooledConnectionProvider - [id: 0xcdbdd5a5, L:/127.0.0.1:51946 - R:localhost/127.0.0.1:8083] onStateChange(GET{uri=/attractions, connection=PooledConnection{channel=[id: 0xcdbdd5a5, L:/127.0.0.1:51946 - R:localhost/127.0.0.1:8083]}}, [disconnecting])
15:53:18.780 [reactor-http-nio-48] DEBUG reactor.netty.resources.PooledConnectionProvider - [id: 0xcdbdd5a5, L:/127.0.0.1:51946 - R:localhost/127.0.0.1:8083] Releasing channel
15:53:18.780 [reactor-http-nio-48] DEBUG reactor.netty.resources.PooledConnectionProvider - [id: 0xcdbdd5a5, L:/127.0.0.1:51946 - R:localhost/127.0.0.1:8083] Channel cleaned, now 0 active connections and 301 inactive connections
15:53:18.780 [Test worker] DEBUG org.springframework.web.reactive.function.client.ExchangeFunctions - [6807a356] HTTP GET http://localhost:8083/attractions
15:53:18.782 [reactor-http-nio-48] DEBUG reactor.netty.resources.PooledConnectionProvider - [id: 0x4cd11612, L:/127.0.0.1:51971 - R:localhost/127.0.0.1:8083] Channel acquired, now 1 active connections and 300 inactive connections
15:53:18.782 [reactor-http-nio-48] DEBUG reactor.netty.http.client.HttpClientConnect - [id: 0x4cd11612, L:/127.0.0.1:51971 - R:localhost/127.0.0.1:8083] Handler is being applied: {uri=http://localhost:8083/attractions, method=GET}
15:53:18.782 [reactor-http-nio-48] DEBUG reactor.netty.resources.PooledConnectionProvider - [id: 0x4cd11612, L:/127.0.0.1:51971 - R:localhost/127.0.0.1:8083] onStateChange(GET{uri=/attractions, connection=PooledConnection{channel=[id: 0x4cd11612, L:/127.0.0.1:51971 - R:localhost/127.0.0.1:8083]}}, [request_sent])
15:53:18.796 [reactor-http-nio-48] DEBUG reactor.netty.http.client.HttpClientOperations - [id: 0x4cd11612, L:/127.0.0.1:51971 - R:localhost/127.0.0.1:8083] Received response (auto-read:false) : [Content-Type=application/json, Transfer-Encoding=chunked, Date=Wed, 15 Jun 2022 14:53:18 GMT]
15:53:18.796 [reactor-http-nio-48] DEBUG reactor.netty.resources.PooledConnectionProvider - [id: 0x4cd11612, L:/127.0.0.1:51971 - R:localhost/127.0.0.1:8083] onStateChange(GET{uri=/attractions, connection=PooledConnection{channel=[id: 0x4cd11612, L:/127.0.0.1:51971 - R:localhost/127.0.0.1:8083]}}, [response_received])
15:53:18.796 [reactor-http-nio-48] DEBUG org.springframework.web.reactive.function.client.ExchangeFunctions - [6807a356] Response 200 OK
15:53:18.796 [reactor-http-nio-48] DEBUG reactor.netty.channel.FluxReceive - [id: 0x4cd11612, L:/127.0.0.1:51971 - R:localhost/127.0.0.1:8083] Subscribing inbound receiver [pending: 0, cancelled:false, inboundDone: false]
15:53:18.796 [reactor-http-nio-48] DEBUG reactor.netty.http.client.HttpClientOperations - [id: 0x4cd11612, L:/127.0.0.1:51971 - R:localhost/127.0.0.1:8083] Received last HTTP packet
15:53:18.796 [reactor-http-nio-48] DEBUG org.springframework.core.codec.StringDecoder - [6807a356] Decoded "[{"longitude":-117.922008,"latitude":33.817595,"attractionName":"Disneyland","city":"Anaheim","stat (truncated)...
15:53:18.797 [reactor-http-nio-48] DEBUG reactor.netty.resources.PooledConnectionProvider - [id: 0x4cd11612, L:/127.0.0.1:51971 - R:localhost/127.0.0.1:8083] onStateChange(GET{uri=/attractions, connection=PooledConnection{channel=[id: 0x4cd11612, L:/127.0.0.1:51971 - R:localhost/127.0.0.1:8083]}}, [disconnecting])
15:53:18.797 [reactor-http-nio-48] DEBUG reactor.netty.resources.PooledConnectionProvider - [id: 0x4cd11612, L:/127.0.0.1:51971 - R:localhost/127.0.0.1:8083] Releasing channel
15:53:18.797 [reactor-http-nio-48] DEBUG reactor.netty.resources.PooledConnectionProvider - [id: 0x4cd11612, L:/127.0.0.1:51971 - R:localhost/127.0.0.1:8083] Channel cleaned, now 0 active connections and 301 inactive connections
15:53:18.798 [reactor-http-nio-41] DEBUG reactor.netty.http.client.HttpClientOperations - [id: 0x64baebcf, L:/127.0.0.1:52052 - R:localhost/127.0.0.1:8084] Received response (auto-read:false) : [Content-Type=application/json, Transfer-Encoding=chunked, Date=Wed, 15 Jun 2022 14:53:18 GMT]
15:53:18.798 [reactor-http-nio-41] DEBUG reactor.netty.resources.PooledConnectionProvider - [id: 0x64baebcf, L:/127.0.0.1:52052 - R:localhost/127.0.0.1:8084] onStateChange(GET{uri=/attractionRewardPoint?attractionId=9915ef6c-5e59-4484-837c-f422c6391db5&userId=0791e4eb-a7d3-4f0b-a1a1-3e46b98a228c, connection=PooledConnection{channel=[id: 0x64baebcf, L:/127.0.0.1:52052 - R:localhost/127.0.0.1:8084]}}, [response_received])
15:53:18.798 [reactor-http-nio-41] DEBUG org.springframework.web.reactive.function.client.ExchangeFunctions - [15ebd273] Response 200 OK
15:53:18.798 [reactor-http-nio-41] DEBUG reactor.netty.channel.FluxReceive - [id: 0x64baebcf, L:/127.0.0.1:52052 - R:localhost/127.0.0.1:8084] Subscribing inbound receiver [pending: 0, cancelled:false, inboundDone: false]
15:53:18.798 [Test worker] DEBUG org.springframework.web.reactive.function.client.ExchangeFunctions - [7ddd84b5] HTTP GET http://localhost:8083/attractions
15:53:18.798 [reactor-http-nio-41] DEBUG reactor.netty.http.client.HttpClientOperations - [id: 0x64baebcf, L:/127.0.0.1:52052 - R:localhost/127.0.0.1:8084] Received last HTTP packet
15:53:18.798 [reactor-http-nio-41] DEBUG org.springframework.core.codec.StringDecoder - [15ebd273] Decoded "690"
15:53:18.798 [reactor-http-nio-41] DEBUG reactor.netty.resources.PooledConnectionProvider - [id: 0x64baebcf, L:/127.0.0.1:52052 - R:localhost/127.0.0.1:8084] onStateChange(GET{uri=/attractionRewardPoint?attractionId=9915ef6c-5e59-4484-837c-f422c6391db5&userId=0791e4eb-a7d3-4f0b-a1a1-3e46b98a228c, connection=PooledConnection{channel=[id: 0x64baebcf, L:/127.0.0.1:52052 - R:localhost/127.0.0.1:8084]}}, [disconnecting])
15:53:18.798 [reactor-http-nio-41] DEBUG reactor.netty.resources.PooledConnectionProvider - [id: 0x64baebcf, L:/127.0.0.1:52052 - R:localhost/127.0.0.1:8084] Releasing channel
15:53:18.798 [reactor-http-nio-41] DEBUG reactor.netty.resources.PooledConnectionProvider - [id: 0x64baebcf, L:/127.0.0.1:52052 - R:localhost/127.0.0.1:8084] Channel cleaned, now 27 active connections and 54 inactive connections
15:53:18.800 [reactor-http-nio-47] DEBUG reactor.netty.resources.PooledConnectionProvider - [id: 0xe671b81a, L:/127.0.0.1:51698 - R:localhost/127.0.0.1:8083] Channel acquired, now 1 active connections and 300 inactive connections
15:53:18.801 [reactor-http-nio-47] DEBUG reactor.netty.http.client.HttpClientConnect - [id: 0xe671b81a, L:/127.0.0.1:51698 - R:localhost/127.0.0.1:8083] Handler is being applied: {uri=http://localhost:8083/attractions, method=GET}
15:53:18.801 [reactor-http-nio-47] DEBUG reactor.netty.resources.PooledConnectionProvider - [id: 0xe671b81a, L:/127.0.0.1:51698 - R:localhost/127.0.0.1:8083] onStateChange(GET{uri=/attractions, connection=PooledConnection{channel=[id: 0xe671b81a, L:/127.0.0.1:51698 - R:localhost/127.0.0.1:8083]}}, [request_sent])
15:53:18.802 [reactor-http-nio-47] DEBUG reactor.netty.http.client.HttpClientOperations - [id: 0x2eee126f, L:/127.0.0.1:52053 - R:localhost/127.0.0.1:8084] Received response (auto-read:false) : [Content-Type=application/json, Transfer-Encoding=chunked, Date=Wed, 15 Jun 2022 14:53:18 GMT]
15:53:18.802 [reactor-http-nio-47] DEBUG reactor.netty.resources.PooledConnectionProvider - [id: 0x2eee126f, L:/127.0.0.1:52053 - R:localhost/127.0.0.1:8084] onStateChange(GET{uri=/attractionRewardPoint?attractionId=b422ea5d-0f15-4a69-8f94-7691ba47e5ea&userId=2f9c4b88-f56c-4b12-9c0b-4f443e947e9a, connection=PooledConnection{channel=[id: 0x2eee126f, L:/127.0.0.1:52053 - R:localhost/127.0.0.1:8084]}}, [response_received])
15:53:18.803 [reactor-http-nio-47] DEBUG org.springframework.web.reactive.function.client.ExchangeFunctions - [6fa56228] Response 200 OK
15:53:18.803 [reactor-http-nio-47] DEBUG reactor.netty.channel.FluxReceive - [id: 0x2eee126f, L:/127.0.0.1:52053 - R:localhost/127.0.0.1:8084] Subscribing inbound receiver [pending: 0, cancelled:false, inboundDone: false]
15:53:18.804 [reactor-http-nio-47] DEBUG reactor.netty.http.client.HttpClientOperations - [id: 0x2eee126f, L:/127.0.0.1:52053 - R:localhost/127.0.0.1:8084] Received last HTTP packet
15:53:18.804 [reactor-http-nio-47] DEBUG org.springframework.core.codec.StringDecoder - [6fa56228] Decoded "427"
15:53:18.804 [reactor-http-nio-47] DEBUG reactor.netty.resources.PooledConnectionProvider - [id: 0x2eee126f, L:/127.0.0.1:52053 - R:localhost/127.0.0.1:8084] onStateChange(GET{uri=/attractionRewardPoint?attractionId=b422ea5d-0f15-4a69-8f94-7691ba47e5ea&userId=2f9c4b88-f56c-4b12-9c0b-4f443e947e9a, connection=PooledConnection{channel=[id: 0x2eee126f, L:/127.0.0.1:52053 - R:localhost/127.0.0.1:8084]}}, [disconnecting])
15:53:18.804 [reactor-http-nio-47] DEBUG reactor.netty.resources.PooledConnectionProvider - [id: 0x2eee126f, L:/127.0.0.1:52053 - R:localhost/127.0.0.1:8084] Releasing channel
15:53:18.804 [reactor-http-nio-47] DEBUG reactor.netty.resources.PooledConnectionProvider - [id: 0x2eee126f, L:/127.0.0.1:52053 - R:localhost/127.0.0.1:8084] Channel cleaned, now 26 active connections and 55 inactive connections
15:53:18.806 [reactor-http-nio-47] DEBUG reactor.netty.http.client.HttpClientOperations - [id: 0x3ff36d54, L:/127.0.0.1:52030 - R:localhost/127.0.0.1:8084] Received response (auto-read:false) : [Content-Type=application/json, Transfer-Encoding=chunked, Date=Wed, 15 Jun 2022 14:53:18 GMT]
15:53:18.806 [reactor-http-nio-47] DEBUG reactor.netty.resources.PooledConnectionProvider - [id: 0x3ff36d54, L:/127.0.0.1:52030 - R:localhost/127.0.0.1:8084] onStateChange(GET{uri=/attractionRewardPoint?attractionId=7991768b-1ce3-4a0f-9540-e1c4bb498128&userId=bbba9704-2e44-4e72-bdbc-72abee18331c, connection=PooledConnection{channel=[id: 0x3ff36d54, L:/127.0.0.1:52030 - R:localhost/127.0.0.1:8084]}}, [response_received])
15:53:18.806 [reactor-http-nio-47] DEBUG org.springframework.web.reactive.function.client.ExchangeFunctions - [9bafaa6] Response 200 OK
15:53:18.806 [reactor-http-nio-47] DEBUG reactor.netty.channel.FluxReceive - [id: 0x3ff36d54, L:/127.0.0.1:52030 - R:localhost/127.0.0.1:8084] Subscribing inbound receiver [pending: 0, cancelled:false, inboundDone: false]
15:53:18.807 [reactor-http-nio-47] DEBUG reactor.netty.http.client.HttpClientOperations - [id: 0x3ff36d54, L:/127.0.0.1:52030 - R:localhost/127.0.0.1:8084] Received last HTTP packet
15:53:18.807 [reactor-http-nio-47] DEBUG org.springframework.core.codec.StringDecoder - [9bafaa6] Decoded "602"
15:53:18.807 [reactor-http-nio-47] DEBUG reactor.netty.resources.PooledConnectionProvider - [id: 0x3ff36d54, L:/127.0.0.1:52030 - R:localhost/127.0.0.1:8084] onStateChange(GET{uri=/attractionRewardPoint?attractionId=7991768b-1ce3-4a0f-9540-e1c4bb498128&userId=bbba9704-2e44-4e72-bdbc-72abee18331c, connection=PooledConnection{channel=[id: 0x3ff36d54, L:/127.0.0.1:52030 - R:localhost/127.0.0.1:8084]}}, [disconnecting])
15:53:18.807 [reactor-http-nio-47] DEBUG reactor.netty.resources.PooledConnectionProvider - [id: 0x3ff36d54, L:/127.0.0.1:52030 - R:localhost/127.0.0.1:8084] Releasing channel
15:53:18.807 [reactor-http-nio-47] DEBUG reactor.netty.resources.PooledConnectionProvider - [id: 0x3ff36d54, L:/127.0.0.1:52030 - R:localhost/127.0.0.1:8084] Channel cleaned, now 25 active connections and 56 inactive connections
15:53:18.815 [reactor-http-nio-47] DEBUG reactor.netty.http.client.HttpClientOperations - [id: 0xe671b81a, L:/127.0.0.1:51698 - R:localhost/127.0.0.1:8083] Received response (auto-read:false) : [Content-Type=application/json, Transfer-Encoding=chunked, Date=Wed, 15 Jun 2022 14:53:18 GMT]
15:53:18.815 [reactor-http-nio-47] DEBUG reactor.netty.resources.PooledConnectionProvider - [id: 0xe671b81a, L:/127.0.0.1:51698 - R:localhost/127.0.0.1:8083] onStateChange(GET{uri=/attractions, connection=PooledConnection{channel=[id: 0xe671b81a, L:/127.0.0.1:51698 - R:localhost/127.0.0.1:8083]}}, [response_received])
15:53:18.815 [reactor-http-nio-47] DEBUG org.springframework.web.reactive.function.client.ExchangeFunctions - [7ddd84b5] Response 200 OK
15:53:18.815 [reactor-http-nio-47] DEBUG reactor.netty.channel.FluxReceive - [id: 0xe671b81a, L:/127.0.0.1:51698 - R:localhost/127.0.0.1:8083] Subscribing inbound receiver [pending: 0, cancelled:false, inboundDone: false]
15:53:18.815 [reactor-http-nio-47] DEBUG reactor.netty.http.client.HttpClientOperations - [id: 0xe671b81a, L:/127.0.0.1:51698 - R:localhost/127.0.0.1:8083] Received last HTTP packet
15:53:18.815 [reactor-http-nio-47] DEBUG org.springframework.core.codec.StringDecoder - [7ddd84b5] Decoded "[{"longitude":-117.922008,"latitude":33.817595,"attractionName":"Disneyland","city":"Anaheim","stat (truncated)...
15:53:18.816 [reactor-http-nio-47] DEBUG reactor.netty.resources.PooledConnectionProvider - [id: 0xe671b81a, L:/127.0.0.1:51698 - R:localhost/127.0.0.1:8083] onStateChange(GET{uri=/attractions, connection=PooledConnection{channel=[id: 0xe671b81a, L:/127.0.0.1:51698 - R:localhost/127.0.0.1:8083]}}, [disconnecting])
15:53:18.816 [reactor-http-nio-47] DEBUG reactor.netty.resources.PooledConnectionProvider - [id: 0xe671b81a, L:/127.0.0.1:51698 - R:localhost/127.0.0.1:8083] Releasing channel
15:53:18.816 [reactor-http-nio-47] DEBUG reactor.netty.resources.PooledConnectionProvider - [id: 0xe671b81a, L:/127.0.0.1:51698 - R:localhost/127.0.0.1:8083] Channel cleaned, now 0 active connections and 301 inactive connections
15:53:18.817 [Test worker] DEBUG org.springframework.web.reactive.function.client.ExchangeFunctions - [73aeef7d] HTTP GET http://localhost:8083/attractions
15:53:18.820 [reactor-http-nio-41] DEBUG reactor.netty.resources.PooledConnectionProvider - [id: 0x6c6e06d1, L:/127.0.0.1:51760 - R:localhost/127.0.0.1:8083] Channel acquired, now 1 active connections and 300 inactive connections
15:53:18.820 [reactor-http-nio-41] DEBUG reactor.netty.http.client.HttpClientConnect - [id: 0x6c6e06d1, L:/127.0.0.1:51760 - R:localhost/127.0.0.1:8083] Handler is being applied: {uri=http://localhost:8083/attractions, method=GET}
15:53:18.821 [reactor-http-nio-41] DEBUG reactor.netty.resources.PooledConnectionProvider - [id: 0x6c6e06d1, L:/127.0.0.1:51760 - R:localhost/127.0.0.1:8083] onStateChange(GET{uri=/attractions, connection=PooledConnection{channel=[id: 0x6c6e06d1, L:/127.0.0.1:51760 - R:localhost/127.0.0.1:8083]}}, [request_sent])
15:53:18.826 [reactor-http-nio-41] DEBUG reactor.netty.http.client.HttpClientOperations - [id: 0x26d70b41, L:/127.0.0.1:52023 - R:localhost/127.0.0.1:8084] Received response (auto-read:false) : [Content-Type=application/json, Transfer-Encoding=chunked, Date=Wed, 15 Jun 2022 14:53:18 GMT]
15:53:18.826 [reactor-http-nio-41] DEBUG reactor.netty.resources.PooledConnectionProvider - [id: 0x26d70b41, L:/127.0.0.1:52023 - R:localhost/127.0.0.1:8084] onStateChange(GET{uri=/attractionRewardPoint?attractionId=11417ccc-5047-4ebc-9aa1-e5f1b09dbaf6&userId=82b29bb7-3818-4c7e-a650-0ae9da3921af, connection=PooledConnection{channel=[id: 0x26d70b41, L:/127.0.0.1:52023 - R:localhost/127.0.0.1:8084]}}, [response_received])
15:53:18.826 [reactor-http-nio-41] DEBUG org.springframework.web.reactive.function.client.ExchangeFunctions - [77a81c11] Response 200 OK
15:53:18.826 [reactor-http-nio-41] DEBUG reactor.netty.channel.FluxReceive - [id: 0x26d70b41, L:/127.0.0.1:52023 - R:localhost/127.0.0.1:8084] Subscribing inbound receiver [pending: 0, cancelled:false, inboundDone: false]
15:53:18.827 [reactor-http-nio-41] DEBUG reactor.netty.http.client.HttpClientOperations - [id: 0x26d70b41, L:/127.0.0.1:52023 - R:localhost/127.0.0.1:8084] Received last HTTP packet
15:53:18.827 [reactor-http-nio-41] DEBUG org.springframework.core.codec.StringDecoder - [77a81c11] Decoded "815"
15:53:18.827 [reactor-http-nio-41] DEBUG reactor.netty.resources.PooledConnectionProvider - [id: 0x26d70b41, L:/127.0.0.1:52023 - R:localhost/127.0.0.1:8084] onStateChange(GET{uri=/attractionRewardPoint?attractionId=11417ccc-5047-4ebc-9aa1-e5f1b09dbaf6&userId=82b29bb7-3818-4c7e-a650-0ae9da3921af, connection=PooledConnection{channel=[id: 0x26d70b41, L:/127.0.0.1:52023 - R:localhost/127.0.0.1:8084]}}, [disconnecting])
15:53:18.827 [reactor-http-nio-41] DEBUG reactor.netty.resources.PooledConnectionProvider - [id: 0x26d70b41, L:/127.0.0.1:52023 - R:localhost/127.0.0.1:8084] Releasing channel
15:53:18.827 [reactor-http-nio-41] DEBUG reactor.netty.resources.PooledConnectionProvider - [id: 0x26d70b41, L:/127.0.0.1:52023 - R:localhost/127.0.0.1:8084] Channel cleaned, now 24 active connections and 57 inactive connections
15:53:18.834 [reactor-http-nio-48] DEBUG reactor.netty.http.client.HttpClientOperations - [id: 0xf602db2c, L:/127.0.0.1:52015 - R:localhost/127.0.0.1:8084] Received response (auto-read:false) : [Content-Type=application/json, Transfer-Encoding=chunked, Date=Wed, 15 Jun 2022 14:53:18 GMT]
15:53:18.834 [reactor-http-nio-48] DEBUG reactor.netty.resources.PooledConnectionProvider - [id: 0xf602db2c, L:/127.0.0.1:52015 - R:localhost/127.0.0.1:8084] onStateChange(GET{uri=/attractionRewardPoint?attractionId=cd94ce74-60bf-4638-b3a2-f14043e886a3&userId=7eb57187-2499-4fcb-adcb-1990d1edbc40, connection=PooledConnection{channel=[id: 0xf602db2c, L:/127.0.0.1:52015 - R:localhost/127.0.0.1:8084]}}, [response_received])
15:53:18.834 [reactor-http-nio-48] DEBUG org.springframework.web.reactive.function.client.ExchangeFunctions - [12f9f46c] Response 200 OK
15:53:18.834 [reactor-http-nio-48] DEBUG reactor.netty.channel.FluxReceive - [id: 0xf602db2c, L:/127.0.0.1:52015 - R:localhost/127.0.0.1:8084] Subscribing inbound receiver [pending: 0, cancelled:false, inboundDone: false]
15:53:18.834 [reactor-http-nio-48] DEBUG reactor.netty.http.client.HttpClientOperations - [id: 0xf602db2c, L:/127.0.0.1:52015 - R:localhost/127.0.0.1:8084] Received last HTTP packet
15:53:18.835 [reactor-http-nio-48] DEBUG org.springframework.core.codec.StringDecoder - [12f9f46c] Decoded "76"
15:53:18.835 [reactor-http-nio-48] DEBUG reactor.netty.resources.PooledConnectionProvider - [id: 0xf602db2c, L:/127.0.0.1:52015 - R:localhost/127.0.0.1:8084] onStateChange(GET{uri=/attractionRewardPoint?attractionId=cd94ce74-60bf-4638-b3a2-f14043e886a3&userId=7eb57187-2499-4fcb-adcb-1990d1edbc40, connection=PooledConnection{channel=[id: 0xf602db2c, L:/127.0.0.1:52015 - R:localhost/127.0.0.1:8084]}}, [disconnecting])
15:53:18.835 [reactor-http-nio-48] DEBUG reactor.netty.resources.PooledConnectionProvider - [id: 0xf602db2c, L:/127.0.0.1:52015 - R:localhost/127.0.0.1:8084] Releasing channel
15:53:18.835 [reactor-http-nio-48] DEBUG reactor.netty.resources.PooledConnectionProvider - [id: 0xf602db2c, L:/127.0.0.1:52015 - R:localhost/127.0.0.1:8084] Channel cleaned, now 23 active connections and 58 inactive connections
15:53:18.836 [reactor-http-nio-41] DEBUG reactor.netty.http.client.HttpClientOperations - [id: 0x6c6e06d1, L:/127.0.0.1:51760 - R:localhost/127.0.0.1:8083] Received response (auto-read:false) : [Content-Type=application/json, Transfer-Encoding=chunked, Date=Wed, 15 Jun 2022 14:53:18 GMT]
15:53:18.836 [reactor-http-nio-41] DEBUG reactor.netty.resources.PooledConnectionProvider - [id: 0x6c6e06d1, L:/127.0.0.1:51760 - R:localhost/127.0.0.1:8083] onStateChange(GET{uri=/attractions, connection=PooledConnection{channel=[id: 0x6c6e06d1, L:/127.0.0.1:51760 - R:localhost/127.0.0.1:8083]}}, [response_received])
15:53:18.836 [reactor-http-nio-41] DEBUG org.springframework.web.reactive.function.client.ExchangeFunctions - [73aeef7d] Response 200 OK
15:53:18.837 [reactor-http-nio-41] DEBUG reactor.netty.channel.FluxReceive - [id: 0x6c6e06d1, L:/127.0.0.1:51760 - R:localhost/127.0.0.1:8083] Subscribing inbound receiver [pending: 0, cancelled:false, inboundDone: false]
15:53:18.837 [reactor-http-nio-41] DEBUG reactor.netty.http.client.HttpClientOperations - [id: 0x6c6e06d1, L:/127.0.0.1:51760 - R:localhost/127.0.0.1:8083] Received last HTTP packet
15:53:18.837 [reactor-http-nio-41] DEBUG org.springframework.core.codec.StringDecoder - [73aeef7d] Decoded "[{"longitude":-117.922008,"latitude":33.817595,"attractionName":"Disneyland","city":"Anaheim","stat (truncated)...
15:53:18.837 [reactor-http-nio-41] DEBUG reactor.netty.resources.PooledConnectionProvider - [id: 0x6c6e06d1, L:/127.0.0.1:51760 - R:localhost/127.0.0.1:8083] onStateChange(GET{uri=/attractions, connection=PooledConnection{channel=[id: 0x6c6e06d1, L:/127.0.0.1:51760 - R:localhost/127.0.0.1:8083]}}, [disconnecting])
15:53:18.837 [reactor-http-nio-41] DEBUG reactor.netty.resources.PooledConnectionProvider - [id: 0x6c6e06d1, L:/127.0.0.1:51760 - R:localhost/127.0.0.1:8083] Releasing channel
15:53:18.837 [reactor-http-nio-41] DEBUG reactor.netty.resources.PooledConnectionProvider - [id: 0x6c6e06d1, L:/127.0.0.1:51760 - R:localhost/127.0.0.1:8083] Channel cleaned, now 0 active connections and 301 inactive connections
15:53:18.839 [Test worker] DEBUG org.springframework.web.reactive.function.client.ExchangeFunctions - [58af5076] HTTP GET http://localhost:8083/attractions
15:53:18.839 [pool-4-thread-108] DEBUG org.springframework.web.reactive.function.client.ExchangeFunctions - [46eac1c5] HTTP GET http://localhost:8084/attractionRewardPoint?attractionId=99a62f2e-4d3d-4849-b8bf-9bc29387eff6&userId=69b999b4-96bf-4513-85fb-d346fdb56545
15:53:18.841 [reactor-http-nio-48] DEBUG reactor.netty.resources.PooledConnectionProvider - [id: 0xc9e9c258, L:/127.0.0.1:51995 - R:localhost/127.0.0.1:8084] Channel acquired, now 24 active connections and 57 inactive connections
15:53:18.841 [reactor-http-nio-48] DEBUG reactor.netty.http.client.HttpClientConnect - [id: 0xc9e9c258, L:/127.0.0.1:51995 - R:localhost/127.0.0.1:8084] Handler is being applied: {uri=http://localhost:8084/attractionRewardPoint?attractionId=99a62f2e-4d3d-4849-b8bf-9bc29387eff6&userId=69b999b4-96bf-4513-85fb-d346fdb56545, method=GET}
15:53:18.841 [reactor-http-nio-41] DEBUG reactor.netty.resources.PooledConnectionProvider - [id: 0xa255a56d, L:/127.0.0.1:51733 - R:localhost/127.0.0.1:8083] Channel acquired, now 1 active connections and 300 inactive connections
15:53:18.841 [reactor-http-nio-41] DEBUG reactor.netty.http.client.HttpClientConnect - [id: 0xa255a56d, L:/127.0.0.1:51733 - R:localhost/127.0.0.1:8083] Handler is being applied: {uri=http://localhost:8083/attractions, method=GET}
15:53:18.842 [reactor-http-nio-48] DEBUG reactor.netty.resources.PooledConnectionProvider - [id: 0xc9e9c258, L:/127.0.0.1:51995 - R:localhost/127.0.0.1:8084] onStateChange(GET{uri=/attractionRewardPoint?attractionId=99a62f2e-4d3d-4849-b8bf-9bc29387eff6&userId=69b999b4-96bf-4513-85fb-d346fdb56545, connection=PooledConnection{channel=[id: 0xc9e9c258, L:/127.0.0.1:51995 - R:localhost/127.0.0.1:8084]}}, [request_sent])
15:53:18.842 [reactor-http-nio-41] DEBUG reactor.netty.resources.PooledConnectionProvider - [id: 0xa255a56d, L:/127.0.0.1:51733 - R:localhost/127.0.0.1:8083] onStateChange(GET{uri=/attractions, connection=PooledConnection{channel=[id: 0xa255a56d, L:/127.0.0.1:51733 - R:localhost/127.0.0.1:8083]}}, [request_sent])
15:53:18.843 [reactor-http-nio-41] DEBUG reactor.netty.http.client.HttpClientOperations - [id: 0xc5e5b174, L:/127.0.0.1:52038 - R:localhost/127.0.0.1:8084] Received response (auto-read:false) : [Content-Type=application/json, Transfer-Encoding=chunked, Date=Wed, 15 Jun 2022 14:53:18 GMT]
15:53:18.843 [reactor-http-nio-41] DEBUG reactor.netty.resources.PooledConnectionProvider - [id: 0xc5e5b174, L:/127.0.0.1:52038 - R:localhost/127.0.0.1:8084] onStateChange(GET{uri=/attractionRewardPoint?attractionId=8d471aff-6b0c-47fd-835e-57ce414e9bac&userId=de83508a-4c4c-41c3-8bb1-d9c6cc6043f4, connection=PooledConnection{channel=[id: 0xc5e5b174, L:/127.0.0.1:52038 - R:localhost/127.0.0.1:8084]}}, [response_received])
15:53:18.843 [reactor-http-nio-41] DEBUG org.springframework.web.reactive.function.client.ExchangeFunctions - [5fcf307e] Response 200 OK
15:53:18.843 [reactor-http-nio-41] DEBUG reactor.netty.channel.FluxReceive - [id: 0xc5e5b174, L:/127.0.0.1:52038 - R:localhost/127.0.0.1:8084] Subscribing inbound receiver [pending: 0, cancelled:false, inboundDone: false]
15:53:18.843 [reactor-http-nio-41] DEBUG reactor.netty.http.client.HttpClientOperations - [id: 0xc5e5b174, L:/127.0.0.1:52038 - R:localhost/127.0.0.1:8084] Received last HTTP packet
15:53:18.843 [reactor-http-nio-41] DEBUG org.springframework.core.codec.StringDecoder - [5fcf307e] Decoded "472"
15:53:18.843 [reactor-http-nio-41] DEBUG reactor.netty.resources.PooledConnectionProvider - [id: 0xc5e5b174, L:/127.0.0.1:52038 - R:localhost/127.0.0.1:8084] onStateChange(GET{uri=/attractionRewardPoint?attractionId=8d471aff-6b0c-47fd-835e-57ce414e9bac&userId=de83508a-4c4c-41c3-8bb1-d9c6cc6043f4, connection=PooledConnection{channel=[id: 0xc5e5b174, L:/127.0.0.1:52038 - R:localhost/127.0.0.1:8084]}}, [disconnecting])
15:53:18.843 [reactor-http-nio-41] DEBUG reactor.netty.resources.PooledConnectionProvider - [id: 0xc5e5b174, L:/127.0.0.1:52038 - R:localhost/127.0.0.1:8084] Releasing channel
15:53:18.843 [reactor-http-nio-41] DEBUG reactor.netty.resources.PooledConnectionProvider - [id: 0xc5e5b174, L:/127.0.0.1:52038 - R:localhost/127.0.0.1:8084] Channel cleaned, now 23 active connections and 58 inactive connections
15:53:18.847 [reactor-http-nio-48] DEBUG reactor.netty.http.client.HttpClientOperations - [id: 0x5aa059bb, L:/127.0.0.1:52006 - R:localhost/127.0.0.1:8084] Received response (auto-read:false) : [Content-Type=application/json, Transfer-Encoding=chunked, Date=Wed, 15 Jun 2022 14:53:18 GMT]
15:53:18.847 [reactor-http-nio-48] DEBUG reactor.netty.resources.PooledConnectionProvider - [id: 0x5aa059bb, L:/127.0.0.1:52006 - R:localhost/127.0.0.1:8084] onStateChange(GET{uri=/attractionRewardPoint?attractionId=4f33aae0-e63a-4306-acc6-61781eabab12&userId=9aa32115-820b-4b66-9458-7e4bf8aa7c97, connection=PooledConnection{channel=[id: 0x5aa059bb, L:/127.0.0.1:52006 - R:localhost/127.0.0.1:8084]}}, [response_received])
15:53:18.847 [reactor-http-nio-48] DEBUG org.springframework.web.reactive.function.client.ExchangeFunctions - [5a7a680b] Response 200 OK
15:53:18.847 [reactor-http-nio-48] DEBUG reactor.netty.channel.FluxReceive - [id: 0x5aa059bb, L:/127.0.0.1:52006 - R:localhost/127.0.0.1:8084] Subscribing inbound receiver [pending: 0, cancelled:false, inboundDone: false]
15:53:18.847 [reactor-http-nio-48] DEBUG reactor.netty.http.client.HttpClientOperations - [id: 0x5aa059bb, L:/127.0.0.1:52006 - R:localhost/127.0.0.1:8084] Received last HTTP packet
15:53:18.848 [reactor-http-nio-48] DEBUG org.springframework.core.codec.StringDecoder - [5a7a680b] Decoded "111"
15:53:18.848 [reactor-http-nio-48] DEBUG reactor.netty.resources.PooledConnectionProvider - [id: 0x5aa059bb, L:/127.0.0.1:52006 - R:localhost/127.0.0.1:8084] onStateChange(GET{uri=/attractionRewardPoint?attractionId=4f33aae0-e63a-4306-acc6-61781eabab12&userId=9aa32115-820b-4b66-9458-7e4bf8aa7c97, connection=PooledConnection{channel=[id: 0x5aa059bb, L:/127.0.0.1:52006 - R:localhost/127.0.0.1:8084]}}, [disconnecting])
15:53:18.848 [reactor-http-nio-48] DEBUG reactor.netty.resources.PooledConnectionProvider - [id: 0x5aa059bb, L:/127.0.0.1:52006 - R:localhost/127.0.0.1:8084] Releasing channel
15:53:18.848 [reactor-http-nio-48] DEBUG reactor.netty.resources.PooledConnectionProvider - [id: 0x5aa059bb, L:/127.0.0.1:52006 - R:localhost/127.0.0.1:8084] Channel cleaned, now 22 active connections and 59 inactive connections
15:53:18.856 [reactor-http-nio-41] DEBUG reactor.netty.http.client.HttpClientOperations - [id: 0xa255a56d, L:/127.0.0.1:51733 - R:localhost/127.0.0.1:8083] Received response (auto-read:false) : [Content-Type=application/json, Transfer-Encoding=chunked, Date=Wed, 15 Jun 2022 14:53:18 GMT]
15:53:18.856 [reactor-http-nio-41] DEBUG reactor.netty.resources.PooledConnectionProvider - [id: 0xa255a56d, L:/127.0.0.1:51733 - R:localhost/127.0.0.1:8083] onStateChange(GET{uri=/attractions, connection=PooledConnection{channel=[id: 0xa255a56d, L:/127.0.0.1:51733 - R:localhost/127.0.0.1:8083]}}, [response_received])
15:53:18.857 [reactor-http-nio-41] DEBUG org.springframework.web.reactive.function.client.ExchangeFunctions - [58af5076] Response 200 OK
15:53:18.857 [reactor-http-nio-41] DEBUG reactor.netty.channel.FluxReceive - [id: 0xa255a56d, L:/127.0.0.1:51733 - R:localhost/127.0.0.1:8083] Subscribing inbound receiver [pending: 0, cancelled:false, inboundDone: false]
15:53:18.857 [reactor-http-nio-41] DEBUG reactor.netty.http.client.HttpClientOperations - [id: 0xa255a56d, L:/127.0.0.1:51733 - R:localhost/127.0.0.1:8083] Received last HTTP packet
15:53:18.857 [reactor-http-nio-41] DEBUG org.springframework.core.codec.StringDecoder - [58af5076] Decoded "[{"longitude":-117.922008,"latitude":33.817595,"attractionName":"Disneyland","city":"Anaheim","stat (truncated)...
15:53:18.857 [reactor-http-nio-41] DEBUG reactor.netty.resources.PooledConnectionProvider - [id: 0xa255a56d, L:/127.0.0.1:51733 - R:localhost/127.0.0.1:8083] onStateChange(GET{uri=/attractions, connection=PooledConnection{channel=[id: 0xa255a56d, L:/127.0.0.1:51733 - R:localhost/127.0.0.1:8083]}}, [disconnecting])
15:53:18.857 [reactor-http-nio-41] DEBUG reactor.netty.resources.PooledConnectionProvider - [id: 0xa255a56d, L:/127.0.0.1:51733 - R:localhost/127.0.0.1:8083] Releasing channel
15:53:18.857 [reactor-http-nio-41] DEBUG reactor.netty.resources.PooledConnectionProvider - [id: 0xa255a56d, L:/127.0.0.1:51733 - R:localhost/127.0.0.1:8083] Channel cleaned, now 0 active connections and 301 inactive connections
15:53:18.860 [Test worker] DEBUG org.springframework.web.reactive.function.client.ExchangeFunctions - [4d9754a8] HTTP GET http://localhost:8083/attractions
15:53:18.862 [pool-4-thread-109] DEBUG org.springframework.web.reactive.function.client.ExchangeFunctions - [cf45546] HTTP GET http://localhost:8084/attractionRewardPoint?attractionId=566eaa5a-884f-4ea5-8768-1bb4821139ce&userId=09a6062c-41d3-43de-a306-620c94551067
15:53:18.863 [reactor-http-nio-46] DEBUG reactor.netty.resources.PooledConnectionProvider - [id: 0xd943badc, L:/127.0.0.1:51811 - R:localhost/127.0.0.1:8083] Channel acquired, now 1 active connections and 300 inactive connections
15:53:18.863 [reactor-http-nio-46] DEBUG reactor.netty.http.client.HttpClientConnect - [id: 0xd943badc, L:/127.0.0.1:51811 - R:localhost/127.0.0.1:8083] Handler is being applied: {uri=http://localhost:8083/attractions, method=GET}
15:53:18.865 [reactor-http-nio-46] DEBUG reactor.netty.resources.PooledConnectionProvider - [id: 0xd943badc, L:/127.0.0.1:51811 - R:localhost/127.0.0.1:8083] onStateChange(GET{uri=/attractions, connection=PooledConnection{channel=[id: 0xd943badc, L:/127.0.0.1:51811 - R:localhost/127.0.0.1:8083]}}, [request_sent])
15:53:18.871 [reactor-http-nio-41] DEBUG reactor.netty.resources.PooledConnectionProvider - [id: 0x05d8a8d8, L:/127.0.0.1:52005 - R:localhost/127.0.0.1:8084] Channel acquired, now 23 active connections and 58 inactive connections
15:53:18.872 [reactor-http-nio-41] DEBUG reactor.netty.http.client.HttpClientConnect - [id: 0x05d8a8d8, L:/127.0.0.1:52005 - R:localhost/127.0.0.1:8084] Handler is being applied: {uri=http://localhost:8084/attractionRewardPoint?attractionId=566eaa5a-884f-4ea5-8768-1bb4821139ce&userId=09a6062c-41d3-43de-a306-620c94551067, method=GET}
15:53:18.872 [reactor-http-nio-41] DEBUG reactor.netty.resources.PooledConnectionProvider - [id: 0x05d8a8d8, L:/127.0.0.1:52005 - R:localhost/127.0.0.1:8084] onStateChange(GET{uri=/attractionRewardPoint?attractionId=566eaa5a-884f-4ea5-8768-1bb4821139ce&userId=09a6062c-41d3-43de-a306-620c94551067, connection=PooledConnection{channel=[id: 0x05d8a8d8, L:/127.0.0.1:52005 - R:localhost/127.0.0.1:8084]}}, [request_sent])
15:53:18.889 [reactor-http-nio-46] DEBUG reactor.netty.http.client.HttpClientOperations - [id: 0xe4bee073, L:/127.0.0.1:52018 - R:localhost/127.0.0.1:8084] Received response (auto-read:false) : [Content-Type=application/json, Transfer-Encoding=chunked, Date=Wed, 15 Jun 2022 14:53:18 GMT]
15:53:18.889 [reactor-http-nio-46] DEBUG reactor.netty.resources.PooledConnectionProvider - [id: 0xe4bee073, L:/127.0.0.1:52018 - R:localhost/127.0.0.1:8084] onStateChange(GET{uri=/attractionRewardPoint?attractionId=615d1428-e91e-46c1-9890-f6e6d3b9c7f2&userId=09a6062c-41d3-43de-a306-620c94551067, connection=PooledConnection{channel=[id: 0xe4bee073, L:/127.0.0.1:52018 - R:localhost/127.0.0.1:8084]}}, [response_received])
15:53:18.889 [reactor-http-nio-46] DEBUG org.springframework.web.reactive.function.client.ExchangeFunctions - [1fb4e4] Response 200 OK
15:53:18.889 [reactor-http-nio-46] DEBUG reactor.netty.channel.FluxReceive - [id: 0xe4bee073, L:/127.0.0.1:52018 - R:localhost/127.0.0.1:8084] Subscribing inbound receiver [pending: 0, cancelled:false, inboundDone: false]
15:53:18.889 [reactor-http-nio-46] DEBUG reactor.netty.http.client.HttpClientOperations - [id: 0xe4bee073, L:/127.0.0.1:52018 - R:localhost/127.0.0.1:8084] Received last HTTP packet
15:53:18.889 [reactor-http-nio-46] DEBUG org.springframework.core.codec.StringDecoder - [1fb4e4] Decoded "152"
15:53:18.889 [reactor-http-nio-46] DEBUG reactor.netty.resources.PooledConnectionProvider - [id: 0xe4bee073, L:/127.0.0.1:52018 - R:localhost/127.0.0.1:8084] onStateChange(GET{uri=/attractionRewardPoint?attractionId=615d1428-e91e-46c1-9890-f6e6d3b9c7f2&userId=09a6062c-41d3-43de-a306-620c94551067, connection=PooledConnection{channel=[id: 0xe4bee073, L:/127.0.0.1:52018 - R:localhost/127.0.0.1:8084]}}, [disconnecting])
15:53:18.889 [reactor-http-nio-46] DEBUG reactor.netty.resources.PooledConnectionProvider - [id: 0xe4bee073, L:/127.0.0.1:52018 - R:localhost/127.0.0.1:8084] Releasing channel
15:53:18.889 [reactor-http-nio-46] DEBUG reactor.netty.resources.PooledConnectionProvider - [id: 0xe4bee073, L:/127.0.0.1:52018 - R:localhost/127.0.0.1:8084] Channel cleaned, now 22 active connections and 59 inactive connections
15:53:18.891 [reactor-http-nio-46] DEBUG reactor.netty.http.client.HttpClientOperations - [id: 0xd943badc, L:/127.0.0.1:51811 - R:localhost/127.0.0.1:8083] Received response (auto-read:false) : [Content-Type=application/json, Transfer-Encoding=chunked, Date=Wed, 15 Jun 2022 14:53:18 GMT]
15:53:18.891 [reactor-http-nio-46] DEBUG reactor.netty.resources.PooledConnectionProvider - [id: 0xd943badc, L:/127.0.0.1:51811 - R:localhost/127.0.0.1:8083] onStateChange(GET{uri=/attractions, connection=PooledConnection{channel=[id: 0xd943badc, L:/127.0.0.1:51811 - R:localhost/127.0.0.1:8083]}}, [response_received])
15:53:18.891 [reactor-http-nio-46] DEBUG org.springframework.web.reactive.function.client.ExchangeFunctions - [4d9754a8] Response 200 OK
15:53:18.891 [reactor-http-nio-46] DEBUG reactor.netty.channel.FluxReceive - [id: 0xd943badc, L:/127.0.0.1:51811 - R:localhost/127.0.0.1:8083] Subscribing inbound receiver [pending: 0, cancelled:false, inboundDone: false]
15:53:18.892 [reactor-http-nio-46] DEBUG reactor.netty.http.client.HttpClientOperations - [id: 0xd943badc, L:/127.0.0.1:51811 - R:localhost/127.0.0.1:8083] Received last HTTP packet
15:53:18.892 [reactor-http-nio-46] DEBUG org.springframework.core.codec.StringDecoder - [4d9754a8] Decoded "[{"longitude":-117.922008,"latitude":33.817595,"attractionName":"Disneyland","city":"Anaheim","stat (truncated)...
15:53:18.892 [reactor-http-nio-46] DEBUG reactor.netty.resources.PooledConnectionProvider - [id: 0xd943badc, L:/127.0.0.1:51811 - R:localhost/127.0.0.1:8083] onStateChange(GET{uri=/attractions, connection=PooledConnection{channel=[id: 0xd943badc, L:/127.0.0.1:51811 - R:localhost/127.0.0.1:8083]}}, [disconnecting])
15:53:18.892 [reactor-http-nio-46] DEBUG reactor.netty.resources.PooledConnectionProvider - [id: 0xd943badc, L:/127.0.0.1:51811 - R:localhost/127.0.0.1:8083] Releasing channel
15:53:18.892 [reactor-http-nio-46] DEBUG reactor.netty.resources.PooledConnectionProvider - [id: 0xd943badc, L:/127.0.0.1:51811 - R:localhost/127.0.0.1:8083] Channel cleaned, now 0 active connections and 301 inactive connections
15:53:18.893 [Test worker] DEBUG org.springframework.web.reactive.function.client.ExchangeFunctions - [7a3b7122] HTTP GET http://localhost:8083/attractions
15:53:18.895 [reactor-http-nio-48] DEBUG reactor.netty.http.client.HttpClientOperations - [id: 0x8d2de475, L:/127.0.0.1:52025 - R:localhost/127.0.0.1:8084] Received response (auto-read:false) : [Content-Type=application/json, Transfer-Encoding=chunked, Date=Wed, 15 Jun 2022 14:53:18 GMT]
15:53:18.895 [reactor-http-nio-48] DEBUG reactor.netty.resources.PooledConnectionProvider - [id: 0x8d2de475, L:/127.0.0.1:52025 - R:localhost/127.0.0.1:8084] onStateChange(GET{uri=/attractionRewardPoint?attractionId=0c7c4da4-cd9b-4a55-9c09-0ec9fba55b11&userId=caab5cdd-8d0e-4e28-a7f6-743157b1e933, connection=PooledConnection{channel=[id: 0x8d2de475, L:/127.0.0.1:52025 - R:localhost/127.0.0.1:8084]}}, [response_received])
15:53:18.895 [reactor-http-nio-48] DEBUG org.springframework.web.reactive.function.client.ExchangeFunctions - [5851b1c8] Response 200 OK
15:53:18.896 [reactor-http-nio-48] DEBUG reactor.netty.channel.FluxReceive - [id: 0x8d2de475, L:/127.0.0.1:52025 - R:localhost/127.0.0.1:8084] Subscribing inbound receiver [pending: 0, cancelled:false, inboundDone: false]
15:53:18.896 [reactor-http-nio-46] DEBUG reactor.netty.resources.PooledConnectionProvider - [id: 0x04ce75f7, L:/127.0.0.1:51730 - R:localhost/127.0.0.1:8083] Channel acquired, now 1 active connections and 300 inactive connections
15:53:18.896 [reactor-http-nio-46] DEBUG reactor.netty.http.client.HttpClientConnect - [id: 0x04ce75f7, L:/127.0.0.1:51730 - R:localhost/127.0.0.1:8083] Handler is being applied: {uri=http://localhost:8083/attractions, method=GET}
15:53:18.896 [reactor-http-nio-46] DEBUG reactor.netty.resources.PooledConnectionProvider - [id: 0x04ce75f7, L:/127.0.0.1:51730 - R:localhost/127.0.0.1:8083] onStateChange(GET{uri=/attractions, connection=PooledConnection{channel=[id: 0x04ce75f7, L:/127.0.0.1:51730 - R:localhost/127.0.0.1:8083]}}, [request_sent])
15:53:18.900 [reactor-http-nio-48] DEBUG reactor.netty.http.client.HttpClientOperations - [id: 0x8d2de475, L:/127.0.0.1:52025 - R:localhost/127.0.0.1:8084] Received last HTTP packet
15:53:18.900 [reactor-http-nio-48] DEBUG org.springframework.core.codec.StringDecoder - [5851b1c8] Decoded "376"
15:53:18.900 [reactor-http-nio-48] DEBUG reactor.netty.resources.PooledConnectionProvider - [id: 0x8d2de475, L:/127.0.0.1:52025 - R:localhost/127.0.0.1:8084] onStateChange(GET{uri=/attractionRewardPoint?attractionId=0c7c4da4-cd9b-4a55-9c09-0ec9fba55b11&userId=caab5cdd-8d0e-4e28-a7f6-743157b1e933, connection=PooledConnection{channel=[id: 0x8d2de475, L:/127.0.0.1:52025 - R:localhost/127.0.0.1:8084]}}, [disconnecting])
15:53:18.900 [reactor-http-nio-48] DEBUG reactor.netty.resources.PooledConnectionProvider - [id: 0x8d2de475, L:/127.0.0.1:52025 - R:localhost/127.0.0.1:8084] Releasing channel
15:53:18.900 [reactor-http-nio-48] DEBUG reactor.netty.resources.PooledConnectionProvider - [id: 0x8d2de475, L:/127.0.0.1:52025 - R:localhost/127.0.0.1:8084] Channel cleaned, now 21 active connections and 60 inactive connections
15:53:18.918 [reactor-http-nio-46] DEBUG reactor.netty.http.client.HttpClientOperations - [id: 0x04ce75f7, L:/127.0.0.1:51730 - R:localhost/127.0.0.1:8083] Received response (auto-read:false) : [Content-Type=application/json, Transfer-Encoding=chunked, Date=Wed, 15 Jun 2022 14:53:18 GMT]
15:53:18.918 [reactor-http-nio-46] DEBUG reactor.netty.resources.PooledConnectionProvider - [id: 0x04ce75f7, L:/127.0.0.1:51730 - R:localhost/127.0.0.1:8083] onStateChange(GET{uri=/attractions, connection=PooledConnection{channel=[id: 0x04ce75f7, L:/127.0.0.1:51730 - R:localhost/127.0.0.1:8083]}}, [response_received])
15:53:18.918 [reactor-http-nio-46] DEBUG org.springframework.web.reactive.function.client.ExchangeFunctions - [7a3b7122] Response 200 OK
15:53:18.918 [reactor-http-nio-46] DEBUG reactor.netty.channel.FluxReceive - [id: 0x04ce75f7, L:/127.0.0.1:51730 - R:localhost/127.0.0.1:8083] Subscribing inbound receiver [pending: 0, cancelled:false, inboundDone: false]
15:53:18.918 [reactor-http-nio-46] DEBUG reactor.netty.http.client.HttpClientOperations - [id: 0x04ce75f7, L:/127.0.0.1:51730 - R:localhost/127.0.0.1:8083] Received last HTTP packet
15:53:18.918 [reactor-http-nio-46] DEBUG org.springframework.core.codec.StringDecoder - [7a3b7122] Decoded "[{"longitude":-117.922008,"latitude":33.817595,"attractionName":"Disneyland","city":"Anaheim","stat (truncated)...
15:53:18.919 [reactor-http-nio-46] DEBUG reactor.netty.resources.PooledConnectionProvider - [id: 0x04ce75f7, L:/127.0.0.1:51730 - R:localhost/127.0.0.1:8083] onStateChange(GET{uri=/attractions, connection=PooledConnection{channel=[id: 0x04ce75f7, L:/127.0.0.1:51730 - R:localhost/127.0.0.1:8083]}}, [disconnecting])
15:53:18.919 [reactor-http-nio-46] DEBUG reactor.netty.resources.PooledConnectionProvider - [id: 0x04ce75f7, L:/127.0.0.1:51730 - R:localhost/127.0.0.1:8083] Releasing channel
15:53:18.919 [reactor-http-nio-46] DEBUG reactor.netty.resources.PooledConnectionProvider - [id: 0x04ce75f7, L:/127.0.0.1:51730 - R:localhost/127.0.0.1:8083] Channel cleaned, now 0 active connections and 301 inactive connections
15:53:18.919 [Test worker] DEBUG org.springframework.web.reactive.function.client.ExchangeFunctions - [58b5a2f3] HTTP GET http://localhost:8083/attractions
15:53:18.921 [reactor-http-nio-46] DEBUG reactor.netty.resources.PooledConnectionProvider - [id: 0x940aa9d2, L:/127.0.0.1:51728 - R:localhost/127.0.0.1:8083] Channel acquired, now 1 active connections and 300 inactive connections
15:53:18.921 [reactor-http-nio-46] DEBUG reactor.netty.http.client.HttpClientConnect - [id: 0x940aa9d2, L:/127.0.0.1:51728 - R:localhost/127.0.0.1:8083] Handler is being applied: {uri=http://localhost:8083/attractions, method=GET}
15:53:18.922 [reactor-http-nio-46] DEBUG reactor.netty.resources.PooledConnectionProvider - [id: 0x940aa9d2, L:/127.0.0.1:51728 - R:localhost/127.0.0.1:8083] onStateChange(GET{uri=/attractions, connection=PooledConnection{channel=[id: 0x940aa9d2, L:/127.0.0.1:51728 - R:localhost/127.0.0.1:8083]}}, [request_sent])
15:53:18.949 [reactor-http-nio-46] DEBUG reactor.netty.http.client.HttpClientOperations - [id: 0x940aa9d2, L:/127.0.0.1:51728 - R:localhost/127.0.0.1:8083] Received response (auto-read:false) : [Content-Type=application/json, Transfer-Encoding=chunked, Date=Wed, 15 Jun 2022 14:53:18 GMT]
15:53:18.950 [reactor-http-nio-46] DEBUG reactor.netty.resources.PooledConnectionProvider - [id: 0x940aa9d2, L:/127.0.0.1:51728 - R:localhost/127.0.0.1:8083] onStateChange(GET{uri=/attractions, connection=PooledConnection{channel=[id: 0x940aa9d2, L:/127.0.0.1:51728 - R:localhost/127.0.0.1:8083]}}, [response_received])
15:53:18.950 [reactor-http-nio-46] DEBUG org.springframework.web.reactive.function.client.ExchangeFunctions - [58b5a2f3] Response 200 OK
15:53:18.950 [reactor-http-nio-46] DEBUG reactor.netty.channel.FluxReceive - [id: 0x940aa9d2, L:/127.0.0.1:51728 - R:localhost/127.0.0.1:8083] Subscribing inbound receiver [pending: 0, cancelled:false, inboundDone: false]
15:53:18.950 [reactor-http-nio-46] DEBUG reactor.netty.http.client.HttpClientOperations - [id: 0x940aa9d2, L:/127.0.0.1:51728 - R:localhost/127.0.0.1:8083] Received last HTTP packet
15:53:18.950 [reactor-http-nio-46] DEBUG org.springframework.core.codec.StringDecoder - [58b5a2f3] Decoded "[{"longitude":-117.922008,"latitude":33.817595,"attractionName":"Disneyland","city":"Anaheim","stat (truncated)...
15:53:18.950 [reactor-http-nio-46] DEBUG reactor.netty.resources.PooledConnectionProvider - [id: 0x940aa9d2, L:/127.0.0.1:51728 - R:localhost/127.0.0.1:8083] onStateChange(GET{uri=/attractions, connection=PooledConnection{channel=[id: 0x940aa9d2, L:/127.0.0.1:51728 - R:localhost/127.0.0.1:8083]}}, [disconnecting])
15:53:18.950 [reactor-http-nio-46] DEBUG reactor.netty.resources.PooledConnectionProvider - [id: 0x940aa9d2, L:/127.0.0.1:51728 - R:localhost/127.0.0.1:8083] Releasing channel
15:53:18.950 [reactor-http-nio-46] DEBUG reactor.netty.resources.PooledConnectionProvider - [id: 0x940aa9d2, L:/127.0.0.1:51728 - R:localhost/127.0.0.1:8083] Channel cleaned, now 0 active connections and 301 inactive connections
15:53:18.951 [Test worker] DEBUG org.springframework.web.reactive.function.client.ExchangeFunctions - [25f15f50] HTTP GET http://localhost:8083/attractions
15:53:18.952 [reactor-http-nio-41] DEBUG reactor.netty.resources.PooledConnectionProvider - [id: 0xed0ba0e1, L:/127.0.0.1:51752 - R:localhost/127.0.0.1:8083] Channel acquired, now 1 active connections and 300 inactive connections
15:53:18.952 [reactor-http-nio-41] DEBUG reactor.netty.http.client.HttpClientConnect - [id: 0xed0ba0e1, L:/127.0.0.1:51752 - R:localhost/127.0.0.1:8083] Handler is being applied: {uri=http://localhost:8083/attractions, method=GET}
15:53:18.953 [reactor-http-nio-41] DEBUG reactor.netty.resources.PooledConnectionProvider - [id: 0xed0ba0e1, L:/127.0.0.1:51752 - R:localhost/127.0.0.1:8083] onStateChange(GET{uri=/attractions, connection=PooledConnection{channel=[id: 0xed0ba0e1, L:/127.0.0.1:51752 - R:localhost/127.0.0.1:8083]}}, [request_sent])
15:53:18.966 [reactor-http-nio-41] DEBUG reactor.netty.http.client.HttpClientOperations - [id: 0xed0ba0e1, L:/127.0.0.1:51752 - R:localhost/127.0.0.1:8083] Received response (auto-read:false) : [Content-Type=application/json, Transfer-Encoding=chunked, Date=Wed, 15 Jun 2022 14:53:18 GMT]
15:53:18.966 [reactor-http-nio-41] DEBUG reactor.netty.resources.PooledConnectionProvider - [id: 0xed0ba0e1, L:/127.0.0.1:51752 - R:localhost/127.0.0.1:8083] onStateChange(GET{uri=/attractions, connection=PooledConnection{channel=[id: 0xed0ba0e1, L:/127.0.0.1:51752 - R:localhost/127.0.0.1:8083]}}, [response_received])
15:53:18.966 [reactor-http-nio-41] DEBUG org.springframework.web.reactive.function.client.ExchangeFunctions - [25f15f50] Response 200 OK
15:53:18.966 [reactor-http-nio-41] DEBUG reactor.netty.channel.FluxReceive - [id: 0xed0ba0e1, L:/127.0.0.1:51752 - R:localhost/127.0.0.1:8083] Subscribing inbound receiver [pending: 0, cancelled:false, inboundDone: false]
15:53:18.967 [reactor-http-nio-41] DEBUG reactor.netty.http.client.HttpClientOperations - [id: 0xed0ba0e1, L:/127.0.0.1:51752 - R:localhost/127.0.0.1:8083] Received last HTTP packet
15:53:18.967 [reactor-http-nio-41] DEBUG org.springframework.core.codec.StringDecoder - [25f15f50] Decoded "[{"longitude":-117.922008,"latitude":33.817595,"attractionName":"Disneyland","city":"Anaheim","stat (truncated)...
15:53:18.967 [reactor-http-nio-41] DEBUG reactor.netty.resources.PooledConnectionProvider - [id: 0xed0ba0e1, L:/127.0.0.1:51752 - R:localhost/127.0.0.1:8083] onStateChange(GET{uri=/attractions, connection=PooledConnection{channel=[id: 0xed0ba0e1, L:/127.0.0.1:51752 - R:localhost/127.0.0.1:8083]}}, [disconnecting])
15:53:18.967 [reactor-http-nio-41] DEBUG reactor.netty.resources.PooledConnectionProvider - [id: 0xed0ba0e1, L:/127.0.0.1:51752 - R:localhost/127.0.0.1:8083] Releasing channel
15:53:18.967 [reactor-http-nio-41] DEBUG reactor.netty.resources.PooledConnectionProvider - [id: 0xed0ba0e1, L:/127.0.0.1:51752 - R:localhost/127.0.0.1:8083] Channel cleaned, now 0 active connections and 301 inactive connections
15:53:18.968 [Test worker] DEBUG org.springframework.web.reactive.function.client.ExchangeFunctions - [52b46d52] HTTP GET http://localhost:8083/attractions
15:53:18.969 [reactor-http-nio-46] DEBUG reactor.netty.resources.PooledConnectionProvider - [id: 0xad77f6cd, L:/127.0.0.1:51761 - R:localhost/127.0.0.1:8083] Channel acquired, now 1 active connections and 300 inactive connections
15:53:18.969 [reactor-http-nio-46] DEBUG reactor.netty.http.client.HttpClientConnect - [id: 0xad77f6cd, L:/127.0.0.1:51761 - R:localhost/127.0.0.1:8083] Handler is being applied: {uri=http://localhost:8083/attractions, method=GET}
15:53:18.970 [reactor-http-nio-46] DEBUG reactor.netty.resources.PooledConnectionProvider - [id: 0xad77f6cd, L:/127.0.0.1:51761 - R:localhost/127.0.0.1:8083] onStateChange(GET{uri=/attractions, connection=PooledConnection{channel=[id: 0xad77f6cd, L:/127.0.0.1:51761 - R:localhost/127.0.0.1:8083]}}, [request_sent])
15:53:18.972 [reactor-http-nio-41] DEBUG reactor.netty.http.client.HttpClientOperations - [id: 0x1f38058f, L:/127.0.0.1:52050 - R:localhost/127.0.0.1:8084] Received response (auto-read:false) : [Content-Type=application/json, Transfer-Encoding=chunked, Date=Wed, 15 Jun 2022 14:53:18 GMT]
15:53:18.972 [reactor-http-nio-41] DEBUG reactor.netty.resources.PooledConnectionProvider - [id: 0x1f38058f, L:/127.0.0.1:52050 - R:localhost/127.0.0.1:8084] onStateChange(GET{uri=/attractionRewardPoint?attractionId=461fd806-0cf4-481f-95a5-9d6960fbc10e&userId=d78c40a3-469d-464d-9b66-afcfaa052993, connection=PooledConnection{channel=[id: 0x1f38058f, L:/127.0.0.1:52050 - R:localhost/127.0.0.1:8084]}}, [response_received])
15:53:18.972 [reactor-http-nio-41] DEBUG org.springframework.web.reactive.function.client.ExchangeFunctions - [19a84378] Response 200 OK
15:53:18.972 [reactor-http-nio-41] DEBUG reactor.netty.channel.FluxReceive - [id: 0x1f38058f, L:/127.0.0.1:52050 - R:localhost/127.0.0.1:8084] Subscribing inbound receiver [pending: 0, cancelled:false, inboundDone: false]
15:53:18.973 [reactor-http-nio-41] DEBUG reactor.netty.http.client.HttpClientOperations - [id: 0x1f38058f, L:/127.0.0.1:52050 - R:localhost/127.0.0.1:8084] Received last HTTP packet
15:53:18.973 [reactor-http-nio-41] DEBUG org.springframework.core.codec.StringDecoder - [19a84378] Decoded "896"
15:53:18.973 [reactor-http-nio-41] DEBUG reactor.netty.resources.PooledConnectionProvider - [id: 0x1f38058f, L:/127.0.0.1:52050 - R:localhost/127.0.0.1:8084] onStateChange(GET{uri=/attractionRewardPoint?attractionId=461fd806-0cf4-481f-95a5-9d6960fbc10e&userId=d78c40a3-469d-464d-9b66-afcfaa052993, connection=PooledConnection{channel=[id: 0x1f38058f, L:/127.0.0.1:52050 - R:localhost/127.0.0.1:8084]}}, [disconnecting])
15:53:18.973 [reactor-http-nio-41] DEBUG reactor.netty.resources.PooledConnectionProvider - [id: 0x1f38058f, L:/127.0.0.1:52050 - R:localhost/127.0.0.1:8084] Releasing channel
15:53:18.973 [reactor-http-nio-41] DEBUG reactor.netty.resources.PooledConnectionProvider - [id: 0x1f38058f, L:/127.0.0.1:52050 - R:localhost/127.0.0.1:8084] Channel cleaned, now 20 active connections and 61 inactive connections
15:53:18.979 [reactor-http-nio-46] DEBUG reactor.netty.http.client.HttpClientOperations - [id: 0xfca5fd44, L:/127.0.0.1:52060 - R:localhost/127.0.0.1:8084] Received response (auto-read:false) : [Content-Type=application/json, Transfer-Encoding=chunked, Date=Wed, 15 Jun 2022 14:53:18 GMT]
15:53:18.979 [reactor-http-nio-46] DEBUG reactor.netty.resources.PooledConnectionProvider - [id: 0xfca5fd44, L:/127.0.0.1:52060 - R:localhost/127.0.0.1:8084] onStateChange(GET{uri=/attractionRewardPoint?attractionId=a1303c2c-485e-4ff2-9ce8-26ce1c7ccdca&userId=a109cebc-d760-4f13-9685-25b1e1a768dc, connection=PooledConnection{channel=[id: 0xfca5fd44, L:/127.0.0.1:52060 - R:localhost/127.0.0.1:8084]}}, [response_received])
15:53:18.979 [reactor-http-nio-46] DEBUG org.springframework.web.reactive.function.client.ExchangeFunctions - [18e1c668] Response 200 OK
15:53:18.979 [reactor-http-nio-46] DEBUG reactor.netty.channel.FluxReceive - [id: 0xfca5fd44, L:/127.0.0.1:52060 - R:localhost/127.0.0.1:8084] Subscribing inbound receiver [pending: 0, cancelled:false, inboundDone: false]
15:53:18.980 [reactor-http-nio-46] DEBUG reactor.netty.http.client.HttpClientOperations - [id: 0xfca5fd44, L:/127.0.0.1:52060 - R:localhost/127.0.0.1:8084] Received last HTTP packet
15:53:18.980 [reactor-http-nio-46] DEBUG org.springframework.core.codec.StringDecoder - [18e1c668] Decoded "40"
15:53:18.980 [reactor-http-nio-46] DEBUG reactor.netty.resources.PooledConnectionProvider - [id: 0xfca5fd44, L:/127.0.0.1:52060 - R:localhost/127.0.0.1:8084] onStateChange(GET{uri=/attractionRewardPoint?attractionId=a1303c2c-485e-4ff2-9ce8-26ce1c7ccdca&userId=a109cebc-d760-4f13-9685-25b1e1a768dc, connection=PooledConnection{channel=[id: 0xfca5fd44, L:/127.0.0.1:52060 - R:localhost/127.0.0.1:8084]}}, [disconnecting])
15:53:18.980 [reactor-http-nio-46] DEBUG reactor.netty.resources.PooledConnectionProvider - [id: 0xfca5fd44, L:/127.0.0.1:52060 - R:localhost/127.0.0.1:8084] Releasing channel
15:53:18.980 [reactor-http-nio-46] DEBUG reactor.netty.resources.PooledConnectionProvider - [id: 0xfca5fd44, L:/127.0.0.1:52060 - R:localhost/127.0.0.1:8084] Channel cleaned, now 19 active connections and 62 inactive connections
15:53:18.988 [reactor-http-nio-46] DEBUG reactor.netty.http.client.HttpClientOperations - [id: 0xad77f6cd, L:/127.0.0.1:51761 - R:localhost/127.0.0.1:8083] Received response (auto-read:false) : [Content-Type=application/json, Transfer-Encoding=chunked, Date=Wed, 15 Jun 2022 14:53:18 GMT]
15:53:18.988 [reactor-http-nio-46] DEBUG reactor.netty.resources.PooledConnectionProvider - [id: 0xad77f6cd, L:/127.0.0.1:51761 - R:localhost/127.0.0.1:8083] onStateChange(GET{uri=/attractions, connection=PooledConnection{channel=[id: 0xad77f6cd, L:/127.0.0.1:51761 - R:localhost/127.0.0.1:8083]}}, [response_received])
15:53:18.988 [reactor-http-nio-46] DEBUG org.springframework.web.reactive.function.client.ExchangeFunctions - [52b46d52] Response 200 OK
15:53:18.988 [reactor-http-nio-46] DEBUG reactor.netty.channel.FluxReceive - [id: 0xad77f6cd, L:/127.0.0.1:51761 - R:localhost/127.0.0.1:8083] Subscribing inbound receiver [pending: 0, cancelled:false, inboundDone: false]
15:53:18.989 [reactor-http-nio-46] DEBUG reactor.netty.http.client.HttpClientOperations - [id: 0xad77f6cd, L:/127.0.0.1:51761 - R:localhost/127.0.0.1:8083] Received last HTTP packet
15:53:18.989 [reactor-http-nio-46] DEBUG org.springframework.core.codec.StringDecoder - [52b46d52] Decoded "[{"longitude":-117.922008,"latitude":33.817595,"attractionName":"Disneyland","city":"Anaheim","stat (truncated)...
15:53:18.989 [reactor-http-nio-46] DEBUG reactor.netty.resources.PooledConnectionProvider - [id: 0xad77f6cd, L:/127.0.0.1:51761 - R:localhost/127.0.0.1:8083] onStateChange(GET{uri=/attractions, connection=PooledConnection{channel=[id: 0xad77f6cd, L:/127.0.0.1:51761 - R:localhost/127.0.0.1:8083]}}, [disconnecting])
15:53:18.989 [reactor-http-nio-46] DEBUG reactor.netty.resources.PooledConnectionProvider - [id: 0xad77f6cd, L:/127.0.0.1:51761 - R:localhost/127.0.0.1:8083] Releasing channel
15:53:18.989 [reactor-http-nio-46] DEBUG reactor.netty.resources.PooledConnectionProvider - [id: 0xad77f6cd, L:/127.0.0.1:51761 - R:localhost/127.0.0.1:8083] Channel cleaned, now 0 active connections and 301 inactive connections
15:53:18.990 [Test worker] DEBUG org.springframework.web.reactive.function.client.ExchangeFunctions - [7327a447] HTTP GET http://localhost:8083/attractions
15:53:18.993 [reactor-http-nio-41] DEBUG reactor.netty.resources.PooledConnectionProvider - [id: 0x5c46e8f5, L:/127.0.0.1:51758 - R:localhost/127.0.0.1:8083] Channel acquired, now 1 active connections and 300 inactive connections
15:53:18.993 [reactor-http-nio-41] DEBUG reactor.netty.http.client.HttpClientConnect - [id: 0x5c46e8f5, L:/127.0.0.1:51758 - R:localhost/127.0.0.1:8083] Handler is being applied: {uri=http://localhost:8083/attractions, method=GET}
15:53:18.994 [reactor-http-nio-41] DEBUG reactor.netty.resources.PooledConnectionProvider - [id: 0x5c46e8f5, L:/127.0.0.1:51758 - R:localhost/127.0.0.1:8083] onStateChange(GET{uri=/attractions, connection=PooledConnection{channel=[id: 0x5c46e8f5, L:/127.0.0.1:51758 - R:localhost/127.0.0.1:8083]}}, [request_sent])
15:53:18.999 [reactor-http-nio-46] DEBUG reactor.netty.http.client.HttpClientOperations - [id: 0x94deb577, L:/127.0.0.1:52048 - R:localhost/127.0.0.1:8084] Received response (auto-read:false) : [Content-Type=application/json, Transfer-Encoding=chunked, Date=Wed, 15 Jun 2022 14:53:18 GMT]
15:53:18.999 [reactor-http-nio-46] DEBUG reactor.netty.resources.PooledConnectionProvider - [id: 0x94deb577, L:/127.0.0.1:52048 - R:localhost/127.0.0.1:8084] onStateChange(GET{uri=/attractionRewardPoint?attractionId=a5f881e2-4006-459d-be07-80221c590a8e&userId=9aa32115-820b-4b66-9458-7e4bf8aa7c97, connection=PooledConnection{channel=[id: 0x94deb577, L:/127.0.0.1:52048 - R:localhost/127.0.0.1:8084]}}, [response_received])
15:53:18.999 [reactor-http-nio-46] DEBUG org.springframework.web.reactive.function.client.ExchangeFunctions - [13aff5f5] Response 200 OK
15:53:19.000 [reactor-http-nio-46] DEBUG reactor.netty.channel.FluxReceive - [id: 0x94deb577, L:/127.0.0.1:52048 - R:localhost/127.0.0.1:8084] Subscribing inbound receiver [pending: 0, cancelled:false, inboundDone: false]
15:53:19.000 [reactor-http-nio-46] DEBUG reactor.netty.http.client.HttpClientOperations - [id: 0x94deb577, L:/127.0.0.1:52048 - R:localhost/127.0.0.1:8084] Received last HTTP packet
15:53:19.000 [reactor-http-nio-46] DEBUG org.springframework.core.codec.StringDecoder - [13aff5f5] Decoded "724"
15:53:19.000 [reactor-http-nio-46] DEBUG reactor.netty.resources.PooledConnectionProvider - [id: 0x94deb577, L:/127.0.0.1:52048 - R:localhost/127.0.0.1:8084] onStateChange(GET{uri=/attractionRewardPoint?attractionId=a5f881e2-4006-459d-be07-80221c590a8e&userId=9aa32115-820b-4b66-9458-7e4bf8aa7c97, connection=PooledConnection{channel=[id: 0x94deb577, L:/127.0.0.1:52048 - R:localhost/127.0.0.1:8084]}}, [disconnecting])
15:53:19.000 [reactor-http-nio-46] DEBUG reactor.netty.resources.PooledConnectionProvider - [id: 0x94deb577, L:/127.0.0.1:52048 - R:localhost/127.0.0.1:8084] Releasing channel
15:53:19.000 [reactor-http-nio-46] DEBUG reactor.netty.resources.PooledConnectionProvider - [id: 0x94deb577, L:/127.0.0.1:52048 - R:localhost/127.0.0.1:8084] Channel cleaned, now 18 active connections and 63 inactive connections
15:53:19.007 [reactor-http-nio-41] DEBUG reactor.netty.http.client.HttpClientOperations - [id: 0x05d8a8d8, L:/127.0.0.1:52005 - R:localhost/127.0.0.1:8084] Received response (auto-read:false) : [Content-Type=application/json, Transfer-Encoding=chunked, Date=Wed, 15 Jun 2022 14:53:18 GMT]
15:53:19.007 [reactor-http-nio-41] DEBUG reactor.netty.resources.PooledConnectionProvider - [id: 0x05d8a8d8, L:/127.0.0.1:52005 - R:localhost/127.0.0.1:8084] onStateChange(GET{uri=/attractionRewardPoint?attractionId=566eaa5a-884f-4ea5-8768-1bb4821139ce&userId=09a6062c-41d3-43de-a306-620c94551067, connection=PooledConnection{channel=[id: 0x05d8a8d8, L:/127.0.0.1:52005 - R:localhost/127.0.0.1:8084]}}, [response_received])
15:53:19.007 [reactor-http-nio-41] DEBUG org.springframework.web.reactive.function.client.ExchangeFunctions - [cf45546] Response 200 OK
15:53:19.007 [reactor-http-nio-41] DEBUG reactor.netty.channel.FluxReceive - [id: 0x05d8a8d8, L:/127.0.0.1:52005 - R:localhost/127.0.0.1:8084] Subscribing inbound receiver [pending: 0, cancelled:false, inboundDone: false]
15:53:19.008 [reactor-http-nio-41] DEBUG reactor.netty.http.client.HttpClientOperations - [id: 0x05d8a8d8, L:/127.0.0.1:52005 - R:localhost/127.0.0.1:8084] Received last HTTP packet
15:53:19.008 [reactor-http-nio-41] DEBUG org.springframework.core.codec.StringDecoder - [cf45546] Decoded "856"
15:53:19.008 [reactor-http-nio-41] DEBUG reactor.netty.resources.PooledConnectionProvider - [id: 0x05d8a8d8, L:/127.0.0.1:52005 - R:localhost/127.0.0.1:8084] onStateChange(GET{uri=/attractionRewardPoint?attractionId=566eaa5a-884f-4ea5-8768-1bb4821139ce&userId=09a6062c-41d3-43de-a306-620c94551067, connection=PooledConnection{channel=[id: 0x05d8a8d8, L:/127.0.0.1:52005 - R:localhost/127.0.0.1:8084]}}, [disconnecting])
15:53:19.008 [reactor-http-nio-41] DEBUG reactor.netty.resources.PooledConnectionProvider - [id: 0x05d8a8d8, L:/127.0.0.1:52005 - R:localhost/127.0.0.1:8084] Releasing channel
15:53:19.008 [reactor-http-nio-41] DEBUG reactor.netty.resources.PooledConnectionProvider - [id: 0x05d8a8d8, L:/127.0.0.1:52005 - R:localhost/127.0.0.1:8084] Channel cleaned, now 17 active connections and 64 inactive connections
15:53:19.009 [reactor-http-nio-41] DEBUG reactor.netty.http.client.HttpClientOperations - [id: 0x5c46e8f5, L:/127.0.0.1:51758 - R:localhost/127.0.0.1:8083] Received response (auto-read:false) : [Content-Type=application/json, Transfer-Encoding=chunked, Date=Wed, 15 Jun 2022 14:53:18 GMT]
15:53:19.009 [reactor-http-nio-41] DEBUG reactor.netty.resources.PooledConnectionProvider - [id: 0x5c46e8f5, L:/127.0.0.1:51758 - R:localhost/127.0.0.1:8083] onStateChange(GET{uri=/attractions, connection=PooledConnection{channel=[id: 0x5c46e8f5, L:/127.0.0.1:51758 - R:localhost/127.0.0.1:8083]}}, [response_received])
15:53:19.009 [reactor-http-nio-41] DEBUG org.springframework.web.reactive.function.client.ExchangeFunctions - [7327a447] Response 200 OK
15:53:19.010 [reactor-http-nio-41] DEBUG reactor.netty.channel.FluxReceive - [id: 0x5c46e8f5, L:/127.0.0.1:51758 - R:localhost/127.0.0.1:8083] Subscribing inbound receiver [pending: 0, cancelled:false, inboundDone: false]
15:53:19.010 [reactor-http-nio-41] DEBUG reactor.netty.http.client.HttpClientOperations - [id: 0x5c46e8f5, L:/127.0.0.1:51758 - R:localhost/127.0.0.1:8083] Received last HTTP packet
15:53:19.010 [reactor-http-nio-41] DEBUG org.springframework.core.codec.StringDecoder - [7327a447] Decoded "[{"longitude":-117.922008,"latitude":33.817595,"attractionName":"Disneyland","city":"Anaheim","stat (truncated)...
15:53:19.010 [reactor-http-nio-41] DEBUG reactor.netty.resources.PooledConnectionProvider - [id: 0x5c46e8f5, L:/127.0.0.1:51758 - R:localhost/127.0.0.1:8083] onStateChange(GET{uri=/attractions, connection=PooledConnection{channel=[id: 0x5c46e8f5, L:/127.0.0.1:51758 - R:localhost/127.0.0.1:8083]}}, [disconnecting])
15:53:19.010 [reactor-http-nio-41] DEBUG reactor.netty.resources.PooledConnectionProvider - [id: 0x5c46e8f5, L:/127.0.0.1:51758 - R:localhost/127.0.0.1:8083] Releasing channel
15:53:19.010 [reactor-http-nio-41] DEBUG reactor.netty.resources.PooledConnectionProvider - [id: 0x5c46e8f5, L:/127.0.0.1:51758 - R:localhost/127.0.0.1:8083] Channel cleaned, now 0 active connections and 301 inactive connections
15:53:19.012 [Test worker] DEBUG org.springframework.web.reactive.function.client.ExchangeFunctions - [2954f6ab] HTTP GET http://localhost:8083/attractions
15:53:19.014 [reactor-http-nio-46] DEBUG reactor.netty.resources.PooledConnectionProvider - [id: 0xfaf92bf0, L:/127.0.0.1:51817 - R:localhost/127.0.0.1:8083] Channel acquired, now 1 active connections and 300 inactive connections
15:53:19.014 [reactor-http-nio-46] DEBUG reactor.netty.http.client.HttpClientConnect - [id: 0xfaf92bf0, L:/127.0.0.1:51817 - R:localhost/127.0.0.1:8083] Handler is being applied: {uri=http://localhost:8083/attractions, method=GET}
15:53:19.015 [reactor-http-nio-46] DEBUG reactor.netty.resources.PooledConnectionProvider - [id: 0xfaf92bf0, L:/127.0.0.1:51817 - R:localhost/127.0.0.1:8083] onStateChange(GET{uri=/attractions, connection=PooledConnection{channel=[id: 0xfaf92bf0, L:/127.0.0.1:51817 - R:localhost/127.0.0.1:8083]}}, [request_sent])
15:53:19.015 [reactor-http-nio-48] DEBUG reactor.netty.http.client.HttpClientOperations - [id: 0xf21d57cc, L:/127.0.0.1:51993 - R:localhost/127.0.0.1:8084] Received response (auto-read:false) : [Content-Type=application/json, Transfer-Encoding=chunked, Date=Wed, 15 Jun 2022 14:53:18 GMT]
15:53:19.015 [reactor-http-nio-48] DEBUG reactor.netty.resources.PooledConnectionProvider - [id: 0xf21d57cc, L:/127.0.0.1:51993 - R:localhost/127.0.0.1:8084] onStateChange(GET{uri=/attractionRewardPoint?attractionId=11007eee-1fda-49d3-a07e-baeaec94a70d&userId=88c2cb3b-3227-44c2-8f6f-29264039dcf5, connection=PooledConnection{channel=[id: 0xf21d57cc, L:/127.0.0.1:51993 - R:localhost/127.0.0.1:8084]}}, [response_received])
15:53:19.015 [reactor-http-nio-48] DEBUG org.springframework.web.reactive.function.client.ExchangeFunctions - [173459d2] Response 200 OK
15:53:19.016 [reactor-http-nio-48] DEBUG reactor.netty.channel.FluxReceive - [id: 0xf21d57cc, L:/127.0.0.1:51993 - R:localhost/127.0.0.1:8084] Subscribing inbound receiver [pending: 0, cancelled:false, inboundDone: false]
15:53:19.016 [reactor-http-nio-48] DEBUG reactor.netty.http.client.HttpClientOperations - [id: 0xf21d57cc, L:/127.0.0.1:51993 - R:localhost/127.0.0.1:8084] Received last HTTP packet
15:53:19.016 [reactor-http-nio-48] DEBUG org.springframework.core.codec.StringDecoder - [173459d2] Decoded "849"
15:53:19.016 [reactor-http-nio-48] DEBUG reactor.netty.resources.PooledConnectionProvider - [id: 0xf21d57cc, L:/127.0.0.1:51993 - R:localhost/127.0.0.1:8084] onStateChange(GET{uri=/attractionRewardPoint?attractionId=11007eee-1fda-49d3-a07e-baeaec94a70d&userId=88c2cb3b-3227-44c2-8f6f-29264039dcf5, connection=PooledConnection{channel=[id: 0xf21d57cc, L:/127.0.0.1:51993 - R:localhost/127.0.0.1:8084]}}, [disconnecting])
15:53:19.016 [reactor-http-nio-48] DEBUG reactor.netty.resources.PooledConnectionProvider - [id: 0xf21d57cc, L:/127.0.0.1:51993 - R:localhost/127.0.0.1:8084] Releasing channel
15:53:19.016 [reactor-http-nio-48] DEBUG reactor.netty.resources.PooledConnectionProvider - [id: 0xf21d57cc, L:/127.0.0.1:51993 - R:localhost/127.0.0.1:8084] Channel cleaned, now 16 active connections and 65 inactive connections
15:53:19.016 [pool-4-thread-110] DEBUG org.springframework.web.reactive.function.client.ExchangeFunctions - [7dc82eb5] HTTP GET http://localhost:8084/attractionRewardPoint?attractionId=281c5005-30eb-4332-ade7-c50c840ec9f5&userId=09ba93de-bb45-48fd-9a9c-12d97c598215
15:53:19.017 [reactor-http-nio-41] DEBUG reactor.netty.resources.PooledConnectionProvider - [id: 0x0202bea6, L:/127.0.0.1:52046 - R:localhost/127.0.0.1:8084] Channel acquired, now 17 active connections and 64 inactive connections
15:53:19.018 [reactor-http-nio-41] DEBUG reactor.netty.http.client.HttpClientConnect - [id: 0x0202bea6, L:/127.0.0.1:52046 - R:localhost/127.0.0.1:8084] Handler is being applied: {uri=http://localhost:8084/attractionRewardPoint?attractionId=281c5005-30eb-4332-ade7-c50c840ec9f5&userId=09ba93de-bb45-48fd-9a9c-12d97c598215, method=GET}
15:53:19.018 [reactor-http-nio-41] DEBUG reactor.netty.resources.PooledConnectionProvider - [id: 0x0202bea6, L:/127.0.0.1:52046 - R:localhost/127.0.0.1:8084] onStateChange(GET{uri=/attractionRewardPoint?attractionId=281c5005-30eb-4332-ade7-c50c840ec9f5&userId=09ba93de-bb45-48fd-9a9c-12d97c598215, connection=PooledConnection{channel=[id: 0x0202bea6, L:/127.0.0.1:52046 - R:localhost/127.0.0.1:8084]}}, [request_sent])
15:53:19.047 [reactor-http-nio-46] DEBUG reactor.netty.http.client.HttpClientOperations - [id: 0x4f70a99a, L:/127.0.0.1:52004 - R:localhost/127.0.0.1:8084] Received response (auto-read:false) : [Content-Type=application/json, Transfer-Encoding=chunked, Date=Wed, 15 Jun 2022 14:53:18 GMT]
15:53:19.047 [reactor-http-nio-48] DEBUG reactor.netty.http.client.HttpClientOperations - [id: 0x91a06532, L:/127.0.0.1:51991 - R:localhost/127.0.0.1:8084] Received response (auto-read:false) : [Content-Type=application/json, Transfer-Encoding=chunked, Date=Wed, 15 Jun 2022 14:53:18 GMT]
15:53:19.047 [reactor-http-nio-46] DEBUG reactor.netty.resources.PooledConnectionProvider - [id: 0x4f70a99a, L:/127.0.0.1:52004 - R:localhost/127.0.0.1:8084] onStateChange(GET{uri=/attractionRewardPoint?attractionId=8fcc2cdf-4dc4-4c23-805a-41f46dbbe464&userId=e5cf1ab7-4505-4e2b-aeb7-ec58e5252d83, connection=PooledConnection{channel=[id: 0x4f70a99a, L:/127.0.0.1:52004 - R:localhost/127.0.0.1:8084]}}, [response_received])
15:53:19.047 [reactor-http-nio-48] DEBUG reactor.netty.resources.PooledConnectionProvider - [id: 0x91a06532, L:/127.0.0.1:51991 - R:localhost/127.0.0.1:8084] onStateChange(GET{uri=/attractionRewardPoint?attractionId=daa02552-4811-4814-b61d-4186116607a8&userId=13e3d617-c848-411f-b435-d04ad599b9b5, connection=PooledConnection{channel=[id: 0x91a06532, L:/127.0.0.1:51991 - R:localhost/127.0.0.1:8084]}}, [response_received])
15:53:19.047 [reactor-http-nio-48] DEBUG org.springframework.web.reactive.function.client.ExchangeFunctions - [59fc1a10] Response 200 OK
15:53:19.047 [reactor-http-nio-46] DEBUG org.springframework.web.reactive.function.client.ExchangeFunctions - [3ce8ffc] Response 200 OK
15:53:19.047 [reactor-http-nio-48] DEBUG reactor.netty.channel.FluxReceive - [id: 0x91a06532, L:/127.0.0.1:51991 - R:localhost/127.0.0.1:8084] Subscribing inbound receiver [pending: 0, cancelled:false, inboundDone: false]
15:53:19.047 [reactor-http-nio-46] DEBUG reactor.netty.channel.FluxReceive - [id: 0x4f70a99a, L:/127.0.0.1:52004 - R:localhost/127.0.0.1:8084] Subscribing inbound receiver [pending: 0, cancelled:false, inboundDone: false]
15:53:19.048 [reactor-http-nio-46] DEBUG reactor.netty.http.client.HttpClientOperations - [id: 0x4f70a99a, L:/127.0.0.1:52004 - R:localhost/127.0.0.1:8084] Received last HTTP packet
15:53:19.048 [reactor-http-nio-46] DEBUG org.springframework.core.codec.StringDecoder - [3ce8ffc] Decoded "224"
15:53:19.048 [reactor-http-nio-46] DEBUG reactor.netty.resources.PooledConnectionProvider - [id: 0x4f70a99a, L:/127.0.0.1:52004 - R:localhost/127.0.0.1:8084] onStateChange(GET{uri=/attractionRewardPoint?attractionId=8fcc2cdf-4dc4-4c23-805a-41f46dbbe464&userId=e5cf1ab7-4505-4e2b-aeb7-ec58e5252d83, connection=PooledConnection{channel=[id: 0x4f70a99a, L:/127.0.0.1:52004 - R:localhost/127.0.0.1:8084]}}, [disconnecting])
15:53:19.048 [reactor-http-nio-46] DEBUG reactor.netty.resources.PooledConnectionProvider - [id: 0x4f70a99a, L:/127.0.0.1:52004 - R:localhost/127.0.0.1:8084] Releasing channel
15:53:19.048 [reactor-http-nio-46] DEBUG reactor.netty.resources.PooledConnectionProvider - [id: 0x4f70a99a, L:/127.0.0.1:52004 - R:localhost/127.0.0.1:8084] Channel cleaned, now 16 active connections and 65 inactive connections
15:53:19.050 [reactor-http-nio-48] DEBUG reactor.netty.http.client.HttpClientOperations - [id: 0x91a06532, L:/127.0.0.1:51991 - R:localhost/127.0.0.1:8084] Received last HTTP packet
15:53:19.050 [reactor-http-nio-48] DEBUG org.springframework.core.codec.StringDecoder - [59fc1a10] Decoded "522"
15:53:19.050 [reactor-http-nio-48] DEBUG reactor.netty.resources.PooledConnectionProvider - [id: 0x91a06532, L:/127.0.0.1:51991 - R:localhost/127.0.0.1:8084] onStateChange(GET{uri=/attractionRewardPoint?attractionId=daa02552-4811-4814-b61d-4186116607a8&userId=13e3d617-c848-411f-b435-d04ad599b9b5, connection=PooledConnection{channel=[id: 0x91a06532, L:/127.0.0.1:51991 - R:localhost/127.0.0.1:8084]}}, [disconnecting])
15:53:19.050 [reactor-http-nio-48] DEBUG reactor.netty.resources.PooledConnectionProvider - [id: 0x91a06532, L:/127.0.0.1:51991 - R:localhost/127.0.0.1:8084] Releasing channel
15:53:19.050 [reactor-http-nio-48] DEBUG reactor.netty.resources.PooledConnectionProvider - [id: 0x91a06532, L:/127.0.0.1:51991 - R:localhost/127.0.0.1:8084] Channel cleaned, now 15 active connections and 66 inactive connections
15:53:19.056 [reactor-http-nio-46] DEBUG reactor.netty.http.client.HttpClientOperations - [id: 0xfaf92bf0, L:/127.0.0.1:51817 - R:localhost/127.0.0.1:8083] Received response (auto-read:false) : [Content-Type=application/json, Transfer-Encoding=chunked, Date=Wed, 15 Jun 2022 14:53:18 GMT]
15:53:19.056 [reactor-http-nio-46] DEBUG reactor.netty.resources.PooledConnectionProvider - [id: 0xfaf92bf0, L:/127.0.0.1:51817 - R:localhost/127.0.0.1:8083] onStateChange(GET{uri=/attractions, connection=PooledConnection{channel=[id: 0xfaf92bf0, L:/127.0.0.1:51817 - R:localhost/127.0.0.1:8083]}}, [response_received])
15:53:19.056 [reactor-http-nio-46] DEBUG org.springframework.web.reactive.function.client.ExchangeFunctions - [2954f6ab] Response 200 OK
15:53:19.056 [reactor-http-nio-46] DEBUG reactor.netty.channel.FluxReceive - [id: 0xfaf92bf0, L:/127.0.0.1:51817 - R:localhost/127.0.0.1:8083] Subscribing inbound receiver [pending: 0, cancelled:false, inboundDone: false]
15:53:19.057 [reactor-http-nio-46] DEBUG reactor.netty.http.client.HttpClientOperations - [id: 0xfaf92bf0, L:/127.0.0.1:51817 - R:localhost/127.0.0.1:8083] Received last HTTP packet
15:53:19.057 [reactor-http-nio-46] DEBUG org.springframework.core.codec.StringDecoder - [2954f6ab] Decoded "[{"longitude":-117.922008,"latitude":33.817595,"attractionName":"Disneyland","city":"Anaheim","stat (truncated)...
15:53:19.057 [reactor-http-nio-46] DEBUG reactor.netty.resources.PooledConnectionProvider - [id: 0xfaf92bf0, L:/127.0.0.1:51817 - R:localhost/127.0.0.1:8083] onStateChange(GET{uri=/attractions, connection=PooledConnection{channel=[id: 0xfaf92bf0, L:/127.0.0.1:51817 - R:localhost/127.0.0.1:8083]}}, [disconnecting])
15:53:19.057 [reactor-http-nio-46] DEBUG reactor.netty.resources.PooledConnectionProvider - [id: 0xfaf92bf0, L:/127.0.0.1:51817 - R:localhost/127.0.0.1:8083] Releasing channel
15:53:19.057 [reactor-http-nio-46] DEBUG reactor.netty.resources.PooledConnectionProvider - [id: 0xfaf92bf0, L:/127.0.0.1:51817 - R:localhost/127.0.0.1:8083] Channel cleaned, now 0 active connections and 301 inactive connections
15:53:19.058 [Test worker] DEBUG org.springframework.web.reactive.function.client.ExchangeFunctions - [58fbd02e] HTTP GET http://localhost:8083/attractions
15:53:19.061 [reactor-http-nio-47] DEBUG reactor.netty.resources.PooledConnectionProvider - [id: 0x9cce547f, L:/127.0.0.1:51834 - R:localhost/127.0.0.1:8083] Channel acquired, now 1 active connections and 300 inactive connections
15:53:19.061 [reactor-http-nio-47] DEBUG reactor.netty.http.client.HttpClientConnect - [id: 0x9cce547f, L:/127.0.0.1:51834 - R:localhost/127.0.0.1:8083] Handler is being applied: {uri=http://localhost:8083/attractions, method=GET}
15:53:19.062 [reactor-http-nio-47] DEBUG reactor.netty.resources.PooledConnectionProvider - [id: 0x9cce547f, L:/127.0.0.1:51834 - R:localhost/127.0.0.1:8083] onStateChange(GET{uri=/attractions, connection=PooledConnection{channel=[id: 0x9cce547f, L:/127.0.0.1:51834 - R:localhost/127.0.0.1:8083]}}, [request_sent])
15:53:19.080 [reactor-http-nio-47] DEBUG reactor.netty.http.client.HttpClientOperations - [id: 0x9cce547f, L:/127.0.0.1:51834 - R:localhost/127.0.0.1:8083] Received response (auto-read:false) : [Content-Type=application/json, Transfer-Encoding=chunked, Date=Wed, 15 Jun 2022 14:53:18 GMT]
15:53:19.080 [reactor-http-nio-47] DEBUG reactor.netty.resources.PooledConnectionProvider - [id: 0x9cce547f, L:/127.0.0.1:51834 - R:localhost/127.0.0.1:8083] onStateChange(GET{uri=/attractions, connection=PooledConnection{channel=[id: 0x9cce547f, L:/127.0.0.1:51834 - R:localhost/127.0.0.1:8083]}}, [response_received])
15:53:19.080 [reactor-http-nio-47] DEBUG org.springframework.web.reactive.function.client.ExchangeFunctions - [58fbd02e] Response 200 OK
15:53:19.080 [reactor-http-nio-47] DEBUG reactor.netty.channel.FluxReceive - [id: 0x9cce547f, L:/127.0.0.1:51834 - R:localhost/127.0.0.1:8083] Subscribing inbound receiver [pending: 0, cancelled:false, inboundDone: false]
15:53:19.080 [reactor-http-nio-47] DEBUG reactor.netty.http.client.HttpClientOperations - [id: 0x9cce547f, L:/127.0.0.1:51834 - R:localhost/127.0.0.1:8083] Received last HTTP packet
15:53:19.080 [reactor-http-nio-47] DEBUG org.springframework.core.codec.StringDecoder - [58fbd02e] Decoded "[{"longitude":-117.922008,"latitude":33.817595,"attractionName":"Disneyland","city":"Anaheim","stat (truncated)...
15:53:19.080 [reactor-http-nio-47] DEBUG reactor.netty.resources.PooledConnectionProvider - [id: 0x9cce547f, L:/127.0.0.1:51834 - R:localhost/127.0.0.1:8083] onStateChange(GET{uri=/attractions, connection=PooledConnection{channel=[id: 0x9cce547f, L:/127.0.0.1:51834 - R:localhost/127.0.0.1:8083]}}, [disconnecting])
15:53:19.080 [reactor-http-nio-47] DEBUG reactor.netty.resources.PooledConnectionProvider - [id: 0x9cce547f, L:/127.0.0.1:51834 - R:localhost/127.0.0.1:8083] Releasing channel
15:53:19.080 [reactor-http-nio-47] DEBUG reactor.netty.resources.PooledConnectionProvider - [id: 0x9cce547f, L:/127.0.0.1:51834 - R:localhost/127.0.0.1:8083] Channel cleaned, now 0 active connections and 301 inactive connections
15:53:19.081 [Test worker] DEBUG org.springframework.web.reactive.function.client.ExchangeFunctions - [163042ea] HTTP GET http://localhost:8083/attractions
15:53:19.085 [reactor-http-nio-48] DEBUG reactor.netty.resources.PooledConnectionProvider - [id: 0xb033e5eb, L:/127.0.0.1:51933 - R:localhost/127.0.0.1:8083] Channel acquired, now 1 active connections and 300 inactive connections
15:53:19.085 [reactor-http-nio-48] DEBUG reactor.netty.http.client.HttpClientConnect - [id: 0xb033e5eb, L:/127.0.0.1:51933 - R:localhost/127.0.0.1:8083] Handler is being applied: {uri=http://localhost:8083/attractions, method=GET}
15:53:19.085 [reactor-http-nio-48] DEBUG reactor.netty.resources.PooledConnectionProvider - [id: 0xb033e5eb, L:/127.0.0.1:51933 - R:localhost/127.0.0.1:8083] onStateChange(GET{uri=/attractions, connection=PooledConnection{channel=[id: 0xb033e5eb, L:/127.0.0.1:51933 - R:localhost/127.0.0.1:8083]}}, [request_sent])
15:53:19.101 [reactor-http-nio-48] DEBUG reactor.netty.http.client.HttpClientOperations - [id: 0x1c21a498, L:/127.0.0.1:51982 - R:localhost/127.0.0.1:8084] Received response (auto-read:false) : [Content-Type=application/json, Transfer-Encoding=chunked, Date=Wed, 15 Jun 2022 14:53:19 GMT]
15:53:19.101 [reactor-http-nio-48] DEBUG reactor.netty.resources.PooledConnectionProvider - [id: 0x1c21a498, L:/127.0.0.1:51982 - R:localhost/127.0.0.1:8084] onStateChange(GET{uri=/attractionRewardPoint?attractionId=8dd3edb4-a6d9-4e57-9074-d4569c8c9848&userId=a6863384-d596-4e00-ae17-a598d1b84a52, connection=PooledConnection{channel=[id: 0x1c21a498, L:/127.0.0.1:51982 - R:localhost/127.0.0.1:8084]}}, [response_received])
15:53:19.101 [reactor-http-nio-48] DEBUG org.springframework.web.reactive.function.client.ExchangeFunctions - [3642ddfc] Response 200 OK
15:53:19.101 [reactor-http-nio-48] DEBUG reactor.netty.channel.FluxReceive - [id: 0x1c21a498, L:/127.0.0.1:51982 - R:localhost/127.0.0.1:8084] Subscribing inbound receiver [pending: 0, cancelled:false, inboundDone: false]
15:53:19.102 [reactor-http-nio-48] DEBUG reactor.netty.http.client.HttpClientOperations - [id: 0x1c21a498, L:/127.0.0.1:51982 - R:localhost/127.0.0.1:8084] Received last HTTP packet
15:53:19.102 [reactor-http-nio-48] DEBUG org.springframework.core.codec.StringDecoder - [3642ddfc] Decoded "97"
15:53:19.102 [reactor-http-nio-48] DEBUG reactor.netty.resources.PooledConnectionProvider - [id: 0x1c21a498, L:/127.0.0.1:51982 - R:localhost/127.0.0.1:8084] onStateChange(GET{uri=/attractionRewardPoint?attractionId=8dd3edb4-a6d9-4e57-9074-d4569c8c9848&userId=a6863384-d596-4e00-ae17-a598d1b84a52, connection=PooledConnection{channel=[id: 0x1c21a498, L:/127.0.0.1:51982 - R:localhost/127.0.0.1:8084]}}, [disconnecting])
15:53:19.102 [reactor-http-nio-48] DEBUG reactor.netty.resources.PooledConnectionProvider - [id: 0x1c21a498, L:/127.0.0.1:51982 - R:localhost/127.0.0.1:8084] Releasing channel
15:53:19.102 [reactor-http-nio-48] DEBUG reactor.netty.resources.PooledConnectionProvider - [id: 0x1c21a498, L:/127.0.0.1:51982 - R:localhost/127.0.0.1:8084] Channel cleaned, now 14 active connections and 67 inactive connections
15:53:19.102 [reactor-http-nio-48] DEBUG reactor.netty.http.client.HttpClientOperations - [id: 0x39451455, L:/127.0.0.1:52017 - R:localhost/127.0.0.1:8084] Received response (auto-read:false) : [Content-Type=application/json, Transfer-Encoding=chunked, Date=Wed, 15 Jun 2022 14:53:19 GMT]
15:53:19.102 [reactor-http-nio-48] DEBUG reactor.netty.resources.PooledConnectionProvider - [id: 0x39451455, L:/127.0.0.1:52017 - R:localhost/127.0.0.1:8084] onStateChange(GET{uri=/attractionRewardPoint?attractionId=28b0d3d7-485c-41b8-955a-da5945c99edc&userId=085343c5-058e-4308-80b3-fd18b88d975d, connection=PooledConnection{channel=[id: 0x39451455, L:/127.0.0.1:52017 - R:localhost/127.0.0.1:8084]}}, [response_received])
15:53:19.102 [reactor-http-nio-48] DEBUG org.springframework.web.reactive.function.client.ExchangeFunctions - [2c79570d] Response 200 OK
15:53:19.103 [reactor-http-nio-48] DEBUG reactor.netty.channel.FluxReceive - [id: 0x39451455, L:/127.0.0.1:52017 - R:localhost/127.0.0.1:8084] Subscribing inbound receiver [pending: 0, cancelled:false, inboundDone: false]
15:53:19.103 [reactor-http-nio-48] DEBUG reactor.netty.http.client.HttpClientOperations - [id: 0x39451455, L:/127.0.0.1:52017 - R:localhost/127.0.0.1:8084] Received last HTTP packet
15:53:19.103 [reactor-http-nio-48] DEBUG org.springframework.core.codec.StringDecoder - [2c79570d] Decoded "685"
15:53:19.103 [reactor-http-nio-48] DEBUG reactor.netty.resources.PooledConnectionProvider - [id: 0x39451455, L:/127.0.0.1:52017 - R:localhost/127.0.0.1:8084] onStateChange(GET{uri=/attractionRewardPoint?attractionId=28b0d3d7-485c-41b8-955a-da5945c99edc&userId=085343c5-058e-4308-80b3-fd18b88d975d, connection=PooledConnection{channel=[id: 0x39451455, L:/127.0.0.1:52017 - R:localhost/127.0.0.1:8084]}}, [disconnecting])
15:53:19.103 [reactor-http-nio-48] DEBUG reactor.netty.resources.PooledConnectionProvider - [id: 0x39451455, L:/127.0.0.1:52017 - R:localhost/127.0.0.1:8084] Releasing channel
15:53:19.104 [reactor-http-nio-48] DEBUG reactor.netty.resources.PooledConnectionProvider - [id: 0x39451455, L:/127.0.0.1:52017 - R:localhost/127.0.0.1:8084] Channel cleaned, now 13 active connections and 68 inactive connections
15:53:19.105 [reactor-http-nio-48] DEBUG reactor.netty.http.client.HttpClientOperations - [id: 0xca3c8cf4, L:/127.0.0.1:51989 - R:localhost/127.0.0.1:8084] Received response (auto-read:false) : [Content-Type=application/json, Transfer-Encoding=chunked, Date=Wed, 15 Jun 2022 14:53:19 GMT]
15:53:19.105 [reactor-http-nio-48] DEBUG reactor.netty.resources.PooledConnectionProvider - [id: 0xca3c8cf4, L:/127.0.0.1:51989 - R:localhost/127.0.0.1:8084] onStateChange(GET{uri=/attractionRewardPoint?attractionId=1aa23741-a2bd-4257-9196-f20f5e109906&userId=1c0ebf7b-e2b5-408e-8731-e783710992f5, connection=PooledConnection{channel=[id: 0xca3c8cf4, L:/127.0.0.1:51989 - R:localhost/127.0.0.1:8084]}}, [response_received])
15:53:19.106 [reactor-http-nio-48] DEBUG org.springframework.web.reactive.function.client.ExchangeFunctions - [92cd883] Response 200 OK
15:53:19.106 [reactor-http-nio-48] DEBUG reactor.netty.channel.FluxReceive - [id: 0xca3c8cf4, L:/127.0.0.1:51989 - R:localhost/127.0.0.1:8084] Subscribing inbound receiver [pending: 0, cancelled:false, inboundDone: false]
15:53:19.107 [reactor-http-nio-48] DEBUG reactor.netty.http.client.HttpClientOperations - [id: 0xca3c8cf4, L:/127.0.0.1:51989 - R:localhost/127.0.0.1:8084] Received last HTTP packet
15:53:19.107 [reactor-http-nio-48] DEBUG org.springframework.core.codec.StringDecoder - [92cd883] Decoded "278"
15:53:19.107 [reactor-http-nio-48] DEBUG reactor.netty.resources.PooledConnectionProvider - [id: 0xca3c8cf4, L:/127.0.0.1:51989 - R:localhost/127.0.0.1:8084] onStateChange(GET{uri=/attractionRewardPoint?attractionId=1aa23741-a2bd-4257-9196-f20f5e109906&userId=1c0ebf7b-e2b5-408e-8731-e783710992f5, connection=PooledConnection{channel=[id: 0xca3c8cf4, L:/127.0.0.1:51989 - R:localhost/127.0.0.1:8084]}}, [disconnecting])
15:53:19.107 [reactor-http-nio-48] DEBUG reactor.netty.resources.PooledConnectionProvider - [id: 0xca3c8cf4, L:/127.0.0.1:51989 - R:localhost/127.0.0.1:8084] Releasing channel
15:53:19.107 [reactor-http-nio-48] DEBUG reactor.netty.resources.PooledConnectionProvider - [id: 0xca3c8cf4, L:/127.0.0.1:51989 - R:localhost/127.0.0.1:8084] Channel cleaned, now 12 active connections and 69 inactive connections
15:53:19.118 [reactor-http-nio-48] DEBUG reactor.netty.http.client.HttpClientOperations - [id: 0xb033e5eb, L:/127.0.0.1:51933 - R:localhost/127.0.0.1:8083] Received response (auto-read:false) : [Content-Type=application/json, Transfer-Encoding=chunked, Date=Wed, 15 Jun 2022 14:53:18 GMT]
15:53:19.118 [reactor-http-nio-48] DEBUG reactor.netty.resources.PooledConnectionProvider - [id: 0xb033e5eb, L:/127.0.0.1:51933 - R:localhost/127.0.0.1:8083] onStateChange(GET{uri=/attractions, connection=PooledConnection{channel=[id: 0xb033e5eb, L:/127.0.0.1:51933 - R:localhost/127.0.0.1:8083]}}, [response_received])
15:53:19.118 [reactor-http-nio-48] DEBUG org.springframework.web.reactive.function.client.ExchangeFunctions - [163042ea] Response 200 OK
15:53:19.118 [reactor-http-nio-48] DEBUG reactor.netty.channel.FluxReceive - [id: 0xb033e5eb, L:/127.0.0.1:51933 - R:localhost/127.0.0.1:8083] Subscribing inbound receiver [pending: 0, cancelled:false, inboundDone: false]
15:53:19.118 [reactor-http-nio-48] DEBUG reactor.netty.http.client.HttpClientOperations - [id: 0xb033e5eb, L:/127.0.0.1:51933 - R:localhost/127.0.0.1:8083] Received last HTTP packet
15:53:19.118 [reactor-http-nio-48] DEBUG org.springframework.core.codec.StringDecoder - [163042ea] Decoded "[{"longitude":-117.922008,"latitude":33.817595,"attractionName":"Disneyland","city":"Anaheim","stat (truncated)...
15:53:19.118 [reactor-http-nio-48] DEBUG reactor.netty.resources.PooledConnectionProvider - [id: 0xb033e5eb, L:/127.0.0.1:51933 - R:localhost/127.0.0.1:8083] onStateChange(GET{uri=/attractions, connection=PooledConnection{channel=[id: 0xb033e5eb, L:/127.0.0.1:51933 - R:localhost/127.0.0.1:8083]}}, [disconnecting])
15:53:19.118 [reactor-http-nio-48] DEBUG reactor.netty.resources.PooledConnectionProvider - [id: 0xb033e5eb, L:/127.0.0.1:51933 - R:localhost/127.0.0.1:8083] Releasing channel
15:53:19.118 [reactor-http-nio-48] DEBUG reactor.netty.resources.PooledConnectionProvider - [id: 0xb033e5eb, L:/127.0.0.1:51933 - R:localhost/127.0.0.1:8083] Channel cleaned, now 0 active connections and 301 inactive connections
15:53:19.120 [Test worker] DEBUG org.springframework.web.reactive.function.client.ExchangeFunctions - [1fbf088b] HTTP GET http://localhost:8083/attractions
15:53:19.122 [reactor-http-nio-48] DEBUG reactor.netty.resources.PooledConnectionProvider - [id: 0x57866369, L:/127.0.0.1:51911 - R:localhost/127.0.0.1:8083] Channel acquired, now 1 active connections and 300 inactive connections
15:53:19.122 [reactor-http-nio-48] DEBUG reactor.netty.http.client.HttpClientConnect - [id: 0x57866369, L:/127.0.0.1:51911 - R:localhost/127.0.0.1:8083] Handler is being applied: {uri=http://localhost:8083/attractions, method=GET}
15:53:19.123 [reactor-http-nio-48] DEBUG reactor.netty.resources.PooledConnectionProvider - [id: 0x57866369, L:/127.0.0.1:51911 - R:localhost/127.0.0.1:8083] onStateChange(GET{uri=/attractions, connection=PooledConnection{channel=[id: 0x57866369, L:/127.0.0.1:51911 - R:localhost/127.0.0.1:8083]}}, [request_sent])
15:53:19.127 [pool-4-thread-111] DEBUG org.springframework.web.reactive.function.client.ExchangeFunctions - [3e10f0f8] HTTP GET http://localhost:8084/attractionRewardPoint?attractionId=afd7fe5b-71e5-439e-a826-09b458af0b15&userId=a975f90b-de9b-474f-b837-80fbda4e7d46
15:53:19.129 [reactor-http-nio-41] DEBUG reactor.netty.http.client.HttpClientOperations - [id: 0x2982cc46, L:/127.0.0.1:52057 - R:localhost/127.0.0.1:8084] Received response (auto-read:false) : [Content-Type=application/json, Transfer-Encoding=chunked, Date=Wed, 15 Jun 2022 14:53:19 GMT]
15:53:19.129 [reactor-http-nio-41] DEBUG reactor.netty.resources.PooledConnectionProvider - [id: 0x2982cc46, L:/127.0.0.1:52057 - R:localhost/127.0.0.1:8084] onStateChange(GET{uri=/attractionRewardPoint?attractionId=461e762e-b6c5-4d14-8083-98c6572102f0&userId=69b999b4-96bf-4513-85fb-d346fdb56545, connection=PooledConnection{channel=[id: 0x2982cc46, L:/127.0.0.1:52057 - R:localhost/127.0.0.1:8084]}}, [response_received])
15:53:19.129 [reactor-http-nio-41] DEBUG org.springframework.web.reactive.function.client.ExchangeFunctions - [2c882838] Response 200 OK
15:53:19.129 [reactor-http-nio-41] DEBUG reactor.netty.channel.FluxReceive - [id: 0x2982cc46, L:/127.0.0.1:52057 - R:localhost/127.0.0.1:8084] Subscribing inbound receiver [pending: 0, cancelled:false, inboundDone: false]
15:53:19.130 [reactor-http-nio-47] DEBUG reactor.netty.resources.PooledConnectionProvider - [id: 0x2015a302, L:/127.0.0.1:52045 - R:localhost/127.0.0.1:8084] Channel acquired, now 13 active connections and 68 inactive connections
15:53:19.130 [reactor-http-nio-47] DEBUG reactor.netty.http.client.HttpClientConnect - [id: 0x2015a302, L:/127.0.0.1:52045 - R:localhost/127.0.0.1:8084] Handler is being applied: {uri=http://localhost:8084/attractionRewardPoint?attractionId=afd7fe5b-71e5-439e-a826-09b458af0b15&userId=a975f90b-de9b-474f-b837-80fbda4e7d46, method=GET}
15:53:19.131 [reactor-http-nio-47] DEBUG reactor.netty.resources.PooledConnectionProvider - [id: 0x2015a302, L:/127.0.0.1:52045 - R:localhost/127.0.0.1:8084] onStateChange(GET{uri=/attractionRewardPoint?attractionId=afd7fe5b-71e5-439e-a826-09b458af0b15&userId=a975f90b-de9b-474f-b837-80fbda4e7d46, connection=PooledConnection{channel=[id: 0x2015a302, L:/127.0.0.1:52045 - R:localhost/127.0.0.1:8084]}}, [request_sent])
15:53:19.135 [reactor-http-nio-41] DEBUG reactor.netty.http.client.HttpClientOperations - [id: 0x2982cc46, L:/127.0.0.1:52057 - R:localhost/127.0.0.1:8084] Received last HTTP packet
15:53:19.135 [reactor-http-nio-41] DEBUG org.springframework.core.codec.StringDecoder - [2c882838] Decoded "119"
15:53:19.135 [reactor-http-nio-41] DEBUG reactor.netty.resources.PooledConnectionProvider - [id: 0x2982cc46, L:/127.0.0.1:52057 - R:localhost/127.0.0.1:8084] onStateChange(GET{uri=/attractionRewardPoint?attractionId=461e762e-b6c5-4d14-8083-98c6572102f0&userId=69b999b4-96bf-4513-85fb-d346fdb56545, connection=PooledConnection{channel=[id: 0x2982cc46, L:/127.0.0.1:52057 - R:localhost/127.0.0.1:8084]}}, [disconnecting])
15:53:19.135 [reactor-http-nio-41] DEBUG reactor.netty.resources.PooledConnectionProvider - [id: 0x2982cc46, L:/127.0.0.1:52057 - R:localhost/127.0.0.1:8084] Releasing channel
15:53:19.135 [reactor-http-nio-41] DEBUG reactor.netty.resources.PooledConnectionProvider - [id: 0x2982cc46, L:/127.0.0.1:52057 - R:localhost/127.0.0.1:8084] Channel cleaned, now 12 active connections and 69 inactive connections
15:53:19.147 [reactor-http-nio-48] DEBUG reactor.netty.http.client.HttpClientOperations - [id: 0x57866369, L:/127.0.0.1:51911 - R:localhost/127.0.0.1:8083] Received response (auto-read:false) : [Content-Type=application/json, Transfer-Encoding=chunked, Date=Wed, 15 Jun 2022 14:53:18 GMT]
15:53:19.147 [reactor-http-nio-48] DEBUG reactor.netty.resources.PooledConnectionProvider - [id: 0x57866369, L:/127.0.0.1:51911 - R:localhost/127.0.0.1:8083] onStateChange(GET{uri=/attractions, connection=PooledConnection{channel=[id: 0x57866369, L:/127.0.0.1:51911 - R:localhost/127.0.0.1:8083]}}, [response_received])
15:53:19.147 [reactor-http-nio-48] DEBUG org.springframework.web.reactive.function.client.ExchangeFunctions - [1fbf088b] Response 200 OK
15:53:19.147 [reactor-http-nio-48] DEBUG reactor.netty.channel.FluxReceive - [id: 0x57866369, L:/127.0.0.1:51911 - R:localhost/127.0.0.1:8083] Subscribing inbound receiver [pending: 0, cancelled:false, inboundDone: false]
15:53:19.148 [reactor-http-nio-48] DEBUG reactor.netty.http.client.HttpClientOperations - [id: 0x57866369, L:/127.0.0.1:51911 - R:localhost/127.0.0.1:8083] Received last HTTP packet
15:53:19.148 [reactor-http-nio-48] DEBUG org.springframework.core.codec.StringDecoder - [1fbf088b] Decoded "[{"longitude":-117.922008,"latitude":33.817595,"attractionName":"Disneyland","city":"Anaheim","stat (truncated)...
15:53:19.148 [reactor-http-nio-48] DEBUG reactor.netty.resources.PooledConnectionProvider - [id: 0x57866369, L:/127.0.0.1:51911 - R:localhost/127.0.0.1:8083] onStateChange(GET{uri=/attractions, connection=PooledConnection{channel=[id: 0x57866369, L:/127.0.0.1:51911 - R:localhost/127.0.0.1:8083]}}, [disconnecting])
15:53:19.148 [reactor-http-nio-48] DEBUG reactor.netty.resources.PooledConnectionProvider - [id: 0x57866369, L:/127.0.0.1:51911 - R:localhost/127.0.0.1:8083] Releasing channel
15:53:19.148 [reactor-http-nio-48] DEBUG reactor.netty.resources.PooledConnectionProvider - [id: 0x57866369, L:/127.0.0.1:51911 - R:localhost/127.0.0.1:8083] Channel cleaned, now 0 active connections and 301 inactive connections
15:53:19.148 [Test worker] DEBUG org.springframework.web.reactive.function.client.ExchangeFunctions - [1943c1f2] HTTP GET http://localhost:8083/attractions
15:53:19.151 [reactor-http-nio-48] DEBUG reactor.netty.resources.PooledConnectionProvider - [id: 0xf96fcdf2, L:/127.0.0.1:51938 - R:localhost/127.0.0.1:8083] Channel acquired, now 1 active connections and 300 inactive connections
15:53:19.151 [reactor-http-nio-48] DEBUG reactor.netty.http.client.HttpClientConnect - [id: 0xf96fcdf2, L:/127.0.0.1:51938 - R:localhost/127.0.0.1:8083] Handler is being applied: {uri=http://localhost:8083/attractions, method=GET}
15:53:19.151 [reactor-http-nio-48] DEBUG reactor.netty.resources.PooledConnectionProvider - [id: 0xf96fcdf2, L:/127.0.0.1:51938 - R:localhost/127.0.0.1:8083] onStateChange(GET{uri=/attractions, connection=PooledConnection{channel=[id: 0xf96fcdf2, L:/127.0.0.1:51938 - R:localhost/127.0.0.1:8083]}}, [request_sent])
15:53:19.165 [reactor-http-nio-46] DEBUG reactor.netty.http.client.HttpClientOperations - [id: 0x9313087c, L:/127.0.0.1:52011 - R:localhost/127.0.0.1:8084] Received response (auto-read:false) : [Content-Type=application/json, Transfer-Encoding=chunked, Date=Wed, 15 Jun 2022 14:53:19 GMT]
15:53:19.165 [reactor-http-nio-46] DEBUG reactor.netty.resources.PooledConnectionProvider - [id: 0x9313087c, L:/127.0.0.1:52011 - R:localhost/127.0.0.1:8084] onStateChange(GET{uri=/attractionRewardPoint?attractionId=e45a2236-a7fc-4992-b49c-64d444251b2a&userId=00cf5a30-6cd1-4d44-93b7-bc03c58de78c, connection=PooledConnection{channel=[id: 0x9313087c, L:/127.0.0.1:52011 - R:localhost/127.0.0.1:8084]}}, [response_received])
15:53:19.165 [reactor-http-nio-46] DEBUG org.springframework.web.reactive.function.client.ExchangeFunctions - [4532782f] Response 200 OK
15:53:19.166 [reactor-http-nio-46] DEBUG reactor.netty.channel.FluxReceive - [id: 0x9313087c, L:/127.0.0.1:52011 - R:localhost/127.0.0.1:8084] Subscribing inbound receiver [pending: 0, cancelled:false, inboundDone: false]
15:53:19.166 [reactor-http-nio-46] DEBUG reactor.netty.http.client.HttpClientOperations - [id: 0x9313087c, L:/127.0.0.1:52011 - R:localhost/127.0.0.1:8084] Received last HTTP packet
15:53:19.166 [reactor-http-nio-46] DEBUG org.springframework.core.codec.StringDecoder - [4532782f] Decoded "480"
15:53:19.166 [reactor-http-nio-46] DEBUG reactor.netty.resources.PooledConnectionProvider - [id: 0x9313087c, L:/127.0.0.1:52011 - R:localhost/127.0.0.1:8084] onStateChange(GET{uri=/attractionRewardPoint?attractionId=e45a2236-a7fc-4992-b49c-64d444251b2a&userId=00cf5a30-6cd1-4d44-93b7-bc03c58de78c, connection=PooledConnection{channel=[id: 0x9313087c, L:/127.0.0.1:52011 - R:localhost/127.0.0.1:8084]}}, [disconnecting])
15:53:19.166 [reactor-http-nio-46] DEBUG reactor.netty.resources.PooledConnectionProvider - [id: 0x9313087c, L:/127.0.0.1:52011 - R:localhost/127.0.0.1:8084] Releasing channel
15:53:19.166 [reactor-http-nio-46] DEBUG reactor.netty.resources.PooledConnectionProvider - [id: 0x9313087c, L:/127.0.0.1:52011 - R:localhost/127.0.0.1:8084] Channel cleaned, now 11 active connections and 70 inactive connections
15:53:19.171 [reactor-http-nio-48] DEBUG reactor.netty.http.client.HttpClientOperations - [id: 0xf96fcdf2, L:/127.0.0.1:51938 - R:localhost/127.0.0.1:8083] Received response (auto-read:false) : [Content-Type=application/json, Transfer-Encoding=chunked, Date=Wed, 15 Jun 2022 14:53:18 GMT]
15:53:19.171 [reactor-http-nio-48] DEBUG reactor.netty.resources.PooledConnectionProvider - [id: 0xf96fcdf2, L:/127.0.0.1:51938 - R:localhost/127.0.0.1:8083] onStateChange(GET{uri=/attractions, connection=PooledConnection{channel=[id: 0xf96fcdf2, L:/127.0.0.1:51938 - R:localhost/127.0.0.1:8083]}}, [response_received])
15:53:19.171 [reactor-http-nio-48] DEBUG org.springframework.web.reactive.function.client.ExchangeFunctions - [1943c1f2] Response 200 OK
15:53:19.171 [reactor-http-nio-48] DEBUG reactor.netty.channel.FluxReceive - [id: 0xf96fcdf2, L:/127.0.0.1:51938 - R:localhost/127.0.0.1:8083] Subscribing inbound receiver [pending: 0, cancelled:false, inboundDone: false]
15:53:19.171 [reactor-http-nio-48] DEBUG reactor.netty.http.client.HttpClientOperations - [id: 0xf96fcdf2, L:/127.0.0.1:51938 - R:localhost/127.0.0.1:8083] Received last HTTP packet
15:53:19.171 [reactor-http-nio-48] DEBUG org.springframework.core.codec.StringDecoder - [1943c1f2] Decoded "[{"longitude":-117.922008,"latitude":33.817595,"attractionName":"Disneyland","city":"Anaheim","stat (truncated)...
15:53:19.172 [reactor-http-nio-48] DEBUG reactor.netty.resources.PooledConnectionProvider - [id: 0xf96fcdf2, L:/127.0.0.1:51938 - R:localhost/127.0.0.1:8083] onStateChange(GET{uri=/attractions, connection=PooledConnection{channel=[id: 0xf96fcdf2, L:/127.0.0.1:51938 - R:localhost/127.0.0.1:8083]}}, [disconnecting])
15:53:19.172 [reactor-http-nio-48] DEBUG reactor.netty.resources.PooledConnectionProvider - [id: 0xf96fcdf2, L:/127.0.0.1:51938 - R:localhost/127.0.0.1:8083] Releasing channel
15:53:19.172 [reactor-http-nio-48] DEBUG reactor.netty.resources.PooledConnectionProvider - [id: 0xf96fcdf2, L:/127.0.0.1:51938 - R:localhost/127.0.0.1:8083] Channel cleaned, now 0 active connections and 301 inactive connections
15:53:19.173 [Test worker] DEBUG org.springframework.web.reactive.function.client.ExchangeFunctions - [d70f722] HTTP GET http://localhost:8083/attractions
15:53:19.175 [reactor-http-nio-46] DEBUG reactor.netty.resources.PooledConnectionProvider - [id: 0x5362fcb1, L:/127.0.0.1:51798 - R:localhost/127.0.0.1:8083] Channel acquired, now 1 active connections and 300 inactive connections
15:53:19.175 [reactor-http-nio-46] DEBUG reactor.netty.http.client.HttpClientConnect - [id: 0x5362fcb1, L:/127.0.0.1:51798 - R:localhost/127.0.0.1:8083] Handler is being applied: {uri=http://localhost:8083/attractions, method=GET}
15:53:19.176 [reactor-http-nio-46] DEBUG reactor.netty.resources.PooledConnectionProvider - [id: 0x5362fcb1, L:/127.0.0.1:51798 - R:localhost/127.0.0.1:8083] onStateChange(GET{uri=/attractions, connection=PooledConnection{channel=[id: 0x5362fcb1, L:/127.0.0.1:51798 - R:localhost/127.0.0.1:8083]}}, [request_sent])
15:53:19.180 [reactor-http-nio-46] DEBUG reactor.netty.http.client.HttpClientOperations - [id: 0x6a63d1d8, L:/127.0.0.1:52001 - R:localhost/127.0.0.1:8084] Received response (auto-read:false) : [Content-Type=application/json, Transfer-Encoding=chunked, Date=Wed, 15 Jun 2022 14:53:19 GMT]
15:53:19.180 [reactor-http-nio-46] DEBUG reactor.netty.resources.PooledConnectionProvider - [id: 0x6a63d1d8, L:/127.0.0.1:52001 - R:localhost/127.0.0.1:8084] onStateChange(GET{uri=/attractionRewardPoint?attractionId=7244c877-185d-4ff2-a176-6d04f1dbca3a&userId=00f6fb8f-2cbb-4ef9-b93c-8fe735fdfa0b, connection=PooledConnection{channel=[id: 0x6a63d1d8, L:/127.0.0.1:52001 - R:localhost/127.0.0.1:8084]}}, [response_received])
15:53:19.180 [reactor-http-nio-46] DEBUG org.springframework.web.reactive.function.client.ExchangeFunctions - [49ec0f7a] Response 200 OK
15:53:19.180 [reactor-http-nio-46] DEBUG reactor.netty.channel.FluxReceive - [id: 0x6a63d1d8, L:/127.0.0.1:52001 - R:localhost/127.0.0.1:8084] Subscribing inbound receiver [pending: 0, cancelled:false, inboundDone: false]
15:53:19.180 [reactor-http-nio-46] DEBUG reactor.netty.http.client.HttpClientOperations - [id: 0x6a63d1d8, L:/127.0.0.1:52001 - R:localhost/127.0.0.1:8084] Received last HTTP packet
15:53:19.181 [reactor-http-nio-46] DEBUG org.springframework.core.codec.StringDecoder - [49ec0f7a] Decoded "371"
15:53:19.181 [reactor-http-nio-46] DEBUG reactor.netty.resources.PooledConnectionProvider - [id: 0x6a63d1d8, L:/127.0.0.1:52001 - R:localhost/127.0.0.1:8084] onStateChange(GET{uri=/attractionRewardPoint?attractionId=7244c877-185d-4ff2-a176-6d04f1dbca3a&userId=00f6fb8f-2cbb-4ef9-b93c-8fe735fdfa0b, connection=PooledConnection{channel=[id: 0x6a63d1d8, L:/127.0.0.1:52001 - R:localhost/127.0.0.1:8084]}}, [disconnecting])
15:53:19.181 [reactor-http-nio-46] DEBUG reactor.netty.resources.PooledConnectionProvider - [id: 0x6a63d1d8, L:/127.0.0.1:52001 - R:localhost/127.0.0.1:8084] Releasing channel
15:53:19.181 [reactor-http-nio-46] DEBUG reactor.netty.resources.PooledConnectionProvider - [id: 0x6a63d1d8, L:/127.0.0.1:52001 - R:localhost/127.0.0.1:8084] Channel cleaned, now 10 active connections and 71 inactive connections
15:53:19.193 [reactor-http-nio-47] DEBUG reactor.netty.http.client.HttpClientOperations - [id: 0x6399e66c, L:/127.0.0.1:52056 - R:localhost/127.0.0.1:8084] Received response (auto-read:false) : [Content-Type=application/json, Transfer-Encoding=chunked, Date=Wed, 15 Jun 2022 14:53:19 GMT]
15:53:19.193 [reactor-http-nio-47] DEBUG reactor.netty.resources.PooledConnectionProvider - [id: 0x6399e66c, L:/127.0.0.1:52056 - R:localhost/127.0.0.1:8084] onStateChange(GET{uri=/attractionRewardPoint?attractionId=d3692ccb-cb58-4511-991e-d9f0e1052c2a&userId=63827c4f-16dd-4ef6-ae2d-12a808bf02ae, connection=PooledConnection{channel=[id: 0x6399e66c, L:/127.0.0.1:52056 - R:localhost/127.0.0.1:8084]}}, [response_received])
15:53:19.193 [reactor-http-nio-47] DEBUG org.springframework.web.reactive.function.client.ExchangeFunctions - [6f6cde49] Response 200 OK
15:53:19.193 [reactor-http-nio-47] DEBUG reactor.netty.channel.FluxReceive - [id: 0x6399e66c, L:/127.0.0.1:52056 - R:localhost/127.0.0.1:8084] Subscribing inbound receiver [pending: 0, cancelled:false, inboundDone: false]
15:53:19.193 [reactor-http-nio-47] DEBUG reactor.netty.http.client.HttpClientOperations - [id: 0x6399e66c, L:/127.0.0.1:52056 - R:localhost/127.0.0.1:8084] Received last HTTP packet
15:53:19.193 [reactor-http-nio-47] DEBUG org.springframework.core.codec.StringDecoder - [6f6cde49] Decoded "582"
15:53:19.193 [reactor-http-nio-47] DEBUG reactor.netty.resources.PooledConnectionProvider - [id: 0x6399e66c, L:/127.0.0.1:52056 - R:localhost/127.0.0.1:8084] onStateChange(GET{uri=/attractionRewardPoint?attractionId=d3692ccb-cb58-4511-991e-d9f0e1052c2a&userId=63827c4f-16dd-4ef6-ae2d-12a808bf02ae, connection=PooledConnection{channel=[id: 0x6399e66c, L:/127.0.0.1:52056 - R:localhost/127.0.0.1:8084]}}, [disconnecting])
15:53:19.193 [reactor-http-nio-47] DEBUG reactor.netty.resources.PooledConnectionProvider - [id: 0x6399e66c, L:/127.0.0.1:52056 - R:localhost/127.0.0.1:8084] Releasing channel
15:53:19.193 [reactor-http-nio-47] DEBUG reactor.netty.resources.PooledConnectionProvider - [id: 0x6399e66c, L:/127.0.0.1:52056 - R:localhost/127.0.0.1:8084] Channel cleaned, now 9 active connections and 72 inactive connections
15:53:19.196 [reactor-http-nio-46] DEBUG reactor.netty.http.client.HttpClientOperations - [id: 0x5362fcb1, L:/127.0.0.1:51798 - R:localhost/127.0.0.1:8083] Received response (auto-read:false) : [Content-Type=application/json, Transfer-Encoding=chunked, Date=Wed, 15 Jun 2022 14:53:18 GMT]
15:53:19.196 [reactor-http-nio-46] DEBUG reactor.netty.resources.PooledConnectionProvider - [id: 0x5362fcb1, L:/127.0.0.1:51798 - R:localhost/127.0.0.1:8083] onStateChange(GET{uri=/attractions, connection=PooledConnection{channel=[id: 0x5362fcb1, L:/127.0.0.1:51798 - R:localhost/127.0.0.1:8083]}}, [response_received])
15:53:19.196 [reactor-http-nio-46] DEBUG org.springframework.web.reactive.function.client.ExchangeFunctions - [d70f722] Response 200 OK
15:53:19.196 [reactor-http-nio-46] DEBUG reactor.netty.channel.FluxReceive - [id: 0x5362fcb1, L:/127.0.0.1:51798 - R:localhost/127.0.0.1:8083] Subscribing inbound receiver [pending: 0, cancelled:false, inboundDone: false]
15:53:19.197 [reactor-http-nio-46] DEBUG reactor.netty.http.client.HttpClientOperations - [id: 0x5362fcb1, L:/127.0.0.1:51798 - R:localhost/127.0.0.1:8083] Received last HTTP packet
15:53:19.197 [reactor-http-nio-46] DEBUG org.springframework.core.codec.StringDecoder - [d70f722] Decoded "[{"longitude":-117.922008,"latitude":33.817595,"attractionName":"Disneyland","city":"Anaheim","stat (truncated)...
15:53:19.197 [reactor-http-nio-46] DEBUG reactor.netty.resources.PooledConnectionProvider - [id: 0x5362fcb1, L:/127.0.0.1:51798 - R:localhost/127.0.0.1:8083] onStateChange(GET{uri=/attractions, connection=PooledConnection{channel=[id: 0x5362fcb1, L:/127.0.0.1:51798 - R:localhost/127.0.0.1:8083]}}, [disconnecting])
15:53:19.197 [reactor-http-nio-46] DEBUG reactor.netty.resources.PooledConnectionProvider - [id: 0x5362fcb1, L:/127.0.0.1:51798 - R:localhost/127.0.0.1:8083] Releasing channel
15:53:19.197 [reactor-http-nio-46] DEBUG reactor.netty.resources.PooledConnectionProvider - [id: 0x5362fcb1, L:/127.0.0.1:51798 - R:localhost/127.0.0.1:8083] Channel cleaned, now 0 active connections and 301 inactive connections
15:53:19.198 [Test worker] DEBUG org.springframework.web.reactive.function.client.ExchangeFunctions - [1e1eeedd] HTTP GET http://localhost:8083/attractions
15:53:19.199 [reactor-http-nio-48] DEBUG reactor.netty.resources.PooledConnectionProvider - [id: 0x357960ae, L:/127.0.0.1:51912 - R:localhost/127.0.0.1:8083] Channel acquired, now 1 active connections and 300 inactive connections
15:53:19.199 [reactor-http-nio-48] DEBUG reactor.netty.http.client.HttpClientConnect - [id: 0x357960ae, L:/127.0.0.1:51912 - R:localhost/127.0.0.1:8083] Handler is being applied: {uri=http://localhost:8083/attractions, method=GET}
15:53:19.200 [reactor-http-nio-48] DEBUG reactor.netty.resources.PooledConnectionProvider - [id: 0x357960ae, L:/127.0.0.1:51912 - R:localhost/127.0.0.1:8083] onStateChange(GET{uri=/attractions, connection=PooledConnection{channel=[id: 0x357960ae, L:/127.0.0.1:51912 - R:localhost/127.0.0.1:8083]}}, [request_sent])
15:53:19.213 [reactor-http-nio-48] DEBUG reactor.netty.http.client.HttpClientOperations - [id: 0x357960ae, L:/127.0.0.1:51912 - R:localhost/127.0.0.1:8083] Received response (auto-read:false) : [Content-Type=application/json, Transfer-Encoding=chunked, Date=Wed, 15 Jun 2022 14:53:18 GMT]
15:53:19.213 [reactor-http-nio-48] DEBUG reactor.netty.resources.PooledConnectionProvider - [id: 0x357960ae, L:/127.0.0.1:51912 - R:localhost/127.0.0.1:8083] onStateChange(GET{uri=/attractions, connection=PooledConnection{channel=[id: 0x357960ae, L:/127.0.0.1:51912 - R:localhost/127.0.0.1:8083]}}, [response_received])
15:53:19.213 [reactor-http-nio-48] DEBUG org.springframework.web.reactive.function.client.ExchangeFunctions - [1e1eeedd] Response 200 OK
15:53:19.213 [reactor-http-nio-48] DEBUG reactor.netty.channel.FluxReceive - [id: 0x357960ae, L:/127.0.0.1:51912 - R:localhost/127.0.0.1:8083] Subscribing inbound receiver [pending: 0, cancelled:false, inboundDone: false]
15:53:19.214 [reactor-http-nio-48] DEBUG reactor.netty.http.client.HttpClientOperations - [id: 0x357960ae, L:/127.0.0.1:51912 - R:localhost/127.0.0.1:8083] Received last HTTP packet
15:53:19.214 [reactor-http-nio-48] DEBUG org.springframework.core.codec.StringDecoder - [1e1eeedd] Decoded "[{"longitude":-117.922008,"latitude":33.817595,"attractionName":"Disneyland","city":"Anaheim","stat (truncated)...
15:53:19.214 [reactor-http-nio-48] DEBUG reactor.netty.resources.PooledConnectionProvider - [id: 0x357960ae, L:/127.0.0.1:51912 - R:localhost/127.0.0.1:8083] onStateChange(GET{uri=/attractions, connection=PooledConnection{channel=[id: 0x357960ae, L:/127.0.0.1:51912 - R:localhost/127.0.0.1:8083]}}, [disconnecting])
15:53:19.214 [reactor-http-nio-48] DEBUG reactor.netty.resources.PooledConnectionProvider - [id: 0x357960ae, L:/127.0.0.1:51912 - R:localhost/127.0.0.1:8083] Releasing channel
15:53:19.214 [reactor-http-nio-48] DEBUG reactor.netty.resources.PooledConnectionProvider - [id: 0x357960ae, L:/127.0.0.1:51912 - R:localhost/127.0.0.1:8083] Channel cleaned, now 0 active connections and 301 inactive connections
15:53:19.215 [Test worker] DEBUG org.springframework.web.reactive.function.client.ExchangeFunctions - [798256c5] HTTP GET http://localhost:8083/attractions
15:53:19.217 [reactor-http-nio-48] DEBUG reactor.netty.resources.PooledConnectionProvider - [id: 0x9c9e122e, L:/127.0.0.1:51884 - R:localhost/127.0.0.1:8083] Channel acquired, now 1 active connections and 300 inactive connections
15:53:19.218 [reactor-http-nio-48] DEBUG reactor.netty.http.client.HttpClientConnect - [id: 0x9c9e122e, L:/127.0.0.1:51884 - R:localhost/127.0.0.1:8083] Handler is being applied: {uri=http://localhost:8083/attractions, method=GET}
15:53:19.218 [reactor-http-nio-48] DEBUG reactor.netty.resources.PooledConnectionProvider - [id: 0x9c9e122e, L:/127.0.0.1:51884 - R:localhost/127.0.0.1:8083] onStateChange(GET{uri=/attractions, connection=PooledConnection{channel=[id: 0x9c9e122e, L:/127.0.0.1:51884 - R:localhost/127.0.0.1:8083]}}, [request_sent])
15:53:19.223 [reactor-http-nio-47] DEBUG reactor.netty.http.client.HttpClientOperations - [id: 0x6e590cf0, L:/127.0.0.1:52051 - R:localhost/127.0.0.1:8084] Received response (auto-read:false) : [Content-Type=application/json, Transfer-Encoding=chunked, Date=Wed, 15 Jun 2022 14:53:19 GMT]
15:53:19.223 [reactor-http-nio-47] DEBUG reactor.netty.resources.PooledConnectionProvider - [id: 0x6e590cf0, L:/127.0.0.1:52051 - R:localhost/127.0.0.1:8084] onStateChange(GET{uri=/attractionRewardPoint?attractionId=14d0da28-55f6-4e0b-982c-9d9bbd6736d3&userId=09ba93de-bb45-48fd-9a9c-12d97c598215, connection=PooledConnection{channel=[id: 0x6e590cf0, L:/127.0.0.1:52051 - R:localhost/127.0.0.1:8084]}}, [response_received])
15:53:19.223 [reactor-http-nio-47] DEBUG org.springframework.web.reactive.function.client.ExchangeFunctions - [47d51eed] Response 200 OK
15:53:19.223 [reactor-http-nio-47] DEBUG reactor.netty.channel.FluxReceive - [id: 0x6e590cf0, L:/127.0.0.1:52051 - R:localhost/127.0.0.1:8084] Subscribing inbound receiver [pending: 0, cancelled:false, inboundDone: false]
15:53:19.223 [reactor-http-nio-47] DEBUG reactor.netty.http.client.HttpClientOperations - [id: 0x6e590cf0, L:/127.0.0.1:52051 - R:localhost/127.0.0.1:8084] Received last HTTP packet
15:53:19.223 [reactor-http-nio-47] DEBUG org.springframework.core.codec.StringDecoder - [47d51eed] Decoded "403"
15:53:19.223 [reactor-http-nio-47] DEBUG reactor.netty.resources.PooledConnectionProvider - [id: 0x6e590cf0, L:/127.0.0.1:52051 - R:localhost/127.0.0.1:8084] onStateChange(GET{uri=/attractionRewardPoint?attractionId=14d0da28-55f6-4e0b-982c-9d9bbd6736d3&userId=09ba93de-bb45-48fd-9a9c-12d97c598215, connection=PooledConnection{channel=[id: 0x6e590cf0, L:/127.0.0.1:52051 - R:localhost/127.0.0.1:8084]}}, [disconnecting])
15:53:19.223 [reactor-http-nio-47] DEBUG reactor.netty.resources.PooledConnectionProvider - [id: 0x6e590cf0, L:/127.0.0.1:52051 - R:localhost/127.0.0.1:8084] Releasing channel
15:53:19.223 [reactor-http-nio-47] DEBUG reactor.netty.resources.PooledConnectionProvider - [id: 0x6e590cf0, L:/127.0.0.1:52051 - R:localhost/127.0.0.1:8084] Channel cleaned, now 8 active connections and 73 inactive connections
15:53:19.231 [reactor-http-nio-48] DEBUG reactor.netty.http.client.HttpClientOperations - [id: 0x9c9e122e, L:/127.0.0.1:51884 - R:localhost/127.0.0.1:8083] Received response (auto-read:false) : [Content-Type=application/json, Transfer-Encoding=chunked, Date=Wed, 15 Jun 2022 14:53:18 GMT]
15:53:19.231 [reactor-http-nio-48] DEBUG reactor.netty.resources.PooledConnectionProvider - [id: 0x9c9e122e, L:/127.0.0.1:51884 - R:localhost/127.0.0.1:8083] onStateChange(GET{uri=/attractions, connection=PooledConnection{channel=[id: 0x9c9e122e, L:/127.0.0.1:51884 - R:localhost/127.0.0.1:8083]}}, [response_received])
15:53:19.231 [reactor-http-nio-48] DEBUG org.springframework.web.reactive.function.client.ExchangeFunctions - [798256c5] Response 200 OK
15:53:19.231 [reactor-http-nio-48] DEBUG reactor.netty.channel.FluxReceive - [id: 0x9c9e122e, L:/127.0.0.1:51884 - R:localhost/127.0.0.1:8083] Subscribing inbound receiver [pending: 0, cancelled:false, inboundDone: false]
15:53:19.231 [reactor-http-nio-48] DEBUG reactor.netty.http.client.HttpClientOperations - [id: 0x9c9e122e, L:/127.0.0.1:51884 - R:localhost/127.0.0.1:8083] Received last HTTP packet
15:53:19.231 [reactor-http-nio-48] DEBUG org.springframework.core.codec.StringDecoder - [798256c5] Decoded "[{"longitude":-117.922008,"latitude":33.817595,"attractionName":"Disneyland","city":"Anaheim","stat (truncated)...
15:53:19.231 [reactor-http-nio-48] DEBUG reactor.netty.resources.PooledConnectionProvider - [id: 0x9c9e122e, L:/127.0.0.1:51884 - R:localhost/127.0.0.1:8083] onStateChange(GET{uri=/attractions, connection=PooledConnection{channel=[id: 0x9c9e122e, L:/127.0.0.1:51884 - R:localhost/127.0.0.1:8083]}}, [disconnecting])
15:53:19.231 [reactor-http-nio-48] DEBUG reactor.netty.resources.PooledConnectionProvider - [id: 0x9c9e122e, L:/127.0.0.1:51884 - R:localhost/127.0.0.1:8083] Releasing channel
15:53:19.232 [reactor-http-nio-48] DEBUG reactor.netty.resources.PooledConnectionProvider - [id: 0x9c9e122e, L:/127.0.0.1:51884 - R:localhost/127.0.0.1:8083] Channel cleaned, now 0 active connections and 301 inactive connections
15:53:19.233 [Test worker] DEBUG org.springframework.web.reactive.function.client.ExchangeFunctions - [7ec95456] HTTP GET http://localhost:8083/attractions
15:53:19.236 [reactor-http-nio-48] DEBUG reactor.netty.resources.PooledConnectionProvider - [id: 0xb736888f, L:/127.0.0.1:51970 - R:localhost/127.0.0.1:8083] Channel acquired, now 1 active connections and 300 inactive connections
15:53:19.236 [reactor-http-nio-48] DEBUG reactor.netty.http.client.HttpClientConnect - [id: 0xb736888f, L:/127.0.0.1:51970 - R:localhost/127.0.0.1:8083] Handler is being applied: {uri=http://localhost:8083/attractions, method=GET}
15:53:19.236 [reactor-http-nio-48] DEBUG reactor.netty.resources.PooledConnectionProvider - [id: 0xb736888f, L:/127.0.0.1:51970 - R:localhost/127.0.0.1:8083] onStateChange(GET{uri=/attractions, connection=PooledConnection{channel=[id: 0xb736888f, L:/127.0.0.1:51970 - R:localhost/127.0.0.1:8083]}}, [request_sent])
15:53:19.248 [reactor-http-nio-47] DEBUG reactor.netty.http.client.HttpClientOperations - [id: 0x2015a302, L:/127.0.0.1:52045 - R:localhost/127.0.0.1:8084] Received response (auto-read:false) : [Content-Type=application/json, Transfer-Encoding=chunked, Date=Wed, 15 Jun 2022 14:53:19 GMT]
15:53:19.248 [reactor-http-nio-47] DEBUG reactor.netty.resources.PooledConnectionProvider - [id: 0x2015a302, L:/127.0.0.1:52045 - R:localhost/127.0.0.1:8084] onStateChange(GET{uri=/attractionRewardPoint?attractionId=afd7fe5b-71e5-439e-a826-09b458af0b15&userId=a975f90b-de9b-474f-b837-80fbda4e7d46, connection=PooledConnection{channel=[id: 0x2015a302, L:/127.0.0.1:52045 - R:localhost/127.0.0.1:8084]}}, [response_received])
15:53:19.248 [reactor-http-nio-47] DEBUG org.springframework.web.reactive.function.client.ExchangeFunctions - [3e10f0f8] Response 200 OK
15:53:19.248 [reactor-http-nio-47] DEBUG reactor.netty.channel.FluxReceive - [id: 0x2015a302, L:/127.0.0.1:52045 - R:localhost/127.0.0.1:8084] Subscribing inbound receiver [pending: 0, cancelled:false, inboundDone: false]
15:53:19.248 [reactor-http-nio-47] DEBUG reactor.netty.http.client.HttpClientOperations - [id: 0x2015a302, L:/127.0.0.1:52045 - R:localhost/127.0.0.1:8084] Received last HTTP packet
15:53:19.248 [reactor-http-nio-47] DEBUG org.springframework.core.codec.StringDecoder - [3e10f0f8] Decoded "388"
15:53:19.248 [reactor-http-nio-47] DEBUG reactor.netty.resources.PooledConnectionProvider - [id: 0x2015a302, L:/127.0.0.1:52045 - R:localhost/127.0.0.1:8084] onStateChange(GET{uri=/attractionRewardPoint?attractionId=afd7fe5b-71e5-439e-a826-09b458af0b15&userId=a975f90b-de9b-474f-b837-80fbda4e7d46, connection=PooledConnection{channel=[id: 0x2015a302, L:/127.0.0.1:52045 - R:localhost/127.0.0.1:8084]}}, [disconnecting])
15:53:19.248 [reactor-http-nio-47] DEBUG reactor.netty.resources.PooledConnectionProvider - [id: 0x2015a302, L:/127.0.0.1:52045 - R:localhost/127.0.0.1:8084] Releasing channel
15:53:19.248 [reactor-http-nio-47] DEBUG reactor.netty.resources.PooledConnectionProvider - [id: 0x2015a302, L:/127.0.0.1:52045 - R:localhost/127.0.0.1:8084] Channel cleaned, now 7 active connections and 74 inactive connections
15:53:19.250 [reactor-http-nio-48] DEBUG reactor.netty.http.client.HttpClientOperations - [id: 0xb736888f, L:/127.0.0.1:51970 - R:localhost/127.0.0.1:8083] Received response (auto-read:false) : [Content-Type=application/json, Transfer-Encoding=chunked, Date=Wed, 15 Jun 2022 14:53:18 GMT]
15:53:19.250 [reactor-http-nio-48] DEBUG reactor.netty.resources.PooledConnectionProvider - [id: 0xb736888f, L:/127.0.0.1:51970 - R:localhost/127.0.0.1:8083] onStateChange(GET{uri=/attractions, connection=PooledConnection{channel=[id: 0xb736888f, L:/127.0.0.1:51970 - R:localhost/127.0.0.1:8083]}}, [response_received])
15:53:19.250 [reactor-http-nio-48] DEBUG org.springframework.web.reactive.function.client.ExchangeFunctions - [7ec95456] Response 200 OK
15:53:19.251 [reactor-http-nio-48] DEBUG reactor.netty.channel.FluxReceive - [id: 0xb736888f, L:/127.0.0.1:51970 - R:localhost/127.0.0.1:8083] Subscribing inbound receiver [pending: 0, cancelled:false, inboundDone: false]
15:53:19.251 [reactor-http-nio-48] DEBUG reactor.netty.http.client.HttpClientOperations - [id: 0xb736888f, L:/127.0.0.1:51970 - R:localhost/127.0.0.1:8083] Received last HTTP packet
15:53:19.251 [reactor-http-nio-48] DEBUG org.springframework.core.codec.StringDecoder - [7ec95456] Decoded "[{"longitude":-117.922008,"latitude":33.817595,"attractionName":"Disneyland","city":"Anaheim","stat (truncated)...
15:53:19.251 [reactor-http-nio-48] DEBUG reactor.netty.resources.PooledConnectionProvider - [id: 0xb736888f, L:/127.0.0.1:51970 - R:localhost/127.0.0.1:8083] onStateChange(GET{uri=/attractions, connection=PooledConnection{channel=[id: 0xb736888f, L:/127.0.0.1:51970 - R:localhost/127.0.0.1:8083]}}, [disconnecting])
15:53:19.251 [reactor-http-nio-48] DEBUG reactor.netty.resources.PooledConnectionProvider - [id: 0xb736888f, L:/127.0.0.1:51970 - R:localhost/127.0.0.1:8083] Releasing channel
15:53:19.251 [reactor-http-nio-48] DEBUG reactor.netty.resources.PooledConnectionProvider - [id: 0xb736888f, L:/127.0.0.1:51970 - R:localhost/127.0.0.1:8083] Channel cleaned, now 0 active connections and 301 inactive connections
15:53:19.252 [Test worker] DEBUG org.springframework.web.reactive.function.client.ExchangeFunctions - [748a654a] HTTP GET http://localhost:8083/attractions
15:53:19.253 [reactor-http-nio-47] DEBUG reactor.netty.resources.PooledConnectionProvider - [id: 0xcb5559ed, L:/127.0.0.1:51856 - R:localhost/127.0.0.1:8083] Channel acquired, now 1 active connections and 300 inactive connections
15:53:19.253 [reactor-http-nio-47] DEBUG reactor.netty.http.client.HttpClientConnect - [id: 0xcb5559ed, L:/127.0.0.1:51856 - R:localhost/127.0.0.1:8083] Handler is being applied: {uri=http://localhost:8083/attractions, method=GET}
15:53:19.253 [reactor-http-nio-47] DEBUG reactor.netty.resources.PooledConnectionProvider - [id: 0xcb5559ed, L:/127.0.0.1:51856 - R:localhost/127.0.0.1:8083] onStateChange(GET{uri=/attractions, connection=PooledConnection{channel=[id: 0xcb5559ed, L:/127.0.0.1:51856 - R:localhost/127.0.0.1:8083]}}, [request_sent])
15:53:19.261 [reactor-http-nio-46] DEBUG reactor.netty.http.client.HttpClientOperations - [id: 0xf9600d2e, L:/127.0.0.1:52008 - R:localhost/127.0.0.1:8084] Received response (auto-read:false) : [Content-Type=application/json, Transfer-Encoding=chunked, Date=Wed, 15 Jun 2022 14:53:19 GMT]
15:53:19.261 [reactor-http-nio-46] DEBUG reactor.netty.resources.PooledConnectionProvider - [id: 0xf9600d2e, L:/127.0.0.1:52008 - R:localhost/127.0.0.1:8084] onStateChange(GET{uri=/attractionRewardPoint?attractionId=ec8cee6c-a59a-4697-8435-1f33d0a2d334&userId=ce9750d0-cc20-45f5-974d-c75bc9b10d91, connection=PooledConnection{channel=[id: 0xf9600d2e, L:/127.0.0.1:52008 - R:localhost/127.0.0.1:8084]}}, [response_received])
15:53:19.261 [reactor-http-nio-46] DEBUG org.springframework.web.reactive.function.client.ExchangeFunctions - [37705729] Response 200 OK
15:53:19.261 [reactor-http-nio-46] DEBUG reactor.netty.channel.FluxReceive - [id: 0xf9600d2e, L:/127.0.0.1:52008 - R:localhost/127.0.0.1:8084] Subscribing inbound receiver [pending: 0, cancelled:false, inboundDone: false]
15:53:19.261 [reactor-http-nio-46] DEBUG reactor.netty.http.client.HttpClientOperations - [id: 0xf9600d2e, L:/127.0.0.1:52008 - R:localhost/127.0.0.1:8084] Received last HTTP packet
15:53:19.261 [reactor-http-nio-46] DEBUG org.springframework.core.codec.StringDecoder - [37705729] Decoded "844"
15:53:19.261 [reactor-http-nio-46] DEBUG reactor.netty.resources.PooledConnectionProvider - [id: 0xf9600d2e, L:/127.0.0.1:52008 - R:localhost/127.0.0.1:8084] onStateChange(GET{uri=/attractionRewardPoint?attractionId=ec8cee6c-a59a-4697-8435-1f33d0a2d334&userId=ce9750d0-cc20-45f5-974d-c75bc9b10d91, connection=PooledConnection{channel=[id: 0xf9600d2e, L:/127.0.0.1:52008 - R:localhost/127.0.0.1:8084]}}, [disconnecting])
15:53:19.261 [reactor-http-nio-46] DEBUG reactor.netty.resources.PooledConnectionProvider - [id: 0xf9600d2e, L:/127.0.0.1:52008 - R:localhost/127.0.0.1:8084] Releasing channel
15:53:19.261 [reactor-http-nio-46] DEBUG reactor.netty.resources.PooledConnectionProvider - [id: 0xf9600d2e, L:/127.0.0.1:52008 - R:localhost/127.0.0.1:8084] Channel cleaned, now 6 active connections and 75 inactive connections
15:53:19.266 [reactor-http-nio-47] DEBUG reactor.netty.http.client.HttpClientOperations - [id: 0xcb5559ed, L:/127.0.0.1:51856 - R:localhost/127.0.0.1:8083] Received response (auto-read:false) : [Content-Type=application/json, Transfer-Encoding=chunked, Date=Wed, 15 Jun 2022 14:53:18 GMT]
15:53:19.266 [reactor-http-nio-47] DEBUG reactor.netty.resources.PooledConnectionProvider - [id: 0xcb5559ed, L:/127.0.0.1:51856 - R:localhost/127.0.0.1:8083] onStateChange(GET{uri=/attractions, connection=PooledConnection{channel=[id: 0xcb5559ed, L:/127.0.0.1:51856 - R:localhost/127.0.0.1:8083]}}, [response_received])
15:53:19.266 [reactor-http-nio-47] DEBUG org.springframework.web.reactive.function.client.ExchangeFunctions - [748a654a] Response 200 OK
15:53:19.266 [reactor-http-nio-47] DEBUG reactor.netty.channel.FluxReceive - [id: 0xcb5559ed, L:/127.0.0.1:51856 - R:localhost/127.0.0.1:8083] Subscribing inbound receiver [pending: 0, cancelled:false, inboundDone: false]
15:53:19.266 [reactor-http-nio-47] DEBUG reactor.netty.http.client.HttpClientOperations - [id: 0xcb5559ed, L:/127.0.0.1:51856 - R:localhost/127.0.0.1:8083] Received last HTTP packet
15:53:19.266 [reactor-http-nio-47] DEBUG org.springframework.core.codec.StringDecoder - [748a654a] Decoded "[{"longitude":-117.922008,"latitude":33.817595,"attractionName":"Disneyland","city":"Anaheim","stat (truncated)...
15:53:19.266 [reactor-http-nio-47] DEBUG reactor.netty.resources.PooledConnectionProvider - [id: 0xcb5559ed, L:/127.0.0.1:51856 - R:localhost/127.0.0.1:8083] onStateChange(GET{uri=/attractions, connection=PooledConnection{channel=[id: 0xcb5559ed, L:/127.0.0.1:51856 - R:localhost/127.0.0.1:8083]}}, [disconnecting])
15:53:19.266 [reactor-http-nio-47] DEBUG reactor.netty.resources.PooledConnectionProvider - [id: 0xcb5559ed, L:/127.0.0.1:51856 - R:localhost/127.0.0.1:8083] Releasing channel
15:53:19.267 [reactor-http-nio-47] DEBUG reactor.netty.resources.PooledConnectionProvider - [id: 0xcb5559ed, L:/127.0.0.1:51856 - R:localhost/127.0.0.1:8083] Channel cleaned, now 0 active connections and 301 inactive connections
15:53:19.268 [Test worker] DEBUG org.springframework.web.reactive.function.client.ExchangeFunctions - [1d8b0500] HTTP GET http://localhost:8083/attractions
15:53:19.271 [reactor-http-nio-46] DEBUG reactor.netty.resources.PooledConnectionProvider - [id: 0xf6b8ded2, L:/127.0.0.1:51955 - R:localhost/127.0.0.1:8083] Channel acquired, now 1 active connections and 300 inactive connections
15:53:19.271 [reactor-http-nio-46] DEBUG reactor.netty.http.client.HttpClientConnect - [id: 0xf6b8ded2, L:/127.0.0.1:51955 - R:localhost/127.0.0.1:8083] Handler is being applied: {uri=http://localhost:8083/attractions, method=GET}
15:53:19.271 [reactor-http-nio-46] DEBUG reactor.netty.resources.PooledConnectionProvider - [id: 0xf6b8ded2, L:/127.0.0.1:51955 - R:localhost/127.0.0.1:8083] onStateChange(GET{uri=/attractions, connection=PooledConnection{channel=[id: 0xf6b8ded2, L:/127.0.0.1:51955 - R:localhost/127.0.0.1:8083]}}, [request_sent])
15:53:19.274 [reactor-http-nio-46] DEBUG reactor.netty.http.client.HttpClientOperations - [id: 0x2e3e5eef, L:/127.0.0.1:51987 - R:localhost/127.0.0.1:8084] Received response (auto-read:false) : [Content-Type=application/json, Transfer-Encoding=chunked, Date=Wed, 15 Jun 2022 14:53:19 GMT]
15:53:19.274 [reactor-http-nio-46] DEBUG reactor.netty.resources.PooledConnectionProvider - [id: 0x2e3e5eef, L:/127.0.0.1:51987 - R:localhost/127.0.0.1:8084] onStateChange(GET{uri=/attractionRewardPoint?attractionId=8699d163-207c-4f42-b6c9-a68c15591a2d&userId=d3f1ac3c-9ed4-4048-9506-037a25a80088, connection=PooledConnection{channel=[id: 0x2e3e5eef, L:/127.0.0.1:51987 - R:localhost/127.0.0.1:8084]}}, [response_received])
15:53:19.274 [reactor-http-nio-46] DEBUG org.springframework.web.reactive.function.client.ExchangeFunctions - [2d034b15] Response 200 OK
15:53:19.274 [reactor-http-nio-46] DEBUG reactor.netty.channel.FluxReceive - [id: 0x2e3e5eef, L:/127.0.0.1:51987 - R:localhost/127.0.0.1:8084] Subscribing inbound receiver [pending: 0, cancelled:false, inboundDone: false]
15:53:19.274 [reactor-http-nio-46] DEBUG reactor.netty.http.client.HttpClientOperations - [id: 0x2e3e5eef, L:/127.0.0.1:51987 - R:localhost/127.0.0.1:8084] Received last HTTP packet
15:53:19.274 [reactor-http-nio-46] DEBUG org.springframework.core.codec.StringDecoder - [2d034b15] Decoded "461"
15:53:19.274 [reactor-http-nio-46] DEBUG reactor.netty.resources.PooledConnectionProvider - [id: 0x2e3e5eef, L:/127.0.0.1:51987 - R:localhost/127.0.0.1:8084] onStateChange(GET{uri=/attractionRewardPoint?attractionId=8699d163-207c-4f42-b6c9-a68c15591a2d&userId=d3f1ac3c-9ed4-4048-9506-037a25a80088, connection=PooledConnection{channel=[id: 0x2e3e5eef, L:/127.0.0.1:51987 - R:localhost/127.0.0.1:8084]}}, [disconnecting])
15:53:19.274 [reactor-http-nio-46] DEBUG reactor.netty.resources.PooledConnectionProvider - [id: 0x2e3e5eef, L:/127.0.0.1:51987 - R:localhost/127.0.0.1:8084] Releasing channel
15:53:19.274 [reactor-http-nio-46] DEBUG reactor.netty.resources.PooledConnectionProvider - [id: 0x2e3e5eef, L:/127.0.0.1:51987 - R:localhost/127.0.0.1:8084] Channel cleaned, now 5 active connections and 76 inactive connections
15:53:19.286 [reactor-http-nio-46] DEBUG reactor.netty.http.client.HttpClientOperations - [id: 0xf6b8ded2, L:/127.0.0.1:51955 - R:localhost/127.0.0.1:8083] Received response (auto-read:false) : [Content-Type=application/json, Transfer-Encoding=chunked, Date=Wed, 15 Jun 2022 14:53:18 GMT]
15:53:19.286 [reactor-http-nio-46] DEBUG reactor.netty.resources.PooledConnectionProvider - [id: 0xf6b8ded2, L:/127.0.0.1:51955 - R:localhost/127.0.0.1:8083] onStateChange(GET{uri=/attractions, connection=PooledConnection{channel=[id: 0xf6b8ded2, L:/127.0.0.1:51955 - R:localhost/127.0.0.1:8083]}}, [response_received])
15:53:19.286 [reactor-http-nio-46] DEBUG org.springframework.web.reactive.function.client.ExchangeFunctions - [1d8b0500] Response 200 OK
15:53:19.286 [reactor-http-nio-46] DEBUG reactor.netty.channel.FluxReceive - [id: 0xf6b8ded2, L:/127.0.0.1:51955 - R:localhost/127.0.0.1:8083] Subscribing inbound receiver [pending: 0, cancelled:false, inboundDone: false]
15:53:19.286 [reactor-http-nio-46] DEBUG reactor.netty.http.client.HttpClientOperations - [id: 0xf6b8ded2, L:/127.0.0.1:51955 - R:localhost/127.0.0.1:8083] Received last HTTP packet
15:53:19.286 [reactor-http-nio-46] DEBUG org.springframework.core.codec.StringDecoder - [1d8b0500] Decoded "[{"longitude":-117.922008,"latitude":33.817595,"attractionName":"Disneyland","city":"Anaheim","stat (truncated)...
15:53:19.286 [reactor-http-nio-46] DEBUG reactor.netty.resources.PooledConnectionProvider - [id: 0xf6b8ded2, L:/127.0.0.1:51955 - R:localhost/127.0.0.1:8083] onStateChange(GET{uri=/attractions, connection=PooledConnection{channel=[id: 0xf6b8ded2, L:/127.0.0.1:51955 - R:localhost/127.0.0.1:8083]}}, [disconnecting])
15:53:19.286 [reactor-http-nio-46] DEBUG reactor.netty.resources.PooledConnectionProvider - [id: 0xf6b8ded2, L:/127.0.0.1:51955 - R:localhost/127.0.0.1:8083] Releasing channel
15:53:19.286 [reactor-http-nio-46] DEBUG reactor.netty.resources.PooledConnectionProvider - [id: 0xf6b8ded2, L:/127.0.0.1:51955 - R:localhost/127.0.0.1:8083] Channel cleaned, now 0 active connections and 301 inactive connections
15:53:19.287 [Test worker] DEBUG org.springframework.web.reactive.function.client.ExchangeFunctions - [76544c0a] HTTP GET http://localhost:8083/attractions
15:53:19.290 [reactor-http-nio-46] DEBUG reactor.netty.resources.PooledConnectionProvider - [id: 0x7604c246, L:/127.0.0.1:51937 - R:localhost/127.0.0.1:8083] Channel acquired, now 1 active connections and 300 inactive connections
15:53:19.290 [reactor-http-nio-46] DEBUG reactor.netty.http.client.HttpClientConnect - [id: 0x7604c246, L:/127.0.0.1:51937 - R:localhost/127.0.0.1:8083] Handler is being applied: {uri=http://localhost:8083/attractions, method=GET}
15:53:19.290 [reactor-http-nio-46] DEBUG reactor.netty.resources.PooledConnectionProvider - [id: 0x7604c246, L:/127.0.0.1:51937 - R:localhost/127.0.0.1:8083] onStateChange(GET{uri=/attractions, connection=PooledConnection{channel=[id: 0x7604c246, L:/127.0.0.1:51937 - R:localhost/127.0.0.1:8083]}}, [request_sent])
15:53:19.308 [reactor-http-nio-46] DEBUG reactor.netty.http.client.HttpClientOperations - [id: 0x7604c246, L:/127.0.0.1:51937 - R:localhost/127.0.0.1:8083] Received response (auto-read:false) : [Content-Type=application/json, Transfer-Encoding=chunked, Date=Wed, 15 Jun 2022 14:53:18 GMT]
15:53:19.308 [reactor-http-nio-46] DEBUG reactor.netty.resources.PooledConnectionProvider - [id: 0x7604c246, L:/127.0.0.1:51937 - R:localhost/127.0.0.1:8083] onStateChange(GET{uri=/attractions, connection=PooledConnection{channel=[id: 0x7604c246, L:/127.0.0.1:51937 - R:localhost/127.0.0.1:8083]}}, [response_received])
15:53:19.308 [reactor-http-nio-46] DEBUG org.springframework.web.reactive.function.client.ExchangeFunctions - [76544c0a] Response 200 OK
15:53:19.309 [reactor-http-nio-46] DEBUG reactor.netty.channel.FluxReceive - [id: 0x7604c246, L:/127.0.0.1:51937 - R:localhost/127.0.0.1:8083] Subscribing inbound receiver [pending: 0, cancelled:false, inboundDone: false]
15:53:19.310 [reactor-http-nio-46] DEBUG reactor.netty.http.client.HttpClientOperations - [id: 0x7604c246, L:/127.0.0.1:51937 - R:localhost/127.0.0.1:8083] Received last HTTP packet
15:53:19.310 [reactor-http-nio-46] DEBUG org.springframework.core.codec.StringDecoder - [76544c0a] Decoded "[{"longitude":-117.922008,"latitude":33.817595,"attractionName":"Disneyland","city":"Anaheim","stat (truncated)...
15:53:19.310 [reactor-http-nio-46] DEBUG reactor.netty.resources.PooledConnectionProvider - [id: 0x7604c246, L:/127.0.0.1:51937 - R:localhost/127.0.0.1:8083] onStateChange(GET{uri=/attractions, connection=PooledConnection{channel=[id: 0x7604c246, L:/127.0.0.1:51937 - R:localhost/127.0.0.1:8083]}}, [disconnecting])
15:53:19.310 [reactor-http-nio-46] DEBUG reactor.netty.resources.PooledConnectionProvider - [id: 0x7604c246, L:/127.0.0.1:51937 - R:localhost/127.0.0.1:8083] Releasing channel
15:53:19.310 [reactor-http-nio-46] DEBUG reactor.netty.resources.PooledConnectionProvider - [id: 0x7604c246, L:/127.0.0.1:51937 - R:localhost/127.0.0.1:8083] Channel cleaned, now 0 active connections and 301 inactive connections
15:53:19.312 [Test worker] DEBUG org.springframework.web.reactive.function.client.ExchangeFunctions - [428bdd72] HTTP GET http://localhost:8083/attractions
15:53:19.315 [reactor-http-nio-48] DEBUG reactor.netty.resources.PooledConnectionProvider - [id: 0x81d5694b, L:/127.0.0.1:51900 - R:localhost/127.0.0.1:8083] Channel acquired, now 1 active connections and 300 inactive connections
15:53:19.315 [reactor-http-nio-48] DEBUG reactor.netty.http.client.HttpClientConnect - [id: 0x81d5694b, L:/127.0.0.1:51900 - R:localhost/127.0.0.1:8083] Handler is being applied: {uri=http://localhost:8083/attractions, method=GET}
15:53:19.315 [reactor-http-nio-48] DEBUG reactor.netty.resources.PooledConnectionProvider - [id: 0x81d5694b, L:/127.0.0.1:51900 - R:localhost/127.0.0.1:8083] onStateChange(GET{uri=/attractions, connection=PooledConnection{channel=[id: 0x81d5694b, L:/127.0.0.1:51900 - R:localhost/127.0.0.1:8083]}}, [request_sent])
15:53:19.332 [reactor-http-nio-48] DEBUG reactor.netty.http.client.HttpClientOperations - [id: 0x81d5694b, L:/127.0.0.1:51900 - R:localhost/127.0.0.1:8083] Received response (auto-read:false) : [Content-Type=application/json, Transfer-Encoding=chunked, Date=Wed, 15 Jun 2022 14:53:18 GMT]
15:53:19.332 [reactor-http-nio-48] DEBUG reactor.netty.resources.PooledConnectionProvider - [id: 0x81d5694b, L:/127.0.0.1:51900 - R:localhost/127.0.0.1:8083] onStateChange(GET{uri=/attractions, connection=PooledConnection{channel=[id: 0x81d5694b, L:/127.0.0.1:51900 - R:localhost/127.0.0.1:8083]}}, [response_received])
15:53:19.332 [reactor-http-nio-48] DEBUG org.springframework.web.reactive.function.client.ExchangeFunctions - [428bdd72] Response 200 OK
15:53:19.332 [reactor-http-nio-48] DEBUG reactor.netty.channel.FluxReceive - [id: 0x81d5694b, L:/127.0.0.1:51900 - R:localhost/127.0.0.1:8083] Subscribing inbound receiver [pending: 0, cancelled:false, inboundDone: false]
15:53:19.332 [reactor-http-nio-48] DEBUG reactor.netty.http.client.HttpClientOperations - [id: 0x81d5694b, L:/127.0.0.1:51900 - R:localhost/127.0.0.1:8083] Received last HTTP packet
15:53:19.333 [reactor-http-nio-48] DEBUG org.springframework.core.codec.StringDecoder - [428bdd72] Decoded "[{"longitude":-117.922008,"latitude":33.817595,"attractionName":"Disneyland","city":"Anaheim","stat (truncated)...
15:53:19.333 [reactor-http-nio-48] DEBUG reactor.netty.resources.PooledConnectionProvider - [id: 0x81d5694b, L:/127.0.0.1:51900 - R:localhost/127.0.0.1:8083] onStateChange(GET{uri=/attractions, connection=PooledConnection{channel=[id: 0x81d5694b, L:/127.0.0.1:51900 - R:localhost/127.0.0.1:8083]}}, [disconnecting])
15:53:19.333 [reactor-http-nio-48] DEBUG reactor.netty.resources.PooledConnectionProvider - [id: 0x81d5694b, L:/127.0.0.1:51900 - R:localhost/127.0.0.1:8083] Releasing channel
15:53:19.333 [reactor-http-nio-48] DEBUG reactor.netty.resources.PooledConnectionProvider - [id: 0x81d5694b, L:/127.0.0.1:51900 - R:localhost/127.0.0.1:8083] Channel cleaned, now 0 active connections and 301 inactive connections
15:53:19.334 [Test worker] DEBUG org.springframework.web.reactive.function.client.ExchangeFunctions - [650c405c] HTTP GET http://localhost:8083/attractions
15:53:19.335 [reactor-http-nio-47] DEBUG reactor.netty.resources.PooledConnectionProvider - [id: 0x53e3235d, L:/127.0.0.1:51903 - R:localhost/127.0.0.1:8083] Channel acquired, now 1 active connections and 300 inactive connections
15:53:19.335 [reactor-http-nio-47] DEBUG reactor.netty.http.client.HttpClientConnect - [id: 0x53e3235d, L:/127.0.0.1:51903 - R:localhost/127.0.0.1:8083] Handler is being applied: {uri=http://localhost:8083/attractions, method=GET}
15:53:19.336 [reactor-http-nio-47] DEBUG reactor.netty.resources.PooledConnectionProvider - [id: 0x53e3235d, L:/127.0.0.1:51903 - R:localhost/127.0.0.1:8083] onStateChange(GET{uri=/attractions, connection=PooledConnection{channel=[id: 0x53e3235d, L:/127.0.0.1:51903 - R:localhost/127.0.0.1:8083]}}, [request_sent])
15:53:19.346 [reactor-http-nio-41] DEBUG reactor.netty.http.client.HttpClientOperations - [id: 0x032b5803, L:/127.0.0.1:52034 - R:localhost/127.0.0.1:8084] Received response (auto-read:false) : [Content-Type=application/json, Transfer-Encoding=chunked, Date=Wed, 15 Jun 2022 14:53:19 GMT]
15:53:19.346 [reactor-http-nio-41] DEBUG reactor.netty.resources.PooledConnectionProvider - [id: 0x032b5803, L:/127.0.0.1:52034 - R:localhost/127.0.0.1:8084] onStateChange(GET{uri=/attractionRewardPoint?attractionId=b2a82259-6116-4a01-a16a-f02e516c74df&userId=84b2fa37-782a-495e-800c-5890e31ff510, connection=PooledConnection{channel=[id: 0x032b5803, L:/127.0.0.1:52034 - R:localhost/127.0.0.1:8084]}}, [response_received])
15:53:19.346 [reactor-http-nio-41] DEBUG org.springframework.web.reactive.function.client.ExchangeFunctions - [5dec6311] Response 200 OK
15:53:19.346 [reactor-http-nio-41] DEBUG reactor.netty.channel.FluxReceive - [id: 0x032b5803, L:/127.0.0.1:52034 - R:localhost/127.0.0.1:8084] Subscribing inbound receiver [pending: 0, cancelled:false, inboundDone: false]
15:53:19.347 [reactor-http-nio-41] DEBUG reactor.netty.http.client.HttpClientOperations - [id: 0x032b5803, L:/127.0.0.1:52034 - R:localhost/127.0.0.1:8084] Received last HTTP packet
15:53:19.347 [reactor-http-nio-41] DEBUG org.springframework.core.codec.StringDecoder - [5dec6311] Decoded "191"
15:53:19.347 [reactor-http-nio-41] DEBUG reactor.netty.resources.PooledConnectionProvider - [id: 0x032b5803, L:/127.0.0.1:52034 - R:localhost/127.0.0.1:8084] onStateChange(GET{uri=/attractionRewardPoint?attractionId=b2a82259-6116-4a01-a16a-f02e516c74df&userId=84b2fa37-782a-495e-800c-5890e31ff510, connection=PooledConnection{channel=[id: 0x032b5803, L:/127.0.0.1:52034 - R:localhost/127.0.0.1:8084]}}, [disconnecting])
15:53:19.347 [reactor-http-nio-41] DEBUG reactor.netty.resources.PooledConnectionProvider - [id: 0x032b5803, L:/127.0.0.1:52034 - R:localhost/127.0.0.1:8084] Releasing channel
15:53:19.347 [reactor-http-nio-41] DEBUG reactor.netty.resources.PooledConnectionProvider - [id: 0x032b5803, L:/127.0.0.1:52034 - R:localhost/127.0.0.1:8084] Channel cleaned, now 4 active connections and 77 inactive connections
15:53:19.358 [reactor-http-nio-47] DEBUG reactor.netty.http.client.HttpClientOperations - [id: 0x53e3235d, L:/127.0.0.1:51903 - R:localhost/127.0.0.1:8083] Received response (auto-read:false) : [Content-Type=application/json, Transfer-Encoding=chunked, Date=Wed, 15 Jun 2022 14:53:18 GMT]
15:53:19.358 [reactor-http-nio-47] DEBUG reactor.netty.resources.PooledConnectionProvider - [id: 0x53e3235d, L:/127.0.0.1:51903 - R:localhost/127.0.0.1:8083] onStateChange(GET{uri=/attractions, connection=PooledConnection{channel=[id: 0x53e3235d, L:/127.0.0.1:51903 - R:localhost/127.0.0.1:8083]}}, [response_received])
15:53:19.358 [reactor-http-nio-47] DEBUG org.springframework.web.reactive.function.client.ExchangeFunctions - [650c405c] Response 200 OK
15:53:19.358 [reactor-http-nio-47] DEBUG reactor.netty.channel.FluxReceive - [id: 0x53e3235d, L:/127.0.0.1:51903 - R:localhost/127.0.0.1:8083] Subscribing inbound receiver [pending: 0, cancelled:false, inboundDone: false]
15:53:19.359 [reactor-http-nio-47] DEBUG reactor.netty.http.client.HttpClientOperations - [id: 0x53e3235d, L:/127.0.0.1:51903 - R:localhost/127.0.0.1:8083] Received last HTTP packet
15:53:19.359 [reactor-http-nio-47] DEBUG org.springframework.core.codec.StringDecoder - [650c405c] Decoded "[{"longitude":-117.922008,"latitude":33.817595,"attractionName":"Disneyland","city":"Anaheim","stat (truncated)...
15:53:19.359 [reactor-http-nio-47] DEBUG reactor.netty.resources.PooledConnectionProvider - [id: 0x53e3235d, L:/127.0.0.1:51903 - R:localhost/127.0.0.1:8083] onStateChange(GET{uri=/attractions, connection=PooledConnection{channel=[id: 0x53e3235d, L:/127.0.0.1:51903 - R:localhost/127.0.0.1:8083]}}, [disconnecting])
15:53:19.359 [reactor-http-nio-47] DEBUG reactor.netty.resources.PooledConnectionProvider - [id: 0x53e3235d, L:/127.0.0.1:51903 - R:localhost/127.0.0.1:8083] Releasing channel
15:53:19.359 [reactor-http-nio-47] DEBUG reactor.netty.resources.PooledConnectionProvider - [id: 0x53e3235d, L:/127.0.0.1:51903 - R:localhost/127.0.0.1:8083] Channel cleaned, now 0 active connections and 301 inactive connections
15:53:19.361 [Test worker] DEBUG org.springframework.web.reactive.function.client.ExchangeFunctions - [20eaeaf8] HTTP GET http://localhost:8083/attractions
15:53:19.363 [reactor-http-nio-41] DEBUG reactor.netty.resources.PooledConnectionProvider - [id: 0xaec00cf3, L:/127.0.0.1:51929 - R:localhost/127.0.0.1:8083] Channel acquired, now 1 active connections and 300 inactive connections
15:53:19.363 [reactor-http-nio-41] DEBUG reactor.netty.http.client.HttpClientConnect - [id: 0xaec00cf3, L:/127.0.0.1:51929 - R:localhost/127.0.0.1:8083] Handler is being applied: {uri=http://localhost:8083/attractions, method=GET}
15:53:19.364 [reactor-http-nio-41] DEBUG reactor.netty.resources.PooledConnectionProvider - [id: 0xaec00cf3, L:/127.0.0.1:51929 - R:localhost/127.0.0.1:8083] onStateChange(GET{uri=/attractions, connection=PooledConnection{channel=[id: 0xaec00cf3, L:/127.0.0.1:51929 - R:localhost/127.0.0.1:8083]}}, [request_sent])
15:53:19.377 [reactor-http-nio-41] DEBUG reactor.netty.http.client.HttpClientOperations - [id: 0xaec00cf3, L:/127.0.0.1:51929 - R:localhost/127.0.0.1:8083] Received response (auto-read:false) : [Content-Type=application/json, Transfer-Encoding=chunked, Date=Wed, 15 Jun 2022 14:53:18 GMT]
15:53:19.377 [reactor-http-nio-41] DEBUG reactor.netty.resources.PooledConnectionProvider - [id: 0xaec00cf3, L:/127.0.0.1:51929 - R:localhost/127.0.0.1:8083] onStateChange(GET{uri=/attractions, connection=PooledConnection{channel=[id: 0xaec00cf3, L:/127.0.0.1:51929 - R:localhost/127.0.0.1:8083]}}, [response_received])
15:53:19.377 [reactor-http-nio-41] DEBUG org.springframework.web.reactive.function.client.ExchangeFunctions - [20eaeaf8] Response 200 OK
15:53:19.377 [reactor-http-nio-41] DEBUG reactor.netty.channel.FluxReceive - [id: 0xaec00cf3, L:/127.0.0.1:51929 - R:localhost/127.0.0.1:8083] Subscribing inbound receiver [pending: 0, cancelled:false, inboundDone: false]
15:53:19.378 [reactor-http-nio-41] DEBUG reactor.netty.http.client.HttpClientOperations - [id: 0xaec00cf3, L:/127.0.0.1:51929 - R:localhost/127.0.0.1:8083] Received last HTTP packet
15:53:19.378 [reactor-http-nio-41] DEBUG org.springframework.core.codec.StringDecoder - [20eaeaf8] Decoded "[{"longitude":-117.922008,"latitude":33.817595,"attractionName":"Disneyland","city":"Anaheim","stat (truncated)...
15:53:19.378 [reactor-http-nio-41] DEBUG reactor.netty.resources.PooledConnectionProvider - [id: 0xaec00cf3, L:/127.0.0.1:51929 - R:localhost/127.0.0.1:8083] onStateChange(GET{uri=/attractions, connection=PooledConnection{channel=[id: 0xaec00cf3, L:/127.0.0.1:51929 - R:localhost/127.0.0.1:8083]}}, [disconnecting])
15:53:19.378 [reactor-http-nio-41] DEBUG reactor.netty.resources.PooledConnectionProvider - [id: 0xaec00cf3, L:/127.0.0.1:51929 - R:localhost/127.0.0.1:8083] Releasing channel
15:53:19.378 [reactor-http-nio-41] DEBUG reactor.netty.resources.PooledConnectionProvider - [id: 0xaec00cf3, L:/127.0.0.1:51929 - R:localhost/127.0.0.1:8083] Channel cleaned, now 0 active connections and 301 inactive connections
15:53:19.379 [Test worker] DEBUG org.springframework.web.reactive.function.client.ExchangeFunctions - [748ac6f3] HTTP GET http://localhost:8083/attractions
15:53:19.382 [reactor-http-nio-48] DEBUG reactor.netty.resources.PooledConnectionProvider - [id: 0x95b5a580, L:/127.0.0.1:51906 - R:localhost/127.0.0.1:8083] Channel acquired, now 1 active connections and 300 inactive connections
15:53:19.382 [reactor-http-nio-48] DEBUG reactor.netty.http.client.HttpClientConnect - [id: 0x95b5a580, L:/127.0.0.1:51906 - R:localhost/127.0.0.1:8083] Handler is being applied: {uri=http://localhost:8083/attractions, method=GET}
15:53:19.383 [reactor-http-nio-48] DEBUG reactor.netty.resources.PooledConnectionProvider - [id: 0x95b5a580, L:/127.0.0.1:51906 - R:localhost/127.0.0.1:8083] onStateChange(GET{uri=/attractions, connection=PooledConnection{channel=[id: 0x95b5a580, L:/127.0.0.1:51906 - R:localhost/127.0.0.1:8083]}}, [request_sent])
15:53:19.399 [reactor-http-nio-48] DEBUG reactor.netty.http.client.HttpClientOperations - [id: 0xc9e9c258, L:/127.0.0.1:51995 - R:localhost/127.0.0.1:8084] Received response (auto-read:false) : [Content-Type=application/json, Transfer-Encoding=chunked, Date=Wed, 15 Jun 2022 14:53:19 GMT]
15:53:19.399 [reactor-http-nio-48] DEBUG reactor.netty.resources.PooledConnectionProvider - [id: 0xc9e9c258, L:/127.0.0.1:51995 - R:localhost/127.0.0.1:8084] onStateChange(GET{uri=/attractionRewardPoint?attractionId=99a62f2e-4d3d-4849-b8bf-9bc29387eff6&userId=69b999b4-96bf-4513-85fb-d346fdb56545, connection=PooledConnection{channel=[id: 0xc9e9c258, L:/127.0.0.1:51995 - R:localhost/127.0.0.1:8084]}}, [response_received])
15:53:19.399 [reactor-http-nio-48] DEBUG org.springframework.web.reactive.function.client.ExchangeFunctions - [46eac1c5] Response 200 OK
15:53:19.399 [reactor-http-nio-48] DEBUG reactor.netty.channel.FluxReceive - [id: 0xc9e9c258, L:/127.0.0.1:51995 - R:localhost/127.0.0.1:8084] Subscribing inbound receiver [pending: 0, cancelled:false, inboundDone: false]
15:53:19.400 [reactor-http-nio-48] DEBUG reactor.netty.http.client.HttpClientOperations - [id: 0xc9e9c258, L:/127.0.0.1:51995 - R:localhost/127.0.0.1:8084] Received last HTTP packet
15:53:19.400 [reactor-http-nio-48] DEBUG org.springframework.core.codec.StringDecoder - [46eac1c5] Decoded "818"
15:53:19.400 [reactor-http-nio-48] DEBUG reactor.netty.resources.PooledConnectionProvider - [id: 0xc9e9c258, L:/127.0.0.1:51995 - R:localhost/127.0.0.1:8084] onStateChange(GET{uri=/attractionRewardPoint?attractionId=99a62f2e-4d3d-4849-b8bf-9bc29387eff6&userId=69b999b4-96bf-4513-85fb-d346fdb56545, connection=PooledConnection{channel=[id: 0xc9e9c258, L:/127.0.0.1:51995 - R:localhost/127.0.0.1:8084]}}, [disconnecting])
15:53:19.400 [reactor-http-nio-48] DEBUG reactor.netty.resources.PooledConnectionProvider - [id: 0xc9e9c258, L:/127.0.0.1:51995 - R:localhost/127.0.0.1:8084] Releasing channel
15:53:19.400 [reactor-http-nio-48] DEBUG reactor.netty.resources.PooledConnectionProvider - [id: 0xc9e9c258, L:/127.0.0.1:51995 - R:localhost/127.0.0.1:8084] Channel cleaned, now 3 active connections and 78 inactive connections
15:53:19.406 [reactor-http-nio-48] DEBUG reactor.netty.http.client.HttpClientOperations - [id: 0x95b5a580, L:/127.0.0.1:51906 - R:localhost/127.0.0.1:8083] Received response (auto-read:false) : [Content-Type=application/json, Transfer-Encoding=chunked, Date=Wed, 15 Jun 2022 14:53:18 GMT]
15:53:19.406 [reactor-http-nio-48] DEBUG reactor.netty.resources.PooledConnectionProvider - [id: 0x95b5a580, L:/127.0.0.1:51906 - R:localhost/127.0.0.1:8083] onStateChange(GET{uri=/attractions, connection=PooledConnection{channel=[id: 0x95b5a580, L:/127.0.0.1:51906 - R:localhost/127.0.0.1:8083]}}, [response_received])
15:53:19.406 [reactor-http-nio-48] DEBUG org.springframework.web.reactive.function.client.ExchangeFunctions - [748ac6f3] Response 200 OK
15:53:19.406 [reactor-http-nio-48] DEBUG reactor.netty.channel.FluxReceive - [id: 0x95b5a580, L:/127.0.0.1:51906 - R:localhost/127.0.0.1:8083] Subscribing inbound receiver [pending: 0, cancelled:false, inboundDone: false]
15:53:19.406 [reactor-http-nio-48] DEBUG reactor.netty.http.client.HttpClientOperations - [id: 0x95b5a580, L:/127.0.0.1:51906 - R:localhost/127.0.0.1:8083] Received last HTTP packet
15:53:19.406 [reactor-http-nio-48] DEBUG org.springframework.core.codec.StringDecoder - [748ac6f3] Decoded "[{"longitude":-117.922008,"latitude":33.817595,"attractionName":"Disneyland","city":"Anaheim","stat (truncated)...
15:53:19.406 [reactor-http-nio-48] DEBUG reactor.netty.resources.PooledConnectionProvider - [id: 0x95b5a580, L:/127.0.0.1:51906 - R:localhost/127.0.0.1:8083] onStateChange(GET{uri=/attractions, connection=PooledConnection{channel=[id: 0x95b5a580, L:/127.0.0.1:51906 - R:localhost/127.0.0.1:8083]}}, [disconnecting])
15:53:19.406 [reactor-http-nio-48] DEBUG reactor.netty.resources.PooledConnectionProvider - [id: 0x95b5a580, L:/127.0.0.1:51906 - R:localhost/127.0.0.1:8083] Releasing channel
15:53:19.406 [reactor-http-nio-48] DEBUG reactor.netty.resources.PooledConnectionProvider - [id: 0x95b5a580, L:/127.0.0.1:51906 - R:localhost/127.0.0.1:8083] Channel cleaned, now 0 active connections and 301 inactive connections
15:53:19.408 [Test worker] DEBUG org.springframework.web.reactive.function.client.ExchangeFunctions - [68f6e55d] HTTP GET http://localhost:8083/attractions
15:53:19.409 [reactor-http-nio-46] DEBUG reactor.netty.resources.PooledConnectionProvider - [id: 0x9443a469, L:/127.0.0.1:51952 - R:localhost/127.0.0.1:8083] Channel acquired, now 1 active connections and 300 inactive connections
15:53:19.409 [reactor-http-nio-46] DEBUG reactor.netty.http.client.HttpClientConnect - [id: 0x9443a469, L:/127.0.0.1:51952 - R:localhost/127.0.0.1:8083] Handler is being applied: {uri=http://localhost:8083/attractions, method=GET}
15:53:19.410 [reactor-http-nio-46] DEBUG reactor.netty.resources.PooledConnectionProvider - [id: 0x9443a469, L:/127.0.0.1:51952 - R:localhost/127.0.0.1:8083] onStateChange(GET{uri=/attractions, connection=PooledConnection{channel=[id: 0x9443a469, L:/127.0.0.1:51952 - R:localhost/127.0.0.1:8083]}}, [request_sent])
15:53:19.425 [reactor-http-nio-46] DEBUG reactor.netty.http.client.HttpClientOperations - [id: 0x9443a469, L:/127.0.0.1:51952 - R:localhost/127.0.0.1:8083] Received response (auto-read:false) : [Content-Type=application/json, Transfer-Encoding=chunked, Date=Wed, 15 Jun 2022 14:53:18 GMT]
15:53:19.425 [reactor-http-nio-46] DEBUG reactor.netty.resources.PooledConnectionProvider - [id: 0x9443a469, L:/127.0.0.1:51952 - R:localhost/127.0.0.1:8083] onStateChange(GET{uri=/attractions, connection=PooledConnection{channel=[id: 0x9443a469, L:/127.0.0.1:51952 - R:localhost/127.0.0.1:8083]}}, [response_received])
15:53:19.425 [reactor-http-nio-46] DEBUG org.springframework.web.reactive.function.client.ExchangeFunctions - [68f6e55d] Response 200 OK
15:53:19.425 [reactor-http-nio-46] DEBUG reactor.netty.channel.FluxReceive - [id: 0x9443a469, L:/127.0.0.1:51952 - R:localhost/127.0.0.1:8083] Subscribing inbound receiver [pending: 0, cancelled:false, inboundDone: false]
15:53:19.426 [reactor-http-nio-46] DEBUG reactor.netty.http.client.HttpClientOperations - [id: 0x9443a469, L:/127.0.0.1:51952 - R:localhost/127.0.0.1:8083] Received last HTTP packet
15:53:19.426 [reactor-http-nio-46] DEBUG org.springframework.core.codec.StringDecoder - [68f6e55d] Decoded "[{"longitude":-117.922008,"latitude":33.817595,"attractionName":"Disneyland","city":"Anaheim","stat (truncated)...
15:53:19.426 [reactor-http-nio-46] DEBUG reactor.netty.resources.PooledConnectionProvider - [id: 0x9443a469, L:/127.0.0.1:51952 - R:localhost/127.0.0.1:8083] onStateChange(GET{uri=/attractions, connection=PooledConnection{channel=[id: 0x9443a469, L:/127.0.0.1:51952 - R:localhost/127.0.0.1:8083]}}, [disconnecting])
15:53:19.426 [reactor-http-nio-46] DEBUG reactor.netty.resources.PooledConnectionProvider - [id: 0x9443a469, L:/127.0.0.1:51952 - R:localhost/127.0.0.1:8083] Releasing channel
15:53:19.426 [reactor-http-nio-46] DEBUG reactor.netty.resources.PooledConnectionProvider - [id: 0x9443a469, L:/127.0.0.1:51952 - R:localhost/127.0.0.1:8083] Channel cleaned, now 0 active connections and 301 inactive connections
15:53:19.427 [Test worker] DEBUG org.springframework.web.reactive.function.client.ExchangeFunctions - [6fff46bf] HTTP GET http://localhost:8083/attractions
15:53:19.430 [reactor-http-nio-46] DEBUG reactor.netty.resources.PooledConnectionProvider - [id: 0xca7f278b, L:/127.0.0.1:51829 - R:localhost/127.0.0.1:8083] Channel acquired, now 1 active connections and 300 inactive connections
15:53:19.430 [reactor-http-nio-46] DEBUG reactor.netty.http.client.HttpClientConnect - [id: 0xca7f278b, L:/127.0.0.1:51829 - R:localhost/127.0.0.1:8083] Handler is being applied: {uri=http://localhost:8083/attractions, method=GET}
15:53:19.431 [reactor-http-nio-46] DEBUG reactor.netty.resources.PooledConnectionProvider - [id: 0xca7f278b, L:/127.0.0.1:51829 - R:localhost/127.0.0.1:8083] onStateChange(GET{uri=/attractions, connection=PooledConnection{channel=[id: 0xca7f278b, L:/127.0.0.1:51829 - R:localhost/127.0.0.1:8083]}}, [request_sent])
15:53:19.449 [reactor-http-nio-46] DEBUG reactor.netty.http.client.HttpClientOperations - [id: 0xca7f278b, L:/127.0.0.1:51829 - R:localhost/127.0.0.1:8083] Received response (auto-read:false) : [Content-Type=application/json, Transfer-Encoding=chunked, Date=Wed, 15 Jun 2022 14:53:18 GMT]
15:53:19.449 [reactor-http-nio-46] DEBUG reactor.netty.resources.PooledConnectionProvider - [id: 0xca7f278b, L:/127.0.0.1:51829 - R:localhost/127.0.0.1:8083] onStateChange(GET{uri=/attractions, connection=PooledConnection{channel=[id: 0xca7f278b, L:/127.0.0.1:51829 - R:localhost/127.0.0.1:8083]}}, [response_received])
15:53:19.449 [reactor-http-nio-46] DEBUG org.springframework.web.reactive.function.client.ExchangeFunctions - [6fff46bf] Response 200 OK
15:53:19.449 [reactor-http-nio-46] DEBUG reactor.netty.channel.FluxReceive - [id: 0xca7f278b, L:/127.0.0.1:51829 - R:localhost/127.0.0.1:8083] Subscribing inbound receiver [pending: 0, cancelled:false, inboundDone: false]
15:53:19.449 [reactor-http-nio-46] DEBUG reactor.netty.http.client.HttpClientOperations - [id: 0xca7f278b, L:/127.0.0.1:51829 - R:localhost/127.0.0.1:8083] Received last HTTP packet
15:53:19.449 [reactor-http-nio-46] DEBUG org.springframework.core.codec.StringDecoder - [6fff46bf] Decoded "[{"longitude":-117.922008,"latitude":33.817595,"attractionName":"Disneyland","city":"Anaheim","stat (truncated)...
15:53:19.449 [reactor-http-nio-46] DEBUG reactor.netty.resources.PooledConnectionProvider - [id: 0xca7f278b, L:/127.0.0.1:51829 - R:localhost/127.0.0.1:8083] onStateChange(GET{uri=/attractions, connection=PooledConnection{channel=[id: 0xca7f278b, L:/127.0.0.1:51829 - R:localhost/127.0.0.1:8083]}}, [disconnecting])
15:53:19.449 [reactor-http-nio-46] DEBUG reactor.netty.resources.PooledConnectionProvider - [id: 0xca7f278b, L:/127.0.0.1:51829 - R:localhost/127.0.0.1:8083] Releasing channel
15:53:19.449 [reactor-http-nio-46] DEBUG reactor.netty.resources.PooledConnectionProvider - [id: 0xca7f278b, L:/127.0.0.1:51829 - R:localhost/127.0.0.1:8083] Channel cleaned, now 0 active connections and 301 inactive connections
15:53:19.450 [Test worker] DEBUG org.springframework.web.reactive.function.client.ExchangeFunctions - [1835dc92] HTTP GET http://localhost:8083/attractions
15:53:19.453 [reactor-http-nio-47] DEBUG reactor.netty.resources.PooledConnectionProvider - [id: 0x6caa1951, L:/127.0.0.1:51695 - R:localhost/127.0.0.1:8083] Channel acquired, now 1 active connections and 300 inactive connections
15:53:19.453 [reactor-http-nio-47] DEBUG reactor.netty.http.client.HttpClientConnect - [id: 0x6caa1951, L:/127.0.0.1:51695 - R:localhost/127.0.0.1:8083] Handler is being applied: {uri=http://localhost:8083/attractions, method=GET}
15:53:19.454 [reactor-http-nio-47] DEBUG reactor.netty.resources.PooledConnectionProvider - [id: 0x6caa1951, L:/127.0.0.1:51695 - R:localhost/127.0.0.1:8083] onStateChange(GET{uri=/attractions, connection=PooledConnection{channel=[id: 0x6caa1951, L:/127.0.0.1:51695 - R:localhost/127.0.0.1:8083]}}, [request_sent])
15:53:19.467 [reactor-http-nio-47] DEBUG reactor.netty.http.client.HttpClientOperations - [id: 0x6caa1951, L:/127.0.0.1:51695 - R:localhost/127.0.0.1:8083] Received response (auto-read:false) : [Content-Type=application/json, Transfer-Encoding=chunked, Date=Wed, 15 Jun 2022 14:53:18 GMT]
15:53:19.467 [reactor-http-nio-47] DEBUG reactor.netty.resources.PooledConnectionProvider - [id: 0x6caa1951, L:/127.0.0.1:51695 - R:localhost/127.0.0.1:8083] onStateChange(GET{uri=/attractions, connection=PooledConnection{channel=[id: 0x6caa1951, L:/127.0.0.1:51695 - R:localhost/127.0.0.1:8083]}}, [response_received])
15:53:19.467 [reactor-http-nio-47] DEBUG org.springframework.web.reactive.function.client.ExchangeFunctions - [1835dc92] Response 200 OK
15:53:19.467 [reactor-http-nio-47] DEBUG reactor.netty.channel.FluxReceive - [id: 0x6caa1951, L:/127.0.0.1:51695 - R:localhost/127.0.0.1:8083] Subscribing inbound receiver [pending: 0, cancelled:false, inboundDone: false]
15:53:19.467 [reactor-http-nio-47] DEBUG reactor.netty.http.client.HttpClientOperations - [id: 0x6caa1951, L:/127.0.0.1:51695 - R:localhost/127.0.0.1:8083] Received last HTTP packet
15:53:19.467 [reactor-http-nio-47] DEBUG org.springframework.core.codec.StringDecoder - [1835dc92] Decoded "[{"longitude":-117.922008,"latitude":33.817595,"attractionName":"Disneyland","city":"Anaheim","stat (truncated)...
15:53:19.467 [reactor-http-nio-47] DEBUG reactor.netty.resources.PooledConnectionProvider - [id: 0x6caa1951, L:/127.0.0.1:51695 - R:localhost/127.0.0.1:8083] onStateChange(GET{uri=/attractions, connection=PooledConnection{channel=[id: 0x6caa1951, L:/127.0.0.1:51695 - R:localhost/127.0.0.1:8083]}}, [disconnecting])
15:53:19.467 [reactor-http-nio-47] DEBUG reactor.netty.resources.PooledConnectionProvider - [id: 0x6caa1951, L:/127.0.0.1:51695 - R:localhost/127.0.0.1:8083] Releasing channel
15:53:19.467 [reactor-http-nio-47] DEBUG reactor.netty.resources.PooledConnectionProvider - [id: 0x6caa1951, L:/127.0.0.1:51695 - R:localhost/127.0.0.1:8083] Channel cleaned, now 0 active connections and 301 inactive connections
15:53:19.469 [Test worker] DEBUG org.springframework.web.reactive.function.client.ExchangeFunctions - [3aaa3c39] HTTP GET http://localhost:8083/attractions
15:53:19.471 [reactor-http-nio-48] DEBUG reactor.netty.resources.PooledConnectionProvider - [id: 0x735db106, L:/127.0.0.1:51888 - R:localhost/127.0.0.1:8083] Channel acquired, now 1 active connections and 300 inactive connections
15:53:19.471 [reactor-http-nio-48] DEBUG reactor.netty.http.client.HttpClientConnect - [id: 0x735db106, L:/127.0.0.1:51888 - R:localhost/127.0.0.1:8083] Handler is being applied: {uri=http://localhost:8083/attractions, method=GET}
15:53:19.473 [reactor-http-nio-48] DEBUG reactor.netty.resources.PooledConnectionProvider - [id: 0x735db106, L:/127.0.0.1:51888 - R:localhost/127.0.0.1:8083] onStateChange(GET{uri=/attractions, connection=PooledConnection{channel=[id: 0x735db106, L:/127.0.0.1:51888 - R:localhost/127.0.0.1:8083]}}, [request_sent])
15:53:19.485 [reactor-http-nio-48] DEBUG reactor.netty.http.client.HttpClientOperations - [id: 0x735db106, L:/127.0.0.1:51888 - R:localhost/127.0.0.1:8083] Received response (auto-read:false) : [Content-Type=application/json, Transfer-Encoding=chunked, Date=Wed, 15 Jun 2022 14:53:18 GMT]
15:53:19.485 [reactor-http-nio-48] DEBUG reactor.netty.resources.PooledConnectionProvider - [id: 0x735db106, L:/127.0.0.1:51888 - R:localhost/127.0.0.1:8083] onStateChange(GET{uri=/attractions, connection=PooledConnection{channel=[id: 0x735db106, L:/127.0.0.1:51888 - R:localhost/127.0.0.1:8083]}}, [response_received])
15:53:19.485 [reactor-http-nio-48] DEBUG org.springframework.web.reactive.function.client.ExchangeFunctions - [3aaa3c39] Response 200 OK
15:53:19.486 [reactor-http-nio-48] DEBUG reactor.netty.channel.FluxReceive - [id: 0x735db106, L:/127.0.0.1:51888 - R:localhost/127.0.0.1:8083] Subscribing inbound receiver [pending: 0, cancelled:false, inboundDone: false]
15:53:19.486 [reactor-http-nio-48] DEBUG reactor.netty.http.client.HttpClientOperations - [id: 0x735db106, L:/127.0.0.1:51888 - R:localhost/127.0.0.1:8083] Received last HTTP packet
15:53:19.486 [reactor-http-nio-48] DEBUG org.springframework.core.codec.StringDecoder - [3aaa3c39] Decoded "[{"longitude":-117.922008,"latitude":33.817595,"attractionName":"Disneyland","city":"Anaheim","stat (truncated)...
15:53:19.486 [reactor-http-nio-48] DEBUG reactor.netty.resources.PooledConnectionProvider - [id: 0x735db106, L:/127.0.0.1:51888 - R:localhost/127.0.0.1:8083] onStateChange(GET{uri=/attractions, connection=PooledConnection{channel=[id: 0x735db106, L:/127.0.0.1:51888 - R:localhost/127.0.0.1:8083]}}, [disconnecting])
15:53:19.486 [reactor-http-nio-48] DEBUG reactor.netty.resources.PooledConnectionProvider - [id: 0x735db106, L:/127.0.0.1:51888 - R:localhost/127.0.0.1:8083] Releasing channel
15:53:19.486 [reactor-http-nio-48] DEBUG reactor.netty.resources.PooledConnectionProvider - [id: 0x735db106, L:/127.0.0.1:51888 - R:localhost/127.0.0.1:8083] Channel cleaned, now 0 active connections and 301 inactive connections
15:53:19.487 [Test worker] DEBUG org.springframework.web.reactive.function.client.ExchangeFunctions - [65a9ea3c] HTTP GET http://localhost:8083/attractions
15:53:19.488 [reactor-http-nio-46] DEBUG reactor.netty.resources.PooledConnectionProvider - [id: 0xe5282f4b, L:/127.0.0.1:51960 - R:localhost/127.0.0.1:8083] Channel acquired, now 1 active connections and 300 inactive connections
15:53:19.488 [reactor-http-nio-46] DEBUG reactor.netty.http.client.HttpClientConnect - [id: 0xe5282f4b, L:/127.0.0.1:51960 - R:localhost/127.0.0.1:8083] Handler is being applied: {uri=http://localhost:8083/attractions, method=GET}
15:53:19.489 [reactor-http-nio-46] DEBUG reactor.netty.resources.PooledConnectionProvider - [id: 0xe5282f4b, L:/127.0.0.1:51960 - R:localhost/127.0.0.1:8083] onStateChange(GET{uri=/attractions, connection=PooledConnection{channel=[id: 0xe5282f4b, L:/127.0.0.1:51960 - R:localhost/127.0.0.1:8083]}}, [request_sent])
15:53:19.490 [reactor-http-nio-46] DEBUG reactor.netty.http.client.HttpClientOperations - [id: 0x1246ce27, L:/127.0.0.1:51988 - R:localhost/127.0.0.1:8084] Received response (auto-read:false) : [Content-Type=application/json, Transfer-Encoding=chunked, Date=Wed, 15 Jun 2022 14:53:19 GMT]
15:53:19.490 [reactor-http-nio-46] DEBUG reactor.netty.resources.PooledConnectionProvider - [id: 0x1246ce27, L:/127.0.0.1:51988 - R:localhost/127.0.0.1:8084] onStateChange(GET{uri=/attractionRewardPoint?attractionId=d20f8ebe-ba9d-4a98-a425-46ba585aa94b&userId=085343c5-058e-4308-80b3-fd18b88d975d, connection=PooledConnection{channel=[id: 0x1246ce27, L:/127.0.0.1:51988 - R:localhost/127.0.0.1:8084]}}, [response_received])
15:53:19.490 [reactor-http-nio-46] DEBUG org.springframework.web.reactive.function.client.ExchangeFunctions - [312b1f72] Response 200 OK
15:53:19.490 [reactor-http-nio-46] DEBUG reactor.netty.channel.FluxReceive - [id: 0x1246ce27, L:/127.0.0.1:51988 - R:localhost/127.0.0.1:8084] Subscribing inbound receiver [pending: 0, cancelled:false, inboundDone: false]
15:53:19.490 [reactor-http-nio-46] DEBUG reactor.netty.http.client.HttpClientOperations - [id: 0x1246ce27, L:/127.0.0.1:51988 - R:localhost/127.0.0.1:8084] Received last HTTP packet
15:53:19.490 [reactor-http-nio-46] DEBUG org.springframework.core.codec.StringDecoder - [312b1f72] Decoded "680"
15:53:19.490 [reactor-http-nio-46] DEBUG reactor.netty.resources.PooledConnectionProvider - [id: 0x1246ce27, L:/127.0.0.1:51988 - R:localhost/127.0.0.1:8084] onStateChange(GET{uri=/attractionRewardPoint?attractionId=d20f8ebe-ba9d-4a98-a425-46ba585aa94b&userId=085343c5-058e-4308-80b3-fd18b88d975d, connection=PooledConnection{channel=[id: 0x1246ce27, L:/127.0.0.1:51988 - R:localhost/127.0.0.1:8084]}}, [disconnecting])
15:53:19.490 [reactor-http-nio-46] DEBUG reactor.netty.resources.PooledConnectionProvider - [id: 0x1246ce27, L:/127.0.0.1:51988 - R:localhost/127.0.0.1:8084] Releasing channel
15:53:19.491 [reactor-http-nio-46] DEBUG reactor.netty.resources.PooledConnectionProvider - [id: 0x1246ce27, L:/127.0.0.1:51988 - R:localhost/127.0.0.1:8084] Channel cleaned, now 2 active connections and 79 inactive connections
15:53:19.501 [reactor-http-nio-46] DEBUG reactor.netty.http.client.HttpClientOperations - [id: 0xe5282f4b, L:/127.0.0.1:51960 - R:localhost/127.0.0.1:8083] Received response (auto-read:false) : [Content-Type=application/json, Transfer-Encoding=chunked, Date=Wed, 15 Jun 2022 14:53:18 GMT]
15:53:19.501 [reactor-http-nio-46] DEBUG reactor.netty.resources.PooledConnectionProvider - [id: 0xe5282f4b, L:/127.0.0.1:51960 - R:localhost/127.0.0.1:8083] onStateChange(GET{uri=/attractions, connection=PooledConnection{channel=[id: 0xe5282f4b, L:/127.0.0.1:51960 - R:localhost/127.0.0.1:8083]}}, [response_received])
15:53:19.502 [reactor-http-nio-46] DEBUG org.springframework.web.reactive.function.client.ExchangeFunctions - [65a9ea3c] Response 200 OK
15:53:19.502 [reactor-http-nio-46] DEBUG reactor.netty.channel.FluxReceive - [id: 0xe5282f4b, L:/127.0.0.1:51960 - R:localhost/127.0.0.1:8083] Subscribing inbound receiver [pending: 0, cancelled:false, inboundDone: false]
15:53:19.502 [reactor-http-nio-46] DEBUG reactor.netty.http.client.HttpClientOperations - [id: 0xe5282f4b, L:/127.0.0.1:51960 - R:localhost/127.0.0.1:8083] Received last HTTP packet
15:53:19.502 [reactor-http-nio-46] DEBUG org.springframework.core.codec.StringDecoder - [65a9ea3c] Decoded "[{"longitude":-117.922008,"latitude":33.817595,"attractionName":"Disneyland","city":"Anaheim","stat (truncated)...
15:53:19.502 [reactor-http-nio-46] DEBUG reactor.netty.resources.PooledConnectionProvider - [id: 0xe5282f4b, L:/127.0.0.1:51960 - R:localhost/127.0.0.1:8083] onStateChange(GET{uri=/attractions, connection=PooledConnection{channel=[id: 0xe5282f4b, L:/127.0.0.1:51960 - R:localhost/127.0.0.1:8083]}}, [disconnecting])
15:53:19.502 [reactor-http-nio-46] DEBUG reactor.netty.resources.PooledConnectionProvider - [id: 0xe5282f4b, L:/127.0.0.1:51960 - R:localhost/127.0.0.1:8083] Releasing channel
15:53:19.502 [reactor-http-nio-46] DEBUG reactor.netty.resources.PooledConnectionProvider - [id: 0xe5282f4b, L:/127.0.0.1:51960 - R:localhost/127.0.0.1:8083] Channel cleaned, now 0 active connections and 301 inactive connections
15:53:19.503 [Test worker] DEBUG org.springframework.web.reactive.function.client.ExchangeFunctions - [70f68288] HTTP GET http://localhost:8083/attractions
15:53:19.504 [reactor-http-nio-47] DEBUG reactor.netty.resources.PooledConnectionProvider - [id: 0x0c88f8fd, L:/127.0.0.1:51848 - R:localhost/127.0.0.1:8083] Channel acquired, now 1 active connections and 300 inactive connections
15:53:19.504 [reactor-http-nio-47] DEBUG reactor.netty.http.client.HttpClientConnect - [id: 0x0c88f8fd, L:/127.0.0.1:51848 - R:localhost/127.0.0.1:8083] Handler is being applied: {uri=http://localhost:8083/attractions, method=GET}
15:53:19.504 [reactor-http-nio-47] DEBUG reactor.netty.resources.PooledConnectionProvider - [id: 0x0c88f8fd, L:/127.0.0.1:51848 - R:localhost/127.0.0.1:8083] onStateChange(GET{uri=/attractions, connection=PooledConnection{channel=[id: 0x0c88f8fd, L:/127.0.0.1:51848 - R:localhost/127.0.0.1:8083]}}, [request_sent])
15:53:19.517 [reactor-http-nio-47] DEBUG reactor.netty.http.client.HttpClientOperations - [id: 0x0c88f8fd, L:/127.0.0.1:51848 - R:localhost/127.0.0.1:8083] Received response (auto-read:false) : [Content-Type=application/json, Transfer-Encoding=chunked, Date=Wed, 15 Jun 2022 14:53:18 GMT]
15:53:19.517 [reactor-http-nio-47] DEBUG reactor.netty.resources.PooledConnectionProvider - [id: 0x0c88f8fd, L:/127.0.0.1:51848 - R:localhost/127.0.0.1:8083] onStateChange(GET{uri=/attractions, connection=PooledConnection{channel=[id: 0x0c88f8fd, L:/127.0.0.1:51848 - R:localhost/127.0.0.1:8083]}}, [response_received])
15:53:19.517 [reactor-http-nio-47] DEBUG org.springframework.web.reactive.function.client.ExchangeFunctions - [70f68288] Response 200 OK
15:53:19.518 [reactor-http-nio-47] DEBUG reactor.netty.channel.FluxReceive - [id: 0x0c88f8fd, L:/127.0.0.1:51848 - R:localhost/127.0.0.1:8083] Subscribing inbound receiver [pending: 0, cancelled:false, inboundDone: false]
15:53:19.518 [reactor-http-nio-47] DEBUG reactor.netty.http.client.HttpClientOperations - [id: 0x0c88f8fd, L:/127.0.0.1:51848 - R:localhost/127.0.0.1:8083] Received last HTTP packet
15:53:19.518 [reactor-http-nio-47] DEBUG org.springframework.core.codec.StringDecoder - [70f68288] Decoded "[{"longitude":-117.922008,"latitude":33.817595,"attractionName":"Disneyland","city":"Anaheim","stat (truncated)...
15:53:19.518 [reactor-http-nio-47] DEBUG reactor.netty.resources.PooledConnectionProvider - [id: 0x0c88f8fd, L:/127.0.0.1:51848 - R:localhost/127.0.0.1:8083] onStateChange(GET{uri=/attractions, connection=PooledConnection{channel=[id: 0x0c88f8fd, L:/127.0.0.1:51848 - R:localhost/127.0.0.1:8083]}}, [disconnecting])
15:53:19.518 [reactor-http-nio-47] DEBUG reactor.netty.resources.PooledConnectionProvider - [id: 0x0c88f8fd, L:/127.0.0.1:51848 - R:localhost/127.0.0.1:8083] Releasing channel
15:53:19.518 [reactor-http-nio-47] DEBUG reactor.netty.resources.PooledConnectionProvider - [id: 0x0c88f8fd, L:/127.0.0.1:51848 - R:localhost/127.0.0.1:8083] Channel cleaned, now 0 active connections and 301 inactive connections
15:53:19.519 [Test worker] DEBUG org.springframework.web.reactive.function.client.ExchangeFunctions - [46911148] HTTP GET http://localhost:8083/attractions
15:53:19.521 [reactor-http-nio-47] DEBUG reactor.netty.resources.PooledConnectionProvider - [id: 0xa7d8e8a3, L:/127.0.0.1:51682 - R:localhost/127.0.0.1:8083] Channel acquired, now 1 active connections and 300 inactive connections
15:53:19.521 [reactor-http-nio-47] DEBUG reactor.netty.http.client.HttpClientConnect - [id: 0xa7d8e8a3, L:/127.0.0.1:51682 - R:localhost/127.0.0.1:8083] Handler is being applied: {uri=http://localhost:8083/attractions, method=GET}
15:53:19.522 [reactor-http-nio-47] DEBUG reactor.netty.resources.PooledConnectionProvider - [id: 0xa7d8e8a3, L:/127.0.0.1:51682 - R:localhost/127.0.0.1:8083] onStateChange(GET{uri=/attractions, connection=PooledConnection{channel=[id: 0xa7d8e8a3, L:/127.0.0.1:51682 - R:localhost/127.0.0.1:8083]}}, [request_sent])
15:53:19.535 [reactor-http-nio-47] DEBUG reactor.netty.http.client.HttpClientOperations - [id: 0xa7d8e8a3, L:/127.0.0.1:51682 - R:localhost/127.0.0.1:8083] Received response (auto-read:false) : [Content-Type=application/json, Transfer-Encoding=chunked, Date=Wed, 15 Jun 2022 14:53:18 GMT]
15:53:19.535 [reactor-http-nio-47] DEBUG reactor.netty.resources.PooledConnectionProvider - [id: 0xa7d8e8a3, L:/127.0.0.1:51682 - R:localhost/127.0.0.1:8083] onStateChange(GET{uri=/attractions, connection=PooledConnection{channel=[id: 0xa7d8e8a3, L:/127.0.0.1:51682 - R:localhost/127.0.0.1:8083]}}, [response_received])
15:53:19.535 [reactor-http-nio-47] DEBUG org.springframework.web.reactive.function.client.ExchangeFunctions - [46911148] Response 200 OK
15:53:19.535 [reactor-http-nio-47] DEBUG reactor.netty.channel.FluxReceive - [id: 0xa7d8e8a3, L:/127.0.0.1:51682 - R:localhost/127.0.0.1:8083] Subscribing inbound receiver [pending: 0, cancelled:false, inboundDone: false]
15:53:19.535 [reactor-http-nio-47] DEBUG reactor.netty.http.client.HttpClientOperations - [id: 0xa7d8e8a3, L:/127.0.0.1:51682 - R:localhost/127.0.0.1:8083] Received last HTTP packet
15:53:19.535 [reactor-http-nio-47] DEBUG org.springframework.core.codec.StringDecoder - [46911148] Decoded "[{"longitude":-117.922008,"latitude":33.817595,"attractionName":"Disneyland","city":"Anaheim","stat (truncated)...
15:53:19.535 [reactor-http-nio-47] DEBUG reactor.netty.resources.PooledConnectionProvider - [id: 0xa7d8e8a3, L:/127.0.0.1:51682 - R:localhost/127.0.0.1:8083] onStateChange(GET{uri=/attractions, connection=PooledConnection{channel=[id: 0xa7d8e8a3, L:/127.0.0.1:51682 - R:localhost/127.0.0.1:8083]}}, [disconnecting])
15:53:19.535 [reactor-http-nio-47] DEBUG reactor.netty.resources.PooledConnectionProvider - [id: 0xa7d8e8a3, L:/127.0.0.1:51682 - R:localhost/127.0.0.1:8083] Releasing channel
15:53:19.535 [reactor-http-nio-47] DEBUG reactor.netty.resources.PooledConnectionProvider - [id: 0xa7d8e8a3, L:/127.0.0.1:51682 - R:localhost/127.0.0.1:8083] Channel cleaned, now 0 active connections and 301 inactive connections
15:53:19.536 [Test worker] DEBUG org.springframework.web.reactive.function.client.ExchangeFunctions - [2db1b657] HTTP GET http://localhost:8083/attractions
15:53:19.538 [reactor-http-nio-47] DEBUG reactor.netty.resources.PooledConnectionProvider - [id: 0x58b4f0a0, L:/127.0.0.1:51858 - R:localhost/127.0.0.1:8083] Channel acquired, now 1 active connections and 300 inactive connections
15:53:19.538 [reactor-http-nio-47] DEBUG reactor.netty.http.client.HttpClientConnect - [id: 0x58b4f0a0, L:/127.0.0.1:51858 - R:localhost/127.0.0.1:8083] Handler is being applied: {uri=http://localhost:8083/attractions, method=GET}
15:53:19.539 [reactor-http-nio-47] DEBUG reactor.netty.resources.PooledConnectionProvider - [id: 0x58b4f0a0, L:/127.0.0.1:51858 - R:localhost/127.0.0.1:8083] onStateChange(GET{uri=/attractions, connection=PooledConnection{channel=[id: 0x58b4f0a0, L:/127.0.0.1:51858 - R:localhost/127.0.0.1:8083]}}, [request_sent])
15:53:19.551 [reactor-http-nio-47] DEBUG reactor.netty.http.client.HttpClientOperations - [id: 0x58b4f0a0, L:/127.0.0.1:51858 - R:localhost/127.0.0.1:8083] Received response (auto-read:false) : [Content-Type=application/json, Transfer-Encoding=chunked, Date=Wed, 15 Jun 2022 14:53:18 GMT]
15:53:19.551 [reactor-http-nio-47] DEBUG reactor.netty.resources.PooledConnectionProvider - [id: 0x58b4f0a0, L:/127.0.0.1:51858 - R:localhost/127.0.0.1:8083] onStateChange(GET{uri=/attractions, connection=PooledConnection{channel=[id: 0x58b4f0a0, L:/127.0.0.1:51858 - R:localhost/127.0.0.1:8083]}}, [response_received])
15:53:19.551 [reactor-http-nio-47] DEBUG org.springframework.web.reactive.function.client.ExchangeFunctions - [2db1b657] Response 200 OK
15:53:19.551 [reactor-http-nio-47] DEBUG reactor.netty.channel.FluxReceive - [id: 0x58b4f0a0, L:/127.0.0.1:51858 - R:localhost/127.0.0.1:8083] Subscribing inbound receiver [pending: 0, cancelled:false, inboundDone: false]
15:53:19.552 [reactor-http-nio-47] DEBUG reactor.netty.http.client.HttpClientOperations - [id: 0x58b4f0a0, L:/127.0.0.1:51858 - R:localhost/127.0.0.1:8083] Received last HTTP packet
15:53:19.552 [reactor-http-nio-47] DEBUG org.springframework.core.codec.StringDecoder - [2db1b657] Decoded "[{"longitude":-117.922008,"latitude":33.817595,"attractionName":"Disneyland","city":"Anaheim","stat (truncated)...
15:53:19.552 [reactor-http-nio-47] DEBUG reactor.netty.resources.PooledConnectionProvider - [id: 0x58b4f0a0, L:/127.0.0.1:51858 - R:localhost/127.0.0.1:8083] onStateChange(GET{uri=/attractions, connection=PooledConnection{channel=[id: 0x58b4f0a0, L:/127.0.0.1:51858 - R:localhost/127.0.0.1:8083]}}, [disconnecting])
15:53:19.552 [reactor-http-nio-47] DEBUG reactor.netty.resources.PooledConnectionProvider - [id: 0x58b4f0a0, L:/127.0.0.1:51858 - R:localhost/127.0.0.1:8083] Releasing channel
15:53:19.552 [reactor-http-nio-47] DEBUG reactor.netty.resources.PooledConnectionProvider - [id: 0x58b4f0a0, L:/127.0.0.1:51858 - R:localhost/127.0.0.1:8083] Channel cleaned, now 0 active connections and 301 inactive connections
15:53:19.553 [Test worker] DEBUG org.springframework.web.reactive.function.client.ExchangeFunctions - [7e351d7] HTTP GET http://localhost:8083/attractions
15:53:19.555 [reactor-http-nio-47] DEBUG reactor.netty.resources.PooledConnectionProvider - [id: 0xe4eaf4b8, L:/127.0.0.1:51868 - R:localhost/127.0.0.1:8083] Channel acquired, now 1 active connections and 300 inactive connections
15:53:19.555 [reactor-http-nio-47] DEBUG reactor.netty.http.client.HttpClientConnect - [id: 0xe4eaf4b8, L:/127.0.0.1:51868 - R:localhost/127.0.0.1:8083] Handler is being applied: {uri=http://localhost:8083/attractions, method=GET}
15:53:19.556 [reactor-http-nio-47] DEBUG reactor.netty.resources.PooledConnectionProvider - [id: 0xe4eaf4b8, L:/127.0.0.1:51868 - R:localhost/127.0.0.1:8083] onStateChange(GET{uri=/attractions, connection=PooledConnection{channel=[id: 0xe4eaf4b8, L:/127.0.0.1:51868 - R:localhost/127.0.0.1:8083]}}, [request_sent])
15:53:19.568 [reactor-http-nio-47] DEBUG reactor.netty.http.client.HttpClientOperations - [id: 0xe4eaf4b8, L:/127.0.0.1:51868 - R:localhost/127.0.0.1:8083] Received response (auto-read:false) : [Content-Type=application/json, Transfer-Encoding=chunked, Date=Wed, 15 Jun 2022 14:53:18 GMT]
15:53:19.568 [reactor-http-nio-47] DEBUG reactor.netty.resources.PooledConnectionProvider - [id: 0xe4eaf4b8, L:/127.0.0.1:51868 - R:localhost/127.0.0.1:8083] onStateChange(GET{uri=/attractions, connection=PooledConnection{channel=[id: 0xe4eaf4b8, L:/127.0.0.1:51868 - R:localhost/127.0.0.1:8083]}}, [response_received])
15:53:19.568 [reactor-http-nio-47] DEBUG org.springframework.web.reactive.function.client.ExchangeFunctions - [7e351d7] Response 200 OK
15:53:19.568 [reactor-http-nio-47] DEBUG reactor.netty.channel.FluxReceive - [id: 0xe4eaf4b8, L:/127.0.0.1:51868 - R:localhost/127.0.0.1:8083] Subscribing inbound receiver [pending: 0, cancelled:false, inboundDone: false]
15:53:19.568 [reactor-http-nio-47] DEBUG reactor.netty.http.client.HttpClientOperations - [id: 0xe4eaf4b8, L:/127.0.0.1:51868 - R:localhost/127.0.0.1:8083] Received last HTTP packet
15:53:19.568 [reactor-http-nio-47] DEBUG org.springframework.core.codec.StringDecoder - [7e351d7] Decoded "[{"longitude":-117.922008,"latitude":33.817595,"attractionName":"Disneyland","city":"Anaheim","stat (truncated)...
15:53:19.568 [reactor-http-nio-47] DEBUG reactor.netty.resources.PooledConnectionProvider - [id: 0xe4eaf4b8, L:/127.0.0.1:51868 - R:localhost/127.0.0.1:8083] onStateChange(GET{uri=/attractions, connection=PooledConnection{channel=[id: 0xe4eaf4b8, L:/127.0.0.1:51868 - R:localhost/127.0.0.1:8083]}}, [disconnecting])
15:53:19.568 [reactor-http-nio-47] DEBUG reactor.netty.resources.PooledConnectionProvider - [id: 0xe4eaf4b8, L:/127.0.0.1:51868 - R:localhost/127.0.0.1:8083] Releasing channel
15:53:19.568 [reactor-http-nio-47] DEBUG reactor.netty.resources.PooledConnectionProvider - [id: 0xe4eaf4b8, L:/127.0.0.1:51868 - R:localhost/127.0.0.1:8083] Channel cleaned, now 0 active connections and 301 inactive connections
15:53:19.570 [Test worker] DEBUG org.springframework.web.reactive.function.client.ExchangeFunctions - [43c57161] HTTP GET http://localhost:8083/attractions
15:53:19.570 [reactor-http-nio-47] DEBUG reactor.netty.resources.PooledConnectionProvider - [id: 0xfd464294, L:/127.0.0.1:51869 - R:localhost/127.0.0.1:8083] Channel acquired, now 1 active connections and 300 inactive connections
15:53:19.570 [reactor-http-nio-47] DEBUG reactor.netty.http.client.HttpClientConnect - [id: 0xfd464294, L:/127.0.0.1:51869 - R:localhost/127.0.0.1:8083] Handler is being applied: {uri=http://localhost:8083/attractions, method=GET}
15:53:19.571 [reactor-http-nio-47] DEBUG reactor.netty.resources.PooledConnectionProvider - [id: 0xfd464294, L:/127.0.0.1:51869 - R:localhost/127.0.0.1:8083] onStateChange(GET{uri=/attractions, connection=PooledConnection{channel=[id: 0xfd464294, L:/127.0.0.1:51869 - R:localhost/127.0.0.1:8083]}}, [request_sent])
15:53:19.578 [reactor-http-nio-48] DEBUG reactor.netty.http.client.HttpClientOperations - [id: 0xb634a1b4, L:/127.0.0.1:51999 - R:localhost/127.0.0.1:8084] Received response (auto-read:false) : [Content-Type=application/json, Transfer-Encoding=chunked, Date=Wed, 15 Jun 2022 14:53:19 GMT]
15:53:19.578 [reactor-http-nio-48] DEBUG reactor.netty.resources.PooledConnectionProvider - [id: 0xb634a1b4, L:/127.0.0.1:51999 - R:localhost/127.0.0.1:8084] onStateChange(GET{uri=/attractionRewardPoint?attractionId=d23b08f9-9f61-4a8d-942b-1a7768340142&userId=a975f90b-de9b-474f-b837-80fbda4e7d46, connection=PooledConnection{channel=[id: 0xb634a1b4, L:/127.0.0.1:51999 - R:localhost/127.0.0.1:8084]}}, [response_received])
15:53:19.578 [reactor-http-nio-48] DEBUG org.springframework.web.reactive.function.client.ExchangeFunctions - [6bd27508] Response 200 OK
15:53:19.578 [reactor-http-nio-48] DEBUG reactor.netty.channel.FluxReceive - [id: 0xb634a1b4, L:/127.0.0.1:51999 - R:localhost/127.0.0.1:8084] Subscribing inbound receiver [pending: 0, cancelled:false, inboundDone: false]
15:53:19.578 [reactor-http-nio-48] DEBUG reactor.netty.http.client.HttpClientOperations - [id: 0xb634a1b4, L:/127.0.0.1:51999 - R:localhost/127.0.0.1:8084] Received last HTTP packet
15:53:19.578 [reactor-http-nio-48] DEBUG org.springframework.core.codec.StringDecoder - [6bd27508] Decoded "502"
15:53:19.578 [reactor-http-nio-48] DEBUG reactor.netty.resources.PooledConnectionProvider - [id: 0xb634a1b4, L:/127.0.0.1:51999 - R:localhost/127.0.0.1:8084] onStateChange(GET{uri=/attractionRewardPoint?attractionId=d23b08f9-9f61-4a8d-942b-1a7768340142&userId=a975f90b-de9b-474f-b837-80fbda4e7d46, connection=PooledConnection{channel=[id: 0xb634a1b4, L:/127.0.0.1:51999 - R:localhost/127.0.0.1:8084]}}, [disconnecting])
15:53:19.578 [reactor-http-nio-48] DEBUG reactor.netty.resources.PooledConnectionProvider - [id: 0xb634a1b4, L:/127.0.0.1:51999 - R:localhost/127.0.0.1:8084] Releasing channel
15:53:19.578 [reactor-http-nio-48] DEBUG reactor.netty.resources.PooledConnectionProvider - [id: 0xb634a1b4, L:/127.0.0.1:51999 - R:localhost/127.0.0.1:8084] Channel cleaned, now 1 active connections and 80 inactive connections
15:53:19.583 [reactor-http-nio-47] DEBUG reactor.netty.http.client.HttpClientOperations - [id: 0xfd464294, L:/127.0.0.1:51869 - R:localhost/127.0.0.1:8083] Received response (auto-read:false) : [Content-Type=application/json, Transfer-Encoding=chunked, Date=Wed, 15 Jun 2022 14:53:18 GMT]
15:53:19.583 [reactor-http-nio-47] DEBUG reactor.netty.resources.PooledConnectionProvider - [id: 0xfd464294, L:/127.0.0.1:51869 - R:localhost/127.0.0.1:8083] onStateChange(GET{uri=/attractions, connection=PooledConnection{channel=[id: 0xfd464294, L:/127.0.0.1:51869 - R:localhost/127.0.0.1:8083]}}, [response_received])
15:53:19.583 [reactor-http-nio-47] DEBUG org.springframework.web.reactive.function.client.ExchangeFunctions - [43c57161] Response 200 OK
15:53:19.583 [reactor-http-nio-47] DEBUG reactor.netty.channel.FluxReceive - [id: 0xfd464294, L:/127.0.0.1:51869 - R:localhost/127.0.0.1:8083] Subscribing inbound receiver [pending: 0, cancelled:false, inboundDone: false]
15:53:19.584 [reactor-http-nio-47] DEBUG reactor.netty.http.client.HttpClientOperations - [id: 0xfd464294, L:/127.0.0.1:51869 - R:localhost/127.0.0.1:8083] Received last HTTP packet
15:53:19.584 [reactor-http-nio-47] DEBUG org.springframework.core.codec.StringDecoder - [43c57161] Decoded "[{"longitude":-117.922008,"latitude":33.817595,"attractionName":"Disneyland","city":"Anaheim","stat (truncated)...
15:53:19.584 [reactor-http-nio-47] DEBUG reactor.netty.resources.PooledConnectionProvider - [id: 0xfd464294, L:/127.0.0.1:51869 - R:localhost/127.0.0.1:8083] onStateChange(GET{uri=/attractions, connection=PooledConnection{channel=[id: 0xfd464294, L:/127.0.0.1:51869 - R:localhost/127.0.0.1:8083]}}, [disconnecting])
15:53:19.584 [reactor-http-nio-47] DEBUG reactor.netty.resources.PooledConnectionProvider - [id: 0xfd464294, L:/127.0.0.1:51869 - R:localhost/127.0.0.1:8083] Releasing channel
15:53:19.584 [reactor-http-nio-47] DEBUG reactor.netty.resources.PooledConnectionProvider - [id: 0xfd464294, L:/127.0.0.1:51869 - R:localhost/127.0.0.1:8083] Channel cleaned, now 0 active connections and 301 inactive connections
15:53:19.585 [Test worker] DEBUG org.springframework.web.reactive.function.client.ExchangeFunctions - [d902300] HTTP GET http://localhost:8083/attractions
15:53:19.586 [reactor-http-nio-48] DEBUG reactor.netty.resources.PooledConnectionProvider - [id: 0x068de3e1, L:/127.0.0.1:51918 - R:localhost/127.0.0.1:8083] Channel acquired, now 1 active connections and 300 inactive connections
15:53:19.586 [reactor-http-nio-48] DEBUG reactor.netty.http.client.HttpClientConnect - [id: 0x068de3e1, L:/127.0.0.1:51918 - R:localhost/127.0.0.1:8083] Handler is being applied: {uri=http://localhost:8083/attractions, method=GET}
15:53:19.587 [reactor-http-nio-48] DEBUG reactor.netty.resources.PooledConnectionProvider - [id: 0x068de3e1, L:/127.0.0.1:51918 - R:localhost/127.0.0.1:8083] onStateChange(GET{uri=/attractions, connection=PooledConnection{channel=[id: 0x068de3e1, L:/127.0.0.1:51918 - R:localhost/127.0.0.1:8083]}}, [request_sent])
15:53:19.597 [reactor-http-nio-41] DEBUG reactor.netty.http.client.HttpClientOperations - [id: 0x0202bea6, L:/127.0.0.1:52046 - R:localhost/127.0.0.1:8084] Received response (auto-read:false) : [Content-Type=application/json, Transfer-Encoding=chunked, Date=Wed, 15 Jun 2022 14:53:19 GMT]
15:53:19.597 [reactor-http-nio-41] DEBUG reactor.netty.resources.PooledConnectionProvider - [id: 0x0202bea6, L:/127.0.0.1:52046 - R:localhost/127.0.0.1:8084] onStateChange(GET{uri=/attractionRewardPoint?attractionId=281c5005-30eb-4332-ade7-c50c840ec9f5&userId=09ba93de-bb45-48fd-9a9c-12d97c598215, connection=PooledConnection{channel=[id: 0x0202bea6, L:/127.0.0.1:52046 - R:localhost/127.0.0.1:8084]}}, [response_received])
15:53:19.597 [reactor-http-nio-41] DEBUG org.springframework.web.reactive.function.client.ExchangeFunctions - [7dc82eb5] Response 200 OK
15:53:19.597 [reactor-http-nio-41] DEBUG reactor.netty.channel.FluxReceive - [id: 0x0202bea6, L:/127.0.0.1:52046 - R:localhost/127.0.0.1:8084] Subscribing inbound receiver [pending: 0, cancelled:false, inboundDone: false]
15:53:19.598 [reactor-http-nio-41] DEBUG reactor.netty.http.client.HttpClientOperations - [id: 0x0202bea6, L:/127.0.0.1:52046 - R:localhost/127.0.0.1:8084] Received last HTTP packet
15:53:19.598 [reactor-http-nio-41] DEBUG org.springframework.core.codec.StringDecoder - [7dc82eb5] Decoded "305"
15:53:19.598 [reactor-http-nio-41] DEBUG reactor.netty.resources.PooledConnectionProvider - [id: 0x0202bea6, L:/127.0.0.1:52046 - R:localhost/127.0.0.1:8084] onStateChange(GET{uri=/attractionRewardPoint?attractionId=281c5005-30eb-4332-ade7-c50c840ec9f5&userId=09ba93de-bb45-48fd-9a9c-12d97c598215, connection=PooledConnection{channel=[id: 0x0202bea6, L:/127.0.0.1:52046 - R:localhost/127.0.0.1:8084]}}, [disconnecting])
15:53:19.598 [reactor-http-nio-41] DEBUG reactor.netty.resources.PooledConnectionProvider - [id: 0x0202bea6, L:/127.0.0.1:52046 - R:localhost/127.0.0.1:8084] Releasing channel
15:53:19.598 [reactor-http-nio-41] DEBUG reactor.netty.resources.PooledConnectionProvider - [id: 0x0202bea6, L:/127.0.0.1:52046 - R:localhost/127.0.0.1:8084] Channel cleaned, now 0 active connections and 81 inactive connections
15:53:19.600 [reactor-http-nio-48] DEBUG reactor.netty.http.client.HttpClientOperations - [id: 0x068de3e1, L:/127.0.0.1:51918 - R:localhost/127.0.0.1:8083] Received response (auto-read:false) : [Content-Type=application/json, Transfer-Encoding=chunked, Date=Wed, 15 Jun 2022 14:53:18 GMT]
15:53:19.600 [reactor-http-nio-48] DEBUG reactor.netty.resources.PooledConnectionProvider - [id: 0x068de3e1, L:/127.0.0.1:51918 - R:localhost/127.0.0.1:8083] onStateChange(GET{uri=/attractions, connection=PooledConnection{channel=[id: 0x068de3e1, L:/127.0.0.1:51918 - R:localhost/127.0.0.1:8083]}}, [response_received])
15:53:19.601 [reactor-http-nio-48] DEBUG org.springframework.web.reactive.function.client.ExchangeFunctions - [d902300] Response 200 OK
15:53:19.601 [reactor-http-nio-48] DEBUG reactor.netty.channel.FluxReceive - [id: 0x068de3e1, L:/127.0.0.1:51918 - R:localhost/127.0.0.1:8083] Subscribing inbound receiver [pending: 0, cancelled:false, inboundDone: false]
15:53:19.601 [reactor-http-nio-48] DEBUG reactor.netty.http.client.HttpClientOperations - [id: 0x068de3e1, L:/127.0.0.1:51918 - R:localhost/127.0.0.1:8083] Received last HTTP packet
15:53:19.601 [reactor-http-nio-48] DEBUG org.springframework.core.codec.StringDecoder - [d902300] Decoded "[{"longitude":-117.922008,"latitude":33.817595,"attractionName":"Disneyland","city":"Anaheim","stat (truncated)...
15:53:19.601 [reactor-http-nio-48] DEBUG reactor.netty.resources.PooledConnectionProvider - [id: 0x068de3e1, L:/127.0.0.1:51918 - R:localhost/127.0.0.1:8083] onStateChange(GET{uri=/attractions, connection=PooledConnection{channel=[id: 0x068de3e1, L:/127.0.0.1:51918 - R:localhost/127.0.0.1:8083]}}, [disconnecting])
15:53:19.601 [reactor-http-nio-48] DEBUG reactor.netty.resources.PooledConnectionProvider - [id: 0x068de3e1, L:/127.0.0.1:51918 - R:localhost/127.0.0.1:8083] Releasing channel
15:53:19.601 [reactor-http-nio-48] DEBUG reactor.netty.resources.PooledConnectionProvider - [id: 0x068de3e1, L:/127.0.0.1:51918 - R:localhost/127.0.0.1:8083] Channel cleaned, now 0 active connections and 301 inactive connections
15:53:19.602 [Test worker] DEBUG org.springframework.web.reactive.function.client.ExchangeFunctions - [2db33feb] HTTP GET http://localhost:8083/attractions
15:53:19.604 [reactor-http-nio-48] DEBUG reactor.netty.resources.PooledConnectionProvider - [id: 0xa9b4c53d, L:/127.0.0.1:51920 - R:localhost/127.0.0.1:8083] Channel acquired, now 1 active connections and 300 inactive connections
15:53:19.604 [reactor-http-nio-48] DEBUG reactor.netty.http.client.HttpClientConnect - [id: 0xa9b4c53d, L:/127.0.0.1:51920 - R:localhost/127.0.0.1:8083] Handler is being applied: {uri=http://localhost:8083/attractions, method=GET}
15:53:19.605 [reactor-http-nio-48] DEBUG reactor.netty.resources.PooledConnectionProvider - [id: 0xa9b4c53d, L:/127.0.0.1:51920 - R:localhost/127.0.0.1:8083] onStateChange(GET{uri=/attractions, connection=PooledConnection{channel=[id: 0xa9b4c53d, L:/127.0.0.1:51920 - R:localhost/127.0.0.1:8083]}}, [request_sent])
15:53:19.619 [reactor-http-nio-48] DEBUG reactor.netty.http.client.HttpClientOperations - [id: 0xa9b4c53d, L:/127.0.0.1:51920 - R:localhost/127.0.0.1:8083] Received response (auto-read:false) : [Content-Type=application/json, Transfer-Encoding=chunked, Date=Wed, 15 Jun 2022 14:53:18 GMT]
15:53:19.619 [reactor-http-nio-48] DEBUG reactor.netty.resources.PooledConnectionProvider - [id: 0xa9b4c53d, L:/127.0.0.1:51920 - R:localhost/127.0.0.1:8083] onStateChange(GET{uri=/attractions, connection=PooledConnection{channel=[id: 0xa9b4c53d, L:/127.0.0.1:51920 - R:localhost/127.0.0.1:8083]}}, [response_received])
15:53:19.619 [reactor-http-nio-48] DEBUG org.springframework.web.reactive.function.client.ExchangeFunctions - [2db33feb] Response 200 OK
15:53:19.620 [reactor-http-nio-48] DEBUG reactor.netty.channel.FluxReceive - [id: 0xa9b4c53d, L:/127.0.0.1:51920 - R:localhost/127.0.0.1:8083] Subscribing inbound receiver [pending: 0, cancelled:false, inboundDone: false]
15:53:19.620 [reactor-http-nio-48] DEBUG reactor.netty.http.client.HttpClientOperations - [id: 0xa9b4c53d, L:/127.0.0.1:51920 - R:localhost/127.0.0.1:8083] Received last HTTP packet
15:53:19.620 [reactor-http-nio-48] DEBUG org.springframework.core.codec.StringDecoder - [2db33feb] Decoded "[{"longitude":-117.922008,"latitude":33.817595,"attractionName":"Disneyland","city":"Anaheim","stat (truncated)...
15:53:19.620 [reactor-http-nio-48] DEBUG reactor.netty.resources.PooledConnectionProvider - [id: 0xa9b4c53d, L:/127.0.0.1:51920 - R:localhost/127.0.0.1:8083] onStateChange(GET{uri=/attractions, connection=PooledConnection{channel=[id: 0xa9b4c53d, L:/127.0.0.1:51920 - R:localhost/127.0.0.1:8083]}}, [disconnecting])
15:53:19.620 [reactor-http-nio-48] DEBUG reactor.netty.resources.PooledConnectionProvider - [id: 0xa9b4c53d, L:/127.0.0.1:51920 - R:localhost/127.0.0.1:8083] Releasing channel
15:53:19.620 [reactor-http-nio-48] DEBUG reactor.netty.resources.PooledConnectionProvider - [id: 0xa9b4c53d, L:/127.0.0.1:51920 - R:localhost/127.0.0.1:8083] Channel cleaned, now 0 active connections and 301 inactive connections
15:53:19.621 [Test worker] DEBUG org.springframework.web.reactive.function.client.ExchangeFunctions - [30c3ae63] HTTP GET http://localhost:8083/attractions
15:53:19.627 [reactor-http-nio-48] DEBUG reactor.netty.resources.PooledConnectionProvider - [id: 0xce6ce1c7, L:/127.0.0.1:51962 - R:localhost/127.0.0.1:8083] Channel acquired, now 1 active connections and 300 inactive connections
15:53:19.627 [reactor-http-nio-48] DEBUG reactor.netty.http.client.HttpClientConnect - [id: 0xce6ce1c7, L:/127.0.0.1:51962 - R:localhost/127.0.0.1:8083] Handler is being applied: {uri=http://localhost:8083/attractions, method=GET}
15:53:19.628 [reactor-http-nio-48] DEBUG reactor.netty.resources.PooledConnectionProvider - [id: 0xce6ce1c7, L:/127.0.0.1:51962 - R:localhost/127.0.0.1:8083] onStateChange(GET{uri=/attractions, connection=PooledConnection{channel=[id: 0xce6ce1c7, L:/127.0.0.1:51962 - R:localhost/127.0.0.1:8083]}}, [request_sent])
15:53:19.642 [reactor-http-nio-48] DEBUG reactor.netty.http.client.HttpClientOperations - [id: 0xce6ce1c7, L:/127.0.0.1:51962 - R:localhost/127.0.0.1:8083] Received response (auto-read:false) : [Content-Type=application/json, Transfer-Encoding=chunked, Date=Wed, 15 Jun 2022 14:53:18 GMT]
15:53:19.642 [reactor-http-nio-48] DEBUG reactor.netty.resources.PooledConnectionProvider - [id: 0xce6ce1c7, L:/127.0.0.1:51962 - R:localhost/127.0.0.1:8083] onStateChange(GET{uri=/attractions, connection=PooledConnection{channel=[id: 0xce6ce1c7, L:/127.0.0.1:51962 - R:localhost/127.0.0.1:8083]}}, [response_received])
15:53:19.642 [reactor-http-nio-48] DEBUG org.springframework.web.reactive.function.client.ExchangeFunctions - [30c3ae63] Response 200 OK
15:53:19.642 [reactor-http-nio-48] DEBUG reactor.netty.channel.FluxReceive - [id: 0xce6ce1c7, L:/127.0.0.1:51962 - R:localhost/127.0.0.1:8083] Subscribing inbound receiver [pending: 0, cancelled:false, inboundDone: false]
15:53:19.642 [reactor-http-nio-48] DEBUG reactor.netty.http.client.HttpClientOperations - [id: 0xce6ce1c7, L:/127.0.0.1:51962 - R:localhost/127.0.0.1:8083] Received last HTTP packet
15:53:19.643 [reactor-http-nio-48] DEBUG org.springframework.core.codec.StringDecoder - [30c3ae63] Decoded "[{"longitude":-117.922008,"latitude":33.817595,"attractionName":"Disneyland","city":"Anaheim","stat (truncated)...
15:53:19.643 [reactor-http-nio-48] DEBUG reactor.netty.resources.PooledConnectionProvider - [id: 0xce6ce1c7, L:/127.0.0.1:51962 - R:localhost/127.0.0.1:8083] onStateChange(GET{uri=/attractions, connection=PooledConnection{channel=[id: 0xce6ce1c7, L:/127.0.0.1:51962 - R:localhost/127.0.0.1:8083]}}, [disconnecting])
15:53:19.643 [reactor-http-nio-48] DEBUG reactor.netty.resources.PooledConnectionProvider - [id: 0xce6ce1c7, L:/127.0.0.1:51962 - R:localhost/127.0.0.1:8083] Releasing channel
15:53:19.643 [reactor-http-nio-48] DEBUG reactor.netty.resources.PooledConnectionProvider - [id: 0xce6ce1c7, L:/127.0.0.1:51962 - R:localhost/127.0.0.1:8083] Channel cleaned, now 0 active connections and 301 inactive connections
15:53:19.644 [Test worker] DEBUG org.springframework.web.reactive.function.client.ExchangeFunctions - [58658f63] HTTP GET http://localhost:8083/attractions
15:53:19.647 [reactor-http-nio-48] DEBUG reactor.netty.resources.PooledConnectionProvider - [id: 0x6c9d2faf, L:/127.0.0.1:51972 - R:localhost/127.0.0.1:8083] Channel acquired, now 1 active connections and 300 inactive connections
15:53:19.647 [reactor-http-nio-48] DEBUG reactor.netty.http.client.HttpClientConnect - [id: 0x6c9d2faf, L:/127.0.0.1:51972 - R:localhost/127.0.0.1:8083] Handler is being applied: {uri=http://localhost:8083/attractions, method=GET}
15:53:19.648 [reactor-http-nio-48] DEBUG reactor.netty.resources.PooledConnectionProvider - [id: 0x6c9d2faf, L:/127.0.0.1:51972 - R:localhost/127.0.0.1:8083] onStateChange(GET{uri=/attractions, connection=PooledConnection{channel=[id: 0x6c9d2faf, L:/127.0.0.1:51972 - R:localhost/127.0.0.1:8083]}}, [request_sent])
15:53:19.662 [reactor-http-nio-48] DEBUG reactor.netty.http.client.HttpClientOperations - [id: 0x6c9d2faf, L:/127.0.0.1:51972 - R:localhost/127.0.0.1:8083] Received response (auto-read:false) : [Content-Type=application/json, Transfer-Encoding=chunked, Date=Wed, 15 Jun 2022 14:53:18 GMT]
15:53:19.662 [reactor-http-nio-48] DEBUG reactor.netty.resources.PooledConnectionProvider - [id: 0x6c9d2faf, L:/127.0.0.1:51972 - R:localhost/127.0.0.1:8083] onStateChange(GET{uri=/attractions, connection=PooledConnection{channel=[id: 0x6c9d2faf, L:/127.0.0.1:51972 - R:localhost/127.0.0.1:8083]}}, [response_received])
15:53:19.662 [reactor-http-nio-48] DEBUG org.springframework.web.reactive.function.client.ExchangeFunctions - [58658f63] Response 200 OK
15:53:19.663 [reactor-http-nio-48] DEBUG reactor.netty.channel.FluxReceive - [id: 0x6c9d2faf, L:/127.0.0.1:51972 - R:localhost/127.0.0.1:8083] Subscribing inbound receiver [pending: 0, cancelled:false, inboundDone: false]
15:53:19.663 [reactor-http-nio-48] DEBUG reactor.netty.http.client.HttpClientOperations - [id: 0x6c9d2faf, L:/127.0.0.1:51972 - R:localhost/127.0.0.1:8083] Received last HTTP packet
15:53:19.663 [reactor-http-nio-48] DEBUG org.springframework.core.codec.StringDecoder - [58658f63] Decoded "[{"longitude":-117.922008,"latitude":33.817595,"attractionName":"Disneyland","city":"Anaheim","stat (truncated)...
15:53:19.663 [reactor-http-nio-48] DEBUG reactor.netty.resources.PooledConnectionProvider - [id: 0x6c9d2faf, L:/127.0.0.1:51972 - R:localhost/127.0.0.1:8083] onStateChange(GET{uri=/attractions, connection=PooledConnection{channel=[id: 0x6c9d2faf, L:/127.0.0.1:51972 - R:localhost/127.0.0.1:8083]}}, [disconnecting])
15:53:19.663 [reactor-http-nio-48] DEBUG reactor.netty.resources.PooledConnectionProvider - [id: 0x6c9d2faf, L:/127.0.0.1:51972 - R:localhost/127.0.0.1:8083] Releasing channel
15:53:19.663 [reactor-http-nio-48] DEBUG reactor.netty.resources.PooledConnectionProvider - [id: 0x6c9d2faf, L:/127.0.0.1:51972 - R:localhost/127.0.0.1:8083] Channel cleaned, now 0 active connections and 301 inactive connections
15:53:19.668 [Test worker] DEBUG org.springframework.web.reactive.function.client.ExchangeFunctions - [54e12f4c] HTTP GET http://localhost:8083/attractions
15:53:19.672 [reactor-http-nio-46] DEBUG reactor.netty.resources.PooledConnectionProvider - [id: 0xd4e50150, L:/127.0.0.1:51945 - R:localhost/127.0.0.1:8083] Channel acquired, now 1 active connections and 300 inactive connections
15:53:19.673 [reactor-http-nio-46] DEBUG reactor.netty.http.client.HttpClientConnect - [id: 0xd4e50150, L:/127.0.0.1:51945 - R:localhost/127.0.0.1:8083] Handler is being applied: {uri=http://localhost:8083/attractions, method=GET}
15:53:19.674 [reactor-http-nio-46] DEBUG reactor.netty.resources.PooledConnectionProvider - [id: 0xd4e50150, L:/127.0.0.1:51945 - R:localhost/127.0.0.1:8083] onStateChange(GET{uri=/attractions, connection=PooledConnection{channel=[id: 0xd4e50150, L:/127.0.0.1:51945 - R:localhost/127.0.0.1:8083]}}, [request_sent])
15:53:19.688 [reactor-http-nio-46] DEBUG reactor.netty.http.client.HttpClientOperations - [id: 0xd4e50150, L:/127.0.0.1:51945 - R:localhost/127.0.0.1:8083] Received response (auto-read:false) : [Content-Type=application/json, Transfer-Encoding=chunked, Date=Wed, 15 Jun 2022 14:53:19 GMT]
15:53:19.688 [reactor-http-nio-46] DEBUG reactor.netty.resources.PooledConnectionProvider - [id: 0xd4e50150, L:/127.0.0.1:51945 - R:localhost/127.0.0.1:8083] onStateChange(GET{uri=/attractions, connection=PooledConnection{channel=[id: 0xd4e50150, L:/127.0.0.1:51945 - R:localhost/127.0.0.1:8083]}}, [response_received])
15:53:19.688 [reactor-http-nio-46] DEBUG org.springframework.web.reactive.function.client.ExchangeFunctions - [54e12f4c] Response 200 OK
15:53:19.688 [reactor-http-nio-46] DEBUG reactor.netty.channel.FluxReceive - [id: 0xd4e50150, L:/127.0.0.1:51945 - R:localhost/127.0.0.1:8083] Subscribing inbound receiver [pending: 0, cancelled:false, inboundDone: false]
15:53:19.688 [reactor-http-nio-46] DEBUG reactor.netty.http.client.HttpClientOperations - [id: 0xd4e50150, L:/127.0.0.1:51945 - R:localhost/127.0.0.1:8083] Received last HTTP packet
15:53:19.689 [reactor-http-nio-46] DEBUG org.springframework.core.codec.StringDecoder - [54e12f4c] Decoded "[{"longitude":-117.922008,"latitude":33.817595,"attractionName":"Disneyland","city":"Anaheim","stat (truncated)...
15:53:19.689 [reactor-http-nio-46] DEBUG reactor.netty.resources.PooledConnectionProvider - [id: 0xd4e50150, L:/127.0.0.1:51945 - R:localhost/127.0.0.1:8083] onStateChange(GET{uri=/attractions, connection=PooledConnection{channel=[id: 0xd4e50150, L:/127.0.0.1:51945 - R:localhost/127.0.0.1:8083]}}, [disconnecting])
15:53:19.689 [reactor-http-nio-46] DEBUG reactor.netty.resources.PooledConnectionProvider - [id: 0xd4e50150, L:/127.0.0.1:51945 - R:localhost/127.0.0.1:8083] Releasing channel
15:53:19.689 [reactor-http-nio-46] DEBUG reactor.netty.resources.PooledConnectionProvider - [id: 0xd4e50150, L:/127.0.0.1:51945 - R:localhost/127.0.0.1:8083] Channel cleaned, now 0 active connections and 301 inactive connections
15:53:19.691 [Test worker] DEBUG org.springframework.web.reactive.function.client.ExchangeFunctions - [60990e5c] HTTP GET http://localhost:8083/attractions
15:53:19.695 [reactor-http-nio-48] DEBUG reactor.netty.resources.PooledConnectionProvider - [id: 0x7a76d748, L:/127.0.0.1:51959 - R:localhost/127.0.0.1:8083] Channel acquired, now 1 active connections and 300 inactive connections
15:53:19.695 [reactor-http-nio-48] DEBUG reactor.netty.http.client.HttpClientConnect - [id: 0x7a76d748, L:/127.0.0.1:51959 - R:localhost/127.0.0.1:8083] Handler is being applied: {uri=http://localhost:8083/attractions, method=GET}
15:53:19.696 [reactor-http-nio-48] DEBUG reactor.netty.resources.PooledConnectionProvider - [id: 0x7a76d748, L:/127.0.0.1:51959 - R:localhost/127.0.0.1:8083] onStateChange(GET{uri=/attractions, connection=PooledConnection{channel=[id: 0x7a76d748, L:/127.0.0.1:51959 - R:localhost/127.0.0.1:8083]}}, [request_sent])
15:53:19.711 [reactor-http-nio-48] DEBUG reactor.netty.http.client.HttpClientOperations - [id: 0x7a76d748, L:/127.0.0.1:51959 - R:localhost/127.0.0.1:8083] Received response (auto-read:false) : [Content-Type=application/json, Transfer-Encoding=chunked, Date=Wed, 15 Jun 2022 14:53:19 GMT]
15:53:19.711 [reactor-http-nio-48] DEBUG reactor.netty.resources.PooledConnectionProvider - [id: 0x7a76d748, L:/127.0.0.1:51959 - R:localhost/127.0.0.1:8083] onStateChange(GET{uri=/attractions, connection=PooledConnection{channel=[id: 0x7a76d748, L:/127.0.0.1:51959 - R:localhost/127.0.0.1:8083]}}, [response_received])
15:53:19.711 [reactor-http-nio-48] DEBUG org.springframework.web.reactive.function.client.ExchangeFunctions - [60990e5c] Response 200 OK
15:53:19.711 [reactor-http-nio-48] DEBUG reactor.netty.channel.FluxReceive - [id: 0x7a76d748, L:/127.0.0.1:51959 - R:localhost/127.0.0.1:8083] Subscribing inbound receiver [pending: 0, cancelled:false, inboundDone: false]
15:53:19.711 [reactor-http-nio-48] DEBUG reactor.netty.http.client.HttpClientOperations - [id: 0x7a76d748, L:/127.0.0.1:51959 - R:localhost/127.0.0.1:8083] Received last HTTP packet
15:53:19.712 [reactor-http-nio-48] DEBUG org.springframework.core.codec.StringDecoder - [60990e5c] Decoded "[{"longitude":-117.922008,"latitude":33.817595,"attractionName":"Disneyland","city":"Anaheim","stat (truncated)...
15:53:19.712 [reactor-http-nio-48] DEBUG reactor.netty.resources.PooledConnectionProvider - [id: 0x7a76d748, L:/127.0.0.1:51959 - R:localhost/127.0.0.1:8083] onStateChange(GET{uri=/attractions, connection=PooledConnection{channel=[id: 0x7a76d748, L:/127.0.0.1:51959 - R:localhost/127.0.0.1:8083]}}, [disconnecting])
15:53:19.712 [reactor-http-nio-48] DEBUG reactor.netty.resources.PooledConnectionProvider - [id: 0x7a76d748, L:/127.0.0.1:51959 - R:localhost/127.0.0.1:8083] Releasing channel
15:53:19.712 [reactor-http-nio-48] DEBUG reactor.netty.resources.PooledConnectionProvider - [id: 0x7a76d748, L:/127.0.0.1:51959 - R:localhost/127.0.0.1:8083] Channel cleaned, now 0 active connections and 301 inactive connections
15:53:19.714 [Test worker] DEBUG org.springframework.web.reactive.function.client.ExchangeFunctions - [4d84049a] HTTP GET http://localhost:8083/attractions
15:53:19.718 [reactor-http-nio-48] DEBUG reactor.netty.resources.PooledConnectionProvider - [id: 0x023af947, L:/127.0.0.1:51706 - R:localhost/127.0.0.1:8083] Channel acquired, now 1 active connections and 300 inactive connections
15:53:19.718 [reactor-http-nio-48] DEBUG reactor.netty.http.client.HttpClientConnect - [id: 0x023af947, L:/127.0.0.1:51706 - R:localhost/127.0.0.1:8083] Handler is being applied: {uri=http://localhost:8083/attractions, method=GET}
15:53:19.720 [reactor-http-nio-48] DEBUG reactor.netty.resources.PooledConnectionProvider - [id: 0x023af947, L:/127.0.0.1:51706 - R:localhost/127.0.0.1:8083] onStateChange(GET{uri=/attractions, connection=PooledConnection{channel=[id: 0x023af947, L:/127.0.0.1:51706 - R:localhost/127.0.0.1:8083]}}, [request_sent])
15:53:19.734 [reactor-http-nio-48] DEBUG reactor.netty.http.client.HttpClientOperations - [id: 0x023af947, L:/127.0.0.1:51706 - R:localhost/127.0.0.1:8083] Received response (auto-read:false) : [Content-Type=application/json, Transfer-Encoding=chunked, Date=Wed, 15 Jun 2022 14:53:19 GMT]
15:53:19.734 [reactor-http-nio-48] DEBUG reactor.netty.resources.PooledConnectionProvider - [id: 0x023af947, L:/127.0.0.1:51706 - R:localhost/127.0.0.1:8083] onStateChange(GET{uri=/attractions, connection=PooledConnection{channel=[id: 0x023af947, L:/127.0.0.1:51706 - R:localhost/127.0.0.1:8083]}}, [response_received])
15:53:19.734 [reactor-http-nio-48] DEBUG org.springframework.web.reactive.function.client.ExchangeFunctions - [4d84049a] Response 200 OK
15:53:19.734 [reactor-http-nio-48] DEBUG reactor.netty.channel.FluxReceive - [id: 0x023af947, L:/127.0.0.1:51706 - R:localhost/127.0.0.1:8083] Subscribing inbound receiver [pending: 0, cancelled:false, inboundDone: false]
15:53:19.735 [reactor-http-nio-48] DEBUG reactor.netty.http.client.HttpClientOperations - [id: 0x023af947, L:/127.0.0.1:51706 - R:localhost/127.0.0.1:8083] Received last HTTP packet
15:53:19.735 [reactor-http-nio-48] DEBUG org.springframework.core.codec.StringDecoder - [4d84049a] Decoded "[{"longitude":-117.922008,"latitude":33.817595,"attractionName":"Disneyland","city":"Anaheim","stat (truncated)...
15:53:19.735 [reactor-http-nio-48] DEBUG reactor.netty.resources.PooledConnectionProvider - [id: 0x023af947, L:/127.0.0.1:51706 - R:localhost/127.0.0.1:8083] onStateChange(GET{uri=/attractions, connection=PooledConnection{channel=[id: 0x023af947, L:/127.0.0.1:51706 - R:localhost/127.0.0.1:8083]}}, [disconnecting])
15:53:19.735 [reactor-http-nio-48] DEBUG reactor.netty.resources.PooledConnectionProvider - [id: 0x023af947, L:/127.0.0.1:51706 - R:localhost/127.0.0.1:8083] Releasing channel
15:53:19.735 [reactor-http-nio-48] DEBUG reactor.netty.resources.PooledConnectionProvider - [id: 0x023af947, L:/127.0.0.1:51706 - R:localhost/127.0.0.1:8083] Channel cleaned, now 0 active connections and 301 inactive connections
15:53:19.737 [Test worker] DEBUG org.springframework.web.reactive.function.client.ExchangeFunctions - [39ee94de] HTTP GET http://localhost:8083/attractions
15:53:19.740 [reactor-http-nio-46] DEBUG reactor.netty.resources.PooledConnectionProvider - [id: 0x29677198, L:/127.0.0.1:51832 - R:localhost/127.0.0.1:8083] Channel acquired, now 1 active connections and 300 inactive connections
15:53:19.740 [reactor-http-nio-46] DEBUG reactor.netty.http.client.HttpClientConnect - [id: 0x29677198, L:/127.0.0.1:51832 - R:localhost/127.0.0.1:8083] Handler is being applied: {uri=http://localhost:8083/attractions, method=GET}
15:53:19.741 [reactor-http-nio-46] DEBUG reactor.netty.resources.PooledConnectionProvider - [id: 0x29677198, L:/127.0.0.1:51832 - R:localhost/127.0.0.1:8083] onStateChange(GET{uri=/attractions, connection=PooledConnection{channel=[id: 0x29677198, L:/127.0.0.1:51832 - R:localhost/127.0.0.1:8083]}}, [request_sent])
15:53:19.755 [reactor-http-nio-46] DEBUG reactor.netty.http.client.HttpClientOperations - [id: 0x29677198, L:/127.0.0.1:51832 - R:localhost/127.0.0.1:8083] Received response (auto-read:false) : [Content-Type=application/json, Transfer-Encoding=chunked, Date=Wed, 15 Jun 2022 14:53:19 GMT]
15:53:19.755 [reactor-http-nio-46] DEBUG reactor.netty.resources.PooledConnectionProvider - [id: 0x29677198, L:/127.0.0.1:51832 - R:localhost/127.0.0.1:8083] onStateChange(GET{uri=/attractions, connection=PooledConnection{channel=[id: 0x29677198, L:/127.0.0.1:51832 - R:localhost/127.0.0.1:8083]}}, [response_received])
15:53:19.755 [reactor-http-nio-46] DEBUG org.springframework.web.reactive.function.client.ExchangeFunctions - [39ee94de] Response 200 OK
15:53:19.755 [reactor-http-nio-46] DEBUG reactor.netty.channel.FluxReceive - [id: 0x29677198, L:/127.0.0.1:51832 - R:localhost/127.0.0.1:8083] Subscribing inbound receiver [pending: 0, cancelled:false, inboundDone: false]
15:53:19.755 [reactor-http-nio-46] DEBUG reactor.netty.http.client.HttpClientOperations - [id: 0x29677198, L:/127.0.0.1:51832 - R:localhost/127.0.0.1:8083] Received last HTTP packet
15:53:19.755 [reactor-http-nio-46] DEBUG org.springframework.core.codec.StringDecoder - [39ee94de] Decoded "[{"longitude":-117.922008,"latitude":33.817595,"attractionName":"Disneyland","city":"Anaheim","stat (truncated)...
15:53:19.755 [reactor-http-nio-46] DEBUG reactor.netty.resources.PooledConnectionProvider - [id: 0x29677198, L:/127.0.0.1:51832 - R:localhost/127.0.0.1:8083] onStateChange(GET{uri=/attractions, connection=PooledConnection{channel=[id: 0x29677198, L:/127.0.0.1:51832 - R:localhost/127.0.0.1:8083]}}, [disconnecting])
15:53:19.755 [reactor-http-nio-46] DEBUG reactor.netty.resources.PooledConnectionProvider - [id: 0x29677198, L:/127.0.0.1:51832 - R:localhost/127.0.0.1:8083] Releasing channel
15:53:19.756 [reactor-http-nio-46] DEBUG reactor.netty.resources.PooledConnectionProvider - [id: 0x29677198, L:/127.0.0.1:51832 - R:localhost/127.0.0.1:8083] Channel cleaned, now 0 active connections and 301 inactive connections
15:53:19.757 [Test worker] DEBUG org.springframework.web.reactive.function.client.ExchangeFunctions - [642857e0] HTTP GET http://localhost:8083/attractions
15:53:19.758 [reactor-http-nio-48] DEBUG reactor.netty.resources.PooledConnectionProvider - [id: 0x77d5390b, L:/127.0.0.1:51931 - R:localhost/127.0.0.1:8083] Channel acquired, now 1 active connections and 300 inactive connections
15:53:19.758 [reactor-http-nio-48] DEBUG reactor.netty.http.client.HttpClientConnect - [id: 0x77d5390b, L:/127.0.0.1:51931 - R:localhost/127.0.0.1:8083] Handler is being applied: {uri=http://localhost:8083/attractions, method=GET}
15:53:19.759 [reactor-http-nio-48] DEBUG reactor.netty.resources.PooledConnectionProvider - [id: 0x77d5390b, L:/127.0.0.1:51931 - R:localhost/127.0.0.1:8083] onStateChange(GET{uri=/attractions, connection=PooledConnection{channel=[id: 0x77d5390b, L:/127.0.0.1:51931 - R:localhost/127.0.0.1:8083]}}, [request_sent])
15:53:19.773 [reactor-http-nio-48] DEBUG reactor.netty.http.client.HttpClientOperations - [id: 0x77d5390b, L:/127.0.0.1:51931 - R:localhost/127.0.0.1:8083] Received response (auto-read:false) : [Content-Type=application/json, Transfer-Encoding=chunked, Date=Wed, 15 Jun 2022 14:53:19 GMT]
15:53:19.773 [reactor-http-nio-48] DEBUG reactor.netty.resources.PooledConnectionProvider - [id: 0x77d5390b, L:/127.0.0.1:51931 - R:localhost/127.0.0.1:8083] onStateChange(GET{uri=/attractions, connection=PooledConnection{channel=[id: 0x77d5390b, L:/127.0.0.1:51931 - R:localhost/127.0.0.1:8083]}}, [response_received])
15:53:19.773 [reactor-http-nio-48] DEBUG org.springframework.web.reactive.function.client.ExchangeFunctions - [642857e0] Response 200 OK
15:53:19.774 [reactor-http-nio-48] DEBUG reactor.netty.channel.FluxReceive - [id: 0x77d5390b, L:/127.0.0.1:51931 - R:localhost/127.0.0.1:8083] Subscribing inbound receiver [pending: 0, cancelled:false, inboundDone: false]
15:53:19.774 [reactor-http-nio-48] DEBUG reactor.netty.http.client.HttpClientOperations - [id: 0x77d5390b, L:/127.0.0.1:51931 - R:localhost/127.0.0.1:8083] Received last HTTP packet
15:53:19.775 [reactor-http-nio-48] DEBUG org.springframework.core.codec.StringDecoder - [642857e0] Decoded "[{"longitude":-117.922008,"latitude":33.817595,"attractionName":"Disneyland","city":"Anaheim","stat (truncated)...
15:53:19.775 [reactor-http-nio-48] DEBUG reactor.netty.resources.PooledConnectionProvider - [id: 0x77d5390b, L:/127.0.0.1:51931 - R:localhost/127.0.0.1:8083] onStateChange(GET{uri=/attractions, connection=PooledConnection{channel=[id: 0x77d5390b, L:/127.0.0.1:51931 - R:localhost/127.0.0.1:8083]}}, [disconnecting])
15:53:19.775 [reactor-http-nio-48] DEBUG reactor.netty.resources.PooledConnectionProvider - [id: 0x77d5390b, L:/127.0.0.1:51931 - R:localhost/127.0.0.1:8083] Releasing channel
15:53:19.775 [reactor-http-nio-48] DEBUG reactor.netty.resources.PooledConnectionProvider - [id: 0x77d5390b, L:/127.0.0.1:51931 - R:localhost/127.0.0.1:8083] Channel cleaned, now 0 active connections and 301 inactive connections
15:53:19.776 [Test worker] DEBUG org.springframework.web.reactive.function.client.ExchangeFunctions - [4c6b4ed7] HTTP GET http://localhost:8083/attractions
15:53:19.780 [reactor-http-nio-48] DEBUG reactor.netty.resources.PooledConnectionProvider - [id: 0x5ae48bb7, L:/127.0.0.1:51942 - R:localhost/127.0.0.1:8083] Channel acquired, now 1 active connections and 300 inactive connections
15:53:19.780 [reactor-http-nio-48] DEBUG reactor.netty.http.client.HttpClientConnect - [id: 0x5ae48bb7, L:/127.0.0.1:51942 - R:localhost/127.0.0.1:8083] Handler is being applied: {uri=http://localhost:8083/attractions, method=GET}
15:53:19.782 [reactor-http-nio-48] DEBUG reactor.netty.resources.PooledConnectionProvider - [id: 0x5ae48bb7, L:/127.0.0.1:51942 - R:localhost/127.0.0.1:8083] onStateChange(GET{uri=/attractions, connection=PooledConnection{channel=[id: 0x5ae48bb7, L:/127.0.0.1:51942 - R:localhost/127.0.0.1:8083]}}, [request_sent])
15:53:19.795 [reactor-http-nio-48] DEBUG reactor.netty.http.client.HttpClientOperations - [id: 0x5ae48bb7, L:/127.0.0.1:51942 - R:localhost/127.0.0.1:8083] Received response (auto-read:false) : [Content-Type=application/json, Transfer-Encoding=chunked, Date=Wed, 15 Jun 2022 14:53:19 GMT]
15:53:19.795 [reactor-http-nio-48] DEBUG reactor.netty.resources.PooledConnectionProvider - [id: 0x5ae48bb7, L:/127.0.0.1:51942 - R:localhost/127.0.0.1:8083] onStateChange(GET{uri=/attractions, connection=PooledConnection{channel=[id: 0x5ae48bb7, L:/127.0.0.1:51942 - R:localhost/127.0.0.1:8083]}}, [response_received])
15:53:19.795 [reactor-http-nio-48] DEBUG org.springframework.web.reactive.function.client.ExchangeFunctions - [4c6b4ed7] Response 200 OK
15:53:19.795 [reactor-http-nio-48] DEBUG reactor.netty.channel.FluxReceive - [id: 0x5ae48bb7, L:/127.0.0.1:51942 - R:localhost/127.0.0.1:8083] Subscribing inbound receiver [pending: 0, cancelled:false, inboundDone: false]
15:53:19.795 [reactor-http-nio-48] DEBUG reactor.netty.http.client.HttpClientOperations - [id: 0x5ae48bb7, L:/127.0.0.1:51942 - R:localhost/127.0.0.1:8083] Received last HTTP packet
15:53:19.796 [reactor-http-nio-48] DEBUG org.springframework.core.codec.StringDecoder - [4c6b4ed7] Decoded "[{"longitude":-117.922008,"latitude":33.817595,"attractionName":"Disneyland","city":"Anaheim","stat (truncated)...
15:53:19.796 [reactor-http-nio-48] DEBUG reactor.netty.resources.PooledConnectionProvider - [id: 0x5ae48bb7, L:/127.0.0.1:51942 - R:localhost/127.0.0.1:8083] onStateChange(GET{uri=/attractions, connection=PooledConnection{channel=[id: 0x5ae48bb7, L:/127.0.0.1:51942 - R:localhost/127.0.0.1:8083]}}, [disconnecting])
15:53:19.796 [reactor-http-nio-48] DEBUG reactor.netty.resources.PooledConnectionProvider - [id: 0x5ae48bb7, L:/127.0.0.1:51942 - R:localhost/127.0.0.1:8083] Releasing channel
15:53:19.796 [reactor-http-nio-48] DEBUG reactor.netty.resources.PooledConnectionProvider - [id: 0x5ae48bb7, L:/127.0.0.1:51942 - R:localhost/127.0.0.1:8083] Channel cleaned, now 0 active connections and 301 inactive connections
15:53:19.797 [Test worker] DEBUG org.springframework.web.reactive.function.client.ExchangeFunctions - [21263314] HTTP GET http://localhost:8083/attractions
15:53:19.799 [reactor-http-nio-46] DEBUG reactor.netty.resources.PooledConnectionProvider - [id: 0x7857a0df, L:/127.0.0.1:51801 - R:localhost/127.0.0.1:8083] Channel acquired, now 1 active connections and 300 inactive connections
15:53:19.799 [reactor-http-nio-46] DEBUG reactor.netty.http.client.HttpClientConnect - [id: 0x7857a0df, L:/127.0.0.1:51801 - R:localhost/127.0.0.1:8083] Handler is being applied: {uri=http://localhost:8083/attractions, method=GET}
15:53:19.799 [reactor-http-nio-46] DEBUG reactor.netty.resources.PooledConnectionProvider - [id: 0x7857a0df, L:/127.0.0.1:51801 - R:localhost/127.0.0.1:8083] onStateChange(GET{uri=/attractions, connection=PooledConnection{channel=[id: 0x7857a0df, L:/127.0.0.1:51801 - R:localhost/127.0.0.1:8083]}}, [request_sent])
15:53:19.813 [reactor-http-nio-46] DEBUG reactor.netty.http.client.HttpClientOperations - [id: 0x7857a0df, L:/127.0.0.1:51801 - R:localhost/127.0.0.1:8083] Received response (auto-read:false) : [Content-Type=application/json, Transfer-Encoding=chunked, Date=Wed, 15 Jun 2022 14:53:19 GMT]
15:53:19.813 [reactor-http-nio-46] DEBUG reactor.netty.resources.PooledConnectionProvider - [id: 0x7857a0df, L:/127.0.0.1:51801 - R:localhost/127.0.0.1:8083] onStateChange(GET{uri=/attractions, connection=PooledConnection{channel=[id: 0x7857a0df, L:/127.0.0.1:51801 - R:localhost/127.0.0.1:8083]}}, [response_received])
15:53:19.813 [reactor-http-nio-46] DEBUG org.springframework.web.reactive.function.client.ExchangeFunctions - [21263314] Response 200 OK
15:53:19.814 [reactor-http-nio-46] DEBUG reactor.netty.channel.FluxReceive - [id: 0x7857a0df, L:/127.0.0.1:51801 - R:localhost/127.0.0.1:8083] Subscribing inbound receiver [pending: 0, cancelled:false, inboundDone: false]
15:53:19.814 [reactor-http-nio-46] DEBUG reactor.netty.http.client.HttpClientOperations - [id: 0x7857a0df, L:/127.0.0.1:51801 - R:localhost/127.0.0.1:8083] Received last HTTP packet
15:53:19.814 [reactor-http-nio-46] DEBUG org.springframework.core.codec.StringDecoder - [21263314] Decoded "[{"longitude":-117.922008,"latitude":33.817595,"attractionName":"Disneyland","city":"Anaheim","stat (truncated)...
15:53:19.814 [reactor-http-nio-46] DEBUG reactor.netty.resources.PooledConnectionProvider - [id: 0x7857a0df, L:/127.0.0.1:51801 - R:localhost/127.0.0.1:8083] onStateChange(GET{uri=/attractions, connection=PooledConnection{channel=[id: 0x7857a0df, L:/127.0.0.1:51801 - R:localhost/127.0.0.1:8083]}}, [disconnecting])
15:53:19.814 [reactor-http-nio-46] DEBUG reactor.netty.resources.PooledConnectionProvider - [id: 0x7857a0df, L:/127.0.0.1:51801 - R:localhost/127.0.0.1:8083] Releasing channel
15:53:19.814 [reactor-http-nio-46] DEBUG reactor.netty.resources.PooledConnectionProvider - [id: 0x7857a0df, L:/127.0.0.1:51801 - R:localhost/127.0.0.1:8083] Channel cleaned, now 0 active connections and 301 inactive connections
15:53:19.815 [Test worker] DEBUG org.springframework.web.reactive.function.client.ExchangeFunctions - [6ca30b8a] HTTP GET http://localhost:8083/attractions
15:53:19.817 [reactor-http-nio-48] DEBUG reactor.netty.resources.PooledConnectionProvider - [id: 0xd62a591a, L:/127.0.0.1:51974 - R:localhost/127.0.0.1:8083] Channel acquired, now 1 active connections and 300 inactive connections
15:53:19.817 [reactor-http-nio-48] DEBUG reactor.netty.http.client.HttpClientConnect - [id: 0xd62a591a, L:/127.0.0.1:51974 - R:localhost/127.0.0.1:8083] Handler is being applied: {uri=http://localhost:8083/attractions, method=GET}
15:53:19.818 [reactor-http-nio-48] DEBUG reactor.netty.resources.PooledConnectionProvider - [id: 0xd62a591a, L:/127.0.0.1:51974 - R:localhost/127.0.0.1:8083] onStateChange(GET{uri=/attractions, connection=PooledConnection{channel=[id: 0xd62a591a, L:/127.0.0.1:51974 - R:localhost/127.0.0.1:8083]}}, [request_sent])
15:53:19.831 [reactor-http-nio-48] DEBUG reactor.netty.http.client.HttpClientOperations - [id: 0xd62a591a, L:/127.0.0.1:51974 - R:localhost/127.0.0.1:8083] Received response (auto-read:false) : [Content-Type=application/json, Transfer-Encoding=chunked, Date=Wed, 15 Jun 2022 14:53:19 GMT]
15:53:19.831 [reactor-http-nio-48] DEBUG reactor.netty.resources.PooledConnectionProvider - [id: 0xd62a591a, L:/127.0.0.1:51974 - R:localhost/127.0.0.1:8083] onStateChange(GET{uri=/attractions, connection=PooledConnection{channel=[id: 0xd62a591a, L:/127.0.0.1:51974 - R:localhost/127.0.0.1:8083]}}, [response_received])
15:53:19.831 [reactor-http-nio-48] DEBUG org.springframework.web.reactive.function.client.ExchangeFunctions - [6ca30b8a] Response 200 OK
15:53:19.832 [reactor-http-nio-48] DEBUG reactor.netty.channel.FluxReceive - [id: 0xd62a591a, L:/127.0.0.1:51974 - R:localhost/127.0.0.1:8083] Subscribing inbound receiver [pending: 0, cancelled:false, inboundDone: false]
15:53:19.832 [reactor-http-nio-48] DEBUG reactor.netty.http.client.HttpClientOperations - [id: 0xd62a591a, L:/127.0.0.1:51974 - R:localhost/127.0.0.1:8083] Received last HTTP packet
15:53:19.832 [reactor-http-nio-48] DEBUG org.springframework.core.codec.StringDecoder - [6ca30b8a] Decoded "[{"longitude":-117.922008,"latitude":33.817595,"attractionName":"Disneyland","city":"Anaheim","stat (truncated)...
15:53:19.832 [reactor-http-nio-48] DEBUG reactor.netty.resources.PooledConnectionProvider - [id: 0xd62a591a, L:/127.0.0.1:51974 - R:localhost/127.0.0.1:8083] onStateChange(GET{uri=/attractions, connection=PooledConnection{channel=[id: 0xd62a591a, L:/127.0.0.1:51974 - R:localhost/127.0.0.1:8083]}}, [disconnecting])
15:53:19.832 [reactor-http-nio-48] DEBUG reactor.netty.resources.PooledConnectionProvider - [id: 0xd62a591a, L:/127.0.0.1:51974 - R:localhost/127.0.0.1:8083] Releasing channel
15:53:19.832 [reactor-http-nio-48] DEBUG reactor.netty.resources.PooledConnectionProvider - [id: 0xd62a591a, L:/127.0.0.1:51974 - R:localhost/127.0.0.1:8083] Channel cleaned, now 0 active connections and 301 inactive connections
15:53:19.834 [Test worker] DEBUG org.springframework.web.reactive.function.client.ExchangeFunctions - [4a92c6a9] HTTP GET http://localhost:8083/attractions
15:53:19.835 [reactor-http-nio-48] DEBUG reactor.netty.resources.PooledConnectionProvider - [id: 0x4f10c9bb, L:/127.0.0.1:51905 - R:localhost/127.0.0.1:8083] Channel acquired, now 1 active connections and 300 inactive connections
15:53:19.835 [reactor-http-nio-48] DEBUG reactor.netty.http.client.HttpClientConnect - [id: 0x4f10c9bb, L:/127.0.0.1:51905 - R:localhost/127.0.0.1:8083] Handler is being applied: {uri=http://localhost:8083/attractions, method=GET}
15:53:19.835 [reactor-http-nio-48] DEBUG reactor.netty.resources.PooledConnectionProvider - [id: 0x4f10c9bb, L:/127.0.0.1:51905 - R:localhost/127.0.0.1:8083] onStateChange(GET{uri=/attractions, connection=PooledConnection{channel=[id: 0x4f10c9bb, L:/127.0.0.1:51905 - R:localhost/127.0.0.1:8083]}}, [request_sent])
15:53:19.849 [reactor-http-nio-48] DEBUG reactor.netty.http.client.HttpClientOperations - [id: 0x4f10c9bb, L:/127.0.0.1:51905 - R:localhost/127.0.0.1:8083] Received response (auto-read:false) : [Content-Type=application/json, Transfer-Encoding=chunked, Date=Wed, 15 Jun 2022 14:53:19 GMT]
15:53:19.849 [reactor-http-nio-48] DEBUG reactor.netty.resources.PooledConnectionProvider - [id: 0x4f10c9bb, L:/127.0.0.1:51905 - R:localhost/127.0.0.1:8083] onStateChange(GET{uri=/attractions, connection=PooledConnection{channel=[id: 0x4f10c9bb, L:/127.0.0.1:51905 - R:localhost/127.0.0.1:8083]}}, [response_received])
15:53:19.849 [reactor-http-nio-48] DEBUG org.springframework.web.reactive.function.client.ExchangeFunctions - [4a92c6a9] Response 200 OK
15:53:19.849 [reactor-http-nio-48] DEBUG reactor.netty.channel.FluxReceive - [id: 0x4f10c9bb, L:/127.0.0.1:51905 - R:localhost/127.0.0.1:8083] Subscribing inbound receiver [pending: 0, cancelled:false, inboundDone: false]
15:53:19.849 [reactor-http-nio-48] DEBUG reactor.netty.http.client.HttpClientOperations - [id: 0x4f10c9bb, L:/127.0.0.1:51905 - R:localhost/127.0.0.1:8083] Received last HTTP packet
15:53:19.849 [reactor-http-nio-48] DEBUG org.springframework.core.codec.StringDecoder - [4a92c6a9] Decoded "[{"longitude":-117.922008,"latitude":33.817595,"attractionName":"Disneyland","city":"Anaheim","stat (truncated)...
15:53:19.849 [reactor-http-nio-48] DEBUG reactor.netty.resources.PooledConnectionProvider - [id: 0x4f10c9bb, L:/127.0.0.1:51905 - R:localhost/127.0.0.1:8083] onStateChange(GET{uri=/attractions, connection=PooledConnection{channel=[id: 0x4f10c9bb, L:/127.0.0.1:51905 - R:localhost/127.0.0.1:8083]}}, [disconnecting])
15:53:19.849 [reactor-http-nio-48] DEBUG reactor.netty.resources.PooledConnectionProvider - [id: 0x4f10c9bb, L:/127.0.0.1:51905 - R:localhost/127.0.0.1:8083] Releasing channel
15:53:19.849 [reactor-http-nio-48] DEBUG reactor.netty.resources.PooledConnectionProvider - [id: 0x4f10c9bb, L:/127.0.0.1:51905 - R:localhost/127.0.0.1:8083] Channel cleaned, now 0 active connections and 301 inactive connections
15:53:19.850 [Test worker] DEBUG org.springframework.web.reactive.function.client.ExchangeFunctions - [5c9934da] HTTP GET http://localhost:8083/attractions
15:53:19.851 [reactor-http-nio-41] DEBUG reactor.netty.resources.PooledConnectionProvider - [id: 0x1ae38938, L:/127.0.0.1:51917 - R:localhost/127.0.0.1:8083] Channel acquired, now 1 active connections and 300 inactive connections
15:53:19.851 [reactor-http-nio-41] DEBUG reactor.netty.http.client.HttpClientConnect - [id: 0x1ae38938, L:/127.0.0.1:51917 - R:localhost/127.0.0.1:8083] Handler is being applied: {uri=http://localhost:8083/attractions, method=GET}
15:53:19.852 [reactor-http-nio-41] DEBUG reactor.netty.resources.PooledConnectionProvider - [id: 0x1ae38938, L:/127.0.0.1:51917 - R:localhost/127.0.0.1:8083] onStateChange(GET{uri=/attractions, connection=PooledConnection{channel=[id: 0x1ae38938, L:/127.0.0.1:51917 - R:localhost/127.0.0.1:8083]}}, [request_sent])
15:53:19.865 [reactor-http-nio-41] DEBUG reactor.netty.http.client.HttpClientOperations - [id: 0x1ae38938, L:/127.0.0.1:51917 - R:localhost/127.0.0.1:8083] Received response (auto-read:false) : [Content-Type=application/json, Transfer-Encoding=chunked, Date=Wed, 15 Jun 2022 14:53:19 GMT]
15:53:19.865 [reactor-http-nio-41] DEBUG reactor.netty.resources.PooledConnectionProvider - [id: 0x1ae38938, L:/127.0.0.1:51917 - R:localhost/127.0.0.1:8083] onStateChange(GET{uri=/attractions, connection=PooledConnection{channel=[id: 0x1ae38938, L:/127.0.0.1:51917 - R:localhost/127.0.0.1:8083]}}, [response_received])
15:53:19.865 [reactor-http-nio-41] DEBUG org.springframework.web.reactive.function.client.ExchangeFunctions - [5c9934da] Response 200 OK
15:53:19.865 [reactor-http-nio-41] DEBUG reactor.netty.channel.FluxReceive - [id: 0x1ae38938, L:/127.0.0.1:51917 - R:localhost/127.0.0.1:8083] Subscribing inbound receiver [pending: 0, cancelled:false, inboundDone: false]
15:53:19.865 [reactor-http-nio-41] DEBUG reactor.netty.http.client.HttpClientOperations - [id: 0x1ae38938, L:/127.0.0.1:51917 - R:localhost/127.0.0.1:8083] Received last HTTP packet
15:53:19.865 [reactor-http-nio-41] DEBUG org.springframework.core.codec.StringDecoder - [5c9934da] Decoded "[{"longitude":-117.922008,"latitude":33.817595,"attractionName":"Disneyland","city":"Anaheim","stat (truncated)...
15:53:19.866 [reactor-http-nio-41] DEBUG reactor.netty.resources.PooledConnectionProvider - [id: 0x1ae38938, L:/127.0.0.1:51917 - R:localhost/127.0.0.1:8083] onStateChange(GET{uri=/attractions, connection=PooledConnection{channel=[id: 0x1ae38938, L:/127.0.0.1:51917 - R:localhost/127.0.0.1:8083]}}, [disconnecting])
15:53:19.866 [reactor-http-nio-41] DEBUG reactor.netty.resources.PooledConnectionProvider - [id: 0x1ae38938, L:/127.0.0.1:51917 - R:localhost/127.0.0.1:8083] Releasing channel
15:53:19.866 [reactor-http-nio-41] DEBUG reactor.netty.resources.PooledConnectionProvider - [id: 0x1ae38938, L:/127.0.0.1:51917 - R:localhost/127.0.0.1:8083] Channel cleaned, now 0 active connections and 301 inactive connections
15:53:19.867 [Test worker] DEBUG org.springframework.web.reactive.function.client.ExchangeFunctions - [4cb702ce] HTTP GET http://localhost:8083/attractions
15:53:19.870 [reactor-http-nio-41] DEBUG reactor.netty.resources.PooledConnectionProvider - [id: 0x1fca7f5e, L:/127.0.0.1:51796 - R:localhost/127.0.0.1:8083] Channel acquired, now 1 active connections and 300 inactive connections
15:53:19.870 [reactor-http-nio-41] DEBUG reactor.netty.http.client.HttpClientConnect - [id: 0x1fca7f5e, L:/127.0.0.1:51796 - R:localhost/127.0.0.1:8083] Handler is being applied: {uri=http://localhost:8083/attractions, method=GET}
15:53:19.870 [reactor-http-nio-41] DEBUG reactor.netty.resources.PooledConnectionProvider - [id: 0x1fca7f5e, L:/127.0.0.1:51796 - R:localhost/127.0.0.1:8083] onStateChange(GET{uri=/attractions, connection=PooledConnection{channel=[id: 0x1fca7f5e, L:/127.0.0.1:51796 - R:localhost/127.0.0.1:8083]}}, [request_sent])
15:53:19.883 [reactor-http-nio-41] DEBUG reactor.netty.http.client.HttpClientOperations - [id: 0x1fca7f5e, L:/127.0.0.1:51796 - R:localhost/127.0.0.1:8083] Received response (auto-read:false) : [Content-Type=application/json, Transfer-Encoding=chunked, Date=Wed, 15 Jun 2022 14:53:19 GMT]
15:53:19.883 [reactor-http-nio-41] DEBUG reactor.netty.resources.PooledConnectionProvider - [id: 0x1fca7f5e, L:/127.0.0.1:51796 - R:localhost/127.0.0.1:8083] onStateChange(GET{uri=/attractions, connection=PooledConnection{channel=[id: 0x1fca7f5e, L:/127.0.0.1:51796 - R:localhost/127.0.0.1:8083]}}, [response_received])
15:53:19.883 [reactor-http-nio-41] DEBUG org.springframework.web.reactive.function.client.ExchangeFunctions - [4cb702ce] Response 200 OK
15:53:19.884 [reactor-http-nio-41] DEBUG reactor.netty.channel.FluxReceive - [id: 0x1fca7f5e, L:/127.0.0.1:51796 - R:localhost/127.0.0.1:8083] Subscribing inbound receiver [pending: 0, cancelled:false, inboundDone: false]
15:53:19.884 [reactor-http-nio-41] DEBUG reactor.netty.http.client.HttpClientOperations - [id: 0x1fca7f5e, L:/127.0.0.1:51796 - R:localhost/127.0.0.1:8083] Received last HTTP packet
15:53:19.884 [reactor-http-nio-41] DEBUG org.springframework.core.codec.StringDecoder - [4cb702ce] Decoded "[{"longitude":-117.922008,"latitude":33.817595,"attractionName":"Disneyland","city":"Anaheim","stat (truncated)...
15:53:19.884 [reactor-http-nio-41] DEBUG reactor.netty.resources.PooledConnectionProvider - [id: 0x1fca7f5e, L:/127.0.0.1:51796 - R:localhost/127.0.0.1:8083] onStateChange(GET{uri=/attractions, connection=PooledConnection{channel=[id: 0x1fca7f5e, L:/127.0.0.1:51796 - R:localhost/127.0.0.1:8083]}}, [disconnecting])
15:53:19.884 [reactor-http-nio-41] DEBUG reactor.netty.resources.PooledConnectionProvider - [id: 0x1fca7f5e, L:/127.0.0.1:51796 - R:localhost/127.0.0.1:8083] Releasing channel
15:53:19.884 [reactor-http-nio-41] DEBUG reactor.netty.resources.PooledConnectionProvider - [id: 0x1fca7f5e, L:/127.0.0.1:51796 - R:localhost/127.0.0.1:8083] Channel cleaned, now 0 active connections and 301 inactive connections
15:53:19.884 [Test worker] DEBUG org.springframework.web.reactive.function.client.ExchangeFunctions - [383caf89] HTTP GET http://localhost:8083/attractions
15:53:19.887 [reactor-http-nio-46] DEBUG reactor.netty.resources.PooledConnectionProvider - [id: 0xad1ee2d1, L:/127.0.0.1:51756 - R:localhost/127.0.0.1:8083] Channel acquired, now 1 active connections and 300 inactive connections
15:53:19.887 [reactor-http-nio-46] DEBUG reactor.netty.http.client.HttpClientConnect - [id: 0xad1ee2d1, L:/127.0.0.1:51756 - R:localhost/127.0.0.1:8083] Handler is being applied: {uri=http://localhost:8083/attractions, method=GET}
15:53:19.888 [reactor-http-nio-46] DEBUG reactor.netty.resources.PooledConnectionProvider - [id: 0xad1ee2d1, L:/127.0.0.1:51756 - R:localhost/127.0.0.1:8083] onStateChange(GET{uri=/attractions, connection=PooledConnection{channel=[id: 0xad1ee2d1, L:/127.0.0.1:51756 - R:localhost/127.0.0.1:8083]}}, [request_sent])
15:53:19.901 [reactor-http-nio-46] DEBUG reactor.netty.http.client.HttpClientOperations - [id: 0xad1ee2d1, L:/127.0.0.1:51756 - R:localhost/127.0.0.1:8083] Received response (auto-read:false) : [Content-Type=application/json, Transfer-Encoding=chunked, Date=Wed, 15 Jun 2022 14:53:19 GMT]
15:53:19.901 [reactor-http-nio-46] DEBUG reactor.netty.resources.PooledConnectionProvider - [id: 0xad1ee2d1, L:/127.0.0.1:51756 - R:localhost/127.0.0.1:8083] onStateChange(GET{uri=/attractions, connection=PooledConnection{channel=[id: 0xad1ee2d1, L:/127.0.0.1:51756 - R:localhost/127.0.0.1:8083]}}, [response_received])
15:53:19.901 [reactor-http-nio-46] DEBUG org.springframework.web.reactive.function.client.ExchangeFunctions - [383caf89] Response 200 OK
15:53:19.901 [reactor-http-nio-46] DEBUG reactor.netty.channel.FluxReceive - [id: 0xad1ee2d1, L:/127.0.0.1:51756 - R:localhost/127.0.0.1:8083] Subscribing inbound receiver [pending: 0, cancelled:false, inboundDone: false]
15:53:19.902 [reactor-http-nio-46] DEBUG reactor.netty.http.client.HttpClientOperations - [id: 0xad1ee2d1, L:/127.0.0.1:51756 - R:localhost/127.0.0.1:8083] Received last HTTP packet
15:53:19.902 [reactor-http-nio-46] DEBUG org.springframework.core.codec.StringDecoder - [383caf89] Decoded "[{"longitude":-117.922008,"latitude":33.817595,"attractionName":"Disneyland","city":"Anaheim","stat (truncated)...
15:53:19.902 [reactor-http-nio-46] DEBUG reactor.netty.resources.PooledConnectionProvider - [id: 0xad1ee2d1, L:/127.0.0.1:51756 - R:localhost/127.0.0.1:8083] onStateChange(GET{uri=/attractions, connection=PooledConnection{channel=[id: 0xad1ee2d1, L:/127.0.0.1:51756 - R:localhost/127.0.0.1:8083]}}, [disconnecting])
15:53:19.902 [reactor-http-nio-46] DEBUG reactor.netty.resources.PooledConnectionProvider - [id: 0xad1ee2d1, L:/127.0.0.1:51756 - R:localhost/127.0.0.1:8083] Releasing channel
15:53:19.902 [reactor-http-nio-46] DEBUG reactor.netty.resources.PooledConnectionProvider - [id: 0xad1ee2d1, L:/127.0.0.1:51756 - R:localhost/127.0.0.1:8083] Channel cleaned, now 0 active connections and 301 inactive connections
15:53:19.903 [Test worker] DEBUG org.springframework.web.reactive.function.client.ExchangeFunctions - [64c781a9] HTTP GET http://localhost:8083/attractions
15:53:19.905 [reactor-http-nio-47] DEBUG reactor.netty.resources.PooledConnectionProvider - [id: 0x31e144f5, L:/127.0.0.1:51849 - R:localhost/127.0.0.1:8083] Channel acquired, now 1 active connections and 300 inactive connections
15:53:19.905 [reactor-http-nio-47] DEBUG reactor.netty.http.client.HttpClientConnect - [id: 0x31e144f5, L:/127.0.0.1:51849 - R:localhost/127.0.0.1:8083] Handler is being applied: {uri=http://localhost:8083/attractions, method=GET}
15:53:19.906 [reactor-http-nio-47] DEBUG reactor.netty.resources.PooledConnectionProvider - [id: 0x31e144f5, L:/127.0.0.1:51849 - R:localhost/127.0.0.1:8083] onStateChange(GET{uri=/attractions, connection=PooledConnection{channel=[id: 0x31e144f5, L:/127.0.0.1:51849 - R:localhost/127.0.0.1:8083]}}, [request_sent])
15:53:19.919 [reactor-http-nio-47] DEBUG reactor.netty.http.client.HttpClientOperations - [id: 0x31e144f5, L:/127.0.0.1:51849 - R:localhost/127.0.0.1:8083] Received response (auto-read:false) : [Content-Type=application/json, Transfer-Encoding=chunked, Date=Wed, 15 Jun 2022 14:53:19 GMT]
15:53:19.919 [reactor-http-nio-47] DEBUG reactor.netty.resources.PooledConnectionProvider - [id: 0x31e144f5, L:/127.0.0.1:51849 - R:localhost/127.0.0.1:8083] onStateChange(GET{uri=/attractions, connection=PooledConnection{channel=[id: 0x31e144f5, L:/127.0.0.1:51849 - R:localhost/127.0.0.1:8083]}}, [response_received])
15:53:19.919 [reactor-http-nio-47] DEBUG org.springframework.web.reactive.function.client.ExchangeFunctions - [64c781a9] Response 200 OK
15:53:19.919 [reactor-http-nio-47] DEBUG reactor.netty.channel.FluxReceive - [id: 0x31e144f5, L:/127.0.0.1:51849 - R:localhost/127.0.0.1:8083] Subscribing inbound receiver [pending: 0, cancelled:false, inboundDone: false]
15:53:19.920 [reactor-http-nio-47] DEBUG reactor.netty.http.client.HttpClientOperations - [id: 0x31e144f5, L:/127.0.0.1:51849 - R:localhost/127.0.0.1:8083] Received last HTTP packet
15:53:19.920 [reactor-http-nio-47] DEBUG org.springframework.core.codec.StringDecoder - [64c781a9] Decoded "[{"longitude":-117.922008,"latitude":33.817595,"attractionName":"Disneyland","city":"Anaheim","stat (truncated)...
15:53:19.920 [reactor-http-nio-47] DEBUG reactor.netty.resources.PooledConnectionProvider - [id: 0x31e144f5, L:/127.0.0.1:51849 - R:localhost/127.0.0.1:8083] onStateChange(GET{uri=/attractions, connection=PooledConnection{channel=[id: 0x31e144f5, L:/127.0.0.1:51849 - R:localhost/127.0.0.1:8083]}}, [disconnecting])
15:53:19.920 [reactor-http-nio-47] DEBUG reactor.netty.resources.PooledConnectionProvider - [id: 0x31e144f5, L:/127.0.0.1:51849 - R:localhost/127.0.0.1:8083] Releasing channel
15:53:19.920 [reactor-http-nio-47] DEBUG reactor.netty.resources.PooledConnectionProvider - [id: 0x31e144f5, L:/127.0.0.1:51849 - R:localhost/127.0.0.1:8083] Channel cleaned, now 0 active connections and 301 inactive connections
15:53:19.921 [Test worker] DEBUG org.springframework.web.reactive.function.client.ExchangeFunctions - [71ed560f] HTTP GET http://localhost:8083/attractions
15:53:19.923 [reactor-http-nio-47] DEBUG reactor.netty.resources.PooledConnectionProvider - [id: 0x9813afd7, L:/127.0.0.1:51842 - R:localhost/127.0.0.1:8083] Channel acquired, now 1 active connections and 300 inactive connections
15:53:19.923 [reactor-http-nio-47] DEBUG reactor.netty.http.client.HttpClientConnect - [id: 0x9813afd7, L:/127.0.0.1:51842 - R:localhost/127.0.0.1:8083] Handler is being applied: {uri=http://localhost:8083/attractions, method=GET}
15:53:19.924 [reactor-http-nio-47] DEBUG reactor.netty.resources.PooledConnectionProvider - [id: 0x9813afd7, L:/127.0.0.1:51842 - R:localhost/127.0.0.1:8083] onStateChange(GET{uri=/attractions, connection=PooledConnection{channel=[id: 0x9813afd7, L:/127.0.0.1:51842 - R:localhost/127.0.0.1:8083]}}, [request_sent])
15:53:19.938 [reactor-http-nio-47] DEBUG reactor.netty.http.client.HttpClientOperations - [id: 0x9813afd7, L:/127.0.0.1:51842 - R:localhost/127.0.0.1:8083] Received response (auto-read:false) : [Content-Type=application/json, Transfer-Encoding=chunked, Date=Wed, 15 Jun 2022 14:53:19 GMT]
15:53:19.938 [reactor-http-nio-47] DEBUG reactor.netty.resources.PooledConnectionProvider - [id: 0x9813afd7, L:/127.0.0.1:51842 - R:localhost/127.0.0.1:8083] onStateChange(GET{uri=/attractions, connection=PooledConnection{channel=[id: 0x9813afd7, L:/127.0.0.1:51842 - R:localhost/127.0.0.1:8083]}}, [response_received])
15:53:19.938 [reactor-http-nio-47] DEBUG org.springframework.web.reactive.function.client.ExchangeFunctions - [71ed560f] Response 200 OK
15:53:19.938 [reactor-http-nio-47] DEBUG reactor.netty.channel.FluxReceive - [id: 0x9813afd7, L:/127.0.0.1:51842 - R:localhost/127.0.0.1:8083] Subscribing inbound receiver [pending: 0, cancelled:false, inboundDone: false]
15:53:19.938 [reactor-http-nio-47] DEBUG reactor.netty.http.client.HttpClientOperations - [id: 0x9813afd7, L:/127.0.0.1:51842 - R:localhost/127.0.0.1:8083] Received last HTTP packet
15:53:19.938 [reactor-http-nio-47] DEBUG org.springframework.core.codec.StringDecoder - [71ed560f] Decoded "[{"longitude":-117.922008,"latitude":33.817595,"attractionName":"Disneyland","city":"Anaheim","stat (truncated)...
15:53:19.938 [reactor-http-nio-47] DEBUG reactor.netty.resources.PooledConnectionProvider - [id: 0x9813afd7, L:/127.0.0.1:51842 - R:localhost/127.0.0.1:8083] onStateChange(GET{uri=/attractions, connection=PooledConnection{channel=[id: 0x9813afd7, L:/127.0.0.1:51842 - R:localhost/127.0.0.1:8083]}}, [disconnecting])
15:53:19.938 [reactor-http-nio-47] DEBUG reactor.netty.resources.PooledConnectionProvider - [id: 0x9813afd7, L:/127.0.0.1:51842 - R:localhost/127.0.0.1:8083] Releasing channel
15:53:19.938 [reactor-http-nio-47] DEBUG reactor.netty.resources.PooledConnectionProvider - [id: 0x9813afd7, L:/127.0.0.1:51842 - R:localhost/127.0.0.1:8083] Channel cleaned, now 0 active connections and 301 inactive connections
15:53:19.940 [Test worker] DEBUG org.springframework.web.reactive.function.client.ExchangeFunctions - [5b88b8e] HTTP GET http://localhost:8083/attractions
15:53:19.942 [reactor-http-nio-41] DEBUG reactor.netty.resources.PooledConnectionProvider - [id: 0x453fdead, L:/127.0.0.1:51775 - R:localhost/127.0.0.1:8083] Channel acquired, now 1 active connections and 300 inactive connections
15:53:19.942 [reactor-http-nio-41] DEBUG reactor.netty.http.client.HttpClientConnect - [id: 0x453fdead, L:/127.0.0.1:51775 - R:localhost/127.0.0.1:8083] Handler is being applied: {uri=http://localhost:8083/attractions, method=GET}
15:53:19.943 [reactor-http-nio-41] DEBUG reactor.netty.resources.PooledConnectionProvider - [id: 0x453fdead, L:/127.0.0.1:51775 - R:localhost/127.0.0.1:8083] onStateChange(GET{uri=/attractions, connection=PooledConnection{channel=[id: 0x453fdead, L:/127.0.0.1:51775 - R:localhost/127.0.0.1:8083]}}, [request_sent])
15:53:19.956 [reactor-http-nio-41] DEBUG reactor.netty.http.client.HttpClientOperations - [id: 0x453fdead, L:/127.0.0.1:51775 - R:localhost/127.0.0.1:8083] Received response (auto-read:false) : [Content-Type=application/json, Transfer-Encoding=chunked, Date=Wed, 15 Jun 2022 14:53:19 GMT]
15:53:19.956 [reactor-http-nio-41] DEBUG reactor.netty.resources.PooledConnectionProvider - [id: 0x453fdead, L:/127.0.0.1:51775 - R:localhost/127.0.0.1:8083] onStateChange(GET{uri=/attractions, connection=PooledConnection{channel=[id: 0x453fdead, L:/127.0.0.1:51775 - R:localhost/127.0.0.1:8083]}}, [response_received])
15:53:19.956 [reactor-http-nio-41] DEBUG org.springframework.web.reactive.function.client.ExchangeFunctions - [5b88b8e] Response 200 OK
15:53:19.956 [reactor-http-nio-41] DEBUG reactor.netty.channel.FluxReceive - [id: 0x453fdead, L:/127.0.0.1:51775 - R:localhost/127.0.0.1:8083] Subscribing inbound receiver [pending: 0, cancelled:false, inboundDone: false]
15:53:19.956 [reactor-http-nio-41] DEBUG reactor.netty.http.client.HttpClientOperations - [id: 0x453fdead, L:/127.0.0.1:51775 - R:localhost/127.0.0.1:8083] Received last HTTP packet
15:53:19.956 [reactor-http-nio-41] DEBUG org.springframework.core.codec.StringDecoder - [5b88b8e] Decoded "[{"longitude":-117.922008,"latitude":33.817595,"attractionName":"Disneyland","city":"Anaheim","stat (truncated)...
15:53:19.956 [reactor-http-nio-41] DEBUG reactor.netty.resources.PooledConnectionProvider - [id: 0x453fdead, L:/127.0.0.1:51775 - R:localhost/127.0.0.1:8083] onStateChange(GET{uri=/attractions, connection=PooledConnection{channel=[id: 0x453fdead, L:/127.0.0.1:51775 - R:localhost/127.0.0.1:8083]}}, [disconnecting])
15:53:19.956 [reactor-http-nio-41] DEBUG reactor.netty.resources.PooledConnectionProvider - [id: 0x453fdead, L:/127.0.0.1:51775 - R:localhost/127.0.0.1:8083] Releasing channel
15:53:19.956 [reactor-http-nio-41] DEBUG reactor.netty.resources.PooledConnectionProvider - [id: 0x453fdead, L:/127.0.0.1:51775 - R:localhost/127.0.0.1:8083] Channel cleaned, now 0 active connections and 301 inactive connections
15:53:19.957 [Test worker] DEBUG org.springframework.web.reactive.function.client.ExchangeFunctions - [58253c57] HTTP GET http://localhost:8083/attractions
15:53:19.960 [reactor-http-nio-46] DEBUG reactor.netty.resources.PooledConnectionProvider - [id: 0xe2a0d401, L:/127.0.0.1:51788 - R:localhost/127.0.0.1:8083] Channel acquired, now 1 active connections and 300 inactive connections
15:53:19.960 [reactor-http-nio-46] DEBUG reactor.netty.http.client.HttpClientConnect - [id: 0xe2a0d401, L:/127.0.0.1:51788 - R:localhost/127.0.0.1:8083] Handler is being applied: {uri=http://localhost:8083/attractions, method=GET}
15:53:19.960 [reactor-http-nio-46] DEBUG reactor.netty.resources.PooledConnectionProvider - [id: 0xe2a0d401, L:/127.0.0.1:51788 - R:localhost/127.0.0.1:8083] onStateChange(GET{uri=/attractions, connection=PooledConnection{channel=[id: 0xe2a0d401, L:/127.0.0.1:51788 - R:localhost/127.0.0.1:8083]}}, [request_sent])
15:53:19.973 [reactor-http-nio-46] DEBUG reactor.netty.http.client.HttpClientOperations - [id: 0xe2a0d401, L:/127.0.0.1:51788 - R:localhost/127.0.0.1:8083] Received response (auto-read:false) : [Content-Type=application/json, Transfer-Encoding=chunked, Date=Wed, 15 Jun 2022 14:53:19 GMT]
15:53:19.973 [reactor-http-nio-46] DEBUG reactor.netty.resources.PooledConnectionProvider - [id: 0xe2a0d401, L:/127.0.0.1:51788 - R:localhost/127.0.0.1:8083] onStateChange(GET{uri=/attractions, connection=PooledConnection{channel=[id: 0xe2a0d401, L:/127.0.0.1:51788 - R:localhost/127.0.0.1:8083]}}, [response_received])
15:53:19.973 [reactor-http-nio-46] DEBUG org.springframework.web.reactive.function.client.ExchangeFunctions - [58253c57] Response 200 OK
15:53:19.973 [reactor-http-nio-46] DEBUG reactor.netty.channel.FluxReceive - [id: 0xe2a0d401, L:/127.0.0.1:51788 - R:localhost/127.0.0.1:8083] Subscribing inbound receiver [pending: 0, cancelled:false, inboundDone: false]
15:53:19.973 [reactor-http-nio-46] DEBUG reactor.netty.http.client.HttpClientOperations - [id: 0xe2a0d401, L:/127.0.0.1:51788 - R:localhost/127.0.0.1:8083] Received last HTTP packet
15:53:19.973 [reactor-http-nio-46] DEBUG org.springframework.core.codec.StringDecoder - [58253c57] Decoded "[{"longitude":-117.922008,"latitude":33.817595,"attractionName":"Disneyland","city":"Anaheim","stat (truncated)...
15:53:19.973 [reactor-http-nio-46] DEBUG reactor.netty.resources.PooledConnectionProvider - [id: 0xe2a0d401, L:/127.0.0.1:51788 - R:localhost/127.0.0.1:8083] onStateChange(GET{uri=/attractions, connection=PooledConnection{channel=[id: 0xe2a0d401, L:/127.0.0.1:51788 - R:localhost/127.0.0.1:8083]}}, [disconnecting])
15:53:19.973 [reactor-http-nio-46] DEBUG reactor.netty.resources.PooledConnectionProvider - [id: 0xe2a0d401, L:/127.0.0.1:51788 - R:localhost/127.0.0.1:8083] Releasing channel
15:53:19.973 [reactor-http-nio-46] DEBUG reactor.netty.resources.PooledConnectionProvider - [id: 0xe2a0d401, L:/127.0.0.1:51788 - R:localhost/127.0.0.1:8083] Channel cleaned, now 0 active connections and 301 inactive connections
15:53:19.974 [Test worker] DEBUG org.springframework.web.reactive.function.client.ExchangeFunctions - [b73433] HTTP GET http://localhost:8083/attractions
15:53:19.976 [reactor-http-nio-41] DEBUG reactor.netty.resources.PooledConnectionProvider - [id: 0xd26d2f3c, L:/127.0.0.1:51741 - R:localhost/127.0.0.1:8083] Channel acquired, now 1 active connections and 300 inactive connections
15:53:19.976 [reactor-http-nio-41] DEBUG reactor.netty.http.client.HttpClientConnect - [id: 0xd26d2f3c, L:/127.0.0.1:51741 - R:localhost/127.0.0.1:8083] Handler is being applied: {uri=http://localhost:8083/attractions, method=GET}
15:53:19.977 [reactor-http-nio-41] DEBUG reactor.netty.resources.PooledConnectionProvider - [id: 0xd26d2f3c, L:/127.0.0.1:51741 - R:localhost/127.0.0.1:8083] onStateChange(GET{uri=/attractions, connection=PooledConnection{channel=[id: 0xd26d2f3c, L:/127.0.0.1:51741 - R:localhost/127.0.0.1:8083]}}, [request_sent])
15:53:19.996 [reactor-http-nio-41] DEBUG reactor.netty.http.client.HttpClientOperations - [id: 0xd26d2f3c, L:/127.0.0.1:51741 - R:localhost/127.0.0.1:8083] Received response (auto-read:false) : [Content-Type=application/json, Transfer-Encoding=chunked, Date=Wed, 15 Jun 2022 14:53:19 GMT]
15:53:19.996 [reactor-http-nio-41] DEBUG reactor.netty.resources.PooledConnectionProvider - [id: 0xd26d2f3c, L:/127.0.0.1:51741 - R:localhost/127.0.0.1:8083] onStateChange(GET{uri=/attractions, connection=PooledConnection{channel=[id: 0xd26d2f3c, L:/127.0.0.1:51741 - R:localhost/127.0.0.1:8083]}}, [response_received])
15:53:19.996 [reactor-http-nio-41] DEBUG org.springframework.web.reactive.function.client.ExchangeFunctions - [b73433] Response 200 OK
15:53:19.996 [reactor-http-nio-41] DEBUG reactor.netty.channel.FluxReceive - [id: 0xd26d2f3c, L:/127.0.0.1:51741 - R:localhost/127.0.0.1:8083] Subscribing inbound receiver [pending: 0, cancelled:false, inboundDone: false]
15:53:19.996 [reactor-http-nio-41] DEBUG reactor.netty.http.client.HttpClientOperations - [id: 0xd26d2f3c, L:/127.0.0.1:51741 - R:localhost/127.0.0.1:8083] Received last HTTP packet
15:53:19.996 [reactor-http-nio-41] DEBUG org.springframework.core.codec.StringDecoder - [b73433] Decoded "[{"longitude":-117.922008,"latitude":33.817595,"attractionName":"Disneyland","city":"Anaheim","stat (truncated)...
15:53:19.997 [reactor-http-nio-41] DEBUG reactor.netty.resources.PooledConnectionProvider - [id: 0xd26d2f3c, L:/127.0.0.1:51741 - R:localhost/127.0.0.1:8083] onStateChange(GET{uri=/attractions, connection=PooledConnection{channel=[id: 0xd26d2f3c, L:/127.0.0.1:51741 - R:localhost/127.0.0.1:8083]}}, [disconnecting])
15:53:19.997 [reactor-http-nio-41] DEBUG reactor.netty.resources.PooledConnectionProvider - [id: 0xd26d2f3c, L:/127.0.0.1:51741 - R:localhost/127.0.0.1:8083] Releasing channel
15:53:19.997 [reactor-http-nio-41] DEBUG reactor.netty.resources.PooledConnectionProvider - [id: 0xd26d2f3c, L:/127.0.0.1:51741 - R:localhost/127.0.0.1:8083] Channel cleaned, now 0 active connections and 301 inactive connections
15:53:19.998 [Test worker] DEBUG org.springframework.web.reactive.function.client.ExchangeFunctions - [1bf14704] HTTP GET http://localhost:8083/attractions
15:53:20.001 [reactor-http-nio-48] DEBUG reactor.netty.resources.PooledConnectionProvider - [id: 0xed116a68, L:/127.0.0.1:51964 - R:localhost/127.0.0.1:8083] Channel acquired, now 1 active connections and 300 inactive connections
15:53:20.001 [reactor-http-nio-48] DEBUG reactor.netty.http.client.HttpClientConnect - [id: 0xed116a68, L:/127.0.0.1:51964 - R:localhost/127.0.0.1:8083] Handler is being applied: {uri=http://localhost:8083/attractions, method=GET}
15:53:20.002 [reactor-http-nio-48] DEBUG reactor.netty.resources.PooledConnectionProvider - [id: 0xed116a68, L:/127.0.0.1:51964 - R:localhost/127.0.0.1:8083] onStateChange(GET{uri=/attractions, connection=PooledConnection{channel=[id: 0xed116a68, L:/127.0.0.1:51964 - R:localhost/127.0.0.1:8083]}}, [request_sent])
15:53:20.015 [reactor-http-nio-48] DEBUG reactor.netty.http.client.HttpClientOperations - [id: 0xed116a68, L:/127.0.0.1:51964 - R:localhost/127.0.0.1:8083] Received response (auto-read:false) : [Content-Type=application/json, Transfer-Encoding=chunked, Date=Wed, 15 Jun 2022 14:53:19 GMT]
15:53:20.015 [reactor-http-nio-48] DEBUG reactor.netty.resources.PooledConnectionProvider - [id: 0xed116a68, L:/127.0.0.1:51964 - R:localhost/127.0.0.1:8083] onStateChange(GET{uri=/attractions, connection=PooledConnection{channel=[id: 0xed116a68, L:/127.0.0.1:51964 - R:localhost/127.0.0.1:8083]}}, [response_received])
15:53:20.015 [reactor-http-nio-48] DEBUG org.springframework.web.reactive.function.client.ExchangeFunctions - [1bf14704] Response 200 OK
15:53:20.016 [reactor-http-nio-48] DEBUG reactor.netty.channel.FluxReceive - [id: 0xed116a68, L:/127.0.0.1:51964 - R:localhost/127.0.0.1:8083] Subscribing inbound receiver [pending: 0, cancelled:false, inboundDone: false]
15:53:20.016 [reactor-http-nio-48] DEBUG reactor.netty.http.client.HttpClientOperations - [id: 0xed116a68, L:/127.0.0.1:51964 - R:localhost/127.0.0.1:8083] Received last HTTP packet
15:53:20.016 [reactor-http-nio-48] DEBUG org.springframework.core.codec.StringDecoder - [1bf14704] Decoded "[{"longitude":-117.922008,"latitude":33.817595,"attractionName":"Disneyland","city":"Anaheim","stat (truncated)...
15:53:20.016 [reactor-http-nio-48] DEBUG reactor.netty.resources.PooledConnectionProvider - [id: 0xed116a68, L:/127.0.0.1:51964 - R:localhost/127.0.0.1:8083] onStateChange(GET{uri=/attractions, connection=PooledConnection{channel=[id: 0xed116a68, L:/127.0.0.1:51964 - R:localhost/127.0.0.1:8083]}}, [disconnecting])
15:53:20.017 [reactor-http-nio-48] DEBUG reactor.netty.resources.PooledConnectionProvider - [id: 0xed116a68, L:/127.0.0.1:51964 - R:localhost/127.0.0.1:8083] Releasing channel
15:53:20.017 [reactor-http-nio-48] DEBUG reactor.netty.resources.PooledConnectionProvider - [id: 0xed116a68, L:/127.0.0.1:51964 - R:localhost/127.0.0.1:8083] Channel cleaned, now 0 active connections and 301 inactive connections
15:53:20.018 [Test worker] DEBUG org.springframework.web.reactive.function.client.ExchangeFunctions - [5a545b0f] HTTP GET http://localhost:8083/attractions
15:53:20.020 [reactor-http-nio-41] DEBUG reactor.netty.resources.PooledConnectionProvider - [id: 0x5524893e, L:/127.0.0.1:51743 - R:localhost/127.0.0.1:8083] Channel acquired, now 1 active connections and 300 inactive connections
15:53:20.021 [reactor-http-nio-41] DEBUG reactor.netty.http.client.HttpClientConnect - [id: 0x5524893e, L:/127.0.0.1:51743 - R:localhost/127.0.0.1:8083] Handler is being applied: {uri=http://localhost:8083/attractions, method=GET}
15:53:20.021 [reactor-http-nio-41] DEBUG reactor.netty.resources.PooledConnectionProvider - [id: 0x5524893e, L:/127.0.0.1:51743 - R:localhost/127.0.0.1:8083] onStateChange(GET{uri=/attractions, connection=PooledConnection{channel=[id: 0x5524893e, L:/127.0.0.1:51743 - R:localhost/127.0.0.1:8083]}}, [request_sent])
15:53:20.034 [reactor-http-nio-41] DEBUG reactor.netty.http.client.HttpClientOperations - [id: 0x5524893e, L:/127.0.0.1:51743 - R:localhost/127.0.0.1:8083] Received response (auto-read:false) : [Content-Type=application/json, Transfer-Encoding=chunked, Date=Wed, 15 Jun 2022 14:53:19 GMT]
15:53:20.034 [reactor-http-nio-41] DEBUG reactor.netty.resources.PooledConnectionProvider - [id: 0x5524893e, L:/127.0.0.1:51743 - R:localhost/127.0.0.1:8083] onStateChange(GET{uri=/attractions, connection=PooledConnection{channel=[id: 0x5524893e, L:/127.0.0.1:51743 - R:localhost/127.0.0.1:8083]}}, [response_received])
15:53:20.034 [reactor-http-nio-41] DEBUG org.springframework.web.reactive.function.client.ExchangeFunctions - [5a545b0f] Response 200 OK
15:53:20.034 [reactor-http-nio-41] DEBUG reactor.netty.channel.FluxReceive - [id: 0x5524893e, L:/127.0.0.1:51743 - R:localhost/127.0.0.1:8083] Subscribing inbound receiver [pending: 0, cancelled:false, inboundDone: false]
15:53:20.034 [reactor-http-nio-41] DEBUG reactor.netty.http.client.HttpClientOperations - [id: 0x5524893e, L:/127.0.0.1:51743 - R:localhost/127.0.0.1:8083] Received last HTTP packet
15:53:20.034 [reactor-http-nio-41] DEBUG org.springframework.core.codec.StringDecoder - [5a545b0f] Decoded "[{"longitude":-117.922008,"latitude":33.817595,"attractionName":"Disneyland","city":"Anaheim","stat (truncated)...
15:53:20.034 [reactor-http-nio-41] DEBUG reactor.netty.resources.PooledConnectionProvider - [id: 0x5524893e, L:/127.0.0.1:51743 - R:localhost/127.0.0.1:8083] onStateChange(GET{uri=/attractions, connection=PooledConnection{channel=[id: 0x5524893e, L:/127.0.0.1:51743 - R:localhost/127.0.0.1:8083]}}, [disconnecting])
15:53:20.034 [reactor-http-nio-41] DEBUG reactor.netty.resources.PooledConnectionProvider - [id: 0x5524893e, L:/127.0.0.1:51743 - R:localhost/127.0.0.1:8083] Releasing channel
15:53:20.034 [reactor-http-nio-41] DEBUG reactor.netty.resources.PooledConnectionProvider - [id: 0x5524893e, L:/127.0.0.1:51743 - R:localhost/127.0.0.1:8083] Channel cleaned, now 0 active connections and 301 inactive connections
15:53:20.036 [Test worker] DEBUG org.springframework.web.reactive.function.client.ExchangeFunctions - [2be21396] HTTP GET http://localhost:8083/attractions
15:53:20.037 [reactor-http-nio-46] DEBUG reactor.netty.resources.PooledConnectionProvider - [id: 0x4746856e, L:/127.0.0.1:51809 - R:localhost/127.0.0.1:8083] Channel acquired, now 1 active connections and 300 inactive connections
15:53:20.037 [reactor-http-nio-46] DEBUG reactor.netty.http.client.HttpClientConnect - [id: 0x4746856e, L:/127.0.0.1:51809 - R:localhost/127.0.0.1:8083] Handler is being applied: {uri=http://localhost:8083/attractions, method=GET}
15:53:20.037 [reactor-http-nio-46] DEBUG reactor.netty.resources.PooledConnectionProvider - [id: 0x4746856e, L:/127.0.0.1:51809 - R:localhost/127.0.0.1:8083] onStateChange(GET{uri=/attractions, connection=PooledConnection{channel=[id: 0x4746856e, L:/127.0.0.1:51809 - R:localhost/127.0.0.1:8083]}}, [request_sent])
15:53:20.050 [reactor-http-nio-46] DEBUG reactor.netty.http.client.HttpClientOperations - [id: 0x4746856e, L:/127.0.0.1:51809 - R:localhost/127.0.0.1:8083] Received response (auto-read:false) : [Content-Type=application/json, Transfer-Encoding=chunked, Date=Wed, 15 Jun 2022 14:53:19 GMT]
15:53:20.050 [reactor-http-nio-46] DEBUG reactor.netty.resources.PooledConnectionProvider - [id: 0x4746856e, L:/127.0.0.1:51809 - R:localhost/127.0.0.1:8083] onStateChange(GET{uri=/attractions, connection=PooledConnection{channel=[id: 0x4746856e, L:/127.0.0.1:51809 - R:localhost/127.0.0.1:8083]}}, [response_received])
15:53:20.050 [reactor-http-nio-46] DEBUG org.springframework.web.reactive.function.client.ExchangeFunctions - [2be21396] Response 200 OK
15:53:20.050 [reactor-http-nio-46] DEBUG reactor.netty.channel.FluxReceive - [id: 0x4746856e, L:/127.0.0.1:51809 - R:localhost/127.0.0.1:8083] Subscribing inbound receiver [pending: 0, cancelled:false, inboundDone: false]
15:53:20.050 [reactor-http-nio-46] DEBUG reactor.netty.http.client.HttpClientOperations - [id: 0x4746856e, L:/127.0.0.1:51809 - R:localhost/127.0.0.1:8083] Received last HTTP packet
15:53:20.050 [reactor-http-nio-46] DEBUG org.springframework.core.codec.StringDecoder - [2be21396] Decoded "[{"longitude":-117.922008,"latitude":33.817595,"attractionName":"Disneyland","city":"Anaheim","stat (truncated)...
15:53:20.050 [reactor-http-nio-46] DEBUG reactor.netty.resources.PooledConnectionProvider - [id: 0x4746856e, L:/127.0.0.1:51809 - R:localhost/127.0.0.1:8083] onStateChange(GET{uri=/attractions, connection=PooledConnection{channel=[id: 0x4746856e, L:/127.0.0.1:51809 - R:localhost/127.0.0.1:8083]}}, [disconnecting])
15:53:20.050 [reactor-http-nio-46] DEBUG reactor.netty.resources.PooledConnectionProvider - [id: 0x4746856e, L:/127.0.0.1:51809 - R:localhost/127.0.0.1:8083] Releasing channel
15:53:20.050 [reactor-http-nio-46] DEBUG reactor.netty.resources.PooledConnectionProvider - [id: 0x4746856e, L:/127.0.0.1:51809 - R:localhost/127.0.0.1:8083] Channel cleaned, now 0 active connections and 301 inactive connections
15:53:20.051 [Test worker] DEBUG org.springframework.web.reactive.function.client.ExchangeFunctions - [124dac75] HTTP GET http://localhost:8083/attractions
15:53:20.054 [reactor-http-nio-41] DEBUG reactor.netty.resources.PooledConnectionProvider - [id: 0x35480b9d, L:/127.0.0.1:51783 - R:localhost/127.0.0.1:8083] Channel acquired, now 1 active connections and 300 inactive connections
15:53:20.054 [reactor-http-nio-41] DEBUG reactor.netty.http.client.HttpClientConnect - [id: 0x35480b9d, L:/127.0.0.1:51783 - R:localhost/127.0.0.1:8083] Handler is being applied: {uri=http://localhost:8083/attractions, method=GET}
15:53:20.054 [reactor-http-nio-41] DEBUG reactor.netty.resources.PooledConnectionProvider - [id: 0x35480b9d, L:/127.0.0.1:51783 - R:localhost/127.0.0.1:8083] onStateChange(GET{uri=/attractions, connection=PooledConnection{channel=[id: 0x35480b9d, L:/127.0.0.1:51783 - R:localhost/127.0.0.1:8083]}}, [request_sent])
15:53:20.067 [reactor-http-nio-41] DEBUG reactor.netty.http.client.HttpClientOperations - [id: 0x35480b9d, L:/127.0.0.1:51783 - R:localhost/127.0.0.1:8083] Received response (auto-read:false) : [Content-Type=application/json, Transfer-Encoding=chunked, Date=Wed, 15 Jun 2022 14:53:19 GMT]
15:53:20.067 [reactor-http-nio-41] DEBUG reactor.netty.resources.PooledConnectionProvider - [id: 0x35480b9d, L:/127.0.0.1:51783 - R:localhost/127.0.0.1:8083] onStateChange(GET{uri=/attractions, connection=PooledConnection{channel=[id: 0x35480b9d, L:/127.0.0.1:51783 - R:localhost/127.0.0.1:8083]}}, [response_received])
15:53:20.067 [reactor-http-nio-41] DEBUG org.springframework.web.reactive.function.client.ExchangeFunctions - [124dac75] Response 200 OK
15:53:20.067 [reactor-http-nio-41] DEBUG reactor.netty.channel.FluxReceive - [id: 0x35480b9d, L:/127.0.0.1:51783 - R:localhost/127.0.0.1:8083] Subscribing inbound receiver [pending: 0, cancelled:false, inboundDone: false]
15:53:20.067 [reactor-http-nio-41] DEBUG reactor.netty.http.client.HttpClientOperations - [id: 0x35480b9d, L:/127.0.0.1:51783 - R:localhost/127.0.0.1:8083] Received last HTTP packet
15:53:20.067 [reactor-http-nio-41] DEBUG org.springframework.core.codec.StringDecoder - [124dac75] Decoded "[{"longitude":-117.922008,"latitude":33.817595,"attractionName":"Disneyland","city":"Anaheim","stat (truncated)...
15:53:20.067 [reactor-http-nio-41] DEBUG reactor.netty.resources.PooledConnectionProvider - [id: 0x35480b9d, L:/127.0.0.1:51783 - R:localhost/127.0.0.1:8083] onStateChange(GET{uri=/attractions, connection=PooledConnection{channel=[id: 0x35480b9d, L:/127.0.0.1:51783 - R:localhost/127.0.0.1:8083]}}, [disconnecting])
15:53:20.067 [reactor-http-nio-41] DEBUG reactor.netty.resources.PooledConnectionProvider - [id: 0x35480b9d, L:/127.0.0.1:51783 - R:localhost/127.0.0.1:8083] Releasing channel
15:53:20.067 [reactor-http-nio-41] DEBUG reactor.netty.resources.PooledConnectionProvider - [id: 0x35480b9d, L:/127.0.0.1:51783 - R:localhost/127.0.0.1:8083] Channel cleaned, now 0 active connections and 301 inactive connections
15:53:20.069 [Test worker] DEBUG org.springframework.web.reactive.function.client.ExchangeFunctions - [315105f] HTTP GET http://localhost:8083/attractions
15:53:20.071 [reactor-http-nio-46] DEBUG reactor.netty.resources.PooledConnectionProvider - [id: 0x64dc3a35, L:/127.0.0.1:51768 - R:localhost/127.0.0.1:8083] Channel acquired, now 1 active connections and 300 inactive connections
15:53:20.071 [reactor-http-nio-46] DEBUG reactor.netty.http.client.HttpClientConnect - [id: 0x64dc3a35, L:/127.0.0.1:51768 - R:localhost/127.0.0.1:8083] Handler is being applied: {uri=http://localhost:8083/attractions, method=GET}
15:53:20.071 [reactor-http-nio-46] DEBUG reactor.netty.resources.PooledConnectionProvider - [id: 0x64dc3a35, L:/127.0.0.1:51768 - R:localhost/127.0.0.1:8083] onStateChange(GET{uri=/attractions, connection=PooledConnection{channel=[id: 0x64dc3a35, L:/127.0.0.1:51768 - R:localhost/127.0.0.1:8083]}}, [request_sent])
15:53:20.084 [reactor-http-nio-46] DEBUG reactor.netty.http.client.HttpClientOperations - [id: 0x64dc3a35, L:/127.0.0.1:51768 - R:localhost/127.0.0.1:8083] Received response (auto-read:false) : [Content-Type=application/json, Transfer-Encoding=chunked, Date=Wed, 15 Jun 2022 14:53:19 GMT]
15:53:20.084 [reactor-http-nio-46] DEBUG reactor.netty.resources.PooledConnectionProvider - [id: 0x64dc3a35, L:/127.0.0.1:51768 - R:localhost/127.0.0.1:8083] onStateChange(GET{uri=/attractions, connection=PooledConnection{channel=[id: 0x64dc3a35, L:/127.0.0.1:51768 - R:localhost/127.0.0.1:8083]}}, [response_received])
15:53:20.084 [reactor-http-nio-46] DEBUG org.springframework.web.reactive.function.client.ExchangeFunctions - [315105f] Response 200 OK
15:53:20.084 [reactor-http-nio-46] DEBUG reactor.netty.channel.FluxReceive - [id: 0x64dc3a35, L:/127.0.0.1:51768 - R:localhost/127.0.0.1:8083] Subscribing inbound receiver [pending: 0, cancelled:false, inboundDone: false]
15:53:20.085 [reactor-http-nio-46] DEBUG reactor.netty.http.client.HttpClientOperations - [id: 0x64dc3a35, L:/127.0.0.1:51768 - R:localhost/127.0.0.1:8083] Received last HTTP packet
15:53:20.085 [reactor-http-nio-46] DEBUG org.springframework.core.codec.StringDecoder - [315105f] Decoded "[{"longitude":-117.922008,"latitude":33.817595,"attractionName":"Disneyland","city":"Anaheim","stat (truncated)...
15:53:20.085 [reactor-http-nio-46] DEBUG reactor.netty.resources.PooledConnectionProvider - [id: 0x64dc3a35, L:/127.0.0.1:51768 - R:localhost/127.0.0.1:8083] onStateChange(GET{uri=/attractions, connection=PooledConnection{channel=[id: 0x64dc3a35, L:/127.0.0.1:51768 - R:localhost/127.0.0.1:8083]}}, [disconnecting])
15:53:20.085 [reactor-http-nio-46] DEBUG reactor.netty.resources.PooledConnectionProvider - [id: 0x64dc3a35, L:/127.0.0.1:51768 - R:localhost/127.0.0.1:8083] Releasing channel
15:53:20.085 [reactor-http-nio-46] DEBUG reactor.netty.resources.PooledConnectionProvider - [id: 0x64dc3a35, L:/127.0.0.1:51768 - R:localhost/127.0.0.1:8083] Channel cleaned, now 0 active connections and 301 inactive connections
15:53:20.086 [Test worker] DEBUG org.springframework.web.reactive.function.client.ExchangeFunctions - [7b61bf11] HTTP GET http://localhost:8083/attractions
15:53:20.087 [reactor-http-nio-47] DEBUG reactor.netty.resources.PooledConnectionProvider - [id: 0xab8c6a94, L:/127.0.0.1:51844 - R:localhost/127.0.0.1:8083] Channel acquired, now 1 active connections and 300 inactive connections
15:53:20.088 [reactor-http-nio-47] DEBUG reactor.netty.http.client.HttpClientConnect - [id: 0xab8c6a94, L:/127.0.0.1:51844 - R:localhost/127.0.0.1:8083] Handler is being applied: {uri=http://localhost:8083/attractions, method=GET}
15:53:20.088 [reactor-http-nio-47] DEBUG reactor.netty.resources.PooledConnectionProvider - [id: 0xab8c6a94, L:/127.0.0.1:51844 - R:localhost/127.0.0.1:8083] onStateChange(GET{uri=/attractions, connection=PooledConnection{channel=[id: 0xab8c6a94, L:/127.0.0.1:51844 - R:localhost/127.0.0.1:8083]}}, [request_sent])
15:53:20.101 [reactor-http-nio-47] DEBUG reactor.netty.http.client.HttpClientOperations - [id: 0xab8c6a94, L:/127.0.0.1:51844 - R:localhost/127.0.0.1:8083] Received response (auto-read:false) : [Content-Type=application/json, Transfer-Encoding=chunked, Date=Wed, 15 Jun 2022 14:53:19 GMT]
15:53:20.101 [reactor-http-nio-47] DEBUG reactor.netty.resources.PooledConnectionProvider - [id: 0xab8c6a94, L:/127.0.0.1:51844 - R:localhost/127.0.0.1:8083] onStateChange(GET{uri=/attractions, connection=PooledConnection{channel=[id: 0xab8c6a94, L:/127.0.0.1:51844 - R:localhost/127.0.0.1:8083]}}, [response_received])
15:53:20.101 [reactor-http-nio-47] DEBUG org.springframework.web.reactive.function.client.ExchangeFunctions - [7b61bf11] Response 200 OK
15:53:20.101 [reactor-http-nio-47] DEBUG reactor.netty.channel.FluxReceive - [id: 0xab8c6a94, L:/127.0.0.1:51844 - R:localhost/127.0.0.1:8083] Subscribing inbound receiver [pending: 0, cancelled:false, inboundDone: false]
15:53:20.101 [reactor-http-nio-47] DEBUG reactor.netty.http.client.HttpClientOperations - [id: 0xab8c6a94, L:/127.0.0.1:51844 - R:localhost/127.0.0.1:8083] Received last HTTP packet
15:53:20.101 [reactor-http-nio-47] DEBUG org.springframework.core.codec.StringDecoder - [7b61bf11] Decoded "[{"longitude":-117.922008,"latitude":33.817595,"attractionName":"Disneyland","city":"Anaheim","stat (truncated)...
15:53:20.101 [reactor-http-nio-47] DEBUG reactor.netty.resources.PooledConnectionProvider - [id: 0xab8c6a94, L:/127.0.0.1:51844 - R:localhost/127.0.0.1:8083] onStateChange(GET{uri=/attractions, connection=PooledConnection{channel=[id: 0xab8c6a94, L:/127.0.0.1:51844 - R:localhost/127.0.0.1:8083]}}, [disconnecting])
15:53:20.101 [reactor-http-nio-47] DEBUG reactor.netty.resources.PooledConnectionProvider - [id: 0xab8c6a94, L:/127.0.0.1:51844 - R:localhost/127.0.0.1:8083] Releasing channel
15:53:20.101 [reactor-http-nio-47] DEBUG reactor.netty.resources.PooledConnectionProvider - [id: 0xab8c6a94, L:/127.0.0.1:51844 - R:localhost/127.0.0.1:8083] Channel cleaned, now 0 active connections and 301 inactive connections
15:53:20.102 [Test worker] DEBUG org.springframework.web.reactive.function.client.ExchangeFunctions - [40247d48] HTTP GET http://localhost:8083/attractions
15:53:20.105 [reactor-http-nio-41] DEBUG reactor.netty.resources.PooledConnectionProvider - [id: 0x9f0a2ff5, L:/127.0.0.1:51757 - R:localhost/127.0.0.1:8083] Channel acquired, now 1 active connections and 300 inactive connections
15:53:20.105 [reactor-http-nio-41] DEBUG reactor.netty.http.client.HttpClientConnect - [id: 0x9f0a2ff5, L:/127.0.0.1:51757 - R:localhost/127.0.0.1:8083] Handler is being applied: {uri=http://localhost:8083/attractions, method=GET}
15:53:20.105 [reactor-http-nio-41] DEBUG reactor.netty.resources.PooledConnectionProvider - [id: 0x9f0a2ff5, L:/127.0.0.1:51757 - R:localhost/127.0.0.1:8083] onStateChange(GET{uri=/attractions, connection=PooledConnection{channel=[id: 0x9f0a2ff5, L:/127.0.0.1:51757 - R:localhost/127.0.0.1:8083]}}, [request_sent])
15:53:20.118 [reactor-http-nio-41] DEBUG reactor.netty.http.client.HttpClientOperations - [id: 0x9f0a2ff5, L:/127.0.0.1:51757 - R:localhost/127.0.0.1:8083] Received response (auto-read:false) : [Content-Type=application/json, Transfer-Encoding=chunked, Date=Wed, 15 Jun 2022 14:53:19 GMT]
15:53:20.118 [reactor-http-nio-41] DEBUG reactor.netty.resources.PooledConnectionProvider - [id: 0x9f0a2ff5, L:/127.0.0.1:51757 - R:localhost/127.0.0.1:8083] onStateChange(GET{uri=/attractions, connection=PooledConnection{channel=[id: 0x9f0a2ff5, L:/127.0.0.1:51757 - R:localhost/127.0.0.1:8083]}}, [response_received])
15:53:20.118 [reactor-http-nio-41] DEBUG org.springframework.web.reactive.function.client.ExchangeFunctions - [40247d48] Response 200 OK
15:53:20.118 [reactor-http-nio-41] DEBUG reactor.netty.channel.FluxReceive - [id: 0x9f0a2ff5, L:/127.0.0.1:51757 - R:localhost/127.0.0.1:8083] Subscribing inbound receiver [pending: 0, cancelled:false, inboundDone: false]
15:53:20.118 [reactor-http-nio-41] DEBUG reactor.netty.http.client.HttpClientOperations - [id: 0x9f0a2ff5, L:/127.0.0.1:51757 - R:localhost/127.0.0.1:8083] Received last HTTP packet
15:53:20.118 [reactor-http-nio-41] DEBUG org.springframework.core.codec.StringDecoder - [40247d48] Decoded "[{"longitude":-117.922008,"latitude":33.817595,"attractionName":"Disneyland","city":"Anaheim","stat (truncated)...
15:53:20.118 [reactor-http-nio-41] DEBUG reactor.netty.resources.PooledConnectionProvider - [id: 0x9f0a2ff5, L:/127.0.0.1:51757 - R:localhost/127.0.0.1:8083] onStateChange(GET{uri=/attractions, connection=PooledConnection{channel=[id: 0x9f0a2ff5, L:/127.0.0.1:51757 - R:localhost/127.0.0.1:8083]}}, [disconnecting])
15:53:20.118 [reactor-http-nio-41] DEBUG reactor.netty.resources.PooledConnectionProvider - [id: 0x9f0a2ff5, L:/127.0.0.1:51757 - R:localhost/127.0.0.1:8083] Releasing channel
15:53:20.118 [reactor-http-nio-41] DEBUG reactor.netty.resources.PooledConnectionProvider - [id: 0x9f0a2ff5, L:/127.0.0.1:51757 - R:localhost/127.0.0.1:8083] Channel cleaned, now 0 active connections and 301 inactive connections
15:53:20.119 [Test worker] DEBUG org.springframework.web.reactive.function.client.ExchangeFunctions - [3ff54f3d] HTTP GET http://localhost:8083/attractions
15:53:20.121 [reactor-http-nio-41] DEBUG reactor.netty.resources.PooledConnectionProvider - [id: 0x9af0e655, L:/127.0.0.1:51913 - R:localhost/127.0.0.1:8083] Channel acquired, now 1 active connections and 300 inactive connections
15:53:20.121 [reactor-http-nio-41] DEBUG reactor.netty.http.client.HttpClientConnect - [id: 0x9af0e655, L:/127.0.0.1:51913 - R:localhost/127.0.0.1:8083] Handler is being applied: {uri=http://localhost:8083/attractions, method=GET}
15:53:20.121 [reactor-http-nio-41] DEBUG reactor.netty.resources.PooledConnectionProvider - [id: 0x9af0e655, L:/127.0.0.1:51913 - R:localhost/127.0.0.1:8083] onStateChange(GET{uri=/attractions, connection=PooledConnection{channel=[id: 0x9af0e655, L:/127.0.0.1:51913 - R:localhost/127.0.0.1:8083]}}, [request_sent])
15:53:20.134 [reactor-http-nio-41] DEBUG reactor.netty.http.client.HttpClientOperations - [id: 0x9af0e655, L:/127.0.0.1:51913 - R:localhost/127.0.0.1:8083] Received response (auto-read:false) : [Content-Type=application/json, Transfer-Encoding=chunked, Date=Wed, 15 Jun 2022 14:53:19 GMT]
15:53:20.134 [reactor-http-nio-41] DEBUG reactor.netty.resources.PooledConnectionProvider - [id: 0x9af0e655, L:/127.0.0.1:51913 - R:localhost/127.0.0.1:8083] onStateChange(GET{uri=/attractions, connection=PooledConnection{channel=[id: 0x9af0e655, L:/127.0.0.1:51913 - R:localhost/127.0.0.1:8083]}}, [response_received])
15:53:20.134 [reactor-http-nio-41] DEBUG org.springframework.web.reactive.function.client.ExchangeFunctions - [3ff54f3d] Response 200 OK
15:53:20.134 [reactor-http-nio-41] DEBUG reactor.netty.channel.FluxReceive - [id: 0x9af0e655, L:/127.0.0.1:51913 - R:localhost/127.0.0.1:8083] Subscribing inbound receiver [pending: 0, cancelled:false, inboundDone: false]
15:53:20.134 [reactor-http-nio-41] DEBUG reactor.netty.http.client.HttpClientOperations - [id: 0x9af0e655, L:/127.0.0.1:51913 - R:localhost/127.0.0.1:8083] Received last HTTP packet
15:53:20.134 [reactor-http-nio-41] DEBUG org.springframework.core.codec.StringDecoder - [3ff54f3d] Decoded "[{"longitude":-117.922008,"latitude":33.817595,"attractionName":"Disneyland","city":"Anaheim","stat (truncated)...
15:53:20.134 [reactor-http-nio-41] DEBUG reactor.netty.resources.PooledConnectionProvider - [id: 0x9af0e655, L:/127.0.0.1:51913 - R:localhost/127.0.0.1:8083] onStateChange(GET{uri=/attractions, connection=PooledConnection{channel=[id: 0x9af0e655, L:/127.0.0.1:51913 - R:localhost/127.0.0.1:8083]}}, [disconnecting])
15:53:20.135 [reactor-http-nio-41] DEBUG reactor.netty.resources.PooledConnectionProvider - [id: 0x9af0e655, L:/127.0.0.1:51913 - R:localhost/127.0.0.1:8083] Releasing channel
15:53:20.135 [reactor-http-nio-41] DEBUG reactor.netty.resources.PooledConnectionProvider - [id: 0x9af0e655, L:/127.0.0.1:51913 - R:localhost/127.0.0.1:8083] Channel cleaned, now 0 active connections and 301 inactive connections
15:53:20.136 [Test worker] DEBUG org.springframework.web.reactive.function.client.ExchangeFunctions - [14c93774] HTTP GET http://localhost:8083/attractions
15:53:20.138 [reactor-http-nio-46] DEBUG reactor.netty.resources.PooledConnectionProvider - [id: 0xe631b28c, L:/127.0.0.1:51804 - R:localhost/127.0.0.1:8083] Channel acquired, now 1 active connections and 300 inactive connections
15:53:20.138 [reactor-http-nio-46] DEBUG reactor.netty.http.client.HttpClientConnect - [id: 0xe631b28c, L:/127.0.0.1:51804 - R:localhost/127.0.0.1:8083] Handler is being applied: {uri=http://localhost:8083/attractions, method=GET}
15:53:20.139 [reactor-http-nio-46] DEBUG reactor.netty.resources.PooledConnectionProvider - [id: 0xe631b28c, L:/127.0.0.1:51804 - R:localhost/127.0.0.1:8083] onStateChange(GET{uri=/attractions, connection=PooledConnection{channel=[id: 0xe631b28c, L:/127.0.0.1:51804 - R:localhost/127.0.0.1:8083]}}, [request_sent])
15:53:20.151 [reactor-http-nio-46] DEBUG reactor.netty.http.client.HttpClientOperations - [id: 0xe631b28c, L:/127.0.0.1:51804 - R:localhost/127.0.0.1:8083] Received response (auto-read:false) : [Content-Type=application/json, Transfer-Encoding=chunked, Date=Wed, 15 Jun 2022 14:53:19 GMT]
15:53:20.151 [reactor-http-nio-46] DEBUG reactor.netty.resources.PooledConnectionProvider - [id: 0xe631b28c, L:/127.0.0.1:51804 - R:localhost/127.0.0.1:8083] onStateChange(GET{uri=/attractions, connection=PooledConnection{channel=[id: 0xe631b28c, L:/127.0.0.1:51804 - R:localhost/127.0.0.1:8083]}}, [response_received])
15:53:20.151 [reactor-http-nio-46] DEBUG org.springframework.web.reactive.function.client.ExchangeFunctions - [14c93774] Response 200 OK
15:53:20.152 [reactor-http-nio-46] DEBUG reactor.netty.channel.FluxReceive - [id: 0xe631b28c, L:/127.0.0.1:51804 - R:localhost/127.0.0.1:8083] Subscribing inbound receiver [pending: 0, cancelled:false, inboundDone: false]
15:53:20.152 [reactor-http-nio-46] DEBUG reactor.netty.http.client.HttpClientOperations - [id: 0xe631b28c, L:/127.0.0.1:51804 - R:localhost/127.0.0.1:8083] Received last HTTP packet
15:53:20.152 [reactor-http-nio-46] DEBUG org.springframework.core.codec.StringDecoder - [14c93774] Decoded "[{"longitude":-117.922008,"latitude":33.817595,"attractionName":"Disneyland","city":"Anaheim","stat (truncated)...
15:53:20.152 [reactor-http-nio-46] DEBUG reactor.netty.resources.PooledConnectionProvider - [id: 0xe631b28c, L:/127.0.0.1:51804 - R:localhost/127.0.0.1:8083] onStateChange(GET{uri=/attractions, connection=PooledConnection{channel=[id: 0xe631b28c, L:/127.0.0.1:51804 - R:localhost/127.0.0.1:8083]}}, [disconnecting])
15:53:20.152 [reactor-http-nio-46] DEBUG reactor.netty.resources.PooledConnectionProvider - [id: 0xe631b28c, L:/127.0.0.1:51804 - R:localhost/127.0.0.1:8083] Releasing channel
15:53:20.152 [reactor-http-nio-46] DEBUG reactor.netty.resources.PooledConnectionProvider - [id: 0xe631b28c, L:/127.0.0.1:51804 - R:localhost/127.0.0.1:8083] Channel cleaned, now 0 active connections and 301 inactive connections
15:53:20.152 [Test worker] DEBUG org.springframework.web.reactive.function.client.ExchangeFunctions - [62a68bcb] HTTP GET http://localhost:8083/attractions
15:53:20.153 [reactor-http-nio-46] DEBUG reactor.netty.resources.PooledConnectionProvider - [id: 0x9fb64b28, L:/127.0.0.1:51823 - R:localhost/127.0.0.1:8083] Channel acquired, now 1 active connections and 300 inactive connections
15:53:20.153 [reactor-http-nio-46] DEBUG reactor.netty.http.client.HttpClientConnect - [id: 0x9fb64b28, L:/127.0.0.1:51823 - R:localhost/127.0.0.1:8083] Handler is being applied: {uri=http://localhost:8083/attractions, method=GET}
15:53:20.154 [reactor-http-nio-46] DEBUG reactor.netty.resources.PooledConnectionProvider - [id: 0x9fb64b28, L:/127.0.0.1:51823 - R:localhost/127.0.0.1:8083] onStateChange(GET{uri=/attractions, connection=PooledConnection{channel=[id: 0x9fb64b28, L:/127.0.0.1:51823 - R:localhost/127.0.0.1:8083]}}, [request_sent])
15:53:20.166 [reactor-http-nio-46] DEBUG reactor.netty.http.client.HttpClientOperations - [id: 0x9fb64b28, L:/127.0.0.1:51823 - R:localhost/127.0.0.1:8083] Received response (auto-read:false) : [Content-Type=application/json, Transfer-Encoding=chunked, Date=Wed, 15 Jun 2022 14:53:19 GMT]
15:53:20.166 [reactor-http-nio-46] DEBUG reactor.netty.resources.PooledConnectionProvider - [id: 0x9fb64b28, L:/127.0.0.1:51823 - R:localhost/127.0.0.1:8083] onStateChange(GET{uri=/attractions, connection=PooledConnection{channel=[id: 0x9fb64b28, L:/127.0.0.1:51823 - R:localhost/127.0.0.1:8083]}}, [response_received])
15:53:20.166 [reactor-http-nio-46] DEBUG org.springframework.web.reactive.function.client.ExchangeFunctions - [62a68bcb] Response 200 OK
15:53:20.167 [reactor-http-nio-46] DEBUG reactor.netty.channel.FluxReceive - [id: 0x9fb64b28, L:/127.0.0.1:51823 - R:localhost/127.0.0.1:8083] Subscribing inbound receiver [pending: 0, cancelled:false, inboundDone: false]
15:53:20.167 [reactor-http-nio-46] DEBUG reactor.netty.http.client.HttpClientOperations - [id: 0x9fb64b28, L:/127.0.0.1:51823 - R:localhost/127.0.0.1:8083] Received last HTTP packet
15:53:20.167 [reactor-http-nio-46] DEBUG org.springframework.core.codec.StringDecoder - [62a68bcb] Decoded "[{"longitude":-117.922008,"latitude":33.817595,"attractionName":"Disneyland","city":"Anaheim","stat (truncated)...
15:53:20.167 [reactor-http-nio-46] DEBUG reactor.netty.resources.PooledConnectionProvider - [id: 0x9fb64b28, L:/127.0.0.1:51823 - R:localhost/127.0.0.1:8083] onStateChange(GET{uri=/attractions, connection=PooledConnection{channel=[id: 0x9fb64b28, L:/127.0.0.1:51823 - R:localhost/127.0.0.1:8083]}}, [disconnecting])
15:53:20.167 [reactor-http-nio-46] DEBUG reactor.netty.resources.PooledConnectionProvider - [id: 0x9fb64b28, L:/127.0.0.1:51823 - R:localhost/127.0.0.1:8083] Releasing channel
15:53:20.167 [reactor-http-nio-46] DEBUG reactor.netty.resources.PooledConnectionProvider - [id: 0x9fb64b28, L:/127.0.0.1:51823 - R:localhost/127.0.0.1:8083] Channel cleaned, now 0 active connections and 301 inactive connections
15:53:20.168 [Test worker] DEBUG org.springframework.web.reactive.function.client.ExchangeFunctions - [18b74ea] HTTP GET http://localhost:8083/attractions
15:53:20.170 [reactor-http-nio-46] DEBUG reactor.netty.resources.PooledConnectionProvider - [id: 0x23ba406e, L:/127.0.0.1:51949 - R:localhost/127.0.0.1:8083] Channel acquired, now 1 active connections and 300 inactive connections
15:53:20.170 [reactor-http-nio-46] DEBUG reactor.netty.http.client.HttpClientConnect - [id: 0x23ba406e, L:/127.0.0.1:51949 - R:localhost/127.0.0.1:8083] Handler is being applied: {uri=http://localhost:8083/attractions, method=GET}
15:53:20.170 [reactor-http-nio-46] DEBUG reactor.netty.resources.PooledConnectionProvider - [id: 0x23ba406e, L:/127.0.0.1:51949 - R:localhost/127.0.0.1:8083] onStateChange(GET{uri=/attractions, connection=PooledConnection{channel=[id: 0x23ba406e, L:/127.0.0.1:51949 - R:localhost/127.0.0.1:8083]}}, [request_sent])
15:53:20.183 [reactor-http-nio-46] DEBUG reactor.netty.http.client.HttpClientOperations - [id: 0x23ba406e, L:/127.0.0.1:51949 - R:localhost/127.0.0.1:8083] Received response (auto-read:false) : [Content-Type=application/json, Transfer-Encoding=chunked, Date=Wed, 15 Jun 2022 14:53:19 GMT]
15:53:20.183 [reactor-http-nio-46] DEBUG reactor.netty.resources.PooledConnectionProvider - [id: 0x23ba406e, L:/127.0.0.1:51949 - R:localhost/127.0.0.1:8083] onStateChange(GET{uri=/attractions, connection=PooledConnection{channel=[id: 0x23ba406e, L:/127.0.0.1:51949 - R:localhost/127.0.0.1:8083]}}, [response_received])
15:53:20.183 [reactor-http-nio-46] DEBUG org.springframework.web.reactive.function.client.ExchangeFunctions - [18b74ea] Response 200 OK
15:53:20.183 [reactor-http-nio-46] DEBUG reactor.netty.channel.FluxReceive - [id: 0x23ba406e, L:/127.0.0.1:51949 - R:localhost/127.0.0.1:8083] Subscribing inbound receiver [pending: 0, cancelled:false, inboundDone: false]
15:53:20.183 [reactor-http-nio-46] DEBUG reactor.netty.http.client.HttpClientOperations - [id: 0x23ba406e, L:/127.0.0.1:51949 - R:localhost/127.0.0.1:8083] Received last HTTP packet
15:53:20.183 [reactor-http-nio-46] DEBUG org.springframework.core.codec.StringDecoder - [18b74ea] Decoded "[{"longitude":-117.922008,"latitude":33.817595,"attractionName":"Disneyland","city":"Anaheim","stat (truncated)...
15:53:20.184 [reactor-http-nio-46] DEBUG reactor.netty.resources.PooledConnectionProvider - [id: 0x23ba406e, L:/127.0.0.1:51949 - R:localhost/127.0.0.1:8083] onStateChange(GET{uri=/attractions, connection=PooledConnection{channel=[id: 0x23ba406e, L:/127.0.0.1:51949 - R:localhost/127.0.0.1:8083]}}, [disconnecting])
15:53:20.184 [reactor-http-nio-46] DEBUG reactor.netty.resources.PooledConnectionProvider - [id: 0x23ba406e, L:/127.0.0.1:51949 - R:localhost/127.0.0.1:8083] Releasing channel
15:53:20.184 [reactor-http-nio-46] DEBUG reactor.netty.resources.PooledConnectionProvider - [id: 0x23ba406e, L:/127.0.0.1:51949 - R:localhost/127.0.0.1:8083] Channel cleaned, now 0 active connections and 301 inactive connections
15:53:20.185 [Test worker] DEBUG org.springframework.web.reactive.function.client.ExchangeFunctions - [14924f41] HTTP GET http://localhost:8083/attractions
15:53:20.187 [reactor-http-nio-47] DEBUG reactor.netty.resources.PooledConnectionProvider - [id: 0xf1ad37c6, L:/127.0.0.1:51687 - R:localhost/127.0.0.1:8083] Channel acquired, now 1 active connections and 300 inactive connections
15:53:20.187 [reactor-http-nio-47] DEBUG reactor.netty.http.client.HttpClientConnect - [id: 0xf1ad37c6, L:/127.0.0.1:51687 - R:localhost/127.0.0.1:8083] Handler is being applied: {uri=http://localhost:8083/attractions, method=GET}
15:53:20.188 [reactor-http-nio-47] DEBUG reactor.netty.resources.PooledConnectionProvider - [id: 0xf1ad37c6, L:/127.0.0.1:51687 - R:localhost/127.0.0.1:8083] onStateChange(GET{uri=/attractions, connection=PooledConnection{channel=[id: 0xf1ad37c6, L:/127.0.0.1:51687 - R:localhost/127.0.0.1:8083]}}, [request_sent])
15:53:20.201 [reactor-http-nio-47] DEBUG reactor.netty.http.client.HttpClientOperations - [id: 0xf1ad37c6, L:/127.0.0.1:51687 - R:localhost/127.0.0.1:8083] Received response (auto-read:false) : [Content-Type=application/json, Transfer-Encoding=chunked, Date=Wed, 15 Jun 2022 14:53:19 GMT]
15:53:20.201 [reactor-http-nio-47] DEBUG reactor.netty.resources.PooledConnectionProvider - [id: 0xf1ad37c6, L:/127.0.0.1:51687 - R:localhost/127.0.0.1:8083] onStateChange(GET{uri=/attractions, connection=PooledConnection{channel=[id: 0xf1ad37c6, L:/127.0.0.1:51687 - R:localhost/127.0.0.1:8083]}}, [response_received])
15:53:20.201 [reactor-http-nio-47] DEBUG org.springframework.web.reactive.function.client.ExchangeFunctions - [14924f41] Response 200 OK
15:53:20.201 [reactor-http-nio-47] DEBUG reactor.netty.channel.FluxReceive - [id: 0xf1ad37c6, L:/127.0.0.1:51687 - R:localhost/127.0.0.1:8083] Subscribing inbound receiver [pending: 0, cancelled:false, inboundDone: false]
15:53:20.202 [reactor-http-nio-47] DEBUG reactor.netty.http.client.HttpClientOperations - [id: 0xf1ad37c6, L:/127.0.0.1:51687 - R:localhost/127.0.0.1:8083] Received last HTTP packet
15:53:20.202 [reactor-http-nio-47] DEBUG org.springframework.core.codec.StringDecoder - [14924f41] Decoded "[{"longitude":-117.922008,"latitude":33.817595,"attractionName":"Disneyland","city":"Anaheim","stat (truncated)...
15:53:20.202 [reactor-http-nio-47] DEBUG reactor.netty.resources.PooledConnectionProvider - [id: 0xf1ad37c6, L:/127.0.0.1:51687 - R:localhost/127.0.0.1:8083] onStateChange(GET{uri=/attractions, connection=PooledConnection{channel=[id: 0xf1ad37c6, L:/127.0.0.1:51687 - R:localhost/127.0.0.1:8083]}}, [disconnecting])
15:53:20.202 [reactor-http-nio-47] DEBUG reactor.netty.resources.PooledConnectionProvider - [id: 0xf1ad37c6, L:/127.0.0.1:51687 - R:localhost/127.0.0.1:8083] Releasing channel
15:53:20.202 [reactor-http-nio-47] DEBUG reactor.netty.resources.PooledConnectionProvider - [id: 0xf1ad37c6, L:/127.0.0.1:51687 - R:localhost/127.0.0.1:8083] Channel cleaned, now 0 active connections and 301 inactive connections
15:53:20.203 [Test worker] DEBUG org.springframework.web.reactive.function.client.ExchangeFunctions - [493da830] HTTP GET http://localhost:8083/attractions
15:53:20.205 [reactor-http-nio-46] DEBUG reactor.netty.resources.PooledConnectionProvider - [id: 0xa3d0f544, L:/127.0.0.1:51821 - R:localhost/127.0.0.1:8083] Channel acquired, now 1 active connections and 300 inactive connections
15:53:20.205 [reactor-http-nio-46] DEBUG reactor.netty.http.client.HttpClientConnect - [id: 0xa3d0f544, L:/127.0.0.1:51821 - R:localhost/127.0.0.1:8083] Handler is being applied: {uri=http://localhost:8083/attractions, method=GET}
15:53:20.205 [reactor-http-nio-46] DEBUG reactor.netty.resources.PooledConnectionProvider - [id: 0xa3d0f544, L:/127.0.0.1:51821 - R:localhost/127.0.0.1:8083] onStateChange(GET{uri=/attractions, connection=PooledConnection{channel=[id: 0xa3d0f544, L:/127.0.0.1:51821 - R:localhost/127.0.0.1:8083]}}, [request_sent])
15:53:20.218 [reactor-http-nio-46] DEBUG reactor.netty.http.client.HttpClientOperations - [id: 0xa3d0f544, L:/127.0.0.1:51821 - R:localhost/127.0.0.1:8083] Received response (auto-read:false) : [Content-Type=application/json, Transfer-Encoding=chunked, Date=Wed, 15 Jun 2022 14:53:19 GMT]
15:53:20.218 [reactor-http-nio-46] DEBUG reactor.netty.resources.PooledConnectionProvider - [id: 0xa3d0f544, L:/127.0.0.1:51821 - R:localhost/127.0.0.1:8083] onStateChange(GET{uri=/attractions, connection=PooledConnection{channel=[id: 0xa3d0f544, L:/127.0.0.1:51821 - R:localhost/127.0.0.1:8083]}}, [response_received])
15:53:20.218 [reactor-http-nio-46] DEBUG org.springframework.web.reactive.function.client.ExchangeFunctions - [493da830] Response 200 OK
15:53:20.218 [reactor-http-nio-46] DEBUG reactor.netty.channel.FluxReceive - [id: 0xa3d0f544, L:/127.0.0.1:51821 - R:localhost/127.0.0.1:8083] Subscribing inbound receiver [pending: 0, cancelled:false, inboundDone: false]
15:53:20.218 [reactor-http-nio-46] DEBUG reactor.netty.http.client.HttpClientOperations - [id: 0xa3d0f544, L:/127.0.0.1:51821 - R:localhost/127.0.0.1:8083] Received last HTTP packet
15:53:20.219 [reactor-http-nio-46] DEBUG org.springframework.core.codec.StringDecoder - [493da830] Decoded "[{"longitude":-117.922008,"latitude":33.817595,"attractionName":"Disneyland","city":"Anaheim","stat (truncated)...
15:53:20.219 [reactor-http-nio-46] DEBUG reactor.netty.resources.PooledConnectionProvider - [id: 0xa3d0f544, L:/127.0.0.1:51821 - R:localhost/127.0.0.1:8083] onStateChange(GET{uri=/attractions, connection=PooledConnection{channel=[id: 0xa3d0f544, L:/127.0.0.1:51821 - R:localhost/127.0.0.1:8083]}}, [disconnecting])
15:53:20.219 [reactor-http-nio-46] DEBUG reactor.netty.resources.PooledConnectionProvider - [id: 0xa3d0f544, L:/127.0.0.1:51821 - R:localhost/127.0.0.1:8083] Releasing channel
15:53:20.219 [reactor-http-nio-46] DEBUG reactor.netty.resources.PooledConnectionProvider - [id: 0xa3d0f544, L:/127.0.0.1:51821 - R:localhost/127.0.0.1:8083] Channel cleaned, now 0 active connections and 301 inactive connections
15:53:20.220 [Test worker] DEBUG org.springframework.web.reactive.function.client.ExchangeFunctions - [1f939a0f] HTTP GET http://localhost:8083/attractions
15:53:20.221 [reactor-http-nio-46] DEBUG reactor.netty.resources.PooledConnectionProvider - [id: 0x24a8edc5, L:/127.0.0.1:51787 - R:localhost/127.0.0.1:8083] Channel acquired, now 1 active connections and 300 inactive connections
15:53:20.221 [reactor-http-nio-46] DEBUG reactor.netty.http.client.HttpClientConnect - [id: 0x24a8edc5, L:/127.0.0.1:51787 - R:localhost/127.0.0.1:8083] Handler is being applied: {uri=http://localhost:8083/attractions, method=GET}
15:53:20.222 [reactor-http-nio-46] DEBUG reactor.netty.resources.PooledConnectionProvider - [id: 0x24a8edc5, L:/127.0.0.1:51787 - R:localhost/127.0.0.1:8083] onStateChange(GET{uri=/attractions, connection=PooledConnection{channel=[id: 0x24a8edc5, L:/127.0.0.1:51787 - R:localhost/127.0.0.1:8083]}}, [request_sent])
15:53:20.235 [reactor-http-nio-46] DEBUG reactor.netty.http.client.HttpClientOperations - [id: 0x24a8edc5, L:/127.0.0.1:51787 - R:localhost/127.0.0.1:8083] Received response (auto-read:false) : [Content-Type=application/json, Transfer-Encoding=chunked, Date=Wed, 15 Jun 2022 14:53:19 GMT]
15:53:20.235 [reactor-http-nio-46] DEBUG reactor.netty.resources.PooledConnectionProvider - [id: 0x24a8edc5, L:/127.0.0.1:51787 - R:localhost/127.0.0.1:8083] onStateChange(GET{uri=/attractions, connection=PooledConnection{channel=[id: 0x24a8edc5, L:/127.0.0.1:51787 - R:localhost/127.0.0.1:8083]}}, [response_received])
15:53:20.235 [reactor-http-nio-46] DEBUG org.springframework.web.reactive.function.client.ExchangeFunctions - [1f939a0f] Response 200 OK
15:53:20.235 [reactor-http-nio-46] DEBUG reactor.netty.channel.FluxReceive - [id: 0x24a8edc5, L:/127.0.0.1:51787 - R:localhost/127.0.0.1:8083] Subscribing inbound receiver [pending: 0, cancelled:false, inboundDone: false]
15:53:20.236 [reactor-http-nio-46] DEBUG reactor.netty.http.client.HttpClientOperations - [id: 0x24a8edc5, L:/127.0.0.1:51787 - R:localhost/127.0.0.1:8083] Received last HTTP packet
15:53:20.236 [reactor-http-nio-46] DEBUG org.springframework.core.codec.StringDecoder - [1f939a0f] Decoded "[{"longitude":-117.922008,"latitude":33.817595,"attractionName":"Disneyland","city":"Anaheim","stat (truncated)...
15:53:20.236 [reactor-http-nio-46] DEBUG reactor.netty.resources.PooledConnectionProvider - [id: 0x24a8edc5, L:/127.0.0.1:51787 - R:localhost/127.0.0.1:8083] onStateChange(GET{uri=/attractions, connection=PooledConnection{channel=[id: 0x24a8edc5, L:/127.0.0.1:51787 - R:localhost/127.0.0.1:8083]}}, [disconnecting])
15:53:20.236 [reactor-http-nio-46] DEBUG reactor.netty.resources.PooledConnectionProvider - [id: 0x24a8edc5, L:/127.0.0.1:51787 - R:localhost/127.0.0.1:8083] Releasing channel
15:53:20.236 [reactor-http-nio-46] DEBUG reactor.netty.resources.PooledConnectionProvider - [id: 0x24a8edc5, L:/127.0.0.1:51787 - R:localhost/127.0.0.1:8083] Channel cleaned, now 0 active connections and 301 inactive connections
15:53:20.237 [Test worker] DEBUG org.springframework.web.reactive.function.client.ExchangeFunctions - [45658133] HTTP GET http://localhost:8083/attractions
15:53:20.241 [reactor-http-nio-48] DEBUG reactor.netty.resources.PooledConnectionProvider - [id: 0xfddb937f, L:/127.0.0.1:51940 - R:localhost/127.0.0.1:8083] Channel acquired, now 1 active connections and 300 inactive connections
15:53:20.241 [reactor-http-nio-48] DEBUG reactor.netty.http.client.HttpClientConnect - [id: 0xfddb937f, L:/127.0.0.1:51940 - R:localhost/127.0.0.1:8083] Handler is being applied: {uri=http://localhost:8083/attractions, method=GET}
15:53:20.242 [reactor-http-nio-48] DEBUG reactor.netty.resources.PooledConnectionProvider - [id: 0xfddb937f, L:/127.0.0.1:51940 - R:localhost/127.0.0.1:8083] onStateChange(GET{uri=/attractions, connection=PooledConnection{channel=[id: 0xfddb937f, L:/127.0.0.1:51940 - R:localhost/127.0.0.1:8083]}}, [request_sent])
15:53:20.256 [reactor-http-nio-48] DEBUG reactor.netty.http.client.HttpClientOperations - [id: 0xfddb937f, L:/127.0.0.1:51940 - R:localhost/127.0.0.1:8083] Received response (auto-read:false) : [Content-Type=application/json, Transfer-Encoding=chunked, Date=Wed, 15 Jun 2022 14:53:19 GMT]
15:53:20.256 [reactor-http-nio-48] DEBUG reactor.netty.resources.PooledConnectionProvider - [id: 0xfddb937f, L:/127.0.0.1:51940 - R:localhost/127.0.0.1:8083] onStateChange(GET{uri=/attractions, connection=PooledConnection{channel=[id: 0xfddb937f, L:/127.0.0.1:51940 - R:localhost/127.0.0.1:8083]}}, [response_received])
15:53:20.256 [reactor-http-nio-48] DEBUG org.springframework.web.reactive.function.client.ExchangeFunctions - [45658133] Response 200 OK
15:53:20.256 [reactor-http-nio-48] DEBUG reactor.netty.channel.FluxReceive - [id: 0xfddb937f, L:/127.0.0.1:51940 - R:localhost/127.0.0.1:8083] Subscribing inbound receiver [pending: 0, cancelled:false, inboundDone: false]
15:53:20.257 [reactor-http-nio-48] DEBUG reactor.netty.http.client.HttpClientOperations - [id: 0xfddb937f, L:/127.0.0.1:51940 - R:localhost/127.0.0.1:8083] Received last HTTP packet
15:53:20.257 [reactor-http-nio-48] DEBUG org.springframework.core.codec.StringDecoder - [45658133] Decoded "[{"longitude":-117.922008,"latitude":33.817595,"attractionName":"Disneyland","city":"Anaheim","stat (truncated)...
15:53:20.257 [reactor-http-nio-48] DEBUG reactor.netty.resources.PooledConnectionProvider - [id: 0xfddb937f, L:/127.0.0.1:51940 - R:localhost/127.0.0.1:8083] onStateChange(GET{uri=/attractions, connection=PooledConnection{channel=[id: 0xfddb937f, L:/127.0.0.1:51940 - R:localhost/127.0.0.1:8083]}}, [disconnecting])
15:53:20.257 [reactor-http-nio-48] DEBUG reactor.netty.resources.PooledConnectionProvider - [id: 0xfddb937f, L:/127.0.0.1:51940 - R:localhost/127.0.0.1:8083] Releasing channel
15:53:20.257 [reactor-http-nio-48] DEBUG reactor.netty.resources.PooledConnectionProvider - [id: 0xfddb937f, L:/127.0.0.1:51940 - R:localhost/127.0.0.1:8083] Channel cleaned, now 0 active connections and 301 inactive connections
15:53:20.258 [Test worker] DEBUG org.springframework.web.reactive.function.client.ExchangeFunctions - [430b2699] HTTP GET http://localhost:8083/attractions
15:53:20.263 [reactor-http-nio-47] DEBUG reactor.netty.resources.PooledConnectionProvider - [id: 0xabb6df10, L:/127.0.0.1:51837 - R:localhost/127.0.0.1:8083] Channel acquired, now 1 active connections and 300 inactive connections
15:53:20.263 [reactor-http-nio-47] DEBUG reactor.netty.http.client.HttpClientConnect - [id: 0xabb6df10, L:/127.0.0.1:51837 - R:localhost/127.0.0.1:8083] Handler is being applied: {uri=http://localhost:8083/attractions, method=GET}
15:53:20.264 [reactor-http-nio-47] DEBUG reactor.netty.resources.PooledConnectionProvider - [id: 0xabb6df10, L:/127.0.0.1:51837 - R:localhost/127.0.0.1:8083] onStateChange(GET{uri=/attractions, connection=PooledConnection{channel=[id: 0xabb6df10, L:/127.0.0.1:51837 - R:localhost/127.0.0.1:8083]}}, [request_sent])
15:53:20.278 [reactor-http-nio-47] DEBUG reactor.netty.http.client.HttpClientOperations - [id: 0xabb6df10, L:/127.0.0.1:51837 - R:localhost/127.0.0.1:8083] Received response (auto-read:false) : [Content-Type=application/json, Transfer-Encoding=chunked, Date=Wed, 15 Jun 2022 14:53:19 GMT]
15:53:20.278 [reactor-http-nio-47] DEBUG reactor.netty.resources.PooledConnectionProvider - [id: 0xabb6df10, L:/127.0.0.1:51837 - R:localhost/127.0.0.1:8083] onStateChange(GET{uri=/attractions, connection=PooledConnection{channel=[id: 0xabb6df10, L:/127.0.0.1:51837 - R:localhost/127.0.0.1:8083]}}, [response_received])
15:53:20.278 [reactor-http-nio-47] DEBUG org.springframework.web.reactive.function.client.ExchangeFunctions - [430b2699] Response 200 OK
15:53:20.279 [reactor-http-nio-47] DEBUG reactor.netty.channel.FluxReceive - [id: 0xabb6df10, L:/127.0.0.1:51837 - R:localhost/127.0.0.1:8083] Subscribing inbound receiver [pending: 0, cancelled:false, inboundDone: false]
15:53:20.279 [reactor-http-nio-47] DEBUG reactor.netty.http.client.HttpClientOperations - [id: 0xabb6df10, L:/127.0.0.1:51837 - R:localhost/127.0.0.1:8083] Received last HTTP packet
15:53:20.279 [reactor-http-nio-47] DEBUG org.springframework.core.codec.StringDecoder - [430b2699] Decoded "[{"longitude":-117.922008,"latitude":33.817595,"attractionName":"Disneyland","city":"Anaheim","stat (truncated)...
15:53:20.279 [reactor-http-nio-47] DEBUG reactor.netty.resources.PooledConnectionProvider - [id: 0xabb6df10, L:/127.0.0.1:51837 - R:localhost/127.0.0.1:8083] onStateChange(GET{uri=/attractions, connection=PooledConnection{channel=[id: 0xabb6df10, L:/127.0.0.1:51837 - R:localhost/127.0.0.1:8083]}}, [disconnecting])
15:53:20.279 [reactor-http-nio-47] DEBUG reactor.netty.resources.PooledConnectionProvider - [id: 0xabb6df10, L:/127.0.0.1:51837 - R:localhost/127.0.0.1:8083] Releasing channel
15:53:20.279 [reactor-http-nio-47] DEBUG reactor.netty.resources.PooledConnectionProvider - [id: 0xabb6df10, L:/127.0.0.1:51837 - R:localhost/127.0.0.1:8083] Channel cleaned, now 0 active connections and 301 inactive connections
15:53:20.281 [Test worker] DEBUG org.springframework.web.reactive.function.client.ExchangeFunctions - [67536ae0] HTTP GET http://localhost:8083/attractions
15:53:20.285 [reactor-http-nio-48] DEBUG reactor.netty.resources.PooledConnectionProvider - [id: 0xaf6e9f28, L:/127.0.0.1:51878 - R:localhost/127.0.0.1:8083] Channel acquired, now 1 active connections and 300 inactive connections
15:53:20.285 [reactor-http-nio-48] DEBUG reactor.netty.http.client.HttpClientConnect - [id: 0xaf6e9f28, L:/127.0.0.1:51878 - R:localhost/127.0.0.1:8083] Handler is being applied: {uri=http://localhost:8083/attractions, method=GET}
15:53:20.286 [reactor-http-nio-48] DEBUG reactor.netty.resources.PooledConnectionProvider - [id: 0xaf6e9f28, L:/127.0.0.1:51878 - R:localhost/127.0.0.1:8083] onStateChange(GET{uri=/attractions, connection=PooledConnection{channel=[id: 0xaf6e9f28, L:/127.0.0.1:51878 - R:localhost/127.0.0.1:8083]}}, [request_sent])
15:53:20.299 [reactor-http-nio-48] DEBUG reactor.netty.http.client.HttpClientOperations - [id: 0xaf6e9f28, L:/127.0.0.1:51878 - R:localhost/127.0.0.1:8083] Received response (auto-read:false) : [Content-Type=application/json, Transfer-Encoding=chunked, Date=Wed, 15 Jun 2022 14:53:19 GMT]
15:53:20.299 [reactor-http-nio-48] DEBUG reactor.netty.resources.PooledConnectionProvider - [id: 0xaf6e9f28, L:/127.0.0.1:51878 - R:localhost/127.0.0.1:8083] onStateChange(GET{uri=/attractions, connection=PooledConnection{channel=[id: 0xaf6e9f28, L:/127.0.0.1:51878 - R:localhost/127.0.0.1:8083]}}, [response_received])
15:53:20.299 [reactor-http-nio-48] DEBUG org.springframework.web.reactive.function.client.ExchangeFunctions - [67536ae0] Response 200 OK
15:53:20.299 [reactor-http-nio-48] DEBUG reactor.netty.channel.FluxReceive - [id: 0xaf6e9f28, L:/127.0.0.1:51878 - R:localhost/127.0.0.1:8083] Subscribing inbound receiver [pending: 0, cancelled:false, inboundDone: false]
15:53:20.300 [reactor-http-nio-48] DEBUG reactor.netty.http.client.HttpClientOperations - [id: 0xaf6e9f28, L:/127.0.0.1:51878 - R:localhost/127.0.0.1:8083] Received last HTTP packet
15:53:20.300 [reactor-http-nio-48] DEBUG org.springframework.core.codec.StringDecoder - [67536ae0] Decoded "[{"longitude":-117.922008,"latitude":33.817595,"attractionName":"Disneyland","city":"Anaheim","stat (truncated)...
15:53:20.300 [reactor-http-nio-48] DEBUG reactor.netty.resources.PooledConnectionProvider - [id: 0xaf6e9f28, L:/127.0.0.1:51878 - R:localhost/127.0.0.1:8083] onStateChange(GET{uri=/attractions, connection=PooledConnection{channel=[id: 0xaf6e9f28, L:/127.0.0.1:51878 - R:localhost/127.0.0.1:8083]}}, [disconnecting])
15:53:20.300 [reactor-http-nio-48] DEBUG reactor.netty.resources.PooledConnectionProvider - [id: 0xaf6e9f28, L:/127.0.0.1:51878 - R:localhost/127.0.0.1:8083] Releasing channel
15:53:20.300 [reactor-http-nio-48] DEBUG reactor.netty.resources.PooledConnectionProvider - [id: 0xaf6e9f28, L:/127.0.0.1:51878 - R:localhost/127.0.0.1:8083] Channel cleaned, now 0 active connections and 301 inactive connections
15:53:20.301 [Test worker] DEBUG org.springframework.web.reactive.function.client.ExchangeFunctions - [6413d7e7] HTTP GET http://localhost:8083/attractions
15:53:20.303 [reactor-http-nio-41] DEBUG reactor.netty.resources.PooledConnectionProvider - [id: 0x733709b4, L:/127.0.0.1:51734 - R:localhost/127.0.0.1:8083] Channel acquired, now 1 active connections and 300 inactive connections
15:53:20.303 [reactor-http-nio-41] DEBUG reactor.netty.http.client.HttpClientConnect - [id: 0x733709b4, L:/127.0.0.1:51734 - R:localhost/127.0.0.1:8083] Handler is being applied: {uri=http://localhost:8083/attractions, method=GET}
15:53:20.304 [reactor-http-nio-41] DEBUG reactor.netty.resources.PooledConnectionProvider - [id: 0x733709b4, L:/127.0.0.1:51734 - R:localhost/127.0.0.1:8083] onStateChange(GET{uri=/attractions, connection=PooledConnection{channel=[id: 0x733709b4, L:/127.0.0.1:51734 - R:localhost/127.0.0.1:8083]}}, [request_sent])
15:53:20.316 [reactor-http-nio-41] DEBUG reactor.netty.http.client.HttpClientOperations - [id: 0x733709b4, L:/127.0.0.1:51734 - R:localhost/127.0.0.1:8083] Received response (auto-read:false) : [Content-Type=application/json, Transfer-Encoding=chunked, Date=Wed, 15 Jun 2022 14:53:19 GMT]
15:53:20.316 [reactor-http-nio-41] DEBUG reactor.netty.resources.PooledConnectionProvider - [id: 0x733709b4, L:/127.0.0.1:51734 - R:localhost/127.0.0.1:8083] onStateChange(GET{uri=/attractions, connection=PooledConnection{channel=[id: 0x733709b4, L:/127.0.0.1:51734 - R:localhost/127.0.0.1:8083]}}, [response_received])
15:53:20.316 [reactor-http-nio-41] DEBUG org.springframework.web.reactive.function.client.ExchangeFunctions - [6413d7e7] Response 200 OK
15:53:20.316 [reactor-http-nio-41] DEBUG reactor.netty.channel.FluxReceive - [id: 0x733709b4, L:/127.0.0.1:51734 - R:localhost/127.0.0.1:8083] Subscribing inbound receiver [pending: 0, cancelled:false, inboundDone: false]
15:53:20.317 [reactor-http-nio-41] DEBUG reactor.netty.http.client.HttpClientOperations - [id: 0x733709b4, L:/127.0.0.1:51734 - R:localhost/127.0.0.1:8083] Received last HTTP packet
15:53:20.317 [reactor-http-nio-41] DEBUG org.springframework.core.codec.StringDecoder - [6413d7e7] Decoded "[{"longitude":-117.922008,"latitude":33.817595,"attractionName":"Disneyland","city":"Anaheim","stat (truncated)...
15:53:20.317 [reactor-http-nio-41] DEBUG reactor.netty.resources.PooledConnectionProvider - [id: 0x733709b4, L:/127.0.0.1:51734 - R:localhost/127.0.0.1:8083] onStateChange(GET{uri=/attractions, connection=PooledConnection{channel=[id: 0x733709b4, L:/127.0.0.1:51734 - R:localhost/127.0.0.1:8083]}}, [disconnecting])
15:53:20.317 [reactor-http-nio-41] DEBUG reactor.netty.resources.PooledConnectionProvider - [id: 0x733709b4, L:/127.0.0.1:51734 - R:localhost/127.0.0.1:8083] Releasing channel
15:53:20.317 [reactor-http-nio-41] DEBUG reactor.netty.resources.PooledConnectionProvider - [id: 0x733709b4, L:/127.0.0.1:51734 - R:localhost/127.0.0.1:8083] Channel cleaned, now 0 active connections and 301 inactive connections
15:53:20.318 [Test worker] DEBUG org.springframework.web.reactive.function.client.ExchangeFunctions - [d16be4f] HTTP GET http://localhost:8083/attractions
15:53:20.320 [reactor-http-nio-46] DEBUG reactor.netty.resources.PooledConnectionProvider - [id: 0xb42d715a, L:/127.0.0.1:51795 - R:localhost/127.0.0.1:8083] Channel acquired, now 1 active connections and 300 inactive connections
15:53:20.320 [reactor-http-nio-46] DEBUG reactor.netty.http.client.HttpClientConnect - [id: 0xb42d715a, L:/127.0.0.1:51795 - R:localhost/127.0.0.1:8083] Handler is being applied: {uri=http://localhost:8083/attractions, method=GET}
15:53:20.321 [reactor-http-nio-46] DEBUG reactor.netty.resources.PooledConnectionProvider - [id: 0xb42d715a, L:/127.0.0.1:51795 - R:localhost/127.0.0.1:8083] onStateChange(GET{uri=/attractions, connection=PooledConnection{channel=[id: 0xb42d715a, L:/127.0.0.1:51795 - R:localhost/127.0.0.1:8083]}}, [request_sent])
15:53:20.333 [reactor-http-nio-46] DEBUG reactor.netty.http.client.HttpClientOperations - [id: 0xb42d715a, L:/127.0.0.1:51795 - R:localhost/127.0.0.1:8083] Received response (auto-read:false) : [Content-Type=application/json, Transfer-Encoding=chunked, Date=Wed, 15 Jun 2022 14:53:19 GMT]
15:53:20.333 [reactor-http-nio-46] DEBUG reactor.netty.resources.PooledConnectionProvider - [id: 0xb42d715a, L:/127.0.0.1:51795 - R:localhost/127.0.0.1:8083] onStateChange(GET{uri=/attractions, connection=PooledConnection{channel=[id: 0xb42d715a, L:/127.0.0.1:51795 - R:localhost/127.0.0.1:8083]}}, [response_received])
15:53:20.333 [reactor-http-nio-46] DEBUG org.springframework.web.reactive.function.client.ExchangeFunctions - [d16be4f] Response 200 OK
15:53:20.333 [reactor-http-nio-46] DEBUG reactor.netty.channel.FluxReceive - [id: 0xb42d715a, L:/127.0.0.1:51795 - R:localhost/127.0.0.1:8083] Subscribing inbound receiver [pending: 0, cancelled:false, inboundDone: false]
15:53:20.334 [reactor-http-nio-46] DEBUG reactor.netty.http.client.HttpClientOperations - [id: 0xb42d715a, L:/127.0.0.1:51795 - R:localhost/127.0.0.1:8083] Received last HTTP packet
15:53:20.334 [reactor-http-nio-46] DEBUG org.springframework.core.codec.StringDecoder - [d16be4f] Decoded "[{"longitude":-117.922008,"latitude":33.817595,"attractionName":"Disneyland","city":"Anaheim","stat (truncated)...
15:53:20.334 [reactor-http-nio-46] DEBUG reactor.netty.resources.PooledConnectionProvider - [id: 0xb42d715a, L:/127.0.0.1:51795 - R:localhost/127.0.0.1:8083] onStateChange(GET{uri=/attractions, connection=PooledConnection{channel=[id: 0xb42d715a, L:/127.0.0.1:51795 - R:localhost/127.0.0.1:8083]}}, [disconnecting])
15:53:20.334 [reactor-http-nio-46] DEBUG reactor.netty.resources.PooledConnectionProvider - [id: 0xb42d715a, L:/127.0.0.1:51795 - R:localhost/127.0.0.1:8083] Releasing channel
15:53:20.334 [reactor-http-nio-46] DEBUG reactor.netty.resources.PooledConnectionProvider - [id: 0xb42d715a, L:/127.0.0.1:51795 - R:localhost/127.0.0.1:8083] Channel cleaned, now 0 active connections and 301 inactive connections
15:53:20.335 [Test worker] DEBUG org.springframework.web.reactive.function.client.ExchangeFunctions - [17b37e9a] HTTP GET http://localhost:8083/attractions
15:53:20.338 [reactor-http-nio-46] DEBUG reactor.netty.resources.PooledConnectionProvider - [id: 0xef0e1454, L:/127.0.0.1:51744 - R:localhost/127.0.0.1:8083] Channel acquired, now 1 active connections and 300 inactive connections
15:53:20.338 [reactor-http-nio-46] DEBUG reactor.netty.http.client.HttpClientConnect - [id: 0xef0e1454, L:/127.0.0.1:51744 - R:localhost/127.0.0.1:8083] Handler is being applied: {uri=http://localhost:8083/attractions, method=GET}
15:53:20.338 [reactor-http-nio-46] DEBUG reactor.netty.resources.PooledConnectionProvider - [id: 0xef0e1454, L:/127.0.0.1:51744 - R:localhost/127.0.0.1:8083] onStateChange(GET{uri=/attractions, connection=PooledConnection{channel=[id: 0xef0e1454, L:/127.0.0.1:51744 - R:localhost/127.0.0.1:8083]}}, [request_sent])
15:53:20.351 [reactor-http-nio-46] DEBUG reactor.netty.http.client.HttpClientOperations - [id: 0xef0e1454, L:/127.0.0.1:51744 - R:localhost/127.0.0.1:8083] Received response (auto-read:false) : [Content-Type=application/json, Transfer-Encoding=chunked, Date=Wed, 15 Jun 2022 14:53:19 GMT]
15:53:20.351 [reactor-http-nio-46] DEBUG reactor.netty.resources.PooledConnectionProvider - [id: 0xef0e1454, L:/127.0.0.1:51744 - R:localhost/127.0.0.1:8083] onStateChange(GET{uri=/attractions, connection=PooledConnection{channel=[id: 0xef0e1454, L:/127.0.0.1:51744 - R:localhost/127.0.0.1:8083]}}, [response_received])
15:53:20.351 [reactor-http-nio-46] DEBUG org.springframework.web.reactive.function.client.ExchangeFunctions - [17b37e9a] Response 200 OK
15:53:20.351 [reactor-http-nio-46] DEBUG reactor.netty.channel.FluxReceive - [id: 0xef0e1454, L:/127.0.0.1:51744 - R:localhost/127.0.0.1:8083] Subscribing inbound receiver [pending: 0, cancelled:false, inboundDone: false]
15:53:20.352 [reactor-http-nio-46] DEBUG reactor.netty.http.client.HttpClientOperations - [id: 0xef0e1454, L:/127.0.0.1:51744 - R:localhost/127.0.0.1:8083] Received last HTTP packet
15:53:20.352 [reactor-http-nio-46] DEBUG org.springframework.core.codec.StringDecoder - [17b37e9a] Decoded "[{"longitude":-117.922008,"latitude":33.817595,"attractionName":"Disneyland","city":"Anaheim","stat (truncated)...
15:53:20.352 [reactor-http-nio-46] DEBUG reactor.netty.resources.PooledConnectionProvider - [id: 0xef0e1454, L:/127.0.0.1:51744 - R:localhost/127.0.0.1:8083] onStateChange(GET{uri=/attractions, connection=PooledConnection{channel=[id: 0xef0e1454, L:/127.0.0.1:51744 - R:localhost/127.0.0.1:8083]}}, [disconnecting])
15:53:20.352 [reactor-http-nio-46] DEBUG reactor.netty.resources.PooledConnectionProvider - [id: 0xef0e1454, L:/127.0.0.1:51744 - R:localhost/127.0.0.1:8083] Releasing channel
15:53:20.352 [reactor-http-nio-46] DEBUG reactor.netty.resources.PooledConnectionProvider - [id: 0xef0e1454, L:/127.0.0.1:51744 - R:localhost/127.0.0.1:8083] Channel cleaned, now 0 active connections and 301 inactive connections
15:53:20.353 [Test worker] DEBUG org.springframework.web.reactive.function.client.ExchangeFunctions - [6bcb12e6] HTTP GET http://localhost:8083/attractions
15:53:20.355 [reactor-http-nio-46] DEBUG reactor.netty.resources.PooledConnectionProvider - [id: 0xed2911bf, L:/127.0.0.1:51751 - R:localhost/127.0.0.1:8083] Channel acquired, now 1 active connections and 300 inactive connections
15:53:20.355 [reactor-http-nio-46] DEBUG reactor.netty.http.client.HttpClientConnect - [id: 0xed2911bf, L:/127.0.0.1:51751 - R:localhost/127.0.0.1:8083] Handler is being applied: {uri=http://localhost:8083/attractions, method=GET}
15:53:20.356 [reactor-http-nio-46] DEBUG reactor.netty.resources.PooledConnectionProvider - [id: 0xed2911bf, L:/127.0.0.1:51751 - R:localhost/127.0.0.1:8083] onStateChange(GET{uri=/attractions, connection=PooledConnection{channel=[id: 0xed2911bf, L:/127.0.0.1:51751 - R:localhost/127.0.0.1:8083]}}, [request_sent])
15:53:20.369 [reactor-http-nio-46] DEBUG reactor.netty.http.client.HttpClientOperations - [id: 0xed2911bf, L:/127.0.0.1:51751 - R:localhost/127.0.0.1:8083] Received response (auto-read:false) : [Content-Type=application/json, Transfer-Encoding=chunked, Date=Wed, 15 Jun 2022 14:53:19 GMT]
15:53:20.369 [reactor-http-nio-46] DEBUG reactor.netty.resources.PooledConnectionProvider - [id: 0xed2911bf, L:/127.0.0.1:51751 - R:localhost/127.0.0.1:8083] onStateChange(GET{uri=/attractions, connection=PooledConnection{channel=[id: 0xed2911bf, L:/127.0.0.1:51751 - R:localhost/127.0.0.1:8083]}}, [response_received])
15:53:20.369 [reactor-http-nio-46] DEBUG org.springframework.web.reactive.function.client.ExchangeFunctions - [6bcb12e6] Response 200 OK
15:53:20.369 [reactor-http-nio-46] DEBUG reactor.netty.channel.FluxReceive - [id: 0xed2911bf, L:/127.0.0.1:51751 - R:localhost/127.0.0.1:8083] Subscribing inbound receiver [pending: 0, cancelled:false, inboundDone: false]
15:53:20.370 [reactor-http-nio-46] DEBUG reactor.netty.http.client.HttpClientOperations - [id: 0xed2911bf, L:/127.0.0.1:51751 - R:localhost/127.0.0.1:8083] Received last HTTP packet
15:53:20.370 [reactor-http-nio-46] DEBUG org.springframework.core.codec.StringDecoder - [6bcb12e6] Decoded "[{"longitude":-117.922008,"latitude":33.817595,"attractionName":"Disneyland","city":"Anaheim","stat (truncated)...
15:53:20.370 [reactor-http-nio-46] DEBUG reactor.netty.resources.PooledConnectionProvider - [id: 0xed2911bf, L:/127.0.0.1:51751 - R:localhost/127.0.0.1:8083] onStateChange(GET{uri=/attractions, connection=PooledConnection{channel=[id: 0xed2911bf, L:/127.0.0.1:51751 - R:localhost/127.0.0.1:8083]}}, [disconnecting])
15:53:20.370 [reactor-http-nio-46] DEBUG reactor.netty.resources.PooledConnectionProvider - [id: 0xed2911bf, L:/127.0.0.1:51751 - R:localhost/127.0.0.1:8083] Releasing channel
15:53:20.370 [reactor-http-nio-46] DEBUG reactor.netty.resources.PooledConnectionProvider - [id: 0xed2911bf, L:/127.0.0.1:51751 - R:localhost/127.0.0.1:8083] Channel cleaned, now 0 active connections and 301 inactive connections
15:53:20.371 [Test worker] DEBUG org.springframework.web.reactive.function.client.ExchangeFunctions - [111d5c97] HTTP GET http://localhost:8083/attractions
15:53:20.372 [reactor-http-nio-46] DEBUG reactor.netty.resources.PooledConnectionProvider - [id: 0xb17f4d49, L:/127.0.0.1:51793 - R:localhost/127.0.0.1:8083] Channel acquired, now 1 active connections and 300 inactive connections
15:53:20.372 [reactor-http-nio-46] DEBUG reactor.netty.http.client.HttpClientConnect - [id: 0xb17f4d49, L:/127.0.0.1:51793 - R:localhost/127.0.0.1:8083] Handler is being applied: {uri=http://localhost:8083/attractions, method=GET}
15:53:20.372 [reactor-http-nio-46] DEBUG reactor.netty.resources.PooledConnectionProvider - [id: 0xb17f4d49, L:/127.0.0.1:51793 - R:localhost/127.0.0.1:8083] onStateChange(GET{uri=/attractions, connection=PooledConnection{channel=[id: 0xb17f4d49, L:/127.0.0.1:51793 - R:localhost/127.0.0.1:8083]}}, [request_sent])
15:53:20.386 [reactor-http-nio-46] DEBUG reactor.netty.http.client.HttpClientOperations - [id: 0xb17f4d49, L:/127.0.0.1:51793 - R:localhost/127.0.0.1:8083] Received response (auto-read:false) : [Content-Type=application/json, Transfer-Encoding=chunked, Date=Wed, 15 Jun 2022 14:53:19 GMT]
15:53:20.386 [reactor-http-nio-46] DEBUG reactor.netty.resources.PooledConnectionProvider - [id: 0xb17f4d49, L:/127.0.0.1:51793 - R:localhost/127.0.0.1:8083] onStateChange(GET{uri=/attractions, connection=PooledConnection{channel=[id: 0xb17f4d49, L:/127.0.0.1:51793 - R:localhost/127.0.0.1:8083]}}, [response_received])
15:53:20.386 [reactor-http-nio-46] DEBUG org.springframework.web.reactive.function.client.ExchangeFunctions - [111d5c97] Response 200 OK
15:53:20.387 [reactor-http-nio-46] DEBUG reactor.netty.channel.FluxReceive - [id: 0xb17f4d49, L:/127.0.0.1:51793 - R:localhost/127.0.0.1:8083] Subscribing inbound receiver [pending: 0, cancelled:false, inboundDone: false]
15:53:20.387 [reactor-http-nio-46] DEBUG reactor.netty.http.client.HttpClientOperations - [id: 0xb17f4d49, L:/127.0.0.1:51793 - R:localhost/127.0.0.1:8083] Received last HTTP packet
15:53:20.387 [reactor-http-nio-46] DEBUG org.springframework.core.codec.StringDecoder - [111d5c97] Decoded "[{"longitude":-117.922008,"latitude":33.817595,"attractionName":"Disneyland","city":"Anaheim","stat (truncated)...
15:53:20.387 [reactor-http-nio-46] DEBUG reactor.netty.resources.PooledConnectionProvider - [id: 0xb17f4d49, L:/127.0.0.1:51793 - R:localhost/127.0.0.1:8083] onStateChange(GET{uri=/attractions, connection=PooledConnection{channel=[id: 0xb17f4d49, L:/127.0.0.1:51793 - R:localhost/127.0.0.1:8083]}}, [disconnecting])
15:53:20.387 [reactor-http-nio-46] DEBUG reactor.netty.resources.PooledConnectionProvider - [id: 0xb17f4d49, L:/127.0.0.1:51793 - R:localhost/127.0.0.1:8083] Releasing channel
15:53:20.387 [reactor-http-nio-46] DEBUG reactor.netty.resources.PooledConnectionProvider - [id: 0xb17f4d49, L:/127.0.0.1:51793 - R:localhost/127.0.0.1:8083] Channel cleaned, now 0 active connections and 301 inactive connections
15:53:20.388 [Test worker] DEBUG org.springframework.web.reactive.function.client.ExchangeFunctions - [29c17c3d] HTTP GET http://localhost:8083/attractions
15:53:20.390 [reactor-http-nio-41] DEBUG reactor.netty.resources.PooledConnectionProvider - [id: 0x61097f73, L:/127.0.0.1:51767 - R:localhost/127.0.0.1:8083] Channel acquired, now 1 active connections and 300 inactive connections
15:53:20.390 [reactor-http-nio-41] DEBUG reactor.netty.http.client.HttpClientConnect - [id: 0x61097f73, L:/127.0.0.1:51767 - R:localhost/127.0.0.1:8083] Handler is being applied: {uri=http://localhost:8083/attractions, method=GET}
15:53:20.391 [reactor-http-nio-41] DEBUG reactor.netty.resources.PooledConnectionProvider - [id: 0x61097f73, L:/127.0.0.1:51767 - R:localhost/127.0.0.1:8083] onStateChange(GET{uri=/attractions, connection=PooledConnection{channel=[id: 0x61097f73, L:/127.0.0.1:51767 - R:localhost/127.0.0.1:8083]}}, [request_sent])
15:53:20.405 [reactor-http-nio-41] DEBUG reactor.netty.http.client.HttpClientOperations - [id: 0x61097f73, L:/127.0.0.1:51767 - R:localhost/127.0.0.1:8083] Received response (auto-read:false) : [Content-Type=application/json, Transfer-Encoding=chunked, Date=Wed, 15 Jun 2022 14:53:19 GMT]
15:53:20.405 [reactor-http-nio-41] DEBUG reactor.netty.resources.PooledConnectionProvider - [id: 0x61097f73, L:/127.0.0.1:51767 - R:localhost/127.0.0.1:8083] onStateChange(GET{uri=/attractions, connection=PooledConnection{channel=[id: 0x61097f73, L:/127.0.0.1:51767 - R:localhost/127.0.0.1:8083]}}, [response_received])
15:53:20.405 [reactor-http-nio-41] DEBUG org.springframework.web.reactive.function.client.ExchangeFunctions - [29c17c3d] Response 200 OK
15:53:20.406 [reactor-http-nio-41] DEBUG reactor.netty.channel.FluxReceive - [id: 0x61097f73, L:/127.0.0.1:51767 - R:localhost/127.0.0.1:8083] Subscribing inbound receiver [pending: 0, cancelled:false, inboundDone: false]
15:53:20.406 [reactor-http-nio-41] DEBUG reactor.netty.http.client.HttpClientOperations - [id: 0x61097f73, L:/127.0.0.1:51767 - R:localhost/127.0.0.1:8083] Received last HTTP packet
15:53:20.406 [reactor-http-nio-41] DEBUG org.springframework.core.codec.StringDecoder - [29c17c3d] Decoded "[{"longitude":-117.922008,"latitude":33.817595,"attractionName":"Disneyland","city":"Anaheim","stat (truncated)...
15:53:20.406 [reactor-http-nio-41] DEBUG reactor.netty.resources.PooledConnectionProvider - [id: 0x61097f73, L:/127.0.0.1:51767 - R:localhost/127.0.0.1:8083] onStateChange(GET{uri=/attractions, connection=PooledConnection{channel=[id: 0x61097f73, L:/127.0.0.1:51767 - R:localhost/127.0.0.1:8083]}}, [disconnecting])
15:53:20.406 [reactor-http-nio-41] DEBUG reactor.netty.resources.PooledConnectionProvider - [id: 0x61097f73, L:/127.0.0.1:51767 - R:localhost/127.0.0.1:8083] Releasing channel
15:53:20.406 [reactor-http-nio-41] DEBUG reactor.netty.resources.PooledConnectionProvider - [id: 0x61097f73, L:/127.0.0.1:51767 - R:localhost/127.0.0.1:8083] Channel cleaned, now 0 active connections and 301 inactive connections
15:53:20.407 [Test worker] DEBUG org.springframework.web.reactive.function.client.ExchangeFunctions - [250a9031] HTTP GET http://localhost:8083/attractions
15:53:20.410 [reactor-http-nio-41] DEBUG reactor.netty.resources.PooledConnectionProvider - [id: 0x98e6ee9b, L:/127.0.0.1:51750 - R:localhost/127.0.0.1:8083] Channel acquired, now 1 active connections and 300 inactive connections
15:53:20.410 [reactor-http-nio-41] DEBUG reactor.netty.http.client.HttpClientConnect - [id: 0x98e6ee9b, L:/127.0.0.1:51750 - R:localhost/127.0.0.1:8083] Handler is being applied: {uri=http://localhost:8083/attractions, method=GET}
15:53:20.411 [reactor-http-nio-41] DEBUG reactor.netty.resources.PooledConnectionProvider - [id: 0x98e6ee9b, L:/127.0.0.1:51750 - R:localhost/127.0.0.1:8083] onStateChange(GET{uri=/attractions, connection=PooledConnection{channel=[id: 0x98e6ee9b, L:/127.0.0.1:51750 - R:localhost/127.0.0.1:8083]}}, [request_sent])
15:53:20.424 [reactor-http-nio-41] DEBUG reactor.netty.http.client.HttpClientOperations - [id: 0x98e6ee9b, L:/127.0.0.1:51750 - R:localhost/127.0.0.1:8083] Received response (auto-read:false) : [Content-Type=application/json, Transfer-Encoding=chunked, Date=Wed, 15 Jun 2022 14:53:19 GMT]
15:53:20.424 [reactor-http-nio-41] DEBUG reactor.netty.resources.PooledConnectionProvider - [id: 0x98e6ee9b, L:/127.0.0.1:51750 - R:localhost/127.0.0.1:8083] onStateChange(GET{uri=/attractions, connection=PooledConnection{channel=[id: 0x98e6ee9b, L:/127.0.0.1:51750 - R:localhost/127.0.0.1:8083]}}, [response_received])
15:53:20.424 [reactor-http-nio-41] DEBUG org.springframework.web.reactive.function.client.ExchangeFunctions - [250a9031] Response 200 OK
15:53:20.425 [reactor-http-nio-41] DEBUG reactor.netty.channel.FluxReceive - [id: 0x98e6ee9b, L:/127.0.0.1:51750 - R:localhost/127.0.0.1:8083] Subscribing inbound receiver [pending: 0, cancelled:false, inboundDone: false]
15:53:20.425 [reactor-http-nio-41] DEBUG reactor.netty.http.client.HttpClientOperations - [id: 0x98e6ee9b, L:/127.0.0.1:51750 - R:localhost/127.0.0.1:8083] Received last HTTP packet
15:53:20.425 [reactor-http-nio-41] DEBUG org.springframework.core.codec.StringDecoder - [250a9031] Decoded "[{"longitude":-117.922008,"latitude":33.817595,"attractionName":"Disneyland","city":"Anaheim","stat (truncated)...
15:53:20.425 [reactor-http-nio-41] DEBUG reactor.netty.resources.PooledConnectionProvider - [id: 0x98e6ee9b, L:/127.0.0.1:51750 - R:localhost/127.0.0.1:8083] onStateChange(GET{uri=/attractions, connection=PooledConnection{channel=[id: 0x98e6ee9b, L:/127.0.0.1:51750 - R:localhost/127.0.0.1:8083]}}, [disconnecting])
15:53:20.425 [reactor-http-nio-41] DEBUG reactor.netty.resources.PooledConnectionProvider - [id: 0x98e6ee9b, L:/127.0.0.1:51750 - R:localhost/127.0.0.1:8083] Releasing channel
15:53:20.425 [reactor-http-nio-41] DEBUG reactor.netty.resources.PooledConnectionProvider - [id: 0x98e6ee9b, L:/127.0.0.1:51750 - R:localhost/127.0.0.1:8083] Channel cleaned, now 0 active connections and 301 inactive connections
15:53:20.426 [Test worker] DEBUG org.springframework.web.reactive.function.client.ExchangeFunctions - [1665fa54] HTTP GET http://localhost:8083/attractions
15:53:20.427 [reactor-http-nio-41] DEBUG reactor.netty.resources.PooledConnectionProvider - [id: 0xdcbf6f00, L:/127.0.0.1:51769 - R:localhost/127.0.0.1:8083] Channel acquired, now 1 active connections and 300 inactive connections
15:53:20.427 [reactor-http-nio-41] DEBUG reactor.netty.http.client.HttpClientConnect - [id: 0xdcbf6f00, L:/127.0.0.1:51769 - R:localhost/127.0.0.1:8083] Handler is being applied: {uri=http://localhost:8083/attractions, method=GET}
15:53:20.428 [reactor-http-nio-41] DEBUG reactor.netty.resources.PooledConnectionProvider - [id: 0xdcbf6f00, L:/127.0.0.1:51769 - R:localhost/127.0.0.1:8083] onStateChange(GET{uri=/attractions, connection=PooledConnection{channel=[id: 0xdcbf6f00, L:/127.0.0.1:51769 - R:localhost/127.0.0.1:8083]}}, [request_sent])
15:53:20.441 [reactor-http-nio-41] DEBUG reactor.netty.http.client.HttpClientOperations - [id: 0xdcbf6f00, L:/127.0.0.1:51769 - R:localhost/127.0.0.1:8083] Received response (auto-read:false) : [Content-Type=application/json, Transfer-Encoding=chunked, Date=Wed, 15 Jun 2022 14:53:19 GMT]
15:53:20.441 [reactor-http-nio-41] DEBUG reactor.netty.resources.PooledConnectionProvider - [id: 0xdcbf6f00, L:/127.0.0.1:51769 - R:localhost/127.0.0.1:8083] onStateChange(GET{uri=/attractions, connection=PooledConnection{channel=[id: 0xdcbf6f00, L:/127.0.0.1:51769 - R:localhost/127.0.0.1:8083]}}, [response_received])
15:53:20.441 [reactor-http-nio-41] DEBUG org.springframework.web.reactive.function.client.ExchangeFunctions - [1665fa54] Response 200 OK
15:53:20.441 [reactor-http-nio-41] DEBUG reactor.netty.channel.FluxReceive - [id: 0xdcbf6f00, L:/127.0.0.1:51769 - R:localhost/127.0.0.1:8083] Subscribing inbound receiver [pending: 0, cancelled:false, inboundDone: false]
15:53:20.441 [reactor-http-nio-41] DEBUG reactor.netty.http.client.HttpClientOperations - [id: 0xdcbf6f00, L:/127.0.0.1:51769 - R:localhost/127.0.0.1:8083] Received last HTTP packet
15:53:20.441 [reactor-http-nio-41] DEBUG org.springframework.core.codec.StringDecoder - [1665fa54] Decoded "[{"longitude":-117.922008,"latitude":33.817595,"attractionName":"Disneyland","city":"Anaheim","stat (truncated)...
15:53:20.441 [reactor-http-nio-41] DEBUG reactor.netty.resources.PooledConnectionProvider - [id: 0xdcbf6f00, L:/127.0.0.1:51769 - R:localhost/127.0.0.1:8083] onStateChange(GET{uri=/attractions, connection=PooledConnection{channel=[id: 0xdcbf6f00, L:/127.0.0.1:51769 - R:localhost/127.0.0.1:8083]}}, [disconnecting])
15:53:20.441 [reactor-http-nio-41] DEBUG reactor.netty.resources.PooledConnectionProvider - [id: 0xdcbf6f00, L:/127.0.0.1:51769 - R:localhost/127.0.0.1:8083] Releasing channel
15:53:20.441 [reactor-http-nio-41] DEBUG reactor.netty.resources.PooledConnectionProvider - [id: 0xdcbf6f00, L:/127.0.0.1:51769 - R:localhost/127.0.0.1:8083] Channel cleaned, now 0 active connections and 301 inactive connections
15:53:20.442 [Test worker] DEBUG org.springframework.web.reactive.function.client.ExchangeFunctions - [6d67f5eb] HTTP GET http://localhost:8083/attractions
15:53:20.445 [reactor-http-nio-48] DEBUG reactor.netty.resources.PooledConnectionProvider - [id: 0xe14cc15c, L:/127.0.0.1:51896 - R:localhost/127.0.0.1:8083] Channel acquired, now 1 active connections and 300 inactive connections
15:53:20.445 [reactor-http-nio-48] DEBUG reactor.netty.http.client.HttpClientConnect - [id: 0xe14cc15c, L:/127.0.0.1:51896 - R:localhost/127.0.0.1:8083] Handler is being applied: {uri=http://localhost:8083/attractions, method=GET}
15:53:20.445 [reactor-http-nio-48] DEBUG reactor.netty.resources.PooledConnectionProvider - [id: 0xe14cc15c, L:/127.0.0.1:51896 - R:localhost/127.0.0.1:8083] onStateChange(GET{uri=/attractions, connection=PooledConnection{channel=[id: 0xe14cc15c, L:/127.0.0.1:51896 - R:localhost/127.0.0.1:8083]}}, [request_sent])
15:53:20.459 [reactor-http-nio-48] DEBUG reactor.netty.http.client.HttpClientOperations - [id: 0xe14cc15c, L:/127.0.0.1:51896 - R:localhost/127.0.0.1:8083] Received response (auto-read:false) : [Content-Type=application/json, Transfer-Encoding=chunked, Date=Wed, 15 Jun 2022 14:53:19 GMT]
15:53:20.459 [reactor-http-nio-48] DEBUG reactor.netty.resources.PooledConnectionProvider - [id: 0xe14cc15c, L:/127.0.0.1:51896 - R:localhost/127.0.0.1:8083] onStateChange(GET{uri=/attractions, connection=PooledConnection{channel=[id: 0xe14cc15c, L:/127.0.0.1:51896 - R:localhost/127.0.0.1:8083]}}, [response_received])
15:53:20.459 [reactor-http-nio-48] DEBUG org.springframework.web.reactive.function.client.ExchangeFunctions - [6d67f5eb] Response 200 OK
15:53:20.459 [reactor-http-nio-48] DEBUG reactor.netty.channel.FluxReceive - [id: 0xe14cc15c, L:/127.0.0.1:51896 - R:localhost/127.0.0.1:8083] Subscribing inbound receiver [pending: 0, cancelled:false, inboundDone: false]
15:53:20.459 [reactor-http-nio-48] DEBUG reactor.netty.http.client.HttpClientOperations - [id: 0xe14cc15c, L:/127.0.0.1:51896 - R:localhost/127.0.0.1:8083] Received last HTTP packet
15:53:20.459 [reactor-http-nio-48] DEBUG org.springframework.core.codec.StringDecoder - [6d67f5eb] Decoded "[{"longitude":-117.922008,"latitude":33.817595,"attractionName":"Disneyland","city":"Anaheim","stat (truncated)...
15:53:20.459 [reactor-http-nio-48] DEBUG reactor.netty.resources.PooledConnectionProvider - [id: 0xe14cc15c, L:/127.0.0.1:51896 - R:localhost/127.0.0.1:8083] onStateChange(GET{uri=/attractions, connection=PooledConnection{channel=[id: 0xe14cc15c, L:/127.0.0.1:51896 - R:localhost/127.0.0.1:8083]}}, [disconnecting])
15:53:20.459 [reactor-http-nio-48] DEBUG reactor.netty.resources.PooledConnectionProvider - [id: 0xe14cc15c, L:/127.0.0.1:51896 - R:localhost/127.0.0.1:8083] Releasing channel
15:53:20.459 [reactor-http-nio-48] DEBUG reactor.netty.resources.PooledConnectionProvider - [id: 0xe14cc15c, L:/127.0.0.1:51896 - R:localhost/127.0.0.1:8083] Channel cleaned, now 0 active connections and 301 inactive connections
15:53:20.461 [Test worker] DEBUG org.springframework.web.reactive.function.client.ExchangeFunctions - [4f654cee] HTTP GET http://localhost:8083/attractions
15:53:20.462 [reactor-http-nio-47] DEBUG reactor.netty.resources.PooledConnectionProvider - [id: 0xac6adea9, L:/127.0.0.1:51867 - R:localhost/127.0.0.1:8083] Channel acquired, now 1 active connections and 300 inactive connections
15:53:20.462 [reactor-http-nio-47] DEBUG reactor.netty.http.client.HttpClientConnect - [id: 0xac6adea9, L:/127.0.0.1:51867 - R:localhost/127.0.0.1:8083] Handler is being applied: {uri=http://localhost:8083/attractions, method=GET}
15:53:20.462 [reactor-http-nio-47] DEBUG reactor.netty.resources.PooledConnectionProvider - [id: 0xac6adea9, L:/127.0.0.1:51867 - R:localhost/127.0.0.1:8083] onStateChange(GET{uri=/attractions, connection=PooledConnection{channel=[id: 0xac6adea9, L:/127.0.0.1:51867 - R:localhost/127.0.0.1:8083]}}, [request_sent])
15:53:20.476 [reactor-http-nio-47] DEBUG reactor.netty.http.client.HttpClientOperations - [id: 0xac6adea9, L:/127.0.0.1:51867 - R:localhost/127.0.0.1:8083] Received response (auto-read:false) : [Content-Type=application/json, Transfer-Encoding=chunked, Date=Wed, 15 Jun 2022 14:53:19 GMT]
15:53:20.476 [reactor-http-nio-47] DEBUG reactor.netty.resources.PooledConnectionProvider - [id: 0xac6adea9, L:/127.0.0.1:51867 - R:localhost/127.0.0.1:8083] onStateChange(GET{uri=/attractions, connection=PooledConnection{channel=[id: 0xac6adea9, L:/127.0.0.1:51867 - R:localhost/127.0.0.1:8083]}}, [response_received])
15:53:20.476 [reactor-http-nio-47] DEBUG org.springframework.web.reactive.function.client.ExchangeFunctions - [4f654cee] Response 200 OK
15:53:20.476 [reactor-http-nio-47] DEBUG reactor.netty.channel.FluxReceive - [id: 0xac6adea9, L:/127.0.0.1:51867 - R:localhost/127.0.0.1:8083] Subscribing inbound receiver [pending: 0, cancelled:false, inboundDone: false]
15:53:20.476 [reactor-http-nio-47] DEBUG reactor.netty.http.client.HttpClientOperations - [id: 0xac6adea9, L:/127.0.0.1:51867 - R:localhost/127.0.0.1:8083] Received last HTTP packet
15:53:20.476 [reactor-http-nio-47] DEBUG org.springframework.core.codec.StringDecoder - [4f654cee] Decoded "[{"longitude":-117.922008,"latitude":33.817595,"attractionName":"Disneyland","city":"Anaheim","stat (truncated)...
15:53:20.476 [reactor-http-nio-47] DEBUG reactor.netty.resources.PooledConnectionProvider - [id: 0xac6adea9, L:/127.0.0.1:51867 - R:localhost/127.0.0.1:8083] onStateChange(GET{uri=/attractions, connection=PooledConnection{channel=[id: 0xac6adea9, L:/127.0.0.1:51867 - R:localhost/127.0.0.1:8083]}}, [disconnecting])
15:53:20.477 [reactor-http-nio-47] DEBUG reactor.netty.resources.PooledConnectionProvider - [id: 0xac6adea9, L:/127.0.0.1:51867 - R:localhost/127.0.0.1:8083] Releasing channel
15:53:20.477 [reactor-http-nio-47] DEBUG reactor.netty.resources.PooledConnectionProvider - [id: 0xac6adea9, L:/127.0.0.1:51867 - R:localhost/127.0.0.1:8083] Channel cleaned, now 0 active connections and 301 inactive connections
15:53:20.477 [Test worker] DEBUG org.springframework.web.reactive.function.client.ExchangeFunctions - [3e1fd62b] HTTP GET http://localhost:8083/attractions
15:53:20.480 [reactor-http-nio-47] DEBUG reactor.netty.resources.PooledConnectionProvider - [id: 0xfab28477, L:/127.0.0.1:51891 - R:localhost/127.0.0.1:8083] Channel acquired, now 1 active connections and 300 inactive connections
15:53:20.480 [reactor-http-nio-47] DEBUG reactor.netty.http.client.HttpClientConnect - [id: 0xfab28477, L:/127.0.0.1:51891 - R:localhost/127.0.0.1:8083] Handler is being applied: {uri=http://localhost:8083/attractions, method=GET}
15:53:20.481 [reactor-http-nio-47] DEBUG reactor.netty.resources.PooledConnectionProvider - [id: 0xfab28477, L:/127.0.0.1:51891 - R:localhost/127.0.0.1:8083] onStateChange(GET{uri=/attractions, connection=PooledConnection{channel=[id: 0xfab28477, L:/127.0.0.1:51891 - R:localhost/127.0.0.1:8083]}}, [request_sent])
15:53:20.496 [reactor-http-nio-47] DEBUG reactor.netty.http.client.HttpClientOperations - [id: 0xfab28477, L:/127.0.0.1:51891 - R:localhost/127.0.0.1:8083] Received response (auto-read:false) : [Content-Type=application/json, Transfer-Encoding=chunked, Date=Wed, 15 Jun 2022 14:53:19 GMT]
15:53:20.496 [reactor-http-nio-47] DEBUG reactor.netty.resources.PooledConnectionProvider - [id: 0xfab28477, L:/127.0.0.1:51891 - R:localhost/127.0.0.1:8083] onStateChange(GET{uri=/attractions, connection=PooledConnection{channel=[id: 0xfab28477, L:/127.0.0.1:51891 - R:localhost/127.0.0.1:8083]}}, [response_received])
15:53:20.496 [reactor-http-nio-47] DEBUG org.springframework.web.reactive.function.client.ExchangeFunctions - [3e1fd62b] Response 200 OK
15:53:20.496 [reactor-http-nio-47] DEBUG reactor.netty.channel.FluxReceive - [id: 0xfab28477, L:/127.0.0.1:51891 - R:localhost/127.0.0.1:8083] Subscribing inbound receiver [pending: 0, cancelled:false, inboundDone: false]
15:53:20.496 [reactor-http-nio-47] DEBUG reactor.netty.http.client.HttpClientOperations - [id: 0xfab28477, L:/127.0.0.1:51891 - R:localhost/127.0.0.1:8083] Received last HTTP packet
15:53:20.496 [reactor-http-nio-47] DEBUG org.springframework.core.codec.StringDecoder - [3e1fd62b] Decoded "[{"longitude":-117.922008,"latitude":33.817595,"attractionName":"Disneyland","city":"Anaheim","stat (truncated)...
15:53:20.496 [reactor-http-nio-47] DEBUG reactor.netty.resources.PooledConnectionProvider - [id: 0xfab28477, L:/127.0.0.1:51891 - R:localhost/127.0.0.1:8083] onStateChange(GET{uri=/attractions, connection=PooledConnection{channel=[id: 0xfab28477, L:/127.0.0.1:51891 - R:localhost/127.0.0.1:8083]}}, [disconnecting])
15:53:20.496 [reactor-http-nio-47] DEBUG reactor.netty.resources.PooledConnectionProvider - [id: 0xfab28477, L:/127.0.0.1:51891 - R:localhost/127.0.0.1:8083] Releasing channel
15:53:20.496 [reactor-http-nio-47] DEBUG reactor.netty.resources.PooledConnectionProvider - [id: 0xfab28477, L:/127.0.0.1:51891 - R:localhost/127.0.0.1:8083] Channel cleaned, now 0 active connections and 301 inactive connections
15:53:20.497 [Test worker] DEBUG org.springframework.web.reactive.function.client.ExchangeFunctions - [7112ce6] HTTP GET http://localhost:8083/attractions
15:53:20.500 [reactor-http-nio-46] DEBUG reactor.netty.resources.PooledConnectionProvider - [id: 0x33fe729d, L:/127.0.0.1:51824 - R:localhost/127.0.0.1:8083] Channel acquired, now 1 active connections and 300 inactive connections
15:53:20.500 [reactor-http-nio-46] DEBUG reactor.netty.http.client.HttpClientConnect - [id: 0x33fe729d, L:/127.0.0.1:51824 - R:localhost/127.0.0.1:8083] Handler is being applied: {uri=http://localhost:8083/attractions, method=GET}
15:53:20.501 [reactor-http-nio-46] DEBUG reactor.netty.resources.PooledConnectionProvider - [id: 0x33fe729d, L:/127.0.0.1:51824 - R:localhost/127.0.0.1:8083] onStateChange(GET{uri=/attractions, connection=PooledConnection{channel=[id: 0x33fe729d, L:/127.0.0.1:51824 - R:localhost/127.0.0.1:8083]}}, [request_sent])
15:53:20.514 [reactor-http-nio-46] DEBUG reactor.netty.http.client.HttpClientOperations - [id: 0x33fe729d, L:/127.0.0.1:51824 - R:localhost/127.0.0.1:8083] Received response (auto-read:false) : [Content-Type=application/json, Transfer-Encoding=chunked, Date=Wed, 15 Jun 2022 14:53:19 GMT]
15:53:20.514 [reactor-http-nio-46] DEBUG reactor.netty.resources.PooledConnectionProvider - [id: 0x33fe729d, L:/127.0.0.1:51824 - R:localhost/127.0.0.1:8083] onStateChange(GET{uri=/attractions, connection=PooledConnection{channel=[id: 0x33fe729d, L:/127.0.0.1:51824 - R:localhost/127.0.0.1:8083]}}, [response_received])
15:53:20.514 [reactor-http-nio-46] DEBUG org.springframework.web.reactive.function.client.ExchangeFunctions - [7112ce6] Response 200 OK
15:53:20.514 [reactor-http-nio-46] DEBUG reactor.netty.channel.FluxReceive - [id: 0x33fe729d, L:/127.0.0.1:51824 - R:localhost/127.0.0.1:8083] Subscribing inbound receiver [pending: 0, cancelled:false, inboundDone: false]
15:53:20.514 [reactor-http-nio-46] DEBUG reactor.netty.http.client.HttpClientOperations - [id: 0x33fe729d, L:/127.0.0.1:51824 - R:localhost/127.0.0.1:8083] Received last HTTP packet
15:53:20.514 [reactor-http-nio-46] DEBUG org.springframework.core.codec.StringDecoder - [7112ce6] Decoded "[{"longitude":-117.922008,"latitude":33.817595,"attractionName":"Disneyland","city":"Anaheim","stat (truncated)...
15:53:20.514 [reactor-http-nio-46] DEBUG reactor.netty.resources.PooledConnectionProvider - [id: 0x33fe729d, L:/127.0.0.1:51824 - R:localhost/127.0.0.1:8083] onStateChange(GET{uri=/attractions, connection=PooledConnection{channel=[id: 0x33fe729d, L:/127.0.0.1:51824 - R:localhost/127.0.0.1:8083]}}, [disconnecting])
15:53:20.514 [reactor-http-nio-46] DEBUG reactor.netty.resources.PooledConnectionProvider - [id: 0x33fe729d, L:/127.0.0.1:51824 - R:localhost/127.0.0.1:8083] Releasing channel
15:53:20.514 [reactor-http-nio-46] DEBUG reactor.netty.resources.PooledConnectionProvider - [id: 0x33fe729d, L:/127.0.0.1:51824 - R:localhost/127.0.0.1:8083] Channel cleaned, now 0 active connections and 301 inactive connections
15:53:20.515 [Test worker] DEBUG org.springframework.web.reactive.function.client.ExchangeFunctions - [558b4942] HTTP GET http://localhost:8083/attractions
15:53:20.518 [reactor-http-nio-41] DEBUG reactor.netty.resources.PooledConnectionProvider - [id: 0x681d37cb, L:/127.0.0.1:51786 - R:localhost/127.0.0.1:8083] Channel acquired, now 1 active connections and 300 inactive connections
15:53:20.518 [reactor-http-nio-41] DEBUG reactor.netty.http.client.HttpClientConnect - [id: 0x681d37cb, L:/127.0.0.1:51786 - R:localhost/127.0.0.1:8083] Handler is being applied: {uri=http://localhost:8083/attractions, method=GET}
15:53:20.519 [reactor-http-nio-41] DEBUG reactor.netty.resources.PooledConnectionProvider - [id: 0x681d37cb, L:/127.0.0.1:51786 - R:localhost/127.0.0.1:8083] onStateChange(GET{uri=/attractions, connection=PooledConnection{channel=[id: 0x681d37cb, L:/127.0.0.1:51786 - R:localhost/127.0.0.1:8083]}}, [request_sent])
15:53:20.531 [reactor-http-nio-41] DEBUG reactor.netty.http.client.HttpClientOperations - [id: 0x681d37cb, L:/127.0.0.1:51786 - R:localhost/127.0.0.1:8083] Received response (auto-read:false) : [Content-Type=application/json, Transfer-Encoding=chunked, Date=Wed, 15 Jun 2022 14:53:19 GMT]
15:53:20.531 [reactor-http-nio-41] DEBUG reactor.netty.resources.PooledConnectionProvider - [id: 0x681d37cb, L:/127.0.0.1:51786 - R:localhost/127.0.0.1:8083] onStateChange(GET{uri=/attractions, connection=PooledConnection{channel=[id: 0x681d37cb, L:/127.0.0.1:51786 - R:localhost/127.0.0.1:8083]}}, [response_received])
15:53:20.531 [reactor-http-nio-41] DEBUG org.springframework.web.reactive.function.client.ExchangeFunctions - [558b4942] Response 200 OK
15:53:20.531 [reactor-http-nio-41] DEBUG reactor.netty.channel.FluxReceive - [id: 0x681d37cb, L:/127.0.0.1:51786 - R:localhost/127.0.0.1:8083] Subscribing inbound receiver [pending: 0, cancelled:false, inboundDone: false]
15:53:20.532 [reactor-http-nio-41] DEBUG reactor.netty.http.client.HttpClientOperations - [id: 0x681d37cb, L:/127.0.0.1:51786 - R:localhost/127.0.0.1:8083] Received last HTTP packet
15:53:20.532 [reactor-http-nio-41] DEBUG org.springframework.core.codec.StringDecoder - [558b4942] Decoded "[{"longitude":-117.922008,"latitude":33.817595,"attractionName":"Disneyland","city":"Anaheim","stat (truncated)...
15:53:20.532 [reactor-http-nio-41] DEBUG reactor.netty.resources.PooledConnectionProvider - [id: 0x681d37cb, L:/127.0.0.1:51786 - R:localhost/127.0.0.1:8083] onStateChange(GET{uri=/attractions, connection=PooledConnection{channel=[id: 0x681d37cb, L:/127.0.0.1:51786 - R:localhost/127.0.0.1:8083]}}, [disconnecting])
15:53:20.532 [reactor-http-nio-41] DEBUG reactor.netty.resources.PooledConnectionProvider - [id: 0x681d37cb, L:/127.0.0.1:51786 - R:localhost/127.0.0.1:8083] Releasing channel
15:53:20.532 [reactor-http-nio-41] DEBUG reactor.netty.resources.PooledConnectionProvider - [id: 0x681d37cb, L:/127.0.0.1:51786 - R:localhost/127.0.0.1:8083] Channel cleaned, now 0 active connections and 301 inactive connections
highVolumeGetRewards: Time Elapsed: 13 seconds.
]]></system-out>
  <system-err><![CDATA[Jun 15, 2022 3:53:07 PM org.javamoney.moneta.DefaultMonetaryContextFactory createMonetaryContextNonNullConfig
INFO: Using custom MathContext: precision=256, roundingMode=HALF_EVEN
]]></system-err>
</testsuite>
