<?xml version="1.0" encoding="UTF-8"?>
<testsuite name="tourGuide.TestTourGuideService" tests="10" skipped="0" failures="0" errors="0" timestamp="2022-06-15T14:53:20" hostname="DESKTOP-TNAE49C" time="4.323">
  <properties/>
  <testcase name="get5ClosestAttractionsByMiles" classname="tourGuide.TestTourGuideService" time="0.271"/>
  <testcase name="getUserLocation" classname="tourGuide.TestTourGuideService" time="0.632"/>
  <testcase name="addUser" classname="tourGuide.TestTourGuideService" time="0.002"/>
  <testcase name="getAllUsersCurrentLocation" classname="tourGuide.TestTourGuideService" time="0.001"/>
  <testcase name="getTripDeals" classname="tourGuide.TestTourGuideService" time="0.013"/>
  <testcase name="getAllUsers" classname="tourGuide.TestTourGuideService" time="0.001"/>
  <testcase name="trackUser" classname="tourGuide.TestTourGuideService" time="0.001"/>
  <testcase name="getEachAttractionDetailsForAUserTest" classname="tourGuide.TestTourGuideService" time="3.153"/>
  <testcase name="sortNearByAttractionsByDistance" classname="tourGuide.TestTourGuideService" time="0.126"/>
  <testcase name="getNearbyAttractions" classname="tourGuide.TestTourGuideService" time="0.12"/>
  <system-out><![CDATA[15:53:20.610 [Test worker] DEBUG tourGuide.service.TourGuideService - Initializing users
15:53:20.620 [Test worker] DEBUG tourGuide.service.TourGuideService - Created 100 internal test users.
15:53:20.620 [Test worker] DEBUG tourGuide.service.TourGuideService - Finished initializing users
15:53:20.621 [Test worker] DEBUG tourGuide.service.TourGuideService - Initialize tripPricer
15:53:20.622 [Test worker] DEBUG org.springframework.web.reactive.function.client.ExchangeFunctions - [73a0f2b] HTTP GET http://localhost:8083/attractions
15:53:20.623 [reactor-http-nio-41] DEBUG reactor.netty.resources.PooledConnectionProvider - [id: 0xabcec1ab, L:/127.0.0.1:51770 - R:localhost/127.0.0.1:8083] Channel acquired, now 3 active connections and 298 inactive connections
15:53:20.623 [reactor-http-nio-41] DEBUG reactor.netty.http.client.HttpClientConnect - [id: 0xabcec1ab, L:/127.0.0.1:51770 - R:localhost/127.0.0.1:8083] Handler is being applied: {uri=http://localhost:8083/attractions, method=GET}
15:53:20.624 [reactor-http-nio-41] DEBUG reactor.netty.resources.PooledConnectionProvider - [id: 0xabcec1ab, L:/127.0.0.1:51770 - R:localhost/127.0.0.1:8083] onStateChange(GET{uri=/attractions, connection=PooledConnection{channel=[id: 0xabcec1ab, L:/127.0.0.1:51770 - R:localhost/127.0.0.1:8083]}}, [request_sent])
15:53:20.625 [reactor-http-nio-46] DEBUG reactor.netty.http.client.HttpClientOperations - [id: 0xad15f065, L:/127.0.0.1:51819 - R:localhost/127.0.0.1:8083] Received response (auto-read:false) : [Content-Type=application/json, Transfer-Encoding=chunked, Date=Wed, 15 Jun 2022 14:53:19 GMT]
15:53:20.625 [reactor-http-nio-46] DEBUG reactor.netty.resources.PooledConnectionProvider - [id: 0xad15f065, L:/127.0.0.1:51819 - R:localhost/127.0.0.1:8083] onStateChange(GET{uri=/attractions, connection=PooledConnection{channel=[id: 0xad15f065, L:/127.0.0.1:51819 - R:localhost/127.0.0.1:8083]}}, [response_received])
15:53:20.625 [reactor-http-nio-46] DEBUG org.springframework.web.reactive.function.client.ExchangeFunctions - [471382b3] Response 200 OK
15:53:20.625 [reactor-http-nio-46] DEBUG reactor.netty.channel.FluxReceive - [id: 0xad15f065, L:/127.0.0.1:51819 - R:localhost/127.0.0.1:8083] Subscribing inbound receiver [pending: 0, cancelled:false, inboundDone: false]
15:53:20.626 [reactor-http-nio-46] DEBUG reactor.netty.http.client.HttpClientOperations - [id: 0xad15f065, L:/127.0.0.1:51819 - R:localhost/127.0.0.1:8083] Received last HTTP packet
15:53:20.626 [reactor-http-nio-46] DEBUG org.springframework.core.codec.StringDecoder - [471382b3] Decoded "[{"longitude":-117.922008,"latitude":33.817595,"attractionName":"Disneyland","city":"Anaheim","stat (truncated)...
15:53:20.626 [reactor-http-nio-46] DEBUG reactor.netty.resources.PooledConnectionProvider - [id: 0xad15f065, L:/127.0.0.1:51819 - R:localhost/127.0.0.1:8083] onStateChange(GET{uri=/attractions, connection=PooledConnection{channel=[id: 0xad15f065, L:/127.0.0.1:51819 - R:localhost/127.0.0.1:8083]}}, [disconnecting])
15:53:20.626 [reactor-http-nio-46] DEBUG reactor.netty.resources.PooledConnectionProvider - [id: 0xad15f065, L:/127.0.0.1:51819 - R:localhost/127.0.0.1:8083] Releasing channel
15:53:20.626 [reactor-http-nio-46] DEBUG reactor.netty.resources.PooledConnectionProvider - [id: 0xad15f065, L:/127.0.0.1:51819 - R:localhost/127.0.0.1:8083] Channel cleaned, now 2 active connections and 299 inactive connections
15:53:20.629 [pool-18-thread-1] DEBUG tourGuide.tracker.Tracker - Begin Tracker. Tracking 100 users.
15:53:20.641 [pool-17-thread-1] DEBUG org.springframework.web.reactive.function.client.ExchangeFunctions - [4dbb6e75] HTTP GET http://localhost:8083/userLocation?userId=73b807ea-f298-421d-9b58-d22f5a737975
15:53:20.644 [reactor-http-nio-41] DEBUG reactor.netty.resources.PooledConnectionProvider - [id: 0x307222ea, L:/127.0.0.1:51747 - R:localhost/127.0.0.1:8083] Channel acquired, now 3 active connections and 298 inactive connections
15:53:20.644 [reactor-http-nio-41] DEBUG reactor.netty.http.client.HttpClientConnect - [id: 0x307222ea, L:/127.0.0.1:51747 - R:localhost/127.0.0.1:8083] Handler is being applied: {uri=http://localhost:8083/userLocation?userId=73b807ea-f298-421d-9b58-d22f5a737975, method=GET}
15:53:20.645 [reactor-http-nio-41] DEBUG reactor.netty.resources.PooledConnectionProvider - [id: 0x307222ea, L:/127.0.0.1:51747 - R:localhost/127.0.0.1:8083] onStateChange(GET{uri=/userLocation?userId=73b807ea-f298-421d-9b58-d22f5a737975, connection=PooledConnection{channel=[id: 0x307222ea, L:/127.0.0.1:51747 - R:localhost/127.0.0.1:8083]}}, [request_sent])
15:53:20.649 [pool-17-thread-3] DEBUG org.springframework.web.reactive.function.client.ExchangeFunctions - [1536c523] HTTP GET http://localhost:8083/userLocation?userId=e07a2260-8bc5-4179-b12d-bef6c34601a4
15:53:20.649 [pool-17-thread-2] DEBUG org.springframework.web.reactive.function.client.ExchangeFunctions - [51426e12] HTTP GET http://localhost:8083/userLocation?userId=332cabf9-eaef-42da-b7c9-fefc5803ebaf
15:53:20.654 [pool-17-thread-4] DEBUG org.springframework.web.reactive.function.client.ExchangeFunctions - [26b5b084] HTTP GET http://localhost:8083/userLocation?userId=5cd6f0a3-61a8-4886-bddf-27b0f3f866a0
15:53:20.654 [reactor-http-nio-46] DEBUG reactor.netty.resources.PooledConnectionProvider - [id: 0x0c7165ed, L:/127.0.0.1:51765 - R:localhost/127.0.0.1:8083] Channel acquired, now 4 active connections and 297 inactive connections
15:53:20.654 [reactor-http-nio-46] DEBUG reactor.netty.http.client.HttpClientConnect - [id: 0x0c7165ed, L:/127.0.0.1:51765 - R:localhost/127.0.0.1:8083] Handler is being applied: {uri=http://localhost:8083/userLocation?userId=332cabf9-eaef-42da-b7c9-fefc5803ebaf, method=GET}
15:53:20.655 [reactor-http-nio-46] DEBUG reactor.netty.resources.PooledConnectionProvider - [id: 0x0c7165ed, L:/127.0.0.1:51765 - R:localhost/127.0.0.1:8083] onStateChange(GET{uri=/userLocation?userId=332cabf9-eaef-42da-b7c9-fefc5803ebaf, connection=PooledConnection{channel=[id: 0x0c7165ed, L:/127.0.0.1:51765 - R:localhost/127.0.0.1:8083]}}, [request_sent])
15:53:20.655 [reactor-http-nio-46] DEBUG reactor.netty.resources.PooledConnectionProvider - [id: 0x38c41c97, L:/127.0.0.1:51784 - R:localhost/127.0.0.1:8083] Channel acquired, now 5 active connections and 296 inactive connections
15:53:20.655 [reactor-http-nio-46] DEBUG reactor.netty.http.client.HttpClientConnect - [id: 0x38c41c97, L:/127.0.0.1:51784 - R:localhost/127.0.0.1:8083] Handler is being applied: {uri=http://localhost:8083/userLocation?userId=e07a2260-8bc5-4179-b12d-bef6c34601a4, method=GET}
15:53:20.656 [reactor-http-nio-46] DEBUG reactor.netty.resources.PooledConnectionProvider - [id: 0x38c41c97, L:/127.0.0.1:51784 - R:localhost/127.0.0.1:8083] onStateChange(GET{uri=/userLocation?userId=e07a2260-8bc5-4179-b12d-bef6c34601a4, connection=PooledConnection{channel=[id: 0x38c41c97, L:/127.0.0.1:51784 - R:localhost/127.0.0.1:8083]}}, [request_sent])
15:53:20.658 [reactor-http-nio-47] DEBUG reactor.netty.resources.PooledConnectionProvider - [id: 0x3b9f7ba5, L:/127.0.0.1:51836 - R:localhost/127.0.0.1:8083] Channel acquired, now 6 active connections and 295 inactive connections
15:53:20.658 [reactor-http-nio-47] DEBUG reactor.netty.http.client.HttpClientConnect - [id: 0x3b9f7ba5, L:/127.0.0.1:51836 - R:localhost/127.0.0.1:8083] Handler is being applied: {uri=http://localhost:8083/userLocation?userId=5cd6f0a3-61a8-4886-bddf-27b0f3f866a0, method=GET}
15:53:20.659 [reactor-http-nio-47] DEBUG reactor.netty.resources.PooledConnectionProvider - [id: 0x3b9f7ba5, L:/127.0.0.1:51836 - R:localhost/127.0.0.1:8083] onStateChange(GET{uri=/userLocation?userId=5cd6f0a3-61a8-4886-bddf-27b0f3f866a0, connection=PooledConnection{channel=[id: 0x3b9f7ba5, L:/127.0.0.1:51836 - R:localhost/127.0.0.1:8083]}}, [request_sent])
15:53:20.661 [pool-17-thread-5] DEBUG org.springframework.web.reactive.function.client.ExchangeFunctions - [60cc6cfa] HTTP GET http://localhost:8083/userLocation?userId=3534d58e-bfc1-45d4-9e31-a11cdfff4246
15:53:20.664 [reactor-http-nio-46] DEBUG reactor.netty.resources.PooledConnectionProvider - [id: 0xa4957f74, L:/127.0.0.1:51830 - R:localhost/127.0.0.1:8083] Channel acquired, now 7 active connections and 294 inactive connections
15:53:20.664 [reactor-http-nio-46] DEBUG reactor.netty.http.client.HttpClientConnect - [id: 0xa4957f74, L:/127.0.0.1:51830 - R:localhost/127.0.0.1:8083] Handler is being applied: {uri=http://localhost:8083/userLocation?userId=3534d58e-bfc1-45d4-9e31-a11cdfff4246, method=GET}
15:53:20.664 [reactor-http-nio-46] DEBUG reactor.netty.resources.PooledConnectionProvider - [id: 0xa4957f74, L:/127.0.0.1:51830 - R:localhost/127.0.0.1:8083] onStateChange(GET{uri=/userLocation?userId=3534d58e-bfc1-45d4-9e31-a11cdfff4246, connection=PooledConnection{channel=[id: 0xa4957f74, L:/127.0.0.1:51830 - R:localhost/127.0.0.1:8083]}}, [request_sent])
15:53:20.666 [pool-17-thread-6] DEBUG org.springframework.web.reactive.function.client.ExchangeFunctions - [21d9aa3a] HTTP GET http://localhost:8083/userLocation?userId=3ff03f6c-16f8-4fdc-a6d1-ad0091b03cae
15:53:20.667 [reactor-http-nio-47] DEBUG reactor.netty.resources.PooledConnectionProvider - [id: 0xc3efdf02, L:/127.0.0.1:51700 - R:localhost/127.0.0.1:8083] Channel acquired, now 8 active connections and 293 inactive connections
15:53:20.667 [reactor-http-nio-47] DEBUG reactor.netty.http.client.HttpClientConnect - [id: 0xc3efdf02, L:/127.0.0.1:51700 - R:localhost/127.0.0.1:8083] Handler is being applied: {uri=http://localhost:8083/userLocation?userId=3ff03f6c-16f8-4fdc-a6d1-ad0091b03cae, method=GET}
15:53:20.668 [reactor-http-nio-47] DEBUG reactor.netty.resources.PooledConnectionProvider - [id: 0xc3efdf02, L:/127.0.0.1:51700 - R:localhost/127.0.0.1:8083] onStateChange(GET{uri=/userLocation?userId=3ff03f6c-16f8-4fdc-a6d1-ad0091b03cae, connection=PooledConnection{channel=[id: 0xc3efdf02, L:/127.0.0.1:51700 - R:localhost/127.0.0.1:8083]}}, [request_sent])
15:53:20.669 [pool-17-thread-8] DEBUG org.springframework.web.reactive.function.client.ExchangeFunctions - [4946bff3] HTTP GET http://localhost:8083/userLocation?userId=a6081a13-b77e-4da1-83b4-0b13c70eecdf
15:53:20.669 [pool-17-thread-9] DEBUG org.springframework.web.reactive.function.client.ExchangeFunctions - [557870d3] HTTP GET http://localhost:8083/userLocation?userId=6c44f3a6-d668-4148-ae94-333724522582
15:53:20.670 [pool-17-thread-10] DEBUG org.springframework.web.reactive.function.client.ExchangeFunctions - [3325239] HTTP GET http://localhost:8083/userLocation?userId=1d04b2e0-0f1a-47a7-95ab-fc80dac1c1fe
15:53:20.672 [reactor-http-nio-47] DEBUG reactor.netty.resources.PooledConnectionProvider - [id: 0x33d84267, L:/127.0.0.1:51885 - R:localhost/127.0.0.1:8083] Channel acquired, now 9 active connections and 292 inactive connections
15:53:20.672 [reactor-http-nio-47] DEBUG reactor.netty.http.client.HttpClientConnect - [id: 0x33d84267, L:/127.0.0.1:51885 - R:localhost/127.0.0.1:8083] Handler is being applied: {uri=http://localhost:8083/userLocation?userId=6c44f3a6-d668-4148-ae94-333724522582, method=GET}
15:53:20.672 [reactor-http-nio-41] DEBUG reactor.netty.resources.PooledConnectionProvider - [id: 0x26eb73e5, L:/127.0.0.1:51781 - R:localhost/127.0.0.1:8083] Channel acquired, now 10 active connections and 291 inactive connections
15:53:20.672 [reactor-http-nio-41] DEBUG reactor.netty.http.client.HttpClientConnect - [id: 0x26eb73e5, L:/127.0.0.1:51781 - R:localhost/127.0.0.1:8083] Handler is being applied: {uri=http://localhost:8083/userLocation?userId=a6081a13-b77e-4da1-83b4-0b13c70eecdf, method=GET}
15:53:20.672 [reactor-http-nio-41] DEBUG reactor.netty.resources.PooledConnectionProvider - [id: 0x26eb73e5, L:/127.0.0.1:51781 - R:localhost/127.0.0.1:8083] onStateChange(GET{uri=/userLocation?userId=a6081a13-b77e-4da1-83b4-0b13c70eecdf, connection=PooledConnection{channel=[id: 0x26eb73e5, L:/127.0.0.1:51781 - R:localhost/127.0.0.1:8083]}}, [request_sent])
15:53:20.672 [reactor-http-nio-47] DEBUG reactor.netty.resources.PooledConnectionProvider - [id: 0x33d84267, L:/127.0.0.1:51885 - R:localhost/127.0.0.1:8083] onStateChange(GET{uri=/userLocation?userId=6c44f3a6-d668-4148-ae94-333724522582, connection=PooledConnection{channel=[id: 0x33d84267, L:/127.0.0.1:51885 - R:localhost/127.0.0.1:8083]}}, [request_sent])
15:53:20.673 [pool-17-thread-7] DEBUG org.springframework.web.reactive.function.client.ExchangeFunctions - [1493e981] HTTP GET http://localhost:8083/userLocation?userId=7b455bbe-8dbe-44b4-a880-4a5de7a90b6b
15:53:20.674 [reactor-http-nio-41] DEBUG reactor.netty.resources.PooledConnectionProvider - [id: 0x67f8f13a, L:/127.0.0.1:51763 - R:localhost/127.0.0.1:8083] Channel acquired, now 11 active connections and 290 inactive connections
15:53:20.674 [reactor-http-nio-41] DEBUG reactor.netty.http.client.HttpClientConnect - [id: 0x67f8f13a, L:/127.0.0.1:51763 - R:localhost/127.0.0.1:8083] Handler is being applied: {uri=http://localhost:8083/userLocation?userId=1d04b2e0-0f1a-47a7-95ab-fc80dac1c1fe, method=GET}
15:53:20.675 [reactor-http-nio-41] DEBUG reactor.netty.resources.PooledConnectionProvider - [id: 0x67f8f13a, L:/127.0.0.1:51763 - R:localhost/127.0.0.1:8083] onStateChange(GET{uri=/userLocation?userId=1d04b2e0-0f1a-47a7-95ab-fc80dac1c1fe, connection=PooledConnection{channel=[id: 0x67f8f13a, L:/127.0.0.1:51763 - R:localhost/127.0.0.1:8083]}}, [request_sent])
15:53:20.677 [reactor-http-nio-48] DEBUG reactor.netty.resources.PooledConnectionProvider - [id: 0xa0b7be75, L:/127.0.0.1:51941 - R:localhost/127.0.0.1:8083] Channel acquired, now 12 active connections and 289 inactive connections
15:53:20.677 [reactor-http-nio-48] DEBUG reactor.netty.http.client.HttpClientConnect - [id: 0xa0b7be75, L:/127.0.0.1:51941 - R:localhost/127.0.0.1:8083] Handler is being applied: {uri=http://localhost:8083/userLocation?userId=7b455bbe-8dbe-44b4-a880-4a5de7a90b6b, method=GET}
15:53:20.677 [reactor-http-nio-48] DEBUG reactor.netty.resources.PooledConnectionProvider - [id: 0xa0b7be75, L:/127.0.0.1:51941 - R:localhost/127.0.0.1:8083] onStateChange(GET{uri=/userLocation?userId=7b455bbe-8dbe-44b4-a880-4a5de7a90b6b, connection=PooledConnection{channel=[id: 0xa0b7be75, L:/127.0.0.1:51941 - R:localhost/127.0.0.1:8083]}}, [request_sent])
15:53:20.678 [pool-17-thread-12] DEBUG org.springframework.web.reactive.function.client.ExchangeFunctions - [ac6ea41] HTTP GET http://localhost:8083/userLocation?userId=6d53cce4-795f-4e1a-a980-7d504575070a
15:53:20.680 [reactor-http-nio-48] DEBUG reactor.netty.resources.PooledConnectionProvider - [id: 0xf514f1ff, L:/127.0.0.1:51965 - R:localhost/127.0.0.1:8083] Channel acquired, now 13 active connections and 288 inactive connections
15:53:20.680 [reactor-http-nio-48] DEBUG reactor.netty.http.client.HttpClientConnect - [id: 0xf514f1ff, L:/127.0.0.1:51965 - R:localhost/127.0.0.1:8083] Handler is being applied: {uri=http://localhost:8083/userLocation?userId=6d53cce4-795f-4e1a-a980-7d504575070a, method=GET}
15:53:20.680 [reactor-http-nio-48] DEBUG reactor.netty.resources.PooledConnectionProvider - [id: 0xf514f1ff, L:/127.0.0.1:51965 - R:localhost/127.0.0.1:8083] onStateChange(GET{uri=/userLocation?userId=6d53cce4-795f-4e1a-a980-7d504575070a, connection=PooledConnection{channel=[id: 0xf514f1ff, L:/127.0.0.1:51965 - R:localhost/127.0.0.1:8083]}}, [request_sent])
15:53:20.681 [pool-17-thread-13] DEBUG org.springframework.web.reactive.function.client.ExchangeFunctions - [2afcd44b] HTTP GET http://localhost:8083/userLocation?userId=5a2625a0-439b-4c56-a781-879e2269aecc
15:53:20.684 [reactor-http-nio-48] DEBUG reactor.netty.resources.PooledConnectionProvider - [id: 0x6a55ffeb, L:/127.0.0.1:51975 - R:localhost/127.0.0.1:8083] Channel acquired, now 14 active connections and 287 inactive connections
15:53:20.684 [reactor-http-nio-48] DEBUG reactor.netty.http.client.HttpClientConnect - [id: 0x6a55ffeb, L:/127.0.0.1:51975 - R:localhost/127.0.0.1:8083] Handler is being applied: {uri=http://localhost:8083/userLocation?userId=5a2625a0-439b-4c56-a781-879e2269aecc, method=GET}
15:53:20.684 [reactor-http-nio-48] DEBUG reactor.netty.resources.PooledConnectionProvider - [id: 0x6a55ffeb, L:/127.0.0.1:51975 - R:localhost/127.0.0.1:8083] onStateChange(GET{uri=/userLocation?userId=5a2625a0-439b-4c56-a781-879e2269aecc, connection=PooledConnection{channel=[id: 0x6a55ffeb, L:/127.0.0.1:51975 - R:localhost/127.0.0.1:8083]}}, [request_sent])
15:53:20.686 [pool-17-thread-14] DEBUG org.springframework.web.reactive.function.client.ExchangeFunctions - [5cfcc101] HTTP GET http://localhost:8083/userLocation?userId=49cba727-dc70-4c66-bd64-0564c240094d
15:53:20.686 [pool-17-thread-11] DEBUG org.springframework.web.reactive.function.client.ExchangeFunctions - [24d51bc5] HTTP GET http://localhost:8083/userLocation?userId=8617358e-ce9d-4b55-97b6-f79167ea4a2d
15:53:20.686 [reactor-http-nio-47] DEBUG reactor.netty.resources.PooledConnectionProvider - [id: 0xeec1d289, L:/127.0.0.1:51847 - R:localhost/127.0.0.1:8083] Channel acquired, now 15 active connections and 286 inactive connections
15:53:20.686 [reactor-http-nio-47] DEBUG reactor.netty.http.client.HttpClientConnect - [id: 0xeec1d289, L:/127.0.0.1:51847 - R:localhost/127.0.0.1:8083] Handler is being applied: {uri=http://localhost:8083/userLocation?userId=8617358e-ce9d-4b55-97b6-f79167ea4a2d, method=GET}
15:53:20.687 [reactor-http-nio-47] DEBUG reactor.netty.resources.PooledConnectionProvider - [id: 0xeec1d289, L:/127.0.0.1:51847 - R:localhost/127.0.0.1:8083] onStateChange(GET{uri=/userLocation?userId=8617358e-ce9d-4b55-97b6-f79167ea4a2d, connection=PooledConnection{channel=[id: 0xeec1d289, L:/127.0.0.1:51847 - R:localhost/127.0.0.1:8083]}}, [request_sent])
15:53:20.688 [pool-17-thread-15] DEBUG org.springframework.web.reactive.function.client.ExchangeFunctions - [499230c0] HTTP GET http://localhost:8083/userLocation?userId=c5df014a-5668-43c7-ba8c-b49183ea6ac1
15:53:20.689 [reactor-http-nio-48] DEBUG reactor.netty.resources.PooledConnectionProvider - [id: 0x3f7d5ef0, L:/127.0.0.1:51973 - R:localhost/127.0.0.1:8083] Channel acquired, now 16 active connections and 285 inactive connections
15:53:20.689 [reactor-http-nio-48] DEBUG reactor.netty.http.client.HttpClientConnect - [id: 0x3f7d5ef0, L:/127.0.0.1:51973 - R:localhost/127.0.0.1:8083] Handler is being applied: {uri=http://localhost:8083/userLocation?userId=49cba727-dc70-4c66-bd64-0564c240094d, method=GET}
15:53:20.689 [reactor-http-nio-48] DEBUG reactor.netty.resources.PooledConnectionProvider - [id: 0x3f7d5ef0, L:/127.0.0.1:51973 - R:localhost/127.0.0.1:8083] onStateChange(GET{uri=/userLocation?userId=49cba727-dc70-4c66-bd64-0564c240094d, connection=PooledConnection{channel=[id: 0x3f7d5ef0, L:/127.0.0.1:51973 - R:localhost/127.0.0.1:8083]}}, [request_sent])
15:53:20.691 [reactor-http-nio-41] DEBUG reactor.netty.resources.PooledConnectionProvider - [id: 0x4b9fbeb1, L:/127.0.0.1:51745 - R:localhost/127.0.0.1:8083] Channel acquired, now 17 active connections and 284 inactive connections
15:53:20.691 [reactor-http-nio-41] DEBUG reactor.netty.http.client.HttpClientConnect - [id: 0x4b9fbeb1, L:/127.0.0.1:51745 - R:localhost/127.0.0.1:8083] Handler is being applied: {uri=http://localhost:8083/userLocation?userId=c5df014a-5668-43c7-ba8c-b49183ea6ac1, method=GET}
15:53:20.691 [pool-17-thread-16] DEBUG org.springframework.web.reactive.function.client.ExchangeFunctions - [1e5bade8] HTTP GET http://localhost:8083/userLocation?userId=3ef8c3dc-5515-475b-88ed-c942bb59db7d
15:53:20.692 [reactor-http-nio-41] DEBUG reactor.netty.resources.PooledConnectionProvider - [id: 0x4b9fbeb1, L:/127.0.0.1:51745 - R:localhost/127.0.0.1:8083] onStateChange(GET{uri=/userLocation?userId=c5df014a-5668-43c7-ba8c-b49183ea6ac1, connection=PooledConnection{channel=[id: 0x4b9fbeb1, L:/127.0.0.1:51745 - R:localhost/127.0.0.1:8083]}}, [request_sent])
15:53:20.693 [pool-17-thread-18] DEBUG org.springframework.web.reactive.function.client.ExchangeFunctions - [31ac1c2f] HTTP GET http://localhost:8083/userLocation?userId=837575a4-5d5f-4bb1-a0a5-cb56a3039e40
15:53:20.694 [reactor-http-nio-46] DEBUG reactor.netty.resources.PooledConnectionProvider - [id: 0xd78cec0d, L:/127.0.0.1:51735 - R:localhost/127.0.0.1:8083] Channel acquired, now 18 active connections and 283 inactive connections
15:53:20.694 [reactor-http-nio-46] DEBUG reactor.netty.http.client.HttpClientConnect - [id: 0xd78cec0d, L:/127.0.0.1:51735 - R:localhost/127.0.0.1:8083] Handler is being applied: {uri=http://localhost:8083/userLocation?userId=3ef8c3dc-5515-475b-88ed-c942bb59db7d, method=GET}
15:53:20.695 [reactor-http-nio-46] DEBUG reactor.netty.resources.PooledConnectionProvider - [id: 0xd78cec0d, L:/127.0.0.1:51735 - R:localhost/127.0.0.1:8083] onStateChange(GET{uri=/userLocation?userId=3ef8c3dc-5515-475b-88ed-c942bb59db7d, connection=PooledConnection{channel=[id: 0xd78cec0d, L:/127.0.0.1:51735 - R:localhost/127.0.0.1:8083]}}, [request_sent])
15:53:20.696 [reactor-http-nio-41] DEBUG reactor.netty.resources.PooledConnectionProvider - [id: 0xcdc2ae18, L:/127.0.0.1:51731 - R:localhost/127.0.0.1:8083] Channel acquired, now 19 active connections and 282 inactive connections
15:53:20.696 [reactor-http-nio-41] DEBUG reactor.netty.http.client.HttpClientConnect - [id: 0xcdc2ae18, L:/127.0.0.1:51731 - R:localhost/127.0.0.1:8083] Handler is being applied: {uri=http://localhost:8083/userLocation?userId=837575a4-5d5f-4bb1-a0a5-cb56a3039e40, method=GET}
15:53:20.696 [reactor-http-nio-41] DEBUG reactor.netty.resources.PooledConnectionProvider - [id: 0xcdc2ae18, L:/127.0.0.1:51731 - R:localhost/127.0.0.1:8083] onStateChange(GET{uri=/userLocation?userId=837575a4-5d5f-4bb1-a0a5-cb56a3039e40, connection=PooledConnection{channel=[id: 0xcdc2ae18, L:/127.0.0.1:51731 - R:localhost/127.0.0.1:8083]}}, [request_sent])
15:53:20.697 [pool-17-thread-17] DEBUG org.springframework.web.reactive.function.client.ExchangeFunctions - [43ef5f7] HTTP GET http://localhost:8083/userLocation?userId=f397e896-5db2-472f-9c6e-63402088986c
15:53:20.700 [reactor-http-nio-41] DEBUG reactor.netty.resources.PooledConnectionProvider - [id: 0x7286e1e8, L:/127.0.0.1:51739 - R:localhost/127.0.0.1:8083] Channel acquired, now 20 active connections and 281 inactive connections
15:53:20.700 [reactor-http-nio-41] DEBUG reactor.netty.http.client.HttpClientConnect - [id: 0x7286e1e8, L:/127.0.0.1:51739 - R:localhost/127.0.0.1:8083] Handler is being applied: {uri=http://localhost:8083/userLocation?userId=f397e896-5db2-472f-9c6e-63402088986c, method=GET}
15:53:20.701 [reactor-http-nio-41] DEBUG reactor.netty.resources.PooledConnectionProvider - [id: 0x7286e1e8, L:/127.0.0.1:51739 - R:localhost/127.0.0.1:8083] onStateChange(GET{uri=/userLocation?userId=f397e896-5db2-472f-9c6e-63402088986c, connection=PooledConnection{channel=[id: 0x7286e1e8, L:/127.0.0.1:51739 - R:localhost/127.0.0.1:8083]}}, [request_sent])
15:53:20.701 [pool-17-thread-19] DEBUG org.springframework.web.reactive.function.client.ExchangeFunctions - [5455d56c] HTTP GET http://localhost:8083/userLocation?userId=d9dffa1c-f1eb-4e8b-b1c2-918a181cba2c
15:53:20.701 [pool-17-thread-20] DEBUG org.springframework.web.reactive.function.client.ExchangeFunctions - [50967cd6] HTTP GET http://localhost:8083/userLocation?userId=8d03f989-afd7-4cd3-b187-68860d3fc6e1
15:53:20.702 [pool-17-thread-21] DEBUG org.springframework.web.reactive.function.client.ExchangeFunctions - [12e1846d] HTTP GET http://localhost:8083/userLocation?userId=211ea742-c22f-4f2c-a7ac-83aaac47257d
15:53:20.704 [reactor-http-nio-46] DEBUG reactor.netty.resources.PooledConnectionProvider - [id: 0x6bcb25c4, L:/127.0.0.1:51759 - R:localhost/127.0.0.1:8083] Channel acquired, now 21 active connections and 280 inactive connections
15:53:20.704 [reactor-http-nio-46] DEBUG reactor.netty.http.client.HttpClientConnect - [id: 0x6bcb25c4, L:/127.0.0.1:51759 - R:localhost/127.0.0.1:8083] Handler is being applied: {uri=http://localhost:8083/userLocation?userId=d9dffa1c-f1eb-4e8b-b1c2-918a181cba2c, method=GET}
15:53:20.706 [reactor-http-nio-46] DEBUG reactor.netty.resources.PooledConnectionProvider - [id: 0x6bcb25c4, L:/127.0.0.1:51759 - R:localhost/127.0.0.1:8083] onStateChange(GET{uri=/userLocation?userId=d9dffa1c-f1eb-4e8b-b1c2-918a181cba2c, connection=PooledConnection{channel=[id: 0x6bcb25c4, L:/127.0.0.1:51759 - R:localhost/127.0.0.1:8083]}}, [request_sent])
15:53:20.706 [reactor-http-nio-46] DEBUG reactor.netty.resources.PooledConnectionProvider - [id: 0x7fca3ae3, L:/127.0.0.1:51782 - R:localhost/127.0.0.1:8083] Channel acquired, now 22 active connections and 279 inactive connections
15:53:20.706 [reactor-http-nio-46] DEBUG reactor.netty.http.client.HttpClientConnect - [id: 0x7fca3ae3, L:/127.0.0.1:51782 - R:localhost/127.0.0.1:8083] Handler is being applied: {uri=http://localhost:8083/userLocation?userId=8d03f989-afd7-4cd3-b187-68860d3fc6e1, method=GET}
15:53:20.706 [reactor-http-nio-46] DEBUG reactor.netty.resources.PooledConnectionProvider - [id: 0x7fca3ae3, L:/127.0.0.1:51782 - R:localhost/127.0.0.1:8083] onStateChange(GET{uri=/userLocation?userId=8d03f989-afd7-4cd3-b187-68860d3fc6e1, connection=PooledConnection{channel=[id: 0x7fca3ae3, L:/127.0.0.1:51782 - R:localhost/127.0.0.1:8083]}}, [request_sent])
15:53:20.707 [reactor-http-nio-47] DEBUG reactor.netty.resources.PooledConnectionProvider - [id: 0xd0f99d54, L:/127.0.0.1:51843 - R:localhost/127.0.0.1:8083] Channel acquired, now 23 active connections and 278 inactive connections
15:53:20.707 [reactor-http-nio-47] DEBUG reactor.netty.http.client.HttpClientConnect - [id: 0xd0f99d54, L:/127.0.0.1:51843 - R:localhost/127.0.0.1:8083] Handler is being applied: {uri=http://localhost:8083/userLocation?userId=211ea742-c22f-4f2c-a7ac-83aaac47257d, method=GET}
15:53:20.708 [pool-17-thread-22] DEBUG org.springframework.web.reactive.function.client.ExchangeFunctions - [2da33dd7] HTTP GET http://localhost:8083/userLocation?userId=a5558e4a-29f3-44bd-836e-3fa2c228beac
15:53:20.708 [reactor-http-nio-47] DEBUG reactor.netty.resources.PooledConnectionProvider - [id: 0xd0f99d54, L:/127.0.0.1:51843 - R:localhost/127.0.0.1:8083] onStateChange(GET{uri=/userLocation?userId=211ea742-c22f-4f2c-a7ac-83aaac47257d, connection=PooledConnection{channel=[id: 0xd0f99d54, L:/127.0.0.1:51843 - R:localhost/127.0.0.1:8083]}}, [request_sent])
15:53:20.709 [pool-17-thread-23] DEBUG org.springframework.web.reactive.function.client.ExchangeFunctions - [6e76f4fd] HTTP GET http://localhost:8083/userLocation?userId=3d8870a2-1e5e-4ab5-8e06-2954274397fb
15:53:20.711 [reactor-http-nio-41] DEBUG reactor.netty.resources.PooledConnectionProvider - [id: 0x8ef5774d, L:/127.0.0.1:51762 - R:localhost/127.0.0.1:8083] Channel acquired, now 24 active connections and 277 inactive connections
15:53:20.711 [reactor-http-nio-41] DEBUG reactor.netty.http.client.HttpClientConnect - [id: 0x8ef5774d, L:/127.0.0.1:51762 - R:localhost/127.0.0.1:8083] Handler is being applied: {uri=http://localhost:8083/userLocation?userId=a5558e4a-29f3-44bd-836e-3fa2c228beac, method=GET}
15:53:20.712 [reactor-http-nio-41] DEBUG reactor.netty.resources.PooledConnectionProvider - [id: 0x8ef5774d, L:/127.0.0.1:51762 - R:localhost/127.0.0.1:8083] onStateChange(GET{uri=/userLocation?userId=a5558e4a-29f3-44bd-836e-3fa2c228beac, connection=PooledConnection{channel=[id: 0x8ef5774d, L:/127.0.0.1:51762 - R:localhost/127.0.0.1:8083]}}, [request_sent])
15:53:20.713 [reactor-http-nio-46] DEBUG reactor.netty.resources.PooledConnectionProvider - [id: 0xab4988d5, L:/127.0.0.1:51831 - R:localhost/127.0.0.1:8083] Channel acquired, now 25 active connections and 276 inactive connections
15:53:20.713 [reactor-http-nio-46] DEBUG reactor.netty.http.client.HttpClientConnect - [id: 0xab4988d5, L:/127.0.0.1:51831 - R:localhost/127.0.0.1:8083] Handler is being applied: {uri=http://localhost:8083/userLocation?userId=3d8870a2-1e5e-4ab5-8e06-2954274397fb, method=GET}
15:53:20.714 [reactor-http-nio-46] DEBUG reactor.netty.resources.PooledConnectionProvider - [id: 0xab4988d5, L:/127.0.0.1:51831 - R:localhost/127.0.0.1:8083] onStateChange(GET{uri=/userLocation?userId=3d8870a2-1e5e-4ab5-8e06-2954274397fb, connection=PooledConnection{channel=[id: 0xab4988d5, L:/127.0.0.1:51831 - R:localhost/127.0.0.1:8083]}}, [request_sent])
15:53:20.715 [pool-17-thread-25] DEBUG org.springframework.web.reactive.function.client.ExchangeFunctions - [6a24bf77] HTTP GET http://localhost:8083/userLocation?userId=95d9ab6e-beb1-4be0-a4bc-59825ee7fd5f
15:53:20.717 [reactor-http-nio-41] DEBUG reactor.netty.resources.PooledConnectionProvider - [id: 0x4f2e6241, L:/127.0.0.1:51772 - R:localhost/127.0.0.1:8083] Channel acquired, now 26 active connections and 275 inactive connections
15:53:20.717 [reactor-http-nio-41] DEBUG reactor.netty.http.client.HttpClientConnect - [id: 0x4f2e6241, L:/127.0.0.1:51772 - R:localhost/127.0.0.1:8083] Handler is being applied: {uri=http://localhost:8083/userLocation?userId=95d9ab6e-beb1-4be0-a4bc-59825ee7fd5f, method=GET}
15:53:20.718 [reactor-http-nio-41] DEBUG reactor.netty.resources.PooledConnectionProvider - [id: 0x4f2e6241, L:/127.0.0.1:51772 - R:localhost/127.0.0.1:8083] onStateChange(GET{uri=/userLocation?userId=95d9ab6e-beb1-4be0-a4bc-59825ee7fd5f, connection=PooledConnection{channel=[id: 0x4f2e6241, L:/127.0.0.1:51772 - R:localhost/127.0.0.1:8083]}}, [request_sent])
15:53:20.719 [pool-17-thread-24] DEBUG org.springframework.web.reactive.function.client.ExchangeFunctions - [1fab1da0] HTTP GET http://localhost:8083/userLocation?userId=b9874e81-20c6-4ac4-9e76-21d3af91b9d9
15:53:20.719 [pool-17-thread-26] DEBUG org.springframework.web.reactive.function.client.ExchangeFunctions - [d7817e9] HTTP GET http://localhost:8083/userLocation?userId=6d7f229e-22f7-4ed6-b0c8-bb32d0c14f2c
15:53:20.721 [reactor-http-nio-46] DEBUG reactor.netty.resources.PooledConnectionProvider - [id: 0x3561676c, L:/127.0.0.1:51742 - R:localhost/127.0.0.1:8083] Channel acquired, now 27 active connections and 274 inactive connections
15:53:20.721 [reactor-http-nio-46] DEBUG reactor.netty.http.client.HttpClientConnect - [id: 0x3561676c, L:/127.0.0.1:51742 - R:localhost/127.0.0.1:8083] Handler is being applied: {uri=http://localhost:8083/userLocation?userId=6d7f229e-22f7-4ed6-b0c8-bb32d0c14f2c, method=GET}
15:53:20.721 [pool-17-thread-27] DEBUG org.springframework.web.reactive.function.client.ExchangeFunctions - [5d65c596] HTTP GET http://localhost:8083/userLocation?userId=f8fd2139-1dd1-415e-82c3-6f9ce59848e5
15:53:20.722 [reactor-http-nio-46] DEBUG reactor.netty.resources.PooledConnectionProvider - [id: 0x3561676c, L:/127.0.0.1:51742 - R:localhost/127.0.0.1:8083] onStateChange(GET{uri=/userLocation?userId=6d7f229e-22f7-4ed6-b0c8-bb32d0c14f2c, connection=PooledConnection{channel=[id: 0x3561676c, L:/127.0.0.1:51742 - R:localhost/127.0.0.1:8083]}}, [request_sent])
15:53:20.723 [reactor-http-nio-41] DEBUG reactor.netty.resources.PooledConnectionProvider - [id: 0x9badb85a, L:/127.0.0.1:51726 - R:localhost/127.0.0.1:8083] Channel acquired, now 28 active connections and 273 inactive connections
15:53:20.723 [reactor-http-nio-41] DEBUG reactor.netty.http.client.HttpClientConnect - [id: 0x9badb85a, L:/127.0.0.1:51726 - R:localhost/127.0.0.1:8083] Handler is being applied: {uri=http://localhost:8083/userLocation?userId=b9874e81-20c6-4ac4-9e76-21d3af91b9d9, method=GET}
15:53:20.724 [reactor-http-nio-41] DEBUG reactor.netty.resources.PooledConnectionProvider - [id: 0x9badb85a, L:/127.0.0.1:51726 - R:localhost/127.0.0.1:8083] onStateChange(GET{uri=/userLocation?userId=b9874e81-20c6-4ac4-9e76-21d3af91b9d9, connection=PooledConnection{channel=[id: 0x9badb85a, L:/127.0.0.1:51726 - R:localhost/127.0.0.1:8083]}}, [request_sent])
15:53:20.724 [pool-17-thread-28] DEBUG org.springframework.web.reactive.function.client.ExchangeFunctions - [1350e45c] HTTP GET http://localhost:8083/userLocation?userId=916241a3-ff1f-44d7-888b-e08458d3cf99
15:53:20.724 [reactor-http-nio-41] DEBUG reactor.netty.resources.PooledConnectionProvider - [id: 0xa0063317, L:/127.0.0.1:51720 - R:localhost/127.0.0.1:8083] Channel acquired, now 29 active connections and 272 inactive connections
15:53:20.725 [reactor-http-nio-41] DEBUG reactor.netty.http.client.HttpClientConnect - [id: 0xa0063317, L:/127.0.0.1:51720 - R:localhost/127.0.0.1:8083] Handler is being applied: {uri=http://localhost:8083/userLocation?userId=f8fd2139-1dd1-415e-82c3-6f9ce59848e5, method=GET}
15:53:20.725 [pool-17-thread-29] DEBUG org.springframework.web.reactive.function.client.ExchangeFunctions - [5a792f6f] HTTP GET http://localhost:8083/userLocation?userId=abeee2b1-4068-4a63-8152-c9a9050981b4
15:53:20.725 [reactor-http-nio-41] DEBUG reactor.netty.resources.PooledConnectionProvider - [id: 0xa0063317, L:/127.0.0.1:51720 - R:localhost/127.0.0.1:8083] onStateChange(GET{uri=/userLocation?userId=f8fd2139-1dd1-415e-82c3-6f9ce59848e5, connection=PooledConnection{channel=[id: 0xa0063317, L:/127.0.0.1:51720 - R:localhost/127.0.0.1:8083]}}, [request_sent])
15:53:20.725 [reactor-http-nio-41] DEBUG reactor.netty.resources.PooledConnectionProvider - [id: 0x93777bf1, L:/127.0.0.1:51766 - R:localhost/127.0.0.1:8083] Channel acquired, now 30 active connections and 271 inactive connections
15:53:20.725 [reactor-http-nio-41] DEBUG reactor.netty.http.client.HttpClientConnect - [id: 0x93777bf1, L:/127.0.0.1:51766 - R:localhost/127.0.0.1:8083] Handler is being applied: {uri=http://localhost:8083/userLocation?userId=916241a3-ff1f-44d7-888b-e08458d3cf99, method=GET}
15:53:20.725 [reactor-http-nio-41] DEBUG reactor.netty.resources.PooledConnectionProvider - [id: 0x93777bf1, L:/127.0.0.1:51766 - R:localhost/127.0.0.1:8083] onStateChange(GET{uri=/userLocation?userId=916241a3-ff1f-44d7-888b-e08458d3cf99, connection=PooledConnection{channel=[id: 0x93777bf1, L:/127.0.0.1:51766 - R:localhost/127.0.0.1:8083]}}, [request_sent])
15:53:20.726 [reactor-http-nio-46] DEBUG reactor.netty.resources.PooledConnectionProvider - [id: 0x814e535a, L:/127.0.0.1:51791 - R:localhost/127.0.0.1:8083] Channel acquired, now 31 active connections and 270 inactive connections
15:53:20.726 [reactor-http-nio-46] DEBUG reactor.netty.http.client.HttpClientConnect - [id: 0x814e535a, L:/127.0.0.1:51791 - R:localhost/127.0.0.1:8083] Handler is being applied: {uri=http://localhost:8083/userLocation?userId=abeee2b1-4068-4a63-8152-c9a9050981b4, method=GET}
15:53:20.727 [reactor-http-nio-46] DEBUG reactor.netty.resources.PooledConnectionProvider - [id: 0x814e535a, L:/127.0.0.1:51791 - R:localhost/127.0.0.1:8083] onStateChange(GET{uri=/userLocation?userId=abeee2b1-4068-4a63-8152-c9a9050981b4, connection=PooledConnection{channel=[id: 0x814e535a, L:/127.0.0.1:51791 - R:localhost/127.0.0.1:8083]}}, [request_sent])
15:53:20.727 [pool-17-thread-30] DEBUG org.springframework.web.reactive.function.client.ExchangeFunctions - [17fb708b] HTTP GET http://localhost:8083/userLocation?userId=f6e75454-83e9-4022-94d9-f9b29bcb5ecf
15:53:20.730 [reactor-http-nio-46] DEBUG reactor.netty.resources.PooledConnectionProvider - [id: 0xbb1400e4, L:/127.0.0.1:51826 - R:localhost/127.0.0.1:8083] Channel acquired, now 32 active connections and 269 inactive connections
15:53:20.730 [reactor-http-nio-46] DEBUG reactor.netty.http.client.HttpClientConnect - [id: 0xbb1400e4, L:/127.0.0.1:51826 - R:localhost/127.0.0.1:8083] Handler is being applied: {uri=http://localhost:8083/userLocation?userId=f6e75454-83e9-4022-94d9-f9b29bcb5ecf, method=GET}
15:53:20.731 [reactor-http-nio-46] DEBUG reactor.netty.resources.PooledConnectionProvider - [id: 0xbb1400e4, L:/127.0.0.1:51826 - R:localhost/127.0.0.1:8083] onStateChange(GET{uri=/userLocation?userId=f6e75454-83e9-4022-94d9-f9b29bcb5ecf, connection=PooledConnection{channel=[id: 0xbb1400e4, L:/127.0.0.1:51826 - R:localhost/127.0.0.1:8083]}}, [request_sent])
15:53:20.732 [pool-17-thread-31] DEBUG org.springframework.web.reactive.function.client.ExchangeFunctions - [1f950138] HTTP GET http://localhost:8083/userLocation?userId=a0dddd6b-55a5-4647-af7d-beb485f05f44
15:53:20.735 [reactor-http-nio-41] DEBUG reactor.netty.http.client.HttpClientOperations - [id: 0xabcec1ab, L:/127.0.0.1:51770 - R:localhost/127.0.0.1:8083] Received response (auto-read:false) : [Content-Type=application/json, Transfer-Encoding=chunked, Date=Wed, 15 Jun 2022 14:53:19 GMT]
15:53:20.735 [reactor-http-nio-41] DEBUG reactor.netty.resources.PooledConnectionProvider - [id: 0xabcec1ab, L:/127.0.0.1:51770 - R:localhost/127.0.0.1:8083] onStateChange(GET{uri=/attractions, connection=PooledConnection{channel=[id: 0xabcec1ab, L:/127.0.0.1:51770 - R:localhost/127.0.0.1:8083]}}, [response_received])
15:53:20.735 [reactor-http-nio-41] DEBUG org.springframework.web.reactive.function.client.ExchangeFunctions - [73a0f2b] Response 200 OK
15:53:20.735 [reactor-http-nio-41] DEBUG reactor.netty.channel.FluxReceive - [id: 0xabcec1ab, L:/127.0.0.1:51770 - R:localhost/127.0.0.1:8083] Subscribing inbound receiver [pending: 0, cancelled:false, inboundDone: false]
15:53:20.735 [reactor-http-nio-41] DEBUG reactor.netty.http.client.HttpClientOperations - [id: 0xabcec1ab, L:/127.0.0.1:51770 - R:localhost/127.0.0.1:8083] Received last HTTP packet
15:53:20.735 [reactor-http-nio-41] DEBUG org.springframework.core.codec.StringDecoder - [73a0f2b] Decoded "[{"longitude":-117.922008,"latitude":33.817595,"attractionName":"Disneyland","city":"Anaheim","stat (truncated)...
15:53:20.735 [reactor-http-nio-41] DEBUG reactor.netty.resources.PooledConnectionProvider - [id: 0xabcec1ab, L:/127.0.0.1:51770 - R:localhost/127.0.0.1:8083] onStateChange(GET{uri=/attractions, connection=PooledConnection{channel=[id: 0xabcec1ab, L:/127.0.0.1:51770 - R:localhost/127.0.0.1:8083]}}, [disconnecting])
15:53:20.735 [reactor-http-nio-41] DEBUG reactor.netty.resources.PooledConnectionProvider - [id: 0xabcec1ab, L:/127.0.0.1:51770 - R:localhost/127.0.0.1:8083] Releasing channel
15:53:20.735 [reactor-http-nio-41] DEBUG reactor.netty.resources.PooledConnectionProvider - [id: 0xabcec1ab, L:/127.0.0.1:51770 - R:localhost/127.0.0.1:8083] Channel cleaned, now 31 active connections and 270 inactive connections
15:53:20.735 [reactor-http-nio-41] DEBUG reactor.netty.resources.PooledConnectionProvider - [id: 0x35df572e, L:/127.0.0.1:51740 - R:localhost/127.0.0.1:8083] Channel acquired, now 32 active connections and 269 inactive connections
15:53:20.735 [reactor-http-nio-41] DEBUG reactor.netty.http.client.HttpClientConnect - [id: 0x35df572e, L:/127.0.0.1:51740 - R:localhost/127.0.0.1:8083] Handler is being applied: {uri=http://localhost:8083/userLocation?userId=a0dddd6b-55a5-4647-af7d-beb485f05f44, method=GET}
15:53:20.768 [reactor-http-nio-46] DEBUG reactor.netty.http.client.HttpClientOperations - [id: 0xcde170f5, L:/127.0.0.1:51800 - R:localhost/127.0.0.1:8083] Received response (auto-read:false) : [Content-Type=application/json, Transfer-Encoding=chunked, Date=Wed, 15 Jun 2022 14:53:19 GMT]
15:53:20.769 [reactor-http-nio-46] DEBUG reactor.netty.resources.PooledConnectionProvider - [id: 0xcde170f5, L:/127.0.0.1:51800 - R:localhost/127.0.0.1:8083] onStateChange(GET{uri=/userLocation?userId=2a6d305d-2374-4ae2-9626-0b9d42f919c9, connection=PooledConnection{channel=[id: 0xcde170f5, L:/127.0.0.1:51800 - R:localhost/127.0.0.1:8083]}}, [response_received])
15:53:20.769 [reactor-http-nio-46] DEBUG org.springframework.web.reactive.function.client.ExchangeFunctions - [73580130] Response 200 OK
15:53:20.769 [reactor-http-nio-46] DEBUG reactor.netty.channel.FluxReceive - [id: 0xcde170f5, L:/127.0.0.1:51800 - R:localhost/127.0.0.1:8083] Subscribing inbound receiver [pending: 0, cancelled:false, inboundDone: false]
15:53:20.769 [reactor-http-nio-46] DEBUG reactor.netty.http.client.HttpClientOperations - [id: 0xcde170f5, L:/127.0.0.1:51800 - R:localhost/127.0.0.1:8083] Received last HTTP packet
15:53:20.769 [reactor-http-nio-46] DEBUG org.springframework.core.codec.StringDecoder - [73580130] Decoded "{"userId":"2a6d305d-2374-4ae2-9626-0b9d42f919c9","location":{"longitude":-65.193849,"latitude":17.4 (truncated)...
15:53:20.769 [reactor-http-nio-46] DEBUG reactor.netty.resources.PooledConnectionProvider - [id: 0xcde170f5, L:/127.0.0.1:51800 - R:localhost/127.0.0.1:8083] onStateChange(GET{uri=/userLocation?userId=2a6d305d-2374-4ae2-9626-0b9d42f919c9, connection=PooledConnection{channel=[id: 0xcde170f5, L:/127.0.0.1:51800 - R:localhost/127.0.0.1:8083]}}, [disconnecting])
15:53:20.769 [reactor-http-nio-46] DEBUG reactor.netty.resources.PooledConnectionProvider - [id: 0xcde170f5, L:/127.0.0.1:51800 - R:localhost/127.0.0.1:8083] Releasing channel
15:53:20.769 [reactor-http-nio-46] DEBUG reactor.netty.resources.PooledConnectionProvider - [id: 0xcde170f5, L:/127.0.0.1:51800 - R:localhost/127.0.0.1:8083] Channel cleaned, now 31 active connections and 270 inactive connections
15:53:20.770 [reactor-http-nio-41] DEBUG reactor.netty.resources.PooledConnectionProvider - [id: 0x35df572e, L:/127.0.0.1:51740 - R:localhost/127.0.0.1:8083] onStateChange(GET{uri=/userLocation?userId=a0dddd6b-55a5-4647-af7d-beb485f05f44, connection=PooledConnection{channel=[id: 0x35df572e, L:/127.0.0.1:51740 - R:localhost/127.0.0.1:8083]}}, [request_sent])
15:53:20.770 [reactor-http-nio-41] DEBUG reactor.netty.http.client.HttpClientOperations - [id: 0x307222ea, L:/127.0.0.1:51747 - R:localhost/127.0.0.1:8083] Received response (auto-read:false) : [Content-Type=application/json, Transfer-Encoding=chunked, Date=Wed, 15 Jun 2022 14:53:20 GMT]
15:53:20.770 [reactor-http-nio-41] DEBUG reactor.netty.resources.PooledConnectionProvider - [id: 0x307222ea, L:/127.0.0.1:51747 - R:localhost/127.0.0.1:8083] onStateChange(GET{uri=/userLocation?userId=73b807ea-f298-421d-9b58-d22f5a737975, connection=PooledConnection{channel=[id: 0x307222ea, L:/127.0.0.1:51747 - R:localhost/127.0.0.1:8083]}}, [response_received])
15:53:20.770 [reactor-http-nio-41] DEBUG org.springframework.web.reactive.function.client.ExchangeFunctions - [4dbb6e75] Response 200 OK
15:53:20.770 [reactor-http-nio-41] DEBUG reactor.netty.channel.FluxReceive - [id: 0x307222ea, L:/127.0.0.1:51747 - R:localhost/127.0.0.1:8083] Subscribing inbound receiver [pending: 0, cancelled:false, inboundDone: false]
15:53:20.770 [reactor-http-nio-41] DEBUG reactor.netty.http.client.HttpClientOperations - [id: 0x307222ea, L:/127.0.0.1:51747 - R:localhost/127.0.0.1:8083] Received last HTTP packet
15:53:20.770 [reactor-http-nio-41] DEBUG org.springframework.core.codec.StringDecoder - [4dbb6e75] Decoded "{"userId":"73b807ea-f298-421d-9b58-d22f5a737975","location":{"longitude":45.458545,"latitude":-82.1 (truncated)...
15:53:20.771 [reactor-http-nio-41] DEBUG reactor.netty.resources.PooledConnectionProvider - [id: 0x307222ea, L:/127.0.0.1:51747 - R:localhost/127.0.0.1:8083] onStateChange(GET{uri=/userLocation?userId=73b807ea-f298-421d-9b58-d22f5a737975, connection=PooledConnection{channel=[id: 0x307222ea, L:/127.0.0.1:51747 - R:localhost/127.0.0.1:8083]}}, [disconnecting])
15:53:20.771 [reactor-http-nio-41] DEBUG reactor.netty.resources.PooledConnectionProvider - [id: 0x307222ea, L:/127.0.0.1:51747 - R:localhost/127.0.0.1:8083] Releasing channel
15:53:20.771 [reactor-http-nio-41] DEBUG reactor.netty.resources.PooledConnectionProvider - [id: 0x307222ea, L:/127.0.0.1:51747 - R:localhost/127.0.0.1:8083] Channel cleaned, now 30 active connections and 271 inactive connections
15:53:20.771 [Test worker] INFO tourGuide.service.TourGuideService - attraction [tourGuide.gpsUtil.Attraction@fa5f81c, tourGuide.gpsUtil.Attraction@6a1d526c, tourGuide.gpsUtil.Attraction@1f2f0109, tourGuide.gpsUtil.Attraction@483b0690, tourGuide.gpsUtil.Attraction@687e6293, tourGuide.gpsUtil.Attraction@6870c3c2, tourGuide.gpsUtil.Attraction@fb0a08c, tourGuide.gpsUtil.Attraction@1faf386c, tourGuide.gpsUtil.Attraction@4debbf0, tourGuide.gpsUtil.Attraction@6a5e167a, tourGuide.gpsUtil.Attraction@60e06f7d, tourGuide.gpsUtil.Attraction@66a5755, tourGuide.gpsUtil.Attraction@771a7d53, tourGuide.gpsUtil.Attraction@6d6d480c, tourGuide.gpsUtil.Attraction@e95595b, tourGuide.gpsUtil.Attraction@5a917723, tourGuide.gpsUtil.Attraction@7e4579c7, tourGuide.gpsUtil.Attraction@796f632b, tourGuide.gpsUtil.Attraction@5d94a2dc, tourGuide.gpsUtil.Attraction@cedee22, tourGuide.gpsUtil.Attraction@59b32539, tourGuide.gpsUtil.Attraction@5b47731f, tourGuide.gpsUtil.Attraction@233db8e9, tourGuide.gpsUtil.Attraction@40c2ce52, tourGuide.gpsUtil.Attraction@18a19e, tourGuide.gpsUtil.Attraction@60a7e509]
15:53:20.772 [pool-17-thread-32] DEBUG org.springframework.web.reactive.function.client.ExchangeFunctions - [71a437e2] HTTP GET http://localhost:8083/userLocation?userId=a0f55db3-1ea7-41a2-9657-0e31bba2f18c
15:53:20.772 [pool-17-thread-33] DEBUG org.springframework.web.reactive.function.client.ExchangeFunctions - [c5dd807] HTTP GET http://localhost:8083/userLocation?userId=ba5df527-645a-41b5-8ed5-bb3fa5384d76
15:53:20.772 [pool-17-thread-35] DEBUG org.springframework.web.reactive.function.client.ExchangeFunctions - [2771a2be] HTTP GET http://localhost:8083/userLocation?userId=e5b57d00-6d78-4a70-902b-7356a13b5c1c
15:53:20.773 [pool-17-thread-34] DEBUG org.springframework.web.reactive.function.client.ExchangeFunctions - [6a3ec283] HTTP GET http://localhost:8083/userLocation?userId=0376b229-649e-4a1b-ab73-804ac0c2ec1c
15:53:20.774 [reactor-http-nio-48] DEBUG reactor.netty.resources.PooledConnectionProvider - [id: 0xd46a2218, L:/127.0.0.1:51930 - R:localhost/127.0.0.1:8083] Channel acquired, now 31 active connections and 270 inactive connections
15:53:20.774 [reactor-http-nio-48] DEBUG reactor.netty.http.client.HttpClientConnect - [id: 0xd46a2218, L:/127.0.0.1:51930 - R:localhost/127.0.0.1:8083] Handler is being applied: {uri=http://localhost:8083/userLocation?userId=e5b57d00-6d78-4a70-902b-7356a13b5c1c, method=GET}
15:53:20.775 [reactor-http-nio-48] DEBUG reactor.netty.resources.PooledConnectionProvider - [id: 0xd46a2218, L:/127.0.0.1:51930 - R:localhost/127.0.0.1:8083] onStateChange(GET{uri=/userLocation?userId=e5b57d00-6d78-4a70-902b-7356a13b5c1c, connection=PooledConnection{channel=[id: 0xd46a2218, L:/127.0.0.1:51930 - R:localhost/127.0.0.1:8083]}}, [request_sent])
15:53:20.775 [reactor-http-nio-48] DEBUG reactor.netty.resources.PooledConnectionProvider - [id: 0x7b10d5b9, L:/127.0.0.1:51958 - R:localhost/127.0.0.1:8083] Channel acquired, now 32 active connections and 269 inactive connections
15:53:20.775 [reactor-http-nio-48] DEBUG reactor.netty.http.client.HttpClientConnect - [id: 0x7b10d5b9, L:/127.0.0.1:51958 - R:localhost/127.0.0.1:8083] Handler is being applied: {uri=http://localhost:8083/userLocation?userId=ba5df527-645a-41b5-8ed5-bb3fa5384d76, method=GET}
15:53:20.775 [pool-17-thread-36] DEBUG org.springframework.web.reactive.function.client.ExchangeFunctions - [32058b6] HTTP GET http://localhost:8083/userLocation?userId=4efd77cc-5fc7-447f-b256-c9adb8c9c39e
15:53:20.776 [reactor-http-nio-48] DEBUG reactor.netty.resources.PooledConnectionProvider - [id: 0x7b10d5b9, L:/127.0.0.1:51958 - R:localhost/127.0.0.1:8083] onStateChange(GET{uri=/userLocation?userId=ba5df527-645a-41b5-8ed5-bb3fa5384d76, connection=PooledConnection{channel=[id: 0x7b10d5b9, L:/127.0.0.1:51958 - R:localhost/127.0.0.1:8083]}}, [request_sent])
15:53:20.776 [reactor-http-nio-48] DEBUG reactor.netty.resources.PooledConnectionProvider - [id: 0x52b43451, L:/127.0.0.1:51966 - R:localhost/127.0.0.1:8083] Channel acquired, now 33 active connections and 268 inactive connections
15:53:20.776 [reactor-http-nio-48] DEBUG reactor.netty.http.client.HttpClientConnect - [id: 0x52b43451, L:/127.0.0.1:51966 - R:localhost/127.0.0.1:8083] Handler is being applied: {uri=http://localhost:8083/userLocation?userId=0376b229-649e-4a1b-ab73-804ac0c2ec1c, method=GET}
15:53:20.776 [reactor-http-nio-47] DEBUG reactor.netty.resources.PooledConnectionProvider - [id: 0x89da56b3, L:/127.0.0.1:51895 - R:localhost/127.0.0.1:8083] Channel acquired, now 34 active connections and 267 inactive connections
15:53:20.776 [reactor-http-nio-47] DEBUG reactor.netty.http.client.HttpClientConnect - [id: 0x89da56b3, L:/127.0.0.1:51895 - R:localhost/127.0.0.1:8083] Handler is being applied: {uri=http://localhost:8083/userLocation?userId=a0f55db3-1ea7-41a2-9657-0e31bba2f18c, method=GET}
15:53:20.776 [reactor-http-nio-48] DEBUG reactor.netty.resources.PooledConnectionProvider - [id: 0x52b43451, L:/127.0.0.1:51966 - R:localhost/127.0.0.1:8083] onStateChange(GET{uri=/userLocation?userId=0376b229-649e-4a1b-ab73-804ac0c2ec1c, connection=PooledConnection{channel=[id: 0x52b43451, L:/127.0.0.1:51966 - R:localhost/127.0.0.1:8083]}}, [request_sent])
15:53:20.776 [reactor-http-nio-47] DEBUG reactor.netty.resources.PooledConnectionProvider - [id: 0x89da56b3, L:/127.0.0.1:51895 - R:localhost/127.0.0.1:8083] onStateChange(GET{uri=/userLocation?userId=a0f55db3-1ea7-41a2-9657-0e31bba2f18c, connection=PooledConnection{channel=[id: 0x89da56b3, L:/127.0.0.1:51895 - R:localhost/127.0.0.1:8083]}}, [request_sent])
15:53:20.777 [pool-17-thread-38] DEBUG org.springframework.web.reactive.function.client.ExchangeFunctions - [9e468a0] HTTP GET http://localhost:8083/userLocation?userId=9c8f9f27-8e6c-4314-a6d6-55e0c9af7053
15:53:20.777 [pool-17-thread-40] DEBUG org.springframework.web.reactive.function.client.ExchangeFunctions - [7d6f9f7a] HTTP GET http://localhost:8083/userLocation?userId=7eff2b65-cb28-42f7-a126-483a14dcffdf
15:53:20.778 [pool-17-thread-41] DEBUG org.springframework.web.reactive.function.client.ExchangeFunctions - [1978d7c0] HTTP GET http://localhost:8083/userLocation?userId=ce978bfc-2615-46b6-82a4-f86d4b05c3ca
15:53:20.779 [pool-17-thread-39] DEBUG org.springframework.web.reactive.function.client.ExchangeFunctions - [9d57ffc] HTTP GET http://localhost:8083/userLocation?userId=f52ace51-4f54-4626-b5c2-e462da03fc76
15:53:20.780 [reactor-http-nio-46] DEBUG reactor.netty.resources.PooledConnectionProvider - [id: 0xe6317c04, L:/127.0.0.1:51827 - R:localhost/127.0.0.1:8083] Channel acquired, now 35 active connections and 266 inactive connections
15:53:20.780 [reactor-http-nio-46] DEBUG reactor.netty.http.client.HttpClientConnect - [id: 0xe6317c04, L:/127.0.0.1:51827 - R:localhost/127.0.0.1:8083] Handler is being applied: {uri=http://localhost:8083/userLocation?userId=4efd77cc-5fc7-447f-b256-c9adb8c9c39e, method=GET}
15:53:20.780 [reactor-http-nio-46] DEBUG reactor.netty.resources.PooledConnectionProvider - [id: 0xe6317c04, L:/127.0.0.1:51827 - R:localhost/127.0.0.1:8083] onStateChange(GET{uri=/userLocation?userId=4efd77cc-5fc7-447f-b256-c9adb8c9c39e, connection=PooledConnection{channel=[id: 0xe6317c04, L:/127.0.0.1:51827 - R:localhost/127.0.0.1:8083]}}, [request_sent])
15:53:20.781 [reactor-http-nio-46] DEBUG reactor.netty.resources.PooledConnectionProvider - [id: 0x36ae5eff, L:/127.0.0.1:51822 - R:localhost/127.0.0.1:8083] Channel acquired, now 36 active connections and 265 inactive connections
15:53:20.781 [reactor-http-nio-46] DEBUG reactor.netty.http.client.HttpClientConnect - [id: 0x36ae5eff, L:/127.0.0.1:51822 - R:localhost/127.0.0.1:8083] Handler is being applied: {uri=http://localhost:8083/userLocation?userId=7eff2b65-cb28-42f7-a126-483a14dcffdf, method=GET}
15:53:20.781 [reactor-http-nio-47] DEBUG reactor.netty.resources.PooledConnectionProvider - [id: 0xf30ad839, L:/127.0.0.1:51692 - R:localhost/127.0.0.1:8083] Channel acquired, now 37 active connections and 264 inactive connections
15:53:20.781 [reactor-http-nio-47] DEBUG reactor.netty.http.client.HttpClientConnect - [id: 0xf30ad839, L:/127.0.0.1:51692 - R:localhost/127.0.0.1:8083] Handler is being applied: {uri=http://localhost:8083/userLocation?userId=9c8f9f27-8e6c-4314-a6d6-55e0c9af7053, method=GET}
15:53:20.781 [reactor-http-nio-47] DEBUG reactor.netty.resources.PooledConnectionProvider - [id: 0xf30ad839, L:/127.0.0.1:51692 - R:localhost/127.0.0.1:8083] onStateChange(GET{uri=/userLocation?userId=9c8f9f27-8e6c-4314-a6d6-55e0c9af7053, connection=PooledConnection{channel=[id: 0xf30ad839, L:/127.0.0.1:51692 - R:localhost/127.0.0.1:8083]}}, [request_sent])
15:53:20.781 [reactor-http-nio-46] DEBUG reactor.netty.resources.PooledConnectionProvider - [id: 0x36ae5eff, L:/127.0.0.1:51822 - R:localhost/127.0.0.1:8083] onStateChange(GET{uri=/userLocation?userId=7eff2b65-cb28-42f7-a126-483a14dcffdf, connection=PooledConnection{channel=[id: 0x36ae5eff, L:/127.0.0.1:51822 - R:localhost/127.0.0.1:8083]}}, [request_sent])
15:53:20.784 [reactor-http-nio-41] DEBUG reactor.netty.resources.PooledConnectionProvider - [id: 0xb5e0c104, L:/127.0.0.1:51792 - R:localhost/127.0.0.1:8083] Channel acquired, now 38 active connections and 263 inactive connections
15:53:20.784 [reactor-http-nio-41] DEBUG reactor.netty.http.client.HttpClientConnect - [id: 0xb5e0c104, L:/127.0.0.1:51792 - R:localhost/127.0.0.1:8083] Handler is being applied: {uri=http://localhost:8083/userLocation?userId=ce978bfc-2615-46b6-82a4-f86d4b05c3ca, method=GET}
15:53:20.784 [reactor-http-nio-41] DEBUG reactor.netty.resources.PooledConnectionProvider - [id: 0xb5e0c104, L:/127.0.0.1:51792 - R:localhost/127.0.0.1:8083] onStateChange(GET{uri=/userLocation?userId=ce978bfc-2615-46b6-82a4-f86d4b05c3ca, connection=PooledConnection{channel=[id: 0xb5e0c104, L:/127.0.0.1:51792 - R:localhost/127.0.0.1:8083]}}, [request_sent])
15:53:20.785 [reactor-http-nio-47] DEBUG reactor.netty.resources.PooledConnectionProvider - [id: 0x9ce465db, L:/127.0.0.1:51838 - R:localhost/127.0.0.1:8083] Channel acquired, now 39 active connections and 262 inactive connections
15:53:20.785 [reactor-http-nio-47] DEBUG reactor.netty.http.client.HttpClientConnect - [id: 0x9ce465db, L:/127.0.0.1:51838 - R:localhost/127.0.0.1:8083] Handler is being applied: {uri=http://localhost:8083/userLocation?userId=f52ace51-4f54-4626-b5c2-e462da03fc76, method=GET}
15:53:20.785 [reactor-http-nio-47] DEBUG reactor.netty.resources.PooledConnectionProvider - [id: 0x9ce465db, L:/127.0.0.1:51838 - R:localhost/127.0.0.1:8083] onStateChange(GET{uri=/userLocation?userId=f52ace51-4f54-4626-b5c2-e462da03fc76, connection=PooledConnection{channel=[id: 0x9ce465db, L:/127.0.0.1:51838 - R:localhost/127.0.0.1:8083]}}, [request_sent])
15:53:20.785 [pool-17-thread-42] DEBUG org.springframework.web.reactive.function.client.ExchangeFunctions - [438fb083] HTTP GET http://localhost:8083/userLocation?userId=88dac742-dc28-494e-ace2-108d0bdc86da
15:53:20.786 [pool-17-thread-44] DEBUG org.springframework.web.reactive.function.client.ExchangeFunctions - [148d4345] HTTP GET http://localhost:8083/userLocation?userId=d4ea69af-5e1e-404e-8be0-a0f2348aead8
15:53:20.787 [pool-17-thread-43] DEBUG org.springframework.web.reactive.function.client.ExchangeFunctions - [3a68da4b] HTTP GET http://localhost:8083/userLocation?userId=5af058ca-30dd-4cbf-a634-1af3d213b42b
15:53:20.789 [reactor-http-nio-48] DEBUG reactor.netty.resources.PooledConnectionProvider - [id: 0xa37fa9fc, L:/127.0.0.1:51894 - R:localhost/127.0.0.1:8083] Channel acquired, now 40 active connections and 261 inactive connections
15:53:20.789 [reactor-http-nio-48] DEBUG reactor.netty.http.client.HttpClientConnect - [id: 0xa37fa9fc, L:/127.0.0.1:51894 - R:localhost/127.0.0.1:8083] Handler is being applied: {uri=http://localhost:8083/userLocation?userId=5af058ca-30dd-4cbf-a634-1af3d213b42b, method=GET}
15:53:20.789 [pool-17-thread-45] DEBUG org.springframework.web.reactive.function.client.ExchangeFunctions - [5d3f3ced] HTTP GET http://localhost:8083/userLocation?userId=a6480de4-fe33-448d-98b6-cc35a530e5f7
15:53:20.789 [reactor-http-nio-46] DEBUG reactor.netty.resources.PooledConnectionProvider - [id: 0x21f981c4, L:/127.0.0.1:51805 - R:localhost/127.0.0.1:8083] Channel acquired, now 41 active connections and 260 inactive connections
15:53:20.789 [reactor-http-nio-46] DEBUG reactor.netty.http.client.HttpClientConnect - [id: 0x21f981c4, L:/127.0.0.1:51805 - R:localhost/127.0.0.1:8083] Handler is being applied: {uri=http://localhost:8083/userLocation?userId=d4ea69af-5e1e-404e-8be0-a0f2348aead8, method=GET}
15:53:20.789 [reactor-http-nio-48] DEBUG reactor.netty.resources.PooledConnectionProvider - [id: 0xa37fa9fc, L:/127.0.0.1:51894 - R:localhost/127.0.0.1:8083] onStateChange(GET{uri=/userLocation?userId=5af058ca-30dd-4cbf-a634-1af3d213b42b, connection=PooledConnection{channel=[id: 0xa37fa9fc, L:/127.0.0.1:51894 - R:localhost/127.0.0.1:8083]}}, [request_sent])
15:53:20.790 [reactor-http-nio-48] DEBUG reactor.netty.resources.PooledConnectionProvider - [id: 0x9d7faf15, L:/127.0.0.1:51948 - R:localhost/127.0.0.1:8083] Channel acquired, now 42 active connections and 259 inactive connections
15:53:20.790 [reactor-http-nio-48] DEBUG reactor.netty.http.client.HttpClientConnect - [id: 0x9d7faf15, L:/127.0.0.1:51948 - R:localhost/127.0.0.1:8083] Handler is being applied: {uri=http://localhost:8083/userLocation?userId=88dac742-dc28-494e-ace2-108d0bdc86da, method=GET}
15:53:20.790 [reactor-http-nio-46] DEBUG reactor.netty.resources.PooledConnectionProvider - [id: 0x21f981c4, L:/127.0.0.1:51805 - R:localhost/127.0.0.1:8083] onStateChange(GET{uri=/userLocation?userId=d4ea69af-5e1e-404e-8be0-a0f2348aead8, connection=PooledConnection{channel=[id: 0x21f981c4, L:/127.0.0.1:51805 - R:localhost/127.0.0.1:8083]}}, [request_sent])
15:53:20.790 [reactor-http-nio-48] DEBUG reactor.netty.resources.PooledConnectionProvider - [id: 0x9d7faf15, L:/127.0.0.1:51948 - R:localhost/127.0.0.1:8083] onStateChange(GET{uri=/userLocation?userId=88dac742-dc28-494e-ace2-108d0bdc86da, connection=PooledConnection{channel=[id: 0x9d7faf15, L:/127.0.0.1:51948 - R:localhost/127.0.0.1:8083]}}, [request_sent])
15:53:20.791 [pool-17-thread-46] DEBUG org.springframework.web.reactive.function.client.ExchangeFunctions - [47c063ba] HTTP GET http://localhost:8083/userLocation?userId=7167369e-2117-4db9-bdc9-d08207c177ed
15:53:20.791 [pool-17-thread-47] DEBUG org.springframework.web.reactive.function.client.ExchangeFunctions - [4d3157ad] HTTP GET http://localhost:8083/userLocation?userId=56f47f48-8a08-454e-a422-73a90971fcf1
15:53:20.792 [reactor-http-nio-47] DEBUG reactor.netty.resources.PooledConnectionProvider - [id: 0x8cd960d5, L:/127.0.0.1:51696 - R:localhost/127.0.0.1:8083] Channel acquired, now 43 active connections and 258 inactive connections
15:53:20.792 [reactor-http-nio-47] DEBUG reactor.netty.http.client.HttpClientConnect - [id: 0x8cd960d5, L:/127.0.0.1:51696 - R:localhost/127.0.0.1:8083] Handler is being applied: {uri=http://localhost:8083/userLocation?userId=7167369e-2117-4db9-bdc9-d08207c177ed, method=GET}
15:53:20.792 [reactor-http-nio-46] DEBUG reactor.netty.resources.PooledConnectionProvider - [id: 0x774c45b7, L:/127.0.0.1:51738 - R:localhost/127.0.0.1:8083] Channel acquired, now 44 active connections and 257 inactive connections
15:53:20.792 [reactor-http-nio-46] DEBUG reactor.netty.http.client.HttpClientConnect - [id: 0x774c45b7, L:/127.0.0.1:51738 - R:localhost/127.0.0.1:8083] Handler is being applied: {uri=http://localhost:8083/userLocation?userId=a6480de4-fe33-448d-98b6-cc35a530e5f7, method=GET}
15:53:20.793 [pool-17-thread-49] DEBUG org.springframework.web.reactive.function.client.ExchangeFunctions - [52fc6c69] HTTP GET http://localhost:8083/userLocation?userId=29352cde-6dbb-4ba1-996b-36384272bea0
15:53:20.793 [reactor-http-nio-46] DEBUG reactor.netty.resources.PooledConnectionProvider - [id: 0x774c45b7, L:/127.0.0.1:51738 - R:localhost/127.0.0.1:8083] onStateChange(GET{uri=/userLocation?userId=a6480de4-fe33-448d-98b6-cc35a530e5f7, connection=PooledConnection{channel=[id: 0x774c45b7, L:/127.0.0.1:51738 - R:localhost/127.0.0.1:8083]}}, [request_sent])
15:53:20.793 [reactor-http-nio-46] DEBUG reactor.netty.resources.PooledConnectionProvider - [id: 0x6eeffece, L:/127.0.0.1:51732 - R:localhost/127.0.0.1:8083] Channel acquired, now 45 active connections and 256 inactive connections
15:53:20.793 [reactor-http-nio-46] DEBUG reactor.netty.http.client.HttpClientConnect - [id: 0x6eeffece, L:/127.0.0.1:51732 - R:localhost/127.0.0.1:8083] Handler is being applied: {uri=http://localhost:8083/userLocation?userId=56f47f48-8a08-454e-a422-73a90971fcf1, method=GET}
15:53:20.793 [reactor-http-nio-47] DEBUG reactor.netty.resources.PooledConnectionProvider - [id: 0x8cd960d5, L:/127.0.0.1:51696 - R:localhost/127.0.0.1:8083] onStateChange(GET{uri=/userLocation?userId=7167369e-2117-4db9-bdc9-d08207c177ed, connection=PooledConnection{channel=[id: 0x8cd960d5, L:/127.0.0.1:51696 - R:localhost/127.0.0.1:8083]}}, [request_sent])
15:53:20.793 [reactor-http-nio-46] DEBUG reactor.netty.resources.PooledConnectionProvider - [id: 0x6eeffece, L:/127.0.0.1:51732 - R:localhost/127.0.0.1:8083] onStateChange(GET{uri=/userLocation?userId=56f47f48-8a08-454e-a422-73a90971fcf1, connection=PooledConnection{channel=[id: 0x6eeffece, L:/127.0.0.1:51732 - R:localhost/127.0.0.1:8083]}}, [request_sent])
15:53:20.793 [pool-17-thread-48] DEBUG org.springframework.web.reactive.function.client.ExchangeFunctions - [9231984] HTTP GET http://localhost:8083/userLocation?userId=bf8d1421-da87-4e90-b5fc-f0c101a9aa12
15:53:20.794 [reactor-http-nio-48] DEBUG reactor.netty.resources.PooledConnectionProvider - [id: 0x19da195d, L:/127.0.0.1:51701 - R:localhost/127.0.0.1:8083] Channel acquired, now 46 active connections and 255 inactive connections
15:53:20.794 [pool-17-thread-51] DEBUG org.springframework.web.reactive.function.client.ExchangeFunctions - [3aa93ff3] HTTP GET http://localhost:8083/userLocation?userId=a9736409-75d6-4a36-ba15-d981150145de
15:53:20.794 [reactor-http-nio-48] DEBUG reactor.netty.http.client.HttpClientConnect - [id: 0x19da195d, L:/127.0.0.1:51701 - R:localhost/127.0.0.1:8083] Handler is being applied: {uri=http://localhost:8083/userLocation?userId=29352cde-6dbb-4ba1-996b-36384272bea0, method=GET}
15:53:20.794 [pool-17-thread-50] DEBUG org.springframework.web.reactive.function.client.ExchangeFunctions - [e3c30ea] HTTP GET http://localhost:8083/userLocation?userId=8eb84bf2-1081-47d7-8456-6ca075e0f6e1
15:53:20.794 [reactor-http-nio-48] DEBUG reactor.netty.resources.PooledConnectionProvider - [id: 0x19da195d, L:/127.0.0.1:51701 - R:localhost/127.0.0.1:8083] onStateChange(GET{uri=/userLocation?userId=29352cde-6dbb-4ba1-996b-36384272bea0, connection=PooledConnection{channel=[id: 0x19da195d, L:/127.0.0.1:51701 - R:localhost/127.0.0.1:8083]}}, [request_sent])
15:53:20.795 [pool-17-thread-52] DEBUG org.springframework.web.reactive.function.client.ExchangeFunctions - [7963ac40] HTTP GET http://localhost:8083/userLocation?userId=e46039f2-035d-4947-add7-e7648ed86ec2
15:53:20.795 [reactor-http-nio-47] DEBUG reactor.netty.resources.PooledConnectionProvider - [id: 0x85b1ff76, L:/127.0.0.1:51685 - R:localhost/127.0.0.1:8083] Channel acquired, now 47 active connections and 254 inactive connections
15:53:20.795 [reactor-http-nio-47] DEBUG reactor.netty.http.client.HttpClientConnect - [id: 0x85b1ff76, L:/127.0.0.1:51685 - R:localhost/127.0.0.1:8083] Handler is being applied: {uri=http://localhost:8083/userLocation?userId=8eb84bf2-1081-47d7-8456-6ca075e0f6e1, method=GET}
15:53:20.795 [reactor-http-nio-48] DEBUG reactor.netty.resources.PooledConnectionProvider - [id: 0x4146066f, L:/127.0.0.1:51904 - R:localhost/127.0.0.1:8083] Channel acquired, now 48 active connections and 253 inactive connections
15:53:20.795 [reactor-http-nio-47] DEBUG reactor.netty.resources.PooledConnectionProvider - [id: 0x85b1ff76, L:/127.0.0.1:51685 - R:localhost/127.0.0.1:8083] onStateChange(GET{uri=/userLocation?userId=8eb84bf2-1081-47d7-8456-6ca075e0f6e1, connection=PooledConnection{channel=[id: 0x85b1ff76, L:/127.0.0.1:51685 - R:localhost/127.0.0.1:8083]}}, [request_sent])
15:53:20.795 [reactor-http-nio-48] DEBUG reactor.netty.http.client.HttpClientConnect - [id: 0x4146066f, L:/127.0.0.1:51904 - R:localhost/127.0.0.1:8083] Handler is being applied: {uri=http://localhost:8083/userLocation?userId=bf8d1421-da87-4e90-b5fc-f0c101a9aa12, method=GET}
15:53:20.796 [reactor-http-nio-48] DEBUG reactor.netty.resources.PooledConnectionProvider - [id: 0x4146066f, L:/127.0.0.1:51904 - R:localhost/127.0.0.1:8083] onStateChange(GET{uri=/userLocation?userId=bf8d1421-da87-4e90-b5fc-f0c101a9aa12, connection=PooledConnection{channel=[id: 0x4146066f, L:/127.0.0.1:51904 - R:localhost/127.0.0.1:8083]}}, [request_sent])
15:53:20.797 [reactor-http-nio-41] DEBUG reactor.netty.resources.PooledConnectionProvider - [id: 0x04d95a3a, L:/127.0.0.1:51789 - R:localhost/127.0.0.1:8083] Channel acquired, now 49 active connections and 252 inactive connections
15:53:20.797 [reactor-http-nio-41] DEBUG reactor.netty.http.client.HttpClientConnect - [id: 0x04d95a3a, L:/127.0.0.1:51789 - R:localhost/127.0.0.1:8083] Handler is being applied: {uri=http://localhost:8083/userLocation?userId=a9736409-75d6-4a36-ba15-d981150145de, method=GET}
15:53:20.797 [pool-17-thread-54] DEBUG org.springframework.web.reactive.function.client.ExchangeFunctions - [41ca5ae6] HTTP GET http://localhost:8083/userLocation?userId=7dfa79dd-99a0-418d-a990-0c6b0ec61efa
15:53:20.797 [reactor-http-nio-41] DEBUG reactor.netty.resources.PooledConnectionProvider - [id: 0x04d95a3a, L:/127.0.0.1:51789 - R:localhost/127.0.0.1:8083] onStateChange(GET{uri=/userLocation?userId=a9736409-75d6-4a36-ba15-d981150145de, connection=PooledConnection{channel=[id: 0x04d95a3a, L:/127.0.0.1:51789 - R:localhost/127.0.0.1:8083]}}, [request_sent])
15:53:20.797 [reactor-http-nio-41] DEBUG reactor.netty.resources.PooledConnectionProvider - [id: 0xb6e13b25, L:/127.0.0.1:51714 - R:localhost/127.0.0.1:8083] Channel acquired, now 50 active connections and 251 inactive connections
15:53:20.797 [reactor-http-nio-41] DEBUG reactor.netty.http.client.HttpClientConnect - [id: 0xb6e13b25, L:/127.0.0.1:51714 - R:localhost/127.0.0.1:8083] Handler is being applied: {uri=http://localhost:8083/userLocation?userId=e46039f2-035d-4947-add7-e7648ed86ec2, method=GET}
15:53:20.798 [reactor-http-nio-41] DEBUG reactor.netty.resources.PooledConnectionProvider - [id: 0xb6e13b25, L:/127.0.0.1:51714 - R:localhost/127.0.0.1:8083] onStateChange(GET{uri=/userLocation?userId=e46039f2-035d-4947-add7-e7648ed86ec2, connection=PooledConnection{channel=[id: 0xb6e13b25, L:/127.0.0.1:51714 - R:localhost/127.0.0.1:8083]}}, [request_sent])
15:53:20.805 [reactor-http-nio-47] DEBUG reactor.netty.resources.PooledConnectionProvider - [id: 0x015d237e, L:/127.0.0.1:51835 - R:localhost/127.0.0.1:8083] Channel acquired, now 51 active connections and 250 inactive connections
15:53:20.806 [pool-17-thread-53] DEBUG org.springframework.web.reactive.function.client.ExchangeFunctions - [5dee7952] HTTP GET http://localhost:8083/userLocation?userId=59467dcc-d174-42b5-9e28-349f40075956
15:53:20.806 [reactor-http-nio-47] DEBUG reactor.netty.http.client.HttpClientConnect - [id: 0x015d237e, L:/127.0.0.1:51835 - R:localhost/127.0.0.1:8083] Handler is being applied: {uri=http://localhost:8083/userLocation?userId=7dfa79dd-99a0-418d-a990-0c6b0ec61efa, method=GET}
15:53:20.806 [reactor-http-nio-47] DEBUG reactor.netty.resources.PooledConnectionProvider - [id: 0x015d237e, L:/127.0.0.1:51835 - R:localhost/127.0.0.1:8083] onStateChange(GET{uri=/userLocation?userId=7dfa79dd-99a0-418d-a990-0c6b0ec61efa, connection=PooledConnection{channel=[id: 0x015d237e, L:/127.0.0.1:51835 - R:localhost/127.0.0.1:8083]}}, [request_sent])
15:53:20.810 [reactor-http-nio-41] DEBUG reactor.netty.resources.PooledConnectionProvider - [id: 0x6edbd1c1, L:/127.0.0.1:51716 - R:localhost/127.0.0.1:8083] Channel acquired, now 52 active connections and 249 inactive connections
15:53:20.810 [pool-17-thread-55] DEBUG org.springframework.web.reactive.function.client.ExchangeFunctions - [2e21293f] HTTP GET http://localhost:8083/userLocation?userId=9b4e4dd5-0c04-4ecf-864c-671344456542
15:53:20.810 [reactor-http-nio-41] DEBUG reactor.netty.http.client.HttpClientConnect - [id: 0x6edbd1c1, L:/127.0.0.1:51716 - R:localhost/127.0.0.1:8083] Handler is being applied: {uri=http://localhost:8083/userLocation?userId=59467dcc-d174-42b5-9e28-349f40075956, method=GET}
15:53:20.810 [reactor-http-nio-41] DEBUG reactor.netty.resources.PooledConnectionProvider - [id: 0x6edbd1c1, L:/127.0.0.1:51716 - R:localhost/127.0.0.1:8083] onStateChange(GET{uri=/userLocation?userId=59467dcc-d174-42b5-9e28-349f40075956, connection=PooledConnection{channel=[id: 0x6edbd1c1, L:/127.0.0.1:51716 - R:localhost/127.0.0.1:8083]}}, [request_sent])
15:53:20.811 [pool-17-thread-56] DEBUG org.springframework.web.reactive.function.client.ExchangeFunctions - [667be72a] HTTP GET http://localhost:8083/userLocation?userId=e11e6594-12e3-4def-a549-1df804787bbc
15:53:20.811 [reactor-http-nio-47] DEBUG reactor.netty.resources.PooledConnectionProvider - [id: 0xd7682ef3, L:/127.0.0.1:51841 - R:localhost/127.0.0.1:8083] Channel acquired, now 53 active connections and 248 inactive connections
15:53:20.811 [reactor-http-nio-47] DEBUG reactor.netty.http.client.HttpClientConnect - [id: 0xd7682ef3, L:/127.0.0.1:51841 - R:localhost/127.0.0.1:8083] Handler is being applied: {uri=http://localhost:8083/userLocation?userId=9b4e4dd5-0c04-4ecf-864c-671344456542, method=GET}
15:53:20.811 [reactor-http-nio-47] DEBUG reactor.netty.resources.PooledConnectionProvider - [id: 0xd7682ef3, L:/127.0.0.1:51841 - R:localhost/127.0.0.1:8083] onStateChange(GET{uri=/userLocation?userId=9b4e4dd5-0c04-4ecf-864c-671344456542, connection=PooledConnection{channel=[id: 0xd7682ef3, L:/127.0.0.1:51841 - R:localhost/127.0.0.1:8083]}}, [request_sent])
15:53:20.812 [pool-17-thread-57] DEBUG org.springframework.web.reactive.function.client.ExchangeFunctions - [77166f39] HTTP GET http://localhost:8083/userLocation?userId=81c193fe-fbe5-4fa7-91c6-0cc92b70f2f6
15:53:20.813 [pool-17-thread-59] DEBUG org.springframework.web.reactive.function.client.ExchangeFunctions - [45db5e6d] HTTP GET http://localhost:8083/userLocation?userId=f4728d2f-64e6-4255-9785-aad3a2e5f509
15:53:20.813 [reactor-http-nio-41] DEBUG reactor.netty.resources.PooledConnectionProvider - [id: 0xe848c2c1, L:/127.0.0.1:51736 - R:localhost/127.0.0.1:8083] Channel acquired, now 54 active connections and 247 inactive connections
15:53:20.813 [reactor-http-nio-41] DEBUG reactor.netty.http.client.HttpClientConnect - [id: 0xe848c2c1, L:/127.0.0.1:51736 - R:localhost/127.0.0.1:8083] Handler is being applied: {uri=http://localhost:8083/userLocation?userId=81c193fe-fbe5-4fa7-91c6-0cc92b70f2f6, method=GET}
15:53:20.814 [pool-17-thread-58] DEBUG org.springframework.web.reactive.function.client.ExchangeFunctions - [7254ddcc] HTTP GET http://localhost:8083/userLocation?userId=d5210bc5-fabf-4e94-92a6-f2caceaa6efd
15:53:20.814 [reactor-http-nio-41] DEBUG reactor.netty.resources.PooledConnectionProvider - [id: 0xe848c2c1, L:/127.0.0.1:51736 - R:localhost/127.0.0.1:8083] onStateChange(GET{uri=/userLocation?userId=81c193fe-fbe5-4fa7-91c6-0cc92b70f2f6, connection=PooledConnection{channel=[id: 0xe848c2c1, L:/127.0.0.1:51736 - R:localhost/127.0.0.1:8083]}}, [request_sent])
15:53:20.814 [reactor-http-nio-41] DEBUG reactor.netty.resources.PooledConnectionProvider - [id: 0xc5bdf2c5, L:/127.0.0.1:51719 - R:localhost/127.0.0.1:8083] Channel acquired, now 55 active connections and 246 inactive connections
15:53:20.814 [reactor-http-nio-41] DEBUG reactor.netty.http.client.HttpClientConnect - [id: 0xc5bdf2c5, L:/127.0.0.1:51719 - R:localhost/127.0.0.1:8083] Handler is being applied: {uri=http://localhost:8083/userLocation?userId=e11e6594-12e3-4def-a549-1df804787bbc, method=GET}
15:53:20.815 [reactor-http-nio-41] DEBUG reactor.netty.resources.PooledConnectionProvider - [id: 0xc5bdf2c5, L:/127.0.0.1:51719 - R:localhost/127.0.0.1:8083] onStateChange(GET{uri=/userLocation?userId=e11e6594-12e3-4def-a549-1df804787bbc, connection=PooledConnection{channel=[id: 0xc5bdf2c5, L:/127.0.0.1:51719 - R:localhost/127.0.0.1:8083]}}, [request_sent])
15:53:20.816 [reactor-http-nio-46] DEBUG reactor.netty.resources.PooledConnectionProvider - [id: 0x4be48215, L:/127.0.0.1:51749 - R:localhost/127.0.0.1:8083] Channel acquired, now 56 active connections and 245 inactive connections
15:53:20.816 [reactor-http-nio-46] DEBUG reactor.netty.http.client.HttpClientConnect - [id: 0x4be48215, L:/127.0.0.1:51749 - R:localhost/127.0.0.1:8083] Handler is being applied: {uri=http://localhost:8083/userLocation?userId=f4728d2f-64e6-4255-9785-aad3a2e5f509, method=GET}
15:53:20.817 [reactor-http-nio-41] DEBUG reactor.netty.resources.PooledConnectionProvider - [id: 0x1133f190, L:/127.0.0.1:51897 - R:localhost/127.0.0.1:8083] Channel acquired, now 57 active connections and 244 inactive connections
15:53:20.817 [reactor-http-nio-41] DEBUG reactor.netty.http.client.HttpClientConnect - [id: 0x1133f190, L:/127.0.0.1:51897 - R:localhost/127.0.0.1:8083] Handler is being applied: {uri=http://localhost:8083/userLocation?userId=d5210bc5-fabf-4e94-92a6-f2caceaa6efd, method=GET}
15:53:20.817 [reactor-http-nio-46] DEBUG reactor.netty.resources.PooledConnectionProvider - [id: 0x4be48215, L:/127.0.0.1:51749 - R:localhost/127.0.0.1:8083] onStateChange(GET{uri=/userLocation?userId=f4728d2f-64e6-4255-9785-aad3a2e5f509, connection=PooledConnection{channel=[id: 0x4be48215, L:/127.0.0.1:51749 - R:localhost/127.0.0.1:8083]}}, [request_sent])
15:53:20.818 [reactor-http-nio-41] DEBUG reactor.netty.resources.PooledConnectionProvider - [id: 0x1133f190, L:/127.0.0.1:51897 - R:localhost/127.0.0.1:8083] onStateChange(GET{uri=/userLocation?userId=d5210bc5-fabf-4e94-92a6-f2caceaa6efd, connection=PooledConnection{channel=[id: 0x1133f190, L:/127.0.0.1:51897 - R:localhost/127.0.0.1:8083]}}, [request_sent])
15:53:20.818 [pool-17-thread-60] DEBUG org.springframework.web.reactive.function.client.ExchangeFunctions - [48b33dab] HTTP GET http://localhost:8083/userLocation?userId=9791aa70-e5fa-48ac-b2a9-2c744fe07340
15:53:20.818 [pool-17-thread-61] DEBUG org.springframework.web.reactive.function.client.ExchangeFunctions - [70b80068] HTTP GET http://localhost:8083/userLocation?userId=f9177453-9d4c-4e54-88ab-13b2c12287ff
15:53:20.821 [reactor-http-nio-47] DEBUG reactor.netty.resources.PooledConnectionProvider - [id: 0x94ed7f01, L:/127.0.0.1:51699 - R:localhost/127.0.0.1:8083] Channel acquired, now 58 active connections and 243 inactive connections
15:53:20.821 [reactor-http-nio-47] DEBUG reactor.netty.http.client.HttpClientConnect - [id: 0x94ed7f01, L:/127.0.0.1:51699 - R:localhost/127.0.0.1:8083] Handler is being applied: {uri=http://localhost:8083/userLocation?userId=f9177453-9d4c-4e54-88ab-13b2c12287ff, method=GET}
15:53:20.822 [reactor-http-nio-47] DEBUG reactor.netty.resources.PooledConnectionProvider - [id: 0x94ed7f01, L:/127.0.0.1:51699 - R:localhost/127.0.0.1:8083] onStateChange(GET{uri=/userLocation?userId=f9177453-9d4c-4e54-88ab-13b2c12287ff, connection=PooledConnection{channel=[id: 0x94ed7f01, L:/127.0.0.1:51699 - R:localhost/127.0.0.1:8083]}}, [request_sent])
15:53:20.822 [pool-17-thread-62] DEBUG org.springframework.web.reactive.function.client.ExchangeFunctions - [2266a63a] HTTP GET http://localhost:8083/userLocation?userId=e04e5aeb-ccc6-4d35-8a49-8d67eced0466
15:53:20.823 [pool-17-thread-63] DEBUG org.springframework.web.reactive.function.client.ExchangeFunctions - [ac38ae7] HTTP GET http://localhost:8083/userLocation?userId=58f357dc-3500-4cce-afe5-b95b2a9a4e9f
15:53:20.823 [reactor-http-nio-46] DEBUG reactor.netty.resources.PooledConnectionProvider - [id: 0x2579fbf5, L:/127.0.0.1:51828 - R:localhost/127.0.0.1:8083] Channel acquired, now 59 active connections and 242 inactive connections
15:53:20.823 [reactor-http-nio-46] DEBUG reactor.netty.http.client.HttpClientConnect - [id: 0x2579fbf5, L:/127.0.0.1:51828 - R:localhost/127.0.0.1:8083] Handler is being applied: {uri=http://localhost:8083/userLocation?userId=9791aa70-e5fa-48ac-b2a9-2c744fe07340, method=GET}
15:53:20.823 [pool-17-thread-64] DEBUG org.springframework.web.reactive.function.client.ExchangeFunctions - [1763037] HTTP GET http://localhost:8083/userLocation?userId=ffe885b5-6097-4cf7-9694-342b10c95b95
15:53:20.823 [reactor-http-nio-46] DEBUG reactor.netty.resources.PooledConnectionProvider - [id: 0x2579fbf5, L:/127.0.0.1:51828 - R:localhost/127.0.0.1:8083] onStateChange(GET{uri=/userLocation?userId=9791aa70-e5fa-48ac-b2a9-2c744fe07340, connection=PooledConnection{channel=[id: 0x2579fbf5, L:/127.0.0.1:51828 - R:localhost/127.0.0.1:8083]}}, [request_sent])
15:53:20.825 [pool-17-thread-65] DEBUG org.springframework.web.reactive.function.client.ExchangeFunctions - [67cc38b7] HTTP GET http://localhost:8083/userLocation?userId=0e963705-2cab-425e-a3fe-27e85fd19b4d
15:53:20.826 [reactor-http-nio-48] DEBUG reactor.netty.resources.PooledConnectionProvider - [id: 0x6adf9794, L:/127.0.0.1:51702 - R:localhost/127.0.0.1:8083] Channel acquired, now 60 active connections and 241 inactive connections
15:53:20.826 [reactor-http-nio-48] DEBUG reactor.netty.http.client.HttpClientConnect - [id: 0x6adf9794, L:/127.0.0.1:51702 - R:localhost/127.0.0.1:8083] Handler is being applied: {uri=http://localhost:8083/userLocation?userId=58f357dc-3500-4cce-afe5-b95b2a9a4e9f, method=GET}
15:53:20.826 [reactor-http-nio-48] DEBUG reactor.netty.resources.PooledConnectionProvider - [id: 0x6adf9794, L:/127.0.0.1:51702 - R:localhost/127.0.0.1:8083] onStateChange(GET{uri=/userLocation?userId=58f357dc-3500-4cce-afe5-b95b2a9a4e9f, connection=PooledConnection{channel=[id: 0x6adf9794, L:/127.0.0.1:51702 - R:localhost/127.0.0.1:8083]}}, [request_sent])
15:53:20.826 [reactor-http-nio-41] DEBUG reactor.netty.resources.PooledConnectionProvider - [id: 0x91ccb779, L:/127.0.0.1:51713 - R:localhost/127.0.0.1:8083] Channel acquired, now 61 active connections and 240 inactive connections
15:53:20.826 [reactor-http-nio-41] DEBUG reactor.netty.http.client.HttpClientConnect - [id: 0x91ccb779, L:/127.0.0.1:51713 - R:localhost/127.0.0.1:8083] Handler is being applied: {uri=http://localhost:8083/userLocation?userId=e04e5aeb-ccc6-4d35-8a49-8d67eced0466, method=GET}
15:53:20.826 [pool-17-thread-67] DEBUG org.springframework.web.reactive.function.client.ExchangeFunctions - [5f42167e] HTTP GET http://localhost:8083/userLocation?userId=f04aa68b-5c93-4a2b-bdcd-02ac6aefed07
15:53:20.827 [reactor-http-nio-41] DEBUG reactor.netty.resources.PooledConnectionProvider - [id: 0x91ccb779, L:/127.0.0.1:51713 - R:localhost/127.0.0.1:8083] onStateChange(GET{uri=/userLocation?userId=e04e5aeb-ccc6-4d35-8a49-8d67eced0466, connection=PooledConnection{channel=[id: 0x91ccb779, L:/127.0.0.1:51713 - R:localhost/127.0.0.1:8083]}}, [request_sent])
15:53:20.827 [pool-17-thread-66] DEBUG org.springframework.web.reactive.function.client.ExchangeFunctions - [5add2ed3] HTTP GET http://localhost:8083/userLocation?userId=5a86353c-3593-43ad-a277-c6aeec79593f
15:53:20.827 [pool-17-thread-68] DEBUG org.springframework.web.reactive.function.client.ExchangeFunctions - [2997e47f] HTTP GET http://localhost:8083/userLocation?userId=4a900d14-ffa5-49b9-a4fb-4f92552d95be
15:53:20.828 [reactor-http-nio-41] DEBUG reactor.netty.resources.PooledConnectionProvider - [id: 0xc0a2c902, L:/127.0.0.1:51919 - R:localhost/127.0.0.1:8083] Channel acquired, now 62 active connections and 239 inactive connections
15:53:20.828 [reactor-http-nio-41] DEBUG reactor.netty.http.client.HttpClientConnect - [id: 0xc0a2c902, L:/127.0.0.1:51919 - R:localhost/127.0.0.1:8083] Handler is being applied: {uri=http://localhost:8083/userLocation?userId=ffe885b5-6097-4cf7-9694-342b10c95b95, method=GET}
15:53:20.828 [reactor-http-nio-41] DEBUG reactor.netty.resources.PooledConnectionProvider - [id: 0xc0a2c902, L:/127.0.0.1:51919 - R:localhost/127.0.0.1:8083] onStateChange(GET{uri=/userLocation?userId=ffe885b5-6097-4cf7-9694-342b10c95b95, connection=PooledConnection{channel=[id: 0xc0a2c902, L:/127.0.0.1:51919 - R:localhost/127.0.0.1:8083]}}, [request_sent])
15:53:20.829 [pool-17-thread-69] DEBUG org.springframework.web.reactive.function.client.ExchangeFunctions - [403329df] HTTP GET http://localhost:8083/userLocation?userId=36fa45dc-bc0a-4434-874f-013795b23034
15:53:20.829 [reactor-http-nio-48] DEBUG reactor.netty.resources.PooledConnectionProvider - [id: 0x19945800, L:/127.0.0.1:51703 - R:localhost/127.0.0.1:8083] Channel acquired, now 63 active connections and 238 inactive connections
15:53:20.829 [reactor-http-nio-48] DEBUG reactor.netty.http.client.HttpClientConnect - [id: 0x19945800, L:/127.0.0.1:51703 - R:localhost/127.0.0.1:8083] Handler is being applied: {uri=http://localhost:8083/userLocation?userId=0e963705-2cab-425e-a3fe-27e85fd19b4d, method=GET}
15:53:20.829 [reactor-http-nio-48] DEBUG reactor.netty.resources.PooledConnectionProvider - [id: 0x19945800, L:/127.0.0.1:51703 - R:localhost/127.0.0.1:8083] onStateChange(GET{uri=/userLocation?userId=0e963705-2cab-425e-a3fe-27e85fd19b4d, connection=PooledConnection{channel=[id: 0x19945800, L:/127.0.0.1:51703 - R:localhost/127.0.0.1:8083]}}, [request_sent])
15:53:20.829 [reactor-http-nio-41] DEBUG reactor.netty.resources.PooledConnectionProvider - [id: 0xd240e1c5, L:/127.0.0.1:51773 - R:localhost/127.0.0.1:8083] Channel acquired, now 64 active connections and 237 inactive connections
15:53:20.830 [reactor-http-nio-41] DEBUG reactor.netty.http.client.HttpClientConnect - [id: 0xd240e1c5, L:/127.0.0.1:51773 - R:localhost/127.0.0.1:8083] Handler is being applied: {uri=http://localhost:8083/userLocation?userId=f04aa68b-5c93-4a2b-bdcd-02ac6aefed07, method=GET}
15:53:20.830 [reactor-http-nio-46] DEBUG reactor.netty.resources.PooledConnectionProvider - [id: 0xe441070c, L:/127.0.0.1:51808 - R:localhost/127.0.0.1:8083] Channel acquired, now 65 active connections and 236 inactive connections
15:53:20.830 [reactor-http-nio-46] DEBUG reactor.netty.http.client.HttpClientConnect - [id: 0xe441070c, L:/127.0.0.1:51808 - R:localhost/127.0.0.1:8083] Handler is being applied: {uri=http://localhost:8083/userLocation?userId=5a86353c-3593-43ad-a277-c6aeec79593f, method=GET}
15:53:20.830 [pool-17-thread-70] DEBUG org.springframework.web.reactive.function.client.ExchangeFunctions - [2d9f4c6a] HTTP GET http://localhost:8083/userLocation?userId=db7a32da-c832-4931-a9f7-f3202ed24972
15:53:20.830 [reactor-http-nio-41] DEBUG reactor.netty.resources.PooledConnectionProvider - [id: 0xd240e1c5, L:/127.0.0.1:51773 - R:localhost/127.0.0.1:8083] onStateChange(GET{uri=/userLocation?userId=f04aa68b-5c93-4a2b-bdcd-02ac6aefed07, connection=PooledConnection{channel=[id: 0xd240e1c5, L:/127.0.0.1:51773 - R:localhost/127.0.0.1:8083]}}, [request_sent])
15:53:20.830 [reactor-http-nio-41] DEBUG reactor.netty.resources.PooledConnectionProvider - [id: 0x1649a857, L:/127.0.0.1:51794 - R:localhost/127.0.0.1:8083] Channel acquired, now 66 active connections and 235 inactive connections
15:53:20.830 [reactor-http-nio-41] DEBUG reactor.netty.http.client.HttpClientConnect - [id: 0x1649a857, L:/127.0.0.1:51794 - R:localhost/127.0.0.1:8083] Handler is being applied: {uri=http://localhost:8083/userLocation?userId=4a900d14-ffa5-49b9-a4fb-4f92552d95be, method=GET}
15:53:20.830 [reactor-http-nio-46] DEBUG reactor.netty.resources.PooledConnectionProvider - [id: 0xe441070c, L:/127.0.0.1:51808 - R:localhost/127.0.0.1:8083] onStateChange(GET{uri=/userLocation?userId=5a86353c-3593-43ad-a277-c6aeec79593f, connection=PooledConnection{channel=[id: 0xe441070c, L:/127.0.0.1:51808 - R:localhost/127.0.0.1:8083]}}, [request_sent])
15:53:20.831 [reactor-http-nio-41] DEBUG reactor.netty.resources.PooledConnectionProvider - [id: 0x1649a857, L:/127.0.0.1:51794 - R:localhost/127.0.0.1:8083] onStateChange(GET{uri=/userLocation?userId=4a900d14-ffa5-49b9-a4fb-4f92552d95be, connection=PooledConnection{channel=[id: 0x1649a857, L:/127.0.0.1:51794 - R:localhost/127.0.0.1:8083]}}, [request_sent])
15:53:20.831 [pool-17-thread-71] DEBUG org.springframework.web.reactive.function.client.ExchangeFunctions - [79789f75] HTTP GET http://localhost:8083/userLocation?userId=4d3fd80d-2499-499c-b689-6bfd0a9c8355
15:53:20.832 [pool-17-thread-74] DEBUG org.springframework.web.reactive.function.client.ExchangeFunctions - [5025ac1c] HTTP GET http://localhost:8083/userLocation?userId=a0b33abe-49df-4d63-8499-0b5a2b94c1a2
15:53:20.832 [reactor-http-nio-46] DEBUG reactor.netty.resources.PooledConnectionProvider - [id: 0x235f3a5b, L:/127.0.0.1:51771 - R:localhost/127.0.0.1:8083] Channel acquired, now 67 active connections and 234 inactive connections
15:53:20.832 [reactor-http-nio-46] DEBUG reactor.netty.http.client.HttpClientConnect - [id: 0x235f3a5b, L:/127.0.0.1:51771 - R:localhost/127.0.0.1:8083] Handler is being applied: {uri=http://localhost:8083/userLocation?userId=36fa45dc-bc0a-4434-874f-013795b23034, method=GET}
15:53:20.833 [reactor-http-nio-41] DEBUG reactor.netty.resources.PooledConnectionProvider - [id: 0x7ed84751, L:/127.0.0.1:51753 - R:localhost/127.0.0.1:8083] Channel acquired, now 68 active connections and 233 inactive connections
15:53:20.833 [reactor-http-nio-41] DEBUG reactor.netty.http.client.HttpClientConnect - [id: 0x7ed84751, L:/127.0.0.1:51753 - R:localhost/127.0.0.1:8083] Handler is being applied: {uri=http://localhost:8083/userLocation?userId=db7a32da-c832-4931-a9f7-f3202ed24972, method=GET}
15:53:20.833 [pool-17-thread-76] DEBUG org.springframework.web.reactive.function.client.ExchangeFunctions - [48ff40cb] HTTP GET http://localhost:8083/userLocation?userId=cd67e5dd-e55b-43c1-aac2-0856ffd1ae1f
15:53:20.833 [reactor-http-nio-46] DEBUG reactor.netty.resources.PooledConnectionProvider - [id: 0x235f3a5b, L:/127.0.0.1:51771 - R:localhost/127.0.0.1:8083] onStateChange(GET{uri=/userLocation?userId=36fa45dc-bc0a-4434-874f-013795b23034, connection=PooledConnection{channel=[id: 0x235f3a5b, L:/127.0.0.1:51771 - R:localhost/127.0.0.1:8083]}}, [request_sent])
15:53:20.834 [reactor-http-nio-41] DEBUG reactor.netty.resources.PooledConnectionProvider - [id: 0x7ed84751, L:/127.0.0.1:51753 - R:localhost/127.0.0.1:8083] onStateChange(GET{uri=/userLocation?userId=db7a32da-c832-4931-a9f7-f3202ed24972, connection=PooledConnection{channel=[id: 0x7ed84751, L:/127.0.0.1:51753 - R:localhost/127.0.0.1:8083]}}, [request_sent])
15:53:20.836 [pool-17-thread-75] DEBUG org.springframework.web.reactive.function.client.ExchangeFunctions - [58fd578b] HTTP GET http://localhost:8083/userLocation?userId=078299a1-a357-413a-b7bb-dbe02dccb139
15:53:20.837 [pool-17-thread-77] DEBUG org.springframework.web.reactive.function.client.ExchangeFunctions - [72450275] HTTP GET http://localhost:8083/userLocation?userId=df6cf4c1-9e4c-4627-b7dd-f6d63ac46a9b
15:53:20.837 [pool-17-thread-79] DEBUG org.springframework.web.reactive.function.client.ExchangeFunctions - [4f6223ae] HTTP GET http://localhost:8083/userLocation?userId=a2a47689-be1f-41a5-a48b-e3229fa0ee5c
15:53:20.837 [reactor-http-nio-46] DEBUG reactor.netty.resources.PooledConnectionProvider - [id: 0x13239c6a, L:/127.0.0.1:51810 - R:localhost/127.0.0.1:8083] Channel acquired, now 69 active connections and 232 inactive connections
15:53:20.838 [reactor-http-nio-46] DEBUG reactor.netty.http.client.HttpClientConnect - [id: 0x13239c6a, L:/127.0.0.1:51810 - R:localhost/127.0.0.1:8083] Handler is being applied: {uri=http://localhost:8083/userLocation?userId=4d3fd80d-2499-499c-b689-6bfd0a9c8355, method=GET}
15:53:20.838 [reactor-http-nio-46] DEBUG reactor.netty.resources.PooledConnectionProvider - [id: 0x13239c6a, L:/127.0.0.1:51810 - R:localhost/127.0.0.1:8083] onStateChange(GET{uri=/userLocation?userId=4d3fd80d-2499-499c-b689-6bfd0a9c8355, connection=PooledConnection{channel=[id: 0x13239c6a, L:/127.0.0.1:51810 - R:localhost/127.0.0.1:8083]}}, [request_sent])
15:53:20.838 [reactor-http-nio-46] DEBUG reactor.netty.resources.PooledConnectionProvider - [id: 0x901633c4, L:/127.0.0.1:51815 - R:localhost/127.0.0.1:8083] Channel acquired, now 70 active connections and 231 inactive connections
15:53:20.838 [reactor-http-nio-46] DEBUG reactor.netty.http.client.HttpClientConnect - [id: 0x901633c4, L:/127.0.0.1:51815 - R:localhost/127.0.0.1:8083] Handler is being applied: {uri=http://localhost:8083/userLocation?userId=cd67e5dd-e55b-43c1-aac2-0856ffd1ae1f, method=GET}
15:53:20.839 [reactor-http-nio-46] DEBUG reactor.netty.resources.PooledConnectionProvider - [id: 0x901633c4, L:/127.0.0.1:51815 - R:localhost/127.0.0.1:8083] onStateChange(GET{uri=/userLocation?userId=cd67e5dd-e55b-43c1-aac2-0856ffd1ae1f, connection=PooledConnection{channel=[id: 0x901633c4, L:/127.0.0.1:51815 - R:localhost/127.0.0.1:8083]}}, [request_sent])
15:53:20.839 [reactor-http-nio-46] DEBUG reactor.netty.resources.PooledConnectionProvider - [id: 0x61ea6475, L:/127.0.0.1:51957 - R:localhost/127.0.0.1:8083] Channel acquired, now 71 active connections and 230 inactive connections
15:53:20.839 [reactor-http-nio-46] DEBUG reactor.netty.http.client.HttpClientConnect - [id: 0x61ea6475, L:/127.0.0.1:51957 - R:localhost/127.0.0.1:8083] Handler is being applied: {uri=http://localhost:8083/userLocation?userId=a0b33abe-49df-4d63-8499-0b5a2b94c1a2, method=GET}
15:53:20.839 [reactor-http-nio-46] DEBUG reactor.netty.resources.PooledConnectionProvider - [id: 0x61ea6475, L:/127.0.0.1:51957 - R:localhost/127.0.0.1:8083] onStateChange(GET{uri=/userLocation?userId=a0b33abe-49df-4d63-8499-0b5a2b94c1a2, connection=PooledConnection{channel=[id: 0x61ea6475, L:/127.0.0.1:51957 - R:localhost/127.0.0.1:8083]}}, [request_sent])
15:53:20.840 [pool-17-thread-80] DEBUG org.springframework.web.reactive.function.client.ExchangeFunctions - [50bf8500] HTTP GET http://localhost:8083/userLocation?userId=bdda5954-9b53-4939-91cd-c72fd50329f1
15:53:20.841 [pool-17-thread-78] DEBUG org.springframework.web.reactive.function.client.ExchangeFunctions - [a201253] HTTP GET http://localhost:8083/userLocation?userId=4e3c3db4-9baa-4fa8-91e0-fd2f6c262e38
15:53:20.841 [reactor-http-nio-41] DEBUG reactor.netty.resources.PooledConnectionProvider - [id: 0x48fc4dd2, L:/127.0.0.1:51755 - R:localhost/127.0.0.1:8083] Channel acquired, now 72 active connections and 229 inactive connections
15:53:20.841 [reactor-http-nio-41] DEBUG reactor.netty.http.client.HttpClientConnect - [id: 0x48fc4dd2, L:/127.0.0.1:51755 - R:localhost/127.0.0.1:8083] Handler is being applied: {uri=http://localhost:8083/userLocation?userId=bdda5954-9b53-4939-91cd-c72fd50329f1, method=GET}
15:53:20.842 [reactor-http-nio-46] DEBUG reactor.netty.resources.PooledConnectionProvider - [id: 0x786dbf94, L:/127.0.0.1:51803 - R:localhost/127.0.0.1:8083] Channel acquired, now 73 active connections and 228 inactive connections
15:53:20.842 [reactor-http-nio-46] DEBUG reactor.netty.http.client.HttpClientConnect - [id: 0x786dbf94, L:/127.0.0.1:51803 - R:localhost/127.0.0.1:8083] Handler is being applied: {uri=http://localhost:8083/userLocation?userId=df6cf4c1-9e4c-4627-b7dd-f6d63ac46a9b, method=GET}
15:53:20.842 [reactor-http-nio-46] DEBUG reactor.netty.resources.PooledConnectionProvider - [id: 0x786dbf94, L:/127.0.0.1:51803 - R:localhost/127.0.0.1:8083] onStateChange(GET{uri=/userLocation?userId=df6cf4c1-9e4c-4627-b7dd-f6d63ac46a9b, connection=PooledConnection{channel=[id: 0x786dbf94, L:/127.0.0.1:51803 - R:localhost/127.0.0.1:8083]}}, [request_sent])
15:53:20.842 [reactor-http-nio-46] DEBUG reactor.netty.resources.PooledConnectionProvider - [id: 0xefddac86, L:/127.0.0.1:51812 - R:localhost/127.0.0.1:8083] Channel acquired, now 74 active connections and 227 inactive connections
15:53:20.842 [reactor-http-nio-46] DEBUG reactor.netty.http.client.HttpClientConnect - [id: 0xefddac86, L:/127.0.0.1:51812 - R:localhost/127.0.0.1:8083] Handler is being applied: {uri=http://localhost:8083/userLocation?userId=a2a47689-be1f-41a5-a48b-e3229fa0ee5c, method=GET}
15:53:20.843 [pool-17-thread-81] DEBUG org.springframework.web.reactive.function.client.ExchangeFunctions - [41d861e2] HTTP GET http://localhost:8083/userLocation?userId=6b2b7682-004b-4605-a439-25efa908635f
15:53:20.843 [reactor-http-nio-46] DEBUG reactor.netty.resources.PooledConnectionProvider - [id: 0xefddac86, L:/127.0.0.1:51812 - R:localhost/127.0.0.1:8083] onStateChange(GET{uri=/userLocation?userId=a2a47689-be1f-41a5-a48b-e3229fa0ee5c, connection=PooledConnection{channel=[id: 0xefddac86, L:/127.0.0.1:51812 - R:localhost/127.0.0.1:8083]}}, [request_sent])
15:53:20.843 [pool-17-thread-85] DEBUG org.springframework.web.reactive.function.client.ExchangeFunctions - [4f4969dc] HTTP GET http://localhost:8083/userLocation?userId=b3e47689-6701-4676-a350-3f92ac16ffa1
15:53:20.843 [pool-17-thread-87] DEBUG org.springframework.web.reactive.function.client.ExchangeFunctions - [16b8ccbc] HTTP GET http://localhost:8083/userLocation?userId=c2037937-006d-4218-b50c-a708cacc2a78
15:53:20.844 [pool-17-thread-89] DEBUG org.springframework.web.reactive.function.client.ExchangeFunctions - [3650e712] HTTP GET http://localhost:8083/userLocation?userId=08e08bab-f1b7-46fc-bc66-7971be4c3f10
15:53:20.844 [pool-17-thread-90] DEBUG org.springframework.web.reactive.function.client.ExchangeFunctions - [638465ac] HTTP GET http://localhost:8083/userLocation?userId=0c00cf77-3c20-4056-bff8-17cce964db6a
15:53:20.847 [reactor-http-nio-48] DEBUG reactor.netty.resources.PooledConnectionProvider - [id: 0x2539c881, L:/127.0.0.1:51963 - R:localhost/127.0.0.1:8083] Channel acquired, now 75 active connections and 226 inactive connections
15:53:20.848 [reactor-http-nio-48] DEBUG reactor.netty.http.client.HttpClientConnect - [id: 0x2539c881, L:/127.0.0.1:51963 - R:localhost/127.0.0.1:8083] Handler is being applied: {uri=http://localhost:8083/userLocation?userId=b3e47689-6701-4676-a350-3f92ac16ffa1, method=GET}
15:53:20.848 [reactor-http-nio-48] DEBUG reactor.netty.resources.PooledConnectionProvider - [id: 0x2539c881, L:/127.0.0.1:51963 - R:localhost/127.0.0.1:8083] onStateChange(GET{uri=/userLocation?userId=b3e47689-6701-4676-a350-3f92ac16ffa1, connection=PooledConnection{channel=[id: 0x2539c881, L:/127.0.0.1:51963 - R:localhost/127.0.0.1:8083]}}, [request_sent])
15:53:20.848 [reactor-http-nio-47] DEBUG reactor.netty.resources.PooledConnectionProvider - [id: 0x6cb64786, L:/127.0.0.1:51839 - R:localhost/127.0.0.1:8083] Channel acquired, now 76 active connections and 225 inactive connections
15:53:20.848 [reactor-http-nio-47] DEBUG reactor.netty.http.client.HttpClientConnect - [id: 0x6cb64786, L:/127.0.0.1:51839 - R:localhost/127.0.0.1:8083] Handler is being applied: {uri=http://localhost:8083/userLocation?userId=08e08bab-f1b7-46fc-bc66-7971be4c3f10, method=GET}
15:53:20.849 [pool-17-thread-91] DEBUG org.springframework.web.reactive.function.client.ExchangeFunctions - [4db8e2f1] HTTP GET http://localhost:8083/userLocation?userId=34868ae4-05ca-471e-8c96-660de38db5d1
15:53:20.849 [reactor-http-nio-47] DEBUG reactor.netty.resources.PooledConnectionProvider - [id: 0x6cb64786, L:/127.0.0.1:51839 - R:localhost/127.0.0.1:8083] onStateChange(GET{uri=/userLocation?userId=08e08bab-f1b7-46fc-bc66-7971be4c3f10, connection=PooledConnection{channel=[id: 0x6cb64786, L:/127.0.0.1:51839 - R:localhost/127.0.0.1:8083]}}, [request_sent])
15:53:20.850 [reactor-http-nio-46] DEBUG reactor.netty.resources.PooledConnectionProvider - [id: 0xf75a1396, L:/127.0.0.1:51746 - R:localhost/127.0.0.1:8083] Channel acquired, now 77 active connections and 224 inactive connections
15:53:20.850 [reactor-http-nio-46] DEBUG reactor.netty.http.client.HttpClientConnect - [id: 0xf75a1396, L:/127.0.0.1:51746 - R:localhost/127.0.0.1:8083] Handler is being applied: {uri=http://localhost:8083/userLocation?userId=34868ae4-05ca-471e-8c96-660de38db5d1, method=GET}
15:53:20.850 [pool-17-thread-92] DEBUG org.springframework.web.reactive.function.client.ExchangeFunctions - [34218c96] HTTP GET http://localhost:8083/userLocation?userId=498c8b1e-e82e-4040-af5a-35df862d7b14
15:53:20.851 [reactor-http-nio-46] DEBUG reactor.netty.resources.PooledConnectionProvider - [id: 0xf75a1396, L:/127.0.0.1:51746 - R:localhost/127.0.0.1:8083] onStateChange(GET{uri=/userLocation?userId=34868ae4-05ca-471e-8c96-660de38db5d1, connection=PooledConnection{channel=[id: 0xf75a1396, L:/127.0.0.1:51746 - R:localhost/127.0.0.1:8083]}}, [request_sent])
15:53:20.851 [pool-17-thread-93] DEBUG org.springframework.web.reactive.function.client.ExchangeFunctions - [483c4bbd] HTTP GET http://localhost:8083/userLocation?userId=27d82a9d-130f-4bd7-b7f7-a22207d106d7
15:53:20.851 [pool-17-thread-94] DEBUG org.springframework.web.reactive.function.client.ExchangeFunctions - [304ff828] HTTP GET http://localhost:8083/userLocation?userId=e3458b85-4701-4529-8b17-d9be66044993
15:53:20.852 [pool-17-thread-95] DEBUG org.springframework.web.reactive.function.client.ExchangeFunctions - [1ae95276] HTTP GET http://localhost:8083/userLocation?userId=4cae9839-1921-46e2-97ea-0d7cd5e81262
15:53:20.853 [reactor-http-nio-46] DEBUG reactor.netty.resources.PooledConnectionProvider - [id: 0x66bc1825, L:/127.0.0.1:51780 - R:localhost/127.0.0.1:8083] Channel acquired, now 78 active connections and 223 inactive connections
15:53:20.853 [reactor-http-nio-46] DEBUG reactor.netty.http.client.HttpClientConnect - [id: 0x66bc1825, L:/127.0.0.1:51780 - R:localhost/127.0.0.1:8083] Handler is being applied: {uri=http://localhost:8083/userLocation?userId=27d82a9d-130f-4bd7-b7f7-a22207d106d7, method=GET}
15:53:20.854 [pool-17-thread-96] DEBUG org.springframework.web.reactive.function.client.ExchangeFunctions - [799ec8b1] HTTP GET http://localhost:8083/userLocation?userId=b8319709-0dfd-4a64-a3f1-c6b80c969f5a
15:53:20.854 [pool-17-thread-97] DEBUG org.springframework.web.reactive.function.client.ExchangeFunctions - [2986ce6f] HTTP GET http://localhost:8083/userLocation?userId=d9f1e1d9-8e8d-4a54-9be3-7cebc7819cc4
15:53:20.854 [reactor-http-nio-46] DEBUG reactor.netty.resources.PooledConnectionProvider - [id: 0x66bc1825, L:/127.0.0.1:51780 - R:localhost/127.0.0.1:8083] onStateChange(GET{uri=/userLocation?userId=27d82a9d-130f-4bd7-b7f7-a22207d106d7, connection=PooledConnection{channel=[id: 0x66bc1825, L:/127.0.0.1:51780 - R:localhost/127.0.0.1:8083]}}, [request_sent])
15:53:20.855 [pool-17-thread-99] DEBUG org.springframework.web.reactive.function.client.ExchangeFunctions - [1b628b38] HTTP GET http://localhost:8083/userLocation?userId=222dcba7-3596-42d0-8e52-46ec5a59eef0
15:53:20.855 [pool-17-thread-100] DEBUG org.springframework.web.reactive.function.client.ExchangeFunctions - [6e2b8af] HTTP GET http://localhost:8083/userLocation?userId=4941f3ce-6ad3-45b9-960e-0c5422f9f1da
15:53:20.855 [pool-17-thread-101] DEBUG org.springframework.web.reactive.function.client.ExchangeFunctions - [59750818] HTTP GET http://localhost:8083/userLocation?userId=61c00921-c458-4935-8f16-4b93564af1b2
15:53:20.856 [reactor-http-nio-46] DEBUG reactor.netty.resources.PooledConnectionProvider - [id: 0x57e92495, L:/127.0.0.1:51779 - R:localhost/127.0.0.1:8083] Channel acquired, now 79 active connections and 222 inactive connections
15:53:20.856 [reactor-http-nio-46] DEBUG reactor.netty.http.client.HttpClientConnect - [id: 0x57e92495, L:/127.0.0.1:51779 - R:localhost/127.0.0.1:8083] Handler is being applied: {uri=http://localhost:8083/userLocation?userId=4941f3ce-6ad3-45b9-960e-0c5422f9f1da, method=GET}
15:53:20.857 [reactor-http-nio-46] DEBUG reactor.netty.resources.PooledConnectionProvider - [id: 0x57e92495, L:/127.0.0.1:51779 - R:localhost/127.0.0.1:8083] onStateChange(GET{uri=/userLocation?userId=4941f3ce-6ad3-45b9-960e-0c5422f9f1da, connection=PooledConnection{channel=[id: 0x57e92495, L:/127.0.0.1:51779 - R:localhost/127.0.0.1:8083]}}, [request_sent])
15:53:20.857 [reactor-http-nio-48] DEBUG reactor.netty.resources.PooledConnectionProvider - [id: 0x2b8a27a7, L:/127.0.0.1:51916 - R:localhost/127.0.0.1:8083] Channel acquired, now 80 active connections and 221 inactive connections
15:53:20.857 [reactor-http-nio-48] DEBUG reactor.netty.http.client.HttpClientConnect - [id: 0x2b8a27a7, L:/127.0.0.1:51916 - R:localhost/127.0.0.1:8083] Handler is being applied: {uri=http://localhost:8083/userLocation?userId=b8319709-0dfd-4a64-a3f1-c6b80c969f5a, method=GET}
15:53:20.858 [reactor-http-nio-48] DEBUG reactor.netty.resources.PooledConnectionProvider - [id: 0x2b8a27a7, L:/127.0.0.1:51916 - R:localhost/127.0.0.1:8083] onStateChange(GET{uri=/userLocation?userId=b8319709-0dfd-4a64-a3f1-c6b80c969f5a, connection=PooledConnection{channel=[id: 0x2b8a27a7, L:/127.0.0.1:51916 - R:localhost/127.0.0.1:8083]}}, [request_sent])
15:53:20.859 [pool-17-thread-1] INFO tourGuide.service.TourGuideService - visitedLocatio tourGuide.gpsUtil.VisitedLocation@437c99b2
15:53:20.859 [pool-12-thread-1] INFO tourGuide.service.TourGuideService - visitedLocatio tourGuide.gpsUtil.VisitedLocation@7d9ff12b
15:53:20.859 [pool-17-thread-1] DEBUG org.springframework.web.reactive.function.client.ExchangeFunctions - [47430505] HTTP GET http://localhost:8083/attractions
15:53:20.859 [pool-12-thread-1] DEBUG org.springframework.web.reactive.function.client.ExchangeFunctions - [79a06a40] HTTP GET http://localhost:8083/attractions
15:53:20.831 [pool-17-thread-72] DEBUG org.springframework.web.reactive.function.client.ExchangeFunctions - [5c2d4600] HTTP GET http://localhost:8083/userLocation?userId=50a41b1a-62be-4da6-ac9f-eed3d3f18e8a
15:53:20.862 [reactor-http-nio-48] DEBUG reactor.netty.resources.PooledConnectionProvider - [id: 0xa530ca4b, L:/127.0.0.1:51886 - R:localhost/127.0.0.1:8083] Channel acquired, now 81 active connections and 220 inactive connections
15:53:20.862 [reactor-http-nio-48] DEBUG reactor.netty.http.client.HttpClientConnect - [id: 0xa530ca4b, L:/127.0.0.1:51886 - R:localhost/127.0.0.1:8083] Handler is being applied: {uri=http://localhost:8083/userLocation?userId=50a41b1a-62be-4da6-ac9f-eed3d3f18e8a, method=GET}
15:53:20.862 [reactor-http-nio-47] DEBUG reactor.netty.resources.PooledConnectionProvider - [id: 0x4269e003, L:/127.0.0.1:51863 - R:localhost/127.0.0.1:8083] Channel acquired, now 82 active connections and 219 inactive connections
15:53:20.862 [reactor-http-nio-47] DEBUG reactor.netty.http.client.HttpClientConnect - [id: 0x4269e003, L:/127.0.0.1:51863 - R:localhost/127.0.0.1:8083] Handler is being applied: {uri=http://localhost:8083/attractions, method=GET}
15:53:20.862 [pool-17-thread-82] DEBUG org.springframework.web.reactive.function.client.ExchangeFunctions - [6e3ef159] HTTP GET http://localhost:8083/userLocation?userId=f58092f5-3609-4318-9056-95c2e9e4ff11
15:53:20.863 [reactor-http-nio-48] DEBUG reactor.netty.resources.PooledConnectionProvider - [id: 0xa530ca4b, L:/127.0.0.1:51886 - R:localhost/127.0.0.1:8083] onStateChange(GET{uri=/userLocation?userId=50a41b1a-62be-4da6-ac9f-eed3d3f18e8a, connection=PooledConnection{channel=[id: 0xa530ca4b, L:/127.0.0.1:51886 - R:localhost/127.0.0.1:8083]}}, [request_sent])
15:53:20.863 [reactor-http-nio-47] DEBUG reactor.netty.resources.PooledConnectionProvider - [id: 0x4269e003, L:/127.0.0.1:51863 - R:localhost/127.0.0.1:8083] onStateChange(GET{uri=/attractions, connection=PooledConnection{channel=[id: 0x4269e003, L:/127.0.0.1:51863 - R:localhost/127.0.0.1:8083]}}, [request_sent])
15:53:20.832 [pool-17-thread-73] DEBUG org.springframework.web.reactive.function.client.ExchangeFunctions - [4e3e9259] HTTP GET http://localhost:8083/userLocation?userId=98fe7186-f991-4c48-a192-376b752c04d2
15:53:20.842 [reactor-http-nio-41] DEBUG reactor.netty.resources.PooledConnectionProvider - [id: 0x48fc4dd2, L:/127.0.0.1:51755 - R:localhost/127.0.0.1:8083] onStateChange(GET{uri=/userLocation?userId=bdda5954-9b53-4939-91cd-c72fd50329f1, connection=PooledConnection{channel=[id: 0x48fc4dd2, L:/127.0.0.1:51755 - R:localhost/127.0.0.1:8083]}}, [request_sent])
15:53:20.863 [reactor-http-nio-41] DEBUG reactor.netty.resources.PooledConnectionProvider - [id: 0x506c6088, L:/127.0.0.1:51764 - R:localhost/127.0.0.1:8083] Channel acquired, now 83 active connections and 218 inactive connections
15:53:20.863 [reactor-http-nio-41] DEBUG reactor.netty.http.client.HttpClientConnect - [id: 0x506c6088, L:/127.0.0.1:51764 - R:localhost/127.0.0.1:8083] Handler is being applied: {uri=http://localhost:8083/userLocation?userId=078299a1-a357-413a-b7bb-dbe02dccb139, method=GET}
15:53:20.863 [reactor-http-nio-41] DEBUG reactor.netty.resources.PooledConnectionProvider - [id: 0x506c6088, L:/127.0.0.1:51764 - R:localhost/127.0.0.1:8083] onStateChange(GET{uri=/userLocation?userId=078299a1-a357-413a-b7bb-dbe02dccb139, connection=PooledConnection{channel=[id: 0x506c6088, L:/127.0.0.1:51764 - R:localhost/127.0.0.1:8083]}}, [request_sent])
15:53:20.864 [reactor-http-nio-48] DEBUG reactor.netty.resources.PooledConnectionProvider - [id: 0xa4f115eb, L:/127.0.0.1:51704 - R:localhost/127.0.0.1:8083] Channel acquired, now 84 active connections and 217 inactive connections
15:53:20.864 [reactor-http-nio-48] DEBUG reactor.netty.http.client.HttpClientConnect - [id: 0xa4f115eb, L:/127.0.0.1:51704 - R:localhost/127.0.0.1:8083] Handler is being applied: {uri=http://localhost:8083/userLocation?userId=e3458b85-4701-4529-8b17-d9be66044993, method=GET}
15:53:20.864 [reactor-http-nio-48] DEBUG reactor.netty.resources.PooledConnectionProvider - [id: 0xa4f115eb, L:/127.0.0.1:51704 - R:localhost/127.0.0.1:8083] onStateChange(GET{uri=/userLocation?userId=e3458b85-4701-4529-8b17-d9be66044993, connection=PooledConnection{channel=[id: 0xa4f115eb, L:/127.0.0.1:51704 - R:localhost/127.0.0.1:8083]}}, [request_sent])
15:53:20.865 [reactor-http-nio-41] DEBUG reactor.netty.resources.PooledConnectionProvider - [id: 0x48bd25d1, L:/127.0.0.1:51711 - R:localhost/127.0.0.1:8083] Channel acquired, now 86 active connections and 215 inactive connections
15:53:20.865 [reactor-http-nio-41] DEBUG reactor.netty.http.client.HttpClientConnect - [id: 0x48bd25d1, L:/127.0.0.1:51711 - R:localhost/127.0.0.1:8083] Handler is being applied: {uri=http://localhost:8083/attractions, method=GET}
15:53:20.865 [reactor-http-nio-41] DEBUG reactor.netty.resources.PooledConnectionProvider - [id: 0x48bd25d1, L:/127.0.0.1:51711 - R:localhost/127.0.0.1:8083] onStateChange(GET{uri=/attractions, connection=PooledConnection{channel=[id: 0x48bd25d1, L:/127.0.0.1:51711 - R:localhost/127.0.0.1:8083]}}, [request_sent])
15:53:20.866 [reactor-http-nio-41] DEBUG reactor.netty.resources.PooledConnectionProvider - [id: 0x003d9ecc, L:/127.0.0.1:51923 - R:localhost/127.0.0.1:8083] Channel acquired, now 87 active connections and 214 inactive connections
15:53:20.866 [reactor-http-nio-41] DEBUG reactor.netty.http.client.HttpClientConnect - [id: 0x003d9ecc, L:/127.0.0.1:51923 - R:localhost/127.0.0.1:8083] Handler is being applied: {uri=http://localhost:8083/userLocation?userId=c2037937-006d-4218-b50c-a708cacc2a78, method=GET}
15:53:20.866 [reactor-http-nio-41] DEBUG reactor.netty.resources.PooledConnectionProvider - [id: 0x003d9ecc, L:/127.0.0.1:51923 - R:localhost/127.0.0.1:8083] onStateChange(GET{uri=/userLocation?userId=c2037937-006d-4218-b50c-a708cacc2a78, connection=PooledConnection{channel=[id: 0x003d9ecc, L:/127.0.0.1:51923 - R:localhost/127.0.0.1:8083]}}, [request_sent])
15:53:20.866 [reactor-http-nio-41] DEBUG reactor.netty.resources.PooledConnectionProvider - [id: 0xb3555784, L:/127.0.0.1:51724 - R:localhost/127.0.0.1:8083] Channel acquired, now 88 active connections and 213 inactive connections
15:53:20.866 [reactor-http-nio-41] DEBUG reactor.netty.http.client.HttpClientConnect - [id: 0xb3555784, L:/127.0.0.1:51724 - R:localhost/127.0.0.1:8083] Handler is being applied: {uri=http://localhost:8083/userLocation?userId=d9f1e1d9-8e8d-4a54-9be3-7cebc7819cc4, method=GET}
15:53:20.867 [reactor-http-nio-41] DEBUG reactor.netty.resources.PooledConnectionProvider - [id: 0xb3555784, L:/127.0.0.1:51724 - R:localhost/127.0.0.1:8083] onStateChange(GET{uri=/userLocation?userId=d9f1e1d9-8e8d-4a54-9be3-7cebc7819cc4, connection=PooledConnection{channel=[id: 0xb3555784, L:/127.0.0.1:51724 - R:localhost/127.0.0.1:8083]}}, [request_sent])
15:53:20.867 [reactor-http-nio-41] DEBUG reactor.netty.resources.PooledConnectionProvider - [id: 0x22744470, L:/127.0.0.1:51785 - R:localhost/127.0.0.1:8083] Channel acquired, now 89 active connections and 212 inactive connections
15:53:20.867 [reactor-http-nio-41] DEBUG reactor.netty.http.client.HttpClientConnect - [id: 0x22744470, L:/127.0.0.1:51785 - R:localhost/127.0.0.1:8083] Handler is being applied: {uri=http://localhost:8083/userLocation?userId=4e3c3db4-9baa-4fa8-91e0-fd2f6c262e38, method=GET}
15:53:20.867 [reactor-http-nio-41] DEBUG reactor.netty.resources.PooledConnectionProvider - [id: 0x22744470, L:/127.0.0.1:51785 - R:localhost/127.0.0.1:8083] onStateChange(GET{uri=/userLocation?userId=4e3c3db4-9baa-4fa8-91e0-fd2f6c262e38, connection=PooledConnection{channel=[id: 0x22744470, L:/127.0.0.1:51785 - R:localhost/127.0.0.1:8083]}}, [request_sent])
15:53:20.867 [reactor-http-nio-41] DEBUG reactor.netty.resources.PooledConnectionProvider - [id: 0x03f2fda7, L:/127.0.0.1:51737 - R:localhost/127.0.0.1:8083] Channel acquired, now 90 active connections and 211 inactive connections
15:53:20.867 [reactor-http-nio-41] DEBUG reactor.netty.http.client.HttpClientConnect - [id: 0x03f2fda7, L:/127.0.0.1:51737 - R:localhost/127.0.0.1:8083] Handler is being applied: {uri=http://localhost:8083/userLocation?userId=4cae9839-1921-46e2-97ea-0d7cd5e81262, method=GET}
15:53:20.867 [reactor-http-nio-41] DEBUG reactor.netty.resources.PooledConnectionProvider - [id: 0x03f2fda7, L:/127.0.0.1:51737 - R:localhost/127.0.0.1:8083] onStateChange(GET{uri=/userLocation?userId=4cae9839-1921-46e2-97ea-0d7cd5e81262, connection=PooledConnection{channel=[id: 0x03f2fda7, L:/127.0.0.1:51737 - R:localhost/127.0.0.1:8083]}}, [request_sent])
15:53:20.843 [pool-17-thread-84] DEBUG org.springframework.web.reactive.function.client.ExchangeFunctions - [1bb83b8c] HTTP GET http://localhost:8083/userLocation?userId=8a72088a-3281-4ddd-9fd5-b0fbeff60913
15:53:20.843 [pool-17-thread-83] DEBUG org.springframework.web.reactive.function.client.ExchangeFunctions - [7f121f52] HTTP GET http://localhost:8083/userLocation?userId=5df1ac2f-6a0d-48b5-9ff1-e6071a45b006
15:53:20.843 [pool-17-thread-88] DEBUG org.springframework.web.reactive.function.client.ExchangeFunctions - [2e98d07d] HTTP GET http://localhost:8083/userLocation?userId=1184616b-9c7f-4d64-9907-46a7ffbe4e0a
15:53:20.843 [pool-17-thread-86] DEBUG org.springframework.web.reactive.function.client.ExchangeFunctions - [ccbe506] HTTP GET http://localhost:8083/userLocation?userId=663e6609-def0-413d-bbfb-e8c6613acd86
15:53:20.855 [pool-17-thread-98] DEBUG org.springframework.web.reactive.function.client.ExchangeFunctions - [270dac01] HTTP GET http://localhost:8083/userLocation?userId=f35903b9-738f-4545-8c80-2829a0a0f04e
15:53:20.777 [pool-17-thread-37] DEBUG org.springframework.web.reactive.function.client.ExchangeFunctions - [3a7a3211] HTTP GET http://localhost:8083/userLocation?userId=edb3c3d9-c3d6-49ca-bf63-0144f5b76ac8
15:53:20.864 [reactor-http-nio-47] DEBUG reactor.netty.resources.PooledConnectionProvider - [id: 0x502a9f84, L:/127.0.0.1:51845 - R:localhost/127.0.0.1:8083] Channel acquired, now 85 active connections and 216 inactive connections
15:53:20.869 [reactor-http-nio-47] DEBUG reactor.netty.http.client.HttpClientConnect - [id: 0x502a9f84, L:/127.0.0.1:51845 - R:localhost/127.0.0.1:8083] Handler is being applied: {uri=http://localhost:8083/userLocation?userId=0c00cf77-3c20-4056-bff8-17cce964db6a, method=GET}
15:53:20.869 [reactor-http-nio-47] DEBUG reactor.netty.resources.PooledConnectionProvider - [id: 0x502a9f84, L:/127.0.0.1:51845 - R:localhost/127.0.0.1:8083] onStateChange(GET{uri=/userLocation?userId=0c00cf77-3c20-4056-bff8-17cce964db6a, connection=PooledConnection{channel=[id: 0x502a9f84, L:/127.0.0.1:51845 - R:localhost/127.0.0.1:8083]}}, [request_sent])
15:53:20.869 [reactor-http-nio-47] DEBUG reactor.netty.resources.PooledConnectionProvider - [id: 0x26a43d3a, L:/127.0.0.1:51840 - R:localhost/127.0.0.1:8083] Channel acquired, now 91 active connections and 210 inactive connections
15:53:20.869 [reactor-http-nio-47] DEBUG reactor.netty.http.client.HttpClientConnect - [id: 0x26a43d3a, L:/127.0.0.1:51840 - R:localhost/127.0.0.1:8083] Handler is being applied: {uri=http://localhost:8083/userLocation?userId=222dcba7-3596-42d0-8e52-46ec5a59eef0, method=GET}
15:53:20.869 [reactor-http-nio-47] DEBUG reactor.netty.resources.PooledConnectionProvider - [id: 0x26a43d3a, L:/127.0.0.1:51840 - R:localhost/127.0.0.1:8083] onStateChange(GET{uri=/userLocation?userId=222dcba7-3596-42d0-8e52-46ec5a59eef0, connection=PooledConnection{channel=[id: 0x26a43d3a, L:/127.0.0.1:51840 - R:localhost/127.0.0.1:8083]}}, [request_sent])
15:53:20.869 [reactor-http-nio-41] DEBUG reactor.netty.resources.PooledConnectionProvider - [id: 0xfdd4189a, L:/127.0.0.1:51799 - R:localhost/127.0.0.1:8083] Channel acquired, now 92 active connections and 209 inactive connections
15:53:20.870 [reactor-http-nio-47] DEBUG reactor.netty.resources.PooledConnectionProvider - [id: 0x98ecb58e, L:/127.0.0.1:51684 - R:localhost/127.0.0.1:8083] Channel acquired, now 93 active connections and 208 inactive connections
15:53:20.870 [reactor-http-nio-41] DEBUG reactor.netty.http.client.HttpClientConnect - [id: 0xfdd4189a, L:/127.0.0.1:51799 - R:localhost/127.0.0.1:8083] Handler is being applied: {uri=http://localhost:8083/userLocation?userId=498c8b1e-e82e-4040-af5a-35df862d7b14, method=GET}
15:53:20.870 [reactor-http-nio-47] DEBUG reactor.netty.http.client.HttpClientConnect - [id: 0x98ecb58e, L:/127.0.0.1:51684 - R:localhost/127.0.0.1:8083] Handler is being applied: {uri=http://localhost:8083/userLocation?userId=f58092f5-3609-4318-9056-95c2e9e4ff11, method=GET}
15:53:20.870 [reactor-http-nio-47] DEBUG reactor.netty.resources.PooledConnectionProvider - [id: 0x98ecb58e, L:/127.0.0.1:51684 - R:localhost/127.0.0.1:8083] onStateChange(GET{uri=/userLocation?userId=f58092f5-3609-4318-9056-95c2e9e4ff11, connection=PooledConnection{channel=[id: 0x98ecb58e, L:/127.0.0.1:51684 - R:localhost/127.0.0.1:8083]}}, [request_sent])
15:53:20.870 [reactor-http-nio-47] DEBUG reactor.netty.resources.PooledConnectionProvider - [id: 0x7df89b85, L:/127.0.0.1:51851 - R:localhost/127.0.0.1:8083] Channel acquired, now 94 active connections and 207 inactive connections
15:53:20.870 [reactor-http-nio-41] DEBUG reactor.netty.resources.PooledConnectionProvider - [id: 0xfdd4189a, L:/127.0.0.1:51799 - R:localhost/127.0.0.1:8083] onStateChange(GET{uri=/userLocation?userId=498c8b1e-e82e-4040-af5a-35df862d7b14, connection=PooledConnection{channel=[id: 0xfdd4189a, L:/127.0.0.1:51799 - R:localhost/127.0.0.1:8083]}}, [request_sent])
15:53:20.870 [reactor-http-nio-47] DEBUG reactor.netty.http.client.HttpClientConnect - [id: 0x7df89b85, L:/127.0.0.1:51851 - R:localhost/127.0.0.1:8083] Handler is being applied: {uri=http://localhost:8083/userLocation?userId=98fe7186-f991-4c48-a192-376b752c04d2, method=GET}
15:53:20.870 [reactor-http-nio-41] DEBUG reactor.netty.resources.PooledConnectionProvider - [id: 0xf0244be7, L:/127.0.0.1:51921 - R:localhost/127.0.0.1:8083] Channel acquired, now 96 active connections and 205 inactive connections
15:53:20.870 [reactor-http-nio-41] DEBUG reactor.netty.http.client.HttpClientConnect - [id: 0xf0244be7, L:/127.0.0.1:51921 - R:localhost/127.0.0.1:8083] Handler is being applied: {uri=http://localhost:8083/userLocation?userId=5df1ac2f-6a0d-48b5-9ff1-e6071a45b006, method=GET}
15:53:20.870 [reactor-http-nio-47] DEBUG reactor.netty.resources.PooledConnectionProvider - [id: 0x7df89b85, L:/127.0.0.1:51851 - R:localhost/127.0.0.1:8083] onStateChange(GET{uri=/userLocation?userId=98fe7186-f991-4c48-a192-376b752c04d2, connection=PooledConnection{channel=[id: 0x7df89b85, L:/127.0.0.1:51851 - R:localhost/127.0.0.1:8083]}}, [request_sent])
15:53:20.870 [reactor-http-nio-47] DEBUG reactor.netty.resources.PooledConnectionProvider - [id: 0xdce01143, L:/127.0.0.1:51689 - R:localhost/127.0.0.1:8083] Channel acquired, now 97 active connections and 204 inactive connections
15:53:20.870 [reactor-http-nio-41] DEBUG reactor.netty.resources.PooledConnectionProvider - [id: 0xf0244be7, L:/127.0.0.1:51921 - R:localhost/127.0.0.1:8083] onStateChange(GET{uri=/userLocation?userId=5df1ac2f-6a0d-48b5-9ff1-e6071a45b006, connection=PooledConnection{channel=[id: 0xf0244be7, L:/127.0.0.1:51921 - R:localhost/127.0.0.1:8083]}}, [request_sent])
15:53:20.870 [reactor-http-nio-48] DEBUG reactor.netty.resources.PooledConnectionProvider - [id: 0x64fd7ec9, L:/127.0.0.1:51967 - R:localhost/127.0.0.1:8083] Channel acquired, now 95 active connections and 206 inactive connections
15:53:20.870 [reactor-http-nio-46] DEBUG reactor.netty.resources.PooledConnectionProvider - [id: 0x3ccb8a7e, L:/127.0.0.1:51774 - R:localhost/127.0.0.1:8083] Channel acquired, now 99 active connections and 202 inactive connections
15:53:20.870 [reactor-http-nio-47] DEBUG reactor.netty.http.client.HttpClientConnect - [id: 0xdce01143, L:/127.0.0.1:51689 - R:localhost/127.0.0.1:8083] Handler is being applied: {uri=http://localhost:8083/userLocation?userId=8a72088a-3281-4ddd-9fd5-b0fbeff60913, method=GET}
15:53:20.870 [reactor-http-nio-41] DEBUG reactor.netty.resources.PooledConnectionProvider - [id: 0x03dc54cb, L:/127.0.0.1:51901 - R:localhost/127.0.0.1:8083] Channel acquired, now 98 active connections and 203 inactive connections
15:53:20.870 [reactor-http-nio-48] DEBUG reactor.netty.http.client.HttpClientConnect - [id: 0x64fd7ec9, L:/127.0.0.1:51967 - R:localhost/127.0.0.1:8083] Handler is being applied: {uri=http://localhost:8083/userLocation?userId=663e6609-def0-413d-bbfb-e8c6613acd86, method=GET}
15:53:20.870 [reactor-http-nio-41] DEBUG reactor.netty.http.client.HttpClientConnect - [id: 0x03dc54cb, L:/127.0.0.1:51901 - R:localhost/127.0.0.1:8083] Handler is being applied: {uri=http://localhost:8083/userLocation?userId=61c00921-c458-4935-8f16-4b93564af1b2, method=GET}
15:53:20.871 [reactor-http-nio-47] DEBUG reactor.netty.resources.PooledConnectionProvider - [id: 0xdce01143, L:/127.0.0.1:51689 - R:localhost/127.0.0.1:8083] onStateChange(GET{uri=/userLocation?userId=8a72088a-3281-4ddd-9fd5-b0fbeff60913, connection=PooledConnection{channel=[id: 0xdce01143, L:/127.0.0.1:51689 - R:localhost/127.0.0.1:8083]}}, [request_sent])
15:53:20.870 [reactor-http-nio-46] DEBUG reactor.netty.http.client.HttpClientConnect - [id: 0x3ccb8a7e, L:/127.0.0.1:51774 - R:localhost/127.0.0.1:8083] Handler is being applied: {uri=http://localhost:8083/userLocation?userId=edb3c3d9-c3d6-49ca-bf63-0144f5b76ac8, method=GET}
15:53:20.871 [reactor-http-nio-48] DEBUG reactor.netty.resources.PooledConnectionProvider - [id: 0x64fd7ec9, L:/127.0.0.1:51967 - R:localhost/127.0.0.1:8083] onStateChange(GET{uri=/userLocation?userId=663e6609-def0-413d-bbfb-e8c6613acd86, connection=PooledConnection{channel=[id: 0x64fd7ec9, L:/127.0.0.1:51967 - R:localhost/127.0.0.1:8083]}}, [request_sent])
15:53:20.871 [reactor-http-nio-41] DEBUG reactor.netty.resources.PooledConnectionProvider - [id: 0x03dc54cb, L:/127.0.0.1:51901 - R:localhost/127.0.0.1:8083] onStateChange(GET{uri=/userLocation?userId=61c00921-c458-4935-8f16-4b93564af1b2, connection=PooledConnection{channel=[id: 0x03dc54cb, L:/127.0.0.1:51901 - R:localhost/127.0.0.1:8083]}}, [request_sent])
15:53:20.871 [reactor-http-nio-41] DEBUG reactor.netty.resources.PooledConnectionProvider - [id: 0x63f027f7, L:/127.0.0.1:51721 - R:localhost/127.0.0.1:8083] Channel acquired, now 100 active connections and 201 inactive connections
15:53:20.871 [reactor-http-nio-41] DEBUG reactor.netty.http.client.HttpClientConnect - [id: 0x63f027f7, L:/127.0.0.1:51721 - R:localhost/127.0.0.1:8083] Handler is being applied: {uri=http://localhost:8083/userLocation?userId=6b2b7682-004b-4605-a439-25efa908635f, method=GET}
15:53:20.871 [reactor-http-nio-46] DEBUG reactor.netty.resources.PooledConnectionProvider - [id: 0x3ccb8a7e, L:/127.0.0.1:51774 - R:localhost/127.0.0.1:8083] onStateChange(GET{uri=/userLocation?userId=edb3c3d9-c3d6-49ca-bf63-0144f5b76ac8, connection=PooledConnection{channel=[id: 0x3ccb8a7e, L:/127.0.0.1:51774 - R:localhost/127.0.0.1:8083]}}, [request_sent])
15:53:20.871 [reactor-http-nio-41] DEBUG reactor.netty.resources.PooledConnectionProvider - [id: 0x63f027f7, L:/127.0.0.1:51721 - R:localhost/127.0.0.1:8083] onStateChange(GET{uri=/userLocation?userId=6b2b7682-004b-4605-a439-25efa908635f, connection=PooledConnection{channel=[id: 0x63f027f7, L:/127.0.0.1:51721 - R:localhost/127.0.0.1:8083]}}, [request_sent])
15:53:20.872 [reactor-http-nio-41] DEBUG reactor.netty.resources.PooledConnectionProvider - [id: 0x9cec33d8, L:/127.0.0.1:51722 - R:localhost/127.0.0.1:8083] Channel acquired, now 101 active connections and 200 inactive connections
15:53:20.872 [reactor-http-nio-41] DEBUG reactor.netty.http.client.HttpClientConnect - [id: 0x9cec33d8, L:/127.0.0.1:51722 - R:localhost/127.0.0.1:8083] Handler is being applied: {uri=http://localhost:8083/userLocation?userId=f35903b9-738f-4545-8c80-2829a0a0f04e, method=GET}
15:53:20.872 [reactor-http-nio-41] DEBUG reactor.netty.resources.PooledConnectionProvider - [id: 0x9cec33d8, L:/127.0.0.1:51722 - R:localhost/127.0.0.1:8083] onStateChange(GET{uri=/userLocation?userId=f35903b9-738f-4545-8c80-2829a0a0f04e, connection=PooledConnection{channel=[id: 0x9cec33d8, L:/127.0.0.1:51722 - R:localhost/127.0.0.1:8083]}}, [request_sent])
15:53:20.873 [reactor-http-nio-47] DEBUG reactor.netty.resources.PooledConnectionProvider - [id: 0x39a84d8e, L:/127.0.0.1:51833 - R:localhost/127.0.0.1:8083] Channel acquired, now 102 active connections and 199 inactive connections
15:53:20.873 [reactor-http-nio-47] DEBUG reactor.netty.http.client.HttpClientConnect - [id: 0x39a84d8e, L:/127.0.0.1:51833 - R:localhost/127.0.0.1:8083] Handler is being applied: {uri=http://localhost:8083/userLocation?userId=1184616b-9c7f-4d64-9907-46a7ffbe4e0a, method=GET}
15:53:20.874 [reactor-http-nio-47] DEBUG reactor.netty.resources.PooledConnectionProvider - [id: 0x39a84d8e, L:/127.0.0.1:51833 - R:localhost/127.0.0.1:8083] onStateChange(GET{uri=/userLocation?userId=1184616b-9c7f-4d64-9907-46a7ffbe4e0a, connection=PooledConnection{channel=[id: 0x39a84d8e, L:/127.0.0.1:51833 - R:localhost/127.0.0.1:8083]}}, [request_sent])
15:53:20.879 [Test worker] INFO tourGuide.service.TourGuideService - getting attractions and distance {tourGuide.gpsUtil.Attraction@7e4579c7=1576.7472428725725, tourGuide.gpsUtil.Attraction@1faf386c=1992.7911930022951, tourGuide.gpsUtil.Attraction@796f632b=1921.4807999190477, tourGuide.gpsUtil.Attraction@18a19e=2440.1773360415445, tourGuide.gpsUtil.Attraction@5d94a2dc=1277.624543333648, tourGuide.gpsUtil.Attraction@771a7d53=2282.7463255653906, tourGuide.gpsUtil.Attraction@59b32539=2127.2478407793283, tourGuide.gpsUtil.Attraction@e95595b=1204.372289719331, tourGuide.gpsUtil.Attraction@cedee22=87.03441722157669, tourGuide.gpsUtil.Attraction@40c2ce52=1344.0902723493095, tourGuide.gpsUtil.Attraction@233db8e9=680.6158831369517, tourGuide.gpsUtil.Attraction@5b47731f=2578.9105160181207, tourGuide.gpsUtil.Attraction@60e06f7d=2434.494471527265, tourGuide.gpsUtil.Attraction@6d6d480c=2289.4339721013353, tourGuide.gpsUtil.Attraction@6a5e167a=2360.645624935619, tourGuide.gpsUtil.Attraction@1f2f0109=164.91310606752234, tourGuide.gpsUtil.Attraction@483b0690=115.99464245531166, tourGuide.gpsUtil.Attraction@687e6293=1428.857720488229, tourGuide.gpsUtil.Attraction@4debbf0=1906.7972782801585, tourGuide.gpsUtil.Attraction@60a7e509=2168.8305270428045, tourGuide.gpsUtil.Attraction@6a1d526c=774.5207212649109, tourGuide.gpsUtil.Attraction@6870c3c2=1418.5718274186313, tourGuide.gpsUtil.Attraction@5a917723=1742.5694022642383, tourGuide.gpsUtil.Attraction@fa5f81c=0.0, tourGuide.gpsUtil.Attraction@fb0a08c=460.119903616993, tourGuide.gpsUtil.Attraction@66a5755=2148.3967563579563}
15:53:20.879 [Test worker] INFO tourGuide.service.TourGuideService - sorted attractions by distance {tourGuide.gpsUtil.Attraction@fa5f81c=0.0, tourGuide.gpsUtil.Attraction@cedee22=87.03441722157669, tourGuide.gpsUtil.Attraction@483b0690=115.99464245531166, tourGuide.gpsUtil.Attraction@1f2f0109=164.91310606752234, tourGuide.gpsUtil.Attraction@fb0a08c=460.119903616993, tourGuide.gpsUtil.Attraction@233db8e9=680.6158831369517, tourGuide.gpsUtil.Attraction@6a1d526c=774.5207212649109, tourGuide.gpsUtil.Attraction@e95595b=1204.372289719331, tourGuide.gpsUtil.Attraction@5d94a2dc=1277.624543333648, tourGuide.gpsUtil.Attraction@40c2ce52=1344.0902723493095, tourGuide.gpsUtil.Attraction@6870c3c2=1418.5718274186313, tourGuide.gpsUtil.Attraction@687e6293=1428.857720488229, tourGuide.gpsUtil.Attraction@7e4579c7=1576.7472428725725, tourGuide.gpsUtil.Attraction@5a917723=1742.5694022642383, tourGuide.gpsUtil.Attraction@4debbf0=1906.7972782801585, tourGuide.gpsUtil.Attraction@796f632b=1921.4807999190477, tourGuide.gpsUtil.Attraction@1faf386c=1992.7911930022951, tourGuide.gpsUtil.Attraction@59b32539=2127.2478407793283, tourGuide.gpsUtil.Attraction@66a5755=2148.3967563579563, tourGuide.gpsUtil.Attraction@60a7e509=2168.8305270428045, tourGuide.gpsUtil.Attraction@771a7d53=2282.7463255653906, tourGuide.gpsUtil.Attraction@6d6d480c=2289.4339721013353, tourGuide.gpsUtil.Attraction@6a5e167a=2360.645624935619, tourGuide.gpsUtil.Attraction@60e06f7d=2434.494471527265, tourGuide.gpsUtil.Attraction@18a19e=2440.1773360415445, tourGuide.gpsUtil.Attraction@5b47731f=2578.9105160181207}
15:53:20.879 [Test worker] INFO tourGuide.service.TourGuideService - attractions sorted names Disneyland
15:53:20.879 [Test worker] INFO tourGuide.service.TourGuideService - attractions sorted names San Diego Zoo
15:53:20.879 [Test worker] INFO tourGuide.service.TourGuideService - attractions sorted names Joshua Tree National Park
15:53:20.879 [Test worker] INFO tourGuide.service.TourGuideService - attractions sorted names Mojave National Preserve
15:53:20.879 [Test worker] INFO tourGuide.service.TourGuideService - attractions sorted names Kartchner Caverns State Park
15:53:20.880 [pool-18-thread-1] DEBUG tourGuide.tracker.Tracker - Tracker Time Elapsed: 0 seconds.
15:53:20.880 [pool-18-thread-1] DEBUG tourGuide.tracker.Tracker - Tracker sleeping
15:53:20.881 [Test worker] DEBUG tourGuide.service.TourGuideService - Initializing users
15:53:20.881 [Test worker] DEBUG tourGuide.service.TourGuideService - Created 0 internal test users.
15:53:20.881 [Test worker] DEBUG tourGuide.service.TourGuideService - Finished initializing users
15:53:20.881 [Test worker] DEBUG tourGuide.service.TourGuideService - Initialize tripPricer
15:53:20.887 [pool-21-thread-1] DEBUG tourGuide.tracker.Tracker - Shutting down tracker
15:53:20.888 [reactor-http-nio-47] DEBUG reactor.netty.http.client.HttpClientOperations - [id: 0xeec1d289, L:/127.0.0.1:51847 - R:localhost/127.0.0.1:8083] Received response (auto-read:false) : [Content-Type=application/json, Transfer-Encoding=chunked, Date=Wed, 15 Jun 2022 14:53:20 GMT]
15:53:20.888 [reactor-http-nio-47] DEBUG reactor.netty.resources.PooledConnectionProvider - [id: 0xeec1d289, L:/127.0.0.1:51847 - R:localhost/127.0.0.1:8083] onStateChange(GET{uri=/userLocation?userId=8617358e-ce9d-4b55-97b6-f79167ea4a2d, connection=PooledConnection{channel=[id: 0xeec1d289, L:/127.0.0.1:51847 - R:localhost/127.0.0.1:8083]}}, [response_received])
15:53:20.888 [reactor-http-nio-47] DEBUG org.springframework.web.reactive.function.client.ExchangeFunctions - [24d51bc5] Response 200 OK
15:53:20.888 [reactor-http-nio-47] DEBUG reactor.netty.channel.FluxReceive - [id: 0xeec1d289, L:/127.0.0.1:51847 - R:localhost/127.0.0.1:8083] Subscribing inbound receiver [pending: 0, cancelled:false, inboundDone: false]
15:53:20.889 [reactor-http-nio-47] DEBUG reactor.netty.http.client.HttpClientOperations - [id: 0xeec1d289, L:/127.0.0.1:51847 - R:localhost/127.0.0.1:8083] Received last HTTP packet
15:53:20.889 [reactor-http-nio-47] DEBUG org.springframework.core.codec.StringDecoder - [24d51bc5] Decoded "{"userId":"8617358e-ce9d-4b55-97b6-f79167ea4a2d","location":{"longitude":103.966673,"latitude":-1.3 (truncated)...
15:53:20.889 [reactor-http-nio-47] DEBUG reactor.netty.resources.PooledConnectionProvider - [id: 0xeec1d289, L:/127.0.0.1:51847 - R:localhost/127.0.0.1:8083] onStateChange(GET{uri=/userLocation?userId=8617358e-ce9d-4b55-97b6-f79167ea4a2d, connection=PooledConnection{channel=[id: 0xeec1d289, L:/127.0.0.1:51847 - R:localhost/127.0.0.1:8083]}}, [disconnecting])
15:53:20.889 [reactor-http-nio-47] DEBUG reactor.netty.resources.PooledConnectionProvider - [id: 0xeec1d289, L:/127.0.0.1:51847 - R:localhost/127.0.0.1:8083] Releasing channel
15:53:20.889 [reactor-http-nio-47] DEBUG reactor.netty.resources.PooledConnectionProvider - [id: 0xeec1d289, L:/127.0.0.1:51847 - R:localhost/127.0.0.1:8083] Channel cleaned, now 101 active connections and 200 inactive connections
15:53:20.889 [reactor-http-nio-46] DEBUG reactor.netty.http.client.HttpClientOperations - [id: 0xa4957f74, L:/127.0.0.1:51830 - R:localhost/127.0.0.1:8083] Received response (auto-read:false) : [Content-Type=application/json, Transfer-Encoding=chunked, Date=Wed, 15 Jun 2022 14:53:20 GMT]
15:53:20.889 [reactor-http-nio-46] DEBUG reactor.netty.resources.PooledConnectionProvider - [id: 0xa4957f74, L:/127.0.0.1:51830 - R:localhost/127.0.0.1:8083] onStateChange(GET{uri=/userLocation?userId=3534d58e-bfc1-45d4-9e31-a11cdfff4246, connection=PooledConnection{channel=[id: 0xa4957f74, L:/127.0.0.1:51830 - R:localhost/127.0.0.1:8083]}}, [response_received])
15:53:20.889 [reactor-http-nio-46] DEBUG org.springframework.web.reactive.function.client.ExchangeFunctions - [60cc6cfa] Response 200 OK
15:53:20.889 [reactor-http-nio-46] DEBUG reactor.netty.channel.FluxReceive - [id: 0xa4957f74, L:/127.0.0.1:51830 - R:localhost/127.0.0.1:8083] Subscribing inbound receiver [pending: 0, cancelled:false, inboundDone: false]
15:53:20.889 [reactor-http-nio-46] DEBUG reactor.netty.http.client.HttpClientOperations - [id: 0xa4957f74, L:/127.0.0.1:51830 - R:localhost/127.0.0.1:8083] Received last HTTP packet
15:53:20.889 [reactor-http-nio-46] DEBUG org.springframework.core.codec.StringDecoder - [60cc6cfa] Decoded "{"userId":"3534d58e-bfc1-45d4-9e31-a11cdfff4246","location":{"longitude":121.114617,"latitude":7.45 (truncated)...
15:53:20.889 [reactor-http-nio-46] DEBUG reactor.netty.resources.PooledConnectionProvider - [id: 0xa4957f74, L:/127.0.0.1:51830 - R:localhost/127.0.0.1:8083] onStateChange(GET{uri=/userLocation?userId=3534d58e-bfc1-45d4-9e31-a11cdfff4246, connection=PooledConnection{channel=[id: 0xa4957f74, L:/127.0.0.1:51830 - R:localhost/127.0.0.1:8083]}}, [disconnecting])
15:53:20.889 [reactor-http-nio-46] DEBUG reactor.netty.resources.PooledConnectionProvider - [id: 0xa4957f74, L:/127.0.0.1:51830 - R:localhost/127.0.0.1:8083] Releasing channel
15:53:20.889 [reactor-http-nio-46] DEBUG reactor.netty.resources.PooledConnectionProvider - [id: 0xa4957f74, L:/127.0.0.1:51830 - R:localhost/127.0.0.1:8083] Channel cleaned, now 100 active connections and 201 inactive connections
15:53:20.890 [pool-17-thread-5] INFO tourGuide.service.TourGuideService - visitedLocatio tourGuide.gpsUtil.VisitedLocation@6e0b8e93
15:53:20.891 [pool-17-thread-5] DEBUG org.springframework.web.reactive.function.client.ExchangeFunctions - [6a34078a] HTTP GET http://localhost:8083/attractions
15:53:20.891 [pool-17-thread-11] INFO tourGuide.service.TourGuideService - visitedLocatio tourGuide.gpsUtil.VisitedLocation@2a12f12f
15:53:20.892 [pool-17-thread-11] DEBUG org.springframework.web.reactive.function.client.ExchangeFunctions - [2e2d70b5] HTTP GET http://localhost:8083/attractions
15:53:20.892 [reactor-http-nio-41] DEBUG reactor.netty.resources.PooledConnectionProvider - [id: 0xfb192aad, L:/127.0.0.1:51748 - R:localhost/127.0.0.1:8083] Channel acquired, now 101 active connections and 200 inactive connections
15:53:20.893 [reactor-http-nio-41] DEBUG reactor.netty.http.client.HttpClientConnect - [id: 0xfb192aad, L:/127.0.0.1:51748 - R:localhost/127.0.0.1:8083] Handler is being applied: {uri=http://localhost:8083/attractions, method=GET}
15:53:20.894 [reactor-http-nio-41] DEBUG reactor.netty.resources.PooledConnectionProvider - [id: 0xfb192aad, L:/127.0.0.1:51748 - R:localhost/127.0.0.1:8083] onStateChange(GET{uri=/attractions, connection=PooledConnection{channel=[id: 0xfb192aad, L:/127.0.0.1:51748 - R:localhost/127.0.0.1:8083]}}, [request_sent])
15:53:20.896 [reactor-http-nio-46] DEBUG reactor.netty.resources.PooledConnectionProvider - [id: 0xa4924887, L:/127.0.0.1:51816 - R:localhost/127.0.0.1:8083] Channel acquired, now 102 active connections and 199 inactive connections
15:53:20.896 [reactor-http-nio-46] DEBUG reactor.netty.http.client.HttpClientConnect - [id: 0xa4924887, L:/127.0.0.1:51816 - R:localhost/127.0.0.1:8083] Handler is being applied: {uri=http://localhost:8083/attractions, method=GET}
15:53:20.896 [reactor-http-nio-46] DEBUG reactor.netty.resources.PooledConnectionProvider - [id: 0xa4924887, L:/127.0.0.1:51816 - R:localhost/127.0.0.1:8083] onStateChange(GET{uri=/attractions, connection=PooledConnection{channel=[id: 0xa4924887, L:/127.0.0.1:51816 - R:localhost/127.0.0.1:8083]}}, [request_sent])
15:53:20.902 [reactor-http-nio-47] DEBUG reactor.netty.http.client.HttpClientOperations - [id: 0x33d84267, L:/127.0.0.1:51885 - R:localhost/127.0.0.1:8083] Received response (auto-read:false) : [Content-Type=application/json, Transfer-Encoding=chunked, Date=Wed, 15 Jun 2022 14:53:20 GMT]
15:53:20.902 [reactor-http-nio-47] DEBUG reactor.netty.resources.PooledConnectionProvider - [id: 0x33d84267, L:/127.0.0.1:51885 - R:localhost/127.0.0.1:8083] onStateChange(GET{uri=/userLocation?userId=6c44f3a6-d668-4148-ae94-333724522582, connection=PooledConnection{channel=[id: 0x33d84267, L:/127.0.0.1:51885 - R:localhost/127.0.0.1:8083]}}, [response_received])
15:53:20.902 [reactor-http-nio-47] DEBUG org.springframework.web.reactive.function.client.ExchangeFunctions - [557870d3] Response 200 OK
15:53:20.902 [reactor-http-nio-47] DEBUG reactor.netty.channel.FluxReceive - [id: 0x33d84267, L:/127.0.0.1:51885 - R:localhost/127.0.0.1:8083] Subscribing inbound receiver [pending: 0, cancelled:false, inboundDone: false]
15:53:20.903 [reactor-http-nio-47] DEBUG reactor.netty.http.client.HttpClientOperations - [id: 0x33d84267, L:/127.0.0.1:51885 - R:localhost/127.0.0.1:8083] Received last HTTP packet
15:53:20.903 [reactor-http-nio-47] DEBUG org.springframework.core.codec.StringDecoder - [557870d3] Decoded "{"userId":"6c44f3a6-d668-4148-ae94-333724522582","location":{"longitude":71.382771,"latitude":3.486 (truncated)...
15:53:20.903 [reactor-http-nio-47] DEBUG reactor.netty.resources.PooledConnectionProvider - [id: 0x33d84267, L:/127.0.0.1:51885 - R:localhost/127.0.0.1:8083] onStateChange(GET{uri=/userLocation?userId=6c44f3a6-d668-4148-ae94-333724522582, connection=PooledConnection{channel=[id: 0x33d84267, L:/127.0.0.1:51885 - R:localhost/127.0.0.1:8083]}}, [disconnecting])
15:53:20.903 [reactor-http-nio-47] DEBUG reactor.netty.resources.PooledConnectionProvider - [id: 0x33d84267, L:/127.0.0.1:51885 - R:localhost/127.0.0.1:8083] Releasing channel
15:53:20.903 [reactor-http-nio-47] DEBUG reactor.netty.resources.PooledConnectionProvider - [id: 0x33d84267, L:/127.0.0.1:51885 - R:localhost/127.0.0.1:8083] Channel cleaned, now 101 active connections and 200 inactive connections
15:53:20.905 [pool-17-thread-9] INFO tourGuide.service.TourGuideService - visitedLocatio tourGuide.gpsUtil.VisitedLocation@5bbf940c
15:53:20.905 [pool-17-thread-9] DEBUG org.springframework.web.reactive.function.client.ExchangeFunctions - [5f801ba3] HTTP GET http://localhost:8083/attractions
15:53:20.906 [reactor-http-nio-47] DEBUG reactor.netty.resources.PooledConnectionProvider - [id: 0x7af5fc74, L:/127.0.0.1:51854 - R:localhost/127.0.0.1:8083] Channel acquired, now 102 active connections and 199 inactive connections
15:53:20.906 [reactor-http-nio-47] DEBUG reactor.netty.http.client.HttpClientConnect - [id: 0x7af5fc74, L:/127.0.0.1:51854 - R:localhost/127.0.0.1:8083] Handler is being applied: {uri=http://localhost:8083/attractions, method=GET}
15:53:20.907 [reactor-http-nio-47] DEBUG reactor.netty.resources.PooledConnectionProvider - [id: 0x7af5fc74, L:/127.0.0.1:51854 - R:localhost/127.0.0.1:8083] onStateChange(GET{uri=/attractions, connection=PooledConnection{channel=[id: 0x7af5fc74, L:/127.0.0.1:51854 - R:localhost/127.0.0.1:8083]}}, [request_sent])
15:53:20.907 [reactor-http-nio-48] DEBUG reactor.netty.http.client.HttpClientOperations - [id: 0xf514f1ff, L:/127.0.0.1:51965 - R:localhost/127.0.0.1:8083] Received response (auto-read:false) : [Content-Type=application/json, Transfer-Encoding=chunked, Date=Wed, 15 Jun 2022 14:53:20 GMT]
15:53:20.907 [reactor-http-nio-48] DEBUG reactor.netty.resources.PooledConnectionProvider - [id: 0xf514f1ff, L:/127.0.0.1:51965 - R:localhost/127.0.0.1:8083] onStateChange(GET{uri=/userLocation?userId=6d53cce4-795f-4e1a-a980-7d504575070a, connection=PooledConnection{channel=[id: 0xf514f1ff, L:/127.0.0.1:51965 - R:localhost/127.0.0.1:8083]}}, [response_received])
15:53:20.907 [reactor-http-nio-48] DEBUG org.springframework.web.reactive.function.client.ExchangeFunctions - [ac6ea41] Response 200 OK
15:53:20.907 [reactor-http-nio-48] DEBUG reactor.netty.channel.FluxReceive - [id: 0xf514f1ff, L:/127.0.0.1:51965 - R:localhost/127.0.0.1:8083] Subscribing inbound receiver [pending: 0, cancelled:false, inboundDone: false]
15:53:20.907 [reactor-http-nio-48] DEBUG reactor.netty.http.client.HttpClientOperations - [id: 0xf514f1ff, L:/127.0.0.1:51965 - R:localhost/127.0.0.1:8083] Received last HTTP packet
15:53:20.908 [reactor-http-nio-48] DEBUG org.springframework.core.codec.StringDecoder - [ac6ea41] Decoded "{"userId":"6d53cce4-795f-4e1a-a980-7d504575070a","location":{"longitude":-69.580825,"latitude":-11. (truncated)...
15:53:20.908 [reactor-http-nio-48] DEBUG reactor.netty.resources.PooledConnectionProvider - [id: 0xf514f1ff, L:/127.0.0.1:51965 - R:localhost/127.0.0.1:8083] onStateChange(GET{uri=/userLocation?userId=6d53cce4-795f-4e1a-a980-7d504575070a, connection=PooledConnection{channel=[id: 0xf514f1ff, L:/127.0.0.1:51965 - R:localhost/127.0.0.1:8083]}}, [disconnecting])
15:53:20.908 [reactor-http-nio-48] DEBUG reactor.netty.resources.PooledConnectionProvider - [id: 0xf514f1ff, L:/127.0.0.1:51965 - R:localhost/127.0.0.1:8083] Releasing channel
15:53:20.908 [reactor-http-nio-48] DEBUG reactor.netty.resources.PooledConnectionProvider - [id: 0xf514f1ff, L:/127.0.0.1:51965 - R:localhost/127.0.0.1:8083] Channel cleaned, now 101 active connections and 200 inactive connections
15:53:20.909 [pool-17-thread-12] INFO tourGuide.service.TourGuideService - visitedLocatio tourGuide.gpsUtil.VisitedLocation@4011569
15:53:20.909 [reactor-http-nio-46] DEBUG reactor.netty.http.client.HttpClientOperations - [id: 0x0c7165ed, L:/127.0.0.1:51765 - R:localhost/127.0.0.1:8083] Received response (auto-read:false) : [Content-Type=application/json, Transfer-Encoding=chunked, Date=Wed, 15 Jun 2022 14:53:20 GMT]
15:53:20.909 [reactor-http-nio-46] DEBUG reactor.netty.resources.PooledConnectionProvider - [id: 0x0c7165ed, L:/127.0.0.1:51765 - R:localhost/127.0.0.1:8083] onStateChange(GET{uri=/userLocation?userId=332cabf9-eaef-42da-b7c9-fefc5803ebaf, connection=PooledConnection{channel=[id: 0x0c7165ed, L:/127.0.0.1:51765 - R:localhost/127.0.0.1:8083]}}, [response_received])
15:53:20.909 [pool-17-thread-12] DEBUG org.springframework.web.reactive.function.client.ExchangeFunctions - [3e8131] HTTP GET http://localhost:8083/attractions
15:53:20.909 [reactor-http-nio-46] DEBUG org.springframework.web.reactive.function.client.ExchangeFunctions - [51426e12] Response 200 OK
15:53:20.909 [reactor-http-nio-46] DEBUG reactor.netty.channel.FluxReceive - [id: 0x0c7165ed, L:/127.0.0.1:51765 - R:localhost/127.0.0.1:8083] Subscribing inbound receiver [pending: 0, cancelled:false, inboundDone: false]
15:53:20.910 [reactor-http-nio-46] DEBUG reactor.netty.http.client.HttpClientOperations - [id: 0x0c7165ed, L:/127.0.0.1:51765 - R:localhost/127.0.0.1:8083] Received last HTTP packet
15:53:20.910 [reactor-http-nio-46] DEBUG org.springframework.core.codec.StringDecoder - [51426e12] Decoded "{"userId":"332cabf9-eaef-42da-b7c9-fefc5803ebaf","location":{"longitude":88.770723,"latitude":78.01 (truncated)...
15:53:20.910 [reactor-http-nio-46] DEBUG reactor.netty.resources.PooledConnectionProvider - [id: 0x0c7165ed, L:/127.0.0.1:51765 - R:localhost/127.0.0.1:8083] onStateChange(GET{uri=/userLocation?userId=332cabf9-eaef-42da-b7c9-fefc5803ebaf, connection=PooledConnection{channel=[id: 0x0c7165ed, L:/127.0.0.1:51765 - R:localhost/127.0.0.1:8083]}}, [disconnecting])
15:53:20.910 [reactor-http-nio-46] DEBUG reactor.netty.resources.PooledConnectionProvider - [id: 0x0c7165ed, L:/127.0.0.1:51765 - R:localhost/127.0.0.1:8083] Releasing channel
15:53:20.910 [reactor-http-nio-46] DEBUG reactor.netty.resources.PooledConnectionProvider - [id: 0x0c7165ed, L:/127.0.0.1:51765 - R:localhost/127.0.0.1:8083] Channel cleaned, now 100 active connections and 201 inactive connections
15:53:20.912 [reactor-http-nio-41] DEBUG reactor.netty.resources.PooledConnectionProvider - [id: 0xd0c6a217, L:/127.0.0.1:51778 - R:localhost/127.0.0.1:8083] Channel acquired, now 101 active connections and 200 inactive connections
15:53:20.912 [reactor-http-nio-41] DEBUG reactor.netty.http.client.HttpClientConnect - [id: 0xd0c6a217, L:/127.0.0.1:51778 - R:localhost/127.0.0.1:8083] Handler is being applied: {uri=http://localhost:8083/attractions, method=GET}
15:53:20.913 [reactor-http-nio-41] DEBUG reactor.netty.resources.PooledConnectionProvider - [id: 0xd0c6a217, L:/127.0.0.1:51778 - R:localhost/127.0.0.1:8083] onStateChange(GET{uri=/attractions, connection=PooledConnection{channel=[id: 0xd0c6a217, L:/127.0.0.1:51778 - R:localhost/127.0.0.1:8083]}}, [request_sent])
15:53:20.913 [pool-17-thread-2] INFO tourGuide.service.TourGuideService - visitedLocatio tourGuide.gpsUtil.VisitedLocation@5f859a4a
15:53:20.914 [pool-17-thread-2] DEBUG org.springframework.web.reactive.function.client.ExchangeFunctions - [5bba0562] HTTP GET http://localhost:8083/attractions
15:53:20.915 [reactor-http-nio-41] DEBUG reactor.netty.resources.PooledConnectionProvider - [id: 0xc8430281, L:/127.0.0.1:51729 - R:localhost/127.0.0.1:8083] Channel acquired, now 102 active connections and 199 inactive connections
15:53:20.915 [reactor-http-nio-41] DEBUG reactor.netty.http.client.HttpClientConnect - [id: 0xc8430281, L:/127.0.0.1:51729 - R:localhost/127.0.0.1:8083] Handler is being applied: {uri=http://localhost:8083/attractions, method=GET}
15:53:20.915 [reactor-http-nio-41] DEBUG reactor.netty.resources.PooledConnectionProvider - [id: 0xc8430281, L:/127.0.0.1:51729 - R:localhost/127.0.0.1:8083] onStateChange(GET{uri=/attractions, connection=PooledConnection{channel=[id: 0xc8430281, L:/127.0.0.1:51729 - R:localhost/127.0.0.1:8083]}}, [request_sent])
15:53:20.917 [reactor-http-nio-41] DEBUG reactor.netty.http.client.HttpClientOperations - [id: 0xcdc2ae18, L:/127.0.0.1:51731 - R:localhost/127.0.0.1:8083] Received response (auto-read:false) : [Content-Type=application/json, Transfer-Encoding=chunked, Date=Wed, 15 Jun 2022 14:53:20 GMT]
15:53:20.917 [reactor-http-nio-41] DEBUG reactor.netty.resources.PooledConnectionProvider - [id: 0xcdc2ae18, L:/127.0.0.1:51731 - R:localhost/127.0.0.1:8083] onStateChange(GET{uri=/userLocation?userId=837575a4-5d5f-4bb1-a0a5-cb56a3039e40, connection=PooledConnection{channel=[id: 0xcdc2ae18, L:/127.0.0.1:51731 - R:localhost/127.0.0.1:8083]}}, [response_received])
15:53:20.917 [reactor-http-nio-41] DEBUG org.springframework.web.reactive.function.client.ExchangeFunctions - [31ac1c2f] Response 200 OK
15:53:20.917 [reactor-http-nio-41] DEBUG reactor.netty.channel.FluxReceive - [id: 0xcdc2ae18, L:/127.0.0.1:51731 - R:localhost/127.0.0.1:8083] Subscribing inbound receiver [pending: 0, cancelled:false, inboundDone: false]
15:53:20.917 [reactor-http-nio-46] DEBUG reactor.netty.http.client.HttpClientOperations - [id: 0xbb1400e4, L:/127.0.0.1:51826 - R:localhost/127.0.0.1:8083] Received response (auto-read:false) : [Content-Type=application/json, Transfer-Encoding=chunked, Date=Wed, 15 Jun 2022 14:53:20 GMT]
15:53:20.917 [reactor-http-nio-46] DEBUG reactor.netty.resources.PooledConnectionProvider - [id: 0xbb1400e4, L:/127.0.0.1:51826 - R:localhost/127.0.0.1:8083] onStateChange(GET{uri=/userLocation?userId=f6e75454-83e9-4022-94d9-f9b29bcb5ecf, connection=PooledConnection{channel=[id: 0xbb1400e4, L:/127.0.0.1:51826 - R:localhost/127.0.0.1:8083]}}, [response_received])
15:53:20.917 [reactor-http-nio-41] DEBUG reactor.netty.http.client.HttpClientOperations - [id: 0xcdc2ae18, L:/127.0.0.1:51731 - R:localhost/127.0.0.1:8083] Received last HTTP packet
15:53:20.917 [reactor-http-nio-46] DEBUG org.springframework.web.reactive.function.client.ExchangeFunctions - [17fb708b] Response 200 OK
15:53:20.917 [reactor-http-nio-41] DEBUG org.springframework.core.codec.StringDecoder - [31ac1c2f] Decoded "{"userId":"837575a4-5d5f-4bb1-a0a5-cb56a3039e40","location":{"longitude":21.159554,"latitude":-32.7 (truncated)...
15:53:20.917 [reactor-http-nio-41] DEBUG reactor.netty.resources.PooledConnectionProvider - [id: 0xcdc2ae18, L:/127.0.0.1:51731 - R:localhost/127.0.0.1:8083] onStateChange(GET{uri=/userLocation?userId=837575a4-5d5f-4bb1-a0a5-cb56a3039e40, connection=PooledConnection{channel=[id: 0xcdc2ae18, L:/127.0.0.1:51731 - R:localhost/127.0.0.1:8083]}}, [disconnecting])
15:53:20.917 [reactor-http-nio-41] DEBUG reactor.netty.resources.PooledConnectionProvider - [id: 0xcdc2ae18, L:/127.0.0.1:51731 - R:localhost/127.0.0.1:8083] Releasing channel
15:53:20.917 [reactor-http-nio-46] DEBUG reactor.netty.channel.FluxReceive - [id: 0xbb1400e4, L:/127.0.0.1:51826 - R:localhost/127.0.0.1:8083] Subscribing inbound receiver [pending: 0, cancelled:false, inboundDone: false]
15:53:20.917 [reactor-http-nio-41] DEBUG reactor.netty.resources.PooledConnectionProvider - [id: 0xcdc2ae18, L:/127.0.0.1:51731 - R:localhost/127.0.0.1:8083] Channel cleaned, now 101 active connections and 200 inactive connections
15:53:20.918 [pool-17-thread-18] INFO tourGuide.service.TourGuideService - visitedLocatio tourGuide.gpsUtil.VisitedLocation@3f6be46a
15:53:20.918 [pool-17-thread-18] DEBUG org.springframework.web.reactive.function.client.ExchangeFunctions - [3b54775f] HTTP GET http://localhost:8083/attractions
15:53:20.920 [reactor-http-nio-46] DEBUG reactor.netty.http.client.HttpClientOperations - [id: 0xbb1400e4, L:/127.0.0.1:51826 - R:localhost/127.0.0.1:8083] Received last HTTP packet
15:53:20.920 [reactor-http-nio-46] DEBUG org.springframework.core.codec.StringDecoder - [17fb708b] Decoded "{"userId":"f6e75454-83e9-4022-94d9-f9b29bcb5ecf","location":{"longitude":-133.517004,"latitude":50. (truncated)...
15:53:20.920 [reactor-http-nio-46] DEBUG reactor.netty.resources.PooledConnectionProvider - [id: 0xbb1400e4, L:/127.0.0.1:51826 - R:localhost/127.0.0.1:8083] onStateChange(GET{uri=/userLocation?userId=f6e75454-83e9-4022-94d9-f9b29bcb5ecf, connection=PooledConnection{channel=[id: 0xbb1400e4, L:/127.0.0.1:51826 - R:localhost/127.0.0.1:8083]}}, [disconnecting])
15:53:20.920 [reactor-http-nio-46] DEBUG reactor.netty.resources.PooledConnectionProvider - [id: 0xbb1400e4, L:/127.0.0.1:51826 - R:localhost/127.0.0.1:8083] Releasing channel
15:53:20.920 [reactor-http-nio-46] DEBUG reactor.netty.resources.PooledConnectionProvider - [id: 0xbb1400e4, L:/127.0.0.1:51826 - R:localhost/127.0.0.1:8083] Channel cleaned, now 100 active connections and 201 inactive connections
15:53:20.920 [reactor-http-nio-48] DEBUG reactor.netty.http.client.HttpClientOperations - [id: 0x3f7d5ef0, L:/127.0.0.1:51973 - R:localhost/127.0.0.1:8083] Received response (auto-read:false) : [Content-Type=application/json, Transfer-Encoding=chunked, Date=Wed, 15 Jun 2022 14:53:20 GMT]
15:53:20.920 [reactor-http-nio-48] DEBUG reactor.netty.resources.PooledConnectionProvider - [id: 0x3f7d5ef0, L:/127.0.0.1:51973 - R:localhost/127.0.0.1:8083] onStateChange(GET{uri=/userLocation?userId=49cba727-dc70-4c66-bd64-0564c240094d, connection=PooledConnection{channel=[id: 0x3f7d5ef0, L:/127.0.0.1:51973 - R:localhost/127.0.0.1:8083]}}, [response_received])
15:53:20.920 [reactor-http-nio-48] DEBUG org.springframework.web.reactive.function.client.ExchangeFunctions - [5cfcc101] Response 200 OK
15:53:20.920 [reactor-http-nio-48] DEBUG reactor.netty.channel.FluxReceive - [id: 0x3f7d5ef0, L:/127.0.0.1:51973 - R:localhost/127.0.0.1:8083] Subscribing inbound receiver [pending: 0, cancelled:false, inboundDone: false]
15:53:20.920 [reactor-http-nio-48] DEBUG reactor.netty.http.client.HttpClientOperations - [id: 0x3f7d5ef0, L:/127.0.0.1:51973 - R:localhost/127.0.0.1:8083] Received last HTTP packet
15:53:20.920 [reactor-http-nio-48] DEBUG org.springframework.core.codec.StringDecoder - [5cfcc101] Decoded "{"userId":"49cba727-dc70-4c66-bd64-0564c240094d","location":{"longitude":10.814771,"latitude":22.43 (truncated)...
15:53:20.920 [reactor-http-nio-48] DEBUG reactor.netty.resources.PooledConnectionProvider - [id: 0x3f7d5ef0, L:/127.0.0.1:51973 - R:localhost/127.0.0.1:8083] onStateChange(GET{uri=/userLocation?userId=49cba727-dc70-4c66-bd64-0564c240094d, connection=PooledConnection{channel=[id: 0x3f7d5ef0, L:/127.0.0.1:51973 - R:localhost/127.0.0.1:8083]}}, [disconnecting])
15:53:20.920 [reactor-http-nio-48] DEBUG reactor.netty.resources.PooledConnectionProvider - [id: 0x3f7d5ef0, L:/127.0.0.1:51973 - R:localhost/127.0.0.1:8083] Releasing channel
15:53:20.920 [reactor-http-nio-48] DEBUG reactor.netty.resources.PooledConnectionProvider - [id: 0x3f7d5ef0, L:/127.0.0.1:51973 - R:localhost/127.0.0.1:8083] Channel cleaned, now 99 active connections and 202 inactive connections
15:53:20.920 [reactor-http-nio-48] DEBUG reactor.netty.http.client.HttpClientOperations - [id: 0xa0b7be75, L:/127.0.0.1:51941 - R:localhost/127.0.0.1:8083] Received response (auto-read:false) : [Content-Type=application/json, Transfer-Encoding=chunked, Date=Wed, 15 Jun 2022 14:53:20 GMT]
15:53:20.920 [reactor-http-nio-48] DEBUG reactor.netty.resources.PooledConnectionProvider - [id: 0xa0b7be75, L:/127.0.0.1:51941 - R:localhost/127.0.0.1:8083] onStateChange(GET{uri=/userLocation?userId=7b455bbe-8dbe-44b4-a880-4a5de7a90b6b, connection=PooledConnection{channel=[id: 0xa0b7be75, L:/127.0.0.1:51941 - R:localhost/127.0.0.1:8083]}}, [response_received])
15:53:20.920 [reactor-http-nio-48] DEBUG org.springframework.web.reactive.function.client.ExchangeFunctions - [1493e981] Response 200 OK
15:53:20.921 [reactor-http-nio-48] DEBUG reactor.netty.channel.FluxReceive - [id: 0xa0b7be75, L:/127.0.0.1:51941 - R:localhost/127.0.0.1:8083] Subscribing inbound receiver [pending: 0, cancelled:false, inboundDone: false]
15:53:20.921 [reactor-http-nio-48] DEBUG reactor.netty.http.client.HttpClientOperations - [id: 0xa0b7be75, L:/127.0.0.1:51941 - R:localhost/127.0.0.1:8083] Received last HTTP packet
15:53:20.921 [reactor-http-nio-48] DEBUG org.springframework.core.codec.StringDecoder - [1493e981] Decoded "{"userId":"7b455bbe-8dbe-44b4-a880-4a5de7a90b6b","location":{"longitude":-10.810808,"latitude":-51. (truncated)...
15:53:20.921 [reactor-http-nio-48] DEBUG reactor.netty.resources.PooledConnectionProvider - [id: 0xa0b7be75, L:/127.0.0.1:51941 - R:localhost/127.0.0.1:8083] onStateChange(GET{uri=/userLocation?userId=7b455bbe-8dbe-44b4-a880-4a5de7a90b6b, connection=PooledConnection{channel=[id: 0xa0b7be75, L:/127.0.0.1:51941 - R:localhost/127.0.0.1:8083]}}, [disconnecting])
15:53:20.921 [reactor-http-nio-48] DEBUG reactor.netty.resources.PooledConnectionProvider - [id: 0xa0b7be75, L:/127.0.0.1:51941 - R:localhost/127.0.0.1:8083] Releasing channel
15:53:20.921 [reactor-http-nio-48] DEBUG reactor.netty.resources.PooledConnectionProvider - [id: 0xa0b7be75, L:/127.0.0.1:51941 - R:localhost/127.0.0.1:8083] Channel cleaned, now 98 active connections and 203 inactive connections
15:53:20.922 [reactor-http-nio-47] DEBUG reactor.netty.resources.PooledConnectionProvider - [id: 0x98143ed4, L:/127.0.0.1:51680 - R:localhost/127.0.0.1:8083] Channel acquired, now 99 active connections and 202 inactive connections
15:53:20.922 [reactor-http-nio-47] DEBUG reactor.netty.http.client.HttpClientConnect - [id: 0x98143ed4, L:/127.0.0.1:51680 - R:localhost/127.0.0.1:8083] Handler is being applied: {uri=http://localhost:8083/attractions, method=GET}
15:53:20.922 [pool-17-thread-30] INFO tourGuide.service.TourGuideService - visitedLocatio tourGuide.gpsUtil.VisitedLocation@193c9c04
15:53:20.923 [reactor-http-nio-47] DEBUG reactor.netty.resources.PooledConnectionProvider - [id: 0x98143ed4, L:/127.0.0.1:51680 - R:localhost/127.0.0.1:8083] onStateChange(GET{uri=/attractions, connection=PooledConnection{channel=[id: 0x98143ed4, L:/127.0.0.1:51680 - R:localhost/127.0.0.1:8083]}}, [request_sent])
15:53:20.923 [pool-17-thread-30] DEBUG org.springframework.web.reactive.function.client.ExchangeFunctions - [1d031bfb] HTTP GET http://localhost:8083/attractions
15:53:20.924 [pool-17-thread-14] INFO tourGuide.service.TourGuideService - visitedLocatio tourGuide.gpsUtil.VisitedLocation@523b24ee
15:53:20.924 [pool-17-thread-14] DEBUG org.springframework.web.reactive.function.client.ExchangeFunctions - [5604aa71] HTTP GET http://localhost:8083/attractions
15:53:20.926 [reactor-http-nio-46] DEBUG reactor.netty.resources.PooledConnectionProvider - [id: 0xe2f159f9, L:/127.0.0.1:51980 - R:localhost/127.0.0.1:8083] Channel acquired, now 100 active connections and 201 inactive connections
15:53:20.926 [reactor-http-nio-46] DEBUG reactor.netty.http.client.HttpClientConnect - [id: 0xe2f159f9, L:/127.0.0.1:51980 - R:localhost/127.0.0.1:8083] Handler is being applied: {uri=http://localhost:8083/attractions, method=GET}
15:53:20.926 [reactor-http-nio-48] DEBUG reactor.netty.resources.PooledConnectionProvider - [id: 0x03a75d7c, L:/127.0.0.1:51954 - R:localhost/127.0.0.1:8083] Channel acquired, now 101 active connections and 200 inactive connections
15:53:20.926 [reactor-http-nio-48] DEBUG reactor.netty.http.client.HttpClientConnect - [id: 0x03a75d7c, L:/127.0.0.1:51954 - R:localhost/127.0.0.1:8083] Handler is being applied: {uri=http://localhost:8083/attractions, method=GET}
15:53:20.927 [reactor-http-nio-48] DEBUG reactor.netty.resources.PooledConnectionProvider - [id: 0x03a75d7c, L:/127.0.0.1:51954 - R:localhost/127.0.0.1:8083] onStateChange(GET{uri=/attractions, connection=PooledConnection{channel=[id: 0x03a75d7c, L:/127.0.0.1:51954 - R:localhost/127.0.0.1:8083]}}, [request_sent])
15:53:20.927 [reactor-http-nio-46] DEBUG reactor.netty.resources.PooledConnectionProvider - [id: 0xe2f159f9, L:/127.0.0.1:51980 - R:localhost/127.0.0.1:8083] onStateChange(GET{uri=/attractions, connection=PooledConnection{channel=[id: 0xe2f159f9, L:/127.0.0.1:51980 - R:localhost/127.0.0.1:8083]}}, [request_sent])
15:53:20.927 [pool-17-thread-7] INFO tourGuide.service.TourGuideService - visitedLocatio tourGuide.gpsUtil.VisitedLocation@1a541563
15:53:20.928 [pool-17-thread-7] DEBUG org.springframework.web.reactive.function.client.ExchangeFunctions - [1e6b82f1] HTTP GET http://localhost:8083/attractions
15:53:20.931 [reactor-http-nio-46] DEBUG reactor.netty.resources.PooledConnectionProvider - [id: 0x72e5dab1, L:/127.0.0.1:51797 - R:localhost/127.0.0.1:8083] Channel acquired, now 102 active connections and 199 inactive connections
15:53:20.931 [reactor-http-nio-46] DEBUG reactor.netty.http.client.HttpClientConnect - [id: 0x72e5dab1, L:/127.0.0.1:51797 - R:localhost/127.0.0.1:8083] Handler is being applied: {uri=http://localhost:8083/attractions, method=GET}
15:53:20.932 [reactor-http-nio-46] DEBUG reactor.netty.resources.PooledConnectionProvider - [id: 0x72e5dab1, L:/127.0.0.1:51797 - R:localhost/127.0.0.1:8083] onStateChange(GET{uri=/attractions, connection=PooledConnection{channel=[id: 0x72e5dab1, L:/127.0.0.1:51797 - R:localhost/127.0.0.1:8083]}}, [request_sent])
15:53:20.935 [reactor-http-nio-46] DEBUG reactor.netty.http.client.HttpClientOperations - [id: 0x3561676c, L:/127.0.0.1:51742 - R:localhost/127.0.0.1:8083] Received response (auto-read:false) : [Content-Type=application/json, Transfer-Encoding=chunked, Date=Wed, 15 Jun 2022 14:53:20 GMT]
15:53:20.935 [reactor-http-nio-46] DEBUG reactor.netty.resources.PooledConnectionProvider - [id: 0x3561676c, L:/127.0.0.1:51742 - R:localhost/127.0.0.1:8083] onStateChange(GET{uri=/userLocation?userId=6d7f229e-22f7-4ed6-b0c8-bb32d0c14f2c, connection=PooledConnection{channel=[id: 0x3561676c, L:/127.0.0.1:51742 - R:localhost/127.0.0.1:8083]}}, [response_received])
15:53:20.935 [reactor-http-nio-46] DEBUG org.springframework.web.reactive.function.client.ExchangeFunctions - [d7817e9] Response 200 OK
15:53:20.935 [reactor-http-nio-46] DEBUG reactor.netty.channel.FluxReceive - [id: 0x3561676c, L:/127.0.0.1:51742 - R:localhost/127.0.0.1:8083] Subscribing inbound receiver [pending: 0, cancelled:false, inboundDone: false]
15:53:20.936 [reactor-http-nio-46] DEBUG reactor.netty.http.client.HttpClientOperations - [id: 0x3561676c, L:/127.0.0.1:51742 - R:localhost/127.0.0.1:8083] Received last HTTP packet
15:53:20.936 [reactor-http-nio-46] DEBUG org.springframework.core.codec.StringDecoder - [d7817e9] Decoded "{"userId":"6d7f229e-22f7-4ed6-b0c8-bb32d0c14f2c","location":{"longitude":-57.644972,"latitude":-7.6 (truncated)...
15:53:20.936 [reactor-http-nio-46] DEBUG reactor.netty.resources.PooledConnectionProvider - [id: 0x3561676c, L:/127.0.0.1:51742 - R:localhost/127.0.0.1:8083] onStateChange(GET{uri=/userLocation?userId=6d7f229e-22f7-4ed6-b0c8-bb32d0c14f2c, connection=PooledConnection{channel=[id: 0x3561676c, L:/127.0.0.1:51742 - R:localhost/127.0.0.1:8083]}}, [disconnecting])
15:53:20.936 [reactor-http-nio-46] DEBUG reactor.netty.resources.PooledConnectionProvider - [id: 0x3561676c, L:/127.0.0.1:51742 - R:localhost/127.0.0.1:8083] Releasing channel
15:53:20.936 [reactor-http-nio-46] DEBUG reactor.netty.resources.PooledConnectionProvider - [id: 0x3561676c, L:/127.0.0.1:51742 - R:localhost/127.0.0.1:8083] Channel cleaned, now 101 active connections and 200 inactive connections
15:53:20.937 [pool-17-thread-26] INFO tourGuide.service.TourGuideService - visitedLocatio tourGuide.gpsUtil.VisitedLocation@3bff836
15:53:20.937 [pool-17-thread-26] DEBUG org.springframework.web.reactive.function.client.ExchangeFunctions - [7807c99] HTTP GET http://localhost:8083/attractions
15:53:20.941 [reactor-http-nio-47] DEBUG reactor.netty.resources.PooledConnectionProvider - [id: 0x905654b3, L:/127.0.0.1:51889 - R:localhost/127.0.0.1:8083] Channel acquired, now 102 active connections and 199 inactive connections
15:53:20.941 [reactor-http-nio-47] DEBUG reactor.netty.http.client.HttpClientConnect - [id: 0x905654b3, L:/127.0.0.1:51889 - R:localhost/127.0.0.1:8083] Handler is being applied: {uri=http://localhost:8083/attractions, method=GET}
15:53:20.941 [reactor-http-nio-47] DEBUG reactor.netty.resources.PooledConnectionProvider - [id: 0x905654b3, L:/127.0.0.1:51889 - R:localhost/127.0.0.1:8083] onStateChange(GET{uri=/attractions, connection=PooledConnection{channel=[id: 0x905654b3, L:/127.0.0.1:51889 - R:localhost/127.0.0.1:8083]}}, [request_sent])
15:53:20.942 [reactor-http-nio-47] DEBUG reactor.netty.http.client.HttpClientOperations - [id: 0x3b9f7ba5, L:/127.0.0.1:51836 - R:localhost/127.0.0.1:8083] Received response (auto-read:false) : [Content-Type=application/json, Transfer-Encoding=chunked, Date=Wed, 15 Jun 2022 14:53:20 GMT]
15:53:20.942 [reactor-http-nio-47] DEBUG reactor.netty.resources.PooledConnectionProvider - [id: 0x3b9f7ba5, L:/127.0.0.1:51836 - R:localhost/127.0.0.1:8083] onStateChange(GET{uri=/userLocation?userId=5cd6f0a3-61a8-4886-bddf-27b0f3f866a0, connection=PooledConnection{channel=[id: 0x3b9f7ba5, L:/127.0.0.1:51836 - R:localhost/127.0.0.1:8083]}}, [response_received])
15:53:20.949 [reactor-http-nio-47] DEBUG org.springframework.web.reactive.function.client.ExchangeFunctions - [26b5b084] Response 200 OK
15:53:20.949 [reactor-http-nio-47] DEBUG reactor.netty.channel.FluxReceive - [id: 0x3b9f7ba5, L:/127.0.0.1:51836 - R:localhost/127.0.0.1:8083] Subscribing inbound receiver [pending: 0, cancelled:false, inboundDone: false]
15:53:20.950 [reactor-http-nio-47] DEBUG reactor.netty.http.client.HttpClientOperations - [id: 0x3b9f7ba5, L:/127.0.0.1:51836 - R:localhost/127.0.0.1:8083] Received last HTTP packet
15:53:20.950 [reactor-http-nio-47] DEBUG org.springframework.core.codec.StringDecoder - [26b5b084] Decoded "{"userId":"5cd6f0a3-61a8-4886-bddf-27b0f3f866a0","location":{"longitude":-6.534355,"latitude":28.29 (truncated)...
15:53:20.950 [reactor-http-nio-47] DEBUG reactor.netty.resources.PooledConnectionProvider - [id: 0x3b9f7ba5, L:/127.0.0.1:51836 - R:localhost/127.0.0.1:8083] onStateChange(GET{uri=/userLocation?userId=5cd6f0a3-61a8-4886-bddf-27b0f3f866a0, connection=PooledConnection{channel=[id: 0x3b9f7ba5, L:/127.0.0.1:51836 - R:localhost/127.0.0.1:8083]}}, [disconnecting])
15:53:20.950 [reactor-http-nio-47] DEBUG reactor.netty.resources.PooledConnectionProvider - [id: 0x3b9f7ba5, L:/127.0.0.1:51836 - R:localhost/127.0.0.1:8083] Releasing channel
15:53:20.950 [reactor-http-nio-47] DEBUG reactor.netty.resources.PooledConnectionProvider - [id: 0x3b9f7ba5, L:/127.0.0.1:51836 - R:localhost/127.0.0.1:8083] Channel cleaned, now 101 active connections and 200 inactive connections
15:53:20.950 [reactor-http-nio-41] DEBUG reactor.netty.http.client.HttpClientOperations - [id: 0x4f2e6241, L:/127.0.0.1:51772 - R:localhost/127.0.0.1:8083] Received response (auto-read:false) : [Content-Type=application/json, Transfer-Encoding=chunked, Date=Wed, 15 Jun 2022 14:53:20 GMT]
15:53:20.950 [reactor-http-nio-41] DEBUG reactor.netty.resources.PooledConnectionProvider - [id: 0x4f2e6241, L:/127.0.0.1:51772 - R:localhost/127.0.0.1:8083] onStateChange(GET{uri=/userLocation?userId=95d9ab6e-beb1-4be0-a4bc-59825ee7fd5f, connection=PooledConnection{channel=[id: 0x4f2e6241, L:/127.0.0.1:51772 - R:localhost/127.0.0.1:8083]}}, [response_received])
15:53:20.950 [reactor-http-nio-41] DEBUG org.springframework.web.reactive.function.client.ExchangeFunctions - [6a24bf77] Response 200 OK
15:53:20.950 [reactor-http-nio-41] DEBUG reactor.netty.channel.FluxReceive - [id: 0x4f2e6241, L:/127.0.0.1:51772 - R:localhost/127.0.0.1:8083] Subscribing inbound receiver [pending: 0, cancelled:false, inboundDone: false]
15:53:20.951 [pool-17-thread-4] INFO tourGuide.service.TourGuideService - visitedLocatio tourGuide.gpsUtil.VisitedLocation@28725a22
15:53:20.951 [reactor-http-nio-41] DEBUG reactor.netty.http.client.HttpClientOperations - [id: 0x4f2e6241, L:/127.0.0.1:51772 - R:localhost/127.0.0.1:8083] Received last HTTP packet
15:53:20.951 [reactor-http-nio-41] DEBUG org.springframework.core.codec.StringDecoder - [6a24bf77] Decoded "{"userId":"95d9ab6e-beb1-4be0-a4bc-59825ee7fd5f","location":{"longitude":-13.942669,"latitude":-28. (truncated)...
15:53:20.952 [reactor-http-nio-41] DEBUG reactor.netty.resources.PooledConnectionProvider - [id: 0x4f2e6241, L:/127.0.0.1:51772 - R:localhost/127.0.0.1:8083] onStateChange(GET{uri=/userLocation?userId=95d9ab6e-beb1-4be0-a4bc-59825ee7fd5f, connection=PooledConnection{channel=[id: 0x4f2e6241, L:/127.0.0.1:51772 - R:localhost/127.0.0.1:8083]}}, [disconnecting])
15:53:20.952 [reactor-http-nio-41] DEBUG reactor.netty.resources.PooledConnectionProvider - [id: 0x4f2e6241, L:/127.0.0.1:51772 - R:localhost/127.0.0.1:8083] Releasing channel
15:53:20.952 [reactor-http-nio-41] DEBUG reactor.netty.resources.PooledConnectionProvider - [id: 0x4f2e6241, L:/127.0.0.1:51772 - R:localhost/127.0.0.1:8083] Channel cleaned, now 100 active connections and 201 inactive connections
15:53:20.952 [pool-17-thread-4] DEBUG org.springframework.web.reactive.function.client.ExchangeFunctions - [2c4ddbf4] HTTP GET http://localhost:8083/attractions
15:53:20.953 [pool-17-thread-25] INFO tourGuide.service.TourGuideService - visitedLocatio tourGuide.gpsUtil.VisitedLocation@64e35c43
15:53:20.954 [pool-17-thread-25] DEBUG org.springframework.web.reactive.function.client.ExchangeFunctions - [60dcd407] HTTP GET http://localhost:8083/attractions
15:53:20.954 [reactor-http-nio-41] DEBUG reactor.netty.resources.PooledConnectionProvider - [id: 0x58b3b7bf, L:/127.0.0.1:51717 - R:localhost/127.0.0.1:8083] Channel acquired, now 101 active connections and 200 inactive connections
15:53:20.955 [reactor-http-nio-41] DEBUG reactor.netty.http.client.HttpClientConnect - [id: 0x58b3b7bf, L:/127.0.0.1:51717 - R:localhost/127.0.0.1:8083] Handler is being applied: {uri=http://localhost:8083/attractions, method=GET}
15:53:20.955 [reactor-http-nio-41] DEBUG reactor.netty.resources.PooledConnectionProvider - [id: 0x58b3b7bf, L:/127.0.0.1:51717 - R:localhost/127.0.0.1:8083] onStateChange(GET{uri=/attractions, connection=PooledConnection{channel=[id: 0x58b3b7bf, L:/127.0.0.1:51717 - R:localhost/127.0.0.1:8083]}}, [request_sent])
15:53:20.956 [reactor-http-nio-41] DEBUG reactor.netty.http.client.HttpClientOperations - [id: 0x67f8f13a, L:/127.0.0.1:51763 - R:localhost/127.0.0.1:8083] Received response (auto-read:false) : [Content-Type=application/json, Transfer-Encoding=chunked, Date=Wed, 15 Jun 2022 14:53:20 GMT]
15:53:20.956 [reactor-http-nio-41] DEBUG reactor.netty.resources.PooledConnectionProvider - [id: 0x67f8f13a, L:/127.0.0.1:51763 - R:localhost/127.0.0.1:8083] onStateChange(GET{uri=/userLocation?userId=1d04b2e0-0f1a-47a7-95ab-fc80dac1c1fe, connection=PooledConnection{channel=[id: 0x67f8f13a, L:/127.0.0.1:51763 - R:localhost/127.0.0.1:8083]}}, [response_received])
15:53:20.956 [reactor-http-nio-41] DEBUG org.springframework.web.reactive.function.client.ExchangeFunctions - [3325239] Response 200 OK
15:53:20.957 [reactor-http-nio-41] DEBUG reactor.netty.channel.FluxReceive - [id: 0x67f8f13a, L:/127.0.0.1:51763 - R:localhost/127.0.0.1:8083] Subscribing inbound receiver [pending: 0, cancelled:false, inboundDone: false]
15:53:20.958 [reactor-http-nio-41] DEBUG reactor.netty.http.client.HttpClientOperations - [id: 0x67f8f13a, L:/127.0.0.1:51763 - R:localhost/127.0.0.1:8083] Received last HTTP packet
15:53:20.958 [reactor-http-nio-41] DEBUG org.springframework.core.codec.StringDecoder - [3325239] Decoded "{"userId":"1d04b2e0-0f1a-47a7-95ab-fc80dac1c1fe","location":{"longitude":-79.875191,"latitude":-37. (truncated)...
15:53:20.958 [reactor-http-nio-41] DEBUG reactor.netty.resources.PooledConnectionProvider - [id: 0x67f8f13a, L:/127.0.0.1:51763 - R:localhost/127.0.0.1:8083] onStateChange(GET{uri=/userLocation?userId=1d04b2e0-0f1a-47a7-95ab-fc80dac1c1fe, connection=PooledConnection{channel=[id: 0x67f8f13a, L:/127.0.0.1:51763 - R:localhost/127.0.0.1:8083]}}, [disconnecting])
15:53:20.958 [reactor-http-nio-41] DEBUG reactor.netty.resources.PooledConnectionProvider - [id: 0x67f8f13a, L:/127.0.0.1:51763 - R:localhost/127.0.0.1:8083] Releasing channel
15:53:20.958 [reactor-http-nio-41] DEBUG reactor.netty.resources.PooledConnectionProvider - [id: 0x67f8f13a, L:/127.0.0.1:51763 - R:localhost/127.0.0.1:8083] Channel cleaned, now 100 active connections and 201 inactive connections
15:53:20.959 [reactor-http-nio-46] DEBUG reactor.netty.http.client.HttpClientOperations - [id: 0x814e535a, L:/127.0.0.1:51791 - R:localhost/127.0.0.1:8083] Received response (auto-read:false) : [Content-Type=application/json, Transfer-Encoding=chunked, Date=Wed, 15 Jun 2022 14:53:20 GMT]
15:53:20.959 [reactor-http-nio-46] DEBUG reactor.netty.resources.PooledConnectionProvider - [id: 0x814e535a, L:/127.0.0.1:51791 - R:localhost/127.0.0.1:8083] onStateChange(GET{uri=/userLocation?userId=abeee2b1-4068-4a63-8152-c9a9050981b4, connection=PooledConnection{channel=[id: 0x814e535a, L:/127.0.0.1:51791 - R:localhost/127.0.0.1:8083]}}, [response_received])
15:53:20.959 [reactor-http-nio-46] DEBUG org.springframework.web.reactive.function.client.ExchangeFunctions - [5a792f6f] Response 200 OK
15:53:20.959 [reactor-http-nio-46] DEBUG reactor.netty.channel.FluxReceive - [id: 0x814e535a, L:/127.0.0.1:51791 - R:localhost/127.0.0.1:8083] Subscribing inbound receiver [pending: 0, cancelled:false, inboundDone: false]
15:53:20.959 [reactor-http-nio-46] DEBUG reactor.netty.http.client.HttpClientOperations - [id: 0x814e535a, L:/127.0.0.1:51791 - R:localhost/127.0.0.1:8083] Received last HTTP packet
15:53:20.959 [reactor-http-nio-46] DEBUG org.springframework.core.codec.StringDecoder - [5a792f6f] Decoded "{"userId":"abeee2b1-4068-4a63-8152-c9a9050981b4","location":{"longitude":30.881758,"latitude":-62.1 (truncated)...
15:53:20.959 [reactor-http-nio-46] DEBUG reactor.netty.resources.PooledConnectionProvider - [id: 0x814e535a, L:/127.0.0.1:51791 - R:localhost/127.0.0.1:8083] onStateChange(GET{uri=/userLocation?userId=abeee2b1-4068-4a63-8152-c9a9050981b4, connection=PooledConnection{channel=[id: 0x814e535a, L:/127.0.0.1:51791 - R:localhost/127.0.0.1:8083]}}, [disconnecting])
15:53:20.959 [reactor-http-nio-46] DEBUG reactor.netty.resources.PooledConnectionProvider - [id: 0x814e535a, L:/127.0.0.1:51791 - R:localhost/127.0.0.1:8083] Releasing channel
15:53:20.959 [reactor-http-nio-46] DEBUG reactor.netty.resources.PooledConnectionProvider - [id: 0x814e535a, L:/127.0.0.1:51791 - R:localhost/127.0.0.1:8083] Channel cleaned, now 99 active connections and 202 inactive connections
15:53:20.959 [reactor-http-nio-46] DEBUG reactor.netty.resources.PooledConnectionProvider - [id: 0xd99a3f51, L:/127.0.0.1:51806 - R:localhost/127.0.0.1:8083] Channel acquired, now 100 active connections and 201 inactive connections
15:53:20.959 [reactor-http-nio-46] DEBUG reactor.netty.http.client.HttpClientConnect - [id: 0xd99a3f51, L:/127.0.0.1:51806 - R:localhost/127.0.0.1:8083] Handler is being applied: {uri=http://localhost:8083/attractions, method=GET}
15:53:20.961 [reactor-http-nio-46] DEBUG reactor.netty.resources.PooledConnectionProvider - [id: 0xd99a3f51, L:/127.0.0.1:51806 - R:localhost/127.0.0.1:8083] onStateChange(GET{uri=/attractions, connection=PooledConnection{channel=[id: 0xd99a3f51, L:/127.0.0.1:51806 - R:localhost/127.0.0.1:8083]}}, [request_sent])
15:53:20.961 [pool-17-thread-10] INFO tourGuide.service.TourGuideService - visitedLocatio tourGuide.gpsUtil.VisitedLocation@df5bc2f
15:53:20.961 [pool-17-thread-10] DEBUG org.springframework.web.reactive.function.client.ExchangeFunctions - [9ca3949] HTTP GET http://localhost:8083/attractions
15:53:20.964 [reactor-http-nio-46] DEBUG reactor.netty.resources.PooledConnectionProvider - [id: 0x6dee6723, L:/127.0.0.1:51807 - R:localhost/127.0.0.1:8083] Channel acquired, now 101 active connections and 200 inactive connections
15:53:20.964 [reactor-http-nio-46] DEBUG reactor.netty.http.client.HttpClientConnect - [id: 0x6dee6723, L:/127.0.0.1:51807 - R:localhost/127.0.0.1:8083] Handler is being applied: {uri=http://localhost:8083/attractions, method=GET}
15:53:20.965 [reactor-http-nio-46] DEBUG reactor.netty.resources.PooledConnectionProvider - [id: 0x6dee6723, L:/127.0.0.1:51807 - R:localhost/127.0.0.1:8083] onStateChange(GET{uri=/attractions, connection=PooledConnection{channel=[id: 0x6dee6723, L:/127.0.0.1:51807 - R:localhost/127.0.0.1:8083]}}, [request_sent])
15:53:20.966 [pool-17-thread-29] INFO tourGuide.service.TourGuideService - visitedLocatio tourGuide.gpsUtil.VisitedLocation@54beca50
15:53:20.967 [pool-17-thread-29] DEBUG org.springframework.web.reactive.function.client.ExchangeFunctions - [5081441f] HTTP GET http://localhost:8083/attractions
15:53:20.967 [reactor-http-nio-46] DEBUG reactor.netty.http.client.HttpClientOperations - [id: 0x38c41c97, L:/127.0.0.1:51784 - R:localhost/127.0.0.1:8083] Received response (auto-read:false) : [Content-Type=application/json, Transfer-Encoding=chunked, Date=Wed, 15 Jun 2022 14:53:20 GMT]
15:53:20.967 [reactor-http-nio-46] DEBUG reactor.netty.resources.PooledConnectionProvider - [id: 0x38c41c97, L:/127.0.0.1:51784 - R:localhost/127.0.0.1:8083] onStateChange(GET{uri=/userLocation?userId=e07a2260-8bc5-4179-b12d-bef6c34601a4, connection=PooledConnection{channel=[id: 0x38c41c97, L:/127.0.0.1:51784 - R:localhost/127.0.0.1:8083]}}, [response_received])
15:53:20.967 [reactor-http-nio-46] DEBUG org.springframework.web.reactive.function.client.ExchangeFunctions - [1536c523] Response 200 OK
15:53:20.967 [reactor-http-nio-46] DEBUG reactor.netty.channel.FluxReceive - [id: 0x38c41c97, L:/127.0.0.1:51784 - R:localhost/127.0.0.1:8083] Subscribing inbound receiver [pending: 0, cancelled:false, inboundDone: false]
15:53:20.967 [reactor-http-nio-46] DEBUG reactor.netty.http.client.HttpClientOperations - [id: 0x38c41c97, L:/127.0.0.1:51784 - R:localhost/127.0.0.1:8083] Received last HTTP packet
15:53:20.967 [reactor-http-nio-46] DEBUG org.springframework.core.codec.StringDecoder - [1536c523] Decoded "{"userId":"e07a2260-8bc5-4179-b12d-bef6c34601a4","location":{"longitude":-95.834094,"latitude":65.5 (truncated)...
15:53:20.967 [reactor-http-nio-46] DEBUG reactor.netty.resources.PooledConnectionProvider - [id: 0x38c41c97, L:/127.0.0.1:51784 - R:localhost/127.0.0.1:8083] onStateChange(GET{uri=/userLocation?userId=e07a2260-8bc5-4179-b12d-bef6c34601a4, connection=PooledConnection{channel=[id: 0x38c41c97, L:/127.0.0.1:51784 - R:localhost/127.0.0.1:8083]}}, [disconnecting])
15:53:20.967 [reactor-http-nio-46] DEBUG reactor.netty.resources.PooledConnectionProvider - [id: 0x38c41c97, L:/127.0.0.1:51784 - R:localhost/127.0.0.1:8083] Releasing channel
15:53:20.967 [reactor-http-nio-46] DEBUG reactor.netty.resources.PooledConnectionProvider - [id: 0x38c41c97, L:/127.0.0.1:51784 - R:localhost/127.0.0.1:8083] Channel cleaned, now 100 active connections and 201 inactive connections
15:53:20.968 [pool-17-thread-3] INFO tourGuide.service.TourGuideService - visitedLocatio tourGuide.gpsUtil.VisitedLocation@1bf139f5
15:53:20.968 [pool-17-thread-3] DEBUG org.springframework.web.reactive.function.client.ExchangeFunctions - [1fceae53] HTTP GET http://localhost:8083/attractions
15:53:20.970 [reactor-http-nio-41] DEBUG reactor.netty.resources.PooledConnectionProvider - [id: 0x030e65b7, L:/127.0.0.1:51777 - R:localhost/127.0.0.1:8083] Channel acquired, now 101 active connections and 200 inactive connections
15:53:20.970 [reactor-http-nio-41] DEBUG reactor.netty.http.client.HttpClientConnect - [id: 0x030e65b7, L:/127.0.0.1:51777 - R:localhost/127.0.0.1:8083] Handler is being applied: {uri=http://localhost:8083/attractions, method=GET}
15:53:20.970 [reactor-http-nio-41] DEBUG reactor.netty.resources.PooledConnectionProvider - [id: 0x030e65b7, L:/127.0.0.1:51777 - R:localhost/127.0.0.1:8083] onStateChange(GET{uri=/attractions, connection=PooledConnection{channel=[id: 0x030e65b7, L:/127.0.0.1:51777 - R:localhost/127.0.0.1:8083]}}, [request_sent])
15:53:20.970 [reactor-http-nio-47] DEBUG reactor.netty.resources.PooledConnectionProvider - [id: 0xd1ebbc3a, L:/127.0.0.1:51690 - R:localhost/127.0.0.1:8083] Channel acquired, now 102 active connections and 199 inactive connections
15:53:20.970 [reactor-http-nio-47] DEBUG reactor.netty.http.client.HttpClientConnect - [id: 0xd1ebbc3a, L:/127.0.0.1:51690 - R:localhost/127.0.0.1:8083] Handler is being applied: {uri=http://localhost:8083/attractions, method=GET}
15:53:20.971 [reactor-http-nio-47] DEBUG reactor.netty.resources.PooledConnectionProvider - [id: 0xd1ebbc3a, L:/127.0.0.1:51690 - R:localhost/127.0.0.1:8083] onStateChange(GET{uri=/attractions, connection=PooledConnection{channel=[id: 0xd1ebbc3a, L:/127.0.0.1:51690 - R:localhost/127.0.0.1:8083]}}, [request_sent])
15:53:20.972 [reactor-http-nio-41] DEBUG reactor.netty.http.client.HttpClientOperations - [id: 0x9badb85a, L:/127.0.0.1:51726 - R:localhost/127.0.0.1:8083] Received response (auto-read:false) : [Content-Type=application/json, Transfer-Encoding=chunked, Date=Wed, 15 Jun 2022 14:53:20 GMT]
15:53:20.972 [reactor-http-nio-41] DEBUG reactor.netty.resources.PooledConnectionProvider - [id: 0x9badb85a, L:/127.0.0.1:51726 - R:localhost/127.0.0.1:8083] onStateChange(GET{uri=/userLocation?userId=b9874e81-20c6-4ac4-9e76-21d3af91b9d9, connection=PooledConnection{channel=[id: 0x9badb85a, L:/127.0.0.1:51726 - R:localhost/127.0.0.1:8083]}}, [response_received])
15:53:20.972 [reactor-http-nio-41] DEBUG org.springframework.web.reactive.function.client.ExchangeFunctions - [1fab1da0] Response 200 OK
15:53:20.973 [reactor-http-nio-41] DEBUG reactor.netty.channel.FluxReceive - [id: 0x9badb85a, L:/127.0.0.1:51726 - R:localhost/127.0.0.1:8083] Subscribing inbound receiver [pending: 0, cancelled:false, inboundDone: false]
15:53:20.973 [reactor-http-nio-46] DEBUG reactor.netty.http.client.HttpClientOperations - [id: 0xab4988d5, L:/127.0.0.1:51831 - R:localhost/127.0.0.1:8083] Received response (auto-read:false) : [Content-Type=application/json, Transfer-Encoding=chunked, Date=Wed, 15 Jun 2022 14:53:20 GMT]
15:53:20.973 [reactor-http-nio-46] DEBUG reactor.netty.resources.PooledConnectionProvider - [id: 0xab4988d5, L:/127.0.0.1:51831 - R:localhost/127.0.0.1:8083] onStateChange(GET{uri=/userLocation?userId=3d8870a2-1e5e-4ab5-8e06-2954274397fb, connection=PooledConnection{channel=[id: 0xab4988d5, L:/127.0.0.1:51831 - R:localhost/127.0.0.1:8083]}}, [response_received])
15:53:20.973 [reactor-http-nio-46] DEBUG org.springframework.web.reactive.function.client.ExchangeFunctions - [6e76f4fd] Response 200 OK
15:53:20.973 [reactor-http-nio-41] DEBUG reactor.netty.http.client.HttpClientOperations - [id: 0x9badb85a, L:/127.0.0.1:51726 - R:localhost/127.0.0.1:8083] Received last HTTP packet
15:53:20.973 [reactor-http-nio-41] DEBUG org.springframework.core.codec.StringDecoder - [1fab1da0] Decoded "{"userId":"b9874e81-20c6-4ac4-9e76-21d3af91b9d9","location":{"longitude":-142.78191,"latitude":-58. (truncated)...
15:53:20.973 [reactor-http-nio-46] DEBUG reactor.netty.channel.FluxReceive - [id: 0xab4988d5, L:/127.0.0.1:51831 - R:localhost/127.0.0.1:8083] Subscribing inbound receiver [pending: 0, cancelled:false, inboundDone: false]
15:53:20.973 [reactor-http-nio-46] DEBUG reactor.netty.http.client.HttpClientOperations - [id: 0xab4988d5, L:/127.0.0.1:51831 - R:localhost/127.0.0.1:8083] Received last HTTP packet
15:53:20.973 [reactor-http-nio-46] DEBUG org.springframework.core.codec.StringDecoder - [6e76f4fd] Decoded "{"userId":"3d8870a2-1e5e-4ab5-8e06-2954274397fb","location":{"longitude":109.173409,"latitude":70.6 (truncated)...
15:53:20.973 [reactor-http-nio-41] DEBUG reactor.netty.resources.PooledConnectionProvider - [id: 0x9badb85a, L:/127.0.0.1:51726 - R:localhost/127.0.0.1:8083] onStateChange(GET{uri=/userLocation?userId=b9874e81-20c6-4ac4-9e76-21d3af91b9d9, connection=PooledConnection{channel=[id: 0x9badb85a, L:/127.0.0.1:51726 - R:localhost/127.0.0.1:8083]}}, [disconnecting])
15:53:20.973 [reactor-http-nio-41] DEBUG reactor.netty.resources.PooledConnectionProvider - [id: 0x9badb85a, L:/127.0.0.1:51726 - R:localhost/127.0.0.1:8083] Releasing channel
15:53:20.973 [reactor-http-nio-48] DEBUG reactor.netty.http.client.HttpClientOperations - [id: 0x6a55ffeb, L:/127.0.0.1:51975 - R:localhost/127.0.0.1:8083] Received response (auto-read:false) : [Content-Type=application/json, Transfer-Encoding=chunked, Date=Wed, 15 Jun 2022 14:53:20 GMT]
15:53:20.973 [reactor-http-nio-46] DEBUG reactor.netty.resources.PooledConnectionProvider - [id: 0xab4988d5, L:/127.0.0.1:51831 - R:localhost/127.0.0.1:8083] onStateChange(GET{uri=/userLocation?userId=3d8870a2-1e5e-4ab5-8e06-2954274397fb, connection=PooledConnection{channel=[id: 0xab4988d5, L:/127.0.0.1:51831 - R:localhost/127.0.0.1:8083]}}, [disconnecting])
15:53:20.973 [reactor-http-nio-46] DEBUG reactor.netty.resources.PooledConnectionProvider - [id: 0xab4988d5, L:/127.0.0.1:51831 - R:localhost/127.0.0.1:8083] Releasing channel
15:53:20.973 [reactor-http-nio-41] DEBUG reactor.netty.resources.PooledConnectionProvider - [id: 0x9badb85a, L:/127.0.0.1:51726 - R:localhost/127.0.0.1:8083] Channel cleaned, now 101 active connections and 200 inactive connections
15:53:20.973 [reactor-http-nio-48] DEBUG reactor.netty.resources.PooledConnectionProvider - [id: 0x6a55ffeb, L:/127.0.0.1:51975 - R:localhost/127.0.0.1:8083] onStateChange(GET{uri=/userLocation?userId=5a2625a0-439b-4c56-a781-879e2269aecc, connection=PooledConnection{channel=[id: 0x6a55ffeb, L:/127.0.0.1:51975 - R:localhost/127.0.0.1:8083]}}, [response_received])
15:53:20.973 [reactor-http-nio-48] DEBUG org.springframework.web.reactive.function.client.ExchangeFunctions - [2afcd44b] Response 200 OK
15:53:20.973 [reactor-http-nio-48] DEBUG reactor.netty.channel.FluxReceive - [id: 0x6a55ffeb, L:/127.0.0.1:51975 - R:localhost/127.0.0.1:8083] Subscribing inbound receiver [pending: 0, cancelled:false, inboundDone: false]
15:53:20.973 [reactor-http-nio-48] DEBUG reactor.netty.http.client.HttpClientOperations - [id: 0x6a55ffeb, L:/127.0.0.1:51975 - R:localhost/127.0.0.1:8083] Received last HTTP packet
15:53:20.973 [reactor-http-nio-46] DEBUG reactor.netty.resources.PooledConnectionProvider - [id: 0xab4988d5, L:/127.0.0.1:51831 - R:localhost/127.0.0.1:8083] Channel cleaned, now 100 active connections and 201 inactive connections
15:53:20.973 [reactor-http-nio-48] DEBUG org.springframework.core.codec.StringDecoder - [2afcd44b] Decoded "{"userId":"5a2625a0-439b-4c56-a781-879e2269aecc","location":{"longitude":-75.469831,"latitude":-38. (truncated)...
15:53:20.973 [reactor-http-nio-48] DEBUG reactor.netty.resources.PooledConnectionProvider - [id: 0x6a55ffeb, L:/127.0.0.1:51975 - R:localhost/127.0.0.1:8083] onStateChange(GET{uri=/userLocation?userId=5a2625a0-439b-4c56-a781-879e2269aecc, connection=PooledConnection{channel=[id: 0x6a55ffeb, L:/127.0.0.1:51975 - R:localhost/127.0.0.1:8083]}}, [disconnecting])
15:53:20.973 [reactor-http-nio-48] DEBUG reactor.netty.resources.PooledConnectionProvider - [id: 0x6a55ffeb, L:/127.0.0.1:51975 - R:localhost/127.0.0.1:8083] Releasing channel
15:53:20.973 [reactor-http-nio-48] DEBUG reactor.netty.resources.PooledConnectionProvider - [id: 0x6a55ffeb, L:/127.0.0.1:51975 - R:localhost/127.0.0.1:8083] Channel cleaned, now 99 active connections and 202 inactive connections
15:53:20.973 [reactor-http-nio-41] DEBUG reactor.netty.http.client.HttpClientOperations - [id: 0x4b9fbeb1, L:/127.0.0.1:51745 - R:localhost/127.0.0.1:8083] Received response (auto-read:false) : [Content-Type=application/json, Transfer-Encoding=chunked, Date=Wed, 15 Jun 2022 14:53:20 GMT]
15:53:20.973 [reactor-http-nio-41] DEBUG reactor.netty.resources.PooledConnectionProvider - [id: 0x4b9fbeb1, L:/127.0.0.1:51745 - R:localhost/127.0.0.1:8083] onStateChange(GET{uri=/userLocation?userId=c5df014a-5668-43c7-ba8c-b49183ea6ac1, connection=PooledConnection{channel=[id: 0x4b9fbeb1, L:/127.0.0.1:51745 - R:localhost/127.0.0.1:8083]}}, [response_received])
15:53:20.973 [reactor-http-nio-46] DEBUG reactor.netty.http.client.HttpClientOperations - [id: 0x7fca3ae3, L:/127.0.0.1:51782 - R:localhost/127.0.0.1:8083] Received response (auto-read:false) : [Content-Type=application/json, Transfer-Encoding=chunked, Date=Wed, 15 Jun 2022 14:53:20 GMT]
15:53:20.973 [reactor-http-nio-46] DEBUG reactor.netty.resources.PooledConnectionProvider - [id: 0x7fca3ae3, L:/127.0.0.1:51782 - R:localhost/127.0.0.1:8083] onStateChange(GET{uri=/userLocation?userId=8d03f989-afd7-4cd3-b187-68860d3fc6e1, connection=PooledConnection{channel=[id: 0x7fca3ae3, L:/127.0.0.1:51782 - R:localhost/127.0.0.1:8083]}}, [response_received])
15:53:20.973 [reactor-http-nio-41] DEBUG org.springframework.web.reactive.function.client.ExchangeFunctions - [499230c0] Response 200 OK
15:53:20.974 [reactor-http-nio-46] DEBUG org.springframework.web.reactive.function.client.ExchangeFunctions - [50967cd6] Response 200 OK
15:53:20.974 [reactor-http-nio-46] DEBUG reactor.netty.channel.FluxReceive - [id: 0x7fca3ae3, L:/127.0.0.1:51782 - R:localhost/127.0.0.1:8083] Subscribing inbound receiver [pending: 0, cancelled:false, inboundDone: false]
15:53:20.974 [reactor-http-nio-41] DEBUG reactor.netty.channel.FluxReceive - [id: 0x4b9fbeb1, L:/127.0.0.1:51745 - R:localhost/127.0.0.1:8083] Subscribing inbound receiver [pending: 0, cancelled:false, inboundDone: false]
15:53:20.974 [reactor-http-nio-46] DEBUG reactor.netty.http.client.HttpClientOperations - [id: 0x7fca3ae3, L:/127.0.0.1:51782 - R:localhost/127.0.0.1:8083] Received last HTTP packet
15:53:20.974 [reactor-http-nio-46] DEBUG org.springframework.core.codec.StringDecoder - [50967cd6] Decoded "{"userId":"8d03f989-afd7-4cd3-b187-68860d3fc6e1","location":{"longitude":-60.231891,"latitude":53.3 (truncated)...
15:53:20.974 [reactor-http-nio-46] DEBUG reactor.netty.resources.PooledConnectionProvider - [id: 0x7fca3ae3, L:/127.0.0.1:51782 - R:localhost/127.0.0.1:8083] onStateChange(GET{uri=/userLocation?userId=8d03f989-afd7-4cd3-b187-68860d3fc6e1, connection=PooledConnection{channel=[id: 0x7fca3ae3, L:/127.0.0.1:51782 - R:localhost/127.0.0.1:8083]}}, [disconnecting])
15:53:20.974 [reactor-http-nio-46] DEBUG reactor.netty.resources.PooledConnectionProvider - [id: 0x7fca3ae3, L:/127.0.0.1:51782 - R:localhost/127.0.0.1:8083] Releasing channel
15:53:20.974 [reactor-http-nio-41] DEBUG reactor.netty.http.client.HttpClientOperations - [id: 0x26eb73e5, L:/127.0.0.1:51781 - R:localhost/127.0.0.1:8083] Received response (auto-read:false) : [Content-Type=application/json, Transfer-Encoding=chunked, Date=Wed, 15 Jun 2022 14:53:20 GMT]
15:53:20.974 [reactor-http-nio-46] DEBUG reactor.netty.resources.PooledConnectionProvider - [id: 0x7fca3ae3, L:/127.0.0.1:51782 - R:localhost/127.0.0.1:8083] Channel cleaned, now 98 active connections and 203 inactive connections
15:53:20.974 [reactor-http-nio-41] DEBUG reactor.netty.resources.PooledConnectionProvider - [id: 0x26eb73e5, L:/127.0.0.1:51781 - R:localhost/127.0.0.1:8083] onStateChange(GET{uri=/userLocation?userId=a6081a13-b77e-4da1-83b4-0b13c70eecdf, connection=PooledConnection{channel=[id: 0x26eb73e5, L:/127.0.0.1:51781 - R:localhost/127.0.0.1:8083]}}, [response_received])
15:53:20.974 [reactor-http-nio-41] DEBUG org.springframework.web.reactive.function.client.ExchangeFunctions - [4946bff3] Response 200 OK
15:53:20.974 [reactor-http-nio-41] DEBUG reactor.netty.channel.FluxReceive - [id: 0x26eb73e5, L:/127.0.0.1:51781 - R:localhost/127.0.0.1:8083] Subscribing inbound receiver [pending: 0, cancelled:false, inboundDone: false]
15:53:20.974 [reactor-http-nio-41] DEBUG reactor.netty.http.client.HttpClientOperations - [id: 0x26eb73e5, L:/127.0.0.1:51781 - R:localhost/127.0.0.1:8083] Received last HTTP packet
15:53:20.974 [reactor-http-nio-41] DEBUG org.springframework.core.codec.StringDecoder - [4946bff3] Decoded "{"userId":"a6081a13-b77e-4da1-83b4-0b13c70eecdf","location":{"longitude":-77.987261,"latitude":-83. (truncated)...
15:53:20.974 [reactor-http-nio-41] DEBUG reactor.netty.resources.PooledConnectionProvider - [id: 0x26eb73e5, L:/127.0.0.1:51781 - R:localhost/127.0.0.1:8083] onStateChange(GET{uri=/userLocation?userId=a6081a13-b77e-4da1-83b4-0b13c70eecdf, connection=PooledConnection{channel=[id: 0x26eb73e5, L:/127.0.0.1:51781 - R:localhost/127.0.0.1:8083]}}, [disconnecting])
15:53:20.974 [reactor-http-nio-41] DEBUG reactor.netty.resources.PooledConnectionProvider - [id: 0x26eb73e5, L:/127.0.0.1:51781 - R:localhost/127.0.0.1:8083] Releasing channel
15:53:20.974 [reactor-http-nio-41] DEBUG reactor.netty.resources.PooledConnectionProvider - [id: 0x26eb73e5, L:/127.0.0.1:51781 - R:localhost/127.0.0.1:8083] Channel cleaned, now 97 active connections and 204 inactive connections
15:53:20.975 [pool-17-thread-24] INFO tourGuide.service.TourGuideService - visitedLocatio tourGuide.gpsUtil.VisitedLocation@116ce025
15:53:20.976 [pool-17-thread-24] DEBUG org.springframework.web.reactive.function.client.ExchangeFunctions - [155376d0] HTTP GET http://localhost:8083/attractions
15:53:20.979 [reactor-http-nio-46] DEBUG reactor.netty.resources.PooledConnectionProvider - [id: 0xd8e5c342, L:/127.0.0.1:51820 - R:localhost/127.0.0.1:8083] Channel acquired, now 98 active connections and 203 inactive connections
15:53:20.979 [reactor-http-nio-46] DEBUG reactor.netty.http.client.HttpClientConnect - [id: 0xd8e5c342, L:/127.0.0.1:51820 - R:localhost/127.0.0.1:8083] Handler is being applied: {uri=http://localhost:8083/attractions, method=GET}
15:53:20.979 [reactor-http-nio-46] DEBUG reactor.netty.resources.PooledConnectionProvider - [id: 0xd8e5c342, L:/127.0.0.1:51820 - R:localhost/127.0.0.1:8083] onStateChange(GET{uri=/attractions, connection=PooledConnection{channel=[id: 0xd8e5c342, L:/127.0.0.1:51820 - R:localhost/127.0.0.1:8083]}}, [request_sent])
15:53:20.980 [pool-17-thread-23] INFO tourGuide.service.TourGuideService - visitedLocatio tourGuide.gpsUtil.VisitedLocation@60b10743
15:53:20.980 [pool-17-thread-23] DEBUG org.springframework.web.reactive.function.client.ExchangeFunctions - [648e9f8d] HTTP GET http://localhost:8083/attractions
15:53:20.983 [reactor-http-nio-48] DEBUG reactor.netty.resources.PooledConnectionProvider - [id: 0xfb8f1562, L:/127.0.0.1:51968 - R:localhost/127.0.0.1:8083] Channel acquired, now 99 active connections and 202 inactive connections
15:53:20.983 [reactor-http-nio-48] DEBUG reactor.netty.http.client.HttpClientConnect - [id: 0xfb8f1562, L:/127.0.0.1:51968 - R:localhost/127.0.0.1:8083] Handler is being applied: {uri=http://localhost:8083/attractions, method=GET}
15:53:20.984 [reactor-http-nio-48] DEBUG reactor.netty.resources.PooledConnectionProvider - [id: 0xfb8f1562, L:/127.0.0.1:51968 - R:localhost/127.0.0.1:8083] onStateChange(GET{uri=/attractions, connection=PooledConnection{channel=[id: 0xfb8f1562, L:/127.0.0.1:51968 - R:localhost/127.0.0.1:8083]}}, [request_sent])
15:53:20.984 [pool-17-thread-13] INFO tourGuide.service.TourGuideService - visitedLocatio tourGuide.gpsUtil.VisitedLocation@243b3f64
15:53:20.985 [pool-17-thread-13] DEBUG org.springframework.web.reactive.function.client.ExchangeFunctions - [2004bf3b] HTTP GET http://localhost:8083/attractions
15:53:20.987 [reactor-http-nio-47] DEBUG reactor.netty.resources.PooledConnectionProvider - [id: 0xc1a60bcc, L:/127.0.0.1:51694 - R:localhost/127.0.0.1:8083] Channel acquired, now 100 active connections and 201 inactive connections
15:53:20.987 [reactor-http-nio-47] DEBUG reactor.netty.http.client.HttpClientConnect - [id: 0xc1a60bcc, L:/127.0.0.1:51694 - R:localhost/127.0.0.1:8083] Handler is being applied: {uri=http://localhost:8083/attractions, method=GET}
15:53:20.988 [reactor-http-nio-47] DEBUG reactor.netty.resources.PooledConnectionProvider - [id: 0xc1a60bcc, L:/127.0.0.1:51694 - R:localhost/127.0.0.1:8083] onStateChange(GET{uri=/attractions, connection=PooledConnection{channel=[id: 0xc1a60bcc, L:/127.0.0.1:51694 - R:localhost/127.0.0.1:8083]}}, [request_sent])
15:53:20.989 [pool-17-thread-8] INFO tourGuide.service.TourGuideService - visitedLocatio tourGuide.gpsUtil.VisitedLocation@478158ab
15:53:20.990 [pool-17-thread-8] DEBUG org.springframework.web.reactive.function.client.ExchangeFunctions - [43bed483] HTTP GET http://localhost:8083/attractions
15:53:20.998 [reactor-http-nio-47] DEBUG reactor.netty.resources.PooledConnectionProvider - [id: 0x6bded64c, L:/127.0.0.1:51850 - R:localhost/127.0.0.1:8083] Channel acquired, now 101 active connections and 200 inactive connections
15:53:20.998 [reactor-http-nio-47] DEBUG reactor.netty.http.client.HttpClientConnect - [id: 0x6bded64c, L:/127.0.0.1:51850 - R:localhost/127.0.0.1:8083] Handler is being applied: {uri=http://localhost:8083/attractions, method=GET}
15:53:20.998 [reactor-http-nio-47] DEBUG reactor.netty.resources.PooledConnectionProvider - [id: 0x6bded64c, L:/127.0.0.1:51850 - R:localhost/127.0.0.1:8083] onStateChange(GET{uri=/attractions, connection=PooledConnection{channel=[id: 0x6bded64c, L:/127.0.0.1:51850 - R:localhost/127.0.0.1:8083]}}, [request_sent])
15:53:20.989 [pool-17-thread-20] INFO tourGuide.service.TourGuideService - visitedLocatio tourGuide.gpsUtil.VisitedLocation@5e5188b4
15:53:20.999 [pool-17-thread-20] DEBUG org.springframework.web.reactive.function.client.ExchangeFunctions - [5a6e17a6] HTTP GET http://localhost:8083/attractions
15:53:21.002 [reactor-http-nio-47] DEBUG reactor.netty.resources.PooledConnectionProvider - [id: 0x99bba80d, L:/127.0.0.1:51693 - R:localhost/127.0.0.1:8083] Channel acquired, now 102 active connections and 199 inactive connections
15:53:21.002 [reactor-http-nio-47] DEBUG reactor.netty.http.client.HttpClientConnect - [id: 0x99bba80d, L:/127.0.0.1:51693 - R:localhost/127.0.0.1:8083] Handler is being applied: {uri=http://localhost:8083/attractions, method=GET}
15:53:21.002 [reactor-http-nio-47] DEBUG reactor.netty.resources.PooledConnectionProvider - [id: 0x99bba80d, L:/127.0.0.1:51693 - R:localhost/127.0.0.1:8083] onStateChange(GET{uri=/attractions, connection=PooledConnection{channel=[id: 0x99bba80d, L:/127.0.0.1:51693 - R:localhost/127.0.0.1:8083]}}, [request_sent])
15:53:21.006 [reactor-http-nio-41] DEBUG reactor.netty.http.client.HttpClientOperations - [id: 0x4b9fbeb1, L:/127.0.0.1:51745 - R:localhost/127.0.0.1:8083] Received last HTTP packet
15:53:21.006 [reactor-http-nio-41] DEBUG org.springframework.core.codec.StringDecoder - [499230c0] Decoded "{"userId":"c5df014a-5668-43c7-ba8c-b49183ea6ac1","location":{"longitude":-49.24444,"latitude":-47.3 (truncated)...
15:53:21.006 [reactor-http-nio-41] DEBUG reactor.netty.resources.PooledConnectionProvider - [id: 0x4b9fbeb1, L:/127.0.0.1:51745 - R:localhost/127.0.0.1:8083] onStateChange(GET{uri=/userLocation?userId=c5df014a-5668-43c7-ba8c-b49183ea6ac1, connection=PooledConnection{channel=[id: 0x4b9fbeb1, L:/127.0.0.1:51745 - R:localhost/127.0.0.1:8083]}}, [disconnecting])
15:53:21.006 [reactor-http-nio-41] DEBUG reactor.netty.resources.PooledConnectionProvider - [id: 0x4b9fbeb1, L:/127.0.0.1:51745 - R:localhost/127.0.0.1:8083] Releasing channel
15:53:21.006 [reactor-http-nio-41] DEBUG reactor.netty.resources.PooledConnectionProvider - [id: 0x4b9fbeb1, L:/127.0.0.1:51745 - R:localhost/127.0.0.1:8083] Channel cleaned, now 101 active connections and 200 inactive connections
15:53:21.006 [reactor-http-nio-41] DEBUG reactor.netty.http.client.HttpClientOperations - [id: 0x93777bf1, L:/127.0.0.1:51766 - R:localhost/127.0.0.1:8083] Received response (auto-read:false) : [Content-Type=application/json, Transfer-Encoding=chunked, Date=Wed, 15 Jun 2022 14:53:20 GMT]
15:53:21.006 [reactor-http-nio-41] DEBUG reactor.netty.resources.PooledConnectionProvider - [id: 0x93777bf1, L:/127.0.0.1:51766 - R:localhost/127.0.0.1:8083] onStateChange(GET{uri=/userLocation?userId=916241a3-ff1f-44d7-888b-e08458d3cf99, connection=PooledConnection{channel=[id: 0x93777bf1, L:/127.0.0.1:51766 - R:localhost/127.0.0.1:8083]}}, [response_received])
15:53:21.006 [reactor-http-nio-41] DEBUG org.springframework.web.reactive.function.client.ExchangeFunctions - [1350e45c] Response 200 OK
15:53:21.006 [reactor-http-nio-41] DEBUG reactor.netty.channel.FluxReceive - [id: 0x93777bf1, L:/127.0.0.1:51766 - R:localhost/127.0.0.1:8083] Subscribing inbound receiver [pending: 0, cancelled:false, inboundDone: false]
15:53:21.006 [reactor-http-nio-41] DEBUG reactor.netty.http.client.HttpClientOperations - [id: 0x93777bf1, L:/127.0.0.1:51766 - R:localhost/127.0.0.1:8083] Received last HTTP packet
15:53:21.006 [reactor-http-nio-41] DEBUG org.springframework.core.codec.StringDecoder - [1350e45c] Decoded "{"userId":"916241a3-ff1f-44d7-888b-e08458d3cf99","location":{"longitude":-59.815867,"latitude":25.8 (truncated)...
15:53:21.006 [reactor-http-nio-41] DEBUG reactor.netty.resources.PooledConnectionProvider - [id: 0x93777bf1, L:/127.0.0.1:51766 - R:localhost/127.0.0.1:8083] onStateChange(GET{uri=/userLocation?userId=916241a3-ff1f-44d7-888b-e08458d3cf99, connection=PooledConnection{channel=[id: 0x93777bf1, L:/127.0.0.1:51766 - R:localhost/127.0.0.1:8083]}}, [disconnecting])
15:53:21.006 [reactor-http-nio-41] DEBUG reactor.netty.resources.PooledConnectionProvider - [id: 0x93777bf1, L:/127.0.0.1:51766 - R:localhost/127.0.0.1:8083] Releasing channel
15:53:21.006 [reactor-http-nio-41] DEBUG reactor.netty.resources.PooledConnectionProvider - [id: 0x93777bf1, L:/127.0.0.1:51766 - R:localhost/127.0.0.1:8083] Channel cleaned, now 100 active connections and 201 inactive connections
15:53:21.007 [reactor-http-nio-46] DEBUG reactor.netty.http.client.HttpClientOperations - [id: 0xd78cec0d, L:/127.0.0.1:51735 - R:localhost/127.0.0.1:8083] Received response (auto-read:false) : [Content-Type=application/json, Transfer-Encoding=chunked, Date=Wed, 15 Jun 2022 14:53:20 GMT]
15:53:21.007 [reactor-http-nio-46] DEBUG reactor.netty.resources.PooledConnectionProvider - [id: 0xd78cec0d, L:/127.0.0.1:51735 - R:localhost/127.0.0.1:8083] onStateChange(GET{uri=/userLocation?userId=3ef8c3dc-5515-475b-88ed-c942bb59db7d, connection=PooledConnection{channel=[id: 0xd78cec0d, L:/127.0.0.1:51735 - R:localhost/127.0.0.1:8083]}}, [response_received])
15:53:21.007 [reactor-http-nio-46] DEBUG org.springframework.web.reactive.function.client.ExchangeFunctions - [1e5bade8] Response 200 OK
15:53:21.008 [reactor-http-nio-46] DEBUG reactor.netty.channel.FluxReceive - [id: 0xd78cec0d, L:/127.0.0.1:51735 - R:localhost/127.0.0.1:8083] Subscribing inbound receiver [pending: 0, cancelled:false, inboundDone: false]
15:53:21.008 [reactor-http-nio-46] DEBUG reactor.netty.http.client.HttpClientOperations - [id: 0xd78cec0d, L:/127.0.0.1:51735 - R:localhost/127.0.0.1:8083] Received last HTTP packet
15:53:21.008 [reactor-http-nio-46] DEBUG org.springframework.core.codec.StringDecoder - [1e5bade8] Decoded "{"userId":"3ef8c3dc-5515-475b-88ed-c942bb59db7d","location":{"longitude":-27.798628,"latitude":-45. (truncated)...
15:53:21.008 [reactor-http-nio-46] DEBUG reactor.netty.resources.PooledConnectionProvider - [id: 0xd78cec0d, L:/127.0.0.1:51735 - R:localhost/127.0.0.1:8083] onStateChange(GET{uri=/userLocation?userId=3ef8c3dc-5515-475b-88ed-c942bb59db7d, connection=PooledConnection{channel=[id: 0xd78cec0d, L:/127.0.0.1:51735 - R:localhost/127.0.0.1:8083]}}, [disconnecting])
15:53:21.008 [reactor-http-nio-46] DEBUG reactor.netty.resources.PooledConnectionProvider - [id: 0xd78cec0d, L:/127.0.0.1:51735 - R:localhost/127.0.0.1:8083] Releasing channel
15:53:21.008 [reactor-http-nio-46] DEBUG reactor.netty.resources.PooledConnectionProvider - [id: 0xd78cec0d, L:/127.0.0.1:51735 - R:localhost/127.0.0.1:8083] Channel cleaned, now 99 active connections and 202 inactive connections
15:53:21.008 [reactor-http-nio-47] DEBUG reactor.netty.http.client.HttpClientOperations - [id: 0xc3efdf02, L:/127.0.0.1:51700 - R:localhost/127.0.0.1:8083] Received response (auto-read:false) : [Content-Type=application/json, Transfer-Encoding=chunked, Date=Wed, 15 Jun 2022 14:53:20 GMT]
15:53:21.008 [reactor-http-nio-47] DEBUG reactor.netty.resources.PooledConnectionProvider - [id: 0xc3efdf02, L:/127.0.0.1:51700 - R:localhost/127.0.0.1:8083] onStateChange(GET{uri=/userLocation?userId=3ff03f6c-16f8-4fdc-a6d1-ad0091b03cae, connection=PooledConnection{channel=[id: 0xc3efdf02, L:/127.0.0.1:51700 - R:localhost/127.0.0.1:8083]}}, [response_received])
15:53:21.008 [reactor-http-nio-47] DEBUG org.springframework.web.reactive.function.client.ExchangeFunctions - [21d9aa3a] Response 200 OK
15:53:21.009 [reactor-http-nio-47] DEBUG reactor.netty.channel.FluxReceive - [id: 0xc3efdf02, L:/127.0.0.1:51700 - R:localhost/127.0.0.1:8083] Subscribing inbound receiver [pending: 0, cancelled:false, inboundDone: false]
15:53:21.010 [pool-17-thread-15] INFO tourGuide.service.TourGuideService - visitedLocatio tourGuide.gpsUtil.VisitedLocation@4755d782
15:53:21.010 [pool-17-thread-15] DEBUG org.springframework.web.reactive.function.client.ExchangeFunctions - [436a5bb0] HTTP GET http://localhost:8083/attractions
15:53:21.013 [reactor-http-nio-48] DEBUG reactor.netty.resources.PooledConnectionProvider - [id: 0x8875bf90, L:/127.0.0.1:51907 - R:localhost/127.0.0.1:8083] Channel acquired, now 100 active connections and 201 inactive connections
15:53:21.013 [reactor-http-nio-48] DEBUG reactor.netty.http.client.HttpClientConnect - [id: 0x8875bf90, L:/127.0.0.1:51907 - R:localhost/127.0.0.1:8083] Handler is being applied: {uri=http://localhost:8083/attractions, method=GET}
15:53:21.013 [pool-17-thread-28] INFO tourGuide.service.TourGuideService - visitedLocatio tourGuide.gpsUtil.VisitedLocation@1d971846
15:53:21.014 [pool-17-thread-28] DEBUG org.springframework.web.reactive.function.client.ExchangeFunctions - [19a88f2c] HTTP GET http://localhost:8083/attractions
15:53:21.014 [reactor-http-nio-48] DEBUG reactor.netty.resources.PooledConnectionProvider - [id: 0x8875bf90, L:/127.0.0.1:51907 - R:localhost/127.0.0.1:8083] onStateChange(GET{uri=/attractions, connection=PooledConnection{channel=[id: 0x8875bf90, L:/127.0.0.1:51907 - R:localhost/127.0.0.1:8083]}}, [request_sent])
15:53:21.014 [pool-17-thread-16] INFO tourGuide.service.TourGuideService - visitedLocatio tourGuide.gpsUtil.VisitedLocation@109c4053
15:53:21.015 [pool-17-thread-16] DEBUG org.springframework.web.reactive.function.client.ExchangeFunctions - [14a3c698] HTTP GET http://localhost:8083/attractions
15:53:21.016 [reactor-http-nio-47] DEBUG reactor.netty.http.client.HttpClientOperations - [id: 0xc3efdf02, L:/127.0.0.1:51700 - R:localhost/127.0.0.1:8083] Received last HTTP packet
15:53:21.016 [reactor-http-nio-47] DEBUG org.springframework.core.codec.StringDecoder - [21d9aa3a] Decoded "{"userId":"3ff03f6c-16f8-4fdc-a6d1-ad0091b03cae","location":{"longitude":125.751445,"latitude":19.7 (truncated)...
15:53:21.016 [reactor-http-nio-47] DEBUG reactor.netty.resources.PooledConnectionProvider - [id: 0xc3efdf02, L:/127.0.0.1:51700 - R:localhost/127.0.0.1:8083] onStateChange(GET{uri=/userLocation?userId=3ff03f6c-16f8-4fdc-a6d1-ad0091b03cae, connection=PooledConnection{channel=[id: 0xc3efdf02, L:/127.0.0.1:51700 - R:localhost/127.0.0.1:8083]}}, [disconnecting])
15:53:21.016 [reactor-http-nio-47] DEBUG reactor.netty.resources.PooledConnectionProvider - [id: 0xc3efdf02, L:/127.0.0.1:51700 - R:localhost/127.0.0.1:8083] Releasing channel
15:53:21.016 [reactor-http-nio-47] DEBUG reactor.netty.resources.PooledConnectionProvider - [id: 0xc3efdf02, L:/127.0.0.1:51700 - R:localhost/127.0.0.1:8083] Channel cleaned, now 99 active connections and 202 inactive connections
15:53:21.016 [reactor-http-nio-48] DEBUG reactor.netty.resources.PooledConnectionProvider - [id: 0xd41b941e, L:/127.0.0.1:51910 - R:localhost/127.0.0.1:8083] Channel acquired, now 100 active connections and 201 inactive connections
15:53:21.016 [reactor-http-nio-48] DEBUG reactor.netty.http.client.HttpClientConnect - [id: 0xd41b941e, L:/127.0.0.1:51910 - R:localhost/127.0.0.1:8083] Handler is being applied: {uri=http://localhost:8083/attractions, method=GET}
15:53:21.016 [reactor-http-nio-41] DEBUG reactor.netty.http.client.HttpClientOperations - [id: 0x8ef5774d, L:/127.0.0.1:51762 - R:localhost/127.0.0.1:8083] Received response (auto-read:false) : [Content-Type=application/json, Transfer-Encoding=chunked, Date=Wed, 15 Jun 2022 14:53:20 GMT]
15:53:21.016 [reactor-http-nio-41] DEBUG reactor.netty.resources.PooledConnectionProvider - [id: 0x8ef5774d, L:/127.0.0.1:51762 - R:localhost/127.0.0.1:8083] onStateChange(GET{uri=/userLocation?userId=a5558e4a-29f3-44bd-836e-3fa2c228beac, connection=PooledConnection{channel=[id: 0x8ef5774d, L:/127.0.0.1:51762 - R:localhost/127.0.0.1:8083]}}, [response_received])
15:53:21.017 [reactor-http-nio-41] DEBUG org.springframework.web.reactive.function.client.ExchangeFunctions - [2da33dd7] Response 200 OK
15:53:21.017 [reactor-http-nio-48] DEBUG reactor.netty.resources.PooledConnectionProvider - [id: 0xd41b941e, L:/127.0.0.1:51910 - R:localhost/127.0.0.1:8083] onStateChange(GET{uri=/attractions, connection=PooledConnection{channel=[id: 0xd41b941e, L:/127.0.0.1:51910 - R:localhost/127.0.0.1:8083]}}, [request_sent])
15:53:21.017 [reactor-http-nio-41] DEBUG reactor.netty.channel.FluxReceive - [id: 0x8ef5774d, L:/127.0.0.1:51762 - R:localhost/127.0.0.1:8083] Subscribing inbound receiver [pending: 0, cancelled:false, inboundDone: false]
15:53:21.017 [reactor-http-nio-48] DEBUG reactor.netty.resources.PooledConnectionProvider - [id: 0xcaa282b1, L:/127.0.0.1:51876 - R:localhost/127.0.0.1:8083] Channel acquired, now 101 active connections and 200 inactive connections
15:53:21.017 [reactor-http-nio-48] DEBUG reactor.netty.http.client.HttpClientConnect - [id: 0xcaa282b1, L:/127.0.0.1:51876 - R:localhost/127.0.0.1:8083] Handler is being applied: {uri=http://localhost:8083/attractions, method=GET}
15:53:21.017 [reactor-http-nio-41] DEBUG reactor.netty.http.client.HttpClientOperations - [id: 0x8ef5774d, L:/127.0.0.1:51762 - R:localhost/127.0.0.1:8083] Received last HTTP packet
15:53:21.017 [reactor-http-nio-41] DEBUG org.springframework.core.codec.StringDecoder - [2da33dd7] Decoded "{"userId":"a5558e4a-29f3-44bd-836e-3fa2c228beac","location":{"longitude":97.109851,"latitude":-51.2 (truncated)...
15:53:21.017 [reactor-http-nio-41] DEBUG reactor.netty.resources.PooledConnectionProvider - [id: 0x8ef5774d, L:/127.0.0.1:51762 - R:localhost/127.0.0.1:8083] onStateChange(GET{uri=/userLocation?userId=a5558e4a-29f3-44bd-836e-3fa2c228beac, connection=PooledConnection{channel=[id: 0x8ef5774d, L:/127.0.0.1:51762 - R:localhost/127.0.0.1:8083]}}, [disconnecting])
15:53:21.017 [reactor-http-nio-41] DEBUG reactor.netty.resources.PooledConnectionProvider - [id: 0x8ef5774d, L:/127.0.0.1:51762 - R:localhost/127.0.0.1:8083] Releasing channel
15:53:21.017 [reactor-http-nio-41] DEBUG reactor.netty.resources.PooledConnectionProvider - [id: 0x8ef5774d, L:/127.0.0.1:51762 - R:localhost/127.0.0.1:8083] Channel cleaned, now 100 active connections and 201 inactive connections
15:53:21.017 [reactor-http-nio-41] DEBUG reactor.netty.http.client.HttpClientOperations - [id: 0x7286e1e8, L:/127.0.0.1:51739 - R:localhost/127.0.0.1:8083] Received response (auto-read:false) : [Content-Type=application/json, Transfer-Encoding=chunked, Date=Wed, 15 Jun 2022 14:53:20 GMT]
15:53:21.017 [reactor-http-nio-41] DEBUG reactor.netty.resources.PooledConnectionProvider - [id: 0x7286e1e8, L:/127.0.0.1:51739 - R:localhost/127.0.0.1:8083] onStateChange(GET{uri=/userLocation?userId=f397e896-5db2-472f-9c6e-63402088986c, connection=PooledConnection{channel=[id: 0x7286e1e8, L:/127.0.0.1:51739 - R:localhost/127.0.0.1:8083]}}, [response_received])
15:53:21.017 [reactor-http-nio-41] DEBUG org.springframework.web.reactive.function.client.ExchangeFunctions - [43ef5f7] Response 200 OK
15:53:21.017 [reactor-http-nio-41] DEBUG reactor.netty.channel.FluxReceive - [id: 0x7286e1e8, L:/127.0.0.1:51739 - R:localhost/127.0.0.1:8083] Subscribing inbound receiver [pending: 0, cancelled:false, inboundDone: false]
15:53:21.018 [reactor-http-nio-48] DEBUG reactor.netty.resources.PooledConnectionProvider - [id: 0xcaa282b1, L:/127.0.0.1:51876 - R:localhost/127.0.0.1:8083] onStateChange(GET{uri=/attractions, connection=PooledConnection{channel=[id: 0xcaa282b1, L:/127.0.0.1:51876 - R:localhost/127.0.0.1:8083]}}, [request_sent])
15:53:21.020 [pool-17-thread-6] INFO tourGuide.service.TourGuideService - visitedLocatio tourGuide.gpsUtil.VisitedLocation@2f1e4071
15:53:21.020 [pool-17-thread-6] DEBUG org.springframework.web.reactive.function.client.ExchangeFunctions - [2b21c14a] HTTP GET http://localhost:8083/attractions
15:53:21.023 [reactor-http-nio-47] DEBUG reactor.netty.resources.PooledConnectionProvider - [id: 0xb2eb3594, L:/127.0.0.1:51873 - R:localhost/127.0.0.1:8083] Channel acquired, now 101 active connections and 200 inactive connections
15:53:21.023 [reactor-http-nio-47] DEBUG reactor.netty.http.client.HttpClientConnect - [id: 0xb2eb3594, L:/127.0.0.1:51873 - R:localhost/127.0.0.1:8083] Handler is being applied: {uri=http://localhost:8083/attractions, method=GET}
15:53:21.025 [reactor-http-nio-47] DEBUG reactor.netty.resources.PooledConnectionProvider - [id: 0xb2eb3594, L:/127.0.0.1:51873 - R:localhost/127.0.0.1:8083] onStateChange(GET{uri=/attractions, connection=PooledConnection{channel=[id: 0xb2eb3594, L:/127.0.0.1:51873 - R:localhost/127.0.0.1:8083]}}, [request_sent])
15:53:21.026 [pool-17-thread-22] INFO tourGuide.service.TourGuideService - visitedLocatio tourGuide.gpsUtil.VisitedLocation@2364c613
15:53:21.027 [pool-17-thread-22] DEBUG org.springframework.web.reactive.function.client.ExchangeFunctions - [275b56a7] HTTP GET http://localhost:8083/attractions
15:53:21.030 [reactor-http-nio-41] DEBUG reactor.netty.http.client.HttpClientOperations - [id: 0x7286e1e8, L:/127.0.0.1:51739 - R:localhost/127.0.0.1:8083] Received last HTTP packet
15:53:21.030 [reactor-http-nio-48] DEBUG reactor.netty.resources.PooledConnectionProvider - [id: 0xf56f4e45, L:/127.0.0.1:51950 - R:localhost/127.0.0.1:8083] Channel acquired, now 102 active connections and 199 inactive connections
15:53:21.030 [reactor-http-nio-41] DEBUG org.springframework.core.codec.StringDecoder - [43ef5f7] Decoded "{"userId":"f397e896-5db2-472f-9c6e-63402088986c","location":{"longitude":73.666768,"latitude":-33.7 (truncated)...
15:53:21.030 [reactor-http-nio-48] DEBUG reactor.netty.http.client.HttpClientConnect - [id: 0xf56f4e45, L:/127.0.0.1:51950 - R:localhost/127.0.0.1:8083] Handler is being applied: {uri=http://localhost:8083/attractions, method=GET}
15:53:21.030 [reactor-http-nio-41] DEBUG reactor.netty.resources.PooledConnectionProvider - [id: 0x7286e1e8, L:/127.0.0.1:51739 - R:localhost/127.0.0.1:8083] onStateChange(GET{uri=/userLocation?userId=f397e896-5db2-472f-9c6e-63402088986c, connection=PooledConnection{channel=[id: 0x7286e1e8, L:/127.0.0.1:51739 - R:localhost/127.0.0.1:8083]}}, [disconnecting])
15:53:21.030 [reactor-http-nio-41] DEBUG reactor.netty.resources.PooledConnectionProvider - [id: 0x7286e1e8, L:/127.0.0.1:51739 - R:localhost/127.0.0.1:8083] Releasing channel
15:53:21.030 [reactor-http-nio-41] DEBUG reactor.netty.resources.PooledConnectionProvider - [id: 0x7286e1e8, L:/127.0.0.1:51739 - R:localhost/127.0.0.1:8083] Channel cleaned, now 101 active connections and 200 inactive connections
15:53:21.030 [reactor-http-nio-47] DEBUG reactor.netty.http.client.HttpClientOperations - [id: 0xd0f99d54, L:/127.0.0.1:51843 - R:localhost/127.0.0.1:8083] Received response (auto-read:false) : [Content-Type=application/json, Transfer-Encoding=chunked, Date=Wed, 15 Jun 2022 14:53:20 GMT]
15:53:21.030 [reactor-http-nio-47] DEBUG reactor.netty.resources.PooledConnectionProvider - [id: 0xd0f99d54, L:/127.0.0.1:51843 - R:localhost/127.0.0.1:8083] onStateChange(GET{uri=/userLocation?userId=211ea742-c22f-4f2c-a7ac-83aaac47257d, connection=PooledConnection{channel=[id: 0xd0f99d54, L:/127.0.0.1:51843 - R:localhost/127.0.0.1:8083]}}, [response_received])
15:53:21.030 [reactor-http-nio-47] DEBUG org.springframework.web.reactive.function.client.ExchangeFunctions - [12e1846d] Response 200 OK
15:53:21.030 [reactor-http-nio-41] DEBUG reactor.netty.http.client.HttpClientOperations - [id: 0xa0063317, L:/127.0.0.1:51720 - R:localhost/127.0.0.1:8083] Received response (auto-read:false) : [Content-Type=application/json, Transfer-Encoding=chunked, Date=Wed, 15 Jun 2022 14:53:20 GMT]
15:53:21.030 [reactor-http-nio-41] DEBUG reactor.netty.resources.PooledConnectionProvider - [id: 0xa0063317, L:/127.0.0.1:51720 - R:localhost/127.0.0.1:8083] onStateChange(GET{uri=/userLocation?userId=f8fd2139-1dd1-415e-82c3-6f9ce59848e5, connection=PooledConnection{channel=[id: 0xa0063317, L:/127.0.0.1:51720 - R:localhost/127.0.0.1:8083]}}, [response_received])
15:53:21.030 [reactor-http-nio-41] DEBUG org.springframework.web.reactive.function.client.ExchangeFunctions - [5d65c596] Response 200 OK
15:53:21.031 [reactor-http-nio-48] DEBUG reactor.netty.resources.PooledConnectionProvider - [id: 0xf56f4e45, L:/127.0.0.1:51950 - R:localhost/127.0.0.1:8083] onStateChange(GET{uri=/attractions, connection=PooledConnection{channel=[id: 0xf56f4e45, L:/127.0.0.1:51950 - R:localhost/127.0.0.1:8083]}}, [request_sent])
15:53:21.031 [reactor-http-nio-41] DEBUG reactor.netty.channel.FluxReceive - [id: 0xa0063317, L:/127.0.0.1:51720 - R:localhost/127.0.0.1:8083] Subscribing inbound receiver [pending: 0, cancelled:false, inboundDone: false]
15:53:21.031 [reactor-http-nio-47] DEBUG reactor.netty.channel.FluxReceive - [id: 0xd0f99d54, L:/127.0.0.1:51843 - R:localhost/127.0.0.1:8083] Subscribing inbound receiver [pending: 0, cancelled:false, inboundDone: false]
15:53:21.031 [reactor-http-nio-47] DEBUG reactor.netty.http.client.HttpClientOperations - [id: 0xd0f99d54, L:/127.0.0.1:51843 - R:localhost/127.0.0.1:8083] Received last HTTP packet
15:53:21.031 [reactor-http-nio-41] DEBUG reactor.netty.http.client.HttpClientOperations - [id: 0xa0063317, L:/127.0.0.1:51720 - R:localhost/127.0.0.1:8083] Received last HTTP packet
15:53:21.031 [reactor-http-nio-47] DEBUG org.springframework.core.codec.StringDecoder - [12e1846d] Decoded "{"userId":"211ea742-c22f-4f2c-a7ac-83aaac47257d","location":{"longitude":83.247371,"latitude":38.17 (truncated)...
15:53:21.031 [reactor-http-nio-41] DEBUG org.springframework.core.codec.StringDecoder - [5d65c596] Decoded "{"userId":"f8fd2139-1dd1-415e-82c3-6f9ce59848e5","location":{"longitude":-88.381286,"latitude":64.7 (truncated)...
15:53:21.031 [reactor-http-nio-47] DEBUG reactor.netty.resources.PooledConnectionProvider - [id: 0xd0f99d54, L:/127.0.0.1:51843 - R:localhost/127.0.0.1:8083] onStateChange(GET{uri=/userLocation?userId=211ea742-c22f-4f2c-a7ac-83aaac47257d, connection=PooledConnection{channel=[id: 0xd0f99d54, L:/127.0.0.1:51843 - R:localhost/127.0.0.1:8083]}}, [disconnecting])
15:53:21.031 [reactor-http-nio-47] DEBUG reactor.netty.resources.PooledConnectionProvider - [id: 0xd0f99d54, L:/127.0.0.1:51843 - R:localhost/127.0.0.1:8083] Releasing channel
15:53:21.031 [reactor-http-nio-41] DEBUG reactor.netty.resources.PooledConnectionProvider - [id: 0xa0063317, L:/127.0.0.1:51720 - R:localhost/127.0.0.1:8083] onStateChange(GET{uri=/userLocation?userId=f8fd2139-1dd1-415e-82c3-6f9ce59848e5, connection=PooledConnection{channel=[id: 0xa0063317, L:/127.0.0.1:51720 - R:localhost/127.0.0.1:8083]}}, [disconnecting])
15:53:21.031 [reactor-http-nio-41] DEBUG reactor.netty.resources.PooledConnectionProvider - [id: 0xa0063317, L:/127.0.0.1:51720 - R:localhost/127.0.0.1:8083] Releasing channel
15:53:21.031 [reactor-http-nio-47] DEBUG reactor.netty.resources.PooledConnectionProvider - [id: 0xd0f99d54, L:/127.0.0.1:51843 - R:localhost/127.0.0.1:8083] Channel cleaned, now 100 active connections and 201 inactive connections
15:53:21.031 [reactor-http-nio-41] DEBUG reactor.netty.resources.PooledConnectionProvider - [id: 0xa0063317, L:/127.0.0.1:51720 - R:localhost/127.0.0.1:8083] Channel cleaned, now 99 active connections and 202 inactive connections
15:53:21.031 [pool-17-thread-17] INFO tourGuide.service.TourGuideService - visitedLocatio tourGuide.gpsUtil.VisitedLocation@af91b00
15:53:21.031 [pool-17-thread-21] INFO tourGuide.service.TourGuideService - visitedLocatio tourGuide.gpsUtil.VisitedLocation@1c266841
15:53:21.032 [pool-17-thread-21] DEBUG org.springframework.web.reactive.function.client.ExchangeFunctions - [1819ef1d] HTTP GET http://localhost:8083/attractions
15:53:21.032 [pool-17-thread-17] DEBUG org.springframework.web.reactive.function.client.ExchangeFunctions - [ec69e87] HTTP GET http://localhost:8083/attractions
15:53:21.033 [pool-17-thread-27] INFO tourGuide.service.TourGuideService - visitedLocatio tourGuide.gpsUtil.VisitedLocation@53a2304a
15:53:21.034 [pool-17-thread-27] DEBUG org.springframework.web.reactive.function.client.ExchangeFunctions - [579daee6] HTTP GET http://localhost:8083/attractions
15:53:21.034 [reactor-http-nio-48] DEBUG reactor.netty.resources.PooledConnectionProvider - [id: 0xe73f3e74, L:/127.0.0.1:51908 - R:localhost/127.0.0.1:8083] Channel acquired, now 100 active connections and 201 inactive connections
15:53:21.034 [reactor-http-nio-48] DEBUG reactor.netty.http.client.HttpClientConnect - [id: 0xe73f3e74, L:/127.0.0.1:51908 - R:localhost/127.0.0.1:8083] Handler is being applied: {uri=http://localhost:8083/attractions, method=GET}
15:53:21.034 [reactor-http-nio-48] DEBUG reactor.netty.resources.PooledConnectionProvider - [id: 0xe73f3e74, L:/127.0.0.1:51908 - R:localhost/127.0.0.1:8083] onStateChange(GET{uri=/attractions, connection=PooledConnection{channel=[id: 0xe73f3e74, L:/127.0.0.1:51908 - R:localhost/127.0.0.1:8083]}}, [request_sent])
15:53:21.035 [reactor-http-nio-48] DEBUG reactor.netty.resources.PooledConnectionProvider - [id: 0xfc3bf400, L:/127.0.0.1:51944 - R:localhost/127.0.0.1:8083] Channel acquired, now 101 active connections and 200 inactive connections
15:53:21.035 [reactor-http-nio-48] DEBUG reactor.netty.http.client.HttpClientConnect - [id: 0xfc3bf400, L:/127.0.0.1:51944 - R:localhost/127.0.0.1:8083] Handler is being applied: {uri=http://localhost:8083/attractions, method=GET}
15:53:21.035 [reactor-http-nio-48] DEBUG reactor.netty.resources.PooledConnectionProvider - [id: 0xfc3bf400, L:/127.0.0.1:51944 - R:localhost/127.0.0.1:8083] onStateChange(GET{uri=/attractions, connection=PooledConnection{channel=[id: 0xfc3bf400, L:/127.0.0.1:51944 - R:localhost/127.0.0.1:8083]}}, [request_sent])
15:53:21.035 [reactor-http-nio-47] DEBUG reactor.netty.resources.PooledConnectionProvider - [id: 0xa6138326, L:/127.0.0.1:51881 - R:localhost/127.0.0.1:8083] Channel acquired, now 102 active connections and 199 inactive connections
15:53:21.035 [reactor-http-nio-47] DEBUG reactor.netty.http.client.HttpClientConnect - [id: 0xa6138326, L:/127.0.0.1:51881 - R:localhost/127.0.0.1:8083] Handler is being applied: {uri=http://localhost:8083/attractions, method=GET}
15:53:21.036 [reactor-http-nio-47] DEBUG reactor.netty.resources.PooledConnectionProvider - [id: 0xa6138326, L:/127.0.0.1:51881 - R:localhost/127.0.0.1:8083] onStateChange(GET{uri=/attractions, connection=PooledConnection{channel=[id: 0xa6138326, L:/127.0.0.1:51881 - R:localhost/127.0.0.1:8083]}}, [request_sent])
15:53:21.036 [reactor-http-nio-46] DEBUG reactor.netty.http.client.HttpClientOperations - [id: 0x6bcb25c4, L:/127.0.0.1:51759 - R:localhost/127.0.0.1:8083] Received response (auto-read:false) : [Content-Type=application/json, Transfer-Encoding=chunked, Date=Wed, 15 Jun 2022 14:53:20 GMT]
15:53:21.036 [reactor-http-nio-41] DEBUG reactor.netty.http.client.HttpClientOperations - [id: 0x35df572e, L:/127.0.0.1:51740 - R:localhost/127.0.0.1:8083] Received response (auto-read:false) : [Content-Type=application/json, Transfer-Encoding=chunked, Date=Wed, 15 Jun 2022 14:53:20 GMT]
15:53:21.036 [reactor-http-nio-46] DEBUG reactor.netty.resources.PooledConnectionProvider - [id: 0x6bcb25c4, L:/127.0.0.1:51759 - R:localhost/127.0.0.1:8083] onStateChange(GET{uri=/userLocation?userId=d9dffa1c-f1eb-4e8b-b1c2-918a181cba2c, connection=PooledConnection{channel=[id: 0x6bcb25c4, L:/127.0.0.1:51759 - R:localhost/127.0.0.1:8083]}}, [response_received])
15:53:21.036 [reactor-http-nio-41] DEBUG reactor.netty.resources.PooledConnectionProvider - [id: 0x35df572e, L:/127.0.0.1:51740 - R:localhost/127.0.0.1:8083] onStateChange(GET{uri=/userLocation?userId=a0dddd6b-55a5-4647-af7d-beb485f05f44, connection=PooledConnection{channel=[id: 0x35df572e, L:/127.0.0.1:51740 - R:localhost/127.0.0.1:8083]}}, [response_received])
15:53:21.036 [reactor-http-nio-46] DEBUG org.springframework.web.reactive.function.client.ExchangeFunctions - [5455d56c] Response 200 OK
15:53:21.036 [reactor-http-nio-41] DEBUG org.springframework.web.reactive.function.client.ExchangeFunctions - [1f950138] Response 200 OK
15:53:21.037 [reactor-http-nio-41] DEBUG reactor.netty.channel.FluxReceive - [id: 0x35df572e, L:/127.0.0.1:51740 - R:localhost/127.0.0.1:8083] Subscribing inbound receiver [pending: 0, cancelled:false, inboundDone: false]
15:53:21.037 [reactor-http-nio-46] DEBUG reactor.netty.channel.FluxReceive - [id: 0x6bcb25c4, L:/127.0.0.1:51759 - R:localhost/127.0.0.1:8083] Subscribing inbound receiver [pending: 0, cancelled:false, inboundDone: false]
15:53:21.037 [reactor-http-nio-41] DEBUG reactor.netty.http.client.HttpClientOperations - [id: 0x35df572e, L:/127.0.0.1:51740 - R:localhost/127.0.0.1:8083] Received last HTTP packet
15:53:21.037 [reactor-http-nio-41] DEBUG org.springframework.core.codec.StringDecoder - [1f950138] Decoded "{"userId":"a0dddd6b-55a5-4647-af7d-beb485f05f44","location":{"longitude":120.821253,"latitude":-4.7 (truncated)...
15:53:21.037 [reactor-http-nio-41] DEBUG reactor.netty.resources.PooledConnectionProvider - [id: 0x35df572e, L:/127.0.0.1:51740 - R:localhost/127.0.0.1:8083] onStateChange(GET{uri=/userLocation?userId=a0dddd6b-55a5-4647-af7d-beb485f05f44, connection=PooledConnection{channel=[id: 0x35df572e, L:/127.0.0.1:51740 - R:localhost/127.0.0.1:8083]}}, [disconnecting])
15:53:21.037 [reactor-http-nio-41] DEBUG reactor.netty.resources.PooledConnectionProvider - [id: 0x35df572e, L:/127.0.0.1:51740 - R:localhost/127.0.0.1:8083] Releasing channel
15:53:21.037 [reactor-http-nio-41] DEBUG reactor.netty.resources.PooledConnectionProvider - [id: 0x35df572e, L:/127.0.0.1:51740 - R:localhost/127.0.0.1:8083] Channel cleaned, now 101 active connections and 200 inactive connections
15:53:21.037 [reactor-http-nio-46] DEBUG reactor.netty.http.client.HttpClientOperations - [id: 0x6bcb25c4, L:/127.0.0.1:51759 - R:localhost/127.0.0.1:8083] Received last HTTP packet
15:53:21.037 [reactor-http-nio-46] DEBUG org.springframework.core.codec.StringDecoder - [5455d56c] Decoded "{"userId":"d9dffa1c-f1eb-4e8b-b1c2-918a181cba2c","location":{"longitude":-156.670073,"latitude":66. (truncated)...
15:53:21.037 [reactor-http-nio-46] DEBUG reactor.netty.resources.PooledConnectionProvider - [id: 0x6bcb25c4, L:/127.0.0.1:51759 - R:localhost/127.0.0.1:8083] onStateChange(GET{uri=/userLocation?userId=d9dffa1c-f1eb-4e8b-b1c2-918a181cba2c, connection=PooledConnection{channel=[id: 0x6bcb25c4, L:/127.0.0.1:51759 - R:localhost/127.0.0.1:8083]}}, [disconnecting])
15:53:21.037 [reactor-http-nio-46] DEBUG reactor.netty.resources.PooledConnectionProvider - [id: 0x6bcb25c4, L:/127.0.0.1:51759 - R:localhost/127.0.0.1:8083] Releasing channel
15:53:21.037 [reactor-http-nio-46] DEBUG reactor.netty.resources.PooledConnectionProvider - [id: 0x6bcb25c4, L:/127.0.0.1:51759 - R:localhost/127.0.0.1:8083] Channel cleaned, now 100 active connections and 201 inactive connections
15:53:21.038 [pool-17-thread-19] INFO tourGuide.service.TourGuideService - visitedLocatio tourGuide.gpsUtil.VisitedLocation@5a923196
15:53:21.038 [pool-17-thread-31] INFO tourGuide.service.TourGuideService - visitedLocatio tourGuide.gpsUtil.VisitedLocation@1152fcba
15:53:21.038 [pool-17-thread-19] DEBUG org.springframework.web.reactive.function.client.ExchangeFunctions - [5eadbe1c] HTTP GET http://localhost:8083/attractions
15:53:21.038 [pool-17-thread-31] DEBUG org.springframework.web.reactive.function.client.ExchangeFunctions - [156d6a48] HTTP GET http://localhost:8083/attractions
15:53:21.043 [reactor-http-nio-48] DEBUG reactor.netty.resources.PooledConnectionProvider - [id: 0xc3839908, L:/127.0.0.1:51914 - R:localhost/127.0.0.1:8083] Channel acquired, now 101 active connections and 200 inactive connections
15:53:21.043 [reactor-http-nio-48] DEBUG reactor.netty.http.client.HttpClientConnect - [id: 0xc3839908, L:/127.0.0.1:51914 - R:localhost/127.0.0.1:8083] Handler is being applied: {uri=http://localhost:8083/attractions, method=GET}
15:53:21.044 [reactor-http-nio-48] DEBUG reactor.netty.resources.PooledConnectionProvider - [id: 0xc3839908, L:/127.0.0.1:51914 - R:localhost/127.0.0.1:8083] onStateChange(GET{uri=/attractions, connection=PooledConnection{channel=[id: 0xc3839908, L:/127.0.0.1:51914 - R:localhost/127.0.0.1:8083]}}, [request_sent])
15:53:21.044 [reactor-http-nio-47] DEBUG reactor.netty.resources.PooledConnectionProvider - [id: 0x597600af, L:/127.0.0.1:51865 - R:localhost/127.0.0.1:8083] Channel acquired, now 102 active connections and 199 inactive connections
15:53:21.044 [reactor-http-nio-47] DEBUG reactor.netty.http.client.HttpClientConnect - [id: 0x597600af, L:/127.0.0.1:51865 - R:localhost/127.0.0.1:8083] Handler is being applied: {uri=http://localhost:8083/attractions, method=GET}
15:53:21.045 [reactor-http-nio-47] DEBUG reactor.netty.resources.PooledConnectionProvider - [id: 0x597600af, L:/127.0.0.1:51865 - R:localhost/127.0.0.1:8083] onStateChange(GET{uri=/attractions, connection=PooledConnection{channel=[id: 0x597600af, L:/127.0.0.1:51865 - R:localhost/127.0.0.1:8083]}}, [request_sent])
15:53:21.060 [pool-20-thread-1] DEBUG org.springframework.web.reactive.function.client.ExchangeFunctions - [71c99ea2] HTTP GET http://localhost:8083/userLocation?userId=68936d62-ea97-47fc-9bb2-143e40436119
15:53:21.061 [reactor-http-nio-47] DEBUG reactor.netty.resources.PooledConnectionProvider - [id: 0x25d8fc77, L:/127.0.0.1:51691 - R:localhost/127.0.0.1:8083] Channel acquired, now 103 active connections and 198 inactive connections
15:53:21.061 [reactor-http-nio-47] DEBUG reactor.netty.http.client.HttpClientConnect - [id: 0x25d8fc77, L:/127.0.0.1:51691 - R:localhost/127.0.0.1:8083] Handler is being applied: {uri=http://localhost:8083/userLocation?userId=68936d62-ea97-47fc-9bb2-143e40436119, method=GET}
15:53:21.062 [reactor-http-nio-47] DEBUG reactor.netty.resources.PooledConnectionProvider - [id: 0x25d8fc77, L:/127.0.0.1:51691 - R:localhost/127.0.0.1:8083] onStateChange(GET{uri=/userLocation?userId=68936d62-ea97-47fc-9bb2-143e40436119, connection=PooledConnection{channel=[id: 0x25d8fc77, L:/127.0.0.1:51691 - R:localhost/127.0.0.1:8083]}}, [request_sent])
15:53:21.081 [reactor-http-nio-48] DEBUG reactor.netty.http.client.HttpClientOperations - [id: 0x19da195d, L:/127.0.0.1:51701 - R:localhost/127.0.0.1:8083] Received response (auto-read:false) : [Content-Type=application/json, Transfer-Encoding=chunked, Date=Wed, 15 Jun 2022 14:53:20 GMT]
15:53:21.081 [reactor-http-nio-48] DEBUG reactor.netty.resources.PooledConnectionProvider - [id: 0x19da195d, L:/127.0.0.1:51701 - R:localhost/127.0.0.1:8083] onStateChange(GET{uri=/userLocation?userId=29352cde-6dbb-4ba1-996b-36384272bea0, connection=PooledConnection{channel=[id: 0x19da195d, L:/127.0.0.1:51701 - R:localhost/127.0.0.1:8083]}}, [response_received])
15:53:21.081 [reactor-http-nio-48] DEBUG org.springframework.web.reactive.function.client.ExchangeFunctions - [52fc6c69] Response 200 OK
15:53:21.081 [reactor-http-nio-48] DEBUG reactor.netty.channel.FluxReceive - [id: 0x19da195d, L:/127.0.0.1:51701 - R:localhost/127.0.0.1:8083] Subscribing inbound receiver [pending: 0, cancelled:false, inboundDone: false]
15:53:21.082 [reactor-http-nio-48] DEBUG reactor.netty.http.client.HttpClientOperations - [id: 0x19da195d, L:/127.0.0.1:51701 - R:localhost/127.0.0.1:8083] Received last HTTP packet
15:53:21.082 [reactor-http-nio-48] DEBUG org.springframework.core.codec.StringDecoder - [52fc6c69] Decoded "{"userId":"29352cde-6dbb-4ba1-996b-36384272bea0","location":{"longitude":68.804787,"latitude":69.68 (truncated)...
15:53:21.082 [reactor-http-nio-48] DEBUG reactor.netty.resources.PooledConnectionProvider - [id: 0x19da195d, L:/127.0.0.1:51701 - R:localhost/127.0.0.1:8083] onStateChange(GET{uri=/userLocation?userId=29352cde-6dbb-4ba1-996b-36384272bea0, connection=PooledConnection{channel=[id: 0x19da195d, L:/127.0.0.1:51701 - R:localhost/127.0.0.1:8083]}}, [disconnecting])
15:53:21.082 [reactor-http-nio-48] DEBUG reactor.netty.resources.PooledConnectionProvider - [id: 0x19da195d, L:/127.0.0.1:51701 - R:localhost/127.0.0.1:8083] Releasing channel
15:53:21.082 [reactor-http-nio-48] DEBUG reactor.netty.resources.PooledConnectionProvider - [id: 0x19da195d, L:/127.0.0.1:51701 - R:localhost/127.0.0.1:8083] Channel cleaned, now 102 active connections and 199 inactive connections
15:53:21.082 [pool-17-thread-49] INFO tourGuide.service.TourGuideService - visitedLocatio tourGuide.gpsUtil.VisitedLocation@5c3b9846
15:53:21.084 [pool-17-thread-49] DEBUG org.springframework.web.reactive.function.client.ExchangeFunctions - [58040719] HTTP GET http://localhost:8083/attractions
15:53:21.087 [reactor-http-nio-47] DEBUG reactor.netty.resources.PooledConnectionProvider - [id: 0xdaf60602, L:/127.0.0.1:51681 - R:localhost/127.0.0.1:8083] Channel acquired, now 103 active connections and 198 inactive connections
15:53:21.087 [reactor-http-nio-47] DEBUG reactor.netty.http.client.HttpClientConnect - [id: 0xdaf60602, L:/127.0.0.1:51681 - R:localhost/127.0.0.1:8083] Handler is being applied: {uri=http://localhost:8083/attractions, method=GET}
15:53:21.087 [reactor-http-nio-47] DEBUG reactor.netty.resources.PooledConnectionProvider - [id: 0xdaf60602, L:/127.0.0.1:51681 - R:localhost/127.0.0.1:8083] onStateChange(GET{uri=/attractions, connection=PooledConnection{channel=[id: 0xdaf60602, L:/127.0.0.1:51681 - R:localhost/127.0.0.1:8083]}}, [request_sent])
15:53:21.149 [reactor-http-nio-48] DEBUG reactor.netty.http.client.HttpClientOperations - [id: 0xf56f4e45, L:/127.0.0.1:51950 - R:localhost/127.0.0.1:8083] Received response (auto-read:false) : [Content-Type=application/json, Transfer-Encoding=chunked, Date=Wed, 15 Jun 2022 14:53:20 GMT]
15:53:21.149 [reactor-http-nio-48] DEBUG reactor.netty.resources.PooledConnectionProvider - [id: 0xf56f4e45, L:/127.0.0.1:51950 - R:localhost/127.0.0.1:8083] onStateChange(GET{uri=/attractions, connection=PooledConnection{channel=[id: 0xf56f4e45, L:/127.0.0.1:51950 - R:localhost/127.0.0.1:8083]}}, [response_received])
15:53:21.149 [reactor-http-nio-48] DEBUG org.springframework.web.reactive.function.client.ExchangeFunctions - [275b56a7] Response 200 OK
15:53:21.149 [reactor-http-nio-41] DEBUG reactor.netty.http.client.HttpClientOperations - [id: 0x48bd25d1, L:/127.0.0.1:51711 - R:localhost/127.0.0.1:8083] Received response (auto-read:false) : [Content-Type=application/json, Transfer-Encoding=chunked, Date=Wed, 15 Jun 2022 14:53:20 GMT]
15:53:21.149 [reactor-http-nio-41] DEBUG reactor.netty.resources.PooledConnectionProvider - [id: 0x48bd25d1, L:/127.0.0.1:51711 - R:localhost/127.0.0.1:8083] onStateChange(GET{uri=/attractions, connection=PooledConnection{channel=[id: 0x48bd25d1, L:/127.0.0.1:51711 - R:localhost/127.0.0.1:8083]}}, [response_received])
15:53:21.149 [reactor-http-nio-41] DEBUG org.springframework.web.reactive.function.client.ExchangeFunctions - [79a06a40] Response 200 OK
15:53:21.149 [reactor-http-nio-48] DEBUG reactor.netty.channel.FluxReceive - [id: 0xf56f4e45, L:/127.0.0.1:51950 - R:localhost/127.0.0.1:8083] Subscribing inbound receiver [pending: 0, cancelled:false, inboundDone: false]
15:53:21.149 [reactor-http-nio-41] DEBUG reactor.netty.channel.FluxReceive - [id: 0x48bd25d1, L:/127.0.0.1:51711 - R:localhost/127.0.0.1:8083] Subscribing inbound receiver [pending: 0, cancelled:false, inboundDone: false]
15:53:21.149 [reactor-http-nio-48] DEBUG reactor.netty.http.client.HttpClientOperations - [id: 0xf56f4e45, L:/127.0.0.1:51950 - R:localhost/127.0.0.1:8083] Received last HTTP packet
15:53:21.149 [reactor-http-nio-48] DEBUG org.springframework.core.codec.StringDecoder - [275b56a7] Decoded "[{"longitude":-117.922008,"latitude":33.817595,"attractionName":"Disneyland","city":"Anaheim","stat (truncated)...
15:53:21.149 [reactor-http-nio-48] DEBUG reactor.netty.resources.PooledConnectionProvider - [id: 0xf56f4e45, L:/127.0.0.1:51950 - R:localhost/127.0.0.1:8083] onStateChange(GET{uri=/attractions, connection=PooledConnection{channel=[id: 0xf56f4e45, L:/127.0.0.1:51950 - R:localhost/127.0.0.1:8083]}}, [disconnecting])
15:53:21.149 [reactor-http-nio-48] DEBUG reactor.netty.resources.PooledConnectionProvider - [id: 0xf56f4e45, L:/127.0.0.1:51950 - R:localhost/127.0.0.1:8083] Releasing channel
15:53:21.149 [reactor-http-nio-48] DEBUG reactor.netty.resources.PooledConnectionProvider - [id: 0xf56f4e45, L:/127.0.0.1:51950 - R:localhost/127.0.0.1:8083] Channel cleaned, now 102 active connections and 199 inactive connections
15:53:21.150 [reactor-http-nio-41] DEBUG reactor.netty.http.client.HttpClientOperations - [id: 0x48bd25d1, L:/127.0.0.1:51711 - R:localhost/127.0.0.1:8083] Received last HTTP packet
15:53:21.150 [reactor-http-nio-41] DEBUG org.springframework.core.codec.StringDecoder - [79a06a40] Decoded "[{"longitude":-117.922008,"latitude":33.817595,"attractionName":"Disneyland","city":"Anaheim","stat (truncated)...
15:53:21.150 [reactor-http-nio-41] DEBUG reactor.netty.resources.PooledConnectionProvider - [id: 0x48bd25d1, L:/127.0.0.1:51711 - R:localhost/127.0.0.1:8083] onStateChange(GET{uri=/attractions, connection=PooledConnection{channel=[id: 0x48bd25d1, L:/127.0.0.1:51711 - R:localhost/127.0.0.1:8083]}}, [disconnecting])
15:53:21.150 [reactor-http-nio-41] DEBUG reactor.netty.resources.PooledConnectionProvider - [id: 0x48bd25d1, L:/127.0.0.1:51711 - R:localhost/127.0.0.1:8083] Releasing channel
15:53:21.150 [reactor-http-nio-41] DEBUG reactor.netty.resources.PooledConnectionProvider - [id: 0x48bd25d1, L:/127.0.0.1:51711 - R:localhost/127.0.0.1:8083] Channel cleaned, now 101 active connections and 200 inactive connections
15:53:21.151 [reactor-http-nio-47] DEBUG reactor.netty.http.client.HttpClientOperations - [id: 0x4269e003, L:/127.0.0.1:51863 - R:localhost/127.0.0.1:8083] Received response (auto-read:false) : [Content-Type=application/json, Transfer-Encoding=chunked, Date=Wed, 15 Jun 2022 14:53:20 GMT]
15:53:21.151 [reactor-http-nio-47] DEBUG reactor.netty.resources.PooledConnectionProvider - [id: 0x4269e003, L:/127.0.0.1:51863 - R:localhost/127.0.0.1:8083] onStateChange(GET{uri=/attractions, connection=PooledConnection{channel=[id: 0x4269e003, L:/127.0.0.1:51863 - R:localhost/127.0.0.1:8083]}}, [response_received])
15:53:21.151 [reactor-http-nio-47] DEBUG org.springframework.web.reactive.function.client.ExchangeFunctions - [47430505] Response 200 OK
15:53:21.151 [reactor-http-nio-47] DEBUG reactor.netty.channel.FluxReceive - [id: 0x4269e003, L:/127.0.0.1:51863 - R:localhost/127.0.0.1:8083] Subscribing inbound receiver [pending: 0, cancelled:false, inboundDone: false]
15:53:21.151 [reactor-http-nio-47] DEBUG reactor.netty.http.client.HttpClientOperations - [id: 0x4269e003, L:/127.0.0.1:51863 - R:localhost/127.0.0.1:8083] Received last HTTP packet
15:53:21.151 [reactor-http-nio-47] DEBUG org.springframework.core.codec.StringDecoder - [47430505] Decoded "[{"longitude":-117.922008,"latitude":33.817595,"attractionName":"Disneyland","city":"Anaheim","stat (truncated)...
15:53:21.151 [reactor-http-nio-47] DEBUG reactor.netty.resources.PooledConnectionProvider - [id: 0x4269e003, L:/127.0.0.1:51863 - R:localhost/127.0.0.1:8083] onStateChange(GET{uri=/attractions, connection=PooledConnection{channel=[id: 0x4269e003, L:/127.0.0.1:51863 - R:localhost/127.0.0.1:8083]}}, [disconnecting])
15:53:21.151 [reactor-http-nio-47] DEBUG reactor.netty.resources.PooledConnectionProvider - [id: 0x4269e003, L:/127.0.0.1:51863 - R:localhost/127.0.0.1:8083] Releasing channel
15:53:21.151 [reactor-http-nio-47] DEBUG reactor.netty.resources.PooledConnectionProvider - [id: 0x4269e003, L:/127.0.0.1:51863 - R:localhost/127.0.0.1:8083] Channel cleaned, now 100 active connections and 201 inactive connections
15:53:21.151 [reactor-http-nio-48] DEBUG reactor.netty.http.client.HttpClientOperations - [id: 0xfc3bf400, L:/127.0.0.1:51944 - R:localhost/127.0.0.1:8083] Received response (auto-read:false) : [Content-Type=application/json, Transfer-Encoding=chunked, Date=Wed, 15 Jun 2022 14:53:20 GMT]
15:53:21.151 [reactor-http-nio-48] DEBUG reactor.netty.resources.PooledConnectionProvider - [id: 0xfc3bf400, L:/127.0.0.1:51944 - R:localhost/127.0.0.1:8083] onStateChange(GET{uri=/attractions, connection=PooledConnection{channel=[id: 0xfc3bf400, L:/127.0.0.1:51944 - R:localhost/127.0.0.1:8083]}}, [response_received])
15:53:21.152 [reactor-http-nio-48] DEBUG org.springframework.web.reactive.function.client.ExchangeFunctions - [579daee6] Response 200 OK
15:53:21.152 [reactor-http-nio-48] DEBUG reactor.netty.channel.FluxReceive - [id: 0xfc3bf400, L:/127.0.0.1:51944 - R:localhost/127.0.0.1:8083] Subscribing inbound receiver [pending: 0, cancelled:false, inboundDone: false]
15:53:21.153 [reactor-http-nio-48] DEBUG reactor.netty.http.client.HttpClientOperations - [id: 0xfc3bf400, L:/127.0.0.1:51944 - R:localhost/127.0.0.1:8083] Received last HTTP packet
15:53:21.153 [reactor-http-nio-48] DEBUG org.springframework.core.codec.StringDecoder - [579daee6] Decoded "[{"longitude":-117.922008,"latitude":33.817595,"attractionName":"Disneyland","city":"Anaheim","stat (truncated)...
15:53:21.153 [reactor-http-nio-48] DEBUG reactor.netty.resources.PooledConnectionProvider - [id: 0xfc3bf400, L:/127.0.0.1:51944 - R:localhost/127.0.0.1:8083] onStateChange(GET{uri=/attractions, connection=PooledConnection{channel=[id: 0xfc3bf400, L:/127.0.0.1:51944 - R:localhost/127.0.0.1:8083]}}, [disconnecting])
15:53:21.153 [reactor-http-nio-48] DEBUG reactor.netty.resources.PooledConnectionProvider - [id: 0xfc3bf400, L:/127.0.0.1:51944 - R:localhost/127.0.0.1:8083] Releasing channel
15:53:21.153 [reactor-http-nio-48] DEBUG reactor.netty.resources.PooledConnectionProvider - [id: 0xfc3bf400, L:/127.0.0.1:51944 - R:localhost/127.0.0.1:8083] Channel cleaned, now 99 active connections and 202 inactive connections
15:53:21.177 [pool-11-thread-1] DEBUG org.springframework.web.reactive.function.client.ExchangeFunctions - [2022a11] HTTP GET http://localhost:8084/attractionRewardPoint?attractionId=6cf3b55b-d6c6-45f4-9fe6-1d8fec9ad221&userId=2a6d305d-2374-4ae2-9626-0b9d42f919c9
15:53:21.180 [reactor-http-nio-48] DEBUG reactor.netty.resources.PooledConnectionProvider - [id: 0xfb0827ba, L:/127.0.0.1:52007 - R:localhost/127.0.0.1:8084] Channel acquired, now 1 active connections and 80 inactive connections
15:53:21.180 [reactor-http-nio-48] DEBUG reactor.netty.http.client.HttpClientConnect - [id: 0xfb0827ba, L:/127.0.0.1:52007 - R:localhost/127.0.0.1:8084] Handler is being applied: {uri=http://localhost:8084/attractionRewardPoint?attractionId=6cf3b55b-d6c6-45f4-9fe6-1d8fec9ad221&userId=2a6d305d-2374-4ae2-9626-0b9d42f919c9, method=GET}
15:53:21.181 [reactor-http-nio-48] DEBUG reactor.netty.resources.PooledConnectionProvider - [id: 0xfb0827ba, L:/127.0.0.1:52007 - R:localhost/127.0.0.1:8084] onStateChange(GET{uri=/attractionRewardPoint?attractionId=6cf3b55b-d6c6-45f4-9fe6-1d8fec9ad221&userId=2a6d305d-2374-4ae2-9626-0b9d42f919c9, connection=PooledConnection{channel=[id: 0xfb0827ba, L:/127.0.0.1:52007 - R:localhost/127.0.0.1:8084]}}, [request_sent])
15:53:21.203 [reactor-http-nio-47] DEBUG reactor.netty.http.client.HttpClientOperations - [id: 0x597600af, L:/127.0.0.1:51865 - R:localhost/127.0.0.1:8083] Received response (auto-read:false) : [Content-Type=application/json, Transfer-Encoding=chunked, Date=Wed, 15 Jun 2022 14:53:20 GMT]
15:53:21.203 [reactor-http-nio-47] DEBUG reactor.netty.resources.PooledConnectionProvider - [id: 0x597600af, L:/127.0.0.1:51865 - R:localhost/127.0.0.1:8083] onStateChange(GET{uri=/attractions, connection=PooledConnection{channel=[id: 0x597600af, L:/127.0.0.1:51865 - R:localhost/127.0.0.1:8083]}}, [response_received])
15:53:21.203 [reactor-http-nio-47] DEBUG org.springframework.web.reactive.function.client.ExchangeFunctions - [5eadbe1c] Response 200 OK
15:53:21.203 [reactor-http-nio-47] DEBUG reactor.netty.channel.FluxReceive - [id: 0x597600af, L:/127.0.0.1:51865 - R:localhost/127.0.0.1:8083] Subscribing inbound receiver [pending: 0, cancelled:false, inboundDone: false]
15:53:21.204 [reactor-http-nio-46] DEBUG reactor.netty.http.client.HttpClientOperations - [id: 0xd8e5c342, L:/127.0.0.1:51820 - R:localhost/127.0.0.1:8083] Received response (auto-read:false) : [Content-Type=application/json, Transfer-Encoding=chunked, Date=Wed, 15 Jun 2022 14:53:20 GMT]
15:53:21.204 [reactor-http-nio-46] DEBUG reactor.netty.resources.PooledConnectionProvider - [id: 0xd8e5c342, L:/127.0.0.1:51820 - R:localhost/127.0.0.1:8083] onStateChange(GET{uri=/attractions, connection=PooledConnection{channel=[id: 0xd8e5c342, L:/127.0.0.1:51820 - R:localhost/127.0.0.1:8083]}}, [response_received])
15:53:21.204 [reactor-http-nio-46] DEBUG org.springframework.web.reactive.function.client.ExchangeFunctions - [155376d0] Response 200 OK
15:53:21.204 [reactor-http-nio-47] DEBUG reactor.netty.http.client.HttpClientOperations - [id: 0x6bded64c, L:/127.0.0.1:51850 - R:localhost/127.0.0.1:8083] Received response (auto-read:false) : [Content-Type=application/json, Transfer-Encoding=chunked, Date=Wed, 15 Jun 2022 14:53:20 GMT]
15:53:21.204 [reactor-http-nio-47] DEBUG reactor.netty.resources.PooledConnectionProvider - [id: 0x6bded64c, L:/127.0.0.1:51850 - R:localhost/127.0.0.1:8083] onStateChange(GET{uri=/attractions, connection=PooledConnection{channel=[id: 0x6bded64c, L:/127.0.0.1:51850 - R:localhost/127.0.0.1:8083]}}, [response_received])
15:53:21.204 [reactor-http-nio-47] DEBUG org.springframework.web.reactive.function.client.ExchangeFunctions - [43bed483] Response 200 OK
15:53:21.204 [reactor-http-nio-46] DEBUG reactor.netty.channel.FluxReceive - [id: 0xd8e5c342, L:/127.0.0.1:51820 - R:localhost/127.0.0.1:8083] Subscribing inbound receiver [pending: 0, cancelled:false, inboundDone: false]
15:53:21.204 [reactor-http-nio-47] DEBUG reactor.netty.channel.FluxReceive - [id: 0x6bded64c, L:/127.0.0.1:51850 - R:localhost/127.0.0.1:8083] Subscribing inbound receiver [pending: 0, cancelled:false, inboundDone: false]
15:53:21.205 [reactor-http-nio-47] DEBUG reactor.netty.http.client.HttpClientOperations - [id: 0x99bba80d, L:/127.0.0.1:51693 - R:localhost/127.0.0.1:8083] Received response (auto-read:false) : [Content-Type=application/json, Transfer-Encoding=chunked, Date=Wed, 15 Jun 2022 14:53:20 GMT]
15:53:21.205 [reactor-http-nio-47] DEBUG reactor.netty.resources.PooledConnectionProvider - [id: 0x99bba80d, L:/127.0.0.1:51693 - R:localhost/127.0.0.1:8083] onStateChange(GET{uri=/attractions, connection=PooledConnection{channel=[id: 0x99bba80d, L:/127.0.0.1:51693 - R:localhost/127.0.0.1:8083]}}, [response_received])
15:53:21.205 [reactor-http-nio-47] DEBUG org.springframework.web.reactive.function.client.ExchangeFunctions - [5a6e17a6] Response 200 OK
15:53:21.206 [reactor-http-nio-47] DEBUG reactor.netty.channel.FluxReceive - [id: 0x99bba80d, L:/127.0.0.1:51693 - R:localhost/127.0.0.1:8083] Subscribing inbound receiver [pending: 0, cancelled:false, inboundDone: false]
15:53:21.207 [reactor-http-nio-47] DEBUG reactor.netty.http.client.HttpClientOperations - [id: 0x98143ed4, L:/127.0.0.1:51680 - R:localhost/127.0.0.1:8083] Received response (auto-read:false) : [Content-Type=application/json, Transfer-Encoding=chunked, Date=Wed, 15 Jun 2022 14:53:20 GMT]
15:53:21.207 [reactor-http-nio-47] DEBUG reactor.netty.resources.PooledConnectionProvider - [id: 0x98143ed4, L:/127.0.0.1:51680 - R:localhost/127.0.0.1:8083] onStateChange(GET{uri=/attractions, connection=PooledConnection{channel=[id: 0x98143ed4, L:/127.0.0.1:51680 - R:localhost/127.0.0.1:8083]}}, [response_received])
15:53:21.208 [reactor-http-nio-47] DEBUG org.springframework.web.reactive.function.client.ExchangeFunctions - [3b54775f] Response 200 OK
15:53:21.208 [reactor-http-nio-47] DEBUG reactor.netty.channel.FluxReceive - [id: 0x98143ed4, L:/127.0.0.1:51680 - R:localhost/127.0.0.1:8083] Subscribing inbound receiver [pending: 0, cancelled:false, inboundDone: false]
15:53:21.208 [reactor-http-nio-47] DEBUG reactor.netty.http.client.HttpClientOperations - [id: 0xc1a60bcc, L:/127.0.0.1:51694 - R:localhost/127.0.0.1:8083] Received response (auto-read:false) : [Content-Type=application/json, Transfer-Encoding=chunked, Date=Wed, 15 Jun 2022 14:53:20 GMT]
15:53:21.208 [reactor-http-nio-47] DEBUG reactor.netty.resources.PooledConnectionProvider - [id: 0xc1a60bcc, L:/127.0.0.1:51694 - R:localhost/127.0.0.1:8083] onStateChange(GET{uri=/attractions, connection=PooledConnection{channel=[id: 0xc1a60bcc, L:/127.0.0.1:51694 - R:localhost/127.0.0.1:8083]}}, [response_received])
15:53:21.208 [reactor-http-nio-47] DEBUG org.springframework.web.reactive.function.client.ExchangeFunctions - [2004bf3b] Response 200 OK
15:53:21.208 [reactor-http-nio-48] DEBUG reactor.netty.http.client.HttpClientOperations - [id: 0x8875bf90, L:/127.0.0.1:51907 - R:localhost/127.0.0.1:8083] Received response (auto-read:false) : [Content-Type=application/json, Transfer-Encoding=chunked, Date=Wed, 15 Jun 2022 14:53:20 GMT]
15:53:21.208 [reactor-http-nio-47] DEBUG reactor.netty.channel.FluxReceive - [id: 0xc1a60bcc, L:/127.0.0.1:51694 - R:localhost/127.0.0.1:8083] Subscribing inbound receiver [pending: 0, cancelled:false, inboundDone: false]
15:53:21.208 [reactor-http-nio-48] DEBUG reactor.netty.resources.PooledConnectionProvider - [id: 0x8875bf90, L:/127.0.0.1:51907 - R:localhost/127.0.0.1:8083] onStateChange(GET{uri=/attractions, connection=PooledConnection{channel=[id: 0x8875bf90, L:/127.0.0.1:51907 - R:localhost/127.0.0.1:8083]}}, [response_received])
15:53:21.208 [reactor-http-nio-48] DEBUG org.springframework.web.reactive.function.client.ExchangeFunctions - [436a5bb0] Response 200 OK
15:53:21.209 [reactor-http-nio-48] DEBUG reactor.netty.channel.FluxReceive - [id: 0x8875bf90, L:/127.0.0.1:51907 - R:localhost/127.0.0.1:8083] Subscribing inbound receiver [pending: 0, cancelled:false, inboundDone: false]
15:53:21.209 [reactor-http-nio-48] DEBUG reactor.netty.http.client.HttpClientOperations - [id: 0xd41b941e, L:/127.0.0.1:51910 - R:localhost/127.0.0.1:8083] Received response (auto-read:false) : [Content-Type=application/json, Transfer-Encoding=chunked, Date=Wed, 15 Jun 2022 14:53:20 GMT]
15:53:21.209 [reactor-http-nio-48] DEBUG reactor.netty.resources.PooledConnectionProvider - [id: 0xd41b941e, L:/127.0.0.1:51910 - R:localhost/127.0.0.1:8083] onStateChange(GET{uri=/attractions, connection=PooledConnection{channel=[id: 0xd41b941e, L:/127.0.0.1:51910 - R:localhost/127.0.0.1:8083]}}, [response_received])
15:53:21.209 [reactor-http-nio-48] DEBUG org.springframework.web.reactive.function.client.ExchangeFunctions - [19a88f2c] Response 200 OK
15:53:21.210 [reactor-http-nio-48] DEBUG reactor.netty.channel.FluxReceive - [id: 0xd41b941e, L:/127.0.0.1:51910 - R:localhost/127.0.0.1:8083] Subscribing inbound receiver [pending: 0, cancelled:false, inboundDone: false]
15:53:21.210 [reactor-http-nio-41] DEBUG reactor.netty.http.client.HttpClientOperations - [id: 0x003d9ecc, L:/127.0.0.1:51923 - R:localhost/127.0.0.1:8083] Received response (auto-read:false) : [Content-Type=application/json, Transfer-Encoding=chunked, Date=Wed, 15 Jun 2022 14:53:20 GMT]
15:53:21.210 [reactor-http-nio-41] DEBUG reactor.netty.resources.PooledConnectionProvider - [id: 0x003d9ecc, L:/127.0.0.1:51923 - R:localhost/127.0.0.1:8083] onStateChange(GET{uri=/userLocation?userId=c2037937-006d-4218-b50c-a708cacc2a78, connection=PooledConnection{channel=[id: 0x003d9ecc, L:/127.0.0.1:51923 - R:localhost/127.0.0.1:8083]}}, [response_received])
15:53:21.210 [reactor-http-nio-41] DEBUG org.springframework.web.reactive.function.client.ExchangeFunctions - [16b8ccbc] Response 200 OK
15:53:21.211 [reactor-http-nio-46] DEBUG reactor.netty.http.client.HttpClientOperations - [id: 0x2579fbf5, L:/127.0.0.1:51828 - R:localhost/127.0.0.1:8083] Received response (auto-read:false) : [Content-Type=application/json, Transfer-Encoding=chunked, Date=Wed, 15 Jun 2022 14:53:20 GMT]
15:53:21.211 [reactor-http-nio-46] DEBUG reactor.netty.resources.PooledConnectionProvider - [id: 0x2579fbf5, L:/127.0.0.1:51828 - R:localhost/127.0.0.1:8083] onStateChange(GET{uri=/userLocation?userId=9791aa70-e5fa-48ac-b2a9-2c744fe07340, connection=PooledConnection{channel=[id: 0x2579fbf5, L:/127.0.0.1:51828 - R:localhost/127.0.0.1:8083]}}, [response_received])
15:53:21.211 [reactor-http-nio-46] DEBUG org.springframework.web.reactive.function.client.ExchangeFunctions - [48b33dab] Response 200 OK
15:53:21.211 [reactor-http-nio-41] DEBUG reactor.netty.channel.FluxReceive - [id: 0x003d9ecc, L:/127.0.0.1:51923 - R:localhost/127.0.0.1:8083] Subscribing inbound receiver [pending: 0, cancelled:false, inboundDone: false]
15:53:21.211 [reactor-http-nio-46] DEBUG reactor.netty.channel.FluxReceive - [id: 0x2579fbf5, L:/127.0.0.1:51828 - R:localhost/127.0.0.1:8083] Subscribing inbound receiver [pending: 0, cancelled:false, inboundDone: false]
15:53:21.211 [reactor-http-nio-41] DEBUG reactor.netty.http.client.HttpClientOperations - [id: 0x63f027f7, L:/127.0.0.1:51721 - R:localhost/127.0.0.1:8083] Received response (auto-read:false) : [Content-Type=application/json, Transfer-Encoding=chunked, Date=Wed, 15 Jun 2022 14:53:20 GMT]
15:53:21.211 [reactor-http-nio-41] DEBUG reactor.netty.resources.PooledConnectionProvider - [id: 0x63f027f7, L:/127.0.0.1:51721 - R:localhost/127.0.0.1:8083] onStateChange(GET{uri=/userLocation?userId=6b2b7682-004b-4605-a439-25efa908635f, connection=PooledConnection{channel=[id: 0x63f027f7, L:/127.0.0.1:51721 - R:localhost/127.0.0.1:8083]}}, [response_received])
15:53:21.211 [reactor-http-nio-41] DEBUG org.springframework.web.reactive.function.client.ExchangeFunctions - [41d861e2] Response 200 OK
15:53:21.212 [reactor-http-nio-41] DEBUG reactor.netty.channel.FluxReceive - [id: 0x63f027f7, L:/127.0.0.1:51721 - R:localhost/127.0.0.1:8083] Subscribing inbound receiver [pending: 0, cancelled:false, inboundDone: false]
15:53:21.212 [reactor-http-nio-47] DEBUG reactor.netty.http.client.HttpClientOperations - [id: 0x98ecb58e, L:/127.0.0.1:51684 - R:localhost/127.0.0.1:8083] Received response (auto-read:false) : [Content-Type=application/json, Transfer-Encoding=chunked, Date=Wed, 15 Jun 2022 14:53:20 GMT]
15:53:21.212 [reactor-http-nio-47] DEBUG reactor.netty.resources.PooledConnectionProvider - [id: 0x98ecb58e, L:/127.0.0.1:51684 - R:localhost/127.0.0.1:8083] onStateChange(GET{uri=/userLocation?userId=f58092f5-3609-4318-9056-95c2e9e4ff11, connection=PooledConnection{channel=[id: 0x98ecb58e, L:/127.0.0.1:51684 - R:localhost/127.0.0.1:8083]}}, [response_received])
15:53:21.212 [reactor-http-nio-47] DEBUG org.springframework.web.reactive.function.client.ExchangeFunctions - [6e3ef159] Response 200 OK
15:53:21.212 [reactor-http-nio-47] DEBUG reactor.netty.channel.FluxReceive - [id: 0x98ecb58e, L:/127.0.0.1:51684 - R:localhost/127.0.0.1:8083] Subscribing inbound receiver [pending: 0, cancelled:false, inboundDone: false]
15:53:21.212 [reactor-http-nio-47] DEBUG reactor.netty.http.client.HttpClientOperations - [id: 0x8cd960d5, L:/127.0.0.1:51696 - R:localhost/127.0.0.1:8083] Received response (auto-read:false) : [Content-Type=application/json, Transfer-Encoding=chunked, Date=Wed, 15 Jun 2022 14:53:20 GMT]
15:53:21.212 [reactor-http-nio-47] DEBUG reactor.netty.resources.PooledConnectionProvider - [id: 0x8cd960d5, L:/127.0.0.1:51696 - R:localhost/127.0.0.1:8083] onStateChange(GET{uri=/userLocation?userId=7167369e-2117-4db9-bdc9-d08207c177ed, connection=PooledConnection{channel=[id: 0x8cd960d5, L:/127.0.0.1:51696 - R:localhost/127.0.0.1:8083]}}, [response_received])
15:53:21.212 [reactor-http-nio-47] DEBUG org.springframework.web.reactive.function.client.ExchangeFunctions - [47c063ba] Response 200 OK
15:53:21.213 [reactor-http-nio-47] DEBUG reactor.netty.channel.FluxReceive - [id: 0x8cd960d5, L:/127.0.0.1:51696 - R:localhost/127.0.0.1:8083] Subscribing inbound receiver [pending: 0, cancelled:false, inboundDone: false]
15:53:21.213 [reactor-http-nio-46] DEBUG reactor.netty.http.client.HttpClientOperations - [id: 0x61ea6475, L:/127.0.0.1:51957 - R:localhost/127.0.0.1:8083] Received response (auto-read:false) : [Content-Type=application/json, Transfer-Encoding=chunked, Date=Wed, 15 Jun 2022 14:53:20 GMT]
15:53:21.213 [reactor-http-nio-46] DEBUG reactor.netty.resources.PooledConnectionProvider - [id: 0x61ea6475, L:/127.0.0.1:51957 - R:localhost/127.0.0.1:8083] onStateChange(GET{uri=/userLocation?userId=a0b33abe-49df-4d63-8499-0b5a2b94c1a2, connection=PooledConnection{channel=[id: 0x61ea6475, L:/127.0.0.1:51957 - R:localhost/127.0.0.1:8083]}}, [response_received])
15:53:21.213 [reactor-http-nio-46] DEBUG org.springframework.web.reactive.function.client.ExchangeFunctions - [5025ac1c] Response 200 OK
15:53:21.213 [reactor-http-nio-46] DEBUG reactor.netty.channel.FluxReceive - [id: 0x61ea6475, L:/127.0.0.1:51957 - R:localhost/127.0.0.1:8083] Subscribing inbound receiver [pending: 0, cancelled:false, inboundDone: false]
15:53:21.213 [reactor-http-nio-46] DEBUG reactor.netty.http.client.HttpClientOperations - [id: 0xe6317c04, L:/127.0.0.1:51827 - R:localhost/127.0.0.1:8083] Received response (auto-read:false) : [Content-Type=application/json, Transfer-Encoding=chunked, Date=Wed, 15 Jun 2022 14:53:20 GMT]
15:53:21.214 [reactor-http-nio-46] DEBUG reactor.netty.resources.PooledConnectionProvider - [id: 0xe6317c04, L:/127.0.0.1:51827 - R:localhost/127.0.0.1:8083] onStateChange(GET{uri=/userLocation?userId=4efd77cc-5fc7-447f-b256-c9adb8c9c39e, connection=PooledConnection{channel=[id: 0xe6317c04, L:/127.0.0.1:51827 - R:localhost/127.0.0.1:8083]}}, [response_received])
15:53:21.214 [reactor-http-nio-46] DEBUG org.springframework.web.reactive.function.client.ExchangeFunctions - [32058b6] Response 200 OK
15:53:21.214 [reactor-http-nio-46] DEBUG reactor.netty.channel.FluxReceive - [id: 0xe6317c04, L:/127.0.0.1:51827 - R:localhost/127.0.0.1:8083] Subscribing inbound receiver [pending: 0, cancelled:false, inboundDone: false]
15:53:21.214 [reactor-http-nio-46] DEBUG reactor.netty.http.client.HttpClientOperations - [id: 0x774c45b7, L:/127.0.0.1:51738 - R:localhost/127.0.0.1:8083] Received response (auto-read:false) : [Content-Type=application/json, Transfer-Encoding=chunked, Date=Wed, 15 Jun 2022 14:53:20 GMT]
15:53:21.215 [reactor-http-nio-46] DEBUG reactor.netty.resources.PooledConnectionProvider - [id: 0x774c45b7, L:/127.0.0.1:51738 - R:localhost/127.0.0.1:8083] onStateChange(GET{uri=/userLocation?userId=a6480de4-fe33-448d-98b6-cc35a530e5f7, connection=PooledConnection{channel=[id: 0x774c45b7, L:/127.0.0.1:51738 - R:localhost/127.0.0.1:8083]}}, [response_received])
15:53:21.215 [reactor-http-nio-46] DEBUG org.springframework.web.reactive.function.client.ExchangeFunctions - [5d3f3ced] Response 200 OK
15:53:21.215 [reactor-http-nio-46] DEBUG reactor.netty.channel.FluxReceive - [id: 0x774c45b7, L:/127.0.0.1:51738 - R:localhost/127.0.0.1:8083] Subscribing inbound receiver [pending: 0, cancelled:false, inboundDone: false]
15:53:21.247 [reactor-http-nio-41] DEBUG reactor.netty.http.client.HttpClientOperations - [id: 0xd0c6a217, L:/127.0.0.1:51778 - R:localhost/127.0.0.1:8083] Received response (auto-read:false) : [Content-Type=application/json, Transfer-Encoding=chunked, Date=Wed, 15 Jun 2022 14:53:20 GMT]
15:53:21.247 [reactor-http-nio-41] DEBUG reactor.netty.resources.PooledConnectionProvider - [id: 0xd0c6a217, L:/127.0.0.1:51778 - R:localhost/127.0.0.1:8083] onStateChange(GET{uri=/attractions, connection=PooledConnection{channel=[id: 0xd0c6a217, L:/127.0.0.1:51778 - R:localhost/127.0.0.1:8083]}}, [response_received])
15:53:21.247 [reactor-http-nio-41] DEBUG org.springframework.web.reactive.function.client.ExchangeFunctions - [3e8131] Response 200 OK
15:53:21.248 [reactor-http-nio-41] DEBUG reactor.netty.channel.FluxReceive - [id: 0xd0c6a217, L:/127.0.0.1:51778 - R:localhost/127.0.0.1:8083] Subscribing inbound receiver [pending: 0, cancelled:false, inboundDone: false]
15:53:21.248 [reactor-http-nio-41] DEBUG reactor.netty.http.client.HttpClientOperations - [id: 0xd0c6a217, L:/127.0.0.1:51778 - R:localhost/127.0.0.1:8083] Received last HTTP packet
15:53:21.248 [reactor-http-nio-41] DEBUG org.springframework.core.codec.StringDecoder - [3e8131] Decoded "[{"longitude":-117.922008,"latitude":33.817595,"attractionName":"Disneyland","city":"Anaheim","stat (truncated)...
15:53:21.248 [reactor-http-nio-41] DEBUG reactor.netty.resources.PooledConnectionProvider - [id: 0xd0c6a217, L:/127.0.0.1:51778 - R:localhost/127.0.0.1:8083] onStateChange(GET{uri=/attractions, connection=PooledConnection{channel=[id: 0xd0c6a217, L:/127.0.0.1:51778 - R:localhost/127.0.0.1:8083]}}, [disconnecting])
15:53:21.248 [reactor-http-nio-41] DEBUG reactor.netty.resources.PooledConnectionProvider - [id: 0xd0c6a217, L:/127.0.0.1:51778 - R:localhost/127.0.0.1:8083] Releasing channel
15:53:21.248 [reactor-http-nio-41] DEBUG reactor.netty.resources.PooledConnectionProvider - [id: 0xd0c6a217, L:/127.0.0.1:51778 - R:localhost/127.0.0.1:8083] Channel cleaned, now 98 active connections and 203 inactive connections
15:53:21.251 [reactor-http-nio-47] DEBUG reactor.netty.http.client.HttpClientOperations - [id: 0xd1ebbc3a, L:/127.0.0.1:51690 - R:localhost/127.0.0.1:8083] Received response (auto-read:false) : [Content-Type=application/json, Transfer-Encoding=chunked, Date=Wed, 15 Jun 2022 14:53:20 GMT]
15:53:21.251 [reactor-http-nio-47] DEBUG reactor.netty.resources.PooledConnectionProvider - [id: 0xd1ebbc3a, L:/127.0.0.1:51690 - R:localhost/127.0.0.1:8083] onStateChange(GET{uri=/attractions, connection=PooledConnection{channel=[id: 0xd1ebbc3a, L:/127.0.0.1:51690 - R:localhost/127.0.0.1:8083]}}, [response_received])
15:53:21.251 [reactor-http-nio-47] DEBUG org.springframework.web.reactive.function.client.ExchangeFunctions - [1fceae53] Response 200 OK
15:53:21.251 [reactor-http-nio-47] DEBUG reactor.netty.channel.FluxReceive - [id: 0xd1ebbc3a, L:/127.0.0.1:51690 - R:localhost/127.0.0.1:8083] Subscribing inbound receiver [pending: 0, cancelled:false, inboundDone: false]
15:53:21.252 [reactor-http-nio-47] DEBUG reactor.netty.http.client.HttpClientOperations - [id: 0xd1ebbc3a, L:/127.0.0.1:51690 - R:localhost/127.0.0.1:8083] Received last HTTP packet
15:53:21.252 [reactor-http-nio-47] DEBUG org.springframework.core.codec.StringDecoder - [1fceae53] Decoded "[{"longitude":-117.922008,"latitude":33.817595,"attractionName":"Disneyland","city":"Anaheim","stat (truncated)...
15:53:21.252 [reactor-http-nio-47] DEBUG reactor.netty.resources.PooledConnectionProvider - [id: 0xd1ebbc3a, L:/127.0.0.1:51690 - R:localhost/127.0.0.1:8083] onStateChange(GET{uri=/attractions, connection=PooledConnection{channel=[id: 0xd1ebbc3a, L:/127.0.0.1:51690 - R:localhost/127.0.0.1:8083]}}, [disconnecting])
15:53:21.252 [reactor-http-nio-47] DEBUG reactor.netty.resources.PooledConnectionProvider - [id: 0xd1ebbc3a, L:/127.0.0.1:51690 - R:localhost/127.0.0.1:8083] Releasing channel
15:53:21.252 [reactor-http-nio-47] DEBUG reactor.netty.resources.PooledConnectionProvider - [id: 0xd1ebbc3a, L:/127.0.0.1:51690 - R:localhost/127.0.0.1:8083] Channel cleaned, now 97 active connections and 204 inactive connections
15:53:21.252 [reactor-http-nio-41] DEBUG reactor.netty.http.client.HttpClientOperations - [id: 0xb3555784, L:/127.0.0.1:51724 - R:localhost/127.0.0.1:8083] Received response (auto-read:false) : [Content-Type=application/json, Transfer-Encoding=chunked, Date=Wed, 15 Jun 2022 14:53:20 GMT]
15:53:21.252 [reactor-http-nio-41] DEBUG reactor.netty.resources.PooledConnectionProvider - [id: 0xb3555784, L:/127.0.0.1:51724 - R:localhost/127.0.0.1:8083] onStateChange(GET{uri=/userLocation?userId=d9f1e1d9-8e8d-4a54-9be3-7cebc7819cc4, connection=PooledConnection{channel=[id: 0xb3555784, L:/127.0.0.1:51724 - R:localhost/127.0.0.1:8083]}}, [response_received])
15:53:21.253 [reactor-http-nio-41] DEBUG org.springframework.web.reactive.function.client.ExchangeFunctions - [2986ce6f] Response 200 OK
15:53:21.253 [reactor-http-nio-41] DEBUG reactor.netty.channel.FluxReceive - [id: 0xb3555784, L:/127.0.0.1:51724 - R:localhost/127.0.0.1:8083] Subscribing inbound receiver [pending: 0, cancelled:false, inboundDone: false]
15:53:21.254 [reactor-http-nio-41] DEBUG reactor.netty.http.client.HttpClientOperations - [id: 0xb3555784, L:/127.0.0.1:51724 - R:localhost/127.0.0.1:8083] Received last HTTP packet
15:53:21.254 [reactor-http-nio-41] DEBUG org.springframework.core.codec.StringDecoder - [2986ce6f] Decoded "{"userId":"d9f1e1d9-8e8d-4a54-9be3-7cebc7819cc4","location":{"longitude":131.088171,"latitude":74.4 (truncated)...
15:53:21.254 [reactor-http-nio-41] DEBUG reactor.netty.resources.PooledConnectionProvider - [id: 0xb3555784, L:/127.0.0.1:51724 - R:localhost/127.0.0.1:8083] onStateChange(GET{uri=/userLocation?userId=d9f1e1d9-8e8d-4a54-9be3-7cebc7819cc4, connection=PooledConnection{channel=[id: 0xb3555784, L:/127.0.0.1:51724 - R:localhost/127.0.0.1:8083]}}, [disconnecting])
15:53:21.255 [reactor-http-nio-41] DEBUG reactor.netty.resources.PooledConnectionProvider - [id: 0xb3555784, L:/127.0.0.1:51724 - R:localhost/127.0.0.1:8083] Releasing channel
15:53:21.255 [reactor-http-nio-41] DEBUG reactor.netty.resources.PooledConnectionProvider - [id: 0xb3555784, L:/127.0.0.1:51724 - R:localhost/127.0.0.1:8083] Channel cleaned, now 96 active connections and 205 inactive connections
15:53:21.255 [pool-17-thread-97] INFO tourGuide.service.TourGuideService - visitedLocatio tourGuide.gpsUtil.VisitedLocation@2741252f
15:53:21.257 [pool-17-thread-97] DEBUG org.springframework.web.reactive.function.client.ExchangeFunctions - [237ea51f] HTTP GET http://localhost:8083/attractions
15:53:21.260 [reactor-http-nio-41] DEBUG reactor.netty.http.client.HttpClientOperations - [id: 0x03f2fda7, L:/127.0.0.1:51737 - R:localhost/127.0.0.1:8083] Received response (auto-read:false) : [Content-Type=application/json, Transfer-Encoding=chunked, Date=Wed, 15 Jun 2022 14:53:20 GMT]
15:53:21.260 [reactor-http-nio-41] DEBUG reactor.netty.resources.PooledConnectionProvider - [id: 0x03f2fda7, L:/127.0.0.1:51737 - R:localhost/127.0.0.1:8083] onStateChange(GET{uri=/userLocation?userId=4cae9839-1921-46e2-97ea-0d7cd5e81262, connection=PooledConnection{channel=[id: 0x03f2fda7, L:/127.0.0.1:51737 - R:localhost/127.0.0.1:8083]}}, [response_received])
15:53:21.260 [reactor-http-nio-41] DEBUG org.springframework.web.reactive.function.client.ExchangeFunctions - [1ae95276] Response 200 OK
15:53:21.260 [reactor-http-nio-41] DEBUG reactor.netty.channel.FluxReceive - [id: 0x03f2fda7, L:/127.0.0.1:51737 - R:localhost/127.0.0.1:8083] Subscribing inbound receiver [pending: 0, cancelled:false, inboundDone: false]
15:53:21.260 [reactor-http-nio-41] DEBUG reactor.netty.http.client.HttpClientOperations - [id: 0x03f2fda7, L:/127.0.0.1:51737 - R:localhost/127.0.0.1:8083] Received last HTTP packet
15:53:21.260 [reactor-http-nio-41] DEBUG org.springframework.core.codec.StringDecoder - [1ae95276] Decoded "{"userId":"4cae9839-1921-46e2-97ea-0d7cd5e81262","location":{"longitude":-23.013846,"latitude":-13. (truncated)...
15:53:21.260 [reactor-http-nio-41] DEBUG reactor.netty.resources.PooledConnectionProvider - [id: 0x03f2fda7, L:/127.0.0.1:51737 - R:localhost/127.0.0.1:8083] onStateChange(GET{uri=/userLocation?userId=4cae9839-1921-46e2-97ea-0d7cd5e81262, connection=PooledConnection{channel=[id: 0x03f2fda7, L:/127.0.0.1:51737 - R:localhost/127.0.0.1:8083]}}, [disconnecting])
15:53:21.260 [reactor-http-nio-41] DEBUG reactor.netty.resources.PooledConnectionProvider - [id: 0x03f2fda7, L:/127.0.0.1:51737 - R:localhost/127.0.0.1:8083] Releasing channel
15:53:21.260 [reactor-http-nio-41] DEBUG reactor.netty.resources.PooledConnectionProvider - [id: 0x03f2fda7, L:/127.0.0.1:51737 - R:localhost/127.0.0.1:8083] Channel cleaned, now 95 active connections and 206 inactive connections
15:53:21.261 [pool-17-thread-95] INFO tourGuide.service.TourGuideService - visitedLocatio tourGuide.gpsUtil.VisitedLocation@142eaf5b
15:53:21.262 [reactor-http-nio-47] DEBUG reactor.netty.resources.PooledConnectionProvider - [id: 0x2891d552, L:/127.0.0.1:51862 - R:localhost/127.0.0.1:8083] Channel acquired, now 96 active connections and 205 inactive connections
15:53:21.262 [reactor-http-nio-47] DEBUG reactor.netty.http.client.HttpClientConnect - [id: 0x2891d552, L:/127.0.0.1:51862 - R:localhost/127.0.0.1:8083] Handler is being applied: {uri=http://localhost:8083/attractions, method=GET}
15:53:21.262 [pool-17-thread-95] DEBUG org.springframework.web.reactive.function.client.ExchangeFunctions - [10113906] HTTP GET http://localhost:8083/attractions
15:53:21.262 [reactor-http-nio-47] DEBUG reactor.netty.resources.PooledConnectionProvider - [id: 0x2891d552, L:/127.0.0.1:51862 - R:localhost/127.0.0.1:8083] onStateChange(GET{uri=/attractions, connection=PooledConnection{channel=[id: 0x2891d552, L:/127.0.0.1:51862 - R:localhost/127.0.0.1:8083]}}, [request_sent])
15:53:21.263 [reactor-http-nio-41] DEBUG reactor.netty.http.client.HttpClientOperations - [id: 0x506c6088, L:/127.0.0.1:51764 - R:localhost/127.0.0.1:8083] Received response (auto-read:false) : [Content-Type=application/json, Transfer-Encoding=chunked, Date=Wed, 15 Jun 2022 14:53:20 GMT]
15:53:21.263 [reactor-http-nio-41] DEBUG reactor.netty.resources.PooledConnectionProvider - [id: 0x506c6088, L:/127.0.0.1:51764 - R:localhost/127.0.0.1:8083] onStateChange(GET{uri=/userLocation?userId=078299a1-a357-413a-b7bb-dbe02dccb139, connection=PooledConnection{channel=[id: 0x506c6088, L:/127.0.0.1:51764 - R:localhost/127.0.0.1:8083]}}, [response_received])
15:53:21.263 [reactor-http-nio-41] DEBUG org.springframework.web.reactive.function.client.ExchangeFunctions - [58fd578b] Response 200 OK
15:53:21.263 [reactor-http-nio-46] DEBUG reactor.netty.http.client.HttpClientOperations - [id: 0xefddac86, L:/127.0.0.1:51812 - R:localhost/127.0.0.1:8083] Received response (auto-read:false) : [Content-Type=application/json, Transfer-Encoding=chunked, Date=Wed, 15 Jun 2022 14:53:20 GMT]
15:53:21.263 [reactor-http-nio-46] DEBUG reactor.netty.resources.PooledConnectionProvider - [id: 0xefddac86, L:/127.0.0.1:51812 - R:localhost/127.0.0.1:8083] onStateChange(GET{uri=/userLocation?userId=a2a47689-be1f-41a5-a48b-e3229fa0ee5c, connection=PooledConnection{channel=[id: 0xefddac86, L:/127.0.0.1:51812 - R:localhost/127.0.0.1:8083]}}, [response_received])
15:53:21.263 [reactor-http-nio-41] DEBUG reactor.netty.channel.FluxReceive - [id: 0x506c6088, L:/127.0.0.1:51764 - R:localhost/127.0.0.1:8083] Subscribing inbound receiver [pending: 0, cancelled:false, inboundDone: false]
15:53:21.263 [reactor-http-nio-46] DEBUG org.springframework.web.reactive.function.client.ExchangeFunctions - [4f6223ae] Response 200 OK
15:53:21.263 [reactor-http-nio-41] DEBUG reactor.netty.http.client.HttpClientOperations - [id: 0x506c6088, L:/127.0.0.1:51764 - R:localhost/127.0.0.1:8083] Received last HTTP packet
15:53:21.263 [reactor-http-nio-46] DEBUG reactor.netty.channel.FluxReceive - [id: 0xefddac86, L:/127.0.0.1:51812 - R:localhost/127.0.0.1:8083] Subscribing inbound receiver [pending: 0, cancelled:false, inboundDone: false]
15:53:21.263 [reactor-http-nio-41] DEBUG org.springframework.core.codec.StringDecoder - [58fd578b] Decoded "{"userId":"078299a1-a357-413a-b7bb-dbe02dccb139","location":{"longitude":-111.267635,"latitude":-65 (truncated)...
15:53:21.263 [reactor-http-nio-41] DEBUG reactor.netty.resources.PooledConnectionProvider - [id: 0x506c6088, L:/127.0.0.1:51764 - R:localhost/127.0.0.1:8083] onStateChange(GET{uri=/userLocation?userId=078299a1-a357-413a-b7bb-dbe02dccb139, connection=PooledConnection{channel=[id: 0x506c6088, L:/127.0.0.1:51764 - R:localhost/127.0.0.1:8083]}}, [disconnecting])
15:53:21.263 [reactor-http-nio-41] DEBUG reactor.netty.resources.PooledConnectionProvider - [id: 0x506c6088, L:/127.0.0.1:51764 - R:localhost/127.0.0.1:8083] Releasing channel
15:53:21.263 [reactor-http-nio-41] DEBUG reactor.netty.resources.PooledConnectionProvider - [id: 0x506c6088, L:/127.0.0.1:51764 - R:localhost/127.0.0.1:8083] Channel cleaned, now 95 active connections and 206 inactive connections
15:53:21.264 [reactor-http-nio-41] DEBUG reactor.netty.http.client.HttpClientOperations - [id: 0x48fc4dd2, L:/127.0.0.1:51755 - R:localhost/127.0.0.1:8083] Received response (auto-read:false) : [Content-Type=application/json, Transfer-Encoding=chunked, Date=Wed, 15 Jun 2022 14:53:20 GMT]
15:53:21.264 [reactor-http-nio-41] DEBUG reactor.netty.resources.PooledConnectionProvider - [id: 0x48fc4dd2, L:/127.0.0.1:51755 - R:localhost/127.0.0.1:8083] onStateChange(GET{uri=/userLocation?userId=bdda5954-9b53-4939-91cd-c72fd50329f1, connection=PooledConnection{channel=[id: 0x48fc4dd2, L:/127.0.0.1:51755 - R:localhost/127.0.0.1:8083]}}, [response_received])
15:53:21.264 [reactor-http-nio-41] DEBUG org.springframework.web.reactive.function.client.ExchangeFunctions - [50bf8500] Response 200 OK
15:53:21.264 [reactor-http-nio-41] DEBUG reactor.netty.channel.FluxReceive - [id: 0x48fc4dd2, L:/127.0.0.1:51755 - R:localhost/127.0.0.1:8083] Subscribing inbound receiver [pending: 0, cancelled:false, inboundDone: false]
15:53:21.264 [reactor-http-nio-41] DEBUG reactor.netty.http.client.HttpClientOperations - [id: 0x48fc4dd2, L:/127.0.0.1:51755 - R:localhost/127.0.0.1:8083] Received last HTTP packet
15:53:21.264 [reactor-http-nio-41] DEBUG org.springframework.core.codec.StringDecoder - [50bf8500] Decoded "{"userId":"bdda5954-9b53-4939-91cd-c72fd50329f1","location":{"longitude":131.045238,"latitude":-15. (truncated)...
15:53:21.264 [reactor-http-nio-41] DEBUG reactor.netty.resources.PooledConnectionProvider - [id: 0x48fc4dd2, L:/127.0.0.1:51755 - R:localhost/127.0.0.1:8083] onStateChange(GET{uri=/userLocation?userId=bdda5954-9b53-4939-91cd-c72fd50329f1, connection=PooledConnection{channel=[id: 0x48fc4dd2, L:/127.0.0.1:51755 - R:localhost/127.0.0.1:8083]}}, [disconnecting])
15:53:21.264 [reactor-http-nio-41] DEBUG reactor.netty.resources.PooledConnectionProvider - [id: 0x48fc4dd2, L:/127.0.0.1:51755 - R:localhost/127.0.0.1:8083] Releasing channel
15:53:21.264 [reactor-http-nio-41] DEBUG reactor.netty.resources.PooledConnectionProvider - [id: 0x48fc4dd2, L:/127.0.0.1:51755 - R:localhost/127.0.0.1:8083] Channel cleaned, now 94 active connections and 207 inactive connections
15:53:21.265 [reactor-http-nio-46] DEBUG reactor.netty.resources.PooledConnectionProvider - [id: 0x07e2665a, L:/127.0.0.1:51934 - R:localhost/127.0.0.1:8083] Channel acquired, now 95 active connections and 206 inactive connections
15:53:21.265 [reactor-http-nio-46] DEBUG reactor.netty.http.client.HttpClientConnect - [id: 0x07e2665a, L:/127.0.0.1:51934 - R:localhost/127.0.0.1:8083] Handler is being applied: {uri=http://localhost:8083/attractions, method=GET}
15:53:21.265 [pool-17-thread-75] INFO tourGuide.service.TourGuideService - visitedLocatio tourGuide.gpsUtil.VisitedLocation@563aa2e4
15:53:21.265 [reactor-http-nio-46] DEBUG reactor.netty.resources.PooledConnectionProvider - [id: 0x07e2665a, L:/127.0.0.1:51934 - R:localhost/127.0.0.1:8083] onStateChange(GET{uri=/attractions, connection=PooledConnection{channel=[id: 0x07e2665a, L:/127.0.0.1:51934 - R:localhost/127.0.0.1:8083]}}, [request_sent])
15:53:21.265 [pool-17-thread-75] DEBUG org.springframework.web.reactive.function.client.ExchangeFunctions - [52053cfb] HTTP GET http://localhost:8083/attractions
15:53:21.265 [pool-17-thread-80] INFO tourGuide.service.TourGuideService - visitedLocatio tourGuide.gpsUtil.VisitedLocation@5e787167
15:53:21.266 [pool-17-thread-80] DEBUG org.springframework.web.reactive.function.client.ExchangeFunctions - [5a47ee70] HTTP GET http://localhost:8083/attractions
15:53:21.266 [reactor-http-nio-46] DEBUG reactor.netty.http.client.HttpClientOperations - [id: 0xefddac86, L:/127.0.0.1:51812 - R:localhost/127.0.0.1:8083] Received last HTTP packet
15:53:21.266 [reactor-http-nio-46] DEBUG org.springframework.core.codec.StringDecoder - [4f6223ae] Decoded "{"userId":"a2a47689-be1f-41a5-a48b-e3229fa0ee5c","location":{"longitude":98.27923,"latitude":-73.14 (truncated)...
15:53:21.266 [reactor-http-nio-46] DEBUG reactor.netty.resources.PooledConnectionProvider - [id: 0xefddac86, L:/127.0.0.1:51812 - R:localhost/127.0.0.1:8083] onStateChange(GET{uri=/userLocation?userId=a2a47689-be1f-41a5-a48b-e3229fa0ee5c, connection=PooledConnection{channel=[id: 0xefddac86, L:/127.0.0.1:51812 - R:localhost/127.0.0.1:8083]}}, [disconnecting])
15:53:21.266 [reactor-http-nio-46] DEBUG reactor.netty.resources.PooledConnectionProvider - [id: 0xefddac86, L:/127.0.0.1:51812 - R:localhost/127.0.0.1:8083] Releasing channel
15:53:21.266 [reactor-http-nio-46] DEBUG reactor.netty.resources.PooledConnectionProvider - [id: 0xefddac86, L:/127.0.0.1:51812 - R:localhost/127.0.0.1:8083] Channel cleaned, now 94 active connections and 207 inactive connections
15:53:21.268 [pool-17-thread-79] INFO tourGuide.service.TourGuideService - visitedLocatio tourGuide.gpsUtil.VisitedLocation@41a5d432
15:53:21.268 [reactor-http-nio-47] DEBUG reactor.netty.http.client.HttpClientOperations - [id: 0xdce01143, L:/127.0.0.1:51689 - R:localhost/127.0.0.1:8083] Received response (auto-read:false) : [Content-Type=application/json, Transfer-Encoding=chunked, Date=Wed, 15 Jun 2022 14:53:20 GMT]
15:53:21.268 [reactor-http-nio-47] DEBUG reactor.netty.resources.PooledConnectionProvider - [id: 0xdce01143, L:/127.0.0.1:51689 - R:localhost/127.0.0.1:8083] onStateChange(GET{uri=/userLocation?userId=8a72088a-3281-4ddd-9fd5-b0fbeff60913, connection=PooledConnection{channel=[id: 0xdce01143, L:/127.0.0.1:51689 - R:localhost/127.0.0.1:8083]}}, [response_received])
15:53:21.268 [reactor-http-nio-47] DEBUG org.springframework.web.reactive.function.client.ExchangeFunctions - [1bb83b8c] Response 200 OK
15:53:21.269 [reactor-http-nio-47] DEBUG reactor.netty.channel.FluxReceive - [id: 0xdce01143, L:/127.0.0.1:51689 - R:localhost/127.0.0.1:8083] Subscribing inbound receiver [pending: 0, cancelled:false, inboundDone: false]
15:53:21.269 [pool-17-thread-79] DEBUG org.springframework.web.reactive.function.client.ExchangeFunctions - [459a48de] HTTP GET http://localhost:8083/attractions
15:53:21.269 [reactor-http-nio-47] DEBUG reactor.netty.http.client.HttpClientOperations - [id: 0xdce01143, L:/127.0.0.1:51689 - R:localhost/127.0.0.1:8083] Received last HTTP packet
15:53:21.269 [reactor-http-nio-47] DEBUG org.springframework.core.codec.StringDecoder - [1bb83b8c] Decoded "{"userId":"8a72088a-3281-4ddd-9fd5-b0fbeff60913","location":{"longitude":69.507031,"latitude":84.33 (truncated)...
15:53:21.269 [reactor-http-nio-47] DEBUG reactor.netty.resources.PooledConnectionProvider - [id: 0xdce01143, L:/127.0.0.1:51689 - R:localhost/127.0.0.1:8083] onStateChange(GET{uri=/userLocation?userId=8a72088a-3281-4ddd-9fd5-b0fbeff60913, connection=PooledConnection{channel=[id: 0xdce01143, L:/127.0.0.1:51689 - R:localhost/127.0.0.1:8083]}}, [disconnecting])
15:53:21.269 [reactor-http-nio-47] DEBUG reactor.netty.resources.PooledConnectionProvider - [id: 0xdce01143, L:/127.0.0.1:51689 - R:localhost/127.0.0.1:8083] Releasing channel
15:53:21.269 [reactor-http-nio-47] DEBUG reactor.netty.resources.PooledConnectionProvider - [id: 0xdce01143, L:/127.0.0.1:51689 - R:localhost/127.0.0.1:8083] Channel cleaned, now 93 active connections and 208 inactive connections
15:53:21.269 [reactor-http-nio-47] DEBUG reactor.netty.http.client.HttpClientOperations - [id: 0x8cd960d5, L:/127.0.0.1:51696 - R:localhost/127.0.0.1:8083] Received last HTTP packet
15:53:21.269 [reactor-http-nio-47] DEBUG org.springframework.core.codec.StringDecoder - [47c063ba] Decoded "{"userId":"7167369e-2117-4db9-bdc9-d08207c177ed","location":{"longitude":-156.896758,"latitude":47. (truncated)...
15:53:21.269 [reactor-http-nio-47] DEBUG reactor.netty.resources.PooledConnectionProvider - [id: 0x8cd960d5, L:/127.0.0.1:51696 - R:localhost/127.0.0.1:8083] onStateChange(GET{uri=/userLocation?userId=7167369e-2117-4db9-bdc9-d08207c177ed, connection=PooledConnection{channel=[id: 0x8cd960d5, L:/127.0.0.1:51696 - R:localhost/127.0.0.1:8083]}}, [disconnecting])
15:53:21.269 [reactor-http-nio-47] DEBUG reactor.netty.resources.PooledConnectionProvider - [id: 0x8cd960d5, L:/127.0.0.1:51696 - R:localhost/127.0.0.1:8083] Releasing channel
15:53:21.269 [reactor-http-nio-47] DEBUG reactor.netty.resources.PooledConnectionProvider - [id: 0x8cd960d5, L:/127.0.0.1:51696 - R:localhost/127.0.0.1:8083] Channel cleaned, now 92 active connections and 209 inactive connections
15:53:21.270 [reactor-http-nio-47] DEBUG reactor.netty.resources.PooledConnectionProvider - [id: 0xa78cd761, L:/127.0.0.1:51879 - R:localhost/127.0.0.1:8083] Channel acquired, now 93 active connections and 208 inactive connections
15:53:21.270 [reactor-http-nio-47] DEBUG reactor.netty.http.client.HttpClientConnect - [id: 0xa78cd761, L:/127.0.0.1:51879 - R:localhost/127.0.0.1:8083] Handler is being applied: {uri=http://localhost:8083/attractions, method=GET}
15:53:21.270 [pool-17-thread-84] INFO tourGuide.service.TourGuideService - visitedLocatio tourGuide.gpsUtil.VisitedLocation@157fd68b
15:53:21.270 [reactor-http-nio-47] DEBUG reactor.netty.resources.PooledConnectionProvider - [id: 0xa78cd761, L:/127.0.0.1:51879 - R:localhost/127.0.0.1:8083] onStateChange(GET{uri=/attractions, connection=PooledConnection{channel=[id: 0xa78cd761, L:/127.0.0.1:51879 - R:localhost/127.0.0.1:8083]}}, [request_sent])
15:53:21.270 [reactor-http-nio-47] DEBUG reactor.netty.resources.PooledConnectionProvider - [id: 0x0c4c7f0e, L:/127.0.0.1:51853 - R:localhost/127.0.0.1:8083] Channel acquired, now 94 active connections and 207 inactive connections
15:53:21.270 [reactor-http-nio-47] DEBUG reactor.netty.http.client.HttpClientConnect - [id: 0x0c4c7f0e, L:/127.0.0.1:51853 - R:localhost/127.0.0.1:8083] Handler is being applied: {uri=http://localhost:8083/attractions, method=GET}
15:53:21.270 [pool-17-thread-84] DEBUG org.springframework.web.reactive.function.client.ExchangeFunctions - [114050fc] HTTP GET http://localhost:8083/attractions
15:53:21.271 [reactor-http-nio-47] DEBUG reactor.netty.resources.PooledConnectionProvider - [id: 0x0c4c7f0e, L:/127.0.0.1:51853 - R:localhost/127.0.0.1:8083] onStateChange(GET{uri=/attractions, connection=PooledConnection{channel=[id: 0x0c4c7f0e, L:/127.0.0.1:51853 - R:localhost/127.0.0.1:8083]}}, [request_sent])
15:53:21.272 [pool-17-thread-46] INFO tourGuide.service.TourGuideService - visitedLocatio tourGuide.gpsUtil.VisitedLocation@49078532
15:53:21.272 [pool-17-thread-46] DEBUG org.springframework.web.reactive.function.client.ExchangeFunctions - [4d3808ca] HTTP GET http://localhost:8083/attractions
15:53:21.273 [reactor-http-nio-47] DEBUG reactor.netty.resources.PooledConnectionProvider - [id: 0x55d1ef56, L:/127.0.0.1:51877 - R:localhost/127.0.0.1:8083] Channel acquired, now 95 active connections and 206 inactive connections
15:53:21.273 [reactor-http-nio-47] DEBUG reactor.netty.http.client.HttpClientConnect - [id: 0x55d1ef56, L:/127.0.0.1:51877 - R:localhost/127.0.0.1:8083] Handler is being applied: {uri=http://localhost:8083/attractions, method=GET}
15:53:21.273 [reactor-http-nio-47] DEBUG reactor.netty.resources.PooledConnectionProvider - [id: 0x55d1ef56, L:/127.0.0.1:51877 - R:localhost/127.0.0.1:8083] onStateChange(GET{uri=/attractions, connection=PooledConnection{channel=[id: 0x55d1ef56, L:/127.0.0.1:51877 - R:localhost/127.0.0.1:8083]}}, [request_sent])
15:53:21.274 [reactor-http-nio-46] DEBUG reactor.netty.resources.PooledConnectionProvider - [id: 0xbc334cd2, L:/127.0.0.1:51936 - R:localhost/127.0.0.1:8083] Channel acquired, now 96 active connections and 205 inactive connections
15:53:21.274 [reactor-http-nio-46] DEBUG reactor.netty.http.client.HttpClientConnect - [id: 0xbc334cd2, L:/127.0.0.1:51936 - R:localhost/127.0.0.1:8083] Handler is being applied: {uri=http://localhost:8083/attractions, method=GET}
15:53:21.274 [reactor-http-nio-46] DEBUG reactor.netty.resources.PooledConnectionProvider - [id: 0xbc334cd2, L:/127.0.0.1:51936 - R:localhost/127.0.0.1:8083] onStateChange(GET{uri=/attractions, connection=PooledConnection{channel=[id: 0xbc334cd2, L:/127.0.0.1:51936 - R:localhost/127.0.0.1:8083]}}, [request_sent])
15:53:21.275 [reactor-http-nio-46] DEBUG reactor.netty.http.client.HttpClientOperations - [id: 0x2579fbf5, L:/127.0.0.1:51828 - R:localhost/127.0.0.1:8083] Received last HTTP packet
15:53:21.275 [reactor-http-nio-46] DEBUG org.springframework.core.codec.StringDecoder - [48b33dab] Decoded "{"userId":"9791aa70-e5fa-48ac-b2a9-2c744fe07340","location":{"longitude":54.902504,"latitude":6.359 (truncated)...
15:53:21.275 [reactor-http-nio-46] DEBUG reactor.netty.resources.PooledConnectionProvider - [id: 0x2579fbf5, L:/127.0.0.1:51828 - R:localhost/127.0.0.1:8083] onStateChange(GET{uri=/userLocation?userId=9791aa70-e5fa-48ac-b2a9-2c744fe07340, connection=PooledConnection{channel=[id: 0x2579fbf5, L:/127.0.0.1:51828 - R:localhost/127.0.0.1:8083]}}, [disconnecting])
15:53:21.275 [reactor-http-nio-46] DEBUG reactor.netty.resources.PooledConnectionProvider - [id: 0x2579fbf5, L:/127.0.0.1:51828 - R:localhost/127.0.0.1:8083] Releasing channel
15:53:21.275 [reactor-http-nio-46] DEBUG reactor.netty.resources.PooledConnectionProvider - [id: 0x2579fbf5, L:/127.0.0.1:51828 - R:localhost/127.0.0.1:8083] Channel cleaned, now 95 active connections and 206 inactive connections
15:53:21.276 [reactor-http-nio-46] DEBUG reactor.netty.http.client.HttpClientOperations - [id: 0x61ea6475, L:/127.0.0.1:51957 - R:localhost/127.0.0.1:8083] Received last HTTP packet
15:53:21.276 [reactor-http-nio-46] DEBUG org.springframework.core.codec.StringDecoder - [5025ac1c] Decoded "{"userId":"a0b33abe-49df-4d63-8499-0b5a2b94c1a2","location":{"longitude":-97.447741,"latitude":16.7 (truncated)...
15:53:21.276 [reactor-http-nio-46] DEBUG reactor.netty.resources.PooledConnectionProvider - [id: 0x61ea6475, L:/127.0.0.1:51957 - R:localhost/127.0.0.1:8083] onStateChange(GET{uri=/userLocation?userId=a0b33abe-49df-4d63-8499-0b5a2b94c1a2, connection=PooledConnection{channel=[id: 0x61ea6475, L:/127.0.0.1:51957 - R:localhost/127.0.0.1:8083]}}, [disconnecting])
15:53:21.276 [reactor-http-nio-46] DEBUG reactor.netty.resources.PooledConnectionProvider - [id: 0x61ea6475, L:/127.0.0.1:51957 - R:localhost/127.0.0.1:8083] Releasing channel
15:53:21.276 [reactor-http-nio-46] DEBUG reactor.netty.resources.PooledConnectionProvider - [id: 0x61ea6475, L:/127.0.0.1:51957 - R:localhost/127.0.0.1:8083] Channel cleaned, now 94 active connections and 207 inactive connections
15:53:21.276 [reactor-http-nio-47] DEBUG reactor.netty.http.client.HttpClientOperations - [id: 0x98ecb58e, L:/127.0.0.1:51684 - R:localhost/127.0.0.1:8083] Received last HTTP packet
15:53:21.276 [reactor-http-nio-47] DEBUG org.springframework.core.codec.StringDecoder - [6e3ef159] Decoded "{"userId":"f58092f5-3609-4318-9056-95c2e9e4ff11","location":{"longitude":-95.699333,"latitude":74.1 (truncated)...
15:53:21.276 [reactor-http-nio-47] DEBUG reactor.netty.resources.PooledConnectionProvider - [id: 0x98ecb58e, L:/127.0.0.1:51684 - R:localhost/127.0.0.1:8083] onStateChange(GET{uri=/userLocation?userId=f58092f5-3609-4318-9056-95c2e9e4ff11, connection=PooledConnection{channel=[id: 0x98ecb58e, L:/127.0.0.1:51684 - R:localhost/127.0.0.1:8083]}}, [disconnecting])
15:53:21.276 [reactor-http-nio-47] DEBUG reactor.netty.resources.PooledConnectionProvider - [id: 0x98ecb58e, L:/127.0.0.1:51684 - R:localhost/127.0.0.1:8083] Releasing channel
15:53:21.276 [reactor-http-nio-47] DEBUG reactor.netty.resources.PooledConnectionProvider - [id: 0x98ecb58e, L:/127.0.0.1:51684 - R:localhost/127.0.0.1:8083] Channel cleaned, now 93 active connections and 208 inactive connections
15:53:21.276 [reactor-http-nio-41] DEBUG reactor.netty.resources.PooledConnectionProvider - [id: 0x6573a2f1, L:/127.0.0.1:51712 - R:localhost/127.0.0.1:8083] Channel acquired, now 94 active connections and 207 inactive connections
15:53:21.276 [reactor-http-nio-41] DEBUG reactor.netty.http.client.HttpClientConnect - [id: 0x6573a2f1, L:/127.0.0.1:51712 - R:localhost/127.0.0.1:8083] Handler is being applied: {uri=http://localhost:8083/attractions, method=GET}
15:53:21.277 [reactor-http-nio-41] DEBUG reactor.netty.resources.PooledConnectionProvider - [id: 0x6573a2f1, L:/127.0.0.1:51712 - R:localhost/127.0.0.1:8083] onStateChange(GET{uri=/attractions, connection=PooledConnection{channel=[id: 0x6573a2f1, L:/127.0.0.1:51712 - R:localhost/127.0.0.1:8083]}}, [request_sent])
15:53:21.277 [pool-17-thread-60] INFO tourGuide.service.TourGuideService - visitedLocatio tourGuide.gpsUtil.VisitedLocation@4674dacd
15:53:21.277 [pool-17-thread-60] DEBUG org.springframework.web.reactive.function.client.ExchangeFunctions - [424b56db] HTTP GET http://localhost:8083/attractions
15:53:21.278 [pool-17-thread-74] INFO tourGuide.service.TourGuideService - visitedLocatio tourGuide.gpsUtil.VisitedLocation@5ee25868
15:53:21.278 [pool-17-thread-74] DEBUG org.springframework.web.reactive.function.client.ExchangeFunctions - [5addc76c] HTTP GET http://localhost:8083/attractions
15:53:21.280 [reactor-http-nio-47] DEBUG reactor.netty.resources.PooledConnectionProvider - [id: 0x16e996b4, L:/127.0.0.1:51859 - R:localhost/127.0.0.1:8083] Channel acquired, now 95 active connections and 206 inactive connections
15:53:21.281 [reactor-http-nio-47] DEBUG reactor.netty.http.client.HttpClientConnect - [id: 0x16e996b4, L:/127.0.0.1:51859 - R:localhost/127.0.0.1:8083] Handler is being applied: {uri=http://localhost:8083/attractions, method=GET}
15:53:21.281 [reactor-http-nio-47] DEBUG reactor.netty.resources.PooledConnectionProvider - [id: 0x16e996b4, L:/127.0.0.1:51859 - R:localhost/127.0.0.1:8083] onStateChange(GET{uri=/attractions, connection=PooledConnection{channel=[id: 0x16e996b4, L:/127.0.0.1:51859 - R:localhost/127.0.0.1:8083]}}, [request_sent])
15:53:21.281 [reactor-http-nio-48] DEBUG reactor.netty.resources.PooledConnectionProvider - [id: 0x83b452e2, L:/127.0.0.1:51932 - R:localhost/127.0.0.1:8083] Channel acquired, now 96 active connections and 205 inactive connections
15:53:21.281 [reactor-http-nio-48] DEBUG reactor.netty.http.client.HttpClientConnect - [id: 0x83b452e2, L:/127.0.0.1:51932 - R:localhost/127.0.0.1:8083] Handler is being applied: {uri=http://localhost:8083/attractions, method=GET}
15:53:21.282 [pool-17-thread-82] INFO tourGuide.service.TourGuideService - visitedLocatio tourGuide.gpsUtil.VisitedLocation@60f902ee
15:53:21.282 [pool-17-thread-82] DEBUG org.springframework.web.reactive.function.client.ExchangeFunctions - [64c69a29] HTTP GET http://localhost:8083/attractions
15:53:21.282 [reactor-http-nio-48] DEBUG reactor.netty.resources.PooledConnectionProvider - [id: 0x83b452e2, L:/127.0.0.1:51932 - R:localhost/127.0.0.1:8083] onStateChange(GET{uri=/attractions, connection=PooledConnection{channel=[id: 0x83b452e2, L:/127.0.0.1:51932 - R:localhost/127.0.0.1:8083]}}, [request_sent])
15:53:21.283 [reactor-http-nio-46] DEBUG reactor.netty.http.client.HttpClientOperations - [id: 0x774c45b7, L:/127.0.0.1:51738 - R:localhost/127.0.0.1:8083] Received last HTTP packet
15:53:21.283 [reactor-http-nio-46] DEBUG org.springframework.core.codec.StringDecoder - [5d3f3ced] Decoded "{"userId":"a6480de4-fe33-448d-98b6-cc35a530e5f7","location":{"longitude":149.424959,"latitude":49.5 (truncated)...
15:53:21.283 [reactor-http-nio-46] DEBUG reactor.netty.resources.PooledConnectionProvider - [id: 0x774c45b7, L:/127.0.0.1:51738 - R:localhost/127.0.0.1:8083] onStateChange(GET{uri=/userLocation?userId=a6480de4-fe33-448d-98b6-cc35a530e5f7, connection=PooledConnection{channel=[id: 0x774c45b7, L:/127.0.0.1:51738 - R:localhost/127.0.0.1:8083]}}, [disconnecting])
15:53:21.283 [reactor-http-nio-46] DEBUG reactor.netty.resources.PooledConnectionProvider - [id: 0x774c45b7, L:/127.0.0.1:51738 - R:localhost/127.0.0.1:8083] Releasing channel
15:53:21.283 [reactor-http-nio-46] DEBUG reactor.netty.resources.PooledConnectionProvider - [id: 0x774c45b7, L:/127.0.0.1:51738 - R:localhost/127.0.0.1:8083] Channel cleaned, now 95 active connections and 206 inactive connections
15:53:21.284 [reactor-http-nio-48] DEBUG reactor.netty.resources.PooledConnectionProvider - [id: 0x5b6b68d9, L:/127.0.0.1:51924 - R:localhost/127.0.0.1:8083] Channel acquired, now 96 active connections and 205 inactive connections
15:53:21.284 [reactor-http-nio-48] DEBUG reactor.netty.http.client.HttpClientConnect - [id: 0x5b6b68d9, L:/127.0.0.1:51924 - R:localhost/127.0.0.1:8083] Handler is being applied: {uri=http://localhost:8083/attractions, method=GET}
15:53:21.285 [reactor-http-nio-48] DEBUG reactor.netty.resources.PooledConnectionProvider - [id: 0x5b6b68d9, L:/127.0.0.1:51924 - R:localhost/127.0.0.1:8083] onStateChange(GET{uri=/attractions, connection=PooledConnection{channel=[id: 0x5b6b68d9, L:/127.0.0.1:51924 - R:localhost/127.0.0.1:8083]}}, [request_sent])
15:53:21.285 [pool-17-thread-45] INFO tourGuide.service.TourGuideService - visitedLocatio tourGuide.gpsUtil.VisitedLocation@53f8c93a
15:53:21.286 [pool-17-thread-45] DEBUG org.springframework.web.reactive.function.client.ExchangeFunctions - [57c7579d] HTTP GET http://localhost:8083/attractions
15:53:21.286 [reactor-http-nio-41] DEBUG reactor.netty.http.client.HttpClientOperations - [id: 0x63f027f7, L:/127.0.0.1:51721 - R:localhost/127.0.0.1:8083] Received last HTTP packet
15:53:21.286 [reactor-http-nio-41] DEBUG org.springframework.core.codec.StringDecoder - [41d861e2] Decoded "{"userId":"6b2b7682-004b-4605-a439-25efa908635f","location":{"longitude":-39.519058,"latitude":30.5 (truncated)...
15:53:21.286 [reactor-http-nio-41] DEBUG reactor.netty.resources.PooledConnectionProvider - [id: 0x63f027f7, L:/127.0.0.1:51721 - R:localhost/127.0.0.1:8083] onStateChange(GET{uri=/userLocation?userId=6b2b7682-004b-4605-a439-25efa908635f, connection=PooledConnection{channel=[id: 0x63f027f7, L:/127.0.0.1:51721 - R:localhost/127.0.0.1:8083]}}, [disconnecting])
15:53:21.286 [reactor-http-nio-41] DEBUG reactor.netty.resources.PooledConnectionProvider - [id: 0x63f027f7, L:/127.0.0.1:51721 - R:localhost/127.0.0.1:8083] Releasing channel
15:53:21.286 [reactor-http-nio-41] DEBUG reactor.netty.resources.PooledConnectionProvider - [id: 0x63f027f7, L:/127.0.0.1:51721 - R:localhost/127.0.0.1:8083] Channel cleaned, now 95 active connections and 206 inactive connections
15:53:21.288 [pool-17-thread-81] INFO tourGuide.service.TourGuideService - visitedLocatio tourGuide.gpsUtil.VisitedLocation@4f1f97a9
15:53:21.289 [reactor-http-nio-47] DEBUG reactor.netty.resources.PooledConnectionProvider - [id: 0x2b8f766c, L:/127.0.0.1:51861 - R:localhost/127.0.0.1:8083] Channel acquired, now 96 active connections and 205 inactive connections
15:53:21.289 [pool-17-thread-81] DEBUG org.springframework.web.reactive.function.client.ExchangeFunctions - [4b200a92] HTTP GET http://localhost:8083/attractions
15:53:21.289 [reactor-http-nio-47] DEBUG reactor.netty.http.client.HttpClientConnect - [id: 0x2b8f766c, L:/127.0.0.1:51861 - R:localhost/127.0.0.1:8083] Handler is being applied: {uri=http://localhost:8083/attractions, method=GET}
15:53:21.289 [reactor-http-nio-47] DEBUG reactor.netty.resources.PooledConnectionProvider - [id: 0x2b8f766c, L:/127.0.0.1:51861 - R:localhost/127.0.0.1:8083] onStateChange(GET{uri=/attractions, connection=PooledConnection{channel=[id: 0x2b8f766c, L:/127.0.0.1:51861 - R:localhost/127.0.0.1:8083]}}, [request_sent])
15:53:21.290 [reactor-http-nio-46] DEBUG reactor.netty.http.client.HttpClientOperations - [id: 0xe6317c04, L:/127.0.0.1:51827 - R:localhost/127.0.0.1:8083] Received last HTTP packet
15:53:21.290 [reactor-http-nio-46] DEBUG org.springframework.core.codec.StringDecoder - [32058b6] Decoded "{"userId":"4efd77cc-5fc7-447f-b256-c9adb8c9c39e","location":{"longitude":-167.775779,"latitude":59. (truncated)...
15:53:21.290 [reactor-http-nio-46] DEBUG reactor.netty.resources.PooledConnectionProvider - [id: 0xe6317c04, L:/127.0.0.1:51827 - R:localhost/127.0.0.1:8083] onStateChange(GET{uri=/userLocation?userId=4efd77cc-5fc7-447f-b256-c9adb8c9c39e, connection=PooledConnection{channel=[id: 0xe6317c04, L:/127.0.0.1:51827 - R:localhost/127.0.0.1:8083]}}, [disconnecting])
15:53:21.290 [reactor-http-nio-46] DEBUG reactor.netty.resources.PooledConnectionProvider - [id: 0xe6317c04, L:/127.0.0.1:51827 - R:localhost/127.0.0.1:8083] Releasing channel
15:53:21.290 [reactor-http-nio-46] DEBUG reactor.netty.resources.PooledConnectionProvider - [id: 0xe6317c04, L:/127.0.0.1:51827 - R:localhost/127.0.0.1:8083] Channel cleaned, now 95 active connections and 206 inactive connections
15:53:21.291 [pool-17-thread-36] INFO tourGuide.service.TourGuideService - visitedLocatio tourGuide.gpsUtil.VisitedLocation@de7a6a2
15:53:21.292 [pool-17-thread-36] DEBUG org.springframework.web.reactive.function.client.ExchangeFunctions - [9d833c6] HTTP GET http://localhost:8083/attractions
15:53:21.292 [reactor-http-nio-48] DEBUG reactor.netty.resources.PooledConnectionProvider - [id: 0x7de42074, L:/127.0.0.1:51875 - R:localhost/127.0.0.1:8083] Channel acquired, now 96 active connections and 205 inactive connections
15:53:21.292 [reactor-http-nio-48] DEBUG reactor.netty.http.client.HttpClientConnect - [id: 0x7de42074, L:/127.0.0.1:51875 - R:localhost/127.0.0.1:8083] Handler is being applied: {uri=http://localhost:8083/attractions, method=GET}
15:53:21.292 [reactor-http-nio-48] DEBUG reactor.netty.resources.PooledConnectionProvider - [id: 0x7de42074, L:/127.0.0.1:51875 - R:localhost/127.0.0.1:8083] onStateChange(GET{uri=/attractions, connection=PooledConnection{channel=[id: 0x7de42074, L:/127.0.0.1:51875 - R:localhost/127.0.0.1:8083]}}, [request_sent])
15:53:21.292 [reactor-http-nio-41] DEBUG reactor.netty.http.client.HttpClientOperations - [id: 0x003d9ecc, L:/127.0.0.1:51923 - R:localhost/127.0.0.1:8083] Received last HTTP packet
15:53:21.293 [reactor-http-nio-41] DEBUG org.springframework.core.codec.StringDecoder - [16b8ccbc] Decoded "{"userId":"c2037937-006d-4218-b50c-a708cacc2a78","location":{"longitude":76.052814,"latitude":-14.6 (truncated)...
15:53:21.293 [reactor-http-nio-41] DEBUG reactor.netty.resources.PooledConnectionProvider - [id: 0x003d9ecc, L:/127.0.0.1:51923 - R:localhost/127.0.0.1:8083] onStateChange(GET{uri=/userLocation?userId=c2037937-006d-4218-b50c-a708cacc2a78, connection=PooledConnection{channel=[id: 0x003d9ecc, L:/127.0.0.1:51923 - R:localhost/127.0.0.1:8083]}}, [disconnecting])
15:53:21.293 [reactor-http-nio-41] DEBUG reactor.netty.resources.PooledConnectionProvider - [id: 0x003d9ecc, L:/127.0.0.1:51923 - R:localhost/127.0.0.1:8083] Releasing channel
15:53:21.293 [reactor-http-nio-41] DEBUG reactor.netty.resources.PooledConnectionProvider - [id: 0x003d9ecc, L:/127.0.0.1:51923 - R:localhost/127.0.0.1:8083] Channel cleaned, now 95 active connections and 206 inactive connections
15:53:21.293 [reactor-http-nio-47] DEBUG reactor.netty.http.client.HttpClientOperations - [id: 0x597600af, L:/127.0.0.1:51865 - R:localhost/127.0.0.1:8083] Received last HTTP packet
15:53:21.293 [reactor-http-nio-47] DEBUG org.springframework.core.codec.StringDecoder - [5eadbe1c] Decoded "[{"longitude":-117.922008,"latitude":33.817595,"attractionName":"Disneyland","city":"Anaheim","stat (truncated)...
15:53:21.293 [reactor-http-nio-47] DEBUG reactor.netty.resources.PooledConnectionProvider - [id: 0x597600af, L:/127.0.0.1:51865 - R:localhost/127.0.0.1:8083] onStateChange(GET{uri=/attractions, connection=PooledConnection{channel=[id: 0x597600af, L:/127.0.0.1:51865 - R:localhost/127.0.0.1:8083]}}, [disconnecting])
15:53:21.293 [reactor-http-nio-47] DEBUG reactor.netty.resources.PooledConnectionProvider - [id: 0x597600af, L:/127.0.0.1:51865 - R:localhost/127.0.0.1:8083] Releasing channel
15:53:21.293 [reactor-http-nio-47] DEBUG reactor.netty.resources.PooledConnectionProvider - [id: 0x597600af, L:/127.0.0.1:51865 - R:localhost/127.0.0.1:8083] Channel cleaned, now 94 active connections and 207 inactive connections
15:53:21.293 [reactor-http-nio-48] DEBUG reactor.netty.http.client.HttpClientOperations - [id: 0xd41b941e, L:/127.0.0.1:51910 - R:localhost/127.0.0.1:8083] Received last HTTP packet
15:53:21.293 [reactor-http-nio-47] DEBUG reactor.netty.http.client.HttpClientOperations - [id: 0x98143ed4, L:/127.0.0.1:51680 - R:localhost/127.0.0.1:8083] Received last HTTP packet
15:53:21.293 [reactor-http-nio-48] DEBUG org.springframework.core.codec.StringDecoder - [19a88f2c] Decoded "[{"longitude":-117.922008,"latitude":33.817595,"attractionName":"Disneyland","city":"Anaheim","stat (truncated)...
15:53:21.293 [reactor-http-nio-47] DEBUG org.springframework.core.codec.StringDecoder - [3b54775f] Decoded "[{"longitude":-117.922008,"latitude":33.817595,"attractionName":"Disneyland","city":"Anaheim","stat (truncated)...
15:53:21.293 [reactor-http-nio-48] DEBUG reactor.netty.resources.PooledConnectionProvider - [id: 0xd41b941e, L:/127.0.0.1:51910 - R:localhost/127.0.0.1:8083] onStateChange(GET{uri=/attractions, connection=PooledConnection{channel=[id: 0xd41b941e, L:/127.0.0.1:51910 - R:localhost/127.0.0.1:8083]}}, [disconnecting])
15:53:21.293 [reactor-http-nio-48] DEBUG reactor.netty.resources.PooledConnectionProvider - [id: 0xd41b941e, L:/127.0.0.1:51910 - R:localhost/127.0.0.1:8083] Releasing channel
15:53:21.293 [reactor-http-nio-48] DEBUG reactor.netty.resources.PooledConnectionProvider - [id: 0xd41b941e, L:/127.0.0.1:51910 - R:localhost/127.0.0.1:8083] Channel cleaned, now 93 active connections and 208 inactive connections
15:53:21.293 [reactor-http-nio-47] DEBUG reactor.netty.resources.PooledConnectionProvider - [id: 0x98143ed4, L:/127.0.0.1:51680 - R:localhost/127.0.0.1:8083] onStateChange(GET{uri=/attractions, connection=PooledConnection{channel=[id: 0x98143ed4, L:/127.0.0.1:51680 - R:localhost/127.0.0.1:8083]}}, [disconnecting])
15:53:21.293 [reactor-http-nio-47] DEBUG reactor.netty.resources.PooledConnectionProvider - [id: 0x98143ed4, L:/127.0.0.1:51680 - R:localhost/127.0.0.1:8083] Releasing channel
15:53:21.293 [reactor-http-nio-47] DEBUG reactor.netty.resources.PooledConnectionProvider - [id: 0x98143ed4, L:/127.0.0.1:51680 - R:localhost/127.0.0.1:8083] Channel cleaned, now 92 active connections and 209 inactive connections
15:53:21.294 [pool-17-thread-87] INFO tourGuide.service.TourGuideService - visitedLocatio tourGuide.gpsUtil.VisitedLocation@187f301b
15:53:21.295 [reactor-http-nio-48] DEBUG reactor.netty.resources.PooledConnectionProvider - [id: 0x342e84c9, L:/127.0.0.1:51892 - R:localhost/127.0.0.1:8083] Channel acquired, now 93 active connections and 208 inactive connections
15:53:21.295 [reactor-http-nio-48] DEBUG reactor.netty.http.client.HttpClientConnect - [id: 0x342e84c9, L:/127.0.0.1:51892 - R:localhost/127.0.0.1:8083] Handler is being applied: {uri=http://localhost:8083/attractions, method=GET}
15:53:21.295 [pool-17-thread-87] DEBUG org.springframework.web.reactive.function.client.ExchangeFunctions - [1c40a7cc] HTTP GET http://localhost:8083/attractions
15:53:21.295 [reactor-http-nio-47] DEBUG reactor.netty.resources.PooledConnectionProvider - [id: 0x120dec4e, L:/127.0.0.1:51686 - R:localhost/127.0.0.1:8083] Channel acquired, now 94 active connections and 207 inactive connections
15:53:21.296 [reactor-http-nio-47] DEBUG reactor.netty.http.client.HttpClientConnect - [id: 0x120dec4e, L:/127.0.0.1:51686 - R:localhost/127.0.0.1:8083] Handler is being applied: {uri=http://localhost:8083/attractions, method=GET}
15:53:21.296 [reactor-http-nio-48] DEBUG reactor.netty.resources.PooledConnectionProvider - [id: 0x342e84c9, L:/127.0.0.1:51892 - R:localhost/127.0.0.1:8083] onStateChange(GET{uri=/attractions, connection=PooledConnection{channel=[id: 0x342e84c9, L:/127.0.0.1:51892 - R:localhost/127.0.0.1:8083]}}, [request_sent])
15:53:21.296 [reactor-http-nio-47] DEBUG reactor.netty.resources.PooledConnectionProvider - [id: 0x120dec4e, L:/127.0.0.1:51686 - R:localhost/127.0.0.1:8083] onStateChange(GET{uri=/attractions, connection=PooledConnection{channel=[id: 0x120dec4e, L:/127.0.0.1:51686 - R:localhost/127.0.0.1:8083]}}, [request_sent])
15:53:21.297 [reactor-http-nio-47] DEBUG reactor.netty.http.client.HttpClientOperations - [id: 0xc1a60bcc, L:/127.0.0.1:51694 - R:localhost/127.0.0.1:8083] Received last HTTP packet
15:53:21.297 [reactor-http-nio-47] DEBUG org.springframework.core.codec.StringDecoder - [2004bf3b] Decoded "[{"longitude":-117.922008,"latitude":33.817595,"attractionName":"Disneyland","city":"Anaheim","stat (truncated)...
15:53:21.297 [reactor-http-nio-47] DEBUG reactor.netty.resources.PooledConnectionProvider - [id: 0xc1a60bcc, L:/127.0.0.1:51694 - R:localhost/127.0.0.1:8083] onStateChange(GET{uri=/attractions, connection=PooledConnection{channel=[id: 0xc1a60bcc, L:/127.0.0.1:51694 - R:localhost/127.0.0.1:8083]}}, [disconnecting])
15:53:21.297 [reactor-http-nio-47] DEBUG reactor.netty.resources.PooledConnectionProvider - [id: 0xc1a60bcc, L:/127.0.0.1:51694 - R:localhost/127.0.0.1:8083] Releasing channel
15:53:21.297 [reactor-http-nio-47] DEBUG reactor.netty.resources.PooledConnectionProvider - [id: 0xc1a60bcc, L:/127.0.0.1:51694 - R:localhost/127.0.0.1:8083] Channel cleaned, now 93 active connections and 208 inactive connections
15:53:21.298 [reactor-http-nio-47] DEBUG reactor.netty.http.client.HttpClientOperations - [id: 0x99bba80d, L:/127.0.0.1:51693 - R:localhost/127.0.0.1:8083] Received last HTTP packet
15:53:21.298 [reactor-http-nio-47] DEBUG org.springframework.core.codec.StringDecoder - [5a6e17a6] Decoded "[{"longitude":-117.922008,"latitude":33.817595,"attractionName":"Disneyland","city":"Anaheim","stat (truncated)...
15:53:21.298 [reactor-http-nio-47] DEBUG reactor.netty.resources.PooledConnectionProvider - [id: 0x99bba80d, L:/127.0.0.1:51693 - R:localhost/127.0.0.1:8083] onStateChange(GET{uri=/attractions, connection=PooledConnection{channel=[id: 0x99bba80d, L:/127.0.0.1:51693 - R:localhost/127.0.0.1:8083]}}, [disconnecting])
15:53:21.298 [reactor-http-nio-47] DEBUG reactor.netty.resources.PooledConnectionProvider - [id: 0x99bba80d, L:/127.0.0.1:51693 - R:localhost/127.0.0.1:8083] Releasing channel
15:53:21.298 [reactor-http-nio-47] DEBUG reactor.netty.resources.PooledConnectionProvider - [id: 0x99bba80d, L:/127.0.0.1:51693 - R:localhost/127.0.0.1:8083] Channel cleaned, now 92 active connections and 209 inactive connections
15:53:21.299 [reactor-http-nio-47] DEBUG reactor.netty.http.client.HttpClientOperations - [id: 0x6bded64c, L:/127.0.0.1:51850 - R:localhost/127.0.0.1:8083] Received last HTTP packet
15:53:21.299 [reactor-http-nio-47] DEBUG org.springframework.core.codec.StringDecoder - [43bed483] Decoded "[{"longitude":-117.922008,"latitude":33.817595,"attractionName":"Disneyland","city":"Anaheim","stat (truncated)...
15:53:21.299 [reactor-http-nio-47] DEBUG reactor.netty.resources.PooledConnectionProvider - [id: 0x6bded64c, L:/127.0.0.1:51850 - R:localhost/127.0.0.1:8083] onStateChange(GET{uri=/attractions, connection=PooledConnection{channel=[id: 0x6bded64c, L:/127.0.0.1:51850 - R:localhost/127.0.0.1:8083]}}, [disconnecting])
15:53:21.299 [reactor-http-nio-47] DEBUG reactor.netty.resources.PooledConnectionProvider - [id: 0x6bded64c, L:/127.0.0.1:51850 - R:localhost/127.0.0.1:8083] Releasing channel
15:53:21.299 [reactor-http-nio-48] DEBUG reactor.netty.http.client.HttpClientOperations - [id: 0x8875bf90, L:/127.0.0.1:51907 - R:localhost/127.0.0.1:8083] Received last HTTP packet
15:53:21.299 [reactor-http-nio-47] DEBUG reactor.netty.resources.PooledConnectionProvider - [id: 0x6bded64c, L:/127.0.0.1:51850 - R:localhost/127.0.0.1:8083] Channel cleaned, now 91 active connections and 210 inactive connections
15:53:21.300 [reactor-http-nio-48] DEBUG org.springframework.core.codec.StringDecoder - [436a5bb0] Decoded "[{"longitude":-117.922008,"latitude":33.817595,"attractionName":"Disneyland","city":"Anaheim","stat (truncated)...
15:53:21.300 [reactor-http-nio-48] DEBUG reactor.netty.resources.PooledConnectionProvider - [id: 0x8875bf90, L:/127.0.0.1:51907 - R:localhost/127.0.0.1:8083] onStateChange(GET{uri=/attractions, connection=PooledConnection{channel=[id: 0x8875bf90, L:/127.0.0.1:51907 - R:localhost/127.0.0.1:8083]}}, [disconnecting])
15:53:21.300 [reactor-http-nio-48] DEBUG reactor.netty.resources.PooledConnectionProvider - [id: 0x8875bf90, L:/127.0.0.1:51907 - R:localhost/127.0.0.1:8083] Releasing channel
15:53:21.300 [reactor-http-nio-48] DEBUG reactor.netty.resources.PooledConnectionProvider - [id: 0x8875bf90, L:/127.0.0.1:51907 - R:localhost/127.0.0.1:8083] Channel cleaned, now 90 active connections and 211 inactive connections
15:53:21.301 [reactor-http-nio-46] DEBUG reactor.netty.http.client.HttpClientOperations - [id: 0xd8e5c342, L:/127.0.0.1:51820 - R:localhost/127.0.0.1:8083] Received last HTTP packet
15:53:21.301 [reactor-http-nio-46] DEBUG org.springframework.core.codec.StringDecoder - [155376d0] Decoded "[{"longitude":-117.922008,"latitude":33.817595,"attractionName":"Disneyland","city":"Anaheim","stat (truncated)...
15:53:21.301 [reactor-http-nio-46] DEBUG reactor.netty.resources.PooledConnectionProvider - [id: 0xd8e5c342, L:/127.0.0.1:51820 - R:localhost/127.0.0.1:8083] onStateChange(GET{uri=/attractions, connection=PooledConnection{channel=[id: 0xd8e5c342, L:/127.0.0.1:51820 - R:localhost/127.0.0.1:8083]}}, [disconnecting])
15:53:21.301 [reactor-http-nio-46] DEBUG reactor.netty.resources.PooledConnectionProvider - [id: 0xd8e5c342, L:/127.0.0.1:51820 - R:localhost/127.0.0.1:8083] Releasing channel
15:53:21.301 [reactor-http-nio-46] DEBUG reactor.netty.resources.PooledConnectionProvider - [id: 0xd8e5c342, L:/127.0.0.1:51820 - R:localhost/127.0.0.1:8083] Channel cleaned, now 89 active connections and 212 inactive connections
15:53:21.301 [reactor-http-nio-47] DEBUG reactor.netty.http.client.HttpClientOperations - [id: 0x25d8fc77, L:/127.0.0.1:51691 - R:localhost/127.0.0.1:8083] Received response (auto-read:false) : [Content-Type=application/json, Transfer-Encoding=chunked, Date=Wed, 15 Jun 2022 14:53:20 GMT]
15:53:21.301 [reactor-http-nio-47] DEBUG reactor.netty.resources.PooledConnectionProvider - [id: 0x25d8fc77, L:/127.0.0.1:51691 - R:localhost/127.0.0.1:8083] onStateChange(GET{uri=/userLocation?userId=68936d62-ea97-47fc-9bb2-143e40436119, connection=PooledConnection{channel=[id: 0x25d8fc77, L:/127.0.0.1:51691 - R:localhost/127.0.0.1:8083]}}, [response_received])
15:53:21.301 [reactor-http-nio-47] DEBUG org.springframework.web.reactive.function.client.ExchangeFunctions - [71c99ea2] Response 200 OK
15:53:21.301 [reactor-http-nio-47] DEBUG reactor.netty.channel.FluxReceive - [id: 0x25d8fc77, L:/127.0.0.1:51691 - R:localhost/127.0.0.1:8083] Subscribing inbound receiver [pending: 0, cancelled:false, inboundDone: false]
15:53:21.302 [reactor-http-nio-47] DEBUG reactor.netty.http.client.HttpClientOperations - [id: 0x25d8fc77, L:/127.0.0.1:51691 - R:localhost/127.0.0.1:8083] Received last HTTP packet
15:53:21.302 [reactor-http-nio-47] DEBUG org.springframework.core.codec.StringDecoder - [71c99ea2] Decoded "{"userId":"68936d62-ea97-47fc-9bb2-143e40436119","location":{"longitude":-153.616602,"latitude":16. (truncated)...
15:53:21.302 [reactor-http-nio-47] DEBUG reactor.netty.resources.PooledConnectionProvider - [id: 0x25d8fc77, L:/127.0.0.1:51691 - R:localhost/127.0.0.1:8083] onStateChange(GET{uri=/userLocation?userId=68936d62-ea97-47fc-9bb2-143e40436119, connection=PooledConnection{channel=[id: 0x25d8fc77, L:/127.0.0.1:51691 - R:localhost/127.0.0.1:8083]}}, [disconnecting])
15:53:21.302 [reactor-http-nio-47] DEBUG reactor.netty.resources.PooledConnectionProvider - [id: 0x25d8fc77, L:/127.0.0.1:51691 - R:localhost/127.0.0.1:8083] Releasing channel
15:53:21.302 [reactor-http-nio-47] DEBUG reactor.netty.resources.PooledConnectionProvider - [id: 0x25d8fc77, L:/127.0.0.1:51691 - R:localhost/127.0.0.1:8083] Channel cleaned, now 88 active connections and 213 inactive connections
15:53:21.303 [reactor-http-nio-46] DEBUG reactor.netty.http.client.HttpClientOperations - [id: 0x786dbf94, L:/127.0.0.1:51803 - R:localhost/127.0.0.1:8083] Received response (auto-read:false) : [Content-Type=application/json, Transfer-Encoding=chunked, Date=Wed, 15 Jun 2022 14:53:20 GMT]
15:53:21.303 [pool-20-thread-1] INFO tourGuide.service.TourGuideService - visitedLocatio tourGuide.gpsUtil.VisitedLocation@7f0e7eeb
15:53:21.303 [reactor-http-nio-46] DEBUG reactor.netty.resources.PooledConnectionProvider - [id: 0x786dbf94, L:/127.0.0.1:51803 - R:localhost/127.0.0.1:8083] onStateChange(GET{uri=/userLocation?userId=df6cf4c1-9e4c-4627-b7dd-f6d63ac46a9b, connection=PooledConnection{channel=[id: 0x786dbf94, L:/127.0.0.1:51803 - R:localhost/127.0.0.1:8083]}}, [response_received])
15:53:21.303 [reactor-http-nio-46] DEBUG org.springframework.web.reactive.function.client.ExchangeFunctions - [72450275] Response 200 OK
15:53:21.303 [reactor-http-nio-46] DEBUG reactor.netty.channel.FluxReceive - [id: 0x786dbf94, L:/127.0.0.1:51803 - R:localhost/127.0.0.1:8083] Subscribing inbound receiver [pending: 0, cancelled:false, inboundDone: false]
15:53:21.303 [pool-20-thread-1] DEBUG org.springframework.web.reactive.function.client.ExchangeFunctions - [7b31f5d2] HTTP GET http://localhost:8083/attractions
15:53:21.304 [reactor-http-nio-46] DEBUG reactor.netty.http.client.HttpClientOperations - [id: 0x786dbf94, L:/127.0.0.1:51803 - R:localhost/127.0.0.1:8083] Received last HTTP packet
15:53:21.304 [reactor-http-nio-46] DEBUG org.springframework.core.codec.StringDecoder - [72450275] Decoded "{"userId":"df6cf4c1-9e4c-4627-b7dd-f6d63ac46a9b","location":{"longitude":138.524782,"latitude":11.8 (truncated)...
15:53:21.304 [reactor-http-nio-46] DEBUG reactor.netty.resources.PooledConnectionProvider - [id: 0x786dbf94, L:/127.0.0.1:51803 - R:localhost/127.0.0.1:8083] onStateChange(GET{uri=/userLocation?userId=df6cf4c1-9e4c-4627-b7dd-f6d63ac46a9b, connection=PooledConnection{channel=[id: 0x786dbf94, L:/127.0.0.1:51803 - R:localhost/127.0.0.1:8083]}}, [disconnecting])
15:53:21.304 [reactor-http-nio-46] DEBUG reactor.netty.resources.PooledConnectionProvider - [id: 0x786dbf94, L:/127.0.0.1:51803 - R:localhost/127.0.0.1:8083] Releasing channel
15:53:21.304 [reactor-http-nio-46] DEBUG reactor.netty.resources.PooledConnectionProvider - [id: 0x786dbf94, L:/127.0.0.1:51803 - R:localhost/127.0.0.1:8083] Channel cleaned, now 87 active connections and 214 inactive connections
15:53:21.304 [reactor-http-nio-47] DEBUG reactor.netty.http.client.HttpClientOperations - [id: 0x502a9f84, L:/127.0.0.1:51845 - R:localhost/127.0.0.1:8083] Received response (auto-read:false) : [Content-Type=application/json, Transfer-Encoding=chunked, Date=Wed, 15 Jun 2022 14:53:20 GMT]
15:53:21.304 [reactor-http-nio-47] DEBUG reactor.netty.resources.PooledConnectionProvider - [id: 0x502a9f84, L:/127.0.0.1:51845 - R:localhost/127.0.0.1:8083] onStateChange(GET{uri=/userLocation?userId=0c00cf77-3c20-4056-bff8-17cce964db6a, connection=PooledConnection{channel=[id: 0x502a9f84, L:/127.0.0.1:51845 - R:localhost/127.0.0.1:8083]}}, [response_received])
15:53:21.304 [reactor-http-nio-47] DEBUG org.springframework.web.reactive.function.client.ExchangeFunctions - [638465ac] Response 200 OK
15:53:21.305 [reactor-http-nio-47] DEBUG reactor.netty.channel.FluxReceive - [id: 0x502a9f84, L:/127.0.0.1:51845 - R:localhost/127.0.0.1:8083] Subscribing inbound receiver [pending: 0, cancelled:false, inboundDone: false]
15:53:21.305 [reactor-http-nio-48] DEBUG reactor.netty.resources.PooledConnectionProvider - [id: 0x19564f56, L:/127.0.0.1:51880 - R:localhost/127.0.0.1:8083] Channel acquired, now 88 active connections and 213 inactive connections
15:53:21.305 [reactor-http-nio-48] DEBUG reactor.netty.http.client.HttpClientConnect - [id: 0x19564f56, L:/127.0.0.1:51880 - R:localhost/127.0.0.1:8083] Handler is being applied: {uri=http://localhost:8083/attractions, method=GET}
15:53:21.306 [reactor-http-nio-48] DEBUG reactor.netty.resources.PooledConnectionProvider - [id: 0x19564f56, L:/127.0.0.1:51880 - R:localhost/127.0.0.1:8083] onStateChange(GET{uri=/attractions, connection=PooledConnection{channel=[id: 0x19564f56, L:/127.0.0.1:51880 - R:localhost/127.0.0.1:8083]}}, [request_sent])
15:53:21.306 [pool-17-thread-77] INFO tourGuide.service.TourGuideService - visitedLocatio tourGuide.gpsUtil.VisitedLocation@7c82f24d
15:53:21.306 [reactor-http-nio-48] DEBUG reactor.netty.http.client.HttpClientOperations - [id: 0x64fd7ec9, L:/127.0.0.1:51967 - R:localhost/127.0.0.1:8083] Received response (auto-read:false) : [Content-Type=application/json, Transfer-Encoding=chunked, Date=Wed, 15 Jun 2022 14:53:20 GMT]
15:53:21.306 [reactor-http-nio-48] DEBUG reactor.netty.resources.PooledConnectionProvider - [id: 0x64fd7ec9, L:/127.0.0.1:51967 - R:localhost/127.0.0.1:8083] onStateChange(GET{uri=/userLocation?userId=663e6609-def0-413d-bbfb-e8c6613acd86, connection=PooledConnection{channel=[id: 0x64fd7ec9, L:/127.0.0.1:51967 - R:localhost/127.0.0.1:8083]}}, [response_received])
15:53:21.306 [reactor-http-nio-48] DEBUG org.springframework.web.reactive.function.client.ExchangeFunctions - [ccbe506] Response 200 OK
15:53:21.306 [pool-17-thread-77] DEBUG org.springframework.web.reactive.function.client.ExchangeFunctions - [78bd6905] HTTP GET http://localhost:8083/attractions
15:53:21.306 [reactor-http-nio-48] DEBUG reactor.netty.channel.FluxReceive - [id: 0x64fd7ec9, L:/127.0.0.1:51967 - R:localhost/127.0.0.1:8083] Subscribing inbound receiver [pending: 0, cancelled:false, inboundDone: false]
15:53:21.306 [reactor-http-nio-48] DEBUG reactor.netty.http.client.HttpClientOperations - [id: 0x64fd7ec9, L:/127.0.0.1:51967 - R:localhost/127.0.0.1:8083] Received last HTTP packet
15:53:21.307 [reactor-http-nio-48] DEBUG org.springframework.core.codec.StringDecoder - [ccbe506] Decoded "{"userId":"663e6609-def0-413d-bbfb-e8c6613acd86","location":{"longitude":136.761133,"latitude":-34. (truncated)...
15:53:21.307 [reactor-http-nio-48] DEBUG reactor.netty.resources.PooledConnectionProvider - [id: 0x64fd7ec9, L:/127.0.0.1:51967 - R:localhost/127.0.0.1:8083] onStateChange(GET{uri=/userLocation?userId=663e6609-def0-413d-bbfb-e8c6613acd86, connection=PooledConnection{channel=[id: 0x64fd7ec9, L:/127.0.0.1:51967 - R:localhost/127.0.0.1:8083]}}, [disconnecting])
15:53:21.307 [reactor-http-nio-48] DEBUG reactor.netty.resources.PooledConnectionProvider - [id: 0x64fd7ec9, L:/127.0.0.1:51967 - R:localhost/127.0.0.1:8083] Releasing channel
15:53:21.307 [reactor-http-nio-48] DEBUG reactor.netty.resources.PooledConnectionProvider - [id: 0x64fd7ec9, L:/127.0.0.1:51967 - R:localhost/127.0.0.1:8083] Channel cleaned, now 87 active connections and 214 inactive connections
15:53:21.307 [reactor-http-nio-41] DEBUG reactor.netty.resources.PooledConnectionProvider - [id: 0xb1945a60, L:/127.0.0.1:51727 - R:localhost/127.0.0.1:8083] Channel acquired, now 88 active connections and 213 inactive connections
15:53:21.307 [reactor-http-nio-41] DEBUG reactor.netty.http.client.HttpClientConnect - [id: 0xb1945a60, L:/127.0.0.1:51727 - R:localhost/127.0.0.1:8083] Handler is being applied: {uri=http://localhost:8083/attractions, method=GET}
15:53:21.308 [pool-17-thread-86] INFO tourGuide.service.TourGuideService - visitedLocatio tourGuide.gpsUtil.VisitedLocation@20c1aef
15:53:21.308 [reactor-http-nio-41] DEBUG reactor.netty.resources.PooledConnectionProvider - [id: 0xb1945a60, L:/127.0.0.1:51727 - R:localhost/127.0.0.1:8083] onStateChange(GET{uri=/attractions, connection=PooledConnection{channel=[id: 0xb1945a60, L:/127.0.0.1:51727 - R:localhost/127.0.0.1:8083]}}, [request_sent])
15:53:21.308 [pool-17-thread-86] DEBUG org.springframework.web.reactive.function.client.ExchangeFunctions - [6338e76] HTTP GET http://localhost:8083/attractions
15:53:21.309 [reactor-http-nio-47] DEBUG reactor.netty.http.client.HttpClientOperations - [id: 0x502a9f84, L:/127.0.0.1:51845 - R:localhost/127.0.0.1:8083] Received last HTTP packet
15:53:21.309 [reactor-http-nio-47] DEBUG org.springframework.core.codec.StringDecoder - [638465ac] Decoded "{"userId":"0c00cf77-3c20-4056-bff8-17cce964db6a","location":{"longitude":75.167747,"latitude":-55.5 (truncated)...
15:53:21.309 [reactor-http-nio-47] DEBUG reactor.netty.resources.PooledConnectionProvider - [id: 0x502a9f84, L:/127.0.0.1:51845 - R:localhost/127.0.0.1:8083] onStateChange(GET{uri=/userLocation?userId=0c00cf77-3c20-4056-bff8-17cce964db6a, connection=PooledConnection{channel=[id: 0x502a9f84, L:/127.0.0.1:51845 - R:localhost/127.0.0.1:8083]}}, [disconnecting])
15:53:21.309 [reactor-http-nio-47] DEBUG reactor.netty.resources.PooledConnectionProvider - [id: 0x502a9f84, L:/127.0.0.1:51845 - R:localhost/127.0.0.1:8083] Releasing channel
15:53:21.309 [reactor-http-nio-47] DEBUG reactor.netty.resources.PooledConnectionProvider - [id: 0x502a9f84, L:/127.0.0.1:51845 - R:localhost/127.0.0.1:8083] Channel cleaned, now 87 active connections and 214 inactive connections
15:53:21.310 [pool-17-thread-90] INFO tourGuide.service.TourGuideService - visitedLocatio tourGuide.gpsUtil.VisitedLocation@6d4397ac
15:53:21.310 [pool-17-thread-90] DEBUG org.springframework.web.reactive.function.client.ExchangeFunctions - [697c0edc] HTTP GET http://localhost:8083/attractions
15:53:21.312 [reactor-http-nio-48] DEBUG reactor.netty.resources.PooledConnectionProvider - [id: 0xeab7fac6, L:/127.0.0.1:51926 - R:localhost/127.0.0.1:8083] Channel acquired, now 88 active connections and 213 inactive connections
15:53:21.312 [reactor-http-nio-48] DEBUG reactor.netty.http.client.HttpClientConnect - [id: 0xeab7fac6, L:/127.0.0.1:51926 - R:localhost/127.0.0.1:8083] Handler is being applied: {uri=http://localhost:8083/attractions, method=GET}
15:53:21.312 [reactor-http-nio-47] DEBUG reactor.netty.resources.PooledConnectionProvider - [id: 0xa74b43bb, L:/127.0.0.1:51860 - R:localhost/127.0.0.1:8083] Channel acquired, now 89 active connections and 212 inactive connections
15:53:21.312 [reactor-http-nio-47] DEBUG reactor.netty.http.client.HttpClientConnect - [id: 0xa74b43bb, L:/127.0.0.1:51860 - R:localhost/127.0.0.1:8083] Handler is being applied: {uri=http://localhost:8083/attractions, method=GET}
15:53:21.312 [reactor-http-nio-47] DEBUG reactor.netty.resources.PooledConnectionProvider - [id: 0xa74b43bb, L:/127.0.0.1:51860 - R:localhost/127.0.0.1:8083] onStateChange(GET{uri=/attractions, connection=PooledConnection{channel=[id: 0xa74b43bb, L:/127.0.0.1:51860 - R:localhost/127.0.0.1:8083]}}, [request_sent])
15:53:21.312 [reactor-http-nio-48] DEBUG reactor.netty.resources.PooledConnectionProvider - [id: 0xeab7fac6, L:/127.0.0.1:51926 - R:localhost/127.0.0.1:8083] onStateChange(GET{uri=/attractions, connection=PooledConnection{channel=[id: 0xeab7fac6, L:/127.0.0.1:51926 - R:localhost/127.0.0.1:8083]}}, [request_sent])
15:53:21.312 [reactor-http-nio-47] DEBUG reactor.netty.http.client.HttpClientOperations - [id: 0x6cb64786, L:/127.0.0.1:51839 - R:localhost/127.0.0.1:8083] Received response (auto-read:false) : [Content-Type=application/json, Transfer-Encoding=chunked, Date=Wed, 15 Jun 2022 14:53:20 GMT]
15:53:21.312 [reactor-http-nio-47] DEBUG reactor.netty.resources.PooledConnectionProvider - [id: 0x6cb64786, L:/127.0.0.1:51839 - R:localhost/127.0.0.1:8083] onStateChange(GET{uri=/userLocation?userId=08e08bab-f1b7-46fc-bc66-7971be4c3f10, connection=PooledConnection{channel=[id: 0x6cb64786, L:/127.0.0.1:51839 - R:localhost/127.0.0.1:8083]}}, [response_received])
15:53:21.312 [reactor-http-nio-47] DEBUG org.springframework.web.reactive.function.client.ExchangeFunctions - [3650e712] Response 200 OK
15:53:21.313 [reactor-http-nio-47] DEBUG reactor.netty.channel.FluxReceive - [id: 0x6cb64786, L:/127.0.0.1:51839 - R:localhost/127.0.0.1:8083] Subscribing inbound receiver [pending: 0, cancelled:false, inboundDone: false]
15:53:21.313 [reactor-http-nio-47] DEBUG reactor.netty.http.client.HttpClientOperations - [id: 0x6cb64786, L:/127.0.0.1:51839 - R:localhost/127.0.0.1:8083] Received last HTTP packet
15:53:21.313 [reactor-http-nio-47] DEBUG org.springframework.core.codec.StringDecoder - [3650e712] Decoded "{"userId":"08e08bab-f1b7-46fc-bc66-7971be4c3f10","location":{"longitude":-139.697377,"latitude":-43 (truncated)...
15:53:21.313 [reactor-http-nio-47] DEBUG reactor.netty.resources.PooledConnectionProvider - [id: 0x6cb64786, L:/127.0.0.1:51839 - R:localhost/127.0.0.1:8083] onStateChange(GET{uri=/userLocation?userId=08e08bab-f1b7-46fc-bc66-7971be4c3f10, connection=PooledConnection{channel=[id: 0x6cb64786, L:/127.0.0.1:51839 - R:localhost/127.0.0.1:8083]}}, [disconnecting])
15:53:21.313 [reactor-http-nio-47] DEBUG reactor.netty.resources.PooledConnectionProvider - [id: 0x6cb64786, L:/127.0.0.1:51839 - R:localhost/127.0.0.1:8083] Releasing channel
15:53:21.313 [reactor-http-nio-47] DEBUG reactor.netty.resources.PooledConnectionProvider - [id: 0x6cb64786, L:/127.0.0.1:51839 - R:localhost/127.0.0.1:8083] Channel cleaned, now 88 active connections and 213 inactive connections
15:53:21.313 [reactor-http-nio-41] DEBUG reactor.netty.http.client.HttpClientOperations - [id: 0x04d95a3a, L:/127.0.0.1:51789 - R:localhost/127.0.0.1:8083] Received response (auto-read:false) : [Content-Type=application/json, Transfer-Encoding=chunked, Date=Wed, 15 Jun 2022 14:53:20 GMT]
15:53:21.313 [reactor-http-nio-41] DEBUG reactor.netty.resources.PooledConnectionProvider - [id: 0x04d95a3a, L:/127.0.0.1:51789 - R:localhost/127.0.0.1:8083] onStateChange(GET{uri=/userLocation?userId=a9736409-75d6-4a36-ba15-d981150145de, connection=PooledConnection{channel=[id: 0x04d95a3a, L:/127.0.0.1:51789 - R:localhost/127.0.0.1:8083]}}, [response_received])
15:53:21.313 [reactor-http-nio-41] DEBUG org.springframework.web.reactive.function.client.ExchangeFunctions - [3aa93ff3] Response 200 OK
15:53:21.314 [reactor-http-nio-41] DEBUG reactor.netty.channel.FluxReceive - [id: 0x04d95a3a, L:/127.0.0.1:51789 - R:localhost/127.0.0.1:8083] Subscribing inbound receiver [pending: 0, cancelled:false, inboundDone: false]
15:53:21.314 [reactor-http-nio-41] DEBUG reactor.netty.http.client.HttpClientOperations - [id: 0x04d95a3a, L:/127.0.0.1:51789 - R:localhost/127.0.0.1:8083] Received last HTTP packet
15:53:21.314 [reactor-http-nio-41] DEBUG org.springframework.core.codec.StringDecoder - [3aa93ff3] Decoded "{"userId":"a9736409-75d6-4a36-ba15-d981150145de","location":{"longitude":-102.114774,"latitude":-9. (truncated)...
15:53:21.314 [reactor-http-nio-41] DEBUG reactor.netty.resources.PooledConnectionProvider - [id: 0x04d95a3a, L:/127.0.0.1:51789 - R:localhost/127.0.0.1:8083] onStateChange(GET{uri=/userLocation?userId=a9736409-75d6-4a36-ba15-d981150145de, connection=PooledConnection{channel=[id: 0x04d95a3a, L:/127.0.0.1:51789 - R:localhost/127.0.0.1:8083]}}, [disconnecting])
15:53:21.314 [reactor-http-nio-41] DEBUG reactor.netty.resources.PooledConnectionProvider - [id: 0x04d95a3a, L:/127.0.0.1:51789 - R:localhost/127.0.0.1:8083] Releasing channel
15:53:21.314 [reactor-http-nio-41] DEBUG reactor.netty.resources.PooledConnectionProvider - [id: 0x04d95a3a, L:/127.0.0.1:51789 - R:localhost/127.0.0.1:8083] Channel cleaned, now 87 active connections and 214 inactive connections
15:53:21.314 [pool-17-thread-89] INFO tourGuide.service.TourGuideService - visitedLocatio tourGuide.gpsUtil.VisitedLocation@38970fa8
15:53:21.315 [pool-17-thread-89] DEBUG org.springframework.web.reactive.function.client.ExchangeFunctions - [3ca88c62] HTTP GET http://localhost:8083/attractions
15:53:21.315 [pool-17-thread-51] INFO tourGuide.service.TourGuideService - visitedLocatio tourGuide.gpsUtil.VisitedLocation@346ec6d6
15:53:21.316 [pool-17-thread-51] DEBUG org.springframework.web.reactive.function.client.ExchangeFunctions - [30515483] HTTP GET http://localhost:8083/attractions
15:53:21.318 [reactor-http-nio-46] DEBUG reactor.netty.http.client.HttpClientOperations - [id: 0x57e92495, L:/127.0.0.1:51779 - R:localhost/127.0.0.1:8083] Received response (auto-read:false) : [Content-Type=application/json, Transfer-Encoding=chunked, Date=Wed, 15 Jun 2022 14:53:20 GMT]
15:53:21.318 [reactor-http-nio-46] DEBUG reactor.netty.resources.PooledConnectionProvider - [id: 0x57e92495, L:/127.0.0.1:51779 - R:localhost/127.0.0.1:8083] onStateChange(GET{uri=/userLocation?userId=4941f3ce-6ad3-45b9-960e-0c5422f9f1da, connection=PooledConnection{channel=[id: 0x57e92495, L:/127.0.0.1:51779 - R:localhost/127.0.0.1:8083]}}, [response_received])
15:53:21.318 [reactor-http-nio-46] DEBUG org.springframework.web.reactive.function.client.ExchangeFunctions - [6e2b8af] Response 200 OK
15:53:21.319 [reactor-http-nio-46] DEBUG reactor.netty.channel.FluxReceive - [id: 0x57e92495, L:/127.0.0.1:51779 - R:localhost/127.0.0.1:8083] Subscribing inbound receiver [pending: 0, cancelled:false, inboundDone: false]
15:53:21.319 [reactor-http-nio-46] DEBUG reactor.netty.http.client.HttpClientOperations - [id: 0x57e92495, L:/127.0.0.1:51779 - R:localhost/127.0.0.1:8083] Received last HTTP packet
15:53:21.319 [reactor-http-nio-46] DEBUG org.springframework.core.codec.StringDecoder - [6e2b8af] Decoded "{"userId":"4941f3ce-6ad3-45b9-960e-0c5422f9f1da","location":{"longitude":131.336517,"latitude":70.9 (truncated)...
15:53:21.319 [reactor-http-nio-46] DEBUG reactor.netty.resources.PooledConnectionProvider - [id: 0x57e92495, L:/127.0.0.1:51779 - R:localhost/127.0.0.1:8083] onStateChange(GET{uri=/userLocation?userId=4941f3ce-6ad3-45b9-960e-0c5422f9f1da, connection=PooledConnection{channel=[id: 0x57e92495, L:/127.0.0.1:51779 - R:localhost/127.0.0.1:8083]}}, [disconnecting])
15:53:21.319 [reactor-http-nio-46] DEBUG reactor.netty.resources.PooledConnectionProvider - [id: 0x57e92495, L:/127.0.0.1:51779 - R:localhost/127.0.0.1:8083] Releasing channel
15:53:21.319 [reactor-http-nio-46] DEBUG reactor.netty.resources.PooledConnectionProvider - [id: 0x57e92495, L:/127.0.0.1:51779 - R:localhost/127.0.0.1:8083] Channel cleaned, now 86 active connections and 215 inactive connections
15:53:21.319 [reactor-http-nio-46] DEBUG reactor.netty.resources.PooledConnectionProvider - [id: 0x0ca67bea, L:/127.0.0.1:51939 - R:localhost/127.0.0.1:8083] Channel acquired, now 87 active connections and 214 inactive connections
15:53:21.319 [reactor-http-nio-46] DEBUG reactor.netty.http.client.HttpClientConnect - [id: 0x0ca67bea, L:/127.0.0.1:51939 - R:localhost/127.0.0.1:8083] Handler is being applied: {uri=http://localhost:8083/attractions, method=GET}
15:53:21.319 [reactor-http-nio-48] DEBUG reactor.netty.resources.PooledConnectionProvider - [id: 0xf2727193, L:/127.0.0.1:51969 - R:localhost/127.0.0.1:8083] Channel acquired, now 88 active connections and 213 inactive connections
15:53:21.319 [reactor-http-nio-48] DEBUG reactor.netty.http.client.HttpClientConnect - [id: 0xf2727193, L:/127.0.0.1:51969 - R:localhost/127.0.0.1:8083] Handler is being applied: {uri=http://localhost:8083/attractions, method=GET}
15:53:21.319 [reactor-http-nio-48] DEBUG reactor.netty.resources.PooledConnectionProvider - [id: 0xf2727193, L:/127.0.0.1:51969 - R:localhost/127.0.0.1:8083] onStateChange(GET{uri=/attractions, connection=PooledConnection{channel=[id: 0xf2727193, L:/127.0.0.1:51969 - R:localhost/127.0.0.1:8083]}}, [request_sent])
15:53:21.319 [reactor-http-nio-46] DEBUG reactor.netty.resources.PooledConnectionProvider - [id: 0x0ca67bea, L:/127.0.0.1:51939 - R:localhost/127.0.0.1:8083] onStateChange(GET{uri=/attractions, connection=PooledConnection{channel=[id: 0x0ca67bea, L:/127.0.0.1:51939 - R:localhost/127.0.0.1:8083]}}, [request_sent])
15:53:21.320 [reactor-http-nio-48] DEBUG reactor.netty.http.client.HttpClientOperations - [id: 0xd46a2218, L:/127.0.0.1:51930 - R:localhost/127.0.0.1:8083] Received response (auto-read:false) : [Content-Type=application/json, Transfer-Encoding=chunked, Date=Wed, 15 Jun 2022 14:53:20 GMT]
15:53:21.320 [reactor-http-nio-48] DEBUG reactor.netty.resources.PooledConnectionProvider - [id: 0xd46a2218, L:/127.0.0.1:51930 - R:localhost/127.0.0.1:8083] onStateChange(GET{uri=/userLocation?userId=e5b57d00-6d78-4a70-902b-7356a13b5c1c, connection=PooledConnection{channel=[id: 0xd46a2218, L:/127.0.0.1:51930 - R:localhost/127.0.0.1:8083]}}, [response_received])
15:53:21.320 [reactor-http-nio-47] DEBUG reactor.netty.http.client.HttpClientOperations - [id: 0x85b1ff76, L:/127.0.0.1:51685 - R:localhost/127.0.0.1:8083] Received response (auto-read:false) : [Content-Type=application/json, Transfer-Encoding=chunked, Date=Wed, 15 Jun 2022 14:53:20 GMT]
15:53:21.320 [reactor-http-nio-48] DEBUG org.springframework.web.reactive.function.client.ExchangeFunctions - [2771a2be] Response 200 OK
15:53:21.320 [reactor-http-nio-47] DEBUG reactor.netty.resources.PooledConnectionProvider - [id: 0x85b1ff76, L:/127.0.0.1:51685 - R:localhost/127.0.0.1:8083] onStateChange(GET{uri=/userLocation?userId=8eb84bf2-1081-47d7-8456-6ca075e0f6e1, connection=PooledConnection{channel=[id: 0x85b1ff76, L:/127.0.0.1:51685 - R:localhost/127.0.0.1:8083]}}, [response_received])
15:53:21.320 [reactor-http-nio-47] DEBUG org.springframework.web.reactive.function.client.ExchangeFunctions - [e3c30ea] Response 200 OK
15:53:21.320 [reactor-http-nio-47] DEBUG reactor.netty.channel.FluxReceive - [id: 0x85b1ff76, L:/127.0.0.1:51685 - R:localhost/127.0.0.1:8083] Subscribing inbound receiver [pending: 0, cancelled:false, inboundDone: false]
15:53:21.320 [reactor-http-nio-41] DEBUG reactor.netty.http.client.HttpClientOperations - [id: 0xd240e1c5, L:/127.0.0.1:51773 - R:localhost/127.0.0.1:8083] Received response (auto-read:false) : [Content-Type=application/json, Transfer-Encoding=chunked, Date=Wed, 15 Jun 2022 14:53:20 GMT]
15:53:21.320 [reactor-http-nio-41] DEBUG reactor.netty.resources.PooledConnectionProvider - [id: 0xd240e1c5, L:/127.0.0.1:51773 - R:localhost/127.0.0.1:8083] onStateChange(GET{uri=/userLocation?userId=f04aa68b-5c93-4a2b-bdcd-02ac6aefed07, connection=PooledConnection{channel=[id: 0xd240e1c5, L:/127.0.0.1:51773 - R:localhost/127.0.0.1:8083]}}, [response_received])
15:53:21.320 [reactor-http-nio-48] DEBUG reactor.netty.channel.FluxReceive - [id: 0xd46a2218, L:/127.0.0.1:51930 - R:localhost/127.0.0.1:8083] Subscribing inbound receiver [pending: 0, cancelled:false, inboundDone: false]
15:53:21.320 [reactor-http-nio-41] DEBUG org.springframework.web.reactive.function.client.ExchangeFunctions - [5f42167e] Response 200 OK
15:53:21.320 [reactor-http-nio-48] DEBUG reactor.netty.http.client.HttpClientOperations - [id: 0xd46a2218, L:/127.0.0.1:51930 - R:localhost/127.0.0.1:8083] Received last HTTP packet
15:53:21.320 [reactor-http-nio-41] DEBUG reactor.netty.channel.FluxReceive - [id: 0xd240e1c5, L:/127.0.0.1:51773 - R:localhost/127.0.0.1:8083] Subscribing inbound receiver [pending: 0, cancelled:false, inboundDone: false]
15:53:21.320 [reactor-http-nio-48] DEBUG org.springframework.core.codec.StringDecoder - [2771a2be] Decoded "{"userId":"e5b57d00-6d78-4a70-902b-7356a13b5c1c","location":{"longitude":76.122485,"latitude":66.43 (truncated)...
15:53:21.320 [reactor-http-nio-48] DEBUG reactor.netty.resources.PooledConnectionProvider - [id: 0xd46a2218, L:/127.0.0.1:51930 - R:localhost/127.0.0.1:8083] onStateChange(GET{uri=/userLocation?userId=e5b57d00-6d78-4a70-902b-7356a13b5c1c, connection=PooledConnection{channel=[id: 0xd46a2218, L:/127.0.0.1:51930 - R:localhost/127.0.0.1:8083]}}, [disconnecting])
15:53:21.320 [reactor-http-nio-48] DEBUG reactor.netty.resources.PooledConnectionProvider - [id: 0xd46a2218, L:/127.0.0.1:51930 - R:localhost/127.0.0.1:8083] Releasing channel
15:53:21.320 [reactor-http-nio-47] DEBUG reactor.netty.http.client.HttpClientOperations - [id: 0x85b1ff76, L:/127.0.0.1:51685 - R:localhost/127.0.0.1:8083] Received last HTTP packet
15:53:21.320 [reactor-http-nio-48] DEBUG reactor.netty.resources.PooledConnectionProvider - [id: 0xd46a2218, L:/127.0.0.1:51930 - R:localhost/127.0.0.1:8083] Channel cleaned, now 87 active connections and 214 inactive connections
15:53:21.320 [reactor-http-nio-47] DEBUG org.springframework.core.codec.StringDecoder - [e3c30ea] Decoded "{"userId":"8eb84bf2-1081-47d7-8456-6ca075e0f6e1","location":{"longitude":-9.882927,"latitude":-56.9 (truncated)...
15:53:21.320 [reactor-http-nio-47] DEBUG reactor.netty.resources.PooledConnectionProvider - [id: 0x85b1ff76, L:/127.0.0.1:51685 - R:localhost/127.0.0.1:8083] onStateChange(GET{uri=/userLocation?userId=8eb84bf2-1081-47d7-8456-6ca075e0f6e1, connection=PooledConnection{channel=[id: 0x85b1ff76, L:/127.0.0.1:51685 - R:localhost/127.0.0.1:8083]}}, [disconnecting])
15:53:21.320 [reactor-http-nio-47] DEBUG reactor.netty.resources.PooledConnectionProvider - [id: 0x85b1ff76, L:/127.0.0.1:51685 - R:localhost/127.0.0.1:8083] Releasing channel
15:53:21.320 [reactor-http-nio-47] DEBUG reactor.netty.resources.PooledConnectionProvider - [id: 0x85b1ff76, L:/127.0.0.1:51685 - R:localhost/127.0.0.1:8083] Channel cleaned, now 86 active connections and 215 inactive connections
15:53:21.320 [reactor-http-nio-48] DEBUG reactor.netty.http.client.HttpClientOperations - [id: 0xfb8f1562, L:/127.0.0.1:51968 - R:localhost/127.0.0.1:8083] Received response (auto-read:false) : [Content-Type=application/json, Transfer-Encoding=chunked, Date=Wed, 15 Jun 2022 14:53:20 GMT]
15:53:21.320 [reactor-http-nio-48] DEBUG reactor.netty.resources.PooledConnectionProvider - [id: 0xfb8f1562, L:/127.0.0.1:51968 - R:localhost/127.0.0.1:8083] onStateChange(GET{uri=/attractions, connection=PooledConnection{channel=[id: 0xfb8f1562, L:/127.0.0.1:51968 - R:localhost/127.0.0.1:8083]}}, [response_received])
15:53:21.320 [reactor-http-nio-48] DEBUG org.springframework.web.reactive.function.client.ExchangeFunctions - [648e9f8d] Response 200 OK
15:53:21.320 [reactor-http-nio-41] DEBUG reactor.netty.http.client.HttpClientOperations - [id: 0xd240e1c5, L:/127.0.0.1:51773 - R:localhost/127.0.0.1:8083] Received last HTTP packet
15:53:21.320 [reactor-http-nio-41] DEBUG org.springframework.core.codec.StringDecoder - [5f42167e] Decoded "{"userId":"f04aa68b-5c93-4a2b-bdcd-02ac6aefed07","location":{"longitude":-126.977999,"latitude":-32 (truncated)...
15:53:21.320 [reactor-http-nio-41] DEBUG reactor.netty.resources.PooledConnectionProvider - [id: 0xd240e1c5, L:/127.0.0.1:51773 - R:localhost/127.0.0.1:8083] onStateChange(GET{uri=/userLocation?userId=f04aa68b-5c93-4a2b-bdcd-02ac6aefed07, connection=PooledConnection{channel=[id: 0xd240e1c5, L:/127.0.0.1:51773 - R:localhost/127.0.0.1:8083]}}, [disconnecting])
15:53:21.320 [reactor-http-nio-41] DEBUG reactor.netty.resources.PooledConnectionProvider - [id: 0xd240e1c5, L:/127.0.0.1:51773 - R:localhost/127.0.0.1:8083] Releasing channel
15:53:21.320 [reactor-http-nio-41] DEBUG reactor.netty.resources.PooledConnectionProvider - [id: 0xd240e1c5, L:/127.0.0.1:51773 - R:localhost/127.0.0.1:8083] Channel cleaned, now 85 active connections and 216 inactive connections
15:53:21.320 [reactor-http-nio-48] DEBUG reactor.netty.channel.FluxReceive - [id: 0xfb8f1562, L:/127.0.0.1:51968 - R:localhost/127.0.0.1:8083] Subscribing inbound receiver [pending: 0, cancelled:false, inboundDone: false]
15:53:21.321 [reactor-http-nio-48] DEBUG reactor.netty.http.client.HttpClientOperations - [id: 0xfb8f1562, L:/127.0.0.1:51968 - R:localhost/127.0.0.1:8083] Received last HTTP packet
15:53:21.321 [reactor-http-nio-48] DEBUG org.springframework.core.codec.StringDecoder - [648e9f8d] Decoded "[{"longitude":-117.922008,"latitude":33.817595,"attractionName":"Disneyland","city":"Anaheim","stat (truncated)...
15:53:21.321 [reactor-http-nio-48] DEBUG reactor.netty.resources.PooledConnectionProvider - [id: 0xfb8f1562, L:/127.0.0.1:51968 - R:localhost/127.0.0.1:8083] onStateChange(GET{uri=/attractions, connection=PooledConnection{channel=[id: 0xfb8f1562, L:/127.0.0.1:51968 - R:localhost/127.0.0.1:8083]}}, [disconnecting])
15:53:21.321 [reactor-http-nio-48] DEBUG reactor.netty.resources.PooledConnectionProvider - [id: 0xfb8f1562, L:/127.0.0.1:51968 - R:localhost/127.0.0.1:8083] Releasing channel
15:53:21.321 [reactor-http-nio-48] DEBUG reactor.netty.resources.PooledConnectionProvider - [id: 0xfb8f1562, L:/127.0.0.1:51968 - R:localhost/127.0.0.1:8083] Channel cleaned, now 84 active connections and 217 inactive connections
15:53:21.321 [pool-17-thread-100] INFO tourGuide.service.TourGuideService - visitedLocatio tourGuide.gpsUtil.VisitedLocation@8255603
15:53:21.322 [pool-17-thread-100] DEBUG org.springframework.web.reactive.function.client.ExchangeFunctions - [c1ad3df] HTTP GET http://localhost:8083/attractions
15:53:21.322 [pool-17-thread-50] INFO tourGuide.service.TourGuideService - visitedLocatio tourGuide.gpsUtil.VisitedLocation@fbdf5d
15:53:21.322 [pool-17-thread-50] DEBUG org.springframework.web.reactive.function.client.ExchangeFunctions - [4c45b9a] HTTP GET http://localhost:8083/attractions
15:53:21.323 [pool-17-thread-67] INFO tourGuide.service.TourGuideService - visitedLocatio tourGuide.gpsUtil.VisitedLocation@5185f3e6
15:53:21.323 [pool-17-thread-67] DEBUG org.springframework.web.reactive.function.client.ExchangeFunctions - [55ba7d0e] HTTP GET http://localhost:8083/attractions
15:53:21.324 [reactor-http-nio-48] DEBUG reactor.netty.resources.PooledConnectionProvider - [id: 0x14c7d32e, L:/127.0.0.1:51953 - R:localhost/127.0.0.1:8083] Channel acquired, now 85 active connections and 216 inactive connections
15:53:21.324 [reactor-http-nio-48] DEBUG reactor.netty.http.client.HttpClientConnect - [id: 0x14c7d32e, L:/127.0.0.1:51953 - R:localhost/127.0.0.1:8083] Handler is being applied: {uri=http://localhost:8083/attractions, method=GET}
15:53:21.325 [reactor-http-nio-48] DEBUG reactor.netty.resources.PooledConnectionProvider - [id: 0x14c7d32e, L:/127.0.0.1:51953 - R:localhost/127.0.0.1:8083] onStateChange(GET{uri=/attractions, connection=PooledConnection{channel=[id: 0x14c7d32e, L:/127.0.0.1:51953 - R:localhost/127.0.0.1:8083]}}, [request_sent])
15:53:21.321 [pool-17-thread-35] INFO tourGuide.service.TourGuideService - visitedLocatio tourGuide.gpsUtil.VisitedLocation@29b65820
15:53:21.326 [reactor-http-nio-41] DEBUG reactor.netty.resources.PooledConnectionProvider - [id: 0x261624e9, L:/127.0.0.1:51718 - R:localhost/127.0.0.1:8083] Channel acquired, now 86 active connections and 215 inactive connections
15:53:21.326 [reactor-http-nio-41] DEBUG reactor.netty.http.client.HttpClientConnect - [id: 0x261624e9, L:/127.0.0.1:51718 - R:localhost/127.0.0.1:8083] Handler is being applied: {uri=http://localhost:8083/attractions, method=GET}
15:53:21.326 [pool-17-thread-35] DEBUG org.springframework.web.reactive.function.client.ExchangeFunctions - [2d89c9ce] HTTP GET http://localhost:8083/attractions
15:53:21.327 [reactor-http-nio-41] DEBUG reactor.netty.resources.PooledConnectionProvider - [id: 0x261624e9, L:/127.0.0.1:51718 - R:localhost/127.0.0.1:8083] onStateChange(GET{uri=/attractions, connection=PooledConnection{channel=[id: 0x261624e9, L:/127.0.0.1:51718 - R:localhost/127.0.0.1:8083]}}, [request_sent])
15:53:21.327 [reactor-http-nio-41] DEBUG reactor.netty.resources.PooledConnectionProvider - [id: 0x47a2f5da, L:/127.0.0.1:51723 - R:localhost/127.0.0.1:8083] Channel acquired, now 87 active connections and 214 inactive connections
15:53:21.327 [reactor-http-nio-41] DEBUG reactor.netty.http.client.HttpClientConnect - [id: 0x47a2f5da, L:/127.0.0.1:51723 - R:localhost/127.0.0.1:8083] Handler is being applied: {uri=http://localhost:8083/attractions, method=GET}
15:53:21.327 [reactor-http-nio-41] DEBUG reactor.netty.resources.PooledConnectionProvider - [id: 0x47a2f5da, L:/127.0.0.1:51723 - R:localhost/127.0.0.1:8083] onStateChange(GET{uri=/attractions, connection=PooledConnection{channel=[id: 0x47a2f5da, L:/127.0.0.1:51723 - R:localhost/127.0.0.1:8083]}}, [request_sent])
15:53:21.327 [reactor-http-nio-41] DEBUG reactor.netty.resources.PooledConnectionProvider - [id: 0xe144b806, L:/127.0.0.1:51710 - R:localhost/127.0.0.1:8083] Channel acquired, now 88 active connections and 213 inactive connections
15:53:21.327 [reactor-http-nio-41] DEBUG reactor.netty.http.client.HttpClientConnect - [id: 0xe144b806, L:/127.0.0.1:51710 - R:localhost/127.0.0.1:8083] Handler is being applied: {uri=http://localhost:8083/attractions, method=GET}
15:53:21.327 [reactor-http-nio-41] DEBUG reactor.netty.resources.PooledConnectionProvider - [id: 0xe144b806, L:/127.0.0.1:51710 - R:localhost/127.0.0.1:8083] onStateChange(GET{uri=/attractions, connection=PooledConnection{channel=[id: 0xe144b806, L:/127.0.0.1:51710 - R:localhost/127.0.0.1:8083]}}, [request_sent])
15:53:21.328 [reactor-http-nio-41] DEBUG reactor.netty.http.client.HttpClientOperations - [id: 0xc5bdf2c5, L:/127.0.0.1:51719 - R:localhost/127.0.0.1:8083] Received response (auto-read:false) : [Content-Type=application/json, Transfer-Encoding=chunked, Date=Wed, 15 Jun 2022 14:53:20 GMT]
15:53:21.328 [reactor-http-nio-41] DEBUG reactor.netty.resources.PooledConnectionProvider - [id: 0xc5bdf2c5, L:/127.0.0.1:51719 - R:localhost/127.0.0.1:8083] onStateChange(GET{uri=/userLocation?userId=e11e6594-12e3-4def-a549-1df804787bbc, connection=PooledConnection{channel=[id: 0xc5bdf2c5, L:/127.0.0.1:51719 - R:localhost/127.0.0.1:8083]}}, [response_received])
15:53:21.328 [reactor-http-nio-48] DEBUG reactor.netty.http.client.HttpClientOperations - [id: 0x52b43451, L:/127.0.0.1:51966 - R:localhost/127.0.0.1:8083] Received response (auto-read:false) : [Content-Type=application/json, Transfer-Encoding=chunked, Date=Wed, 15 Jun 2022 14:53:20 GMT]
15:53:21.328 [reactor-http-nio-41] DEBUG org.springframework.web.reactive.function.client.ExchangeFunctions - [667be72a] Response 200 OK
15:53:21.328 [reactor-http-nio-48] DEBUG reactor.netty.resources.PooledConnectionProvider - [id: 0x52b43451, L:/127.0.0.1:51966 - R:localhost/127.0.0.1:8083] onStateChange(GET{uri=/userLocation?userId=0376b229-649e-4a1b-ab73-804ac0c2ec1c, connection=PooledConnection{channel=[id: 0x52b43451, L:/127.0.0.1:51966 - R:localhost/127.0.0.1:8083]}}, [response_received])
15:53:21.328 [reactor-http-nio-48] DEBUG org.springframework.web.reactive.function.client.ExchangeFunctions - [6a3ec283] Response 200 OK
15:53:21.328 [reactor-http-nio-48] DEBUG reactor.netty.channel.FluxReceive - [id: 0x52b43451, L:/127.0.0.1:51966 - R:localhost/127.0.0.1:8083] Subscribing inbound receiver [pending: 0, cancelled:false, inboundDone: false]
15:53:21.328 [reactor-http-nio-47] DEBUG reactor.netty.http.client.HttpClientOperations - [id: 0x94ed7f01, L:/127.0.0.1:51699 - R:localhost/127.0.0.1:8083] Received response (auto-read:false) : [Content-Type=application/json, Transfer-Encoding=chunked, Date=Wed, 15 Jun 2022 14:53:20 GMT]
15:53:21.328 [reactor-http-nio-47] DEBUG reactor.netty.resources.PooledConnectionProvider - [id: 0x94ed7f01, L:/127.0.0.1:51699 - R:localhost/127.0.0.1:8083] onStateChange(GET{uri=/userLocation?userId=f9177453-9d4c-4e54-88ab-13b2c12287ff, connection=PooledConnection{channel=[id: 0x94ed7f01, L:/127.0.0.1:51699 - R:localhost/127.0.0.1:8083]}}, [response_received])
15:53:21.328 [reactor-http-nio-41] DEBUG reactor.netty.channel.FluxReceive - [id: 0xc5bdf2c5, L:/127.0.0.1:51719 - R:localhost/127.0.0.1:8083] Subscribing inbound receiver [pending: 0, cancelled:false, inboundDone: false]
15:53:21.328 [reactor-http-nio-47] DEBUG org.springframework.web.reactive.function.client.ExchangeFunctions - [70b80068] Response 200 OK
15:53:21.328 [reactor-http-nio-41] DEBUG reactor.netty.http.client.HttpClientOperations - [id: 0xc5bdf2c5, L:/127.0.0.1:51719 - R:localhost/127.0.0.1:8083] Received last HTTP packet
15:53:21.328 [reactor-http-nio-47] DEBUG reactor.netty.channel.FluxReceive - [id: 0x94ed7f01, L:/127.0.0.1:51699 - R:localhost/127.0.0.1:8083] Subscribing inbound receiver [pending: 0, cancelled:false, inboundDone: false]
15:53:21.329 [reactor-http-nio-41] DEBUG org.springframework.core.codec.StringDecoder - [667be72a] Decoded "{"userId":"e11e6594-12e3-4def-a549-1df804787bbc","location":{"longitude":39.779309,"latitude":81.55 (truncated)...
15:53:21.329 [reactor-http-nio-41] DEBUG reactor.netty.resources.PooledConnectionProvider - [id: 0xc5bdf2c5, L:/127.0.0.1:51719 - R:localhost/127.0.0.1:8083] onStateChange(GET{uri=/userLocation?userId=e11e6594-12e3-4def-a549-1df804787bbc, connection=PooledConnection{channel=[id: 0xc5bdf2c5, L:/127.0.0.1:51719 - R:localhost/127.0.0.1:8083]}}, [disconnecting])
15:53:21.329 [reactor-http-nio-41] DEBUG reactor.netty.resources.PooledConnectionProvider - [id: 0xc5bdf2c5, L:/127.0.0.1:51719 - R:localhost/127.0.0.1:8083] Releasing channel
15:53:21.329 [reactor-http-nio-41] DEBUG reactor.netty.resources.PooledConnectionProvider - [id: 0xc5bdf2c5, L:/127.0.0.1:51719 - R:localhost/127.0.0.1:8083] Channel cleaned, now 87 active connections and 214 inactive connections
15:53:21.329 [pool-17-thread-56] INFO tourGuide.service.TourGuideService - visitedLocatio tourGuide.gpsUtil.VisitedLocation@68bc0595
15:53:21.329 [reactor-http-nio-48] DEBUG reactor.netty.http.client.HttpClientOperations - [id: 0x52b43451, L:/127.0.0.1:51966 - R:localhost/127.0.0.1:8083] Received last HTTP packet
15:53:21.329 [reactor-http-nio-48] DEBUG org.springframework.core.codec.StringDecoder - [6a3ec283] Decoded "{"userId":"0376b229-649e-4a1b-ab73-804ac0c2ec1c","location":{"longitude":-127.842342,"latitude":84. (truncated)...
15:53:21.329 [reactor-http-nio-48] DEBUG reactor.netty.resources.PooledConnectionProvider - [id: 0x52b43451, L:/127.0.0.1:51966 - R:localhost/127.0.0.1:8083] onStateChange(GET{uri=/userLocation?userId=0376b229-649e-4a1b-ab73-804ac0c2ec1c, connection=PooledConnection{channel=[id: 0x52b43451, L:/127.0.0.1:51966 - R:localhost/127.0.0.1:8083]}}, [disconnecting])
15:53:21.329 [reactor-http-nio-48] DEBUG reactor.netty.resources.PooledConnectionProvider - [id: 0x52b43451, L:/127.0.0.1:51966 - R:localhost/127.0.0.1:8083] Releasing channel
15:53:21.329 [reactor-http-nio-48] DEBUG reactor.netty.resources.PooledConnectionProvider - [id: 0x52b43451, L:/127.0.0.1:51966 - R:localhost/127.0.0.1:8083] Channel cleaned, now 86 active connections and 215 inactive connections
15:53:21.330 [pool-17-thread-56] DEBUG org.springframework.web.reactive.function.client.ExchangeFunctions - [6c838c5a] HTTP GET http://localhost:8083/attractions
15:53:21.330 [pool-17-thread-34] INFO tourGuide.service.TourGuideService - visitedLocatio tourGuide.gpsUtil.VisitedLocation@64f921b4
15:53:21.331 [pool-17-thread-34] DEBUG org.springframework.web.reactive.function.client.ExchangeFunctions - [60c6a9f3] HTTP GET http://localhost:8083/attractions
15:53:21.332 [reactor-http-nio-48] DEBUG reactor.netty.resources.PooledConnectionProvider - [id: 0x76f33e80, L:/127.0.0.1:51705 - R:localhost/127.0.0.1:8083] Channel acquired, now 87 active connections and 214 inactive connections
15:53:21.332 [reactor-http-nio-48] DEBUG reactor.netty.http.client.HttpClientConnect - [id: 0x76f33e80, L:/127.0.0.1:51705 - R:localhost/127.0.0.1:8083] Handler is being applied: {uri=http://localhost:8083/attractions, method=GET}
15:53:21.333 [reactor-http-nio-46] DEBUG reactor.netty.http.client.HttpClientOperations - [id: 0xd99a3f51, L:/127.0.0.1:51806 - R:localhost/127.0.0.1:8083] Received response (auto-read:false) : [Content-Type=application/json, Transfer-Encoding=chunked, Date=Wed, 15 Jun 2022 14:53:20 GMT]
15:53:21.333 [reactor-http-nio-46] DEBUG reactor.netty.resources.PooledConnectionProvider - [id: 0xd99a3f51, L:/127.0.0.1:51806 - R:localhost/127.0.0.1:8083] onStateChange(GET{uri=/attractions, connection=PooledConnection{channel=[id: 0xd99a3f51, L:/127.0.0.1:51806 - R:localhost/127.0.0.1:8083]}}, [response_received])
15:53:21.333 [reactor-http-nio-46] DEBUG org.springframework.web.reactive.function.client.ExchangeFunctions - [60dcd407] Response 200 OK
15:53:21.333 [reactor-http-nio-48] DEBUG reactor.netty.resources.PooledConnectionProvider - [id: 0x76f33e80, L:/127.0.0.1:51705 - R:localhost/127.0.0.1:8083] onStateChange(GET{uri=/attractions, connection=PooledConnection{channel=[id: 0x76f33e80, L:/127.0.0.1:51705 - R:localhost/127.0.0.1:8083]}}, [request_sent])
15:53:21.333 [reactor-http-nio-46] DEBUG reactor.netty.channel.FluxReceive - [id: 0xd99a3f51, L:/127.0.0.1:51806 - R:localhost/127.0.0.1:8083] Subscribing inbound receiver [pending: 0, cancelled:false, inboundDone: false]
15:53:21.333 [reactor-http-nio-46] DEBUG reactor.netty.http.client.HttpClientOperations - [id: 0xd99a3f51, L:/127.0.0.1:51806 - R:localhost/127.0.0.1:8083] Received last HTTP packet
15:53:21.333 [reactor-http-nio-46] DEBUG org.springframework.core.codec.StringDecoder - [60dcd407] Decoded "[{"longitude":-117.922008,"latitude":33.817595,"attractionName":"Disneyland","city":"Anaheim","stat (truncated)...
15:53:21.333 [reactor-http-nio-46] DEBUG reactor.netty.resources.PooledConnectionProvider - [id: 0xd99a3f51, L:/127.0.0.1:51806 - R:localhost/127.0.0.1:8083] onStateChange(GET{uri=/attractions, connection=PooledConnection{channel=[id: 0xd99a3f51, L:/127.0.0.1:51806 - R:localhost/127.0.0.1:8083]}}, [disconnecting])
15:53:21.333 [reactor-http-nio-46] DEBUG reactor.netty.resources.PooledConnectionProvider - [id: 0xd99a3f51, L:/127.0.0.1:51806 - R:localhost/127.0.0.1:8083] Releasing channel
15:53:21.333 [reactor-http-nio-46] DEBUG reactor.netty.resources.PooledConnectionProvider - [id: 0xd99a3f51, L:/127.0.0.1:51806 - R:localhost/127.0.0.1:8083] Channel cleaned, now 86 active connections and 215 inactive connections
15:53:21.333 [reactor-http-nio-47] DEBUG reactor.netty.resources.PooledConnectionProvider - [id: 0x2fcf1b2b, L:/127.0.0.1:51855 - R:localhost/127.0.0.1:8083] Channel acquired, now 87 active connections and 214 inactive connections
15:53:21.334 [reactor-http-nio-47] DEBUG reactor.netty.http.client.HttpClientConnect - [id: 0x2fcf1b2b, L:/127.0.0.1:51855 - R:localhost/127.0.0.1:8083] Handler is being applied: {uri=http://localhost:8083/attractions, method=GET}
15:53:21.334 [reactor-http-nio-47] DEBUG reactor.netty.resources.PooledConnectionProvider - [id: 0x2fcf1b2b, L:/127.0.0.1:51855 - R:localhost/127.0.0.1:8083] onStateChange(GET{uri=/attractions, connection=PooledConnection{channel=[id: 0x2fcf1b2b, L:/127.0.0.1:51855 - R:localhost/127.0.0.1:8083]}}, [request_sent])
15:53:21.335 [reactor-http-nio-47] DEBUG reactor.netty.http.client.HttpClientOperations - [id: 0x94ed7f01, L:/127.0.0.1:51699 - R:localhost/127.0.0.1:8083] Received last HTTP packet
15:53:21.335 [reactor-http-nio-47] DEBUG org.springframework.core.codec.StringDecoder - [70b80068] Decoded "{"userId":"f9177453-9d4c-4e54-88ab-13b2c12287ff","location":{"longitude":116.347427,"latitude":34.0 (truncated)...
15:53:21.335 [reactor-http-nio-48] DEBUG reactor.netty.http.client.HttpClientOperations - [id: 0x9d7faf15, L:/127.0.0.1:51948 - R:localhost/127.0.0.1:8083] Received response (auto-read:false) : [Content-Type=application/json, Transfer-Encoding=chunked, Date=Wed, 15 Jun 2022 14:53:20 GMT]
15:53:21.335 [reactor-http-nio-48] DEBUG reactor.netty.resources.PooledConnectionProvider - [id: 0x9d7faf15, L:/127.0.0.1:51948 - R:localhost/127.0.0.1:8083] onStateChange(GET{uri=/userLocation?userId=88dac742-dc28-494e-ace2-108d0bdc86da, connection=PooledConnection{channel=[id: 0x9d7faf15, L:/127.0.0.1:51948 - R:localhost/127.0.0.1:8083]}}, [response_received])
15:53:21.335 [reactor-http-nio-48] DEBUG org.springframework.web.reactive.function.client.ExchangeFunctions - [438fb083] Response 200 OK
15:53:21.335 [reactor-http-nio-41] DEBUG reactor.netty.http.client.HttpClientOperations - [id: 0x1133f190, L:/127.0.0.1:51897 - R:localhost/127.0.0.1:8083] Received response (auto-read:false) : [Content-Type=application/json, Transfer-Encoding=chunked, Date=Wed, 15 Jun 2022 14:53:20 GMT]
15:53:21.335 [reactor-http-nio-41] DEBUG reactor.netty.resources.PooledConnectionProvider - [id: 0x1133f190, L:/127.0.0.1:51897 - R:localhost/127.0.0.1:8083] onStateChange(GET{uri=/userLocation?userId=d5210bc5-fabf-4e94-92a6-f2caceaa6efd, connection=PooledConnection{channel=[id: 0x1133f190, L:/127.0.0.1:51897 - R:localhost/127.0.0.1:8083]}}, [response_received])
15:53:21.335 [reactor-http-nio-41] DEBUG org.springframework.web.reactive.function.client.ExchangeFunctions - [7254ddcc] Response 200 OK
15:53:21.335 [reactor-http-nio-48] DEBUG reactor.netty.channel.FluxReceive - [id: 0x9d7faf15, L:/127.0.0.1:51948 - R:localhost/127.0.0.1:8083] Subscribing inbound receiver [pending: 0, cancelled:false, inboundDone: false]
15:53:21.335 [reactor-http-nio-41] DEBUG reactor.netty.channel.FluxReceive - [id: 0x1133f190, L:/127.0.0.1:51897 - R:localhost/127.0.0.1:8083] Subscribing inbound receiver [pending: 0, cancelled:false, inboundDone: false]
15:53:21.335 [reactor-http-nio-48] DEBUG reactor.netty.http.client.HttpClientOperations - [id: 0x9d7faf15, L:/127.0.0.1:51948 - R:localhost/127.0.0.1:8083] Received last HTTP packet
15:53:21.335 [reactor-http-nio-48] DEBUG org.springframework.core.codec.StringDecoder - [438fb083] Decoded "{"userId":"88dac742-dc28-494e-ace2-108d0bdc86da","location":{"longitude":-155.96068,"latitude":71.0 (truncated)...
15:53:21.335 [reactor-http-nio-48] DEBUG reactor.netty.resources.PooledConnectionProvider - [id: 0x9d7faf15, L:/127.0.0.1:51948 - R:localhost/127.0.0.1:8083] onStateChange(GET{uri=/userLocation?userId=88dac742-dc28-494e-ace2-108d0bdc86da, connection=PooledConnection{channel=[id: 0x9d7faf15, L:/127.0.0.1:51948 - R:localhost/127.0.0.1:8083]}}, [disconnecting])
15:53:21.335 [reactor-http-nio-48] DEBUG reactor.netty.resources.PooledConnectionProvider - [id: 0x9d7faf15, L:/127.0.0.1:51948 - R:localhost/127.0.0.1:8083] Releasing channel
15:53:21.335 [reactor-http-nio-48] DEBUG reactor.netty.resources.PooledConnectionProvider - [id: 0x9d7faf15, L:/127.0.0.1:51948 - R:localhost/127.0.0.1:8083] Channel cleaned, now 86 active connections and 215 inactive connections
15:53:21.335 [reactor-http-nio-47] DEBUG reactor.netty.resources.PooledConnectionProvider - [id: 0x94ed7f01, L:/127.0.0.1:51699 - R:localhost/127.0.0.1:8083] onStateChange(GET{uri=/userLocation?userId=f9177453-9d4c-4e54-88ab-13b2c12287ff, connection=PooledConnection{channel=[id: 0x94ed7f01, L:/127.0.0.1:51699 - R:localhost/127.0.0.1:8083]}}, [disconnecting])
15:53:21.336 [reactor-http-nio-47] DEBUG reactor.netty.resources.PooledConnectionProvider - [id: 0x94ed7f01, L:/127.0.0.1:51699 - R:localhost/127.0.0.1:8083] Releasing channel
15:53:21.336 [reactor-http-nio-47] DEBUG reactor.netty.resources.PooledConnectionProvider - [id: 0x94ed7f01, L:/127.0.0.1:51699 - R:localhost/127.0.0.1:8083] Channel cleaned, now 85 active connections and 216 inactive connections
15:53:21.336 [reactor-http-nio-47] DEBUG reactor.netty.http.client.HttpClientOperations - [id: 0x9ce465db, L:/127.0.0.1:51838 - R:localhost/127.0.0.1:8083] Received response (auto-read:false) : [Content-Type=application/json, Transfer-Encoding=chunked, Date=Wed, 15 Jun 2022 14:53:20 GMT]
15:53:21.336 [reactor-http-nio-47] DEBUG reactor.netty.resources.PooledConnectionProvider - [id: 0x9ce465db, L:/127.0.0.1:51838 - R:localhost/127.0.0.1:8083] onStateChange(GET{uri=/userLocation?userId=f52ace51-4f54-4626-b5c2-e462da03fc76, connection=PooledConnection{channel=[id: 0x9ce465db, L:/127.0.0.1:51838 - R:localhost/127.0.0.1:8083]}}, [response_received])
15:53:21.336 [reactor-http-nio-47] DEBUG org.springframework.web.reactive.function.client.ExchangeFunctions - [9d57ffc] Response 200 OK
15:53:21.336 [reactor-http-nio-47] DEBUG reactor.netty.channel.FluxReceive - [id: 0x9ce465db, L:/127.0.0.1:51838 - R:localhost/127.0.0.1:8083] Subscribing inbound receiver [pending: 0, cancelled:false, inboundDone: false]
15:53:21.336 [reactor-http-nio-47] DEBUG reactor.netty.http.client.HttpClientOperations - [id: 0x9ce465db, L:/127.0.0.1:51838 - R:localhost/127.0.0.1:8083] Received last HTTP packet
15:53:21.336 [reactor-http-nio-47] DEBUG org.springframework.core.codec.StringDecoder - [9d57ffc] Decoded "{"userId":"f52ace51-4f54-4626-b5c2-e462da03fc76","location":{"longitude":1.580885,"latitude":40.313 (truncated)...
15:53:21.336 [reactor-http-nio-47] DEBUG reactor.netty.resources.PooledConnectionProvider - [id: 0x9ce465db, L:/127.0.0.1:51838 - R:localhost/127.0.0.1:8083] onStateChange(GET{uri=/userLocation?userId=f52ace51-4f54-4626-b5c2-e462da03fc76, connection=PooledConnection{channel=[id: 0x9ce465db, L:/127.0.0.1:51838 - R:localhost/127.0.0.1:8083]}}, [disconnecting])
15:53:21.336 [reactor-http-nio-47] DEBUG reactor.netty.resources.PooledConnectionProvider - [id: 0x9ce465db, L:/127.0.0.1:51838 - R:localhost/127.0.0.1:8083] Releasing channel
15:53:21.336 [reactor-http-nio-47] DEBUG reactor.netty.resources.PooledConnectionProvider - [id: 0x9ce465db, L:/127.0.0.1:51838 - R:localhost/127.0.0.1:8083] Channel cleaned, now 84 active connections and 217 inactive connections
15:53:21.337 [pool-17-thread-61] INFO tourGuide.service.TourGuideService - visitedLocatio tourGuide.gpsUtil.VisitedLocation@7e7fe00f
15:53:21.337 [pool-17-thread-61] DEBUG org.springframework.web.reactive.function.client.ExchangeFunctions - [7a406b18] HTTP GET http://localhost:8083/attractions
15:53:21.338 [pool-17-thread-42] INFO tourGuide.service.TourGuideService - visitedLocatio tourGuide.gpsUtil.VisitedLocation@4d485682
15:53:21.338 [pool-17-thread-42] DEBUG org.springframework.web.reactive.function.client.ExchangeFunctions - [4977dbf3] HTTP GET http://localhost:8083/attractions
15:53:21.339 [pool-17-thread-39] INFO tourGuide.service.TourGuideService - visitedLocatio tourGuide.gpsUtil.VisitedLocation@71290b6
15:53:21.339 [reactor-http-nio-47] DEBUG reactor.netty.resources.PooledConnectionProvider - [id: 0x70f8c72b, L:/127.0.0.1:51852 - R:localhost/127.0.0.1:8083] Channel acquired, now 85 active connections and 216 inactive connections
15:53:21.339 [reactor-http-nio-47] DEBUG reactor.netty.http.client.HttpClientConnect - [id: 0x70f8c72b, L:/127.0.0.1:51852 - R:localhost/127.0.0.1:8083] Handler is being applied: {uri=http://localhost:8083/attractions, method=GET}
15:53:21.340 [pool-17-thread-39] DEBUG org.springframework.web.reactive.function.client.ExchangeFunctions - [32d148c] HTTP GET http://localhost:8083/attractions
15:53:21.340 [reactor-http-nio-47] DEBUG reactor.netty.resources.PooledConnectionProvider - [id: 0x70f8c72b, L:/127.0.0.1:51852 - R:localhost/127.0.0.1:8083] onStateChange(GET{uri=/attractions, connection=PooledConnection{channel=[id: 0x70f8c72b, L:/127.0.0.1:51852 - R:localhost/127.0.0.1:8083]}}, [request_sent])
15:53:21.340 [reactor-http-nio-47] DEBUG reactor.netty.resources.PooledConnectionProvider - [id: 0xb30cfda6, L:/127.0.0.1:51864 - R:localhost/127.0.0.1:8083] Channel acquired, now 86 active connections and 215 inactive connections
15:53:21.340 [reactor-http-nio-47] DEBUG reactor.netty.http.client.HttpClientConnect - [id: 0xb30cfda6, L:/127.0.0.1:51864 - R:localhost/127.0.0.1:8083] Handler is being applied: {uri=http://localhost:8083/attractions, method=GET}
15:53:21.340 [reactor-http-nio-47] DEBUG reactor.netty.resources.PooledConnectionProvider - [id: 0xb30cfda6, L:/127.0.0.1:51864 - R:localhost/127.0.0.1:8083] onStateChange(GET{uri=/attractions, connection=PooledConnection{channel=[id: 0xb30cfda6, L:/127.0.0.1:51864 - R:localhost/127.0.0.1:8083]}}, [request_sent])
15:53:21.342 [reactor-http-nio-47] DEBUG reactor.netty.http.client.HttpClientOperations - [id: 0x905654b3, L:/127.0.0.1:51889 - R:localhost/127.0.0.1:8083] Received response (auto-read:false) : [Content-Type=application/json, Transfer-Encoding=chunked, Date=Wed, 15 Jun 2022 14:53:20 GMT]
15:53:21.342 [reactor-http-nio-47] DEBUG reactor.netty.resources.PooledConnectionProvider - [id: 0x905654b3, L:/127.0.0.1:51889 - R:localhost/127.0.0.1:8083] onStateChange(GET{uri=/attractions, connection=PooledConnection{channel=[id: 0x905654b3, L:/127.0.0.1:51889 - R:localhost/127.0.0.1:8083]}}, [response_received])
15:53:21.342 [reactor-http-nio-47] DEBUG org.springframework.web.reactive.function.client.ExchangeFunctions - [7807c99] Response 200 OK
15:53:21.342 [reactor-http-nio-47] DEBUG reactor.netty.channel.FluxReceive - [id: 0x905654b3, L:/127.0.0.1:51889 - R:localhost/127.0.0.1:8083] Subscribing inbound receiver [pending: 0, cancelled:false, inboundDone: false]
15:53:21.342 [reactor-http-nio-47] DEBUG reactor.netty.http.client.HttpClientOperations - [id: 0x905654b3, L:/127.0.0.1:51889 - R:localhost/127.0.0.1:8083] Received last HTTP packet
15:53:21.343 [reactor-http-nio-41] DEBUG reactor.netty.http.client.HttpClientOperations - [id: 0x1649a857, L:/127.0.0.1:51794 - R:localhost/127.0.0.1:8083] Received response (auto-read:false) : [Content-Type=application/json, Transfer-Encoding=chunked, Date=Wed, 15 Jun 2022 14:53:20 GMT]
15:53:21.343 [reactor-http-nio-47] DEBUG org.springframework.core.codec.StringDecoder - [7807c99] Decoded "[{"longitude":-117.922008,"latitude":33.817595,"attractionName":"Disneyland","city":"Anaheim","stat (truncated)...
15:53:21.343 [reactor-http-nio-41] DEBUG reactor.netty.resources.PooledConnectionProvider - [id: 0x1649a857, L:/127.0.0.1:51794 - R:localhost/127.0.0.1:8083] onStateChange(GET{uri=/userLocation?userId=4a900d14-ffa5-49b9-a4fb-4f92552d95be, connection=PooledConnection{channel=[id: 0x1649a857, L:/127.0.0.1:51794 - R:localhost/127.0.0.1:8083]}}, [response_received])
15:53:21.343 [reactor-http-nio-47] DEBUG reactor.netty.resources.PooledConnectionProvider - [id: 0x905654b3, L:/127.0.0.1:51889 - R:localhost/127.0.0.1:8083] onStateChange(GET{uri=/attractions, connection=PooledConnection{channel=[id: 0x905654b3, L:/127.0.0.1:51889 - R:localhost/127.0.0.1:8083]}}, [disconnecting])
15:53:21.343 [reactor-http-nio-47] DEBUG reactor.netty.resources.PooledConnectionProvider - [id: 0x905654b3, L:/127.0.0.1:51889 - R:localhost/127.0.0.1:8083] Releasing channel
15:53:21.343 [reactor-http-nio-41] DEBUG org.springframework.web.reactive.function.client.ExchangeFunctions - [2997e47f] Response 200 OK
15:53:21.343 [reactor-http-nio-47] DEBUG reactor.netty.resources.PooledConnectionProvider - [id: 0x905654b3, L:/127.0.0.1:51889 - R:localhost/127.0.0.1:8083] Channel cleaned, now 85 active connections and 216 inactive connections
15:53:21.343 [reactor-http-nio-41] DEBUG reactor.netty.channel.FluxReceive - [id: 0x1649a857, L:/127.0.0.1:51794 - R:localhost/127.0.0.1:8083] Subscribing inbound receiver [pending: 0, cancelled:false, inboundDone: false]
15:53:21.343 [reactor-http-nio-41] DEBUG reactor.netty.http.client.HttpClientOperations - [id: 0x1649a857, L:/127.0.0.1:51794 - R:localhost/127.0.0.1:8083] Received last HTTP packet
15:53:21.343 [reactor-http-nio-41] DEBUG org.springframework.core.codec.StringDecoder - [2997e47f] Decoded "{"userId":"4a900d14-ffa5-49b9-a4fb-4f92552d95be","location":{"longitude":156.73957,"latitude":-30.9 (truncated)...
15:53:21.343 [reactor-http-nio-47] DEBUG reactor.netty.http.client.HttpClientOperations - [id: 0xf30ad839, L:/127.0.0.1:51692 - R:localhost/127.0.0.1:8083] Received response (auto-read:false) : [Content-Type=application/json, Transfer-Encoding=chunked, Date=Wed, 15 Jun 2022 14:53:20 GMT]
15:53:21.343 [reactor-http-nio-41] DEBUG reactor.netty.resources.PooledConnectionProvider - [id: 0x1649a857, L:/127.0.0.1:51794 - R:localhost/127.0.0.1:8083] onStateChange(GET{uri=/userLocation?userId=4a900d14-ffa5-49b9-a4fb-4f92552d95be, connection=PooledConnection{channel=[id: 0x1649a857, L:/127.0.0.1:51794 - R:localhost/127.0.0.1:8083]}}, [disconnecting])
15:53:21.343 [reactor-http-nio-41] DEBUG reactor.netty.resources.PooledConnectionProvider - [id: 0x1649a857, L:/127.0.0.1:51794 - R:localhost/127.0.0.1:8083] Releasing channel
15:53:21.343 [reactor-http-nio-41] DEBUG reactor.netty.resources.PooledConnectionProvider - [id: 0x1649a857, L:/127.0.0.1:51794 - R:localhost/127.0.0.1:8083] Channel cleaned, now 84 active connections and 217 inactive connections
15:53:21.343 [reactor-http-nio-48] DEBUG reactor.netty.http.client.HttpClientOperations - [id: 0x6adf9794, L:/127.0.0.1:51702 - R:localhost/127.0.0.1:8083] Received response (auto-read:false) : [Content-Type=application/json, Transfer-Encoding=chunked, Date=Wed, 15 Jun 2022 14:53:20 GMT]
15:53:21.343 [reactor-http-nio-48] DEBUG reactor.netty.resources.PooledConnectionProvider - [id: 0x6adf9794, L:/127.0.0.1:51702 - R:localhost/127.0.0.1:8083] onStateChange(GET{uri=/userLocation?userId=58f357dc-3500-4cce-afe5-b95b2a9a4e9f, connection=PooledConnection{channel=[id: 0x6adf9794, L:/127.0.0.1:51702 - R:localhost/127.0.0.1:8083]}}, [response_received])
15:53:21.343 [reactor-http-nio-41] DEBUG reactor.netty.http.client.HttpClientOperations - [id: 0xc0a2c902, L:/127.0.0.1:51919 - R:localhost/127.0.0.1:8083] Received response (auto-read:false) : [Content-Type=application/json, Transfer-Encoding=chunked, Date=Wed, 15 Jun 2022 14:53:20 GMT]
15:53:21.343 [reactor-http-nio-41] DEBUG reactor.netty.resources.PooledConnectionProvider - [id: 0xc0a2c902, L:/127.0.0.1:51919 - R:localhost/127.0.0.1:8083] onStateChange(GET{uri=/userLocation?userId=ffe885b5-6097-4cf7-9694-342b10c95b95, connection=PooledConnection{channel=[id: 0xc0a2c902, L:/127.0.0.1:51919 - R:localhost/127.0.0.1:8083]}}, [response_received])
15:53:21.343 [reactor-http-nio-41] DEBUG org.springframework.web.reactive.function.client.ExchangeFunctions - [1763037] Response 200 OK
15:53:21.343 [reactor-http-nio-41] DEBUG reactor.netty.channel.FluxReceive - [id: 0xc0a2c902, L:/127.0.0.1:51919 - R:localhost/127.0.0.1:8083] Subscribing inbound receiver [pending: 0, cancelled:false, inboundDone: false]
15:53:21.343 [reactor-http-nio-41] DEBUG reactor.netty.http.client.HttpClientOperations - [id: 0xc0a2c902, L:/127.0.0.1:51919 - R:localhost/127.0.0.1:8083] Received last HTTP packet
15:53:21.343 [reactor-http-nio-41] DEBUG org.springframework.core.codec.StringDecoder - [1763037] Decoded "{"userId":"ffe885b5-6097-4cf7-9694-342b10c95b95","location":{"longitude":118.02383,"latitude":-45.7 (truncated)...
15:53:21.343 [reactor-http-nio-41] DEBUG reactor.netty.resources.PooledConnectionProvider - [id: 0xc0a2c902, L:/127.0.0.1:51919 - R:localhost/127.0.0.1:8083] onStateChange(GET{uri=/userLocation?userId=ffe885b5-6097-4cf7-9694-342b10c95b95, connection=PooledConnection{channel=[id: 0xc0a2c902, L:/127.0.0.1:51919 - R:localhost/127.0.0.1:8083]}}, [disconnecting])
15:53:21.343 [reactor-http-nio-41] DEBUG reactor.netty.resources.PooledConnectionProvider - [id: 0xc0a2c902, L:/127.0.0.1:51919 - R:localhost/127.0.0.1:8083] Releasing channel
15:53:21.343 [reactor-http-nio-41] DEBUG reactor.netty.resources.PooledConnectionProvider - [id: 0xc0a2c902, L:/127.0.0.1:51919 - R:localhost/127.0.0.1:8083] Channel cleaned, now 83 active connections and 218 inactive connections
15:53:21.343 [reactor-http-nio-47] DEBUG reactor.netty.resources.PooledConnectionProvider - [id: 0xf30ad839, L:/127.0.0.1:51692 - R:localhost/127.0.0.1:8083] onStateChange(GET{uri=/userLocation?userId=9c8f9f27-8e6c-4314-a6d6-55e0c9af7053, connection=PooledConnection{channel=[id: 0xf30ad839, L:/127.0.0.1:51692 - R:localhost/127.0.0.1:8083]}}, [response_received])
15:53:21.344 [reactor-http-nio-47] DEBUG org.springframework.web.reactive.function.client.ExchangeFunctions - [9e468a0] Response 200 OK
15:53:21.344 [reactor-http-nio-47] DEBUG reactor.netty.channel.FluxReceive - [id: 0xf30ad839, L:/127.0.0.1:51692 - R:localhost/127.0.0.1:8083] Subscribing inbound receiver [pending: 0, cancelled:false, inboundDone: false]
15:53:21.344 [reactor-http-nio-47] DEBUG reactor.netty.http.client.HttpClientOperations - [id: 0xf30ad839, L:/127.0.0.1:51692 - R:localhost/127.0.0.1:8083] Received last HTTP packet
15:53:21.344 [reactor-http-nio-47] DEBUG org.springframework.core.codec.StringDecoder - [9e468a0] Decoded "{"userId":"9c8f9f27-8e6c-4314-a6d6-55e0c9af7053","location":{"longitude":-7.951181,"latitude":25.72 (truncated)...
15:53:21.344 [reactor-http-nio-47] DEBUG reactor.netty.resources.PooledConnectionProvider - [id: 0xf30ad839, L:/127.0.0.1:51692 - R:localhost/127.0.0.1:8083] onStateChange(GET{uri=/userLocation?userId=9c8f9f27-8e6c-4314-a6d6-55e0c9af7053, connection=PooledConnection{channel=[id: 0xf30ad839, L:/127.0.0.1:51692 - R:localhost/127.0.0.1:8083]}}, [disconnecting])
15:53:21.344 [reactor-http-nio-47] DEBUG reactor.netty.resources.PooledConnectionProvider - [id: 0xf30ad839, L:/127.0.0.1:51692 - R:localhost/127.0.0.1:8083] Releasing channel
15:53:21.344 [reactor-http-nio-47] DEBUG reactor.netty.resources.PooledConnectionProvider - [id: 0xf30ad839, L:/127.0.0.1:51692 - R:localhost/127.0.0.1:8083] Channel cleaned, now 82 active connections and 219 inactive connections
15:53:21.343 [reactor-http-nio-48] DEBUG org.springframework.web.reactive.function.client.ExchangeFunctions - [ac38ae7] Response 200 OK
15:53:21.344 [reactor-http-nio-48] DEBUG reactor.netty.channel.FluxReceive - [id: 0x6adf9794, L:/127.0.0.1:51702 - R:localhost/127.0.0.1:8083] Subscribing inbound receiver [pending: 0, cancelled:false, inboundDone: false]
15:53:21.344 [reactor-http-nio-46] DEBUG reactor.netty.http.client.HttpClientOperations - [id: 0x6eeffece, L:/127.0.0.1:51732 - R:localhost/127.0.0.1:8083] Received response (auto-read:false) : [Content-Type=application/json, Transfer-Encoding=chunked, Date=Wed, 15 Jun 2022 14:53:20 GMT]
15:53:21.344 [reactor-http-nio-46] DEBUG reactor.netty.resources.PooledConnectionProvider - [id: 0x6eeffece, L:/127.0.0.1:51732 - R:localhost/127.0.0.1:8083] onStateChange(GET{uri=/userLocation?userId=56f47f48-8a08-454e-a422-73a90971fcf1, connection=PooledConnection{channel=[id: 0x6eeffece, L:/127.0.0.1:51732 - R:localhost/127.0.0.1:8083]}}, [response_received])
15:53:21.344 [reactor-http-nio-46] DEBUG org.springframework.web.reactive.function.client.ExchangeFunctions - [4d3157ad] Response 200 OK
15:53:21.344 [reactor-http-nio-46] DEBUG reactor.netty.channel.FluxReceive - [id: 0x6eeffece, L:/127.0.0.1:51732 - R:localhost/127.0.0.1:8083] Subscribing inbound receiver [pending: 0, cancelled:false, inboundDone: false]
15:53:21.345 [reactor-http-nio-46] DEBUG reactor.netty.http.client.HttpClientOperations - [id: 0x6eeffece, L:/127.0.0.1:51732 - R:localhost/127.0.0.1:8083] Received last HTTP packet
15:53:21.345 [reactor-http-nio-46] DEBUG org.springframework.core.codec.StringDecoder - [4d3157ad] Decoded "{"userId":"56f47f48-8a08-454e-a422-73a90971fcf1","location":{"longitude":165.532977,"latitude":33.8 (truncated)...
15:53:21.345 [reactor-http-nio-41] DEBUG reactor.netty.resources.PooledConnectionProvider - [id: 0xdc4a09e2, L:/127.0.0.1:51708 - R:localhost/127.0.0.1:8083] Channel acquired, now 83 active connections and 218 inactive connections
15:53:21.345 [reactor-http-nio-46] DEBUG reactor.netty.resources.PooledConnectionProvider - [id: 0x6eeffece, L:/127.0.0.1:51732 - R:localhost/127.0.0.1:8083] onStateChange(GET{uri=/userLocation?userId=56f47f48-8a08-454e-a422-73a90971fcf1, connection=PooledConnection{channel=[id: 0x6eeffece, L:/127.0.0.1:51732 - R:localhost/127.0.0.1:8083]}}, [disconnecting])
15:53:21.345 [reactor-http-nio-46] DEBUG reactor.netty.resources.PooledConnectionProvider - [id: 0x6eeffece, L:/127.0.0.1:51732 - R:localhost/127.0.0.1:8083] Releasing channel
15:53:21.345 [reactor-http-nio-41] DEBUG reactor.netty.http.client.HttpClientConnect - [id: 0xdc4a09e2, L:/127.0.0.1:51708 - R:localhost/127.0.0.1:8083] Handler is being applied: {uri=http://localhost:8083/attractions, method=GET}
15:53:21.345 [reactor-http-nio-46] DEBUG reactor.netty.resources.PooledConnectionProvider - [id: 0x6eeffece, L:/127.0.0.1:51732 - R:localhost/127.0.0.1:8083] Channel cleaned, now 82 active connections and 219 inactive connections
15:53:21.345 [reactor-http-nio-41] DEBUG reactor.netty.resources.PooledConnectionProvider - [id: 0xdc4a09e2, L:/127.0.0.1:51708 - R:localhost/127.0.0.1:8083] onStateChange(GET{uri=/attractions, connection=PooledConnection{channel=[id: 0xdc4a09e2, L:/127.0.0.1:51708 - R:localhost/127.0.0.1:8083]}}, [request_sent])
15:53:21.346 [pool-17-thread-64] INFO tourGuide.service.TourGuideService - visitedLocatio tourGuide.gpsUtil.VisitedLocation@fb1de69
15:53:21.346 [pool-17-thread-68] INFO tourGuide.service.TourGuideService - visitedLocatio tourGuide.gpsUtil.VisitedLocation@27500f3d
15:53:21.346 [pool-17-thread-68] DEBUG org.springframework.web.reactive.function.client.ExchangeFunctions - [236f8f0f] HTTP GET http://localhost:8083/attractions
15:53:21.347 [pool-17-thread-38] INFO tourGuide.service.TourGuideService - visitedLocatio tourGuide.gpsUtil.VisitedLocation@72387ec
15:53:21.347 [pool-17-thread-38] DEBUG org.springframework.web.reactive.function.client.ExchangeFunctions - [31c03d0] HTTP GET http://localhost:8083/attractions
15:53:21.349 [pool-17-thread-47] INFO tourGuide.service.TourGuideService - visitedLocatio tourGuide.gpsUtil.VisitedLocation@43f6b07b
15:53:21.349 [pool-17-thread-47] DEBUG org.springframework.web.reactive.function.client.ExchangeFunctions - [47c93cdd] HTTP GET http://localhost:8083/attractions
15:53:21.346 [pool-17-thread-64] DEBUG org.springframework.web.reactive.function.client.ExchangeFunctions - [b8e5b47] HTTP GET http://localhost:8083/attractions
15:53:21.350 [reactor-http-nio-41] DEBUG reactor.netty.resources.PooledConnectionProvider - [id: 0x08aaa308, L:/127.0.0.1:51899 - R:localhost/127.0.0.1:8083] Channel acquired, now 83 active connections and 218 inactive connections
15:53:21.350 [reactor-http-nio-41] DEBUG reactor.netty.http.client.HttpClientConnect - [id: 0x08aaa308, L:/127.0.0.1:51899 - R:localhost/127.0.0.1:8083] Handler is being applied: {uri=http://localhost:8083/attractions, method=GET}
15:53:21.351 [reactor-http-nio-41] DEBUG reactor.netty.resources.PooledConnectionProvider - [id: 0x08aaa308, L:/127.0.0.1:51899 - R:localhost/127.0.0.1:8083] onStateChange(GET{uri=/attractions, connection=PooledConnection{channel=[id: 0x08aaa308, L:/127.0.0.1:51899 - R:localhost/127.0.0.1:8083]}}, [request_sent])
15:53:21.351 [reactor-http-nio-41] DEBUG reactor.netty.resources.PooledConnectionProvider - [id: 0x866e01db, L:/127.0.0.1:51707 - R:localhost/127.0.0.1:8083] Channel acquired, now 84 active connections and 217 inactive connections
15:53:21.351 [reactor-http-nio-41] DEBUG reactor.netty.http.client.HttpClientConnect - [id: 0x866e01db, L:/127.0.0.1:51707 - R:localhost/127.0.0.1:8083] Handler is being applied: {uri=http://localhost:8083/attractions, method=GET}
15:53:21.351 [reactor-http-nio-41] DEBUG reactor.netty.resources.PooledConnectionProvider - [id: 0x866e01db, L:/127.0.0.1:51707 - R:localhost/127.0.0.1:8083] onStateChange(GET{uri=/attractions, connection=PooledConnection{channel=[id: 0x866e01db, L:/127.0.0.1:51707 - R:localhost/127.0.0.1:8083]}}, [request_sent])
15:53:21.352 [reactor-http-nio-48] DEBUG reactor.netty.http.client.HttpClientOperations - [id: 0x6adf9794, L:/127.0.0.1:51702 - R:localhost/127.0.0.1:8083] Received last HTTP packet
15:53:21.352 [reactor-http-nio-48] DEBUG org.springframework.core.codec.StringDecoder - [ac38ae7] Decoded "{"userId":"58f357dc-3500-4cce-afe5-b95b2a9a4e9f","location":{"longitude":-140.502461,"latitude":-80 (truncated)...
15:53:21.352 [reactor-http-nio-47] DEBUG reactor.netty.resources.PooledConnectionProvider - [id: 0x42970d81, L:/127.0.0.1:51870 - R:localhost/127.0.0.1:8083] Channel acquired, now 85 active connections and 216 inactive connections
15:53:21.352 [reactor-http-nio-48] DEBUG reactor.netty.resources.PooledConnectionProvider - [id: 0x6adf9794, L:/127.0.0.1:51702 - R:localhost/127.0.0.1:8083] onStateChange(GET{uri=/userLocation?userId=58f357dc-3500-4cce-afe5-b95b2a9a4e9f, connection=PooledConnection{channel=[id: 0x6adf9794, L:/127.0.0.1:51702 - R:localhost/127.0.0.1:8083]}}, [disconnecting])
15:53:21.352 [reactor-http-nio-48] DEBUG reactor.netty.resources.PooledConnectionProvider - [id: 0x6adf9794, L:/127.0.0.1:51702 - R:localhost/127.0.0.1:8083] Releasing channel
15:53:21.352 [reactor-http-nio-48] DEBUG reactor.netty.resources.PooledConnectionProvider - [id: 0x6adf9794, L:/127.0.0.1:51702 - R:localhost/127.0.0.1:8083] Channel cleaned, now 84 active connections and 217 inactive connections
15:53:21.352 [reactor-http-nio-47] DEBUG reactor.netty.http.client.HttpClientConnect - [id: 0x42970d81, L:/127.0.0.1:51870 - R:localhost/127.0.0.1:8083] Handler is being applied: {uri=http://localhost:8083/attractions, method=GET}
15:53:21.353 [reactor-http-nio-47] DEBUG reactor.netty.resources.PooledConnectionProvider - [id: 0x42970d81, L:/127.0.0.1:51870 - R:localhost/127.0.0.1:8083] onStateChange(GET{uri=/attractions, connection=PooledConnection{channel=[id: 0x42970d81, L:/127.0.0.1:51870 - R:localhost/127.0.0.1:8083]}}, [request_sent])
15:53:21.353 [pool-17-thread-63] INFO tourGuide.service.TourGuideService - visitedLocatio tourGuide.gpsUtil.VisitedLocation@40475cf
15:53:21.353 [pool-17-thread-63] DEBUG org.springframework.web.reactive.function.client.ExchangeFunctions - [3be197] HTTP GET http://localhost:8083/attractions
15:53:21.354 [reactor-http-nio-47] DEBUG reactor.netty.resources.PooledConnectionProvider - [id: 0x71dba838, L:/127.0.0.1:51683 - R:localhost/127.0.0.1:8083] Channel acquired, now 85 active connections and 216 inactive connections
15:53:21.354 [reactor-http-nio-47] DEBUG reactor.netty.http.client.HttpClientConnect - [id: 0x71dba838, L:/127.0.0.1:51683 - R:localhost/127.0.0.1:8083] Handler is being applied: {uri=http://localhost:8083/attractions, method=GET}
15:53:21.355 [reactor-http-nio-47] DEBUG reactor.netty.resources.PooledConnectionProvider - [id: 0x71dba838, L:/127.0.0.1:51683 - R:localhost/127.0.0.1:8083] onStateChange(GET{uri=/attractions, connection=PooledConnection{channel=[id: 0x71dba838, L:/127.0.0.1:51683 - R:localhost/127.0.0.1:8083]}}, [request_sent])
15:53:21.356 [reactor-http-nio-48] DEBUG reactor.netty.http.client.HttpClientOperations - [id: 0x19945800, L:/127.0.0.1:51703 - R:localhost/127.0.0.1:8083] Received response (auto-read:false) : [Content-Type=application/json, Transfer-Encoding=chunked, Date=Wed, 15 Jun 2022 14:53:20 GMT]
15:53:21.356 [reactor-http-nio-48] DEBUG reactor.netty.resources.PooledConnectionProvider - [id: 0x19945800, L:/127.0.0.1:51703 - R:localhost/127.0.0.1:8083] onStateChange(GET{uri=/userLocation?userId=0e963705-2cab-425e-a3fe-27e85fd19b4d, connection=PooledConnection{channel=[id: 0x19945800, L:/127.0.0.1:51703 - R:localhost/127.0.0.1:8083]}}, [response_received])
15:53:21.356 [reactor-http-nio-48] DEBUG org.springframework.web.reactive.function.client.ExchangeFunctions - [67cc38b7] Response 200 OK
15:53:21.356 [reactor-http-nio-48] DEBUG reactor.netty.channel.FluxReceive - [id: 0x19945800, L:/127.0.0.1:51703 - R:localhost/127.0.0.1:8083] Subscribing inbound receiver [pending: 0, cancelled:false, inboundDone: false]
15:53:21.356 [reactor-http-nio-48] DEBUG reactor.netty.http.client.HttpClientOperations - [id: 0x19945800, L:/127.0.0.1:51703 - R:localhost/127.0.0.1:8083] Received last HTTP packet
15:53:21.356 [reactor-http-nio-41] DEBUG reactor.netty.resources.PooledConnectionProvider - [id: 0x363ce47f, L:/127.0.0.1:51925 - R:localhost/127.0.0.1:8083] Channel acquired, now 86 active connections and 215 inactive connections
15:53:21.356 [reactor-http-nio-48] DEBUG org.springframework.core.codec.StringDecoder - [67cc38b7] Decoded "{"userId":"0e963705-2cab-425e-a3fe-27e85fd19b4d","location":{"longitude":-106.010892,"latitude":57. (truncated)...
15:53:21.356 [reactor-http-nio-41] DEBUG reactor.netty.http.client.HttpClientConnect - [id: 0x363ce47f, L:/127.0.0.1:51925 - R:localhost/127.0.0.1:8083] Handler is being applied: {uri=http://localhost:8083/attractions, method=GET}
15:53:21.356 [reactor-http-nio-48] DEBUG reactor.netty.resources.PooledConnectionProvider - [id: 0x19945800, L:/127.0.0.1:51703 - R:localhost/127.0.0.1:8083] onStateChange(GET{uri=/userLocation?userId=0e963705-2cab-425e-a3fe-27e85fd19b4d, connection=PooledConnection{channel=[id: 0x19945800, L:/127.0.0.1:51703 - R:localhost/127.0.0.1:8083]}}, [disconnecting])
15:53:21.356 [reactor-http-nio-48] DEBUG reactor.netty.resources.PooledConnectionProvider - [id: 0x19945800, L:/127.0.0.1:51703 - R:localhost/127.0.0.1:8083] Releasing channel
15:53:21.356 [reactor-http-nio-48] DEBUG reactor.netty.resources.PooledConnectionProvider - [id: 0x19945800, L:/127.0.0.1:51703 - R:localhost/127.0.0.1:8083] Channel cleaned, now 85 active connections and 216 inactive connections
15:53:21.357 [reactor-http-nio-48] DEBUG reactor.netty.http.client.HttpClientOperations - [id: 0xa530ca4b, L:/127.0.0.1:51886 - R:localhost/127.0.0.1:8083] Received response (auto-read:false) : [Content-Type=application/json, Transfer-Encoding=chunked, Date=Wed, 15 Jun 2022 14:53:20 GMT]
15:53:21.357 [reactor-http-nio-48] DEBUG reactor.netty.resources.PooledConnectionProvider - [id: 0xa530ca4b, L:/127.0.0.1:51886 - R:localhost/127.0.0.1:8083] onStateChange(GET{uri=/userLocation?userId=50a41b1a-62be-4da6-ac9f-eed3d3f18e8a, connection=PooledConnection{channel=[id: 0xa530ca4b, L:/127.0.0.1:51886 - R:localhost/127.0.0.1:8083]}}, [response_received])
15:53:21.357 [reactor-http-nio-48] DEBUG org.springframework.web.reactive.function.client.ExchangeFunctions - [5c2d4600] Response 200 OK
15:53:21.357 [reactor-http-nio-41] DEBUG reactor.netty.resources.PooledConnectionProvider - [id: 0x363ce47f, L:/127.0.0.1:51925 - R:localhost/127.0.0.1:8083] onStateChange(GET{uri=/attractions, connection=PooledConnection{channel=[id: 0x363ce47f, L:/127.0.0.1:51925 - R:localhost/127.0.0.1:8083]}}, [request_sent])
15:53:21.357 [reactor-http-nio-48] DEBUG reactor.netty.channel.FluxReceive - [id: 0xa530ca4b, L:/127.0.0.1:51886 - R:localhost/127.0.0.1:8083] Subscribing inbound receiver [pending: 0, cancelled:false, inboundDone: false]
15:53:21.357 [reactor-http-nio-48] DEBUG reactor.netty.http.client.HttpClientOperations - [id: 0xa530ca4b, L:/127.0.0.1:51886 - R:localhost/127.0.0.1:8083] Received last HTTP packet
15:53:21.357 [reactor-http-nio-48] DEBUG org.springframework.core.codec.StringDecoder - [5c2d4600] Decoded "{"userId":"50a41b1a-62be-4da6-ac9f-eed3d3f18e8a","location":{"longitude":143.815235,"latitude":62.8 (truncated)...
15:53:21.357 [reactor-http-nio-48] DEBUG reactor.netty.resources.PooledConnectionProvider - [id: 0xa530ca4b, L:/127.0.0.1:51886 - R:localhost/127.0.0.1:8083] onStateChange(GET{uri=/userLocation?userId=50a41b1a-62be-4da6-ac9f-eed3d3f18e8a, connection=PooledConnection{channel=[id: 0xa530ca4b, L:/127.0.0.1:51886 - R:localhost/127.0.0.1:8083]}}, [disconnecting])
15:53:21.357 [reactor-http-nio-48] DEBUG reactor.netty.resources.PooledConnectionProvider - [id: 0xa530ca4b, L:/127.0.0.1:51886 - R:localhost/127.0.0.1:8083] Releasing channel
15:53:21.357 [reactor-http-nio-41] DEBUG reactor.netty.http.client.HttpClientOperations - [id: 0x91ccb779, L:/127.0.0.1:51713 - R:localhost/127.0.0.1:8083] Received response (auto-read:false) : [Content-Type=application/json, Transfer-Encoding=chunked, Date=Wed, 15 Jun 2022 14:53:20 GMT]
15:53:21.357 [reactor-http-nio-41] DEBUG reactor.netty.resources.PooledConnectionProvider - [id: 0x91ccb779, L:/127.0.0.1:51713 - R:localhost/127.0.0.1:8083] onStateChange(GET{uri=/userLocation?userId=e04e5aeb-ccc6-4d35-8a49-8d67eced0466, connection=PooledConnection{channel=[id: 0x91ccb779, L:/127.0.0.1:51713 - R:localhost/127.0.0.1:8083]}}, [response_received])
15:53:21.357 [reactor-http-nio-48] DEBUG reactor.netty.resources.PooledConnectionProvider - [id: 0xa530ca4b, L:/127.0.0.1:51886 - R:localhost/127.0.0.1:8083] Channel cleaned, now 84 active connections and 217 inactive connections
15:53:21.357 [reactor-http-nio-41] DEBUG org.springframework.web.reactive.function.client.ExchangeFunctions - [2266a63a] Response 200 OK
15:53:21.358 [reactor-http-nio-41] DEBUG reactor.netty.channel.FluxReceive - [id: 0x91ccb779, L:/127.0.0.1:51713 - R:localhost/127.0.0.1:8083] Subscribing inbound receiver [pending: 0, cancelled:false, inboundDone: false]
15:53:21.358 [reactor-http-nio-41] DEBUG reactor.netty.http.client.HttpClientOperations - [id: 0x91ccb779, L:/127.0.0.1:51713 - R:localhost/127.0.0.1:8083] Received last HTTP packet
15:53:21.358 [reactor-http-nio-41] DEBUG org.springframework.core.codec.StringDecoder - [2266a63a] Decoded "{"userId":"e04e5aeb-ccc6-4d35-8a49-8d67eced0466","location":{"longitude":-99.289716,"latitude":19.4 (truncated)...
15:53:21.358 [reactor-http-nio-41] DEBUG reactor.netty.resources.PooledConnectionProvider - [id: 0x91ccb779, L:/127.0.0.1:51713 - R:localhost/127.0.0.1:8083] onStateChange(GET{uri=/userLocation?userId=e04e5aeb-ccc6-4d35-8a49-8d67eced0466, connection=PooledConnection{channel=[id: 0x91ccb779, L:/127.0.0.1:51713 - R:localhost/127.0.0.1:8083]}}, [disconnecting])
15:53:21.358 [reactor-http-nio-41] DEBUG reactor.netty.resources.PooledConnectionProvider - [id: 0x91ccb779, L:/127.0.0.1:51713 - R:localhost/127.0.0.1:8083] Releasing channel
15:53:21.358 [reactor-http-nio-41] DEBUG reactor.netty.resources.PooledConnectionProvider - [id: 0x91ccb779, L:/127.0.0.1:51713 - R:localhost/127.0.0.1:8083] Channel cleaned, now 83 active connections and 218 inactive connections
15:53:21.359 [pool-17-thread-72] INFO tourGuide.service.TourGuideService - visitedLocatio tourGuide.gpsUtil.VisitedLocation@52eaa3f5
15:53:21.359 [pool-17-thread-72] DEBUG org.springframework.web.reactive.function.client.ExchangeFunctions - [56d52d70] HTTP GET http://localhost:8083/attractions
15:53:21.359 [pool-17-thread-62] INFO tourGuide.service.TourGuideService - visitedLocatio tourGuide.gpsUtil.VisitedLocation@2ca15c06
15:53:21.359 [pool-17-thread-62] DEBUG org.springframework.web.reactive.function.client.ExchangeFunctions - [289ecd4a] HTTP GET http://localhost:8083/attractions
15:53:21.359 [pool-17-thread-65] INFO tourGuide.service.TourGuideService - visitedLocatio tourGuide.gpsUtil.VisitedLocation@690bca3e
15:53:21.360 [pool-17-thread-65] DEBUG org.springframework.web.reactive.function.client.ExchangeFunctions - [6d3453c7] HTTP GET http://localhost:8083/attractions
15:53:21.362 [reactor-http-nio-41] DEBUG reactor.netty.resources.PooledConnectionProvider - [id: 0x38682cba, L:/127.0.0.1:51715 - R:localhost/127.0.0.1:8083] Channel acquired, now 84 active connections and 217 inactive connections
15:53:21.362 [reactor-http-nio-41] DEBUG reactor.netty.http.client.HttpClientConnect - [id: 0x38682cba, L:/127.0.0.1:51715 - R:localhost/127.0.0.1:8083] Handler is being applied: {uri=http://localhost:8083/attractions, method=GET}
15:53:21.362 [reactor-http-nio-48] DEBUG reactor.netty.http.client.HttpClientOperations - [id: 0xa4f115eb, L:/127.0.0.1:51704 - R:localhost/127.0.0.1:8083] Received response (auto-read:false) : [Content-Type=application/json, Transfer-Encoding=chunked, Date=Wed, 15 Jun 2022 14:53:20 GMT]
15:53:21.362 [reactor-http-nio-48] DEBUG reactor.netty.resources.PooledConnectionProvider - [id: 0xa4f115eb, L:/127.0.0.1:51704 - R:localhost/127.0.0.1:8083] onStateChange(GET{uri=/userLocation?userId=e3458b85-4701-4529-8b17-d9be66044993, connection=PooledConnection{channel=[id: 0xa4f115eb, L:/127.0.0.1:51704 - R:localhost/127.0.0.1:8083]}}, [response_received])
15:53:21.363 [reactor-http-nio-48] DEBUG org.springframework.web.reactive.function.client.ExchangeFunctions - [304ff828] Response 200 OK
15:53:21.363 [reactor-http-nio-41] DEBUG reactor.netty.resources.PooledConnectionProvider - [id: 0x38682cba, L:/127.0.0.1:51715 - R:localhost/127.0.0.1:8083] onStateChange(GET{uri=/attractions, connection=PooledConnection{channel=[id: 0x38682cba, L:/127.0.0.1:51715 - R:localhost/127.0.0.1:8083]}}, [request_sent])
15:53:21.363 [reactor-http-nio-48] DEBUG reactor.netty.channel.FluxReceive - [id: 0xa4f115eb, L:/127.0.0.1:51704 - R:localhost/127.0.0.1:8083] Subscribing inbound receiver [pending: 0, cancelled:false, inboundDone: false]
15:53:21.364 [reactor-http-nio-47] DEBUG reactor.netty.resources.PooledConnectionProvider - [id: 0xd62fd8aa, L:/127.0.0.1:51857 - R:localhost/127.0.0.1:8083] Channel acquired, now 85 active connections and 216 inactive connections
15:53:21.364 [reactor-http-nio-47] DEBUG reactor.netty.http.client.HttpClientConnect - [id: 0xd62fd8aa, L:/127.0.0.1:51857 - R:localhost/127.0.0.1:8083] Handler is being applied: {uri=http://localhost:8083/attractions, method=GET}
15:53:21.364 [reactor-http-nio-47] DEBUG reactor.netty.resources.PooledConnectionProvider - [id: 0xd62fd8aa, L:/127.0.0.1:51857 - R:localhost/127.0.0.1:8083] onStateChange(GET{uri=/attractions, connection=PooledConnection{channel=[id: 0xd62fd8aa, L:/127.0.0.1:51857 - R:localhost/127.0.0.1:8083]}}, [request_sent])
15:53:21.365 [reactor-http-nio-47] DEBUG reactor.netty.http.client.HttpClientOperations - [id: 0xd7682ef3, L:/127.0.0.1:51841 - R:localhost/127.0.0.1:8083] Received response (auto-read:false) : [Content-Type=application/json, Transfer-Encoding=chunked, Date=Wed, 15 Jun 2022 14:53:20 GMT]
15:53:21.365 [reactor-http-nio-47] DEBUG reactor.netty.resources.PooledConnectionProvider - [id: 0xd7682ef3, L:/127.0.0.1:51841 - R:localhost/127.0.0.1:8083] onStateChange(GET{uri=/userLocation?userId=9b4e4dd5-0c04-4ecf-864c-671344456542, connection=PooledConnection{channel=[id: 0xd7682ef3, L:/127.0.0.1:51841 - R:localhost/127.0.0.1:8083]}}, [response_received])
15:53:21.365 [reactor-http-nio-47] DEBUG org.springframework.web.reactive.function.client.ExchangeFunctions - [2e21293f] Response 200 OK
15:53:21.365 [reactor-http-nio-41] DEBUG reactor.netty.resources.PooledConnectionProvider - [id: 0x710e34a5, L:/127.0.0.1:51709 - R:localhost/127.0.0.1:8083] Channel acquired, now 86 active connections and 215 inactive connections
15:53:21.365 [reactor-http-nio-41] DEBUG reactor.netty.http.client.HttpClientConnect - [id: 0x710e34a5, L:/127.0.0.1:51709 - R:localhost/127.0.0.1:8083] Handler is being applied: {uri=http://localhost:8083/attractions, method=GET}
15:53:21.365 [reactor-http-nio-47] DEBUG reactor.netty.channel.FluxReceive - [id: 0xd7682ef3, L:/127.0.0.1:51841 - R:localhost/127.0.0.1:8083] Subscribing inbound receiver [pending: 0, cancelled:false, inboundDone: false]
15:53:21.365 [reactor-http-nio-47] DEBUG reactor.netty.http.client.HttpClientOperations - [id: 0xd7682ef3, L:/127.0.0.1:51841 - R:localhost/127.0.0.1:8083] Received last HTTP packet
15:53:21.365 [reactor-http-nio-47] DEBUG org.springframework.core.codec.StringDecoder - [2e21293f] Decoded "{"userId":"9b4e4dd5-0c04-4ecf-864c-671344456542","location":{"longitude":51.157498,"latitude":-67.7 (truncated)...
15:53:21.365 [reactor-http-nio-47] DEBUG reactor.netty.resources.PooledConnectionProvider - [id: 0xd7682ef3, L:/127.0.0.1:51841 - R:localhost/127.0.0.1:8083] onStateChange(GET{uri=/userLocation?userId=9b4e4dd5-0c04-4ecf-864c-671344456542, connection=PooledConnection{channel=[id: 0xd7682ef3, L:/127.0.0.1:51841 - R:localhost/127.0.0.1:8083]}}, [disconnecting])
15:53:21.365 [reactor-http-nio-47] DEBUG reactor.netty.resources.PooledConnectionProvider - [id: 0xd7682ef3, L:/127.0.0.1:51841 - R:localhost/127.0.0.1:8083] Releasing channel
15:53:21.365 [reactor-http-nio-47] DEBUG reactor.netty.resources.PooledConnectionProvider - [id: 0xd7682ef3, L:/127.0.0.1:51841 - R:localhost/127.0.0.1:8083] Channel cleaned, now 85 active connections and 216 inactive connections
15:53:21.365 [reactor-http-nio-41] DEBUG reactor.netty.resources.PooledConnectionProvider - [id: 0x710e34a5, L:/127.0.0.1:51709 - R:localhost/127.0.0.1:8083] onStateChange(GET{uri=/attractions, connection=PooledConnection{channel=[id: 0x710e34a5, L:/127.0.0.1:51709 - R:localhost/127.0.0.1:8083]}}, [request_sent])
15:53:21.366 [pool-17-thread-55] INFO tourGuide.service.TourGuideService - visitedLocatio tourGuide.gpsUtil.VisitedLocation@20e6d28b
15:53:21.366 [reactor-http-nio-48] DEBUG reactor.netty.http.client.HttpClientOperations - [id: 0xa37fa9fc, L:/127.0.0.1:51894 - R:localhost/127.0.0.1:8083] Received response (auto-read:false) : [Content-Type=application/json, Transfer-Encoding=chunked, Date=Wed, 15 Jun 2022 14:53:20 GMT]
15:53:21.366 [reactor-http-nio-48] DEBUG reactor.netty.resources.PooledConnectionProvider - [id: 0xa37fa9fc, L:/127.0.0.1:51894 - R:localhost/127.0.0.1:8083] onStateChange(GET{uri=/userLocation?userId=5af058ca-30dd-4cbf-a634-1af3d213b42b, connection=PooledConnection{channel=[id: 0xa37fa9fc, L:/127.0.0.1:51894 - R:localhost/127.0.0.1:8083]}}, [response_received])
15:53:21.367 [reactor-http-nio-48] DEBUG org.springframework.web.reactive.function.client.ExchangeFunctions - [3a68da4b] Response 200 OK
15:53:21.367 [pool-17-thread-55] DEBUG org.springframework.web.reactive.function.client.ExchangeFunctions - [24d9424f] HTTP GET http://localhost:8083/attractions
15:53:21.367 [reactor-http-nio-48] DEBUG reactor.netty.channel.FluxReceive - [id: 0xa37fa9fc, L:/127.0.0.1:51894 - R:localhost/127.0.0.1:8083] Subscribing inbound receiver [pending: 0, cancelled:false, inboundDone: false]
15:53:21.368 [reactor-http-nio-46] DEBUG reactor.netty.http.client.HttpClientOperations - [id: 0x36ae5eff, L:/127.0.0.1:51822 - R:localhost/127.0.0.1:8083] Received response (auto-read:false) : [Content-Type=application/json, Transfer-Encoding=chunked, Date=Wed, 15 Jun 2022 14:53:20 GMT]
15:53:21.368 [reactor-http-nio-46] DEBUG reactor.netty.resources.PooledConnectionProvider - [id: 0x36ae5eff, L:/127.0.0.1:51822 - R:localhost/127.0.0.1:8083] onStateChange(GET{uri=/userLocation?userId=7eff2b65-cb28-42f7-a126-483a14dcffdf, connection=PooledConnection{channel=[id: 0x36ae5eff, L:/127.0.0.1:51822 - R:localhost/127.0.0.1:8083]}}, [response_received])
15:53:21.368 [reactor-http-nio-46] DEBUG org.springframework.web.reactive.function.client.ExchangeFunctions - [7d6f9f7a] Response 200 OK
15:53:21.368 [reactor-http-nio-46] DEBUG reactor.netty.channel.FluxReceive - [id: 0x36ae5eff, L:/127.0.0.1:51822 - R:localhost/127.0.0.1:8083] Subscribing inbound receiver [pending: 0, cancelled:false, inboundDone: false]
15:53:21.368 [reactor-http-nio-41] DEBUG reactor.netty.http.client.HttpClientOperations - [id: 0x1133f190, L:/127.0.0.1:51897 - R:localhost/127.0.0.1:8083] Received last HTTP packet
15:53:21.368 [reactor-http-nio-41] DEBUG org.springframework.core.codec.StringDecoder - [7254ddcc] Decoded "{"userId":"d5210bc5-fabf-4e94-92a6-f2caceaa6efd","location":{"longitude":-10.569801,"latitude":-56. (truncated)...
15:53:21.368 [reactor-http-nio-41] DEBUG reactor.netty.resources.PooledConnectionProvider - [id: 0x1133f190, L:/127.0.0.1:51897 - R:localhost/127.0.0.1:8083] onStateChange(GET{uri=/userLocation?userId=d5210bc5-fabf-4e94-92a6-f2caceaa6efd, connection=PooledConnection{channel=[id: 0x1133f190, L:/127.0.0.1:51897 - R:localhost/127.0.0.1:8083]}}, [disconnecting])
15:53:21.368 [reactor-http-nio-41] DEBUG reactor.netty.resources.PooledConnectionProvider - [id: 0x1133f190, L:/127.0.0.1:51897 - R:localhost/127.0.0.1:8083] Releasing channel
15:53:21.369 [reactor-http-nio-41] DEBUG reactor.netty.resources.PooledConnectionProvider - [id: 0x1133f190, L:/127.0.0.1:51897 - R:localhost/127.0.0.1:8083] Channel cleaned, now 84 active connections and 217 inactive connections
15:53:21.370 [reactor-http-nio-41] DEBUG reactor.netty.resources.PooledConnectionProvider - [id: 0x20fc71d3, L:/127.0.0.1:51915 - R:localhost/127.0.0.1:8083] Channel acquired, now 85 active connections and 216 inactive connections
15:53:21.370 [pool-17-thread-58] INFO tourGuide.service.TourGuideService - visitedLocatio tourGuide.gpsUtil.VisitedLocation@7c932df6
15:53:21.370 [reactor-http-nio-41] DEBUG reactor.netty.http.client.HttpClientConnect - [id: 0x20fc71d3, L:/127.0.0.1:51915 - R:localhost/127.0.0.1:8083] Handler is being applied: {uri=http://localhost:8083/attractions, method=GET}
15:53:21.370 [pool-17-thread-58] DEBUG org.springframework.web.reactive.function.client.ExchangeFunctions - [78acb6bc] HTTP GET http://localhost:8083/attractions
15:53:21.370 [reactor-http-nio-41] DEBUG reactor.netty.resources.PooledConnectionProvider - [id: 0x20fc71d3, L:/127.0.0.1:51915 - R:localhost/127.0.0.1:8083] onStateChange(GET{uri=/attractions, connection=PooledConnection{channel=[id: 0x20fc71d3, L:/127.0.0.1:51915 - R:localhost/127.0.0.1:8083]}}, [request_sent])
15:53:21.371 [reactor-http-nio-46] DEBUG reactor.netty.http.client.HttpClientOperations - [id: 0x36ae5eff, L:/127.0.0.1:51822 - R:localhost/127.0.0.1:8083] Received last HTTP packet
15:53:21.371 [reactor-http-nio-46] DEBUG org.springframework.core.codec.StringDecoder - [7d6f9f7a] Decoded "{"userId":"7eff2b65-cb28-42f7-a126-483a14dcffdf","location":{"longitude":39.589626,"latitude":-42.3 (truncated)...
15:53:21.371 [reactor-http-nio-46] DEBUG reactor.netty.resources.PooledConnectionProvider - [id: 0x36ae5eff, L:/127.0.0.1:51822 - R:localhost/127.0.0.1:8083] onStateChange(GET{uri=/userLocation?userId=7eff2b65-cb28-42f7-a126-483a14dcffdf, connection=PooledConnection{channel=[id: 0x36ae5eff, L:/127.0.0.1:51822 - R:localhost/127.0.0.1:8083]}}, [disconnecting])
15:53:21.371 [reactor-http-nio-46] DEBUG reactor.netty.resources.PooledConnectionProvider - [id: 0x36ae5eff, L:/127.0.0.1:51822 - R:localhost/127.0.0.1:8083] Releasing channel
15:53:21.371 [reactor-http-nio-46] DEBUG reactor.netty.resources.PooledConnectionProvider - [id: 0x36ae5eff, L:/127.0.0.1:51822 - R:localhost/127.0.0.1:8083] Channel cleaned, now 84 active connections and 217 inactive connections
15:53:21.372 [pool-17-thread-40] INFO tourGuide.service.TourGuideService - visitedLocatio tourGuide.gpsUtil.VisitedLocation@73a86ea7
15:53:21.372 [reactor-http-nio-41] DEBUG reactor.netty.http.client.HttpClientOperations - [id: 0x9cec33d8, L:/127.0.0.1:51722 - R:localhost/127.0.0.1:8083] Received response (auto-read:false) : [Content-Type=application/json, Transfer-Encoding=chunked, Date=Wed, 15 Jun 2022 14:53:20 GMT]
15:53:21.372 [reactor-http-nio-41] DEBUG reactor.netty.resources.PooledConnectionProvider - [id: 0x9cec33d8, L:/127.0.0.1:51722 - R:localhost/127.0.0.1:8083] onStateChange(GET{uri=/userLocation?userId=f35903b9-738f-4545-8c80-2829a0a0f04e, connection=PooledConnection{channel=[id: 0x9cec33d8, L:/127.0.0.1:51722 - R:localhost/127.0.0.1:8083]}}, [response_received])
15:53:21.372 [reactor-http-nio-41] DEBUG org.springframework.web.reactive.function.client.ExchangeFunctions - [270dac01] Response 200 OK
15:53:21.372 [reactor-http-nio-47] DEBUG reactor.netty.resources.PooledConnectionProvider - [id: 0xe35e117d, L:/127.0.0.1:51893 - R:localhost/127.0.0.1:8083] Channel acquired, now 85 active connections and 216 inactive connections
15:53:21.373 [reactor-http-nio-47] DEBUG reactor.netty.http.client.HttpClientConnect - [id: 0xe35e117d, L:/127.0.0.1:51893 - R:localhost/127.0.0.1:8083] Handler is being applied: {uri=http://localhost:8083/attractions, method=GET}
15:53:21.373 [pool-17-thread-40] DEBUG org.springframework.web.reactive.function.client.ExchangeFunctions - [7797f40a] HTTP GET http://localhost:8083/attractions
15:53:21.373 [reactor-http-nio-41] DEBUG reactor.netty.channel.FluxReceive - [id: 0x9cec33d8, L:/127.0.0.1:51722 - R:localhost/127.0.0.1:8083] Subscribing inbound receiver [pending: 0, cancelled:false, inboundDone: false]
15:53:21.373 [reactor-http-nio-47] DEBUG reactor.netty.resources.PooledConnectionProvider - [id: 0xe35e117d, L:/127.0.0.1:51893 - R:localhost/127.0.0.1:8083] onStateChange(GET{uri=/attractions, connection=PooledConnection{channel=[id: 0xe35e117d, L:/127.0.0.1:51893 - R:localhost/127.0.0.1:8083]}}, [request_sent])
15:53:21.374 [reactor-http-nio-41] DEBUG reactor.netty.http.client.HttpClientOperations - [id: 0x9cec33d8, L:/127.0.0.1:51722 - R:localhost/127.0.0.1:8083] Received last HTTP packet
15:53:21.374 [reactor-http-nio-41] DEBUG org.springframework.core.codec.StringDecoder - [270dac01] Decoded "{"userId":"f35903b9-738f-4545-8c80-2829a0a0f04e","location":{"longitude":133.896875,"latitude":-77. (truncated)...
15:53:21.374 [reactor-http-nio-41] DEBUG reactor.netty.resources.PooledConnectionProvider - [id: 0x9cec33d8, L:/127.0.0.1:51722 - R:localhost/127.0.0.1:8083] onStateChange(GET{uri=/userLocation?userId=f35903b9-738f-4545-8c80-2829a0a0f04e, connection=PooledConnection{channel=[id: 0x9cec33d8, L:/127.0.0.1:51722 - R:localhost/127.0.0.1:8083]}}, [disconnecting])
15:53:21.374 [reactor-http-nio-41] DEBUG reactor.netty.resources.PooledConnectionProvider - [id: 0x9cec33d8, L:/127.0.0.1:51722 - R:localhost/127.0.0.1:8083] Releasing channel
15:53:21.374 [reactor-http-nio-41] DEBUG reactor.netty.resources.PooledConnectionProvider - [id: 0x9cec33d8, L:/127.0.0.1:51722 - R:localhost/127.0.0.1:8083] Channel cleaned, now 84 active connections and 217 inactive connections
15:53:21.374 [reactor-http-nio-48] DEBUG reactor.netty.http.client.HttpClientOperations - [id: 0xa37fa9fc, L:/127.0.0.1:51894 - R:localhost/127.0.0.1:8083] Received last HTTP packet
15:53:21.374 [reactor-http-nio-48] DEBUG org.springframework.core.codec.StringDecoder - [3a68da4b] Decoded "{"userId":"5af058ca-30dd-4cbf-a634-1af3d213b42b","location":{"longitude":26.36374,"latitude":5.7990 (truncated)...
15:53:21.374 [reactor-http-nio-41] DEBUG reactor.netty.http.client.HttpClientOperations - [id: 0xfdd4189a, L:/127.0.0.1:51799 - R:localhost/127.0.0.1:8083] Received response (auto-read:false) : [Content-Type=application/json, Transfer-Encoding=chunked, Date=Wed, 15 Jun 2022 14:53:20 GMT]
15:53:21.374 [reactor-http-nio-48] DEBUG reactor.netty.resources.PooledConnectionProvider - [id: 0xa37fa9fc, L:/127.0.0.1:51894 - R:localhost/127.0.0.1:8083] onStateChange(GET{uri=/userLocation?userId=5af058ca-30dd-4cbf-a634-1af3d213b42b, connection=PooledConnection{channel=[id: 0xa37fa9fc, L:/127.0.0.1:51894 - R:localhost/127.0.0.1:8083]}}, [disconnecting])
15:53:21.374 [reactor-http-nio-48] DEBUG reactor.netty.resources.PooledConnectionProvider - [id: 0xa37fa9fc, L:/127.0.0.1:51894 - R:localhost/127.0.0.1:8083] Releasing channel
15:53:21.374 [reactor-http-nio-48] DEBUG reactor.netty.resources.PooledConnectionProvider - [id: 0xa37fa9fc, L:/127.0.0.1:51894 - R:localhost/127.0.0.1:8083] Channel cleaned, now 83 active connections and 218 inactive connections
15:53:21.374 [reactor-http-nio-41] DEBUG reactor.netty.resources.PooledConnectionProvider - [id: 0xfdd4189a, L:/127.0.0.1:51799 - R:localhost/127.0.0.1:8083] onStateChange(GET{uri=/userLocation?userId=498c8b1e-e82e-4040-af5a-35df862d7b14, connection=PooledConnection{channel=[id: 0xfdd4189a, L:/127.0.0.1:51799 - R:localhost/127.0.0.1:8083]}}, [response_received])
15:53:21.374 [reactor-http-nio-41] DEBUG org.springframework.web.reactive.function.client.ExchangeFunctions - [34218c96] Response 200 OK
15:53:21.374 [reactor-http-nio-41] DEBUG reactor.netty.channel.FluxReceive - [id: 0xfdd4189a, L:/127.0.0.1:51799 - R:localhost/127.0.0.1:8083] Subscribing inbound receiver [pending: 0, cancelled:false, inboundDone: false]
15:53:21.374 [reactor-http-nio-41] DEBUG reactor.netty.http.client.HttpClientOperations - [id: 0xf0244be7, L:/127.0.0.1:51921 - R:localhost/127.0.0.1:8083] Received response (auto-read:false) : [Content-Type=application/json, Transfer-Encoding=chunked, Date=Wed, 15 Jun 2022 14:53:20 GMT]
15:53:21.375 [reactor-http-nio-41] DEBUG reactor.netty.resources.PooledConnectionProvider - [id: 0xf0244be7, L:/127.0.0.1:51921 - R:localhost/127.0.0.1:8083] onStateChange(GET{uri=/userLocation?userId=5df1ac2f-6a0d-48b5-9ff1-e6071a45b006, connection=PooledConnection{channel=[id: 0xf0244be7, L:/127.0.0.1:51921 - R:localhost/127.0.0.1:8083]}}, [response_received])
15:53:21.375 [reactor-http-nio-41] DEBUG org.springframework.web.reactive.function.client.ExchangeFunctions - [7f121f52] Response 200 OK
15:53:21.375 [reactor-http-nio-41] DEBUG reactor.netty.channel.FluxReceive - [id: 0xf0244be7, L:/127.0.0.1:51921 - R:localhost/127.0.0.1:8083] Subscribing inbound receiver [pending: 0, cancelled:false, inboundDone: false]
15:53:21.375 [pool-17-thread-98] INFO tourGuide.service.TourGuideService - visitedLocatio tourGuide.gpsUtil.VisitedLocation@29ca5690
15:53:21.376 [pool-17-thread-43] INFO tourGuide.service.TourGuideService - visitedLocatio tourGuide.gpsUtil.VisitedLocation@34af2376
15:53:21.376 [pool-17-thread-98] DEBUG org.springframework.web.reactive.function.client.ExchangeFunctions - [2df5c771] HTTP GET http://localhost:8083/attractions
15:53:21.376 [reactor-http-nio-48] DEBUG reactor.netty.resources.PooledConnectionProvider - [id: 0x20783448, L:/127.0.0.1:51928 - R:localhost/127.0.0.1:8083] Channel acquired, now 84 active connections and 217 inactive connections
15:53:21.376 [reactor-http-nio-48] DEBUG reactor.netty.http.client.HttpClientConnect - [id: 0x20783448, L:/127.0.0.1:51928 - R:localhost/127.0.0.1:8083] Handler is being applied: {uri=http://localhost:8083/attractions, method=GET}
15:53:21.376 [pool-17-thread-43] DEBUG org.springframework.web.reactive.function.client.ExchangeFunctions - [3090b13b] HTTP GET http://localhost:8083/attractions
15:53:21.376 [reactor-http-nio-48] DEBUG reactor.netty.resources.PooledConnectionProvider - [id: 0x20783448, L:/127.0.0.1:51928 - R:localhost/127.0.0.1:8083] onStateChange(GET{uri=/attractions, connection=PooledConnection{channel=[id: 0x20783448, L:/127.0.0.1:51928 - R:localhost/127.0.0.1:8083]}}, [request_sent])
15:53:21.377 [reactor-http-nio-41] DEBUG reactor.netty.http.client.HttpClientOperations - [id: 0xf0244be7, L:/127.0.0.1:51921 - R:localhost/127.0.0.1:8083] Received last HTTP packet
15:53:21.377 [reactor-http-nio-41] DEBUG org.springframework.core.codec.StringDecoder - [7f121f52] Decoded "{"userId":"5df1ac2f-6a0d-48b5-9ff1-e6071a45b006","location":{"longitude":-20.753255,"latitude":49.8 (truncated)...
15:53:21.378 [reactor-http-nio-41] DEBUG reactor.netty.resources.PooledConnectionProvider - [id: 0xf0244be7, L:/127.0.0.1:51921 - R:localhost/127.0.0.1:8083] onStateChange(GET{uri=/userLocation?userId=5df1ac2f-6a0d-48b5-9ff1-e6071a45b006, connection=PooledConnection{channel=[id: 0xf0244be7, L:/127.0.0.1:51921 - R:localhost/127.0.0.1:8083]}}, [disconnecting])
15:53:21.378 [reactor-http-nio-41] DEBUG reactor.netty.resources.PooledConnectionProvider - [id: 0xf0244be7, L:/127.0.0.1:51921 - R:localhost/127.0.0.1:8083] Releasing channel
15:53:21.378 [reactor-http-nio-41] DEBUG reactor.netty.resources.PooledConnectionProvider - [id: 0xf0244be7, L:/127.0.0.1:51921 - R:localhost/127.0.0.1:8083] Channel cleaned, now 83 active connections and 218 inactive connections
15:53:21.378 [reactor-http-nio-41] DEBUG reactor.netty.http.client.HttpClientOperations - [id: 0x03dc54cb, L:/127.0.0.1:51901 - R:localhost/127.0.0.1:8083] Received response (auto-read:false) : [Content-Type=application/json, Transfer-Encoding=chunked, Date=Wed, 15 Jun 2022 14:53:20 GMT]
15:53:21.378 [reactor-http-nio-41] DEBUG reactor.netty.resources.PooledConnectionProvider - [id: 0x03dc54cb, L:/127.0.0.1:51901 - R:localhost/127.0.0.1:8083] onStateChange(GET{uri=/userLocation?userId=61c00921-c458-4935-8f16-4b93564af1b2, connection=PooledConnection{channel=[id: 0x03dc54cb, L:/127.0.0.1:51901 - R:localhost/127.0.0.1:8083]}}, [response_received])
15:53:21.378 [reactor-http-nio-41] DEBUG org.springframework.web.reactive.function.client.ExchangeFunctions - [59750818] Response 200 OK
15:53:21.378 [reactor-http-nio-41] DEBUG reactor.netty.channel.FluxReceive - [id: 0x03dc54cb, L:/127.0.0.1:51901 - R:localhost/127.0.0.1:8083] Subscribing inbound receiver [pending: 0, cancelled:false, inboundDone: false]
15:53:21.379 [reactor-http-nio-47] DEBUG reactor.netty.resources.PooledConnectionProvider - [id: 0xaeb3e815, L:/127.0.0.1:51887 - R:localhost/127.0.0.1:8083] Channel acquired, now 84 active connections and 217 inactive connections
15:53:21.379 [reactor-http-nio-47] DEBUG reactor.netty.http.client.HttpClientConnect - [id: 0xaeb3e815, L:/127.0.0.1:51887 - R:localhost/127.0.0.1:8083] Handler is being applied: {uri=http://localhost:8083/attractions, method=GET}
15:53:21.380 [reactor-http-nio-47] DEBUG reactor.netty.resources.PooledConnectionProvider - [id: 0xaeb3e815, L:/127.0.0.1:51887 - R:localhost/127.0.0.1:8083] onStateChange(GET{uri=/attractions, connection=PooledConnection{channel=[id: 0xaeb3e815, L:/127.0.0.1:51887 - R:localhost/127.0.0.1:8083]}}, [request_sent])
15:53:21.380 [reactor-http-nio-46] DEBUG reactor.netty.resources.PooledConnectionProvider - [id: 0x8e4bf8f0, L:/127.0.0.1:51754 - R:localhost/127.0.0.1:8083] Channel acquired, now 85 active connections and 216 inactive connections
15:53:21.380 [reactor-http-nio-46] DEBUG reactor.netty.http.client.HttpClientConnect - [id: 0x8e4bf8f0, L:/127.0.0.1:51754 - R:localhost/127.0.0.1:8083] Handler is being applied: {uri=http://localhost:8083/attractions, method=GET}
15:53:21.380 [reactor-http-nio-46] DEBUG reactor.netty.resources.PooledConnectionProvider - [id: 0x8e4bf8f0, L:/127.0.0.1:51754 - R:localhost/127.0.0.1:8083] onStateChange(GET{uri=/attractions, connection=PooledConnection{channel=[id: 0x8e4bf8f0, L:/127.0.0.1:51754 - R:localhost/127.0.0.1:8083]}}, [request_sent])
15:53:21.380 [pool-17-thread-83] INFO tourGuide.service.TourGuideService - visitedLocatio tourGuide.gpsUtil.VisitedLocation@71d5eec0
15:53:21.381 [pool-17-thread-83] DEBUG org.springframework.web.reactive.function.client.ExchangeFunctions - [75ea7422] HTTP GET http://localhost:8083/attractions
15:53:21.382 [reactor-http-nio-41] DEBUG reactor.netty.http.client.HttpClientOperations - [id: 0x03dc54cb, L:/127.0.0.1:51901 - R:localhost/127.0.0.1:8083] Received last HTTP packet
15:53:21.382 [reactor-http-nio-41] DEBUG org.springframework.core.codec.StringDecoder - [59750818] Decoded "{"userId":"61c00921-c458-4935-8f16-4b93564af1b2","location":{"longitude":-11.394305,"latitude":-51. (truncated)...
15:53:21.382 [reactor-http-nio-41] DEBUG reactor.netty.resources.PooledConnectionProvider - [id: 0x03dc54cb, L:/127.0.0.1:51901 - R:localhost/127.0.0.1:8083] onStateChange(GET{uri=/userLocation?userId=61c00921-c458-4935-8f16-4b93564af1b2, connection=PooledConnection{channel=[id: 0x03dc54cb, L:/127.0.0.1:51901 - R:localhost/127.0.0.1:8083]}}, [disconnecting])
15:53:21.382 [reactor-http-nio-41] DEBUG reactor.netty.resources.PooledConnectionProvider - [id: 0x03dc54cb, L:/127.0.0.1:51901 - R:localhost/127.0.0.1:8083] Releasing channel
15:53:21.382 [reactor-http-nio-46] DEBUG reactor.netty.http.client.HttpClientOperations - [id: 0x3ccb8a7e, L:/127.0.0.1:51774 - R:localhost/127.0.0.1:8083] Received response (auto-read:false) : [Content-Type=application/json, Transfer-Encoding=chunked, Date=Wed, 15 Jun 2022 14:53:20 GMT]
15:53:21.382 [reactor-http-nio-41] DEBUG reactor.netty.resources.PooledConnectionProvider - [id: 0x03dc54cb, L:/127.0.0.1:51901 - R:localhost/127.0.0.1:8083] Channel cleaned, now 84 active connections and 217 inactive connections
15:53:21.382 [reactor-http-nio-46] DEBUG reactor.netty.resources.PooledConnectionProvider - [id: 0x3ccb8a7e, L:/127.0.0.1:51774 - R:localhost/127.0.0.1:8083] onStateChange(GET{uri=/userLocation?userId=edb3c3d9-c3d6-49ca-bf63-0144f5b76ac8, connection=PooledConnection{channel=[id: 0x3ccb8a7e, L:/127.0.0.1:51774 - R:localhost/127.0.0.1:8083]}}, [response_received])
15:53:21.382 [reactor-http-nio-46] DEBUG org.springframework.web.reactive.function.client.ExchangeFunctions - [3a7a3211] Response 200 OK
15:53:21.382 [reactor-http-nio-46] DEBUG reactor.netty.channel.FluxReceive - [id: 0x3ccb8a7e, L:/127.0.0.1:51774 - R:localhost/127.0.0.1:8083] Subscribing inbound receiver [pending: 0, cancelled:false, inboundDone: false]
15:53:21.382 [reactor-http-nio-48] DEBUG reactor.netty.resources.PooledConnectionProvider - [id: 0xa3c72883, L:/127.0.0.1:51976 - R:localhost/127.0.0.1:8083] Channel acquired, now 85 active connections and 216 inactive connections
15:53:21.382 [reactor-http-nio-48] DEBUG reactor.netty.http.client.HttpClientConnect - [id: 0xa3c72883, L:/127.0.0.1:51976 - R:localhost/127.0.0.1:8083] Handler is being applied: {uri=http://localhost:8083/attractions, method=GET}
15:53:21.383 [reactor-http-nio-48] DEBUG reactor.netty.resources.PooledConnectionProvider - [id: 0xa3c72883, L:/127.0.0.1:51976 - R:localhost/127.0.0.1:8083] onStateChange(GET{uri=/attractions, connection=PooledConnection{channel=[id: 0xa3c72883, L:/127.0.0.1:51976 - R:localhost/127.0.0.1:8083]}}, [request_sent])
15:53:21.383 [pool-17-thread-101] INFO tourGuide.service.TourGuideService - visitedLocatio tourGuide.gpsUtil.VisitedLocation@57b2ed46
15:53:21.383 [pool-17-thread-101] DEBUG org.springframework.web.reactive.function.client.ExchangeFunctions - [538d6368] HTTP GET http://localhost:8083/attractions
15:53:21.383 [reactor-http-nio-41] DEBUG reactor.netty.http.client.HttpClientOperations - [id: 0xfdd4189a, L:/127.0.0.1:51799 - R:localhost/127.0.0.1:8083] Received last HTTP packet
15:53:21.383 [reactor-http-nio-46] DEBUG reactor.netty.http.client.HttpClientOperations - [id: 0x3ccb8a7e, L:/127.0.0.1:51774 - R:localhost/127.0.0.1:8083] Received last HTTP packet
15:53:21.383 [reactor-http-nio-41] DEBUG org.springframework.core.codec.StringDecoder - [34218c96] Decoded "{"userId":"498c8b1e-e82e-4040-af5a-35df862d7b14","location":{"longitude":-57.073655,"latitude":77.0 (truncated)...
15:53:21.383 [reactor-http-nio-46] DEBUG org.springframework.core.codec.StringDecoder - [3a7a3211] Decoded "{"userId":"edb3c3d9-c3d6-49ca-bf63-0144f5b76ac8","location":{"longitude":-178.281572,"latitude":-56 (truncated)...
15:53:21.384 [reactor-http-nio-41] DEBUG reactor.netty.resources.PooledConnectionProvider - [id: 0xfdd4189a, L:/127.0.0.1:51799 - R:localhost/127.0.0.1:8083] onStateChange(GET{uri=/userLocation?userId=498c8b1e-e82e-4040-af5a-35df862d7b14, connection=PooledConnection{channel=[id: 0xfdd4189a, L:/127.0.0.1:51799 - R:localhost/127.0.0.1:8083]}}, [disconnecting])
15:53:21.384 [reactor-http-nio-41] DEBUG reactor.netty.resources.PooledConnectionProvider - [id: 0xfdd4189a, L:/127.0.0.1:51799 - R:localhost/127.0.0.1:8083] Releasing channel
15:53:21.384 [reactor-http-nio-46] DEBUG reactor.netty.resources.PooledConnectionProvider - [id: 0x3ccb8a7e, L:/127.0.0.1:51774 - R:localhost/127.0.0.1:8083] onStateChange(GET{uri=/userLocation?userId=edb3c3d9-c3d6-49ca-bf63-0144f5b76ac8, connection=PooledConnection{channel=[id: 0x3ccb8a7e, L:/127.0.0.1:51774 - R:localhost/127.0.0.1:8083]}}, [disconnecting])
15:53:21.384 [reactor-http-nio-46] DEBUG reactor.netty.resources.PooledConnectionProvider - [id: 0x3ccb8a7e, L:/127.0.0.1:51774 - R:localhost/127.0.0.1:8083] Releasing channel
15:53:21.384 [reactor-http-nio-46] DEBUG reactor.netty.resources.PooledConnectionProvider - [id: 0x3ccb8a7e, L:/127.0.0.1:51774 - R:localhost/127.0.0.1:8083] Channel cleaned, now 83 active connections and 218 inactive connections
15:53:21.384 [reactor-http-nio-41] DEBUG reactor.netty.resources.PooledConnectionProvider - [id: 0xfdd4189a, L:/127.0.0.1:51799 - R:localhost/127.0.0.1:8083] Channel cleaned, now 84 active connections and 217 inactive connections
15:53:21.384 [pool-17-thread-37] INFO tourGuide.service.TourGuideService - visitedLocatio tourGuide.gpsUtil.VisitedLocation@34bdcb2e
15:53:21.384 [pool-17-thread-92] INFO tourGuide.service.TourGuideService - visitedLocatio tourGuide.gpsUtil.VisitedLocation@3ae67462
15:53:21.385 [pool-17-thread-37] DEBUG org.springframework.web.reactive.function.client.ExchangeFunctions - [30825961] HTTP GET http://localhost:8083/attractions
15:53:21.385 [pool-17-thread-92] DEBUG org.springframework.web.reactive.function.client.ExchangeFunctions - [3ed9e7e6] HTTP GET http://localhost:8083/attractions
15:53:21.386 [reactor-http-nio-47] DEBUG reactor.netty.resources.PooledConnectionProvider - [id: 0xd987e438, L:/127.0.0.1:51866 - R:localhost/127.0.0.1:8083] Channel acquired, now 84 active connections and 217 inactive connections
15:53:21.386 [reactor-http-nio-47] DEBUG reactor.netty.http.client.HttpClientConnect - [id: 0xd987e438, L:/127.0.0.1:51866 - R:localhost/127.0.0.1:8083] Handler is being applied: {uri=http://localhost:8083/attractions, method=GET}
15:53:21.386 [reactor-http-nio-46] DEBUG reactor.netty.http.client.HttpClientOperations - [id: 0x4be48215, L:/127.0.0.1:51749 - R:localhost/127.0.0.1:8083] Received response (auto-read:false) : [Content-Type=application/json, Transfer-Encoding=chunked, Date=Wed, 15 Jun 2022 14:53:20 GMT]
15:53:21.386 [reactor-http-nio-46] DEBUG reactor.netty.resources.PooledConnectionProvider - [id: 0x4be48215, L:/127.0.0.1:51749 - R:localhost/127.0.0.1:8083] onStateChange(GET{uri=/userLocation?userId=f4728d2f-64e6-4255-9785-aad3a2e5f509, connection=PooledConnection{channel=[id: 0x4be48215, L:/127.0.0.1:51749 - R:localhost/127.0.0.1:8083]}}, [response_received])
15:53:21.386 [reactor-http-nio-47] DEBUG reactor.netty.resources.PooledConnectionProvider - [id: 0xd987e438, L:/127.0.0.1:51866 - R:localhost/127.0.0.1:8083] onStateChange(GET{uri=/attractions, connection=PooledConnection{channel=[id: 0xd987e438, L:/127.0.0.1:51866 - R:localhost/127.0.0.1:8083]}}, [request_sent])
15:53:21.386 [reactor-http-nio-46] DEBUG org.springframework.web.reactive.function.client.ExchangeFunctions - [45db5e6d] Response 200 OK
15:53:21.386 [reactor-http-nio-41] DEBUG reactor.netty.http.client.HttpClientOperations - [id: 0xe848c2c1, L:/127.0.0.1:51736 - R:localhost/127.0.0.1:8083] Received response (auto-read:false) : [Content-Type=application/json, Transfer-Encoding=chunked, Date=Wed, 15 Jun 2022 14:53:20 GMT]
15:53:21.386 [reactor-http-nio-41] DEBUG reactor.netty.resources.PooledConnectionProvider - [id: 0xe848c2c1, L:/127.0.0.1:51736 - R:localhost/127.0.0.1:8083] onStateChange(GET{uri=/userLocation?userId=81c193fe-fbe5-4fa7-91c6-0cc92b70f2f6, connection=PooledConnection{channel=[id: 0xe848c2c1, L:/127.0.0.1:51736 - R:localhost/127.0.0.1:8083]}}, [response_received])
15:53:21.386 [reactor-http-nio-41] DEBUG org.springframework.web.reactive.function.client.ExchangeFunctions - [77166f39] Response 200 OK
15:53:21.386 [reactor-http-nio-46] DEBUG reactor.netty.channel.FluxReceive - [id: 0x4be48215, L:/127.0.0.1:51749 - R:localhost/127.0.0.1:8083] Subscribing inbound receiver [pending: 0, cancelled:false, inboundDone: false]
15:53:21.386 [reactor-http-nio-41] DEBUG reactor.netty.channel.FluxReceive - [id: 0xe848c2c1, L:/127.0.0.1:51736 - R:localhost/127.0.0.1:8083] Subscribing inbound receiver [pending: 0, cancelled:false, inboundDone: false]
15:53:21.387 [reactor-http-nio-46] DEBUG reactor.netty.http.client.HttpClientOperations - [id: 0x4be48215, L:/127.0.0.1:51749 - R:localhost/127.0.0.1:8083] Received last HTTP packet
15:53:21.387 [reactor-http-nio-46] DEBUG org.springframework.core.codec.StringDecoder - [45db5e6d] Decoded "{"userId":"f4728d2f-64e6-4255-9785-aad3a2e5f509","location":{"longitude":139.690983,"latitude":-45. (truncated)...
15:53:21.387 [reactor-http-nio-46] DEBUG reactor.netty.resources.PooledConnectionProvider - [id: 0x4be48215, L:/127.0.0.1:51749 - R:localhost/127.0.0.1:8083] onStateChange(GET{uri=/userLocation?userId=f4728d2f-64e6-4255-9785-aad3a2e5f509, connection=PooledConnection{channel=[id: 0x4be48215, L:/127.0.0.1:51749 - R:localhost/127.0.0.1:8083]}}, [disconnecting])
15:53:21.387 [reactor-http-nio-46] DEBUG reactor.netty.resources.PooledConnectionProvider - [id: 0x4be48215, L:/127.0.0.1:51749 - R:localhost/127.0.0.1:8083] Releasing channel
15:53:21.387 [reactor-http-nio-46] DEBUG reactor.netty.resources.PooledConnectionProvider - [id: 0x4be48215, L:/127.0.0.1:51749 - R:localhost/127.0.0.1:8083] Channel cleaned, now 83 active connections and 218 inactive connections
15:53:21.387 [reactor-http-nio-48] DEBUG reactor.netty.resources.PooledConnectionProvider - [id: 0xc9744fd6, L:/127.0.0.1:51978 - R:localhost/127.0.0.1:8083] Channel acquired, now 84 active connections and 217 inactive connections
15:53:21.387 [reactor-http-nio-48] DEBUG reactor.netty.http.client.HttpClientConnect - [id: 0xc9744fd6, L:/127.0.0.1:51978 - R:localhost/127.0.0.1:8083] Handler is being applied: {uri=http://localhost:8083/attractions, method=GET}
15:53:21.388 [reactor-http-nio-48] DEBUG reactor.netty.resources.PooledConnectionProvider - [id: 0xc9744fd6, L:/127.0.0.1:51978 - R:localhost/127.0.0.1:8083] onStateChange(GET{uri=/attractions, connection=PooledConnection{channel=[id: 0xc9744fd6, L:/127.0.0.1:51978 - R:localhost/127.0.0.1:8083]}}, [request_sent])
15:53:21.388 [reactor-http-nio-48] DEBUG reactor.netty.resources.PooledConnectionProvider - [id: 0xbf312382, L:/127.0.0.1:51979 - R:localhost/127.0.0.1:8083] Channel acquired, now 85 active connections and 216 inactive connections
15:53:21.388 [reactor-http-nio-48] DEBUG reactor.netty.http.client.HttpClientConnect - [id: 0xbf312382, L:/127.0.0.1:51979 - R:localhost/127.0.0.1:8083] Handler is being applied: {uri=http://localhost:8083/attractions, method=GET}
15:53:21.388 [pool-17-thread-59] INFO tourGuide.service.TourGuideService - visitedLocatio tourGuide.gpsUtil.VisitedLocation@4b1ca8a6
15:53:21.388 [reactor-http-nio-48] DEBUG reactor.netty.resources.PooledConnectionProvider - [id: 0xbf312382, L:/127.0.0.1:51979 - R:localhost/127.0.0.1:8083] onStateChange(GET{uri=/attractions, connection=PooledConnection{channel=[id: 0xbf312382, L:/127.0.0.1:51979 - R:localhost/127.0.0.1:8083]}}, [request_sent])
15:53:21.389 [pool-17-thread-59] DEBUG org.springframework.web.reactive.function.client.ExchangeFunctions - [4f23351d] HTTP GET http://localhost:8083/attractions
15:53:21.390 [reactor-http-nio-41] DEBUG reactor.netty.http.client.HttpClientOperations - [id: 0xe848c2c1, L:/127.0.0.1:51736 - R:localhost/127.0.0.1:8083] Received last HTTP packet
15:53:21.390 [reactor-http-nio-48] DEBUG reactor.netty.http.client.HttpClientOperations - [id: 0x4146066f, L:/127.0.0.1:51904 - R:localhost/127.0.0.1:8083] Received response (auto-read:false) : [Content-Type=application/json, Transfer-Encoding=chunked, Date=Wed, 15 Jun 2022 14:53:20 GMT]
15:53:21.390 [reactor-http-nio-48] DEBUG reactor.netty.resources.PooledConnectionProvider - [id: 0x4146066f, L:/127.0.0.1:51904 - R:localhost/127.0.0.1:8083] onStateChange(GET{uri=/userLocation?userId=bf8d1421-da87-4e90-b5fc-f0c101a9aa12, connection=PooledConnection{channel=[id: 0x4146066f, L:/127.0.0.1:51904 - R:localhost/127.0.0.1:8083]}}, [response_received])
15:53:21.390 [reactor-http-nio-41] DEBUG org.springframework.core.codec.StringDecoder - [77166f39] Decoded "{"userId":"81c193fe-fbe5-4fa7-91c6-0cc92b70f2f6","location":{"longitude":-129.297048,"latitude":-4. (truncated)...
15:53:21.390 [reactor-http-nio-48] DEBUG org.springframework.web.reactive.function.client.ExchangeFunctions - [9231984] Response 200 OK
15:53:21.390 [reactor-http-nio-41] DEBUG reactor.netty.resources.PooledConnectionProvider - [id: 0xe848c2c1, L:/127.0.0.1:51736 - R:localhost/127.0.0.1:8083] onStateChange(GET{uri=/userLocation?userId=81c193fe-fbe5-4fa7-91c6-0cc92b70f2f6, connection=PooledConnection{channel=[id: 0xe848c2c1, L:/127.0.0.1:51736 - R:localhost/127.0.0.1:8083]}}, [disconnecting])
15:53:21.390 [reactor-http-nio-41] DEBUG reactor.netty.resources.PooledConnectionProvider - [id: 0xe848c2c1, L:/127.0.0.1:51736 - R:localhost/127.0.0.1:8083] Releasing channel
15:53:21.390 [reactor-http-nio-41] DEBUG reactor.netty.resources.PooledConnectionProvider - [id: 0xe848c2c1, L:/127.0.0.1:51736 - R:localhost/127.0.0.1:8083] Channel cleaned, now 84 active connections and 217 inactive connections
15:53:21.390 [reactor-http-nio-48] DEBUG reactor.netty.channel.FluxReceive - [id: 0x4146066f, L:/127.0.0.1:51904 - R:localhost/127.0.0.1:8083] Subscribing inbound receiver [pending: 0, cancelled:false, inboundDone: false]
15:53:21.390 [reactor-http-nio-41] DEBUG reactor.netty.http.client.HttpClientOperations - [id: 0x22744470, L:/127.0.0.1:51785 - R:localhost/127.0.0.1:8083] Received response (auto-read:false) : [Content-Type=application/json, Transfer-Encoding=chunked, Date=Wed, 15 Jun 2022 14:53:20 GMT]
15:53:21.390 [reactor-http-nio-41] DEBUG reactor.netty.resources.PooledConnectionProvider - [id: 0x22744470, L:/127.0.0.1:51785 - R:localhost/127.0.0.1:8083] onStateChange(GET{uri=/userLocation?userId=4e3c3db4-9baa-4fa8-91e0-fd2f6c262e38, connection=PooledConnection{channel=[id: 0x22744470, L:/127.0.0.1:51785 - R:localhost/127.0.0.1:8083]}}, [response_received])
15:53:21.390 [reactor-http-nio-48] DEBUG reactor.netty.http.client.HttpClientOperations - [id: 0x4146066f, L:/127.0.0.1:51904 - R:localhost/127.0.0.1:8083] Received last HTTP packet
15:53:21.390 [reactor-http-nio-41] DEBUG org.springframework.web.reactive.function.client.ExchangeFunctions - [a201253] Response 200 OK
15:53:21.390 [reactor-http-nio-41] DEBUG reactor.netty.channel.FluxReceive - [id: 0x22744470, L:/127.0.0.1:51785 - R:localhost/127.0.0.1:8083] Subscribing inbound receiver [pending: 0, cancelled:false, inboundDone: false]
15:53:21.391 [reactor-http-nio-48] DEBUG org.springframework.core.codec.StringDecoder - [9231984] Decoded "{"userId":"bf8d1421-da87-4e90-b5fc-f0c101a9aa12","location":{"longitude":-0.671786,"latitude":-6.51 (truncated)...
15:53:21.391 [reactor-http-nio-48] DEBUG reactor.netty.resources.PooledConnectionProvider - [id: 0x4146066f, L:/127.0.0.1:51904 - R:localhost/127.0.0.1:8083] onStateChange(GET{uri=/userLocation?userId=bf8d1421-da87-4e90-b5fc-f0c101a9aa12, connection=PooledConnection{channel=[id: 0x4146066f, L:/127.0.0.1:51904 - R:localhost/127.0.0.1:8083]}}, [disconnecting])
15:53:21.391 [reactor-http-nio-48] DEBUG reactor.netty.resources.PooledConnectionProvider - [id: 0x4146066f, L:/127.0.0.1:51904 - R:localhost/127.0.0.1:8083] Releasing channel
15:53:21.391 [reactor-http-nio-48] DEBUG reactor.netty.resources.PooledConnectionProvider - [id: 0x4146066f, L:/127.0.0.1:51904 - R:localhost/127.0.0.1:8083] Channel cleaned, now 83 active connections and 218 inactive connections
15:53:21.391 [reactor-http-nio-46] DEBUG reactor.netty.http.client.HttpClientOperations - [id: 0xf75a1396, L:/127.0.0.1:51746 - R:localhost/127.0.0.1:8083] Received response (auto-read:false) : [Content-Type=application/json, Transfer-Encoding=chunked, Date=Wed, 15 Jun 2022 14:53:20 GMT]
15:53:21.391 [reactor-http-nio-46] DEBUG reactor.netty.resources.PooledConnectionProvider - [id: 0xf75a1396, L:/127.0.0.1:51746 - R:localhost/127.0.0.1:8083] onStateChange(GET{uri=/userLocation?userId=34868ae4-05ca-471e-8c96-660de38db5d1, connection=PooledConnection{channel=[id: 0xf75a1396, L:/127.0.0.1:51746 - R:localhost/127.0.0.1:8083]}}, [response_received])
15:53:21.391 [reactor-http-nio-46] DEBUG org.springframework.web.reactive.function.client.ExchangeFunctions - [4db8e2f1] Response 200 OK
15:53:21.391 [reactor-http-nio-46] DEBUG reactor.netty.channel.FluxReceive - [id: 0xf75a1396, L:/127.0.0.1:51746 - R:localhost/127.0.0.1:8083] Subscribing inbound receiver [pending: 0, cancelled:false, inboundDone: false]
15:53:21.391 [reactor-http-nio-46] DEBUG reactor.netty.http.client.HttpClientOperations - [id: 0xe441070c, L:/127.0.0.1:51808 - R:localhost/127.0.0.1:8083] Received response (auto-read:false) : [Content-Type=application/json, Transfer-Encoding=chunked, Date=Wed, 15 Jun 2022 14:53:20 GMT]
15:53:21.391 [reactor-http-nio-46] DEBUG reactor.netty.resources.PooledConnectionProvider - [id: 0xe441070c, L:/127.0.0.1:51808 - R:localhost/127.0.0.1:8083] onStateChange(GET{uri=/userLocation?userId=5a86353c-3593-43ad-a277-c6aeec79593f, connection=PooledConnection{channel=[id: 0xe441070c, L:/127.0.0.1:51808 - R:localhost/127.0.0.1:8083]}}, [response_received])
15:53:21.392 [reactor-http-nio-46] DEBUG org.springframework.web.reactive.function.client.ExchangeFunctions - [5add2ed3] Response 200 OK
15:53:21.392 [reactor-http-nio-46] DEBUG reactor.netty.channel.FluxReceive - [id: 0xe441070c, L:/127.0.0.1:51808 - R:localhost/127.0.0.1:8083] Subscribing inbound receiver [pending: 0, cancelled:false, inboundDone: false]
15:53:21.392 [reactor-http-nio-46] DEBUG reactor.netty.http.client.HttpClientOperations - [id: 0xe441070c, L:/127.0.0.1:51808 - R:localhost/127.0.0.1:8083] Received last HTTP packet
15:53:21.392 [reactor-http-nio-46] DEBUG org.springframework.core.codec.StringDecoder - [5add2ed3] Decoded "{"userId":"5a86353c-3593-43ad-a277-c6aeec79593f","location":{"longitude":120.624543,"latitude":-38. (truncated)...
15:53:21.392 [reactor-http-nio-46] DEBUG reactor.netty.resources.PooledConnectionProvider - [id: 0xe441070c, L:/127.0.0.1:51808 - R:localhost/127.0.0.1:8083] onStateChange(GET{uri=/userLocation?userId=5a86353c-3593-43ad-a277-c6aeec79593f, connection=PooledConnection{channel=[id: 0xe441070c, L:/127.0.0.1:51808 - R:localhost/127.0.0.1:8083]}}, [disconnecting])
15:53:21.392 [reactor-http-nio-46] DEBUG reactor.netty.resources.PooledConnectionProvider - [id: 0xe441070c, L:/127.0.0.1:51808 - R:localhost/127.0.0.1:8083] Releasing channel
15:53:21.392 [reactor-http-nio-46] DEBUG reactor.netty.resources.PooledConnectionProvider - [id: 0xe441070c, L:/127.0.0.1:51808 - R:localhost/127.0.0.1:8083] Channel cleaned, now 82 active connections and 219 inactive connections
15:53:21.392 [reactor-http-nio-46] DEBUG reactor.netty.http.client.HttpClientOperations - [id: 0x13239c6a, L:/127.0.0.1:51810 - R:localhost/127.0.0.1:8083] Received response (auto-read:false) : [Content-Type=application/json, Transfer-Encoding=chunked, Date=Wed, 15 Jun 2022 14:53:20 GMT]
15:53:21.392 [reactor-http-nio-46] DEBUG reactor.netty.resources.PooledConnectionProvider - [id: 0x13239c6a, L:/127.0.0.1:51810 - R:localhost/127.0.0.1:8083] onStateChange(GET{uri=/userLocation?userId=4d3fd80d-2499-499c-b689-6bfd0a9c8355, connection=PooledConnection{channel=[id: 0x13239c6a, L:/127.0.0.1:51810 - R:localhost/127.0.0.1:8083]}}, [response_received])
15:53:21.392 [reactor-http-nio-46] DEBUG org.springframework.web.reactive.function.client.ExchangeFunctions - [79789f75] Response 200 OK
15:53:21.392 [reactor-http-nio-46] DEBUG reactor.netty.channel.FluxReceive - [id: 0x13239c6a, L:/127.0.0.1:51810 - R:localhost/127.0.0.1:8083] Subscribing inbound receiver [pending: 0, cancelled:false, inboundDone: false]
15:53:21.392 [reactor-http-nio-46] DEBUG reactor.netty.http.client.HttpClientOperations - [id: 0x13239c6a, L:/127.0.0.1:51810 - R:localhost/127.0.0.1:8083] Received last HTTP packet
15:53:21.392 [reactor-http-nio-46] DEBUG org.springframework.core.codec.StringDecoder - [79789f75] Decoded "{"userId":"4d3fd80d-2499-499c-b689-6bfd0a9c8355","location":{"longitude":-170.409533,"latitude":-44 (truncated)...
15:53:21.393 [reactor-http-nio-46] DEBUG reactor.netty.resources.PooledConnectionProvider - [id: 0x13239c6a, L:/127.0.0.1:51810 - R:localhost/127.0.0.1:8083] onStateChange(GET{uri=/userLocation?userId=4d3fd80d-2499-499c-b689-6bfd0a9c8355, connection=PooledConnection{channel=[id: 0x13239c6a, L:/127.0.0.1:51810 - R:localhost/127.0.0.1:8083]}}, [disconnecting])
15:53:21.393 [reactor-http-nio-46] DEBUG reactor.netty.resources.PooledConnectionProvider - [id: 0x13239c6a, L:/127.0.0.1:51810 - R:localhost/127.0.0.1:8083] Releasing channel
15:53:21.393 [reactor-http-nio-46] DEBUG reactor.netty.resources.PooledConnectionProvider - [id: 0x13239c6a, L:/127.0.0.1:51810 - R:localhost/127.0.0.1:8083] Channel cleaned, now 81 active connections and 220 inactive connections
15:53:21.393 [reactor-http-nio-46] DEBUG reactor.netty.resources.PooledConnectionProvider - [id: 0xdb79907c, L:/127.0.0.1:51947 - R:localhost/127.0.0.1:8083] Channel acquired, now 82 active connections and 219 inactive connections
15:53:21.393 [reactor-http-nio-46] DEBUG reactor.netty.http.client.HttpClientConnect - [id: 0xdb79907c, L:/127.0.0.1:51947 - R:localhost/127.0.0.1:8083] Handler is being applied: {uri=http://localhost:8083/attractions, method=GET}
15:53:21.393 [pool-17-thread-57] INFO tourGuide.service.TourGuideService - visitedLocatio tourGuide.gpsUtil.VisitedLocation@79d19fab
15:53:21.393 [reactor-http-nio-46] DEBUG reactor.netty.resources.PooledConnectionProvider - [id: 0xdb79907c, L:/127.0.0.1:51947 - R:localhost/127.0.0.1:8083] onStateChange(GET{uri=/attractions, connection=PooledConnection{channel=[id: 0xdb79907c, L:/127.0.0.1:51947 - R:localhost/127.0.0.1:8083]}}, [request_sent])
15:53:21.394 [pool-17-thread-48] INFO tourGuide.service.TourGuideService - visitedLocatio tourGuide.gpsUtil.VisitedLocation@7e4e6d0
15:53:21.395 [pool-17-thread-48] DEBUG org.springframework.web.reactive.function.client.ExchangeFunctions - [3db72f4] HTTP GET http://localhost:8083/attractions
15:53:21.395 [pool-17-thread-66] INFO tourGuide.service.TourGuideService - visitedLocatio tourGuide.gpsUtil.VisitedLocation@541acbf8
15:53:21.396 [pool-17-thread-66] DEBUG org.springframework.web.reactive.function.client.ExchangeFunctions - [502545a3] HTTP GET http://localhost:8083/attractions
15:53:21.396 [reactor-http-nio-41] DEBUG reactor.netty.resources.PooledConnectionProvider - [id: 0x4d5a5786, L:/127.0.0.1:51790 - R:localhost/127.0.0.1:8083] Channel acquired, now 83 active connections and 218 inactive connections
15:53:21.396 [reactor-http-nio-41] DEBUG reactor.netty.http.client.HttpClientConnect - [id: 0x4d5a5786, L:/127.0.0.1:51790 - R:localhost/127.0.0.1:8083] Handler is being applied: {uri=http://localhost:8083/attractions, method=GET}
15:53:21.396 [reactor-http-nio-41] DEBUG reactor.netty.resources.PooledConnectionProvider - [id: 0x4d5a5786, L:/127.0.0.1:51790 - R:localhost/127.0.0.1:8083] onStateChange(GET{uri=/attractions, connection=PooledConnection{channel=[id: 0x4d5a5786, L:/127.0.0.1:51790 - R:localhost/127.0.0.1:8083]}}, [request_sent])
15:53:21.398 [pool-17-thread-71] INFO tourGuide.service.TourGuideService - visitedLocatio tourGuide.gpsUtil.VisitedLocation@77bf6e2a
15:53:21.398 [pool-17-thread-71] DEBUG org.springframework.web.reactive.function.client.ExchangeFunctions - [7380f405] HTTP GET http://localhost:8083/attractions
15:53:21.393 [pool-17-thread-57] DEBUG org.springframework.web.reactive.function.client.ExchangeFunctions - [7dee0449] HTTP GET http://localhost:8083/attractions
15:53:21.398 [reactor-http-nio-47] DEBUG reactor.netty.resources.PooledConnectionProvider - [id: 0xf17c5cf9, L:/127.0.0.1:51688 - R:localhost/127.0.0.1:8083] Channel acquired, now 84 active connections and 217 inactive connections
15:53:21.398 [reactor-http-nio-47] DEBUG reactor.netty.http.client.HttpClientConnect - [id: 0xf17c5cf9, L:/127.0.0.1:51688 - R:localhost/127.0.0.1:8083] Handler is being applied: {uri=http://localhost:8083/attractions, method=GET}
15:53:21.399 [reactor-http-nio-47] DEBUG reactor.netty.resources.PooledConnectionProvider - [id: 0xf17c5cf9, L:/127.0.0.1:51688 - R:localhost/127.0.0.1:8083] onStateChange(GET{uri=/attractions, connection=PooledConnection{channel=[id: 0xf17c5cf9, L:/127.0.0.1:51688 - R:localhost/127.0.0.1:8083]}}, [request_sent])
15:53:21.399 [reactor-http-nio-47] DEBUG reactor.netty.resources.PooledConnectionProvider - [id: 0xb5cdea8a, L:/127.0.0.1:51872 - R:localhost/127.0.0.1:8083] Channel acquired, now 85 active connections and 216 inactive connections
15:53:21.399 [reactor-http-nio-47] DEBUG reactor.netty.http.client.HttpClientConnect - [id: 0xb5cdea8a, L:/127.0.0.1:51872 - R:localhost/127.0.0.1:8083] Handler is being applied: {uri=http://localhost:8083/attractions, method=GET}
15:53:21.399 [reactor-http-nio-47] DEBUG reactor.netty.resources.PooledConnectionProvider - [id: 0xb5cdea8a, L:/127.0.0.1:51872 - R:localhost/127.0.0.1:8083] onStateChange(GET{uri=/attractions, connection=PooledConnection{channel=[id: 0xb5cdea8a, L:/127.0.0.1:51872 - R:localhost/127.0.0.1:8083]}}, [request_sent])
15:53:21.400 [reactor-http-nio-48] DEBUG reactor.netty.resources.PooledConnectionProvider - [id: 0x6bf3117b, L:/127.0.0.1:51909 - R:localhost/127.0.0.1:8083] Channel acquired, now 86 active connections and 215 inactive connections
15:53:21.400 [reactor-http-nio-48] DEBUG reactor.netty.http.client.HttpClientConnect - [id: 0x6bf3117b, L:/127.0.0.1:51909 - R:localhost/127.0.0.1:8083] Handler is being applied: {uri=http://localhost:8083/attractions, method=GET}
15:53:21.401 [reactor-http-nio-48] DEBUG reactor.netty.resources.PooledConnectionProvider - [id: 0x6bf3117b, L:/127.0.0.1:51909 - R:localhost/127.0.0.1:8083] onStateChange(GET{uri=/attractions, connection=PooledConnection{channel=[id: 0x6bf3117b, L:/127.0.0.1:51909 - R:localhost/127.0.0.1:8083]}}, [request_sent])
15:53:21.401 [reactor-http-nio-46] DEBUG reactor.netty.http.client.HttpClientOperations - [id: 0xf75a1396, L:/127.0.0.1:51746 - R:localhost/127.0.0.1:8083] Received last HTTP packet
15:53:21.401 [reactor-http-nio-46] DEBUG org.springframework.core.codec.StringDecoder - [4db8e2f1] Decoded "{"userId":"34868ae4-05ca-471e-8c96-660de38db5d1","location":{"longitude":179.377817,"latitude":36.9 (truncated)...
15:53:21.401 [reactor-http-nio-46] DEBUG reactor.netty.resources.PooledConnectionProvider - [id: 0xf75a1396, L:/127.0.0.1:51746 - R:localhost/127.0.0.1:8083] onStateChange(GET{uri=/userLocation?userId=34868ae4-05ca-471e-8c96-660de38db5d1, connection=PooledConnection{channel=[id: 0xf75a1396, L:/127.0.0.1:51746 - R:localhost/127.0.0.1:8083]}}, [disconnecting])
15:53:21.401 [reactor-http-nio-46] DEBUG reactor.netty.resources.PooledConnectionProvider - [id: 0xf75a1396, L:/127.0.0.1:51746 - R:localhost/127.0.0.1:8083] Releasing channel
15:53:21.401 [reactor-http-nio-46] DEBUG reactor.netty.resources.PooledConnectionProvider - [id: 0xf75a1396, L:/127.0.0.1:51746 - R:localhost/127.0.0.1:8083] Channel cleaned, now 85 active connections and 216 inactive connections
15:53:21.401 [reactor-http-nio-41] DEBUG reactor.netty.http.client.HttpClientOperations - [id: 0x22744470, L:/127.0.0.1:51785 - R:localhost/127.0.0.1:8083] Received last HTTP packet
15:53:21.401 [reactor-http-nio-41] DEBUG org.springframework.core.codec.StringDecoder - [a201253] Decoded "{"userId":"4e3c3db4-9baa-4fa8-91e0-fd2f6c262e38","location":{"longitude":25.952821,"latitude":27.40 (truncated)...
15:53:21.401 [reactor-http-nio-41] DEBUG reactor.netty.resources.PooledConnectionProvider - [id: 0x22744470, L:/127.0.0.1:51785 - R:localhost/127.0.0.1:8083] onStateChange(GET{uri=/userLocation?userId=4e3c3db4-9baa-4fa8-91e0-fd2f6c262e38, connection=PooledConnection{channel=[id: 0x22744470, L:/127.0.0.1:51785 - R:localhost/127.0.0.1:8083]}}, [disconnecting])
15:53:21.401 [reactor-http-nio-41] DEBUG reactor.netty.resources.PooledConnectionProvider - [id: 0x22744470, L:/127.0.0.1:51785 - R:localhost/127.0.0.1:8083] Releasing channel
15:53:21.401 [reactor-http-nio-41] DEBUG reactor.netty.resources.PooledConnectionProvider - [id: 0x22744470, L:/127.0.0.1:51785 - R:localhost/127.0.0.1:8083] Channel cleaned, now 84 active connections and 217 inactive connections
15:53:21.402 [pool-17-thread-91] INFO tourGuide.service.TourGuideService - visitedLocatio tourGuide.gpsUtil.VisitedLocation@437f0536
15:53:21.402 [pool-17-thread-91] DEBUG org.springframework.web.reactive.function.client.ExchangeFunctions - [47408981] HTTP GET http://localhost:8083/attractions
15:53:21.403 [pool-17-thread-78] INFO tourGuide.service.TourGuideService - visitedLocatio tourGuide.gpsUtil.VisitedLocation@4e7fd67
15:53:21.403 [pool-17-thread-78] DEBUG org.springframework.web.reactive.function.client.ExchangeFunctions - [d87923] HTTP GET http://localhost:8083/attractions
15:53:21.405 [reactor-http-nio-47] DEBUG reactor.netty.resources.PooledConnectionProvider - [id: 0x4b4296d8, L:/127.0.0.1:51883 - R:localhost/127.0.0.1:8083] Channel acquired, now 85 active connections and 216 inactive connections
15:53:21.405 [reactor-http-nio-47] DEBUG reactor.netty.http.client.HttpClientConnect - [id: 0x4b4296d8, L:/127.0.0.1:51883 - R:localhost/127.0.0.1:8083] Handler is being applied: {uri=http://localhost:8083/attractions, method=GET}
15:53:21.405 [reactor-http-nio-46] DEBUG reactor.netty.http.client.HttpClientOperations - [id: 0x901633c4, L:/127.0.0.1:51815 - R:localhost/127.0.0.1:8083] Received response (auto-read:false) : [Content-Type=application/json, Transfer-Encoding=chunked, Date=Wed, 15 Jun 2022 14:53:20 GMT]
15:53:21.406 [reactor-http-nio-46] DEBUG reactor.netty.resources.PooledConnectionProvider - [id: 0x901633c4, L:/127.0.0.1:51815 - R:localhost/127.0.0.1:8083] onStateChange(GET{uri=/userLocation?userId=cd67e5dd-e55b-43c1-aac2-0856ffd1ae1f, connection=PooledConnection{channel=[id: 0x901633c4, L:/127.0.0.1:51815 - R:localhost/127.0.0.1:8083]}}, [response_received])
15:53:21.406 [reactor-http-nio-47] DEBUG reactor.netty.resources.PooledConnectionProvider - [id: 0x4b4296d8, L:/127.0.0.1:51883 - R:localhost/127.0.0.1:8083] onStateChange(GET{uri=/attractions, connection=PooledConnection{channel=[id: 0x4b4296d8, L:/127.0.0.1:51883 - R:localhost/127.0.0.1:8083]}}, [request_sent])
15:53:21.406 [reactor-http-nio-46] DEBUG org.springframework.web.reactive.function.client.ExchangeFunctions - [48ff40cb] Response 200 OK
15:53:21.406 [reactor-http-nio-47] DEBUG reactor.netty.resources.PooledConnectionProvider - [id: 0x792d5066, L:/127.0.0.1:51697 - R:localhost/127.0.0.1:8083] Channel acquired, now 86 active connections and 215 inactive connections
15:53:21.406 [reactor-http-nio-47] DEBUG reactor.netty.http.client.HttpClientConnect - [id: 0x792d5066, L:/127.0.0.1:51697 - R:localhost/127.0.0.1:8083] Handler is being applied: {uri=http://localhost:8083/attractions, method=GET}
15:53:21.406 [reactor-http-nio-46] DEBUG reactor.netty.channel.FluxReceive - [id: 0x901633c4, L:/127.0.0.1:51815 - R:localhost/127.0.0.1:8083] Subscribing inbound receiver [pending: 0, cancelled:false, inboundDone: false]
15:53:21.406 [reactor-http-nio-47] DEBUG reactor.netty.resources.PooledConnectionProvider - [id: 0x792d5066, L:/127.0.0.1:51697 - R:localhost/127.0.0.1:8083] onStateChange(GET{uri=/attractions, connection=PooledConnection{channel=[id: 0x792d5066, L:/127.0.0.1:51697 - R:localhost/127.0.0.1:8083]}}, [request_sent])
15:53:21.407 [reactor-http-nio-47] DEBUG reactor.netty.http.client.HttpClientOperations - [id: 0x89da56b3, L:/127.0.0.1:51895 - R:localhost/127.0.0.1:8083] Received response (auto-read:false) : [Content-Type=application/json, Transfer-Encoding=chunked, Date=Wed, 15 Jun 2022 14:53:20 GMT]
15:53:21.407 [reactor-http-nio-47] DEBUG reactor.netty.resources.PooledConnectionProvider - [id: 0x89da56b3, L:/127.0.0.1:51895 - R:localhost/127.0.0.1:8083] onStateChange(GET{uri=/userLocation?userId=a0f55db3-1ea7-41a2-9657-0e31bba2f18c, connection=PooledConnection{channel=[id: 0x89da56b3, L:/127.0.0.1:51895 - R:localhost/127.0.0.1:8083]}}, [response_received])
15:53:21.407 [reactor-http-nio-47] DEBUG org.springframework.web.reactive.function.client.ExchangeFunctions - [71a437e2] Response 200 OK
15:53:21.407 [reactor-http-nio-47] DEBUG reactor.netty.channel.FluxReceive - [id: 0x89da56b3, L:/127.0.0.1:51895 - R:localhost/127.0.0.1:8083] Subscribing inbound receiver [pending: 0, cancelled:false, inboundDone: false]
15:53:21.407 [reactor-http-nio-47] DEBUG reactor.netty.http.client.HttpClientOperations - [id: 0x89da56b3, L:/127.0.0.1:51895 - R:localhost/127.0.0.1:8083] Received last HTTP packet
15:53:21.407 [reactor-http-nio-47] DEBUG org.springframework.core.codec.StringDecoder - [71a437e2] Decoded "{"userId":"a0f55db3-1ea7-41a2-9657-0e31bba2f18c","location":{"longitude":-53.158199,"latitude":14.2 (truncated)...
15:53:21.407 [reactor-http-nio-47] DEBUG reactor.netty.resources.PooledConnectionProvider - [id: 0x89da56b3, L:/127.0.0.1:51895 - R:localhost/127.0.0.1:8083] onStateChange(GET{uri=/userLocation?userId=a0f55db3-1ea7-41a2-9657-0e31bba2f18c, connection=PooledConnection{channel=[id: 0x89da56b3, L:/127.0.0.1:51895 - R:localhost/127.0.0.1:8083]}}, [disconnecting])
15:53:21.407 [reactor-http-nio-47] DEBUG reactor.netty.resources.PooledConnectionProvider - [id: 0x89da56b3, L:/127.0.0.1:51895 - R:localhost/127.0.0.1:8083] Releasing channel
15:53:21.407 [reactor-http-nio-47] DEBUG reactor.netty.resources.PooledConnectionProvider - [id: 0x89da56b3, L:/127.0.0.1:51895 - R:localhost/127.0.0.1:8083] Channel cleaned, now 85 active connections and 216 inactive connections
15:53:21.408 [reactor-http-nio-46] DEBUG reactor.netty.http.client.HttpClientOperations - [id: 0x901633c4, L:/127.0.0.1:51815 - R:localhost/127.0.0.1:8083] Received last HTTP packet
15:53:21.408 [reactor-http-nio-46] DEBUG org.springframework.core.codec.StringDecoder - [48ff40cb] Decoded "{"userId":"cd67e5dd-e55b-43c1-aac2-0856ffd1ae1f","location":{"longitude":120.402949,"latitude":-63. (truncated)...
15:53:21.408 [reactor-http-nio-46] DEBUG reactor.netty.resources.PooledConnectionProvider - [id: 0x901633c4, L:/127.0.0.1:51815 - R:localhost/127.0.0.1:8083] onStateChange(GET{uri=/userLocation?userId=cd67e5dd-e55b-43c1-aac2-0856ffd1ae1f, connection=PooledConnection{channel=[id: 0x901633c4, L:/127.0.0.1:51815 - R:localhost/127.0.0.1:8083]}}, [disconnecting])
15:53:21.408 [reactor-http-nio-46] DEBUG reactor.netty.resources.PooledConnectionProvider - [id: 0x901633c4, L:/127.0.0.1:51815 - R:localhost/127.0.0.1:8083] Releasing channel
15:53:21.408 [reactor-http-nio-46] DEBUG reactor.netty.resources.PooledConnectionProvider - [id: 0x901633c4, L:/127.0.0.1:51815 - R:localhost/127.0.0.1:8083] Channel cleaned, now 84 active connections and 217 inactive connections
15:53:21.408 [pool-17-thread-32] INFO tourGuide.service.TourGuideService - visitedLocatio tourGuide.gpsUtil.VisitedLocation@7f63d7a6
15:53:21.408 [pool-17-thread-32] DEBUG org.springframework.web.reactive.function.client.ExchangeFunctions - [7b5c5c92] HTTP GET http://localhost:8083/attractions
15:53:21.411 [reactor-http-nio-47] DEBUG reactor.netty.resources.PooledConnectionProvider - [id: 0xccae12b7, L:/127.0.0.1:51874 - R:localhost/127.0.0.1:8083] Channel acquired, now 85 active connections and 216 inactive connections
15:53:21.411 [reactor-http-nio-47] DEBUG reactor.netty.http.client.HttpClientConnect - [id: 0xccae12b7, L:/127.0.0.1:51874 - R:localhost/127.0.0.1:8083] Handler is being applied: {uri=http://localhost:8083/attractions, method=GET}
15:53:21.411 [reactor-http-nio-47] DEBUG reactor.netty.resources.PooledConnectionProvider - [id: 0xccae12b7, L:/127.0.0.1:51874 - R:localhost/127.0.0.1:8083] onStateChange(GET{uri=/attractions, connection=PooledConnection{channel=[id: 0xccae12b7, L:/127.0.0.1:51874 - R:localhost/127.0.0.1:8083]}}, [request_sent])
15:53:21.412 [pool-17-thread-76] INFO tourGuide.service.TourGuideService - visitedLocatio tourGuide.gpsUtil.VisitedLocation@4638a7a4
15:53:21.412 [pool-17-thread-76] DEBUG org.springframework.web.reactive.function.client.ExchangeFunctions - [42072bbb] HTTP GET http://localhost:8083/attractions
15:53:21.412 [reactor-http-nio-48] DEBUG reactor.netty.http.client.HttpClientOperations - [id: 0x7b10d5b9, L:/127.0.0.1:51958 - R:localhost/127.0.0.1:8083] Received response (auto-read:false) : [Content-Type=application/json, Transfer-Encoding=chunked, Date=Wed, 15 Jun 2022 14:53:20 GMT]
15:53:21.412 [reactor-http-nio-48] DEBUG reactor.netty.resources.PooledConnectionProvider - [id: 0x7b10d5b9, L:/127.0.0.1:51958 - R:localhost/127.0.0.1:8083] onStateChange(GET{uri=/userLocation?userId=ba5df527-645a-41b5-8ed5-bb3fa5384d76, connection=PooledConnection{channel=[id: 0x7b10d5b9, L:/127.0.0.1:51958 - R:localhost/127.0.0.1:8083]}}, [response_received])
15:53:21.412 [reactor-http-nio-48] DEBUG org.springframework.web.reactive.function.client.ExchangeFunctions - [c5dd807] Response 200 OK
15:53:21.413 [reactor-http-nio-48] DEBUG reactor.netty.channel.FluxReceive - [id: 0x7b10d5b9, L:/127.0.0.1:51958 - R:localhost/127.0.0.1:8083] Subscribing inbound receiver [pending: 0, cancelled:false, inboundDone: false]
15:53:21.414 [reactor-http-nio-46] DEBUG reactor.netty.http.client.HttpClientOperations - [id: 0x21f981c4, L:/127.0.0.1:51805 - R:localhost/127.0.0.1:8083] Received response (auto-read:false) : [Content-Type=application/json, Transfer-Encoding=chunked, Date=Wed, 15 Jun 2022 14:53:20 GMT]
15:53:21.414 [reactor-http-nio-46] DEBUG reactor.netty.resources.PooledConnectionProvider - [id: 0x21f981c4, L:/127.0.0.1:51805 - R:localhost/127.0.0.1:8083] onStateChange(GET{uri=/userLocation?userId=d4ea69af-5e1e-404e-8be0-a0f2348aead8, connection=PooledConnection{channel=[id: 0x21f981c4, L:/127.0.0.1:51805 - R:localhost/127.0.0.1:8083]}}, [response_received])
15:53:21.414 [reactor-http-nio-46] DEBUG org.springframework.web.reactive.function.client.ExchangeFunctions - [148d4345] Response 200 OK
15:53:21.414 [reactor-http-nio-46] DEBUG reactor.netty.channel.FluxReceive - [id: 0x21f981c4, L:/127.0.0.1:51805 - R:localhost/127.0.0.1:8083] Subscribing inbound receiver [pending: 0, cancelled:false, inboundDone: false]
15:53:21.414 [reactor-http-nio-41] DEBUG reactor.netty.http.client.HttpClientOperations - [id: 0xb5e0c104, L:/127.0.0.1:51792 - R:localhost/127.0.0.1:8083] Received response (auto-read:false) : [Content-Type=application/json, Transfer-Encoding=chunked, Date=Wed, 15 Jun 2022 14:53:20 GMT]
15:53:21.414 [reactor-http-nio-41] DEBUG reactor.netty.resources.PooledConnectionProvider - [id: 0xb5e0c104, L:/127.0.0.1:51792 - R:localhost/127.0.0.1:8083] onStateChange(GET{uri=/userLocation?userId=ce978bfc-2615-46b6-82a4-f86d4b05c3ca, connection=PooledConnection{channel=[id: 0xb5e0c104, L:/127.0.0.1:51792 - R:localhost/127.0.0.1:8083]}}, [response_received])
15:53:21.414 [reactor-http-nio-41] DEBUG org.springframework.web.reactive.function.client.ExchangeFunctions - [1978d7c0] Response 200 OK
15:53:21.414 [reactor-http-nio-47] DEBUG reactor.netty.http.client.HttpClientOperations - [id: 0x7df89b85, L:/127.0.0.1:51851 - R:localhost/127.0.0.1:8083] Received response (auto-read:false) : [Content-Type=application/json, Transfer-Encoding=chunked, Date=Wed, 15 Jun 2022 14:53:20 GMT]
15:53:21.414 [reactor-http-nio-47] DEBUG reactor.netty.resources.PooledConnectionProvider - [id: 0x7df89b85, L:/127.0.0.1:51851 - R:localhost/127.0.0.1:8083] onStateChange(GET{uri=/userLocation?userId=98fe7186-f991-4c48-a192-376b752c04d2, connection=PooledConnection{channel=[id: 0x7df89b85, L:/127.0.0.1:51851 - R:localhost/127.0.0.1:8083]}}, [response_received])
15:53:21.414 [reactor-http-nio-47] DEBUG org.springframework.web.reactive.function.client.ExchangeFunctions - [4e3e9259] Response 200 OK
15:53:21.414 [reactor-http-nio-46] DEBUG reactor.netty.http.client.HttpClientOperations - [id: 0x21f981c4, L:/127.0.0.1:51805 - R:localhost/127.0.0.1:8083] Received last HTTP packet
15:53:21.414 [reactor-http-nio-46] DEBUG org.springframework.core.codec.StringDecoder - [148d4345] Decoded "{"userId":"d4ea69af-5e1e-404e-8be0-a0f2348aead8","location":{"longitude":155.841099,"latitude":46.9 (truncated)...
15:53:21.414 [reactor-http-nio-41] DEBUG reactor.netty.channel.FluxReceive - [id: 0xb5e0c104, L:/127.0.0.1:51792 - R:localhost/127.0.0.1:8083] Subscribing inbound receiver [pending: 0, cancelled:false, inboundDone: false]
15:53:21.415 [reactor-http-nio-46] DEBUG reactor.netty.resources.PooledConnectionProvider - [id: 0x21f981c4, L:/127.0.0.1:51805 - R:localhost/127.0.0.1:8083] onStateChange(GET{uri=/userLocation?userId=d4ea69af-5e1e-404e-8be0-a0f2348aead8, connection=PooledConnection{channel=[id: 0x21f981c4, L:/127.0.0.1:51805 - R:localhost/127.0.0.1:8083]}}, [disconnecting])
15:53:21.415 [reactor-http-nio-46] DEBUG reactor.netty.resources.PooledConnectionProvider - [id: 0x21f981c4, L:/127.0.0.1:51805 - R:localhost/127.0.0.1:8083] Releasing channel
15:53:21.415 [reactor-http-nio-46] DEBUG reactor.netty.resources.PooledConnectionProvider - [id: 0x21f981c4, L:/127.0.0.1:51805 - R:localhost/127.0.0.1:8083] Channel cleaned, now 84 active connections and 217 inactive connections
15:53:21.414 [reactor-http-nio-47] DEBUG reactor.netty.channel.FluxReceive - [id: 0x7df89b85, L:/127.0.0.1:51851 - R:localhost/127.0.0.1:8083] Subscribing inbound receiver [pending: 0, cancelled:false, inboundDone: false]
15:53:21.415 [reactor-http-nio-47] DEBUG reactor.netty.http.client.HttpClientOperations - [id: 0x7df89b85, L:/127.0.0.1:51851 - R:localhost/127.0.0.1:8083] Received last HTTP packet
15:53:21.415 [reactor-http-nio-47] DEBUG org.springframework.core.codec.StringDecoder - [4e3e9259] Decoded "{"userId":"98fe7186-f991-4c48-a192-376b752c04d2","location":{"longitude":-149.283975,"latitude":33. (truncated)...
15:53:21.415 [reactor-http-nio-47] DEBUG reactor.netty.resources.PooledConnectionProvider - [id: 0x7df89b85, L:/127.0.0.1:51851 - R:localhost/127.0.0.1:8083] onStateChange(GET{uri=/userLocation?userId=98fe7186-f991-4c48-a192-376b752c04d2, connection=PooledConnection{channel=[id: 0x7df89b85, L:/127.0.0.1:51851 - R:localhost/127.0.0.1:8083]}}, [disconnecting])
15:53:21.415 [reactor-http-nio-47] DEBUG reactor.netty.resources.PooledConnectionProvider - [id: 0x7df89b85, L:/127.0.0.1:51851 - R:localhost/127.0.0.1:8083] Releasing channel
15:53:21.415 [reactor-http-nio-47] DEBUG reactor.netty.resources.PooledConnectionProvider - [id: 0x7df89b85, L:/127.0.0.1:51851 - R:localhost/127.0.0.1:8083] Channel cleaned, now 83 active connections and 218 inactive connections
15:53:21.415 [reactor-http-nio-48] DEBUG reactor.netty.resources.PooledConnectionProvider - [id: 0x3ef135e7, L:/127.0.0.1:51977 - R:localhost/127.0.0.1:8083] Channel acquired, now 84 active connections and 217 inactive connections
15:53:21.415 [reactor-http-nio-48] DEBUG reactor.netty.http.client.HttpClientConnect - [id: 0x3ef135e7, L:/127.0.0.1:51977 - R:localhost/127.0.0.1:8083] Handler is being applied: {uri=http://localhost:8083/attractions, method=GET}
15:53:21.416 [reactor-http-nio-48] DEBUG reactor.netty.resources.PooledConnectionProvider - [id: 0x3ef135e7, L:/127.0.0.1:51977 - R:localhost/127.0.0.1:8083] onStateChange(GET{uri=/attractions, connection=PooledConnection{channel=[id: 0x3ef135e7, L:/127.0.0.1:51977 - R:localhost/127.0.0.1:8083]}}, [request_sent])
15:53:21.416 [reactor-http-nio-48] DEBUG reactor.netty.http.client.HttpClientOperations - [id: 0x7b10d5b9, L:/127.0.0.1:51958 - R:localhost/127.0.0.1:8083] Received last HTTP packet
15:53:21.416 [reactor-http-nio-48] DEBUG org.springframework.core.codec.StringDecoder - [c5dd807] Decoded "{"userId":"ba5df527-645a-41b5-8ed5-bb3fa5384d76","location":{"longitude":-56.637528,"latitude":74.3 (truncated)...
15:53:21.416 [reactor-http-nio-48] DEBUG reactor.netty.resources.PooledConnectionProvider - [id: 0x7b10d5b9, L:/127.0.0.1:51958 - R:localhost/127.0.0.1:8083] onStateChange(GET{uri=/userLocation?userId=ba5df527-645a-41b5-8ed5-bb3fa5384d76, connection=PooledConnection{channel=[id: 0x7b10d5b9, L:/127.0.0.1:51958 - R:localhost/127.0.0.1:8083]}}, [disconnecting])
15:53:21.416 [reactor-http-nio-48] DEBUG reactor.netty.resources.PooledConnectionProvider - [id: 0x7b10d5b9, L:/127.0.0.1:51958 - R:localhost/127.0.0.1:8083] Releasing channel
15:53:21.416 [pool-17-thread-44] INFO tourGuide.service.TourGuideService - visitedLocatio tourGuide.gpsUtil.VisitedLocation@1a4aafa4
15:53:21.416 [reactor-http-nio-48] DEBUG reactor.netty.resources.PooledConnectionProvider - [id: 0x7b10d5b9, L:/127.0.0.1:51958 - R:localhost/127.0.0.1:8083] Channel cleaned, now 83 active connections and 218 inactive connections
15:53:21.417 [reactor-http-nio-48] DEBUG reactor.netty.http.client.HttpClientOperations - [id: 0x2539c881, L:/127.0.0.1:51963 - R:localhost/127.0.0.1:8083] Received response (auto-read:false) : [Content-Type=application/json, Transfer-Encoding=chunked, Date=Wed, 15 Jun 2022 14:53:20 GMT]
15:53:21.417 [reactor-http-nio-48] DEBUG reactor.netty.resources.PooledConnectionProvider - [id: 0x2539c881, L:/127.0.0.1:51963 - R:localhost/127.0.0.1:8083] onStateChange(GET{uri=/userLocation?userId=b3e47689-6701-4676-a350-3f92ac16ffa1, connection=PooledConnection{channel=[id: 0x2539c881, L:/127.0.0.1:51963 - R:localhost/127.0.0.1:8083]}}, [response_received])
15:53:21.417 [reactor-http-nio-48] DEBUG org.springframework.web.reactive.function.client.ExchangeFunctions - [4f4969dc] Response 200 OK
15:53:21.417 [pool-17-thread-44] DEBUG org.springframework.web.reactive.function.client.ExchangeFunctions - [1e752835] HTTP GET http://localhost:8083/attractions
15:53:21.417 [reactor-http-nio-48] DEBUG reactor.netty.channel.FluxReceive - [id: 0x2539c881, L:/127.0.0.1:51963 - R:localhost/127.0.0.1:8083] Subscribing inbound receiver [pending: 0, cancelled:false, inboundDone: false]
15:53:21.418 [pool-17-thread-73] INFO tourGuide.service.TourGuideService - visitedLocatio tourGuide.gpsUtil.VisitedLocation@40f975ee
15:53:21.418 [pool-17-thread-73] DEBUG org.springframework.web.reactive.function.client.ExchangeFunctions - [44c6f929] HTTP GET http://localhost:8083/attractions
15:53:21.420 [reactor-http-nio-47] DEBUG reactor.netty.resources.PooledConnectionProvider - [id: 0x5f2155e6, L:/127.0.0.1:51846 - R:localhost/127.0.0.1:8083] Channel acquired, now 84 active connections and 217 inactive connections
15:53:21.420 [reactor-http-nio-47] DEBUG reactor.netty.http.client.HttpClientConnect - [id: 0x5f2155e6, L:/127.0.0.1:51846 - R:localhost/127.0.0.1:8083] Handler is being applied: {uri=http://localhost:8083/attractions, method=GET}
15:53:21.421 [reactor-http-nio-47] DEBUG reactor.netty.resources.PooledConnectionProvider - [id: 0x5f2155e6, L:/127.0.0.1:51846 - R:localhost/127.0.0.1:8083] onStateChange(GET{uri=/attractions, connection=PooledConnection{channel=[id: 0x5f2155e6, L:/127.0.0.1:51846 - R:localhost/127.0.0.1:8083]}}, [request_sent])
15:53:21.421 [reactor-http-nio-48] DEBUG reactor.netty.resources.PooledConnectionProvider - [id: 0x1af880b0, L:/127.0.0.1:51943 - R:localhost/127.0.0.1:8083] Channel acquired, now 85 active connections and 216 inactive connections
15:53:21.421 [reactor-http-nio-48] DEBUG reactor.netty.http.client.HttpClientConnect - [id: 0x1af880b0, L:/127.0.0.1:51943 - R:localhost/127.0.0.1:8083] Handler is being applied: {uri=http://localhost:8083/attractions, method=GET}
15:53:21.421 [pool-17-thread-33] INFO tourGuide.service.TourGuideService - visitedLocatio tourGuide.gpsUtil.VisitedLocation@29a27fc
15:53:21.422 [pool-17-thread-33] DEBUG org.springframework.web.reactive.function.client.ExchangeFunctions - [6a5b377] HTTP GET http://localhost:8083/attractions
15:53:21.422 [reactor-http-nio-48] DEBUG reactor.netty.resources.PooledConnectionProvider - [id: 0x1af880b0, L:/127.0.0.1:51943 - R:localhost/127.0.0.1:8083] onStateChange(GET{uri=/attractions, connection=PooledConnection{channel=[id: 0x1af880b0, L:/127.0.0.1:51943 - R:localhost/127.0.0.1:8083]}}, [request_sent])
15:53:21.423 [reactor-http-nio-46] DEBUG reactor.netty.http.client.HttpClientOperations - [id: 0x235f3a5b, L:/127.0.0.1:51771 - R:localhost/127.0.0.1:8083] Received response (auto-read:false) : [Content-Type=application/json, Transfer-Encoding=chunked, Date=Wed, 15 Jun 2022 14:53:20 GMT]
15:53:21.423 [reactor-http-nio-46] DEBUG reactor.netty.resources.PooledConnectionProvider - [id: 0x235f3a5b, L:/127.0.0.1:51771 - R:localhost/127.0.0.1:8083] onStateChange(GET{uri=/userLocation?userId=36fa45dc-bc0a-4434-874f-013795b23034, connection=PooledConnection{channel=[id: 0x235f3a5b, L:/127.0.0.1:51771 - R:localhost/127.0.0.1:8083]}}, [response_received])
15:53:21.423 [reactor-http-nio-41] DEBUG reactor.netty.http.client.HttpClientOperations - [id: 0x58b3b7bf, L:/127.0.0.1:51717 - R:localhost/127.0.0.1:8083] Received response (auto-read:false) : [Content-Type=application/json, Transfer-Encoding=chunked, Date=Wed, 15 Jun 2022 14:53:20 GMT]
15:53:21.423 [reactor-http-nio-41] DEBUG reactor.netty.resources.PooledConnectionProvider - [id: 0x58b3b7bf, L:/127.0.0.1:51717 - R:localhost/127.0.0.1:8083] onStateChange(GET{uri=/attractions, connection=PooledConnection{channel=[id: 0x58b3b7bf, L:/127.0.0.1:51717 - R:localhost/127.0.0.1:8083]}}, [response_received])
15:53:21.423 [reactor-http-nio-46] DEBUG org.springframework.web.reactive.function.client.ExchangeFunctions - [403329df] Response 200 OK
15:53:21.423 [reactor-http-nio-41] DEBUG org.springframework.web.reactive.function.client.ExchangeFunctions - [2c4ddbf4] Response 200 OK
15:53:21.423 [reactor-http-nio-41] DEBUG reactor.netty.channel.FluxReceive - [id: 0x58b3b7bf, L:/127.0.0.1:51717 - R:localhost/127.0.0.1:8083] Subscribing inbound receiver [pending: 0, cancelled:false, inboundDone: false]
15:53:21.423 [reactor-http-nio-47] DEBUG reactor.netty.resources.PooledConnectionProvider - [id: 0xa3d0d1c3, L:/127.0.0.1:51871 - R:localhost/127.0.0.1:8083] Channel acquired, now 86 active connections and 215 inactive connections
15:53:21.423 [reactor-http-nio-47] DEBUG reactor.netty.http.client.HttpClientConnect - [id: 0xa3d0d1c3, L:/127.0.0.1:51871 - R:localhost/127.0.0.1:8083] Handler is being applied: {uri=http://localhost:8083/attractions, method=GET}
15:53:21.423 [reactor-http-nio-46] DEBUG reactor.netty.channel.FluxReceive - [id: 0x235f3a5b, L:/127.0.0.1:51771 - R:localhost/127.0.0.1:8083] Subscribing inbound receiver [pending: 0, cancelled:false, inboundDone: false]
15:53:21.423 [reactor-http-nio-46] DEBUG reactor.netty.http.client.HttpClientOperations - [id: 0x235f3a5b, L:/127.0.0.1:51771 - R:localhost/127.0.0.1:8083] Received last HTTP packet
15:53:21.423 [reactor-http-nio-46] DEBUG org.springframework.core.codec.StringDecoder - [403329df] Decoded "{"userId":"36fa45dc-bc0a-4434-874f-013795b23034","location":{"longitude":14.195727,"latitude":37.12 (truncated)...
15:53:21.423 [reactor-http-nio-46] DEBUG reactor.netty.resources.PooledConnectionProvider - [id: 0x235f3a5b, L:/127.0.0.1:51771 - R:localhost/127.0.0.1:8083] onStateChange(GET{uri=/userLocation?userId=36fa45dc-bc0a-4434-874f-013795b23034, connection=PooledConnection{channel=[id: 0x235f3a5b, L:/127.0.0.1:51771 - R:localhost/127.0.0.1:8083]}}, [disconnecting])
15:53:21.423 [reactor-http-nio-46] DEBUG reactor.netty.resources.PooledConnectionProvider - [id: 0x235f3a5b, L:/127.0.0.1:51771 - R:localhost/127.0.0.1:8083] Releasing channel
15:53:21.423 [reactor-http-nio-46] DEBUG reactor.netty.resources.PooledConnectionProvider - [id: 0x235f3a5b, L:/127.0.0.1:51771 - R:localhost/127.0.0.1:8083] Channel cleaned, now 85 active connections and 216 inactive connections
15:53:21.424 [reactor-http-nio-47] DEBUG reactor.netty.resources.PooledConnectionProvider - [id: 0xa3d0d1c3, L:/127.0.0.1:51871 - R:localhost/127.0.0.1:8083] onStateChange(GET{uri=/attractions, connection=PooledConnection{channel=[id: 0xa3d0d1c3, L:/127.0.0.1:51871 - R:localhost/127.0.0.1:8083]}}, [request_sent])
15:53:21.424 [reactor-http-nio-47] DEBUG reactor.netty.http.client.HttpClientOperations - [id: 0x39a84d8e, L:/127.0.0.1:51833 - R:localhost/127.0.0.1:8083] Received response (auto-read:false) : [Content-Type=application/json, Transfer-Encoding=chunked, Date=Wed, 15 Jun 2022 14:53:20 GMT]
15:53:21.424 [reactor-http-nio-47] DEBUG reactor.netty.resources.PooledConnectionProvider - [id: 0x39a84d8e, L:/127.0.0.1:51833 - R:localhost/127.0.0.1:8083] onStateChange(GET{uri=/userLocation?userId=1184616b-9c7f-4d64-9907-46a7ffbe4e0a, connection=PooledConnection{channel=[id: 0x39a84d8e, L:/127.0.0.1:51833 - R:localhost/127.0.0.1:8083]}}, [response_received])
15:53:21.424 [reactor-http-nio-47] DEBUG org.springframework.web.reactive.function.client.ExchangeFunctions - [2e98d07d] Response 200 OK
15:53:21.424 [reactor-http-nio-46] DEBUG reactor.netty.http.client.HttpClientOperations - [id: 0xe2f159f9, L:/127.0.0.1:51980 - R:localhost/127.0.0.1:8083] Received response (auto-read:false) : [Content-Type=application/json, Transfer-Encoding=chunked, Date=Wed, 15 Jun 2022 14:53:20 GMT]
15:53:21.424 [reactor-http-nio-46] DEBUG reactor.netty.resources.PooledConnectionProvider - [id: 0xe2f159f9, L:/127.0.0.1:51980 - R:localhost/127.0.0.1:8083] onStateChange(GET{uri=/attractions, connection=PooledConnection{channel=[id: 0xe2f159f9, L:/127.0.0.1:51980 - R:localhost/127.0.0.1:8083]}}, [response_received])
15:53:21.424 [reactor-http-nio-47] DEBUG reactor.netty.channel.FluxReceive - [id: 0x39a84d8e, L:/127.0.0.1:51833 - R:localhost/127.0.0.1:8083] Subscribing inbound receiver [pending: 0, cancelled:false, inboundDone: false]
15:53:21.424 [reactor-http-nio-46] DEBUG org.springframework.web.reactive.function.client.ExchangeFunctions - [1d031bfb] Response 200 OK
15:53:21.424 [reactor-http-nio-47] DEBUG reactor.netty.http.client.HttpClientOperations - [id: 0x39a84d8e, L:/127.0.0.1:51833 - R:localhost/127.0.0.1:8083] Received last HTTP packet
15:53:21.425 [reactor-http-nio-47] DEBUG org.springframework.core.codec.StringDecoder - [2e98d07d] Decoded "{"userId":"1184616b-9c7f-4d64-9907-46a7ffbe4e0a","location":{"longitude":102.18267,"latitude":-31.9 (truncated)...
15:53:21.423 [reactor-http-nio-41] DEBUG reactor.netty.http.client.HttpClientOperations - [id: 0x58b3b7bf, L:/127.0.0.1:51717 - R:localhost/127.0.0.1:8083] Received last HTTP packet
15:53:21.425 [reactor-http-nio-47] DEBUG reactor.netty.resources.PooledConnectionProvider - [id: 0x39a84d8e, L:/127.0.0.1:51833 - R:localhost/127.0.0.1:8083] onStateChange(GET{uri=/userLocation?userId=1184616b-9c7f-4d64-9907-46a7ffbe4e0a, connection=PooledConnection{channel=[id: 0x39a84d8e, L:/127.0.0.1:51833 - R:localhost/127.0.0.1:8083]}}, [disconnecting])
15:53:21.425 [reactor-http-nio-47] DEBUG reactor.netty.resources.PooledConnectionProvider - [id: 0x39a84d8e, L:/127.0.0.1:51833 - R:localhost/127.0.0.1:8083] Releasing channel
15:53:21.425 [reactor-http-nio-47] DEBUG reactor.netty.resources.PooledConnectionProvider - [id: 0x39a84d8e, L:/127.0.0.1:51833 - R:localhost/127.0.0.1:8083] Channel cleaned, now 84 active connections and 217 inactive connections
15:53:21.425 [reactor-http-nio-48] DEBUG reactor.netty.http.client.HttpClientOperations - [id: 0x2b8a27a7, L:/127.0.0.1:51916 - R:localhost/127.0.0.1:8083] Received response (auto-read:false) : [Content-Type=application/json, Transfer-Encoding=chunked, Date=Wed, 15 Jun 2022 14:53:20 GMT]
15:53:21.425 [reactor-http-nio-41] DEBUG org.springframework.core.codec.StringDecoder - [2c4ddbf4] Decoded "[{"longitude":-117.922008,"latitude":33.817595,"attractionName":"Disneyland","city":"Anaheim","stat (truncated)...
15:53:21.425 [reactor-http-nio-41] DEBUG reactor.netty.resources.PooledConnectionProvider - [id: 0x58b3b7bf, L:/127.0.0.1:51717 - R:localhost/127.0.0.1:8083] onStateChange(GET{uri=/attractions, connection=PooledConnection{channel=[id: 0x58b3b7bf, L:/127.0.0.1:51717 - R:localhost/127.0.0.1:8083]}}, [disconnecting])
15:53:21.425 [reactor-http-nio-41] DEBUG reactor.netty.resources.PooledConnectionProvider - [id: 0x58b3b7bf, L:/127.0.0.1:51717 - R:localhost/127.0.0.1:8083] Releasing channel
15:53:21.425 [reactor-http-nio-41] DEBUG reactor.netty.resources.PooledConnectionProvider - [id: 0x58b3b7bf, L:/127.0.0.1:51717 - R:localhost/127.0.0.1:8083] Channel cleaned, now 83 active connections and 218 inactive connections
15:53:21.425 [reactor-http-nio-47] DEBUG reactor.netty.http.client.HttpClientOperations - [id: 0x26a43d3a, L:/127.0.0.1:51840 - R:localhost/127.0.0.1:8083] Received response (auto-read:false) : [Content-Type=application/json, Transfer-Encoding=chunked, Date=Wed, 15 Jun 2022 14:53:20 GMT]
15:53:21.425 [reactor-http-nio-47] DEBUG reactor.netty.resources.PooledConnectionProvider - [id: 0x26a43d3a, L:/127.0.0.1:51840 - R:localhost/127.0.0.1:8083] onStateChange(GET{uri=/userLocation?userId=222dcba7-3596-42d0-8e52-46ec5a59eef0, connection=PooledConnection{channel=[id: 0x26a43d3a, L:/127.0.0.1:51840 - R:localhost/127.0.0.1:8083]}}, [response_received])
15:53:21.425 [reactor-http-nio-47] DEBUG org.springframework.web.reactive.function.client.ExchangeFunctions - [1b628b38] Response 200 OK
15:53:21.426 [reactor-http-nio-41] DEBUG reactor.netty.http.client.HttpClientOperations - [id: 0x030e65b7, L:/127.0.0.1:51777 - R:localhost/127.0.0.1:8083] Received response (auto-read:false) : [Content-Type=application/json, Transfer-Encoding=chunked, Date=Wed, 15 Jun 2022 14:53:20 GMT]
15:53:21.426 [reactor-http-nio-41] DEBUG reactor.netty.resources.PooledConnectionProvider - [id: 0x030e65b7, L:/127.0.0.1:51777 - R:localhost/127.0.0.1:8083] onStateChange(GET{uri=/attractions, connection=PooledConnection{channel=[id: 0x030e65b7, L:/127.0.0.1:51777 - R:localhost/127.0.0.1:8083]}}, [response_received])
15:53:21.426 [reactor-http-nio-47] DEBUG reactor.netty.channel.FluxReceive - [id: 0x26a43d3a, L:/127.0.0.1:51840 - R:localhost/127.0.0.1:8083] Subscribing inbound receiver [pending: 0, cancelled:false, inboundDone: false]
15:53:21.426 [reactor-http-nio-41] DEBUG org.springframework.web.reactive.function.client.ExchangeFunctions - [5081441f] Response 200 OK
15:53:21.426 [reactor-http-nio-47] DEBUG reactor.netty.http.client.HttpClientOperations - [id: 0x26a43d3a, L:/127.0.0.1:51840 - R:localhost/127.0.0.1:8083] Received last HTTP packet
15:53:21.426 [reactor-http-nio-47] DEBUG org.springframework.core.codec.StringDecoder - [1b628b38] Decoded "{"userId":"222dcba7-3596-42d0-8e52-46ec5a59eef0","location":{"longitude":83.758665,"latitude":-45.1 (truncated)...
15:53:21.426 [reactor-http-nio-41] DEBUG reactor.netty.channel.FluxReceive - [id: 0x030e65b7, L:/127.0.0.1:51777 - R:localhost/127.0.0.1:8083] Subscribing inbound receiver [pending: 0, cancelled:false, inboundDone: false]
15:53:21.426 [reactor-http-nio-47] DEBUG reactor.netty.resources.PooledConnectionProvider - [id: 0x26a43d3a, L:/127.0.0.1:51840 - R:localhost/127.0.0.1:8083] onStateChange(GET{uri=/userLocation?userId=222dcba7-3596-42d0-8e52-46ec5a59eef0, connection=PooledConnection{channel=[id: 0x26a43d3a, L:/127.0.0.1:51840 - R:localhost/127.0.0.1:8083]}}, [disconnecting])
15:53:21.426 [reactor-http-nio-47] DEBUG reactor.netty.resources.PooledConnectionProvider - [id: 0x26a43d3a, L:/127.0.0.1:51840 - R:localhost/127.0.0.1:8083] Releasing channel
15:53:21.426 [reactor-http-nio-47] DEBUG reactor.netty.resources.PooledConnectionProvider - [id: 0x26a43d3a, L:/127.0.0.1:51840 - R:localhost/127.0.0.1:8083] Channel cleaned, now 82 active connections and 219 inactive connections
15:53:21.426 [reactor-http-nio-41] DEBUG reactor.netty.http.client.HttpClientOperations - [id: 0x030e65b7, L:/127.0.0.1:51777 - R:localhost/127.0.0.1:8083] Received last HTTP packet
15:53:21.426 [reactor-http-nio-41] DEBUG org.springframework.core.codec.StringDecoder - [5081441f] Decoded "[{"longitude":-117.922008,"latitude":33.817595,"attractionName":"Disneyland","city":"Anaheim","stat (truncated)...
15:53:21.426 [reactor-http-nio-41] DEBUG reactor.netty.resources.PooledConnectionProvider - [id: 0x030e65b7, L:/127.0.0.1:51777 - R:localhost/127.0.0.1:8083] onStateChange(GET{uri=/attractions, connection=PooledConnection{channel=[id: 0x030e65b7, L:/127.0.0.1:51777 - R:localhost/127.0.0.1:8083]}}, [disconnecting])
15:53:21.426 [reactor-http-nio-47] DEBUG reactor.netty.http.client.HttpClientOperations - [id: 0xa6138326, L:/127.0.0.1:51881 - R:localhost/127.0.0.1:8083] Received response (auto-read:false) : [Content-Type=application/json, Transfer-Encoding=chunked, Date=Wed, 15 Jun 2022 14:53:20 GMT]
15:53:21.425 [reactor-http-nio-46] DEBUG reactor.netty.channel.FluxReceive - [id: 0xe2f159f9, L:/127.0.0.1:51980 - R:localhost/127.0.0.1:8083] Subscribing inbound receiver [pending: 0, cancelled:false, inboundDone: false]
15:53:21.425 [reactor-http-nio-48] DEBUG reactor.netty.resources.PooledConnectionProvider - [id: 0x2b8a27a7, L:/127.0.0.1:51916 - R:localhost/127.0.0.1:8083] onStateChange(GET{uri=/userLocation?userId=b8319709-0dfd-4a64-a3f1-c6b80c969f5a, connection=PooledConnection{channel=[id: 0x2b8a27a7, L:/127.0.0.1:51916 - R:localhost/127.0.0.1:8083]}}, [response_received])
15:53:21.427 [reactor-http-nio-46] DEBUG reactor.netty.http.client.HttpClientOperations - [id: 0xe2f159f9, L:/127.0.0.1:51980 - R:localhost/127.0.0.1:8083] Received last HTTP packet
15:53:21.426 [reactor-http-nio-41] DEBUG reactor.netty.resources.PooledConnectionProvider - [id: 0x030e65b7, L:/127.0.0.1:51777 - R:localhost/127.0.0.1:8083] Releasing channel
15:53:21.428 [reactor-http-nio-41] DEBUG reactor.netty.resources.PooledConnectionProvider - [id: 0x030e65b7, L:/127.0.0.1:51777 - R:localhost/127.0.0.1:8083] Channel cleaned, now 81 active connections and 220 inactive connections
15:53:21.428 [reactor-http-nio-46] DEBUG org.springframework.core.codec.StringDecoder - [1d031bfb] Decoded "[{"longitude":-117.922008,"latitude":33.817595,"attractionName":"Disneyland","city":"Anaheim","stat (truncated)...
15:53:21.426 [reactor-http-nio-47] DEBUG reactor.netty.resources.PooledConnectionProvider - [id: 0xa6138326, L:/127.0.0.1:51881 - R:localhost/127.0.0.1:8083] onStateChange(GET{uri=/attractions, connection=PooledConnection{channel=[id: 0xa6138326, L:/127.0.0.1:51881 - R:localhost/127.0.0.1:8083]}}, [response_received])
15:53:21.428 [reactor-http-nio-47] DEBUG org.springframework.web.reactive.function.client.ExchangeFunctions - [1819ef1d] Response 200 OK
15:53:21.427 [reactor-http-nio-48] DEBUG org.springframework.web.reactive.function.client.ExchangeFunctions - [799ec8b1] Response 200 OK
15:53:21.428 [reactor-http-nio-47] DEBUG reactor.netty.channel.FluxReceive - [id: 0xa6138326, L:/127.0.0.1:51881 - R:localhost/127.0.0.1:8083] Subscribing inbound receiver [pending: 0, cancelled:false, inboundDone: false]
15:53:21.428 [reactor-http-nio-48] DEBUG reactor.netty.channel.FluxReceive - [id: 0x2b8a27a7, L:/127.0.0.1:51916 - R:localhost/127.0.0.1:8083] Subscribing inbound receiver [pending: 0, cancelled:false, inboundDone: false]
15:53:21.428 [reactor-http-nio-48] DEBUG reactor.netty.http.client.HttpClientOperations - [id: 0x2b8a27a7, L:/127.0.0.1:51916 - R:localhost/127.0.0.1:8083] Received last HTTP packet
15:53:21.428 [reactor-http-nio-48] DEBUG org.springframework.core.codec.StringDecoder - [799ec8b1] Decoded "{"userId":"b8319709-0dfd-4a64-a3f1-c6b80c969f5a","location":{"longitude":-88.170144,"latitude":43.2 (truncated)...
15:53:21.428 [reactor-http-nio-46] DEBUG reactor.netty.resources.PooledConnectionProvider - [id: 0xe2f159f9, L:/127.0.0.1:51980 - R:localhost/127.0.0.1:8083] onStateChange(GET{uri=/attractions, connection=PooledConnection{channel=[id: 0xe2f159f9, L:/127.0.0.1:51980 - R:localhost/127.0.0.1:8083]}}, [disconnecting])
15:53:21.428 [reactor-http-nio-48] DEBUG reactor.netty.resources.PooledConnectionProvider - [id: 0x2b8a27a7, L:/127.0.0.1:51916 - R:localhost/127.0.0.1:8083] onStateChange(GET{uri=/userLocation?userId=b8319709-0dfd-4a64-a3f1-c6b80c969f5a, connection=PooledConnection{channel=[id: 0x2b8a27a7, L:/127.0.0.1:51916 - R:localhost/127.0.0.1:8083]}}, [disconnecting])
15:53:21.428 [reactor-http-nio-48] DEBUG reactor.netty.resources.PooledConnectionProvider - [id: 0x2b8a27a7, L:/127.0.0.1:51916 - R:localhost/127.0.0.1:8083] Releasing channel
15:53:21.428 [reactor-http-nio-46] DEBUG reactor.netty.resources.PooledConnectionProvider - [id: 0xe2f159f9, L:/127.0.0.1:51980 - R:localhost/127.0.0.1:8083] Releasing channel
15:53:21.428 [reactor-http-nio-48] DEBUG reactor.netty.resources.PooledConnectionProvider - [id: 0x2b8a27a7, L:/127.0.0.1:51916 - R:localhost/127.0.0.1:8083] Channel cleaned, now 80 active connections and 221 inactive connections
15:53:21.428 [reactor-http-nio-46] DEBUG reactor.netty.resources.PooledConnectionProvider - [id: 0xe2f159f9, L:/127.0.0.1:51980 - R:localhost/127.0.0.1:8083] Channel cleaned, now 79 active connections and 222 inactive connections
15:53:21.428 [pool-17-thread-69] INFO tourGuide.service.TourGuideService - visitedLocatio tourGuide.gpsUtil.VisitedLocation@4ef4cfa9
15:53:21.428 [pool-17-thread-69] DEBUG org.springframework.web.reactive.function.client.ExchangeFunctions - [4acb42af] HTTP GET http://localhost:8083/attractions
15:53:21.431 [reactor-http-nio-41] DEBUG reactor.netty.resources.PooledConnectionProvider - [id: 0x45e1ba3f, L:/127.0.0.1:51927 - R:localhost/127.0.0.1:8083] Channel acquired, now 80 active connections and 221 inactive connections
15:53:21.431 [reactor-http-nio-41] DEBUG reactor.netty.http.client.HttpClientConnect - [id: 0x45e1ba3f, L:/127.0.0.1:51927 - R:localhost/127.0.0.1:8083] Handler is being applied: {uri=http://localhost:8083/attractions, method=GET}
15:53:21.432 [reactor-http-nio-41] DEBUG reactor.netty.resources.PooledConnectionProvider - [id: 0x45e1ba3f, L:/127.0.0.1:51927 - R:localhost/127.0.0.1:8083] onStateChange(GET{uri=/attractions, connection=PooledConnection{channel=[id: 0x45e1ba3f, L:/127.0.0.1:51927 - R:localhost/127.0.0.1:8083]}}, [request_sent])
15:53:21.432 [pool-17-thread-88] INFO tourGuide.service.TourGuideService - visitedLocatio tourGuide.gpsUtil.VisitedLocation@205f3bde
15:53:21.433 [pool-17-thread-88] DEBUG org.springframework.web.reactive.function.client.ExchangeFunctions - [2460bb0d] HTTP GET http://localhost:8083/attractions
15:53:21.433 [pool-17-thread-99] INFO tourGuide.service.TourGuideService - visitedLocatio tourGuide.gpsUtil.VisitedLocation@15a56624
15:53:21.433 [pool-17-thread-99] DEBUG org.springframework.web.reactive.function.client.ExchangeFunctions - [119ae048] HTTP GET http://localhost:8083/attractions
15:53:21.436 [reactor-http-nio-48] DEBUG reactor.netty.resources.PooledConnectionProvider - [id: 0x4874d701, L:/127.0.0.1:51890 - R:localhost/127.0.0.1:8083] Channel acquired, now 81 active connections and 220 inactive connections
15:53:21.436 [reactor-http-nio-48] DEBUG reactor.netty.http.client.HttpClientConnect - [id: 0x4874d701, L:/127.0.0.1:51890 - R:localhost/127.0.0.1:8083] Handler is being applied: {uri=http://localhost:8083/attractions, method=GET}
15:53:21.437 [pool-17-thread-96] INFO tourGuide.service.TourGuideService - visitedLocatio tourGuide.gpsUtil.VisitedLocation@775939f2
15:53:21.437 [pool-17-thread-96] DEBUG org.springframework.web.reactive.function.client.ExchangeFunctions - [7366a3c1] HTTP GET http://localhost:8083/attractions
15:53:21.437 [reactor-http-nio-48] DEBUG reactor.netty.resources.PooledConnectionProvider - [id: 0x4874d701, L:/127.0.0.1:51890 - R:localhost/127.0.0.1:8083] onStateChange(GET{uri=/attractions, connection=PooledConnection{channel=[id: 0x4874d701, L:/127.0.0.1:51890 - R:localhost/127.0.0.1:8083]}}, [request_sent])
15:53:21.437 [reactor-http-nio-48] DEBUG reactor.netty.resources.PooledConnectionProvider - [id: 0x43576e4f, L:/127.0.0.1:51882 - R:localhost/127.0.0.1:8083] Channel acquired, now 82 active connections and 219 inactive connections
15:53:21.437 [reactor-http-nio-48] DEBUG reactor.netty.http.client.HttpClientConnect - [id: 0x43576e4f, L:/127.0.0.1:51882 - R:localhost/127.0.0.1:8083] Handler is being applied: {uri=http://localhost:8083/attractions, method=GET}
15:53:21.438 [reactor-http-nio-48] DEBUG reactor.netty.resources.PooledConnectionProvider - [id: 0x43576e4f, L:/127.0.0.1:51882 - R:localhost/127.0.0.1:8083] onStateChange(GET{uri=/attractions, connection=PooledConnection{channel=[id: 0x43576e4f, L:/127.0.0.1:51882 - R:localhost/127.0.0.1:8083]}}, [request_sent])
15:53:21.441 [reactor-http-nio-48] DEBUG reactor.netty.resources.PooledConnectionProvider - [id: 0xbe2aba3e, L:/127.0.0.1:51951 - R:localhost/127.0.0.1:8083] Channel acquired, now 83 active connections and 218 inactive connections
15:53:21.441 [reactor-http-nio-48] DEBUG reactor.netty.http.client.HttpClientConnect - [id: 0xbe2aba3e, L:/127.0.0.1:51951 - R:localhost/127.0.0.1:8083] Handler is being applied: {uri=http://localhost:8083/attractions, method=GET}
15:53:21.441 [reactor-http-nio-48] DEBUG reactor.netty.resources.PooledConnectionProvider - [id: 0xbe2aba3e, L:/127.0.0.1:51951 - R:localhost/127.0.0.1:8083] onStateChange(GET{uri=/attractions, connection=PooledConnection{channel=[id: 0xbe2aba3e, L:/127.0.0.1:51951 - R:localhost/127.0.0.1:8083]}}, [request_sent])
15:53:21.460 [reactor-http-nio-41] DEBUG reactor.netty.http.client.HttpClientOperations - [id: 0xfb192aad, L:/127.0.0.1:51748 - R:localhost/127.0.0.1:8083] Received response (auto-read:false) : [Content-Type=application/json, Transfer-Encoding=chunked, Date=Wed, 15 Jun 2022 14:53:20 GMT]
15:53:21.460 [reactor-http-nio-41] DEBUG reactor.netty.resources.PooledConnectionProvider - [id: 0xfb192aad, L:/127.0.0.1:51748 - R:localhost/127.0.0.1:8083] onStateChange(GET{uri=/attractions, connection=PooledConnection{channel=[id: 0xfb192aad, L:/127.0.0.1:51748 - R:localhost/127.0.0.1:8083]}}, [response_received])
15:53:21.460 [reactor-http-nio-46] DEBUG reactor.netty.http.client.HttpClientOperations - [id: 0xa4924887, L:/127.0.0.1:51816 - R:localhost/127.0.0.1:8083] Received response (auto-read:false) : [Content-Type=application/json, Transfer-Encoding=chunked, Date=Wed, 15 Jun 2022 14:53:20 GMT]
15:53:21.460 [reactor-http-nio-46] DEBUG reactor.netty.resources.PooledConnectionProvider - [id: 0xa4924887, L:/127.0.0.1:51816 - R:localhost/127.0.0.1:8083] onStateChange(GET{uri=/attractions, connection=PooledConnection{channel=[id: 0xa4924887, L:/127.0.0.1:51816 - R:localhost/127.0.0.1:8083]}}, [response_received])
15:53:21.460 [reactor-http-nio-41] DEBUG org.springframework.web.reactive.function.client.ExchangeFunctions - [6a34078a] Response 200 OK
15:53:21.460 [reactor-http-nio-46] DEBUG org.springframework.web.reactive.function.client.ExchangeFunctions - [2e2d70b5] Response 200 OK
15:53:21.460 [reactor-http-nio-48] DEBUG reactor.netty.http.client.HttpClientOperations - [id: 0xa4f115eb, L:/127.0.0.1:51704 - R:localhost/127.0.0.1:8083] Received last HTTP packet
15:53:21.460 [reactor-http-nio-41] DEBUG reactor.netty.channel.FluxReceive - [id: 0xfb192aad, L:/127.0.0.1:51748 - R:localhost/127.0.0.1:8083] Subscribing inbound receiver [pending: 0, cancelled:false, inboundDone: false]
15:53:21.461 [reactor-http-nio-48] DEBUG org.springframework.core.codec.StringDecoder - [304ff828] Decoded "{"userId":"e3458b85-4701-4529-8b17-d9be66044993","location":{"longitude":-155.510051,"latitude":11. (truncated)...
15:53:21.461 [reactor-http-nio-48] DEBUG reactor.netty.resources.PooledConnectionProvider - [id: 0xa4f115eb, L:/127.0.0.1:51704 - R:localhost/127.0.0.1:8083] onStateChange(GET{uri=/userLocation?userId=e3458b85-4701-4529-8b17-d9be66044993, connection=PooledConnection{channel=[id: 0xa4f115eb, L:/127.0.0.1:51704 - R:localhost/127.0.0.1:8083]}}, [disconnecting])
15:53:21.461 [reactor-http-nio-48] DEBUG reactor.netty.resources.PooledConnectionProvider - [id: 0xa4f115eb, L:/127.0.0.1:51704 - R:localhost/127.0.0.1:8083] Releasing channel
15:53:21.461 [reactor-http-nio-41] DEBUG reactor.netty.http.client.HttpClientOperations - [id: 0xfb192aad, L:/127.0.0.1:51748 - R:localhost/127.0.0.1:8083] Received last HTTP packet
15:53:21.461 [reactor-http-nio-41] DEBUG org.springframework.core.codec.StringDecoder - [6a34078a] Decoded "[{"longitude":-117.922008,"latitude":33.817595,"attractionName":"Disneyland","city":"Anaheim","stat (truncated)...
15:53:21.461 [reactor-http-nio-41] DEBUG reactor.netty.resources.PooledConnectionProvider - [id: 0xfb192aad, L:/127.0.0.1:51748 - R:localhost/127.0.0.1:8083] onStateChange(GET{uri=/attractions, connection=PooledConnection{channel=[id: 0xfb192aad, L:/127.0.0.1:51748 - R:localhost/127.0.0.1:8083]}}, [disconnecting])
15:53:21.461 [reactor-http-nio-41] DEBUG reactor.netty.resources.PooledConnectionProvider - [id: 0xfb192aad, L:/127.0.0.1:51748 - R:localhost/127.0.0.1:8083] Releasing channel
15:53:21.461 [reactor-http-nio-41] DEBUG reactor.netty.resources.PooledConnectionProvider - [id: 0xfb192aad, L:/127.0.0.1:51748 - R:localhost/127.0.0.1:8083] Channel cleaned, now 81 active connections and 220 inactive connections
15:53:21.460 [reactor-http-nio-46] DEBUG reactor.netty.channel.FluxReceive - [id: 0xa4924887, L:/127.0.0.1:51816 - R:localhost/127.0.0.1:8083] Subscribing inbound receiver [pending: 0, cancelled:false, inboundDone: false]
15:53:21.461 [reactor-http-nio-48] DEBUG reactor.netty.resources.PooledConnectionProvider - [id: 0xa4f115eb, L:/127.0.0.1:51704 - R:localhost/127.0.0.1:8083] Channel cleaned, now 82 active connections and 219 inactive connections
15:53:21.461 [reactor-http-nio-46] DEBUG reactor.netty.http.client.HttpClientOperations - [id: 0xa4924887, L:/127.0.0.1:51816 - R:localhost/127.0.0.1:8083] Received last HTTP packet
15:53:21.461 [reactor-http-nio-46] DEBUG org.springframework.core.codec.StringDecoder - [2e2d70b5] Decoded "[{"longitude":-117.922008,"latitude":33.817595,"attractionName":"Disneyland","city":"Anaheim","stat (truncated)...
15:53:21.461 [reactor-http-nio-47] DEBUG reactor.netty.http.client.HttpClientOperations - [id: 0x015d237e, L:/127.0.0.1:51835 - R:localhost/127.0.0.1:8083] Received response (auto-read:false) : [Content-Type=application/json, Transfer-Encoding=chunked, Date=Wed, 15 Jun 2022 14:53:20 GMT]
15:53:21.461 [reactor-http-nio-46] DEBUG reactor.netty.resources.PooledConnectionProvider - [id: 0xa4924887, L:/127.0.0.1:51816 - R:localhost/127.0.0.1:8083] onStateChange(GET{uri=/attractions, connection=PooledConnection{channel=[id: 0xa4924887, L:/127.0.0.1:51816 - R:localhost/127.0.0.1:8083]}}, [disconnecting])
15:53:21.461 [reactor-http-nio-46] DEBUG reactor.netty.resources.PooledConnectionProvider - [id: 0xa4924887, L:/127.0.0.1:51816 - R:localhost/127.0.0.1:8083] Releasing channel
15:53:21.461 [reactor-http-nio-41] DEBUG reactor.netty.http.client.HttpClientOperations - [id: 0xb6e13b25, L:/127.0.0.1:51714 - R:localhost/127.0.0.1:8083] Received response (auto-read:false) : [Content-Type=application/json, Transfer-Encoding=chunked, Date=Wed, 15 Jun 2022 14:53:20 GMT]
15:53:21.461 [reactor-http-nio-47] DEBUG reactor.netty.resources.PooledConnectionProvider - [id: 0x015d237e, L:/127.0.0.1:51835 - R:localhost/127.0.0.1:8083] onStateChange(GET{uri=/userLocation?userId=7dfa79dd-99a0-418d-a990-0c6b0ec61efa, connection=PooledConnection{channel=[id: 0x015d237e, L:/127.0.0.1:51835 - R:localhost/127.0.0.1:8083]}}, [response_received])
15:53:21.461 [reactor-http-nio-47] DEBUG org.springframework.web.reactive.function.client.ExchangeFunctions - [41ca5ae6] Response 200 OK
15:53:21.461 [reactor-http-nio-46] DEBUG reactor.netty.resources.PooledConnectionProvider - [id: 0xa4924887, L:/127.0.0.1:51816 - R:localhost/127.0.0.1:8083] Channel cleaned, now 80 active connections and 221 inactive connections
15:53:21.461 [reactor-http-nio-41] DEBUG reactor.netty.resources.PooledConnectionProvider - [id: 0xb6e13b25, L:/127.0.0.1:51714 - R:localhost/127.0.0.1:8083] onStateChange(GET{uri=/userLocation?userId=e46039f2-035d-4947-add7-e7648ed86ec2, connection=PooledConnection{channel=[id: 0xb6e13b25, L:/127.0.0.1:51714 - R:localhost/127.0.0.1:8083]}}, [response_received])
15:53:21.461 [reactor-http-nio-41] DEBUG org.springframework.web.reactive.function.client.ExchangeFunctions - [7963ac40] Response 200 OK
15:53:21.461 [reactor-http-nio-47] DEBUG reactor.netty.channel.FluxReceive - [id: 0x015d237e, L:/127.0.0.1:51835 - R:localhost/127.0.0.1:8083] Subscribing inbound receiver [pending: 0, cancelled:false, inboundDone: false]
15:53:21.461 [reactor-http-nio-47] DEBUG reactor.netty.http.client.HttpClientOperations - [id: 0x015d237e, L:/127.0.0.1:51835 - R:localhost/127.0.0.1:8083] Received last HTTP packet
15:53:21.461 [reactor-http-nio-41] DEBUG reactor.netty.channel.FluxReceive - [id: 0xb6e13b25, L:/127.0.0.1:51714 - R:localhost/127.0.0.1:8083] Subscribing inbound receiver [pending: 0, cancelled:false, inboundDone: false]
15:53:21.461 [reactor-http-nio-47] DEBUG org.springframework.core.codec.StringDecoder - [41ca5ae6] Decoded "{"userId":"7dfa79dd-99a0-418d-a990-0c6b0ec61efa","location":{"longitude":49.029579,"latitude":-16.9 (truncated)...
15:53:21.461 [reactor-http-nio-47] DEBUG reactor.netty.resources.PooledConnectionProvider - [id: 0x015d237e, L:/127.0.0.1:51835 - R:localhost/127.0.0.1:8083] onStateChange(GET{uri=/userLocation?userId=7dfa79dd-99a0-418d-a990-0c6b0ec61efa, connection=PooledConnection{channel=[id: 0x015d237e, L:/127.0.0.1:51835 - R:localhost/127.0.0.1:8083]}}, [disconnecting])
15:53:21.461 [reactor-http-nio-47] DEBUG reactor.netty.resources.PooledConnectionProvider - [id: 0x015d237e, L:/127.0.0.1:51835 - R:localhost/127.0.0.1:8083] Releasing channel
15:53:21.461 [reactor-http-nio-41] DEBUG reactor.netty.http.client.HttpClientOperations - [id: 0xb6e13b25, L:/127.0.0.1:51714 - R:localhost/127.0.0.1:8083] Received last HTTP packet
15:53:21.461 [reactor-http-nio-47] DEBUG reactor.netty.resources.PooledConnectionProvider - [id: 0x015d237e, L:/127.0.0.1:51835 - R:localhost/127.0.0.1:8083] Channel cleaned, now 79 active connections and 222 inactive connections
15:53:21.462 [reactor-http-nio-41] DEBUG org.springframework.core.codec.StringDecoder - [7963ac40] Decoded "{"userId":"e46039f2-035d-4947-add7-e7648ed86ec2","location":{"longitude":-62.50426,"latitude":53.57 (truncated)...
15:53:21.462 [reactor-http-nio-41] DEBUG reactor.netty.resources.PooledConnectionProvider - [id: 0xb6e13b25, L:/127.0.0.1:51714 - R:localhost/127.0.0.1:8083] onStateChange(GET{uri=/userLocation?userId=e46039f2-035d-4947-add7-e7648ed86ec2, connection=PooledConnection{channel=[id: 0xb6e13b25, L:/127.0.0.1:51714 - R:localhost/127.0.0.1:8083]}}, [disconnecting])
15:53:21.462 [reactor-http-nio-41] DEBUG reactor.netty.resources.PooledConnectionProvider - [id: 0xb6e13b25, L:/127.0.0.1:51714 - R:localhost/127.0.0.1:8083] Releasing channel
15:53:21.462 [reactor-http-nio-41] DEBUG reactor.netty.resources.PooledConnectionProvider - [id: 0xb6e13b25, L:/127.0.0.1:51714 - R:localhost/127.0.0.1:8083] Channel cleaned, now 78 active connections and 223 inactive connections
15:53:21.462 [reactor-http-nio-41] DEBUG reactor.netty.http.client.HttpClientOperations - [id: 0x6edbd1c1, L:/127.0.0.1:51716 - R:localhost/127.0.0.1:8083] Received response (auto-read:false) : [Content-Type=application/json, Transfer-Encoding=chunked, Date=Wed, 15 Jun 2022 14:53:20 GMT]
15:53:21.462 [reactor-http-nio-47] DEBUG reactor.netty.http.client.HttpClientOperations - [id: 0xdaf60602, L:/127.0.0.1:51681 - R:localhost/127.0.0.1:8083] Received response (auto-read:false) : [Content-Type=application/json, Transfer-Encoding=chunked, Date=Wed, 15 Jun 2022 14:53:20 GMT]
15:53:21.462 [reactor-http-nio-41] DEBUG reactor.netty.resources.PooledConnectionProvider - [id: 0x6edbd1c1, L:/127.0.0.1:51716 - R:localhost/127.0.0.1:8083] onStateChange(GET{uri=/userLocation?userId=59467dcc-d174-42b5-9e28-349f40075956, connection=PooledConnection{channel=[id: 0x6edbd1c1, L:/127.0.0.1:51716 - R:localhost/127.0.0.1:8083]}}, [response_received])
15:53:21.462 [reactor-http-nio-47] DEBUG reactor.netty.resources.PooledConnectionProvider - [id: 0xdaf60602, L:/127.0.0.1:51681 - R:localhost/127.0.0.1:8083] onStateChange(GET{uri=/attractions, connection=PooledConnection{channel=[id: 0xdaf60602, L:/127.0.0.1:51681 - R:localhost/127.0.0.1:8083]}}, [response_received])
15:53:21.462 [reactor-http-nio-47] DEBUG org.springframework.web.reactive.function.client.ExchangeFunctions - [58040719] Response 200 OK
15:53:21.462 [reactor-http-nio-41] DEBUG org.springframework.web.reactive.function.client.ExchangeFunctions - [5dee7952] Response 200 OK
15:53:21.462 [reactor-http-nio-41] DEBUG reactor.netty.channel.FluxReceive - [id: 0x6edbd1c1, L:/127.0.0.1:51716 - R:localhost/127.0.0.1:8083] Subscribing inbound receiver [pending: 0, cancelled:false, inboundDone: false]
15:53:21.462 [reactor-http-nio-41] DEBUG reactor.netty.http.client.HttpClientOperations - [id: 0x6edbd1c1, L:/127.0.0.1:51716 - R:localhost/127.0.0.1:8083] Received last HTTP packet
15:53:21.462 [reactor-http-nio-41] DEBUG org.springframework.core.codec.StringDecoder - [5dee7952] Decoded "{"userId":"59467dcc-d174-42b5-9e28-349f40075956","location":{"longitude":-33.004243,"latitude":-62. (truncated)...
15:53:21.462 [reactor-http-nio-41] DEBUG reactor.netty.resources.PooledConnectionProvider - [id: 0x6edbd1c1, L:/127.0.0.1:51716 - R:localhost/127.0.0.1:8083] onStateChange(GET{uri=/userLocation?userId=59467dcc-d174-42b5-9e28-349f40075956, connection=PooledConnection{channel=[id: 0x6edbd1c1, L:/127.0.0.1:51716 - R:localhost/127.0.0.1:8083]}}, [disconnecting])
15:53:21.462 [reactor-http-nio-41] DEBUG reactor.netty.resources.PooledConnectionProvider - [id: 0x6edbd1c1, L:/127.0.0.1:51716 - R:localhost/127.0.0.1:8083] Releasing channel
15:53:21.462 [reactor-http-nio-41] DEBUG reactor.netty.resources.PooledConnectionProvider - [id: 0x6edbd1c1, L:/127.0.0.1:51716 - R:localhost/127.0.0.1:8083] Channel cleaned, now 77 active connections and 224 inactive connections
15:53:21.462 [reactor-http-nio-41] DEBUG reactor.netty.http.client.HttpClientOperations - [id: 0xb5e0c104, L:/127.0.0.1:51792 - R:localhost/127.0.0.1:8083] Received last HTTP packet
15:53:21.462 [reactor-http-nio-41] DEBUG org.springframework.core.codec.StringDecoder - [1978d7c0] Decoded "{"userId":"ce978bfc-2615-46b6-82a4-f86d4b05c3ca","location":{"longitude":33.425385,"latitude":-66.6 (truncated)...
15:53:21.463 [reactor-http-nio-41] DEBUG reactor.netty.resources.PooledConnectionProvider - [id: 0xb5e0c104, L:/127.0.0.1:51792 - R:localhost/127.0.0.1:8083] onStateChange(GET{uri=/userLocation?userId=ce978bfc-2615-46b6-82a4-f86d4b05c3ca, connection=PooledConnection{channel=[id: 0xb5e0c104, L:/127.0.0.1:51792 - R:localhost/127.0.0.1:8083]}}, [disconnecting])
15:53:21.463 [reactor-http-nio-41] DEBUG reactor.netty.resources.PooledConnectionProvider - [id: 0xb5e0c104, L:/127.0.0.1:51792 - R:localhost/127.0.0.1:8083] Releasing channel
15:53:21.463 [reactor-http-nio-41] DEBUG reactor.netty.resources.PooledConnectionProvider - [id: 0xb5e0c104, L:/127.0.0.1:51792 - R:localhost/127.0.0.1:8083] Channel cleaned, now 76 active connections and 225 inactive connections
15:53:21.463 [reactor-http-nio-47] DEBUG reactor.netty.channel.FluxReceive - [id: 0xdaf60602, L:/127.0.0.1:51681 - R:localhost/127.0.0.1:8083] Subscribing inbound receiver [pending: 0, cancelled:false, inboundDone: false]
15:53:21.463 [reactor-http-nio-47] DEBUG reactor.netty.http.client.HttpClientOperations - [id: 0xdaf60602, L:/127.0.0.1:51681 - R:localhost/127.0.0.1:8083] Received last HTTP packet
15:53:21.463 [reactor-http-nio-47] DEBUG org.springframework.core.codec.StringDecoder - [58040719] Decoded "[{"longitude":-117.922008,"latitude":33.817595,"attractionName":"Disneyland","city":"Anaheim","stat (truncated)...
15:53:21.463 [reactor-http-nio-47] DEBUG reactor.netty.resources.PooledConnectionProvider - [id: 0xdaf60602, L:/127.0.0.1:51681 - R:localhost/127.0.0.1:8083] onStateChange(GET{uri=/attractions, connection=PooledConnection{channel=[id: 0xdaf60602, L:/127.0.0.1:51681 - R:localhost/127.0.0.1:8083]}}, [disconnecting])
15:53:21.463 [reactor-http-nio-47] DEBUG reactor.netty.resources.PooledConnectionProvider - [id: 0xdaf60602, L:/127.0.0.1:51681 - R:localhost/127.0.0.1:8083] Releasing channel
15:53:21.463 [reactor-http-nio-47] DEBUG reactor.netty.resources.PooledConnectionProvider - [id: 0xdaf60602, L:/127.0.0.1:51681 - R:localhost/127.0.0.1:8083] Channel cleaned, now 75 active connections and 226 inactive connections
15:53:21.464 [pool-17-thread-94] INFO tourGuide.service.TourGuideService - visitedLocatio tourGuide.gpsUtil.VisitedLocation@3e881051
15:53:21.464 [pool-17-thread-94] DEBUG org.springframework.web.reactive.function.client.ExchangeFunctions - [3ab79358] HTTP GET http://localhost:8083/attractions
15:53:21.466 [reactor-http-nio-48] DEBUG reactor.netty.resources.PooledConnectionProvider - [id: 0x84cc2992, L:/127.0.0.1:51922 - R:localhost/127.0.0.1:8083] Channel acquired, now 76 active connections and 225 inactive connections
15:53:21.466 [reactor-http-nio-48] DEBUG reactor.netty.http.client.HttpClientConnect - [id: 0x84cc2992, L:/127.0.0.1:51922 - R:localhost/127.0.0.1:8083] Handler is being applied: {uri=http://localhost:8083/attractions, method=GET}
15:53:21.466 [reactor-http-nio-48] DEBUG reactor.netty.resources.PooledConnectionProvider - [id: 0x84cc2992, L:/127.0.0.1:51922 - R:localhost/127.0.0.1:8083] onStateChange(GET{uri=/attractions, connection=PooledConnection{channel=[id: 0x84cc2992, L:/127.0.0.1:51922 - R:localhost/127.0.0.1:8083]}}, [request_sent])
15:53:21.467 [pool-17-thread-54] INFO tourGuide.service.TourGuideService - visitedLocatio tourGuide.gpsUtil.VisitedLocation@4f0dbcaf
15:53:21.468 [pool-17-thread-54] DEBUG org.springframework.web.reactive.function.client.ExchangeFunctions - [4b323196] HTTP GET http://localhost:8083/attractions
15:53:21.469 [pool-17-thread-52] INFO tourGuide.service.TourGuideService - visitedLocatio tourGuide.gpsUtil.VisitedLocation@77a44d1c
15:53:21.469 [pool-17-thread-52] DEBUG org.springframework.web.reactive.function.client.ExchangeFunctions - [739bc730] HTTP GET http://localhost:8083/attractions
15:53:21.470 [reactor-http-nio-46] DEBUG reactor.netty.resources.PooledConnectionProvider - [id: 0x9abcbf1e, L:/127.0.0.1:51776 - R:localhost/127.0.0.1:8083] Channel acquired, now 77 active connections and 224 inactive connections
15:53:21.470 [reactor-http-nio-46] DEBUG reactor.netty.http.client.HttpClientConnect - [id: 0x9abcbf1e, L:/127.0.0.1:51776 - R:localhost/127.0.0.1:8083] Handler is being applied: {uri=http://localhost:8083/attractions, method=GET}
15:53:21.471 [reactor-http-nio-46] DEBUG reactor.netty.resources.PooledConnectionProvider - [id: 0x9abcbf1e, L:/127.0.0.1:51776 - R:localhost/127.0.0.1:8083] onStateChange(GET{uri=/attractions, connection=PooledConnection{channel=[id: 0x9abcbf1e, L:/127.0.0.1:51776 - R:localhost/127.0.0.1:8083]}}, [request_sent])
15:53:21.474 [reactor-http-nio-48] DEBUG reactor.netty.resources.PooledConnectionProvider - [id: 0xa05904f0, L:/127.0.0.1:51935 - R:localhost/127.0.0.1:8083] Channel acquired, now 78 active connections and 223 inactive connections
15:53:21.474 [reactor-http-nio-48] DEBUG reactor.netty.http.client.HttpClientConnect - [id: 0xa05904f0, L:/127.0.0.1:51935 - R:localhost/127.0.0.1:8083] Handler is being applied: {uri=http://localhost:8083/attractions, method=GET}
15:53:21.474 [reactor-http-nio-48] DEBUG reactor.netty.resources.PooledConnectionProvider - [id: 0xa05904f0, L:/127.0.0.1:51935 - R:localhost/127.0.0.1:8083] onStateChange(GET{uri=/attractions, connection=PooledConnection{channel=[id: 0xa05904f0, L:/127.0.0.1:51935 - R:localhost/127.0.0.1:8083]}}, [request_sent])
15:53:21.475 [pool-17-thread-53] INFO tourGuide.service.TourGuideService - visitedLocatio tourGuide.gpsUtil.VisitedLocation@53299c9f
15:53:21.476 [pool-17-thread-53] DEBUG org.springframework.web.reactive.function.client.ExchangeFunctions - [57161222] HTTP GET http://localhost:8083/attractions
15:53:21.480 [reactor-http-nio-48] DEBUG reactor.netty.resources.PooledConnectionProvider - [id: 0xb526d959, L:/127.0.0.1:51902 - R:localhost/127.0.0.1:8083] Channel acquired, now 79 active connections and 222 inactive connections
15:53:21.480 [reactor-http-nio-48] DEBUG reactor.netty.http.client.HttpClientConnect - [id: 0xb526d959, L:/127.0.0.1:51902 - R:localhost/127.0.0.1:8083] Handler is being applied: {uri=http://localhost:8083/attractions, method=GET}
15:53:21.480 [reactor-http-nio-48] DEBUG reactor.netty.resources.PooledConnectionProvider - [id: 0xb526d959, L:/127.0.0.1:51902 - R:localhost/127.0.0.1:8083] onStateChange(GET{uri=/attractions, connection=PooledConnection{channel=[id: 0xb526d959, L:/127.0.0.1:51902 - R:localhost/127.0.0.1:8083]}}, [request_sent])
15:53:21.480 [pool-17-thread-41] INFO tourGuide.service.TourGuideService - visitedLocatio tourGuide.gpsUtil.VisitedLocation@17bf2a9f
15:53:21.481 [pool-17-thread-41] DEBUG org.springframework.web.reactive.function.client.ExchangeFunctions - [1380bcb0] HTTP GET http://localhost:8083/attractions
15:53:21.482 [reactor-http-nio-48] DEBUG reactor.netty.resources.PooledConnectionProvider - [id: 0x6a1a0482, L:/127.0.0.1:51956 - R:localhost/127.0.0.1:8083] Channel acquired, now 80 active connections and 221 inactive connections
15:53:21.482 [reactor-http-nio-48] DEBUG reactor.netty.http.client.HttpClientConnect - [id: 0x6a1a0482, L:/127.0.0.1:51956 - R:localhost/127.0.0.1:8083] Handler is being applied: {uri=http://localhost:8083/attractions, method=GET}
15:53:21.483 [reactor-http-nio-48] DEBUG reactor.netty.resources.PooledConnectionProvider - [id: 0x6a1a0482, L:/127.0.0.1:51956 - R:localhost/127.0.0.1:8083] onStateChange(GET{uri=/attractions, connection=PooledConnection{channel=[id: 0x6a1a0482, L:/127.0.0.1:51956 - R:localhost/127.0.0.1:8083]}}, [request_sent])
15:53:21.485 [reactor-http-nio-41] DEBUG reactor.netty.http.client.HttpClientOperations - [id: 0xc8430281, L:/127.0.0.1:51729 - R:localhost/127.0.0.1:8083] Received response (auto-read:false) : [Content-Type=application/json, Transfer-Encoding=chunked, Date=Wed, 15 Jun 2022 14:53:20 GMT]
15:53:21.485 [reactor-http-nio-41] DEBUG reactor.netty.resources.PooledConnectionProvider - [id: 0xc8430281, L:/127.0.0.1:51729 - R:localhost/127.0.0.1:8083] onStateChange(GET{uri=/attractions, connection=PooledConnection{channel=[id: 0xc8430281, L:/127.0.0.1:51729 - R:localhost/127.0.0.1:8083]}}, [response_received])
15:53:21.485 [reactor-http-nio-47] DEBUG reactor.netty.http.client.HttpClientOperations - [id: 0xb2eb3594, L:/127.0.0.1:51873 - R:localhost/127.0.0.1:8083] Received response (auto-read:false) : [Content-Type=application/json, Transfer-Encoding=chunked, Date=Wed, 15 Jun 2022 14:53:20 GMT]
15:53:21.485 [reactor-http-nio-41] DEBUG org.springframework.web.reactive.function.client.ExchangeFunctions - [5bba0562] Response 200 OK
15:53:21.485 [reactor-http-nio-48] DEBUG reactor.netty.http.client.HttpClientOperations - [id: 0xc3839908, L:/127.0.0.1:51914 - R:localhost/127.0.0.1:8083] Received response (auto-read:false) : [Content-Type=application/json, Transfer-Encoding=chunked, Date=Wed, 15 Jun 2022 14:53:20 GMT]
15:53:21.485 [reactor-http-nio-48] DEBUG reactor.netty.resources.PooledConnectionProvider - [id: 0xc3839908, L:/127.0.0.1:51914 - R:localhost/127.0.0.1:8083] onStateChange(GET{uri=/attractions, connection=PooledConnection{channel=[id: 0xc3839908, L:/127.0.0.1:51914 - R:localhost/127.0.0.1:8083]}}, [response_received])
15:53:21.485 [reactor-http-nio-48] DEBUG org.springframework.web.reactive.function.client.ExchangeFunctions - [156d6a48] Response 200 OK
15:53:21.485 [reactor-http-nio-46] DEBUG reactor.netty.http.client.HttpClientOperations - [id: 0x66bc1825, L:/127.0.0.1:51780 - R:localhost/127.0.0.1:8083] Received response (auto-read:false) : [Content-Type=application/json, Transfer-Encoding=chunked, Date=Wed, 15 Jun 2022 14:53:20 GMT]
15:53:21.485 [reactor-http-nio-46] DEBUG reactor.netty.resources.PooledConnectionProvider - [id: 0x66bc1825, L:/127.0.0.1:51780 - R:localhost/127.0.0.1:8083] onStateChange(GET{uri=/userLocation?userId=27d82a9d-130f-4bd7-b7f7-a22207d106d7, connection=PooledConnection{channel=[id: 0x66bc1825, L:/127.0.0.1:51780 - R:localhost/127.0.0.1:8083]}}, [response_received])
15:53:21.485 [reactor-http-nio-46] DEBUG org.springframework.web.reactive.function.client.ExchangeFunctions - [483c4bbd] Response 200 OK
15:53:21.485 [reactor-http-nio-47] DEBUG reactor.netty.resources.PooledConnectionProvider - [id: 0xb2eb3594, L:/127.0.0.1:51873 - R:localhost/127.0.0.1:8083] onStateChange(GET{uri=/attractions, connection=PooledConnection{channel=[id: 0xb2eb3594, L:/127.0.0.1:51873 - R:localhost/127.0.0.1:8083]}}, [response_received])
15:53:21.485 [reactor-http-nio-48] DEBUG reactor.netty.channel.FluxReceive - [id: 0xc3839908, L:/127.0.0.1:51914 - R:localhost/127.0.0.1:8083] Subscribing inbound receiver [pending: 0, cancelled:false, inboundDone: false]
15:53:21.485 [reactor-http-nio-41] DEBUG reactor.netty.channel.FluxReceive - [id: 0xc8430281, L:/127.0.0.1:51729 - R:localhost/127.0.0.1:8083] Subscribing inbound receiver [pending: 0, cancelled:false, inboundDone: false]
15:53:21.485 [reactor-http-nio-46] DEBUG reactor.netty.channel.FluxReceive - [id: 0x66bc1825, L:/127.0.0.1:51780 - R:localhost/127.0.0.1:8083] Subscribing inbound receiver [pending: 0, cancelled:false, inboundDone: false]
15:53:21.485 [reactor-http-nio-41] DEBUG reactor.netty.http.client.HttpClientOperations - [id: 0xc8430281, L:/127.0.0.1:51729 - R:localhost/127.0.0.1:8083] Received last HTTP packet
15:53:21.485 [reactor-http-nio-48] DEBUG reactor.netty.http.client.HttpClientOperations - [id: 0xc3839908, L:/127.0.0.1:51914 - R:localhost/127.0.0.1:8083] Received last HTTP packet
15:53:21.485 [reactor-http-nio-48] DEBUG org.springframework.core.codec.StringDecoder - [156d6a48] Decoded "[{"longitude":-117.922008,"latitude":33.817595,"attractionName":"Disneyland","city":"Anaheim","stat (truncated)...
15:53:21.485 [reactor-http-nio-48] DEBUG reactor.netty.resources.PooledConnectionProvider - [id: 0xc3839908, L:/127.0.0.1:51914 - R:localhost/127.0.0.1:8083] onStateChange(GET{uri=/attractions, connection=PooledConnection{channel=[id: 0xc3839908, L:/127.0.0.1:51914 - R:localhost/127.0.0.1:8083]}}, [disconnecting])
15:53:21.485 [reactor-http-nio-48] DEBUG reactor.netty.resources.PooledConnectionProvider - [id: 0xc3839908, L:/127.0.0.1:51914 - R:localhost/127.0.0.1:8083] Releasing channel
15:53:21.485 [reactor-http-nio-48] DEBUG reactor.netty.resources.PooledConnectionProvider - [id: 0xc3839908, L:/127.0.0.1:51914 - R:localhost/127.0.0.1:8083] Channel cleaned, now 79 active connections and 222 inactive connections
15:53:21.485 [reactor-http-nio-41] DEBUG org.springframework.core.codec.StringDecoder - [5bba0562] Decoded "[{"longitude":-117.922008,"latitude":33.817595,"attractionName":"Disneyland","city":"Anaheim","stat (truncated)...
15:53:21.485 [reactor-http-nio-41] DEBUG reactor.netty.resources.PooledConnectionProvider - [id: 0xc8430281, L:/127.0.0.1:51729 - R:localhost/127.0.0.1:8083] onStateChange(GET{uri=/attractions, connection=PooledConnection{channel=[id: 0xc8430281, L:/127.0.0.1:51729 - R:localhost/127.0.0.1:8083]}}, [disconnecting])
15:53:21.485 [reactor-http-nio-41] DEBUG reactor.netty.resources.PooledConnectionProvider - [id: 0xc8430281, L:/127.0.0.1:51729 - R:localhost/127.0.0.1:8083] Releasing channel
15:53:21.485 [reactor-http-nio-46] DEBUG reactor.netty.http.client.HttpClientOperations - [id: 0x66bc1825, L:/127.0.0.1:51780 - R:localhost/127.0.0.1:8083] Received last HTTP packet
15:53:21.485 [reactor-http-nio-41] DEBUG reactor.netty.resources.PooledConnectionProvider - [id: 0xc8430281, L:/127.0.0.1:51729 - R:localhost/127.0.0.1:8083] Channel cleaned, now 78 active connections and 223 inactive connections
15:53:21.485 [reactor-http-nio-46] DEBUG org.springframework.core.codec.StringDecoder - [483c4bbd] Decoded "{"userId":"27d82a9d-130f-4bd7-b7f7-a22207d106d7","location":{"longitude":-70.406319,"latitude":78.4 (truncated)...
15:53:21.485 [reactor-http-nio-46] DEBUG reactor.netty.resources.PooledConnectionProvider - [id: 0x66bc1825, L:/127.0.0.1:51780 - R:localhost/127.0.0.1:8083] onStateChange(GET{uri=/userLocation?userId=27d82a9d-130f-4bd7-b7f7-a22207d106d7, connection=PooledConnection{channel=[id: 0x66bc1825, L:/127.0.0.1:51780 - R:localhost/127.0.0.1:8083]}}, [disconnecting])
15:53:21.485 [reactor-http-nio-46] DEBUG reactor.netty.resources.PooledConnectionProvider - [id: 0x66bc1825, L:/127.0.0.1:51780 - R:localhost/127.0.0.1:8083] Releasing channel
15:53:21.485 [reactor-http-nio-46] DEBUG reactor.netty.resources.PooledConnectionProvider - [id: 0x66bc1825, L:/127.0.0.1:51780 - R:localhost/127.0.0.1:8083] Channel cleaned, now 77 active connections and 224 inactive connections
15:53:21.485 [reactor-http-nio-48] DEBUG reactor.netty.http.client.HttpClientOperations - [id: 0xcaa282b1, L:/127.0.0.1:51876 - R:localhost/127.0.0.1:8083] Received response (auto-read:false) : [Content-Type=application/json, Transfer-Encoding=chunked, Date=Wed, 15 Jun 2022 14:53:20 GMT]
15:53:21.485 [reactor-http-nio-48] DEBUG reactor.netty.resources.PooledConnectionProvider - [id: 0xcaa282b1, L:/127.0.0.1:51876 - R:localhost/127.0.0.1:8083] onStateChange(GET{uri=/attractions, connection=PooledConnection{channel=[id: 0xcaa282b1, L:/127.0.0.1:51876 - R:localhost/127.0.0.1:8083]}}, [response_received])
15:53:21.485 [reactor-http-nio-41] DEBUG reactor.netty.http.client.HttpClientOperations - [id: 0x7ed84751, L:/127.0.0.1:51753 - R:localhost/127.0.0.1:8083] Received response (auto-read:false) : [Content-Type=application/json, Transfer-Encoding=chunked, Date=Wed, 15 Jun 2022 14:53:20 GMT]
15:53:21.485 [reactor-http-nio-48] DEBUG org.springframework.web.reactive.function.client.ExchangeFunctions - [14a3c698] Response 200 OK
15:53:21.485 [reactor-http-nio-46] DEBUG reactor.netty.http.client.HttpClientOperations - [id: 0x72e5dab1, L:/127.0.0.1:51797 - R:localhost/127.0.0.1:8083] Received response (auto-read:false) : [Content-Type=application/json, Transfer-Encoding=chunked, Date=Wed, 15 Jun 2022 14:53:20 GMT]
15:53:21.485 [reactor-http-nio-41] DEBUG reactor.netty.resources.PooledConnectionProvider - [id: 0x7ed84751, L:/127.0.0.1:51753 - R:localhost/127.0.0.1:8083] onStateChange(GET{uri=/userLocation?userId=db7a32da-c832-4931-a9f7-f3202ed24972, connection=PooledConnection{channel=[id: 0x7ed84751, L:/127.0.0.1:51753 - R:localhost/127.0.0.1:8083]}}, [response_received])
15:53:21.485 [reactor-http-nio-47] DEBUG org.springframework.web.reactive.function.client.ExchangeFunctions - [2b21c14a] Response 200 OK
15:53:21.485 [reactor-http-nio-46] DEBUG reactor.netty.resources.PooledConnectionProvider - [id: 0x72e5dab1, L:/127.0.0.1:51797 - R:localhost/127.0.0.1:8083] onStateChange(GET{uri=/attractions, connection=PooledConnection{channel=[id: 0x72e5dab1, L:/127.0.0.1:51797 - R:localhost/127.0.0.1:8083]}}, [response_received])
15:53:21.485 [reactor-http-nio-41] DEBUG org.springframework.web.reactive.function.client.ExchangeFunctions - [2d9f4c6a] Response 200 OK
15:53:21.486 [reactor-http-nio-46] DEBUG org.springframework.web.reactive.function.client.ExchangeFunctions - [1e6b82f1] Response 200 OK
15:53:21.486 [reactor-http-nio-46] DEBUG reactor.netty.channel.FluxReceive - [id: 0x72e5dab1, L:/127.0.0.1:51797 - R:localhost/127.0.0.1:8083] Subscribing inbound receiver [pending: 0, cancelled:false, inboundDone: false]
15:53:21.486 [reactor-http-nio-46] DEBUG reactor.netty.http.client.HttpClientOperations - [id: 0x72e5dab1, L:/127.0.0.1:51797 - R:localhost/127.0.0.1:8083] Received last HTTP packet
15:53:21.486 [reactor-http-nio-48] DEBUG reactor.netty.channel.FluxReceive - [id: 0xcaa282b1, L:/127.0.0.1:51876 - R:localhost/127.0.0.1:8083] Subscribing inbound receiver [pending: 0, cancelled:false, inboundDone: false]
15:53:21.486 [reactor-http-nio-48] DEBUG reactor.netty.http.client.HttpClientOperations - [id: 0xcaa282b1, L:/127.0.0.1:51876 - R:localhost/127.0.0.1:8083] Received last HTTP packet
15:53:21.486 [reactor-http-nio-46] DEBUG org.springframework.core.codec.StringDecoder - [1e6b82f1] Decoded "[{"longitude":-117.922008,"latitude":33.817595,"attractionName":"Disneyland","city":"Anaheim","stat (truncated)...
15:53:21.486 [reactor-http-nio-48] DEBUG org.springframework.core.codec.StringDecoder - [14a3c698] Decoded "[{"longitude":-117.922008,"latitude":33.817595,"attractionName":"Disneyland","city":"Anaheim","stat (truncated)...
15:53:21.486 [reactor-http-nio-46] DEBUG reactor.netty.resources.PooledConnectionProvider - [id: 0x72e5dab1, L:/127.0.0.1:51797 - R:localhost/127.0.0.1:8083] onStateChange(GET{uri=/attractions, connection=PooledConnection{channel=[id: 0x72e5dab1, L:/127.0.0.1:51797 - R:localhost/127.0.0.1:8083]}}, [disconnecting])
15:53:21.486 [reactor-http-nio-46] DEBUG reactor.netty.resources.PooledConnectionProvider - [id: 0x72e5dab1, L:/127.0.0.1:51797 - R:localhost/127.0.0.1:8083] Releasing channel
15:53:21.486 [reactor-http-nio-46] DEBUG reactor.netty.resources.PooledConnectionProvider - [id: 0x72e5dab1, L:/127.0.0.1:51797 - R:localhost/127.0.0.1:8083] Channel cleaned, now 76 active connections and 225 inactive connections
15:53:21.486 [reactor-http-nio-41] DEBUG reactor.netty.channel.FluxReceive - [id: 0x7ed84751, L:/127.0.0.1:51753 - R:localhost/127.0.0.1:8083] Subscribing inbound receiver [pending: 0, cancelled:false, inboundDone: false]
15:53:21.486 [reactor-http-nio-41] DEBUG reactor.netty.http.client.HttpClientOperations - [id: 0x7ed84751, L:/127.0.0.1:51753 - R:localhost/127.0.0.1:8083] Received last HTTP packet
15:53:21.486 [reactor-http-nio-41] DEBUG org.springframework.core.codec.StringDecoder - [2d9f4c6a] Decoded "{"userId":"db7a32da-c832-4931-a9f7-f3202ed24972","location":{"longitude":-135.653974,"latitude":82. (truncated)...
15:53:21.486 [reactor-http-nio-41] DEBUG reactor.netty.resources.PooledConnectionProvider - [id: 0x7ed84751, L:/127.0.0.1:51753 - R:localhost/127.0.0.1:8083] onStateChange(GET{uri=/userLocation?userId=db7a32da-c832-4931-a9f7-f3202ed24972, connection=PooledConnection{channel=[id: 0x7ed84751, L:/127.0.0.1:51753 - R:localhost/127.0.0.1:8083]}}, [disconnecting])
15:53:21.486 [reactor-http-nio-41] DEBUG reactor.netty.resources.PooledConnectionProvider - [id: 0x7ed84751, L:/127.0.0.1:51753 - R:localhost/127.0.0.1:8083] Releasing channel
15:53:21.486 [reactor-http-nio-41] DEBUG reactor.netty.resources.PooledConnectionProvider - [id: 0x7ed84751, L:/127.0.0.1:51753 - R:localhost/127.0.0.1:8083] Channel cleaned, now 75 active connections and 226 inactive connections
15:53:21.486 [reactor-http-nio-48] DEBUG reactor.netty.resources.PooledConnectionProvider - [id: 0xcaa282b1, L:/127.0.0.1:51876 - R:localhost/127.0.0.1:8083] onStateChange(GET{uri=/attractions, connection=PooledConnection{channel=[id: 0xcaa282b1, L:/127.0.0.1:51876 - R:localhost/127.0.0.1:8083]}}, [disconnecting])
15:53:21.486 [reactor-http-nio-48] DEBUG reactor.netty.resources.PooledConnectionProvider - [id: 0xcaa282b1, L:/127.0.0.1:51876 - R:localhost/127.0.0.1:8083] Releasing channel
15:53:21.486 [reactor-http-nio-48] DEBUG reactor.netty.resources.PooledConnectionProvider - [id: 0xcaa282b1, L:/127.0.0.1:51876 - R:localhost/127.0.0.1:8083] Channel cleaned, now 74 active connections and 227 inactive connections
15:53:21.486 [reactor-http-nio-48] DEBUG reactor.netty.http.client.HttpClientOperations - [id: 0x2539c881, L:/127.0.0.1:51963 - R:localhost/127.0.0.1:8083] Received last HTTP packet
15:53:21.486 [reactor-http-nio-48] DEBUG org.springframework.core.codec.StringDecoder - [4f4969dc] Decoded "{"userId":"b3e47689-6701-4676-a350-3f92ac16ffa1","location":{"longitude":118.644818,"latitude":49.3 (truncated)...
15:53:21.486 [reactor-http-nio-48] DEBUG reactor.netty.resources.PooledConnectionProvider - [id: 0x2539c881, L:/127.0.0.1:51963 - R:localhost/127.0.0.1:8083] onStateChange(GET{uri=/userLocation?userId=b3e47689-6701-4676-a350-3f92ac16ffa1, connection=PooledConnection{channel=[id: 0x2539c881, L:/127.0.0.1:51963 - R:localhost/127.0.0.1:8083]}}, [disconnecting])
15:53:21.486 [reactor-http-nio-48] DEBUG reactor.netty.resources.PooledConnectionProvider - [id: 0x2539c881, L:/127.0.0.1:51963 - R:localhost/127.0.0.1:8083] Releasing channel
15:53:21.486 [reactor-http-nio-48] DEBUG reactor.netty.resources.PooledConnectionProvider - [id: 0x2539c881, L:/127.0.0.1:51963 - R:localhost/127.0.0.1:8083] Channel cleaned, now 73 active connections and 228 inactive connections
15:53:21.487 [reactor-http-nio-47] DEBUG reactor.netty.channel.FluxReceive - [id: 0xb2eb3594, L:/127.0.0.1:51873 - R:localhost/127.0.0.1:8083] Subscribing inbound receiver [pending: 0, cancelled:false, inboundDone: false]
15:53:21.487 [reactor-http-nio-47] DEBUG reactor.netty.http.client.HttpClientOperations - [id: 0x7af5fc74, L:/127.0.0.1:51854 - R:localhost/127.0.0.1:8083] Received response (auto-read:false) : [Content-Type=application/json, Transfer-Encoding=chunked, Date=Wed, 15 Jun 2022 14:53:20 GMT]
15:53:21.487 [reactor-http-nio-47] DEBUG reactor.netty.resources.PooledConnectionProvider - [id: 0x7af5fc74, L:/127.0.0.1:51854 - R:localhost/127.0.0.1:8083] onStateChange(GET{uri=/attractions, connection=PooledConnection{channel=[id: 0x7af5fc74, L:/127.0.0.1:51854 - R:localhost/127.0.0.1:8083]}}, [response_received])
15:53:21.487 [reactor-http-nio-47] DEBUG org.springframework.web.reactive.function.client.ExchangeFunctions - [5f801ba3] Response 200 OK
15:53:21.487 [reactor-http-nio-47] DEBUG reactor.netty.channel.FluxReceive - [id: 0x7af5fc74, L:/127.0.0.1:51854 - R:localhost/127.0.0.1:8083] Subscribing inbound receiver [pending: 0, cancelled:false, inboundDone: false]
15:53:21.488 [reactor-http-nio-47] DEBUG reactor.netty.http.client.HttpClientOperations - [id: 0x7af5fc74, L:/127.0.0.1:51854 - R:localhost/127.0.0.1:8083] Received last HTTP packet
15:53:21.488 [reactor-http-nio-47] DEBUG org.springframework.core.codec.StringDecoder - [5f801ba3] Decoded "[{"longitude":-117.922008,"latitude":33.817595,"attractionName":"Disneyland","city":"Anaheim","stat (truncated)...
15:53:21.488 [reactor-http-nio-47] DEBUG reactor.netty.resources.PooledConnectionProvider - [id: 0x7af5fc74, L:/127.0.0.1:51854 - R:localhost/127.0.0.1:8083] onStateChange(GET{uri=/attractions, connection=PooledConnection{channel=[id: 0x7af5fc74, L:/127.0.0.1:51854 - R:localhost/127.0.0.1:8083]}}, [disconnecting])
15:53:21.488 [reactor-http-nio-47] DEBUG reactor.netty.resources.PooledConnectionProvider - [id: 0x7af5fc74, L:/127.0.0.1:51854 - R:localhost/127.0.0.1:8083] Releasing channel
15:53:21.488 [reactor-http-nio-47] DEBUG reactor.netty.resources.PooledConnectionProvider - [id: 0x7af5fc74, L:/127.0.0.1:51854 - R:localhost/127.0.0.1:8083] Channel cleaned, now 72 active connections and 229 inactive connections
15:53:21.488 [reactor-http-nio-47] DEBUG reactor.netty.http.client.HttpClientOperations - [id: 0xa6138326, L:/127.0.0.1:51881 - R:localhost/127.0.0.1:8083] Received last HTTP packet
15:53:21.488 [reactor-http-nio-47] DEBUG org.springframework.core.codec.StringDecoder - [1819ef1d] Decoded "[{"longitude":-117.922008,"latitude":33.817595,"attractionName":"Disneyland","city":"Anaheim","stat (truncated)...
15:53:21.488 [reactor-http-nio-47] DEBUG reactor.netty.resources.PooledConnectionProvider - [id: 0xa6138326, L:/127.0.0.1:51881 - R:localhost/127.0.0.1:8083] onStateChange(GET{uri=/attractions, connection=PooledConnection{channel=[id: 0xa6138326, L:/127.0.0.1:51881 - R:localhost/127.0.0.1:8083]}}, [disconnecting])
15:53:21.488 [reactor-http-nio-47] DEBUG reactor.netty.resources.PooledConnectionProvider - [id: 0xa6138326, L:/127.0.0.1:51881 - R:localhost/127.0.0.1:8083] Releasing channel
15:53:21.488 [reactor-http-nio-47] DEBUG reactor.netty.resources.PooledConnectionProvider - [id: 0xa6138326, L:/127.0.0.1:51881 - R:localhost/127.0.0.1:8083] Channel cleaned, now 71 active connections and 230 inactive connections
15:53:21.488 [pool-17-thread-93] INFO tourGuide.service.TourGuideService - visitedLocatio tourGuide.gpsUtil.VisitedLocation@46fbacca
15:53:21.489 [pool-17-thread-93] DEBUG org.springframework.web.reactive.function.client.ExchangeFunctions - [42c420cd] HTTP GET http://localhost:8083/attractions
15:53:21.489 [pool-17-thread-70] INFO tourGuide.service.TourGuideService - visitedLocatio tourGuide.gpsUtil.VisitedLocation@2358a7a9
15:53:21.490 [pool-17-thread-70] DEBUG org.springframework.web.reactive.function.client.ExchangeFunctions - [2767271a] HTTP GET http://localhost:8083/attractions
15:53:21.491 [reactor-http-nio-46] DEBUG reactor.netty.resources.PooledConnectionProvider - [id: 0x0a4cfcd0, L:/127.0.0.1:51802 - R:localhost/127.0.0.1:8083] Channel acquired, now 72 active connections and 229 inactive connections
15:53:21.491 [reactor-http-nio-46] DEBUG reactor.netty.http.client.HttpClientConnect - [id: 0x0a4cfcd0, L:/127.0.0.1:51802 - R:localhost/127.0.0.1:8083] Handler is being applied: {uri=http://localhost:8083/attractions, method=GET}
15:53:21.491 [reactor-http-nio-46] DEBUG reactor.netty.resources.PooledConnectionProvider - [id: 0x0a4cfcd0, L:/127.0.0.1:51802 - R:localhost/127.0.0.1:8083] onStateChange(GET{uri=/attractions, connection=PooledConnection{channel=[id: 0x0a4cfcd0, L:/127.0.0.1:51802 - R:localhost/127.0.0.1:8083]}}, [request_sent])
15:53:21.492 [pool-17-thread-85] INFO tourGuide.service.TourGuideService - visitedLocatio tourGuide.gpsUtil.VisitedLocation@418e9e45
15:53:21.493 [reactor-http-nio-47] DEBUG reactor.netty.resources.PooledConnectionProvider - [id: 0xdd35a511, L:/127.0.0.1:51898 - R:localhost/127.0.0.1:8083] Channel acquired, now 73 active connections and 228 inactive connections
15:53:21.493 [reactor-http-nio-47] DEBUG reactor.netty.http.client.HttpClientConnect - [id: 0xdd35a511, L:/127.0.0.1:51898 - R:localhost/127.0.0.1:8083] Handler is being applied: {uri=http://localhost:8083/attractions, method=GET}
15:53:21.493 [pool-17-thread-85] DEBUG org.springframework.web.reactive.function.client.ExchangeFunctions - [45b102ac] HTTP GET http://localhost:8083/attractions
15:53:21.493 [reactor-http-nio-47] DEBUG reactor.netty.resources.PooledConnectionProvider - [id: 0xdd35a511, L:/127.0.0.1:51898 - R:localhost/127.0.0.1:8083] onStateChange(GET{uri=/attractions, connection=PooledConnection{channel=[id: 0xdd35a511, L:/127.0.0.1:51898 - R:localhost/127.0.0.1:8083]}}, [request_sent])
15:53:21.496 [reactor-http-nio-46] DEBUG reactor.netty.resources.PooledConnectionProvider - [id: 0x7a77be43, L:/127.0.0.1:51818 - R:localhost/127.0.0.1:8083] Channel acquired, now 74 active connections and 227 inactive connections
15:53:21.497 [reactor-http-nio-46] DEBUG reactor.netty.http.client.HttpClientConnect - [id: 0x7a77be43, L:/127.0.0.1:51818 - R:localhost/127.0.0.1:8083] Handler is being applied: {uri=http://localhost:8083/attractions, method=GET}
15:53:21.497 [reactor-http-nio-46] DEBUG reactor.netty.resources.PooledConnectionProvider - [id: 0x7a77be43, L:/127.0.0.1:51818 - R:localhost/127.0.0.1:8083] onStateChange(GET{uri=/attractions, connection=PooledConnection{channel=[id: 0x7a77be43, L:/127.0.0.1:51818 - R:localhost/127.0.0.1:8083]}}, [request_sent])
15:53:21.502 [reactor-http-nio-46] DEBUG reactor.netty.http.client.HttpClientOperations - [id: 0x6dee6723, L:/127.0.0.1:51807 - R:localhost/127.0.0.1:8083] Received response (auto-read:false) : [Content-Type=application/json, Transfer-Encoding=chunked, Date=Wed, 15 Jun 2022 14:53:20 GMT]
15:53:21.502 [reactor-http-nio-46] DEBUG reactor.netty.resources.PooledConnectionProvider - [id: 0x6dee6723, L:/127.0.0.1:51807 - R:localhost/127.0.0.1:8083] onStateChange(GET{uri=/attractions, connection=PooledConnection{channel=[id: 0x6dee6723, L:/127.0.0.1:51807 - R:localhost/127.0.0.1:8083]}}, [response_received])
15:53:21.502 [reactor-http-nio-46] DEBUG org.springframework.web.reactive.function.client.ExchangeFunctions - [9ca3949] Response 200 OK
15:53:21.502 [reactor-http-nio-46] DEBUG reactor.netty.channel.FluxReceive - [id: 0x6dee6723, L:/127.0.0.1:51807 - R:localhost/127.0.0.1:8083] Subscribing inbound receiver [pending: 0, cancelled:false, inboundDone: false]
15:53:21.502 [reactor-http-nio-46] DEBUG reactor.netty.http.client.HttpClientOperations - [id: 0x6dee6723, L:/127.0.0.1:51807 - R:localhost/127.0.0.1:8083] Received last HTTP packet
15:53:21.502 [reactor-http-nio-46] DEBUG org.springframework.core.codec.StringDecoder - [9ca3949] Decoded "[{"longitude":-117.922008,"latitude":33.817595,"attractionName":"Disneyland","city":"Anaheim","stat (truncated)...
15:53:21.503 [reactor-http-nio-46] DEBUG reactor.netty.resources.PooledConnectionProvider - [id: 0x6dee6723, L:/127.0.0.1:51807 - R:localhost/127.0.0.1:8083] onStateChange(GET{uri=/attractions, connection=PooledConnection{channel=[id: 0x6dee6723, L:/127.0.0.1:51807 - R:localhost/127.0.0.1:8083]}}, [disconnecting])
15:53:21.503 [reactor-http-nio-46] DEBUG reactor.netty.resources.PooledConnectionProvider - [id: 0x6dee6723, L:/127.0.0.1:51807 - R:localhost/127.0.0.1:8083] Releasing channel
15:53:21.503 [reactor-http-nio-46] DEBUG reactor.netty.resources.PooledConnectionProvider - [id: 0x6dee6723, L:/127.0.0.1:51807 - R:localhost/127.0.0.1:8083] Channel cleaned, now 73 active connections and 228 inactive connections
15:53:21.504 [reactor-http-nio-48] DEBUG reactor.netty.http.client.HttpClientOperations - [id: 0x03a75d7c, L:/127.0.0.1:51954 - R:localhost/127.0.0.1:8083] Received response (auto-read:false) : [Content-Type=application/json, Transfer-Encoding=chunked, Date=Wed, 15 Jun 2022 14:53:20 GMT]
15:53:21.504 [reactor-http-nio-48] DEBUG reactor.netty.resources.PooledConnectionProvider - [id: 0x03a75d7c, L:/127.0.0.1:51954 - R:localhost/127.0.0.1:8083] onStateChange(GET{uri=/attractions, connection=PooledConnection{channel=[id: 0x03a75d7c, L:/127.0.0.1:51954 - R:localhost/127.0.0.1:8083]}}, [response_received])
15:53:21.504 [reactor-http-nio-47] DEBUG reactor.netty.http.client.HttpClientOperations - [id: 0xb2eb3594, L:/127.0.0.1:51873 - R:localhost/127.0.0.1:8083] Received last HTTP packet
15:53:21.504 [reactor-http-nio-48] DEBUG org.springframework.web.reactive.function.client.ExchangeFunctions - [5604aa71] Response 200 OK
15:53:21.504 [reactor-http-nio-47] DEBUG org.springframework.core.codec.StringDecoder - [2b21c14a] Decoded "[{"longitude":-117.922008,"latitude":33.817595,"attractionName":"Disneyland","city":"Anaheim","stat (truncated)...
15:53:21.504 [reactor-http-nio-47] DEBUG reactor.netty.resources.PooledConnectionProvider - [id: 0xb2eb3594, L:/127.0.0.1:51873 - R:localhost/127.0.0.1:8083] onStateChange(GET{uri=/attractions, connection=PooledConnection{channel=[id: 0xb2eb3594, L:/127.0.0.1:51873 - R:localhost/127.0.0.1:8083]}}, [disconnecting])
15:53:21.504 [reactor-http-nio-47] DEBUG reactor.netty.resources.PooledConnectionProvider - [id: 0xb2eb3594, L:/127.0.0.1:51873 - R:localhost/127.0.0.1:8083] Releasing channel
15:53:21.504 [reactor-http-nio-47] DEBUG reactor.netty.resources.PooledConnectionProvider - [id: 0xb2eb3594, L:/127.0.0.1:51873 - R:localhost/127.0.0.1:8083] Channel cleaned, now 72 active connections and 229 inactive connections
15:53:21.504 [reactor-http-nio-48] DEBUG reactor.netty.channel.FluxReceive - [id: 0x03a75d7c, L:/127.0.0.1:51954 - R:localhost/127.0.0.1:8083] Subscribing inbound receiver [pending: 0, cancelled:false, inboundDone: false]
15:53:21.505 [reactor-http-nio-48] DEBUG reactor.netty.http.client.HttpClientOperations - [id: 0xe73f3e74, L:/127.0.0.1:51908 - R:localhost/127.0.0.1:8083] Received response (auto-read:false) : [Content-Type=application/json, Transfer-Encoding=chunked, Date=Wed, 15 Jun 2022 14:53:20 GMT]
15:53:21.505 [reactor-http-nio-48] DEBUG reactor.netty.resources.PooledConnectionProvider - [id: 0xe73f3e74, L:/127.0.0.1:51908 - R:localhost/127.0.0.1:8083] onStateChange(GET{uri=/attractions, connection=PooledConnection{channel=[id: 0xe73f3e74, L:/127.0.0.1:51908 - R:localhost/127.0.0.1:8083]}}, [response_received])
15:53:21.505 [reactor-http-nio-48] DEBUG org.springframework.web.reactive.function.client.ExchangeFunctions - [ec69e87] Response 200 OK
15:53:21.505 [reactor-http-nio-48] DEBUG reactor.netty.channel.FluxReceive - [id: 0xe73f3e74, L:/127.0.0.1:51908 - R:localhost/127.0.0.1:8083] Subscribing inbound receiver [pending: 0, cancelled:false, inboundDone: false]
15:53:21.505 [reactor-http-nio-48] DEBUG reactor.netty.http.client.HttpClientOperations - [id: 0x03a75d7c, L:/127.0.0.1:51954 - R:localhost/127.0.0.1:8083] Received last HTTP packet
15:53:21.505 [reactor-http-nio-48] DEBUG org.springframework.core.codec.StringDecoder - [5604aa71] Decoded "[{"longitude":-117.922008,"latitude":33.817595,"attractionName":"Disneyland","city":"Anaheim","stat (truncated)...
15:53:21.505 [reactor-http-nio-48] DEBUG reactor.netty.resources.PooledConnectionProvider - [id: 0x03a75d7c, L:/127.0.0.1:51954 - R:localhost/127.0.0.1:8083] onStateChange(GET{uri=/attractions, connection=PooledConnection{channel=[id: 0x03a75d7c, L:/127.0.0.1:51954 - R:localhost/127.0.0.1:8083]}}, [disconnecting])
15:53:21.505 [reactor-http-nio-48] DEBUG reactor.netty.resources.PooledConnectionProvider - [id: 0x03a75d7c, L:/127.0.0.1:51954 - R:localhost/127.0.0.1:8083] Releasing channel
15:53:21.505 [reactor-http-nio-48] DEBUG reactor.netty.resources.PooledConnectionProvider - [id: 0x03a75d7c, L:/127.0.0.1:51954 - R:localhost/127.0.0.1:8083] Channel cleaned, now 71 active connections and 230 inactive connections
15:53:21.507 [reactor-http-nio-48] DEBUG reactor.netty.http.client.HttpClientOperations - [id: 0xe73f3e74, L:/127.0.0.1:51908 - R:localhost/127.0.0.1:8083] Received last HTTP packet
15:53:21.507 [reactor-http-nio-48] DEBUG org.springframework.core.codec.StringDecoder - [ec69e87] Decoded "[{"longitude":-117.922008,"latitude":33.817595,"attractionName":"Disneyland","city":"Anaheim","stat (truncated)...
15:53:21.507 [reactor-http-nio-48] DEBUG reactor.netty.resources.PooledConnectionProvider - [id: 0xe73f3e74, L:/127.0.0.1:51908 - R:localhost/127.0.0.1:8083] onStateChange(GET{uri=/attractions, connection=PooledConnection{channel=[id: 0xe73f3e74, L:/127.0.0.1:51908 - R:localhost/127.0.0.1:8083]}}, [disconnecting])
15:53:21.507 [reactor-http-nio-48] DEBUG reactor.netty.resources.PooledConnectionProvider - [id: 0xe73f3e74, L:/127.0.0.1:51908 - R:localhost/127.0.0.1:8083] Releasing channel
15:53:21.507 [reactor-http-nio-48] DEBUG reactor.netty.resources.PooledConnectionProvider - [id: 0xe73f3e74, L:/127.0.0.1:51908 - R:localhost/127.0.0.1:8083] Channel cleaned, now 70 active connections and 231 inactive connections
15:53:21.511 [reactor-http-nio-47] DEBUG reactor.netty.http.client.HttpClientOperations - [id: 0x2891d552, L:/127.0.0.1:51862 - R:localhost/127.0.0.1:8083] Received response (auto-read:false) : [Content-Type=application/json, Transfer-Encoding=chunked, Date=Wed, 15 Jun 2022 14:53:20 GMT]
15:53:21.511 [reactor-http-nio-47] DEBUG reactor.netty.resources.PooledConnectionProvider - [id: 0x2891d552, L:/127.0.0.1:51862 - R:localhost/127.0.0.1:8083] onStateChange(GET{uri=/attractions, connection=PooledConnection{channel=[id: 0x2891d552, L:/127.0.0.1:51862 - R:localhost/127.0.0.1:8083]}}, [response_received])
15:53:21.511 [reactor-http-nio-47] DEBUG org.springframework.web.reactive.function.client.ExchangeFunctions - [237ea51f] Response 200 OK
15:53:21.511 [reactor-http-nio-47] DEBUG reactor.netty.channel.FluxReceive - [id: 0x2891d552, L:/127.0.0.1:51862 - R:localhost/127.0.0.1:8083] Subscribing inbound receiver [pending: 0, cancelled:false, inboundDone: false]
15:53:21.512 [reactor-http-nio-47] DEBUG reactor.netty.http.client.HttpClientOperations - [id: 0x2891d552, L:/127.0.0.1:51862 - R:localhost/127.0.0.1:8083] Received last HTTP packet
15:53:21.512 [reactor-http-nio-47] DEBUG org.springframework.core.codec.StringDecoder - [237ea51f] Decoded "[{"longitude":-117.922008,"latitude":33.817595,"attractionName":"Disneyland","city":"Anaheim","stat (truncated)...
15:53:21.512 [reactor-http-nio-47] DEBUG reactor.netty.resources.PooledConnectionProvider - [id: 0x2891d552, L:/127.0.0.1:51862 - R:localhost/127.0.0.1:8083] onStateChange(GET{uri=/attractions, connection=PooledConnection{channel=[id: 0x2891d552, L:/127.0.0.1:51862 - R:localhost/127.0.0.1:8083]}}, [disconnecting])
15:53:21.512 [reactor-http-nio-47] DEBUG reactor.netty.resources.PooledConnectionProvider - [id: 0x2891d552, L:/127.0.0.1:51862 - R:localhost/127.0.0.1:8083] Releasing channel
15:53:21.512 [reactor-http-nio-47] DEBUG reactor.netty.resources.PooledConnectionProvider - [id: 0x2891d552, L:/127.0.0.1:51862 - R:localhost/127.0.0.1:8083] Channel cleaned, now 69 active connections and 232 inactive connections
15:53:21.514 [reactor-http-nio-46] DEBUG reactor.netty.http.client.HttpClientOperations - [id: 0x07e2665a, L:/127.0.0.1:51934 - R:localhost/127.0.0.1:8083] Received response (auto-read:false) : [Content-Type=application/json, Transfer-Encoding=chunked, Date=Wed, 15 Jun 2022 14:53:20 GMT]
15:53:21.514 [reactor-http-nio-46] DEBUG reactor.netty.resources.PooledConnectionProvider - [id: 0x07e2665a, L:/127.0.0.1:51934 - R:localhost/127.0.0.1:8083] onStateChange(GET{uri=/attractions, connection=PooledConnection{channel=[id: 0x07e2665a, L:/127.0.0.1:51934 - R:localhost/127.0.0.1:8083]}}, [response_received])
15:53:21.514 [reactor-http-nio-46] DEBUG org.springframework.web.reactive.function.client.ExchangeFunctions - [10113906] Response 200 OK
15:53:21.514 [Test worker] DEBUG tourGuide.service.TourGuideService - Initializing users
15:53:21.514 [reactor-http-nio-46] DEBUG reactor.netty.channel.FluxReceive - [id: 0x07e2665a, L:/127.0.0.1:51934 - R:localhost/127.0.0.1:8083] Subscribing inbound receiver [pending: 0, cancelled:false, inboundDone: false]
15:53:21.514 [Test worker] DEBUG tourGuide.service.TourGuideService - Created 0 internal test users.
15:53:21.514 [Test worker] DEBUG tourGuide.service.TourGuideService - Finished initializing users
15:53:21.515 [Test worker] DEBUG tourGuide.service.TourGuideService - Initialize tripPricer
15:53:21.515 [reactor-http-nio-46] DEBUG reactor.netty.http.client.HttpClientOperations - [id: 0x07e2665a, L:/127.0.0.1:51934 - R:localhost/127.0.0.1:8083] Received last HTTP packet
15:53:21.515 [reactor-http-nio-46] DEBUG org.springframework.core.codec.StringDecoder - [10113906] Decoded "[{"longitude":-117.922008,"latitude":33.817595,"attractionName":"Disneyland","city":"Anaheim","stat (truncated)...
15:53:21.515 [reactor-http-nio-46] DEBUG reactor.netty.resources.PooledConnectionProvider - [id: 0x07e2665a, L:/127.0.0.1:51934 - R:localhost/127.0.0.1:8083] onStateChange(GET{uri=/attractions, connection=PooledConnection{channel=[id: 0x07e2665a, L:/127.0.0.1:51934 - R:localhost/127.0.0.1:8083]}}, [disconnecting])
15:53:21.515 [reactor-http-nio-46] DEBUG reactor.netty.resources.PooledConnectionProvider - [id: 0x07e2665a, L:/127.0.0.1:51934 - R:localhost/127.0.0.1:8083] Releasing channel
15:53:21.515 [reactor-http-nio-46] DEBUG reactor.netty.resources.PooledConnectionProvider - [id: 0x07e2665a, L:/127.0.0.1:51934 - R:localhost/127.0.0.1:8083] Channel cleaned, now 68 active connections and 233 inactive connections
15:53:21.515 [Test worker] DEBUG tourGuide.service.TourGuideService - Initializing users
15:53:21.515 [Test worker] DEBUG tourGuide.service.TourGuideService - Created 0 internal test users.
15:53:21.515 [Test worker] DEBUG tourGuide.service.TourGuideService - Finished initializing users
15:53:21.516 [Test worker] DEBUG tourGuide.service.TourGuideService - Initialize tripPricer
15:53:21.521 [Test worker] DEBUG tourGuide.service.TourGuideService - Initializing users
15:53:21.521 [Test worker] DEBUG tourGuide.service.TourGuideService - Created 0 internal test users.
15:53:21.521 [Test worker] DEBUG tourGuide.service.TourGuideService - Finished initializing users
15:53:21.521 [Test worker] DEBUG tourGuide.service.TourGuideService - Initialize tripPricer
15:53:21.526 [pool-29-thread-1] DEBUG tourGuide.tracker.Tracker - Shutting down tracker
15:53:21.526 [pool-33-thread-1] DEBUG tourGuide.tracker.Tracker - Begin Tracker. Tracking 0 users.
15:53:21.526 [pool-25-thread-1] DEBUG tourGuide.tracker.Tracker - Shutting down tracker
15:53:21.529 [reactor-http-nio-41] DEBUG reactor.netty.http.client.HttpClientOperations - [id: 0xb1945a60, L:/127.0.0.1:51727 - R:localhost/127.0.0.1:8083] Received response (auto-read:false) : [Content-Type=application/json, Transfer-Encoding=chunked, Date=Wed, 15 Jun 2022 14:53:20 GMT]
15:53:21.529 [reactor-http-nio-41] DEBUG reactor.netty.resources.PooledConnectionProvider - [id: 0xb1945a60, L:/127.0.0.1:51727 - R:localhost/127.0.0.1:8083] onStateChange(GET{uri=/attractions, connection=PooledConnection{channel=[id: 0xb1945a60, L:/127.0.0.1:51727 - R:localhost/127.0.0.1:8083]}}, [response_received])
15:53:21.529 [reactor-http-nio-41] DEBUG org.springframework.web.reactive.function.client.ExchangeFunctions - [78bd6905] Response 200 OK
15:53:21.529 [reactor-http-nio-41] DEBUG reactor.netty.channel.FluxReceive - [id: 0xb1945a60, L:/127.0.0.1:51727 - R:localhost/127.0.0.1:8083] Subscribing inbound receiver [pending: 0, cancelled:false, inboundDone: false]
15:53:21.529 [pool-33-thread-1] DEBUG tourGuide.tracker.Tracker - Tracker Time Elapsed: 0 seconds.
15:53:21.530 [pool-33-thread-1] DEBUG tourGuide.tracker.Tracker - Tracker sleeping
15:53:21.530 [Test worker] DEBUG tourGuide.service.TourGuideService - Initializing users
15:53:21.530 [Test worker] DEBUG tourGuide.service.TourGuideService - Created 0 internal test users.
15:53:21.530 [Test worker] DEBUG tourGuide.service.TourGuideService - Finished initializing users
15:53:21.530 [reactor-http-nio-41] DEBUG reactor.netty.http.client.HttpClientOperations - [id: 0xb1945a60, L:/127.0.0.1:51727 - R:localhost/127.0.0.1:8083] Received last HTTP packet
15:53:21.530 [reactor-http-nio-41] DEBUG org.springframework.core.codec.StringDecoder - [78bd6905] Decoded "[{"longitude":-117.922008,"latitude":33.817595,"attractionName":"Disneyland","city":"Anaheim","stat (truncated)...
15:53:21.530 [reactor-http-nio-41] DEBUG reactor.netty.resources.PooledConnectionProvider - [id: 0xb1945a60, L:/127.0.0.1:51727 - R:localhost/127.0.0.1:8083] onStateChange(GET{uri=/attractions, connection=PooledConnection{channel=[id: 0xb1945a60, L:/127.0.0.1:51727 - R:localhost/127.0.0.1:8083]}}, [disconnecting])
15:53:21.530 [reactor-http-nio-41] DEBUG reactor.netty.resources.PooledConnectionProvider - [id: 0xb1945a60, L:/127.0.0.1:51727 - R:localhost/127.0.0.1:8083] Releasing channel
15:53:21.530 [reactor-http-nio-41] DEBUG reactor.netty.resources.PooledConnectionProvider - [id: 0xb1945a60, L:/127.0.0.1:51727 - R:localhost/127.0.0.1:8083] Channel cleaned, now 67 active connections and 234 inactive connections
15:53:21.530 [Test worker] DEBUG tourGuide.service.TourGuideService - Initialize tripPricer
15:53:21.531 [Test worker] DEBUG tourGuide.service.TourGuideService - Initializing users
15:53:21.531 [Test worker] DEBUG tourGuide.service.TourGuideService - Created 0 internal test users.
15:53:21.531 [Test worker] DEBUG tourGuide.service.TourGuideService - Finished initializing users
15:53:21.531 [Test worker] DEBUG tourGuide.service.TourGuideService - Initialize tripPricer
15:53:21.533 [Test worker] DEBUG tourGuide.service.TourGuideService - Initializing users
15:53:21.535 [pool-37-thread-1] DEBUG tourGuide.tracker.Tracker - Shutting down tracker
15:53:21.540 [pool-41-thread-1] DEBUG tourGuide.tracker.Tracker - Shutting down tracker
15:53:21.541 [pool-40-thread-1] DEBUG org.springframework.web.reactive.function.client.ExchangeFunctions - [321ca1ff] HTTP GET http://localhost:8083/userLocation?userId=11a045da-0325-4485-a777-0adc45892d0f
15:53:21.543 [reactor-http-nio-48] DEBUG reactor.netty.resources.PooledConnectionProvider - [id: 0x7fe5ccf9, L:/127.0.0.1:51961 - R:localhost/127.0.0.1:8083] Channel acquired, now 68 active connections and 233 inactive connections
15:53:21.543 [reactor-http-nio-48] DEBUG reactor.netty.http.client.HttpClientConnect - [id: 0x7fe5ccf9, L:/127.0.0.1:51961 - R:localhost/127.0.0.1:8083] Handler is being applied: {uri=http://localhost:8083/userLocation?userId=11a045da-0325-4485-a777-0adc45892d0f, method=GET}
15:53:21.543 [reactor-http-nio-48] DEBUG reactor.netty.resources.PooledConnectionProvider - [id: 0x7fe5ccf9, L:/127.0.0.1:51961 - R:localhost/127.0.0.1:8083] onStateChange(GET{uri=/userLocation?userId=11a045da-0325-4485-a777-0adc45892d0f, connection=PooledConnection{channel=[id: 0x7fe5ccf9, L:/127.0.0.1:51961 - R:localhost/127.0.0.1:8083]}}, [request_sent])
15:53:21.546 [Test worker] DEBUG tourGuide.service.TourGuideService - Created 100 internal test users.
15:53:21.546 [Test worker] DEBUG tourGuide.service.TourGuideService - Finished initializing users
15:53:21.546 [reactor-http-nio-48] DEBUG reactor.netty.http.client.HttpClientOperations - [id: 0x19564f56, L:/127.0.0.1:51880 - R:localhost/127.0.0.1:8083] Received response (auto-read:false) : [Content-Type=application/json, Transfer-Encoding=chunked, Date=Wed, 15 Jun 2022 14:53:20 GMT]
15:53:21.546 [reactor-http-nio-48] DEBUG reactor.netty.resources.PooledConnectionProvider - [id: 0x19564f56, L:/127.0.0.1:51880 - R:localhost/127.0.0.1:8083] onStateChange(GET{uri=/attractions, connection=PooledConnection{channel=[id: 0x19564f56, L:/127.0.0.1:51880 - R:localhost/127.0.0.1:8083]}}, [response_received])
15:53:21.546 [reactor-http-nio-48] DEBUG org.springframework.web.reactive.function.client.ExchangeFunctions - [7b31f5d2] Response 200 OK
15:53:21.546 [reactor-http-nio-48] DEBUG reactor.netty.channel.FluxReceive - [id: 0x19564f56, L:/127.0.0.1:51880 - R:localhost/127.0.0.1:8083] Subscribing inbound receiver [pending: 0, cancelled:false, inboundDone: false]
15:53:21.546 [Test worker] DEBUG tourGuide.service.TourGuideService - Initialize tripPricer
15:53:21.548 [reactor-http-nio-48] DEBUG reactor.netty.http.client.HttpClientOperations - [id: 0x19564f56, L:/127.0.0.1:51880 - R:localhost/127.0.0.1:8083] Received last HTTP packet
15:53:21.548 [reactor-http-nio-48] DEBUG org.springframework.core.codec.StringDecoder - [7b31f5d2] Decoded "[{"longitude":-117.922008,"latitude":33.817595,"attractionName":"Disneyland","city":"Anaheim","stat (truncated)...
15:53:21.548 [reactor-http-nio-48] DEBUG reactor.netty.resources.PooledConnectionProvider - [id: 0x19564f56, L:/127.0.0.1:51880 - R:localhost/127.0.0.1:8083] onStateChange(GET{uri=/attractions, connection=PooledConnection{channel=[id: 0x19564f56, L:/127.0.0.1:51880 - R:localhost/127.0.0.1:8083]}}, [disconnecting])
15:53:21.548 [reactor-http-nio-48] DEBUG reactor.netty.resources.PooledConnectionProvider - [id: 0x19564f56, L:/127.0.0.1:51880 - R:localhost/127.0.0.1:8083] Releasing channel
15:53:21.548 [reactor-http-nio-48] DEBUG reactor.netty.resources.PooledConnectionProvider - [id: 0x19564f56, L:/127.0.0.1:51880 - R:localhost/127.0.0.1:8083] Channel cleaned, now 67 active connections and 234 inactive connections
15:53:21.548 [Test worker] DEBUG org.springframework.web.reactive.function.client.ExchangeFunctions - [28e0e464] HTTP GET http://localhost:8083/attractions
15:53:21.551 [reactor-http-nio-48] DEBUG reactor.netty.resources.PooledConnectionProvider - [id: 0xcdbdd5a5, L:/127.0.0.1:51946 - R:localhost/127.0.0.1:8083] Channel acquired, now 68 active connections and 233 inactive connections
15:53:21.551 [reactor-http-nio-48] DEBUG reactor.netty.http.client.HttpClientConnect - [id: 0xcdbdd5a5, L:/127.0.0.1:51946 - R:localhost/127.0.0.1:8083] Handler is being applied: {uri=http://localhost:8083/attractions, method=GET}
15:53:21.552 [reactor-http-nio-48] DEBUG reactor.netty.resources.PooledConnectionProvider - [id: 0xcdbdd5a5, L:/127.0.0.1:51946 - R:localhost/127.0.0.1:8083] onStateChange(GET{uri=/attractions, connection=PooledConnection{channel=[id: 0xcdbdd5a5, L:/127.0.0.1:51946 - R:localhost/127.0.0.1:8083]}}, [request_sent])
15:53:21.553 [pool-45-thread-1] DEBUG tourGuide.tracker.Tracker - Begin Tracker. Tracking 100 users.
15:53:21.553 [pool-44-thread-1] DEBUG org.springframework.web.reactive.function.client.ExchangeFunctions - [3584d9bc] HTTP GET http://localhost:8083/userLocation?userId=6cff9602-8c46-45b4-a449-9b7be3f243f7
15:53:21.557 [reactor-http-nio-48] DEBUG reactor.netty.resources.PooledConnectionProvider - [id: 0x4cd11612, L:/127.0.0.1:51971 - R:localhost/127.0.0.1:8083] Channel acquired, now 69 active connections and 232 inactive connections
15:53:21.557 [reactor-http-nio-48] DEBUG reactor.netty.http.client.HttpClientConnect - [id: 0x4cd11612, L:/127.0.0.1:51971 - R:localhost/127.0.0.1:8083] Handler is being applied: {uri=http://localhost:8083/userLocation?userId=6cff9602-8c46-45b4-a449-9b7be3f243f7, method=GET}
15:53:21.557 [reactor-http-nio-48] DEBUG reactor.netty.resources.PooledConnectionProvider - [id: 0x4cd11612, L:/127.0.0.1:51971 - R:localhost/127.0.0.1:8083] onStateChange(GET{uri=/userLocation?userId=6cff9602-8c46-45b4-a449-9b7be3f243f7, connection=PooledConnection{channel=[id: 0x4cd11612, L:/127.0.0.1:51971 - R:localhost/127.0.0.1:8083]}}, [request_sent])
15:53:21.560 [reactor-http-nio-48] DEBUG reactor.netty.http.client.HttpClientOperations - [id: 0xeab7fac6, L:/127.0.0.1:51926 - R:localhost/127.0.0.1:8083] Received response (auto-read:false) : [Content-Type=application/json, Transfer-Encoding=chunked, Date=Wed, 15 Jun 2022 14:53:20 GMT]
15:53:21.560 [reactor-http-nio-48] DEBUG reactor.netty.resources.PooledConnectionProvider - [id: 0xeab7fac6, L:/127.0.0.1:51926 - R:localhost/127.0.0.1:8083] onStateChange(GET{uri=/attractions, connection=PooledConnection{channel=[id: 0xeab7fac6, L:/127.0.0.1:51926 - R:localhost/127.0.0.1:8083]}}, [response_received])
15:53:21.560 [reactor-http-nio-48] DEBUG org.springframework.web.reactive.function.client.ExchangeFunctions - [6338e76] Response 200 OK
15:53:21.560 [reactor-http-nio-48] DEBUG reactor.netty.channel.FluxReceive - [id: 0xeab7fac6, L:/127.0.0.1:51926 - R:localhost/127.0.0.1:8083] Subscribing inbound receiver [pending: 0, cancelled:false, inboundDone: false]
15:53:21.561 [reactor-http-nio-48] DEBUG reactor.netty.http.client.HttpClientOperations - [id: 0xeab7fac6, L:/127.0.0.1:51926 - R:localhost/127.0.0.1:8083] Received last HTTP packet
15:53:21.561 [reactor-http-nio-48] DEBUG org.springframework.core.codec.StringDecoder - [6338e76] Decoded "[{"longitude":-117.922008,"latitude":33.817595,"attractionName":"Disneyland","city":"Anaheim","stat (truncated)...
15:53:21.561 [reactor-http-nio-48] DEBUG reactor.netty.resources.PooledConnectionProvider - [id: 0xeab7fac6, L:/127.0.0.1:51926 - R:localhost/127.0.0.1:8083] onStateChange(GET{uri=/attractions, connection=PooledConnection{channel=[id: 0xeab7fac6, L:/127.0.0.1:51926 - R:localhost/127.0.0.1:8083]}}, [disconnecting])
15:53:21.561 [reactor-http-nio-48] DEBUG reactor.netty.resources.PooledConnectionProvider - [id: 0xeab7fac6, L:/127.0.0.1:51926 - R:localhost/127.0.0.1:8083] Releasing channel
15:53:21.561 [reactor-http-nio-48] DEBUG reactor.netty.resources.PooledConnectionProvider - [id: 0xeab7fac6, L:/127.0.0.1:51926 - R:localhost/127.0.0.1:8083] Channel cleaned, now 68 active connections and 233 inactive connections
15:53:21.563 [pool-44-thread-2] DEBUG org.springframework.web.reactive.function.client.ExchangeFunctions - [100abc37] HTTP GET http://localhost:8083/userLocation?userId=e2a5447b-00c5-4f0b-9fa9-467a2c2faff2
15:53:21.566 [reactor-http-nio-47] DEBUG reactor.netty.resources.PooledConnectionProvider - [id: 0xe671b81a, L:/127.0.0.1:51698 - R:localhost/127.0.0.1:8083] Channel acquired, now 69 active connections and 232 inactive connections
15:53:21.566 [reactor-http-nio-47] DEBUG reactor.netty.http.client.HttpClientConnect - [id: 0xe671b81a, L:/127.0.0.1:51698 - R:localhost/127.0.0.1:8083] Handler is being applied: {uri=http://localhost:8083/userLocation?userId=e2a5447b-00c5-4f0b-9fa9-467a2c2faff2, method=GET}
15:53:21.566 [reactor-http-nio-47] DEBUG reactor.netty.resources.PooledConnectionProvider - [id: 0xe671b81a, L:/127.0.0.1:51698 - R:localhost/127.0.0.1:8083] onStateChange(GET{uri=/userLocation?userId=e2a5447b-00c5-4f0b-9fa9-467a2c2faff2, connection=PooledConnection{channel=[id: 0xe671b81a, L:/127.0.0.1:51698 - R:localhost/127.0.0.1:8083]}}, [request_sent])
15:53:21.570 [pool-44-thread-3] DEBUG org.springframework.web.reactive.function.client.ExchangeFunctions - [39944ef5] HTTP GET http://localhost:8083/userLocation?userId=9b5e011a-6789-4efc-a853-2a33f55b6737
15:53:21.570 [reactor-http-nio-48] DEBUG reactor.netty.http.client.HttpClientOperations - [id: 0x4874d701, L:/127.0.0.1:51890 - R:localhost/127.0.0.1:8083] Received response (auto-read:false) : [Content-Type=application/json, Transfer-Encoding=chunked, Date=Wed, 15 Jun 2022 14:53:20 GMT]
15:53:21.570 [reactor-http-nio-48] DEBUG reactor.netty.resources.PooledConnectionProvider - [id: 0x4874d701, L:/127.0.0.1:51890 - R:localhost/127.0.0.1:8083] onStateChange(GET{uri=/attractions, connection=PooledConnection{channel=[id: 0x4874d701, L:/127.0.0.1:51890 - R:localhost/127.0.0.1:8083]}}, [response_received])
15:53:21.570 [reactor-http-nio-48] DEBUG org.springframework.web.reactive.function.client.ExchangeFunctions - [119ae048] Response 200 OK
15:53:21.570 [reactor-http-nio-48] DEBUG reactor.netty.channel.FluxReceive - [id: 0x4874d701, L:/127.0.0.1:51890 - R:localhost/127.0.0.1:8083] Subscribing inbound receiver [pending: 0, cancelled:false, inboundDone: false]
15:53:21.571 [reactor-http-nio-41] DEBUG reactor.netty.resources.PooledConnectionProvider - [id: 0x6c6e06d1, L:/127.0.0.1:51760 - R:localhost/127.0.0.1:8083] Channel acquired, now 70 active connections and 231 inactive connections
15:53:21.571 [reactor-http-nio-41] DEBUG reactor.netty.http.client.HttpClientConnect - [id: 0x6c6e06d1, L:/127.0.0.1:51760 - R:localhost/127.0.0.1:8083] Handler is being applied: {uri=http://localhost:8083/userLocation?userId=9b5e011a-6789-4efc-a853-2a33f55b6737, method=GET}
15:53:21.571 [reactor-http-nio-48] DEBUG reactor.netty.http.client.HttpClientOperations - [id: 0x4874d701, L:/127.0.0.1:51890 - R:localhost/127.0.0.1:8083] Received last HTTP packet
15:53:21.571 [reactor-http-nio-48] DEBUG org.springframework.core.codec.StringDecoder - [119ae048] Decoded "[{"longitude":-117.922008,"latitude":33.817595,"attractionName":"Disneyland","city":"Anaheim","stat (truncated)...
15:53:21.571 [reactor-http-nio-48] DEBUG reactor.netty.resources.PooledConnectionProvider - [id: 0x4874d701, L:/127.0.0.1:51890 - R:localhost/127.0.0.1:8083] onStateChange(GET{uri=/attractions, connection=PooledConnection{channel=[id: 0x4874d701, L:/127.0.0.1:51890 - R:localhost/127.0.0.1:8083]}}, [disconnecting])
15:53:21.571 [reactor-http-nio-48] DEBUG reactor.netty.resources.PooledConnectionProvider - [id: 0x4874d701, L:/127.0.0.1:51890 - R:localhost/127.0.0.1:8083] Releasing channel
15:53:21.571 [reactor-http-nio-48] DEBUG reactor.netty.resources.PooledConnectionProvider - [id: 0x4874d701, L:/127.0.0.1:51890 - R:localhost/127.0.0.1:8083] Channel cleaned, now 69 active connections and 232 inactive connections
15:53:21.571 [reactor-http-nio-41] DEBUG reactor.netty.resources.PooledConnectionProvider - [id: 0x6c6e06d1, L:/127.0.0.1:51760 - R:localhost/127.0.0.1:8083] onStateChange(GET{uri=/userLocation?userId=9b5e011a-6789-4efc-a853-2a33f55b6737, connection=PooledConnection{channel=[id: 0x6c6e06d1, L:/127.0.0.1:51760 - R:localhost/127.0.0.1:8083]}}, [request_sent])
15:53:21.572 [pool-44-thread-4] DEBUG org.springframework.web.reactive.function.client.ExchangeFunctions - [4a2cb463] HTTP GET http://localhost:8083/userLocation?userId=ff05f99b-a80f-43ed-bf2e-424e6b5668e5
15:53:21.572 [pool-44-thread-5] DEBUG org.springframework.web.reactive.function.client.ExchangeFunctions - [4b83721d] HTTP GET http://localhost:8083/userLocation?userId=c0597cf2-a25d-437d-a71e-faeb157e1872
15:53:21.573 [pool-44-thread-6] DEBUG org.springframework.web.reactive.function.client.ExchangeFunctions - [3cfab178] HTTP GET http://localhost:8083/userLocation?userId=08a43840-db96-4e22-a082-6369459fbf08
15:53:21.573 [reactor-http-nio-46] DEBUG reactor.netty.resources.PooledConnectionProvider - [id: 0xd943badc, L:/127.0.0.1:51811 - R:localhost/127.0.0.1:8083] Channel acquired, now 70 active connections and 231 inactive connections
15:53:21.573 [reactor-http-nio-46] DEBUG reactor.netty.http.client.HttpClientConnect - [id: 0xd943badc, L:/127.0.0.1:51811 - R:localhost/127.0.0.1:8083] Handler is being applied: {uri=http://localhost:8083/userLocation?userId=c0597cf2-a25d-437d-a71e-faeb157e1872, method=GET}
15:53:21.573 [reactor-http-nio-41] DEBUG reactor.netty.resources.PooledConnectionProvider - [id: 0xa255a56d, L:/127.0.0.1:51733 - R:localhost/127.0.0.1:8083] Channel acquired, now 71 active connections and 230 inactive connections
15:53:21.573 [reactor-http-nio-41] DEBUG reactor.netty.http.client.HttpClientConnect - [id: 0xa255a56d, L:/127.0.0.1:51733 - R:localhost/127.0.0.1:8083] Handler is being applied: {uri=http://localhost:8083/userLocation?userId=ff05f99b-a80f-43ed-bf2e-424e6b5668e5, method=GET}
15:53:21.574 [reactor-http-nio-46] DEBUG reactor.netty.resources.PooledConnectionProvider - [id: 0xd943badc, L:/127.0.0.1:51811 - R:localhost/127.0.0.1:8083] onStateChange(GET{uri=/userLocation?userId=c0597cf2-a25d-437d-a71e-faeb157e1872, connection=PooledConnection{channel=[id: 0xd943badc, L:/127.0.0.1:51811 - R:localhost/127.0.0.1:8083]}}, [request_sent])
15:53:21.574 [reactor-http-nio-41] DEBUG reactor.netty.resources.PooledConnectionProvider - [id: 0xa255a56d, L:/127.0.0.1:51733 - R:localhost/127.0.0.1:8083] onStateChange(GET{uri=/userLocation?userId=ff05f99b-a80f-43ed-bf2e-424e6b5668e5, connection=PooledConnection{channel=[id: 0xa255a56d, L:/127.0.0.1:51733 - R:localhost/127.0.0.1:8083]}}, [request_sent])
15:53:21.575 [pool-44-thread-7] DEBUG org.springframework.web.reactive.function.client.ExchangeFunctions - [178294ba] HTTP GET http://localhost:8083/userLocation?userId=90a90f02-7778-4e11-bc3c-bbe83966e9b4
15:53:21.576 [reactor-http-nio-46] DEBUG reactor.netty.resources.PooledConnectionProvider - [id: 0x04ce75f7, L:/127.0.0.1:51730 - R:localhost/127.0.0.1:8083] Channel acquired, now 72 active connections and 229 inactive connections
15:53:21.576 [reactor-http-nio-46] DEBUG reactor.netty.http.client.HttpClientConnect - [id: 0x04ce75f7, L:/127.0.0.1:51730 - R:localhost/127.0.0.1:8083] Handler is being applied: {uri=http://localhost:8083/userLocation?userId=08a43840-db96-4e22-a082-6369459fbf08, method=GET}
15:53:21.577 [reactor-http-nio-46] DEBUG reactor.netty.resources.PooledConnectionProvider - [id: 0x04ce75f7, L:/127.0.0.1:51730 - R:localhost/127.0.0.1:8083] onStateChange(GET{uri=/userLocation?userId=08a43840-db96-4e22-a082-6369459fbf08, connection=PooledConnection{channel=[id: 0x04ce75f7, L:/127.0.0.1:51730 - R:localhost/127.0.0.1:8083]}}, [request_sent])
15:53:21.577 [pool-44-thread-8] DEBUG org.springframework.web.reactive.function.client.ExchangeFunctions - [74d96a7] HTTP GET http://localhost:8083/userLocation?userId=806aed7c-e9c5-4862-a286-58e820b4954a
15:53:21.577 [pool-44-thread-9] DEBUG org.springframework.web.reactive.function.client.ExchangeFunctions - [782aaf20] HTTP GET http://localhost:8083/userLocation?userId=4c1053ae-1612-419f-80db-5d3d42bd5c7c
15:53:21.578 [reactor-http-nio-46] DEBUG reactor.netty.resources.PooledConnectionProvider - [id: 0xad77f6cd, L:/127.0.0.1:51761 - R:localhost/127.0.0.1:8083] Channel acquired, now 73 active connections and 228 inactive connections
15:53:21.578 [reactor-http-nio-46] DEBUG reactor.netty.http.client.HttpClientConnect - [id: 0xad77f6cd, L:/127.0.0.1:51761 - R:localhost/127.0.0.1:8083] Handler is being applied: {uri=http://localhost:8083/userLocation?userId=4c1053ae-1612-419f-80db-5d3d42bd5c7c, method=GET}
15:53:21.578 [reactor-http-nio-46] DEBUG reactor.netty.resources.PooledConnectionProvider - [id: 0xad77f6cd, L:/127.0.0.1:51761 - R:localhost/127.0.0.1:8083] onStateChange(GET{uri=/userLocation?userId=4c1053ae-1612-419f-80db-5d3d42bd5c7c, connection=PooledConnection{channel=[id: 0xad77f6cd, L:/127.0.0.1:51761 - R:localhost/127.0.0.1:8083]}}, [request_sent])
15:53:21.578 [reactor-http-nio-46] DEBUG reactor.netty.resources.PooledConnectionProvider - [id: 0x940aa9d2, L:/127.0.0.1:51728 - R:localhost/127.0.0.1:8083] Channel acquired, now 74 active connections and 227 inactive connections
15:53:21.579 [reactor-http-nio-46] DEBUG reactor.netty.http.client.HttpClientConnect - [id: 0x940aa9d2, L:/127.0.0.1:51728 - R:localhost/127.0.0.1:8083] Handler is being applied: {uri=http://localhost:8083/userLocation?userId=90a90f02-7778-4e11-bc3c-bbe83966e9b4, method=GET}
15:53:21.579 [reactor-http-nio-41] DEBUG reactor.netty.resources.PooledConnectionProvider - [id: 0xed0ba0e1, L:/127.0.0.1:51752 - R:localhost/127.0.0.1:8083] Channel acquired, now 75 active connections and 226 inactive connections
15:53:21.579 [reactor-http-nio-46] DEBUG reactor.netty.resources.PooledConnectionProvider - [id: 0x940aa9d2, L:/127.0.0.1:51728 - R:localhost/127.0.0.1:8083] onStateChange(GET{uri=/userLocation?userId=90a90f02-7778-4e11-bc3c-bbe83966e9b4, connection=PooledConnection{channel=[id: 0x940aa9d2, L:/127.0.0.1:51728 - R:localhost/127.0.0.1:8083]}}, [request_sent])
15:53:21.579 [reactor-http-nio-41] DEBUG reactor.netty.http.client.HttpClientConnect - [id: 0xed0ba0e1, L:/127.0.0.1:51752 - R:localhost/127.0.0.1:8083] Handler is being applied: {uri=http://localhost:8083/userLocation?userId=806aed7c-e9c5-4862-a286-58e820b4954a, method=GET}
15:53:21.579 [reactor-http-nio-41] DEBUG reactor.netty.resources.PooledConnectionProvider - [id: 0xed0ba0e1, L:/127.0.0.1:51752 - R:localhost/127.0.0.1:8083] onStateChange(GET{uri=/userLocation?userId=806aed7c-e9c5-4862-a286-58e820b4954a, connection=PooledConnection{channel=[id: 0xed0ba0e1, L:/127.0.0.1:51752 - R:localhost/127.0.0.1:8083]}}, [request_sent])
15:53:21.580 [pool-44-thread-10] DEBUG org.springframework.web.reactive.function.client.ExchangeFunctions - [4ad61eee] HTTP GET http://localhost:8083/userLocation?userId=045359d3-f149-47ac-ae35-46bae574ddcf
15:53:21.581 [pool-44-thread-11] DEBUG org.springframework.web.reactive.function.client.ExchangeFunctions - [3dbc42f4] HTTP GET http://localhost:8083/userLocation?userId=6f520c5f-b9ff-4d6d-9343-67fd19406777
15:53:21.582 [pool-44-thread-12] DEBUG org.springframework.web.reactive.function.client.ExchangeFunctions - [3a0cfa46] HTTP GET http://localhost:8083/userLocation?userId=e28a361a-99db-40b1-861a-0395502d0957
15:53:21.583 [reactor-http-nio-41] DEBUG reactor.netty.resources.PooledConnectionProvider - [id: 0x5c46e8f5, L:/127.0.0.1:51758 - R:localhost/127.0.0.1:8083] Channel acquired, now 76 active connections and 225 inactive connections
15:53:21.583 [reactor-http-nio-41] DEBUG reactor.netty.http.client.HttpClientConnect - [id: 0x5c46e8f5, L:/127.0.0.1:51758 - R:localhost/127.0.0.1:8083] Handler is being applied: {uri=http://localhost:8083/userLocation?userId=045359d3-f149-47ac-ae35-46bae574ddcf, method=GET}
15:53:21.584 [reactor-http-nio-41] DEBUG reactor.netty.resources.PooledConnectionProvider - [id: 0x5c46e8f5, L:/127.0.0.1:51758 - R:localhost/127.0.0.1:8083] onStateChange(GET{uri=/userLocation?userId=045359d3-f149-47ac-ae35-46bae574ddcf, connection=PooledConnection{channel=[id: 0x5c46e8f5, L:/127.0.0.1:51758 - R:localhost/127.0.0.1:8083]}}, [request_sent])
15:53:21.584 [reactor-http-nio-46] DEBUG reactor.netty.resources.PooledConnectionProvider - [id: 0xfaf92bf0, L:/127.0.0.1:51817 - R:localhost/127.0.0.1:8083] Channel acquired, now 77 active connections and 224 inactive connections
15:53:21.584 [reactor-http-nio-46] DEBUG reactor.netty.http.client.HttpClientConnect - [id: 0xfaf92bf0, L:/127.0.0.1:51817 - R:localhost/127.0.0.1:8083] Handler is being applied: {uri=http://localhost:8083/userLocation?userId=6f520c5f-b9ff-4d6d-9343-67fd19406777, method=GET}
15:53:21.584 [reactor-http-nio-47] DEBUG reactor.netty.resources.PooledConnectionProvider - [id: 0x9cce547f, L:/127.0.0.1:51834 - R:localhost/127.0.0.1:8083] Channel acquired, now 78 active connections and 223 inactive connections
15:53:21.584 [reactor-http-nio-47] DEBUG reactor.netty.http.client.HttpClientConnect - [id: 0x9cce547f, L:/127.0.0.1:51834 - R:localhost/127.0.0.1:8083] Handler is being applied: {uri=http://localhost:8083/userLocation?userId=e28a361a-99db-40b1-861a-0395502d0957, method=GET}
15:53:21.585 [reactor-http-nio-46] DEBUG reactor.netty.resources.PooledConnectionProvider - [id: 0xfaf92bf0, L:/127.0.0.1:51817 - R:localhost/127.0.0.1:8083] onStateChange(GET{uri=/userLocation?userId=6f520c5f-b9ff-4d6d-9343-67fd19406777, connection=PooledConnection{channel=[id: 0xfaf92bf0, L:/127.0.0.1:51817 - R:localhost/127.0.0.1:8083]}}, [request_sent])
15:53:21.585 [reactor-http-nio-47] DEBUG reactor.netty.resources.PooledConnectionProvider - [id: 0x9cce547f, L:/127.0.0.1:51834 - R:localhost/127.0.0.1:8083] onStateChange(GET{uri=/userLocation?userId=e28a361a-99db-40b1-861a-0395502d0957, connection=PooledConnection{channel=[id: 0x9cce547f, L:/127.0.0.1:51834 - R:localhost/127.0.0.1:8083]}}, [request_sent])
15:53:21.586 [pool-44-thread-13] DEBUG org.springframework.web.reactive.function.client.ExchangeFunctions - [787cbbed] HTTP GET http://localhost:8083/userLocation?userId=0de51347-2bc4-45bf-85e4-d604153adfe4
15:53:21.586 [reactor-http-nio-47] DEBUG reactor.netty.http.client.HttpClientOperations - [id: 0x70f8c72b, L:/127.0.0.1:51852 - R:localhost/127.0.0.1:8083] Received response (auto-read:false) : [Content-Type=application/json, Transfer-Encoding=chunked, Date=Wed, 15 Jun 2022 14:53:20 GMT]
15:53:21.586 [reactor-http-nio-47] DEBUG reactor.netty.resources.PooledConnectionProvider - [id: 0x70f8c72b, L:/127.0.0.1:51852 - R:localhost/127.0.0.1:8083] onStateChange(GET{uri=/attractions, connection=PooledConnection{channel=[id: 0x70f8c72b, L:/127.0.0.1:51852 - R:localhost/127.0.0.1:8083]}}, [response_received])
15:53:21.586 [reactor-http-nio-47] DEBUG org.springframework.web.reactive.function.client.ExchangeFunctions - [7a406b18] Response 200 OK
15:53:21.587 [reactor-http-nio-47] DEBUG reactor.netty.channel.FluxReceive - [id: 0x70f8c72b, L:/127.0.0.1:51852 - R:localhost/127.0.0.1:8083] Subscribing inbound receiver [pending: 0, cancelled:false, inboundDone: false]
15:53:21.587 [reactor-http-nio-47] DEBUG reactor.netty.http.client.HttpClientOperations - [id: 0x70f8c72b, L:/127.0.0.1:51852 - R:localhost/127.0.0.1:8083] Received last HTTP packet
15:53:21.587 [reactor-http-nio-47] DEBUG org.springframework.core.codec.StringDecoder - [7a406b18] Decoded "[{"longitude":-117.922008,"latitude":33.817595,"attractionName":"Disneyland","city":"Anaheim","stat (truncated)...
15:53:21.587 [reactor-http-nio-47] DEBUG reactor.netty.resources.PooledConnectionProvider - [id: 0x70f8c72b, L:/127.0.0.1:51852 - R:localhost/127.0.0.1:8083] onStateChange(GET{uri=/attractions, connection=PooledConnection{channel=[id: 0x70f8c72b, L:/127.0.0.1:51852 - R:localhost/127.0.0.1:8083]}}, [disconnecting])
15:53:21.587 [reactor-http-nio-47] DEBUG reactor.netty.resources.PooledConnectionProvider - [id: 0x70f8c72b, L:/127.0.0.1:51852 - R:localhost/127.0.0.1:8083] Releasing channel
15:53:21.587 [reactor-http-nio-47] DEBUG reactor.netty.resources.PooledConnectionProvider - [id: 0x70f8c72b, L:/127.0.0.1:51852 - R:localhost/127.0.0.1:8083] Channel cleaned, now 77 active connections and 224 inactive connections
15:53:21.589 [pool-44-thread-14] DEBUG org.springframework.web.reactive.function.client.ExchangeFunctions - [c8587a7] HTTP GET http://localhost:8083/userLocation?userId=11d0fc76-df19-4500-8b23-23d78dd1a2c6
15:53:21.589 [reactor-http-nio-48] DEBUG reactor.netty.resources.PooledConnectionProvider - [id: 0xb033e5eb, L:/127.0.0.1:51933 - R:localhost/127.0.0.1:8083] Channel acquired, now 78 active connections and 223 inactive connections
15:53:21.589 [reactor-http-nio-48] DEBUG reactor.netty.http.client.HttpClientConnect - [id: 0xb033e5eb, L:/127.0.0.1:51933 - R:localhost/127.0.0.1:8083] Handler is being applied: {uri=http://localhost:8083/userLocation?userId=0de51347-2bc4-45bf-85e4-d604153adfe4, method=GET}
15:53:21.590 [reactor-http-nio-48] DEBUG reactor.netty.resources.PooledConnectionProvider - [id: 0xb033e5eb, L:/127.0.0.1:51933 - R:localhost/127.0.0.1:8083] onStateChange(GET{uri=/userLocation?userId=0de51347-2bc4-45bf-85e4-d604153adfe4, connection=PooledConnection{channel=[id: 0xb033e5eb, L:/127.0.0.1:51933 - R:localhost/127.0.0.1:8083]}}, [request_sent])
15:53:21.590 [pool-44-thread-15] DEBUG org.springframework.web.reactive.function.client.ExchangeFunctions - [7f8f842a] HTTP GET http://localhost:8083/userLocation?userId=f728ba21-17d5-4314-be51-2983f9e0ec14
15:53:21.590 [reactor-http-nio-48] DEBUG reactor.netty.resources.PooledConnectionProvider - [id: 0xf96fcdf2, L:/127.0.0.1:51938 - R:localhost/127.0.0.1:8083] Channel acquired, now 79 active connections and 222 inactive connections
15:53:21.590 [reactor-http-nio-48] DEBUG reactor.netty.http.client.HttpClientConnect - [id: 0xf96fcdf2, L:/127.0.0.1:51938 - R:localhost/127.0.0.1:8083] Handler is being applied: {uri=http://localhost:8083/userLocation?userId=f728ba21-17d5-4314-be51-2983f9e0ec14, method=GET}
15:53:21.590 [reactor-http-nio-48] DEBUG reactor.netty.resources.PooledConnectionProvider - [id: 0xf96fcdf2, L:/127.0.0.1:51938 - R:localhost/127.0.0.1:8083] onStateChange(GET{uri=/userLocation?userId=f728ba21-17d5-4314-be51-2983f9e0ec14, connection=PooledConnection{channel=[id: 0xf96fcdf2, L:/127.0.0.1:51938 - R:localhost/127.0.0.1:8083]}}, [request_sent])
15:53:21.592 [reactor-http-nio-48] DEBUG reactor.netty.resources.PooledConnectionProvider - [id: 0x57866369, L:/127.0.0.1:51911 - R:localhost/127.0.0.1:8083] Channel acquired, now 80 active connections and 221 inactive connections
15:53:21.592 [reactor-http-nio-48] DEBUG reactor.netty.http.client.HttpClientConnect - [id: 0x57866369, L:/127.0.0.1:51911 - R:localhost/127.0.0.1:8083] Handler is being applied: {uri=http://localhost:8083/userLocation?userId=11d0fc76-df19-4500-8b23-23d78dd1a2c6, method=GET}
15:53:21.592 [pool-44-thread-16] DEBUG org.springframework.web.reactive.function.client.ExchangeFunctions - [5f38c9ff] HTTP GET http://localhost:8083/userLocation?userId=b2fdd1a8-094d-4377-8f51-a3c12cdaa35b
15:53:21.592 [reactor-http-nio-48] DEBUG reactor.netty.resources.PooledConnectionProvider - [id: 0x57866369, L:/127.0.0.1:51911 - R:localhost/127.0.0.1:8083] onStateChange(GET{uri=/userLocation?userId=11d0fc76-df19-4500-8b23-23d78dd1a2c6, connection=PooledConnection{channel=[id: 0x57866369, L:/127.0.0.1:51911 - R:localhost/127.0.0.1:8083]}}, [request_sent])
15:53:21.592 [pool-44-thread-17] DEBUG org.springframework.web.reactive.function.client.ExchangeFunctions - [2ada68ac] HTTP GET http://localhost:8083/userLocation?userId=1a7aec38-e379-45b7-a2d1-319e95ea313d
15:53:21.595 [reactor-http-nio-46] DEBUG reactor.netty.resources.PooledConnectionProvider - [id: 0x5362fcb1, L:/127.0.0.1:51798 - R:localhost/127.0.0.1:8083] Channel acquired, now 81 active connections and 220 inactive connections
15:53:21.596 [reactor-http-nio-46] DEBUG reactor.netty.http.client.HttpClientConnect - [id: 0x5362fcb1, L:/127.0.0.1:51798 - R:localhost/127.0.0.1:8083] Handler is being applied: {uri=http://localhost:8083/userLocation?userId=b2fdd1a8-094d-4377-8f51-a3c12cdaa35b, method=GET}
15:53:21.596 [reactor-http-nio-46] DEBUG reactor.netty.resources.PooledConnectionProvider - [id: 0x5362fcb1, L:/127.0.0.1:51798 - R:localhost/127.0.0.1:8083] onStateChange(GET{uri=/userLocation?userId=b2fdd1a8-094d-4377-8f51-a3c12cdaa35b, connection=PooledConnection{channel=[id: 0x5362fcb1, L:/127.0.0.1:51798 - R:localhost/127.0.0.1:8083]}}, [request_sent])
15:53:21.597 [pool-44-thread-18] DEBUG org.springframework.web.reactive.function.client.ExchangeFunctions - [3d3ae1a0] HTTP GET http://localhost:8083/userLocation?userId=d569553a-5962-4706-a482-e11457c5503a
15:53:21.597 [reactor-http-nio-48] DEBUG reactor.netty.resources.PooledConnectionProvider - [id: 0x357960ae, L:/127.0.0.1:51912 - R:localhost/127.0.0.1:8083] Channel acquired, now 82 active connections and 219 inactive connections
15:53:21.597 [reactor-http-nio-48] DEBUG reactor.netty.http.client.HttpClientConnect - [id: 0x357960ae, L:/127.0.0.1:51912 - R:localhost/127.0.0.1:8083] Handler is being applied: {uri=http://localhost:8083/userLocation?userId=1a7aec38-e379-45b7-a2d1-319e95ea313d, method=GET}
15:53:21.598 [reactor-http-nio-48] DEBUG reactor.netty.resources.PooledConnectionProvider - [id: 0x357960ae, L:/127.0.0.1:51912 - R:localhost/127.0.0.1:8083] onStateChange(GET{uri=/userLocation?userId=1a7aec38-e379-45b7-a2d1-319e95ea313d, connection=PooledConnection{channel=[id: 0x357960ae, L:/127.0.0.1:51912 - R:localhost/127.0.0.1:8083]}}, [request_sent])
15:53:21.598 [pool-44-thread-19] DEBUG org.springframework.web.reactive.function.client.ExchangeFunctions - [bd9cc98] HTTP GET http://localhost:8083/userLocation?userId=16cf3bfa-1854-4c1d-a010-670e9aa91657
15:53:21.600 [reactor-http-nio-48] DEBUG reactor.netty.resources.PooledConnectionProvider - [id: 0xb736888f, L:/127.0.0.1:51970 - R:localhost/127.0.0.1:8083] Channel acquired, now 83 active connections and 218 inactive connections
15:53:21.600 [reactor-http-nio-48] DEBUG reactor.netty.http.client.HttpClientConnect - [id: 0xb736888f, L:/127.0.0.1:51970 - R:localhost/127.0.0.1:8083] Handler is being applied: {uri=http://localhost:8083/userLocation?userId=16cf3bfa-1854-4c1d-a010-670e9aa91657, method=GET}
15:53:21.600 [pool-44-thread-20] DEBUG org.springframework.web.reactive.function.client.ExchangeFunctions - [75e7246c] HTTP GET http://localhost:8083/userLocation?userId=c152c3f8-7daf-4e30-bec7-ef371e1222c7
15:53:21.600 [reactor-http-nio-48] DEBUG reactor.netty.resources.PooledConnectionProvider - [id: 0xb736888f, L:/127.0.0.1:51970 - R:localhost/127.0.0.1:8083] onStateChange(GET{uri=/userLocation?userId=16cf3bfa-1854-4c1d-a010-670e9aa91657, connection=PooledConnection{channel=[id: 0xb736888f, L:/127.0.0.1:51970 - R:localhost/127.0.0.1:8083]}}, [request_sent])
15:53:21.600 [reactor-http-nio-48] DEBUG reactor.netty.resources.PooledConnectionProvider - [id: 0x9c9e122e, L:/127.0.0.1:51884 - R:localhost/127.0.0.1:8083] Channel acquired, now 84 active connections and 217 inactive connections
15:53:21.600 [reactor-http-nio-48] DEBUG reactor.netty.http.client.HttpClientConnect - [id: 0x9c9e122e, L:/127.0.0.1:51884 - R:localhost/127.0.0.1:8083] Handler is being applied: {uri=http://localhost:8083/userLocation?userId=d569553a-5962-4706-a482-e11457c5503a, method=GET}
15:53:21.601 [reactor-http-nio-48] DEBUG reactor.netty.resources.PooledConnectionProvider - [id: 0x9c9e122e, L:/127.0.0.1:51884 - R:localhost/127.0.0.1:8083] onStateChange(GET{uri=/userLocation?userId=d569553a-5962-4706-a482-e11457c5503a, connection=PooledConnection{channel=[id: 0x9c9e122e, L:/127.0.0.1:51884 - R:localhost/127.0.0.1:8083]}}, [request_sent])
15:53:21.601 [pool-44-thread-21] DEBUG org.springframework.web.reactive.function.client.ExchangeFunctions - [79332c6b] HTTP GET http://localhost:8083/userLocation?userId=947c85c1-6aa8-4bb6-8009-6d6960ca5e5e
15:53:21.603 [reactor-http-nio-46] DEBUG reactor.netty.resources.PooledConnectionProvider - [id: 0xf6b8ded2, L:/127.0.0.1:51955 - R:localhost/127.0.0.1:8083] Channel acquired, now 85 active connections and 216 inactive connections
15:53:21.603 [reactor-http-nio-46] DEBUG reactor.netty.http.client.HttpClientConnect - [id: 0xf6b8ded2, L:/127.0.0.1:51955 - R:localhost/127.0.0.1:8083] Handler is being applied: {uri=http://localhost:8083/userLocation?userId=947c85c1-6aa8-4bb6-8009-6d6960ca5e5e, method=GET}
15:53:21.603 [reactor-http-nio-46] DEBUG reactor.netty.resources.PooledConnectionProvider - [id: 0xf6b8ded2, L:/127.0.0.1:51955 - R:localhost/127.0.0.1:8083] onStateChange(GET{uri=/userLocation?userId=947c85c1-6aa8-4bb6-8009-6d6960ca5e5e, connection=PooledConnection{channel=[id: 0xf6b8ded2, L:/127.0.0.1:51955 - R:localhost/127.0.0.1:8083]}}, [request_sent])
15:53:21.603 [pool-44-thread-22] DEBUG org.springframework.web.reactive.function.client.ExchangeFunctions - [476723ba] HTTP GET http://localhost:8083/userLocation?userId=e3151525-4c9d-4ecd-b52d-13b9f2bfa342
15:53:21.604 [reactor-http-nio-47] DEBUG reactor.netty.resources.PooledConnectionProvider - [id: 0xcb5559ed, L:/127.0.0.1:51856 - R:localhost/127.0.0.1:8083] Channel acquired, now 86 active connections and 215 inactive connections
15:53:21.604 [reactor-http-nio-47] DEBUG reactor.netty.http.client.HttpClientConnect - [id: 0xcb5559ed, L:/127.0.0.1:51856 - R:localhost/127.0.0.1:8083] Handler is being applied: {uri=http://localhost:8083/userLocation?userId=c152c3f8-7daf-4e30-bec7-ef371e1222c7, method=GET}
15:53:21.604 [reactor-http-nio-47] DEBUG reactor.netty.resources.PooledConnectionProvider - [id: 0xcb5559ed, L:/127.0.0.1:51856 - R:localhost/127.0.0.1:8083] onStateChange(GET{uri=/userLocation?userId=c152c3f8-7daf-4e30-bec7-ef371e1222c7, connection=PooledConnection{channel=[id: 0xcb5559ed, L:/127.0.0.1:51856 - R:localhost/127.0.0.1:8083]}}, [request_sent])
15:53:21.604 [reactor-http-nio-46] DEBUG reactor.netty.resources.PooledConnectionProvider - [id: 0x7604c246, L:/127.0.0.1:51937 - R:localhost/127.0.0.1:8083] Channel acquired, now 87 active connections and 214 inactive connections
15:53:21.604 [reactor-http-nio-46] DEBUG reactor.netty.http.client.HttpClientConnect - [id: 0x7604c246, L:/127.0.0.1:51937 - R:localhost/127.0.0.1:8083] Handler is being applied: {uri=http://localhost:8083/userLocation?userId=e3151525-4c9d-4ecd-b52d-13b9f2bfa342, method=GET}
15:53:21.605 [reactor-http-nio-46] DEBUG reactor.netty.resources.PooledConnectionProvider - [id: 0x7604c246, L:/127.0.0.1:51937 - R:localhost/127.0.0.1:8083] onStateChange(GET{uri=/userLocation?userId=e3151525-4c9d-4ecd-b52d-13b9f2bfa342, connection=PooledConnection{channel=[id: 0x7604c246, L:/127.0.0.1:51937 - R:localhost/127.0.0.1:8083]}}, [request_sent])
15:53:21.608 [pool-44-thread-23] DEBUG org.springframework.web.reactive.function.client.ExchangeFunctions - [3a7f78b1] HTTP GET http://localhost:8083/userLocation?userId=45250a91-0315-4377-8858-e3925bc065f6
15:53:21.611 [pool-44-thread-24] DEBUG org.springframework.web.reactive.function.client.ExchangeFunctions - [65260fa8] HTTP GET http://localhost:8083/userLocation?userId=5e2bf1d7-b572-436b-91dd-5d9d6421245e
15:53:21.611 [reactor-http-nio-48] DEBUG reactor.netty.resources.PooledConnectionProvider - [id: 0x81d5694b, L:/127.0.0.1:51900 - R:localhost/127.0.0.1:8083] Channel acquired, now 88 active connections and 213 inactive connections
15:53:21.611 [pool-44-thread-25] DEBUG org.springframework.web.reactive.function.client.ExchangeFunctions - [4f0a57ae] HTTP GET http://localhost:8083/userLocation?userId=cb76a6c9-fe9d-457e-a10a-73cb814fd26b
15:53:21.611 [reactor-http-nio-48] DEBUG reactor.netty.http.client.HttpClientConnect - [id: 0x81d5694b, L:/127.0.0.1:51900 - R:localhost/127.0.0.1:8083] Handler is being applied: {uri=http://localhost:8083/userLocation?userId=45250a91-0315-4377-8858-e3925bc065f6, method=GET}
15:53:21.612 [reactor-http-nio-48] DEBUG reactor.netty.resources.PooledConnectionProvider - [id: 0x81d5694b, L:/127.0.0.1:51900 - R:localhost/127.0.0.1:8083] onStateChange(GET{uri=/userLocation?userId=45250a91-0315-4377-8858-e3925bc065f6, connection=PooledConnection{channel=[id: 0x81d5694b, L:/127.0.0.1:51900 - R:localhost/127.0.0.1:8083]}}, [request_sent])
15:53:21.613 [pool-44-thread-26] DEBUG org.springframework.web.reactive.function.client.ExchangeFunctions - [3530d9eb] HTTP GET http://localhost:8083/userLocation?userId=f97d6c66-5e54-451e-8ae9-06e41471c990
15:53:21.614 [reactor-http-nio-47] DEBUG reactor.netty.resources.PooledConnectionProvider - [id: 0x53e3235d, L:/127.0.0.1:51903 - R:localhost/127.0.0.1:8083] Channel acquired, now 89 active connections and 212 inactive connections
15:53:21.614 [reactor-http-nio-47] DEBUG reactor.netty.http.client.HttpClientConnect - [id: 0x53e3235d, L:/127.0.0.1:51903 - R:localhost/127.0.0.1:8083] Handler is being applied: {uri=http://localhost:8083/userLocation?userId=5e2bf1d7-b572-436b-91dd-5d9d6421245e, method=GET}
15:53:21.614 [reactor-http-nio-47] DEBUG reactor.netty.resources.PooledConnectionProvider - [id: 0x53e3235d, L:/127.0.0.1:51903 - R:localhost/127.0.0.1:8083] onStateChange(GET{uri=/userLocation?userId=5e2bf1d7-b572-436b-91dd-5d9d6421245e, connection=PooledConnection{channel=[id: 0x53e3235d, L:/127.0.0.1:51903 - R:localhost/127.0.0.1:8083]}}, [request_sent])
15:53:21.615 [reactor-http-nio-41] DEBUG reactor.netty.resources.PooledConnectionProvider - [id: 0xaec00cf3, L:/127.0.0.1:51929 - R:localhost/127.0.0.1:8083] Channel acquired, now 90 active connections and 211 inactive connections
15:53:21.615 [reactor-http-nio-41] DEBUG reactor.netty.http.client.HttpClientConnect - [id: 0xaec00cf3, L:/127.0.0.1:51929 - R:localhost/127.0.0.1:8083] Handler is being applied: {uri=http://localhost:8083/userLocation?userId=cb76a6c9-fe9d-457e-a10a-73cb814fd26b, method=GET}
15:53:21.616 [reactor-http-nio-41] DEBUG reactor.netty.resources.PooledConnectionProvider - [id: 0xaec00cf3, L:/127.0.0.1:51929 - R:localhost/127.0.0.1:8083] onStateChange(GET{uri=/userLocation?userId=cb76a6c9-fe9d-457e-a10a-73cb814fd26b, connection=PooledConnection{channel=[id: 0xaec00cf3, L:/127.0.0.1:51929 - R:localhost/127.0.0.1:8083]}}, [request_sent])
15:53:21.616 [reactor-http-nio-48] DEBUG reactor.netty.resources.PooledConnectionProvider - [id: 0x95b5a580, L:/127.0.0.1:51906 - R:localhost/127.0.0.1:8083] Channel acquired, now 91 active connections and 210 inactive connections
15:53:21.616 [reactor-http-nio-48] DEBUG reactor.netty.http.client.HttpClientConnect - [id: 0x95b5a580, L:/127.0.0.1:51906 - R:localhost/127.0.0.1:8083] Handler is being applied: {uri=http://localhost:8083/userLocation?userId=f97d6c66-5e54-451e-8ae9-06e41471c990, method=GET}
15:53:21.617 [reactor-http-nio-48] DEBUG reactor.netty.resources.PooledConnectionProvider - [id: 0x95b5a580, L:/127.0.0.1:51906 - R:localhost/127.0.0.1:8083] onStateChange(GET{uri=/userLocation?userId=f97d6c66-5e54-451e-8ae9-06e41471c990, connection=PooledConnection{channel=[id: 0x95b5a580, L:/127.0.0.1:51906 - R:localhost/127.0.0.1:8083]}}, [request_sent])
15:53:21.618 [pool-44-thread-27] DEBUG org.springframework.web.reactive.function.client.ExchangeFunctions - [3171de93] HTTP GET http://localhost:8083/userLocation?userId=3de05114-b3c9-4110-92fb-d54adc7ec956
15:53:21.621 [reactor-http-nio-46] DEBUG reactor.netty.resources.PooledConnectionProvider - [id: 0x9443a469, L:/127.0.0.1:51952 - R:localhost/127.0.0.1:8083] Channel acquired, now 92 active connections and 209 inactive connections
15:53:21.621 [reactor-http-nio-46] DEBUG reactor.netty.http.client.HttpClientConnect - [id: 0x9443a469, L:/127.0.0.1:51952 - R:localhost/127.0.0.1:8083] Handler is being applied: {uri=http://localhost:8083/userLocation?userId=3de05114-b3c9-4110-92fb-d54adc7ec956, method=GET}
15:53:21.621 [reactor-http-nio-46] DEBUG reactor.netty.resources.PooledConnectionProvider - [id: 0x9443a469, L:/127.0.0.1:51952 - R:localhost/127.0.0.1:8083] onStateChange(GET{uri=/userLocation?userId=3de05114-b3c9-4110-92fb-d54adc7ec956, connection=PooledConnection{channel=[id: 0x9443a469, L:/127.0.0.1:51952 - R:localhost/127.0.0.1:8083]}}, [request_sent])
15:53:21.626 [pool-44-thread-28] DEBUG org.springframework.web.reactive.function.client.ExchangeFunctions - [38956ca2] HTTP GET http://localhost:8083/userLocation?userId=bbde8e76-9219-4794-a868-6c30c40ba721
15:53:21.630 [reactor-http-nio-46] DEBUG reactor.netty.resources.PooledConnectionProvider - [id: 0xca7f278b, L:/127.0.0.1:51829 - R:localhost/127.0.0.1:8083] Channel acquired, now 93 active connections and 208 inactive connections
15:53:21.630 [reactor-http-nio-46] DEBUG reactor.netty.http.client.HttpClientConnect - [id: 0xca7f278b, L:/127.0.0.1:51829 - R:localhost/127.0.0.1:8083] Handler is being applied: {uri=http://localhost:8083/userLocation?userId=bbde8e76-9219-4794-a868-6c30c40ba721, method=GET}
15:53:21.631 [reactor-http-nio-46] DEBUG reactor.netty.resources.PooledConnectionProvider - [id: 0xca7f278b, L:/127.0.0.1:51829 - R:localhost/127.0.0.1:8083] onStateChange(GET{uri=/userLocation?userId=bbde8e76-9219-4794-a868-6c30c40ba721, connection=PooledConnection{channel=[id: 0xca7f278b, L:/127.0.0.1:51829 - R:localhost/127.0.0.1:8083]}}, [request_sent])
15:53:21.631 [pool-44-thread-29] DEBUG org.springframework.web.reactive.function.client.ExchangeFunctions - [5640ff8] HTTP GET http://localhost:8083/userLocation?userId=cb38311c-b541-4bd4-bb0c-4030e45a53d5
15:53:21.634 [reactor-http-nio-47] DEBUG reactor.netty.resources.PooledConnectionProvider - [id: 0x6caa1951, L:/127.0.0.1:51695 - R:localhost/127.0.0.1:8083] Channel acquired, now 94 active connections and 207 inactive connections
15:53:21.635 [reactor-http-nio-47] DEBUG reactor.netty.http.client.HttpClientConnect - [id: 0x6caa1951, L:/127.0.0.1:51695 - R:localhost/127.0.0.1:8083] Handler is being applied: {uri=http://localhost:8083/userLocation?userId=cb38311c-b541-4bd4-bb0c-4030e45a53d5, method=GET}
15:53:21.635 [reactor-http-nio-47] DEBUG reactor.netty.resources.PooledConnectionProvider - [id: 0x6caa1951, L:/127.0.0.1:51695 - R:localhost/127.0.0.1:8083] onStateChange(GET{uri=/userLocation?userId=cb38311c-b541-4bd4-bb0c-4030e45a53d5, connection=PooledConnection{channel=[id: 0x6caa1951, L:/127.0.0.1:51695 - R:localhost/127.0.0.1:8083]}}, [request_sent])
15:53:21.636 [pool-44-thread-30] DEBUG org.springframework.web.reactive.function.client.ExchangeFunctions - [1dbcf6d9] HTTP GET http://localhost:8083/userLocation?userId=59e40a26-d344-4b28-be1b-24d326431c22
15:53:21.638 [pool-44-thread-31] DEBUG org.springframework.web.reactive.function.client.ExchangeFunctions - [4d0d8b81] HTTP GET http://localhost:8083/userLocation?userId=a94c1fa6-b18b-4165-8fc6-6ace541fb23e
15:53:21.640 [reactor-http-nio-48] DEBUG reactor.netty.resources.PooledConnectionProvider - [id: 0x735db106, L:/127.0.0.1:51888 - R:localhost/127.0.0.1:8083] Channel acquired, now 95 active connections and 206 inactive connections
15:53:21.640 [reactor-http-nio-48] DEBUG reactor.netty.http.client.HttpClientConnect - [id: 0x735db106, L:/127.0.0.1:51888 - R:localhost/127.0.0.1:8083] Handler is being applied: {uri=http://localhost:8083/userLocation?userId=59e40a26-d344-4b28-be1b-24d326431c22, method=GET}
15:53:21.641 [reactor-http-nio-48] DEBUG reactor.netty.resources.PooledConnectionProvider - [id: 0x735db106, L:/127.0.0.1:51888 - R:localhost/127.0.0.1:8083] onStateChange(GET{uri=/userLocation?userId=59e40a26-d344-4b28-be1b-24d326431c22, connection=PooledConnection{channel=[id: 0x735db106, L:/127.0.0.1:51888 - R:localhost/127.0.0.1:8083]}}, [request_sent])
15:53:21.641 [pool-44-thread-32] DEBUG org.springframework.web.reactive.function.client.ExchangeFunctions - [13605ab0] HTTP GET http://localhost:8083/userLocation?userId=096f7ca3-c1c2-4f88-bde3-f2988de00b76
15:53:21.643 [reactor-http-nio-46] DEBUG reactor.netty.resources.PooledConnectionProvider - [id: 0xe5282f4b, L:/127.0.0.1:51960 - R:localhost/127.0.0.1:8083] Channel acquired, now 96 active connections and 205 inactive connections
15:53:21.643 [reactor-http-nio-46] DEBUG reactor.netty.http.client.HttpClientConnect - [id: 0xe5282f4b, L:/127.0.0.1:51960 - R:localhost/127.0.0.1:8083] Handler is being applied: {uri=http://localhost:8083/userLocation?userId=a94c1fa6-b18b-4165-8fc6-6ace541fb23e, method=GET}
15:53:21.643 [reactor-http-nio-46] DEBUG reactor.netty.resources.PooledConnectionProvider - [id: 0xe5282f4b, L:/127.0.0.1:51960 - R:localhost/127.0.0.1:8083] onStateChange(GET{uri=/userLocation?userId=a94c1fa6-b18b-4165-8fc6-6ace541fb23e, connection=PooledConnection{channel=[id: 0xe5282f4b, L:/127.0.0.1:51960 - R:localhost/127.0.0.1:8083]}}, [request_sent])
15:53:21.644 [pool-44-thread-33] DEBUG org.springframework.web.reactive.function.client.ExchangeFunctions - [527e46e7] HTTP GET http://localhost:8083/userLocation?userId=0db665b6-6de0-48ea-81fc-e99384714a3d
15:53:21.645 [reactor-http-nio-47] DEBUG reactor.netty.resources.PooledConnectionProvider - [id: 0x0c88f8fd, L:/127.0.0.1:51848 - R:localhost/127.0.0.1:8083] Channel acquired, now 97 active connections and 204 inactive connections
15:53:21.645 [reactor-http-nio-47] DEBUG reactor.netty.http.client.HttpClientConnect - [id: 0x0c88f8fd, L:/127.0.0.1:51848 - R:localhost/127.0.0.1:8083] Handler is being applied: {uri=http://localhost:8083/userLocation?userId=096f7ca3-c1c2-4f88-bde3-f2988de00b76, method=GET}
15:53:21.645 [reactor-http-nio-47] DEBUG reactor.netty.resources.PooledConnectionProvider - [id: 0x0c88f8fd, L:/127.0.0.1:51848 - R:localhost/127.0.0.1:8083] onStateChange(GET{uri=/userLocation?userId=096f7ca3-c1c2-4f88-bde3-f2988de00b76, connection=PooledConnection{channel=[id: 0x0c88f8fd, L:/127.0.0.1:51848 - R:localhost/127.0.0.1:8083]}}, [request_sent])
15:53:21.646 [pool-44-thread-34] DEBUG org.springframework.web.reactive.function.client.ExchangeFunctions - [27e0e85f] HTTP GET http://localhost:8083/userLocation?userId=aaca9cd8-6cba-42e4-96a4-7a2b1adf26ba
15:53:21.646 [reactor-http-nio-47] DEBUG reactor.netty.resources.PooledConnectionProvider - [id: 0x58b4f0a0, L:/127.0.0.1:51858 - R:localhost/127.0.0.1:8083] Channel acquired, now 98 active connections and 203 inactive connections
15:53:21.646 [reactor-http-nio-47] DEBUG reactor.netty.http.client.HttpClientConnect - [id: 0x58b4f0a0, L:/127.0.0.1:51858 - R:localhost/127.0.0.1:8083] Handler is being applied: {uri=http://localhost:8083/userLocation?userId=aaca9cd8-6cba-42e4-96a4-7a2b1adf26ba, method=GET}
15:53:21.646 [reactor-http-nio-47] DEBUG reactor.netty.resources.PooledConnectionProvider - [id: 0x58b4f0a0, L:/127.0.0.1:51858 - R:localhost/127.0.0.1:8083] onStateChange(GET{uri=/userLocation?userId=aaca9cd8-6cba-42e4-96a4-7a2b1adf26ba, connection=PooledConnection{channel=[id: 0x58b4f0a0, L:/127.0.0.1:51858 - R:localhost/127.0.0.1:8083]}}, [request_sent])
15:53:21.647 [reactor-http-nio-47] DEBUG reactor.netty.resources.PooledConnectionProvider - [id: 0xa7d8e8a3, L:/127.0.0.1:51682 - R:localhost/127.0.0.1:8083] Channel acquired, now 99 active connections and 202 inactive connections
15:53:21.648 [reactor-http-nio-47] DEBUG reactor.netty.http.client.HttpClientConnect - [id: 0xa7d8e8a3, L:/127.0.0.1:51682 - R:localhost/127.0.0.1:8083] Handler is being applied: {uri=http://localhost:8083/userLocation?userId=0db665b6-6de0-48ea-81fc-e99384714a3d, method=GET}
15:53:21.648 [pool-44-thread-36] DEBUG org.springframework.web.reactive.function.client.ExchangeFunctions - [49d68bac] HTTP GET http://localhost:8083/userLocation?userId=5648ccdf-345d-40af-b71f-deca1dc9d8e6
15:53:21.648 [pool-44-thread-35] DEBUG org.springframework.web.reactive.function.client.ExchangeFunctions - [3cea01ab] HTTP GET http://localhost:8083/userLocation?userId=852d86e5-a986-4568-8f64-fa7351ead175
15:53:21.648 [reactor-http-nio-47] DEBUG reactor.netty.resources.PooledConnectionProvider - [id: 0xa7d8e8a3, L:/127.0.0.1:51682 - R:localhost/127.0.0.1:8083] onStateChange(GET{uri=/userLocation?userId=0db665b6-6de0-48ea-81fc-e99384714a3d, connection=PooledConnection{channel=[id: 0xa7d8e8a3, L:/127.0.0.1:51682 - R:localhost/127.0.0.1:8083]}}, [request_sent])
15:53:21.649 [pool-44-thread-37] DEBUG org.springframework.web.reactive.function.client.ExchangeFunctions - [5c4ccc0d] HTTP GET http://localhost:8083/userLocation?userId=5b21458b-1bca-411d-ad55-28cb916e556b
15:53:21.650 [reactor-http-nio-47] DEBUG reactor.netty.resources.PooledConnectionProvider - [id: 0xe4eaf4b8, L:/127.0.0.1:51868 - R:localhost/127.0.0.1:8083] Channel acquired, now 100 active connections and 201 inactive connections
15:53:21.650 [reactor-http-nio-47] DEBUG reactor.netty.http.client.HttpClientConnect - [id: 0xe4eaf4b8, L:/127.0.0.1:51868 - R:localhost/127.0.0.1:8083] Handler is being applied: {uri=http://localhost:8083/userLocation?userId=5648ccdf-345d-40af-b71f-deca1dc9d8e6, method=GET}
15:53:21.650 [reactor-http-nio-47] DEBUG reactor.netty.resources.PooledConnectionProvider - [id: 0xe4eaf4b8, L:/127.0.0.1:51868 - R:localhost/127.0.0.1:8083] onStateChange(GET{uri=/userLocation?userId=5648ccdf-345d-40af-b71f-deca1dc9d8e6, connection=PooledConnection{channel=[id: 0xe4eaf4b8, L:/127.0.0.1:51868 - R:localhost/127.0.0.1:8083]}}, [request_sent])
15:53:21.651 [reactor-http-nio-48] DEBUG reactor.netty.resources.PooledConnectionProvider - [id: 0x068de3e1, L:/127.0.0.1:51918 - R:localhost/127.0.0.1:8083] Channel acquired, now 101 active connections and 200 inactive connections
15:53:21.651 [reactor-http-nio-48] DEBUG reactor.netty.http.client.HttpClientConnect - [id: 0x068de3e1, L:/127.0.0.1:51918 - R:localhost/127.0.0.1:8083] Handler is being applied: {uri=http://localhost:8083/userLocation?userId=5b21458b-1bca-411d-ad55-28cb916e556b, method=GET}
15:53:21.652 [reactor-http-nio-48] DEBUG reactor.netty.resources.PooledConnectionProvider - [id: 0x068de3e1, L:/127.0.0.1:51918 - R:localhost/127.0.0.1:8083] onStateChange(GET{uri=/userLocation?userId=5b21458b-1bca-411d-ad55-28cb916e556b, connection=PooledConnection{channel=[id: 0x068de3e1, L:/127.0.0.1:51918 - R:localhost/127.0.0.1:8083]}}, [request_sent])
15:53:21.652 [reactor-http-nio-47] DEBUG reactor.netty.resources.PooledConnectionProvider - [id: 0xfd464294, L:/127.0.0.1:51869 - R:localhost/127.0.0.1:8083] Channel acquired, now 102 active connections and 199 inactive connections
15:53:21.652 [reactor-http-nio-47] DEBUG reactor.netty.http.client.HttpClientConnect - [id: 0xfd464294, L:/127.0.0.1:51869 - R:localhost/127.0.0.1:8083] Handler is being applied: {uri=http://localhost:8083/userLocation?userId=852d86e5-a986-4568-8f64-fa7351ead175, method=GET}
15:53:21.653 [reactor-http-nio-47] DEBUG reactor.netty.resources.PooledConnectionProvider - [id: 0xfd464294, L:/127.0.0.1:51869 - R:localhost/127.0.0.1:8083] onStateChange(GET{uri=/userLocation?userId=852d86e5-a986-4568-8f64-fa7351ead175, connection=PooledConnection{channel=[id: 0xfd464294, L:/127.0.0.1:51869 - R:localhost/127.0.0.1:8083]}}, [request_sent])
15:53:21.653 [pool-44-thread-38] DEBUG org.springframework.web.reactive.function.client.ExchangeFunctions - [7d1ef1e7] HTTP GET http://localhost:8083/userLocation?userId=749256a1-2359-4387-b125-736bb14523b5
15:53:21.656 [pool-44-thread-39] DEBUG org.springframework.web.reactive.function.client.ExchangeFunctions - [15fd1fc] HTTP GET http://localhost:8083/userLocation?userId=f37f9bdc-fc6e-486a-a73c-d6bccbc2ecad
15:53:21.656 [reactor-http-nio-48] DEBUG reactor.netty.resources.PooledConnectionProvider - [id: 0xce6ce1c7, L:/127.0.0.1:51962 - R:localhost/127.0.0.1:8083] Channel acquired, now 103 active connections and 198 inactive connections
15:53:21.656 [reactor-http-nio-48] DEBUG reactor.netty.http.client.HttpClientConnect - [id: 0xce6ce1c7, L:/127.0.0.1:51962 - R:localhost/127.0.0.1:8083] Handler is being applied: {uri=http://localhost:8083/userLocation?userId=f37f9bdc-fc6e-486a-a73c-d6bccbc2ecad, method=GET}
15:53:21.656 [reactor-http-nio-48] DEBUG reactor.netty.resources.PooledConnectionProvider - [id: 0xce6ce1c7, L:/127.0.0.1:51962 - R:localhost/127.0.0.1:8083] onStateChange(GET{uri=/userLocation?userId=f37f9bdc-fc6e-486a-a73c-d6bccbc2ecad, connection=PooledConnection{channel=[id: 0xce6ce1c7, L:/127.0.0.1:51962 - R:localhost/127.0.0.1:8083]}}, [request_sent])
15:53:21.658 [reactor-http-nio-48] DEBUG reactor.netty.resources.PooledConnectionProvider - [id: 0xa9b4c53d, L:/127.0.0.1:51920 - R:localhost/127.0.0.1:8083] Channel acquired, now 104 active connections and 197 inactive connections
15:53:21.658 [reactor-http-nio-48] DEBUG reactor.netty.http.client.HttpClientConnect - [id: 0xa9b4c53d, L:/127.0.0.1:51920 - R:localhost/127.0.0.1:8083] Handler is being applied: {uri=http://localhost:8083/userLocation?userId=749256a1-2359-4387-b125-736bb14523b5, method=GET}
15:53:21.658 [reactor-http-nio-48] DEBUG reactor.netty.resources.PooledConnectionProvider - [id: 0xa9b4c53d, L:/127.0.0.1:51920 - R:localhost/127.0.0.1:8083] onStateChange(GET{uri=/userLocation?userId=749256a1-2359-4387-b125-736bb14523b5, connection=PooledConnection{channel=[id: 0xa9b4c53d, L:/127.0.0.1:51920 - R:localhost/127.0.0.1:8083]}}, [request_sent])
15:53:21.659 [pool-44-thread-40] DEBUG org.springframework.web.reactive.function.client.ExchangeFunctions - [6af49fe0] HTTP GET http://localhost:8083/userLocation?userId=0f63d1b2-2245-48c0-8ad5-f9f49e0b9aed
15:53:21.659 [pool-44-thread-41] DEBUG org.springframework.web.reactive.function.client.ExchangeFunctions - [4da06548] HTTP GET http://localhost:8083/userLocation?userId=ff3b9f8d-02cb-4164-8da7-f9ceb4ba5948
15:53:21.660 [pool-44-thread-42] DEBUG org.springframework.web.reactive.function.client.ExchangeFunctions - [50506b5e] HTTP GET http://localhost:8083/userLocation?userId=e21f1bbf-91b2-4f2e-b640-57cb82f6839c
15:53:21.661 [reactor-http-nio-48] DEBUG reactor.netty.http.client.HttpClientOperations - [id: 0x6a1a0482, L:/127.0.0.1:51956 - R:localhost/127.0.0.1:8083] Received response (auto-read:false) : [Content-Type=application/json, Transfer-Encoding=chunked, Date=Wed, 15 Jun 2022 14:53:20 GMT]
15:53:21.661 [reactor-http-nio-48] DEBUG reactor.netty.resources.PooledConnectionProvider - [id: 0x6a1a0482, L:/127.0.0.1:51956 - R:localhost/127.0.0.1:8083] onStateChange(GET{uri=/attractions, connection=PooledConnection{channel=[id: 0x6a1a0482, L:/127.0.0.1:51956 - R:localhost/127.0.0.1:8083]}}, [response_received])
15:53:21.662 [reactor-http-nio-48] DEBUG org.springframework.web.reactive.function.client.ExchangeFunctions - [1380bcb0] Response 200 OK
15:53:21.662 [reactor-http-nio-46] DEBUG reactor.netty.resources.PooledConnectionProvider - [id: 0xd4e50150, L:/127.0.0.1:51945 - R:localhost/127.0.0.1:8083] Channel acquired, now 105 active connections and 196 inactive connections
15:53:21.662 [reactor-http-nio-46] DEBUG reactor.netty.http.client.HttpClientConnect - [id: 0xd4e50150, L:/127.0.0.1:51945 - R:localhost/127.0.0.1:8083] Handler is being applied: {uri=http://localhost:8083/userLocation?userId=0f63d1b2-2245-48c0-8ad5-f9f49e0b9aed, method=GET}
15:53:21.663 [reactor-http-nio-46] DEBUG reactor.netty.resources.PooledConnectionProvider - [id: 0xd4e50150, L:/127.0.0.1:51945 - R:localhost/127.0.0.1:8083] onStateChange(GET{uri=/userLocation?userId=0f63d1b2-2245-48c0-8ad5-f9f49e0b9aed, connection=PooledConnection{channel=[id: 0xd4e50150, L:/127.0.0.1:51945 - R:localhost/127.0.0.1:8083]}}, [request_sent])
15:53:21.663 [reactor-http-nio-48] DEBUG reactor.netty.channel.FluxReceive - [id: 0x6a1a0482, L:/127.0.0.1:51956 - R:localhost/127.0.0.1:8083] Subscribing inbound receiver [pending: 0, cancelled:false, inboundDone: false]
15:53:21.663 [reactor-http-nio-48] DEBUG reactor.netty.resources.PooledConnectionProvider - [id: 0x6c9d2faf, L:/127.0.0.1:51972 - R:localhost/127.0.0.1:8083] Channel acquired, now 106 active connections and 195 inactive connections
15:53:21.663 [reactor-http-nio-48] DEBUG reactor.netty.http.client.HttpClientConnect - [id: 0x6c9d2faf, L:/127.0.0.1:51972 - R:localhost/127.0.0.1:8083] Handler is being applied: {uri=http://localhost:8083/userLocation?userId=ff3b9f8d-02cb-4164-8da7-f9ceb4ba5948, method=GET}
15:53:21.664 [reactor-http-nio-48] DEBUG reactor.netty.resources.PooledConnectionProvider - [id: 0x6c9d2faf, L:/127.0.0.1:51972 - R:localhost/127.0.0.1:8083] onStateChange(GET{uri=/userLocation?userId=ff3b9f8d-02cb-4164-8da7-f9ceb4ba5948, connection=PooledConnection{channel=[id: 0x6c9d2faf, L:/127.0.0.1:51972 - R:localhost/127.0.0.1:8083]}}, [request_sent])
15:53:21.664 [reactor-http-nio-48] DEBUG reactor.netty.resources.PooledConnectionProvider - [id: 0x7a76d748, L:/127.0.0.1:51959 - R:localhost/127.0.0.1:8083] Channel acquired, now 107 active connections and 194 inactive connections
15:53:21.664 [reactor-http-nio-48] DEBUG reactor.netty.http.client.HttpClientConnect - [id: 0x7a76d748, L:/127.0.0.1:51959 - R:localhost/127.0.0.1:8083] Handler is being applied: {uri=http://localhost:8083/userLocation?userId=e21f1bbf-91b2-4f2e-b640-57cb82f6839c, method=GET}
15:53:21.664 [reactor-http-nio-48] DEBUG reactor.netty.resources.PooledConnectionProvider - [id: 0x7a76d748, L:/127.0.0.1:51959 - R:localhost/127.0.0.1:8083] onStateChange(GET{uri=/userLocation?userId=e21f1bbf-91b2-4f2e-b640-57cb82f6839c, connection=PooledConnection{channel=[id: 0x7a76d748, L:/127.0.0.1:51959 - R:localhost/127.0.0.1:8083]}}, [request_sent])
15:53:21.664 [reactor-http-nio-48] DEBUG reactor.netty.http.client.HttpClientOperations - [id: 0x6a1a0482, L:/127.0.0.1:51956 - R:localhost/127.0.0.1:8083] Received last HTTP packet
15:53:21.664 [reactor-http-nio-48] DEBUG org.springframework.core.codec.StringDecoder - [1380bcb0] Decoded "[{"longitude":-117.922008,"latitude":33.817595,"attractionName":"Disneyland","city":"Anaheim","stat (truncated)...
15:53:21.664 [reactor-http-nio-48] DEBUG reactor.netty.resources.PooledConnectionProvider - [id: 0x6a1a0482, L:/127.0.0.1:51956 - R:localhost/127.0.0.1:8083] onStateChange(GET{uri=/attractions, connection=PooledConnection{channel=[id: 0x6a1a0482, L:/127.0.0.1:51956 - R:localhost/127.0.0.1:8083]}}, [disconnecting])
15:53:21.664 [reactor-http-nio-48] DEBUG reactor.netty.resources.PooledConnectionProvider - [id: 0x6a1a0482, L:/127.0.0.1:51956 - R:localhost/127.0.0.1:8083] Releasing channel
15:53:21.664 [reactor-http-nio-48] DEBUG reactor.netty.resources.PooledConnectionProvider - [id: 0x6a1a0482, L:/127.0.0.1:51956 - R:localhost/127.0.0.1:8083] Channel cleaned, now 106 active connections and 195 inactive connections
15:53:21.669 [pool-44-thread-43] DEBUG org.springframework.web.reactive.function.client.ExchangeFunctions - [5114e510] HTTP GET http://localhost:8083/userLocation?userId=9c596ea9-4148-4be9-a6cb-284725b076e7
15:53:21.670 [reactor-http-nio-48] DEBUG reactor.netty.resources.PooledConnectionProvider - [id: 0x023af947, L:/127.0.0.1:51706 - R:localhost/127.0.0.1:8083] Channel acquired, now 107 active connections and 194 inactive connections
15:53:21.670 [reactor-http-nio-48] DEBUG reactor.netty.http.client.HttpClientConnect - [id: 0x023af947, L:/127.0.0.1:51706 - R:localhost/127.0.0.1:8083] Handler is being applied: {uri=http://localhost:8083/userLocation?userId=9c596ea9-4148-4be9-a6cb-284725b076e7, method=GET}
15:53:21.671 [reactor-http-nio-48] DEBUG reactor.netty.resources.PooledConnectionProvider - [id: 0x023af947, L:/127.0.0.1:51706 - R:localhost/127.0.0.1:8083] onStateChange(GET{uri=/userLocation?userId=9c596ea9-4148-4be9-a6cb-284725b076e7, connection=PooledConnection{channel=[id: 0x023af947, L:/127.0.0.1:51706 - R:localhost/127.0.0.1:8083]}}, [request_sent])
15:53:21.672 [pool-44-thread-44] DEBUG org.springframework.web.reactive.function.client.ExchangeFunctions - [7e5bc2ca] HTTP GET http://localhost:8083/userLocation?userId=d492245e-d862-49d2-9d13-140c9b1309b9
15:53:21.675 [reactor-http-nio-46] DEBUG reactor.netty.resources.PooledConnectionProvider - [id: 0x29677198, L:/127.0.0.1:51832 - R:localhost/127.0.0.1:8083] Channel acquired, now 108 active connections and 193 inactive connections
15:53:21.675 [reactor-http-nio-46] DEBUG reactor.netty.http.client.HttpClientConnect - [id: 0x29677198, L:/127.0.0.1:51832 - R:localhost/127.0.0.1:8083] Handler is being applied: {uri=http://localhost:8083/userLocation?userId=d492245e-d862-49d2-9d13-140c9b1309b9, method=GET}
15:53:21.675 [reactor-http-nio-46] DEBUG reactor.netty.resources.PooledConnectionProvider - [id: 0x29677198, L:/127.0.0.1:51832 - R:localhost/127.0.0.1:8083] onStateChange(GET{uri=/userLocation?userId=d492245e-d862-49d2-9d13-140c9b1309b9, connection=PooledConnection{channel=[id: 0x29677198, L:/127.0.0.1:51832 - R:localhost/127.0.0.1:8083]}}, [request_sent])
15:53:21.677 [pool-44-thread-45] DEBUG org.springframework.web.reactive.function.client.ExchangeFunctions - [2b87cdc5] HTTP GET http://localhost:8083/userLocation?userId=3e0c8a36-f83e-4086-9b8b-9281bfac9ff9
15:53:21.679 [pool-44-thread-47] DEBUG org.springframework.web.reactive.function.client.ExchangeFunctions - [54987ae6] HTTP GET http://localhost:8083/userLocation?userId=5a6e91d1-7a10-4b26-a5d0-5f577cc54884
15:53:21.679 [pool-44-thread-46] DEBUG org.springframework.web.reactive.function.client.ExchangeFunctions - [6369a0c5] HTTP GET http://localhost:8083/userLocation?userId=989c08bf-2526-4add-a33f-753cdccfd889
15:53:21.680 [pool-44-thread-48] DEBUG org.springframework.web.reactive.function.client.ExchangeFunctions - [3cccc5d] HTTP GET http://localhost:8083/userLocation?userId=bbbd6257-3e37-45e9-9525-8cc76c99ad06
15:53:21.681 [reactor-http-nio-48] DEBUG reactor.netty.resources.PooledConnectionProvider - [id: 0x77d5390b, L:/127.0.0.1:51931 - R:localhost/127.0.0.1:8083] Channel acquired, now 109 active connections and 192 inactive connections
15:53:21.681 [reactor-http-nio-48] DEBUG reactor.netty.http.client.HttpClientConnect - [id: 0x77d5390b, L:/127.0.0.1:51931 - R:localhost/127.0.0.1:8083] Handler is being applied: {uri=http://localhost:8083/userLocation?userId=3e0c8a36-f83e-4086-9b8b-9281bfac9ff9, method=GET}
15:53:21.681 [reactor-http-nio-48] DEBUG reactor.netty.resources.PooledConnectionProvider - [id: 0x77d5390b, L:/127.0.0.1:51931 - R:localhost/127.0.0.1:8083] onStateChange(GET{uri=/userLocation?userId=3e0c8a36-f83e-4086-9b8b-9281bfac9ff9, connection=PooledConnection{channel=[id: 0x77d5390b, L:/127.0.0.1:51931 - R:localhost/127.0.0.1:8083]}}, [request_sent])
15:53:21.683 [reactor-http-nio-46] DEBUG reactor.netty.resources.PooledConnectionProvider - [id: 0x7857a0df, L:/127.0.0.1:51801 - R:localhost/127.0.0.1:8083] Channel acquired, now 110 active connections and 191 inactive connections
15:53:21.683 [reactor-http-nio-46] DEBUG reactor.netty.http.client.HttpClientConnect - [id: 0x7857a0df, L:/127.0.0.1:51801 - R:localhost/127.0.0.1:8083] Handler is being applied: {uri=http://localhost:8083/userLocation?userId=989c08bf-2526-4add-a33f-753cdccfd889, method=GET}
15:53:21.683 [reactor-http-nio-48] DEBUG reactor.netty.resources.PooledConnectionProvider - [id: 0x5ae48bb7, L:/127.0.0.1:51942 - R:localhost/127.0.0.1:8083] Channel acquired, now 111 active connections and 190 inactive connections
15:53:21.683 [reactor-http-nio-48] DEBUG reactor.netty.http.client.HttpClientConnect - [id: 0x5ae48bb7, L:/127.0.0.1:51942 - R:localhost/127.0.0.1:8083] Handler is being applied: {uri=http://localhost:8083/userLocation?userId=5a6e91d1-7a10-4b26-a5d0-5f577cc54884, method=GET}
15:53:21.683 [reactor-http-nio-46] DEBUG reactor.netty.resources.PooledConnectionProvider - [id: 0x7857a0df, L:/127.0.0.1:51801 - R:localhost/127.0.0.1:8083] onStateChange(GET{uri=/userLocation?userId=989c08bf-2526-4add-a33f-753cdccfd889, connection=PooledConnection{channel=[id: 0x7857a0df, L:/127.0.0.1:51801 - R:localhost/127.0.0.1:8083]}}, [request_sent])
15:53:21.683 [reactor-http-nio-48] DEBUG reactor.netty.resources.PooledConnectionProvider - [id: 0x5ae48bb7, L:/127.0.0.1:51942 - R:localhost/127.0.0.1:8083] onStateChange(GET{uri=/userLocation?userId=5a6e91d1-7a10-4b26-a5d0-5f577cc54884, connection=PooledConnection{channel=[id: 0x5ae48bb7, L:/127.0.0.1:51942 - R:localhost/127.0.0.1:8083]}}, [request_sent])
15:53:21.683 [reactor-http-nio-48] DEBUG reactor.netty.resources.PooledConnectionProvider - [id: 0xd62a591a, L:/127.0.0.1:51974 - R:localhost/127.0.0.1:8083] Channel acquired, now 112 active connections and 189 inactive connections
15:53:21.683 [reactor-http-nio-48] DEBUG reactor.netty.http.client.HttpClientConnect - [id: 0xd62a591a, L:/127.0.0.1:51974 - R:localhost/127.0.0.1:8083] Handler is being applied: {uri=http://localhost:8083/userLocation?userId=bbbd6257-3e37-45e9-9525-8cc76c99ad06, method=GET}
15:53:21.684 [reactor-http-nio-48] DEBUG reactor.netty.resources.PooledConnectionProvider - [id: 0xd62a591a, L:/127.0.0.1:51974 - R:localhost/127.0.0.1:8083] onStateChange(GET{uri=/userLocation?userId=bbbd6257-3e37-45e9-9525-8cc76c99ad06, connection=PooledConnection{channel=[id: 0xd62a591a, L:/127.0.0.1:51974 - R:localhost/127.0.0.1:8083]}}, [request_sent])
15:53:21.685 [pool-44-thread-49] DEBUG org.springframework.web.reactive.function.client.ExchangeFunctions - [23cf3cf2] HTTP GET http://localhost:8083/userLocation?userId=1552ad6a-c0a8-470c-8592-8a8b37864e3a
15:53:21.689 [reactor-http-nio-48] DEBUG reactor.netty.resources.PooledConnectionProvider - [id: 0x4f10c9bb, L:/127.0.0.1:51905 - R:localhost/127.0.0.1:8083] Channel acquired, now 113 active connections and 188 inactive connections
15:53:21.689 [reactor-http-nio-48] DEBUG reactor.netty.http.client.HttpClientConnect - [id: 0x4f10c9bb, L:/127.0.0.1:51905 - R:localhost/127.0.0.1:8083] Handler is being applied: {uri=http://localhost:8083/userLocation?userId=1552ad6a-c0a8-470c-8592-8a8b37864e3a, method=GET}
15:53:21.690 [reactor-http-nio-48] DEBUG reactor.netty.resources.PooledConnectionProvider - [id: 0x4f10c9bb, L:/127.0.0.1:51905 - R:localhost/127.0.0.1:8083] onStateChange(GET{uri=/userLocation?userId=1552ad6a-c0a8-470c-8592-8a8b37864e3a, connection=PooledConnection{channel=[id: 0x4f10c9bb, L:/127.0.0.1:51905 - R:localhost/127.0.0.1:8083]}}, [request_sent])
15:53:21.690 [pool-44-thread-50] DEBUG org.springframework.web.reactive.function.client.ExchangeFunctions - [56ec8121] HTTP GET http://localhost:8083/userLocation?userId=bc05503f-f4a8-43e9-85f0-8194f3839c32
15:53:21.693 [reactor-http-nio-41] DEBUG reactor.netty.resources.PooledConnectionProvider - [id: 0x1ae38938, L:/127.0.0.1:51917 - R:localhost/127.0.0.1:8083] Channel acquired, now 114 active connections and 187 inactive connections
15:53:21.693 [reactor-http-nio-41] DEBUG reactor.netty.http.client.HttpClientConnect - [id: 0x1ae38938, L:/127.0.0.1:51917 - R:localhost/127.0.0.1:8083] Handler is being applied: {uri=http://localhost:8083/userLocation?userId=bc05503f-f4a8-43e9-85f0-8194f3839c32, method=GET}
15:53:21.693 [reactor-http-nio-41] DEBUG reactor.netty.resources.PooledConnectionProvider - [id: 0x1ae38938, L:/127.0.0.1:51917 - R:localhost/127.0.0.1:8083] onStateChange(GET{uri=/userLocation?userId=bc05503f-f4a8-43e9-85f0-8194f3839c32, connection=PooledConnection{channel=[id: 0x1ae38938, L:/127.0.0.1:51917 - R:localhost/127.0.0.1:8083]}}, [request_sent])
15:53:21.694 [pool-44-thread-51] DEBUG org.springframework.web.reactive.function.client.ExchangeFunctions - [390c1fc6] HTTP GET http://localhost:8083/userLocation?userId=816e5663-da1a-4c3e-b8f2-8b4e5d730965
15:53:21.697 [reactor-http-nio-46] DEBUG reactor.netty.http.client.HttpClientOperations - [id: 0x940aa9d2, L:/127.0.0.1:51728 - R:localhost/127.0.0.1:8083] Received response (auto-read:false) : [Content-Type=application/json, Transfer-Encoding=chunked, Date=Wed, 15 Jun 2022 14:53:20 GMT]
15:53:21.697 [reactor-http-nio-46] DEBUG reactor.netty.resources.PooledConnectionProvider - [id: 0x940aa9d2, L:/127.0.0.1:51728 - R:localhost/127.0.0.1:8083] onStateChange(GET{uri=/userLocation?userId=90a90f02-7778-4e11-bc3c-bbe83966e9b4, connection=PooledConnection{channel=[id: 0x940aa9d2, L:/127.0.0.1:51728 - R:localhost/127.0.0.1:8083]}}, [response_received])
15:53:21.697 [reactor-http-nio-47] DEBUG reactor.netty.http.client.HttpClientOperations - [id: 0xa78cd761, L:/127.0.0.1:51879 - R:localhost/127.0.0.1:8083] Received response (auto-read:false) : [Content-Type=application/json, Transfer-Encoding=chunked, Date=Wed, 15 Jun 2022 14:53:20 GMT]
15:53:21.697 [reactor-http-nio-47] DEBUG reactor.netty.resources.PooledConnectionProvider - [id: 0xa78cd761, L:/127.0.0.1:51879 - R:localhost/127.0.0.1:8083] onStateChange(GET{uri=/attractions, connection=PooledConnection{channel=[id: 0xa78cd761, L:/127.0.0.1:51879 - R:localhost/127.0.0.1:8083]}}, [response_received])
15:53:21.697 [reactor-http-nio-46] DEBUG org.springframework.web.reactive.function.client.ExchangeFunctions - [178294ba] Response 200 OK
15:53:21.697 [reactor-http-nio-47] DEBUG org.springframework.web.reactive.function.client.ExchangeFunctions - [52053cfb] Response 200 OK
15:53:21.697 [reactor-http-nio-46] DEBUG reactor.netty.channel.FluxReceive - [id: 0x940aa9d2, L:/127.0.0.1:51728 - R:localhost/127.0.0.1:8083] Subscribing inbound receiver [pending: 0, cancelled:false, inboundDone: false]
15:53:21.697 [reactor-http-nio-47] DEBUG reactor.netty.channel.FluxReceive - [id: 0xa78cd761, L:/127.0.0.1:51879 - R:localhost/127.0.0.1:8083] Subscribing inbound receiver [pending: 0, cancelled:false, inboundDone: false]
15:53:21.697 [reactor-http-nio-46] DEBUG reactor.netty.http.client.HttpClientOperations - [id: 0x940aa9d2, L:/127.0.0.1:51728 - R:localhost/127.0.0.1:8083] Received last HTTP packet
15:53:21.697 [reactor-http-nio-47] DEBUG reactor.netty.http.client.HttpClientOperations - [id: 0xa78cd761, L:/127.0.0.1:51879 - R:localhost/127.0.0.1:8083] Received last HTTP packet
15:53:21.697 [reactor-http-nio-46] DEBUG org.springframework.core.codec.StringDecoder - [178294ba] Decoded "{"userId":"90a90f02-7778-4e11-bc3c-bbe83966e9b4","location":{"longitude":-117.758867,"latitude":-2. (truncated)...
15:53:21.697 [reactor-http-nio-46] DEBUG reactor.netty.resources.PooledConnectionProvider - [id: 0x940aa9d2, L:/127.0.0.1:51728 - R:localhost/127.0.0.1:8083] onStateChange(GET{uri=/userLocation?userId=90a90f02-7778-4e11-bc3c-bbe83966e9b4, connection=PooledConnection{channel=[id: 0x940aa9d2, L:/127.0.0.1:51728 - R:localhost/127.0.0.1:8083]}}, [disconnecting])
15:53:21.697 [reactor-http-nio-46] DEBUG reactor.netty.resources.PooledConnectionProvider - [id: 0x940aa9d2, L:/127.0.0.1:51728 - R:localhost/127.0.0.1:8083] Releasing channel
15:53:21.697 [reactor-http-nio-47] DEBUG org.springframework.core.codec.StringDecoder - [52053cfb] Decoded "[{"longitude":-117.922008,"latitude":33.817595,"attractionName":"Disneyland","city":"Anaheim","stat (truncated)...
15:53:21.697 [reactor-http-nio-46] DEBUG reactor.netty.resources.PooledConnectionProvider - [id: 0x940aa9d2, L:/127.0.0.1:51728 - R:localhost/127.0.0.1:8083] Channel cleaned, now 113 active connections and 188 inactive connections
15:53:21.697 [reactor-http-nio-47] DEBUG reactor.netty.resources.PooledConnectionProvider - [id: 0xa78cd761, L:/127.0.0.1:51879 - R:localhost/127.0.0.1:8083] onStateChange(GET{uri=/attractions, connection=PooledConnection{channel=[id: 0xa78cd761, L:/127.0.0.1:51879 - R:localhost/127.0.0.1:8083]}}, [disconnecting])
15:53:21.697 [reactor-http-nio-47] DEBUG reactor.netty.resources.PooledConnectionProvider - [id: 0xa78cd761, L:/127.0.0.1:51879 - R:localhost/127.0.0.1:8083] Releasing channel
15:53:21.697 [reactor-http-nio-47] DEBUG reactor.netty.resources.PooledConnectionProvider - [id: 0xa78cd761, L:/127.0.0.1:51879 - R:localhost/127.0.0.1:8083] Channel cleaned, now 112 active connections and 189 inactive connections
15:53:21.698 [reactor-http-nio-47] DEBUG reactor.netty.http.client.HttpClientOperations - [id: 0x9cce547f, L:/127.0.0.1:51834 - R:localhost/127.0.0.1:8083] Received response (auto-read:false) : [Content-Type=application/json, Transfer-Encoding=chunked, Date=Wed, 15 Jun 2022 14:53:20 GMT]
15:53:21.698 [reactor-http-nio-47] DEBUG reactor.netty.resources.PooledConnectionProvider - [id: 0x9cce547f, L:/127.0.0.1:51834 - R:localhost/127.0.0.1:8083] onStateChange(GET{uri=/userLocation?userId=e28a361a-99db-40b1-861a-0395502d0957, connection=PooledConnection{channel=[id: 0x9cce547f, L:/127.0.0.1:51834 - R:localhost/127.0.0.1:8083]}}, [response_received])
15:53:21.698 [reactor-http-nio-47] DEBUG org.springframework.web.reactive.function.client.ExchangeFunctions - [3a0cfa46] Response 200 OK
15:53:21.698 [reactor-http-nio-47] DEBUG reactor.netty.channel.FluxReceive - [id: 0x9cce547f, L:/127.0.0.1:51834 - R:localhost/127.0.0.1:8083] Subscribing inbound receiver [pending: 0, cancelled:false, inboundDone: false]
15:53:21.698 [reactor-http-nio-47] DEBUG reactor.netty.http.client.HttpClientOperations - [id: 0x9cce547f, L:/127.0.0.1:51834 - R:localhost/127.0.0.1:8083] Received last HTTP packet
15:53:21.698 [reactor-http-nio-41] DEBUG reactor.netty.resources.PooledConnectionProvider - [id: 0x1fca7f5e, L:/127.0.0.1:51796 - R:localhost/127.0.0.1:8083] Channel acquired, now 113 active connections and 188 inactive connections
15:53:21.698 [reactor-http-nio-47] DEBUG org.springframework.core.codec.StringDecoder - [3a0cfa46] Decoded "{"userId":"e28a361a-99db-40b1-861a-0395502d0957","location":{"longitude":-74.012183,"latitude":35.6 (truncated)...
15:53:21.698 [reactor-http-nio-47] DEBUG reactor.netty.resources.PooledConnectionProvider - [id: 0x9cce547f, L:/127.0.0.1:51834 - R:localhost/127.0.0.1:8083] onStateChange(GET{uri=/userLocation?userId=e28a361a-99db-40b1-861a-0395502d0957, connection=PooledConnection{channel=[id: 0x9cce547f, L:/127.0.0.1:51834 - R:localhost/127.0.0.1:8083]}}, [disconnecting])
15:53:21.698 [reactor-http-nio-47] DEBUG reactor.netty.resources.PooledConnectionProvider - [id: 0x9cce547f, L:/127.0.0.1:51834 - R:localhost/127.0.0.1:8083] Releasing channel
15:53:21.698 [reactor-http-nio-41] DEBUG reactor.netty.http.client.HttpClientConnect - [id: 0x1fca7f5e, L:/127.0.0.1:51796 - R:localhost/127.0.0.1:8083] Handler is being applied: {uri=http://localhost:8083/userLocation?userId=816e5663-da1a-4c3e-b8f2-8b4e5d730965, method=GET}
15:53:21.698 [reactor-http-nio-47] DEBUG reactor.netty.resources.PooledConnectionProvider - [id: 0x9cce547f, L:/127.0.0.1:51834 - R:localhost/127.0.0.1:8083] Channel cleaned, now 112 active connections and 189 inactive connections
15:53:21.698 [reactor-http-nio-41] DEBUG reactor.netty.resources.PooledConnectionProvider - [id: 0x1fca7f5e, L:/127.0.0.1:51796 - R:localhost/127.0.0.1:8083] onStateChange(GET{uri=/userLocation?userId=816e5663-da1a-4c3e-b8f2-8b4e5d730965, connection=PooledConnection{channel=[id: 0x1fca7f5e, L:/127.0.0.1:51796 - R:localhost/127.0.0.1:8083]}}, [request_sent])
15:53:21.699 [pool-44-thread-7] INFO tourGuide.service.TourGuideService - visitedLocatio tourGuide.gpsUtil.VisitedLocation@1945683a
15:53:21.699 [pool-44-thread-12] INFO tourGuide.service.TourGuideService - visitedLocatio tourGuide.gpsUtil.VisitedLocation@34cb0377
15:53:21.699 [pool-44-thread-7] DEBUG org.springframework.web.reactive.function.client.ExchangeFunctions - [1d7affca] HTTP GET http://localhost:8083/attractions
15:53:21.700 [pool-44-thread-12] DEBUG org.springframework.web.reactive.function.client.ExchangeFunctions - [30f49136] HTTP GET http://localhost:8083/attractions
15:53:21.703 [reactor-http-nio-46] DEBUG reactor.netty.resources.PooledConnectionProvider - [id: 0xad1ee2d1, L:/127.0.0.1:51756 - R:localhost/127.0.0.1:8083] Channel acquired, now 113 active connections and 188 inactive connections
15:53:21.703 [reactor-http-nio-46] DEBUG reactor.netty.http.client.HttpClientConnect - [id: 0xad1ee2d1, L:/127.0.0.1:51756 - R:localhost/127.0.0.1:8083] Handler is being applied: {uri=http://localhost:8083/attractions, method=GET}
15:53:21.704 [reactor-http-nio-47] DEBUG reactor.netty.resources.PooledConnectionProvider - [id: 0x31e144f5, L:/127.0.0.1:51849 - R:localhost/127.0.0.1:8083] Channel acquired, now 114 active connections and 187 inactive connections
15:53:21.704 [reactor-http-nio-47] DEBUG reactor.netty.http.client.HttpClientConnect - [id: 0x31e144f5, L:/127.0.0.1:51849 - R:localhost/127.0.0.1:8083] Handler is being applied: {uri=http://localhost:8083/attractions, method=GET}
15:53:21.704 [reactor-http-nio-46] DEBUG reactor.netty.resources.PooledConnectionProvider - [id: 0xad1ee2d1, L:/127.0.0.1:51756 - R:localhost/127.0.0.1:8083] onStateChange(GET{uri=/attractions, connection=PooledConnection{channel=[id: 0xad1ee2d1, L:/127.0.0.1:51756 - R:localhost/127.0.0.1:8083]}}, [request_sent])
15:53:21.704 [reactor-http-nio-47] DEBUG reactor.netty.resources.PooledConnectionProvider - [id: 0x31e144f5, L:/127.0.0.1:51849 - R:localhost/127.0.0.1:8083] onStateChange(GET{uri=/attractions, connection=PooledConnection{channel=[id: 0x31e144f5, L:/127.0.0.1:51849 - R:localhost/127.0.0.1:8083]}}, [request_sent])
15:53:21.705 [pool-44-thread-52] DEBUG org.springframework.web.reactive.function.client.ExchangeFunctions - [591c89e8] HTTP GET http://localhost:8083/userLocation?userId=4e521ad4-6acb-4509-9b04-9b9d4dbf899c
15:53:21.706 [pool-44-thread-53] DEBUG org.springframework.web.reactive.function.client.ExchangeFunctions - [7b9bfd5d] HTTP GET http://localhost:8083/userLocation?userId=6a990513-1500-4b31-91b9-b951659eb82e
15:53:21.706 [reactor-http-nio-47] DEBUG reactor.netty.resources.PooledConnectionProvider - [id: 0x9813afd7, L:/127.0.0.1:51842 - R:localhost/127.0.0.1:8083] Channel acquired, now 115 active connections and 186 inactive connections
15:53:21.706 [reactor-http-nio-47] DEBUG reactor.netty.http.client.HttpClientConnect - [id: 0x9813afd7, L:/127.0.0.1:51842 - R:localhost/127.0.0.1:8083] Handler is being applied: {uri=http://localhost:8083/userLocation?userId=4e521ad4-6acb-4509-9b04-9b9d4dbf899c, method=GET}
15:53:21.706 [reactor-http-nio-47] DEBUG reactor.netty.resources.PooledConnectionProvider - [id: 0x9813afd7, L:/127.0.0.1:51842 - R:localhost/127.0.0.1:8083] onStateChange(GET{uri=/userLocation?userId=4e521ad4-6acb-4509-9b04-9b9d4dbf899c, connection=PooledConnection{channel=[id: 0x9813afd7, L:/127.0.0.1:51842 - R:localhost/127.0.0.1:8083]}}, [request_sent])
15:53:21.707 [pool-44-thread-54] DEBUG org.springframework.web.reactive.function.client.ExchangeFunctions - [6562518a] HTTP GET http://localhost:8083/userLocation?userId=40b8f8d3-32cf-4b61-98e7-5014ec06bcde
15:53:21.707 [pool-44-thread-55] DEBUG org.springframework.web.reactive.function.client.ExchangeFunctions - [21d8eb2a] HTTP GET http://localhost:8083/userLocation?userId=50c8cb0f-e691-4514-848f-d4a979075a63
15:53:21.708 [reactor-http-nio-41] DEBUG reactor.netty.resources.PooledConnectionProvider - [id: 0x453fdead, L:/127.0.0.1:51775 - R:localhost/127.0.0.1:8083] Channel acquired, now 116 active connections and 185 inactive connections
15:53:21.708 [reactor-http-nio-41] DEBUG reactor.netty.http.client.HttpClientConnect - [id: 0x453fdead, L:/127.0.0.1:51775 - R:localhost/127.0.0.1:8083] Handler is being applied: {uri=http://localhost:8083/userLocation?userId=6a990513-1500-4b31-91b9-b951659eb82e, method=GET}
15:53:21.708 [pool-44-thread-56] DEBUG org.springframework.web.reactive.function.client.ExchangeFunctions - [6562c48a] HTTP GET http://localhost:8083/userLocation?userId=cf5e2969-7fe8-42b8-bfdd-939dfcca2d89
15:53:21.708 [reactor-http-nio-41] DEBUG reactor.netty.resources.PooledConnectionProvider - [id: 0x453fdead, L:/127.0.0.1:51775 - R:localhost/127.0.0.1:8083] onStateChange(GET{uri=/userLocation?userId=6a990513-1500-4b31-91b9-b951659eb82e, connection=PooledConnection{channel=[id: 0x453fdead, L:/127.0.0.1:51775 - R:localhost/127.0.0.1:8083]}}, [request_sent])
15:53:21.709 [pool-44-thread-57] DEBUG org.springframework.web.reactive.function.client.ExchangeFunctions - [7aff601f] HTTP GET http://localhost:8083/userLocation?userId=57f36a93-58a8-4996-99ad-59efe7cf5c0e
15:53:21.710 [reactor-http-nio-41] DEBUG reactor.netty.resources.PooledConnectionProvider - [id: 0xd26d2f3c, L:/127.0.0.1:51741 - R:localhost/127.0.0.1:8083] Channel acquired, now 117 active connections and 184 inactive connections
15:53:21.710 [reactor-http-nio-41] DEBUG reactor.netty.http.client.HttpClientConnect - [id: 0xd26d2f3c, L:/127.0.0.1:51741 - R:localhost/127.0.0.1:8083] Handler is being applied: {uri=http://localhost:8083/userLocation?userId=50c8cb0f-e691-4514-848f-d4a979075a63, method=GET}
15:53:21.710 [reactor-http-nio-41] DEBUG reactor.netty.resources.PooledConnectionProvider - [id: 0xd26d2f3c, L:/127.0.0.1:51741 - R:localhost/127.0.0.1:8083] onStateChange(GET{uri=/userLocation?userId=50c8cb0f-e691-4514-848f-d4a979075a63, connection=PooledConnection{channel=[id: 0xd26d2f3c, L:/127.0.0.1:51741 - R:localhost/127.0.0.1:8083]}}, [request_sent])
15:53:21.710 [reactor-http-nio-46] DEBUG reactor.netty.resources.PooledConnectionProvider - [id: 0xe2a0d401, L:/127.0.0.1:51788 - R:localhost/127.0.0.1:8083] Channel acquired, now 118 active connections and 183 inactive connections
15:53:21.711 [reactor-http-nio-46] DEBUG reactor.netty.http.client.HttpClientConnect - [id: 0xe2a0d401, L:/127.0.0.1:51788 - R:localhost/127.0.0.1:8083] Handler is being applied: {uri=http://localhost:8083/userLocation?userId=40b8f8d3-32cf-4b61-98e7-5014ec06bcde, method=GET}
15:53:21.711 [reactor-http-nio-46] DEBUG reactor.netty.resources.PooledConnectionProvider - [id: 0xe2a0d401, L:/127.0.0.1:51788 - R:localhost/127.0.0.1:8083] onStateChange(GET{uri=/userLocation?userId=40b8f8d3-32cf-4b61-98e7-5014ec06bcde, connection=PooledConnection{channel=[id: 0xe2a0d401, L:/127.0.0.1:51788 - R:localhost/127.0.0.1:8083]}}, [request_sent])
15:53:21.711 [reactor-http-nio-48] DEBUG reactor.netty.resources.PooledConnectionProvider - [id: 0xed116a68, L:/127.0.0.1:51964 - R:localhost/127.0.0.1:8083] Channel acquired, now 119 active connections and 182 inactive connections
15:53:21.711 [reactor-http-nio-48] DEBUG reactor.netty.http.client.HttpClientConnect - [id: 0xed116a68, L:/127.0.0.1:51964 - R:localhost/127.0.0.1:8083] Handler is being applied: {uri=http://localhost:8083/userLocation?userId=cf5e2969-7fe8-42b8-bfdd-939dfcca2d89, method=GET}
15:53:21.712 [reactor-http-nio-48] DEBUG reactor.netty.resources.PooledConnectionProvider - [id: 0xed116a68, L:/127.0.0.1:51964 - R:localhost/127.0.0.1:8083] onStateChange(GET{uri=/userLocation?userId=cf5e2969-7fe8-42b8-bfdd-939dfcca2d89, connection=PooledConnection{channel=[id: 0xed116a68, L:/127.0.0.1:51964 - R:localhost/127.0.0.1:8083]}}, [request_sent])
15:53:21.713 [reactor-http-nio-41] DEBUG reactor.netty.resources.PooledConnectionProvider - [id: 0x5524893e, L:/127.0.0.1:51743 - R:localhost/127.0.0.1:8083] Channel acquired, now 120 active connections and 181 inactive connections
15:53:21.713 [reactor-http-nio-41] DEBUG reactor.netty.http.client.HttpClientConnect - [id: 0x5524893e, L:/127.0.0.1:51743 - R:localhost/127.0.0.1:8083] Handler is being applied: {uri=http://localhost:8083/userLocation?userId=57f36a93-58a8-4996-99ad-59efe7cf5c0e, method=GET}
15:53:21.713 [reactor-http-nio-48] DEBUG reactor.netty.http.client.HttpClientOperations - [id: 0xc9744fd6, L:/127.0.0.1:51978 - R:localhost/127.0.0.1:8083] Received response (auto-read:false) : [Content-Type=application/json, Transfer-Encoding=chunked, Date=Wed, 15 Jun 2022 14:53:20 GMT]
15:53:21.713 [reactor-http-nio-48] DEBUG reactor.netty.resources.PooledConnectionProvider - [id: 0xc9744fd6, L:/127.0.0.1:51978 - R:localhost/127.0.0.1:8083] onStateChange(GET{uri=/attractions, connection=PooledConnection{channel=[id: 0xc9744fd6, L:/127.0.0.1:51978 - R:localhost/127.0.0.1:8083]}}, [response_received])
15:53:21.713 [reactor-http-nio-48] DEBUG org.springframework.web.reactive.function.client.ExchangeFunctions - [538d6368] Response 200 OK
15:53:21.713 [reactor-http-nio-41] DEBUG reactor.netty.resources.PooledConnectionProvider - [id: 0x5524893e, L:/127.0.0.1:51743 - R:localhost/127.0.0.1:8083] onStateChange(GET{uri=/userLocation?userId=57f36a93-58a8-4996-99ad-59efe7cf5c0e, connection=PooledConnection{channel=[id: 0x5524893e, L:/127.0.0.1:51743 - R:localhost/127.0.0.1:8083]}}, [request_sent])
15:53:21.713 [reactor-http-nio-48] DEBUG reactor.netty.channel.FluxReceive - [id: 0xc9744fd6, L:/127.0.0.1:51978 - R:localhost/127.0.0.1:8083] Subscribing inbound receiver [pending: 0, cancelled:false, inboundDone: false]
15:53:21.713 [reactor-http-nio-48] DEBUG reactor.netty.http.client.HttpClientOperations - [id: 0xc9744fd6, L:/127.0.0.1:51978 - R:localhost/127.0.0.1:8083] Received last HTTP packet
15:53:21.713 [reactor-http-nio-48] DEBUG org.springframework.core.codec.StringDecoder - [538d6368] Decoded "[{"longitude":-117.922008,"latitude":33.817595,"attractionName":"Disneyland","city":"Anaheim","stat (truncated)...
15:53:21.713 [reactor-http-nio-48] DEBUG reactor.netty.resources.PooledConnectionProvider - [id: 0xc9744fd6, L:/127.0.0.1:51978 - R:localhost/127.0.0.1:8083] onStateChange(GET{uri=/attractions, connection=PooledConnection{channel=[id: 0xc9744fd6, L:/127.0.0.1:51978 - R:localhost/127.0.0.1:8083]}}, [disconnecting])
15:53:21.713 [reactor-http-nio-48] DEBUG reactor.netty.resources.PooledConnectionProvider - [id: 0xc9744fd6, L:/127.0.0.1:51978 - R:localhost/127.0.0.1:8083] Releasing channel
15:53:21.713 [reactor-http-nio-48] DEBUG reactor.netty.resources.PooledConnectionProvider - [id: 0xc9744fd6, L:/127.0.0.1:51978 - R:localhost/127.0.0.1:8083] Channel cleaned, now 119 active connections and 182 inactive connections
15:53:21.715 [pool-44-thread-58] DEBUG org.springframework.web.reactive.function.client.ExchangeFunctions - [7b0e40f0] HTTP GET http://localhost:8083/userLocation?userId=02987533-4656-4a9a-b6c8-ed2561cccf3c
15:53:21.717 [pool-44-thread-59] DEBUG org.springframework.web.reactive.function.client.ExchangeFunctions - [2b1d9e82] HTTP GET http://localhost:8083/userLocation?userId=46cf8907-e251-4fe2-824f-8ec8c2910a65
15:53:21.718 [pool-44-thread-60] DEBUG org.springframework.web.reactive.function.client.ExchangeFunctions - [4ce848f3] HTTP GET http://localhost:8083/userLocation?userId=326894fd-fdfd-40f9-bb11-89e6df9c9aa1
15:53:21.718 [reactor-http-nio-46] DEBUG reactor.netty.resources.PooledConnectionProvider - [id: 0x4746856e, L:/127.0.0.1:51809 - R:localhost/127.0.0.1:8083] Channel acquired, now 120 active connections and 181 inactive connections
15:53:21.718 [reactor-http-nio-46] DEBUG reactor.netty.http.client.HttpClientConnect - [id: 0x4746856e, L:/127.0.0.1:51809 - R:localhost/127.0.0.1:8083] Handler is being applied: {uri=http://localhost:8083/userLocation?userId=02987533-4656-4a9a-b6c8-ed2561cccf3c, method=GET}
15:53:21.719 [pool-44-thread-61] DEBUG org.springframework.web.reactive.function.client.ExchangeFunctions - [7352381e] HTTP GET http://localhost:8083/userLocation?userId=effada8e-b781-482e-8e8e-5f956f829512
15:53:21.719 [reactor-http-nio-46] DEBUG reactor.netty.resources.PooledConnectionProvider - [id: 0x4746856e, L:/127.0.0.1:51809 - R:localhost/127.0.0.1:8083] onStateChange(GET{uri=/userLocation?userId=02987533-4656-4a9a-b6c8-ed2561cccf3c, connection=PooledConnection{channel=[id: 0x4746856e, L:/127.0.0.1:51809 - R:localhost/127.0.0.1:8083]}}, [request_sent])
15:53:21.720 [reactor-http-nio-41] DEBUG reactor.netty.resources.PooledConnectionProvider - [id: 0x35480b9d, L:/127.0.0.1:51783 - R:localhost/127.0.0.1:8083] Channel acquired, now 121 active connections and 180 inactive connections
15:53:21.720 [reactor-http-nio-41] DEBUG reactor.netty.http.client.HttpClientConnect - [id: 0x35480b9d, L:/127.0.0.1:51783 - R:localhost/127.0.0.1:8083] Handler is being applied: {uri=http://localhost:8083/userLocation?userId=46cf8907-e251-4fe2-824f-8ec8c2910a65, method=GET}
15:53:21.720 [reactor-http-nio-41] DEBUG reactor.netty.resources.PooledConnectionProvider - [id: 0x35480b9d, L:/127.0.0.1:51783 - R:localhost/127.0.0.1:8083] onStateChange(GET{uri=/userLocation?userId=46cf8907-e251-4fe2-824f-8ec8c2910a65, connection=PooledConnection{channel=[id: 0x35480b9d, L:/127.0.0.1:51783 - R:localhost/127.0.0.1:8083]}}, [request_sent])
15:53:21.721 [pool-44-thread-62] DEBUG org.springframework.web.reactive.function.client.ExchangeFunctions - [6022249f] HTTP GET http://localhost:8083/userLocation?userId=996f3059-056b-48f1-bc50-7e9bfdb77127
15:53:21.722 [reactor-http-nio-46] DEBUG reactor.netty.resources.PooledConnectionProvider - [id: 0x64dc3a35, L:/127.0.0.1:51768 - R:localhost/127.0.0.1:8083] Channel acquired, now 122 active connections and 179 inactive connections
15:53:21.722 [reactor-http-nio-46] DEBUG reactor.netty.http.client.HttpClientConnect - [id: 0x64dc3a35, L:/127.0.0.1:51768 - R:localhost/127.0.0.1:8083] Handler is being applied: {uri=http://localhost:8083/userLocation?userId=326894fd-fdfd-40f9-bb11-89e6df9c9aa1, method=GET}
15:53:21.722 [reactor-http-nio-47] DEBUG reactor.netty.resources.PooledConnectionProvider - [id: 0xab8c6a94, L:/127.0.0.1:51844 - R:localhost/127.0.0.1:8083] Channel acquired, now 123 active connections and 178 inactive connections
15:53:21.722 [reactor-http-nio-47] DEBUG reactor.netty.http.client.HttpClientConnect - [id: 0xab8c6a94, L:/127.0.0.1:51844 - R:localhost/127.0.0.1:8083] Handler is being applied: {uri=http://localhost:8083/userLocation?userId=effada8e-b781-482e-8e8e-5f956f829512, method=GET}
15:53:21.722 [reactor-http-nio-46] DEBUG reactor.netty.resources.PooledConnectionProvider - [id: 0x64dc3a35, L:/127.0.0.1:51768 - R:localhost/127.0.0.1:8083] onStateChange(GET{uri=/userLocation?userId=326894fd-fdfd-40f9-bb11-89e6df9c9aa1, connection=PooledConnection{channel=[id: 0x64dc3a35, L:/127.0.0.1:51768 - R:localhost/127.0.0.1:8083]}}, [request_sent])
15:53:21.722 [reactor-http-nio-41] DEBUG reactor.netty.resources.PooledConnectionProvider - [id: 0x9f0a2ff5, L:/127.0.0.1:51757 - R:localhost/127.0.0.1:8083] Channel acquired, now 124 active connections and 177 inactive connections
15:53:21.722 [reactor-http-nio-41] DEBUG reactor.netty.http.client.HttpClientConnect - [id: 0x9f0a2ff5, L:/127.0.0.1:51757 - R:localhost/127.0.0.1:8083] Handler is being applied: {uri=http://localhost:8083/userLocation?userId=996f3059-056b-48f1-bc50-7e9bfdb77127, method=GET}
15:53:21.723 [reactor-http-nio-41] DEBUG reactor.netty.resources.PooledConnectionProvider - [id: 0x9f0a2ff5, L:/127.0.0.1:51757 - R:localhost/127.0.0.1:8083] onStateChange(GET{uri=/userLocation?userId=996f3059-056b-48f1-bc50-7e9bfdb77127, connection=PooledConnection{channel=[id: 0x9f0a2ff5, L:/127.0.0.1:51757 - R:localhost/127.0.0.1:8083]}}, [request_sent])
15:53:21.723 [reactor-http-nio-47] DEBUG reactor.netty.resources.PooledConnectionProvider - [id: 0xab8c6a94, L:/127.0.0.1:51844 - R:localhost/127.0.0.1:8083] onStateChange(GET{uri=/userLocation?userId=effada8e-b781-482e-8e8e-5f956f829512, connection=PooledConnection{channel=[id: 0xab8c6a94, L:/127.0.0.1:51844 - R:localhost/127.0.0.1:8083]}}, [request_sent])
15:53:21.725 [reactor-http-nio-41] DEBUG reactor.netty.http.client.HttpClientOperations - [id: 0x6c6e06d1, L:/127.0.0.1:51760 - R:localhost/127.0.0.1:8083] Received response (auto-read:false) : [Content-Type=application/json, Transfer-Encoding=chunked, Date=Wed, 15 Jun 2022 14:53:20 GMT]
15:53:21.725 [reactor-http-nio-47] DEBUG reactor.netty.http.client.HttpClientOperations - [id: 0x4b4296d8, L:/127.0.0.1:51883 - R:localhost/127.0.0.1:8083] Received response (auto-read:false) : [Content-Type=application/json, Transfer-Encoding=chunked, Date=Wed, 15 Jun 2022 14:53:20 GMT]
15:53:21.725 [reactor-http-nio-41] DEBUG reactor.netty.resources.PooledConnectionProvider - [id: 0x6c6e06d1, L:/127.0.0.1:51760 - R:localhost/127.0.0.1:8083] onStateChange(GET{uri=/userLocation?userId=9b5e011a-6789-4efc-a853-2a33f55b6737, connection=PooledConnection{channel=[id: 0x6c6e06d1, L:/127.0.0.1:51760 - R:localhost/127.0.0.1:8083]}}, [response_received])
15:53:21.725 [reactor-http-nio-47] DEBUG reactor.netty.resources.PooledConnectionProvider - [id: 0x4b4296d8, L:/127.0.0.1:51883 - R:localhost/127.0.0.1:8083] onStateChange(GET{uri=/attractions, connection=PooledConnection{channel=[id: 0x4b4296d8, L:/127.0.0.1:51883 - R:localhost/127.0.0.1:8083]}}, [response_received])
15:53:21.725 [reactor-http-nio-46] DEBUG reactor.netty.http.client.HttpClientOperations - [id: 0xf6b8ded2, L:/127.0.0.1:51955 - R:localhost/127.0.0.1:8083] Received response (auto-read:false) : [Content-Type=application/json, Transfer-Encoding=chunked, Date=Wed, 15 Jun 2022 14:53:21 GMT]
15:53:21.725 [reactor-http-nio-41] DEBUG org.springframework.web.reactive.function.client.ExchangeFunctions - [39944ef5] Response 200 OK
15:53:21.725 [reactor-http-nio-47] DEBUG org.springframework.web.reactive.function.client.ExchangeFunctions - [47408981] Response 200 OK
15:53:21.725 [reactor-http-nio-46] DEBUG reactor.netty.resources.PooledConnectionProvider - [id: 0xf6b8ded2, L:/127.0.0.1:51955 - R:localhost/127.0.0.1:8083] onStateChange(GET{uri=/userLocation?userId=947c85c1-6aa8-4bb6-8009-6d6960ca5e5e, connection=PooledConnection{channel=[id: 0xf6b8ded2, L:/127.0.0.1:51955 - R:localhost/127.0.0.1:8083]}}, [response_received])
15:53:21.725 [reactor-http-nio-46] DEBUG org.springframework.web.reactive.function.client.ExchangeFunctions - [79332c6b] Response 200 OK
15:53:21.725 [reactor-http-nio-46] DEBUG reactor.netty.channel.FluxReceive - [id: 0xf6b8ded2, L:/127.0.0.1:51955 - R:localhost/127.0.0.1:8083] Subscribing inbound receiver [pending: 0, cancelled:false, inboundDone: false]
15:53:21.725 [reactor-http-nio-41] DEBUG reactor.netty.channel.FluxReceive - [id: 0x6c6e06d1, L:/127.0.0.1:51760 - R:localhost/127.0.0.1:8083] Subscribing inbound receiver [pending: 0, cancelled:false, inboundDone: false]
15:53:21.725 [reactor-http-nio-47] DEBUG reactor.netty.channel.FluxReceive - [id: 0x4b4296d8, L:/127.0.0.1:51883 - R:localhost/127.0.0.1:8083] Subscribing inbound receiver [pending: 0, cancelled:false, inboundDone: false]
15:53:21.725 [reactor-http-nio-41] DEBUG reactor.netty.http.client.HttpClientOperations - [id: 0x6c6e06d1, L:/127.0.0.1:51760 - R:localhost/127.0.0.1:8083] Received last HTTP packet
15:53:21.725 [reactor-http-nio-47] DEBUG reactor.netty.http.client.HttpClientOperations - [id: 0x4b4296d8, L:/127.0.0.1:51883 - R:localhost/127.0.0.1:8083] Received last HTTP packet
15:53:21.725 [reactor-http-nio-41] DEBUG org.springframework.core.codec.StringDecoder - [39944ef5] Decoded "{"userId":"9b5e011a-6789-4efc-a853-2a33f55b6737","location":{"longitude":-160.261312,"latitude":-63 (truncated)...
15:53:21.725 [reactor-http-nio-47] DEBUG org.springframework.core.codec.StringDecoder - [47408981] Decoded "[{"longitude":-117.922008,"latitude":33.817595,"attractionName":"Disneyland","city":"Anaheim","stat (truncated)...
15:53:21.725 [reactor-http-nio-41] DEBUG reactor.netty.resources.PooledConnectionProvider - [id: 0x6c6e06d1, L:/127.0.0.1:51760 - R:localhost/127.0.0.1:8083] onStateChange(GET{uri=/userLocation?userId=9b5e011a-6789-4efc-a853-2a33f55b6737, connection=PooledConnection{channel=[id: 0x6c6e06d1, L:/127.0.0.1:51760 - R:localhost/127.0.0.1:8083]}}, [disconnecting])
15:53:21.725 [reactor-http-nio-41] DEBUG reactor.netty.resources.PooledConnectionProvider - [id: 0x6c6e06d1, L:/127.0.0.1:51760 - R:localhost/127.0.0.1:8083] Releasing channel
15:53:21.725 [reactor-http-nio-47] DEBUG reactor.netty.resources.PooledConnectionProvider - [id: 0x4b4296d8, L:/127.0.0.1:51883 - R:localhost/127.0.0.1:8083] onStateChange(GET{uri=/attractions, connection=PooledConnection{channel=[id: 0x4b4296d8, L:/127.0.0.1:51883 - R:localhost/127.0.0.1:8083]}}, [disconnecting])
15:53:21.725 [reactor-http-nio-47] DEBUG reactor.netty.resources.PooledConnectionProvider - [id: 0x4b4296d8, L:/127.0.0.1:51883 - R:localhost/127.0.0.1:8083] Releasing channel
15:53:21.725 [reactor-http-nio-41] DEBUG reactor.netty.resources.PooledConnectionProvider - [id: 0x6c6e06d1, L:/127.0.0.1:51760 - R:localhost/127.0.0.1:8083] Channel cleaned, now 123 active connections and 178 inactive connections
15:53:21.725 [reactor-http-nio-47] DEBUG reactor.netty.resources.PooledConnectionProvider - [id: 0x4b4296d8, L:/127.0.0.1:51883 - R:localhost/127.0.0.1:8083] Channel cleaned, now 122 active connections and 179 inactive connections
15:53:21.726 [pool-44-thread-63] DEBUG org.springframework.web.reactive.function.client.ExchangeFunctions - [40531a71] HTTP GET http://localhost:8083/userLocation?userId=f0551fff-8f52-4bc6-ab91-3cca3e351318
15:53:21.726 [pool-44-thread-3] INFO tourGuide.service.TourGuideService - visitedLocatio tourGuide.gpsUtil.VisitedLocation@3753b7b7
15:53:21.726 [pool-44-thread-3] DEBUG org.springframework.web.reactive.function.client.ExchangeFunctions - [336c2585] HTTP GET http://localhost:8083/attractions
15:53:21.728 [pool-44-thread-64] DEBUG org.springframework.web.reactive.function.client.ExchangeFunctions - [51a8f8ed] HTTP GET http://localhost:8083/userLocation?userId=af3f75e7-3348-4465-88a7-b10fabf468a7
15:53:21.729 [reactor-http-nio-46] DEBUG reactor.netty.resources.PooledConnectionProvider - [id: 0xe631b28c, L:/127.0.0.1:51804 - R:localhost/127.0.0.1:8083] Channel acquired, now 123 active connections and 178 inactive connections
15:53:21.729 [reactor-http-nio-46] DEBUG reactor.netty.http.client.HttpClientConnect - [id: 0xe631b28c, L:/127.0.0.1:51804 - R:localhost/127.0.0.1:8083] Handler is being applied: {uri=http://localhost:8083/attractions, method=GET}
15:53:21.729 [reactor-http-nio-41] DEBUG reactor.netty.resources.PooledConnectionProvider - [id: 0x9af0e655, L:/127.0.0.1:51913 - R:localhost/127.0.0.1:8083] Channel acquired, now 124 active connections and 177 inactive connections
15:53:21.729 [reactor-http-nio-46] DEBUG reactor.netty.resources.PooledConnectionProvider - [id: 0xe631b28c, L:/127.0.0.1:51804 - R:localhost/127.0.0.1:8083] onStateChange(GET{uri=/attractions, connection=PooledConnection{channel=[id: 0xe631b28c, L:/127.0.0.1:51804 - R:localhost/127.0.0.1:8083]}}, [request_sent])
15:53:21.729 [reactor-http-nio-46] DEBUG reactor.netty.http.client.HttpClientOperations - [id: 0xf6b8ded2, L:/127.0.0.1:51955 - R:localhost/127.0.0.1:8083] Received last HTTP packet
15:53:21.729 [reactor-http-nio-46] DEBUG org.springframework.core.codec.StringDecoder - [79332c6b] Decoded "{"userId":"947c85c1-6aa8-4bb6-8009-6d6960ca5e5e","location":{"longitude":75.992758,"latitude":-49.4 (truncated)...
15:53:21.729 [reactor-http-nio-46] DEBUG reactor.netty.resources.PooledConnectionProvider - [id: 0xf6b8ded2, L:/127.0.0.1:51955 - R:localhost/127.0.0.1:8083] onStateChange(GET{uri=/userLocation?userId=947c85c1-6aa8-4bb6-8009-6d6960ca5e5e, connection=PooledConnection{channel=[id: 0xf6b8ded2, L:/127.0.0.1:51955 - R:localhost/127.0.0.1:8083]}}, [disconnecting])
15:53:21.729 [reactor-http-nio-46] DEBUG reactor.netty.resources.PooledConnectionProvider - [id: 0xf6b8ded2, L:/127.0.0.1:51955 - R:localhost/127.0.0.1:8083] Releasing channel
15:53:21.729 [reactor-http-nio-46] DEBUG reactor.netty.resources.PooledConnectionProvider - [id: 0xf6b8ded2, L:/127.0.0.1:51955 - R:localhost/127.0.0.1:8083] Channel cleaned, now 123 active connections and 178 inactive connections
15:53:21.729 [reactor-http-nio-41] DEBUG reactor.netty.http.client.HttpClientConnect - [id: 0x9af0e655, L:/127.0.0.1:51913 - R:localhost/127.0.0.1:8083] Handler is being applied: {uri=http://localhost:8083/userLocation?userId=f0551fff-8f52-4bc6-ab91-3cca3e351318, method=GET}
15:53:21.730 [reactor-http-nio-41] DEBUG reactor.netty.resources.PooledConnectionProvider - [id: 0x9af0e655, L:/127.0.0.1:51913 - R:localhost/127.0.0.1:8083] onStateChange(GET{uri=/userLocation?userId=f0551fff-8f52-4bc6-ab91-3cca3e351318, connection=PooledConnection{channel=[id: 0x9af0e655, L:/127.0.0.1:51913 - R:localhost/127.0.0.1:8083]}}, [request_sent])
15:53:21.731 [pool-44-thread-21] INFO tourGuide.service.TourGuideService - visitedLocatio tourGuide.gpsUtil.VisitedLocation@77f4dd3d
15:53:21.731 [pool-44-thread-21] DEBUG org.springframework.web.reactive.function.client.ExchangeFunctions - [73cb471b] HTTP GET http://localhost:8083/attractions
15:53:21.731 [reactor-http-nio-46] DEBUG reactor.netty.resources.PooledConnectionProvider - [id: 0x9fb64b28, L:/127.0.0.1:51823 - R:localhost/127.0.0.1:8083] Channel acquired, now 124 active connections and 177 inactive connections
15:53:21.731 [reactor-http-nio-46] DEBUG reactor.netty.http.client.HttpClientConnect - [id: 0x9fb64b28, L:/127.0.0.1:51823 - R:localhost/127.0.0.1:8083] Handler is being applied: {uri=http://localhost:8083/userLocation?userId=af3f75e7-3348-4465-88a7-b10fabf468a7, method=GET}
15:53:21.732 [reactor-http-nio-46] DEBUG reactor.netty.resources.PooledConnectionProvider - [id: 0x9fb64b28, L:/127.0.0.1:51823 - R:localhost/127.0.0.1:8083] onStateChange(GET{uri=/userLocation?userId=af3f75e7-3348-4465-88a7-b10fabf468a7, connection=PooledConnection{channel=[id: 0x9fb64b28, L:/127.0.0.1:51823 - R:localhost/127.0.0.1:8083]}}, [request_sent])
15:53:21.734 [reactor-http-nio-46] DEBUG reactor.netty.resources.PooledConnectionProvider - [id: 0x23ba406e, L:/127.0.0.1:51949 - R:localhost/127.0.0.1:8083] Channel acquired, now 125 active connections and 176 inactive connections
15:53:21.734 [reactor-http-nio-46] DEBUG reactor.netty.http.client.HttpClientConnect - [id: 0x23ba406e, L:/127.0.0.1:51949 - R:localhost/127.0.0.1:8083] Handler is being applied: {uri=http://localhost:8083/attractions, method=GET}
15:53:21.735 [reactor-http-nio-46] DEBUG reactor.netty.resources.PooledConnectionProvider - [id: 0x23ba406e, L:/127.0.0.1:51949 - R:localhost/127.0.0.1:8083] onStateChange(GET{uri=/attractions, connection=PooledConnection{channel=[id: 0x23ba406e, L:/127.0.0.1:51949 - R:localhost/127.0.0.1:8083]}}, [request_sent])
15:53:21.735 [pool-44-thread-65] DEBUG org.springframework.web.reactive.function.client.ExchangeFunctions - [2c3edc10] HTTP GET http://localhost:8083/userLocation?userId=7ab9d80d-6eb8-40bc-8ebb-036bff093445
15:53:21.739 [reactor-http-nio-47] DEBUG reactor.netty.resources.PooledConnectionProvider - [id: 0xf1ad37c6, L:/127.0.0.1:51687 - R:localhost/127.0.0.1:8083] Channel acquired, now 126 active connections and 175 inactive connections
15:53:21.739 [reactor-http-nio-47] DEBUG reactor.netty.http.client.HttpClientConnect - [id: 0xf1ad37c6, L:/127.0.0.1:51687 - R:localhost/127.0.0.1:8083] Handler is being applied: {uri=http://localhost:8083/userLocation?userId=7ab9d80d-6eb8-40bc-8ebb-036bff093445, method=GET}
15:53:21.739 [pool-44-thread-66] DEBUG org.springframework.web.reactive.function.client.ExchangeFunctions - [7e4a1e7c] HTTP GET http://localhost:8083/userLocation?userId=574a7027-0e27-4575-9660-dddad23b6ab3
15:53:21.739 [reactor-http-nio-47] DEBUG reactor.netty.resources.PooledConnectionProvider - [id: 0xf1ad37c6, L:/127.0.0.1:51687 - R:localhost/127.0.0.1:8083] onStateChange(GET{uri=/userLocation?userId=7ab9d80d-6eb8-40bc-8ebb-036bff093445, connection=PooledConnection{channel=[id: 0xf1ad37c6, L:/127.0.0.1:51687 - R:localhost/127.0.0.1:8083]}}, [request_sent])
15:53:21.741 [pool-44-thread-67] DEBUG org.springframework.web.reactive.function.client.ExchangeFunctions - [6b38795f] HTTP GET http://localhost:8083/userLocation?userId=ad86d6e2-838b-4ae8-870d-8cabc15ec938
15:53:21.743 [reactor-http-nio-46] DEBUG reactor.netty.resources.PooledConnectionProvider - [id: 0xa3d0f544, L:/127.0.0.1:51821 - R:localhost/127.0.0.1:8083] Channel acquired, now 127 active connections and 174 inactive connections
15:53:21.743 [reactor-http-nio-46] DEBUG reactor.netty.http.client.HttpClientConnect - [id: 0xa3d0f544, L:/127.0.0.1:51821 - R:localhost/127.0.0.1:8083] Handler is being applied: {uri=http://localhost:8083/userLocation?userId=574a7027-0e27-4575-9660-dddad23b6ab3, method=GET}
15:53:21.743 [reactor-http-nio-46] DEBUG reactor.netty.resources.PooledConnectionProvider - [id: 0xa3d0f544, L:/127.0.0.1:51821 - R:localhost/127.0.0.1:8083] onStateChange(GET{uri=/userLocation?userId=574a7027-0e27-4575-9660-dddad23b6ab3, connection=PooledConnection{channel=[id: 0xa3d0f544, L:/127.0.0.1:51821 - R:localhost/127.0.0.1:8083]}}, [request_sent])
15:53:21.744 [reactor-http-nio-46] DEBUG reactor.netty.resources.PooledConnectionProvider - [id: 0x24a8edc5, L:/127.0.0.1:51787 - R:localhost/127.0.0.1:8083] Channel acquired, now 128 active connections and 173 inactive connections
15:53:21.744 [reactor-http-nio-46] DEBUG reactor.netty.http.client.HttpClientConnect - [id: 0x24a8edc5, L:/127.0.0.1:51787 - R:localhost/127.0.0.1:8083] Handler is being applied: {uri=http://localhost:8083/userLocation?userId=ad86d6e2-838b-4ae8-870d-8cabc15ec938, method=GET}
15:53:21.744 [reactor-http-nio-46] DEBUG reactor.netty.resources.PooledConnectionProvider - [id: 0x24a8edc5, L:/127.0.0.1:51787 - R:localhost/127.0.0.1:8083] onStateChange(GET{uri=/userLocation?userId=ad86d6e2-838b-4ae8-870d-8cabc15ec938, connection=PooledConnection{channel=[id: 0x24a8edc5, L:/127.0.0.1:51787 - R:localhost/127.0.0.1:8083]}}, [request_sent])
15:53:21.747 [pool-44-thread-68] DEBUG org.springframework.web.reactive.function.client.ExchangeFunctions - [26a02e3a] HTTP GET http://localhost:8083/userLocation?userId=002fb24b-620e-4b3a-8b19-78ea7941d703
15:53:21.749 [pool-44-thread-69] DEBUG org.springframework.web.reactive.function.client.ExchangeFunctions - [78ff0dc9] HTTP GET http://localhost:8083/userLocation?userId=425f206c-5d96-49e9-90cd-8a6d97d12393
15:53:21.749 [pool-44-thread-70] DEBUG org.springframework.web.reactive.function.client.ExchangeFunctions - [93e47f5] HTTP GET http://localhost:8083/userLocation?userId=16db7781-a364-441c-b0a4-a7a97360c342
15:53:21.749 [pool-44-thread-71] DEBUG org.springframework.web.reactive.function.client.ExchangeFunctions - [398a6f05] HTTP GET http://localhost:8083/userLocation?userId=85162fad-5258-4c92-b352-ba8704a45f6f
15:53:21.750 [reactor-http-nio-48] DEBUG reactor.netty.resources.PooledConnectionProvider - [id: 0xfddb937f, L:/127.0.0.1:51940 - R:localhost/127.0.0.1:8083] Channel acquired, now 129 active connections and 172 inactive connections
15:53:21.750 [reactor-http-nio-48] DEBUG reactor.netty.http.client.HttpClientConnect - [id: 0xfddb937f, L:/127.0.0.1:51940 - R:localhost/127.0.0.1:8083] Handler is being applied: {uri=http://localhost:8083/userLocation?userId=002fb24b-620e-4b3a-8b19-78ea7941d703, method=GET}
15:53:21.751 [reactor-http-nio-48] DEBUG reactor.netty.resources.PooledConnectionProvider - [id: 0xfddb937f, L:/127.0.0.1:51940 - R:localhost/127.0.0.1:8083] onStateChange(GET{uri=/userLocation?userId=002fb24b-620e-4b3a-8b19-78ea7941d703, connection=PooledConnection{channel=[id: 0xfddb937f, L:/127.0.0.1:51940 - R:localhost/127.0.0.1:8083]}}, [request_sent])
15:53:21.752 [reactor-http-nio-41] DEBUG reactor.netty.resources.PooledConnectionProvider - [id: 0x733709b4, L:/127.0.0.1:51734 - R:localhost/127.0.0.1:8083] Channel acquired, now 130 active connections and 171 inactive connections
15:53:21.752 [reactor-http-nio-47] DEBUG reactor.netty.resources.PooledConnectionProvider - [id: 0xabb6df10, L:/127.0.0.1:51837 - R:localhost/127.0.0.1:8083] Channel acquired, now 131 active connections and 170 inactive connections
15:53:21.752 [reactor-http-nio-47] DEBUG reactor.netty.http.client.HttpClientConnect - [id: 0xabb6df10, L:/127.0.0.1:51837 - R:localhost/127.0.0.1:8083] Handler is being applied: {uri=http://localhost:8083/userLocation?userId=425f206c-5d96-49e9-90cd-8a6d97d12393, method=GET}
15:53:21.752 [reactor-http-nio-41] DEBUG reactor.netty.http.client.HttpClientConnect - [id: 0x733709b4, L:/127.0.0.1:51734 - R:localhost/127.0.0.1:8083] Handler is being applied: {uri=http://localhost:8083/userLocation?userId=85162fad-5258-4c92-b352-ba8704a45f6f, method=GET}
15:53:21.752 [reactor-http-nio-47] DEBUG reactor.netty.resources.PooledConnectionProvider - [id: 0xabb6df10, L:/127.0.0.1:51837 - R:localhost/127.0.0.1:8083] onStateChange(GET{uri=/userLocation?userId=425f206c-5d96-49e9-90cd-8a6d97d12393, connection=PooledConnection{channel=[id: 0xabb6df10, L:/127.0.0.1:51837 - R:localhost/127.0.0.1:8083]}}, [request_sent])
15:53:21.752 [reactor-http-nio-41] DEBUG reactor.netty.resources.PooledConnectionProvider - [id: 0x733709b4, L:/127.0.0.1:51734 - R:localhost/127.0.0.1:8083] onStateChange(GET{uri=/userLocation?userId=85162fad-5258-4c92-b352-ba8704a45f6f, connection=PooledConnection{channel=[id: 0x733709b4, L:/127.0.0.1:51734 - R:localhost/127.0.0.1:8083]}}, [request_sent])
15:53:21.752 [pool-44-thread-72] DEBUG org.springframework.web.reactive.function.client.ExchangeFunctions - [5512809e] HTTP GET http://localhost:8083/userLocation?userId=f8a1977a-3acd-4d37-a767-f222afbd86bb
15:53:21.753 [pool-44-thread-73] DEBUG org.springframework.web.reactive.function.client.ExchangeFunctions - [57c18f6e] HTTP GET http://localhost:8083/userLocation?userId=61a8e977-3883-4c6b-a601-3f058d3c4ef3
15:53:21.753 [reactor-http-nio-48] DEBUG reactor.netty.resources.PooledConnectionProvider - [id: 0xaf6e9f28, L:/127.0.0.1:51878 - R:localhost/127.0.0.1:8083] Channel acquired, now 132 active connections and 169 inactive connections
15:53:21.753 [reactor-http-nio-48] DEBUG reactor.netty.http.client.HttpClientConnect - [id: 0xaf6e9f28, L:/127.0.0.1:51878 - R:localhost/127.0.0.1:8083] Handler is being applied: {uri=http://localhost:8083/userLocation?userId=16db7781-a364-441c-b0a4-a7a97360c342, method=GET}
15:53:21.753 [reactor-http-nio-48] DEBUG reactor.netty.resources.PooledConnectionProvider - [id: 0xaf6e9f28, L:/127.0.0.1:51878 - R:localhost/127.0.0.1:8083] onStateChange(GET{uri=/userLocation?userId=16db7781-a364-441c-b0a4-a7a97360c342, connection=PooledConnection{channel=[id: 0xaf6e9f28, L:/127.0.0.1:51878 - R:localhost/127.0.0.1:8083]}}, [request_sent])
15:53:21.754 [pool-44-thread-74] DEBUG org.springframework.web.reactive.function.client.ExchangeFunctions - [76df8d7] HTTP GET http://localhost:8083/userLocation?userId=c54f462a-afd1-460b-8d06-e9d544868e58
15:53:21.754 [reactor-http-nio-46] DEBUG reactor.netty.resources.PooledConnectionProvider - [id: 0xef0e1454, L:/127.0.0.1:51744 - R:localhost/127.0.0.1:8083] Channel acquired, now 133 active connections and 168 inactive connections
15:53:21.754 [reactor-http-nio-46] DEBUG reactor.netty.http.client.HttpClientConnect - [id: 0xef0e1454, L:/127.0.0.1:51744 - R:localhost/127.0.0.1:8083] Handler is being applied: {uri=http://localhost:8083/userLocation?userId=61a8e977-3883-4c6b-a601-3f058d3c4ef3, method=GET}
15:53:21.754 [reactor-http-nio-46] DEBUG reactor.netty.resources.PooledConnectionProvider - [id: 0xef0e1454, L:/127.0.0.1:51744 - R:localhost/127.0.0.1:8083] onStateChange(GET{uri=/userLocation?userId=61a8e977-3883-4c6b-a601-3f058d3c4ef3, connection=PooledConnection{channel=[id: 0xef0e1454, L:/127.0.0.1:51744 - R:localhost/127.0.0.1:8083]}}, [request_sent])
15:53:21.755 [reactor-http-nio-46] DEBUG reactor.netty.resources.PooledConnectionProvider - [id: 0xb42d715a, L:/127.0.0.1:51795 - R:localhost/127.0.0.1:8083] Channel acquired, now 134 active connections and 167 inactive connections
15:53:21.755 [reactor-http-nio-46] DEBUG reactor.netty.http.client.HttpClientConnect - [id: 0xb42d715a, L:/127.0.0.1:51795 - R:localhost/127.0.0.1:8083] Handler is being applied: {uri=http://localhost:8083/userLocation?userId=f8a1977a-3acd-4d37-a767-f222afbd86bb, method=GET}
15:53:21.756 [reactor-http-nio-46] DEBUG reactor.netty.resources.PooledConnectionProvider - [id: 0xb42d715a, L:/127.0.0.1:51795 - R:localhost/127.0.0.1:8083] onStateChange(GET{uri=/userLocation?userId=f8a1977a-3acd-4d37-a767-f222afbd86bb, connection=PooledConnection{channel=[id: 0xb42d715a, L:/127.0.0.1:51795 - R:localhost/127.0.0.1:8083]}}, [request_sent])
15:53:21.757 [pool-44-thread-76] DEBUG org.springframework.web.reactive.function.client.ExchangeFunctions - [50a65494] HTTP GET http://localhost:8083/userLocation?userId=f15795e8-bbe9-4318-bf77-f834e072e982
15:53:21.758 [reactor-http-nio-46] DEBUG reactor.netty.resources.PooledConnectionProvider - [id: 0xed2911bf, L:/127.0.0.1:51751 - R:localhost/127.0.0.1:8083] Channel acquired, now 135 active connections and 166 inactive connections
15:53:21.758 [pool-44-thread-75] DEBUG org.springframework.web.reactive.function.client.ExchangeFunctions - [39652f6] HTTP GET http://localhost:8083/userLocation?userId=c9413c42-b42b-49b8-8c1d-579d6946d30b
15:53:21.758 [reactor-http-nio-46] DEBUG reactor.netty.http.client.HttpClientConnect - [id: 0xed2911bf, L:/127.0.0.1:51751 - R:localhost/127.0.0.1:8083] Handler is being applied: {uri=http://localhost:8083/userLocation?userId=c54f462a-afd1-460b-8d06-e9d544868e58, method=GET}
15:53:21.758 [reactor-http-nio-46] DEBUG reactor.netty.resources.PooledConnectionProvider - [id: 0xed2911bf, L:/127.0.0.1:51751 - R:localhost/127.0.0.1:8083] onStateChange(GET{uri=/userLocation?userId=c54f462a-afd1-460b-8d06-e9d544868e58, connection=PooledConnection{channel=[id: 0xed2911bf, L:/127.0.0.1:51751 - R:localhost/127.0.0.1:8083]}}, [request_sent])
15:53:21.759 [reactor-http-nio-41] DEBUG reactor.netty.resources.PooledConnectionProvider - [id: 0x61097f73, L:/127.0.0.1:51767 - R:localhost/127.0.0.1:8083] Channel acquired, now 136 active connections and 165 inactive connections
15:53:21.759 [reactor-http-nio-41] DEBUG reactor.netty.http.client.HttpClientConnect - [id: 0x61097f73, L:/127.0.0.1:51767 - R:localhost/127.0.0.1:8083] Handler is being applied: {uri=http://localhost:8083/userLocation?userId=c9413c42-b42b-49b8-8c1d-579d6946d30b, method=GET}
15:53:21.759 [reactor-http-nio-41] DEBUG reactor.netty.resources.PooledConnectionProvider - [id: 0x61097f73, L:/127.0.0.1:51767 - R:localhost/127.0.0.1:8083] onStateChange(GET{uri=/userLocation?userId=c9413c42-b42b-49b8-8c1d-579d6946d30b, connection=PooledConnection{channel=[id: 0x61097f73, L:/127.0.0.1:51767 - R:localhost/127.0.0.1:8083]}}, [request_sent])
15:53:21.759 [pool-44-thread-77] DEBUG org.springframework.web.reactive.function.client.ExchangeFunctions - [65e2ae63] HTTP GET http://localhost:8083/userLocation?userId=2c1ddd55-b95f-4bc4-af73-6af45e100284
15:53:21.760 [pool-44-thread-78] DEBUG org.springframework.web.reactive.function.client.ExchangeFunctions - [43166bae] HTTP GET http://localhost:8083/userLocation?userId=e941f16c-c426-427e-b465-6eca9f5ac4b6
15:53:21.761 [reactor-http-nio-46] DEBUG reactor.netty.resources.PooledConnectionProvider - [id: 0xb17f4d49, L:/127.0.0.1:51793 - R:localhost/127.0.0.1:8083] Channel acquired, now 137 active connections and 164 inactive connections
15:53:21.761 [reactor-http-nio-46] DEBUG reactor.netty.http.client.HttpClientConnect - [id: 0xb17f4d49, L:/127.0.0.1:51793 - R:localhost/127.0.0.1:8083] Handler is being applied: {uri=http://localhost:8083/userLocation?userId=f15795e8-bbe9-4318-bf77-f834e072e982, method=GET}
15:53:21.761 [reactor-http-nio-46] DEBUG reactor.netty.resources.PooledConnectionProvider - [id: 0xb17f4d49, L:/127.0.0.1:51793 - R:localhost/127.0.0.1:8083] onStateChange(GET{uri=/userLocation?userId=f15795e8-bbe9-4318-bf77-f834e072e982, connection=PooledConnection{channel=[id: 0xb17f4d49, L:/127.0.0.1:51793 - R:localhost/127.0.0.1:8083]}}, [request_sent])
15:53:21.762 [reactor-http-nio-41] DEBUG reactor.netty.resources.PooledConnectionProvider - [id: 0x98e6ee9b, L:/127.0.0.1:51750 - R:localhost/127.0.0.1:8083] Channel acquired, now 138 active connections and 163 inactive connections
15:53:21.762 [reactor-http-nio-41] DEBUG reactor.netty.http.client.HttpClientConnect - [id: 0x98e6ee9b, L:/127.0.0.1:51750 - R:localhost/127.0.0.1:8083] Handler is being applied: {uri=http://localhost:8083/userLocation?userId=2c1ddd55-b95f-4bc4-af73-6af45e100284, method=GET}
15:53:21.763 [pool-44-thread-79] DEBUG org.springframework.web.reactive.function.client.ExchangeFunctions - [43579210] HTTP GET http://localhost:8083/userLocation?userId=88a444d9-1ab1-41af-a563-50704d6861ea
15:53:21.763 [reactor-http-nio-41] DEBUG reactor.netty.resources.PooledConnectionProvider - [id: 0x98e6ee9b, L:/127.0.0.1:51750 - R:localhost/127.0.0.1:8083] onStateChange(GET{uri=/userLocation?userId=2c1ddd55-b95f-4bc4-af73-6af45e100284, connection=PooledConnection{channel=[id: 0x98e6ee9b, L:/127.0.0.1:51750 - R:localhost/127.0.0.1:8083]}}, [request_sent])
15:53:21.763 [reactor-http-nio-41] DEBUG reactor.netty.resources.PooledConnectionProvider - [id: 0xdcbf6f00, L:/127.0.0.1:51769 - R:localhost/127.0.0.1:8083] Channel acquired, now 139 active connections and 162 inactive connections
15:53:21.763 [reactor-http-nio-41] DEBUG reactor.netty.http.client.HttpClientConnect - [id: 0xdcbf6f00, L:/127.0.0.1:51769 - R:localhost/127.0.0.1:8083] Handler is being applied: {uri=http://localhost:8083/userLocation?userId=e941f16c-c426-427e-b465-6eca9f5ac4b6, method=GET}
15:53:21.763 [reactor-http-nio-41] DEBUG reactor.netty.resources.PooledConnectionProvider - [id: 0xdcbf6f00, L:/127.0.0.1:51769 - R:localhost/127.0.0.1:8083] onStateChange(GET{uri=/userLocation?userId=e941f16c-c426-427e-b465-6eca9f5ac4b6, connection=PooledConnection{channel=[id: 0xdcbf6f00, L:/127.0.0.1:51769 - R:localhost/127.0.0.1:8083]}}, [request_sent])
15:53:21.766 [reactor-http-nio-48] DEBUG reactor.netty.resources.PooledConnectionProvider - [id: 0xe14cc15c, L:/127.0.0.1:51896 - R:localhost/127.0.0.1:8083] Channel acquired, now 140 active connections and 161 inactive connections
15:53:21.766 [reactor-http-nio-48] DEBUG reactor.netty.http.client.HttpClientConnect - [id: 0xe14cc15c, L:/127.0.0.1:51896 - R:localhost/127.0.0.1:8083] Handler is being applied: {uri=http://localhost:8083/userLocation?userId=88a444d9-1ab1-41af-a563-50704d6861ea, method=GET}
15:53:21.767 [reactor-http-nio-48] DEBUG reactor.netty.resources.PooledConnectionProvider - [id: 0xe14cc15c, L:/127.0.0.1:51896 - R:localhost/127.0.0.1:8083] onStateChange(GET{uri=/userLocation?userId=88a444d9-1ab1-41af-a563-50704d6861ea, connection=PooledConnection{channel=[id: 0xe14cc15c, L:/127.0.0.1:51896 - R:localhost/127.0.0.1:8083]}}, [request_sent])
15:53:21.768 [reactor-http-nio-48] DEBUG reactor.netty.http.client.HttpClientOperations - [id: 0xf2727193, L:/127.0.0.1:51969 - R:localhost/127.0.0.1:8083] Received response (auto-read:false) : [Content-Type=application/json, Transfer-Encoding=chunked, Date=Wed, 15 Jun 2022 14:53:21 GMT]
15:53:21.768 [reactor-http-nio-48] DEBUG reactor.netty.resources.PooledConnectionProvider - [id: 0xf2727193, L:/127.0.0.1:51969 - R:localhost/127.0.0.1:8083] onStateChange(GET{uri=/attractions, connection=PooledConnection{channel=[id: 0xf2727193, L:/127.0.0.1:51969 - R:localhost/127.0.0.1:8083]}}, [response_received])
15:53:21.768 [reactor-http-nio-48] DEBUG org.springframework.web.reactive.function.client.ExchangeFunctions - [30515483] Response 200 OK
15:53:21.768 [reactor-http-nio-48] DEBUG reactor.netty.channel.FluxReceive - [id: 0xf2727193, L:/127.0.0.1:51969 - R:localhost/127.0.0.1:8083] Subscribing inbound receiver [pending: 0, cancelled:false, inboundDone: false]
15:53:21.768 [reactor-http-nio-48] DEBUG reactor.netty.http.client.HttpClientOperations - [id: 0x83b452e2, L:/127.0.0.1:51932 - R:localhost/127.0.0.1:8083] Received response (auto-read:false) : [Content-Type=application/json, Transfer-Encoding=chunked, Date=Wed, 15 Jun 2022 14:53:21 GMT]
15:53:21.768 [reactor-http-nio-47] DEBUG reactor.netty.http.client.HttpClientOperations - [id: 0xb5cdea8a, L:/127.0.0.1:51872 - R:localhost/127.0.0.1:8083] Received response (auto-read:false) : [Content-Type=application/json, Transfer-Encoding=chunked, Date=Wed, 15 Jun 2022 14:53:21 GMT]
15:53:21.768 [reactor-http-nio-48] DEBUG reactor.netty.resources.PooledConnectionProvider - [id: 0x83b452e2, L:/127.0.0.1:51932 - R:localhost/127.0.0.1:8083] onStateChange(GET{uri=/attractions, connection=PooledConnection{channel=[id: 0x83b452e2, L:/127.0.0.1:51932 - R:localhost/127.0.0.1:8083]}}, [response_received])
15:53:21.768 [reactor-http-nio-47] DEBUG reactor.netty.resources.PooledConnectionProvider - [id: 0xb5cdea8a, L:/127.0.0.1:51872 - R:localhost/127.0.0.1:8083] onStateChange(GET{uri=/attractions, connection=PooledConnection{channel=[id: 0xb5cdea8a, L:/127.0.0.1:51872 - R:localhost/127.0.0.1:8083]}}, [response_received])
15:53:21.769 [reactor-http-nio-48] DEBUG org.springframework.web.reactive.function.client.ExchangeFunctions - [5addc76c] Response 200 OK
15:53:21.769 [reactor-http-nio-47] DEBUG org.springframework.web.reactive.function.client.ExchangeFunctions - [7380f405] Response 200 OK
15:53:21.769 [reactor-http-nio-48] DEBUG reactor.netty.channel.FluxReceive - [id: 0x83b452e2, L:/127.0.0.1:51932 - R:localhost/127.0.0.1:8083] Subscribing inbound receiver [pending: 0, cancelled:false, inboundDone: false]
15:53:21.769 [reactor-http-nio-47] DEBUG reactor.netty.channel.FluxReceive - [id: 0xb5cdea8a, L:/127.0.0.1:51872 - R:localhost/127.0.0.1:8083] Subscribing inbound receiver [pending: 0, cancelled:false, inboundDone: false]
15:53:21.769 [reactor-http-nio-48] DEBUG reactor.netty.http.client.HttpClientOperations - [id: 0xf2727193, L:/127.0.0.1:51969 - R:localhost/127.0.0.1:8083] Received last HTTP packet
15:53:21.769 [reactor-http-nio-47] DEBUG reactor.netty.http.client.HttpClientOperations - [id: 0xb5cdea8a, L:/127.0.0.1:51872 - R:localhost/127.0.0.1:8083] Received last HTTP packet
15:53:21.769 [reactor-http-nio-48] DEBUG org.springframework.core.codec.StringDecoder - [30515483] Decoded "[{"longitude":-117.922008,"latitude":33.817595,"attractionName":"Disneyland","city":"Anaheim","stat (truncated)...
15:53:21.769 [reactor-http-nio-48] DEBUG reactor.netty.resources.PooledConnectionProvider - [id: 0xf2727193, L:/127.0.0.1:51969 - R:localhost/127.0.0.1:8083] onStateChange(GET{uri=/attractions, connection=PooledConnection{channel=[id: 0xf2727193, L:/127.0.0.1:51969 - R:localhost/127.0.0.1:8083]}}, [disconnecting])
15:53:21.769 [reactor-http-nio-48] DEBUG reactor.netty.resources.PooledConnectionProvider - [id: 0xf2727193, L:/127.0.0.1:51969 - R:localhost/127.0.0.1:8083] Releasing channel
15:53:21.769 [reactor-http-nio-47] DEBUG org.springframework.core.codec.StringDecoder - [7380f405] Decoded "[{"longitude":-117.922008,"latitude":33.817595,"attractionName":"Disneyland","city":"Anaheim","stat (truncated)...
15:53:21.769 [reactor-http-nio-48] DEBUG reactor.netty.resources.PooledConnectionProvider - [id: 0xf2727193, L:/127.0.0.1:51969 - R:localhost/127.0.0.1:8083] Channel cleaned, now 139 active connections and 162 inactive connections
15:53:21.769 [reactor-http-nio-47] DEBUG reactor.netty.resources.PooledConnectionProvider - [id: 0xb5cdea8a, L:/127.0.0.1:51872 - R:localhost/127.0.0.1:8083] onStateChange(GET{uri=/attractions, connection=PooledConnection{channel=[id: 0xb5cdea8a, L:/127.0.0.1:51872 - R:localhost/127.0.0.1:8083]}}, [disconnecting])
15:53:21.769 [reactor-http-nio-47] DEBUG reactor.netty.resources.PooledConnectionProvider - [id: 0xb5cdea8a, L:/127.0.0.1:51872 - R:localhost/127.0.0.1:8083] Releasing channel
15:53:21.769 [reactor-http-nio-47] DEBUG reactor.netty.resources.PooledConnectionProvider - [id: 0xb5cdea8a, L:/127.0.0.1:51872 - R:localhost/127.0.0.1:8083] Channel cleaned, now 138 active connections and 163 inactive connections
15:53:21.769 [reactor-http-nio-48] DEBUG reactor.netty.http.client.HttpClientOperations - [id: 0x7fe5ccf9, L:/127.0.0.1:51961 - R:localhost/127.0.0.1:8083] Received response (auto-read:false) : [Content-Type=application/json, Transfer-Encoding=chunked, Date=Wed, 15 Jun 2022 14:53:21 GMT]
15:53:21.769 [reactor-http-nio-48] DEBUG reactor.netty.resources.PooledConnectionProvider - [id: 0x7fe5ccf9, L:/127.0.0.1:51961 - R:localhost/127.0.0.1:8083] onStateChange(GET{uri=/userLocation?userId=11a045da-0325-4485-a777-0adc45892d0f, connection=PooledConnection{channel=[id: 0x7fe5ccf9, L:/127.0.0.1:51961 - R:localhost/127.0.0.1:8083]}}, [response_received])
15:53:21.769 [reactor-http-nio-48] DEBUG org.springframework.web.reactive.function.client.ExchangeFunctions - [321ca1ff] Response 200 OK
15:53:21.769 [reactor-http-nio-48] DEBUG reactor.netty.channel.FluxReceive - [id: 0x7fe5ccf9, L:/127.0.0.1:51961 - R:localhost/127.0.0.1:8083] Subscribing inbound receiver [pending: 0, cancelled:false, inboundDone: false]
15:53:21.770 [reactor-http-nio-48] DEBUG reactor.netty.http.client.HttpClientOperations - [id: 0x7fe5ccf9, L:/127.0.0.1:51961 - R:localhost/127.0.0.1:8083] Received last HTTP packet
15:53:21.770 [reactor-http-nio-48] DEBUG org.springframework.core.codec.StringDecoder - [321ca1ff] Decoded "{"userId":"11a045da-0325-4485-a777-0adc45892d0f","location":{"longitude":110.208644,"latitude":-63. (truncated)...
15:53:21.770 [reactor-http-nio-48] DEBUG reactor.netty.resources.PooledConnectionProvider - [id: 0x7fe5ccf9, L:/127.0.0.1:51961 - R:localhost/127.0.0.1:8083] onStateChange(GET{uri=/userLocation?userId=11a045da-0325-4485-a777-0adc45892d0f, connection=PooledConnection{channel=[id: 0x7fe5ccf9, L:/127.0.0.1:51961 - R:localhost/127.0.0.1:8083]}}, [disconnecting])
15:53:21.770 [reactor-http-nio-48] DEBUG reactor.netty.resources.PooledConnectionProvider - [id: 0x7fe5ccf9, L:/127.0.0.1:51961 - R:localhost/127.0.0.1:8083] Releasing channel
15:53:21.770 [reactor-http-nio-48] DEBUG reactor.netty.resources.PooledConnectionProvider - [id: 0x7fe5ccf9, L:/127.0.0.1:51961 - R:localhost/127.0.0.1:8083] Channel cleaned, now 137 active connections and 164 inactive connections
15:53:21.771 [pool-40-thread-1] INFO tourGuide.service.TourGuideService - visitedLocatio tourGuide.gpsUtil.VisitedLocation@3cdb59cc
15:53:21.771 [reactor-http-nio-46] DEBUG reactor.netty.http.client.HttpClientOperations - [id: 0xfaf92bf0, L:/127.0.0.1:51817 - R:localhost/127.0.0.1:8083] Received response (auto-read:false) : [Content-Type=application/json, Transfer-Encoding=chunked, Date=Wed, 15 Jun 2022 14:53:21 GMT]
15:53:21.771 [reactor-http-nio-46] DEBUG reactor.netty.resources.PooledConnectionProvider - [id: 0xfaf92bf0, L:/127.0.0.1:51817 - R:localhost/127.0.0.1:8083] onStateChange(GET{uri=/userLocation?userId=6f520c5f-b9ff-4d6d-9343-67fd19406777, connection=PooledConnection{channel=[id: 0xfaf92bf0, L:/127.0.0.1:51817 - R:localhost/127.0.0.1:8083]}}, [response_received])
15:53:21.771 [pool-40-thread-1] DEBUG org.springframework.web.reactive.function.client.ExchangeFunctions - [38e4ca8f] HTTP GET http://localhost:8083/attractions
15:53:21.771 [reactor-http-nio-46] DEBUG org.springframework.web.reactive.function.client.ExchangeFunctions - [3dbc42f4] Response 200 OK
15:53:21.771 [reactor-http-nio-46] DEBUG reactor.netty.channel.FluxReceive - [id: 0xfaf92bf0, L:/127.0.0.1:51817 - R:localhost/127.0.0.1:8083] Subscribing inbound receiver [pending: 0, cancelled:false, inboundDone: false]
15:53:21.773 [reactor-http-nio-46] DEBUG reactor.netty.http.client.HttpClientOperations - [id: 0xfaf92bf0, L:/127.0.0.1:51817 - R:localhost/127.0.0.1:8083] Received last HTTP packet
15:53:21.773 [reactor-http-nio-46] DEBUG org.springframework.core.codec.StringDecoder - [3dbc42f4] Decoded "{"userId":"6f520c5f-b9ff-4d6d-9343-67fd19406777","location":{"longitude":-137.610247,"latitude":-68 (truncated)...
15:53:21.773 [reactor-http-nio-46] DEBUG reactor.netty.resources.PooledConnectionProvider - [id: 0xfaf92bf0, L:/127.0.0.1:51817 - R:localhost/127.0.0.1:8083] onStateChange(GET{uri=/userLocation?userId=6f520c5f-b9ff-4d6d-9343-67fd19406777, connection=PooledConnection{channel=[id: 0xfaf92bf0, L:/127.0.0.1:51817 - R:localhost/127.0.0.1:8083]}}, [disconnecting])
15:53:21.773 [reactor-http-nio-46] DEBUG reactor.netty.resources.PooledConnectionProvider - [id: 0xfaf92bf0, L:/127.0.0.1:51817 - R:localhost/127.0.0.1:8083] Releasing channel
15:53:21.773 [reactor-http-nio-46] DEBUG reactor.netty.resources.PooledConnectionProvider - [id: 0xfaf92bf0, L:/127.0.0.1:51817 - R:localhost/127.0.0.1:8083] Channel cleaned, now 136 active connections and 165 inactive connections
15:53:21.774 [pool-44-thread-11] INFO tourGuide.service.TourGuideService - visitedLocatio tourGuide.gpsUtil.VisitedLocation@337bbb33
15:53:21.774 [pool-44-thread-11] DEBUG org.springframework.web.reactive.function.client.ExchangeFunctions - [37442984] HTTP GET http://localhost:8083/attractions
15:53:21.775 [reactor-http-nio-48] DEBUG reactor.netty.http.client.HttpClientOperations - [id: 0xb033e5eb, L:/127.0.0.1:51933 - R:localhost/127.0.0.1:8083] Received response (auto-read:false) : [Content-Type=application/json, Transfer-Encoding=chunked, Date=Wed, 15 Jun 2022 14:53:21 GMT]
15:53:21.775 [reactor-http-nio-48] DEBUG reactor.netty.resources.PooledConnectionProvider - [id: 0xb033e5eb, L:/127.0.0.1:51933 - R:localhost/127.0.0.1:8083] onStateChange(GET{uri=/userLocation?userId=0de51347-2bc4-45bf-85e4-d604153adfe4, connection=PooledConnection{channel=[id: 0xb033e5eb, L:/127.0.0.1:51933 - R:localhost/127.0.0.1:8083]}}, [response_received])
15:53:21.776 [reactor-http-nio-48] DEBUG org.springframework.web.reactive.function.client.ExchangeFunctions - [787cbbed] Response 200 OK
15:53:21.776 [reactor-http-nio-48] DEBUG reactor.netty.channel.FluxReceive - [id: 0xb033e5eb, L:/127.0.0.1:51933 - R:localhost/127.0.0.1:8083] Subscribing inbound receiver [pending: 0, cancelled:false, inboundDone: false]
15:53:21.776 [reactor-http-nio-47] DEBUG reactor.netty.resources.PooledConnectionProvider - [id: 0xac6adea9, L:/127.0.0.1:51867 - R:localhost/127.0.0.1:8083] Channel acquired, now 137 active connections and 164 inactive connections
15:53:21.776 [reactor-http-nio-47] DEBUG reactor.netty.http.client.HttpClientConnect - [id: 0xac6adea9, L:/127.0.0.1:51867 - R:localhost/127.0.0.1:8083] Handler is being applied: {uri=http://localhost:8083/attractions, method=GET}
15:53:21.776 [reactor-http-nio-48] DEBUG reactor.netty.http.client.HttpClientOperations - [id: 0xb033e5eb, L:/127.0.0.1:51933 - R:localhost/127.0.0.1:8083] Received last HTTP packet
15:53:21.776 [reactor-http-nio-48] DEBUG org.springframework.core.codec.StringDecoder - [787cbbed] Decoded "{"userId":"0de51347-2bc4-45bf-85e4-d604153adfe4","location":{"longitude":-172.802666,"latitude":34. (truncated)...
15:53:21.776 [reactor-http-nio-48] DEBUG reactor.netty.resources.PooledConnectionProvider - [id: 0xb033e5eb, L:/127.0.0.1:51933 - R:localhost/127.0.0.1:8083] onStateChange(GET{uri=/userLocation?userId=0de51347-2bc4-45bf-85e4-d604153adfe4, connection=PooledConnection{channel=[id: 0xb033e5eb, L:/127.0.0.1:51933 - R:localhost/127.0.0.1:8083]}}, [disconnecting])
15:53:21.776 [reactor-http-nio-48] DEBUG reactor.netty.resources.PooledConnectionProvider - [id: 0xb033e5eb, L:/127.0.0.1:51933 - R:localhost/127.0.0.1:8083] Releasing channel
15:53:21.776 [reactor-http-nio-48] DEBUG reactor.netty.resources.PooledConnectionProvider - [id: 0xb033e5eb, L:/127.0.0.1:51933 - R:localhost/127.0.0.1:8083] Channel cleaned, now 136 active connections and 165 inactive connections
15:53:21.776 [reactor-http-nio-47] DEBUG reactor.netty.resources.PooledConnectionProvider - [id: 0xac6adea9, L:/127.0.0.1:51867 - R:localhost/127.0.0.1:8083] onStateChange(GET{uri=/attractions, connection=PooledConnection{channel=[id: 0xac6adea9, L:/127.0.0.1:51867 - R:localhost/127.0.0.1:8083]}}, [request_sent])
15:53:21.777 [pool-44-thread-13] INFO tourGuide.service.TourGuideService - visitedLocatio tourGuide.gpsUtil.VisitedLocation@76bb4a92
15:53:21.777 [pool-44-thread-13] DEBUG org.springframework.web.reactive.function.client.ExchangeFunctions - [7284d09d] HTTP GET http://localhost:8083/attractions
15:53:21.777 [pool-44-thread-80] DEBUG org.springframework.web.reactive.function.client.ExchangeFunctions - [33b516bd] HTTP GET http://localhost:8083/userLocation?userId=4cd227d0-e61d-4eff-81b3-1716e43da4e6
15:53:21.778 [pool-44-thread-81] DEBUG org.springframework.web.reactive.function.client.ExchangeFunctions - [131bc147] HTTP GET http://localhost:8083/userLocation?userId=383d5a4a-8c72-4adb-bbb6-6edceafc92b6
15:53:21.779 [reactor-http-nio-47] DEBUG reactor.netty.resources.PooledConnectionProvider - [id: 0xfab28477, L:/127.0.0.1:51891 - R:localhost/127.0.0.1:8083] Channel acquired, now 137 active connections and 164 inactive connections
15:53:21.779 [reactor-http-nio-47] DEBUG reactor.netty.http.client.HttpClientConnect - [id: 0xfab28477, L:/127.0.0.1:51891 - R:localhost/127.0.0.1:8083] Handler is being applied: {uri=http://localhost:8083/attractions, method=GET}
15:53:21.779 [reactor-http-nio-47] DEBUG reactor.netty.resources.PooledConnectionProvider - [id: 0xfab28477, L:/127.0.0.1:51891 - R:localhost/127.0.0.1:8083] onStateChange(GET{uri=/attractions, connection=PooledConnection{channel=[id: 0xfab28477, L:/127.0.0.1:51891 - R:localhost/127.0.0.1:8083]}}, [request_sent])
15:53:21.781 [reactor-http-nio-46] DEBUG reactor.netty.resources.PooledConnectionProvider - [id: 0x33fe729d, L:/127.0.0.1:51824 - R:localhost/127.0.0.1:8083] Channel acquired, now 138 active connections and 163 inactive connections
15:53:21.781 [reactor-http-nio-46] DEBUG reactor.netty.http.client.HttpClientConnect - [id: 0x33fe729d, L:/127.0.0.1:51824 - R:localhost/127.0.0.1:8083] Handler is being applied: {uri=http://localhost:8083/attractions, method=GET}
15:53:21.781 [reactor-http-nio-46] DEBUG reactor.netty.resources.PooledConnectionProvider - [id: 0x33fe729d, L:/127.0.0.1:51824 - R:localhost/127.0.0.1:8083] onStateChange(GET{uri=/attractions, connection=PooledConnection{channel=[id: 0x33fe729d, L:/127.0.0.1:51824 - R:localhost/127.0.0.1:8083]}}, [request_sent])
15:53:21.782 [reactor-http-nio-41] DEBUG reactor.netty.resources.PooledConnectionProvider - [id: 0x681d37cb, L:/127.0.0.1:51786 - R:localhost/127.0.0.1:8083] Channel acquired, now 139 active connections and 162 inactive connections
15:53:21.782 [reactor-http-nio-41] DEBUG reactor.netty.http.client.HttpClientConnect - [id: 0x681d37cb, L:/127.0.0.1:51786 - R:localhost/127.0.0.1:8083] Handler is being applied: {uri=http://localhost:8083/userLocation?userId=4cd227d0-e61d-4eff-81b3-1716e43da4e6, method=GET}
15:53:21.782 [pool-44-thread-82] DEBUG org.springframework.web.reactive.function.client.ExchangeFunctions - [6d633d1b] HTTP GET http://localhost:8083/userLocation?userId=fabce45d-85c5-4fc3-98ac-696ea44a6a80
15:53:21.783 [reactor-http-nio-41] DEBUG reactor.netty.resources.PooledConnectionProvider - [id: 0x681d37cb, L:/127.0.0.1:51786 - R:localhost/127.0.0.1:8083] onStateChange(GET{uri=/userLocation?userId=4cd227d0-e61d-4eff-81b3-1716e43da4e6, connection=PooledConnection{channel=[id: 0x681d37cb, L:/127.0.0.1:51786 - R:localhost/127.0.0.1:8083]}}, [request_sent])
15:53:21.784 [reactor-http-nio-46] DEBUG reactor.netty.resources.PooledConnectionProvider - [id: 0x7e95ad76, L:/127.0.0.1:51814 - R:localhost/127.0.0.1:8083] Channel acquired, now 140 active connections and 161 inactive connections
15:53:21.784 [reactor-http-nio-46] DEBUG reactor.netty.http.client.HttpClientConnect - [id: 0x7e95ad76, L:/127.0.0.1:51814 - R:localhost/127.0.0.1:8083] Handler is being applied: {uri=http://localhost:8083/userLocation?userId=fabce45d-85c5-4fc3-98ac-696ea44a6a80, method=GET}
15:53:21.784 [pool-44-thread-83] DEBUG org.springframework.web.reactive.function.client.ExchangeFunctions - [60b14b19] HTTP GET http://localhost:8083/userLocation?userId=8cf4982d-dec4-4e6e-9bef-22c7215473d1
15:53:21.784 [reactor-http-nio-46] DEBUG reactor.netty.resources.PooledConnectionProvider - [id: 0x7e95ad76, L:/127.0.0.1:51814 - R:localhost/127.0.0.1:8083] onStateChange(GET{uri=/userLocation?userId=fabce45d-85c5-4fc3-98ac-696ea44a6a80, connection=PooledConnection{channel=[id: 0x7e95ad76, L:/127.0.0.1:51814 - R:localhost/127.0.0.1:8083]}}, [request_sent])
15:53:21.784 [reactor-http-nio-46] DEBUG reactor.netty.resources.PooledConnectionProvider - [id: 0xed17734c, L:/127.0.0.1:51825 - R:localhost/127.0.0.1:8083] Channel acquired, now 141 active connections and 160 inactive connections
15:53:21.784 [reactor-http-nio-46] DEBUG reactor.netty.http.client.HttpClientConnect - [id: 0xed17734c, L:/127.0.0.1:51825 - R:localhost/127.0.0.1:8083] Handler is being applied: {uri=http://localhost:8083/userLocation?userId=383d5a4a-8c72-4adb-bbb6-6edceafc92b6, method=GET}
15:53:21.785 [reactor-http-nio-46] DEBUG reactor.netty.resources.PooledConnectionProvider - [id: 0xed17734c, L:/127.0.0.1:51825 - R:localhost/127.0.0.1:8083] onStateChange(GET{uri=/userLocation?userId=383d5a4a-8c72-4adb-bbb6-6edceafc92b6, connection=PooledConnection{channel=[id: 0xed17734c, L:/127.0.0.1:51825 - R:localhost/127.0.0.1:8083]}}, [request_sent])
15:53:21.786 [pool-44-thread-84] DEBUG org.springframework.web.reactive.function.client.ExchangeFunctions - [193c2272] HTTP GET http://localhost:8083/userLocation?userId=983c0aa2-c2af-4aae-a387-a8aa89de622a
15:53:21.788 [reactor-http-nio-41] DEBUG reactor.netty.resources.PooledConnectionProvider - [id: 0x0c95a1e6, L:/127.0.0.1:51725 - R:localhost/127.0.0.1:8083] Channel acquired, now 142 active connections and 159 inactive connections
15:53:21.788 [reactor-http-nio-41] DEBUG reactor.netty.http.client.HttpClientConnect - [id: 0x0c95a1e6, L:/127.0.0.1:51725 - R:localhost/127.0.0.1:8083] Handler is being applied: {uri=http://localhost:8083/userLocation?userId=8cf4982d-dec4-4e6e-9bef-22c7215473d1, method=GET}
15:53:21.788 [reactor-http-nio-41] DEBUG reactor.netty.resources.PooledConnectionProvider - [id: 0x0c95a1e6, L:/127.0.0.1:51725 - R:localhost/127.0.0.1:8083] onStateChange(GET{uri=/userLocation?userId=8cf4982d-dec4-4e6e-9bef-22c7215473d1, connection=PooledConnection{channel=[id: 0x0c95a1e6, L:/127.0.0.1:51725 - R:localhost/127.0.0.1:8083]}}, [request_sent])
15:53:21.789 [pool-44-thread-85] DEBUG org.springframework.web.reactive.function.client.ExchangeFunctions - [5cfff9fd] HTTP GET http://localhost:8083/userLocation?userId=9874006b-08cf-4b8e-b55f-ef2638e99665
15:53:21.789 [reactor-http-nio-46] DEBUG reactor.netty.resources.PooledConnectionProvider - [id: 0x0c4def98, L:/127.0.0.1:51813 - R:localhost/127.0.0.1:8083] Channel acquired, now 143 active connections and 158 inactive connections
15:53:21.789 [reactor-http-nio-46] DEBUG reactor.netty.http.client.HttpClientConnect - [id: 0x0c4def98, L:/127.0.0.1:51813 - R:localhost/127.0.0.1:8083] Handler is being applied: {uri=http://localhost:8083/userLocation?userId=983c0aa2-c2af-4aae-a387-a8aa89de622a, method=GET}
15:53:21.790 [reactor-http-nio-46] DEBUG reactor.netty.resources.PooledConnectionProvider - [id: 0x0c4def98, L:/127.0.0.1:51813 - R:localhost/127.0.0.1:8083] onStateChange(GET{uri=/userLocation?userId=983c0aa2-c2af-4aae-a387-a8aa89de622a, connection=PooledConnection{channel=[id: 0x0c4def98, L:/127.0.0.1:51813 - R:localhost/127.0.0.1:8083]}}, [request_sent])
15:53:21.791 [pool-44-thread-86] DEBUG org.springframework.web.reactive.function.client.ExchangeFunctions - [4c45e3d9] HTTP GET http://localhost:8083/userLocation?userId=e9deb04d-a187-48ed-8eae-a505530b4230
15:53:21.792 [pool-44-thread-87] DEBUG org.springframework.web.reactive.function.client.ExchangeFunctions - [671cb0db] HTTP GET http://localhost:8083/userLocation?userId=c11e0665-3484-4b18-b2ae-9a24e39ddfa2
15:53:21.792 [reactor-http-nio-46] DEBUG reactor.netty.resources.PooledConnectionProvider - [id: 0xad15f065, L:/127.0.0.1:51819 - R:localhost/127.0.0.1:8083] Channel acquired, now 144 active connections and 157 inactive connections
15:53:21.792 [reactor-http-nio-46] DEBUG reactor.netty.http.client.HttpClientConnect - [id: 0xad15f065, L:/127.0.0.1:51819 - R:localhost/127.0.0.1:8083] Handler is being applied: {uri=http://localhost:8083/userLocation?userId=9874006b-08cf-4b8e-b55f-ef2638e99665, method=GET}
15:53:21.793 [pool-44-thread-88] DEBUG org.springframework.web.reactive.function.client.ExchangeFunctions - [2430cb6b] HTTP GET http://localhost:8083/userLocation?userId=ad3684bc-9f60-4acf-a291-0ba574d43b64
15:53:21.793 [reactor-http-nio-46] DEBUG reactor.netty.resources.PooledConnectionProvider - [id: 0xad15f065, L:/127.0.0.1:51819 - R:localhost/127.0.0.1:8083] onStateChange(GET{uri=/userLocation?userId=9874006b-08cf-4b8e-b55f-ef2638e99665, connection=PooledConnection{channel=[id: 0xad15f065, L:/127.0.0.1:51819 - R:localhost/127.0.0.1:8083]}}, [request_sent])
15:53:21.794 [reactor-http-nio-46] DEBUG reactor.netty.resources.PooledConnectionProvider - [id: 0xcde170f5, L:/127.0.0.1:51800 - R:localhost/127.0.0.1:8083] Channel acquired, now 145 active connections and 156 inactive connections
15:53:21.795 [reactor-http-nio-46] DEBUG reactor.netty.http.client.HttpClientConnect - [id: 0xcde170f5, L:/127.0.0.1:51800 - R:localhost/127.0.0.1:8083] Handler is being applied: {uri=http://localhost:8083/userLocation?userId=c11e0665-3484-4b18-b2ae-9a24e39ddfa2, method=GET}
15:53:21.795 [reactor-http-nio-41] DEBUG reactor.netty.resources.PooledConnectionProvider - [id: 0xabcec1ab, L:/127.0.0.1:51770 - R:localhost/127.0.0.1:8083] Channel acquired, now 146 active connections and 155 inactive connections
15:53:21.795 [reactor-http-nio-46] DEBUG reactor.netty.resources.PooledConnectionProvider - [id: 0xcde170f5, L:/127.0.0.1:51800 - R:localhost/127.0.0.1:8083] onStateChange(GET{uri=/userLocation?userId=c11e0665-3484-4b18-b2ae-9a24e39ddfa2, connection=PooledConnection{channel=[id: 0xcde170f5, L:/127.0.0.1:51800 - R:localhost/127.0.0.1:8083]}}, [request_sent])
15:53:21.795 [reactor-http-nio-41] DEBUG reactor.netty.http.client.HttpClientConnect - [id: 0xabcec1ab, L:/127.0.0.1:51770 - R:localhost/127.0.0.1:8083] Handler is being applied: {uri=http://localhost:8083/userLocation?userId=e9deb04d-a187-48ed-8eae-a505530b4230, method=GET}
15:53:21.796 [reactor-http-nio-41] DEBUG reactor.netty.resources.PooledConnectionProvider - [id: 0xabcec1ab, L:/127.0.0.1:51770 - R:localhost/127.0.0.1:8083] onStateChange(GET{uri=/userLocation?userId=e9deb04d-a187-48ed-8eae-a505530b4230, connection=PooledConnection{channel=[id: 0xabcec1ab, L:/127.0.0.1:51770 - R:localhost/127.0.0.1:8083]}}, [request_sent])
15:53:21.799 [reactor-http-nio-41] DEBUG reactor.netty.resources.PooledConnectionProvider - [id: 0x307222ea, L:/127.0.0.1:51747 - R:localhost/127.0.0.1:8083] Channel acquired, now 147 active connections and 154 inactive connections
15:53:21.799 [reactor-http-nio-41] DEBUG reactor.netty.http.client.HttpClientConnect - [id: 0x307222ea, L:/127.0.0.1:51747 - R:localhost/127.0.0.1:8083] Handler is being applied: {uri=http://localhost:8083/userLocation?userId=ad3684bc-9f60-4acf-a291-0ba574d43b64, method=GET}
15:53:21.799 [reactor-http-nio-41] DEBUG reactor.netty.resources.PooledConnectionProvider - [id: 0x307222ea, L:/127.0.0.1:51747 - R:localhost/127.0.0.1:8083] onStateChange(GET{uri=/userLocation?userId=ad3684bc-9f60-4acf-a291-0ba574d43b64, connection=PooledConnection{channel=[id: 0x307222ea, L:/127.0.0.1:51747 - R:localhost/127.0.0.1:8083]}}, [request_sent])
15:53:21.800 [pool-44-thread-89] DEBUG org.springframework.web.reactive.function.client.ExchangeFunctions - [78b90e1f] HTTP GET http://localhost:8083/userLocation?userId=46afc2dc-ab10-47bf-94cf-cee20a649067
15:53:21.803 [reactor-http-nio-47] DEBUG reactor.netty.resources.PooledConnectionProvider - [id: 0xeec1d289, L:/127.0.0.1:51847 - R:localhost/127.0.0.1:8083] Channel acquired, now 148 active connections and 153 inactive connections
15:53:21.803 [reactor-http-nio-47] DEBUG reactor.netty.http.client.HttpClientConnect - [id: 0xeec1d289, L:/127.0.0.1:51847 - R:localhost/127.0.0.1:8083] Handler is being applied: {uri=http://localhost:8083/userLocation?userId=46afc2dc-ab10-47bf-94cf-cee20a649067, method=GET}
15:53:21.804 [reactor-http-nio-47] DEBUG reactor.netty.resources.PooledConnectionProvider - [id: 0xeec1d289, L:/127.0.0.1:51847 - R:localhost/127.0.0.1:8083] onStateChange(GET{uri=/userLocation?userId=46afc2dc-ab10-47bf-94cf-cee20a649067, connection=PooledConnection{channel=[id: 0xeec1d289, L:/127.0.0.1:51847 - R:localhost/127.0.0.1:8083]}}, [request_sent])
15:53:21.806 [pool-44-thread-90] DEBUG org.springframework.web.reactive.function.client.ExchangeFunctions - [19c8d437] HTTP GET http://localhost:8083/userLocation?userId=a772abae-9370-4eba-9843-0a649eb4dfae
15:53:21.808 [reactor-http-nio-46] DEBUG reactor.netty.resources.PooledConnectionProvider - [id: 0xa4957f74, L:/127.0.0.1:51830 - R:localhost/127.0.0.1:8083] Channel acquired, now 149 active connections and 152 inactive connections
15:53:21.809 [reactor-http-nio-46] DEBUG reactor.netty.http.client.HttpClientConnect - [id: 0xa4957f74, L:/127.0.0.1:51830 - R:localhost/127.0.0.1:8083] Handler is being applied: {uri=http://localhost:8083/userLocation?userId=a772abae-9370-4eba-9843-0a649eb4dfae, method=GET}
15:53:21.809 [pool-44-thread-91] DEBUG org.springframework.web.reactive.function.client.ExchangeFunctions - [171aa7ca] HTTP GET http://localhost:8083/userLocation?userId=f8637b38-d1c0-4bf3-82ae-d0022a298092
15:53:21.809 [reactor-http-nio-46] DEBUG reactor.netty.resources.PooledConnectionProvider - [id: 0xa4957f74, L:/127.0.0.1:51830 - R:localhost/127.0.0.1:8083] onStateChange(GET{uri=/userLocation?userId=a772abae-9370-4eba-9843-0a649eb4dfae, connection=PooledConnection{channel=[id: 0xa4957f74, L:/127.0.0.1:51830 - R:localhost/127.0.0.1:8083]}}, [request_sent])
15:53:21.810 [reactor-http-nio-47] DEBUG reactor.netty.resources.PooledConnectionProvider - [id: 0x33d84267, L:/127.0.0.1:51885 - R:localhost/127.0.0.1:8083] Channel acquired, now 150 active connections and 151 inactive connections
15:53:21.810 [reactor-http-nio-47] DEBUG reactor.netty.http.client.HttpClientConnect - [id: 0x33d84267, L:/127.0.0.1:51885 - R:localhost/127.0.0.1:8083] Handler is being applied: {uri=http://localhost:8083/userLocation?userId=f8637b38-d1c0-4bf3-82ae-d0022a298092, method=GET}
15:53:21.810 [reactor-http-nio-47] DEBUG reactor.netty.resources.PooledConnectionProvider - [id: 0x33d84267, L:/127.0.0.1:51885 - R:localhost/127.0.0.1:8083] onStateChange(GET{uri=/userLocation?userId=f8637b38-d1c0-4bf3-82ae-d0022a298092, connection=PooledConnection{channel=[id: 0x33d84267, L:/127.0.0.1:51885 - R:localhost/127.0.0.1:8083]}}, [request_sent])
15:53:21.810 [pool-44-thread-92] DEBUG org.springframework.web.reactive.function.client.ExchangeFunctions - [5e465d94] HTTP GET http://localhost:8083/userLocation?userId=00144def-53df-4278-b0d5-f2b693a53007
15:53:21.811 [pool-44-thread-93] DEBUG org.springframework.web.reactive.function.client.ExchangeFunctions - [4f052a8b] HTTP GET http://localhost:8083/userLocation?userId=f1fff081-a37e-4813-8366-0ee703ed65da
15:53:21.812 [pool-44-thread-94] DEBUG org.springframework.web.reactive.function.client.ExchangeFunctions - [3e1f5148] HTTP GET http://localhost:8083/userLocation?userId=34b02340-05a7-43e6-8bcd-e6c29b492abd
15:53:21.814 [reactor-http-nio-48] DEBUG reactor.netty.resources.PooledConnectionProvider - [id: 0xf514f1ff, L:/127.0.0.1:51965 - R:localhost/127.0.0.1:8083] Channel acquired, now 151 active connections and 150 inactive connections
15:53:21.814 [reactor-http-nio-48] DEBUG reactor.netty.http.client.HttpClientConnect - [id: 0xf514f1ff, L:/127.0.0.1:51965 - R:localhost/127.0.0.1:8083] Handler is being applied: {uri=http://localhost:8083/userLocation?userId=00144def-53df-4278-b0d5-f2b693a53007, method=GET}
15:53:21.814 [reactor-http-nio-48] DEBUG reactor.netty.resources.PooledConnectionProvider - [id: 0xf514f1ff, L:/127.0.0.1:51965 - R:localhost/127.0.0.1:8083] onStateChange(GET{uri=/userLocation?userId=00144def-53df-4278-b0d5-f2b693a53007, connection=PooledConnection{channel=[id: 0xf514f1ff, L:/127.0.0.1:51965 - R:localhost/127.0.0.1:8083]}}, [request_sent])
15:53:21.817 [reactor-http-nio-46] DEBUG reactor.netty.resources.PooledConnectionProvider - [id: 0x0c7165ed, L:/127.0.0.1:51765 - R:localhost/127.0.0.1:8083] Channel acquired, now 152 active connections and 149 inactive connections
15:53:21.817 [reactor-http-nio-46] DEBUG reactor.netty.http.client.HttpClientConnect - [id: 0x0c7165ed, L:/127.0.0.1:51765 - R:localhost/127.0.0.1:8083] Handler is being applied: {uri=http://localhost:8083/userLocation?userId=f1fff081-a37e-4813-8366-0ee703ed65da, method=GET}
15:53:21.817 [reactor-http-nio-46] DEBUG reactor.netty.resources.PooledConnectionProvider - [id: 0x0c7165ed, L:/127.0.0.1:51765 - R:localhost/127.0.0.1:8083] onStateChange(GET{uri=/userLocation?userId=f1fff081-a37e-4813-8366-0ee703ed65da, connection=PooledConnection{channel=[id: 0x0c7165ed, L:/127.0.0.1:51765 - R:localhost/127.0.0.1:8083]}}, [request_sent])
15:53:21.817 [reactor-http-nio-41] DEBUG reactor.netty.resources.PooledConnectionProvider - [id: 0xcdc2ae18, L:/127.0.0.1:51731 - R:localhost/127.0.0.1:8083] Channel acquired, now 153 active connections and 148 inactive connections
15:53:21.817 [reactor-http-nio-41] DEBUG reactor.netty.http.client.HttpClientConnect - [id: 0xcdc2ae18, L:/127.0.0.1:51731 - R:localhost/127.0.0.1:8083] Handler is being applied: {uri=http://localhost:8083/userLocation?userId=34b02340-05a7-43e6-8bcd-e6c29b492abd, method=GET}
15:53:21.817 [reactor-http-nio-41] DEBUG reactor.netty.resources.PooledConnectionProvider - [id: 0xcdc2ae18, L:/127.0.0.1:51731 - R:localhost/127.0.0.1:8083] onStateChange(GET{uri=/userLocation?userId=34b02340-05a7-43e6-8bcd-e6c29b492abd, connection=PooledConnection{channel=[id: 0xcdc2ae18, L:/127.0.0.1:51731 - R:localhost/127.0.0.1:8083]}}, [request_sent])
15:53:21.818 [pool-44-thread-95] DEBUG org.springframework.web.reactive.function.client.ExchangeFunctions - [1e55f3f4] HTTP GET http://localhost:8083/userLocation?userId=9a09c131-4af9-4b5e-bcd5-831fae307c3b
15:53:21.822 [pool-44-thread-96] DEBUG org.springframework.web.reactive.function.client.ExchangeFunctions - [24652a64] HTTP GET http://localhost:8083/userLocation?userId=ae999fe3-0e05-4e50-a940-dd1839f3db8b
15:53:21.822 [pool-44-thread-97] DEBUG org.springframework.web.reactive.function.client.ExchangeFunctions - [1f1a09cd] HTTP GET http://localhost:8083/userLocation?userId=2d7f28b1-a487-486a-8922-42d9a9943958
15:53:21.822 [reactor-http-nio-46] DEBUG reactor.netty.resources.PooledConnectionProvider - [id: 0xbb1400e4, L:/127.0.0.1:51826 - R:localhost/127.0.0.1:8083] Channel acquired, now 154 active connections and 147 inactive connections
15:53:21.822 [reactor-http-nio-46] DEBUG reactor.netty.http.client.HttpClientConnect - [id: 0xbb1400e4, L:/127.0.0.1:51826 - R:localhost/127.0.0.1:8083] Handler is being applied: {uri=http://localhost:8083/userLocation?userId=9a09c131-4af9-4b5e-bcd5-831fae307c3b, method=GET}
15:53:21.823 [reactor-http-nio-48] DEBUG reactor.netty.resources.PooledConnectionProvider - [id: 0x3f7d5ef0, L:/127.0.0.1:51973 - R:localhost/127.0.0.1:8083] Channel acquired, now 155 active connections and 146 inactive connections
15:53:21.823 [reactor-http-nio-46] DEBUG reactor.netty.resources.PooledConnectionProvider - [id: 0xbb1400e4, L:/127.0.0.1:51826 - R:localhost/127.0.0.1:8083] onStateChange(GET{uri=/userLocation?userId=9a09c131-4af9-4b5e-bcd5-831fae307c3b, connection=PooledConnection{channel=[id: 0xbb1400e4, L:/127.0.0.1:51826 - R:localhost/127.0.0.1:8083]}}, [request_sent])
15:53:21.823 [reactor-http-nio-48] DEBUG reactor.netty.http.client.HttpClientConnect - [id: 0x3f7d5ef0, L:/127.0.0.1:51973 - R:localhost/127.0.0.1:8083] Handler is being applied: {uri=http://localhost:8083/userLocation?userId=ae999fe3-0e05-4e50-a940-dd1839f3db8b, method=GET}
15:53:21.823 [reactor-http-nio-48] DEBUG reactor.netty.resources.PooledConnectionProvider - [id: 0x3f7d5ef0, L:/127.0.0.1:51973 - R:localhost/127.0.0.1:8083] onStateChange(GET{uri=/userLocation?userId=ae999fe3-0e05-4e50-a940-dd1839f3db8b, connection=PooledConnection{channel=[id: 0x3f7d5ef0, L:/127.0.0.1:51973 - R:localhost/127.0.0.1:8083]}}, [request_sent])
15:53:21.823 [pool-44-thread-98] DEBUG org.springframework.web.reactive.function.client.ExchangeFunctions - [cd5933e] HTTP GET http://localhost:8083/userLocation?userId=14d0eb8d-1f77-466c-88a2-2dee00319a1b
15:53:21.825 [reactor-http-nio-46] DEBUG reactor.netty.resources.PooledConnectionProvider - [id: 0x3561676c, L:/127.0.0.1:51742 - R:localhost/127.0.0.1:8083] Channel acquired, now 156 active connections and 145 inactive connections
15:53:21.825 [reactor-http-nio-46] DEBUG reactor.netty.http.client.HttpClientConnect - [id: 0x3561676c, L:/127.0.0.1:51742 - R:localhost/127.0.0.1:8083] Handler is being applied: {uri=http://localhost:8083/userLocation?userId=14d0eb8d-1f77-466c-88a2-2dee00319a1b, method=GET}
15:53:21.826 [reactor-http-nio-48] DEBUG reactor.netty.resources.PooledConnectionProvider - [id: 0xa0b7be75, L:/127.0.0.1:51941 - R:localhost/127.0.0.1:8083] Channel acquired, now 157 active connections and 144 inactive connections
15:53:21.826 [reactor-http-nio-46] DEBUG reactor.netty.resources.PooledConnectionProvider - [id: 0x3561676c, L:/127.0.0.1:51742 - R:localhost/127.0.0.1:8083] onStateChange(GET{uri=/userLocation?userId=14d0eb8d-1f77-466c-88a2-2dee00319a1b, connection=PooledConnection{channel=[id: 0x3561676c, L:/127.0.0.1:51742 - R:localhost/127.0.0.1:8083]}}, [request_sent])
15:53:21.826 [reactor-http-nio-48] DEBUG reactor.netty.http.client.HttpClientConnect - [id: 0xa0b7be75, L:/127.0.0.1:51941 - R:localhost/127.0.0.1:8083] Handler is being applied: {uri=http://localhost:8083/userLocation?userId=2d7f28b1-a487-486a-8922-42d9a9943958, method=GET}
15:53:21.826 [reactor-http-nio-48] DEBUG reactor.netty.resources.PooledConnectionProvider - [id: 0xa0b7be75, L:/127.0.0.1:51941 - R:localhost/127.0.0.1:8083] onStateChange(GET{uri=/userLocation?userId=2d7f28b1-a487-486a-8922-42d9a9943958, connection=PooledConnection{channel=[id: 0xa0b7be75, L:/127.0.0.1:51941 - R:localhost/127.0.0.1:8083]}}, [request_sent])
15:53:21.827 [pool-44-thread-99] DEBUG org.springframework.web.reactive.function.client.ExchangeFunctions - [219f720e] HTTP GET http://localhost:8083/userLocation?userId=490cf4d9-8cf0-483f-b347-a073d1b50664
15:53:21.828 [reactor-http-nio-47] DEBUG reactor.netty.resources.PooledConnectionProvider - [id: 0x3b9f7ba5, L:/127.0.0.1:51836 - R:localhost/127.0.0.1:8083] Channel acquired, now 158 active connections and 143 inactive connections
15:53:21.828 [reactor-http-nio-47] DEBUG reactor.netty.http.client.HttpClientConnect - [id: 0x3b9f7ba5, L:/127.0.0.1:51836 - R:localhost/127.0.0.1:8083] Handler is being applied: {uri=http://localhost:8083/userLocation?userId=490cf4d9-8cf0-483f-b347-a073d1b50664, method=GET}
15:53:21.829 [reactor-http-nio-47] DEBUG reactor.netty.resources.PooledConnectionProvider - [id: 0x3b9f7ba5, L:/127.0.0.1:51836 - R:localhost/127.0.0.1:8083] onStateChange(GET{uri=/userLocation?userId=490cf4d9-8cf0-483f-b347-a073d1b50664, connection=PooledConnection{channel=[id: 0x3b9f7ba5, L:/127.0.0.1:51836 - R:localhost/127.0.0.1:8083]}}, [request_sent])
15:53:21.829 [pool-44-thread-100] DEBUG org.springframework.web.reactive.function.client.ExchangeFunctions - [3b6ad753] HTTP GET http://localhost:8083/userLocation?userId=228718f3-50cd-4304-8614-d9825a1d5a14
15:53:21.833 [reactor-http-nio-48] DEBUG reactor.netty.http.client.HttpClientOperations - [id: 0x6c9d2faf, L:/127.0.0.1:51972 - R:localhost/127.0.0.1:8083] Received response (auto-read:false) : [Content-Type=application/json, Transfer-Encoding=chunked, Date=Wed, 15 Jun 2022 14:53:21 GMT]
15:53:21.833 [reactor-http-nio-48] DEBUG reactor.netty.resources.PooledConnectionProvider - [id: 0x6c9d2faf, L:/127.0.0.1:51972 - R:localhost/127.0.0.1:8083] onStateChange(GET{uri=/userLocation?userId=ff3b9f8d-02cb-4164-8da7-f9ceb4ba5948, connection=PooledConnection{channel=[id: 0x6c9d2faf, L:/127.0.0.1:51972 - R:localhost/127.0.0.1:8083]}}, [response_received])
15:53:21.833 [reactor-http-nio-48] DEBUG org.springframework.web.reactive.function.client.ExchangeFunctions - [4da06548] Response 200 OK
15:53:21.833 [reactor-http-nio-48] DEBUG reactor.netty.channel.FluxReceive - [id: 0x6c9d2faf, L:/127.0.0.1:51972 - R:localhost/127.0.0.1:8083] Subscribing inbound receiver [pending: 0, cancelled:false, inboundDone: false]
15:53:21.833 [reactor-http-nio-48] DEBUG reactor.netty.http.client.HttpClientOperations - [id: 0x6c9d2faf, L:/127.0.0.1:51972 - R:localhost/127.0.0.1:8083] Received last HTTP packet
15:53:21.833 [reactor-http-nio-41] DEBUG reactor.netty.resources.PooledConnectionProvider - [id: 0x4f2e6241, L:/127.0.0.1:51772 - R:localhost/127.0.0.1:8083] Channel acquired, now 159 active connections and 142 inactive connections
15:53:21.833 [reactor-http-nio-48] DEBUG org.springframework.core.codec.StringDecoder - [4da06548] Decoded "{"userId":"ff3b9f8d-02cb-4164-8da7-f9ceb4ba5948","location":{"longitude":-43.733502,"latitude":-7.2 (truncated)...
15:53:21.833 [reactor-http-nio-41] DEBUG reactor.netty.http.client.HttpClientConnect - [id: 0x4f2e6241, L:/127.0.0.1:51772 - R:localhost/127.0.0.1:8083] Handler is being applied: {uri=http://localhost:8083/userLocation?userId=228718f3-50cd-4304-8614-d9825a1d5a14, method=GET}
15:53:21.833 [reactor-http-nio-48] DEBUG reactor.netty.resources.PooledConnectionProvider - [id: 0x6c9d2faf, L:/127.0.0.1:51972 - R:localhost/127.0.0.1:8083] onStateChange(GET{uri=/userLocation?userId=ff3b9f8d-02cb-4164-8da7-f9ceb4ba5948, connection=PooledConnection{channel=[id: 0x6c9d2faf, L:/127.0.0.1:51972 - R:localhost/127.0.0.1:8083]}}, [disconnecting])
15:53:21.833 [reactor-http-nio-48] DEBUG reactor.netty.resources.PooledConnectionProvider - [id: 0x6c9d2faf, L:/127.0.0.1:51972 - R:localhost/127.0.0.1:8083] Releasing channel
15:53:21.833 [reactor-http-nio-46] DEBUG reactor.netty.http.client.HttpClientOperations - [id: 0x04ce75f7, L:/127.0.0.1:51730 - R:localhost/127.0.0.1:8083] Received response (auto-read:false) : [Content-Type=application/json, Transfer-Encoding=chunked, Date=Wed, 15 Jun 2022 14:53:21 GMT]
15:53:21.833 [reactor-http-nio-48] DEBUG reactor.netty.resources.PooledConnectionProvider - [id: 0x6c9d2faf, L:/127.0.0.1:51972 - R:localhost/127.0.0.1:8083] Channel cleaned, now 158 active connections and 143 inactive connections
15:53:21.833 [reactor-http-nio-46] DEBUG reactor.netty.resources.PooledConnectionProvider - [id: 0x04ce75f7, L:/127.0.0.1:51730 - R:localhost/127.0.0.1:8083] onStateChange(GET{uri=/userLocation?userId=08a43840-db96-4e22-a082-6369459fbf08, connection=PooledConnection{channel=[id: 0x04ce75f7, L:/127.0.0.1:51730 - R:localhost/127.0.0.1:8083]}}, [response_received])
15:53:21.833 [reactor-http-nio-46] DEBUG org.springframework.web.reactive.function.client.ExchangeFunctions - [3cfab178] Response 200 OK
15:53:21.834 [reactor-http-nio-46] DEBUG reactor.netty.channel.FluxReceive - [id: 0x04ce75f7, L:/127.0.0.1:51730 - R:localhost/127.0.0.1:8083] Subscribing inbound receiver [pending: 0, cancelled:false, inboundDone: false]
15:53:21.834 [reactor-http-nio-48] DEBUG reactor.netty.http.client.HttpClientOperations - [id: 0x9c9e122e, L:/127.0.0.1:51884 - R:localhost/127.0.0.1:8083] Received response (auto-read:false) : [Content-Type=application/json, Transfer-Encoding=chunked, Date=Wed, 15 Jun 2022 14:53:21 GMT]
15:53:21.834 [reactor-http-nio-48] DEBUG reactor.netty.resources.PooledConnectionProvider - [id: 0x9c9e122e, L:/127.0.0.1:51884 - R:localhost/127.0.0.1:8083] onStateChange(GET{uri=/userLocation?userId=d569553a-5962-4706-a482-e11457c5503a, connection=PooledConnection{channel=[id: 0x9c9e122e, L:/127.0.0.1:51884 - R:localhost/127.0.0.1:8083]}}, [response_received])
15:53:21.834 [reactor-http-nio-41] DEBUG reactor.netty.resources.PooledConnectionProvider - [id: 0x4f2e6241, L:/127.0.0.1:51772 - R:localhost/127.0.0.1:8083] onStateChange(GET{uri=/userLocation?userId=228718f3-50cd-4304-8614-d9825a1d5a14, connection=PooledConnection{channel=[id: 0x4f2e6241, L:/127.0.0.1:51772 - R:localhost/127.0.0.1:8083]}}, [request_sent])
15:53:21.834 [reactor-http-nio-48] DEBUG org.springframework.web.reactive.function.client.ExchangeFunctions - [3d3ae1a0] Response 200 OK
15:53:21.834 [reactor-http-nio-46] DEBUG reactor.netty.http.client.HttpClientOperations - [id: 0x04ce75f7, L:/127.0.0.1:51730 - R:localhost/127.0.0.1:8083] Received last HTTP packet
15:53:21.834 [reactor-http-nio-46] DEBUG org.springframework.core.codec.StringDecoder - [3cfab178] Decoded "{"userId":"08a43840-db96-4e22-a082-6369459fbf08","location":{"longitude":131.213297,"latitude":58.2 (truncated)...
15:53:21.834 [reactor-http-nio-46] DEBUG reactor.netty.resources.PooledConnectionProvider - [id: 0x04ce75f7, L:/127.0.0.1:51730 - R:localhost/127.0.0.1:8083] onStateChange(GET{uri=/userLocation?userId=08a43840-db96-4e22-a082-6369459fbf08, connection=PooledConnection{channel=[id: 0x04ce75f7, L:/127.0.0.1:51730 - R:localhost/127.0.0.1:8083]}}, [disconnecting])
15:53:21.834 [reactor-http-nio-46] DEBUG reactor.netty.resources.PooledConnectionProvider - [id: 0x04ce75f7, L:/127.0.0.1:51730 - R:localhost/127.0.0.1:8083] Releasing channel
15:53:21.834 [reactor-http-nio-48] DEBUG reactor.netty.channel.FluxReceive - [id: 0x9c9e122e, L:/127.0.0.1:51884 - R:localhost/127.0.0.1:8083] Subscribing inbound receiver [pending: 0, cancelled:false, inboundDone: false]
15:53:21.834 [reactor-http-nio-46] DEBUG reactor.netty.resources.PooledConnectionProvider - [id: 0x04ce75f7, L:/127.0.0.1:51730 - R:localhost/127.0.0.1:8083] Channel cleaned, now 157 active connections and 144 inactive connections
15:53:21.834 [reactor-http-nio-48] DEBUG reactor.netty.http.client.HttpClientOperations - [id: 0xb736888f, L:/127.0.0.1:51970 - R:localhost/127.0.0.1:8083] Received response (auto-read:false) : [Content-Type=application/json, Transfer-Encoding=chunked, Date=Wed, 15 Jun 2022 14:53:21 GMT]
15:53:21.834 [reactor-http-nio-48] DEBUG reactor.netty.resources.PooledConnectionProvider - [id: 0xb736888f, L:/127.0.0.1:51970 - R:localhost/127.0.0.1:8083] onStateChange(GET{uri=/userLocation?userId=16cf3bfa-1854-4c1d-a010-670e9aa91657, connection=PooledConnection{channel=[id: 0xb736888f, L:/127.0.0.1:51970 - R:localhost/127.0.0.1:8083]}}, [response_received])
15:53:21.834 [reactor-http-nio-48] DEBUG org.springframework.web.reactive.function.client.ExchangeFunctions - [bd9cc98] Response 200 OK
15:53:21.834 [reactor-http-nio-48] DEBUG reactor.netty.channel.FluxReceive - [id: 0xb736888f, L:/127.0.0.1:51970 - R:localhost/127.0.0.1:8083] Subscribing inbound receiver [pending: 0, cancelled:false, inboundDone: false]
15:53:21.835 [reactor-http-nio-48] DEBUG reactor.netty.http.client.HttpClientOperations - [id: 0xb736888f, L:/127.0.0.1:51970 - R:localhost/127.0.0.1:8083] Received last HTTP packet
15:53:21.835 [reactor-http-nio-48] DEBUG org.springframework.core.codec.StringDecoder - [bd9cc98] Decoded "{"userId":"16cf3bfa-1854-4c1d-a010-670e9aa91657","location":{"longitude":-24.50848,"latitude":50.81 (truncated)...
15:53:21.835 [reactor-http-nio-48] DEBUG reactor.netty.resources.PooledConnectionProvider - [id: 0xb736888f, L:/127.0.0.1:51970 - R:localhost/127.0.0.1:8083] onStateChange(GET{uri=/userLocation?userId=16cf3bfa-1854-4c1d-a010-670e9aa91657, connection=PooledConnection{channel=[id: 0xb736888f, L:/127.0.0.1:51970 - R:localhost/127.0.0.1:8083]}}, [disconnecting])
15:53:21.835 [reactor-http-nio-48] DEBUG reactor.netty.resources.PooledConnectionProvider - [id: 0xb736888f, L:/127.0.0.1:51970 - R:localhost/127.0.0.1:8083] Releasing channel
15:53:21.835 [reactor-http-nio-48] DEBUG reactor.netty.resources.PooledConnectionProvider - [id: 0xb736888f, L:/127.0.0.1:51970 - R:localhost/127.0.0.1:8083] Channel cleaned, now 156 active connections and 145 inactive connections
15:53:21.835 [pool-44-thread-41] INFO tourGuide.service.TourGuideService - visitedLocatio tourGuide.gpsUtil.VisitedLocation@4367828c
15:53:21.835 [pool-44-thread-6] INFO tourGuide.service.TourGuideService - visitedLocatio tourGuide.gpsUtil.VisitedLocation@323d4897
15:53:21.835 [pool-44-thread-6] DEBUG org.springframework.web.reactive.function.client.ExchangeFunctions - [3602da08] HTTP GET http://localhost:8083/attractions
15:53:21.836 [pool-44-thread-19] INFO tourGuide.service.TourGuideService - visitedLocatio tourGuide.gpsUtil.VisitedLocation@51e2393
15:53:21.835 [pool-44-thread-41] DEBUG org.springframework.web.reactive.function.client.ExchangeFunctions - [47580e38] HTTP GET http://localhost:8083/attractions
15:53:21.836 [pool-44-thread-19] DEBUG org.springframework.web.reactive.function.client.ExchangeFunctions - [121a7e8] HTTP GET http://localhost:8083/attractions
15:53:21.837 [reactor-http-nio-41] DEBUG reactor.netty.resources.PooledConnectionProvider - [id: 0x67f8f13a, L:/127.0.0.1:51763 - R:localhost/127.0.0.1:8083] Channel acquired, now 157 active connections and 144 inactive connections
15:53:21.837 [reactor-http-nio-41] DEBUG reactor.netty.http.client.HttpClientConnect - [id: 0x67f8f13a, L:/127.0.0.1:51763 - R:localhost/127.0.0.1:8083] Handler is being applied: {uri=http://localhost:8083/attractions, method=GET}
15:53:21.837 [reactor-http-nio-41] DEBUG reactor.netty.resources.PooledConnectionProvider - [id: 0x67f8f13a, L:/127.0.0.1:51763 - R:localhost/127.0.0.1:8083] onStateChange(GET{uri=/attractions, connection=PooledConnection{channel=[id: 0x67f8f13a, L:/127.0.0.1:51763 - R:localhost/127.0.0.1:8083]}}, [request_sent])
15:53:21.838 [reactor-http-nio-48] DEBUG reactor.netty.http.client.HttpClientOperations - [id: 0x9c9e122e, L:/127.0.0.1:51884 - R:localhost/127.0.0.1:8083] Received last HTTP packet
15:53:21.838 [reactor-http-nio-48] DEBUG org.springframework.core.codec.StringDecoder - [3d3ae1a0] Decoded "{"userId":"d569553a-5962-4706-a482-e11457c5503a","location":{"longitude":-1.522305,"latitude":-78.2 (truncated)...
15:53:21.838 [reactor-http-nio-41] DEBUG reactor.netty.http.client.HttpClientOperations - [id: 0x4d5a5786, L:/127.0.0.1:51790 - R:localhost/127.0.0.1:8083] Received response (auto-read:false) : [Content-Type=application/json, Transfer-Encoding=chunked, Date=Wed, 15 Jun 2022 14:53:21 GMT]
15:53:21.838 [reactor-http-nio-41] DEBUG reactor.netty.resources.PooledConnectionProvider - [id: 0x4d5a5786, L:/127.0.0.1:51790 - R:localhost/127.0.0.1:8083] onStateChange(GET{uri=/attractions, connection=PooledConnection{channel=[id: 0x4d5a5786, L:/127.0.0.1:51790 - R:localhost/127.0.0.1:8083]}}, [response_received])
15:53:21.838 [reactor-http-nio-46] DEBUG reactor.netty.resources.PooledConnectionProvider - [id: 0x814e535a, L:/127.0.0.1:51791 - R:localhost/127.0.0.1:8083] Channel acquired, now 158 active connections and 143 inactive connections
15:53:21.838 [reactor-http-nio-41] DEBUG org.springframework.web.reactive.function.client.ExchangeFunctions - [3db72f4] Response 200 OK
15:53:21.838 [reactor-http-nio-48] DEBUG reactor.netty.resources.PooledConnectionProvider - [id: 0x9c9e122e, L:/127.0.0.1:51884 - R:localhost/127.0.0.1:8083] onStateChange(GET{uri=/userLocation?userId=d569553a-5962-4706-a482-e11457c5503a, connection=PooledConnection{channel=[id: 0x9c9e122e, L:/127.0.0.1:51884 - R:localhost/127.0.0.1:8083]}}, [disconnecting])
15:53:21.838 [reactor-http-nio-48] DEBUG reactor.netty.resources.PooledConnectionProvider - [id: 0x9c9e122e, L:/127.0.0.1:51884 - R:localhost/127.0.0.1:8083] Releasing channel
15:53:21.838 [reactor-http-nio-48] DEBUG reactor.netty.resources.PooledConnectionProvider - [id: 0x9c9e122e, L:/127.0.0.1:51884 - R:localhost/127.0.0.1:8083] Channel cleaned, now 157 active connections and 144 inactive connections
15:53:21.838 [reactor-http-nio-47] DEBUG reactor.netty.http.client.HttpClientOperations - [id: 0x0c4c7f0e, L:/127.0.0.1:51853 - R:localhost/127.0.0.1:8083] Received response (auto-read:false) : [Content-Type=application/json, Transfer-Encoding=chunked, Date=Wed, 15 Jun 2022 14:53:20 GMT]
15:53:21.838 [reactor-http-nio-47] DEBUG reactor.netty.resources.PooledConnectionProvider - [id: 0x0c4c7f0e, L:/127.0.0.1:51853 - R:localhost/127.0.0.1:8083] onStateChange(GET{uri=/attractions, connection=PooledConnection{channel=[id: 0x0c4c7f0e, L:/127.0.0.1:51853 - R:localhost/127.0.0.1:8083]}}, [response_received])
15:53:21.838 [reactor-http-nio-41] DEBUG reactor.netty.channel.FluxReceive - [id: 0x4d5a5786, L:/127.0.0.1:51790 - R:localhost/127.0.0.1:8083] Subscribing inbound receiver [pending: 0, cancelled:false, inboundDone: false]
15:53:21.838 [reactor-http-nio-47] DEBUG org.springframework.web.reactive.function.client.ExchangeFunctions - [5a47ee70] Response 200 OK
15:53:21.838 [reactor-http-nio-41] DEBUG reactor.netty.http.client.HttpClientOperations - [id: 0x4d5a5786, L:/127.0.0.1:51790 - R:localhost/127.0.0.1:8083] Received last HTTP packet
15:53:21.838 [reactor-http-nio-46] DEBUG reactor.netty.http.client.HttpClientConnect - [id: 0x814e535a, L:/127.0.0.1:51791 - R:localhost/127.0.0.1:8083] Handler is being applied: {uri=http://localhost:8083/attractions, method=GET}
15:53:21.838 [reactor-http-nio-41] DEBUG org.springframework.core.codec.StringDecoder - [3db72f4] Decoded "[{"longitude":-117.922008,"latitude":33.817595,"attractionName":"Disneyland","city":"Anaheim","stat (truncated)...
15:53:21.838 [reactor-http-nio-41] DEBUG reactor.netty.resources.PooledConnectionProvider - [id: 0x4d5a5786, L:/127.0.0.1:51790 - R:localhost/127.0.0.1:8083] onStateChange(GET{uri=/attractions, connection=PooledConnection{channel=[id: 0x4d5a5786, L:/127.0.0.1:51790 - R:localhost/127.0.0.1:8083]}}, [disconnecting])
15:53:21.838 [reactor-http-nio-41] DEBUG reactor.netty.resources.PooledConnectionProvider - [id: 0x4d5a5786, L:/127.0.0.1:51790 - R:localhost/127.0.0.1:8083] Releasing channel
15:53:21.838 [reactor-http-nio-47] DEBUG reactor.netty.channel.FluxReceive - [id: 0x0c4c7f0e, L:/127.0.0.1:51853 - R:localhost/127.0.0.1:8083] Subscribing inbound receiver [pending: 0, cancelled:false, inboundDone: false]
15:53:21.838 [reactor-http-nio-41] DEBUG reactor.netty.resources.PooledConnectionProvider - [id: 0x4d5a5786, L:/127.0.0.1:51790 - R:localhost/127.0.0.1:8083] Channel cleaned, now 156 active connections and 145 inactive connections
15:53:21.839 [reactor-http-nio-46] DEBUG reactor.netty.resources.PooledConnectionProvider - [id: 0x814e535a, L:/127.0.0.1:51791 - R:localhost/127.0.0.1:8083] onStateChange(GET{uri=/attractions, connection=PooledConnection{channel=[id: 0x814e535a, L:/127.0.0.1:51791 - R:localhost/127.0.0.1:8083]}}, [request_sent])
15:53:21.839 [pool-44-thread-18] INFO tourGuide.service.TourGuideService - visitedLocatio tourGuide.gpsUtil.VisitedLocation@33fd1877
15:53:21.840 [pool-44-thread-18] DEBUG org.springframework.web.reactive.function.client.ExchangeFunctions - [37c28ad0] HTTP GET http://localhost:8083/attractions
15:53:21.841 [reactor-http-nio-46] DEBUG reactor.netty.resources.PooledConnectionProvider - [id: 0x38c41c97, L:/127.0.0.1:51784 - R:localhost/127.0.0.1:8083] Channel acquired, now 157 active connections and 144 inactive connections
15:53:21.841 [reactor-http-nio-46] DEBUG reactor.netty.http.client.HttpClientConnect - [id: 0x38c41c97, L:/127.0.0.1:51784 - R:localhost/127.0.0.1:8083] Handler is being applied: {uri=http://localhost:8083/attractions, method=GET}
15:53:21.841 [reactor-http-nio-46] DEBUG reactor.netty.resources.PooledConnectionProvider - [id: 0x38c41c97, L:/127.0.0.1:51784 - R:localhost/127.0.0.1:8083] onStateChange(GET{uri=/attractions, connection=PooledConnection{channel=[id: 0x38c41c97, L:/127.0.0.1:51784 - R:localhost/127.0.0.1:8083]}}, [request_sent])
15:53:21.842 [reactor-http-nio-47] DEBUG reactor.netty.http.client.HttpClientOperations - [id: 0x0c4c7f0e, L:/127.0.0.1:51853 - R:localhost/127.0.0.1:8083] Received last HTTP packet
15:53:21.842 [reactor-http-nio-47] DEBUG org.springframework.core.codec.StringDecoder - [5a47ee70] Decoded "[{"longitude":-117.922008,"latitude":33.817595,"attractionName":"Disneyland","city":"Anaheim","stat (truncated)...
15:53:21.842 [reactor-http-nio-47] DEBUG reactor.netty.resources.PooledConnectionProvider - [id: 0x0c4c7f0e, L:/127.0.0.1:51853 - R:localhost/127.0.0.1:8083] onStateChange(GET{uri=/attractions, connection=PooledConnection{channel=[id: 0x0c4c7f0e, L:/127.0.0.1:51853 - R:localhost/127.0.0.1:8083]}}, [disconnecting])
15:53:21.842 [reactor-http-nio-47] DEBUG reactor.netty.resources.PooledConnectionProvider - [id: 0x0c4c7f0e, L:/127.0.0.1:51853 - R:localhost/127.0.0.1:8083] Releasing channel
15:53:21.842 [reactor-http-nio-47] DEBUG reactor.netty.resources.PooledConnectionProvider - [id: 0x0c4c7f0e, L:/127.0.0.1:51853 - R:localhost/127.0.0.1:8083] Channel cleaned, now 156 active connections and 145 inactive connections
15:53:21.843 [reactor-http-nio-48] DEBUG reactor.netty.http.client.HttpClientOperations - [id: 0xf96fcdf2, L:/127.0.0.1:51938 - R:localhost/127.0.0.1:8083] Received response (auto-read:false) : [Content-Type=application/json, Transfer-Encoding=chunked, Date=Wed, 15 Jun 2022 14:53:21 GMT]
15:53:21.843 [reactor-http-nio-48] DEBUG reactor.netty.resources.PooledConnectionProvider - [id: 0xf96fcdf2, L:/127.0.0.1:51938 - R:localhost/127.0.0.1:8083] onStateChange(GET{uri=/userLocation?userId=f728ba21-17d5-4314-be51-2983f9e0ec14, connection=PooledConnection{channel=[id: 0xf96fcdf2, L:/127.0.0.1:51938 - R:localhost/127.0.0.1:8083]}}, [response_received])
15:53:21.843 [reactor-http-nio-48] DEBUG org.springframework.web.reactive.function.client.ExchangeFunctions - [7f8f842a] Response 200 OK
15:53:21.843 [pool-44-thread-101] DEBUG org.springframework.web.reactive.function.client.ExchangeFunctions - [6f265a6b] HTTP GET http://localhost:8083/userLocation?userId=a9b9dd65-527f-42ac-9bad-4e102791e221
15:53:21.843 [reactor-http-nio-48] DEBUG reactor.netty.channel.FluxReceive - [id: 0xf96fcdf2, L:/127.0.0.1:51938 - R:localhost/127.0.0.1:8083] Subscribing inbound receiver [pending: 0, cancelled:false, inboundDone: false]
15:53:21.843 [reactor-http-nio-48] DEBUG reactor.netty.http.client.HttpClientOperations - [id: 0xf96fcdf2, L:/127.0.0.1:51938 - R:localhost/127.0.0.1:8083] Received last HTTP packet
15:53:21.843 [reactor-http-nio-48] DEBUG org.springframework.core.codec.StringDecoder - [7f8f842a] Decoded "{"userId":"f728ba21-17d5-4314-be51-2983f9e0ec14","location":{"longitude":42.473362,"latitude":-0.83 (truncated)...
15:53:21.843 [reactor-http-nio-48] DEBUG reactor.netty.resources.PooledConnectionProvider - [id: 0xf96fcdf2, L:/127.0.0.1:51938 - R:localhost/127.0.0.1:8083] onStateChange(GET{uri=/userLocation?userId=f728ba21-17d5-4314-be51-2983f9e0ec14, connection=PooledConnection{channel=[id: 0xf96fcdf2, L:/127.0.0.1:51938 - R:localhost/127.0.0.1:8083]}}, [disconnecting])
15:53:21.843 [reactor-http-nio-48] DEBUG reactor.netty.resources.PooledConnectionProvider - [id: 0xf96fcdf2, L:/127.0.0.1:51938 - R:localhost/127.0.0.1:8083] Releasing channel
15:53:21.843 [reactor-http-nio-41] DEBUG reactor.netty.resources.PooledConnectionProvider - [id: 0x9badb85a, L:/127.0.0.1:51726 - R:localhost/127.0.0.1:8083] Channel acquired, now 157 active connections and 144 inactive connections
15:53:21.843 [reactor-http-nio-48] DEBUG reactor.netty.resources.PooledConnectionProvider - [id: 0xf96fcdf2, L:/127.0.0.1:51938 - R:localhost/127.0.0.1:8083] Channel cleaned, now 156 active connections and 145 inactive connections
15:53:21.843 [reactor-http-nio-41] DEBUG reactor.netty.http.client.HttpClientConnect - [id: 0x9badb85a, L:/127.0.0.1:51726 - R:localhost/127.0.0.1:8083] Handler is being applied: {uri=http://localhost:8083/attractions, method=GET}
15:53:21.844 [reactor-http-nio-41] DEBUG reactor.netty.resources.PooledConnectionProvider - [id: 0x9badb85a, L:/127.0.0.1:51726 - R:localhost/127.0.0.1:8083] onStateChange(GET{uri=/attractions, connection=PooledConnection{channel=[id: 0x9badb85a, L:/127.0.0.1:51726 - R:localhost/127.0.0.1:8083]}}, [request_sent])
15:53:21.845 [pool-44-thread-15] INFO tourGuide.service.TourGuideService - visitedLocatio tourGuide.gpsUtil.VisitedLocation@714875ab
15:53:21.845 [pool-44-thread-15] DEBUG org.springframework.web.reactive.function.client.ExchangeFunctions - [7577ef5a] HTTP GET http://localhost:8083/attractions
15:53:21.846 [reactor-http-nio-46] DEBUG reactor.netty.resources.PooledConnectionProvider - [id: 0xab4988d5, L:/127.0.0.1:51831 - R:localhost/127.0.0.1:8083] Channel acquired, now 157 active connections and 144 inactive connections
15:53:21.847 [reactor-http-nio-46] DEBUG reactor.netty.http.client.HttpClientConnect - [id: 0xab4988d5, L:/127.0.0.1:51831 - R:localhost/127.0.0.1:8083] Handler is being applied: {uri=http://localhost:8083/userLocation?userId=a9b9dd65-527f-42ac-9bad-4e102791e221, method=GET}
15:53:21.847 [reactor-http-nio-46] DEBUG reactor.netty.resources.PooledConnectionProvider - [id: 0xab4988d5, L:/127.0.0.1:51831 - R:localhost/127.0.0.1:8083] onStateChange(GET{uri=/userLocation?userId=a9b9dd65-527f-42ac-9bad-4e102791e221, connection=PooledConnection{channel=[id: 0xab4988d5, L:/127.0.0.1:51831 - R:localhost/127.0.0.1:8083]}}, [request_sent])
15:53:21.848 [reactor-http-nio-48] DEBUG reactor.netty.resources.PooledConnectionProvider - [id: 0x6a55ffeb, L:/127.0.0.1:51975 - R:localhost/127.0.0.1:8083] Channel acquired, now 158 active connections and 143 inactive connections
15:53:21.848 [reactor-http-nio-48] DEBUG reactor.netty.http.client.HttpClientConnect - [id: 0x6a55ffeb, L:/127.0.0.1:51975 - R:localhost/127.0.0.1:8083] Handler is being applied: {uri=http://localhost:8083/attractions, method=GET}
15:53:21.849 [reactor-http-nio-48] DEBUG reactor.netty.resources.PooledConnectionProvider - [id: 0x6a55ffeb, L:/127.0.0.1:51975 - R:localhost/127.0.0.1:8083] onStateChange(GET{uri=/attractions, connection=PooledConnection{channel=[id: 0x6a55ffeb, L:/127.0.0.1:51975 - R:localhost/127.0.0.1:8083]}}, [request_sent])
15:53:21.850 [reactor-http-nio-47] DEBUG reactor.netty.http.client.HttpClientOperations - [id: 0xcb5559ed, L:/127.0.0.1:51856 - R:localhost/127.0.0.1:8083] Received response (auto-read:false) : [Content-Type=application/json, Transfer-Encoding=chunked, Date=Wed, 15 Jun 2022 14:53:21 GMT]
15:53:21.850 [reactor-http-nio-47] DEBUG reactor.netty.resources.PooledConnectionProvider - [id: 0xcb5559ed, L:/127.0.0.1:51856 - R:localhost/127.0.0.1:8083] onStateChange(GET{uri=/userLocation?userId=c152c3f8-7daf-4e30-bec7-ef371e1222c7, connection=PooledConnection{channel=[id: 0xcb5559ed, L:/127.0.0.1:51856 - R:localhost/127.0.0.1:8083]}}, [response_received])
15:53:21.850 [reactor-http-nio-47] DEBUG org.springframework.web.reactive.function.client.ExchangeFunctions - [75e7246c] Response 200 OK
15:53:21.850 [reactor-http-nio-47] DEBUG reactor.netty.channel.FluxReceive - [id: 0xcb5559ed, L:/127.0.0.1:51856 - R:localhost/127.0.0.1:8083] Subscribing inbound receiver [pending: 0, cancelled:false, inboundDone: false]
15:53:21.851 [reactor-http-nio-47] DEBUG reactor.netty.http.client.HttpClientOperations - [id: 0xcb5559ed, L:/127.0.0.1:51856 - R:localhost/127.0.0.1:8083] Received last HTTP packet
15:53:21.851 [reactor-http-nio-47] DEBUG org.springframework.core.codec.StringDecoder - [75e7246c] Decoded "{"userId":"c152c3f8-7daf-4e30-bec7-ef371e1222c7","location":{"longitude":11.200475,"latitude":11.79 (truncated)...
15:53:21.851 [reactor-http-nio-47] DEBUG reactor.netty.resources.PooledConnectionProvider - [id: 0xcb5559ed, L:/127.0.0.1:51856 - R:localhost/127.0.0.1:8083] onStateChange(GET{uri=/userLocation?userId=c152c3f8-7daf-4e30-bec7-ef371e1222c7, connection=PooledConnection{channel=[id: 0xcb5559ed, L:/127.0.0.1:51856 - R:localhost/127.0.0.1:8083]}}, [disconnecting])
15:53:21.851 [reactor-http-nio-47] DEBUG reactor.netty.resources.PooledConnectionProvider - [id: 0xcb5559ed, L:/127.0.0.1:51856 - R:localhost/127.0.0.1:8083] Releasing channel
15:53:21.851 [reactor-http-nio-47] DEBUG reactor.netty.resources.PooledConnectionProvider - [id: 0xcb5559ed, L:/127.0.0.1:51856 - R:localhost/127.0.0.1:8083] Channel cleaned, now 157 active connections and 144 inactive connections
15:53:21.852 [pool-44-thread-20] INFO tourGuide.service.TourGuideService - visitedLocatio tourGuide.gpsUtil.VisitedLocation@7b20c4a0
15:53:21.852 [pool-44-thread-20] DEBUG org.springframework.web.reactive.function.client.ExchangeFunctions - [7f1f4f1c] HTTP GET http://localhost:8083/attractions
15:53:21.855 [reactor-http-nio-46] DEBUG reactor.netty.resources.PooledConnectionProvider - [id: 0x7fca3ae3, L:/127.0.0.1:51782 - R:localhost/127.0.0.1:8083] Channel acquired, now 158 active connections and 143 inactive connections
15:53:21.856 [reactor-http-nio-46] DEBUG reactor.netty.http.client.HttpClientConnect - [id: 0x7fca3ae3, L:/127.0.0.1:51782 - R:localhost/127.0.0.1:8083] Handler is being applied: {uri=http://localhost:8083/attractions, method=GET}
15:53:21.856 [reactor-http-nio-46] DEBUG reactor.netty.resources.PooledConnectionProvider - [id: 0x7fca3ae3, L:/127.0.0.1:51782 - R:localhost/127.0.0.1:8083] onStateChange(GET{uri=/attractions, connection=PooledConnection{channel=[id: 0x7fca3ae3, L:/127.0.0.1:51782 - R:localhost/127.0.0.1:8083]}}, [request_sent])
15:53:21.879 [reactor-http-nio-46] DEBUG reactor.netty.http.client.HttpClientOperations - [id: 0xd943badc, L:/127.0.0.1:51811 - R:localhost/127.0.0.1:8083] Received response (auto-read:false) : [Content-Type=application/json, Transfer-Encoding=chunked, Date=Wed, 15 Jun 2022 14:53:21 GMT]
15:53:21.879 [reactor-http-nio-46] DEBUG reactor.netty.resources.PooledConnectionProvider - [id: 0xd943badc, L:/127.0.0.1:51811 - R:localhost/127.0.0.1:8083] onStateChange(GET{uri=/userLocation?userId=c0597cf2-a25d-437d-a71e-faeb157e1872, connection=PooledConnection{channel=[id: 0xd943badc, L:/127.0.0.1:51811 - R:localhost/127.0.0.1:8083]}}, [response_received])
15:53:21.879 [reactor-http-nio-46] DEBUG org.springframework.web.reactive.function.client.ExchangeFunctions - [4b83721d] Response 200 OK
15:53:21.879 [reactor-http-nio-46] DEBUG reactor.netty.channel.FluxReceive - [id: 0xd943badc, L:/127.0.0.1:51811 - R:localhost/127.0.0.1:8083] Subscribing inbound receiver [pending: 0, cancelled:false, inboundDone: false]
15:53:21.880 [reactor-http-nio-46] DEBUG reactor.netty.http.client.HttpClientOperations - [id: 0xd943badc, L:/127.0.0.1:51811 - R:localhost/127.0.0.1:8083] Received last HTTP packet
15:53:21.880 [reactor-http-nio-46] DEBUG org.springframework.core.codec.StringDecoder - [4b83721d] Decoded "{"userId":"c0597cf2-a25d-437d-a71e-faeb157e1872","location":{"longitude":9.956879,"latitude":19.271 (truncated)...
15:53:21.880 [reactor-http-nio-46] DEBUG reactor.netty.resources.PooledConnectionProvider - [id: 0xd943badc, L:/127.0.0.1:51811 - R:localhost/127.0.0.1:8083] onStateChange(GET{uri=/userLocation?userId=c0597cf2-a25d-437d-a71e-faeb157e1872, connection=PooledConnection{channel=[id: 0xd943badc, L:/127.0.0.1:51811 - R:localhost/127.0.0.1:8083]}}, [disconnecting])
15:53:21.880 [reactor-http-nio-46] DEBUG reactor.netty.resources.PooledConnectionProvider - [id: 0xd943badc, L:/127.0.0.1:51811 - R:localhost/127.0.0.1:8083] Releasing channel
15:53:21.880 [reactor-http-nio-46] DEBUG reactor.netty.resources.PooledConnectionProvider - [id: 0xd943badc, L:/127.0.0.1:51811 - R:localhost/127.0.0.1:8083] Channel cleaned, now 157 active connections and 144 inactive connections
15:53:21.881 [pool-44-thread-5] INFO tourGuide.service.TourGuideService - visitedLocatio tourGuide.gpsUtil.VisitedLocation@4544851d
15:53:21.881 [reactor-http-nio-41] DEBUG reactor.netty.http.client.HttpClientOperations - [id: 0xa255a56d, L:/127.0.0.1:51733 - R:localhost/127.0.0.1:8083] Received response (auto-read:false) : [Content-Type=application/json, Transfer-Encoding=chunked, Date=Wed, 15 Jun 2022 14:53:21 GMT]
15:53:21.881 [reactor-http-nio-41] DEBUG reactor.netty.resources.PooledConnectionProvider - [id: 0xa255a56d, L:/127.0.0.1:51733 - R:localhost/127.0.0.1:8083] onStateChange(GET{uri=/userLocation?userId=ff05f99b-a80f-43ed-bf2e-424e6b5668e5, connection=PooledConnection{channel=[id: 0xa255a56d, L:/127.0.0.1:51733 - R:localhost/127.0.0.1:8083]}}, [response_received])
15:53:21.881 [reactor-http-nio-41] DEBUG org.springframework.web.reactive.function.client.ExchangeFunctions - [4a2cb463] Response 200 OK
15:53:21.882 [reactor-http-nio-41] DEBUG reactor.netty.channel.FluxReceive - [id: 0xa255a56d, L:/127.0.0.1:51733 - R:localhost/127.0.0.1:8083] Subscribing inbound receiver [pending: 0, cancelled:false, inboundDone: false]
15:53:21.882 [pool-44-thread-5] DEBUG org.springframework.web.reactive.function.client.ExchangeFunctions - [417b196d] HTTP GET http://localhost:8083/attractions
15:53:21.882 [reactor-http-nio-41] DEBUG reactor.netty.http.client.HttpClientOperations - [id: 0xa255a56d, L:/127.0.0.1:51733 - R:localhost/127.0.0.1:8083] Received last HTTP packet
15:53:21.882 [reactor-http-nio-41] DEBUG org.springframework.core.codec.StringDecoder - [4a2cb463] Decoded "{"userId":"ff05f99b-a80f-43ed-bf2e-424e6b5668e5","location":{"longitude":-131.686983,"latitude":-27 (truncated)...
15:53:21.882 [reactor-http-nio-41] DEBUG reactor.netty.resources.PooledConnectionProvider - [id: 0xa255a56d, L:/127.0.0.1:51733 - R:localhost/127.0.0.1:8083] onStateChange(GET{uri=/userLocation?userId=ff05f99b-a80f-43ed-bf2e-424e6b5668e5, connection=PooledConnection{channel=[id: 0xa255a56d, L:/127.0.0.1:51733 - R:localhost/127.0.0.1:8083]}}, [disconnecting])
15:53:21.882 [reactor-http-nio-41] DEBUG reactor.netty.resources.PooledConnectionProvider - [id: 0xa255a56d, L:/127.0.0.1:51733 - R:localhost/127.0.0.1:8083] Releasing channel
15:53:21.882 [reactor-http-nio-41] DEBUG reactor.netty.resources.PooledConnectionProvider - [id: 0xa255a56d, L:/127.0.0.1:51733 - R:localhost/127.0.0.1:8083] Channel cleaned, now 156 active connections and 145 inactive connections
15:53:21.883 [pool-44-thread-4] INFO tourGuide.service.TourGuideService - visitedLocatio tourGuide.gpsUtil.VisitedLocation@44eb4356
15:53:21.883 [pool-44-thread-4] DEBUG org.springframework.web.reactive.function.client.ExchangeFunctions - [40d4df13] HTTP GET http://localhost:8083/attractions
15:53:21.885 [reactor-http-nio-46] DEBUG reactor.netty.http.client.HttpClientOperations - [id: 0xad77f6cd, L:/127.0.0.1:51761 - R:localhost/127.0.0.1:8083] Received response (auto-read:false) : [Content-Type=application/json, Transfer-Encoding=chunked, Date=Wed, 15 Jun 2022 14:53:21 GMT]
15:53:21.885 [reactor-http-nio-46] DEBUG reactor.netty.resources.PooledConnectionProvider - [id: 0xad77f6cd, L:/127.0.0.1:51761 - R:localhost/127.0.0.1:8083] onStateChange(GET{uri=/userLocation?userId=4c1053ae-1612-419f-80db-5d3d42bd5c7c, connection=PooledConnection{channel=[id: 0xad77f6cd, L:/127.0.0.1:51761 - R:localhost/127.0.0.1:8083]}}, [response_received])
15:53:21.885 [reactor-http-nio-46] DEBUG org.springframework.web.reactive.function.client.ExchangeFunctions - [782aaf20] Response 200 OK
15:53:21.885 [reactor-http-nio-41] DEBUG reactor.netty.resources.PooledConnectionProvider - [id: 0x4b9fbeb1, L:/127.0.0.1:51745 - R:localhost/127.0.0.1:8083] Channel acquired, now 157 active connections and 144 inactive connections
15:53:21.885 [reactor-http-nio-41] DEBUG reactor.netty.http.client.HttpClientConnect - [id: 0x4b9fbeb1, L:/127.0.0.1:51745 - R:localhost/127.0.0.1:8083] Handler is being applied: {uri=http://localhost:8083/attractions, method=GET}
15:53:21.885 [reactor-http-nio-46] DEBUG reactor.netty.channel.FluxReceive - [id: 0xad77f6cd, L:/127.0.0.1:51761 - R:localhost/127.0.0.1:8083] Subscribing inbound receiver [pending: 0, cancelled:false, inboundDone: false]
15:53:21.885 [reactor-http-nio-46] DEBUG reactor.netty.http.client.HttpClientOperations - [id: 0xad77f6cd, L:/127.0.0.1:51761 - R:localhost/127.0.0.1:8083] Received last HTTP packet
15:53:21.885 [reactor-http-nio-46] DEBUG org.springframework.core.codec.StringDecoder - [782aaf20] Decoded "{"userId":"4c1053ae-1612-419f-80db-5d3d42bd5c7c","location":{"longitude":-130.241192,"latitude":-15 (truncated)...
15:53:21.885 [reactor-http-nio-46] DEBUG reactor.netty.resources.PooledConnectionProvider - [id: 0xad77f6cd, L:/127.0.0.1:51761 - R:localhost/127.0.0.1:8083] onStateChange(GET{uri=/userLocation?userId=4c1053ae-1612-419f-80db-5d3d42bd5c7c, connection=PooledConnection{channel=[id: 0xad77f6cd, L:/127.0.0.1:51761 - R:localhost/127.0.0.1:8083]}}, [disconnecting])
15:53:21.885 [reactor-http-nio-46] DEBUG reactor.netty.resources.PooledConnectionProvider - [id: 0xad77f6cd, L:/127.0.0.1:51761 - R:localhost/127.0.0.1:8083] Releasing channel
15:53:21.885 [reactor-http-nio-46] DEBUG reactor.netty.resources.PooledConnectionProvider - [id: 0xad77f6cd, L:/127.0.0.1:51761 - R:localhost/127.0.0.1:8083] Channel cleaned, now 156 active connections and 145 inactive connections
15:53:21.885 [reactor-http-nio-41] DEBUG reactor.netty.resources.PooledConnectionProvider - [id: 0x4b9fbeb1, L:/127.0.0.1:51745 - R:localhost/127.0.0.1:8083] onStateChange(GET{uri=/attractions, connection=PooledConnection{channel=[id: 0x4b9fbeb1, L:/127.0.0.1:51745 - R:localhost/127.0.0.1:8083]}}, [request_sent])
15:53:21.885 [reactor-http-nio-41] DEBUG reactor.netty.resources.PooledConnectionProvider - [id: 0x26eb73e5, L:/127.0.0.1:51781 - R:localhost/127.0.0.1:8083] Channel acquired, now 157 active connections and 144 inactive connections
15:53:21.885 [reactor-http-nio-41] DEBUG reactor.netty.http.client.HttpClientConnect - [id: 0x26eb73e5, L:/127.0.0.1:51781 - R:localhost/127.0.0.1:8083] Handler is being applied: {uri=http://localhost:8083/attractions, method=GET}
15:53:21.886 [reactor-http-nio-46] DEBUG reactor.netty.http.client.HttpClientOperations - [id: 0x7604c246, L:/127.0.0.1:51937 - R:localhost/127.0.0.1:8083] Received response (auto-read:false) : [Content-Type=application/json, Transfer-Encoding=chunked, Date=Wed, 15 Jun 2022 14:53:21 GMT]
15:53:21.886 [reactor-http-nio-46] DEBUG reactor.netty.resources.PooledConnectionProvider - [id: 0x7604c246, L:/127.0.0.1:51937 - R:localhost/127.0.0.1:8083] onStateChange(GET{uri=/userLocation?userId=e3151525-4c9d-4ecd-b52d-13b9f2bfa342, connection=PooledConnection{channel=[id: 0x7604c246, L:/127.0.0.1:51937 - R:localhost/127.0.0.1:8083]}}, [response_received])
15:53:21.886 [reactor-http-nio-46] DEBUG org.springframework.web.reactive.function.client.ExchangeFunctions - [476723ba] Response 200 OK
15:53:21.886 [reactor-http-nio-46] DEBUG reactor.netty.channel.FluxReceive - [id: 0x7604c246, L:/127.0.0.1:51937 - R:localhost/127.0.0.1:8083] Subscribing inbound receiver [pending: 0, cancelled:false, inboundDone: false]
15:53:21.886 [reactor-http-nio-46] DEBUG reactor.netty.http.client.HttpClientOperations - [id: 0x7604c246, L:/127.0.0.1:51937 - R:localhost/127.0.0.1:8083] Received last HTTP packet
15:53:21.886 [reactor-http-nio-41] DEBUG reactor.netty.resources.PooledConnectionProvider - [id: 0x26eb73e5, L:/127.0.0.1:51781 - R:localhost/127.0.0.1:8083] onStateChange(GET{uri=/attractions, connection=PooledConnection{channel=[id: 0x26eb73e5, L:/127.0.0.1:51781 - R:localhost/127.0.0.1:8083]}}, [request_sent])
15:53:21.886 [reactor-http-nio-47] DEBUG reactor.netty.http.client.HttpClientOperations - [id: 0xe4eaf4b8, L:/127.0.0.1:51868 - R:localhost/127.0.0.1:8083] Received response (auto-read:false) : [Content-Type=application/json, Transfer-Encoding=chunked, Date=Wed, 15 Jun 2022 14:53:21 GMT]
15:53:21.886 [reactor-http-nio-46] DEBUG org.springframework.core.codec.StringDecoder - [476723ba] Decoded "{"userId":"e3151525-4c9d-4ecd-b52d-13b9f2bfa342","location":{"longitude":-119.181812,"latitude":-66 (truncated)...
15:53:21.886 [reactor-http-nio-47] DEBUG reactor.netty.resources.PooledConnectionProvider - [id: 0xe4eaf4b8, L:/127.0.0.1:51868 - R:localhost/127.0.0.1:8083] onStateChange(GET{uri=/userLocation?userId=5648ccdf-345d-40af-b71f-deca1dc9d8e6, connection=PooledConnection{channel=[id: 0xe4eaf4b8, L:/127.0.0.1:51868 - R:localhost/127.0.0.1:8083]}}, [response_received])
15:53:21.886 [reactor-http-nio-46] DEBUG reactor.netty.resources.PooledConnectionProvider - [id: 0x7604c246, L:/127.0.0.1:51937 - R:localhost/127.0.0.1:8083] onStateChange(GET{uri=/userLocation?userId=e3151525-4c9d-4ecd-b52d-13b9f2bfa342, connection=PooledConnection{channel=[id: 0x7604c246, L:/127.0.0.1:51937 - R:localhost/127.0.0.1:8083]}}, [disconnecting])
15:53:21.886 [reactor-http-nio-46] DEBUG reactor.netty.resources.PooledConnectionProvider - [id: 0x7604c246, L:/127.0.0.1:51937 - R:localhost/127.0.0.1:8083] Releasing channel
15:53:21.886 [reactor-http-nio-47] DEBUG org.springframework.web.reactive.function.client.ExchangeFunctions - [49d68bac] Response 200 OK
15:53:21.886 [reactor-http-nio-46] DEBUG reactor.netty.resources.PooledConnectionProvider - [id: 0x7604c246, L:/127.0.0.1:51937 - R:localhost/127.0.0.1:8083] Channel cleaned, now 156 active connections and 145 inactive connections
15:53:21.886 [reactor-http-nio-47] DEBUG reactor.netty.channel.FluxReceive - [id: 0xe4eaf4b8, L:/127.0.0.1:51868 - R:localhost/127.0.0.1:8083] Subscribing inbound receiver [pending: 0, cancelled:false, inboundDone: false]
15:53:21.887 [pool-44-thread-22] INFO tourGuide.service.TourGuideService - visitedLocatio tourGuide.gpsUtil.VisitedLocation@49a0d526
15:53:21.887 [pool-44-thread-9] INFO tourGuide.service.TourGuideService - visitedLocatio tourGuide.gpsUtil.VisitedLocation@76ed5e55
15:53:21.887 [pool-44-thread-22] DEBUG org.springframework.web.reactive.function.client.ExchangeFunctions - [4d9f48ca] HTTP GET http://localhost:8083/attractions
15:53:21.887 [pool-44-thread-9] DEBUG org.springframework.web.reactive.function.client.ExchangeFunctions - [72d2c450] HTTP GET http://localhost:8083/attractions
15:53:21.888 [reactor-http-nio-47] DEBUG reactor.netty.http.client.HttpClientOperations - [id: 0xe4eaf4b8, L:/127.0.0.1:51868 - R:localhost/127.0.0.1:8083] Received last HTTP packet
15:53:21.888 [reactor-http-nio-47] DEBUG org.springframework.core.codec.StringDecoder - [49d68bac] Decoded "{"userId":"5648ccdf-345d-40af-b71f-deca1dc9d8e6","location":{"longitude":170.354625,"latitude":-57. (truncated)...
15:53:21.889 [reactor-http-nio-47] DEBUG reactor.netty.resources.PooledConnectionProvider - [id: 0xe4eaf4b8, L:/127.0.0.1:51868 - R:localhost/127.0.0.1:8083] onStateChange(GET{uri=/userLocation?userId=5648ccdf-345d-40af-b71f-deca1dc9d8e6, connection=PooledConnection{channel=[id: 0xe4eaf4b8, L:/127.0.0.1:51868 - R:localhost/127.0.0.1:8083]}}, [disconnecting])
15:53:21.889 [reactor-http-nio-47] DEBUG reactor.netty.resources.PooledConnectionProvider - [id: 0xe4eaf4b8, L:/127.0.0.1:51868 - R:localhost/127.0.0.1:8083] Releasing channel
15:53:21.889 [reactor-http-nio-47] DEBUG reactor.netty.resources.PooledConnectionProvider - [id: 0xe4eaf4b8, L:/127.0.0.1:51868 - R:localhost/127.0.0.1:8083] Channel cleaned, now 155 active connections and 146 inactive connections
15:53:21.890 [reactor-http-nio-41] DEBUG reactor.netty.http.client.HttpClientOperations - [id: 0x5c46e8f5, L:/127.0.0.1:51758 - R:localhost/127.0.0.1:8083] Received response (auto-read:false) : [Content-Type=application/json, Transfer-Encoding=chunked, Date=Wed, 15 Jun 2022 14:53:21 GMT]
15:53:21.890 [reactor-http-nio-41] DEBUG reactor.netty.resources.PooledConnectionProvider - [id: 0x5c46e8f5, L:/127.0.0.1:51758 - R:localhost/127.0.0.1:8083] onStateChange(GET{uri=/userLocation?userId=045359d3-f149-47ac-ae35-46bae574ddcf, connection=PooledConnection{channel=[id: 0x5c46e8f5, L:/127.0.0.1:51758 - R:localhost/127.0.0.1:8083]}}, [response_received])
15:53:21.890 [reactor-http-nio-41] DEBUG org.springframework.web.reactive.function.client.ExchangeFunctions - [4ad61eee] Response 200 OK
15:53:21.890 [reactor-http-nio-41] DEBUG reactor.netty.channel.FluxReceive - [id: 0x5c46e8f5, L:/127.0.0.1:51758 - R:localhost/127.0.0.1:8083] Subscribing inbound receiver [pending: 0, cancelled:false, inboundDone: false]
15:53:21.890 [reactor-http-nio-41] DEBUG reactor.netty.http.client.HttpClientOperations - [id: 0x5c46e8f5, L:/127.0.0.1:51758 - R:localhost/127.0.0.1:8083] Received last HTTP packet
15:53:21.890 [reactor-http-nio-41] DEBUG org.springframework.core.codec.StringDecoder - [4ad61eee] Decoded "{"userId":"045359d3-f149-47ac-ae35-46bae574ddcf","location":{"longitude":83.914101,"latitude":68.06 (truncated)...
15:53:21.890 [reactor-http-nio-41] DEBUG reactor.netty.resources.PooledConnectionProvider - [id: 0x5c46e8f5, L:/127.0.0.1:51758 - R:localhost/127.0.0.1:8083] onStateChange(GET{uri=/userLocation?userId=045359d3-f149-47ac-ae35-46bae574ddcf, connection=PooledConnection{channel=[id: 0x5c46e8f5, L:/127.0.0.1:51758 - R:localhost/127.0.0.1:8083]}}, [disconnecting])
15:53:21.890 [reactor-http-nio-41] DEBUG reactor.netty.resources.PooledConnectionProvider - [id: 0x5c46e8f5, L:/127.0.0.1:51758 - R:localhost/127.0.0.1:8083] Releasing channel
15:53:21.890 [reactor-http-nio-41] DEBUG reactor.netty.resources.PooledConnectionProvider - [id: 0x5c46e8f5, L:/127.0.0.1:51758 - R:localhost/127.0.0.1:8083] Channel cleaned, now 154 active connections and 147 inactive connections
15:53:21.892 [reactor-http-nio-46] DEBUG reactor.netty.resources.PooledConnectionProvider - [id: 0xd78cec0d, L:/127.0.0.1:51735 - R:localhost/127.0.0.1:8083] Channel acquired, now 155 active connections and 146 inactive connections
15:53:21.892 [reactor-http-nio-46] DEBUG reactor.netty.http.client.HttpClientConnect - [id: 0xd78cec0d, L:/127.0.0.1:51735 - R:localhost/127.0.0.1:8083] Handler is being applied: {uri=http://localhost:8083/attractions, method=GET}
15:53:21.892 [reactor-http-nio-46] DEBUG reactor.netty.resources.PooledConnectionProvider - [id: 0xd78cec0d, L:/127.0.0.1:51735 - R:localhost/127.0.0.1:8083] onStateChange(GET{uri=/attractions, connection=PooledConnection{channel=[id: 0xd78cec0d, L:/127.0.0.1:51735 - R:localhost/127.0.0.1:8083]}}, [request_sent])
15:53:21.892 [reactor-http-nio-41] DEBUG reactor.netty.resources.PooledConnectionProvider - [id: 0x93777bf1, L:/127.0.0.1:51766 - R:localhost/127.0.0.1:8083] Channel acquired, now 156 active connections and 145 inactive connections
15:53:21.892 [reactor-http-nio-41] DEBUG reactor.netty.http.client.HttpClientConnect - [id: 0x93777bf1, L:/127.0.0.1:51766 - R:localhost/127.0.0.1:8083] Handler is being applied: {uri=http://localhost:8083/attractions, method=GET}
15:53:21.892 [reactor-http-nio-41] DEBUG reactor.netty.resources.PooledConnectionProvider - [id: 0x93777bf1, L:/127.0.0.1:51766 - R:localhost/127.0.0.1:8083] onStateChange(GET{uri=/attractions, connection=PooledConnection{channel=[id: 0x93777bf1, L:/127.0.0.1:51766 - R:localhost/127.0.0.1:8083]}}, [request_sent])
15:53:21.893 [pool-44-thread-36] INFO tourGuide.service.TourGuideService - visitedLocatio tourGuide.gpsUtil.VisitedLocation@47117ce6
15:53:21.893 [pool-44-thread-10] INFO tourGuide.service.TourGuideService - visitedLocatio tourGuide.gpsUtil.VisitedLocation@4411f9c4
15:53:21.893 [pool-44-thread-10] DEBUG org.springframework.web.reactive.function.client.ExchangeFunctions - [402e759e] HTTP GET http://localhost:8083/attractions
15:53:21.894 [pool-44-thread-36] DEBUG org.springframework.web.reactive.function.client.ExchangeFunctions - [432ee0dc] HTTP GET http://localhost:8083/attractions
15:53:21.895 [reactor-http-nio-41] DEBUG reactor.netty.resources.PooledConnectionProvider - [id: 0x8ef5774d, L:/127.0.0.1:51762 - R:localhost/127.0.0.1:8083] Channel acquired, now 157 active connections and 144 inactive connections
15:53:21.895 [reactor-http-nio-41] DEBUG reactor.netty.http.client.HttpClientConnect - [id: 0x8ef5774d, L:/127.0.0.1:51762 - R:localhost/127.0.0.1:8083] Handler is being applied: {uri=http://localhost:8083/attractions, method=GET}
15:53:21.895 [reactor-http-nio-41] DEBUG reactor.netty.resources.PooledConnectionProvider - [id: 0x8ef5774d, L:/127.0.0.1:51762 - R:localhost/127.0.0.1:8083] onStateChange(GET{uri=/attractions, connection=PooledConnection{channel=[id: 0x8ef5774d, L:/127.0.0.1:51762 - R:localhost/127.0.0.1:8083]}}, [request_sent])
15:53:21.897 [reactor-http-nio-47] DEBUG reactor.netty.resources.PooledConnectionProvider - [id: 0xc3efdf02, L:/127.0.0.1:51700 - R:localhost/127.0.0.1:8083] Channel acquired, now 158 active connections and 143 inactive connections
15:53:21.897 [reactor-http-nio-47] DEBUG reactor.netty.http.client.HttpClientConnect - [id: 0xc3efdf02, L:/127.0.0.1:51700 - R:localhost/127.0.0.1:8083] Handler is being applied: {uri=http://localhost:8083/attractions, method=GET}
15:53:21.897 [reactor-http-nio-41] DEBUG reactor.netty.http.client.HttpClientOperations - [id: 0xed0ba0e1, L:/127.0.0.1:51752 - R:localhost/127.0.0.1:8083] Received response (auto-read:false) : [Content-Type=application/json, Transfer-Encoding=chunked, Date=Wed, 15 Jun 2022 14:53:21 GMT]
15:53:21.898 [reactor-http-nio-41] DEBUG reactor.netty.resources.PooledConnectionProvider - [id: 0xed0ba0e1, L:/127.0.0.1:51752 - R:localhost/127.0.0.1:8083] onStateChange(GET{uri=/userLocation?userId=806aed7c-e9c5-4862-a286-58e820b4954a, connection=PooledConnection{channel=[id: 0xed0ba0e1, L:/127.0.0.1:51752 - R:localhost/127.0.0.1:8083]}}, [response_received])
15:53:21.898 [reactor-http-nio-41] DEBUG org.springframework.web.reactive.function.client.ExchangeFunctions - [74d96a7] Response 200 OK
15:53:21.898 [reactor-http-nio-47] DEBUG reactor.netty.resources.PooledConnectionProvider - [id: 0xc3efdf02, L:/127.0.0.1:51700 - R:localhost/127.0.0.1:8083] onStateChange(GET{uri=/attractions, connection=PooledConnection{channel=[id: 0xc3efdf02, L:/127.0.0.1:51700 - R:localhost/127.0.0.1:8083]}}, [request_sent])
15:53:21.898 [reactor-http-nio-41] DEBUG reactor.netty.channel.FluxReceive - [id: 0xed0ba0e1, L:/127.0.0.1:51752 - R:localhost/127.0.0.1:8083] Subscribing inbound receiver [pending: 0, cancelled:false, inboundDone: false]
15:53:21.898 [reactor-http-nio-41] DEBUG reactor.netty.http.client.HttpClientOperations - [id: 0xed0ba0e1, L:/127.0.0.1:51752 - R:localhost/127.0.0.1:8083] Received last HTTP packet
15:53:21.898 [reactor-http-nio-47] DEBUG reactor.netty.http.client.HttpClientOperations - [id: 0x71dba838, L:/127.0.0.1:51683 - R:localhost/127.0.0.1:8083] Received response (auto-read:false) : [Content-Type=application/json, Transfer-Encoding=chunked, Date=Wed, 15 Jun 2022 14:53:21 GMT]
15:53:21.898 [reactor-http-nio-47] DEBUG reactor.netty.resources.PooledConnectionProvider - [id: 0x71dba838, L:/127.0.0.1:51683 - R:localhost/127.0.0.1:8083] onStateChange(GET{uri=/attractions, connection=PooledConnection{channel=[id: 0x71dba838, L:/127.0.0.1:51683 - R:localhost/127.0.0.1:8083]}}, [response_received])
15:53:21.898 [reactor-http-nio-41] DEBUG org.springframework.core.codec.StringDecoder - [74d96a7] Decoded "{"userId":"806aed7c-e9c5-4862-a286-58e820b4954a","location":{"longitude":151.18999,"latitude":-19.9 (truncated)...
15:53:21.898 [reactor-http-nio-47] DEBUG org.springframework.web.reactive.function.client.ExchangeFunctions - [b8e5b47] Response 200 OK
15:53:21.898 [reactor-http-nio-41] DEBUG reactor.netty.resources.PooledConnectionProvider - [id: 0xed0ba0e1, L:/127.0.0.1:51752 - R:localhost/127.0.0.1:8083] onStateChange(GET{uri=/userLocation?userId=806aed7c-e9c5-4862-a286-58e820b4954a, connection=PooledConnection{channel=[id: 0xed0ba0e1, L:/127.0.0.1:51752 - R:localhost/127.0.0.1:8083]}}, [disconnecting])
15:53:21.898 [reactor-http-nio-41] DEBUG reactor.netty.resources.PooledConnectionProvider - [id: 0xed0ba0e1, L:/127.0.0.1:51752 - R:localhost/127.0.0.1:8083] Releasing channel
15:53:21.898 [reactor-http-nio-41] DEBUG reactor.netty.resources.PooledConnectionProvider - [id: 0xed0ba0e1, L:/127.0.0.1:51752 - R:localhost/127.0.0.1:8083] Channel cleaned, now 157 active connections and 144 inactive connections
15:53:21.898 [reactor-http-nio-47] DEBUG reactor.netty.channel.FluxReceive - [id: 0x71dba838, L:/127.0.0.1:51683 - R:localhost/127.0.0.1:8083] Subscribing inbound receiver [pending: 0, cancelled:false, inboundDone: false]
15:53:21.898 [reactor-http-nio-47] DEBUG reactor.netty.http.client.HttpClientOperations - [id: 0x71dba838, L:/127.0.0.1:51683 - R:localhost/127.0.0.1:8083] Received last HTTP packet
15:53:21.898 [reactor-http-nio-47] DEBUG org.springframework.core.codec.StringDecoder - [b8e5b47] Decoded "[{"longitude":-117.922008,"latitude":33.817595,"attractionName":"Disneyland","city":"Anaheim","stat (truncated)...
15:53:21.898 [reactor-http-nio-47] DEBUG reactor.netty.resources.PooledConnectionProvider - [id: 0x71dba838, L:/127.0.0.1:51683 - R:localhost/127.0.0.1:8083] onStateChange(GET{uri=/attractions, connection=PooledConnection{channel=[id: 0x71dba838, L:/127.0.0.1:51683 - R:localhost/127.0.0.1:8083]}}, [disconnecting])
15:53:21.898 [reactor-http-nio-47] DEBUG reactor.netty.resources.PooledConnectionProvider - [id: 0x71dba838, L:/127.0.0.1:51683 - R:localhost/127.0.0.1:8083] Releasing channel
15:53:21.898 [reactor-http-nio-47] DEBUG reactor.netty.resources.PooledConnectionProvider - [id: 0x71dba838, L:/127.0.0.1:51683 - R:localhost/127.0.0.1:8083] Channel cleaned, now 156 active connections and 145 inactive connections
15:53:21.898 [reactor-http-nio-47] DEBUG reactor.netty.http.client.HttpClientOperations - [id: 0x0c88f8fd, L:/127.0.0.1:51848 - R:localhost/127.0.0.1:8083] Received response (auto-read:false) : [Content-Type=application/json, Transfer-Encoding=chunked, Date=Wed, 15 Jun 2022 14:53:21 GMT]
15:53:21.899 [reactor-http-nio-47] DEBUG reactor.netty.resources.PooledConnectionProvider - [id: 0x0c88f8fd, L:/127.0.0.1:51848 - R:localhost/127.0.0.1:8083] onStateChange(GET{uri=/userLocation?userId=096f7ca3-c1c2-4f88-bde3-f2988de00b76, connection=PooledConnection{channel=[id: 0x0c88f8fd, L:/127.0.0.1:51848 - R:localhost/127.0.0.1:8083]}}, [response_received])
15:53:21.899 [reactor-http-nio-47] DEBUG org.springframework.web.reactive.function.client.ExchangeFunctions - [13605ab0] Response 200 OK
15:53:21.899 [reactor-http-nio-47] DEBUG reactor.netty.channel.FluxReceive - [id: 0x0c88f8fd, L:/127.0.0.1:51848 - R:localhost/127.0.0.1:8083] Subscribing inbound receiver [pending: 0, cancelled:false, inboundDone: false]
15:53:21.899 [reactor-http-nio-47] DEBUG reactor.netty.http.client.HttpClientOperations - [id: 0x0c88f8fd, L:/127.0.0.1:51848 - R:localhost/127.0.0.1:8083] Received last HTTP packet
15:53:21.899 [reactor-http-nio-47] DEBUG org.springframework.core.codec.StringDecoder - [13605ab0] Decoded "{"userId":"096f7ca3-c1c2-4f88-bde3-f2988de00b76","location":{"longitude":42.667956,"latitude":-59.9 (truncated)...
15:53:21.899 [reactor-http-nio-47] DEBUG reactor.netty.resources.PooledConnectionProvider - [id: 0x0c88f8fd, L:/127.0.0.1:51848 - R:localhost/127.0.0.1:8083] onStateChange(GET{uri=/userLocation?userId=096f7ca3-c1c2-4f88-bde3-f2988de00b76, connection=PooledConnection{channel=[id: 0x0c88f8fd, L:/127.0.0.1:51848 - R:localhost/127.0.0.1:8083]}}, [disconnecting])
15:53:21.899 [reactor-http-nio-47] DEBUG reactor.netty.resources.PooledConnectionProvider - [id: 0x0c88f8fd, L:/127.0.0.1:51848 - R:localhost/127.0.0.1:8083] Releasing channel
15:53:21.899 [reactor-http-nio-47] DEBUG reactor.netty.resources.PooledConnectionProvider - [id: 0x0c88f8fd, L:/127.0.0.1:51848 - R:localhost/127.0.0.1:8083] Channel cleaned, now 155 active connections and 146 inactive connections
15:53:21.899 [pool-44-thread-8] INFO tourGuide.service.TourGuideService - visitedLocatio tourGuide.gpsUtil.VisitedLocation@98a783e
15:53:21.899 [reactor-http-nio-47] DEBUG reactor.netty.http.client.HttpClientOperations - [id: 0x2fcf1b2b, L:/127.0.0.1:51855 - R:localhost/127.0.0.1:8083] Received response (auto-read:false) : [Content-Type=application/json, Transfer-Encoding=chunked, Date=Wed, 15 Jun 2022 14:53:21 GMT]
15:53:21.899 [reactor-http-nio-47] DEBUG reactor.netty.resources.PooledConnectionProvider - [id: 0x2fcf1b2b, L:/127.0.0.1:51855 - R:localhost/127.0.0.1:8083] onStateChange(GET{uri=/attractions, connection=PooledConnection{channel=[id: 0x2fcf1b2b, L:/127.0.0.1:51855 - R:localhost/127.0.0.1:8083]}}, [response_received])
15:53:21.899 [reactor-http-nio-47] DEBUG org.springframework.web.reactive.function.client.ExchangeFunctions - [60c6a9f3] Response 200 OK
15:53:21.899 [reactor-http-nio-47] DEBUG reactor.netty.channel.FluxReceive - [id: 0x2fcf1b2b, L:/127.0.0.1:51855 - R:localhost/127.0.0.1:8083] Subscribing inbound receiver [pending: 0, cancelled:false, inboundDone: false]
15:53:21.899 [pool-44-thread-8] DEBUG org.springframework.web.reactive.function.client.ExchangeFunctions - [db5fdd7] HTTP GET http://localhost:8083/attractions
15:53:21.899 [reactor-http-nio-47] DEBUG reactor.netty.http.client.HttpClientOperations - [id: 0x2fcf1b2b, L:/127.0.0.1:51855 - R:localhost/127.0.0.1:8083] Received last HTTP packet
15:53:21.899 [reactor-http-nio-47] DEBUG org.springframework.core.codec.StringDecoder - [60c6a9f3] Decoded "[{"longitude":-117.922008,"latitude":33.817595,"attractionName":"Disneyland","city":"Anaheim","stat (truncated)...
15:53:21.900 [reactor-http-nio-47] DEBUG reactor.netty.resources.PooledConnectionProvider - [id: 0x2fcf1b2b, L:/127.0.0.1:51855 - R:localhost/127.0.0.1:8083] onStateChange(GET{uri=/attractions, connection=PooledConnection{channel=[id: 0x2fcf1b2b, L:/127.0.0.1:51855 - R:localhost/127.0.0.1:8083]}}, [disconnecting])
15:53:21.900 [reactor-http-nio-47] DEBUG reactor.netty.resources.PooledConnectionProvider - [id: 0x2fcf1b2b, L:/127.0.0.1:51855 - R:localhost/127.0.0.1:8083] Releasing channel
15:53:21.900 [reactor-http-nio-47] DEBUG reactor.netty.resources.PooledConnectionProvider - [id: 0x2fcf1b2b, L:/127.0.0.1:51855 - R:localhost/127.0.0.1:8083] Channel cleaned, now 154 active connections and 147 inactive connections
15:53:21.900 [pool-44-thread-32] INFO tourGuide.service.TourGuideService - visitedLocatio tourGuide.gpsUtil.VisitedLocation@1da7a6ac
15:53:21.901 [pool-44-thread-32] DEBUG org.springframework.web.reactive.function.client.ExchangeFunctions - [199831c0] HTTP GET http://localhost:8083/attractions
15:53:21.902 [reactor-http-nio-47] DEBUG reactor.netty.resources.PooledConnectionProvider - [id: 0xd0f99d54, L:/127.0.0.1:51843 - R:localhost/127.0.0.1:8083] Channel acquired, now 155 active connections and 146 inactive connections
15:53:21.902 [reactor-http-nio-47] DEBUG reactor.netty.http.client.HttpClientConnect - [id: 0xd0f99d54, L:/127.0.0.1:51843 - R:localhost/127.0.0.1:8083] Handler is being applied: {uri=http://localhost:8083/attractions, method=GET}
15:53:21.902 [reactor-http-nio-47] DEBUG reactor.netty.resources.PooledConnectionProvider - [id: 0xd0f99d54, L:/127.0.0.1:51843 - R:localhost/127.0.0.1:8083] onStateChange(GET{uri=/attractions, connection=PooledConnection{channel=[id: 0xd0f99d54, L:/127.0.0.1:51843 - R:localhost/127.0.0.1:8083]}}, [request_sent])
15:53:21.903 [reactor-http-nio-41] DEBUG reactor.netty.resources.PooledConnectionProvider - [id: 0x7286e1e8, L:/127.0.0.1:51739 - R:localhost/127.0.0.1:8083] Channel acquired, now 156 active connections and 145 inactive connections
15:53:21.903 [reactor-http-nio-41] DEBUG reactor.netty.http.client.HttpClientConnect - [id: 0x7286e1e8, L:/127.0.0.1:51739 - R:localhost/127.0.0.1:8083] Handler is being applied: {uri=http://localhost:8083/attractions, method=GET}
15:53:21.904 [reactor-http-nio-41] DEBUG reactor.netty.resources.PooledConnectionProvider - [id: 0x7286e1e8, L:/127.0.0.1:51739 - R:localhost/127.0.0.1:8083] onStateChange(GET{uri=/attractions, connection=PooledConnection{channel=[id: 0x7286e1e8, L:/127.0.0.1:51739 - R:localhost/127.0.0.1:8083]}}, [request_sent])
15:53:21.907 [reactor-http-nio-41] DEBUG reactor.netty.http.client.HttpClientOperations - [id: 0xe144b806, L:/127.0.0.1:51710 - R:localhost/127.0.0.1:8083] Received response (auto-read:false) : [Content-Type=application/json, Transfer-Encoding=chunked, Date=Wed, 15 Jun 2022 14:53:21 GMT]
15:53:21.907 [reactor-http-nio-41] DEBUG reactor.netty.resources.PooledConnectionProvider - [id: 0xe144b806, L:/127.0.0.1:51710 - R:localhost/127.0.0.1:8083] onStateChange(GET{uri=/attractions, connection=PooledConnection{channel=[id: 0xe144b806, L:/127.0.0.1:51710 - R:localhost/127.0.0.1:8083]}}, [response_received])
15:53:21.907 [reactor-http-nio-41] DEBUG org.springframework.web.reactive.function.client.ExchangeFunctions - [2d89c9ce] Response 200 OK
15:53:21.907 [reactor-http-nio-41] DEBUG reactor.netty.channel.FluxReceive - [id: 0xe144b806, L:/127.0.0.1:51710 - R:localhost/127.0.0.1:8083] Subscribing inbound receiver [pending: 0, cancelled:false, inboundDone: false]
15:53:21.908 [reactor-http-nio-41] DEBUG reactor.netty.http.client.HttpClientOperations - [id: 0xe144b806, L:/127.0.0.1:51710 - R:localhost/127.0.0.1:8083] Received last HTTP packet
15:53:21.908 [reactor-http-nio-48] DEBUG reactor.netty.http.client.HttpClientOperations - [id: 0x4cd11612, L:/127.0.0.1:51971 - R:localhost/127.0.0.1:8083] Received response (auto-read:false) : [Content-Type=application/json, Transfer-Encoding=chunked, Date=Wed, 15 Jun 2022 14:53:21 GMT]
15:53:21.908 [reactor-http-nio-48] DEBUG reactor.netty.resources.PooledConnectionProvider - [id: 0x4cd11612, L:/127.0.0.1:51971 - R:localhost/127.0.0.1:8083] onStateChange(GET{uri=/userLocation?userId=6cff9602-8c46-45b4-a449-9b7be3f243f7, connection=PooledConnection{channel=[id: 0x4cd11612, L:/127.0.0.1:51971 - R:localhost/127.0.0.1:8083]}}, [response_received])
15:53:21.908 [reactor-http-nio-41] DEBUG org.springframework.core.codec.StringDecoder - [2d89c9ce] Decoded "[{"longitude":-117.922008,"latitude":33.817595,"attractionName":"Disneyland","city":"Anaheim","stat (truncated)...
15:53:21.908 [reactor-http-nio-48] DEBUG org.springframework.web.reactive.function.client.ExchangeFunctions - [3584d9bc] Response 200 OK
15:53:21.908 [reactor-http-nio-41] DEBUG reactor.netty.resources.PooledConnectionProvider - [id: 0xe144b806, L:/127.0.0.1:51710 - R:localhost/127.0.0.1:8083] onStateChange(GET{uri=/attractions, connection=PooledConnection{channel=[id: 0xe144b806, L:/127.0.0.1:51710 - R:localhost/127.0.0.1:8083]}}, [disconnecting])
15:53:21.908 [reactor-http-nio-41] DEBUG reactor.netty.resources.PooledConnectionProvider - [id: 0xe144b806, L:/127.0.0.1:51710 - R:localhost/127.0.0.1:8083] Releasing channel
15:53:21.908 [reactor-http-nio-41] DEBUG reactor.netty.resources.PooledConnectionProvider - [id: 0xe144b806, L:/127.0.0.1:51710 - R:localhost/127.0.0.1:8083] Channel cleaned, now 155 active connections and 146 inactive connections
15:53:21.908 [reactor-http-nio-48] DEBUG reactor.netty.channel.FluxReceive - [id: 0x4cd11612, L:/127.0.0.1:51971 - R:localhost/127.0.0.1:8083] Subscribing inbound receiver [pending: 0, cancelled:false, inboundDone: false]
15:53:21.908 [reactor-http-nio-48] DEBUG reactor.netty.http.client.HttpClientOperations - [id: 0x4cd11612, L:/127.0.0.1:51971 - R:localhost/127.0.0.1:8083] Received last HTTP packet
15:53:21.908 [reactor-http-nio-48] DEBUG org.springframework.core.codec.StringDecoder - [3584d9bc] Decoded "{"userId":"6cff9602-8c46-45b4-a449-9b7be3f243f7","location":{"longitude":136.34398,"latitude":-66.2 (truncated)...
15:53:21.908 [reactor-http-nio-48] DEBUG reactor.netty.resources.PooledConnectionProvider - [id: 0x4cd11612, L:/127.0.0.1:51971 - R:localhost/127.0.0.1:8083] onStateChange(GET{uri=/userLocation?userId=6cff9602-8c46-45b4-a449-9b7be3f243f7, connection=PooledConnection{channel=[id: 0x4cd11612, L:/127.0.0.1:51971 - R:localhost/127.0.0.1:8083]}}, [disconnecting])
15:53:21.908 [reactor-http-nio-48] DEBUG reactor.netty.resources.PooledConnectionProvider - [id: 0x4cd11612, L:/127.0.0.1:51971 - R:localhost/127.0.0.1:8083] Releasing channel
15:53:21.908 [reactor-http-nio-48] DEBUG reactor.netty.resources.PooledConnectionProvider - [id: 0x4cd11612, L:/127.0.0.1:51971 - R:localhost/127.0.0.1:8083] Channel cleaned, now 154 active connections and 147 inactive connections
15:53:21.909 [pool-44-thread-1] INFO tourGuide.service.TourGuideService - visitedLocatio tourGuide.gpsUtil.VisitedLocation@3b43217c
15:53:21.910 [reactor-http-nio-47] DEBUG reactor.netty.http.client.HttpClientOperations - [id: 0xe671b81a, L:/127.0.0.1:51698 - R:localhost/127.0.0.1:8083] Received response (auto-read:false) : [Content-Type=application/json, Transfer-Encoding=chunked, Date=Wed, 15 Jun 2022 14:53:21 GMT]
15:53:21.910 [reactor-http-nio-47] DEBUG reactor.netty.resources.PooledConnectionProvider - [id: 0xe671b81a, L:/127.0.0.1:51698 - R:localhost/127.0.0.1:8083] onStateChange(GET{uri=/userLocation?userId=e2a5447b-00c5-4f0b-9fa9-467a2c2faff2, connection=PooledConnection{channel=[id: 0xe671b81a, L:/127.0.0.1:51698 - R:localhost/127.0.0.1:8083]}}, [response_received])
15:53:21.910 [pool-44-thread-1] DEBUG org.springframework.web.reactive.function.client.ExchangeFunctions - [3f7cb2cc] HTTP GET http://localhost:8083/attractions
15:53:21.910 [reactor-http-nio-47] DEBUG org.springframework.web.reactive.function.client.ExchangeFunctions - [100abc37] Response 200 OK
15:53:21.910 [reactor-http-nio-47] DEBUG reactor.netty.channel.FluxReceive - [id: 0xe671b81a, L:/127.0.0.1:51698 - R:localhost/127.0.0.1:8083] Subscribing inbound receiver [pending: 0, cancelled:false, inboundDone: false]
15:53:21.910 [reactor-http-nio-47] DEBUG reactor.netty.http.client.HttpClientOperations - [id: 0xe671b81a, L:/127.0.0.1:51698 - R:localhost/127.0.0.1:8083] Received last HTTP packet
15:53:21.910 [reactor-http-nio-47] DEBUG org.springframework.core.codec.StringDecoder - [100abc37] Decoded "{"userId":"e2a5447b-00c5-4f0b-9fa9-467a2c2faff2","location":{"longitude":15.716104,"latitude":-45.1 (truncated)...
15:53:21.910 [reactor-http-nio-47] DEBUG reactor.netty.resources.PooledConnectionProvider - [id: 0xe671b81a, L:/127.0.0.1:51698 - R:localhost/127.0.0.1:8083] onStateChange(GET{uri=/userLocation?userId=e2a5447b-00c5-4f0b-9fa9-467a2c2faff2, connection=PooledConnection{channel=[id: 0xe671b81a, L:/127.0.0.1:51698 - R:localhost/127.0.0.1:8083]}}, [disconnecting])
15:53:21.910 [reactor-http-nio-47] DEBUG reactor.netty.resources.PooledConnectionProvider - [id: 0xe671b81a, L:/127.0.0.1:51698 - R:localhost/127.0.0.1:8083] Releasing channel
15:53:21.910 [reactor-http-nio-47] DEBUG reactor.netty.resources.PooledConnectionProvider - [id: 0xe671b81a, L:/127.0.0.1:51698 - R:localhost/127.0.0.1:8083] Channel cleaned, now 153 active connections and 148 inactive connections
15:53:21.911 [pool-44-thread-2] INFO tourGuide.service.TourGuideService - visitedLocatio tourGuide.gpsUtil.VisitedLocation@1ecd5046
15:53:21.911 [pool-44-thread-2] DEBUG org.springframework.web.reactive.function.client.ExchangeFunctions - [1af2d747] HTTP GET http://localhost:8083/attractions
15:53:21.912 [reactor-http-nio-41] DEBUG reactor.netty.resources.PooledConnectionProvider - [id: 0x35df572e, L:/127.0.0.1:51740 - R:localhost/127.0.0.1:8083] Channel acquired, now 154 active connections and 147 inactive connections
15:53:21.912 [reactor-http-nio-41] DEBUG reactor.netty.http.client.HttpClientConnect - [id: 0x35df572e, L:/127.0.0.1:51740 - R:localhost/127.0.0.1:8083] Handler is being applied: {uri=http://localhost:8083/attractions, method=GET}
15:53:21.912 [reactor-http-nio-41] DEBUG reactor.netty.resources.PooledConnectionProvider - [id: 0x35df572e, L:/127.0.0.1:51740 - R:localhost/127.0.0.1:8083] onStateChange(GET{uri=/attractions, connection=PooledConnection{channel=[id: 0x35df572e, L:/127.0.0.1:51740 - R:localhost/127.0.0.1:8083]}}, [request_sent])
15:53:21.913 [reactor-http-nio-48] DEBUG reactor.netty.http.client.HttpClientOperations - [id: 0xb526d959, L:/127.0.0.1:51902 - R:localhost/127.0.0.1:8083] Received response (auto-read:false) : [Content-Type=application/json, Transfer-Encoding=chunked, Date=Wed, 15 Jun 2022 14:53:21 GMT]
15:53:21.913 [reactor-http-nio-48] DEBUG reactor.netty.resources.PooledConnectionProvider - [id: 0xb526d959, L:/127.0.0.1:51902 - R:localhost/127.0.0.1:8083] onStateChange(GET{uri=/attractions, connection=PooledConnection{channel=[id: 0xb526d959, L:/127.0.0.1:51902 - R:localhost/127.0.0.1:8083]}}, [response_received])
15:53:21.913 [reactor-http-nio-48] DEBUG org.springframework.web.reactive.function.client.ExchangeFunctions - [57161222] Response 200 OK
15:53:21.913 [reactor-http-nio-48] DEBUG reactor.netty.channel.FluxReceive - [id: 0xb526d959, L:/127.0.0.1:51902 - R:localhost/127.0.0.1:8083] Subscribing inbound receiver [pending: 0, cancelled:false, inboundDone: false]
15:53:21.914 [reactor-http-nio-41] DEBUG reactor.netty.resources.PooledConnectionProvider - [id: 0xa0063317, L:/127.0.0.1:51720 - R:localhost/127.0.0.1:8083] Channel acquired, now 155 active connections and 146 inactive connections
15:53:21.914 [reactor-http-nio-41] DEBUG reactor.netty.http.client.HttpClientConnect - [id: 0xa0063317, L:/127.0.0.1:51720 - R:localhost/127.0.0.1:8083] Handler is being applied: {uri=http://localhost:8083/attractions, method=GET}
15:53:21.914 [reactor-http-nio-41] DEBUG reactor.netty.resources.PooledConnectionProvider - [id: 0xa0063317, L:/127.0.0.1:51720 - R:localhost/127.0.0.1:8083] onStateChange(GET{uri=/attractions, connection=PooledConnection{channel=[id: 0xa0063317, L:/127.0.0.1:51720 - R:localhost/127.0.0.1:8083]}}, [request_sent])
15:53:21.914 [reactor-http-nio-48] DEBUG reactor.netty.http.client.HttpClientOperations - [id: 0xb526d959, L:/127.0.0.1:51902 - R:localhost/127.0.0.1:8083] Received last HTTP packet
15:53:21.914 [reactor-http-nio-48] DEBUG org.springframework.core.codec.StringDecoder - [57161222] Decoded "[{"longitude":-117.922008,"latitude":33.817595,"attractionName":"Disneyland","city":"Anaheim","stat (truncated)...
15:53:21.914 [reactor-http-nio-48] DEBUG reactor.netty.resources.PooledConnectionProvider - [id: 0xb526d959, L:/127.0.0.1:51902 - R:localhost/127.0.0.1:8083] onStateChange(GET{uri=/attractions, connection=PooledConnection{channel=[id: 0xb526d959, L:/127.0.0.1:51902 - R:localhost/127.0.0.1:8083]}}, [disconnecting])
15:53:21.914 [reactor-http-nio-48] DEBUG reactor.netty.resources.PooledConnectionProvider - [id: 0xb526d959, L:/127.0.0.1:51902 - R:localhost/127.0.0.1:8083] Releasing channel
15:53:21.914 [reactor-http-nio-48] DEBUG reactor.netty.resources.PooledConnectionProvider - [id: 0xb526d959, L:/127.0.0.1:51902 - R:localhost/127.0.0.1:8083] Channel cleaned, now 154 active connections and 147 inactive connections
15:53:21.941 [reactor-http-nio-48] DEBUG reactor.netty.http.client.HttpClientOperations - [id: 0x3ef135e7, L:/127.0.0.1:51977 - R:localhost/127.0.0.1:8083] Received response (auto-read:false) : [Content-Type=application/json, Transfer-Encoding=chunked, Date=Wed, 15 Jun 2022 14:53:21 GMT]
15:53:21.941 [reactor-http-nio-48] DEBUG reactor.netty.resources.PooledConnectionProvider - [id: 0x3ef135e7, L:/127.0.0.1:51977 - R:localhost/127.0.0.1:8083] onStateChange(GET{uri=/attractions, connection=PooledConnection{channel=[id: 0x3ef135e7, L:/127.0.0.1:51977 - R:localhost/127.0.0.1:8083]}}, [response_received])
15:53:21.941 [reactor-http-nio-48] DEBUG org.springframework.web.reactive.function.client.ExchangeFunctions - [42072bbb] Response 200 OK
15:53:21.942 [reactor-http-nio-48] DEBUG reactor.netty.channel.FluxReceive - [id: 0x3ef135e7, L:/127.0.0.1:51977 - R:localhost/127.0.0.1:8083] Subscribing inbound receiver [pending: 0, cancelled:false, inboundDone: false]
15:53:21.942 [reactor-http-nio-48] DEBUG reactor.netty.http.client.HttpClientOperations - [id: 0x3ef135e7, L:/127.0.0.1:51977 - R:localhost/127.0.0.1:8083] Received last HTTP packet
15:53:21.942 [reactor-http-nio-48] DEBUG org.springframework.core.codec.StringDecoder - [42072bbb] Decoded "[{"longitude":-117.922008,"latitude":33.817595,"attractionName":"Disneyland","city":"Anaheim","stat (truncated)...
15:53:21.942 [reactor-http-nio-48] DEBUG reactor.netty.resources.PooledConnectionProvider - [id: 0x3ef135e7, L:/127.0.0.1:51977 - R:localhost/127.0.0.1:8083] onStateChange(GET{uri=/attractions, connection=PooledConnection{channel=[id: 0x3ef135e7, L:/127.0.0.1:51977 - R:localhost/127.0.0.1:8083]}}, [disconnecting])
15:53:21.942 [reactor-http-nio-48] DEBUG reactor.netty.resources.PooledConnectionProvider - [id: 0x3ef135e7, L:/127.0.0.1:51977 - R:localhost/127.0.0.1:8083] Releasing channel
15:53:21.942 [reactor-http-nio-48] DEBUG reactor.netty.resources.PooledConnectionProvider - [id: 0x3ef135e7, L:/127.0.0.1:51977 - R:localhost/127.0.0.1:8083] Channel cleaned, now 153 active connections and 148 inactive connections
15:53:21.942 [reactor-http-nio-46] DEBUG reactor.netty.http.client.HttpClientOperations - [id: 0x9443a469, L:/127.0.0.1:51952 - R:localhost/127.0.0.1:8083] Received response (auto-read:false) : [Content-Type=application/json, Transfer-Encoding=chunked, Date=Wed, 15 Jun 2022 14:53:21 GMT]
15:53:21.942 [reactor-http-nio-46] DEBUG reactor.netty.resources.PooledConnectionProvider - [id: 0x9443a469, L:/127.0.0.1:51952 - R:localhost/127.0.0.1:8083] onStateChange(GET{uri=/userLocation?userId=3de05114-b3c9-4110-92fb-d54adc7ec956, connection=PooledConnection{channel=[id: 0x9443a469, L:/127.0.0.1:51952 - R:localhost/127.0.0.1:8083]}}, [response_received])
15:53:21.942 [reactor-http-nio-46] DEBUG org.springframework.web.reactive.function.client.ExchangeFunctions - [3171de93] Response 200 OK
15:53:21.942 [reactor-http-nio-46] DEBUG reactor.netty.channel.FluxReceive - [id: 0x9443a469, L:/127.0.0.1:51952 - R:localhost/127.0.0.1:8083] Subscribing inbound receiver [pending: 0, cancelled:false, inboundDone: false]
15:53:21.943 [reactor-http-nio-47] DEBUG reactor.netty.http.client.HttpClientOperations - [id: 0x5f2155e6, L:/127.0.0.1:51846 - R:localhost/127.0.0.1:8083] Received response (auto-read:false) : [Content-Type=application/json, Transfer-Encoding=chunked, Date=Wed, 15 Jun 2022 14:53:21 GMT]
15:53:21.943 [reactor-http-nio-46] DEBUG reactor.netty.http.client.HttpClientOperations - [id: 0x9443a469, L:/127.0.0.1:51952 - R:localhost/127.0.0.1:8083] Received last HTTP packet
15:53:21.943 [reactor-http-nio-47] DEBUG reactor.netty.resources.PooledConnectionProvider - [id: 0x5f2155e6, L:/127.0.0.1:51846 - R:localhost/127.0.0.1:8083] onStateChange(GET{uri=/attractions, connection=PooledConnection{channel=[id: 0x5f2155e6, L:/127.0.0.1:51846 - R:localhost/127.0.0.1:8083]}}, [response_received])
15:53:21.943 [reactor-http-nio-47] DEBUG org.springframework.web.reactive.function.client.ExchangeFunctions - [1e752835] Response 200 OK
15:53:21.943 [reactor-http-nio-46] DEBUG org.springframework.core.codec.StringDecoder - [3171de93] Decoded "{"userId":"3de05114-b3c9-4110-92fb-d54adc7ec956","location":{"longitude":173.074319,"latitude":41.0 (truncated)...
15:53:21.943 [reactor-http-nio-46] DEBUG reactor.netty.resources.PooledConnectionProvider - [id: 0x9443a469, L:/127.0.0.1:51952 - R:localhost/127.0.0.1:8083] onStateChange(GET{uri=/userLocation?userId=3de05114-b3c9-4110-92fb-d54adc7ec956, connection=PooledConnection{channel=[id: 0x9443a469, L:/127.0.0.1:51952 - R:localhost/127.0.0.1:8083]}}, [disconnecting])
15:53:21.943 [reactor-http-nio-46] DEBUG reactor.netty.resources.PooledConnectionProvider - [id: 0x9443a469, L:/127.0.0.1:51952 - R:localhost/127.0.0.1:8083] Releasing channel
15:53:21.943 [reactor-http-nio-46] DEBUG reactor.netty.resources.PooledConnectionProvider - [id: 0x9443a469, L:/127.0.0.1:51952 - R:localhost/127.0.0.1:8083] Channel cleaned, now 152 active connections and 149 inactive connections
15:53:21.943 [reactor-http-nio-47] DEBUG reactor.netty.channel.FluxReceive - [id: 0x5f2155e6, L:/127.0.0.1:51846 - R:localhost/127.0.0.1:8083] Subscribing inbound receiver [pending: 0, cancelled:false, inboundDone: false]
15:53:21.943 [reactor-http-nio-47] DEBUG reactor.netty.http.client.HttpClientOperations - [id: 0x5f2155e6, L:/127.0.0.1:51846 - R:localhost/127.0.0.1:8083] Received last HTTP packet
15:53:21.943 [reactor-http-nio-47] DEBUG org.springframework.core.codec.StringDecoder - [1e752835] Decoded "[{"longitude":-117.922008,"latitude":33.817595,"attractionName":"Disneyland","city":"Anaheim","stat (truncated)...
15:53:21.943 [reactor-http-nio-47] DEBUG reactor.netty.resources.PooledConnectionProvider - [id: 0x5f2155e6, L:/127.0.0.1:51846 - R:localhost/127.0.0.1:8083] onStateChange(GET{uri=/attractions, connection=PooledConnection{channel=[id: 0x5f2155e6, L:/127.0.0.1:51846 - R:localhost/127.0.0.1:8083]}}, [disconnecting])
15:53:21.943 [reactor-http-nio-47] DEBUG reactor.netty.resources.PooledConnectionProvider - [id: 0x5f2155e6, L:/127.0.0.1:51846 - R:localhost/127.0.0.1:8083] Releasing channel
15:53:21.943 [reactor-http-nio-47] DEBUG reactor.netty.resources.PooledConnectionProvider - [id: 0x5f2155e6, L:/127.0.0.1:51846 - R:localhost/127.0.0.1:8083] Channel cleaned, now 151 active connections and 150 inactive connections
15:53:21.944 [pool-44-thread-27] INFO tourGuide.service.TourGuideService - visitedLocatio tourGuide.gpsUtil.VisitedLocation@3fb626cd
15:53:21.944 [reactor-http-nio-46] DEBUG reactor.netty.http.client.HttpClientOperations - [id: 0x5362fcb1, L:/127.0.0.1:51798 - R:localhost/127.0.0.1:8083] Received response (auto-read:false) : [Content-Type=application/json, Transfer-Encoding=chunked, Date=Wed, 15 Jun 2022 14:53:21 GMT]
15:53:21.944 [reactor-http-nio-46] DEBUG reactor.netty.resources.PooledConnectionProvider - [id: 0x5362fcb1, L:/127.0.0.1:51798 - R:localhost/127.0.0.1:8083] onStateChange(GET{uri=/userLocation?userId=b2fdd1a8-094d-4377-8f51-a3c12cdaa35b, connection=PooledConnection{channel=[id: 0x5362fcb1, L:/127.0.0.1:51798 - R:localhost/127.0.0.1:8083]}}, [response_received])
15:53:21.944 [reactor-http-nio-46] DEBUG org.springframework.web.reactive.function.client.ExchangeFunctions - [5f38c9ff] Response 200 OK
15:53:21.944 [pool-44-thread-27] DEBUG org.springframework.web.reactive.function.client.ExchangeFunctions - [3b89b5e3] HTTP GET http://localhost:8083/attractions
15:53:21.944 [reactor-http-nio-46] DEBUG reactor.netty.channel.FluxReceive - [id: 0x5362fcb1, L:/127.0.0.1:51798 - R:localhost/127.0.0.1:8083] Subscribing inbound receiver [pending: 0, cancelled:false, inboundDone: false]
15:53:21.944 [reactor-http-nio-46] DEBUG reactor.netty.http.client.HttpClientOperations - [id: 0x5362fcb1, L:/127.0.0.1:51798 - R:localhost/127.0.0.1:8083] Received last HTTP packet
15:53:21.944 [reactor-http-nio-46] DEBUG org.springframework.core.codec.StringDecoder - [5f38c9ff] Decoded "{"userId":"b2fdd1a8-094d-4377-8f51-a3c12cdaa35b","location":{"longitude":-25.062426,"latitude":-64. (truncated)...
15:53:21.944 [reactor-http-nio-46] DEBUG reactor.netty.resources.PooledConnectionProvider - [id: 0x5362fcb1, L:/127.0.0.1:51798 - R:localhost/127.0.0.1:8083] onStateChange(GET{uri=/userLocation?userId=b2fdd1a8-094d-4377-8f51-a3c12cdaa35b, connection=PooledConnection{channel=[id: 0x5362fcb1, L:/127.0.0.1:51798 - R:localhost/127.0.0.1:8083]}}, [disconnecting])
15:53:21.944 [reactor-http-nio-46] DEBUG reactor.netty.resources.PooledConnectionProvider - [id: 0x5362fcb1, L:/127.0.0.1:51798 - R:localhost/127.0.0.1:8083] Releasing channel
15:53:21.944 [reactor-http-nio-46] DEBUG reactor.netty.resources.PooledConnectionProvider - [id: 0x5362fcb1, L:/127.0.0.1:51798 - R:localhost/127.0.0.1:8083] Channel cleaned, now 150 active connections and 151 inactive connections
15:53:21.945 [pool-44-thread-16] INFO tourGuide.service.TourGuideService - visitedLocatio tourGuide.gpsUtil.VisitedLocation@51ff3c68
15:53:21.945 [reactor-http-nio-48] DEBUG reactor.netty.http.client.HttpClientOperations - [id: 0x83b452e2, L:/127.0.0.1:51932 - R:localhost/127.0.0.1:8083] Received last HTTP packet
15:53:21.945 [reactor-http-nio-48] DEBUG org.springframework.core.codec.StringDecoder - [5addc76c] Decoded "[{"longitude":-117.922008,"latitude":33.817595,"attractionName":"Disneyland","city":"Anaheim","stat (truncated)...
15:53:21.945 [reactor-http-nio-46] DEBUG reactor.netty.resources.PooledConnectionProvider - [id: 0x6bcb25c4, L:/127.0.0.1:51759 - R:localhost/127.0.0.1:8083] Channel acquired, now 151 active connections and 150 inactive connections
15:53:21.945 [reactor-http-nio-48] DEBUG reactor.netty.resources.PooledConnectionProvider - [id: 0x83b452e2, L:/127.0.0.1:51932 - R:localhost/127.0.0.1:8083] onStateChange(GET{uri=/attractions, connection=PooledConnection{channel=[id: 0x83b452e2, L:/127.0.0.1:51932 - R:localhost/127.0.0.1:8083]}}, [disconnecting])
15:53:21.945 [reactor-http-nio-48] DEBUG reactor.netty.resources.PooledConnectionProvider - [id: 0x83b452e2, L:/127.0.0.1:51932 - R:localhost/127.0.0.1:8083] Releasing channel
15:53:21.945 [reactor-http-nio-48] DEBUG reactor.netty.resources.PooledConnectionProvider - [id: 0x83b452e2, L:/127.0.0.1:51932 - R:localhost/127.0.0.1:8083] Channel cleaned, now 150 active connections and 151 inactive connections
15:53:21.945 [reactor-http-nio-46] DEBUG reactor.netty.http.client.HttpClientConnect - [id: 0x6bcb25c4, L:/127.0.0.1:51759 - R:localhost/127.0.0.1:8083] Handler is being applied: {uri=http://localhost:8083/attractions, method=GET}
15:53:21.945 [pool-44-thread-16] DEBUG org.springframework.web.reactive.function.client.ExchangeFunctions - [55c0a28f] HTTP GET http://localhost:8083/attractions
15:53:21.945 [reactor-http-nio-48] DEBUG reactor.netty.http.client.HttpClientOperations - [id: 0x14c7d32e, L:/127.0.0.1:51953 - R:localhost/127.0.0.1:8083] Received response (auto-read:false) : [Content-Type=application/json, Transfer-Encoding=chunked, Date=Wed, 15 Jun 2022 14:53:21 GMT]
15:53:21.945 [reactor-http-nio-48] DEBUG reactor.netty.resources.PooledConnectionProvider - [id: 0x14c7d32e, L:/127.0.0.1:51953 - R:localhost/127.0.0.1:8083] onStateChange(GET{uri=/attractions, connection=PooledConnection{channel=[id: 0x14c7d32e, L:/127.0.0.1:51953 - R:localhost/127.0.0.1:8083]}}, [response_received])
15:53:21.945 [reactor-http-nio-48] DEBUG org.springframework.web.reactive.function.client.ExchangeFunctions - [55ba7d0e] Response 200 OK
15:53:21.945 [reactor-http-nio-48] DEBUG reactor.netty.channel.FluxReceive - [id: 0x14c7d32e, L:/127.0.0.1:51953 - R:localhost/127.0.0.1:8083] Subscribing inbound receiver [pending: 0, cancelled:false, inboundDone: false]
15:53:21.945 [reactor-http-nio-48] DEBUG reactor.netty.http.client.HttpClientOperations - [id: 0x14c7d32e, L:/127.0.0.1:51953 - R:localhost/127.0.0.1:8083] Received last HTTP packet
15:53:21.946 [reactor-http-nio-48] DEBUG org.springframework.core.codec.StringDecoder - [55ba7d0e] Decoded "[{"longitude":-117.922008,"latitude":33.817595,"attractionName":"Disneyland","city":"Anaheim","stat (truncated)...
15:53:21.946 [reactor-http-nio-48] DEBUG reactor.netty.resources.PooledConnectionProvider - [id: 0x14c7d32e, L:/127.0.0.1:51953 - R:localhost/127.0.0.1:8083] onStateChange(GET{uri=/attractions, connection=PooledConnection{channel=[id: 0x14c7d32e, L:/127.0.0.1:51953 - R:localhost/127.0.0.1:8083]}}, [disconnecting])
15:53:21.946 [reactor-http-nio-48] DEBUG reactor.netty.resources.PooledConnectionProvider - [id: 0x14c7d32e, L:/127.0.0.1:51953 - R:localhost/127.0.0.1:8083] Releasing channel
15:53:21.946 [reactor-http-nio-48] DEBUG reactor.netty.resources.PooledConnectionProvider - [id: 0x14c7d32e, L:/127.0.0.1:51953 - R:localhost/127.0.0.1:8083] Channel cleaned, now 149 active connections and 152 inactive connections
15:53:21.946 [reactor-http-nio-46] DEBUG reactor.netty.resources.PooledConnectionProvider - [id: 0x6bcb25c4, L:/127.0.0.1:51759 - R:localhost/127.0.0.1:8083] onStateChange(GET{uri=/attractions, connection=PooledConnection{channel=[id: 0x6bcb25c4, L:/127.0.0.1:51759 - R:localhost/127.0.0.1:8083]}}, [request_sent])
15:53:21.948 [reactor-http-nio-48] DEBUG reactor.netty.resources.PooledConnectionProvider - [id: 0x19da195d, L:/127.0.0.1:51701 - R:localhost/127.0.0.1:8083] Channel acquired, now 150 active connections and 151 inactive connections
15:53:21.948 [reactor-http-nio-48] DEBUG reactor.netty.http.client.HttpClientConnect - [id: 0x19da195d, L:/127.0.0.1:51701 - R:localhost/127.0.0.1:8083] Handler is being applied: {uri=http://localhost:8083/attractions, method=GET}
15:53:21.949 [reactor-http-nio-48] DEBUG reactor.netty.resources.PooledConnectionProvider - [id: 0x19da195d, L:/127.0.0.1:51701 - R:localhost/127.0.0.1:8083] onStateChange(GET{uri=/attractions, connection=PooledConnection{channel=[id: 0x19da195d, L:/127.0.0.1:51701 - R:localhost/127.0.0.1:8083]}}, [request_sent])
15:53:21.968 [reactor-http-nio-41] DEBUG reactor.netty.http.client.HttpClientOperations - [id: 0x363ce47f, L:/127.0.0.1:51925 - R:localhost/127.0.0.1:8083] Received response (auto-read:false) : [Content-Type=application/json, Transfer-Encoding=chunked, Date=Wed, 15 Jun 2022 14:53:21 GMT]
15:53:21.968 [reactor-http-nio-41] DEBUG reactor.netty.resources.PooledConnectionProvider - [id: 0x363ce47f, L:/127.0.0.1:51925 - R:localhost/127.0.0.1:8083] onStateChange(GET{uri=/attractions, connection=PooledConnection{channel=[id: 0x363ce47f, L:/127.0.0.1:51925 - R:localhost/127.0.0.1:8083]}}, [response_received])
15:53:21.968 [reactor-http-nio-41] DEBUG org.springframework.web.reactive.function.client.ExchangeFunctions - [3be197] Response 200 OK
15:53:21.968 [reactor-http-nio-41] DEBUG reactor.netty.channel.FluxReceive - [id: 0x363ce47f, L:/127.0.0.1:51925 - R:localhost/127.0.0.1:8083] Subscribing inbound receiver [pending: 0, cancelled:false, inboundDone: false]
15:53:21.968 [reactor-http-nio-41] DEBUG reactor.netty.http.client.HttpClientOperations - [id: 0x363ce47f, L:/127.0.0.1:51925 - R:localhost/127.0.0.1:8083] Received last HTTP packet
15:53:21.968 [reactor-http-nio-41] DEBUG org.springframework.core.codec.StringDecoder - [3be197] Decoded "[{"longitude":-117.922008,"latitude":33.817595,"attractionName":"Disneyland","city":"Anaheim","stat (truncated)...
15:53:21.968 [reactor-http-nio-41] DEBUG reactor.netty.resources.PooledConnectionProvider - [id: 0x363ce47f, L:/127.0.0.1:51925 - R:localhost/127.0.0.1:8083] onStateChange(GET{uri=/attractions, connection=PooledConnection{channel=[id: 0x363ce47f, L:/127.0.0.1:51925 - R:localhost/127.0.0.1:8083]}}, [disconnecting])
15:53:21.968 [reactor-http-nio-41] DEBUG reactor.netty.resources.PooledConnectionProvider - [id: 0x363ce47f, L:/127.0.0.1:51925 - R:localhost/127.0.0.1:8083] Releasing channel
15:53:21.968 [reactor-http-nio-41] DEBUG reactor.netty.resources.PooledConnectionProvider - [id: 0x363ce47f, L:/127.0.0.1:51925 - R:localhost/127.0.0.1:8083] Channel cleaned, now 149 active connections and 152 inactive connections
15:53:21.969 [reactor-http-nio-46] DEBUG reactor.netty.http.client.HttpClientOperations - [id: 0xdb79907c, L:/127.0.0.1:51947 - R:localhost/127.0.0.1:8083] Received response (auto-read:false) : [Content-Type=application/json, Transfer-Encoding=chunked, Date=Wed, 15 Jun 2022 14:53:21 GMT]
15:53:21.969 [reactor-http-nio-46] DEBUG reactor.netty.resources.PooledConnectionProvider - [id: 0xdb79907c, L:/127.0.0.1:51947 - R:localhost/127.0.0.1:8083] onStateChange(GET{uri=/attractions, connection=PooledConnection{channel=[id: 0xdb79907c, L:/127.0.0.1:51947 - R:localhost/127.0.0.1:8083]}}, [response_received])
15:53:21.969 [reactor-http-nio-46] DEBUG org.springframework.web.reactive.function.client.ExchangeFunctions - [4f23351d] Response 200 OK
15:53:21.969 [reactor-http-nio-41] DEBUG reactor.netty.http.client.HttpClientOperations - [id: 0x38682cba, L:/127.0.0.1:51715 - R:localhost/127.0.0.1:8083] Received response (auto-read:false) : [Content-Type=application/json, Transfer-Encoding=chunked, Date=Wed, 15 Jun 2022 14:53:21 GMT]
15:53:21.969 [reactor-http-nio-41] DEBUG reactor.netty.resources.PooledConnectionProvider - [id: 0x38682cba, L:/127.0.0.1:51715 - R:localhost/127.0.0.1:8083] onStateChange(GET{uri=/attractions, connection=PooledConnection{channel=[id: 0x38682cba, L:/127.0.0.1:51715 - R:localhost/127.0.0.1:8083]}}, [response_received])
15:53:21.969 [reactor-http-nio-41] DEBUG org.springframework.web.reactive.function.client.ExchangeFunctions - [56d52d70] Response 200 OK
15:53:21.969 [reactor-http-nio-46] DEBUG reactor.netty.channel.FluxReceive - [id: 0xdb79907c, L:/127.0.0.1:51947 - R:localhost/127.0.0.1:8083] Subscribing inbound receiver [pending: 0, cancelled:false, inboundDone: false]
15:53:21.969 [reactor-http-nio-46] DEBUG reactor.netty.http.client.HttpClientOperations - [id: 0xdb79907c, L:/127.0.0.1:51947 - R:localhost/127.0.0.1:8083] Received last HTTP packet
15:53:21.969 [reactor-http-nio-41] DEBUG reactor.netty.channel.FluxReceive - [id: 0x38682cba, L:/127.0.0.1:51715 - R:localhost/127.0.0.1:8083] Subscribing inbound receiver [pending: 0, cancelled:false, inboundDone: false]
15:53:21.969 [reactor-http-nio-41] DEBUG reactor.netty.http.client.HttpClientOperations - [id: 0x38682cba, L:/127.0.0.1:51715 - R:localhost/127.0.0.1:8083] Received last HTTP packet
15:53:21.969 [reactor-http-nio-46] DEBUG org.springframework.core.codec.StringDecoder - [4f23351d] Decoded "[{"longitude":-117.922008,"latitude":33.817595,"attractionName":"Disneyland","city":"Anaheim","stat (truncated)...
15:53:21.969 [reactor-http-nio-46] DEBUG reactor.netty.resources.PooledConnectionProvider - [id: 0xdb79907c, L:/127.0.0.1:51947 - R:localhost/127.0.0.1:8083] onStateChange(GET{uri=/attractions, connection=PooledConnection{channel=[id: 0xdb79907c, L:/127.0.0.1:51947 - R:localhost/127.0.0.1:8083]}}, [disconnecting])
15:53:21.969 [reactor-http-nio-46] DEBUG reactor.netty.resources.PooledConnectionProvider - [id: 0xdb79907c, L:/127.0.0.1:51947 - R:localhost/127.0.0.1:8083] Releasing channel
15:53:21.970 [reactor-http-nio-46] DEBUG reactor.netty.resources.PooledConnectionProvider - [id: 0xdb79907c, L:/127.0.0.1:51947 - R:localhost/127.0.0.1:8083] Channel cleaned, now 148 active connections and 153 inactive connections
15:53:21.969 [reactor-http-nio-41] DEBUG org.springframework.core.codec.StringDecoder - [56d52d70] Decoded "[{"longitude":-117.922008,"latitude":33.817595,"attractionName":"Disneyland","city":"Anaheim","stat (truncated)...
15:53:21.970 [reactor-http-nio-41] DEBUG reactor.netty.resources.PooledConnectionProvider - [id: 0x38682cba, L:/127.0.0.1:51715 - R:localhost/127.0.0.1:8083] onStateChange(GET{uri=/attractions, connection=PooledConnection{channel=[id: 0x38682cba, L:/127.0.0.1:51715 - R:localhost/127.0.0.1:8083]}}, [disconnecting])
15:53:21.970 [reactor-http-nio-41] DEBUG reactor.netty.resources.PooledConnectionProvider - [id: 0x38682cba, L:/127.0.0.1:51715 - R:localhost/127.0.0.1:8083] Releasing channel
15:53:21.970 [reactor-http-nio-41] DEBUG reactor.netty.resources.PooledConnectionProvider - [id: 0x38682cba, L:/127.0.0.1:51715 - R:localhost/127.0.0.1:8083] Channel cleaned, now 147 active connections and 154 inactive connections
15:53:21.978 [reactor-http-nio-46] DEBUG reactor.netty.http.client.HttpClientOperations - [id: 0xca7f278b, L:/127.0.0.1:51829 - R:localhost/127.0.0.1:8083] Received response (auto-read:false) : [Content-Type=application/json, Transfer-Encoding=chunked, Date=Wed, 15 Jun 2022 14:53:21 GMT]
15:53:21.978 [reactor-http-nio-46] DEBUG reactor.netty.resources.PooledConnectionProvider - [id: 0xca7f278b, L:/127.0.0.1:51829 - R:localhost/127.0.0.1:8083] onStateChange(GET{uri=/userLocation?userId=bbde8e76-9219-4794-a868-6c30c40ba721, connection=PooledConnection{channel=[id: 0xca7f278b, L:/127.0.0.1:51829 - R:localhost/127.0.0.1:8083]}}, [response_received])
15:53:21.978 [reactor-http-nio-46] DEBUG org.springframework.web.reactive.function.client.ExchangeFunctions - [38956ca2] Response 200 OK
15:53:21.978 [reactor-http-nio-48] DEBUG reactor.netty.http.client.HttpClientOperations - [id: 0xcdbdd5a5, L:/127.0.0.1:51946 - R:localhost/127.0.0.1:8083] Received response (auto-read:false) : [Content-Type=application/json, Transfer-Encoding=chunked, Date=Wed, 15 Jun 2022 14:53:21 GMT]
15:53:21.978 [reactor-http-nio-48] DEBUG reactor.netty.resources.PooledConnectionProvider - [id: 0xcdbdd5a5, L:/127.0.0.1:51946 - R:localhost/127.0.0.1:8083] onStateChange(GET{uri=/attractions, connection=PooledConnection{channel=[id: 0xcdbdd5a5, L:/127.0.0.1:51946 - R:localhost/127.0.0.1:8083]}}, [response_received])
15:53:21.978 [reactor-http-nio-48] DEBUG org.springframework.web.reactive.function.client.ExchangeFunctions - [28e0e464] Response 200 OK
15:53:21.978 [reactor-http-nio-48] DEBUG reactor.netty.channel.FluxReceive - [id: 0xcdbdd5a5, L:/127.0.0.1:51946 - R:localhost/127.0.0.1:8083] Subscribing inbound receiver [pending: 0, cancelled:false, inboundDone: false]
15:53:21.978 [reactor-http-nio-48] DEBUG reactor.netty.http.client.HttpClientOperations - [id: 0xcdbdd5a5, L:/127.0.0.1:51946 - R:localhost/127.0.0.1:8083] Received last HTTP packet
15:53:21.978 [reactor-http-nio-48] DEBUG org.springframework.core.codec.StringDecoder - [28e0e464] Decoded "[{"longitude":-117.922008,"latitude":33.817595,"attractionName":"Disneyland","city":"Anaheim","stat (truncated)...
15:53:21.979 [reactor-http-nio-48] DEBUG reactor.netty.resources.PooledConnectionProvider - [id: 0xcdbdd5a5, L:/127.0.0.1:51946 - R:localhost/127.0.0.1:8083] onStateChange(GET{uri=/attractions, connection=PooledConnection{channel=[id: 0xcdbdd5a5, L:/127.0.0.1:51946 - R:localhost/127.0.0.1:8083]}}, [disconnecting])
15:53:21.979 [reactor-http-nio-48] DEBUG reactor.netty.resources.PooledConnectionProvider - [id: 0xcdbdd5a5, L:/127.0.0.1:51946 - R:localhost/127.0.0.1:8083] Releasing channel
15:53:21.979 [reactor-http-nio-48] DEBUG reactor.netty.resources.PooledConnectionProvider - [id: 0xcdbdd5a5, L:/127.0.0.1:51946 - R:localhost/127.0.0.1:8083] Channel cleaned, now 146 active connections and 155 inactive connections
15:53:21.979 [reactor-http-nio-46] DEBUG reactor.netty.channel.FluxReceive - [id: 0xca7f278b, L:/127.0.0.1:51829 - R:localhost/127.0.0.1:8083] Subscribing inbound receiver [pending: 0, cancelled:false, inboundDone: false]
15:53:21.979 [reactor-http-nio-46] DEBUG reactor.netty.http.client.HttpClientOperations - [id: 0xca7f278b, L:/127.0.0.1:51829 - R:localhost/127.0.0.1:8083] Received last HTTP packet
15:53:21.979 [reactor-http-nio-46] DEBUG org.springframework.core.codec.StringDecoder - [38956ca2] Decoded "{"userId":"bbde8e76-9219-4794-a868-6c30c40ba721","location":{"longitude":-17.122674,"latitude":36.0 (truncated)...
15:53:21.979 [reactor-http-nio-46] DEBUG reactor.netty.resources.PooledConnectionProvider - [id: 0xca7f278b, L:/127.0.0.1:51829 - R:localhost/127.0.0.1:8083] onStateChange(GET{uri=/userLocation?userId=bbde8e76-9219-4794-a868-6c30c40ba721, connection=PooledConnection{channel=[id: 0xca7f278b, L:/127.0.0.1:51829 - R:localhost/127.0.0.1:8083]}}, [disconnecting])
15:53:21.979 [reactor-http-nio-46] DEBUG reactor.netty.resources.PooledConnectionProvider - [id: 0xca7f278b, L:/127.0.0.1:51829 - R:localhost/127.0.0.1:8083] Releasing channel
15:53:21.979 [reactor-http-nio-46] DEBUG reactor.netty.resources.PooledConnectionProvider - [id: 0xca7f278b, L:/127.0.0.1:51829 - R:localhost/127.0.0.1:8083] Channel cleaned, now 145 active connections and 156 inactive connections
15:53:21.980 [Test worker] INFO tourGuide.service.TourGuideService - attraction [tourGuide.gpsUtil.Attraction@1d98daa0, tourGuide.gpsUtil.Attraction@70a898b0, tourGuide.gpsUtil.Attraction@7bdf61ad, tourGuide.gpsUtil.Attraction@54336976, tourGuide.gpsUtil.Attraction@f25f48a, tourGuide.gpsUtil.Attraction@3b7c80c6, tourGuide.gpsUtil.Attraction@3b2e5c0d, tourGuide.gpsUtil.Attraction@7499eac7, tourGuide.gpsUtil.Attraction@5438c17a, tourGuide.gpsUtil.Attraction@b9d018b, tourGuide.gpsUtil.Attraction@429aeac1, tourGuide.gpsUtil.Attraction@79eeff87, tourGuide.gpsUtil.Attraction@6b4fc2d1, tourGuide.gpsUtil.Attraction@8bd076a, tourGuide.gpsUtil.Attraction@1de4285e, tourGuide.gpsUtil.Attraction@1378eea2, tourGuide.gpsUtil.Attraction@634ff56, tourGuide.gpsUtil.Attraction@66522ead, tourGuide.gpsUtil.Attraction@5a484ce1, tourGuide.gpsUtil.Attraction@e91b4f4, tourGuide.gpsUtil.Attraction@2ffe243f, tourGuide.gpsUtil.Attraction@58ae402b, tourGuide.gpsUtil.Attraction@4099209b, tourGuide.gpsUtil.Attraction@43ac0a68, tourGuide.gpsUtil.Attraction@1dad01fe, tourGuide.gpsUtil.Attraction@3728a578]
15:53:21.980 [Test worker] INFO tourGuide.service.TourGuideService - getting attractions and distance {tourGuide.gpsUtil.Attraction@2ffe243f=2127.2478407793283, tourGuide.gpsUtil.Attraction@5438c17a=1906.7972782801585, tourGuide.gpsUtil.Attraction@4099209b=680.6158831369517, tourGuide.gpsUtil.Attraction@43ac0a68=1344.0902723493095, tourGuide.gpsUtil.Attraction@54336976=115.99464245531166, tourGuide.gpsUtil.Attraction@58ae402b=2578.9105160181207, tourGuide.gpsUtil.Attraction@3728a578=2168.8305270428045, tourGuide.gpsUtil.Attraction@1dad01fe=2440.1773360415445, tourGuide.gpsUtil.Attraction@b9d018b=2360.645624935619, tourGuide.gpsUtil.Attraction@8bd076a=2289.4339721013353, tourGuide.gpsUtil.Attraction@70a898b0=774.5207212649109, tourGuide.gpsUtil.Attraction@1378eea2=1742.5694022642383, tourGuide.gpsUtil.Attraction@429aeac1=2434.494471527265, tourGuide.gpsUtil.Attraction@7499eac7=1992.7911930022951, tourGuide.gpsUtil.Attraction@6b4fc2d1=2282.7463255653906, tourGuide.gpsUtil.Attraction@634ff56=1576.7472428725725, tourGuide.gpsUtil.Attraction@3b2e5c0d=460.119903616993, tourGuide.gpsUtil.Attraction@e91b4f4=87.03441722157669, tourGuide.gpsUtil.Attraction@79eeff87=2148.3967563579563, tourGuide.gpsUtil.Attraction@5a484ce1=1277.624543333648, tourGuide.gpsUtil.Attraction@f25f48a=1428.857720488229, tourGuide.gpsUtil.Attraction@7bdf61ad=164.91310606752234, tourGuide.gpsUtil.Attraction@1d98daa0=0.0, tourGuide.gpsUtil.Attraction@3b7c80c6=1418.5718274186313, tourGuide.gpsUtil.Attraction@1de4285e=1204.372289719331, tourGuide.gpsUtil.Attraction@66522ead=1921.4807999190477}
15:53:21.981 [Test worker] INFO tourGuide.service.TourGuideService - sorted attractions by distance {tourGuide.gpsUtil.Attraction@1d98daa0=0.0, tourGuide.gpsUtil.Attraction@e91b4f4=87.03441722157669, tourGuide.gpsUtil.Attraction@54336976=115.99464245531166, tourGuide.gpsUtil.Attraction@7bdf61ad=164.91310606752234, tourGuide.gpsUtil.Attraction@3b2e5c0d=460.119903616993, tourGuide.gpsUtil.Attraction@4099209b=680.6158831369517, tourGuide.gpsUtil.Attraction@70a898b0=774.5207212649109, tourGuide.gpsUtil.Attraction@1de4285e=1204.372289719331, tourGuide.gpsUtil.Attraction@5a484ce1=1277.624543333648, tourGuide.gpsUtil.Attraction@43ac0a68=1344.0902723493095, tourGuide.gpsUtil.Attraction@3b7c80c6=1418.5718274186313, tourGuide.gpsUtil.Attraction@f25f48a=1428.857720488229, tourGuide.gpsUtil.Attraction@634ff56=1576.7472428725725, tourGuide.gpsUtil.Attraction@1378eea2=1742.5694022642383, tourGuide.gpsUtil.Attraction@5438c17a=1906.7972782801585, tourGuide.gpsUtil.Attraction@66522ead=1921.4807999190477, tourGuide.gpsUtil.Attraction@7499eac7=1992.7911930022951, tourGuide.gpsUtil.Attraction@2ffe243f=2127.2478407793283, tourGuide.gpsUtil.Attraction@79eeff87=2148.3967563579563, tourGuide.gpsUtil.Attraction@3728a578=2168.8305270428045, tourGuide.gpsUtil.Attraction@6b4fc2d1=2282.7463255653906, tourGuide.gpsUtil.Attraction@8bd076a=2289.4339721013353, tourGuide.gpsUtil.Attraction@b9d018b=2360.645624935619, tourGuide.gpsUtil.Attraction@429aeac1=2434.494471527265, tourGuide.gpsUtil.Attraction@1dad01fe=2440.1773360415445, tourGuide.gpsUtil.Attraction@58ae402b=2578.9105160181207}
15:53:21.981 [Test worker] INFO tourGuide.service.TourGuideService - attractions sorted names Disneyland
15:53:21.981 [Test worker] INFO tourGuide.service.TourGuideService - attractions sorted names San Diego Zoo
15:53:21.981 [Test worker] INFO tourGuide.service.TourGuideService - attractions sorted names Joshua Tree National Park
15:53:21.981 [Test worker] INFO tourGuide.service.TourGuideService - attractions sorted names Mojave National Preserve
15:53:21.981 [Test worker] INFO tourGuide.service.TourGuideService - attractions sorted names Kartchner Caverns State Park
15:53:21.981 [pool-44-thread-28] INFO tourGuide.service.TourGuideService - visitedLocatio tourGuide.gpsUtil.VisitedLocation@365285c0
15:53:21.982 [pool-44-thread-28] DEBUG org.springframework.web.reactive.function.client.ExchangeFunctions - [326d07d2] HTTP GET http://localhost:8083/attractions
15:53:21.984 [reactor-http-nio-48] DEBUG reactor.netty.resources.PooledConnectionProvider - [id: 0xf56f4e45, L:/127.0.0.1:51950 - R:localhost/127.0.0.1:8083] Channel acquired, now 146 active connections and 155 inactive connections
15:53:21.984 [reactor-http-nio-48] DEBUG reactor.netty.http.client.HttpClientConnect - [id: 0xf56f4e45, L:/127.0.0.1:51950 - R:localhost/127.0.0.1:8083] Handler is being applied: {uri=http://localhost:8083/attractions, method=GET}
15:53:21.985 [reactor-http-nio-48] DEBUG reactor.netty.resources.PooledConnectionProvider - [id: 0xf56f4e45, L:/127.0.0.1:51950 - R:localhost/127.0.0.1:8083] onStateChange(GET{uri=/attractions, connection=PooledConnection{channel=[id: 0xf56f4e45, L:/127.0.0.1:51950 - R:localhost/127.0.0.1:8083]}}, [request_sent])
15:53:21.986 [Test worker] INFO tourGuide.service.TourGuideService - 5 attractions Disneyland
15:53:21.986 [reactor-http-nio-46] DEBUG reactor.netty.http.client.HttpClientOperations - [id: 0xbc334cd2, L:/127.0.0.1:51936 - R:localhost/127.0.0.1:8083] Received response (auto-read:false) : [Content-Type=application/json, Transfer-Encoding=chunked, Date=Wed, 15 Jun 2022 14:53:21 GMT]
15:53:21.986 [reactor-http-nio-46] DEBUG reactor.netty.resources.PooledConnectionProvider - [id: 0xbc334cd2, L:/127.0.0.1:51936 - R:localhost/127.0.0.1:8083] onStateChange(GET{uri=/attractions, connection=PooledConnection{channel=[id: 0xbc334cd2, L:/127.0.0.1:51936 - R:localhost/127.0.0.1:8083]}}, [response_received])
15:53:21.986 [reactor-http-nio-46] DEBUG org.springframework.web.reactive.function.client.ExchangeFunctions - [114050fc] Response 200 OK
15:53:21.986 [reactor-http-nio-46] DEBUG reactor.netty.channel.FluxReceive - [id: 0xbc334cd2, L:/127.0.0.1:51936 - R:localhost/127.0.0.1:8083] Subscribing inbound receiver [pending: 0, cancelled:false, inboundDone: false]
15:53:21.986 [Test worker] DEBUG org.springframework.web.reactive.function.client.ExchangeFunctions - [1de0641b] HTTP GET http://localhost:8084/attractionRewardPoint?attractionId=b9be0f45-4c14-4f8c-a1de-5a96a0c8e39f&userId=6cff9602-8c46-45b4-a449-9b7be3f243f7
15:53:21.986 [reactor-http-nio-46] DEBUG reactor.netty.http.client.HttpClientOperations - [id: 0xbc334cd2, L:/127.0.0.1:51936 - R:localhost/127.0.0.1:8083] Received last HTTP packet
15:53:21.986 [reactor-http-nio-46] DEBUG org.springframework.core.codec.StringDecoder - [114050fc] Decoded "[{"longitude":-117.922008,"latitude":33.817595,"attractionName":"Disneyland","city":"Anaheim","stat (truncated)...
15:53:21.986 [reactor-http-nio-46] DEBUG reactor.netty.resources.PooledConnectionProvider - [id: 0xbc334cd2, L:/127.0.0.1:51936 - R:localhost/127.0.0.1:8083] onStateChange(GET{uri=/attractions, connection=PooledConnection{channel=[id: 0xbc334cd2, L:/127.0.0.1:51936 - R:localhost/127.0.0.1:8083]}}, [disconnecting])
15:53:21.986 [reactor-http-nio-46] DEBUG reactor.netty.resources.PooledConnectionProvider - [id: 0xbc334cd2, L:/127.0.0.1:51936 - R:localhost/127.0.0.1:8083] Releasing channel
15:53:21.986 [reactor-http-nio-46] DEBUG reactor.netty.resources.PooledConnectionProvider - [id: 0xbc334cd2, L:/127.0.0.1:51936 - R:localhost/127.0.0.1:8083] Channel cleaned, now 145 active connections and 156 inactive connections
15:53:21.988 [reactor-http-nio-47] DEBUG reactor.netty.http.client.HttpClientOperations - [id: 0x55d1ef56, L:/127.0.0.1:51877 - R:localhost/127.0.0.1:8083] Received response (auto-read:false) : [Content-Type=application/json, Transfer-Encoding=chunked, Date=Wed, 15 Jun 2022 14:53:21 GMT]
15:53:21.988 [reactor-http-nio-47] DEBUG reactor.netty.resources.PooledConnectionProvider - [id: 0x55d1ef56, L:/127.0.0.1:51877 - R:localhost/127.0.0.1:8083] onStateChange(GET{uri=/attractions, connection=PooledConnection{channel=[id: 0x55d1ef56, L:/127.0.0.1:51877 - R:localhost/127.0.0.1:8083]}}, [response_received])
15:53:21.989 [reactor-http-nio-47] DEBUG org.springframework.web.reactive.function.client.ExchangeFunctions - [459a48de] Response 200 OK
15:53:21.989 [reactor-http-nio-47] DEBUG reactor.netty.channel.FluxReceive - [id: 0x55d1ef56, L:/127.0.0.1:51877 - R:localhost/127.0.0.1:8083] Subscribing inbound receiver [pending: 0, cancelled:false, inboundDone: false]
15:53:21.989 [reactor-http-nio-47] DEBUG reactor.netty.http.client.HttpClientOperations - [id: 0x55d1ef56, L:/127.0.0.1:51877 - R:localhost/127.0.0.1:8083] Received last HTTP packet
15:53:21.989 [reactor-http-nio-47] DEBUG org.springframework.core.codec.StringDecoder - [459a48de] Decoded "[{"longitude":-117.922008,"latitude":33.817595,"attractionName":"Disneyland","city":"Anaheim","stat (truncated)...
15:53:21.989 [reactor-http-nio-47] DEBUG reactor.netty.resources.PooledConnectionProvider - [id: 0x55d1ef56, L:/127.0.0.1:51877 - R:localhost/127.0.0.1:8083] onStateChange(GET{uri=/attractions, connection=PooledConnection{channel=[id: 0x55d1ef56, L:/127.0.0.1:51877 - R:localhost/127.0.0.1:8083]}}, [disconnecting])
15:53:21.989 [reactor-http-nio-47] DEBUG reactor.netty.resources.PooledConnectionProvider - [id: 0x55d1ef56, L:/127.0.0.1:51877 - R:localhost/127.0.0.1:8083] Releasing channel
15:53:21.989 [reactor-http-nio-47] DEBUG reactor.netty.resources.PooledConnectionProvider - [id: 0x55d1ef56, L:/127.0.0.1:51877 - R:localhost/127.0.0.1:8083] Channel cleaned, now 144 active connections and 157 inactive connections
15:53:21.990 [reactor-http-nio-46] DEBUG reactor.netty.resources.PooledConnectionProvider - [id: 0xb25adae9, L:/127.0.0.1:51998 - R:localhost/127.0.0.1:8084] Channel acquired, now 2 active connections and 79 inactive connections
15:53:21.990 [reactor-http-nio-46] DEBUG reactor.netty.http.client.HttpClientConnect - [id: 0xb25adae9, L:/127.0.0.1:51998 - R:localhost/127.0.0.1:8084] Handler is being applied: {uri=http://localhost:8084/attractionRewardPoint?attractionId=b9be0f45-4c14-4f8c-a1de-5a96a0c8e39f&userId=6cff9602-8c46-45b4-a449-9b7be3f243f7, method=GET}
15:53:21.990 [reactor-http-nio-48] DEBUG reactor.netty.http.client.HttpClientOperations - [id: 0x43576e4f, L:/127.0.0.1:51882 - R:localhost/127.0.0.1:8083] Received response (auto-read:false) : [Content-Type=application/json, Transfer-Encoding=chunked, Date=Wed, 15 Jun 2022 14:53:21 GMT]
15:53:21.990 [reactor-http-nio-48] DEBUG reactor.netty.resources.PooledConnectionProvider - [id: 0x43576e4f, L:/127.0.0.1:51882 - R:localhost/127.0.0.1:8083] onStateChange(GET{uri=/attractions, connection=PooledConnection{channel=[id: 0x43576e4f, L:/127.0.0.1:51882 - R:localhost/127.0.0.1:8083]}}, [response_received])
15:53:21.990 [reactor-http-nio-48] DEBUG org.springframework.web.reactive.function.client.ExchangeFunctions - [2460bb0d] Response 200 OK
15:53:21.990 [reactor-http-nio-48] DEBUG reactor.netty.channel.FluxReceive - [id: 0x43576e4f, L:/127.0.0.1:51882 - R:localhost/127.0.0.1:8083] Subscribing inbound receiver [pending: 0, cancelled:false, inboundDone: false]
15:53:21.990 [reactor-http-nio-48] DEBUG reactor.netty.http.client.HttpClientOperations - [id: 0x43576e4f, L:/127.0.0.1:51882 - R:localhost/127.0.0.1:8083] Received last HTTP packet
15:53:21.990 [reactor-http-nio-48] DEBUG org.springframework.core.codec.StringDecoder - [2460bb0d] Decoded "[{"longitude":-117.922008,"latitude":33.817595,"attractionName":"Disneyland","city":"Anaheim","stat (truncated)...
15:53:21.990 [reactor-http-nio-48] DEBUG reactor.netty.resources.PooledConnectionProvider - [id: 0x43576e4f, L:/127.0.0.1:51882 - R:localhost/127.0.0.1:8083] onStateChange(GET{uri=/attractions, connection=PooledConnection{channel=[id: 0x43576e4f, L:/127.0.0.1:51882 - R:localhost/127.0.0.1:8083]}}, [disconnecting])
15:53:21.990 [reactor-http-nio-48] DEBUG reactor.netty.resources.PooledConnectionProvider - [id: 0x43576e4f, L:/127.0.0.1:51882 - R:localhost/127.0.0.1:8083] Releasing channel
15:53:21.990 [reactor-http-nio-48] DEBUG reactor.netty.resources.PooledConnectionProvider - [id: 0x43576e4f, L:/127.0.0.1:51882 - R:localhost/127.0.0.1:8083] Channel cleaned, now 143 active connections and 158 inactive connections
15:53:21.990 [reactor-http-nio-46] DEBUG reactor.netty.resources.PooledConnectionProvider - [id: 0xb25adae9, L:/127.0.0.1:51998 - R:localhost/127.0.0.1:8084] onStateChange(GET{uri=/attractionRewardPoint?attractionId=b9be0f45-4c14-4f8c-a1de-5a96a0c8e39f&userId=6cff9602-8c46-45b4-a449-9b7be3f243f7, connection=PooledConnection{channel=[id: 0xb25adae9, L:/127.0.0.1:51998 - R:localhost/127.0.0.1:8084]}}, [request_sent])
15:53:21.994 [reactor-http-nio-48] DEBUG reactor.netty.http.client.HttpClientOperations - [id: 0xa3c72883, L:/127.0.0.1:51976 - R:localhost/127.0.0.1:8083] Received response (auto-read:false) : [Content-Type=application/json, Transfer-Encoding=chunked, Date=Wed, 15 Jun 2022 14:53:21 GMT]
15:53:21.994 [reactor-http-nio-48] DEBUG reactor.netty.resources.PooledConnectionProvider - [id: 0xa3c72883, L:/127.0.0.1:51976 - R:localhost/127.0.0.1:8083] onStateChange(GET{uri=/attractions, connection=PooledConnection{channel=[id: 0xa3c72883, L:/127.0.0.1:51976 - R:localhost/127.0.0.1:8083]}}, [response_received])
15:53:21.994 [reactor-http-nio-48] DEBUG org.springframework.web.reactive.function.client.ExchangeFunctions - [75ea7422] Response 200 OK
15:53:21.994 [reactor-http-nio-41] DEBUG reactor.netty.http.client.HttpClientOperations - [id: 0x866e01db, L:/127.0.0.1:51707 - R:localhost/127.0.0.1:8083] Received response (auto-read:false) : [Content-Type=application/json, Transfer-Encoding=chunked, Date=Wed, 15 Jun 2022 14:53:21 GMT]
15:53:21.994 [reactor-http-nio-41] DEBUG reactor.netty.resources.PooledConnectionProvider - [id: 0x866e01db, L:/127.0.0.1:51707 - R:localhost/127.0.0.1:8083] onStateChange(GET{uri=/attractions, connection=PooledConnection{channel=[id: 0x866e01db, L:/127.0.0.1:51707 - R:localhost/127.0.0.1:8083]}}, [response_received])
15:53:21.994 [reactor-http-nio-41] DEBUG org.springframework.web.reactive.function.client.ExchangeFunctions - [236f8f0f] Response 200 OK
15:53:21.994 [reactor-http-nio-48] DEBUG reactor.netty.channel.FluxReceive - [id: 0xa3c72883, L:/127.0.0.1:51976 - R:localhost/127.0.0.1:8083] Subscribing inbound receiver [pending: 0, cancelled:false, inboundDone: false]
15:53:21.994 [reactor-http-nio-48] DEBUG reactor.netty.http.client.HttpClientOperations - [id: 0xa3c72883, L:/127.0.0.1:51976 - R:localhost/127.0.0.1:8083] Received last HTTP packet
15:53:21.994 [reactor-http-nio-41] DEBUG reactor.netty.channel.FluxReceive - [id: 0x866e01db, L:/127.0.0.1:51707 - R:localhost/127.0.0.1:8083] Subscribing inbound receiver [pending: 0, cancelled:false, inboundDone: false]
15:53:21.994 [reactor-http-nio-48] DEBUG org.springframework.core.codec.StringDecoder - [75ea7422] Decoded "[{"longitude":-117.922008,"latitude":33.817595,"attractionName":"Disneyland","city":"Anaheim","stat (truncated)...
15:53:21.994 [reactor-http-nio-41] DEBUG reactor.netty.http.client.HttpClientOperations - [id: 0x866e01db, L:/127.0.0.1:51707 - R:localhost/127.0.0.1:8083] Received last HTTP packet
15:53:21.994 [reactor-http-nio-48] DEBUG reactor.netty.resources.PooledConnectionProvider - [id: 0xa3c72883, L:/127.0.0.1:51976 - R:localhost/127.0.0.1:8083] onStateChange(GET{uri=/attractions, connection=PooledConnection{channel=[id: 0xa3c72883, L:/127.0.0.1:51976 - R:localhost/127.0.0.1:8083]}}, [disconnecting])
15:53:21.994 [reactor-http-nio-48] DEBUG reactor.netty.resources.PooledConnectionProvider - [id: 0xa3c72883, L:/127.0.0.1:51976 - R:localhost/127.0.0.1:8083] Releasing channel
15:53:21.994 [reactor-http-nio-41] DEBUG org.springframework.core.codec.StringDecoder - [236f8f0f] Decoded "[{"longitude":-117.922008,"latitude":33.817595,"attractionName":"Disneyland","city":"Anaheim","stat (truncated)...
15:53:21.994 [reactor-http-nio-48] DEBUG reactor.netty.resources.PooledConnectionProvider - [id: 0xa3c72883, L:/127.0.0.1:51976 - R:localhost/127.0.0.1:8083] Channel cleaned, now 142 active connections and 159 inactive connections
15:53:21.994 [reactor-http-nio-41] DEBUG reactor.netty.resources.PooledConnectionProvider - [id: 0x866e01db, L:/127.0.0.1:51707 - R:localhost/127.0.0.1:8083] onStateChange(GET{uri=/attractions, connection=PooledConnection{channel=[id: 0x866e01db, L:/127.0.0.1:51707 - R:localhost/127.0.0.1:8083]}}, [disconnecting])
15:53:21.994 [reactor-http-nio-41] DEBUG reactor.netty.resources.PooledConnectionProvider - [id: 0x866e01db, L:/127.0.0.1:51707 - R:localhost/127.0.0.1:8083] Releasing channel
15:53:21.994 [reactor-http-nio-41] DEBUG reactor.netty.resources.PooledConnectionProvider - [id: 0x866e01db, L:/127.0.0.1:51707 - R:localhost/127.0.0.1:8083] Channel cleaned, now 141 active connections and 160 inactive connections
15:53:21.996 [reactor-http-nio-48] DEBUG reactor.netty.http.client.HttpClientOperations - [id: 0x57866369, L:/127.0.0.1:51911 - R:localhost/127.0.0.1:8083] Received response (auto-read:false) : [Content-Type=application/json, Transfer-Encoding=chunked, Date=Wed, 15 Jun 2022 14:53:21 GMT]
15:53:21.996 [reactor-http-nio-48] DEBUG reactor.netty.resources.PooledConnectionProvider - [id: 0x57866369, L:/127.0.0.1:51911 - R:localhost/127.0.0.1:8083] onStateChange(GET{uri=/userLocation?userId=11d0fc76-df19-4500-8b23-23d78dd1a2c6, connection=PooledConnection{channel=[id: 0x57866369, L:/127.0.0.1:51911 - R:localhost/127.0.0.1:8083]}}, [response_received])
15:53:21.996 [reactor-http-nio-48] DEBUG org.springframework.web.reactive.function.client.ExchangeFunctions - [c8587a7] Response 200 OK
15:53:21.996 [reactor-http-nio-48] DEBUG reactor.netty.channel.FluxReceive - [id: 0x57866369, L:/127.0.0.1:51911 - R:localhost/127.0.0.1:8083] Subscribing inbound receiver [pending: 0, cancelled:false, inboundDone: false]
15:53:21.996 [reactor-http-nio-48] DEBUG reactor.netty.http.client.HttpClientOperations - [id: 0x57866369, L:/127.0.0.1:51911 - R:localhost/127.0.0.1:8083] Received last HTTP packet
15:53:21.997 [reactor-http-nio-48] DEBUG org.springframework.core.codec.StringDecoder - [c8587a7] Decoded "{"userId":"11d0fc76-df19-4500-8b23-23d78dd1a2c6","location":{"longitude":-110.999203,"latitude":33. (truncated)...
15:53:21.997 [reactor-http-nio-48] DEBUG reactor.netty.resources.PooledConnectionProvider - [id: 0x57866369, L:/127.0.0.1:51911 - R:localhost/127.0.0.1:8083] onStateChange(GET{uri=/userLocation?userId=11d0fc76-df19-4500-8b23-23d78dd1a2c6, connection=PooledConnection{channel=[id: 0x57866369, L:/127.0.0.1:51911 - R:localhost/127.0.0.1:8083]}}, [disconnecting])
15:53:21.997 [reactor-http-nio-48] DEBUG reactor.netty.resources.PooledConnectionProvider - [id: 0x57866369, L:/127.0.0.1:51911 - R:localhost/127.0.0.1:8083] Releasing channel
15:53:21.997 [reactor-http-nio-48] DEBUG reactor.netty.resources.PooledConnectionProvider - [id: 0x57866369, L:/127.0.0.1:51911 - R:localhost/127.0.0.1:8083] Channel cleaned, now 140 active connections and 161 inactive connections
15:53:21.998 [pool-44-thread-14] INFO tourGuide.service.TourGuideService - visitedLocatio tourGuide.gpsUtil.VisitedLocation@2427847
15:53:21.999 [pool-44-thread-14] DEBUG org.springframework.web.reactive.function.client.ExchangeFunctions - [67decd7] HTTP GET http://localhost:8083/attractions
15:53:22.002 [reactor-http-nio-47] DEBUG reactor.netty.http.client.HttpClientOperations - [id: 0xb30cfda6, L:/127.0.0.1:51864 - R:localhost/127.0.0.1:8083] Received response (auto-read:false) : [Content-Type=application/json, Transfer-Encoding=chunked, Date=Wed, 15 Jun 2022 14:53:21 GMT]
15:53:22.003 [reactor-http-nio-47] DEBUG reactor.netty.resources.PooledConnectionProvider - [id: 0xb30cfda6, L:/127.0.0.1:51864 - R:localhost/127.0.0.1:8083] onStateChange(GET{uri=/attractions, connection=PooledConnection{channel=[id: 0xb30cfda6, L:/127.0.0.1:51864 - R:localhost/127.0.0.1:8083]}}, [response_received])
15:53:22.003 [reactor-http-nio-47] DEBUG org.springframework.web.reactive.function.client.ExchangeFunctions - [4977dbf3] Response 200 OK
15:53:22.003 [reactor-http-nio-47] DEBUG reactor.netty.channel.FluxReceive - [id: 0xb30cfda6, L:/127.0.0.1:51864 - R:localhost/127.0.0.1:8083] Subscribing inbound receiver [pending: 0, cancelled:false, inboundDone: false]
15:53:22.003 [reactor-http-nio-41] DEBUG reactor.netty.resources.PooledConnectionProvider - [id: 0x48bd25d1, L:/127.0.0.1:51711 - R:localhost/127.0.0.1:8083] Channel acquired, now 141 active connections and 160 inactive connections
15:53:22.003 [reactor-http-nio-41] DEBUG reactor.netty.http.client.HttpClientConnect - [id: 0x48bd25d1, L:/127.0.0.1:51711 - R:localhost/127.0.0.1:8083] Handler is being applied: {uri=http://localhost:8083/attractions, method=GET}
15:53:22.003 [reactor-http-nio-47] DEBUG reactor.netty.http.client.HttpClientOperations - [id: 0xb30cfda6, L:/127.0.0.1:51864 - R:localhost/127.0.0.1:8083] Received last HTTP packet
15:53:22.003 [reactor-http-nio-47] DEBUG org.springframework.core.codec.StringDecoder - [4977dbf3] Decoded "[{"longitude":-117.922008,"latitude":33.817595,"attractionName":"Disneyland","city":"Anaheim","stat (truncated)...
15:53:22.003 [reactor-http-nio-47] DEBUG reactor.netty.resources.PooledConnectionProvider - [id: 0xb30cfda6, L:/127.0.0.1:51864 - R:localhost/127.0.0.1:8083] onStateChange(GET{uri=/attractions, connection=PooledConnection{channel=[id: 0xb30cfda6, L:/127.0.0.1:51864 - R:localhost/127.0.0.1:8083]}}, [disconnecting])
15:53:22.003 [reactor-http-nio-47] DEBUG reactor.netty.resources.PooledConnectionProvider - [id: 0xb30cfda6, L:/127.0.0.1:51864 - R:localhost/127.0.0.1:8083] Releasing channel
15:53:22.003 [reactor-http-nio-47] DEBUG reactor.netty.resources.PooledConnectionProvider - [id: 0xb30cfda6, L:/127.0.0.1:51864 - R:localhost/127.0.0.1:8083] Channel cleaned, now 140 active connections and 161 inactive connections
15:53:22.003 [reactor-http-nio-41] DEBUG reactor.netty.resources.PooledConnectionProvider - [id: 0x48bd25d1, L:/127.0.0.1:51711 - R:localhost/127.0.0.1:8083] onStateChange(GET{uri=/attractions, connection=PooledConnection{channel=[id: 0x48bd25d1, L:/127.0.0.1:51711 - R:localhost/127.0.0.1:8083]}}, [request_sent])
15:53:22.003 [reactor-http-nio-48] DEBUG reactor.netty.http.client.HttpClientOperations - [id: 0x735db106, L:/127.0.0.1:51888 - R:localhost/127.0.0.1:8083] Received response (auto-read:false) : [Content-Type=application/json, Transfer-Encoding=chunked, Date=Wed, 15 Jun 2022 14:53:21 GMT]
15:53:22.003 [reactor-http-nio-48] DEBUG reactor.netty.resources.PooledConnectionProvider - [id: 0x735db106, L:/127.0.0.1:51888 - R:localhost/127.0.0.1:8083] onStateChange(GET{uri=/userLocation?userId=59e40a26-d344-4b28-be1b-24d326431c22, connection=PooledConnection{channel=[id: 0x735db106, L:/127.0.0.1:51888 - R:localhost/127.0.0.1:8083]}}, [response_received])
15:53:22.003 [reactor-http-nio-48] DEBUG org.springframework.web.reactive.function.client.ExchangeFunctions - [1dbcf6d9] Response 200 OK
15:53:22.003 [reactor-http-nio-41] DEBUG reactor.netty.http.client.HttpClientOperations - [id: 0x45e1ba3f, L:/127.0.0.1:51927 - R:localhost/127.0.0.1:8083] Received response (auto-read:false) : [Content-Type=application/json, Transfer-Encoding=chunked, Date=Wed, 15 Jun 2022 14:53:21 GMT]
15:53:22.003 [reactor-http-nio-41] DEBUG reactor.netty.resources.PooledConnectionProvider - [id: 0x45e1ba3f, L:/127.0.0.1:51927 - R:localhost/127.0.0.1:8083] onStateChange(GET{uri=/attractions, connection=PooledConnection{channel=[id: 0x45e1ba3f, L:/127.0.0.1:51927 - R:localhost/127.0.0.1:8083]}}, [response_received])
15:53:22.004 [reactor-http-nio-41] DEBUG org.springframework.web.reactive.function.client.ExchangeFunctions - [4acb42af] Response 200 OK
15:53:22.004 [reactor-http-nio-48] DEBUG reactor.netty.channel.FluxReceive - [id: 0x735db106, L:/127.0.0.1:51888 - R:localhost/127.0.0.1:8083] Subscribing inbound receiver [pending: 0, cancelled:false, inboundDone: false]
15:53:22.004 [reactor-http-nio-48] DEBUG reactor.netty.http.client.HttpClientOperations - [id: 0x735db106, L:/127.0.0.1:51888 - R:localhost/127.0.0.1:8083] Received last HTTP packet
15:53:22.004 [reactor-http-nio-48] DEBUG org.springframework.core.codec.StringDecoder - [1dbcf6d9] Decoded "{"userId":"59e40a26-d344-4b28-be1b-24d326431c22","location":{"longitude":-143.587012,"latitude":65. (truncated)...
15:53:22.004 [reactor-http-nio-41] DEBUG reactor.netty.channel.FluxReceive - [id: 0x45e1ba3f, L:/127.0.0.1:51927 - R:localhost/127.0.0.1:8083] Subscribing inbound receiver [pending: 0, cancelled:false, inboundDone: false]
15:53:22.003 [reactor-http-nio-47] DEBUG reactor.netty.http.client.HttpClientOperations - [id: 0x6caa1951, L:/127.0.0.1:51695 - R:localhost/127.0.0.1:8083] Received response (auto-read:false) : [Content-Type=application/json, Transfer-Encoding=chunked, Date=Wed, 15 Jun 2022 14:53:21 GMT]
15:53:22.004 [reactor-http-nio-47] DEBUG reactor.netty.resources.PooledConnectionProvider - [id: 0x6caa1951, L:/127.0.0.1:51695 - R:localhost/127.0.0.1:8083] onStateChange(GET{uri=/userLocation?userId=cb38311c-b541-4bd4-bb0c-4030e45a53d5, connection=PooledConnection{channel=[id: 0x6caa1951, L:/127.0.0.1:51695 - R:localhost/127.0.0.1:8083]}}, [response_received])
15:53:22.004 [reactor-http-nio-41] DEBUG reactor.netty.http.client.HttpClientOperations - [id: 0x45e1ba3f, L:/127.0.0.1:51927 - R:localhost/127.0.0.1:8083] Received last HTTP packet
15:53:22.004 [reactor-http-nio-47] DEBUG org.springframework.web.reactive.function.client.ExchangeFunctions - [5640ff8] Response 200 OK
15:53:22.004 [reactor-http-nio-41] DEBUG org.springframework.core.codec.StringDecoder - [4acb42af] Decoded "[{"longitude":-117.922008,"latitude":33.817595,"attractionName":"Disneyland","city":"Anaheim","stat (truncated)...
15:53:22.004 [reactor-http-nio-41] DEBUG reactor.netty.resources.PooledConnectionProvider - [id: 0x45e1ba3f, L:/127.0.0.1:51927 - R:localhost/127.0.0.1:8083] onStateChange(GET{uri=/attractions, connection=PooledConnection{channel=[id: 0x45e1ba3f, L:/127.0.0.1:51927 - R:localhost/127.0.0.1:8083]}}, [disconnecting])
15:53:22.004 [reactor-http-nio-48] DEBUG reactor.netty.resources.PooledConnectionProvider - [id: 0x735db106, L:/127.0.0.1:51888 - R:localhost/127.0.0.1:8083] onStateChange(GET{uri=/userLocation?userId=59e40a26-d344-4b28-be1b-24d326431c22, connection=PooledConnection{channel=[id: 0x735db106, L:/127.0.0.1:51888 - R:localhost/127.0.0.1:8083]}}, [disconnecting])
15:53:22.004 [reactor-http-nio-48] DEBUG reactor.netty.resources.PooledConnectionProvider - [id: 0x735db106, L:/127.0.0.1:51888 - R:localhost/127.0.0.1:8083] Releasing channel
15:53:22.004 [reactor-http-nio-47] DEBUG reactor.netty.channel.FluxReceive - [id: 0x6caa1951, L:/127.0.0.1:51695 - R:localhost/127.0.0.1:8083] Subscribing inbound receiver [pending: 0, cancelled:false, inboundDone: false]
15:53:22.004 [reactor-http-nio-48] DEBUG reactor.netty.resources.PooledConnectionProvider - [id: 0x735db106, L:/127.0.0.1:51888 - R:localhost/127.0.0.1:8083] Channel cleaned, now 139 active connections and 162 inactive connections
15:53:22.004 [reactor-http-nio-47] DEBUG reactor.netty.http.client.HttpClientOperations - [id: 0x6caa1951, L:/127.0.0.1:51695 - R:localhost/127.0.0.1:8083] Received last HTTP packet
15:53:22.004 [reactor-http-nio-47] DEBUG org.springframework.core.codec.StringDecoder - [5640ff8] Decoded "{"userId":"cb38311c-b541-4bd4-bb0c-4030e45a53d5","location":{"longitude":-102.289464,"latitude":-81 (truncated)...
15:53:22.004 [reactor-http-nio-47] DEBUG reactor.netty.resources.PooledConnectionProvider - [id: 0x6caa1951, L:/127.0.0.1:51695 - R:localhost/127.0.0.1:8083] onStateChange(GET{uri=/userLocation?userId=cb38311c-b541-4bd4-bb0c-4030e45a53d5, connection=PooledConnection{channel=[id: 0x6caa1951, L:/127.0.0.1:51695 - R:localhost/127.0.0.1:8083]}}, [disconnecting])
15:53:22.004 [reactor-http-nio-47] DEBUG reactor.netty.resources.PooledConnectionProvider - [id: 0x6caa1951, L:/127.0.0.1:51695 - R:localhost/127.0.0.1:8083] Releasing channel
15:53:22.004 [reactor-http-nio-47] DEBUG reactor.netty.resources.PooledConnectionProvider - [id: 0x6caa1951, L:/127.0.0.1:51695 - R:localhost/127.0.0.1:8083] Channel cleaned, now 138 active connections and 163 inactive connections
15:53:22.004 [reactor-http-nio-48] DEBUG reactor.netty.http.client.HttpClientOperations - [id: 0x7de42074, L:/127.0.0.1:51875 - R:localhost/127.0.0.1:8083] Received response (auto-read:false) : [Content-Type=application/json, Transfer-Encoding=chunked, Date=Wed, 15 Jun 2022 14:53:21 GMT]
15:53:22.004 [reactor-http-nio-41] DEBUG reactor.netty.resources.PooledConnectionProvider - [id: 0x45e1ba3f, L:/127.0.0.1:51927 - R:localhost/127.0.0.1:8083] Releasing channel
15:53:22.004 [reactor-http-nio-41] DEBUG reactor.netty.resources.PooledConnectionProvider - [id: 0x45e1ba3f, L:/127.0.0.1:51927 - R:localhost/127.0.0.1:8083] Channel cleaned, now 137 active connections and 164 inactive connections
15:53:22.004 [reactor-http-nio-47] DEBUG reactor.netty.http.client.HttpClientOperations - [id: 0x42970d81, L:/127.0.0.1:51870 - R:localhost/127.0.0.1:8083] Received response (auto-read:false) : [Content-Type=application/json, Transfer-Encoding=chunked, Date=Wed, 15 Jun 2022 14:53:21 GMT]
15:53:22.004 [reactor-http-nio-47] DEBUG reactor.netty.resources.PooledConnectionProvider - [id: 0x42970d81, L:/127.0.0.1:51870 - R:localhost/127.0.0.1:8083] onStateChange(GET{uri=/attractions, connection=PooledConnection{channel=[id: 0x42970d81, L:/127.0.0.1:51870 - R:localhost/127.0.0.1:8083]}}, [response_received])
15:53:22.004 [reactor-http-nio-47] DEBUG org.springframework.web.reactive.function.client.ExchangeFunctions - [31c03d0] Response 200 OK
15:53:22.004 [reactor-http-nio-48] DEBUG reactor.netty.resources.PooledConnectionProvider - [id: 0x7de42074, L:/127.0.0.1:51875 - R:localhost/127.0.0.1:8083] onStateChange(GET{uri=/attractions, connection=PooledConnection{channel=[id: 0x7de42074, L:/127.0.0.1:51875 - R:localhost/127.0.0.1:8083]}}, [response_received])
15:53:22.004 [reactor-http-nio-48] DEBUG org.springframework.web.reactive.function.client.ExchangeFunctions - [4b200a92] Response 200 OK
15:53:22.005 [reactor-http-nio-47] DEBUG reactor.netty.channel.FluxReceive - [id: 0x42970d81, L:/127.0.0.1:51870 - R:localhost/127.0.0.1:8083] Subscribing inbound receiver [pending: 0, cancelled:false, inboundDone: false]
15:53:22.005 [reactor-http-nio-48] DEBUG reactor.netty.channel.FluxReceive - [id: 0x7de42074, L:/127.0.0.1:51875 - R:localhost/127.0.0.1:8083] Subscribing inbound receiver [pending: 0, cancelled:false, inboundDone: false]
15:53:22.005 [reactor-http-nio-47] DEBUG reactor.netty.http.client.HttpClientOperations - [id: 0x42970d81, L:/127.0.0.1:51870 - R:localhost/127.0.0.1:8083] Received last HTTP packet
15:53:22.005 [reactor-http-nio-48] DEBUG reactor.netty.http.client.HttpClientOperations - [id: 0x7de42074, L:/127.0.0.1:51875 - R:localhost/127.0.0.1:8083] Received last HTTP packet
15:53:22.005 [reactor-http-nio-47] DEBUG org.springframework.core.codec.StringDecoder - [31c03d0] Decoded "[{"longitude":-117.922008,"latitude":33.817595,"attractionName":"Disneyland","city":"Anaheim","stat (truncated)...
15:53:22.005 [reactor-http-nio-48] DEBUG org.springframework.core.codec.StringDecoder - [4b200a92] Decoded "[{"longitude":-117.922008,"latitude":33.817595,"attractionName":"Disneyland","city":"Anaheim","stat (truncated)...
15:53:22.005 [reactor-http-nio-47] DEBUG reactor.netty.resources.PooledConnectionProvider - [id: 0x42970d81, L:/127.0.0.1:51870 - R:localhost/127.0.0.1:8083] onStateChange(GET{uri=/attractions, connection=PooledConnection{channel=[id: 0x42970d81, L:/127.0.0.1:51870 - R:localhost/127.0.0.1:8083]}}, [disconnecting])
15:53:22.005 [reactor-http-nio-48] DEBUG reactor.netty.resources.PooledConnectionProvider - [id: 0x7de42074, L:/127.0.0.1:51875 - R:localhost/127.0.0.1:8083] onStateChange(GET{uri=/attractions, connection=PooledConnection{channel=[id: 0x7de42074, L:/127.0.0.1:51875 - R:localhost/127.0.0.1:8083]}}, [disconnecting])
15:53:22.005 [reactor-http-nio-48] DEBUG reactor.netty.resources.PooledConnectionProvider - [id: 0x7de42074, L:/127.0.0.1:51875 - R:localhost/127.0.0.1:8083] Releasing channel
15:53:22.005 [reactor-http-nio-47] DEBUG reactor.netty.resources.PooledConnectionProvider - [id: 0x42970d81, L:/127.0.0.1:51870 - R:localhost/127.0.0.1:8083] Releasing channel
15:53:22.005 [reactor-http-nio-48] DEBUG reactor.netty.resources.PooledConnectionProvider - [id: 0x7de42074, L:/127.0.0.1:51875 - R:localhost/127.0.0.1:8083] Channel cleaned, now 136 active connections and 165 inactive connections
15:53:22.005 [reactor-http-nio-47] DEBUG reactor.netty.resources.PooledConnectionProvider - [id: 0x42970d81, L:/127.0.0.1:51870 - R:localhost/127.0.0.1:8083] Channel cleaned, now 135 active connections and 166 inactive connections
15:53:22.005 [reactor-http-nio-47] DEBUG reactor.netty.http.client.HttpClientOperations - [id: 0xa3d0d1c3, L:/127.0.0.1:51871 - R:localhost/127.0.0.1:8083] Received response (auto-read:false) : [Content-Type=application/json, Transfer-Encoding=chunked, Date=Wed, 15 Jun 2022 14:53:21 GMT]
15:53:22.005 [reactor-http-nio-47] DEBUG reactor.netty.resources.PooledConnectionProvider - [id: 0xa3d0d1c3, L:/127.0.0.1:51871 - R:localhost/127.0.0.1:8083] onStateChange(GET{uri=/attractions, connection=PooledConnection{channel=[id: 0xa3d0d1c3, L:/127.0.0.1:51871 - R:localhost/127.0.0.1:8083]}}, [response_received])
15:53:22.005 [reactor-http-nio-47] DEBUG org.springframework.web.reactive.function.client.ExchangeFunctions - [6a5b377] Response 200 OK
15:53:22.005 [reactor-http-nio-47] DEBUG reactor.netty.channel.FluxReceive - [id: 0xa3d0d1c3, L:/127.0.0.1:51871 - R:localhost/127.0.0.1:8083] Subscribing inbound receiver [pending: 0, cancelled:false, inboundDone: false]
15:53:22.005 [reactor-http-nio-47] DEBUG reactor.netty.http.client.HttpClientOperations - [id: 0x53e3235d, L:/127.0.0.1:51903 - R:localhost/127.0.0.1:8083] Received response (auto-read:false) : [Content-Type=application/json, Transfer-Encoding=chunked, Date=Wed, 15 Jun 2022 14:53:21 GMT]
15:53:22.005 [reactor-http-nio-47] DEBUG reactor.netty.resources.PooledConnectionProvider - [id: 0x53e3235d, L:/127.0.0.1:51903 - R:localhost/127.0.0.1:8083] onStateChange(GET{uri=/userLocation?userId=5e2bf1d7-b572-436b-91dd-5d9d6421245e, connection=PooledConnection{channel=[id: 0x53e3235d, L:/127.0.0.1:51903 - R:localhost/127.0.0.1:8083]}}, [response_received])
15:53:22.005 [reactor-http-nio-47] DEBUG org.springframework.web.reactive.function.client.ExchangeFunctions - [65260fa8] Response 200 OK
15:53:22.006 [reactor-http-nio-47] DEBUG reactor.netty.channel.FluxReceive - [id: 0x53e3235d, L:/127.0.0.1:51903 - R:localhost/127.0.0.1:8083] Subscribing inbound receiver [pending: 0, cancelled:false, inboundDone: false]
15:53:22.006 [reactor-http-nio-47] DEBUG reactor.netty.http.client.HttpClientOperations - [id: 0x53e3235d, L:/127.0.0.1:51903 - R:localhost/127.0.0.1:8083] Received last HTTP packet
15:53:22.006 [reactor-http-nio-47] DEBUG org.springframework.core.codec.StringDecoder - [65260fa8] Decoded "{"userId":"5e2bf1d7-b572-436b-91dd-5d9d6421245e","location":{"longitude":-97.080964,"latitude":4.38 (truncated)...
15:53:22.006 [reactor-http-nio-47] DEBUG reactor.netty.resources.PooledConnectionProvider - [id: 0x53e3235d, L:/127.0.0.1:51903 - R:localhost/127.0.0.1:8083] onStateChange(GET{uri=/userLocation?userId=5e2bf1d7-b572-436b-91dd-5d9d6421245e, connection=PooledConnection{channel=[id: 0x53e3235d, L:/127.0.0.1:51903 - R:localhost/127.0.0.1:8083]}}, [disconnecting])
15:53:22.006 [reactor-http-nio-47] DEBUG reactor.netty.resources.PooledConnectionProvider - [id: 0x53e3235d, L:/127.0.0.1:51903 - R:localhost/127.0.0.1:8083] Releasing channel
15:53:22.006 [reactor-http-nio-47] DEBUG reactor.netty.resources.PooledConnectionProvider - [id: 0x53e3235d, L:/127.0.0.1:51903 - R:localhost/127.0.0.1:8083] Channel cleaned, now 134 active connections and 167 inactive connections
15:53:22.006 [pool-44-thread-30] INFO tourGuide.service.TourGuideService - visitedLocatio tourGuide.gpsUtil.VisitedLocation@137b0b1e
15:53:22.007 [pool-44-thread-30] DEBUG org.springframework.web.reactive.function.client.ExchangeFunctions - [17449da9] HTTP GET http://localhost:8083/attractions
15:53:22.007 [pool-44-thread-29] INFO tourGuide.service.TourGuideService - visitedLocatio tourGuide.gpsUtil.VisitedLocation@ba3f124
15:53:22.007 [pool-44-thread-29] DEBUG org.springframework.web.reactive.function.client.ExchangeFunctions - [f9c6488] HTTP GET http://localhost:8083/attractions
15:53:22.009 [reactor-http-nio-48] DEBUG reactor.netty.resources.PooledConnectionProvider - [id: 0xfc3bf400, L:/127.0.0.1:51944 - R:localhost/127.0.0.1:8083] Channel acquired, now 135 active connections and 166 inactive connections
15:53:22.009 [reactor-http-nio-48] DEBUG reactor.netty.http.client.HttpClientConnect - [id: 0xfc3bf400, L:/127.0.0.1:51944 - R:localhost/127.0.0.1:8083] Handler is being applied: {uri=http://localhost:8083/attractions, method=GET}
15:53:22.009 [reactor-http-nio-47] DEBUG reactor.netty.resources.PooledConnectionProvider - [id: 0x4269e003, L:/127.0.0.1:51863 - R:localhost/127.0.0.1:8083] Channel acquired, now 136 active connections and 165 inactive connections
15:53:22.009 [reactor-http-nio-47] DEBUG reactor.netty.http.client.HttpClientConnect - [id: 0x4269e003, L:/127.0.0.1:51863 - R:localhost/127.0.0.1:8083] Handler is being applied: {uri=http://localhost:8083/attractions, method=GET}
15:53:22.010 [reactor-http-nio-47] DEBUG reactor.netty.resources.PooledConnectionProvider - [id: 0x4269e003, L:/127.0.0.1:51863 - R:localhost/127.0.0.1:8083] onStateChange(GET{uri=/attractions, connection=PooledConnection{channel=[id: 0x4269e003, L:/127.0.0.1:51863 - R:localhost/127.0.0.1:8083]}}, [request_sent])
15:53:22.010 [reactor-http-nio-48] DEBUG reactor.netty.resources.PooledConnectionProvider - [id: 0xfc3bf400, L:/127.0.0.1:51944 - R:localhost/127.0.0.1:8083] onStateChange(GET{uri=/attractions, connection=PooledConnection{channel=[id: 0xfc3bf400, L:/127.0.0.1:51944 - R:localhost/127.0.0.1:8083]}}, [request_sent])
15:53:22.012 [pool-44-thread-24] INFO tourGuide.service.TourGuideService - visitedLocatio tourGuide.gpsUtil.VisitedLocation@6be1ed7c
15:53:22.012 [pool-44-thread-24] DEBUG org.springframework.web.reactive.function.client.ExchangeFunctions - [6fde64d8] HTTP GET http://localhost:8083/attractions
15:53:22.012 [reactor-http-nio-47] DEBUG reactor.netty.http.client.HttpClientOperations - [id: 0xa3d0d1c3, L:/127.0.0.1:51871 - R:localhost/127.0.0.1:8083] Received last HTTP packet
15:53:22.012 [reactor-http-nio-47] DEBUG org.springframework.core.codec.StringDecoder - [6a5b377] Decoded "[{"longitude":-117.922008,"latitude":33.817595,"attractionName":"Disneyland","city":"Anaheim","stat (truncated)...
15:53:22.012 [reactor-http-nio-47] DEBUG reactor.netty.resources.PooledConnectionProvider - [id: 0xa3d0d1c3, L:/127.0.0.1:51871 - R:localhost/127.0.0.1:8083] onStateChange(GET{uri=/attractions, connection=PooledConnection{channel=[id: 0xa3d0d1c3, L:/127.0.0.1:51871 - R:localhost/127.0.0.1:8083]}}, [disconnecting])
15:53:22.012 [reactor-http-nio-47] DEBUG reactor.netty.resources.PooledConnectionProvider - [id: 0xa3d0d1c3, L:/127.0.0.1:51871 - R:localhost/127.0.0.1:8083] Releasing channel
15:53:22.012 [reactor-http-nio-47] DEBUG reactor.netty.resources.PooledConnectionProvider - [id: 0xa3d0d1c3, L:/127.0.0.1:51871 - R:localhost/127.0.0.1:8083] Channel cleaned, now 135 active connections and 166 inactive connections
15:53:22.013 [reactor-http-nio-41] DEBUG reactor.netty.resources.PooledConnectionProvider - [id: 0xd0c6a217, L:/127.0.0.1:51778 - R:localhost/127.0.0.1:8083] Channel acquired, now 136 active connections and 165 inactive connections
15:53:22.013 [reactor-http-nio-41] DEBUG reactor.netty.http.client.HttpClientConnect - [id: 0xd0c6a217, L:/127.0.0.1:51778 - R:localhost/127.0.0.1:8083] Handler is being applied: {uri=http://localhost:8083/attractions, method=GET}
15:53:22.014 [reactor-http-nio-41] DEBUG reactor.netty.resources.PooledConnectionProvider - [id: 0xd0c6a217, L:/127.0.0.1:51778 - R:localhost/127.0.0.1:8083] onStateChange(GET{uri=/attractions, connection=PooledConnection{channel=[id: 0xd0c6a217, L:/127.0.0.1:51778 - R:localhost/127.0.0.1:8083]}}, [request_sent])
15:53:22.015 [reactor-http-nio-48] DEBUG reactor.netty.http.client.HttpClientOperations - [id: 0x357960ae, L:/127.0.0.1:51912 - R:localhost/127.0.0.1:8083] Received response (auto-read:false) : [Content-Type=application/json, Transfer-Encoding=chunked, Date=Wed, 15 Jun 2022 14:53:21 GMT]
15:53:22.015 [reactor-http-nio-48] DEBUG reactor.netty.resources.PooledConnectionProvider - [id: 0x357960ae, L:/127.0.0.1:51912 - R:localhost/127.0.0.1:8083] onStateChange(GET{uri=/userLocation?userId=1a7aec38-e379-45b7-a2d1-319e95ea313d, connection=PooledConnection{channel=[id: 0x357960ae, L:/127.0.0.1:51912 - R:localhost/127.0.0.1:8083]}}, [response_received])
15:53:22.015 [reactor-http-nio-48] DEBUG org.springframework.web.reactive.function.client.ExchangeFunctions - [2ada68ac] Response 200 OK
15:53:22.016 [reactor-http-nio-48] DEBUG reactor.netty.channel.FluxReceive - [id: 0x357960ae, L:/127.0.0.1:51912 - R:localhost/127.0.0.1:8083] Subscribing inbound receiver [pending: 0, cancelled:false, inboundDone: false]
15:53:22.016 [reactor-http-nio-48] DEBUG reactor.netty.http.client.HttpClientOperations - [id: 0x95b5a580, L:/127.0.0.1:51906 - R:localhost/127.0.0.1:8083] Received response (auto-read:false) : [Content-Type=application/json, Transfer-Encoding=chunked, Date=Wed, 15 Jun 2022 14:53:21 GMT]
15:53:22.016 [reactor-http-nio-48] DEBUG reactor.netty.resources.PooledConnectionProvider - [id: 0x95b5a580, L:/127.0.0.1:51906 - R:localhost/127.0.0.1:8083] onStateChange(GET{uri=/userLocation?userId=f97d6c66-5e54-451e-8ae9-06e41471c990, connection=PooledConnection{channel=[id: 0x95b5a580, L:/127.0.0.1:51906 - R:localhost/127.0.0.1:8083]}}, [response_received])
15:53:22.016 [reactor-http-nio-48] DEBUG org.springframework.web.reactive.function.client.ExchangeFunctions - [3530d9eb] Response 200 OK
15:53:22.016 [reactor-http-nio-48] DEBUG reactor.netty.channel.FluxReceive - [id: 0x95b5a580, L:/127.0.0.1:51906 - R:localhost/127.0.0.1:8083] Subscribing inbound receiver [pending: 0, cancelled:false, inboundDone: false]
15:53:22.016 [reactor-http-nio-48] DEBUG reactor.netty.http.client.HttpClientOperations - [id: 0x95b5a580, L:/127.0.0.1:51906 - R:localhost/127.0.0.1:8083] Received last HTTP packet
15:53:22.016 [reactor-http-nio-48] DEBUG org.springframework.core.codec.StringDecoder - [3530d9eb] Decoded "{"userId":"f97d6c66-5e54-451e-8ae9-06e41471c990","location":{"longitude":43.15192,"latitude":-28.25 (truncated)...
15:53:22.016 [reactor-http-nio-48] DEBUG reactor.netty.resources.PooledConnectionProvider - [id: 0x95b5a580, L:/127.0.0.1:51906 - R:localhost/127.0.0.1:8083] onStateChange(GET{uri=/userLocation?userId=f97d6c66-5e54-451e-8ae9-06e41471c990, connection=PooledConnection{channel=[id: 0x95b5a580, L:/127.0.0.1:51906 - R:localhost/127.0.0.1:8083]}}, [disconnecting])
15:53:22.016 [reactor-http-nio-48] DEBUG reactor.netty.resources.PooledConnectionProvider - [id: 0x95b5a580, L:/127.0.0.1:51906 - R:localhost/127.0.0.1:8083] Releasing channel
15:53:22.016 [reactor-http-nio-48] DEBUG reactor.netty.resources.PooledConnectionProvider - [id: 0x95b5a580, L:/127.0.0.1:51906 - R:localhost/127.0.0.1:8083] Channel cleaned, now 135 active connections and 166 inactive connections
15:53:22.017 [reactor-http-nio-48] DEBUG reactor.netty.http.client.HttpClientOperations - [id: 0x357960ae, L:/127.0.0.1:51912 - R:localhost/127.0.0.1:8083] Received last HTTP packet
15:53:22.017 [reactor-http-nio-48] DEBUG org.springframework.core.codec.StringDecoder - [2ada68ac] Decoded "{"userId":"1a7aec38-e379-45b7-a2d1-319e95ea313d","location":{"longitude":-111.360407,"latitude":-75 (truncated)...
15:53:22.017 [reactor-http-nio-48] DEBUG reactor.netty.resources.PooledConnectionProvider - [id: 0x357960ae, L:/127.0.0.1:51912 - R:localhost/127.0.0.1:8083] onStateChange(GET{uri=/userLocation?userId=1a7aec38-e379-45b7-a2d1-319e95ea313d, connection=PooledConnection{channel=[id: 0x357960ae, L:/127.0.0.1:51912 - R:localhost/127.0.0.1:8083]}}, [disconnecting])
15:53:22.017 [reactor-http-nio-48] DEBUG reactor.netty.resources.PooledConnectionProvider - [id: 0x357960ae, L:/127.0.0.1:51912 - R:localhost/127.0.0.1:8083] Releasing channel
15:53:22.017 [reactor-http-nio-48] DEBUG reactor.netty.resources.PooledConnectionProvider - [id: 0x357960ae, L:/127.0.0.1:51912 - R:localhost/127.0.0.1:8083] Channel cleaned, now 134 active connections and 167 inactive connections
15:53:22.017 [pool-44-thread-17] INFO tourGuide.service.TourGuideService - visitedLocatio tourGuide.gpsUtil.VisitedLocation@241d9387
15:53:22.017 [pool-44-thread-26] INFO tourGuide.service.TourGuideService - visitedLocatio tourGuide.gpsUtil.VisitedLocation@3bf7313d
15:53:22.018 [pool-44-thread-17] DEBUG org.springframework.web.reactive.function.client.ExchangeFunctions - [202203dc] HTTP GET http://localhost:8083/attractions
15:53:22.018 [pool-44-thread-26] DEBUG org.springframework.web.reactive.function.client.ExchangeFunctions - [3fc8b29b] HTTP GET http://localhost:8083/attractions
15:53:22.020 [reactor-http-nio-41] DEBUG reactor.netty.http.client.HttpClientOperations - [id: 0x47a2f5da, L:/127.0.0.1:51723 - R:localhost/127.0.0.1:8083] Received response (auto-read:false) : [Content-Type=application/json, Transfer-Encoding=chunked, Date=Wed, 15 Jun 2022 14:53:21 GMT]
15:53:22.020 [reactor-http-nio-41] DEBUG reactor.netty.resources.PooledConnectionProvider - [id: 0x47a2f5da, L:/127.0.0.1:51723 - R:localhost/127.0.0.1:8083] onStateChange(GET{uri=/attractions, connection=PooledConnection{channel=[id: 0x47a2f5da, L:/127.0.0.1:51723 - R:localhost/127.0.0.1:8083]}}, [response_received])
15:53:22.020 [reactor-http-nio-41] DEBUG org.springframework.web.reactive.function.client.ExchangeFunctions - [4c45b9a] Response 200 OK
15:53:22.020 [reactor-http-nio-41] DEBUG reactor.netty.channel.FluxReceive - [id: 0x47a2f5da, L:/127.0.0.1:51723 - R:localhost/127.0.0.1:8083] Subscribing inbound receiver [pending: 0, cancelled:false, inboundDone: false]
15:53:22.020 [reactor-http-nio-41] DEBUG reactor.netty.http.client.HttpClientOperations - [id: 0x47a2f5da, L:/127.0.0.1:51723 - R:localhost/127.0.0.1:8083] Received last HTTP packet
15:53:22.020 [reactor-http-nio-41] DEBUG org.springframework.core.codec.StringDecoder - [4c45b9a] Decoded "[{"longitude":-117.922008,"latitude":33.817595,"attractionName":"Disneyland","city":"Anaheim","stat (truncated)...
15:53:22.020 [reactor-http-nio-41] DEBUG reactor.netty.resources.PooledConnectionProvider - [id: 0x47a2f5da, L:/127.0.0.1:51723 - R:localhost/127.0.0.1:8083] onStateChange(GET{uri=/attractions, connection=PooledConnection{channel=[id: 0x47a2f5da, L:/127.0.0.1:51723 - R:localhost/127.0.0.1:8083]}}, [disconnecting])
15:53:22.020 [reactor-http-nio-41] DEBUG reactor.netty.resources.PooledConnectionProvider - [id: 0x47a2f5da, L:/127.0.0.1:51723 - R:localhost/127.0.0.1:8083] Releasing channel
15:53:22.020 [reactor-http-nio-41] DEBUG reactor.netty.resources.PooledConnectionProvider - [id: 0x47a2f5da, L:/127.0.0.1:51723 - R:localhost/127.0.0.1:8083] Channel cleaned, now 133 active connections and 168 inactive connections
15:53:22.020 [reactor-http-nio-41] DEBUG reactor.netty.resources.PooledConnectionProvider - [id: 0xb3555784, L:/127.0.0.1:51724 - R:localhost/127.0.0.1:8083] Channel acquired, now 134 active connections and 167 inactive connections
15:53:22.020 [reactor-http-nio-41] DEBUG reactor.netty.http.client.HttpClientConnect - [id: 0xb3555784, L:/127.0.0.1:51724 - R:localhost/127.0.0.1:8083] Handler is being applied: {uri=http://localhost:8083/attractions, method=GET}
15:53:22.021 [reactor-http-nio-41] DEBUG reactor.netty.resources.PooledConnectionProvider - [id: 0xb3555784, L:/127.0.0.1:51724 - R:localhost/127.0.0.1:8083] onStateChange(GET{uri=/attractions, connection=PooledConnection{channel=[id: 0xb3555784, L:/127.0.0.1:51724 - R:localhost/127.0.0.1:8083]}}, [request_sent])
15:53:22.021 [reactor-http-nio-47] DEBUG reactor.netty.resources.PooledConnectionProvider - [id: 0xd1ebbc3a, L:/127.0.0.1:51690 - R:localhost/127.0.0.1:8083] Channel acquired, now 135 active connections and 166 inactive connections
15:53:22.021 [reactor-http-nio-47] DEBUG reactor.netty.http.client.HttpClientConnect - [id: 0xd1ebbc3a, L:/127.0.0.1:51690 - R:localhost/127.0.0.1:8083] Handler is being applied: {uri=http://localhost:8083/attractions, method=GET}
15:53:22.021 [reactor-http-nio-47] DEBUG reactor.netty.resources.PooledConnectionProvider - [id: 0xd1ebbc3a, L:/127.0.0.1:51690 - R:localhost/127.0.0.1:8083] onStateChange(GET{uri=/attractions, connection=PooledConnection{channel=[id: 0xd1ebbc3a, L:/127.0.0.1:51690 - R:localhost/127.0.0.1:8083]}}, [request_sent])
15:53:22.029 [reactor-http-nio-47] DEBUG reactor.netty.http.client.HttpClientOperations - [id: 0xfd464294, L:/127.0.0.1:51869 - R:localhost/127.0.0.1:8083] Received response (auto-read:false) : [Content-Type=application/json, Transfer-Encoding=chunked, Date=Wed, 15 Jun 2022 14:53:21 GMT]
15:53:22.029 [reactor-http-nio-47] DEBUG reactor.netty.resources.PooledConnectionProvider - [id: 0xfd464294, L:/127.0.0.1:51869 - R:localhost/127.0.0.1:8083] onStateChange(GET{uri=/userLocation?userId=852d86e5-a986-4568-8f64-fa7351ead175, connection=PooledConnection{channel=[id: 0xfd464294, L:/127.0.0.1:51869 - R:localhost/127.0.0.1:8083]}}, [response_received])
15:53:22.029 [reactor-http-nio-47] DEBUG org.springframework.web.reactive.function.client.ExchangeFunctions - [3cea01ab] Response 200 OK
15:53:22.029 [reactor-http-nio-47] DEBUG reactor.netty.channel.FluxReceive - [id: 0xfd464294, L:/127.0.0.1:51869 - R:localhost/127.0.0.1:8083] Subscribing inbound receiver [pending: 0, cancelled:false, inboundDone: false]
15:53:22.029 [reactor-http-nio-47] DEBUG reactor.netty.http.client.HttpClientOperations - [id: 0xaeb3e815, L:/127.0.0.1:51887 - R:localhost/127.0.0.1:8083] Received response (auto-read:false) : [Content-Type=application/json, Transfer-Encoding=chunked, Date=Wed, 15 Jun 2022 14:53:21 GMT]
15:53:22.029 [reactor-http-nio-47] DEBUG reactor.netty.resources.PooledConnectionProvider - [id: 0xaeb3e815, L:/127.0.0.1:51887 - R:localhost/127.0.0.1:8083] onStateChange(GET{uri=/attractions, connection=PooledConnection{channel=[id: 0xaeb3e815, L:/127.0.0.1:51887 - R:localhost/127.0.0.1:8083]}}, [response_received])
15:53:22.029 [reactor-http-nio-41] DEBUG reactor.netty.http.client.HttpClientOperations - [id: 0x261624e9, L:/127.0.0.1:51718 - R:localhost/127.0.0.1:8083] Received response (auto-read:false) : [Content-Type=application/json, Transfer-Encoding=chunked, Date=Wed, 15 Jun 2022 14:53:21 GMT]
15:53:22.029 [reactor-http-nio-47] DEBUG org.springframework.web.reactive.function.client.ExchangeFunctions - [2df5c771] Response 200 OK
15:53:22.029 [reactor-http-nio-41] DEBUG reactor.netty.resources.PooledConnectionProvider - [id: 0x261624e9, L:/127.0.0.1:51718 - R:localhost/127.0.0.1:8083] onStateChange(GET{uri=/attractions, connection=PooledConnection{channel=[id: 0x261624e9, L:/127.0.0.1:51718 - R:localhost/127.0.0.1:8083]}}, [response_received])
15:53:22.030 [reactor-http-nio-41] DEBUG org.springframework.web.reactive.function.client.ExchangeFunctions - [c1ad3df] Response 200 OK
15:53:22.030 [reactor-http-nio-47] DEBUG reactor.netty.channel.FluxReceive - [id: 0xaeb3e815, L:/127.0.0.1:51887 - R:localhost/127.0.0.1:8083] Subscribing inbound receiver [pending: 0, cancelled:false, inboundDone: false]
15:53:22.030 [reactor-http-nio-41] DEBUG reactor.netty.channel.FluxReceive - [id: 0x261624e9, L:/127.0.0.1:51718 - R:localhost/127.0.0.1:8083] Subscribing inbound receiver [pending: 0, cancelled:false, inboundDone: false]
15:53:22.030 [reactor-http-nio-47] DEBUG reactor.netty.http.client.HttpClientOperations - [id: 0xaeb3e815, L:/127.0.0.1:51887 - R:localhost/127.0.0.1:8083] Received last HTTP packet
15:53:22.030 [reactor-http-nio-47] DEBUG org.springframework.core.codec.StringDecoder - [2df5c771] Decoded "[{"longitude":-117.922008,"latitude":33.817595,"attractionName":"Disneyland","city":"Anaheim","stat (truncated)...
15:53:22.030 [reactor-http-nio-47] DEBUG reactor.netty.resources.PooledConnectionProvider - [id: 0xaeb3e815, L:/127.0.0.1:51887 - R:localhost/127.0.0.1:8083] onStateChange(GET{uri=/attractions, connection=PooledConnection{channel=[id: 0xaeb3e815, L:/127.0.0.1:51887 - R:localhost/127.0.0.1:8083]}}, [disconnecting])
15:53:22.030 [reactor-http-nio-47] DEBUG reactor.netty.resources.PooledConnectionProvider - [id: 0xaeb3e815, L:/127.0.0.1:51887 - R:localhost/127.0.0.1:8083] Releasing channel
15:53:22.030 [reactor-http-nio-47] DEBUG reactor.netty.resources.PooledConnectionProvider - [id: 0xaeb3e815, L:/127.0.0.1:51887 - R:localhost/127.0.0.1:8083] Channel cleaned, now 134 active connections and 167 inactive connections
15:53:22.030 [reactor-http-nio-41] DEBUG reactor.netty.http.client.HttpClientOperations - [id: 0x261624e9, L:/127.0.0.1:51718 - R:localhost/127.0.0.1:8083] Received last HTTP packet
15:53:22.030 [reactor-http-nio-41] DEBUG org.springframework.core.codec.StringDecoder - [c1ad3df] Decoded "[{"longitude":-117.922008,"latitude":33.817595,"attractionName":"Disneyland","city":"Anaheim","stat (truncated)...
15:53:22.030 [reactor-http-nio-41] DEBUG reactor.netty.resources.PooledConnectionProvider - [id: 0x261624e9, L:/127.0.0.1:51718 - R:localhost/127.0.0.1:8083] onStateChange(GET{uri=/attractions, connection=PooledConnection{channel=[id: 0x261624e9, L:/127.0.0.1:51718 - R:localhost/127.0.0.1:8083]}}, [disconnecting])
15:53:22.030 [reactor-http-nio-41] DEBUG reactor.netty.resources.PooledConnectionProvider - [id: 0x261624e9, L:/127.0.0.1:51718 - R:localhost/127.0.0.1:8083] Releasing channel
15:53:22.030 [reactor-http-nio-41] DEBUG reactor.netty.resources.PooledConnectionProvider - [id: 0x261624e9, L:/127.0.0.1:51718 - R:localhost/127.0.0.1:8083] Channel cleaned, now 133 active connections and 168 inactive connections
15:53:22.031 [reactor-http-nio-41] DEBUG reactor.netty.http.client.HttpClientOperations - [id: 0x20fc71d3, L:/127.0.0.1:51915 - R:localhost/127.0.0.1:8083] Received response (auto-read:false) : [Content-Type=application/json, Transfer-Encoding=chunked, Date=Wed, 15 Jun 2022 14:53:21 GMT]
15:53:22.031 [reactor-http-nio-41] DEBUG reactor.netty.resources.PooledConnectionProvider - [id: 0x20fc71d3, L:/127.0.0.1:51915 - R:localhost/127.0.0.1:8083] onStateChange(GET{uri=/attractions, connection=PooledConnection{channel=[id: 0x20fc71d3, L:/127.0.0.1:51915 - R:localhost/127.0.0.1:8083]}}, [response_received])
15:53:22.031 [reactor-http-nio-41] DEBUG org.springframework.web.reactive.function.client.ExchangeFunctions - [24d9424f] Response 200 OK
15:53:22.031 [reactor-http-nio-41] DEBUG reactor.netty.channel.FluxReceive - [id: 0x20fc71d3, L:/127.0.0.1:51915 - R:localhost/127.0.0.1:8083] Subscribing inbound receiver [pending: 0, cancelled:false, inboundDone: false]
15:53:22.032 [reactor-http-nio-41] DEBUG reactor.netty.http.client.HttpClientOperations - [id: 0x20fc71d3, L:/127.0.0.1:51915 - R:localhost/127.0.0.1:8083] Received last HTTP packet
15:53:22.032 [reactor-http-nio-41] DEBUG org.springframework.core.codec.StringDecoder - [24d9424f] Decoded "[{"longitude":-117.922008,"latitude":33.817595,"attractionName":"Disneyland","city":"Anaheim","stat (truncated)...
15:53:22.032 [reactor-http-nio-41] DEBUG reactor.netty.resources.PooledConnectionProvider - [id: 0x20fc71d3, L:/127.0.0.1:51915 - R:localhost/127.0.0.1:8083] onStateChange(GET{uri=/attractions, connection=PooledConnection{channel=[id: 0x20fc71d3, L:/127.0.0.1:51915 - R:localhost/127.0.0.1:8083]}}, [disconnecting])
15:53:22.032 [reactor-http-nio-41] DEBUG reactor.netty.resources.PooledConnectionProvider - [id: 0x20fc71d3, L:/127.0.0.1:51915 - R:localhost/127.0.0.1:8083] Releasing channel
15:53:22.032 [reactor-http-nio-41] DEBUG reactor.netty.resources.PooledConnectionProvider - [id: 0x20fc71d3, L:/127.0.0.1:51915 - R:localhost/127.0.0.1:8083] Channel cleaned, now 132 active connections and 169 inactive connections
15:53:22.033 [reactor-http-nio-48] DEBUG reactor.netty.http.client.HttpClientOperations - [id: 0xa05904f0, L:/127.0.0.1:51935 - R:localhost/127.0.0.1:8083] Received response (auto-read:false) : [Content-Type=application/json, Transfer-Encoding=chunked, Date=Wed, 15 Jun 2022 14:53:21 GMT]
15:53:22.033 [reactor-http-nio-48] DEBUG reactor.netty.resources.PooledConnectionProvider - [id: 0xa05904f0, L:/127.0.0.1:51935 - R:localhost/127.0.0.1:8083] onStateChange(GET{uri=/attractions, connection=PooledConnection{channel=[id: 0xa05904f0, L:/127.0.0.1:51935 - R:localhost/127.0.0.1:8083]}}, [response_received])
15:53:22.033 [reactor-http-nio-48] DEBUG org.springframework.web.reactive.function.client.ExchangeFunctions - [4b323196] Response 200 OK
15:53:22.033 [reactor-http-nio-48] DEBUG reactor.netty.channel.FluxReceive - [id: 0xa05904f0, L:/127.0.0.1:51935 - R:localhost/127.0.0.1:8083] Subscribing inbound receiver [pending: 0, cancelled:false, inboundDone: false]
15:53:22.033 [reactor-http-nio-48] DEBUG reactor.netty.http.client.HttpClientOperations - [id: 0xa05904f0, L:/127.0.0.1:51935 - R:localhost/127.0.0.1:8083] Received last HTTP packet
15:53:22.034 [reactor-http-nio-48] DEBUG org.springframework.core.codec.StringDecoder - [4b323196] Decoded "[{"longitude":-117.922008,"latitude":33.817595,"attractionName":"Disneyland","city":"Anaheim","stat (truncated)...
15:53:22.034 [reactor-http-nio-48] DEBUG reactor.netty.resources.PooledConnectionProvider - [id: 0xa05904f0, L:/127.0.0.1:51935 - R:localhost/127.0.0.1:8083] onStateChange(GET{uri=/attractions, connection=PooledConnection{channel=[id: 0xa05904f0, L:/127.0.0.1:51935 - R:localhost/127.0.0.1:8083]}}, [disconnecting])
15:53:22.034 [reactor-http-nio-48] DEBUG reactor.netty.resources.PooledConnectionProvider - [id: 0xa05904f0, L:/127.0.0.1:51935 - R:localhost/127.0.0.1:8083] Releasing channel
15:53:22.034 [reactor-http-nio-48] DEBUG reactor.netty.resources.PooledConnectionProvider - [id: 0xa05904f0, L:/127.0.0.1:51935 - R:localhost/127.0.0.1:8083] Channel cleaned, now 131 active connections and 170 inactive connections
15:53:22.139 [reactor-http-nio-48] DEBUG reactor.netty.http.client.HttpClientOperations - [id: 0x068de3e1, L:/127.0.0.1:51918 - R:localhost/127.0.0.1:8083] Received response (auto-read:false) : [Content-Type=application/json, Transfer-Encoding=chunked, Date=Wed, 15 Jun 2022 14:53:21 GMT]
15:53:22.139 [reactor-http-nio-48] DEBUG reactor.netty.resources.PooledConnectionProvider - [id: 0x068de3e1, L:/127.0.0.1:51918 - R:localhost/127.0.0.1:8083] onStateChange(GET{uri=/userLocation?userId=5b21458b-1bca-411d-ad55-28cb916e556b, connection=PooledConnection{channel=[id: 0x068de3e1, L:/127.0.0.1:51918 - R:localhost/127.0.0.1:8083]}}, [response_received])
15:53:22.139 [reactor-http-nio-48] DEBUG org.springframework.web.reactive.function.client.ExchangeFunctions - [5c4ccc0d] Response 200 OK
15:53:22.140 [reactor-http-nio-48] DEBUG reactor.netty.channel.FluxReceive - [id: 0x068de3e1, L:/127.0.0.1:51918 - R:localhost/127.0.0.1:8083] Subscribing inbound receiver [pending: 0, cancelled:false, inboundDone: false]
15:53:22.140 [reactor-http-nio-48] DEBUG reactor.netty.http.client.HttpClientOperations - [id: 0x068de3e1, L:/127.0.0.1:51918 - R:localhost/127.0.0.1:8083] Received last HTTP packet
15:53:22.140 [reactor-http-nio-46] DEBUG reactor.netty.http.client.HttpClientOperations - [id: 0x7e95ad76, L:/127.0.0.1:51814 - R:localhost/127.0.0.1:8083] Received response (auto-read:false) : [Content-Type=application/json, Transfer-Encoding=chunked, Date=Wed, 15 Jun 2022 14:53:21 GMT]
15:53:22.140 [reactor-http-nio-48] DEBUG org.springframework.core.codec.StringDecoder - [5c4ccc0d] Decoded "{"userId":"5b21458b-1bca-411d-ad55-28cb916e556b","location":{"longitude":108.189145,"latitude":-74. (truncated)...
15:53:22.140 [reactor-http-nio-46] DEBUG reactor.netty.resources.PooledConnectionProvider - [id: 0x7e95ad76, L:/127.0.0.1:51814 - R:localhost/127.0.0.1:8083] onStateChange(GET{uri=/userLocation?userId=fabce45d-85c5-4fc3-98ac-696ea44a6a80, connection=PooledConnection{channel=[id: 0x7e95ad76, L:/127.0.0.1:51814 - R:localhost/127.0.0.1:8083]}}, [response_received])
15:53:22.140 [reactor-http-nio-48] DEBUG reactor.netty.resources.PooledConnectionProvider - [id: 0x068de3e1, L:/127.0.0.1:51918 - R:localhost/127.0.0.1:8083] onStateChange(GET{uri=/userLocation?userId=5b21458b-1bca-411d-ad55-28cb916e556b, connection=PooledConnection{channel=[id: 0x068de3e1, L:/127.0.0.1:51918 - R:localhost/127.0.0.1:8083]}}, [disconnecting])
15:53:22.140 [reactor-http-nio-48] DEBUG reactor.netty.resources.PooledConnectionProvider - [id: 0x068de3e1, L:/127.0.0.1:51918 - R:localhost/127.0.0.1:8083] Releasing channel
15:53:22.140 [reactor-http-nio-46] DEBUG org.springframework.web.reactive.function.client.ExchangeFunctions - [6d633d1b] Response 200 OK
15:53:22.140 [reactor-http-nio-48] DEBUG reactor.netty.resources.PooledConnectionProvider - [id: 0x068de3e1, L:/127.0.0.1:51918 - R:localhost/127.0.0.1:8083] Channel cleaned, now 130 active connections and 171 inactive connections
15:53:22.140 [reactor-http-nio-46] DEBUG reactor.netty.channel.FluxReceive - [id: 0x7e95ad76, L:/127.0.0.1:51814 - R:localhost/127.0.0.1:8083] Subscribing inbound receiver [pending: 0, cancelled:false, inboundDone: false]
15:53:22.140 [pool-44-thread-37] INFO tourGuide.service.TourGuideService - visitedLocatio tourGuide.gpsUtil.VisitedLocation@528b39f4
15:53:22.140 [reactor-http-nio-48] DEBUG reactor.netty.http.client.HttpClientOperations - [id: 0xd62a591a, L:/127.0.0.1:51974 - R:localhost/127.0.0.1:8083] Received response (auto-read:false) : [Content-Type=application/json, Transfer-Encoding=chunked, Date=Wed, 15 Jun 2022 14:53:21 GMT]
15:53:22.140 [reactor-http-nio-48] DEBUG reactor.netty.resources.PooledConnectionProvider - [id: 0xd62a591a, L:/127.0.0.1:51974 - R:localhost/127.0.0.1:8083] onStateChange(GET{uri=/userLocation?userId=bbbd6257-3e37-45e9-9525-8cc76c99ad06, connection=PooledConnection{channel=[id: 0xd62a591a, L:/127.0.0.1:51974 - R:localhost/127.0.0.1:8083]}}, [response_received])
15:53:22.140 [reactor-http-nio-47] DEBUG reactor.netty.http.client.HttpClientOperations - [id: 0x58b4f0a0, L:/127.0.0.1:51858 - R:localhost/127.0.0.1:8083] Received response (auto-read:false) : [Content-Type=application/json, Transfer-Encoding=chunked, Date=Wed, 15 Jun 2022 14:53:21 GMT]
15:53:22.140 [reactor-http-nio-48] DEBUG org.springframework.web.reactive.function.client.ExchangeFunctions - [3cccc5d] Response 200 OK
15:53:22.141 [reactor-http-nio-47] DEBUG reactor.netty.resources.PooledConnectionProvider - [id: 0x58b4f0a0, L:/127.0.0.1:51858 - R:localhost/127.0.0.1:8083] onStateChange(GET{uri=/userLocation?userId=aaca9cd8-6cba-42e4-96a4-7a2b1adf26ba, connection=PooledConnection{channel=[id: 0x58b4f0a0, L:/127.0.0.1:51858 - R:localhost/127.0.0.1:8083]}}, [response_received])
15:53:22.141 [reactor-http-nio-47] DEBUG org.springframework.web.reactive.function.client.ExchangeFunctions - [27e0e85f] Response 200 OK
15:53:22.141 [reactor-http-nio-47] DEBUG reactor.netty.channel.FluxReceive - [id: 0x58b4f0a0, L:/127.0.0.1:51858 - R:localhost/127.0.0.1:8083] Subscribing inbound receiver [pending: 0, cancelled:false, inboundDone: false]
15:53:22.141 [reactor-http-nio-48] DEBUG reactor.netty.channel.FluxReceive - [id: 0xd62a591a, L:/127.0.0.1:51974 - R:localhost/127.0.0.1:8083] Subscribing inbound receiver [pending: 0, cancelled:false, inboundDone: false]
15:53:22.141 [pool-44-thread-37] DEBUG org.springframework.web.reactive.function.client.ExchangeFunctions - [56b4a77d] HTTP GET http://localhost:8083/attractions
15:53:22.141 [reactor-http-nio-48] DEBUG reactor.netty.http.client.HttpClientOperations - [id: 0xce6ce1c7, L:/127.0.0.1:51962 - R:localhost/127.0.0.1:8083] Received response (auto-read:false) : [Content-Type=application/json, Transfer-Encoding=chunked, Date=Wed, 15 Jun 2022 14:53:21 GMT]
15:53:22.141 [reactor-http-nio-48] DEBUG reactor.netty.resources.PooledConnectionProvider - [id: 0xce6ce1c7, L:/127.0.0.1:51962 - R:localhost/127.0.0.1:8083] onStateChange(GET{uri=/userLocation?userId=f37f9bdc-fc6e-486a-a73c-d6bccbc2ecad, connection=PooledConnection{channel=[id: 0xce6ce1c7, L:/127.0.0.1:51962 - R:localhost/127.0.0.1:8083]}}, [response_received])
15:53:22.141 [reactor-http-nio-48] DEBUG org.springframework.web.reactive.function.client.ExchangeFunctions - [15fd1fc] Response 200 OK
15:53:22.141 [reactor-http-nio-48] DEBUG reactor.netty.channel.FluxReceive - [id: 0xce6ce1c7, L:/127.0.0.1:51962 - R:localhost/127.0.0.1:8083] Subscribing inbound receiver [pending: 0, cancelled:false, inboundDone: false]
15:53:22.142 [reactor-http-nio-48] DEBUG reactor.netty.http.client.HttpClientOperations - [id: 0xd62a591a, L:/127.0.0.1:51974 - R:localhost/127.0.0.1:8083] Received last HTTP packet
15:53:22.142 [reactor-http-nio-48] DEBUG org.springframework.core.codec.StringDecoder - [3cccc5d] Decoded "{"userId":"bbbd6257-3e37-45e9-9525-8cc76c99ad06","location":{"longitude":-87.569321,"latitude":68.3 (truncated)...
15:53:22.142 [reactor-http-nio-48] DEBUG reactor.netty.resources.PooledConnectionProvider - [id: 0xd62a591a, L:/127.0.0.1:51974 - R:localhost/127.0.0.1:8083] onStateChange(GET{uri=/userLocation?userId=bbbd6257-3e37-45e9-9525-8cc76c99ad06, connection=PooledConnection{channel=[id: 0xd62a591a, L:/127.0.0.1:51974 - R:localhost/127.0.0.1:8083]}}, [disconnecting])
15:53:22.142 [reactor-http-nio-48] DEBUG reactor.netty.resources.PooledConnectionProvider - [id: 0xd62a591a, L:/127.0.0.1:51974 - R:localhost/127.0.0.1:8083] Releasing channel
15:53:22.142 [reactor-http-nio-48] DEBUG reactor.netty.resources.PooledConnectionProvider - [id: 0xd62a591a, L:/127.0.0.1:51974 - R:localhost/127.0.0.1:8083] Channel cleaned, now 129 active connections and 172 inactive connections
15:53:22.143 [reactor-http-nio-48] DEBUG reactor.netty.http.client.HttpClientOperations - [id: 0x7a76d748, L:/127.0.0.1:51959 - R:localhost/127.0.0.1:8083] Received response (auto-read:false) : [Content-Type=application/json, Transfer-Encoding=chunked, Date=Wed, 15 Jun 2022 14:53:21 GMT]
15:53:22.143 [reactor-http-nio-47] DEBUG reactor.netty.http.client.HttpClientOperations - [id: 0x58b4f0a0, L:/127.0.0.1:51858 - R:localhost/127.0.0.1:8083] Received last HTTP packet
15:53:22.143 [reactor-http-nio-48] DEBUG reactor.netty.resources.PooledConnectionProvider - [id: 0x7a76d748, L:/127.0.0.1:51959 - R:localhost/127.0.0.1:8083] onStateChange(GET{uri=/userLocation?userId=e21f1bbf-91b2-4f2e-b640-57cb82f6839c, connection=PooledConnection{channel=[id: 0x7a76d748, L:/127.0.0.1:51959 - R:localhost/127.0.0.1:8083]}}, [response_received])
15:53:22.143 [reactor-http-nio-47] DEBUG org.springframework.core.codec.StringDecoder - [27e0e85f] Decoded "{"userId":"aaca9cd8-6cba-42e4-96a4-7a2b1adf26ba","location":{"longitude":-111.163557,"latitude":69. (truncated)...
15:53:22.143 [reactor-http-nio-48] DEBUG org.springframework.web.reactive.function.client.ExchangeFunctions - [50506b5e] Response 200 OK
15:53:22.143 [reactor-http-nio-47] DEBUG reactor.netty.resources.PooledConnectionProvider - [id: 0x58b4f0a0, L:/127.0.0.1:51858 - R:localhost/127.0.0.1:8083] onStateChange(GET{uri=/userLocation?userId=aaca9cd8-6cba-42e4-96a4-7a2b1adf26ba, connection=PooledConnection{channel=[id: 0x58b4f0a0, L:/127.0.0.1:51858 - R:localhost/127.0.0.1:8083]}}, [disconnecting])
15:53:22.143 [reactor-http-nio-47] DEBUG reactor.netty.resources.PooledConnectionProvider - [id: 0x58b4f0a0, L:/127.0.0.1:51858 - R:localhost/127.0.0.1:8083] Releasing channel
15:53:22.143 [reactor-http-nio-47] DEBUG reactor.netty.resources.PooledConnectionProvider - [id: 0x58b4f0a0, L:/127.0.0.1:51858 - R:localhost/127.0.0.1:8083] Channel cleaned, now 128 active connections and 173 inactive connections
15:53:22.143 [reactor-http-nio-48] DEBUG reactor.netty.channel.FluxReceive - [id: 0x7a76d748, L:/127.0.0.1:51959 - R:localhost/127.0.0.1:8083] Subscribing inbound receiver [pending: 0, cancelled:false, inboundDone: false]
15:53:22.143 [reactor-http-nio-41] DEBUG reactor.netty.resources.PooledConnectionProvider - [id: 0x03f2fda7, L:/127.0.0.1:51737 - R:localhost/127.0.0.1:8083] Channel acquired, now 129 active connections and 172 inactive connections
15:53:22.143 [reactor-http-nio-41] DEBUG reactor.netty.http.client.HttpClientConnect - [id: 0x03f2fda7, L:/127.0.0.1:51737 - R:localhost/127.0.0.1:8083] Handler is being applied: {uri=http://localhost:8083/attractions, method=GET}
15:53:22.143 [pool-44-thread-48] INFO tourGuide.service.TourGuideService - visitedLocatio tourGuide.gpsUtil.VisitedLocation@d0b3254
15:53:22.144 [pool-44-thread-48] DEBUG org.springframework.web.reactive.function.client.ExchangeFunctions - [934a72d] HTTP GET http://localhost:8083/attractions
15:53:22.144 [reactor-http-nio-41] DEBUG reactor.netty.resources.PooledConnectionProvider - [id: 0x03f2fda7, L:/127.0.0.1:51737 - R:localhost/127.0.0.1:8083] onStateChange(GET{uri=/attractions, connection=PooledConnection{channel=[id: 0x03f2fda7, L:/127.0.0.1:51737 - R:localhost/127.0.0.1:8083]}}, [request_sent])
15:53:22.145 [pool-44-thread-34] INFO tourGuide.service.TourGuideService - visitedLocatio tourGuide.gpsUtil.VisitedLocation@292712d3
15:53:22.145 [pool-44-thread-34] DEBUG org.springframework.web.reactive.function.client.ExchangeFunctions - [2d18832f] HTTP GET http://localhost:8083/attractions
15:53:22.146 [reactor-http-nio-41] DEBUG reactor.netty.resources.PooledConnectionProvider - [id: 0x506c6088, L:/127.0.0.1:51764 - R:localhost/127.0.0.1:8083] Channel acquired, now 130 active connections and 171 inactive connections
15:53:22.146 [reactor-http-nio-41] DEBUG reactor.netty.http.client.HttpClientConnect - [id: 0x506c6088, L:/127.0.0.1:51764 - R:localhost/127.0.0.1:8083] Handler is being applied: {uri=http://localhost:8083/attractions, method=GET}
15:53:22.146 [reactor-http-nio-41] DEBUG reactor.netty.resources.PooledConnectionProvider - [id: 0x506c6088, L:/127.0.0.1:51764 - R:localhost/127.0.0.1:8083] onStateChange(GET{uri=/attractions, connection=PooledConnection{channel=[id: 0x506c6088, L:/127.0.0.1:51764 - R:localhost/127.0.0.1:8083]}}, [request_sent])
15:53:22.148 [reactor-http-nio-41] DEBUG reactor.netty.resources.PooledConnectionProvider - [id: 0x48fc4dd2, L:/127.0.0.1:51755 - R:localhost/127.0.0.1:8083] Channel acquired, now 131 active connections and 170 inactive connections
15:53:22.148 [reactor-http-nio-41] DEBUG reactor.netty.http.client.HttpClientConnect - [id: 0x48fc4dd2, L:/127.0.0.1:51755 - R:localhost/127.0.0.1:8083] Handler is being applied: {uri=http://localhost:8083/attractions, method=GET}
15:53:22.149 [reactor-http-nio-41] DEBUG reactor.netty.resources.PooledConnectionProvider - [id: 0x48fc4dd2, L:/127.0.0.1:51755 - R:localhost/127.0.0.1:8083] onStateChange(GET{uri=/attractions, connection=PooledConnection{channel=[id: 0x48fc4dd2, L:/127.0.0.1:51755 - R:localhost/127.0.0.1:8083]}}, [request_sent])
15:53:22.150 [reactor-http-nio-48] DEBUG reactor.netty.http.client.HttpClientOperations - [id: 0xce6ce1c7, L:/127.0.0.1:51962 - R:localhost/127.0.0.1:8083] Received last HTTP packet
15:53:22.150 [reactor-http-nio-48] DEBUG org.springframework.core.codec.StringDecoder - [15fd1fc] Decoded "{"userId":"f37f9bdc-fc6e-486a-a73c-d6bccbc2ecad","location":{"longitude":143.863923,"latitude":-62. (truncated)...
15:53:22.150 [reactor-http-nio-48] DEBUG reactor.netty.resources.PooledConnectionProvider - [id: 0xce6ce1c7, L:/127.0.0.1:51962 - R:localhost/127.0.0.1:8083] onStateChange(GET{uri=/userLocation?userId=f37f9bdc-fc6e-486a-a73c-d6bccbc2ecad, connection=PooledConnection{channel=[id: 0xce6ce1c7, L:/127.0.0.1:51962 - R:localhost/127.0.0.1:8083]}}, [disconnecting])
15:53:22.150 [reactor-http-nio-48] DEBUG reactor.netty.resources.PooledConnectionProvider - [id: 0xce6ce1c7, L:/127.0.0.1:51962 - R:localhost/127.0.0.1:8083] Releasing channel
15:53:22.150 [reactor-http-nio-48] DEBUG reactor.netty.resources.PooledConnectionProvider - [id: 0xce6ce1c7, L:/127.0.0.1:51962 - R:localhost/127.0.0.1:8083] Channel cleaned, now 130 active connections and 171 inactive connections
15:53:22.151 [reactor-http-nio-46] DEBUG reactor.netty.http.client.HttpClientOperations - [id: 0x7e95ad76, L:/127.0.0.1:51814 - R:localhost/127.0.0.1:8083] Received last HTTP packet
15:53:22.151 [reactor-http-nio-46] DEBUG org.springframework.core.codec.StringDecoder - [6d633d1b] Decoded "{"userId":"fabce45d-85c5-4fc3-98ac-696ea44a6a80","location":{"longitude":178.558633,"latitude":-62. (truncated)...
15:53:22.151 [reactor-http-nio-46] DEBUG reactor.netty.resources.PooledConnectionProvider - [id: 0x7e95ad76, L:/127.0.0.1:51814 - R:localhost/127.0.0.1:8083] onStateChange(GET{uri=/userLocation?userId=fabce45d-85c5-4fc3-98ac-696ea44a6a80, connection=PooledConnection{channel=[id: 0x7e95ad76, L:/127.0.0.1:51814 - R:localhost/127.0.0.1:8083]}}, [disconnecting])
15:53:22.151 [reactor-http-nio-46] DEBUG reactor.netty.resources.PooledConnectionProvider - [id: 0x7e95ad76, L:/127.0.0.1:51814 - R:localhost/127.0.0.1:8083] Releasing channel
15:53:22.151 [reactor-http-nio-46] DEBUG reactor.netty.resources.PooledConnectionProvider - [id: 0x7e95ad76, L:/127.0.0.1:51814 - R:localhost/127.0.0.1:8083] Channel cleaned, now 129 active connections and 172 inactive connections
15:53:22.151 [pool-44-thread-39] INFO tourGuide.service.TourGuideService - visitedLocatio tourGuide.gpsUtil.VisitedLocation@f983fa7
15:53:22.151 [pool-44-thread-39] DEBUG org.springframework.web.reactive.function.client.ExchangeFunctions - [ba7ba8c] HTTP GET http://localhost:8083/attractions
15:53:22.153 [reactor-http-nio-48] DEBUG reactor.netty.http.client.HttpClientOperations - [id: 0x7a76d748, L:/127.0.0.1:51959 - R:localhost/127.0.0.1:8083] Received last HTTP packet
15:53:22.153 [reactor-http-nio-48] DEBUG org.springframework.core.codec.StringDecoder - [50506b5e] Decoded "{"userId":"e21f1bbf-91b2-4f2e-b640-57cb82f6839c","location":{"longitude":21.915441,"latitude":-0.04 (truncated)...
15:53:22.153 [reactor-http-nio-48] DEBUG reactor.netty.resources.PooledConnectionProvider - [id: 0x7a76d748, L:/127.0.0.1:51959 - R:localhost/127.0.0.1:8083] onStateChange(GET{uri=/userLocation?userId=e21f1bbf-91b2-4f2e-b640-57cb82f6839c, connection=PooledConnection{channel=[id: 0x7a76d748, L:/127.0.0.1:51959 - R:localhost/127.0.0.1:8083]}}, [disconnecting])
15:53:22.153 [reactor-http-nio-48] DEBUG reactor.netty.resources.PooledConnectionProvider - [id: 0x7a76d748, L:/127.0.0.1:51959 - R:localhost/127.0.0.1:8083] Releasing channel
15:53:22.153 [reactor-http-nio-48] DEBUG reactor.netty.resources.PooledConnectionProvider - [id: 0x7a76d748, L:/127.0.0.1:51959 - R:localhost/127.0.0.1:8083] Channel cleaned, now 128 active connections and 173 inactive connections
15:53:22.153 [pool-44-thread-82] INFO tourGuide.service.TourGuideService - visitedLocatio tourGuide.gpsUtil.VisitedLocation@63a4cec7
15:53:22.153 [reactor-http-nio-48] DEBUG reactor.netty.http.client.HttpClientOperations - [id: 0x4f10c9bb, L:/127.0.0.1:51905 - R:localhost/127.0.0.1:8083] Received response (auto-read:false) : [Content-Type=application/json, Transfer-Encoding=chunked, Date=Wed, 15 Jun 2022 14:53:21 GMT]
15:53:22.153 [reactor-http-nio-48] DEBUG reactor.netty.resources.PooledConnectionProvider - [id: 0x4f10c9bb, L:/127.0.0.1:51905 - R:localhost/127.0.0.1:8083] onStateChange(GET{uri=/userLocation?userId=1552ad6a-c0a8-470c-8592-8a8b37864e3a, connection=PooledConnection{channel=[id: 0x4f10c9bb, L:/127.0.0.1:51905 - R:localhost/127.0.0.1:8083]}}, [response_received])
15:53:22.153 [reactor-http-nio-48] DEBUG org.springframework.web.reactive.function.client.ExchangeFunctions - [23cf3cf2] Response 200 OK
15:53:22.153 [pool-44-thread-82] DEBUG org.springframework.web.reactive.function.client.ExchangeFunctions - [679b566b] HTTP GET http://localhost:8083/attractions
15:53:22.153 [reactor-http-nio-48] DEBUG reactor.netty.channel.FluxReceive - [id: 0x4f10c9bb, L:/127.0.0.1:51905 - R:localhost/127.0.0.1:8083] Subscribing inbound receiver [pending: 0, cancelled:false, inboundDone: false]
15:53:22.154 [reactor-http-nio-48] DEBUG reactor.netty.http.client.HttpClientOperations - [id: 0x4f10c9bb, L:/127.0.0.1:51905 - R:localhost/127.0.0.1:8083] Received last HTTP packet
15:53:22.154 [reactor-http-nio-48] DEBUG org.springframework.core.codec.StringDecoder - [23cf3cf2] Decoded "{"userId":"1552ad6a-c0a8-470c-8592-8a8b37864e3a","location":{"longitude":-57.39065,"latitude":-58.8 (truncated)...
15:53:22.154 [reactor-http-nio-48] DEBUG reactor.netty.resources.PooledConnectionProvider - [id: 0x4f10c9bb, L:/127.0.0.1:51905 - R:localhost/127.0.0.1:8083] onStateChange(GET{uri=/userLocation?userId=1552ad6a-c0a8-470c-8592-8a8b37864e3a, connection=PooledConnection{channel=[id: 0x4f10c9bb, L:/127.0.0.1:51905 - R:localhost/127.0.0.1:8083]}}, [disconnecting])
15:53:22.154 [reactor-http-nio-48] DEBUG reactor.netty.resources.PooledConnectionProvider - [id: 0x4f10c9bb, L:/127.0.0.1:51905 - R:localhost/127.0.0.1:8083] Releasing channel
15:53:22.154 [reactor-http-nio-48] DEBUG reactor.netty.resources.PooledConnectionProvider - [id: 0x4f10c9bb, L:/127.0.0.1:51905 - R:localhost/127.0.0.1:8083] Channel cleaned, now 127 active connections and 174 inactive connections
15:53:22.155 [reactor-http-nio-46] DEBUG reactor.netty.resources.PooledConnectionProvider - [id: 0xefddac86, L:/127.0.0.1:51812 - R:localhost/127.0.0.1:8083] Channel acquired, now 128 active connections and 173 inactive connections
15:53:22.155 [reactor-http-nio-46] DEBUG reactor.netty.http.client.HttpClientConnect - [id: 0xefddac86, L:/127.0.0.1:51812 - R:localhost/127.0.0.1:8083] Handler is being applied: {uri=http://localhost:8083/attractions, method=GET}
15:53:22.156 [reactor-http-nio-46] DEBUG reactor.netty.resources.PooledConnectionProvider - [id: 0xefddac86, L:/127.0.0.1:51812 - R:localhost/127.0.0.1:8083] onStateChange(GET{uri=/attractions, connection=PooledConnection{channel=[id: 0xefddac86, L:/127.0.0.1:51812 - R:localhost/127.0.0.1:8083]}}, [request_sent])
15:53:22.156 [pool-44-thread-42] INFO tourGuide.service.TourGuideService - visitedLocatio tourGuide.gpsUtil.VisitedLocation@5e979f24
15:53:22.156 [pool-44-thread-42] DEBUG org.springframework.web.reactive.function.client.ExchangeFunctions - [5aa8002e] HTTP GET http://localhost:8083/attractions
15:53:22.156 [reactor-http-nio-47] DEBUG reactor.netty.resources.PooledConnectionProvider - [id: 0xdce01143, L:/127.0.0.1:51689 - R:localhost/127.0.0.1:8083] Channel acquired, now 129 active connections and 172 inactive connections
15:53:22.156 [reactor-http-nio-47] DEBUG reactor.netty.http.client.HttpClientConnect - [id: 0xdce01143, L:/127.0.0.1:51689 - R:localhost/127.0.0.1:8083] Handler is being applied: {uri=http://localhost:8083/attractions, method=GET}
15:53:22.157 [pool-44-thread-49] INFO tourGuide.service.TourGuideService - visitedLocatio tourGuide.gpsUtil.VisitedLocation@2d08d6fb
15:53:22.157 [pool-44-thread-49] DEBUG org.springframework.web.reactive.function.client.ExchangeFunctions - [29375782] HTTP GET http://localhost:8083/attractions
15:53:22.157 [reactor-http-nio-47] DEBUG reactor.netty.resources.PooledConnectionProvider - [id: 0xdce01143, L:/127.0.0.1:51689 - R:localhost/127.0.0.1:8083] onStateChange(GET{uri=/attractions, connection=PooledConnection{channel=[id: 0xdce01143, L:/127.0.0.1:51689 - R:localhost/127.0.0.1:8083]}}, [request_sent])
15:53:22.159 [reactor-http-nio-46] DEBUG reactor.netty.resources.PooledConnectionProvider - [id: 0x2579fbf5, L:/127.0.0.1:51828 - R:localhost/127.0.0.1:8083] Channel acquired, now 130 active connections and 171 inactive connections
15:53:22.159 [reactor-http-nio-46] DEBUG reactor.netty.http.client.HttpClientConnect - [id: 0x2579fbf5, L:/127.0.0.1:51828 - R:localhost/127.0.0.1:8083] Handler is being applied: {uri=http://localhost:8083/attractions, method=GET}
15:53:22.159 [reactor-http-nio-47] DEBUG reactor.netty.resources.PooledConnectionProvider - [id: 0x8cd960d5, L:/127.0.0.1:51696 - R:localhost/127.0.0.1:8083] Channel acquired, now 131 active connections and 170 inactive connections
15:53:22.159 [reactor-http-nio-46] DEBUG reactor.netty.resources.PooledConnectionProvider - [id: 0x2579fbf5, L:/127.0.0.1:51828 - R:localhost/127.0.0.1:8083] onStateChange(GET{uri=/attractions, connection=PooledConnection{channel=[id: 0x2579fbf5, L:/127.0.0.1:51828 - R:localhost/127.0.0.1:8083]}}, [request_sent])
15:53:22.159 [reactor-http-nio-47] DEBUG reactor.netty.http.client.HttpClientConnect - [id: 0x8cd960d5, L:/127.0.0.1:51696 - R:localhost/127.0.0.1:8083] Handler is being applied: {uri=http://localhost:8083/attractions, method=GET}
15:53:22.160 [reactor-http-nio-47] DEBUG reactor.netty.resources.PooledConnectionProvider - [id: 0x8cd960d5, L:/127.0.0.1:51696 - R:localhost/127.0.0.1:8083] onStateChange(GET{uri=/attractions, connection=PooledConnection{channel=[id: 0x8cd960d5, L:/127.0.0.1:51696 - R:localhost/127.0.0.1:8083]}}, [request_sent])
15:53:22.163 [reactor-http-nio-46] DEBUG reactor.netty.http.client.HttpClientOperations - [id: 0xad15f065, L:/127.0.0.1:51819 - R:localhost/127.0.0.1:8083] Received response (auto-read:false) : [Content-Type=application/json, Transfer-Encoding=chunked, Date=Wed, 15 Jun 2022 14:53:21 GMT]
15:53:22.163 [reactor-http-nio-41] DEBUG reactor.netty.http.client.HttpClientOperations - [id: 0x61097f73, L:/127.0.0.1:51767 - R:localhost/127.0.0.1:8083] Received response (auto-read:false) : [Content-Type=application/json, Transfer-Encoding=chunked, Date=Wed, 15 Jun 2022 14:53:21 GMT]
15:53:22.163 [reactor-http-nio-41] DEBUG reactor.netty.resources.PooledConnectionProvider - [id: 0x61097f73, L:/127.0.0.1:51767 - R:localhost/127.0.0.1:8083] onStateChange(GET{uri=/userLocation?userId=c9413c42-b42b-49b8-8c1d-579d6946d30b, connection=PooledConnection{channel=[id: 0x61097f73, L:/127.0.0.1:51767 - R:localhost/127.0.0.1:8083]}}, [response_received])
15:53:22.163 [reactor-http-nio-41] DEBUG org.springframework.web.reactive.function.client.ExchangeFunctions - [39652f6] Response 200 OK
15:53:22.163 [reactor-http-nio-48] DEBUG reactor.netty.http.client.HttpClientOperations - [id: 0xf514f1ff, L:/127.0.0.1:51965 - R:localhost/127.0.0.1:8083] Received response (auto-read:false) : [Content-Type=application/json, Transfer-Encoding=chunked, Date=Wed, 15 Jun 2022 14:53:21 GMT]
15:53:22.163 [reactor-http-nio-48] DEBUG reactor.netty.resources.PooledConnectionProvider - [id: 0xf514f1ff, L:/127.0.0.1:51965 - R:localhost/127.0.0.1:8083] onStateChange(GET{uri=/userLocation?userId=00144def-53df-4278-b0d5-f2b693a53007, connection=PooledConnection{channel=[id: 0xf514f1ff, L:/127.0.0.1:51965 - R:localhost/127.0.0.1:8083]}}, [response_received])
15:53:22.163 [reactor-http-nio-48] DEBUG org.springframework.web.reactive.function.client.ExchangeFunctions - [5e465d94] Response 200 OK
15:53:22.163 [reactor-http-nio-46] DEBUG reactor.netty.resources.PooledConnectionProvider - [id: 0xad15f065, L:/127.0.0.1:51819 - R:localhost/127.0.0.1:8083] onStateChange(GET{uri=/userLocation?userId=9874006b-08cf-4b8e-b55f-ef2638e99665, connection=PooledConnection{channel=[id: 0xad15f065, L:/127.0.0.1:51819 - R:localhost/127.0.0.1:8083]}}, [response_received])
15:53:22.163 [reactor-http-nio-41] DEBUG reactor.netty.channel.FluxReceive - [id: 0x61097f73, L:/127.0.0.1:51767 - R:localhost/127.0.0.1:8083] Subscribing inbound receiver [pending: 0, cancelled:false, inboundDone: false]
15:53:22.163 [reactor-http-nio-46] DEBUG org.springframework.web.reactive.function.client.ExchangeFunctions - [5cfff9fd] Response 200 OK
15:53:22.163 [reactor-http-nio-48] DEBUG reactor.netty.channel.FluxReceive - [id: 0xf514f1ff, L:/127.0.0.1:51965 - R:localhost/127.0.0.1:8083] Subscribing inbound receiver [pending: 0, cancelled:false, inboundDone: false]
15:53:22.164 [reactor-http-nio-46] DEBUG reactor.netty.channel.FluxReceive - [id: 0xad15f065, L:/127.0.0.1:51819 - R:localhost/127.0.0.1:8083] Subscribing inbound receiver [pending: 0, cancelled:false, inboundDone: false]
15:53:22.164 [reactor-http-nio-48] DEBUG reactor.netty.http.client.HttpClientOperations - [id: 0xf514f1ff, L:/127.0.0.1:51965 - R:localhost/127.0.0.1:8083] Received last HTTP packet
15:53:22.164 [reactor-http-nio-46] DEBUG reactor.netty.http.client.HttpClientOperations - [id: 0xad15f065, L:/127.0.0.1:51819 - R:localhost/127.0.0.1:8083] Received last HTTP packet
15:53:22.164 [reactor-http-nio-48] DEBUG org.springframework.core.codec.StringDecoder - [5e465d94] Decoded "{"userId":"00144def-53df-4278-b0d5-f2b693a53007","location":{"longitude":-109.638246,"latitude":84. (truncated)...
15:53:22.164 [reactor-http-nio-46] DEBUG org.springframework.core.codec.StringDecoder - [5cfff9fd] Decoded "{"userId":"9874006b-08cf-4b8e-b55f-ef2638e99665","location":{"longitude":-139.789793,"latitude":-4. (truncated)...
15:53:22.164 [reactor-http-nio-48] DEBUG reactor.netty.resources.PooledConnectionProvider - [id: 0xf514f1ff, L:/127.0.0.1:51965 - R:localhost/127.0.0.1:8083] onStateChange(GET{uri=/userLocation?userId=00144def-53df-4278-b0d5-f2b693a53007, connection=PooledConnection{channel=[id: 0xf514f1ff, L:/127.0.0.1:51965 - R:localhost/127.0.0.1:8083]}}, [disconnecting])
15:53:22.164 [reactor-http-nio-48] DEBUG reactor.netty.resources.PooledConnectionProvider - [id: 0xf514f1ff, L:/127.0.0.1:51965 - R:localhost/127.0.0.1:8083] Releasing channel
15:53:22.164 [reactor-http-nio-48] DEBUG reactor.netty.resources.PooledConnectionProvider - [id: 0xf514f1ff, L:/127.0.0.1:51965 - R:localhost/127.0.0.1:8083] Channel cleaned, now 130 active connections and 171 inactive connections
15:53:22.164 [reactor-http-nio-46] DEBUG reactor.netty.resources.PooledConnectionProvider - [id: 0xad15f065, L:/127.0.0.1:51819 - R:localhost/127.0.0.1:8083] onStateChange(GET{uri=/userLocation?userId=9874006b-08cf-4b8e-b55f-ef2638e99665, connection=PooledConnection{channel=[id: 0xad15f065, L:/127.0.0.1:51819 - R:localhost/127.0.0.1:8083]}}, [disconnecting])
15:53:22.164 [reactor-http-nio-46] DEBUG reactor.netty.resources.PooledConnectionProvider - [id: 0xad15f065, L:/127.0.0.1:51819 - R:localhost/127.0.0.1:8083] Releasing channel
15:53:22.164 [reactor-http-nio-41] DEBUG reactor.netty.http.client.HttpClientOperations - [id: 0x61097f73, L:/127.0.0.1:51767 - R:localhost/127.0.0.1:8083] Received last HTTP packet
15:53:22.164 [reactor-http-nio-46] DEBUG reactor.netty.resources.PooledConnectionProvider - [id: 0xad15f065, L:/127.0.0.1:51819 - R:localhost/127.0.0.1:8083] Channel cleaned, now 129 active connections and 172 inactive connections
15:53:22.164 [reactor-http-nio-41] DEBUG org.springframework.core.codec.StringDecoder - [39652f6] Decoded "{"userId":"c9413c42-b42b-49b8-8c1d-579d6946d30b","location":{"longitude":-160.967447,"latitude":26. (truncated)...
15:53:22.164 [reactor-http-nio-41] DEBUG reactor.netty.resources.PooledConnectionProvider - [id: 0x61097f73, L:/127.0.0.1:51767 - R:localhost/127.0.0.1:8083] onStateChange(GET{uri=/userLocation?userId=c9413c42-b42b-49b8-8c1d-579d6946d30b, connection=PooledConnection{channel=[id: 0x61097f73, L:/127.0.0.1:51767 - R:localhost/127.0.0.1:8083]}}, [disconnecting])
15:53:22.164 [reactor-http-nio-41] DEBUG reactor.netty.resources.PooledConnectionProvider - [id: 0x61097f73, L:/127.0.0.1:51767 - R:localhost/127.0.0.1:8083] Releasing channel
15:53:22.164 [reactor-http-nio-41] DEBUG reactor.netty.resources.PooledConnectionProvider - [id: 0x61097f73, L:/127.0.0.1:51767 - R:localhost/127.0.0.1:8083] Channel cleaned, now 128 active connections and 173 inactive connections
15:53:22.164 [reactor-http-nio-48] DEBUG reactor.netty.http.client.HttpClientOperations - [id: 0xa9b4c53d, L:/127.0.0.1:51920 - R:localhost/127.0.0.1:8083] Received response (auto-read:false) : [Content-Type=application/json, Transfer-Encoding=chunked, Date=Wed, 15 Jun 2022 14:53:21 GMT]
15:53:22.164 [reactor-http-nio-48] DEBUG reactor.netty.resources.PooledConnectionProvider - [id: 0xa9b4c53d, L:/127.0.0.1:51920 - R:localhost/127.0.0.1:8083] onStateChange(GET{uri=/userLocation?userId=749256a1-2359-4387-b125-736bb14523b5, connection=PooledConnection{channel=[id: 0xa9b4c53d, L:/127.0.0.1:51920 - R:localhost/127.0.0.1:8083]}}, [response_received])
15:53:22.164 [reactor-http-nio-48] DEBUG org.springframework.web.reactive.function.client.ExchangeFunctions - [7d1ef1e7] Response 200 OK
15:53:22.164 [reactor-http-nio-46] DEBUG reactor.netty.http.client.HttpClientOperations - [id: 0x4746856e, L:/127.0.0.1:51809 - R:localhost/127.0.0.1:8083] Received response (auto-read:false) : [Content-Type=application/json, Transfer-Encoding=chunked, Date=Wed, 15 Jun 2022 14:53:21 GMT]
15:53:22.164 [reactor-http-nio-46] DEBUG reactor.netty.resources.PooledConnectionProvider - [id: 0x4746856e, L:/127.0.0.1:51809 - R:localhost/127.0.0.1:8083] onStateChange(GET{uri=/userLocation?userId=02987533-4656-4a9a-b6c8-ed2561cccf3c, connection=PooledConnection{channel=[id: 0x4746856e, L:/127.0.0.1:51809 - R:localhost/127.0.0.1:8083]}}, [response_received])
15:53:22.164 [reactor-http-nio-46] DEBUG org.springframework.web.reactive.function.client.ExchangeFunctions - [7b0e40f0] Response 200 OK
15:53:22.164 [reactor-http-nio-48] DEBUG reactor.netty.channel.FluxReceive - [id: 0xa9b4c53d, L:/127.0.0.1:51920 - R:localhost/127.0.0.1:8083] Subscribing inbound receiver [pending: 0, cancelled:false, inboundDone: false]
15:53:22.164 [reactor-http-nio-41] DEBUG reactor.netty.http.client.HttpClientOperations - [id: 0x733709b4, L:/127.0.0.1:51734 - R:localhost/127.0.0.1:8083] Received response (auto-read:false) : [Content-Type=application/json, Transfer-Encoding=chunked, Date=Wed, 15 Jun 2022 14:53:21 GMT]
15:53:22.164 [reactor-http-nio-41] DEBUG reactor.netty.resources.PooledConnectionProvider - [id: 0x733709b4, L:/127.0.0.1:51734 - R:localhost/127.0.0.1:8083] onStateChange(GET{uri=/userLocation?userId=85162fad-5258-4c92-b352-ba8704a45f6f, connection=PooledConnection{channel=[id: 0x733709b4, L:/127.0.0.1:51734 - R:localhost/127.0.0.1:8083]}}, [response_received])
15:53:22.164 [reactor-http-nio-46] DEBUG reactor.netty.channel.FluxReceive - [id: 0x4746856e, L:/127.0.0.1:51809 - R:localhost/127.0.0.1:8083] Subscribing inbound receiver [pending: 0, cancelled:false, inboundDone: false]
15:53:22.164 [reactor-http-nio-48] DEBUG reactor.netty.http.client.HttpClientOperations - [id: 0xa9b4c53d, L:/127.0.0.1:51920 - R:localhost/127.0.0.1:8083] Received last HTTP packet
15:53:22.164 [reactor-http-nio-41] DEBUG org.springframework.web.reactive.function.client.ExchangeFunctions - [398a6f05] Response 200 OK
15:53:22.164 [reactor-http-nio-46] DEBUG reactor.netty.http.client.HttpClientOperations - [id: 0x4746856e, L:/127.0.0.1:51809 - R:localhost/127.0.0.1:8083] Received last HTTP packet
15:53:22.164 [reactor-http-nio-48] DEBUG org.springframework.core.codec.StringDecoder - [7d1ef1e7] Decoded "{"userId":"749256a1-2359-4387-b125-736bb14523b5","location":{"longitude":-102.548899,"latitude":-57 (truncated)...
15:53:22.164 [reactor-http-nio-46] DEBUG org.springframework.core.codec.StringDecoder - [7b0e40f0] Decoded "{"userId":"02987533-4656-4a9a-b6c8-ed2561cccf3c","location":{"longitude":115.74453,"latitude":-12.8 (truncated)...
15:53:22.164 [reactor-http-nio-48] DEBUG reactor.netty.resources.PooledConnectionProvider - [id: 0xa9b4c53d, L:/127.0.0.1:51920 - R:localhost/127.0.0.1:8083] onStateChange(GET{uri=/userLocation?userId=749256a1-2359-4387-b125-736bb14523b5, connection=PooledConnection{channel=[id: 0xa9b4c53d, L:/127.0.0.1:51920 - R:localhost/127.0.0.1:8083]}}, [disconnecting])
15:53:22.164 [reactor-http-nio-46] DEBUG reactor.netty.resources.PooledConnectionProvider - [id: 0x4746856e, L:/127.0.0.1:51809 - R:localhost/127.0.0.1:8083] onStateChange(GET{uri=/userLocation?userId=02987533-4656-4a9a-b6c8-ed2561cccf3c, connection=PooledConnection{channel=[id: 0x4746856e, L:/127.0.0.1:51809 - R:localhost/127.0.0.1:8083]}}, [disconnecting])
15:53:22.164 [reactor-http-nio-46] DEBUG reactor.netty.resources.PooledConnectionProvider - [id: 0x4746856e, L:/127.0.0.1:51809 - R:localhost/127.0.0.1:8083] Releasing channel
15:53:22.164 [reactor-http-nio-41] DEBUG reactor.netty.channel.FluxReceive - [id: 0x733709b4, L:/127.0.0.1:51734 - R:localhost/127.0.0.1:8083] Subscribing inbound receiver [pending: 0, cancelled:false, inboundDone: false]
15:53:22.164 [reactor-http-nio-48] DEBUG reactor.netty.resources.PooledConnectionProvider - [id: 0xa9b4c53d, L:/127.0.0.1:51920 - R:localhost/127.0.0.1:8083] Releasing channel
15:53:22.164 [reactor-http-nio-46] DEBUG reactor.netty.resources.PooledConnectionProvider - [id: 0x4746856e, L:/127.0.0.1:51809 - R:localhost/127.0.0.1:8083] Channel cleaned, now 127 active connections and 174 inactive connections
15:53:22.165 [reactor-http-nio-48] DEBUG reactor.netty.resources.PooledConnectionProvider - [id: 0xa9b4c53d, L:/127.0.0.1:51920 - R:localhost/127.0.0.1:8083] Channel cleaned, now 126 active connections and 175 inactive connections
15:53:22.165 [reactor-http-nio-41] DEBUG reactor.netty.http.client.HttpClientOperations - [id: 0x733709b4, L:/127.0.0.1:51734 - R:localhost/127.0.0.1:8083] Received last HTTP packet
15:53:22.165 [reactor-http-nio-41] DEBUG org.springframework.core.codec.StringDecoder - [398a6f05] Decoded "{"userId":"85162fad-5258-4c92-b352-ba8704a45f6f","location":{"longitude":-51.295116,"latitude":14.1 (truncated)...
15:53:22.165 [reactor-http-nio-41] DEBUG reactor.netty.resources.PooledConnectionProvider - [id: 0x733709b4, L:/127.0.0.1:51734 - R:localhost/127.0.0.1:8083] onStateChange(GET{uri=/userLocation?userId=85162fad-5258-4c92-b352-ba8704a45f6f, connection=PooledConnection{channel=[id: 0x733709b4, L:/127.0.0.1:51734 - R:localhost/127.0.0.1:8083]}}, [disconnecting])
15:53:22.165 [reactor-http-nio-41] DEBUG reactor.netty.resources.PooledConnectionProvider - [id: 0x733709b4, L:/127.0.0.1:51734 - R:localhost/127.0.0.1:8083] Releasing channel
15:53:22.165 [reactor-http-nio-41] DEBUG reactor.netty.resources.PooledConnectionProvider - [id: 0x733709b4, L:/127.0.0.1:51734 - R:localhost/127.0.0.1:8083] Channel cleaned, now 125 active connections and 176 inactive connections
15:53:22.165 [pool-44-thread-92] INFO tourGuide.service.TourGuideService - visitedLocatio tourGuide.gpsUtil.VisitedLocation@5081a82c
15:53:22.165 [pool-44-thread-85] INFO tourGuide.service.TourGuideService - visitedLocatio tourGuide.gpsUtil.VisitedLocation@52380c12
15:53:22.166 [pool-44-thread-75] INFO tourGuide.service.TourGuideService - visitedLocatio tourGuide.gpsUtil.VisitedLocation@d51bcf4
15:53:22.166 [pool-44-thread-92] DEBUG org.springframework.web.reactive.function.client.ExchangeFunctions - [54be36e4] HTTP GET http://localhost:8083/attractions
15:53:22.166 [pool-44-thread-85] DEBUG org.springframework.web.reactive.function.client.ExchangeFunctions - [5607928d] HTTP GET http://localhost:8083/attractions
15:53:22.166 [pool-44-thread-75] DEBUG org.springframework.web.reactive.function.client.ExchangeFunctions - [96e3986] HTTP GET http://localhost:8083/attractions
15:53:22.166 [pool-44-thread-38] INFO tourGuide.service.TourGuideService - visitedLocatio tourGuide.gpsUtil.VisitedLocation@73d90034
15:53:22.166 [pool-44-thread-58] INFO tourGuide.service.TourGuideService - visitedLocatio tourGuide.gpsUtil.VisitedLocation@75c9b1e1
15:53:22.166 [pool-44-thread-38] DEBUG org.springframework.web.reactive.function.client.ExchangeFunctions - [77e69a97] HTTP GET http://localhost:8083/attractions
15:53:22.167 [pool-44-thread-58] DEBUG org.springframework.web.reactive.function.client.ExchangeFunctions - [71f62b80] HTTP GET http://localhost:8083/attractions
15:53:22.167 [pool-44-thread-71] INFO tourGuide.service.TourGuideService - visitedLocatio tourGuide.gpsUtil.VisitedLocation@374d9644
15:53:22.168 [pool-44-thread-71] DEBUG org.springframework.web.reactive.function.client.ExchangeFunctions - [33720475] HTTP GET http://localhost:8083/attractions
15:53:22.169 [reactor-http-nio-47] DEBUG reactor.netty.resources.PooledConnectionProvider - [id: 0x98ecb58e, L:/127.0.0.1:51684 - R:localhost/127.0.0.1:8083] Channel acquired, now 126 active connections and 175 inactive connections
15:53:22.170 [reactor-http-nio-47] DEBUG reactor.netty.http.client.HttpClientConnect - [id: 0x98ecb58e, L:/127.0.0.1:51684 - R:localhost/127.0.0.1:8083] Handler is being applied: {uri=http://localhost:8083/attractions, method=GET}
15:53:22.170 [reactor-http-nio-41] DEBUG reactor.netty.resources.PooledConnectionProvider - [id: 0x63f027f7, L:/127.0.0.1:51721 - R:localhost/127.0.0.1:8083] Channel acquired, now 127 active connections and 174 inactive connections
15:53:22.170 [reactor-http-nio-41] DEBUG reactor.netty.http.client.HttpClientConnect - [id: 0x63f027f7, L:/127.0.0.1:51721 - R:localhost/127.0.0.1:8083] Handler is being applied: {uri=http://localhost:8083/attractions, method=GET}
15:53:22.170 [reactor-http-nio-47] DEBUG reactor.netty.resources.PooledConnectionProvider - [id: 0x98ecb58e, L:/127.0.0.1:51684 - R:localhost/127.0.0.1:8083] onStateChange(GET{uri=/attractions, connection=PooledConnection{channel=[id: 0x98ecb58e, L:/127.0.0.1:51684 - R:localhost/127.0.0.1:8083]}}, [request_sent])
15:53:22.170 [reactor-http-nio-41] DEBUG reactor.netty.resources.PooledConnectionProvider - [id: 0x63f027f7, L:/127.0.0.1:51721 - R:localhost/127.0.0.1:8083] onStateChange(GET{uri=/attractions, connection=PooledConnection{channel=[id: 0x63f027f7, L:/127.0.0.1:51721 - R:localhost/127.0.0.1:8083]}}, [request_sent])
15:53:22.171 [reactor-http-nio-46] DEBUG reactor.netty.resources.PooledConnectionProvider - [id: 0x774c45b7, L:/127.0.0.1:51738 - R:localhost/127.0.0.1:8083] Channel acquired, now 128 active connections and 173 inactive connections
15:53:22.171 [reactor-http-nio-46] DEBUG reactor.netty.http.client.HttpClientConnect - [id: 0x774c45b7, L:/127.0.0.1:51738 - R:localhost/127.0.0.1:8083] Handler is being applied: {uri=http://localhost:8083/attractions, method=GET}
15:53:22.171 [reactor-http-nio-46] DEBUG reactor.netty.resources.PooledConnectionProvider - [id: 0x774c45b7, L:/127.0.0.1:51738 - R:localhost/127.0.0.1:8083] onStateChange(GET{uri=/attractions, connection=PooledConnection{channel=[id: 0x774c45b7, L:/127.0.0.1:51738 - R:localhost/127.0.0.1:8083]}}, [request_sent])
15:53:22.171 [reactor-http-nio-46] DEBUG reactor.netty.resources.PooledConnectionProvider - [id: 0x61ea6475, L:/127.0.0.1:51957 - R:localhost/127.0.0.1:8083] Channel acquired, now 129 active connections and 172 inactive connections
15:53:22.171 [reactor-http-nio-46] DEBUG reactor.netty.http.client.HttpClientConnect - [id: 0x61ea6475, L:/127.0.0.1:51957 - R:localhost/127.0.0.1:8083] Handler is being applied: {uri=http://localhost:8083/attractions, method=GET}
15:53:22.171 [reactor-http-nio-46] DEBUG reactor.netty.resources.PooledConnectionProvider - [id: 0x61ea6475, L:/127.0.0.1:51957 - R:localhost/127.0.0.1:8083] onStateChange(GET{uri=/attractions, connection=PooledConnection{channel=[id: 0x61ea6475, L:/127.0.0.1:51957 - R:localhost/127.0.0.1:8083]}}, [request_sent])
15:53:22.171 [reactor-http-nio-46] DEBUG reactor.netty.resources.PooledConnectionProvider - [id: 0xe6317c04, L:/127.0.0.1:51827 - R:localhost/127.0.0.1:8083] Channel acquired, now 130 active connections and 171 inactive connections
15:53:22.171 [reactor-http-nio-46] DEBUG reactor.netty.http.client.HttpClientConnect - [id: 0xe6317c04, L:/127.0.0.1:51827 - R:localhost/127.0.0.1:8083] Handler is being applied: {uri=http://localhost:8083/attractions, method=GET}
15:53:22.171 [reactor-http-nio-46] DEBUG reactor.netty.resources.PooledConnectionProvider - [id: 0xe6317c04, L:/127.0.0.1:51827 - R:localhost/127.0.0.1:8083] onStateChange(GET{uri=/attractions, connection=PooledConnection{channel=[id: 0xe6317c04, L:/127.0.0.1:51827 - R:localhost/127.0.0.1:8083]}}, [request_sent])
15:53:22.172 [reactor-http-nio-41] DEBUG reactor.netty.resources.PooledConnectionProvider - [id: 0x003d9ecc, L:/127.0.0.1:51923 - R:localhost/127.0.0.1:8083] Channel acquired, now 131 active connections and 170 inactive connections
15:53:22.172 [reactor-http-nio-41] DEBUG reactor.netty.http.client.HttpClientConnect - [id: 0x003d9ecc, L:/127.0.0.1:51923 - R:localhost/127.0.0.1:8083] Handler is being applied: {uri=http://localhost:8083/attractions, method=GET}
15:53:22.172 [reactor-http-nio-46] DEBUG reactor.netty.http.client.HttpClientOperations - [id: 0x29677198, L:/127.0.0.1:51832 - R:localhost/127.0.0.1:8083] Received response (auto-read:false) : [Content-Type=application/json, Transfer-Encoding=chunked, Date=Wed, 15 Jun 2022 14:53:21 GMT]
15:53:22.172 [reactor-http-nio-46] DEBUG reactor.netty.resources.PooledConnectionProvider - [id: 0x29677198, L:/127.0.0.1:51832 - R:localhost/127.0.0.1:8083] onStateChange(GET{uri=/userLocation?userId=d492245e-d862-49d2-9d13-140c9b1309b9, connection=PooledConnection{channel=[id: 0x29677198, L:/127.0.0.1:51832 - R:localhost/127.0.0.1:8083]}}, [response_received])
15:53:22.173 [reactor-http-nio-48] DEBUG reactor.netty.http.client.HttpClientOperations - [id: 0xed116a68, L:/127.0.0.1:51964 - R:localhost/127.0.0.1:8083] Received response (auto-read:false) : [Content-Type=application/json, Transfer-Encoding=chunked, Date=Wed, 15 Jun 2022 14:53:21 GMT]
15:53:22.173 [reactor-http-nio-46] DEBUG org.springframework.web.reactive.function.client.ExchangeFunctions - [7e5bc2ca] Response 200 OK
15:53:22.173 [reactor-http-nio-48] DEBUG reactor.netty.resources.PooledConnectionProvider - [id: 0xed116a68, L:/127.0.0.1:51964 - R:localhost/127.0.0.1:8083] onStateChange(GET{uri=/userLocation?userId=cf5e2969-7fe8-42b8-bfdd-939dfcca2d89, connection=PooledConnection{channel=[id: 0xed116a68, L:/127.0.0.1:51964 - R:localhost/127.0.0.1:8083]}}, [response_received])
15:53:22.173 [reactor-http-nio-48] DEBUG org.springframework.web.reactive.function.client.ExchangeFunctions - [6562c48a] Response 200 OK
15:53:22.173 [reactor-http-nio-41] DEBUG reactor.netty.resources.PooledConnectionProvider - [id: 0x003d9ecc, L:/127.0.0.1:51923 - R:localhost/127.0.0.1:8083] onStateChange(GET{uri=/attractions, connection=PooledConnection{channel=[id: 0x003d9ecc, L:/127.0.0.1:51923 - R:localhost/127.0.0.1:8083]}}, [request_sent])
15:53:22.173 [reactor-http-nio-48] DEBUG reactor.netty.channel.FluxReceive - [id: 0xed116a68, L:/127.0.0.1:51964 - R:localhost/127.0.0.1:8083] Subscribing inbound receiver [pending: 0, cancelled:false, inboundDone: false]
15:53:22.173 [reactor-http-nio-48] DEBUG reactor.netty.http.client.HttpClientOperations - [id: 0xed116a68, L:/127.0.0.1:51964 - R:localhost/127.0.0.1:8083] Received last HTTP packet
15:53:22.173 [reactor-http-nio-46] DEBUG reactor.netty.channel.FluxReceive - [id: 0x29677198, L:/127.0.0.1:51832 - R:localhost/127.0.0.1:8083] Subscribing inbound receiver [pending: 0, cancelled:false, inboundDone: false]
15:53:22.173 [reactor-http-nio-41] DEBUG reactor.netty.http.client.HttpClientOperations - [id: 0x98e6ee9b, L:/127.0.0.1:51750 - R:localhost/127.0.0.1:8083] Received response (auto-read:false) : [Content-Type=application/json, Transfer-Encoding=chunked, Date=Wed, 15 Jun 2022 14:53:21 GMT]
15:53:22.173 [reactor-http-nio-48] DEBUG org.springframework.core.codec.StringDecoder - [6562c48a] Decoded "{"userId":"cf5e2969-7fe8-42b8-bfdd-939dfcca2d89","location":{"longitude":-57.236653,"latitude":77.1 (truncated)...
15:53:22.173 [reactor-http-nio-41] DEBUG reactor.netty.resources.PooledConnectionProvider - [id: 0x98e6ee9b, L:/127.0.0.1:51750 - R:localhost/127.0.0.1:8083] onStateChange(GET{uri=/userLocation?userId=2c1ddd55-b95f-4bc4-af73-6af45e100284, connection=PooledConnection{channel=[id: 0x98e6ee9b, L:/127.0.0.1:51750 - R:localhost/127.0.0.1:8083]}}, [response_received])
15:53:22.173 [reactor-http-nio-48] DEBUG reactor.netty.resources.PooledConnectionProvider - [id: 0xed116a68, L:/127.0.0.1:51964 - R:localhost/127.0.0.1:8083] onStateChange(GET{uri=/userLocation?userId=cf5e2969-7fe8-42b8-bfdd-939dfcca2d89, connection=PooledConnection{channel=[id: 0xed116a68, L:/127.0.0.1:51964 - R:localhost/127.0.0.1:8083]}}, [disconnecting])
15:53:22.173 [reactor-http-nio-41] DEBUG org.springframework.web.reactive.function.client.ExchangeFunctions - [65e2ae63] Response 200 OK
15:53:22.173 [reactor-http-nio-46] DEBUG reactor.netty.http.client.HttpClientOperations - [id: 0x29677198, L:/127.0.0.1:51832 - R:localhost/127.0.0.1:8083] Received last HTTP packet
15:53:22.173 [reactor-http-nio-48] DEBUG reactor.netty.resources.PooledConnectionProvider - [id: 0xed116a68, L:/127.0.0.1:51964 - R:localhost/127.0.0.1:8083] Releasing channel
15:53:22.173 [reactor-http-nio-48] DEBUG reactor.netty.resources.PooledConnectionProvider - [id: 0xed116a68, L:/127.0.0.1:51964 - R:localhost/127.0.0.1:8083] Channel cleaned, now 130 active connections and 171 inactive connections
15:53:22.173 [reactor-http-nio-41] DEBUG reactor.netty.channel.FluxReceive - [id: 0x98e6ee9b, L:/127.0.0.1:51750 - R:localhost/127.0.0.1:8083] Subscribing inbound receiver [pending: 0, cancelled:false, inboundDone: false]
15:53:22.173 [reactor-http-nio-41] DEBUG reactor.netty.http.client.HttpClientOperations - [id: 0x98e6ee9b, L:/127.0.0.1:51750 - R:localhost/127.0.0.1:8083] Received last HTTP packet
15:53:22.173 [reactor-http-nio-47] DEBUG reactor.netty.http.client.HttpClientOperations - [id: 0x3b9f7ba5, L:/127.0.0.1:51836 - R:localhost/127.0.0.1:8083] Received response (auto-read:false) : [Content-Type=application/json, Transfer-Encoding=chunked, Date=Wed, 15 Jun 2022 14:53:21 GMT]
15:53:22.173 [reactor-http-nio-41] DEBUG org.springframework.core.codec.StringDecoder - [65e2ae63] Decoded "{"userId":"2c1ddd55-b95f-4bc4-af73-6af45e100284","location":{"longitude":-82.289958,"latitude":34.4 (truncated)...
15:53:22.173 [reactor-http-nio-46] DEBUG org.springframework.core.codec.StringDecoder - [7e5bc2ca] Decoded "{"userId":"d492245e-d862-49d2-9d13-140c9b1309b9","location":{"longitude":2.128459,"latitude":49.927 (truncated)...
15:53:22.173 [reactor-http-nio-41] DEBUG reactor.netty.resources.PooledConnectionProvider - [id: 0x98e6ee9b, L:/127.0.0.1:51750 - R:localhost/127.0.0.1:8083] onStateChange(GET{uri=/userLocation?userId=2c1ddd55-b95f-4bc4-af73-6af45e100284, connection=PooledConnection{channel=[id: 0x98e6ee9b, L:/127.0.0.1:51750 - R:localhost/127.0.0.1:8083]}}, [disconnecting])
15:53:22.173 [reactor-http-nio-41] DEBUG reactor.netty.resources.PooledConnectionProvider - [id: 0x98e6ee9b, L:/127.0.0.1:51750 - R:localhost/127.0.0.1:8083] Releasing channel
15:53:22.173 [reactor-http-nio-47] DEBUG reactor.netty.resources.PooledConnectionProvider - [id: 0x3b9f7ba5, L:/127.0.0.1:51836 - R:localhost/127.0.0.1:8083] onStateChange(GET{uri=/userLocation?userId=490cf4d9-8cf0-483f-b347-a073d1b50664, connection=PooledConnection{channel=[id: 0x3b9f7ba5, L:/127.0.0.1:51836 - R:localhost/127.0.0.1:8083]}}, [response_received])
15:53:22.173 [reactor-http-nio-48] DEBUG reactor.netty.http.client.HttpClientOperations - [id: 0x023af947, L:/127.0.0.1:51706 - R:localhost/127.0.0.1:8083] Received response (auto-read:false) : [Content-Type=application/json, Transfer-Encoding=chunked, Date=Wed, 15 Jun 2022 14:53:21 GMT]
15:53:22.173 [reactor-http-nio-47] DEBUG org.springframework.web.reactive.function.client.ExchangeFunctions - [219f720e] Response 200 OK
15:53:22.173 [reactor-http-nio-48] DEBUG reactor.netty.resources.PooledConnectionProvider - [id: 0x023af947, L:/127.0.0.1:51706 - R:localhost/127.0.0.1:8083] onStateChange(GET{uri=/userLocation?userId=9c596ea9-4148-4be9-a6cb-284725b076e7, connection=PooledConnection{channel=[id: 0x023af947, L:/127.0.0.1:51706 - R:localhost/127.0.0.1:8083]}}, [response_received])
15:53:22.173 [reactor-http-nio-46] DEBUG reactor.netty.resources.PooledConnectionProvider - [id: 0x29677198, L:/127.0.0.1:51832 - R:localhost/127.0.0.1:8083] onStateChange(GET{uri=/userLocation?userId=d492245e-d862-49d2-9d13-140c9b1309b9, connection=PooledConnection{channel=[id: 0x29677198, L:/127.0.0.1:51832 - R:localhost/127.0.0.1:8083]}}, [disconnecting])
15:53:22.173 [reactor-http-nio-46] DEBUG reactor.netty.resources.PooledConnectionProvider - [id: 0x29677198, L:/127.0.0.1:51832 - R:localhost/127.0.0.1:8083] Releasing channel
15:53:22.173 [reactor-http-nio-41] DEBUG reactor.netty.resources.PooledConnectionProvider - [id: 0x98e6ee9b, L:/127.0.0.1:51750 - R:localhost/127.0.0.1:8083] Channel cleaned, now 129 active connections and 172 inactive connections
15:53:22.173 [reactor-http-nio-47] DEBUG reactor.netty.channel.FluxReceive - [id: 0x3b9f7ba5, L:/127.0.0.1:51836 - R:localhost/127.0.0.1:8083] Subscribing inbound receiver [pending: 0, cancelled:false, inboundDone: false]
15:53:22.173 [reactor-http-nio-48] DEBUG org.springframework.web.reactive.function.client.ExchangeFunctions - [5114e510] Response 200 OK
15:53:22.173 [reactor-http-nio-47] DEBUG reactor.netty.http.client.HttpClientOperations - [id: 0x3b9f7ba5, L:/127.0.0.1:51836 - R:localhost/127.0.0.1:8083] Received last HTTP packet
15:53:22.173 [reactor-http-nio-41] DEBUG reactor.netty.http.client.HttpClientOperations - [id: 0xdcbf6f00, L:/127.0.0.1:51769 - R:localhost/127.0.0.1:8083] Received response (auto-read:false) : [Content-Type=application/json, Transfer-Encoding=chunked, Date=Wed, 15 Jun 2022 14:53:21 GMT]
15:53:22.173 [reactor-http-nio-47] DEBUG org.springframework.core.codec.StringDecoder - [219f720e] Decoded "{"userId":"490cf4d9-8cf0-483f-b347-a073d1b50664","location":{"longitude":178.890809,"latitude":-53. (truncated)...
15:53:22.173 [reactor-http-nio-46] DEBUG reactor.netty.resources.PooledConnectionProvider - [id: 0x29677198, L:/127.0.0.1:51832 - R:localhost/127.0.0.1:8083] Channel cleaned, now 128 active connections and 173 inactive connections
15:53:22.174 [reactor-http-nio-47] DEBUG reactor.netty.resources.PooledConnectionProvider - [id: 0x3b9f7ba5, L:/127.0.0.1:51836 - R:localhost/127.0.0.1:8083] onStateChange(GET{uri=/userLocation?userId=490cf4d9-8cf0-483f-b347-a073d1b50664, connection=PooledConnection{channel=[id: 0x3b9f7ba5, L:/127.0.0.1:51836 - R:localhost/127.0.0.1:8083]}}, [disconnecting])
15:53:22.174 [reactor-http-nio-41] DEBUG reactor.netty.resources.PooledConnectionProvider - [id: 0xdcbf6f00, L:/127.0.0.1:51769 - R:localhost/127.0.0.1:8083] onStateChange(GET{uri=/userLocation?userId=e941f16c-c426-427e-b465-6eca9f5ac4b6, connection=PooledConnection{channel=[id: 0xdcbf6f00, L:/127.0.0.1:51769 - R:localhost/127.0.0.1:8083]}}, [response_received])
15:53:22.174 [reactor-http-nio-48] DEBUG reactor.netty.channel.FluxReceive - [id: 0x023af947, L:/127.0.0.1:51706 - R:localhost/127.0.0.1:8083] Subscribing inbound receiver [pending: 0, cancelled:false, inboundDone: false]
15:53:22.174 [reactor-http-nio-41] DEBUG org.springframework.web.reactive.function.client.ExchangeFunctions - [43166bae] Response 200 OK
15:53:22.174 [reactor-http-nio-47] DEBUG reactor.netty.resources.PooledConnectionProvider - [id: 0x3b9f7ba5, L:/127.0.0.1:51836 - R:localhost/127.0.0.1:8083] Releasing channel
15:53:22.174 [reactor-http-nio-47] DEBUG reactor.netty.resources.PooledConnectionProvider - [id: 0x3b9f7ba5, L:/127.0.0.1:51836 - R:localhost/127.0.0.1:8083] Channel cleaned, now 127 active connections and 174 inactive connections
15:53:22.174 [reactor-http-nio-48] DEBUG reactor.netty.http.client.HttpClientOperations - [id: 0x023af947, L:/127.0.0.1:51706 - R:localhost/127.0.0.1:8083] Received last HTTP packet
15:53:22.174 [reactor-http-nio-48] DEBUG org.springframework.core.codec.StringDecoder - [5114e510] Decoded "{"userId":"9c596ea9-4148-4be9-a6cb-284725b076e7","location":{"longitude":-33.802947,"latitude":11.2 (truncated)...
15:53:22.174 [reactor-http-nio-41] DEBUG reactor.netty.channel.FluxReceive - [id: 0xdcbf6f00, L:/127.0.0.1:51769 - R:localhost/127.0.0.1:8083] Subscribing inbound receiver [pending: 0, cancelled:false, inboundDone: false]
15:53:22.174 [reactor-http-nio-48] DEBUG reactor.netty.resources.PooledConnectionProvider - [id: 0x023af947, L:/127.0.0.1:51706 - R:localhost/127.0.0.1:8083] onStateChange(GET{uri=/userLocation?userId=9c596ea9-4148-4be9-a6cb-284725b076e7, connection=PooledConnection{channel=[id: 0x023af947, L:/127.0.0.1:51706 - R:localhost/127.0.0.1:8083]}}, [disconnecting])
15:53:22.174 [reactor-http-nio-48] DEBUG reactor.netty.resources.PooledConnectionProvider - [id: 0x023af947, L:/127.0.0.1:51706 - R:localhost/127.0.0.1:8083] Releasing channel
15:53:22.174 [reactor-http-nio-48] DEBUG reactor.netty.resources.PooledConnectionProvider - [id: 0x023af947, L:/127.0.0.1:51706 - R:localhost/127.0.0.1:8083] Channel cleaned, now 126 active connections and 175 inactive connections
15:53:22.174 [reactor-http-nio-41] DEBUG reactor.netty.http.client.HttpClientOperations - [id: 0xdcbf6f00, L:/127.0.0.1:51769 - R:localhost/127.0.0.1:8083] Received last HTTP packet
15:53:22.174 [reactor-http-nio-41] DEBUG org.springframework.core.codec.StringDecoder - [43166bae] Decoded "{"userId":"e941f16c-c426-427e-b465-6eca9f5ac4b6","location":{"longitude":-105.039149,"latitude":-25 (truncated)...
15:53:22.174 [reactor-http-nio-41] DEBUG reactor.netty.resources.PooledConnectionProvider - [id: 0xdcbf6f00, L:/127.0.0.1:51769 - R:localhost/127.0.0.1:8083] onStateChange(GET{uri=/userLocation?userId=e941f16c-c426-427e-b465-6eca9f5ac4b6, connection=PooledConnection{channel=[id: 0xdcbf6f00, L:/127.0.0.1:51769 - R:localhost/127.0.0.1:8083]}}, [disconnecting])
15:53:22.174 [reactor-http-nio-41] DEBUG reactor.netty.resources.PooledConnectionProvider - [id: 0xdcbf6f00, L:/127.0.0.1:51769 - R:localhost/127.0.0.1:8083] Releasing channel
15:53:22.174 [reactor-http-nio-48] DEBUG reactor.netty.http.client.HttpClientOperations - [id: 0x77d5390b, L:/127.0.0.1:51931 - R:localhost/127.0.0.1:8083] Received response (auto-read:false) : [Content-Type=application/json, Transfer-Encoding=chunked, Date=Wed, 15 Jun 2022 14:53:21 GMT]
15:53:22.174 [reactor-http-nio-41] DEBUG reactor.netty.resources.PooledConnectionProvider - [id: 0xdcbf6f00, L:/127.0.0.1:51769 - R:localhost/127.0.0.1:8083] Channel cleaned, now 125 active connections and 176 inactive connections
15:53:22.174 [reactor-http-nio-48] DEBUG reactor.netty.resources.PooledConnectionProvider - [id: 0x77d5390b, L:/127.0.0.1:51931 - R:localhost/127.0.0.1:8083] onStateChange(GET{uri=/userLocation?userId=3e0c8a36-f83e-4086-9b8b-9281bfac9ff9, connection=PooledConnection{channel=[id: 0x77d5390b, L:/127.0.0.1:51931 - R:localhost/127.0.0.1:8083]}}, [response_received])
15:53:22.174 [reactor-http-nio-48] DEBUG org.springframework.web.reactive.function.client.ExchangeFunctions - [2b87cdc5] Response 200 OK
15:53:22.174 [reactor-http-nio-48] DEBUG reactor.netty.channel.FluxReceive - [id: 0x77d5390b, L:/127.0.0.1:51931 - R:localhost/127.0.0.1:8083] Subscribing inbound receiver [pending: 0, cancelled:false, inboundDone: false]
15:53:22.174 [reactor-http-nio-48] DEBUG reactor.netty.http.client.HttpClientOperations - [id: 0x77d5390b, L:/127.0.0.1:51931 - R:localhost/127.0.0.1:8083] Received last HTTP packet
15:53:22.174 [reactor-http-nio-48] DEBUG org.springframework.core.codec.StringDecoder - [2b87cdc5] Decoded "{"userId":"3e0c8a36-f83e-4086-9b8b-9281bfac9ff9","location":{"longitude":-27.914745,"latitude":-59. (truncated)...
15:53:22.174 [reactor-http-nio-48] DEBUG reactor.netty.resources.PooledConnectionProvider - [id: 0x77d5390b, L:/127.0.0.1:51931 - R:localhost/127.0.0.1:8083] onStateChange(GET{uri=/userLocation?userId=3e0c8a36-f83e-4086-9b8b-9281bfac9ff9, connection=PooledConnection{channel=[id: 0x77d5390b, L:/127.0.0.1:51931 - R:localhost/127.0.0.1:8083]}}, [disconnecting])
15:53:22.174 [reactor-http-nio-48] DEBUG reactor.netty.resources.PooledConnectionProvider - [id: 0x77d5390b, L:/127.0.0.1:51931 - R:localhost/127.0.0.1:8083] Releasing channel
15:53:22.174 [reactor-http-nio-48] DEBUG reactor.netty.resources.PooledConnectionProvider - [id: 0x77d5390b, L:/127.0.0.1:51931 - R:localhost/127.0.0.1:8083] Channel cleaned, now 124 active connections and 177 inactive connections
15:53:22.174 [reactor-http-nio-48] DEBUG reactor.netty.http.client.HttpClientOperations - [id: 0xfddb937f, L:/127.0.0.1:51940 - R:localhost/127.0.0.1:8083] Received response (auto-read:false) : [Content-Type=application/json, Transfer-Encoding=chunked, Date=Wed, 15 Jun 2022 14:53:21 GMT]
15:53:22.174 [reactor-http-nio-48] DEBUG reactor.netty.resources.PooledConnectionProvider - [id: 0xfddb937f, L:/127.0.0.1:51940 - R:localhost/127.0.0.1:8083] onStateChange(GET{uri=/userLocation?userId=002fb24b-620e-4b3a-8b19-78ea7941d703, connection=PooledConnection{channel=[id: 0xfddb937f, L:/127.0.0.1:51940 - R:localhost/127.0.0.1:8083]}}, [response_received])
15:53:22.174 [reactor-http-nio-48] DEBUG org.springframework.web.reactive.function.client.ExchangeFunctions - [26a02e3a] Response 200 OK
15:53:22.175 [pool-44-thread-77] INFO tourGuide.service.TourGuideService - visitedLocatio tourGuide.gpsUtil.VisitedLocation@6b254caf
15:53:22.175 [pool-44-thread-77] DEBUG org.springframework.web.reactive.function.client.ExchangeFunctions - [6f1ac513] HTTP GET http://localhost:8083/attractions
15:53:22.175 [pool-44-thread-44] INFO tourGuide.service.TourGuideService - visitedLocatio tourGuide.gpsUtil.VisitedLocation@709c3371
15:53:22.175 [pool-44-thread-44] DEBUG org.springframework.web.reactive.function.client.ExchangeFunctions - [74a3a9ba] HTTP GET http://localhost:8083/attractions
15:53:22.176 [pool-44-thread-99] INFO tourGuide.service.TourGuideService - visitedLocatio tourGuide.gpsUtil.VisitedLocation@2f58884d
15:53:22.176 [pool-44-thread-99] DEBUG org.springframework.web.reactive.function.client.ExchangeFunctions - [2b67197e] HTTP GET http://localhost:8083/attractions
15:53:22.176 [reactor-http-nio-47] DEBUG reactor.netty.resources.PooledConnectionProvider - [id: 0x98143ed4, L:/127.0.0.1:51680 - R:localhost/127.0.0.1:8083] Channel acquired, now 125 active connections and 176 inactive connections
15:53:22.177 [pool-44-thread-43] INFO tourGuide.service.TourGuideService - visitedLocatio tourGuide.gpsUtil.VisitedLocation@5fd30142
15:53:22.177 [pool-44-thread-43] DEBUG org.springframework.web.reactive.function.client.ExchangeFunctions - [5bec8e60] HTTP GET http://localhost:8083/attractions
15:53:22.175 [pool-44-thread-56] INFO tourGuide.service.TourGuideService - visitedLocatio tourGuide.gpsUtil.VisitedLocation@6ba53656
15:53:22.175 [reactor-http-nio-48] DEBUG reactor.netty.channel.FluxReceive - [id: 0xfddb937f, L:/127.0.0.1:51940 - R:localhost/127.0.0.1:8083] Subscribing inbound receiver [pending: 0, cancelled:false, inboundDone: false]
15:53:22.177 [reactor-http-nio-47] DEBUG reactor.netty.http.client.HttpClientConnect - [id: 0x98143ed4, L:/127.0.0.1:51680 - R:localhost/127.0.0.1:8083] Handler is being applied: {uri=http://localhost:8083/attractions, method=GET}
15:53:22.177 [pool-44-thread-45] INFO tourGuide.service.TourGuideService - visitedLocatio tourGuide.gpsUtil.VisitedLocation@254026c5
15:53:22.178 [reactor-http-nio-48] DEBUG reactor.netty.http.client.HttpClientOperations - [id: 0xfddb937f, L:/127.0.0.1:51940 - R:localhost/127.0.0.1:8083] Received last HTTP packet
15:53:22.178 [reactor-http-nio-48] DEBUG org.springframework.core.codec.StringDecoder - [26a02e3a] Decoded "{"userId":"002fb24b-620e-4b3a-8b19-78ea7941d703","location":{"longitude":-175.498319,"latitude":47. (truncated)...
15:53:22.178 [reactor-http-nio-48] DEBUG reactor.netty.resources.PooledConnectionProvider - [id: 0xfddb937f, L:/127.0.0.1:51940 - R:localhost/127.0.0.1:8083] onStateChange(GET{uri=/userLocation?userId=002fb24b-620e-4b3a-8b19-78ea7941d703, connection=PooledConnection{channel=[id: 0xfddb937f, L:/127.0.0.1:51940 - R:localhost/127.0.0.1:8083]}}, [disconnecting])
15:53:22.178 [reactor-http-nio-48] DEBUG reactor.netty.resources.PooledConnectionProvider - [id: 0xfddb937f, L:/127.0.0.1:51940 - R:localhost/127.0.0.1:8083] Releasing channel
15:53:22.178 [reactor-http-nio-48] DEBUG reactor.netty.resources.PooledConnectionProvider - [id: 0xfddb937f, L:/127.0.0.1:51940 - R:localhost/127.0.0.1:8083] Channel cleaned, now 124 active connections and 177 inactive connections
15:53:22.178 [pool-44-thread-45] DEBUG org.springframework.web.reactive.function.client.ExchangeFunctions - [217fa6b5] HTTP GET http://localhost:8083/attractions
15:53:22.178 [pool-44-thread-78] INFO tourGuide.service.TourGuideService - visitedLocatio tourGuide.gpsUtil.VisitedLocation@4dd18dbc
15:53:22.178 [reactor-http-nio-47] DEBUG reactor.netty.resources.PooledConnectionProvider - [id: 0x98143ed4, L:/127.0.0.1:51680 - R:localhost/127.0.0.1:8083] onStateChange(GET{uri=/attractions, connection=PooledConnection{channel=[id: 0x98143ed4, L:/127.0.0.1:51680 - R:localhost/127.0.0.1:8083]}}, [request_sent])
15:53:22.178 [reactor-http-nio-47] DEBUG reactor.netty.resources.PooledConnectionProvider - [id: 0x597600af, L:/127.0.0.1:51865 - R:localhost/127.0.0.1:8083] Channel acquired, now 125 active connections and 176 inactive connections
15:53:22.178 [pool-44-thread-78] DEBUG org.springframework.web.reactive.function.client.ExchangeFunctions - [49ee00de] HTTP GET http://localhost:8083/attractions
15:53:22.178 [reactor-http-nio-47] DEBUG reactor.netty.http.client.HttpClientConnect - [id: 0x597600af, L:/127.0.0.1:51865 - R:localhost/127.0.0.1:8083] Handler is being applied: {uri=http://localhost:8083/attractions, method=GET}
15:53:22.178 [pool-44-thread-56] DEBUG org.springframework.web.reactive.function.client.ExchangeFunctions - [6f9aaffa] HTTP GET http://localhost:8083/attractions
15:53:22.178 [reactor-http-nio-47] DEBUG reactor.netty.resources.PooledConnectionProvider - [id: 0x597600af, L:/127.0.0.1:51865 - R:localhost/127.0.0.1:8083] onStateChange(GET{uri=/attractions, connection=PooledConnection{channel=[id: 0x597600af, L:/127.0.0.1:51865 - R:localhost/127.0.0.1:8083]}}, [request_sent])
15:53:22.179 [reactor-http-nio-47] DEBUG reactor.netty.resources.PooledConnectionProvider - [id: 0xc1a60bcc, L:/127.0.0.1:51694 - R:localhost/127.0.0.1:8083] Channel acquired, now 126 active connections and 175 inactive connections
15:53:22.179 [reactor-http-nio-47] DEBUG reactor.netty.http.client.HttpClientConnect - [id: 0xc1a60bcc, L:/127.0.0.1:51694 - R:localhost/127.0.0.1:8083] Handler is being applied: {uri=http://localhost:8083/attractions, method=GET}
15:53:22.180 [reactor-http-nio-47] DEBUG reactor.netty.resources.PooledConnectionProvider - [id: 0xc1a60bcc, L:/127.0.0.1:51694 - R:localhost/127.0.0.1:8083] onStateChange(GET{uri=/attractions, connection=PooledConnection{channel=[id: 0xc1a60bcc, L:/127.0.0.1:51694 - R:localhost/127.0.0.1:8083]}}, [request_sent])
15:53:22.180 [reactor-http-nio-47] DEBUG reactor.netty.resources.PooledConnectionProvider - [id: 0x6bded64c, L:/127.0.0.1:51850 - R:localhost/127.0.0.1:8083] Channel acquired, now 127 active connections and 174 inactive connections
15:53:22.180 [reactor-http-nio-47] DEBUG reactor.netty.http.client.HttpClientConnect - [id: 0x6bded64c, L:/127.0.0.1:51850 - R:localhost/127.0.0.1:8083] Handler is being applied: {uri=http://localhost:8083/attractions, method=GET}
15:53:22.180 [reactor-http-nio-48] DEBUG reactor.netty.resources.PooledConnectionProvider - [id: 0xd41b941e, L:/127.0.0.1:51910 - R:localhost/127.0.0.1:8083] Channel acquired, now 128 active connections and 173 inactive connections
15:53:22.180 [reactor-http-nio-48] DEBUG reactor.netty.http.client.HttpClientConnect - [id: 0xd41b941e, L:/127.0.0.1:51910 - R:localhost/127.0.0.1:8083] Handler is being applied: {uri=http://localhost:8083/attractions, method=GET}
15:53:22.180 [reactor-http-nio-48] DEBUG reactor.netty.resources.PooledConnectionProvider - [id: 0xd41b941e, L:/127.0.0.1:51910 - R:localhost/127.0.0.1:8083] onStateChange(GET{uri=/attractions, connection=PooledConnection{channel=[id: 0xd41b941e, L:/127.0.0.1:51910 - R:localhost/127.0.0.1:8083]}}, [request_sent])
15:53:22.180 [reactor-http-nio-47] DEBUG reactor.netty.resources.PooledConnectionProvider - [id: 0x6bded64c, L:/127.0.0.1:51850 - R:localhost/127.0.0.1:8083] onStateChange(GET{uri=/attractions, connection=PooledConnection{channel=[id: 0x6bded64c, L:/127.0.0.1:51850 - R:localhost/127.0.0.1:8083]}}, [request_sent])
15:53:22.180 [reactor-http-nio-48] DEBUG reactor.netty.resources.PooledConnectionProvider - [id: 0x8875bf90, L:/127.0.0.1:51907 - R:localhost/127.0.0.1:8083] Channel acquired, now 129 active connections and 172 inactive connections
15:53:22.180 [reactor-http-nio-47] DEBUG reactor.netty.resources.PooledConnectionProvider - [id: 0x99bba80d, L:/127.0.0.1:51693 - R:localhost/127.0.0.1:8083] Channel acquired, now 130 active connections and 171 inactive connections
15:53:22.180 [reactor-http-nio-48] DEBUG reactor.netty.http.client.HttpClientConnect - [id: 0x8875bf90, L:/127.0.0.1:51907 - R:localhost/127.0.0.1:8083] Handler is being applied: {uri=http://localhost:8083/attractions, method=GET}
15:53:22.180 [reactor-http-nio-47] DEBUG reactor.netty.http.client.HttpClientConnect - [id: 0x99bba80d, L:/127.0.0.1:51693 - R:localhost/127.0.0.1:8083] Handler is being applied: {uri=http://localhost:8083/attractions, method=GET}
15:53:22.180 [reactor-http-nio-48] DEBUG reactor.netty.resources.PooledConnectionProvider - [id: 0x8875bf90, L:/127.0.0.1:51907 - R:localhost/127.0.0.1:8083] onStateChange(GET{uri=/attractions, connection=PooledConnection{channel=[id: 0x8875bf90, L:/127.0.0.1:51907 - R:localhost/127.0.0.1:8083]}}, [request_sent])
15:53:22.180 [reactor-http-nio-47] DEBUG reactor.netty.resources.PooledConnectionProvider - [id: 0x99bba80d, L:/127.0.0.1:51693 - R:localhost/127.0.0.1:8083] onStateChange(GET{uri=/attractions, connection=PooledConnection{channel=[id: 0x99bba80d, L:/127.0.0.1:51693 - R:localhost/127.0.0.1:8083]}}, [request_sent])
15:53:22.181 [pool-44-thread-68] INFO tourGuide.service.TourGuideService - visitedLocatio tourGuide.gpsUtil.VisitedLocation@2867c49e
15:53:22.181 [pool-44-thread-68] DEBUG org.springframework.web.reactive.function.client.ExchangeFunctions - [2c58454a] HTTP GET http://localhost:8083/attractions
15:53:22.183 [reactor-http-nio-46] DEBUG reactor.netty.http.client.HttpClientOperations - [id: 0x7a77be43, L:/127.0.0.1:51818 - R:localhost/127.0.0.1:8083] Received response (auto-read:false) : [Content-Type=application/json, Transfer-Encoding=chunked, Date=Wed, 15 Jun 2022 14:53:21 GMT]
15:53:22.183 [reactor-http-nio-46] DEBUG reactor.netty.resources.PooledConnectionProvider - [id: 0x7a77be43, L:/127.0.0.1:51818 - R:localhost/127.0.0.1:8083] onStateChange(GET{uri=/attractions, connection=PooledConnection{channel=[id: 0x7a77be43, L:/127.0.0.1:51818 - R:localhost/127.0.0.1:8083]}}, [response_received])
15:53:22.183 [reactor-http-nio-46] DEBUG org.springframework.web.reactive.function.client.ExchangeFunctions - [45b102ac] Response 200 OK
15:53:22.184 [reactor-http-nio-46] DEBUG reactor.netty.channel.FluxReceive - [id: 0x7a77be43, L:/127.0.0.1:51818 - R:localhost/127.0.0.1:8083] Subscribing inbound receiver [pending: 0, cancelled:false, inboundDone: false]
15:53:22.184 [reactor-http-nio-47] DEBUG reactor.netty.http.client.HttpClientOperations - [id: 0xabb6df10, L:/127.0.0.1:51837 - R:localhost/127.0.0.1:8083] Received response (auto-read:false) : [Content-Type=application/json, Transfer-Encoding=chunked, Date=Wed, 15 Jun 2022 14:53:21 GMT]
15:53:22.184 [reactor-http-nio-47] DEBUG reactor.netty.resources.PooledConnectionProvider - [id: 0xabb6df10, L:/127.0.0.1:51837 - R:localhost/127.0.0.1:8083] onStateChange(GET{uri=/userLocation?userId=425f206c-5d96-49e9-90cd-8a6d97d12393, connection=PooledConnection{channel=[id: 0xabb6df10, L:/127.0.0.1:51837 - R:localhost/127.0.0.1:8083]}}, [response_received])
15:53:22.184 [reactor-http-nio-46] DEBUG reactor.netty.http.client.HttpClientOperations - [id: 0x7a77be43, L:/127.0.0.1:51818 - R:localhost/127.0.0.1:8083] Received last HTTP packet
15:53:22.184 [reactor-http-nio-47] DEBUG org.springframework.web.reactive.function.client.ExchangeFunctions - [78ff0dc9] Response 200 OK
15:53:22.184 [reactor-http-nio-46] DEBUG org.springframework.core.codec.StringDecoder - [45b102ac] Decoded "[{"longitude":-117.922008,"latitude":33.817595,"attractionName":"Disneyland","city":"Anaheim","stat (truncated)...
15:53:22.184 [reactor-http-nio-46] DEBUG reactor.netty.resources.PooledConnectionProvider - [id: 0x7a77be43, L:/127.0.0.1:51818 - R:localhost/127.0.0.1:8083] onStateChange(GET{uri=/attractions, connection=PooledConnection{channel=[id: 0x7a77be43, L:/127.0.0.1:51818 - R:localhost/127.0.0.1:8083]}}, [disconnecting])
15:53:22.184 [reactor-http-nio-46] DEBUG reactor.netty.resources.PooledConnectionProvider - [id: 0x7a77be43, L:/127.0.0.1:51818 - R:localhost/127.0.0.1:8083] Releasing channel
15:53:22.184 [reactor-http-nio-46] DEBUG reactor.netty.resources.PooledConnectionProvider - [id: 0x7a77be43, L:/127.0.0.1:51818 - R:localhost/127.0.0.1:8083] Channel cleaned, now 129 active connections and 172 inactive connections
15:53:22.184 [reactor-http-nio-48] DEBUG reactor.netty.http.client.HttpClientOperations - [id: 0x84cc2992, L:/127.0.0.1:51922 - R:localhost/127.0.0.1:8083] Received response (auto-read:false) : [Content-Type=application/json, Transfer-Encoding=chunked, Date=Wed, 15 Jun 2022 14:53:21 GMT]
15:53:22.184 [reactor-http-nio-48] DEBUG reactor.netty.resources.PooledConnectionProvider - [id: 0x84cc2992, L:/127.0.0.1:51922 - R:localhost/127.0.0.1:8083] onStateChange(GET{uri=/attractions, connection=PooledConnection{channel=[id: 0x84cc2992, L:/127.0.0.1:51922 - R:localhost/127.0.0.1:8083]}}, [response_received])
15:53:22.184 [reactor-http-nio-47] DEBUG reactor.netty.channel.FluxReceive - [id: 0xabb6df10, L:/127.0.0.1:51837 - R:localhost/127.0.0.1:8083] Subscribing inbound receiver [pending: 0, cancelled:false, inboundDone: false]
15:53:22.184 [reactor-http-nio-48] DEBUG org.springframework.web.reactive.function.client.ExchangeFunctions - [3ab79358] Response 200 OK
15:53:22.184 [reactor-http-nio-46] DEBUG reactor.netty.resources.PooledConnectionProvider - [id: 0xd8e5c342, L:/127.0.0.1:51820 - R:localhost/127.0.0.1:8083] Channel acquired, now 130 active connections and 171 inactive connections
15:53:22.184 [reactor-http-nio-47] DEBUG reactor.netty.http.client.HttpClientOperations - [id: 0xabb6df10, L:/127.0.0.1:51837 - R:localhost/127.0.0.1:8083] Received last HTTP packet
15:53:22.184 [reactor-http-nio-46] DEBUG reactor.netty.http.client.HttpClientConnect - [id: 0xd8e5c342, L:/127.0.0.1:51820 - R:localhost/127.0.0.1:8083] Handler is being applied: {uri=http://localhost:8083/attractions, method=GET}
15:53:22.184 [reactor-http-nio-48] DEBUG reactor.netty.channel.FluxReceive - [id: 0x84cc2992, L:/127.0.0.1:51922 - R:localhost/127.0.0.1:8083] Subscribing inbound receiver [pending: 0, cancelled:false, inboundDone: false]
15:53:22.184 [reactor-http-nio-47] DEBUG org.springframework.core.codec.StringDecoder - [78ff0dc9] Decoded "{"userId":"425f206c-5d96-49e9-90cd-8a6d97d12393","location":{"longitude":-124.470716,"latitude":-46 (truncated)...
15:53:22.184 [reactor-http-nio-47] DEBUG reactor.netty.resources.PooledConnectionProvider - [id: 0xabb6df10, L:/127.0.0.1:51837 - R:localhost/127.0.0.1:8083] onStateChange(GET{uri=/userLocation?userId=425f206c-5d96-49e9-90cd-8a6d97d12393, connection=PooledConnection{channel=[id: 0xabb6df10, L:/127.0.0.1:51837 - R:localhost/127.0.0.1:8083]}}, [disconnecting])
15:53:22.184 [reactor-http-nio-47] DEBUG reactor.netty.resources.PooledConnectionProvider - [id: 0xabb6df10, L:/127.0.0.1:51837 - R:localhost/127.0.0.1:8083] Releasing channel
15:53:22.184 [reactor-http-nio-47] DEBUG reactor.netty.resources.PooledConnectionProvider - [id: 0xabb6df10, L:/127.0.0.1:51837 - R:localhost/127.0.0.1:8083] Channel cleaned, now 129 active connections and 172 inactive connections
15:53:22.184 [reactor-http-nio-48] DEBUG reactor.netty.http.client.HttpClientOperations - [id: 0x84cc2992, L:/127.0.0.1:51922 - R:localhost/127.0.0.1:8083] Received last HTTP packet
15:53:22.184 [reactor-http-nio-48] DEBUG org.springframework.core.codec.StringDecoder - [3ab79358] Decoded "[{"longitude":-117.922008,"latitude":33.817595,"attractionName":"Disneyland","city":"Anaheim","stat (truncated)...
15:53:22.184 [reactor-http-nio-48] DEBUG reactor.netty.resources.PooledConnectionProvider - [id: 0x84cc2992, L:/127.0.0.1:51922 - R:localhost/127.0.0.1:8083] onStateChange(GET{uri=/attractions, connection=PooledConnection{channel=[id: 0x84cc2992, L:/127.0.0.1:51922 - R:localhost/127.0.0.1:8083]}}, [disconnecting])
15:53:22.184 [reactor-http-nio-48] DEBUG reactor.netty.resources.PooledConnectionProvider - [id: 0x84cc2992, L:/127.0.0.1:51922 - R:localhost/127.0.0.1:8083] Releasing channel
15:53:22.184 [reactor-http-nio-48] DEBUG reactor.netty.resources.PooledConnectionProvider - [id: 0x84cc2992, L:/127.0.0.1:51922 - R:localhost/127.0.0.1:8083] Channel cleaned, now 128 active connections and 173 inactive connections
15:53:22.184 [reactor-http-nio-46] DEBUG reactor.netty.resources.PooledConnectionProvider - [id: 0xd8e5c342, L:/127.0.0.1:51820 - R:localhost/127.0.0.1:8083] onStateChange(GET{uri=/attractions, connection=PooledConnection{channel=[id: 0xd8e5c342, L:/127.0.0.1:51820 - R:localhost/127.0.0.1:8083]}}, [request_sent])
15:53:22.185 [reactor-http-nio-46] DEBUG reactor.netty.http.client.HttpClientOperations - [id: 0xed2911bf, L:/127.0.0.1:51751 - R:localhost/127.0.0.1:8083] Received response (auto-read:false) : [Content-Type=application/json, Transfer-Encoding=chunked, Date=Wed, 15 Jun 2022 14:53:21 GMT]
15:53:22.185 [reactor-http-nio-46] DEBUG reactor.netty.resources.PooledConnectionProvider - [id: 0xed2911bf, L:/127.0.0.1:51751 - R:localhost/127.0.0.1:8083] onStateChange(GET{uri=/userLocation?userId=c54f462a-afd1-460b-8d06-e9d544868e58, connection=PooledConnection{channel=[id: 0xed2911bf, L:/127.0.0.1:51751 - R:localhost/127.0.0.1:8083]}}, [response_received])
15:53:22.185 [reactor-http-nio-46] DEBUG org.springframework.web.reactive.function.client.ExchangeFunctions - [76df8d7] Response 200 OK
15:53:22.185 [reactor-http-nio-46] DEBUG reactor.netty.channel.FluxReceive - [id: 0xed2911bf, L:/127.0.0.1:51751 - R:localhost/127.0.0.1:8083] Subscribing inbound receiver [pending: 0, cancelled:false, inboundDone: false]
15:53:22.185 [reactor-http-nio-46] DEBUG reactor.netty.http.client.HttpClientOperations - [id: 0xed2911bf, L:/127.0.0.1:51751 - R:localhost/127.0.0.1:8083] Received last HTTP packet
15:53:22.185 [pool-44-thread-69] INFO tourGuide.service.TourGuideService - visitedLocatio tourGuide.gpsUtil.VisitedLocation@7638fca6
15:53:22.185 [reactor-http-nio-46] DEBUG org.springframework.core.codec.StringDecoder - [76df8d7] Decoded "{"userId":"c54f462a-afd1-460b-8d06-e9d544868e58","location":{"longitude":-15.522962,"latitude":51.9 (truncated)...
15:53:22.185 [reactor-http-nio-46] DEBUG reactor.netty.resources.PooledConnectionProvider - [id: 0xed2911bf, L:/127.0.0.1:51751 - R:localhost/127.0.0.1:8083] onStateChange(GET{uri=/userLocation?userId=c54f462a-afd1-460b-8d06-e9d544868e58, connection=PooledConnection{channel=[id: 0xed2911bf, L:/127.0.0.1:51751 - R:localhost/127.0.0.1:8083]}}, [disconnecting])
15:53:22.185 [reactor-http-nio-46] DEBUG reactor.netty.resources.PooledConnectionProvider - [id: 0xed2911bf, L:/127.0.0.1:51751 - R:localhost/127.0.0.1:8083] Releasing channel
15:53:22.185 [reactor-http-nio-46] DEBUG reactor.netty.resources.PooledConnectionProvider - [id: 0xed2911bf, L:/127.0.0.1:51751 - R:localhost/127.0.0.1:8083] Channel cleaned, now 127 active connections and 174 inactive connections
15:53:22.185 [pool-44-thread-69] DEBUG org.springframework.web.reactive.function.client.ExchangeFunctions - [720766b9] HTTP GET http://localhost:8083/attractions
15:53:22.186 [pool-44-thread-74] INFO tourGuide.service.TourGuideService - visitedLocatio tourGuide.gpsUtil.VisitedLocation@9aa064a
15:53:22.186 [pool-44-thread-74] DEBUG org.springframework.web.reactive.function.client.ExchangeFunctions - [d9593a7] HTTP GET http://localhost:8083/attractions
15:53:22.186 [reactor-http-nio-41] DEBUG reactor.netty.http.client.HttpClientOperations - [id: 0x35480b9d, L:/127.0.0.1:51783 - R:localhost/127.0.0.1:8083] Received response (auto-read:false) : [Content-Type=application/json, Transfer-Encoding=chunked, Date=Wed, 15 Jun 2022 14:53:21 GMT]
15:53:22.186 [reactor-http-nio-41] DEBUG reactor.netty.resources.PooledConnectionProvider - [id: 0x35480b9d, L:/127.0.0.1:51783 - R:localhost/127.0.0.1:8083] onStateChange(GET{uri=/userLocation?userId=46cf8907-e251-4fe2-824f-8ec8c2910a65, connection=PooledConnection{channel=[id: 0x35480b9d, L:/127.0.0.1:51783 - R:localhost/127.0.0.1:8083]}}, [response_received])
15:53:22.186 [reactor-http-nio-41] DEBUG org.springframework.web.reactive.function.client.ExchangeFunctions - [2b1d9e82] Response 200 OK
15:53:22.187 [reactor-http-nio-41] DEBUG reactor.netty.channel.FluxReceive - [id: 0x35480b9d, L:/127.0.0.1:51783 - R:localhost/127.0.0.1:8083] Subscribing inbound receiver [pending: 0, cancelled:false, inboundDone: false]
15:53:22.187 [reactor-http-nio-41] DEBUG reactor.netty.http.client.HttpClientOperations - [id: 0x35480b9d, L:/127.0.0.1:51783 - R:localhost/127.0.0.1:8083] Received last HTTP packet
15:53:22.187 [reactor-http-nio-41] DEBUG org.springframework.core.codec.StringDecoder - [2b1d9e82] Decoded "{"userId":"46cf8907-e251-4fe2-824f-8ec8c2910a65","location":{"longitude":-142.818579,"latitude":45. (truncated)...
15:53:22.187 [reactor-http-nio-41] DEBUG reactor.netty.resources.PooledConnectionProvider - [id: 0x35480b9d, L:/127.0.0.1:51783 - R:localhost/127.0.0.1:8083] onStateChange(GET{uri=/userLocation?userId=46cf8907-e251-4fe2-824f-8ec8c2910a65, connection=PooledConnection{channel=[id: 0x35480b9d, L:/127.0.0.1:51783 - R:localhost/127.0.0.1:8083]}}, [disconnecting])
15:53:22.187 [reactor-http-nio-41] DEBUG reactor.netty.resources.PooledConnectionProvider - [id: 0x35480b9d, L:/127.0.0.1:51783 - R:localhost/127.0.0.1:8083] Releasing channel
15:53:22.187 [reactor-http-nio-41] DEBUG reactor.netty.resources.PooledConnectionProvider - [id: 0x35480b9d, L:/127.0.0.1:51783 - R:localhost/127.0.0.1:8083] Channel cleaned, now 126 active connections and 175 inactive connections
15:53:22.188 [pool-44-thread-59] INFO tourGuide.service.TourGuideService - visitedLocatio tourGuide.gpsUtil.VisitedLocation@25da6591
15:53:22.188 [reactor-http-nio-46] DEBUG reactor.netty.resources.PooledConnectionProvider - [id: 0x786dbf94, L:/127.0.0.1:51803 - R:localhost/127.0.0.1:8083] Channel acquired, now 127 active connections and 174 inactive connections
15:53:22.188 [reactor-http-nio-46] DEBUG reactor.netty.http.client.HttpClientConnect - [id: 0x786dbf94, L:/127.0.0.1:51803 - R:localhost/127.0.0.1:8083] Handler is being applied: {uri=http://localhost:8083/attractions, method=GET}
15:53:22.188 [reactor-http-nio-47] DEBUG reactor.netty.http.client.HttpClientOperations - [id: 0xdd35a511, L:/127.0.0.1:51898 - R:localhost/127.0.0.1:8083] Received response (auto-read:false) : [Content-Type=application/json, Transfer-Encoding=chunked, Date=Wed, 15 Jun 2022 14:53:21 GMT]
15:53:22.188 [reactor-http-nio-47] DEBUG reactor.netty.resources.PooledConnectionProvider - [id: 0xdd35a511, L:/127.0.0.1:51898 - R:localhost/127.0.0.1:8083] onStateChange(GET{uri=/attractions, connection=PooledConnection{channel=[id: 0xdd35a511, L:/127.0.0.1:51898 - R:localhost/127.0.0.1:8083]}}, [response_received])
15:53:22.188 [reactor-http-nio-47] DEBUG org.springframework.web.reactive.function.client.ExchangeFunctions - [42c420cd] Response 200 OK
15:53:22.188 [reactor-http-nio-46] DEBUG reactor.netty.resources.PooledConnectionProvider - [id: 0x786dbf94, L:/127.0.0.1:51803 - R:localhost/127.0.0.1:8083] onStateChange(GET{uri=/attractions, connection=PooledConnection{channel=[id: 0x786dbf94, L:/127.0.0.1:51803 - R:localhost/127.0.0.1:8083]}}, [request_sent])
15:53:22.188 [reactor-http-nio-47] DEBUG reactor.netty.channel.FluxReceive - [id: 0xdd35a511, L:/127.0.0.1:51898 - R:localhost/127.0.0.1:8083] Subscribing inbound receiver [pending: 0, cancelled:false, inboundDone: false]
15:53:22.188 [reactor-http-nio-47] DEBUG reactor.netty.http.client.HttpClientOperations - [id: 0xdd35a511, L:/127.0.0.1:51898 - R:localhost/127.0.0.1:8083] Received last HTTP packet
15:53:22.188 [reactor-http-nio-46] DEBUG reactor.netty.http.client.HttpClientOperations - [id: 0xef0e1454, L:/127.0.0.1:51744 - R:localhost/127.0.0.1:8083] Received response (auto-read:false) : [Content-Type=application/json, Transfer-Encoding=chunked, Date=Wed, 15 Jun 2022 14:53:21 GMT]
15:53:22.188 [reactor-http-nio-46] DEBUG reactor.netty.resources.PooledConnectionProvider - [id: 0xef0e1454, L:/127.0.0.1:51744 - R:localhost/127.0.0.1:8083] onStateChange(GET{uri=/userLocation?userId=61a8e977-3883-4c6b-a601-3f058d3c4ef3, connection=PooledConnection{channel=[id: 0xef0e1454, L:/127.0.0.1:51744 - R:localhost/127.0.0.1:8083]}}, [response_received])
15:53:22.188 [reactor-http-nio-46] DEBUG org.springframework.web.reactive.function.client.ExchangeFunctions - [57c18f6e] Response 200 OK
15:53:22.188 [reactor-http-nio-46] DEBUG reactor.netty.channel.FluxReceive - [id: 0xef0e1454, L:/127.0.0.1:51744 - R:localhost/127.0.0.1:8083] Subscribing inbound receiver [pending: 0, cancelled:false, inboundDone: false]
15:53:22.189 [reactor-http-nio-46] DEBUG reactor.netty.http.client.HttpClientOperations - [id: 0xef0e1454, L:/127.0.0.1:51744 - R:localhost/127.0.0.1:8083] Received last HTTP packet
15:53:22.189 [reactor-http-nio-46] DEBUG org.springframework.core.codec.StringDecoder - [57c18f6e] Decoded "{"userId":"61a8e977-3883-4c6b-a601-3f058d3c4ef3","location":{"longitude":-114.421795,"latitude":33. (truncated)...
15:53:22.189 [reactor-http-nio-46] DEBUG reactor.netty.resources.PooledConnectionProvider - [id: 0xef0e1454, L:/127.0.0.1:51744 - R:localhost/127.0.0.1:8083] onStateChange(GET{uri=/userLocation?userId=61a8e977-3883-4c6b-a601-3f058d3c4ef3, connection=PooledConnection{channel=[id: 0xef0e1454, L:/127.0.0.1:51744 - R:localhost/127.0.0.1:8083]}}, [disconnecting])
15:53:22.189 [reactor-http-nio-46] DEBUG reactor.netty.resources.PooledConnectionProvider - [id: 0xef0e1454, L:/127.0.0.1:51744 - R:localhost/127.0.0.1:8083] Releasing channel
15:53:22.189 [reactor-http-nio-46] DEBUG reactor.netty.resources.PooledConnectionProvider - [id: 0xef0e1454, L:/127.0.0.1:51744 - R:localhost/127.0.0.1:8083] Channel cleaned, now 126 active connections and 175 inactive connections
15:53:22.188 [reactor-http-nio-47] DEBUG org.springframework.core.codec.StringDecoder - [42c420cd] Decoded "[{"longitude":-117.922008,"latitude":33.817595,"attractionName":"Disneyland","city":"Anaheim","stat (truncated)...
15:53:22.189 [reactor-http-nio-47] DEBUG reactor.netty.resources.PooledConnectionProvider - [id: 0xdd35a511, L:/127.0.0.1:51898 - R:localhost/127.0.0.1:8083] onStateChange(GET{uri=/attractions, connection=PooledConnection{channel=[id: 0xdd35a511, L:/127.0.0.1:51898 - R:localhost/127.0.0.1:8083]}}, [disconnecting])
15:53:22.189 [reactor-http-nio-47] DEBUG reactor.netty.resources.PooledConnectionProvider - [id: 0xdd35a511, L:/127.0.0.1:51898 - R:localhost/127.0.0.1:8083] Releasing channel
15:53:22.189 [reactor-http-nio-47] DEBUG reactor.netty.resources.PooledConnectionProvider - [id: 0xdd35a511, L:/127.0.0.1:51898 - R:localhost/127.0.0.1:8083] Channel cleaned, now 125 active connections and 176 inactive connections
15:53:22.189 [reactor-http-nio-47] DEBUG reactor.netty.resources.PooledConnectionProvider - [id: 0x25d8fc77, L:/127.0.0.1:51691 - R:localhost/127.0.0.1:8083] Channel acquired, now 126 active connections and 175 inactive connections
15:53:22.189 [reactor-http-nio-47] DEBUG reactor.netty.http.client.HttpClientConnect - [id: 0x25d8fc77, L:/127.0.0.1:51691 - R:localhost/127.0.0.1:8083] Handler is being applied: {uri=http://localhost:8083/attractions, method=GET}
15:53:22.189 [pool-44-thread-59] DEBUG org.springframework.web.reactive.function.client.ExchangeFunctions - [21e5f5f2] HTTP GET http://localhost:8083/attractions
15:53:22.189 [reactor-http-nio-47] DEBUG reactor.netty.resources.PooledConnectionProvider - [id: 0x25d8fc77, L:/127.0.0.1:51691 - R:localhost/127.0.0.1:8083] onStateChange(GET{uri=/attractions, connection=PooledConnection{channel=[id: 0x25d8fc77, L:/127.0.0.1:51691 - R:localhost/127.0.0.1:8083]}}, [request_sent])
15:53:22.190 [pool-44-thread-73] INFO tourGuide.service.TourGuideService - visitedLocatio tourGuide.gpsUtil.VisitedLocation@59067be6
15:53:22.190 [pool-44-thread-73] DEBUG org.springframework.web.reactive.function.client.ExchangeFunctions - [5d39e41e] HTTP GET http://localhost:8083/attractions
15:53:22.192 [reactor-http-nio-47] DEBUG reactor.netty.resources.PooledConnectionProvider - [id: 0x502a9f84, L:/127.0.0.1:51845 - R:localhost/127.0.0.1:8083] Channel acquired, now 127 active connections and 174 inactive connections
15:53:22.192 [reactor-http-nio-47] DEBUG reactor.netty.http.client.HttpClientConnect - [id: 0x502a9f84, L:/127.0.0.1:51845 - R:localhost/127.0.0.1:8083] Handler is being applied: {uri=http://localhost:8083/attractions, method=GET}
15:53:22.192 [reactor-http-nio-48] DEBUG reactor.netty.resources.PooledConnectionProvider - [id: 0x64fd7ec9, L:/127.0.0.1:51967 - R:localhost/127.0.0.1:8083] Channel acquired, now 128 active connections and 173 inactive connections
15:53:22.192 [reactor-http-nio-47] DEBUG reactor.netty.resources.PooledConnectionProvider - [id: 0x502a9f84, L:/127.0.0.1:51845 - R:localhost/127.0.0.1:8083] onStateChange(GET{uri=/attractions, connection=PooledConnection{channel=[id: 0x502a9f84, L:/127.0.0.1:51845 - R:localhost/127.0.0.1:8083]}}, [request_sent])
15:53:22.192 [reactor-http-nio-48] DEBUG reactor.netty.http.client.HttpClientConnect - [id: 0x64fd7ec9, L:/127.0.0.1:51967 - R:localhost/127.0.0.1:8083] Handler is being applied: {uri=http://localhost:8083/attractions, method=GET}
15:53:22.192 [reactor-http-nio-48] DEBUG reactor.netty.resources.PooledConnectionProvider - [id: 0x64fd7ec9, L:/127.0.0.1:51967 - R:localhost/127.0.0.1:8083] onStateChange(GET{uri=/attractions, connection=PooledConnection{channel=[id: 0x64fd7ec9, L:/127.0.0.1:51967 - R:localhost/127.0.0.1:8083]}}, [request_sent])
15:53:22.195 [reactor-http-nio-41] DEBUG reactor.netty.http.client.HttpClientOperations - [id: 0x681d37cb, L:/127.0.0.1:51786 - R:localhost/127.0.0.1:8083] Received response (auto-read:false) : [Content-Type=application/json, Transfer-Encoding=chunked, Date=Wed, 15 Jun 2022 14:53:21 GMT]
15:53:22.195 [reactor-http-nio-41] DEBUG reactor.netty.resources.PooledConnectionProvider - [id: 0x681d37cb, L:/127.0.0.1:51786 - R:localhost/127.0.0.1:8083] onStateChange(GET{uri=/userLocation?userId=4cd227d0-e61d-4eff-81b3-1716e43da4e6, connection=PooledConnection{channel=[id: 0x681d37cb, L:/127.0.0.1:51786 - R:localhost/127.0.0.1:8083]}}, [response_received])
15:53:22.195 [reactor-http-nio-41] DEBUG org.springframework.web.reactive.function.client.ExchangeFunctions - [33b516bd] Response 200 OK
15:53:22.195 [reactor-http-nio-41] DEBUG reactor.netty.channel.FluxReceive - [id: 0x681d37cb, L:/127.0.0.1:51786 - R:localhost/127.0.0.1:8083] Subscribing inbound receiver [pending: 0, cancelled:false, inboundDone: false]
15:53:22.195 [reactor-http-nio-41] DEBUG reactor.netty.http.client.HttpClientOperations - [id: 0x681d37cb, L:/127.0.0.1:51786 - R:localhost/127.0.0.1:8083] Received last HTTP packet
15:53:22.195 [reactor-http-nio-41] DEBUG org.springframework.core.codec.StringDecoder - [33b516bd] Decoded "{"userId":"4cd227d0-e61d-4eff-81b3-1716e43da4e6","location":{"longitude":-2.584786,"latitude":80.97 (truncated)...
15:53:22.195 [reactor-http-nio-41] DEBUG reactor.netty.resources.PooledConnectionProvider - [id: 0x681d37cb, L:/127.0.0.1:51786 - R:localhost/127.0.0.1:8083] onStateChange(GET{uri=/userLocation?userId=4cd227d0-e61d-4eff-81b3-1716e43da4e6, connection=PooledConnection{channel=[id: 0x681d37cb, L:/127.0.0.1:51786 - R:localhost/127.0.0.1:8083]}}, [disconnecting])
15:53:22.196 [reactor-http-nio-41] DEBUG reactor.netty.resources.PooledConnectionProvider - [id: 0x681d37cb, L:/127.0.0.1:51786 - R:localhost/127.0.0.1:8083] Releasing channel
15:53:22.196 [reactor-http-nio-41] DEBUG reactor.netty.resources.PooledConnectionProvider - [id: 0x681d37cb, L:/127.0.0.1:51786 - R:localhost/127.0.0.1:8083] Channel cleaned, now 127 active connections and 174 inactive connections
15:53:22.196 [reactor-http-nio-48] DEBUG reactor.netty.http.client.HttpClientOperations - [id: 0xa0b7be75, L:/127.0.0.1:51941 - R:localhost/127.0.0.1:8083] Received response (auto-read:false) : [Content-Type=application/json, Transfer-Encoding=chunked, Date=Wed, 15 Jun 2022 14:53:21 GMT]
15:53:22.196 [reactor-http-nio-48] DEBUG reactor.netty.resources.PooledConnectionProvider - [id: 0xa0b7be75, L:/127.0.0.1:51941 - R:localhost/127.0.0.1:8083] onStateChange(GET{uri=/userLocation?userId=2d7f28b1-a487-486a-8922-42d9a9943958, connection=PooledConnection{channel=[id: 0xa0b7be75, L:/127.0.0.1:51941 - R:localhost/127.0.0.1:8083]}}, [response_received])
15:53:22.196 [reactor-http-nio-48] DEBUG org.springframework.web.reactive.function.client.ExchangeFunctions - [1f1a09cd] Response 200 OK
15:53:22.196 [reactor-http-nio-46] DEBUG reactor.netty.http.client.HttpClientOperations - [id: 0xa4957f74, L:/127.0.0.1:51830 - R:localhost/127.0.0.1:8083] Received response (auto-read:false) : [Content-Type=application/json, Transfer-Encoding=chunked, Date=Wed, 15 Jun 2022 14:53:21 GMT]
15:53:22.196 [reactor-http-nio-46] DEBUG reactor.netty.resources.PooledConnectionProvider - [id: 0xa4957f74, L:/127.0.0.1:51830 - R:localhost/127.0.0.1:8083] onStateChange(GET{uri=/userLocation?userId=a772abae-9370-4eba-9843-0a649eb4dfae, connection=PooledConnection{channel=[id: 0xa4957f74, L:/127.0.0.1:51830 - R:localhost/127.0.0.1:8083]}}, [response_received])
15:53:22.196 [reactor-http-nio-48] DEBUG reactor.netty.channel.FluxReceive - [id: 0xa0b7be75, L:/127.0.0.1:51941 - R:localhost/127.0.0.1:8083] Subscribing inbound receiver [pending: 0, cancelled:false, inboundDone: false]
15:53:22.196 [reactor-http-nio-46] DEBUG org.springframework.web.reactive.function.client.ExchangeFunctions - [19c8d437] Response 200 OK
15:53:22.196 [reactor-http-nio-48] DEBUG reactor.netty.http.client.HttpClientOperations - [id: 0xa0b7be75, L:/127.0.0.1:51941 - R:localhost/127.0.0.1:8083] Received last HTTP packet
15:53:22.196 [reactor-http-nio-46] DEBUG reactor.netty.channel.FluxReceive - [id: 0xa4957f74, L:/127.0.0.1:51830 - R:localhost/127.0.0.1:8083] Subscribing inbound receiver [pending: 0, cancelled:false, inboundDone: false]
15:53:22.196 [reactor-http-nio-48] DEBUG org.springframework.core.codec.StringDecoder - [1f1a09cd] Decoded "{"userId":"2d7f28b1-a487-486a-8922-42d9a9943958","location":{"longitude":30.53049,"latitude":82.872 (truncated)...
15:53:22.196 [reactor-http-nio-48] DEBUG reactor.netty.resources.PooledConnectionProvider - [id: 0xa0b7be75, L:/127.0.0.1:51941 - R:localhost/127.0.0.1:8083] onStateChange(GET{uri=/userLocation?userId=2d7f28b1-a487-486a-8922-42d9a9943958, connection=PooledConnection{channel=[id: 0xa0b7be75, L:/127.0.0.1:51941 - R:localhost/127.0.0.1:8083]}}, [disconnecting])
15:53:22.196 [reactor-http-nio-48] DEBUG reactor.netty.resources.PooledConnectionProvider - [id: 0xa0b7be75, L:/127.0.0.1:51941 - R:localhost/127.0.0.1:8083] Releasing channel
15:53:22.196 [reactor-http-nio-46] DEBUG reactor.netty.http.client.HttpClientOperations - [id: 0xa4957f74, L:/127.0.0.1:51830 - R:localhost/127.0.0.1:8083] Received last HTTP packet
15:53:22.196 [reactor-http-nio-48] DEBUG reactor.netty.resources.PooledConnectionProvider - [id: 0xa0b7be75, L:/127.0.0.1:51941 - R:localhost/127.0.0.1:8083] Channel cleaned, now 126 active connections and 175 inactive connections
15:53:22.196 [reactor-http-nio-46] DEBUG org.springframework.core.codec.StringDecoder - [19c8d437] Decoded "{"userId":"a772abae-9370-4eba-9843-0a649eb4dfae","location":{"longitude":-0.959069,"latitude":-63.4 (truncated)...
15:53:22.196 [reactor-http-nio-46] DEBUG reactor.netty.resources.PooledConnectionProvider - [id: 0xa4957f74, L:/127.0.0.1:51830 - R:localhost/127.0.0.1:8083] onStateChange(GET{uri=/userLocation?userId=a772abae-9370-4eba-9843-0a649eb4dfae, connection=PooledConnection{channel=[id: 0xa4957f74, L:/127.0.0.1:51830 - R:localhost/127.0.0.1:8083]}}, [disconnecting])
15:53:22.196 [reactor-http-nio-46] DEBUG reactor.netty.resources.PooledConnectionProvider - [id: 0xa4957f74, L:/127.0.0.1:51830 - R:localhost/127.0.0.1:8083] Releasing channel
15:53:22.196 [reactor-http-nio-46] DEBUG reactor.netty.resources.PooledConnectionProvider - [id: 0xa4957f74, L:/127.0.0.1:51830 - R:localhost/127.0.0.1:8083] Channel cleaned, now 125 active connections and 176 inactive connections
15:53:22.196 [pool-44-thread-80] INFO tourGuide.service.TourGuideService - visitedLocatio tourGuide.gpsUtil.VisitedLocation@3d72febb
15:53:22.197 [pool-44-thread-80] DEBUG org.springframework.web.reactive.function.client.ExchangeFunctions - [394d7dcd] HTTP GET http://localhost:8083/attractions
15:53:22.197 [pool-44-thread-97] INFO tourGuide.service.TourGuideService - visitedLocatio tourGuide.gpsUtil.VisitedLocation@11dde45e
15:53:22.197 [pool-44-thread-97] DEBUG org.springframework.web.reactive.function.client.ExchangeFunctions - [15e262bd] HTTP GET http://localhost:8083/attractions
15:53:22.198 [pool-44-thread-90] INFO tourGuide.service.TourGuideService - visitedLocatio tourGuide.gpsUtil.VisitedLocation@170f297e
15:53:22.198 [pool-44-thread-90] DEBUG org.springframework.web.reactive.function.client.ExchangeFunctions - [1330bf47] HTTP GET http://localhost:8083/attractions
15:53:22.200 [reactor-http-nio-46] DEBUG reactor.netty.resources.PooledConnectionProvider - [id: 0x57e92495, L:/127.0.0.1:51779 - R:localhost/127.0.0.1:8083] Channel acquired, now 126 active connections and 175 inactive connections
15:53:22.200 [reactor-http-nio-46] DEBUG reactor.netty.http.client.HttpClientConnect - [id: 0x57e92495, L:/127.0.0.1:51779 - R:localhost/127.0.0.1:8083] Handler is being applied: {uri=http://localhost:8083/attractions, method=GET}
15:53:22.200 [reactor-http-nio-41] DEBUG reactor.netty.resources.PooledConnectionProvider - [id: 0x04d95a3a, L:/127.0.0.1:51789 - R:localhost/127.0.0.1:8083] Channel acquired, now 127 active connections and 174 inactive connections
15:53:22.200 [reactor-http-nio-41] DEBUG reactor.netty.http.client.HttpClientConnect - [id: 0x04d95a3a, L:/127.0.0.1:51789 - R:localhost/127.0.0.1:8083] Handler is being applied: {uri=http://localhost:8083/attractions, method=GET}
15:53:22.201 [reactor-http-nio-46] DEBUG reactor.netty.resources.PooledConnectionProvider - [id: 0x57e92495, L:/127.0.0.1:51779 - R:localhost/127.0.0.1:8083] onStateChange(GET{uri=/attractions, connection=PooledConnection{channel=[id: 0x57e92495, L:/127.0.0.1:51779 - R:localhost/127.0.0.1:8083]}}, [request_sent])
15:53:22.201 [reactor-http-nio-41] DEBUG reactor.netty.resources.PooledConnectionProvider - [id: 0x04d95a3a, L:/127.0.0.1:51789 - R:localhost/127.0.0.1:8083] onStateChange(GET{uri=/attractions, connection=PooledConnection{channel=[id: 0x04d95a3a, L:/127.0.0.1:51789 - R:localhost/127.0.0.1:8083]}}, [request_sent])
15:53:22.202 [reactor-http-nio-47] DEBUG reactor.netty.resources.PooledConnectionProvider - [id: 0x6cb64786, L:/127.0.0.1:51839 - R:localhost/127.0.0.1:8083] Channel acquired, now 128 active connections and 173 inactive connections
15:53:22.202 [reactor-http-nio-47] DEBUG reactor.netty.http.client.HttpClientConnect - [id: 0x6cb64786, L:/127.0.0.1:51839 - R:localhost/127.0.0.1:8083] Handler is being applied: {uri=http://localhost:8083/attractions, method=GET}
15:53:22.203 [reactor-http-nio-47] DEBUG reactor.netty.resources.PooledConnectionProvider - [id: 0x6cb64786, L:/127.0.0.1:51839 - R:localhost/127.0.0.1:8083] onStateChange(GET{uri=/attractions, connection=PooledConnection{channel=[id: 0x6cb64786, L:/127.0.0.1:51839 - R:localhost/127.0.0.1:8083]}}, [request_sent])
15:53:22.203 [reactor-http-nio-41] DEBUG reactor.netty.http.client.HttpClientOperations - [id: 0xd26d2f3c, L:/127.0.0.1:51741 - R:localhost/127.0.0.1:8083] Received response (auto-read:false) : [Content-Type=application/json, Transfer-Encoding=chunked, Date=Wed, 15 Jun 2022 14:53:21 GMT]
15:53:22.203 [reactor-http-nio-41] DEBUG reactor.netty.resources.PooledConnectionProvider - [id: 0xd26d2f3c, L:/127.0.0.1:51741 - R:localhost/127.0.0.1:8083] onStateChange(GET{uri=/userLocation?userId=50c8cb0f-e691-4514-848f-d4a979075a63, connection=PooledConnection{channel=[id: 0xd26d2f3c, L:/127.0.0.1:51741 - R:localhost/127.0.0.1:8083]}}, [response_received])
15:53:22.204 [reactor-http-nio-41] DEBUG org.springframework.web.reactive.function.client.ExchangeFunctions - [21d8eb2a] Response 200 OK
15:53:22.204 [reactor-http-nio-41] DEBUG reactor.netty.channel.FluxReceive - [id: 0xd26d2f3c, L:/127.0.0.1:51741 - R:localhost/127.0.0.1:8083] Subscribing inbound receiver [pending: 0, cancelled:false, inboundDone: false]
15:53:22.204 [reactor-http-nio-41] DEBUG reactor.netty.http.client.HttpClientOperations - [id: 0xd26d2f3c, L:/127.0.0.1:51741 - R:localhost/127.0.0.1:8083] Received last HTTP packet
15:53:22.204 [reactor-http-nio-41] DEBUG org.springframework.core.codec.StringDecoder - [21d8eb2a] Decoded "{"userId":"50c8cb0f-e691-4514-848f-d4a979075a63","location":{"longitude":-137.36479,"latitude":81.0 (truncated)...
15:53:22.204 [reactor-http-nio-41] DEBUG reactor.netty.resources.PooledConnectionProvider - [id: 0xd26d2f3c, L:/127.0.0.1:51741 - R:localhost/127.0.0.1:8083] onStateChange(GET{uri=/userLocation?userId=50c8cb0f-e691-4514-848f-d4a979075a63, connection=PooledConnection{channel=[id: 0xd26d2f3c, L:/127.0.0.1:51741 - R:localhost/127.0.0.1:8083]}}, [disconnecting])
15:53:22.204 [reactor-http-nio-41] DEBUG reactor.netty.resources.PooledConnectionProvider - [id: 0xd26d2f3c, L:/127.0.0.1:51741 - R:localhost/127.0.0.1:8083] Releasing channel
15:53:22.204 [reactor-http-nio-41] DEBUG reactor.netty.resources.PooledConnectionProvider - [id: 0xd26d2f3c, L:/127.0.0.1:51741 - R:localhost/127.0.0.1:8083] Channel cleaned, now 127 active connections and 174 inactive connections
15:53:22.205 [pool-44-thread-55] INFO tourGuide.service.TourGuideService - visitedLocatio tourGuide.gpsUtil.VisitedLocation@2f1f0161
15:53:22.205 [pool-44-thread-55] DEBUG org.springframework.web.reactive.function.client.ExchangeFunctions - [2b20805a] HTTP GET http://localhost:8083/attractions
15:53:22.206 [reactor-http-nio-41] DEBUG reactor.netty.http.client.HttpClientOperations - [id: 0xcdc2ae18, L:/127.0.0.1:51731 - R:localhost/127.0.0.1:8083] Received response (auto-read:false) : [Content-Type=application/json, Transfer-Encoding=chunked, Date=Wed, 15 Jun 2022 14:53:21 GMT]
15:53:22.206 [reactor-http-nio-41] DEBUG reactor.netty.resources.PooledConnectionProvider - [id: 0xcdc2ae18, L:/127.0.0.1:51731 - R:localhost/127.0.0.1:8083] onStateChange(GET{uri=/userLocation?userId=34b02340-05a7-43e6-8bcd-e6c29b492abd, connection=PooledConnection{channel=[id: 0xcdc2ae18, L:/127.0.0.1:51731 - R:localhost/127.0.0.1:8083]}}, [response_received])
15:53:22.206 [reactor-http-nio-41] DEBUG org.springframework.web.reactive.function.client.ExchangeFunctions - [3e1f5148] Response 200 OK
15:53:22.206 [reactor-http-nio-41] DEBUG reactor.netty.channel.FluxReceive - [id: 0xcdc2ae18, L:/127.0.0.1:51731 - R:localhost/127.0.0.1:8083] Subscribing inbound receiver [pending: 0, cancelled:false, inboundDone: false]
15:53:22.206 [reactor-http-nio-41] DEBUG reactor.netty.http.client.HttpClientOperations - [id: 0xcdc2ae18, L:/127.0.0.1:51731 - R:localhost/127.0.0.1:8083] Received last HTTP packet
15:53:22.206 [reactor-http-nio-41] DEBUG org.springframework.core.codec.StringDecoder - [3e1f5148] Decoded "{"userId":"34b02340-05a7-43e6-8bcd-e6c29b492abd","location":{"longitude":-67.992298,"latitude":-49. (truncated)...
15:53:22.206 [reactor-http-nio-41] DEBUG reactor.netty.resources.PooledConnectionProvider - [id: 0xcdc2ae18, L:/127.0.0.1:51731 - R:localhost/127.0.0.1:8083] onStateChange(GET{uri=/userLocation?userId=34b02340-05a7-43e6-8bcd-e6c29b492abd, connection=PooledConnection{channel=[id: 0xcdc2ae18, L:/127.0.0.1:51731 - R:localhost/127.0.0.1:8083]}}, [disconnecting])
15:53:22.206 [reactor-http-nio-41] DEBUG reactor.netty.resources.PooledConnectionProvider - [id: 0xcdc2ae18, L:/127.0.0.1:51731 - R:localhost/127.0.0.1:8083] Releasing channel
15:53:22.206 [reactor-http-nio-41] DEBUG reactor.netty.resources.PooledConnectionProvider - [id: 0xcdc2ae18, L:/127.0.0.1:51731 - R:localhost/127.0.0.1:8083] Channel cleaned, now 127 active connections and 174 inactive connections
15:53:22.206 [reactor-http-nio-48] DEBUG reactor.netty.resources.PooledConnectionProvider - [id: 0xd46a2218, L:/127.0.0.1:51930 - R:localhost/127.0.0.1:8083] Channel acquired, now 128 active connections and 173 inactive connections
15:53:22.207 [reactor-http-nio-48] DEBUG reactor.netty.http.client.HttpClientConnect - [id: 0xd46a2218, L:/127.0.0.1:51930 - R:localhost/127.0.0.1:8083] Handler is being applied: {uri=http://localhost:8083/attractions, method=GET}
15:53:22.207 [pool-44-thread-94] INFO tourGuide.service.TourGuideService - visitedLocatio tourGuide.gpsUtil.VisitedLocation@30d8b8fb
15:53:22.207 [reactor-http-nio-48] DEBUG reactor.netty.resources.PooledConnectionProvider - [id: 0xd46a2218, L:/127.0.0.1:51930 - R:localhost/127.0.0.1:8083] onStateChange(GET{uri=/attractions, connection=PooledConnection{channel=[id: 0xd46a2218, L:/127.0.0.1:51930 - R:localhost/127.0.0.1:8083]}}, [request_sent])
15:53:22.207 [pool-44-thread-94] DEBUG org.springframework.web.reactive.function.client.ExchangeFunctions - [34e73a38] HTTP GET http://localhost:8083/attractions
15:53:22.211 [reactor-http-nio-47] DEBUG reactor.netty.resources.PooledConnectionProvider - [id: 0x85b1ff76, L:/127.0.0.1:51685 - R:localhost/127.0.0.1:8083] Channel acquired, now 128 active connections and 173 inactive connections
15:53:22.211 [reactor-http-nio-47] DEBUG reactor.netty.http.client.HttpClientConnect - [id: 0x85b1ff76, L:/127.0.0.1:51685 - R:localhost/127.0.0.1:8083] Handler is being applied: {uri=http://localhost:8083/attractions, method=GET}
15:53:22.211 [reactor-http-nio-47] DEBUG reactor.netty.resources.PooledConnectionProvider - [id: 0x85b1ff76, L:/127.0.0.1:51685 - R:localhost/127.0.0.1:8083] onStateChange(GET{uri=/attractions, connection=PooledConnection{channel=[id: 0x85b1ff76, L:/127.0.0.1:51685 - R:localhost/127.0.0.1:8083]}}, [request_sent])
15:53:22.213 [reactor-http-nio-46] DEBUG reactor.netty.http.client.HttpClientOperations - [id: 0x0c4def98, L:/127.0.0.1:51813 - R:localhost/127.0.0.1:8083] Received response (auto-read:false) : [Content-Type=application/json, Transfer-Encoding=chunked, Date=Wed, 15 Jun 2022 14:53:21 GMT]
15:53:22.214 [reactor-http-nio-46] DEBUG reactor.netty.resources.PooledConnectionProvider - [id: 0x0c4def98, L:/127.0.0.1:51813 - R:localhost/127.0.0.1:8083] onStateChange(GET{uri=/userLocation?userId=983c0aa2-c2af-4aae-a387-a8aa89de622a, connection=PooledConnection{channel=[id: 0x0c4def98, L:/127.0.0.1:51813 - R:localhost/127.0.0.1:8083]}}, [response_received])
15:53:22.214 [reactor-http-nio-46] DEBUG org.springframework.web.reactive.function.client.ExchangeFunctions - [193c2272] Response 200 OK
15:53:22.214 [reactor-http-nio-46] DEBUG reactor.netty.channel.FluxReceive - [id: 0x0c4def98, L:/127.0.0.1:51813 - R:localhost/127.0.0.1:8083] Subscribing inbound receiver [pending: 0, cancelled:false, inboundDone: false]
15:53:22.215 [reactor-http-nio-46] DEBUG reactor.netty.http.client.HttpClientOperations - [id: 0x0c4def98, L:/127.0.0.1:51813 - R:localhost/127.0.0.1:8083] Received last HTTP packet
15:53:22.215 [reactor-http-nio-46] DEBUG org.springframework.core.codec.StringDecoder - [193c2272] Decoded "{"userId":"983c0aa2-c2af-4aae-a387-a8aa89de622a","location":{"longitude":144.38274,"latitude":-42.0 (truncated)...
15:53:22.215 [reactor-http-nio-46] DEBUG reactor.netty.resources.PooledConnectionProvider - [id: 0x0c4def98, L:/127.0.0.1:51813 - R:localhost/127.0.0.1:8083] onStateChange(GET{uri=/userLocation?userId=983c0aa2-c2af-4aae-a387-a8aa89de622a, connection=PooledConnection{channel=[id: 0x0c4def98, L:/127.0.0.1:51813 - R:localhost/127.0.0.1:8083]}}, [disconnecting])
15:53:22.215 [reactor-http-nio-46] DEBUG reactor.netty.resources.PooledConnectionProvider - [id: 0x0c4def98, L:/127.0.0.1:51813 - R:localhost/127.0.0.1:8083] Releasing channel
15:53:22.215 [reactor-http-nio-46] DEBUG reactor.netty.resources.PooledConnectionProvider - [id: 0x0c4def98, L:/127.0.0.1:51813 - R:localhost/127.0.0.1:8083] Channel cleaned, now 127 active connections and 174 inactive connections
15:53:22.215 [pool-44-thread-84] INFO tourGuide.service.TourGuideService - visitedLocatio tourGuide.gpsUtil.VisitedLocation@17fbdf25
15:53:22.215 [pool-44-thread-84] DEBUG org.springframework.web.reactive.function.client.ExchangeFunctions - [13c44902] HTTP GET http://localhost:8083/attractions
15:53:22.219 [reactor-http-nio-41] DEBUG reactor.netty.resources.PooledConnectionProvider - [id: 0xd240e1c5, L:/127.0.0.1:51773 - R:localhost/127.0.0.1:8083] Channel acquired, now 128 active connections and 173 inactive connections
15:53:22.219 [reactor-http-nio-41] DEBUG reactor.netty.http.client.HttpClientConnect - [id: 0xd240e1c5, L:/127.0.0.1:51773 - R:localhost/127.0.0.1:8083] Handler is being applied: {uri=http://localhost:8083/attractions, method=GET}
15:53:22.220 [reactor-http-nio-41] DEBUG reactor.netty.resources.PooledConnectionProvider - [id: 0xd240e1c5, L:/127.0.0.1:51773 - R:localhost/127.0.0.1:8083] onStateChange(GET{uri=/attractions, connection=PooledConnection{channel=[id: 0xd240e1c5, L:/127.0.0.1:51773 - R:localhost/127.0.0.1:8083]}}, [request_sent])
15:53:22.220 [reactor-http-nio-41] DEBUG reactor.netty.http.client.HttpClientOperations - [id: 0xdc4a09e2, L:/127.0.0.1:51708 - R:localhost/127.0.0.1:8083] Received response (auto-read:false) : [Content-Type=application/json, Transfer-Encoding=chunked, Date=Wed, 15 Jun 2022 14:53:21 GMT]
15:53:22.220 [reactor-http-nio-41] DEBUG reactor.netty.resources.PooledConnectionProvider - [id: 0xdc4a09e2, L:/127.0.0.1:51708 - R:localhost/127.0.0.1:8083] onStateChange(GET{uri=/attractions, connection=PooledConnection{channel=[id: 0xdc4a09e2, L:/127.0.0.1:51708 - R:localhost/127.0.0.1:8083]}}, [response_received])
15:53:22.220 [reactor-http-nio-41] DEBUG org.springframework.web.reactive.function.client.ExchangeFunctions - [32d148c] Response 200 OK
15:53:22.220 [reactor-http-nio-41] DEBUG reactor.netty.channel.FluxReceive - [id: 0xdc4a09e2, L:/127.0.0.1:51708 - R:localhost/127.0.0.1:8083] Subscribing inbound receiver [pending: 0, cancelled:false, inboundDone: false]
15:53:22.220 [reactor-http-nio-41] DEBUG reactor.netty.http.client.HttpClientOperations - [id: 0xdc4a09e2, L:/127.0.0.1:51708 - R:localhost/127.0.0.1:8083] Received last HTTP packet
15:53:22.220 [reactor-http-nio-41] DEBUG org.springframework.core.codec.StringDecoder - [32d148c] Decoded "[{"longitude":-117.922008,"latitude":33.817595,"attractionName":"Disneyland","city":"Anaheim","stat (truncated)...
15:53:22.220 [reactor-http-nio-41] DEBUG reactor.netty.resources.PooledConnectionProvider - [id: 0xdc4a09e2, L:/127.0.0.1:51708 - R:localhost/127.0.0.1:8083] onStateChange(GET{uri=/attractions, connection=PooledConnection{channel=[id: 0xdc4a09e2, L:/127.0.0.1:51708 - R:localhost/127.0.0.1:8083]}}, [disconnecting])
15:53:22.220 [reactor-http-nio-41] DEBUG reactor.netty.resources.PooledConnectionProvider - [id: 0xdc4a09e2, L:/127.0.0.1:51708 - R:localhost/127.0.0.1:8083] Releasing channel
15:53:22.220 [reactor-http-nio-41] DEBUG reactor.netty.resources.PooledConnectionProvider - [id: 0xdc4a09e2, L:/127.0.0.1:51708 - R:localhost/127.0.0.1:8083] Channel cleaned, now 127 active connections and 174 inactive connections
15:53:22.222 [reactor-http-nio-41] DEBUG reactor.netty.http.client.HttpClientOperations - [id: 0xabcec1ab, L:/127.0.0.1:51770 - R:localhost/127.0.0.1:8083] Received response (auto-read:false) : [Content-Type=application/json, Transfer-Encoding=chunked, Date=Wed, 15 Jun 2022 14:53:21 GMT]
15:53:22.222 [reactor-http-nio-41] DEBUG reactor.netty.resources.PooledConnectionProvider - [id: 0xabcec1ab, L:/127.0.0.1:51770 - R:localhost/127.0.0.1:8083] onStateChange(GET{uri=/userLocation?userId=e9deb04d-a187-48ed-8eae-a505530b4230, connection=PooledConnection{channel=[id: 0xabcec1ab, L:/127.0.0.1:51770 - R:localhost/127.0.0.1:8083]}}, [response_received])
15:53:22.222 [reactor-http-nio-41] DEBUG org.springframework.web.reactive.function.client.ExchangeFunctions - [4c45e3d9] Response 200 OK
15:53:22.222 [reactor-http-nio-41] DEBUG reactor.netty.channel.FluxReceive - [id: 0xabcec1ab, L:/127.0.0.1:51770 - R:localhost/127.0.0.1:8083] Subscribing inbound receiver [pending: 0, cancelled:false, inboundDone: false]
15:53:22.222 [reactor-http-nio-41] DEBUG reactor.netty.http.client.HttpClientOperations - [id: 0xabcec1ab, L:/127.0.0.1:51770 - R:localhost/127.0.0.1:8083] Received last HTTP packet
15:53:22.222 [reactor-http-nio-41] DEBUG org.springframework.core.codec.StringDecoder - [4c45e3d9] Decoded "{"userId":"e9deb04d-a187-48ed-8eae-a505530b4230","location":{"longitude":-63.925889,"latitude":36.6 (truncated)...
15:53:22.222 [reactor-http-nio-41] DEBUG reactor.netty.resources.PooledConnectionProvider - [id: 0xabcec1ab, L:/127.0.0.1:51770 - R:localhost/127.0.0.1:8083] onStateChange(GET{uri=/userLocation?userId=e9deb04d-a187-48ed-8eae-a505530b4230, connection=PooledConnection{channel=[id: 0xabcec1ab, L:/127.0.0.1:51770 - R:localhost/127.0.0.1:8083]}}, [disconnecting])
15:53:22.222 [reactor-http-nio-41] DEBUG reactor.netty.resources.PooledConnectionProvider - [id: 0xabcec1ab, L:/127.0.0.1:51770 - R:localhost/127.0.0.1:8083] Releasing channel
15:53:22.222 [reactor-http-nio-41] DEBUG reactor.netty.resources.PooledConnectionProvider - [id: 0xabcec1ab, L:/127.0.0.1:51770 - R:localhost/127.0.0.1:8083] Channel cleaned, now 126 active connections and 175 inactive connections
15:53:22.223 [pool-44-thread-86] INFO tourGuide.service.TourGuideService - visitedLocatio tourGuide.gpsUtil.VisitedLocation@42821421
15:53:22.223 [pool-44-thread-86] DEBUG org.springframework.web.reactive.function.client.ExchangeFunctions - [46bd88a9] HTTP GET http://localhost:8083/attractions
15:53:22.225 [reactor-http-nio-47] DEBUG reactor.netty.http.client.HttpClientOperations - [id: 0x9813afd7, L:/127.0.0.1:51842 - R:localhost/127.0.0.1:8083] Received response (auto-read:false) : [Content-Type=application/json, Transfer-Encoding=chunked, Date=Wed, 15 Jun 2022 14:53:21 GMT]
15:53:22.225 [reactor-http-nio-47] DEBUG reactor.netty.resources.PooledConnectionProvider - [id: 0x9813afd7, L:/127.0.0.1:51842 - R:localhost/127.0.0.1:8083] onStateChange(GET{uri=/userLocation?userId=4e521ad4-6acb-4509-9b04-9b9d4dbf899c, connection=PooledConnection{channel=[id: 0x9813afd7, L:/127.0.0.1:51842 - R:localhost/127.0.0.1:8083]}}, [response_received])
15:53:22.225 [reactor-http-nio-47] DEBUG org.springframework.web.reactive.function.client.ExchangeFunctions - [591c89e8] Response 200 OK
15:53:22.225 [reactor-http-nio-47] DEBUG reactor.netty.channel.FluxReceive - [id: 0x9813afd7, L:/127.0.0.1:51842 - R:localhost/127.0.0.1:8083] Subscribing inbound receiver [pending: 0, cancelled:false, inboundDone: false]
15:53:22.226 [reactor-http-nio-47] DEBUG reactor.netty.http.client.HttpClientOperations - [id: 0x9813afd7, L:/127.0.0.1:51842 - R:localhost/127.0.0.1:8083] Received last HTTP packet
15:53:22.226 [reactor-http-nio-47] DEBUG org.springframework.core.codec.StringDecoder - [591c89e8] Decoded "{"userId":"4e521ad4-6acb-4509-9b04-9b9d4dbf899c","location":{"longitude":135.688435,"latitude":7.39 (truncated)...
15:53:22.226 [reactor-http-nio-47] DEBUG reactor.netty.resources.PooledConnectionProvider - [id: 0x9813afd7, L:/127.0.0.1:51842 - R:localhost/127.0.0.1:8083] onStateChange(GET{uri=/userLocation?userId=4e521ad4-6acb-4509-9b04-9b9d4dbf899c, connection=PooledConnection{channel=[id: 0x9813afd7, L:/127.0.0.1:51842 - R:localhost/127.0.0.1:8083]}}, [disconnecting])
15:53:22.226 [reactor-http-nio-47] DEBUG reactor.netty.resources.PooledConnectionProvider - [id: 0x9813afd7, L:/127.0.0.1:51842 - R:localhost/127.0.0.1:8083] Releasing channel
15:53:22.226 [reactor-http-nio-47] DEBUG reactor.netty.resources.PooledConnectionProvider - [id: 0x9813afd7, L:/127.0.0.1:51842 - R:localhost/127.0.0.1:8083] Channel cleaned, now 125 active connections and 176 inactive connections
15:53:22.226 [reactor-http-nio-48] DEBUG reactor.netty.resources.PooledConnectionProvider - [id: 0xfb8f1562, L:/127.0.0.1:51968 - R:localhost/127.0.0.1:8083] Channel acquired, now 126 active connections and 175 inactive connections
15:53:22.226 [reactor-http-nio-48] DEBUG reactor.netty.http.client.HttpClientConnect - [id: 0xfb8f1562, L:/127.0.0.1:51968 - R:localhost/127.0.0.1:8083] Handler is being applied: {uri=http://localhost:8083/attractions, method=GET}
15:53:22.226 [pool-44-thread-52] INFO tourGuide.service.TourGuideService - visitedLocatio tourGuide.gpsUtil.VisitedLocation@57db6cbb
15:53:22.227 [reactor-http-nio-48] DEBUG reactor.netty.resources.PooledConnectionProvider - [id: 0xfb8f1562, L:/127.0.0.1:51968 - R:localhost/127.0.0.1:8083] onStateChange(GET{uri=/attractions, connection=PooledConnection{channel=[id: 0xfb8f1562, L:/127.0.0.1:51968 - R:localhost/127.0.0.1:8083]}}, [request_sent])
15:53:22.227 [pool-44-thread-52] DEBUG org.springframework.web.reactive.function.client.ExchangeFunctions - [53e4e298] HTTP GET http://localhost:8083/attractions
15:53:22.230 [reactor-http-nio-41] DEBUG reactor.netty.resources.PooledConnectionProvider - [id: 0xc5bdf2c5, L:/127.0.0.1:51719 - R:localhost/127.0.0.1:8083] Channel acquired, now 127 active connections and 174 inactive connections
15:53:22.230 [reactor-http-nio-41] DEBUG reactor.netty.http.client.HttpClientConnect - [id: 0xc5bdf2c5, L:/127.0.0.1:51719 - R:localhost/127.0.0.1:8083] Handler is being applied: {uri=http://localhost:8083/attractions, method=GET}
15:53:22.231 [reactor-http-nio-41] DEBUG reactor.netty.resources.PooledConnectionProvider - [id: 0xc5bdf2c5, L:/127.0.0.1:51719 - R:localhost/127.0.0.1:8083] onStateChange(GET{uri=/attractions, connection=PooledConnection{channel=[id: 0xc5bdf2c5, L:/127.0.0.1:51719 - R:localhost/127.0.0.1:8083]}}, [request_sent])
15:53:22.233 [reactor-http-nio-47] DEBUG reactor.netty.http.client.HttpClientOperations - [id: 0x792d5066, L:/127.0.0.1:51697 - R:localhost/127.0.0.1:8083] Received response (auto-read:false) : [Content-Type=application/json, Transfer-Encoding=chunked, Date=Wed, 15 Jun 2022 14:53:21 GMT]
15:53:22.233 [reactor-http-nio-47] DEBUG reactor.netty.resources.PooledConnectionProvider - [id: 0x792d5066, L:/127.0.0.1:51697 - R:localhost/127.0.0.1:8083] onStateChange(GET{uri=/attractions, connection=PooledConnection{channel=[id: 0x792d5066, L:/127.0.0.1:51697 - R:localhost/127.0.0.1:8083]}}, [response_received])
15:53:22.233 [reactor-http-nio-47] DEBUG org.springframework.web.reactive.function.client.ExchangeFunctions - [d87923] Response 200 OK
15:53:22.233 [reactor-http-nio-47] DEBUG reactor.netty.channel.FluxReceive - [id: 0x792d5066, L:/127.0.0.1:51697 - R:localhost/127.0.0.1:8083] Subscribing inbound receiver [pending: 0, cancelled:false, inboundDone: false]
15:53:22.233 [reactor-http-nio-47] DEBUG reactor.netty.http.client.HttpClientOperations - [id: 0x792d5066, L:/127.0.0.1:51697 - R:localhost/127.0.0.1:8083] Received last HTTP packet
15:53:22.233 [reactor-http-nio-47] DEBUG org.springframework.core.codec.StringDecoder - [d87923] Decoded "[{"longitude":-117.922008,"latitude":33.817595,"attractionName":"Disneyland","city":"Anaheim","stat (truncated)...
15:53:22.234 [reactor-http-nio-47] DEBUG reactor.netty.resources.PooledConnectionProvider - [id: 0x792d5066, L:/127.0.0.1:51697 - R:localhost/127.0.0.1:8083] onStateChange(GET{uri=/attractions, connection=PooledConnection{channel=[id: 0x792d5066, L:/127.0.0.1:51697 - R:localhost/127.0.0.1:8083]}}, [disconnecting])
15:53:22.234 [reactor-http-nio-47] DEBUG reactor.netty.resources.PooledConnectionProvider - [id: 0x792d5066, L:/127.0.0.1:51697 - R:localhost/127.0.0.1:8083] Releasing channel
15:53:22.234 [reactor-http-nio-47] DEBUG reactor.netty.resources.PooledConnectionProvider - [id: 0x792d5066, L:/127.0.0.1:51697 - R:localhost/127.0.0.1:8083] Channel cleaned, now 126 active connections and 175 inactive connections
15:53:22.242 [reactor-http-nio-47] DEBUG reactor.netty.http.client.HttpClientOperations - [id: 0xa7d8e8a3, L:/127.0.0.1:51682 - R:localhost/127.0.0.1:8083] Received response (auto-read:false) : [Content-Type=application/json, Transfer-Encoding=chunked, Date=Wed, 15 Jun 2022 14:53:21 GMT]
15:53:22.242 [reactor-http-nio-47] DEBUG reactor.netty.resources.PooledConnectionProvider - [id: 0xa7d8e8a3, L:/127.0.0.1:51682 - R:localhost/127.0.0.1:8083] onStateChange(GET{uri=/userLocation?userId=0db665b6-6de0-48ea-81fc-e99384714a3d, connection=PooledConnection{channel=[id: 0xa7d8e8a3, L:/127.0.0.1:51682 - R:localhost/127.0.0.1:8083]}}, [response_received])
15:53:22.242 [reactor-http-nio-47] DEBUG org.springframework.web.reactive.function.client.ExchangeFunctions - [527e46e7] Response 200 OK
15:53:22.242 [reactor-http-nio-47] DEBUG reactor.netty.channel.FluxReceive - [id: 0xa7d8e8a3, L:/127.0.0.1:51682 - R:localhost/127.0.0.1:8083] Subscribing inbound receiver [pending: 0, cancelled:false, inboundDone: false]
15:53:22.242 [reactor-http-nio-47] DEBUG reactor.netty.http.client.HttpClientOperations - [id: 0xa7d8e8a3, L:/127.0.0.1:51682 - R:localhost/127.0.0.1:8083] Received last HTTP packet
15:53:22.242 [reactor-http-nio-47] DEBUG org.springframework.core.codec.StringDecoder - [527e46e7] Decoded "{"userId":"0db665b6-6de0-48ea-81fc-e99384714a3d","location":{"longitude":130.151122,"latitude":54.7 (truncated)...
15:53:22.242 [reactor-http-nio-47] DEBUG reactor.netty.resources.PooledConnectionProvider - [id: 0xa7d8e8a3, L:/127.0.0.1:51682 - R:localhost/127.0.0.1:8083] onStateChange(GET{uri=/userLocation?userId=0db665b6-6de0-48ea-81fc-e99384714a3d, connection=PooledConnection{channel=[id: 0xa7d8e8a3, L:/127.0.0.1:51682 - R:localhost/127.0.0.1:8083]}}, [disconnecting])
15:53:22.242 [reactor-http-nio-47] DEBUG reactor.netty.resources.PooledConnectionProvider - [id: 0xa7d8e8a3, L:/127.0.0.1:51682 - R:localhost/127.0.0.1:8083] Releasing channel
15:53:22.242 [reactor-http-nio-47] DEBUG reactor.netty.resources.PooledConnectionProvider - [id: 0xa7d8e8a3, L:/127.0.0.1:51682 - R:localhost/127.0.0.1:8083] Channel cleaned, now 125 active connections and 176 inactive connections
15:53:22.243 [pool-44-thread-33] INFO tourGuide.service.TourGuideService - visitedLocatio tourGuide.gpsUtil.VisitedLocation@5cb9b2d8
15:53:22.243 [reactor-http-nio-47] DEBUG reactor.netty.http.client.HttpClientOperations - [id: 0xd62fd8aa, L:/127.0.0.1:51857 - R:localhost/127.0.0.1:8083] Received response (auto-read:false) : [Content-Type=application/json, Transfer-Encoding=chunked, Date=Wed, 15 Jun 2022 14:53:21 GMT]
15:53:22.243 [reactor-http-nio-47] DEBUG reactor.netty.resources.PooledConnectionProvider - [id: 0xd62fd8aa, L:/127.0.0.1:51857 - R:localhost/127.0.0.1:8083] onStateChange(GET{uri=/attractions, connection=PooledConnection{channel=[id: 0xd62fd8aa, L:/127.0.0.1:51857 - R:localhost/127.0.0.1:8083]}}, [response_received])
15:53:22.243 [reactor-http-nio-47] DEBUG org.springframework.web.reactive.function.client.ExchangeFunctions - [289ecd4a] Response 200 OK
15:53:22.243 [reactor-http-nio-47] DEBUG reactor.netty.channel.FluxReceive - [id: 0xd62fd8aa, L:/127.0.0.1:51857 - R:localhost/127.0.0.1:8083] Subscribing inbound receiver [pending: 0, cancelled:false, inboundDone: false]
15:53:22.243 [pool-44-thread-33] DEBUG org.springframework.web.reactive.function.client.ExchangeFunctions - [58862d97] HTTP GET http://localhost:8083/attractions
15:53:22.243 [reactor-http-nio-47] DEBUG reactor.netty.http.client.HttpClientOperations - [id: 0xd62fd8aa, L:/127.0.0.1:51857 - R:localhost/127.0.0.1:8083] Received last HTTP packet
15:53:22.243 [reactor-http-nio-47] DEBUG org.springframework.core.codec.StringDecoder - [289ecd4a] Decoded "[{"longitude":-117.922008,"latitude":33.817595,"attractionName":"Disneyland","city":"Anaheim","stat (truncated)...
15:53:22.243 [reactor-http-nio-47] DEBUG reactor.netty.resources.PooledConnectionProvider - [id: 0xd62fd8aa, L:/127.0.0.1:51857 - R:localhost/127.0.0.1:8083] onStateChange(GET{uri=/attractions, connection=PooledConnection{channel=[id: 0xd62fd8aa, L:/127.0.0.1:51857 - R:localhost/127.0.0.1:8083]}}, [disconnecting])
15:53:22.243 [reactor-http-nio-47] DEBUG reactor.netty.resources.PooledConnectionProvider - [id: 0xd62fd8aa, L:/127.0.0.1:51857 - R:localhost/127.0.0.1:8083] Releasing channel
15:53:22.244 [reactor-http-nio-47] DEBUG reactor.netty.resources.PooledConnectionProvider - [id: 0xd62fd8aa, L:/127.0.0.1:51857 - R:localhost/127.0.0.1:8083] Channel cleaned, now 124 active connections and 177 inactive connections
15:53:22.246 [reactor-http-nio-46] DEBUG reactor.netty.http.client.HttpClientOperations - [id: 0x7857a0df, L:/127.0.0.1:51801 - R:localhost/127.0.0.1:8083] Received response (auto-read:false) : [Content-Type=application/json, Transfer-Encoding=chunked, Date=Wed, 15 Jun 2022 14:53:21 GMT]
15:53:22.246 [reactor-http-nio-46] DEBUG reactor.netty.resources.PooledConnectionProvider - [id: 0x7857a0df, L:/127.0.0.1:51801 - R:localhost/127.0.0.1:8083] onStateChange(GET{uri=/userLocation?userId=989c08bf-2526-4add-a33f-753cdccfd889, connection=PooledConnection{channel=[id: 0x7857a0df, L:/127.0.0.1:51801 - R:localhost/127.0.0.1:8083]}}, [response_received])
15:53:22.246 [reactor-http-nio-46] DEBUG org.springframework.web.reactive.function.client.ExchangeFunctions - [6369a0c5] Response 200 OK
15:53:22.246 [reactor-http-nio-46] DEBUG reactor.netty.channel.FluxReceive - [id: 0x7857a0df, L:/127.0.0.1:51801 - R:localhost/127.0.0.1:8083] Subscribing inbound receiver [pending: 0, cancelled:false, inboundDone: false]
15:53:22.246 [reactor-http-nio-46] DEBUG reactor.netty.http.client.HttpClientOperations - [id: 0x7857a0df, L:/127.0.0.1:51801 - R:localhost/127.0.0.1:8083] Received last HTTP packet
15:53:22.246 [reactor-http-nio-46] DEBUG org.springframework.core.codec.StringDecoder - [6369a0c5] Decoded "{"userId":"989c08bf-2526-4add-a33f-753cdccfd889","location":{"longitude":140.239834,"latitude":-29. (truncated)...
15:53:22.246 [reactor-http-nio-46] DEBUG reactor.netty.resources.PooledConnectionProvider - [id: 0x7857a0df, L:/127.0.0.1:51801 - R:localhost/127.0.0.1:8083] onStateChange(GET{uri=/userLocation?userId=989c08bf-2526-4add-a33f-753cdccfd889, connection=PooledConnection{channel=[id: 0x7857a0df, L:/127.0.0.1:51801 - R:localhost/127.0.0.1:8083]}}, [disconnecting])
15:53:22.246 [reactor-http-nio-46] DEBUG reactor.netty.resources.PooledConnectionProvider - [id: 0x7857a0df, L:/127.0.0.1:51801 - R:localhost/127.0.0.1:8083] Releasing channel
15:53:22.246 [reactor-http-nio-46] DEBUG reactor.netty.resources.PooledConnectionProvider - [id: 0x7857a0df, L:/127.0.0.1:51801 - R:localhost/127.0.0.1:8083] Channel cleaned, now 123 active connections and 178 inactive connections
15:53:22.247 [reactor-http-nio-46] DEBUG reactor.netty.http.client.HttpClientOperations - [id: 0xe5282f4b, L:/127.0.0.1:51960 - R:localhost/127.0.0.1:8083] Received response (auto-read:false) : [Content-Type=application/json, Transfer-Encoding=chunked, Date=Wed, 15 Jun 2022 14:53:21 GMT]
15:53:22.247 [reactor-http-nio-46] DEBUG reactor.netty.resources.PooledConnectionProvider - [id: 0xe5282f4b, L:/127.0.0.1:51960 - R:localhost/127.0.0.1:8083] onStateChange(GET{uri=/userLocation?userId=a94c1fa6-b18b-4165-8fc6-6ace541fb23e, connection=PooledConnection{channel=[id: 0xe5282f4b, L:/127.0.0.1:51960 - R:localhost/127.0.0.1:8083]}}, [response_received])
15:53:22.247 [reactor-http-nio-46] DEBUG org.springframework.web.reactive.function.client.ExchangeFunctions - [4d0d8b81] Response 200 OK
15:53:22.247 [reactor-http-nio-47] DEBUG reactor.netty.http.client.HttpClientOperations - [id: 0xfd464294, L:/127.0.0.1:51869 - R:localhost/127.0.0.1:8083] Received last HTTP packet
15:53:22.247 [reactor-http-nio-47] DEBUG org.springframework.core.codec.StringDecoder - [3cea01ab] Decoded "{"userId":"852d86e5-a986-4568-8f64-fa7351ead175","location":{"longitude":-114.126607,"latitude":-56 (truncated)...
15:53:22.247 [reactor-http-nio-47] DEBUG reactor.netty.resources.PooledConnectionProvider - [id: 0xfd464294, L:/127.0.0.1:51869 - R:localhost/127.0.0.1:8083] onStateChange(GET{uri=/userLocation?userId=852d86e5-a986-4568-8f64-fa7351ead175, connection=PooledConnection{channel=[id: 0xfd464294, L:/127.0.0.1:51869 - R:localhost/127.0.0.1:8083]}}, [disconnecting])
15:53:22.247 [reactor-http-nio-47] DEBUG reactor.netty.resources.PooledConnectionProvider - [id: 0xfd464294, L:/127.0.0.1:51869 - R:localhost/127.0.0.1:8083] Releasing channel
15:53:22.247 [reactor-http-nio-47] DEBUG reactor.netty.resources.PooledConnectionProvider - [id: 0xfd464294, L:/127.0.0.1:51869 - R:localhost/127.0.0.1:8083] Channel cleaned, now 122 active connections and 179 inactive connections
15:53:22.247 [reactor-http-nio-46] DEBUG reactor.netty.channel.FluxReceive - [id: 0xe5282f4b, L:/127.0.0.1:51960 - R:localhost/127.0.0.1:8083] Subscribing inbound receiver [pending: 0, cancelled:false, inboundDone: false]
15:53:22.247 [reactor-http-nio-46] DEBUG reactor.netty.http.client.HttpClientOperations - [id: 0xe5282f4b, L:/127.0.0.1:51960 - R:localhost/127.0.0.1:8083] Received last HTTP packet
15:53:22.247 [reactor-http-nio-46] DEBUG org.springframework.core.codec.StringDecoder - [4d0d8b81] Decoded "{"userId":"a94c1fa6-b18b-4165-8fc6-6ace541fb23e","location":{"longitude":-17.955675,"latitude":12.0 (truncated)...
15:53:22.247 [reactor-http-nio-46] DEBUG reactor.netty.resources.PooledConnectionProvider - [id: 0xe5282f4b, L:/127.0.0.1:51960 - R:localhost/127.0.0.1:8083] onStateChange(GET{uri=/userLocation?userId=a94c1fa6-b18b-4165-8fc6-6ace541fb23e, connection=PooledConnection{channel=[id: 0xe5282f4b, L:/127.0.0.1:51960 - R:localhost/127.0.0.1:8083]}}, [disconnecting])
15:53:22.247 [reactor-http-nio-46] DEBUG reactor.netty.resources.PooledConnectionProvider - [id: 0xe5282f4b, L:/127.0.0.1:51960 - R:localhost/127.0.0.1:8083] Releasing channel
15:53:22.247 [reactor-http-nio-46] DEBUG reactor.netty.resources.PooledConnectionProvider - [id: 0xe5282f4b, L:/127.0.0.1:51960 - R:localhost/127.0.0.1:8083] Channel cleaned, now 121 active connections and 180 inactive connections
15:53:22.248 [reactor-http-nio-48] DEBUG reactor.netty.http.client.HttpClientOperations - [id: 0x6bf3117b, L:/127.0.0.1:51909 - R:localhost/127.0.0.1:8083] Received response (auto-read:false) : [Content-Type=application/json, Transfer-Encoding=chunked, Date=Wed, 15 Jun 2022 14:53:21 GMT]
15:53:22.248 [reactor-http-nio-48] DEBUG reactor.netty.resources.PooledConnectionProvider - [id: 0x6bf3117b, L:/127.0.0.1:51909 - R:localhost/127.0.0.1:8083] onStateChange(GET{uri=/attractions, connection=PooledConnection{channel=[id: 0x6bf3117b, L:/127.0.0.1:51909 - R:localhost/127.0.0.1:8083]}}, [response_received])
15:53:22.248 [reactor-http-nio-48] DEBUG org.springframework.web.reactive.function.client.ExchangeFunctions - [7dee0449] Response 200 OK
15:53:22.248 [pool-44-thread-46] INFO tourGuide.service.TourGuideService - visitedLocatio tourGuide.gpsUtil.VisitedLocation@6dae52d8
15:53:22.248 [reactor-http-nio-48] DEBUG reactor.netty.channel.FluxReceive - [id: 0x6bf3117b, L:/127.0.0.1:51909 - R:localhost/127.0.0.1:8083] Subscribing inbound receiver [pending: 0, cancelled:false, inboundDone: false]
15:53:22.248 [reactor-http-nio-48] DEBUG reactor.netty.http.client.HttpClientOperations - [id: 0x6bf3117b, L:/127.0.0.1:51909 - R:localhost/127.0.0.1:8083] Received last HTTP packet
15:53:22.248 [pool-44-thread-35] INFO tourGuide.service.TourGuideService - visitedLocatio tourGuide.gpsUtil.VisitedLocation@322de846
15:53:22.248 [reactor-http-nio-48] DEBUG org.springframework.core.codec.StringDecoder - [7dee0449] Decoded "[{"longitude":-117.922008,"latitude":33.817595,"attractionName":"Disneyland","city":"Anaheim","stat (truncated)...
15:53:22.248 [reactor-http-nio-48] DEBUG reactor.netty.resources.PooledConnectionProvider - [id: 0x6bf3117b, L:/127.0.0.1:51909 - R:localhost/127.0.0.1:8083] onStateChange(GET{uri=/attractions, connection=PooledConnection{channel=[id: 0x6bf3117b, L:/127.0.0.1:51909 - R:localhost/127.0.0.1:8083]}}, [disconnecting])
15:53:22.248 [reactor-http-nio-48] DEBUG reactor.netty.resources.PooledConnectionProvider - [id: 0x6bf3117b, L:/127.0.0.1:51909 - R:localhost/127.0.0.1:8083] Releasing channel
15:53:22.248 [reactor-http-nio-48] DEBUG reactor.netty.resources.PooledConnectionProvider - [id: 0x6bf3117b, L:/127.0.0.1:51909 - R:localhost/127.0.0.1:8083] Channel cleaned, now 120 active connections and 181 inactive connections
15:53:22.248 [pool-44-thread-46] DEBUG org.springframework.web.reactive.function.client.ExchangeFunctions - [6991cbb5] HTTP GET http://localhost:8083/attractions
15:53:22.248 [reactor-http-nio-48] DEBUG reactor.netty.resources.PooledConnectionProvider - [id: 0x52b43451, L:/127.0.0.1:51966 - R:localhost/127.0.0.1:8083] Channel acquired, now 121 active connections and 180 inactive connections
15:53:22.248 [pool-44-thread-35] DEBUG org.springframework.web.reactive.function.client.ExchangeFunctions - [36126adb] HTTP GET http://localhost:8083/attractions
15:53:22.248 [reactor-http-nio-48] DEBUG reactor.netty.http.client.HttpClientConnect - [id: 0x52b43451, L:/127.0.0.1:51966 - R:localhost/127.0.0.1:8083] Handler is being applied: {uri=http://localhost:8083/attractions, method=GET}
15:53:22.248 [pool-44-thread-31] INFO tourGuide.service.TourGuideService - visitedLocatio tourGuide.gpsUtil.VisitedLocation@43ca7c50
15:53:22.249 [pool-44-thread-31] DEBUG org.springframework.web.reactive.function.client.ExchangeFunctions - [47f5e0f1] HTTP GET http://localhost:8083/attractions
15:53:22.249 [reactor-http-nio-46] DEBUG reactor.netty.resources.PooledConnectionProvider - [id: 0xd99a3f51, L:/127.0.0.1:51806 - R:localhost/127.0.0.1:8083] Channel acquired, now 122 active connections and 179 inactive connections
15:53:22.249 [reactor-http-nio-46] DEBUG reactor.netty.http.client.HttpClientConnect - [id: 0xd99a3f51, L:/127.0.0.1:51806 - R:localhost/127.0.0.1:8083] Handler is being applied: {uri=http://localhost:8083/attractions, method=GET}
15:53:22.250 [reactor-http-nio-48] DEBUG reactor.netty.resources.PooledConnectionProvider - [id: 0x52b43451, L:/127.0.0.1:51966 - R:localhost/127.0.0.1:8083] onStateChange(GET{uri=/attractions, connection=PooledConnection{channel=[id: 0x52b43451, L:/127.0.0.1:51966 - R:localhost/127.0.0.1:8083]}}, [request_sent])
15:53:22.250 [reactor-http-nio-46] DEBUG reactor.netty.resources.PooledConnectionProvider - [id: 0xd99a3f51, L:/127.0.0.1:51806 - R:localhost/127.0.0.1:8083] onStateChange(GET{uri=/attractions, connection=PooledConnection{channel=[id: 0xd99a3f51, L:/127.0.0.1:51806 - R:localhost/127.0.0.1:8083]}}, [request_sent])
15:53:22.252 [reactor-http-nio-48] DEBUG reactor.netty.resources.PooledConnectionProvider - [id: 0x9d7faf15, L:/127.0.0.1:51948 - R:localhost/127.0.0.1:8083] Channel acquired, now 123 active connections and 178 inactive connections
15:53:22.252 [reactor-http-nio-48] DEBUG reactor.netty.http.client.HttpClientConnect - [id: 0x9d7faf15, L:/127.0.0.1:51948 - R:localhost/127.0.0.1:8083] Handler is being applied: {uri=http://localhost:8083/attractions, method=GET}
15:53:22.253 [reactor-http-nio-48] DEBUG reactor.netty.resources.PooledConnectionProvider - [id: 0x9d7faf15, L:/127.0.0.1:51948 - R:localhost/127.0.0.1:8083] onStateChange(GET{uri=/attractions, connection=PooledConnection{channel=[id: 0x9d7faf15, L:/127.0.0.1:51948 - R:localhost/127.0.0.1:8083]}}, [request_sent])
15:53:22.253 [reactor-http-nio-47] DEBUG reactor.netty.resources.PooledConnectionProvider - [id: 0x94ed7f01, L:/127.0.0.1:51699 - R:localhost/127.0.0.1:8083] Channel acquired, now 124 active connections and 177 inactive connections
15:53:22.253 [reactor-http-nio-47] DEBUG reactor.netty.http.client.HttpClientConnect - [id: 0x94ed7f01, L:/127.0.0.1:51699 - R:localhost/127.0.0.1:8083] Handler is being applied: {uri=http://localhost:8083/attractions, method=GET}
15:53:22.254 [reactor-http-nio-47] DEBUG reactor.netty.resources.PooledConnectionProvider - [id: 0x94ed7f01, L:/127.0.0.1:51699 - R:localhost/127.0.0.1:8083] onStateChange(GET{uri=/attractions, connection=PooledConnection{channel=[id: 0x94ed7f01, L:/127.0.0.1:51699 - R:localhost/127.0.0.1:8083]}}, [request_sent])
15:53:22.259 [reactor-http-nio-48] DEBUG reactor.netty.http.client.HttpClientOperations - [id: 0x5ae48bb7, L:/127.0.0.1:51942 - R:localhost/127.0.0.1:8083] Received response (auto-read:false) : [Content-Type=application/json, Transfer-Encoding=chunked, Date=Wed, 15 Jun 2022 14:53:21 GMT]
15:53:22.259 [reactor-http-nio-48] DEBUG reactor.netty.resources.PooledConnectionProvider - [id: 0x5ae48bb7, L:/127.0.0.1:51942 - R:localhost/127.0.0.1:8083] onStateChange(GET{uri=/userLocation?userId=5a6e91d1-7a10-4b26-a5d0-5f577cc54884, connection=PooledConnection{channel=[id: 0x5ae48bb7, L:/127.0.0.1:51942 - R:localhost/127.0.0.1:8083]}}, [response_received])
15:53:22.259 [reactor-http-nio-48] DEBUG org.springframework.web.reactive.function.client.ExchangeFunctions - [54987ae6] Response 200 OK
15:53:22.259 [reactor-http-nio-48] DEBUG reactor.netty.channel.FluxReceive - [id: 0x5ae48bb7, L:/127.0.0.1:51942 - R:localhost/127.0.0.1:8083] Subscribing inbound receiver [pending: 0, cancelled:false, inboundDone: false]
15:53:22.261 [reactor-http-nio-47] DEBUG reactor.netty.http.client.HttpClientOperations - [id: 0x2b8f766c, L:/127.0.0.1:51861 - R:localhost/127.0.0.1:8083] Received response (auto-read:false) : [Content-Type=application/json, Transfer-Encoding=chunked, Date=Wed, 15 Jun 2022 14:53:21 GMT]
15:53:22.261 [reactor-http-nio-47] DEBUG reactor.netty.resources.PooledConnectionProvider - [id: 0x2b8f766c, L:/127.0.0.1:51861 - R:localhost/127.0.0.1:8083] onStateChange(GET{uri=/attractions, connection=PooledConnection{channel=[id: 0x2b8f766c, L:/127.0.0.1:51861 - R:localhost/127.0.0.1:8083]}}, [response_received])
15:53:22.261 [reactor-http-nio-47] DEBUG org.springframework.web.reactive.function.client.ExchangeFunctions - [57c7579d] Response 200 OK
15:53:22.261 [reactor-http-nio-47] DEBUG reactor.netty.channel.FluxReceive - [id: 0x2b8f766c, L:/127.0.0.1:51861 - R:localhost/127.0.0.1:8083] Subscribing inbound receiver [pending: 0, cancelled:false, inboundDone: false]
15:53:22.262 [reactor-http-nio-47] DEBUG reactor.netty.http.client.HttpClientOperations - [id: 0x2b8f766c, L:/127.0.0.1:51861 - R:localhost/127.0.0.1:8083] Received last HTTP packet
15:53:22.262 [reactor-http-nio-47] DEBUG org.springframework.core.codec.StringDecoder - [57c7579d] Decoded "[{"longitude":-117.922008,"latitude":33.817595,"attractionName":"Disneyland","city":"Anaheim","stat (truncated)...
15:53:22.262 [reactor-http-nio-47] DEBUG reactor.netty.resources.PooledConnectionProvider - [id: 0x2b8f766c, L:/127.0.0.1:51861 - R:localhost/127.0.0.1:8083] onStateChange(GET{uri=/attractions, connection=PooledConnection{channel=[id: 0x2b8f766c, L:/127.0.0.1:51861 - R:localhost/127.0.0.1:8083]}}, [disconnecting])
15:53:22.262 [reactor-http-nio-47] DEBUG reactor.netty.resources.PooledConnectionProvider - [id: 0x2b8f766c, L:/127.0.0.1:51861 - R:localhost/127.0.0.1:8083] Releasing channel
15:53:22.262 [reactor-http-nio-47] DEBUG reactor.netty.resources.PooledConnectionProvider - [id: 0x2b8f766c, L:/127.0.0.1:51861 - R:localhost/127.0.0.1:8083] Channel cleaned, now 123 active connections and 178 inactive connections
15:53:22.262 [reactor-http-nio-46] DEBUG reactor.netty.http.client.HttpClientOperations - [id: 0x0a4cfcd0, L:/127.0.0.1:51802 - R:localhost/127.0.0.1:8083] Received response (auto-read:false) : [Content-Type=application/json, Transfer-Encoding=chunked, Date=Wed, 15 Jun 2022 14:53:21 GMT]
15:53:22.262 [reactor-http-nio-46] DEBUG reactor.netty.resources.PooledConnectionProvider - [id: 0x0a4cfcd0, L:/127.0.0.1:51802 - R:localhost/127.0.0.1:8083] onStateChange(GET{uri=/attractions, connection=PooledConnection{channel=[id: 0x0a4cfcd0, L:/127.0.0.1:51802 - R:localhost/127.0.0.1:8083]}}, [response_received])
15:53:22.262 [reactor-http-nio-46] DEBUG org.springframework.web.reactive.function.client.ExchangeFunctions - [2767271a] Response 200 OK
15:53:22.263 [reactor-http-nio-46] DEBUG reactor.netty.channel.FluxReceive - [id: 0x0a4cfcd0, L:/127.0.0.1:51802 - R:localhost/127.0.0.1:8083] Subscribing inbound receiver [pending: 0, cancelled:false, inboundDone: false]
15:53:22.263 [reactor-http-nio-46] DEBUG reactor.netty.http.client.HttpClientOperations - [id: 0x0a4cfcd0, L:/127.0.0.1:51802 - R:localhost/127.0.0.1:8083] Received last HTTP packet
15:53:22.264 [reactor-http-nio-46] DEBUG org.springframework.core.codec.StringDecoder - [2767271a] Decoded "[{"longitude":-117.922008,"latitude":33.817595,"attractionName":"Disneyland","city":"Anaheim","stat (truncated)...
15:53:22.264 [reactor-http-nio-46] DEBUG reactor.netty.resources.PooledConnectionProvider - [id: 0x0a4cfcd0, L:/127.0.0.1:51802 - R:localhost/127.0.0.1:8083] onStateChange(GET{uri=/attractions, connection=PooledConnection{channel=[id: 0x0a4cfcd0, L:/127.0.0.1:51802 - R:localhost/127.0.0.1:8083]}}, [disconnecting])
15:53:22.264 [reactor-http-nio-46] DEBUG reactor.netty.resources.PooledConnectionProvider - [id: 0x0a4cfcd0, L:/127.0.0.1:51802 - R:localhost/127.0.0.1:8083] Releasing channel
15:53:22.264 [reactor-http-nio-46] DEBUG reactor.netty.resources.PooledConnectionProvider - [id: 0x0a4cfcd0, L:/127.0.0.1:51802 - R:localhost/127.0.0.1:8083] Channel cleaned, now 122 active connections and 179 inactive connections
15:53:22.266 [reactor-http-nio-48] DEBUG reactor.netty.http.client.HttpClientOperations - [id: 0x81d5694b, L:/127.0.0.1:51900 - R:localhost/127.0.0.1:8083] Received response (auto-read:false) : [Content-Type=application/json, Transfer-Encoding=chunked, Date=Wed, 15 Jun 2022 14:53:21 GMT]
15:53:22.266 [reactor-http-nio-48] DEBUG reactor.netty.resources.PooledConnectionProvider - [id: 0x81d5694b, L:/127.0.0.1:51900 - R:localhost/127.0.0.1:8083] onStateChange(GET{uri=/userLocation?userId=45250a91-0315-4377-8858-e3925bc065f6, connection=PooledConnection{channel=[id: 0x81d5694b, L:/127.0.0.1:51900 - R:localhost/127.0.0.1:8083]}}, [response_received])
15:53:22.266 [reactor-http-nio-48] DEBUG org.springframework.web.reactive.function.client.ExchangeFunctions - [3a7f78b1] Response 200 OK
15:53:22.266 [reactor-http-nio-48] DEBUG reactor.netty.channel.FluxReceive - [id: 0x81d5694b, L:/127.0.0.1:51900 - R:localhost/127.0.0.1:8083] Subscribing inbound receiver [pending: 0, cancelled:false, inboundDone: false]
15:53:22.266 [reactor-http-nio-48] DEBUG reactor.netty.http.client.HttpClientOperations - [id: 0x81d5694b, L:/127.0.0.1:51900 - R:localhost/127.0.0.1:8083] Received last HTTP packet
15:53:22.266 [reactor-http-nio-48] DEBUG org.springframework.core.codec.StringDecoder - [3a7f78b1] Decoded "{"userId":"45250a91-0315-4377-8858-e3925bc065f6","location":{"longitude":-21.580174,"latitude":-44. (truncated)...
15:53:22.266 [reactor-http-nio-48] DEBUG reactor.netty.resources.PooledConnectionProvider - [id: 0x81d5694b, L:/127.0.0.1:51900 - R:localhost/127.0.0.1:8083] onStateChange(GET{uri=/userLocation?userId=45250a91-0315-4377-8858-e3925bc065f6, connection=PooledConnection{channel=[id: 0x81d5694b, L:/127.0.0.1:51900 - R:localhost/127.0.0.1:8083]}}, [disconnecting])
15:53:22.266 [reactor-http-nio-48] DEBUG reactor.netty.resources.PooledConnectionProvider - [id: 0x81d5694b, L:/127.0.0.1:51900 - R:localhost/127.0.0.1:8083] Releasing channel
15:53:22.266 [reactor-http-nio-48] DEBUG reactor.netty.resources.PooledConnectionProvider - [id: 0x81d5694b, L:/127.0.0.1:51900 - R:localhost/127.0.0.1:8083] Channel cleaned, now 121 active connections and 180 inactive connections
15:53:22.267 [pool-44-thread-23] INFO tourGuide.service.TourGuideService - visitedLocatio tourGuide.gpsUtil.VisitedLocation@34b8918e
15:53:22.267 [reactor-http-nio-47] DEBUG reactor.netty.http.client.HttpClientOperations - [id: 0x16e996b4, L:/127.0.0.1:51859 - R:localhost/127.0.0.1:8083] Received response (auto-read:false) : [Content-Type=application/json, Transfer-Encoding=chunked, Date=Wed, 15 Jun 2022 14:53:21 GMT]
15:53:22.267 [reactor-http-nio-47] DEBUG reactor.netty.resources.PooledConnectionProvider - [id: 0x16e996b4, L:/127.0.0.1:51859 - R:localhost/127.0.0.1:8083] onStateChange(GET{uri=/attractions, connection=PooledConnection{channel=[id: 0x16e996b4, L:/127.0.0.1:51859 - R:localhost/127.0.0.1:8083]}}, [response_received])
15:53:22.267 [reactor-http-nio-47] DEBUG org.springframework.web.reactive.function.client.ExchangeFunctions - [424b56db] Response 200 OK
15:53:22.267 [reactor-http-nio-47] DEBUG reactor.netty.channel.FluxReceive - [id: 0x16e996b4, L:/127.0.0.1:51859 - R:localhost/127.0.0.1:8083] Subscribing inbound receiver [pending: 0, cancelled:false, inboundDone: false]
15:53:22.267 [pool-44-thread-23] DEBUG org.springframework.web.reactive.function.client.ExchangeFunctions - [308713c1] HTTP GET http://localhost:8083/attractions
15:53:22.269 [reactor-http-nio-47] DEBUG reactor.netty.http.client.HttpClientOperations - [id: 0x16e996b4, L:/127.0.0.1:51859 - R:localhost/127.0.0.1:8083] Received last HTTP packet
15:53:22.269 [reactor-http-nio-47] DEBUG org.springframework.core.codec.StringDecoder - [424b56db] Decoded "[{"longitude":-117.922008,"latitude":33.817595,"attractionName":"Disneyland","city":"Anaheim","stat (truncated)...
15:53:22.270 [reactor-http-nio-47] DEBUG reactor.netty.resources.PooledConnectionProvider - [id: 0x16e996b4, L:/127.0.0.1:51859 - R:localhost/127.0.0.1:8083] onStateChange(GET{uri=/attractions, connection=PooledConnection{channel=[id: 0x16e996b4, L:/127.0.0.1:51859 - R:localhost/127.0.0.1:8083]}}, [disconnecting])
15:53:22.270 [reactor-http-nio-47] DEBUG reactor.netty.resources.PooledConnectionProvider - [id: 0x16e996b4, L:/127.0.0.1:51859 - R:localhost/127.0.0.1:8083] Releasing channel
15:53:22.270 [reactor-http-nio-47] DEBUG reactor.netty.resources.PooledConnectionProvider - [id: 0x16e996b4, L:/127.0.0.1:51859 - R:localhost/127.0.0.1:8083] Channel cleaned, now 120 active connections and 181 inactive connections
15:53:22.270 [reactor-http-nio-41] DEBUG reactor.netty.http.client.HttpClientOperations - [id: 0xaec00cf3, L:/127.0.0.1:51929 - R:localhost/127.0.0.1:8083] Received response (auto-read:false) : [Content-Type=application/json, Transfer-Encoding=chunked, Date=Wed, 15 Jun 2022 14:53:21 GMT]
15:53:22.270 [reactor-http-nio-41] DEBUG reactor.netty.resources.PooledConnectionProvider - [id: 0xaec00cf3, L:/127.0.0.1:51929 - R:localhost/127.0.0.1:8083] onStateChange(GET{uri=/userLocation?userId=cb76a6c9-fe9d-457e-a10a-73cb814fd26b, connection=PooledConnection{channel=[id: 0xaec00cf3, L:/127.0.0.1:51929 - R:localhost/127.0.0.1:8083]}}, [response_received])
15:53:22.270 [reactor-http-nio-41] DEBUG org.springframework.web.reactive.function.client.ExchangeFunctions - [4f0a57ae] Response 200 OK
15:53:22.270 [reactor-http-nio-41] DEBUG reactor.netty.channel.FluxReceive - [id: 0xaec00cf3, L:/127.0.0.1:51929 - R:localhost/127.0.0.1:8083] Subscribing inbound receiver [pending: 0, cancelled:false, inboundDone: false]
15:53:22.272 [reactor-http-nio-47] DEBUG reactor.netty.resources.PooledConnectionProvider - [id: 0x9ce465db, L:/127.0.0.1:51838 - R:localhost/127.0.0.1:8083] Channel acquired, now 121 active connections and 180 inactive connections
15:53:22.272 [reactor-http-nio-47] DEBUG reactor.netty.http.client.HttpClientConnect - [id: 0x9ce465db, L:/127.0.0.1:51838 - R:localhost/127.0.0.1:8083] Handler is being applied: {uri=http://localhost:8083/attractions, method=GET}
15:53:22.272 [reactor-http-nio-47] DEBUG reactor.netty.resources.PooledConnectionProvider - [id: 0x9ce465db, L:/127.0.0.1:51838 - R:localhost/127.0.0.1:8083] onStateChange(GET{uri=/attractions, connection=PooledConnection{channel=[id: 0x9ce465db, L:/127.0.0.1:51838 - R:localhost/127.0.0.1:8083]}}, [request_sent])
15:53:22.281 [reactor-http-nio-47] DEBUG reactor.netty.http.client.HttpClientOperations - [id: 0x33d84267, L:/127.0.0.1:51885 - R:localhost/127.0.0.1:8083] Received response (auto-read:false) : [Content-Type=application/json, Transfer-Encoding=chunked, Date=Wed, 15 Jun 2022 14:53:21 GMT]
15:53:22.281 [reactor-http-nio-47] DEBUG reactor.netty.resources.PooledConnectionProvider - [id: 0x33d84267, L:/127.0.0.1:51885 - R:localhost/127.0.0.1:8083] onStateChange(GET{uri=/userLocation?userId=f8637b38-d1c0-4bf3-82ae-d0022a298092, connection=PooledConnection{channel=[id: 0x33d84267, L:/127.0.0.1:51885 - R:localhost/127.0.0.1:8083]}}, [response_received])
15:53:22.281 [reactor-http-nio-47] DEBUG org.springframework.web.reactive.function.client.ExchangeFunctions - [171aa7ca] Response 200 OK
15:53:22.281 [reactor-http-nio-47] DEBUG reactor.netty.channel.FluxReceive - [id: 0x33d84267, L:/127.0.0.1:51885 - R:localhost/127.0.0.1:8083] Subscribing inbound receiver [pending: 0, cancelled:false, inboundDone: false]
15:53:22.281 [reactor-http-nio-47] DEBUG reactor.netty.http.client.HttpClientOperations - [id: 0x33d84267, L:/127.0.0.1:51885 - R:localhost/127.0.0.1:8083] Received last HTTP packet
15:53:22.281 [reactor-http-nio-47] DEBUG org.springframework.core.codec.StringDecoder - [171aa7ca] Decoded "{"userId":"f8637b38-d1c0-4bf3-82ae-d0022a298092","location":{"longitude":31.45475,"latitude":-80.68 (truncated)...
15:53:22.281 [reactor-http-nio-47] DEBUG reactor.netty.resources.PooledConnectionProvider - [id: 0x33d84267, L:/127.0.0.1:51885 - R:localhost/127.0.0.1:8083] onStateChange(GET{uri=/userLocation?userId=f8637b38-d1c0-4bf3-82ae-d0022a298092, connection=PooledConnection{channel=[id: 0x33d84267, L:/127.0.0.1:51885 - R:localhost/127.0.0.1:8083]}}, [disconnecting])
15:53:22.281 [reactor-http-nio-47] DEBUG reactor.netty.resources.PooledConnectionProvider - [id: 0x33d84267, L:/127.0.0.1:51885 - R:localhost/127.0.0.1:8083] Releasing channel
15:53:22.281 [reactor-http-nio-47] DEBUG reactor.netty.resources.PooledConnectionProvider - [id: 0x33d84267, L:/127.0.0.1:51885 - R:localhost/127.0.0.1:8083] Channel cleaned, now 120 active connections and 181 inactive connections
15:53:22.282 [reactor-http-nio-47] DEBUG reactor.netty.http.client.HttpClientOperations - [id: 0xab8c6a94, L:/127.0.0.1:51844 - R:localhost/127.0.0.1:8083] Received response (auto-read:false) : [Content-Type=application/json, Transfer-Encoding=chunked, Date=Wed, 15 Jun 2022 14:53:21 GMT]
15:53:22.282 [reactor-http-nio-47] DEBUG reactor.netty.resources.PooledConnectionProvider - [id: 0xab8c6a94, L:/127.0.0.1:51844 - R:localhost/127.0.0.1:8083] onStateChange(GET{uri=/userLocation?userId=effada8e-b781-482e-8e8e-5f956f829512, connection=PooledConnection{channel=[id: 0xab8c6a94, L:/127.0.0.1:51844 - R:localhost/127.0.0.1:8083]}}, [response_received])
15:53:22.282 [reactor-http-nio-47] DEBUG org.springframework.web.reactive.function.client.ExchangeFunctions - [7352381e] Response 200 OK
15:53:22.282 [reactor-http-nio-47] DEBUG reactor.netty.channel.FluxReceive - [id: 0xab8c6a94, L:/127.0.0.1:51844 - R:localhost/127.0.0.1:8083] Subscribing inbound receiver [pending: 0, cancelled:false, inboundDone: false]
15:53:22.282 [reactor-http-nio-47] DEBUG reactor.netty.http.client.HttpClientOperations - [id: 0xab8c6a94, L:/127.0.0.1:51844 - R:localhost/127.0.0.1:8083] Received last HTTP packet
15:53:22.282 [reactor-http-nio-47] DEBUG org.springframework.core.codec.StringDecoder - [7352381e] Decoded "{"userId":"effada8e-b781-482e-8e8e-5f956f829512","location":{"longitude":-9.116099,"latitude":73.24 (truncated)...
15:53:22.282 [pool-44-thread-91] INFO tourGuide.service.TourGuideService - visitedLocatio tourGuide.gpsUtil.VisitedLocation@19dd5b59
15:53:22.282 [reactor-http-nio-47] DEBUG reactor.netty.resources.PooledConnectionProvider - [id: 0xab8c6a94, L:/127.0.0.1:51844 - R:localhost/127.0.0.1:8083] onStateChange(GET{uri=/userLocation?userId=effada8e-b781-482e-8e8e-5f956f829512, connection=PooledConnection{channel=[id: 0xab8c6a94, L:/127.0.0.1:51844 - R:localhost/127.0.0.1:8083]}}, [disconnecting])
15:53:22.282 [reactor-http-nio-47] DEBUG reactor.netty.resources.PooledConnectionProvider - [id: 0xab8c6a94, L:/127.0.0.1:51844 - R:localhost/127.0.0.1:8083] Releasing channel
15:53:22.282 [reactor-http-nio-47] DEBUG reactor.netty.resources.PooledConnectionProvider - [id: 0xab8c6a94, L:/127.0.0.1:51844 - R:localhost/127.0.0.1:8083] Channel cleaned, now 119 active connections and 182 inactive connections
15:53:22.283 [pool-44-thread-91] DEBUG org.springframework.web.reactive.function.client.ExchangeFunctions - [1de2ccba] HTTP GET http://localhost:8083/attractions
15:53:22.284 [pool-44-thread-61] INFO tourGuide.service.TourGuideService - visitedLocatio tourGuide.gpsUtil.VisitedLocation@7d95d804
15:53:22.285 [pool-44-thread-61] DEBUG org.springframework.web.reactive.function.client.ExchangeFunctions - [79aa536e] HTTP GET http://localhost:8083/attractions
15:53:22.286 [reactor-http-nio-47] DEBUG reactor.netty.resources.PooledConnectionProvider - [id: 0x905654b3, L:/127.0.0.1:51889 - R:localhost/127.0.0.1:8083] Channel acquired, now 120 active connections and 181 inactive connections
15:53:22.286 [reactor-http-nio-47] DEBUG reactor.netty.http.client.HttpClientConnect - [id: 0x905654b3, L:/127.0.0.1:51889 - R:localhost/127.0.0.1:8083] Handler is being applied: {uri=http://localhost:8083/attractions, method=GET}
15:53:22.287 [reactor-http-nio-47] DEBUG reactor.netty.resources.PooledConnectionProvider - [id: 0x905654b3, L:/127.0.0.1:51889 - R:localhost/127.0.0.1:8083] onStateChange(GET{uri=/attractions, connection=PooledConnection{channel=[id: 0x905654b3, L:/127.0.0.1:51889 - R:localhost/127.0.0.1:8083]}}, [request_sent])
15:53:22.288 [reactor-http-nio-46] DEBUG reactor.netty.http.client.HttpClientOperations - [id: 0xb42d715a, L:/127.0.0.1:51795 - R:localhost/127.0.0.1:8083] Received response (auto-read:false) : [Content-Type=application/json, Transfer-Encoding=chunked, Date=Wed, 15 Jun 2022 14:53:21 GMT]
15:53:22.288 [reactor-http-nio-46] DEBUG reactor.netty.resources.PooledConnectionProvider - [id: 0xb42d715a, L:/127.0.0.1:51795 - R:localhost/127.0.0.1:8083] onStateChange(GET{uri=/userLocation?userId=f8a1977a-3acd-4d37-a767-f222afbd86bb, connection=PooledConnection{channel=[id: 0xb42d715a, L:/127.0.0.1:51795 - R:localhost/127.0.0.1:8083]}}, [response_received])
15:53:22.288 [reactor-http-nio-46] DEBUG org.springframework.web.reactive.function.client.ExchangeFunctions - [5512809e] Response 200 OK
15:53:22.288 [reactor-http-nio-46] DEBUG reactor.netty.channel.FluxReceive - [id: 0xb42d715a, L:/127.0.0.1:51795 - R:localhost/127.0.0.1:8083] Subscribing inbound receiver [pending: 0, cancelled:false, inboundDone: false]
15:53:22.289 [reactor-http-nio-46] DEBUG reactor.netty.http.client.HttpClientOperations - [id: 0xb42d715a, L:/127.0.0.1:51795 - R:localhost/127.0.0.1:8083] Received last HTTP packet
15:53:22.289 [reactor-http-nio-46] DEBUG org.springframework.core.codec.StringDecoder - [5512809e] Decoded "{"userId":"f8a1977a-3acd-4d37-a767-f222afbd86bb","location":{"longitude":-46.647671,"latitude":-14. (truncated)...
15:53:22.289 [reactor-http-nio-46] DEBUG reactor.netty.resources.PooledConnectionProvider - [id: 0xb42d715a, L:/127.0.0.1:51795 - R:localhost/127.0.0.1:8083] onStateChange(GET{uri=/userLocation?userId=f8a1977a-3acd-4d37-a767-f222afbd86bb, connection=PooledConnection{channel=[id: 0xb42d715a, L:/127.0.0.1:51795 - R:localhost/127.0.0.1:8083]}}, [disconnecting])
15:53:22.289 [reactor-http-nio-46] DEBUG reactor.netty.resources.PooledConnectionProvider - [id: 0xb42d715a, L:/127.0.0.1:51795 - R:localhost/127.0.0.1:8083] Releasing channel
15:53:22.289 [reactor-http-nio-46] DEBUG reactor.netty.resources.PooledConnectionProvider - [id: 0xb42d715a, L:/127.0.0.1:51795 - R:localhost/127.0.0.1:8083] Channel cleaned, now 119 active connections and 182 inactive connections
15:53:22.290 [reactor-http-nio-41] DEBUG reactor.netty.resources.PooledConnectionProvider - [id: 0x1649a857, L:/127.0.0.1:51794 - R:localhost/127.0.0.1:8083] Channel acquired, now 120 active connections and 181 inactive connections
15:53:22.290 [reactor-http-nio-41] DEBUG reactor.netty.http.client.HttpClientConnect - [id: 0x1649a857, L:/127.0.0.1:51794 - R:localhost/127.0.0.1:8083] Handler is being applied: {uri=http://localhost:8083/attractions, method=GET}
15:53:22.290 [reactor-http-nio-41] DEBUG reactor.netty.resources.PooledConnectionProvider - [id: 0x1649a857, L:/127.0.0.1:51794 - R:localhost/127.0.0.1:8083] onStateChange(GET{uri=/attractions, connection=PooledConnection{channel=[id: 0x1649a857, L:/127.0.0.1:51794 - R:localhost/127.0.0.1:8083]}}, [request_sent])
15:53:22.290 [pool-44-thread-72] INFO tourGuide.service.TourGuideService - visitedLocatio tourGuide.gpsUtil.VisitedLocation@5bd5744c
15:53:22.295 [pool-44-thread-72] DEBUG org.springframework.web.reactive.function.client.ExchangeFunctions - [5feaebee] HTTP GET http://localhost:8083/attractions
15:53:22.297 [reactor-http-nio-46] DEBUG reactor.netty.http.client.HttpClientOperations - [id: 0x33fe729d, L:/127.0.0.1:51824 - R:localhost/127.0.0.1:8083] Received response (auto-read:false) : [Content-Type=application/json, Transfer-Encoding=chunked, Date=Wed, 15 Jun 2022 14:53:21 GMT]
15:53:22.297 [reactor-http-nio-46] DEBUG reactor.netty.resources.PooledConnectionProvider - [id: 0x33fe729d, L:/127.0.0.1:51824 - R:localhost/127.0.0.1:8083] onStateChange(GET{uri=/attractions, connection=PooledConnection{channel=[id: 0x33fe729d, L:/127.0.0.1:51824 - R:localhost/127.0.0.1:8083]}}, [response_received])
15:53:22.297 [reactor-http-nio-46] DEBUG org.springframework.web.reactive.function.client.ExchangeFunctions - [7284d09d] Response 200 OK
15:53:22.298 [reactor-http-nio-46] DEBUG reactor.netty.channel.FluxReceive - [id: 0x33fe729d, L:/127.0.0.1:51824 - R:localhost/127.0.0.1:8083] Subscribing inbound receiver [pending: 0, cancelled:false, inboundDone: false]
15:53:22.298 [reactor-http-nio-46] DEBUG reactor.netty.http.client.HttpClientOperations - [id: 0x33fe729d, L:/127.0.0.1:51824 - R:localhost/127.0.0.1:8083] Received last HTTP packet
15:53:22.298 [reactor-http-nio-46] DEBUG org.springframework.core.codec.StringDecoder - [7284d09d] Decoded "[{"longitude":-117.922008,"latitude":33.817595,"attractionName":"Disneyland","city":"Anaheim","stat (truncated)...
15:53:22.298 [reactor-http-nio-46] DEBUG reactor.netty.resources.PooledConnectionProvider - [id: 0x33fe729d, L:/127.0.0.1:51824 - R:localhost/127.0.0.1:8083] onStateChange(GET{uri=/attractions, connection=PooledConnection{channel=[id: 0x33fe729d, L:/127.0.0.1:51824 - R:localhost/127.0.0.1:8083]}}, [disconnecting])
15:53:22.298 [reactor-http-nio-46] DEBUG reactor.netty.resources.PooledConnectionProvider - [id: 0x33fe729d, L:/127.0.0.1:51824 - R:localhost/127.0.0.1:8083] Releasing channel
15:53:22.298 [reactor-http-nio-46] DEBUG reactor.netty.resources.PooledConnectionProvider - [id: 0x33fe729d, L:/127.0.0.1:51824 - R:localhost/127.0.0.1:8083] Channel cleaned, now 119 active connections and 182 inactive connections
15:53:22.298 [reactor-http-nio-46] DEBUG reactor.netty.http.client.HttpClientOperations - [id: 0x24a8edc5, L:/127.0.0.1:51787 - R:localhost/127.0.0.1:8083] Received response (auto-read:false) : [Content-Type=application/json, Transfer-Encoding=chunked, Date=Wed, 15 Jun 2022 14:53:21 GMT]
15:53:22.298 [reactor-http-nio-46] DEBUG reactor.netty.resources.PooledConnectionProvider - [id: 0x24a8edc5, L:/127.0.0.1:51787 - R:localhost/127.0.0.1:8083] onStateChange(GET{uri=/userLocation?userId=ad86d6e2-838b-4ae8-870d-8cabc15ec938, connection=PooledConnection{channel=[id: 0x24a8edc5, L:/127.0.0.1:51787 - R:localhost/127.0.0.1:8083]}}, [response_received])
15:53:22.298 [reactor-http-nio-46] DEBUG org.springframework.web.reactive.function.client.ExchangeFunctions - [6b38795f] Response 200 OK
15:53:22.298 [reactor-http-nio-46] DEBUG reactor.netty.channel.FluxReceive - [id: 0x24a8edc5, L:/127.0.0.1:51787 - R:localhost/127.0.0.1:8083] Subscribing inbound receiver [pending: 0, cancelled:false, inboundDone: false]
15:53:22.298 [reactor-http-nio-46] DEBUG reactor.netty.http.client.HttpClientOperations - [id: 0x24a8edc5, L:/127.0.0.1:51787 - R:localhost/127.0.0.1:8083] Received last HTTP packet
15:53:22.298 [reactor-http-nio-46] DEBUG org.springframework.core.codec.StringDecoder - [6b38795f] Decoded "{"userId":"ad86d6e2-838b-4ae8-870d-8cabc15ec938","location":{"longitude":-47.896065,"latitude":-4.7 (truncated)...
15:53:22.298 [reactor-http-nio-46] DEBUG reactor.netty.resources.PooledConnectionProvider - [id: 0x24a8edc5, L:/127.0.0.1:51787 - R:localhost/127.0.0.1:8083] onStateChange(GET{uri=/userLocation?userId=ad86d6e2-838b-4ae8-870d-8cabc15ec938, connection=PooledConnection{channel=[id: 0x24a8edc5, L:/127.0.0.1:51787 - R:localhost/127.0.0.1:8083]}}, [disconnecting])
15:53:22.298 [reactor-http-nio-46] DEBUG reactor.netty.resources.PooledConnectionProvider - [id: 0x24a8edc5, L:/127.0.0.1:51787 - R:localhost/127.0.0.1:8083] Releasing channel
15:53:22.299 [reactor-http-nio-46] DEBUG reactor.netty.resources.PooledConnectionProvider - [id: 0x24a8edc5, L:/127.0.0.1:51787 - R:localhost/127.0.0.1:8083] Channel cleaned, now 118 active connections and 183 inactive connections
15:53:22.299 [reactor-http-nio-46] DEBUG reactor.netty.http.client.HttpClientOperations - [id: 0xa3d0f544, L:/127.0.0.1:51821 - R:localhost/127.0.0.1:8083] Received response (auto-read:false) : [Content-Type=application/json, Transfer-Encoding=chunked, Date=Wed, 15 Jun 2022 14:53:21 GMT]
15:53:22.299 [reactor-http-nio-46] DEBUG reactor.netty.resources.PooledConnectionProvider - [id: 0xa3d0f544, L:/127.0.0.1:51821 - R:localhost/127.0.0.1:8083] onStateChange(GET{uri=/userLocation?userId=574a7027-0e27-4575-9660-dddad23b6ab3, connection=PooledConnection{channel=[id: 0xa3d0f544, L:/127.0.0.1:51821 - R:localhost/127.0.0.1:8083]}}, [response_received])
15:53:22.299 [reactor-http-nio-46] DEBUG org.springframework.web.reactive.function.client.ExchangeFunctions - [7e4a1e7c] Response 200 OK
15:53:22.299 [reactor-http-nio-46] DEBUG reactor.netty.channel.FluxReceive - [id: 0xa3d0f544, L:/127.0.0.1:51821 - R:localhost/127.0.0.1:8083] Subscribing inbound receiver [pending: 0, cancelled:false, inboundDone: false]
15:53:22.299 [reactor-http-nio-46] DEBUG reactor.netty.http.client.HttpClientOperations - [id: 0xa3d0f544, L:/127.0.0.1:51821 - R:localhost/127.0.0.1:8083] Received last HTTP packet
15:53:22.299 [reactor-http-nio-46] DEBUG org.springframework.core.codec.StringDecoder - [7e4a1e7c] Decoded "{"userId":"574a7027-0e27-4575-9660-dddad23b6ab3","location":{"longitude":-149.852924,"latitude":-41 (truncated)...
15:53:22.299 [reactor-http-nio-46] DEBUG reactor.netty.resources.PooledConnectionProvider - [id: 0xa3d0f544, L:/127.0.0.1:51821 - R:localhost/127.0.0.1:8083] onStateChange(GET{uri=/userLocation?userId=574a7027-0e27-4575-9660-dddad23b6ab3, connection=PooledConnection{channel=[id: 0xa3d0f544, L:/127.0.0.1:51821 - R:localhost/127.0.0.1:8083]}}, [disconnecting])
15:53:22.299 [reactor-http-nio-46] DEBUG reactor.netty.resources.PooledConnectionProvider - [id: 0xa3d0f544, L:/127.0.0.1:51821 - R:localhost/127.0.0.1:8083] Releasing channel
15:53:22.299 [reactor-http-nio-46] DEBUG reactor.netty.resources.PooledConnectionProvider - [id: 0xa3d0f544, L:/127.0.0.1:51821 - R:localhost/127.0.0.1:8083] Channel cleaned, now 117 active connections and 184 inactive connections
15:53:22.299 [reactor-http-nio-46] DEBUG reactor.netty.http.client.HttpClientOperations - [id: 0xd4e50150, L:/127.0.0.1:51945 - R:localhost/127.0.0.1:8083] Received response (auto-read:false) : [Content-Type=application/json, Transfer-Encoding=chunked, Date=Wed, 15 Jun 2022 14:53:21 GMT]
15:53:22.299 [reactor-http-nio-46] DEBUG reactor.netty.resources.PooledConnectionProvider - [id: 0xd4e50150, L:/127.0.0.1:51945 - R:localhost/127.0.0.1:8083] onStateChange(GET{uri=/userLocation?userId=0f63d1b2-2245-48c0-8ad5-f9f49e0b9aed, connection=PooledConnection{channel=[id: 0xd4e50150, L:/127.0.0.1:51945 - R:localhost/127.0.0.1:8083]}}, [response_received])
15:53:22.299 [reactor-http-nio-46] DEBUG org.springframework.web.reactive.function.client.ExchangeFunctions - [6af49fe0] Response 200 OK
15:53:22.299 [reactor-http-nio-46] DEBUG reactor.netty.channel.FluxReceive - [id: 0xd4e50150, L:/127.0.0.1:51945 - R:localhost/127.0.0.1:8083] Subscribing inbound receiver [pending: 0, cancelled:false, inboundDone: false]
15:53:22.299 [reactor-http-nio-46] DEBUG reactor.netty.http.client.HttpClientOperations - [id: 0xd4e50150, L:/127.0.0.1:51945 - R:localhost/127.0.0.1:8083] Received last HTTP packet
15:53:22.299 [reactor-http-nio-46] DEBUG org.springframework.core.codec.StringDecoder - [6af49fe0] Decoded "{"userId":"0f63d1b2-2245-48c0-8ad5-f9f49e0b9aed","location":{"longitude":-0.362522,"latitude":20.15 (truncated)...
15:53:22.299 [reactor-http-nio-46] DEBUG reactor.netty.resources.PooledConnectionProvider - [id: 0xd4e50150, L:/127.0.0.1:51945 - R:localhost/127.0.0.1:8083] onStateChange(GET{uri=/userLocation?userId=0f63d1b2-2245-48c0-8ad5-f9f49e0b9aed, connection=PooledConnection{channel=[id: 0xd4e50150, L:/127.0.0.1:51945 - R:localhost/127.0.0.1:8083]}}, [disconnecting])
15:53:22.299 [reactor-http-nio-46] DEBUG reactor.netty.resources.PooledConnectionProvider - [id: 0xd4e50150, L:/127.0.0.1:51945 - R:localhost/127.0.0.1:8083] Releasing channel
15:53:22.299 [reactor-http-nio-46] DEBUG reactor.netty.resources.PooledConnectionProvider - [id: 0xd4e50150, L:/127.0.0.1:51945 - R:localhost/127.0.0.1:8083] Channel cleaned, now 116 active connections and 185 inactive connections
15:53:22.300 [reactor-http-nio-48] DEBUG reactor.netty.http.client.HttpClientOperations - [id: 0xe14cc15c, L:/127.0.0.1:51896 - R:localhost/127.0.0.1:8083] Received response (auto-read:false) : [Content-Type=application/json, Transfer-Encoding=chunked, Date=Wed, 15 Jun 2022 14:53:21 GMT]
15:53:22.300 [reactor-http-nio-48] DEBUG reactor.netty.resources.PooledConnectionProvider - [id: 0xe14cc15c, L:/127.0.0.1:51896 - R:localhost/127.0.0.1:8083] onStateChange(GET{uri=/userLocation?userId=88a444d9-1ab1-41af-a563-50704d6861ea, connection=PooledConnection{channel=[id: 0xe14cc15c, L:/127.0.0.1:51896 - R:localhost/127.0.0.1:8083]}}, [response_received])
15:53:22.300 [reactor-http-nio-48] DEBUG org.springframework.web.reactive.function.client.ExchangeFunctions - [43579210] Response 200 OK
15:53:22.301 [reactor-http-nio-48] DEBUG reactor.netty.channel.FluxReceive - [id: 0xe14cc15c, L:/127.0.0.1:51896 - R:localhost/127.0.0.1:8083] Subscribing inbound receiver [pending: 0, cancelled:false, inboundDone: false]
15:53:22.301 [reactor-http-nio-48] DEBUG reactor.netty.http.client.HttpClientOperations - [id: 0xe14cc15c, L:/127.0.0.1:51896 - R:localhost/127.0.0.1:8083] Received last HTTP packet
15:53:22.301 [reactor-http-nio-48] DEBUG org.springframework.core.codec.StringDecoder - [43579210] Decoded "{"userId":"88a444d9-1ab1-41af-a563-50704d6861ea","location":{"longitude":105.639794,"latitude":47.3 (truncated)...
15:53:22.301 [reactor-http-nio-48] DEBUG reactor.netty.resources.PooledConnectionProvider - [id: 0xe14cc15c, L:/127.0.0.1:51896 - R:localhost/127.0.0.1:8083] onStateChange(GET{uri=/userLocation?userId=88a444d9-1ab1-41af-a563-50704d6861ea, connection=PooledConnection{channel=[id: 0xe14cc15c, L:/127.0.0.1:51896 - R:localhost/127.0.0.1:8083]}}, [disconnecting])
15:53:22.301 [reactor-http-nio-48] DEBUG reactor.netty.resources.PooledConnectionProvider - [id: 0xe14cc15c, L:/127.0.0.1:51896 - R:localhost/127.0.0.1:8083] Releasing channel
15:53:22.301 [reactor-http-nio-48] DEBUG reactor.netty.resources.PooledConnectionProvider - [id: 0xe14cc15c, L:/127.0.0.1:51896 - R:localhost/127.0.0.1:8083] Channel cleaned, now 115 active connections and 186 inactive connections
15:53:22.311 [reactor-http-nio-47] DEBUG reactor.netty.http.client.HttpClientOperations - [id: 0xf17c5cf9, L:/127.0.0.1:51688 - R:localhost/127.0.0.1:8083] Received response (auto-read:false) : [Content-Type=application/json, Transfer-Encoding=chunked, Date=Wed, 15 Jun 2022 14:53:21 GMT]
15:53:22.312 [reactor-http-nio-41] DEBUG reactor.netty.http.client.HttpClientOperations - [id: 0xaec00cf3, L:/127.0.0.1:51929 - R:localhost/127.0.0.1:8083] Received last HTTP packet
15:53:22.313 [reactor-http-nio-48] DEBUG reactor.netty.http.client.HttpClientOperations - [id: 0x5ae48bb7, L:/127.0.0.1:51942 - R:localhost/127.0.0.1:8083] Received last HTTP packet
15:53:22.313 [reactor-http-nio-48] DEBUG org.springframework.core.codec.StringDecoder - [54987ae6] Decoded "{"userId":"5a6e91d1-7a10-4b26-a5d0-5f577cc54884","location":{"longitude":-58.814613,"latitude":47.3 (truncated)...
15:53:22.313 [reactor-http-nio-48] DEBUG reactor.netty.resources.PooledConnectionProvider - [id: 0x5ae48bb7, L:/127.0.0.1:51942 - R:localhost/127.0.0.1:8083] onStateChange(GET{uri=/userLocation?userId=5a6e91d1-7a10-4b26-a5d0-5f577cc54884, connection=PooledConnection{channel=[id: 0x5ae48bb7, L:/127.0.0.1:51942 - R:localhost/127.0.0.1:8083]}}, [disconnecting])
15:53:22.313 [reactor-http-nio-48] DEBUG reactor.netty.resources.PooledConnectionProvider - [id: 0x5ae48bb7, L:/127.0.0.1:51942 - R:localhost/127.0.0.1:8083] Releasing channel
15:53:22.313 [pool-44-thread-79] INFO tourGuide.service.TourGuideService - visitedLocatio tourGuide.gpsUtil.VisitedLocation@4d90740a
15:53:22.313 [pool-44-thread-67] INFO tourGuide.service.TourGuideService - visitedLocatio tourGuide.gpsUtil.VisitedLocation@65ff9a48
15:53:22.313 [pool-44-thread-79] DEBUG org.springframework.web.reactive.function.client.ExchangeFunctions - [49aff960] HTTP GET http://localhost:8083/attractions
15:53:22.314 [pool-44-thread-67] DEBUG org.springframework.web.reactive.function.client.ExchangeFunctions - [61c0122f] HTTP GET http://localhost:8083/attractions
15:53:22.314 [pool-44-thread-47] INFO tourGuide.service.TourGuideService - visitedLocatio tourGuide.gpsUtil.VisitedLocation@5a5f8e05
15:53:22.315 [pool-44-thread-47] DEBUG org.springframework.web.reactive.function.client.ExchangeFunctions - [5e601196] HTTP GET http://localhost:8083/attractions
15:53:22.313 [pool-44-thread-66] INFO tourGuide.service.TourGuideService - visitedLocatio tourGuide.gpsUtil.VisitedLocation@708dffc5
15:53:22.315 [reactor-http-nio-46] DEBUG reactor.netty.resources.PooledConnectionProvider - [id: 0x6eeffece, L:/127.0.0.1:51732 - R:localhost/127.0.0.1:8083] Channel acquired, now 115 active connections and 186 inactive connections
15:53:22.315 [reactor-http-nio-46] DEBUG reactor.netty.http.client.HttpClientConnect - [id: 0x6eeffece, L:/127.0.0.1:51732 - R:localhost/127.0.0.1:8083] Handler is being applied: {uri=http://localhost:8083/attractions, method=GET}
15:53:22.315 [pool-44-thread-66] DEBUG org.springframework.web.reactive.function.client.ExchangeFunctions - [74b2750c] HTTP GET http://localhost:8083/attractions
15:53:22.315 [reactor-http-nio-46] DEBUG reactor.netty.resources.PooledConnectionProvider - [id: 0x6eeffece, L:/127.0.0.1:51732 - R:localhost/127.0.0.1:8083] onStateChange(GET{uri=/attractions, connection=PooledConnection{channel=[id: 0x6eeffece, L:/127.0.0.1:51732 - R:localhost/127.0.0.1:8083]}}, [request_sent])
15:53:22.313 [pool-44-thread-40] INFO tourGuide.service.TourGuideService - visitedLocatio tourGuide.gpsUtil.VisitedLocation@64336cce
15:53:22.316 [pool-44-thread-40] DEBUG org.springframework.web.reactive.function.client.ExchangeFunctions - [600cf490] HTTP GET http://localhost:8083/attractions
15:53:22.313 [reactor-http-nio-47] DEBUG reactor.netty.resources.PooledConnectionProvider - [id: 0xf17c5cf9, L:/127.0.0.1:51688 - R:localhost/127.0.0.1:8083] onStateChange(GET{uri=/attractions, connection=PooledConnection{channel=[id: 0xf17c5cf9, L:/127.0.0.1:51688 - R:localhost/127.0.0.1:8083]}}, [response_received])
15:53:22.313 [reactor-http-nio-41] DEBUG org.springframework.core.codec.StringDecoder - [4f0a57ae] Decoded "{"userId":"cb76a6c9-fe9d-457e-a10a-73cb814fd26b","location":{"longitude":-14.908259,"latitude":-12. (truncated)...
15:53:22.316 [reactor-http-nio-47] DEBUG org.springframework.web.reactive.function.client.ExchangeFunctions - [502545a3] Response 200 OK
15:53:22.316 [reactor-http-nio-41] DEBUG reactor.netty.resources.PooledConnectionProvider - [id: 0xaec00cf3, L:/127.0.0.1:51929 - R:localhost/127.0.0.1:8083] onStateChange(GET{uri=/userLocation?userId=cb76a6c9-fe9d-457e-a10a-73cb814fd26b, connection=PooledConnection{channel=[id: 0xaec00cf3, L:/127.0.0.1:51929 - R:localhost/127.0.0.1:8083]}}, [disconnecting])
15:53:22.316 [reactor-http-nio-41] DEBUG reactor.netty.resources.PooledConnectionProvider - [id: 0xaec00cf3, L:/127.0.0.1:51929 - R:localhost/127.0.0.1:8083] Releasing channel
15:53:22.313 [reactor-http-nio-48] DEBUG reactor.netty.resources.PooledConnectionProvider - [id: 0x5ae48bb7, L:/127.0.0.1:51942 - R:localhost/127.0.0.1:8083] Channel cleaned, now 114 active connections and 187 inactive connections
15:53:22.316 [reactor-http-nio-41] DEBUG reactor.netty.resources.PooledConnectionProvider - [id: 0xaec00cf3, L:/127.0.0.1:51929 - R:localhost/127.0.0.1:8083] Channel cleaned, now 114 active connections and 187 inactive connections
15:53:22.316 [reactor-http-nio-41] DEBUG reactor.netty.resources.PooledConnectionProvider - [id: 0xc0a2c902, L:/127.0.0.1:51919 - R:localhost/127.0.0.1:8083] Channel acquired, now 115 active connections and 186 inactive connections
15:53:22.316 [reactor-http-nio-48] DEBUG reactor.netty.resources.PooledConnectionProvider - [id: 0x19945800, L:/127.0.0.1:51703 - R:localhost/127.0.0.1:8083] Channel acquired, now 116 active connections and 185 inactive connections
15:53:22.316 [reactor-http-nio-41] DEBUG reactor.netty.http.client.HttpClientConnect - [id: 0xc0a2c902, L:/127.0.0.1:51919 - R:localhost/127.0.0.1:8083] Handler is being applied: {uri=http://localhost:8083/attractions, method=GET}
15:53:22.316 [reactor-http-nio-48] DEBUG reactor.netty.http.client.HttpClientConnect - [id: 0x19945800, L:/127.0.0.1:51703 - R:localhost/127.0.0.1:8083] Handler is being applied: {uri=http://localhost:8083/attractions, method=GET}
15:53:22.316 [reactor-http-nio-47] DEBUG reactor.netty.channel.FluxReceive - [id: 0xf17c5cf9, L:/127.0.0.1:51688 - R:localhost/127.0.0.1:8083] Subscribing inbound receiver [pending: 0, cancelled:false, inboundDone: false]
15:53:22.316 [reactor-http-nio-47] DEBUG reactor.netty.http.client.HttpClientOperations - [id: 0xf17c5cf9, L:/127.0.0.1:51688 - R:localhost/127.0.0.1:8083] Received last HTTP packet
15:53:22.316 [reactor-http-nio-47] DEBUG org.springframework.core.codec.StringDecoder - [502545a3] Decoded "[{"longitude":-117.922008,"latitude":33.817595,"attractionName":"Disneyland","city":"Anaheim","stat (truncated)...
15:53:22.316 [reactor-http-nio-47] DEBUG reactor.netty.resources.PooledConnectionProvider - [id: 0xf17c5cf9, L:/127.0.0.1:51688 - R:localhost/127.0.0.1:8083] onStateChange(GET{uri=/attractions, connection=PooledConnection{channel=[id: 0xf17c5cf9, L:/127.0.0.1:51688 - R:localhost/127.0.0.1:8083]}}, [disconnecting])
15:53:22.316 [reactor-http-nio-47] DEBUG reactor.netty.resources.PooledConnectionProvider - [id: 0xf17c5cf9, L:/127.0.0.1:51688 - R:localhost/127.0.0.1:8083] Releasing channel
15:53:22.316 [reactor-http-nio-47] DEBUG reactor.netty.resources.PooledConnectionProvider - [id: 0xf17c5cf9, L:/127.0.0.1:51688 - R:localhost/127.0.0.1:8083] Channel cleaned, now 115 active connections and 186 inactive connections
15:53:22.316 [reactor-http-nio-48] DEBUG reactor.netty.resources.PooledConnectionProvider - [id: 0x19945800, L:/127.0.0.1:51703 - R:localhost/127.0.0.1:8083] onStateChange(GET{uri=/attractions, connection=PooledConnection{channel=[id: 0x19945800, L:/127.0.0.1:51703 - R:localhost/127.0.0.1:8083]}}, [request_sent])
15:53:22.316 [reactor-http-nio-48] DEBUG reactor.netty.resources.PooledConnectionProvider - [id: 0x6adf9794, L:/127.0.0.1:51702 - R:localhost/127.0.0.1:8083] Channel acquired, now 116 active connections and 185 inactive connections
15:53:22.316 [reactor-http-nio-48] DEBUG reactor.netty.http.client.HttpClientConnect - [id: 0x6adf9794, L:/127.0.0.1:51702 - R:localhost/127.0.0.1:8083] Handler is being applied: {uri=http://localhost:8083/attractions, method=GET}
15:53:22.316 [reactor-http-nio-41] DEBUG reactor.netty.resources.PooledConnectionProvider - [id: 0xc0a2c902, L:/127.0.0.1:51919 - R:localhost/127.0.0.1:8083] onStateChange(GET{uri=/attractions, connection=PooledConnection{channel=[id: 0xc0a2c902, L:/127.0.0.1:51919 - R:localhost/127.0.0.1:8083]}}, [request_sent])
15:53:22.317 [reactor-http-nio-48] DEBUG reactor.netty.resources.PooledConnectionProvider - [id: 0x6adf9794, L:/127.0.0.1:51702 - R:localhost/127.0.0.1:8083] onStateChange(GET{uri=/attractions, connection=PooledConnection{channel=[id: 0x6adf9794, L:/127.0.0.1:51702 - R:localhost/127.0.0.1:8083]}}, [request_sent])
15:53:22.317 [reactor-http-nio-48] DEBUG reactor.netty.http.client.HttpClientOperations - [id: 0x1af880b0, L:/127.0.0.1:51943 - R:localhost/127.0.0.1:8083] Received response (auto-read:false) : [Content-Type=application/json, Transfer-Encoding=chunked, Date=Wed, 15 Jun 2022 14:53:21 GMT]
15:53:22.317 [reactor-http-nio-48] DEBUG reactor.netty.resources.PooledConnectionProvider - [id: 0x1af880b0, L:/127.0.0.1:51943 - R:localhost/127.0.0.1:8083] onStateChange(GET{uri=/attractions, connection=PooledConnection{channel=[id: 0x1af880b0, L:/127.0.0.1:51943 - R:localhost/127.0.0.1:8083]}}, [response_received])
15:53:22.317 [reactor-http-nio-48] DEBUG org.springframework.web.reactive.function.client.ExchangeFunctions - [44c6f929] Response 200 OK
15:53:22.317 [reactor-http-nio-48] DEBUG reactor.netty.channel.FluxReceive - [id: 0x1af880b0, L:/127.0.0.1:51943 - R:localhost/127.0.0.1:8083] Subscribing inbound receiver [pending: 0, cancelled:false, inboundDone: false]
15:53:22.317 [reactor-http-nio-48] DEBUG reactor.netty.http.client.HttpClientOperations - [id: 0x1af880b0, L:/127.0.0.1:51943 - R:localhost/127.0.0.1:8083] Received last HTTP packet
15:53:22.317 [reactor-http-nio-48] DEBUG org.springframework.core.codec.StringDecoder - [44c6f929] Decoded "[{"longitude":-117.922008,"latitude":33.817595,"attractionName":"Disneyland","city":"Anaheim","stat (truncated)...
15:53:22.318 [reactor-http-nio-48] DEBUG reactor.netty.resources.PooledConnectionProvider - [id: 0x1af880b0, L:/127.0.0.1:51943 - R:localhost/127.0.0.1:8083] onStateChange(GET{uri=/attractions, connection=PooledConnection{channel=[id: 0x1af880b0, L:/127.0.0.1:51943 - R:localhost/127.0.0.1:8083]}}, [disconnecting])
15:53:22.318 [reactor-http-nio-48] DEBUG reactor.netty.resources.PooledConnectionProvider - [id: 0x1af880b0, L:/127.0.0.1:51943 - R:localhost/127.0.0.1:8083] Releasing channel
15:53:22.318 [reactor-http-nio-48] DEBUG reactor.netty.resources.PooledConnectionProvider - [id: 0x1af880b0, L:/127.0.0.1:51943 - R:localhost/127.0.0.1:8083] Channel cleaned, now 115 active connections and 186 inactive connections
15:53:22.318 [reactor-http-nio-48] DEBUG reactor.netty.resources.PooledConnectionProvider - [id: 0xa530ca4b, L:/127.0.0.1:51886 - R:localhost/127.0.0.1:8083] Channel acquired, now 116 active connections and 185 inactive connections
15:53:22.318 [reactor-http-nio-48] DEBUG reactor.netty.http.client.HttpClientConnect - [id: 0xa530ca4b, L:/127.0.0.1:51886 - R:localhost/127.0.0.1:8083] Handler is being applied: {uri=http://localhost:8083/attractions, method=GET}
15:53:22.318 [reactor-http-nio-47] DEBUG reactor.netty.resources.PooledConnectionProvider - [id: 0xf30ad839, L:/127.0.0.1:51692 - R:localhost/127.0.0.1:8083] Channel acquired, now 117 active connections and 184 inactive connections
15:53:22.318 [reactor-http-nio-48] DEBUG reactor.netty.resources.PooledConnectionProvider - [id: 0xa530ca4b, L:/127.0.0.1:51886 - R:localhost/127.0.0.1:8083] onStateChange(GET{uri=/attractions, connection=PooledConnection{channel=[id: 0xa530ca4b, L:/127.0.0.1:51886 - R:localhost/127.0.0.1:8083]}}, [request_sent])
15:53:22.318 [reactor-http-nio-47] DEBUG reactor.netty.http.client.HttpClientConnect - [id: 0xf30ad839, L:/127.0.0.1:51692 - R:localhost/127.0.0.1:8083] Handler is being applied: {uri=http://localhost:8083/attractions, method=GET}
15:53:22.318 [reactor-http-nio-41] DEBUG reactor.netty.http.client.HttpClientOperations - [id: 0x710e34a5, L:/127.0.0.1:51709 - R:localhost/127.0.0.1:8083] Received response (auto-read:false) : [Content-Type=application/json, Transfer-Encoding=chunked, Date=Wed, 15 Jun 2022 14:53:21 GMT]
15:53:22.318 [reactor-http-nio-47] DEBUG reactor.netty.resources.PooledConnectionProvider - [id: 0xf30ad839, L:/127.0.0.1:51692 - R:localhost/127.0.0.1:8083] onStateChange(GET{uri=/attractions, connection=PooledConnection{channel=[id: 0xf30ad839, L:/127.0.0.1:51692 - R:localhost/127.0.0.1:8083]}}, [request_sent])
15:53:22.318 [reactor-http-nio-41] DEBUG reactor.netty.resources.PooledConnectionProvider - [id: 0x710e34a5, L:/127.0.0.1:51709 - R:localhost/127.0.0.1:8083] onStateChange(GET{uri=/attractions, connection=PooledConnection{channel=[id: 0x710e34a5, L:/127.0.0.1:51709 - R:localhost/127.0.0.1:8083]}}, [response_received])
15:53:22.319 [reactor-http-nio-41] DEBUG org.springframework.web.reactive.function.client.ExchangeFunctions - [6d3453c7] Response 200 OK
15:53:22.319 [reactor-http-nio-41] DEBUG reactor.netty.channel.FluxReceive - [id: 0x710e34a5, L:/127.0.0.1:51709 - R:localhost/127.0.0.1:8083] Subscribing inbound receiver [pending: 0, cancelled:false, inboundDone: false]
15:53:22.319 [reactor-http-nio-41] DEBUG reactor.netty.http.client.HttpClientOperations - [id: 0x710e34a5, L:/127.0.0.1:51709 - R:localhost/127.0.0.1:8083] Received last HTTP packet
15:53:22.319 [reactor-http-nio-41] DEBUG org.springframework.core.codec.StringDecoder - [6d3453c7] Decoded "[{"longitude":-117.922008,"latitude":33.817595,"attractionName":"Disneyland","city":"Anaheim","stat (truncated)...
15:53:22.319 [pool-44-thread-25] INFO tourGuide.service.TourGuideService - visitedLocatio tourGuide.gpsUtil.VisitedLocation@41cda03f
15:53:22.319 [reactor-http-nio-41] DEBUG reactor.netty.resources.PooledConnectionProvider - [id: 0x710e34a5, L:/127.0.0.1:51709 - R:localhost/127.0.0.1:8083] onStateChange(GET{uri=/attractions, connection=PooledConnection{channel=[id: 0x710e34a5, L:/127.0.0.1:51709 - R:localhost/127.0.0.1:8083]}}, [disconnecting])
15:53:22.319 [reactor-http-nio-41] DEBUG reactor.netty.resources.PooledConnectionProvider - [id: 0x710e34a5, L:/127.0.0.1:51709 - R:localhost/127.0.0.1:8083] Releasing channel
15:53:22.319 [reactor-http-nio-41] DEBUG reactor.netty.resources.PooledConnectionProvider - [id: 0x710e34a5, L:/127.0.0.1:51709 - R:localhost/127.0.0.1:8083] Channel cleaned, now 116 active connections and 185 inactive connections
15:53:22.319 [pool-44-thread-25] DEBUG org.springframework.web.reactive.function.client.ExchangeFunctions - [45f23cde] HTTP GET http://localhost:8083/attractions
15:53:22.323 [reactor-http-nio-41] DEBUG reactor.netty.resources.PooledConnectionProvider - [id: 0x91ccb779, L:/127.0.0.1:51713 - R:localhost/127.0.0.1:8083] Channel acquired, now 117 active connections and 184 inactive connections
15:53:22.323 [reactor-http-nio-41] DEBUG reactor.netty.http.client.HttpClientConnect - [id: 0x91ccb779, L:/127.0.0.1:51713 - R:localhost/127.0.0.1:8083] Handler is being applied: {uri=http://localhost:8083/attractions, method=GET}
15:53:22.323 [reactor-http-nio-41] DEBUG reactor.netty.resources.PooledConnectionProvider - [id: 0x91ccb779, L:/127.0.0.1:51713 - R:localhost/127.0.0.1:8083] onStateChange(GET{uri=/attractions, connection=PooledConnection{channel=[id: 0x91ccb779, L:/127.0.0.1:51713 - R:localhost/127.0.0.1:8083]}}, [request_sent])
15:53:22.325 [reactor-http-nio-46] DEBUG reactor.netty.http.client.HttpClientOperations - [id: 0xe631b28c, L:/127.0.0.1:51804 - R:localhost/127.0.0.1:8083] Received response (auto-read:false) : [Content-Type=application/json, Transfer-Encoding=chunked, Date=Wed, 15 Jun 2022 14:53:21 GMT]
15:53:22.325 [reactor-http-nio-46] DEBUG reactor.netty.resources.PooledConnectionProvider - [id: 0xe631b28c, L:/127.0.0.1:51804 - R:localhost/127.0.0.1:8083] onStateChange(GET{uri=/attractions, connection=PooledConnection{channel=[id: 0xe631b28c, L:/127.0.0.1:51804 - R:localhost/127.0.0.1:8083]}}, [response_received])
15:53:22.325 [reactor-http-nio-46] DEBUG org.springframework.web.reactive.function.client.ExchangeFunctions - [336c2585] Response 200 OK
15:53:22.325 [reactor-http-nio-46] DEBUG reactor.netty.channel.FluxReceive - [id: 0xe631b28c, L:/127.0.0.1:51804 - R:localhost/127.0.0.1:8083] Subscribing inbound receiver [pending: 0, cancelled:false, inboundDone: false]
15:53:22.327 [reactor-http-nio-46] DEBUG reactor.netty.http.client.HttpClientOperations - [id: 0xe631b28c, L:/127.0.0.1:51804 - R:localhost/127.0.0.1:8083] Received last HTTP packet
15:53:22.327 [reactor-http-nio-46] DEBUG org.springframework.core.codec.StringDecoder - [336c2585] Decoded "[{"longitude":-117.922008,"latitude":33.817595,"attractionName":"Disneyland","city":"Anaheim","stat (truncated)...
15:53:22.327 [reactor-http-nio-46] DEBUG reactor.netty.resources.PooledConnectionProvider - [id: 0xe631b28c, L:/127.0.0.1:51804 - R:localhost/127.0.0.1:8083] onStateChange(GET{uri=/attractions, connection=PooledConnection{channel=[id: 0xe631b28c, L:/127.0.0.1:51804 - R:localhost/127.0.0.1:8083]}}, [disconnecting])
15:53:22.327 [reactor-http-nio-46] DEBUG reactor.netty.resources.PooledConnectionProvider - [id: 0xe631b28c, L:/127.0.0.1:51804 - R:localhost/127.0.0.1:8083] Releasing channel
15:53:22.327 [reactor-http-nio-46] DEBUG reactor.netty.resources.PooledConnectionProvider - [id: 0xe631b28c, L:/127.0.0.1:51804 - R:localhost/127.0.0.1:8083] Channel cleaned, now 116 active connections and 185 inactive connections
15:53:22.333 [reactor-http-nio-41] DEBUG reactor.netty.http.client.HttpClientOperations - [id: 0x9af0e655, L:/127.0.0.1:51913 - R:localhost/127.0.0.1:8083] Received response (auto-read:false) : [Content-Type=application/json, Transfer-Encoding=chunked, Date=Wed, 15 Jun 2022 14:53:21 GMT]
15:53:22.333 [reactor-http-nio-41] DEBUG reactor.netty.resources.PooledConnectionProvider - [id: 0x9af0e655, L:/127.0.0.1:51913 - R:localhost/127.0.0.1:8083] onStateChange(GET{uri=/userLocation?userId=f0551fff-8f52-4bc6-ab91-3cca3e351318, connection=PooledConnection{channel=[id: 0x9af0e655, L:/127.0.0.1:51913 - R:localhost/127.0.0.1:8083]}}, [response_received])
15:53:22.333 [reactor-http-nio-41] DEBUG org.springframework.web.reactive.function.client.ExchangeFunctions - [40531a71] Response 200 OK
15:53:22.333 [reactor-http-nio-46] DEBUG reactor.netty.http.client.HttpClientOperations - [id: 0x23ba406e, L:/127.0.0.1:51949 - R:localhost/127.0.0.1:8083] Received response (auto-read:false) : [Content-Type=application/json, Transfer-Encoding=chunked, Date=Wed, 15 Jun 2022 14:53:21 GMT]
15:53:22.333 [reactor-http-nio-46] DEBUG reactor.netty.resources.PooledConnectionProvider - [id: 0x23ba406e, L:/127.0.0.1:51949 - R:localhost/127.0.0.1:8083] onStateChange(GET{uri=/attractions, connection=PooledConnection{channel=[id: 0x23ba406e, L:/127.0.0.1:51949 - R:localhost/127.0.0.1:8083]}}, [response_received])
15:53:22.333 [reactor-http-nio-46] DEBUG org.springframework.web.reactive.function.client.ExchangeFunctions - [73cb471b] Response 200 OK
15:53:22.333 [reactor-http-nio-41] DEBUG reactor.netty.channel.FluxReceive - [id: 0x9af0e655, L:/127.0.0.1:51913 - R:localhost/127.0.0.1:8083] Subscribing inbound receiver [pending: 0, cancelled:false, inboundDone: false]
15:53:22.333 [reactor-http-nio-48] DEBUG reactor.netty.http.client.HttpClientOperations - [id: 0x76f33e80, L:/127.0.0.1:51705 - R:localhost/127.0.0.1:8083] Received response (auto-read:false) : [Content-Type=application/json, Transfer-Encoding=chunked, Date=Wed, 15 Jun 2022 14:53:21 GMT]
15:53:22.333 [reactor-http-nio-41] DEBUG reactor.netty.http.client.HttpClientOperations - [id: 0x9af0e655, L:/127.0.0.1:51913 - R:localhost/127.0.0.1:8083] Received last HTTP packet
15:53:22.333 [reactor-http-nio-48] DEBUG reactor.netty.resources.PooledConnectionProvider - [id: 0x76f33e80, L:/127.0.0.1:51705 - R:localhost/127.0.0.1:8083] onStateChange(GET{uri=/attractions, connection=PooledConnection{channel=[id: 0x76f33e80, L:/127.0.0.1:51705 - R:localhost/127.0.0.1:8083]}}, [response_received])
15:53:22.334 [reactor-http-nio-41] DEBUG org.springframework.core.codec.StringDecoder - [40531a71] Decoded "{"userId":"f0551fff-8f52-4bc6-ab91-3cca3e351318","location":{"longitude":108.052385,"latitude":-65. (truncated)...
15:53:22.334 [reactor-http-nio-48] DEBUG org.springframework.web.reactive.function.client.ExchangeFunctions - [6c838c5a] Response 200 OK
15:53:22.334 [reactor-http-nio-41] DEBUG reactor.netty.resources.PooledConnectionProvider - [id: 0x9af0e655, L:/127.0.0.1:51913 - R:localhost/127.0.0.1:8083] onStateChange(GET{uri=/userLocation?userId=f0551fff-8f52-4bc6-ab91-3cca3e351318, connection=PooledConnection{channel=[id: 0x9af0e655, L:/127.0.0.1:51913 - R:localhost/127.0.0.1:8083]}}, [disconnecting])
15:53:22.334 [reactor-http-nio-41] DEBUG reactor.netty.resources.PooledConnectionProvider - [id: 0x9af0e655, L:/127.0.0.1:51913 - R:localhost/127.0.0.1:8083] Releasing channel
15:53:22.334 [reactor-http-nio-46] DEBUG reactor.netty.channel.FluxReceive - [id: 0x23ba406e, L:/127.0.0.1:51949 - R:localhost/127.0.0.1:8083] Subscribing inbound receiver [pending: 0, cancelled:false, inboundDone: false]
15:53:22.334 [reactor-http-nio-46] DEBUG reactor.netty.http.client.HttpClientOperations - [id: 0x23ba406e, L:/127.0.0.1:51949 - R:localhost/127.0.0.1:8083] Received last HTTP packet
15:53:22.334 [reactor-http-nio-48] DEBUG reactor.netty.channel.FluxReceive - [id: 0x76f33e80, L:/127.0.0.1:51705 - R:localhost/127.0.0.1:8083] Subscribing inbound receiver [pending: 0, cancelled:false, inboundDone: false]
15:53:22.334 [reactor-http-nio-46] DEBUG org.springframework.core.codec.StringDecoder - [73cb471b] Decoded "[{"longitude":-117.922008,"latitude":33.817595,"attractionName":"Disneyland","city":"Anaheim","stat (truncated)...
15:53:22.334 [reactor-http-nio-48] DEBUG reactor.netty.http.client.HttpClientOperations - [id: 0x76f33e80, L:/127.0.0.1:51705 - R:localhost/127.0.0.1:8083] Received last HTTP packet
15:53:22.334 [reactor-http-nio-46] DEBUG reactor.netty.resources.PooledConnectionProvider - [id: 0x23ba406e, L:/127.0.0.1:51949 - R:localhost/127.0.0.1:8083] onStateChange(GET{uri=/attractions, connection=PooledConnection{channel=[id: 0x23ba406e, L:/127.0.0.1:51949 - R:localhost/127.0.0.1:8083]}}, [disconnecting])
15:53:22.334 [reactor-http-nio-46] DEBUG reactor.netty.resources.PooledConnectionProvider - [id: 0x23ba406e, L:/127.0.0.1:51949 - R:localhost/127.0.0.1:8083] Releasing channel
15:53:22.334 [reactor-http-nio-46] DEBUG reactor.netty.resources.PooledConnectionProvider - [id: 0x23ba406e, L:/127.0.0.1:51949 - R:localhost/127.0.0.1:8083] Channel cleaned, now 114 active connections and 187 inactive connections
15:53:22.334 [reactor-http-nio-48] DEBUG org.springframework.core.codec.StringDecoder - [6c838c5a] Decoded "[{"longitude":-117.922008,"latitude":33.817595,"attractionName":"Disneyland","city":"Anaheim","stat (truncated)...
15:53:22.334 [reactor-http-nio-48] DEBUG reactor.netty.resources.PooledConnectionProvider - [id: 0x76f33e80, L:/127.0.0.1:51705 - R:localhost/127.0.0.1:8083] onStateChange(GET{uri=/attractions, connection=PooledConnection{channel=[id: 0x76f33e80, L:/127.0.0.1:51705 - R:localhost/127.0.0.1:8083]}}, [disconnecting])
15:53:22.334 [reactor-http-nio-48] DEBUG reactor.netty.resources.PooledConnectionProvider - [id: 0x76f33e80, L:/127.0.0.1:51705 - R:localhost/127.0.0.1:8083] Releasing channel
15:53:22.334 [reactor-http-nio-48] DEBUG reactor.netty.resources.PooledConnectionProvider - [id: 0x76f33e80, L:/127.0.0.1:51705 - R:localhost/127.0.0.1:8083] Channel cleaned, now 113 active connections and 188 inactive connections
15:53:22.334 [reactor-http-nio-41] DEBUG reactor.netty.resources.PooledConnectionProvider - [id: 0x9af0e655, L:/127.0.0.1:51913 - R:localhost/127.0.0.1:8083] Channel cleaned, now 115 active connections and 186 inactive connections
15:53:22.334 [reactor-http-nio-41] DEBUG reactor.netty.http.client.HttpClientOperations - [id: 0x67f8f13a, L:/127.0.0.1:51763 - R:localhost/127.0.0.1:8083] Received response (auto-read:false) : [Content-Type=application/json, Transfer-Encoding=chunked, Date=Wed, 15 Jun 2022 14:53:21 GMT]
15:53:22.334 [reactor-http-nio-41] DEBUG reactor.netty.resources.PooledConnectionProvider - [id: 0x67f8f13a, L:/127.0.0.1:51763 - R:localhost/127.0.0.1:8083] onStateChange(GET{uri=/attractions, connection=PooledConnection{channel=[id: 0x67f8f13a, L:/127.0.0.1:51763 - R:localhost/127.0.0.1:8083]}}, [response_received])
15:53:22.334 [reactor-http-nio-41] DEBUG org.springframework.web.reactive.function.client.ExchangeFunctions - [3602da08] Response 200 OK
15:53:22.334 [reactor-http-nio-41] DEBUG reactor.netty.channel.FluxReceive - [id: 0x67f8f13a, L:/127.0.0.1:51763 - R:localhost/127.0.0.1:8083] Subscribing inbound receiver [pending: 0, cancelled:false, inboundDone: false]
15:53:22.334 [reactor-http-nio-41] DEBUG reactor.netty.http.client.HttpClientOperations - [id: 0x67f8f13a, L:/127.0.0.1:51763 - R:localhost/127.0.0.1:8083] Received last HTTP packet
15:53:22.335 [reactor-http-nio-41] DEBUG org.springframework.core.codec.StringDecoder - [3602da08] Decoded "[{"longitude":-117.922008,"latitude":33.817595,"attractionName":"Disneyland","city":"Anaheim","stat (truncated)...
15:53:22.335 [reactor-http-nio-41] DEBUG reactor.netty.resources.PooledConnectionProvider - [id: 0x67f8f13a, L:/127.0.0.1:51763 - R:localhost/127.0.0.1:8083] onStateChange(GET{uri=/attractions, connection=PooledConnection{channel=[id: 0x67f8f13a, L:/127.0.0.1:51763 - R:localhost/127.0.0.1:8083]}}, [disconnecting])
15:53:22.335 [reactor-http-nio-41] DEBUG reactor.netty.resources.PooledConnectionProvider - [id: 0x67f8f13a, L:/127.0.0.1:51763 - R:localhost/127.0.0.1:8083] Releasing channel
15:53:22.335 [reactor-http-nio-41] DEBUG reactor.netty.resources.PooledConnectionProvider - [id: 0x67f8f13a, L:/127.0.0.1:51763 - R:localhost/127.0.0.1:8083] Channel cleaned, now 112 active connections and 189 inactive connections
15:53:22.335 [reactor-http-nio-41] DEBUG reactor.netty.http.client.HttpClientOperations - [id: 0x453fdead, L:/127.0.0.1:51775 - R:localhost/127.0.0.1:8083] Received response (auto-read:false) : [Content-Type=application/json, Transfer-Encoding=chunked, Date=Wed, 15 Jun 2022 14:53:21 GMT]
15:53:22.335 [reactor-http-nio-41] DEBUG reactor.netty.resources.PooledConnectionProvider - [id: 0x453fdead, L:/127.0.0.1:51775 - R:localhost/127.0.0.1:8083] onStateChange(GET{uri=/userLocation?userId=6a990513-1500-4b31-91b9-b951659eb82e, connection=PooledConnection{channel=[id: 0x453fdead, L:/127.0.0.1:51775 - R:localhost/127.0.0.1:8083]}}, [response_received])
15:53:22.335 [reactor-http-nio-41] DEBUG org.springframework.web.reactive.function.client.ExchangeFunctions - [7b9bfd5d] Response 200 OK
15:53:22.335 [reactor-http-nio-41] DEBUG reactor.netty.channel.FluxReceive - [id: 0x453fdead, L:/127.0.0.1:51775 - R:localhost/127.0.0.1:8083] Subscribing inbound receiver [pending: 0, cancelled:false, inboundDone: false]
15:53:22.335 [reactor-http-nio-41] DEBUG reactor.netty.http.client.HttpClientOperations - [id: 0x453fdead, L:/127.0.0.1:51775 - R:localhost/127.0.0.1:8083] Received last HTTP packet
15:53:22.335 [reactor-http-nio-41] DEBUG org.springframework.core.codec.StringDecoder - [7b9bfd5d] Decoded "{"userId":"6a990513-1500-4b31-91b9-b951659eb82e","location":{"longitude":-66.785752,"latitude":80.4 (truncated)...
15:53:22.335 [reactor-http-nio-41] DEBUG reactor.netty.resources.PooledConnectionProvider - [id: 0x453fdead, L:/127.0.0.1:51775 - R:localhost/127.0.0.1:8083] onStateChange(GET{uri=/userLocation?userId=6a990513-1500-4b31-91b9-b951659eb82e, connection=PooledConnection{channel=[id: 0x453fdead, L:/127.0.0.1:51775 - R:localhost/127.0.0.1:8083]}}, [disconnecting])
15:53:22.335 [reactor-http-nio-41] DEBUG reactor.netty.resources.PooledConnectionProvider - [id: 0x453fdead, L:/127.0.0.1:51775 - R:localhost/127.0.0.1:8083] Releasing channel
15:53:22.335 [reactor-http-nio-41] DEBUG reactor.netty.resources.PooledConnectionProvider - [id: 0x453fdead, L:/127.0.0.1:51775 - R:localhost/127.0.0.1:8083] Channel cleaned, now 111 active connections and 190 inactive connections
15:53:22.335 [pool-44-thread-63] INFO tourGuide.service.TourGuideService - visitedLocatio tourGuide.gpsUtil.VisitedLocation@4e94ec0b
15:53:22.336 [pool-44-thread-63] DEBUG org.springframework.web.reactive.function.client.ExchangeFunctions - [4aab7101] HTTP GET http://localhost:8083/attractions
15:53:22.337 [reactor-http-nio-47] DEBUG reactor.netty.resources.PooledConnectionProvider - [id: 0xd7682ef3, L:/127.0.0.1:51841 - R:localhost/127.0.0.1:8083] Channel acquired, now 112 active connections and 189 inactive connections
15:53:22.337 [reactor-http-nio-47] DEBUG reactor.netty.http.client.HttpClientConnect - [id: 0xd7682ef3, L:/127.0.0.1:51841 - R:localhost/127.0.0.1:8083] Handler is being applied: {uri=http://localhost:8083/attractions, method=GET}
15:53:22.338 [reactor-http-nio-47] DEBUG reactor.netty.resources.PooledConnectionProvider - [id: 0xd7682ef3, L:/127.0.0.1:51841 - R:localhost/127.0.0.1:8083] onStateChange(GET{uri=/attractions, connection=PooledConnection{channel=[id: 0xd7682ef3, L:/127.0.0.1:51841 - R:localhost/127.0.0.1:8083]}}, [request_sent])
15:53:22.338 [pool-44-thread-53] INFO tourGuide.service.TourGuideService - visitedLocatio tourGuide.gpsUtil.VisitedLocation@755c1c5e
15:53:22.338 [pool-44-thread-53] DEBUG org.springframework.web.reactive.function.client.ExchangeFunctions - [7163962d] HTTP GET http://localhost:8083/attractions
15:53:22.339 [reactor-http-nio-46] DEBUG reactor.netty.http.client.HttpClientOperations - [id: 0x38c41c97, L:/127.0.0.1:51784 - R:localhost/127.0.0.1:8083] Received response (auto-read:false) : [Content-Type=application/json, Transfer-Encoding=chunked, Date=Wed, 15 Jun 2022 14:53:21 GMT]
15:53:22.339 [reactor-http-nio-46] DEBUG reactor.netty.resources.PooledConnectionProvider - [id: 0x38c41c97, L:/127.0.0.1:51784 - R:localhost/127.0.0.1:8083] onStateChange(GET{uri=/attractions, connection=PooledConnection{channel=[id: 0x38c41c97, L:/127.0.0.1:51784 - R:localhost/127.0.0.1:8083]}}, [response_received])
15:53:22.339 [reactor-http-nio-46] DEBUG org.springframework.web.reactive.function.client.ExchangeFunctions - [47580e38] Response 200 OK
15:53:22.340 [reactor-http-nio-46] DEBUG reactor.netty.channel.FluxReceive - [id: 0x38c41c97, L:/127.0.0.1:51784 - R:localhost/127.0.0.1:8083] Subscribing inbound receiver [pending: 0, cancelled:false, inboundDone: false]
15:53:22.340 [reactor-http-nio-46] DEBUG reactor.netty.http.client.HttpClientOperations - [id: 0x38c41c97, L:/127.0.0.1:51784 - R:localhost/127.0.0.1:8083] Received last HTTP packet
15:53:22.340 [reactor-http-nio-46] DEBUG org.springframework.core.codec.StringDecoder - [47580e38] Decoded "[{"longitude":-117.922008,"latitude":33.817595,"attractionName":"Disneyland","city":"Anaheim","stat (truncated)...
15:53:22.340 [reactor-http-nio-46] DEBUG reactor.netty.resources.PooledConnectionProvider - [id: 0x38c41c97, L:/127.0.0.1:51784 - R:localhost/127.0.0.1:8083] onStateChange(GET{uri=/attractions, connection=PooledConnection{channel=[id: 0x38c41c97, L:/127.0.0.1:51784 - R:localhost/127.0.0.1:8083]}}, [disconnecting])
15:53:22.340 [reactor-http-nio-46] DEBUG reactor.netty.resources.PooledConnectionProvider - [id: 0x38c41c97, L:/127.0.0.1:51784 - R:localhost/127.0.0.1:8083] Releasing channel
15:53:22.340 [reactor-http-nio-46] DEBUG reactor.netty.resources.PooledConnectionProvider - [id: 0x38c41c97, L:/127.0.0.1:51784 - R:localhost/127.0.0.1:8083] Channel cleaned, now 111 active connections and 190 inactive connections
15:53:22.341 [reactor-http-nio-47] DEBUG reactor.netty.http.client.HttpClientOperations - [id: 0xccae12b7, L:/127.0.0.1:51874 - R:localhost/127.0.0.1:8083] Received response (auto-read:false) : [Content-Type=application/json, Transfer-Encoding=chunked, Date=Wed, 15 Jun 2022 14:53:21 GMT]
15:53:22.341 [reactor-http-nio-47] DEBUG reactor.netty.resources.PooledConnectionProvider - [id: 0xccae12b7, L:/127.0.0.1:51874 - R:localhost/127.0.0.1:8083] onStateChange(GET{uri=/attractions, connection=PooledConnection{channel=[id: 0xccae12b7, L:/127.0.0.1:51874 - R:localhost/127.0.0.1:8083]}}, [response_received])
15:53:22.341 [reactor-http-nio-47] DEBUG org.springframework.web.reactive.function.client.ExchangeFunctions - [7b5c5c92] Response 200 OK
15:53:22.342 [reactor-http-nio-47] DEBUG reactor.netty.channel.FluxReceive - [id: 0xccae12b7, L:/127.0.0.1:51874 - R:localhost/127.0.0.1:8083] Subscribing inbound receiver [pending: 0, cancelled:false, inboundDone: false]
15:53:22.342 [reactor-http-nio-47] DEBUG reactor.netty.http.client.HttpClientOperations - [id: 0xccae12b7, L:/127.0.0.1:51874 - R:localhost/127.0.0.1:8083] Received last HTTP packet
15:53:22.342 [reactor-http-nio-47] DEBUG org.springframework.core.codec.StringDecoder - [7b5c5c92] Decoded "[{"longitude":-117.922008,"latitude":33.817595,"attractionName":"Disneyland","city":"Anaheim","stat (truncated)...
15:53:22.342 [reactor-http-nio-47] DEBUG reactor.netty.resources.PooledConnectionProvider - [id: 0xccae12b7, L:/127.0.0.1:51874 - R:localhost/127.0.0.1:8083] onStateChange(GET{uri=/attractions, connection=PooledConnection{channel=[id: 0xccae12b7, L:/127.0.0.1:51874 - R:localhost/127.0.0.1:8083]}}, [disconnecting])
15:53:22.342 [reactor-http-nio-47] DEBUG reactor.netty.resources.PooledConnectionProvider - [id: 0xccae12b7, L:/127.0.0.1:51874 - R:localhost/127.0.0.1:8083] Releasing channel
15:53:22.342 [reactor-http-nio-46] DEBUG reactor.netty.http.client.HttpClientOperations - [id: 0xad1ee2d1, L:/127.0.0.1:51756 - R:localhost/127.0.0.1:8083] Received response (auto-read:false) : [Content-Type=application/json, Transfer-Encoding=chunked, Date=Wed, 15 Jun 2022 14:53:21 GMT]
15:53:22.342 [reactor-http-nio-46] DEBUG reactor.netty.resources.PooledConnectionProvider - [id: 0xad1ee2d1, L:/127.0.0.1:51756 - R:localhost/127.0.0.1:8083] onStateChange(GET{uri=/attractions, connection=PooledConnection{channel=[id: 0xad1ee2d1, L:/127.0.0.1:51756 - R:localhost/127.0.0.1:8083]}}, [response_received])
15:53:22.342 [reactor-http-nio-46] DEBUG org.springframework.web.reactive.function.client.ExchangeFunctions - [1d7affca] Response 200 OK
15:53:22.342 [reactor-http-nio-47] DEBUG reactor.netty.resources.PooledConnectionProvider - [id: 0xccae12b7, L:/127.0.0.1:51874 - R:localhost/127.0.0.1:8083] Channel cleaned, now 110 active connections and 191 inactive connections
15:53:22.343 [reactor-http-nio-46] DEBUG reactor.netty.channel.FluxReceive - [id: 0xad1ee2d1, L:/127.0.0.1:51756 - R:localhost/127.0.0.1:8083] Subscribing inbound receiver [pending: 0, cancelled:false, inboundDone: false]
15:53:22.343 [reactor-http-nio-46] DEBUG reactor.netty.http.client.HttpClientOperations - [id: 0xad1ee2d1, L:/127.0.0.1:51756 - R:localhost/127.0.0.1:8083] Received last HTTP packet
15:53:22.343 [reactor-http-nio-46] DEBUG org.springframework.core.codec.StringDecoder - [1d7affca] Decoded "[{"longitude":-117.922008,"latitude":33.817595,"attractionName":"Disneyland","city":"Anaheim","stat (truncated)...
15:53:22.343 [reactor-http-nio-46] DEBUG reactor.netty.resources.PooledConnectionProvider - [id: 0xad1ee2d1, L:/127.0.0.1:51756 - R:localhost/127.0.0.1:8083] onStateChange(GET{uri=/attractions, connection=PooledConnection{channel=[id: 0xad1ee2d1, L:/127.0.0.1:51756 - R:localhost/127.0.0.1:8083]}}, [disconnecting])
15:53:22.343 [reactor-http-nio-46] DEBUG reactor.netty.resources.PooledConnectionProvider - [id: 0xad1ee2d1, L:/127.0.0.1:51756 - R:localhost/127.0.0.1:8083] Releasing channel
15:53:22.343 [reactor-http-nio-46] DEBUG reactor.netty.resources.PooledConnectionProvider - [id: 0xad1ee2d1, L:/127.0.0.1:51756 - R:localhost/127.0.0.1:8083] Channel cleaned, now 109 active connections and 192 inactive connections
15:53:22.343 [reactor-http-nio-46] DEBUG reactor.netty.http.client.HttpClientOperations - [id: 0x8e4bf8f0, L:/127.0.0.1:51754 - R:localhost/127.0.0.1:8083] Received response (auto-read:false) : [Content-Type=application/json, Transfer-Encoding=chunked, Date=Wed, 15 Jun 2022 14:53:21 GMT]
15:53:22.343 [reactor-http-nio-46] DEBUG reactor.netty.resources.PooledConnectionProvider - [id: 0x8e4bf8f0, L:/127.0.0.1:51754 - R:localhost/127.0.0.1:8083] onStateChange(GET{uri=/attractions, connection=PooledConnection{channel=[id: 0x8e4bf8f0, L:/127.0.0.1:51754 - R:localhost/127.0.0.1:8083]}}, [response_received])
15:53:22.343 [reactor-http-nio-46] DEBUG org.springframework.web.reactive.function.client.ExchangeFunctions - [3090b13b] Response 200 OK
15:53:22.343 [reactor-http-nio-46] DEBUG reactor.netty.channel.FluxReceive - [id: 0x8e4bf8f0, L:/127.0.0.1:51754 - R:localhost/127.0.0.1:8083] Subscribing inbound receiver [pending: 0, cancelled:false, inboundDone: false]
15:53:22.343 [reactor-http-nio-41] DEBUG reactor.netty.http.client.HttpClientOperations - [id: 0x6573a2f1, L:/127.0.0.1:51712 - R:localhost/127.0.0.1:8083] Received response (auto-read:false) : [Content-Type=application/json, Transfer-Encoding=chunked, Date=Wed, 15 Jun 2022 14:53:21 GMT]
15:53:22.343 [reactor-http-nio-41] DEBUG reactor.netty.resources.PooledConnectionProvider - [id: 0x6573a2f1, L:/127.0.0.1:51712 - R:localhost/127.0.0.1:8083] onStateChange(GET{uri=/attractions, connection=PooledConnection{channel=[id: 0x6573a2f1, L:/127.0.0.1:51712 - R:localhost/127.0.0.1:8083]}}, [response_received])
15:53:22.343 [reactor-http-nio-46] DEBUG reactor.netty.http.client.HttpClientOperations - [id: 0x8e4bf8f0, L:/127.0.0.1:51754 - R:localhost/127.0.0.1:8083] Received last HTTP packet
15:53:22.343 [reactor-http-nio-41] DEBUG org.springframework.web.reactive.function.client.ExchangeFunctions - [4d3808ca] Response 200 OK
15:53:22.344 [reactor-http-nio-46] DEBUG org.springframework.core.codec.StringDecoder - [3090b13b] Decoded "[{"longitude":-117.922008,"latitude":33.817595,"attractionName":"Disneyland","city":"Anaheim","stat (truncated)...
15:53:22.344 [reactor-http-nio-41] DEBUG reactor.netty.channel.FluxReceive - [id: 0x6573a2f1, L:/127.0.0.1:51712 - R:localhost/127.0.0.1:8083] Subscribing inbound receiver [pending: 0, cancelled:false, inboundDone: false]
15:53:22.343 [reactor-http-nio-47] DEBUG reactor.netty.http.client.HttpClientOperations - [id: 0xd987e438, L:/127.0.0.1:51866 - R:localhost/127.0.0.1:8083] Received response (auto-read:false) : [Content-Type=application/json, Transfer-Encoding=chunked, Date=Wed, 15 Jun 2022 14:53:21 GMT]
15:53:22.344 [reactor-http-nio-47] DEBUG reactor.netty.resources.PooledConnectionProvider - [id: 0xd987e438, L:/127.0.0.1:51866 - R:localhost/127.0.0.1:8083] onStateChange(GET{uri=/attractions, connection=PooledConnection{channel=[id: 0xd987e438, L:/127.0.0.1:51866 - R:localhost/127.0.0.1:8083]}}, [response_received])
15:53:22.344 [reactor-http-nio-46] DEBUG reactor.netty.resources.PooledConnectionProvider - [id: 0x8e4bf8f0, L:/127.0.0.1:51754 - R:localhost/127.0.0.1:8083] onStateChange(GET{uri=/attractions, connection=PooledConnection{channel=[id: 0x8e4bf8f0, L:/127.0.0.1:51754 - R:localhost/127.0.0.1:8083]}}, [disconnecting])
15:53:22.344 [reactor-http-nio-47] DEBUG org.springframework.web.reactive.function.client.ExchangeFunctions - [3ed9e7e6] Response 200 OK
15:53:22.344 [reactor-http-nio-41] DEBUG reactor.netty.http.client.HttpClientOperations - [id: 0x6573a2f1, L:/127.0.0.1:51712 - R:localhost/127.0.0.1:8083] Received last HTTP packet
15:53:22.344 [reactor-http-nio-41] DEBUG org.springframework.core.codec.StringDecoder - [4d3808ca] Decoded "[{"longitude":-117.922008,"latitude":33.817595,"attractionName":"Disneyland","city":"Anaheim","stat (truncated)...
15:53:22.344 [reactor-http-nio-46] DEBUG reactor.netty.resources.PooledConnectionProvider - [id: 0x8e4bf8f0, L:/127.0.0.1:51754 - R:localhost/127.0.0.1:8083] Releasing channel
15:53:22.344 [reactor-http-nio-41] DEBUG reactor.netty.resources.PooledConnectionProvider - [id: 0x6573a2f1, L:/127.0.0.1:51712 - R:localhost/127.0.0.1:8083] onStateChange(GET{uri=/attractions, connection=PooledConnection{channel=[id: 0x6573a2f1, L:/127.0.0.1:51712 - R:localhost/127.0.0.1:8083]}}, [disconnecting])
15:53:22.344 [reactor-http-nio-47] DEBUG reactor.netty.channel.FluxReceive - [id: 0xd987e438, L:/127.0.0.1:51866 - R:localhost/127.0.0.1:8083] Subscribing inbound receiver [pending: 0, cancelled:false, inboundDone: false]
15:53:22.344 [reactor-http-nio-46] DEBUG reactor.netty.resources.PooledConnectionProvider - [id: 0x8e4bf8f0, L:/127.0.0.1:51754 - R:localhost/127.0.0.1:8083] Channel cleaned, now 108 active connections and 193 inactive connections
15:53:22.344 [reactor-http-nio-47] DEBUG reactor.netty.http.client.HttpClientOperations - [id: 0xd987e438, L:/127.0.0.1:51866 - R:localhost/127.0.0.1:8083] Received last HTTP packet
15:53:22.344 [reactor-http-nio-47] DEBUG org.springframework.core.codec.StringDecoder - [3ed9e7e6] Decoded "[{"longitude":-117.922008,"latitude":33.817595,"attractionName":"Disneyland","city":"Anaheim","stat (truncated)...
15:53:22.344 [reactor-http-nio-47] DEBUG reactor.netty.resources.PooledConnectionProvider - [id: 0xd987e438, L:/127.0.0.1:51866 - R:localhost/127.0.0.1:8083] onStateChange(GET{uri=/attractions, connection=PooledConnection{channel=[id: 0xd987e438, L:/127.0.0.1:51866 - R:localhost/127.0.0.1:8083]}}, [disconnecting])
15:53:22.344 [reactor-http-nio-46] DEBUG reactor.netty.http.client.HttpClientOperations - [id: 0x9abcbf1e, L:/127.0.0.1:51776 - R:localhost/127.0.0.1:8083] Received response (auto-read:false) : [Content-Type=application/json, Transfer-Encoding=chunked, Date=Wed, 15 Jun 2022 14:53:21 GMT]
15:53:22.344 [reactor-http-nio-41] DEBUG reactor.netty.resources.PooledConnectionProvider - [id: 0x6573a2f1, L:/127.0.0.1:51712 - R:localhost/127.0.0.1:8083] Releasing channel
15:53:22.344 [reactor-http-nio-47] DEBUG reactor.netty.resources.PooledConnectionProvider - [id: 0xd987e438, L:/127.0.0.1:51866 - R:localhost/127.0.0.1:8083] Releasing channel
15:53:22.344 [reactor-http-nio-46] DEBUG reactor.netty.resources.PooledConnectionProvider - [id: 0x9abcbf1e, L:/127.0.0.1:51776 - R:localhost/127.0.0.1:8083] onStateChange(GET{uri=/attractions, connection=PooledConnection{channel=[id: 0x9abcbf1e, L:/127.0.0.1:51776 - R:localhost/127.0.0.1:8083]}}, [response_received])
15:53:22.344 [reactor-http-nio-41] DEBUG reactor.netty.resources.PooledConnectionProvider - [id: 0x6573a2f1, L:/127.0.0.1:51712 - R:localhost/127.0.0.1:8083] Channel cleaned, now 107 active connections and 194 inactive connections
15:53:22.344 [reactor-http-nio-46] DEBUG org.springframework.web.reactive.function.client.ExchangeFunctions - [739bc730] Response 200 OK
15:53:22.344 [reactor-http-nio-41] DEBUG reactor.netty.resources.PooledConnectionProvider - [id: 0x1133f190, L:/127.0.0.1:51897 - R:localhost/127.0.0.1:8083] Channel acquired, now 107 active connections and 194 inactive connections
15:53:22.344 [reactor-http-nio-41] DEBUG reactor.netty.http.client.HttpClientConnect - [id: 0x1133f190, L:/127.0.0.1:51897 - R:localhost/127.0.0.1:8083] Handler is being applied: {uri=http://localhost:8083/attractions, method=GET}
15:53:22.344 [reactor-http-nio-46] DEBUG reactor.netty.channel.FluxReceive - [id: 0x9abcbf1e, L:/127.0.0.1:51776 - R:localhost/127.0.0.1:8083] Subscribing inbound receiver [pending: 0, cancelled:false, inboundDone: false]
15:53:22.344 [reactor-http-nio-46] DEBUG reactor.netty.http.client.HttpClientOperations - [id: 0x9abcbf1e, L:/127.0.0.1:51776 - R:localhost/127.0.0.1:8083] Received last HTTP packet
15:53:22.344 [reactor-http-nio-46] DEBUG org.springframework.core.codec.StringDecoder - [739bc730] Decoded "[{"longitude":-117.922008,"latitude":33.817595,"attractionName":"Disneyland","city":"Anaheim","stat (truncated)...
15:53:22.344 [reactor-http-nio-46] DEBUG reactor.netty.resources.PooledConnectionProvider - [id: 0x9abcbf1e, L:/127.0.0.1:51776 - R:localhost/127.0.0.1:8083] onStateChange(GET{uri=/attractions, connection=PooledConnection{channel=[id: 0x9abcbf1e, L:/127.0.0.1:51776 - R:localhost/127.0.0.1:8083]}}, [disconnecting])
15:53:22.344 [reactor-http-nio-46] DEBUG reactor.netty.resources.PooledConnectionProvider - [id: 0x9abcbf1e, L:/127.0.0.1:51776 - R:localhost/127.0.0.1:8083] Releasing channel
15:53:22.344 [reactor-http-nio-46] DEBUG reactor.netty.resources.PooledConnectionProvider - [id: 0x9abcbf1e, L:/127.0.0.1:51776 - R:localhost/127.0.0.1:8083] Channel cleaned, now 106 active connections and 195 inactive connections
15:53:22.344 [reactor-http-nio-47] DEBUG reactor.netty.resources.PooledConnectionProvider - [id: 0xd987e438, L:/127.0.0.1:51866 - R:localhost/127.0.0.1:8083] Channel cleaned, now 106 active connections and 195 inactive connections
15:53:22.345 [reactor-http-nio-41] DEBUG reactor.netty.resources.PooledConnectionProvider - [id: 0x1133f190, L:/127.0.0.1:51897 - R:localhost/127.0.0.1:8083] onStateChange(GET{uri=/attractions, connection=PooledConnection{channel=[id: 0x1133f190, L:/127.0.0.1:51897 - R:localhost/127.0.0.1:8083]}}, [request_sent])
15:53:22.347 [reactor-http-nio-47] DEBUG reactor.netty.http.client.HttpClientOperations - [id: 0xa74b43bb, L:/127.0.0.1:51860 - R:localhost/127.0.0.1:8083] Received response (auto-read:false) : [Content-Type=application/json, Transfer-Encoding=chunked, Date=Wed, 15 Jun 2022 14:53:21 GMT]
15:53:22.347 [reactor-http-nio-47] DEBUG reactor.netty.resources.PooledConnectionProvider - [id: 0xa74b43bb, L:/127.0.0.1:51860 - R:localhost/127.0.0.1:8083] onStateChange(GET{uri=/attractions, connection=PooledConnection{channel=[id: 0xa74b43bb, L:/127.0.0.1:51860 - R:localhost/127.0.0.1:8083]}}, [response_received])
15:53:22.347 [reactor-http-nio-47] DEBUG org.springframework.web.reactive.function.client.ExchangeFunctions - [697c0edc] Response 200 OK
15:53:22.347 [reactor-http-nio-47] DEBUG reactor.netty.channel.FluxReceive - [id: 0xa74b43bb, L:/127.0.0.1:51860 - R:localhost/127.0.0.1:8083] Subscribing inbound receiver [pending: 0, cancelled:false, inboundDone: false]
15:53:22.347 [reactor-http-nio-47] DEBUG reactor.netty.http.client.HttpClientOperations - [id: 0xa74b43bb, L:/127.0.0.1:51860 - R:localhost/127.0.0.1:8083] Received last HTTP packet
15:53:22.347 [reactor-http-nio-47] DEBUG org.springframework.core.codec.StringDecoder - [697c0edc] Decoded "[{"longitude":-117.922008,"latitude":33.817595,"attractionName":"Disneyland","city":"Anaheim","stat (truncated)...
15:53:22.347 [reactor-http-nio-47] DEBUG reactor.netty.resources.PooledConnectionProvider - [id: 0xa74b43bb, L:/127.0.0.1:51860 - R:localhost/127.0.0.1:8083] onStateChange(GET{uri=/attractions, connection=PooledConnection{channel=[id: 0xa74b43bb, L:/127.0.0.1:51860 - R:localhost/127.0.0.1:8083]}}, [disconnecting])
15:53:22.347 [reactor-http-nio-47] DEBUG reactor.netty.resources.PooledConnectionProvider - [id: 0xa74b43bb, L:/127.0.0.1:51860 - R:localhost/127.0.0.1:8083] Releasing channel
15:53:22.347 [reactor-http-nio-47] DEBUG reactor.netty.resources.PooledConnectionProvider - [id: 0xa74b43bb, L:/127.0.0.1:51860 - R:localhost/127.0.0.1:8083] Channel cleaned, now 105 active connections and 196 inactive connections
15:53:22.353 [reactor-http-nio-46] DEBUG reactor.netty.http.client.HttpClientOperations - [id: 0xb17f4d49, L:/127.0.0.1:51793 - R:localhost/127.0.0.1:8083] Received response (auto-read:false) : [Content-Type=application/json, Transfer-Encoding=chunked, Date=Wed, 15 Jun 2022 14:53:21 GMT]
15:53:22.353 [reactor-http-nio-46] DEBUG reactor.netty.resources.PooledConnectionProvider - [id: 0xb17f4d49, L:/127.0.0.1:51793 - R:localhost/127.0.0.1:8083] onStateChange(GET{uri=/userLocation?userId=f15795e8-bbe9-4318-bf77-f834e072e982, connection=PooledConnection{channel=[id: 0xb17f4d49, L:/127.0.0.1:51793 - R:localhost/127.0.0.1:8083]}}, [response_received])
15:53:22.353 [reactor-http-nio-46] DEBUG org.springframework.web.reactive.function.client.ExchangeFunctions - [50a65494] Response 200 OK
15:53:22.353 [reactor-http-nio-47] DEBUG reactor.netty.http.client.HttpClientOperations - [id: 0xf1ad37c6, L:/127.0.0.1:51687 - R:localhost/127.0.0.1:8083] Received response (auto-read:false) : [Content-Type=application/json, Transfer-Encoding=chunked, Date=Wed, 15 Jun 2022 14:53:21 GMT]
15:53:22.353 [reactor-http-nio-47] DEBUG reactor.netty.resources.PooledConnectionProvider - [id: 0xf1ad37c6, L:/127.0.0.1:51687 - R:localhost/127.0.0.1:8083] onStateChange(GET{uri=/userLocation?userId=7ab9d80d-6eb8-40bc-8ebb-036bff093445, connection=PooledConnection{channel=[id: 0xf1ad37c6, L:/127.0.0.1:51687 - R:localhost/127.0.0.1:8083]}}, [response_received])
15:53:22.353 [reactor-http-nio-47] DEBUG org.springframework.web.reactive.function.client.ExchangeFunctions - [2c3edc10] Response 200 OK
15:53:22.354 [reactor-http-nio-47] DEBUG reactor.netty.channel.FluxReceive - [id: 0xf1ad37c6, L:/127.0.0.1:51687 - R:localhost/127.0.0.1:8083] Subscribing inbound receiver [pending: 0, cancelled:false, inboundDone: false]
15:53:22.354 [reactor-http-nio-47] DEBUG reactor.netty.http.client.HttpClientOperations - [id: 0xf1ad37c6, L:/127.0.0.1:51687 - R:localhost/127.0.0.1:8083] Received last HTTP packet
15:53:22.354 [reactor-http-nio-47] DEBUG org.springframework.core.codec.StringDecoder - [2c3edc10] Decoded "{"userId":"7ab9d80d-6eb8-40bc-8ebb-036bff093445","location":{"longitude":-106.12225,"latitude":-34. (truncated)...
15:53:22.354 [reactor-http-nio-48] DEBUG reactor.netty.http.client.HttpClientOperations - [id: 0xbf312382, L:/127.0.0.1:51979 - R:localhost/127.0.0.1:8083] Received response (auto-read:false) : [Content-Type=application/json, Transfer-Encoding=chunked, Date=Wed, 15 Jun 2022 14:53:21 GMT]
15:53:22.354 [reactor-http-nio-48] DEBUG reactor.netty.resources.PooledConnectionProvider - [id: 0xbf312382, L:/127.0.0.1:51979 - R:localhost/127.0.0.1:8083] onStateChange(GET{uri=/attractions, connection=PooledConnection{channel=[id: 0xbf312382, L:/127.0.0.1:51979 - R:localhost/127.0.0.1:8083]}}, [response_received])
15:53:22.354 [reactor-http-nio-46] DEBUG reactor.netty.channel.FluxReceive - [id: 0xb17f4d49, L:/127.0.0.1:51793 - R:localhost/127.0.0.1:8083] Subscribing inbound receiver [pending: 0, cancelled:false, inboundDone: false]
15:53:22.354 [reactor-http-nio-47] DEBUG reactor.netty.resources.PooledConnectionProvider - [id: 0xf1ad37c6, L:/127.0.0.1:51687 - R:localhost/127.0.0.1:8083] onStateChange(GET{uri=/userLocation?userId=7ab9d80d-6eb8-40bc-8ebb-036bff093445, connection=PooledConnection{channel=[id: 0xf1ad37c6, L:/127.0.0.1:51687 - R:localhost/127.0.0.1:8083]}}, [disconnecting])
15:53:22.354 [reactor-http-nio-47] DEBUG reactor.netty.resources.PooledConnectionProvider - [id: 0xf1ad37c6, L:/127.0.0.1:51687 - R:localhost/127.0.0.1:8083] Releasing channel
15:53:22.354 [reactor-http-nio-47] DEBUG reactor.netty.resources.PooledConnectionProvider - [id: 0xf1ad37c6, L:/127.0.0.1:51687 - R:localhost/127.0.0.1:8083] Channel cleaned, now 104 active connections and 197 inactive connections
15:53:22.354 [reactor-http-nio-41] DEBUG reactor.netty.http.client.HttpClientOperations - [id: 0x9f0a2ff5, L:/127.0.0.1:51757 - R:localhost/127.0.0.1:8083] Received response (auto-read:false) : [Content-Type=application/json, Transfer-Encoding=chunked, Date=Wed, 15 Jun 2022 14:53:21 GMT]
15:53:22.354 [reactor-http-nio-41] DEBUG reactor.netty.resources.PooledConnectionProvider - [id: 0x9f0a2ff5, L:/127.0.0.1:51757 - R:localhost/127.0.0.1:8083] onStateChange(GET{uri=/userLocation?userId=996f3059-056b-48f1-bc50-7e9bfdb77127, connection=PooledConnection{channel=[id: 0x9f0a2ff5, L:/127.0.0.1:51757 - R:localhost/127.0.0.1:8083]}}, [response_received])
15:53:22.354 [reactor-http-nio-41] DEBUG org.springframework.web.reactive.function.client.ExchangeFunctions - [6022249f] Response 200 OK
15:53:22.354 [reactor-http-nio-48] DEBUG org.springframework.web.reactive.function.client.ExchangeFunctions - [30825961] Response 200 OK
15:53:22.354 [reactor-http-nio-46] DEBUG reactor.netty.http.client.HttpClientOperations - [id: 0xb17f4d49, L:/127.0.0.1:51793 - R:localhost/127.0.0.1:8083] Received last HTTP packet
15:53:22.354 [reactor-http-nio-41] DEBUG reactor.netty.channel.FluxReceive - [id: 0x9f0a2ff5, L:/127.0.0.1:51757 - R:localhost/127.0.0.1:8083] Subscribing inbound receiver [pending: 0, cancelled:false, inboundDone: false]
15:53:22.354 [reactor-http-nio-41] DEBUG reactor.netty.http.client.HttpClientOperations - [id: 0x9f0a2ff5, L:/127.0.0.1:51757 - R:localhost/127.0.0.1:8083] Received last HTTP packet
15:53:22.354 [reactor-http-nio-46] DEBUG org.springframework.core.codec.StringDecoder - [50a65494] Decoded "{"userId":"f15795e8-bbe9-4318-bf77-f834e072e982","location":{"longitude":-29.38428,"latitude":67.84 (truncated)...
15:53:22.354 [reactor-http-nio-48] DEBUG reactor.netty.channel.FluxReceive - [id: 0xbf312382, L:/127.0.0.1:51979 - R:localhost/127.0.0.1:8083] Subscribing inbound receiver [pending: 0, cancelled:false, inboundDone: false]
15:53:22.354 [reactor-http-nio-46] DEBUG reactor.netty.resources.PooledConnectionProvider - [id: 0xb17f4d49, L:/127.0.0.1:51793 - R:localhost/127.0.0.1:8083] onStateChange(GET{uri=/userLocation?userId=f15795e8-bbe9-4318-bf77-f834e072e982, connection=PooledConnection{channel=[id: 0xb17f4d49, L:/127.0.0.1:51793 - R:localhost/127.0.0.1:8083]}}, [disconnecting])
15:53:22.354 [reactor-http-nio-46] DEBUG reactor.netty.resources.PooledConnectionProvider - [id: 0xb17f4d49, L:/127.0.0.1:51793 - R:localhost/127.0.0.1:8083] Releasing channel
15:53:22.354 [reactor-http-nio-48] DEBUG reactor.netty.http.client.HttpClientOperations - [id: 0xbf312382, L:/127.0.0.1:51979 - R:localhost/127.0.0.1:8083] Received last HTTP packet
15:53:22.354 [reactor-http-nio-41] DEBUG org.springframework.core.codec.StringDecoder - [6022249f] Decoded "{"userId":"996f3059-056b-48f1-bc50-7e9bfdb77127","location":{"longitude":-26.31883,"latitude":-67.9 (truncated)...
15:53:22.354 [reactor-http-nio-41] DEBUG reactor.netty.resources.PooledConnectionProvider - [id: 0x9f0a2ff5, L:/127.0.0.1:51757 - R:localhost/127.0.0.1:8083] onStateChange(GET{uri=/userLocation?userId=996f3059-056b-48f1-bc50-7e9bfdb77127, connection=PooledConnection{channel=[id: 0x9f0a2ff5, L:/127.0.0.1:51757 - R:localhost/127.0.0.1:8083]}}, [disconnecting])
15:53:22.354 [reactor-http-nio-48] DEBUG org.springframework.core.codec.StringDecoder - [30825961] Decoded "[{"longitude":-117.922008,"latitude":33.817595,"attractionName":"Disneyland","city":"Anaheim","stat (truncated)...
15:53:22.354 [reactor-http-nio-46] DEBUG reactor.netty.resources.PooledConnectionProvider - [id: 0xb17f4d49, L:/127.0.0.1:51793 - R:localhost/127.0.0.1:8083] Channel cleaned, now 103 active connections and 198 inactive connections
15:53:22.354 [reactor-http-nio-41] DEBUG reactor.netty.resources.PooledConnectionProvider - [id: 0x9f0a2ff5, L:/127.0.0.1:51757 - R:localhost/127.0.0.1:8083] Releasing channel
15:53:22.354 [reactor-http-nio-41] DEBUG reactor.netty.resources.PooledConnectionProvider - [id: 0x9f0a2ff5, L:/127.0.0.1:51757 - R:localhost/127.0.0.1:8083] Channel cleaned, now 102 active connections and 199 inactive connections
15:53:22.354 [reactor-http-nio-48] DEBUG reactor.netty.resources.PooledConnectionProvider - [id: 0xbf312382, L:/127.0.0.1:51979 - R:localhost/127.0.0.1:8083] onStateChange(GET{uri=/attractions, connection=PooledConnection{channel=[id: 0xbf312382, L:/127.0.0.1:51979 - R:localhost/127.0.0.1:8083]}}, [disconnecting])
15:53:22.355 [reactor-http-nio-48] DEBUG reactor.netty.resources.PooledConnectionProvider - [id: 0xbf312382, L:/127.0.0.1:51979 - R:localhost/127.0.0.1:8083] Releasing channel
15:53:22.355 [reactor-http-nio-48] DEBUG reactor.netty.resources.PooledConnectionProvider - [id: 0xbf312382, L:/127.0.0.1:51979 - R:localhost/127.0.0.1:8083] Channel cleaned, now 101 active connections and 200 inactive connections
15:53:22.355 [pool-44-thread-76] INFO tourGuide.service.TourGuideService - visitedLocatio tourGuide.gpsUtil.VisitedLocation@5e61b0f0
15:53:22.356 [pool-44-thread-62] INFO tourGuide.service.TourGuideService - visitedLocatio tourGuide.gpsUtil.VisitedLocation@6ee5d6eb
15:53:22.356 [pool-44-thread-76] DEBUG org.springframework.web.reactive.function.client.ExchangeFunctions - [5a5e3fe4] HTTP GET http://localhost:8083/attractions
15:53:22.356 [pool-44-thread-62] DEBUG org.springframework.web.reactive.function.client.ExchangeFunctions - [6ada4fef] HTTP GET http://localhost:8083/attractions
15:53:22.355 [pool-44-thread-65] INFO tourGuide.service.TourGuideService - visitedLocatio tourGuide.gpsUtil.VisitedLocation@22f937e7
15:53:22.357 [pool-44-thread-65] DEBUG org.springframework.web.reactive.function.client.ExchangeFunctions - [26c6b760] HTTP GET http://localhost:8083/attractions
15:53:22.358 [reactor-http-nio-46] DEBUG reactor.netty.http.client.HttpClientOperations - [id: 0x9fb64b28, L:/127.0.0.1:51823 - R:localhost/127.0.0.1:8083] Received response (auto-read:false) : [Content-Type=application/json, Transfer-Encoding=chunked, Date=Wed, 15 Jun 2022 14:53:21 GMT]
15:53:22.358 [reactor-http-nio-46] DEBUG reactor.netty.resources.PooledConnectionProvider - [id: 0x9fb64b28, L:/127.0.0.1:51823 - R:localhost/127.0.0.1:8083] onStateChange(GET{uri=/userLocation?userId=af3f75e7-3348-4465-88a7-b10fabf468a7, connection=PooledConnection{channel=[id: 0x9fb64b28, L:/127.0.0.1:51823 - R:localhost/127.0.0.1:8083]}}, [response_received])
15:53:22.358 [reactor-http-nio-46] DEBUG org.springframework.web.reactive.function.client.ExchangeFunctions - [51a8f8ed] Response 200 OK
15:53:22.358 [reactor-http-nio-41] DEBUG reactor.netty.resources.PooledConnectionProvider - [id: 0x9cec33d8, L:/127.0.0.1:51722 - R:localhost/127.0.0.1:8083] Channel acquired, now 102 active connections and 199 inactive connections
15:53:22.358 [reactor-http-nio-41] DEBUG reactor.netty.http.client.HttpClientConnect - [id: 0x9cec33d8, L:/127.0.0.1:51722 - R:localhost/127.0.0.1:8083] Handler is being applied: {uri=http://localhost:8083/attractions, method=GET}
15:53:22.359 [reactor-http-nio-41] DEBUG reactor.netty.resources.PooledConnectionProvider - [id: 0x9cec33d8, L:/127.0.0.1:51722 - R:localhost/127.0.0.1:8083] onStateChange(GET{uri=/attractions, connection=PooledConnection{channel=[id: 0x9cec33d8, L:/127.0.0.1:51722 - R:localhost/127.0.0.1:8083]}}, [request_sent])
15:53:22.358 [reactor-http-nio-46] DEBUG reactor.netty.channel.FluxReceive - [id: 0x9fb64b28, L:/127.0.0.1:51823 - R:localhost/127.0.0.1:8083] Subscribing inbound receiver [pending: 0, cancelled:false, inboundDone: false]
15:53:22.360 [reactor-http-nio-46] DEBUG reactor.netty.http.client.HttpClientOperations - [id: 0x9fb64b28, L:/127.0.0.1:51823 - R:localhost/127.0.0.1:8083] Received last HTTP packet
15:53:22.360 [reactor-http-nio-46] DEBUG org.springframework.core.codec.StringDecoder - [51a8f8ed] Decoded "{"userId":"af3f75e7-3348-4465-88a7-b10fabf468a7","location":{"longitude":-8.352472,"latitude":-19.9 (truncated)...
15:53:22.360 [reactor-http-nio-46] DEBUG reactor.netty.resources.PooledConnectionProvider - [id: 0x9fb64b28, L:/127.0.0.1:51823 - R:localhost/127.0.0.1:8083] onStateChange(GET{uri=/userLocation?userId=af3f75e7-3348-4465-88a7-b10fabf468a7, connection=PooledConnection{channel=[id: 0x9fb64b28, L:/127.0.0.1:51823 - R:localhost/127.0.0.1:8083]}}, [disconnecting])
15:53:22.360 [reactor-http-nio-46] DEBUG reactor.netty.resources.PooledConnectionProvider - [id: 0x9fb64b28, L:/127.0.0.1:51823 - R:localhost/127.0.0.1:8083] Releasing channel
15:53:22.360 [reactor-http-nio-46] DEBUG reactor.netty.resources.PooledConnectionProvider - [id: 0x9fb64b28, L:/127.0.0.1:51823 - R:localhost/127.0.0.1:8083] Channel cleaned, now 101 active connections and 200 inactive connections
15:53:22.360 [reactor-http-nio-46] DEBUG reactor.netty.http.client.HttpClientOperations - [id: 0x0ca67bea, L:/127.0.0.1:51939 - R:localhost/127.0.0.1:8083] Received response (auto-read:false) : [Content-Type=application/json, Transfer-Encoding=chunked, Date=Wed, 15 Jun 2022 14:53:21 GMT]
15:53:22.360 [reactor-http-nio-46] DEBUG reactor.netty.resources.PooledConnectionProvider - [id: 0x0ca67bea, L:/127.0.0.1:51939 - R:localhost/127.0.0.1:8083] onStateChange(GET{uri=/attractions, connection=PooledConnection{channel=[id: 0x0ca67bea, L:/127.0.0.1:51939 - R:localhost/127.0.0.1:8083]}}, [response_received])
15:53:22.360 [reactor-http-nio-46] DEBUG org.springframework.web.reactive.function.client.ExchangeFunctions - [3ca88c62] Response 200 OK
15:53:22.360 [reactor-http-nio-46] DEBUG reactor.netty.channel.FluxReceive - [id: 0x0ca67bea, L:/127.0.0.1:51939 - R:localhost/127.0.0.1:8083] Subscribing inbound receiver [pending: 0, cancelled:false, inboundDone: false]
15:53:22.360 [reactor-http-nio-46] DEBUG reactor.netty.http.client.HttpClientOperations - [id: 0x0ca67bea, L:/127.0.0.1:51939 - R:localhost/127.0.0.1:8083] Received last HTTP packet
15:53:22.360 [reactor-http-nio-46] DEBUG org.springframework.core.codec.StringDecoder - [3ca88c62] Decoded "[{"longitude":-117.922008,"latitude":33.817595,"attractionName":"Disneyland","city":"Anaheim","stat (truncated)...
15:53:22.360 [reactor-http-nio-46] DEBUG reactor.netty.resources.PooledConnectionProvider - [id: 0x0ca67bea, L:/127.0.0.1:51939 - R:localhost/127.0.0.1:8083] onStateChange(GET{uri=/attractions, connection=PooledConnection{channel=[id: 0x0ca67bea, L:/127.0.0.1:51939 - R:localhost/127.0.0.1:8083]}}, [disconnecting])
15:53:22.360 [reactor-http-nio-46] DEBUG reactor.netty.resources.PooledConnectionProvider - [id: 0x0ca67bea, L:/127.0.0.1:51939 - R:localhost/127.0.0.1:8083] Releasing channel
15:53:22.360 [reactor-http-nio-46] DEBUG reactor.netty.resources.PooledConnectionProvider - [id: 0x0ca67bea, L:/127.0.0.1:51939 - R:localhost/127.0.0.1:8083] Channel cleaned, now 100 active connections and 201 inactive connections
15:53:22.360 [reactor-http-nio-46] DEBUG reactor.netty.resources.PooledConnectionProvider - [id: 0x36ae5eff, L:/127.0.0.1:51822 - R:localhost/127.0.0.1:8083] Channel acquired, now 101 active connections and 200 inactive connections
15:53:22.360 [reactor-http-nio-46] DEBUG reactor.netty.http.client.HttpClientConnect - [id: 0x36ae5eff, L:/127.0.0.1:51822 - R:localhost/127.0.0.1:8083] Handler is being applied: {uri=http://localhost:8083/attractions, method=GET}
15:53:22.361 [reactor-http-nio-46] DEBUG reactor.netty.resources.PooledConnectionProvider - [id: 0x36ae5eff, L:/127.0.0.1:51822 - R:localhost/127.0.0.1:8083] onStateChange(GET{uri=/attractions, connection=PooledConnection{channel=[id: 0x36ae5eff, L:/127.0.0.1:51822 - R:localhost/127.0.0.1:8083]}}, [request_sent])
15:53:22.361 [pool-44-thread-64] INFO tourGuide.service.TourGuideService - visitedLocatio tourGuide.gpsUtil.VisitedLocation@5f6f0ca8
15:53:22.362 [pool-44-thread-64] DEBUG org.springframework.web.reactive.function.client.ExchangeFunctions - [5b50939d] HTTP GET http://localhost:8083/attractions
15:53:22.363 [reactor-http-nio-48] DEBUG reactor.netty.resources.PooledConnectionProvider - [id: 0xa37fa9fc, L:/127.0.0.1:51894 - R:localhost/127.0.0.1:8083] Channel acquired, now 102 active connections and 199 inactive connections
15:53:22.363 [reactor-http-nio-48] DEBUG reactor.netty.http.client.HttpClientConnect - [id: 0xa37fa9fc, L:/127.0.0.1:51894 - R:localhost/127.0.0.1:8083] Handler is being applied: {uri=http://localhost:8083/attractions, method=GET}
15:53:22.363 [reactor-http-nio-48] DEBUG reactor.netty.resources.PooledConnectionProvider - [id: 0xa37fa9fc, L:/127.0.0.1:51894 - R:localhost/127.0.0.1:8083] onStateChange(GET{uri=/attractions, connection=PooledConnection{channel=[id: 0xa37fa9fc, L:/127.0.0.1:51894 - R:localhost/127.0.0.1:8083]}}, [request_sent])
15:53:22.363 [reactor-http-nio-41] DEBUG reactor.netty.http.client.HttpClientOperations - [id: 0x08aaa308, L:/127.0.0.1:51899 - R:localhost/127.0.0.1:8083] Received response (auto-read:false) : [Content-Type=application/json, Transfer-Encoding=chunked, Date=Wed, 15 Jun 2022 14:53:21 GMT]
15:53:22.363 [reactor-http-nio-41] DEBUG reactor.netty.resources.PooledConnectionProvider - [id: 0x08aaa308, L:/127.0.0.1:51899 - R:localhost/127.0.0.1:8083] onStateChange(GET{uri=/attractions, connection=PooledConnection{channel=[id: 0x08aaa308, L:/127.0.0.1:51899 - R:localhost/127.0.0.1:8083]}}, [response_received])
15:53:22.364 [reactor-http-nio-41] DEBUG org.springframework.web.reactive.function.client.ExchangeFunctions - [47c93cdd] Response 200 OK
15:53:22.364 [reactor-http-nio-47] DEBUG reactor.netty.http.client.HttpClientOperations - [id: 0x120dec4e, L:/127.0.0.1:51686 - R:localhost/127.0.0.1:8083] Received response (auto-read:false) : [Content-Type=application/json, Transfer-Encoding=chunked, Date=Wed, 15 Jun 2022 14:53:21 GMT]
15:53:22.364 [reactor-http-nio-47] DEBUG reactor.netty.resources.PooledConnectionProvider - [id: 0x120dec4e, L:/127.0.0.1:51686 - R:localhost/127.0.0.1:8083] onStateChange(GET{uri=/attractions, connection=PooledConnection{channel=[id: 0x120dec4e, L:/127.0.0.1:51686 - R:localhost/127.0.0.1:8083]}}, [response_received])
15:53:22.364 [reactor-http-nio-47] DEBUG org.springframework.web.reactive.function.client.ExchangeFunctions - [1c40a7cc] Response 200 OK
15:53:22.364 [reactor-http-nio-46] DEBUG reactor.netty.http.client.HttpClientOperations - [id: 0xe2a0d401, L:/127.0.0.1:51788 - R:localhost/127.0.0.1:8083] Received response (auto-read:false) : [Content-Type=application/json, Transfer-Encoding=chunked, Date=Wed, 15 Jun 2022 14:53:21 GMT]
15:53:22.364 [reactor-http-nio-48] DEBUG reactor.netty.http.client.HttpClientOperations - [id: 0x342e84c9, L:/127.0.0.1:51892 - R:localhost/127.0.0.1:8083] Received response (auto-read:false) : [Content-Type=application/json, Transfer-Encoding=chunked, Date=Wed, 15 Jun 2022 14:53:21 GMT]
15:53:22.364 [reactor-http-nio-48] DEBUG reactor.netty.resources.PooledConnectionProvider - [id: 0x342e84c9, L:/127.0.0.1:51892 - R:localhost/127.0.0.1:8083] onStateChange(GET{uri=/attractions, connection=PooledConnection{channel=[id: 0x342e84c9, L:/127.0.0.1:51892 - R:localhost/127.0.0.1:8083]}}, [response_received])
15:53:22.364 [reactor-http-nio-48] DEBUG org.springframework.web.reactive.function.client.ExchangeFunctions - [9d833c6] Response 200 OK
15:53:22.364 [reactor-http-nio-47] DEBUG reactor.netty.channel.FluxReceive - [id: 0x120dec4e, L:/127.0.0.1:51686 - R:localhost/127.0.0.1:8083] Subscribing inbound receiver [pending: 0, cancelled:false, inboundDone: false]
15:53:22.364 [reactor-http-nio-48] DEBUG reactor.netty.channel.FluxReceive - [id: 0x342e84c9, L:/127.0.0.1:51892 - R:localhost/127.0.0.1:8083] Subscribing inbound receiver [pending: 0, cancelled:false, inboundDone: false]
15:53:22.364 [reactor-http-nio-47] DEBUG reactor.netty.http.client.HttpClientOperations - [id: 0x120dec4e, L:/127.0.0.1:51686 - R:localhost/127.0.0.1:8083] Received last HTTP packet
15:53:22.364 [reactor-http-nio-48] DEBUG reactor.netty.http.client.HttpClientOperations - [id: 0x342e84c9, L:/127.0.0.1:51892 - R:localhost/127.0.0.1:8083] Received last HTTP packet
15:53:22.364 [reactor-http-nio-48] DEBUG org.springframework.core.codec.StringDecoder - [9d833c6] Decoded "[{"longitude":-117.922008,"latitude":33.817595,"attractionName":"Disneyland","city":"Anaheim","stat (truncated)...
15:53:22.364 [reactor-http-nio-47] DEBUG org.springframework.core.codec.StringDecoder - [1c40a7cc] Decoded "[{"longitude":-117.922008,"latitude":33.817595,"attractionName":"Disneyland","city":"Anaheim","stat (truncated)...
15:53:22.364 [reactor-http-nio-41] DEBUG reactor.netty.channel.FluxReceive - [id: 0x08aaa308, L:/127.0.0.1:51899 - R:localhost/127.0.0.1:8083] Subscribing inbound receiver [pending: 0, cancelled:false, inboundDone: false]
15:53:22.364 [reactor-http-nio-47] DEBUG reactor.netty.resources.PooledConnectionProvider - [id: 0x120dec4e, L:/127.0.0.1:51686 - R:localhost/127.0.0.1:8083] onStateChange(GET{uri=/attractions, connection=PooledConnection{channel=[id: 0x120dec4e, L:/127.0.0.1:51686 - R:localhost/127.0.0.1:8083]}}, [disconnecting])
15:53:22.364 [reactor-http-nio-46] DEBUG reactor.netty.resources.PooledConnectionProvider - [id: 0xe2a0d401, L:/127.0.0.1:51788 - R:localhost/127.0.0.1:8083] onStateChange(GET{uri=/userLocation?userId=40b8f8d3-32cf-4b61-98e7-5014ec06bcde, connection=PooledConnection{channel=[id: 0xe2a0d401, L:/127.0.0.1:51788 - R:localhost/127.0.0.1:8083]}}, [response_received])
15:53:22.364 [reactor-http-nio-41] DEBUG reactor.netty.http.client.HttpClientOperations - [id: 0x08aaa308, L:/127.0.0.1:51899 - R:localhost/127.0.0.1:8083] Received last HTTP packet
15:53:22.364 [reactor-http-nio-46] DEBUG org.springframework.web.reactive.function.client.ExchangeFunctions - [6562518a] Response 200 OK
15:53:22.364 [reactor-http-nio-48] DEBUG reactor.netty.resources.PooledConnectionProvider - [id: 0x342e84c9, L:/127.0.0.1:51892 - R:localhost/127.0.0.1:8083] onStateChange(GET{uri=/attractions, connection=PooledConnection{channel=[id: 0x342e84c9, L:/127.0.0.1:51892 - R:localhost/127.0.0.1:8083]}}, [disconnecting])
15:53:22.364 [reactor-http-nio-48] DEBUG reactor.netty.resources.PooledConnectionProvider - [id: 0x342e84c9, L:/127.0.0.1:51892 - R:localhost/127.0.0.1:8083] Releasing channel
15:53:22.364 [reactor-http-nio-41] DEBUG org.springframework.core.codec.StringDecoder - [47c93cdd] Decoded "[{"longitude":-117.922008,"latitude":33.817595,"attractionName":"Disneyland","city":"Anaheim","stat (truncated)...
15:53:22.364 [reactor-http-nio-48] DEBUG reactor.netty.resources.PooledConnectionProvider - [id: 0x342e84c9, L:/127.0.0.1:51892 - R:localhost/127.0.0.1:8083] Channel cleaned, now 101 active connections and 200 inactive connections
15:53:22.364 [reactor-http-nio-41] DEBUG reactor.netty.resources.PooledConnectionProvider - [id: 0x08aaa308, L:/127.0.0.1:51899 - R:localhost/127.0.0.1:8083] onStateChange(GET{uri=/attractions, connection=PooledConnection{channel=[id: 0x08aaa308, L:/127.0.0.1:51899 - R:localhost/127.0.0.1:8083]}}, [disconnecting])
15:53:22.364 [reactor-http-nio-41] DEBUG reactor.netty.resources.PooledConnectionProvider - [id: 0x08aaa308, L:/127.0.0.1:51899 - R:localhost/127.0.0.1:8083] Releasing channel
15:53:22.364 [reactor-http-nio-46] DEBUG reactor.netty.channel.FluxReceive - [id: 0xe2a0d401, L:/127.0.0.1:51788 - R:localhost/127.0.0.1:8083] Subscribing inbound receiver [pending: 0, cancelled:false, inboundDone: false]
15:53:22.364 [reactor-http-nio-47] DEBUG reactor.netty.resources.PooledConnectionProvider - [id: 0x120dec4e, L:/127.0.0.1:51686 - R:localhost/127.0.0.1:8083] Releasing channel
15:53:22.364 [reactor-http-nio-47] DEBUG reactor.netty.resources.PooledConnectionProvider - [id: 0x120dec4e, L:/127.0.0.1:51686 - R:localhost/127.0.0.1:8083] Channel cleaned, now 99 active connections and 202 inactive connections
15:53:22.364 [reactor-http-nio-46] DEBUG reactor.netty.http.client.HttpClientOperations - [id: 0xe2a0d401, L:/127.0.0.1:51788 - R:localhost/127.0.0.1:8083] Received last HTTP packet
15:53:22.364 [reactor-http-nio-48] DEBUG reactor.netty.http.client.HttpClientOperations - [id: 0x5b6b68d9, L:/127.0.0.1:51924 - R:localhost/127.0.0.1:8083] Received response (auto-read:false) : [Content-Type=application/json, Transfer-Encoding=chunked, Date=Wed, 15 Jun 2022 14:53:21 GMT]
15:53:22.364 [reactor-http-nio-48] DEBUG reactor.netty.resources.PooledConnectionProvider - [id: 0x5b6b68d9, L:/127.0.0.1:51924 - R:localhost/127.0.0.1:8083] onStateChange(GET{uri=/attractions, connection=PooledConnection{channel=[id: 0x5b6b68d9, L:/127.0.0.1:51924 - R:localhost/127.0.0.1:8083]}}, [response_received])
15:53:22.364 [reactor-http-nio-41] DEBUG reactor.netty.resources.PooledConnectionProvider - [id: 0x08aaa308, L:/127.0.0.1:51899 - R:localhost/127.0.0.1:8083] Channel cleaned, now 100 active connections and 201 inactive connections
15:53:22.364 [reactor-http-nio-48] DEBUG org.springframework.web.reactive.function.client.ExchangeFunctions - [64c69a29] Response 200 OK
15:53:22.364 [reactor-http-nio-47] DEBUG reactor.netty.http.client.HttpClientOperations - [id: 0xe35e117d, L:/127.0.0.1:51893 - R:localhost/127.0.0.1:8083] Received response (auto-read:false) : [Content-Type=application/json, Transfer-Encoding=chunked, Date=Wed, 15 Jun 2022 14:53:21 GMT]
15:53:22.364 [reactor-http-nio-47] DEBUG reactor.netty.resources.PooledConnectionProvider - [id: 0xe35e117d, L:/127.0.0.1:51893 - R:localhost/127.0.0.1:8083] onStateChange(GET{uri=/attractions, connection=PooledConnection{channel=[id: 0xe35e117d, L:/127.0.0.1:51893 - R:localhost/127.0.0.1:8083]}}, [response_received])
15:53:22.364 [reactor-http-nio-46] DEBUG org.springframework.core.codec.StringDecoder - [6562518a] Decoded "{"userId":"40b8f8d3-32cf-4b61-98e7-5014ec06bcde","location":{"longitude":3.746151,"latitude":-40.77 (truncated)...
15:53:22.364 [reactor-http-nio-47] DEBUG org.springframework.web.reactive.function.client.ExchangeFunctions - [78acb6bc] Response 200 OK
15:53:22.364 [reactor-http-nio-46] DEBUG reactor.netty.resources.PooledConnectionProvider - [id: 0xe2a0d401, L:/127.0.0.1:51788 - R:localhost/127.0.0.1:8083] onStateChange(GET{uri=/userLocation?userId=40b8f8d3-32cf-4b61-98e7-5014ec06bcde, connection=PooledConnection{channel=[id: 0xe2a0d401, L:/127.0.0.1:51788 - R:localhost/127.0.0.1:8083]}}, [disconnecting])
15:53:22.364 [reactor-http-nio-46] DEBUG reactor.netty.resources.PooledConnectionProvider - [id: 0xe2a0d401, L:/127.0.0.1:51788 - R:localhost/127.0.0.1:8083] Releasing channel
15:53:22.364 [reactor-http-nio-48] DEBUG reactor.netty.channel.FluxReceive - [id: 0x5b6b68d9, L:/127.0.0.1:51924 - R:localhost/127.0.0.1:8083] Subscribing inbound receiver [pending: 0, cancelled:false, inboundDone: false]
15:53:22.364 [reactor-http-nio-41] DEBUG reactor.netty.http.client.HttpClientOperations - [id: 0x0c95a1e6, L:/127.0.0.1:51725 - R:localhost/127.0.0.1:8083] Received response (auto-read:false) : [Content-Type=application/json, Transfer-Encoding=chunked, Date=Wed, 15 Jun 2022 14:53:21 GMT]
15:53:22.364 [reactor-http-nio-46] DEBUG reactor.netty.resources.PooledConnectionProvider - [id: 0xe2a0d401, L:/127.0.0.1:51788 - R:localhost/127.0.0.1:8083] Channel cleaned, now 98 active connections and 203 inactive connections
15:53:22.364 [reactor-http-nio-47] DEBUG reactor.netty.channel.FluxReceive - [id: 0xe35e117d, L:/127.0.0.1:51893 - R:localhost/127.0.0.1:8083] Subscribing inbound receiver [pending: 0, cancelled:false, inboundDone: false]
15:53:22.364 [reactor-http-nio-48] DEBUG reactor.netty.http.client.HttpClientOperations - [id: 0x5b6b68d9, L:/127.0.0.1:51924 - R:localhost/127.0.0.1:8083] Received last HTTP packet
15:53:22.365 [reactor-http-nio-47] DEBUG reactor.netty.http.client.HttpClientOperations - [id: 0xe35e117d, L:/127.0.0.1:51893 - R:localhost/127.0.0.1:8083] Received last HTTP packet
15:53:22.365 [reactor-http-nio-48] DEBUG org.springframework.core.codec.StringDecoder - [64c69a29] Decoded "[{"longitude":-117.922008,"latitude":33.817595,"attractionName":"Disneyland","city":"Anaheim","stat (truncated)...
15:53:22.365 [reactor-http-nio-47] DEBUG org.springframework.core.codec.StringDecoder - [78acb6bc] Decoded "[{"longitude":-117.922008,"latitude":33.817595,"attractionName":"Disneyland","city":"Anaheim","stat (truncated)...
15:53:22.365 [reactor-http-nio-48] DEBUG reactor.netty.resources.PooledConnectionProvider - [id: 0x5b6b68d9, L:/127.0.0.1:51924 - R:localhost/127.0.0.1:8083] onStateChange(GET{uri=/attractions, connection=PooledConnection{channel=[id: 0x5b6b68d9, L:/127.0.0.1:51924 - R:localhost/127.0.0.1:8083]}}, [disconnecting])
15:53:22.365 [reactor-http-nio-48] DEBUG reactor.netty.resources.PooledConnectionProvider - [id: 0x5b6b68d9, L:/127.0.0.1:51924 - R:localhost/127.0.0.1:8083] Releasing channel
15:53:22.365 [reactor-http-nio-48] DEBUG reactor.netty.resources.PooledConnectionProvider - [id: 0x5b6b68d9, L:/127.0.0.1:51924 - R:localhost/127.0.0.1:8083] Channel cleaned, now 97 active connections and 204 inactive connections
15:53:22.364 [reactor-http-nio-41] DEBUG reactor.netty.resources.PooledConnectionProvider - [id: 0x0c95a1e6, L:/127.0.0.1:51725 - R:localhost/127.0.0.1:8083] onStateChange(GET{uri=/userLocation?userId=8cf4982d-dec4-4e6e-9bef-22c7215473d1, connection=PooledConnection{channel=[id: 0x0c95a1e6, L:/127.0.0.1:51725 - R:localhost/127.0.0.1:8083]}}, [response_received])
15:53:22.365 [reactor-http-nio-41] DEBUG org.springframework.web.reactive.function.client.ExchangeFunctions - [60b14b19] Response 200 OK
15:53:22.365 [reactor-http-nio-41] DEBUG reactor.netty.channel.FluxReceive - [id: 0x0c95a1e6, L:/127.0.0.1:51725 - R:localhost/127.0.0.1:8083] Subscribing inbound receiver [pending: 0, cancelled:false, inboundDone: false]
15:53:22.365 [reactor-http-nio-41] DEBUG reactor.netty.http.client.HttpClientOperations - [id: 0x1fca7f5e, L:/127.0.0.1:51796 - R:localhost/127.0.0.1:8083] Received response (auto-read:false) : [Content-Type=application/json, Transfer-Encoding=chunked, Date=Wed, 15 Jun 2022 14:53:21 GMT]
15:53:22.365 [reactor-http-nio-41] DEBUG reactor.netty.resources.PooledConnectionProvider - [id: 0x1fca7f5e, L:/127.0.0.1:51796 - R:localhost/127.0.0.1:8083] onStateChange(GET{uri=/userLocation?userId=816e5663-da1a-4c3e-b8f2-8b4e5d730965, connection=PooledConnection{channel=[id: 0x1fca7f5e, L:/127.0.0.1:51796 - R:localhost/127.0.0.1:8083]}}, [response_received])
15:53:22.365 [reactor-http-nio-41] DEBUG org.springframework.web.reactive.function.client.ExchangeFunctions - [390c1fc6] Response 200 OK
15:53:22.365 [reactor-http-nio-41] DEBUG reactor.netty.channel.FluxReceive - [id: 0x1fca7f5e, L:/127.0.0.1:51796 - R:localhost/127.0.0.1:8083] Subscribing inbound receiver [pending: 0, cancelled:false, inboundDone: false]
15:53:22.365 [reactor-http-nio-41] DEBUG reactor.netty.http.client.HttpClientOperations - [id: 0x1fca7f5e, L:/127.0.0.1:51796 - R:localhost/127.0.0.1:8083] Received last HTTP packet
15:53:22.365 [reactor-http-nio-41] DEBUG org.springframework.core.codec.StringDecoder - [390c1fc6] Decoded "{"userId":"816e5663-da1a-4c3e-b8f2-8b4e5d730965","location":{"longitude":138.841061,"latitude":49.8 (truncated)...
15:53:22.365 [reactor-http-nio-48] DEBUG reactor.netty.http.client.HttpClientOperations - [id: 0x20783448, L:/127.0.0.1:51928 - R:localhost/127.0.0.1:8083] Received response (auto-read:false) : [Content-Type=application/json, Transfer-Encoding=chunked, Date=Wed, 15 Jun 2022 14:53:21 GMT]
15:53:22.365 [reactor-http-nio-47] DEBUG reactor.netty.resources.PooledConnectionProvider - [id: 0xe35e117d, L:/127.0.0.1:51893 - R:localhost/127.0.0.1:8083] onStateChange(GET{uri=/attractions, connection=PooledConnection{channel=[id: 0xe35e117d, L:/127.0.0.1:51893 - R:localhost/127.0.0.1:8083]}}, [disconnecting])
15:53:22.365 [reactor-http-nio-47] DEBUG reactor.netty.resources.PooledConnectionProvider - [id: 0xe35e117d, L:/127.0.0.1:51893 - R:localhost/127.0.0.1:8083] Releasing channel
15:53:22.365 [reactor-http-nio-41] DEBUG reactor.netty.resources.PooledConnectionProvider - [id: 0x1fca7f5e, L:/127.0.0.1:51796 - R:localhost/127.0.0.1:8083] onStateChange(GET{uri=/userLocation?userId=816e5663-da1a-4c3e-b8f2-8b4e5d730965, connection=PooledConnection{channel=[id: 0x1fca7f5e, L:/127.0.0.1:51796 - R:localhost/127.0.0.1:8083]}}, [disconnecting])
15:53:22.365 [reactor-http-nio-41] DEBUG reactor.netty.resources.PooledConnectionProvider - [id: 0x1fca7f5e, L:/127.0.0.1:51796 - R:localhost/127.0.0.1:8083] Releasing channel
15:53:22.365 [reactor-http-nio-48] DEBUG reactor.netty.resources.PooledConnectionProvider - [id: 0x20783448, L:/127.0.0.1:51928 - R:localhost/127.0.0.1:8083] onStateChange(GET{uri=/attractions, connection=PooledConnection{channel=[id: 0x20783448, L:/127.0.0.1:51928 - R:localhost/127.0.0.1:8083]}}, [response_received])
15:53:22.365 [reactor-http-nio-47] DEBUG reactor.netty.resources.PooledConnectionProvider - [id: 0xe35e117d, L:/127.0.0.1:51893 - R:localhost/127.0.0.1:8083] Channel cleaned, now 96 active connections and 205 inactive connections
15:53:22.366 [reactor-http-nio-48] DEBUG org.springframework.web.reactive.function.client.ExchangeFunctions - [7797f40a] Response 200 OK
15:53:22.365 [reactor-http-nio-41] DEBUG reactor.netty.resources.PooledConnectionProvider - [id: 0x1fca7f5e, L:/127.0.0.1:51796 - R:localhost/127.0.0.1:8083] Channel cleaned, now 95 active connections and 206 inactive connections
15:53:22.366 [reactor-http-nio-48] DEBUG reactor.netty.channel.FluxReceive - [id: 0x20783448, L:/127.0.0.1:51928 - R:localhost/127.0.0.1:8083] Subscribing inbound receiver [pending: 0, cancelled:false, inboundDone: false]
15:53:22.366 [reactor-http-nio-41] DEBUG reactor.netty.resources.PooledConnectionProvider - [id: 0xf0244be7, L:/127.0.0.1:51921 - R:localhost/127.0.0.1:8083] Channel acquired, now 96 active connections and 205 inactive connections
15:53:22.366 [reactor-http-nio-41] DEBUG reactor.netty.http.client.HttpClientConnect - [id: 0xf0244be7, L:/127.0.0.1:51921 - R:localhost/127.0.0.1:8083] Handler is being applied: {uri=http://localhost:8083/attractions, method=GET}
15:53:22.366 [reactor-http-nio-48] DEBUG reactor.netty.http.client.HttpClientOperations - [id: 0x20783448, L:/127.0.0.1:51928 - R:localhost/127.0.0.1:8083] Received last HTTP packet
15:53:22.366 [reactor-http-nio-48] DEBUG org.springframework.core.codec.StringDecoder - [7797f40a] Decoded "[{"longitude":-117.922008,"latitude":33.817595,"attractionName":"Disneyland","city":"Anaheim","stat (truncated)...
15:53:22.366 [reactor-http-nio-48] DEBUG reactor.netty.resources.PooledConnectionProvider - [id: 0x20783448, L:/127.0.0.1:51928 - R:localhost/127.0.0.1:8083] onStateChange(GET{uri=/attractions, connection=PooledConnection{channel=[id: 0x20783448, L:/127.0.0.1:51928 - R:localhost/127.0.0.1:8083]}}, [disconnecting])
15:53:22.366 [reactor-http-nio-48] DEBUG reactor.netty.resources.PooledConnectionProvider - [id: 0x20783448, L:/127.0.0.1:51928 - R:localhost/127.0.0.1:8083] Releasing channel
15:53:22.366 [reactor-http-nio-48] DEBUG reactor.netty.resources.PooledConnectionProvider - [id: 0x20783448, L:/127.0.0.1:51928 - R:localhost/127.0.0.1:8083] Channel cleaned, now 95 active connections and 206 inactive connections
15:53:22.366 [reactor-http-nio-48] DEBUG reactor.netty.http.client.HttpClientOperations - [id: 0xbe2aba3e, L:/127.0.0.1:51951 - R:localhost/127.0.0.1:8083] Received response (auto-read:false) : [Content-Type=application/json, Transfer-Encoding=chunked, Date=Wed, 15 Jun 2022 14:53:21 GMT]
15:53:22.366 [reactor-http-nio-48] DEBUG reactor.netty.resources.PooledConnectionProvider - [id: 0xbe2aba3e, L:/127.0.0.1:51951 - R:localhost/127.0.0.1:8083] onStateChange(GET{uri=/attractions, connection=PooledConnection{channel=[id: 0xbe2aba3e, L:/127.0.0.1:51951 - R:localhost/127.0.0.1:8083]}}, [response_received])
15:53:22.366 [reactor-http-nio-48] DEBUG org.springframework.web.reactive.function.client.ExchangeFunctions - [7366a3c1] Response 200 OK
15:53:22.366 [reactor-http-nio-41] DEBUG reactor.netty.resources.PooledConnectionProvider - [id: 0xf0244be7, L:/127.0.0.1:51921 - R:localhost/127.0.0.1:8083] onStateChange(GET{uri=/attractions, connection=PooledConnection{channel=[id: 0xf0244be7, L:/127.0.0.1:51921 - R:localhost/127.0.0.1:8083]}}, [request_sent])
15:53:22.366 [reactor-http-nio-48] DEBUG reactor.netty.channel.FluxReceive - [id: 0xbe2aba3e, L:/127.0.0.1:51951 - R:localhost/127.0.0.1:8083] Subscribing inbound receiver [pending: 0, cancelled:false, inboundDone: false]
15:53:22.366 [reactor-http-nio-48] DEBUG reactor.netty.http.client.HttpClientOperations - [id: 0xbe2aba3e, L:/127.0.0.1:51951 - R:localhost/127.0.0.1:8083] Received last HTTP packet
15:53:22.366 [reactor-http-nio-48] DEBUG org.springframework.core.codec.StringDecoder - [7366a3c1] Decoded "[{"longitude":-117.922008,"latitude":33.817595,"attractionName":"Disneyland","city":"Anaheim","stat (truncated)...
15:53:22.366 [reactor-http-nio-48] DEBUG reactor.netty.resources.PooledConnectionProvider - [id: 0xbe2aba3e, L:/127.0.0.1:51951 - R:localhost/127.0.0.1:8083] onStateChange(GET{uri=/attractions, connection=PooledConnection{channel=[id: 0xbe2aba3e, L:/127.0.0.1:51951 - R:localhost/127.0.0.1:8083]}}, [disconnecting])
15:53:22.367 [reactor-http-nio-48] DEBUG reactor.netty.resources.PooledConnectionProvider - [id: 0xbe2aba3e, L:/127.0.0.1:51951 - R:localhost/127.0.0.1:8083] Releasing channel
15:53:22.367 [reactor-http-nio-48] DEBUG reactor.netty.resources.PooledConnectionProvider - [id: 0xbe2aba3e, L:/127.0.0.1:51951 - R:localhost/127.0.0.1:8083] Channel cleaned, now 94 active connections and 207 inactive connections
15:53:22.367 [pool-44-thread-54] INFO tourGuide.service.TourGuideService - visitedLocatio tourGuide.gpsUtil.VisitedLocation@6ba5a356
15:53:22.367 [pool-44-thread-54] DEBUG org.springframework.web.reactive.function.client.ExchangeFunctions - [6f9a3afa] HTTP GET http://localhost:8083/attractions
15:53:22.368 [pool-44-thread-51] INFO tourGuide.service.TourGuideService - visitedLocatio tourGuide.gpsUtil.VisitedLocation@37cbf697
15:53:22.368 [pool-44-thread-51] DEBUG org.springframework.web.reactive.function.client.ExchangeFunctions - [33f474b6] HTTP GET http://localhost:8083/attractions
15:53:22.369 [reactor-http-nio-41] DEBUG reactor.netty.resources.PooledConnectionProvider - [id: 0x03dc54cb, L:/127.0.0.1:51901 - R:localhost/127.0.0.1:8083] Channel acquired, now 95 active connections and 206 inactive connections
15:53:22.369 [reactor-http-nio-41] DEBUG reactor.netty.http.client.HttpClientConnect - [id: 0x03dc54cb, L:/127.0.0.1:51901 - R:localhost/127.0.0.1:8083] Handler is being applied: {uri=http://localhost:8083/attractions, method=GET}
15:53:22.369 [reactor-http-nio-41] DEBUG reactor.netty.resources.PooledConnectionProvider - [id: 0x03dc54cb, L:/127.0.0.1:51901 - R:localhost/127.0.0.1:8083] onStateChange(GET{uri=/attractions, connection=PooledConnection{channel=[id: 0x03dc54cb, L:/127.0.0.1:51901 - R:localhost/127.0.0.1:8083]}}, [request_sent])
15:53:22.372 [reactor-http-nio-41] DEBUG reactor.netty.http.client.HttpClientOperations - [id: 0x0c95a1e6, L:/127.0.0.1:51725 - R:localhost/127.0.0.1:8083] Received last HTTP packet
15:53:22.372 [reactor-http-nio-41] DEBUG org.springframework.core.codec.StringDecoder - [60b14b19] Decoded "{"userId":"8cf4982d-dec4-4e6e-9bef-22c7215473d1","location":{"longitude":-101.154178,"latitude":74. (truncated)...
15:53:22.372 [reactor-http-nio-41] DEBUG reactor.netty.resources.PooledConnectionProvider - [id: 0x0c95a1e6, L:/127.0.0.1:51725 - R:localhost/127.0.0.1:8083] onStateChange(GET{uri=/userLocation?userId=8cf4982d-dec4-4e6e-9bef-22c7215473d1, connection=PooledConnection{channel=[id: 0x0c95a1e6, L:/127.0.0.1:51725 - R:localhost/127.0.0.1:8083]}}, [disconnecting])
15:53:22.372 [reactor-http-nio-41] DEBUG reactor.netty.resources.PooledConnectionProvider - [id: 0x0c95a1e6, L:/127.0.0.1:51725 - R:localhost/127.0.0.1:8083] Releasing channel
15:53:22.372 [reactor-http-nio-41] DEBUG reactor.netty.resources.PooledConnectionProvider - [id: 0x0c95a1e6, L:/127.0.0.1:51725 - R:localhost/127.0.0.1:8083] Channel cleaned, now 94 active connections and 207 inactive connections
15:53:22.372 [reactor-http-nio-41] DEBUG reactor.netty.resources.PooledConnectionProvider - [id: 0xfdd4189a, L:/127.0.0.1:51799 - R:localhost/127.0.0.1:8083] Channel acquired, now 95 active connections and 206 inactive connections
15:53:22.372 [reactor-http-nio-41] DEBUG reactor.netty.http.client.HttpClientConnect - [id: 0xfdd4189a, L:/127.0.0.1:51799 - R:localhost/127.0.0.1:8083] Handler is being applied: {uri=http://localhost:8083/attractions, method=GET}
15:53:22.373 [reactor-http-nio-46] DEBUG reactor.netty.http.client.HttpClientOperations - [id: 0x64dc3a35, L:/127.0.0.1:51768 - R:localhost/127.0.0.1:8083] Received response (auto-read:false) : [Content-Type=application/json, Transfer-Encoding=chunked, Date=Wed, 15 Jun 2022 14:53:21 GMT]
15:53:22.373 [reactor-http-nio-46] DEBUG reactor.netty.resources.PooledConnectionProvider - [id: 0x64dc3a35, L:/127.0.0.1:51768 - R:localhost/127.0.0.1:8083] onStateChange(GET{uri=/userLocation?userId=326894fd-fdfd-40f9-bb11-89e6df9c9aa1, connection=PooledConnection{channel=[id: 0x64dc3a35, L:/127.0.0.1:51768 - R:localhost/127.0.0.1:8083]}}, [response_received])
15:53:22.373 [reactor-http-nio-46] DEBUG org.springframework.web.reactive.function.client.ExchangeFunctions - [4ce848f3] Response 200 OK
15:53:22.373 [reactor-http-nio-46] DEBUG reactor.netty.channel.FluxReceive - [id: 0x64dc3a35, L:/127.0.0.1:51768 - R:localhost/127.0.0.1:8083] Subscribing inbound receiver [pending: 0, cancelled:false, inboundDone: false]
15:53:22.373 [reactor-http-nio-46] DEBUG reactor.netty.http.client.HttpClientOperations - [id: 0x64dc3a35, L:/127.0.0.1:51768 - R:localhost/127.0.0.1:8083] Received last HTTP packet
15:53:22.373 [reactor-http-nio-41] DEBUG reactor.netty.resources.PooledConnectionProvider - [id: 0xfdd4189a, L:/127.0.0.1:51799 - R:localhost/127.0.0.1:8083] onStateChange(GET{uri=/attractions, connection=PooledConnection{channel=[id: 0xfdd4189a, L:/127.0.0.1:51799 - R:localhost/127.0.0.1:8083]}}, [request_sent])
15:53:22.373 [reactor-http-nio-46] DEBUG org.springframework.core.codec.StringDecoder - [4ce848f3] Decoded "{"userId":"326894fd-fdfd-40f9-bb11-89e6df9c9aa1","location":{"longitude":130.40415,"latitude":-67.7 (truncated)...
15:53:22.373 [reactor-http-nio-46] DEBUG reactor.netty.resources.PooledConnectionProvider - [id: 0x64dc3a35, L:/127.0.0.1:51768 - R:localhost/127.0.0.1:8083] onStateChange(GET{uri=/userLocation?userId=326894fd-fdfd-40f9-bb11-89e6df9c9aa1, connection=PooledConnection{channel=[id: 0x64dc3a35, L:/127.0.0.1:51768 - R:localhost/127.0.0.1:8083]}}, [disconnecting])
15:53:22.373 [reactor-http-nio-46] DEBUG reactor.netty.resources.PooledConnectionProvider - [id: 0x64dc3a35, L:/127.0.0.1:51768 - R:localhost/127.0.0.1:8083] Releasing channel
15:53:22.373 [reactor-http-nio-46] DEBUG reactor.netty.resources.PooledConnectionProvider - [id: 0x64dc3a35, L:/127.0.0.1:51768 - R:localhost/127.0.0.1:8083] Channel cleaned, now 94 active connections and 207 inactive connections
15:53:22.373 [reactor-http-nio-41] DEBUG reactor.netty.http.client.HttpClientOperations - [id: 0x5524893e, L:/127.0.0.1:51743 - R:localhost/127.0.0.1:8083] Received response (auto-read:false) : [Content-Type=application/json, Transfer-Encoding=chunked, Date=Wed, 15 Jun 2022 14:53:21 GMT]
15:53:22.373 [reactor-http-nio-41] DEBUG reactor.netty.resources.PooledConnectionProvider - [id: 0x5524893e, L:/127.0.0.1:51743 - R:localhost/127.0.0.1:8083] onStateChange(GET{uri=/userLocation?userId=57f36a93-58a8-4996-99ad-59efe7cf5c0e, connection=PooledConnection{channel=[id: 0x5524893e, L:/127.0.0.1:51743 - R:localhost/127.0.0.1:8083]}}, [response_received])
15:53:22.373 [reactor-http-nio-41] DEBUG org.springframework.web.reactive.function.client.ExchangeFunctions - [7aff601f] Response 200 OK
15:53:22.374 [reactor-http-nio-41] DEBUG reactor.netty.channel.FluxReceive - [id: 0x5524893e, L:/127.0.0.1:51743 - R:localhost/127.0.0.1:8083] Subscribing inbound receiver [pending: 0, cancelled:false, inboundDone: false]
15:53:22.374 [pool-44-thread-83] INFO tourGuide.service.TourGuideService - visitedLocatio tourGuide.gpsUtil.VisitedLocation@6e76a97f
15:53:22.374 [pool-44-thread-83] DEBUG org.springframework.web.reactive.function.client.ExchangeFunctions - [6a492069] HTTP GET http://localhost:8083/attractions
15:53:22.375 [pool-44-thread-60] INFO tourGuide.service.TourGuideService - visitedLocatio tourGuide.gpsUtil.VisitedLocation@422faf1e
15:53:22.378 [reactor-http-nio-46] DEBUG reactor.netty.resources.PooledConnectionProvider - [id: 0x3ccb8a7e, L:/127.0.0.1:51774 - R:localhost/127.0.0.1:8083] Channel acquired, now 95 active connections and 206 inactive connections
15:53:22.378 [reactor-http-nio-46] DEBUG reactor.netty.http.client.HttpClientConnect - [id: 0x3ccb8a7e, L:/127.0.0.1:51774 - R:localhost/127.0.0.1:8083] Handler is being applied: {uri=http://localhost:8083/attractions, method=GET}
15:53:22.378 [reactor-http-nio-46] DEBUG reactor.netty.resources.PooledConnectionProvider - [id: 0x3ccb8a7e, L:/127.0.0.1:51774 - R:localhost/127.0.0.1:8083] onStateChange(GET{uri=/attractions, connection=PooledConnection{channel=[id: 0x3ccb8a7e, L:/127.0.0.1:51774 - R:localhost/127.0.0.1:8083]}}, [request_sent])
15:53:22.379 [pool-44-thread-60] DEBUG org.springframework.web.reactive.function.client.ExchangeFunctions - [46102383] HTTP GET http://localhost:8083/attractions
15:53:22.382 [reactor-http-nio-41] DEBUG reactor.netty.http.client.HttpClientOperations - [id: 0x5524893e, L:/127.0.0.1:51743 - R:localhost/127.0.0.1:8083] Received last HTTP packet
15:53:22.382 [reactor-http-nio-41] DEBUG org.springframework.core.codec.StringDecoder - [7aff601f] Decoded "{"userId":"57f36a93-58a8-4996-99ad-59efe7cf5c0e","location":{"longitude":-149.756608,"latitude":-49 (truncated)...
15:53:22.382 [reactor-http-nio-41] DEBUG reactor.netty.resources.PooledConnectionProvider - [id: 0x5524893e, L:/127.0.0.1:51743 - R:localhost/127.0.0.1:8083] onStateChange(GET{uri=/userLocation?userId=57f36a93-58a8-4996-99ad-59efe7cf5c0e, connection=PooledConnection{channel=[id: 0x5524893e, L:/127.0.0.1:51743 - R:localhost/127.0.0.1:8083]}}, [disconnecting])
15:53:22.382 [reactor-http-nio-41] DEBUG reactor.netty.resources.PooledConnectionProvider - [id: 0x5524893e, L:/127.0.0.1:51743 - R:localhost/127.0.0.1:8083] Releasing channel
15:53:22.382 [reactor-http-nio-41] DEBUG reactor.netty.resources.PooledConnectionProvider - [id: 0x5524893e, L:/127.0.0.1:51743 - R:localhost/127.0.0.1:8083] Channel cleaned, now 94 active connections and 207 inactive connections
15:53:22.383 [reactor-http-nio-46] DEBUG reactor.netty.resources.PooledConnectionProvider - [id: 0x4be48215, L:/127.0.0.1:51749 - R:localhost/127.0.0.1:8083] Channel acquired, now 95 active connections and 206 inactive connections
15:53:22.383 [reactor-http-nio-46] DEBUG reactor.netty.http.client.HttpClientConnect - [id: 0x4be48215, L:/127.0.0.1:51749 - R:localhost/127.0.0.1:8083] Handler is being applied: {uri=http://localhost:8083/attractions, method=GET}
15:53:22.383 [pool-44-thread-57] INFO tourGuide.service.TourGuideService - visitedLocatio tourGuide.gpsUtil.VisitedLocation@74388130
15:53:22.383 [reactor-http-nio-46] DEBUG reactor.netty.resources.PooledConnectionProvider - [id: 0x4be48215, L:/127.0.0.1:51749 - R:localhost/127.0.0.1:8083] onStateChange(GET{uri=/attractions, connection=PooledConnection{channel=[id: 0x4be48215, L:/127.0.0.1:51749 - R:localhost/127.0.0.1:8083]}}, [request_sent])
15:53:22.383 [pool-44-thread-57] DEBUG org.springframework.web.reactive.function.client.ExchangeFunctions - [70070b6f] HTTP GET http://localhost:8083/attractions
15:53:22.385 [reactor-http-nio-41] DEBUG reactor.netty.resources.PooledConnectionProvider - [id: 0xe848c2c1, L:/127.0.0.1:51736 - R:localhost/127.0.0.1:8083] Channel acquired, now 96 active connections and 205 inactive connections
15:53:22.385 [reactor-http-nio-41] DEBUG reactor.netty.http.client.HttpClientConnect - [id: 0xe848c2c1, L:/127.0.0.1:51736 - R:localhost/127.0.0.1:8083] Handler is being applied: {uri=http://localhost:8083/attractions, method=GET}
15:53:22.385 [reactor-http-nio-41] DEBUG reactor.netty.resources.PooledConnectionProvider - [id: 0xe848c2c1, L:/127.0.0.1:51736 - R:localhost/127.0.0.1:8083] onStateChange(GET{uri=/attractions, connection=PooledConnection{channel=[id: 0xe848c2c1, L:/127.0.0.1:51736 - R:localhost/127.0.0.1:8083]}}, [request_sent])
15:53:22.403 [reactor-http-nio-48] DEBUG reactor.netty.http.client.HttpClientOperations - [id: 0x6a55ffeb, L:/127.0.0.1:51975 - R:localhost/127.0.0.1:8083] Received response (auto-read:false) : [Content-Type=application/json, Transfer-Encoding=chunked, Date=Wed, 15 Jun 2022 14:53:21 GMT]
15:53:22.403 [reactor-http-nio-48] DEBUG reactor.netty.resources.PooledConnectionProvider - [id: 0x6a55ffeb, L:/127.0.0.1:51975 - R:localhost/127.0.0.1:8083] onStateChange(GET{uri=/attractions, connection=PooledConnection{channel=[id: 0x6a55ffeb, L:/127.0.0.1:51975 - R:localhost/127.0.0.1:8083]}}, [response_received])
15:53:22.403 [reactor-http-nio-48] DEBUG org.springframework.web.reactive.function.client.ExchangeFunctions - [7577ef5a] Response 200 OK
15:53:22.403 [reactor-http-nio-48] DEBUG reactor.netty.channel.FluxReceive - [id: 0x6a55ffeb, L:/127.0.0.1:51975 - R:localhost/127.0.0.1:8083] Subscribing inbound receiver [pending: 0, cancelled:false, inboundDone: false]
15:53:22.403 [reactor-http-nio-48] DEBUG reactor.netty.http.client.HttpClientOperations - [id: 0x6a55ffeb, L:/127.0.0.1:51975 - R:localhost/127.0.0.1:8083] Received last HTTP packet
15:53:22.403 [reactor-http-nio-48] DEBUG org.springframework.core.codec.StringDecoder - [7577ef5a] Decoded "[{"longitude":-117.922008,"latitude":33.817595,"attractionName":"Disneyland","city":"Anaheim","stat (truncated)...
15:53:22.403 [reactor-http-nio-48] DEBUG reactor.netty.resources.PooledConnectionProvider - [id: 0x6a55ffeb, L:/127.0.0.1:51975 - R:localhost/127.0.0.1:8083] onStateChange(GET{uri=/attractions, connection=PooledConnection{channel=[id: 0x6a55ffeb, L:/127.0.0.1:51975 - R:localhost/127.0.0.1:8083]}}, [disconnecting])
15:53:22.403 [reactor-http-nio-48] DEBUG reactor.netty.resources.PooledConnectionProvider - [id: 0x6a55ffeb, L:/127.0.0.1:51975 - R:localhost/127.0.0.1:8083] Releasing channel
15:53:22.403 [reactor-http-nio-48] DEBUG reactor.netty.resources.PooledConnectionProvider - [id: 0x6a55ffeb, L:/127.0.0.1:51975 - R:localhost/127.0.0.1:8083] Channel cleaned, now 95 active connections and 206 inactive connections
15:53:22.405 [reactor-http-nio-48] DEBUG reactor.netty.http.client.HttpClientOperations - [id: 0x19da195d, L:/127.0.0.1:51701 - R:localhost/127.0.0.1:8083] Received response (auto-read:false) : [Content-Type=application/json, Transfer-Encoding=chunked, Date=Wed, 15 Jun 2022 14:53:21 GMT]
15:53:22.406 [reactor-http-nio-41] DEBUG reactor.netty.http.client.HttpClientOperations - [id: 0x9badb85a, L:/127.0.0.1:51726 - R:localhost/127.0.0.1:8083] Received response (auto-read:false) : [Content-Type=application/json, Transfer-Encoding=chunked, Date=Wed, 15 Jun 2022 14:53:21 GMT]
15:53:22.406 [reactor-http-nio-41] DEBUG reactor.netty.resources.PooledConnectionProvider - [id: 0x9badb85a, L:/127.0.0.1:51726 - R:localhost/127.0.0.1:8083] onStateChange(GET{uri=/attractions, connection=PooledConnection{channel=[id: 0x9badb85a, L:/127.0.0.1:51726 - R:localhost/127.0.0.1:8083]}}, [response_received])
15:53:22.406 [reactor-http-nio-48] DEBUG reactor.netty.resources.PooledConnectionProvider - [id: 0x19da195d, L:/127.0.0.1:51701 - R:localhost/127.0.0.1:8083] onStateChange(GET{uri=/attractions, connection=PooledConnection{channel=[id: 0x19da195d, L:/127.0.0.1:51701 - R:localhost/127.0.0.1:8083]}}, [response_received])
15:53:22.406 [reactor-http-nio-41] DEBUG org.springframework.web.reactive.function.client.ExchangeFunctions - [37c28ad0] Response 200 OK
15:53:22.406 [reactor-http-nio-48] DEBUG org.springframework.web.reactive.function.client.ExchangeFunctions - [55c0a28f] Response 200 OK
15:53:22.406 [reactor-http-nio-41] DEBUG reactor.netty.channel.FluxReceive - [id: 0x9badb85a, L:/127.0.0.1:51726 - R:localhost/127.0.0.1:8083] Subscribing inbound receiver [pending: 0, cancelled:false, inboundDone: false]
15:53:22.406 [reactor-http-nio-48] DEBUG reactor.netty.channel.FluxReceive - [id: 0x19da195d, L:/127.0.0.1:51701 - R:localhost/127.0.0.1:8083] Subscribing inbound receiver [pending: 0, cancelled:false, inboundDone: false]
15:53:22.406 [reactor-http-nio-41] DEBUG reactor.netty.http.client.HttpClientOperations - [id: 0x9badb85a, L:/127.0.0.1:51726 - R:localhost/127.0.0.1:8083] Received last HTTP packet
15:53:22.406 [reactor-http-nio-48] DEBUG reactor.netty.http.client.HttpClientOperations - [id: 0x19da195d, L:/127.0.0.1:51701 - R:localhost/127.0.0.1:8083] Received last HTTP packet
15:53:22.406 [reactor-http-nio-41] DEBUG org.springframework.core.codec.StringDecoder - [37c28ad0] Decoded "[{"longitude":-117.922008,"latitude":33.817595,"attractionName":"Disneyland","city":"Anaheim","stat (truncated)...
15:53:22.406 [reactor-http-nio-48] DEBUG org.springframework.core.codec.StringDecoder - [55c0a28f] Decoded "[{"longitude":-117.922008,"latitude":33.817595,"attractionName":"Disneyland","city":"Anaheim","stat (truncated)...
15:53:22.406 [reactor-http-nio-41] DEBUG reactor.netty.resources.PooledConnectionProvider - [id: 0x9badb85a, L:/127.0.0.1:51726 - R:localhost/127.0.0.1:8083] onStateChange(GET{uri=/attractions, connection=PooledConnection{channel=[id: 0x9badb85a, L:/127.0.0.1:51726 - R:localhost/127.0.0.1:8083]}}, [disconnecting])
15:53:22.406 [reactor-http-nio-41] DEBUG reactor.netty.resources.PooledConnectionProvider - [id: 0x9badb85a, L:/127.0.0.1:51726 - R:localhost/127.0.0.1:8083] Releasing channel
15:53:22.406 [reactor-http-nio-41] DEBUG reactor.netty.resources.PooledConnectionProvider - [id: 0x9badb85a, L:/127.0.0.1:51726 - R:localhost/127.0.0.1:8083] Channel cleaned, now 94 active connections and 207 inactive connections
15:53:22.406 [reactor-http-nio-48] DEBUG reactor.netty.resources.PooledConnectionProvider - [id: 0x19da195d, L:/127.0.0.1:51701 - R:localhost/127.0.0.1:8083] onStateChange(GET{uri=/attractions, connection=PooledConnection{channel=[id: 0x19da195d, L:/127.0.0.1:51701 - R:localhost/127.0.0.1:8083]}}, [disconnecting])
15:53:22.406 [reactor-http-nio-48] DEBUG reactor.netty.resources.PooledConnectionProvider - [id: 0x19da195d, L:/127.0.0.1:51701 - R:localhost/127.0.0.1:8083] Releasing channel
15:53:22.406 [reactor-http-nio-48] DEBUG reactor.netty.resources.PooledConnectionProvider - [id: 0x19da195d, L:/127.0.0.1:51701 - R:localhost/127.0.0.1:8083] Channel cleaned, now 93 active connections and 208 inactive connections
15:53:22.412 [reactor-http-nio-41] DEBUG reactor.netty.http.client.HttpClientOperations - [id: 0x003d9ecc, L:/127.0.0.1:51923 - R:localhost/127.0.0.1:8083] Received response (auto-read:false) : [Content-Type=application/json, Transfer-Encoding=chunked, Date=Wed, 15 Jun 2022 14:53:21 GMT]
15:53:22.412 [reactor-http-nio-41] DEBUG reactor.netty.resources.PooledConnectionProvider - [id: 0x003d9ecc, L:/127.0.0.1:51923 - R:localhost/127.0.0.1:8083] onStateChange(GET{uri=/attractions, connection=PooledConnection{channel=[id: 0x003d9ecc, L:/127.0.0.1:51923 - R:localhost/127.0.0.1:8083]}}, [response_received])
15:53:22.412 [reactor-http-nio-41] DEBUG org.springframework.web.reactive.function.client.ExchangeFunctions - [33720475] Response 200 OK
15:53:22.412 [reactor-http-nio-47] DEBUG reactor.netty.http.client.HttpClientOperations - [id: 0x31e144f5, L:/127.0.0.1:51849 - R:localhost/127.0.0.1:8083] Received response (auto-read:false) : [Content-Type=application/json, Transfer-Encoding=chunked, Date=Wed, 15 Jun 2022 14:53:21 GMT]
15:53:22.412 [reactor-http-nio-41] DEBUG reactor.netty.channel.FluxReceive - [id: 0x003d9ecc, L:/127.0.0.1:51923 - R:localhost/127.0.0.1:8083] Subscribing inbound receiver [pending: 0, cancelled:false, inboundDone: false]
15:53:22.412 [reactor-http-nio-46] DEBUG reactor.netty.http.client.HttpClientOperations - [id: 0x814e535a, L:/127.0.0.1:51791 - R:localhost/127.0.0.1:8083] Received response (auto-read:false) : [Content-Type=application/json, Transfer-Encoding=chunked, Date=Wed, 15 Jun 2022 14:53:21 GMT]
15:53:22.413 [reactor-http-nio-46] DEBUG reactor.netty.resources.PooledConnectionProvider - [id: 0x814e535a, L:/127.0.0.1:51791 - R:localhost/127.0.0.1:8083] onStateChange(GET{uri=/attractions, connection=PooledConnection{channel=[id: 0x814e535a, L:/127.0.0.1:51791 - R:localhost/127.0.0.1:8083]}}, [response_received])
15:53:22.413 [reactor-http-nio-41] DEBUG reactor.netty.http.client.HttpClientOperations - [id: 0x003d9ecc, L:/127.0.0.1:51923 - R:localhost/127.0.0.1:8083] Received last HTTP packet
15:53:22.412 [reactor-http-nio-47] DEBUG reactor.netty.resources.PooledConnectionProvider - [id: 0x31e144f5, L:/127.0.0.1:51849 - R:localhost/127.0.0.1:8083] onStateChange(GET{uri=/attractions, connection=PooledConnection{channel=[id: 0x31e144f5, L:/127.0.0.1:51849 - R:localhost/127.0.0.1:8083]}}, [response_received])
15:53:22.413 [reactor-http-nio-47] DEBUG org.springframework.web.reactive.function.client.ExchangeFunctions - [30f49136] Response 200 OK
15:53:22.413 [reactor-http-nio-46] DEBUG org.springframework.web.reactive.function.client.ExchangeFunctions - [121a7e8] Response 200 OK
15:53:22.413 [reactor-http-nio-41] DEBUG org.springframework.core.codec.StringDecoder - [33720475] Decoded "[{"longitude":-117.922008,"latitude":33.817595,"attractionName":"Disneyland","city":"Anaheim","stat (truncated)...
15:53:22.413 [reactor-http-nio-41] DEBUG reactor.netty.resources.PooledConnectionProvider - [id: 0x003d9ecc, L:/127.0.0.1:51923 - R:localhost/127.0.0.1:8083] onStateChange(GET{uri=/attractions, connection=PooledConnection{channel=[id: 0x003d9ecc, L:/127.0.0.1:51923 - R:localhost/127.0.0.1:8083]}}, [disconnecting])
15:53:22.413 [reactor-http-nio-47] DEBUG reactor.netty.channel.FluxReceive - [id: 0x31e144f5, L:/127.0.0.1:51849 - R:localhost/127.0.0.1:8083] Subscribing inbound receiver [pending: 0, cancelled:false, inboundDone: false]
15:53:22.413 [reactor-http-nio-46] DEBUG reactor.netty.channel.FluxReceive - [id: 0x814e535a, L:/127.0.0.1:51791 - R:localhost/127.0.0.1:8083] Subscribing inbound receiver [pending: 0, cancelled:false, inboundDone: false]
15:53:22.413 [reactor-http-nio-47] DEBUG reactor.netty.http.client.HttpClientOperations - [id: 0x31e144f5, L:/127.0.0.1:51849 - R:localhost/127.0.0.1:8083] Received last HTTP packet
15:53:22.413 [reactor-http-nio-47] DEBUG org.springframework.core.codec.StringDecoder - [30f49136] Decoded "[{"longitude":-117.922008,"latitude":33.817595,"attractionName":"Disneyland","city":"Anaheim","stat (truncated)...
15:53:22.413 [reactor-http-nio-41] DEBUG reactor.netty.resources.PooledConnectionProvider - [id: 0x003d9ecc, L:/127.0.0.1:51923 - R:localhost/127.0.0.1:8083] Releasing channel
15:53:22.413 [reactor-http-nio-46] DEBUG reactor.netty.http.client.HttpClientOperations - [id: 0x814e535a, L:/127.0.0.1:51791 - R:localhost/127.0.0.1:8083] Received last HTTP packet
15:53:22.413 [reactor-http-nio-41] DEBUG reactor.netty.resources.PooledConnectionProvider - [id: 0x003d9ecc, L:/127.0.0.1:51923 - R:localhost/127.0.0.1:8083] Channel cleaned, now 92 active connections and 209 inactive connections
15:53:22.413 [reactor-http-nio-47] DEBUG reactor.netty.resources.PooledConnectionProvider - [id: 0x31e144f5, L:/127.0.0.1:51849 - R:localhost/127.0.0.1:8083] onStateChange(GET{uri=/attractions, connection=PooledConnection{channel=[id: 0x31e144f5, L:/127.0.0.1:51849 - R:localhost/127.0.0.1:8083]}}, [disconnecting])
15:53:22.413 [reactor-http-nio-47] DEBUG reactor.netty.resources.PooledConnectionProvider - [id: 0x31e144f5, L:/127.0.0.1:51849 - R:localhost/127.0.0.1:8083] Releasing channel
15:53:22.413 [reactor-http-nio-46] DEBUG org.springframework.core.codec.StringDecoder - [121a7e8] Decoded "[{"longitude":-117.922008,"latitude":33.817595,"attractionName":"Disneyland","city":"Anaheim","stat (truncated)...
15:53:22.413 [reactor-http-nio-47] DEBUG reactor.netty.resources.PooledConnectionProvider - [id: 0x31e144f5, L:/127.0.0.1:51849 - R:localhost/127.0.0.1:8083] Channel cleaned, now 91 active connections and 210 inactive connections
15:53:22.413 [reactor-http-nio-46] DEBUG reactor.netty.resources.PooledConnectionProvider - [id: 0x814e535a, L:/127.0.0.1:51791 - R:localhost/127.0.0.1:8083] onStateChange(GET{uri=/attractions, connection=PooledConnection{channel=[id: 0x814e535a, L:/127.0.0.1:51791 - R:localhost/127.0.0.1:8083]}}, [disconnecting])
15:53:22.413 [reactor-http-nio-46] DEBUG reactor.netty.resources.PooledConnectionProvider - [id: 0x814e535a, L:/127.0.0.1:51791 - R:localhost/127.0.0.1:8083] Releasing channel
15:53:22.413 [reactor-http-nio-46] DEBUG reactor.netty.resources.PooledConnectionProvider - [id: 0x814e535a, L:/127.0.0.1:51791 - R:localhost/127.0.0.1:8083] Channel cleaned, now 90 active connections and 211 inactive connections
15:53:22.413 [reactor-http-nio-47] DEBUG reactor.netty.http.client.HttpClientOperations - [id: 0x6bded64c, L:/127.0.0.1:51850 - R:localhost/127.0.0.1:8083] Received response (auto-read:false) : [Content-Type=application/json, Transfer-Encoding=chunked, Date=Wed, 15 Jun 2022 14:53:21 GMT]
15:53:22.413 [reactor-http-nio-47] DEBUG reactor.netty.resources.PooledConnectionProvider - [id: 0x6bded64c, L:/127.0.0.1:51850 - R:localhost/127.0.0.1:8083] onStateChange(GET{uri=/attractions, connection=PooledConnection{channel=[id: 0x6bded64c, L:/127.0.0.1:51850 - R:localhost/127.0.0.1:8083]}}, [response_received])
15:53:22.413 [reactor-http-nio-47] DEBUG org.springframework.web.reactive.function.client.ExchangeFunctions - [49ee00de] Response 200 OK
15:53:22.414 [reactor-http-nio-47] DEBUG reactor.netty.channel.FluxReceive - [id: 0x6bded64c, L:/127.0.0.1:51850 - R:localhost/127.0.0.1:8083] Subscribing inbound receiver [pending: 0, cancelled:false, inboundDone: false]
15:53:22.414 [reactor-http-nio-47] DEBUG reactor.netty.http.client.HttpClientOperations - [id: 0xac6adea9, L:/127.0.0.1:51867 - R:localhost/127.0.0.1:8083] Received response (auto-read:false) : [Content-Type=application/json, Transfer-Encoding=chunked, Date=Wed, 15 Jun 2022 14:53:21 GMT]
15:53:22.414 [reactor-http-nio-47] DEBUG reactor.netty.resources.PooledConnectionProvider - [id: 0xac6adea9, L:/127.0.0.1:51867 - R:localhost/127.0.0.1:8083] onStateChange(GET{uri=/attractions, connection=PooledConnection{channel=[id: 0xac6adea9, L:/127.0.0.1:51867 - R:localhost/127.0.0.1:8083]}}, [response_received])
15:53:22.414 [reactor-http-nio-47] DEBUG org.springframework.web.reactive.function.client.ExchangeFunctions - [38e4ca8f] Response 200 OK
15:53:22.414 [reactor-http-nio-47] DEBUG reactor.netty.channel.FluxReceive - [id: 0xac6adea9, L:/127.0.0.1:51867 - R:localhost/127.0.0.1:8083] Subscribing inbound receiver [pending: 0, cancelled:false, inboundDone: false]
15:53:22.414 [reactor-http-nio-47] DEBUG reactor.netty.http.client.HttpClientOperations - [id: 0xac6adea9, L:/127.0.0.1:51867 - R:localhost/127.0.0.1:8083] Received last HTTP packet
15:53:22.414 [reactor-http-nio-47] DEBUG org.springframework.core.codec.StringDecoder - [38e4ca8f] Decoded "[{"longitude":-117.922008,"latitude":33.817595,"attractionName":"Disneyland","city":"Anaheim","stat (truncated)...
15:53:22.414 [reactor-http-nio-47] DEBUG reactor.netty.resources.PooledConnectionProvider - [id: 0xac6adea9, L:/127.0.0.1:51867 - R:localhost/127.0.0.1:8083] onStateChange(GET{uri=/attractions, connection=PooledConnection{channel=[id: 0xac6adea9, L:/127.0.0.1:51867 - R:localhost/127.0.0.1:8083]}}, [disconnecting])
15:53:22.414 [reactor-http-nio-47] DEBUG reactor.netty.resources.PooledConnectionProvider - [id: 0xac6adea9, L:/127.0.0.1:51867 - R:localhost/127.0.0.1:8083] Releasing channel
15:53:22.414 [reactor-http-nio-47] DEBUG reactor.netty.resources.PooledConnectionProvider - [id: 0xac6adea9, L:/127.0.0.1:51867 - R:localhost/127.0.0.1:8083] Channel cleaned, now 89 active connections and 212 inactive connections
15:53:22.414 [reactor-http-nio-47] DEBUG reactor.netty.http.client.HttpClientOperations - [id: 0xfab28477, L:/127.0.0.1:51891 - R:localhost/127.0.0.1:8083] Received response (auto-read:false) : [Content-Type=application/json, Transfer-Encoding=chunked, Date=Wed, 15 Jun 2022 14:53:21 GMT]
15:53:22.414 [reactor-http-nio-47] DEBUG reactor.netty.resources.PooledConnectionProvider - [id: 0xfab28477, L:/127.0.0.1:51891 - R:localhost/127.0.0.1:8083] onStateChange(GET{uri=/attractions, connection=PooledConnection{channel=[id: 0xfab28477, L:/127.0.0.1:51891 - R:localhost/127.0.0.1:8083]}}, [response_received])
15:53:22.414 [reactor-http-nio-47] DEBUG org.springframework.web.reactive.function.client.ExchangeFunctions - [37442984] Response 200 OK
15:53:22.415 [reactor-http-nio-47] DEBUG reactor.netty.channel.FluxReceive - [id: 0xfab28477, L:/127.0.0.1:51891 - R:localhost/127.0.0.1:8083] Subscribing inbound receiver [pending: 0, cancelled:false, inboundDone: false]
15:53:22.415 [reactor-http-nio-47] DEBUG reactor.netty.http.client.HttpClientOperations - [id: 0xfab28477, L:/127.0.0.1:51891 - R:localhost/127.0.0.1:8083] Received last HTTP packet
15:53:22.416 [reactor-http-nio-47] DEBUG org.springframework.core.codec.StringDecoder - [37442984] Decoded "[{"longitude":-117.922008,"latitude":33.817595,"attractionName":"Disneyland","city":"Anaheim","stat (truncated)...
15:53:22.416 [reactor-http-nio-47] DEBUG reactor.netty.resources.PooledConnectionProvider - [id: 0xfab28477, L:/127.0.0.1:51891 - R:localhost/127.0.0.1:8083] onStateChange(GET{uri=/attractions, connection=PooledConnection{channel=[id: 0xfab28477, L:/127.0.0.1:51891 - R:localhost/127.0.0.1:8083]}}, [disconnecting])
15:53:22.416 [reactor-http-nio-47] DEBUG reactor.netty.resources.PooledConnectionProvider - [id: 0xfab28477, L:/127.0.0.1:51891 - R:localhost/127.0.0.1:8083] Releasing channel
15:53:22.416 [reactor-http-nio-47] DEBUG reactor.netty.resources.PooledConnectionProvider - [id: 0xfab28477, L:/127.0.0.1:51891 - R:localhost/127.0.0.1:8083] Channel cleaned, now 88 active connections and 213 inactive connections
15:53:22.422 [reactor-http-nio-48] DEBUG reactor.netty.http.client.HttpClientOperations - [id: 0x19945800, L:/127.0.0.1:51703 - R:localhost/127.0.0.1:8083] Received response (auto-read:false) : [Content-Type=application/json, Transfer-Encoding=chunked, Date=Wed, 15 Jun 2022 14:53:21 GMT]
15:53:22.422 [reactor-http-nio-48] DEBUG reactor.netty.resources.PooledConnectionProvider - [id: 0x19945800, L:/127.0.0.1:51703 - R:localhost/127.0.0.1:8083] onStateChange(GET{uri=/attractions, connection=PooledConnection{channel=[id: 0x19945800, L:/127.0.0.1:51703 - R:localhost/127.0.0.1:8083]}}, [response_received])
15:53:22.422 [reactor-http-nio-48] DEBUG org.springframework.web.reactive.function.client.ExchangeFunctions - [74b2750c] Response 200 OK
15:53:22.422 [reactor-http-nio-48] DEBUG reactor.netty.channel.FluxReceive - [id: 0x19945800, L:/127.0.0.1:51703 - R:localhost/127.0.0.1:8083] Subscribing inbound receiver [pending: 0, cancelled:false, inboundDone: false]
15:53:22.422 [reactor-http-nio-41] DEBUG reactor.netty.http.client.HttpClientOperations - [id: 0x1133f190, L:/127.0.0.1:51897 - R:localhost/127.0.0.1:8083] Received response (auto-read:false) : [Content-Type=application/json, Transfer-Encoding=chunked, Date=Wed, 15 Jun 2022 14:53:21 GMT]
15:53:22.422 [reactor-http-nio-47] DEBUG reactor.netty.http.client.HttpClientOperations - [id: 0x98ecb58e, L:/127.0.0.1:51684 - R:localhost/127.0.0.1:8083] Received response (auto-read:false) : [Content-Type=application/json, Transfer-Encoding=chunked, Date=Wed, 15 Jun 2022 14:53:21 GMT]
15:53:22.422 [reactor-http-nio-41] DEBUG reactor.netty.resources.PooledConnectionProvider - [id: 0x1133f190, L:/127.0.0.1:51897 - R:localhost/127.0.0.1:8083] onStateChange(GET{uri=/attractions, connection=PooledConnection{channel=[id: 0x1133f190, L:/127.0.0.1:51897 - R:localhost/127.0.0.1:8083]}}, [response_received])
15:53:22.422 [reactor-http-nio-47] DEBUG reactor.netty.resources.PooledConnectionProvider - [id: 0x98ecb58e, L:/127.0.0.1:51684 - R:localhost/127.0.0.1:8083] onStateChange(GET{uri=/attractions, connection=PooledConnection{channel=[id: 0x98ecb58e, L:/127.0.0.1:51684 - R:localhost/127.0.0.1:8083]}}, [response_received])
15:53:22.422 [reactor-http-nio-47] DEBUG org.springframework.web.reactive.function.client.ExchangeFunctions - [5607928d] Response 200 OK
15:53:22.422 [reactor-http-nio-41] DEBUG org.springframework.web.reactive.function.client.ExchangeFunctions - [7163962d] Response 200 OK
15:53:22.422 [reactor-http-nio-41] DEBUG reactor.netty.channel.FluxReceive - [id: 0x1133f190, L:/127.0.0.1:51897 - R:localhost/127.0.0.1:8083] Subscribing inbound receiver [pending: 0, cancelled:false, inboundDone: false]
15:53:22.422 [reactor-http-nio-47] DEBUG reactor.netty.channel.FluxReceive - [id: 0x98ecb58e, L:/127.0.0.1:51684 - R:localhost/127.0.0.1:8083] Subscribing inbound receiver [pending: 0, cancelled:false, inboundDone: false]
15:53:22.422 [reactor-http-nio-41] DEBUG reactor.netty.http.client.HttpClientOperations - [id: 0x1133f190, L:/127.0.0.1:51897 - R:localhost/127.0.0.1:8083] Received last HTTP packet
15:53:22.422 [reactor-http-nio-41] DEBUG org.springframework.core.codec.StringDecoder - [7163962d] Decoded "[{"longitude":-117.922008,"latitude":33.817595,"attractionName":"Disneyland","city":"Anaheim","stat (truncated)...
15:53:22.422 [reactor-http-nio-41] DEBUG reactor.netty.resources.PooledConnectionProvider - [id: 0x1133f190, L:/127.0.0.1:51897 - R:localhost/127.0.0.1:8083] onStateChange(GET{uri=/attractions, connection=PooledConnection{channel=[id: 0x1133f190, L:/127.0.0.1:51897 - R:localhost/127.0.0.1:8083]}}, [disconnecting])
15:53:22.422 [reactor-http-nio-41] DEBUG reactor.netty.resources.PooledConnectionProvider - [id: 0x1133f190, L:/127.0.0.1:51897 - R:localhost/127.0.0.1:8083] Releasing channel
15:53:22.422 [reactor-http-nio-41] DEBUG reactor.netty.resources.PooledConnectionProvider - [id: 0x1133f190, L:/127.0.0.1:51897 - R:localhost/127.0.0.1:8083] Channel cleaned, now 87 active connections and 214 inactive connections
15:53:22.422 [reactor-http-nio-46] DEBUG reactor.netty.http.client.HttpClientOperations - [id: 0x7fca3ae3, L:/127.0.0.1:51782 - R:localhost/127.0.0.1:8083] Received response (auto-read:false) : [Content-Type=application/json, Transfer-Encoding=chunked, Date=Wed, 15 Jun 2022 14:53:21 GMT]
15:53:22.422 [reactor-http-nio-47] DEBUG reactor.netty.http.client.HttpClientOperations - [id: 0x99bba80d, L:/127.0.0.1:51693 - R:localhost/127.0.0.1:8083] Received response (auto-read:false) : [Content-Type=application/json, Transfer-Encoding=chunked, Date=Wed, 15 Jun 2022 14:53:21 GMT]
15:53:22.423 [reactor-http-nio-46] DEBUG reactor.netty.resources.PooledConnectionProvider - [id: 0x7fca3ae3, L:/127.0.0.1:51782 - R:localhost/127.0.0.1:8083] onStateChange(GET{uri=/attractions, connection=PooledConnection{channel=[id: 0x7fca3ae3, L:/127.0.0.1:51782 - R:localhost/127.0.0.1:8083]}}, [response_received])
15:53:22.423 [reactor-http-nio-47] DEBUG reactor.netty.resources.PooledConnectionProvider - [id: 0x99bba80d, L:/127.0.0.1:51693 - R:localhost/127.0.0.1:8083] onStateChange(GET{uri=/attractions, connection=PooledConnection{channel=[id: 0x99bba80d, L:/127.0.0.1:51693 - R:localhost/127.0.0.1:8083]}}, [response_received])
15:53:22.423 [reactor-http-nio-46] DEBUG org.springframework.web.reactive.function.client.ExchangeFunctions - [7f1f4f1c] Response 200 OK
15:53:22.423 [reactor-http-nio-47] DEBUG org.springframework.web.reactive.function.client.ExchangeFunctions - [217fa6b5] Response 200 OK
15:53:22.423 [reactor-http-nio-47] DEBUG reactor.netty.channel.FluxReceive - [id: 0x99bba80d, L:/127.0.0.1:51693 - R:localhost/127.0.0.1:8083] Subscribing inbound receiver [pending: 0, cancelled:false, inboundDone: false]
15:53:22.423 [reactor-http-nio-46] DEBUG reactor.netty.channel.FluxReceive - [id: 0x7fca3ae3, L:/127.0.0.1:51782 - R:localhost/127.0.0.1:8083] Subscribing inbound receiver [pending: 0, cancelled:false, inboundDone: false]
15:53:22.423 [reactor-http-nio-47] DEBUG reactor.netty.http.client.HttpClientOperations - [id: 0x99bba80d, L:/127.0.0.1:51693 - R:localhost/127.0.0.1:8083] Received last HTTP packet
15:53:22.423 [reactor-http-nio-46] DEBUG reactor.netty.http.client.HttpClientOperations - [id: 0x7fca3ae3, L:/127.0.0.1:51782 - R:localhost/127.0.0.1:8083] Received last HTTP packet
15:53:22.423 [reactor-http-nio-47] DEBUG org.springframework.core.codec.StringDecoder - [217fa6b5] Decoded "[{"longitude":-117.922008,"latitude":33.817595,"attractionName":"Disneyland","city":"Anaheim","stat (truncated)...
15:53:22.423 [reactor-http-nio-46] DEBUG org.springframework.core.codec.StringDecoder - [7f1f4f1c] Decoded "[{"longitude":-117.922008,"latitude":33.817595,"attractionName":"Disneyland","city":"Anaheim","stat (truncated)...
15:53:22.423 [reactor-http-nio-47] DEBUG reactor.netty.resources.PooledConnectionProvider - [id: 0x99bba80d, L:/127.0.0.1:51693 - R:localhost/127.0.0.1:8083] onStateChange(GET{uri=/attractions, connection=PooledConnection{channel=[id: 0x99bba80d, L:/127.0.0.1:51693 - R:localhost/127.0.0.1:8083]}}, [disconnecting])
15:53:22.423 [reactor-http-nio-47] DEBUG reactor.netty.resources.PooledConnectionProvider - [id: 0x99bba80d, L:/127.0.0.1:51693 - R:localhost/127.0.0.1:8083] Releasing channel
15:53:22.423 [reactor-http-nio-47] DEBUG reactor.netty.resources.PooledConnectionProvider - [id: 0x99bba80d, L:/127.0.0.1:51693 - R:localhost/127.0.0.1:8083] Channel cleaned, now 86 active connections and 215 inactive connections
15:53:22.423 [reactor-http-nio-46] DEBUG reactor.netty.resources.PooledConnectionProvider - [id: 0x7fca3ae3, L:/127.0.0.1:51782 - R:localhost/127.0.0.1:8083] onStateChange(GET{uri=/attractions, connection=PooledConnection{channel=[id: 0x7fca3ae3, L:/127.0.0.1:51782 - R:localhost/127.0.0.1:8083]}}, [disconnecting])
15:53:22.423 [reactor-http-nio-46] DEBUG reactor.netty.resources.PooledConnectionProvider - [id: 0x7fca3ae3, L:/127.0.0.1:51782 - R:localhost/127.0.0.1:8083] Releasing channel
15:53:22.423 [reactor-http-nio-46] DEBUG reactor.netty.resources.PooledConnectionProvider - [id: 0x7fca3ae3, L:/127.0.0.1:51782 - R:localhost/127.0.0.1:8083] Channel cleaned, now 85 active connections and 216 inactive connections
15:53:22.423 [reactor-http-nio-47] DEBUG reactor.netty.http.client.HttpClientOperations - [id: 0xc1a60bcc, L:/127.0.0.1:51694 - R:localhost/127.0.0.1:8083] Received response (auto-read:false) : [Content-Type=application/json, Transfer-Encoding=chunked, Date=Wed, 15 Jun 2022 14:53:21 GMT]
15:53:22.423 [reactor-http-nio-47] DEBUG reactor.netty.resources.PooledConnectionProvider - [id: 0xc1a60bcc, L:/127.0.0.1:51694 - R:localhost/127.0.0.1:8083] onStateChange(GET{uri=/attractions, connection=PooledConnection{channel=[id: 0xc1a60bcc, L:/127.0.0.1:51694 - R:localhost/127.0.0.1:8083]}}, [response_received])
15:53:22.423 [reactor-http-nio-47] DEBUG org.springframework.web.reactive.function.client.ExchangeFunctions - [5bec8e60] Response 200 OK
15:53:22.423 [reactor-http-nio-47] DEBUG reactor.netty.channel.FluxReceive - [id: 0xc1a60bcc, L:/127.0.0.1:51694 - R:localhost/127.0.0.1:8083] Subscribing inbound receiver [pending: 0, cancelled:false, inboundDone: false]
15:53:22.423 [reactor-http-nio-47] DEBUG reactor.netty.http.client.HttpClientOperations - [id: 0xc1a60bcc, L:/127.0.0.1:51694 - R:localhost/127.0.0.1:8083] Received last HTTP packet
15:53:22.424 [reactor-http-nio-47] DEBUG org.springframework.core.codec.StringDecoder - [5bec8e60] Decoded "[{"longitude":-117.922008,"latitude":33.817595,"attractionName":"Disneyland","city":"Anaheim","stat (truncated)...
15:53:22.424 [reactor-http-nio-47] DEBUG reactor.netty.resources.PooledConnectionProvider - [id: 0xc1a60bcc, L:/127.0.0.1:51694 - R:localhost/127.0.0.1:8083] onStateChange(GET{uri=/attractions, connection=PooledConnection{channel=[id: 0xc1a60bcc, L:/127.0.0.1:51694 - R:localhost/127.0.0.1:8083]}}, [disconnecting])
15:53:22.424 [reactor-http-nio-47] DEBUG reactor.netty.resources.PooledConnectionProvider - [id: 0xc1a60bcc, L:/127.0.0.1:51694 - R:localhost/127.0.0.1:8083] Releasing channel
15:53:22.424 [reactor-http-nio-47] DEBUG reactor.netty.resources.PooledConnectionProvider - [id: 0xc1a60bcc, L:/127.0.0.1:51694 - R:localhost/127.0.0.1:8083] Channel cleaned, now 84 active connections and 217 inactive connections
15:53:22.424 [reactor-http-nio-48] DEBUG reactor.netty.http.client.HttpClientOperations - [id: 0x9d7faf15, L:/127.0.0.1:51948 - R:localhost/127.0.0.1:8083] Received response (auto-read:false) : [Content-Type=application/json, Transfer-Encoding=chunked, Date=Wed, 15 Jun 2022 14:53:21 GMT]
15:53:22.424 [reactor-http-nio-48] DEBUG reactor.netty.resources.PooledConnectionProvider - [id: 0x9d7faf15, L:/127.0.0.1:51948 - R:localhost/127.0.0.1:8083] onStateChange(GET{uri=/attractions, connection=PooledConnection{channel=[id: 0x9d7faf15, L:/127.0.0.1:51948 - R:localhost/127.0.0.1:8083]}}, [response_received])
15:53:22.425 [reactor-http-nio-48] DEBUG org.springframework.web.reactive.function.client.ExchangeFunctions - [36126adb] Response 200 OK
15:53:22.426 [reactor-http-nio-48] DEBUG reactor.netty.channel.FluxReceive - [id: 0x9d7faf15, L:/127.0.0.1:51948 - R:localhost/127.0.0.1:8083] Subscribing inbound receiver [pending: 0, cancelled:false, inboundDone: false]
15:53:22.426 [reactor-http-nio-48] DEBUG reactor.netty.http.client.HttpClientOperations - [id: 0x9d7faf15, L:/127.0.0.1:51948 - R:localhost/127.0.0.1:8083] Received last HTTP packet
15:53:22.426 [reactor-http-nio-41] DEBUG reactor.netty.http.client.HttpClientOperations - [id: 0xc5bdf2c5, L:/127.0.0.1:51719 - R:localhost/127.0.0.1:8083] Received response (auto-read:false) : [Content-Type=application/json, Transfer-Encoding=chunked, Date=Wed, 15 Jun 2022 14:53:21 GMT]
15:53:22.426 [reactor-http-nio-41] DEBUG reactor.netty.resources.PooledConnectionProvider - [id: 0xc5bdf2c5, L:/127.0.0.1:51719 - R:localhost/127.0.0.1:8083] onStateChange(GET{uri=/attractions, connection=PooledConnection{channel=[id: 0xc5bdf2c5, L:/127.0.0.1:51719 - R:localhost/127.0.0.1:8083]}}, [response_received])
15:53:22.426 [reactor-http-nio-41] DEBUG org.springframework.web.reactive.function.client.ExchangeFunctions - [53e4e298] Response 200 OK
15:53:22.426 [reactor-http-nio-48] DEBUG org.springframework.core.codec.StringDecoder - [36126adb] Decoded "[{"longitude":-117.922008,"latitude":33.817595,"attractionName":"Disneyland","city":"Anaheim","stat (truncated)...
15:53:22.426 [reactor-http-nio-48] DEBUG reactor.netty.resources.PooledConnectionProvider - [id: 0x9d7faf15, L:/127.0.0.1:51948 - R:localhost/127.0.0.1:8083] onStateChange(GET{uri=/attractions, connection=PooledConnection{channel=[id: 0x9d7faf15, L:/127.0.0.1:51948 - R:localhost/127.0.0.1:8083]}}, [disconnecting])
15:53:22.426 [reactor-http-nio-48] DEBUG reactor.netty.resources.PooledConnectionProvider - [id: 0x9d7faf15, L:/127.0.0.1:51948 - R:localhost/127.0.0.1:8083] Releasing channel
15:53:22.426 [reactor-http-nio-48] DEBUG reactor.netty.resources.PooledConnectionProvider - [id: 0x9d7faf15, L:/127.0.0.1:51948 - R:localhost/127.0.0.1:8083] Channel cleaned, now 83 active connections and 218 inactive connections
15:53:22.426 [reactor-http-nio-41] DEBUG reactor.netty.channel.FluxReceive - [id: 0xc5bdf2c5, L:/127.0.0.1:51719 - R:localhost/127.0.0.1:8083] Subscribing inbound receiver [pending: 0, cancelled:false, inboundDone: false]
15:53:22.426 [reactor-http-nio-41] DEBUG reactor.netty.http.client.HttpClientOperations - [id: 0xc5bdf2c5, L:/127.0.0.1:51719 - R:localhost/127.0.0.1:8083] Received last HTTP packet
15:53:22.426 [reactor-http-nio-47] DEBUG reactor.netty.http.client.HttpClientOperations - [id: 0x597600af, L:/127.0.0.1:51865 - R:localhost/127.0.0.1:8083] Received response (auto-read:false) : [Content-Type=application/json, Transfer-Encoding=chunked, Date=Wed, 15 Jun 2022 14:53:21 GMT]
15:53:22.426 [reactor-http-nio-47] DEBUG reactor.netty.resources.PooledConnectionProvider - [id: 0x597600af, L:/127.0.0.1:51865 - R:localhost/127.0.0.1:8083] onStateChange(GET{uri=/attractions, connection=PooledConnection{channel=[id: 0x597600af, L:/127.0.0.1:51865 - R:localhost/127.0.0.1:8083]}}, [response_received])
15:53:22.426 [reactor-http-nio-41] DEBUG org.springframework.core.codec.StringDecoder - [53e4e298] Decoded "[{"longitude":-117.922008,"latitude":33.817595,"attractionName":"Disneyland","city":"Anaheim","stat (truncated)...
15:53:22.426 [reactor-http-nio-48] DEBUG reactor.netty.http.client.HttpClientOperations - [id: 0xf56f4e45, L:/127.0.0.1:51950 - R:localhost/127.0.0.1:8083] Received response (auto-read:false) : [Content-Type=application/json, Transfer-Encoding=chunked, Date=Wed, 15 Jun 2022 14:53:21 GMT]
15:53:22.426 [reactor-http-nio-41] DEBUG reactor.netty.resources.PooledConnectionProvider - [id: 0xc5bdf2c5, L:/127.0.0.1:51719 - R:localhost/127.0.0.1:8083] onStateChange(GET{uri=/attractions, connection=PooledConnection{channel=[id: 0xc5bdf2c5, L:/127.0.0.1:51719 - R:localhost/127.0.0.1:8083]}}, [disconnecting])
15:53:22.426 [reactor-http-nio-41] DEBUG reactor.netty.resources.PooledConnectionProvider - [id: 0xc5bdf2c5, L:/127.0.0.1:51719 - R:localhost/127.0.0.1:8083] Releasing channel
15:53:22.426 [reactor-http-nio-41] DEBUG reactor.netty.resources.PooledConnectionProvider - [id: 0xc5bdf2c5, L:/127.0.0.1:51719 - R:localhost/127.0.0.1:8083] Channel cleaned, now 82 active connections and 219 inactive connections
15:53:22.426 [reactor-http-nio-47] DEBUG org.springframework.web.reactive.function.client.ExchangeFunctions - [6f1ac513] Response 200 OK
15:53:22.426 [reactor-http-nio-41] DEBUG reactor.netty.http.client.HttpClientOperations - [id: 0xd240e1c5, L:/127.0.0.1:51773 - R:localhost/127.0.0.1:8083] Received response (auto-read:false) : [Content-Type=application/json, Transfer-Encoding=chunked, Date=Wed, 15 Jun 2022 14:53:21 GMT]
15:53:22.426 [reactor-http-nio-41] DEBUG reactor.netty.resources.PooledConnectionProvider - [id: 0xd240e1c5, L:/127.0.0.1:51773 - R:localhost/127.0.0.1:8083] onStateChange(GET{uri=/attractions, connection=PooledConnection{channel=[id: 0xd240e1c5, L:/127.0.0.1:51773 - R:localhost/127.0.0.1:8083]}}, [response_received])
15:53:22.426 [reactor-http-nio-41] DEBUG org.springframework.web.reactive.function.client.ExchangeFunctions - [13c44902] Response 200 OK
15:53:22.426 [reactor-http-nio-47] DEBUG reactor.netty.channel.FluxReceive - [id: 0x597600af, L:/127.0.0.1:51865 - R:localhost/127.0.0.1:8083] Subscribing inbound receiver [pending: 0, cancelled:false, inboundDone: false]
15:53:22.426 [reactor-http-nio-41] DEBUG reactor.netty.channel.FluxReceive - [id: 0xd240e1c5, L:/127.0.0.1:51773 - R:localhost/127.0.0.1:8083] Subscribing inbound receiver [pending: 0, cancelled:false, inboundDone: false]
15:53:22.426 [reactor-http-nio-48] DEBUG reactor.netty.resources.PooledConnectionProvider - [id: 0xf56f4e45, L:/127.0.0.1:51950 - R:localhost/127.0.0.1:8083] onStateChange(GET{uri=/attractions, connection=PooledConnection{channel=[id: 0xf56f4e45, L:/127.0.0.1:51950 - R:localhost/127.0.0.1:8083]}}, [response_received])
15:53:22.426 [reactor-http-nio-48] DEBUG org.springframework.web.reactive.function.client.ExchangeFunctions - [326d07d2] Response 200 OK
15:53:22.426 [reactor-http-nio-48] DEBUG reactor.netty.channel.FluxReceive - [id: 0xf56f4e45, L:/127.0.0.1:51950 - R:localhost/127.0.0.1:8083] Subscribing inbound receiver [pending: 0, cancelled:false, inboundDone: false]
15:53:22.428 [reactor-http-nio-48] DEBUG reactor.netty.http.client.HttpClientOperations - [id: 0xfb8f1562, L:/127.0.0.1:51968 - R:localhost/127.0.0.1:8083] Received response (auto-read:false) : [Content-Type=application/json, Transfer-Encoding=chunked, Date=Wed, 15 Jun 2022 14:53:21 GMT]
15:53:22.428 [reactor-http-nio-48] DEBUG reactor.netty.resources.PooledConnectionProvider - [id: 0xfb8f1562, L:/127.0.0.1:51968 - R:localhost/127.0.0.1:8083] onStateChange(GET{uri=/attractions, connection=PooledConnection{channel=[id: 0xfb8f1562, L:/127.0.0.1:51968 - R:localhost/127.0.0.1:8083]}}, [response_received])
15:53:22.428 [reactor-http-nio-48] DEBUG org.springframework.web.reactive.function.client.ExchangeFunctions - [46bd88a9] Response 200 OK
15:53:22.428 [reactor-http-nio-46] DEBUG reactor.netty.http.client.HttpClientOperations - [id: 0xd99a3f51, L:/127.0.0.1:51806 - R:localhost/127.0.0.1:8083] Received response (auto-read:false) : [Content-Type=application/json, Transfer-Encoding=chunked, Date=Wed, 15 Jun 2022 14:53:21 GMT]
15:53:22.428 [reactor-http-nio-46] DEBUG reactor.netty.resources.PooledConnectionProvider - [id: 0xd99a3f51, L:/127.0.0.1:51806 - R:localhost/127.0.0.1:8083] onStateChange(GET{uri=/attractions, connection=PooledConnection{channel=[id: 0xd99a3f51, L:/127.0.0.1:51806 - R:localhost/127.0.0.1:8083]}}, [response_received])
15:53:22.428 [reactor-http-nio-46] DEBUG org.springframework.web.reactive.function.client.ExchangeFunctions - [6991cbb5] Response 200 OK
15:53:22.428 [reactor-http-nio-48] DEBUG reactor.netty.channel.FluxReceive - [id: 0xfb8f1562, L:/127.0.0.1:51968 - R:localhost/127.0.0.1:8083] Subscribing inbound receiver [pending: 0, cancelled:false, inboundDone: false]
15:53:22.429 [reactor-http-nio-46] DEBUG reactor.netty.channel.FluxReceive - [id: 0xd99a3f51, L:/127.0.0.1:51806 - R:localhost/127.0.0.1:8083] Subscribing inbound receiver [pending: 0, cancelled:false, inboundDone: false]
15:53:22.429 [reactor-http-nio-48] DEBUG reactor.netty.http.client.HttpClientOperations - [id: 0xfb8f1562, L:/127.0.0.1:51968 - R:localhost/127.0.0.1:8083] Received last HTTP packet
15:53:22.429 [reactor-http-nio-48] DEBUG org.springframework.core.codec.StringDecoder - [46bd88a9] Decoded "[{"longitude":-117.922008,"latitude":33.817595,"attractionName":"Disneyland","city":"Anaheim","stat (truncated)...
15:53:22.429 [reactor-http-nio-48] DEBUG reactor.netty.resources.PooledConnectionProvider - [id: 0xfb8f1562, L:/127.0.0.1:51968 - R:localhost/127.0.0.1:8083] onStateChange(GET{uri=/attractions, connection=PooledConnection{channel=[id: 0xfb8f1562, L:/127.0.0.1:51968 - R:localhost/127.0.0.1:8083]}}, [disconnecting])
15:53:22.429 [reactor-http-nio-48] DEBUG reactor.netty.resources.PooledConnectionProvider - [id: 0xfb8f1562, L:/127.0.0.1:51968 - R:localhost/127.0.0.1:8083] Releasing channel
15:53:22.429 [reactor-http-nio-48] DEBUG reactor.netty.resources.PooledConnectionProvider - [id: 0xfb8f1562, L:/127.0.0.1:51968 - R:localhost/127.0.0.1:8083] Channel cleaned, now 81 active connections and 220 inactive connections
15:53:22.429 [reactor-http-nio-48] DEBUG reactor.netty.http.client.HttpClientOperations - [id: 0x6adf9794, L:/127.0.0.1:51702 - R:localhost/127.0.0.1:8083] Received response (auto-read:false) : [Content-Type=application/json, Transfer-Encoding=chunked, Date=Wed, 15 Jun 2022 14:53:21 GMT]
15:53:22.429 [reactor-http-nio-48] DEBUG reactor.netty.resources.PooledConnectionProvider - [id: 0x6adf9794, L:/127.0.0.1:51702 - R:localhost/127.0.0.1:8083] onStateChange(GET{uri=/attractions, connection=PooledConnection{channel=[id: 0x6adf9794, L:/127.0.0.1:51702 - R:localhost/127.0.0.1:8083]}}, [response_received])
15:53:22.429 [reactor-http-nio-48] DEBUG org.springframework.web.reactive.function.client.ExchangeFunctions - [5e601196] Response 200 OK
15:53:22.429 [reactor-http-nio-48] DEBUG reactor.netty.channel.FluxReceive - [id: 0x6adf9794, L:/127.0.0.1:51702 - R:localhost/127.0.0.1:8083] Subscribing inbound receiver [pending: 0, cancelled:false, inboundDone: false]
15:53:22.431 [reactor-http-nio-46] DEBUG reactor.netty.http.client.HttpClientOperations - [id: 0xd99a3f51, L:/127.0.0.1:51806 - R:localhost/127.0.0.1:8083] Received last HTTP packet
15:53:22.431 [reactor-http-nio-46] DEBUG org.springframework.core.codec.StringDecoder - [6991cbb5] Decoded "[{"longitude":-117.922008,"latitude":33.817595,"attractionName":"Disneyland","city":"Anaheim","stat (truncated)...
15:53:22.431 [reactor-http-nio-46] DEBUG reactor.netty.resources.PooledConnectionProvider - [id: 0xd99a3f51, L:/127.0.0.1:51806 - R:localhost/127.0.0.1:8083] onStateChange(GET{uri=/attractions, connection=PooledConnection{channel=[id: 0xd99a3f51, L:/127.0.0.1:51806 - R:localhost/127.0.0.1:8083]}}, [disconnecting])
15:53:22.431 [reactor-http-nio-46] DEBUG reactor.netty.resources.PooledConnectionProvider - [id: 0xd99a3f51, L:/127.0.0.1:51806 - R:localhost/127.0.0.1:8083] Releasing channel
15:53:22.431 [reactor-http-nio-46] DEBUG reactor.netty.resources.PooledConnectionProvider - [id: 0xd99a3f51, L:/127.0.0.1:51806 - R:localhost/127.0.0.1:8083] Channel cleaned, now 80 active connections and 221 inactive connections
15:53:22.436 [reactor-http-nio-47] DEBUG reactor.netty.http.client.HttpClientOperations - [id: 0xf30ad839, L:/127.0.0.1:51692 - R:localhost/127.0.0.1:8083] Received response (auto-read:false) : [Content-Type=application/json, Transfer-Encoding=chunked, Date=Wed, 15 Jun 2022 14:53:21 GMT]
15:53:22.436 [reactor-http-nio-47] DEBUG reactor.netty.resources.PooledConnectionProvider - [id: 0xf30ad839, L:/127.0.0.1:51692 - R:localhost/127.0.0.1:8083] onStateChange(GET{uri=/attractions, connection=PooledConnection{channel=[id: 0xf30ad839, L:/127.0.0.1:51692 - R:localhost/127.0.0.1:8083]}}, [response_received])
15:53:22.436 [reactor-http-nio-47] DEBUG org.springframework.web.reactive.function.client.ExchangeFunctions - [49aff960] Response 200 OK
15:53:22.436 [reactor-http-nio-47] DEBUG reactor.netty.channel.FluxReceive - [id: 0xf30ad839, L:/127.0.0.1:51692 - R:localhost/127.0.0.1:8083] Subscribing inbound receiver [pending: 0, cancelled:false, inboundDone: false]
15:53:22.437 [reactor-http-nio-47] DEBUG reactor.netty.http.client.HttpClientOperations - [id: 0xd1ebbc3a, L:/127.0.0.1:51690 - R:localhost/127.0.0.1:8083] Received response (auto-read:false) : [Content-Type=application/json, Transfer-Encoding=chunked, Date=Wed, 15 Jun 2022 14:53:21 GMT]
15:53:22.437 [reactor-http-nio-47] DEBUG reactor.netty.resources.PooledConnectionProvider - [id: 0xd1ebbc3a, L:/127.0.0.1:51690 - R:localhost/127.0.0.1:8083] onStateChange(GET{uri=/attractions, connection=PooledConnection{channel=[id: 0xd1ebbc3a, L:/127.0.0.1:51690 - R:localhost/127.0.0.1:8083]}}, [response_received])
15:53:22.437 [reactor-http-nio-47] DEBUG org.springframework.web.reactive.function.client.ExchangeFunctions - [202203dc] Response 200 OK
15:53:22.437 [reactor-http-nio-47] DEBUG reactor.netty.channel.FluxReceive - [id: 0xd1ebbc3a, L:/127.0.0.1:51690 - R:localhost/127.0.0.1:8083] Subscribing inbound receiver [pending: 0, cancelled:false, inboundDone: false]
15:53:22.440 [reactor-http-nio-48] DEBUG reactor.netty.http.client.HttpClientOperations - [id: 0xd46a2218, L:/127.0.0.1:51930 - R:localhost/127.0.0.1:8083] Received response (auto-read:false) : [Content-Type=application/json, Transfer-Encoding=chunked, Date=Wed, 15 Jun 2022 14:53:21 GMT]
15:53:22.440 [reactor-http-nio-48] DEBUG reactor.netty.resources.PooledConnectionProvider - [id: 0xd46a2218, L:/127.0.0.1:51930 - R:localhost/127.0.0.1:8083] onStateChange(GET{uri=/attractions, connection=PooledConnection{channel=[id: 0xd46a2218, L:/127.0.0.1:51930 - R:localhost/127.0.0.1:8083]}}, [response_received])
15:53:22.440 [reactor-http-nio-48] DEBUG org.springframework.web.reactive.function.client.ExchangeFunctions - [2b20805a] Response 200 OK
15:53:22.440 [reactor-http-nio-48] DEBUG reactor.netty.channel.FluxReceive - [id: 0xd46a2218, L:/127.0.0.1:51930 - R:localhost/127.0.0.1:8083] Subscribing inbound receiver [pending: 0, cancelled:false, inboundDone: false]
15:53:22.441 [reactor-http-nio-41] DEBUG reactor.netty.http.client.HttpClientOperations - [id: 0xc0a2c902, L:/127.0.0.1:51919 - R:localhost/127.0.0.1:8083] Received response (auto-read:false) : [Content-Type=application/json, Transfer-Encoding=chunked, Date=Wed, 15 Jun 2022 14:53:21 GMT]
15:53:22.441 [reactor-http-nio-41] DEBUG reactor.netty.resources.PooledConnectionProvider - [id: 0xc0a2c902, L:/127.0.0.1:51919 - R:localhost/127.0.0.1:8083] onStateChange(GET{uri=/attractions, connection=PooledConnection{channel=[id: 0xc0a2c902, L:/127.0.0.1:51919 - R:localhost/127.0.0.1:8083]}}, [response_received])
15:53:22.441 [reactor-http-nio-41] DEBUG org.springframework.web.reactive.function.client.ExchangeFunctions - [5feaebee] Response 200 OK
15:53:22.441 [reactor-http-nio-48] DEBUG reactor.netty.http.client.HttpClientOperations - [id: 0x8875bf90, L:/127.0.0.1:51907 - R:localhost/127.0.0.1:8083] Received response (auto-read:false) : [Content-Type=application/json, Transfer-Encoding=chunked, Date=Wed, 15 Jun 2022 14:53:21 GMT]
15:53:22.441 [reactor-http-nio-48] DEBUG reactor.netty.resources.PooledConnectionProvider - [id: 0x8875bf90, L:/127.0.0.1:51907 - R:localhost/127.0.0.1:8083] onStateChange(GET{uri=/attractions, connection=PooledConnection{channel=[id: 0x8875bf90, L:/127.0.0.1:51907 - R:localhost/127.0.0.1:8083]}}, [response_received])
15:53:22.441 [reactor-http-nio-48] DEBUG org.springframework.web.reactive.function.client.ExchangeFunctions - [6f9aaffa] Response 200 OK
15:53:22.441 [reactor-http-nio-47] DEBUG reactor.netty.http.client.HttpClientOperations - [id: 0x85b1ff76, L:/127.0.0.1:51685 - R:localhost/127.0.0.1:8083] Received response (auto-read:false) : [Content-Type=application/json, Transfer-Encoding=chunked, Date=Wed, 15 Jun 2022 14:53:21 GMT]
15:53:22.441 [reactor-http-nio-47] DEBUG reactor.netty.resources.PooledConnectionProvider - [id: 0x85b1ff76, L:/127.0.0.1:51685 - R:localhost/127.0.0.1:8083] onStateChange(GET{uri=/attractions, connection=PooledConnection{channel=[id: 0x85b1ff76, L:/127.0.0.1:51685 - R:localhost/127.0.0.1:8083]}}, [response_received])
15:53:22.441 [reactor-http-nio-41] DEBUG reactor.netty.channel.FluxReceive - [id: 0xc0a2c902, L:/127.0.0.1:51919 - R:localhost/127.0.0.1:8083] Subscribing inbound receiver [pending: 0, cancelled:false, inboundDone: false]
15:53:22.441 [reactor-http-nio-47] DEBUG org.springframework.web.reactive.function.client.ExchangeFunctions - [34e73a38] Response 200 OK
15:53:22.441 [reactor-http-nio-48] DEBUG reactor.netty.channel.FluxReceive - [id: 0x8875bf90, L:/127.0.0.1:51907 - R:localhost/127.0.0.1:8083] Subscribing inbound receiver [pending: 0, cancelled:false, inboundDone: false]
15:53:22.441 [reactor-http-nio-41] DEBUG reactor.netty.http.client.HttpClientOperations - [id: 0xc0a2c902, L:/127.0.0.1:51919 - R:localhost/127.0.0.1:8083] Received last HTTP packet
15:53:22.441 [reactor-http-nio-48] DEBUG reactor.netty.http.client.HttpClientOperations - [id: 0x8875bf90, L:/127.0.0.1:51907 - R:localhost/127.0.0.1:8083] Received last HTTP packet
15:53:22.441 [reactor-http-nio-47] DEBUG reactor.netty.channel.FluxReceive - [id: 0x85b1ff76, L:/127.0.0.1:51685 - R:localhost/127.0.0.1:8083] Subscribing inbound receiver [pending: 0, cancelled:false, inboundDone: false]
15:53:22.441 [reactor-http-nio-41] DEBUG org.springframework.core.codec.StringDecoder - [5feaebee] Decoded "[{"longitude":-117.922008,"latitude":33.817595,"attractionName":"Disneyland","city":"Anaheim","stat (truncated)...
15:53:22.441 [reactor-http-nio-47] DEBUG reactor.netty.http.client.HttpClientOperations - [id: 0x85b1ff76, L:/127.0.0.1:51685 - R:localhost/127.0.0.1:8083] Received last HTTP packet
15:53:22.441 [reactor-http-nio-41] DEBUG reactor.netty.resources.PooledConnectionProvider - [id: 0xc0a2c902, L:/127.0.0.1:51919 - R:localhost/127.0.0.1:8083] onStateChange(GET{uri=/attractions, connection=PooledConnection{channel=[id: 0xc0a2c902, L:/127.0.0.1:51919 - R:localhost/127.0.0.1:8083]}}, [disconnecting])
15:53:22.441 [reactor-http-nio-41] DEBUG reactor.netty.resources.PooledConnectionProvider - [id: 0xc0a2c902, L:/127.0.0.1:51919 - R:localhost/127.0.0.1:8083] Releasing channel
15:53:22.441 [reactor-http-nio-48] DEBUG org.springframework.core.codec.StringDecoder - [6f9aaffa] Decoded "[{"longitude":-117.922008,"latitude":33.817595,"attractionName":"Disneyland","city":"Anaheim","stat (truncated)...
15:53:22.441 [reactor-http-nio-41] DEBUG reactor.netty.resources.PooledConnectionProvider - [id: 0xc0a2c902, L:/127.0.0.1:51919 - R:localhost/127.0.0.1:8083] Channel cleaned, now 79 active connections and 222 inactive connections
15:53:22.441 [reactor-http-nio-48] DEBUG reactor.netty.resources.PooledConnectionProvider - [id: 0x8875bf90, L:/127.0.0.1:51907 - R:localhost/127.0.0.1:8083] onStateChange(GET{uri=/attractions, connection=PooledConnection{channel=[id: 0x8875bf90, L:/127.0.0.1:51907 - R:localhost/127.0.0.1:8083]}}, [disconnecting])
15:53:22.441 [reactor-http-nio-47] DEBUG org.springframework.core.codec.StringDecoder - [34e73a38] Decoded "[{"longitude":-117.922008,"latitude":33.817595,"attractionName":"Disneyland","city":"Anaheim","stat (truncated)...
15:53:22.441 [reactor-http-nio-48] DEBUG reactor.netty.resources.PooledConnectionProvider - [id: 0x8875bf90, L:/127.0.0.1:51907 - R:localhost/127.0.0.1:8083] Releasing channel
15:53:22.441 [reactor-http-nio-48] DEBUG reactor.netty.resources.PooledConnectionProvider - [id: 0x8875bf90, L:/127.0.0.1:51907 - R:localhost/127.0.0.1:8083] Channel cleaned, now 78 active connections and 223 inactive connections
15:53:22.441 [reactor-http-nio-47] DEBUG reactor.netty.resources.PooledConnectionProvider - [id: 0x85b1ff76, L:/127.0.0.1:51685 - R:localhost/127.0.0.1:8083] onStateChange(GET{uri=/attractions, connection=PooledConnection{channel=[id: 0x85b1ff76, L:/127.0.0.1:51685 - R:localhost/127.0.0.1:8083]}}, [disconnecting])
15:53:22.441 [reactor-http-nio-47] DEBUG reactor.netty.resources.PooledConnectionProvider - [id: 0x85b1ff76, L:/127.0.0.1:51685 - R:localhost/127.0.0.1:8083] Releasing channel
15:53:22.441 [reactor-http-nio-47] DEBUG reactor.netty.resources.PooledConnectionProvider - [id: 0x85b1ff76, L:/127.0.0.1:51685 - R:localhost/127.0.0.1:8083] Channel cleaned, now 77 active connections and 224 inactive connections
15:53:22.441 [reactor-http-nio-41] DEBUG reactor.netty.http.client.HttpClientOperations - [id: 0x4f2e6241, L:/127.0.0.1:51772 - R:localhost/127.0.0.1:8083] Received response (auto-read:false) : [Content-Type=application/json, Transfer-Encoding=chunked, Date=Wed, 15 Jun 2022 14:53:21 GMT]
15:53:22.441 [reactor-http-nio-41] DEBUG reactor.netty.resources.PooledConnectionProvider - [id: 0x4f2e6241, L:/127.0.0.1:51772 - R:localhost/127.0.0.1:8083] onStateChange(GET{uri=/userLocation?userId=228718f3-50cd-4304-8614-d9825a1d5a14, connection=PooledConnection{channel=[id: 0x4f2e6241, L:/127.0.0.1:51772 - R:localhost/127.0.0.1:8083]}}, [response_received])
15:53:22.441 [reactor-http-nio-41] DEBUG org.springframework.web.reactive.function.client.ExchangeFunctions - [3b6ad753] Response 200 OK
15:53:22.441 [reactor-http-nio-47] DEBUG reactor.netty.http.client.HttpClientOperations - [id: 0x98143ed4, L:/127.0.0.1:51680 - R:localhost/127.0.0.1:8083] Received response (auto-read:false) : [Content-Type=application/json, Transfer-Encoding=chunked, Date=Wed, 15 Jun 2022 14:53:21 GMT]
15:53:22.441 [reactor-http-nio-47] DEBUG reactor.netty.resources.PooledConnectionProvider - [id: 0x98143ed4, L:/127.0.0.1:51680 - R:localhost/127.0.0.1:8083] onStateChange(GET{uri=/attractions, connection=PooledConnection{channel=[id: 0x98143ed4, L:/127.0.0.1:51680 - R:localhost/127.0.0.1:8083]}}, [response_received])
15:53:22.441 [reactor-http-nio-47] DEBUG org.springframework.web.reactive.function.client.ExchangeFunctions - [2b67197e] Response 200 OK
15:53:22.442 [reactor-http-nio-41] DEBUG reactor.netty.channel.FluxReceive - [id: 0x4f2e6241, L:/127.0.0.1:51772 - R:localhost/127.0.0.1:8083] Subscribing inbound receiver [pending: 0, cancelled:false, inboundDone: false]
15:53:22.442 [reactor-http-nio-47] DEBUG reactor.netty.channel.FluxReceive - [id: 0x98143ed4, L:/127.0.0.1:51680 - R:localhost/127.0.0.1:8083] Subscribing inbound receiver [pending: 0, cancelled:false, inboundDone: false]
15:53:22.442 [reactor-http-nio-47] DEBUG reactor.netty.http.client.HttpClientOperations - [id: 0x98143ed4, L:/127.0.0.1:51680 - R:localhost/127.0.0.1:8083] Received last HTTP packet
15:53:22.442 [reactor-http-nio-41] DEBUG reactor.netty.http.client.HttpClientOperations - [id: 0x4f2e6241, L:/127.0.0.1:51772 - R:localhost/127.0.0.1:8083] Received last HTTP packet
15:53:22.442 [reactor-http-nio-47] DEBUG org.springframework.core.codec.StringDecoder - [2b67197e] Decoded "[{"longitude":-117.922008,"latitude":33.817595,"attractionName":"Disneyland","city":"Anaheim","stat (truncated)...
15:53:22.442 [reactor-http-nio-41] DEBUG org.springframework.core.codec.StringDecoder - [3b6ad753] Decoded "{"userId":"228718f3-50cd-4304-8614-d9825a1d5a14","location":{"longitude":76.316099,"latitude":-40.3 (truncated)...
15:53:22.442 [reactor-http-nio-47] DEBUG reactor.netty.resources.PooledConnectionProvider - [id: 0x98143ed4, L:/127.0.0.1:51680 - R:localhost/127.0.0.1:8083] onStateChange(GET{uri=/attractions, connection=PooledConnection{channel=[id: 0x98143ed4, L:/127.0.0.1:51680 - R:localhost/127.0.0.1:8083]}}, [disconnecting])
15:53:22.442 [reactor-http-nio-41] DEBUG reactor.netty.resources.PooledConnectionProvider - [id: 0x4f2e6241, L:/127.0.0.1:51772 - R:localhost/127.0.0.1:8083] onStateChange(GET{uri=/userLocation?userId=228718f3-50cd-4304-8614-d9825a1d5a14, connection=PooledConnection{channel=[id: 0x4f2e6241, L:/127.0.0.1:51772 - R:localhost/127.0.0.1:8083]}}, [disconnecting])
15:53:22.442 [reactor-http-nio-41] DEBUG reactor.netty.resources.PooledConnectionProvider - [id: 0x4f2e6241, L:/127.0.0.1:51772 - R:localhost/127.0.0.1:8083] Releasing channel
15:53:22.442 [reactor-http-nio-47] DEBUG reactor.netty.resources.PooledConnectionProvider - [id: 0x98143ed4, L:/127.0.0.1:51680 - R:localhost/127.0.0.1:8083] Releasing channel
15:53:22.442 [reactor-http-nio-41] DEBUG reactor.netty.resources.PooledConnectionProvider - [id: 0x4f2e6241, L:/127.0.0.1:51772 - R:localhost/127.0.0.1:8083] Channel cleaned, now 76 active connections and 225 inactive connections
15:53:22.442 [reactor-http-nio-47] DEBUG reactor.netty.resources.PooledConnectionProvider - [id: 0x98143ed4, L:/127.0.0.1:51680 - R:localhost/127.0.0.1:8083] Channel cleaned, now 75 active connections and 226 inactive connections
15:53:22.443 [pool-44-thread-100] INFO tourGuide.service.TourGuideService - visitedLocatio tourGuide.gpsUtil.VisitedLocation@35ad3e4e
15:53:22.444 [reactor-http-nio-41] DEBUG reactor.netty.http.client.HttpClientOperations - [id: 0x307222ea, L:/127.0.0.1:51747 - R:localhost/127.0.0.1:8083] Received response (auto-read:false) : [Content-Type=application/json, Transfer-Encoding=chunked, Date=Wed, 15 Jun 2022 14:53:21 GMT]
15:53:22.444 [reactor-http-nio-41] DEBUG reactor.netty.resources.PooledConnectionProvider - [id: 0x307222ea, L:/127.0.0.1:51747 - R:localhost/127.0.0.1:8083] onStateChange(GET{uri=/userLocation?userId=ad3684bc-9f60-4acf-a291-0ba574d43b64, connection=PooledConnection{channel=[id: 0x307222ea, L:/127.0.0.1:51747 - R:localhost/127.0.0.1:8083]}}, [response_received])
15:53:22.444 [reactor-http-nio-41] DEBUG org.springframework.web.reactive.function.client.ExchangeFunctions - [2430cb6b] Response 200 OK
15:53:22.444 [reactor-http-nio-47] DEBUG reactor.netty.http.client.HttpClientOperations - [id: 0xeec1d289, L:/127.0.0.1:51847 - R:localhost/127.0.0.1:8083] Received response (auto-read:false) : [Content-Type=application/json, Transfer-Encoding=chunked, Date=Wed, 15 Jun 2022 14:53:21 GMT]
15:53:22.444 [reactor-http-nio-48] DEBUG reactor.netty.http.client.HttpClientOperations - [id: 0x19945800, L:/127.0.0.1:51703 - R:localhost/127.0.0.1:8083] Received last HTTP packet
15:53:22.444 [reactor-http-nio-47] DEBUG reactor.netty.resources.PooledConnectionProvider - [id: 0xeec1d289, L:/127.0.0.1:51847 - R:localhost/127.0.0.1:8083] onStateChange(GET{uri=/userLocation?userId=46afc2dc-ab10-47bf-94cf-cee20a649067, connection=PooledConnection{channel=[id: 0xeec1d289, L:/127.0.0.1:51847 - R:localhost/127.0.0.1:8083]}}, [response_received])
15:53:22.444 [reactor-http-nio-47] DEBUG org.springframework.web.reactive.function.client.ExchangeFunctions - [78b90e1f] Response 200 OK
15:53:22.444 [reactor-http-nio-48] DEBUG org.springframework.core.codec.StringDecoder - [74b2750c] Decoded "[{"longitude":-117.922008,"latitude":33.817595,"attractionName":"Disneyland","city":"Anaheim","stat (truncated)...
15:53:22.444 [reactor-http-nio-41] DEBUG reactor.netty.channel.FluxReceive - [id: 0x307222ea, L:/127.0.0.1:51747 - R:localhost/127.0.0.1:8083] Subscribing inbound receiver [pending: 0, cancelled:false, inboundDone: false]
15:53:22.444 [reactor-http-nio-48] DEBUG reactor.netty.resources.PooledConnectionProvider - [id: 0x19945800, L:/127.0.0.1:51703 - R:localhost/127.0.0.1:8083] onStateChange(GET{uri=/attractions, connection=PooledConnection{channel=[id: 0x19945800, L:/127.0.0.1:51703 - R:localhost/127.0.0.1:8083]}}, [disconnecting])
15:53:22.444 [reactor-http-nio-48] DEBUG reactor.netty.resources.PooledConnectionProvider - [id: 0x19945800, L:/127.0.0.1:51703 - R:localhost/127.0.0.1:8083] Releasing channel
15:53:22.444 [reactor-http-nio-48] DEBUG reactor.netty.resources.PooledConnectionProvider - [id: 0x19945800, L:/127.0.0.1:51703 - R:localhost/127.0.0.1:8083] Channel cleaned, now 74 active connections and 227 inactive connections
15:53:22.444 [reactor-http-nio-41] DEBUG reactor.netty.http.client.HttpClientOperations - [id: 0x307222ea, L:/127.0.0.1:51747 - R:localhost/127.0.0.1:8083] Received last HTTP packet
15:53:22.444 [reactor-http-nio-47] DEBUG reactor.netty.channel.FluxReceive - [id: 0xeec1d289, L:/127.0.0.1:51847 - R:localhost/127.0.0.1:8083] Subscribing inbound receiver [pending: 0, cancelled:false, inboundDone: false]
15:53:22.444 [pool-44-thread-100] DEBUG org.springframework.web.reactive.function.client.ExchangeFunctions - [3192bc23] HTTP GET http://localhost:8083/attractions
15:53:22.444 [reactor-http-nio-46] DEBUG reactor.netty.http.client.HttpClientOperations - [id: 0xed17734c, L:/127.0.0.1:51825 - R:localhost/127.0.0.1:8083] Received response (auto-read:false) : [Content-Type=application/json, Transfer-Encoding=chunked, Date=Wed, 15 Jun 2022 14:53:21 GMT]
15:53:22.444 [reactor-http-nio-41] DEBUG org.springframework.core.codec.StringDecoder - [2430cb6b] Decoded "{"userId":"ad3684bc-9f60-4acf-a291-0ba574d43b64","location":{"longitude":162.056925,"latitude":42.9 (truncated)...
15:53:22.444 [reactor-http-nio-46] DEBUG reactor.netty.resources.PooledConnectionProvider - [id: 0xed17734c, L:/127.0.0.1:51825 - R:localhost/127.0.0.1:8083] onStateChange(GET{uri=/userLocation?userId=383d5a4a-8c72-4adb-bbb6-6edceafc92b6, connection=PooledConnection{channel=[id: 0xed17734c, L:/127.0.0.1:51825 - R:localhost/127.0.0.1:8083]}}, [response_received])
15:53:22.444 [reactor-http-nio-41] DEBUG reactor.netty.resources.PooledConnectionProvider - [id: 0x307222ea, L:/127.0.0.1:51747 - R:localhost/127.0.0.1:8083] onStateChange(GET{uri=/userLocation?userId=ad3684bc-9f60-4acf-a291-0ba574d43b64, connection=PooledConnection{channel=[id: 0x307222ea, L:/127.0.0.1:51747 - R:localhost/127.0.0.1:8083]}}, [disconnecting])
15:53:22.444 [reactor-http-nio-41] DEBUG reactor.netty.resources.PooledConnectionProvider - [id: 0x307222ea, L:/127.0.0.1:51747 - R:localhost/127.0.0.1:8083] Releasing channel
15:53:22.444 [reactor-http-nio-46] DEBUG org.springframework.web.reactive.function.client.ExchangeFunctions - [131bc147] Response 200 OK
15:53:22.444 [reactor-http-nio-41] DEBUG reactor.netty.resources.PooledConnectionProvider - [id: 0x307222ea, L:/127.0.0.1:51747 - R:localhost/127.0.0.1:8083] Channel cleaned, now 73 active connections and 228 inactive connections
15:53:22.444 [reactor-http-nio-47] DEBUG reactor.netty.http.client.HttpClientOperations - [id: 0xeec1d289, L:/127.0.0.1:51847 - R:localhost/127.0.0.1:8083] Received last HTTP packet
15:53:22.444 [reactor-http-nio-48] DEBUG reactor.netty.http.client.HttpClientOperations - [id: 0xfc3bf400, L:/127.0.0.1:51944 - R:localhost/127.0.0.1:8083] Received response (auto-read:false) : [Content-Type=application/json, Transfer-Encoding=chunked, Date=Wed, 15 Jun 2022 14:53:21 GMT]
15:53:22.444 [reactor-http-nio-48] DEBUG reactor.netty.resources.PooledConnectionProvider - [id: 0xfc3bf400, L:/127.0.0.1:51944 - R:localhost/127.0.0.1:8083] onStateChange(GET{uri=/attractions, connection=PooledConnection{channel=[id: 0xfc3bf400, L:/127.0.0.1:51944 - R:localhost/127.0.0.1:8083]}}, [response_received])
15:53:22.444 [reactor-http-nio-47] DEBUG org.springframework.core.codec.StringDecoder - [78b90e1f] Decoded "{"userId":"46afc2dc-ab10-47bf-94cf-cee20a649067","location":{"longitude":-24.844617,"latitude":-13. (truncated)...
15:53:22.444 [reactor-http-nio-48] DEBUG org.springframework.web.reactive.function.client.ExchangeFunctions - [f9c6488] Response 200 OK
15:53:22.444 [reactor-http-nio-47] DEBUG reactor.netty.resources.PooledConnectionProvider - [id: 0xeec1d289, L:/127.0.0.1:51847 - R:localhost/127.0.0.1:8083] onStateChange(GET{uri=/userLocation?userId=46afc2dc-ab10-47bf-94cf-cee20a649067, connection=PooledConnection{channel=[id: 0xeec1d289, L:/127.0.0.1:51847 - R:localhost/127.0.0.1:8083]}}, [disconnecting])
15:53:22.444 [reactor-http-nio-46] DEBUG reactor.netty.channel.FluxReceive - [id: 0xed17734c, L:/127.0.0.1:51825 - R:localhost/127.0.0.1:8083] Subscribing inbound receiver [pending: 0, cancelled:false, inboundDone: false]
15:53:22.444 [reactor-http-nio-47] DEBUG reactor.netty.resources.PooledConnectionProvider - [id: 0xeec1d289, L:/127.0.0.1:51847 - R:localhost/127.0.0.1:8083] Releasing channel
15:53:22.444 [reactor-http-nio-41] DEBUG reactor.netty.http.client.HttpClientOperations - [id: 0xd240e1c5, L:/127.0.0.1:51773 - R:localhost/127.0.0.1:8083] Received last HTTP packet
15:53:22.444 [reactor-http-nio-47] DEBUG reactor.netty.resources.PooledConnectionProvider - [id: 0xeec1d289, L:/127.0.0.1:51847 - R:localhost/127.0.0.1:8083] Channel cleaned, now 72 active connections and 229 inactive connections
15:53:22.444 [reactor-http-nio-48] DEBUG reactor.netty.channel.FluxReceive - [id: 0xfc3bf400, L:/127.0.0.1:51944 - R:localhost/127.0.0.1:8083] Subscribing inbound receiver [pending: 0, cancelled:false, inboundDone: false]
15:53:22.444 [reactor-http-nio-41] DEBUG org.springframework.core.codec.StringDecoder - [13c44902] Decoded "[{"longitude":-117.922008,"latitude":33.817595,"attractionName":"Disneyland","city":"Anaheim","stat (truncated)...
15:53:22.444 [reactor-http-nio-41] DEBUG reactor.netty.resources.PooledConnectionProvider - [id: 0xd240e1c5, L:/127.0.0.1:51773 - R:localhost/127.0.0.1:8083] onStateChange(GET{uri=/attractions, connection=PooledConnection{channel=[id: 0xd240e1c5, L:/127.0.0.1:51773 - R:localhost/127.0.0.1:8083]}}, [disconnecting])
15:53:22.444 [reactor-http-nio-41] DEBUG reactor.netty.resources.PooledConnectionProvider - [id: 0xd240e1c5, L:/127.0.0.1:51773 - R:localhost/127.0.0.1:8083] Releasing channel
15:53:22.444 [reactor-http-nio-41] DEBUG reactor.netty.resources.PooledConnectionProvider - [id: 0xd240e1c5, L:/127.0.0.1:51773 - R:localhost/127.0.0.1:8083] Channel cleaned, now 71 active connections and 230 inactive connections
15:53:22.444 [reactor-http-nio-41] DEBUG reactor.netty.http.client.HttpClientOperations - [id: 0x1649a857, L:/127.0.0.1:51794 - R:localhost/127.0.0.1:8083] Received response (auto-read:false) : [Content-Type=application/json, Transfer-Encoding=chunked, Date=Wed, 15 Jun 2022 14:53:21 GMT]
15:53:22.444 [reactor-http-nio-41] DEBUG reactor.netty.resources.PooledConnectionProvider - [id: 0x1649a857, L:/127.0.0.1:51794 - R:localhost/127.0.0.1:8083] onStateChange(GET{uri=/attractions, connection=PooledConnection{channel=[id: 0x1649a857, L:/127.0.0.1:51794 - R:localhost/127.0.0.1:8083]}}, [response_received])
15:53:22.444 [reactor-http-nio-41] DEBUG org.springframework.web.reactive.function.client.ExchangeFunctions - [79aa536e] Response 200 OK
15:53:22.444 [reactor-http-nio-41] DEBUG reactor.netty.channel.FluxReceive - [id: 0x1649a857, L:/127.0.0.1:51794 - R:localhost/127.0.0.1:8083] Subscribing inbound receiver [pending: 0, cancelled:false, inboundDone: false]
15:53:22.444 [reactor-http-nio-46] DEBUG reactor.netty.http.client.HttpClientOperations - [id: 0xed17734c, L:/127.0.0.1:51825 - R:localhost/127.0.0.1:8083] Received last HTTP packet
15:53:22.445 [reactor-http-nio-46] DEBUG org.springframework.core.codec.StringDecoder - [131bc147] Decoded "{"userId":"383d5a4a-8c72-4adb-bbb6-6edceafc92b6","location":{"longitude":-54.868409,"latitude":24.4 (truncated)...
15:53:22.445 [reactor-http-nio-46] DEBUG reactor.netty.resources.PooledConnectionProvider - [id: 0xed17734c, L:/127.0.0.1:51825 - R:localhost/127.0.0.1:8083] onStateChange(GET{uri=/userLocation?userId=383d5a4a-8c72-4adb-bbb6-6edceafc92b6, connection=PooledConnection{channel=[id: 0xed17734c, L:/127.0.0.1:51825 - R:localhost/127.0.0.1:8083]}}, [disconnecting])
15:53:22.445 [reactor-http-nio-46] DEBUG reactor.netty.resources.PooledConnectionProvider - [id: 0xed17734c, L:/127.0.0.1:51825 - R:localhost/127.0.0.1:8083] Releasing channel
15:53:22.445 [reactor-http-nio-46] DEBUG reactor.netty.resources.PooledConnectionProvider - [id: 0xed17734c, L:/127.0.0.1:51825 - R:localhost/127.0.0.1:8083] Channel cleaned, now 70 active connections and 231 inactive connections
15:53:22.445 [pool-44-thread-88] INFO tourGuide.service.TourGuideService - visitedLocatio tourGuide.gpsUtil.VisitedLocation@2af7219d
15:53:22.445 [pool-44-thread-88] DEBUG org.springframework.web.reactive.function.client.ExchangeFunctions - [2ec8a01b] HTTP GET http://localhost:8083/attractions
15:53:22.445 [pool-44-thread-89] INFO tourGuide.service.TourGuideService - visitedLocatio tourGuide.gpsUtil.VisitedLocation@767eff78
15:53:22.446 [pool-44-thread-89] DEBUG org.springframework.web.reactive.function.client.ExchangeFunctions - [7241656f] HTTP GET http://localhost:8083/attractions
15:53:22.446 [reactor-http-nio-48] DEBUG reactor.netty.resources.PooledConnectionProvider - [id: 0x4146066f, L:/127.0.0.1:51904 - R:localhost/127.0.0.1:8083] Channel acquired, now 71 active connections and 230 inactive connections
15:53:22.446 [reactor-http-nio-48] DEBUG reactor.netty.http.client.HttpClientConnect - [id: 0x4146066f, L:/127.0.0.1:51904 - R:localhost/127.0.0.1:8083] Handler is being applied: {uri=http://localhost:8083/attractions, method=GET}
15:53:22.447 [pool-44-thread-81] INFO tourGuide.service.TourGuideService - visitedLocatio tourGuide.gpsUtil.VisitedLocation@1ddc2d54
15:53:22.447 [reactor-http-nio-48] DEBUG reactor.netty.resources.PooledConnectionProvider - [id: 0x4146066f, L:/127.0.0.1:51904 - R:localhost/127.0.0.1:8083] onStateChange(GET{uri=/attractions, connection=PooledConnection{channel=[id: 0x4146066f, L:/127.0.0.1:51904 - R:localhost/127.0.0.1:8083]}}, [request_sent])
15:53:22.448 [pool-44-thread-81] DEBUG org.springframework.web.reactive.function.client.ExchangeFunctions - [19e3aa37] HTTP GET http://localhost:8083/attractions
15:53:22.448 [reactor-http-nio-46] DEBUG reactor.netty.resources.PooledConnectionProvider - [id: 0x13239c6a, L:/127.0.0.1:51810 - R:localhost/127.0.0.1:8083] Channel acquired, now 72 active connections and 229 inactive connections
15:53:22.448 [reactor-http-nio-46] DEBUG reactor.netty.http.client.HttpClientConnect - [id: 0x13239c6a, L:/127.0.0.1:51810 - R:localhost/127.0.0.1:8083] Handler is being applied: {uri=http://localhost:8083/attractions, method=GET}
15:53:22.448 [reactor-http-nio-46] DEBUG reactor.netty.resources.PooledConnectionProvider - [id: 0x13239c6a, L:/127.0.0.1:51810 - R:localhost/127.0.0.1:8083] onStateChange(GET{uri=/attractions, connection=PooledConnection{channel=[id: 0x13239c6a, L:/127.0.0.1:51810 - R:localhost/127.0.0.1:8083]}}, [request_sent])
15:53:22.449 [reactor-http-nio-46] DEBUG reactor.netty.resources.PooledConnectionProvider - [id: 0xe441070c, L:/127.0.0.1:51808 - R:localhost/127.0.0.1:8083] Channel acquired, now 73 active connections and 228 inactive connections
15:53:22.450 [reactor-http-nio-46] DEBUG reactor.netty.http.client.HttpClientConnect - [id: 0xe441070c, L:/127.0.0.1:51808 - R:localhost/127.0.0.1:8083] Handler is being applied: {uri=http://localhost:8083/attractions, method=GET}
15:53:22.451 [reactor-http-nio-46] DEBUG reactor.netty.resources.PooledConnectionProvider - [id: 0xe441070c, L:/127.0.0.1:51808 - R:localhost/127.0.0.1:8083] onStateChange(GET{uri=/attractions, connection=PooledConnection{channel=[id: 0xe441070c, L:/127.0.0.1:51808 - R:localhost/127.0.0.1:8083]}}, [request_sent])
15:53:22.452 [reactor-http-nio-46] DEBUG reactor.netty.resources.PooledConnectionProvider - [id: 0xf75a1396, L:/127.0.0.1:51746 - R:localhost/127.0.0.1:8083] Channel acquired, now 74 active connections and 227 inactive connections
15:53:22.452 [reactor-http-nio-46] DEBUG reactor.netty.http.client.HttpClientConnect - [id: 0xf75a1396, L:/127.0.0.1:51746 - R:localhost/127.0.0.1:8083] Handler is being applied: {uri=http://localhost:8083/attractions, method=GET}
15:53:22.453 [reactor-http-nio-46] DEBUG reactor.netty.resources.PooledConnectionProvider - [id: 0xf75a1396, L:/127.0.0.1:51746 - R:localhost/127.0.0.1:8083] onStateChange(GET{uri=/attractions, connection=PooledConnection{channel=[id: 0xf75a1396, L:/127.0.0.1:51746 - R:localhost/127.0.0.1:8083]}}, [request_sent])
15:53:22.453 [reactor-http-nio-47] DEBUG reactor.netty.http.client.HttpClientOperations - [id: 0xd1ebbc3a, L:/127.0.0.1:51690 - R:localhost/127.0.0.1:8083] Received last HTTP packet
15:53:22.453 [reactor-http-nio-47] DEBUG org.springframework.core.codec.StringDecoder - [202203dc] Decoded "[{"longitude":-117.922008,"latitude":33.817595,"attractionName":"Disneyland","city":"Anaheim","stat (truncated)...
15:53:22.453 [reactor-http-nio-47] DEBUG reactor.netty.resources.PooledConnectionProvider - [id: 0xd1ebbc3a, L:/127.0.0.1:51690 - R:localhost/127.0.0.1:8083] onStateChange(GET{uri=/attractions, connection=PooledConnection{channel=[id: 0xd1ebbc3a, L:/127.0.0.1:51690 - R:localhost/127.0.0.1:8083]}}, [disconnecting])
15:53:22.453 [reactor-http-nio-47] DEBUG reactor.netty.resources.PooledConnectionProvider - [id: 0xd1ebbc3a, L:/127.0.0.1:51690 - R:localhost/127.0.0.1:8083] Releasing channel
15:53:22.453 [reactor-http-nio-47] DEBUG reactor.netty.resources.PooledConnectionProvider - [id: 0xd1ebbc3a, L:/127.0.0.1:51690 - R:localhost/127.0.0.1:8083] Channel cleaned, now 73 active connections and 228 inactive connections
15:53:22.453 [reactor-http-nio-48] DEBUG reactor.netty.http.client.HttpClientOperations - [id: 0x6adf9794, L:/127.0.0.1:51702 - R:localhost/127.0.0.1:8083] Received last HTTP packet
15:53:22.453 [reactor-http-nio-48] DEBUG org.springframework.core.codec.StringDecoder - [5e601196] Decoded "[{"longitude":-117.922008,"latitude":33.817595,"attractionName":"Disneyland","city":"Anaheim","stat (truncated)...
15:53:22.453 [reactor-http-nio-48] DEBUG reactor.netty.resources.PooledConnectionProvider - [id: 0x6adf9794, L:/127.0.0.1:51702 - R:localhost/127.0.0.1:8083] onStateChange(GET{uri=/attractions, connection=PooledConnection{channel=[id: 0x6adf9794, L:/127.0.0.1:51702 - R:localhost/127.0.0.1:8083]}}, [disconnecting])
15:53:22.453 [reactor-http-nio-48] DEBUG reactor.netty.resources.PooledConnectionProvider - [id: 0x6adf9794, L:/127.0.0.1:51702 - R:localhost/127.0.0.1:8083] Releasing channel
15:53:22.453 [reactor-http-nio-48] DEBUG reactor.netty.resources.PooledConnectionProvider - [id: 0x6adf9794, L:/127.0.0.1:51702 - R:localhost/127.0.0.1:8083] Channel cleaned, now 72 active connections and 229 inactive connections
15:53:22.453 [reactor-http-nio-47] DEBUG reactor.netty.http.client.HttpClientOperations - [id: 0x6bded64c, L:/127.0.0.1:51850 - R:localhost/127.0.0.1:8083] Received last HTTP packet
15:53:22.453 [reactor-http-nio-47] DEBUG org.springframework.core.codec.StringDecoder - [49ee00de] Decoded "[{"longitude":-117.922008,"latitude":33.817595,"attractionName":"Disneyland","city":"Anaheim","stat (truncated)...
15:53:22.453 [reactor-http-nio-47] DEBUG reactor.netty.resources.PooledConnectionProvider - [id: 0x6bded64c, L:/127.0.0.1:51850 - R:localhost/127.0.0.1:8083] onStateChange(GET{uri=/attractions, connection=PooledConnection{channel=[id: 0x6bded64c, L:/127.0.0.1:51850 - R:localhost/127.0.0.1:8083]}}, [disconnecting])
15:53:22.453 [reactor-http-nio-47] DEBUG reactor.netty.resources.PooledConnectionProvider - [id: 0x6bded64c, L:/127.0.0.1:51850 - R:localhost/127.0.0.1:8083] Releasing channel
15:53:22.453 [reactor-http-nio-47] DEBUG reactor.netty.resources.PooledConnectionProvider - [id: 0x6bded64c, L:/127.0.0.1:51850 - R:localhost/127.0.0.1:8083] Channel cleaned, now 71 active connections and 230 inactive connections
15:53:22.454 [reactor-http-nio-46] DEBUG reactor.netty.http.client.HttpClientOperations - [id: 0x0c7165ed, L:/127.0.0.1:51765 - R:localhost/127.0.0.1:8083] Received response (auto-read:false) : [Content-Type=application/json, Transfer-Encoding=chunked, Date=Wed, 15 Jun 2022 14:53:21 GMT]
15:53:22.454 [reactor-http-nio-41] DEBUG reactor.netty.http.client.HttpClientOperations - [id: 0x26eb73e5, L:/127.0.0.1:51781 - R:localhost/127.0.0.1:8083] Received response (auto-read:false) : [Content-Type=application/json, Transfer-Encoding=chunked, Date=Wed, 15 Jun 2022 14:53:21 GMT]
15:53:22.454 [reactor-http-nio-41] DEBUG reactor.netty.resources.PooledConnectionProvider - [id: 0x26eb73e5, L:/127.0.0.1:51781 - R:localhost/127.0.0.1:8083] onStateChange(GET{uri=/attractions, connection=PooledConnection{channel=[id: 0x26eb73e5, L:/127.0.0.1:51781 - R:localhost/127.0.0.1:8083]}}, [response_received])
15:53:22.454 [reactor-http-nio-46] DEBUG reactor.netty.resources.PooledConnectionProvider - [id: 0x0c7165ed, L:/127.0.0.1:51765 - R:localhost/127.0.0.1:8083] onStateChange(GET{uri=/userLocation?userId=f1fff081-a37e-4813-8366-0ee703ed65da, connection=PooledConnection{channel=[id: 0x0c7165ed, L:/127.0.0.1:51765 - R:localhost/127.0.0.1:8083]}}, [response_received])
15:53:22.454 [reactor-http-nio-41] DEBUG org.springframework.web.reactive.function.client.ExchangeFunctions - [417b196d] Response 200 OK
15:53:22.454 [reactor-http-nio-46] DEBUG org.springframework.web.reactive.function.client.ExchangeFunctions - [4f052a8b] Response 200 OK
15:53:22.454 [reactor-http-nio-46] DEBUG reactor.netty.channel.FluxReceive - [id: 0x0c7165ed, L:/127.0.0.1:51765 - R:localhost/127.0.0.1:8083] Subscribing inbound receiver [pending: 0, cancelled:false, inboundDone: false]
15:53:22.454 [reactor-http-nio-41] DEBUG reactor.netty.channel.FluxReceive - [id: 0x26eb73e5, L:/127.0.0.1:51781 - R:localhost/127.0.0.1:8083] Subscribing inbound receiver [pending: 0, cancelled:false, inboundDone: false]
15:53:22.455 [reactor-http-nio-41] DEBUG reactor.netty.http.client.HttpClientOperations - [id: 0xb3555784, L:/127.0.0.1:51724 - R:localhost/127.0.0.1:8083] Received response (auto-read:false) : [Content-Type=application/json, Transfer-Encoding=chunked, Date=Wed, 15 Jun 2022 14:53:21 GMT]
15:53:22.455 [reactor-http-nio-47] DEBUG reactor.netty.http.client.HttpClientOperations - [id: 0x502a9f84, L:/127.0.0.1:51845 - R:localhost/127.0.0.1:8083] Received response (auto-read:false) : [Content-Type=application/json, Transfer-Encoding=chunked, Date=Wed, 15 Jun 2022 14:53:21 GMT]
15:53:22.455 [reactor-http-nio-41] DEBUG reactor.netty.resources.PooledConnectionProvider - [id: 0xb3555784, L:/127.0.0.1:51724 - R:localhost/127.0.0.1:8083] onStateChange(GET{uri=/attractions, connection=PooledConnection{channel=[id: 0xb3555784, L:/127.0.0.1:51724 - R:localhost/127.0.0.1:8083]}}, [response_received])
15:53:22.455 [reactor-http-nio-47] DEBUG reactor.netty.resources.PooledConnectionProvider - [id: 0x502a9f84, L:/127.0.0.1:51845 - R:localhost/127.0.0.1:8083] onStateChange(GET{uri=/attractions, connection=PooledConnection{channel=[id: 0x502a9f84, L:/127.0.0.1:51845 - R:localhost/127.0.0.1:8083]}}, [response_received])
15:53:22.455 [reactor-http-nio-46] DEBUG reactor.netty.http.client.HttpClientOperations - [id: 0x0c7165ed, L:/127.0.0.1:51765 - R:localhost/127.0.0.1:8083] Received last HTTP packet
15:53:22.455 [reactor-http-nio-41] DEBUG org.springframework.web.reactive.function.client.ExchangeFunctions - [3fc8b29b] Response 200 OK
15:53:22.455 [reactor-http-nio-47] DEBUG org.springframework.web.reactive.function.client.ExchangeFunctions - [5d39e41e] Response 200 OK
15:53:22.455 [reactor-http-nio-46] DEBUG org.springframework.core.codec.StringDecoder - [4f052a8b] Decoded "{"userId":"f1fff081-a37e-4813-8366-0ee703ed65da","location":{"longitude":80.957168,"latitude":-6.13 (truncated)...
15:53:22.455 [reactor-http-nio-46] DEBUG reactor.netty.resources.PooledConnectionProvider - [id: 0x0c7165ed, L:/127.0.0.1:51765 - R:localhost/127.0.0.1:8083] onStateChange(GET{uri=/userLocation?userId=f1fff081-a37e-4813-8366-0ee703ed65da, connection=PooledConnection{channel=[id: 0x0c7165ed, L:/127.0.0.1:51765 - R:localhost/127.0.0.1:8083]}}, [disconnecting])
15:53:22.455 [reactor-http-nio-46] DEBUG reactor.netty.resources.PooledConnectionProvider - [id: 0x0c7165ed, L:/127.0.0.1:51765 - R:localhost/127.0.0.1:8083] Releasing channel
15:53:22.455 [reactor-http-nio-46] DEBUG reactor.netty.resources.PooledConnectionProvider - [id: 0x0c7165ed, L:/127.0.0.1:51765 - R:localhost/127.0.0.1:8083] Channel cleaned, now 70 active connections and 231 inactive connections
15:53:22.455 [reactor-http-nio-41] DEBUG reactor.netty.channel.FluxReceive - [id: 0xb3555784, L:/127.0.0.1:51724 - R:localhost/127.0.0.1:8083] Subscribing inbound receiver [pending: 0, cancelled:false, inboundDone: false]
15:53:22.455 [reactor-http-nio-47] DEBUG reactor.netty.channel.FluxReceive - [id: 0x502a9f84, L:/127.0.0.1:51845 - R:localhost/127.0.0.1:8083] Subscribing inbound receiver [pending: 0, cancelled:false, inboundDone: false]
15:53:22.455 [reactor-http-nio-47] DEBUG reactor.netty.http.client.HttpClientOperations - [id: 0x502a9f84, L:/127.0.0.1:51845 - R:localhost/127.0.0.1:8083] Received last HTTP packet
15:53:22.455 [reactor-http-nio-46] DEBUG reactor.netty.http.client.HttpClientOperations - [id: 0xd8e5c342, L:/127.0.0.1:51820 - R:localhost/127.0.0.1:8083] Received response (auto-read:false) : [Content-Type=application/json, Transfer-Encoding=chunked, Date=Wed, 15 Jun 2022 14:53:21 GMT]
15:53:22.455 [reactor-http-nio-41] DEBUG reactor.netty.http.client.HttpClientOperations - [id: 0xb3555784, L:/127.0.0.1:51724 - R:localhost/127.0.0.1:8083] Received last HTTP packet
15:53:22.455 [reactor-http-nio-47] DEBUG org.springframework.core.codec.StringDecoder - [5d39e41e] Decoded "[{"longitude":-117.922008,"latitude":33.817595,"attractionName":"Disneyland","city":"Anaheim","stat (truncated)...
15:53:22.455 [reactor-http-nio-47] DEBUG reactor.netty.resources.PooledConnectionProvider - [id: 0x502a9f84, L:/127.0.0.1:51845 - R:localhost/127.0.0.1:8083] onStateChange(GET{uri=/attractions, connection=PooledConnection{channel=[id: 0x502a9f84, L:/127.0.0.1:51845 - R:localhost/127.0.0.1:8083]}}, [disconnecting])
15:53:22.455 [reactor-http-nio-47] DEBUG reactor.netty.resources.PooledConnectionProvider - [id: 0x502a9f84, L:/127.0.0.1:51845 - R:localhost/127.0.0.1:8083] Releasing channel
15:53:22.455 [reactor-http-nio-46] DEBUG reactor.netty.resources.PooledConnectionProvider - [id: 0xd8e5c342, L:/127.0.0.1:51820 - R:localhost/127.0.0.1:8083] onStateChange(GET{uri=/attractions, connection=PooledConnection{channel=[id: 0xd8e5c342, L:/127.0.0.1:51820 - R:localhost/127.0.0.1:8083]}}, [response_received])
15:53:22.455 [reactor-http-nio-47] DEBUG reactor.netty.resources.PooledConnectionProvider - [id: 0x502a9f84, L:/127.0.0.1:51845 - R:localhost/127.0.0.1:8083] Channel cleaned, now 69 active connections and 232 inactive connections
15:53:22.455 [reactor-http-nio-46] DEBUG org.springframework.web.reactive.function.client.ExchangeFunctions - [2c58454a] Response 200 OK
15:53:22.456 [reactor-http-nio-46] DEBUG reactor.netty.channel.FluxReceive - [id: 0xd8e5c342, L:/127.0.0.1:51820 - R:localhost/127.0.0.1:8083] Subscribing inbound receiver [pending: 0, cancelled:false, inboundDone: false]
15:53:22.456 [reactor-http-nio-47] DEBUG reactor.netty.http.client.HttpClientOperations - [id: 0xdce01143, L:/127.0.0.1:51689 - R:localhost/127.0.0.1:8083] Received response (auto-read:false) : [Content-Type=application/json, Transfer-Encoding=chunked, Date=Wed, 15 Jun 2022 14:53:21 GMT]
15:53:22.456 [reactor-http-nio-47] DEBUG reactor.netty.resources.PooledConnectionProvider - [id: 0xdce01143, L:/127.0.0.1:51689 - R:localhost/127.0.0.1:8083] onStateChange(GET{uri=/attractions, connection=PooledConnection{channel=[id: 0xdce01143, L:/127.0.0.1:51689 - R:localhost/127.0.0.1:8083]}}, [response_received])
15:53:22.456 [reactor-http-nio-47] DEBUG org.springframework.web.reactive.function.client.ExchangeFunctions - [679b566b] Response 200 OK
15:53:22.456 [reactor-http-nio-47] DEBUG reactor.netty.channel.FluxReceive - [id: 0xdce01143, L:/127.0.0.1:51689 - R:localhost/127.0.0.1:8083] Subscribing inbound receiver [pending: 0, cancelled:false, inboundDone: false]
15:53:22.456 [reactor-http-nio-47] DEBUG reactor.netty.http.client.HttpClientOperations - [id: 0xf30ad839, L:/127.0.0.1:51692 - R:localhost/127.0.0.1:8083] Received last HTTP packet
15:53:22.456 [reactor-http-nio-47] DEBUG org.springframework.core.codec.StringDecoder - [49aff960] Decoded "[{"longitude":-117.922008,"latitude":33.817595,"attractionName":"Disneyland","city":"Anaheim","stat (truncated)...
15:53:22.456 [reactor-http-nio-47] DEBUG reactor.netty.resources.PooledConnectionProvider - [id: 0xf30ad839, L:/127.0.0.1:51692 - R:localhost/127.0.0.1:8083] onStateChange(GET{uri=/attractions, connection=PooledConnection{channel=[id: 0xf30ad839, L:/127.0.0.1:51692 - R:localhost/127.0.0.1:8083]}}, [disconnecting])
15:53:22.456 [reactor-http-nio-47] DEBUG reactor.netty.resources.PooledConnectionProvider - [id: 0xf30ad839, L:/127.0.0.1:51692 - R:localhost/127.0.0.1:8083] Releasing channel
15:53:22.456 [reactor-http-nio-47] DEBUG reactor.netty.resources.PooledConnectionProvider - [id: 0xf30ad839, L:/127.0.0.1:51692 - R:localhost/127.0.0.1:8083] Channel cleaned, now 68 active connections and 233 inactive connections
15:53:22.456 [pool-44-thread-93] INFO tourGuide.service.TourGuideService - visitedLocatio tourGuide.gpsUtil.VisitedLocation@41c2cd1b
15:53:22.457 [reactor-http-nio-41] DEBUG org.springframework.core.codec.StringDecoder - [3fc8b29b] Decoded "[{"longitude":-117.922008,"latitude":33.817595,"attractionName":"Disneyland","city":"Anaheim","stat (truncated)...
15:53:22.457 [pool-44-thread-93] DEBUG org.springframework.web.reactive.function.client.ExchangeFunctions - [45fd41fb] HTTP GET http://localhost:8083/attractions
15:53:22.457 [reactor-http-nio-41] DEBUG reactor.netty.resources.PooledConnectionProvider - [id: 0xb3555784, L:/127.0.0.1:51724 - R:localhost/127.0.0.1:8083] onStateChange(GET{uri=/attractions, connection=PooledConnection{channel=[id: 0xb3555784, L:/127.0.0.1:51724 - R:localhost/127.0.0.1:8083]}}, [disconnecting])
15:53:22.457 [reactor-http-nio-41] DEBUG reactor.netty.resources.PooledConnectionProvider - [id: 0xb3555784, L:/127.0.0.1:51724 - R:localhost/127.0.0.1:8083] Releasing channel
15:53:22.457 [reactor-http-nio-41] DEBUG reactor.netty.resources.PooledConnectionProvider - [id: 0xb3555784, L:/127.0.0.1:51724 - R:localhost/127.0.0.1:8083] Channel cleaned, now 67 active connections and 234 inactive connections
15:53:22.457 [reactor-http-nio-41] DEBUG reactor.netty.http.client.HttpClientOperations - [id: 0x48fc4dd2, L:/127.0.0.1:51755 - R:localhost/127.0.0.1:8083] Received response (auto-read:false) : [Content-Type=application/json, Transfer-Encoding=chunked, Date=Wed, 15 Jun 2022 14:53:21 GMT]
15:53:22.457 [reactor-http-nio-41] DEBUG reactor.netty.resources.PooledConnectionProvider - [id: 0x48fc4dd2, L:/127.0.0.1:51755 - R:localhost/127.0.0.1:8083] onStateChange(GET{uri=/attractions, connection=PooledConnection{channel=[id: 0x48fc4dd2, L:/127.0.0.1:51755 - R:localhost/127.0.0.1:8083]}}, [response_received])
15:53:22.457 [reactor-http-nio-41] DEBUG org.springframework.web.reactive.function.client.ExchangeFunctions - [2d18832f] Response 200 OK
15:53:22.457 [reactor-http-nio-41] DEBUG reactor.netty.channel.FluxReceive - [id: 0x48fc4dd2, L:/127.0.0.1:51755 - R:localhost/127.0.0.1:8083] Subscribing inbound receiver [pending: 0, cancelled:false, inboundDone: false]
15:53:22.457 [reactor-http-nio-41] DEBUG reactor.netty.http.client.HttpClientOperations - [id: 0x48fc4dd2, L:/127.0.0.1:51755 - R:localhost/127.0.0.1:8083] Received last HTTP packet
15:53:22.457 [reactor-http-nio-41] DEBUG org.springframework.core.codec.StringDecoder - [2d18832f] Decoded "[{"longitude":-117.922008,"latitude":33.817595,"attractionName":"Disneyland","city":"Anaheim","stat (truncated)...
15:53:22.458 [reactor-http-nio-41] DEBUG reactor.netty.resources.PooledConnectionProvider - [id: 0x48fc4dd2, L:/127.0.0.1:51755 - R:localhost/127.0.0.1:8083] onStateChange(GET{uri=/attractions, connection=PooledConnection{channel=[id: 0x48fc4dd2, L:/127.0.0.1:51755 - R:localhost/127.0.0.1:8083]}}, [disconnecting])
15:53:22.458 [reactor-http-nio-41] DEBUG reactor.netty.resources.PooledConnectionProvider - [id: 0x48fc4dd2, L:/127.0.0.1:51755 - R:localhost/127.0.0.1:8083] Releasing channel
15:53:22.458 [reactor-http-nio-41] DEBUG reactor.netty.resources.PooledConnectionProvider - [id: 0x48fc4dd2, L:/127.0.0.1:51755 - R:localhost/127.0.0.1:8083] Channel cleaned, now 66 active connections and 235 inactive connections
15:53:22.458 [reactor-http-nio-41] DEBUG reactor.netty.http.client.HttpClientOperations - [id: 0x26eb73e5, L:/127.0.0.1:51781 - R:localhost/127.0.0.1:8083] Received last HTTP packet
15:53:22.458 [reactor-http-nio-41] DEBUG org.springframework.core.codec.StringDecoder - [417b196d] Decoded "[{"longitude":-117.922008,"latitude":33.817595,"attractionName":"Disneyland","city":"Anaheim","stat (truncated)...
15:53:22.458 [reactor-http-nio-41] DEBUG reactor.netty.resources.PooledConnectionProvider - [id: 0x26eb73e5, L:/127.0.0.1:51781 - R:localhost/127.0.0.1:8083] onStateChange(GET{uri=/attractions, connection=PooledConnection{channel=[id: 0x26eb73e5, L:/127.0.0.1:51781 - R:localhost/127.0.0.1:8083]}}, [disconnecting])
15:53:22.458 [reactor-http-nio-41] DEBUG reactor.netty.resources.PooledConnectionProvider - [id: 0x26eb73e5, L:/127.0.0.1:51781 - R:localhost/127.0.0.1:8083] Releasing channel
15:53:22.458 [reactor-http-nio-41] DEBUG reactor.netty.resources.PooledConnectionProvider - [id: 0x26eb73e5, L:/127.0.0.1:51781 - R:localhost/127.0.0.1:8083] Channel cleaned, now 65 active connections and 236 inactive connections
15:53:22.459 [reactor-http-nio-41] DEBUG reactor.netty.http.client.HttpClientOperations - [id: 0xa0063317, L:/127.0.0.1:51720 - R:localhost/127.0.0.1:8083] Received response (auto-read:false) : [Content-Type=application/json, Transfer-Encoding=chunked, Date=Wed, 15 Jun 2022 14:53:21 GMT]
15:53:22.459 [reactor-http-nio-41] DEBUG reactor.netty.resources.PooledConnectionProvider - [id: 0xa0063317, L:/127.0.0.1:51720 - R:localhost/127.0.0.1:8083] onStateChange(GET{uri=/attractions, connection=PooledConnection{channel=[id: 0xa0063317, L:/127.0.0.1:51720 - R:localhost/127.0.0.1:8083]}}, [response_received])
15:53:22.459 [reactor-http-nio-41] DEBUG org.springframework.web.reactive.function.client.ExchangeFunctions - [3f7cb2cc] Response 200 OK
15:53:22.459 [reactor-http-nio-41] DEBUG reactor.netty.channel.FluxReceive - [id: 0xa0063317, L:/127.0.0.1:51720 - R:localhost/127.0.0.1:8083] Subscribing inbound receiver [pending: 0, cancelled:false, inboundDone: false]
15:53:22.459 [reactor-http-nio-41] DEBUG reactor.netty.http.client.HttpClientOperations - [id: 0xa0063317, L:/127.0.0.1:51720 - R:localhost/127.0.0.1:8083] Received last HTTP packet
15:53:22.460 [reactor-http-nio-41] DEBUG org.springframework.core.codec.StringDecoder - [3f7cb2cc] Decoded "[{"longitude":-117.922008,"latitude":33.817595,"attractionName":"Disneyland","city":"Anaheim","stat (truncated)...
15:53:22.460 [reactor-http-nio-41] DEBUG reactor.netty.resources.PooledConnectionProvider - [id: 0xa0063317, L:/127.0.0.1:51720 - R:localhost/127.0.0.1:8083] onStateChange(GET{uri=/attractions, connection=PooledConnection{channel=[id: 0xa0063317, L:/127.0.0.1:51720 - R:localhost/127.0.0.1:8083]}}, [disconnecting])
15:53:22.460 [reactor-http-nio-41] DEBUG reactor.netty.resources.PooledConnectionProvider - [id: 0xa0063317, L:/127.0.0.1:51720 - R:localhost/127.0.0.1:8083] Releasing channel
15:53:22.460 [reactor-http-nio-41] DEBUG reactor.netty.resources.PooledConnectionProvider - [id: 0xa0063317, L:/127.0.0.1:51720 - R:localhost/127.0.0.1:8083] Channel cleaned, now 64 active connections and 237 inactive connections
15:53:22.460 [reactor-http-nio-41] DEBUG reactor.netty.resources.PooledConnectionProvider - [id: 0x22744470, L:/127.0.0.1:51785 - R:localhost/127.0.0.1:8083] Channel acquired, now 65 active connections and 236 inactive connections
15:53:22.460 [reactor-http-nio-41] DEBUG reactor.netty.http.client.HttpClientConnect - [id: 0x22744470, L:/127.0.0.1:51785 - R:localhost/127.0.0.1:8083] Handler is being applied: {uri=http://localhost:8083/attractions, method=GET}
15:53:22.461 [reactor-http-nio-41] DEBUG reactor.netty.resources.PooledConnectionProvider - [id: 0x22744470, L:/127.0.0.1:51785 - R:localhost/127.0.0.1:8083] onStateChange(GET{uri=/attractions, connection=PooledConnection{channel=[id: 0x22744470, L:/127.0.0.1:51785 - R:localhost/127.0.0.1:8083]}}, [request_sent])
15:53:22.465 [reactor-http-nio-48] DEBUG reactor.netty.http.client.HttpClientOperations - [id: 0xf56f4e45, L:/127.0.0.1:51950 - R:localhost/127.0.0.1:8083] Received last HTTP packet
15:53:22.465 [reactor-http-nio-47] DEBUG reactor.netty.http.client.HttpClientOperations - [id: 0xdce01143, L:/127.0.0.1:51689 - R:localhost/127.0.0.1:8083] Received last HTTP packet
15:53:22.465 [reactor-http-nio-48] DEBUG org.springframework.core.codec.StringDecoder - [326d07d2] Decoded "[{"longitude":-117.922008,"latitude":33.817595,"attractionName":"Disneyland","city":"Anaheim","stat (truncated)...
15:53:22.465 [reactor-http-nio-46] DEBUG reactor.netty.http.client.HttpClientOperations - [id: 0xd78cec0d, L:/127.0.0.1:51735 - R:localhost/127.0.0.1:8083] Received response (auto-read:false) : [Content-Type=application/json, Transfer-Encoding=chunked, Date=Wed, 15 Jun 2022 14:53:21 GMT]
15:53:22.465 [reactor-http-nio-47] DEBUG org.springframework.core.codec.StringDecoder - [679b566b] Decoded "[{"longitude":-117.922008,"latitude":33.817595,"attractionName":"Disneyland","city":"Anaheim","stat (truncated)...
15:53:22.465 [reactor-http-nio-48] DEBUG reactor.netty.resources.PooledConnectionProvider - [id: 0xf56f4e45, L:/127.0.0.1:51950 - R:localhost/127.0.0.1:8083] onStateChange(GET{uri=/attractions, connection=PooledConnection{channel=[id: 0xf56f4e45, L:/127.0.0.1:51950 - R:localhost/127.0.0.1:8083]}}, [disconnecting])
15:53:22.465 [reactor-http-nio-48] DEBUG reactor.netty.resources.PooledConnectionProvider - [id: 0xf56f4e45, L:/127.0.0.1:51950 - R:localhost/127.0.0.1:8083] Releasing channel
15:53:22.465 [reactor-http-nio-47] DEBUG reactor.netty.resources.PooledConnectionProvider - [id: 0xdce01143, L:/127.0.0.1:51689 - R:localhost/127.0.0.1:8083] onStateChange(GET{uri=/attractions, connection=PooledConnection{channel=[id: 0xdce01143, L:/127.0.0.1:51689 - R:localhost/127.0.0.1:8083]}}, [disconnecting])
15:53:22.465 [reactor-http-nio-48] DEBUG reactor.netty.resources.PooledConnectionProvider - [id: 0xf56f4e45, L:/127.0.0.1:51950 - R:localhost/127.0.0.1:8083] Channel cleaned, now 64 active connections and 237 inactive connections
15:53:22.465 [reactor-http-nio-46] DEBUG reactor.netty.resources.PooledConnectionProvider - [id: 0xd78cec0d, L:/127.0.0.1:51735 - R:localhost/127.0.0.1:8083] onStateChange(GET{uri=/attractions, connection=PooledConnection{channel=[id: 0xd78cec0d, L:/127.0.0.1:51735 - R:localhost/127.0.0.1:8083]}}, [response_received])
15:53:22.465 [reactor-http-nio-47] DEBUG reactor.netty.resources.PooledConnectionProvider - [id: 0xdce01143, L:/127.0.0.1:51689 - R:localhost/127.0.0.1:8083] Releasing channel
15:53:22.465 [reactor-http-nio-47] DEBUG reactor.netty.resources.PooledConnectionProvider - [id: 0xdce01143, L:/127.0.0.1:51689 - R:localhost/127.0.0.1:8083] Channel cleaned, now 63 active connections and 238 inactive connections
15:53:22.465 [reactor-http-nio-46] DEBUG org.springframework.web.reactive.function.client.ExchangeFunctions - [72d2c450] Response 200 OK
15:53:22.465 [reactor-http-nio-46] DEBUG reactor.netty.channel.FluxReceive - [id: 0xd78cec0d, L:/127.0.0.1:51735 - R:localhost/127.0.0.1:8083] Subscribing inbound receiver [pending: 0, cancelled:false, inboundDone: false]
15:53:22.465 [reactor-http-nio-46] DEBUG reactor.netty.http.client.HttpClientOperations - [id: 0xd78cec0d, L:/127.0.0.1:51735 - R:localhost/127.0.0.1:8083] Received last HTTP packet
15:53:22.465 [reactor-http-nio-46] DEBUG org.springframework.core.codec.StringDecoder - [72d2c450] Decoded "[{"longitude":-117.922008,"latitude":33.817595,"attractionName":"Disneyland","city":"Anaheim","stat (truncated)...
15:53:22.465 [reactor-http-nio-46] DEBUG reactor.netty.resources.PooledConnectionProvider - [id: 0xd78cec0d, L:/127.0.0.1:51735 - R:localhost/127.0.0.1:8083] onStateChange(GET{uri=/attractions, connection=PooledConnection{channel=[id: 0xd78cec0d, L:/127.0.0.1:51735 - R:localhost/127.0.0.1:8083]}}, [disconnecting])
15:53:22.465 [reactor-http-nio-46] DEBUG reactor.netty.resources.PooledConnectionProvider - [id: 0xd78cec0d, L:/127.0.0.1:51735 - R:localhost/127.0.0.1:8083] Releasing channel
15:53:22.465 [reactor-http-nio-46] DEBUG reactor.netty.resources.PooledConnectionProvider - [id: 0xd78cec0d, L:/127.0.0.1:51735 - R:localhost/127.0.0.1:8083] Channel cleaned, now 62 active connections and 239 inactive connections
15:53:22.466 [reactor-http-nio-47] DEBUG reactor.netty.http.client.HttpClientOperations - [id: 0x597600af, L:/127.0.0.1:51865 - R:localhost/127.0.0.1:8083] Received last HTTP packet
15:53:22.466 [reactor-http-nio-47] DEBUG org.springframework.core.codec.StringDecoder - [6f1ac513] Decoded "[{"longitude":-117.922008,"latitude":33.817595,"attractionName":"Disneyland","city":"Anaheim","stat (truncated)...
15:53:22.466 [reactor-http-nio-47] DEBUG reactor.netty.resources.PooledConnectionProvider - [id: 0x597600af, L:/127.0.0.1:51865 - R:localhost/127.0.0.1:8083] onStateChange(GET{uri=/attractions, connection=PooledConnection{channel=[id: 0x597600af, L:/127.0.0.1:51865 - R:localhost/127.0.0.1:8083]}}, [disconnecting])
15:53:22.466 [reactor-http-nio-47] DEBUG reactor.netty.resources.PooledConnectionProvider - [id: 0x597600af, L:/127.0.0.1:51865 - R:localhost/127.0.0.1:8083] Releasing channel
15:53:22.466 [reactor-http-nio-48] DEBUG reactor.netty.http.client.HttpClientOperations - [id: 0xfc3bf400, L:/127.0.0.1:51944 - R:localhost/127.0.0.1:8083] Received last HTTP packet
15:53:22.466 [reactor-http-nio-47] DEBUG reactor.netty.resources.PooledConnectionProvider - [id: 0x597600af, L:/127.0.0.1:51865 - R:localhost/127.0.0.1:8083] Channel cleaned, now 61 active connections and 240 inactive connections
15:53:22.466 [reactor-http-nio-48] DEBUG org.springframework.core.codec.StringDecoder - [f9c6488] Decoded "[{"longitude":-117.922008,"latitude":33.817595,"attractionName":"Disneyland","city":"Anaheim","stat (truncated)...
15:53:22.466 [reactor-http-nio-48] DEBUG reactor.netty.resources.PooledConnectionProvider - [id: 0xfc3bf400, L:/127.0.0.1:51944 - R:localhost/127.0.0.1:8083] onStateChange(GET{uri=/attractions, connection=PooledConnection{channel=[id: 0xfc3bf400, L:/127.0.0.1:51944 - R:localhost/127.0.0.1:8083]}}, [disconnecting])
15:53:22.466 [reactor-http-nio-48] DEBUG reactor.netty.resources.PooledConnectionProvider - [id: 0xfc3bf400, L:/127.0.0.1:51944 - R:localhost/127.0.0.1:8083] Releasing channel
15:53:22.466 [reactor-http-nio-48] DEBUG reactor.netty.resources.PooledConnectionProvider - [id: 0xfc3bf400, L:/127.0.0.1:51944 - R:localhost/127.0.0.1:8083] Channel cleaned, now 60 active connections and 241 inactive connections
15:53:22.466 [reactor-http-nio-47] DEBUG reactor.netty.http.client.HttpClientOperations - [id: 0x98ecb58e, L:/127.0.0.1:51684 - R:localhost/127.0.0.1:8083] Received last HTTP packet
15:53:22.466 [reactor-http-nio-47] DEBUG org.springframework.core.codec.StringDecoder - [5607928d] Decoded "[{"longitude":-117.922008,"latitude":33.817595,"attractionName":"Disneyland","city":"Anaheim","stat (truncated)...
15:53:22.466 [reactor-http-nio-47] DEBUG reactor.netty.resources.PooledConnectionProvider - [id: 0x98ecb58e, L:/127.0.0.1:51684 - R:localhost/127.0.0.1:8083] onStateChange(GET{uri=/attractions, connection=PooledConnection{channel=[id: 0x98ecb58e, L:/127.0.0.1:51684 - R:localhost/127.0.0.1:8083]}}, [disconnecting])
15:53:22.466 [reactor-http-nio-47] DEBUG reactor.netty.resources.PooledConnectionProvider - [id: 0x98ecb58e, L:/127.0.0.1:51684 - R:localhost/127.0.0.1:8083] Releasing channel
15:53:22.466 [reactor-http-nio-48] DEBUG reactor.netty.http.client.HttpClientOperations - [id: 0xd46a2218, L:/127.0.0.1:51930 - R:localhost/127.0.0.1:8083] Received last HTTP packet
15:53:22.466 [reactor-http-nio-47] DEBUG reactor.netty.resources.PooledConnectionProvider - [id: 0x98ecb58e, L:/127.0.0.1:51684 - R:localhost/127.0.0.1:8083] Channel cleaned, now 59 active connections and 242 inactive connections
15:53:22.467 [reactor-http-nio-48] DEBUG org.springframework.core.codec.StringDecoder - [2b20805a] Decoded "[{"longitude":-117.922008,"latitude":33.817595,"attractionName":"Disneyland","city":"Anaheim","stat (truncated)...
15:53:22.467 [reactor-http-nio-48] DEBUG reactor.netty.resources.PooledConnectionProvider - [id: 0xd46a2218, L:/127.0.0.1:51930 - R:localhost/127.0.0.1:8083] onStateChange(GET{uri=/attractions, connection=PooledConnection{channel=[id: 0xd46a2218, L:/127.0.0.1:51930 - R:localhost/127.0.0.1:8083]}}, [disconnecting])
15:53:22.467 [reactor-http-nio-48] DEBUG reactor.netty.resources.PooledConnectionProvider - [id: 0xd46a2218, L:/127.0.0.1:51930 - R:localhost/127.0.0.1:8083] Releasing channel
15:53:22.467 [reactor-http-nio-48] DEBUG reactor.netty.resources.PooledConnectionProvider - [id: 0xd46a2218, L:/127.0.0.1:51930 - R:localhost/127.0.0.1:8083] Channel cleaned, now 58 active connections and 243 inactive connections
15:53:22.468 [reactor-http-nio-47] DEBUG reactor.netty.http.client.HttpClientOperations - [id: 0x94ed7f01, L:/127.0.0.1:51699 - R:localhost/127.0.0.1:8083] Received response (auto-read:false) : [Content-Type=application/json, Transfer-Encoding=chunked, Date=Wed, 15 Jun 2022 14:53:21 GMT]
15:53:22.468 [reactor-http-nio-47] DEBUG reactor.netty.resources.PooledConnectionProvider - [id: 0x94ed7f01, L:/127.0.0.1:51699 - R:localhost/127.0.0.1:8083] onStateChange(GET{uri=/attractions, connection=PooledConnection{channel=[id: 0x94ed7f01, L:/127.0.0.1:51699 - R:localhost/127.0.0.1:8083]}}, [response_received])
15:53:22.468 [reactor-http-nio-47] DEBUG org.springframework.web.reactive.function.client.ExchangeFunctions - [47f5e0f1] Response 200 OK
15:53:22.468 [reactor-http-nio-48] DEBUG reactor.netty.http.client.HttpClientOperations - [id: 0x64fd7ec9, L:/127.0.0.1:51967 - R:localhost/127.0.0.1:8083] Received response (auto-read:false) : [Content-Type=application/json, Transfer-Encoding=chunked, Date=Wed, 15 Jun 2022 14:53:21 GMT]
15:53:22.468 [reactor-http-nio-48] DEBUG reactor.netty.resources.PooledConnectionProvider - [id: 0x64fd7ec9, L:/127.0.0.1:51967 - R:localhost/127.0.0.1:8083] onStateChange(GET{uri=/attractions, connection=PooledConnection{channel=[id: 0x64fd7ec9, L:/127.0.0.1:51967 - R:localhost/127.0.0.1:8083]}}, [response_received])
15:53:22.468 [reactor-http-nio-48] DEBUG org.springframework.web.reactive.function.client.ExchangeFunctions - [21e5f5f2] Response 200 OK
15:53:22.468 [reactor-http-nio-47] DEBUG reactor.netty.channel.FluxReceive - [id: 0x94ed7f01, L:/127.0.0.1:51699 - R:localhost/127.0.0.1:8083] Subscribing inbound receiver [pending: 0, cancelled:false, inboundDone: false]
15:53:22.468 [reactor-http-nio-48] DEBUG reactor.netty.channel.FluxReceive - [id: 0x64fd7ec9, L:/127.0.0.1:51967 - R:localhost/127.0.0.1:8083] Subscribing inbound receiver [pending: 0, cancelled:false, inboundDone: false]
15:53:22.468 [reactor-http-nio-47] DEBUG reactor.netty.http.client.HttpClientOperations - [id: 0x94ed7f01, L:/127.0.0.1:51699 - R:localhost/127.0.0.1:8083] Received last HTTP packet
15:53:22.468 [reactor-http-nio-48] DEBUG reactor.netty.http.client.HttpClientOperations - [id: 0x64fd7ec9, L:/127.0.0.1:51967 - R:localhost/127.0.0.1:8083] Received last HTTP packet
15:53:22.468 [reactor-http-nio-48] DEBUG org.springframework.core.codec.StringDecoder - [21e5f5f2] Decoded "[{"longitude":-117.922008,"latitude":33.817595,"attractionName":"Disneyland","city":"Anaheim","stat (truncated)...
15:53:22.468 [reactor-http-nio-47] DEBUG org.springframework.core.codec.StringDecoder - [47f5e0f1] Decoded "[{"longitude":-117.922008,"latitude":33.817595,"attractionName":"Disneyland","city":"Anaheim","stat (truncated)...
15:53:22.468 [reactor-http-nio-48] DEBUG reactor.netty.resources.PooledConnectionProvider - [id: 0x64fd7ec9, L:/127.0.0.1:51967 - R:localhost/127.0.0.1:8083] onStateChange(GET{uri=/attractions, connection=PooledConnection{channel=[id: 0x64fd7ec9, L:/127.0.0.1:51967 - R:localhost/127.0.0.1:8083]}}, [disconnecting])
15:53:22.468 [reactor-http-nio-48] DEBUG reactor.netty.resources.PooledConnectionProvider - [id: 0x64fd7ec9, L:/127.0.0.1:51967 - R:localhost/127.0.0.1:8083] Releasing channel
15:53:22.468 [reactor-http-nio-41] DEBUG reactor.netty.http.client.HttpClientOperations - [id: 0xd0c6a217, L:/127.0.0.1:51778 - R:localhost/127.0.0.1:8083] Received response (auto-read:false) : [Content-Type=application/json, Transfer-Encoding=chunked, Date=Wed, 15 Jun 2022 14:53:21 GMT]
15:53:22.468 [reactor-http-nio-47] DEBUG reactor.netty.resources.PooledConnectionProvider - [id: 0x94ed7f01, L:/127.0.0.1:51699 - R:localhost/127.0.0.1:8083] onStateChange(GET{uri=/attractions, connection=PooledConnection{channel=[id: 0x94ed7f01, L:/127.0.0.1:51699 - R:localhost/127.0.0.1:8083]}}, [disconnecting])
15:53:22.468 [reactor-http-nio-47] DEBUG reactor.netty.resources.PooledConnectionProvider - [id: 0x94ed7f01, L:/127.0.0.1:51699 - R:localhost/127.0.0.1:8083] Releasing channel
15:53:22.468 [reactor-http-nio-48] DEBUG reactor.netty.resources.PooledConnectionProvider - [id: 0x64fd7ec9, L:/127.0.0.1:51967 - R:localhost/127.0.0.1:8083] Channel cleaned, now 57 active connections and 244 inactive connections
15:53:22.468 [reactor-http-nio-41] DEBUG reactor.netty.resources.PooledConnectionProvider - [id: 0xd0c6a217, L:/127.0.0.1:51778 - R:localhost/127.0.0.1:8083] onStateChange(GET{uri=/attractions, connection=PooledConnection{channel=[id: 0xd0c6a217, L:/127.0.0.1:51778 - R:localhost/127.0.0.1:8083]}}, [response_received])
15:53:22.469 [reactor-http-nio-41] DEBUG org.springframework.web.reactive.function.client.ExchangeFunctions - [6fde64d8] Response 200 OK
15:53:22.468 [reactor-http-nio-47] DEBUG reactor.netty.resources.PooledConnectionProvider - [id: 0x94ed7f01, L:/127.0.0.1:51699 - R:localhost/127.0.0.1:8083] Channel cleaned, now 56 active connections and 245 inactive connections
15:53:22.469 [reactor-http-nio-41] DEBUG reactor.netty.channel.FluxReceive - [id: 0xd0c6a217, L:/127.0.0.1:51778 - R:localhost/127.0.0.1:8083] Subscribing inbound receiver [pending: 0, cancelled:false, inboundDone: false]
15:53:22.469 [reactor-http-nio-41] DEBUG reactor.netty.http.client.HttpClientOperations - [id: 0xd0c6a217, L:/127.0.0.1:51778 - R:localhost/127.0.0.1:8083] Received last HTTP packet
15:53:22.469 [reactor-http-nio-47] DEBUG reactor.netty.http.client.HttpClientOperations - [id: 0xd0f99d54, L:/127.0.0.1:51843 - R:localhost/127.0.0.1:8083] Received response (auto-read:false) : [Content-Type=application/json, Transfer-Encoding=chunked, Date=Wed, 15 Jun 2022 14:53:21 GMT]
15:53:22.469 [reactor-http-nio-47] DEBUG reactor.netty.resources.PooledConnectionProvider - [id: 0xd0f99d54, L:/127.0.0.1:51843 - R:localhost/127.0.0.1:8083] onStateChange(GET{uri=/attractions, connection=PooledConnection{channel=[id: 0xd0f99d54, L:/127.0.0.1:51843 - R:localhost/127.0.0.1:8083]}}, [response_received])
15:53:22.469 [reactor-http-nio-41] DEBUG org.springframework.core.codec.StringDecoder - [6fde64d8] Decoded "[{"longitude":-117.922008,"latitude":33.817595,"attractionName":"Disneyland","city":"Anaheim","stat (truncated)...
15:53:22.469 [reactor-http-nio-47] DEBUG org.springframework.web.reactive.function.client.ExchangeFunctions - [199831c0] Response 200 OK
15:53:22.469 [reactor-http-nio-41] DEBUG reactor.netty.resources.PooledConnectionProvider - [id: 0xd0c6a217, L:/127.0.0.1:51778 - R:localhost/127.0.0.1:8083] onStateChange(GET{uri=/attractions, connection=PooledConnection{channel=[id: 0xd0c6a217, L:/127.0.0.1:51778 - R:localhost/127.0.0.1:8083]}}, [disconnecting])
15:53:22.469 [reactor-http-nio-41] DEBUG reactor.netty.resources.PooledConnectionProvider - [id: 0xd0c6a217, L:/127.0.0.1:51778 - R:localhost/127.0.0.1:8083] Releasing channel
15:53:22.469 [reactor-http-nio-41] DEBUG reactor.netty.resources.PooledConnectionProvider - [id: 0xd0c6a217, L:/127.0.0.1:51778 - R:localhost/127.0.0.1:8083] Channel cleaned, now 55 active connections and 246 inactive connections
15:53:22.469 [reactor-http-nio-47] DEBUG reactor.netty.channel.FluxReceive - [id: 0xd0f99d54, L:/127.0.0.1:51843 - R:localhost/127.0.0.1:8083] Subscribing inbound receiver [pending: 0, cancelled:false, inboundDone: false]
15:53:22.469 [reactor-http-nio-47] DEBUG reactor.netty.http.client.HttpClientOperations - [id: 0xd0f99d54, L:/127.0.0.1:51843 - R:localhost/127.0.0.1:8083] Received last HTTP packet
15:53:22.469 [reactor-http-nio-47] DEBUG org.springframework.core.codec.StringDecoder - [199831c0] Decoded "[{"longitude":-117.922008,"latitude":33.817595,"attractionName":"Disneyland","city":"Anaheim","stat (truncated)...
15:53:22.469 [reactor-http-nio-47] DEBUG reactor.netty.resources.PooledConnectionProvider - [id: 0xd0f99d54, L:/127.0.0.1:51843 - R:localhost/127.0.0.1:8083] onStateChange(GET{uri=/attractions, connection=PooledConnection{channel=[id: 0xd0f99d54, L:/127.0.0.1:51843 - R:localhost/127.0.0.1:8083]}}, [disconnecting])
15:53:22.469 [reactor-http-nio-47] DEBUG reactor.netty.resources.PooledConnectionProvider - [id: 0xd0f99d54, L:/127.0.0.1:51843 - R:localhost/127.0.0.1:8083] Releasing channel
15:53:22.469 [reactor-http-nio-47] DEBUG reactor.netty.resources.PooledConnectionProvider - [id: 0xd0f99d54, L:/127.0.0.1:51843 - R:localhost/127.0.0.1:8083] Channel cleaned, now 54 active connections and 247 inactive connections
15:53:22.471 [reactor-http-nio-46] DEBUG reactor.netty.http.client.HttpClientOperations - [id: 0xbb1400e4, L:/127.0.0.1:51826 - R:localhost/127.0.0.1:8083] Received response (auto-read:false) : [Content-Type=application/json, Transfer-Encoding=chunked, Date=Wed, 15 Jun 2022 14:53:21 GMT]
15:53:22.471 [reactor-http-nio-46] DEBUG reactor.netty.resources.PooledConnectionProvider - [id: 0xbb1400e4, L:/127.0.0.1:51826 - R:localhost/127.0.0.1:8083] onStateChange(GET{uri=/userLocation?userId=9a09c131-4af9-4b5e-bcd5-831fae307c3b, connection=PooledConnection{channel=[id: 0xbb1400e4, L:/127.0.0.1:51826 - R:localhost/127.0.0.1:8083]}}, [response_received])
15:53:22.471 [reactor-http-nio-41] DEBUG reactor.netty.http.client.HttpClientOperations - [id: 0x03f2fda7, L:/127.0.0.1:51737 - R:localhost/127.0.0.1:8083] Received response (auto-read:false) : [Content-Type=application/json, Transfer-Encoding=chunked, Date=Wed, 15 Jun 2022 14:53:21 GMT]
15:53:22.471 [reactor-http-nio-41] DEBUG reactor.netty.resources.PooledConnectionProvider - [id: 0x03f2fda7, L:/127.0.0.1:51737 - R:localhost/127.0.0.1:8083] onStateChange(GET{uri=/attractions, connection=PooledConnection{channel=[id: 0x03f2fda7, L:/127.0.0.1:51737 - R:localhost/127.0.0.1:8083]}}, [response_received])
15:53:22.471 [reactor-http-nio-46] DEBUG org.springframework.web.reactive.function.client.ExchangeFunctions - [1e55f3f4] Response 200 OK
15:53:22.471 [reactor-http-nio-41] DEBUG org.springframework.web.reactive.function.client.ExchangeFunctions - [56b4a77d] Response 200 OK
15:53:22.471 [reactor-http-nio-41] DEBUG reactor.netty.channel.FluxReceive - [id: 0x03f2fda7, L:/127.0.0.1:51737 - R:localhost/127.0.0.1:8083] Subscribing inbound receiver [pending: 0, cancelled:false, inboundDone: false]
15:53:22.471 [reactor-http-nio-46] DEBUG reactor.netty.channel.FluxReceive - [id: 0xbb1400e4, L:/127.0.0.1:51826 - R:localhost/127.0.0.1:8083] Subscribing inbound receiver [pending: 0, cancelled:false, inboundDone: false]
15:53:22.471 [reactor-http-nio-41] DEBUG reactor.netty.http.client.HttpClientOperations - [id: 0x03f2fda7, L:/127.0.0.1:51737 - R:localhost/127.0.0.1:8083] Received last HTTP packet
15:53:22.471 [reactor-http-nio-46] DEBUG reactor.netty.http.client.HttpClientOperations - [id: 0xbb1400e4, L:/127.0.0.1:51826 - R:localhost/127.0.0.1:8083] Received last HTTP packet
15:53:22.471 [reactor-http-nio-46] DEBUG org.springframework.core.codec.StringDecoder - [1e55f3f4] Decoded "{"userId":"9a09c131-4af9-4b5e-bcd5-831fae307c3b","location":{"longitude":-43.857235,"latitude":-26. (truncated)...
15:53:22.471 [reactor-http-nio-41] DEBUG org.springframework.core.codec.StringDecoder - [56b4a77d] Decoded "[{"longitude":-117.922008,"latitude":33.817595,"attractionName":"Disneyland","city":"Anaheim","stat (truncated)...
15:53:22.471 [reactor-http-nio-46] DEBUG reactor.netty.resources.PooledConnectionProvider - [id: 0xbb1400e4, L:/127.0.0.1:51826 - R:localhost/127.0.0.1:8083] onStateChange(GET{uri=/userLocation?userId=9a09c131-4af9-4b5e-bcd5-831fae307c3b, connection=PooledConnection{channel=[id: 0xbb1400e4, L:/127.0.0.1:51826 - R:localhost/127.0.0.1:8083]}}, [disconnecting])
15:53:22.471 [reactor-http-nio-41] DEBUG reactor.netty.resources.PooledConnectionProvider - [id: 0x03f2fda7, L:/127.0.0.1:51737 - R:localhost/127.0.0.1:8083] onStateChange(GET{uri=/attractions, connection=PooledConnection{channel=[id: 0x03f2fda7, L:/127.0.0.1:51737 - R:localhost/127.0.0.1:8083]}}, [disconnecting])
15:53:22.471 [reactor-http-nio-41] DEBUG reactor.netty.resources.PooledConnectionProvider - [id: 0x03f2fda7, L:/127.0.0.1:51737 - R:localhost/127.0.0.1:8083] Releasing channel
15:53:22.471 [reactor-http-nio-46] DEBUG reactor.netty.resources.PooledConnectionProvider - [id: 0xbb1400e4, L:/127.0.0.1:51826 - R:localhost/127.0.0.1:8083] Releasing channel
15:53:22.471 [reactor-http-nio-41] DEBUG reactor.netty.resources.PooledConnectionProvider - [id: 0x03f2fda7, L:/127.0.0.1:51737 - R:localhost/127.0.0.1:8083] Channel cleaned, now 53 active connections and 248 inactive connections
15:53:22.471 [reactor-http-nio-46] DEBUG reactor.netty.resources.PooledConnectionProvider - [id: 0xbb1400e4, L:/127.0.0.1:51826 - R:localhost/127.0.0.1:8083] Channel cleaned, now 52 active connections and 249 inactive connections
15:53:22.471 [reactor-http-nio-46] DEBUG reactor.netty.http.client.HttpClientOperations - [id: 0xd8e5c342, L:/127.0.0.1:51820 - R:localhost/127.0.0.1:8083] Received last HTTP packet
15:53:22.471 [reactor-http-nio-46] DEBUG org.springframework.core.codec.StringDecoder - [2c58454a] Decoded "[{"longitude":-117.922008,"latitude":33.817595,"attractionName":"Disneyland","city":"Anaheim","stat (truncated)...
15:53:22.471 [reactor-http-nio-46] DEBUG reactor.netty.resources.PooledConnectionProvider - [id: 0xd8e5c342, L:/127.0.0.1:51820 - R:localhost/127.0.0.1:8083] onStateChange(GET{uri=/attractions, connection=PooledConnection{channel=[id: 0xd8e5c342, L:/127.0.0.1:51820 - R:localhost/127.0.0.1:8083]}}, [disconnecting])
15:53:22.472 [reactor-http-nio-46] DEBUG reactor.netty.resources.PooledConnectionProvider - [id: 0xd8e5c342, L:/127.0.0.1:51820 - R:localhost/127.0.0.1:8083] Releasing channel
15:53:22.472 [reactor-http-nio-46] DEBUG reactor.netty.resources.PooledConnectionProvider - [id: 0xd8e5c342, L:/127.0.0.1:51820 - R:localhost/127.0.0.1:8083] Channel cleaned, now 51 active connections and 250 inactive connections
15:53:22.472 [reactor-http-nio-46] DEBUG reactor.netty.http.client.HttpClientOperations - [id: 0xab4988d5, L:/127.0.0.1:51831 - R:localhost/127.0.0.1:8083] Received response (auto-read:false) : [Content-Type=application/json, Transfer-Encoding=chunked, Date=Wed, 15 Jun 2022 14:53:21 GMT]
15:53:22.472 [reactor-http-nio-46] DEBUG reactor.netty.resources.PooledConnectionProvider - [id: 0xab4988d5, L:/127.0.0.1:51831 - R:localhost/127.0.0.1:8083] onStateChange(GET{uri=/userLocation?userId=a9b9dd65-527f-42ac-9bad-4e102791e221, connection=PooledConnection{channel=[id: 0xab4988d5, L:/127.0.0.1:51831 - R:localhost/127.0.0.1:8083]}}, [response_received])
15:53:22.472 [reactor-http-nio-46] DEBUG org.springframework.web.reactive.function.client.ExchangeFunctions - [6f265a6b] Response 200 OK
15:53:22.472 [pool-44-thread-95] INFO tourGuide.service.TourGuideService - visitedLocatio tourGuide.gpsUtil.VisitedLocation@10921e4e
15:53:22.472 [reactor-http-nio-46] DEBUG reactor.netty.channel.FluxReceive - [id: 0xab4988d5, L:/127.0.0.1:51831 - R:localhost/127.0.0.1:8083] Subscribing inbound receiver [pending: 0, cancelled:false, inboundDone: false]
15:53:22.472 [reactor-http-nio-46] DEBUG reactor.netty.http.client.HttpClientOperations - [id: 0xab4988d5, L:/127.0.0.1:51831 - R:localhost/127.0.0.1:8083] Received last HTTP packet
15:53:22.472 [reactor-http-nio-46] DEBUG org.springframework.core.codec.StringDecoder - [6f265a6b] Decoded "{"userId":"a9b9dd65-527f-42ac-9bad-4e102791e221","location":{"longitude":104.334355,"latitude":-29. (truncated)...
15:53:22.472 [reactor-http-nio-46] DEBUG reactor.netty.resources.PooledConnectionProvider - [id: 0xab4988d5, L:/127.0.0.1:51831 - R:localhost/127.0.0.1:8083] onStateChange(GET{uri=/userLocation?userId=a9b9dd65-527f-42ac-9bad-4e102791e221, connection=PooledConnection{channel=[id: 0xab4988d5, L:/127.0.0.1:51831 - R:localhost/127.0.0.1:8083]}}, [disconnecting])
15:53:22.472 [reactor-http-nio-46] DEBUG reactor.netty.resources.PooledConnectionProvider - [id: 0xab4988d5, L:/127.0.0.1:51831 - R:localhost/127.0.0.1:8083] Releasing channel
15:53:22.472 [reactor-http-nio-46] DEBUG reactor.netty.resources.PooledConnectionProvider - [id: 0xab4988d5, L:/127.0.0.1:51831 - R:localhost/127.0.0.1:8083] Channel cleaned, now 50 active connections and 251 inactive connections
15:53:22.472 [pool-44-thread-95] DEBUG org.springframework.web.reactive.function.client.ExchangeFunctions - [14ad9884] HTTP GET http://localhost:8083/attractions
15:53:22.473 [pool-44-thread-101] INFO tourGuide.service.TourGuideService - visitedLocatio tourGuide.gpsUtil.VisitedLocation@61e1a9ff
15:53:22.473 [pool-44-thread-101] DEBUG org.springframework.web.reactive.function.client.ExchangeFunctions - [65de311b] HTTP GET http://localhost:8083/attractions
15:53:22.473 [reactor-http-nio-47] DEBUG reactor.netty.resources.PooledConnectionProvider - [id: 0x89da56b3, L:/127.0.0.1:51895 - R:localhost/127.0.0.1:8083] Channel acquired, now 51 active connections and 250 inactive connections
15:53:22.473 [reactor-http-nio-46] DEBUG reactor.netty.http.client.HttpClientOperations - [id: 0x3561676c, L:/127.0.0.1:51742 - R:localhost/127.0.0.1:8083] Received response (auto-read:false) : [Content-Type=application/json, Transfer-Encoding=chunked, Date=Wed, 15 Jun 2022 14:53:21 GMT]
15:53:22.473 [reactor-http-nio-46] DEBUG reactor.netty.resources.PooledConnectionProvider - [id: 0x3561676c, L:/127.0.0.1:51742 - R:localhost/127.0.0.1:8083] onStateChange(GET{uri=/userLocation?userId=14d0eb8d-1f77-466c-88a2-2dee00319a1b, connection=PooledConnection{channel=[id: 0x3561676c, L:/127.0.0.1:51742 - R:localhost/127.0.0.1:8083]}}, [response_received])
15:53:22.473 [reactor-http-nio-47] DEBUG reactor.netty.http.client.HttpClientConnect - [id: 0x89da56b3, L:/127.0.0.1:51895 - R:localhost/127.0.0.1:8083] Handler is being applied: {uri=http://localhost:8083/attractions, method=GET}
15:53:22.473 [reactor-http-nio-46] DEBUG org.springframework.web.reactive.function.client.ExchangeFunctions - [cd5933e] Response 200 OK
15:53:22.474 [reactor-http-nio-48] DEBUG reactor.netty.http.client.HttpClientOperations - [id: 0x3f7d5ef0, L:/127.0.0.1:51973 - R:localhost/127.0.0.1:8083] Received response (auto-read:false) : [Content-Type=application/json, Transfer-Encoding=chunked, Date=Wed, 15 Jun 2022 14:53:21 GMT]
15:53:22.474 [reactor-http-nio-48] DEBUG reactor.netty.resources.PooledConnectionProvider - [id: 0x3f7d5ef0, L:/127.0.0.1:51973 - R:localhost/127.0.0.1:8083] onStateChange(GET{uri=/userLocation?userId=ae999fe3-0e05-4e50-a940-dd1839f3db8b, connection=PooledConnection{channel=[id: 0x3f7d5ef0, L:/127.0.0.1:51973 - R:localhost/127.0.0.1:8083]}}, [response_received])
15:53:22.474 [reactor-http-nio-46] DEBUG reactor.netty.channel.FluxReceive - [id: 0x3561676c, L:/127.0.0.1:51742 - R:localhost/127.0.0.1:8083] Subscribing inbound receiver [pending: 0, cancelled:false, inboundDone: false]
15:53:22.474 [reactor-http-nio-48] DEBUG org.springframework.web.reactive.function.client.ExchangeFunctions - [24652a64] Response 200 OK
15:53:22.474 [reactor-http-nio-46] DEBUG reactor.netty.http.client.HttpClientOperations - [id: 0x3561676c, L:/127.0.0.1:51742 - R:localhost/127.0.0.1:8083] Received last HTTP packet
15:53:22.474 [reactor-http-nio-47] DEBUG reactor.netty.resources.PooledConnectionProvider - [id: 0x89da56b3, L:/127.0.0.1:51895 - R:localhost/127.0.0.1:8083] onStateChange(GET{uri=/attractions, connection=PooledConnection{channel=[id: 0x89da56b3, L:/127.0.0.1:51895 - R:localhost/127.0.0.1:8083]}}, [request_sent])
15:53:22.474 [reactor-http-nio-46] DEBUG org.springframework.core.codec.StringDecoder - [cd5933e] Decoded "{"userId":"14d0eb8d-1f77-466c-88a2-2dee00319a1b","location":{"longitude":108.912336,"latitude":63.1 (truncated)...
15:53:22.474 [reactor-http-nio-48] DEBUG reactor.netty.channel.FluxReceive - [id: 0x3f7d5ef0, L:/127.0.0.1:51973 - R:localhost/127.0.0.1:8083] Subscribing inbound receiver [pending: 0, cancelled:false, inboundDone: false]
15:53:22.474 [reactor-http-nio-46] DEBUG reactor.netty.resources.PooledConnectionProvider - [id: 0x3561676c, L:/127.0.0.1:51742 - R:localhost/127.0.0.1:8083] onStateChange(GET{uri=/userLocation?userId=14d0eb8d-1f77-466c-88a2-2dee00319a1b, connection=PooledConnection{channel=[id: 0x3561676c, L:/127.0.0.1:51742 - R:localhost/127.0.0.1:8083]}}, [disconnecting])
15:53:22.474 [reactor-http-nio-46] DEBUG reactor.netty.resources.PooledConnectionProvider - [id: 0x3561676c, L:/127.0.0.1:51742 - R:localhost/127.0.0.1:8083] Releasing channel
15:53:22.474 [reactor-http-nio-46] DEBUG reactor.netty.resources.PooledConnectionProvider - [id: 0x3561676c, L:/127.0.0.1:51742 - R:localhost/127.0.0.1:8083] Channel cleaned, now 50 active connections and 251 inactive connections
15:53:22.474 [reactor-http-nio-48] DEBUG reactor.netty.http.client.HttpClientOperations - [id: 0x3f7d5ef0, L:/127.0.0.1:51973 - R:localhost/127.0.0.1:8083] Received last HTTP packet
15:53:22.474 [reactor-http-nio-48] DEBUG org.springframework.core.codec.StringDecoder - [24652a64] Decoded "{"userId":"ae999fe3-0e05-4e50-a940-dd1839f3db8b","location":{"longitude":43.196971,"latitude":15.12 (truncated)...
15:53:22.474 [reactor-http-nio-48] DEBUG reactor.netty.resources.PooledConnectionProvider - [id: 0x3f7d5ef0, L:/127.0.0.1:51973 - R:localhost/127.0.0.1:8083] onStateChange(GET{uri=/userLocation?userId=ae999fe3-0e05-4e50-a940-dd1839f3db8b, connection=PooledConnection{channel=[id: 0x3f7d5ef0, L:/127.0.0.1:51973 - R:localhost/127.0.0.1:8083]}}, [disconnecting])
15:53:22.474 [reactor-http-nio-48] DEBUG reactor.netty.resources.PooledConnectionProvider - [id: 0x3f7d5ef0, L:/127.0.0.1:51973 - R:localhost/127.0.0.1:8083] Releasing channel
15:53:22.474 [reactor-http-nio-48] DEBUG reactor.netty.resources.PooledConnectionProvider - [id: 0x3f7d5ef0, L:/127.0.0.1:51973 - R:localhost/127.0.0.1:8083] Channel cleaned, now 49 active connections and 252 inactive connections
15:53:22.474 [reactor-http-nio-46] DEBUG reactor.netty.resources.PooledConnectionProvider - [id: 0x901633c4, L:/127.0.0.1:51815 - R:localhost/127.0.0.1:8083] Channel acquired, now 50 active connections and 251 inactive connections
15:53:22.474 [reactor-http-nio-46] DEBUG reactor.netty.http.client.HttpClientConnect - [id: 0x901633c4, L:/127.0.0.1:51815 - R:localhost/127.0.0.1:8083] Handler is being applied: {uri=http://localhost:8083/attractions, method=GET}
15:53:22.475 [reactor-http-nio-46] DEBUG reactor.netty.resources.PooledConnectionProvider - [id: 0x901633c4, L:/127.0.0.1:51815 - R:localhost/127.0.0.1:8083] onStateChange(GET{uri=/attractions, connection=PooledConnection{channel=[id: 0x901633c4, L:/127.0.0.1:51815 - R:localhost/127.0.0.1:8083]}}, [request_sent])
15:53:22.475 [pool-44-thread-98] INFO tourGuide.service.TourGuideService - visitedLocatio tourGuide.gpsUtil.VisitedLocation@2127cd4
15:53:22.475 [pool-44-thread-96] INFO tourGuide.service.TourGuideService - visitedLocatio tourGuide.gpsUtil.VisitedLocation@2aa2d098
15:53:22.475 [reactor-http-nio-46] DEBUG reactor.netty.http.client.HttpClientOperations - [id: 0x786dbf94, L:/127.0.0.1:51803 - R:localhost/127.0.0.1:8083] Received response (auto-read:false) : [Content-Type=application/json, Transfer-Encoding=chunked, Date=Wed, 15 Jun 2022 14:53:21 GMT]
15:53:22.475 [reactor-http-nio-46] DEBUG reactor.netty.resources.PooledConnectionProvider - [id: 0x786dbf94, L:/127.0.0.1:51803 - R:localhost/127.0.0.1:8083] onStateChange(GET{uri=/attractions, connection=PooledConnection{channel=[id: 0x786dbf94, L:/127.0.0.1:51803 - R:localhost/127.0.0.1:8083]}}, [response_received])
15:53:22.475 [reactor-http-nio-46] DEBUG org.springframework.web.reactive.function.client.ExchangeFunctions - [d9593a7] Response 200 OK
15:53:22.475 [reactor-http-nio-46] DEBUG reactor.netty.channel.FluxReceive - [id: 0x786dbf94, L:/127.0.0.1:51803 - R:localhost/127.0.0.1:8083] Subscribing inbound receiver [pending: 0, cancelled:false, inboundDone: false]
15:53:22.475 [pool-44-thread-98] DEBUG org.springframework.web.reactive.function.client.ExchangeFunctions - [62df84e] HTTP GET http://localhost:8083/attractions
15:53:22.475 [reactor-http-nio-46] DEBUG reactor.netty.http.client.HttpClientOperations - [id: 0x786dbf94, L:/127.0.0.1:51803 - R:localhost/127.0.0.1:8083] Received last HTTP packet
15:53:22.475 [reactor-http-nio-46] DEBUG org.springframework.core.codec.StringDecoder - [d9593a7] Decoded "[{"longitude":-117.922008,"latitude":33.817595,"attractionName":"Disneyland","city":"Anaheim","stat (truncated)...
15:53:22.475 [reactor-http-nio-46] DEBUG reactor.netty.resources.PooledConnectionProvider - [id: 0x786dbf94, L:/127.0.0.1:51803 - R:localhost/127.0.0.1:8083] onStateChange(GET{uri=/attractions, connection=PooledConnection{channel=[id: 0x786dbf94, L:/127.0.0.1:51803 - R:localhost/127.0.0.1:8083]}}, [disconnecting])
15:53:22.475 [reactor-http-nio-46] DEBUG reactor.netty.resources.PooledConnectionProvider - [id: 0x786dbf94, L:/127.0.0.1:51803 - R:localhost/127.0.0.1:8083] Releasing channel
15:53:22.475 [reactor-http-nio-46] DEBUG reactor.netty.resources.PooledConnectionProvider - [id: 0x786dbf94, L:/127.0.0.1:51803 - R:localhost/127.0.0.1:8083] Channel cleaned, now 49 active connections and 252 inactive connections
15:53:22.475 [pool-44-thread-96] DEBUG org.springframework.web.reactive.function.client.ExchangeFunctions - [2e9d4114] HTTP GET http://localhost:8083/attractions
15:53:22.478 [reactor-http-nio-46] DEBUG reactor.netty.resources.PooledConnectionProvider - [id: 0x21f981c4, L:/127.0.0.1:51805 - R:localhost/127.0.0.1:8083] Channel acquired, now 50 active connections and 251 inactive connections
15:53:22.478 [reactor-http-nio-46] DEBUG reactor.netty.http.client.HttpClientConnect - [id: 0x21f981c4, L:/127.0.0.1:51805 - R:localhost/127.0.0.1:8083] Handler is being applied: {uri=http://localhost:8083/attractions, method=GET}
15:53:22.478 [reactor-http-nio-46] DEBUG reactor.netty.resources.PooledConnectionProvider - [id: 0x21f981c4, L:/127.0.0.1:51805 - R:localhost/127.0.0.1:8083] onStateChange(GET{uri=/attractions, connection=PooledConnection{channel=[id: 0x21f981c4, L:/127.0.0.1:51805 - R:localhost/127.0.0.1:8083]}}, [request_sent])
15:53:22.479 [reactor-http-nio-47] DEBUG reactor.netty.resources.PooledConnectionProvider - [id: 0x7df89b85, L:/127.0.0.1:51851 - R:localhost/127.0.0.1:8083] Channel acquired, now 51 active connections and 250 inactive connections
15:53:22.479 [reactor-http-nio-47] DEBUG reactor.netty.http.client.HttpClientConnect - [id: 0x7df89b85, L:/127.0.0.1:51851 - R:localhost/127.0.0.1:8083] Handler is being applied: {uri=http://localhost:8083/attractions, method=GET}
15:53:22.480 [reactor-http-nio-47] DEBUG reactor.netty.resources.PooledConnectionProvider - [id: 0x7df89b85, L:/127.0.0.1:51851 - R:localhost/127.0.0.1:8083] onStateChange(GET{uri=/attractions, connection=PooledConnection{channel=[id: 0x7df89b85, L:/127.0.0.1:51851 - R:localhost/127.0.0.1:8083]}}, [request_sent])
15:53:22.482 [reactor-http-nio-47] DEBUG reactor.netty.http.client.HttpClientOperations - [id: 0x6cb64786, L:/127.0.0.1:51839 - R:localhost/127.0.0.1:8083] Received response (auto-read:false) : [Content-Type=application/json, Transfer-Encoding=chunked, Date=Wed, 15 Jun 2022 14:53:21 GMT]
15:53:22.482 [reactor-http-nio-47] DEBUG reactor.netty.resources.PooledConnectionProvider - [id: 0x6cb64786, L:/127.0.0.1:51839 - R:localhost/127.0.0.1:8083] onStateChange(GET{uri=/attractions, connection=PooledConnection{channel=[id: 0x6cb64786, L:/127.0.0.1:51839 - R:localhost/127.0.0.1:8083]}}, [response_received])
15:53:22.482 [reactor-http-nio-47] DEBUG org.springframework.web.reactive.function.client.ExchangeFunctions - [394d7dcd] Response 200 OK
15:53:22.482 [reactor-http-nio-47] DEBUG reactor.netty.channel.FluxReceive - [id: 0x6cb64786, L:/127.0.0.1:51839 - R:localhost/127.0.0.1:8083] Subscribing inbound receiver [pending: 0, cancelled:false, inboundDone: false]
15:53:22.482 [reactor-http-nio-46] DEBUG reactor.netty.http.client.HttpClientOperations - [id: 0xcde170f5, L:/127.0.0.1:51800 - R:localhost/127.0.0.1:8083] Received response (auto-read:false) : [Content-Type=application/json, Transfer-Encoding=chunked, Date=Wed, 15 Jun 2022 14:53:21 GMT]
15:53:22.482 [reactor-http-nio-46] DEBUG reactor.netty.resources.PooledConnectionProvider - [id: 0xcde170f5, L:/127.0.0.1:51800 - R:localhost/127.0.0.1:8083] onStateChange(GET{uri=/userLocation?userId=c11e0665-3484-4b18-b2ae-9a24e39ddfa2, connection=PooledConnection{channel=[id: 0xcde170f5, L:/127.0.0.1:51800 - R:localhost/127.0.0.1:8083]}}, [response_received])
15:53:22.482 [reactor-http-nio-47] DEBUG reactor.netty.http.client.HttpClientOperations - [id: 0x6cb64786, L:/127.0.0.1:51839 - R:localhost/127.0.0.1:8083] Received last HTTP packet
15:53:22.482 [reactor-http-nio-46] DEBUG org.springframework.web.reactive.function.client.ExchangeFunctions - [671cb0db] Response 200 OK
15:53:22.482 [reactor-http-nio-47] DEBUG org.springframework.core.codec.StringDecoder - [394d7dcd] Decoded "[{"longitude":-117.922008,"latitude":33.817595,"attractionName":"Disneyland","city":"Anaheim","stat (truncated)...
15:53:22.482 [reactor-http-nio-47] DEBUG reactor.netty.resources.PooledConnectionProvider - [id: 0x6cb64786, L:/127.0.0.1:51839 - R:localhost/127.0.0.1:8083] onStateChange(GET{uri=/attractions, connection=PooledConnection{channel=[id: 0x6cb64786, L:/127.0.0.1:51839 - R:localhost/127.0.0.1:8083]}}, [disconnecting])
15:53:22.482 [reactor-http-nio-47] DEBUG reactor.netty.resources.PooledConnectionProvider - [id: 0x6cb64786, L:/127.0.0.1:51839 - R:localhost/127.0.0.1:8083] Releasing channel
15:53:22.482 [reactor-http-nio-47] DEBUG reactor.netty.resources.PooledConnectionProvider - [id: 0x6cb64786, L:/127.0.0.1:51839 - R:localhost/127.0.0.1:8083] Channel cleaned, now 50 active connections and 251 inactive connections
15:53:22.482 [reactor-http-nio-46] DEBUG reactor.netty.channel.FluxReceive - [id: 0xcde170f5, L:/127.0.0.1:51800 - R:localhost/127.0.0.1:8083] Subscribing inbound receiver [pending: 0, cancelled:false, inboundDone: false]
15:53:22.483 [reactor-http-nio-46] DEBUG reactor.netty.http.client.HttpClientOperations - [id: 0xcde170f5, L:/127.0.0.1:51800 - R:localhost/127.0.0.1:8083] Received last HTTP packet
15:53:22.483 [reactor-http-nio-46] DEBUG org.springframework.core.codec.StringDecoder - [671cb0db] Decoded "{"userId":"c11e0665-3484-4b18-b2ae-9a24e39ddfa2","location":{"longitude":-89.534323,"latitude":-77. (truncated)...
15:53:22.483 [reactor-http-nio-46] DEBUG reactor.netty.resources.PooledConnectionProvider - [id: 0xcde170f5, L:/127.0.0.1:51800 - R:localhost/127.0.0.1:8083] onStateChange(GET{uri=/userLocation?userId=c11e0665-3484-4b18-b2ae-9a24e39ddfa2, connection=PooledConnection{channel=[id: 0xcde170f5, L:/127.0.0.1:51800 - R:localhost/127.0.0.1:8083]}}, [disconnecting])
15:53:22.483 [reactor-http-nio-46] DEBUG reactor.netty.resources.PooledConnectionProvider - [id: 0xcde170f5, L:/127.0.0.1:51800 - R:localhost/127.0.0.1:8083] Releasing channel
15:53:22.483 [reactor-http-nio-46] DEBUG reactor.netty.resources.PooledConnectionProvider - [id: 0xcde170f5, L:/127.0.0.1:51800 - R:localhost/127.0.0.1:8083] Channel cleaned, now 49 active connections and 252 inactive connections
15:53:22.483 [pool-44-thread-87] INFO tourGuide.service.TourGuideService - visitedLocatio tourGuide.gpsUtil.VisitedLocation@69db5248
15:53:22.484 [pool-44-thread-87] DEBUG org.springframework.web.reactive.function.client.ExchangeFunctions - [6de4dbab] HTTP GET http://localhost:8083/attractions
15:53:22.485 [reactor-http-nio-41] DEBUG reactor.netty.http.client.HttpClientOperations - [id: 0x1649a857, L:/127.0.0.1:51794 - R:localhost/127.0.0.1:8083] Received last HTTP packet
15:53:22.485 [reactor-http-nio-41] DEBUG org.springframework.core.codec.StringDecoder - [79aa536e] Decoded "[{"longitude":-117.922008,"latitude":33.817595,"attractionName":"Disneyland","city":"Anaheim","stat (truncated)...
15:53:22.485 [reactor-http-nio-41] DEBUG reactor.netty.resources.PooledConnectionProvider - [id: 0x1649a857, L:/127.0.0.1:51794 - R:localhost/127.0.0.1:8083] onStateChange(GET{uri=/attractions, connection=PooledConnection{channel=[id: 0x1649a857, L:/127.0.0.1:51794 - R:localhost/127.0.0.1:8083]}}, [disconnecting])
15:53:22.485 [reactor-http-nio-41] DEBUG reactor.netty.resources.PooledConnectionProvider - [id: 0x1649a857, L:/127.0.0.1:51794 - R:localhost/127.0.0.1:8083] Releasing channel
15:53:22.485 [reactor-http-nio-41] DEBUG reactor.netty.resources.PooledConnectionProvider - [id: 0x1649a857, L:/127.0.0.1:51794 - R:localhost/127.0.0.1:8083] Channel cleaned, now 48 active connections and 253 inactive connections
15:53:22.485 [reactor-http-nio-41] DEBUG reactor.netty.http.client.HttpClientOperations - [id: 0x7286e1e8, L:/127.0.0.1:51739 - R:localhost/127.0.0.1:8083] Received response (auto-read:false) : [Content-Type=application/json, Transfer-Encoding=chunked, Date=Wed, 15 Jun 2022 14:53:21 GMT]
15:53:22.485 [reactor-http-nio-41] DEBUG reactor.netty.resources.PooledConnectionProvider - [id: 0x7286e1e8, L:/127.0.0.1:51739 - R:localhost/127.0.0.1:8083] onStateChange(GET{uri=/attractions, connection=PooledConnection{channel=[id: 0x7286e1e8, L:/127.0.0.1:51739 - R:localhost/127.0.0.1:8083]}}, [response_received])
15:53:22.485 [reactor-http-nio-41] DEBUG org.springframework.web.reactive.function.client.ExchangeFunctions - [db5fdd7] Response 200 OK
15:53:22.486 [reactor-http-nio-41] DEBUG reactor.netty.channel.FluxReceive - [id: 0x7286e1e8, L:/127.0.0.1:51739 - R:localhost/127.0.0.1:8083] Subscribing inbound receiver [pending: 0, cancelled:false, inboundDone: false]
15:53:22.486 [reactor-http-nio-41] DEBUG reactor.netty.http.client.HttpClientOperations - [id: 0x7286e1e8, L:/127.0.0.1:51739 - R:localhost/127.0.0.1:8083] Received last HTTP packet
15:53:22.486 [reactor-http-nio-41] DEBUG org.springframework.core.codec.StringDecoder - [db5fdd7] Decoded "[{"longitude":-117.922008,"latitude":33.817595,"attractionName":"Disneyland","city":"Anaheim","stat (truncated)...
15:53:22.486 [reactor-http-nio-41] DEBUG reactor.netty.resources.PooledConnectionProvider - [id: 0x7286e1e8, L:/127.0.0.1:51739 - R:localhost/127.0.0.1:8083] onStateChange(GET{uri=/attractions, connection=PooledConnection{channel=[id: 0x7286e1e8, L:/127.0.0.1:51739 - R:localhost/127.0.0.1:8083]}}, [disconnecting])
15:53:22.486 [reactor-http-nio-41] DEBUG reactor.netty.resources.PooledConnectionProvider - [id: 0x7286e1e8, L:/127.0.0.1:51739 - R:localhost/127.0.0.1:8083] Releasing channel
15:53:22.486 [reactor-http-nio-41] DEBUG reactor.netty.resources.PooledConnectionProvider - [id: 0x7286e1e8, L:/127.0.0.1:51739 - R:localhost/127.0.0.1:8083] Channel cleaned, now 47 active connections and 254 inactive connections
15:53:22.488 [reactor-http-nio-48] DEBUG reactor.netty.resources.PooledConnectionProvider - [id: 0x7b10d5b9, L:/127.0.0.1:51958 - R:localhost/127.0.0.1:8083] Channel acquired, now 48 active connections and 253 inactive connections
15:53:22.488 [reactor-http-nio-48] DEBUG reactor.netty.http.client.HttpClientConnect - [id: 0x7b10d5b9, L:/127.0.0.1:51958 - R:localhost/127.0.0.1:8083] Handler is being applied: {uri=http://localhost:8083/attractions, method=GET}
15:53:22.489 [reactor-http-nio-48] DEBUG reactor.netty.resources.PooledConnectionProvider - [id: 0x7b10d5b9, L:/127.0.0.1:51958 - R:localhost/127.0.0.1:8083] onStateChange(GET{uri=/attractions, connection=PooledConnection{channel=[id: 0x7b10d5b9, L:/127.0.0.1:51958 - R:localhost/127.0.0.1:8083]}}, [request_sent])
15:53:22.490 [reactor-http-nio-47] DEBUG reactor.netty.http.client.HttpClientOperations - [id: 0xc3efdf02, L:/127.0.0.1:51700 - R:localhost/127.0.0.1:8083] Received response (auto-read:false) : [Content-Type=application/json, Transfer-Encoding=chunked, Date=Wed, 15 Jun 2022 14:53:21 GMT]
15:53:22.490 [reactor-http-nio-47] DEBUG reactor.netty.resources.PooledConnectionProvider - [id: 0xc3efdf02, L:/127.0.0.1:51700 - R:localhost/127.0.0.1:8083] onStateChange(GET{uri=/attractions, connection=PooledConnection{channel=[id: 0xc3efdf02, L:/127.0.0.1:51700 - R:localhost/127.0.0.1:8083]}}, [response_received])
15:53:22.490 [reactor-http-nio-47] DEBUG org.springframework.web.reactive.function.client.ExchangeFunctions - [402e759e] Response 200 OK
15:53:22.490 [reactor-http-nio-47] DEBUG reactor.netty.channel.FluxReceive - [id: 0xc3efdf02, L:/127.0.0.1:51700 - R:localhost/127.0.0.1:8083] Subscribing inbound receiver [pending: 0, cancelled:false, inboundDone: false]
15:53:22.490 [reactor-http-nio-48] DEBUG reactor.netty.http.client.HttpClientOperations - [id: 0xaf6e9f28, L:/127.0.0.1:51878 - R:localhost/127.0.0.1:8083] Received response (auto-read:false) : [Content-Type=application/json, Transfer-Encoding=chunked, Date=Wed, 15 Jun 2022 14:53:21 GMT]
15:53:22.490 [reactor-http-nio-48] DEBUG reactor.netty.resources.PooledConnectionProvider - [id: 0xaf6e9f28, L:/127.0.0.1:51878 - R:localhost/127.0.0.1:8083] onStateChange(GET{uri=/userLocation?userId=16db7781-a364-441c-b0a4-a7a97360c342, connection=PooledConnection{channel=[id: 0xaf6e9f28, L:/127.0.0.1:51878 - R:localhost/127.0.0.1:8083]}}, [response_received])
15:53:22.490 [reactor-http-nio-48] DEBUG org.springframework.web.reactive.function.client.ExchangeFunctions - [93e47f5] Response 200 OK
15:53:22.490 [reactor-http-nio-47] DEBUG reactor.netty.http.client.HttpClientOperations - [id: 0xc3efdf02, L:/127.0.0.1:51700 - R:localhost/127.0.0.1:8083] Received last HTTP packet
15:53:22.490 [reactor-http-nio-48] DEBUG reactor.netty.channel.FluxReceive - [id: 0xaf6e9f28, L:/127.0.0.1:51878 - R:localhost/127.0.0.1:8083] Subscribing inbound receiver [pending: 0, cancelled:false, inboundDone: false]
15:53:22.490 [reactor-http-nio-47] DEBUG org.springframework.core.codec.StringDecoder - [402e759e] Decoded "[{"longitude":-117.922008,"latitude":33.817595,"attractionName":"Disneyland","city":"Anaheim","stat (truncated)...
15:53:22.490 [reactor-http-nio-47] DEBUG reactor.netty.resources.PooledConnectionProvider - [id: 0xc3efdf02, L:/127.0.0.1:51700 - R:localhost/127.0.0.1:8083] onStateChange(GET{uri=/attractions, connection=PooledConnection{channel=[id: 0xc3efdf02, L:/127.0.0.1:51700 - R:localhost/127.0.0.1:8083]}}, [disconnecting])
15:53:22.490 [reactor-http-nio-47] DEBUG reactor.netty.resources.PooledConnectionProvider - [id: 0xc3efdf02, L:/127.0.0.1:51700 - R:localhost/127.0.0.1:8083] Releasing channel
15:53:22.490 [reactor-http-nio-47] DEBUG reactor.netty.resources.PooledConnectionProvider - [id: 0xc3efdf02, L:/127.0.0.1:51700 - R:localhost/127.0.0.1:8083] Channel cleaned, now 47 active connections and 254 inactive connections
15:53:22.490 [reactor-http-nio-48] DEBUG reactor.netty.http.client.HttpClientOperations - [id: 0x52b43451, L:/127.0.0.1:51966 - R:localhost/127.0.0.1:8083] Received response (auto-read:false) : [Content-Type=application/json, Transfer-Encoding=chunked, Date=Wed, 15 Jun 2022 14:53:21 GMT]
15:53:22.490 [reactor-http-nio-48] DEBUG reactor.netty.resources.PooledConnectionProvider - [id: 0x52b43451, L:/127.0.0.1:51966 - R:localhost/127.0.0.1:8083] onStateChange(GET{uri=/attractions, connection=PooledConnection{channel=[id: 0x52b43451, L:/127.0.0.1:51966 - R:localhost/127.0.0.1:8083]}}, [response_received])
15:53:22.490 [reactor-http-nio-48] DEBUG org.springframework.web.reactive.function.client.ExchangeFunctions - [58862d97] Response 200 OK
15:53:22.491 [reactor-http-nio-48] DEBUG reactor.netty.channel.FluxReceive - [id: 0x52b43451, L:/127.0.0.1:51966 - R:localhost/127.0.0.1:8083] Subscribing inbound receiver [pending: 0, cancelled:false, inboundDone: false]
15:53:22.491 [reactor-http-nio-48] DEBUG reactor.netty.http.client.HttpClientOperations - [id: 0x52b43451, L:/127.0.0.1:51966 - R:localhost/127.0.0.1:8083] Received last HTTP packet
15:53:22.491 [reactor-http-nio-48] DEBUG org.springframework.core.codec.StringDecoder - [58862d97] Decoded "[{"longitude":-117.922008,"latitude":33.817595,"attractionName":"Disneyland","city":"Anaheim","stat (truncated)...
15:53:22.491 [reactor-http-nio-48] DEBUG reactor.netty.resources.PooledConnectionProvider - [id: 0x52b43451, L:/127.0.0.1:51966 - R:localhost/127.0.0.1:8083] onStateChange(GET{uri=/attractions, connection=PooledConnection{channel=[id: 0x52b43451, L:/127.0.0.1:51966 - R:localhost/127.0.0.1:8083]}}, [disconnecting])
15:53:22.491 [reactor-http-nio-48] DEBUG reactor.netty.resources.PooledConnectionProvider - [id: 0x52b43451, L:/127.0.0.1:51966 - R:localhost/127.0.0.1:8083] Releasing channel
15:53:22.491 [reactor-http-nio-48] DEBUG reactor.netty.resources.PooledConnectionProvider - [id: 0x52b43451, L:/127.0.0.1:51966 - R:localhost/127.0.0.1:8083] Channel cleaned, now 46 active connections and 255 inactive connections
15:53:22.491 [reactor-http-nio-47] DEBUG reactor.netty.http.client.HttpClientOperations - [id: 0x9ce465db, L:/127.0.0.1:51838 - R:localhost/127.0.0.1:8083] Received response (auto-read:false) : [Content-Type=application/json, Transfer-Encoding=chunked, Date=Wed, 15 Jun 2022 14:53:21 GMT]
15:53:22.491 [reactor-http-nio-47] DEBUG reactor.netty.resources.PooledConnectionProvider - [id: 0x9ce465db, L:/127.0.0.1:51838 - R:localhost/127.0.0.1:8083] onStateChange(GET{uri=/attractions, connection=PooledConnection{channel=[id: 0x9ce465db, L:/127.0.0.1:51838 - R:localhost/127.0.0.1:8083]}}, [response_received])
15:53:22.491 [reactor-http-nio-47] DEBUG org.springframework.web.reactive.function.client.ExchangeFunctions - [308713c1] Response 200 OK
15:53:22.491 [reactor-http-nio-48] DEBUG reactor.netty.http.client.HttpClientOperations - [id: 0xaf6e9f28, L:/127.0.0.1:51878 - R:localhost/127.0.0.1:8083] Received last HTTP packet
15:53:22.491 [reactor-http-nio-48] DEBUG org.springframework.core.codec.StringDecoder - [93e47f5] Decoded "{"userId":"16db7781-a364-441c-b0a4-a7a97360c342","location":{"longitude":33.633538,"latitude":28.11 (truncated)...
15:53:22.491 [reactor-http-nio-48] DEBUG reactor.netty.resources.PooledConnectionProvider - [id: 0xaf6e9f28, L:/127.0.0.1:51878 - R:localhost/127.0.0.1:8083] onStateChange(GET{uri=/userLocation?userId=16db7781-a364-441c-b0a4-a7a97360c342, connection=PooledConnection{channel=[id: 0xaf6e9f28, L:/127.0.0.1:51878 - R:localhost/127.0.0.1:8083]}}, [disconnecting])
15:53:22.491 [reactor-http-nio-48] DEBUG reactor.netty.resources.PooledConnectionProvider - [id: 0xaf6e9f28, L:/127.0.0.1:51878 - R:localhost/127.0.0.1:8083] Releasing channel
15:53:22.491 [reactor-http-nio-47] DEBUG reactor.netty.channel.FluxReceive - [id: 0x9ce465db, L:/127.0.0.1:51838 - R:localhost/127.0.0.1:8083] Subscribing inbound receiver [pending: 0, cancelled:false, inboundDone: false]
15:53:22.491 [reactor-http-nio-48] DEBUG reactor.netty.resources.PooledConnectionProvider - [id: 0xaf6e9f28, L:/127.0.0.1:51878 - R:localhost/127.0.0.1:8083] Channel cleaned, now 45 active connections and 256 inactive connections
15:53:22.491 [reactor-http-nio-47] DEBUG reactor.netty.http.client.HttpClientOperations - [id: 0x9ce465db, L:/127.0.0.1:51838 - R:localhost/127.0.0.1:8083] Received last HTTP packet
15:53:22.491 [reactor-http-nio-47] DEBUG org.springframework.core.codec.StringDecoder - [308713c1] Decoded "[{"longitude":-117.922008,"latitude":33.817595,"attractionName":"Disneyland","city":"Anaheim","stat (truncated)...
15:53:22.491 [reactor-http-nio-47] DEBUG reactor.netty.resources.PooledConnectionProvider - [id: 0x9ce465db, L:/127.0.0.1:51838 - R:localhost/127.0.0.1:8083] onStateChange(GET{uri=/attractions, connection=PooledConnection{channel=[id: 0x9ce465db, L:/127.0.0.1:51838 - R:localhost/127.0.0.1:8083]}}, [disconnecting])
15:53:22.491 [reactor-http-nio-47] DEBUG reactor.netty.resources.PooledConnectionProvider - [id: 0x9ce465db, L:/127.0.0.1:51838 - R:localhost/127.0.0.1:8083] Releasing channel
15:53:22.491 [reactor-http-nio-47] DEBUG reactor.netty.resources.PooledConnectionProvider - [id: 0x9ce465db, L:/127.0.0.1:51838 - R:localhost/127.0.0.1:8083] Channel cleaned, now 44 active connections and 257 inactive connections
15:53:22.492 [pool-44-thread-70] INFO tourGuide.service.TourGuideService - visitedLocatio tourGuide.gpsUtil.VisitedLocation@7f9b8a2
15:53:22.493 [pool-44-thread-70] DEBUG org.springframework.web.reactive.function.client.ExchangeFunctions - [3c62c85] HTTP GET http://localhost:8083/attractions
15:53:22.496 [reactor-http-nio-46] DEBUG reactor.netty.resources.PooledConnectionProvider - [id: 0x235f3a5b, L:/127.0.0.1:51771 - R:localhost/127.0.0.1:8083] Channel acquired, now 45 active connections and 256 inactive connections
15:53:22.496 [reactor-http-nio-46] DEBUG reactor.netty.http.client.HttpClientConnect - [id: 0x235f3a5b, L:/127.0.0.1:51771 - R:localhost/127.0.0.1:8083] Handler is being applied: {uri=http://localhost:8083/attractions, method=GET}
15:53:22.497 [reactor-http-nio-46] DEBUG reactor.netty.resources.PooledConnectionProvider - [id: 0x235f3a5b, L:/127.0.0.1:51771 - R:localhost/127.0.0.1:8083] onStateChange(GET{uri=/attractions, connection=PooledConnection{channel=[id: 0x235f3a5b, L:/127.0.0.1:51771 - R:localhost/127.0.0.1:8083]}}, [request_sent])
15:53:22.498 [reactor-http-nio-41] DEBUG reactor.netty.http.client.HttpClientOperations - [id: 0x35df572e, L:/127.0.0.1:51740 - R:localhost/127.0.0.1:8083] Received response (auto-read:false) : [Content-Type=application/json, Transfer-Encoding=chunked, Date=Wed, 15 Jun 2022 14:53:21 GMT]
15:53:22.498 [reactor-http-nio-41] DEBUG reactor.netty.resources.PooledConnectionProvider - [id: 0x35df572e, L:/127.0.0.1:51740 - R:localhost/127.0.0.1:8083] onStateChange(GET{uri=/attractions, connection=PooledConnection{channel=[id: 0x35df572e, L:/127.0.0.1:51740 - R:localhost/127.0.0.1:8083]}}, [response_received])
15:53:22.498 [reactor-http-nio-41] DEBUG org.springframework.web.reactive.function.client.ExchangeFunctions - [1af2d747] Response 200 OK
15:53:22.498 [reactor-http-nio-46] DEBUG reactor.netty.http.client.HttpClientOperations - [id: 0x2579fbf5, L:/127.0.0.1:51828 - R:localhost/127.0.0.1:8083] Received response (auto-read:false) : [Content-Type=application/json, Transfer-Encoding=chunked, Date=Wed, 15 Jun 2022 14:53:21 GMT]
15:53:22.498 [reactor-http-nio-46] DEBUG reactor.netty.resources.PooledConnectionProvider - [id: 0x2579fbf5, L:/127.0.0.1:51828 - R:localhost/127.0.0.1:8083] onStateChange(GET{uri=/attractions, connection=PooledConnection{channel=[id: 0x2579fbf5, L:/127.0.0.1:51828 - R:localhost/127.0.0.1:8083]}}, [response_received])
15:53:22.498 [reactor-http-nio-46] DEBUG org.springframework.web.reactive.function.client.ExchangeFunctions - [29375782] Response 200 OK
15:53:22.498 [reactor-http-nio-41] DEBUG reactor.netty.channel.FluxReceive - [id: 0x35df572e, L:/127.0.0.1:51740 - R:localhost/127.0.0.1:8083] Subscribing inbound receiver [pending: 0, cancelled:false, inboundDone: false]
15:53:22.498 [reactor-http-nio-41] DEBUG reactor.netty.http.client.HttpClientOperations - [id: 0x35df572e, L:/127.0.0.1:51740 - R:localhost/127.0.0.1:8083] Received last HTTP packet
15:53:22.498 [reactor-http-nio-46] DEBUG reactor.netty.channel.FluxReceive - [id: 0x2579fbf5, L:/127.0.0.1:51828 - R:localhost/127.0.0.1:8083] Subscribing inbound receiver [pending: 0, cancelled:false, inboundDone: false]
15:53:22.498 [reactor-http-nio-46] DEBUG reactor.netty.http.client.HttpClientOperations - [id: 0x2579fbf5, L:/127.0.0.1:51828 - R:localhost/127.0.0.1:8083] Received last HTTP packet
15:53:22.498 [reactor-http-nio-41] DEBUG org.springframework.core.codec.StringDecoder - [1af2d747] Decoded "[{"longitude":-117.922008,"latitude":33.817595,"attractionName":"Disneyland","city":"Anaheim","stat (truncated)...
15:53:22.498 [reactor-http-nio-46] DEBUG org.springframework.core.codec.StringDecoder - [29375782] Decoded "[{"longitude":-117.922008,"latitude":33.817595,"attractionName":"Disneyland","city":"Anaheim","stat (truncated)...
15:53:22.498 [reactor-http-nio-46] DEBUG reactor.netty.resources.PooledConnectionProvider - [id: 0x2579fbf5, L:/127.0.0.1:51828 - R:localhost/127.0.0.1:8083] onStateChange(GET{uri=/attractions, connection=PooledConnection{channel=[id: 0x2579fbf5, L:/127.0.0.1:51828 - R:localhost/127.0.0.1:8083]}}, [disconnecting])
15:53:22.498 [reactor-http-nio-46] DEBUG reactor.netty.resources.PooledConnectionProvider - [id: 0x2579fbf5, L:/127.0.0.1:51828 - R:localhost/127.0.0.1:8083] Releasing channel
15:53:22.498 [reactor-http-nio-41] DEBUG reactor.netty.resources.PooledConnectionProvider - [id: 0x35df572e, L:/127.0.0.1:51740 - R:localhost/127.0.0.1:8083] onStateChange(GET{uri=/attractions, connection=PooledConnection{channel=[id: 0x35df572e, L:/127.0.0.1:51740 - R:localhost/127.0.0.1:8083]}}, [disconnecting])
15:53:22.498 [reactor-http-nio-41] DEBUG reactor.netty.resources.PooledConnectionProvider - [id: 0x35df572e, L:/127.0.0.1:51740 - R:localhost/127.0.0.1:8083] Releasing channel
15:53:22.498 [reactor-http-nio-46] DEBUG reactor.netty.resources.PooledConnectionProvider - [id: 0x2579fbf5, L:/127.0.0.1:51828 - R:localhost/127.0.0.1:8083] Channel cleaned, now 44 active connections and 257 inactive connections
15:53:22.498 [reactor-http-nio-41] DEBUG reactor.netty.resources.PooledConnectionProvider - [id: 0x35df572e, L:/127.0.0.1:51740 - R:localhost/127.0.0.1:8083] Channel cleaned, now 43 active connections and 258 inactive connections
15:53:22.500 [reactor-http-nio-47] DEBUG reactor.netty.http.client.HttpClientOperations - [id: 0x8cd960d5, L:/127.0.0.1:51696 - R:localhost/127.0.0.1:8083] Received response (auto-read:false) : [Content-Type=application/json, Transfer-Encoding=chunked, Date=Wed, 15 Jun 2022 14:53:21 GMT]
15:53:22.500 [reactor-http-nio-47] DEBUG reactor.netty.resources.PooledConnectionProvider - [id: 0x8cd960d5, L:/127.0.0.1:51696 - R:localhost/127.0.0.1:8083] onStateChange(GET{uri=/attractions, connection=PooledConnection{channel=[id: 0x8cd960d5, L:/127.0.0.1:51696 - R:localhost/127.0.0.1:8083]}}, [response_received])
15:53:22.500 [reactor-http-nio-41] DEBUG reactor.netty.http.client.HttpClientOperations - [id: 0x9cec33d8, L:/127.0.0.1:51722 - R:localhost/127.0.0.1:8083] Received response (auto-read:false) : [Content-Type=application/json, Transfer-Encoding=chunked, Date=Wed, 15 Jun 2022 14:53:21 GMT]
15:53:22.500 [reactor-http-nio-47] DEBUG org.springframework.web.reactive.function.client.ExchangeFunctions - [5aa8002e] Response 200 OK
15:53:22.500 [reactor-http-nio-46] DEBUG reactor.netty.http.client.HttpClientOperations - [id: 0x3ccb8a7e, L:/127.0.0.1:51774 - R:localhost/127.0.0.1:8083] Received response (auto-read:false) : [Content-Type=application/json, Transfer-Encoding=chunked, Date=Wed, 15 Jun 2022 14:53:21 GMT]
15:53:22.500 [reactor-http-nio-46] DEBUG reactor.netty.resources.PooledConnectionProvider - [id: 0x3ccb8a7e, L:/127.0.0.1:51774 - R:localhost/127.0.0.1:8083] onStateChange(GET{uri=/attractions, connection=PooledConnection{channel=[id: 0x3ccb8a7e, L:/127.0.0.1:51774 - R:localhost/127.0.0.1:8083]}}, [response_received])
15:53:22.500 [reactor-http-nio-46] DEBUG org.springframework.web.reactive.function.client.ExchangeFunctions - [6a492069] Response 200 OK
15:53:22.500 [reactor-http-nio-48] DEBUG reactor.netty.http.client.HttpClientOperations - [id: 0xa37fa9fc, L:/127.0.0.1:51894 - R:localhost/127.0.0.1:8083] Received response (auto-read:false) : [Content-Type=application/json, Transfer-Encoding=chunked, Date=Wed, 15 Jun 2022 14:53:21 GMT]
15:53:22.500 [reactor-http-nio-48] DEBUG reactor.netty.resources.PooledConnectionProvider - [id: 0xa37fa9fc, L:/127.0.0.1:51894 - R:localhost/127.0.0.1:8083] onStateChange(GET{uri=/attractions, connection=PooledConnection{channel=[id: 0xa37fa9fc, L:/127.0.0.1:51894 - R:localhost/127.0.0.1:8083]}}, [response_received])
15:53:22.500 [reactor-http-nio-48] DEBUG org.springframework.web.reactive.function.client.ExchangeFunctions - [26c6b760] Response 200 OK
15:53:22.500 [reactor-http-nio-47] DEBUG reactor.netty.channel.FluxReceive - [id: 0x8cd960d5, L:/127.0.0.1:51696 - R:localhost/127.0.0.1:8083] Subscribing inbound receiver [pending: 0, cancelled:false, inboundDone: false]
15:53:22.500 [reactor-http-nio-41] DEBUG reactor.netty.resources.PooledConnectionProvider - [id: 0x9cec33d8, L:/127.0.0.1:51722 - R:localhost/127.0.0.1:8083] onStateChange(GET{uri=/attractions, connection=PooledConnection{channel=[id: 0x9cec33d8, L:/127.0.0.1:51722 - R:localhost/127.0.0.1:8083]}}, [response_received])
15:53:22.500 [reactor-http-nio-48] DEBUG reactor.netty.channel.FluxReceive - [id: 0xa37fa9fc, L:/127.0.0.1:51894 - R:localhost/127.0.0.1:8083] Subscribing inbound receiver [pending: 0, cancelled:false, inboundDone: false]
15:53:22.500 [reactor-http-nio-41] DEBUG org.springframework.web.reactive.function.client.ExchangeFunctions - [5a5e3fe4] Response 200 OK
15:53:22.500 [reactor-http-nio-47] DEBUG reactor.netty.http.client.HttpClientOperations - [id: 0x8cd960d5, L:/127.0.0.1:51696 - R:localhost/127.0.0.1:8083] Received last HTTP packet
15:53:22.500 [reactor-http-nio-41] DEBUG reactor.netty.channel.FluxReceive - [id: 0x9cec33d8, L:/127.0.0.1:51722 - R:localhost/127.0.0.1:8083] Subscribing inbound receiver [pending: 0, cancelled:false, inboundDone: false]
15:53:22.500 [reactor-http-nio-47] DEBUG org.springframework.core.codec.StringDecoder - [5aa8002e] Decoded "[{"longitude":-117.922008,"latitude":33.817595,"attractionName":"Disneyland","city":"Anaheim","stat (truncated)...
15:53:22.500 [reactor-http-nio-46] DEBUG reactor.netty.channel.FluxReceive - [id: 0x3ccb8a7e, L:/127.0.0.1:51774 - R:localhost/127.0.0.1:8083] Subscribing inbound receiver [pending: 0, cancelled:false, inboundDone: false]
15:53:22.500 [reactor-http-nio-47] DEBUG reactor.netty.resources.PooledConnectionProvider - [id: 0x8cd960d5, L:/127.0.0.1:51696 - R:localhost/127.0.0.1:8083] onStateChange(GET{uri=/attractions, connection=PooledConnection{channel=[id: 0x8cd960d5, L:/127.0.0.1:51696 - R:localhost/127.0.0.1:8083]}}, [disconnecting])
15:53:22.500 [reactor-http-nio-47] DEBUG reactor.netty.resources.PooledConnectionProvider - [id: 0x8cd960d5, L:/127.0.0.1:51696 - R:localhost/127.0.0.1:8083] Releasing channel
15:53:22.500 [reactor-http-nio-41] DEBUG reactor.netty.http.client.HttpClientOperations - [id: 0x9cec33d8, L:/127.0.0.1:51722 - R:localhost/127.0.0.1:8083] Received last HTTP packet
15:53:22.500 [reactor-http-nio-47] DEBUG reactor.netty.resources.PooledConnectionProvider - [id: 0x8cd960d5, L:/127.0.0.1:51696 - R:localhost/127.0.0.1:8083] Channel cleaned, now 42 active connections and 259 inactive connections
15:53:22.500 [reactor-http-nio-46] DEBUG reactor.netty.http.client.HttpClientOperations - [id: 0x3ccb8a7e, L:/127.0.0.1:51774 - R:localhost/127.0.0.1:8083] Received last HTTP packet
15:53:22.500 [reactor-http-nio-41] DEBUG org.springframework.core.codec.StringDecoder - [5a5e3fe4] Decoded "[{"longitude":-117.922008,"latitude":33.817595,"attractionName":"Disneyland","city":"Anaheim","stat (truncated)...
15:53:22.500 [reactor-http-nio-41] DEBUG reactor.netty.resources.PooledConnectionProvider - [id: 0x9cec33d8, L:/127.0.0.1:51722 - R:localhost/127.0.0.1:8083] onStateChange(GET{uri=/attractions, connection=PooledConnection{channel=[id: 0x9cec33d8, L:/127.0.0.1:51722 - R:localhost/127.0.0.1:8083]}}, [disconnecting])
15:53:22.500 [reactor-http-nio-41] DEBUG reactor.netty.resources.PooledConnectionProvider - [id: 0x9cec33d8, L:/127.0.0.1:51722 - R:localhost/127.0.0.1:8083] Releasing channel
15:53:22.500 [reactor-http-nio-46] DEBUG org.springframework.core.codec.StringDecoder - [6a492069] Decoded "[{"longitude":-117.922008,"latitude":33.817595,"attractionName":"Disneyland","city":"Anaheim","stat (truncated)...
15:53:22.500 [reactor-http-nio-41] DEBUG reactor.netty.resources.PooledConnectionProvider - [id: 0x9cec33d8, L:/127.0.0.1:51722 - R:localhost/127.0.0.1:8083] Channel cleaned, now 41 active connections and 260 inactive connections
15:53:22.500 [reactor-http-nio-46] DEBUG reactor.netty.resources.PooledConnectionProvider - [id: 0x3ccb8a7e, L:/127.0.0.1:51774 - R:localhost/127.0.0.1:8083] onStateChange(GET{uri=/attractions, connection=PooledConnection{channel=[id: 0x3ccb8a7e, L:/127.0.0.1:51774 - R:localhost/127.0.0.1:8083]}}, [disconnecting])
15:53:22.500 [reactor-http-nio-46] DEBUG reactor.netty.resources.PooledConnectionProvider - [id: 0x3ccb8a7e, L:/127.0.0.1:51774 - R:localhost/127.0.0.1:8083] Releasing channel
15:53:22.500 [reactor-http-nio-46] DEBUG reactor.netty.resources.PooledConnectionProvider - [id: 0x3ccb8a7e, L:/127.0.0.1:51774 - R:localhost/127.0.0.1:8083] Channel cleaned, now 40 active connections and 261 inactive connections
15:53:22.501 [reactor-http-nio-41] DEBUG reactor.netty.http.client.HttpClientOperations - [id: 0x48bd25d1, L:/127.0.0.1:51711 - R:localhost/127.0.0.1:8083] Received response (auto-read:false) : [Content-Type=application/json, Transfer-Encoding=chunked, Date=Wed, 15 Jun 2022 14:53:21 GMT]
15:53:22.501 [reactor-http-nio-41] DEBUG reactor.netty.resources.PooledConnectionProvider - [id: 0x48bd25d1, L:/127.0.0.1:51711 - R:localhost/127.0.0.1:8083] onStateChange(GET{uri=/attractions, connection=PooledConnection{channel=[id: 0x48bd25d1, L:/127.0.0.1:51711 - R:localhost/127.0.0.1:8083]}}, [response_received])
15:53:22.501 [reactor-http-nio-48] DEBUG reactor.netty.http.client.HttpClientOperations - [id: 0xa37fa9fc, L:/127.0.0.1:51894 - R:localhost/127.0.0.1:8083] Received last HTTP packet
15:53:22.501 [reactor-http-nio-41] DEBUG org.springframework.web.reactive.function.client.ExchangeFunctions - [67decd7] Response 200 OK
15:53:22.502 [reactor-http-nio-48] DEBUG org.springframework.core.codec.StringDecoder - [26c6b760] Decoded "[{"longitude":-117.922008,"latitude":33.817595,"attractionName":"Disneyland","city":"Anaheim","stat (truncated)...
15:53:22.502 [reactor-http-nio-48] DEBUG reactor.netty.resources.PooledConnectionProvider - [id: 0xa37fa9fc, L:/127.0.0.1:51894 - R:localhost/127.0.0.1:8083] onStateChange(GET{uri=/attractions, connection=PooledConnection{channel=[id: 0xa37fa9fc, L:/127.0.0.1:51894 - R:localhost/127.0.0.1:8083]}}, [disconnecting])
15:53:22.502 [reactor-http-nio-48] DEBUG reactor.netty.resources.PooledConnectionProvider - [id: 0xa37fa9fc, L:/127.0.0.1:51894 - R:localhost/127.0.0.1:8083] Releasing channel
15:53:22.502 [reactor-http-nio-41] DEBUG reactor.netty.channel.FluxReceive - [id: 0x48bd25d1, L:/127.0.0.1:51711 - R:localhost/127.0.0.1:8083] Subscribing inbound receiver [pending: 0, cancelled:false, inboundDone: false]
15:53:22.502 [reactor-http-nio-48] DEBUG reactor.netty.resources.PooledConnectionProvider - [id: 0xa37fa9fc, L:/127.0.0.1:51894 - R:localhost/127.0.0.1:8083] Channel cleaned, now 39 active connections and 262 inactive connections
15:53:22.502 [reactor-http-nio-46] DEBUG reactor.netty.http.client.HttpClientOperations - [id: 0x57e92495, L:/127.0.0.1:51779 - R:localhost/127.0.0.1:8083] Received response (auto-read:false) : [Content-Type=application/json, Transfer-Encoding=chunked, Date=Wed, 15 Jun 2022 14:53:21 GMT]
15:53:22.502 [reactor-http-nio-46] DEBUG reactor.netty.resources.PooledConnectionProvider - [id: 0x57e92495, L:/127.0.0.1:51779 - R:localhost/127.0.0.1:8083] onStateChange(GET{uri=/attractions, connection=PooledConnection{channel=[id: 0x57e92495, L:/127.0.0.1:51779 - R:localhost/127.0.0.1:8083]}}, [response_received])
15:53:22.502 [reactor-http-nio-41] DEBUG reactor.netty.http.client.HttpClientOperations - [id: 0x48bd25d1, L:/127.0.0.1:51711 - R:localhost/127.0.0.1:8083] Received last HTTP packet
15:53:22.502 [reactor-http-nio-46] DEBUG org.springframework.web.reactive.function.client.ExchangeFunctions - [1330bf47] Response 200 OK
15:53:22.502 [reactor-http-nio-41] DEBUG org.springframework.core.codec.StringDecoder - [67decd7] Decoded "[{"longitude":-117.922008,"latitude":33.817595,"attractionName":"Disneyland","city":"Anaheim","stat (truncated)...
15:53:22.502 [reactor-http-nio-41] DEBUG reactor.netty.resources.PooledConnectionProvider - [id: 0x48bd25d1, L:/127.0.0.1:51711 - R:localhost/127.0.0.1:8083] onStateChange(GET{uri=/attractions, connection=PooledConnection{channel=[id: 0x48bd25d1, L:/127.0.0.1:51711 - R:localhost/127.0.0.1:8083]}}, [disconnecting])
15:53:22.502 [reactor-http-nio-41] DEBUG reactor.netty.resources.PooledConnectionProvider - [id: 0x48bd25d1, L:/127.0.0.1:51711 - R:localhost/127.0.0.1:8083] Releasing channel
15:53:22.502 [reactor-http-nio-46] DEBUG reactor.netty.channel.FluxReceive - [id: 0x57e92495, L:/127.0.0.1:51779 - R:localhost/127.0.0.1:8083] Subscribing inbound receiver [pending: 0, cancelled:false, inboundDone: false]
15:53:22.502 [reactor-http-nio-41] DEBUG reactor.netty.resources.PooledConnectionProvider - [id: 0x48bd25d1, L:/127.0.0.1:51711 - R:localhost/127.0.0.1:8083] Channel cleaned, now 38 active connections and 263 inactive connections
15:53:22.502 [reactor-http-nio-46] DEBUG reactor.netty.http.client.HttpClientOperations - [id: 0x57e92495, L:/127.0.0.1:51779 - R:localhost/127.0.0.1:8083] Received last HTTP packet
15:53:22.502 [reactor-http-nio-46] DEBUG org.springframework.core.codec.StringDecoder - [1330bf47] Decoded "[{"longitude":-117.922008,"latitude":33.817595,"attractionName":"Disneyland","city":"Anaheim","stat (truncated)...
15:53:22.502 [reactor-http-nio-46] DEBUG reactor.netty.resources.PooledConnectionProvider - [id: 0x57e92495, L:/127.0.0.1:51779 - R:localhost/127.0.0.1:8083] onStateChange(GET{uri=/attractions, connection=PooledConnection{channel=[id: 0x57e92495, L:/127.0.0.1:51779 - R:localhost/127.0.0.1:8083]}}, [disconnecting])
15:53:22.502 [reactor-http-nio-46] DEBUG reactor.netty.resources.PooledConnectionProvider - [id: 0x57e92495, L:/127.0.0.1:51779 - R:localhost/127.0.0.1:8083] Releasing channel
15:53:22.502 [reactor-http-nio-46] DEBUG reactor.netty.resources.PooledConnectionProvider - [id: 0x57e92495, L:/127.0.0.1:51779 - R:localhost/127.0.0.1:8083] Channel cleaned, now 37 active connections and 264 inactive connections
15:53:22.502 [reactor-http-nio-41] DEBUG reactor.netty.http.client.HttpClientOperations - [id: 0x4b9fbeb1, L:/127.0.0.1:51745 - R:localhost/127.0.0.1:8083] Received response (auto-read:false) : [Content-Type=application/json, Transfer-Encoding=chunked, Date=Wed, 15 Jun 2022 14:53:21 GMT]
15:53:22.502 [reactor-http-nio-41] DEBUG reactor.netty.resources.PooledConnectionProvider - [id: 0x4b9fbeb1, L:/127.0.0.1:51745 - R:localhost/127.0.0.1:8083] onStateChange(GET{uri=/attractions, connection=PooledConnection{channel=[id: 0x4b9fbeb1, L:/127.0.0.1:51745 - R:localhost/127.0.0.1:8083]}}, [response_received])
15:53:22.502 [reactor-http-nio-41] DEBUG org.springframework.web.reactive.function.client.ExchangeFunctions - [40d4df13] Response 200 OK
15:53:22.502 [reactor-http-nio-41] DEBUG reactor.netty.channel.FluxReceive - [id: 0x4b9fbeb1, L:/127.0.0.1:51745 - R:localhost/127.0.0.1:8083] Subscribing inbound receiver [pending: 0, cancelled:false, inboundDone: false]
15:53:22.502 [reactor-http-nio-41] DEBUG reactor.netty.http.client.HttpClientOperations - [id: 0x4b9fbeb1, L:/127.0.0.1:51745 - R:localhost/127.0.0.1:8083] Received last HTTP packet
15:53:22.502 [reactor-http-nio-41] DEBUG org.springframework.core.codec.StringDecoder - [40d4df13] Decoded "[{"longitude":-117.922008,"latitude":33.817595,"attractionName":"Disneyland","city":"Anaheim","stat (truncated)...
15:53:22.502 [reactor-http-nio-41] DEBUG reactor.netty.resources.PooledConnectionProvider - [id: 0x4b9fbeb1, L:/127.0.0.1:51745 - R:localhost/127.0.0.1:8083] onStateChange(GET{uri=/attractions, connection=PooledConnection{channel=[id: 0x4b9fbeb1, L:/127.0.0.1:51745 - R:localhost/127.0.0.1:8083]}}, [disconnecting])
15:53:22.502 [reactor-http-nio-41] DEBUG reactor.netty.resources.PooledConnectionProvider - [id: 0x4b9fbeb1, L:/127.0.0.1:51745 - R:localhost/127.0.0.1:8083] Releasing channel
15:53:22.502 [reactor-http-nio-41] DEBUG reactor.netty.resources.PooledConnectionProvider - [id: 0x4b9fbeb1, L:/127.0.0.1:51745 - R:localhost/127.0.0.1:8083] Channel cleaned, now 36 active connections and 265 inactive connections
15:53:22.505 [reactor-http-nio-46] DEBUG reactor.netty.http.client.HttpClientOperations - [id: 0x4be48215, L:/127.0.0.1:51749 - R:localhost/127.0.0.1:8083] Received response (auto-read:false) : [Content-Type=application/json, Transfer-Encoding=chunked, Date=Wed, 15 Jun 2022 14:53:21 GMT]
15:53:22.505 [reactor-http-nio-46] DEBUG reactor.netty.resources.PooledConnectionProvider - [id: 0x4be48215, L:/127.0.0.1:51749 - R:localhost/127.0.0.1:8083] onStateChange(GET{uri=/attractions, connection=PooledConnection{channel=[id: 0x4be48215, L:/127.0.0.1:51749 - R:localhost/127.0.0.1:8083]}}, [response_received])
15:53:22.505 [reactor-http-nio-46] DEBUG org.springframework.web.reactive.function.client.ExchangeFunctions - [46102383] Response 200 OK
15:53:22.506 [reactor-http-nio-47] DEBUG reactor.netty.http.client.HttpClientOperations - [id: 0xd7682ef3, L:/127.0.0.1:51841 - R:localhost/127.0.0.1:8083] Received response (auto-read:false) : [Content-Type=application/json, Transfer-Encoding=chunked, Date=Wed, 15 Jun 2022 14:53:21 GMT]
15:53:22.506 [reactor-http-nio-47] DEBUG reactor.netty.resources.PooledConnectionProvider - [id: 0xd7682ef3, L:/127.0.0.1:51841 - R:localhost/127.0.0.1:8083] onStateChange(GET{uri=/attractions, connection=PooledConnection{channel=[id: 0xd7682ef3, L:/127.0.0.1:51841 - R:localhost/127.0.0.1:8083]}}, [response_received])
15:53:22.506 [reactor-http-nio-47] DEBUG org.springframework.web.reactive.function.client.ExchangeFunctions - [4aab7101] Response 200 OK
15:53:22.506 [reactor-http-nio-46] DEBUG reactor.netty.channel.FluxReceive - [id: 0x4be48215, L:/127.0.0.1:51749 - R:localhost/127.0.0.1:8083] Subscribing inbound receiver [pending: 0, cancelled:false, inboundDone: false]
15:53:22.506 [reactor-http-nio-47] DEBUG reactor.netty.channel.FluxReceive - [id: 0xd7682ef3, L:/127.0.0.1:51841 - R:localhost/127.0.0.1:8083] Subscribing inbound receiver [pending: 0, cancelled:false, inboundDone: false]
15:53:22.506 [reactor-http-nio-47] DEBUG reactor.netty.http.client.HttpClientOperations - [id: 0xd7682ef3, L:/127.0.0.1:51841 - R:localhost/127.0.0.1:8083] Received last HTTP packet
15:53:22.506 [reactor-http-nio-46] DEBUG reactor.netty.http.client.HttpClientOperations - [id: 0x4be48215, L:/127.0.0.1:51749 - R:localhost/127.0.0.1:8083] Received last HTTP packet
15:53:22.506 [reactor-http-nio-46] DEBUG org.springframework.core.codec.StringDecoder - [46102383] Decoded "[{"longitude":-117.922008,"latitude":33.817595,"attractionName":"Disneyland","city":"Anaheim","stat (truncated)...
15:53:22.506 [reactor-http-nio-47] DEBUG org.springframework.core.codec.StringDecoder - [4aab7101] Decoded "[{"longitude":-117.922008,"latitude":33.817595,"attractionName":"Disneyland","city":"Anaheim","stat (truncated)...
15:53:22.506 [reactor-http-nio-46] DEBUG reactor.netty.resources.PooledConnectionProvider - [id: 0x4be48215, L:/127.0.0.1:51749 - R:localhost/127.0.0.1:8083] onStateChange(GET{uri=/attractions, connection=PooledConnection{channel=[id: 0x4be48215, L:/127.0.0.1:51749 - R:localhost/127.0.0.1:8083]}}, [disconnecting])
15:53:22.506 [reactor-http-nio-46] DEBUG reactor.netty.resources.PooledConnectionProvider - [id: 0x4be48215, L:/127.0.0.1:51749 - R:localhost/127.0.0.1:8083] Releasing channel
15:53:22.506 [reactor-http-nio-46] DEBUG reactor.netty.resources.PooledConnectionProvider - [id: 0x4be48215, L:/127.0.0.1:51749 - R:localhost/127.0.0.1:8083] Channel cleaned, now 35 active connections and 266 inactive connections
15:53:22.506 [reactor-http-nio-47] DEBUG reactor.netty.resources.PooledConnectionProvider - [id: 0xd7682ef3, L:/127.0.0.1:51841 - R:localhost/127.0.0.1:8083] onStateChange(GET{uri=/attractions, connection=PooledConnection{channel=[id: 0xd7682ef3, L:/127.0.0.1:51841 - R:localhost/127.0.0.1:8083]}}, [disconnecting])
15:53:22.506 [reactor-http-nio-47] DEBUG reactor.netty.resources.PooledConnectionProvider - [id: 0xd7682ef3, L:/127.0.0.1:51841 - R:localhost/127.0.0.1:8083] Releasing channel
15:53:22.506 [reactor-http-nio-47] DEBUG reactor.netty.resources.PooledConnectionProvider - [id: 0xd7682ef3, L:/127.0.0.1:51841 - R:localhost/127.0.0.1:8083] Channel cleaned, now 34 active connections and 267 inactive connections
15:53:22.508 [reactor-http-nio-41] DEBUG reactor.netty.http.client.HttpClientOperations - [id: 0x1ae38938, L:/127.0.0.1:51917 - R:localhost/127.0.0.1:8083] Received response (auto-read:false) : [Content-Type=application/json, Transfer-Encoding=chunked, Date=Wed, 15 Jun 2022 14:53:21 GMT]
15:53:22.508 [reactor-http-nio-41] DEBUG reactor.netty.resources.PooledConnectionProvider - [id: 0x1ae38938, L:/127.0.0.1:51917 - R:localhost/127.0.0.1:8083] onStateChange(GET{uri=/userLocation?userId=bc05503f-f4a8-43e9-85f0-8194f3839c32, connection=PooledConnection{channel=[id: 0x1ae38938, L:/127.0.0.1:51917 - R:localhost/127.0.0.1:8083]}}, [response_received])
15:53:22.508 [reactor-http-nio-41] DEBUG org.springframework.web.reactive.function.client.ExchangeFunctions - [56ec8121] Response 200 OK
15:53:22.508 [reactor-http-nio-41] DEBUG reactor.netty.channel.FluxReceive - [id: 0x1ae38938, L:/127.0.0.1:51917 - R:localhost/127.0.0.1:8083] Subscribing inbound receiver [pending: 0, cancelled:false, inboundDone: false]
15:53:22.508 [reactor-http-nio-41] DEBUG reactor.netty.http.client.HttpClientOperations - [id: 0x1ae38938, L:/127.0.0.1:51917 - R:localhost/127.0.0.1:8083] Received last HTTP packet
15:53:22.508 [reactor-http-nio-41] DEBUG org.springframework.core.codec.StringDecoder - [56ec8121] Decoded "{"userId":"bc05503f-f4a8-43e9-85f0-8194f3839c32","location":{"longitude":76.263387,"latitude":-37.9 (truncated)...
15:53:22.508 [reactor-http-nio-41] DEBUG reactor.netty.resources.PooledConnectionProvider - [id: 0x1ae38938, L:/127.0.0.1:51917 - R:localhost/127.0.0.1:8083] onStateChange(GET{uri=/userLocation?userId=bc05503f-f4a8-43e9-85f0-8194f3839c32, connection=PooledConnection{channel=[id: 0x1ae38938, L:/127.0.0.1:51917 - R:localhost/127.0.0.1:8083]}}, [disconnecting])
15:53:22.508 [reactor-http-nio-41] DEBUG reactor.netty.resources.PooledConnectionProvider - [id: 0x1ae38938, L:/127.0.0.1:51917 - R:localhost/127.0.0.1:8083] Releasing channel
15:53:22.508 [reactor-http-nio-41] DEBUG reactor.netty.resources.PooledConnectionProvider - [id: 0x1ae38938, L:/127.0.0.1:51917 - R:localhost/127.0.0.1:8083] Channel cleaned, now 33 active connections and 268 inactive connections
15:53:22.508 [reactor-http-nio-41] DEBUG reactor.netty.http.client.HttpClientOperations - [id: 0x03dc54cb, L:/127.0.0.1:51901 - R:localhost/127.0.0.1:8083] Received response (auto-read:false) : [Content-Type=application/json, Transfer-Encoding=chunked, Date=Wed, 15 Jun 2022 14:53:21 GMT]
15:53:22.508 [reactor-http-nio-41] DEBUG reactor.netty.resources.PooledConnectionProvider - [id: 0x03dc54cb, L:/127.0.0.1:51901 - R:localhost/127.0.0.1:8083] onStateChange(GET{uri=/attractions, connection=PooledConnection{channel=[id: 0x03dc54cb, L:/127.0.0.1:51901 - R:localhost/127.0.0.1:8083]}}, [response_received])
15:53:22.509 [reactor-http-nio-41] DEBUG org.springframework.web.reactive.function.client.ExchangeFunctions - [6f9a3afa] Response 200 OK
15:53:22.509 [reactor-http-nio-41] DEBUG reactor.netty.channel.FluxReceive - [id: 0x03dc54cb, L:/127.0.0.1:51901 - R:localhost/127.0.0.1:8083] Subscribing inbound receiver [pending: 0, cancelled:false, inboundDone: false]
15:53:22.509 [reactor-http-nio-41] DEBUG reactor.netty.http.client.HttpClientOperations - [id: 0x03dc54cb, L:/127.0.0.1:51901 - R:localhost/127.0.0.1:8083] Received last HTTP packet
15:53:22.509 [reactor-http-nio-41] DEBUG org.springframework.core.codec.StringDecoder - [6f9a3afa] Decoded "[{"longitude":-117.922008,"latitude":33.817595,"attractionName":"Disneyland","city":"Anaheim","stat (truncated)...
15:53:22.509 [reactor-http-nio-41] DEBUG reactor.netty.resources.PooledConnectionProvider - [id: 0x03dc54cb, L:/127.0.0.1:51901 - R:localhost/127.0.0.1:8083] onStateChange(GET{uri=/attractions, connection=PooledConnection{channel=[id: 0x03dc54cb, L:/127.0.0.1:51901 - R:localhost/127.0.0.1:8083]}}, [disconnecting])
15:53:22.509 [reactor-http-nio-41] DEBUG reactor.netty.resources.PooledConnectionProvider - [id: 0x03dc54cb, L:/127.0.0.1:51901 - R:localhost/127.0.0.1:8083] Releasing channel
15:53:22.509 [reactor-http-nio-41] DEBUG reactor.netty.resources.PooledConnectionProvider - [id: 0x03dc54cb, L:/127.0.0.1:51901 - R:localhost/127.0.0.1:8083] Channel cleaned, now 32 active connections and 269 inactive connections
15:53:22.509 [pool-44-thread-50] INFO tourGuide.service.TourGuideService - visitedLocatio tourGuide.gpsUtil.VisitedLocation@582b658c
15:53:22.510 [pool-44-thread-50] DEBUG org.springframework.web.reactive.function.client.ExchangeFunctions - [5c14ea51] HTTP GET http://localhost:8083/attractions
15:53:22.511 [reactor-http-nio-41] DEBUG reactor.netty.http.client.HttpClientOperations - [id: 0xfdd4189a, L:/127.0.0.1:51799 - R:localhost/127.0.0.1:8083] Received response (auto-read:false) : [Content-Type=application/json, Transfer-Encoding=chunked, Date=Wed, 15 Jun 2022 14:53:21 GMT]
15:53:22.511 [reactor-http-nio-41] DEBUG reactor.netty.resources.PooledConnectionProvider - [id: 0xfdd4189a, L:/127.0.0.1:51799 - R:localhost/127.0.0.1:8083] onStateChange(GET{uri=/attractions, connection=PooledConnection{channel=[id: 0xfdd4189a, L:/127.0.0.1:51799 - R:localhost/127.0.0.1:8083]}}, [response_received])
15:53:22.511 [reactor-http-nio-41] DEBUG org.springframework.web.reactive.function.client.ExchangeFunctions - [33f474b6] Response 200 OK
15:53:22.511 [reactor-http-nio-41] DEBUG reactor.netty.channel.FluxReceive - [id: 0xfdd4189a, L:/127.0.0.1:51799 - R:localhost/127.0.0.1:8083] Subscribing inbound receiver [pending: 0, cancelled:false, inboundDone: false]
15:53:22.511 [reactor-http-nio-41] DEBUG reactor.netty.http.client.HttpClientOperations - [id: 0xfdd4189a, L:/127.0.0.1:51799 - R:localhost/127.0.0.1:8083] Received last HTTP packet
15:53:22.511 [reactor-http-nio-41] DEBUG org.springframework.core.codec.StringDecoder - [33f474b6] Decoded "[{"longitude":-117.922008,"latitude":33.817595,"attractionName":"Disneyland","city":"Anaheim","stat (truncated)...
15:53:22.511 [reactor-http-nio-41] DEBUG reactor.netty.resources.PooledConnectionProvider - [id: 0xfdd4189a, L:/127.0.0.1:51799 - R:localhost/127.0.0.1:8083] onStateChange(GET{uri=/attractions, connection=PooledConnection{channel=[id: 0xfdd4189a, L:/127.0.0.1:51799 - R:localhost/127.0.0.1:8083]}}, [disconnecting])
15:53:22.511 [reactor-http-nio-41] DEBUG reactor.netty.resources.PooledConnectionProvider - [id: 0xfdd4189a, L:/127.0.0.1:51799 - R:localhost/127.0.0.1:8083] Releasing channel
15:53:22.511 [reactor-http-nio-41] DEBUG reactor.netty.resources.PooledConnectionProvider - [id: 0xfdd4189a, L:/127.0.0.1:51799 - R:localhost/127.0.0.1:8083] Channel cleaned, now 31 active connections and 270 inactive connections
15:53:22.512 [reactor-http-nio-47] DEBUG reactor.netty.resources.PooledConnectionProvider - [id: 0x39a84d8e, L:/127.0.0.1:51833 - R:localhost/127.0.0.1:8083] Channel acquired, now 32 active connections and 269 inactive connections
15:53:22.512 [reactor-http-nio-47] DEBUG reactor.netty.http.client.HttpClientConnect - [id: 0x39a84d8e, L:/127.0.0.1:51833 - R:localhost/127.0.0.1:8083] Handler is being applied: {uri=http://localhost:8083/attractions, method=GET}
15:53:22.512 [reactor-http-nio-46] DEBUG reactor.netty.http.client.HttpClientOperations - [id: 0x36ae5eff, L:/127.0.0.1:51822 - R:localhost/127.0.0.1:8083] Received response (auto-read:false) : [Content-Type=application/json, Transfer-Encoding=chunked, Date=Wed, 15 Jun 2022 14:53:21 GMT]
15:53:22.512 [reactor-http-nio-46] DEBUG reactor.netty.resources.PooledConnectionProvider - [id: 0x36ae5eff, L:/127.0.0.1:51822 - R:localhost/127.0.0.1:8083] onStateChange(GET{uri=/attractions, connection=PooledConnection{channel=[id: 0x36ae5eff, L:/127.0.0.1:51822 - R:localhost/127.0.0.1:8083]}}, [response_received])
15:53:22.512 [reactor-http-nio-46] DEBUG org.springframework.web.reactive.function.client.ExchangeFunctions - [6ada4fef] Response 200 OK
15:53:22.512 [reactor-http-nio-46] DEBUG reactor.netty.channel.FluxReceive - [id: 0x36ae5eff, L:/127.0.0.1:51822 - R:localhost/127.0.0.1:8083] Subscribing inbound receiver [pending: 0, cancelled:false, inboundDone: false]
15:53:22.512 [reactor-http-nio-47] DEBUG reactor.netty.resources.PooledConnectionProvider - [id: 0x39a84d8e, L:/127.0.0.1:51833 - R:localhost/127.0.0.1:8083] onStateChange(GET{uri=/attractions, connection=PooledConnection{channel=[id: 0x39a84d8e, L:/127.0.0.1:51833 - R:localhost/127.0.0.1:8083]}}, [request_sent])
15:53:22.513 [reactor-http-nio-47] DEBUG reactor.netty.http.client.HttpClientOperations - [id: 0x905654b3, L:/127.0.0.1:51889 - R:localhost/127.0.0.1:8083] Received response (auto-read:false) : [Content-Type=application/json, Transfer-Encoding=chunked, Date=Wed, 15 Jun 2022 14:53:21 GMT]
15:53:22.513 [reactor-http-nio-47] DEBUG reactor.netty.resources.PooledConnectionProvider - [id: 0x905654b3, L:/127.0.0.1:51889 - R:localhost/127.0.0.1:8083] onStateChange(GET{uri=/attractions, connection=PooledConnection{channel=[id: 0x905654b3, L:/127.0.0.1:51889 - R:localhost/127.0.0.1:8083]}}, [response_received])
15:53:22.513 [reactor-http-nio-47] DEBUG org.springframework.web.reactive.function.client.ExchangeFunctions - [1de2ccba] Response 200 OK
15:53:22.513 [reactor-http-nio-47] DEBUG reactor.netty.channel.FluxReceive - [id: 0x905654b3, L:/127.0.0.1:51889 - R:localhost/127.0.0.1:8083] Subscribing inbound receiver [pending: 0, cancelled:false, inboundDone: false]
15:53:22.513 [reactor-http-nio-47] DEBUG reactor.netty.http.client.HttpClientOperations - [id: 0x905654b3, L:/127.0.0.1:51889 - R:localhost/127.0.0.1:8083] Received last HTTP packet
15:53:22.513 [reactor-http-nio-41] DEBUG reactor.netty.http.client.HttpClientOperations - [id: 0x91ccb779, L:/127.0.0.1:51713 - R:localhost/127.0.0.1:8083] Received response (auto-read:false) : [Content-Type=application/json, Transfer-Encoding=chunked, Date=Wed, 15 Jun 2022 14:53:21 GMT]
15:53:22.513 [reactor-http-nio-47] DEBUG org.springframework.core.codec.StringDecoder - [1de2ccba] Decoded "[{"longitude":-117.922008,"latitude":33.817595,"attractionName":"Disneyland","city":"Anaheim","stat (truncated)...
15:53:22.513 [reactor-http-nio-41] DEBUG reactor.netty.resources.PooledConnectionProvider - [id: 0x91ccb779, L:/127.0.0.1:51713 - R:localhost/127.0.0.1:8083] onStateChange(GET{uri=/attractions, connection=PooledConnection{channel=[id: 0x91ccb779, L:/127.0.0.1:51713 - R:localhost/127.0.0.1:8083]}}, [response_received])
15:53:22.513 [reactor-http-nio-47] DEBUG reactor.netty.resources.PooledConnectionProvider - [id: 0x905654b3, L:/127.0.0.1:51889 - R:localhost/127.0.0.1:8083] onStateChange(GET{uri=/attractions, connection=PooledConnection{channel=[id: 0x905654b3, L:/127.0.0.1:51889 - R:localhost/127.0.0.1:8083]}}, [disconnecting])
15:53:22.513 [reactor-http-nio-47] DEBUG reactor.netty.resources.PooledConnectionProvider - [id: 0x905654b3, L:/127.0.0.1:51889 - R:localhost/127.0.0.1:8083] Releasing channel
15:53:22.513 [reactor-http-nio-41] DEBUG org.springframework.web.reactive.function.client.ExchangeFunctions - [45f23cde] Response 200 OK
15:53:22.513 [reactor-http-nio-47] DEBUG reactor.netty.resources.PooledConnectionProvider - [id: 0x905654b3, L:/127.0.0.1:51889 - R:localhost/127.0.0.1:8083] Channel cleaned, now 31 active connections and 270 inactive connections
15:53:22.513 [reactor-http-nio-41] DEBUG reactor.netty.channel.FluxReceive - [id: 0x91ccb779, L:/127.0.0.1:51713 - R:localhost/127.0.0.1:8083] Subscribing inbound receiver [pending: 0, cancelled:false, inboundDone: false]
15:53:22.513 [reactor-http-nio-41] DEBUG reactor.netty.http.client.HttpClientOperations - [id: 0x91ccb779, L:/127.0.0.1:51713 - R:localhost/127.0.0.1:8083] Received last HTTP packet
15:53:22.513 [reactor-http-nio-41] DEBUG org.springframework.core.codec.StringDecoder - [45f23cde] Decoded "[{"longitude":-117.922008,"latitude":33.817595,"attractionName":"Disneyland","city":"Anaheim","stat (truncated)...
15:53:22.513 [reactor-http-nio-41] DEBUG reactor.netty.resources.PooledConnectionProvider - [id: 0x91ccb779, L:/127.0.0.1:51713 - R:localhost/127.0.0.1:8083] onStateChange(GET{uri=/attractions, connection=PooledConnection{channel=[id: 0x91ccb779, L:/127.0.0.1:51713 - R:localhost/127.0.0.1:8083]}}, [disconnecting])
15:53:22.513 [reactor-http-nio-41] DEBUG reactor.netty.resources.PooledConnectionProvider - [id: 0x91ccb779, L:/127.0.0.1:51713 - R:localhost/127.0.0.1:8083] Releasing channel
15:53:22.513 [reactor-http-nio-41] DEBUG reactor.netty.resources.PooledConnectionProvider - [id: 0x91ccb779, L:/127.0.0.1:51713 - R:localhost/127.0.0.1:8083] Channel cleaned, now 30 active connections and 271 inactive connections
15:53:22.515 [reactor-http-nio-48] DEBUG reactor.netty.http.client.HttpClientOperations - [id: 0xd41b941e, L:/127.0.0.1:51910 - R:localhost/127.0.0.1:8083] Received response (auto-read:false) : [Content-Type=application/json, Transfer-Encoding=chunked, Date=Wed, 15 Jun 2022 14:53:21 GMT]
15:53:22.515 [reactor-http-nio-48] DEBUG reactor.netty.resources.PooledConnectionProvider - [id: 0xd41b941e, L:/127.0.0.1:51910 - R:localhost/127.0.0.1:8083] onStateChange(GET{uri=/attractions, connection=PooledConnection{channel=[id: 0xd41b941e, L:/127.0.0.1:51910 - R:localhost/127.0.0.1:8083]}}, [response_received])
15:53:22.515 [reactor-http-nio-48] DEBUG org.springframework.web.reactive.function.client.ExchangeFunctions - [74a3a9ba] Response 200 OK
15:53:22.515 [reactor-http-nio-48] DEBUG reactor.netty.channel.FluxReceive - [id: 0xd41b941e, L:/127.0.0.1:51910 - R:localhost/127.0.0.1:8083] Subscribing inbound receiver [pending: 0, cancelled:false, inboundDone: false]
15:53:22.515 [reactor-http-nio-48] DEBUG reactor.netty.http.client.HttpClientOperations - [id: 0xd41b941e, L:/127.0.0.1:51910 - R:localhost/127.0.0.1:8083] Received last HTTP packet
15:53:22.515 [reactor-http-nio-48] DEBUG org.springframework.core.codec.StringDecoder - [74a3a9ba] Decoded "[{"longitude":-117.922008,"latitude":33.817595,"attractionName":"Disneyland","city":"Anaheim","stat (truncated)...
15:53:22.515 [reactor-http-nio-48] DEBUG reactor.netty.resources.PooledConnectionProvider - [id: 0xd41b941e, L:/127.0.0.1:51910 - R:localhost/127.0.0.1:8083] onStateChange(GET{uri=/attractions, connection=PooledConnection{channel=[id: 0xd41b941e, L:/127.0.0.1:51910 - R:localhost/127.0.0.1:8083]}}, [disconnecting])
15:53:22.515 [reactor-http-nio-48] DEBUG reactor.netty.resources.PooledConnectionProvider - [id: 0xd41b941e, L:/127.0.0.1:51910 - R:localhost/127.0.0.1:8083] Releasing channel
15:53:22.515 [reactor-http-nio-48] DEBUG reactor.netty.resources.PooledConnectionProvider - [id: 0xd41b941e, L:/127.0.0.1:51910 - R:localhost/127.0.0.1:8083] Channel cleaned, now 29 active connections and 272 inactive connections
15:53:22.516 [reactor-http-nio-41] DEBUG reactor.netty.http.client.HttpClientOperations - [id: 0x63f027f7, L:/127.0.0.1:51721 - R:localhost/127.0.0.1:8083] Received response (auto-read:false) : [Content-Type=application/json, Transfer-Encoding=chunked, Date=Wed, 15 Jun 2022 14:53:21 GMT]
15:53:22.516 [reactor-http-nio-41] DEBUG reactor.netty.resources.PooledConnectionProvider - [id: 0x63f027f7, L:/127.0.0.1:51721 - R:localhost/127.0.0.1:8083] onStateChange(GET{uri=/attractions, connection=PooledConnection{channel=[id: 0x63f027f7, L:/127.0.0.1:51721 - R:localhost/127.0.0.1:8083]}}, [response_received])
15:53:22.516 [reactor-http-nio-41] DEBUG org.springframework.web.reactive.function.client.ExchangeFunctions - [77e69a97] Response 200 OK
15:53:22.516 [reactor-http-nio-41] DEBUG reactor.netty.channel.FluxReceive - [id: 0x63f027f7, L:/127.0.0.1:51721 - R:localhost/127.0.0.1:8083] Subscribing inbound receiver [pending: 0, cancelled:false, inboundDone: false]
15:53:22.516 [reactor-http-nio-41] DEBUG reactor.netty.http.client.HttpClientOperations - [id: 0x63f027f7, L:/127.0.0.1:51721 - R:localhost/127.0.0.1:8083] Received last HTTP packet
15:53:22.516 [reactor-http-nio-46] DEBUG reactor.netty.http.client.HttpClientOperations - [id: 0x6bcb25c4, L:/127.0.0.1:51759 - R:localhost/127.0.0.1:8083] Received response (auto-read:false) : [Content-Type=application/json, Transfer-Encoding=chunked, Date=Wed, 15 Jun 2022 14:53:21 GMT]
15:53:22.516 [reactor-http-nio-48] DEBUG reactor.netty.http.client.HttpClientOperations - [id: 0xa530ca4b, L:/127.0.0.1:51886 - R:localhost/127.0.0.1:8083] Received response (auto-read:false) : [Content-Type=application/json, Transfer-Encoding=chunked, Date=Wed, 15 Jun 2022 14:53:21 GMT]
15:53:22.516 [reactor-http-nio-46] DEBUG reactor.netty.resources.PooledConnectionProvider - [id: 0x6bcb25c4, L:/127.0.0.1:51759 - R:localhost/127.0.0.1:8083] onStateChange(GET{uri=/attractions, connection=PooledConnection{channel=[id: 0x6bcb25c4, L:/127.0.0.1:51759 - R:localhost/127.0.0.1:8083]}}, [response_received])
15:53:22.516 [reactor-http-nio-41] DEBUG org.springframework.core.codec.StringDecoder - [77e69a97] Decoded "[{"longitude":-117.922008,"latitude":33.817595,"attractionName":"Disneyland","city":"Anaheim","stat (truncated)...
15:53:22.516 [reactor-http-nio-48] DEBUG reactor.netty.resources.PooledConnectionProvider - [id: 0xa530ca4b, L:/127.0.0.1:51886 - R:localhost/127.0.0.1:8083] onStateChange(GET{uri=/attractions, connection=PooledConnection{channel=[id: 0xa530ca4b, L:/127.0.0.1:51886 - R:localhost/127.0.0.1:8083]}}, [response_received])
15:53:22.516 [reactor-http-nio-41] DEBUG reactor.netty.resources.PooledConnectionProvider - [id: 0x63f027f7, L:/127.0.0.1:51721 - R:localhost/127.0.0.1:8083] onStateChange(GET{uri=/attractions, connection=PooledConnection{channel=[id: 0x63f027f7, L:/127.0.0.1:51721 - R:localhost/127.0.0.1:8083]}}, [disconnecting])
15:53:22.516 [reactor-http-nio-41] DEBUG reactor.netty.resources.PooledConnectionProvider - [id: 0x63f027f7, L:/127.0.0.1:51721 - R:localhost/127.0.0.1:8083] Releasing channel
15:53:22.516 [reactor-http-nio-46] DEBUG org.springframework.web.reactive.function.client.ExchangeFunctions - [3b89b5e3] Response 200 OK
15:53:22.516 [reactor-http-nio-41] DEBUG reactor.netty.resources.PooledConnectionProvider - [id: 0x63f027f7, L:/127.0.0.1:51721 - R:localhost/127.0.0.1:8083] Channel cleaned, now 28 active connections and 273 inactive connections
15:53:22.516 [reactor-http-nio-48] DEBUG org.springframework.web.reactive.function.client.ExchangeFunctions - [600cf490] Response 200 OK
15:53:22.516 [reactor-http-nio-48] DEBUG reactor.netty.channel.FluxReceive - [id: 0xa530ca4b, L:/127.0.0.1:51886 - R:localhost/127.0.0.1:8083] Subscribing inbound receiver [pending: 0, cancelled:false, inboundDone: false]
15:53:22.516 [reactor-http-nio-46] DEBUG reactor.netty.channel.FluxReceive - [id: 0x6bcb25c4, L:/127.0.0.1:51759 - R:localhost/127.0.0.1:8083] Subscribing inbound receiver [pending: 0, cancelled:false, inboundDone: false]
15:53:22.517 [reactor-http-nio-46] DEBUG reactor.netty.http.client.HttpClientOperations - [id: 0x6bcb25c4, L:/127.0.0.1:51759 - R:localhost/127.0.0.1:8083] Received last HTTP packet
15:53:22.517 [reactor-http-nio-41] DEBUG reactor.netty.http.client.HttpClientOperations - [id: 0x93777bf1, L:/127.0.0.1:51766 - R:localhost/127.0.0.1:8083] Received response (auto-read:false) : [Content-Type=application/json, Transfer-Encoding=chunked, Date=Wed, 15 Jun 2022 14:53:21 GMT]
15:53:22.517 [reactor-http-nio-48] DEBUG reactor.netty.http.client.HttpClientOperations - [id: 0xa530ca4b, L:/127.0.0.1:51886 - R:localhost/127.0.0.1:8083] Received last HTTP packet
15:53:22.517 [reactor-http-nio-46] DEBUG org.springframework.core.codec.StringDecoder - [3b89b5e3] Decoded "[{"longitude":-117.922008,"latitude":33.817595,"attractionName":"Disneyland","city":"Anaheim","stat (truncated)...
15:53:22.517 [reactor-http-nio-41] DEBUG reactor.netty.resources.PooledConnectionProvider - [id: 0x93777bf1, L:/127.0.0.1:51766 - R:localhost/127.0.0.1:8083] onStateChange(GET{uri=/attractions, connection=PooledConnection{channel=[id: 0x93777bf1, L:/127.0.0.1:51766 - R:localhost/127.0.0.1:8083]}}, [response_received])
15:53:22.517 [reactor-http-nio-46] DEBUG reactor.netty.resources.PooledConnectionProvider - [id: 0x6bcb25c4, L:/127.0.0.1:51759 - R:localhost/127.0.0.1:8083] onStateChange(GET{uri=/attractions, connection=PooledConnection{channel=[id: 0x6bcb25c4, L:/127.0.0.1:51759 - R:localhost/127.0.0.1:8083]}}, [disconnecting])
15:53:22.517 [reactor-http-nio-46] DEBUG reactor.netty.resources.PooledConnectionProvider - [id: 0x6bcb25c4, L:/127.0.0.1:51759 - R:localhost/127.0.0.1:8083] Releasing channel
15:53:22.517 [reactor-http-nio-41] DEBUG org.springframework.web.reactive.function.client.ExchangeFunctions - [4d9f48ca] Response 200 OK
15:53:22.517 [reactor-http-nio-48] DEBUG org.springframework.core.codec.StringDecoder - [600cf490] Decoded "[{"longitude":-117.922008,"latitude":33.817595,"attractionName":"Disneyland","city":"Anaheim","stat (truncated)...
15:53:22.517 [reactor-http-nio-48] DEBUG reactor.netty.resources.PooledConnectionProvider - [id: 0xa530ca4b, L:/127.0.0.1:51886 - R:localhost/127.0.0.1:8083] onStateChange(GET{uri=/attractions, connection=PooledConnection{channel=[id: 0xa530ca4b, L:/127.0.0.1:51886 - R:localhost/127.0.0.1:8083]}}, [disconnecting])
15:53:22.517 [reactor-http-nio-48] DEBUG reactor.netty.resources.PooledConnectionProvider - [id: 0xa530ca4b, L:/127.0.0.1:51886 - R:localhost/127.0.0.1:8083] Releasing channel
15:53:22.517 [reactor-http-nio-48] DEBUG reactor.netty.resources.PooledConnectionProvider - [id: 0xa530ca4b, L:/127.0.0.1:51886 - R:localhost/127.0.0.1:8083] Channel cleaned, now 26 active connections and 275 inactive connections
15:53:22.517 [reactor-http-nio-41] DEBUG reactor.netty.channel.FluxReceive - [id: 0x93777bf1, L:/127.0.0.1:51766 - R:localhost/127.0.0.1:8083] Subscribing inbound receiver [pending: 0, cancelled:false, inboundDone: false]
15:53:22.517 [reactor-http-nio-41] DEBUG reactor.netty.http.client.HttpClientOperations - [id: 0x93777bf1, L:/127.0.0.1:51766 - R:localhost/127.0.0.1:8083] Received last HTTP packet
15:53:22.517 [reactor-http-nio-46] DEBUG reactor.netty.resources.PooledConnectionProvider - [id: 0x6bcb25c4, L:/127.0.0.1:51759 - R:localhost/127.0.0.1:8083] Channel cleaned, now 27 active connections and 274 inactive connections
15:53:22.517 [reactor-http-nio-41] DEBUG org.springframework.core.codec.StringDecoder - [4d9f48ca] Decoded "[{"longitude":-117.922008,"latitude":33.817595,"attractionName":"Disneyland","city":"Anaheim","stat (truncated)...
15:53:22.517 [reactor-http-nio-41] DEBUG reactor.netty.resources.PooledConnectionProvider - [id: 0x93777bf1, L:/127.0.0.1:51766 - R:localhost/127.0.0.1:8083] onStateChange(GET{uri=/attractions, connection=PooledConnection{channel=[id: 0x93777bf1, L:/127.0.0.1:51766 - R:localhost/127.0.0.1:8083]}}, [disconnecting])
15:53:22.517 [reactor-http-nio-41] DEBUG reactor.netty.resources.PooledConnectionProvider - [id: 0x93777bf1, L:/127.0.0.1:51766 - R:localhost/127.0.0.1:8083] Releasing channel
15:53:22.517 [reactor-http-nio-41] DEBUG reactor.netty.resources.PooledConnectionProvider - [id: 0x93777bf1, L:/127.0.0.1:51766 - R:localhost/127.0.0.1:8083] Channel cleaned, now 25 active connections and 276 inactive connections
15:53:22.532 [reactor-http-nio-47] DEBUG reactor.netty.http.client.HttpClientOperations - [id: 0x25d8fc77, L:/127.0.0.1:51691 - R:localhost/127.0.0.1:8083] Received response (auto-read:false) : [Content-Type=application/json, Transfer-Encoding=chunked, Date=Wed, 15 Jun 2022 14:53:21 GMT]
15:53:22.532 [reactor-http-nio-47] DEBUG reactor.netty.resources.PooledConnectionProvider - [id: 0x25d8fc77, L:/127.0.0.1:51691 - R:localhost/127.0.0.1:8083] onStateChange(GET{uri=/attractions, connection=PooledConnection{channel=[id: 0x25d8fc77, L:/127.0.0.1:51691 - R:localhost/127.0.0.1:8083]}}, [response_received])
15:53:22.532 [reactor-http-nio-46] DEBUG reactor.netty.http.client.HttpClientOperations - [id: 0x6eeffece, L:/127.0.0.1:51732 - R:localhost/127.0.0.1:8083] Received response (auto-read:false) : [Content-Type=application/json, Transfer-Encoding=chunked, Date=Wed, 15 Jun 2022 14:53:21 GMT]
15:53:22.532 [reactor-http-nio-46] DEBUG reactor.netty.resources.PooledConnectionProvider - [id: 0x6eeffece, L:/127.0.0.1:51732 - R:localhost/127.0.0.1:8083] onStateChange(GET{uri=/attractions, connection=PooledConnection{channel=[id: 0x6eeffece, L:/127.0.0.1:51732 - R:localhost/127.0.0.1:8083]}}, [response_received])
15:53:22.532 [reactor-http-nio-47] DEBUG org.springframework.web.reactive.function.client.ExchangeFunctions - [720766b9] Response 200 OK
15:53:22.532 [reactor-http-nio-46] DEBUG org.springframework.web.reactive.function.client.ExchangeFunctions - [61c0122f] Response 200 OK
15:53:22.532 [reactor-http-nio-46] DEBUG reactor.netty.channel.FluxReceive - [id: 0x6eeffece, L:/127.0.0.1:51732 - R:localhost/127.0.0.1:8083] Subscribing inbound receiver [pending: 0, cancelled:false, inboundDone: false]
15:53:22.532 [reactor-http-nio-47] DEBUG reactor.netty.channel.FluxReceive - [id: 0x25d8fc77, L:/127.0.0.1:51691 - R:localhost/127.0.0.1:8083] Subscribing inbound receiver [pending: 0, cancelled:false, inboundDone: false]
15:53:22.532 [reactor-http-nio-46] DEBUG reactor.netty.http.client.HttpClientOperations - [id: 0x6eeffece, L:/127.0.0.1:51732 - R:localhost/127.0.0.1:8083] Received last HTTP packet
15:53:22.532 [reactor-http-nio-47] DEBUG reactor.netty.http.client.HttpClientOperations - [id: 0x25d8fc77, L:/127.0.0.1:51691 - R:localhost/127.0.0.1:8083] Received last HTTP packet
15:53:22.532 [reactor-http-nio-46] DEBUG org.springframework.core.codec.StringDecoder - [61c0122f] Decoded "[{"longitude":-117.922008,"latitude":33.817595,"attractionName":"Disneyland","city":"Anaheim","stat (truncated)...
15:53:22.532 [reactor-http-nio-47] DEBUG org.springframework.core.codec.StringDecoder - [720766b9] Decoded "[{"longitude":-117.922008,"latitude":33.817595,"attractionName":"Disneyland","city":"Anaheim","stat (truncated)...
15:53:22.532 [reactor-http-nio-46] DEBUG reactor.netty.resources.PooledConnectionProvider - [id: 0x6eeffece, L:/127.0.0.1:51732 - R:localhost/127.0.0.1:8083] onStateChange(GET{uri=/attractions, connection=PooledConnection{channel=[id: 0x6eeffece, L:/127.0.0.1:51732 - R:localhost/127.0.0.1:8083]}}, [disconnecting])
15:53:22.532 [reactor-http-nio-46] DEBUG reactor.netty.resources.PooledConnectionProvider - [id: 0x6eeffece, L:/127.0.0.1:51732 - R:localhost/127.0.0.1:8083] Releasing channel
15:53:22.532 [reactor-http-nio-47] DEBUG reactor.netty.resources.PooledConnectionProvider - [id: 0x25d8fc77, L:/127.0.0.1:51691 - R:localhost/127.0.0.1:8083] onStateChange(GET{uri=/attractions, connection=PooledConnection{channel=[id: 0x25d8fc77, L:/127.0.0.1:51691 - R:localhost/127.0.0.1:8083]}}, [disconnecting])
15:53:22.532 [reactor-http-nio-47] DEBUG reactor.netty.resources.PooledConnectionProvider - [id: 0x25d8fc77, L:/127.0.0.1:51691 - R:localhost/127.0.0.1:8083] Releasing channel
15:53:22.532 [reactor-http-nio-46] DEBUG reactor.netty.resources.PooledConnectionProvider - [id: 0x6eeffece, L:/127.0.0.1:51732 - R:localhost/127.0.0.1:8083] Channel cleaned, now 24 active connections and 277 inactive connections
15:53:22.532 [reactor-http-nio-47] DEBUG reactor.netty.resources.PooledConnectionProvider - [id: 0x25d8fc77, L:/127.0.0.1:51691 - R:localhost/127.0.0.1:8083] Channel cleaned, now 23 active connections and 278 inactive connections
15:53:22.533 [reactor-http-nio-41] DEBUG reactor.netty.http.client.HttpClientOperations - [id: 0x04d95a3a, L:/127.0.0.1:51789 - R:localhost/127.0.0.1:8083] Received response (auto-read:false) : [Content-Type=application/json, Transfer-Encoding=chunked, Date=Wed, 15 Jun 2022 14:53:21 GMT]
15:53:22.533 [reactor-http-nio-46] DEBUG reactor.netty.http.client.HttpClientOperations - [id: 0x774c45b7, L:/127.0.0.1:51738 - R:localhost/127.0.0.1:8083] Received response (auto-read:false) : [Content-Type=application/json, Transfer-Encoding=chunked, Date=Wed, 15 Jun 2022 14:53:21 GMT]
15:53:22.533 [reactor-http-nio-41] DEBUG reactor.netty.resources.PooledConnectionProvider - [id: 0x04d95a3a, L:/127.0.0.1:51789 - R:localhost/127.0.0.1:8083] onStateChange(GET{uri=/attractions, connection=PooledConnection{channel=[id: 0x04d95a3a, L:/127.0.0.1:51789 - R:localhost/127.0.0.1:8083]}}, [response_received])
15:53:22.533 [reactor-http-nio-46] DEBUG reactor.netty.resources.PooledConnectionProvider - [id: 0x774c45b7, L:/127.0.0.1:51738 - R:localhost/127.0.0.1:8083] onStateChange(GET{uri=/attractions, connection=PooledConnection{channel=[id: 0x774c45b7, L:/127.0.0.1:51738 - R:localhost/127.0.0.1:8083]}}, [response_received])
15:53:22.533 [reactor-http-nio-41] DEBUG org.springframework.web.reactive.function.client.ExchangeFunctions - [15e262bd] Response 200 OK
15:53:22.533 [reactor-http-nio-46] DEBUG org.springframework.web.reactive.function.client.ExchangeFunctions - [96e3986] Response 200 OK
15:53:22.533 [reactor-http-nio-41] DEBUG reactor.netty.channel.FluxReceive - [id: 0x04d95a3a, L:/127.0.0.1:51789 - R:localhost/127.0.0.1:8083] Subscribing inbound receiver [pending: 0, cancelled:false, inboundDone: false]
15:53:22.533 [reactor-http-nio-46] DEBUG reactor.netty.channel.FluxReceive - [id: 0x774c45b7, L:/127.0.0.1:51738 - R:localhost/127.0.0.1:8083] Subscribing inbound receiver [pending: 0, cancelled:false, inboundDone: false]
15:53:22.533 [reactor-http-nio-41] DEBUG reactor.netty.http.client.HttpClientOperations - [id: 0x04d95a3a, L:/127.0.0.1:51789 - R:localhost/127.0.0.1:8083] Received last HTTP packet
15:53:22.533 [reactor-http-nio-46] DEBUG reactor.netty.http.client.HttpClientOperations - [id: 0x774c45b7, L:/127.0.0.1:51738 - R:localhost/127.0.0.1:8083] Received last HTTP packet
15:53:22.533 [reactor-http-nio-41] DEBUG org.springframework.core.codec.StringDecoder - [15e262bd] Decoded "[{"longitude":-117.922008,"latitude":33.817595,"attractionName":"Disneyland","city":"Anaheim","stat (truncated)...
15:53:22.533 [reactor-http-nio-46] DEBUG org.springframework.core.codec.StringDecoder - [96e3986] Decoded "[{"longitude":-117.922008,"latitude":33.817595,"attractionName":"Disneyland","city":"Anaheim","stat (truncated)...
15:53:22.533 [reactor-http-nio-41] DEBUG reactor.netty.resources.PooledConnectionProvider - [id: 0x04d95a3a, L:/127.0.0.1:51789 - R:localhost/127.0.0.1:8083] onStateChange(GET{uri=/attractions, connection=PooledConnection{channel=[id: 0x04d95a3a, L:/127.0.0.1:51789 - R:localhost/127.0.0.1:8083]}}, [disconnecting])
15:53:22.533 [reactor-http-nio-41] DEBUG reactor.netty.resources.PooledConnectionProvider - [id: 0x04d95a3a, L:/127.0.0.1:51789 - R:localhost/127.0.0.1:8083] Releasing channel
15:53:22.533 [reactor-http-nio-46] DEBUG reactor.netty.resources.PooledConnectionProvider - [id: 0x774c45b7, L:/127.0.0.1:51738 - R:localhost/127.0.0.1:8083] onStateChange(GET{uri=/attractions, connection=PooledConnection{channel=[id: 0x774c45b7, L:/127.0.0.1:51738 - R:localhost/127.0.0.1:8083]}}, [disconnecting])
15:53:22.533 [reactor-http-nio-46] DEBUG reactor.netty.resources.PooledConnectionProvider - [id: 0x774c45b7, L:/127.0.0.1:51738 - R:localhost/127.0.0.1:8083] Releasing channel
15:53:22.533 [reactor-http-nio-41] DEBUG reactor.netty.resources.PooledConnectionProvider - [id: 0x04d95a3a, L:/127.0.0.1:51789 - R:localhost/127.0.0.1:8083] Channel cleaned, now 22 active connections and 279 inactive connections
15:53:22.533 [reactor-http-nio-46] DEBUG reactor.netty.resources.PooledConnectionProvider - [id: 0x774c45b7, L:/127.0.0.1:51738 - R:localhost/127.0.0.1:8083] Channel cleaned, now 21 active connections and 280 inactive connections
15:53:22.533 [reactor-http-nio-46] DEBUG reactor.netty.http.client.HttpClientOperations - [id: 0xe6317c04, L:/127.0.0.1:51827 - R:localhost/127.0.0.1:8083] Received response (auto-read:false) : [Content-Type=application/json, Transfer-Encoding=chunked, Date=Wed, 15 Jun 2022 14:53:21 GMT]
15:53:22.533 [reactor-http-nio-46] DEBUG reactor.netty.resources.PooledConnectionProvider - [id: 0xe6317c04, L:/127.0.0.1:51827 - R:localhost/127.0.0.1:8083] onStateChange(GET{uri=/attractions, connection=PooledConnection{channel=[id: 0xe6317c04, L:/127.0.0.1:51827 - R:localhost/127.0.0.1:8083]}}, [response_received])
15:53:22.533 [reactor-http-nio-46] DEBUG org.springframework.web.reactive.function.client.ExchangeFunctions - [71f62b80] Response 200 OK
15:53:22.534 [reactor-http-nio-46] DEBUG reactor.netty.channel.FluxReceive - [id: 0xe6317c04, L:/127.0.0.1:51827 - R:localhost/127.0.0.1:8083] Subscribing inbound receiver [pending: 0, cancelled:false, inboundDone: false]
15:53:22.534 [reactor-http-nio-46] DEBUG reactor.netty.http.client.HttpClientOperations - [id: 0xe6317c04, L:/127.0.0.1:51827 - R:localhost/127.0.0.1:8083] Received last HTTP packet
15:53:22.534 [reactor-http-nio-46] DEBUG org.springframework.core.codec.StringDecoder - [71f62b80] Decoded "[{"longitude":-117.922008,"latitude":33.817595,"attractionName":"Disneyland","city":"Anaheim","stat (truncated)...
15:53:22.534 [reactor-http-nio-46] DEBUG reactor.netty.resources.PooledConnectionProvider - [id: 0xe6317c04, L:/127.0.0.1:51827 - R:localhost/127.0.0.1:8083] onStateChange(GET{uri=/attractions, connection=PooledConnection{channel=[id: 0xe6317c04, L:/127.0.0.1:51827 - R:localhost/127.0.0.1:8083]}}, [disconnecting])
15:53:22.534 [reactor-http-nio-46] DEBUG reactor.netty.resources.PooledConnectionProvider - [id: 0xe6317c04, L:/127.0.0.1:51827 - R:localhost/127.0.0.1:8083] Releasing channel
15:53:22.534 [reactor-http-nio-46] DEBUG reactor.netty.resources.PooledConnectionProvider - [id: 0xe6317c04, L:/127.0.0.1:51827 - R:localhost/127.0.0.1:8083] Channel cleaned, now 20 active connections and 281 inactive connections
15:53:22.534 [reactor-http-nio-46] DEBUG reactor.netty.http.client.HttpClientOperations - [id: 0x61ea6475, L:/127.0.0.1:51957 - R:localhost/127.0.0.1:8083] Received response (auto-read:false) : [Content-Type=application/json, Transfer-Encoding=chunked, Date=Wed, 15 Jun 2022 14:53:21 GMT]
15:53:22.534 [reactor-http-nio-46] DEBUG reactor.netty.resources.PooledConnectionProvider - [id: 0x61ea6475, L:/127.0.0.1:51957 - R:localhost/127.0.0.1:8083] onStateChange(GET{uri=/attractions, connection=PooledConnection{channel=[id: 0x61ea6475, L:/127.0.0.1:51957 - R:localhost/127.0.0.1:8083]}}, [response_received])
15:53:22.534 [reactor-http-nio-46] DEBUG org.springframework.web.reactive.function.client.ExchangeFunctions - [54be36e4] Response 200 OK
15:53:22.534 [reactor-http-nio-46] DEBUG reactor.netty.channel.FluxReceive - [id: 0x61ea6475, L:/127.0.0.1:51957 - R:localhost/127.0.0.1:8083] Subscribing inbound receiver [pending: 0, cancelled:false, inboundDone: false]
15:53:22.534 [reactor-http-nio-46] DEBUG reactor.netty.http.client.HttpClientOperations - [id: 0x61ea6475, L:/127.0.0.1:51957 - R:localhost/127.0.0.1:8083] Received last HTTP packet
15:53:22.535 [reactor-http-nio-46] DEBUG org.springframework.core.codec.StringDecoder - [54be36e4] Decoded "[{"longitude":-117.922008,"latitude":33.817595,"attractionName":"Disneyland","city":"Anaheim","stat (truncated)...
15:53:22.535 [reactor-http-nio-46] DEBUG reactor.netty.resources.PooledConnectionProvider - [id: 0x61ea6475, L:/127.0.0.1:51957 - R:localhost/127.0.0.1:8083] onStateChange(GET{uri=/attractions, connection=PooledConnection{channel=[id: 0x61ea6475, L:/127.0.0.1:51957 - R:localhost/127.0.0.1:8083]}}, [disconnecting])
15:53:22.535 [reactor-http-nio-46] DEBUG reactor.netty.resources.PooledConnectionProvider - [id: 0x61ea6475, L:/127.0.0.1:51957 - R:localhost/127.0.0.1:8083] Releasing channel
15:53:22.535 [reactor-http-nio-46] DEBUG reactor.netty.resources.PooledConnectionProvider - [id: 0x61ea6475, L:/127.0.0.1:51957 - R:localhost/127.0.0.1:8083] Channel cleaned, now 19 active connections and 282 inactive connections
15:53:22.535 [reactor-http-nio-41] DEBUG reactor.netty.http.client.HttpClientOperations - [id: 0xe848c2c1, L:/127.0.0.1:51736 - R:localhost/127.0.0.1:8083] Received response (auto-read:false) : [Content-Type=application/json, Transfer-Encoding=chunked, Date=Wed, 15 Jun 2022 14:53:21 GMT]
15:53:22.535 [reactor-http-nio-41] DEBUG reactor.netty.resources.PooledConnectionProvider - [id: 0xe848c2c1, L:/127.0.0.1:51736 - R:localhost/127.0.0.1:8083] onStateChange(GET{uri=/attractions, connection=PooledConnection{channel=[id: 0xe848c2c1, L:/127.0.0.1:51736 - R:localhost/127.0.0.1:8083]}}, [response_received])
15:53:22.535 [reactor-http-nio-47] DEBUG reactor.netty.http.client.HttpClientOperations - [id: 0x4269e003, L:/127.0.0.1:51863 - R:localhost/127.0.0.1:8083] Received response (auto-read:false) : [Content-Type=application/json, Transfer-Encoding=chunked, Date=Wed, 15 Jun 2022 14:53:21 GMT]
15:53:22.536 [reactor-http-nio-47] DEBUG reactor.netty.resources.PooledConnectionProvider - [id: 0x4269e003, L:/127.0.0.1:51863 - R:localhost/127.0.0.1:8083] onStateChange(GET{uri=/attractions, connection=PooledConnection{channel=[id: 0x4269e003, L:/127.0.0.1:51863 - R:localhost/127.0.0.1:8083]}}, [response_received])
15:53:22.536 [reactor-http-nio-41] DEBUG org.springframework.web.reactive.function.client.ExchangeFunctions - [70070b6f] Response 200 OK
15:53:22.536 [reactor-http-nio-47] DEBUG org.springframework.web.reactive.function.client.ExchangeFunctions - [17449da9] Response 200 OK
15:53:22.536 [reactor-http-nio-41] DEBUG reactor.netty.channel.FluxReceive - [id: 0xe848c2c1, L:/127.0.0.1:51736 - R:localhost/127.0.0.1:8083] Subscribing inbound receiver [pending: 0, cancelled:false, inboundDone: false]
15:53:22.536 [reactor-http-nio-47] DEBUG reactor.netty.channel.FluxReceive - [id: 0x4269e003, L:/127.0.0.1:51863 - R:localhost/127.0.0.1:8083] Subscribing inbound receiver [pending: 0, cancelled:false, inboundDone: false]
15:53:22.536 [reactor-http-nio-41] DEBUG reactor.netty.http.client.HttpClientOperations - [id: 0xe848c2c1, L:/127.0.0.1:51736 - R:localhost/127.0.0.1:8083] Received last HTTP packet
15:53:22.536 [reactor-http-nio-47] DEBUG reactor.netty.http.client.HttpClientOperations - [id: 0x4269e003, L:/127.0.0.1:51863 - R:localhost/127.0.0.1:8083] Received last HTTP packet
15:53:22.536 [reactor-http-nio-41] DEBUG org.springframework.core.codec.StringDecoder - [70070b6f] Decoded "[{"longitude":-117.922008,"latitude":33.817595,"attractionName":"Disneyland","city":"Anaheim","stat (truncated)...
15:53:22.536 [reactor-http-nio-47] DEBUG org.springframework.core.codec.StringDecoder - [17449da9] Decoded "[{"longitude":-117.922008,"latitude":33.817595,"attractionName":"Disneyland","city":"Anaheim","stat (truncated)...
15:53:22.536 [reactor-http-nio-41] DEBUG reactor.netty.resources.PooledConnectionProvider - [id: 0xe848c2c1, L:/127.0.0.1:51736 - R:localhost/127.0.0.1:8083] onStateChange(GET{uri=/attractions, connection=PooledConnection{channel=[id: 0xe848c2c1, L:/127.0.0.1:51736 - R:localhost/127.0.0.1:8083]}}, [disconnecting])
15:53:22.536 [reactor-http-nio-47] DEBUG reactor.netty.resources.PooledConnectionProvider - [id: 0x4269e003, L:/127.0.0.1:51863 - R:localhost/127.0.0.1:8083] onStateChange(GET{uri=/attractions, connection=PooledConnection{channel=[id: 0x4269e003, L:/127.0.0.1:51863 - R:localhost/127.0.0.1:8083]}}, [disconnecting])
15:53:22.536 [reactor-http-nio-47] DEBUG reactor.netty.resources.PooledConnectionProvider - [id: 0x4269e003, L:/127.0.0.1:51863 - R:localhost/127.0.0.1:8083] Releasing channel
15:53:22.536 [reactor-http-nio-41] DEBUG reactor.netty.resources.PooledConnectionProvider - [id: 0xe848c2c1, L:/127.0.0.1:51736 - R:localhost/127.0.0.1:8083] Releasing channel
15:53:22.536 [reactor-http-nio-47] DEBUG reactor.netty.resources.PooledConnectionProvider - [id: 0x4269e003, L:/127.0.0.1:51863 - R:localhost/127.0.0.1:8083] Channel cleaned, now 18 active connections and 283 inactive connections
15:53:22.536 [reactor-http-nio-41] DEBUG reactor.netty.resources.PooledConnectionProvider - [id: 0xe848c2c1, L:/127.0.0.1:51736 - R:localhost/127.0.0.1:8083] Channel cleaned, now 17 active connections and 284 inactive connections
15:53:22.536 [reactor-http-nio-41] DEBUG reactor.netty.http.client.HttpClientOperations - [id: 0x506c6088, L:/127.0.0.1:51764 - R:localhost/127.0.0.1:8083] Received response (auto-read:false) : [Content-Type=application/json, Transfer-Encoding=chunked, Date=Wed, 15 Jun 2022 14:53:21 GMT]
15:53:22.536 [reactor-http-nio-41] DEBUG reactor.netty.resources.PooledConnectionProvider - [id: 0x506c6088, L:/127.0.0.1:51764 - R:localhost/127.0.0.1:8083] onStateChange(GET{uri=/attractions, connection=PooledConnection{channel=[id: 0x506c6088, L:/127.0.0.1:51764 - R:localhost/127.0.0.1:8083]}}, [response_received])
15:53:22.536 [reactor-http-nio-41] DEBUG org.springframework.web.reactive.function.client.ExchangeFunctions - [934a72d] Response 200 OK
15:53:22.536 [reactor-http-nio-41] DEBUG reactor.netty.channel.FluxReceive - [id: 0x506c6088, L:/127.0.0.1:51764 - R:localhost/127.0.0.1:8083] Subscribing inbound receiver [pending: 0, cancelled:false, inboundDone: false]
15:53:22.536 [reactor-http-nio-41] DEBUG reactor.netty.http.client.HttpClientOperations - [id: 0x506c6088, L:/127.0.0.1:51764 - R:localhost/127.0.0.1:8083] Received last HTTP packet
15:53:22.536 [reactor-http-nio-41] DEBUG org.springframework.core.codec.StringDecoder - [934a72d] Decoded "[{"longitude":-117.922008,"latitude":33.817595,"attractionName":"Disneyland","city":"Anaheim","stat (truncated)...
15:53:22.536 [reactor-http-nio-41] DEBUG reactor.netty.resources.PooledConnectionProvider - [id: 0x506c6088, L:/127.0.0.1:51764 - R:localhost/127.0.0.1:8083] onStateChange(GET{uri=/attractions, connection=PooledConnection{channel=[id: 0x506c6088, L:/127.0.0.1:51764 - R:localhost/127.0.0.1:8083]}}, [disconnecting])
15:53:22.537 [reactor-http-nio-41] DEBUG reactor.netty.resources.PooledConnectionProvider - [id: 0x506c6088, L:/127.0.0.1:51764 - R:localhost/127.0.0.1:8083] Releasing channel
15:53:22.537 [reactor-http-nio-41] DEBUG reactor.netty.resources.PooledConnectionProvider - [id: 0x506c6088, L:/127.0.0.1:51764 - R:localhost/127.0.0.1:8083] Channel cleaned, now 16 active connections and 285 inactive connections
15:53:22.537 [reactor-http-nio-41] DEBUG reactor.netty.http.client.HttpClientOperations - [id: 0xf0244be7, L:/127.0.0.1:51921 - R:localhost/127.0.0.1:8083] Received response (auto-read:false) : [Content-Type=application/json, Transfer-Encoding=chunked, Date=Wed, 15 Jun 2022 14:53:21 GMT]
15:53:22.537 [reactor-http-nio-41] DEBUG reactor.netty.resources.PooledConnectionProvider - [id: 0xf0244be7, L:/127.0.0.1:51921 - R:localhost/127.0.0.1:8083] onStateChange(GET{uri=/attractions, connection=PooledConnection{channel=[id: 0xf0244be7, L:/127.0.0.1:51921 - R:localhost/127.0.0.1:8083]}}, [response_received])
15:53:22.537 [reactor-http-nio-41] DEBUG org.springframework.web.reactive.function.client.ExchangeFunctions - [5b50939d] Response 200 OK
15:53:22.537 [reactor-http-nio-41] DEBUG reactor.netty.channel.FluxReceive - [id: 0xf0244be7, L:/127.0.0.1:51921 - R:localhost/127.0.0.1:8083] Subscribing inbound receiver [pending: 0, cancelled:false, inboundDone: false]
15:53:22.537 [reactor-http-nio-41] DEBUG reactor.netty.http.client.HttpClientOperations - [id: 0xf0244be7, L:/127.0.0.1:51921 - R:localhost/127.0.0.1:8083] Received last HTTP packet
15:53:22.537 [reactor-http-nio-41] DEBUG org.springframework.core.codec.StringDecoder - [5b50939d] Decoded "[{"longitude":-117.922008,"latitude":33.817595,"attractionName":"Disneyland","city":"Anaheim","stat (truncated)...
15:53:22.537 [reactor-http-nio-41] DEBUG reactor.netty.resources.PooledConnectionProvider - [id: 0xf0244be7, L:/127.0.0.1:51921 - R:localhost/127.0.0.1:8083] onStateChange(GET{uri=/attractions, connection=PooledConnection{channel=[id: 0xf0244be7, L:/127.0.0.1:51921 - R:localhost/127.0.0.1:8083]}}, [disconnecting])
15:53:22.537 [reactor-http-nio-41] DEBUG reactor.netty.resources.PooledConnectionProvider - [id: 0xf0244be7, L:/127.0.0.1:51921 - R:localhost/127.0.0.1:8083] Releasing channel
15:53:22.537 [reactor-http-nio-41] DEBUG reactor.netty.resources.PooledConnectionProvider - [id: 0xf0244be7, L:/127.0.0.1:51921 - R:localhost/127.0.0.1:8083] Channel cleaned, now 15 active connections and 286 inactive connections
15:53:22.538 [reactor-http-nio-41] DEBUG reactor.netty.http.client.HttpClientOperations - [id: 0x8ef5774d, L:/127.0.0.1:51762 - R:localhost/127.0.0.1:8083] Received response (auto-read:false) : [Content-Type=application/json, Transfer-Encoding=chunked, Date=Wed, 15 Jun 2022 14:53:21 GMT]
15:53:22.538 [reactor-http-nio-41] DEBUG reactor.netty.resources.PooledConnectionProvider - [id: 0x8ef5774d, L:/127.0.0.1:51762 - R:localhost/127.0.0.1:8083] onStateChange(GET{uri=/attractions, connection=PooledConnection{channel=[id: 0x8ef5774d, L:/127.0.0.1:51762 - R:localhost/127.0.0.1:8083]}}, [response_received])
15:53:22.538 [reactor-http-nio-41] DEBUG org.springframework.web.reactive.function.client.ExchangeFunctions - [432ee0dc] Response 200 OK
15:53:22.538 [reactor-http-nio-41] DEBUG reactor.netty.channel.FluxReceive - [id: 0x8ef5774d, L:/127.0.0.1:51762 - R:localhost/127.0.0.1:8083] Subscribing inbound receiver [pending: 0, cancelled:false, inboundDone: false]
15:53:22.538 [reactor-http-nio-41] DEBUG reactor.netty.http.client.HttpClientOperations - [id: 0x8ef5774d, L:/127.0.0.1:51762 - R:localhost/127.0.0.1:8083] Received last HTTP packet
15:53:22.538 [reactor-http-nio-41] DEBUG org.springframework.core.codec.StringDecoder - [432ee0dc] Decoded "[{"longitude":-117.922008,"latitude":33.817595,"attractionName":"Disneyland","city":"Anaheim","stat (truncated)...
15:53:22.538 [reactor-http-nio-41] DEBUG reactor.netty.resources.PooledConnectionProvider - [id: 0x8ef5774d, L:/127.0.0.1:51762 - R:localhost/127.0.0.1:8083] onStateChange(GET{uri=/attractions, connection=PooledConnection{channel=[id: 0x8ef5774d, L:/127.0.0.1:51762 - R:localhost/127.0.0.1:8083]}}, [disconnecting])
15:53:22.538 [reactor-http-nio-41] DEBUG reactor.netty.resources.PooledConnectionProvider - [id: 0x8ef5774d, L:/127.0.0.1:51762 - R:localhost/127.0.0.1:8083] Releasing channel
15:53:22.538 [reactor-http-nio-41] DEBUG reactor.netty.resources.PooledConnectionProvider - [id: 0x8ef5774d, L:/127.0.0.1:51762 - R:localhost/127.0.0.1:8083] Channel cleaned, now 14 active connections and 287 inactive connections
15:53:22.546 [reactor-http-nio-46] DEBUG reactor.netty.http.client.HttpClientOperations - [id: 0x36ae5eff, L:/127.0.0.1:51822 - R:localhost/127.0.0.1:8083] Received last HTTP packet
15:53:22.546 [reactor-http-nio-46] DEBUG org.springframework.core.codec.StringDecoder - [6ada4fef] Decoded "[{"longitude":-117.922008,"latitude":33.817595,"attractionName":"Disneyland","city":"Anaheim","stat (truncated)...
15:53:22.546 [reactor-http-nio-46] DEBUG reactor.netty.resources.PooledConnectionProvider - [id: 0x36ae5eff, L:/127.0.0.1:51822 - R:localhost/127.0.0.1:8083] onStateChange(GET{uri=/attractions, connection=PooledConnection{channel=[id: 0x36ae5eff, L:/127.0.0.1:51822 - R:localhost/127.0.0.1:8083]}}, [disconnecting])
15:53:22.546 [reactor-http-nio-46] DEBUG reactor.netty.resources.PooledConnectionProvider - [id: 0x36ae5eff, L:/127.0.0.1:51822 - R:localhost/127.0.0.1:8083] Releasing channel
15:53:22.546 [reactor-http-nio-46] DEBUG reactor.netty.resources.PooledConnectionProvider - [id: 0x36ae5eff, L:/127.0.0.1:51822 - R:localhost/127.0.0.1:8083] Channel cleaned, now 13 active connections and 288 inactive connections
15:53:22.547 [reactor-http-nio-46] DEBUG reactor.netty.http.client.HttpClientOperations - [id: 0x13239c6a, L:/127.0.0.1:51810 - R:localhost/127.0.0.1:8083] Received response (auto-read:false) : [Content-Type=application/json, Transfer-Encoding=chunked, Date=Wed, 15 Jun 2022 14:53:21 GMT]
15:53:22.547 [reactor-http-nio-46] DEBUG reactor.netty.resources.PooledConnectionProvider - [id: 0x13239c6a, L:/127.0.0.1:51810 - R:localhost/127.0.0.1:8083] onStateChange(GET{uri=/attractions, connection=PooledConnection{channel=[id: 0x13239c6a, L:/127.0.0.1:51810 - R:localhost/127.0.0.1:8083]}}, [response_received])
15:53:22.547 [reactor-http-nio-46] DEBUG org.springframework.web.reactive.function.client.ExchangeFunctions - [7241656f] Response 200 OK
15:53:22.547 [reactor-http-nio-46] DEBUG reactor.netty.channel.FluxReceive - [id: 0x13239c6a, L:/127.0.0.1:51810 - R:localhost/127.0.0.1:8083] Subscribing inbound receiver [pending: 0, cancelled:false, inboundDone: false]
15:53:22.547 [reactor-http-nio-46] DEBUG reactor.netty.http.client.HttpClientOperations - [id: 0x13239c6a, L:/127.0.0.1:51810 - R:localhost/127.0.0.1:8083] Received last HTTP packet
15:53:22.547 [reactor-http-nio-46] DEBUG org.springframework.core.codec.StringDecoder - [7241656f] Decoded "[{"longitude":-117.922008,"latitude":33.817595,"attractionName":"Disneyland","city":"Anaheim","stat (truncated)...
15:53:22.547 [reactor-http-nio-46] DEBUG reactor.netty.resources.PooledConnectionProvider - [id: 0x13239c6a, L:/127.0.0.1:51810 - R:localhost/127.0.0.1:8083] onStateChange(GET{uri=/attractions, connection=PooledConnection{channel=[id: 0x13239c6a, L:/127.0.0.1:51810 - R:localhost/127.0.0.1:8083]}}, [disconnecting])
15:53:22.547 [reactor-http-nio-46] DEBUG reactor.netty.resources.PooledConnectionProvider - [id: 0x13239c6a, L:/127.0.0.1:51810 - R:localhost/127.0.0.1:8083] Releasing channel
15:53:22.547 [reactor-http-nio-46] DEBUG reactor.netty.resources.PooledConnectionProvider - [id: 0x13239c6a, L:/127.0.0.1:51810 - R:localhost/127.0.0.1:8083] Channel cleaned, now 12 active connections and 289 inactive connections
15:53:22.547 [reactor-http-nio-46] DEBUG reactor.netty.http.client.HttpClientOperations - [id: 0xf75a1396, L:/127.0.0.1:51746 - R:localhost/127.0.0.1:8083] Received response (auto-read:false) : [Content-Type=application/json, Transfer-Encoding=chunked, Date=Wed, 15 Jun 2022 14:53:21 GMT]
15:53:22.547 [reactor-http-nio-46] DEBUG reactor.netty.resources.PooledConnectionProvider - [id: 0xf75a1396, L:/127.0.0.1:51746 - R:localhost/127.0.0.1:8083] onStateChange(GET{uri=/attractions, connection=PooledConnection{channel=[id: 0xf75a1396, L:/127.0.0.1:51746 - R:localhost/127.0.0.1:8083]}}, [response_received])
15:53:22.547 [reactor-http-nio-46] DEBUG org.springframework.web.reactive.function.client.ExchangeFunctions - [19e3aa37] Response 200 OK
15:53:22.548 [reactor-http-nio-46] DEBUG reactor.netty.channel.FluxReceive - [id: 0xf75a1396, L:/127.0.0.1:51746 - R:localhost/127.0.0.1:8083] Subscribing inbound receiver [pending: 0, cancelled:false, inboundDone: false]
15:53:22.548 [reactor-http-nio-46] DEBUG reactor.netty.http.client.HttpClientOperations - [id: 0xf75a1396, L:/127.0.0.1:51746 - R:localhost/127.0.0.1:8083] Received last HTTP packet
15:53:22.548 [reactor-http-nio-46] DEBUG org.springframework.core.codec.StringDecoder - [19e3aa37] Decoded "[{"longitude":-117.922008,"latitude":33.817595,"attractionName":"Disneyland","city":"Anaheim","stat (truncated)...
15:53:22.548 [reactor-http-nio-46] DEBUG reactor.netty.resources.PooledConnectionProvider - [id: 0xf75a1396, L:/127.0.0.1:51746 - R:localhost/127.0.0.1:8083] onStateChange(GET{uri=/attractions, connection=PooledConnection{channel=[id: 0xf75a1396, L:/127.0.0.1:51746 - R:localhost/127.0.0.1:8083]}}, [disconnecting])
15:53:22.548 [reactor-http-nio-46] DEBUG reactor.netty.resources.PooledConnectionProvider - [id: 0xf75a1396, L:/127.0.0.1:51746 - R:localhost/127.0.0.1:8083] Releasing channel
15:53:22.548 [reactor-http-nio-46] DEBUG reactor.netty.resources.PooledConnectionProvider - [id: 0xf75a1396, L:/127.0.0.1:51746 - R:localhost/127.0.0.1:8083] Channel cleaned, now 11 active connections and 290 inactive connections
15:53:22.548 [reactor-http-nio-48] DEBUG reactor.netty.http.client.HttpClientOperations - [id: 0x4146066f, L:/127.0.0.1:51904 - R:localhost/127.0.0.1:8083] Received response (auto-read:false) : [Content-Type=application/json, Transfer-Encoding=chunked, Date=Wed, 15 Jun 2022 14:53:21 GMT]
15:53:22.548 [reactor-http-nio-48] DEBUG reactor.netty.resources.PooledConnectionProvider - [id: 0x4146066f, L:/127.0.0.1:51904 - R:localhost/127.0.0.1:8083] onStateChange(GET{uri=/attractions, connection=PooledConnection{channel=[id: 0x4146066f, L:/127.0.0.1:51904 - R:localhost/127.0.0.1:8083]}}, [response_received])
15:53:22.549 [reactor-http-nio-48] DEBUG org.springframework.web.reactive.function.client.ExchangeFunctions - [3192bc23] Response 200 OK
15:53:22.549 [reactor-http-nio-48] DEBUG reactor.netty.channel.FluxReceive - [id: 0x4146066f, L:/127.0.0.1:51904 - R:localhost/127.0.0.1:8083] Subscribing inbound receiver [pending: 0, cancelled:false, inboundDone: false]
15:53:22.549 [reactor-http-nio-48] DEBUG reactor.netty.http.client.HttpClientOperations - [id: 0x4146066f, L:/127.0.0.1:51904 - R:localhost/127.0.0.1:8083] Received last HTTP packet
15:53:22.549 [reactor-http-nio-48] DEBUG org.springframework.core.codec.StringDecoder - [3192bc23] Decoded "[{"longitude":-117.922008,"latitude":33.817595,"attractionName":"Disneyland","city":"Anaheim","stat (truncated)...
15:53:22.549 [reactor-http-nio-48] DEBUG reactor.netty.resources.PooledConnectionProvider - [id: 0x4146066f, L:/127.0.0.1:51904 - R:localhost/127.0.0.1:8083] onStateChange(GET{uri=/attractions, connection=PooledConnection{channel=[id: 0x4146066f, L:/127.0.0.1:51904 - R:localhost/127.0.0.1:8083]}}, [disconnecting])
15:53:22.549 [reactor-http-nio-48] DEBUG reactor.netty.resources.PooledConnectionProvider - [id: 0x4146066f, L:/127.0.0.1:51904 - R:localhost/127.0.0.1:8083] Releasing channel
15:53:22.549 [reactor-http-nio-48] DEBUG reactor.netty.resources.PooledConnectionProvider - [id: 0x4146066f, L:/127.0.0.1:51904 - R:localhost/127.0.0.1:8083] Channel cleaned, now 10 active connections and 291 inactive connections
15:53:22.551 [reactor-http-nio-41] DEBUG reactor.netty.http.client.HttpClientOperations - [id: 0x22744470, L:/127.0.0.1:51785 - R:localhost/127.0.0.1:8083] Received response (auto-read:false) : [Content-Type=application/json, Transfer-Encoding=chunked, Date=Wed, 15 Jun 2022 14:53:21 GMT]
15:53:22.551 [reactor-http-nio-41] DEBUG reactor.netty.resources.PooledConnectionProvider - [id: 0x22744470, L:/127.0.0.1:51785 - R:localhost/127.0.0.1:8083] onStateChange(GET{uri=/attractions, connection=PooledConnection{channel=[id: 0x22744470, L:/127.0.0.1:51785 - R:localhost/127.0.0.1:8083]}}, [response_received])
15:53:22.551 [reactor-http-nio-41] DEBUG org.springframework.web.reactive.function.client.ExchangeFunctions - [45fd41fb] Response 200 OK
15:53:22.551 [reactor-http-nio-41] DEBUG reactor.netty.channel.FluxReceive - [id: 0x22744470, L:/127.0.0.1:51785 - R:localhost/127.0.0.1:8083] Subscribing inbound receiver [pending: 0, cancelled:false, inboundDone: false]
15:53:22.551 [reactor-http-nio-41] DEBUG reactor.netty.http.client.HttpClientOperations - [id: 0x22744470, L:/127.0.0.1:51785 - R:localhost/127.0.0.1:8083] Received last HTTP packet
15:53:22.551 [reactor-http-nio-41] DEBUG org.springframework.core.codec.StringDecoder - [45fd41fb] Decoded "[{"longitude":-117.922008,"latitude":33.817595,"attractionName":"Disneyland","city":"Anaheim","stat (truncated)...
15:53:22.551 [reactor-http-nio-41] DEBUG reactor.netty.resources.PooledConnectionProvider - [id: 0x22744470, L:/127.0.0.1:51785 - R:localhost/127.0.0.1:8083] onStateChange(GET{uri=/attractions, connection=PooledConnection{channel=[id: 0x22744470, L:/127.0.0.1:51785 - R:localhost/127.0.0.1:8083]}}, [disconnecting])
15:53:22.551 [reactor-http-nio-41] DEBUG reactor.netty.resources.PooledConnectionProvider - [id: 0x22744470, L:/127.0.0.1:51785 - R:localhost/127.0.0.1:8083] Releasing channel
15:53:22.551 [reactor-http-nio-41] DEBUG reactor.netty.resources.PooledConnectionProvider - [id: 0x22744470, L:/127.0.0.1:51785 - R:localhost/127.0.0.1:8083] Channel cleaned, now 9 active connections and 292 inactive connections
15:53:22.559 [reactor-http-nio-46] DEBUG reactor.netty.http.client.HttpClientOperations - [id: 0xefddac86, L:/127.0.0.1:51812 - R:localhost/127.0.0.1:8083] Received response (auto-read:false) : [Content-Type=application/json, Transfer-Encoding=chunked, Date=Wed, 15 Jun 2022 14:53:21 GMT]
15:53:22.559 [reactor-http-nio-46] DEBUG reactor.netty.resources.PooledConnectionProvider - [id: 0xefddac86, L:/127.0.0.1:51812 - R:localhost/127.0.0.1:8083] onStateChange(GET{uri=/attractions, connection=PooledConnection{channel=[id: 0xefddac86, L:/127.0.0.1:51812 - R:localhost/127.0.0.1:8083]}}, [response_received])
15:53:22.559 [reactor-http-nio-46] DEBUG org.springframework.web.reactive.function.client.ExchangeFunctions - [ba7ba8c] Response 200 OK
15:53:22.560 [reactor-http-nio-46] DEBUG reactor.netty.channel.FluxReceive - [id: 0xefddac86, L:/127.0.0.1:51812 - R:localhost/127.0.0.1:8083] Subscribing inbound receiver [pending: 0, cancelled:false, inboundDone: false]
15:53:22.560 [reactor-http-nio-46] DEBUG reactor.netty.http.client.HttpClientOperations - [id: 0xefddac86, L:/127.0.0.1:51812 - R:localhost/127.0.0.1:8083] Received last HTTP packet
15:53:22.560 [reactor-http-nio-48] DEBUG reactor.netty.http.client.HttpClientOperations - [id: 0x7b10d5b9, L:/127.0.0.1:51958 - R:localhost/127.0.0.1:8083] Received response (auto-read:false) : [Content-Type=application/json, Transfer-Encoding=chunked, Date=Wed, 15 Jun 2022 14:53:21 GMT]
15:53:22.560 [reactor-http-nio-48] DEBUG reactor.netty.resources.PooledConnectionProvider - [id: 0x7b10d5b9, L:/127.0.0.1:51958 - R:localhost/127.0.0.1:8083] onStateChange(GET{uri=/attractions, connection=PooledConnection{channel=[id: 0x7b10d5b9, L:/127.0.0.1:51958 - R:localhost/127.0.0.1:8083]}}, [response_received])
15:53:22.560 [reactor-http-nio-46] DEBUG org.springframework.core.codec.StringDecoder - [ba7ba8c] Decoded "[{"longitude":-117.922008,"latitude":33.817595,"attractionName":"Disneyland","city":"Anaheim","stat (truncated)...
15:53:22.560 [reactor-http-nio-48] DEBUG org.springframework.web.reactive.function.client.ExchangeFunctions - [6de4dbab] Response 200 OK
15:53:22.560 [reactor-http-nio-46] DEBUG reactor.netty.resources.PooledConnectionProvider - [id: 0xefddac86, L:/127.0.0.1:51812 - R:localhost/127.0.0.1:8083] onStateChange(GET{uri=/attractions, connection=PooledConnection{channel=[id: 0xefddac86, L:/127.0.0.1:51812 - R:localhost/127.0.0.1:8083]}}, [disconnecting])
15:53:22.560 [reactor-http-nio-46] DEBUG reactor.netty.resources.PooledConnectionProvider - [id: 0xefddac86, L:/127.0.0.1:51812 - R:localhost/127.0.0.1:8083] Releasing channel
15:53:22.560 [reactor-http-nio-46] DEBUG reactor.netty.resources.PooledConnectionProvider - [id: 0xefddac86, L:/127.0.0.1:51812 - R:localhost/127.0.0.1:8083] Channel cleaned, now 8 active connections and 293 inactive connections
15:53:22.560 [reactor-http-nio-48] DEBUG reactor.netty.channel.FluxReceive - [id: 0x7b10d5b9, L:/127.0.0.1:51958 - R:localhost/127.0.0.1:8083] Subscribing inbound receiver [pending: 0, cancelled:false, inboundDone: false]
15:53:22.560 [reactor-http-nio-48] DEBUG reactor.netty.http.client.HttpClientOperations - [id: 0x7b10d5b9, L:/127.0.0.1:51958 - R:localhost/127.0.0.1:8083] Received last HTTP packet
15:53:22.560 [reactor-http-nio-46] DEBUG reactor.netty.http.client.HttpClientOperations - [id: 0xe441070c, L:/127.0.0.1:51808 - R:localhost/127.0.0.1:8083] Received response (auto-read:false) : [Content-Type=application/json, Transfer-Encoding=chunked, Date=Wed, 15 Jun 2022 14:53:21 GMT]
15:53:22.560 [reactor-http-nio-46] DEBUG reactor.netty.resources.PooledConnectionProvider - [id: 0xe441070c, L:/127.0.0.1:51808 - R:localhost/127.0.0.1:8083] onStateChange(GET{uri=/attractions, connection=PooledConnection{channel=[id: 0xe441070c, L:/127.0.0.1:51808 - R:localhost/127.0.0.1:8083]}}, [response_received])
15:53:22.560 [reactor-http-nio-46] DEBUG org.springframework.web.reactive.function.client.ExchangeFunctions - [2ec8a01b] Response 200 OK
15:53:22.560 [reactor-http-nio-48] DEBUG org.springframework.core.codec.StringDecoder - [6de4dbab] Decoded "[{"longitude":-117.922008,"latitude":33.817595,"attractionName":"Disneyland","city":"Anaheim","stat (truncated)...
15:53:22.560 [reactor-http-nio-48] DEBUG reactor.netty.resources.PooledConnectionProvider - [id: 0x7b10d5b9, L:/127.0.0.1:51958 - R:localhost/127.0.0.1:8083] onStateChange(GET{uri=/attractions, connection=PooledConnection{channel=[id: 0x7b10d5b9, L:/127.0.0.1:51958 - R:localhost/127.0.0.1:8083]}}, [disconnecting])
15:53:22.560 [reactor-http-nio-48] DEBUG reactor.netty.resources.PooledConnectionProvider - [id: 0x7b10d5b9, L:/127.0.0.1:51958 - R:localhost/127.0.0.1:8083] Releasing channel
15:53:22.560 [reactor-http-nio-48] DEBUG reactor.netty.resources.PooledConnectionProvider - [id: 0x7b10d5b9, L:/127.0.0.1:51958 - R:localhost/127.0.0.1:8083] Channel cleaned, now 7 active connections and 294 inactive connections
15:53:22.561 [reactor-http-nio-46] DEBUG reactor.netty.channel.FluxReceive - [id: 0xe441070c, L:/127.0.0.1:51808 - R:localhost/127.0.0.1:8083] Subscribing inbound receiver [pending: 0, cancelled:false, inboundDone: false]
15:53:22.561 [reactor-http-nio-46] DEBUG reactor.netty.http.client.HttpClientOperations - [id: 0xe441070c, L:/127.0.0.1:51808 - R:localhost/127.0.0.1:8083] Received last HTTP packet
15:53:22.561 [reactor-http-nio-46] DEBUG org.springframework.core.codec.StringDecoder - [2ec8a01b] Decoded "[{"longitude":-117.922008,"latitude":33.817595,"attractionName":"Disneyland","city":"Anaheim","stat (truncated)...
15:53:22.561 [reactor-http-nio-46] DEBUG reactor.netty.resources.PooledConnectionProvider - [id: 0xe441070c, L:/127.0.0.1:51808 - R:localhost/127.0.0.1:8083] onStateChange(GET{uri=/attractions, connection=PooledConnection{channel=[id: 0xe441070c, L:/127.0.0.1:51808 - R:localhost/127.0.0.1:8083]}}, [disconnecting])
15:53:22.561 [reactor-http-nio-46] DEBUG reactor.netty.resources.PooledConnectionProvider - [id: 0xe441070c, L:/127.0.0.1:51808 - R:localhost/127.0.0.1:8083] Releasing channel
15:53:22.561 [reactor-http-nio-46] DEBUG reactor.netty.resources.PooledConnectionProvider - [id: 0xe441070c, L:/127.0.0.1:51808 - R:localhost/127.0.0.1:8083] Channel cleaned, now 6 active connections and 295 inactive connections
15:53:22.561 [reactor-http-nio-47] DEBUG reactor.netty.http.client.HttpClientOperations - [id: 0x7df89b85, L:/127.0.0.1:51851 - R:localhost/127.0.0.1:8083] Received response (auto-read:false) : [Content-Type=application/json, Transfer-Encoding=chunked, Date=Wed, 15 Jun 2022 14:53:21 GMT]
15:53:22.561 [reactor-http-nio-47] DEBUG reactor.netty.resources.PooledConnectionProvider - [id: 0x7df89b85, L:/127.0.0.1:51851 - R:localhost/127.0.0.1:8083] onStateChange(GET{uri=/attractions, connection=PooledConnection{channel=[id: 0x7df89b85, L:/127.0.0.1:51851 - R:localhost/127.0.0.1:8083]}}, [response_received])
15:53:22.561 [reactor-http-nio-47] DEBUG org.springframework.web.reactive.function.client.ExchangeFunctions - [2e9d4114] Response 200 OK
15:53:22.562 [reactor-http-nio-47] DEBUG reactor.netty.channel.FluxReceive - [id: 0x7df89b85, L:/127.0.0.1:51851 - R:localhost/127.0.0.1:8083] Subscribing inbound receiver [pending: 0, cancelled:false, inboundDone: false]
15:53:22.562 [reactor-http-nio-46] DEBUG reactor.netty.http.client.HttpClientOperations - [id: 0x21f981c4, L:/127.0.0.1:51805 - R:localhost/127.0.0.1:8083] Received response (auto-read:false) : [Content-Type=application/json, Transfer-Encoding=chunked, Date=Wed, 15 Jun 2022 14:53:21 GMT]
15:53:22.562 [reactor-http-nio-47] DEBUG reactor.netty.http.client.HttpClientOperations - [id: 0x7df89b85, L:/127.0.0.1:51851 - R:localhost/127.0.0.1:8083] Received last HTTP packet
15:53:22.562 [reactor-http-nio-46] DEBUG reactor.netty.resources.PooledConnectionProvider - [id: 0x21f981c4, L:/127.0.0.1:51805 - R:localhost/127.0.0.1:8083] onStateChange(GET{uri=/attractions, connection=PooledConnection{channel=[id: 0x21f981c4, L:/127.0.0.1:51805 - R:localhost/127.0.0.1:8083]}}, [response_received])
15:53:22.562 [reactor-http-nio-46] DEBUG org.springframework.web.reactive.function.client.ExchangeFunctions - [62df84e] Response 200 OK
15:53:22.562 [reactor-http-nio-47] DEBUG org.springframework.core.codec.StringDecoder - [2e9d4114] Decoded "[{"longitude":-117.922008,"latitude":33.817595,"attractionName":"Disneyland","city":"Anaheim","stat (truncated)...
15:53:22.562 [reactor-http-nio-47] DEBUG reactor.netty.resources.PooledConnectionProvider - [id: 0x7df89b85, L:/127.0.0.1:51851 - R:localhost/127.0.0.1:8083] onStateChange(GET{uri=/attractions, connection=PooledConnection{channel=[id: 0x7df89b85, L:/127.0.0.1:51851 - R:localhost/127.0.0.1:8083]}}, [disconnecting])
15:53:22.562 [reactor-http-nio-47] DEBUG reactor.netty.resources.PooledConnectionProvider - [id: 0x7df89b85, L:/127.0.0.1:51851 - R:localhost/127.0.0.1:8083] Releasing channel
15:53:22.562 [reactor-http-nio-47] DEBUG reactor.netty.resources.PooledConnectionProvider - [id: 0x7df89b85, L:/127.0.0.1:51851 - R:localhost/127.0.0.1:8083] Channel cleaned, now 5 active connections and 296 inactive connections
15:53:22.562 [reactor-http-nio-46] DEBUG reactor.netty.channel.FluxReceive - [id: 0x21f981c4, L:/127.0.0.1:51805 - R:localhost/127.0.0.1:8083] Subscribing inbound receiver [pending: 0, cancelled:false, inboundDone: false]
15:53:22.562 [reactor-http-nio-46] DEBUG reactor.netty.http.client.HttpClientOperations - [id: 0x21f981c4, L:/127.0.0.1:51805 - R:localhost/127.0.0.1:8083] Received last HTTP packet
15:53:22.562 [reactor-http-nio-46] DEBUG org.springframework.core.codec.StringDecoder - [62df84e] Decoded "[{"longitude":-117.922008,"latitude":33.817595,"attractionName":"Disneyland","city":"Anaheim","stat (truncated)...
15:53:22.562 [reactor-http-nio-46] DEBUG reactor.netty.resources.PooledConnectionProvider - [id: 0x21f981c4, L:/127.0.0.1:51805 - R:localhost/127.0.0.1:8083] onStateChange(GET{uri=/attractions, connection=PooledConnection{channel=[id: 0x21f981c4, L:/127.0.0.1:51805 - R:localhost/127.0.0.1:8083]}}, [disconnecting])
15:53:22.562 [reactor-http-nio-46] DEBUG reactor.netty.resources.PooledConnectionProvider - [id: 0x21f981c4, L:/127.0.0.1:51805 - R:localhost/127.0.0.1:8083] Releasing channel
15:53:22.562 [reactor-http-nio-46] DEBUG reactor.netty.resources.PooledConnectionProvider - [id: 0x21f981c4, L:/127.0.0.1:51805 - R:localhost/127.0.0.1:8083] Channel cleaned, now 4 active connections and 297 inactive connections
15:53:22.563 [reactor-http-nio-46] DEBUG reactor.netty.http.client.HttpClientOperations - [id: 0x235f3a5b, L:/127.0.0.1:51771 - R:localhost/127.0.0.1:8083] Received response (auto-read:false) : [Content-Type=application/json, Transfer-Encoding=chunked, Date=Wed, 15 Jun 2022 14:53:21 GMT]
15:53:22.563 [reactor-http-nio-46] DEBUG reactor.netty.resources.PooledConnectionProvider - [id: 0x235f3a5b, L:/127.0.0.1:51771 - R:localhost/127.0.0.1:8083] onStateChange(GET{uri=/attractions, connection=PooledConnection{channel=[id: 0x235f3a5b, L:/127.0.0.1:51771 - R:localhost/127.0.0.1:8083]}}, [response_received])
15:53:22.563 [reactor-http-nio-46] DEBUG org.springframework.web.reactive.function.client.ExchangeFunctions - [3c62c85] Response 200 OK
15:53:22.563 [reactor-http-nio-46] DEBUG reactor.netty.channel.FluxReceive - [id: 0x235f3a5b, L:/127.0.0.1:51771 - R:localhost/127.0.0.1:8083] Subscribing inbound receiver [pending: 0, cancelled:false, inboundDone: false]
15:53:22.563 [reactor-http-nio-46] DEBUG reactor.netty.http.client.HttpClientOperations - [id: 0x235f3a5b, L:/127.0.0.1:51771 - R:localhost/127.0.0.1:8083] Received last HTTP packet
15:53:22.564 [reactor-http-nio-46] DEBUG org.springframework.core.codec.StringDecoder - [3c62c85] Decoded "[{"longitude":-117.922008,"latitude":33.817595,"attractionName":"Disneyland","city":"Anaheim","stat (truncated)...
15:53:22.564 [reactor-http-nio-46] DEBUG reactor.netty.resources.PooledConnectionProvider - [id: 0x235f3a5b, L:/127.0.0.1:51771 - R:localhost/127.0.0.1:8083] onStateChange(GET{uri=/attractions, connection=PooledConnection{channel=[id: 0x235f3a5b, L:/127.0.0.1:51771 - R:localhost/127.0.0.1:8083]}}, [disconnecting])
15:53:22.564 [reactor-http-nio-46] DEBUG reactor.netty.resources.PooledConnectionProvider - [id: 0x235f3a5b, L:/127.0.0.1:51771 - R:localhost/127.0.0.1:8083] Releasing channel
15:53:22.564 [reactor-http-nio-47] DEBUG reactor.netty.http.client.HttpClientOperations - [id: 0x89da56b3, L:/127.0.0.1:51895 - R:localhost/127.0.0.1:8083] Received response (auto-read:false) : [Content-Type=application/json, Transfer-Encoding=chunked, Date=Wed, 15 Jun 2022 14:53:21 GMT]
15:53:22.564 [reactor-http-nio-46] DEBUG reactor.netty.resources.PooledConnectionProvider - [id: 0x235f3a5b, L:/127.0.0.1:51771 - R:localhost/127.0.0.1:8083] Channel cleaned, now 3 active connections and 298 inactive connections
15:53:22.564 [reactor-http-nio-47] DEBUG reactor.netty.resources.PooledConnectionProvider - [id: 0x89da56b3, L:/127.0.0.1:51895 - R:localhost/127.0.0.1:8083] onStateChange(GET{uri=/attractions, connection=PooledConnection{channel=[id: 0x89da56b3, L:/127.0.0.1:51895 - R:localhost/127.0.0.1:8083]}}, [response_received])
15:53:22.564 [reactor-http-nio-47] DEBUG org.springframework.web.reactive.function.client.ExchangeFunctions - [14ad9884] Response 200 OK
15:53:22.564 [reactor-http-nio-47] DEBUG reactor.netty.channel.FluxReceive - [id: 0x89da56b3, L:/127.0.0.1:51895 - R:localhost/127.0.0.1:8083] Subscribing inbound receiver [pending: 0, cancelled:false, inboundDone: false]
15:53:22.564 [reactor-http-nio-46] DEBUG reactor.netty.http.client.HttpClientOperations - [id: 0x901633c4, L:/127.0.0.1:51815 - R:localhost/127.0.0.1:8083] Received response (auto-read:false) : [Content-Type=application/json, Transfer-Encoding=chunked, Date=Wed, 15 Jun 2022 14:53:21 GMT]
15:53:22.564 [reactor-http-nio-46] DEBUG reactor.netty.resources.PooledConnectionProvider - [id: 0x901633c4, L:/127.0.0.1:51815 - R:localhost/127.0.0.1:8083] onStateChange(GET{uri=/attractions, connection=PooledConnection{channel=[id: 0x901633c4, L:/127.0.0.1:51815 - R:localhost/127.0.0.1:8083]}}, [response_received])
15:53:22.564 [reactor-http-nio-46] DEBUG org.springframework.web.reactive.function.client.ExchangeFunctions - [65de311b] Response 200 OK
15:53:22.564 [reactor-http-nio-47] DEBUG reactor.netty.http.client.HttpClientOperations - [id: 0x89da56b3, L:/127.0.0.1:51895 - R:localhost/127.0.0.1:8083] Received last HTTP packet
15:53:22.564 [reactor-http-nio-46] DEBUG reactor.netty.channel.FluxReceive - [id: 0x901633c4, L:/127.0.0.1:51815 - R:localhost/127.0.0.1:8083] Subscribing inbound receiver [pending: 0, cancelled:false, inboundDone: false]
15:53:22.564 [reactor-http-nio-47] DEBUG org.springframework.core.codec.StringDecoder - [14ad9884] Decoded "[{"longitude":-117.922008,"latitude":33.817595,"attractionName":"Disneyland","city":"Anaheim","stat (truncated)...
15:53:22.564 [reactor-http-nio-46] DEBUG reactor.netty.http.client.HttpClientOperations - [id: 0x901633c4, L:/127.0.0.1:51815 - R:localhost/127.0.0.1:8083] Received last HTTP packet
15:53:22.564 [reactor-http-nio-47] DEBUG reactor.netty.resources.PooledConnectionProvider - [id: 0x89da56b3, L:/127.0.0.1:51895 - R:localhost/127.0.0.1:8083] onStateChange(GET{uri=/attractions, connection=PooledConnection{channel=[id: 0x89da56b3, L:/127.0.0.1:51895 - R:localhost/127.0.0.1:8083]}}, [disconnecting])
15:53:22.564 [reactor-http-nio-47] DEBUG reactor.netty.resources.PooledConnectionProvider - [id: 0x89da56b3, L:/127.0.0.1:51895 - R:localhost/127.0.0.1:8083] Releasing channel
15:53:22.564 [reactor-http-nio-47] DEBUG reactor.netty.resources.PooledConnectionProvider - [id: 0x89da56b3, L:/127.0.0.1:51895 - R:localhost/127.0.0.1:8083] Channel cleaned, now 2 active connections and 299 inactive connections
15:53:22.564 [reactor-http-nio-46] DEBUG org.springframework.core.codec.StringDecoder - [65de311b] Decoded "[{"longitude":-117.922008,"latitude":33.817595,"attractionName":"Disneyland","city":"Anaheim","stat (truncated)...
15:53:22.564 [reactor-http-nio-46] DEBUG reactor.netty.resources.PooledConnectionProvider - [id: 0x901633c4, L:/127.0.0.1:51815 - R:localhost/127.0.0.1:8083] onStateChange(GET{uri=/attractions, connection=PooledConnection{channel=[id: 0x901633c4, L:/127.0.0.1:51815 - R:localhost/127.0.0.1:8083]}}, [disconnecting])
15:53:22.564 [reactor-http-nio-46] DEBUG reactor.netty.resources.PooledConnectionProvider - [id: 0x901633c4, L:/127.0.0.1:51815 - R:localhost/127.0.0.1:8083] Releasing channel
15:53:22.564 [reactor-http-nio-46] DEBUG reactor.netty.resources.PooledConnectionProvider - [id: 0x901633c4, L:/127.0.0.1:51815 - R:localhost/127.0.0.1:8083] Channel cleaned, now 1 active connections and 300 inactive connections
15:53:22.570 [reactor-http-nio-47] DEBUG reactor.netty.http.client.HttpClientOperations - [id: 0x39a84d8e, L:/127.0.0.1:51833 - R:localhost/127.0.0.1:8083] Received response (auto-read:false) : [Content-Type=application/json, Transfer-Encoding=chunked, Date=Wed, 15 Jun 2022 14:53:21 GMT]
15:53:22.570 [reactor-http-nio-47] DEBUG reactor.netty.resources.PooledConnectionProvider - [id: 0x39a84d8e, L:/127.0.0.1:51833 - R:localhost/127.0.0.1:8083] onStateChange(GET{uri=/attractions, connection=PooledConnection{channel=[id: 0x39a84d8e, L:/127.0.0.1:51833 - R:localhost/127.0.0.1:8083]}}, [response_received])
15:53:22.570 [reactor-http-nio-47] DEBUG org.springframework.web.reactive.function.client.ExchangeFunctions - [5c14ea51] Response 200 OK
15:53:22.570 [reactor-http-nio-47] DEBUG reactor.netty.channel.FluxReceive - [id: 0x39a84d8e, L:/127.0.0.1:51833 - R:localhost/127.0.0.1:8083] Subscribing inbound receiver [pending: 0, cancelled:false, inboundDone: false]
15:53:22.570 [reactor-http-nio-47] DEBUG reactor.netty.http.client.HttpClientOperations - [id: 0x39a84d8e, L:/127.0.0.1:51833 - R:localhost/127.0.0.1:8083] Received last HTTP packet
15:53:22.570 [reactor-http-nio-47] DEBUG org.springframework.core.codec.StringDecoder - [5c14ea51] Decoded "[{"longitude":-117.922008,"latitude":33.817595,"attractionName":"Disneyland","city":"Anaheim","stat (truncated)...
15:53:22.570 [reactor-http-nio-47] DEBUG reactor.netty.resources.PooledConnectionProvider - [id: 0x39a84d8e, L:/127.0.0.1:51833 - R:localhost/127.0.0.1:8083] onStateChange(GET{uri=/attractions, connection=PooledConnection{channel=[id: 0x39a84d8e, L:/127.0.0.1:51833 - R:localhost/127.0.0.1:8083]}}, [disconnecting])
15:53:22.570 [reactor-http-nio-47] DEBUG reactor.netty.resources.PooledConnectionProvider - [id: 0x39a84d8e, L:/127.0.0.1:51833 - R:localhost/127.0.0.1:8083] Releasing channel
15:53:22.570 [reactor-http-nio-47] DEBUG reactor.netty.resources.PooledConnectionProvider - [id: 0x39a84d8e, L:/127.0.0.1:51833 - R:localhost/127.0.0.1:8083] Channel cleaned, now 0 active connections and 301 inactive connections
15:53:22.613 [pool-45-thread-1] DEBUG tourGuide.tracker.Tracker - Tracker Time Elapsed: 1 seconds.
15:53:22.613 [pool-45-thread-1] DEBUG tourGuide.tracker.Tracker - Tracker sleeping
15:53:22.668 [reactor-http-nio-48] DEBUG reactor.netty.http.client.HttpClientOperations - [id: 0xfb0827ba, L:/127.0.0.1:52007 - R:localhost/127.0.0.1:8084] Received response (auto-read:false) : [Content-Type=application/json, Transfer-Encoding=chunked, Date=Wed, 15 Jun 2022 14:53:22 GMT]
15:53:22.668 [reactor-http-nio-48] DEBUG reactor.netty.resources.PooledConnectionProvider - [id: 0xfb0827ba, L:/127.0.0.1:52007 - R:localhost/127.0.0.1:8084] onStateChange(GET{uri=/attractionRewardPoint?attractionId=6cf3b55b-d6c6-45f4-9fe6-1d8fec9ad221&userId=2a6d305d-2374-4ae2-9626-0b9d42f919c9, connection=PooledConnection{channel=[id: 0xfb0827ba, L:/127.0.0.1:52007 - R:localhost/127.0.0.1:8084]}}, [response_received])
15:53:22.668 [reactor-http-nio-48] DEBUG org.springframework.web.reactive.function.client.ExchangeFunctions - [2022a11] Response 200 OK
15:53:22.669 [reactor-http-nio-48] DEBUG reactor.netty.channel.FluxReceive - [id: 0xfb0827ba, L:/127.0.0.1:52007 - R:localhost/127.0.0.1:8084] Subscribing inbound receiver [pending: 0, cancelled:false, inboundDone: false]
15:53:22.669 [reactor-http-nio-48] DEBUG reactor.netty.http.client.HttpClientOperations - [id: 0xfb0827ba, L:/127.0.0.1:52007 - R:localhost/127.0.0.1:8084] Received last HTTP packet
15:53:22.669 [reactor-http-nio-48] DEBUG org.springframework.core.codec.StringDecoder - [2022a11] Decoded "241"
15:53:22.669 [reactor-http-nio-48] DEBUG reactor.netty.resources.PooledConnectionProvider - [id: 0xfb0827ba, L:/127.0.0.1:52007 - R:localhost/127.0.0.1:8084] onStateChange(GET{uri=/attractionRewardPoint?attractionId=6cf3b55b-d6c6-45f4-9fe6-1d8fec9ad221&userId=2a6d305d-2374-4ae2-9626-0b9d42f919c9, connection=PooledConnection{channel=[id: 0xfb0827ba, L:/127.0.0.1:52007 - R:localhost/127.0.0.1:8084]}}, [disconnecting])
15:53:22.669 [reactor-http-nio-48] DEBUG reactor.netty.resources.PooledConnectionProvider - [id: 0xfb0827ba, L:/127.0.0.1:52007 - R:localhost/127.0.0.1:8084] Releasing channel
15:53:22.669 [reactor-http-nio-48] DEBUG reactor.netty.resources.PooledConnectionProvider - [id: 0xfb0827ba, L:/127.0.0.1:52007 - R:localhost/127.0.0.1:8084] Channel cleaned, now 1 active connections and 80 inactive connections
15:53:22.800 [reactor-http-nio-46] DEBUG reactor.netty.http.client.HttpClientOperations - [id: 0xb25adae9, L:/127.0.0.1:51998 - R:localhost/127.0.0.1:8084] Received response (auto-read:false) : [Content-Type=application/json, Transfer-Encoding=chunked, Date=Wed, 15 Jun 2022 14:53:22 GMT]
15:53:22.800 [reactor-http-nio-46] DEBUG reactor.netty.resources.PooledConnectionProvider - [id: 0xb25adae9, L:/127.0.0.1:51998 - R:localhost/127.0.0.1:8084] onStateChange(GET{uri=/attractionRewardPoint?attractionId=b9be0f45-4c14-4f8c-a1de-5a96a0c8e39f&userId=6cff9602-8c46-45b4-a449-9b7be3f243f7, connection=PooledConnection{channel=[id: 0xb25adae9, L:/127.0.0.1:51998 - R:localhost/127.0.0.1:8084]}}, [response_received])
15:53:22.800 [reactor-http-nio-46] DEBUG org.springframework.web.reactive.function.client.ExchangeFunctions - [1de0641b] Response 200 OK
15:53:22.800 [reactor-http-nio-46] DEBUG reactor.netty.channel.FluxReceive - [id: 0xb25adae9, L:/127.0.0.1:51998 - R:localhost/127.0.0.1:8084] Subscribing inbound receiver [pending: 0, cancelled:false, inboundDone: false]
15:53:22.801 [reactor-http-nio-46] DEBUG reactor.netty.http.client.HttpClientOperations - [id: 0xb25adae9, L:/127.0.0.1:51998 - R:localhost/127.0.0.1:8084] Received last HTTP packet
15:53:22.801 [reactor-http-nio-46] DEBUG org.springframework.core.codec.StringDecoder - [1de0641b] Decoded "803"
15:53:22.801 [reactor-http-nio-46] DEBUG reactor.netty.resources.PooledConnectionProvider - [id: 0xb25adae9, L:/127.0.0.1:51998 - R:localhost/127.0.0.1:8084] onStateChange(GET{uri=/attractionRewardPoint?attractionId=b9be0f45-4c14-4f8c-a1de-5a96a0c8e39f&userId=6cff9602-8c46-45b4-a449-9b7be3f243f7, connection=PooledConnection{channel=[id: 0xb25adae9, L:/127.0.0.1:51998 - R:localhost/127.0.0.1:8084]}}, [disconnecting])
15:53:22.801 [reactor-http-nio-46] DEBUG reactor.netty.resources.PooledConnectionProvider - [id: 0xb25adae9, L:/127.0.0.1:51998 - R:localhost/127.0.0.1:8084] Releasing channel
15:53:22.801 [reactor-http-nio-46] DEBUG reactor.netty.resources.PooledConnectionProvider - [id: 0xb25adae9, L:/127.0.0.1:51998 - R:localhost/127.0.0.1:8084] Channel cleaned, now 0 active connections and 81 inactive connections
15:53:22.801 [Test worker] INFO tourGuide.service.TourGuideService - 5 attractions San Diego Zoo
15:53:22.802 [Test worker] DEBUG org.springframework.web.reactive.function.client.ExchangeFunctions - [68b734a8] HTTP GET http://localhost:8084/attractionRewardPoint?attractionId=7ae0e153-2dae-4ed5-b089-9396bfe8ec6c&userId=6cff9602-8c46-45b4-a449-9b7be3f243f7
15:53:22.803 [reactor-http-nio-46] DEBUG reactor.netty.resources.PooledConnectionProvider - [id: 0x99a89526, L:/127.0.0.1:52016 - R:localhost/127.0.0.1:8084] Channel acquired, now 1 active connections and 80 inactive connections
15:53:22.803 [reactor-http-nio-46] DEBUG reactor.netty.http.client.HttpClientConnect - [id: 0x99a89526, L:/127.0.0.1:52016 - R:localhost/127.0.0.1:8084] Handler is being applied: {uri=http://localhost:8084/attractionRewardPoint?attractionId=7ae0e153-2dae-4ed5-b089-9396bfe8ec6c&userId=6cff9602-8c46-45b4-a449-9b7be3f243f7, method=GET}
15:53:22.803 [reactor-http-nio-46] DEBUG reactor.netty.resources.PooledConnectionProvider - [id: 0x99a89526, L:/127.0.0.1:52016 - R:localhost/127.0.0.1:8084] onStateChange(GET{uri=/attractionRewardPoint?attractionId=7ae0e153-2dae-4ed5-b089-9396bfe8ec6c&userId=6cff9602-8c46-45b4-a449-9b7be3f243f7, connection=PooledConnection{channel=[id: 0x99a89526, L:/127.0.0.1:52016 - R:localhost/127.0.0.1:8084]}}, [request_sent])
15:53:23.331 [reactor-http-nio-46] DEBUG reactor.netty.http.client.HttpClientOperations - [id: 0x99a89526, L:/127.0.0.1:52016 - R:localhost/127.0.0.1:8084] Received response (auto-read:false) : [Content-Type=application/json, Transfer-Encoding=chunked, Date=Wed, 15 Jun 2022 14:53:22 GMT]
15:53:23.331 [reactor-http-nio-46] DEBUG reactor.netty.resources.PooledConnectionProvider - [id: 0x99a89526, L:/127.0.0.1:52016 - R:localhost/127.0.0.1:8084] onStateChange(GET{uri=/attractionRewardPoint?attractionId=7ae0e153-2dae-4ed5-b089-9396bfe8ec6c&userId=6cff9602-8c46-45b4-a449-9b7be3f243f7, connection=PooledConnection{channel=[id: 0x99a89526, L:/127.0.0.1:52016 - R:localhost/127.0.0.1:8084]}}, [response_received])
15:53:23.331 [reactor-http-nio-46] DEBUG org.springframework.web.reactive.function.client.ExchangeFunctions - [68b734a8] Response 200 OK
15:53:23.332 [reactor-http-nio-46] DEBUG reactor.netty.channel.FluxReceive - [id: 0x99a89526, L:/127.0.0.1:52016 - R:localhost/127.0.0.1:8084] Subscribing inbound receiver [pending: 0, cancelled:false, inboundDone: false]
15:53:23.332 [reactor-http-nio-46] DEBUG reactor.netty.http.client.HttpClientOperations - [id: 0x99a89526, L:/127.0.0.1:52016 - R:localhost/127.0.0.1:8084] Received last HTTP packet
15:53:23.332 [reactor-http-nio-46] DEBUG org.springframework.core.codec.StringDecoder - [68b734a8] Decoded "839"
15:53:23.332 [reactor-http-nio-46] DEBUG reactor.netty.resources.PooledConnectionProvider - [id: 0x99a89526, L:/127.0.0.1:52016 - R:localhost/127.0.0.1:8084] onStateChange(GET{uri=/attractionRewardPoint?attractionId=7ae0e153-2dae-4ed5-b089-9396bfe8ec6c&userId=6cff9602-8c46-45b4-a449-9b7be3f243f7, connection=PooledConnection{channel=[id: 0x99a89526, L:/127.0.0.1:52016 - R:localhost/127.0.0.1:8084]}}, [disconnecting])
15:53:23.332 [reactor-http-nio-46] DEBUG reactor.netty.resources.PooledConnectionProvider - [id: 0x99a89526, L:/127.0.0.1:52016 - R:localhost/127.0.0.1:8084] Releasing channel
15:53:23.332 [reactor-http-nio-46] DEBUG reactor.netty.resources.PooledConnectionProvider - [id: 0x99a89526, L:/127.0.0.1:52016 - R:localhost/127.0.0.1:8084] Channel cleaned, now 0 active connections and 81 inactive connections
15:53:23.333 [Test worker] INFO tourGuide.service.TourGuideService - 5 attractions Joshua Tree National Park
15:53:23.334 [Test worker] DEBUG org.springframework.web.reactive.function.client.ExchangeFunctions - [1a464fa3] HTTP GET http://localhost:8084/attractionRewardPoint?attractionId=75a67e6d-f9e7-4405-a930-d6a7a72fc6cf&userId=6cff9602-8c46-45b4-a449-9b7be3f243f7
15:53:23.341 [reactor-http-nio-48] DEBUG reactor.netty.resources.PooledConnectionProvider - [id: 0xc2796446, L:/127.0.0.1:52012 - R:localhost/127.0.0.1:8084] Channel acquired, now 1 active connections and 80 inactive connections
15:53:23.341 [reactor-http-nio-48] DEBUG reactor.netty.http.client.HttpClientConnect - [id: 0xc2796446, L:/127.0.0.1:52012 - R:localhost/127.0.0.1:8084] Handler is being applied: {uri=http://localhost:8084/attractionRewardPoint?attractionId=75a67e6d-f9e7-4405-a930-d6a7a72fc6cf&userId=6cff9602-8c46-45b4-a449-9b7be3f243f7, method=GET}
15:53:23.343 [reactor-http-nio-48] DEBUG reactor.netty.resources.PooledConnectionProvider - [id: 0xc2796446, L:/127.0.0.1:52012 - R:localhost/127.0.0.1:8084] onStateChange(GET{uri=/attractionRewardPoint?attractionId=75a67e6d-f9e7-4405-a930-d6a7a72fc6cf&userId=6cff9602-8c46-45b4-a449-9b7be3f243f7, connection=PooledConnection{channel=[id: 0xc2796446, L:/127.0.0.1:52012 - R:localhost/127.0.0.1:8084]}}, [request_sent])
15:53:24.015 [reactor-http-nio-48] DEBUG reactor.netty.http.client.HttpClientOperations - [id: 0xc2796446, L:/127.0.0.1:52012 - R:localhost/127.0.0.1:8084] Received response (auto-read:false) : [Content-Type=application/json, Transfer-Encoding=chunked, Date=Wed, 15 Jun 2022 14:53:24 GMT]
15:53:24.015 [reactor-http-nio-48] DEBUG reactor.netty.resources.PooledConnectionProvider - [id: 0xc2796446, L:/127.0.0.1:52012 - R:localhost/127.0.0.1:8084] onStateChange(GET{uri=/attractionRewardPoint?attractionId=75a67e6d-f9e7-4405-a930-d6a7a72fc6cf&userId=6cff9602-8c46-45b4-a449-9b7be3f243f7, connection=PooledConnection{channel=[id: 0xc2796446, L:/127.0.0.1:52012 - R:localhost/127.0.0.1:8084]}}, [response_received])
15:53:24.015 [reactor-http-nio-48] DEBUG org.springframework.web.reactive.function.client.ExchangeFunctions - [1a464fa3] Response 200 OK
15:53:24.016 [reactor-http-nio-48] DEBUG reactor.netty.channel.FluxReceive - [id: 0xc2796446, L:/127.0.0.1:52012 - R:localhost/127.0.0.1:8084] Subscribing inbound receiver [pending: 0, cancelled:false, inboundDone: false]
15:53:24.016 [reactor-http-nio-48] DEBUG reactor.netty.http.client.HttpClientOperations - [id: 0xc2796446, L:/127.0.0.1:52012 - R:localhost/127.0.0.1:8084] Received last HTTP packet
15:53:24.016 [reactor-http-nio-48] DEBUG org.springframework.core.codec.StringDecoder - [1a464fa3] Decoded "464"
15:53:24.016 [reactor-http-nio-48] DEBUG reactor.netty.resources.PooledConnectionProvider - [id: 0xc2796446, L:/127.0.0.1:52012 - R:localhost/127.0.0.1:8084] onStateChange(GET{uri=/attractionRewardPoint?attractionId=75a67e6d-f9e7-4405-a930-d6a7a72fc6cf&userId=6cff9602-8c46-45b4-a449-9b7be3f243f7, connection=PooledConnection{channel=[id: 0xc2796446, L:/127.0.0.1:52012 - R:localhost/127.0.0.1:8084]}}, [disconnecting])
15:53:24.016 [reactor-http-nio-48] DEBUG reactor.netty.resources.PooledConnectionProvider - [id: 0xc2796446, L:/127.0.0.1:52012 - R:localhost/127.0.0.1:8084] Releasing channel
15:53:24.016 [Test worker] INFO tourGuide.service.TourGuideService - 5 attractions Mojave National Preserve
15:53:24.016 [reactor-http-nio-48] DEBUG reactor.netty.resources.PooledConnectionProvider - [id: 0xc2796446, L:/127.0.0.1:52012 - R:localhost/127.0.0.1:8084] Channel cleaned, now 0 active connections and 81 inactive connections
15:53:24.017 [Test worker] DEBUG org.springframework.web.reactive.function.client.ExchangeFunctions - [4215e133] HTTP GET http://localhost:8084/attractionRewardPoint?attractionId=1f1905fd-133c-47db-b510-5c2f17b9a0a2&userId=6cff9602-8c46-45b4-a449-9b7be3f243f7
15:53:24.026 [reactor-http-nio-41] DEBUG reactor.netty.resources.PooledConnectionProvider - [id: 0x416756c7, L:/127.0.0.1:52055 - R:localhost/127.0.0.1:8084] Channel acquired, now 1 active connections and 80 inactive connections
15:53:24.027 [reactor-http-nio-41] DEBUG reactor.netty.http.client.HttpClientConnect - [id: 0x416756c7, L:/127.0.0.1:52055 - R:localhost/127.0.0.1:8084] Handler is being applied: {uri=http://localhost:8084/attractionRewardPoint?attractionId=1f1905fd-133c-47db-b510-5c2f17b9a0a2&userId=6cff9602-8c46-45b4-a449-9b7be3f243f7, method=GET}
15:53:24.028 [reactor-http-nio-41] DEBUG reactor.netty.resources.PooledConnectionProvider - [id: 0x416756c7, L:/127.0.0.1:52055 - R:localhost/127.0.0.1:8084] onStateChange(GET{uri=/attractionRewardPoint?attractionId=1f1905fd-133c-47db-b510-5c2f17b9a0a2&userId=6cff9602-8c46-45b4-a449-9b7be3f243f7, connection=PooledConnection{channel=[id: 0x416756c7, L:/127.0.0.1:52055 - R:localhost/127.0.0.1:8084]}}, [request_sent])
15:53:24.537 [reactor-http-nio-41] DEBUG reactor.netty.http.client.HttpClientOperations - [id: 0x416756c7, L:/127.0.0.1:52055 - R:localhost/127.0.0.1:8084] Received response (auto-read:false) : [Content-Type=application/json, Transfer-Encoding=chunked, Date=Wed, 15 Jun 2022 14:53:24 GMT]
15:53:24.537 [reactor-http-nio-41] DEBUG reactor.netty.resources.PooledConnectionProvider - [id: 0x416756c7, L:/127.0.0.1:52055 - R:localhost/127.0.0.1:8084] onStateChange(GET{uri=/attractionRewardPoint?attractionId=1f1905fd-133c-47db-b510-5c2f17b9a0a2&userId=6cff9602-8c46-45b4-a449-9b7be3f243f7, connection=PooledConnection{channel=[id: 0x416756c7, L:/127.0.0.1:52055 - R:localhost/127.0.0.1:8084]}}, [response_received])
15:53:24.537 [reactor-http-nio-41] DEBUG org.springframework.web.reactive.function.client.ExchangeFunctions - [4215e133] Response 200 OK
15:53:24.537 [reactor-http-nio-41] DEBUG reactor.netty.channel.FluxReceive - [id: 0x416756c7, L:/127.0.0.1:52055 - R:localhost/127.0.0.1:8084] Subscribing inbound receiver [pending: 0, cancelled:false, inboundDone: false]
15:53:24.538 [reactor-http-nio-41] DEBUG reactor.netty.http.client.HttpClientOperations - [id: 0x416756c7, L:/127.0.0.1:52055 - R:localhost/127.0.0.1:8084] Received last HTTP packet
15:53:24.538 [reactor-http-nio-41] DEBUG org.springframework.core.codec.StringDecoder - [4215e133] Decoded "856"
15:53:24.538 [reactor-http-nio-41] DEBUG reactor.netty.resources.PooledConnectionProvider - [id: 0x416756c7, L:/127.0.0.1:52055 - R:localhost/127.0.0.1:8084] onStateChange(GET{uri=/attractionRewardPoint?attractionId=1f1905fd-133c-47db-b510-5c2f17b9a0a2&userId=6cff9602-8c46-45b4-a449-9b7be3f243f7, connection=PooledConnection{channel=[id: 0x416756c7, L:/127.0.0.1:52055 - R:localhost/127.0.0.1:8084]}}, [disconnecting])
15:53:24.538 [reactor-http-nio-41] DEBUG reactor.netty.resources.PooledConnectionProvider - [id: 0x416756c7, L:/127.0.0.1:52055 - R:localhost/127.0.0.1:8084] Releasing channel
15:53:24.538 [reactor-http-nio-41] DEBUG reactor.netty.resources.PooledConnectionProvider - [id: 0x416756c7, L:/127.0.0.1:52055 - R:localhost/127.0.0.1:8084] Channel cleaned, now 0 active connections and 81 inactive connections
15:53:24.538 [Test worker] INFO tourGuide.service.TourGuideService - 5 attractions Kartchner Caverns State Park
15:53:24.540 [Test worker] DEBUG org.springframework.web.reactive.function.client.ExchangeFunctions - [5ccb85d6] HTTP GET http://localhost:8084/attractionRewardPoint?attractionId=ad83301d-46a6-4528-9522-8a6e432fc7a8&userId=6cff9602-8c46-45b4-a449-9b7be3f243f7
15:53:24.541 [reactor-http-nio-41] DEBUG reactor.netty.resources.PooledConnectionProvider - [id: 0xb681ea2b, L:/127.0.0.1:52044 - R:localhost/127.0.0.1:8084] Channel acquired, now 1 active connections and 80 inactive connections
15:53:24.541 [reactor-http-nio-41] DEBUG reactor.netty.http.client.HttpClientConnect - [id: 0xb681ea2b, L:/127.0.0.1:52044 - R:localhost/127.0.0.1:8084] Handler is being applied: {uri=http://localhost:8084/attractionRewardPoint?attractionId=ad83301d-46a6-4528-9522-8a6e432fc7a8&userId=6cff9602-8c46-45b4-a449-9b7be3f243f7, method=GET}
15:53:24.541 [reactor-http-nio-41] DEBUG reactor.netty.resources.PooledConnectionProvider - [id: 0xb681ea2b, L:/127.0.0.1:52044 - R:localhost/127.0.0.1:8084] onStateChange(GET{uri=/attractionRewardPoint?attractionId=ad83301d-46a6-4528-9522-8a6e432fc7a8&userId=6cff9602-8c46-45b4-a449-9b7be3f243f7, connection=PooledConnection{channel=[id: 0xb681ea2b, L:/127.0.0.1:52044 - R:localhost/127.0.0.1:8084]}}, [request_sent])
15:53:24.683 [reactor-http-nio-41] DEBUG reactor.netty.http.client.HttpClientOperations - [id: 0xb681ea2b, L:/127.0.0.1:52044 - R:localhost/127.0.0.1:8084] Received response (auto-read:false) : [Content-Type=application/json, Transfer-Encoding=chunked, Date=Wed, 15 Jun 2022 14:53:24 GMT]
15:53:24.683 [reactor-http-nio-41] DEBUG reactor.netty.resources.PooledConnectionProvider - [id: 0xb681ea2b, L:/127.0.0.1:52044 - R:localhost/127.0.0.1:8084] onStateChange(GET{uri=/attractionRewardPoint?attractionId=ad83301d-46a6-4528-9522-8a6e432fc7a8&userId=6cff9602-8c46-45b4-a449-9b7be3f243f7, connection=PooledConnection{channel=[id: 0xb681ea2b, L:/127.0.0.1:52044 - R:localhost/127.0.0.1:8084]}}, [response_received])
15:53:24.683 [reactor-http-nio-41] DEBUG org.springframework.web.reactive.function.client.ExchangeFunctions - [5ccb85d6] Response 200 OK
15:53:24.684 [reactor-http-nio-41] DEBUG reactor.netty.channel.FluxReceive - [id: 0xb681ea2b, L:/127.0.0.1:52044 - R:localhost/127.0.0.1:8084] Subscribing inbound receiver [pending: 0, cancelled:false, inboundDone: false]
15:53:24.684 [reactor-http-nio-41] DEBUG reactor.netty.http.client.HttpClientOperations - [id: 0xb681ea2b, L:/127.0.0.1:52044 - R:localhost/127.0.0.1:8084] Received last HTTP packet
15:53:24.684 [reactor-http-nio-41] DEBUG org.springframework.core.codec.StringDecoder - [5ccb85d6] Decoded "277"
15:53:24.684 [reactor-http-nio-41] DEBUG reactor.netty.resources.PooledConnectionProvider - [id: 0xb681ea2b, L:/127.0.0.1:52044 - R:localhost/127.0.0.1:8084] onStateChange(GET{uri=/attractionRewardPoint?attractionId=ad83301d-46a6-4528-9522-8a6e432fc7a8&userId=6cff9602-8c46-45b4-a449-9b7be3f243f7, connection=PooledConnection{channel=[id: 0xb681ea2b, L:/127.0.0.1:52044 - R:localhost/127.0.0.1:8084]}}, [disconnecting])
15:53:24.684 [reactor-http-nio-41] DEBUG reactor.netty.resources.PooledConnectionProvider - [id: 0xb681ea2b, L:/127.0.0.1:52044 - R:localhost/127.0.0.1:8084] Releasing channel
15:53:24.685 [reactor-http-nio-41] DEBUG reactor.netty.resources.PooledConnectionProvider - [id: 0xb681ea2b, L:/127.0.0.1:52044 - R:localhost/127.0.0.1:8084] Channel cleaned, now 0 active connections and 81 inactive connections
15:53:24.686 [Test worker] DEBUG tourGuide.service.TourGuideService - Initializing users
15:53:24.707 [Test worker] DEBUG tourGuide.service.TourGuideService - Created 100 internal test users.
15:53:24.707 [Test worker] DEBUG tourGuide.service.TourGuideService - Finished initializing users
15:53:24.708 [Test worker] DEBUG tourGuide.service.TourGuideService - Initialize tripPricer
15:53:24.710 [pool-49-thread-1] DEBUG tourGuide.tracker.Tracker - Begin Tracker. Tracking 100 users.
15:53:24.711 [Test worker] DEBUG org.springframework.web.reactive.function.client.ExchangeFunctions - [488f3dd1] HTTP GET http://localhost:8083/attractions
15:53:24.715 [pool-48-thread-1] DEBUG org.springframework.web.reactive.function.client.ExchangeFunctions - [34381f64] HTTP GET http://localhost:8083/userLocation?userId=a25e2daf-bff0-4776-83d2-a57770c7f667
15:53:24.720 [reactor-http-nio-47] DEBUG reactor.netty.resources.PooledConnectionProvider - [id: 0x26a43d3a, L:/127.0.0.1:51840 - R:localhost/127.0.0.1:8083] Channel acquired, now 1 active connections and 300 inactive connections
15:53:24.720 [reactor-http-nio-47] DEBUG reactor.netty.http.client.HttpClientConnect - [id: 0x26a43d3a, L:/127.0.0.1:51840 - R:localhost/127.0.0.1:8083] Handler is being applied: {uri=http://localhost:8083/userLocation?userId=a25e2daf-bff0-4776-83d2-a57770c7f667, method=GET}
15:53:24.721 [reactor-http-nio-47] DEBUG reactor.netty.resources.PooledConnectionProvider - [id: 0x26a43d3a, L:/127.0.0.1:51840 - R:localhost/127.0.0.1:8083] onStateChange(GET{uri=/userLocation?userId=a25e2daf-bff0-4776-83d2-a57770c7f667, connection=PooledConnection{channel=[id: 0x26a43d3a, L:/127.0.0.1:51840 - R:localhost/127.0.0.1:8083]}}, [request_sent])
15:53:24.721 [pool-48-thread-2] DEBUG org.springframework.web.reactive.function.client.ExchangeFunctions - [74a2f702] HTTP GET http://localhost:8083/userLocation?userId=f7d7be89-d7db-4560-998d-f37441abbe1d
15:53:24.724 [reactor-http-nio-41] DEBUG reactor.netty.resources.PooledConnectionProvider - [id: 0x58b3b7bf, L:/127.0.0.1:51717 - R:localhost/127.0.0.1:8083] Channel acquired, now 2 active connections and 299 inactive connections
15:53:24.724 [reactor-http-nio-41] DEBUG reactor.netty.http.client.HttpClientConnect - [id: 0x58b3b7bf, L:/127.0.0.1:51717 - R:localhost/127.0.0.1:8083] Handler is being applied: {uri=http://localhost:8083/attractions, method=GET}
15:53:24.724 [pool-48-thread-3] DEBUG org.springframework.web.reactive.function.client.ExchangeFunctions - [40cae44f] HTTP GET http://localhost:8083/userLocation?userId=4feb928c-0fd1-4c6e-80ca-8d5d3d7b0fa9
15:53:24.725 [reactor-http-nio-41] DEBUG reactor.netty.resources.PooledConnectionProvider - [id: 0x58b3b7bf, L:/127.0.0.1:51717 - R:localhost/127.0.0.1:8083] onStateChange(GET{uri=/attractions, connection=PooledConnection{channel=[id: 0x58b3b7bf, L:/127.0.0.1:51717 - R:localhost/127.0.0.1:8083]}}, [request_sent])
15:53:24.727 [pool-48-thread-4] DEBUG org.springframework.web.reactive.function.client.ExchangeFunctions - [2711c490] HTTP GET http://localhost:8083/userLocation?userId=2c98b121-ff59-4506-bd45-09a32c88f243
15:53:24.731 [pool-48-thread-5] DEBUG org.springframework.web.reactive.function.client.ExchangeFunctions - [1cdceeea] HTTP GET http://localhost:8083/userLocation?userId=d8164556-6466-48c8-814b-3c0c60841c2e
15:53:24.733 [reactor-http-nio-46] DEBUG reactor.netty.resources.PooledConnectionProvider - [id: 0xe2f159f9, L:/127.0.0.1:51980 - R:localhost/127.0.0.1:8083] Channel acquired, now 3 active connections and 298 inactive connections
15:53:24.733 [reactor-http-nio-46] DEBUG reactor.netty.http.client.HttpClientConnect - [id: 0xe2f159f9, L:/127.0.0.1:51980 - R:localhost/127.0.0.1:8083] Handler is being applied: {uri=http://localhost:8083/userLocation?userId=2c98b121-ff59-4506-bd45-09a32c88f243, method=GET}
15:53:24.734 [reactor-http-nio-46] DEBUG reactor.netty.resources.PooledConnectionProvider - [id: 0xe2f159f9, L:/127.0.0.1:51980 - R:localhost/127.0.0.1:8083] onStateChange(GET{uri=/userLocation?userId=2c98b121-ff59-4506-bd45-09a32c88f243, connection=PooledConnection{channel=[id: 0xe2f159f9, L:/127.0.0.1:51980 - R:localhost/127.0.0.1:8083]}}, [request_sent])
15:53:24.736 [reactor-http-nio-41] DEBUG reactor.netty.resources.PooledConnectionProvider - [id: 0x030e65b7, L:/127.0.0.1:51777 - R:localhost/127.0.0.1:8083] Channel acquired, now 4 active connections and 297 inactive connections
15:53:24.737 [reactor-http-nio-41] DEBUG reactor.netty.http.client.HttpClientConnect - [id: 0x030e65b7, L:/127.0.0.1:51777 - R:localhost/127.0.0.1:8083] Handler is being applied: {uri=http://localhost:8083/userLocation?userId=f7d7be89-d7db-4560-998d-f37441abbe1d, method=GET}
15:53:24.738 [reactor-http-nio-41] DEBUG reactor.netty.resources.PooledConnectionProvider - [id: 0x030e65b7, L:/127.0.0.1:51777 - R:localhost/127.0.0.1:8083] onStateChange(GET{uri=/userLocation?userId=f7d7be89-d7db-4560-998d-f37441abbe1d, connection=PooledConnection{channel=[id: 0x030e65b7, L:/127.0.0.1:51777 - R:localhost/127.0.0.1:8083]}}, [request_sent])
15:53:24.738 [pool-48-thread-6] DEBUG org.springframework.web.reactive.function.client.ExchangeFunctions - [60387db1] HTTP GET http://localhost:8083/userLocation?userId=f9b4ada6-3e4e-4767-b739-a9f608e51c0b
15:53:24.740 [reactor-http-nio-48] DEBUG reactor.netty.resources.PooledConnectionProvider - [id: 0x2b8a27a7, L:/127.0.0.1:51916 - R:localhost/127.0.0.1:8083] Channel acquired, now 5 active connections and 296 inactive connections
15:53:24.740 [reactor-http-nio-48] DEBUG reactor.netty.http.client.HttpClientConnect - [id: 0x2b8a27a7, L:/127.0.0.1:51916 - R:localhost/127.0.0.1:8083] Handler is being applied: {uri=http://localhost:8083/userLocation?userId=4feb928c-0fd1-4c6e-80ca-8d5d3d7b0fa9, method=GET}
15:53:24.741 [reactor-http-nio-48] DEBUG reactor.netty.resources.PooledConnectionProvider - [id: 0x2b8a27a7, L:/127.0.0.1:51916 - R:localhost/127.0.0.1:8083] onStateChange(GET{uri=/userLocation?userId=4feb928c-0fd1-4c6e-80ca-8d5d3d7b0fa9, connection=PooledConnection{channel=[id: 0x2b8a27a7, L:/127.0.0.1:51916 - R:localhost/127.0.0.1:8083]}}, [request_sent])
15:53:24.741 [reactor-http-nio-48] DEBUG reactor.netty.resources.PooledConnectionProvider - [id: 0xa4f115eb, L:/127.0.0.1:51704 - R:localhost/127.0.0.1:8083] Channel acquired, now 6 active connections and 295 inactive connections
15:53:24.741 [reactor-http-nio-48] DEBUG reactor.netty.http.client.HttpClientConnect - [id: 0xa4f115eb, L:/127.0.0.1:51704 - R:localhost/127.0.0.1:8083] Handler is being applied: {uri=http://localhost:8083/userLocation?userId=d8164556-6466-48c8-814b-3c0c60841c2e, method=GET}
15:53:24.742 [reactor-http-nio-48] DEBUG reactor.netty.resources.PooledConnectionProvider - [id: 0xa4f115eb, L:/127.0.0.1:51704 - R:localhost/127.0.0.1:8083] onStateChange(GET{uri=/userLocation?userId=d8164556-6466-48c8-814b-3c0c60841c2e, connection=PooledConnection{channel=[id: 0xa4f115eb, L:/127.0.0.1:51704 - R:localhost/127.0.0.1:8083]}}, [request_sent])
15:53:24.747 [reactor-http-nio-41] DEBUG reactor.netty.resources.PooledConnectionProvider - [id: 0xfb192aad, L:/127.0.0.1:51748 - R:localhost/127.0.0.1:8083] Channel acquired, now 7 active connections and 294 inactive connections
15:53:24.748 [reactor-http-nio-41] DEBUG reactor.netty.http.client.HttpClientConnect - [id: 0xfb192aad, L:/127.0.0.1:51748 - R:localhost/127.0.0.1:8083] Handler is being applied: {uri=http://localhost:8083/userLocation?userId=f9b4ada6-3e4e-4767-b739-a9f608e51c0b, method=GET}
15:53:24.748 [reactor-http-nio-41] DEBUG reactor.netty.resources.PooledConnectionProvider - [id: 0xfb192aad, L:/127.0.0.1:51748 - R:localhost/127.0.0.1:8083] onStateChange(GET{uri=/userLocation?userId=f9b4ada6-3e4e-4767-b739-a9f608e51c0b, connection=PooledConnection{channel=[id: 0xfb192aad, L:/127.0.0.1:51748 - R:localhost/127.0.0.1:8083]}}, [request_sent])
15:53:24.750 [pool-48-thread-7] DEBUG org.springframework.web.reactive.function.client.ExchangeFunctions - [33519026] HTTP GET http://localhost:8083/userLocation?userId=a0e000b7-79fc-4f2c-82c2-9bca1f4352bd
15:53:24.757 [reactor-http-nio-46] DEBUG reactor.netty.resources.PooledConnectionProvider - [id: 0xa4924887, L:/127.0.0.1:51816 - R:localhost/127.0.0.1:8083] Channel acquired, now 8 active connections and 293 inactive connections
15:53:24.757 [reactor-http-nio-46] DEBUG reactor.netty.http.client.HttpClientConnect - [id: 0xa4924887, L:/127.0.0.1:51816 - R:localhost/127.0.0.1:8083] Handler is being applied: {uri=http://localhost:8083/userLocation?userId=a0e000b7-79fc-4f2c-82c2-9bca1f4352bd, method=GET}
15:53:24.758 [reactor-http-nio-46] DEBUG reactor.netty.resources.PooledConnectionProvider - [id: 0xa4924887, L:/127.0.0.1:51816 - R:localhost/127.0.0.1:8083] onStateChange(GET{uri=/userLocation?userId=a0e000b7-79fc-4f2c-82c2-9bca1f4352bd, connection=PooledConnection{channel=[id: 0xa4924887, L:/127.0.0.1:51816 - R:localhost/127.0.0.1:8083]}}, [request_sent])
15:53:24.760 [pool-48-thread-8] DEBUG org.springframework.web.reactive.function.client.ExchangeFunctions - [d25a627] HTTP GET http://localhost:8083/userLocation?userId=4e47a9b8-cf41-4df7-b24e-cd507fdd29ac
15:53:24.764 [pool-48-thread-9] DEBUG org.springframework.web.reactive.function.client.ExchangeFunctions - [378c45b2] HTTP GET http://localhost:8083/userLocation?userId=6c712f73-7763-41b3-bc53-3ec350839beb
15:53:24.766 [pool-48-thread-10] DEBUG org.springframework.web.reactive.function.client.ExchangeFunctions - [259f32ff] HTTP GET http://localhost:8083/userLocation?userId=29122fe8-13a2-4344-afc3-d11f3cd0a9fd
15:53:24.767 [reactor-http-nio-47] DEBUG reactor.netty.resources.PooledConnectionProvider - [id: 0x015d237e, L:/127.0.0.1:51835 - R:localhost/127.0.0.1:8083] Channel acquired, now 9 active connections and 292 inactive connections
15:53:24.767 [reactor-http-nio-47] DEBUG reactor.netty.http.client.HttpClientConnect - [id: 0x015d237e, L:/127.0.0.1:51835 - R:localhost/127.0.0.1:8083] Handler is being applied: {uri=http://localhost:8083/userLocation?userId=4e47a9b8-cf41-4df7-b24e-cd507fdd29ac, method=GET}
15:53:24.768 [reactor-http-nio-47] DEBUG reactor.netty.resources.PooledConnectionProvider - [id: 0x015d237e, L:/127.0.0.1:51835 - R:localhost/127.0.0.1:8083] onStateChange(GET{uri=/userLocation?userId=4e47a9b8-cf41-4df7-b24e-cd507fdd29ac, connection=PooledConnection{channel=[id: 0x015d237e, L:/127.0.0.1:51835 - R:localhost/127.0.0.1:8083]}}, [request_sent])
15:53:24.769 [reactor-http-nio-41] DEBUG reactor.netty.resources.PooledConnectionProvider - [id: 0xb6e13b25, L:/127.0.0.1:51714 - R:localhost/127.0.0.1:8083] Channel acquired, now 10 active connections and 291 inactive connections
15:53:24.769 [reactor-http-nio-41] DEBUG reactor.netty.http.client.HttpClientConnect - [id: 0xb6e13b25, L:/127.0.0.1:51714 - R:localhost/127.0.0.1:8083] Handler is being applied: {uri=http://localhost:8083/userLocation?userId=6c712f73-7763-41b3-bc53-3ec350839beb, method=GET}
15:53:24.769 [pool-48-thread-11] DEBUG org.springframework.web.reactive.function.client.ExchangeFunctions - [398074e7] HTTP GET http://localhost:8083/userLocation?userId=8342cb09-a269-4b70-9550-80be0a03a118
15:53:24.770 [reactor-http-nio-41] DEBUG reactor.netty.resources.PooledConnectionProvider - [id: 0xb6e13b25, L:/127.0.0.1:51714 - R:localhost/127.0.0.1:8083] onStateChange(GET{uri=/userLocation?userId=6c712f73-7763-41b3-bc53-3ec350839beb, connection=PooledConnection{channel=[id: 0xb6e13b25, L:/127.0.0.1:51714 - R:localhost/127.0.0.1:8083]}}, [request_sent])
15:53:24.770 [reactor-http-nio-41] DEBUG reactor.netty.resources.PooledConnectionProvider - [id: 0x6edbd1c1, L:/127.0.0.1:51716 - R:localhost/127.0.0.1:8083] Channel acquired, now 11 active connections and 290 inactive connections
15:53:24.770 [reactor-http-nio-41] DEBUG reactor.netty.http.client.HttpClientConnect - [id: 0x6edbd1c1, L:/127.0.0.1:51716 - R:localhost/127.0.0.1:8083] Handler is being applied: {uri=http://localhost:8083/userLocation?userId=29122fe8-13a2-4344-afc3-d11f3cd0a9fd, method=GET}
15:53:24.771 [reactor-http-nio-41] DEBUG reactor.netty.resources.PooledConnectionProvider - [id: 0x6edbd1c1, L:/127.0.0.1:51716 - R:localhost/127.0.0.1:8083] onStateChange(GET{uri=/userLocation?userId=29122fe8-13a2-4344-afc3-d11f3cd0a9fd, connection=PooledConnection{channel=[id: 0x6edbd1c1, L:/127.0.0.1:51716 - R:localhost/127.0.0.1:8083]}}, [request_sent])
15:53:24.771 [reactor-http-nio-41] DEBUG reactor.netty.resources.PooledConnectionProvider - [id: 0xb5e0c104, L:/127.0.0.1:51792 - R:localhost/127.0.0.1:8083] Channel acquired, now 12 active connections and 289 inactive connections
15:53:24.771 [reactor-http-nio-41] DEBUG reactor.netty.http.client.HttpClientConnect - [id: 0xb5e0c104, L:/127.0.0.1:51792 - R:localhost/127.0.0.1:8083] Handler is being applied: {uri=http://localhost:8083/userLocation?userId=8342cb09-a269-4b70-9550-80be0a03a118, method=GET}
15:53:24.771 [reactor-http-nio-41] DEBUG reactor.netty.resources.PooledConnectionProvider - [id: 0xb5e0c104, L:/127.0.0.1:51792 - R:localhost/127.0.0.1:8083] onStateChange(GET{uri=/userLocation?userId=8342cb09-a269-4b70-9550-80be0a03a118, connection=PooledConnection{channel=[id: 0xb5e0c104, L:/127.0.0.1:51792 - R:localhost/127.0.0.1:8083]}}, [request_sent])
15:53:24.773 [pool-48-thread-12] DEBUG org.springframework.web.reactive.function.client.ExchangeFunctions - [6dcd0e04] HTTP GET http://localhost:8083/userLocation?userId=885d5339-c2eb-41f9-9ac8-2ebcca0b061b
15:53:24.774 [pool-48-thread-13] DEBUG org.springframework.web.reactive.function.client.ExchangeFunctions - [2c607e1b] HTTP GET http://localhost:8083/userLocation?userId=8e60fb0b-17bd-40b2-8b7a-66e7feced7f4
15:53:24.774 [pool-48-thread-14] DEBUG org.springframework.web.reactive.function.client.ExchangeFunctions - [461e80f6] HTTP GET http://localhost:8083/userLocation?userId=284ab734-8a1f-489d-bf62-2289ea049be6
15:53:24.775 [reactor-http-nio-48] DEBUG reactor.netty.resources.PooledConnectionProvider - [id: 0xc3839908, L:/127.0.0.1:51914 - R:localhost/127.0.0.1:8083] Channel acquired, now 13 active connections and 288 inactive connections
15:53:24.775 [reactor-http-nio-48] DEBUG reactor.netty.http.client.HttpClientConnect - [id: 0xc3839908, L:/127.0.0.1:51914 - R:localhost/127.0.0.1:8083] Handler is being applied: {uri=http://localhost:8083/userLocation?userId=8e60fb0b-17bd-40b2-8b7a-66e7feced7f4, method=GET}
15:53:24.775 [pool-48-thread-15] DEBUG org.springframework.web.reactive.function.client.ExchangeFunctions - [3917c4f2] HTTP GET http://localhost:8083/userLocation?userId=8dc72f0d-b679-4f4a-a95f-629953b96169
15:53:24.775 [reactor-http-nio-41] DEBUG reactor.netty.resources.PooledConnectionProvider - [id: 0xc8430281, L:/127.0.0.1:51729 - R:localhost/127.0.0.1:8083] Channel acquired, now 14 active connections and 287 inactive connections
15:53:24.776 [reactor-http-nio-41] DEBUG reactor.netty.http.client.HttpClientConnect - [id: 0xc8430281, L:/127.0.0.1:51729 - R:localhost/127.0.0.1:8083] Handler is being applied: {uri=http://localhost:8083/userLocation?userId=284ab734-8a1f-489d-bf62-2289ea049be6, method=GET}
15:53:24.776 [reactor-http-nio-48] DEBUG reactor.netty.resources.PooledConnectionProvider - [id: 0xc3839908, L:/127.0.0.1:51914 - R:localhost/127.0.0.1:8083] onStateChange(GET{uri=/userLocation?userId=8e60fb0b-17bd-40b2-8b7a-66e7feced7f4, connection=PooledConnection{channel=[id: 0xc3839908, L:/127.0.0.1:51914 - R:localhost/127.0.0.1:8083]}}, [request_sent])
15:53:24.776 [reactor-http-nio-41] DEBUG reactor.netty.resources.PooledConnectionProvider - [id: 0xc8430281, L:/127.0.0.1:51729 - R:localhost/127.0.0.1:8083] onStateChange(GET{uri=/userLocation?userId=284ab734-8a1f-489d-bf62-2289ea049be6, connection=PooledConnection{channel=[id: 0xc8430281, L:/127.0.0.1:51729 - R:localhost/127.0.0.1:8083]}}, [request_sent])
15:53:24.777 [pool-48-thread-17] DEBUG org.springframework.web.reactive.function.client.ExchangeFunctions - [118b328b] HTTP GET http://localhost:8083/userLocation?userId=2a292725-0ab6-4d8a-be7c-5eabd1592f7a
15:53:24.777 [pool-48-thread-16] DEBUG org.springframework.web.reactive.function.client.ExchangeFunctions - [2ca0517f] HTTP GET http://localhost:8083/userLocation?userId=eb6d6e62-e0d6-458e-a9eb-da4b85c4e148
15:53:24.781 [pool-48-thread-18] DEBUG org.springframework.web.reactive.function.client.ExchangeFunctions - [102b94b8] HTTP GET http://localhost:8083/userLocation?userId=e89cbd94-cf53-4869-9110-aea883dd5307
15:53:24.781 [reactor-http-nio-47] DEBUG reactor.netty.resources.PooledConnectionProvider - [id: 0xdaf60602, L:/127.0.0.1:51681 - R:localhost/127.0.0.1:8083] Channel acquired, now 16 active connections and 285 inactive connections
15:53:24.781 [reactor-http-nio-46] DEBUG reactor.netty.resources.PooledConnectionProvider - [id: 0x72e5dab1, L:/127.0.0.1:51797 - R:localhost/127.0.0.1:8083] Channel acquired, now 15 active connections and 286 inactive connections
15:53:24.781 [reactor-http-nio-46] DEBUG reactor.netty.http.client.HttpClientConnect - [id: 0x72e5dab1, L:/127.0.0.1:51797 - R:localhost/127.0.0.1:8083] Handler is being applied: {uri=http://localhost:8083/userLocation?userId=2a292725-0ab6-4d8a-be7c-5eabd1592f7a, method=GET}
15:53:24.781 [reactor-http-nio-47] DEBUG reactor.netty.http.client.HttpClientConnect - [id: 0xdaf60602, L:/127.0.0.1:51681 - R:localhost/127.0.0.1:8083] Handler is being applied: {uri=http://localhost:8083/userLocation?userId=885d5339-c2eb-41f9-9ac8-2ebcca0b061b, method=GET}
15:53:24.781 [reactor-http-nio-47] DEBUG reactor.netty.resources.PooledConnectionProvider - [id: 0xdaf60602, L:/127.0.0.1:51681 - R:localhost/127.0.0.1:8083] onStateChange(GET{uri=/userLocation?userId=885d5339-c2eb-41f9-9ac8-2ebcca0b061b, connection=PooledConnection{channel=[id: 0xdaf60602, L:/127.0.0.1:51681 - R:localhost/127.0.0.1:8083]}}, [request_sent])
15:53:24.781 [reactor-http-nio-46] DEBUG reactor.netty.resources.PooledConnectionProvider - [id: 0x72e5dab1, L:/127.0.0.1:51797 - R:localhost/127.0.0.1:8083] onStateChange(GET{uri=/userLocation?userId=2a292725-0ab6-4d8a-be7c-5eabd1592f7a, connection=PooledConnection{channel=[id: 0x72e5dab1, L:/127.0.0.1:51797 - R:localhost/127.0.0.1:8083]}}, [request_sent])
15:53:24.781 [reactor-http-nio-46] DEBUG reactor.netty.resources.PooledConnectionProvider - [id: 0x66bc1825, L:/127.0.0.1:51780 - R:localhost/127.0.0.1:8083] Channel acquired, now 17 active connections and 284 inactive connections
15:53:24.781 [reactor-http-nio-46] DEBUG reactor.netty.http.client.HttpClientConnect - [id: 0x66bc1825, L:/127.0.0.1:51780 - R:localhost/127.0.0.1:8083] Handler is being applied: {uri=http://localhost:8083/userLocation?userId=8dc72f0d-b679-4f4a-a95f-629953b96169, method=GET}
15:53:24.781 [reactor-http-nio-46] DEBUG reactor.netty.resources.PooledConnectionProvider - [id: 0x66bc1825, L:/127.0.0.1:51780 - R:localhost/127.0.0.1:8083] onStateChange(GET{uri=/userLocation?userId=8dc72f0d-b679-4f4a-a95f-629953b96169, connection=PooledConnection{channel=[id: 0x66bc1825, L:/127.0.0.1:51780 - R:localhost/127.0.0.1:8083]}}, [request_sent])
15:53:24.781 [reactor-http-nio-48] DEBUG reactor.netty.resources.PooledConnectionProvider - [id: 0xcaa282b1, L:/127.0.0.1:51876 - R:localhost/127.0.0.1:8083] Channel acquired, now 18 active connections and 283 inactive connections
15:53:24.781 [reactor-http-nio-48] DEBUG reactor.netty.http.client.HttpClientConnect - [id: 0xcaa282b1, L:/127.0.0.1:51876 - R:localhost/127.0.0.1:8083] Handler is being applied: {uri=http://localhost:8083/userLocation?userId=e89cbd94-cf53-4869-9110-aea883dd5307, method=GET}
15:53:24.782 [reactor-http-nio-41] DEBUG reactor.netty.resources.PooledConnectionProvider - [id: 0x7ed84751, L:/127.0.0.1:51753 - R:localhost/127.0.0.1:8083] Channel acquired, now 19 active connections and 282 inactive connections
15:53:24.782 [reactor-http-nio-41] DEBUG reactor.netty.http.client.HttpClientConnect - [id: 0x7ed84751, L:/127.0.0.1:51753 - R:localhost/127.0.0.1:8083] Handler is being applied: {uri=http://localhost:8083/userLocation?userId=eb6d6e62-e0d6-458e-a9eb-da4b85c4e148, method=GET}
15:53:24.782 [reactor-http-nio-48] DEBUG reactor.netty.resources.PooledConnectionProvider - [id: 0xcaa282b1, L:/127.0.0.1:51876 - R:localhost/127.0.0.1:8083] onStateChange(GET{uri=/userLocation?userId=e89cbd94-cf53-4869-9110-aea883dd5307, connection=PooledConnection{channel=[id: 0xcaa282b1, L:/127.0.0.1:51876 - R:localhost/127.0.0.1:8083]}}, [request_sent])
15:53:24.782 [reactor-http-nio-41] DEBUG reactor.netty.resources.PooledConnectionProvider - [id: 0x7ed84751, L:/127.0.0.1:51753 - R:localhost/127.0.0.1:8083] onStateChange(GET{uri=/userLocation?userId=eb6d6e62-e0d6-458e-a9eb-da4b85c4e148, connection=PooledConnection{channel=[id: 0x7ed84751, L:/127.0.0.1:51753 - R:localhost/127.0.0.1:8083]}}, [request_sent])
15:53:24.782 [pool-48-thread-19] DEBUG org.springframework.web.reactive.function.client.ExchangeFunctions - [6bd440d8] HTTP GET http://localhost:8083/userLocation?userId=087045b7-5f43-4d86-bdf5-afb148fe8a93
15:53:24.784 [pool-48-thread-21] DEBUG org.springframework.web.reactive.function.client.ExchangeFunctions - [46675c3d] HTTP GET http://localhost:8083/userLocation?userId=cf0f5519-f83f-45a7-92c6-da86a01da863
15:53:24.784 [pool-48-thread-20] DEBUG org.springframework.web.reactive.function.client.ExchangeFunctions - [37f0875] HTTP GET http://localhost:8083/userLocation?userId=2f49479a-10c2-4ce9-984c-88c6419de3ea
15:53:24.785 [reactor-http-nio-48] DEBUG reactor.netty.resources.PooledConnectionProvider - [id: 0x2539c881, L:/127.0.0.1:51963 - R:localhost/127.0.0.1:8083] Channel acquired, now 20 active connections and 281 inactive connections
15:53:24.785 [reactor-http-nio-48] DEBUG reactor.netty.http.client.HttpClientConnect - [id: 0x2539c881, L:/127.0.0.1:51963 - R:localhost/127.0.0.1:8083] Handler is being applied: {uri=http://localhost:8083/userLocation?userId=087045b7-5f43-4d86-bdf5-afb148fe8a93, method=GET}
15:53:24.785 [reactor-http-nio-47] DEBUG reactor.netty.resources.PooledConnectionProvider - [id: 0xa6138326, L:/127.0.0.1:51881 - R:localhost/127.0.0.1:8083] Channel acquired, now 21 active connections and 280 inactive connections
15:53:24.785 [reactor-http-nio-48] DEBUG reactor.netty.resources.PooledConnectionProvider - [id: 0x2539c881, L:/127.0.0.1:51963 - R:localhost/127.0.0.1:8083] onStateChange(GET{uri=/userLocation?userId=087045b7-5f43-4d86-bdf5-afb148fe8a93, connection=PooledConnection{channel=[id: 0x2539c881, L:/127.0.0.1:51963 - R:localhost/127.0.0.1:8083]}}, [request_sent])
15:53:24.785 [reactor-http-nio-47] DEBUG reactor.netty.http.client.HttpClientConnect - [id: 0xa6138326, L:/127.0.0.1:51881 - R:localhost/127.0.0.1:8083] Handler is being applied: {uri=http://localhost:8083/userLocation?userId=2f49479a-10c2-4ce9-984c-88c6419de3ea, method=GET}
15:53:24.785 [reactor-http-nio-47] DEBUG reactor.netty.resources.PooledConnectionProvider - [id: 0xa6138326, L:/127.0.0.1:51881 - R:localhost/127.0.0.1:8083] onStateChange(GET{uri=/userLocation?userId=2f49479a-10c2-4ce9-984c-88c6419de3ea, connection=PooledConnection{channel=[id: 0xa6138326, L:/127.0.0.1:51881 - R:localhost/127.0.0.1:8083]}}, [request_sent])
15:53:24.787 [reactor-http-nio-47] DEBUG reactor.netty.resources.PooledConnectionProvider - [id: 0x7af5fc74, L:/127.0.0.1:51854 - R:localhost/127.0.0.1:8083] Channel acquired, now 22 active connections and 279 inactive connections
15:53:24.787 [reactor-http-nio-47] DEBUG reactor.netty.http.client.HttpClientConnect - [id: 0x7af5fc74, L:/127.0.0.1:51854 - R:localhost/127.0.0.1:8083] Handler is being applied: {uri=http://localhost:8083/userLocation?userId=cf0f5519-f83f-45a7-92c6-da86a01da863, method=GET}
15:53:24.787 [pool-48-thread-22] DEBUG org.springframework.web.reactive.function.client.ExchangeFunctions - [6833ce0c] HTTP GET http://localhost:8083/userLocation?userId=2d9df6a8-7485-4a3f-997c-d1fec6ffdebd
15:53:24.787 [reactor-http-nio-47] DEBUG reactor.netty.resources.PooledConnectionProvider - [id: 0x7af5fc74, L:/127.0.0.1:51854 - R:localhost/127.0.0.1:8083] onStateChange(GET{uri=/userLocation?userId=cf0f5519-f83f-45a7-92c6-da86a01da863, connection=PooledConnection{channel=[id: 0x7af5fc74, L:/127.0.0.1:51854 - R:localhost/127.0.0.1:8083]}}, [request_sent])
15:53:24.787 [pool-48-thread-23] DEBUG org.springframework.web.reactive.function.client.ExchangeFunctions - [1c692dee] HTTP GET http://localhost:8083/userLocation?userId=a8528913-eab8-4ee1-9971-e90e89ef2b67
15:53:24.788 [pool-48-thread-25] DEBUG org.springframework.web.reactive.function.client.ExchangeFunctions - [3729f2a3] HTTP GET http://localhost:8083/userLocation?userId=82ce24d5-fec0-48a2-86a0-6ba62a1b9c7f
15:53:24.788 [pool-48-thread-24] DEBUG org.springframework.web.reactive.function.client.ExchangeFunctions - [7254c659] HTTP GET http://localhost:8083/userLocation?userId=642022d2-bf28-40bf-b9fe-e919763aa551
15:53:24.789 [reactor-http-nio-46] DEBUG reactor.netty.resources.PooledConnectionProvider - [id: 0x6dee6723, L:/127.0.0.1:51807 - R:localhost/127.0.0.1:8083] Channel acquired, now 23 active connections and 278 inactive connections
15:53:24.789 [reactor-http-nio-46] DEBUG reactor.netty.http.client.HttpClientConnect - [id: 0x6dee6723, L:/127.0.0.1:51807 - R:localhost/127.0.0.1:8083] Handler is being applied: {uri=http://localhost:8083/userLocation?userId=2d9df6a8-7485-4a3f-997c-d1fec6ffdebd, method=GET}
15:53:24.789 [reactor-http-nio-46] DEBUG reactor.netty.resources.PooledConnectionProvider - [id: 0x6dee6723, L:/127.0.0.1:51807 - R:localhost/127.0.0.1:8083] onStateChange(GET{uri=/userLocation?userId=2d9df6a8-7485-4a3f-997c-d1fec6ffdebd, connection=PooledConnection{channel=[id: 0x6dee6723, L:/127.0.0.1:51807 - R:localhost/127.0.0.1:8083]}}, [request_sent])
15:53:24.789 [reactor-http-nio-48] DEBUG reactor.netty.resources.PooledConnectionProvider - [id: 0x03a75d7c, L:/127.0.0.1:51954 - R:localhost/127.0.0.1:8083] Channel acquired, now 24 active connections and 277 inactive connections
15:53:24.789 [reactor-http-nio-48] DEBUG reactor.netty.http.client.HttpClientConnect - [id: 0x03a75d7c, L:/127.0.0.1:51954 - R:localhost/127.0.0.1:8083] Handler is being applied: {uri=http://localhost:8083/userLocation?userId=82ce24d5-fec0-48a2-86a0-6ba62a1b9c7f, method=GET}
15:53:24.790 [reactor-http-nio-48] DEBUG reactor.netty.resources.PooledConnectionProvider - [id: 0x03a75d7c, L:/127.0.0.1:51954 - R:localhost/127.0.0.1:8083] onStateChange(GET{uri=/userLocation?userId=82ce24d5-fec0-48a2-86a0-6ba62a1b9c7f, connection=PooledConnection{channel=[id: 0x03a75d7c, L:/127.0.0.1:51954 - R:localhost/127.0.0.1:8083]}}, [request_sent])
15:53:24.790 [reactor-http-nio-48] DEBUG reactor.netty.resources.PooledConnectionProvider - [id: 0xe73f3e74, L:/127.0.0.1:51908 - R:localhost/127.0.0.1:8083] Channel acquired, now 25 active connections and 276 inactive connections
15:53:24.790 [reactor-http-nio-48] DEBUG reactor.netty.http.client.HttpClientConnect - [id: 0xe73f3e74, L:/127.0.0.1:51908 - R:localhost/127.0.0.1:8083] Handler is being applied: {uri=http://localhost:8083/userLocation?userId=642022d2-bf28-40bf-b9fe-e919763aa551, method=GET}
15:53:24.790 [pool-48-thread-26] DEBUG org.springframework.web.reactive.function.client.ExchangeFunctions - [3d6936ec] HTTP GET http://localhost:8083/userLocation?userId=15b26221-dadb-4f83-8649-29e5ce99196e
15:53:24.790 [reactor-http-nio-48] DEBUG reactor.netty.resources.PooledConnectionProvider - [id: 0xe73f3e74, L:/127.0.0.1:51908 - R:localhost/127.0.0.1:8083] onStateChange(GET{uri=/userLocation?userId=642022d2-bf28-40bf-b9fe-e919763aa551, connection=PooledConnection{channel=[id: 0xe73f3e74, L:/127.0.0.1:51908 - R:localhost/127.0.0.1:8083]}}, [request_sent])
15:53:24.791 [pool-48-thread-27] DEBUG org.springframework.web.reactive.function.client.ExchangeFunctions - [2bd03119] HTTP GET http://localhost:8083/userLocation?userId=72fc5dc4-2d49-48bd-a48d-6fc398caca8c
15:53:24.791 [reactor-http-nio-47] DEBUG reactor.netty.resources.PooledConnectionProvider - [id: 0xb2eb3594, L:/127.0.0.1:51873 - R:localhost/127.0.0.1:8083] Channel acquired, now 26 active connections and 275 inactive connections
15:53:24.791 [pool-48-thread-28] DEBUG org.springframework.web.reactive.function.client.ExchangeFunctions - [1bb6ccfe] HTTP GET http://localhost:8083/userLocation?userId=4fea17ae-08b0-42dc-b78f-5a925ae6a00a
15:53:24.791 [reactor-http-nio-47] DEBUG reactor.netty.http.client.HttpClientConnect - [id: 0xb2eb3594, L:/127.0.0.1:51873 - R:localhost/127.0.0.1:8083] Handler is being applied: {uri=http://localhost:8083/userLocation?userId=a8528913-eab8-4ee1-9971-e90e89ef2b67, method=GET}
15:53:24.792 [reactor-http-nio-47] DEBUG reactor.netty.resources.PooledConnectionProvider - [id: 0xb2eb3594, L:/127.0.0.1:51873 - R:localhost/127.0.0.1:8083] onStateChange(GET{uri=/userLocation?userId=a8528913-eab8-4ee1-9971-e90e89ef2b67, connection=PooledConnection{channel=[id: 0xb2eb3594, L:/127.0.0.1:51873 - R:localhost/127.0.0.1:8083]}}, [request_sent])
15:53:24.792 [reactor-http-nio-47] DEBUG reactor.netty.resources.PooledConnectionProvider - [id: 0x2891d552, L:/127.0.0.1:51862 - R:localhost/127.0.0.1:8083] Channel acquired, now 27 active connections and 274 inactive connections
15:53:24.792 [reactor-http-nio-47] DEBUG reactor.netty.http.client.HttpClientConnect - [id: 0x2891d552, L:/127.0.0.1:51862 - R:localhost/127.0.0.1:8083] Handler is being applied: {uri=http://localhost:8083/userLocation?userId=15b26221-dadb-4f83-8649-29e5ce99196e, method=GET}
15:53:24.792 [reactor-http-nio-47] DEBUG reactor.netty.resources.PooledConnectionProvider - [id: 0x2891d552, L:/127.0.0.1:51862 - R:localhost/127.0.0.1:8083] onStateChange(GET{uri=/userLocation?userId=15b26221-dadb-4f83-8649-29e5ce99196e, connection=PooledConnection{channel=[id: 0x2891d552, L:/127.0.0.1:51862 - R:localhost/127.0.0.1:8083]}}, [request_sent])
15:53:24.792 [pool-48-thread-29] DEBUG org.springframework.web.reactive.function.client.ExchangeFunctions - [77a47d6f] HTTP GET http://localhost:8083/userLocation?userId=6621f865-ed3b-4131-9908-46082ff271d7
15:53:24.794 [pool-48-thread-30] DEBUG org.springframework.web.reactive.function.client.ExchangeFunctions - [6e6d62b6] HTTP GET http://localhost:8083/userLocation?userId=b1a9912d-11e9-4908-ac6f-aefeaad23d6d
15:53:24.794 [reactor-http-nio-46] DEBUG reactor.netty.resources.PooledConnectionProvider - [id: 0x07e2665a, L:/127.0.0.1:51934 - R:localhost/127.0.0.1:8083] Channel acquired, now 28 active connections and 273 inactive connections
15:53:24.794 [reactor-http-nio-48] DEBUG reactor.netty.resources.PooledConnectionProvider - [id: 0xeab7fac6, L:/127.0.0.1:51926 - R:localhost/127.0.0.1:8083] Channel acquired, now 29 active connections and 272 inactive connections
15:53:24.794 [reactor-http-nio-48] DEBUG reactor.netty.http.client.HttpClientConnect - [id: 0xeab7fac6, L:/127.0.0.1:51926 - R:localhost/127.0.0.1:8083] Handler is being applied: {uri=http://localhost:8083/userLocation?userId=b1a9912d-11e9-4908-ac6f-aefeaad23d6d, method=GET}
15:53:24.794 [reactor-http-nio-46] DEBUG reactor.netty.http.client.HttpClientConnect - [id: 0x07e2665a, L:/127.0.0.1:51934 - R:localhost/127.0.0.1:8083] Handler is being applied: {uri=http://localhost:8083/userLocation?userId=72fc5dc4-2d49-48bd-a48d-6fc398caca8c, method=GET}
15:53:24.795 [reactor-http-nio-46] DEBUG reactor.netty.resources.PooledConnectionProvider - [id: 0x07e2665a, L:/127.0.0.1:51934 - R:localhost/127.0.0.1:8083] onStateChange(GET{uri=/userLocation?userId=72fc5dc4-2d49-48bd-a48d-6fc398caca8c, connection=PooledConnection{channel=[id: 0x07e2665a, L:/127.0.0.1:51934 - R:localhost/127.0.0.1:8083]}}, [request_sent])
15:53:24.795 [reactor-http-nio-48] DEBUG reactor.netty.resources.PooledConnectionProvider - [id: 0xeab7fac6, L:/127.0.0.1:51926 - R:localhost/127.0.0.1:8083] onStateChange(GET{uri=/userLocation?userId=b1a9912d-11e9-4908-ac6f-aefeaad23d6d, connection=PooledConnection{channel=[id: 0xeab7fac6, L:/127.0.0.1:51926 - R:localhost/127.0.0.1:8083]}}, [request_sent])
15:53:24.795 [reactor-http-nio-41] DEBUG reactor.netty.resources.PooledConnectionProvider - [id: 0xb1945a60, L:/127.0.0.1:51727 - R:localhost/127.0.0.1:8083] Channel acquired, now 30 active connections and 271 inactive connections
15:53:24.795 [reactor-http-nio-41] DEBUG reactor.netty.http.client.HttpClientConnect - [id: 0xb1945a60, L:/127.0.0.1:51727 - R:localhost/127.0.0.1:8083] Handler is being applied: {uri=http://localhost:8083/userLocation?userId=4fea17ae-08b0-42dc-b78f-5a925ae6a00a, method=GET}
15:53:24.796 [reactor-http-nio-41] DEBUG reactor.netty.resources.PooledConnectionProvider - [id: 0xb1945a60, L:/127.0.0.1:51727 - R:localhost/127.0.0.1:8083] onStateChange(GET{uri=/userLocation?userId=4fea17ae-08b0-42dc-b78f-5a925ae6a00a, connection=PooledConnection{channel=[id: 0xb1945a60, L:/127.0.0.1:51727 - R:localhost/127.0.0.1:8083]}}, [request_sent])
15:53:24.796 [pool-48-thread-31] DEBUG org.springframework.web.reactive.function.client.ExchangeFunctions - [6e605487] HTTP GET http://localhost:8083/userLocation?userId=83d4d72f-ee38-4926-a14e-105b8b618631
15:53:24.796 [reactor-http-nio-48] DEBUG reactor.netty.resources.PooledConnectionProvider - [id: 0x19564f56, L:/127.0.0.1:51880 - R:localhost/127.0.0.1:8083] Channel acquired, now 31 active connections and 270 inactive connections
15:53:24.796 [pool-48-thread-33] DEBUG org.springframework.web.reactive.function.client.ExchangeFunctions - [20060f59] HTTP GET http://localhost:8083/userLocation?userId=86c23d47-c956-4a38-9fe5-4161a9e7c410
15:53:24.796 [reactor-http-nio-48] DEBUG reactor.netty.http.client.HttpClientConnect - [id: 0x19564f56, L:/127.0.0.1:51880 - R:localhost/127.0.0.1:8083] Handler is being applied: {uri=http://localhost:8083/userLocation?userId=6621f865-ed3b-4131-9908-46082ff271d7, method=GET}
15:53:24.796 [pool-48-thread-32] DEBUG org.springframework.web.reactive.function.client.ExchangeFunctions - [3fb4744a] HTTP GET http://localhost:8083/userLocation?userId=1808d361-f4c0-46e0-8008-34da18678230
15:53:24.797 [reactor-http-nio-48] DEBUG reactor.netty.resources.PooledConnectionProvider - [id: 0x19564f56, L:/127.0.0.1:51880 - R:localhost/127.0.0.1:8083] onStateChange(GET{uri=/userLocation?userId=6621f865-ed3b-4131-9908-46082ff271d7, connection=PooledConnection{channel=[id: 0x19564f56, L:/127.0.0.1:51880 - R:localhost/127.0.0.1:8083]}}, [request_sent])
15:53:24.798 [pool-48-thread-34] DEBUG org.springframework.web.reactive.function.client.ExchangeFunctions - [4a085fc8] HTTP GET http://localhost:8083/userLocation?userId=62f571f7-3ba5-459d-a0d5-d18f425a175a
15:53:24.799 [reactor-http-nio-48] DEBUG reactor.netty.resources.PooledConnectionProvider - [id: 0x4874d701, L:/127.0.0.1:51890 - R:localhost/127.0.0.1:8083] Channel acquired, now 32 active connections and 269 inactive connections
15:53:24.800 [reactor-http-nio-48] DEBUG reactor.netty.http.client.HttpClientConnect - [id: 0x4874d701, L:/127.0.0.1:51890 - R:localhost/127.0.0.1:8083] Handler is being applied: {uri=http://localhost:8083/userLocation?userId=83d4d72f-ee38-4926-a14e-105b8b618631, method=GET}
15:53:24.800 [reactor-http-nio-48] DEBUG reactor.netty.resources.PooledConnectionProvider - [id: 0x4874d701, L:/127.0.0.1:51890 - R:localhost/127.0.0.1:8083] onStateChange(GET{uri=/userLocation?userId=83d4d72f-ee38-4926-a14e-105b8b618631, connection=PooledConnection{channel=[id: 0x4874d701, L:/127.0.0.1:51890 - R:localhost/127.0.0.1:8083]}}, [request_sent])
15:53:24.800 [reactor-http-nio-48] DEBUG reactor.netty.resources.PooledConnectionProvider - [id: 0x6a1a0482, L:/127.0.0.1:51956 - R:localhost/127.0.0.1:8083] Channel acquired, now 33 active connections and 268 inactive connections
15:53:24.800 [reactor-http-nio-48] DEBUG reactor.netty.http.client.HttpClientConnect - [id: 0x6a1a0482, L:/127.0.0.1:51956 - R:localhost/127.0.0.1:8083] Handler is being applied: {uri=http://localhost:8083/userLocation?userId=1808d361-f4c0-46e0-8008-34da18678230, method=GET}
15:53:24.800 [pool-48-thread-35] DEBUG org.springframework.web.reactive.function.client.ExchangeFunctions - [6aceb224] HTTP GET http://localhost:8083/userLocation?userId=2e5a25e7-54fb-479f-890f-80e17ea96b44
15:53:24.800 [reactor-http-nio-48] DEBUG reactor.netty.resources.PooledConnectionProvider - [id: 0x6a1a0482, L:/127.0.0.1:51956 - R:localhost/127.0.0.1:8083] onStateChange(GET{uri=/userLocation?userId=1808d361-f4c0-46e0-8008-34da18678230, connection=PooledConnection{channel=[id: 0x6a1a0482, L:/127.0.0.1:51956 - R:localhost/127.0.0.1:8083]}}, [request_sent])
15:53:24.802 [reactor-http-nio-47] DEBUG reactor.netty.resources.PooledConnectionProvider - [id: 0x70f8c72b, L:/127.0.0.1:51852 - R:localhost/127.0.0.1:8083] Channel acquired, now 34 active connections and 267 inactive connections
15:53:24.802 [reactor-http-nio-47] DEBUG reactor.netty.http.client.HttpClientConnect - [id: 0x70f8c72b, L:/127.0.0.1:51852 - R:localhost/127.0.0.1:8083] Handler is being applied: {uri=http://localhost:8083/userLocation?userId=86c23d47-c956-4a38-9fe5-4161a9e7c410, method=GET}
15:53:24.802 [reactor-http-nio-46] DEBUG reactor.netty.resources.PooledConnectionProvider - [id: 0x940aa9d2, L:/127.0.0.1:51728 - R:localhost/127.0.0.1:8083] Channel acquired, now 35 active connections and 266 inactive connections
15:53:24.802 [reactor-http-nio-47] DEBUG reactor.netty.resources.PooledConnectionProvider - [id: 0x70f8c72b, L:/127.0.0.1:51852 - R:localhost/127.0.0.1:8083] onStateChange(GET{uri=/userLocation?userId=86c23d47-c956-4a38-9fe5-4161a9e7c410, connection=PooledConnection{channel=[id: 0x70f8c72b, L:/127.0.0.1:51852 - R:localhost/127.0.0.1:8083]}}, [request_sent])
15:53:24.802 [reactor-http-nio-46] DEBUG reactor.netty.http.client.HttpClientConnect - [id: 0x940aa9d2, L:/127.0.0.1:51728 - R:localhost/127.0.0.1:8083] Handler is being applied: {uri=http://localhost:8083/userLocation?userId=62f571f7-3ba5-459d-a0d5-d18f425a175a, method=GET}
15:53:24.802 [pool-48-thread-36] DEBUG org.springframework.web.reactive.function.client.ExchangeFunctions - [2b0d3b68] HTTP GET http://localhost:8083/userLocation?userId=ab2f8aed-a29d-44ff-ba40-e2fc9634a872
15:53:24.802 [reactor-http-nio-46] DEBUG reactor.netty.resources.PooledConnectionProvider - [id: 0x940aa9d2, L:/127.0.0.1:51728 - R:localhost/127.0.0.1:8083] onStateChange(GET{uri=/userLocation?userId=62f571f7-3ba5-459d-a0d5-d18f425a175a, connection=PooledConnection{channel=[id: 0x940aa9d2, L:/127.0.0.1:51728 - R:localhost/127.0.0.1:8083]}}, [request_sent])
15:53:24.803 [pool-48-thread-37] DEBUG org.springframework.web.reactive.function.client.ExchangeFunctions - [3378fee8] HTTP GET http://localhost:8083/userLocation?userId=c0baa50e-56c3-41e4-a1a8-e1ded4427beb
15:53:24.804 [reactor-http-nio-47] DEBUG reactor.netty.resources.PooledConnectionProvider - [id: 0xa78cd761, L:/127.0.0.1:51879 - R:localhost/127.0.0.1:8083] Channel acquired, now 36 active connections and 265 inactive connections
15:53:24.804 [reactor-http-nio-47] DEBUG reactor.netty.http.client.HttpClientConnect - [id: 0xa78cd761, L:/127.0.0.1:51879 - R:localhost/127.0.0.1:8083] Handler is being applied: {uri=http://localhost:8083/userLocation?userId=2e5a25e7-54fb-479f-890f-80e17ea96b44, method=GET}
15:53:24.804 [pool-48-thread-38] DEBUG org.springframework.web.reactive.function.client.ExchangeFunctions - [335834ab] HTTP GET http://localhost:8083/userLocation?userId=e48badea-66e5-4d4b-8892-8ea44a85292a
15:53:24.805 [reactor-http-nio-47] DEBUG reactor.netty.resources.PooledConnectionProvider - [id: 0xa78cd761, L:/127.0.0.1:51879 - R:localhost/127.0.0.1:8083] onStateChange(GET{uri=/userLocation?userId=2e5a25e7-54fb-479f-890f-80e17ea96b44, connection=PooledConnection{channel=[id: 0xa78cd761, L:/127.0.0.1:51879 - R:localhost/127.0.0.1:8083]}}, [request_sent])
15:53:24.805 [reactor-http-nio-47] DEBUG reactor.netty.resources.PooledConnectionProvider - [id: 0x9cce547f, L:/127.0.0.1:51834 - R:localhost/127.0.0.1:8083] Channel acquired, now 37 active connections and 264 inactive connections
15:53:24.805 [reactor-http-nio-47] DEBUG reactor.netty.http.client.HttpClientConnect - [id: 0x9cce547f, L:/127.0.0.1:51834 - R:localhost/127.0.0.1:8083] Handler is being applied: {uri=http://localhost:8083/userLocation?userId=ab2f8aed-a29d-44ff-ba40-e2fc9634a872, method=GET}
15:53:24.805 [reactor-http-nio-47] DEBUG reactor.netty.resources.PooledConnectionProvider - [id: 0x9cce547f, L:/127.0.0.1:51834 - R:localhost/127.0.0.1:8083] onStateChange(GET{uri=/userLocation?userId=ab2f8aed-a29d-44ff-ba40-e2fc9634a872, connection=PooledConnection{channel=[id: 0x9cce547f, L:/127.0.0.1:51834 - R:localhost/127.0.0.1:8083]}}, [request_sent])
15:53:24.806 [reactor-http-nio-48] DEBUG reactor.netty.resources.PooledConnectionProvider - [id: 0xc9744fd6, L:/127.0.0.1:51978 - R:localhost/127.0.0.1:8083] Channel acquired, now 38 active connections and 263 inactive connections
15:53:24.806 [reactor-http-nio-41] DEBUG reactor.netty.http.client.HttpClientOperations - [id: 0x58b3b7bf, L:/127.0.0.1:51717 - R:localhost/127.0.0.1:8083] Received response (auto-read:false) : [Content-Type=application/json, Transfer-Encoding=chunked, Date=Wed, 15 Jun 2022 14:53:24 GMT]
15:53:24.806 [reactor-http-nio-48] DEBUG reactor.netty.http.client.HttpClientConnect - [id: 0xc9744fd6, L:/127.0.0.1:51978 - R:localhost/127.0.0.1:8083] Handler is being applied: {uri=http://localhost:8083/userLocation?userId=c0baa50e-56c3-41e4-a1a8-e1ded4427beb, method=GET}
15:53:24.806 [reactor-http-nio-41] DEBUG reactor.netty.resources.PooledConnectionProvider - [id: 0x58b3b7bf, L:/127.0.0.1:51717 - R:localhost/127.0.0.1:8083] onStateChange(GET{uri=/attractions, connection=PooledConnection{channel=[id: 0x58b3b7bf, L:/127.0.0.1:51717 - R:localhost/127.0.0.1:8083]}}, [response_received])
15:53:24.806 [reactor-http-nio-41] DEBUG org.springframework.web.reactive.function.client.ExchangeFunctions - [488f3dd1] Response 200 OK
15:53:24.806 [reactor-http-nio-41] DEBUG reactor.netty.channel.FluxReceive - [id: 0x58b3b7bf, L:/127.0.0.1:51717 - R:localhost/127.0.0.1:8083] Subscribing inbound receiver [pending: 0, cancelled:false, inboundDone: false]
15:53:24.806 [reactor-http-nio-48] DEBUG reactor.netty.resources.PooledConnectionProvider - [id: 0xc9744fd6, L:/127.0.0.1:51978 - R:localhost/127.0.0.1:8083] onStateChange(GET{uri=/userLocation?userId=c0baa50e-56c3-41e4-a1a8-e1ded4427beb, connection=PooledConnection{channel=[id: 0xc9744fd6, L:/127.0.0.1:51978 - R:localhost/127.0.0.1:8083]}}, [request_sent])
15:53:24.808 [reactor-http-nio-41] DEBUG reactor.netty.resources.PooledConnectionProvider - [id: 0x6c6e06d1, L:/127.0.0.1:51760 - R:localhost/127.0.0.1:8083] Channel acquired, now 39 active connections and 262 inactive connections
15:53:24.808 [reactor-http-nio-41] DEBUG reactor.netty.http.client.HttpClientConnect - [id: 0x6c6e06d1, L:/127.0.0.1:51760 - R:localhost/127.0.0.1:8083] Handler is being applied: {uri=http://localhost:8083/userLocation?userId=e48badea-66e5-4d4b-8892-8ea44a85292a, method=GET}
15:53:24.808 [pool-48-thread-39] DEBUG org.springframework.web.reactive.function.client.ExchangeFunctions - [5dcc0b28] HTTP GET http://localhost:8083/userLocation?userId=cd7aaa3e-8d9b-404d-86b9-b6f2dd57b80e
15:53:24.808 [reactor-http-nio-41] DEBUG reactor.netty.resources.PooledConnectionProvider - [id: 0x6c6e06d1, L:/127.0.0.1:51760 - R:localhost/127.0.0.1:8083] onStateChange(GET{uri=/userLocation?userId=e48badea-66e5-4d4b-8892-8ea44a85292a, connection=PooledConnection{channel=[id: 0x6c6e06d1, L:/127.0.0.1:51760 - R:localhost/127.0.0.1:8083]}}, [request_sent])
15:53:24.808 [reactor-http-nio-41] DEBUG reactor.netty.http.client.HttpClientOperations - [id: 0x58b3b7bf, L:/127.0.0.1:51717 - R:localhost/127.0.0.1:8083] Received last HTTP packet
15:53:24.808 [reactor-http-nio-41] DEBUG org.springframework.core.codec.StringDecoder - [488f3dd1] Decoded "[{"longitude":-117.922008,"latitude":33.817595,"attractionName":"Disneyland","city":"Anaheim","stat (truncated)...
15:53:24.808 [reactor-http-nio-41] DEBUG reactor.netty.resources.PooledConnectionProvider - [id: 0x58b3b7bf, L:/127.0.0.1:51717 - R:localhost/127.0.0.1:8083] onStateChange(GET{uri=/attractions, connection=PooledConnection{channel=[id: 0x58b3b7bf, L:/127.0.0.1:51717 - R:localhost/127.0.0.1:8083]}}, [disconnecting])
15:53:24.808 [reactor-http-nio-41] DEBUG reactor.netty.resources.PooledConnectionProvider - [id: 0x58b3b7bf, L:/127.0.0.1:51717 - R:localhost/127.0.0.1:8083] Releasing channel
15:53:24.808 [reactor-http-nio-41] DEBUG reactor.netty.resources.PooledConnectionProvider - [id: 0x58b3b7bf, L:/127.0.0.1:51717 - R:localhost/127.0.0.1:8083] Channel cleaned, now 38 active connections and 263 inactive connections
15:53:24.809 [Test worker] INFO tourGuide.service.TourGuideService - attraction [tourGuide.gpsUtil.Attraction@2091833, tourGuide.gpsUtil.Attraction@7bc58891, tourGuide.gpsUtil.Attraction@6411504a, tourGuide.gpsUtil.Attraction@554188ac, tourGuide.gpsUtil.Attraction@1f43cab7, tourGuide.gpsUtil.Attraction@481558ce, tourGuide.gpsUtil.Attraction@2668c286, tourGuide.gpsUtil.Attraction@7f353a0f, tourGuide.gpsUtil.Attraction@7ea2412c, tourGuide.gpsUtil.Attraction@1c93b51e, tourGuide.gpsUtil.Attraction@7c0f28f8, tourGuide.gpsUtil.Attraction@2abc8034, tourGuide.gpsUtil.Attraction@467b0f6e, tourGuide.gpsUtil.Attraction@474179fa, tourGuide.gpsUtil.Attraction@420cd102, tourGuide.gpsUtil.Attraction@c7f4457, tourGuide.gpsUtil.Attraction@12e12ac9, tourGuide.gpsUtil.Attraction@5e230fc6, tourGuide.gpsUtil.Attraction@7a8341c1, tourGuide.gpsUtil.Attraction@ca8ef3a, tourGuide.gpsUtil.Attraction@17043b04, tourGuide.gpsUtil.Attraction@511f5b1d, tourGuide.gpsUtil.Attraction@31f295b6, tourGuide.gpsUtil.Attraction@7a687d8d, tourGuide.gpsUtil.Attraction@4c82b5df, tourGuide.gpsUtil.Attraction@67eec8e1]
15:53:24.810 [Test worker] INFO tourGuide.service.TourGuideService - getting attractions and distance {tourGuide.gpsUtil.Attraction@17043b04=2127.2478407793283, tourGuide.gpsUtil.Attraction@7a8341c1=1277.624543333648, tourGuide.gpsUtil.Attraction@511f5b1d=2578.9105160181207, tourGuide.gpsUtil.Attraction@31f295b6=680.6158831369517, tourGuide.gpsUtil.Attraction@2abc8034=2148.3967563579563, tourGuide.gpsUtil.Attraction@1c93b51e=2360.645624935619, tourGuide.gpsUtil.Attraction@7ea2412c=1906.7972782801585, tourGuide.gpsUtil.Attraction@420cd102=1204.372289719331, tourGuide.gpsUtil.Attraction@67eec8e1=2168.8305270428045, tourGuide.gpsUtil.Attraction@ca8ef3a=87.03441722157669, tourGuide.gpsUtil.Attraction@7bc58891=774.5207212649109, tourGuide.gpsUtil.Attraction@467b0f6e=2282.7463255653906, tourGuide.gpsUtil.Attraction@6411504a=164.91310606752234, tourGuide.gpsUtil.Attraction@481558ce=1418.5718274186313, tourGuide.gpsUtil.Attraction@4c82b5df=2440.1773360415445, tourGuide.gpsUtil.Attraction@5e230fc6=1921.4807999190477, tourGuide.gpsUtil.Attraction@7a687d8d=1344.0902723493095, tourGuide.gpsUtil.Attraction@c7f4457=1742.5694022642383, tourGuide.gpsUtil.Attraction@12e12ac9=1576.7472428725725, tourGuide.gpsUtil.Attraction@554188ac=115.99464245531166, tourGuide.gpsUtil.Attraction@2668c286=460.119903616993, tourGuide.gpsUtil.Attraction@1f43cab7=1428.857720488229, tourGuide.gpsUtil.Attraction@7c0f28f8=2434.494471527265, tourGuide.gpsUtil.Attraction@2091833=0.0, tourGuide.gpsUtil.Attraction@7f353a0f=1992.7911930022951, tourGuide.gpsUtil.Attraction@474179fa=2289.4339721013353}
15:53:24.811 [Test worker] INFO tourGuide.service.TourGuideService - sorted attractions by distance {tourGuide.gpsUtil.Attraction@2091833=0.0, tourGuide.gpsUtil.Attraction@ca8ef3a=87.03441722157669, tourGuide.gpsUtil.Attraction@554188ac=115.99464245531166, tourGuide.gpsUtil.Attraction@6411504a=164.91310606752234, tourGuide.gpsUtil.Attraction@2668c286=460.119903616993, tourGuide.gpsUtil.Attraction@31f295b6=680.6158831369517, tourGuide.gpsUtil.Attraction@7bc58891=774.5207212649109, tourGuide.gpsUtil.Attraction@420cd102=1204.372289719331, tourGuide.gpsUtil.Attraction@7a8341c1=1277.624543333648, tourGuide.gpsUtil.Attraction@7a687d8d=1344.0902723493095, tourGuide.gpsUtil.Attraction@481558ce=1418.5718274186313, tourGuide.gpsUtil.Attraction@1f43cab7=1428.857720488229, tourGuide.gpsUtil.Attraction@12e12ac9=1576.7472428725725, tourGuide.gpsUtil.Attraction@c7f4457=1742.5694022642383, tourGuide.gpsUtil.Attraction@7ea2412c=1906.7972782801585, tourGuide.gpsUtil.Attraction@5e230fc6=1921.4807999190477, tourGuide.gpsUtil.Attraction@7f353a0f=1992.7911930022951, tourGuide.gpsUtil.Attraction@17043b04=2127.2478407793283, tourGuide.gpsUtil.Attraction@2abc8034=2148.3967563579563, tourGuide.gpsUtil.Attraction@67eec8e1=2168.8305270428045, tourGuide.gpsUtil.Attraction@467b0f6e=2282.7463255653906, tourGuide.gpsUtil.Attraction@474179fa=2289.4339721013353, tourGuide.gpsUtil.Attraction@1c93b51e=2360.645624935619, tourGuide.gpsUtil.Attraction@7c0f28f8=2434.494471527265, tourGuide.gpsUtil.Attraction@4c82b5df=2440.1773360415445, tourGuide.gpsUtil.Attraction@511f5b1d=2578.9105160181207}
15:53:24.812 [reactor-http-nio-47] DEBUG reactor.netty.resources.PooledConnectionProvider - [id: 0x4b4296d8, L:/127.0.0.1:51883 - R:localhost/127.0.0.1:8083] Channel acquired, now 39 active connections and 262 inactive connections
15:53:24.812 [reactor-http-nio-47] DEBUG reactor.netty.http.client.HttpClientConnect - [id: 0x4b4296d8, L:/127.0.0.1:51883 - R:localhost/127.0.0.1:8083] Handler is being applied: {uri=http://localhost:8083/userLocation?userId=cd7aaa3e-8d9b-404d-86b9-b6f2dd57b80e, method=GET}
15:53:24.812 [Test worker] DEBUG tourGuide.service.TourGuideService - Initializing users
15:53:24.812 [reactor-http-nio-47] DEBUG reactor.netty.resources.PooledConnectionProvider - [id: 0x4b4296d8, L:/127.0.0.1:51883 - R:localhost/127.0.0.1:8083] onStateChange(GET{uri=/userLocation?userId=cd7aaa3e-8d9b-404d-86b9-b6f2dd57b80e, connection=PooledConnection{channel=[id: 0x4b4296d8, L:/127.0.0.1:51883 - R:localhost/127.0.0.1:8083]}}, [request_sent])
15:53:24.812 [pool-49-thread-1] DEBUG tourGuide.tracker.Tracker - Tracker Time Elapsed: 0 seconds.
15:53:24.812 [pool-49-thread-1] DEBUG tourGuide.tracker.Tracker - Tracker sleeping
15:53:24.814 [pool-48-thread-40] DEBUG org.springframework.web.reactive.function.client.ExchangeFunctions - [4106241a] HTTP GET http://localhost:8083/userLocation?userId=ebd5a766-a5c3-4049-b402-c36ab23d9975
15:53:24.814 [pool-48-thread-41] DEBUG org.springframework.web.reactive.function.client.ExchangeFunctions - [79173b18] HTTP GET http://localhost:8083/userLocation?userId=9d5a2182-ece1-4696-a7a7-7de2a57b5024
15:53:24.815 [reactor-http-nio-46] DEBUG reactor.netty.resources.PooledConnectionProvider - [id: 0xf6b8ded2, L:/127.0.0.1:51955 - R:localhost/127.0.0.1:8083] Channel acquired, now 40 active connections and 261 inactive connections
15:53:24.815 [reactor-http-nio-46] DEBUG reactor.netty.http.client.HttpClientConnect - [id: 0xf6b8ded2, L:/127.0.0.1:51955 - R:localhost/127.0.0.1:8083] Handler is being applied: {uri=http://localhost:8083/userLocation?userId=ebd5a766-a5c3-4049-b402-c36ab23d9975, method=GET}
15:53:24.816 [reactor-http-nio-46] DEBUG reactor.netty.resources.PooledConnectionProvider - [id: 0xf6b8ded2, L:/127.0.0.1:51955 - R:localhost/127.0.0.1:8083] onStateChange(GET{uri=/userLocation?userId=ebd5a766-a5c3-4049-b402-c36ab23d9975, connection=PooledConnection{channel=[id: 0xf6b8ded2, L:/127.0.0.1:51955 - R:localhost/127.0.0.1:8083]}}, [request_sent])
15:53:24.817 [reactor-http-nio-48] DEBUG reactor.netty.resources.PooledConnectionProvider - [id: 0xf2727193, L:/127.0.0.1:51969 - R:localhost/127.0.0.1:8083] Channel acquired, now 41 active connections and 260 inactive connections
15:53:24.817 [reactor-http-nio-48] DEBUG reactor.netty.http.client.HttpClientConnect - [id: 0xf2727193, L:/127.0.0.1:51969 - R:localhost/127.0.0.1:8083] Handler is being applied: {uri=http://localhost:8083/userLocation?userId=9d5a2182-ece1-4696-a7a7-7de2a57b5024, method=GET}
15:53:24.817 [reactor-http-nio-48] DEBUG reactor.netty.resources.PooledConnectionProvider - [id: 0xf2727193, L:/127.0.0.1:51969 - R:localhost/127.0.0.1:8083] onStateChange(GET{uri=/userLocation?userId=9d5a2182-ece1-4696-a7a7-7de2a57b5024, connection=PooledConnection{channel=[id: 0xf2727193, L:/127.0.0.1:51969 - R:localhost/127.0.0.1:8083]}}, [request_sent])
15:53:24.818 [pool-48-thread-43] DEBUG org.springframework.web.reactive.function.client.ExchangeFunctions - [4ced6002] HTTP GET http://localhost:8083/userLocation?userId=4f55d5ec-e1ed-4d0d-96f7-a443937b1d12
15:53:24.818 [pool-48-thread-42] DEBUG org.springframework.web.reactive.function.client.ExchangeFunctions - [6d8b3eba] HTTP GET http://localhost:8083/userLocation?userId=f843f353-6680-4884-837f-6caa5e565579
15:53:24.821 [reactor-http-nio-48] DEBUG reactor.netty.resources.PooledConnectionProvider - [id: 0x7fe5ccf9, L:/127.0.0.1:51961 - R:localhost/127.0.0.1:8083] Channel acquired, now 42 active connections and 259 inactive connections
15:53:24.821 [reactor-http-nio-48] DEBUG reactor.netty.http.client.HttpClientConnect - [id: 0x7fe5ccf9, L:/127.0.0.1:51961 - R:localhost/127.0.0.1:8083] Handler is being applied: {uri=http://localhost:8083/userLocation?userId=f843f353-6680-4884-837f-6caa5e565579, method=GET}
15:53:24.822 [reactor-http-nio-47] DEBUG reactor.netty.resources.PooledConnectionProvider - [id: 0xb5cdea8a, L:/127.0.0.1:51872 - R:localhost/127.0.0.1:8083] Channel acquired, now 43 active connections and 258 inactive connections
15:53:24.822 [reactor-http-nio-47] DEBUG reactor.netty.http.client.HttpClientConnect - [id: 0xb5cdea8a, L:/127.0.0.1:51872 - R:localhost/127.0.0.1:8083] Handler is being applied: {uri=http://localhost:8083/userLocation?userId=4f55d5ec-e1ed-4d0d-96f7-a443937b1d12, method=GET}
15:53:24.822 [reactor-http-nio-48] DEBUG reactor.netty.resources.PooledConnectionProvider - [id: 0x7fe5ccf9, L:/127.0.0.1:51961 - R:localhost/127.0.0.1:8083] onStateChange(GET{uri=/userLocation?userId=f843f353-6680-4884-837f-6caa5e565579, connection=PooledConnection{channel=[id: 0x7fe5ccf9, L:/127.0.0.1:51961 - R:localhost/127.0.0.1:8083]}}, [request_sent])
15:53:24.823 [reactor-http-nio-47] DEBUG reactor.netty.resources.PooledConnectionProvider - [id: 0xb5cdea8a, L:/127.0.0.1:51872 - R:localhost/127.0.0.1:8083] onStateChange(GET{uri=/userLocation?userId=4f55d5ec-e1ed-4d0d-96f7-a443937b1d12, connection=PooledConnection{channel=[id: 0xb5cdea8a, L:/127.0.0.1:51872 - R:localhost/127.0.0.1:8083]}}, [request_sent])
15:53:24.823 [pool-48-thread-44] DEBUG org.springframework.web.reactive.function.client.ExchangeFunctions - [5017b2ec] HTTP GET http://localhost:8083/userLocation?userId=fcbdea6c-968b-4c90-abd6-3827dcbe5c37
15:53:24.823 [Test worker] DEBUG tourGuide.service.TourGuideService - Created 100 internal test users.
15:53:24.823 [Test worker] DEBUG tourGuide.service.TourGuideService - Finished initializing users
15:53:24.823 [pool-48-thread-45] DEBUG org.springframework.web.reactive.function.client.ExchangeFunctions - [3a52f6ff] HTTP GET http://localhost:8083/userLocation?userId=556ddda5-0c2a-4d31-8ae8-d596dc698a51
15:53:24.823 [Test worker] DEBUG tourGuide.service.TourGuideService - Initialize tripPricer
15:53:24.824 [reactor-http-nio-46] DEBUG reactor.netty.resources.PooledConnectionProvider - [id: 0xfaf92bf0, L:/127.0.0.1:51817 - R:localhost/127.0.0.1:8083] Channel acquired, now 44 active connections and 257 inactive connections
15:53:24.824 [reactor-http-nio-46] DEBUG reactor.netty.http.client.HttpClientConnect - [id: 0xfaf92bf0, L:/127.0.0.1:51817 - R:localhost/127.0.0.1:8083] Handler is being applied: {uri=http://localhost:8083/userLocation?userId=fcbdea6c-968b-4c90-abd6-3827dcbe5c37, method=GET}
15:53:24.824 [Test worker] DEBUG org.springframework.web.reactive.function.client.ExchangeFunctions - [33e434c8] HTTP GET http://localhost:8083/attractions
15:53:24.824 [reactor-http-nio-46] DEBUG reactor.netty.resources.PooledConnectionProvider - [id: 0xfaf92bf0, L:/127.0.0.1:51817 - R:localhost/127.0.0.1:8083] onStateChange(GET{uri=/userLocation?userId=fcbdea6c-968b-4c90-abd6-3827dcbe5c37, connection=PooledConnection{channel=[id: 0xfaf92bf0, L:/127.0.0.1:51817 - R:localhost/127.0.0.1:8083]}}, [request_sent])
15:53:24.824 [reactor-http-nio-48] DEBUG reactor.netty.resources.PooledConnectionProvider - [id: 0x6c9d2faf, L:/127.0.0.1:51972 - R:localhost/127.0.0.1:8083] Channel acquired, now 45 active connections and 256 inactive connections
15:53:24.824 [reactor-http-nio-48] DEBUG reactor.netty.http.client.HttpClientConnect - [id: 0x6c9d2faf, L:/127.0.0.1:51972 - R:localhost/127.0.0.1:8083] Handler is being applied: {uri=http://localhost:8083/attractions, method=GET}
15:53:24.825 [pool-48-thread-46] DEBUG org.springframework.web.reactive.function.client.ExchangeFunctions - [23a735c3] HTTP GET http://localhost:8083/userLocation?userId=41e7fc46-2a0b-4d7c-8f76-13dad81832a9
15:53:24.825 [reactor-http-nio-48] DEBUG reactor.netty.resources.PooledConnectionProvider - [id: 0x6c9d2faf, L:/127.0.0.1:51972 - R:localhost/127.0.0.1:8083] onStateChange(GET{uri=/attractions, connection=PooledConnection{channel=[id: 0x6c9d2faf, L:/127.0.0.1:51972 - R:localhost/127.0.0.1:8083]}}, [request_sent])
15:53:24.825 [reactor-http-nio-48] DEBUG reactor.netty.resources.PooledConnectionProvider - [id: 0xb033e5eb, L:/127.0.0.1:51933 - R:localhost/127.0.0.1:8083] Channel acquired, now 46 active connections and 255 inactive connections
15:53:24.825 [reactor-http-nio-48] DEBUG reactor.netty.http.client.HttpClientConnect - [id: 0xb033e5eb, L:/127.0.0.1:51933 - R:localhost/127.0.0.1:8083] Handler is being applied: {uri=http://localhost:8083/userLocation?userId=556ddda5-0c2a-4d31-8ae8-d596dc698a51, method=GET}
15:53:24.825 [reactor-http-nio-48] DEBUG reactor.netty.resources.PooledConnectionProvider - [id: 0xb033e5eb, L:/127.0.0.1:51933 - R:localhost/127.0.0.1:8083] onStateChange(GET{uri=/userLocation?userId=556ddda5-0c2a-4d31-8ae8-d596dc698a51, connection=PooledConnection{channel=[id: 0xb033e5eb, L:/127.0.0.1:51933 - R:localhost/127.0.0.1:8083]}}, [request_sent])
15:53:24.826 [pool-48-thread-47] DEBUG org.springframework.web.reactive.function.client.ExchangeFunctions - [6e481d63] HTTP GET http://localhost:8083/userLocation?userId=c6249064-2431-4a3a-b099-afaf044752e8
15:53:24.827 [pool-48-thread-48] DEBUG org.springframework.web.reactive.function.client.ExchangeFunctions - [7cc85613] HTTP GET http://localhost:8083/userLocation?userId=0115f07d-6430-4407-82b7-45acf4031f35
15:53:24.828 [reactor-http-nio-46] DEBUG reactor.netty.resources.PooledConnectionProvider - [id: 0x04ce75f7, L:/127.0.0.1:51730 - R:localhost/127.0.0.1:8083] Channel acquired, now 47 active connections and 254 inactive connections
15:53:24.828 [reactor-http-nio-46] DEBUG reactor.netty.http.client.HttpClientConnect - [id: 0x04ce75f7, L:/127.0.0.1:51730 - R:localhost/127.0.0.1:8083] Handler is being applied: {uri=http://localhost:8083/userLocation?userId=41e7fc46-2a0b-4d7c-8f76-13dad81832a9, method=GET}
15:53:24.828 [reactor-http-nio-46] DEBUG reactor.netty.resources.PooledConnectionProvider - [id: 0x04ce75f7, L:/127.0.0.1:51730 - R:localhost/127.0.0.1:8083] onStateChange(GET{uri=/userLocation?userId=41e7fc46-2a0b-4d7c-8f76-13dad81832a9, connection=PooledConnection{channel=[id: 0x04ce75f7, L:/127.0.0.1:51730 - R:localhost/127.0.0.1:8083]}}, [request_sent])
15:53:24.828 [reactor-http-nio-48] DEBUG reactor.netty.resources.PooledConnectionProvider - [id: 0xb736888f, L:/127.0.0.1:51970 - R:localhost/127.0.0.1:8083] Channel acquired, now 48 active connections and 253 inactive connections
15:53:24.828 [reactor-http-nio-48] DEBUG reactor.netty.http.client.HttpClientConnect - [id: 0xb736888f, L:/127.0.0.1:51970 - R:localhost/127.0.0.1:8083] Handler is being applied: {uri=http://localhost:8083/userLocation?userId=c6249064-2431-4a3a-b099-afaf044752e8, method=GET}
15:53:24.829 [reactor-http-nio-48] DEBUG reactor.netty.resources.PooledConnectionProvider - [id: 0xb736888f, L:/127.0.0.1:51970 - R:localhost/127.0.0.1:8083] onStateChange(GET{uri=/userLocation?userId=c6249064-2431-4a3a-b099-afaf044752e8, connection=PooledConnection{channel=[id: 0xb736888f, L:/127.0.0.1:51970 - R:localhost/127.0.0.1:8083]}}, [request_sent])
15:53:24.829 [pool-48-thread-49] DEBUG org.springframework.web.reactive.function.client.ExchangeFunctions - [1a0efd10] HTTP GET http://localhost:8083/userLocation?userId=27276e88-abf6-4011-963f-3ce4bf504079
15:53:24.830 [reactor-http-nio-48] DEBUG reactor.netty.resources.PooledConnectionProvider - [id: 0x9c9e122e, L:/127.0.0.1:51884 - R:localhost/127.0.0.1:8083] Channel acquired, now 49 active connections and 252 inactive connections
15:53:24.830 [pool-48-thread-51] DEBUG org.springframework.web.reactive.function.client.ExchangeFunctions - [1394f0e9] HTTP GET http://localhost:8083/userLocation?userId=d14f9f26-cd24-4899-913e-bbd815c34533
15:53:24.830 [reactor-http-nio-48] DEBUG reactor.netty.http.client.HttpClientConnect - [id: 0x9c9e122e, L:/127.0.0.1:51884 - R:localhost/127.0.0.1:8083] Handler is being applied: {uri=http://localhost:8083/userLocation?userId=0115f07d-6430-4407-82b7-45acf4031f35, method=GET}
15:53:24.830 [reactor-http-nio-48] DEBUG reactor.netty.resources.PooledConnectionProvider - [id: 0x9c9e122e, L:/127.0.0.1:51884 - R:localhost/127.0.0.1:8083] onStateChange(GET{uri=/userLocation?userId=0115f07d-6430-4407-82b7-45acf4031f35, connection=PooledConnection{channel=[id: 0x9c9e122e, L:/127.0.0.1:51884 - R:localhost/127.0.0.1:8083]}}, [request_sent])
15:53:24.830 [pool-48-thread-50] DEBUG org.springframework.web.reactive.function.client.ExchangeFunctions - [6497336b] HTTP GET http://localhost:8083/userLocation?userId=c6259d88-14a9-4205-8d5b-a0f6543eb42b
15:53:24.832 [pool-48-thread-52] DEBUG org.springframework.web.reactive.function.client.ExchangeFunctions - [38fc80bf] HTTP GET http://localhost:8083/userLocation?userId=37847b0b-ca26-4a9d-aec9-ef0d2646377c
15:53:24.833 [reactor-http-nio-41] DEBUG reactor.netty.resources.PooledConnectionProvider - [id: 0x4d5a5786, L:/127.0.0.1:51790 - R:localhost/127.0.0.1:8083] Channel acquired, now 50 active connections and 251 inactive connections
15:53:24.833 [reactor-http-nio-41] DEBUG reactor.netty.http.client.HttpClientConnect - [id: 0x4d5a5786, L:/127.0.0.1:51790 - R:localhost/127.0.0.1:8083] Handler is being applied: {uri=http://localhost:8083/userLocation?userId=27276e88-abf6-4011-963f-3ce4bf504079, method=GET}
15:53:24.833 [reactor-http-nio-41] DEBUG reactor.netty.resources.PooledConnectionProvider - [id: 0x4d5a5786, L:/127.0.0.1:51790 - R:localhost/127.0.0.1:8083] onStateChange(GET{uri=/userLocation?userId=27276e88-abf6-4011-963f-3ce4bf504079, connection=PooledConnection{channel=[id: 0x4d5a5786, L:/127.0.0.1:51790 - R:localhost/127.0.0.1:8083]}}, [request_sent])
15:53:24.833 [reactor-http-nio-47] DEBUG reactor.netty.resources.PooledConnectionProvider - [id: 0xcb5559ed, L:/127.0.0.1:51856 - R:localhost/127.0.0.1:8083] Channel acquired, now 51 active connections and 250 inactive connections
15:53:24.833 [reactor-http-nio-47] DEBUG reactor.netty.http.client.HttpClientConnect - [id: 0xcb5559ed, L:/127.0.0.1:51856 - R:localhost/127.0.0.1:8083] Handler is being applied: {uri=http://localhost:8083/userLocation?userId=37847b0b-ca26-4a9d-aec9-ef0d2646377c, method=GET}
15:53:24.834 [reactor-http-nio-47] DEBUG reactor.netty.resources.PooledConnectionProvider - [id: 0xcb5559ed, L:/127.0.0.1:51856 - R:localhost/127.0.0.1:8083] onStateChange(GET{uri=/userLocation?userId=37847b0b-ca26-4a9d-aec9-ef0d2646377c, connection=PooledConnection{channel=[id: 0xcb5559ed, L:/127.0.0.1:51856 - R:localhost/127.0.0.1:8083]}}, [request_sent])
15:53:24.834 [reactor-http-nio-48] DEBUG reactor.netty.resources.PooledConnectionProvider - [id: 0xf96fcdf2, L:/127.0.0.1:51938 - R:localhost/127.0.0.1:8083] Channel acquired, now 52 active connections and 249 inactive connections
15:53:24.834 [reactor-http-nio-48] DEBUG reactor.netty.http.client.HttpClientConnect - [id: 0xf96fcdf2, L:/127.0.0.1:51938 - R:localhost/127.0.0.1:8083] Handler is being applied: {uri=http://localhost:8083/userLocation?userId=c6259d88-14a9-4205-8d5b-a0f6543eb42b, method=GET}
15:53:24.834 [reactor-http-nio-47] DEBUG reactor.netty.resources.PooledConnectionProvider - [id: 0x0c4c7f0e, L:/127.0.0.1:51853 - R:localhost/127.0.0.1:8083] Channel acquired, now 53 active connections and 248 inactive connections
15:53:24.834 [reactor-http-nio-47] DEBUG reactor.netty.http.client.HttpClientConnect - [id: 0x0c4c7f0e, L:/127.0.0.1:51853 - R:localhost/127.0.0.1:8083] Handler is being applied: {uri=http://localhost:8083/userLocation?userId=d14f9f26-cd24-4899-913e-bbd815c34533, method=GET}
15:53:24.834 [pool-48-thread-53] DEBUG org.springframework.web.reactive.function.client.ExchangeFunctions - [6a212805] HTTP GET http://localhost:8083/userLocation?userId=16399892-919c-4fc9-b0e7-4e49e02ac615
15:53:24.834 [reactor-http-nio-48] DEBUG reactor.netty.resources.PooledConnectionProvider - [id: 0xf96fcdf2, L:/127.0.0.1:51938 - R:localhost/127.0.0.1:8083] onStateChange(GET{uri=/userLocation?userId=c6259d88-14a9-4205-8d5b-a0f6543eb42b, connection=PooledConnection{channel=[id: 0xf96fcdf2, L:/127.0.0.1:51938 - R:localhost/127.0.0.1:8083]}}, [request_sent])
15:53:24.834 [reactor-http-nio-47] DEBUG reactor.netty.resources.PooledConnectionProvider - [id: 0x0c4c7f0e, L:/127.0.0.1:51853 - R:localhost/127.0.0.1:8083] onStateChange(GET{uri=/userLocation?userId=d14f9f26-cd24-4899-913e-bbd815c34533, connection=PooledConnection{channel=[id: 0x0c4c7f0e, L:/127.0.0.1:51853 - R:localhost/127.0.0.1:8083]}}, [request_sent])
15:53:24.837 [pool-48-thread-54] DEBUG org.springframework.web.reactive.function.client.ExchangeFunctions - [2b651288] HTTP GET http://localhost:8083/userLocation?userId=e3b3affd-3fb3-4b2c-8eaa-c20d43d6b2de
15:53:24.837 [pool-48-thread-56] DEBUG org.springframework.web.reactive.function.client.ExchangeFunctions - [2e05ae42] HTTP GET http://localhost:8083/userLocation?userId=7bd3b6ed-7ca3-4d66-ac36-2e658bffe7a8
15:53:24.837 [pool-48-thread-55] DEBUG org.springframework.web.reactive.function.client.ExchangeFunctions - [605ccaa8] HTTP GET http://localhost:8083/userLocation?userId=65b55eaa-5f40-456f-9119-11dfe0f21197
15:53:24.837 [reactor-http-nio-46] DEBUG reactor.netty.resources.PooledConnectionProvider - [id: 0xd943badc, L:/127.0.0.1:51811 - R:localhost/127.0.0.1:8083] Channel acquired, now 54 active connections and 247 inactive connections
15:53:24.837 [reactor-http-nio-46] DEBUG reactor.netty.http.client.HttpClientConnect - [id: 0xd943badc, L:/127.0.0.1:51811 - R:localhost/127.0.0.1:8083] Handler is being applied: {uri=http://localhost:8083/userLocation?userId=16399892-919c-4fc9-b0e7-4e49e02ac615, method=GET}
15:53:24.838 [reactor-http-nio-46] DEBUG reactor.netty.resources.PooledConnectionProvider - [id: 0xd943badc, L:/127.0.0.1:51811 - R:localhost/127.0.0.1:8083] onStateChange(GET{uri=/userLocation?userId=16399892-919c-4fc9-b0e7-4e49e02ac615, connection=PooledConnection{channel=[id: 0xd943badc, L:/127.0.0.1:51811 - R:localhost/127.0.0.1:8083]}}, [request_sent])
15:53:24.838 [reactor-http-nio-46] DEBUG reactor.netty.resources.PooledConnectionProvider - [id: 0xad77f6cd, L:/127.0.0.1:51761 - R:localhost/127.0.0.1:8083] Channel acquired, now 55 active connections and 246 inactive connections
15:53:24.838 [reactor-http-nio-46] DEBUG reactor.netty.http.client.HttpClientConnect - [id: 0xad77f6cd, L:/127.0.0.1:51761 - R:localhost/127.0.0.1:8083] Handler is being applied: {uri=http://localhost:8083/userLocation?userId=7bd3b6ed-7ca3-4d66-ac36-2e658bffe7a8, method=GET}
15:53:24.838 [reactor-http-nio-46] DEBUG reactor.netty.resources.PooledConnectionProvider - [id: 0xad77f6cd, L:/127.0.0.1:51761 - R:localhost/127.0.0.1:8083] onStateChange(GET{uri=/userLocation?userId=7bd3b6ed-7ca3-4d66-ac36-2e658bffe7a8, connection=PooledConnection{channel=[id: 0xad77f6cd, L:/127.0.0.1:51761 - R:localhost/127.0.0.1:8083]}}, [request_sent])
15:53:24.838 [reactor-http-nio-41] DEBUG reactor.netty.resources.PooledConnectionProvider - [id: 0xa255a56d, L:/127.0.0.1:51733 - R:localhost/127.0.0.1:8083] Channel acquired, now 56 active connections and 245 inactive connections
15:53:24.838 [reactor-http-nio-41] DEBUG reactor.netty.http.client.HttpClientConnect - [id: 0xa255a56d, L:/127.0.0.1:51733 - R:localhost/127.0.0.1:8083] Handler is being applied: {uri=http://localhost:8083/userLocation?userId=e3b3affd-3fb3-4b2c-8eaa-c20d43d6b2de, method=GET}
15:53:24.839 [pool-48-thread-57] DEBUG org.springframework.web.reactive.function.client.ExchangeFunctions - [385f5519] HTTP GET http://localhost:8083/userLocation?userId=d1ebe194-7645-4025-9f96-ca13ff522c9c
15:53:24.839 [reactor-http-nio-41] DEBUG reactor.netty.resources.PooledConnectionProvider - [id: 0xa255a56d, L:/127.0.0.1:51733 - R:localhost/127.0.0.1:8083] onStateChange(GET{uri=/userLocation?userId=e3b3affd-3fb3-4b2c-8eaa-c20d43d6b2de, connection=PooledConnection{channel=[id: 0xa255a56d, L:/127.0.0.1:51733 - R:localhost/127.0.0.1:8083]}}, [request_sent])
15:53:24.840 [pool-48-thread-58] DEBUG org.springframework.web.reactive.function.client.ExchangeFunctions - [342fa42b] HTTP GET http://localhost:8083/userLocation?userId=dcdaf08a-9881-4b0b-a41a-022a58abcea4
15:53:24.840 [pool-48-thread-59] DEBUG org.springframework.web.reactive.function.client.ExchangeFunctions - [17b28bc7] HTTP GET http://localhost:8083/userLocation?userId=a8a6377d-887c-4bcd-9897-363bf2640637
15:53:24.840 [pool-48-thread-60] DEBUG org.springframework.web.reactive.function.client.ExchangeFunctions - [13d9120] HTTP GET http://localhost:8083/userLocation?userId=fdbf3a1b-ec9c-46c7-9265-b3833e7f88b8
15:53:24.840 [reactor-http-nio-47] DEBUG reactor.netty.resources.PooledConnectionProvider - [id: 0x71dba838, L:/127.0.0.1:51683 - R:localhost/127.0.0.1:8083] Channel acquired, now 57 active connections and 244 inactive connections
15:53:24.840 [reactor-http-nio-47] DEBUG reactor.netty.http.client.HttpClientConnect - [id: 0x71dba838, L:/127.0.0.1:51683 - R:localhost/127.0.0.1:8083] Handler is being applied: {uri=http://localhost:8083/userLocation?userId=fdbf3a1b-ec9c-46c7-9265-b3833e7f88b8, method=GET}
15:53:24.840 [pool-48-thread-62] DEBUG org.springframework.web.reactive.function.client.ExchangeFunctions - [1fe73aa2] HTTP GET http://localhost:8083/userLocation?userId=df8ddc64-7191-4405-9814-83bc0b4e4d14
15:53:24.840 [reactor-http-nio-47] DEBUG reactor.netty.resources.PooledConnectionProvider - [id: 0x71dba838, L:/127.0.0.1:51683 - R:localhost/127.0.0.1:8083] onStateChange(GET{uri=/userLocation?userId=fdbf3a1b-ec9c-46c7-9265-b3833e7f88b8, connection=PooledConnection{channel=[id: 0x71dba838, L:/127.0.0.1:51683 - R:localhost/127.0.0.1:8083]}}, [request_sent])
15:53:24.841 [reactor-http-nio-46] DEBUG reactor.netty.resources.PooledConnectionProvider - [id: 0x7604c246, L:/127.0.0.1:51937 - R:localhost/127.0.0.1:8083] Channel acquired, now 58 active connections and 243 inactive connections
15:53:24.841 [reactor-http-nio-46] DEBUG reactor.netty.http.client.HttpClientConnect - [id: 0x7604c246, L:/127.0.0.1:51937 - R:localhost/127.0.0.1:8083] Handler is being applied: {uri=http://localhost:8083/userLocation?userId=65b55eaa-5f40-456f-9119-11dfe0f21197, method=GET}
15:53:24.841 [reactor-http-nio-46] DEBUG reactor.netty.resources.PooledConnectionProvider - [id: 0x7604c246, L:/127.0.0.1:51937 - R:localhost/127.0.0.1:8083] onStateChange(GET{uri=/userLocation?userId=65b55eaa-5f40-456f-9119-11dfe0f21197, connection=PooledConnection{channel=[id: 0x7604c246, L:/127.0.0.1:51937 - R:localhost/127.0.0.1:8083]}}, [request_sent])
15:53:24.841 [reactor-http-nio-41] DEBUG reactor.netty.resources.PooledConnectionProvider - [id: 0x5c46e8f5, L:/127.0.0.1:51758 - R:localhost/127.0.0.1:8083] Channel acquired, now 59 active connections and 242 inactive connections
15:53:24.841 [reactor-http-nio-41] DEBUG reactor.netty.http.client.HttpClientConnect - [id: 0x5c46e8f5, L:/127.0.0.1:51758 - R:localhost/127.0.0.1:8083] Handler is being applied: {uri=http://localhost:8083/userLocation?userId=dcdaf08a-9881-4b0b-a41a-022a58abcea4, method=GET}
15:53:24.841 [reactor-http-nio-41] DEBUG reactor.netty.resources.PooledConnectionProvider - [id: 0x5c46e8f5, L:/127.0.0.1:51758 - R:localhost/127.0.0.1:8083] onStateChange(GET{uri=/userLocation?userId=dcdaf08a-9881-4b0b-a41a-022a58abcea4, connection=PooledConnection{channel=[id: 0x5c46e8f5, L:/127.0.0.1:51758 - R:localhost/127.0.0.1:8083]}}, [request_sent])
15:53:24.842 [reactor-http-nio-47] DEBUG reactor.netty.resources.PooledConnectionProvider - [id: 0xe4eaf4b8, L:/127.0.0.1:51868 - R:localhost/127.0.0.1:8083] Channel acquired, now 60 active connections and 241 inactive connections
15:53:24.842 [reactor-http-nio-47] DEBUG reactor.netty.http.client.HttpClientConnect - [id: 0xe4eaf4b8, L:/127.0.0.1:51868 - R:localhost/127.0.0.1:8083] Handler is being applied: {uri=http://localhost:8083/userLocation?userId=d1ebe194-7645-4025-9f96-ca13ff522c9c, method=GET}
15:53:24.843 [reactor-http-nio-47] DEBUG reactor.netty.resources.PooledConnectionProvider - [id: 0xe4eaf4b8, L:/127.0.0.1:51868 - R:localhost/127.0.0.1:8083] onStateChange(GET{uri=/userLocation?userId=d1ebe194-7645-4025-9f96-ca13ff522c9c, connection=PooledConnection{channel=[id: 0xe4eaf4b8, L:/127.0.0.1:51868 - R:localhost/127.0.0.1:8083]}}, [request_sent])
15:53:24.843 [reactor-http-nio-47] DEBUG reactor.netty.resources.PooledConnectionProvider - [id: 0x0c88f8fd, L:/127.0.0.1:51848 - R:localhost/127.0.0.1:8083] Channel acquired, now 61 active connections and 240 inactive connections
15:53:24.843 [reactor-http-nio-47] DEBUG reactor.netty.http.client.HttpClientConnect - [id: 0x0c88f8fd, L:/127.0.0.1:51848 - R:localhost/127.0.0.1:8083] Handler is being applied: {uri=http://localhost:8083/userLocation?userId=df8ddc64-7191-4405-9814-83bc0b4e4d14, method=GET}
15:53:24.843 [reactor-http-nio-41] DEBUG reactor.netty.http.client.HttpClientOperations - [id: 0xfb192aad, L:/127.0.0.1:51748 - R:localhost/127.0.0.1:8083] Received response (auto-read:false) : [Content-Type=application/json, Transfer-Encoding=chunked, Date=Wed, 15 Jun 2022 14:53:24 GMT]
15:53:24.843 [reactor-http-nio-41] DEBUG reactor.netty.resources.PooledConnectionProvider - [id: 0xfb192aad, L:/127.0.0.1:51748 - R:localhost/127.0.0.1:8083] onStateChange(GET{uri=/userLocation?userId=f9b4ada6-3e4e-4767-b739-a9f608e51c0b, connection=PooledConnection{channel=[id: 0xfb192aad, L:/127.0.0.1:51748 - R:localhost/127.0.0.1:8083]}}, [response_received])
15:53:24.843 [reactor-http-nio-41] DEBUG org.springframework.web.reactive.function.client.ExchangeFunctions - [60387db1] Response 200 OK
15:53:24.843 [reactor-http-nio-47] DEBUG reactor.netty.resources.PooledConnectionProvider - [id: 0x0c88f8fd, L:/127.0.0.1:51848 - R:localhost/127.0.0.1:8083] onStateChange(GET{uri=/userLocation?userId=df8ddc64-7191-4405-9814-83bc0b4e4d14, connection=PooledConnection{channel=[id: 0x0c88f8fd, L:/127.0.0.1:51848 - R:localhost/127.0.0.1:8083]}}, [request_sent])
15:53:24.844 [reactor-http-nio-41] DEBUG reactor.netty.channel.FluxReceive - [id: 0xfb192aad, L:/127.0.0.1:51748 - R:localhost/127.0.0.1:8083] Subscribing inbound receiver [pending: 0, cancelled:false, inboundDone: false]
15:53:24.844 [reactor-http-nio-41] DEBUG reactor.netty.http.client.HttpClientOperations - [id: 0xfb192aad, L:/127.0.0.1:51748 - R:localhost/127.0.0.1:8083] Received last HTTP packet
15:53:24.844 [reactor-http-nio-41] DEBUG org.springframework.core.codec.StringDecoder - [60387db1] Decoded "{"userId":"f9b4ada6-3e4e-4767-b739-a9f608e51c0b","location":{"longitude":-85.809122,"latitude":72.2 (truncated)...
15:53:24.844 [reactor-http-nio-41] DEBUG reactor.netty.resources.PooledConnectionProvider - [id: 0xfb192aad, L:/127.0.0.1:51748 - R:localhost/127.0.0.1:8083] onStateChange(GET{uri=/userLocation?userId=f9b4ada6-3e4e-4767-b739-a9f608e51c0b, connection=PooledConnection{channel=[id: 0xfb192aad, L:/127.0.0.1:51748 - R:localhost/127.0.0.1:8083]}}, [disconnecting])
15:53:24.844 [reactor-http-nio-41] DEBUG reactor.netty.resources.PooledConnectionProvider - [id: 0xfb192aad, L:/127.0.0.1:51748 - R:localhost/127.0.0.1:8083] Releasing channel
15:53:24.844 [reactor-http-nio-41] DEBUG reactor.netty.resources.PooledConnectionProvider - [id: 0xfb192aad, L:/127.0.0.1:51748 - R:localhost/127.0.0.1:8083] Channel cleaned, now 60 active connections and 241 inactive connections
15:53:24.844 [reactor-http-nio-41] DEBUG reactor.netty.resources.PooledConnectionProvider - [id: 0xed0ba0e1, L:/127.0.0.1:51752 - R:localhost/127.0.0.1:8083] Channel acquired, now 61 active connections and 240 inactive connections
15:53:24.844 [reactor-http-nio-41] DEBUG reactor.netty.http.client.HttpClientConnect - [id: 0xed0ba0e1, L:/127.0.0.1:51752 - R:localhost/127.0.0.1:8083] Handler is being applied: {uri=http://localhost:8083/userLocation?userId=a8a6377d-887c-4bcd-9897-363bf2640637, method=GET}
15:53:24.845 [reactor-http-nio-41] DEBUG reactor.netty.resources.PooledConnectionProvider - [id: 0xed0ba0e1, L:/127.0.0.1:51752 - R:localhost/127.0.0.1:8083] onStateChange(GET{uri=/userLocation?userId=a8a6377d-887c-4bcd-9897-363bf2640637, connection=PooledConnection{channel=[id: 0xed0ba0e1, L:/127.0.0.1:51752 - R:localhost/127.0.0.1:8083]}}, [request_sent])
15:53:24.846 [pool-48-thread-6] INFO tourGuide.service.TourGuideService - visitedLocatio tourGuide.gpsUtil.VisitedLocation@6eff8fc6
15:53:24.846 [reactor-http-nio-48] DEBUG reactor.netty.http.client.HttpClientOperations - [id: 0x2b8a27a7, L:/127.0.0.1:51916 - R:localhost/127.0.0.1:8083] Received response (auto-read:false) : [Content-Type=application/json, Transfer-Encoding=chunked, Date=Wed, 15 Jun 2022 14:53:24 GMT]
15:53:24.846 [pool-48-thread-6] DEBUG org.springframework.web.reactive.function.client.ExchangeFunctions - [6ac016c1] HTTP GET http://localhost:8083/attractions
15:53:24.846 [reactor-http-nio-48] DEBUG reactor.netty.resources.PooledConnectionProvider - [id: 0x2b8a27a7, L:/127.0.0.1:51916 - R:localhost/127.0.0.1:8083] onStateChange(GET{uri=/userLocation?userId=4feb928c-0fd1-4c6e-80ca-8d5d3d7b0fa9, connection=PooledConnection{channel=[id: 0x2b8a27a7, L:/127.0.0.1:51916 - R:localhost/127.0.0.1:8083]}}, [response_received])
15:53:24.846 [reactor-http-nio-48] DEBUG org.springframework.web.reactive.function.client.ExchangeFunctions - [40cae44f] Response 200 OK
15:53:24.846 [reactor-http-nio-46] DEBUG reactor.netty.http.client.HttpClientOperations - [id: 0xa4924887, L:/127.0.0.1:51816 - R:localhost/127.0.0.1:8083] Received response (auto-read:false) : [Content-Type=application/json, Transfer-Encoding=chunked, Date=Wed, 15 Jun 2022 14:53:24 GMT]
15:53:24.846 [reactor-http-nio-46] DEBUG reactor.netty.resources.PooledConnectionProvider - [id: 0xa4924887, L:/127.0.0.1:51816 - R:localhost/127.0.0.1:8083] onStateChange(GET{uri=/userLocation?userId=a0e000b7-79fc-4f2c-82c2-9bca1f4352bd, connection=PooledConnection{channel=[id: 0xa4924887, L:/127.0.0.1:51816 - R:localhost/127.0.0.1:8083]}}, [response_received])
15:53:24.846 [reactor-http-nio-46] DEBUG org.springframework.web.reactive.function.client.ExchangeFunctions - [33519026] Response 200 OK
15:53:24.846 [reactor-http-nio-46] DEBUG reactor.netty.channel.FluxReceive - [id: 0xa4924887, L:/127.0.0.1:51816 - R:localhost/127.0.0.1:8083] Subscribing inbound receiver [pending: 0, cancelled:false, inboundDone: false]
15:53:24.846 [reactor-http-nio-46] DEBUG reactor.netty.http.client.HttpClientOperations - [id: 0xa4924887, L:/127.0.0.1:51816 - R:localhost/127.0.0.1:8083] Received last HTTP packet
15:53:24.846 [reactor-http-nio-46] DEBUG org.springframework.core.codec.StringDecoder - [33519026] Decoded "{"userId":"a0e000b7-79fc-4f2c-82c2-9bca1f4352bd","location":{"longitude":22.200627,"latitude":-6.80 (truncated)...
15:53:24.846 [reactor-http-nio-46] DEBUG reactor.netty.resources.PooledConnectionProvider - [id: 0xa4924887, L:/127.0.0.1:51816 - R:localhost/127.0.0.1:8083] onStateChange(GET{uri=/userLocation?userId=a0e000b7-79fc-4f2c-82c2-9bca1f4352bd, connection=PooledConnection{channel=[id: 0xa4924887, L:/127.0.0.1:51816 - R:localhost/127.0.0.1:8083]}}, [disconnecting])
15:53:24.846 [reactor-http-nio-46] DEBUG reactor.netty.resources.PooledConnectionProvider - [id: 0xa4924887, L:/127.0.0.1:51816 - R:localhost/127.0.0.1:8083] Releasing channel
15:53:24.846 [reactor-http-nio-46] DEBUG reactor.netty.resources.PooledConnectionProvider - [id: 0xa4924887, L:/127.0.0.1:51816 - R:localhost/127.0.0.1:8083] Channel cleaned, now 60 active connections and 241 inactive connections
15:53:24.846 [reactor-http-nio-48] DEBUG reactor.netty.channel.FluxReceive - [id: 0x2b8a27a7, L:/127.0.0.1:51916 - R:localhost/127.0.0.1:8083] Subscribing inbound receiver [pending: 0, cancelled:false, inboundDone: false]
15:53:24.847 [reactor-http-nio-48] DEBUG reactor.netty.http.client.HttpClientOperations - [id: 0x2b8a27a7, L:/127.0.0.1:51916 - R:localhost/127.0.0.1:8083] Received last HTTP packet
15:53:24.847 [reactor-http-nio-48] DEBUG org.springframework.core.codec.StringDecoder - [40cae44f] Decoded "{"userId":"4feb928c-0fd1-4c6e-80ca-8d5d3d7b0fa9","location":{"longitude":121.159739,"latitude":-78. (truncated)...
15:53:24.847 [reactor-http-nio-48] DEBUG reactor.netty.resources.PooledConnectionProvider - [id: 0x2b8a27a7, L:/127.0.0.1:51916 - R:localhost/127.0.0.1:8083] onStateChange(GET{uri=/userLocation?userId=4feb928c-0fd1-4c6e-80ca-8d5d3d7b0fa9, connection=PooledConnection{channel=[id: 0x2b8a27a7, L:/127.0.0.1:51916 - R:localhost/127.0.0.1:8083]}}, [disconnecting])
15:53:24.847 [reactor-http-nio-48] DEBUG reactor.netty.resources.PooledConnectionProvider - [id: 0x2b8a27a7, L:/127.0.0.1:51916 - R:localhost/127.0.0.1:8083] Releasing channel
15:53:24.847 [reactor-http-nio-48] DEBUG reactor.netty.resources.PooledConnectionProvider - [id: 0x2b8a27a7, L:/127.0.0.1:51916 - R:localhost/127.0.0.1:8083] Channel cleaned, now 59 active connections and 242 inactive connections
15:53:24.848 [pool-48-thread-3] INFO tourGuide.service.TourGuideService - visitedLocatio tourGuide.gpsUtil.VisitedLocation@4e0d1226
15:53:24.848 [pool-48-thread-7] INFO tourGuide.service.TourGuideService - visitedLocatio tourGuide.gpsUtil.VisitedLocation@3d96683c
15:53:24.848 [pool-48-thread-7] DEBUG org.springframework.web.reactive.function.client.ExchangeFunctions - [39a9fb56] HTTP GET http://localhost:8083/attractions
15:53:24.848 [pool-48-thread-3] DEBUG org.springframework.web.reactive.function.client.ExchangeFunctions - [4a328f3f] HTTP GET http://localhost:8083/attractions
15:53:24.850 [reactor-http-nio-47] DEBUG reactor.netty.http.client.HttpClientOperations - [id: 0x26a43d3a, L:/127.0.0.1:51840 - R:localhost/127.0.0.1:8083] Received response (auto-read:false) : [Content-Type=application/json, Transfer-Encoding=chunked, Date=Wed, 15 Jun 2022 14:53:24 GMT]
15:53:24.850 [reactor-http-nio-47] DEBUG reactor.netty.resources.PooledConnectionProvider - [id: 0x26a43d3a, L:/127.0.0.1:51840 - R:localhost/127.0.0.1:8083] onStateChange(GET{uri=/userLocation?userId=a25e2daf-bff0-4776-83d2-a57770c7f667, connection=PooledConnection{channel=[id: 0x26a43d3a, L:/127.0.0.1:51840 - R:localhost/127.0.0.1:8083]}}, [response_received])
15:53:24.850 [reactor-http-nio-47] DEBUG org.springframework.web.reactive.function.client.ExchangeFunctions - [34381f64] Response 200 OK
15:53:24.850 [reactor-http-nio-47] DEBUG reactor.netty.channel.FluxReceive - [id: 0x26a43d3a, L:/127.0.0.1:51840 - R:localhost/127.0.0.1:8083] Subscribing inbound receiver [pending: 0, cancelled:false, inboundDone: false]
15:53:24.850 [reactor-http-nio-47] DEBUG reactor.netty.http.client.HttpClientOperations - [id: 0x26a43d3a, L:/127.0.0.1:51840 - R:localhost/127.0.0.1:8083] Received last HTTP packet
15:53:24.850 [reactor-http-nio-47] DEBUG org.springframework.core.codec.StringDecoder - [34381f64] Decoded "{"userId":"a25e2daf-bff0-4776-83d2-a57770c7f667","location":{"longitude":54.496759,"latitude":30.60 (truncated)...
15:53:24.850 [reactor-http-nio-47] DEBUG reactor.netty.resources.PooledConnectionProvider - [id: 0x26a43d3a, L:/127.0.0.1:51840 - R:localhost/127.0.0.1:8083] onStateChange(GET{uri=/userLocation?userId=a25e2daf-bff0-4776-83d2-a57770c7f667, connection=PooledConnection{channel=[id: 0x26a43d3a, L:/127.0.0.1:51840 - R:localhost/127.0.0.1:8083]}}, [disconnecting])
15:53:24.850 [reactor-http-nio-47] DEBUG reactor.netty.resources.PooledConnectionProvider - [id: 0x26a43d3a, L:/127.0.0.1:51840 - R:localhost/127.0.0.1:8083] Releasing channel
15:53:24.850 [reactor-http-nio-47] DEBUG reactor.netty.resources.PooledConnectionProvider - [id: 0x26a43d3a, L:/127.0.0.1:51840 - R:localhost/127.0.0.1:8083] Channel cleaned, now 58 active connections and 243 inactive connections
15:53:24.850 [reactor-http-nio-47] DEBUG reactor.netty.resources.PooledConnectionProvider - [id: 0x2fcf1b2b, L:/127.0.0.1:51855 - R:localhost/127.0.0.1:8083] Channel acquired, now 59 active connections and 242 inactive connections
15:53:24.850 [reactor-http-nio-47] DEBUG reactor.netty.http.client.HttpClientConnect - [id: 0x2fcf1b2b, L:/127.0.0.1:51855 - R:localhost/127.0.0.1:8083] Handler is being applied: {uri=http://localhost:8083/attractions, method=GET}
15:53:24.851 [reactor-http-nio-41] DEBUG reactor.netty.resources.PooledConnectionProvider - [id: 0xe144b806, L:/127.0.0.1:51710 - R:localhost/127.0.0.1:8083] Channel acquired, now 60 active connections and 241 inactive connections
15:53:24.851 [reactor-http-nio-47] DEBUG reactor.netty.resources.PooledConnectionProvider - [id: 0x2fcf1b2b, L:/127.0.0.1:51855 - R:localhost/127.0.0.1:8083] onStateChange(GET{uri=/attractions, connection=PooledConnection{channel=[id: 0x2fcf1b2b, L:/127.0.0.1:51855 - R:localhost/127.0.0.1:8083]}}, [request_sent])
15:53:24.851 [reactor-http-nio-41] DEBUG reactor.netty.http.client.HttpClientConnect - [id: 0xe144b806, L:/127.0.0.1:51710 - R:localhost/127.0.0.1:8083] Handler is being applied: {uri=http://localhost:8083/attractions, method=GET}
15:53:24.851 [pool-48-thread-1] INFO tourGuide.service.TourGuideService - visitedLocatio tourGuide.gpsUtil.VisitedLocation@3affe793
15:53:24.851 [reactor-http-nio-41] DEBUG reactor.netty.resources.PooledConnectionProvider - [id: 0xe144b806, L:/127.0.0.1:51710 - R:localhost/127.0.0.1:8083] onStateChange(GET{uri=/attractions, connection=PooledConnection{channel=[id: 0xe144b806, L:/127.0.0.1:51710 - R:localhost/127.0.0.1:8083]}}, [request_sent])
15:53:24.851 [reactor-http-nio-48] DEBUG reactor.netty.resources.PooledConnectionProvider - [id: 0x4cd11612, L:/127.0.0.1:51971 - R:localhost/127.0.0.1:8083] Channel acquired, now 61 active connections and 240 inactive connections
15:53:24.851 [pool-48-thread-1] DEBUG org.springframework.web.reactive.function.client.ExchangeFunctions - [3ec07414] HTTP GET http://localhost:8083/attractions
15:53:24.851 [reactor-http-nio-48] DEBUG reactor.netty.http.client.HttpClientConnect - [id: 0x4cd11612, L:/127.0.0.1:51971 - R:localhost/127.0.0.1:8083] Handler is being applied: {uri=http://localhost:8083/attractions, method=GET}
15:53:24.851 [pool-48-thread-61] DEBUG org.springframework.web.reactive.function.client.ExchangeFunctions - [790e5125] HTTP GET http://localhost:8083/userLocation?userId=494aea50-05cd-4407-98a1-0450b11bb00d
15:53:24.853 [reactor-http-nio-48] DEBUG reactor.netty.resources.PooledConnectionProvider - [id: 0x4cd11612, L:/127.0.0.1:51971 - R:localhost/127.0.0.1:8083] onStateChange(GET{uri=/attractions, connection=PooledConnection{channel=[id: 0x4cd11612, L:/127.0.0.1:51971 - R:localhost/127.0.0.1:8083]}}, [request_sent])
15:53:24.854 [reactor-http-nio-47] DEBUG reactor.netty.resources.PooledConnectionProvider - [id: 0xe671b81a, L:/127.0.0.1:51698 - R:localhost/127.0.0.1:8083] Channel acquired, now 62 active connections and 239 inactive connections
15:53:24.854 [reactor-http-nio-47] DEBUG reactor.netty.http.client.HttpClientConnect - [id: 0xe671b81a, L:/127.0.0.1:51698 - R:localhost/127.0.0.1:8083] Handler is being applied: {uri=http://localhost:8083/attractions, method=GET}
15:53:24.854 [reactor-http-nio-48] DEBUG reactor.netty.resources.PooledConnectionProvider - [id: 0xb526d959, L:/127.0.0.1:51902 - R:localhost/127.0.0.1:8083] Channel acquired, now 63 active connections and 238 inactive connections
15:53:24.855 [reactor-http-nio-48] DEBUG reactor.netty.http.client.HttpClientConnect - [id: 0xb526d959, L:/127.0.0.1:51902 - R:localhost/127.0.0.1:8083] Handler is being applied: {uri=http://localhost:8083/userLocation?userId=494aea50-05cd-4407-98a1-0450b11bb00d, method=GET}
15:53:24.855 [reactor-http-nio-47] DEBUG reactor.netty.resources.PooledConnectionProvider - [id: 0xe671b81a, L:/127.0.0.1:51698 - R:localhost/127.0.0.1:8083] onStateChange(GET{uri=/attractions, connection=PooledConnection{channel=[id: 0xe671b81a, L:/127.0.0.1:51698 - R:localhost/127.0.0.1:8083]}}, [request_sent])
15:53:24.855 [pool-48-thread-64] DEBUG org.springframework.web.reactive.function.client.ExchangeFunctions - [c5c6292] HTTP GET http://localhost:8083/userLocation?userId=7c45c089-7a0c-4525-8a5c-d46a4230fefd
15:53:24.855 [reactor-http-nio-48] DEBUG reactor.netty.resources.PooledConnectionProvider - [id: 0xb526d959, L:/127.0.0.1:51902 - R:localhost/127.0.0.1:8083] onStateChange(GET{uri=/userLocation?userId=494aea50-05cd-4407-98a1-0450b11bb00d, connection=PooledConnection{channel=[id: 0xb526d959, L:/127.0.0.1:51902 - R:localhost/127.0.0.1:8083]}}, [request_sent])
15:53:24.856 [reactor-http-nio-48] DEBUG reactor.netty.resources.PooledConnectionProvider - [id: 0x3ef135e7, L:/127.0.0.1:51977 - R:localhost/127.0.0.1:8083] Channel acquired, now 64 active connections and 237 inactive connections
15:53:24.856 [reactor-http-nio-48] DEBUG reactor.netty.http.client.HttpClientConnect - [id: 0x3ef135e7, L:/127.0.0.1:51977 - R:localhost/127.0.0.1:8083] Handler is being applied: {uri=http://localhost:8083/userLocation?userId=7c45c089-7a0c-4525-8a5c-d46a4230fefd, method=GET}
15:53:24.856 [pool-48-thread-65] DEBUG org.springframework.web.reactive.function.client.ExchangeFunctions - [43f9472d] HTTP GET http://localhost:8083/userLocation?userId=f4248a65-f83a-4b91-b3e6-f3c9efc1d630
15:53:24.856 [reactor-http-nio-48] DEBUG reactor.netty.resources.PooledConnectionProvider - [id: 0x3ef135e7, L:/127.0.0.1:51977 - R:localhost/127.0.0.1:8083] onStateChange(GET{uri=/userLocation?userId=7c45c089-7a0c-4525-8a5c-d46a4230fefd, connection=PooledConnection{channel=[id: 0x3ef135e7, L:/127.0.0.1:51977 - R:localhost/127.0.0.1:8083]}}, [request_sent])
15:53:24.857 [pool-48-thread-63] DEBUG org.springframework.web.reactive.function.client.ExchangeFunctions - [6267ddaa] HTTP GET http://localhost:8083/userLocation?userId=daab29dc-8f99-437a-ab04-705ff1ef55a1
15:53:24.858 [reactor-http-nio-46] DEBUG reactor.netty.resources.PooledConnectionProvider - [id: 0x9443a469, L:/127.0.0.1:51952 - R:localhost/127.0.0.1:8083] Channel acquired, now 65 active connections and 236 inactive connections
15:53:24.858 [reactor-http-nio-41] DEBUG reactor.netty.http.client.HttpClientOperations - [id: 0xc8430281, L:/127.0.0.1:51729 - R:localhost/127.0.0.1:8083] Received response (auto-read:false) : [Content-Type=application/json, Transfer-Encoding=chunked, Date=Wed, 15 Jun 2022 14:53:24 GMT]
15:53:24.858 [reactor-http-nio-41] DEBUG reactor.netty.resources.PooledConnectionProvider - [id: 0xc8430281, L:/127.0.0.1:51729 - R:localhost/127.0.0.1:8083] onStateChange(GET{uri=/userLocation?userId=284ab734-8a1f-489d-bf62-2289ea049be6, connection=PooledConnection{channel=[id: 0xc8430281, L:/127.0.0.1:51729 - R:localhost/127.0.0.1:8083]}}, [response_received])
15:53:24.858 [reactor-http-nio-46] DEBUG reactor.netty.http.client.HttpClientConnect - [id: 0x9443a469, L:/127.0.0.1:51952 - R:localhost/127.0.0.1:8083] Handler is being applied: {uri=http://localhost:8083/userLocation?userId=f4248a65-f83a-4b91-b3e6-f3c9efc1d630, method=GET}
15:53:24.858 [reactor-http-nio-41] DEBUG org.springframework.web.reactive.function.client.ExchangeFunctions - [461e80f6] Response 200 OK
15:53:24.858 [reactor-http-nio-41] DEBUG reactor.netty.channel.FluxReceive - [id: 0xc8430281, L:/127.0.0.1:51729 - R:localhost/127.0.0.1:8083] Subscribing inbound receiver [pending: 0, cancelled:false, inboundDone: false]
15:53:24.859 [reactor-http-nio-46] DEBUG reactor.netty.resources.PooledConnectionProvider - [id: 0x9443a469, L:/127.0.0.1:51952 - R:localhost/127.0.0.1:8083] onStateChange(GET{uri=/userLocation?userId=f4248a65-f83a-4b91-b3e6-f3c9efc1d630, connection=PooledConnection{channel=[id: 0x9443a469, L:/127.0.0.1:51952 - R:localhost/127.0.0.1:8083]}}, [request_sent])
15:53:24.859 [reactor-http-nio-41] DEBUG reactor.netty.http.client.HttpClientOperations - [id: 0xc8430281, L:/127.0.0.1:51729 - R:localhost/127.0.0.1:8083] Received last HTTP packet
15:53:24.859 [reactor-http-nio-41] DEBUG org.springframework.core.codec.StringDecoder - [461e80f6] Decoded "{"userId":"284ab734-8a1f-489d-bf62-2289ea049be6","location":{"longitude":-72.856097,"latitude":-61. (truncated)...
15:53:24.859 [reactor-http-nio-41] DEBUG reactor.netty.resources.PooledConnectionProvider - [id: 0xc8430281, L:/127.0.0.1:51729 - R:localhost/127.0.0.1:8083] onStateChange(GET{uri=/userLocation?userId=284ab734-8a1f-489d-bf62-2289ea049be6, connection=PooledConnection{channel=[id: 0xc8430281, L:/127.0.0.1:51729 - R:localhost/127.0.0.1:8083]}}, [disconnecting])
15:53:24.859 [reactor-http-nio-41] DEBUG reactor.netty.resources.PooledConnectionProvider - [id: 0xc8430281, L:/127.0.0.1:51729 - R:localhost/127.0.0.1:8083] Releasing channel
15:53:24.860 [reactor-http-nio-41] DEBUG reactor.netty.resources.PooledConnectionProvider - [id: 0xc8430281, L:/127.0.0.1:51729 - R:localhost/127.0.0.1:8083] Channel cleaned, now 64 active connections and 237 inactive connections
15:53:24.860 [reactor-http-nio-47] DEBUG reactor.netty.resources.PooledConnectionProvider - [id: 0x5f2155e6, L:/127.0.0.1:51846 - R:localhost/127.0.0.1:8083] Channel acquired, now 65 active connections and 236 inactive connections
15:53:24.860 [reactor-http-nio-47] DEBUG reactor.netty.http.client.HttpClientConnect - [id: 0x5f2155e6, L:/127.0.0.1:51846 - R:localhost/127.0.0.1:8083] Handler is being applied: {uri=http://localhost:8083/userLocation?userId=daab29dc-8f99-437a-ab04-705ff1ef55a1, method=GET}
15:53:24.860 [reactor-http-nio-46] DEBUG reactor.netty.http.client.HttpClientOperations - [id: 0x6dee6723, L:/127.0.0.1:51807 - R:localhost/127.0.0.1:8083] Received response (auto-read:false) : [Content-Type=application/json, Transfer-Encoding=chunked, Date=Wed, 15 Jun 2022 14:53:24 GMT]
15:53:24.860 [reactor-http-nio-46] DEBUG reactor.netty.resources.PooledConnectionProvider - [id: 0x6dee6723, L:/127.0.0.1:51807 - R:localhost/127.0.0.1:8083] onStateChange(GET{uri=/userLocation?userId=2d9df6a8-7485-4a3f-997c-d1fec6ffdebd, connection=PooledConnection{channel=[id: 0x6dee6723, L:/127.0.0.1:51807 - R:localhost/127.0.0.1:8083]}}, [response_received])
15:53:24.860 [reactor-http-nio-46] DEBUG org.springframework.web.reactive.function.client.ExchangeFunctions - [6833ce0c] Response 200 OK
15:53:24.860 [reactor-http-nio-41] DEBUG reactor.netty.http.client.HttpClientOperations - [id: 0xb6e13b25, L:/127.0.0.1:51714 - R:localhost/127.0.0.1:8083] Received response (auto-read:false) : [Content-Type=application/json, Transfer-Encoding=chunked, Date=Wed, 15 Jun 2022 14:53:24 GMT]
15:53:24.860 [reactor-http-nio-41] DEBUG reactor.netty.resources.PooledConnectionProvider - [id: 0xb6e13b25, L:/127.0.0.1:51714 - R:localhost/127.0.0.1:8083] onStateChange(GET{uri=/userLocation?userId=6c712f73-7763-41b3-bc53-3ec350839beb, connection=PooledConnection{channel=[id: 0xb6e13b25, L:/127.0.0.1:51714 - R:localhost/127.0.0.1:8083]}}, [response_received])
15:53:24.860 [reactor-http-nio-41] DEBUG org.springframework.web.reactive.function.client.ExchangeFunctions - [378c45b2] Response 200 OK
15:53:24.860 [reactor-http-nio-47] DEBUG reactor.netty.resources.PooledConnectionProvider - [id: 0x5f2155e6, L:/127.0.0.1:51846 - R:localhost/127.0.0.1:8083] onStateChange(GET{uri=/userLocation?userId=daab29dc-8f99-437a-ab04-705ff1ef55a1, connection=PooledConnection{channel=[id: 0x5f2155e6, L:/127.0.0.1:51846 - R:localhost/127.0.0.1:8083]}}, [request_sent])
15:53:24.860 [reactor-http-nio-46] DEBUG reactor.netty.channel.FluxReceive - [id: 0x6dee6723, L:/127.0.0.1:51807 - R:localhost/127.0.0.1:8083] Subscribing inbound receiver [pending: 0, cancelled:false, inboundDone: false]
15:53:24.860 [reactor-http-nio-41] DEBUG reactor.netty.channel.FluxReceive - [id: 0xb6e13b25, L:/127.0.0.1:51714 - R:localhost/127.0.0.1:8083] Subscribing inbound receiver [pending: 0, cancelled:false, inboundDone: false]
15:53:24.860 [reactor-http-nio-46] DEBUG reactor.netty.http.client.HttpClientOperations - [id: 0x6dee6723, L:/127.0.0.1:51807 - R:localhost/127.0.0.1:8083] Received last HTTP packet
15:53:24.860 [reactor-http-nio-46] DEBUG org.springframework.core.codec.StringDecoder - [6833ce0c] Decoded "{"userId":"2d9df6a8-7485-4a3f-997c-d1fec6ffdebd","location":{"longitude":-15.204659,"latitude":4.53 (truncated)...
15:53:24.860 [reactor-http-nio-46] DEBUG reactor.netty.resources.PooledConnectionProvider - [id: 0x6dee6723, L:/127.0.0.1:51807 - R:localhost/127.0.0.1:8083] onStateChange(GET{uri=/userLocation?userId=2d9df6a8-7485-4a3f-997c-d1fec6ffdebd, connection=PooledConnection{channel=[id: 0x6dee6723, L:/127.0.0.1:51807 - R:localhost/127.0.0.1:8083]}}, [disconnecting])
15:53:24.860 [reactor-http-nio-46] DEBUG reactor.netty.resources.PooledConnectionProvider - [id: 0x6dee6723, L:/127.0.0.1:51807 - R:localhost/127.0.0.1:8083] Releasing channel
15:53:24.860 [reactor-http-nio-46] DEBUG reactor.netty.resources.PooledConnectionProvider - [id: 0x6dee6723, L:/127.0.0.1:51807 - R:localhost/127.0.0.1:8083] Channel cleaned, now 64 active connections and 237 inactive connections
15:53:24.861 [pool-48-thread-14] INFO tourGuide.service.TourGuideService - visitedLocatio tourGuide.gpsUtil.VisitedLocation@48d97645
15:53:24.861 [pool-48-thread-22] INFO tourGuide.service.TourGuideService - visitedLocatio tourGuide.gpsUtil.VisitedLocation@66f43d7a
15:53:24.861 [pool-48-thread-14] DEBUG org.springframework.web.reactive.function.client.ExchangeFunctions - [4ce6eb86] HTTP GET http://localhost:8083/attractions
15:53:24.861 [pool-48-thread-22] DEBUG org.springframework.web.reactive.function.client.ExchangeFunctions - [62cba57c] HTTP GET http://localhost:8083/attractions
15:53:24.861 [reactor-http-nio-41] DEBUG reactor.netty.http.client.HttpClientOperations - [id: 0xb6e13b25, L:/127.0.0.1:51714 - R:localhost/127.0.0.1:8083] Received last HTTP packet
15:53:24.861 [reactor-http-nio-41] DEBUG org.springframework.core.codec.StringDecoder - [378c45b2] Decoded "{"userId":"6c712f73-7763-41b3-bc53-3ec350839beb","location":{"longitude":-31.224584,"latitude":51.7 (truncated)...
15:53:24.861 [reactor-http-nio-41] DEBUG reactor.netty.resources.PooledConnectionProvider - [id: 0xb6e13b25, L:/127.0.0.1:51714 - R:localhost/127.0.0.1:8083] onStateChange(GET{uri=/userLocation?userId=6c712f73-7763-41b3-bc53-3ec350839beb, connection=PooledConnection{channel=[id: 0xb6e13b25, L:/127.0.0.1:51714 - R:localhost/127.0.0.1:8083]}}, [disconnecting])
15:53:24.861 [reactor-http-nio-41] DEBUG reactor.netty.resources.PooledConnectionProvider - [id: 0xb6e13b25, L:/127.0.0.1:51714 - R:localhost/127.0.0.1:8083] Releasing channel
15:53:24.861 [reactor-http-nio-41] DEBUG reactor.netty.resources.PooledConnectionProvider - [id: 0xb6e13b25, L:/127.0.0.1:51714 - R:localhost/127.0.0.1:8083] Channel cleaned, now 63 active connections and 238 inactive connections
15:53:24.862 [reactor-http-nio-46] DEBUG reactor.netty.resources.PooledConnectionProvider - [id: 0x5362fcb1, L:/127.0.0.1:51798 - R:localhost/127.0.0.1:8083] Channel acquired, now 64 active connections and 237 inactive connections
15:53:24.862 [reactor-http-nio-46] DEBUG reactor.netty.http.client.HttpClientConnect - [id: 0x5362fcb1, L:/127.0.0.1:51798 - R:localhost/127.0.0.1:8083] Handler is being applied: {uri=http://localhost:8083/attractions, method=GET}
15:53:24.862 [reactor-http-nio-46] DEBUG reactor.netty.resources.PooledConnectionProvider - [id: 0x5362fcb1, L:/127.0.0.1:51798 - R:localhost/127.0.0.1:8083] onStateChange(GET{uri=/attractions, connection=PooledConnection{channel=[id: 0x5362fcb1, L:/127.0.0.1:51798 - R:localhost/127.0.0.1:8083]}}, [request_sent])
15:53:24.862 [pool-48-thread-9] INFO tourGuide.service.TourGuideService - visitedLocatio tourGuide.gpsUtil.VisitedLocation@394bad33
15:53:24.862 [reactor-http-nio-48] DEBUG reactor.netty.resources.PooledConnectionProvider - [id: 0x83b452e2, L:/127.0.0.1:51932 - R:localhost/127.0.0.1:8083] Channel acquired, now 65 active connections and 236 inactive connections
15:53:24.862 [reactor-http-nio-48] DEBUG reactor.netty.http.client.HttpClientConnect - [id: 0x83b452e2, L:/127.0.0.1:51932 - R:localhost/127.0.0.1:8083] Handler is being applied: {uri=http://localhost:8083/attractions, method=GET}
15:53:24.863 [pool-48-thread-9] DEBUG org.springframework.web.reactive.function.client.ExchangeFunctions - [3d742ec2] HTTP GET http://localhost:8083/attractions
15:53:24.863 [reactor-http-nio-48] DEBUG reactor.netty.resources.PooledConnectionProvider - [id: 0x83b452e2, L:/127.0.0.1:51932 - R:localhost/127.0.0.1:8083] onStateChange(GET{uri=/attractions, connection=PooledConnection{channel=[id: 0x83b452e2, L:/127.0.0.1:51932 - R:localhost/127.0.0.1:8083]}}, [request_sent])
15:53:24.863 [reactor-http-nio-41] DEBUG reactor.netty.http.client.HttpClientOperations - [id: 0x6edbd1c1, L:/127.0.0.1:51716 - R:localhost/127.0.0.1:8083] Received response (auto-read:false) : [Content-Type=application/json, Transfer-Encoding=chunked, Date=Wed, 15 Jun 2022 14:53:24 GMT]
15:53:24.863 [reactor-http-nio-41] DEBUG reactor.netty.resources.PooledConnectionProvider - [id: 0x6edbd1c1, L:/127.0.0.1:51716 - R:localhost/127.0.0.1:8083] onStateChange(GET{uri=/userLocation?userId=29122fe8-13a2-4344-afc3-d11f3cd0a9fd, connection=PooledConnection{channel=[id: 0x6edbd1c1, L:/127.0.0.1:51716 - R:localhost/127.0.0.1:8083]}}, [response_received])
15:53:24.863 [reactor-http-nio-41] DEBUG org.springframework.web.reactive.function.client.ExchangeFunctions - [259f32ff] Response 200 OK
15:53:24.863 [reactor-http-nio-48] DEBUG reactor.netty.http.client.HttpClientOperations - [id: 0xa4f115eb, L:/127.0.0.1:51704 - R:localhost/127.0.0.1:8083] Received response (auto-read:false) : [Content-Type=application/json, Transfer-Encoding=chunked, Date=Wed, 15 Jun 2022 14:53:24 GMT]
15:53:24.863 [reactor-http-nio-48] DEBUG reactor.netty.resources.PooledConnectionProvider - [id: 0xa4f115eb, L:/127.0.0.1:51704 - R:localhost/127.0.0.1:8083] onStateChange(GET{uri=/userLocation?userId=d8164556-6466-48c8-814b-3c0c60841c2e, connection=PooledConnection{channel=[id: 0xa4f115eb, L:/127.0.0.1:51704 - R:localhost/127.0.0.1:8083]}}, [response_received])
15:53:24.864 [reactor-http-nio-41] DEBUG reactor.netty.channel.FluxReceive - [id: 0x6edbd1c1, L:/127.0.0.1:51716 - R:localhost/127.0.0.1:8083] Subscribing inbound receiver [pending: 0, cancelled:false, inboundDone: false]
15:53:24.864 [reactor-http-nio-48] DEBUG org.springframework.web.reactive.function.client.ExchangeFunctions - [1cdceeea] Response 200 OK
15:53:24.864 [reactor-http-nio-48] DEBUG reactor.netty.channel.FluxReceive - [id: 0xa4f115eb, L:/127.0.0.1:51704 - R:localhost/127.0.0.1:8083] Subscribing inbound receiver [pending: 0, cancelled:false, inboundDone: false]
15:53:24.864 [reactor-http-nio-48] DEBUG reactor.netty.http.client.HttpClientOperations - [id: 0xa4f115eb, L:/127.0.0.1:51704 - R:localhost/127.0.0.1:8083] Received last HTTP packet
15:53:24.864 [reactor-http-nio-41] DEBUG reactor.netty.http.client.HttpClientOperations - [id: 0x6edbd1c1, L:/127.0.0.1:51716 - R:localhost/127.0.0.1:8083] Received last HTTP packet
15:53:24.864 [reactor-http-nio-47] DEBUG reactor.netty.http.client.HttpClientOperations - [id: 0x015d237e, L:/127.0.0.1:51835 - R:localhost/127.0.0.1:8083] Received response (auto-read:false) : [Content-Type=application/json, Transfer-Encoding=chunked, Date=Wed, 15 Jun 2022 14:53:24 GMT]
15:53:24.864 [reactor-http-nio-48] DEBUG org.springframework.core.codec.StringDecoder - [1cdceeea] Decoded "{"userId":"d8164556-6466-48c8-814b-3c0c60841c2e","location":{"longitude":-148.343667,"latitude":46. (truncated)...
15:53:24.864 [reactor-http-nio-41] DEBUG org.springframework.core.codec.StringDecoder - [259f32ff] Decoded "{"userId":"29122fe8-13a2-4344-afc3-d11f3cd0a9fd","location":{"longitude":-58.934066,"latitude":-73. (truncated)...
15:53:24.864 [reactor-http-nio-47] DEBUG reactor.netty.resources.PooledConnectionProvider - [id: 0x015d237e, L:/127.0.0.1:51835 - R:localhost/127.0.0.1:8083] onStateChange(GET{uri=/userLocation?userId=4e47a9b8-cf41-4df7-b24e-cd507fdd29ac, connection=PooledConnection{channel=[id: 0x015d237e, L:/127.0.0.1:51835 - R:localhost/127.0.0.1:8083]}}, [response_received])
15:53:24.864 [reactor-http-nio-48] DEBUG reactor.netty.resources.PooledConnectionProvider - [id: 0xa4f115eb, L:/127.0.0.1:51704 - R:localhost/127.0.0.1:8083] onStateChange(GET{uri=/userLocation?userId=d8164556-6466-48c8-814b-3c0c60841c2e, connection=PooledConnection{channel=[id: 0xa4f115eb, L:/127.0.0.1:51704 - R:localhost/127.0.0.1:8083]}}, [disconnecting])
15:53:24.864 [reactor-http-nio-41] DEBUG reactor.netty.resources.PooledConnectionProvider - [id: 0x6edbd1c1, L:/127.0.0.1:51716 - R:localhost/127.0.0.1:8083] onStateChange(GET{uri=/userLocation?userId=29122fe8-13a2-4344-afc3-d11f3cd0a9fd, connection=PooledConnection{channel=[id: 0x6edbd1c1, L:/127.0.0.1:51716 - R:localhost/127.0.0.1:8083]}}, [disconnecting])
15:53:24.865 [reactor-http-nio-41] DEBUG reactor.netty.resources.PooledConnectionProvider - [id: 0x6edbd1c1, L:/127.0.0.1:51716 - R:localhost/127.0.0.1:8083] Releasing channel
15:53:24.865 [reactor-http-nio-41] DEBUG reactor.netty.resources.PooledConnectionProvider - [id: 0x6edbd1c1, L:/127.0.0.1:51716 - R:localhost/127.0.0.1:8083] Channel cleaned, now 64 active connections and 237 inactive connections
15:53:24.865 [reactor-http-nio-47] DEBUG org.springframework.web.reactive.function.client.ExchangeFunctions - [d25a627] Response 200 OK
15:53:24.865 [reactor-http-nio-48] DEBUG reactor.netty.resources.PooledConnectionProvider - [id: 0xa4f115eb, L:/127.0.0.1:51704 - R:localhost/127.0.0.1:8083] Releasing channel
15:53:24.865 [reactor-http-nio-48] DEBUG reactor.netty.resources.PooledConnectionProvider - [id: 0xa4f115eb, L:/127.0.0.1:51704 - R:localhost/127.0.0.1:8083] Channel cleaned, now 63 active connections and 238 inactive connections
15:53:24.865 [reactor-http-nio-47] DEBUG reactor.netty.channel.FluxReceive - [id: 0x015d237e, L:/127.0.0.1:51835 - R:localhost/127.0.0.1:8083] Subscribing inbound receiver [pending: 0, cancelled:false, inboundDone: false]
15:53:24.865 [reactor-http-nio-47] DEBUG reactor.netty.http.client.HttpClientOperations - [id: 0x015d237e, L:/127.0.0.1:51835 - R:localhost/127.0.0.1:8083] Received last HTTP packet
15:53:24.865 [reactor-http-nio-47] DEBUG org.springframework.core.codec.StringDecoder - [d25a627] Decoded "{"userId":"4e47a9b8-cf41-4df7-b24e-cd507fdd29ac","location":{"longitude":-82.058805,"latitude":0.60 (truncated)...
15:53:24.865 [reactor-http-nio-47] DEBUG reactor.netty.resources.PooledConnectionProvider - [id: 0x015d237e, L:/127.0.0.1:51835 - R:localhost/127.0.0.1:8083] onStateChange(GET{uri=/userLocation?userId=4e47a9b8-cf41-4df7-b24e-cd507fdd29ac, connection=PooledConnection{channel=[id: 0x015d237e, L:/127.0.0.1:51835 - R:localhost/127.0.0.1:8083]}}, [disconnecting])
15:53:24.865 [reactor-http-nio-47] DEBUG reactor.netty.resources.PooledConnectionProvider - [id: 0x015d237e, L:/127.0.0.1:51835 - R:localhost/127.0.0.1:8083] Releasing channel
15:53:24.865 [reactor-http-nio-47] DEBUG reactor.netty.resources.PooledConnectionProvider - [id: 0x015d237e, L:/127.0.0.1:51835 - R:localhost/127.0.0.1:8083] Channel cleaned, now 62 active connections and 239 inactive connections
15:53:24.865 [reactor-http-nio-48] DEBUG reactor.netty.resources.PooledConnectionProvider - [id: 0x14c7d32e, L:/127.0.0.1:51953 - R:localhost/127.0.0.1:8083] Channel acquired, now 63 active connections and 238 inactive connections
15:53:24.865 [pool-48-thread-10] INFO tourGuide.service.TourGuideService - visitedLocatio tourGuide.gpsUtil.VisitedLocation@2b58c83c
15:53:24.865 [reactor-http-nio-48] DEBUG reactor.netty.http.client.HttpClientConnect - [id: 0x14c7d32e, L:/127.0.0.1:51953 - R:localhost/127.0.0.1:8083] Handler is being applied: {uri=http://localhost:8083/attractions, method=GET}
15:53:24.865 [pool-48-thread-5] INFO tourGuide.service.TourGuideService - visitedLocatio tourGuide.gpsUtil.VisitedLocation@121b1301
15:53:24.866 [pool-48-thread-10] DEBUG org.springframework.web.reactive.function.client.ExchangeFunctions - [2f67598f] HTTP GET http://localhost:8083/attractions
15:53:24.866 [pool-48-thread-5] DEBUG org.springframework.web.reactive.function.client.ExchangeFunctions - [1624859a] HTTP GET http://localhost:8083/attractions
15:53:24.866 [reactor-http-nio-48] DEBUG reactor.netty.resources.PooledConnectionProvider - [id: 0x14c7d32e, L:/127.0.0.1:51953 - R:localhost/127.0.0.1:8083] onStateChange(GET{uri=/attractions, connection=PooledConnection{channel=[id: 0x14c7d32e, L:/127.0.0.1:51953 - R:localhost/127.0.0.1:8083]}}, [request_sent])
15:53:24.867 [pool-48-thread-8] INFO tourGuide.service.TourGuideService - visitedLocatio tourGuide.gpsUtil.VisitedLocation@3e259f3
15:53:24.867 [pool-48-thread-8] DEBUG org.springframework.web.reactive.function.client.ExchangeFunctions - [7ddcd57] HTTP GET http://localhost:8083/attractions
15:53:24.867 [reactor-http-nio-46] DEBUG reactor.netty.resources.PooledConnectionProvider - [id: 0xdb79907c, L:/127.0.0.1:51947 - R:localhost/127.0.0.1:8083] Channel acquired, now 64 active connections and 237 inactive connections
15:53:24.867 [reactor-http-nio-46] DEBUG reactor.netty.http.client.HttpClientConnect - [id: 0xdb79907c, L:/127.0.0.1:51947 - R:localhost/127.0.0.1:8083] Handler is being applied: {uri=http://localhost:8083/attractions, method=GET}
15:53:24.868 [reactor-http-nio-46] DEBUG reactor.netty.resources.PooledConnectionProvider - [id: 0xdb79907c, L:/127.0.0.1:51947 - R:localhost/127.0.0.1:8083] onStateChange(GET{uri=/attractions, connection=PooledConnection{channel=[id: 0xdb79907c, L:/127.0.0.1:51947 - R:localhost/127.0.0.1:8083]}}, [request_sent])
15:53:24.869 [reactor-http-nio-41] DEBUG reactor.netty.resources.PooledConnectionProvider - [id: 0x363ce47f, L:/127.0.0.1:51925 - R:localhost/127.0.0.1:8083] Channel acquired, now 65 active connections and 236 inactive connections
15:53:24.869 [reactor-http-nio-41] DEBUG reactor.netty.http.client.HttpClientConnect - [id: 0x363ce47f, L:/127.0.0.1:51925 - R:localhost/127.0.0.1:8083] Handler is being applied: {uri=http://localhost:8083/attractions, method=GET}
15:53:24.869 [reactor-http-nio-41] DEBUG reactor.netty.resources.PooledConnectionProvider - [id: 0x363ce47f, L:/127.0.0.1:51925 - R:localhost/127.0.0.1:8083] onStateChange(GET{uri=/attractions, connection=PooledConnection{channel=[id: 0x363ce47f, L:/127.0.0.1:51925 - R:localhost/127.0.0.1:8083]}}, [request_sent])
15:53:24.869 [reactor-http-nio-41] DEBUG reactor.netty.resources.PooledConnectionProvider - [id: 0x38682cba, L:/127.0.0.1:51715 - R:localhost/127.0.0.1:8083] Channel acquired, now 66 active connections and 235 inactive connections
15:53:24.869 [reactor-http-nio-41] DEBUG reactor.netty.http.client.HttpClientConnect - [id: 0x38682cba, L:/127.0.0.1:51715 - R:localhost/127.0.0.1:8083] Handler is being applied: {uri=http://localhost:8083/attractions, method=GET}
15:53:24.870 [reactor-http-nio-41] DEBUG reactor.netty.resources.PooledConnectionProvider - [id: 0x38682cba, L:/127.0.0.1:51715 - R:localhost/127.0.0.1:8083] onStateChange(GET{uri=/attractions, connection=PooledConnection{channel=[id: 0x38682cba, L:/127.0.0.1:51715 - R:localhost/127.0.0.1:8083]}}, [request_sent])
15:53:24.870 [pool-48-thread-67] DEBUG org.springframework.web.reactive.function.client.ExchangeFunctions - [71ca6301] HTTP GET http://localhost:8083/userLocation?userId=3fbc5b40-626c-4087-b89a-ef6a8ad90251
15:53:24.870 [pool-48-thread-66] DEBUG org.springframework.web.reactive.function.client.ExchangeFunctions - [39eba4b] HTTP GET http://localhost:8083/userLocation?userId=47543226-048f-4907-9d8a-83be43ca4e87
15:53:24.872 [reactor-http-nio-48] DEBUG reactor.netty.resources.PooledConnectionProvider - [id: 0xcdbdd5a5, L:/127.0.0.1:51946 - R:localhost/127.0.0.1:8083] Channel acquired, now 67 active connections and 234 inactive connections
15:53:24.872 [reactor-http-nio-48] DEBUG reactor.netty.http.client.HttpClientConnect - [id: 0xcdbdd5a5, L:/127.0.0.1:51946 - R:localhost/127.0.0.1:8083] Handler is being applied: {uri=http://localhost:8083/userLocation?userId=3fbc5b40-626c-4087-b89a-ef6a8ad90251, method=GET}
15:53:24.872 [reactor-http-nio-48] DEBUG reactor.netty.resources.PooledConnectionProvider - [id: 0xcdbdd5a5, L:/127.0.0.1:51946 - R:localhost/127.0.0.1:8083] onStateChange(GET{uri=/userLocation?userId=3fbc5b40-626c-4087-b89a-ef6a8ad90251, connection=PooledConnection{channel=[id: 0xcdbdd5a5, L:/127.0.0.1:51946 - R:localhost/127.0.0.1:8083]}}, [request_sent])
15:53:24.873 [reactor-http-nio-46] DEBUG reactor.netty.resources.PooledConnectionProvider - [id: 0xca7f278b, L:/127.0.0.1:51829 - R:localhost/127.0.0.1:8083] Channel acquired, now 68 active connections and 233 inactive connections
15:53:24.873 [reactor-http-nio-46] DEBUG reactor.netty.http.client.HttpClientConnect - [id: 0xca7f278b, L:/127.0.0.1:51829 - R:localhost/127.0.0.1:8083] Handler is being applied: {uri=http://localhost:8083/userLocation?userId=47543226-048f-4907-9d8a-83be43ca4e87, method=GET}
15:53:24.873 [reactor-http-nio-46] DEBUG reactor.netty.resources.PooledConnectionProvider - [id: 0xca7f278b, L:/127.0.0.1:51829 - R:localhost/127.0.0.1:8083] onStateChange(GET{uri=/userLocation?userId=47543226-048f-4907-9d8a-83be43ca4e87, connection=PooledConnection{channel=[id: 0xca7f278b, L:/127.0.0.1:51829 - R:localhost/127.0.0.1:8083]}}, [request_sent])
15:53:24.877 [pool-48-thread-68] DEBUG org.springframework.web.reactive.function.client.ExchangeFunctions - [42577289] HTTP GET http://localhost:8083/userLocation?userId=97c32057-084e-4a41-a72a-4926aa138304
15:53:24.877 [pool-48-thread-69] DEBUG org.springframework.web.reactive.function.client.ExchangeFunctions - [6430975b] HTTP GET http://localhost:8083/userLocation?userId=3dc61270-9769-4fc1-a0f8-92247ce25876
15:53:24.879 [pool-48-thread-71] DEBUG org.springframework.web.reactive.function.client.ExchangeFunctions - [5f9337f] HTTP GET http://localhost:8083/userLocation?userId=7052517d-6e15-468a-8fbf-274004732e41
15:53:24.879 [pool-48-thread-70] DEBUG org.springframework.web.reactive.function.client.ExchangeFunctions - [643a6f2a] HTTP GET http://localhost:8083/userLocation?userId=f059031c-90a8-4b30-a316-fee7839b2445
15:53:24.880 [reactor-http-nio-46] DEBUG reactor.netty.resources.PooledConnectionProvider - [id: 0xbc334cd2, L:/127.0.0.1:51936 - R:localhost/127.0.0.1:8083] Channel acquired, now 69 active connections and 232 inactive connections
15:53:24.880 [reactor-http-nio-46] DEBUG reactor.netty.http.client.HttpClientConnect - [id: 0xbc334cd2, L:/127.0.0.1:51936 - R:localhost/127.0.0.1:8083] Handler is being applied: {uri=http://localhost:8083/userLocation?userId=97c32057-084e-4a41-a72a-4926aa138304, method=GET}
15:53:24.880 [reactor-http-nio-46] DEBUG reactor.netty.resources.PooledConnectionProvider - [id: 0xbc334cd2, L:/127.0.0.1:51936 - R:localhost/127.0.0.1:8083] onStateChange(GET{uri=/userLocation?userId=97c32057-084e-4a41-a72a-4926aa138304, connection=PooledConnection{channel=[id: 0xbc334cd2, L:/127.0.0.1:51936 - R:localhost/127.0.0.1:8083]}}, [request_sent])
15:53:24.880 [reactor-http-nio-48] DEBUG reactor.netty.resources.PooledConnectionProvider - [id: 0xa3c72883, L:/127.0.0.1:51976 - R:localhost/127.0.0.1:8083] Channel acquired, now 70 active connections and 231 inactive connections
15:53:24.881 [reactor-http-nio-48] DEBUG reactor.netty.http.client.HttpClientConnect - [id: 0xa3c72883, L:/127.0.0.1:51976 - R:localhost/127.0.0.1:8083] Handler is being applied: {uri=http://localhost:8083/userLocation?userId=f059031c-90a8-4b30-a316-fee7839b2445, method=GET}
15:53:24.881 [pool-48-thread-72] DEBUG org.springframework.web.reactive.function.client.ExchangeFunctions - [2a2bc4d3] HTTP GET http://localhost:8083/userLocation?userId=e3e45d99-083a-4ddd-b8ff-2ee4a99d13a7
15:53:24.881 [reactor-http-nio-47] DEBUG reactor.netty.resources.PooledConnectionProvider - [id: 0x55d1ef56, L:/127.0.0.1:51877 - R:localhost/127.0.0.1:8083] Channel acquired, now 71 active connections and 230 inactive connections
15:53:24.881 [reactor-http-nio-47] DEBUG reactor.netty.http.client.HttpClientConnect - [id: 0x55d1ef56, L:/127.0.0.1:51877 - R:localhost/127.0.0.1:8083] Handler is being applied: {uri=http://localhost:8083/userLocation?userId=3dc61270-9769-4fc1-a0f8-92247ce25876, method=GET}
15:53:24.881 [reactor-http-nio-48] DEBUG reactor.netty.resources.PooledConnectionProvider - [id: 0xa3c72883, L:/127.0.0.1:51976 - R:localhost/127.0.0.1:8083] onStateChange(GET{uri=/userLocation?userId=f059031c-90a8-4b30-a316-fee7839b2445, connection=PooledConnection{channel=[id: 0xa3c72883, L:/127.0.0.1:51976 - R:localhost/127.0.0.1:8083]}}, [request_sent])
15:53:24.882 [reactor-http-nio-47] DEBUG reactor.netty.resources.PooledConnectionProvider - [id: 0x55d1ef56, L:/127.0.0.1:51877 - R:localhost/127.0.0.1:8083] onStateChange(GET{uri=/userLocation?userId=3dc61270-9769-4fc1-a0f8-92247ce25876, connection=PooledConnection{channel=[id: 0x55d1ef56, L:/127.0.0.1:51877 - R:localhost/127.0.0.1:8083]}}, [request_sent])
15:53:24.882 [reactor-http-nio-41] DEBUG reactor.netty.resources.PooledConnectionProvider - [id: 0x866e01db, L:/127.0.0.1:51707 - R:localhost/127.0.0.1:8083] Channel acquired, now 72 active connections and 229 inactive connections
15:53:24.882 [reactor-http-nio-48] DEBUG reactor.netty.resources.PooledConnectionProvider - [id: 0x43576e4f, L:/127.0.0.1:51882 - R:localhost/127.0.0.1:8083] Channel acquired, now 73 active connections and 228 inactive connections
15:53:24.883 [reactor-http-nio-48] DEBUG reactor.netty.http.client.HttpClientConnect - [id: 0x43576e4f, L:/127.0.0.1:51882 - R:localhost/127.0.0.1:8083] Handler is being applied: {uri=http://localhost:8083/userLocation?userId=7052517d-6e15-468a-8fbf-274004732e41, method=GET}
15:53:24.883 [reactor-http-nio-48] DEBUG reactor.netty.resources.PooledConnectionProvider - [id: 0x43576e4f, L:/127.0.0.1:51882 - R:localhost/127.0.0.1:8083] onStateChange(GET{uri=/userLocation?userId=7052517d-6e15-468a-8fbf-274004732e41, connection=PooledConnection{channel=[id: 0x43576e4f, L:/127.0.0.1:51882 - R:localhost/127.0.0.1:8083]}}, [request_sent])
15:53:24.882 [reactor-http-nio-41] DEBUG reactor.netty.http.client.HttpClientConnect - [id: 0x866e01db, L:/127.0.0.1:51707 - R:localhost/127.0.0.1:8083] Handler is being applied: {uri=http://localhost:8083/userLocation?userId=e3e45d99-083a-4ddd-b8ff-2ee4a99d13a7, method=GET}
15:53:24.884 [reactor-http-nio-41] DEBUG reactor.netty.resources.PooledConnectionProvider - [id: 0x866e01db, L:/127.0.0.1:51707 - R:localhost/127.0.0.1:8083] onStateChange(GET{uri=/userLocation?userId=e3e45d99-083a-4ddd-b8ff-2ee4a99d13a7, connection=PooledConnection{channel=[id: 0x866e01db, L:/127.0.0.1:51707 - R:localhost/127.0.0.1:8083]}}, [request_sent])
15:53:24.887 [reactor-http-nio-47] DEBUG reactor.netty.http.client.HttpClientOperations - [id: 0xb2eb3594, L:/127.0.0.1:51873 - R:localhost/127.0.0.1:8083] Received response (auto-read:false) : [Content-Type=application/json, Transfer-Encoding=chunked, Date=Wed, 15 Jun 2022 14:53:24 GMT]
15:53:24.887 [reactor-http-nio-47] DEBUG reactor.netty.resources.PooledConnectionProvider - [id: 0xb2eb3594, L:/127.0.0.1:51873 - R:localhost/127.0.0.1:8083] onStateChange(GET{uri=/userLocation?userId=a8528913-eab8-4ee1-9971-e90e89ef2b67, connection=PooledConnection{channel=[id: 0xb2eb3594, L:/127.0.0.1:51873 - R:localhost/127.0.0.1:8083]}}, [response_received])
15:53:24.887 [reactor-http-nio-47] DEBUG org.springframework.web.reactive.function.client.ExchangeFunctions - [1c692dee] Response 200 OK
15:53:24.887 [reactor-http-nio-47] DEBUG reactor.netty.channel.FluxReceive - [id: 0xb2eb3594, L:/127.0.0.1:51873 - R:localhost/127.0.0.1:8083] Subscribing inbound receiver [pending: 0, cancelled:false, inboundDone: false]
15:53:24.887 [reactor-http-nio-47] DEBUG reactor.netty.http.client.HttpClientOperations - [id: 0xb2eb3594, L:/127.0.0.1:51873 - R:localhost/127.0.0.1:8083] Received last HTTP packet
15:53:24.887 [reactor-http-nio-48] DEBUG reactor.netty.http.client.HttpClientOperations - [id: 0xc3839908, L:/127.0.0.1:51914 - R:localhost/127.0.0.1:8083] Received response (auto-read:false) : [Content-Type=application/json, Transfer-Encoding=chunked, Date=Wed, 15 Jun 2022 14:53:24 GMT]
15:53:24.887 [reactor-http-nio-47] DEBUG org.springframework.core.codec.StringDecoder - [1c692dee] Decoded "{"userId":"a8528913-eab8-4ee1-9971-e90e89ef2b67","location":{"longitude":20.415682,"latitude":39.61 (truncated)...
15:53:24.887 [reactor-http-nio-48] DEBUG reactor.netty.resources.PooledConnectionProvider - [id: 0xc3839908, L:/127.0.0.1:51914 - R:localhost/127.0.0.1:8083] onStateChange(GET{uri=/userLocation?userId=8e60fb0b-17bd-40b2-8b7a-66e7feced7f4, connection=PooledConnection{channel=[id: 0xc3839908, L:/127.0.0.1:51914 - R:localhost/127.0.0.1:8083]}}, [response_received])
15:53:24.887 [reactor-http-nio-47] DEBUG reactor.netty.resources.PooledConnectionProvider - [id: 0xb2eb3594, L:/127.0.0.1:51873 - R:localhost/127.0.0.1:8083] onStateChange(GET{uri=/userLocation?userId=a8528913-eab8-4ee1-9971-e90e89ef2b67, connection=PooledConnection{channel=[id: 0xb2eb3594, L:/127.0.0.1:51873 - R:localhost/127.0.0.1:8083]}}, [disconnecting])
15:53:24.887 [reactor-http-nio-47] DEBUG reactor.netty.resources.PooledConnectionProvider - [id: 0xb2eb3594, L:/127.0.0.1:51873 - R:localhost/127.0.0.1:8083] Releasing channel
15:53:24.887 [reactor-http-nio-48] DEBUG org.springframework.web.reactive.function.client.ExchangeFunctions - [2c607e1b] Response 200 OK
15:53:24.887 [reactor-http-nio-47] DEBUG reactor.netty.resources.PooledConnectionProvider - [id: 0xb2eb3594, L:/127.0.0.1:51873 - R:localhost/127.0.0.1:8083] Channel cleaned, now 72 active connections and 229 inactive connections
15:53:24.887 [reactor-http-nio-48] DEBUG reactor.netty.channel.FluxReceive - [id: 0xc3839908, L:/127.0.0.1:51914 - R:localhost/127.0.0.1:8083] Subscribing inbound receiver [pending: 0, cancelled:false, inboundDone: false]
15:53:24.887 [reactor-http-nio-48] DEBUG reactor.netty.http.client.HttpClientOperations - [id: 0xc3839908, L:/127.0.0.1:51914 - R:localhost/127.0.0.1:8083] Received last HTTP packet
15:53:24.887 [reactor-http-nio-48] DEBUG org.springframework.core.codec.StringDecoder - [2c607e1b] Decoded "{"userId":"8e60fb0b-17bd-40b2-8b7a-66e7feced7f4","location":{"longitude":165.708683,"latitude":15.4 (truncated)...
15:53:24.887 [reactor-http-nio-48] DEBUG reactor.netty.resources.PooledConnectionProvider - [id: 0xc3839908, L:/127.0.0.1:51914 - R:localhost/127.0.0.1:8083] onStateChange(GET{uri=/userLocation?userId=8e60fb0b-17bd-40b2-8b7a-66e7feced7f4, connection=PooledConnection{channel=[id: 0xc3839908, L:/127.0.0.1:51914 - R:localhost/127.0.0.1:8083]}}, [disconnecting])
15:53:24.887 [reactor-http-nio-48] DEBUG reactor.netty.resources.PooledConnectionProvider - [id: 0xc3839908, L:/127.0.0.1:51914 - R:localhost/127.0.0.1:8083] Releasing channel
15:53:24.887 [reactor-http-nio-48] DEBUG reactor.netty.resources.PooledConnectionProvider - [id: 0xc3839908, L:/127.0.0.1:51914 - R:localhost/127.0.0.1:8083] Channel cleaned, now 71 active connections and 230 inactive connections
15:53:24.888 [pool-48-thread-23] INFO tourGuide.service.TourGuideService - visitedLocatio tourGuide.gpsUtil.VisitedLocation@12aed013
15:53:24.888 [pool-48-thread-13] INFO tourGuide.service.TourGuideService - visitedLocatio tourGuide.gpsUtil.VisitedLocation@22a785e7
15:53:24.889 [pool-48-thread-13] DEBUG org.springframework.web.reactive.function.client.ExchangeFunctions - [2698156b] HTTP GET http://localhost:8083/attractions
15:53:24.889 [pool-48-thread-23] DEBUG org.springframework.web.reactive.function.client.ExchangeFunctions - [1691469e] HTTP GET http://localhost:8083/attractions
15:53:24.891 [reactor-http-nio-48] DEBUG reactor.netty.http.client.HttpClientOperations - [id: 0x2539c881, L:/127.0.0.1:51963 - R:localhost/127.0.0.1:8083] Received response (auto-read:false) : [Content-Type=application/json, Transfer-Encoding=chunked, Date=Wed, 15 Jun 2022 14:53:24 GMT]
15:53:24.891 [reactor-http-nio-48] DEBUG reactor.netty.resources.PooledConnectionProvider - [id: 0x2539c881, L:/127.0.0.1:51963 - R:localhost/127.0.0.1:8083] onStateChange(GET{uri=/userLocation?userId=087045b7-5f43-4d86-bdf5-afb148fe8a93, connection=PooledConnection{channel=[id: 0x2539c881, L:/127.0.0.1:51963 - R:localhost/127.0.0.1:8083]}}, [response_received])
15:53:24.891 [reactor-http-nio-48] DEBUG org.springframework.web.reactive.function.client.ExchangeFunctions - [6bd440d8] Response 200 OK
15:53:24.891 [reactor-http-nio-48] DEBUG reactor.netty.channel.FluxReceive - [id: 0x2539c881, L:/127.0.0.1:51963 - R:localhost/127.0.0.1:8083] Subscribing inbound receiver [pending: 0, cancelled:false, inboundDone: false]
15:53:24.891 [reactor-http-nio-48] DEBUG reactor.netty.http.client.HttpClientOperations - [id: 0x2539c881, L:/127.0.0.1:51963 - R:localhost/127.0.0.1:8083] Received last HTTP packet
15:53:24.891 [reactor-http-nio-48] DEBUG org.springframework.core.codec.StringDecoder - [6bd440d8] Decoded "{"userId":"087045b7-5f43-4d86-bdf5-afb148fe8a93","location":{"longitude":113.543137,"latitude":55.1 (truncated)...
15:53:24.892 [reactor-http-nio-48] DEBUG reactor.netty.resources.PooledConnectionProvider - [id: 0x2539c881, L:/127.0.0.1:51963 - R:localhost/127.0.0.1:8083] onStateChange(GET{uri=/userLocation?userId=087045b7-5f43-4d86-bdf5-afb148fe8a93, connection=PooledConnection{channel=[id: 0x2539c881, L:/127.0.0.1:51963 - R:localhost/127.0.0.1:8083]}}, [disconnecting])
15:53:24.892 [reactor-http-nio-48] DEBUG reactor.netty.resources.PooledConnectionProvider - [id: 0x2539c881, L:/127.0.0.1:51963 - R:localhost/127.0.0.1:8083] Releasing channel
15:53:24.892 [reactor-http-nio-48] DEBUG reactor.netty.resources.PooledConnectionProvider - [id: 0x2539c881, L:/127.0.0.1:51963 - R:localhost/127.0.0.1:8083] Channel cleaned, now 70 active connections and 231 inactive connections
15:53:24.892 [reactor-http-nio-48] DEBUG reactor.netty.resources.PooledConnectionProvider - [id: 0x57866369, L:/127.0.0.1:51911 - R:localhost/127.0.0.1:8083] Channel acquired, now 71 active connections and 230 inactive connections
15:53:24.892 [reactor-http-nio-48] DEBUG reactor.netty.http.client.HttpClientConnect - [id: 0x57866369, L:/127.0.0.1:51911 - R:localhost/127.0.0.1:8083] Handler is being applied: {uri=http://localhost:8083/attractions, method=GET}
15:53:24.893 [reactor-http-nio-47] DEBUG reactor.netty.resources.PooledConnectionProvider - [id: 0xb30cfda6, L:/127.0.0.1:51864 - R:localhost/127.0.0.1:8083] Channel acquired, now 72 active connections and 229 inactive connections
15:53:24.893 [reactor-http-nio-47] DEBUG reactor.netty.http.client.HttpClientConnect - [id: 0xb30cfda6, L:/127.0.0.1:51864 - R:localhost/127.0.0.1:8083] Handler is being applied: {uri=http://localhost:8083/attractions, method=GET}
15:53:24.894 [reactor-http-nio-48] DEBUG reactor.netty.resources.PooledConnectionProvider - [id: 0x57866369, L:/127.0.0.1:51911 - R:localhost/127.0.0.1:8083] onStateChange(GET{uri=/attractions, connection=PooledConnection{channel=[id: 0x57866369, L:/127.0.0.1:51911 - R:localhost/127.0.0.1:8083]}}, [request_sent])
15:53:24.894 [reactor-http-nio-47] DEBUG reactor.netty.resources.PooledConnectionProvider - [id: 0xb30cfda6, L:/127.0.0.1:51864 - R:localhost/127.0.0.1:8083] onStateChange(GET{uri=/attractions, connection=PooledConnection{channel=[id: 0xb30cfda6, L:/127.0.0.1:51864 - R:localhost/127.0.0.1:8083]}}, [request_sent])
15:53:24.895 [pool-48-thread-19] INFO tourGuide.service.TourGuideService - visitedLocatio tourGuide.gpsUtil.VisitedLocation@6513a3d2
15:53:24.895 [reactor-http-nio-41] DEBUG reactor.netty.http.client.HttpClientOperations - [id: 0xb5e0c104, L:/127.0.0.1:51792 - R:localhost/127.0.0.1:8083] Received response (auto-read:false) : [Content-Type=application/json, Transfer-Encoding=chunked, Date=Wed, 15 Jun 2022 14:53:24 GMT]
15:53:24.895 [reactor-http-nio-41] DEBUG reactor.netty.resources.PooledConnectionProvider - [id: 0xb5e0c104, L:/127.0.0.1:51792 - R:localhost/127.0.0.1:8083] onStateChange(GET{uri=/userLocation?userId=8342cb09-a269-4b70-9550-80be0a03a118, connection=PooledConnection{channel=[id: 0xb5e0c104, L:/127.0.0.1:51792 - R:localhost/127.0.0.1:8083]}}, [response_received])
15:53:24.895 [reactor-http-nio-41] DEBUG org.springframework.web.reactive.function.client.ExchangeFunctions - [398074e7] Response 200 OK
15:53:24.895 [reactor-http-nio-41] DEBUG reactor.netty.channel.FluxReceive - [id: 0xb5e0c104, L:/127.0.0.1:51792 - R:localhost/127.0.0.1:8083] Subscribing inbound receiver [pending: 0, cancelled:false, inboundDone: false]
15:53:24.895 [pool-48-thread-19] DEBUG org.springframework.web.reactive.function.client.ExchangeFunctions - [612c2ba8] HTTP GET http://localhost:8083/attractions
15:53:24.896 [reactor-http-nio-48] DEBUG reactor.netty.resources.PooledConnectionProvider - [id: 0x735db106, L:/127.0.0.1:51888 - R:localhost/127.0.0.1:8083] Channel acquired, now 73 active connections and 228 inactive connections
15:53:24.896 [reactor-http-nio-48] DEBUG reactor.netty.http.client.HttpClientConnect - [id: 0x735db106, L:/127.0.0.1:51888 - R:localhost/127.0.0.1:8083] Handler is being applied: {uri=http://localhost:8083/attractions, method=GET}
15:53:24.896 [reactor-http-nio-41] DEBUG reactor.netty.http.client.HttpClientOperations - [id: 0xb5e0c104, L:/127.0.0.1:51792 - R:localhost/127.0.0.1:8083] Received last HTTP packet
15:53:24.896 [reactor-http-nio-41] DEBUG org.springframework.core.codec.StringDecoder - [398074e7] Decoded "{"userId":"8342cb09-a269-4b70-9550-80be0a03a118","location":{"longitude":-29.747584,"latitude":55.6 (truncated)...
15:53:24.896 [reactor-http-nio-41] DEBUG reactor.netty.resources.PooledConnectionProvider - [id: 0xb5e0c104, L:/127.0.0.1:51792 - R:localhost/127.0.0.1:8083] onStateChange(GET{uri=/userLocation?userId=8342cb09-a269-4b70-9550-80be0a03a118, connection=PooledConnection{channel=[id: 0xb5e0c104, L:/127.0.0.1:51792 - R:localhost/127.0.0.1:8083]}}, [disconnecting])
15:53:24.896 [reactor-http-nio-41] DEBUG reactor.netty.resources.PooledConnectionProvider - [id: 0xb5e0c104, L:/127.0.0.1:51792 - R:localhost/127.0.0.1:8083] Releasing channel
15:53:24.896 [reactor-http-nio-41] DEBUG reactor.netty.resources.PooledConnectionProvider - [id: 0xb5e0c104, L:/127.0.0.1:51792 - R:localhost/127.0.0.1:8083] Channel cleaned, now 72 active connections and 229 inactive connections
15:53:24.896 [reactor-http-nio-48] DEBUG reactor.netty.resources.PooledConnectionProvider - [id: 0x735db106, L:/127.0.0.1:51888 - R:localhost/127.0.0.1:8083] onStateChange(GET{uri=/attractions, connection=PooledConnection{channel=[id: 0x735db106, L:/127.0.0.1:51888 - R:localhost/127.0.0.1:8083]}}, [request_sent])
15:53:24.897 [reactor-http-nio-46] DEBUG reactor.netty.http.client.HttpClientOperations - [id: 0x72e5dab1, L:/127.0.0.1:51797 - R:localhost/127.0.0.1:8083] Received response (auto-read:false) : [Content-Type=application/json, Transfer-Encoding=chunked, Date=Wed, 15 Jun 2022 14:53:24 GMT]
15:53:24.897 [reactor-http-nio-46] DEBUG reactor.netty.resources.PooledConnectionProvider - [id: 0x72e5dab1, L:/127.0.0.1:51797 - R:localhost/127.0.0.1:8083] onStateChange(GET{uri=/userLocation?userId=2a292725-0ab6-4d8a-be7c-5eabd1592f7a, connection=PooledConnection{channel=[id: 0x72e5dab1, L:/127.0.0.1:51797 - R:localhost/127.0.0.1:8083]}}, [response_received])
15:53:24.897 [reactor-http-nio-46] DEBUG org.springframework.web.reactive.function.client.ExchangeFunctions - [118b328b] Response 200 OK
15:53:24.897 [reactor-http-nio-46] DEBUG reactor.netty.channel.FluxReceive - [id: 0x72e5dab1, L:/127.0.0.1:51797 - R:localhost/127.0.0.1:8083] Subscribing inbound receiver [pending: 0, cancelled:false, inboundDone: false]
15:53:24.898 [pool-48-thread-11] INFO tourGuide.service.TourGuideService - visitedLocatio tourGuide.gpsUtil.VisitedLocation@37478da7
15:53:24.898 [pool-48-thread-11] DEBUG org.springframework.web.reactive.function.client.ExchangeFunctions - [33781f97] HTTP GET http://localhost:8083/attractions
15:53:24.901 [reactor-http-nio-46] DEBUG reactor.netty.http.client.HttpClientOperations - [id: 0x72e5dab1, L:/127.0.0.1:51797 - R:localhost/127.0.0.1:8083] Received last HTTP packet
15:53:24.901 [reactor-http-nio-46] DEBUG org.springframework.core.codec.StringDecoder - [118b328b] Decoded "{"userId":"2a292725-0ab6-4d8a-be7c-5eabd1592f7a","location":{"longitude":2.34244,"latitude":32.3813 (truncated)...
15:53:24.901 [reactor-http-nio-46] DEBUG reactor.netty.resources.PooledConnectionProvider - [id: 0x72e5dab1, L:/127.0.0.1:51797 - R:localhost/127.0.0.1:8083] onStateChange(GET{uri=/userLocation?userId=2a292725-0ab6-4d8a-be7c-5eabd1592f7a, connection=PooledConnection{channel=[id: 0x72e5dab1, L:/127.0.0.1:51797 - R:localhost/127.0.0.1:8083]}}, [disconnecting])
15:53:24.901 [reactor-http-nio-46] DEBUG reactor.netty.resources.PooledConnectionProvider - [id: 0x72e5dab1, L:/127.0.0.1:51797 - R:localhost/127.0.0.1:8083] Releasing channel
15:53:24.901 [reactor-http-nio-46] DEBUG reactor.netty.resources.PooledConnectionProvider - [id: 0x72e5dab1, L:/127.0.0.1:51797 - R:localhost/127.0.0.1:8083] Channel cleaned, now 71 active connections and 230 inactive connections
15:53:24.901 [reactor-http-nio-46] DEBUG reactor.netty.http.client.HttpClientOperations - [id: 0xe2f159f9, L:/127.0.0.1:51980 - R:localhost/127.0.0.1:8083] Received response (auto-read:false) : [Content-Type=application/json, Transfer-Encoding=chunked, Date=Wed, 15 Jun 2022 14:53:24 GMT]
15:53:24.901 [reactor-http-nio-46] DEBUG reactor.netty.resources.PooledConnectionProvider - [id: 0xe2f159f9, L:/127.0.0.1:51980 - R:localhost/127.0.0.1:8083] onStateChange(GET{uri=/userLocation?userId=2c98b121-ff59-4506-bd45-09a32c88f243, connection=PooledConnection{channel=[id: 0xe2f159f9, L:/127.0.0.1:51980 - R:localhost/127.0.0.1:8083]}}, [response_received])
15:53:24.901 [reactor-http-nio-46] DEBUG org.springframework.web.reactive.function.client.ExchangeFunctions - [2711c490] Response 200 OK
15:53:24.901 [reactor-http-nio-46] DEBUG reactor.netty.channel.FluxReceive - [id: 0xe2f159f9, L:/127.0.0.1:51980 - R:localhost/127.0.0.1:8083] Subscribing inbound receiver [pending: 0, cancelled:false, inboundDone: false]
15:53:24.902 [pool-48-thread-17] INFO tourGuide.service.TourGuideService - visitedLocatio tourGuide.gpsUtil.VisitedLocation@1f4cceca
15:53:24.903 [pool-48-thread-17] DEBUG org.springframework.web.reactive.function.client.ExchangeFunctions - [1b7359fb] HTTP GET http://localhost:8083/attractions
15:53:24.903 [reactor-http-nio-47] DEBUG reactor.netty.resources.PooledConnectionProvider - [id: 0x6caa1951, L:/127.0.0.1:51695 - R:localhost/127.0.0.1:8083] Channel acquired, now 72 active connections and 229 inactive connections
15:53:24.903 [reactor-http-nio-47] DEBUG reactor.netty.http.client.HttpClientConnect - [id: 0x6caa1951, L:/127.0.0.1:51695 - R:localhost/127.0.0.1:8083] Handler is being applied: {uri=http://localhost:8083/attractions, method=GET}
15:53:24.903 [reactor-http-nio-47] DEBUG reactor.netty.resources.PooledConnectionProvider - [id: 0x6caa1951, L:/127.0.0.1:51695 - R:localhost/127.0.0.1:8083] onStateChange(GET{uri=/attractions, connection=PooledConnection{channel=[id: 0x6caa1951, L:/127.0.0.1:51695 - R:localhost/127.0.0.1:8083]}}, [request_sent])
15:53:24.904 [reactor-http-nio-41] DEBUG reactor.netty.resources.PooledConnectionProvider - [id: 0x45e1ba3f, L:/127.0.0.1:51927 - R:localhost/127.0.0.1:8083] Channel acquired, now 73 active connections and 228 inactive connections
15:53:24.904 [reactor-http-nio-41] DEBUG reactor.netty.http.client.HttpClientConnect - [id: 0x45e1ba3f, L:/127.0.0.1:51927 - R:localhost/127.0.0.1:8083] Handler is being applied: {uri=http://localhost:8083/attractions, method=GET}
15:53:24.904 [reactor-http-nio-41] DEBUG reactor.netty.resources.PooledConnectionProvider - [id: 0x45e1ba3f, L:/127.0.0.1:51927 - R:localhost/127.0.0.1:8083] onStateChange(GET{uri=/attractions, connection=PooledConnection{channel=[id: 0x45e1ba3f, L:/127.0.0.1:51927 - R:localhost/127.0.0.1:8083]}}, [request_sent])
15:53:24.906 [reactor-http-nio-46] DEBUG reactor.netty.http.client.HttpClientOperations - [id: 0xe2f159f9, L:/127.0.0.1:51980 - R:localhost/127.0.0.1:8083] Received last HTTP packet
15:53:24.906 [reactor-http-nio-46] DEBUG org.springframework.core.codec.StringDecoder - [2711c490] Decoded "{"userId":"2c98b121-ff59-4506-bd45-09a32c88f243","location":{"longitude":177.939264,"latitude":-35. (truncated)...
15:53:24.906 [reactor-http-nio-46] DEBUG reactor.netty.resources.PooledConnectionProvider - [id: 0xe2f159f9, L:/127.0.0.1:51980 - R:localhost/127.0.0.1:8083] onStateChange(GET{uri=/userLocation?userId=2c98b121-ff59-4506-bd45-09a32c88f243, connection=PooledConnection{channel=[id: 0xe2f159f9, L:/127.0.0.1:51980 - R:localhost/127.0.0.1:8083]}}, [disconnecting])
15:53:24.906 [reactor-http-nio-46] DEBUG reactor.netty.resources.PooledConnectionProvider - [id: 0xe2f159f9, L:/127.0.0.1:51980 - R:localhost/127.0.0.1:8083] Releasing channel
15:53:24.906 [reactor-http-nio-46] DEBUG reactor.netty.resources.PooledConnectionProvider - [id: 0xe2f159f9, L:/127.0.0.1:51980 - R:localhost/127.0.0.1:8083] Channel cleaned, now 72 active connections and 229 inactive connections
15:53:24.906 [reactor-http-nio-47] DEBUG reactor.netty.http.client.HttpClientOperations - [id: 0x7af5fc74, L:/127.0.0.1:51854 - R:localhost/127.0.0.1:8083] Received response (auto-read:false) : [Content-Type=application/json, Transfer-Encoding=chunked, Date=Wed, 15 Jun 2022 14:53:24 GMT]
15:53:24.906 [reactor-http-nio-47] DEBUG reactor.netty.resources.PooledConnectionProvider - [id: 0x7af5fc74, L:/127.0.0.1:51854 - R:localhost/127.0.0.1:8083] onStateChange(GET{uri=/userLocation?userId=cf0f5519-f83f-45a7-92c6-da86a01da863, connection=PooledConnection{channel=[id: 0x7af5fc74, L:/127.0.0.1:51854 - R:localhost/127.0.0.1:8083]}}, [response_received])
15:53:24.906 [reactor-http-nio-47] DEBUG org.springframework.web.reactive.function.client.ExchangeFunctions - [46675c3d] Response 200 OK
15:53:24.906 [reactor-http-nio-47] DEBUG reactor.netty.channel.FluxReceive - [id: 0x7af5fc74, L:/127.0.0.1:51854 - R:localhost/127.0.0.1:8083] Subscribing inbound receiver [pending: 0, cancelled:false, inboundDone: false]
15:53:24.907 [reactor-http-nio-47] DEBUG reactor.netty.http.client.HttpClientOperations - [id: 0x7af5fc74, L:/127.0.0.1:51854 - R:localhost/127.0.0.1:8083] Received last HTTP packet
15:53:24.907 [reactor-http-nio-47] DEBUG org.springframework.core.codec.StringDecoder - [46675c3d] Decoded "{"userId":"cf0f5519-f83f-45a7-92c6-da86a01da863","location":{"longitude":41.875581,"latitude":80.55 (truncated)...
15:53:24.907 [reactor-http-nio-47] DEBUG reactor.netty.resources.PooledConnectionProvider - [id: 0x7af5fc74, L:/127.0.0.1:51854 - R:localhost/127.0.0.1:8083] onStateChange(GET{uri=/userLocation?userId=cf0f5519-f83f-45a7-92c6-da86a01da863, connection=PooledConnection{channel=[id: 0x7af5fc74, L:/127.0.0.1:51854 - R:localhost/127.0.0.1:8083]}}, [disconnecting])
15:53:24.907 [reactor-http-nio-47] DEBUG reactor.netty.resources.PooledConnectionProvider - [id: 0x7af5fc74, L:/127.0.0.1:51854 - R:localhost/127.0.0.1:8083] Releasing channel
15:53:24.907 [reactor-http-nio-47] DEBUG reactor.netty.resources.PooledConnectionProvider - [id: 0x7af5fc74, L:/127.0.0.1:51854 - R:localhost/127.0.0.1:8083] Channel cleaned, now 71 active connections and 230 inactive connections
15:53:24.907 [pool-48-thread-4] INFO tourGuide.service.TourGuideService - visitedLocatio tourGuide.gpsUtil.VisitedLocation@29d62e02
15:53:24.907 [pool-48-thread-4] DEBUG org.springframework.web.reactive.function.client.ExchangeFunctions - [2de9afe0] HTTP GET http://localhost:8083/attractions
15:53:24.908 [pool-48-thread-21] INFO tourGuide.service.TourGuideService - visitedLocatio tourGuide.gpsUtil.VisitedLocation@48a0ba81
15:53:24.909 [pool-48-thread-21] DEBUG org.springframework.web.reactive.function.client.ExchangeFunctions - [4c9f374d] HTTP GET http://localhost:8083/attractions
15:53:24.909 [reactor-http-nio-48] DEBUG reactor.netty.resources.PooledConnectionProvider - [id: 0x7de42074, L:/127.0.0.1:51875 - R:localhost/127.0.0.1:8083] Channel acquired, now 72 active connections and 229 inactive connections
15:53:24.909 [reactor-http-nio-48] DEBUG reactor.netty.http.client.HttpClientConnect - [id: 0x7de42074, L:/127.0.0.1:51875 - R:localhost/127.0.0.1:8083] Handler is being applied: {uri=http://localhost:8083/attractions, method=GET}
15:53:24.910 [reactor-http-nio-48] DEBUG reactor.netty.resources.PooledConnectionProvider - [id: 0x7de42074, L:/127.0.0.1:51875 - R:localhost/127.0.0.1:8083] onStateChange(GET{uri=/attractions, connection=PooledConnection{channel=[id: 0x7de42074, L:/127.0.0.1:51875 - R:localhost/127.0.0.1:8083]}}, [request_sent])
15:53:24.912 [reactor-http-nio-48] DEBUG reactor.netty.http.client.HttpClientOperations - [id: 0xcaa282b1, L:/127.0.0.1:51876 - R:localhost/127.0.0.1:8083] Received response (auto-read:false) : [Content-Type=application/json, Transfer-Encoding=chunked, Date=Wed, 15 Jun 2022 14:53:24 GMT]
15:53:24.912 [reactor-http-nio-48] DEBUG reactor.netty.resources.PooledConnectionProvider - [id: 0xcaa282b1, L:/127.0.0.1:51876 - R:localhost/127.0.0.1:8083] onStateChange(GET{uri=/userLocation?userId=e89cbd94-cf53-4869-9110-aea883dd5307, connection=PooledConnection{channel=[id: 0xcaa282b1, L:/127.0.0.1:51876 - R:localhost/127.0.0.1:8083]}}, [response_received])
15:53:24.912 [reactor-http-nio-47] DEBUG reactor.netty.resources.PooledConnectionProvider - [id: 0x42970d81, L:/127.0.0.1:51870 - R:localhost/127.0.0.1:8083] Channel acquired, now 73 active connections and 228 inactive connections
15:53:24.912 [reactor-http-nio-48] DEBUG org.springframework.web.reactive.function.client.ExchangeFunctions - [102b94b8] Response 200 OK
15:53:24.912 [reactor-http-nio-47] DEBUG reactor.netty.http.client.HttpClientConnect - [id: 0x42970d81, L:/127.0.0.1:51870 - R:localhost/127.0.0.1:8083] Handler is being applied: {uri=http://localhost:8083/attractions, method=GET}
15:53:24.912 [reactor-http-nio-48] DEBUG reactor.netty.channel.FluxReceive - [id: 0xcaa282b1, L:/127.0.0.1:51876 - R:localhost/127.0.0.1:8083] Subscribing inbound receiver [pending: 0, cancelled:false, inboundDone: false]
15:53:24.912 [reactor-http-nio-48] DEBUG reactor.netty.http.client.HttpClientOperations - [id: 0xcaa282b1, L:/127.0.0.1:51876 - R:localhost/127.0.0.1:8083] Received last HTTP packet
15:53:24.912 [reactor-http-nio-48] DEBUG org.springframework.core.codec.StringDecoder - [102b94b8] Decoded "{"userId":"e89cbd94-cf53-4869-9110-aea883dd5307","location":{"longitude":-118.310621,"latitude":30. (truncated)...
15:53:24.912 [reactor-http-nio-48] DEBUG reactor.netty.resources.PooledConnectionProvider - [id: 0xcaa282b1, L:/127.0.0.1:51876 - R:localhost/127.0.0.1:8083] onStateChange(GET{uri=/userLocation?userId=e89cbd94-cf53-4869-9110-aea883dd5307, connection=PooledConnection{channel=[id: 0xcaa282b1, L:/127.0.0.1:51876 - R:localhost/127.0.0.1:8083]}}, [disconnecting])
15:53:24.912 [reactor-http-nio-48] DEBUG reactor.netty.resources.PooledConnectionProvider - [id: 0xcaa282b1, L:/127.0.0.1:51876 - R:localhost/127.0.0.1:8083] Releasing channel
15:53:24.912 [reactor-http-nio-48] DEBUG reactor.netty.resources.PooledConnectionProvider - [id: 0xcaa282b1, L:/127.0.0.1:51876 - R:localhost/127.0.0.1:8083] Channel cleaned, now 72 active connections and 229 inactive connections
15:53:24.912 [reactor-http-nio-47] DEBUG reactor.netty.resources.PooledConnectionProvider - [id: 0x42970d81, L:/127.0.0.1:51870 - R:localhost/127.0.0.1:8083] onStateChange(GET{uri=/attractions, connection=PooledConnection{channel=[id: 0x42970d81, L:/127.0.0.1:51870 - R:localhost/127.0.0.1:8083]}}, [request_sent])
15:53:24.912 [reactor-http-nio-47] DEBUG reactor.netty.http.client.HttpClientOperations - [id: 0x2891d552, L:/127.0.0.1:51862 - R:localhost/127.0.0.1:8083] Received response (auto-read:false) : [Content-Type=application/json, Transfer-Encoding=chunked, Date=Wed, 15 Jun 2022 14:53:24 GMT]
15:53:24.913 [reactor-http-nio-47] DEBUG reactor.netty.resources.PooledConnectionProvider - [id: 0x2891d552, L:/127.0.0.1:51862 - R:localhost/127.0.0.1:8083] onStateChange(GET{uri=/userLocation?userId=15b26221-dadb-4f83-8649-29e5ce99196e, connection=PooledConnection{channel=[id: 0x2891d552, L:/127.0.0.1:51862 - R:localhost/127.0.0.1:8083]}}, [response_received])
15:53:24.913 [reactor-http-nio-47] DEBUG org.springframework.web.reactive.function.client.ExchangeFunctions - [3d6936ec] Response 200 OK
15:53:24.913 [reactor-http-nio-47] DEBUG reactor.netty.channel.FluxReceive - [id: 0x2891d552, L:/127.0.0.1:51862 - R:localhost/127.0.0.1:8083] Subscribing inbound receiver [pending: 0, cancelled:false, inboundDone: false]
15:53:24.913 [pool-48-thread-18] INFO tourGuide.service.TourGuideService - visitedLocatio tourGuide.gpsUtil.VisitedLocation@1eec78cd
15:53:24.913 [reactor-http-nio-47] DEBUG reactor.netty.http.client.HttpClientOperations - [id: 0x2891d552, L:/127.0.0.1:51862 - R:localhost/127.0.0.1:8083] Received last HTTP packet
15:53:24.913 [reactor-http-nio-47] DEBUG org.springframework.core.codec.StringDecoder - [3d6936ec] Decoded "{"userId":"15b26221-dadb-4f83-8649-29e5ce99196e","location":{"longitude":-101.243796,"latitude":6.0 (truncated)...
15:53:24.913 [reactor-http-nio-47] DEBUG reactor.netty.resources.PooledConnectionProvider - [id: 0x2891d552, L:/127.0.0.1:51862 - R:localhost/127.0.0.1:8083] onStateChange(GET{uri=/userLocation?userId=15b26221-dadb-4f83-8649-29e5ce99196e, connection=PooledConnection{channel=[id: 0x2891d552, L:/127.0.0.1:51862 - R:localhost/127.0.0.1:8083]}}, [disconnecting])
15:53:24.913 [reactor-http-nio-47] DEBUG reactor.netty.resources.PooledConnectionProvider - [id: 0x2891d552, L:/127.0.0.1:51862 - R:localhost/127.0.0.1:8083] Releasing channel
15:53:24.913 [reactor-http-nio-47] DEBUG reactor.netty.resources.PooledConnectionProvider - [id: 0x2891d552, L:/127.0.0.1:51862 - R:localhost/127.0.0.1:8083] Channel cleaned, now 71 active connections and 230 inactive connections
15:53:24.913 [pool-48-thread-18] DEBUG org.springframework.web.reactive.function.client.ExchangeFunctions - [1ad3ffc8] HTTP GET http://localhost:8083/attractions
15:53:24.914 [pool-48-thread-26] INFO tourGuide.service.TourGuideService - visitedLocatio tourGuide.gpsUtil.VisitedLocation@33aedf31
15:53:24.914 [pool-48-thread-26] DEBUG org.springframework.web.reactive.function.client.ExchangeFunctions - [37915d9c] HTTP GET http://localhost:8083/attractions
15:53:24.914 [reactor-http-nio-41] DEBUG reactor.netty.http.client.HttpClientOperations - [id: 0x030e65b7, L:/127.0.0.1:51777 - R:localhost/127.0.0.1:8083] Received response (auto-read:false) : [Content-Type=application/json, Transfer-Encoding=chunked, Date=Wed, 15 Jun 2022 14:53:24 GMT]
15:53:24.914 [reactor-http-nio-41] DEBUG reactor.netty.resources.PooledConnectionProvider - [id: 0x030e65b7, L:/127.0.0.1:51777 - R:localhost/127.0.0.1:8083] onStateChange(GET{uri=/userLocation?userId=f7d7be89-d7db-4560-998d-f37441abbe1d, connection=PooledConnection{channel=[id: 0x030e65b7, L:/127.0.0.1:51777 - R:localhost/127.0.0.1:8083]}}, [response_received])
15:53:24.914 [reactor-http-nio-41] DEBUG org.springframework.web.reactive.function.client.ExchangeFunctions - [74a2f702] Response 200 OK
15:53:24.915 [reactor-http-nio-41] DEBUG reactor.netty.channel.FluxReceive - [id: 0x030e65b7, L:/127.0.0.1:51777 - R:localhost/127.0.0.1:8083] Subscribing inbound receiver [pending: 0, cancelled:false, inboundDone: false]
15:53:24.915 [reactor-http-nio-41] DEBUG reactor.netty.http.client.HttpClientOperations - [id: 0x030e65b7, L:/127.0.0.1:51777 - R:localhost/127.0.0.1:8083] Received last HTTP packet
15:53:24.915 [reactor-http-nio-41] DEBUG org.springframework.core.codec.StringDecoder - [74a2f702] Decoded "{"userId":"f7d7be89-d7db-4560-998d-f37441abbe1d","location":{"longitude":1.118685,"latitude":80.227 (truncated)...
15:53:24.915 [reactor-http-nio-41] DEBUG reactor.netty.resources.PooledConnectionProvider - [id: 0x030e65b7, L:/127.0.0.1:51777 - R:localhost/127.0.0.1:8083] onStateChange(GET{uri=/userLocation?userId=f7d7be89-d7db-4560-998d-f37441abbe1d, connection=PooledConnection{channel=[id: 0x030e65b7, L:/127.0.0.1:51777 - R:localhost/127.0.0.1:8083]}}, [disconnecting])
15:53:24.915 [reactor-http-nio-41] DEBUG reactor.netty.resources.PooledConnectionProvider - [id: 0x030e65b7, L:/127.0.0.1:51777 - R:localhost/127.0.0.1:8083] Releasing channel
15:53:24.915 [reactor-http-nio-41] DEBUG reactor.netty.resources.PooledConnectionProvider - [id: 0x030e65b7, L:/127.0.0.1:51777 - R:localhost/127.0.0.1:8083] Channel cleaned, now 70 active connections and 231 inactive connections
15:53:24.916 [reactor-http-nio-47] DEBUG reactor.netty.resources.PooledConnectionProvider - [id: 0xa3d0d1c3, L:/127.0.0.1:51871 - R:localhost/127.0.0.1:8083] Channel acquired, now 71 active connections and 230 inactive connections
15:53:24.916 [reactor-http-nio-48] DEBUG reactor.netty.http.client.HttpClientOperations - [id: 0x03a75d7c, L:/127.0.0.1:51954 - R:localhost/127.0.0.1:8083] Received response (auto-read:false) : [Content-Type=application/json, Transfer-Encoding=chunked, Date=Wed, 15 Jun 2022 14:53:24 GMT]
15:53:24.916 [reactor-http-nio-47] DEBUG reactor.netty.http.client.HttpClientConnect - [id: 0xa3d0d1c3, L:/127.0.0.1:51871 - R:localhost/127.0.0.1:8083] Handler is being applied: {uri=http://localhost:8083/attractions, method=GET}
15:53:24.916 [reactor-http-nio-48] DEBUG reactor.netty.resources.PooledConnectionProvider - [id: 0x03a75d7c, L:/127.0.0.1:51954 - R:localhost/127.0.0.1:8083] onStateChange(GET{uri=/userLocation?userId=82ce24d5-fec0-48a2-86a0-6ba62a1b9c7f, connection=PooledConnection{channel=[id: 0x03a75d7c, L:/127.0.0.1:51954 - R:localhost/127.0.0.1:8083]}}, [response_received])
15:53:24.916 [reactor-http-nio-48] DEBUG org.springframework.web.reactive.function.client.ExchangeFunctions - [3729f2a3] Response 200 OK
15:53:24.916 [reactor-http-nio-48] DEBUG reactor.netty.channel.FluxReceive - [id: 0x03a75d7c, L:/127.0.0.1:51954 - R:localhost/127.0.0.1:8083] Subscribing inbound receiver [pending: 0, cancelled:false, inboundDone: false]
15:53:24.916 [reactor-http-nio-48] DEBUG reactor.netty.http.client.HttpClientOperations - [id: 0x03a75d7c, L:/127.0.0.1:51954 - R:localhost/127.0.0.1:8083] Received last HTTP packet
15:53:24.916 [reactor-http-nio-48] DEBUG org.springframework.core.codec.StringDecoder - [3729f2a3] Decoded "{"userId":"82ce24d5-fec0-48a2-86a0-6ba62a1b9c7f","location":{"longitude":-22.476504,"latitude":60.2 (truncated)...
15:53:24.916 [reactor-http-nio-48] DEBUG reactor.netty.resources.PooledConnectionProvider - [id: 0x03a75d7c, L:/127.0.0.1:51954 - R:localhost/127.0.0.1:8083] onStateChange(GET{uri=/userLocation?userId=82ce24d5-fec0-48a2-86a0-6ba62a1b9c7f, connection=PooledConnection{channel=[id: 0x03a75d7c, L:/127.0.0.1:51954 - R:localhost/127.0.0.1:8083]}}, [disconnecting])
15:53:24.916 [reactor-http-nio-48] DEBUG reactor.netty.resources.PooledConnectionProvider - [id: 0x03a75d7c, L:/127.0.0.1:51954 - R:localhost/127.0.0.1:8083] Releasing channel
15:53:24.916 [pool-48-thread-2] INFO tourGuide.service.TourGuideService - visitedLocatio tourGuide.gpsUtil.VisitedLocation@7a6507e6
15:53:24.916 [reactor-http-nio-48] DEBUG reactor.netty.resources.PooledConnectionProvider - [id: 0x03a75d7c, L:/127.0.0.1:51954 - R:localhost/127.0.0.1:8083] Channel cleaned, now 70 active connections and 231 inactive connections
15:53:24.916 [reactor-http-nio-47] DEBUG reactor.netty.resources.PooledConnectionProvider - [id: 0xa3d0d1c3, L:/127.0.0.1:51871 - R:localhost/127.0.0.1:8083] onStateChange(GET{uri=/attractions, connection=PooledConnection{channel=[id: 0xa3d0d1c3, L:/127.0.0.1:51871 - R:localhost/127.0.0.1:8083]}}, [request_sent])
15:53:24.916 [reactor-http-nio-47] DEBUG reactor.netty.resources.PooledConnectionProvider - [id: 0x53e3235d, L:/127.0.0.1:51903 - R:localhost/127.0.0.1:8083] Channel acquired, now 71 active connections and 230 inactive connections
15:53:24.916 [reactor-http-nio-47] DEBUG reactor.netty.http.client.HttpClientConnect - [id: 0x53e3235d, L:/127.0.0.1:51903 - R:localhost/127.0.0.1:8083] Handler is being applied: {uri=http://localhost:8083/attractions, method=GET}
15:53:24.917 [pool-48-thread-2] DEBUG org.springframework.web.reactive.function.client.ExchangeFunctions - [7e5a9c72] HTTP GET http://localhost:8083/attractions
15:53:24.917 [reactor-http-nio-47] DEBUG reactor.netty.resources.PooledConnectionProvider - [id: 0x53e3235d, L:/127.0.0.1:51903 - R:localhost/127.0.0.1:8083] onStateChange(GET{uri=/attractions, connection=PooledConnection{channel=[id: 0x53e3235d, L:/127.0.0.1:51903 - R:localhost/127.0.0.1:8083]}}, [request_sent])
15:53:24.917 [pool-48-thread-25] INFO tourGuide.service.TourGuideService - visitedLocatio tourGuide.gpsUtil.VisitedLocation@39ee0a36
15:53:24.918 [pool-48-thread-25] DEBUG org.springframework.web.reactive.function.client.ExchangeFunctions - [3dd199d3] HTTP GET http://localhost:8083/attractions
15:53:24.919 [reactor-http-nio-48] DEBUG reactor.netty.resources.PooledConnectionProvider - [id: 0x357960ae, L:/127.0.0.1:51912 - R:localhost/127.0.0.1:8083] Channel acquired, now 72 active connections and 229 inactive connections
15:53:24.919 [reactor-http-nio-48] DEBUG reactor.netty.http.client.HttpClientConnect - [id: 0x357960ae, L:/127.0.0.1:51912 - R:localhost/127.0.0.1:8083] Handler is being applied: {uri=http://localhost:8083/attractions, method=GET}
15:53:24.919 [reactor-http-nio-48] DEBUG reactor.netty.resources.PooledConnectionProvider - [id: 0x357960ae, L:/127.0.0.1:51912 - R:localhost/127.0.0.1:8083] onStateChange(GET{uri=/attractions, connection=PooledConnection{channel=[id: 0x357960ae, L:/127.0.0.1:51912 - R:localhost/127.0.0.1:8083]}}, [request_sent])
15:53:24.919 [reactor-http-nio-48] DEBUG reactor.netty.resources.PooledConnectionProvider - [id: 0x95b5a580, L:/127.0.0.1:51906 - R:localhost/127.0.0.1:8083] Channel acquired, now 73 active connections and 228 inactive connections
15:53:24.919 [reactor-http-nio-48] DEBUG reactor.netty.http.client.HttpClientConnect - [id: 0x95b5a580, L:/127.0.0.1:51906 - R:localhost/127.0.0.1:8083] Handler is being applied: {uri=http://localhost:8083/attractions, method=GET}
15:53:24.919 [reactor-http-nio-48] DEBUG reactor.netty.resources.PooledConnectionProvider - [id: 0x95b5a580, L:/127.0.0.1:51906 - R:localhost/127.0.0.1:8083] onStateChange(GET{uri=/attractions, connection=PooledConnection{channel=[id: 0x95b5a580, L:/127.0.0.1:51906 - R:localhost/127.0.0.1:8083]}}, [request_sent])
15:53:24.920 [pool-48-thread-73] DEBUG org.springframework.web.reactive.function.client.ExchangeFunctions - [20f11f9b] HTTP GET http://localhost:8083/userLocation?userId=26a44032-bca4-45e7-b25d-4ad733622aac
15:53:24.921 [reactor-http-nio-41] DEBUG reactor.netty.resources.PooledConnectionProvider - [id: 0x47a2f5da, L:/127.0.0.1:51723 - R:localhost/127.0.0.1:8083] Channel acquired, now 74 active connections and 227 inactive connections
15:53:24.921 [reactor-http-nio-41] DEBUG reactor.netty.http.client.HttpClientConnect - [id: 0x47a2f5da, L:/127.0.0.1:51723 - R:localhost/127.0.0.1:8083] Handler is being applied: {uri=http://localhost:8083/userLocation?userId=26a44032-bca4-45e7-b25d-4ad733622aac, method=GET}
15:53:24.922 [reactor-http-nio-41] DEBUG reactor.netty.resources.PooledConnectionProvider - [id: 0x47a2f5da, L:/127.0.0.1:51723 - R:localhost/127.0.0.1:8083] onStateChange(GET{uri=/userLocation?userId=26a44032-bca4-45e7-b25d-4ad733622aac, connection=PooledConnection{channel=[id: 0x47a2f5da, L:/127.0.0.1:51723 - R:localhost/127.0.0.1:8083]}}, [request_sent])
15:53:24.925 [pool-48-thread-75] DEBUG org.springframework.web.reactive.function.client.ExchangeFunctions - [49339f7f] HTTP GET http://localhost:8083/userLocation?userId=84a45869-0feb-46a3-819b-23b0388c9188
15:53:24.925 [pool-48-thread-74] DEBUG org.springframework.web.reactive.function.client.ExchangeFunctions - [64e0052] HTTP GET http://localhost:8083/userLocation?userId=4dd52d0f-db5a-4ff1-9906-e7e09afb6744
15:53:24.927 [reactor-http-nio-47] DEBUG reactor.netty.resources.PooledConnectionProvider - [id: 0xaeb3e815, L:/127.0.0.1:51887 - R:localhost/127.0.0.1:8083] Channel acquired, now 75 active connections and 226 inactive connections
15:53:24.927 [reactor-http-nio-47] DEBUG reactor.netty.http.client.HttpClientConnect - [id: 0xaeb3e815, L:/127.0.0.1:51887 - R:localhost/127.0.0.1:8083] Handler is being applied: {uri=http://localhost:8083/userLocation?userId=84a45869-0feb-46a3-819b-23b0388c9188, method=GET}
15:53:24.927 [reactor-http-nio-41] DEBUG reactor.netty.resources.PooledConnectionProvider - [id: 0x261624e9, L:/127.0.0.1:51718 - R:localhost/127.0.0.1:8083] Channel acquired, now 76 active connections and 225 inactive connections
15:53:24.927 [reactor-http-nio-41] DEBUG reactor.netty.http.client.HttpClientConnect - [id: 0x261624e9, L:/127.0.0.1:51718 - R:localhost/127.0.0.1:8083] Handler is being applied: {uri=http://localhost:8083/userLocation?userId=4dd52d0f-db5a-4ff1-9906-e7e09afb6744, method=GET}
15:53:24.927 [reactor-http-nio-41] DEBUG reactor.netty.resources.PooledConnectionProvider - [id: 0x261624e9, L:/127.0.0.1:51718 - R:localhost/127.0.0.1:8083] onStateChange(GET{uri=/userLocation?userId=4dd52d0f-db5a-4ff1-9906-e7e09afb6744, connection=PooledConnection{channel=[id: 0x261624e9, L:/127.0.0.1:51718 - R:localhost/127.0.0.1:8083]}}, [request_sent])
15:53:24.927 [reactor-http-nio-47] DEBUG reactor.netty.resources.PooledConnectionProvider - [id: 0xaeb3e815, L:/127.0.0.1:51887 - R:localhost/127.0.0.1:8083] onStateChange(GET{uri=/userLocation?userId=84a45869-0feb-46a3-819b-23b0388c9188, connection=PooledConnection{channel=[id: 0xaeb3e815, L:/127.0.0.1:51887 - R:localhost/127.0.0.1:8083]}}, [request_sent])
15:53:24.929 [pool-48-thread-76] DEBUG org.springframework.web.reactive.function.client.ExchangeFunctions - [3e6dc86d] HTTP GET http://localhost:8083/userLocation?userId=6ba07672-45bb-438f-a970-1dac5ab31a19
15:53:24.930 [reactor-http-nio-41] DEBUG reactor.netty.resources.PooledConnectionProvider - [id: 0x20fc71d3, L:/127.0.0.1:51915 - R:localhost/127.0.0.1:8083] Channel acquired, now 77 active connections and 224 inactive connections
15:53:24.930 [reactor-http-nio-48] DEBUG reactor.netty.http.client.HttpClientOperations - [id: 0x6c9d2faf, L:/127.0.0.1:51972 - R:localhost/127.0.0.1:8083] Received response (auto-read:false) : [Content-Type=application/json, Transfer-Encoding=chunked, Date=Wed, 15 Jun 2022 14:53:24 GMT]
15:53:24.930 [reactor-http-nio-41] DEBUG reactor.netty.http.client.HttpClientConnect - [id: 0x20fc71d3, L:/127.0.0.1:51915 - R:localhost/127.0.0.1:8083] Handler is being applied: {uri=http://localhost:8083/userLocation?userId=6ba07672-45bb-438f-a970-1dac5ab31a19, method=GET}
15:53:24.930 [reactor-http-nio-48] DEBUG reactor.netty.resources.PooledConnectionProvider - [id: 0x6c9d2faf, L:/127.0.0.1:51972 - R:localhost/127.0.0.1:8083] onStateChange(GET{uri=/attractions, connection=PooledConnection{channel=[id: 0x6c9d2faf, L:/127.0.0.1:51972 - R:localhost/127.0.0.1:8083]}}, [response_received])
15:53:24.930 [reactor-http-nio-48] DEBUG org.springframework.web.reactive.function.client.ExchangeFunctions - [33e434c8] Response 200 OK
15:53:24.930 [reactor-http-nio-48] DEBUG reactor.netty.channel.FluxReceive - [id: 0x6c9d2faf, L:/127.0.0.1:51972 - R:localhost/127.0.0.1:8083] Subscribing inbound receiver [pending: 0, cancelled:false, inboundDone: false]
15:53:24.930 [reactor-http-nio-48] DEBUG reactor.netty.http.client.HttpClientOperations - [id: 0x6c9d2faf, L:/127.0.0.1:51972 - R:localhost/127.0.0.1:8083] Received last HTTP packet
15:53:24.930 [reactor-http-nio-41] DEBUG reactor.netty.resources.PooledConnectionProvider - [id: 0x20fc71d3, L:/127.0.0.1:51915 - R:localhost/127.0.0.1:8083] onStateChange(GET{uri=/userLocation?userId=6ba07672-45bb-438f-a970-1dac5ab31a19, connection=PooledConnection{channel=[id: 0x20fc71d3, L:/127.0.0.1:51915 - R:localhost/127.0.0.1:8083]}}, [request_sent])
15:53:24.930 [reactor-http-nio-48] DEBUG org.springframework.core.codec.StringDecoder - [33e434c8] Decoded "[{"longitude":-117.922008,"latitude":33.817595,"attractionName":"Disneyland","city":"Anaheim","stat (truncated)...
15:53:24.931 [reactor-http-nio-48] DEBUG reactor.netty.resources.PooledConnectionProvider - [id: 0x6c9d2faf, L:/127.0.0.1:51972 - R:localhost/127.0.0.1:8083] onStateChange(GET{uri=/attractions, connection=PooledConnection{channel=[id: 0x6c9d2faf, L:/127.0.0.1:51972 - R:localhost/127.0.0.1:8083]}}, [disconnecting])
15:53:24.931 [reactor-http-nio-48] DEBUG reactor.netty.resources.PooledConnectionProvider - [id: 0x6c9d2faf, L:/127.0.0.1:51972 - R:localhost/127.0.0.1:8083] Releasing channel
15:53:24.931 [reactor-http-nio-48] DEBUG reactor.netty.resources.PooledConnectionProvider - [id: 0x6c9d2faf, L:/127.0.0.1:51972 - R:localhost/127.0.0.1:8083] Channel cleaned, now 76 active connections and 225 inactive connections
15:53:24.931 [Test worker] INFO tourGuide.service.TourGuideService - attraction [tourGuide.gpsUtil.Attraction@546394ed, tourGuide.gpsUtil.Attraction@664212ab, tourGuide.gpsUtil.Attraction@2693c618, tourGuide.gpsUtil.Attraction@3443e476, tourGuide.gpsUtil.Attraction@7ccfdaef, tourGuide.gpsUtil.Attraction@a6e4897, tourGuide.gpsUtil.Attraction@32f5ecc4, tourGuide.gpsUtil.Attraction@19bedeb8, tourGuide.gpsUtil.Attraction@1ba467c2, tourGuide.gpsUtil.Attraction@63f6bed1, tourGuide.gpsUtil.Attraction@7ef8eda7, tourGuide.gpsUtil.Attraction@115ca7de, tourGuide.gpsUtil.Attraction@29fe4840, tourGuide.gpsUtil.Attraction@7f287b98, tourGuide.gpsUtil.Attraction@4684240f, tourGuide.gpsUtil.Attraction@32120956, tourGuide.gpsUtil.Attraction@6975fb1c, tourGuide.gpsUtil.Attraction@553da911, tourGuide.gpsUtil.Attraction@327e5be5, tourGuide.gpsUtil.Attraction@1084ac45, tourGuide.gpsUtil.Attraction@566f1852, tourGuide.gpsUtil.Attraction@6ea246af, tourGuide.gpsUtil.Attraction@2e4389ed, tourGuide.gpsUtil.Attraction@1b90fee4, tourGuide.gpsUtil.Attraction@3513c84c, tourGuide.gpsUtil.Attraction@4978777f]
]]></system-out>
  <system-err><![CDATA[]]></system-err>
</testsuite>
